<?xml version="1.0" encoding="UTF-8"?>
<testsuite name="de.uka.ilkd.key.proof.runallproofs.RunAllProofsFunctional" tests="47" skipped="0" failures="47" errors="0" timestamp="2023-02-06T17:41:09" hostname="fv-az400-757" time="60.832">
  <properties/>
  <testcase name="newBook" classname="de.uka.ilkd.key.proof.runallproofs.RunAllProofsFunctional" time="1.325">
    <failure message="org.opentest4j.AssertionFailedError: Executed process terminated with non-zero exit value. ==&gt; expected: &lt;0&gt; but was: &lt;1&gt;" type="org.opentest4j.AssertionFailedError">org.opentest4j.AssertionFailedError: Executed process terminated with non-zero exit value. ==&gt; expected: &lt;0&gt; but was: &lt;1&gt;
	at app//org.junit.jupiter.api.AssertionUtils.fail(AssertionUtils.java:55)
	at app//org.junit.jupiter.api.AssertionUtils.failNotEqual(AssertionUtils.java:62)
	at app//org.junit.jupiter.api.AssertEquals.assertEquals(AssertEquals.java:150)
	at app//org.junit.jupiter.api.Assertions.assertEquals(Assertions.java:559)
	at app//de.uka.ilkd.key.proof.runallproofs.proofcollection.ForkedTestFileRunner.processTestFiles(ForkedTestFileRunner.java:129)
	at app//de.uka.ilkd.key.proof.runallproofs.RunAllProofsTestUnit.runTest(RunAllProofsTestUnit.java:85)
	at app//de.uka.ilkd.key.proof.runallproofs.RunAllProofsTest.lambda$data$0(RunAllProofsTest.java:83)
	at app//org.junit.jupiter.engine.descriptor.DynamicTestTestDescriptor.lambda$execute$0(DynamicTestTestDescriptor.java:53)
	at app//org.junit.jupiter.engine.execution.InvocationInterceptorChain$ValidatingInvocation.proceed(InvocationInterceptorChain.java:131)
	at app//org.junit.jupiter.api.extension.InvocationInterceptor.interceptDynamicTest(InvocationInterceptor.java:167)
	at app//org.junit.jupiter.api.extension.InvocationInterceptor.interceptDynamicTest(InvocationInterceptor.java:184)
	at app//org.junit.jupiter.engine.descriptor.DynamicTestTestDescriptor.lambda$execute$1(DynamicTestTestDescriptor.java:61)
	at app//org.junit.jupiter.engine.execution.InvocationInterceptorChain$InterceptorCall.lambda$ofVoid$0(InvocationInterceptorChain.java:78)
	at app//org.junit.jupiter.engine.execution.InvocationInterceptorChain$InterceptedInvocation.proceed(InvocationInterceptorChain.java:106)
	at app//org.junit.jupiter.engine.execution.InvocationInterceptorChain.proceed(InvocationInterceptorChain.java:64)
	at app//org.junit.jupiter.engine.execution.InvocationInterceptorChain.chainAndInvoke(InvocationInterceptorChain.java:45)
	at app//org.junit.jupiter.engine.execution.InvocationInterceptorChain.invoke(InvocationInterceptorChain.java:37)
	at app//org.junit.jupiter.engine.descriptor.DynamicTestTestDescriptor.execute(DynamicTestTestDescriptor.java:60)
	at app//org.junit.jupiter.engine.descriptor.DynamicTestTestDescriptor.execute(DynamicTestTestDescriptor.java:32)
	at app//org.junit.platform.engine.support.hierarchical.NodeTestTask.lambda$executeRecursively$6(NodeTestTask.java:151)
	at app//org.junit.platform.engine.support.hierarchical.ThrowableCollector.execute(ThrowableCollector.java:73)
	at app//org.junit.platform.engine.support.hierarchical.NodeTestTask.lambda$executeRecursively$8(NodeTestTask.java:141)
	at app//org.junit.platform.engine.support.hierarchical.Node.around(Node.java:137)
	at app//org.junit.platform.engine.support.hierarchical.NodeTestTask.lambda$executeRecursively$9(NodeTestTask.java:139)
	at app//org.junit.platform.engine.support.hierarchical.ThrowableCollector.execute(ThrowableCollector.java:73)
	at app//org.junit.platform.engine.support.hierarchical.NodeTestTask.executeRecursively(NodeTestTask.java:138)
	at app//org.junit.platform.engine.support.hierarchical.NodeTestTask.execute(NodeTestTask.java:95)
	at app//org.junit.platform.engine.support.hierarchical.SameThreadHierarchicalTestExecutorService.submit(SameThreadHierarchicalTestExecutorService.java:35)
	at app//org.junit.platform.engine.support.hierarchical.NodeTestTask$DefaultDynamicTestExecutor.execute(NodeTestTask.java:226)
	at app//org.junit.platform.engine.support.hierarchical.NodeTestTask$DefaultDynamicTestExecutor.execute(NodeTestTask.java:204)
	at java.base@11.0.18/java.util.Optional.ifPresent(Optional.java:183)
	at app//org.junit.jupiter.engine.descriptor.TestFactoryTestDescriptor.lambda$invokeTestMethod$1(TestFactoryTestDescriptor.java:108)
	at app//org.junit.platform.engine.support.hierarchical.ThrowableCollector.execute(ThrowableCollector.java:73)
	at app//org.junit.jupiter.engine.descriptor.TestFactoryTestDescriptor.invokeTestMethod(TestFactoryTestDescriptor.java:95)
	at app//org.junit.jupiter.engine.descriptor.TestMethodTestDescriptor.execute(TestMethodTestDescriptor.java:135)
	at app//org.junit.jupiter.engine.descriptor.TestMethodTestDescriptor.execute(TestMethodTestDescriptor.java:66)
	at app//org.junit.platform.engine.support.hierarchical.NodeTestTask.lambda$executeRecursively$6(NodeTestTask.java:151)
	at app//org.junit.platform.engine.support.hierarchical.ThrowableCollector.execute(ThrowableCollector.java:73)
	at app//org.junit.platform.engine.support.hierarchical.NodeTestTask.lambda$executeRecursively$8(NodeTestTask.java:141)
	at app//org.junit.platform.engine.support.hierarchical.Node.around(Node.java:137)
	at app//org.junit.platform.engine.support.hierarchical.NodeTestTask.lambda$executeRecursively$9(NodeTestTask.java:139)
	at app//org.junit.platform.engine.support.hierarchical.ThrowableCollector.execute(ThrowableCollector.java:73)
	at app//org.junit.platform.engine.support.hierarchical.NodeTestTask.executeRecursively(NodeTestTask.java:138)
	at app//org.junit.platform.engine.support.hierarchical.NodeTestTask.execute(NodeTestTask.java:95)
	at java.base@11.0.18/java.util.ArrayList.forEach(ArrayList.java:1541)
	at app//org.junit.platform.engine.support.hierarchical.SameThreadHierarchicalTestExecutorService.invokeAll(SameThreadHierarchicalTestExecutorService.java:41)
	at app//org.junit.platform.engine.support.hierarchical.NodeTestTask.lambda$executeRecursively$6(NodeTestTask.java:155)
	at app//org.junit.platform.engine.support.hierarchical.ThrowableCollector.execute(ThrowableCollector.java:73)
	at app//org.junit.platform.engine.support.hierarchical.NodeTestTask.lambda$executeRecursively$8(NodeTestTask.java:141)
	at app//org.junit.platform.engine.support.hierarchical.Node.around(Node.java:137)
	at app//org.junit.platform.engine.support.hierarchical.NodeTestTask.lambda$executeRecursively$9(NodeTestTask.java:139)
	at app//org.junit.platform.engine.support.hierarchical.ThrowableCollector.execute(ThrowableCollector.java:73)
	at app//org.junit.platform.engine.support.hierarchical.NodeTestTask.executeRecursively(NodeTestTask.java:138)
	at app//org.junit.platform.engine.support.hierarchical.NodeTestTask.execute(NodeTestTask.java:95)
	at java.base@11.0.18/java.util.ArrayList.forEach(ArrayList.java:1541)
	at app//org.junit.platform.engine.support.hierarchical.SameThreadHierarchicalTestExecutorService.invokeAll(SameThreadHierarchicalTestExecutorService.java:41)
	at app//org.junit.platform.engine.support.hierarchical.NodeTestTask.lambda$executeRecursively$6(NodeTestTask.java:155)
	at app//org.junit.platform.engine.support.hierarchical.ThrowableCollector.execute(ThrowableCollector.java:73)
	at app//org.junit.platform.engine.support.hierarchical.NodeTestTask.lambda$executeRecursively$8(NodeTestTask.java:141)
	at app//org.junit.platform.engine.support.hierarchical.Node.around(Node.java:137)
	at app//org.junit.platform.engine.support.hierarchical.NodeTestTask.lambda$executeRecursively$9(NodeTestTask.java:139)
	at app//org.junit.platform.engine.support.hierarchical.ThrowableCollector.execute(ThrowableCollector.java:73)
	at app//org.junit.platform.engine.support.hierarchical.NodeTestTask.executeRecursively(NodeTestTask.java:138)
	at app//org.junit.platform.engine.support.hierarchical.NodeTestTask.execute(NodeTestTask.java:95)
	at app//org.junit.platform.engine.support.hierarchical.SameThreadHierarchicalTestExecutorService.submit(SameThreadHierarchicalTestExecutorService.java:35)
	at app//org.junit.platform.engine.support.hierarchical.HierarchicalTestExecutor.execute(HierarchicalTestExecutor.java:57)
	at app//org.junit.platform.engine.support.hierarchical.HierarchicalTestEngine.execute(HierarchicalTestEngine.java:54)
	at org.junit.platform.launcher.core.EngineExecutionOrchestrator.execute(EngineExecutionOrchestrator.java:107)
	at org.junit.platform.launcher.core.EngineExecutionOrchestrator.execute(EngineExecutionOrchestrator.java:88)
	at org.junit.platform.launcher.core.EngineExecutionOrchestrator.lambda$execute$0(EngineExecutionOrchestrator.java:54)
	at org.junit.platform.launcher.core.EngineExecutionOrchestrator.withInterceptedStreams(EngineExecutionOrchestrator.java:67)
	at org.junit.platform.launcher.core.EngineExecutionOrchestrator.execute(EngineExecutionOrchestrator.java:52)
	at org.junit.platform.launcher.core.DefaultLauncher.execute(DefaultLauncher.java:114)
	at org.junit.platform.launcher.core.DefaultLauncher.execute(DefaultLauncher.java:86)
	at org.junit.platform.launcher.core.DefaultLauncherSession$DelegatingLauncher.execute(DefaultLauncherSession.java:86)
	at org.junit.platform.launcher.core.SessionPerRequestLauncher.execute(SessionPerRequestLauncher.java:53)
	at org.gradle.api.internal.tasks.testing.junitplatform.JUnitPlatformTestClassProcessor$CollectAllTestClassesExecutor.processAllTestClasses(JUnitPlatformTestClassProcessor.java:99)
	at org.gradle.api.internal.tasks.testing.junitplatform.JUnitPlatformTestClassProcessor$CollectAllTestClassesExecutor.access$000(JUnitPlatformTestClassProcessor.java:79)
	at org.gradle.api.internal.tasks.testing.junitplatform.JUnitPlatformTestClassProcessor.stop(JUnitPlatformTestClassProcessor.java:75)
	at org.gradle.api.internal.tasks.testing.SuiteTestClassProcessor.stop(SuiteTestClassProcessor.java:62)
	at java.base@11.0.18/jdk.internal.reflect.NativeMethodAccessorImpl.invoke0(Native Method)
	at java.base@11.0.18/jdk.internal.reflect.NativeMethodAccessorImpl.invoke(NativeMethodAccessorImpl.java:62)
	at java.base@11.0.18/jdk.internal.reflect.DelegatingMethodAccessorImpl.invoke(DelegatingMethodAccessorImpl.java:43)
	at java.base@11.0.18/java.lang.reflect.Method.invoke(Method.java:566)
	at org.gradle.internal.dispatch.ReflectionDispatch.dispatch(ReflectionDispatch.java:36)
	at org.gradle.internal.dispatch.ReflectionDispatch.dispatch(ReflectionDispatch.java:24)
	at org.gradle.internal.dispatch.ContextClassLoaderDispatch.dispatch(ContextClassLoaderDispatch.java:33)
	at org.gradle.internal.dispatch.ProxyDispatchAdapter$DispatchingInvocationHandler.invoke(ProxyDispatchAdapter.java:94)
	at com.sun.proxy.$Proxy2.stop(Unknown Source)
	at org.gradle.api.internal.tasks.testing.worker.TestWorker$3.run(TestWorker.java:193)
	at org.gradle.api.internal.tasks.testing.worker.TestWorker.executeAndMaintainThreadName(TestWorker.java:129)
	at org.gradle.api.internal.tasks.testing.worker.TestWorker.execute(TestWorker.java:100)
	at org.gradle.api.internal.tasks.testing.worker.TestWorker.execute(TestWorker.java:60)
	at org.gradle.process.internal.worker.child.ActionExecutionWorker.execute(ActionExecutionWorker.java:56)
	at org.gradle.process.internal.worker.child.SystemApplicationClassLoaderWorker.call(SystemApplicationClassLoaderWorker.java:113)
	at org.gradle.process.internal.worker.child.SystemApplicationClassLoaderWorker.call(SystemApplicationClassLoaderWorker.java:65)
	at app//worker.org.gradle.process.internal.worker.GradleWorkerMain.run(GradleWorkerMain.java:69)
	at app//worker.org.gradle.process.internal.worker.GradleWorkerMain.main(GradleWorkerMain.java:74)
</failure>
  </testcase>
  <testcase name="oldBook" classname="de.uka.ilkd.key.proof.runallproofs.RunAllProofsFunctional" time="1.219">
    <failure message="org.opentest4j.AssertionFailedError: Executed process terminated with non-zero exit value. ==&gt; expected: &lt;0&gt; but was: &lt;1&gt;" type="org.opentest4j.AssertionFailedError">org.opentest4j.AssertionFailedError: Executed process terminated with non-zero exit value. ==&gt; expected: &lt;0&gt; but was: &lt;1&gt;
	at app//org.junit.jupiter.api.AssertionUtils.fail(AssertionUtils.java:55)
	at app//org.junit.jupiter.api.AssertionUtils.failNotEqual(AssertionUtils.java:62)
	at app//org.junit.jupiter.api.AssertEquals.assertEquals(AssertEquals.java:150)
	at app//org.junit.jupiter.api.Assertions.assertEquals(Assertions.java:559)
	at app//de.uka.ilkd.key.proof.runallproofs.proofcollection.ForkedTestFileRunner.processTestFiles(ForkedTestFileRunner.java:129)
	at app//de.uka.ilkd.key.proof.runallproofs.RunAllProofsTestUnit.runTest(RunAllProofsTestUnit.java:85)
	at app//de.uka.ilkd.key.proof.runallproofs.RunAllProofsTest.lambda$data$0(RunAllProofsTest.java:83)
	at app//org.junit.jupiter.engine.descriptor.DynamicTestTestDescriptor.lambda$execute$0(DynamicTestTestDescriptor.java:53)
	at app//org.junit.jupiter.engine.execution.InvocationInterceptorChain$ValidatingInvocation.proceed(InvocationInterceptorChain.java:131)
	at app//org.junit.jupiter.api.extension.InvocationInterceptor.interceptDynamicTest(InvocationInterceptor.java:167)
	at app//org.junit.jupiter.api.extension.InvocationInterceptor.interceptDynamicTest(InvocationInterceptor.java:184)
	at app//org.junit.jupiter.engine.descriptor.DynamicTestTestDescriptor.lambda$execute$1(DynamicTestTestDescriptor.java:61)
	at app//org.junit.jupiter.engine.execution.InvocationInterceptorChain$InterceptorCall.lambda$ofVoid$0(InvocationInterceptorChain.java:78)
	at app//org.junit.jupiter.engine.execution.InvocationInterceptorChain$InterceptedInvocation.proceed(InvocationInterceptorChain.java:106)
	at app//org.junit.jupiter.engine.execution.InvocationInterceptorChain.proceed(InvocationInterceptorChain.java:64)
	at app//org.junit.jupiter.engine.execution.InvocationInterceptorChain.chainAndInvoke(InvocationInterceptorChain.java:45)
	at app//org.junit.jupiter.engine.execution.InvocationInterceptorChain.invoke(InvocationInterceptorChain.java:37)
	at app//org.junit.jupiter.engine.descriptor.DynamicTestTestDescriptor.execute(DynamicTestTestDescriptor.java:60)
	at app//org.junit.jupiter.engine.descriptor.DynamicTestTestDescriptor.execute(DynamicTestTestDescriptor.java:32)
	at app//org.junit.platform.engine.support.hierarchical.NodeTestTask.lambda$executeRecursively$6(NodeTestTask.java:151)
	at app//org.junit.platform.engine.support.hierarchical.ThrowableCollector.execute(ThrowableCollector.java:73)
	at app//org.junit.platform.engine.support.hierarchical.NodeTestTask.lambda$executeRecursively$8(NodeTestTask.java:141)
	at app//org.junit.platform.engine.support.hierarchical.Node.around(Node.java:137)
	at app//org.junit.platform.engine.support.hierarchical.NodeTestTask.lambda$executeRecursively$9(NodeTestTask.java:139)
	at app//org.junit.platform.engine.support.hierarchical.ThrowableCollector.execute(ThrowableCollector.java:73)
	at app//org.junit.platform.engine.support.hierarchical.NodeTestTask.executeRecursively(NodeTestTask.java:138)
	at app//org.junit.platform.engine.support.hierarchical.NodeTestTask.execute(NodeTestTask.java:95)
	at app//org.junit.platform.engine.support.hierarchical.SameThreadHierarchicalTestExecutorService.submit(SameThreadHierarchicalTestExecutorService.java:35)
	at app//org.junit.platform.engine.support.hierarchical.NodeTestTask$DefaultDynamicTestExecutor.execute(NodeTestTask.java:226)
	at app//org.junit.platform.engine.support.hierarchical.NodeTestTask$DefaultDynamicTestExecutor.execute(NodeTestTask.java:204)
	at java.base@11.0.18/java.util.Optional.ifPresent(Optional.java:183)
	at app//org.junit.jupiter.engine.descriptor.TestFactoryTestDescriptor.lambda$invokeTestMethod$1(TestFactoryTestDescriptor.java:108)
	at app//org.junit.platform.engine.support.hierarchical.ThrowableCollector.execute(ThrowableCollector.java:73)
	at app//org.junit.jupiter.engine.descriptor.TestFactoryTestDescriptor.invokeTestMethod(TestFactoryTestDescriptor.java:95)
	at app//org.junit.jupiter.engine.descriptor.TestMethodTestDescriptor.execute(TestMethodTestDescriptor.java:135)
	at app//org.junit.jupiter.engine.descriptor.TestMethodTestDescriptor.execute(TestMethodTestDescriptor.java:66)
	at app//org.junit.platform.engine.support.hierarchical.NodeTestTask.lambda$executeRecursively$6(NodeTestTask.java:151)
	at app//org.junit.platform.engine.support.hierarchical.ThrowableCollector.execute(ThrowableCollector.java:73)
	at app//org.junit.platform.engine.support.hierarchical.NodeTestTask.lambda$executeRecursively$8(NodeTestTask.java:141)
	at app//org.junit.platform.engine.support.hierarchical.Node.around(Node.java:137)
	at app//org.junit.platform.engine.support.hierarchical.NodeTestTask.lambda$executeRecursively$9(NodeTestTask.java:139)
	at app//org.junit.platform.engine.support.hierarchical.ThrowableCollector.execute(ThrowableCollector.java:73)
	at app//org.junit.platform.engine.support.hierarchical.NodeTestTask.executeRecursively(NodeTestTask.java:138)
	at app//org.junit.platform.engine.support.hierarchical.NodeTestTask.execute(NodeTestTask.java:95)
	at java.base@11.0.18/java.util.ArrayList.forEach(ArrayList.java:1541)
	at app//org.junit.platform.engine.support.hierarchical.SameThreadHierarchicalTestExecutorService.invokeAll(SameThreadHierarchicalTestExecutorService.java:41)
	at app//org.junit.platform.engine.support.hierarchical.NodeTestTask.lambda$executeRecursively$6(NodeTestTask.java:155)
	at app//org.junit.platform.engine.support.hierarchical.ThrowableCollector.execute(ThrowableCollector.java:73)
	at app//org.junit.platform.engine.support.hierarchical.NodeTestTask.lambda$executeRecursively$8(NodeTestTask.java:141)
	at app//org.junit.platform.engine.support.hierarchical.Node.around(Node.java:137)
	at app//org.junit.platform.engine.support.hierarchical.NodeTestTask.lambda$executeRecursively$9(NodeTestTask.java:139)
	at app//org.junit.platform.engine.support.hierarchical.ThrowableCollector.execute(ThrowableCollector.java:73)
	at app//org.junit.platform.engine.support.hierarchical.NodeTestTask.executeRecursively(NodeTestTask.java:138)
	at app//org.junit.platform.engine.support.hierarchical.NodeTestTask.execute(NodeTestTask.java:95)
	at java.base@11.0.18/java.util.ArrayList.forEach(ArrayList.java:1541)
	at app//org.junit.platform.engine.support.hierarchical.SameThreadHierarchicalTestExecutorService.invokeAll(SameThreadHierarchicalTestExecutorService.java:41)
	at app//org.junit.platform.engine.support.hierarchical.NodeTestTask.lambda$executeRecursively$6(NodeTestTask.java:155)
	at app//org.junit.platform.engine.support.hierarchical.ThrowableCollector.execute(ThrowableCollector.java:73)
	at app//org.junit.platform.engine.support.hierarchical.NodeTestTask.lambda$executeRecursively$8(NodeTestTask.java:141)
	at app//org.junit.platform.engine.support.hierarchical.Node.around(Node.java:137)
	at app//org.junit.platform.engine.support.hierarchical.NodeTestTask.lambda$executeRecursively$9(NodeTestTask.java:139)
	at app//org.junit.platform.engine.support.hierarchical.ThrowableCollector.execute(ThrowableCollector.java:73)
	at app//org.junit.platform.engine.support.hierarchical.NodeTestTask.executeRecursively(NodeTestTask.java:138)
	at app//org.junit.platform.engine.support.hierarchical.NodeTestTask.execute(NodeTestTask.java:95)
	at app//org.junit.platform.engine.support.hierarchical.SameThreadHierarchicalTestExecutorService.submit(SameThreadHierarchicalTestExecutorService.java:35)
	at app//org.junit.platform.engine.support.hierarchical.HierarchicalTestExecutor.execute(HierarchicalTestExecutor.java:57)
	at app//org.junit.platform.engine.support.hierarchical.HierarchicalTestEngine.execute(HierarchicalTestEngine.java:54)
	at org.junit.platform.launcher.core.EngineExecutionOrchestrator.execute(EngineExecutionOrchestrator.java:107)
	at org.junit.platform.launcher.core.EngineExecutionOrchestrator.execute(EngineExecutionOrchestrator.java:88)
	at org.junit.platform.launcher.core.EngineExecutionOrchestrator.lambda$execute$0(EngineExecutionOrchestrator.java:54)
	at org.junit.platform.launcher.core.EngineExecutionOrchestrator.withInterceptedStreams(EngineExecutionOrchestrator.java:67)
	at org.junit.platform.launcher.core.EngineExecutionOrchestrator.execute(EngineExecutionOrchestrator.java:52)
	at org.junit.platform.launcher.core.DefaultLauncher.execute(DefaultLauncher.java:114)
	at org.junit.platform.launcher.core.DefaultLauncher.execute(DefaultLauncher.java:86)
	at org.junit.platform.launcher.core.DefaultLauncherSession$DelegatingLauncher.execute(DefaultLauncherSession.java:86)
	at org.junit.platform.launcher.core.SessionPerRequestLauncher.execute(SessionPerRequestLauncher.java:53)
	at org.gradle.api.internal.tasks.testing.junitplatform.JUnitPlatformTestClassProcessor$CollectAllTestClassesExecutor.processAllTestClasses(JUnitPlatformTestClassProcessor.java:99)
	at org.gradle.api.internal.tasks.testing.junitplatform.JUnitPlatformTestClassProcessor$CollectAllTestClassesExecutor.access$000(JUnitPlatformTestClassProcessor.java:79)
	at org.gradle.api.internal.tasks.testing.junitplatform.JUnitPlatformTestClassProcessor.stop(JUnitPlatformTestClassProcessor.java:75)
	at org.gradle.api.internal.tasks.testing.SuiteTestClassProcessor.stop(SuiteTestClassProcessor.java:62)
	at java.base@11.0.18/jdk.internal.reflect.NativeMethodAccessorImpl.invoke0(Native Method)
	at java.base@11.0.18/jdk.internal.reflect.NativeMethodAccessorImpl.invoke(NativeMethodAccessorImpl.java:62)
	at java.base@11.0.18/jdk.internal.reflect.DelegatingMethodAccessorImpl.invoke(DelegatingMethodAccessorImpl.java:43)
	at java.base@11.0.18/java.lang.reflect.Method.invoke(Method.java:566)
	at org.gradle.internal.dispatch.ReflectionDispatch.dispatch(ReflectionDispatch.java:36)
	at org.gradle.internal.dispatch.ReflectionDispatch.dispatch(ReflectionDispatch.java:24)
	at org.gradle.internal.dispatch.ContextClassLoaderDispatch.dispatch(ContextClassLoaderDispatch.java:33)
	at org.gradle.internal.dispatch.ProxyDispatchAdapter$DispatchingInvocationHandler.invoke(ProxyDispatchAdapter.java:94)
	at com.sun.proxy.$Proxy2.stop(Unknown Source)
	at org.gradle.api.internal.tasks.testing.worker.TestWorker$3.run(TestWorker.java:193)
	at org.gradle.api.internal.tasks.testing.worker.TestWorker.executeAndMaintainThreadName(TestWorker.java:129)
	at org.gradle.api.internal.tasks.testing.worker.TestWorker.execute(TestWorker.java:100)
	at org.gradle.api.internal.tasks.testing.worker.TestWorker.execute(TestWorker.java:60)
	at org.gradle.process.internal.worker.child.ActionExecutionWorker.execute(ActionExecutionWorker.java:56)
	at org.gradle.process.internal.worker.child.SystemApplicationClassLoaderWorker.call(SystemApplicationClassLoaderWorker.java:113)
	at org.gradle.process.internal.worker.child.SystemApplicationClassLoaderWorker.call(SystemApplicationClassLoaderWorker.java:65)
	at app//worker.org.gradle.process.internal.worker.GradleWorkerMain.run(GradleWorkerMain.java:69)
	at app//worker.org.gradle.process.internal.worker.GradleWorkerMain.main(GradleWorkerMain.java:74)
</failure>
  </testcase>
  <testcase name="comprehensions" classname="de.uka.ilkd.key.proof.runallproofs.RunAllProofsFunctional" time="1.438">
    <failure message="org.opentest4j.AssertionFailedError: Executed process terminated with non-zero exit value. ==&gt; expected: &lt;0&gt; but was: &lt;1&gt;" type="org.opentest4j.AssertionFailedError">org.opentest4j.AssertionFailedError: Executed process terminated with non-zero exit value. ==&gt; expected: &lt;0&gt; but was: &lt;1&gt;
	at app//org.junit.jupiter.api.AssertionUtils.fail(AssertionUtils.java:55)
	at app//org.junit.jupiter.api.AssertionUtils.failNotEqual(AssertionUtils.java:62)
	at app//org.junit.jupiter.api.AssertEquals.assertEquals(AssertEquals.java:150)
	at app//org.junit.jupiter.api.Assertions.assertEquals(Assertions.java:559)
	at app//de.uka.ilkd.key.proof.runallproofs.proofcollection.ForkedTestFileRunner.processTestFiles(ForkedTestFileRunner.java:129)
	at app//de.uka.ilkd.key.proof.runallproofs.RunAllProofsTestUnit.runTest(RunAllProofsTestUnit.java:85)
	at app//de.uka.ilkd.key.proof.runallproofs.RunAllProofsTest.lambda$data$0(RunAllProofsTest.java:83)
	at app//org.junit.jupiter.engine.descriptor.DynamicTestTestDescriptor.lambda$execute$0(DynamicTestTestDescriptor.java:53)
	at app//org.junit.jupiter.engine.execution.InvocationInterceptorChain$ValidatingInvocation.proceed(InvocationInterceptorChain.java:131)
	at app//org.junit.jupiter.api.extension.InvocationInterceptor.interceptDynamicTest(InvocationInterceptor.java:167)
	at app//org.junit.jupiter.api.extension.InvocationInterceptor.interceptDynamicTest(InvocationInterceptor.java:184)
	at app//org.junit.jupiter.engine.descriptor.DynamicTestTestDescriptor.lambda$execute$1(DynamicTestTestDescriptor.java:61)
	at app//org.junit.jupiter.engine.execution.InvocationInterceptorChain$InterceptorCall.lambda$ofVoid$0(InvocationInterceptorChain.java:78)
	at app//org.junit.jupiter.engine.execution.InvocationInterceptorChain$InterceptedInvocation.proceed(InvocationInterceptorChain.java:106)
	at app//org.junit.jupiter.engine.execution.InvocationInterceptorChain.proceed(InvocationInterceptorChain.java:64)
	at app//org.junit.jupiter.engine.execution.InvocationInterceptorChain.chainAndInvoke(InvocationInterceptorChain.java:45)
	at app//org.junit.jupiter.engine.execution.InvocationInterceptorChain.invoke(InvocationInterceptorChain.java:37)
	at app//org.junit.jupiter.engine.descriptor.DynamicTestTestDescriptor.execute(DynamicTestTestDescriptor.java:60)
	at app//org.junit.jupiter.engine.descriptor.DynamicTestTestDescriptor.execute(DynamicTestTestDescriptor.java:32)
	at app//org.junit.platform.engine.support.hierarchical.NodeTestTask.lambda$executeRecursively$6(NodeTestTask.java:151)
	at app//org.junit.platform.engine.support.hierarchical.ThrowableCollector.execute(ThrowableCollector.java:73)
	at app//org.junit.platform.engine.support.hierarchical.NodeTestTask.lambda$executeRecursively$8(NodeTestTask.java:141)
	at app//org.junit.platform.engine.support.hierarchical.Node.around(Node.java:137)
	at app//org.junit.platform.engine.support.hierarchical.NodeTestTask.lambda$executeRecursively$9(NodeTestTask.java:139)
	at app//org.junit.platform.engine.support.hierarchical.ThrowableCollector.execute(ThrowableCollector.java:73)
	at app//org.junit.platform.engine.support.hierarchical.NodeTestTask.executeRecursively(NodeTestTask.java:138)
	at app//org.junit.platform.engine.support.hierarchical.NodeTestTask.execute(NodeTestTask.java:95)
	at app//org.junit.platform.engine.support.hierarchical.SameThreadHierarchicalTestExecutorService.submit(SameThreadHierarchicalTestExecutorService.java:35)
	at app//org.junit.platform.engine.support.hierarchical.NodeTestTask$DefaultDynamicTestExecutor.execute(NodeTestTask.java:226)
	at app//org.junit.platform.engine.support.hierarchical.NodeTestTask$DefaultDynamicTestExecutor.execute(NodeTestTask.java:204)
	at java.base@11.0.18/java.util.Optional.ifPresent(Optional.java:183)
	at app//org.junit.jupiter.engine.descriptor.TestFactoryTestDescriptor.lambda$invokeTestMethod$1(TestFactoryTestDescriptor.java:108)
	at app//org.junit.platform.engine.support.hierarchical.ThrowableCollector.execute(ThrowableCollector.java:73)
	at app//org.junit.jupiter.engine.descriptor.TestFactoryTestDescriptor.invokeTestMethod(TestFactoryTestDescriptor.java:95)
	at app//org.junit.jupiter.engine.descriptor.TestMethodTestDescriptor.execute(TestMethodTestDescriptor.java:135)
	at app//org.junit.jupiter.engine.descriptor.TestMethodTestDescriptor.execute(TestMethodTestDescriptor.java:66)
	at app//org.junit.platform.engine.support.hierarchical.NodeTestTask.lambda$executeRecursively$6(NodeTestTask.java:151)
	at app//org.junit.platform.engine.support.hierarchical.ThrowableCollector.execute(ThrowableCollector.java:73)
	at app//org.junit.platform.engine.support.hierarchical.NodeTestTask.lambda$executeRecursively$8(NodeTestTask.java:141)
	at app//org.junit.platform.engine.support.hierarchical.Node.around(Node.java:137)
	at app//org.junit.platform.engine.support.hierarchical.NodeTestTask.lambda$executeRecursively$9(NodeTestTask.java:139)
	at app//org.junit.platform.engine.support.hierarchical.ThrowableCollector.execute(ThrowableCollector.java:73)
	at app//org.junit.platform.engine.support.hierarchical.NodeTestTask.executeRecursively(NodeTestTask.java:138)
	at app//org.junit.platform.engine.support.hierarchical.NodeTestTask.execute(NodeTestTask.java:95)
	at java.base@11.0.18/java.util.ArrayList.forEach(ArrayList.java:1541)
	at app//org.junit.platform.engine.support.hierarchical.SameThreadHierarchicalTestExecutorService.invokeAll(SameThreadHierarchicalTestExecutorService.java:41)
	at app//org.junit.platform.engine.support.hierarchical.NodeTestTask.lambda$executeRecursively$6(NodeTestTask.java:155)
	at app//org.junit.platform.engine.support.hierarchical.ThrowableCollector.execute(ThrowableCollector.java:73)
	at app//org.junit.platform.engine.support.hierarchical.NodeTestTask.lambda$executeRecursively$8(NodeTestTask.java:141)
	at app//org.junit.platform.engine.support.hierarchical.Node.around(Node.java:137)
	at app//org.junit.platform.engine.support.hierarchical.NodeTestTask.lambda$executeRecursively$9(NodeTestTask.java:139)
	at app//org.junit.platform.engine.support.hierarchical.ThrowableCollector.execute(ThrowableCollector.java:73)
	at app//org.junit.platform.engine.support.hierarchical.NodeTestTask.executeRecursively(NodeTestTask.java:138)
	at app//org.junit.platform.engine.support.hierarchical.NodeTestTask.execute(NodeTestTask.java:95)
	at java.base@11.0.18/java.util.ArrayList.forEach(ArrayList.java:1541)
	at app//org.junit.platform.engine.support.hierarchical.SameThreadHierarchicalTestExecutorService.invokeAll(SameThreadHierarchicalTestExecutorService.java:41)
	at app//org.junit.platform.engine.support.hierarchical.NodeTestTask.lambda$executeRecursively$6(NodeTestTask.java:155)
	at app//org.junit.platform.engine.support.hierarchical.ThrowableCollector.execute(ThrowableCollector.java:73)
	at app//org.junit.platform.engine.support.hierarchical.NodeTestTask.lambda$executeRecursively$8(NodeTestTask.java:141)
	at app//org.junit.platform.engine.support.hierarchical.Node.around(Node.java:137)
	at app//org.junit.platform.engine.support.hierarchical.NodeTestTask.lambda$executeRecursively$9(NodeTestTask.java:139)
	at app//org.junit.platform.engine.support.hierarchical.ThrowableCollector.execute(ThrowableCollector.java:73)
	at app//org.junit.platform.engine.support.hierarchical.NodeTestTask.executeRecursively(NodeTestTask.java:138)
	at app//org.junit.platform.engine.support.hierarchical.NodeTestTask.execute(NodeTestTask.java:95)
	at app//org.junit.platform.engine.support.hierarchical.SameThreadHierarchicalTestExecutorService.submit(SameThreadHierarchicalTestExecutorService.java:35)
	at app//org.junit.platform.engine.support.hierarchical.HierarchicalTestExecutor.execute(HierarchicalTestExecutor.java:57)
	at app//org.junit.platform.engine.support.hierarchical.HierarchicalTestEngine.execute(HierarchicalTestEngine.java:54)
	at org.junit.platform.launcher.core.EngineExecutionOrchestrator.execute(EngineExecutionOrchestrator.java:107)
	at org.junit.platform.launcher.core.EngineExecutionOrchestrator.execute(EngineExecutionOrchestrator.java:88)
	at org.junit.platform.launcher.core.EngineExecutionOrchestrator.lambda$execute$0(EngineExecutionOrchestrator.java:54)
	at org.junit.platform.launcher.core.EngineExecutionOrchestrator.withInterceptedStreams(EngineExecutionOrchestrator.java:67)
	at org.junit.platform.launcher.core.EngineExecutionOrchestrator.execute(EngineExecutionOrchestrator.java:52)
	at org.junit.platform.launcher.core.DefaultLauncher.execute(DefaultLauncher.java:114)
	at org.junit.platform.launcher.core.DefaultLauncher.execute(DefaultLauncher.java:86)
	at org.junit.platform.launcher.core.DefaultLauncherSession$DelegatingLauncher.execute(DefaultLauncherSession.java:86)
	at org.junit.platform.launcher.core.SessionPerRequestLauncher.execute(SessionPerRequestLauncher.java:53)
	at org.gradle.api.internal.tasks.testing.junitplatform.JUnitPlatformTestClassProcessor$CollectAllTestClassesExecutor.processAllTestClasses(JUnitPlatformTestClassProcessor.java:99)
	at org.gradle.api.internal.tasks.testing.junitplatform.JUnitPlatformTestClassProcessor$CollectAllTestClassesExecutor.access$000(JUnitPlatformTestClassProcessor.java:79)
	at org.gradle.api.internal.tasks.testing.junitplatform.JUnitPlatformTestClassProcessor.stop(JUnitPlatformTestClassProcessor.java:75)
	at org.gradle.api.internal.tasks.testing.SuiteTestClassProcessor.stop(SuiteTestClassProcessor.java:62)
	at java.base@11.0.18/jdk.internal.reflect.NativeMethodAccessorImpl.invoke0(Native Method)
	at java.base@11.0.18/jdk.internal.reflect.NativeMethodAccessorImpl.invoke(NativeMethodAccessorImpl.java:62)
	at java.base@11.0.18/jdk.internal.reflect.DelegatingMethodAccessorImpl.invoke(DelegatingMethodAccessorImpl.java:43)
	at java.base@11.0.18/java.lang.reflect.Method.invoke(Method.java:566)
	at org.gradle.internal.dispatch.ReflectionDispatch.dispatch(ReflectionDispatch.java:36)
	at org.gradle.internal.dispatch.ReflectionDispatch.dispatch(ReflectionDispatch.java:24)
	at org.gradle.internal.dispatch.ContextClassLoaderDispatch.dispatch(ContextClassLoaderDispatch.java:33)
	at org.gradle.internal.dispatch.ProxyDispatchAdapter$DispatchingInvocationHandler.invoke(ProxyDispatchAdapter.java:94)
	at com.sun.proxy.$Proxy2.stop(Unknown Source)
	at org.gradle.api.internal.tasks.testing.worker.TestWorker$3.run(TestWorker.java:193)
	at org.gradle.api.internal.tasks.testing.worker.TestWorker.executeAndMaintainThreadName(TestWorker.java:129)
	at org.gradle.api.internal.tasks.testing.worker.TestWorker.execute(TestWorker.java:100)
	at org.gradle.api.internal.tasks.testing.worker.TestWorker.execute(TestWorker.java:60)
	at org.gradle.process.internal.worker.child.ActionExecutionWorker.execute(ActionExecutionWorker.java:56)
	at org.gradle.process.internal.worker.child.SystemApplicationClassLoaderWorker.call(SystemApplicationClassLoaderWorker.java:113)
	at org.gradle.process.internal.worker.child.SystemApplicationClassLoaderWorker.call(SystemApplicationClassLoaderWorker.java:65)
	at app//worker.org.gradle.process.internal.worker.GradleWorkerMain.run(GradleWorkerMain.java:69)
	at app//worker.org.gradle.process.internal.worker.GradleWorkerMain.main(GradleWorkerMain.java:74)
</failure>
  </testcase>
  <testcase name="performance" classname="de.uka.ilkd.key.proof.runallproofs.RunAllProofsFunctional" time="1.192">
    <failure message="org.opentest4j.AssertionFailedError: Executed process terminated with non-zero exit value. ==&gt; expected: &lt;0&gt; but was: &lt;1&gt;" type="org.opentest4j.AssertionFailedError">org.opentest4j.AssertionFailedError: Executed process terminated with non-zero exit value. ==&gt; expected: &lt;0&gt; but was: &lt;1&gt;
	at app//org.junit.jupiter.api.AssertionUtils.fail(AssertionUtils.java:55)
	at app//org.junit.jupiter.api.AssertionUtils.failNotEqual(AssertionUtils.java:62)
	at app//org.junit.jupiter.api.AssertEquals.assertEquals(AssertEquals.java:150)
	at app//org.junit.jupiter.api.Assertions.assertEquals(Assertions.java:559)
	at app//de.uka.ilkd.key.proof.runallproofs.proofcollection.ForkedTestFileRunner.processTestFiles(ForkedTestFileRunner.java:129)
	at app//de.uka.ilkd.key.proof.runallproofs.RunAllProofsTestUnit.runTest(RunAllProofsTestUnit.java:85)
	at app//de.uka.ilkd.key.proof.runallproofs.RunAllProofsTest.lambda$data$0(RunAllProofsTest.java:83)
	at app//org.junit.jupiter.engine.descriptor.DynamicTestTestDescriptor.lambda$execute$0(DynamicTestTestDescriptor.java:53)
	at app//org.junit.jupiter.engine.execution.InvocationInterceptorChain$ValidatingInvocation.proceed(InvocationInterceptorChain.java:131)
	at app//org.junit.jupiter.api.extension.InvocationInterceptor.interceptDynamicTest(InvocationInterceptor.java:167)
	at app//org.junit.jupiter.api.extension.InvocationInterceptor.interceptDynamicTest(InvocationInterceptor.java:184)
	at app//org.junit.jupiter.engine.descriptor.DynamicTestTestDescriptor.lambda$execute$1(DynamicTestTestDescriptor.java:61)
	at app//org.junit.jupiter.engine.execution.InvocationInterceptorChain$InterceptorCall.lambda$ofVoid$0(InvocationInterceptorChain.java:78)
	at app//org.junit.jupiter.engine.execution.InvocationInterceptorChain$InterceptedInvocation.proceed(InvocationInterceptorChain.java:106)
	at app//org.junit.jupiter.engine.execution.InvocationInterceptorChain.proceed(InvocationInterceptorChain.java:64)
	at app//org.junit.jupiter.engine.execution.InvocationInterceptorChain.chainAndInvoke(InvocationInterceptorChain.java:45)
	at app//org.junit.jupiter.engine.execution.InvocationInterceptorChain.invoke(InvocationInterceptorChain.java:37)
	at app//org.junit.jupiter.engine.descriptor.DynamicTestTestDescriptor.execute(DynamicTestTestDescriptor.java:60)
	at app//org.junit.jupiter.engine.descriptor.DynamicTestTestDescriptor.execute(DynamicTestTestDescriptor.java:32)
	at app//org.junit.platform.engine.support.hierarchical.NodeTestTask.lambda$executeRecursively$6(NodeTestTask.java:151)
	at app//org.junit.platform.engine.support.hierarchical.ThrowableCollector.execute(ThrowableCollector.java:73)
	at app//org.junit.platform.engine.support.hierarchical.NodeTestTask.lambda$executeRecursively$8(NodeTestTask.java:141)
	at app//org.junit.platform.engine.support.hierarchical.Node.around(Node.java:137)
	at app//org.junit.platform.engine.support.hierarchical.NodeTestTask.lambda$executeRecursively$9(NodeTestTask.java:139)
	at app//org.junit.platform.engine.support.hierarchical.ThrowableCollector.execute(ThrowableCollector.java:73)
	at app//org.junit.platform.engine.support.hierarchical.NodeTestTask.executeRecursively(NodeTestTask.java:138)
	at app//org.junit.platform.engine.support.hierarchical.NodeTestTask.execute(NodeTestTask.java:95)
	at app//org.junit.platform.engine.support.hierarchical.SameThreadHierarchicalTestExecutorService.submit(SameThreadHierarchicalTestExecutorService.java:35)
	at app//org.junit.platform.engine.support.hierarchical.NodeTestTask$DefaultDynamicTestExecutor.execute(NodeTestTask.java:226)
	at app//org.junit.platform.engine.support.hierarchical.NodeTestTask$DefaultDynamicTestExecutor.execute(NodeTestTask.java:204)
	at java.base@11.0.18/java.util.Optional.ifPresent(Optional.java:183)
	at app//org.junit.jupiter.engine.descriptor.TestFactoryTestDescriptor.lambda$invokeTestMethod$1(TestFactoryTestDescriptor.java:108)
	at app//org.junit.platform.engine.support.hierarchical.ThrowableCollector.execute(ThrowableCollector.java:73)
	at app//org.junit.jupiter.engine.descriptor.TestFactoryTestDescriptor.invokeTestMethod(TestFactoryTestDescriptor.java:95)
	at app//org.junit.jupiter.engine.descriptor.TestMethodTestDescriptor.execute(TestMethodTestDescriptor.java:135)
	at app//org.junit.jupiter.engine.descriptor.TestMethodTestDescriptor.execute(TestMethodTestDescriptor.java:66)
	at app//org.junit.platform.engine.support.hierarchical.NodeTestTask.lambda$executeRecursively$6(NodeTestTask.java:151)
	at app//org.junit.platform.engine.support.hierarchical.ThrowableCollector.execute(ThrowableCollector.java:73)
	at app//org.junit.platform.engine.support.hierarchical.NodeTestTask.lambda$executeRecursively$8(NodeTestTask.java:141)
	at app//org.junit.platform.engine.support.hierarchical.Node.around(Node.java:137)
	at app//org.junit.platform.engine.support.hierarchical.NodeTestTask.lambda$executeRecursively$9(NodeTestTask.java:139)
	at app//org.junit.platform.engine.support.hierarchical.ThrowableCollector.execute(ThrowableCollector.java:73)
	at app//org.junit.platform.engine.support.hierarchical.NodeTestTask.executeRecursively(NodeTestTask.java:138)
	at app//org.junit.platform.engine.support.hierarchical.NodeTestTask.execute(NodeTestTask.java:95)
	at java.base@11.0.18/java.util.ArrayList.forEach(ArrayList.java:1541)
	at app//org.junit.platform.engine.support.hierarchical.SameThreadHierarchicalTestExecutorService.invokeAll(SameThreadHierarchicalTestExecutorService.java:41)
	at app//org.junit.platform.engine.support.hierarchical.NodeTestTask.lambda$executeRecursively$6(NodeTestTask.java:155)
	at app//org.junit.platform.engine.support.hierarchical.ThrowableCollector.execute(ThrowableCollector.java:73)
	at app//org.junit.platform.engine.support.hierarchical.NodeTestTask.lambda$executeRecursively$8(NodeTestTask.java:141)
	at app//org.junit.platform.engine.support.hierarchical.Node.around(Node.java:137)
	at app//org.junit.platform.engine.support.hierarchical.NodeTestTask.lambda$executeRecursively$9(NodeTestTask.java:139)
	at app//org.junit.platform.engine.support.hierarchical.ThrowableCollector.execute(ThrowableCollector.java:73)
	at app//org.junit.platform.engine.support.hierarchical.NodeTestTask.executeRecursively(NodeTestTask.java:138)
	at app//org.junit.platform.engine.support.hierarchical.NodeTestTask.execute(NodeTestTask.java:95)
	at java.base@11.0.18/java.util.ArrayList.forEach(ArrayList.java:1541)
	at app//org.junit.platform.engine.support.hierarchical.SameThreadHierarchicalTestExecutorService.invokeAll(SameThreadHierarchicalTestExecutorService.java:41)
	at app//org.junit.platform.engine.support.hierarchical.NodeTestTask.lambda$executeRecursively$6(NodeTestTask.java:155)
	at app//org.junit.platform.engine.support.hierarchical.ThrowableCollector.execute(ThrowableCollector.java:73)
	at app//org.junit.platform.engine.support.hierarchical.NodeTestTask.lambda$executeRecursively$8(NodeTestTask.java:141)
	at app//org.junit.platform.engine.support.hierarchical.Node.around(Node.java:137)
	at app//org.junit.platform.engine.support.hierarchical.NodeTestTask.lambda$executeRecursively$9(NodeTestTask.java:139)
	at app//org.junit.platform.engine.support.hierarchical.ThrowableCollector.execute(ThrowableCollector.java:73)
	at app//org.junit.platform.engine.support.hierarchical.NodeTestTask.executeRecursively(NodeTestTask.java:138)
	at app//org.junit.platform.engine.support.hierarchical.NodeTestTask.execute(NodeTestTask.java:95)
	at app//org.junit.platform.engine.support.hierarchical.SameThreadHierarchicalTestExecutorService.submit(SameThreadHierarchicalTestExecutorService.java:35)
	at app//org.junit.platform.engine.support.hierarchical.HierarchicalTestExecutor.execute(HierarchicalTestExecutor.java:57)
	at app//org.junit.platform.engine.support.hierarchical.HierarchicalTestEngine.execute(HierarchicalTestEngine.java:54)
	at org.junit.platform.launcher.core.EngineExecutionOrchestrator.execute(EngineExecutionOrchestrator.java:107)
	at org.junit.platform.launcher.core.EngineExecutionOrchestrator.execute(EngineExecutionOrchestrator.java:88)
	at org.junit.platform.launcher.core.EngineExecutionOrchestrator.lambda$execute$0(EngineExecutionOrchestrator.java:54)
	at org.junit.platform.launcher.core.EngineExecutionOrchestrator.withInterceptedStreams(EngineExecutionOrchestrator.java:67)
	at org.junit.platform.launcher.core.EngineExecutionOrchestrator.execute(EngineExecutionOrchestrator.java:52)
	at org.junit.platform.launcher.core.DefaultLauncher.execute(DefaultLauncher.java:114)
	at org.junit.platform.launcher.core.DefaultLauncher.execute(DefaultLauncher.java:86)
	at org.junit.platform.launcher.core.DefaultLauncherSession$DelegatingLauncher.execute(DefaultLauncherSession.java:86)
	at org.junit.platform.launcher.core.SessionPerRequestLauncher.execute(SessionPerRequestLauncher.java:53)
	at org.gradle.api.internal.tasks.testing.junitplatform.JUnitPlatformTestClassProcessor$CollectAllTestClassesExecutor.processAllTestClasses(JUnitPlatformTestClassProcessor.java:99)
	at org.gradle.api.internal.tasks.testing.junitplatform.JUnitPlatformTestClassProcessor$CollectAllTestClassesExecutor.access$000(JUnitPlatformTestClassProcessor.java:79)
	at org.gradle.api.internal.tasks.testing.junitplatform.JUnitPlatformTestClassProcessor.stop(JUnitPlatformTestClassProcessor.java:75)
	at org.gradle.api.internal.tasks.testing.SuiteTestClassProcessor.stop(SuiteTestClassProcessor.java:62)
	at java.base@11.0.18/jdk.internal.reflect.NativeMethodAccessorImpl.invoke0(Native Method)
	at java.base@11.0.18/jdk.internal.reflect.NativeMethodAccessorImpl.invoke(NativeMethodAccessorImpl.java:62)
	at java.base@11.0.18/jdk.internal.reflect.DelegatingMethodAccessorImpl.invoke(DelegatingMethodAccessorImpl.java:43)
	at java.base@11.0.18/java.lang.reflect.Method.invoke(Method.java:566)
	at org.gradle.internal.dispatch.ReflectionDispatch.dispatch(ReflectionDispatch.java:36)
	at org.gradle.internal.dispatch.ReflectionDispatch.dispatch(ReflectionDispatch.java:24)
	at org.gradle.internal.dispatch.ContextClassLoaderDispatch.dispatch(ContextClassLoaderDispatch.java:33)
	at org.gradle.internal.dispatch.ProxyDispatchAdapter$DispatchingInvocationHandler.invoke(ProxyDispatchAdapter.java:94)
	at com.sun.proxy.$Proxy2.stop(Unknown Source)
	at org.gradle.api.internal.tasks.testing.worker.TestWorker$3.run(TestWorker.java:193)
	at org.gradle.api.internal.tasks.testing.worker.TestWorker.executeAndMaintainThreadName(TestWorker.java:129)
	at org.gradle.api.internal.tasks.testing.worker.TestWorker.execute(TestWorker.java:100)
	at org.gradle.api.internal.tasks.testing.worker.TestWorker.execute(TestWorker.java:60)
	at org.gradle.process.internal.worker.child.ActionExecutionWorker.execute(ActionExecutionWorker.java:56)
	at org.gradle.process.internal.worker.child.SystemApplicationClassLoaderWorker.call(SystemApplicationClassLoaderWorker.java:113)
	at org.gradle.process.internal.worker.child.SystemApplicationClassLoaderWorker.call(SystemApplicationClassLoaderWorker.java:65)
	at app//worker.org.gradle.process.internal.worker.GradleWorkerMain.run(GradleWorkerMain.java:69)
	at app//worker.org.gradle.process.internal.worker.GradleWorkerMain.main(GradleWorkerMain.java:74)
</failure>
  </testcase>
  <testcase name="performancePOConstruction" classname="de.uka.ilkd.key.proof.runallproofs.RunAllProofsFunctional" time="1.085">
    <failure message="org.opentest4j.AssertionFailedError: Executed process terminated with non-zero exit value. ==&gt; expected: &lt;0&gt; but was: &lt;1&gt;" type="org.opentest4j.AssertionFailedError">org.opentest4j.AssertionFailedError: Executed process terminated with non-zero exit value. ==&gt; expected: &lt;0&gt; but was: &lt;1&gt;
	at app//org.junit.jupiter.api.AssertionUtils.fail(AssertionUtils.java:55)
	at app//org.junit.jupiter.api.AssertionUtils.failNotEqual(AssertionUtils.java:62)
	at app//org.junit.jupiter.api.AssertEquals.assertEquals(AssertEquals.java:150)
	at app//org.junit.jupiter.api.Assertions.assertEquals(Assertions.java:559)
	at app//de.uka.ilkd.key.proof.runallproofs.proofcollection.ForkedTestFileRunner.processTestFiles(ForkedTestFileRunner.java:129)
	at app//de.uka.ilkd.key.proof.runallproofs.RunAllProofsTestUnit.runTest(RunAllProofsTestUnit.java:85)
	at app//de.uka.ilkd.key.proof.runallproofs.RunAllProofsTest.lambda$data$0(RunAllProofsTest.java:83)
	at app//org.junit.jupiter.engine.descriptor.DynamicTestTestDescriptor.lambda$execute$0(DynamicTestTestDescriptor.java:53)
	at app//org.junit.jupiter.engine.execution.InvocationInterceptorChain$ValidatingInvocation.proceed(InvocationInterceptorChain.java:131)
	at app//org.junit.jupiter.api.extension.InvocationInterceptor.interceptDynamicTest(InvocationInterceptor.java:167)
	at app//org.junit.jupiter.api.extension.InvocationInterceptor.interceptDynamicTest(InvocationInterceptor.java:184)
	at app//org.junit.jupiter.engine.descriptor.DynamicTestTestDescriptor.lambda$execute$1(DynamicTestTestDescriptor.java:61)
	at app//org.junit.jupiter.engine.execution.InvocationInterceptorChain$InterceptorCall.lambda$ofVoid$0(InvocationInterceptorChain.java:78)
	at app//org.junit.jupiter.engine.execution.InvocationInterceptorChain$InterceptedInvocation.proceed(InvocationInterceptorChain.java:106)
	at app//org.junit.jupiter.engine.execution.InvocationInterceptorChain.proceed(InvocationInterceptorChain.java:64)
	at app//org.junit.jupiter.engine.execution.InvocationInterceptorChain.chainAndInvoke(InvocationInterceptorChain.java:45)
	at app//org.junit.jupiter.engine.execution.InvocationInterceptorChain.invoke(InvocationInterceptorChain.java:37)
	at app//org.junit.jupiter.engine.descriptor.DynamicTestTestDescriptor.execute(DynamicTestTestDescriptor.java:60)
	at app//org.junit.jupiter.engine.descriptor.DynamicTestTestDescriptor.execute(DynamicTestTestDescriptor.java:32)
	at app//org.junit.platform.engine.support.hierarchical.NodeTestTask.lambda$executeRecursively$6(NodeTestTask.java:151)
	at app//org.junit.platform.engine.support.hierarchical.ThrowableCollector.execute(ThrowableCollector.java:73)
	at app//org.junit.platform.engine.support.hierarchical.NodeTestTask.lambda$executeRecursively$8(NodeTestTask.java:141)
	at app//org.junit.platform.engine.support.hierarchical.Node.around(Node.java:137)
	at app//org.junit.platform.engine.support.hierarchical.NodeTestTask.lambda$executeRecursively$9(NodeTestTask.java:139)
	at app//org.junit.platform.engine.support.hierarchical.ThrowableCollector.execute(ThrowableCollector.java:73)
	at app//org.junit.platform.engine.support.hierarchical.NodeTestTask.executeRecursively(NodeTestTask.java:138)
	at app//org.junit.platform.engine.support.hierarchical.NodeTestTask.execute(NodeTestTask.java:95)
	at app//org.junit.platform.engine.support.hierarchical.SameThreadHierarchicalTestExecutorService.submit(SameThreadHierarchicalTestExecutorService.java:35)
	at app//org.junit.platform.engine.support.hierarchical.NodeTestTask$DefaultDynamicTestExecutor.execute(NodeTestTask.java:226)
	at app//org.junit.platform.engine.support.hierarchical.NodeTestTask$DefaultDynamicTestExecutor.execute(NodeTestTask.java:204)
	at java.base@11.0.18/java.util.Optional.ifPresent(Optional.java:183)
	at app//org.junit.jupiter.engine.descriptor.TestFactoryTestDescriptor.lambda$invokeTestMethod$1(TestFactoryTestDescriptor.java:108)
	at app//org.junit.platform.engine.support.hierarchical.ThrowableCollector.execute(ThrowableCollector.java:73)
	at app//org.junit.jupiter.engine.descriptor.TestFactoryTestDescriptor.invokeTestMethod(TestFactoryTestDescriptor.java:95)
	at app//org.junit.jupiter.engine.descriptor.TestMethodTestDescriptor.execute(TestMethodTestDescriptor.java:135)
	at app//org.junit.jupiter.engine.descriptor.TestMethodTestDescriptor.execute(TestMethodTestDescriptor.java:66)
	at app//org.junit.platform.engine.support.hierarchical.NodeTestTask.lambda$executeRecursively$6(NodeTestTask.java:151)
	at app//org.junit.platform.engine.support.hierarchical.ThrowableCollector.execute(ThrowableCollector.java:73)
	at app//org.junit.platform.engine.support.hierarchical.NodeTestTask.lambda$executeRecursively$8(NodeTestTask.java:141)
	at app//org.junit.platform.engine.support.hierarchical.Node.around(Node.java:137)
	at app//org.junit.platform.engine.support.hierarchical.NodeTestTask.lambda$executeRecursively$9(NodeTestTask.java:139)
	at app//org.junit.platform.engine.support.hierarchical.ThrowableCollector.execute(ThrowableCollector.java:73)
	at app//org.junit.platform.engine.support.hierarchical.NodeTestTask.executeRecursively(NodeTestTask.java:138)
	at app//org.junit.platform.engine.support.hierarchical.NodeTestTask.execute(NodeTestTask.java:95)
	at java.base@11.0.18/java.util.ArrayList.forEach(ArrayList.java:1541)
	at app//org.junit.platform.engine.support.hierarchical.SameThreadHierarchicalTestExecutorService.invokeAll(SameThreadHierarchicalTestExecutorService.java:41)
	at app//org.junit.platform.engine.support.hierarchical.NodeTestTask.lambda$executeRecursively$6(NodeTestTask.java:155)
	at app//org.junit.platform.engine.support.hierarchical.ThrowableCollector.execute(ThrowableCollector.java:73)
	at app//org.junit.platform.engine.support.hierarchical.NodeTestTask.lambda$executeRecursively$8(NodeTestTask.java:141)
	at app//org.junit.platform.engine.support.hierarchical.Node.around(Node.java:137)
	at app//org.junit.platform.engine.support.hierarchical.NodeTestTask.lambda$executeRecursively$9(NodeTestTask.java:139)
	at app//org.junit.platform.engine.support.hierarchical.ThrowableCollector.execute(ThrowableCollector.java:73)
	at app//org.junit.platform.engine.support.hierarchical.NodeTestTask.executeRecursively(NodeTestTask.java:138)
	at app//org.junit.platform.engine.support.hierarchical.NodeTestTask.execute(NodeTestTask.java:95)
	at java.base@11.0.18/java.util.ArrayList.forEach(ArrayList.java:1541)
	at app//org.junit.platform.engine.support.hierarchical.SameThreadHierarchicalTestExecutorService.invokeAll(SameThreadHierarchicalTestExecutorService.java:41)
	at app//org.junit.platform.engine.support.hierarchical.NodeTestTask.lambda$executeRecursively$6(NodeTestTask.java:155)
	at app//org.junit.platform.engine.support.hierarchical.ThrowableCollector.execute(ThrowableCollector.java:73)
	at app//org.junit.platform.engine.support.hierarchical.NodeTestTask.lambda$executeRecursively$8(NodeTestTask.java:141)
	at app//org.junit.platform.engine.support.hierarchical.Node.around(Node.java:137)
	at app//org.junit.platform.engine.support.hierarchical.NodeTestTask.lambda$executeRecursively$9(NodeTestTask.java:139)
	at app//org.junit.platform.engine.support.hierarchical.ThrowableCollector.execute(ThrowableCollector.java:73)
	at app//org.junit.platform.engine.support.hierarchical.NodeTestTask.executeRecursively(NodeTestTask.java:138)
	at app//org.junit.platform.engine.support.hierarchical.NodeTestTask.execute(NodeTestTask.java:95)
	at app//org.junit.platform.engine.support.hierarchical.SameThreadHierarchicalTestExecutorService.submit(SameThreadHierarchicalTestExecutorService.java:35)
	at app//org.junit.platform.engine.support.hierarchical.HierarchicalTestExecutor.execute(HierarchicalTestExecutor.java:57)
	at app//org.junit.platform.engine.support.hierarchical.HierarchicalTestEngine.execute(HierarchicalTestEngine.java:54)
	at org.junit.platform.launcher.core.EngineExecutionOrchestrator.execute(EngineExecutionOrchestrator.java:107)
	at org.junit.platform.launcher.core.EngineExecutionOrchestrator.execute(EngineExecutionOrchestrator.java:88)
	at org.junit.platform.launcher.core.EngineExecutionOrchestrator.lambda$execute$0(EngineExecutionOrchestrator.java:54)
	at org.junit.platform.launcher.core.EngineExecutionOrchestrator.withInterceptedStreams(EngineExecutionOrchestrator.java:67)
	at org.junit.platform.launcher.core.EngineExecutionOrchestrator.execute(EngineExecutionOrchestrator.java:52)
	at org.junit.platform.launcher.core.DefaultLauncher.execute(DefaultLauncher.java:114)
	at org.junit.platform.launcher.core.DefaultLauncher.execute(DefaultLauncher.java:86)
	at org.junit.platform.launcher.core.DefaultLauncherSession$DelegatingLauncher.execute(DefaultLauncherSession.java:86)
	at org.junit.platform.launcher.core.SessionPerRequestLauncher.execute(SessionPerRequestLauncher.java:53)
	at org.gradle.api.internal.tasks.testing.junitplatform.JUnitPlatformTestClassProcessor$CollectAllTestClassesExecutor.processAllTestClasses(JUnitPlatformTestClassProcessor.java:99)
	at org.gradle.api.internal.tasks.testing.junitplatform.JUnitPlatformTestClassProcessor$CollectAllTestClassesExecutor.access$000(JUnitPlatformTestClassProcessor.java:79)
	at org.gradle.api.internal.tasks.testing.junitplatform.JUnitPlatformTestClassProcessor.stop(JUnitPlatformTestClassProcessor.java:75)
	at org.gradle.api.internal.tasks.testing.SuiteTestClassProcessor.stop(SuiteTestClassProcessor.java:62)
	at java.base@11.0.18/jdk.internal.reflect.NativeMethodAccessorImpl.invoke0(Native Method)
	at java.base@11.0.18/jdk.internal.reflect.NativeMethodAccessorImpl.invoke(NativeMethodAccessorImpl.java:62)
	at java.base@11.0.18/jdk.internal.reflect.DelegatingMethodAccessorImpl.invoke(DelegatingMethodAccessorImpl.java:43)
	at java.base@11.0.18/java.lang.reflect.Method.invoke(Method.java:566)
	at org.gradle.internal.dispatch.ReflectionDispatch.dispatch(ReflectionDispatch.java:36)
	at org.gradle.internal.dispatch.ReflectionDispatch.dispatch(ReflectionDispatch.java:24)
	at org.gradle.internal.dispatch.ContextClassLoaderDispatch.dispatch(ContextClassLoaderDispatch.java:33)
	at org.gradle.internal.dispatch.ProxyDispatchAdapter$DispatchingInvocationHandler.invoke(ProxyDispatchAdapter.java:94)
	at com.sun.proxy.$Proxy2.stop(Unknown Source)
	at org.gradle.api.internal.tasks.testing.worker.TestWorker$3.run(TestWorker.java:193)
	at org.gradle.api.internal.tasks.testing.worker.TestWorker.executeAndMaintainThreadName(TestWorker.java:129)
	at org.gradle.api.internal.tasks.testing.worker.TestWorker.execute(TestWorker.java:100)
	at org.gradle.api.internal.tasks.testing.worker.TestWorker.execute(TestWorker.java:60)
	at org.gradle.process.internal.worker.child.ActionExecutionWorker.execute(ActionExecutionWorker.java:56)
	at org.gradle.process.internal.worker.child.SystemApplicationClassLoaderWorker.call(SystemApplicationClassLoaderWorker.java:113)
	at org.gradle.process.internal.worker.child.SystemApplicationClassLoaderWorker.call(SystemApplicationClassLoaderWorker.java:65)
	at app//worker.org.gradle.process.internal.worker.GradleWorkerMain.run(GradleWorkerMain.java:69)
	at app//worker.org.gradle.process.internal.worker.GradleWorkerMain.main(GradleWorkerMain.java:74)
</failure>
  </testcase>
  <testcase name="applicationRestrictions" classname="de.uka.ilkd.key.proof.runallproofs.RunAllProofsFunctional" time="1.355">
    <failure message="org.opentest4j.AssertionFailedError: Executed process terminated with non-zero exit value. ==&gt; expected: &lt;0&gt; but was: &lt;1&gt;" type="org.opentest4j.AssertionFailedError">org.opentest4j.AssertionFailedError: Executed process terminated with non-zero exit value. ==&gt; expected: &lt;0&gt; but was: &lt;1&gt;
	at app//org.junit.jupiter.api.AssertionUtils.fail(AssertionUtils.java:55)
	at app//org.junit.jupiter.api.AssertionUtils.failNotEqual(AssertionUtils.java:62)
	at app//org.junit.jupiter.api.AssertEquals.assertEquals(AssertEquals.java:150)
	at app//org.junit.jupiter.api.Assertions.assertEquals(Assertions.java:559)
	at app//de.uka.ilkd.key.proof.runallproofs.proofcollection.ForkedTestFileRunner.processTestFiles(ForkedTestFileRunner.java:129)
	at app//de.uka.ilkd.key.proof.runallproofs.RunAllProofsTestUnit.runTest(RunAllProofsTestUnit.java:85)
	at app//de.uka.ilkd.key.proof.runallproofs.RunAllProofsTest.lambda$data$0(RunAllProofsTest.java:83)
	at app//org.junit.jupiter.engine.descriptor.DynamicTestTestDescriptor.lambda$execute$0(DynamicTestTestDescriptor.java:53)
	at app//org.junit.jupiter.engine.execution.InvocationInterceptorChain$ValidatingInvocation.proceed(InvocationInterceptorChain.java:131)
	at app//org.junit.jupiter.api.extension.InvocationInterceptor.interceptDynamicTest(InvocationInterceptor.java:167)
	at app//org.junit.jupiter.api.extension.InvocationInterceptor.interceptDynamicTest(InvocationInterceptor.java:184)
	at app//org.junit.jupiter.engine.descriptor.DynamicTestTestDescriptor.lambda$execute$1(DynamicTestTestDescriptor.java:61)
	at app//org.junit.jupiter.engine.execution.InvocationInterceptorChain$InterceptorCall.lambda$ofVoid$0(InvocationInterceptorChain.java:78)
	at app//org.junit.jupiter.engine.execution.InvocationInterceptorChain$InterceptedInvocation.proceed(InvocationInterceptorChain.java:106)
	at app//org.junit.jupiter.engine.execution.InvocationInterceptorChain.proceed(InvocationInterceptorChain.java:64)
	at app//org.junit.jupiter.engine.execution.InvocationInterceptorChain.chainAndInvoke(InvocationInterceptorChain.java:45)
	at app//org.junit.jupiter.engine.execution.InvocationInterceptorChain.invoke(InvocationInterceptorChain.java:37)
	at app//org.junit.jupiter.engine.descriptor.DynamicTestTestDescriptor.execute(DynamicTestTestDescriptor.java:60)
	at app//org.junit.jupiter.engine.descriptor.DynamicTestTestDescriptor.execute(DynamicTestTestDescriptor.java:32)
	at app//org.junit.platform.engine.support.hierarchical.NodeTestTask.lambda$executeRecursively$6(NodeTestTask.java:151)
	at app//org.junit.platform.engine.support.hierarchical.ThrowableCollector.execute(ThrowableCollector.java:73)
	at app//org.junit.platform.engine.support.hierarchical.NodeTestTask.lambda$executeRecursively$8(NodeTestTask.java:141)
	at app//org.junit.platform.engine.support.hierarchical.Node.around(Node.java:137)
	at app//org.junit.platform.engine.support.hierarchical.NodeTestTask.lambda$executeRecursively$9(NodeTestTask.java:139)
	at app//org.junit.platform.engine.support.hierarchical.ThrowableCollector.execute(ThrowableCollector.java:73)
	at app//org.junit.platform.engine.support.hierarchical.NodeTestTask.executeRecursively(NodeTestTask.java:138)
	at app//org.junit.platform.engine.support.hierarchical.NodeTestTask.execute(NodeTestTask.java:95)
	at app//org.junit.platform.engine.support.hierarchical.SameThreadHierarchicalTestExecutorService.submit(SameThreadHierarchicalTestExecutorService.java:35)
	at app//org.junit.platform.engine.support.hierarchical.NodeTestTask$DefaultDynamicTestExecutor.execute(NodeTestTask.java:226)
	at app//org.junit.platform.engine.support.hierarchical.NodeTestTask$DefaultDynamicTestExecutor.execute(NodeTestTask.java:204)
	at java.base@11.0.18/java.util.Optional.ifPresent(Optional.java:183)
	at app//org.junit.jupiter.engine.descriptor.TestFactoryTestDescriptor.lambda$invokeTestMethod$1(TestFactoryTestDescriptor.java:108)
	at app//org.junit.platform.engine.support.hierarchical.ThrowableCollector.execute(ThrowableCollector.java:73)
	at app//org.junit.jupiter.engine.descriptor.TestFactoryTestDescriptor.invokeTestMethod(TestFactoryTestDescriptor.java:95)
	at app//org.junit.jupiter.engine.descriptor.TestMethodTestDescriptor.execute(TestMethodTestDescriptor.java:135)
	at app//org.junit.jupiter.engine.descriptor.TestMethodTestDescriptor.execute(TestMethodTestDescriptor.java:66)
	at app//org.junit.platform.engine.support.hierarchical.NodeTestTask.lambda$executeRecursively$6(NodeTestTask.java:151)
	at app//org.junit.platform.engine.support.hierarchical.ThrowableCollector.execute(ThrowableCollector.java:73)
	at app//org.junit.platform.engine.support.hierarchical.NodeTestTask.lambda$executeRecursively$8(NodeTestTask.java:141)
	at app//org.junit.platform.engine.support.hierarchical.Node.around(Node.java:137)
	at app//org.junit.platform.engine.support.hierarchical.NodeTestTask.lambda$executeRecursively$9(NodeTestTask.java:139)
	at app//org.junit.platform.engine.support.hierarchical.ThrowableCollector.execute(ThrowableCollector.java:73)
	at app//org.junit.platform.engine.support.hierarchical.NodeTestTask.executeRecursively(NodeTestTask.java:138)
	at app//org.junit.platform.engine.support.hierarchical.NodeTestTask.execute(NodeTestTask.java:95)
	at java.base@11.0.18/java.util.ArrayList.forEach(ArrayList.java:1541)
	at app//org.junit.platform.engine.support.hierarchical.SameThreadHierarchicalTestExecutorService.invokeAll(SameThreadHierarchicalTestExecutorService.java:41)
	at app//org.junit.platform.engine.support.hierarchical.NodeTestTask.lambda$executeRecursively$6(NodeTestTask.java:155)
	at app//org.junit.platform.engine.support.hierarchical.ThrowableCollector.execute(ThrowableCollector.java:73)
	at app//org.junit.platform.engine.support.hierarchical.NodeTestTask.lambda$executeRecursively$8(NodeTestTask.java:141)
	at app//org.junit.platform.engine.support.hierarchical.Node.around(Node.java:137)
	at app//org.junit.platform.engine.support.hierarchical.NodeTestTask.lambda$executeRecursively$9(NodeTestTask.java:139)
	at app//org.junit.platform.engine.support.hierarchical.ThrowableCollector.execute(ThrowableCollector.java:73)
	at app//org.junit.platform.engine.support.hierarchical.NodeTestTask.executeRecursively(NodeTestTask.java:138)
	at app//org.junit.platform.engine.support.hierarchical.NodeTestTask.execute(NodeTestTask.java:95)
	at java.base@11.0.18/java.util.ArrayList.forEach(ArrayList.java:1541)
	at app//org.junit.platform.engine.support.hierarchical.SameThreadHierarchicalTestExecutorService.invokeAll(SameThreadHierarchicalTestExecutorService.java:41)
	at app//org.junit.platform.engine.support.hierarchical.NodeTestTask.lambda$executeRecursively$6(NodeTestTask.java:155)
	at app//org.junit.platform.engine.support.hierarchical.ThrowableCollector.execute(ThrowableCollector.java:73)
	at app//org.junit.platform.engine.support.hierarchical.NodeTestTask.lambda$executeRecursively$8(NodeTestTask.java:141)
	at app//org.junit.platform.engine.support.hierarchical.Node.around(Node.java:137)
	at app//org.junit.platform.engine.support.hierarchical.NodeTestTask.lambda$executeRecursively$9(NodeTestTask.java:139)
	at app//org.junit.platform.engine.support.hierarchical.ThrowableCollector.execute(ThrowableCollector.java:73)
	at app//org.junit.platform.engine.support.hierarchical.NodeTestTask.executeRecursively(NodeTestTask.java:138)
	at app//org.junit.platform.engine.support.hierarchical.NodeTestTask.execute(NodeTestTask.java:95)
	at app//org.junit.platform.engine.support.hierarchical.SameThreadHierarchicalTestExecutorService.submit(SameThreadHierarchicalTestExecutorService.java:35)
	at app//org.junit.platform.engine.support.hierarchical.HierarchicalTestExecutor.execute(HierarchicalTestExecutor.java:57)
	at app//org.junit.platform.engine.support.hierarchical.HierarchicalTestEngine.execute(HierarchicalTestEngine.java:54)
	at org.junit.platform.launcher.core.EngineExecutionOrchestrator.execute(EngineExecutionOrchestrator.java:107)
	at org.junit.platform.launcher.core.EngineExecutionOrchestrator.execute(EngineExecutionOrchestrator.java:88)
	at org.junit.platform.launcher.core.EngineExecutionOrchestrator.lambda$execute$0(EngineExecutionOrchestrator.java:54)
	at org.junit.platform.launcher.core.EngineExecutionOrchestrator.withInterceptedStreams(EngineExecutionOrchestrator.java:67)
	at org.junit.platform.launcher.core.EngineExecutionOrchestrator.execute(EngineExecutionOrchestrator.java:52)
	at org.junit.platform.launcher.core.DefaultLauncher.execute(DefaultLauncher.java:114)
	at org.junit.platform.launcher.core.DefaultLauncher.execute(DefaultLauncher.java:86)
	at org.junit.platform.launcher.core.DefaultLauncherSession$DelegatingLauncher.execute(DefaultLauncherSession.java:86)
	at org.junit.platform.launcher.core.SessionPerRequestLauncher.execute(SessionPerRequestLauncher.java:53)
	at org.gradle.api.internal.tasks.testing.junitplatform.JUnitPlatformTestClassProcessor$CollectAllTestClassesExecutor.processAllTestClasses(JUnitPlatformTestClassProcessor.java:99)
	at org.gradle.api.internal.tasks.testing.junitplatform.JUnitPlatformTestClassProcessor$CollectAllTestClassesExecutor.access$000(JUnitPlatformTestClassProcessor.java:79)
	at org.gradle.api.internal.tasks.testing.junitplatform.JUnitPlatformTestClassProcessor.stop(JUnitPlatformTestClassProcessor.java:75)
	at org.gradle.api.internal.tasks.testing.SuiteTestClassProcessor.stop(SuiteTestClassProcessor.java:62)
	at java.base@11.0.18/jdk.internal.reflect.NativeMethodAccessorImpl.invoke0(Native Method)
	at java.base@11.0.18/jdk.internal.reflect.NativeMethodAccessorImpl.invoke(NativeMethodAccessorImpl.java:62)
	at java.base@11.0.18/jdk.internal.reflect.DelegatingMethodAccessorImpl.invoke(DelegatingMethodAccessorImpl.java:43)
	at java.base@11.0.18/java.lang.reflect.Method.invoke(Method.java:566)
	at org.gradle.internal.dispatch.ReflectionDispatch.dispatch(ReflectionDispatch.java:36)
	at org.gradle.internal.dispatch.ReflectionDispatch.dispatch(ReflectionDispatch.java:24)
	at org.gradle.internal.dispatch.ContextClassLoaderDispatch.dispatch(ContextClassLoaderDispatch.java:33)
	at org.gradle.internal.dispatch.ProxyDispatchAdapter$DispatchingInvocationHandler.invoke(ProxyDispatchAdapter.java:94)
	at com.sun.proxy.$Proxy2.stop(Unknown Source)
	at org.gradle.api.internal.tasks.testing.worker.TestWorker$3.run(TestWorker.java:193)
	at org.gradle.api.internal.tasks.testing.worker.TestWorker.executeAndMaintainThreadName(TestWorker.java:129)
	at org.gradle.api.internal.tasks.testing.worker.TestWorker.execute(TestWorker.java:100)
	at org.gradle.api.internal.tasks.testing.worker.TestWorker.execute(TestWorker.java:60)
	at org.gradle.process.internal.worker.child.ActionExecutionWorker.execute(ActionExecutionWorker.java:56)
	at org.gradle.process.internal.worker.child.SystemApplicationClassLoaderWorker.call(SystemApplicationClassLoaderWorker.java:113)
	at org.gradle.process.internal.worker.child.SystemApplicationClassLoaderWorker.call(SystemApplicationClassLoaderWorker.java:65)
	at app//worker.org.gradle.process.internal.worker.GradleWorkerMain.run(GradleWorkerMain.java:69)
	at app//worker.org.gradle.process.internal.worker.GradleWorkerMain.main(GradleWorkerMain.java:74)
</failure>
  </testcase>
  <testcase name="blockContracts" classname="de.uka.ilkd.key.proof.runallproofs.RunAllProofsFunctional" time="1.548">
    <failure message="org.opentest4j.AssertionFailedError: Executed process terminated with non-zero exit value. ==&gt; expected: &lt;0&gt; but was: &lt;1&gt;" type="org.opentest4j.AssertionFailedError">org.opentest4j.AssertionFailedError: Executed process terminated with non-zero exit value. ==&gt; expected: &lt;0&gt; but was: &lt;1&gt;
	at app//org.junit.jupiter.api.AssertionUtils.fail(AssertionUtils.java:55)
	at app//org.junit.jupiter.api.AssertionUtils.failNotEqual(AssertionUtils.java:62)
	at app//org.junit.jupiter.api.AssertEquals.assertEquals(AssertEquals.java:150)
	at app//org.junit.jupiter.api.Assertions.assertEquals(Assertions.java:559)
	at app//de.uka.ilkd.key.proof.runallproofs.proofcollection.ForkedTestFileRunner.processTestFiles(ForkedTestFileRunner.java:129)
	at app//de.uka.ilkd.key.proof.runallproofs.RunAllProofsTestUnit.runTest(RunAllProofsTestUnit.java:85)
	at app//de.uka.ilkd.key.proof.runallproofs.RunAllProofsTest.lambda$data$0(RunAllProofsTest.java:83)
	at app//org.junit.jupiter.engine.descriptor.DynamicTestTestDescriptor.lambda$execute$0(DynamicTestTestDescriptor.java:53)
	at app//org.junit.jupiter.engine.execution.InvocationInterceptorChain$ValidatingInvocation.proceed(InvocationInterceptorChain.java:131)
	at app//org.junit.jupiter.api.extension.InvocationInterceptor.interceptDynamicTest(InvocationInterceptor.java:167)
	at app//org.junit.jupiter.api.extension.InvocationInterceptor.interceptDynamicTest(InvocationInterceptor.java:184)
	at app//org.junit.jupiter.engine.descriptor.DynamicTestTestDescriptor.lambda$execute$1(DynamicTestTestDescriptor.java:61)
	at app//org.junit.jupiter.engine.execution.InvocationInterceptorChain$InterceptorCall.lambda$ofVoid$0(InvocationInterceptorChain.java:78)
	at app//org.junit.jupiter.engine.execution.InvocationInterceptorChain$InterceptedInvocation.proceed(InvocationInterceptorChain.java:106)
	at app//org.junit.jupiter.engine.execution.InvocationInterceptorChain.proceed(InvocationInterceptorChain.java:64)
	at app//org.junit.jupiter.engine.execution.InvocationInterceptorChain.chainAndInvoke(InvocationInterceptorChain.java:45)
	at app//org.junit.jupiter.engine.execution.InvocationInterceptorChain.invoke(InvocationInterceptorChain.java:37)
	at app//org.junit.jupiter.engine.descriptor.DynamicTestTestDescriptor.execute(DynamicTestTestDescriptor.java:60)
	at app//org.junit.jupiter.engine.descriptor.DynamicTestTestDescriptor.execute(DynamicTestTestDescriptor.java:32)
	at app//org.junit.platform.engine.support.hierarchical.NodeTestTask.lambda$executeRecursively$6(NodeTestTask.java:151)
	at app//org.junit.platform.engine.support.hierarchical.ThrowableCollector.execute(ThrowableCollector.java:73)
	at app//org.junit.platform.engine.support.hierarchical.NodeTestTask.lambda$executeRecursively$8(NodeTestTask.java:141)
	at app//org.junit.platform.engine.support.hierarchical.Node.around(Node.java:137)
	at app//org.junit.platform.engine.support.hierarchical.NodeTestTask.lambda$executeRecursively$9(NodeTestTask.java:139)
	at app//org.junit.platform.engine.support.hierarchical.ThrowableCollector.execute(ThrowableCollector.java:73)
	at app//org.junit.platform.engine.support.hierarchical.NodeTestTask.executeRecursively(NodeTestTask.java:138)
	at app//org.junit.platform.engine.support.hierarchical.NodeTestTask.execute(NodeTestTask.java:95)
	at app//org.junit.platform.engine.support.hierarchical.SameThreadHierarchicalTestExecutorService.submit(SameThreadHierarchicalTestExecutorService.java:35)
	at app//org.junit.platform.engine.support.hierarchical.NodeTestTask$DefaultDynamicTestExecutor.execute(NodeTestTask.java:226)
	at app//org.junit.platform.engine.support.hierarchical.NodeTestTask$DefaultDynamicTestExecutor.execute(NodeTestTask.java:204)
	at java.base@11.0.18/java.util.Optional.ifPresent(Optional.java:183)
	at app//org.junit.jupiter.engine.descriptor.TestFactoryTestDescriptor.lambda$invokeTestMethod$1(TestFactoryTestDescriptor.java:108)
	at app//org.junit.platform.engine.support.hierarchical.ThrowableCollector.execute(ThrowableCollector.java:73)
	at app//org.junit.jupiter.engine.descriptor.TestFactoryTestDescriptor.invokeTestMethod(TestFactoryTestDescriptor.java:95)
	at app//org.junit.jupiter.engine.descriptor.TestMethodTestDescriptor.execute(TestMethodTestDescriptor.java:135)
	at app//org.junit.jupiter.engine.descriptor.TestMethodTestDescriptor.execute(TestMethodTestDescriptor.java:66)
	at app//org.junit.platform.engine.support.hierarchical.NodeTestTask.lambda$executeRecursively$6(NodeTestTask.java:151)
	at app//org.junit.platform.engine.support.hierarchical.ThrowableCollector.execute(ThrowableCollector.java:73)
	at app//org.junit.platform.engine.support.hierarchical.NodeTestTask.lambda$executeRecursively$8(NodeTestTask.java:141)
	at app//org.junit.platform.engine.support.hierarchical.Node.around(Node.java:137)
	at app//org.junit.platform.engine.support.hierarchical.NodeTestTask.lambda$executeRecursively$9(NodeTestTask.java:139)
	at app//org.junit.platform.engine.support.hierarchical.ThrowableCollector.execute(ThrowableCollector.java:73)
	at app//org.junit.platform.engine.support.hierarchical.NodeTestTask.executeRecursively(NodeTestTask.java:138)
	at app//org.junit.platform.engine.support.hierarchical.NodeTestTask.execute(NodeTestTask.java:95)
	at java.base@11.0.18/java.util.ArrayList.forEach(ArrayList.java:1541)
	at app//org.junit.platform.engine.support.hierarchical.SameThreadHierarchicalTestExecutorService.invokeAll(SameThreadHierarchicalTestExecutorService.java:41)
	at app//org.junit.platform.engine.support.hierarchical.NodeTestTask.lambda$executeRecursively$6(NodeTestTask.java:155)
	at app//org.junit.platform.engine.support.hierarchical.ThrowableCollector.execute(ThrowableCollector.java:73)
	at app//org.junit.platform.engine.support.hierarchical.NodeTestTask.lambda$executeRecursively$8(NodeTestTask.java:141)
	at app//org.junit.platform.engine.support.hierarchical.Node.around(Node.java:137)
	at app//org.junit.platform.engine.support.hierarchical.NodeTestTask.lambda$executeRecursively$9(NodeTestTask.java:139)
	at app//org.junit.platform.engine.support.hierarchical.ThrowableCollector.execute(ThrowableCollector.java:73)
	at app//org.junit.platform.engine.support.hierarchical.NodeTestTask.executeRecursively(NodeTestTask.java:138)
	at app//org.junit.platform.engine.support.hierarchical.NodeTestTask.execute(NodeTestTask.java:95)
	at java.base@11.0.18/java.util.ArrayList.forEach(ArrayList.java:1541)
	at app//org.junit.platform.engine.support.hierarchical.SameThreadHierarchicalTestExecutorService.invokeAll(SameThreadHierarchicalTestExecutorService.java:41)
	at app//org.junit.platform.engine.support.hierarchical.NodeTestTask.lambda$executeRecursively$6(NodeTestTask.java:155)
	at app//org.junit.platform.engine.support.hierarchical.ThrowableCollector.execute(ThrowableCollector.java:73)
	at app//org.junit.platform.engine.support.hierarchical.NodeTestTask.lambda$executeRecursively$8(NodeTestTask.java:141)
	at app//org.junit.platform.engine.support.hierarchical.Node.around(Node.java:137)
	at app//org.junit.platform.engine.support.hierarchical.NodeTestTask.lambda$executeRecursively$9(NodeTestTask.java:139)
	at app//org.junit.platform.engine.support.hierarchical.ThrowableCollector.execute(ThrowableCollector.java:73)
	at app//org.junit.platform.engine.support.hierarchical.NodeTestTask.executeRecursively(NodeTestTask.java:138)
	at app//org.junit.platform.engine.support.hierarchical.NodeTestTask.execute(NodeTestTask.java:95)
	at app//org.junit.platform.engine.support.hierarchical.SameThreadHierarchicalTestExecutorService.submit(SameThreadHierarchicalTestExecutorService.java:35)
	at app//org.junit.platform.engine.support.hierarchical.HierarchicalTestExecutor.execute(HierarchicalTestExecutor.java:57)
	at app//org.junit.platform.engine.support.hierarchical.HierarchicalTestEngine.execute(HierarchicalTestEngine.java:54)
	at org.junit.platform.launcher.core.EngineExecutionOrchestrator.execute(EngineExecutionOrchestrator.java:107)
	at org.junit.platform.launcher.core.EngineExecutionOrchestrator.execute(EngineExecutionOrchestrator.java:88)
	at org.junit.platform.launcher.core.EngineExecutionOrchestrator.lambda$execute$0(EngineExecutionOrchestrator.java:54)
	at org.junit.platform.launcher.core.EngineExecutionOrchestrator.withInterceptedStreams(EngineExecutionOrchestrator.java:67)
	at org.junit.platform.launcher.core.EngineExecutionOrchestrator.execute(EngineExecutionOrchestrator.java:52)
	at org.junit.platform.launcher.core.DefaultLauncher.execute(DefaultLauncher.java:114)
	at org.junit.platform.launcher.core.DefaultLauncher.execute(DefaultLauncher.java:86)
	at org.junit.platform.launcher.core.DefaultLauncherSession$DelegatingLauncher.execute(DefaultLauncherSession.java:86)
	at org.junit.platform.launcher.core.SessionPerRequestLauncher.execute(SessionPerRequestLauncher.java:53)
	at org.gradle.api.internal.tasks.testing.junitplatform.JUnitPlatformTestClassProcessor$CollectAllTestClassesExecutor.processAllTestClasses(JUnitPlatformTestClassProcessor.java:99)
	at org.gradle.api.internal.tasks.testing.junitplatform.JUnitPlatformTestClassProcessor$CollectAllTestClassesExecutor.access$000(JUnitPlatformTestClassProcessor.java:79)
	at org.gradle.api.internal.tasks.testing.junitplatform.JUnitPlatformTestClassProcessor.stop(JUnitPlatformTestClassProcessor.java:75)
	at org.gradle.api.internal.tasks.testing.SuiteTestClassProcessor.stop(SuiteTestClassProcessor.java:62)
	at java.base@11.0.18/jdk.internal.reflect.NativeMethodAccessorImpl.invoke0(Native Method)
	at java.base@11.0.18/jdk.internal.reflect.NativeMethodAccessorImpl.invoke(NativeMethodAccessorImpl.java:62)
	at java.base@11.0.18/jdk.internal.reflect.DelegatingMethodAccessorImpl.invoke(DelegatingMethodAccessorImpl.java:43)
	at java.base@11.0.18/java.lang.reflect.Method.invoke(Method.java:566)
	at org.gradle.internal.dispatch.ReflectionDispatch.dispatch(ReflectionDispatch.java:36)
	at org.gradle.internal.dispatch.ReflectionDispatch.dispatch(ReflectionDispatch.java:24)
	at org.gradle.internal.dispatch.ContextClassLoaderDispatch.dispatch(ContextClassLoaderDispatch.java:33)
	at org.gradle.internal.dispatch.ProxyDispatchAdapter$DispatchingInvocationHandler.invoke(ProxyDispatchAdapter.java:94)
	at com.sun.proxy.$Proxy2.stop(Unknown Source)
	at org.gradle.api.internal.tasks.testing.worker.TestWorker$3.run(TestWorker.java:193)
	at org.gradle.api.internal.tasks.testing.worker.TestWorker.executeAndMaintainThreadName(TestWorker.java:129)
	at org.gradle.api.internal.tasks.testing.worker.TestWorker.execute(TestWorker.java:100)
	at org.gradle.api.internal.tasks.testing.worker.TestWorker.execute(TestWorker.java:60)
	at org.gradle.process.internal.worker.child.ActionExecutionWorker.execute(ActionExecutionWorker.java:56)
	at org.gradle.process.internal.worker.child.SystemApplicationClassLoaderWorker.call(SystemApplicationClassLoaderWorker.java:113)
	at org.gradle.process.internal.worker.child.SystemApplicationClassLoaderWorker.call(SystemApplicationClassLoaderWorker.java:65)
	at app//worker.org.gradle.process.internal.worker.GradleWorkerMain.run(GradleWorkerMain.java:69)
	at app//worker.org.gradle.process.internal.worker.GradleWorkerMain.main(GradleWorkerMain.java:74)
</failure>
  </testcase>
  <testcase name="jmlAsserts" classname="de.uka.ilkd.key.proof.runallproofs.RunAllProofsFunctional" time="1.464">
    <failure message="org.opentest4j.AssertionFailedError: Executed process terminated with non-zero exit value. ==&gt; expected: &lt;0&gt; but was: &lt;1&gt;" type="org.opentest4j.AssertionFailedError">org.opentest4j.AssertionFailedError: Executed process terminated with non-zero exit value. ==&gt; expected: &lt;0&gt; but was: &lt;1&gt;
	at app//org.junit.jupiter.api.AssertionUtils.fail(AssertionUtils.java:55)
	at app//org.junit.jupiter.api.AssertionUtils.failNotEqual(AssertionUtils.java:62)
	at app//org.junit.jupiter.api.AssertEquals.assertEquals(AssertEquals.java:150)
	at app//org.junit.jupiter.api.Assertions.assertEquals(Assertions.java:559)
	at app//de.uka.ilkd.key.proof.runallproofs.proofcollection.ForkedTestFileRunner.processTestFiles(ForkedTestFileRunner.java:129)
	at app//de.uka.ilkd.key.proof.runallproofs.RunAllProofsTestUnit.runTest(RunAllProofsTestUnit.java:85)
	at app//de.uka.ilkd.key.proof.runallproofs.RunAllProofsTest.lambda$data$0(RunAllProofsTest.java:83)
	at app//org.junit.jupiter.engine.descriptor.DynamicTestTestDescriptor.lambda$execute$0(DynamicTestTestDescriptor.java:53)
	at app//org.junit.jupiter.engine.execution.InvocationInterceptorChain$ValidatingInvocation.proceed(InvocationInterceptorChain.java:131)
	at app//org.junit.jupiter.api.extension.InvocationInterceptor.interceptDynamicTest(InvocationInterceptor.java:167)
	at app//org.junit.jupiter.api.extension.InvocationInterceptor.interceptDynamicTest(InvocationInterceptor.java:184)
	at app//org.junit.jupiter.engine.descriptor.DynamicTestTestDescriptor.lambda$execute$1(DynamicTestTestDescriptor.java:61)
	at app//org.junit.jupiter.engine.execution.InvocationInterceptorChain$InterceptorCall.lambda$ofVoid$0(InvocationInterceptorChain.java:78)
	at app//org.junit.jupiter.engine.execution.InvocationInterceptorChain$InterceptedInvocation.proceed(InvocationInterceptorChain.java:106)
	at app//org.junit.jupiter.engine.execution.InvocationInterceptorChain.proceed(InvocationInterceptorChain.java:64)
	at app//org.junit.jupiter.engine.execution.InvocationInterceptorChain.chainAndInvoke(InvocationInterceptorChain.java:45)
	at app//org.junit.jupiter.engine.execution.InvocationInterceptorChain.invoke(InvocationInterceptorChain.java:37)
	at app//org.junit.jupiter.engine.descriptor.DynamicTestTestDescriptor.execute(DynamicTestTestDescriptor.java:60)
	at app//org.junit.jupiter.engine.descriptor.DynamicTestTestDescriptor.execute(DynamicTestTestDescriptor.java:32)
	at app//org.junit.platform.engine.support.hierarchical.NodeTestTask.lambda$executeRecursively$6(NodeTestTask.java:151)
	at app//org.junit.platform.engine.support.hierarchical.ThrowableCollector.execute(ThrowableCollector.java:73)
	at app//org.junit.platform.engine.support.hierarchical.NodeTestTask.lambda$executeRecursively$8(NodeTestTask.java:141)
	at app//org.junit.platform.engine.support.hierarchical.Node.around(Node.java:137)
	at app//org.junit.platform.engine.support.hierarchical.NodeTestTask.lambda$executeRecursively$9(NodeTestTask.java:139)
	at app//org.junit.platform.engine.support.hierarchical.ThrowableCollector.execute(ThrowableCollector.java:73)
	at app//org.junit.platform.engine.support.hierarchical.NodeTestTask.executeRecursively(NodeTestTask.java:138)
	at app//org.junit.platform.engine.support.hierarchical.NodeTestTask.execute(NodeTestTask.java:95)
	at app//org.junit.platform.engine.support.hierarchical.SameThreadHierarchicalTestExecutorService.submit(SameThreadHierarchicalTestExecutorService.java:35)
	at app//org.junit.platform.engine.support.hierarchical.NodeTestTask$DefaultDynamicTestExecutor.execute(NodeTestTask.java:226)
	at app//org.junit.platform.engine.support.hierarchical.NodeTestTask$DefaultDynamicTestExecutor.execute(NodeTestTask.java:204)
	at java.base@11.0.18/java.util.Optional.ifPresent(Optional.java:183)
	at app//org.junit.jupiter.engine.descriptor.TestFactoryTestDescriptor.lambda$invokeTestMethod$1(TestFactoryTestDescriptor.java:108)
	at app//org.junit.platform.engine.support.hierarchical.ThrowableCollector.execute(ThrowableCollector.java:73)
	at app//org.junit.jupiter.engine.descriptor.TestFactoryTestDescriptor.invokeTestMethod(TestFactoryTestDescriptor.java:95)
	at app//org.junit.jupiter.engine.descriptor.TestMethodTestDescriptor.execute(TestMethodTestDescriptor.java:135)
	at app//org.junit.jupiter.engine.descriptor.TestMethodTestDescriptor.execute(TestMethodTestDescriptor.java:66)
	at app//org.junit.platform.engine.support.hierarchical.NodeTestTask.lambda$executeRecursively$6(NodeTestTask.java:151)
	at app//org.junit.platform.engine.support.hierarchical.ThrowableCollector.execute(ThrowableCollector.java:73)
	at app//org.junit.platform.engine.support.hierarchical.NodeTestTask.lambda$executeRecursively$8(NodeTestTask.java:141)
	at app//org.junit.platform.engine.support.hierarchical.Node.around(Node.java:137)
	at app//org.junit.platform.engine.support.hierarchical.NodeTestTask.lambda$executeRecursively$9(NodeTestTask.java:139)
	at app//org.junit.platform.engine.support.hierarchical.ThrowableCollector.execute(ThrowableCollector.java:73)
	at app//org.junit.platform.engine.support.hierarchical.NodeTestTask.executeRecursively(NodeTestTask.java:138)
	at app//org.junit.platform.engine.support.hierarchical.NodeTestTask.execute(NodeTestTask.java:95)
	at java.base@11.0.18/java.util.ArrayList.forEach(ArrayList.java:1541)
	at app//org.junit.platform.engine.support.hierarchical.SameThreadHierarchicalTestExecutorService.invokeAll(SameThreadHierarchicalTestExecutorService.java:41)
	at app//org.junit.platform.engine.support.hierarchical.NodeTestTask.lambda$executeRecursively$6(NodeTestTask.java:155)
	at app//org.junit.platform.engine.support.hierarchical.ThrowableCollector.execute(ThrowableCollector.java:73)
	at app//org.junit.platform.engine.support.hierarchical.NodeTestTask.lambda$executeRecursively$8(NodeTestTask.java:141)
	at app//org.junit.platform.engine.support.hierarchical.Node.around(Node.java:137)
	at app//org.junit.platform.engine.support.hierarchical.NodeTestTask.lambda$executeRecursively$9(NodeTestTask.java:139)
	at app//org.junit.platform.engine.support.hierarchical.ThrowableCollector.execute(ThrowableCollector.java:73)
	at app//org.junit.platform.engine.support.hierarchical.NodeTestTask.executeRecursively(NodeTestTask.java:138)
	at app//org.junit.platform.engine.support.hierarchical.NodeTestTask.execute(NodeTestTask.java:95)
	at java.base@11.0.18/java.util.ArrayList.forEach(ArrayList.java:1541)
	at app//org.junit.platform.engine.support.hierarchical.SameThreadHierarchicalTestExecutorService.invokeAll(SameThreadHierarchicalTestExecutorService.java:41)
	at app//org.junit.platform.engine.support.hierarchical.NodeTestTask.lambda$executeRecursively$6(NodeTestTask.java:155)
	at app//org.junit.platform.engine.support.hierarchical.ThrowableCollector.execute(ThrowableCollector.java:73)
	at app//org.junit.platform.engine.support.hierarchical.NodeTestTask.lambda$executeRecursively$8(NodeTestTask.java:141)
	at app//org.junit.platform.engine.support.hierarchical.Node.around(Node.java:137)
	at app//org.junit.platform.engine.support.hierarchical.NodeTestTask.lambda$executeRecursively$9(NodeTestTask.java:139)
	at app//org.junit.platform.engine.support.hierarchical.ThrowableCollector.execute(ThrowableCollector.java:73)
	at app//org.junit.platform.engine.support.hierarchical.NodeTestTask.executeRecursively(NodeTestTask.java:138)
	at app//org.junit.platform.engine.support.hierarchical.NodeTestTask.execute(NodeTestTask.java:95)
	at app//org.junit.platform.engine.support.hierarchical.SameThreadHierarchicalTestExecutorService.submit(SameThreadHierarchicalTestExecutorService.java:35)
	at app//org.junit.platform.engine.support.hierarchical.HierarchicalTestExecutor.execute(HierarchicalTestExecutor.java:57)
	at app//org.junit.platform.engine.support.hierarchical.HierarchicalTestEngine.execute(HierarchicalTestEngine.java:54)
	at org.junit.platform.launcher.core.EngineExecutionOrchestrator.execute(EngineExecutionOrchestrator.java:107)
	at org.junit.platform.launcher.core.EngineExecutionOrchestrator.execute(EngineExecutionOrchestrator.java:88)
	at org.junit.platform.launcher.core.EngineExecutionOrchestrator.lambda$execute$0(EngineExecutionOrchestrator.java:54)
	at org.junit.platform.launcher.core.EngineExecutionOrchestrator.withInterceptedStreams(EngineExecutionOrchestrator.java:67)
	at org.junit.platform.launcher.core.EngineExecutionOrchestrator.execute(EngineExecutionOrchestrator.java:52)
	at org.junit.platform.launcher.core.DefaultLauncher.execute(DefaultLauncher.java:114)
	at org.junit.platform.launcher.core.DefaultLauncher.execute(DefaultLauncher.java:86)
	at org.junit.platform.launcher.core.DefaultLauncherSession$DelegatingLauncher.execute(DefaultLauncherSession.java:86)
	at org.junit.platform.launcher.core.SessionPerRequestLauncher.execute(SessionPerRequestLauncher.java:53)
	at org.gradle.api.internal.tasks.testing.junitplatform.JUnitPlatformTestClassProcessor$CollectAllTestClassesExecutor.processAllTestClasses(JUnitPlatformTestClassProcessor.java:99)
	at org.gradle.api.internal.tasks.testing.junitplatform.JUnitPlatformTestClassProcessor$CollectAllTestClassesExecutor.access$000(JUnitPlatformTestClassProcessor.java:79)
	at org.gradle.api.internal.tasks.testing.junitplatform.JUnitPlatformTestClassProcessor.stop(JUnitPlatformTestClassProcessor.java:75)
	at org.gradle.api.internal.tasks.testing.SuiteTestClassProcessor.stop(SuiteTestClassProcessor.java:62)
	at java.base@11.0.18/jdk.internal.reflect.NativeMethodAccessorImpl.invoke0(Native Method)
	at java.base@11.0.18/jdk.internal.reflect.NativeMethodAccessorImpl.invoke(NativeMethodAccessorImpl.java:62)
	at java.base@11.0.18/jdk.internal.reflect.DelegatingMethodAccessorImpl.invoke(DelegatingMethodAccessorImpl.java:43)
	at java.base@11.0.18/java.lang.reflect.Method.invoke(Method.java:566)
	at org.gradle.internal.dispatch.ReflectionDispatch.dispatch(ReflectionDispatch.java:36)
	at org.gradle.internal.dispatch.ReflectionDispatch.dispatch(ReflectionDispatch.java:24)
	at org.gradle.internal.dispatch.ContextClassLoaderDispatch.dispatch(ContextClassLoaderDispatch.java:33)
	at org.gradle.internal.dispatch.ProxyDispatchAdapter$DispatchingInvocationHandler.invoke(ProxyDispatchAdapter.java:94)
	at com.sun.proxy.$Proxy2.stop(Unknown Source)
	at org.gradle.api.internal.tasks.testing.worker.TestWorker$3.run(TestWorker.java:193)
	at org.gradle.api.internal.tasks.testing.worker.TestWorker.executeAndMaintainThreadName(TestWorker.java:129)
	at org.gradle.api.internal.tasks.testing.worker.TestWorker.execute(TestWorker.java:100)
	at org.gradle.api.internal.tasks.testing.worker.TestWorker.execute(TestWorker.java:60)
	at org.gradle.process.internal.worker.child.ActionExecutionWorker.execute(ActionExecutionWorker.java:56)
	at org.gradle.process.internal.worker.child.SystemApplicationClassLoaderWorker.call(SystemApplicationClassLoaderWorker.java:113)
	at org.gradle.process.internal.worker.child.SystemApplicationClassLoaderWorker.call(SystemApplicationClassLoaderWorker.java:65)
	at app//worker.org.gradle.process.internal.worker.GradleWorkerMain.run(GradleWorkerMain.java:69)
	at app//worker.org.gradle.process.internal.worker.GradleWorkerMain.main(GradleWorkerMain.java:74)
</failure>
  </testcase>
  <testcase name="javaCard" classname="de.uka.ilkd.key.proof.runallproofs.RunAllProofsFunctional" time="1.228">
    <failure message="org.opentest4j.AssertionFailedError: Executed process terminated with non-zero exit value. ==&gt; expected: &lt;0&gt; but was: &lt;1&gt;" type="org.opentest4j.AssertionFailedError">org.opentest4j.AssertionFailedError: Executed process terminated with non-zero exit value. ==&gt; expected: &lt;0&gt; but was: &lt;1&gt;
	at app//org.junit.jupiter.api.AssertionUtils.fail(AssertionUtils.java:55)
	at app//org.junit.jupiter.api.AssertionUtils.failNotEqual(AssertionUtils.java:62)
	at app//org.junit.jupiter.api.AssertEquals.assertEquals(AssertEquals.java:150)
	at app//org.junit.jupiter.api.Assertions.assertEquals(Assertions.java:559)
	at app//de.uka.ilkd.key.proof.runallproofs.proofcollection.ForkedTestFileRunner.processTestFiles(ForkedTestFileRunner.java:129)
	at app//de.uka.ilkd.key.proof.runallproofs.RunAllProofsTestUnit.runTest(RunAllProofsTestUnit.java:85)
	at app//de.uka.ilkd.key.proof.runallproofs.RunAllProofsTest.lambda$data$0(RunAllProofsTest.java:83)
	at app//org.junit.jupiter.engine.descriptor.DynamicTestTestDescriptor.lambda$execute$0(DynamicTestTestDescriptor.java:53)
	at app//org.junit.jupiter.engine.execution.InvocationInterceptorChain$ValidatingInvocation.proceed(InvocationInterceptorChain.java:131)
	at app//org.junit.jupiter.api.extension.InvocationInterceptor.interceptDynamicTest(InvocationInterceptor.java:167)
	at app//org.junit.jupiter.api.extension.InvocationInterceptor.interceptDynamicTest(InvocationInterceptor.java:184)
	at app//org.junit.jupiter.engine.descriptor.DynamicTestTestDescriptor.lambda$execute$1(DynamicTestTestDescriptor.java:61)
	at app//org.junit.jupiter.engine.execution.InvocationInterceptorChain$InterceptorCall.lambda$ofVoid$0(InvocationInterceptorChain.java:78)
	at app//org.junit.jupiter.engine.execution.InvocationInterceptorChain$InterceptedInvocation.proceed(InvocationInterceptorChain.java:106)
	at app//org.junit.jupiter.engine.execution.InvocationInterceptorChain.proceed(InvocationInterceptorChain.java:64)
	at app//org.junit.jupiter.engine.execution.InvocationInterceptorChain.chainAndInvoke(InvocationInterceptorChain.java:45)
	at app//org.junit.jupiter.engine.execution.InvocationInterceptorChain.invoke(InvocationInterceptorChain.java:37)
	at app//org.junit.jupiter.engine.descriptor.DynamicTestTestDescriptor.execute(DynamicTestTestDescriptor.java:60)
	at app//org.junit.jupiter.engine.descriptor.DynamicTestTestDescriptor.execute(DynamicTestTestDescriptor.java:32)
	at app//org.junit.platform.engine.support.hierarchical.NodeTestTask.lambda$executeRecursively$6(NodeTestTask.java:151)
	at app//org.junit.platform.engine.support.hierarchical.ThrowableCollector.execute(ThrowableCollector.java:73)
	at app//org.junit.platform.engine.support.hierarchical.NodeTestTask.lambda$executeRecursively$8(NodeTestTask.java:141)
	at app//org.junit.platform.engine.support.hierarchical.Node.around(Node.java:137)
	at app//org.junit.platform.engine.support.hierarchical.NodeTestTask.lambda$executeRecursively$9(NodeTestTask.java:139)
	at app//org.junit.platform.engine.support.hierarchical.ThrowableCollector.execute(ThrowableCollector.java:73)
	at app//org.junit.platform.engine.support.hierarchical.NodeTestTask.executeRecursively(NodeTestTask.java:138)
	at app//org.junit.platform.engine.support.hierarchical.NodeTestTask.execute(NodeTestTask.java:95)
	at app//org.junit.platform.engine.support.hierarchical.SameThreadHierarchicalTestExecutorService.submit(SameThreadHierarchicalTestExecutorService.java:35)
	at app//org.junit.platform.engine.support.hierarchical.NodeTestTask$DefaultDynamicTestExecutor.execute(NodeTestTask.java:226)
	at app//org.junit.platform.engine.support.hierarchical.NodeTestTask$DefaultDynamicTestExecutor.execute(NodeTestTask.java:204)
	at java.base@11.0.18/java.util.Optional.ifPresent(Optional.java:183)
	at app//org.junit.jupiter.engine.descriptor.TestFactoryTestDescriptor.lambda$invokeTestMethod$1(TestFactoryTestDescriptor.java:108)
	at app//org.junit.platform.engine.support.hierarchical.ThrowableCollector.execute(ThrowableCollector.java:73)
	at app//org.junit.jupiter.engine.descriptor.TestFactoryTestDescriptor.invokeTestMethod(TestFactoryTestDescriptor.java:95)
	at app//org.junit.jupiter.engine.descriptor.TestMethodTestDescriptor.execute(TestMethodTestDescriptor.java:135)
	at app//org.junit.jupiter.engine.descriptor.TestMethodTestDescriptor.execute(TestMethodTestDescriptor.java:66)
	at app//org.junit.platform.engine.support.hierarchical.NodeTestTask.lambda$executeRecursively$6(NodeTestTask.java:151)
	at app//org.junit.platform.engine.support.hierarchical.ThrowableCollector.execute(ThrowableCollector.java:73)
	at app//org.junit.platform.engine.support.hierarchical.NodeTestTask.lambda$executeRecursively$8(NodeTestTask.java:141)
	at app//org.junit.platform.engine.support.hierarchical.Node.around(Node.java:137)
	at app//org.junit.platform.engine.support.hierarchical.NodeTestTask.lambda$executeRecursively$9(NodeTestTask.java:139)
	at app//org.junit.platform.engine.support.hierarchical.ThrowableCollector.execute(ThrowableCollector.java:73)
	at app//org.junit.platform.engine.support.hierarchical.NodeTestTask.executeRecursively(NodeTestTask.java:138)
	at app//org.junit.platform.engine.support.hierarchical.NodeTestTask.execute(NodeTestTask.java:95)
	at java.base@11.0.18/java.util.ArrayList.forEach(ArrayList.java:1541)
	at app//org.junit.platform.engine.support.hierarchical.SameThreadHierarchicalTestExecutorService.invokeAll(SameThreadHierarchicalTestExecutorService.java:41)
	at app//org.junit.platform.engine.support.hierarchical.NodeTestTask.lambda$executeRecursively$6(NodeTestTask.java:155)
	at app//org.junit.platform.engine.support.hierarchical.ThrowableCollector.execute(ThrowableCollector.java:73)
	at app//org.junit.platform.engine.support.hierarchical.NodeTestTask.lambda$executeRecursively$8(NodeTestTask.java:141)
	at app//org.junit.platform.engine.support.hierarchical.Node.around(Node.java:137)
	at app//org.junit.platform.engine.support.hierarchical.NodeTestTask.lambda$executeRecursively$9(NodeTestTask.java:139)
	at app//org.junit.platform.engine.support.hierarchical.ThrowableCollector.execute(ThrowableCollector.java:73)
	at app//org.junit.platform.engine.support.hierarchical.NodeTestTask.executeRecursively(NodeTestTask.java:138)
	at app//org.junit.platform.engine.support.hierarchical.NodeTestTask.execute(NodeTestTask.java:95)
	at java.base@11.0.18/java.util.ArrayList.forEach(ArrayList.java:1541)
	at app//org.junit.platform.engine.support.hierarchical.SameThreadHierarchicalTestExecutorService.invokeAll(SameThreadHierarchicalTestExecutorService.java:41)
	at app//org.junit.platform.engine.support.hierarchical.NodeTestTask.lambda$executeRecursively$6(NodeTestTask.java:155)
	at app//org.junit.platform.engine.support.hierarchical.ThrowableCollector.execute(ThrowableCollector.java:73)
	at app//org.junit.platform.engine.support.hierarchical.NodeTestTask.lambda$executeRecursively$8(NodeTestTask.java:141)
	at app//org.junit.platform.engine.support.hierarchical.Node.around(Node.java:137)
	at app//org.junit.platform.engine.support.hierarchical.NodeTestTask.lambda$executeRecursively$9(NodeTestTask.java:139)
	at app//org.junit.platform.engine.support.hierarchical.ThrowableCollector.execute(ThrowableCollector.java:73)
	at app//org.junit.platform.engine.support.hierarchical.NodeTestTask.executeRecursively(NodeTestTask.java:138)
	at app//org.junit.platform.engine.support.hierarchical.NodeTestTask.execute(NodeTestTask.java:95)
	at app//org.junit.platform.engine.support.hierarchical.SameThreadHierarchicalTestExecutorService.submit(SameThreadHierarchicalTestExecutorService.java:35)
	at app//org.junit.platform.engine.support.hierarchical.HierarchicalTestExecutor.execute(HierarchicalTestExecutor.java:57)
	at app//org.junit.platform.engine.support.hierarchical.HierarchicalTestEngine.execute(HierarchicalTestEngine.java:54)
	at org.junit.platform.launcher.core.EngineExecutionOrchestrator.execute(EngineExecutionOrchestrator.java:107)
	at org.junit.platform.launcher.core.EngineExecutionOrchestrator.execute(EngineExecutionOrchestrator.java:88)
	at org.junit.platform.launcher.core.EngineExecutionOrchestrator.lambda$execute$0(EngineExecutionOrchestrator.java:54)
	at org.junit.platform.launcher.core.EngineExecutionOrchestrator.withInterceptedStreams(EngineExecutionOrchestrator.java:67)
	at org.junit.platform.launcher.core.EngineExecutionOrchestrator.execute(EngineExecutionOrchestrator.java:52)
	at org.junit.platform.launcher.core.DefaultLauncher.execute(DefaultLauncher.java:114)
	at org.junit.platform.launcher.core.DefaultLauncher.execute(DefaultLauncher.java:86)
	at org.junit.platform.launcher.core.DefaultLauncherSession$DelegatingLauncher.execute(DefaultLauncherSession.java:86)
	at org.junit.platform.launcher.core.SessionPerRequestLauncher.execute(SessionPerRequestLauncher.java:53)
	at org.gradle.api.internal.tasks.testing.junitplatform.JUnitPlatformTestClassProcessor$CollectAllTestClassesExecutor.processAllTestClasses(JUnitPlatformTestClassProcessor.java:99)
	at org.gradle.api.internal.tasks.testing.junitplatform.JUnitPlatformTestClassProcessor$CollectAllTestClassesExecutor.access$000(JUnitPlatformTestClassProcessor.java:79)
	at org.gradle.api.internal.tasks.testing.junitplatform.JUnitPlatformTestClassProcessor.stop(JUnitPlatformTestClassProcessor.java:75)
	at org.gradle.api.internal.tasks.testing.SuiteTestClassProcessor.stop(SuiteTestClassProcessor.java:62)
	at java.base@11.0.18/jdk.internal.reflect.NativeMethodAccessorImpl.invoke0(Native Method)
	at java.base@11.0.18/jdk.internal.reflect.NativeMethodAccessorImpl.invoke(NativeMethodAccessorImpl.java:62)
	at java.base@11.0.18/jdk.internal.reflect.DelegatingMethodAccessorImpl.invoke(DelegatingMethodAccessorImpl.java:43)
	at java.base@11.0.18/java.lang.reflect.Method.invoke(Method.java:566)
	at org.gradle.internal.dispatch.ReflectionDispatch.dispatch(ReflectionDispatch.java:36)
	at org.gradle.internal.dispatch.ReflectionDispatch.dispatch(ReflectionDispatch.java:24)
	at org.gradle.internal.dispatch.ContextClassLoaderDispatch.dispatch(ContextClassLoaderDispatch.java:33)
	at org.gradle.internal.dispatch.ProxyDispatchAdapter$DispatchingInvocationHandler.invoke(ProxyDispatchAdapter.java:94)
	at com.sun.proxy.$Proxy2.stop(Unknown Source)
	at org.gradle.api.internal.tasks.testing.worker.TestWorker$3.run(TestWorker.java:193)
	at org.gradle.api.internal.tasks.testing.worker.TestWorker.executeAndMaintainThreadName(TestWorker.java:129)
	at org.gradle.api.internal.tasks.testing.worker.TestWorker.execute(TestWorker.java:100)
	at org.gradle.api.internal.tasks.testing.worker.TestWorker.execute(TestWorker.java:60)
	at org.gradle.process.internal.worker.child.ActionExecutionWorker.execute(ActionExecutionWorker.java:56)
	at org.gradle.process.internal.worker.child.SystemApplicationClassLoaderWorker.call(SystemApplicationClassLoaderWorker.java:113)
	at org.gradle.process.internal.worker.child.SystemApplicationClassLoaderWorker.call(SystemApplicationClassLoaderWorker.java:65)
	at app//worker.org.gradle.process.internal.worker.GradleWorkerMain.run(GradleWorkerMain.java:69)
	at app//worker.org.gradle.process.internal.worker.GradleWorkerMain.main(GradleWorkerMain.java:74)
</failure>
  </testcase>
  <testcase name="project.key" classname="de.uka.ilkd.key.proof.runallproofs.RunAllProofsFunctional" time="1.106">
    <failure message="org.opentest4j.AssertionFailedError: Executed process terminated with non-zero exit value. ==&gt; expected: &lt;0&gt; but was: &lt;1&gt;" type="org.opentest4j.AssertionFailedError">org.opentest4j.AssertionFailedError: Executed process terminated with non-zero exit value. ==&gt; expected: &lt;0&gt; but was: &lt;1&gt;
	at app//org.junit.jupiter.api.AssertionUtils.fail(AssertionUtils.java:55)
	at app//org.junit.jupiter.api.AssertionUtils.failNotEqual(AssertionUtils.java:62)
	at app//org.junit.jupiter.api.AssertEquals.assertEquals(AssertEquals.java:150)
	at app//org.junit.jupiter.api.Assertions.assertEquals(Assertions.java:559)
	at app//de.uka.ilkd.key.proof.runallproofs.proofcollection.ForkedTestFileRunner.processTestFiles(ForkedTestFileRunner.java:129)
	at app//de.uka.ilkd.key.proof.runallproofs.RunAllProofsTestUnit.runTest(RunAllProofsTestUnit.java:85)
	at app//de.uka.ilkd.key.proof.runallproofs.RunAllProofsTest.lambda$data$0(RunAllProofsTest.java:83)
	at app//org.junit.jupiter.engine.descriptor.DynamicTestTestDescriptor.lambda$execute$0(DynamicTestTestDescriptor.java:53)
	at app//org.junit.jupiter.engine.execution.InvocationInterceptorChain$ValidatingInvocation.proceed(InvocationInterceptorChain.java:131)
	at app//org.junit.jupiter.api.extension.InvocationInterceptor.interceptDynamicTest(InvocationInterceptor.java:167)
	at app//org.junit.jupiter.api.extension.InvocationInterceptor.interceptDynamicTest(InvocationInterceptor.java:184)
	at app//org.junit.jupiter.engine.descriptor.DynamicTestTestDescriptor.lambda$execute$1(DynamicTestTestDescriptor.java:61)
	at app//org.junit.jupiter.engine.execution.InvocationInterceptorChain$InterceptorCall.lambda$ofVoid$0(InvocationInterceptorChain.java:78)
	at app//org.junit.jupiter.engine.execution.InvocationInterceptorChain$InterceptedInvocation.proceed(InvocationInterceptorChain.java:106)
	at app//org.junit.jupiter.engine.execution.InvocationInterceptorChain.proceed(InvocationInterceptorChain.java:64)
	at app//org.junit.jupiter.engine.execution.InvocationInterceptorChain.chainAndInvoke(InvocationInterceptorChain.java:45)
	at app//org.junit.jupiter.engine.execution.InvocationInterceptorChain.invoke(InvocationInterceptorChain.java:37)
	at app//org.junit.jupiter.engine.descriptor.DynamicTestTestDescriptor.execute(DynamicTestTestDescriptor.java:60)
	at app//org.junit.jupiter.engine.descriptor.DynamicTestTestDescriptor.execute(DynamicTestTestDescriptor.java:32)
	at app//org.junit.platform.engine.support.hierarchical.NodeTestTask.lambda$executeRecursively$6(NodeTestTask.java:151)
	at app//org.junit.platform.engine.support.hierarchical.ThrowableCollector.execute(ThrowableCollector.java:73)
	at app//org.junit.platform.engine.support.hierarchical.NodeTestTask.lambda$executeRecursively$8(NodeTestTask.java:141)
	at app//org.junit.platform.engine.support.hierarchical.Node.around(Node.java:137)
	at app//org.junit.platform.engine.support.hierarchical.NodeTestTask.lambda$executeRecursively$9(NodeTestTask.java:139)
	at app//org.junit.platform.engine.support.hierarchical.ThrowableCollector.execute(ThrowableCollector.java:73)
	at app//org.junit.platform.engine.support.hierarchical.NodeTestTask.executeRecursively(NodeTestTask.java:138)
	at app//org.junit.platform.engine.support.hierarchical.NodeTestTask.execute(NodeTestTask.java:95)
	at app//org.junit.platform.engine.support.hierarchical.SameThreadHierarchicalTestExecutorService.submit(SameThreadHierarchicalTestExecutorService.java:35)
	at app//org.junit.platform.engine.support.hierarchical.NodeTestTask$DefaultDynamicTestExecutor.execute(NodeTestTask.java:226)
	at app//org.junit.platform.engine.support.hierarchical.NodeTestTask$DefaultDynamicTestExecutor.execute(NodeTestTask.java:204)
	at java.base@11.0.18/java.util.Optional.ifPresent(Optional.java:183)
	at app//org.junit.jupiter.engine.descriptor.TestFactoryTestDescriptor.lambda$invokeTestMethod$1(TestFactoryTestDescriptor.java:108)
	at app//org.junit.platform.engine.support.hierarchical.ThrowableCollector.execute(ThrowableCollector.java:73)
	at app//org.junit.jupiter.engine.descriptor.TestFactoryTestDescriptor.invokeTestMethod(TestFactoryTestDescriptor.java:95)
	at app//org.junit.jupiter.engine.descriptor.TestMethodTestDescriptor.execute(TestMethodTestDescriptor.java:135)
	at app//org.junit.jupiter.engine.descriptor.TestMethodTestDescriptor.execute(TestMethodTestDescriptor.java:66)
	at app//org.junit.platform.engine.support.hierarchical.NodeTestTask.lambda$executeRecursively$6(NodeTestTask.java:151)
	at app//org.junit.platform.engine.support.hierarchical.ThrowableCollector.execute(ThrowableCollector.java:73)
	at app//org.junit.platform.engine.support.hierarchical.NodeTestTask.lambda$executeRecursively$8(NodeTestTask.java:141)
	at app//org.junit.platform.engine.support.hierarchical.Node.around(Node.java:137)
	at app//org.junit.platform.engine.support.hierarchical.NodeTestTask.lambda$executeRecursively$9(NodeTestTask.java:139)
	at app//org.junit.platform.engine.support.hierarchical.ThrowableCollector.execute(ThrowableCollector.java:73)
	at app//org.junit.platform.engine.support.hierarchical.NodeTestTask.executeRecursively(NodeTestTask.java:138)
	at app//org.junit.platform.engine.support.hierarchical.NodeTestTask.execute(NodeTestTask.java:95)
	at java.base@11.0.18/java.util.ArrayList.forEach(ArrayList.java:1541)
	at app//org.junit.platform.engine.support.hierarchical.SameThreadHierarchicalTestExecutorService.invokeAll(SameThreadHierarchicalTestExecutorService.java:41)
	at app//org.junit.platform.engine.support.hierarchical.NodeTestTask.lambda$executeRecursively$6(NodeTestTask.java:155)
	at app//org.junit.platform.engine.support.hierarchical.ThrowableCollector.execute(ThrowableCollector.java:73)
	at app//org.junit.platform.engine.support.hierarchical.NodeTestTask.lambda$executeRecursively$8(NodeTestTask.java:141)
	at app//org.junit.platform.engine.support.hierarchical.Node.around(Node.java:137)
	at app//org.junit.platform.engine.support.hierarchical.NodeTestTask.lambda$executeRecursively$9(NodeTestTask.java:139)
	at app//org.junit.platform.engine.support.hierarchical.ThrowableCollector.execute(ThrowableCollector.java:73)
	at app//org.junit.platform.engine.support.hierarchical.NodeTestTask.executeRecursively(NodeTestTask.java:138)
	at app//org.junit.platform.engine.support.hierarchical.NodeTestTask.execute(NodeTestTask.java:95)
	at java.base@11.0.18/java.util.ArrayList.forEach(ArrayList.java:1541)
	at app//org.junit.platform.engine.support.hierarchical.SameThreadHierarchicalTestExecutorService.invokeAll(SameThreadHierarchicalTestExecutorService.java:41)
	at app//org.junit.platform.engine.support.hierarchical.NodeTestTask.lambda$executeRecursively$6(NodeTestTask.java:155)
	at app//org.junit.platform.engine.support.hierarchical.ThrowableCollector.execute(ThrowableCollector.java:73)
	at app//org.junit.platform.engine.support.hierarchical.NodeTestTask.lambda$executeRecursively$8(NodeTestTask.java:141)
	at app//org.junit.platform.engine.support.hierarchical.Node.around(Node.java:137)
	at app//org.junit.platform.engine.support.hierarchical.NodeTestTask.lambda$executeRecursively$9(NodeTestTask.java:139)
	at app//org.junit.platform.engine.support.hierarchical.ThrowableCollector.execute(ThrowableCollector.java:73)
	at app//org.junit.platform.engine.support.hierarchical.NodeTestTask.executeRecursively(NodeTestTask.java:138)
	at app//org.junit.platform.engine.support.hierarchical.NodeTestTask.execute(NodeTestTask.java:95)
	at app//org.junit.platform.engine.support.hierarchical.SameThreadHierarchicalTestExecutorService.submit(SameThreadHierarchicalTestExecutorService.java:35)
	at app//org.junit.platform.engine.support.hierarchical.HierarchicalTestExecutor.execute(HierarchicalTestExecutor.java:57)
	at app//org.junit.platform.engine.support.hierarchical.HierarchicalTestEngine.execute(HierarchicalTestEngine.java:54)
	at org.junit.platform.launcher.core.EngineExecutionOrchestrator.execute(EngineExecutionOrchestrator.java:107)
	at org.junit.platform.launcher.core.EngineExecutionOrchestrator.execute(EngineExecutionOrchestrator.java:88)
	at org.junit.platform.launcher.core.EngineExecutionOrchestrator.lambda$execute$0(EngineExecutionOrchestrator.java:54)
	at org.junit.platform.launcher.core.EngineExecutionOrchestrator.withInterceptedStreams(EngineExecutionOrchestrator.java:67)
	at org.junit.platform.launcher.core.EngineExecutionOrchestrator.execute(EngineExecutionOrchestrator.java:52)
	at org.junit.platform.launcher.core.DefaultLauncher.execute(DefaultLauncher.java:114)
	at org.junit.platform.launcher.core.DefaultLauncher.execute(DefaultLauncher.java:86)
	at org.junit.platform.launcher.core.DefaultLauncherSession$DelegatingLauncher.execute(DefaultLauncherSession.java:86)
	at org.junit.platform.launcher.core.SessionPerRequestLauncher.execute(SessionPerRequestLauncher.java:53)
	at org.gradle.api.internal.tasks.testing.junitplatform.JUnitPlatformTestClassProcessor$CollectAllTestClassesExecutor.processAllTestClasses(JUnitPlatformTestClassProcessor.java:99)
	at org.gradle.api.internal.tasks.testing.junitplatform.JUnitPlatformTestClassProcessor$CollectAllTestClassesExecutor.access$000(JUnitPlatformTestClassProcessor.java:79)
	at org.gradle.api.internal.tasks.testing.junitplatform.JUnitPlatformTestClassProcessor.stop(JUnitPlatformTestClassProcessor.java:75)
	at org.gradle.api.internal.tasks.testing.SuiteTestClassProcessor.stop(SuiteTestClassProcessor.java:62)
	at java.base@11.0.18/jdk.internal.reflect.NativeMethodAccessorImpl.invoke0(Native Method)
	at java.base@11.0.18/jdk.internal.reflect.NativeMethodAccessorImpl.invoke(NativeMethodAccessorImpl.java:62)
	at java.base@11.0.18/jdk.internal.reflect.DelegatingMethodAccessorImpl.invoke(DelegatingMethodAccessorImpl.java:43)
	at java.base@11.0.18/java.lang.reflect.Method.invoke(Method.java:566)
	at org.gradle.internal.dispatch.ReflectionDispatch.dispatch(ReflectionDispatch.java:36)
	at org.gradle.internal.dispatch.ReflectionDispatch.dispatch(ReflectionDispatch.java:24)
	at org.gradle.internal.dispatch.ContextClassLoaderDispatch.dispatch(ContextClassLoaderDispatch.java:33)
	at org.gradle.internal.dispatch.ProxyDispatchAdapter$DispatchingInvocationHandler.invoke(ProxyDispatchAdapter.java:94)
	at com.sun.proxy.$Proxy2.stop(Unknown Source)
	at org.gradle.api.internal.tasks.testing.worker.TestWorker$3.run(TestWorker.java:193)
	at org.gradle.api.internal.tasks.testing.worker.TestWorker.executeAndMaintainThreadName(TestWorker.java:129)
	at org.gradle.api.internal.tasks.testing.worker.TestWorker.execute(TestWorker.java:100)
	at org.gradle.api.internal.tasks.testing.worker.TestWorker.execute(TestWorker.java:60)
	at org.gradle.process.internal.worker.child.ActionExecutionWorker.execute(ActionExecutionWorker.java:56)
	at org.gradle.process.internal.worker.child.SystemApplicationClassLoaderWorker.call(SystemApplicationClassLoaderWorker.java:113)
	at org.gradle.process.internal.worker.child.SystemApplicationClassLoaderWorker.call(SystemApplicationClassLoaderWorker.java:65)
	at app//worker.org.gradle.process.internal.worker.GradleWorkerMain.run(GradleWorkerMain.java:69)
	at app//worker.org.gradle.process.internal.worker.GradleWorkerMain.main(GradleWorkerMain.java:74)
</failure>
  </testcase>
  <testcase name="project.key#1" classname="de.uka.ilkd.key.proof.runallproofs.RunAllProofsFunctional" time="1.116">
    <failure message="org.opentest4j.AssertionFailedError: Executed process terminated with non-zero exit value. ==&gt; expected: &lt;0&gt; but was: &lt;1&gt;" type="org.opentest4j.AssertionFailedError">org.opentest4j.AssertionFailedError: Executed process terminated with non-zero exit value. ==&gt; expected: &lt;0&gt; but was: &lt;1&gt;
	at app//org.junit.jupiter.api.AssertionUtils.fail(AssertionUtils.java:55)
	at app//org.junit.jupiter.api.AssertionUtils.failNotEqual(AssertionUtils.java:62)
	at app//org.junit.jupiter.api.AssertEquals.assertEquals(AssertEquals.java:150)
	at app//org.junit.jupiter.api.Assertions.assertEquals(Assertions.java:559)
	at app//de.uka.ilkd.key.proof.runallproofs.proofcollection.ForkedTestFileRunner.processTestFiles(ForkedTestFileRunner.java:129)
	at app//de.uka.ilkd.key.proof.runallproofs.RunAllProofsTestUnit.runTest(RunAllProofsTestUnit.java:85)
	at app//de.uka.ilkd.key.proof.runallproofs.RunAllProofsTest.lambda$data$0(RunAllProofsTest.java:83)
	at app//org.junit.jupiter.engine.descriptor.DynamicTestTestDescriptor.lambda$execute$0(DynamicTestTestDescriptor.java:53)
	at app//org.junit.jupiter.engine.execution.InvocationInterceptorChain$ValidatingInvocation.proceed(InvocationInterceptorChain.java:131)
	at app//org.junit.jupiter.api.extension.InvocationInterceptor.interceptDynamicTest(InvocationInterceptor.java:167)
	at app//org.junit.jupiter.api.extension.InvocationInterceptor.interceptDynamicTest(InvocationInterceptor.java:184)
	at app//org.junit.jupiter.engine.descriptor.DynamicTestTestDescriptor.lambda$execute$1(DynamicTestTestDescriptor.java:61)
	at app//org.junit.jupiter.engine.execution.InvocationInterceptorChain$InterceptorCall.lambda$ofVoid$0(InvocationInterceptorChain.java:78)
	at app//org.junit.jupiter.engine.execution.InvocationInterceptorChain$InterceptedInvocation.proceed(InvocationInterceptorChain.java:106)
	at app//org.junit.jupiter.engine.execution.InvocationInterceptorChain.proceed(InvocationInterceptorChain.java:64)
	at app//org.junit.jupiter.engine.execution.InvocationInterceptorChain.chainAndInvoke(InvocationInterceptorChain.java:45)
	at app//org.junit.jupiter.engine.execution.InvocationInterceptorChain.invoke(InvocationInterceptorChain.java:37)
	at app//org.junit.jupiter.engine.descriptor.DynamicTestTestDescriptor.execute(DynamicTestTestDescriptor.java:60)
	at app//org.junit.jupiter.engine.descriptor.DynamicTestTestDescriptor.execute(DynamicTestTestDescriptor.java:32)
	at app//org.junit.platform.engine.support.hierarchical.NodeTestTask.lambda$executeRecursively$6(NodeTestTask.java:151)
	at app//org.junit.platform.engine.support.hierarchical.ThrowableCollector.execute(ThrowableCollector.java:73)
	at app//org.junit.platform.engine.support.hierarchical.NodeTestTask.lambda$executeRecursively$8(NodeTestTask.java:141)
	at app//org.junit.platform.engine.support.hierarchical.Node.around(Node.java:137)
	at app//org.junit.platform.engine.support.hierarchical.NodeTestTask.lambda$executeRecursively$9(NodeTestTask.java:139)
	at app//org.junit.platform.engine.support.hierarchical.ThrowableCollector.execute(ThrowableCollector.java:73)
	at app//org.junit.platform.engine.support.hierarchical.NodeTestTask.executeRecursively(NodeTestTask.java:138)
	at app//org.junit.platform.engine.support.hierarchical.NodeTestTask.execute(NodeTestTask.java:95)
	at app//org.junit.platform.engine.support.hierarchical.SameThreadHierarchicalTestExecutorService.submit(SameThreadHierarchicalTestExecutorService.java:35)
	at app//org.junit.platform.engine.support.hierarchical.NodeTestTask$DefaultDynamicTestExecutor.execute(NodeTestTask.java:226)
	at app//org.junit.platform.engine.support.hierarchical.NodeTestTask$DefaultDynamicTestExecutor.execute(NodeTestTask.java:204)
	at java.base@11.0.18/java.util.Optional.ifPresent(Optional.java:183)
	at app//org.junit.jupiter.engine.descriptor.TestFactoryTestDescriptor.lambda$invokeTestMethod$1(TestFactoryTestDescriptor.java:108)
	at app//org.junit.platform.engine.support.hierarchical.ThrowableCollector.execute(ThrowableCollector.java:73)
	at app//org.junit.jupiter.engine.descriptor.TestFactoryTestDescriptor.invokeTestMethod(TestFactoryTestDescriptor.java:95)
	at app//org.junit.jupiter.engine.descriptor.TestMethodTestDescriptor.execute(TestMethodTestDescriptor.java:135)
	at app//org.junit.jupiter.engine.descriptor.TestMethodTestDescriptor.execute(TestMethodTestDescriptor.java:66)
	at app//org.junit.platform.engine.support.hierarchical.NodeTestTask.lambda$executeRecursively$6(NodeTestTask.java:151)
	at app//org.junit.platform.engine.support.hierarchical.ThrowableCollector.execute(ThrowableCollector.java:73)
	at app//org.junit.platform.engine.support.hierarchical.NodeTestTask.lambda$executeRecursively$8(NodeTestTask.java:141)
	at app//org.junit.platform.engine.support.hierarchical.Node.around(Node.java:137)
	at app//org.junit.platform.engine.support.hierarchical.NodeTestTask.lambda$executeRecursively$9(NodeTestTask.java:139)
	at app//org.junit.platform.engine.support.hierarchical.ThrowableCollector.execute(ThrowableCollector.java:73)
	at app//org.junit.platform.engine.support.hierarchical.NodeTestTask.executeRecursively(NodeTestTask.java:138)
	at app//org.junit.platform.engine.support.hierarchical.NodeTestTask.execute(NodeTestTask.java:95)
	at java.base@11.0.18/java.util.ArrayList.forEach(ArrayList.java:1541)
	at app//org.junit.platform.engine.support.hierarchical.SameThreadHierarchicalTestExecutorService.invokeAll(SameThreadHierarchicalTestExecutorService.java:41)
	at app//org.junit.platform.engine.support.hierarchical.NodeTestTask.lambda$executeRecursively$6(NodeTestTask.java:155)
	at app//org.junit.platform.engine.support.hierarchical.ThrowableCollector.execute(ThrowableCollector.java:73)
	at app//org.junit.platform.engine.support.hierarchical.NodeTestTask.lambda$executeRecursively$8(NodeTestTask.java:141)
	at app//org.junit.platform.engine.support.hierarchical.Node.around(Node.java:137)
	at app//org.junit.platform.engine.support.hierarchical.NodeTestTask.lambda$executeRecursively$9(NodeTestTask.java:139)
	at app//org.junit.platform.engine.support.hierarchical.ThrowableCollector.execute(ThrowableCollector.java:73)
	at app//org.junit.platform.engine.support.hierarchical.NodeTestTask.executeRecursively(NodeTestTask.java:138)
	at app//org.junit.platform.engine.support.hierarchical.NodeTestTask.execute(NodeTestTask.java:95)
	at java.base@11.0.18/java.util.ArrayList.forEach(ArrayList.java:1541)
	at app//org.junit.platform.engine.support.hierarchical.SameThreadHierarchicalTestExecutorService.invokeAll(SameThreadHierarchicalTestExecutorService.java:41)
	at app//org.junit.platform.engine.support.hierarchical.NodeTestTask.lambda$executeRecursively$6(NodeTestTask.java:155)
	at app//org.junit.platform.engine.support.hierarchical.ThrowableCollector.execute(ThrowableCollector.java:73)
	at app//org.junit.platform.engine.support.hierarchical.NodeTestTask.lambda$executeRecursively$8(NodeTestTask.java:141)
	at app//org.junit.platform.engine.support.hierarchical.Node.around(Node.java:137)
	at app//org.junit.platform.engine.support.hierarchical.NodeTestTask.lambda$executeRecursively$9(NodeTestTask.java:139)
	at app//org.junit.platform.engine.support.hierarchical.ThrowableCollector.execute(ThrowableCollector.java:73)
	at app//org.junit.platform.engine.support.hierarchical.NodeTestTask.executeRecursively(NodeTestTask.java:138)
	at app//org.junit.platform.engine.support.hierarchical.NodeTestTask.execute(NodeTestTask.java:95)
	at app//org.junit.platform.engine.support.hierarchical.SameThreadHierarchicalTestExecutorService.submit(SameThreadHierarchicalTestExecutorService.java:35)
	at app//org.junit.platform.engine.support.hierarchical.HierarchicalTestExecutor.execute(HierarchicalTestExecutor.java:57)
	at app//org.junit.platform.engine.support.hierarchical.HierarchicalTestEngine.execute(HierarchicalTestEngine.java:54)
	at org.junit.platform.launcher.core.EngineExecutionOrchestrator.execute(EngineExecutionOrchestrator.java:107)
	at org.junit.platform.launcher.core.EngineExecutionOrchestrator.execute(EngineExecutionOrchestrator.java:88)
	at org.junit.platform.launcher.core.EngineExecutionOrchestrator.lambda$execute$0(EngineExecutionOrchestrator.java:54)
	at org.junit.platform.launcher.core.EngineExecutionOrchestrator.withInterceptedStreams(EngineExecutionOrchestrator.java:67)
	at org.junit.platform.launcher.core.EngineExecutionOrchestrator.execute(EngineExecutionOrchestrator.java:52)
	at org.junit.platform.launcher.core.DefaultLauncher.execute(DefaultLauncher.java:114)
	at org.junit.platform.launcher.core.DefaultLauncher.execute(DefaultLauncher.java:86)
	at org.junit.platform.launcher.core.DefaultLauncherSession$DelegatingLauncher.execute(DefaultLauncherSession.java:86)
	at org.junit.platform.launcher.core.SessionPerRequestLauncher.execute(SessionPerRequestLauncher.java:53)
	at org.gradle.api.internal.tasks.testing.junitplatform.JUnitPlatformTestClassProcessor$CollectAllTestClassesExecutor.processAllTestClasses(JUnitPlatformTestClassProcessor.java:99)
	at org.gradle.api.internal.tasks.testing.junitplatform.JUnitPlatformTestClassProcessor$CollectAllTestClassesExecutor.access$000(JUnitPlatformTestClassProcessor.java:79)
	at org.gradle.api.internal.tasks.testing.junitplatform.JUnitPlatformTestClassProcessor.stop(JUnitPlatformTestClassProcessor.java:75)
	at org.gradle.api.internal.tasks.testing.SuiteTestClassProcessor.stop(SuiteTestClassProcessor.java:62)
	at java.base@11.0.18/jdk.internal.reflect.NativeMethodAccessorImpl.invoke0(Native Method)
	at java.base@11.0.18/jdk.internal.reflect.NativeMethodAccessorImpl.invoke(NativeMethodAccessorImpl.java:62)
	at java.base@11.0.18/jdk.internal.reflect.DelegatingMethodAccessorImpl.invoke(DelegatingMethodAccessorImpl.java:43)
	at java.base@11.0.18/java.lang.reflect.Method.invoke(Method.java:566)
	at org.gradle.internal.dispatch.ReflectionDispatch.dispatch(ReflectionDispatch.java:36)
	at org.gradle.internal.dispatch.ReflectionDispatch.dispatch(ReflectionDispatch.java:24)
	at org.gradle.internal.dispatch.ContextClassLoaderDispatch.dispatch(ContextClassLoaderDispatch.java:33)
	at org.gradle.internal.dispatch.ProxyDispatchAdapter$DispatchingInvocationHandler.invoke(ProxyDispatchAdapter.java:94)
	at com.sun.proxy.$Proxy2.stop(Unknown Source)
	at org.gradle.api.internal.tasks.testing.worker.TestWorker$3.run(TestWorker.java:193)
	at org.gradle.api.internal.tasks.testing.worker.TestWorker.executeAndMaintainThreadName(TestWorker.java:129)
	at org.gradle.api.internal.tasks.testing.worker.TestWorker.execute(TestWorker.java:100)
	at org.gradle.api.internal.tasks.testing.worker.TestWorker.execute(TestWorker.java:60)
	at org.gradle.process.internal.worker.child.ActionExecutionWorker.execute(ActionExecutionWorker.java:56)
	at org.gradle.process.internal.worker.child.SystemApplicationClassLoaderWorker.call(SystemApplicationClassLoaderWorker.java:113)
	at org.gradle.process.internal.worker.child.SystemApplicationClassLoaderWorker.call(SystemApplicationClassLoaderWorker.java:65)
	at app//worker.org.gradle.process.internal.worker.GradleWorkerMain.run(GradleWorkerMain.java:69)
	at app//worker.org.gradle.process.internal.worker.GradleWorkerMain.main(GradleWorkerMain.java:74)
</failure>
  </testcase>
  <testcase name="lcp.key" classname="de.uka.ilkd.key.proof.runallproofs.RunAllProofsFunctional" time="1.068">
    <failure message="org.opentest4j.AssertionFailedError: Executed process terminated with non-zero exit value. ==&gt; expected: &lt;0&gt; but was: &lt;1&gt;" type="org.opentest4j.AssertionFailedError">org.opentest4j.AssertionFailedError: Executed process terminated with non-zero exit value. ==&gt; expected: &lt;0&gt; but was: &lt;1&gt;
	at app//org.junit.jupiter.api.AssertionUtils.fail(AssertionUtils.java:55)
	at app//org.junit.jupiter.api.AssertionUtils.failNotEqual(AssertionUtils.java:62)
	at app//org.junit.jupiter.api.AssertEquals.assertEquals(AssertEquals.java:150)
	at app//org.junit.jupiter.api.Assertions.assertEquals(Assertions.java:559)
	at app//de.uka.ilkd.key.proof.runallproofs.proofcollection.ForkedTestFileRunner.processTestFiles(ForkedTestFileRunner.java:129)
	at app//de.uka.ilkd.key.proof.runallproofs.RunAllProofsTestUnit.runTest(RunAllProofsTestUnit.java:85)
	at app//de.uka.ilkd.key.proof.runallproofs.RunAllProofsTest.lambda$data$0(RunAllProofsTest.java:83)
	at app//org.junit.jupiter.engine.descriptor.DynamicTestTestDescriptor.lambda$execute$0(DynamicTestTestDescriptor.java:53)
	at app//org.junit.jupiter.engine.execution.InvocationInterceptorChain$ValidatingInvocation.proceed(InvocationInterceptorChain.java:131)
	at app//org.junit.jupiter.api.extension.InvocationInterceptor.interceptDynamicTest(InvocationInterceptor.java:167)
	at app//org.junit.jupiter.api.extension.InvocationInterceptor.interceptDynamicTest(InvocationInterceptor.java:184)
	at app//org.junit.jupiter.engine.descriptor.DynamicTestTestDescriptor.lambda$execute$1(DynamicTestTestDescriptor.java:61)
	at app//org.junit.jupiter.engine.execution.InvocationInterceptorChain$InterceptorCall.lambda$ofVoid$0(InvocationInterceptorChain.java:78)
	at app//org.junit.jupiter.engine.execution.InvocationInterceptorChain$InterceptedInvocation.proceed(InvocationInterceptorChain.java:106)
	at app//org.junit.jupiter.engine.execution.InvocationInterceptorChain.proceed(InvocationInterceptorChain.java:64)
	at app//org.junit.jupiter.engine.execution.InvocationInterceptorChain.chainAndInvoke(InvocationInterceptorChain.java:45)
	at app//org.junit.jupiter.engine.execution.InvocationInterceptorChain.invoke(InvocationInterceptorChain.java:37)
	at app//org.junit.jupiter.engine.descriptor.DynamicTestTestDescriptor.execute(DynamicTestTestDescriptor.java:60)
	at app//org.junit.jupiter.engine.descriptor.DynamicTestTestDescriptor.execute(DynamicTestTestDescriptor.java:32)
	at app//org.junit.platform.engine.support.hierarchical.NodeTestTask.lambda$executeRecursively$6(NodeTestTask.java:151)
	at app//org.junit.platform.engine.support.hierarchical.ThrowableCollector.execute(ThrowableCollector.java:73)
	at app//org.junit.platform.engine.support.hierarchical.NodeTestTask.lambda$executeRecursively$8(NodeTestTask.java:141)
	at app//org.junit.platform.engine.support.hierarchical.Node.around(Node.java:137)
	at app//org.junit.platform.engine.support.hierarchical.NodeTestTask.lambda$executeRecursively$9(NodeTestTask.java:139)
	at app//org.junit.platform.engine.support.hierarchical.ThrowableCollector.execute(ThrowableCollector.java:73)
	at app//org.junit.platform.engine.support.hierarchical.NodeTestTask.executeRecursively(NodeTestTask.java:138)
	at app//org.junit.platform.engine.support.hierarchical.NodeTestTask.execute(NodeTestTask.java:95)
	at app//org.junit.platform.engine.support.hierarchical.SameThreadHierarchicalTestExecutorService.submit(SameThreadHierarchicalTestExecutorService.java:35)
	at app//org.junit.platform.engine.support.hierarchical.NodeTestTask$DefaultDynamicTestExecutor.execute(NodeTestTask.java:226)
	at app//org.junit.platform.engine.support.hierarchical.NodeTestTask$DefaultDynamicTestExecutor.execute(NodeTestTask.java:204)
	at java.base@11.0.18/java.util.Optional.ifPresent(Optional.java:183)
	at app//org.junit.jupiter.engine.descriptor.TestFactoryTestDescriptor.lambda$invokeTestMethod$1(TestFactoryTestDescriptor.java:108)
	at app//org.junit.platform.engine.support.hierarchical.ThrowableCollector.execute(ThrowableCollector.java:73)
	at app//org.junit.jupiter.engine.descriptor.TestFactoryTestDescriptor.invokeTestMethod(TestFactoryTestDescriptor.java:95)
	at app//org.junit.jupiter.engine.descriptor.TestMethodTestDescriptor.execute(TestMethodTestDescriptor.java:135)
	at app//org.junit.jupiter.engine.descriptor.TestMethodTestDescriptor.execute(TestMethodTestDescriptor.java:66)
	at app//org.junit.platform.engine.support.hierarchical.NodeTestTask.lambda$executeRecursively$6(NodeTestTask.java:151)
	at app//org.junit.platform.engine.support.hierarchical.ThrowableCollector.execute(ThrowableCollector.java:73)
	at app//org.junit.platform.engine.support.hierarchical.NodeTestTask.lambda$executeRecursively$8(NodeTestTask.java:141)
	at app//org.junit.platform.engine.support.hierarchical.Node.around(Node.java:137)
	at app//org.junit.platform.engine.support.hierarchical.NodeTestTask.lambda$executeRecursively$9(NodeTestTask.java:139)
	at app//org.junit.platform.engine.support.hierarchical.ThrowableCollector.execute(ThrowableCollector.java:73)
	at app//org.junit.platform.engine.support.hierarchical.NodeTestTask.executeRecursively(NodeTestTask.java:138)
	at app//org.junit.platform.engine.support.hierarchical.NodeTestTask.execute(NodeTestTask.java:95)
	at java.base@11.0.18/java.util.ArrayList.forEach(ArrayList.java:1541)
	at app//org.junit.platform.engine.support.hierarchical.SameThreadHierarchicalTestExecutorService.invokeAll(SameThreadHierarchicalTestExecutorService.java:41)
	at app//org.junit.platform.engine.support.hierarchical.NodeTestTask.lambda$executeRecursively$6(NodeTestTask.java:155)
	at app//org.junit.platform.engine.support.hierarchical.ThrowableCollector.execute(ThrowableCollector.java:73)
	at app//org.junit.platform.engine.support.hierarchical.NodeTestTask.lambda$executeRecursively$8(NodeTestTask.java:141)
	at app//org.junit.platform.engine.support.hierarchical.Node.around(Node.java:137)
	at app//org.junit.platform.engine.support.hierarchical.NodeTestTask.lambda$executeRecursively$9(NodeTestTask.java:139)
	at app//org.junit.platform.engine.support.hierarchical.ThrowableCollector.execute(ThrowableCollector.java:73)
	at app//org.junit.platform.engine.support.hierarchical.NodeTestTask.executeRecursively(NodeTestTask.java:138)
	at app//org.junit.platform.engine.support.hierarchical.NodeTestTask.execute(NodeTestTask.java:95)
	at java.base@11.0.18/java.util.ArrayList.forEach(ArrayList.java:1541)
	at app//org.junit.platform.engine.support.hierarchical.SameThreadHierarchicalTestExecutorService.invokeAll(SameThreadHierarchicalTestExecutorService.java:41)
	at app//org.junit.platform.engine.support.hierarchical.NodeTestTask.lambda$executeRecursively$6(NodeTestTask.java:155)
	at app//org.junit.platform.engine.support.hierarchical.ThrowableCollector.execute(ThrowableCollector.java:73)
	at app//org.junit.platform.engine.support.hierarchical.NodeTestTask.lambda$executeRecursively$8(NodeTestTask.java:141)
	at app//org.junit.platform.engine.support.hierarchical.Node.around(Node.java:137)
	at app//org.junit.platform.engine.support.hierarchical.NodeTestTask.lambda$executeRecursively$9(NodeTestTask.java:139)
	at app//org.junit.platform.engine.support.hierarchical.ThrowableCollector.execute(ThrowableCollector.java:73)
	at app//org.junit.platform.engine.support.hierarchical.NodeTestTask.executeRecursively(NodeTestTask.java:138)
	at app//org.junit.platform.engine.support.hierarchical.NodeTestTask.execute(NodeTestTask.java:95)
	at app//org.junit.platform.engine.support.hierarchical.SameThreadHierarchicalTestExecutorService.submit(SameThreadHierarchicalTestExecutorService.java:35)
	at app//org.junit.platform.engine.support.hierarchical.HierarchicalTestExecutor.execute(HierarchicalTestExecutor.java:57)
	at app//org.junit.platform.engine.support.hierarchical.HierarchicalTestEngine.execute(HierarchicalTestEngine.java:54)
	at org.junit.platform.launcher.core.EngineExecutionOrchestrator.execute(EngineExecutionOrchestrator.java:107)
	at org.junit.platform.launcher.core.EngineExecutionOrchestrator.execute(EngineExecutionOrchestrator.java:88)
	at org.junit.platform.launcher.core.EngineExecutionOrchestrator.lambda$execute$0(EngineExecutionOrchestrator.java:54)
	at org.junit.platform.launcher.core.EngineExecutionOrchestrator.withInterceptedStreams(EngineExecutionOrchestrator.java:67)
	at org.junit.platform.launcher.core.EngineExecutionOrchestrator.execute(EngineExecutionOrchestrator.java:52)
	at org.junit.platform.launcher.core.DefaultLauncher.execute(DefaultLauncher.java:114)
	at org.junit.platform.launcher.core.DefaultLauncher.execute(DefaultLauncher.java:86)
	at org.junit.platform.launcher.core.DefaultLauncherSession$DelegatingLauncher.execute(DefaultLauncherSession.java:86)
	at org.junit.platform.launcher.core.SessionPerRequestLauncher.execute(SessionPerRequestLauncher.java:53)
	at org.gradle.api.internal.tasks.testing.junitplatform.JUnitPlatformTestClassProcessor$CollectAllTestClassesExecutor.processAllTestClasses(JUnitPlatformTestClassProcessor.java:99)
	at org.gradle.api.internal.tasks.testing.junitplatform.JUnitPlatformTestClassProcessor$CollectAllTestClassesExecutor.access$000(JUnitPlatformTestClassProcessor.java:79)
	at org.gradle.api.internal.tasks.testing.junitplatform.JUnitPlatformTestClassProcessor.stop(JUnitPlatformTestClassProcessor.java:75)
	at org.gradle.api.internal.tasks.testing.SuiteTestClassProcessor.stop(SuiteTestClassProcessor.java:62)
	at java.base@11.0.18/jdk.internal.reflect.NativeMethodAccessorImpl.invoke0(Native Method)
	at java.base@11.0.18/jdk.internal.reflect.NativeMethodAccessorImpl.invoke(NativeMethodAccessorImpl.java:62)
	at java.base@11.0.18/jdk.internal.reflect.DelegatingMethodAccessorImpl.invoke(DelegatingMethodAccessorImpl.java:43)
	at java.base@11.0.18/java.lang.reflect.Method.invoke(Method.java:566)
	at org.gradle.internal.dispatch.ReflectionDispatch.dispatch(ReflectionDispatch.java:36)
	at org.gradle.internal.dispatch.ReflectionDispatch.dispatch(ReflectionDispatch.java:24)
	at org.gradle.internal.dispatch.ContextClassLoaderDispatch.dispatch(ContextClassLoaderDispatch.java:33)
	at org.gradle.internal.dispatch.ProxyDispatchAdapter$DispatchingInvocationHandler.invoke(ProxyDispatchAdapter.java:94)
	at com.sun.proxy.$Proxy2.stop(Unknown Source)
	at org.gradle.api.internal.tasks.testing.worker.TestWorker$3.run(TestWorker.java:193)
	at org.gradle.api.internal.tasks.testing.worker.TestWorker.executeAndMaintainThreadName(TestWorker.java:129)
	at org.gradle.api.internal.tasks.testing.worker.TestWorker.execute(TestWorker.java:100)
	at org.gradle.api.internal.tasks.testing.worker.TestWorker.execute(TestWorker.java:60)
	at org.gradle.process.internal.worker.child.ActionExecutionWorker.execute(ActionExecutionWorker.java:56)
	at org.gradle.process.internal.worker.child.SystemApplicationClassLoaderWorker.call(SystemApplicationClassLoaderWorker.java:113)
	at org.gradle.process.internal.worker.child.SystemApplicationClassLoaderWorker.call(SystemApplicationClassLoaderWorker.java:65)
	at app//worker.org.gradle.process.internal.worker.GradleWorkerMain.run(GradleWorkerMain.java:69)
	at app//worker.org.gradle.process.internal.worker.GradleWorkerMain.main(GradleWorkerMain.java:74)
</failure>
  </testcase>
  <testcase name="project.key#2" classname="de.uka.ilkd.key.proof.runallproofs.RunAllProofsFunctional" time="1.03">
    <failure message="org.opentest4j.AssertionFailedError: Executed process terminated with non-zero exit value. ==&gt; expected: &lt;0&gt; but was: &lt;1&gt;" type="org.opentest4j.AssertionFailedError">org.opentest4j.AssertionFailedError: Executed process terminated with non-zero exit value. ==&gt; expected: &lt;0&gt; but was: &lt;1&gt;
	at app//org.junit.jupiter.api.AssertionUtils.fail(AssertionUtils.java:55)
	at app//org.junit.jupiter.api.AssertionUtils.failNotEqual(AssertionUtils.java:62)
	at app//org.junit.jupiter.api.AssertEquals.assertEquals(AssertEquals.java:150)
	at app//org.junit.jupiter.api.Assertions.assertEquals(Assertions.java:559)
	at app//de.uka.ilkd.key.proof.runallproofs.proofcollection.ForkedTestFileRunner.processTestFiles(ForkedTestFileRunner.java:129)
	at app//de.uka.ilkd.key.proof.runallproofs.RunAllProofsTestUnit.runTest(RunAllProofsTestUnit.java:85)
	at app//de.uka.ilkd.key.proof.runallproofs.RunAllProofsTest.lambda$data$0(RunAllProofsTest.java:83)
	at app//org.junit.jupiter.engine.descriptor.DynamicTestTestDescriptor.lambda$execute$0(DynamicTestTestDescriptor.java:53)
	at app//org.junit.jupiter.engine.execution.InvocationInterceptorChain$ValidatingInvocation.proceed(InvocationInterceptorChain.java:131)
	at app//org.junit.jupiter.api.extension.InvocationInterceptor.interceptDynamicTest(InvocationInterceptor.java:167)
	at app//org.junit.jupiter.api.extension.InvocationInterceptor.interceptDynamicTest(InvocationInterceptor.java:184)
	at app//org.junit.jupiter.engine.descriptor.DynamicTestTestDescriptor.lambda$execute$1(DynamicTestTestDescriptor.java:61)
	at app//org.junit.jupiter.engine.execution.InvocationInterceptorChain$InterceptorCall.lambda$ofVoid$0(InvocationInterceptorChain.java:78)
	at app//org.junit.jupiter.engine.execution.InvocationInterceptorChain$InterceptedInvocation.proceed(InvocationInterceptorChain.java:106)
	at app//org.junit.jupiter.engine.execution.InvocationInterceptorChain.proceed(InvocationInterceptorChain.java:64)
	at app//org.junit.jupiter.engine.execution.InvocationInterceptorChain.chainAndInvoke(InvocationInterceptorChain.java:45)
	at app//org.junit.jupiter.engine.execution.InvocationInterceptorChain.invoke(InvocationInterceptorChain.java:37)
	at app//org.junit.jupiter.engine.descriptor.DynamicTestTestDescriptor.execute(DynamicTestTestDescriptor.java:60)
	at app//org.junit.jupiter.engine.descriptor.DynamicTestTestDescriptor.execute(DynamicTestTestDescriptor.java:32)
	at app//org.junit.platform.engine.support.hierarchical.NodeTestTask.lambda$executeRecursively$6(NodeTestTask.java:151)
	at app//org.junit.platform.engine.support.hierarchical.ThrowableCollector.execute(ThrowableCollector.java:73)
	at app//org.junit.platform.engine.support.hierarchical.NodeTestTask.lambda$executeRecursively$8(NodeTestTask.java:141)
	at app//org.junit.platform.engine.support.hierarchical.Node.around(Node.java:137)
	at app//org.junit.platform.engine.support.hierarchical.NodeTestTask.lambda$executeRecursively$9(NodeTestTask.java:139)
	at app//org.junit.platform.engine.support.hierarchical.ThrowableCollector.execute(ThrowableCollector.java:73)
	at app//org.junit.platform.engine.support.hierarchical.NodeTestTask.executeRecursively(NodeTestTask.java:138)
	at app//org.junit.platform.engine.support.hierarchical.NodeTestTask.execute(NodeTestTask.java:95)
	at app//org.junit.platform.engine.support.hierarchical.SameThreadHierarchicalTestExecutorService.submit(SameThreadHierarchicalTestExecutorService.java:35)
	at app//org.junit.platform.engine.support.hierarchical.NodeTestTask$DefaultDynamicTestExecutor.execute(NodeTestTask.java:226)
	at app//org.junit.platform.engine.support.hierarchical.NodeTestTask$DefaultDynamicTestExecutor.execute(NodeTestTask.java:204)
	at java.base@11.0.18/java.util.Optional.ifPresent(Optional.java:183)
	at app//org.junit.jupiter.engine.descriptor.TestFactoryTestDescriptor.lambda$invokeTestMethod$1(TestFactoryTestDescriptor.java:108)
	at app//org.junit.platform.engine.support.hierarchical.ThrowableCollector.execute(ThrowableCollector.java:73)
	at app//org.junit.jupiter.engine.descriptor.TestFactoryTestDescriptor.invokeTestMethod(TestFactoryTestDescriptor.java:95)
	at app//org.junit.jupiter.engine.descriptor.TestMethodTestDescriptor.execute(TestMethodTestDescriptor.java:135)
	at app//org.junit.jupiter.engine.descriptor.TestMethodTestDescriptor.execute(TestMethodTestDescriptor.java:66)
	at app//org.junit.platform.engine.support.hierarchical.NodeTestTask.lambda$executeRecursively$6(NodeTestTask.java:151)
	at app//org.junit.platform.engine.support.hierarchical.ThrowableCollector.execute(ThrowableCollector.java:73)
	at app//org.junit.platform.engine.support.hierarchical.NodeTestTask.lambda$executeRecursively$8(NodeTestTask.java:141)
	at app//org.junit.platform.engine.support.hierarchical.Node.around(Node.java:137)
	at app//org.junit.platform.engine.support.hierarchical.NodeTestTask.lambda$executeRecursively$9(NodeTestTask.java:139)
	at app//org.junit.platform.engine.support.hierarchical.ThrowableCollector.execute(ThrowableCollector.java:73)
	at app//org.junit.platform.engine.support.hierarchical.NodeTestTask.executeRecursively(NodeTestTask.java:138)
	at app//org.junit.platform.engine.support.hierarchical.NodeTestTask.execute(NodeTestTask.java:95)
	at java.base@11.0.18/java.util.ArrayList.forEach(ArrayList.java:1541)
	at app//org.junit.platform.engine.support.hierarchical.SameThreadHierarchicalTestExecutorService.invokeAll(SameThreadHierarchicalTestExecutorService.java:41)
	at app//org.junit.platform.engine.support.hierarchical.NodeTestTask.lambda$executeRecursively$6(NodeTestTask.java:155)
	at app//org.junit.platform.engine.support.hierarchical.ThrowableCollector.execute(ThrowableCollector.java:73)
	at app//org.junit.platform.engine.support.hierarchical.NodeTestTask.lambda$executeRecursively$8(NodeTestTask.java:141)
	at app//org.junit.platform.engine.support.hierarchical.Node.around(Node.java:137)
	at app//org.junit.platform.engine.support.hierarchical.NodeTestTask.lambda$executeRecursively$9(NodeTestTask.java:139)
	at app//org.junit.platform.engine.support.hierarchical.ThrowableCollector.execute(ThrowableCollector.java:73)
	at app//org.junit.platform.engine.support.hierarchical.NodeTestTask.executeRecursively(NodeTestTask.java:138)
	at app//org.junit.platform.engine.support.hierarchical.NodeTestTask.execute(NodeTestTask.java:95)
	at java.base@11.0.18/java.util.ArrayList.forEach(ArrayList.java:1541)
	at app//org.junit.platform.engine.support.hierarchical.SameThreadHierarchicalTestExecutorService.invokeAll(SameThreadHierarchicalTestExecutorService.java:41)
	at app//org.junit.platform.engine.support.hierarchical.NodeTestTask.lambda$executeRecursively$6(NodeTestTask.java:155)
	at app//org.junit.platform.engine.support.hierarchical.ThrowableCollector.execute(ThrowableCollector.java:73)
	at app//org.junit.platform.engine.support.hierarchical.NodeTestTask.lambda$executeRecursively$8(NodeTestTask.java:141)
	at app//org.junit.platform.engine.support.hierarchical.Node.around(Node.java:137)
	at app//org.junit.platform.engine.support.hierarchical.NodeTestTask.lambda$executeRecursively$9(NodeTestTask.java:139)
	at app//org.junit.platform.engine.support.hierarchical.ThrowableCollector.execute(ThrowableCollector.java:73)
	at app//org.junit.platform.engine.support.hierarchical.NodeTestTask.executeRecursively(NodeTestTask.java:138)
	at app//org.junit.platform.engine.support.hierarchical.NodeTestTask.execute(NodeTestTask.java:95)
	at app//org.junit.platform.engine.support.hierarchical.SameThreadHierarchicalTestExecutorService.submit(SameThreadHierarchicalTestExecutorService.java:35)
	at app//org.junit.platform.engine.support.hierarchical.HierarchicalTestExecutor.execute(HierarchicalTestExecutor.java:57)
	at app//org.junit.platform.engine.support.hierarchical.HierarchicalTestEngine.execute(HierarchicalTestEngine.java:54)
	at org.junit.platform.launcher.core.EngineExecutionOrchestrator.execute(EngineExecutionOrchestrator.java:107)
	at org.junit.platform.launcher.core.EngineExecutionOrchestrator.execute(EngineExecutionOrchestrator.java:88)
	at org.junit.platform.launcher.core.EngineExecutionOrchestrator.lambda$execute$0(EngineExecutionOrchestrator.java:54)
	at org.junit.platform.launcher.core.EngineExecutionOrchestrator.withInterceptedStreams(EngineExecutionOrchestrator.java:67)
	at org.junit.platform.launcher.core.EngineExecutionOrchestrator.execute(EngineExecutionOrchestrator.java:52)
	at org.junit.platform.launcher.core.DefaultLauncher.execute(DefaultLauncher.java:114)
	at org.junit.platform.launcher.core.DefaultLauncher.execute(DefaultLauncher.java:86)
	at org.junit.platform.launcher.core.DefaultLauncherSession$DelegatingLauncher.execute(DefaultLauncherSession.java:86)
	at org.junit.platform.launcher.core.SessionPerRequestLauncher.execute(SessionPerRequestLauncher.java:53)
	at org.gradle.api.internal.tasks.testing.junitplatform.JUnitPlatformTestClassProcessor$CollectAllTestClassesExecutor.processAllTestClasses(JUnitPlatformTestClassProcessor.java:99)
	at org.gradle.api.internal.tasks.testing.junitplatform.JUnitPlatformTestClassProcessor$CollectAllTestClassesExecutor.access$000(JUnitPlatformTestClassProcessor.java:79)
	at org.gradle.api.internal.tasks.testing.junitplatform.JUnitPlatformTestClassProcessor.stop(JUnitPlatformTestClassProcessor.java:75)
	at org.gradle.api.internal.tasks.testing.SuiteTestClassProcessor.stop(SuiteTestClassProcessor.java:62)
	at java.base@11.0.18/jdk.internal.reflect.NativeMethodAccessorImpl.invoke0(Native Method)
	at java.base@11.0.18/jdk.internal.reflect.NativeMethodAccessorImpl.invoke(NativeMethodAccessorImpl.java:62)
	at java.base@11.0.18/jdk.internal.reflect.DelegatingMethodAccessorImpl.invoke(DelegatingMethodAccessorImpl.java:43)
	at java.base@11.0.18/java.lang.reflect.Method.invoke(Method.java:566)
	at org.gradle.internal.dispatch.ReflectionDispatch.dispatch(ReflectionDispatch.java:36)
	at org.gradle.internal.dispatch.ReflectionDispatch.dispatch(ReflectionDispatch.java:24)
	at org.gradle.internal.dispatch.ContextClassLoaderDispatch.dispatch(ContextClassLoaderDispatch.java:33)
	at org.gradle.internal.dispatch.ProxyDispatchAdapter$DispatchingInvocationHandler.invoke(ProxyDispatchAdapter.java:94)
	at com.sun.proxy.$Proxy2.stop(Unknown Source)
	at org.gradle.api.internal.tasks.testing.worker.TestWorker$3.run(TestWorker.java:193)
	at org.gradle.api.internal.tasks.testing.worker.TestWorker.executeAndMaintainThreadName(TestWorker.java:129)
	at org.gradle.api.internal.tasks.testing.worker.TestWorker.execute(TestWorker.java:100)
	at org.gradle.api.internal.tasks.testing.worker.TestWorker.execute(TestWorker.java:60)
	at org.gradle.process.internal.worker.child.ActionExecutionWorker.execute(ActionExecutionWorker.java:56)
	at org.gradle.process.internal.worker.child.SystemApplicationClassLoaderWorker.call(SystemApplicationClassLoaderWorker.java:113)
	at org.gradle.process.internal.worker.child.SystemApplicationClassLoaderWorker.call(SystemApplicationClassLoaderWorker.java:65)
	at app//worker.org.gradle.process.internal.worker.GradleWorkerMain.run(GradleWorkerMain.java:69)
	at app//worker.org.gradle.process.internal.worker.GradleWorkerMain.main(GradleWorkerMain.java:74)
</failure>
  </testcase>
  <testcase name="ArrayList_contains.key" classname="de.uka.ilkd.key.proof.runallproofs.RunAllProofsFunctional" time="1.074">
    <failure message="org.opentest4j.AssertionFailedError: Executed process terminated with non-zero exit value. ==&gt; expected: &lt;0&gt; but was: &lt;1&gt;" type="org.opentest4j.AssertionFailedError">org.opentest4j.AssertionFailedError: Executed process terminated with non-zero exit value. ==&gt; expected: &lt;0&gt; but was: &lt;1&gt;
	at app//org.junit.jupiter.api.AssertionUtils.fail(AssertionUtils.java:55)
	at app//org.junit.jupiter.api.AssertionUtils.failNotEqual(AssertionUtils.java:62)
	at app//org.junit.jupiter.api.AssertEquals.assertEquals(AssertEquals.java:150)
	at app//org.junit.jupiter.api.Assertions.assertEquals(Assertions.java:559)
	at app//de.uka.ilkd.key.proof.runallproofs.proofcollection.ForkedTestFileRunner.processTestFiles(ForkedTestFileRunner.java:129)
	at app//de.uka.ilkd.key.proof.runallproofs.RunAllProofsTestUnit.runTest(RunAllProofsTestUnit.java:85)
	at app//de.uka.ilkd.key.proof.runallproofs.RunAllProofsTest.lambda$data$0(RunAllProofsTest.java:83)
	at app//org.junit.jupiter.engine.descriptor.DynamicTestTestDescriptor.lambda$execute$0(DynamicTestTestDescriptor.java:53)
	at app//org.junit.jupiter.engine.execution.InvocationInterceptorChain$ValidatingInvocation.proceed(InvocationInterceptorChain.java:131)
	at app//org.junit.jupiter.api.extension.InvocationInterceptor.interceptDynamicTest(InvocationInterceptor.java:167)
	at app//org.junit.jupiter.api.extension.InvocationInterceptor.interceptDynamicTest(InvocationInterceptor.java:184)
	at app//org.junit.jupiter.engine.descriptor.DynamicTestTestDescriptor.lambda$execute$1(DynamicTestTestDescriptor.java:61)
	at app//org.junit.jupiter.engine.execution.InvocationInterceptorChain$InterceptorCall.lambda$ofVoid$0(InvocationInterceptorChain.java:78)
	at app//org.junit.jupiter.engine.execution.InvocationInterceptorChain$InterceptedInvocation.proceed(InvocationInterceptorChain.java:106)
	at app//org.junit.jupiter.engine.execution.InvocationInterceptorChain.proceed(InvocationInterceptorChain.java:64)
	at app//org.junit.jupiter.engine.execution.InvocationInterceptorChain.chainAndInvoke(InvocationInterceptorChain.java:45)
	at app//org.junit.jupiter.engine.execution.InvocationInterceptorChain.invoke(InvocationInterceptorChain.java:37)
	at app//org.junit.jupiter.engine.descriptor.DynamicTestTestDescriptor.execute(DynamicTestTestDescriptor.java:60)
	at app//org.junit.jupiter.engine.descriptor.DynamicTestTestDescriptor.execute(DynamicTestTestDescriptor.java:32)
	at app//org.junit.platform.engine.support.hierarchical.NodeTestTask.lambda$executeRecursively$6(NodeTestTask.java:151)
	at app//org.junit.platform.engine.support.hierarchical.ThrowableCollector.execute(ThrowableCollector.java:73)
	at app//org.junit.platform.engine.support.hierarchical.NodeTestTask.lambda$executeRecursively$8(NodeTestTask.java:141)
	at app//org.junit.platform.engine.support.hierarchical.Node.around(Node.java:137)
	at app//org.junit.platform.engine.support.hierarchical.NodeTestTask.lambda$executeRecursively$9(NodeTestTask.java:139)
	at app//org.junit.platform.engine.support.hierarchical.ThrowableCollector.execute(ThrowableCollector.java:73)
	at app//org.junit.platform.engine.support.hierarchical.NodeTestTask.executeRecursively(NodeTestTask.java:138)
	at app//org.junit.platform.engine.support.hierarchical.NodeTestTask.execute(NodeTestTask.java:95)
	at app//org.junit.platform.engine.support.hierarchical.SameThreadHierarchicalTestExecutorService.submit(SameThreadHierarchicalTestExecutorService.java:35)
	at app//org.junit.platform.engine.support.hierarchical.NodeTestTask$DefaultDynamicTestExecutor.execute(NodeTestTask.java:226)
	at app//org.junit.platform.engine.support.hierarchical.NodeTestTask$DefaultDynamicTestExecutor.execute(NodeTestTask.java:204)
	at java.base@11.0.18/java.util.Optional.ifPresent(Optional.java:183)
	at app//org.junit.jupiter.engine.descriptor.TestFactoryTestDescriptor.lambda$invokeTestMethod$1(TestFactoryTestDescriptor.java:108)
	at app//org.junit.platform.engine.support.hierarchical.ThrowableCollector.execute(ThrowableCollector.java:73)
	at app//org.junit.jupiter.engine.descriptor.TestFactoryTestDescriptor.invokeTestMethod(TestFactoryTestDescriptor.java:95)
	at app//org.junit.jupiter.engine.descriptor.TestMethodTestDescriptor.execute(TestMethodTestDescriptor.java:135)
	at app//org.junit.jupiter.engine.descriptor.TestMethodTestDescriptor.execute(TestMethodTestDescriptor.java:66)
	at app//org.junit.platform.engine.support.hierarchical.NodeTestTask.lambda$executeRecursively$6(NodeTestTask.java:151)
	at app//org.junit.platform.engine.support.hierarchical.ThrowableCollector.execute(ThrowableCollector.java:73)
	at app//org.junit.platform.engine.support.hierarchical.NodeTestTask.lambda$executeRecursively$8(NodeTestTask.java:141)
	at app//org.junit.platform.engine.support.hierarchical.Node.around(Node.java:137)
	at app//org.junit.platform.engine.support.hierarchical.NodeTestTask.lambda$executeRecursively$9(NodeTestTask.java:139)
	at app//org.junit.platform.engine.support.hierarchical.ThrowableCollector.execute(ThrowableCollector.java:73)
	at app//org.junit.platform.engine.support.hierarchical.NodeTestTask.executeRecursively(NodeTestTask.java:138)
	at app//org.junit.platform.engine.support.hierarchical.NodeTestTask.execute(NodeTestTask.java:95)
	at java.base@11.0.18/java.util.ArrayList.forEach(ArrayList.java:1541)
	at app//org.junit.platform.engine.support.hierarchical.SameThreadHierarchicalTestExecutorService.invokeAll(SameThreadHierarchicalTestExecutorService.java:41)
	at app//org.junit.platform.engine.support.hierarchical.NodeTestTask.lambda$executeRecursively$6(NodeTestTask.java:155)
	at app//org.junit.platform.engine.support.hierarchical.ThrowableCollector.execute(ThrowableCollector.java:73)
	at app//org.junit.platform.engine.support.hierarchical.NodeTestTask.lambda$executeRecursively$8(NodeTestTask.java:141)
	at app//org.junit.platform.engine.support.hierarchical.Node.around(Node.java:137)
	at app//org.junit.platform.engine.support.hierarchical.NodeTestTask.lambda$executeRecursively$9(NodeTestTask.java:139)
	at app//org.junit.platform.engine.support.hierarchical.ThrowableCollector.execute(ThrowableCollector.java:73)
	at app//org.junit.platform.engine.support.hierarchical.NodeTestTask.executeRecursively(NodeTestTask.java:138)
	at app//org.junit.platform.engine.support.hierarchical.NodeTestTask.execute(NodeTestTask.java:95)
	at java.base@11.0.18/java.util.ArrayList.forEach(ArrayList.java:1541)
	at app//org.junit.platform.engine.support.hierarchical.SameThreadHierarchicalTestExecutorService.invokeAll(SameThreadHierarchicalTestExecutorService.java:41)
	at app//org.junit.platform.engine.support.hierarchical.NodeTestTask.lambda$executeRecursively$6(NodeTestTask.java:155)
	at app//org.junit.platform.engine.support.hierarchical.ThrowableCollector.execute(ThrowableCollector.java:73)
	at app//org.junit.platform.engine.support.hierarchical.NodeTestTask.lambda$executeRecursively$8(NodeTestTask.java:141)
	at app//org.junit.platform.engine.support.hierarchical.Node.around(Node.java:137)
	at app//org.junit.platform.engine.support.hierarchical.NodeTestTask.lambda$executeRecursively$9(NodeTestTask.java:139)
	at app//org.junit.platform.engine.support.hierarchical.ThrowableCollector.execute(ThrowableCollector.java:73)
	at app//org.junit.platform.engine.support.hierarchical.NodeTestTask.executeRecursively(NodeTestTask.java:138)
	at app//org.junit.platform.engine.support.hierarchical.NodeTestTask.execute(NodeTestTask.java:95)
	at app//org.junit.platform.engine.support.hierarchical.SameThreadHierarchicalTestExecutorService.submit(SameThreadHierarchicalTestExecutorService.java:35)
	at app//org.junit.platform.engine.support.hierarchical.HierarchicalTestExecutor.execute(HierarchicalTestExecutor.java:57)
	at app//org.junit.platform.engine.support.hierarchical.HierarchicalTestEngine.execute(HierarchicalTestEngine.java:54)
	at org.junit.platform.launcher.core.EngineExecutionOrchestrator.execute(EngineExecutionOrchestrator.java:107)
	at org.junit.platform.launcher.core.EngineExecutionOrchestrator.execute(EngineExecutionOrchestrator.java:88)
	at org.junit.platform.launcher.core.EngineExecutionOrchestrator.lambda$execute$0(EngineExecutionOrchestrator.java:54)
	at org.junit.platform.launcher.core.EngineExecutionOrchestrator.withInterceptedStreams(EngineExecutionOrchestrator.java:67)
	at org.junit.platform.launcher.core.EngineExecutionOrchestrator.execute(EngineExecutionOrchestrator.java:52)
	at org.junit.platform.launcher.core.DefaultLauncher.execute(DefaultLauncher.java:114)
	at org.junit.platform.launcher.core.DefaultLauncher.execute(DefaultLauncher.java:86)
	at org.junit.platform.launcher.core.DefaultLauncherSession$DelegatingLauncher.execute(DefaultLauncherSession.java:86)
	at org.junit.platform.launcher.core.SessionPerRequestLauncher.execute(SessionPerRequestLauncher.java:53)
	at org.gradle.api.internal.tasks.testing.junitplatform.JUnitPlatformTestClassProcessor$CollectAllTestClassesExecutor.processAllTestClasses(JUnitPlatformTestClassProcessor.java:99)
	at org.gradle.api.internal.tasks.testing.junitplatform.JUnitPlatformTestClassProcessor$CollectAllTestClassesExecutor.access$000(JUnitPlatformTestClassProcessor.java:79)
	at org.gradle.api.internal.tasks.testing.junitplatform.JUnitPlatformTestClassProcessor.stop(JUnitPlatformTestClassProcessor.java:75)
	at org.gradle.api.internal.tasks.testing.SuiteTestClassProcessor.stop(SuiteTestClassProcessor.java:62)
	at java.base@11.0.18/jdk.internal.reflect.NativeMethodAccessorImpl.invoke0(Native Method)
	at java.base@11.0.18/jdk.internal.reflect.NativeMethodAccessorImpl.invoke(NativeMethodAccessorImpl.java:62)
	at java.base@11.0.18/jdk.internal.reflect.DelegatingMethodAccessorImpl.invoke(DelegatingMethodAccessorImpl.java:43)
	at java.base@11.0.18/java.lang.reflect.Method.invoke(Method.java:566)
	at org.gradle.internal.dispatch.ReflectionDispatch.dispatch(ReflectionDispatch.java:36)
	at org.gradle.internal.dispatch.ReflectionDispatch.dispatch(ReflectionDispatch.java:24)
	at org.gradle.internal.dispatch.ContextClassLoaderDispatch.dispatch(ContextClassLoaderDispatch.java:33)
	at org.gradle.internal.dispatch.ProxyDispatchAdapter$DispatchingInvocationHandler.invoke(ProxyDispatchAdapter.java:94)
	at com.sun.proxy.$Proxy2.stop(Unknown Source)
	at org.gradle.api.internal.tasks.testing.worker.TestWorker$3.run(TestWorker.java:193)
	at org.gradle.api.internal.tasks.testing.worker.TestWorker.executeAndMaintainThreadName(TestWorker.java:129)
	at org.gradle.api.internal.tasks.testing.worker.TestWorker.execute(TestWorker.java:100)
	at org.gradle.api.internal.tasks.testing.worker.TestWorker.execute(TestWorker.java:60)
	at org.gradle.process.internal.worker.child.ActionExecutionWorker.execute(ActionExecutionWorker.java:56)
	at org.gradle.process.internal.worker.child.SystemApplicationClassLoaderWorker.call(SystemApplicationClassLoaderWorker.java:113)
	at org.gradle.process.internal.worker.child.SystemApplicationClassLoaderWorker.call(SystemApplicationClassLoaderWorker.java:65)
	at app//worker.org.gradle.process.internal.worker.GradleWorkerMain.run(GradleWorkerMain.java:69)
	at app//worker.org.gradle.process.internal.worker.GradleWorkerMain.main(GradleWorkerMain.java:74)
</failure>
  </testcase>
  <testcase name="ArrayList_get.key" classname="de.uka.ilkd.key.proof.runallproofs.RunAllProofsFunctional" time="1.12">
    <failure message="org.opentest4j.AssertionFailedError: Executed process terminated with non-zero exit value. ==&gt; expected: &lt;0&gt; but was: &lt;1&gt;" type="org.opentest4j.AssertionFailedError">org.opentest4j.AssertionFailedError: Executed process terminated with non-zero exit value. ==&gt; expected: &lt;0&gt; but was: &lt;1&gt;
	at app//org.junit.jupiter.api.AssertionUtils.fail(AssertionUtils.java:55)
	at app//org.junit.jupiter.api.AssertionUtils.failNotEqual(AssertionUtils.java:62)
	at app//org.junit.jupiter.api.AssertEquals.assertEquals(AssertEquals.java:150)
	at app//org.junit.jupiter.api.Assertions.assertEquals(Assertions.java:559)
	at app//de.uka.ilkd.key.proof.runallproofs.proofcollection.ForkedTestFileRunner.processTestFiles(ForkedTestFileRunner.java:129)
	at app//de.uka.ilkd.key.proof.runallproofs.RunAllProofsTestUnit.runTest(RunAllProofsTestUnit.java:85)
	at app//de.uka.ilkd.key.proof.runallproofs.RunAllProofsTest.lambda$data$0(RunAllProofsTest.java:83)
	at app//org.junit.jupiter.engine.descriptor.DynamicTestTestDescriptor.lambda$execute$0(DynamicTestTestDescriptor.java:53)
	at app//org.junit.jupiter.engine.execution.InvocationInterceptorChain$ValidatingInvocation.proceed(InvocationInterceptorChain.java:131)
	at app//org.junit.jupiter.api.extension.InvocationInterceptor.interceptDynamicTest(InvocationInterceptor.java:167)
	at app//org.junit.jupiter.api.extension.InvocationInterceptor.interceptDynamicTest(InvocationInterceptor.java:184)
	at app//org.junit.jupiter.engine.descriptor.DynamicTestTestDescriptor.lambda$execute$1(DynamicTestTestDescriptor.java:61)
	at app//org.junit.jupiter.engine.execution.InvocationInterceptorChain$InterceptorCall.lambda$ofVoid$0(InvocationInterceptorChain.java:78)
	at app//org.junit.jupiter.engine.execution.InvocationInterceptorChain$InterceptedInvocation.proceed(InvocationInterceptorChain.java:106)
	at app//org.junit.jupiter.engine.execution.InvocationInterceptorChain.proceed(InvocationInterceptorChain.java:64)
	at app//org.junit.jupiter.engine.execution.InvocationInterceptorChain.chainAndInvoke(InvocationInterceptorChain.java:45)
	at app//org.junit.jupiter.engine.execution.InvocationInterceptorChain.invoke(InvocationInterceptorChain.java:37)
	at app//org.junit.jupiter.engine.descriptor.DynamicTestTestDescriptor.execute(DynamicTestTestDescriptor.java:60)
	at app//org.junit.jupiter.engine.descriptor.DynamicTestTestDescriptor.execute(DynamicTestTestDescriptor.java:32)
	at app//org.junit.platform.engine.support.hierarchical.NodeTestTask.lambda$executeRecursively$6(NodeTestTask.java:151)
	at app//org.junit.platform.engine.support.hierarchical.ThrowableCollector.execute(ThrowableCollector.java:73)
	at app//org.junit.platform.engine.support.hierarchical.NodeTestTask.lambda$executeRecursively$8(NodeTestTask.java:141)
	at app//org.junit.platform.engine.support.hierarchical.Node.around(Node.java:137)
	at app//org.junit.platform.engine.support.hierarchical.NodeTestTask.lambda$executeRecursively$9(NodeTestTask.java:139)
	at app//org.junit.platform.engine.support.hierarchical.ThrowableCollector.execute(ThrowableCollector.java:73)
	at app//org.junit.platform.engine.support.hierarchical.NodeTestTask.executeRecursively(NodeTestTask.java:138)
	at app//org.junit.platform.engine.support.hierarchical.NodeTestTask.execute(NodeTestTask.java:95)
	at app//org.junit.platform.engine.support.hierarchical.SameThreadHierarchicalTestExecutorService.submit(SameThreadHierarchicalTestExecutorService.java:35)
	at app//org.junit.platform.engine.support.hierarchical.NodeTestTask$DefaultDynamicTestExecutor.execute(NodeTestTask.java:226)
	at app//org.junit.platform.engine.support.hierarchical.NodeTestTask$DefaultDynamicTestExecutor.execute(NodeTestTask.java:204)
	at java.base@11.0.18/java.util.Optional.ifPresent(Optional.java:183)
	at app//org.junit.jupiter.engine.descriptor.TestFactoryTestDescriptor.lambda$invokeTestMethod$1(TestFactoryTestDescriptor.java:108)
	at app//org.junit.platform.engine.support.hierarchical.ThrowableCollector.execute(ThrowableCollector.java:73)
	at app//org.junit.jupiter.engine.descriptor.TestFactoryTestDescriptor.invokeTestMethod(TestFactoryTestDescriptor.java:95)
	at app//org.junit.jupiter.engine.descriptor.TestMethodTestDescriptor.execute(TestMethodTestDescriptor.java:135)
	at app//org.junit.jupiter.engine.descriptor.TestMethodTestDescriptor.execute(TestMethodTestDescriptor.java:66)
	at app//org.junit.platform.engine.support.hierarchical.NodeTestTask.lambda$executeRecursively$6(NodeTestTask.java:151)
	at app//org.junit.platform.engine.support.hierarchical.ThrowableCollector.execute(ThrowableCollector.java:73)
	at app//org.junit.platform.engine.support.hierarchical.NodeTestTask.lambda$executeRecursively$8(NodeTestTask.java:141)
	at app//org.junit.platform.engine.support.hierarchical.Node.around(Node.java:137)
	at app//org.junit.platform.engine.support.hierarchical.NodeTestTask.lambda$executeRecursively$9(NodeTestTask.java:139)
	at app//org.junit.platform.engine.support.hierarchical.ThrowableCollector.execute(ThrowableCollector.java:73)
	at app//org.junit.platform.engine.support.hierarchical.NodeTestTask.executeRecursively(NodeTestTask.java:138)
	at app//org.junit.platform.engine.support.hierarchical.NodeTestTask.execute(NodeTestTask.java:95)
	at java.base@11.0.18/java.util.ArrayList.forEach(ArrayList.java:1541)
	at app//org.junit.platform.engine.support.hierarchical.SameThreadHierarchicalTestExecutorService.invokeAll(SameThreadHierarchicalTestExecutorService.java:41)
	at app//org.junit.platform.engine.support.hierarchical.NodeTestTask.lambda$executeRecursively$6(NodeTestTask.java:155)
	at app//org.junit.platform.engine.support.hierarchical.ThrowableCollector.execute(ThrowableCollector.java:73)
	at app//org.junit.platform.engine.support.hierarchical.NodeTestTask.lambda$executeRecursively$8(NodeTestTask.java:141)
	at app//org.junit.platform.engine.support.hierarchical.Node.around(Node.java:137)
	at app//org.junit.platform.engine.support.hierarchical.NodeTestTask.lambda$executeRecursively$9(NodeTestTask.java:139)
	at app//org.junit.platform.engine.support.hierarchical.ThrowableCollector.execute(ThrowableCollector.java:73)
	at app//org.junit.platform.engine.support.hierarchical.NodeTestTask.executeRecursively(NodeTestTask.java:138)
	at app//org.junit.platform.engine.support.hierarchical.NodeTestTask.execute(NodeTestTask.java:95)
	at java.base@11.0.18/java.util.ArrayList.forEach(ArrayList.java:1541)
	at app//org.junit.platform.engine.support.hierarchical.SameThreadHierarchicalTestExecutorService.invokeAll(SameThreadHierarchicalTestExecutorService.java:41)
	at app//org.junit.platform.engine.support.hierarchical.NodeTestTask.lambda$executeRecursively$6(NodeTestTask.java:155)
	at app//org.junit.platform.engine.support.hierarchical.ThrowableCollector.execute(ThrowableCollector.java:73)
	at app//org.junit.platform.engine.support.hierarchical.NodeTestTask.lambda$executeRecursively$8(NodeTestTask.java:141)
	at app//org.junit.platform.engine.support.hierarchical.Node.around(Node.java:137)
	at app//org.junit.platform.engine.support.hierarchical.NodeTestTask.lambda$executeRecursively$9(NodeTestTask.java:139)
	at app//org.junit.platform.engine.support.hierarchical.ThrowableCollector.execute(ThrowableCollector.java:73)
	at app//org.junit.platform.engine.support.hierarchical.NodeTestTask.executeRecursively(NodeTestTask.java:138)
	at app//org.junit.platform.engine.support.hierarchical.NodeTestTask.execute(NodeTestTask.java:95)
	at app//org.junit.platform.engine.support.hierarchical.SameThreadHierarchicalTestExecutorService.submit(SameThreadHierarchicalTestExecutorService.java:35)
	at app//org.junit.platform.engine.support.hierarchical.HierarchicalTestExecutor.execute(HierarchicalTestExecutor.java:57)
	at app//org.junit.platform.engine.support.hierarchical.HierarchicalTestEngine.execute(HierarchicalTestEngine.java:54)
	at org.junit.platform.launcher.core.EngineExecutionOrchestrator.execute(EngineExecutionOrchestrator.java:107)
	at org.junit.platform.launcher.core.EngineExecutionOrchestrator.execute(EngineExecutionOrchestrator.java:88)
	at org.junit.platform.launcher.core.EngineExecutionOrchestrator.lambda$execute$0(EngineExecutionOrchestrator.java:54)
	at org.junit.platform.launcher.core.EngineExecutionOrchestrator.withInterceptedStreams(EngineExecutionOrchestrator.java:67)
	at org.junit.platform.launcher.core.EngineExecutionOrchestrator.execute(EngineExecutionOrchestrator.java:52)
	at org.junit.platform.launcher.core.DefaultLauncher.execute(DefaultLauncher.java:114)
	at org.junit.platform.launcher.core.DefaultLauncher.execute(DefaultLauncher.java:86)
	at org.junit.platform.launcher.core.DefaultLauncherSession$DelegatingLauncher.execute(DefaultLauncherSession.java:86)
	at org.junit.platform.launcher.core.SessionPerRequestLauncher.execute(SessionPerRequestLauncher.java:53)
	at org.gradle.api.internal.tasks.testing.junitplatform.JUnitPlatformTestClassProcessor$CollectAllTestClassesExecutor.processAllTestClasses(JUnitPlatformTestClassProcessor.java:99)
	at org.gradle.api.internal.tasks.testing.junitplatform.JUnitPlatformTestClassProcessor$CollectAllTestClassesExecutor.access$000(JUnitPlatformTestClassProcessor.java:79)
	at org.gradle.api.internal.tasks.testing.junitplatform.JUnitPlatformTestClassProcessor.stop(JUnitPlatformTestClassProcessor.java:75)
	at org.gradle.api.internal.tasks.testing.SuiteTestClassProcessor.stop(SuiteTestClassProcessor.java:62)
	at java.base@11.0.18/jdk.internal.reflect.NativeMethodAccessorImpl.invoke0(Native Method)
	at java.base@11.0.18/jdk.internal.reflect.NativeMethodAccessorImpl.invoke(NativeMethodAccessorImpl.java:62)
	at java.base@11.0.18/jdk.internal.reflect.DelegatingMethodAccessorImpl.invoke(DelegatingMethodAccessorImpl.java:43)
	at java.base@11.0.18/java.lang.reflect.Method.invoke(Method.java:566)
	at org.gradle.internal.dispatch.ReflectionDispatch.dispatch(ReflectionDispatch.java:36)
	at org.gradle.internal.dispatch.ReflectionDispatch.dispatch(ReflectionDispatch.java:24)
	at org.gradle.internal.dispatch.ContextClassLoaderDispatch.dispatch(ContextClassLoaderDispatch.java:33)
	at org.gradle.internal.dispatch.ProxyDispatchAdapter$DispatchingInvocationHandler.invoke(ProxyDispatchAdapter.java:94)
	at com.sun.proxy.$Proxy2.stop(Unknown Source)
	at org.gradle.api.internal.tasks.testing.worker.TestWorker$3.run(TestWorker.java:193)
	at org.gradle.api.internal.tasks.testing.worker.TestWorker.executeAndMaintainThreadName(TestWorker.java:129)
	at org.gradle.api.internal.tasks.testing.worker.TestWorker.execute(TestWorker.java:100)
	at org.gradle.api.internal.tasks.testing.worker.TestWorker.execute(TestWorker.java:60)
	at org.gradle.process.internal.worker.child.ActionExecutionWorker.execute(ActionExecutionWorker.java:56)
	at org.gradle.process.internal.worker.child.SystemApplicationClassLoaderWorker.call(SystemApplicationClassLoaderWorker.java:113)
	at org.gradle.process.internal.worker.child.SystemApplicationClassLoaderWorker.call(SystemApplicationClassLoaderWorker.java:65)
	at app//worker.org.gradle.process.internal.worker.GradleWorkerMain.run(GradleWorkerMain.java:69)
	at app//worker.org.gradle.process.internal.worker.GradleWorkerMain.main(GradleWorkerMain.java:74)
</failure>
  </testcase>
  <testcase name="ArrayList_size.key" classname="de.uka.ilkd.key.proof.runallproofs.RunAllProofsFunctional" time="1.081">
    <failure message="org.opentest4j.AssertionFailedError: Executed process terminated with non-zero exit value. ==&gt; expected: &lt;0&gt; but was: &lt;1&gt;" type="org.opentest4j.AssertionFailedError">org.opentest4j.AssertionFailedError: Executed process terminated with non-zero exit value. ==&gt; expected: &lt;0&gt; but was: &lt;1&gt;
	at app//org.junit.jupiter.api.AssertionUtils.fail(AssertionUtils.java:55)
	at app//org.junit.jupiter.api.AssertionUtils.failNotEqual(AssertionUtils.java:62)
	at app//org.junit.jupiter.api.AssertEquals.assertEquals(AssertEquals.java:150)
	at app//org.junit.jupiter.api.Assertions.assertEquals(Assertions.java:559)
	at app//de.uka.ilkd.key.proof.runallproofs.proofcollection.ForkedTestFileRunner.processTestFiles(ForkedTestFileRunner.java:129)
	at app//de.uka.ilkd.key.proof.runallproofs.RunAllProofsTestUnit.runTest(RunAllProofsTestUnit.java:85)
	at app//de.uka.ilkd.key.proof.runallproofs.RunAllProofsTest.lambda$data$0(RunAllProofsTest.java:83)
	at app//org.junit.jupiter.engine.descriptor.DynamicTestTestDescriptor.lambda$execute$0(DynamicTestTestDescriptor.java:53)
	at app//org.junit.jupiter.engine.execution.InvocationInterceptorChain$ValidatingInvocation.proceed(InvocationInterceptorChain.java:131)
	at app//org.junit.jupiter.api.extension.InvocationInterceptor.interceptDynamicTest(InvocationInterceptor.java:167)
	at app//org.junit.jupiter.api.extension.InvocationInterceptor.interceptDynamicTest(InvocationInterceptor.java:184)
	at app//org.junit.jupiter.engine.descriptor.DynamicTestTestDescriptor.lambda$execute$1(DynamicTestTestDescriptor.java:61)
	at app//org.junit.jupiter.engine.execution.InvocationInterceptorChain$InterceptorCall.lambda$ofVoid$0(InvocationInterceptorChain.java:78)
	at app//org.junit.jupiter.engine.execution.InvocationInterceptorChain$InterceptedInvocation.proceed(InvocationInterceptorChain.java:106)
	at app//org.junit.jupiter.engine.execution.InvocationInterceptorChain.proceed(InvocationInterceptorChain.java:64)
	at app//org.junit.jupiter.engine.execution.InvocationInterceptorChain.chainAndInvoke(InvocationInterceptorChain.java:45)
	at app//org.junit.jupiter.engine.execution.InvocationInterceptorChain.invoke(InvocationInterceptorChain.java:37)
	at app//org.junit.jupiter.engine.descriptor.DynamicTestTestDescriptor.execute(DynamicTestTestDescriptor.java:60)
	at app//org.junit.jupiter.engine.descriptor.DynamicTestTestDescriptor.execute(DynamicTestTestDescriptor.java:32)
	at app//org.junit.platform.engine.support.hierarchical.NodeTestTask.lambda$executeRecursively$6(NodeTestTask.java:151)
	at app//org.junit.platform.engine.support.hierarchical.ThrowableCollector.execute(ThrowableCollector.java:73)
	at app//org.junit.platform.engine.support.hierarchical.NodeTestTask.lambda$executeRecursively$8(NodeTestTask.java:141)
	at app//org.junit.platform.engine.support.hierarchical.Node.around(Node.java:137)
	at app//org.junit.platform.engine.support.hierarchical.NodeTestTask.lambda$executeRecursively$9(NodeTestTask.java:139)
	at app//org.junit.platform.engine.support.hierarchical.ThrowableCollector.execute(ThrowableCollector.java:73)
	at app//org.junit.platform.engine.support.hierarchical.NodeTestTask.executeRecursively(NodeTestTask.java:138)
	at app//org.junit.platform.engine.support.hierarchical.NodeTestTask.execute(NodeTestTask.java:95)
	at app//org.junit.platform.engine.support.hierarchical.SameThreadHierarchicalTestExecutorService.submit(SameThreadHierarchicalTestExecutorService.java:35)
	at app//org.junit.platform.engine.support.hierarchical.NodeTestTask$DefaultDynamicTestExecutor.execute(NodeTestTask.java:226)
	at app//org.junit.platform.engine.support.hierarchical.NodeTestTask$DefaultDynamicTestExecutor.execute(NodeTestTask.java:204)
	at java.base@11.0.18/java.util.Optional.ifPresent(Optional.java:183)
	at app//org.junit.jupiter.engine.descriptor.TestFactoryTestDescriptor.lambda$invokeTestMethod$1(TestFactoryTestDescriptor.java:108)
	at app//org.junit.platform.engine.support.hierarchical.ThrowableCollector.execute(ThrowableCollector.java:73)
	at app//org.junit.jupiter.engine.descriptor.TestFactoryTestDescriptor.invokeTestMethod(TestFactoryTestDescriptor.java:95)
	at app//org.junit.jupiter.engine.descriptor.TestMethodTestDescriptor.execute(TestMethodTestDescriptor.java:135)
	at app//org.junit.jupiter.engine.descriptor.TestMethodTestDescriptor.execute(TestMethodTestDescriptor.java:66)
	at app//org.junit.platform.engine.support.hierarchical.NodeTestTask.lambda$executeRecursively$6(NodeTestTask.java:151)
	at app//org.junit.platform.engine.support.hierarchical.ThrowableCollector.execute(ThrowableCollector.java:73)
	at app//org.junit.platform.engine.support.hierarchical.NodeTestTask.lambda$executeRecursively$8(NodeTestTask.java:141)
	at app//org.junit.platform.engine.support.hierarchical.Node.around(Node.java:137)
	at app//org.junit.platform.engine.support.hierarchical.NodeTestTask.lambda$executeRecursively$9(NodeTestTask.java:139)
	at app//org.junit.platform.engine.support.hierarchical.ThrowableCollector.execute(ThrowableCollector.java:73)
	at app//org.junit.platform.engine.support.hierarchical.NodeTestTask.executeRecursively(NodeTestTask.java:138)
	at app//org.junit.platform.engine.support.hierarchical.NodeTestTask.execute(NodeTestTask.java:95)
	at java.base@11.0.18/java.util.ArrayList.forEach(ArrayList.java:1541)
	at app//org.junit.platform.engine.support.hierarchical.SameThreadHierarchicalTestExecutorService.invokeAll(SameThreadHierarchicalTestExecutorService.java:41)
	at app//org.junit.platform.engine.support.hierarchical.NodeTestTask.lambda$executeRecursively$6(NodeTestTask.java:155)
	at app//org.junit.platform.engine.support.hierarchical.ThrowableCollector.execute(ThrowableCollector.java:73)
	at app//org.junit.platform.engine.support.hierarchical.NodeTestTask.lambda$executeRecursively$8(NodeTestTask.java:141)
	at app//org.junit.platform.engine.support.hierarchical.Node.around(Node.java:137)
	at app//org.junit.platform.engine.support.hierarchical.NodeTestTask.lambda$executeRecursively$9(NodeTestTask.java:139)
	at app//org.junit.platform.engine.support.hierarchical.ThrowableCollector.execute(ThrowableCollector.java:73)
	at app//org.junit.platform.engine.support.hierarchical.NodeTestTask.executeRecursively(NodeTestTask.java:138)
	at app//org.junit.platform.engine.support.hierarchical.NodeTestTask.execute(NodeTestTask.java:95)
	at java.base@11.0.18/java.util.ArrayList.forEach(ArrayList.java:1541)
	at app//org.junit.platform.engine.support.hierarchical.SameThreadHierarchicalTestExecutorService.invokeAll(SameThreadHierarchicalTestExecutorService.java:41)
	at app//org.junit.platform.engine.support.hierarchical.NodeTestTask.lambda$executeRecursively$6(NodeTestTask.java:155)
	at app//org.junit.platform.engine.support.hierarchical.ThrowableCollector.execute(ThrowableCollector.java:73)
	at app//org.junit.platform.engine.support.hierarchical.NodeTestTask.lambda$executeRecursively$8(NodeTestTask.java:141)
	at app//org.junit.platform.engine.support.hierarchical.Node.around(Node.java:137)
	at app//org.junit.platform.engine.support.hierarchical.NodeTestTask.lambda$executeRecursively$9(NodeTestTask.java:139)
	at app//org.junit.platform.engine.support.hierarchical.ThrowableCollector.execute(ThrowableCollector.java:73)
	at app//org.junit.platform.engine.support.hierarchical.NodeTestTask.executeRecursively(NodeTestTask.java:138)
	at app//org.junit.platform.engine.support.hierarchical.NodeTestTask.execute(NodeTestTask.java:95)
	at app//org.junit.platform.engine.support.hierarchical.SameThreadHierarchicalTestExecutorService.submit(SameThreadHierarchicalTestExecutorService.java:35)
	at app//org.junit.platform.engine.support.hierarchical.HierarchicalTestExecutor.execute(HierarchicalTestExecutor.java:57)
	at app//org.junit.platform.engine.support.hierarchical.HierarchicalTestEngine.execute(HierarchicalTestEngine.java:54)
	at org.junit.platform.launcher.core.EngineExecutionOrchestrator.execute(EngineExecutionOrchestrator.java:107)
	at org.junit.platform.launcher.core.EngineExecutionOrchestrator.execute(EngineExecutionOrchestrator.java:88)
	at org.junit.platform.launcher.core.EngineExecutionOrchestrator.lambda$execute$0(EngineExecutionOrchestrator.java:54)
	at org.junit.platform.launcher.core.EngineExecutionOrchestrator.withInterceptedStreams(EngineExecutionOrchestrator.java:67)
	at org.junit.platform.launcher.core.EngineExecutionOrchestrator.execute(EngineExecutionOrchestrator.java:52)
	at org.junit.platform.launcher.core.DefaultLauncher.execute(DefaultLauncher.java:114)
	at org.junit.platform.launcher.core.DefaultLauncher.execute(DefaultLauncher.java:86)
	at org.junit.platform.launcher.core.DefaultLauncherSession$DelegatingLauncher.execute(DefaultLauncherSession.java:86)
	at org.junit.platform.launcher.core.SessionPerRequestLauncher.execute(SessionPerRequestLauncher.java:53)
	at org.gradle.api.internal.tasks.testing.junitplatform.JUnitPlatformTestClassProcessor$CollectAllTestClassesExecutor.processAllTestClasses(JUnitPlatformTestClassProcessor.java:99)
	at org.gradle.api.internal.tasks.testing.junitplatform.JUnitPlatformTestClassProcessor$CollectAllTestClassesExecutor.access$000(JUnitPlatformTestClassProcessor.java:79)
	at org.gradle.api.internal.tasks.testing.junitplatform.JUnitPlatformTestClassProcessor.stop(JUnitPlatformTestClassProcessor.java:75)
	at org.gradle.api.internal.tasks.testing.SuiteTestClassProcessor.stop(SuiteTestClassProcessor.java:62)
	at java.base@11.0.18/jdk.internal.reflect.NativeMethodAccessorImpl.invoke0(Native Method)
	at java.base@11.0.18/jdk.internal.reflect.NativeMethodAccessorImpl.invoke(NativeMethodAccessorImpl.java:62)
	at java.base@11.0.18/jdk.internal.reflect.DelegatingMethodAccessorImpl.invoke(DelegatingMethodAccessorImpl.java:43)
	at java.base@11.0.18/java.lang.reflect.Method.invoke(Method.java:566)
	at org.gradle.internal.dispatch.ReflectionDispatch.dispatch(ReflectionDispatch.java:36)
	at org.gradle.internal.dispatch.ReflectionDispatch.dispatch(ReflectionDispatch.java:24)
	at org.gradle.internal.dispatch.ContextClassLoaderDispatch.dispatch(ContextClassLoaderDispatch.java:33)
	at org.gradle.internal.dispatch.ProxyDispatchAdapter$DispatchingInvocationHandler.invoke(ProxyDispatchAdapter.java:94)
	at com.sun.proxy.$Proxy2.stop(Unknown Source)
	at org.gradle.api.internal.tasks.testing.worker.TestWorker$3.run(TestWorker.java:193)
	at org.gradle.api.internal.tasks.testing.worker.TestWorker.executeAndMaintainThreadName(TestWorker.java:129)
	at org.gradle.api.internal.tasks.testing.worker.TestWorker.execute(TestWorker.java:100)
	at org.gradle.api.internal.tasks.testing.worker.TestWorker.execute(TestWorker.java:60)
	at org.gradle.process.internal.worker.child.ActionExecutionWorker.execute(ActionExecutionWorker.java:56)
	at org.gradle.process.internal.worker.child.SystemApplicationClassLoaderWorker.call(SystemApplicationClassLoaderWorker.java:113)
	at org.gradle.process.internal.worker.child.SystemApplicationClassLoaderWorker.call(SystemApplicationClassLoaderWorker.java:65)
	at app//worker.org.gradle.process.internal.worker.GradleWorkerMain.run(GradleWorkerMain.java:69)
	at app//worker.org.gradle.process.internal.worker.GradleWorkerMain.main(GradleWorkerMain.java:74)
</failure>
  </testcase>
  <testcase name="UpdateAbstraction_ex7_3_secure.key" classname="de.uka.ilkd.key.proof.runallproofs.RunAllProofsFunctional" time="1.077">
    <failure message="org.opentest4j.AssertionFailedError: Executed process terminated with non-zero exit value. ==&gt; expected: &lt;0&gt; but was: &lt;1&gt;" type="org.opentest4j.AssertionFailedError">org.opentest4j.AssertionFailedError: Executed process terminated with non-zero exit value. ==&gt; expected: &lt;0&gt; but was: &lt;1&gt;
	at app//org.junit.jupiter.api.AssertionUtils.fail(AssertionUtils.java:55)
	at app//org.junit.jupiter.api.AssertionUtils.failNotEqual(AssertionUtils.java:62)
	at app//org.junit.jupiter.api.AssertEquals.assertEquals(AssertEquals.java:150)
	at app//org.junit.jupiter.api.Assertions.assertEquals(Assertions.java:559)
	at app//de.uka.ilkd.key.proof.runallproofs.proofcollection.ForkedTestFileRunner.processTestFiles(ForkedTestFileRunner.java:129)
	at app//de.uka.ilkd.key.proof.runallproofs.RunAllProofsTestUnit.runTest(RunAllProofsTestUnit.java:85)
	at app//de.uka.ilkd.key.proof.runallproofs.RunAllProofsTest.lambda$data$0(RunAllProofsTest.java:83)
	at app//org.junit.jupiter.engine.descriptor.DynamicTestTestDescriptor.lambda$execute$0(DynamicTestTestDescriptor.java:53)
	at app//org.junit.jupiter.engine.execution.InvocationInterceptorChain$ValidatingInvocation.proceed(InvocationInterceptorChain.java:131)
	at app//org.junit.jupiter.api.extension.InvocationInterceptor.interceptDynamicTest(InvocationInterceptor.java:167)
	at app//org.junit.jupiter.api.extension.InvocationInterceptor.interceptDynamicTest(InvocationInterceptor.java:184)
	at app//org.junit.jupiter.engine.descriptor.DynamicTestTestDescriptor.lambda$execute$1(DynamicTestTestDescriptor.java:61)
	at app//org.junit.jupiter.engine.execution.InvocationInterceptorChain$InterceptorCall.lambda$ofVoid$0(InvocationInterceptorChain.java:78)
	at app//org.junit.jupiter.engine.execution.InvocationInterceptorChain$InterceptedInvocation.proceed(InvocationInterceptorChain.java:106)
	at app//org.junit.jupiter.engine.execution.InvocationInterceptorChain.proceed(InvocationInterceptorChain.java:64)
	at app//org.junit.jupiter.engine.execution.InvocationInterceptorChain.chainAndInvoke(InvocationInterceptorChain.java:45)
	at app//org.junit.jupiter.engine.execution.InvocationInterceptorChain.invoke(InvocationInterceptorChain.java:37)
	at app//org.junit.jupiter.engine.descriptor.DynamicTestTestDescriptor.execute(DynamicTestTestDescriptor.java:60)
	at app//org.junit.jupiter.engine.descriptor.DynamicTestTestDescriptor.execute(DynamicTestTestDescriptor.java:32)
	at app//org.junit.platform.engine.support.hierarchical.NodeTestTask.lambda$executeRecursively$6(NodeTestTask.java:151)
	at app//org.junit.platform.engine.support.hierarchical.ThrowableCollector.execute(ThrowableCollector.java:73)
	at app//org.junit.platform.engine.support.hierarchical.NodeTestTask.lambda$executeRecursively$8(NodeTestTask.java:141)
	at app//org.junit.platform.engine.support.hierarchical.Node.around(Node.java:137)
	at app//org.junit.platform.engine.support.hierarchical.NodeTestTask.lambda$executeRecursively$9(NodeTestTask.java:139)
	at app//org.junit.platform.engine.support.hierarchical.ThrowableCollector.execute(ThrowableCollector.java:73)
	at app//org.junit.platform.engine.support.hierarchical.NodeTestTask.executeRecursively(NodeTestTask.java:138)
	at app//org.junit.platform.engine.support.hierarchical.NodeTestTask.execute(NodeTestTask.java:95)
	at app//org.junit.platform.engine.support.hierarchical.SameThreadHierarchicalTestExecutorService.submit(SameThreadHierarchicalTestExecutorService.java:35)
	at app//org.junit.platform.engine.support.hierarchical.NodeTestTask$DefaultDynamicTestExecutor.execute(NodeTestTask.java:226)
	at app//org.junit.platform.engine.support.hierarchical.NodeTestTask$DefaultDynamicTestExecutor.execute(NodeTestTask.java:204)
	at java.base@11.0.18/java.util.Optional.ifPresent(Optional.java:183)
	at app//org.junit.jupiter.engine.descriptor.TestFactoryTestDescriptor.lambda$invokeTestMethod$1(TestFactoryTestDescriptor.java:108)
	at app//org.junit.platform.engine.support.hierarchical.ThrowableCollector.execute(ThrowableCollector.java:73)
	at app//org.junit.jupiter.engine.descriptor.TestFactoryTestDescriptor.invokeTestMethod(TestFactoryTestDescriptor.java:95)
	at app//org.junit.jupiter.engine.descriptor.TestMethodTestDescriptor.execute(TestMethodTestDescriptor.java:135)
	at app//org.junit.jupiter.engine.descriptor.TestMethodTestDescriptor.execute(TestMethodTestDescriptor.java:66)
	at app//org.junit.platform.engine.support.hierarchical.NodeTestTask.lambda$executeRecursively$6(NodeTestTask.java:151)
	at app//org.junit.platform.engine.support.hierarchical.ThrowableCollector.execute(ThrowableCollector.java:73)
	at app//org.junit.platform.engine.support.hierarchical.NodeTestTask.lambda$executeRecursively$8(NodeTestTask.java:141)
	at app//org.junit.platform.engine.support.hierarchical.Node.around(Node.java:137)
	at app//org.junit.platform.engine.support.hierarchical.NodeTestTask.lambda$executeRecursively$9(NodeTestTask.java:139)
	at app//org.junit.platform.engine.support.hierarchical.ThrowableCollector.execute(ThrowableCollector.java:73)
	at app//org.junit.platform.engine.support.hierarchical.NodeTestTask.executeRecursively(NodeTestTask.java:138)
	at app//org.junit.platform.engine.support.hierarchical.NodeTestTask.execute(NodeTestTask.java:95)
	at java.base@11.0.18/java.util.ArrayList.forEach(ArrayList.java:1541)
	at app//org.junit.platform.engine.support.hierarchical.SameThreadHierarchicalTestExecutorService.invokeAll(SameThreadHierarchicalTestExecutorService.java:41)
	at app//org.junit.platform.engine.support.hierarchical.NodeTestTask.lambda$executeRecursively$6(NodeTestTask.java:155)
	at app//org.junit.platform.engine.support.hierarchical.ThrowableCollector.execute(ThrowableCollector.java:73)
	at app//org.junit.platform.engine.support.hierarchical.NodeTestTask.lambda$executeRecursively$8(NodeTestTask.java:141)
	at app//org.junit.platform.engine.support.hierarchical.Node.around(Node.java:137)
	at app//org.junit.platform.engine.support.hierarchical.NodeTestTask.lambda$executeRecursively$9(NodeTestTask.java:139)
	at app//org.junit.platform.engine.support.hierarchical.ThrowableCollector.execute(ThrowableCollector.java:73)
	at app//org.junit.platform.engine.support.hierarchical.NodeTestTask.executeRecursively(NodeTestTask.java:138)
	at app//org.junit.platform.engine.support.hierarchical.NodeTestTask.execute(NodeTestTask.java:95)
	at java.base@11.0.18/java.util.ArrayList.forEach(ArrayList.java:1541)
	at app//org.junit.platform.engine.support.hierarchical.SameThreadHierarchicalTestExecutorService.invokeAll(SameThreadHierarchicalTestExecutorService.java:41)
	at app//org.junit.platform.engine.support.hierarchical.NodeTestTask.lambda$executeRecursively$6(NodeTestTask.java:155)
	at app//org.junit.platform.engine.support.hierarchical.ThrowableCollector.execute(ThrowableCollector.java:73)
	at app//org.junit.platform.engine.support.hierarchical.NodeTestTask.lambda$executeRecursively$8(NodeTestTask.java:141)
	at app//org.junit.platform.engine.support.hierarchical.Node.around(Node.java:137)
	at app//org.junit.platform.engine.support.hierarchical.NodeTestTask.lambda$executeRecursively$9(NodeTestTask.java:139)
	at app//org.junit.platform.engine.support.hierarchical.ThrowableCollector.execute(ThrowableCollector.java:73)
	at app//org.junit.platform.engine.support.hierarchical.NodeTestTask.executeRecursively(NodeTestTask.java:138)
	at app//org.junit.platform.engine.support.hierarchical.NodeTestTask.execute(NodeTestTask.java:95)
	at app//org.junit.platform.engine.support.hierarchical.SameThreadHierarchicalTestExecutorService.submit(SameThreadHierarchicalTestExecutorService.java:35)
	at app//org.junit.platform.engine.support.hierarchical.HierarchicalTestExecutor.execute(HierarchicalTestExecutor.java:57)
	at app//org.junit.platform.engine.support.hierarchical.HierarchicalTestEngine.execute(HierarchicalTestEngine.java:54)
	at org.junit.platform.launcher.core.EngineExecutionOrchestrator.execute(EngineExecutionOrchestrator.java:107)
	at org.junit.platform.launcher.core.EngineExecutionOrchestrator.execute(EngineExecutionOrchestrator.java:88)
	at org.junit.platform.launcher.core.EngineExecutionOrchestrator.lambda$execute$0(EngineExecutionOrchestrator.java:54)
	at org.junit.platform.launcher.core.EngineExecutionOrchestrator.withInterceptedStreams(EngineExecutionOrchestrator.java:67)
	at org.junit.platform.launcher.core.EngineExecutionOrchestrator.execute(EngineExecutionOrchestrator.java:52)
	at org.junit.platform.launcher.core.DefaultLauncher.execute(DefaultLauncher.java:114)
	at org.junit.platform.launcher.core.DefaultLauncher.execute(DefaultLauncher.java:86)
	at org.junit.platform.launcher.core.DefaultLauncherSession$DelegatingLauncher.execute(DefaultLauncherSession.java:86)
	at org.junit.platform.launcher.core.SessionPerRequestLauncher.execute(SessionPerRequestLauncher.java:53)
	at org.gradle.api.internal.tasks.testing.junitplatform.JUnitPlatformTestClassProcessor$CollectAllTestClassesExecutor.processAllTestClasses(JUnitPlatformTestClassProcessor.java:99)
	at org.gradle.api.internal.tasks.testing.junitplatform.JUnitPlatformTestClassProcessor$CollectAllTestClassesExecutor.access$000(JUnitPlatformTestClassProcessor.java:79)
	at org.gradle.api.internal.tasks.testing.junitplatform.JUnitPlatformTestClassProcessor.stop(JUnitPlatformTestClassProcessor.java:75)
	at org.gradle.api.internal.tasks.testing.SuiteTestClassProcessor.stop(SuiteTestClassProcessor.java:62)
	at java.base@11.0.18/jdk.internal.reflect.NativeMethodAccessorImpl.invoke0(Native Method)
	at java.base@11.0.18/jdk.internal.reflect.NativeMethodAccessorImpl.invoke(NativeMethodAccessorImpl.java:62)
	at java.base@11.0.18/jdk.internal.reflect.DelegatingMethodAccessorImpl.invoke(DelegatingMethodAccessorImpl.java:43)
	at java.base@11.0.18/java.lang.reflect.Method.invoke(Method.java:566)
	at org.gradle.internal.dispatch.ReflectionDispatch.dispatch(ReflectionDispatch.java:36)
	at org.gradle.internal.dispatch.ReflectionDispatch.dispatch(ReflectionDispatch.java:24)
	at org.gradle.internal.dispatch.ContextClassLoaderDispatch.dispatch(ContextClassLoaderDispatch.java:33)
	at org.gradle.internal.dispatch.ProxyDispatchAdapter$DispatchingInvocationHandler.invoke(ProxyDispatchAdapter.java:94)
	at com.sun.proxy.$Proxy2.stop(Unknown Source)
	at org.gradle.api.internal.tasks.testing.worker.TestWorker$3.run(TestWorker.java:193)
	at org.gradle.api.internal.tasks.testing.worker.TestWorker.executeAndMaintainThreadName(TestWorker.java:129)
	at org.gradle.api.internal.tasks.testing.worker.TestWorker.execute(TestWorker.java:100)
	at org.gradle.api.internal.tasks.testing.worker.TestWorker.execute(TestWorker.java:60)
	at org.gradle.process.internal.worker.child.ActionExecutionWorker.execute(ActionExecutionWorker.java:56)
	at org.gradle.process.internal.worker.child.SystemApplicationClassLoaderWorker.call(SystemApplicationClassLoaderWorker.java:113)
	at org.gradle.process.internal.worker.child.SystemApplicationClassLoaderWorker.call(SystemApplicationClassLoaderWorker.java:65)
	at app//worker.org.gradle.process.internal.worker.GradleWorkerMain.run(GradleWorkerMain.java:69)
	at app//worker.org.gradle.process.internal.worker.GradleWorkerMain.main(GradleWorkerMain.java:74)
</failure>
  </testcase>
  <testcase name="UpdateAbstraction_ex7_4_secure.key" classname="de.uka.ilkd.key.proof.runallproofs.RunAllProofsFunctional" time="1.196">
    <failure message="org.opentest4j.AssertionFailedError: Executed process terminated with non-zero exit value. ==&gt; expected: &lt;0&gt; but was: &lt;1&gt;" type="org.opentest4j.AssertionFailedError">org.opentest4j.AssertionFailedError: Executed process terminated with non-zero exit value. ==&gt; expected: &lt;0&gt; but was: &lt;1&gt;
	at app//org.junit.jupiter.api.AssertionUtils.fail(AssertionUtils.java:55)
	at app//org.junit.jupiter.api.AssertionUtils.failNotEqual(AssertionUtils.java:62)
	at app//org.junit.jupiter.api.AssertEquals.assertEquals(AssertEquals.java:150)
	at app//org.junit.jupiter.api.Assertions.assertEquals(Assertions.java:559)
	at app//de.uka.ilkd.key.proof.runallproofs.proofcollection.ForkedTestFileRunner.processTestFiles(ForkedTestFileRunner.java:129)
	at app//de.uka.ilkd.key.proof.runallproofs.RunAllProofsTestUnit.runTest(RunAllProofsTestUnit.java:85)
	at app//de.uka.ilkd.key.proof.runallproofs.RunAllProofsTest.lambda$data$0(RunAllProofsTest.java:83)
	at app//org.junit.jupiter.engine.descriptor.DynamicTestTestDescriptor.lambda$execute$0(DynamicTestTestDescriptor.java:53)
	at app//org.junit.jupiter.engine.execution.InvocationInterceptorChain$ValidatingInvocation.proceed(InvocationInterceptorChain.java:131)
	at app//org.junit.jupiter.api.extension.InvocationInterceptor.interceptDynamicTest(InvocationInterceptor.java:167)
	at app//org.junit.jupiter.api.extension.InvocationInterceptor.interceptDynamicTest(InvocationInterceptor.java:184)
	at app//org.junit.jupiter.engine.descriptor.DynamicTestTestDescriptor.lambda$execute$1(DynamicTestTestDescriptor.java:61)
	at app//org.junit.jupiter.engine.execution.InvocationInterceptorChain$InterceptorCall.lambda$ofVoid$0(InvocationInterceptorChain.java:78)
	at app//org.junit.jupiter.engine.execution.InvocationInterceptorChain$InterceptedInvocation.proceed(InvocationInterceptorChain.java:106)
	at app//org.junit.jupiter.engine.execution.InvocationInterceptorChain.proceed(InvocationInterceptorChain.java:64)
	at app//org.junit.jupiter.engine.execution.InvocationInterceptorChain.chainAndInvoke(InvocationInterceptorChain.java:45)
	at app//org.junit.jupiter.engine.execution.InvocationInterceptorChain.invoke(InvocationInterceptorChain.java:37)
	at app//org.junit.jupiter.engine.descriptor.DynamicTestTestDescriptor.execute(DynamicTestTestDescriptor.java:60)
	at app//org.junit.jupiter.engine.descriptor.DynamicTestTestDescriptor.execute(DynamicTestTestDescriptor.java:32)
	at app//org.junit.platform.engine.support.hierarchical.NodeTestTask.lambda$executeRecursively$6(NodeTestTask.java:151)
	at app//org.junit.platform.engine.support.hierarchical.ThrowableCollector.execute(ThrowableCollector.java:73)
	at app//org.junit.platform.engine.support.hierarchical.NodeTestTask.lambda$executeRecursively$8(NodeTestTask.java:141)
	at app//org.junit.platform.engine.support.hierarchical.Node.around(Node.java:137)
	at app//org.junit.platform.engine.support.hierarchical.NodeTestTask.lambda$executeRecursively$9(NodeTestTask.java:139)
	at app//org.junit.platform.engine.support.hierarchical.ThrowableCollector.execute(ThrowableCollector.java:73)
	at app//org.junit.platform.engine.support.hierarchical.NodeTestTask.executeRecursively(NodeTestTask.java:138)
	at app//org.junit.platform.engine.support.hierarchical.NodeTestTask.execute(NodeTestTask.java:95)
	at app//org.junit.platform.engine.support.hierarchical.SameThreadHierarchicalTestExecutorService.submit(SameThreadHierarchicalTestExecutorService.java:35)
	at app//org.junit.platform.engine.support.hierarchical.NodeTestTask$DefaultDynamicTestExecutor.execute(NodeTestTask.java:226)
	at app//org.junit.platform.engine.support.hierarchical.NodeTestTask$DefaultDynamicTestExecutor.execute(NodeTestTask.java:204)
	at java.base@11.0.18/java.util.Optional.ifPresent(Optional.java:183)
	at app//org.junit.jupiter.engine.descriptor.TestFactoryTestDescriptor.lambda$invokeTestMethod$1(TestFactoryTestDescriptor.java:108)
	at app//org.junit.platform.engine.support.hierarchical.ThrowableCollector.execute(ThrowableCollector.java:73)
	at app//org.junit.jupiter.engine.descriptor.TestFactoryTestDescriptor.invokeTestMethod(TestFactoryTestDescriptor.java:95)
	at app//org.junit.jupiter.engine.descriptor.TestMethodTestDescriptor.execute(TestMethodTestDescriptor.java:135)
	at app//org.junit.jupiter.engine.descriptor.TestMethodTestDescriptor.execute(TestMethodTestDescriptor.java:66)
	at app//org.junit.platform.engine.support.hierarchical.NodeTestTask.lambda$executeRecursively$6(NodeTestTask.java:151)
	at app//org.junit.platform.engine.support.hierarchical.ThrowableCollector.execute(ThrowableCollector.java:73)
	at app//org.junit.platform.engine.support.hierarchical.NodeTestTask.lambda$executeRecursively$8(NodeTestTask.java:141)
	at app//org.junit.platform.engine.support.hierarchical.Node.around(Node.java:137)
	at app//org.junit.platform.engine.support.hierarchical.NodeTestTask.lambda$executeRecursively$9(NodeTestTask.java:139)
	at app//org.junit.platform.engine.support.hierarchical.ThrowableCollector.execute(ThrowableCollector.java:73)
	at app//org.junit.platform.engine.support.hierarchical.NodeTestTask.executeRecursively(NodeTestTask.java:138)
	at app//org.junit.platform.engine.support.hierarchical.NodeTestTask.execute(NodeTestTask.java:95)
	at java.base@11.0.18/java.util.ArrayList.forEach(ArrayList.java:1541)
	at app//org.junit.platform.engine.support.hierarchical.SameThreadHierarchicalTestExecutorService.invokeAll(SameThreadHierarchicalTestExecutorService.java:41)
	at app//org.junit.platform.engine.support.hierarchical.NodeTestTask.lambda$executeRecursively$6(NodeTestTask.java:155)
	at app//org.junit.platform.engine.support.hierarchical.ThrowableCollector.execute(ThrowableCollector.java:73)
	at app//org.junit.platform.engine.support.hierarchical.NodeTestTask.lambda$executeRecursively$8(NodeTestTask.java:141)
	at app//org.junit.platform.engine.support.hierarchical.Node.around(Node.java:137)
	at app//org.junit.platform.engine.support.hierarchical.NodeTestTask.lambda$executeRecursively$9(NodeTestTask.java:139)
	at app//org.junit.platform.engine.support.hierarchical.ThrowableCollector.execute(ThrowableCollector.java:73)
	at app//org.junit.platform.engine.support.hierarchical.NodeTestTask.executeRecursively(NodeTestTask.java:138)
	at app//org.junit.platform.engine.support.hierarchical.NodeTestTask.execute(NodeTestTask.java:95)
	at java.base@11.0.18/java.util.ArrayList.forEach(ArrayList.java:1541)
	at app//org.junit.platform.engine.support.hierarchical.SameThreadHierarchicalTestExecutorService.invokeAll(SameThreadHierarchicalTestExecutorService.java:41)
	at app//org.junit.platform.engine.support.hierarchical.NodeTestTask.lambda$executeRecursively$6(NodeTestTask.java:155)
	at app//org.junit.platform.engine.support.hierarchical.ThrowableCollector.execute(ThrowableCollector.java:73)
	at app//org.junit.platform.engine.support.hierarchical.NodeTestTask.lambda$executeRecursively$8(NodeTestTask.java:141)
	at app//org.junit.platform.engine.support.hierarchical.Node.around(Node.java:137)
	at app//org.junit.platform.engine.support.hierarchical.NodeTestTask.lambda$executeRecursively$9(NodeTestTask.java:139)
	at app//org.junit.platform.engine.support.hierarchical.ThrowableCollector.execute(ThrowableCollector.java:73)
	at app//org.junit.platform.engine.support.hierarchical.NodeTestTask.executeRecursively(NodeTestTask.java:138)
	at app//org.junit.platform.engine.support.hierarchical.NodeTestTask.execute(NodeTestTask.java:95)
	at app//org.junit.platform.engine.support.hierarchical.SameThreadHierarchicalTestExecutorService.submit(SameThreadHierarchicalTestExecutorService.java:35)
	at app//org.junit.platform.engine.support.hierarchical.HierarchicalTestExecutor.execute(HierarchicalTestExecutor.java:57)
	at app//org.junit.platform.engine.support.hierarchical.HierarchicalTestEngine.execute(HierarchicalTestEngine.java:54)
	at org.junit.platform.launcher.core.EngineExecutionOrchestrator.execute(EngineExecutionOrchestrator.java:107)
	at org.junit.platform.launcher.core.EngineExecutionOrchestrator.execute(EngineExecutionOrchestrator.java:88)
	at org.junit.platform.launcher.core.EngineExecutionOrchestrator.lambda$execute$0(EngineExecutionOrchestrator.java:54)
	at org.junit.platform.launcher.core.EngineExecutionOrchestrator.withInterceptedStreams(EngineExecutionOrchestrator.java:67)
	at org.junit.platform.launcher.core.EngineExecutionOrchestrator.execute(EngineExecutionOrchestrator.java:52)
	at org.junit.platform.launcher.core.DefaultLauncher.execute(DefaultLauncher.java:114)
	at org.junit.platform.launcher.core.DefaultLauncher.execute(DefaultLauncher.java:86)
	at org.junit.platform.launcher.core.DefaultLauncherSession$DelegatingLauncher.execute(DefaultLauncherSession.java:86)
	at org.junit.platform.launcher.core.SessionPerRequestLauncher.execute(SessionPerRequestLauncher.java:53)
	at org.gradle.api.internal.tasks.testing.junitplatform.JUnitPlatformTestClassProcessor$CollectAllTestClassesExecutor.processAllTestClasses(JUnitPlatformTestClassProcessor.java:99)
	at org.gradle.api.internal.tasks.testing.junitplatform.JUnitPlatformTestClassProcessor$CollectAllTestClassesExecutor.access$000(JUnitPlatformTestClassProcessor.java:79)
	at org.gradle.api.internal.tasks.testing.junitplatform.JUnitPlatformTestClassProcessor.stop(JUnitPlatformTestClassProcessor.java:75)
	at org.gradle.api.internal.tasks.testing.SuiteTestClassProcessor.stop(SuiteTestClassProcessor.java:62)
	at java.base@11.0.18/jdk.internal.reflect.NativeMethodAccessorImpl.invoke0(Native Method)
	at java.base@11.0.18/jdk.internal.reflect.NativeMethodAccessorImpl.invoke(NativeMethodAccessorImpl.java:62)
	at java.base@11.0.18/jdk.internal.reflect.DelegatingMethodAccessorImpl.invoke(DelegatingMethodAccessorImpl.java:43)
	at java.base@11.0.18/java.lang.reflect.Method.invoke(Method.java:566)
	at org.gradle.internal.dispatch.ReflectionDispatch.dispatch(ReflectionDispatch.java:36)
	at org.gradle.internal.dispatch.ReflectionDispatch.dispatch(ReflectionDispatch.java:24)
	at org.gradle.internal.dispatch.ContextClassLoaderDispatch.dispatch(ContextClassLoaderDispatch.java:33)
	at org.gradle.internal.dispatch.ProxyDispatchAdapter$DispatchingInvocationHandler.invoke(ProxyDispatchAdapter.java:94)
	at com.sun.proxy.$Proxy2.stop(Unknown Source)
	at org.gradle.api.internal.tasks.testing.worker.TestWorker$3.run(TestWorker.java:193)
	at org.gradle.api.internal.tasks.testing.worker.TestWorker.executeAndMaintainThreadName(TestWorker.java:129)
	at org.gradle.api.internal.tasks.testing.worker.TestWorker.execute(TestWorker.java:100)
	at org.gradle.api.internal.tasks.testing.worker.TestWorker.execute(TestWorker.java:60)
	at org.gradle.process.internal.worker.child.ActionExecutionWorker.execute(ActionExecutionWorker.java:56)
	at org.gradle.process.internal.worker.child.SystemApplicationClassLoaderWorker.call(SystemApplicationClassLoaderWorker.java:113)
	at org.gradle.process.internal.worker.child.SystemApplicationClassLoaderWorker.call(SystemApplicationClassLoaderWorker.java:65)
	at app//worker.org.gradle.process.internal.worker.GradleWorkerMain.run(GradleWorkerMain.java:69)
	at app//worker.org.gradle.process.internal.worker.GradleWorkerMain.main(GradleWorkerMain.java:74)
</failure>
  </testcase>
  <testcase name="UpdateAbstraction_ex7_5_secure.key" classname="de.uka.ilkd.key.proof.runallproofs.RunAllProofsFunctional" time="1.105">
    <failure message="org.opentest4j.AssertionFailedError: Executed process terminated with non-zero exit value. ==&gt; expected: &lt;0&gt; but was: &lt;1&gt;" type="org.opentest4j.AssertionFailedError">org.opentest4j.AssertionFailedError: Executed process terminated with non-zero exit value. ==&gt; expected: &lt;0&gt; but was: &lt;1&gt;
	at app//org.junit.jupiter.api.AssertionUtils.fail(AssertionUtils.java:55)
	at app//org.junit.jupiter.api.AssertionUtils.failNotEqual(AssertionUtils.java:62)
	at app//org.junit.jupiter.api.AssertEquals.assertEquals(AssertEquals.java:150)
	at app//org.junit.jupiter.api.Assertions.assertEquals(Assertions.java:559)
	at app//de.uka.ilkd.key.proof.runallproofs.proofcollection.ForkedTestFileRunner.processTestFiles(ForkedTestFileRunner.java:129)
	at app//de.uka.ilkd.key.proof.runallproofs.RunAllProofsTestUnit.runTest(RunAllProofsTestUnit.java:85)
	at app//de.uka.ilkd.key.proof.runallproofs.RunAllProofsTest.lambda$data$0(RunAllProofsTest.java:83)
	at app//org.junit.jupiter.engine.descriptor.DynamicTestTestDescriptor.lambda$execute$0(DynamicTestTestDescriptor.java:53)
	at app//org.junit.jupiter.engine.execution.InvocationInterceptorChain$ValidatingInvocation.proceed(InvocationInterceptorChain.java:131)
	at app//org.junit.jupiter.api.extension.InvocationInterceptor.interceptDynamicTest(InvocationInterceptor.java:167)
	at app//org.junit.jupiter.api.extension.InvocationInterceptor.interceptDynamicTest(InvocationInterceptor.java:184)
	at app//org.junit.jupiter.engine.descriptor.DynamicTestTestDescriptor.lambda$execute$1(DynamicTestTestDescriptor.java:61)
	at app//org.junit.jupiter.engine.execution.InvocationInterceptorChain$InterceptorCall.lambda$ofVoid$0(InvocationInterceptorChain.java:78)
	at app//org.junit.jupiter.engine.execution.InvocationInterceptorChain$InterceptedInvocation.proceed(InvocationInterceptorChain.java:106)
	at app//org.junit.jupiter.engine.execution.InvocationInterceptorChain.proceed(InvocationInterceptorChain.java:64)
	at app//org.junit.jupiter.engine.execution.InvocationInterceptorChain.chainAndInvoke(InvocationInterceptorChain.java:45)
	at app//org.junit.jupiter.engine.execution.InvocationInterceptorChain.invoke(InvocationInterceptorChain.java:37)
	at app//org.junit.jupiter.engine.descriptor.DynamicTestTestDescriptor.execute(DynamicTestTestDescriptor.java:60)
	at app//org.junit.jupiter.engine.descriptor.DynamicTestTestDescriptor.execute(DynamicTestTestDescriptor.java:32)
	at app//org.junit.platform.engine.support.hierarchical.NodeTestTask.lambda$executeRecursively$6(NodeTestTask.java:151)
	at app//org.junit.platform.engine.support.hierarchical.ThrowableCollector.execute(ThrowableCollector.java:73)
	at app//org.junit.platform.engine.support.hierarchical.NodeTestTask.lambda$executeRecursively$8(NodeTestTask.java:141)
	at app//org.junit.platform.engine.support.hierarchical.Node.around(Node.java:137)
	at app//org.junit.platform.engine.support.hierarchical.NodeTestTask.lambda$executeRecursively$9(NodeTestTask.java:139)
	at app//org.junit.platform.engine.support.hierarchical.ThrowableCollector.execute(ThrowableCollector.java:73)
	at app//org.junit.platform.engine.support.hierarchical.NodeTestTask.executeRecursively(NodeTestTask.java:138)
	at app//org.junit.platform.engine.support.hierarchical.NodeTestTask.execute(NodeTestTask.java:95)
	at app//org.junit.platform.engine.support.hierarchical.SameThreadHierarchicalTestExecutorService.submit(SameThreadHierarchicalTestExecutorService.java:35)
	at app//org.junit.platform.engine.support.hierarchical.NodeTestTask$DefaultDynamicTestExecutor.execute(NodeTestTask.java:226)
	at app//org.junit.platform.engine.support.hierarchical.NodeTestTask$DefaultDynamicTestExecutor.execute(NodeTestTask.java:204)
	at java.base@11.0.18/java.util.Optional.ifPresent(Optional.java:183)
	at app//org.junit.jupiter.engine.descriptor.TestFactoryTestDescriptor.lambda$invokeTestMethod$1(TestFactoryTestDescriptor.java:108)
	at app//org.junit.platform.engine.support.hierarchical.ThrowableCollector.execute(ThrowableCollector.java:73)
	at app//org.junit.jupiter.engine.descriptor.TestFactoryTestDescriptor.invokeTestMethod(TestFactoryTestDescriptor.java:95)
	at app//org.junit.jupiter.engine.descriptor.TestMethodTestDescriptor.execute(TestMethodTestDescriptor.java:135)
	at app//org.junit.jupiter.engine.descriptor.TestMethodTestDescriptor.execute(TestMethodTestDescriptor.java:66)
	at app//org.junit.platform.engine.support.hierarchical.NodeTestTask.lambda$executeRecursively$6(NodeTestTask.java:151)
	at app//org.junit.platform.engine.support.hierarchical.ThrowableCollector.execute(ThrowableCollector.java:73)
	at app//org.junit.platform.engine.support.hierarchical.NodeTestTask.lambda$executeRecursively$8(NodeTestTask.java:141)
	at app//org.junit.platform.engine.support.hierarchical.Node.around(Node.java:137)
	at app//org.junit.platform.engine.support.hierarchical.NodeTestTask.lambda$executeRecursively$9(NodeTestTask.java:139)
	at app//org.junit.platform.engine.support.hierarchical.ThrowableCollector.execute(ThrowableCollector.java:73)
	at app//org.junit.platform.engine.support.hierarchical.NodeTestTask.executeRecursively(NodeTestTask.java:138)
	at app//org.junit.platform.engine.support.hierarchical.NodeTestTask.execute(NodeTestTask.java:95)
	at java.base@11.0.18/java.util.ArrayList.forEach(ArrayList.java:1541)
	at app//org.junit.platform.engine.support.hierarchical.SameThreadHierarchicalTestExecutorService.invokeAll(SameThreadHierarchicalTestExecutorService.java:41)
	at app//org.junit.platform.engine.support.hierarchical.NodeTestTask.lambda$executeRecursively$6(NodeTestTask.java:155)
	at app//org.junit.platform.engine.support.hierarchical.ThrowableCollector.execute(ThrowableCollector.java:73)
	at app//org.junit.platform.engine.support.hierarchical.NodeTestTask.lambda$executeRecursively$8(NodeTestTask.java:141)
	at app//org.junit.platform.engine.support.hierarchical.Node.around(Node.java:137)
	at app//org.junit.platform.engine.support.hierarchical.NodeTestTask.lambda$executeRecursively$9(NodeTestTask.java:139)
	at app//org.junit.platform.engine.support.hierarchical.ThrowableCollector.execute(ThrowableCollector.java:73)
	at app//org.junit.platform.engine.support.hierarchical.NodeTestTask.executeRecursively(NodeTestTask.java:138)
	at app//org.junit.platform.engine.support.hierarchical.NodeTestTask.execute(NodeTestTask.java:95)
	at java.base@11.0.18/java.util.ArrayList.forEach(ArrayList.java:1541)
	at app//org.junit.platform.engine.support.hierarchical.SameThreadHierarchicalTestExecutorService.invokeAll(SameThreadHierarchicalTestExecutorService.java:41)
	at app//org.junit.platform.engine.support.hierarchical.NodeTestTask.lambda$executeRecursively$6(NodeTestTask.java:155)
	at app//org.junit.platform.engine.support.hierarchical.ThrowableCollector.execute(ThrowableCollector.java:73)
	at app//org.junit.platform.engine.support.hierarchical.NodeTestTask.lambda$executeRecursively$8(NodeTestTask.java:141)
	at app//org.junit.platform.engine.support.hierarchical.Node.around(Node.java:137)
	at app//org.junit.platform.engine.support.hierarchical.NodeTestTask.lambda$executeRecursively$9(NodeTestTask.java:139)
	at app//org.junit.platform.engine.support.hierarchical.ThrowableCollector.execute(ThrowableCollector.java:73)
	at app//org.junit.platform.engine.support.hierarchical.NodeTestTask.executeRecursively(NodeTestTask.java:138)
	at app//org.junit.platform.engine.support.hierarchical.NodeTestTask.execute(NodeTestTask.java:95)
	at app//org.junit.platform.engine.support.hierarchical.SameThreadHierarchicalTestExecutorService.submit(SameThreadHierarchicalTestExecutorService.java:35)
	at app//org.junit.platform.engine.support.hierarchical.HierarchicalTestExecutor.execute(HierarchicalTestExecutor.java:57)
	at app//org.junit.platform.engine.support.hierarchical.HierarchicalTestEngine.execute(HierarchicalTestEngine.java:54)
	at org.junit.platform.launcher.core.EngineExecutionOrchestrator.execute(EngineExecutionOrchestrator.java:107)
	at org.junit.platform.launcher.core.EngineExecutionOrchestrator.execute(EngineExecutionOrchestrator.java:88)
	at org.junit.platform.launcher.core.EngineExecutionOrchestrator.lambda$execute$0(EngineExecutionOrchestrator.java:54)
	at org.junit.platform.launcher.core.EngineExecutionOrchestrator.withInterceptedStreams(EngineExecutionOrchestrator.java:67)
	at org.junit.platform.launcher.core.EngineExecutionOrchestrator.execute(EngineExecutionOrchestrator.java:52)
	at org.junit.platform.launcher.core.DefaultLauncher.execute(DefaultLauncher.java:114)
	at org.junit.platform.launcher.core.DefaultLauncher.execute(DefaultLauncher.java:86)
	at org.junit.platform.launcher.core.DefaultLauncherSession$DelegatingLauncher.execute(DefaultLauncherSession.java:86)
	at org.junit.platform.launcher.core.SessionPerRequestLauncher.execute(SessionPerRequestLauncher.java:53)
	at org.gradle.api.internal.tasks.testing.junitplatform.JUnitPlatformTestClassProcessor$CollectAllTestClassesExecutor.processAllTestClasses(JUnitPlatformTestClassProcessor.java:99)
	at org.gradle.api.internal.tasks.testing.junitplatform.JUnitPlatformTestClassProcessor$CollectAllTestClassesExecutor.access$000(JUnitPlatformTestClassProcessor.java:79)
	at org.gradle.api.internal.tasks.testing.junitplatform.JUnitPlatformTestClassProcessor.stop(JUnitPlatformTestClassProcessor.java:75)
	at org.gradle.api.internal.tasks.testing.SuiteTestClassProcessor.stop(SuiteTestClassProcessor.java:62)
	at java.base@11.0.18/jdk.internal.reflect.NativeMethodAccessorImpl.invoke0(Native Method)
	at java.base@11.0.18/jdk.internal.reflect.NativeMethodAccessorImpl.invoke(NativeMethodAccessorImpl.java:62)
	at java.base@11.0.18/jdk.internal.reflect.DelegatingMethodAccessorImpl.invoke(DelegatingMethodAccessorImpl.java:43)
	at java.base@11.0.18/java.lang.reflect.Method.invoke(Method.java:566)
	at org.gradle.internal.dispatch.ReflectionDispatch.dispatch(ReflectionDispatch.java:36)
	at org.gradle.internal.dispatch.ReflectionDispatch.dispatch(ReflectionDispatch.java:24)
	at org.gradle.internal.dispatch.ContextClassLoaderDispatch.dispatch(ContextClassLoaderDispatch.java:33)
	at org.gradle.internal.dispatch.ProxyDispatchAdapter$DispatchingInvocationHandler.invoke(ProxyDispatchAdapter.java:94)
	at com.sun.proxy.$Proxy2.stop(Unknown Source)
	at org.gradle.api.internal.tasks.testing.worker.TestWorker$3.run(TestWorker.java:193)
	at org.gradle.api.internal.tasks.testing.worker.TestWorker.executeAndMaintainThreadName(TestWorker.java:129)
	at org.gradle.api.internal.tasks.testing.worker.TestWorker.execute(TestWorker.java:100)
	at org.gradle.api.internal.tasks.testing.worker.TestWorker.execute(TestWorker.java:60)
	at org.gradle.process.internal.worker.child.ActionExecutionWorker.execute(ActionExecutionWorker.java:56)
	at org.gradle.process.internal.worker.child.SystemApplicationClassLoaderWorker.call(SystemApplicationClassLoaderWorker.java:113)
	at org.gradle.process.internal.worker.child.SystemApplicationClassLoaderWorker.call(SystemApplicationClassLoaderWorker.java:65)
	at app//worker.org.gradle.process.internal.worker.GradleWorkerMain.run(GradleWorkerMain.java:69)
	at app//worker.org.gradle.process.internal.worker.GradleWorkerMain.main(GradleWorkerMain.java:74)
</failure>
  </testcase>
  <testcase name="UpdateAbstraction_ex7_6_secure.key" classname="de.uka.ilkd.key.proof.runallproofs.RunAllProofsFunctional" time="1.085">
    <failure message="org.opentest4j.AssertionFailedError: Executed process terminated with non-zero exit value. ==&gt; expected: &lt;0&gt; but was: &lt;1&gt;" type="org.opentest4j.AssertionFailedError">org.opentest4j.AssertionFailedError: Executed process terminated with non-zero exit value. ==&gt; expected: &lt;0&gt; but was: &lt;1&gt;
	at app//org.junit.jupiter.api.AssertionUtils.fail(AssertionUtils.java:55)
	at app//org.junit.jupiter.api.AssertionUtils.failNotEqual(AssertionUtils.java:62)
	at app//org.junit.jupiter.api.AssertEquals.assertEquals(AssertEquals.java:150)
	at app//org.junit.jupiter.api.Assertions.assertEquals(Assertions.java:559)
	at app//de.uka.ilkd.key.proof.runallproofs.proofcollection.ForkedTestFileRunner.processTestFiles(ForkedTestFileRunner.java:129)
	at app//de.uka.ilkd.key.proof.runallproofs.RunAllProofsTestUnit.runTest(RunAllProofsTestUnit.java:85)
	at app//de.uka.ilkd.key.proof.runallproofs.RunAllProofsTest.lambda$data$0(RunAllProofsTest.java:83)
	at app//org.junit.jupiter.engine.descriptor.DynamicTestTestDescriptor.lambda$execute$0(DynamicTestTestDescriptor.java:53)
	at app//org.junit.jupiter.engine.execution.InvocationInterceptorChain$ValidatingInvocation.proceed(InvocationInterceptorChain.java:131)
	at app//org.junit.jupiter.api.extension.InvocationInterceptor.interceptDynamicTest(InvocationInterceptor.java:167)
	at app//org.junit.jupiter.api.extension.InvocationInterceptor.interceptDynamicTest(InvocationInterceptor.java:184)
	at app//org.junit.jupiter.engine.descriptor.DynamicTestTestDescriptor.lambda$execute$1(DynamicTestTestDescriptor.java:61)
	at app//org.junit.jupiter.engine.execution.InvocationInterceptorChain$InterceptorCall.lambda$ofVoid$0(InvocationInterceptorChain.java:78)
	at app//org.junit.jupiter.engine.execution.InvocationInterceptorChain$InterceptedInvocation.proceed(InvocationInterceptorChain.java:106)
	at app//org.junit.jupiter.engine.execution.InvocationInterceptorChain.proceed(InvocationInterceptorChain.java:64)
	at app//org.junit.jupiter.engine.execution.InvocationInterceptorChain.chainAndInvoke(InvocationInterceptorChain.java:45)
	at app//org.junit.jupiter.engine.execution.InvocationInterceptorChain.invoke(InvocationInterceptorChain.java:37)
	at app//org.junit.jupiter.engine.descriptor.DynamicTestTestDescriptor.execute(DynamicTestTestDescriptor.java:60)
	at app//org.junit.jupiter.engine.descriptor.DynamicTestTestDescriptor.execute(DynamicTestTestDescriptor.java:32)
	at app//org.junit.platform.engine.support.hierarchical.NodeTestTask.lambda$executeRecursively$6(NodeTestTask.java:151)
	at app//org.junit.platform.engine.support.hierarchical.ThrowableCollector.execute(ThrowableCollector.java:73)
	at app//org.junit.platform.engine.support.hierarchical.NodeTestTask.lambda$executeRecursively$8(NodeTestTask.java:141)
	at app//org.junit.platform.engine.support.hierarchical.Node.around(Node.java:137)
	at app//org.junit.platform.engine.support.hierarchical.NodeTestTask.lambda$executeRecursively$9(NodeTestTask.java:139)
	at app//org.junit.platform.engine.support.hierarchical.ThrowableCollector.execute(ThrowableCollector.java:73)
	at app//org.junit.platform.engine.support.hierarchical.NodeTestTask.executeRecursively(NodeTestTask.java:138)
	at app//org.junit.platform.engine.support.hierarchical.NodeTestTask.execute(NodeTestTask.java:95)
	at app//org.junit.platform.engine.support.hierarchical.SameThreadHierarchicalTestExecutorService.submit(SameThreadHierarchicalTestExecutorService.java:35)
	at app//org.junit.platform.engine.support.hierarchical.NodeTestTask$DefaultDynamicTestExecutor.execute(NodeTestTask.java:226)
	at app//org.junit.platform.engine.support.hierarchical.NodeTestTask$DefaultDynamicTestExecutor.execute(NodeTestTask.java:204)
	at java.base@11.0.18/java.util.Optional.ifPresent(Optional.java:183)
	at app//org.junit.jupiter.engine.descriptor.TestFactoryTestDescriptor.lambda$invokeTestMethod$1(TestFactoryTestDescriptor.java:108)
	at app//org.junit.platform.engine.support.hierarchical.ThrowableCollector.execute(ThrowableCollector.java:73)
	at app//org.junit.jupiter.engine.descriptor.TestFactoryTestDescriptor.invokeTestMethod(TestFactoryTestDescriptor.java:95)
	at app//org.junit.jupiter.engine.descriptor.TestMethodTestDescriptor.execute(TestMethodTestDescriptor.java:135)
	at app//org.junit.jupiter.engine.descriptor.TestMethodTestDescriptor.execute(TestMethodTestDescriptor.java:66)
	at app//org.junit.platform.engine.support.hierarchical.NodeTestTask.lambda$executeRecursively$6(NodeTestTask.java:151)
	at app//org.junit.platform.engine.support.hierarchical.ThrowableCollector.execute(ThrowableCollector.java:73)
	at app//org.junit.platform.engine.support.hierarchical.NodeTestTask.lambda$executeRecursively$8(NodeTestTask.java:141)
	at app//org.junit.platform.engine.support.hierarchical.Node.around(Node.java:137)
	at app//org.junit.platform.engine.support.hierarchical.NodeTestTask.lambda$executeRecursively$9(NodeTestTask.java:139)
	at app//org.junit.platform.engine.support.hierarchical.ThrowableCollector.execute(ThrowableCollector.java:73)
	at app//org.junit.platform.engine.support.hierarchical.NodeTestTask.executeRecursively(NodeTestTask.java:138)
	at app//org.junit.platform.engine.support.hierarchical.NodeTestTask.execute(NodeTestTask.java:95)
	at java.base@11.0.18/java.util.ArrayList.forEach(ArrayList.java:1541)
	at app//org.junit.platform.engine.support.hierarchical.SameThreadHierarchicalTestExecutorService.invokeAll(SameThreadHierarchicalTestExecutorService.java:41)
	at app//org.junit.platform.engine.support.hierarchical.NodeTestTask.lambda$executeRecursively$6(NodeTestTask.java:155)
	at app//org.junit.platform.engine.support.hierarchical.ThrowableCollector.execute(ThrowableCollector.java:73)
	at app//org.junit.platform.engine.support.hierarchical.NodeTestTask.lambda$executeRecursively$8(NodeTestTask.java:141)
	at app//org.junit.platform.engine.support.hierarchical.Node.around(Node.java:137)
	at app//org.junit.platform.engine.support.hierarchical.NodeTestTask.lambda$executeRecursively$9(NodeTestTask.java:139)
	at app//org.junit.platform.engine.support.hierarchical.ThrowableCollector.execute(ThrowableCollector.java:73)
	at app//org.junit.platform.engine.support.hierarchical.NodeTestTask.executeRecursively(NodeTestTask.java:138)
	at app//org.junit.platform.engine.support.hierarchical.NodeTestTask.execute(NodeTestTask.java:95)
	at java.base@11.0.18/java.util.ArrayList.forEach(ArrayList.java:1541)
	at app//org.junit.platform.engine.support.hierarchical.SameThreadHierarchicalTestExecutorService.invokeAll(SameThreadHierarchicalTestExecutorService.java:41)
	at app//org.junit.platform.engine.support.hierarchical.NodeTestTask.lambda$executeRecursively$6(NodeTestTask.java:155)
	at app//org.junit.platform.engine.support.hierarchical.ThrowableCollector.execute(ThrowableCollector.java:73)
	at app//org.junit.platform.engine.support.hierarchical.NodeTestTask.lambda$executeRecursively$8(NodeTestTask.java:141)
	at app//org.junit.platform.engine.support.hierarchical.Node.around(Node.java:137)
	at app//org.junit.platform.engine.support.hierarchical.NodeTestTask.lambda$executeRecursively$9(NodeTestTask.java:139)
	at app//org.junit.platform.engine.support.hierarchical.ThrowableCollector.execute(ThrowableCollector.java:73)
	at app//org.junit.platform.engine.support.hierarchical.NodeTestTask.executeRecursively(NodeTestTask.java:138)
	at app//org.junit.platform.engine.support.hierarchical.NodeTestTask.execute(NodeTestTask.java:95)
	at app//org.junit.platform.engine.support.hierarchical.SameThreadHierarchicalTestExecutorService.submit(SameThreadHierarchicalTestExecutorService.java:35)
	at app//org.junit.platform.engine.support.hierarchical.HierarchicalTestExecutor.execute(HierarchicalTestExecutor.java:57)
	at app//org.junit.platform.engine.support.hierarchical.HierarchicalTestEngine.execute(HierarchicalTestEngine.java:54)
	at org.junit.platform.launcher.core.EngineExecutionOrchestrator.execute(EngineExecutionOrchestrator.java:107)
	at org.junit.platform.launcher.core.EngineExecutionOrchestrator.execute(EngineExecutionOrchestrator.java:88)
	at org.junit.platform.launcher.core.EngineExecutionOrchestrator.lambda$execute$0(EngineExecutionOrchestrator.java:54)
	at org.junit.platform.launcher.core.EngineExecutionOrchestrator.withInterceptedStreams(EngineExecutionOrchestrator.java:67)
	at org.junit.platform.launcher.core.EngineExecutionOrchestrator.execute(EngineExecutionOrchestrator.java:52)
	at org.junit.platform.launcher.core.DefaultLauncher.execute(DefaultLauncher.java:114)
	at org.junit.platform.launcher.core.DefaultLauncher.execute(DefaultLauncher.java:86)
	at org.junit.platform.launcher.core.DefaultLauncherSession$DelegatingLauncher.execute(DefaultLauncherSession.java:86)
	at org.junit.platform.launcher.core.SessionPerRequestLauncher.execute(SessionPerRequestLauncher.java:53)
	at org.gradle.api.internal.tasks.testing.junitplatform.JUnitPlatformTestClassProcessor$CollectAllTestClassesExecutor.processAllTestClasses(JUnitPlatformTestClassProcessor.java:99)
	at org.gradle.api.internal.tasks.testing.junitplatform.JUnitPlatformTestClassProcessor$CollectAllTestClassesExecutor.access$000(JUnitPlatformTestClassProcessor.java:79)
	at org.gradle.api.internal.tasks.testing.junitplatform.JUnitPlatformTestClassProcessor.stop(JUnitPlatformTestClassProcessor.java:75)
	at org.gradle.api.internal.tasks.testing.SuiteTestClassProcessor.stop(SuiteTestClassProcessor.java:62)
	at java.base@11.0.18/jdk.internal.reflect.NativeMethodAccessorImpl.invoke0(Native Method)
	at java.base@11.0.18/jdk.internal.reflect.NativeMethodAccessorImpl.invoke(NativeMethodAccessorImpl.java:62)
	at java.base@11.0.18/jdk.internal.reflect.DelegatingMethodAccessorImpl.invoke(DelegatingMethodAccessorImpl.java:43)
	at java.base@11.0.18/java.lang.reflect.Method.invoke(Method.java:566)
	at org.gradle.internal.dispatch.ReflectionDispatch.dispatch(ReflectionDispatch.java:36)
	at org.gradle.internal.dispatch.ReflectionDispatch.dispatch(ReflectionDispatch.java:24)
	at org.gradle.internal.dispatch.ContextClassLoaderDispatch.dispatch(ContextClassLoaderDispatch.java:33)
	at org.gradle.internal.dispatch.ProxyDispatchAdapter$DispatchingInvocationHandler.invoke(ProxyDispatchAdapter.java:94)
	at com.sun.proxy.$Proxy2.stop(Unknown Source)
	at org.gradle.api.internal.tasks.testing.worker.TestWorker$3.run(TestWorker.java:193)
	at org.gradle.api.internal.tasks.testing.worker.TestWorker.executeAndMaintainThreadName(TestWorker.java:129)
	at org.gradle.api.internal.tasks.testing.worker.TestWorker.execute(TestWorker.java:100)
	at org.gradle.api.internal.tasks.testing.worker.TestWorker.execute(TestWorker.java:60)
	at org.gradle.process.internal.worker.child.ActionExecutionWorker.execute(ActionExecutionWorker.java:56)
	at org.gradle.process.internal.worker.child.SystemApplicationClassLoaderWorker.call(SystemApplicationClassLoaderWorker.java:113)
	at org.gradle.process.internal.worker.child.SystemApplicationClassLoaderWorker.call(SystemApplicationClassLoaderWorker.java:65)
	at app//worker.org.gradle.process.internal.worker.GradleWorkerMain.run(GradleWorkerMain.java:69)
	at app//worker.org.gradle.process.internal.worker.GradleWorkerMain.main(GradleWorkerMain.java:74)
</failure>
  </testcase>
  <testcase name="UpdateAbstraction_ex9_secure.key" classname="de.uka.ilkd.key.proof.runallproofs.RunAllProofsFunctional" time="1.136">
    <failure message="org.opentest4j.AssertionFailedError: Executed process terminated with non-zero exit value. ==&gt; expected: &lt;0&gt; but was: &lt;1&gt;" type="org.opentest4j.AssertionFailedError">org.opentest4j.AssertionFailedError: Executed process terminated with non-zero exit value. ==&gt; expected: &lt;0&gt; but was: &lt;1&gt;
	at app//org.junit.jupiter.api.AssertionUtils.fail(AssertionUtils.java:55)
	at app//org.junit.jupiter.api.AssertionUtils.failNotEqual(AssertionUtils.java:62)
	at app//org.junit.jupiter.api.AssertEquals.assertEquals(AssertEquals.java:150)
	at app//org.junit.jupiter.api.Assertions.assertEquals(Assertions.java:559)
	at app//de.uka.ilkd.key.proof.runallproofs.proofcollection.ForkedTestFileRunner.processTestFiles(ForkedTestFileRunner.java:129)
	at app//de.uka.ilkd.key.proof.runallproofs.RunAllProofsTestUnit.runTest(RunAllProofsTestUnit.java:85)
	at app//de.uka.ilkd.key.proof.runallproofs.RunAllProofsTest.lambda$data$0(RunAllProofsTest.java:83)
	at app//org.junit.jupiter.engine.descriptor.DynamicTestTestDescriptor.lambda$execute$0(DynamicTestTestDescriptor.java:53)
	at app//org.junit.jupiter.engine.execution.InvocationInterceptorChain$ValidatingInvocation.proceed(InvocationInterceptorChain.java:131)
	at app//org.junit.jupiter.api.extension.InvocationInterceptor.interceptDynamicTest(InvocationInterceptor.java:167)
	at app//org.junit.jupiter.api.extension.InvocationInterceptor.interceptDynamicTest(InvocationInterceptor.java:184)
	at app//org.junit.jupiter.engine.descriptor.DynamicTestTestDescriptor.lambda$execute$1(DynamicTestTestDescriptor.java:61)
	at app//org.junit.jupiter.engine.execution.InvocationInterceptorChain$InterceptorCall.lambda$ofVoid$0(InvocationInterceptorChain.java:78)
	at app//org.junit.jupiter.engine.execution.InvocationInterceptorChain$InterceptedInvocation.proceed(InvocationInterceptorChain.java:106)
	at app//org.junit.jupiter.engine.execution.InvocationInterceptorChain.proceed(InvocationInterceptorChain.java:64)
	at app//org.junit.jupiter.engine.execution.InvocationInterceptorChain.chainAndInvoke(InvocationInterceptorChain.java:45)
	at app//org.junit.jupiter.engine.execution.InvocationInterceptorChain.invoke(InvocationInterceptorChain.java:37)
	at app//org.junit.jupiter.engine.descriptor.DynamicTestTestDescriptor.execute(DynamicTestTestDescriptor.java:60)
	at app//org.junit.jupiter.engine.descriptor.DynamicTestTestDescriptor.execute(DynamicTestTestDescriptor.java:32)
	at app//org.junit.platform.engine.support.hierarchical.NodeTestTask.lambda$executeRecursively$6(NodeTestTask.java:151)
	at app//org.junit.platform.engine.support.hierarchical.ThrowableCollector.execute(ThrowableCollector.java:73)
	at app//org.junit.platform.engine.support.hierarchical.NodeTestTask.lambda$executeRecursively$8(NodeTestTask.java:141)
	at app//org.junit.platform.engine.support.hierarchical.Node.around(Node.java:137)
	at app//org.junit.platform.engine.support.hierarchical.NodeTestTask.lambda$executeRecursively$9(NodeTestTask.java:139)
	at app//org.junit.platform.engine.support.hierarchical.ThrowableCollector.execute(ThrowableCollector.java:73)
	at app//org.junit.platform.engine.support.hierarchical.NodeTestTask.executeRecursively(NodeTestTask.java:138)
	at app//org.junit.platform.engine.support.hierarchical.NodeTestTask.execute(NodeTestTask.java:95)
	at app//org.junit.platform.engine.support.hierarchical.SameThreadHierarchicalTestExecutorService.submit(SameThreadHierarchicalTestExecutorService.java:35)
	at app//org.junit.platform.engine.support.hierarchical.NodeTestTask$DefaultDynamicTestExecutor.execute(NodeTestTask.java:226)
	at app//org.junit.platform.engine.support.hierarchical.NodeTestTask$DefaultDynamicTestExecutor.execute(NodeTestTask.java:204)
	at java.base@11.0.18/java.util.Optional.ifPresent(Optional.java:183)
	at app//org.junit.jupiter.engine.descriptor.TestFactoryTestDescriptor.lambda$invokeTestMethod$1(TestFactoryTestDescriptor.java:108)
	at app//org.junit.platform.engine.support.hierarchical.ThrowableCollector.execute(ThrowableCollector.java:73)
	at app//org.junit.jupiter.engine.descriptor.TestFactoryTestDescriptor.invokeTestMethod(TestFactoryTestDescriptor.java:95)
	at app//org.junit.jupiter.engine.descriptor.TestMethodTestDescriptor.execute(TestMethodTestDescriptor.java:135)
	at app//org.junit.jupiter.engine.descriptor.TestMethodTestDescriptor.execute(TestMethodTestDescriptor.java:66)
	at app//org.junit.platform.engine.support.hierarchical.NodeTestTask.lambda$executeRecursively$6(NodeTestTask.java:151)
	at app//org.junit.platform.engine.support.hierarchical.ThrowableCollector.execute(ThrowableCollector.java:73)
	at app//org.junit.platform.engine.support.hierarchical.NodeTestTask.lambda$executeRecursively$8(NodeTestTask.java:141)
	at app//org.junit.platform.engine.support.hierarchical.Node.around(Node.java:137)
	at app//org.junit.platform.engine.support.hierarchical.NodeTestTask.lambda$executeRecursively$9(NodeTestTask.java:139)
	at app//org.junit.platform.engine.support.hierarchical.ThrowableCollector.execute(ThrowableCollector.java:73)
	at app//org.junit.platform.engine.support.hierarchical.NodeTestTask.executeRecursively(NodeTestTask.java:138)
	at app//org.junit.platform.engine.support.hierarchical.NodeTestTask.execute(NodeTestTask.java:95)
	at java.base@11.0.18/java.util.ArrayList.forEach(ArrayList.java:1541)
	at app//org.junit.platform.engine.support.hierarchical.SameThreadHierarchicalTestExecutorService.invokeAll(SameThreadHierarchicalTestExecutorService.java:41)
	at app//org.junit.platform.engine.support.hierarchical.NodeTestTask.lambda$executeRecursively$6(NodeTestTask.java:155)
	at app//org.junit.platform.engine.support.hierarchical.ThrowableCollector.execute(ThrowableCollector.java:73)
	at app//org.junit.platform.engine.support.hierarchical.NodeTestTask.lambda$executeRecursively$8(NodeTestTask.java:141)
	at app//org.junit.platform.engine.support.hierarchical.Node.around(Node.java:137)
	at app//org.junit.platform.engine.support.hierarchical.NodeTestTask.lambda$executeRecursively$9(NodeTestTask.java:139)
	at app//org.junit.platform.engine.support.hierarchical.ThrowableCollector.execute(ThrowableCollector.java:73)
	at app//org.junit.platform.engine.support.hierarchical.NodeTestTask.executeRecursively(NodeTestTask.java:138)
	at app//org.junit.platform.engine.support.hierarchical.NodeTestTask.execute(NodeTestTask.java:95)
	at java.base@11.0.18/java.util.ArrayList.forEach(ArrayList.java:1541)
	at app//org.junit.platform.engine.support.hierarchical.SameThreadHierarchicalTestExecutorService.invokeAll(SameThreadHierarchicalTestExecutorService.java:41)
	at app//org.junit.platform.engine.support.hierarchical.NodeTestTask.lambda$executeRecursively$6(NodeTestTask.java:155)
	at app//org.junit.platform.engine.support.hierarchical.ThrowableCollector.execute(ThrowableCollector.java:73)
	at app//org.junit.platform.engine.support.hierarchical.NodeTestTask.lambda$executeRecursively$8(NodeTestTask.java:141)
	at app//org.junit.platform.engine.support.hierarchical.Node.around(Node.java:137)
	at app//org.junit.platform.engine.support.hierarchical.NodeTestTask.lambda$executeRecursively$9(NodeTestTask.java:139)
	at app//org.junit.platform.engine.support.hierarchical.ThrowableCollector.execute(ThrowableCollector.java:73)
	at app//org.junit.platform.engine.support.hierarchical.NodeTestTask.executeRecursively(NodeTestTask.java:138)
	at app//org.junit.platform.engine.support.hierarchical.NodeTestTask.execute(NodeTestTask.java:95)
	at app//org.junit.platform.engine.support.hierarchical.SameThreadHierarchicalTestExecutorService.submit(SameThreadHierarchicalTestExecutorService.java:35)
	at app//org.junit.platform.engine.support.hierarchical.HierarchicalTestExecutor.execute(HierarchicalTestExecutor.java:57)
	at app//org.junit.platform.engine.support.hierarchical.HierarchicalTestEngine.execute(HierarchicalTestEngine.java:54)
	at org.junit.platform.launcher.core.EngineExecutionOrchestrator.execute(EngineExecutionOrchestrator.java:107)
	at org.junit.platform.launcher.core.EngineExecutionOrchestrator.execute(EngineExecutionOrchestrator.java:88)
	at org.junit.platform.launcher.core.EngineExecutionOrchestrator.lambda$execute$0(EngineExecutionOrchestrator.java:54)
	at org.junit.platform.launcher.core.EngineExecutionOrchestrator.withInterceptedStreams(EngineExecutionOrchestrator.java:67)
	at org.junit.platform.launcher.core.EngineExecutionOrchestrator.execute(EngineExecutionOrchestrator.java:52)
	at org.junit.platform.launcher.core.DefaultLauncher.execute(DefaultLauncher.java:114)
	at org.junit.platform.launcher.core.DefaultLauncher.execute(DefaultLauncher.java:86)
	at org.junit.platform.launcher.core.DefaultLauncherSession$DelegatingLauncher.execute(DefaultLauncherSession.java:86)
	at org.junit.platform.launcher.core.SessionPerRequestLauncher.execute(SessionPerRequestLauncher.java:53)
	at org.gradle.api.internal.tasks.testing.junitplatform.JUnitPlatformTestClassProcessor$CollectAllTestClassesExecutor.processAllTestClasses(JUnitPlatformTestClassProcessor.java:99)
	at org.gradle.api.internal.tasks.testing.junitplatform.JUnitPlatformTestClassProcessor$CollectAllTestClassesExecutor.access$000(JUnitPlatformTestClassProcessor.java:79)
	at org.gradle.api.internal.tasks.testing.junitplatform.JUnitPlatformTestClassProcessor.stop(JUnitPlatformTestClassProcessor.java:75)
	at org.gradle.api.internal.tasks.testing.SuiteTestClassProcessor.stop(SuiteTestClassProcessor.java:62)
	at java.base@11.0.18/jdk.internal.reflect.NativeMethodAccessorImpl.invoke0(Native Method)
	at java.base@11.0.18/jdk.internal.reflect.NativeMethodAccessorImpl.invoke(NativeMethodAccessorImpl.java:62)
	at java.base@11.0.18/jdk.internal.reflect.DelegatingMethodAccessorImpl.invoke(DelegatingMethodAccessorImpl.java:43)
	at java.base@11.0.18/java.lang.reflect.Method.invoke(Method.java:566)
	at org.gradle.internal.dispatch.ReflectionDispatch.dispatch(ReflectionDispatch.java:36)
	at org.gradle.internal.dispatch.ReflectionDispatch.dispatch(ReflectionDispatch.java:24)
	at org.gradle.internal.dispatch.ContextClassLoaderDispatch.dispatch(ContextClassLoaderDispatch.java:33)
	at org.gradle.internal.dispatch.ProxyDispatchAdapter$DispatchingInvocationHandler.invoke(ProxyDispatchAdapter.java:94)
	at com.sun.proxy.$Proxy2.stop(Unknown Source)
	at org.gradle.api.internal.tasks.testing.worker.TestWorker$3.run(TestWorker.java:193)
	at org.gradle.api.internal.tasks.testing.worker.TestWorker.executeAndMaintainThreadName(TestWorker.java:129)
	at org.gradle.api.internal.tasks.testing.worker.TestWorker.execute(TestWorker.java:100)
	at org.gradle.api.internal.tasks.testing.worker.TestWorker.execute(TestWorker.java:60)
	at org.gradle.process.internal.worker.child.ActionExecutionWorker.execute(ActionExecutionWorker.java:56)
	at org.gradle.process.internal.worker.child.SystemApplicationClassLoaderWorker.call(SystemApplicationClassLoaderWorker.java:113)
	at org.gradle.process.internal.worker.child.SystemApplicationClassLoaderWorker.call(SystemApplicationClassLoaderWorker.java:65)
	at app//worker.org.gradle.process.internal.worker.GradleWorkerMain.run(GradleWorkerMain.java:69)
	at app//worker.org.gradle.process.internal.worker.GradleWorkerMain.main(GradleWorkerMain.java:74)
</failure>
  </testcase>
  <testcase name="list" classname="de.uka.ilkd.key.proof.runallproofs.RunAllProofsFunctional" time="1.503">
    <failure message="org.opentest4j.AssertionFailedError: Executed process terminated with non-zero exit value. ==&gt; expected: &lt;0&gt; but was: &lt;1&gt;" type="org.opentest4j.AssertionFailedError">org.opentest4j.AssertionFailedError: Executed process terminated with non-zero exit value. ==&gt; expected: &lt;0&gt; but was: &lt;1&gt;
	at app//org.junit.jupiter.api.AssertionUtils.fail(AssertionUtils.java:55)
	at app//org.junit.jupiter.api.AssertionUtils.failNotEqual(AssertionUtils.java:62)
	at app//org.junit.jupiter.api.AssertEquals.assertEquals(AssertEquals.java:150)
	at app//org.junit.jupiter.api.Assertions.assertEquals(Assertions.java:559)
	at app//de.uka.ilkd.key.proof.runallproofs.proofcollection.ForkedTestFileRunner.processTestFiles(ForkedTestFileRunner.java:129)
	at app//de.uka.ilkd.key.proof.runallproofs.RunAllProofsTestUnit.runTest(RunAllProofsTestUnit.java:85)
	at app//de.uka.ilkd.key.proof.runallproofs.RunAllProofsTest.lambda$data$0(RunAllProofsTest.java:83)
	at app//org.junit.jupiter.engine.descriptor.DynamicTestTestDescriptor.lambda$execute$0(DynamicTestTestDescriptor.java:53)
	at app//org.junit.jupiter.engine.execution.InvocationInterceptorChain$ValidatingInvocation.proceed(InvocationInterceptorChain.java:131)
	at app//org.junit.jupiter.api.extension.InvocationInterceptor.interceptDynamicTest(InvocationInterceptor.java:167)
	at app//org.junit.jupiter.api.extension.InvocationInterceptor.interceptDynamicTest(InvocationInterceptor.java:184)
	at app//org.junit.jupiter.engine.descriptor.DynamicTestTestDescriptor.lambda$execute$1(DynamicTestTestDescriptor.java:61)
	at app//org.junit.jupiter.engine.execution.InvocationInterceptorChain$InterceptorCall.lambda$ofVoid$0(InvocationInterceptorChain.java:78)
	at app//org.junit.jupiter.engine.execution.InvocationInterceptorChain$InterceptedInvocation.proceed(InvocationInterceptorChain.java:106)
	at app//org.junit.jupiter.engine.execution.InvocationInterceptorChain.proceed(InvocationInterceptorChain.java:64)
	at app//org.junit.jupiter.engine.execution.InvocationInterceptorChain.chainAndInvoke(InvocationInterceptorChain.java:45)
	at app//org.junit.jupiter.engine.execution.InvocationInterceptorChain.invoke(InvocationInterceptorChain.java:37)
	at app//org.junit.jupiter.engine.descriptor.DynamicTestTestDescriptor.execute(DynamicTestTestDescriptor.java:60)
	at app//org.junit.jupiter.engine.descriptor.DynamicTestTestDescriptor.execute(DynamicTestTestDescriptor.java:32)
	at app//org.junit.platform.engine.support.hierarchical.NodeTestTask.lambda$executeRecursively$6(NodeTestTask.java:151)
	at app//org.junit.platform.engine.support.hierarchical.ThrowableCollector.execute(ThrowableCollector.java:73)
	at app//org.junit.platform.engine.support.hierarchical.NodeTestTask.lambda$executeRecursively$8(NodeTestTask.java:141)
	at app//org.junit.platform.engine.support.hierarchical.Node.around(Node.java:137)
	at app//org.junit.platform.engine.support.hierarchical.NodeTestTask.lambda$executeRecursively$9(NodeTestTask.java:139)
	at app//org.junit.platform.engine.support.hierarchical.ThrowableCollector.execute(ThrowableCollector.java:73)
	at app//org.junit.platform.engine.support.hierarchical.NodeTestTask.executeRecursively(NodeTestTask.java:138)
	at app//org.junit.platform.engine.support.hierarchical.NodeTestTask.execute(NodeTestTask.java:95)
	at app//org.junit.platform.engine.support.hierarchical.SameThreadHierarchicalTestExecutorService.submit(SameThreadHierarchicalTestExecutorService.java:35)
	at app//org.junit.platform.engine.support.hierarchical.NodeTestTask$DefaultDynamicTestExecutor.execute(NodeTestTask.java:226)
	at app//org.junit.platform.engine.support.hierarchical.NodeTestTask$DefaultDynamicTestExecutor.execute(NodeTestTask.java:204)
	at java.base@11.0.18/java.util.Optional.ifPresent(Optional.java:183)
	at app//org.junit.jupiter.engine.descriptor.TestFactoryTestDescriptor.lambda$invokeTestMethod$1(TestFactoryTestDescriptor.java:108)
	at app//org.junit.platform.engine.support.hierarchical.ThrowableCollector.execute(ThrowableCollector.java:73)
	at app//org.junit.jupiter.engine.descriptor.TestFactoryTestDescriptor.invokeTestMethod(TestFactoryTestDescriptor.java:95)
	at app//org.junit.jupiter.engine.descriptor.TestMethodTestDescriptor.execute(TestMethodTestDescriptor.java:135)
	at app//org.junit.jupiter.engine.descriptor.TestMethodTestDescriptor.execute(TestMethodTestDescriptor.java:66)
	at app//org.junit.platform.engine.support.hierarchical.NodeTestTask.lambda$executeRecursively$6(NodeTestTask.java:151)
	at app//org.junit.platform.engine.support.hierarchical.ThrowableCollector.execute(ThrowableCollector.java:73)
	at app//org.junit.platform.engine.support.hierarchical.NodeTestTask.lambda$executeRecursively$8(NodeTestTask.java:141)
	at app//org.junit.platform.engine.support.hierarchical.Node.around(Node.java:137)
	at app//org.junit.platform.engine.support.hierarchical.NodeTestTask.lambda$executeRecursively$9(NodeTestTask.java:139)
	at app//org.junit.platform.engine.support.hierarchical.ThrowableCollector.execute(ThrowableCollector.java:73)
	at app//org.junit.platform.engine.support.hierarchical.NodeTestTask.executeRecursively(NodeTestTask.java:138)
	at app//org.junit.platform.engine.support.hierarchical.NodeTestTask.execute(NodeTestTask.java:95)
	at java.base@11.0.18/java.util.ArrayList.forEach(ArrayList.java:1541)
	at app//org.junit.platform.engine.support.hierarchical.SameThreadHierarchicalTestExecutorService.invokeAll(SameThreadHierarchicalTestExecutorService.java:41)
	at app//org.junit.platform.engine.support.hierarchical.NodeTestTask.lambda$executeRecursively$6(NodeTestTask.java:155)
	at app//org.junit.platform.engine.support.hierarchical.ThrowableCollector.execute(ThrowableCollector.java:73)
	at app//org.junit.platform.engine.support.hierarchical.NodeTestTask.lambda$executeRecursively$8(NodeTestTask.java:141)
	at app//org.junit.platform.engine.support.hierarchical.Node.around(Node.java:137)
	at app//org.junit.platform.engine.support.hierarchical.NodeTestTask.lambda$executeRecursively$9(NodeTestTask.java:139)
	at app//org.junit.platform.engine.support.hierarchical.ThrowableCollector.execute(ThrowableCollector.java:73)
	at app//org.junit.platform.engine.support.hierarchical.NodeTestTask.executeRecursively(NodeTestTask.java:138)
	at app//org.junit.platform.engine.support.hierarchical.NodeTestTask.execute(NodeTestTask.java:95)
	at java.base@11.0.18/java.util.ArrayList.forEach(ArrayList.java:1541)
	at app//org.junit.platform.engine.support.hierarchical.SameThreadHierarchicalTestExecutorService.invokeAll(SameThreadHierarchicalTestExecutorService.java:41)
	at app//org.junit.platform.engine.support.hierarchical.NodeTestTask.lambda$executeRecursively$6(NodeTestTask.java:155)
	at app//org.junit.platform.engine.support.hierarchical.ThrowableCollector.execute(ThrowableCollector.java:73)
	at app//org.junit.platform.engine.support.hierarchical.NodeTestTask.lambda$executeRecursively$8(NodeTestTask.java:141)
	at app//org.junit.platform.engine.support.hierarchical.Node.around(Node.java:137)
	at app//org.junit.platform.engine.support.hierarchical.NodeTestTask.lambda$executeRecursively$9(NodeTestTask.java:139)
	at app//org.junit.platform.engine.support.hierarchical.ThrowableCollector.execute(ThrowableCollector.java:73)
	at app//org.junit.platform.engine.support.hierarchical.NodeTestTask.executeRecursively(NodeTestTask.java:138)
	at app//org.junit.platform.engine.support.hierarchical.NodeTestTask.execute(NodeTestTask.java:95)
	at app//org.junit.platform.engine.support.hierarchical.SameThreadHierarchicalTestExecutorService.submit(SameThreadHierarchicalTestExecutorService.java:35)
	at app//org.junit.platform.engine.support.hierarchical.HierarchicalTestExecutor.execute(HierarchicalTestExecutor.java:57)
	at app//org.junit.platform.engine.support.hierarchical.HierarchicalTestEngine.execute(HierarchicalTestEngine.java:54)
	at org.junit.platform.launcher.core.EngineExecutionOrchestrator.execute(EngineExecutionOrchestrator.java:107)
	at org.junit.platform.launcher.core.EngineExecutionOrchestrator.execute(EngineExecutionOrchestrator.java:88)
	at org.junit.platform.launcher.core.EngineExecutionOrchestrator.lambda$execute$0(EngineExecutionOrchestrator.java:54)
	at org.junit.platform.launcher.core.EngineExecutionOrchestrator.withInterceptedStreams(EngineExecutionOrchestrator.java:67)
	at org.junit.platform.launcher.core.EngineExecutionOrchestrator.execute(EngineExecutionOrchestrator.java:52)
	at org.junit.platform.launcher.core.DefaultLauncher.execute(DefaultLauncher.java:114)
	at org.junit.platform.launcher.core.DefaultLauncher.execute(DefaultLauncher.java:86)
	at org.junit.platform.launcher.core.DefaultLauncherSession$DelegatingLauncher.execute(DefaultLauncherSession.java:86)
	at org.junit.platform.launcher.core.SessionPerRequestLauncher.execute(SessionPerRequestLauncher.java:53)
	at org.gradle.api.internal.tasks.testing.junitplatform.JUnitPlatformTestClassProcessor$CollectAllTestClassesExecutor.processAllTestClasses(JUnitPlatformTestClassProcessor.java:99)
	at org.gradle.api.internal.tasks.testing.junitplatform.JUnitPlatformTestClassProcessor$CollectAllTestClassesExecutor.access$000(JUnitPlatformTestClassProcessor.java:79)
	at org.gradle.api.internal.tasks.testing.junitplatform.JUnitPlatformTestClassProcessor.stop(JUnitPlatformTestClassProcessor.java:75)
	at org.gradle.api.internal.tasks.testing.SuiteTestClassProcessor.stop(SuiteTestClassProcessor.java:62)
	at java.base@11.0.18/jdk.internal.reflect.NativeMethodAccessorImpl.invoke0(Native Method)
	at java.base@11.0.18/jdk.internal.reflect.NativeMethodAccessorImpl.invoke(NativeMethodAccessorImpl.java:62)
	at java.base@11.0.18/jdk.internal.reflect.DelegatingMethodAccessorImpl.invoke(DelegatingMethodAccessorImpl.java:43)
	at java.base@11.0.18/java.lang.reflect.Method.invoke(Method.java:566)
	at org.gradle.internal.dispatch.ReflectionDispatch.dispatch(ReflectionDispatch.java:36)
	at org.gradle.internal.dispatch.ReflectionDispatch.dispatch(ReflectionDispatch.java:24)
	at org.gradle.internal.dispatch.ContextClassLoaderDispatch.dispatch(ContextClassLoaderDispatch.java:33)
	at org.gradle.internal.dispatch.ProxyDispatchAdapter$DispatchingInvocationHandler.invoke(ProxyDispatchAdapter.java:94)
	at com.sun.proxy.$Proxy2.stop(Unknown Source)
	at org.gradle.api.internal.tasks.testing.worker.TestWorker$3.run(TestWorker.java:193)
	at org.gradle.api.internal.tasks.testing.worker.TestWorker.executeAndMaintainThreadName(TestWorker.java:129)
	at org.gradle.api.internal.tasks.testing.worker.TestWorker.execute(TestWorker.java:100)
	at org.gradle.api.internal.tasks.testing.worker.TestWorker.execute(TestWorker.java:60)
	at org.gradle.process.internal.worker.child.ActionExecutionWorker.execute(ActionExecutionWorker.java:56)
	at org.gradle.process.internal.worker.child.SystemApplicationClassLoaderWorker.call(SystemApplicationClassLoaderWorker.java:113)
	at org.gradle.process.internal.worker.child.SystemApplicationClassLoaderWorker.call(SystemApplicationClassLoaderWorker.java:65)
	at app//worker.org.gradle.process.internal.worker.GradleWorkerMain.run(GradleWorkerMain.java:69)
	at app//worker.org.gradle.process.internal.worker.GradleWorkerMain.main(GradleWorkerMain.java:74)
</failure>
  </testcase>
  <testcase name="list_ghost" classname="de.uka.ilkd.key.proof.runallproofs.RunAllProofsFunctional" time="1.199">
    <failure message="org.opentest4j.AssertionFailedError: Executed process terminated with non-zero exit value. ==&gt; expected: &lt;0&gt; but was: &lt;1&gt;" type="org.opentest4j.AssertionFailedError">org.opentest4j.AssertionFailedError: Executed process terminated with non-zero exit value. ==&gt; expected: &lt;0&gt; but was: &lt;1&gt;
	at app//org.junit.jupiter.api.AssertionUtils.fail(AssertionUtils.java:55)
	at app//org.junit.jupiter.api.AssertionUtils.failNotEqual(AssertionUtils.java:62)
	at app//org.junit.jupiter.api.AssertEquals.assertEquals(AssertEquals.java:150)
	at app//org.junit.jupiter.api.Assertions.assertEquals(Assertions.java:559)
	at app//de.uka.ilkd.key.proof.runallproofs.proofcollection.ForkedTestFileRunner.processTestFiles(ForkedTestFileRunner.java:129)
	at app//de.uka.ilkd.key.proof.runallproofs.RunAllProofsTestUnit.runTest(RunAllProofsTestUnit.java:85)
	at app//de.uka.ilkd.key.proof.runallproofs.RunAllProofsTest.lambda$data$0(RunAllProofsTest.java:83)
	at app//org.junit.jupiter.engine.descriptor.DynamicTestTestDescriptor.lambda$execute$0(DynamicTestTestDescriptor.java:53)
	at app//org.junit.jupiter.engine.execution.InvocationInterceptorChain$ValidatingInvocation.proceed(InvocationInterceptorChain.java:131)
	at app//org.junit.jupiter.api.extension.InvocationInterceptor.interceptDynamicTest(InvocationInterceptor.java:167)
	at app//org.junit.jupiter.api.extension.InvocationInterceptor.interceptDynamicTest(InvocationInterceptor.java:184)
	at app//org.junit.jupiter.engine.descriptor.DynamicTestTestDescriptor.lambda$execute$1(DynamicTestTestDescriptor.java:61)
	at app//org.junit.jupiter.engine.execution.InvocationInterceptorChain$InterceptorCall.lambda$ofVoid$0(InvocationInterceptorChain.java:78)
	at app//org.junit.jupiter.engine.execution.InvocationInterceptorChain$InterceptedInvocation.proceed(InvocationInterceptorChain.java:106)
	at app//org.junit.jupiter.engine.execution.InvocationInterceptorChain.proceed(InvocationInterceptorChain.java:64)
	at app//org.junit.jupiter.engine.execution.InvocationInterceptorChain.chainAndInvoke(InvocationInterceptorChain.java:45)
	at app//org.junit.jupiter.engine.execution.InvocationInterceptorChain.invoke(InvocationInterceptorChain.java:37)
	at app//org.junit.jupiter.engine.descriptor.DynamicTestTestDescriptor.execute(DynamicTestTestDescriptor.java:60)
	at app//org.junit.jupiter.engine.descriptor.DynamicTestTestDescriptor.execute(DynamicTestTestDescriptor.java:32)
	at app//org.junit.platform.engine.support.hierarchical.NodeTestTask.lambda$executeRecursively$6(NodeTestTask.java:151)
	at app//org.junit.platform.engine.support.hierarchical.ThrowableCollector.execute(ThrowableCollector.java:73)
	at app//org.junit.platform.engine.support.hierarchical.NodeTestTask.lambda$executeRecursively$8(NodeTestTask.java:141)
	at app//org.junit.platform.engine.support.hierarchical.Node.around(Node.java:137)
	at app//org.junit.platform.engine.support.hierarchical.NodeTestTask.lambda$executeRecursively$9(NodeTestTask.java:139)
	at app//org.junit.platform.engine.support.hierarchical.ThrowableCollector.execute(ThrowableCollector.java:73)
	at app//org.junit.platform.engine.support.hierarchical.NodeTestTask.executeRecursively(NodeTestTask.java:138)
	at app//org.junit.platform.engine.support.hierarchical.NodeTestTask.execute(NodeTestTask.java:95)
	at app//org.junit.platform.engine.support.hierarchical.SameThreadHierarchicalTestExecutorService.submit(SameThreadHierarchicalTestExecutorService.java:35)
	at app//org.junit.platform.engine.support.hierarchical.NodeTestTask$DefaultDynamicTestExecutor.execute(NodeTestTask.java:226)
	at app//org.junit.platform.engine.support.hierarchical.NodeTestTask$DefaultDynamicTestExecutor.execute(NodeTestTask.java:204)
	at java.base@11.0.18/java.util.Optional.ifPresent(Optional.java:183)
	at app//org.junit.jupiter.engine.descriptor.TestFactoryTestDescriptor.lambda$invokeTestMethod$1(TestFactoryTestDescriptor.java:108)
	at app//org.junit.platform.engine.support.hierarchical.ThrowableCollector.execute(ThrowableCollector.java:73)
	at app//org.junit.jupiter.engine.descriptor.TestFactoryTestDescriptor.invokeTestMethod(TestFactoryTestDescriptor.java:95)
	at app//org.junit.jupiter.engine.descriptor.TestMethodTestDescriptor.execute(TestMethodTestDescriptor.java:135)
	at app//org.junit.jupiter.engine.descriptor.TestMethodTestDescriptor.execute(TestMethodTestDescriptor.java:66)
	at app//org.junit.platform.engine.support.hierarchical.NodeTestTask.lambda$executeRecursively$6(NodeTestTask.java:151)
	at app//org.junit.platform.engine.support.hierarchical.ThrowableCollector.execute(ThrowableCollector.java:73)
	at app//org.junit.platform.engine.support.hierarchical.NodeTestTask.lambda$executeRecursively$8(NodeTestTask.java:141)
	at app//org.junit.platform.engine.support.hierarchical.Node.around(Node.java:137)
	at app//org.junit.platform.engine.support.hierarchical.NodeTestTask.lambda$executeRecursively$9(NodeTestTask.java:139)
	at app//org.junit.platform.engine.support.hierarchical.ThrowableCollector.execute(ThrowableCollector.java:73)
	at app//org.junit.platform.engine.support.hierarchical.NodeTestTask.executeRecursively(NodeTestTask.java:138)
	at app//org.junit.platform.engine.support.hierarchical.NodeTestTask.execute(NodeTestTask.java:95)
	at java.base@11.0.18/java.util.ArrayList.forEach(ArrayList.java:1541)
	at app//org.junit.platform.engine.support.hierarchical.SameThreadHierarchicalTestExecutorService.invokeAll(SameThreadHierarchicalTestExecutorService.java:41)
	at app//org.junit.platform.engine.support.hierarchical.NodeTestTask.lambda$executeRecursively$6(NodeTestTask.java:155)
	at app//org.junit.platform.engine.support.hierarchical.ThrowableCollector.execute(ThrowableCollector.java:73)
	at app//org.junit.platform.engine.support.hierarchical.NodeTestTask.lambda$executeRecursively$8(NodeTestTask.java:141)
	at app//org.junit.platform.engine.support.hierarchical.Node.around(Node.java:137)
	at app//org.junit.platform.engine.support.hierarchical.NodeTestTask.lambda$executeRecursively$9(NodeTestTask.java:139)
	at app//org.junit.platform.engine.support.hierarchical.ThrowableCollector.execute(ThrowableCollector.java:73)
	at app//org.junit.platform.engine.support.hierarchical.NodeTestTask.executeRecursively(NodeTestTask.java:138)
	at app//org.junit.platform.engine.support.hierarchical.NodeTestTask.execute(NodeTestTask.java:95)
	at java.base@11.0.18/java.util.ArrayList.forEach(ArrayList.java:1541)
	at app//org.junit.platform.engine.support.hierarchical.SameThreadHierarchicalTestExecutorService.invokeAll(SameThreadHierarchicalTestExecutorService.java:41)
	at app//org.junit.platform.engine.support.hierarchical.NodeTestTask.lambda$executeRecursively$6(NodeTestTask.java:155)
	at app//org.junit.platform.engine.support.hierarchical.ThrowableCollector.execute(ThrowableCollector.java:73)
	at app//org.junit.platform.engine.support.hierarchical.NodeTestTask.lambda$executeRecursively$8(NodeTestTask.java:141)
	at app//org.junit.platform.engine.support.hierarchical.Node.around(Node.java:137)
	at app//org.junit.platform.engine.support.hierarchical.NodeTestTask.lambda$executeRecursively$9(NodeTestTask.java:139)
	at app//org.junit.platform.engine.support.hierarchical.ThrowableCollector.execute(ThrowableCollector.java:73)
	at app//org.junit.platform.engine.support.hierarchical.NodeTestTask.executeRecursively(NodeTestTask.java:138)
	at app//org.junit.platform.engine.support.hierarchical.NodeTestTask.execute(NodeTestTask.java:95)
	at app//org.junit.platform.engine.support.hierarchical.SameThreadHierarchicalTestExecutorService.submit(SameThreadHierarchicalTestExecutorService.java:35)
	at app//org.junit.platform.engine.support.hierarchical.HierarchicalTestExecutor.execute(HierarchicalTestExecutor.java:57)
	at app//org.junit.platform.engine.support.hierarchical.HierarchicalTestEngine.execute(HierarchicalTestEngine.java:54)
	at org.junit.platform.launcher.core.EngineExecutionOrchestrator.execute(EngineExecutionOrchestrator.java:107)
	at org.junit.platform.launcher.core.EngineExecutionOrchestrator.execute(EngineExecutionOrchestrator.java:88)
	at org.junit.platform.launcher.core.EngineExecutionOrchestrator.lambda$execute$0(EngineExecutionOrchestrator.java:54)
	at org.junit.platform.launcher.core.EngineExecutionOrchestrator.withInterceptedStreams(EngineExecutionOrchestrator.java:67)
	at org.junit.platform.launcher.core.EngineExecutionOrchestrator.execute(EngineExecutionOrchestrator.java:52)
	at org.junit.platform.launcher.core.DefaultLauncher.execute(DefaultLauncher.java:114)
	at org.junit.platform.launcher.core.DefaultLauncher.execute(DefaultLauncher.java:86)
	at org.junit.platform.launcher.core.DefaultLauncherSession$DelegatingLauncher.execute(DefaultLauncherSession.java:86)
	at org.junit.platform.launcher.core.SessionPerRequestLauncher.execute(SessionPerRequestLauncher.java:53)
	at org.gradle.api.internal.tasks.testing.junitplatform.JUnitPlatformTestClassProcessor$CollectAllTestClassesExecutor.processAllTestClasses(JUnitPlatformTestClassProcessor.java:99)
	at org.gradle.api.internal.tasks.testing.junitplatform.JUnitPlatformTestClassProcessor$CollectAllTestClassesExecutor.access$000(JUnitPlatformTestClassProcessor.java:79)
	at org.gradle.api.internal.tasks.testing.junitplatform.JUnitPlatformTestClassProcessor.stop(JUnitPlatformTestClassProcessor.java:75)
	at org.gradle.api.internal.tasks.testing.SuiteTestClassProcessor.stop(SuiteTestClassProcessor.java:62)
	at java.base@11.0.18/jdk.internal.reflect.NativeMethodAccessorImpl.invoke0(Native Method)
	at java.base@11.0.18/jdk.internal.reflect.NativeMethodAccessorImpl.invoke(NativeMethodAccessorImpl.java:62)
	at java.base@11.0.18/jdk.internal.reflect.DelegatingMethodAccessorImpl.invoke(DelegatingMethodAccessorImpl.java:43)
	at java.base@11.0.18/java.lang.reflect.Method.invoke(Method.java:566)
	at org.gradle.internal.dispatch.ReflectionDispatch.dispatch(ReflectionDispatch.java:36)
	at org.gradle.internal.dispatch.ReflectionDispatch.dispatch(ReflectionDispatch.java:24)
	at org.gradle.internal.dispatch.ContextClassLoaderDispatch.dispatch(ContextClassLoaderDispatch.java:33)
	at org.gradle.internal.dispatch.ProxyDispatchAdapter$DispatchingInvocationHandler.invoke(ProxyDispatchAdapter.java:94)
	at com.sun.proxy.$Proxy2.stop(Unknown Source)
	at org.gradle.api.internal.tasks.testing.worker.TestWorker$3.run(TestWorker.java:193)
	at org.gradle.api.internal.tasks.testing.worker.TestWorker.executeAndMaintainThreadName(TestWorker.java:129)
	at org.gradle.api.internal.tasks.testing.worker.TestWorker.execute(TestWorker.java:100)
	at org.gradle.api.internal.tasks.testing.worker.TestWorker.execute(TestWorker.java:60)
	at org.gradle.process.internal.worker.child.ActionExecutionWorker.execute(ActionExecutionWorker.java:56)
	at org.gradle.process.internal.worker.child.SystemApplicationClassLoaderWorker.call(SystemApplicationClassLoaderWorker.java:113)
	at org.gradle.process.internal.worker.child.SystemApplicationClassLoaderWorker.call(SystemApplicationClassLoaderWorker.java:65)
	at app//worker.org.gradle.process.internal.worker.GradleWorkerMain.run(GradleWorkerMain.java:69)
	at app//worker.org.gradle.process.internal.worker.GradleWorkerMain.main(GradleWorkerMain.java:74)
</failure>
  </testcase>
  <testcase name="list_recursive" classname="de.uka.ilkd.key.proof.runallproofs.RunAllProofsFunctional" time="1.134">
    <failure message="org.opentest4j.AssertionFailedError: Executed process terminated with non-zero exit value. ==&gt; expected: &lt;0&gt; but was: &lt;1&gt;" type="org.opentest4j.AssertionFailedError">org.opentest4j.AssertionFailedError: Executed process terminated with non-zero exit value. ==&gt; expected: &lt;0&gt; but was: &lt;1&gt;
	at app//org.junit.jupiter.api.AssertionUtils.fail(AssertionUtils.java:55)
	at app//org.junit.jupiter.api.AssertionUtils.failNotEqual(AssertionUtils.java:62)
	at app//org.junit.jupiter.api.AssertEquals.assertEquals(AssertEquals.java:150)
	at app//org.junit.jupiter.api.Assertions.assertEquals(Assertions.java:559)
	at app//de.uka.ilkd.key.proof.runallproofs.proofcollection.ForkedTestFileRunner.processTestFiles(ForkedTestFileRunner.java:129)
	at app//de.uka.ilkd.key.proof.runallproofs.RunAllProofsTestUnit.runTest(RunAllProofsTestUnit.java:85)
	at app//de.uka.ilkd.key.proof.runallproofs.RunAllProofsTest.lambda$data$0(RunAllProofsTest.java:83)
	at app//org.junit.jupiter.engine.descriptor.DynamicTestTestDescriptor.lambda$execute$0(DynamicTestTestDescriptor.java:53)
	at app//org.junit.jupiter.engine.execution.InvocationInterceptorChain$ValidatingInvocation.proceed(InvocationInterceptorChain.java:131)
	at app//org.junit.jupiter.api.extension.InvocationInterceptor.interceptDynamicTest(InvocationInterceptor.java:167)
	at app//org.junit.jupiter.api.extension.InvocationInterceptor.interceptDynamicTest(InvocationInterceptor.java:184)
	at app//org.junit.jupiter.engine.descriptor.DynamicTestTestDescriptor.lambda$execute$1(DynamicTestTestDescriptor.java:61)
	at app//org.junit.jupiter.engine.execution.InvocationInterceptorChain$InterceptorCall.lambda$ofVoid$0(InvocationInterceptorChain.java:78)
	at app//org.junit.jupiter.engine.execution.InvocationInterceptorChain$InterceptedInvocation.proceed(InvocationInterceptorChain.java:106)
	at app//org.junit.jupiter.engine.execution.InvocationInterceptorChain.proceed(InvocationInterceptorChain.java:64)
	at app//org.junit.jupiter.engine.execution.InvocationInterceptorChain.chainAndInvoke(InvocationInterceptorChain.java:45)
	at app//org.junit.jupiter.engine.execution.InvocationInterceptorChain.invoke(InvocationInterceptorChain.java:37)
	at app//org.junit.jupiter.engine.descriptor.DynamicTestTestDescriptor.execute(DynamicTestTestDescriptor.java:60)
	at app//org.junit.jupiter.engine.descriptor.DynamicTestTestDescriptor.execute(DynamicTestTestDescriptor.java:32)
	at app//org.junit.platform.engine.support.hierarchical.NodeTestTask.lambda$executeRecursively$6(NodeTestTask.java:151)
	at app//org.junit.platform.engine.support.hierarchical.ThrowableCollector.execute(ThrowableCollector.java:73)
	at app//org.junit.platform.engine.support.hierarchical.NodeTestTask.lambda$executeRecursively$8(NodeTestTask.java:141)
	at app//org.junit.platform.engine.support.hierarchical.Node.around(Node.java:137)
	at app//org.junit.platform.engine.support.hierarchical.NodeTestTask.lambda$executeRecursively$9(NodeTestTask.java:139)
	at app//org.junit.platform.engine.support.hierarchical.ThrowableCollector.execute(ThrowableCollector.java:73)
	at app//org.junit.platform.engine.support.hierarchical.NodeTestTask.executeRecursively(NodeTestTask.java:138)
	at app//org.junit.platform.engine.support.hierarchical.NodeTestTask.execute(NodeTestTask.java:95)
	at app//org.junit.platform.engine.support.hierarchical.SameThreadHierarchicalTestExecutorService.submit(SameThreadHierarchicalTestExecutorService.java:35)
	at app//org.junit.platform.engine.support.hierarchical.NodeTestTask$DefaultDynamicTestExecutor.execute(NodeTestTask.java:226)
	at app//org.junit.platform.engine.support.hierarchical.NodeTestTask$DefaultDynamicTestExecutor.execute(NodeTestTask.java:204)
	at java.base@11.0.18/java.util.Optional.ifPresent(Optional.java:183)
	at app//org.junit.jupiter.engine.descriptor.TestFactoryTestDescriptor.lambda$invokeTestMethod$1(TestFactoryTestDescriptor.java:108)
	at app//org.junit.platform.engine.support.hierarchical.ThrowableCollector.execute(ThrowableCollector.java:73)
	at app//org.junit.jupiter.engine.descriptor.TestFactoryTestDescriptor.invokeTestMethod(TestFactoryTestDescriptor.java:95)
	at app//org.junit.jupiter.engine.descriptor.TestMethodTestDescriptor.execute(TestMethodTestDescriptor.java:135)
	at app//org.junit.jupiter.engine.descriptor.TestMethodTestDescriptor.execute(TestMethodTestDescriptor.java:66)
	at app//org.junit.platform.engine.support.hierarchical.NodeTestTask.lambda$executeRecursively$6(NodeTestTask.java:151)
	at app//org.junit.platform.engine.support.hierarchical.ThrowableCollector.execute(ThrowableCollector.java:73)
	at app//org.junit.platform.engine.support.hierarchical.NodeTestTask.lambda$executeRecursively$8(NodeTestTask.java:141)
	at app//org.junit.platform.engine.support.hierarchical.Node.around(Node.java:137)
	at app//org.junit.platform.engine.support.hierarchical.NodeTestTask.lambda$executeRecursively$9(NodeTestTask.java:139)
	at app//org.junit.platform.engine.support.hierarchical.ThrowableCollector.execute(ThrowableCollector.java:73)
	at app//org.junit.platform.engine.support.hierarchical.NodeTestTask.executeRecursively(NodeTestTask.java:138)
	at app//org.junit.platform.engine.support.hierarchical.NodeTestTask.execute(NodeTestTask.java:95)
	at java.base@11.0.18/java.util.ArrayList.forEach(ArrayList.java:1541)
	at app//org.junit.platform.engine.support.hierarchical.SameThreadHierarchicalTestExecutorService.invokeAll(SameThreadHierarchicalTestExecutorService.java:41)
	at app//org.junit.platform.engine.support.hierarchical.NodeTestTask.lambda$executeRecursively$6(NodeTestTask.java:155)
	at app//org.junit.platform.engine.support.hierarchical.ThrowableCollector.execute(ThrowableCollector.java:73)
	at app//org.junit.platform.engine.support.hierarchical.NodeTestTask.lambda$executeRecursively$8(NodeTestTask.java:141)
	at app//org.junit.platform.engine.support.hierarchical.Node.around(Node.java:137)
	at app//org.junit.platform.engine.support.hierarchical.NodeTestTask.lambda$executeRecursively$9(NodeTestTask.java:139)
	at app//org.junit.platform.engine.support.hierarchical.ThrowableCollector.execute(ThrowableCollector.java:73)
	at app//org.junit.platform.engine.support.hierarchical.NodeTestTask.executeRecursively(NodeTestTask.java:138)
	at app//org.junit.platform.engine.support.hierarchical.NodeTestTask.execute(NodeTestTask.java:95)
	at java.base@11.0.18/java.util.ArrayList.forEach(ArrayList.java:1541)
	at app//org.junit.platform.engine.support.hierarchical.SameThreadHierarchicalTestExecutorService.invokeAll(SameThreadHierarchicalTestExecutorService.java:41)
	at app//org.junit.platform.engine.support.hierarchical.NodeTestTask.lambda$executeRecursively$6(NodeTestTask.java:155)
	at app//org.junit.platform.engine.support.hierarchical.ThrowableCollector.execute(ThrowableCollector.java:73)
	at app//org.junit.platform.engine.support.hierarchical.NodeTestTask.lambda$executeRecursively$8(NodeTestTask.java:141)
	at app//org.junit.platform.engine.support.hierarchical.Node.around(Node.java:137)
	at app//org.junit.platform.engine.support.hierarchical.NodeTestTask.lambda$executeRecursively$9(NodeTestTask.java:139)
	at app//org.junit.platform.engine.support.hierarchical.ThrowableCollector.execute(ThrowableCollector.java:73)
	at app//org.junit.platform.engine.support.hierarchical.NodeTestTask.executeRecursively(NodeTestTask.java:138)
	at app//org.junit.platform.engine.support.hierarchical.NodeTestTask.execute(NodeTestTask.java:95)
	at app//org.junit.platform.engine.support.hierarchical.SameThreadHierarchicalTestExecutorService.submit(SameThreadHierarchicalTestExecutorService.java:35)
	at app//org.junit.platform.engine.support.hierarchical.HierarchicalTestExecutor.execute(HierarchicalTestExecutor.java:57)
	at app//org.junit.platform.engine.support.hierarchical.HierarchicalTestEngine.execute(HierarchicalTestEngine.java:54)
	at org.junit.platform.launcher.core.EngineExecutionOrchestrator.execute(EngineExecutionOrchestrator.java:107)
	at org.junit.platform.launcher.core.EngineExecutionOrchestrator.execute(EngineExecutionOrchestrator.java:88)
	at org.junit.platform.launcher.core.EngineExecutionOrchestrator.lambda$execute$0(EngineExecutionOrchestrator.java:54)
	at org.junit.platform.launcher.core.EngineExecutionOrchestrator.withInterceptedStreams(EngineExecutionOrchestrator.java:67)
	at org.junit.platform.launcher.core.EngineExecutionOrchestrator.execute(EngineExecutionOrchestrator.java:52)
	at org.junit.platform.launcher.core.DefaultLauncher.execute(DefaultLauncher.java:114)
	at org.junit.platform.launcher.core.DefaultLauncher.execute(DefaultLauncher.java:86)
	at org.junit.platform.launcher.core.DefaultLauncherSession$DelegatingLauncher.execute(DefaultLauncherSession.java:86)
	at org.junit.platform.launcher.core.SessionPerRequestLauncher.execute(SessionPerRequestLauncher.java:53)
	at org.gradle.api.internal.tasks.testing.junitplatform.JUnitPlatformTestClassProcessor$CollectAllTestClassesExecutor.processAllTestClasses(JUnitPlatformTestClassProcessor.java:99)
	at org.gradle.api.internal.tasks.testing.junitplatform.JUnitPlatformTestClassProcessor$CollectAllTestClassesExecutor.access$000(JUnitPlatformTestClassProcessor.java:79)
	at org.gradle.api.internal.tasks.testing.junitplatform.JUnitPlatformTestClassProcessor.stop(JUnitPlatformTestClassProcessor.java:75)
	at org.gradle.api.internal.tasks.testing.SuiteTestClassProcessor.stop(SuiteTestClassProcessor.java:62)
	at java.base@11.0.18/jdk.internal.reflect.NativeMethodAccessorImpl.invoke0(Native Method)
	at java.base@11.0.18/jdk.internal.reflect.NativeMethodAccessorImpl.invoke(NativeMethodAccessorImpl.java:62)
	at java.base@11.0.18/jdk.internal.reflect.DelegatingMethodAccessorImpl.invoke(DelegatingMethodAccessorImpl.java:43)
	at java.base@11.0.18/java.lang.reflect.Method.invoke(Method.java:566)
	at org.gradle.internal.dispatch.ReflectionDispatch.dispatch(ReflectionDispatch.java:36)
	at org.gradle.internal.dispatch.ReflectionDispatch.dispatch(ReflectionDispatch.java:24)
	at org.gradle.internal.dispatch.ContextClassLoaderDispatch.dispatch(ContextClassLoaderDispatch.java:33)
	at org.gradle.internal.dispatch.ProxyDispatchAdapter$DispatchingInvocationHandler.invoke(ProxyDispatchAdapter.java:94)
	at com.sun.proxy.$Proxy2.stop(Unknown Source)
	at org.gradle.api.internal.tasks.testing.worker.TestWorker$3.run(TestWorker.java:193)
	at org.gradle.api.internal.tasks.testing.worker.TestWorker.executeAndMaintainThreadName(TestWorker.java:129)
	at org.gradle.api.internal.tasks.testing.worker.TestWorker.execute(TestWorker.java:100)
	at org.gradle.api.internal.tasks.testing.worker.TestWorker.execute(TestWorker.java:60)
	at org.gradle.process.internal.worker.child.ActionExecutionWorker.execute(ActionExecutionWorker.java:56)
	at org.gradle.process.internal.worker.child.SystemApplicationClassLoaderWorker.call(SystemApplicationClassLoaderWorker.java:113)
	at org.gradle.process.internal.worker.child.SystemApplicationClassLoaderWorker.call(SystemApplicationClassLoaderWorker.java:65)
	at app//worker.org.gradle.process.internal.worker.GradleWorkerMain.run(GradleWorkerMain.java:69)
	at app//worker.org.gradle.process.internal.worker.GradleWorkerMain.main(GradleWorkerMain.java:74)
</failure>
  </testcase>
  <testcase name="list_seq" classname="de.uka.ilkd.key.proof.runallproofs.RunAllProofsFunctional" time="1.262">
    <failure message="org.opentest4j.AssertionFailedError: Executed process terminated with non-zero exit value. ==&gt; expected: &lt;0&gt; but was: &lt;1&gt;" type="org.opentest4j.AssertionFailedError">org.opentest4j.AssertionFailedError: Executed process terminated with non-zero exit value. ==&gt; expected: &lt;0&gt; but was: &lt;1&gt;
	at app//org.junit.jupiter.api.AssertionUtils.fail(AssertionUtils.java:55)
	at app//org.junit.jupiter.api.AssertionUtils.failNotEqual(AssertionUtils.java:62)
	at app//org.junit.jupiter.api.AssertEquals.assertEquals(AssertEquals.java:150)
	at app//org.junit.jupiter.api.Assertions.assertEquals(Assertions.java:559)
	at app//de.uka.ilkd.key.proof.runallproofs.proofcollection.ForkedTestFileRunner.processTestFiles(ForkedTestFileRunner.java:129)
	at app//de.uka.ilkd.key.proof.runallproofs.RunAllProofsTestUnit.runTest(RunAllProofsTestUnit.java:85)
	at app//de.uka.ilkd.key.proof.runallproofs.RunAllProofsTest.lambda$data$0(RunAllProofsTest.java:83)
	at app//org.junit.jupiter.engine.descriptor.DynamicTestTestDescriptor.lambda$execute$0(DynamicTestTestDescriptor.java:53)
	at app//org.junit.jupiter.engine.execution.InvocationInterceptorChain$ValidatingInvocation.proceed(InvocationInterceptorChain.java:131)
	at app//org.junit.jupiter.api.extension.InvocationInterceptor.interceptDynamicTest(InvocationInterceptor.java:167)
	at app//org.junit.jupiter.api.extension.InvocationInterceptor.interceptDynamicTest(InvocationInterceptor.java:184)
	at app//org.junit.jupiter.engine.descriptor.DynamicTestTestDescriptor.lambda$execute$1(DynamicTestTestDescriptor.java:61)
	at app//org.junit.jupiter.engine.execution.InvocationInterceptorChain$InterceptorCall.lambda$ofVoid$0(InvocationInterceptorChain.java:78)
	at app//org.junit.jupiter.engine.execution.InvocationInterceptorChain$InterceptedInvocation.proceed(InvocationInterceptorChain.java:106)
	at app//org.junit.jupiter.engine.execution.InvocationInterceptorChain.proceed(InvocationInterceptorChain.java:64)
	at app//org.junit.jupiter.engine.execution.InvocationInterceptorChain.chainAndInvoke(InvocationInterceptorChain.java:45)
	at app//org.junit.jupiter.engine.execution.InvocationInterceptorChain.invoke(InvocationInterceptorChain.java:37)
	at app//org.junit.jupiter.engine.descriptor.DynamicTestTestDescriptor.execute(DynamicTestTestDescriptor.java:60)
	at app//org.junit.jupiter.engine.descriptor.DynamicTestTestDescriptor.execute(DynamicTestTestDescriptor.java:32)
	at app//org.junit.platform.engine.support.hierarchical.NodeTestTask.lambda$executeRecursively$6(NodeTestTask.java:151)
	at app//org.junit.platform.engine.support.hierarchical.ThrowableCollector.execute(ThrowableCollector.java:73)
	at app//org.junit.platform.engine.support.hierarchical.NodeTestTask.lambda$executeRecursively$8(NodeTestTask.java:141)
	at app//org.junit.platform.engine.support.hierarchical.Node.around(Node.java:137)
	at app//org.junit.platform.engine.support.hierarchical.NodeTestTask.lambda$executeRecursively$9(NodeTestTask.java:139)
	at app//org.junit.platform.engine.support.hierarchical.ThrowableCollector.execute(ThrowableCollector.java:73)
	at app//org.junit.platform.engine.support.hierarchical.NodeTestTask.executeRecursively(NodeTestTask.java:138)
	at app//org.junit.platform.engine.support.hierarchical.NodeTestTask.execute(NodeTestTask.java:95)
	at app//org.junit.platform.engine.support.hierarchical.SameThreadHierarchicalTestExecutorService.submit(SameThreadHierarchicalTestExecutorService.java:35)
	at app//org.junit.platform.engine.support.hierarchical.NodeTestTask$DefaultDynamicTestExecutor.execute(NodeTestTask.java:226)
	at app//org.junit.platform.engine.support.hierarchical.NodeTestTask$DefaultDynamicTestExecutor.execute(NodeTestTask.java:204)
	at java.base@11.0.18/java.util.Optional.ifPresent(Optional.java:183)
	at app//org.junit.jupiter.engine.descriptor.TestFactoryTestDescriptor.lambda$invokeTestMethod$1(TestFactoryTestDescriptor.java:108)
	at app//org.junit.platform.engine.support.hierarchical.ThrowableCollector.execute(ThrowableCollector.java:73)
	at app//org.junit.jupiter.engine.descriptor.TestFactoryTestDescriptor.invokeTestMethod(TestFactoryTestDescriptor.java:95)
	at app//org.junit.jupiter.engine.descriptor.TestMethodTestDescriptor.execute(TestMethodTestDescriptor.java:135)
	at app//org.junit.jupiter.engine.descriptor.TestMethodTestDescriptor.execute(TestMethodTestDescriptor.java:66)
	at app//org.junit.platform.engine.support.hierarchical.NodeTestTask.lambda$executeRecursively$6(NodeTestTask.java:151)
	at app//org.junit.platform.engine.support.hierarchical.ThrowableCollector.execute(ThrowableCollector.java:73)
	at app//org.junit.platform.engine.support.hierarchical.NodeTestTask.lambda$executeRecursively$8(NodeTestTask.java:141)
	at app//org.junit.platform.engine.support.hierarchical.Node.around(Node.java:137)
	at app//org.junit.platform.engine.support.hierarchical.NodeTestTask.lambda$executeRecursively$9(NodeTestTask.java:139)
	at app//org.junit.platform.engine.support.hierarchical.ThrowableCollector.execute(ThrowableCollector.java:73)
	at app//org.junit.platform.engine.support.hierarchical.NodeTestTask.executeRecursively(NodeTestTask.java:138)
	at app//org.junit.platform.engine.support.hierarchical.NodeTestTask.execute(NodeTestTask.java:95)
	at java.base@11.0.18/java.util.ArrayList.forEach(ArrayList.java:1541)
	at app//org.junit.platform.engine.support.hierarchical.SameThreadHierarchicalTestExecutorService.invokeAll(SameThreadHierarchicalTestExecutorService.java:41)
	at app//org.junit.platform.engine.support.hierarchical.NodeTestTask.lambda$executeRecursively$6(NodeTestTask.java:155)
	at app//org.junit.platform.engine.support.hierarchical.ThrowableCollector.execute(ThrowableCollector.java:73)
	at app//org.junit.platform.engine.support.hierarchical.NodeTestTask.lambda$executeRecursively$8(NodeTestTask.java:141)
	at app//org.junit.platform.engine.support.hierarchical.Node.around(Node.java:137)
	at app//org.junit.platform.engine.support.hierarchical.NodeTestTask.lambda$executeRecursively$9(NodeTestTask.java:139)
	at app//org.junit.platform.engine.support.hierarchical.ThrowableCollector.execute(ThrowableCollector.java:73)
	at app//org.junit.platform.engine.support.hierarchical.NodeTestTask.executeRecursively(NodeTestTask.java:138)
	at app//org.junit.platform.engine.support.hierarchical.NodeTestTask.execute(NodeTestTask.java:95)
	at java.base@11.0.18/java.util.ArrayList.forEach(ArrayList.java:1541)
	at app//org.junit.platform.engine.support.hierarchical.SameThreadHierarchicalTestExecutorService.invokeAll(SameThreadHierarchicalTestExecutorService.java:41)
	at app//org.junit.platform.engine.support.hierarchical.NodeTestTask.lambda$executeRecursively$6(NodeTestTask.java:155)
	at app//org.junit.platform.engine.support.hierarchical.ThrowableCollector.execute(ThrowableCollector.java:73)
	at app//org.junit.platform.engine.support.hierarchical.NodeTestTask.lambda$executeRecursively$8(NodeTestTask.java:141)
	at app//org.junit.platform.engine.support.hierarchical.Node.around(Node.java:137)
	at app//org.junit.platform.engine.support.hierarchical.NodeTestTask.lambda$executeRecursively$9(NodeTestTask.java:139)
	at app//org.junit.platform.engine.support.hierarchical.ThrowableCollector.execute(ThrowableCollector.java:73)
	at app//org.junit.platform.engine.support.hierarchical.NodeTestTask.executeRecursively(NodeTestTask.java:138)
	at app//org.junit.platform.engine.support.hierarchical.NodeTestTask.execute(NodeTestTask.java:95)
	at app//org.junit.platform.engine.support.hierarchical.SameThreadHierarchicalTestExecutorService.submit(SameThreadHierarchicalTestExecutorService.java:35)
	at app//org.junit.platform.engine.support.hierarchical.HierarchicalTestExecutor.execute(HierarchicalTestExecutor.java:57)
	at app//org.junit.platform.engine.support.hierarchical.HierarchicalTestEngine.execute(HierarchicalTestEngine.java:54)
	at org.junit.platform.launcher.core.EngineExecutionOrchestrator.execute(EngineExecutionOrchestrator.java:107)
	at org.junit.platform.launcher.core.EngineExecutionOrchestrator.execute(EngineExecutionOrchestrator.java:88)
	at org.junit.platform.launcher.core.EngineExecutionOrchestrator.lambda$execute$0(EngineExecutionOrchestrator.java:54)
	at org.junit.platform.launcher.core.EngineExecutionOrchestrator.withInterceptedStreams(EngineExecutionOrchestrator.java:67)
	at org.junit.platform.launcher.core.EngineExecutionOrchestrator.execute(EngineExecutionOrchestrator.java:52)
	at org.junit.platform.launcher.core.DefaultLauncher.execute(DefaultLauncher.java:114)
	at org.junit.platform.launcher.core.DefaultLauncher.execute(DefaultLauncher.java:86)
	at org.junit.platform.launcher.core.DefaultLauncherSession$DelegatingLauncher.execute(DefaultLauncherSession.java:86)
	at org.junit.platform.launcher.core.SessionPerRequestLauncher.execute(SessionPerRequestLauncher.java:53)
	at org.gradle.api.internal.tasks.testing.junitplatform.JUnitPlatformTestClassProcessor$CollectAllTestClassesExecutor.processAllTestClasses(JUnitPlatformTestClassProcessor.java:99)
	at org.gradle.api.internal.tasks.testing.junitplatform.JUnitPlatformTestClassProcessor$CollectAllTestClassesExecutor.access$000(JUnitPlatformTestClassProcessor.java:79)
	at org.gradle.api.internal.tasks.testing.junitplatform.JUnitPlatformTestClassProcessor.stop(JUnitPlatformTestClassProcessor.java:75)
	at org.gradle.api.internal.tasks.testing.SuiteTestClassProcessor.stop(SuiteTestClassProcessor.java:62)
	at java.base@11.0.18/jdk.internal.reflect.NativeMethodAccessorImpl.invoke0(Native Method)
	at java.base@11.0.18/jdk.internal.reflect.NativeMethodAccessorImpl.invoke(NativeMethodAccessorImpl.java:62)
	at java.base@11.0.18/jdk.internal.reflect.DelegatingMethodAccessorImpl.invoke(DelegatingMethodAccessorImpl.java:43)
	at java.base@11.0.18/java.lang.reflect.Method.invoke(Method.java:566)
	at org.gradle.internal.dispatch.ReflectionDispatch.dispatch(ReflectionDispatch.java:36)
	at org.gradle.internal.dispatch.ReflectionDispatch.dispatch(ReflectionDispatch.java:24)
	at org.gradle.internal.dispatch.ContextClassLoaderDispatch.dispatch(ContextClassLoaderDispatch.java:33)
	at org.gradle.internal.dispatch.ProxyDispatchAdapter$DispatchingInvocationHandler.invoke(ProxyDispatchAdapter.java:94)
	at com.sun.proxy.$Proxy2.stop(Unknown Source)
	at org.gradle.api.internal.tasks.testing.worker.TestWorker$3.run(TestWorker.java:193)
	at org.gradle.api.internal.tasks.testing.worker.TestWorker.executeAndMaintainThreadName(TestWorker.java:129)
	at org.gradle.api.internal.tasks.testing.worker.TestWorker.execute(TestWorker.java:100)
	at org.gradle.api.internal.tasks.testing.worker.TestWorker.execute(TestWorker.java:60)
	at org.gradle.process.internal.worker.child.ActionExecutionWorker.execute(ActionExecutionWorker.java:56)
	at org.gradle.process.internal.worker.child.SystemApplicationClassLoaderWorker.call(SystemApplicationClassLoaderWorker.java:113)
	at org.gradle.process.internal.worker.child.SystemApplicationClassLoaderWorker.call(SystemApplicationClassLoaderWorker.java:65)
	at app//worker.org.gradle.process.internal.worker.GradleWorkerMain.run(GradleWorkerMain.java:69)
	at app//worker.org.gradle.process.internal.worker.GradleWorkerMain.main(GradleWorkerMain.java:74)
</failure>
  </testcase>
  <testcase name="observer" classname="de.uka.ilkd.key.proof.runallproofs.RunAllProofsFunctional" time="1.218">
    <failure message="org.opentest4j.AssertionFailedError: Executed process terminated with non-zero exit value. ==&gt; expected: &lt;0&gt; but was: &lt;1&gt;" type="org.opentest4j.AssertionFailedError">org.opentest4j.AssertionFailedError: Executed process terminated with non-zero exit value. ==&gt; expected: &lt;0&gt; but was: &lt;1&gt;
	at app//org.junit.jupiter.api.AssertionUtils.fail(AssertionUtils.java:55)
	at app//org.junit.jupiter.api.AssertionUtils.failNotEqual(AssertionUtils.java:62)
	at app//org.junit.jupiter.api.AssertEquals.assertEquals(AssertEquals.java:150)
	at app//org.junit.jupiter.api.Assertions.assertEquals(Assertions.java:559)
	at app//de.uka.ilkd.key.proof.runallproofs.proofcollection.ForkedTestFileRunner.processTestFiles(ForkedTestFileRunner.java:129)
	at app//de.uka.ilkd.key.proof.runallproofs.RunAllProofsTestUnit.runTest(RunAllProofsTestUnit.java:85)
	at app//de.uka.ilkd.key.proof.runallproofs.RunAllProofsTest.lambda$data$0(RunAllProofsTest.java:83)
	at app//org.junit.jupiter.engine.descriptor.DynamicTestTestDescriptor.lambda$execute$0(DynamicTestTestDescriptor.java:53)
	at app//org.junit.jupiter.engine.execution.InvocationInterceptorChain$ValidatingInvocation.proceed(InvocationInterceptorChain.java:131)
	at app//org.junit.jupiter.api.extension.InvocationInterceptor.interceptDynamicTest(InvocationInterceptor.java:167)
	at app//org.junit.jupiter.api.extension.InvocationInterceptor.interceptDynamicTest(InvocationInterceptor.java:184)
	at app//org.junit.jupiter.engine.descriptor.DynamicTestTestDescriptor.lambda$execute$1(DynamicTestTestDescriptor.java:61)
	at app//org.junit.jupiter.engine.execution.InvocationInterceptorChain$InterceptorCall.lambda$ofVoid$0(InvocationInterceptorChain.java:78)
	at app//org.junit.jupiter.engine.execution.InvocationInterceptorChain$InterceptedInvocation.proceed(InvocationInterceptorChain.java:106)
	at app//org.junit.jupiter.engine.execution.InvocationInterceptorChain.proceed(InvocationInterceptorChain.java:64)
	at app//org.junit.jupiter.engine.execution.InvocationInterceptorChain.chainAndInvoke(InvocationInterceptorChain.java:45)
	at app//org.junit.jupiter.engine.execution.InvocationInterceptorChain.invoke(InvocationInterceptorChain.java:37)
	at app//org.junit.jupiter.engine.descriptor.DynamicTestTestDescriptor.execute(DynamicTestTestDescriptor.java:60)
	at app//org.junit.jupiter.engine.descriptor.DynamicTestTestDescriptor.execute(DynamicTestTestDescriptor.java:32)
	at app//org.junit.platform.engine.support.hierarchical.NodeTestTask.lambda$executeRecursively$6(NodeTestTask.java:151)
	at app//org.junit.platform.engine.support.hierarchical.ThrowableCollector.execute(ThrowableCollector.java:73)
	at app//org.junit.platform.engine.support.hierarchical.NodeTestTask.lambda$executeRecursively$8(NodeTestTask.java:141)
	at app//org.junit.platform.engine.support.hierarchical.Node.around(Node.java:137)
	at app//org.junit.platform.engine.support.hierarchical.NodeTestTask.lambda$executeRecursively$9(NodeTestTask.java:139)
	at app//org.junit.platform.engine.support.hierarchical.ThrowableCollector.execute(ThrowableCollector.java:73)
	at app//org.junit.platform.engine.support.hierarchical.NodeTestTask.executeRecursively(NodeTestTask.java:138)
	at app//org.junit.platform.engine.support.hierarchical.NodeTestTask.execute(NodeTestTask.java:95)
	at app//org.junit.platform.engine.support.hierarchical.SameThreadHierarchicalTestExecutorService.submit(SameThreadHierarchicalTestExecutorService.java:35)
	at app//org.junit.platform.engine.support.hierarchical.NodeTestTask$DefaultDynamicTestExecutor.execute(NodeTestTask.java:226)
	at app//org.junit.platform.engine.support.hierarchical.NodeTestTask$DefaultDynamicTestExecutor.execute(NodeTestTask.java:204)
	at java.base@11.0.18/java.util.Optional.ifPresent(Optional.java:183)
	at app//org.junit.jupiter.engine.descriptor.TestFactoryTestDescriptor.lambda$invokeTestMethod$1(TestFactoryTestDescriptor.java:108)
	at app//org.junit.platform.engine.support.hierarchical.ThrowableCollector.execute(ThrowableCollector.java:73)
	at app//org.junit.jupiter.engine.descriptor.TestFactoryTestDescriptor.invokeTestMethod(TestFactoryTestDescriptor.java:95)
	at app//org.junit.jupiter.engine.descriptor.TestMethodTestDescriptor.execute(TestMethodTestDescriptor.java:135)
	at app//org.junit.jupiter.engine.descriptor.TestMethodTestDescriptor.execute(TestMethodTestDescriptor.java:66)
	at app//org.junit.platform.engine.support.hierarchical.NodeTestTask.lambda$executeRecursively$6(NodeTestTask.java:151)
	at app//org.junit.platform.engine.support.hierarchical.ThrowableCollector.execute(ThrowableCollector.java:73)
	at app//org.junit.platform.engine.support.hierarchical.NodeTestTask.lambda$executeRecursively$8(NodeTestTask.java:141)
	at app//org.junit.platform.engine.support.hierarchical.Node.around(Node.java:137)
	at app//org.junit.platform.engine.support.hierarchical.NodeTestTask.lambda$executeRecursively$9(NodeTestTask.java:139)
	at app//org.junit.platform.engine.support.hierarchical.ThrowableCollector.execute(ThrowableCollector.java:73)
	at app//org.junit.platform.engine.support.hierarchical.NodeTestTask.executeRecursively(NodeTestTask.java:138)
	at app//org.junit.platform.engine.support.hierarchical.NodeTestTask.execute(NodeTestTask.java:95)
	at java.base@11.0.18/java.util.ArrayList.forEach(ArrayList.java:1541)
	at app//org.junit.platform.engine.support.hierarchical.SameThreadHierarchicalTestExecutorService.invokeAll(SameThreadHierarchicalTestExecutorService.java:41)
	at app//org.junit.platform.engine.support.hierarchical.NodeTestTask.lambda$executeRecursively$6(NodeTestTask.java:155)
	at app//org.junit.platform.engine.support.hierarchical.ThrowableCollector.execute(ThrowableCollector.java:73)
	at app//org.junit.platform.engine.support.hierarchical.NodeTestTask.lambda$executeRecursively$8(NodeTestTask.java:141)
	at app//org.junit.platform.engine.support.hierarchical.Node.around(Node.java:137)
	at app//org.junit.platform.engine.support.hierarchical.NodeTestTask.lambda$executeRecursively$9(NodeTestTask.java:139)
	at app//org.junit.platform.engine.support.hierarchical.ThrowableCollector.execute(ThrowableCollector.java:73)
	at app//org.junit.platform.engine.support.hierarchical.NodeTestTask.executeRecursively(NodeTestTask.java:138)
	at app//org.junit.platform.engine.support.hierarchical.NodeTestTask.execute(NodeTestTask.java:95)
	at java.base@11.0.18/java.util.ArrayList.forEach(ArrayList.java:1541)
	at app//org.junit.platform.engine.support.hierarchical.SameThreadHierarchicalTestExecutorService.invokeAll(SameThreadHierarchicalTestExecutorService.java:41)
	at app//org.junit.platform.engine.support.hierarchical.NodeTestTask.lambda$executeRecursively$6(NodeTestTask.java:155)
	at app//org.junit.platform.engine.support.hierarchical.ThrowableCollector.execute(ThrowableCollector.java:73)
	at app//org.junit.platform.engine.support.hierarchical.NodeTestTask.lambda$executeRecursively$8(NodeTestTask.java:141)
	at app//org.junit.platform.engine.support.hierarchical.Node.around(Node.java:137)
	at app//org.junit.platform.engine.support.hierarchical.NodeTestTask.lambda$executeRecursively$9(NodeTestTask.java:139)
	at app//org.junit.platform.engine.support.hierarchical.ThrowableCollector.execute(ThrowableCollector.java:73)
	at app//org.junit.platform.engine.support.hierarchical.NodeTestTask.executeRecursively(NodeTestTask.java:138)
	at app//org.junit.platform.engine.support.hierarchical.NodeTestTask.execute(NodeTestTask.java:95)
	at app//org.junit.platform.engine.support.hierarchical.SameThreadHierarchicalTestExecutorService.submit(SameThreadHierarchicalTestExecutorService.java:35)
	at app//org.junit.platform.engine.support.hierarchical.HierarchicalTestExecutor.execute(HierarchicalTestExecutor.java:57)
	at app//org.junit.platform.engine.support.hierarchical.HierarchicalTestEngine.execute(HierarchicalTestEngine.java:54)
	at org.junit.platform.launcher.core.EngineExecutionOrchestrator.execute(EngineExecutionOrchestrator.java:107)
	at org.junit.platform.launcher.core.EngineExecutionOrchestrator.execute(EngineExecutionOrchestrator.java:88)
	at org.junit.platform.launcher.core.EngineExecutionOrchestrator.lambda$execute$0(EngineExecutionOrchestrator.java:54)
	at org.junit.platform.launcher.core.EngineExecutionOrchestrator.withInterceptedStreams(EngineExecutionOrchestrator.java:67)
	at org.junit.platform.launcher.core.EngineExecutionOrchestrator.execute(EngineExecutionOrchestrator.java:52)
	at org.junit.platform.launcher.core.DefaultLauncher.execute(DefaultLauncher.java:114)
	at org.junit.platform.launcher.core.DefaultLauncher.execute(DefaultLauncher.java:86)
	at org.junit.platform.launcher.core.DefaultLauncherSession$DelegatingLauncher.execute(DefaultLauncherSession.java:86)
	at org.junit.platform.launcher.core.SessionPerRequestLauncher.execute(SessionPerRequestLauncher.java:53)
	at org.gradle.api.internal.tasks.testing.junitplatform.JUnitPlatformTestClassProcessor$CollectAllTestClassesExecutor.processAllTestClasses(JUnitPlatformTestClassProcessor.java:99)
	at org.gradle.api.internal.tasks.testing.junitplatform.JUnitPlatformTestClassProcessor$CollectAllTestClassesExecutor.access$000(JUnitPlatformTestClassProcessor.java:79)
	at org.gradle.api.internal.tasks.testing.junitplatform.JUnitPlatformTestClassProcessor.stop(JUnitPlatformTestClassProcessor.java:75)
	at org.gradle.api.internal.tasks.testing.SuiteTestClassProcessor.stop(SuiteTestClassProcessor.java:62)
	at java.base@11.0.18/jdk.internal.reflect.NativeMethodAccessorImpl.invoke0(Native Method)
	at java.base@11.0.18/jdk.internal.reflect.NativeMethodAccessorImpl.invoke(NativeMethodAccessorImpl.java:62)
	at java.base@11.0.18/jdk.internal.reflect.DelegatingMethodAccessorImpl.invoke(DelegatingMethodAccessorImpl.java:43)
	at java.base@11.0.18/java.lang.reflect.Method.invoke(Method.java:566)
	at org.gradle.internal.dispatch.ReflectionDispatch.dispatch(ReflectionDispatch.java:36)
	at org.gradle.internal.dispatch.ReflectionDispatch.dispatch(ReflectionDispatch.java:24)
	at org.gradle.internal.dispatch.ContextClassLoaderDispatch.dispatch(ContextClassLoaderDispatch.java:33)
	at org.gradle.internal.dispatch.ProxyDispatchAdapter$DispatchingInvocationHandler.invoke(ProxyDispatchAdapter.java:94)
	at com.sun.proxy.$Proxy2.stop(Unknown Source)
	at org.gradle.api.internal.tasks.testing.worker.TestWorker$3.run(TestWorker.java:193)
	at org.gradle.api.internal.tasks.testing.worker.TestWorker.executeAndMaintainThreadName(TestWorker.java:129)
	at org.gradle.api.internal.tasks.testing.worker.TestWorker.execute(TestWorker.java:100)
	at org.gradle.api.internal.tasks.testing.worker.TestWorker.execute(TestWorker.java:60)
	at org.gradle.process.internal.worker.child.ActionExecutionWorker.execute(ActionExecutionWorker.java:56)
	at org.gradle.process.internal.worker.child.SystemApplicationClassLoaderWorker.call(SystemApplicationClassLoaderWorker.java:113)
	at org.gradle.process.internal.worker.child.SystemApplicationClassLoaderWorker.call(SystemApplicationClassLoaderWorker.java:65)
	at app//worker.org.gradle.process.internal.worker.GradleWorkerMain.run(GradleWorkerMain.java:69)
	at app//worker.org.gradle.process.internal.worker.GradleWorkerMain.main(GradleWorkerMain.java:74)
</failure>
  </testcase>
  <testcase name="removeDups" classname="de.uka.ilkd.key.proof.runallproofs.RunAllProofsFunctional" time="1.124">
    <failure message="org.opentest4j.AssertionFailedError: Executed process terminated with non-zero exit value. ==&gt; expected: &lt;0&gt; but was: &lt;1&gt;" type="org.opentest4j.AssertionFailedError">org.opentest4j.AssertionFailedError: Executed process terminated with non-zero exit value. ==&gt; expected: &lt;0&gt; but was: &lt;1&gt;
	at app//org.junit.jupiter.api.AssertionUtils.fail(AssertionUtils.java:55)
	at app//org.junit.jupiter.api.AssertionUtils.failNotEqual(AssertionUtils.java:62)
	at app//org.junit.jupiter.api.AssertEquals.assertEquals(AssertEquals.java:150)
	at app//org.junit.jupiter.api.Assertions.assertEquals(Assertions.java:559)
	at app//de.uka.ilkd.key.proof.runallproofs.proofcollection.ForkedTestFileRunner.processTestFiles(ForkedTestFileRunner.java:129)
	at app//de.uka.ilkd.key.proof.runallproofs.RunAllProofsTestUnit.runTest(RunAllProofsTestUnit.java:85)
	at app//de.uka.ilkd.key.proof.runallproofs.RunAllProofsTest.lambda$data$0(RunAllProofsTest.java:83)
	at app//org.junit.jupiter.engine.descriptor.DynamicTestTestDescriptor.lambda$execute$0(DynamicTestTestDescriptor.java:53)
	at app//org.junit.jupiter.engine.execution.InvocationInterceptorChain$ValidatingInvocation.proceed(InvocationInterceptorChain.java:131)
	at app//org.junit.jupiter.api.extension.InvocationInterceptor.interceptDynamicTest(InvocationInterceptor.java:167)
	at app//org.junit.jupiter.api.extension.InvocationInterceptor.interceptDynamicTest(InvocationInterceptor.java:184)
	at app//org.junit.jupiter.engine.descriptor.DynamicTestTestDescriptor.lambda$execute$1(DynamicTestTestDescriptor.java:61)
	at app//org.junit.jupiter.engine.execution.InvocationInterceptorChain$InterceptorCall.lambda$ofVoid$0(InvocationInterceptorChain.java:78)
	at app//org.junit.jupiter.engine.execution.InvocationInterceptorChain$InterceptedInvocation.proceed(InvocationInterceptorChain.java:106)
	at app//org.junit.jupiter.engine.execution.InvocationInterceptorChain.proceed(InvocationInterceptorChain.java:64)
	at app//org.junit.jupiter.engine.execution.InvocationInterceptorChain.chainAndInvoke(InvocationInterceptorChain.java:45)
	at app//org.junit.jupiter.engine.execution.InvocationInterceptorChain.invoke(InvocationInterceptorChain.java:37)
	at app//org.junit.jupiter.engine.descriptor.DynamicTestTestDescriptor.execute(DynamicTestTestDescriptor.java:60)
	at app//org.junit.jupiter.engine.descriptor.DynamicTestTestDescriptor.execute(DynamicTestTestDescriptor.java:32)
	at app//org.junit.platform.engine.support.hierarchical.NodeTestTask.lambda$executeRecursively$6(NodeTestTask.java:151)
	at app//org.junit.platform.engine.support.hierarchical.ThrowableCollector.execute(ThrowableCollector.java:73)
	at app//org.junit.platform.engine.support.hierarchical.NodeTestTask.lambda$executeRecursively$8(NodeTestTask.java:141)
	at app//org.junit.platform.engine.support.hierarchical.Node.around(Node.java:137)
	at app//org.junit.platform.engine.support.hierarchical.NodeTestTask.lambda$executeRecursively$9(NodeTestTask.java:139)
	at app//org.junit.platform.engine.support.hierarchical.ThrowableCollector.execute(ThrowableCollector.java:73)
	at app//org.junit.platform.engine.support.hierarchical.NodeTestTask.executeRecursively(NodeTestTask.java:138)
	at app//org.junit.platform.engine.support.hierarchical.NodeTestTask.execute(NodeTestTask.java:95)
	at app//org.junit.platform.engine.support.hierarchical.SameThreadHierarchicalTestExecutorService.submit(SameThreadHierarchicalTestExecutorService.java:35)
	at app//org.junit.platform.engine.support.hierarchical.NodeTestTask$DefaultDynamicTestExecutor.execute(NodeTestTask.java:226)
	at app//org.junit.platform.engine.support.hierarchical.NodeTestTask$DefaultDynamicTestExecutor.execute(NodeTestTask.java:204)
	at java.base@11.0.18/java.util.Optional.ifPresent(Optional.java:183)
	at app//org.junit.jupiter.engine.descriptor.TestFactoryTestDescriptor.lambda$invokeTestMethod$1(TestFactoryTestDescriptor.java:108)
	at app//org.junit.platform.engine.support.hierarchical.ThrowableCollector.execute(ThrowableCollector.java:73)
	at app//org.junit.jupiter.engine.descriptor.TestFactoryTestDescriptor.invokeTestMethod(TestFactoryTestDescriptor.java:95)
	at app//org.junit.jupiter.engine.descriptor.TestMethodTestDescriptor.execute(TestMethodTestDescriptor.java:135)
	at app//org.junit.jupiter.engine.descriptor.TestMethodTestDescriptor.execute(TestMethodTestDescriptor.java:66)
	at app//org.junit.platform.engine.support.hierarchical.NodeTestTask.lambda$executeRecursively$6(NodeTestTask.java:151)
	at app//org.junit.platform.engine.support.hierarchical.ThrowableCollector.execute(ThrowableCollector.java:73)
	at app//org.junit.platform.engine.support.hierarchical.NodeTestTask.lambda$executeRecursively$8(NodeTestTask.java:141)
	at app//org.junit.platform.engine.support.hierarchical.Node.around(Node.java:137)
	at app//org.junit.platform.engine.support.hierarchical.NodeTestTask.lambda$executeRecursively$9(NodeTestTask.java:139)
	at app//org.junit.platform.engine.support.hierarchical.ThrowableCollector.execute(ThrowableCollector.java:73)
	at app//org.junit.platform.engine.support.hierarchical.NodeTestTask.executeRecursively(NodeTestTask.java:138)
	at app//org.junit.platform.engine.support.hierarchical.NodeTestTask.execute(NodeTestTask.java:95)
	at java.base@11.0.18/java.util.ArrayList.forEach(ArrayList.java:1541)
	at app//org.junit.platform.engine.support.hierarchical.SameThreadHierarchicalTestExecutorService.invokeAll(SameThreadHierarchicalTestExecutorService.java:41)
	at app//org.junit.platform.engine.support.hierarchical.NodeTestTask.lambda$executeRecursively$6(NodeTestTask.java:155)
	at app//org.junit.platform.engine.support.hierarchical.ThrowableCollector.execute(ThrowableCollector.java:73)
	at app//org.junit.platform.engine.support.hierarchical.NodeTestTask.lambda$executeRecursively$8(NodeTestTask.java:141)
	at app//org.junit.platform.engine.support.hierarchical.Node.around(Node.java:137)
	at app//org.junit.platform.engine.support.hierarchical.NodeTestTask.lambda$executeRecursively$9(NodeTestTask.java:139)
	at app//org.junit.platform.engine.support.hierarchical.ThrowableCollector.execute(ThrowableCollector.java:73)
	at app//org.junit.platform.engine.support.hierarchical.NodeTestTask.executeRecursively(NodeTestTask.java:138)
	at app//org.junit.platform.engine.support.hierarchical.NodeTestTask.execute(NodeTestTask.java:95)
	at java.base@11.0.18/java.util.ArrayList.forEach(ArrayList.java:1541)
	at app//org.junit.platform.engine.support.hierarchical.SameThreadHierarchicalTestExecutorService.invokeAll(SameThreadHierarchicalTestExecutorService.java:41)
	at app//org.junit.platform.engine.support.hierarchical.NodeTestTask.lambda$executeRecursively$6(NodeTestTask.java:155)
	at app//org.junit.platform.engine.support.hierarchical.ThrowableCollector.execute(ThrowableCollector.java:73)
	at app//org.junit.platform.engine.support.hierarchical.NodeTestTask.lambda$executeRecursively$8(NodeTestTask.java:141)
	at app//org.junit.platform.engine.support.hierarchical.Node.around(Node.java:137)
	at app//org.junit.platform.engine.support.hierarchical.NodeTestTask.lambda$executeRecursively$9(NodeTestTask.java:139)
	at app//org.junit.platform.engine.support.hierarchical.ThrowableCollector.execute(ThrowableCollector.java:73)
	at app//org.junit.platform.engine.support.hierarchical.NodeTestTask.executeRecursively(NodeTestTask.java:138)
	at app//org.junit.platform.engine.support.hierarchical.NodeTestTask.execute(NodeTestTask.java:95)
	at app//org.junit.platform.engine.support.hierarchical.SameThreadHierarchicalTestExecutorService.submit(SameThreadHierarchicalTestExecutorService.java:35)
	at app//org.junit.platform.engine.support.hierarchical.HierarchicalTestExecutor.execute(HierarchicalTestExecutor.java:57)
	at app//org.junit.platform.engine.support.hierarchical.HierarchicalTestEngine.execute(HierarchicalTestEngine.java:54)
	at org.junit.platform.launcher.core.EngineExecutionOrchestrator.execute(EngineExecutionOrchestrator.java:107)
	at org.junit.platform.launcher.core.EngineExecutionOrchestrator.execute(EngineExecutionOrchestrator.java:88)
	at org.junit.platform.launcher.core.EngineExecutionOrchestrator.lambda$execute$0(EngineExecutionOrchestrator.java:54)
	at org.junit.platform.launcher.core.EngineExecutionOrchestrator.withInterceptedStreams(EngineExecutionOrchestrator.java:67)
	at org.junit.platform.launcher.core.EngineExecutionOrchestrator.execute(EngineExecutionOrchestrator.java:52)
	at org.junit.platform.launcher.core.DefaultLauncher.execute(DefaultLauncher.java:114)
	at org.junit.platform.launcher.core.DefaultLauncher.execute(DefaultLauncher.java:86)
	at org.junit.platform.launcher.core.DefaultLauncherSession$DelegatingLauncher.execute(DefaultLauncherSession.java:86)
	at org.junit.platform.launcher.core.SessionPerRequestLauncher.execute(SessionPerRequestLauncher.java:53)
	at org.gradle.api.internal.tasks.testing.junitplatform.JUnitPlatformTestClassProcessor$CollectAllTestClassesExecutor.processAllTestClasses(JUnitPlatformTestClassProcessor.java:99)
	at org.gradle.api.internal.tasks.testing.junitplatform.JUnitPlatformTestClassProcessor$CollectAllTestClassesExecutor.access$000(JUnitPlatformTestClassProcessor.java:79)
	at org.gradle.api.internal.tasks.testing.junitplatform.JUnitPlatformTestClassProcessor.stop(JUnitPlatformTestClassProcessor.java:75)
	at org.gradle.api.internal.tasks.testing.SuiteTestClassProcessor.stop(SuiteTestClassProcessor.java:62)
	at java.base@11.0.18/jdk.internal.reflect.NativeMethodAccessorImpl.invoke0(Native Method)
	at java.base@11.0.18/jdk.internal.reflect.NativeMethodAccessorImpl.invoke(NativeMethodAccessorImpl.java:62)
	at java.base@11.0.18/jdk.internal.reflect.DelegatingMethodAccessorImpl.invoke(DelegatingMethodAccessorImpl.java:43)
	at java.base@11.0.18/java.lang.reflect.Method.invoke(Method.java:566)
	at org.gradle.internal.dispatch.ReflectionDispatch.dispatch(ReflectionDispatch.java:36)
	at org.gradle.internal.dispatch.ReflectionDispatch.dispatch(ReflectionDispatch.java:24)
	at org.gradle.internal.dispatch.ContextClassLoaderDispatch.dispatch(ContextClassLoaderDispatch.java:33)
	at org.gradle.internal.dispatch.ProxyDispatchAdapter$DispatchingInvocationHandler.invoke(ProxyDispatchAdapter.java:94)
	at com.sun.proxy.$Proxy2.stop(Unknown Source)
	at org.gradle.api.internal.tasks.testing.worker.TestWorker$3.run(TestWorker.java:193)
	at org.gradle.api.internal.tasks.testing.worker.TestWorker.executeAndMaintainThreadName(TestWorker.java:129)
	at org.gradle.api.internal.tasks.testing.worker.TestWorker.execute(TestWorker.java:100)
	at org.gradle.api.internal.tasks.testing.worker.TestWorker.execute(TestWorker.java:60)
	at org.gradle.process.internal.worker.child.ActionExecutionWorker.execute(ActionExecutionWorker.java:56)
	at org.gradle.process.internal.worker.child.SystemApplicationClassLoaderWorker.call(SystemApplicationClassLoaderWorker.java:113)
	at org.gradle.process.internal.worker.child.SystemApplicationClassLoaderWorker.call(SystemApplicationClassLoaderWorker.java:65)
	at app//worker.org.gradle.process.internal.worker.GradleWorkerMain.run(GradleWorkerMain.java:69)
	at app//worker.org.gradle.process.internal.worker.GradleWorkerMain.main(GradleWorkerMain.java:74)
</failure>
  </testcase>
  <testcase name="Saddleback_search.key" classname="de.uka.ilkd.key.proof.runallproofs.RunAllProofsFunctional" time="1.073">
    <failure message="org.opentest4j.AssertionFailedError: Executed process terminated with non-zero exit value. ==&gt; expected: &lt;0&gt; but was: &lt;1&gt;" type="org.opentest4j.AssertionFailedError">org.opentest4j.AssertionFailedError: Executed process terminated with non-zero exit value. ==&gt; expected: &lt;0&gt; but was: &lt;1&gt;
	at app//org.junit.jupiter.api.AssertionUtils.fail(AssertionUtils.java:55)
	at app//org.junit.jupiter.api.AssertionUtils.failNotEqual(AssertionUtils.java:62)
	at app//org.junit.jupiter.api.AssertEquals.assertEquals(AssertEquals.java:150)
	at app//org.junit.jupiter.api.Assertions.assertEquals(Assertions.java:559)
	at app//de.uka.ilkd.key.proof.runallproofs.proofcollection.ForkedTestFileRunner.processTestFiles(ForkedTestFileRunner.java:129)
	at app//de.uka.ilkd.key.proof.runallproofs.RunAllProofsTestUnit.runTest(RunAllProofsTestUnit.java:85)
	at app//de.uka.ilkd.key.proof.runallproofs.RunAllProofsTest.lambda$data$0(RunAllProofsTest.java:83)
	at app//org.junit.jupiter.engine.descriptor.DynamicTestTestDescriptor.lambda$execute$0(DynamicTestTestDescriptor.java:53)
	at app//org.junit.jupiter.engine.execution.InvocationInterceptorChain$ValidatingInvocation.proceed(InvocationInterceptorChain.java:131)
	at app//org.junit.jupiter.api.extension.InvocationInterceptor.interceptDynamicTest(InvocationInterceptor.java:167)
	at app//org.junit.jupiter.api.extension.InvocationInterceptor.interceptDynamicTest(InvocationInterceptor.java:184)
	at app//org.junit.jupiter.engine.descriptor.DynamicTestTestDescriptor.lambda$execute$1(DynamicTestTestDescriptor.java:61)
	at app//org.junit.jupiter.engine.execution.InvocationInterceptorChain$InterceptorCall.lambda$ofVoid$0(InvocationInterceptorChain.java:78)
	at app//org.junit.jupiter.engine.execution.InvocationInterceptorChain$InterceptedInvocation.proceed(InvocationInterceptorChain.java:106)
	at app//org.junit.jupiter.engine.execution.InvocationInterceptorChain.proceed(InvocationInterceptorChain.java:64)
	at app//org.junit.jupiter.engine.execution.InvocationInterceptorChain.chainAndInvoke(InvocationInterceptorChain.java:45)
	at app//org.junit.jupiter.engine.execution.InvocationInterceptorChain.invoke(InvocationInterceptorChain.java:37)
	at app//org.junit.jupiter.engine.descriptor.DynamicTestTestDescriptor.execute(DynamicTestTestDescriptor.java:60)
	at app//org.junit.jupiter.engine.descriptor.DynamicTestTestDescriptor.execute(DynamicTestTestDescriptor.java:32)
	at app//org.junit.platform.engine.support.hierarchical.NodeTestTask.lambda$executeRecursively$6(NodeTestTask.java:151)
	at app//org.junit.platform.engine.support.hierarchical.ThrowableCollector.execute(ThrowableCollector.java:73)
	at app//org.junit.platform.engine.support.hierarchical.NodeTestTask.lambda$executeRecursively$8(NodeTestTask.java:141)
	at app//org.junit.platform.engine.support.hierarchical.Node.around(Node.java:137)
	at app//org.junit.platform.engine.support.hierarchical.NodeTestTask.lambda$executeRecursively$9(NodeTestTask.java:139)
	at app//org.junit.platform.engine.support.hierarchical.ThrowableCollector.execute(ThrowableCollector.java:73)
	at app//org.junit.platform.engine.support.hierarchical.NodeTestTask.executeRecursively(NodeTestTask.java:138)
	at app//org.junit.platform.engine.support.hierarchical.NodeTestTask.execute(NodeTestTask.java:95)
	at app//org.junit.platform.engine.support.hierarchical.SameThreadHierarchicalTestExecutorService.submit(SameThreadHierarchicalTestExecutorService.java:35)
	at app//org.junit.platform.engine.support.hierarchical.NodeTestTask$DefaultDynamicTestExecutor.execute(NodeTestTask.java:226)
	at app//org.junit.platform.engine.support.hierarchical.NodeTestTask$DefaultDynamicTestExecutor.execute(NodeTestTask.java:204)
	at java.base@11.0.18/java.util.Optional.ifPresent(Optional.java:183)
	at app//org.junit.jupiter.engine.descriptor.TestFactoryTestDescriptor.lambda$invokeTestMethod$1(TestFactoryTestDescriptor.java:108)
	at app//org.junit.platform.engine.support.hierarchical.ThrowableCollector.execute(ThrowableCollector.java:73)
	at app//org.junit.jupiter.engine.descriptor.TestFactoryTestDescriptor.invokeTestMethod(TestFactoryTestDescriptor.java:95)
	at app//org.junit.jupiter.engine.descriptor.TestMethodTestDescriptor.execute(TestMethodTestDescriptor.java:135)
	at app//org.junit.jupiter.engine.descriptor.TestMethodTestDescriptor.execute(TestMethodTestDescriptor.java:66)
	at app//org.junit.platform.engine.support.hierarchical.NodeTestTask.lambda$executeRecursively$6(NodeTestTask.java:151)
	at app//org.junit.platform.engine.support.hierarchical.ThrowableCollector.execute(ThrowableCollector.java:73)
	at app//org.junit.platform.engine.support.hierarchical.NodeTestTask.lambda$executeRecursively$8(NodeTestTask.java:141)
	at app//org.junit.platform.engine.support.hierarchical.Node.around(Node.java:137)
	at app//org.junit.platform.engine.support.hierarchical.NodeTestTask.lambda$executeRecursively$9(NodeTestTask.java:139)
	at app//org.junit.platform.engine.support.hierarchical.ThrowableCollector.execute(ThrowableCollector.java:73)
	at app//org.junit.platform.engine.support.hierarchical.NodeTestTask.executeRecursively(NodeTestTask.java:138)
	at app//org.junit.platform.engine.support.hierarchical.NodeTestTask.execute(NodeTestTask.java:95)
	at java.base@11.0.18/java.util.ArrayList.forEach(ArrayList.java:1541)
	at app//org.junit.platform.engine.support.hierarchical.SameThreadHierarchicalTestExecutorService.invokeAll(SameThreadHierarchicalTestExecutorService.java:41)
	at app//org.junit.platform.engine.support.hierarchical.NodeTestTask.lambda$executeRecursively$6(NodeTestTask.java:155)
	at app//org.junit.platform.engine.support.hierarchical.ThrowableCollector.execute(ThrowableCollector.java:73)
	at app//org.junit.platform.engine.support.hierarchical.NodeTestTask.lambda$executeRecursively$8(NodeTestTask.java:141)
	at app//org.junit.platform.engine.support.hierarchical.Node.around(Node.java:137)
	at app//org.junit.platform.engine.support.hierarchical.NodeTestTask.lambda$executeRecursively$9(NodeTestTask.java:139)
	at app//org.junit.platform.engine.support.hierarchical.ThrowableCollector.execute(ThrowableCollector.java:73)
	at app//org.junit.platform.engine.support.hierarchical.NodeTestTask.executeRecursively(NodeTestTask.java:138)
	at app//org.junit.platform.engine.support.hierarchical.NodeTestTask.execute(NodeTestTask.java:95)
	at java.base@11.0.18/java.util.ArrayList.forEach(ArrayList.java:1541)
	at app//org.junit.platform.engine.support.hierarchical.SameThreadHierarchicalTestExecutorService.invokeAll(SameThreadHierarchicalTestExecutorService.java:41)
	at app//org.junit.platform.engine.support.hierarchical.NodeTestTask.lambda$executeRecursively$6(NodeTestTask.java:155)
	at app//org.junit.platform.engine.support.hierarchical.ThrowableCollector.execute(ThrowableCollector.java:73)
	at app//org.junit.platform.engine.support.hierarchical.NodeTestTask.lambda$executeRecursively$8(NodeTestTask.java:141)
	at app//org.junit.platform.engine.support.hierarchical.Node.around(Node.java:137)
	at app//org.junit.platform.engine.support.hierarchical.NodeTestTask.lambda$executeRecursively$9(NodeTestTask.java:139)
	at app//org.junit.platform.engine.support.hierarchical.ThrowableCollector.execute(ThrowableCollector.java:73)
	at app//org.junit.platform.engine.support.hierarchical.NodeTestTask.executeRecursively(NodeTestTask.java:138)
	at app//org.junit.platform.engine.support.hierarchical.NodeTestTask.execute(NodeTestTask.java:95)
	at app//org.junit.platform.engine.support.hierarchical.SameThreadHierarchicalTestExecutorService.submit(SameThreadHierarchicalTestExecutorService.java:35)
	at app//org.junit.platform.engine.support.hierarchical.HierarchicalTestExecutor.execute(HierarchicalTestExecutor.java:57)
	at app//org.junit.platform.engine.support.hierarchical.HierarchicalTestEngine.execute(HierarchicalTestEngine.java:54)
	at org.junit.platform.launcher.core.EngineExecutionOrchestrator.execute(EngineExecutionOrchestrator.java:107)
	at org.junit.platform.launcher.core.EngineExecutionOrchestrator.execute(EngineExecutionOrchestrator.java:88)
	at org.junit.platform.launcher.core.EngineExecutionOrchestrator.lambda$execute$0(EngineExecutionOrchestrator.java:54)
	at org.junit.platform.launcher.core.EngineExecutionOrchestrator.withInterceptedStreams(EngineExecutionOrchestrator.java:67)
	at org.junit.platform.launcher.core.EngineExecutionOrchestrator.execute(EngineExecutionOrchestrator.java:52)
	at org.junit.platform.launcher.core.DefaultLauncher.execute(DefaultLauncher.java:114)
	at org.junit.platform.launcher.core.DefaultLauncher.execute(DefaultLauncher.java:86)
	at org.junit.platform.launcher.core.DefaultLauncherSession$DelegatingLauncher.execute(DefaultLauncherSession.java:86)
	at org.junit.platform.launcher.core.SessionPerRequestLauncher.execute(SessionPerRequestLauncher.java:53)
	at org.gradle.api.internal.tasks.testing.junitplatform.JUnitPlatformTestClassProcessor$CollectAllTestClassesExecutor.processAllTestClasses(JUnitPlatformTestClassProcessor.java:99)
	at org.gradle.api.internal.tasks.testing.junitplatform.JUnitPlatformTestClassProcessor$CollectAllTestClassesExecutor.access$000(JUnitPlatformTestClassProcessor.java:79)
	at org.gradle.api.internal.tasks.testing.junitplatform.JUnitPlatformTestClassProcessor.stop(JUnitPlatformTestClassProcessor.java:75)
	at org.gradle.api.internal.tasks.testing.SuiteTestClassProcessor.stop(SuiteTestClassProcessor.java:62)
	at java.base@11.0.18/jdk.internal.reflect.NativeMethodAccessorImpl.invoke0(Native Method)
	at java.base@11.0.18/jdk.internal.reflect.NativeMethodAccessorImpl.invoke(NativeMethodAccessorImpl.java:62)
	at java.base@11.0.18/jdk.internal.reflect.DelegatingMethodAccessorImpl.invoke(DelegatingMethodAccessorImpl.java:43)
	at java.base@11.0.18/java.lang.reflect.Method.invoke(Method.java:566)
	at org.gradle.internal.dispatch.ReflectionDispatch.dispatch(ReflectionDispatch.java:36)
	at org.gradle.internal.dispatch.ReflectionDispatch.dispatch(ReflectionDispatch.java:24)
	at org.gradle.internal.dispatch.ContextClassLoaderDispatch.dispatch(ContextClassLoaderDispatch.java:33)
	at org.gradle.internal.dispatch.ProxyDispatchAdapter$DispatchingInvocationHandler.invoke(ProxyDispatchAdapter.java:94)
	at com.sun.proxy.$Proxy2.stop(Unknown Source)
	at org.gradle.api.internal.tasks.testing.worker.TestWorker$3.run(TestWorker.java:193)
	at org.gradle.api.internal.tasks.testing.worker.TestWorker.executeAndMaintainThreadName(TestWorker.java:129)
	at org.gradle.api.internal.tasks.testing.worker.TestWorker.execute(TestWorker.java:100)
	at org.gradle.api.internal.tasks.testing.worker.TestWorker.execute(TestWorker.java:60)
	at org.gradle.process.internal.worker.child.ActionExecutionWorker.execute(ActionExecutionWorker.java:56)
	at org.gradle.process.internal.worker.child.SystemApplicationClassLoaderWorker.call(SystemApplicationClassLoaderWorker.java:113)
	at org.gradle.process.internal.worker.child.SystemApplicationClassLoaderWorker.call(SystemApplicationClassLoaderWorker.java:65)
	at app//worker.org.gradle.process.internal.worker.GradleWorkerMain.run(GradleWorkerMain.java:69)
	at app//worker.org.gradle.process.internal.worker.GradleWorkerMain.main(GradleWorkerMain.java:74)
</failure>
  </testcase>
  <testcase name="quicksort" classname="de.uka.ilkd.key.proof.runallproofs.RunAllProofsFunctional" time="1.097">
    <failure message="org.opentest4j.AssertionFailedError: Executed process terminated with non-zero exit value. ==&gt; expected: &lt;0&gt; but was: &lt;1&gt;" type="org.opentest4j.AssertionFailedError">org.opentest4j.AssertionFailedError: Executed process terminated with non-zero exit value. ==&gt; expected: &lt;0&gt; but was: &lt;1&gt;
	at app//org.junit.jupiter.api.AssertionUtils.fail(AssertionUtils.java:55)
	at app//org.junit.jupiter.api.AssertionUtils.failNotEqual(AssertionUtils.java:62)
	at app//org.junit.jupiter.api.AssertEquals.assertEquals(AssertEquals.java:150)
	at app//org.junit.jupiter.api.Assertions.assertEquals(Assertions.java:559)
	at app//de.uka.ilkd.key.proof.runallproofs.proofcollection.ForkedTestFileRunner.processTestFiles(ForkedTestFileRunner.java:129)
	at app//de.uka.ilkd.key.proof.runallproofs.RunAllProofsTestUnit.runTest(RunAllProofsTestUnit.java:85)
	at app//de.uka.ilkd.key.proof.runallproofs.RunAllProofsTest.lambda$data$0(RunAllProofsTest.java:83)
	at app//org.junit.jupiter.engine.descriptor.DynamicTestTestDescriptor.lambda$execute$0(DynamicTestTestDescriptor.java:53)
	at app//org.junit.jupiter.engine.execution.InvocationInterceptorChain$ValidatingInvocation.proceed(InvocationInterceptorChain.java:131)
	at app//org.junit.jupiter.api.extension.InvocationInterceptor.interceptDynamicTest(InvocationInterceptor.java:167)
	at app//org.junit.jupiter.api.extension.InvocationInterceptor.interceptDynamicTest(InvocationInterceptor.java:184)
	at app//org.junit.jupiter.engine.descriptor.DynamicTestTestDescriptor.lambda$execute$1(DynamicTestTestDescriptor.java:61)
	at app//org.junit.jupiter.engine.execution.InvocationInterceptorChain$InterceptorCall.lambda$ofVoid$0(InvocationInterceptorChain.java:78)
	at app//org.junit.jupiter.engine.execution.InvocationInterceptorChain$InterceptedInvocation.proceed(InvocationInterceptorChain.java:106)
	at app//org.junit.jupiter.engine.execution.InvocationInterceptorChain.proceed(InvocationInterceptorChain.java:64)
	at app//org.junit.jupiter.engine.execution.InvocationInterceptorChain.chainAndInvoke(InvocationInterceptorChain.java:45)
	at app//org.junit.jupiter.engine.execution.InvocationInterceptorChain.invoke(InvocationInterceptorChain.java:37)
	at app//org.junit.jupiter.engine.descriptor.DynamicTestTestDescriptor.execute(DynamicTestTestDescriptor.java:60)
	at app//org.junit.jupiter.engine.descriptor.DynamicTestTestDescriptor.execute(DynamicTestTestDescriptor.java:32)
	at app//org.junit.platform.engine.support.hierarchical.NodeTestTask.lambda$executeRecursively$6(NodeTestTask.java:151)
	at app//org.junit.platform.engine.support.hierarchical.ThrowableCollector.execute(ThrowableCollector.java:73)
	at app//org.junit.platform.engine.support.hierarchical.NodeTestTask.lambda$executeRecursively$8(NodeTestTask.java:141)
	at app//org.junit.platform.engine.support.hierarchical.Node.around(Node.java:137)
	at app//org.junit.platform.engine.support.hierarchical.NodeTestTask.lambda$executeRecursively$9(NodeTestTask.java:139)
	at app//org.junit.platform.engine.support.hierarchical.ThrowableCollector.execute(ThrowableCollector.java:73)
	at app//org.junit.platform.engine.support.hierarchical.NodeTestTask.executeRecursively(NodeTestTask.java:138)
	at app//org.junit.platform.engine.support.hierarchical.NodeTestTask.execute(NodeTestTask.java:95)
	at app//org.junit.platform.engine.support.hierarchical.SameThreadHierarchicalTestExecutorService.submit(SameThreadHierarchicalTestExecutorService.java:35)
	at app//org.junit.platform.engine.support.hierarchical.NodeTestTask$DefaultDynamicTestExecutor.execute(NodeTestTask.java:226)
	at app//org.junit.platform.engine.support.hierarchical.NodeTestTask$DefaultDynamicTestExecutor.execute(NodeTestTask.java:204)
	at java.base@11.0.18/java.util.Optional.ifPresent(Optional.java:183)
	at app//org.junit.jupiter.engine.descriptor.TestFactoryTestDescriptor.lambda$invokeTestMethod$1(TestFactoryTestDescriptor.java:108)
	at app//org.junit.platform.engine.support.hierarchical.ThrowableCollector.execute(ThrowableCollector.java:73)
	at app//org.junit.jupiter.engine.descriptor.TestFactoryTestDescriptor.invokeTestMethod(TestFactoryTestDescriptor.java:95)
	at app//org.junit.jupiter.engine.descriptor.TestMethodTestDescriptor.execute(TestMethodTestDescriptor.java:135)
	at app//org.junit.jupiter.engine.descriptor.TestMethodTestDescriptor.execute(TestMethodTestDescriptor.java:66)
	at app//org.junit.platform.engine.support.hierarchical.NodeTestTask.lambda$executeRecursively$6(NodeTestTask.java:151)
	at app//org.junit.platform.engine.support.hierarchical.ThrowableCollector.execute(ThrowableCollector.java:73)
	at app//org.junit.platform.engine.support.hierarchical.NodeTestTask.lambda$executeRecursively$8(NodeTestTask.java:141)
	at app//org.junit.platform.engine.support.hierarchical.Node.around(Node.java:137)
	at app//org.junit.platform.engine.support.hierarchical.NodeTestTask.lambda$executeRecursively$9(NodeTestTask.java:139)
	at app//org.junit.platform.engine.support.hierarchical.ThrowableCollector.execute(ThrowableCollector.java:73)
	at app//org.junit.platform.engine.support.hierarchical.NodeTestTask.executeRecursively(NodeTestTask.java:138)
	at app//org.junit.platform.engine.support.hierarchical.NodeTestTask.execute(NodeTestTask.java:95)
	at java.base@11.0.18/java.util.ArrayList.forEach(ArrayList.java:1541)
	at app//org.junit.platform.engine.support.hierarchical.SameThreadHierarchicalTestExecutorService.invokeAll(SameThreadHierarchicalTestExecutorService.java:41)
	at app//org.junit.platform.engine.support.hierarchical.NodeTestTask.lambda$executeRecursively$6(NodeTestTask.java:155)
	at app//org.junit.platform.engine.support.hierarchical.ThrowableCollector.execute(ThrowableCollector.java:73)
	at app//org.junit.platform.engine.support.hierarchical.NodeTestTask.lambda$executeRecursively$8(NodeTestTask.java:141)
	at app//org.junit.platform.engine.support.hierarchical.Node.around(Node.java:137)
	at app//org.junit.platform.engine.support.hierarchical.NodeTestTask.lambda$executeRecursively$9(NodeTestTask.java:139)
	at app//org.junit.platform.engine.support.hierarchical.ThrowableCollector.execute(ThrowableCollector.java:73)
	at app//org.junit.platform.engine.support.hierarchical.NodeTestTask.executeRecursively(NodeTestTask.java:138)
	at app//org.junit.platform.engine.support.hierarchical.NodeTestTask.execute(NodeTestTask.java:95)
	at java.base@11.0.18/java.util.ArrayList.forEach(ArrayList.java:1541)
	at app//org.junit.platform.engine.support.hierarchical.SameThreadHierarchicalTestExecutorService.invokeAll(SameThreadHierarchicalTestExecutorService.java:41)
	at app//org.junit.platform.engine.support.hierarchical.NodeTestTask.lambda$executeRecursively$6(NodeTestTask.java:155)
	at app//org.junit.platform.engine.support.hierarchical.ThrowableCollector.execute(ThrowableCollector.java:73)
	at app//org.junit.platform.engine.support.hierarchical.NodeTestTask.lambda$executeRecursively$8(NodeTestTask.java:141)
	at app//org.junit.platform.engine.support.hierarchical.Node.around(Node.java:137)
	at app//org.junit.platform.engine.support.hierarchical.NodeTestTask.lambda$executeRecursively$9(NodeTestTask.java:139)
	at app//org.junit.platform.engine.support.hierarchical.ThrowableCollector.execute(ThrowableCollector.java:73)
	at app//org.junit.platform.engine.support.hierarchical.NodeTestTask.executeRecursively(NodeTestTask.java:138)
	at app//org.junit.platform.engine.support.hierarchical.NodeTestTask.execute(NodeTestTask.java:95)
	at app//org.junit.platform.engine.support.hierarchical.SameThreadHierarchicalTestExecutorService.submit(SameThreadHierarchicalTestExecutorService.java:35)
	at app//org.junit.platform.engine.support.hierarchical.HierarchicalTestExecutor.execute(HierarchicalTestExecutor.java:57)
	at app//org.junit.platform.engine.support.hierarchical.HierarchicalTestEngine.execute(HierarchicalTestEngine.java:54)
	at org.junit.platform.launcher.core.EngineExecutionOrchestrator.execute(EngineExecutionOrchestrator.java:107)
	at org.junit.platform.launcher.core.EngineExecutionOrchestrator.execute(EngineExecutionOrchestrator.java:88)
	at org.junit.platform.launcher.core.EngineExecutionOrchestrator.lambda$execute$0(EngineExecutionOrchestrator.java:54)
	at org.junit.platform.launcher.core.EngineExecutionOrchestrator.withInterceptedStreams(EngineExecutionOrchestrator.java:67)
	at org.junit.platform.launcher.core.EngineExecutionOrchestrator.execute(EngineExecutionOrchestrator.java:52)
	at org.junit.platform.launcher.core.DefaultLauncher.execute(DefaultLauncher.java:114)
	at org.junit.platform.launcher.core.DefaultLauncher.execute(DefaultLauncher.java:86)
	at org.junit.platform.launcher.core.DefaultLauncherSession$DelegatingLauncher.execute(DefaultLauncherSession.java:86)
	at org.junit.platform.launcher.core.SessionPerRequestLauncher.execute(SessionPerRequestLauncher.java:53)
	at org.gradle.api.internal.tasks.testing.junitplatform.JUnitPlatformTestClassProcessor$CollectAllTestClassesExecutor.processAllTestClasses(JUnitPlatformTestClassProcessor.java:99)
	at org.gradle.api.internal.tasks.testing.junitplatform.JUnitPlatformTestClassProcessor$CollectAllTestClassesExecutor.access$000(JUnitPlatformTestClassProcessor.java:79)
	at org.gradle.api.internal.tasks.testing.junitplatform.JUnitPlatformTestClassProcessor.stop(JUnitPlatformTestClassProcessor.java:75)
	at org.gradle.api.internal.tasks.testing.SuiteTestClassProcessor.stop(SuiteTestClassProcessor.java:62)
	at java.base@11.0.18/jdk.internal.reflect.NativeMethodAccessorImpl.invoke0(Native Method)
	at java.base@11.0.18/jdk.internal.reflect.NativeMethodAccessorImpl.invoke(NativeMethodAccessorImpl.java:62)
	at java.base@11.0.18/jdk.internal.reflect.DelegatingMethodAccessorImpl.invoke(DelegatingMethodAccessorImpl.java:43)
	at java.base@11.0.18/java.lang.reflect.Method.invoke(Method.java:566)
	at org.gradle.internal.dispatch.ReflectionDispatch.dispatch(ReflectionDispatch.java:36)
	at org.gradle.internal.dispatch.ReflectionDispatch.dispatch(ReflectionDispatch.java:24)
	at org.gradle.internal.dispatch.ContextClassLoaderDispatch.dispatch(ContextClassLoaderDispatch.java:33)
	at org.gradle.internal.dispatch.ProxyDispatchAdapter$DispatchingInvocationHandler.invoke(ProxyDispatchAdapter.java:94)
	at com.sun.proxy.$Proxy2.stop(Unknown Source)
	at org.gradle.api.internal.tasks.testing.worker.TestWorker$3.run(TestWorker.java:193)
	at org.gradle.api.internal.tasks.testing.worker.TestWorker.executeAndMaintainThreadName(TestWorker.java:129)
	at org.gradle.api.internal.tasks.testing.worker.TestWorker.execute(TestWorker.java:100)
	at org.gradle.api.internal.tasks.testing.worker.TestWorker.execute(TestWorker.java:60)
	at org.gradle.process.internal.worker.child.ActionExecutionWorker.execute(ActionExecutionWorker.java:56)
	at org.gradle.process.internal.worker.child.SystemApplicationClassLoaderWorker.call(SystemApplicationClassLoaderWorker.java:113)
	at org.gradle.process.internal.worker.child.SystemApplicationClassLoaderWorker.call(SystemApplicationClassLoaderWorker.java:65)
	at app//worker.org.gradle.process.internal.worker.GradleWorkerMain.run(GradleWorkerMain.java:69)
	at app//worker.org.gradle.process.internal.worker.GradleWorkerMain.main(GradleWorkerMain.java:74)
</failure>
  </testcase>
  <testcase name="simpleTests" classname="de.uka.ilkd.key.proof.runallproofs.RunAllProofsFunctional" time="1.579">
    <failure message="org.opentest4j.AssertionFailedError: Executed process terminated with non-zero exit value. ==&gt; expected: &lt;0&gt; but was: &lt;1&gt;" type="org.opentest4j.AssertionFailedError">org.opentest4j.AssertionFailedError: Executed process terminated with non-zero exit value. ==&gt; expected: &lt;0&gt; but was: &lt;1&gt;
	at app//org.junit.jupiter.api.AssertionUtils.fail(AssertionUtils.java:55)
	at app//org.junit.jupiter.api.AssertionUtils.failNotEqual(AssertionUtils.java:62)
	at app//org.junit.jupiter.api.AssertEquals.assertEquals(AssertEquals.java:150)
	at app//org.junit.jupiter.api.Assertions.assertEquals(Assertions.java:559)
	at app//de.uka.ilkd.key.proof.runallproofs.proofcollection.ForkedTestFileRunner.processTestFiles(ForkedTestFileRunner.java:129)
	at app//de.uka.ilkd.key.proof.runallproofs.RunAllProofsTestUnit.runTest(RunAllProofsTestUnit.java:85)
	at app//de.uka.ilkd.key.proof.runallproofs.RunAllProofsTest.lambda$data$0(RunAllProofsTest.java:83)
	at app//org.junit.jupiter.engine.descriptor.DynamicTestTestDescriptor.lambda$execute$0(DynamicTestTestDescriptor.java:53)
	at app//org.junit.jupiter.engine.execution.InvocationInterceptorChain$ValidatingInvocation.proceed(InvocationInterceptorChain.java:131)
	at app//org.junit.jupiter.api.extension.InvocationInterceptor.interceptDynamicTest(InvocationInterceptor.java:167)
	at app//org.junit.jupiter.api.extension.InvocationInterceptor.interceptDynamicTest(InvocationInterceptor.java:184)
	at app//org.junit.jupiter.engine.descriptor.DynamicTestTestDescriptor.lambda$execute$1(DynamicTestTestDescriptor.java:61)
	at app//org.junit.jupiter.engine.execution.InvocationInterceptorChain$InterceptorCall.lambda$ofVoid$0(InvocationInterceptorChain.java:78)
	at app//org.junit.jupiter.engine.execution.InvocationInterceptorChain$InterceptedInvocation.proceed(InvocationInterceptorChain.java:106)
	at app//org.junit.jupiter.engine.execution.InvocationInterceptorChain.proceed(InvocationInterceptorChain.java:64)
	at app//org.junit.jupiter.engine.execution.InvocationInterceptorChain.chainAndInvoke(InvocationInterceptorChain.java:45)
	at app//org.junit.jupiter.engine.execution.InvocationInterceptorChain.invoke(InvocationInterceptorChain.java:37)
	at app//org.junit.jupiter.engine.descriptor.DynamicTestTestDescriptor.execute(DynamicTestTestDescriptor.java:60)
	at app//org.junit.jupiter.engine.descriptor.DynamicTestTestDescriptor.execute(DynamicTestTestDescriptor.java:32)
	at app//org.junit.platform.engine.support.hierarchical.NodeTestTask.lambda$executeRecursively$6(NodeTestTask.java:151)
	at app//org.junit.platform.engine.support.hierarchical.ThrowableCollector.execute(ThrowableCollector.java:73)
	at app//org.junit.platform.engine.support.hierarchical.NodeTestTask.lambda$executeRecursively$8(NodeTestTask.java:141)
	at app//org.junit.platform.engine.support.hierarchical.Node.around(Node.java:137)
	at app//org.junit.platform.engine.support.hierarchical.NodeTestTask.lambda$executeRecursively$9(NodeTestTask.java:139)
	at app//org.junit.platform.engine.support.hierarchical.ThrowableCollector.execute(ThrowableCollector.java:73)
	at app//org.junit.platform.engine.support.hierarchical.NodeTestTask.executeRecursively(NodeTestTask.java:138)
	at app//org.junit.platform.engine.support.hierarchical.NodeTestTask.execute(NodeTestTask.java:95)
	at app//org.junit.platform.engine.support.hierarchical.SameThreadHierarchicalTestExecutorService.submit(SameThreadHierarchicalTestExecutorService.java:35)
	at app//org.junit.platform.engine.support.hierarchical.NodeTestTask$DefaultDynamicTestExecutor.execute(NodeTestTask.java:226)
	at app//org.junit.platform.engine.support.hierarchical.NodeTestTask$DefaultDynamicTestExecutor.execute(NodeTestTask.java:204)
	at java.base@11.0.18/java.util.Optional.ifPresent(Optional.java:183)
	at app//org.junit.jupiter.engine.descriptor.TestFactoryTestDescriptor.lambda$invokeTestMethod$1(TestFactoryTestDescriptor.java:108)
	at app//org.junit.platform.engine.support.hierarchical.ThrowableCollector.execute(ThrowableCollector.java:73)
	at app//org.junit.jupiter.engine.descriptor.TestFactoryTestDescriptor.invokeTestMethod(TestFactoryTestDescriptor.java:95)
	at app//org.junit.jupiter.engine.descriptor.TestMethodTestDescriptor.execute(TestMethodTestDescriptor.java:135)
	at app//org.junit.jupiter.engine.descriptor.TestMethodTestDescriptor.execute(TestMethodTestDescriptor.java:66)
	at app//org.junit.platform.engine.support.hierarchical.NodeTestTask.lambda$executeRecursively$6(NodeTestTask.java:151)
	at app//org.junit.platform.engine.support.hierarchical.ThrowableCollector.execute(ThrowableCollector.java:73)
	at app//org.junit.platform.engine.support.hierarchical.NodeTestTask.lambda$executeRecursively$8(NodeTestTask.java:141)
	at app//org.junit.platform.engine.support.hierarchical.Node.around(Node.java:137)
	at app//org.junit.platform.engine.support.hierarchical.NodeTestTask.lambda$executeRecursively$9(NodeTestTask.java:139)
	at app//org.junit.platform.engine.support.hierarchical.ThrowableCollector.execute(ThrowableCollector.java:73)
	at app//org.junit.platform.engine.support.hierarchical.NodeTestTask.executeRecursively(NodeTestTask.java:138)
	at app//org.junit.platform.engine.support.hierarchical.NodeTestTask.execute(NodeTestTask.java:95)
	at java.base@11.0.18/java.util.ArrayList.forEach(ArrayList.java:1541)
	at app//org.junit.platform.engine.support.hierarchical.SameThreadHierarchicalTestExecutorService.invokeAll(SameThreadHierarchicalTestExecutorService.java:41)
	at app//org.junit.platform.engine.support.hierarchical.NodeTestTask.lambda$executeRecursively$6(NodeTestTask.java:155)
	at app//org.junit.platform.engine.support.hierarchical.ThrowableCollector.execute(ThrowableCollector.java:73)
	at app//org.junit.platform.engine.support.hierarchical.NodeTestTask.lambda$executeRecursively$8(NodeTestTask.java:141)
	at app//org.junit.platform.engine.support.hierarchical.Node.around(Node.java:137)
	at app//org.junit.platform.engine.support.hierarchical.NodeTestTask.lambda$executeRecursively$9(NodeTestTask.java:139)
	at app//org.junit.platform.engine.support.hierarchical.ThrowableCollector.execute(ThrowableCollector.java:73)
	at app//org.junit.platform.engine.support.hierarchical.NodeTestTask.executeRecursively(NodeTestTask.java:138)
	at app//org.junit.platform.engine.support.hierarchical.NodeTestTask.execute(NodeTestTask.java:95)
	at java.base@11.0.18/java.util.ArrayList.forEach(ArrayList.java:1541)
	at app//org.junit.platform.engine.support.hierarchical.SameThreadHierarchicalTestExecutorService.invokeAll(SameThreadHierarchicalTestExecutorService.java:41)
	at app//org.junit.platform.engine.support.hierarchical.NodeTestTask.lambda$executeRecursively$6(NodeTestTask.java:155)
	at app//org.junit.platform.engine.support.hierarchical.ThrowableCollector.execute(ThrowableCollector.java:73)
	at app//org.junit.platform.engine.support.hierarchical.NodeTestTask.lambda$executeRecursively$8(NodeTestTask.java:141)
	at app//org.junit.platform.engine.support.hierarchical.Node.around(Node.java:137)
	at app//org.junit.platform.engine.support.hierarchical.NodeTestTask.lambda$executeRecursively$9(NodeTestTask.java:139)
	at app//org.junit.platform.engine.support.hierarchical.ThrowableCollector.execute(ThrowableCollector.java:73)
	at app//org.junit.platform.engine.support.hierarchical.NodeTestTask.executeRecursively(NodeTestTask.java:138)
	at app//org.junit.platform.engine.support.hierarchical.NodeTestTask.execute(NodeTestTask.java:95)
	at app//org.junit.platform.engine.support.hierarchical.SameThreadHierarchicalTestExecutorService.submit(SameThreadHierarchicalTestExecutorService.java:35)
	at app//org.junit.platform.engine.support.hierarchical.HierarchicalTestExecutor.execute(HierarchicalTestExecutor.java:57)
	at app//org.junit.platform.engine.support.hierarchical.HierarchicalTestEngine.execute(HierarchicalTestEngine.java:54)
	at org.junit.platform.launcher.core.EngineExecutionOrchestrator.execute(EngineExecutionOrchestrator.java:107)
	at org.junit.platform.launcher.core.EngineExecutionOrchestrator.execute(EngineExecutionOrchestrator.java:88)
	at org.junit.platform.launcher.core.EngineExecutionOrchestrator.lambda$execute$0(EngineExecutionOrchestrator.java:54)
	at org.junit.platform.launcher.core.EngineExecutionOrchestrator.withInterceptedStreams(EngineExecutionOrchestrator.java:67)
	at org.junit.platform.launcher.core.EngineExecutionOrchestrator.execute(EngineExecutionOrchestrator.java:52)
	at org.junit.platform.launcher.core.DefaultLauncher.execute(DefaultLauncher.java:114)
	at org.junit.platform.launcher.core.DefaultLauncher.execute(DefaultLauncher.java:86)
	at org.junit.platform.launcher.core.DefaultLauncherSession$DelegatingLauncher.execute(DefaultLauncherSession.java:86)
	at org.junit.platform.launcher.core.SessionPerRequestLauncher.execute(SessionPerRequestLauncher.java:53)
	at org.gradle.api.internal.tasks.testing.junitplatform.JUnitPlatformTestClassProcessor$CollectAllTestClassesExecutor.processAllTestClasses(JUnitPlatformTestClassProcessor.java:99)
	at org.gradle.api.internal.tasks.testing.junitplatform.JUnitPlatformTestClassProcessor$CollectAllTestClassesExecutor.access$000(JUnitPlatformTestClassProcessor.java:79)
	at org.gradle.api.internal.tasks.testing.junitplatform.JUnitPlatformTestClassProcessor.stop(JUnitPlatformTestClassProcessor.java:75)
	at org.gradle.api.internal.tasks.testing.SuiteTestClassProcessor.stop(SuiteTestClassProcessor.java:62)
	at java.base@11.0.18/jdk.internal.reflect.NativeMethodAccessorImpl.invoke0(Native Method)
	at java.base@11.0.18/jdk.internal.reflect.NativeMethodAccessorImpl.invoke(NativeMethodAccessorImpl.java:62)
	at java.base@11.0.18/jdk.internal.reflect.DelegatingMethodAccessorImpl.invoke(DelegatingMethodAccessorImpl.java:43)
	at java.base@11.0.18/java.lang.reflect.Method.invoke(Method.java:566)
	at org.gradle.internal.dispatch.ReflectionDispatch.dispatch(ReflectionDispatch.java:36)
	at org.gradle.internal.dispatch.ReflectionDispatch.dispatch(ReflectionDispatch.java:24)
	at org.gradle.internal.dispatch.ContextClassLoaderDispatch.dispatch(ContextClassLoaderDispatch.java:33)
	at org.gradle.internal.dispatch.ProxyDispatchAdapter$DispatchingInvocationHandler.invoke(ProxyDispatchAdapter.java:94)
	at com.sun.proxy.$Proxy2.stop(Unknown Source)
	at org.gradle.api.internal.tasks.testing.worker.TestWorker$3.run(TestWorker.java:193)
	at org.gradle.api.internal.tasks.testing.worker.TestWorker.executeAndMaintainThreadName(TestWorker.java:129)
	at org.gradle.api.internal.tasks.testing.worker.TestWorker.execute(TestWorker.java:100)
	at org.gradle.api.internal.tasks.testing.worker.TestWorker.execute(TestWorker.java:60)
	at org.gradle.process.internal.worker.child.ActionExecutionWorker.execute(ActionExecutionWorker.java:56)
	at org.gradle.process.internal.worker.child.SystemApplicationClassLoaderWorker.call(SystemApplicationClassLoaderWorker.java:113)
	at org.gradle.process.internal.worker.child.SystemApplicationClassLoaderWorker.call(SystemApplicationClassLoaderWorker.java:65)
	at app//worker.org.gradle.process.internal.worker.GradleWorkerMain.run(GradleWorkerMain.java:69)
	at app//worker.org.gradle.process.internal.worker.GradleWorkerMain.main(GradleWorkerMain.java:74)
</failure>
  </testcase>
  <testcase name="SmansEtAl" classname="de.uka.ilkd.key.proof.runallproofs.RunAllProofsFunctional" time="1.562">
    <failure message="org.opentest4j.AssertionFailedError: Executed process terminated with non-zero exit value. ==&gt; expected: &lt;0&gt; but was: &lt;1&gt;" type="org.opentest4j.AssertionFailedError">org.opentest4j.AssertionFailedError: Executed process terminated with non-zero exit value. ==&gt; expected: &lt;0&gt; but was: &lt;1&gt;
	at app//org.junit.jupiter.api.AssertionUtils.fail(AssertionUtils.java:55)
	at app//org.junit.jupiter.api.AssertionUtils.failNotEqual(AssertionUtils.java:62)
	at app//org.junit.jupiter.api.AssertEquals.assertEquals(AssertEquals.java:150)
	at app//org.junit.jupiter.api.Assertions.assertEquals(Assertions.java:559)
	at app//de.uka.ilkd.key.proof.runallproofs.proofcollection.ForkedTestFileRunner.processTestFiles(ForkedTestFileRunner.java:129)
	at app//de.uka.ilkd.key.proof.runallproofs.RunAllProofsTestUnit.runTest(RunAllProofsTestUnit.java:85)
	at app//de.uka.ilkd.key.proof.runallproofs.RunAllProofsTest.lambda$data$0(RunAllProofsTest.java:83)
	at app//org.junit.jupiter.engine.descriptor.DynamicTestTestDescriptor.lambda$execute$0(DynamicTestTestDescriptor.java:53)
	at app//org.junit.jupiter.engine.execution.InvocationInterceptorChain$ValidatingInvocation.proceed(InvocationInterceptorChain.java:131)
	at app//org.junit.jupiter.api.extension.InvocationInterceptor.interceptDynamicTest(InvocationInterceptor.java:167)
	at app//org.junit.jupiter.api.extension.InvocationInterceptor.interceptDynamicTest(InvocationInterceptor.java:184)
	at app//org.junit.jupiter.engine.descriptor.DynamicTestTestDescriptor.lambda$execute$1(DynamicTestTestDescriptor.java:61)
	at app//org.junit.jupiter.engine.execution.InvocationInterceptorChain$InterceptorCall.lambda$ofVoid$0(InvocationInterceptorChain.java:78)
	at app//org.junit.jupiter.engine.execution.InvocationInterceptorChain$InterceptedInvocation.proceed(InvocationInterceptorChain.java:106)
	at app//org.junit.jupiter.engine.execution.InvocationInterceptorChain.proceed(InvocationInterceptorChain.java:64)
	at app//org.junit.jupiter.engine.execution.InvocationInterceptorChain.chainAndInvoke(InvocationInterceptorChain.java:45)
	at app//org.junit.jupiter.engine.execution.InvocationInterceptorChain.invoke(InvocationInterceptorChain.java:37)
	at app//org.junit.jupiter.engine.descriptor.DynamicTestTestDescriptor.execute(DynamicTestTestDescriptor.java:60)
	at app//org.junit.jupiter.engine.descriptor.DynamicTestTestDescriptor.execute(DynamicTestTestDescriptor.java:32)
	at app//org.junit.platform.engine.support.hierarchical.NodeTestTask.lambda$executeRecursively$6(NodeTestTask.java:151)
	at app//org.junit.platform.engine.support.hierarchical.ThrowableCollector.execute(ThrowableCollector.java:73)
	at app//org.junit.platform.engine.support.hierarchical.NodeTestTask.lambda$executeRecursively$8(NodeTestTask.java:141)
	at app//org.junit.platform.engine.support.hierarchical.Node.around(Node.java:137)
	at app//org.junit.platform.engine.support.hierarchical.NodeTestTask.lambda$executeRecursively$9(NodeTestTask.java:139)
	at app//org.junit.platform.engine.support.hierarchical.ThrowableCollector.execute(ThrowableCollector.java:73)
	at app//org.junit.platform.engine.support.hierarchical.NodeTestTask.executeRecursively(NodeTestTask.java:138)
	at app//org.junit.platform.engine.support.hierarchical.NodeTestTask.execute(NodeTestTask.java:95)
	at app//org.junit.platform.engine.support.hierarchical.SameThreadHierarchicalTestExecutorService.submit(SameThreadHierarchicalTestExecutorService.java:35)
	at app//org.junit.platform.engine.support.hierarchical.NodeTestTask$DefaultDynamicTestExecutor.execute(NodeTestTask.java:226)
	at app//org.junit.platform.engine.support.hierarchical.NodeTestTask$DefaultDynamicTestExecutor.execute(NodeTestTask.java:204)
	at java.base@11.0.18/java.util.Optional.ifPresent(Optional.java:183)
	at app//org.junit.jupiter.engine.descriptor.TestFactoryTestDescriptor.lambda$invokeTestMethod$1(TestFactoryTestDescriptor.java:108)
	at app//org.junit.platform.engine.support.hierarchical.ThrowableCollector.execute(ThrowableCollector.java:73)
	at app//org.junit.jupiter.engine.descriptor.TestFactoryTestDescriptor.invokeTestMethod(TestFactoryTestDescriptor.java:95)
	at app//org.junit.jupiter.engine.descriptor.TestMethodTestDescriptor.execute(TestMethodTestDescriptor.java:135)
	at app//org.junit.jupiter.engine.descriptor.TestMethodTestDescriptor.execute(TestMethodTestDescriptor.java:66)
	at app//org.junit.platform.engine.support.hierarchical.NodeTestTask.lambda$executeRecursively$6(NodeTestTask.java:151)
	at app//org.junit.platform.engine.support.hierarchical.ThrowableCollector.execute(ThrowableCollector.java:73)
	at app//org.junit.platform.engine.support.hierarchical.NodeTestTask.lambda$executeRecursively$8(NodeTestTask.java:141)
	at app//org.junit.platform.engine.support.hierarchical.Node.around(Node.java:137)
	at app//org.junit.platform.engine.support.hierarchical.NodeTestTask.lambda$executeRecursively$9(NodeTestTask.java:139)
	at app//org.junit.platform.engine.support.hierarchical.ThrowableCollector.execute(ThrowableCollector.java:73)
	at app//org.junit.platform.engine.support.hierarchical.NodeTestTask.executeRecursively(NodeTestTask.java:138)
	at app//org.junit.platform.engine.support.hierarchical.NodeTestTask.execute(NodeTestTask.java:95)
	at java.base@11.0.18/java.util.ArrayList.forEach(ArrayList.java:1541)
	at app//org.junit.platform.engine.support.hierarchical.SameThreadHierarchicalTestExecutorService.invokeAll(SameThreadHierarchicalTestExecutorService.java:41)
	at app//org.junit.platform.engine.support.hierarchical.NodeTestTask.lambda$executeRecursively$6(NodeTestTask.java:155)
	at app//org.junit.platform.engine.support.hierarchical.ThrowableCollector.execute(ThrowableCollector.java:73)
	at app//org.junit.platform.engine.support.hierarchical.NodeTestTask.lambda$executeRecursively$8(NodeTestTask.java:141)
	at app//org.junit.platform.engine.support.hierarchical.Node.around(Node.java:137)
	at app//org.junit.platform.engine.support.hierarchical.NodeTestTask.lambda$executeRecursively$9(NodeTestTask.java:139)
	at app//org.junit.platform.engine.support.hierarchical.ThrowableCollector.execute(ThrowableCollector.java:73)
	at app//org.junit.platform.engine.support.hierarchical.NodeTestTask.executeRecursively(NodeTestTask.java:138)
	at app//org.junit.platform.engine.support.hierarchical.NodeTestTask.execute(NodeTestTask.java:95)
	at java.base@11.0.18/java.util.ArrayList.forEach(ArrayList.java:1541)
	at app//org.junit.platform.engine.support.hierarchical.SameThreadHierarchicalTestExecutorService.invokeAll(SameThreadHierarchicalTestExecutorService.java:41)
	at app//org.junit.platform.engine.support.hierarchical.NodeTestTask.lambda$executeRecursively$6(NodeTestTask.java:155)
	at app//org.junit.platform.engine.support.hierarchical.ThrowableCollector.execute(ThrowableCollector.java:73)
	at app//org.junit.platform.engine.support.hierarchical.NodeTestTask.lambda$executeRecursively$8(NodeTestTask.java:141)
	at app//org.junit.platform.engine.support.hierarchical.Node.around(Node.java:137)
	at app//org.junit.platform.engine.support.hierarchical.NodeTestTask.lambda$executeRecursively$9(NodeTestTask.java:139)
	at app//org.junit.platform.engine.support.hierarchical.ThrowableCollector.execute(ThrowableCollector.java:73)
	at app//org.junit.platform.engine.support.hierarchical.NodeTestTask.executeRecursively(NodeTestTask.java:138)
	at app//org.junit.platform.engine.support.hierarchical.NodeTestTask.execute(NodeTestTask.java:95)
	at app//org.junit.platform.engine.support.hierarchical.SameThreadHierarchicalTestExecutorService.submit(SameThreadHierarchicalTestExecutorService.java:35)
	at app//org.junit.platform.engine.support.hierarchical.HierarchicalTestExecutor.execute(HierarchicalTestExecutor.java:57)
	at app//org.junit.platform.engine.support.hierarchical.HierarchicalTestEngine.execute(HierarchicalTestEngine.java:54)
	at org.junit.platform.launcher.core.EngineExecutionOrchestrator.execute(EngineExecutionOrchestrator.java:107)
	at org.junit.platform.launcher.core.EngineExecutionOrchestrator.execute(EngineExecutionOrchestrator.java:88)
	at org.junit.platform.launcher.core.EngineExecutionOrchestrator.lambda$execute$0(EngineExecutionOrchestrator.java:54)
	at org.junit.platform.launcher.core.EngineExecutionOrchestrator.withInterceptedStreams(EngineExecutionOrchestrator.java:67)
	at org.junit.platform.launcher.core.EngineExecutionOrchestrator.execute(EngineExecutionOrchestrator.java:52)
	at org.junit.platform.launcher.core.DefaultLauncher.execute(DefaultLauncher.java:114)
	at org.junit.platform.launcher.core.DefaultLauncher.execute(DefaultLauncher.java:86)
	at org.junit.platform.launcher.core.DefaultLauncherSession$DelegatingLauncher.execute(DefaultLauncherSession.java:86)
	at org.junit.platform.launcher.core.SessionPerRequestLauncher.execute(SessionPerRequestLauncher.java:53)
	at org.gradle.api.internal.tasks.testing.junitplatform.JUnitPlatformTestClassProcessor$CollectAllTestClassesExecutor.processAllTestClasses(JUnitPlatformTestClassProcessor.java:99)
	at org.gradle.api.internal.tasks.testing.junitplatform.JUnitPlatformTestClassProcessor$CollectAllTestClassesExecutor.access$000(JUnitPlatformTestClassProcessor.java:79)
	at org.gradle.api.internal.tasks.testing.junitplatform.JUnitPlatformTestClassProcessor.stop(JUnitPlatformTestClassProcessor.java:75)
	at org.gradle.api.internal.tasks.testing.SuiteTestClassProcessor.stop(SuiteTestClassProcessor.java:62)
	at java.base@11.0.18/jdk.internal.reflect.NativeMethodAccessorImpl.invoke0(Native Method)
	at java.base@11.0.18/jdk.internal.reflect.NativeMethodAccessorImpl.invoke(NativeMethodAccessorImpl.java:62)
	at java.base@11.0.18/jdk.internal.reflect.DelegatingMethodAccessorImpl.invoke(DelegatingMethodAccessorImpl.java:43)
	at java.base@11.0.18/java.lang.reflect.Method.invoke(Method.java:566)
	at org.gradle.internal.dispatch.ReflectionDispatch.dispatch(ReflectionDispatch.java:36)
	at org.gradle.internal.dispatch.ReflectionDispatch.dispatch(ReflectionDispatch.java:24)
	at org.gradle.internal.dispatch.ContextClassLoaderDispatch.dispatch(ContextClassLoaderDispatch.java:33)
	at org.gradle.internal.dispatch.ProxyDispatchAdapter$DispatchingInvocationHandler.invoke(ProxyDispatchAdapter.java:94)
	at com.sun.proxy.$Proxy2.stop(Unknown Source)
	at org.gradle.api.internal.tasks.testing.worker.TestWorker$3.run(TestWorker.java:193)
	at org.gradle.api.internal.tasks.testing.worker.TestWorker.executeAndMaintainThreadName(TestWorker.java:129)
	at org.gradle.api.internal.tasks.testing.worker.TestWorker.execute(TestWorker.java:100)
	at org.gradle.api.internal.tasks.testing.worker.TestWorker.execute(TestWorker.java:60)
	at org.gradle.process.internal.worker.child.ActionExecutionWorker.execute(ActionExecutionWorker.java:56)
	at org.gradle.process.internal.worker.child.SystemApplicationClassLoaderWorker.call(SystemApplicationClassLoaderWorker.java:113)
	at org.gradle.process.internal.worker.child.SystemApplicationClassLoaderWorker.call(SystemApplicationClassLoaderWorker.java:65)
	at app//worker.org.gradle.process.internal.worker.GradleWorkerMain.run(GradleWorkerMain.java:69)
	at app//worker.org.gradle.process.internal.worker.GradleWorkerMain.main(GradleWorkerMain.java:74)
</failure>
  </testcase>
  <testcase name="VACID0" classname="de.uka.ilkd.key.proof.runallproofs.RunAllProofsFunctional" time="1.089">
    <failure message="org.opentest4j.AssertionFailedError: Executed process terminated with non-zero exit value. ==&gt; expected: &lt;0&gt; but was: &lt;1&gt;" type="org.opentest4j.AssertionFailedError">org.opentest4j.AssertionFailedError: Executed process terminated with non-zero exit value. ==&gt; expected: &lt;0&gt; but was: &lt;1&gt;
	at app//org.junit.jupiter.api.AssertionUtils.fail(AssertionUtils.java:55)
	at app//org.junit.jupiter.api.AssertionUtils.failNotEqual(AssertionUtils.java:62)
	at app//org.junit.jupiter.api.AssertEquals.assertEquals(AssertEquals.java:150)
	at app//org.junit.jupiter.api.Assertions.assertEquals(Assertions.java:559)
	at app//de.uka.ilkd.key.proof.runallproofs.proofcollection.ForkedTestFileRunner.processTestFiles(ForkedTestFileRunner.java:129)
	at app//de.uka.ilkd.key.proof.runallproofs.RunAllProofsTestUnit.runTest(RunAllProofsTestUnit.java:85)
	at app//de.uka.ilkd.key.proof.runallproofs.RunAllProofsTest.lambda$data$0(RunAllProofsTest.java:83)
	at app//org.junit.jupiter.engine.descriptor.DynamicTestTestDescriptor.lambda$execute$0(DynamicTestTestDescriptor.java:53)
	at app//org.junit.jupiter.engine.execution.InvocationInterceptorChain$ValidatingInvocation.proceed(InvocationInterceptorChain.java:131)
	at app//org.junit.jupiter.api.extension.InvocationInterceptor.interceptDynamicTest(InvocationInterceptor.java:167)
	at app//org.junit.jupiter.api.extension.InvocationInterceptor.interceptDynamicTest(InvocationInterceptor.java:184)
	at app//org.junit.jupiter.engine.descriptor.DynamicTestTestDescriptor.lambda$execute$1(DynamicTestTestDescriptor.java:61)
	at app//org.junit.jupiter.engine.execution.InvocationInterceptorChain$InterceptorCall.lambda$ofVoid$0(InvocationInterceptorChain.java:78)
	at app//org.junit.jupiter.engine.execution.InvocationInterceptorChain$InterceptedInvocation.proceed(InvocationInterceptorChain.java:106)
	at app//org.junit.jupiter.engine.execution.InvocationInterceptorChain.proceed(InvocationInterceptorChain.java:64)
	at app//org.junit.jupiter.engine.execution.InvocationInterceptorChain.chainAndInvoke(InvocationInterceptorChain.java:45)
	at app//org.junit.jupiter.engine.execution.InvocationInterceptorChain.invoke(InvocationInterceptorChain.java:37)
	at app//org.junit.jupiter.engine.descriptor.DynamicTestTestDescriptor.execute(DynamicTestTestDescriptor.java:60)
	at app//org.junit.jupiter.engine.descriptor.DynamicTestTestDescriptor.execute(DynamicTestTestDescriptor.java:32)
	at app//org.junit.platform.engine.support.hierarchical.NodeTestTask.lambda$executeRecursively$6(NodeTestTask.java:151)
	at app//org.junit.platform.engine.support.hierarchical.ThrowableCollector.execute(ThrowableCollector.java:73)
	at app//org.junit.platform.engine.support.hierarchical.NodeTestTask.lambda$executeRecursively$8(NodeTestTask.java:141)
	at app//org.junit.platform.engine.support.hierarchical.Node.around(Node.java:137)
	at app//org.junit.platform.engine.support.hierarchical.NodeTestTask.lambda$executeRecursively$9(NodeTestTask.java:139)
	at app//org.junit.platform.engine.support.hierarchical.ThrowableCollector.execute(ThrowableCollector.java:73)
	at app//org.junit.platform.engine.support.hierarchical.NodeTestTask.executeRecursively(NodeTestTask.java:138)
	at app//org.junit.platform.engine.support.hierarchical.NodeTestTask.execute(NodeTestTask.java:95)
	at app//org.junit.platform.engine.support.hierarchical.SameThreadHierarchicalTestExecutorService.submit(SameThreadHierarchicalTestExecutorService.java:35)
	at app//org.junit.platform.engine.support.hierarchical.NodeTestTask$DefaultDynamicTestExecutor.execute(NodeTestTask.java:226)
	at app//org.junit.platform.engine.support.hierarchical.NodeTestTask$DefaultDynamicTestExecutor.execute(NodeTestTask.java:204)
	at java.base@11.0.18/java.util.Optional.ifPresent(Optional.java:183)
	at app//org.junit.jupiter.engine.descriptor.TestFactoryTestDescriptor.lambda$invokeTestMethod$1(TestFactoryTestDescriptor.java:108)
	at app//org.junit.platform.engine.support.hierarchical.ThrowableCollector.execute(ThrowableCollector.java:73)
	at app//org.junit.jupiter.engine.descriptor.TestFactoryTestDescriptor.invokeTestMethod(TestFactoryTestDescriptor.java:95)
	at app//org.junit.jupiter.engine.descriptor.TestMethodTestDescriptor.execute(TestMethodTestDescriptor.java:135)
	at app//org.junit.jupiter.engine.descriptor.TestMethodTestDescriptor.execute(TestMethodTestDescriptor.java:66)
	at app//org.junit.platform.engine.support.hierarchical.NodeTestTask.lambda$executeRecursively$6(NodeTestTask.java:151)
	at app//org.junit.platform.engine.support.hierarchical.ThrowableCollector.execute(ThrowableCollector.java:73)
	at app//org.junit.platform.engine.support.hierarchical.NodeTestTask.lambda$executeRecursively$8(NodeTestTask.java:141)
	at app//org.junit.platform.engine.support.hierarchical.Node.around(Node.java:137)
	at app//org.junit.platform.engine.support.hierarchical.NodeTestTask.lambda$executeRecursively$9(NodeTestTask.java:139)
	at app//org.junit.platform.engine.support.hierarchical.ThrowableCollector.execute(ThrowableCollector.java:73)
	at app//org.junit.platform.engine.support.hierarchical.NodeTestTask.executeRecursively(NodeTestTask.java:138)
	at app//org.junit.platform.engine.support.hierarchical.NodeTestTask.execute(NodeTestTask.java:95)
	at java.base@11.0.18/java.util.ArrayList.forEach(ArrayList.java:1541)
	at app//org.junit.platform.engine.support.hierarchical.SameThreadHierarchicalTestExecutorService.invokeAll(SameThreadHierarchicalTestExecutorService.java:41)
	at app//org.junit.platform.engine.support.hierarchical.NodeTestTask.lambda$executeRecursively$6(NodeTestTask.java:155)
	at app//org.junit.platform.engine.support.hierarchical.ThrowableCollector.execute(ThrowableCollector.java:73)
	at app//org.junit.platform.engine.support.hierarchical.NodeTestTask.lambda$executeRecursively$8(NodeTestTask.java:141)
	at app//org.junit.platform.engine.support.hierarchical.Node.around(Node.java:137)
	at app//org.junit.platform.engine.support.hierarchical.NodeTestTask.lambda$executeRecursively$9(NodeTestTask.java:139)
	at app//org.junit.platform.engine.support.hierarchical.ThrowableCollector.execute(ThrowableCollector.java:73)
	at app//org.junit.platform.engine.support.hierarchical.NodeTestTask.executeRecursively(NodeTestTask.java:138)
	at app//org.junit.platform.engine.support.hierarchical.NodeTestTask.execute(NodeTestTask.java:95)
	at java.base@11.0.18/java.util.ArrayList.forEach(ArrayList.java:1541)
	at app//org.junit.platform.engine.support.hierarchical.SameThreadHierarchicalTestExecutorService.invokeAll(SameThreadHierarchicalTestExecutorService.java:41)
	at app//org.junit.platform.engine.support.hierarchical.NodeTestTask.lambda$executeRecursively$6(NodeTestTask.java:155)
	at app//org.junit.platform.engine.support.hierarchical.ThrowableCollector.execute(ThrowableCollector.java:73)
	at app//org.junit.platform.engine.support.hierarchical.NodeTestTask.lambda$executeRecursively$8(NodeTestTask.java:141)
	at app//org.junit.platform.engine.support.hierarchical.Node.around(Node.java:137)
	at app//org.junit.platform.engine.support.hierarchical.NodeTestTask.lambda$executeRecursively$9(NodeTestTask.java:139)
	at app//org.junit.platform.engine.support.hierarchical.ThrowableCollector.execute(ThrowableCollector.java:73)
	at app//org.junit.platform.engine.support.hierarchical.NodeTestTask.executeRecursively(NodeTestTask.java:138)
	at app//org.junit.platform.engine.support.hierarchical.NodeTestTask.execute(NodeTestTask.java:95)
	at app//org.junit.platform.engine.support.hierarchical.SameThreadHierarchicalTestExecutorService.submit(SameThreadHierarchicalTestExecutorService.java:35)
	at app//org.junit.platform.engine.support.hierarchical.HierarchicalTestExecutor.execute(HierarchicalTestExecutor.java:57)
	at app//org.junit.platform.engine.support.hierarchical.HierarchicalTestEngine.execute(HierarchicalTestEngine.java:54)
	at org.junit.platform.launcher.core.EngineExecutionOrchestrator.execute(EngineExecutionOrchestrator.java:107)
	at org.junit.platform.launcher.core.EngineExecutionOrchestrator.execute(EngineExecutionOrchestrator.java:88)
	at org.junit.platform.launcher.core.EngineExecutionOrchestrator.lambda$execute$0(EngineExecutionOrchestrator.java:54)
	at org.junit.platform.launcher.core.EngineExecutionOrchestrator.withInterceptedStreams(EngineExecutionOrchestrator.java:67)
	at org.junit.platform.launcher.core.EngineExecutionOrchestrator.execute(EngineExecutionOrchestrator.java:52)
	at org.junit.platform.launcher.core.DefaultLauncher.execute(DefaultLauncher.java:114)
	at org.junit.platform.launcher.core.DefaultLauncher.execute(DefaultLauncher.java:86)
	at org.junit.platform.launcher.core.DefaultLauncherSession$DelegatingLauncher.execute(DefaultLauncherSession.java:86)
	at org.junit.platform.launcher.core.SessionPerRequestLauncher.execute(SessionPerRequestLauncher.java:53)
	at org.gradle.api.internal.tasks.testing.junitplatform.JUnitPlatformTestClassProcessor$CollectAllTestClassesExecutor.processAllTestClasses(JUnitPlatformTestClassProcessor.java:99)
	at org.gradle.api.internal.tasks.testing.junitplatform.JUnitPlatformTestClassProcessor$CollectAllTestClassesExecutor.access$000(JUnitPlatformTestClassProcessor.java:79)
	at org.gradle.api.internal.tasks.testing.junitplatform.JUnitPlatformTestClassProcessor.stop(JUnitPlatformTestClassProcessor.java:75)
	at org.gradle.api.internal.tasks.testing.SuiteTestClassProcessor.stop(SuiteTestClassProcessor.java:62)
	at java.base@11.0.18/jdk.internal.reflect.NativeMethodAccessorImpl.invoke0(Native Method)
	at java.base@11.0.18/jdk.internal.reflect.NativeMethodAccessorImpl.invoke(NativeMethodAccessorImpl.java:62)
	at java.base@11.0.18/jdk.internal.reflect.DelegatingMethodAccessorImpl.invoke(DelegatingMethodAccessorImpl.java:43)
	at java.base@11.0.18/java.lang.reflect.Method.invoke(Method.java:566)
	at org.gradle.internal.dispatch.ReflectionDispatch.dispatch(ReflectionDispatch.java:36)
	at org.gradle.internal.dispatch.ReflectionDispatch.dispatch(ReflectionDispatch.java:24)
	at org.gradle.internal.dispatch.ContextClassLoaderDispatch.dispatch(ContextClassLoaderDispatch.java:33)
	at org.gradle.internal.dispatch.ProxyDispatchAdapter$DispatchingInvocationHandler.invoke(ProxyDispatchAdapter.java:94)
	at com.sun.proxy.$Proxy2.stop(Unknown Source)
	at org.gradle.api.internal.tasks.testing.worker.TestWorker$3.run(TestWorker.java:193)
	at org.gradle.api.internal.tasks.testing.worker.TestWorker.executeAndMaintainThreadName(TestWorker.java:129)
	at org.gradle.api.internal.tasks.testing.worker.TestWorker.execute(TestWorker.java:100)
	at org.gradle.api.internal.tasks.testing.worker.TestWorker.execute(TestWorker.java:60)
	at org.gradle.process.internal.worker.child.ActionExecutionWorker.execute(ActionExecutionWorker.java:56)
	at org.gradle.process.internal.worker.child.SystemApplicationClassLoaderWorker.call(SystemApplicationClassLoaderWorker.java:113)
	at org.gradle.process.internal.worker.child.SystemApplicationClassLoaderWorker.call(SystemApplicationClassLoaderWorker.java:65)
	at app//worker.org.gradle.process.internal.worker.GradleWorkerMain.run(GradleWorkerMain.java:69)
	at app//worker.org.gradle.process.internal.worker.GradleWorkerMain.main(GradleWorkerMain.java:74)
</failure>
  </testcase>
  <testcase name="VSTTE10" classname="de.uka.ilkd.key.proof.runallproofs.RunAllProofsFunctional" time="1.277">
    <failure message="org.opentest4j.AssertionFailedError: Executed process terminated with non-zero exit value. ==&gt; expected: &lt;0&gt; but was: &lt;1&gt;" type="org.opentest4j.AssertionFailedError">org.opentest4j.AssertionFailedError: Executed process terminated with non-zero exit value. ==&gt; expected: &lt;0&gt; but was: &lt;1&gt;
	at app//org.junit.jupiter.api.AssertionUtils.fail(AssertionUtils.java:55)
	at app//org.junit.jupiter.api.AssertionUtils.failNotEqual(AssertionUtils.java:62)
	at app//org.junit.jupiter.api.AssertEquals.assertEquals(AssertEquals.java:150)
	at app//org.junit.jupiter.api.Assertions.assertEquals(Assertions.java:559)
	at app//de.uka.ilkd.key.proof.runallproofs.proofcollection.ForkedTestFileRunner.processTestFiles(ForkedTestFileRunner.java:129)
	at app//de.uka.ilkd.key.proof.runallproofs.RunAllProofsTestUnit.runTest(RunAllProofsTestUnit.java:85)
	at app//de.uka.ilkd.key.proof.runallproofs.RunAllProofsTest.lambda$data$0(RunAllProofsTest.java:83)
	at app//org.junit.jupiter.engine.descriptor.DynamicTestTestDescriptor.lambda$execute$0(DynamicTestTestDescriptor.java:53)
	at app//org.junit.jupiter.engine.execution.InvocationInterceptorChain$ValidatingInvocation.proceed(InvocationInterceptorChain.java:131)
	at app//org.junit.jupiter.api.extension.InvocationInterceptor.interceptDynamicTest(InvocationInterceptor.java:167)
	at app//org.junit.jupiter.api.extension.InvocationInterceptor.interceptDynamicTest(InvocationInterceptor.java:184)
	at app//org.junit.jupiter.engine.descriptor.DynamicTestTestDescriptor.lambda$execute$1(DynamicTestTestDescriptor.java:61)
	at app//org.junit.jupiter.engine.execution.InvocationInterceptorChain$InterceptorCall.lambda$ofVoid$0(InvocationInterceptorChain.java:78)
	at app//org.junit.jupiter.engine.execution.InvocationInterceptorChain$InterceptedInvocation.proceed(InvocationInterceptorChain.java:106)
	at app//org.junit.jupiter.engine.execution.InvocationInterceptorChain.proceed(InvocationInterceptorChain.java:64)
	at app//org.junit.jupiter.engine.execution.InvocationInterceptorChain.chainAndInvoke(InvocationInterceptorChain.java:45)
	at app//org.junit.jupiter.engine.execution.InvocationInterceptorChain.invoke(InvocationInterceptorChain.java:37)
	at app//org.junit.jupiter.engine.descriptor.DynamicTestTestDescriptor.execute(DynamicTestTestDescriptor.java:60)
	at app//org.junit.jupiter.engine.descriptor.DynamicTestTestDescriptor.execute(DynamicTestTestDescriptor.java:32)
	at app//org.junit.platform.engine.support.hierarchical.NodeTestTask.lambda$executeRecursively$6(NodeTestTask.java:151)
	at app//org.junit.platform.engine.support.hierarchical.ThrowableCollector.execute(ThrowableCollector.java:73)
	at app//org.junit.platform.engine.support.hierarchical.NodeTestTask.lambda$executeRecursively$8(NodeTestTask.java:141)
	at app//org.junit.platform.engine.support.hierarchical.Node.around(Node.java:137)
	at app//org.junit.platform.engine.support.hierarchical.NodeTestTask.lambda$executeRecursively$9(NodeTestTask.java:139)
	at app//org.junit.platform.engine.support.hierarchical.ThrowableCollector.execute(ThrowableCollector.java:73)
	at app//org.junit.platform.engine.support.hierarchical.NodeTestTask.executeRecursively(NodeTestTask.java:138)
	at app//org.junit.platform.engine.support.hierarchical.NodeTestTask.execute(NodeTestTask.java:95)
	at app//org.junit.platform.engine.support.hierarchical.SameThreadHierarchicalTestExecutorService.submit(SameThreadHierarchicalTestExecutorService.java:35)
	at app//org.junit.platform.engine.support.hierarchical.NodeTestTask$DefaultDynamicTestExecutor.execute(NodeTestTask.java:226)
	at app//org.junit.platform.engine.support.hierarchical.NodeTestTask$DefaultDynamicTestExecutor.execute(NodeTestTask.java:204)
	at java.base@11.0.18/java.util.Optional.ifPresent(Optional.java:183)
	at app//org.junit.jupiter.engine.descriptor.TestFactoryTestDescriptor.lambda$invokeTestMethod$1(TestFactoryTestDescriptor.java:108)
	at app//org.junit.platform.engine.support.hierarchical.ThrowableCollector.execute(ThrowableCollector.java:73)
	at app//org.junit.jupiter.engine.descriptor.TestFactoryTestDescriptor.invokeTestMethod(TestFactoryTestDescriptor.java:95)
	at app//org.junit.jupiter.engine.descriptor.TestMethodTestDescriptor.execute(TestMethodTestDescriptor.java:135)
	at app//org.junit.jupiter.engine.descriptor.TestMethodTestDescriptor.execute(TestMethodTestDescriptor.java:66)
	at app//org.junit.platform.engine.support.hierarchical.NodeTestTask.lambda$executeRecursively$6(NodeTestTask.java:151)
	at app//org.junit.platform.engine.support.hierarchical.ThrowableCollector.execute(ThrowableCollector.java:73)
	at app//org.junit.platform.engine.support.hierarchical.NodeTestTask.lambda$executeRecursively$8(NodeTestTask.java:141)
	at app//org.junit.platform.engine.support.hierarchical.Node.around(Node.java:137)
	at app//org.junit.platform.engine.support.hierarchical.NodeTestTask.lambda$executeRecursively$9(NodeTestTask.java:139)
	at app//org.junit.platform.engine.support.hierarchical.ThrowableCollector.execute(ThrowableCollector.java:73)
	at app//org.junit.platform.engine.support.hierarchical.NodeTestTask.executeRecursively(NodeTestTask.java:138)
	at app//org.junit.platform.engine.support.hierarchical.NodeTestTask.execute(NodeTestTask.java:95)
	at java.base@11.0.18/java.util.ArrayList.forEach(ArrayList.java:1541)
	at app//org.junit.platform.engine.support.hierarchical.SameThreadHierarchicalTestExecutorService.invokeAll(SameThreadHierarchicalTestExecutorService.java:41)
	at app//org.junit.platform.engine.support.hierarchical.NodeTestTask.lambda$executeRecursively$6(NodeTestTask.java:155)
	at app//org.junit.platform.engine.support.hierarchical.ThrowableCollector.execute(ThrowableCollector.java:73)
	at app//org.junit.platform.engine.support.hierarchical.NodeTestTask.lambda$executeRecursively$8(NodeTestTask.java:141)
	at app//org.junit.platform.engine.support.hierarchical.Node.around(Node.java:137)
	at app//org.junit.platform.engine.support.hierarchical.NodeTestTask.lambda$executeRecursively$9(NodeTestTask.java:139)
	at app//org.junit.platform.engine.support.hierarchical.ThrowableCollector.execute(ThrowableCollector.java:73)
	at app//org.junit.platform.engine.support.hierarchical.NodeTestTask.executeRecursively(NodeTestTask.java:138)
	at app//org.junit.platform.engine.support.hierarchical.NodeTestTask.execute(NodeTestTask.java:95)
	at java.base@11.0.18/java.util.ArrayList.forEach(ArrayList.java:1541)
	at app//org.junit.platform.engine.support.hierarchical.SameThreadHierarchicalTestExecutorService.invokeAll(SameThreadHierarchicalTestExecutorService.java:41)
	at app//org.junit.platform.engine.support.hierarchical.NodeTestTask.lambda$executeRecursively$6(NodeTestTask.java:155)
	at app//org.junit.platform.engine.support.hierarchical.ThrowableCollector.execute(ThrowableCollector.java:73)
	at app//org.junit.platform.engine.support.hierarchical.NodeTestTask.lambda$executeRecursively$8(NodeTestTask.java:141)
	at app//org.junit.platform.engine.support.hierarchical.Node.around(Node.java:137)
	at app//org.junit.platform.engine.support.hierarchical.NodeTestTask.lambda$executeRecursively$9(NodeTestTask.java:139)
	at app//org.junit.platform.engine.support.hierarchical.ThrowableCollector.execute(ThrowableCollector.java:73)
	at app//org.junit.platform.engine.support.hierarchical.NodeTestTask.executeRecursively(NodeTestTask.java:138)
	at app//org.junit.platform.engine.support.hierarchical.NodeTestTask.execute(NodeTestTask.java:95)
	at app//org.junit.platform.engine.support.hierarchical.SameThreadHierarchicalTestExecutorService.submit(SameThreadHierarchicalTestExecutorService.java:35)
	at app//org.junit.platform.engine.support.hierarchical.HierarchicalTestExecutor.execute(HierarchicalTestExecutor.java:57)
	at app//org.junit.platform.engine.support.hierarchical.HierarchicalTestEngine.execute(HierarchicalTestEngine.java:54)
	at org.junit.platform.launcher.core.EngineExecutionOrchestrator.execute(EngineExecutionOrchestrator.java:107)
	at org.junit.platform.launcher.core.EngineExecutionOrchestrator.execute(EngineExecutionOrchestrator.java:88)
	at org.junit.platform.launcher.core.EngineExecutionOrchestrator.lambda$execute$0(EngineExecutionOrchestrator.java:54)
	at org.junit.platform.launcher.core.EngineExecutionOrchestrator.withInterceptedStreams(EngineExecutionOrchestrator.java:67)
	at org.junit.platform.launcher.core.EngineExecutionOrchestrator.execute(EngineExecutionOrchestrator.java:52)
	at org.junit.platform.launcher.core.DefaultLauncher.execute(DefaultLauncher.java:114)
	at org.junit.platform.launcher.core.DefaultLauncher.execute(DefaultLauncher.java:86)
	at org.junit.platform.launcher.core.DefaultLauncherSession$DelegatingLauncher.execute(DefaultLauncherSession.java:86)
	at org.junit.platform.launcher.core.SessionPerRequestLauncher.execute(SessionPerRequestLauncher.java:53)
	at org.gradle.api.internal.tasks.testing.junitplatform.JUnitPlatformTestClassProcessor$CollectAllTestClassesExecutor.processAllTestClasses(JUnitPlatformTestClassProcessor.java:99)
	at org.gradle.api.internal.tasks.testing.junitplatform.JUnitPlatformTestClassProcessor$CollectAllTestClassesExecutor.access$000(JUnitPlatformTestClassProcessor.java:79)
	at org.gradle.api.internal.tasks.testing.junitplatform.JUnitPlatformTestClassProcessor.stop(JUnitPlatformTestClassProcessor.java:75)
	at org.gradle.api.internal.tasks.testing.SuiteTestClassProcessor.stop(SuiteTestClassProcessor.java:62)
	at java.base@11.0.18/jdk.internal.reflect.NativeMethodAccessorImpl.invoke0(Native Method)
	at java.base@11.0.18/jdk.internal.reflect.NativeMethodAccessorImpl.invoke(NativeMethodAccessorImpl.java:62)
	at java.base@11.0.18/jdk.internal.reflect.DelegatingMethodAccessorImpl.invoke(DelegatingMethodAccessorImpl.java:43)
	at java.base@11.0.18/java.lang.reflect.Method.invoke(Method.java:566)
	at org.gradle.internal.dispatch.ReflectionDispatch.dispatch(ReflectionDispatch.java:36)
	at org.gradle.internal.dispatch.ReflectionDispatch.dispatch(ReflectionDispatch.java:24)
	at org.gradle.internal.dispatch.ContextClassLoaderDispatch.dispatch(ContextClassLoaderDispatch.java:33)
	at org.gradle.internal.dispatch.ProxyDispatchAdapter$DispatchingInvocationHandler.invoke(ProxyDispatchAdapter.java:94)
	at com.sun.proxy.$Proxy2.stop(Unknown Source)
	at org.gradle.api.internal.tasks.testing.worker.TestWorker$3.run(TestWorker.java:193)
	at org.gradle.api.internal.tasks.testing.worker.TestWorker.executeAndMaintainThreadName(TestWorker.java:129)
	at org.gradle.api.internal.tasks.testing.worker.TestWorker.execute(TestWorker.java:100)
	at org.gradle.api.internal.tasks.testing.worker.TestWorker.execute(TestWorker.java:60)
	at org.gradle.process.internal.worker.child.ActionExecutionWorker.execute(ActionExecutionWorker.java:56)
	at org.gradle.process.internal.worker.child.SystemApplicationClassLoaderWorker.call(SystemApplicationClassLoaderWorker.java:113)
	at org.gradle.process.internal.worker.child.SystemApplicationClassLoaderWorker.call(SystemApplicationClassLoaderWorker.java:65)
	at app//worker.org.gradle.process.internal.worker.GradleWorkerMain.run(GradleWorkerMain.java:69)
	at app//worker.org.gradle.process.internal.worker.GradleWorkerMain.main(GradleWorkerMain.java:74)
</failure>
  </testcase>
  <testcase name="WeideEtAl" classname="de.uka.ilkd.key.proof.runallproofs.RunAllProofsFunctional" time="1.082">
    <failure message="org.opentest4j.AssertionFailedError: Executed process terminated with non-zero exit value. ==&gt; expected: &lt;0&gt; but was: &lt;1&gt;" type="org.opentest4j.AssertionFailedError">org.opentest4j.AssertionFailedError: Executed process terminated with non-zero exit value. ==&gt; expected: &lt;0&gt; but was: &lt;1&gt;
	at app//org.junit.jupiter.api.AssertionUtils.fail(AssertionUtils.java:55)
	at app//org.junit.jupiter.api.AssertionUtils.failNotEqual(AssertionUtils.java:62)
	at app//org.junit.jupiter.api.AssertEquals.assertEquals(AssertEquals.java:150)
	at app//org.junit.jupiter.api.Assertions.assertEquals(Assertions.java:559)
	at app//de.uka.ilkd.key.proof.runallproofs.proofcollection.ForkedTestFileRunner.processTestFiles(ForkedTestFileRunner.java:129)
	at app//de.uka.ilkd.key.proof.runallproofs.RunAllProofsTestUnit.runTest(RunAllProofsTestUnit.java:85)
	at app//de.uka.ilkd.key.proof.runallproofs.RunAllProofsTest.lambda$data$0(RunAllProofsTest.java:83)
	at app//org.junit.jupiter.engine.descriptor.DynamicTestTestDescriptor.lambda$execute$0(DynamicTestTestDescriptor.java:53)
	at app//org.junit.jupiter.engine.execution.InvocationInterceptorChain$ValidatingInvocation.proceed(InvocationInterceptorChain.java:131)
	at app//org.junit.jupiter.api.extension.InvocationInterceptor.interceptDynamicTest(InvocationInterceptor.java:167)
	at app//org.junit.jupiter.api.extension.InvocationInterceptor.interceptDynamicTest(InvocationInterceptor.java:184)
	at app//org.junit.jupiter.engine.descriptor.DynamicTestTestDescriptor.lambda$execute$1(DynamicTestTestDescriptor.java:61)
	at app//org.junit.jupiter.engine.execution.InvocationInterceptorChain$InterceptorCall.lambda$ofVoid$0(InvocationInterceptorChain.java:78)
	at app//org.junit.jupiter.engine.execution.InvocationInterceptorChain$InterceptedInvocation.proceed(InvocationInterceptorChain.java:106)
	at app//org.junit.jupiter.engine.execution.InvocationInterceptorChain.proceed(InvocationInterceptorChain.java:64)
	at app//org.junit.jupiter.engine.execution.InvocationInterceptorChain.chainAndInvoke(InvocationInterceptorChain.java:45)
	at app//org.junit.jupiter.engine.execution.InvocationInterceptorChain.invoke(InvocationInterceptorChain.java:37)
	at app//org.junit.jupiter.engine.descriptor.DynamicTestTestDescriptor.execute(DynamicTestTestDescriptor.java:60)
	at app//org.junit.jupiter.engine.descriptor.DynamicTestTestDescriptor.execute(DynamicTestTestDescriptor.java:32)
	at app//org.junit.platform.engine.support.hierarchical.NodeTestTask.lambda$executeRecursively$6(NodeTestTask.java:151)
	at app//org.junit.platform.engine.support.hierarchical.ThrowableCollector.execute(ThrowableCollector.java:73)
	at app//org.junit.platform.engine.support.hierarchical.NodeTestTask.lambda$executeRecursively$8(NodeTestTask.java:141)
	at app//org.junit.platform.engine.support.hierarchical.Node.around(Node.java:137)
	at app//org.junit.platform.engine.support.hierarchical.NodeTestTask.lambda$executeRecursively$9(NodeTestTask.java:139)
	at app//org.junit.platform.engine.support.hierarchical.ThrowableCollector.execute(ThrowableCollector.java:73)
	at app//org.junit.platform.engine.support.hierarchical.NodeTestTask.executeRecursively(NodeTestTask.java:138)
	at app//org.junit.platform.engine.support.hierarchical.NodeTestTask.execute(NodeTestTask.java:95)
	at app//org.junit.platform.engine.support.hierarchical.SameThreadHierarchicalTestExecutorService.submit(SameThreadHierarchicalTestExecutorService.java:35)
	at app//org.junit.platform.engine.support.hierarchical.NodeTestTask$DefaultDynamicTestExecutor.execute(NodeTestTask.java:226)
	at app//org.junit.platform.engine.support.hierarchical.NodeTestTask$DefaultDynamicTestExecutor.execute(NodeTestTask.java:204)
	at java.base@11.0.18/java.util.Optional.ifPresent(Optional.java:183)
	at app//org.junit.jupiter.engine.descriptor.TestFactoryTestDescriptor.lambda$invokeTestMethod$1(TestFactoryTestDescriptor.java:108)
	at app//org.junit.platform.engine.support.hierarchical.ThrowableCollector.execute(ThrowableCollector.java:73)
	at app//org.junit.jupiter.engine.descriptor.TestFactoryTestDescriptor.invokeTestMethod(TestFactoryTestDescriptor.java:95)
	at app//org.junit.jupiter.engine.descriptor.TestMethodTestDescriptor.execute(TestMethodTestDescriptor.java:135)
	at app//org.junit.jupiter.engine.descriptor.TestMethodTestDescriptor.execute(TestMethodTestDescriptor.java:66)
	at app//org.junit.platform.engine.support.hierarchical.NodeTestTask.lambda$executeRecursively$6(NodeTestTask.java:151)
	at app//org.junit.platform.engine.support.hierarchical.ThrowableCollector.execute(ThrowableCollector.java:73)
	at app//org.junit.platform.engine.support.hierarchical.NodeTestTask.lambda$executeRecursively$8(NodeTestTask.java:141)
	at app//org.junit.platform.engine.support.hierarchical.Node.around(Node.java:137)
	at app//org.junit.platform.engine.support.hierarchical.NodeTestTask.lambda$executeRecursively$9(NodeTestTask.java:139)
	at app//org.junit.platform.engine.support.hierarchical.ThrowableCollector.execute(ThrowableCollector.java:73)
	at app//org.junit.platform.engine.support.hierarchical.NodeTestTask.executeRecursively(NodeTestTask.java:138)
	at app//org.junit.platform.engine.support.hierarchical.NodeTestTask.execute(NodeTestTask.java:95)
	at java.base@11.0.18/java.util.ArrayList.forEach(ArrayList.java:1541)
	at app//org.junit.platform.engine.support.hierarchical.SameThreadHierarchicalTestExecutorService.invokeAll(SameThreadHierarchicalTestExecutorService.java:41)
	at app//org.junit.platform.engine.support.hierarchical.NodeTestTask.lambda$executeRecursively$6(NodeTestTask.java:155)
	at app//org.junit.platform.engine.support.hierarchical.ThrowableCollector.execute(ThrowableCollector.java:73)
	at app//org.junit.platform.engine.support.hierarchical.NodeTestTask.lambda$executeRecursively$8(NodeTestTask.java:141)
	at app//org.junit.platform.engine.support.hierarchical.Node.around(Node.java:137)
	at app//org.junit.platform.engine.support.hierarchical.NodeTestTask.lambda$executeRecursively$9(NodeTestTask.java:139)
	at app//org.junit.platform.engine.support.hierarchical.ThrowableCollector.execute(ThrowableCollector.java:73)
	at app//org.junit.platform.engine.support.hierarchical.NodeTestTask.executeRecursively(NodeTestTask.java:138)
	at app//org.junit.platform.engine.support.hierarchical.NodeTestTask.execute(NodeTestTask.java:95)
	at java.base@11.0.18/java.util.ArrayList.forEach(ArrayList.java:1541)
	at app//org.junit.platform.engine.support.hierarchical.SameThreadHierarchicalTestExecutorService.invokeAll(SameThreadHierarchicalTestExecutorService.java:41)
	at app//org.junit.platform.engine.support.hierarchical.NodeTestTask.lambda$executeRecursively$6(NodeTestTask.java:155)
	at app//org.junit.platform.engine.support.hierarchical.ThrowableCollector.execute(ThrowableCollector.java:73)
	at app//org.junit.platform.engine.support.hierarchical.NodeTestTask.lambda$executeRecursively$8(NodeTestTask.java:141)
	at app//org.junit.platform.engine.support.hierarchical.Node.around(Node.java:137)
	at app//org.junit.platform.engine.support.hierarchical.NodeTestTask.lambda$executeRecursively$9(NodeTestTask.java:139)
	at app//org.junit.platform.engine.support.hierarchical.ThrowableCollector.execute(ThrowableCollector.java:73)
	at app//org.junit.platform.engine.support.hierarchical.NodeTestTask.executeRecursively(NodeTestTask.java:138)
	at app//org.junit.platform.engine.support.hierarchical.NodeTestTask.execute(NodeTestTask.java:95)
	at app//org.junit.platform.engine.support.hierarchical.SameThreadHierarchicalTestExecutorService.submit(SameThreadHierarchicalTestExecutorService.java:35)
	at app//org.junit.platform.engine.support.hierarchical.HierarchicalTestExecutor.execute(HierarchicalTestExecutor.java:57)
	at app//org.junit.platform.engine.support.hierarchical.HierarchicalTestEngine.execute(HierarchicalTestEngine.java:54)
	at org.junit.platform.launcher.core.EngineExecutionOrchestrator.execute(EngineExecutionOrchestrator.java:107)
	at org.junit.platform.launcher.core.EngineExecutionOrchestrator.execute(EngineExecutionOrchestrator.java:88)
	at org.junit.platform.launcher.core.EngineExecutionOrchestrator.lambda$execute$0(EngineExecutionOrchestrator.java:54)
	at org.junit.platform.launcher.core.EngineExecutionOrchestrator.withInterceptedStreams(EngineExecutionOrchestrator.java:67)
	at org.junit.platform.launcher.core.EngineExecutionOrchestrator.execute(EngineExecutionOrchestrator.java:52)
	at org.junit.platform.launcher.core.DefaultLauncher.execute(DefaultLauncher.java:114)
	at org.junit.platform.launcher.core.DefaultLauncher.execute(DefaultLauncher.java:86)
	at org.junit.platform.launcher.core.DefaultLauncherSession$DelegatingLauncher.execute(DefaultLauncherSession.java:86)
	at org.junit.platform.launcher.core.SessionPerRequestLauncher.execute(SessionPerRequestLauncher.java:53)
	at org.gradle.api.internal.tasks.testing.junitplatform.JUnitPlatformTestClassProcessor$CollectAllTestClassesExecutor.processAllTestClasses(JUnitPlatformTestClassProcessor.java:99)
	at org.gradle.api.internal.tasks.testing.junitplatform.JUnitPlatformTestClassProcessor$CollectAllTestClassesExecutor.access$000(JUnitPlatformTestClassProcessor.java:79)
	at org.gradle.api.internal.tasks.testing.junitplatform.JUnitPlatformTestClassProcessor.stop(JUnitPlatformTestClassProcessor.java:75)
	at org.gradle.api.internal.tasks.testing.SuiteTestClassProcessor.stop(SuiteTestClassProcessor.java:62)
	at java.base@11.0.18/jdk.internal.reflect.NativeMethodAccessorImpl.invoke0(Native Method)
	at java.base@11.0.18/jdk.internal.reflect.NativeMethodAccessorImpl.invoke(NativeMethodAccessorImpl.java:62)
	at java.base@11.0.18/jdk.internal.reflect.DelegatingMethodAccessorImpl.invoke(DelegatingMethodAccessorImpl.java:43)
	at java.base@11.0.18/java.lang.reflect.Method.invoke(Method.java:566)
	at org.gradle.internal.dispatch.ReflectionDispatch.dispatch(ReflectionDispatch.java:36)
	at org.gradle.internal.dispatch.ReflectionDispatch.dispatch(ReflectionDispatch.java:24)
	at org.gradle.internal.dispatch.ContextClassLoaderDispatch.dispatch(ContextClassLoaderDispatch.java:33)
	at org.gradle.internal.dispatch.ProxyDispatchAdapter$DispatchingInvocationHandler.invoke(ProxyDispatchAdapter.java:94)
	at com.sun.proxy.$Proxy2.stop(Unknown Source)
	at org.gradle.api.internal.tasks.testing.worker.TestWorker$3.run(TestWorker.java:193)
	at org.gradle.api.internal.tasks.testing.worker.TestWorker.executeAndMaintainThreadName(TestWorker.java:129)
	at org.gradle.api.internal.tasks.testing.worker.TestWorker.execute(TestWorker.java:100)
	at org.gradle.api.internal.tasks.testing.worker.TestWorker.execute(TestWorker.java:60)
	at org.gradle.process.internal.worker.child.ActionExecutionWorker.execute(ActionExecutionWorker.java:56)
	at org.gradle.process.internal.worker.child.SystemApplicationClassLoaderWorker.call(SystemApplicationClassLoaderWorker.java:113)
	at org.gradle.process.internal.worker.child.SystemApplicationClassLoaderWorker.call(SystemApplicationClassLoaderWorker.java:65)
	at app//worker.org.gradle.process.internal.worker.GradleWorkerMain.run(GradleWorkerMain.java:69)
	at app//worker.org.gradle.process.internal.worker.GradleWorkerMain.main(GradleWorkerMain.java:74)
</failure>
  </testcase>
  <testcase name="arithmetic" classname="de.uka.ilkd.key.proof.runallproofs.RunAllProofsFunctional" time="2.181">
    <failure message="org.opentest4j.AssertionFailedError: Executed process terminated with non-zero exit value. ==&gt; expected: &lt;0&gt; but was: &lt;1&gt;" type="org.opentest4j.AssertionFailedError">org.opentest4j.AssertionFailedError: Executed process terminated with non-zero exit value. ==&gt; expected: &lt;0&gt; but was: &lt;1&gt;
	at app//org.junit.jupiter.api.AssertionUtils.fail(AssertionUtils.java:55)
	at app//org.junit.jupiter.api.AssertionUtils.failNotEqual(AssertionUtils.java:62)
	at app//org.junit.jupiter.api.AssertEquals.assertEquals(AssertEquals.java:150)
	at app//org.junit.jupiter.api.Assertions.assertEquals(Assertions.java:559)
	at app//de.uka.ilkd.key.proof.runallproofs.proofcollection.ForkedTestFileRunner.processTestFiles(ForkedTestFileRunner.java:129)
	at app//de.uka.ilkd.key.proof.runallproofs.RunAllProofsTestUnit.runTest(RunAllProofsTestUnit.java:85)
	at app//de.uka.ilkd.key.proof.runallproofs.RunAllProofsTest.lambda$data$0(RunAllProofsTest.java:83)
	at app//org.junit.jupiter.engine.descriptor.DynamicTestTestDescriptor.lambda$execute$0(DynamicTestTestDescriptor.java:53)
	at app//org.junit.jupiter.engine.execution.InvocationInterceptorChain$ValidatingInvocation.proceed(InvocationInterceptorChain.java:131)
	at app//org.junit.jupiter.api.extension.InvocationInterceptor.interceptDynamicTest(InvocationInterceptor.java:167)
	at app//org.junit.jupiter.api.extension.InvocationInterceptor.interceptDynamicTest(InvocationInterceptor.java:184)
	at app//org.junit.jupiter.engine.descriptor.DynamicTestTestDescriptor.lambda$execute$1(DynamicTestTestDescriptor.java:61)
	at app//org.junit.jupiter.engine.execution.InvocationInterceptorChain$InterceptorCall.lambda$ofVoid$0(InvocationInterceptorChain.java:78)
	at app//org.junit.jupiter.engine.execution.InvocationInterceptorChain$InterceptedInvocation.proceed(InvocationInterceptorChain.java:106)
	at app//org.junit.jupiter.engine.execution.InvocationInterceptorChain.proceed(InvocationInterceptorChain.java:64)
	at app//org.junit.jupiter.engine.execution.InvocationInterceptorChain.chainAndInvoke(InvocationInterceptorChain.java:45)
	at app//org.junit.jupiter.engine.execution.InvocationInterceptorChain.invoke(InvocationInterceptorChain.java:37)
	at app//org.junit.jupiter.engine.descriptor.DynamicTestTestDescriptor.execute(DynamicTestTestDescriptor.java:60)
	at app//org.junit.jupiter.engine.descriptor.DynamicTestTestDescriptor.execute(DynamicTestTestDescriptor.java:32)
	at app//org.junit.platform.engine.support.hierarchical.NodeTestTask.lambda$executeRecursively$6(NodeTestTask.java:151)
	at app//org.junit.platform.engine.support.hierarchical.ThrowableCollector.execute(ThrowableCollector.java:73)
	at app//org.junit.platform.engine.support.hierarchical.NodeTestTask.lambda$executeRecursively$8(NodeTestTask.java:141)
	at app//org.junit.platform.engine.support.hierarchical.Node.around(Node.java:137)
	at app//org.junit.platform.engine.support.hierarchical.NodeTestTask.lambda$executeRecursively$9(NodeTestTask.java:139)
	at app//org.junit.platform.engine.support.hierarchical.ThrowableCollector.execute(ThrowableCollector.java:73)
	at app//org.junit.platform.engine.support.hierarchical.NodeTestTask.executeRecursively(NodeTestTask.java:138)
	at app//org.junit.platform.engine.support.hierarchical.NodeTestTask.execute(NodeTestTask.java:95)
	at app//org.junit.platform.engine.support.hierarchical.SameThreadHierarchicalTestExecutorService.submit(SameThreadHierarchicalTestExecutorService.java:35)
	at app//org.junit.platform.engine.support.hierarchical.NodeTestTask$DefaultDynamicTestExecutor.execute(NodeTestTask.java:226)
	at app//org.junit.platform.engine.support.hierarchical.NodeTestTask$DefaultDynamicTestExecutor.execute(NodeTestTask.java:204)
	at java.base@11.0.18/java.util.Optional.ifPresent(Optional.java:183)
	at app//org.junit.jupiter.engine.descriptor.TestFactoryTestDescriptor.lambda$invokeTestMethod$1(TestFactoryTestDescriptor.java:108)
	at app//org.junit.platform.engine.support.hierarchical.ThrowableCollector.execute(ThrowableCollector.java:73)
	at app//org.junit.jupiter.engine.descriptor.TestFactoryTestDescriptor.invokeTestMethod(TestFactoryTestDescriptor.java:95)
	at app//org.junit.jupiter.engine.descriptor.TestMethodTestDescriptor.execute(TestMethodTestDescriptor.java:135)
	at app//org.junit.jupiter.engine.descriptor.TestMethodTestDescriptor.execute(TestMethodTestDescriptor.java:66)
	at app//org.junit.platform.engine.support.hierarchical.NodeTestTask.lambda$executeRecursively$6(NodeTestTask.java:151)
	at app//org.junit.platform.engine.support.hierarchical.ThrowableCollector.execute(ThrowableCollector.java:73)
	at app//org.junit.platform.engine.support.hierarchical.NodeTestTask.lambda$executeRecursively$8(NodeTestTask.java:141)
	at app//org.junit.platform.engine.support.hierarchical.Node.around(Node.java:137)
	at app//org.junit.platform.engine.support.hierarchical.NodeTestTask.lambda$executeRecursively$9(NodeTestTask.java:139)
	at app//org.junit.platform.engine.support.hierarchical.ThrowableCollector.execute(ThrowableCollector.java:73)
	at app//org.junit.platform.engine.support.hierarchical.NodeTestTask.executeRecursively(NodeTestTask.java:138)
	at app//org.junit.platform.engine.support.hierarchical.NodeTestTask.execute(NodeTestTask.java:95)
	at java.base@11.0.18/java.util.ArrayList.forEach(ArrayList.java:1541)
	at app//org.junit.platform.engine.support.hierarchical.SameThreadHierarchicalTestExecutorService.invokeAll(SameThreadHierarchicalTestExecutorService.java:41)
	at app//org.junit.platform.engine.support.hierarchical.NodeTestTask.lambda$executeRecursively$6(NodeTestTask.java:155)
	at app//org.junit.platform.engine.support.hierarchical.ThrowableCollector.execute(ThrowableCollector.java:73)
	at app//org.junit.platform.engine.support.hierarchical.NodeTestTask.lambda$executeRecursively$8(NodeTestTask.java:141)
	at app//org.junit.platform.engine.support.hierarchical.Node.around(Node.java:137)
	at app//org.junit.platform.engine.support.hierarchical.NodeTestTask.lambda$executeRecursively$9(NodeTestTask.java:139)
	at app//org.junit.platform.engine.support.hierarchical.ThrowableCollector.execute(ThrowableCollector.java:73)
	at app//org.junit.platform.engine.support.hierarchical.NodeTestTask.executeRecursively(NodeTestTask.java:138)
	at app//org.junit.platform.engine.support.hierarchical.NodeTestTask.execute(NodeTestTask.java:95)
	at java.base@11.0.18/java.util.ArrayList.forEach(ArrayList.java:1541)
	at app//org.junit.platform.engine.support.hierarchical.SameThreadHierarchicalTestExecutorService.invokeAll(SameThreadHierarchicalTestExecutorService.java:41)
	at app//org.junit.platform.engine.support.hierarchical.NodeTestTask.lambda$executeRecursively$6(NodeTestTask.java:155)
	at app//org.junit.platform.engine.support.hierarchical.ThrowableCollector.execute(ThrowableCollector.java:73)
	at app//org.junit.platform.engine.support.hierarchical.NodeTestTask.lambda$executeRecursively$8(NodeTestTask.java:141)
	at app//org.junit.platform.engine.support.hierarchical.Node.around(Node.java:137)
	at app//org.junit.platform.engine.support.hierarchical.NodeTestTask.lambda$executeRecursively$9(NodeTestTask.java:139)
	at app//org.junit.platform.engine.support.hierarchical.ThrowableCollector.execute(ThrowableCollector.java:73)
	at app//org.junit.platform.engine.support.hierarchical.NodeTestTask.executeRecursively(NodeTestTask.java:138)
	at app//org.junit.platform.engine.support.hierarchical.NodeTestTask.execute(NodeTestTask.java:95)
	at app//org.junit.platform.engine.support.hierarchical.SameThreadHierarchicalTestExecutorService.submit(SameThreadHierarchicalTestExecutorService.java:35)
	at app//org.junit.platform.engine.support.hierarchical.HierarchicalTestExecutor.execute(HierarchicalTestExecutor.java:57)
	at app//org.junit.platform.engine.support.hierarchical.HierarchicalTestEngine.execute(HierarchicalTestEngine.java:54)
	at org.junit.platform.launcher.core.EngineExecutionOrchestrator.execute(EngineExecutionOrchestrator.java:107)
	at org.junit.platform.launcher.core.EngineExecutionOrchestrator.execute(EngineExecutionOrchestrator.java:88)
	at org.junit.platform.launcher.core.EngineExecutionOrchestrator.lambda$execute$0(EngineExecutionOrchestrator.java:54)
	at org.junit.platform.launcher.core.EngineExecutionOrchestrator.withInterceptedStreams(EngineExecutionOrchestrator.java:67)
	at org.junit.platform.launcher.core.EngineExecutionOrchestrator.execute(EngineExecutionOrchestrator.java:52)
	at org.junit.platform.launcher.core.DefaultLauncher.execute(DefaultLauncher.java:114)
	at org.junit.platform.launcher.core.DefaultLauncher.execute(DefaultLauncher.java:86)
	at org.junit.platform.launcher.core.DefaultLauncherSession$DelegatingLauncher.execute(DefaultLauncherSession.java:86)
	at org.junit.platform.launcher.core.SessionPerRequestLauncher.execute(SessionPerRequestLauncher.java:53)
	at org.gradle.api.internal.tasks.testing.junitplatform.JUnitPlatformTestClassProcessor$CollectAllTestClassesExecutor.processAllTestClasses(JUnitPlatformTestClassProcessor.java:99)
	at org.gradle.api.internal.tasks.testing.junitplatform.JUnitPlatformTestClassProcessor$CollectAllTestClassesExecutor.access$000(JUnitPlatformTestClassProcessor.java:79)
	at org.gradle.api.internal.tasks.testing.junitplatform.JUnitPlatformTestClassProcessor.stop(JUnitPlatformTestClassProcessor.java:75)
	at org.gradle.api.internal.tasks.testing.SuiteTestClassProcessor.stop(SuiteTestClassProcessor.java:62)
	at java.base@11.0.18/jdk.internal.reflect.NativeMethodAccessorImpl.invoke0(Native Method)
	at java.base@11.0.18/jdk.internal.reflect.NativeMethodAccessorImpl.invoke(NativeMethodAccessorImpl.java:62)
	at java.base@11.0.18/jdk.internal.reflect.DelegatingMethodAccessorImpl.invoke(DelegatingMethodAccessorImpl.java:43)
	at java.base@11.0.18/java.lang.reflect.Method.invoke(Method.java:566)
	at org.gradle.internal.dispatch.ReflectionDispatch.dispatch(ReflectionDispatch.java:36)
	at org.gradle.internal.dispatch.ReflectionDispatch.dispatch(ReflectionDispatch.java:24)
	at org.gradle.internal.dispatch.ContextClassLoaderDispatch.dispatch(ContextClassLoaderDispatch.java:33)
	at org.gradle.internal.dispatch.ProxyDispatchAdapter$DispatchingInvocationHandler.invoke(ProxyDispatchAdapter.java:94)
	at com.sun.proxy.$Proxy2.stop(Unknown Source)
	at org.gradle.api.internal.tasks.testing.worker.TestWorker$3.run(TestWorker.java:193)
	at org.gradle.api.internal.tasks.testing.worker.TestWorker.executeAndMaintainThreadName(TestWorker.java:129)
	at org.gradle.api.internal.tasks.testing.worker.TestWorker.execute(TestWorker.java:100)
	at org.gradle.api.internal.tasks.testing.worker.TestWorker.execute(TestWorker.java:60)
	at org.gradle.process.internal.worker.child.ActionExecutionWorker.execute(ActionExecutionWorker.java:56)
	at org.gradle.process.internal.worker.child.SystemApplicationClassLoaderWorker.call(SystemApplicationClassLoaderWorker.java:113)
	at org.gradle.process.internal.worker.child.SystemApplicationClassLoaderWorker.call(SystemApplicationClassLoaderWorker.java:65)
	at app//worker.org.gradle.process.internal.worker.GradleWorkerMain.run(GradleWorkerMain.java:69)
	at app//worker.org.gradle.process.internal.worker.GradleWorkerMain.main(GradleWorkerMain.java:74)
</failure>
  </testcase>
  <testcase name="arrays" classname="de.uka.ilkd.key.proof.runallproofs.RunAllProofsFunctional" time="1.383">
    <failure message="org.opentest4j.AssertionFailedError: Executed process terminated with non-zero exit value. ==&gt; expected: &lt;0&gt; but was: &lt;1&gt;" type="org.opentest4j.AssertionFailedError">org.opentest4j.AssertionFailedError: Executed process terminated with non-zero exit value. ==&gt; expected: &lt;0&gt; but was: &lt;1&gt;
	at app//org.junit.jupiter.api.AssertionUtils.fail(AssertionUtils.java:55)
	at app//org.junit.jupiter.api.AssertionUtils.failNotEqual(AssertionUtils.java:62)
	at app//org.junit.jupiter.api.AssertEquals.assertEquals(AssertEquals.java:150)
	at app//org.junit.jupiter.api.Assertions.assertEquals(Assertions.java:559)
	at app//de.uka.ilkd.key.proof.runallproofs.proofcollection.ForkedTestFileRunner.processTestFiles(ForkedTestFileRunner.java:129)
	at app//de.uka.ilkd.key.proof.runallproofs.RunAllProofsTestUnit.runTest(RunAllProofsTestUnit.java:85)
	at app//de.uka.ilkd.key.proof.runallproofs.RunAllProofsTest.lambda$data$0(RunAllProofsTest.java:83)
	at app//org.junit.jupiter.engine.descriptor.DynamicTestTestDescriptor.lambda$execute$0(DynamicTestTestDescriptor.java:53)
	at app//org.junit.jupiter.engine.execution.InvocationInterceptorChain$ValidatingInvocation.proceed(InvocationInterceptorChain.java:131)
	at app//org.junit.jupiter.api.extension.InvocationInterceptor.interceptDynamicTest(InvocationInterceptor.java:167)
	at app//org.junit.jupiter.api.extension.InvocationInterceptor.interceptDynamicTest(InvocationInterceptor.java:184)
	at app//org.junit.jupiter.engine.descriptor.DynamicTestTestDescriptor.lambda$execute$1(DynamicTestTestDescriptor.java:61)
	at app//org.junit.jupiter.engine.execution.InvocationInterceptorChain$InterceptorCall.lambda$ofVoid$0(InvocationInterceptorChain.java:78)
	at app//org.junit.jupiter.engine.execution.InvocationInterceptorChain$InterceptedInvocation.proceed(InvocationInterceptorChain.java:106)
	at app//org.junit.jupiter.engine.execution.InvocationInterceptorChain.proceed(InvocationInterceptorChain.java:64)
	at app//org.junit.jupiter.engine.execution.InvocationInterceptorChain.chainAndInvoke(InvocationInterceptorChain.java:45)
	at app//org.junit.jupiter.engine.execution.InvocationInterceptorChain.invoke(InvocationInterceptorChain.java:37)
	at app//org.junit.jupiter.engine.descriptor.DynamicTestTestDescriptor.execute(DynamicTestTestDescriptor.java:60)
	at app//org.junit.jupiter.engine.descriptor.DynamicTestTestDescriptor.execute(DynamicTestTestDescriptor.java:32)
	at app//org.junit.platform.engine.support.hierarchical.NodeTestTask.lambda$executeRecursively$6(NodeTestTask.java:151)
	at app//org.junit.platform.engine.support.hierarchical.ThrowableCollector.execute(ThrowableCollector.java:73)
	at app//org.junit.platform.engine.support.hierarchical.NodeTestTask.lambda$executeRecursively$8(NodeTestTask.java:141)
	at app//org.junit.platform.engine.support.hierarchical.Node.around(Node.java:137)
	at app//org.junit.platform.engine.support.hierarchical.NodeTestTask.lambda$executeRecursively$9(NodeTestTask.java:139)
	at app//org.junit.platform.engine.support.hierarchical.ThrowableCollector.execute(ThrowableCollector.java:73)
	at app//org.junit.platform.engine.support.hierarchical.NodeTestTask.executeRecursively(NodeTestTask.java:138)
	at app//org.junit.platform.engine.support.hierarchical.NodeTestTask.execute(NodeTestTask.java:95)
	at app//org.junit.platform.engine.support.hierarchical.SameThreadHierarchicalTestExecutorService.submit(SameThreadHierarchicalTestExecutorService.java:35)
	at app//org.junit.platform.engine.support.hierarchical.NodeTestTask$DefaultDynamicTestExecutor.execute(NodeTestTask.java:226)
	at app//org.junit.platform.engine.support.hierarchical.NodeTestTask$DefaultDynamicTestExecutor.execute(NodeTestTask.java:204)
	at java.base@11.0.18/java.util.Optional.ifPresent(Optional.java:183)
	at app//org.junit.jupiter.engine.descriptor.TestFactoryTestDescriptor.lambda$invokeTestMethod$1(TestFactoryTestDescriptor.java:108)
	at app//org.junit.platform.engine.support.hierarchical.ThrowableCollector.execute(ThrowableCollector.java:73)
	at app//org.junit.jupiter.engine.descriptor.TestFactoryTestDescriptor.invokeTestMethod(TestFactoryTestDescriptor.java:95)
	at app//org.junit.jupiter.engine.descriptor.TestMethodTestDescriptor.execute(TestMethodTestDescriptor.java:135)
	at app//org.junit.jupiter.engine.descriptor.TestMethodTestDescriptor.execute(TestMethodTestDescriptor.java:66)
	at app//org.junit.platform.engine.support.hierarchical.NodeTestTask.lambda$executeRecursively$6(NodeTestTask.java:151)
	at app//org.junit.platform.engine.support.hierarchical.ThrowableCollector.execute(ThrowableCollector.java:73)
	at app//org.junit.platform.engine.support.hierarchical.NodeTestTask.lambda$executeRecursively$8(NodeTestTask.java:141)
	at app//org.junit.platform.engine.support.hierarchical.Node.around(Node.java:137)
	at app//org.junit.platform.engine.support.hierarchical.NodeTestTask.lambda$executeRecursively$9(NodeTestTask.java:139)
	at app//org.junit.platform.engine.support.hierarchical.ThrowableCollector.execute(ThrowableCollector.java:73)
	at app//org.junit.platform.engine.support.hierarchical.NodeTestTask.executeRecursively(NodeTestTask.java:138)
	at app//org.junit.platform.engine.support.hierarchical.NodeTestTask.execute(NodeTestTask.java:95)
	at java.base@11.0.18/java.util.ArrayList.forEach(ArrayList.java:1541)
	at app//org.junit.platform.engine.support.hierarchical.SameThreadHierarchicalTestExecutorService.invokeAll(SameThreadHierarchicalTestExecutorService.java:41)
	at app//org.junit.platform.engine.support.hierarchical.NodeTestTask.lambda$executeRecursively$6(NodeTestTask.java:155)
	at app//org.junit.platform.engine.support.hierarchical.ThrowableCollector.execute(ThrowableCollector.java:73)
	at app//org.junit.platform.engine.support.hierarchical.NodeTestTask.lambda$executeRecursively$8(NodeTestTask.java:141)
	at app//org.junit.platform.engine.support.hierarchical.Node.around(Node.java:137)
	at app//org.junit.platform.engine.support.hierarchical.NodeTestTask.lambda$executeRecursively$9(NodeTestTask.java:139)
	at app//org.junit.platform.engine.support.hierarchical.ThrowableCollector.execute(ThrowableCollector.java:73)
	at app//org.junit.platform.engine.support.hierarchical.NodeTestTask.executeRecursively(NodeTestTask.java:138)
	at app//org.junit.platform.engine.support.hierarchical.NodeTestTask.execute(NodeTestTask.java:95)
	at java.base@11.0.18/java.util.ArrayList.forEach(ArrayList.java:1541)
	at app//org.junit.platform.engine.support.hierarchical.SameThreadHierarchicalTestExecutorService.invokeAll(SameThreadHierarchicalTestExecutorService.java:41)
	at app//org.junit.platform.engine.support.hierarchical.NodeTestTask.lambda$executeRecursively$6(NodeTestTask.java:155)
	at app//org.junit.platform.engine.support.hierarchical.ThrowableCollector.execute(ThrowableCollector.java:73)
	at app//org.junit.platform.engine.support.hierarchical.NodeTestTask.lambda$executeRecursively$8(NodeTestTask.java:141)
	at app//org.junit.platform.engine.support.hierarchical.Node.around(Node.java:137)
	at app//org.junit.platform.engine.support.hierarchical.NodeTestTask.lambda$executeRecursively$9(NodeTestTask.java:139)
	at app//org.junit.platform.engine.support.hierarchical.ThrowableCollector.execute(ThrowableCollector.java:73)
	at app//org.junit.platform.engine.support.hierarchical.NodeTestTask.executeRecursively(NodeTestTask.java:138)
	at app//org.junit.platform.engine.support.hierarchical.NodeTestTask.execute(NodeTestTask.java:95)
	at app//org.junit.platform.engine.support.hierarchical.SameThreadHierarchicalTestExecutorService.submit(SameThreadHierarchicalTestExecutorService.java:35)
	at app//org.junit.platform.engine.support.hierarchical.HierarchicalTestExecutor.execute(HierarchicalTestExecutor.java:57)
	at app//org.junit.platform.engine.support.hierarchical.HierarchicalTestEngine.execute(HierarchicalTestEngine.java:54)
	at org.junit.platform.launcher.core.EngineExecutionOrchestrator.execute(EngineExecutionOrchestrator.java:107)
	at org.junit.platform.launcher.core.EngineExecutionOrchestrator.execute(EngineExecutionOrchestrator.java:88)
	at org.junit.platform.launcher.core.EngineExecutionOrchestrator.lambda$execute$0(EngineExecutionOrchestrator.java:54)
	at org.junit.platform.launcher.core.EngineExecutionOrchestrator.withInterceptedStreams(EngineExecutionOrchestrator.java:67)
	at org.junit.platform.launcher.core.EngineExecutionOrchestrator.execute(EngineExecutionOrchestrator.java:52)
	at org.junit.platform.launcher.core.DefaultLauncher.execute(DefaultLauncher.java:114)
	at org.junit.platform.launcher.core.DefaultLauncher.execute(DefaultLauncher.java:86)
	at org.junit.platform.launcher.core.DefaultLauncherSession$DelegatingLauncher.execute(DefaultLauncherSession.java:86)
	at org.junit.platform.launcher.core.SessionPerRequestLauncher.execute(SessionPerRequestLauncher.java:53)
	at org.gradle.api.internal.tasks.testing.junitplatform.JUnitPlatformTestClassProcessor$CollectAllTestClassesExecutor.processAllTestClasses(JUnitPlatformTestClassProcessor.java:99)
	at org.gradle.api.internal.tasks.testing.junitplatform.JUnitPlatformTestClassProcessor$CollectAllTestClassesExecutor.access$000(JUnitPlatformTestClassProcessor.java:79)
	at org.gradle.api.internal.tasks.testing.junitplatform.JUnitPlatformTestClassProcessor.stop(JUnitPlatformTestClassProcessor.java:75)
	at org.gradle.api.internal.tasks.testing.SuiteTestClassProcessor.stop(SuiteTestClassProcessor.java:62)
	at java.base@11.0.18/jdk.internal.reflect.NativeMethodAccessorImpl.invoke0(Native Method)
	at java.base@11.0.18/jdk.internal.reflect.NativeMethodAccessorImpl.invoke(NativeMethodAccessorImpl.java:62)
	at java.base@11.0.18/jdk.internal.reflect.DelegatingMethodAccessorImpl.invoke(DelegatingMethodAccessorImpl.java:43)
	at java.base@11.0.18/java.lang.reflect.Method.invoke(Method.java:566)
	at org.gradle.internal.dispatch.ReflectionDispatch.dispatch(ReflectionDispatch.java:36)
	at org.gradle.internal.dispatch.ReflectionDispatch.dispatch(ReflectionDispatch.java:24)
	at org.gradle.internal.dispatch.ContextClassLoaderDispatch.dispatch(ContextClassLoaderDispatch.java:33)
	at org.gradle.internal.dispatch.ProxyDispatchAdapter$DispatchingInvocationHandler.invoke(ProxyDispatchAdapter.java:94)
	at com.sun.proxy.$Proxy2.stop(Unknown Source)
	at org.gradle.api.internal.tasks.testing.worker.TestWorker$3.run(TestWorker.java:193)
	at org.gradle.api.internal.tasks.testing.worker.TestWorker.executeAndMaintainThreadName(TestWorker.java:129)
	at org.gradle.api.internal.tasks.testing.worker.TestWorker.execute(TestWorker.java:100)
	at org.gradle.api.internal.tasks.testing.worker.TestWorker.execute(TestWorker.java:60)
	at org.gradle.process.internal.worker.child.ActionExecutionWorker.execute(ActionExecutionWorker.java:56)
	at org.gradle.process.internal.worker.child.SystemApplicationClassLoaderWorker.call(SystemApplicationClassLoaderWorker.java:113)
	at org.gradle.process.internal.worker.child.SystemApplicationClassLoaderWorker.call(SystemApplicationClassLoaderWorker.java:65)
	at app//worker.org.gradle.process.internal.worker.GradleWorkerMain.run(GradleWorkerMain.java:69)
	at app//worker.org.gradle.process.internal.worker.GradleWorkerMain.main(GradleWorkerMain.java:74)
</failure>
  </testcase>
  <testcase name="javadl" classname="de.uka.ilkd.key.proof.runallproofs.RunAllProofsFunctional" time="2.436">
    <failure message="org.opentest4j.AssertionFailedError: Executed process terminated with non-zero exit value. ==&gt; expected: &lt;0&gt; but was: &lt;1&gt;" type="org.opentest4j.AssertionFailedError">org.opentest4j.AssertionFailedError: Executed process terminated with non-zero exit value. ==&gt; expected: &lt;0&gt; but was: &lt;1&gt;
	at app//org.junit.jupiter.api.AssertionUtils.fail(AssertionUtils.java:55)
	at app//org.junit.jupiter.api.AssertionUtils.failNotEqual(AssertionUtils.java:62)
	at app//org.junit.jupiter.api.AssertEquals.assertEquals(AssertEquals.java:150)
	at app//org.junit.jupiter.api.Assertions.assertEquals(Assertions.java:559)
	at app//de.uka.ilkd.key.proof.runallproofs.proofcollection.ForkedTestFileRunner.processTestFiles(ForkedTestFileRunner.java:129)
	at app//de.uka.ilkd.key.proof.runallproofs.RunAllProofsTestUnit.runTest(RunAllProofsTestUnit.java:85)
	at app//de.uka.ilkd.key.proof.runallproofs.RunAllProofsTest.lambda$data$0(RunAllProofsTest.java:83)
	at app//org.junit.jupiter.engine.descriptor.DynamicTestTestDescriptor.lambda$execute$0(DynamicTestTestDescriptor.java:53)
	at app//org.junit.jupiter.engine.execution.InvocationInterceptorChain$ValidatingInvocation.proceed(InvocationInterceptorChain.java:131)
	at app//org.junit.jupiter.api.extension.InvocationInterceptor.interceptDynamicTest(InvocationInterceptor.java:167)
	at app//org.junit.jupiter.api.extension.InvocationInterceptor.interceptDynamicTest(InvocationInterceptor.java:184)
	at app//org.junit.jupiter.engine.descriptor.DynamicTestTestDescriptor.lambda$execute$1(DynamicTestTestDescriptor.java:61)
	at app//org.junit.jupiter.engine.execution.InvocationInterceptorChain$InterceptorCall.lambda$ofVoid$0(InvocationInterceptorChain.java:78)
	at app//org.junit.jupiter.engine.execution.InvocationInterceptorChain$InterceptedInvocation.proceed(InvocationInterceptorChain.java:106)
	at app//org.junit.jupiter.engine.execution.InvocationInterceptorChain.proceed(InvocationInterceptorChain.java:64)
	at app//org.junit.jupiter.engine.execution.InvocationInterceptorChain.chainAndInvoke(InvocationInterceptorChain.java:45)
	at app//org.junit.jupiter.engine.execution.InvocationInterceptorChain.invoke(InvocationInterceptorChain.java:37)
	at app//org.junit.jupiter.engine.descriptor.DynamicTestTestDescriptor.execute(DynamicTestTestDescriptor.java:60)
	at app//org.junit.jupiter.engine.descriptor.DynamicTestTestDescriptor.execute(DynamicTestTestDescriptor.java:32)
	at app//org.junit.platform.engine.support.hierarchical.NodeTestTask.lambda$executeRecursively$6(NodeTestTask.java:151)
	at app//org.junit.platform.engine.support.hierarchical.ThrowableCollector.execute(ThrowableCollector.java:73)
	at app//org.junit.platform.engine.support.hierarchical.NodeTestTask.lambda$executeRecursively$8(NodeTestTask.java:141)
	at app//org.junit.platform.engine.support.hierarchical.Node.around(Node.java:137)
	at app//org.junit.platform.engine.support.hierarchical.NodeTestTask.lambda$executeRecursively$9(NodeTestTask.java:139)
	at app//org.junit.platform.engine.support.hierarchical.ThrowableCollector.execute(ThrowableCollector.java:73)
	at app//org.junit.platform.engine.support.hierarchical.NodeTestTask.executeRecursively(NodeTestTask.java:138)
	at app//org.junit.platform.engine.support.hierarchical.NodeTestTask.execute(NodeTestTask.java:95)
	at app//org.junit.platform.engine.support.hierarchical.SameThreadHierarchicalTestExecutorService.submit(SameThreadHierarchicalTestExecutorService.java:35)
	at app//org.junit.platform.engine.support.hierarchical.NodeTestTask$DefaultDynamicTestExecutor.execute(NodeTestTask.java:226)
	at app//org.junit.platform.engine.support.hierarchical.NodeTestTask$DefaultDynamicTestExecutor.execute(NodeTestTask.java:204)
	at java.base@11.0.18/java.util.Optional.ifPresent(Optional.java:183)
	at app//org.junit.jupiter.engine.descriptor.TestFactoryTestDescriptor.lambda$invokeTestMethod$1(TestFactoryTestDescriptor.java:108)
	at app//org.junit.platform.engine.support.hierarchical.ThrowableCollector.execute(ThrowableCollector.java:73)
	at app//org.junit.jupiter.engine.descriptor.TestFactoryTestDescriptor.invokeTestMethod(TestFactoryTestDescriptor.java:95)
	at app//org.junit.jupiter.engine.descriptor.TestMethodTestDescriptor.execute(TestMethodTestDescriptor.java:135)
	at app//org.junit.jupiter.engine.descriptor.TestMethodTestDescriptor.execute(TestMethodTestDescriptor.java:66)
	at app//org.junit.platform.engine.support.hierarchical.NodeTestTask.lambda$executeRecursively$6(NodeTestTask.java:151)
	at app//org.junit.platform.engine.support.hierarchical.ThrowableCollector.execute(ThrowableCollector.java:73)
	at app//org.junit.platform.engine.support.hierarchical.NodeTestTask.lambda$executeRecursively$8(NodeTestTask.java:141)
	at app//org.junit.platform.engine.support.hierarchical.Node.around(Node.java:137)
	at app//org.junit.platform.engine.support.hierarchical.NodeTestTask.lambda$executeRecursively$9(NodeTestTask.java:139)
	at app//org.junit.platform.engine.support.hierarchical.ThrowableCollector.execute(ThrowableCollector.java:73)
	at app//org.junit.platform.engine.support.hierarchical.NodeTestTask.executeRecursively(NodeTestTask.java:138)
	at app//org.junit.platform.engine.support.hierarchical.NodeTestTask.execute(NodeTestTask.java:95)
	at java.base@11.0.18/java.util.ArrayList.forEach(ArrayList.java:1541)
	at app//org.junit.platform.engine.support.hierarchical.SameThreadHierarchicalTestExecutorService.invokeAll(SameThreadHierarchicalTestExecutorService.java:41)
	at app//org.junit.platform.engine.support.hierarchical.NodeTestTask.lambda$executeRecursively$6(NodeTestTask.java:155)
	at app//org.junit.platform.engine.support.hierarchical.ThrowableCollector.execute(ThrowableCollector.java:73)
	at app//org.junit.platform.engine.support.hierarchical.NodeTestTask.lambda$executeRecursively$8(NodeTestTask.java:141)
	at app//org.junit.platform.engine.support.hierarchical.Node.around(Node.java:137)
	at app//org.junit.platform.engine.support.hierarchical.NodeTestTask.lambda$executeRecursively$9(NodeTestTask.java:139)
	at app//org.junit.platform.engine.support.hierarchical.ThrowableCollector.execute(ThrowableCollector.java:73)
	at app//org.junit.platform.engine.support.hierarchical.NodeTestTask.executeRecursively(NodeTestTask.java:138)
	at app//org.junit.platform.engine.support.hierarchical.NodeTestTask.execute(NodeTestTask.java:95)
	at java.base@11.0.18/java.util.ArrayList.forEach(ArrayList.java:1541)
	at app//org.junit.platform.engine.support.hierarchical.SameThreadHierarchicalTestExecutorService.invokeAll(SameThreadHierarchicalTestExecutorService.java:41)
	at app//org.junit.platform.engine.support.hierarchical.NodeTestTask.lambda$executeRecursively$6(NodeTestTask.java:155)
	at app//org.junit.platform.engine.support.hierarchical.ThrowableCollector.execute(ThrowableCollector.java:73)
	at app//org.junit.platform.engine.support.hierarchical.NodeTestTask.lambda$executeRecursively$8(NodeTestTask.java:141)
	at app//org.junit.platform.engine.support.hierarchical.Node.around(Node.java:137)
	at app//org.junit.platform.engine.support.hierarchical.NodeTestTask.lambda$executeRecursively$9(NodeTestTask.java:139)
	at app//org.junit.platform.engine.support.hierarchical.ThrowableCollector.execute(ThrowableCollector.java:73)
	at app//org.junit.platform.engine.support.hierarchical.NodeTestTask.executeRecursively(NodeTestTask.java:138)
	at app//org.junit.platform.engine.support.hierarchical.NodeTestTask.execute(NodeTestTask.java:95)
	at app//org.junit.platform.engine.support.hierarchical.SameThreadHierarchicalTestExecutorService.submit(SameThreadHierarchicalTestExecutorService.java:35)
	at app//org.junit.platform.engine.support.hierarchical.HierarchicalTestExecutor.execute(HierarchicalTestExecutor.java:57)
	at app//org.junit.platform.engine.support.hierarchical.HierarchicalTestEngine.execute(HierarchicalTestEngine.java:54)
	at org.junit.platform.launcher.core.EngineExecutionOrchestrator.execute(EngineExecutionOrchestrator.java:107)
	at org.junit.platform.launcher.core.EngineExecutionOrchestrator.execute(EngineExecutionOrchestrator.java:88)
	at org.junit.platform.launcher.core.EngineExecutionOrchestrator.lambda$execute$0(EngineExecutionOrchestrator.java:54)
	at org.junit.platform.launcher.core.EngineExecutionOrchestrator.withInterceptedStreams(EngineExecutionOrchestrator.java:67)
	at org.junit.platform.launcher.core.EngineExecutionOrchestrator.execute(EngineExecutionOrchestrator.java:52)
	at org.junit.platform.launcher.core.DefaultLauncher.execute(DefaultLauncher.java:114)
	at org.junit.platform.launcher.core.DefaultLauncher.execute(DefaultLauncher.java:86)
	at org.junit.platform.launcher.core.DefaultLauncherSession$DelegatingLauncher.execute(DefaultLauncherSession.java:86)
	at org.junit.platform.launcher.core.SessionPerRequestLauncher.execute(SessionPerRequestLauncher.java:53)
	at org.gradle.api.internal.tasks.testing.junitplatform.JUnitPlatformTestClassProcessor$CollectAllTestClassesExecutor.processAllTestClasses(JUnitPlatformTestClassProcessor.java:99)
	at org.gradle.api.internal.tasks.testing.junitplatform.JUnitPlatformTestClassProcessor$CollectAllTestClassesExecutor.access$000(JUnitPlatformTestClassProcessor.java:79)
	at org.gradle.api.internal.tasks.testing.junitplatform.JUnitPlatformTestClassProcessor.stop(JUnitPlatformTestClassProcessor.java:75)
	at org.gradle.api.internal.tasks.testing.SuiteTestClassProcessor.stop(SuiteTestClassProcessor.java:62)
	at java.base@11.0.18/jdk.internal.reflect.NativeMethodAccessorImpl.invoke0(Native Method)
	at java.base@11.0.18/jdk.internal.reflect.NativeMethodAccessorImpl.invoke(NativeMethodAccessorImpl.java:62)
	at java.base@11.0.18/jdk.internal.reflect.DelegatingMethodAccessorImpl.invoke(DelegatingMethodAccessorImpl.java:43)
	at java.base@11.0.18/java.lang.reflect.Method.invoke(Method.java:566)
	at org.gradle.internal.dispatch.ReflectionDispatch.dispatch(ReflectionDispatch.java:36)
	at org.gradle.internal.dispatch.ReflectionDispatch.dispatch(ReflectionDispatch.java:24)
	at org.gradle.internal.dispatch.ContextClassLoaderDispatch.dispatch(ContextClassLoaderDispatch.java:33)
	at org.gradle.internal.dispatch.ProxyDispatchAdapter$DispatchingInvocationHandler.invoke(ProxyDispatchAdapter.java:94)
	at com.sun.proxy.$Proxy2.stop(Unknown Source)
	at org.gradle.api.internal.tasks.testing.worker.TestWorker$3.run(TestWorker.java:193)
	at org.gradle.api.internal.tasks.testing.worker.TestWorker.executeAndMaintainThreadName(TestWorker.java:129)
	at org.gradle.api.internal.tasks.testing.worker.TestWorker.execute(TestWorker.java:100)
	at org.gradle.api.internal.tasks.testing.worker.TestWorker.execute(TestWorker.java:60)
	at org.gradle.process.internal.worker.child.ActionExecutionWorker.execute(ActionExecutionWorker.java:56)
	at org.gradle.process.internal.worker.child.SystemApplicationClassLoaderWorker.call(SystemApplicationClassLoaderWorker.java:113)
	at org.gradle.process.internal.worker.child.SystemApplicationClassLoaderWorker.call(SystemApplicationClassLoaderWorker.java:65)
	at app//worker.org.gradle.process.internal.worker.GradleWorkerMain.run(GradleWorkerMain.java:69)
	at app//worker.org.gradle.process.internal.worker.GradleWorkerMain.main(GradleWorkerMain.java:74)
</failure>
  </testcase>
  <testcase name="FOL" classname="de.uka.ilkd.key.proof.runallproofs.RunAllProofsFunctional" time="1.883">
    <failure message="org.opentest4j.AssertionFailedError: Executed process terminated with non-zero exit value. ==&gt; expected: &lt;0&gt; but was: &lt;1&gt;" type="org.opentest4j.AssertionFailedError">org.opentest4j.AssertionFailedError: Executed process terminated with non-zero exit value. ==&gt; expected: &lt;0&gt; but was: &lt;1&gt;
	at app//org.junit.jupiter.api.AssertionUtils.fail(AssertionUtils.java:55)
	at app//org.junit.jupiter.api.AssertionUtils.failNotEqual(AssertionUtils.java:62)
	at app//org.junit.jupiter.api.AssertEquals.assertEquals(AssertEquals.java:150)
	at app//org.junit.jupiter.api.Assertions.assertEquals(Assertions.java:559)
	at app//de.uka.ilkd.key.proof.runallproofs.proofcollection.ForkedTestFileRunner.processTestFiles(ForkedTestFileRunner.java:129)
	at app//de.uka.ilkd.key.proof.runallproofs.RunAllProofsTestUnit.runTest(RunAllProofsTestUnit.java:85)
	at app//de.uka.ilkd.key.proof.runallproofs.RunAllProofsTest.lambda$data$0(RunAllProofsTest.java:83)
	at app//org.junit.jupiter.engine.descriptor.DynamicTestTestDescriptor.lambda$execute$0(DynamicTestTestDescriptor.java:53)
	at app//org.junit.jupiter.engine.execution.InvocationInterceptorChain$ValidatingInvocation.proceed(InvocationInterceptorChain.java:131)
	at app//org.junit.jupiter.api.extension.InvocationInterceptor.interceptDynamicTest(InvocationInterceptor.java:167)
	at app//org.junit.jupiter.api.extension.InvocationInterceptor.interceptDynamicTest(InvocationInterceptor.java:184)
	at app//org.junit.jupiter.engine.descriptor.DynamicTestTestDescriptor.lambda$execute$1(DynamicTestTestDescriptor.java:61)
	at app//org.junit.jupiter.engine.execution.InvocationInterceptorChain$InterceptorCall.lambda$ofVoid$0(InvocationInterceptorChain.java:78)
	at app//org.junit.jupiter.engine.execution.InvocationInterceptorChain$InterceptedInvocation.proceed(InvocationInterceptorChain.java:106)
	at app//org.junit.jupiter.engine.execution.InvocationInterceptorChain.proceed(InvocationInterceptorChain.java:64)
	at app//org.junit.jupiter.engine.execution.InvocationInterceptorChain.chainAndInvoke(InvocationInterceptorChain.java:45)
	at app//org.junit.jupiter.engine.execution.InvocationInterceptorChain.invoke(InvocationInterceptorChain.java:37)
	at app//org.junit.jupiter.engine.descriptor.DynamicTestTestDescriptor.execute(DynamicTestTestDescriptor.java:60)
	at app//org.junit.jupiter.engine.descriptor.DynamicTestTestDescriptor.execute(DynamicTestTestDescriptor.java:32)
	at app//org.junit.platform.engine.support.hierarchical.NodeTestTask.lambda$executeRecursively$6(NodeTestTask.java:151)
	at app//org.junit.platform.engine.support.hierarchical.ThrowableCollector.execute(ThrowableCollector.java:73)
	at app//org.junit.platform.engine.support.hierarchical.NodeTestTask.lambda$executeRecursively$8(NodeTestTask.java:141)
	at app//org.junit.platform.engine.support.hierarchical.Node.around(Node.java:137)
	at app//org.junit.platform.engine.support.hierarchical.NodeTestTask.lambda$executeRecursively$9(NodeTestTask.java:139)
	at app//org.junit.platform.engine.support.hierarchical.ThrowableCollector.execute(ThrowableCollector.java:73)
	at app//org.junit.platform.engine.support.hierarchical.NodeTestTask.executeRecursively(NodeTestTask.java:138)
	at app//org.junit.platform.engine.support.hierarchical.NodeTestTask.execute(NodeTestTask.java:95)
	at app//org.junit.platform.engine.support.hierarchical.SameThreadHierarchicalTestExecutorService.submit(SameThreadHierarchicalTestExecutorService.java:35)
	at app//org.junit.platform.engine.support.hierarchical.NodeTestTask$DefaultDynamicTestExecutor.execute(NodeTestTask.java:226)
	at app//org.junit.platform.engine.support.hierarchical.NodeTestTask$DefaultDynamicTestExecutor.execute(NodeTestTask.java:204)
	at java.base@11.0.18/java.util.Optional.ifPresent(Optional.java:183)
	at app//org.junit.jupiter.engine.descriptor.TestFactoryTestDescriptor.lambda$invokeTestMethod$1(TestFactoryTestDescriptor.java:108)
	at app//org.junit.platform.engine.support.hierarchical.ThrowableCollector.execute(ThrowableCollector.java:73)
	at app//org.junit.jupiter.engine.descriptor.TestFactoryTestDescriptor.invokeTestMethod(TestFactoryTestDescriptor.java:95)
	at app//org.junit.jupiter.engine.descriptor.TestMethodTestDescriptor.execute(TestMethodTestDescriptor.java:135)
	at app//org.junit.jupiter.engine.descriptor.TestMethodTestDescriptor.execute(TestMethodTestDescriptor.java:66)
	at app//org.junit.platform.engine.support.hierarchical.NodeTestTask.lambda$executeRecursively$6(NodeTestTask.java:151)
	at app//org.junit.platform.engine.support.hierarchical.ThrowableCollector.execute(ThrowableCollector.java:73)
	at app//org.junit.platform.engine.support.hierarchical.NodeTestTask.lambda$executeRecursively$8(NodeTestTask.java:141)
	at app//org.junit.platform.engine.support.hierarchical.Node.around(Node.java:137)
	at app//org.junit.platform.engine.support.hierarchical.NodeTestTask.lambda$executeRecursively$9(NodeTestTask.java:139)
	at app//org.junit.platform.engine.support.hierarchical.ThrowableCollector.execute(ThrowableCollector.java:73)
	at app//org.junit.platform.engine.support.hierarchical.NodeTestTask.executeRecursively(NodeTestTask.java:138)
	at app//org.junit.platform.engine.support.hierarchical.NodeTestTask.execute(NodeTestTask.java:95)
	at java.base@11.0.18/java.util.ArrayList.forEach(ArrayList.java:1541)
	at app//org.junit.platform.engine.support.hierarchical.SameThreadHierarchicalTestExecutorService.invokeAll(SameThreadHierarchicalTestExecutorService.java:41)
	at app//org.junit.platform.engine.support.hierarchical.NodeTestTask.lambda$executeRecursively$6(NodeTestTask.java:155)
	at app//org.junit.platform.engine.support.hierarchical.ThrowableCollector.execute(ThrowableCollector.java:73)
	at app//org.junit.platform.engine.support.hierarchical.NodeTestTask.lambda$executeRecursively$8(NodeTestTask.java:141)
	at app//org.junit.platform.engine.support.hierarchical.Node.around(Node.java:137)
	at app//org.junit.platform.engine.support.hierarchical.NodeTestTask.lambda$executeRecursively$9(NodeTestTask.java:139)
	at app//org.junit.platform.engine.support.hierarchical.ThrowableCollector.execute(ThrowableCollector.java:73)
	at app//org.junit.platform.engine.support.hierarchical.NodeTestTask.executeRecursively(NodeTestTask.java:138)
	at app//org.junit.platform.engine.support.hierarchical.NodeTestTask.execute(NodeTestTask.java:95)
	at java.base@11.0.18/java.util.ArrayList.forEach(ArrayList.java:1541)
	at app//org.junit.platform.engine.support.hierarchical.SameThreadHierarchicalTestExecutorService.invokeAll(SameThreadHierarchicalTestExecutorService.java:41)
	at app//org.junit.platform.engine.support.hierarchical.NodeTestTask.lambda$executeRecursively$6(NodeTestTask.java:155)
	at app//org.junit.platform.engine.support.hierarchical.ThrowableCollector.execute(ThrowableCollector.java:73)
	at app//org.junit.platform.engine.support.hierarchical.NodeTestTask.lambda$executeRecursively$8(NodeTestTask.java:141)
	at app//org.junit.platform.engine.support.hierarchical.Node.around(Node.java:137)
	at app//org.junit.platform.engine.support.hierarchical.NodeTestTask.lambda$executeRecursively$9(NodeTestTask.java:139)
	at app//org.junit.platform.engine.support.hierarchical.ThrowableCollector.execute(ThrowableCollector.java:73)
	at app//org.junit.platform.engine.support.hierarchical.NodeTestTask.executeRecursively(NodeTestTask.java:138)
	at app//org.junit.platform.engine.support.hierarchical.NodeTestTask.execute(NodeTestTask.java:95)
	at app//org.junit.platform.engine.support.hierarchical.SameThreadHierarchicalTestExecutorService.submit(SameThreadHierarchicalTestExecutorService.java:35)
	at app//org.junit.platform.engine.support.hierarchical.HierarchicalTestExecutor.execute(HierarchicalTestExecutor.java:57)
	at app//org.junit.platform.engine.support.hierarchical.HierarchicalTestEngine.execute(HierarchicalTestEngine.java:54)
	at org.junit.platform.launcher.core.EngineExecutionOrchestrator.execute(EngineExecutionOrchestrator.java:107)
	at org.junit.platform.launcher.core.EngineExecutionOrchestrator.execute(EngineExecutionOrchestrator.java:88)
	at org.junit.platform.launcher.core.EngineExecutionOrchestrator.lambda$execute$0(EngineExecutionOrchestrator.java:54)
	at org.junit.platform.launcher.core.EngineExecutionOrchestrator.withInterceptedStreams(EngineExecutionOrchestrator.java:67)
	at org.junit.platform.launcher.core.EngineExecutionOrchestrator.execute(EngineExecutionOrchestrator.java:52)
	at org.junit.platform.launcher.core.DefaultLauncher.execute(DefaultLauncher.java:114)
	at org.junit.platform.launcher.core.DefaultLauncher.execute(DefaultLauncher.java:86)
	at org.junit.platform.launcher.core.DefaultLauncherSession$DelegatingLauncher.execute(DefaultLauncherSession.java:86)
	at org.junit.platform.launcher.core.SessionPerRequestLauncher.execute(SessionPerRequestLauncher.java:53)
	at org.gradle.api.internal.tasks.testing.junitplatform.JUnitPlatformTestClassProcessor$CollectAllTestClassesExecutor.processAllTestClasses(JUnitPlatformTestClassProcessor.java:99)
	at org.gradle.api.internal.tasks.testing.junitplatform.JUnitPlatformTestClassProcessor$CollectAllTestClassesExecutor.access$000(JUnitPlatformTestClassProcessor.java:79)
	at org.gradle.api.internal.tasks.testing.junitplatform.JUnitPlatformTestClassProcessor.stop(JUnitPlatformTestClassProcessor.java:75)
	at org.gradle.api.internal.tasks.testing.SuiteTestClassProcessor.stop(SuiteTestClassProcessor.java:62)
	at java.base@11.0.18/jdk.internal.reflect.NativeMethodAccessorImpl.invoke0(Native Method)
	at java.base@11.0.18/jdk.internal.reflect.NativeMethodAccessorImpl.invoke(NativeMethodAccessorImpl.java:62)
	at java.base@11.0.18/jdk.internal.reflect.DelegatingMethodAccessorImpl.invoke(DelegatingMethodAccessorImpl.java:43)
	at java.base@11.0.18/java.lang.reflect.Method.invoke(Method.java:566)
	at org.gradle.internal.dispatch.ReflectionDispatch.dispatch(ReflectionDispatch.java:36)
	at org.gradle.internal.dispatch.ReflectionDispatch.dispatch(ReflectionDispatch.java:24)
	at org.gradle.internal.dispatch.ContextClassLoaderDispatch.dispatch(ContextClassLoaderDispatch.java:33)
	at org.gradle.internal.dispatch.ProxyDispatchAdapter$DispatchingInvocationHandler.invoke(ProxyDispatchAdapter.java:94)
	at com.sun.proxy.$Proxy2.stop(Unknown Source)
	at org.gradle.api.internal.tasks.testing.worker.TestWorker$3.run(TestWorker.java:193)
	at org.gradle.api.internal.tasks.testing.worker.TestWorker.executeAndMaintainThreadName(TestWorker.java:129)
	at org.gradle.api.internal.tasks.testing.worker.TestWorker.execute(TestWorker.java:100)
	at org.gradle.api.internal.tasks.testing.worker.TestWorker.execute(TestWorker.java:60)
	at org.gradle.process.internal.worker.child.ActionExecutionWorker.execute(ActionExecutionWorker.java:56)
	at org.gradle.process.internal.worker.child.SystemApplicationClassLoaderWorker.call(SystemApplicationClassLoaderWorker.java:113)
	at org.gradle.process.internal.worker.child.SystemApplicationClassLoaderWorker.call(SystemApplicationClassLoaderWorker.java:65)
	at app//worker.org.gradle.process.internal.worker.GradleWorkerMain.run(GradleWorkerMain.java:69)
	at app//worker.org.gradle.process.internal.worker.GradleWorkerMain.main(GradleWorkerMain.java:74)
</failure>
  </testcase>
  <testcase name="strings" classname="de.uka.ilkd.key.proof.runallproofs.RunAllProofsFunctional" time="1.57">
    <failure message="org.opentest4j.AssertionFailedError: Executed process terminated with non-zero exit value. ==&gt; expected: &lt;0&gt; but was: &lt;1&gt;" type="org.opentest4j.AssertionFailedError">org.opentest4j.AssertionFailedError: Executed process terminated with non-zero exit value. ==&gt; expected: &lt;0&gt; but was: &lt;1&gt;
	at app//org.junit.jupiter.api.AssertionUtils.fail(AssertionUtils.java:55)
	at app//org.junit.jupiter.api.AssertionUtils.failNotEqual(AssertionUtils.java:62)
	at app//org.junit.jupiter.api.AssertEquals.assertEquals(AssertEquals.java:150)
	at app//org.junit.jupiter.api.Assertions.assertEquals(Assertions.java:559)
	at app//de.uka.ilkd.key.proof.runallproofs.proofcollection.ForkedTestFileRunner.processTestFiles(ForkedTestFileRunner.java:129)
	at app//de.uka.ilkd.key.proof.runallproofs.RunAllProofsTestUnit.runTest(RunAllProofsTestUnit.java:85)
	at app//de.uka.ilkd.key.proof.runallproofs.RunAllProofsTest.lambda$data$0(RunAllProofsTest.java:83)
	at app//org.junit.jupiter.engine.descriptor.DynamicTestTestDescriptor.lambda$execute$0(DynamicTestTestDescriptor.java:53)
	at app//org.junit.jupiter.engine.execution.InvocationInterceptorChain$ValidatingInvocation.proceed(InvocationInterceptorChain.java:131)
	at app//org.junit.jupiter.api.extension.InvocationInterceptor.interceptDynamicTest(InvocationInterceptor.java:167)
	at app//org.junit.jupiter.api.extension.InvocationInterceptor.interceptDynamicTest(InvocationInterceptor.java:184)
	at app//org.junit.jupiter.engine.descriptor.DynamicTestTestDescriptor.lambda$execute$1(DynamicTestTestDescriptor.java:61)
	at app//org.junit.jupiter.engine.execution.InvocationInterceptorChain$InterceptorCall.lambda$ofVoid$0(InvocationInterceptorChain.java:78)
	at app//org.junit.jupiter.engine.execution.InvocationInterceptorChain$InterceptedInvocation.proceed(InvocationInterceptorChain.java:106)
	at app//org.junit.jupiter.engine.execution.InvocationInterceptorChain.proceed(InvocationInterceptorChain.java:64)
	at app//org.junit.jupiter.engine.execution.InvocationInterceptorChain.chainAndInvoke(InvocationInterceptorChain.java:45)
	at app//org.junit.jupiter.engine.execution.InvocationInterceptorChain.invoke(InvocationInterceptorChain.java:37)
	at app//org.junit.jupiter.engine.descriptor.DynamicTestTestDescriptor.execute(DynamicTestTestDescriptor.java:60)
	at app//org.junit.jupiter.engine.descriptor.DynamicTestTestDescriptor.execute(DynamicTestTestDescriptor.java:32)
	at app//org.junit.platform.engine.support.hierarchical.NodeTestTask.lambda$executeRecursively$6(NodeTestTask.java:151)
	at app//org.junit.platform.engine.support.hierarchical.ThrowableCollector.execute(ThrowableCollector.java:73)
	at app//org.junit.platform.engine.support.hierarchical.NodeTestTask.lambda$executeRecursively$8(NodeTestTask.java:141)
	at app//org.junit.platform.engine.support.hierarchical.Node.around(Node.java:137)
	at app//org.junit.platform.engine.support.hierarchical.NodeTestTask.lambda$executeRecursively$9(NodeTestTask.java:139)
	at app//org.junit.platform.engine.support.hierarchical.ThrowableCollector.execute(ThrowableCollector.java:73)
	at app//org.junit.platform.engine.support.hierarchical.NodeTestTask.executeRecursively(NodeTestTask.java:138)
	at app//org.junit.platform.engine.support.hierarchical.NodeTestTask.execute(NodeTestTask.java:95)
	at app//org.junit.platform.engine.support.hierarchical.SameThreadHierarchicalTestExecutorService.submit(SameThreadHierarchicalTestExecutorService.java:35)
	at app//org.junit.platform.engine.support.hierarchical.NodeTestTask$DefaultDynamicTestExecutor.execute(NodeTestTask.java:226)
	at app//org.junit.platform.engine.support.hierarchical.NodeTestTask$DefaultDynamicTestExecutor.execute(NodeTestTask.java:204)
	at java.base@11.0.18/java.util.Optional.ifPresent(Optional.java:183)
	at app//org.junit.jupiter.engine.descriptor.TestFactoryTestDescriptor.lambda$invokeTestMethod$1(TestFactoryTestDescriptor.java:108)
	at app//org.junit.platform.engine.support.hierarchical.ThrowableCollector.execute(ThrowableCollector.java:73)
	at app//org.junit.jupiter.engine.descriptor.TestFactoryTestDescriptor.invokeTestMethod(TestFactoryTestDescriptor.java:95)
	at app//org.junit.jupiter.engine.descriptor.TestMethodTestDescriptor.execute(TestMethodTestDescriptor.java:135)
	at app//org.junit.jupiter.engine.descriptor.TestMethodTestDescriptor.execute(TestMethodTestDescriptor.java:66)
	at app//org.junit.platform.engine.support.hierarchical.NodeTestTask.lambda$executeRecursively$6(NodeTestTask.java:151)
	at app//org.junit.platform.engine.support.hierarchical.ThrowableCollector.execute(ThrowableCollector.java:73)
	at app//org.junit.platform.engine.support.hierarchical.NodeTestTask.lambda$executeRecursively$8(NodeTestTask.java:141)
	at app//org.junit.platform.engine.support.hierarchical.Node.around(Node.java:137)
	at app//org.junit.platform.engine.support.hierarchical.NodeTestTask.lambda$executeRecursively$9(NodeTestTask.java:139)
	at app//org.junit.platform.engine.support.hierarchical.ThrowableCollector.execute(ThrowableCollector.java:73)
	at app//org.junit.platform.engine.support.hierarchical.NodeTestTask.executeRecursively(NodeTestTask.java:138)
	at app//org.junit.platform.engine.support.hierarchical.NodeTestTask.execute(NodeTestTask.java:95)
	at java.base@11.0.18/java.util.ArrayList.forEach(ArrayList.java:1541)
	at app//org.junit.platform.engine.support.hierarchical.SameThreadHierarchicalTestExecutorService.invokeAll(SameThreadHierarchicalTestExecutorService.java:41)
	at app//org.junit.platform.engine.support.hierarchical.NodeTestTask.lambda$executeRecursively$6(NodeTestTask.java:155)
	at app//org.junit.platform.engine.support.hierarchical.ThrowableCollector.execute(ThrowableCollector.java:73)
	at app//org.junit.platform.engine.support.hierarchical.NodeTestTask.lambda$executeRecursively$8(NodeTestTask.java:141)
	at app//org.junit.platform.engine.support.hierarchical.Node.around(Node.java:137)
	at app//org.junit.platform.engine.support.hierarchical.NodeTestTask.lambda$executeRecursively$9(NodeTestTask.java:139)
	at app//org.junit.platform.engine.support.hierarchical.ThrowableCollector.execute(ThrowableCollector.java:73)
	at app//org.junit.platform.engine.support.hierarchical.NodeTestTask.executeRecursively(NodeTestTask.java:138)
	at app//org.junit.platform.engine.support.hierarchical.NodeTestTask.execute(NodeTestTask.java:95)
	at java.base@11.0.18/java.util.ArrayList.forEach(ArrayList.java:1541)
	at app//org.junit.platform.engine.support.hierarchical.SameThreadHierarchicalTestExecutorService.invokeAll(SameThreadHierarchicalTestExecutorService.java:41)
	at app//org.junit.platform.engine.support.hierarchical.NodeTestTask.lambda$executeRecursively$6(NodeTestTask.java:155)
	at app//org.junit.platform.engine.support.hierarchical.ThrowableCollector.execute(ThrowableCollector.java:73)
	at app//org.junit.platform.engine.support.hierarchical.NodeTestTask.lambda$executeRecursively$8(NodeTestTask.java:141)
	at app//org.junit.platform.engine.support.hierarchical.Node.around(Node.java:137)
	at app//org.junit.platform.engine.support.hierarchical.NodeTestTask.lambda$executeRecursively$9(NodeTestTask.java:139)
	at app//org.junit.platform.engine.support.hierarchical.ThrowableCollector.execute(ThrowableCollector.java:73)
	at app//org.junit.platform.engine.support.hierarchical.NodeTestTask.executeRecursively(NodeTestTask.java:138)
	at app//org.junit.platform.engine.support.hierarchical.NodeTestTask.execute(NodeTestTask.java:95)
	at app//org.junit.platform.engine.support.hierarchical.SameThreadHierarchicalTestExecutorService.submit(SameThreadHierarchicalTestExecutorService.java:35)
	at app//org.junit.platform.engine.support.hierarchical.HierarchicalTestExecutor.execute(HierarchicalTestExecutor.java:57)
	at app//org.junit.platform.engine.support.hierarchical.HierarchicalTestEngine.execute(HierarchicalTestEngine.java:54)
	at org.junit.platform.launcher.core.EngineExecutionOrchestrator.execute(EngineExecutionOrchestrator.java:107)
	at org.junit.platform.launcher.core.EngineExecutionOrchestrator.execute(EngineExecutionOrchestrator.java:88)
	at org.junit.platform.launcher.core.EngineExecutionOrchestrator.lambda$execute$0(EngineExecutionOrchestrator.java:54)
	at org.junit.platform.launcher.core.EngineExecutionOrchestrator.withInterceptedStreams(EngineExecutionOrchestrator.java:67)
	at org.junit.platform.launcher.core.EngineExecutionOrchestrator.execute(EngineExecutionOrchestrator.java:52)
	at org.junit.platform.launcher.core.DefaultLauncher.execute(DefaultLauncher.java:114)
	at org.junit.platform.launcher.core.DefaultLauncher.execute(DefaultLauncher.java:86)
	at org.junit.platform.launcher.core.DefaultLauncherSession$DelegatingLauncher.execute(DefaultLauncherSession.java:86)
	at org.junit.platform.launcher.core.SessionPerRequestLauncher.execute(SessionPerRequestLauncher.java:53)
	at org.gradle.api.internal.tasks.testing.junitplatform.JUnitPlatformTestClassProcessor$CollectAllTestClassesExecutor.processAllTestClasses(JUnitPlatformTestClassProcessor.java:99)
	at org.gradle.api.internal.tasks.testing.junitplatform.JUnitPlatformTestClassProcessor$CollectAllTestClassesExecutor.access$000(JUnitPlatformTestClassProcessor.java:79)
	at org.gradle.api.internal.tasks.testing.junitplatform.JUnitPlatformTestClassProcessor.stop(JUnitPlatformTestClassProcessor.java:75)
	at org.gradle.api.internal.tasks.testing.SuiteTestClassProcessor.stop(SuiteTestClassProcessor.java:62)
	at java.base@11.0.18/jdk.internal.reflect.NativeMethodAccessorImpl.invoke0(Native Method)
	at java.base@11.0.18/jdk.internal.reflect.NativeMethodAccessorImpl.invoke(NativeMethodAccessorImpl.java:62)
	at java.base@11.0.18/jdk.internal.reflect.DelegatingMethodAccessorImpl.invoke(DelegatingMethodAccessorImpl.java:43)
	at java.base@11.0.18/java.lang.reflect.Method.invoke(Method.java:566)
	at org.gradle.internal.dispatch.ReflectionDispatch.dispatch(ReflectionDispatch.java:36)
	at org.gradle.internal.dispatch.ReflectionDispatch.dispatch(ReflectionDispatch.java:24)
	at org.gradle.internal.dispatch.ContextClassLoaderDispatch.dispatch(ContextClassLoaderDispatch.java:33)
	at org.gradle.internal.dispatch.ProxyDispatchAdapter$DispatchingInvocationHandler.invoke(ProxyDispatchAdapter.java:94)
	at com.sun.proxy.$Proxy2.stop(Unknown Source)
	at org.gradle.api.internal.tasks.testing.worker.TestWorker$3.run(TestWorker.java:193)
	at org.gradle.api.internal.tasks.testing.worker.TestWorker.executeAndMaintainThreadName(TestWorker.java:129)
	at org.gradle.api.internal.tasks.testing.worker.TestWorker.execute(TestWorker.java:100)
	at org.gradle.api.internal.tasks.testing.worker.TestWorker.execute(TestWorker.java:60)
	at org.gradle.process.internal.worker.child.ActionExecutionWorker.execute(ActionExecutionWorker.java:56)
	at org.gradle.process.internal.worker.child.SystemApplicationClassLoaderWorker.call(SystemApplicationClassLoaderWorker.java:113)
	at org.gradle.process.internal.worker.child.SystemApplicationClassLoaderWorker.call(SystemApplicationClassLoaderWorker.java:65)
	at app//worker.org.gradle.process.internal.worker.GradleWorkerMain.run(GradleWorkerMain.java:69)
	at app//worker.org.gradle.process.internal.worker.GradleWorkerMain.main(GradleWorkerMain.java:74)
</failure>
  </testcase>
  <testcase name="simple_info_flow" classname="de.uka.ilkd.key.proof.runallproofs.RunAllProofsFunctional" time="1.08">
    <failure message="org.opentest4j.AssertionFailedError: Executed process terminated with non-zero exit value. ==&gt; expected: &lt;0&gt; but was: &lt;1&gt;" type="org.opentest4j.AssertionFailedError">org.opentest4j.AssertionFailedError: Executed process terminated with non-zero exit value. ==&gt; expected: &lt;0&gt; but was: &lt;1&gt;
	at app//org.junit.jupiter.api.AssertionUtils.fail(AssertionUtils.java:55)
	at app//org.junit.jupiter.api.AssertionUtils.failNotEqual(AssertionUtils.java:62)
	at app//org.junit.jupiter.api.AssertEquals.assertEquals(AssertEquals.java:150)
	at app//org.junit.jupiter.api.Assertions.assertEquals(Assertions.java:559)
	at app//de.uka.ilkd.key.proof.runallproofs.proofcollection.ForkedTestFileRunner.processTestFiles(ForkedTestFileRunner.java:129)
	at app//de.uka.ilkd.key.proof.runallproofs.RunAllProofsTestUnit.runTest(RunAllProofsTestUnit.java:85)
	at app//de.uka.ilkd.key.proof.runallproofs.RunAllProofsTest.lambda$data$0(RunAllProofsTest.java:83)
	at app//org.junit.jupiter.engine.descriptor.DynamicTestTestDescriptor.lambda$execute$0(DynamicTestTestDescriptor.java:53)
	at app//org.junit.jupiter.engine.execution.InvocationInterceptorChain$ValidatingInvocation.proceed(InvocationInterceptorChain.java:131)
	at app//org.junit.jupiter.api.extension.InvocationInterceptor.interceptDynamicTest(InvocationInterceptor.java:167)
	at app//org.junit.jupiter.api.extension.InvocationInterceptor.interceptDynamicTest(InvocationInterceptor.java:184)
	at app//org.junit.jupiter.engine.descriptor.DynamicTestTestDescriptor.lambda$execute$1(DynamicTestTestDescriptor.java:61)
	at app//org.junit.jupiter.engine.execution.InvocationInterceptorChain$InterceptorCall.lambda$ofVoid$0(InvocationInterceptorChain.java:78)
	at app//org.junit.jupiter.engine.execution.InvocationInterceptorChain$InterceptedInvocation.proceed(InvocationInterceptorChain.java:106)
	at app//org.junit.jupiter.engine.execution.InvocationInterceptorChain.proceed(InvocationInterceptorChain.java:64)
	at app//org.junit.jupiter.engine.execution.InvocationInterceptorChain.chainAndInvoke(InvocationInterceptorChain.java:45)
	at app//org.junit.jupiter.engine.execution.InvocationInterceptorChain.invoke(InvocationInterceptorChain.java:37)
	at app//org.junit.jupiter.engine.descriptor.DynamicTestTestDescriptor.execute(DynamicTestTestDescriptor.java:60)
	at app//org.junit.jupiter.engine.descriptor.DynamicTestTestDescriptor.execute(DynamicTestTestDescriptor.java:32)
	at app//org.junit.platform.engine.support.hierarchical.NodeTestTask.lambda$executeRecursively$6(NodeTestTask.java:151)
	at app//org.junit.platform.engine.support.hierarchical.ThrowableCollector.execute(ThrowableCollector.java:73)
	at app//org.junit.platform.engine.support.hierarchical.NodeTestTask.lambda$executeRecursively$8(NodeTestTask.java:141)
	at app//org.junit.platform.engine.support.hierarchical.Node.around(Node.java:137)
	at app//org.junit.platform.engine.support.hierarchical.NodeTestTask.lambda$executeRecursively$9(NodeTestTask.java:139)
	at app//org.junit.platform.engine.support.hierarchical.ThrowableCollector.execute(ThrowableCollector.java:73)
	at app//org.junit.platform.engine.support.hierarchical.NodeTestTask.executeRecursively(NodeTestTask.java:138)
	at app//org.junit.platform.engine.support.hierarchical.NodeTestTask.execute(NodeTestTask.java:95)
	at app//org.junit.platform.engine.support.hierarchical.SameThreadHierarchicalTestExecutorService.submit(SameThreadHierarchicalTestExecutorService.java:35)
	at app//org.junit.platform.engine.support.hierarchical.NodeTestTask$DefaultDynamicTestExecutor.execute(NodeTestTask.java:226)
	at app//org.junit.platform.engine.support.hierarchical.NodeTestTask$DefaultDynamicTestExecutor.execute(NodeTestTask.java:204)
	at java.base@11.0.18/java.util.Optional.ifPresent(Optional.java:183)
	at app//org.junit.jupiter.engine.descriptor.TestFactoryTestDescriptor.lambda$invokeTestMethod$1(TestFactoryTestDescriptor.java:108)
	at app//org.junit.platform.engine.support.hierarchical.ThrowableCollector.execute(ThrowableCollector.java:73)
	at app//org.junit.jupiter.engine.descriptor.TestFactoryTestDescriptor.invokeTestMethod(TestFactoryTestDescriptor.java:95)
	at app//org.junit.jupiter.engine.descriptor.TestMethodTestDescriptor.execute(TestMethodTestDescriptor.java:135)
	at app//org.junit.jupiter.engine.descriptor.TestMethodTestDescriptor.execute(TestMethodTestDescriptor.java:66)
	at app//org.junit.platform.engine.support.hierarchical.NodeTestTask.lambda$executeRecursively$6(NodeTestTask.java:151)
	at app//org.junit.platform.engine.support.hierarchical.ThrowableCollector.execute(ThrowableCollector.java:73)
	at app//org.junit.platform.engine.support.hierarchical.NodeTestTask.lambda$executeRecursively$8(NodeTestTask.java:141)
	at app//org.junit.platform.engine.support.hierarchical.Node.around(Node.java:137)
	at app//org.junit.platform.engine.support.hierarchical.NodeTestTask.lambda$executeRecursively$9(NodeTestTask.java:139)
	at app//org.junit.platform.engine.support.hierarchical.ThrowableCollector.execute(ThrowableCollector.java:73)
	at app//org.junit.platform.engine.support.hierarchical.NodeTestTask.executeRecursively(NodeTestTask.java:138)
	at app//org.junit.platform.engine.support.hierarchical.NodeTestTask.execute(NodeTestTask.java:95)
	at java.base@11.0.18/java.util.ArrayList.forEach(ArrayList.java:1541)
	at app//org.junit.platform.engine.support.hierarchical.SameThreadHierarchicalTestExecutorService.invokeAll(SameThreadHierarchicalTestExecutorService.java:41)
	at app//org.junit.platform.engine.support.hierarchical.NodeTestTask.lambda$executeRecursively$6(NodeTestTask.java:155)
	at app//org.junit.platform.engine.support.hierarchical.ThrowableCollector.execute(ThrowableCollector.java:73)
	at app//org.junit.platform.engine.support.hierarchical.NodeTestTask.lambda$executeRecursively$8(NodeTestTask.java:141)
	at app//org.junit.platform.engine.support.hierarchical.Node.around(Node.java:137)
	at app//org.junit.platform.engine.support.hierarchical.NodeTestTask.lambda$executeRecursively$9(NodeTestTask.java:139)
	at app//org.junit.platform.engine.support.hierarchical.ThrowableCollector.execute(ThrowableCollector.java:73)
	at app//org.junit.platform.engine.support.hierarchical.NodeTestTask.executeRecursively(NodeTestTask.java:138)
	at app//org.junit.platform.engine.support.hierarchical.NodeTestTask.execute(NodeTestTask.java:95)
	at java.base@11.0.18/java.util.ArrayList.forEach(ArrayList.java:1541)
	at app//org.junit.platform.engine.support.hierarchical.SameThreadHierarchicalTestExecutorService.invokeAll(SameThreadHierarchicalTestExecutorService.java:41)
	at app//org.junit.platform.engine.support.hierarchical.NodeTestTask.lambda$executeRecursively$6(NodeTestTask.java:155)
	at app//org.junit.platform.engine.support.hierarchical.ThrowableCollector.execute(ThrowableCollector.java:73)
	at app//org.junit.platform.engine.support.hierarchical.NodeTestTask.lambda$executeRecursively$8(NodeTestTask.java:141)
	at app//org.junit.platform.engine.support.hierarchical.Node.around(Node.java:137)
	at app//org.junit.platform.engine.support.hierarchical.NodeTestTask.lambda$executeRecursively$9(NodeTestTask.java:139)
	at app//org.junit.platform.engine.support.hierarchical.ThrowableCollector.execute(ThrowableCollector.java:73)
	at app//org.junit.platform.engine.support.hierarchical.NodeTestTask.executeRecursively(NodeTestTask.java:138)
	at app//org.junit.platform.engine.support.hierarchical.NodeTestTask.execute(NodeTestTask.java:95)
	at app//org.junit.platform.engine.support.hierarchical.SameThreadHierarchicalTestExecutorService.submit(SameThreadHierarchicalTestExecutorService.java:35)
	at app//org.junit.platform.engine.support.hierarchical.HierarchicalTestExecutor.execute(HierarchicalTestExecutor.java:57)
	at app//org.junit.platform.engine.support.hierarchical.HierarchicalTestEngine.execute(HierarchicalTestEngine.java:54)
	at org.junit.platform.launcher.core.EngineExecutionOrchestrator.execute(EngineExecutionOrchestrator.java:107)
	at org.junit.platform.launcher.core.EngineExecutionOrchestrator.execute(EngineExecutionOrchestrator.java:88)
	at org.junit.platform.launcher.core.EngineExecutionOrchestrator.lambda$execute$0(EngineExecutionOrchestrator.java:54)
	at org.junit.platform.launcher.core.EngineExecutionOrchestrator.withInterceptedStreams(EngineExecutionOrchestrator.java:67)
	at org.junit.platform.launcher.core.EngineExecutionOrchestrator.execute(EngineExecutionOrchestrator.java:52)
	at org.junit.platform.launcher.core.DefaultLauncher.execute(DefaultLauncher.java:114)
	at org.junit.platform.launcher.core.DefaultLauncher.execute(DefaultLauncher.java:86)
	at org.junit.platform.launcher.core.DefaultLauncherSession$DelegatingLauncher.execute(DefaultLauncherSession.java:86)
	at org.junit.platform.launcher.core.SessionPerRequestLauncher.execute(SessionPerRequestLauncher.java:53)
	at org.gradle.api.internal.tasks.testing.junitplatform.JUnitPlatformTestClassProcessor$CollectAllTestClassesExecutor.processAllTestClasses(JUnitPlatformTestClassProcessor.java:99)
	at org.gradle.api.internal.tasks.testing.junitplatform.JUnitPlatformTestClassProcessor$CollectAllTestClassesExecutor.access$000(JUnitPlatformTestClassProcessor.java:79)
	at org.gradle.api.internal.tasks.testing.junitplatform.JUnitPlatformTestClassProcessor.stop(JUnitPlatformTestClassProcessor.java:75)
	at org.gradle.api.internal.tasks.testing.SuiteTestClassProcessor.stop(SuiteTestClassProcessor.java:62)
	at java.base@11.0.18/jdk.internal.reflect.NativeMethodAccessorImpl.invoke0(Native Method)
	at java.base@11.0.18/jdk.internal.reflect.NativeMethodAccessorImpl.invoke(NativeMethodAccessorImpl.java:62)
	at java.base@11.0.18/jdk.internal.reflect.DelegatingMethodAccessorImpl.invoke(DelegatingMethodAccessorImpl.java:43)
	at java.base@11.0.18/java.lang.reflect.Method.invoke(Method.java:566)
	at org.gradle.internal.dispatch.ReflectionDispatch.dispatch(ReflectionDispatch.java:36)
	at org.gradle.internal.dispatch.ReflectionDispatch.dispatch(ReflectionDispatch.java:24)
	at org.gradle.internal.dispatch.ContextClassLoaderDispatch.dispatch(ContextClassLoaderDispatch.java:33)
	at org.gradle.internal.dispatch.ProxyDispatchAdapter$DispatchingInvocationHandler.invoke(ProxyDispatchAdapter.java:94)
	at com.sun.proxy.$Proxy2.stop(Unknown Source)
	at org.gradle.api.internal.tasks.testing.worker.TestWorker$3.run(TestWorker.java:193)
	at org.gradle.api.internal.tasks.testing.worker.TestWorker.executeAndMaintainThreadName(TestWorker.java:129)
	at org.gradle.api.internal.tasks.testing.worker.TestWorker.execute(TestWorker.java:100)
	at org.gradle.api.internal.tasks.testing.worker.TestWorker.execute(TestWorker.java:60)
	at org.gradle.process.internal.worker.child.ActionExecutionWorker.execute(ActionExecutionWorker.java:56)
	at org.gradle.process.internal.worker.child.SystemApplicationClassLoaderWorker.call(SystemApplicationClassLoaderWorker.java:113)
	at org.gradle.process.internal.worker.child.SystemApplicationClassLoaderWorker.call(SystemApplicationClassLoaderWorker.java:65)
	at app//worker.org.gradle.process.internal.worker.GradleWorkerMain.run(GradleWorkerMain.java:69)
	at app//worker.org.gradle.process.internal.worker.GradleWorkerMain.main(GradleWorkerMain.java:74)
</failure>
  </testcase>
  <testcase name="modelMethods" classname="de.uka.ilkd.key.proof.runallproofs.RunAllProofsFunctional" time="1.416">
    <failure message="org.opentest4j.AssertionFailedError: Executed process terminated with non-zero exit value. ==&gt; expected: &lt;0&gt; but was: &lt;1&gt;" type="org.opentest4j.AssertionFailedError">org.opentest4j.AssertionFailedError: Executed process terminated with non-zero exit value. ==&gt; expected: &lt;0&gt; but was: &lt;1&gt;
	at app//org.junit.jupiter.api.AssertionUtils.fail(AssertionUtils.java:55)
	at app//org.junit.jupiter.api.AssertionUtils.failNotEqual(AssertionUtils.java:62)
	at app//org.junit.jupiter.api.AssertEquals.assertEquals(AssertEquals.java:150)
	at app//org.junit.jupiter.api.Assertions.assertEquals(Assertions.java:559)
	at app//de.uka.ilkd.key.proof.runallproofs.proofcollection.ForkedTestFileRunner.processTestFiles(ForkedTestFileRunner.java:129)
	at app//de.uka.ilkd.key.proof.runallproofs.RunAllProofsTestUnit.runTest(RunAllProofsTestUnit.java:85)
	at app//de.uka.ilkd.key.proof.runallproofs.RunAllProofsTest.lambda$data$0(RunAllProofsTest.java:83)
	at app//org.junit.jupiter.engine.descriptor.DynamicTestTestDescriptor.lambda$execute$0(DynamicTestTestDescriptor.java:53)
	at app//org.junit.jupiter.engine.execution.InvocationInterceptorChain$ValidatingInvocation.proceed(InvocationInterceptorChain.java:131)
	at app//org.junit.jupiter.api.extension.InvocationInterceptor.interceptDynamicTest(InvocationInterceptor.java:167)
	at app//org.junit.jupiter.api.extension.InvocationInterceptor.interceptDynamicTest(InvocationInterceptor.java:184)
	at app//org.junit.jupiter.engine.descriptor.DynamicTestTestDescriptor.lambda$execute$1(DynamicTestTestDescriptor.java:61)
	at app//org.junit.jupiter.engine.execution.InvocationInterceptorChain$InterceptorCall.lambda$ofVoid$0(InvocationInterceptorChain.java:78)
	at app//org.junit.jupiter.engine.execution.InvocationInterceptorChain$InterceptedInvocation.proceed(InvocationInterceptorChain.java:106)
	at app//org.junit.jupiter.engine.execution.InvocationInterceptorChain.proceed(InvocationInterceptorChain.java:64)
	at app//org.junit.jupiter.engine.execution.InvocationInterceptorChain.chainAndInvoke(InvocationInterceptorChain.java:45)
	at app//org.junit.jupiter.engine.execution.InvocationInterceptorChain.invoke(InvocationInterceptorChain.java:37)
	at app//org.junit.jupiter.engine.descriptor.DynamicTestTestDescriptor.execute(DynamicTestTestDescriptor.java:60)
	at app//org.junit.jupiter.engine.descriptor.DynamicTestTestDescriptor.execute(DynamicTestTestDescriptor.java:32)
	at app//org.junit.platform.engine.support.hierarchical.NodeTestTask.lambda$executeRecursively$6(NodeTestTask.java:151)
	at app//org.junit.platform.engine.support.hierarchical.ThrowableCollector.execute(ThrowableCollector.java:73)
	at app//org.junit.platform.engine.support.hierarchical.NodeTestTask.lambda$executeRecursively$8(NodeTestTask.java:141)
	at app//org.junit.platform.engine.support.hierarchical.Node.around(Node.java:137)
	at app//org.junit.platform.engine.support.hierarchical.NodeTestTask.lambda$executeRecursively$9(NodeTestTask.java:139)
	at app//org.junit.platform.engine.support.hierarchical.ThrowableCollector.execute(ThrowableCollector.java:73)
	at app//org.junit.platform.engine.support.hierarchical.NodeTestTask.executeRecursively(NodeTestTask.java:138)
	at app//org.junit.platform.engine.support.hierarchical.NodeTestTask.execute(NodeTestTask.java:95)
	at app//org.junit.platform.engine.support.hierarchical.SameThreadHierarchicalTestExecutorService.submit(SameThreadHierarchicalTestExecutorService.java:35)
	at app//org.junit.platform.engine.support.hierarchical.NodeTestTask$DefaultDynamicTestExecutor.execute(NodeTestTask.java:226)
	at app//org.junit.platform.engine.support.hierarchical.NodeTestTask$DefaultDynamicTestExecutor.execute(NodeTestTask.java:204)
	at java.base@11.0.18/java.util.Optional.ifPresent(Optional.java:183)
	at app//org.junit.jupiter.engine.descriptor.TestFactoryTestDescriptor.lambda$invokeTestMethod$1(TestFactoryTestDescriptor.java:108)
	at app//org.junit.platform.engine.support.hierarchical.ThrowableCollector.execute(ThrowableCollector.java:73)
	at app//org.junit.jupiter.engine.descriptor.TestFactoryTestDescriptor.invokeTestMethod(TestFactoryTestDescriptor.java:95)
	at app//org.junit.jupiter.engine.descriptor.TestMethodTestDescriptor.execute(TestMethodTestDescriptor.java:135)
	at app//org.junit.jupiter.engine.descriptor.TestMethodTestDescriptor.execute(TestMethodTestDescriptor.java:66)
	at app//org.junit.platform.engine.support.hierarchical.NodeTestTask.lambda$executeRecursively$6(NodeTestTask.java:151)
	at app//org.junit.platform.engine.support.hierarchical.ThrowableCollector.execute(ThrowableCollector.java:73)
	at app//org.junit.platform.engine.support.hierarchical.NodeTestTask.lambda$executeRecursively$8(NodeTestTask.java:141)
	at app//org.junit.platform.engine.support.hierarchical.Node.around(Node.java:137)
	at app//org.junit.platform.engine.support.hierarchical.NodeTestTask.lambda$executeRecursively$9(NodeTestTask.java:139)
	at app//org.junit.platform.engine.support.hierarchical.ThrowableCollector.execute(ThrowableCollector.java:73)
	at app//org.junit.platform.engine.support.hierarchical.NodeTestTask.executeRecursively(NodeTestTask.java:138)
	at app//org.junit.platform.engine.support.hierarchical.NodeTestTask.execute(NodeTestTask.java:95)
	at java.base@11.0.18/java.util.ArrayList.forEach(ArrayList.java:1541)
	at app//org.junit.platform.engine.support.hierarchical.SameThreadHierarchicalTestExecutorService.invokeAll(SameThreadHierarchicalTestExecutorService.java:41)
	at app//org.junit.platform.engine.support.hierarchical.NodeTestTask.lambda$executeRecursively$6(NodeTestTask.java:155)
	at app//org.junit.platform.engine.support.hierarchical.ThrowableCollector.execute(ThrowableCollector.java:73)
	at app//org.junit.platform.engine.support.hierarchical.NodeTestTask.lambda$executeRecursively$8(NodeTestTask.java:141)
	at app//org.junit.platform.engine.support.hierarchical.Node.around(Node.java:137)
	at app//org.junit.platform.engine.support.hierarchical.NodeTestTask.lambda$executeRecursively$9(NodeTestTask.java:139)
	at app//org.junit.platform.engine.support.hierarchical.ThrowableCollector.execute(ThrowableCollector.java:73)
	at app//org.junit.platform.engine.support.hierarchical.NodeTestTask.executeRecursively(NodeTestTask.java:138)
	at app//org.junit.platform.engine.support.hierarchical.NodeTestTask.execute(NodeTestTask.java:95)
	at java.base@11.0.18/java.util.ArrayList.forEach(ArrayList.java:1541)
	at app//org.junit.platform.engine.support.hierarchical.SameThreadHierarchicalTestExecutorService.invokeAll(SameThreadHierarchicalTestExecutorService.java:41)
	at app//org.junit.platform.engine.support.hierarchical.NodeTestTask.lambda$executeRecursively$6(NodeTestTask.java:155)
	at app//org.junit.platform.engine.support.hierarchical.ThrowableCollector.execute(ThrowableCollector.java:73)
	at app//org.junit.platform.engine.support.hierarchical.NodeTestTask.lambda$executeRecursively$8(NodeTestTask.java:141)
	at app//org.junit.platform.engine.support.hierarchical.Node.around(Node.java:137)
	at app//org.junit.platform.engine.support.hierarchical.NodeTestTask.lambda$executeRecursively$9(NodeTestTask.java:139)
	at app//org.junit.platform.engine.support.hierarchical.ThrowableCollector.execute(ThrowableCollector.java:73)
	at app//org.junit.platform.engine.support.hierarchical.NodeTestTask.executeRecursively(NodeTestTask.java:138)
	at app//org.junit.platform.engine.support.hierarchical.NodeTestTask.execute(NodeTestTask.java:95)
	at app//org.junit.platform.engine.support.hierarchical.SameThreadHierarchicalTestExecutorService.submit(SameThreadHierarchicalTestExecutorService.java:35)
	at app//org.junit.platform.engine.support.hierarchical.HierarchicalTestExecutor.execute(HierarchicalTestExecutor.java:57)
	at app//org.junit.platform.engine.support.hierarchical.HierarchicalTestEngine.execute(HierarchicalTestEngine.java:54)
	at org.junit.platform.launcher.core.EngineExecutionOrchestrator.execute(EngineExecutionOrchestrator.java:107)
	at org.junit.platform.launcher.core.EngineExecutionOrchestrator.execute(EngineExecutionOrchestrator.java:88)
	at org.junit.platform.launcher.core.EngineExecutionOrchestrator.lambda$execute$0(EngineExecutionOrchestrator.java:54)
	at org.junit.platform.launcher.core.EngineExecutionOrchestrator.withInterceptedStreams(EngineExecutionOrchestrator.java:67)
	at org.junit.platform.launcher.core.EngineExecutionOrchestrator.execute(EngineExecutionOrchestrator.java:52)
	at org.junit.platform.launcher.core.DefaultLauncher.execute(DefaultLauncher.java:114)
	at org.junit.platform.launcher.core.DefaultLauncher.execute(DefaultLauncher.java:86)
	at org.junit.platform.launcher.core.DefaultLauncherSession$DelegatingLauncher.execute(DefaultLauncherSession.java:86)
	at org.junit.platform.launcher.core.SessionPerRequestLauncher.execute(SessionPerRequestLauncher.java:53)
	at org.gradle.api.internal.tasks.testing.junitplatform.JUnitPlatformTestClassProcessor$CollectAllTestClassesExecutor.processAllTestClasses(JUnitPlatformTestClassProcessor.java:99)
	at org.gradle.api.internal.tasks.testing.junitplatform.JUnitPlatformTestClassProcessor$CollectAllTestClassesExecutor.access$000(JUnitPlatformTestClassProcessor.java:79)
	at org.gradle.api.internal.tasks.testing.junitplatform.JUnitPlatformTestClassProcessor.stop(JUnitPlatformTestClassProcessor.java:75)
	at org.gradle.api.internal.tasks.testing.SuiteTestClassProcessor.stop(SuiteTestClassProcessor.java:62)
	at java.base@11.0.18/jdk.internal.reflect.NativeMethodAccessorImpl.invoke0(Native Method)
	at java.base@11.0.18/jdk.internal.reflect.NativeMethodAccessorImpl.invoke(NativeMethodAccessorImpl.java:62)
	at java.base@11.0.18/jdk.internal.reflect.DelegatingMethodAccessorImpl.invoke(DelegatingMethodAccessorImpl.java:43)
	at java.base@11.0.18/java.lang.reflect.Method.invoke(Method.java:566)
	at org.gradle.internal.dispatch.ReflectionDispatch.dispatch(ReflectionDispatch.java:36)
	at org.gradle.internal.dispatch.ReflectionDispatch.dispatch(ReflectionDispatch.java:24)
	at org.gradle.internal.dispatch.ContextClassLoaderDispatch.dispatch(ContextClassLoaderDispatch.java:33)
	at org.gradle.internal.dispatch.ProxyDispatchAdapter$DispatchingInvocationHandler.invoke(ProxyDispatchAdapter.java:94)
	at com.sun.proxy.$Proxy2.stop(Unknown Source)
	at org.gradle.api.internal.tasks.testing.worker.TestWorker$3.run(TestWorker.java:193)
	at org.gradle.api.internal.tasks.testing.worker.TestWorker.executeAndMaintainThreadName(TestWorker.java:129)
	at org.gradle.api.internal.tasks.testing.worker.TestWorker.execute(TestWorker.java:100)
	at org.gradle.api.internal.tasks.testing.worker.TestWorker.execute(TestWorker.java:60)
	at org.gradle.process.internal.worker.child.ActionExecutionWorker.execute(ActionExecutionWorker.java:56)
	at org.gradle.process.internal.worker.child.SystemApplicationClassLoaderWorker.call(SystemApplicationClassLoaderWorker.java:113)
	at org.gradle.process.internal.worker.child.SystemApplicationClassLoaderWorker.call(SystemApplicationClassLoaderWorker.java:65)
	at app//worker.org.gradle.process.internal.worker.GradleWorkerMain.run(GradleWorkerMain.java:69)
	at app//worker.org.gradle.process.internal.worker.GradleWorkerMain.main(GradleWorkerMain.java:74)
</failure>
  </testcase>
  <testcase name="permissionHeap" classname="de.uka.ilkd.key.proof.runallproofs.RunAllProofsFunctional" time="1.668">
    <failure message="org.opentest4j.AssertionFailedError: Executed process terminated with non-zero exit value. ==&gt; expected: &lt;0&gt; but was: &lt;1&gt;" type="org.opentest4j.AssertionFailedError">org.opentest4j.AssertionFailedError: Executed process terminated with non-zero exit value. ==&gt; expected: &lt;0&gt; but was: &lt;1&gt;
	at app//org.junit.jupiter.api.AssertionUtils.fail(AssertionUtils.java:55)
	at app//org.junit.jupiter.api.AssertionUtils.failNotEqual(AssertionUtils.java:62)
	at app//org.junit.jupiter.api.AssertEquals.assertEquals(AssertEquals.java:150)
	at app//org.junit.jupiter.api.Assertions.assertEquals(Assertions.java:559)
	at app//de.uka.ilkd.key.proof.runallproofs.proofcollection.ForkedTestFileRunner.processTestFiles(ForkedTestFileRunner.java:129)
	at app//de.uka.ilkd.key.proof.runallproofs.RunAllProofsTestUnit.runTest(RunAllProofsTestUnit.java:85)
	at app//de.uka.ilkd.key.proof.runallproofs.RunAllProofsTest.lambda$data$0(RunAllProofsTest.java:83)
	at app//org.junit.jupiter.engine.descriptor.DynamicTestTestDescriptor.lambda$execute$0(DynamicTestTestDescriptor.java:53)
	at app//org.junit.jupiter.engine.execution.InvocationInterceptorChain$ValidatingInvocation.proceed(InvocationInterceptorChain.java:131)
	at app//org.junit.jupiter.api.extension.InvocationInterceptor.interceptDynamicTest(InvocationInterceptor.java:167)
	at app//org.junit.jupiter.api.extension.InvocationInterceptor.interceptDynamicTest(InvocationInterceptor.java:184)
	at app//org.junit.jupiter.engine.descriptor.DynamicTestTestDescriptor.lambda$execute$1(DynamicTestTestDescriptor.java:61)
	at app//org.junit.jupiter.engine.execution.InvocationInterceptorChain$InterceptorCall.lambda$ofVoid$0(InvocationInterceptorChain.java:78)
	at app//org.junit.jupiter.engine.execution.InvocationInterceptorChain$InterceptedInvocation.proceed(InvocationInterceptorChain.java:106)
	at app//org.junit.jupiter.engine.execution.InvocationInterceptorChain.proceed(InvocationInterceptorChain.java:64)
	at app//org.junit.jupiter.engine.execution.InvocationInterceptorChain.chainAndInvoke(InvocationInterceptorChain.java:45)
	at app//org.junit.jupiter.engine.execution.InvocationInterceptorChain.invoke(InvocationInterceptorChain.java:37)
	at app//org.junit.jupiter.engine.descriptor.DynamicTestTestDescriptor.execute(DynamicTestTestDescriptor.java:60)
	at app//org.junit.jupiter.engine.descriptor.DynamicTestTestDescriptor.execute(DynamicTestTestDescriptor.java:32)
	at app//org.junit.platform.engine.support.hierarchical.NodeTestTask.lambda$executeRecursively$6(NodeTestTask.java:151)
	at app//org.junit.platform.engine.support.hierarchical.ThrowableCollector.execute(ThrowableCollector.java:73)
	at app//org.junit.platform.engine.support.hierarchical.NodeTestTask.lambda$executeRecursively$8(NodeTestTask.java:141)
	at app//org.junit.platform.engine.support.hierarchical.Node.around(Node.java:137)
	at app//org.junit.platform.engine.support.hierarchical.NodeTestTask.lambda$executeRecursively$9(NodeTestTask.java:139)
	at app//org.junit.platform.engine.support.hierarchical.ThrowableCollector.execute(ThrowableCollector.java:73)
	at app//org.junit.platform.engine.support.hierarchical.NodeTestTask.executeRecursively(NodeTestTask.java:138)
	at app//org.junit.platform.engine.support.hierarchical.NodeTestTask.execute(NodeTestTask.java:95)
	at app//org.junit.platform.engine.support.hierarchical.SameThreadHierarchicalTestExecutorService.submit(SameThreadHierarchicalTestExecutorService.java:35)
	at app//org.junit.platform.engine.support.hierarchical.NodeTestTask$DefaultDynamicTestExecutor.execute(NodeTestTask.java:226)
	at app//org.junit.platform.engine.support.hierarchical.NodeTestTask$DefaultDynamicTestExecutor.execute(NodeTestTask.java:204)
	at java.base@11.0.18/java.util.Optional.ifPresent(Optional.java:183)
	at app//org.junit.jupiter.engine.descriptor.TestFactoryTestDescriptor.lambda$invokeTestMethod$1(TestFactoryTestDescriptor.java:108)
	at app//org.junit.platform.engine.support.hierarchical.ThrowableCollector.execute(ThrowableCollector.java:73)
	at app//org.junit.jupiter.engine.descriptor.TestFactoryTestDescriptor.invokeTestMethod(TestFactoryTestDescriptor.java:95)
	at app//org.junit.jupiter.engine.descriptor.TestMethodTestDescriptor.execute(TestMethodTestDescriptor.java:135)
	at app//org.junit.jupiter.engine.descriptor.TestMethodTestDescriptor.execute(TestMethodTestDescriptor.java:66)
	at app//org.junit.platform.engine.support.hierarchical.NodeTestTask.lambda$executeRecursively$6(NodeTestTask.java:151)
	at app//org.junit.platform.engine.support.hierarchical.ThrowableCollector.execute(ThrowableCollector.java:73)
	at app//org.junit.platform.engine.support.hierarchical.NodeTestTask.lambda$executeRecursively$8(NodeTestTask.java:141)
	at app//org.junit.platform.engine.support.hierarchical.Node.around(Node.java:137)
	at app//org.junit.platform.engine.support.hierarchical.NodeTestTask.lambda$executeRecursively$9(NodeTestTask.java:139)
	at app//org.junit.platform.engine.support.hierarchical.ThrowableCollector.execute(ThrowableCollector.java:73)
	at app//org.junit.platform.engine.support.hierarchical.NodeTestTask.executeRecursively(NodeTestTask.java:138)
	at app//org.junit.platform.engine.support.hierarchical.NodeTestTask.execute(NodeTestTask.java:95)
	at java.base@11.0.18/java.util.ArrayList.forEach(ArrayList.java:1541)
	at app//org.junit.platform.engine.support.hierarchical.SameThreadHierarchicalTestExecutorService.invokeAll(SameThreadHierarchicalTestExecutorService.java:41)
	at app//org.junit.platform.engine.support.hierarchical.NodeTestTask.lambda$executeRecursively$6(NodeTestTask.java:155)
	at app//org.junit.platform.engine.support.hierarchical.ThrowableCollector.execute(ThrowableCollector.java:73)
	at app//org.junit.platform.engine.support.hierarchical.NodeTestTask.lambda$executeRecursively$8(NodeTestTask.java:141)
	at app//org.junit.platform.engine.support.hierarchical.Node.around(Node.java:137)
	at app//org.junit.platform.engine.support.hierarchical.NodeTestTask.lambda$executeRecursively$9(NodeTestTask.java:139)
	at app//org.junit.platform.engine.support.hierarchical.ThrowableCollector.execute(ThrowableCollector.java:73)
	at app//org.junit.platform.engine.support.hierarchical.NodeTestTask.executeRecursively(NodeTestTask.java:138)
	at app//org.junit.platform.engine.support.hierarchical.NodeTestTask.execute(NodeTestTask.java:95)
	at java.base@11.0.18/java.util.ArrayList.forEach(ArrayList.java:1541)
	at app//org.junit.platform.engine.support.hierarchical.SameThreadHierarchicalTestExecutorService.invokeAll(SameThreadHierarchicalTestExecutorService.java:41)
	at app//org.junit.platform.engine.support.hierarchical.NodeTestTask.lambda$executeRecursively$6(NodeTestTask.java:155)
	at app//org.junit.platform.engine.support.hierarchical.ThrowableCollector.execute(ThrowableCollector.java:73)
	at app//org.junit.platform.engine.support.hierarchical.NodeTestTask.lambda$executeRecursively$8(NodeTestTask.java:141)
	at app//org.junit.platform.engine.support.hierarchical.Node.around(Node.java:137)
	at app//org.junit.platform.engine.support.hierarchical.NodeTestTask.lambda$executeRecursively$9(NodeTestTask.java:139)
	at app//org.junit.platform.engine.support.hierarchical.ThrowableCollector.execute(ThrowableCollector.java:73)
	at app//org.junit.platform.engine.support.hierarchical.NodeTestTask.executeRecursively(NodeTestTask.java:138)
	at app//org.junit.platform.engine.support.hierarchical.NodeTestTask.execute(NodeTestTask.java:95)
	at app//org.junit.platform.engine.support.hierarchical.SameThreadHierarchicalTestExecutorService.submit(SameThreadHierarchicalTestExecutorService.java:35)
	at app//org.junit.platform.engine.support.hierarchical.HierarchicalTestExecutor.execute(HierarchicalTestExecutor.java:57)
	at app//org.junit.platform.engine.support.hierarchical.HierarchicalTestEngine.execute(HierarchicalTestEngine.java:54)
	at org.junit.platform.launcher.core.EngineExecutionOrchestrator.execute(EngineExecutionOrchestrator.java:107)
	at org.junit.platform.launcher.core.EngineExecutionOrchestrator.execute(EngineExecutionOrchestrator.java:88)
	at org.junit.platform.launcher.core.EngineExecutionOrchestrator.lambda$execute$0(EngineExecutionOrchestrator.java:54)
	at org.junit.platform.launcher.core.EngineExecutionOrchestrator.withInterceptedStreams(EngineExecutionOrchestrator.java:67)
	at org.junit.platform.launcher.core.EngineExecutionOrchestrator.execute(EngineExecutionOrchestrator.java:52)
	at org.junit.platform.launcher.core.DefaultLauncher.execute(DefaultLauncher.java:114)
	at org.junit.platform.launcher.core.DefaultLauncher.execute(DefaultLauncher.java:86)
	at org.junit.platform.launcher.core.DefaultLauncherSession$DelegatingLauncher.execute(DefaultLauncherSession.java:86)
	at org.junit.platform.launcher.core.SessionPerRequestLauncher.execute(SessionPerRequestLauncher.java:53)
	at org.gradle.api.internal.tasks.testing.junitplatform.JUnitPlatformTestClassProcessor$CollectAllTestClassesExecutor.processAllTestClasses(JUnitPlatformTestClassProcessor.java:99)
	at org.gradle.api.internal.tasks.testing.junitplatform.JUnitPlatformTestClassProcessor$CollectAllTestClassesExecutor.access$000(JUnitPlatformTestClassProcessor.java:79)
	at org.gradle.api.internal.tasks.testing.junitplatform.JUnitPlatformTestClassProcessor.stop(JUnitPlatformTestClassProcessor.java:75)
	at org.gradle.api.internal.tasks.testing.SuiteTestClassProcessor.stop(SuiteTestClassProcessor.java:62)
	at java.base@11.0.18/jdk.internal.reflect.NativeMethodAccessorImpl.invoke0(Native Method)
	at java.base@11.0.18/jdk.internal.reflect.NativeMethodAccessorImpl.invoke(NativeMethodAccessorImpl.java:62)
	at java.base@11.0.18/jdk.internal.reflect.DelegatingMethodAccessorImpl.invoke(DelegatingMethodAccessorImpl.java:43)
	at java.base@11.0.18/java.lang.reflect.Method.invoke(Method.java:566)
	at org.gradle.internal.dispatch.ReflectionDispatch.dispatch(ReflectionDispatch.java:36)
	at org.gradle.internal.dispatch.ReflectionDispatch.dispatch(ReflectionDispatch.java:24)
	at org.gradle.internal.dispatch.ContextClassLoaderDispatch.dispatch(ContextClassLoaderDispatch.java:33)
	at org.gradle.internal.dispatch.ProxyDispatchAdapter$DispatchingInvocationHandler.invoke(ProxyDispatchAdapter.java:94)
	at com.sun.proxy.$Proxy2.stop(Unknown Source)
	at org.gradle.api.internal.tasks.testing.worker.TestWorker$3.run(TestWorker.java:193)
	at org.gradle.api.internal.tasks.testing.worker.TestWorker.executeAndMaintainThreadName(TestWorker.java:129)
	at org.gradle.api.internal.tasks.testing.worker.TestWorker.execute(TestWorker.java:100)
	at org.gradle.api.internal.tasks.testing.worker.TestWorker.execute(TestWorker.java:60)
	at org.gradle.process.internal.worker.child.ActionExecutionWorker.execute(ActionExecutionWorker.java:56)
	at org.gradle.process.internal.worker.child.SystemApplicationClassLoaderWorker.call(SystemApplicationClassLoaderWorker.java:113)
	at org.gradle.process.internal.worker.child.SystemApplicationClassLoaderWorker.call(SystemApplicationClassLoaderWorker.java:65)
	at app//worker.org.gradle.process.internal.worker.GradleWorkerMain.run(GradleWorkerMain.java:69)
	at app//worker.org.gradle.process.internal.worker.GradleWorkerMain.main(GradleWorkerMain.java:74)
</failure>
  </testcase>
  <testcase name="completionScopes" classname="de.uka.ilkd.key.proof.runallproofs.RunAllProofsFunctional" time="1.169">
    <failure message="org.opentest4j.AssertionFailedError: Executed process terminated with non-zero exit value. ==&gt; expected: &lt;0&gt; but was: &lt;1&gt;" type="org.opentest4j.AssertionFailedError">org.opentest4j.AssertionFailedError: Executed process terminated with non-zero exit value. ==&gt; expected: &lt;0&gt; but was: &lt;1&gt;
	at app//org.junit.jupiter.api.AssertionUtils.fail(AssertionUtils.java:55)
	at app//org.junit.jupiter.api.AssertionUtils.failNotEqual(AssertionUtils.java:62)
	at app//org.junit.jupiter.api.AssertEquals.assertEquals(AssertEquals.java:150)
	at app//org.junit.jupiter.api.Assertions.assertEquals(Assertions.java:559)
	at app//de.uka.ilkd.key.proof.runallproofs.proofcollection.ForkedTestFileRunner.processTestFiles(ForkedTestFileRunner.java:129)
	at app//de.uka.ilkd.key.proof.runallproofs.RunAllProofsTestUnit.runTest(RunAllProofsTestUnit.java:85)
	at app//de.uka.ilkd.key.proof.runallproofs.RunAllProofsTest.lambda$data$0(RunAllProofsTest.java:83)
	at app//org.junit.jupiter.engine.descriptor.DynamicTestTestDescriptor.lambda$execute$0(DynamicTestTestDescriptor.java:53)
	at app//org.junit.jupiter.engine.execution.InvocationInterceptorChain$ValidatingInvocation.proceed(InvocationInterceptorChain.java:131)
	at app//org.junit.jupiter.api.extension.InvocationInterceptor.interceptDynamicTest(InvocationInterceptor.java:167)
	at app//org.junit.jupiter.api.extension.InvocationInterceptor.interceptDynamicTest(InvocationInterceptor.java:184)
	at app//org.junit.jupiter.engine.descriptor.DynamicTestTestDescriptor.lambda$execute$1(DynamicTestTestDescriptor.java:61)
	at app//org.junit.jupiter.engine.execution.InvocationInterceptorChain$InterceptorCall.lambda$ofVoid$0(InvocationInterceptorChain.java:78)
	at app//org.junit.jupiter.engine.execution.InvocationInterceptorChain$InterceptedInvocation.proceed(InvocationInterceptorChain.java:106)
	at app//org.junit.jupiter.engine.execution.InvocationInterceptorChain.proceed(InvocationInterceptorChain.java:64)
	at app//org.junit.jupiter.engine.execution.InvocationInterceptorChain.chainAndInvoke(InvocationInterceptorChain.java:45)
	at app//org.junit.jupiter.engine.execution.InvocationInterceptorChain.invoke(InvocationInterceptorChain.java:37)
	at app//org.junit.jupiter.engine.descriptor.DynamicTestTestDescriptor.execute(DynamicTestTestDescriptor.java:60)
	at app//org.junit.jupiter.engine.descriptor.DynamicTestTestDescriptor.execute(DynamicTestTestDescriptor.java:32)
	at app//org.junit.platform.engine.support.hierarchical.NodeTestTask.lambda$executeRecursively$6(NodeTestTask.java:151)
	at app//org.junit.platform.engine.support.hierarchical.ThrowableCollector.execute(ThrowableCollector.java:73)
	at app//org.junit.platform.engine.support.hierarchical.NodeTestTask.lambda$executeRecursively$8(NodeTestTask.java:141)
	at app//org.junit.platform.engine.support.hierarchical.Node.around(Node.java:137)
	at app//org.junit.platform.engine.support.hierarchical.NodeTestTask.lambda$executeRecursively$9(NodeTestTask.java:139)
	at app//org.junit.platform.engine.support.hierarchical.ThrowableCollector.execute(ThrowableCollector.java:73)
	at app//org.junit.platform.engine.support.hierarchical.NodeTestTask.executeRecursively(NodeTestTask.java:138)
	at app//org.junit.platform.engine.support.hierarchical.NodeTestTask.execute(NodeTestTask.java:95)
	at app//org.junit.platform.engine.support.hierarchical.SameThreadHierarchicalTestExecutorService.submit(SameThreadHierarchicalTestExecutorService.java:35)
	at app//org.junit.platform.engine.support.hierarchical.NodeTestTask$DefaultDynamicTestExecutor.execute(NodeTestTask.java:226)
	at app//org.junit.platform.engine.support.hierarchical.NodeTestTask$DefaultDynamicTestExecutor.execute(NodeTestTask.java:204)
	at java.base@11.0.18/java.util.Optional.ifPresent(Optional.java:183)
	at app//org.junit.jupiter.engine.descriptor.TestFactoryTestDescriptor.lambda$invokeTestMethod$1(TestFactoryTestDescriptor.java:108)
	at app//org.junit.platform.engine.support.hierarchical.ThrowableCollector.execute(ThrowableCollector.java:73)
	at app//org.junit.jupiter.engine.descriptor.TestFactoryTestDescriptor.invokeTestMethod(TestFactoryTestDescriptor.java:95)
	at app//org.junit.jupiter.engine.descriptor.TestMethodTestDescriptor.execute(TestMethodTestDescriptor.java:135)
	at app//org.junit.jupiter.engine.descriptor.TestMethodTestDescriptor.execute(TestMethodTestDescriptor.java:66)
	at app//org.junit.platform.engine.support.hierarchical.NodeTestTask.lambda$executeRecursively$6(NodeTestTask.java:151)
	at app//org.junit.platform.engine.support.hierarchical.ThrowableCollector.execute(ThrowableCollector.java:73)
	at app//org.junit.platform.engine.support.hierarchical.NodeTestTask.lambda$executeRecursively$8(NodeTestTask.java:141)
	at app//org.junit.platform.engine.support.hierarchical.Node.around(Node.java:137)
	at app//org.junit.platform.engine.support.hierarchical.NodeTestTask.lambda$executeRecursively$9(NodeTestTask.java:139)
	at app//org.junit.platform.engine.support.hierarchical.ThrowableCollector.execute(ThrowableCollector.java:73)
	at app//org.junit.platform.engine.support.hierarchical.NodeTestTask.executeRecursively(NodeTestTask.java:138)
	at app//org.junit.platform.engine.support.hierarchical.NodeTestTask.execute(NodeTestTask.java:95)
	at java.base@11.0.18/java.util.ArrayList.forEach(ArrayList.java:1541)
	at app//org.junit.platform.engine.support.hierarchical.SameThreadHierarchicalTestExecutorService.invokeAll(SameThreadHierarchicalTestExecutorService.java:41)
	at app//org.junit.platform.engine.support.hierarchical.NodeTestTask.lambda$executeRecursively$6(NodeTestTask.java:155)
	at app//org.junit.platform.engine.support.hierarchical.ThrowableCollector.execute(ThrowableCollector.java:73)
	at app//org.junit.platform.engine.support.hierarchical.NodeTestTask.lambda$executeRecursively$8(NodeTestTask.java:141)
	at app//org.junit.platform.engine.support.hierarchical.Node.around(Node.java:137)
	at app//org.junit.platform.engine.support.hierarchical.NodeTestTask.lambda$executeRecursively$9(NodeTestTask.java:139)
	at app//org.junit.platform.engine.support.hierarchical.ThrowableCollector.execute(ThrowableCollector.java:73)
	at app//org.junit.platform.engine.support.hierarchical.NodeTestTask.executeRecursively(NodeTestTask.java:138)
	at app//org.junit.platform.engine.support.hierarchical.NodeTestTask.execute(NodeTestTask.java:95)
	at java.base@11.0.18/java.util.ArrayList.forEach(ArrayList.java:1541)
	at app//org.junit.platform.engine.support.hierarchical.SameThreadHierarchicalTestExecutorService.invokeAll(SameThreadHierarchicalTestExecutorService.java:41)
	at app//org.junit.platform.engine.support.hierarchical.NodeTestTask.lambda$executeRecursively$6(NodeTestTask.java:155)
	at app//org.junit.platform.engine.support.hierarchical.ThrowableCollector.execute(ThrowableCollector.java:73)
	at app//org.junit.platform.engine.support.hierarchical.NodeTestTask.lambda$executeRecursively$8(NodeTestTask.java:141)
	at app//org.junit.platform.engine.support.hierarchical.Node.around(Node.java:137)
	at app//org.junit.platform.engine.support.hierarchical.NodeTestTask.lambda$executeRecursively$9(NodeTestTask.java:139)
	at app//org.junit.platform.engine.support.hierarchical.ThrowableCollector.execute(ThrowableCollector.java:73)
	at app//org.junit.platform.engine.support.hierarchical.NodeTestTask.executeRecursively(NodeTestTask.java:138)
	at app//org.junit.platform.engine.support.hierarchical.NodeTestTask.execute(NodeTestTask.java:95)
	at app//org.junit.platform.engine.support.hierarchical.SameThreadHierarchicalTestExecutorService.submit(SameThreadHierarchicalTestExecutorService.java:35)
	at app//org.junit.platform.engine.support.hierarchical.HierarchicalTestExecutor.execute(HierarchicalTestExecutor.java:57)
	at app//org.junit.platform.engine.support.hierarchical.HierarchicalTestEngine.execute(HierarchicalTestEngine.java:54)
	at org.junit.platform.launcher.core.EngineExecutionOrchestrator.execute(EngineExecutionOrchestrator.java:107)
	at org.junit.platform.launcher.core.EngineExecutionOrchestrator.execute(EngineExecutionOrchestrator.java:88)
	at org.junit.platform.launcher.core.EngineExecutionOrchestrator.lambda$execute$0(EngineExecutionOrchestrator.java:54)
	at org.junit.platform.launcher.core.EngineExecutionOrchestrator.withInterceptedStreams(EngineExecutionOrchestrator.java:67)
	at org.junit.platform.launcher.core.EngineExecutionOrchestrator.execute(EngineExecutionOrchestrator.java:52)
	at org.junit.platform.launcher.core.DefaultLauncher.execute(DefaultLauncher.java:114)
	at org.junit.platform.launcher.core.DefaultLauncher.execute(DefaultLauncher.java:86)
	at org.junit.platform.launcher.core.DefaultLauncherSession$DelegatingLauncher.execute(DefaultLauncherSession.java:86)
	at org.junit.platform.launcher.core.SessionPerRequestLauncher.execute(SessionPerRequestLauncher.java:53)
	at org.gradle.api.internal.tasks.testing.junitplatform.JUnitPlatformTestClassProcessor$CollectAllTestClassesExecutor.processAllTestClasses(JUnitPlatformTestClassProcessor.java:99)
	at org.gradle.api.internal.tasks.testing.junitplatform.JUnitPlatformTestClassProcessor$CollectAllTestClassesExecutor.access$000(JUnitPlatformTestClassProcessor.java:79)
	at org.gradle.api.internal.tasks.testing.junitplatform.JUnitPlatformTestClassProcessor.stop(JUnitPlatformTestClassProcessor.java:75)
	at org.gradle.api.internal.tasks.testing.SuiteTestClassProcessor.stop(SuiteTestClassProcessor.java:62)
	at java.base@11.0.18/jdk.internal.reflect.NativeMethodAccessorImpl.invoke0(Native Method)
	at java.base@11.0.18/jdk.internal.reflect.NativeMethodAccessorImpl.invoke(NativeMethodAccessorImpl.java:62)
	at java.base@11.0.18/jdk.internal.reflect.DelegatingMethodAccessorImpl.invoke(DelegatingMethodAccessorImpl.java:43)
	at java.base@11.0.18/java.lang.reflect.Method.invoke(Method.java:566)
	at org.gradle.internal.dispatch.ReflectionDispatch.dispatch(ReflectionDispatch.java:36)
	at org.gradle.internal.dispatch.ReflectionDispatch.dispatch(ReflectionDispatch.java:24)
	at org.gradle.internal.dispatch.ContextClassLoaderDispatch.dispatch(ContextClassLoaderDispatch.java:33)
	at org.gradle.internal.dispatch.ProxyDispatchAdapter$DispatchingInvocationHandler.invoke(ProxyDispatchAdapter.java:94)
	at com.sun.proxy.$Proxy2.stop(Unknown Source)
	at org.gradle.api.internal.tasks.testing.worker.TestWorker$3.run(TestWorker.java:193)
	at org.gradle.api.internal.tasks.testing.worker.TestWorker.executeAndMaintainThreadName(TestWorker.java:129)
	at org.gradle.api.internal.tasks.testing.worker.TestWorker.execute(TestWorker.java:100)
	at org.gradle.api.internal.tasks.testing.worker.TestWorker.execute(TestWorker.java:60)
	at org.gradle.process.internal.worker.child.ActionExecutionWorker.execute(ActionExecutionWorker.java:56)
	at org.gradle.process.internal.worker.child.SystemApplicationClassLoaderWorker.call(SystemApplicationClassLoaderWorker.java:113)
	at org.gradle.process.internal.worker.child.SystemApplicationClassLoaderWorker.call(SystemApplicationClassLoaderWorker.java:65)
	at app//worker.org.gradle.process.internal.worker.GradleWorkerMain.run(GradleWorkerMain.java:69)
	at app//worker.org.gradle.process.internal.worker.GradleWorkerMain.main(GradleWorkerMain.java:74)
</failure>
  </testcase>
  <testcase name="reload_examples" classname="de.uka.ilkd.key.proof.runallproofs.RunAllProofsFunctional" time="1.165">
    <failure message="org.opentest4j.AssertionFailedError: Executed process terminated with non-zero exit value. ==&gt; expected: &lt;0&gt; but was: &lt;1&gt;" type="org.opentest4j.AssertionFailedError">org.opentest4j.AssertionFailedError: Executed process terminated with non-zero exit value. ==&gt; expected: &lt;0&gt; but was: &lt;1&gt;
	at app//org.junit.jupiter.api.AssertionUtils.fail(AssertionUtils.java:55)
	at app//org.junit.jupiter.api.AssertionUtils.failNotEqual(AssertionUtils.java:62)
	at app//org.junit.jupiter.api.AssertEquals.assertEquals(AssertEquals.java:150)
	at app//org.junit.jupiter.api.Assertions.assertEquals(Assertions.java:559)
	at app//de.uka.ilkd.key.proof.runallproofs.proofcollection.ForkedTestFileRunner.processTestFiles(ForkedTestFileRunner.java:129)
	at app//de.uka.ilkd.key.proof.runallproofs.RunAllProofsTestUnit.runTest(RunAllProofsTestUnit.java:85)
	at app//de.uka.ilkd.key.proof.runallproofs.RunAllProofsTest.lambda$data$0(RunAllProofsTest.java:83)
	at app//org.junit.jupiter.engine.descriptor.DynamicTestTestDescriptor.lambda$execute$0(DynamicTestTestDescriptor.java:53)
	at app//org.junit.jupiter.engine.execution.InvocationInterceptorChain$ValidatingInvocation.proceed(InvocationInterceptorChain.java:131)
	at app//org.junit.jupiter.api.extension.InvocationInterceptor.interceptDynamicTest(InvocationInterceptor.java:167)
	at app//org.junit.jupiter.api.extension.InvocationInterceptor.interceptDynamicTest(InvocationInterceptor.java:184)
	at app//org.junit.jupiter.engine.descriptor.DynamicTestTestDescriptor.lambda$execute$1(DynamicTestTestDescriptor.java:61)
	at app//org.junit.jupiter.engine.execution.InvocationInterceptorChain$InterceptorCall.lambda$ofVoid$0(InvocationInterceptorChain.java:78)
	at app//org.junit.jupiter.engine.execution.InvocationInterceptorChain$InterceptedInvocation.proceed(InvocationInterceptorChain.java:106)
	at app//org.junit.jupiter.engine.execution.InvocationInterceptorChain.proceed(InvocationInterceptorChain.java:64)
	at app//org.junit.jupiter.engine.execution.InvocationInterceptorChain.chainAndInvoke(InvocationInterceptorChain.java:45)
	at app//org.junit.jupiter.engine.execution.InvocationInterceptorChain.invoke(InvocationInterceptorChain.java:37)
	at app//org.junit.jupiter.engine.descriptor.DynamicTestTestDescriptor.execute(DynamicTestTestDescriptor.java:60)
	at app//org.junit.jupiter.engine.descriptor.DynamicTestTestDescriptor.execute(DynamicTestTestDescriptor.java:32)
	at app//org.junit.platform.engine.support.hierarchical.NodeTestTask.lambda$executeRecursively$6(NodeTestTask.java:151)
	at app//org.junit.platform.engine.support.hierarchical.ThrowableCollector.execute(ThrowableCollector.java:73)
	at app//org.junit.platform.engine.support.hierarchical.NodeTestTask.lambda$executeRecursively$8(NodeTestTask.java:141)
	at app//org.junit.platform.engine.support.hierarchical.Node.around(Node.java:137)
	at app//org.junit.platform.engine.support.hierarchical.NodeTestTask.lambda$executeRecursively$9(NodeTestTask.java:139)
	at app//org.junit.platform.engine.support.hierarchical.ThrowableCollector.execute(ThrowableCollector.java:73)
	at app//org.junit.platform.engine.support.hierarchical.NodeTestTask.executeRecursively(NodeTestTask.java:138)
	at app//org.junit.platform.engine.support.hierarchical.NodeTestTask.execute(NodeTestTask.java:95)
	at app//org.junit.platform.engine.support.hierarchical.SameThreadHierarchicalTestExecutorService.submit(SameThreadHierarchicalTestExecutorService.java:35)
	at app//org.junit.platform.engine.support.hierarchical.NodeTestTask$DefaultDynamicTestExecutor.execute(NodeTestTask.java:226)
	at app//org.junit.platform.engine.support.hierarchical.NodeTestTask$DefaultDynamicTestExecutor.execute(NodeTestTask.java:204)
	at java.base@11.0.18/java.util.Optional.ifPresent(Optional.java:183)
	at app//org.junit.jupiter.engine.descriptor.TestFactoryTestDescriptor.lambda$invokeTestMethod$1(TestFactoryTestDescriptor.java:108)
	at app//org.junit.platform.engine.support.hierarchical.ThrowableCollector.execute(ThrowableCollector.java:73)
	at app//org.junit.jupiter.engine.descriptor.TestFactoryTestDescriptor.invokeTestMethod(TestFactoryTestDescriptor.java:95)
	at app//org.junit.jupiter.engine.descriptor.TestMethodTestDescriptor.execute(TestMethodTestDescriptor.java:135)
	at app//org.junit.jupiter.engine.descriptor.TestMethodTestDescriptor.execute(TestMethodTestDescriptor.java:66)
	at app//org.junit.platform.engine.support.hierarchical.NodeTestTask.lambda$executeRecursively$6(NodeTestTask.java:151)
	at app//org.junit.platform.engine.support.hierarchical.ThrowableCollector.execute(ThrowableCollector.java:73)
	at app//org.junit.platform.engine.support.hierarchical.NodeTestTask.lambda$executeRecursively$8(NodeTestTask.java:141)
	at app//org.junit.platform.engine.support.hierarchical.Node.around(Node.java:137)
	at app//org.junit.platform.engine.support.hierarchical.NodeTestTask.lambda$executeRecursively$9(NodeTestTask.java:139)
	at app//org.junit.platform.engine.support.hierarchical.ThrowableCollector.execute(ThrowableCollector.java:73)
	at app//org.junit.platform.engine.support.hierarchical.NodeTestTask.executeRecursively(NodeTestTask.java:138)
	at app//org.junit.platform.engine.support.hierarchical.NodeTestTask.execute(NodeTestTask.java:95)
	at java.base@11.0.18/java.util.ArrayList.forEach(ArrayList.java:1541)
	at app//org.junit.platform.engine.support.hierarchical.SameThreadHierarchicalTestExecutorService.invokeAll(SameThreadHierarchicalTestExecutorService.java:41)
	at app//org.junit.platform.engine.support.hierarchical.NodeTestTask.lambda$executeRecursively$6(NodeTestTask.java:155)
	at app//org.junit.platform.engine.support.hierarchical.ThrowableCollector.execute(ThrowableCollector.java:73)
	at app//org.junit.platform.engine.support.hierarchical.NodeTestTask.lambda$executeRecursively$8(NodeTestTask.java:141)
	at app//org.junit.platform.engine.support.hierarchical.Node.around(Node.java:137)
	at app//org.junit.platform.engine.support.hierarchical.NodeTestTask.lambda$executeRecursively$9(NodeTestTask.java:139)
	at app//org.junit.platform.engine.support.hierarchical.ThrowableCollector.execute(ThrowableCollector.java:73)
	at app//org.junit.platform.engine.support.hierarchical.NodeTestTask.executeRecursively(NodeTestTask.java:138)
	at app//org.junit.platform.engine.support.hierarchical.NodeTestTask.execute(NodeTestTask.java:95)
	at java.base@11.0.18/java.util.ArrayList.forEach(ArrayList.java:1541)
	at app//org.junit.platform.engine.support.hierarchical.SameThreadHierarchicalTestExecutorService.invokeAll(SameThreadHierarchicalTestExecutorService.java:41)
	at app//org.junit.platform.engine.support.hierarchical.NodeTestTask.lambda$executeRecursively$6(NodeTestTask.java:155)
	at app//org.junit.platform.engine.support.hierarchical.ThrowableCollector.execute(ThrowableCollector.java:73)
	at app//org.junit.platform.engine.support.hierarchical.NodeTestTask.lambda$executeRecursively$8(NodeTestTask.java:141)
	at app//org.junit.platform.engine.support.hierarchical.Node.around(Node.java:137)
	at app//org.junit.platform.engine.support.hierarchical.NodeTestTask.lambda$executeRecursively$9(NodeTestTask.java:139)
	at app//org.junit.platform.engine.support.hierarchical.ThrowableCollector.execute(ThrowableCollector.java:73)
	at app//org.junit.platform.engine.support.hierarchical.NodeTestTask.executeRecursively(NodeTestTask.java:138)
	at app//org.junit.platform.engine.support.hierarchical.NodeTestTask.execute(NodeTestTask.java:95)
	at app//org.junit.platform.engine.support.hierarchical.SameThreadHierarchicalTestExecutorService.submit(SameThreadHierarchicalTestExecutorService.java:35)
	at app//org.junit.platform.engine.support.hierarchical.HierarchicalTestExecutor.execute(HierarchicalTestExecutor.java:57)
	at app//org.junit.platform.engine.support.hierarchical.HierarchicalTestEngine.execute(HierarchicalTestEngine.java:54)
	at org.junit.platform.launcher.core.EngineExecutionOrchestrator.execute(EngineExecutionOrchestrator.java:107)
	at org.junit.platform.launcher.core.EngineExecutionOrchestrator.execute(EngineExecutionOrchestrator.java:88)
	at org.junit.platform.launcher.core.EngineExecutionOrchestrator.lambda$execute$0(EngineExecutionOrchestrator.java:54)
	at org.junit.platform.launcher.core.EngineExecutionOrchestrator.withInterceptedStreams(EngineExecutionOrchestrator.java:67)
	at org.junit.platform.launcher.core.EngineExecutionOrchestrator.execute(EngineExecutionOrchestrator.java:52)
	at org.junit.platform.launcher.core.DefaultLauncher.execute(DefaultLauncher.java:114)
	at org.junit.platform.launcher.core.DefaultLauncher.execute(DefaultLauncher.java:86)
	at org.junit.platform.launcher.core.DefaultLauncherSession$DelegatingLauncher.execute(DefaultLauncherSession.java:86)
	at org.junit.platform.launcher.core.SessionPerRequestLauncher.execute(SessionPerRequestLauncher.java:53)
	at org.gradle.api.internal.tasks.testing.junitplatform.JUnitPlatformTestClassProcessor$CollectAllTestClassesExecutor.processAllTestClasses(JUnitPlatformTestClassProcessor.java:99)
	at org.gradle.api.internal.tasks.testing.junitplatform.JUnitPlatformTestClassProcessor$CollectAllTestClassesExecutor.access$000(JUnitPlatformTestClassProcessor.java:79)
	at org.gradle.api.internal.tasks.testing.junitplatform.JUnitPlatformTestClassProcessor.stop(JUnitPlatformTestClassProcessor.java:75)
	at org.gradle.api.internal.tasks.testing.SuiteTestClassProcessor.stop(SuiteTestClassProcessor.java:62)
	at java.base@11.0.18/jdk.internal.reflect.NativeMethodAccessorImpl.invoke0(Native Method)
	at java.base@11.0.18/jdk.internal.reflect.NativeMethodAccessorImpl.invoke(NativeMethodAccessorImpl.java:62)
	at java.base@11.0.18/jdk.internal.reflect.DelegatingMethodAccessorImpl.invoke(DelegatingMethodAccessorImpl.java:43)
	at java.base@11.0.18/java.lang.reflect.Method.invoke(Method.java:566)
	at org.gradle.internal.dispatch.ReflectionDispatch.dispatch(ReflectionDispatch.java:36)
	at org.gradle.internal.dispatch.ReflectionDispatch.dispatch(ReflectionDispatch.java:24)
	at org.gradle.internal.dispatch.ContextClassLoaderDispatch.dispatch(ContextClassLoaderDispatch.java:33)
	at org.gradle.internal.dispatch.ProxyDispatchAdapter$DispatchingInvocationHandler.invoke(ProxyDispatchAdapter.java:94)
	at com.sun.proxy.$Proxy2.stop(Unknown Source)
	at org.gradle.api.internal.tasks.testing.worker.TestWorker$3.run(TestWorker.java:193)
	at org.gradle.api.internal.tasks.testing.worker.TestWorker.executeAndMaintainThreadName(TestWorker.java:129)
	at org.gradle.api.internal.tasks.testing.worker.TestWorker.execute(TestWorker.java:100)
	at org.gradle.api.internal.tasks.testing.worker.TestWorker.execute(TestWorker.java:60)
	at org.gradle.process.internal.worker.child.ActionExecutionWorker.execute(ActionExecutionWorker.java:56)
	at org.gradle.process.internal.worker.child.SystemApplicationClassLoaderWorker.call(SystemApplicationClassLoaderWorker.java:113)
	at org.gradle.process.internal.worker.child.SystemApplicationClassLoaderWorker.call(SystemApplicationClassLoaderWorker.java:65)
	at app//worker.org.gradle.process.internal.worker.GradleWorkerMain.run(GradleWorkerMain.java:69)
	at app//worker.org.gradle.process.internal.worker.GradleWorkerMain.main(GradleWorkerMain.java:74)
</failure>
  </testcase>
  <testcase name="proofLoadRepair" classname="de.uka.ilkd.key.proof.runallproofs.RunAllProofsFunctional" time="1.145">
    <failure message="org.opentest4j.AssertionFailedError: Executed process terminated with non-zero exit value. ==&gt; expected: &lt;0&gt; but was: &lt;1&gt;" type="org.opentest4j.AssertionFailedError">org.opentest4j.AssertionFailedError: Executed process terminated with non-zero exit value. ==&gt; expected: &lt;0&gt; but was: &lt;1&gt;
	at app//org.junit.jupiter.api.AssertionUtils.fail(AssertionUtils.java:55)
	at app//org.junit.jupiter.api.AssertionUtils.failNotEqual(AssertionUtils.java:62)
	at app//org.junit.jupiter.api.AssertEquals.assertEquals(AssertEquals.java:150)
	at app//org.junit.jupiter.api.Assertions.assertEquals(Assertions.java:559)
	at app//de.uka.ilkd.key.proof.runallproofs.proofcollection.ForkedTestFileRunner.processTestFiles(ForkedTestFileRunner.java:129)
	at app//de.uka.ilkd.key.proof.runallproofs.RunAllProofsTestUnit.runTest(RunAllProofsTestUnit.java:85)
	at app//de.uka.ilkd.key.proof.runallproofs.RunAllProofsTest.lambda$data$0(RunAllProofsTest.java:83)
	at app//org.junit.jupiter.engine.descriptor.DynamicTestTestDescriptor.lambda$execute$0(DynamicTestTestDescriptor.java:53)
	at app//org.junit.jupiter.engine.execution.InvocationInterceptorChain$ValidatingInvocation.proceed(InvocationInterceptorChain.java:131)
	at app//org.junit.jupiter.api.extension.InvocationInterceptor.interceptDynamicTest(InvocationInterceptor.java:167)
	at app//org.junit.jupiter.api.extension.InvocationInterceptor.interceptDynamicTest(InvocationInterceptor.java:184)
	at app//org.junit.jupiter.engine.descriptor.DynamicTestTestDescriptor.lambda$execute$1(DynamicTestTestDescriptor.java:61)
	at app//org.junit.jupiter.engine.execution.InvocationInterceptorChain$InterceptorCall.lambda$ofVoid$0(InvocationInterceptorChain.java:78)
	at app//org.junit.jupiter.engine.execution.InvocationInterceptorChain$InterceptedInvocation.proceed(InvocationInterceptorChain.java:106)
	at app//org.junit.jupiter.engine.execution.InvocationInterceptorChain.proceed(InvocationInterceptorChain.java:64)
	at app//org.junit.jupiter.engine.execution.InvocationInterceptorChain.chainAndInvoke(InvocationInterceptorChain.java:45)
	at app//org.junit.jupiter.engine.execution.InvocationInterceptorChain.invoke(InvocationInterceptorChain.java:37)
	at app//org.junit.jupiter.engine.descriptor.DynamicTestTestDescriptor.execute(DynamicTestTestDescriptor.java:60)
	at app//org.junit.jupiter.engine.descriptor.DynamicTestTestDescriptor.execute(DynamicTestTestDescriptor.java:32)
	at app//org.junit.platform.engine.support.hierarchical.NodeTestTask.lambda$executeRecursively$6(NodeTestTask.java:151)
	at app//org.junit.platform.engine.support.hierarchical.ThrowableCollector.execute(ThrowableCollector.java:73)
	at app//org.junit.platform.engine.support.hierarchical.NodeTestTask.lambda$executeRecursively$8(NodeTestTask.java:141)
	at app//org.junit.platform.engine.support.hierarchical.Node.around(Node.java:137)
	at app//org.junit.platform.engine.support.hierarchical.NodeTestTask.lambda$executeRecursively$9(NodeTestTask.java:139)
	at app//org.junit.platform.engine.support.hierarchical.ThrowableCollector.execute(ThrowableCollector.java:73)
	at app//org.junit.platform.engine.support.hierarchical.NodeTestTask.executeRecursively(NodeTestTask.java:138)
	at app//org.junit.platform.engine.support.hierarchical.NodeTestTask.execute(NodeTestTask.java:95)
	at app//org.junit.platform.engine.support.hierarchical.SameThreadHierarchicalTestExecutorService.submit(SameThreadHierarchicalTestExecutorService.java:35)
	at app//org.junit.platform.engine.support.hierarchical.NodeTestTask$DefaultDynamicTestExecutor.execute(NodeTestTask.java:226)
	at app//org.junit.platform.engine.support.hierarchical.NodeTestTask$DefaultDynamicTestExecutor.execute(NodeTestTask.java:204)
	at java.base@11.0.18/java.util.Optional.ifPresent(Optional.java:183)
	at app//org.junit.jupiter.engine.descriptor.TestFactoryTestDescriptor.lambda$invokeTestMethod$1(TestFactoryTestDescriptor.java:108)
	at app//org.junit.platform.engine.support.hierarchical.ThrowableCollector.execute(ThrowableCollector.java:73)
	at app//org.junit.jupiter.engine.descriptor.TestFactoryTestDescriptor.invokeTestMethod(TestFactoryTestDescriptor.java:95)
	at app//org.junit.jupiter.engine.descriptor.TestMethodTestDescriptor.execute(TestMethodTestDescriptor.java:135)
	at app//org.junit.jupiter.engine.descriptor.TestMethodTestDescriptor.execute(TestMethodTestDescriptor.java:66)
	at app//org.junit.platform.engine.support.hierarchical.NodeTestTask.lambda$executeRecursively$6(NodeTestTask.java:151)
	at app//org.junit.platform.engine.support.hierarchical.ThrowableCollector.execute(ThrowableCollector.java:73)
	at app//org.junit.platform.engine.support.hierarchical.NodeTestTask.lambda$executeRecursively$8(NodeTestTask.java:141)
	at app//org.junit.platform.engine.support.hierarchical.Node.around(Node.java:137)
	at app//org.junit.platform.engine.support.hierarchical.NodeTestTask.lambda$executeRecursively$9(NodeTestTask.java:139)
	at app//org.junit.platform.engine.support.hierarchical.ThrowableCollector.execute(ThrowableCollector.java:73)
	at app//org.junit.platform.engine.support.hierarchical.NodeTestTask.executeRecursively(NodeTestTask.java:138)
	at app//org.junit.platform.engine.support.hierarchical.NodeTestTask.execute(NodeTestTask.java:95)
	at java.base@11.0.18/java.util.ArrayList.forEach(ArrayList.java:1541)
	at app//org.junit.platform.engine.support.hierarchical.SameThreadHierarchicalTestExecutorService.invokeAll(SameThreadHierarchicalTestExecutorService.java:41)
	at app//org.junit.platform.engine.support.hierarchical.NodeTestTask.lambda$executeRecursively$6(NodeTestTask.java:155)
	at app//org.junit.platform.engine.support.hierarchical.ThrowableCollector.execute(ThrowableCollector.java:73)
	at app//org.junit.platform.engine.support.hierarchical.NodeTestTask.lambda$executeRecursively$8(NodeTestTask.java:141)
	at app//org.junit.platform.engine.support.hierarchical.Node.around(Node.java:137)
	at app//org.junit.platform.engine.support.hierarchical.NodeTestTask.lambda$executeRecursively$9(NodeTestTask.java:139)
	at app//org.junit.platform.engine.support.hierarchical.ThrowableCollector.execute(ThrowableCollector.java:73)
	at app//org.junit.platform.engine.support.hierarchical.NodeTestTask.executeRecursively(NodeTestTask.java:138)
	at app//org.junit.platform.engine.support.hierarchical.NodeTestTask.execute(NodeTestTask.java:95)
	at java.base@11.0.18/java.util.ArrayList.forEach(ArrayList.java:1541)
	at app//org.junit.platform.engine.support.hierarchical.SameThreadHierarchicalTestExecutorService.invokeAll(SameThreadHierarchicalTestExecutorService.java:41)
	at app//org.junit.platform.engine.support.hierarchical.NodeTestTask.lambda$executeRecursively$6(NodeTestTask.java:155)
	at app//org.junit.platform.engine.support.hierarchical.ThrowableCollector.execute(ThrowableCollector.java:73)
	at app//org.junit.platform.engine.support.hierarchical.NodeTestTask.lambda$executeRecursively$8(NodeTestTask.java:141)
	at app//org.junit.platform.engine.support.hierarchical.Node.around(Node.java:137)
	at app//org.junit.platform.engine.support.hierarchical.NodeTestTask.lambda$executeRecursively$9(NodeTestTask.java:139)
	at app//org.junit.platform.engine.support.hierarchical.ThrowableCollector.execute(ThrowableCollector.java:73)
	at app//org.junit.platform.engine.support.hierarchical.NodeTestTask.executeRecursively(NodeTestTask.java:138)
	at app//org.junit.platform.engine.support.hierarchical.NodeTestTask.execute(NodeTestTask.java:95)
	at app//org.junit.platform.engine.support.hierarchical.SameThreadHierarchicalTestExecutorService.submit(SameThreadHierarchicalTestExecutorService.java:35)
	at app//org.junit.platform.engine.support.hierarchical.HierarchicalTestExecutor.execute(HierarchicalTestExecutor.java:57)
	at app//org.junit.platform.engine.support.hierarchical.HierarchicalTestEngine.execute(HierarchicalTestEngine.java:54)
	at org.junit.platform.launcher.core.EngineExecutionOrchestrator.execute(EngineExecutionOrchestrator.java:107)
	at org.junit.platform.launcher.core.EngineExecutionOrchestrator.execute(EngineExecutionOrchestrator.java:88)
	at org.junit.platform.launcher.core.EngineExecutionOrchestrator.lambda$execute$0(EngineExecutionOrchestrator.java:54)
	at org.junit.platform.launcher.core.EngineExecutionOrchestrator.withInterceptedStreams(EngineExecutionOrchestrator.java:67)
	at org.junit.platform.launcher.core.EngineExecutionOrchestrator.execute(EngineExecutionOrchestrator.java:52)
	at org.junit.platform.launcher.core.DefaultLauncher.execute(DefaultLauncher.java:114)
	at org.junit.platform.launcher.core.DefaultLauncher.execute(DefaultLauncher.java:86)
	at org.junit.platform.launcher.core.DefaultLauncherSession$DelegatingLauncher.execute(DefaultLauncherSession.java:86)
	at org.junit.platform.launcher.core.SessionPerRequestLauncher.execute(SessionPerRequestLauncher.java:53)
	at org.gradle.api.internal.tasks.testing.junitplatform.JUnitPlatformTestClassProcessor$CollectAllTestClassesExecutor.processAllTestClasses(JUnitPlatformTestClassProcessor.java:99)
	at org.gradle.api.internal.tasks.testing.junitplatform.JUnitPlatformTestClassProcessor$CollectAllTestClassesExecutor.access$000(JUnitPlatformTestClassProcessor.java:79)
	at org.gradle.api.internal.tasks.testing.junitplatform.JUnitPlatformTestClassProcessor.stop(JUnitPlatformTestClassProcessor.java:75)
	at org.gradle.api.internal.tasks.testing.SuiteTestClassProcessor.stop(SuiteTestClassProcessor.java:62)
	at java.base@11.0.18/jdk.internal.reflect.NativeMethodAccessorImpl.invoke0(Native Method)
	at java.base@11.0.18/jdk.internal.reflect.NativeMethodAccessorImpl.invoke(NativeMethodAccessorImpl.java:62)
	at java.base@11.0.18/jdk.internal.reflect.DelegatingMethodAccessorImpl.invoke(DelegatingMethodAccessorImpl.java:43)
	at java.base@11.0.18/java.lang.reflect.Method.invoke(Method.java:566)
	at org.gradle.internal.dispatch.ReflectionDispatch.dispatch(ReflectionDispatch.java:36)
	at org.gradle.internal.dispatch.ReflectionDispatch.dispatch(ReflectionDispatch.java:24)
	at org.gradle.internal.dispatch.ContextClassLoaderDispatch.dispatch(ContextClassLoaderDispatch.java:33)
	at org.gradle.internal.dispatch.ProxyDispatchAdapter$DispatchingInvocationHandler.invoke(ProxyDispatchAdapter.java:94)
	at com.sun.proxy.$Proxy2.stop(Unknown Source)
	at org.gradle.api.internal.tasks.testing.worker.TestWorker$3.run(TestWorker.java:193)
	at org.gradle.api.internal.tasks.testing.worker.TestWorker.executeAndMaintainThreadName(TestWorker.java:129)
	at org.gradle.api.internal.tasks.testing.worker.TestWorker.execute(TestWorker.java:100)
	at org.gradle.api.internal.tasks.testing.worker.TestWorker.execute(TestWorker.java:60)
	at org.gradle.process.internal.worker.child.ActionExecutionWorker.execute(ActionExecutionWorker.java:56)
	at org.gradle.process.internal.worker.child.SystemApplicationClassLoaderWorker.call(SystemApplicationClassLoaderWorker.java:113)
	at org.gradle.process.internal.worker.child.SystemApplicationClassLoaderWorker.call(SystemApplicationClassLoaderWorker.java:65)
	at app//worker.org.gradle.process.internal.worker.GradleWorkerMain.run(GradleWorkerMain.java:69)
	at app//worker.org.gradle.process.internal.worker.GradleWorkerMain.main(GradleWorkerMain.java:74)
</failure>
  </testcase>
  <testcase name="switch" classname="de.uka.ilkd.key.proof.runallproofs.RunAllProofsFunctional" time="1.245">
    <failure message="org.opentest4j.AssertionFailedError: Executed process terminated with non-zero exit value. ==&gt; expected: &lt;0&gt; but was: &lt;1&gt;" type="org.opentest4j.AssertionFailedError">org.opentest4j.AssertionFailedError: Executed process terminated with non-zero exit value. ==&gt; expected: &lt;0&gt; but was: &lt;1&gt;
	at app//org.junit.jupiter.api.AssertionUtils.fail(AssertionUtils.java:55)
	at app//org.junit.jupiter.api.AssertionUtils.failNotEqual(AssertionUtils.java:62)
	at app//org.junit.jupiter.api.AssertEquals.assertEquals(AssertEquals.java:150)
	at app//org.junit.jupiter.api.Assertions.assertEquals(Assertions.java:559)
	at app//de.uka.ilkd.key.proof.runallproofs.proofcollection.ForkedTestFileRunner.processTestFiles(ForkedTestFileRunner.java:129)
	at app//de.uka.ilkd.key.proof.runallproofs.RunAllProofsTestUnit.runTest(RunAllProofsTestUnit.java:85)
	at app//de.uka.ilkd.key.proof.runallproofs.RunAllProofsTest.lambda$data$0(RunAllProofsTest.java:83)
	at app//org.junit.jupiter.engine.descriptor.DynamicTestTestDescriptor.lambda$execute$0(DynamicTestTestDescriptor.java:53)
	at app//org.junit.jupiter.engine.execution.InvocationInterceptorChain$ValidatingInvocation.proceed(InvocationInterceptorChain.java:131)
	at app//org.junit.jupiter.api.extension.InvocationInterceptor.interceptDynamicTest(InvocationInterceptor.java:167)
	at app//org.junit.jupiter.api.extension.InvocationInterceptor.interceptDynamicTest(InvocationInterceptor.java:184)
	at app//org.junit.jupiter.engine.descriptor.DynamicTestTestDescriptor.lambda$execute$1(DynamicTestTestDescriptor.java:61)
	at app//org.junit.jupiter.engine.execution.InvocationInterceptorChain$InterceptorCall.lambda$ofVoid$0(InvocationInterceptorChain.java:78)
	at app//org.junit.jupiter.engine.execution.InvocationInterceptorChain$InterceptedInvocation.proceed(InvocationInterceptorChain.java:106)
	at app//org.junit.jupiter.engine.execution.InvocationInterceptorChain.proceed(InvocationInterceptorChain.java:64)
	at app//org.junit.jupiter.engine.execution.InvocationInterceptorChain.chainAndInvoke(InvocationInterceptorChain.java:45)
	at app//org.junit.jupiter.engine.execution.InvocationInterceptorChain.invoke(InvocationInterceptorChain.java:37)
	at app//org.junit.jupiter.engine.descriptor.DynamicTestTestDescriptor.execute(DynamicTestTestDescriptor.java:60)
	at app//org.junit.jupiter.engine.descriptor.DynamicTestTestDescriptor.execute(DynamicTestTestDescriptor.java:32)
	at app//org.junit.platform.engine.support.hierarchical.NodeTestTask.lambda$executeRecursively$6(NodeTestTask.java:151)
	at app//org.junit.platform.engine.support.hierarchical.ThrowableCollector.execute(ThrowableCollector.java:73)
	at app//org.junit.platform.engine.support.hierarchical.NodeTestTask.lambda$executeRecursively$8(NodeTestTask.java:141)
	at app//org.junit.platform.engine.support.hierarchical.Node.around(Node.java:137)
	at app//org.junit.platform.engine.support.hierarchical.NodeTestTask.lambda$executeRecursively$9(NodeTestTask.java:139)
	at app//org.junit.platform.engine.support.hierarchical.ThrowableCollector.execute(ThrowableCollector.java:73)
	at app//org.junit.platform.engine.support.hierarchical.NodeTestTask.executeRecursively(NodeTestTask.java:138)
	at app//org.junit.platform.engine.support.hierarchical.NodeTestTask.execute(NodeTestTask.java:95)
	at app//org.junit.platform.engine.support.hierarchical.SameThreadHierarchicalTestExecutorService.submit(SameThreadHierarchicalTestExecutorService.java:35)
	at app//org.junit.platform.engine.support.hierarchical.NodeTestTask$DefaultDynamicTestExecutor.execute(NodeTestTask.java:226)
	at app//org.junit.platform.engine.support.hierarchical.NodeTestTask$DefaultDynamicTestExecutor.execute(NodeTestTask.java:204)
	at java.base@11.0.18/java.util.Optional.ifPresent(Optional.java:183)
	at app//org.junit.jupiter.engine.descriptor.TestFactoryTestDescriptor.lambda$invokeTestMethod$1(TestFactoryTestDescriptor.java:108)
	at app//org.junit.platform.engine.support.hierarchical.ThrowableCollector.execute(ThrowableCollector.java:73)
	at app//org.junit.jupiter.engine.descriptor.TestFactoryTestDescriptor.invokeTestMethod(TestFactoryTestDescriptor.java:95)
	at app//org.junit.jupiter.engine.descriptor.TestMethodTestDescriptor.execute(TestMethodTestDescriptor.java:135)
	at app//org.junit.jupiter.engine.descriptor.TestMethodTestDescriptor.execute(TestMethodTestDescriptor.java:66)
	at app//org.junit.platform.engine.support.hierarchical.NodeTestTask.lambda$executeRecursively$6(NodeTestTask.java:151)
	at app//org.junit.platform.engine.support.hierarchical.ThrowableCollector.execute(ThrowableCollector.java:73)
	at app//org.junit.platform.engine.support.hierarchical.NodeTestTask.lambda$executeRecursively$8(NodeTestTask.java:141)
	at app//org.junit.platform.engine.support.hierarchical.Node.around(Node.java:137)
	at app//org.junit.platform.engine.support.hierarchical.NodeTestTask.lambda$executeRecursively$9(NodeTestTask.java:139)
	at app//org.junit.platform.engine.support.hierarchical.ThrowableCollector.execute(ThrowableCollector.java:73)
	at app//org.junit.platform.engine.support.hierarchical.NodeTestTask.executeRecursively(NodeTestTask.java:138)
	at app//org.junit.platform.engine.support.hierarchical.NodeTestTask.execute(NodeTestTask.java:95)
	at java.base@11.0.18/java.util.ArrayList.forEach(ArrayList.java:1541)
	at app//org.junit.platform.engine.support.hierarchical.SameThreadHierarchicalTestExecutorService.invokeAll(SameThreadHierarchicalTestExecutorService.java:41)
	at app//org.junit.platform.engine.support.hierarchical.NodeTestTask.lambda$executeRecursively$6(NodeTestTask.java:155)
	at app//org.junit.platform.engine.support.hierarchical.ThrowableCollector.execute(ThrowableCollector.java:73)
	at app//org.junit.platform.engine.support.hierarchical.NodeTestTask.lambda$executeRecursively$8(NodeTestTask.java:141)
	at app//org.junit.platform.engine.support.hierarchical.Node.around(Node.java:137)
	at app//org.junit.platform.engine.support.hierarchical.NodeTestTask.lambda$executeRecursively$9(NodeTestTask.java:139)
	at app//org.junit.platform.engine.support.hierarchical.ThrowableCollector.execute(ThrowableCollector.java:73)
	at app//org.junit.platform.engine.support.hierarchical.NodeTestTask.executeRecursively(NodeTestTask.java:138)
	at app//org.junit.platform.engine.support.hierarchical.NodeTestTask.execute(NodeTestTask.java:95)
	at java.base@11.0.18/java.util.ArrayList.forEach(ArrayList.java:1541)
	at app//org.junit.platform.engine.support.hierarchical.SameThreadHierarchicalTestExecutorService.invokeAll(SameThreadHierarchicalTestExecutorService.java:41)
	at app//org.junit.platform.engine.support.hierarchical.NodeTestTask.lambda$executeRecursively$6(NodeTestTask.java:155)
	at app//org.junit.platform.engine.support.hierarchical.ThrowableCollector.execute(ThrowableCollector.java:73)
	at app//org.junit.platform.engine.support.hierarchical.NodeTestTask.lambda$executeRecursively$8(NodeTestTask.java:141)
	at app//org.junit.platform.engine.support.hierarchical.Node.around(Node.java:137)
	at app//org.junit.platform.engine.support.hierarchical.NodeTestTask.lambda$executeRecursively$9(NodeTestTask.java:139)
	at app//org.junit.platform.engine.support.hierarchical.ThrowableCollector.execute(ThrowableCollector.java:73)
	at app//org.junit.platform.engine.support.hierarchical.NodeTestTask.executeRecursively(NodeTestTask.java:138)
	at app//org.junit.platform.engine.support.hierarchical.NodeTestTask.execute(NodeTestTask.java:95)
	at app//org.junit.platform.engine.support.hierarchical.SameThreadHierarchicalTestExecutorService.submit(SameThreadHierarchicalTestExecutorService.java:35)
	at app//org.junit.platform.engine.support.hierarchical.HierarchicalTestExecutor.execute(HierarchicalTestExecutor.java:57)
	at app//org.junit.platform.engine.support.hierarchical.HierarchicalTestEngine.execute(HierarchicalTestEngine.java:54)
	at org.junit.platform.launcher.core.EngineExecutionOrchestrator.execute(EngineExecutionOrchestrator.java:107)
	at org.junit.platform.launcher.core.EngineExecutionOrchestrator.execute(EngineExecutionOrchestrator.java:88)
	at org.junit.platform.launcher.core.EngineExecutionOrchestrator.lambda$execute$0(EngineExecutionOrchestrator.java:54)
	at org.junit.platform.launcher.core.EngineExecutionOrchestrator.withInterceptedStreams(EngineExecutionOrchestrator.java:67)
	at org.junit.platform.launcher.core.EngineExecutionOrchestrator.execute(EngineExecutionOrchestrator.java:52)
	at org.junit.platform.launcher.core.DefaultLauncher.execute(DefaultLauncher.java:114)
	at org.junit.platform.launcher.core.DefaultLauncher.execute(DefaultLauncher.java:86)
	at org.junit.platform.launcher.core.DefaultLauncherSession$DelegatingLauncher.execute(DefaultLauncherSession.java:86)
	at org.junit.platform.launcher.core.SessionPerRequestLauncher.execute(SessionPerRequestLauncher.java:53)
	at org.gradle.api.internal.tasks.testing.junitplatform.JUnitPlatformTestClassProcessor$CollectAllTestClassesExecutor.processAllTestClasses(JUnitPlatformTestClassProcessor.java:99)
	at org.gradle.api.internal.tasks.testing.junitplatform.JUnitPlatformTestClassProcessor$CollectAllTestClassesExecutor.access$000(JUnitPlatformTestClassProcessor.java:79)
	at org.gradle.api.internal.tasks.testing.junitplatform.JUnitPlatformTestClassProcessor.stop(JUnitPlatformTestClassProcessor.java:75)
	at org.gradle.api.internal.tasks.testing.SuiteTestClassProcessor.stop(SuiteTestClassProcessor.java:62)
	at java.base@11.0.18/jdk.internal.reflect.NativeMethodAccessorImpl.invoke0(Native Method)
	at java.base@11.0.18/jdk.internal.reflect.NativeMethodAccessorImpl.invoke(NativeMethodAccessorImpl.java:62)
	at java.base@11.0.18/jdk.internal.reflect.DelegatingMethodAccessorImpl.invoke(DelegatingMethodAccessorImpl.java:43)
	at java.base@11.0.18/java.lang.reflect.Method.invoke(Method.java:566)
	at org.gradle.internal.dispatch.ReflectionDispatch.dispatch(ReflectionDispatch.java:36)
	at org.gradle.internal.dispatch.ReflectionDispatch.dispatch(ReflectionDispatch.java:24)
	at org.gradle.internal.dispatch.ContextClassLoaderDispatch.dispatch(ContextClassLoaderDispatch.java:33)
	at org.gradle.internal.dispatch.ProxyDispatchAdapter$DispatchingInvocationHandler.invoke(ProxyDispatchAdapter.java:94)
	at com.sun.proxy.$Proxy2.stop(Unknown Source)
	at org.gradle.api.internal.tasks.testing.worker.TestWorker$3.run(TestWorker.java:193)
	at org.gradle.api.internal.tasks.testing.worker.TestWorker.executeAndMaintainThreadName(TestWorker.java:129)
	at org.gradle.api.internal.tasks.testing.worker.TestWorker.execute(TestWorker.java:100)
	at org.gradle.api.internal.tasks.testing.worker.TestWorker.execute(TestWorker.java:60)
	at org.gradle.process.internal.worker.child.ActionExecutionWorker.execute(ActionExecutionWorker.java:56)
	at org.gradle.process.internal.worker.child.SystemApplicationClassLoaderWorker.call(SystemApplicationClassLoaderWorker.java:113)
	at org.gradle.process.internal.worker.child.SystemApplicationClassLoaderWorker.call(SystemApplicationClassLoaderWorker.java:65)
	at app//worker.org.gradle.process.internal.worker.GradleWorkerMain.run(GradleWorkerMain.java:69)
	at app//worker.org.gradle.process.internal.worker.GradleWorkerMain.main(GradleWorkerMain.java:74)
</failure>
  </testcase>
  <testcase name="redux" classname="de.uka.ilkd.key.proof.runallproofs.RunAllProofsFunctional" time="1.211">
    <failure message="org.opentest4j.AssertionFailedError: Executed process terminated with non-zero exit value. ==&gt; expected: &lt;0&gt; but was: &lt;1&gt;" type="org.opentest4j.AssertionFailedError">org.opentest4j.AssertionFailedError: Executed process terminated with non-zero exit value. ==&gt; expected: &lt;0&gt; but was: &lt;1&gt;
	at app//org.junit.jupiter.api.AssertionUtils.fail(AssertionUtils.java:55)
	at app//org.junit.jupiter.api.AssertionUtils.failNotEqual(AssertionUtils.java:62)
	at app//org.junit.jupiter.api.AssertEquals.assertEquals(AssertEquals.java:150)
	at app//org.junit.jupiter.api.Assertions.assertEquals(Assertions.java:559)
	at app//de.uka.ilkd.key.proof.runallproofs.proofcollection.ForkedTestFileRunner.processTestFiles(ForkedTestFileRunner.java:129)
	at app//de.uka.ilkd.key.proof.runallproofs.RunAllProofsTestUnit.runTest(RunAllProofsTestUnit.java:85)
	at app//de.uka.ilkd.key.proof.runallproofs.RunAllProofsTest.lambda$data$0(RunAllProofsTest.java:83)
	at app//org.junit.jupiter.engine.descriptor.DynamicTestTestDescriptor.lambda$execute$0(DynamicTestTestDescriptor.java:53)
	at app//org.junit.jupiter.engine.execution.InvocationInterceptorChain$ValidatingInvocation.proceed(InvocationInterceptorChain.java:131)
	at app//org.junit.jupiter.api.extension.InvocationInterceptor.interceptDynamicTest(InvocationInterceptor.java:167)
	at app//org.junit.jupiter.api.extension.InvocationInterceptor.interceptDynamicTest(InvocationInterceptor.java:184)
	at app//org.junit.jupiter.engine.descriptor.DynamicTestTestDescriptor.lambda$execute$1(DynamicTestTestDescriptor.java:61)
	at app//org.junit.jupiter.engine.execution.InvocationInterceptorChain$InterceptorCall.lambda$ofVoid$0(InvocationInterceptorChain.java:78)
	at app//org.junit.jupiter.engine.execution.InvocationInterceptorChain$InterceptedInvocation.proceed(InvocationInterceptorChain.java:106)
	at app//org.junit.jupiter.engine.execution.InvocationInterceptorChain.proceed(InvocationInterceptorChain.java:64)
	at app//org.junit.jupiter.engine.execution.InvocationInterceptorChain.chainAndInvoke(InvocationInterceptorChain.java:45)
	at app//org.junit.jupiter.engine.execution.InvocationInterceptorChain.invoke(InvocationInterceptorChain.java:37)
	at app//org.junit.jupiter.engine.descriptor.DynamicTestTestDescriptor.execute(DynamicTestTestDescriptor.java:60)
	at app//org.junit.jupiter.engine.descriptor.DynamicTestTestDescriptor.execute(DynamicTestTestDescriptor.java:32)
	at app//org.junit.platform.engine.support.hierarchical.NodeTestTask.lambda$executeRecursively$6(NodeTestTask.java:151)
	at app//org.junit.platform.engine.support.hierarchical.ThrowableCollector.execute(ThrowableCollector.java:73)
	at app//org.junit.platform.engine.support.hierarchical.NodeTestTask.lambda$executeRecursively$8(NodeTestTask.java:141)
	at app//org.junit.platform.engine.support.hierarchical.Node.around(Node.java:137)
	at app//org.junit.platform.engine.support.hierarchical.NodeTestTask.lambda$executeRecursively$9(NodeTestTask.java:139)
	at app//org.junit.platform.engine.support.hierarchical.ThrowableCollector.execute(ThrowableCollector.java:73)
	at app//org.junit.platform.engine.support.hierarchical.NodeTestTask.executeRecursively(NodeTestTask.java:138)
	at app//org.junit.platform.engine.support.hierarchical.NodeTestTask.execute(NodeTestTask.java:95)
	at app//org.junit.platform.engine.support.hierarchical.SameThreadHierarchicalTestExecutorService.submit(SameThreadHierarchicalTestExecutorService.java:35)
	at app//org.junit.platform.engine.support.hierarchical.NodeTestTask$DefaultDynamicTestExecutor.execute(NodeTestTask.java:226)
	at app//org.junit.platform.engine.support.hierarchical.NodeTestTask$DefaultDynamicTestExecutor.execute(NodeTestTask.java:204)
	at java.base@11.0.18/java.util.Optional.ifPresent(Optional.java:183)
	at app//org.junit.jupiter.engine.descriptor.TestFactoryTestDescriptor.lambda$invokeTestMethod$1(TestFactoryTestDescriptor.java:108)
	at app//org.junit.platform.engine.support.hierarchical.ThrowableCollector.execute(ThrowableCollector.java:73)
	at app//org.junit.jupiter.engine.descriptor.TestFactoryTestDescriptor.invokeTestMethod(TestFactoryTestDescriptor.java:95)
	at app//org.junit.jupiter.engine.descriptor.TestMethodTestDescriptor.execute(TestMethodTestDescriptor.java:135)
	at app//org.junit.jupiter.engine.descriptor.TestMethodTestDescriptor.execute(TestMethodTestDescriptor.java:66)
	at app//org.junit.platform.engine.support.hierarchical.NodeTestTask.lambda$executeRecursively$6(NodeTestTask.java:151)
	at app//org.junit.platform.engine.support.hierarchical.ThrowableCollector.execute(ThrowableCollector.java:73)
	at app//org.junit.platform.engine.support.hierarchical.NodeTestTask.lambda$executeRecursively$8(NodeTestTask.java:141)
	at app//org.junit.platform.engine.support.hierarchical.Node.around(Node.java:137)
	at app//org.junit.platform.engine.support.hierarchical.NodeTestTask.lambda$executeRecursively$9(NodeTestTask.java:139)
	at app//org.junit.platform.engine.support.hierarchical.ThrowableCollector.execute(ThrowableCollector.java:73)
	at app//org.junit.platform.engine.support.hierarchical.NodeTestTask.executeRecursively(NodeTestTask.java:138)
	at app//org.junit.platform.engine.support.hierarchical.NodeTestTask.execute(NodeTestTask.java:95)
	at java.base@11.0.18/java.util.ArrayList.forEach(ArrayList.java:1541)
	at app//org.junit.platform.engine.support.hierarchical.SameThreadHierarchicalTestExecutorService.invokeAll(SameThreadHierarchicalTestExecutorService.java:41)
	at app//org.junit.platform.engine.support.hierarchical.NodeTestTask.lambda$executeRecursively$6(NodeTestTask.java:155)
	at app//org.junit.platform.engine.support.hierarchical.ThrowableCollector.execute(ThrowableCollector.java:73)
	at app//org.junit.platform.engine.support.hierarchical.NodeTestTask.lambda$executeRecursively$8(NodeTestTask.java:141)
	at app//org.junit.platform.engine.support.hierarchical.Node.around(Node.java:137)
	at app//org.junit.platform.engine.support.hierarchical.NodeTestTask.lambda$executeRecursively$9(NodeTestTask.java:139)
	at app//org.junit.platform.engine.support.hierarchical.ThrowableCollector.execute(ThrowableCollector.java:73)
	at app//org.junit.platform.engine.support.hierarchical.NodeTestTask.executeRecursively(NodeTestTask.java:138)
	at app//org.junit.platform.engine.support.hierarchical.NodeTestTask.execute(NodeTestTask.java:95)
	at java.base@11.0.18/java.util.ArrayList.forEach(ArrayList.java:1541)
	at app//org.junit.platform.engine.support.hierarchical.SameThreadHierarchicalTestExecutorService.invokeAll(SameThreadHierarchicalTestExecutorService.java:41)
	at app//org.junit.platform.engine.support.hierarchical.NodeTestTask.lambda$executeRecursively$6(NodeTestTask.java:155)
	at app//org.junit.platform.engine.support.hierarchical.ThrowableCollector.execute(ThrowableCollector.java:73)
	at app//org.junit.platform.engine.support.hierarchical.NodeTestTask.lambda$executeRecursively$8(NodeTestTask.java:141)
	at app//org.junit.platform.engine.support.hierarchical.Node.around(Node.java:137)
	at app//org.junit.platform.engine.support.hierarchical.NodeTestTask.lambda$executeRecursively$9(NodeTestTask.java:139)
	at app//org.junit.platform.engine.support.hierarchical.ThrowableCollector.execute(ThrowableCollector.java:73)
	at app//org.junit.platform.engine.support.hierarchical.NodeTestTask.executeRecursively(NodeTestTask.java:138)
	at app//org.junit.platform.engine.support.hierarchical.NodeTestTask.execute(NodeTestTask.java:95)
	at app//org.junit.platform.engine.support.hierarchical.SameThreadHierarchicalTestExecutorService.submit(SameThreadHierarchicalTestExecutorService.java:35)
	at app//org.junit.platform.engine.support.hierarchical.HierarchicalTestExecutor.execute(HierarchicalTestExecutor.java:57)
	at app//org.junit.platform.engine.support.hierarchical.HierarchicalTestEngine.execute(HierarchicalTestEngine.java:54)
	at org.junit.platform.launcher.core.EngineExecutionOrchestrator.execute(EngineExecutionOrchestrator.java:107)
	at org.junit.platform.launcher.core.EngineExecutionOrchestrator.execute(EngineExecutionOrchestrator.java:88)
	at org.junit.platform.launcher.core.EngineExecutionOrchestrator.lambda$execute$0(EngineExecutionOrchestrator.java:54)
	at org.junit.platform.launcher.core.EngineExecutionOrchestrator.withInterceptedStreams(EngineExecutionOrchestrator.java:67)
	at org.junit.platform.launcher.core.EngineExecutionOrchestrator.execute(EngineExecutionOrchestrator.java:52)
	at org.junit.platform.launcher.core.DefaultLauncher.execute(DefaultLauncher.java:114)
	at org.junit.platform.launcher.core.DefaultLauncher.execute(DefaultLauncher.java:86)
	at org.junit.platform.launcher.core.DefaultLauncherSession$DelegatingLauncher.execute(DefaultLauncherSession.java:86)
	at org.junit.platform.launcher.core.SessionPerRequestLauncher.execute(SessionPerRequestLauncher.java:53)
	at org.gradle.api.internal.tasks.testing.junitplatform.JUnitPlatformTestClassProcessor$CollectAllTestClassesExecutor.processAllTestClasses(JUnitPlatformTestClassProcessor.java:99)
	at org.gradle.api.internal.tasks.testing.junitplatform.JUnitPlatformTestClassProcessor$CollectAllTestClassesExecutor.access$000(JUnitPlatformTestClassProcessor.java:79)
	at org.gradle.api.internal.tasks.testing.junitplatform.JUnitPlatformTestClassProcessor.stop(JUnitPlatformTestClassProcessor.java:75)
	at org.gradle.api.internal.tasks.testing.SuiteTestClassProcessor.stop(SuiteTestClassProcessor.java:62)
	at java.base@11.0.18/jdk.internal.reflect.NativeMethodAccessorImpl.invoke0(Native Method)
	at java.base@11.0.18/jdk.internal.reflect.NativeMethodAccessorImpl.invoke(NativeMethodAccessorImpl.java:62)
	at java.base@11.0.18/jdk.internal.reflect.DelegatingMethodAccessorImpl.invoke(DelegatingMethodAccessorImpl.java:43)
	at java.base@11.0.18/java.lang.reflect.Method.invoke(Method.java:566)
	at org.gradle.internal.dispatch.ReflectionDispatch.dispatch(ReflectionDispatch.java:36)
	at org.gradle.internal.dispatch.ReflectionDispatch.dispatch(ReflectionDispatch.java:24)
	at org.gradle.internal.dispatch.ContextClassLoaderDispatch.dispatch(ContextClassLoaderDispatch.java:33)
	at org.gradle.internal.dispatch.ProxyDispatchAdapter$DispatchingInvocationHandler.invoke(ProxyDispatchAdapter.java:94)
	at com.sun.proxy.$Proxy2.stop(Unknown Source)
	at org.gradle.api.internal.tasks.testing.worker.TestWorker$3.run(TestWorker.java:193)
	at org.gradle.api.internal.tasks.testing.worker.TestWorker.executeAndMaintainThreadName(TestWorker.java:129)
	at org.gradle.api.internal.tasks.testing.worker.TestWorker.execute(TestWorker.java:100)
	at org.gradle.api.internal.tasks.testing.worker.TestWorker.execute(TestWorker.java:60)
	at org.gradle.process.internal.worker.child.ActionExecutionWorker.execute(ActionExecutionWorker.java:56)
	at org.gradle.process.internal.worker.child.SystemApplicationClassLoaderWorker.call(SystemApplicationClassLoaderWorker.java:113)
	at org.gradle.process.internal.worker.child.SystemApplicationClassLoaderWorker.call(SystemApplicationClassLoaderWorker.java:65)
	at app//worker.org.gradle.process.internal.worker.GradleWorkerMain.run(GradleWorkerMain.java:69)
	at app//worker.org.gradle.process.internal.worker.GradleWorkerMain.main(GradleWorkerMain.java:74)
</failure>
  </testcase>
  <system-out><![CDATA[17:41:08,810 |-INFO in ch.qos.logback.classic.LoggerContext[default] - Could NOT find resource [logback-test.xml]
17:41:08,810 |-INFO in ch.qos.logback.classic.LoggerContext[default] - Found resource [logback.xml] at [file:/home/runner/work/key/key/key.core/build/resources/test/logback.xml]
17:41:09,183 |-INFO in ch.qos.logback.classic.joran.action.ConfigurationAction - debug attribute not set
17:41:09,183 |-INFO in ch.qos.logback.core.joran.action.AppenderAction - About to instantiate appender of type [ch.qos.logback.core.ConsoleAppender]
17:41:09,188 |-INFO in ch.qos.logback.core.joran.action.AppenderAction - Naming appender as [STDOUT]
17:41:09,192 |-ERROR in ch.qos.logback.core.joran.spi.Interpreter@3:15 - no applicable action for [file], current ElementPath  is [[configuration][appender][file]]
17:41:09,192 |-ERROR in ch.qos.logback.core.joran.spi.Interpreter@4:17 - no applicable action for [append], current ElementPath  is [[configuration][appender][append]]
17:41:09,200 |-INFO in ch.qos.logback.core.joran.action.NestedComplexPropertyIA - Assuming default type [ch.qos.logback.classic.encoder.PatternLayoutEncoder] for [encoder] property
17:41:09,217 |-INFO in ch.qos.logback.classic.joran.action.RootLoggerAction - Setting level of ROOT logger to WARN
17:41:09,217 |-INFO in ch.qos.logback.core.joran.action.AppenderRefAction - Attaching appender named [STDOUT] to Logger[ROOT]
17:41:09,218 |-INFO in ch.qos.logback.classic.joran.action.ConfigurationAction - End of configuration.
17:41:09,218 |-INFO in ch.qos.logback.classic.joran.JoranConfigurator@19fb8826 - Registering current configuration as safe fallback point

Running test newBook
17:41:09,551 |-INFO in ch.qos.logback.classic.LoggerContext[default] - Could NOT find resource [logback-test.xml]
17:41:09,552 |-INFO in ch.qos.logback.classic.LoggerContext[default] - Found resource [logback.xml] at [file:/home/runner/work/key/key/key.core/build/resources/test/logback.xml]
17:41:09,697 |-INFO in ch.qos.logback.classic.joran.action.ConfigurationAction - debug attribute not set
17:41:09,698 |-INFO in ch.qos.logback.core.joran.action.AppenderAction - About to instantiate appender of type [ch.qos.logback.core.ConsoleAppender]
17:41:09,715 |-INFO in ch.qos.logback.core.joran.action.AppenderAction - Naming appender as [STDOUT]
17:41:09,721 |-ERROR in ch.qos.logback.core.joran.spi.Interpreter@3:15 - no applicable action for [file], current ElementPath  is [[configuration][appender][file]]
17:41:09,721 |-ERROR in ch.qos.logback.core.joran.spi.Interpreter@4:17 - no applicable action for [append], current ElementPath  is [[configuration][appender][append]]
17:41:09,722 |-INFO in ch.qos.logback.core.joran.action.NestedComplexPropertyIA - Assuming default type [ch.qos.logback.classic.encoder.PatternLayoutEncoder] for [encoder] property
17:41:09,745 |-INFO in ch.qos.logback.classic.joran.action.RootLoggerAction - Setting level of ROOT logger to WARN
17:41:09,745 |-INFO in ch.qos.logback.core.joran.action.AppenderRefAction - Attaching appender named [STDOUT] to Logger[ROOT]
17:41:09,746 |-INFO in ch.qos.logback.classic.joran.action.ConfigurationAction - End of configuration.
17:41:09,747 |-INFO in ch.qos.logback.classic.joran.JoranConfigurator@29176cc1 - Registering current configuration as safe fallback point

368        WARN  main            d.u.i.k.s.ProofSettings   No proof-settings could be loaded, using defaults java.io.FileNotFoundException: /home/runner/.key/proof-settings.props (No such file or directory)
	at java.base/java.io.FileInputStream.open0(Native Method)

Running test oldBook
17:41:10,881 |-INFO in ch.qos.logback.classic.LoggerContext[default] - Could NOT find resource [logback-test.xml]
17:41:10,882 |-INFO in ch.qos.logback.classic.LoggerContext[default] - Found resource [logback.xml] at [file:/home/runner/work/key/key/key.core/build/resources/test/logback.xml]
17:41:11,021 |-INFO in ch.qos.logback.classic.joran.action.ConfigurationAction - debug attribute not set
17:41:11,022 |-INFO in ch.qos.logback.core.joran.action.AppenderAction - About to instantiate appender of type [ch.qos.logback.core.ConsoleAppender]
17:41:11,041 |-INFO in ch.qos.logback.core.joran.action.AppenderAction - Naming appender as [STDOUT]
17:41:11,048 |-ERROR in ch.qos.logback.core.joran.spi.Interpreter@3:15 - no applicable action for [file], current ElementPath  is [[configuration][appender][file]]
17:41:11,048 |-ERROR in ch.qos.logback.core.joran.spi.Interpreter@4:17 - no applicable action for [append], current ElementPath  is [[configuration][appender][append]]
17:41:11,050 |-INFO in ch.qos.logback.core.joran.action.NestedComplexPropertyIA - Assuming default type [ch.qos.logback.classic.encoder.PatternLayoutEncoder] for [encoder] property
17:41:11,079 |-INFO in ch.qos.logback.classic.joran.action.RootLoggerAction - Setting level of ROOT logger to WARN
17:41:11,079 |-INFO in ch.qos.logback.core.joran.action.AppenderRefAction - Attaching appender named [STDOUT] to Logger[ROOT]
17:41:11,080 |-INFO in ch.qos.logback.classic.joran.action.ConfigurationAction - End of configuration.
17:41:11,082 |-INFO in ch.qos.logback.classic.joran.JoranConfigurator@2f177a4b - Registering current configuration as safe fallback point

372        WARN  main            d.u.i.k.s.ProofSettings   No proof-settings could be loaded, using defaults java.io.FileNotFoundException: /home/runner/.key/proof-settings.props (No such file or directory)
	at java.base/java.io.FileInputStream.open0(Native Method)

Running test comprehensions
17:41:12,104 |-INFO in ch.qos.logback.classic.LoggerContext[default] - Could NOT find resource [logback-test.xml]
17:41:12,105 |-INFO in ch.qos.logback.classic.LoggerContext[default] - Found resource [logback.xml] at [file:/home/runner/work/key/key/key.core/build/resources/test/logback.xml]
17:41:12,245 |-INFO in ch.qos.logback.classic.joran.action.ConfigurationAction - debug attribute not set
17:41:12,245 |-INFO in ch.qos.logback.core.joran.action.AppenderAction - About to instantiate appender of type [ch.qos.logback.core.ConsoleAppender]
17:41:12,262 |-INFO in ch.qos.logback.core.joran.action.AppenderAction - Naming appender as [STDOUT]
17:41:12,267 |-ERROR in ch.qos.logback.core.joran.spi.Interpreter@3:15 - no applicable action for [file], current ElementPath  is [[configuration][appender][file]]
17:41:12,268 |-ERROR in ch.qos.logback.core.joran.spi.Interpreter@4:17 - no applicable action for [append], current ElementPath  is [[configuration][appender][append]]
17:41:12,269 |-INFO in ch.qos.logback.core.joran.action.NestedComplexPropertyIA - Assuming default type [ch.qos.logback.classic.encoder.PatternLayoutEncoder] for [encoder] property
17:41:12,303 |-INFO in ch.qos.logback.classic.joran.action.RootLoggerAction - Setting level of ROOT logger to WARN
17:41:12,303 |-INFO in ch.qos.logback.core.joran.action.AppenderRefAction - Attaching appender named [STDOUT] to Logger[ROOT]
17:41:12,303 |-INFO in ch.qos.logback.classic.joran.action.ConfigurationAction - End of configuration.
17:41:12,307 |-INFO in ch.qos.logback.classic.joran.JoranConfigurator@29176cc1 - Registering current configuration as safe fallback point

364        WARN  main            d.u.i.k.s.ProofSettings   No proof-settings could be loaded, using defaults java.io.FileNotFoundException: /home/runner/.key/proof-settings.props (No such file or directory)
	at java.base/java.io.FileInputStream.open0(Native Method)

Running test performance
17:41:13,530 |-INFO in ch.qos.logback.classic.LoggerContext[default] - Could NOT find resource [logback-test.xml]
17:41:13,531 |-INFO in ch.qos.logback.classic.LoggerContext[default] - Found resource [logback.xml] at [file:/home/runner/work/key/key/key.core/build/resources/test/logback.xml]
17:41:13,672 |-INFO in ch.qos.logback.classic.joran.action.ConfigurationAction - debug attribute not set
17:41:13,672 |-INFO in ch.qos.logback.core.joran.action.AppenderAction - About to instantiate appender of type [ch.qos.logback.core.ConsoleAppender]
17:41:13,686 |-INFO in ch.qos.logback.core.joran.action.AppenderAction - Naming appender as [STDOUT]
17:41:13,692 |-ERROR in ch.qos.logback.core.joran.spi.Interpreter@3:15 - no applicable action for [file], current ElementPath  is [[configuration][appender][file]]
17:41:13,692 |-ERROR in ch.qos.logback.core.joran.spi.Interpreter@4:17 - no applicable action for [append], current ElementPath  is [[configuration][appender][append]]
17:41:13,694 |-INFO in ch.qos.logback.core.joran.action.NestedComplexPropertyIA - Assuming default type [ch.qos.logback.classic.encoder.PatternLayoutEncoder] for [encoder] property
17:41:13,721 |-INFO in ch.qos.logback.classic.joran.action.RootLoggerAction - Setting level of ROOT logger to WARN
17:41:13,721 |-INFO in ch.qos.logback.core.joran.action.AppenderRefAction - Attaching appender named [STDOUT] to Logger[ROOT]
17:41:13,722 |-INFO in ch.qos.logback.classic.joran.action.ConfigurationAction - End of configuration.
17:41:13,724 |-INFO in ch.qos.logback.classic.joran.JoranConfigurator@29176cc1 - Registering current configuration as safe fallback point

346        WARN  main            d.u.i.k.s.ProofSettings   No proof-settings could be loaded, using defaults java.io.FileNotFoundException: /home/runner/.key/proof-settings.props (No such file or directory)
	at java.base/java.io.FileInputStream.open0(Native Method)

Running test performancePOConstruction
17:41:14,719 |-INFO in ch.qos.logback.classic.LoggerContext[default] - Could NOT find resource [logback-test.xml]
17:41:14,720 |-INFO in ch.qos.logback.classic.LoggerContext[default] - Found resource [logback.xml] at [file:/home/runner/work/key/key/key.core/build/resources/test/logback.xml]
17:41:14,839 |-INFO in ch.qos.logback.classic.joran.action.ConfigurationAction - debug attribute not set
17:41:14,839 |-INFO in ch.qos.logback.core.joran.action.AppenderAction - About to instantiate appender of type [ch.qos.logback.core.ConsoleAppender]
17:41:14,852 |-INFO in ch.qos.logback.core.joran.action.AppenderAction - Naming appender as [STDOUT]
17:41:14,858 |-ERROR in ch.qos.logback.core.joran.spi.Interpreter@3:15 - no applicable action for [file], current ElementPath  is [[configuration][appender][file]]
17:41:14,858 |-ERROR in ch.qos.logback.core.joran.spi.Interpreter@4:17 - no applicable action for [append], current ElementPath  is [[configuration][appender][append]]
17:41:14,859 |-INFO in ch.qos.logback.core.joran.action.NestedComplexPropertyIA - Assuming default type [ch.qos.logback.classic.encoder.PatternLayoutEncoder] for [encoder] property
17:41:14,887 |-INFO in ch.qos.logback.classic.joran.action.RootLoggerAction - Setting level of ROOT logger to WARN
17:41:14,887 |-INFO in ch.qos.logback.core.joran.action.AppenderRefAction - Attaching appender named [STDOUT] to Logger[ROOT]
17:41:14,888 |-INFO in ch.qos.logback.classic.joran.action.ConfigurationAction - End of configuration.
17:41:14,890 |-INFO in ch.qos.logback.classic.joran.JoranConfigurator@29176cc1 - Registering current configuration as safe fallback point

333        WARN  main            d.u.i.k.s.ProofSettings   No proof-settings could be loaded, using defaults java.io.FileNotFoundException: /home/runner/.key/proof-settings.props (No such file or directory)
	at java.base/java.io.FileInputStream.open0(Native Method)

Running test applicationRestrictions
17:41:15,816 |-INFO in ch.qos.logback.classic.LoggerContext[default] - Could NOT find resource [logback-test.xml]
17:41:15,817 |-INFO in ch.qos.logback.classic.LoggerContext[default] - Found resource [logback.xml] at [file:/home/runner/work/key/key/key.core/build/resources/test/logback.xml]
17:41:15,957 |-INFO in ch.qos.logback.classic.joran.action.ConfigurationAction - debug attribute not set
17:41:15,958 |-INFO in ch.qos.logback.core.joran.action.AppenderAction - About to instantiate appender of type [ch.qos.logback.core.ConsoleAppender]
17:41:15,971 |-INFO in ch.qos.logback.core.joran.action.AppenderAction - Naming appender as [STDOUT]
17:41:15,980 |-ERROR in ch.qos.logback.core.joran.spi.Interpreter@3:15 - no applicable action for [file], current ElementPath  is [[configuration][appender][file]]
17:41:15,980 |-ERROR in ch.qos.logback.core.joran.spi.Interpreter@4:17 - no applicable action for [append], current ElementPath  is [[configuration][appender][append]]
17:41:15,982 |-INFO in ch.qos.logback.core.joran.action.NestedComplexPropertyIA - Assuming default type [ch.qos.logback.classic.encoder.PatternLayoutEncoder] for [encoder] property
17:41:16,016 |-INFO in ch.qos.logback.classic.joran.action.RootLoggerAction - Setting level of ROOT logger to WARN
17:41:16,016 |-INFO in ch.qos.logback.core.joran.action.AppenderRefAction - Attaching appender named [STDOUT] to Logger[ROOT]
17:41:16,016 |-INFO in ch.qos.logback.classic.joran.action.ConfigurationAction - End of configuration.
17:41:16,018 |-INFO in ch.qos.logback.classic.joran.JoranConfigurator@29176cc1 - Registering current configuration as safe fallback point

361        WARN  main            d.u.i.k.s.ProofSettings   No proof-settings could be loaded, using defaults java.io.FileNotFoundException: /home/runner/.key/proof-settings.props (No such file or directory)
	at java.base/java.io.FileInputStream.open0(Native Method)

Running test blockContracts
17:41:17,258 |-INFO in ch.qos.logback.classic.LoggerContext[default] - Could NOT find resource [logback-test.xml]
17:41:17,259 |-INFO in ch.qos.logback.classic.LoggerContext[default] - Found resource [logback.xml] at [file:/home/runner/work/key/key/key.core/build/resources/test/logback.xml]
17:41:17,438 |-INFO in ch.qos.logback.classic.joran.action.ConfigurationAction - debug attribute not set
17:41:17,438 |-INFO in ch.qos.logback.core.joran.action.AppenderAction - About to instantiate appender of type [ch.qos.logback.core.ConsoleAppender]
17:41:17,456 |-INFO in ch.qos.logback.core.joran.action.AppenderAction - Naming appender as [STDOUT]
17:41:17,467 |-ERROR in ch.qos.logback.core.joran.spi.Interpreter@3:15 - no applicable action for [file], current ElementPath  is [[configuration][appender][file]]
17:41:17,467 |-ERROR in ch.qos.logback.core.joran.spi.Interpreter@4:17 - no applicable action for [append], current ElementPath  is [[configuration][appender][append]]
17:41:17,468 |-INFO in ch.qos.logback.core.joran.action.NestedComplexPropertyIA - Assuming default type [ch.qos.logback.classic.encoder.PatternLayoutEncoder] for [encoder] property
17:41:17,497 |-INFO in ch.qos.logback.classic.joran.action.RootLoggerAction - Setting level of ROOT logger to WARN
17:41:17,497 |-INFO in ch.qos.logback.core.joran.action.AppenderRefAction - Attaching appender named [STDOUT] to Logger[ROOT]
17:41:17,499 |-INFO in ch.qos.logback.classic.joran.action.ConfigurationAction - End of configuration.
17:41:17,501 |-INFO in ch.qos.logback.classic.joran.JoranConfigurator@2f177a4b - Registering current configuration as safe fallback point

429        WARN  main            d.u.i.k.s.ProofSettings   No proof-settings could be loaded, using defaults java.io.FileNotFoundException: /home/runner/.key/proof-settings.props (No such file or directory)
	at java.base/java.io.FileInputStream.open0(Native Method)

Running test jmlAsserts
17:41:18,821 |-INFO in ch.qos.logback.classic.LoggerContext[default] - Could NOT find resource [logback-test.xml]
17:41:18,821 |-INFO in ch.qos.logback.classic.LoggerContext[default] - Found resource [logback.xml] at [file:/home/runner/work/key/key/key.core/build/resources/test/logback.xml]
17:41:18,952 |-INFO in ch.qos.logback.classic.joran.action.ConfigurationAction - debug attribute not set
17:41:18,952 |-INFO in ch.qos.logback.core.joran.action.AppenderAction - About to instantiate appender of type [ch.qos.logback.core.ConsoleAppender]
17:41:18,972 |-INFO in ch.qos.logback.core.joran.action.AppenderAction - Naming appender as [STDOUT]
17:41:18,978 |-ERROR in ch.qos.logback.core.joran.spi.Interpreter@3:15 - no applicable action for [file], current ElementPath  is [[configuration][appender][file]]
17:41:18,978 |-ERROR in ch.qos.logback.core.joran.spi.Interpreter@4:17 - no applicable action for [append], current ElementPath  is [[configuration][appender][append]]
17:41:18,980 |-INFO in ch.qos.logback.core.joran.action.NestedComplexPropertyIA - Assuming default type [ch.qos.logback.classic.encoder.PatternLayoutEncoder] for [encoder] property
17:41:19,006 |-INFO in ch.qos.logback.classic.joran.action.RootLoggerAction - Setting level of ROOT logger to WARN
17:41:19,006 |-INFO in ch.qos.logback.core.joran.action.AppenderRefAction - Attaching appender named [STDOUT] to Logger[ROOT]
17:41:19,006 |-INFO in ch.qos.logback.classic.joran.action.ConfigurationAction - End of configuration.
17:41:19,008 |-INFO in ch.qos.logback.classic.joran.JoranConfigurator@2f177a4b - Registering current configuration as safe fallback point

407        WARN  main            d.u.i.k.s.ProofSettings   No proof-settings could be loaded, using defaults java.io.FileNotFoundException: /home/runner/.key/proof-settings.props (No such file or directory)
	at java.base/java.io.FileInputStream.open0(Native Method)

Running test javaCard
17:41:20,197 |-INFO in ch.qos.logback.classic.LoggerContext[default] - Could NOT find resource [logback-test.xml]
17:41:20,199 |-INFO in ch.qos.logback.classic.LoggerContext[default] - Found resource [logback.xml] at [file:/home/runner/work/key/key/key.core/build/resources/test/logback.xml]
17:41:20,340 |-INFO in ch.qos.logback.classic.joran.action.ConfigurationAction - debug attribute not set
17:41:20,341 |-INFO in ch.qos.logback.core.joran.action.AppenderAction - About to instantiate appender of type [ch.qos.logback.core.ConsoleAppender]
17:41:20,359 |-INFO in ch.qos.logback.core.joran.action.AppenderAction - Naming appender as [STDOUT]
17:41:20,369 |-ERROR in ch.qos.logback.core.joran.spi.Interpreter@3:15 - no applicable action for [file], current ElementPath  is [[configuration][appender][file]]
17:41:20,369 |-ERROR in ch.qos.logback.core.joran.spi.Interpreter@4:17 - no applicable action for [append], current ElementPath  is [[configuration][appender][append]]
17:41:20,373 |-INFO in ch.qos.logback.core.joran.action.NestedComplexPropertyIA - Assuming default type [ch.qos.logback.classic.encoder.PatternLayoutEncoder] for [encoder] property
17:41:20,407 |-INFO in ch.qos.logback.classic.joran.action.RootLoggerAction - Setting level of ROOT logger to WARN
17:41:20,407 |-INFO in ch.qos.logback.core.joran.action.AppenderRefAction - Attaching appender named [STDOUT] to Logger[ROOT]
17:41:20,408 |-INFO in ch.qos.logback.classic.joran.action.ConfigurationAction - End of configuration.
17:41:20,410 |-INFO in ch.qos.logback.classic.joran.JoranConfigurator@2f177a4b - Registering current configuration as safe fallback point

378        WARN  main            d.u.i.k.s.ProofSettings   No proof-settings could be loaded, using defaults java.io.FileNotFoundException: /home/runner/.key/proof-settings.props (No such file or directory)
	at java.base/java.io.FileInputStream.open0(Native Method)

Running test project.key
17:41:21,402 |-INFO in ch.qos.logback.classic.LoggerContext[default] - Could NOT find resource [logback-test.xml]
17:41:21,403 |-INFO in ch.qos.logback.classic.LoggerContext[default] - Found resource [logback.xml] at [file:/home/runner/work/key/key/key.core/build/resources/test/logback.xml]
17:41:21,546 |-INFO in ch.qos.logback.classic.joran.action.ConfigurationAction - debug attribute not set
17:41:21,547 |-INFO in ch.qos.logback.core.joran.action.AppenderAction - About to instantiate appender of type [ch.qos.logback.core.ConsoleAppender]
17:41:21,560 |-INFO in ch.qos.logback.core.joran.action.AppenderAction - Naming appender as [STDOUT]
17:41:21,566 |-ERROR in ch.qos.logback.core.joran.spi.Interpreter@3:15 - no applicable action for [file], current ElementPath  is [[configuration][appender][file]]
17:41:21,566 |-ERROR in ch.qos.logback.core.joran.spi.Interpreter@4:17 - no applicable action for [append], current ElementPath  is [[configuration][appender][append]]
17:41:21,568 |-INFO in ch.qos.logback.core.joran.action.NestedComplexPropertyIA - Assuming default type [ch.qos.logback.classic.encoder.PatternLayoutEncoder] for [encoder] property
17:41:21,595 |-INFO in ch.qos.logback.classic.joran.action.RootLoggerAction - Setting level of ROOT logger to WARN
17:41:21,595 |-INFO in ch.qos.logback.core.joran.action.AppenderRefAction - Attaching appender named [STDOUT] to Logger[ROOT]
17:41:21,595 |-INFO in ch.qos.logback.classic.joran.action.ConfigurationAction - End of configuration.
17:41:21,598 |-INFO in ch.qos.logback.classic.joran.JoranConfigurator@29176cc1 - Registering current configuration as safe fallback point

382        WARN  main            d.u.i.k.s.ProofSettings   No proof-settings could be loaded, using defaults java.io.FileNotFoundException: /home/runner/.key/proof-settings.props (No such file or directory)
	at java.base/java.io.FileInputStream.open0(Native Method)

Running test project.key#1
17:41:22,516 |-INFO in ch.qos.logback.classic.LoggerContext[default] - Could NOT find resource [logback-test.xml]
17:41:22,517 |-INFO in ch.qos.logback.classic.LoggerContext[default] - Found resource [logback.xml] at [file:/home/runner/work/key/key/key.core/build/resources/test/logback.xml]
17:41:22,666 |-INFO in ch.qos.logback.classic.joran.action.ConfigurationAction - debug attribute not set
17:41:22,667 |-INFO in ch.qos.logback.core.joran.action.AppenderAction - About to instantiate appender of type [ch.qos.logback.core.ConsoleAppender]
17:41:22,683 |-INFO in ch.qos.logback.core.joran.action.AppenderAction - Naming appender as [STDOUT]
17:41:22,689 |-ERROR in ch.qos.logback.core.joran.spi.Interpreter@3:15 - no applicable action for [file], current ElementPath  is [[configuration][appender][file]]
17:41:22,689 |-ERROR in ch.qos.logback.core.joran.spi.Interpreter@4:17 - no applicable action for [append], current ElementPath  is [[configuration][appender][append]]
17:41:22,691 |-INFO in ch.qos.logback.core.joran.action.NestedComplexPropertyIA - Assuming default type [ch.qos.logback.classic.encoder.PatternLayoutEncoder] for [encoder] property
17:41:22,737 |-INFO in ch.qos.logback.classic.joran.action.RootLoggerAction - Setting level of ROOT logger to WARN
17:41:22,737 |-INFO in ch.qos.logback.core.joran.action.AppenderRefAction - Attaching appender named [STDOUT] to Logger[ROOT]
17:41:22,738 |-INFO in ch.qos.logback.classic.joran.action.ConfigurationAction - End of configuration.
17:41:22,741 |-INFO in ch.qos.logback.classic.joran.JoranConfigurator@29176cc1 - Registering current configuration as safe fallback point

390        WARN  main            d.u.i.k.s.ProofSettings   No proof-settings could be loaded, using defaults java.io.FileNotFoundException: /home/runner/.key/proof-settings.props (No such file or directory)
	at java.base/java.io.FileInputStream.open0(Native Method)

Running test lcp.key
17:41:23,611 |-INFO in ch.qos.logback.classic.LoggerContext[default] - Could NOT find resource [logback-test.xml]
17:41:23,612 |-INFO in ch.qos.logback.classic.LoggerContext[default] - Found resource [logback.xml] at [file:/home/runner/work/key/key/key.core/build/resources/test/logback.xml]
17:41:23,739 |-INFO in ch.qos.logback.classic.joran.action.ConfigurationAction - debug attribute not set
17:41:23,739 |-INFO in ch.qos.logback.core.joran.action.AppenderAction - About to instantiate appender of type [ch.qos.logback.core.ConsoleAppender]
17:41:23,749 |-INFO in ch.qos.logback.core.joran.action.AppenderAction - Naming appender as [STDOUT]
17:41:23,758 |-ERROR in ch.qos.logback.core.joran.spi.Interpreter@3:15 - no applicable action for [file], current ElementPath  is [[configuration][appender][file]]
17:41:23,758 |-ERROR in ch.qos.logback.core.joran.spi.Interpreter@4:17 - no applicable action for [append], current ElementPath  is [[configuration][appender][append]]
17:41:23,760 |-INFO in ch.qos.logback.core.joran.action.NestedComplexPropertyIA - Assuming default type [ch.qos.logback.classic.encoder.PatternLayoutEncoder] for [encoder] property
17:41:23,811 |-INFO in ch.qos.logback.classic.joran.action.RootLoggerAction - Setting level of ROOT logger to WARN
17:41:23,811 |-INFO in ch.qos.logback.core.joran.action.AppenderRefAction - Attaching appender named [STDOUT] to Logger[ROOT]
17:41:23,811 |-INFO in ch.qos.logback.classic.joran.action.ConfigurationAction - End of configuration.
17:41:23,813 |-INFO in ch.qos.logback.classic.joran.JoranConfigurator@29176cc1 - Registering current configuration as safe fallback point

362        WARN  main            d.u.i.k.s.ProofSettings   No proof-settings could be loaded, using defaults java.io.FileNotFoundException: /home/runner/.key/proof-settings.props (No such file or directory)
	at java.base/java.io.FileInputStream.open0(Native Method)

Running test project.key#2
17:41:24,686 |-INFO in ch.qos.logback.classic.LoggerContext[default] - Could NOT find resource [logback-test.xml]
17:41:24,687 |-INFO in ch.qos.logback.classic.LoggerContext[default] - Found resource [logback.xml] at [file:/home/runner/work/key/key/key.core/build/resources/test/logback.xml]
17:41:24,813 |-INFO in ch.qos.logback.classic.joran.action.ConfigurationAction - debug attribute not set
17:41:24,814 |-INFO in ch.qos.logback.core.joran.action.AppenderAction - About to instantiate appender of type [ch.qos.logback.core.ConsoleAppender]
17:41:24,831 |-INFO in ch.qos.logback.core.joran.action.AppenderAction - Naming appender as [STDOUT]
17:41:24,837 |-ERROR in ch.qos.logback.core.joran.spi.Interpreter@3:15 - no applicable action for [file], current ElementPath  is [[configuration][appender][file]]
17:41:24,837 |-ERROR in ch.qos.logback.core.joran.spi.Interpreter@4:17 - no applicable action for [append], current ElementPath  is [[configuration][appender][append]]
17:41:24,839 |-INFO in ch.qos.logback.core.joran.action.NestedComplexPropertyIA - Assuming default type [ch.qos.logback.classic.encoder.PatternLayoutEncoder] for [encoder] property
17:41:24,865 |-INFO in ch.qos.logback.classic.joran.action.RootLoggerAction - Setting level of ROOT logger to WARN
17:41:24,865 |-INFO in ch.qos.logback.core.joran.action.AppenderRefAction - Attaching appender named [STDOUT] to Logger[ROOT]
17:41:24,866 |-INFO in ch.qos.logback.classic.joran.action.ConfigurationAction - End of configuration.
17:41:24,868 |-INFO in ch.qos.logback.classic.joran.JoranConfigurator@29176cc1 - Registering current configuration as safe fallback point

335        WARN  main            d.u.i.k.s.ProofSettings   No proof-settings could be loaded, using defaults java.io.FileNotFoundException: /home/runner/.key/proof-settings.props (No such file or directory)
	at java.base/java.io.FileInputStream.open0(Native Method)

Running test ArrayList_contains.key
17:41:25,734 |-INFO in ch.qos.logback.classic.LoggerContext[default] - Could NOT find resource [logback-test.xml]
17:41:25,735 |-INFO in ch.qos.logback.classic.LoggerContext[default] - Found resource [logback.xml] at [file:/home/runner/work/key/key/key.core/build/resources/test/logback.xml]
17:41:25,875 |-INFO in ch.qos.logback.classic.joran.action.ConfigurationAction - debug attribute not set
17:41:25,875 |-INFO in ch.qos.logback.core.joran.action.AppenderAction - About to instantiate appender of type [ch.qos.logback.core.ConsoleAppender]
17:41:25,891 |-INFO in ch.qos.logback.core.joran.action.AppenderAction - Naming appender as [STDOUT]
17:41:25,902 |-ERROR in ch.qos.logback.core.joran.spi.Interpreter@3:15 - no applicable action for [file], current ElementPath  is [[configuration][appender][file]]
17:41:25,904 |-ERROR in ch.qos.logback.core.joran.spi.Interpreter@4:17 - no applicable action for [append], current ElementPath  is [[configuration][appender][append]]
17:41:25,907 |-INFO in ch.qos.logback.core.joran.action.NestedComplexPropertyIA - Assuming default type [ch.qos.logback.classic.encoder.PatternLayoutEncoder] for [encoder] property
17:41:25,945 |-INFO in ch.qos.logback.classic.joran.action.RootLoggerAction - Setting level of ROOT logger to WARN
17:41:25,945 |-INFO in ch.qos.logback.core.joran.action.AppenderRefAction - Attaching appender named [STDOUT] to Logger[ROOT]
17:41:25,945 |-INFO in ch.qos.logback.classic.joran.action.ConfigurationAction - End of configuration.
17:41:25,947 |-INFO in ch.qos.logback.classic.joran.JoranConfigurator@2f177a4b - Registering current configuration as safe fallback point

376        WARN  main            d.u.i.k.s.ProofSettings   No proof-settings could be loaded, using defaults java.io.FileNotFoundException: /home/runner/.key/proof-settings.props (No such file or directory)
	at java.base/java.io.FileInputStream.open0(Native Method)

Running test ArrayList_get.key
17:41:26,817 |-INFO in ch.qos.logback.classic.LoggerContext[default] - Could NOT find resource [logback-test.xml]
17:41:26,818 |-INFO in ch.qos.logback.classic.LoggerContext[default] - Found resource [logback.xml] at [file:/home/runner/work/key/key/key.core/build/resources/test/logback.xml]
17:41:26,956 |-INFO in ch.qos.logback.classic.joran.action.ConfigurationAction - debug attribute not set
17:41:26,957 |-INFO in ch.qos.logback.core.joran.action.AppenderAction - About to instantiate appender of type [ch.qos.logback.core.ConsoleAppender]
17:41:26,969 |-INFO in ch.qos.logback.core.joran.action.AppenderAction - Naming appender as [STDOUT]
17:41:26,975 |-ERROR in ch.qos.logback.core.joran.spi.Interpreter@3:15 - no applicable action for [file], current ElementPath  is [[configuration][appender][file]]
17:41:26,975 |-ERROR in ch.qos.logback.core.joran.spi.Interpreter@4:17 - no applicable action for [append], current ElementPath  is [[configuration][appender][append]]
17:41:26,976 |-INFO in ch.qos.logback.core.joran.action.NestedComplexPropertyIA - Assuming default type [ch.qos.logback.classic.encoder.PatternLayoutEncoder] for [encoder] property
17:41:27,004 |-INFO in ch.qos.logback.classic.joran.action.RootLoggerAction - Setting level of ROOT logger to WARN
17:41:27,004 |-INFO in ch.qos.logback.core.joran.action.AppenderRefAction - Attaching appender named [STDOUT] to Logger[ROOT]
17:41:27,005 |-INFO in ch.qos.logback.classic.joran.action.ConfigurationAction - End of configuration.
17:41:27,006 |-INFO in ch.qos.logback.classic.joran.JoranConfigurator@29176cc1 - Registering current configuration as safe fallback point

358        WARN  main            d.u.i.k.s.ProofSettings   No proof-settings could be loaded, using defaults java.io.FileNotFoundException: /home/runner/.key/proof-settings.props (No such file or directory)
	at java.base/java.io.FileInputStream.open0(Native Method)

Running test ArrayList_size.key
17:41:27,909 |-INFO in ch.qos.logback.classic.LoggerContext[default] - Could NOT find resource [logback-test.xml]
17:41:27,909 |-INFO in ch.qos.logback.classic.LoggerContext[default] - Found resource [logback.xml] at [file:/home/runner/work/key/key/key.core/build/resources/test/logback.xml]
17:41:28,059 |-INFO in ch.qos.logback.classic.joran.action.ConfigurationAction - debug attribute not set
17:41:28,060 |-INFO in ch.qos.logback.core.joran.action.AppenderAction - About to instantiate appender of type [ch.qos.logback.core.ConsoleAppender]
17:41:28,082 |-INFO in ch.qos.logback.core.joran.action.AppenderAction - Naming appender as [STDOUT]
17:41:28,088 |-ERROR in ch.qos.logback.core.joran.spi.Interpreter@3:15 - no applicable action for [file], current ElementPath  is [[configuration][appender][file]]
17:41:28,089 |-ERROR in ch.qos.logback.core.joran.spi.Interpreter@4:17 - no applicable action for [append], current ElementPath  is [[configuration][appender][append]]
17:41:28,090 |-INFO in ch.qos.logback.core.joran.action.NestedComplexPropertyIA - Assuming default type [ch.qos.logback.classic.encoder.PatternLayoutEncoder] for [encoder] property
17:41:28,117 |-INFO in ch.qos.logback.classic.joran.action.RootLoggerAction - Setting level of ROOT logger to WARN
17:41:28,117 |-INFO in ch.qos.logback.core.joran.action.AppenderRefAction - Attaching appender named [STDOUT] to Logger[ROOT]
17:41:28,118 |-INFO in ch.qos.logback.classic.joran.action.ConfigurationAction - End of configuration.
17:41:28,120 |-INFO in ch.qos.logback.classic.joran.JoranConfigurator@2f177a4b - Registering current configuration as safe fallback point

360        WARN  main            d.u.i.k.s.ProofSettings   No proof-settings could be loaded, using defaults java.io.FileNotFoundException: /home/runner/.key/proof-settings.props (No such file or directory)
	at java.base/java.io.FileInputStream.open0(Native Method)

Running test UpdateAbstraction_ex7_3_secure.key
17:41:29,000 |-INFO in ch.qos.logback.classic.LoggerContext[default] - Could NOT find resource [logback-test.xml]
17:41:29,001 |-INFO in ch.qos.logback.classic.LoggerContext[default] - Found resource [logback.xml] at [file:/home/runner/work/key/key/key.core/build/resources/test/logback.xml]
17:41:29,153 |-INFO in ch.qos.logback.classic.joran.action.ConfigurationAction - debug attribute not set
17:41:29,153 |-INFO in ch.qos.logback.core.joran.action.AppenderAction - About to instantiate appender of type [ch.qos.logback.core.ConsoleAppender]
17:41:29,167 |-INFO in ch.qos.logback.core.joran.action.AppenderAction - Naming appender as [STDOUT]
17:41:29,172 |-ERROR in ch.qos.logback.core.joran.spi.Interpreter@3:15 - no applicable action for [file], current ElementPath  is [[configuration][appender][file]]
17:41:29,173 |-ERROR in ch.qos.logback.core.joran.spi.Interpreter@4:17 - no applicable action for [append], current ElementPath  is [[configuration][appender][append]]
17:41:29,174 |-INFO in ch.qos.logback.core.joran.action.NestedComplexPropertyIA - Assuming default type [ch.qos.logback.classic.encoder.PatternLayoutEncoder] for [encoder] property
17:41:29,200 |-INFO in ch.qos.logback.classic.joran.action.RootLoggerAction - Setting level of ROOT logger to WARN
17:41:29,200 |-INFO in ch.qos.logback.core.joran.action.AppenderRefAction - Attaching appender named [STDOUT] to Logger[ROOT]
17:41:29,200 |-INFO in ch.qos.logback.classic.joran.action.ConfigurationAction - End of configuration.
17:41:29,202 |-INFO in ch.qos.logback.classic.joran.JoranConfigurator@29176cc1 - Registering current configuration as safe fallback point

354        WARN  main            d.u.i.k.s.ProofSettings   No proof-settings could be loaded, using defaults java.io.FileNotFoundException: /home/runner/.key/proof-settings.props (No such file or directory)
	at java.base/java.io.FileInputStream.open0(Native Method)

Running test UpdateAbstraction_ex7_4_secure.key
17:41:30,109 |-INFO in ch.qos.logback.classic.LoggerContext[default] - Could NOT find resource [logback-test.xml]
17:41:30,110 |-INFO in ch.qos.logback.classic.LoggerContext[default] - Found resource [logback.xml] at [file:/home/runner/work/key/key/key.core/build/resources/test/logback.xml]
17:41:30,257 |-INFO in ch.qos.logback.classic.joran.action.ConfigurationAction - debug attribute not set
17:41:30,258 |-INFO in ch.qos.logback.core.joran.action.AppenderAction - About to instantiate appender of type [ch.qos.logback.core.ConsoleAppender]
17:41:30,279 |-INFO in ch.qos.logback.core.joran.action.AppenderAction - Naming appender as [STDOUT]
17:41:30,290 |-ERROR in ch.qos.logback.core.joran.spi.Interpreter@3:15 - no applicable action for [file], current ElementPath  is [[configuration][appender][file]]
17:41:30,290 |-ERROR in ch.qos.logback.core.joran.spi.Interpreter@4:17 - no applicable action for [append], current ElementPath  is [[configuration][appender][append]]
17:41:30,292 |-INFO in ch.qos.logback.core.joran.action.NestedComplexPropertyIA - Assuming default type [ch.qos.logback.classic.encoder.PatternLayoutEncoder] for [encoder] property
17:41:30,328 |-INFO in ch.qos.logback.classic.joran.action.RootLoggerAction - Setting level of ROOT logger to WARN
17:41:30,328 |-INFO in ch.qos.logback.core.joran.action.AppenderRefAction - Attaching appender named [STDOUT] to Logger[ROOT]
17:41:30,329 |-INFO in ch.qos.logback.classic.joran.action.ConfigurationAction - End of configuration.
17:41:30,335 |-INFO in ch.qos.logback.classic.joran.JoranConfigurator@29176cc1 - Registering current configuration as safe fallback point

433        WARN  main            d.u.i.k.s.ProofSettings   No proof-settings could be loaded, using defaults java.io.FileNotFoundException: /home/runner/.key/proof-settings.props (No such file or directory)
	at java.base/java.io.FileInputStream.open0(Native Method)

Running test UpdateAbstraction_ex7_5_secure.key
17:41:31,275 |-INFO in ch.qos.logback.classic.LoggerContext[default] - Could NOT find resource [logback-test.xml]
17:41:31,276 |-INFO in ch.qos.logback.classic.LoggerContext[default] - Found resource [logback.xml] at [file:/home/runner/work/key/key/key.core/build/resources/test/logback.xml]
17:41:31,451 |-INFO in ch.qos.logback.classic.joran.action.ConfigurationAction - debug attribute not set
17:41:31,452 |-INFO in ch.qos.logback.core.joran.action.AppenderAction - About to instantiate appender of type [ch.qos.logback.core.ConsoleAppender]
17:41:31,469 |-INFO in ch.qos.logback.core.joran.action.AppenderAction - Naming appender as [STDOUT]
17:41:31,478 |-ERROR in ch.qos.logback.core.joran.spi.Interpreter@3:15 - no applicable action for [file], current ElementPath  is [[configuration][appender][file]]
17:41:31,479 |-ERROR in ch.qos.logback.core.joran.spi.Interpreter@4:17 - no applicable action for [append], current ElementPath  is [[configuration][appender][append]]
17:41:31,481 |-INFO in ch.qos.logback.core.joran.action.NestedComplexPropertyIA - Assuming default type [ch.qos.logback.classic.encoder.PatternLayoutEncoder] for [encoder] property
17:41:31,516 |-INFO in ch.qos.logback.classic.joran.action.RootLoggerAction - Setting level of ROOT logger to WARN
17:41:31,516 |-INFO in ch.qos.logback.core.joran.action.AppenderRefAction - Attaching appender named [STDOUT] to Logger[ROOT]
17:41:31,517 |-INFO in ch.qos.logback.classic.joran.action.ConfigurationAction - End of configuration.
17:41:31,519 |-INFO in ch.qos.logback.classic.joran.JoranConfigurator@29176cc1 - Registering current configuration as safe fallback point

402        WARN  main            d.u.i.k.s.ProofSettings   No proof-settings could be loaded, using defaults java.io.FileNotFoundException: /home/runner/.key/proof-settings.props (No such file or directory)
	at java.base/java.io.FileInputStream.open0(Native Method)

Running test UpdateAbstraction_ex7_6_secure.key
17:41:32,385 |-INFO in ch.qos.logback.classic.LoggerContext[default] - Could NOT find resource [logback-test.xml]
17:41:32,386 |-INFO in ch.qos.logback.classic.LoggerContext[default] - Found resource [logback.xml] at [file:/home/runner/work/key/key/key.core/build/resources/test/logback.xml]
17:41:32,528 |-INFO in ch.qos.logback.classic.joran.action.ConfigurationAction - debug attribute not set
17:41:32,529 |-INFO in ch.qos.logback.core.joran.action.AppenderAction - About to instantiate appender of type [ch.qos.logback.core.ConsoleAppender]
17:41:32,545 |-INFO in ch.qos.logback.core.joran.action.AppenderAction - Naming appender as [STDOUT]
17:41:32,551 |-ERROR in ch.qos.logback.core.joran.spi.Interpreter@3:15 - no applicable action for [file], current ElementPath  is [[configuration][appender][file]]
17:41:32,551 |-ERROR in ch.qos.logback.core.joran.spi.Interpreter@4:17 - no applicable action for [append], current ElementPath  is [[configuration][appender][append]]
17:41:32,553 |-INFO in ch.qos.logback.core.joran.action.NestedComplexPropertyIA - Assuming default type [ch.qos.logback.classic.encoder.PatternLayoutEncoder] for [encoder] property
17:41:32,580 |-INFO in ch.qos.logback.classic.joran.action.RootLoggerAction - Setting level of ROOT logger to WARN
17:41:32,580 |-INFO in ch.qos.logback.core.joran.action.AppenderRefAction - Attaching appender named [STDOUT] to Logger[ROOT]
17:41:32,580 |-INFO in ch.qos.logback.classic.joran.action.ConfigurationAction - End of configuration.
17:41:32,582 |-INFO in ch.qos.logback.classic.joran.JoranConfigurator@29176cc1 - Registering current configuration as safe fallback point

355        WARN  main            d.u.i.k.s.ProofSettings   No proof-settings could be loaded, using defaults java.io.FileNotFoundException: /home/runner/.key/proof-settings.props (No such file or directory)
	at java.base/java.io.FileInputStream.open0(Native Method)

Running test UpdateAbstraction_ex9_secure.key
17:41:33,476 |-INFO in ch.qos.logback.classic.LoggerContext[default] - Could NOT find resource [logback-test.xml]
17:41:33,479 |-INFO in ch.qos.logback.classic.LoggerContext[default] - Found resource [logback.xml] at [file:/home/runner/work/key/key/key.core/build/resources/test/logback.xml]
17:41:33,619 |-INFO in ch.qos.logback.classic.joran.action.ConfigurationAction - debug attribute not set
17:41:33,620 |-INFO in ch.qos.logback.core.joran.action.AppenderAction - About to instantiate appender of type [ch.qos.logback.core.ConsoleAppender]
17:41:33,642 |-INFO in ch.qos.logback.core.joran.action.AppenderAction - Naming appender as [STDOUT]
17:41:33,654 |-ERROR in ch.qos.logback.core.joran.spi.Interpreter@3:15 - no applicable action for [file], current ElementPath  is [[configuration][appender][file]]
17:41:33,654 |-ERROR in ch.qos.logback.core.joran.spi.Interpreter@4:17 - no applicable action for [append], current ElementPath  is [[configuration][appender][append]]
17:41:33,657 |-INFO in ch.qos.logback.core.joran.action.NestedComplexPropertyIA - Assuming default type [ch.qos.logback.classic.encoder.PatternLayoutEncoder] for [encoder] property
17:41:33,699 |-INFO in ch.qos.logback.classic.joran.action.RootLoggerAction - Setting level of ROOT logger to WARN
17:41:33,699 |-INFO in ch.qos.logback.core.joran.action.AppenderRefAction - Attaching appender named [STDOUT] to Logger[ROOT]
17:41:33,699 |-INFO in ch.qos.logback.classic.joran.action.ConfigurationAction - End of configuration.
17:41:33,702 |-INFO in ch.qos.logback.classic.joran.JoranConfigurator@29176cc1 - Registering current configuration as safe fallback point

381        WARN  main            d.u.i.k.s.ProofSettings   No proof-settings could be loaded, using defaults java.io.FileNotFoundException: /home/runner/.key/proof-settings.props (No such file or directory)
	at java.base/java.io.FileInputStream.open0(Native Method)

Running test list
17:41:34,590 |-INFO in ch.qos.logback.classic.LoggerContext[default] - Could NOT find resource [logback-test.xml]
17:41:34,591 |-INFO in ch.qos.logback.classic.LoggerContext[default] - Found resource [logback.xml] at [file:/home/runner/work/key/key/key.core/build/resources/test/logback.xml]
17:41:34,739 |-INFO in ch.qos.logback.classic.joran.action.ConfigurationAction - debug attribute not set
17:41:34,740 |-INFO in ch.qos.logback.core.joran.action.AppenderAction - About to instantiate appender of type [ch.qos.logback.core.ConsoleAppender]
17:41:34,756 |-INFO in ch.qos.logback.core.joran.action.AppenderAction - Naming appender as [STDOUT]
17:41:34,762 |-ERROR in ch.qos.logback.core.joran.spi.Interpreter@3:15 - no applicable action for [file], current ElementPath  is [[configuration][appender][file]]
17:41:34,762 |-ERROR in ch.qos.logback.core.joran.spi.Interpreter@4:17 - no applicable action for [append], current ElementPath  is [[configuration][appender][append]]
17:41:34,764 |-INFO in ch.qos.logback.core.joran.action.NestedComplexPropertyIA - Assuming default type [ch.qos.logback.classic.encoder.PatternLayoutEncoder] for [encoder] property
17:41:34,810 |-INFO in ch.qos.logback.classic.joran.action.RootLoggerAction - Setting level of ROOT logger to WARN
17:41:34,810 |-INFO in ch.qos.logback.core.joran.action.AppenderRefAction - Attaching appender named [STDOUT] to Logger[ROOT]
17:41:34,810 |-INFO in ch.qos.logback.classic.joran.action.ConfigurationAction - End of configuration.
17:41:34,817 |-INFO in ch.qos.logback.classic.joran.JoranConfigurator@29176cc1 - Registering current configuration as safe fallback point

410        WARN  main            d.u.i.k.s.ProofSettings   No proof-settings could be loaded, using defaults java.io.FileNotFoundException: /home/runner/.key/proof-settings.props (No such file or directory)
	at java.base/java.io.FileInputStream.open0(Native Method)

Running test list_ghost
17:41:36,094 |-INFO in ch.qos.logback.classic.LoggerContext[default] - Could NOT find resource [logback-test.xml]
17:41:36,095 |-INFO in ch.qos.logback.classic.LoggerContext[default] - Found resource [logback.xml] at [file:/home/runner/work/key/key/key.core/build/resources/test/logback.xml]
17:41:36,238 |-INFO in ch.qos.logback.classic.joran.action.ConfigurationAction - debug attribute not set
17:41:36,238 |-INFO in ch.qos.logback.core.joran.action.AppenderAction - About to instantiate appender of type [ch.qos.logback.core.ConsoleAppender]
17:41:36,255 |-INFO in ch.qos.logback.core.joran.action.AppenderAction - Naming appender as [STDOUT]
17:41:36,261 |-ERROR in ch.qos.logback.core.joran.spi.Interpreter@3:15 - no applicable action for [file], current ElementPath  is [[configuration][appender][file]]
17:41:36,262 |-ERROR in ch.qos.logback.core.joran.spi.Interpreter@4:17 - no applicable action for [append], current ElementPath  is [[configuration][appender][append]]
17:41:36,263 |-INFO in ch.qos.logback.core.joran.action.NestedComplexPropertyIA - Assuming default type [ch.qos.logback.classic.encoder.PatternLayoutEncoder] for [encoder] property
17:41:36,291 |-INFO in ch.qos.logback.classic.joran.action.RootLoggerAction - Setting level of ROOT logger to WARN
17:41:36,291 |-INFO in ch.qos.logback.core.joran.action.AppenderRefAction - Attaching appender named [STDOUT] to Logger[ROOT]
17:41:36,292 |-INFO in ch.qos.logback.classic.joran.action.ConfigurationAction - End of configuration.
17:41:36,297 |-INFO in ch.qos.logback.classic.joran.JoranConfigurator@29176cc1 - Registering current configuration as safe fallback point

359        WARN  main            d.u.i.k.s.ProofSettings   No proof-settings could be loaded, using defaults java.io.FileNotFoundException: /home/runner/.key/proof-settings.props (No such file or directory)
	at java.base/java.io.FileInputStream.open0(Native Method)

Running test list_recursive
17:41:37,345 |-INFO in ch.qos.logback.classic.LoggerContext[default] - Could NOT find resource [logback-test.xml]
17:41:37,346 |-INFO in ch.qos.logback.classic.LoggerContext[default] - Found resource [logback.xml] at [file:/home/runner/work/key/key/key.core/build/resources/test/logback.xml]
17:41:37,488 |-INFO in ch.qos.logback.classic.joran.action.ConfigurationAction - debug attribute not set
17:41:37,489 |-INFO in ch.qos.logback.core.joran.action.AppenderAction - About to instantiate appender of type [ch.qos.logback.core.ConsoleAppender]
17:41:37,501 |-INFO in ch.qos.logback.core.joran.action.AppenderAction - Naming appender as [STDOUT]
17:41:37,507 |-ERROR in ch.qos.logback.core.joran.spi.Interpreter@3:15 - no applicable action for [file], current ElementPath  is [[configuration][appender][file]]
17:41:37,508 |-ERROR in ch.qos.logback.core.joran.spi.Interpreter@4:17 - no applicable action for [append], current ElementPath  is [[configuration][appender][append]]
17:41:37,509 |-INFO in ch.qos.logback.core.joran.action.NestedComplexPropertyIA - Assuming default type [ch.qos.logback.classic.encoder.PatternLayoutEncoder] for [encoder] property
17:41:37,534 |-INFO in ch.qos.logback.classic.joran.action.RootLoggerAction - Setting level of ROOT logger to WARN
17:41:37,534 |-INFO in ch.qos.logback.core.joran.action.AppenderRefAction - Attaching appender named [STDOUT] to Logger[ROOT]
17:41:37,535 |-INFO in ch.qos.logback.classic.joran.action.ConfigurationAction - End of configuration.
17:41:37,537 |-INFO in ch.qos.logback.classic.joran.JoranConfigurator@2f177a4b - Registering current configuration as safe fallback point

372        WARN  main            d.u.i.k.s.ProofSettings   No proof-settings could be loaded, using defaults java.io.FileNotFoundException: /home/runner/.key/proof-settings.props (No such file or directory)
	at java.base/java.io.FileInputStream.open0(Native Method)

Running test list_seq
17:41:38,447 |-INFO in ch.qos.logback.classic.LoggerContext[default] - Could NOT find resource [logback-test.xml]
17:41:38,448 |-INFO in ch.qos.logback.classic.LoggerContext[default] - Found resource [logback.xml] at [file:/home/runner/work/key/key/key.core/build/resources/test/logback.xml]
17:41:38,581 |-INFO in ch.qos.logback.classic.joran.action.ConfigurationAction - debug attribute not set
17:41:38,581 |-INFO in ch.qos.logback.core.joran.action.AppenderAction - About to instantiate appender of type [ch.qos.logback.core.ConsoleAppender]
17:41:38,596 |-INFO in ch.qos.logback.core.joran.action.AppenderAction - Naming appender as [STDOUT]
17:41:38,603 |-ERROR in ch.qos.logback.core.joran.spi.Interpreter@3:15 - no applicable action for [file], current ElementPath  is [[configuration][appender][file]]
17:41:38,603 |-ERROR in ch.qos.logback.core.joran.spi.Interpreter@4:17 - no applicable action for [append], current ElementPath  is [[configuration][appender][append]]
17:41:38,604 |-INFO in ch.qos.logback.core.joran.action.NestedComplexPropertyIA - Assuming default type [ch.qos.logback.classic.encoder.PatternLayoutEncoder] for [encoder] property
17:41:38,630 |-INFO in ch.qos.logback.classic.joran.action.RootLoggerAction - Setting level of ROOT logger to WARN
17:41:38,630 |-INFO in ch.qos.logback.core.joran.action.AppenderRefAction - Attaching appender named [STDOUT] to Logger[ROOT]
17:41:38,631 |-INFO in ch.qos.logback.classic.joran.action.ConfigurationAction - End of configuration.
17:41:38,633 |-INFO in ch.qos.logback.classic.joran.JoranConfigurator@2f177a4b - Registering current configuration as safe fallback point

367        WARN  main            d.u.i.k.s.ProofSettings   No proof-settings could be loaded, using defaults java.io.FileNotFoundException: /home/runner/.key/proof-settings.props (No such file or directory)
	at java.base/java.io.FileInputStream.open0(Native Method)

Running test observer
17:41:39,674 |-INFO in ch.qos.logback.classic.LoggerContext[default] - Could NOT find resource [logback-test.xml]
17:41:39,675 |-INFO in ch.qos.logback.classic.LoggerContext[default] - Found resource [logback.xml] at [file:/home/runner/work/key/key/key.core/build/resources/test/logback.xml]
17:41:39,807 |-INFO in ch.qos.logback.classic.joran.action.ConfigurationAction - debug attribute not set
17:41:39,807 |-INFO in ch.qos.logback.core.joran.action.AppenderAction - About to instantiate appender of type [ch.qos.logback.core.ConsoleAppender]
17:41:39,819 |-INFO in ch.qos.logback.core.joran.action.AppenderAction - Naming appender as [STDOUT]
17:41:39,824 |-ERROR in ch.qos.logback.core.joran.spi.Interpreter@3:15 - no applicable action for [file], current ElementPath  is [[configuration][appender][file]]
17:41:39,825 |-ERROR in ch.qos.logback.core.joran.spi.Interpreter@4:17 - no applicable action for [append], current ElementPath  is [[configuration][appender][append]]
17:41:39,826 |-INFO in ch.qos.logback.core.joran.action.NestedComplexPropertyIA - Assuming default type [ch.qos.logback.classic.encoder.PatternLayoutEncoder] for [encoder] property
17:41:39,854 |-INFO in ch.qos.logback.classic.joran.action.RootLoggerAction - Setting level of ROOT logger to WARN
17:41:39,854 |-INFO in ch.qos.logback.core.joran.action.AppenderRefAction - Attaching appender named [STDOUT] to Logger[ROOT]
17:41:39,854 |-INFO in ch.qos.logback.classic.joran.action.ConfigurationAction - End of configuration.
17:41:39,856 |-INFO in ch.qos.logback.classic.joran.JoranConfigurator@29176cc1 - Registering current configuration as safe fallback point

326        WARN  main            d.u.i.k.s.ProofSettings   No proof-settings could be loaded, using defaults java.io.FileNotFoundException: /home/runner/.key/proof-settings.props (No such file or directory)
	at java.base/java.io.FileInputStream.open0(Native Method)

Running test removeDups
17:41:40,919 |-INFO in ch.qos.logback.classic.LoggerContext[default] - Could NOT find resource [logback-test.xml]
17:41:40,920 |-INFO in ch.qos.logback.classic.LoggerContext[default] - Found resource [logback.xml] at [file:/home/runner/work/key/key/key.core/build/resources/test/logback.xml]
17:41:41,059 |-INFO in ch.qos.logback.classic.joran.action.ConfigurationAction - debug attribute not set
17:41:41,059 |-INFO in ch.qos.logback.core.joran.action.AppenderAction - About to instantiate appender of type [ch.qos.logback.core.ConsoleAppender]
17:41:41,072 |-INFO in ch.qos.logback.core.joran.action.AppenderAction - Naming appender as [STDOUT]
17:41:41,079 |-ERROR in ch.qos.logback.core.joran.spi.Interpreter@3:15 - no applicable action for [file], current ElementPath  is [[configuration][appender][file]]
17:41:41,079 |-ERROR in ch.qos.logback.core.joran.spi.Interpreter@4:17 - no applicable action for [append], current ElementPath  is [[configuration][appender][append]]
17:41:41,081 |-INFO in ch.qos.logback.core.joran.action.NestedComplexPropertyIA - Assuming default type [ch.qos.logback.classic.encoder.PatternLayoutEncoder] for [encoder] property
17:41:41,113 |-INFO in ch.qos.logback.classic.joran.action.RootLoggerAction - Setting level of ROOT logger to WARN
17:41:41,113 |-INFO in ch.qos.logback.core.joran.action.AppenderRefAction - Attaching appender named [STDOUT] to Logger[ROOT]
17:41:41,114 |-INFO in ch.qos.logback.classic.joran.action.ConfigurationAction - End of configuration.
17:41:41,116 |-INFO in ch.qos.logback.classic.joran.JoranConfigurator@29176cc1 - Registering current configuration as safe fallback point

371        WARN  main            d.u.i.k.s.ProofSettings   No proof-settings could be loaded, using defaults java.io.FileNotFoundException: /home/runner/.key/proof-settings.props (No such file or directory)
	at java.base/java.io.FileInputStream.open0(Native Method)

Running test Saddleback_search.key
17:41:42,043 |-INFO in ch.qos.logback.classic.LoggerContext[default] - Could NOT find resource [logback-test.xml]
17:41:42,044 |-INFO in ch.qos.logback.classic.LoggerContext[default] - Found resource [logback.xml] at [file:/home/runner/work/key/key/key.core/build/resources/test/logback.xml]
17:41:42,177 |-INFO in ch.qos.logback.classic.joran.action.ConfigurationAction - debug attribute not set
17:41:42,177 |-INFO in ch.qos.logback.core.joran.action.AppenderAction - About to instantiate appender of type [ch.qos.logback.core.ConsoleAppender]
17:41:42,189 |-INFO in ch.qos.logback.core.joran.action.AppenderAction - Naming appender as [STDOUT]
17:41:42,195 |-ERROR in ch.qos.logback.core.joran.spi.Interpreter@3:15 - no applicable action for [file], current ElementPath  is [[configuration][appender][file]]
17:41:42,196 |-ERROR in ch.qos.logback.core.joran.spi.Interpreter@4:17 - no applicable action for [append], current ElementPath  is [[configuration][appender][append]]
17:41:42,197 |-INFO in ch.qos.logback.core.joran.action.NestedComplexPropertyIA - Assuming default type [ch.qos.logback.classic.encoder.PatternLayoutEncoder] for [encoder] property
17:41:42,228 |-INFO in ch.qos.logback.classic.joran.action.RootLoggerAction - Setting level of ROOT logger to WARN
17:41:42,228 |-INFO in ch.qos.logback.core.joran.action.AppenderRefAction - Attaching appender named [STDOUT] to Logger[ROOT]
17:41:42,228 |-INFO in ch.qos.logback.classic.joran.action.ConfigurationAction - End of configuration.
17:41:42,230 |-INFO in ch.qos.logback.classic.joran.JoranConfigurator@29176cc1 - Registering current configuration as safe fallback point

346        WARN  main            d.u.i.k.s.ProofSettings   No proof-settings could be loaded, using defaults java.io.FileNotFoundException: /home/runner/.key/proof-settings.props (No such file or directory)
	at java.base/java.io.FileInputStream.open0(Native Method)

Running test quicksort
17:41:43,114 |-INFO in ch.qos.logback.classic.LoggerContext[default] - Could NOT find resource [logback-test.xml]
17:41:43,115 |-INFO in ch.qos.logback.classic.LoggerContext[default] - Found resource [logback.xml] at [file:/home/runner/work/key/key/key.core/build/resources/test/logback.xml]
17:41:43,251 |-INFO in ch.qos.logback.classic.joran.action.ConfigurationAction - debug attribute not set
17:41:43,252 |-INFO in ch.qos.logback.core.joran.action.AppenderAction - About to instantiate appender of type [ch.qos.logback.core.ConsoleAppender]
17:41:43,267 |-INFO in ch.qos.logback.core.joran.action.AppenderAction - Naming appender as [STDOUT]
17:41:43,274 |-ERROR in ch.qos.logback.core.joran.spi.Interpreter@3:15 - no applicable action for [file], current ElementPath  is [[configuration][appender][file]]
17:41:43,275 |-ERROR in ch.qos.logback.core.joran.spi.Interpreter@4:17 - no applicable action for [append], current ElementPath  is [[configuration][appender][append]]
17:41:43,278 |-INFO in ch.qos.logback.core.joran.action.NestedComplexPropertyIA - Assuming default type [ch.qos.logback.classic.encoder.PatternLayoutEncoder] for [encoder] property
17:41:43,310 |-INFO in ch.qos.logback.classic.joran.action.RootLoggerAction - Setting level of ROOT logger to WARN
17:41:43,310 |-INFO in ch.qos.logback.core.joran.action.AppenderRefAction - Attaching appender named [STDOUT] to Logger[ROOT]
17:41:43,310 |-INFO in ch.qos.logback.classic.joran.action.ConfigurationAction - End of configuration.
17:41:43,312 |-INFO in ch.qos.logback.classic.joran.JoranConfigurator@29176cc1 - Registering current configuration as safe fallback point

378        WARN  main            d.u.i.k.s.ProofSettings   No proof-settings could be loaded, using defaults java.io.FileNotFoundException: /home/runner/.key/proof-settings.props (No such file or directory)
	at java.base/java.io.FileInputStream.open0(Native Method)

Running test simpleTests
17:41:44,209 |-INFO in ch.qos.logback.classic.LoggerContext[default] - Could NOT find resource [logback-test.xml]
17:41:44,210 |-INFO in ch.qos.logback.classic.LoggerContext[default] - Found resource [logback.xml] at [file:/home/runner/work/key/key/key.core/build/resources/test/logback.xml]
17:41:44,344 |-INFO in ch.qos.logback.classic.joran.action.ConfigurationAction - debug attribute not set
17:41:44,344 |-INFO in ch.qos.logback.core.joran.action.AppenderAction - About to instantiate appender of type [ch.qos.logback.core.ConsoleAppender]
17:41:44,357 |-INFO in ch.qos.logback.core.joran.action.AppenderAction - Naming appender as [STDOUT]
17:41:44,362 |-ERROR in ch.qos.logback.core.joran.spi.Interpreter@3:15 - no applicable action for [file], current ElementPath  is [[configuration][appender][file]]
17:41:44,362 |-ERROR in ch.qos.logback.core.joran.spi.Interpreter@4:17 - no applicable action for [append], current ElementPath  is [[configuration][appender][append]]
17:41:44,363 |-INFO in ch.qos.logback.core.joran.action.NestedComplexPropertyIA - Assuming default type [ch.qos.logback.classic.encoder.PatternLayoutEncoder] for [encoder] property
17:41:44,389 |-INFO in ch.qos.logback.classic.joran.action.RootLoggerAction - Setting level of ROOT logger to WARN
17:41:44,389 |-INFO in ch.qos.logback.core.joran.action.AppenderRefAction - Attaching appender named [STDOUT] to Logger[ROOT]
17:41:44,389 |-INFO in ch.qos.logback.classic.joran.action.ConfigurationAction - End of configuration.
17:41:44,391 |-INFO in ch.qos.logback.classic.joran.JoranConfigurator@29176cc1 - Registering current configuration as safe fallback point

352        WARN  main            d.u.i.k.s.ProofSettings   No proof-settings could be loaded, using defaults java.io.FileNotFoundException: /home/runner/.key/proof-settings.props (No such file or directory)
	at java.base/java.io.FileInputStream.open0(Native Method)

Running test SmansEtAl
17:41:45,782 |-INFO in ch.qos.logback.classic.LoggerContext[default] - Could NOT find resource [logback-test.xml]
17:41:45,783 |-INFO in ch.qos.logback.classic.LoggerContext[default] - Found resource [logback.xml] at [file:/home/runner/work/key/key/key.core/build/resources/test/logback.xml]
17:41:45,926 |-INFO in ch.qos.logback.classic.joran.action.ConfigurationAction - debug attribute not set
17:41:45,927 |-INFO in ch.qos.logback.core.joran.action.AppenderAction - About to instantiate appender of type [ch.qos.logback.core.ConsoleAppender]
17:41:45,939 |-INFO in ch.qos.logback.core.joran.action.AppenderAction - Naming appender as [STDOUT]
17:41:45,944 |-ERROR in ch.qos.logback.core.joran.spi.Interpreter@3:15 - no applicable action for [file], current ElementPath  is [[configuration][appender][file]]
17:41:45,945 |-ERROR in ch.qos.logback.core.joran.spi.Interpreter@4:17 - no applicable action for [append], current ElementPath  is [[configuration][appender][append]]
17:41:45,946 |-INFO in ch.qos.logback.core.joran.action.NestedComplexPropertyIA - Assuming default type [ch.qos.logback.classic.encoder.PatternLayoutEncoder] for [encoder] property
17:41:45,972 |-INFO in ch.qos.logback.classic.joran.action.RootLoggerAction - Setting level of ROOT logger to WARN
17:41:45,972 |-INFO in ch.qos.logback.core.joran.action.AppenderRefAction - Attaching appender named [STDOUT] to Logger[ROOT]
17:41:45,972 |-INFO in ch.qos.logback.classic.joran.action.ConfigurationAction - End of configuration.
17:41:45,974 |-INFO in ch.qos.logback.classic.joran.JoranConfigurator@29176cc1 - Registering current configuration as safe fallback point

371        WARN  main            d.u.i.k.s.ProofSettings   No proof-settings could be loaded, using defaults java.io.FileNotFoundException: /home/runner/.key/proof-settings.props (No such file or directory)
	at java.base/java.io.FileInputStream.open0(Native Method)

Running test VACID0
17:41:47,357 |-INFO in ch.qos.logback.classic.LoggerContext[default] - Could NOT find resource [logback-test.xml]
17:41:47,358 |-INFO in ch.qos.logback.classic.LoggerContext[default] - Found resource [logback.xml] at [file:/home/runner/work/key/key/key.core/build/resources/test/logback.xml]
17:41:47,494 |-INFO in ch.qos.logback.classic.joran.action.ConfigurationAction - debug attribute not set
17:41:47,494 |-INFO in ch.qos.logback.core.joran.action.AppenderAction - About to instantiate appender of type [ch.qos.logback.core.ConsoleAppender]
17:41:47,508 |-INFO in ch.qos.logback.core.joran.action.AppenderAction - Naming appender as [STDOUT]
17:41:47,513 |-ERROR in ch.qos.logback.core.joran.spi.Interpreter@3:15 - no applicable action for [file], current ElementPath  is [[configuration][appender][file]]
17:41:47,513 |-ERROR in ch.qos.logback.core.joran.spi.Interpreter@4:17 - no applicable action for [append], current ElementPath  is [[configuration][appender][append]]
17:41:47,515 |-INFO in ch.qos.logback.core.joran.action.NestedComplexPropertyIA - Assuming default type [ch.qos.logback.classic.encoder.PatternLayoutEncoder] for [encoder] property
17:41:47,541 |-INFO in ch.qos.logback.classic.joran.action.RootLoggerAction - Setting level of ROOT logger to WARN
17:41:47,541 |-INFO in ch.qos.logback.core.joran.action.AppenderRefAction - Attaching appender named [STDOUT] to Logger[ROOT]
17:41:47,541 |-INFO in ch.qos.logback.classic.joran.action.ConfigurationAction - End of configuration.
17:41:47,544 |-INFO in ch.qos.logback.classic.joran.JoranConfigurator@29176cc1 - Registering current configuration as safe fallback point

347        WARN  main            d.u.i.k.s.ProofSettings   No proof-settings could be loaded, using defaults java.io.FileNotFoundException: /home/runner/.key/proof-settings.props (No such file or directory)
	at java.base/java.io.FileInputStream.open0(Native Method)

Running test VSTTE10
17:41:48,427 |-INFO in ch.qos.logback.classic.LoggerContext[default] - Could NOT find resource [logback-test.xml]
17:41:48,428 |-INFO in ch.qos.logback.classic.LoggerContext[default] - Found resource [logback.xml] at [file:/home/runner/work/key/key/key.core/build/resources/test/logback.xml]
17:41:48,567 |-INFO in ch.qos.logback.classic.joran.action.ConfigurationAction - debug attribute not set
17:41:48,567 |-INFO in ch.qos.logback.core.joran.action.AppenderAction - About to instantiate appender of type [ch.qos.logback.core.ConsoleAppender]
17:41:48,585 |-INFO in ch.qos.logback.core.joran.action.AppenderAction - Naming appender as [STDOUT]
17:41:48,590 |-ERROR in ch.qos.logback.core.joran.spi.Interpreter@3:15 - no applicable action for [file], current ElementPath  is [[configuration][appender][file]]
17:41:48,591 |-ERROR in ch.qos.logback.core.joran.spi.Interpreter@4:17 - no applicable action for [append], current ElementPath  is [[configuration][appender][append]]
17:41:48,592 |-INFO in ch.qos.logback.core.joran.action.NestedComplexPropertyIA - Assuming default type [ch.qos.logback.classic.encoder.PatternLayoutEncoder] for [encoder] property
17:41:48,620 |-INFO in ch.qos.logback.classic.joran.action.RootLoggerAction - Setting level of ROOT logger to WARN
17:41:48,620 |-INFO in ch.qos.logback.core.joran.action.AppenderRefAction - Attaching appender named [STDOUT] to Logger[ROOT]
17:41:48,620 |-INFO in ch.qos.logback.classic.joran.action.ConfigurationAction - End of configuration.
17:41:48,622 |-INFO in ch.qos.logback.classic.joran.JoranConfigurator@29176cc1 - Registering current configuration as safe fallback point

344        WARN  main            d.u.i.k.s.ProofSettings   No proof-settings could be loaded, using defaults java.io.FileNotFoundException: /home/runner/.key/proof-settings.props (No such file or directory)
	at java.base/java.io.FileInputStream.open0(Native Method)

Running test WeideEtAl
17:41:49,722 |-INFO in ch.qos.logback.classic.LoggerContext[default] - Could NOT find resource [logback-test.xml]
17:41:49,729 |-INFO in ch.qos.logback.classic.LoggerContext[default] - Found resource [logback.xml] at [file:/home/runner/work/key/key/key.core/build/resources/test/logback.xml]
17:41:49,861 |-INFO in ch.qos.logback.classic.joran.action.ConfigurationAction - debug attribute not set
17:41:49,862 |-INFO in ch.qos.logback.core.joran.action.AppenderAction - About to instantiate appender of type [ch.qos.logback.core.ConsoleAppender]
17:41:49,874 |-INFO in ch.qos.logback.core.joran.action.AppenderAction - Naming appender as [STDOUT]
17:41:49,880 |-ERROR in ch.qos.logback.core.joran.spi.Interpreter@3:15 - no applicable action for [file], current ElementPath  is [[configuration][appender][file]]
17:41:49,880 |-ERROR in ch.qos.logback.core.joran.spi.Interpreter@4:17 - no applicable action for [append], current ElementPath  is [[configuration][appender][append]]
17:41:49,881 |-INFO in ch.qos.logback.core.joran.action.NestedComplexPropertyIA - Assuming default type [ch.qos.logback.classic.encoder.PatternLayoutEncoder] for [encoder] property
17:41:49,908 |-INFO in ch.qos.logback.classic.joran.action.RootLoggerAction - Setting level of ROOT logger to WARN
17:41:49,908 |-INFO in ch.qos.logback.core.joran.action.AppenderRefAction - Attaching appender named [STDOUT] to Logger[ROOT]
17:41:49,908 |-INFO in ch.qos.logback.classic.joran.action.ConfigurationAction - End of configuration.
17:41:49,910 |-INFO in ch.qos.logback.classic.joran.JoranConfigurator@29176cc1 - Registering current configuration as safe fallback point

356        WARN  main            d.u.i.k.s.ProofSettings   No proof-settings could be loaded, using defaults java.io.FileNotFoundException: /home/runner/.key/proof-settings.props (No such file or directory)
	at java.base/java.io.FileInputStream.open0(Native Method)

Running test arithmetic
17:41:50,821 |-INFO in ch.qos.logback.classic.LoggerContext[default] - Could NOT find resource [logback-test.xml]
17:41:50,823 |-INFO in ch.qos.logback.classic.LoggerContext[default] - Found resource [logback.xml] at [file:/home/runner/work/key/key/key.core/build/resources/test/logback.xml]
17:41:50,971 |-INFO in ch.qos.logback.classic.joran.action.ConfigurationAction - debug attribute not set
17:41:50,972 |-INFO in ch.qos.logback.core.joran.action.AppenderAction - About to instantiate appender of type [ch.qos.logback.core.ConsoleAppender]
17:41:50,984 |-INFO in ch.qos.logback.core.joran.action.AppenderAction - Naming appender as [STDOUT]
17:41:50,990 |-ERROR in ch.qos.logback.core.joran.spi.Interpreter@3:15 - no applicable action for [file], current ElementPath  is [[configuration][appender][file]]
17:41:50,991 |-ERROR in ch.qos.logback.core.joran.spi.Interpreter@4:17 - no applicable action for [append], current ElementPath  is [[configuration][appender][append]]
17:41:50,992 |-INFO in ch.qos.logback.core.joran.action.NestedComplexPropertyIA - Assuming default type [ch.qos.logback.classic.encoder.PatternLayoutEncoder] for [encoder] property
17:41:51,019 |-INFO in ch.qos.logback.classic.joran.action.RootLoggerAction - Setting level of ROOT logger to WARN
17:41:51,019 |-INFO in ch.qos.logback.core.joran.action.AppenderRefAction - Attaching appender named [STDOUT] to Logger[ROOT]
17:41:51,020 |-INFO in ch.qos.logback.classic.joran.action.ConfigurationAction - End of configuration.
17:41:51,022 |-INFO in ch.qos.logback.classic.joran.JoranConfigurator@29176cc1 - Registering current configuration as safe fallback point

401        WARN  main            d.u.i.k.s.ProofSettings   No proof-settings could be loaded, using defaults java.io.FileNotFoundException: /home/runner/.key/proof-settings.props (No such file or directory)
	at java.base/java.io.FileInputStream.open0(Native Method)

Running test arrays
17:41:52,973 |-INFO in ch.qos.logback.classic.LoggerContext[default] - Could NOT find resource [logback-test.xml]
17:41:52,974 |-INFO in ch.qos.logback.classic.LoggerContext[default] - Found resource [logback.xml] at [file:/home/runner/work/key/key/key.core/build/resources/test/logback.xml]
17:41:53,124 |-INFO in ch.qos.logback.classic.joran.action.ConfigurationAction - debug attribute not set
17:41:53,124 |-INFO in ch.qos.logback.core.joran.action.AppenderAction - About to instantiate appender of type [ch.qos.logback.core.ConsoleAppender]
17:41:53,139 |-INFO in ch.qos.logback.core.joran.action.AppenderAction - Naming appender as [STDOUT]
17:41:53,145 |-ERROR in ch.qos.logback.core.joran.spi.Interpreter@3:15 - no applicable action for [file], current ElementPath  is [[configuration][appender][file]]
17:41:53,146 |-ERROR in ch.qos.logback.core.joran.spi.Interpreter@4:17 - no applicable action for [append], current ElementPath  is [[configuration][appender][append]]
17:41:53,152 |-INFO in ch.qos.logback.core.joran.action.NestedComplexPropertyIA - Assuming default type [ch.qos.logback.classic.encoder.PatternLayoutEncoder] for [encoder] property
17:41:53,187 |-INFO in ch.qos.logback.classic.joran.action.RootLoggerAction - Setting level of ROOT logger to WARN
17:41:53,187 |-INFO in ch.qos.logback.core.joran.action.AppenderRefAction - Attaching appender named [STDOUT] to Logger[ROOT]
17:41:53,187 |-INFO in ch.qos.logback.classic.joran.action.ConfigurationAction - End of configuration.
17:41:53,190 |-INFO in ch.qos.logback.classic.joran.JoranConfigurator@29176cc1 - Registering current configuration as safe fallback point

378        WARN  main            d.u.i.k.s.ProofSettings   No proof-settings could be loaded, using defaults java.io.FileNotFoundException: /home/runner/.key/proof-settings.props (No such file or directory)
	at java.base/java.io.FileInputStream.open0(Native Method)

Running test javadl
17:41:54,492 |-INFO in ch.qos.logback.classic.LoggerContext[default] - Could NOT find resource [logback-test.xml]
17:41:54,494 |-INFO in ch.qos.logback.classic.LoggerContext[default] - Found resource [logback.xml] at [file:/home/runner/work/key/key/key.core/build/resources/test/logback.xml]
17:41:54,755 |-INFO in ch.qos.logback.classic.joran.action.ConfigurationAction - debug attribute not set
17:41:54,756 |-INFO in ch.qos.logback.core.joran.action.AppenderAction - About to instantiate appender of type [ch.qos.logback.core.ConsoleAppender]
17:41:54,773 |-INFO in ch.qos.logback.core.joran.action.AppenderAction - Naming appender as [STDOUT]
17:41:54,779 |-ERROR in ch.qos.logback.core.joran.spi.Interpreter@3:15 - no applicable action for [file], current ElementPath  is [[configuration][appender][file]]
17:41:54,779 |-ERROR in ch.qos.logback.core.joran.spi.Interpreter@4:17 - no applicable action for [append], current ElementPath  is [[configuration][appender][append]]
17:41:54,781 |-INFO in ch.qos.logback.core.joran.action.NestedComplexPropertyIA - Assuming default type [ch.qos.logback.classic.encoder.PatternLayoutEncoder] for [encoder] property
17:41:54,821 |-INFO in ch.qos.logback.classic.joran.action.RootLoggerAction - Setting level of ROOT logger to WARN
17:41:54,821 |-INFO in ch.qos.logback.core.joran.action.AppenderRefAction - Attaching appender named [STDOUT] to Logger[ROOT]
17:41:54,822 |-INFO in ch.qos.logback.classic.joran.action.ConfigurationAction - End of configuration.
17:41:54,824 |-INFO in ch.qos.logback.classic.joran.JoranConfigurator@2f177a4b - Registering current configuration as safe fallback point

625        WARN  main            d.u.i.k.s.ProofSettings   No proof-settings could be loaded, using defaults java.io.FileNotFoundException: /home/runner/.key/proof-settings.props (No such file or directory)
	at java.base/java.io.FileInputStream.open0(Native Method)

Running test FOL
17:41:56,804 |-INFO in ch.qos.logback.classic.LoggerContext[default] - Could NOT find resource [logback-test.xml]
17:41:56,807 |-INFO in ch.qos.logback.classic.LoggerContext[default] - Found resource [logback.xml] at [file:/home/runner/work/key/key/key.core/build/resources/test/logback.xml]
17:41:56,932 |-INFO in ch.qos.logback.classic.joran.action.ConfigurationAction - debug attribute not set
17:41:56,933 |-INFO in ch.qos.logback.core.joran.action.AppenderAction - About to instantiate appender of type [ch.qos.logback.core.ConsoleAppender]
17:41:56,944 |-INFO in ch.qos.logback.core.joran.action.AppenderAction - Naming appender as [STDOUT]
17:41:56,950 |-ERROR in ch.qos.logback.core.joran.spi.Interpreter@3:15 - no applicable action for [file], current ElementPath  is [[configuration][appender][file]]
17:41:56,950 |-ERROR in ch.qos.logback.core.joran.spi.Interpreter@4:17 - no applicable action for [append], current ElementPath  is [[configuration][appender][append]]
17:41:56,952 |-INFO in ch.qos.logback.core.joran.action.NestedComplexPropertyIA - Assuming default type [ch.qos.logback.classic.encoder.PatternLayoutEncoder] for [encoder] property
17:41:56,980 |-INFO in ch.qos.logback.classic.joran.action.RootLoggerAction - Setting level of ROOT logger to WARN
17:41:56,980 |-INFO in ch.qos.logback.core.joran.action.AppenderRefAction - Attaching appender named [STDOUT] to Logger[ROOT]
17:41:56,981 |-INFO in ch.qos.logback.classic.joran.action.ConfigurationAction - End of configuration.
17:41:56,983 |-INFO in ch.qos.logback.classic.joran.JoranConfigurator@29176cc1 - Registering current configuration as safe fallback point

357        WARN  main            d.u.i.k.s.ProofSettings   No proof-settings could be loaded, using defaults java.io.FileNotFoundException: /home/runner/.key/proof-settings.props (No such file or directory)
	at java.base/java.io.FileInputStream.open0(Native Method)

Running test strings
17:41:58,783 |-INFO in ch.qos.logback.classic.LoggerContext[default] - Could NOT find resource [logback-test.xml]
17:41:58,784 |-INFO in ch.qos.logback.classic.LoggerContext[default] - Found resource [logback.xml] at [file:/home/runner/work/key/key/key.core/build/resources/test/logback.xml]
17:41:58,971 |-INFO in ch.qos.logback.classic.joran.action.ConfigurationAction - debug attribute not set
17:41:58,972 |-INFO in ch.qos.logback.core.joran.action.AppenderAction - About to instantiate appender of type [ch.qos.logback.core.ConsoleAppender]
17:41:58,989 |-INFO in ch.qos.logback.core.joran.action.AppenderAction - Naming appender as [STDOUT]
17:41:58,994 |-ERROR in ch.qos.logback.core.joran.spi.Interpreter@3:15 - no applicable action for [file], current ElementPath  is [[configuration][appender][file]]
17:41:58,994 |-ERROR in ch.qos.logback.core.joran.spi.Interpreter@4:17 - no applicable action for [append], current ElementPath  is [[configuration][appender][append]]
17:41:58,996 |-INFO in ch.qos.logback.core.joran.action.NestedComplexPropertyIA - Assuming default type [ch.qos.logback.classic.encoder.PatternLayoutEncoder] for [encoder] property
17:41:59,022 |-INFO in ch.qos.logback.classic.joran.action.RootLoggerAction - Setting level of ROOT logger to WARN
17:41:59,022 |-INFO in ch.qos.logback.core.joran.action.AppenderRefAction - Attaching appender named [STDOUT] to Logger[ROOT]
17:41:59,022 |-INFO in ch.qos.logback.classic.joran.action.ConfigurationAction - End of configuration.
17:41:59,024 |-INFO in ch.qos.logback.classic.joran.JoranConfigurator@2f177a4b - Registering current configuration as safe fallback point

449        WARN  main            d.u.i.k.s.ProofSettings   No proof-settings could be loaded, using defaults java.io.FileNotFoundException: /home/runner/.key/proof-settings.props (No such file or directory)
	at java.base/java.io.FileInputStream.open0(Native Method)

Running test simple_info_flow
17:42:00,257 |-INFO in ch.qos.logback.classic.LoggerContext[default] - Could NOT find resource [logback-test.xml]
17:42:00,258 |-INFO in ch.qos.logback.classic.LoggerContext[default] - Found resource [logback.xml] at [file:/home/runner/work/key/key/key.core/build/resources/test/logback.xml]
17:42:00,397 |-INFO in ch.qos.logback.classic.joran.action.ConfigurationAction - debug attribute not set
17:42:00,398 |-INFO in ch.qos.logback.core.joran.action.AppenderAction - About to instantiate appender of type [ch.qos.logback.core.ConsoleAppender]
17:42:00,415 |-INFO in ch.qos.logback.core.joran.action.AppenderAction - Naming appender as [STDOUT]
17:42:00,425 |-ERROR in ch.qos.logback.core.joran.spi.Interpreter@3:15 - no applicable action for [file], current ElementPath  is [[configuration][appender][file]]
17:42:00,426 |-ERROR in ch.qos.logback.core.joran.spi.Interpreter@4:17 - no applicable action for [append], current ElementPath  is [[configuration][appender][append]]
17:42:00,428 |-INFO in ch.qos.logback.core.joran.action.NestedComplexPropertyIA - Assuming default type [ch.qos.logback.classic.encoder.PatternLayoutEncoder] for [encoder] property
17:42:00,466 |-INFO in ch.qos.logback.classic.joran.action.RootLoggerAction - Setting level of ROOT logger to WARN
17:42:00,466 |-INFO in ch.qos.logback.core.joran.action.AppenderRefAction - Attaching appender named [STDOUT] to Logger[ROOT]
17:42:00,466 |-INFO in ch.qos.logback.classic.joran.action.ConfigurationAction - End of configuration.
17:42:00,468 |-INFO in ch.qos.logback.classic.joran.JoranConfigurator@29176cc1 - Registering current configuration as safe fallback point

368        WARN  main            d.u.i.k.s.ProofSettings   No proof-settings could be loaded, using defaults java.io.FileNotFoundException: /home/runner/.key/proof-settings.props (No such file or directory)
	at java.base/java.io.FileInputStream.open0(Native Method)

Running test modelMethods
17:42:01,337 |-INFO in ch.qos.logback.classic.LoggerContext[default] - Could NOT find resource [logback-test.xml]
17:42:01,338 |-INFO in ch.qos.logback.classic.LoggerContext[default] - Found resource [logback.xml] at [file:/home/runner/work/key/key/key.core/build/resources/test/logback.xml]
17:42:01,493 |-INFO in ch.qos.logback.classic.joran.action.ConfigurationAction - debug attribute not set
17:42:01,494 |-INFO in ch.qos.logback.core.joran.action.AppenderAction - About to instantiate appender of type [ch.qos.logback.core.ConsoleAppender]
17:42:01,523 |-INFO in ch.qos.logback.core.joran.action.AppenderAction - Naming appender as [STDOUT]
17:42:01,530 |-ERROR in ch.qos.logback.core.joran.spi.Interpreter@3:15 - no applicable action for [file], current ElementPath  is [[configuration][appender][file]]
17:42:01,530 |-ERROR in ch.qos.logback.core.joran.spi.Interpreter@4:17 - no applicable action for [append], current ElementPath  is [[configuration][appender][append]]
17:42:01,532 |-INFO in ch.qos.logback.core.joran.action.NestedComplexPropertyIA - Assuming default type [ch.qos.logback.classic.encoder.PatternLayoutEncoder] for [encoder] property
17:42:01,558 |-INFO in ch.qos.logback.classic.joran.action.RootLoggerAction - Setting level of ROOT logger to WARN
17:42:01,558 |-INFO in ch.qos.logback.core.joran.action.AppenderRefAction - Attaching appender named [STDOUT] to Logger[ROOT]
17:42:01,559 |-INFO in ch.qos.logback.classic.joran.action.ConfigurationAction - End of configuration.
17:42:01,563 |-INFO in ch.qos.logback.classic.joran.JoranConfigurator@29176cc1 - Registering current configuration as safe fallback point

405        WARN  main            d.u.i.k.s.ProofSettings   No proof-settings could be loaded, using defaults java.io.FileNotFoundException: /home/runner/.key/proof-settings.props (No such file or directory)
	at java.base/java.io.FileInputStream.open0(Native Method)

Running test permissionHeap
17:42:02,748 |-INFO in ch.qos.logback.classic.LoggerContext[default] - Could NOT find resource [logback-test.xml]
17:42:02,749 |-INFO in ch.qos.logback.classic.LoggerContext[default] - Found resource [logback.xml] at [file:/home/runner/work/key/key/key.core/build/resources/test/logback.xml]
17:42:02,881 |-INFO in ch.qos.logback.classic.joran.action.ConfigurationAction - debug attribute not set
17:42:02,882 |-INFO in ch.qos.logback.core.joran.action.AppenderAction - About to instantiate appender of type [ch.qos.logback.core.ConsoleAppender]
17:42:02,893 |-INFO in ch.qos.logback.core.joran.action.AppenderAction - Naming appender as [STDOUT]
17:42:02,899 |-ERROR in ch.qos.logback.core.joran.spi.Interpreter@3:15 - no applicable action for [file], current ElementPath  is [[configuration][appender][file]]
17:42:02,899 |-ERROR in ch.qos.logback.core.joran.spi.Interpreter@4:17 - no applicable action for [append], current ElementPath  is [[configuration][appender][append]]
17:42:02,900 |-INFO in ch.qos.logback.core.joran.action.NestedComplexPropertyIA - Assuming default type [ch.qos.logback.classic.encoder.PatternLayoutEncoder] for [encoder] property
17:42:02,929 |-INFO in ch.qos.logback.classic.joran.action.RootLoggerAction - Setting level of ROOT logger to WARN
17:42:02,929 |-INFO in ch.qos.logback.core.joran.action.AppenderRefAction - Attaching appender named [STDOUT] to Logger[ROOT]
17:42:02,930 |-INFO in ch.qos.logback.classic.joran.action.ConfigurationAction - End of configuration.
17:42:02,931 |-INFO in ch.qos.logback.classic.joran.JoranConfigurator@29176cc1 - Registering current configuration as safe fallback point

345        WARN  main            d.u.i.k.s.ProofSettings   No proof-settings could be loaded, using defaults java.io.FileNotFoundException: /home/runner/.key/proof-settings.props (No such file or directory)
	at java.base/java.io.FileInputStream.open0(Native Method)

Running test completionScopes
17:42:04,414 |-INFO in ch.qos.logback.classic.LoggerContext[default] - Could NOT find resource [logback-test.xml]
17:42:04,422 |-INFO in ch.qos.logback.classic.LoggerContext[default] - Found resource [logback.xml] at [file:/home/runner/work/key/key/key.core/build/resources/test/logback.xml]
17:42:04,546 |-INFO in ch.qos.logback.classic.joran.action.ConfigurationAction - debug attribute not set
17:42:04,547 |-INFO in ch.qos.logback.core.joran.action.AppenderAction - About to instantiate appender of type [ch.qos.logback.core.ConsoleAppender]
17:42:04,560 |-INFO in ch.qos.logback.core.joran.action.AppenderAction - Naming appender as [STDOUT]
17:42:04,566 |-ERROR in ch.qos.logback.core.joran.spi.Interpreter@3:15 - no applicable action for [file], current ElementPath  is [[configuration][appender][file]]
17:42:04,566 |-ERROR in ch.qos.logback.core.joran.spi.Interpreter@4:17 - no applicable action for [append], current ElementPath  is [[configuration][appender][append]]
17:42:04,568 |-INFO in ch.qos.logback.core.joran.action.NestedComplexPropertyIA - Assuming default type [ch.qos.logback.classic.encoder.PatternLayoutEncoder] for [encoder] property
17:42:04,593 |-INFO in ch.qos.logback.classic.joran.action.RootLoggerAction - Setting level of ROOT logger to WARN
17:42:04,593 |-INFO in ch.qos.logback.core.joran.action.AppenderRefAction - Attaching appender named [STDOUT] to Logger[ROOT]
17:42:04,594 |-INFO in ch.qos.logback.classic.joran.action.ConfigurationAction - End of configuration.
17:42:04,596 |-INFO in ch.qos.logback.classic.joran.JoranConfigurator@29176cc1 - Registering current configuration as safe fallback point

340        WARN  main            d.u.i.k.s.ProofSettings   No proof-settings could be loaded, using defaults java.io.FileNotFoundException: /home/runner/.key/proof-settings.props (No such file or directory)
	at java.base/java.io.FileInputStream.open0(Native Method)

Running test reload_examples
17:42:05,576 |-INFO in ch.qos.logback.classic.LoggerContext[default] - Could NOT find resource [logback-test.xml]
17:42:05,577 |-INFO in ch.qos.logback.classic.LoggerContext[default] - Found resource [logback.xml] at [file:/home/runner/work/key/key/key.core/build/resources/test/logback.xml]
17:42:05,698 |-INFO in ch.qos.logback.classic.joran.action.ConfigurationAction - debug attribute not set
17:42:05,698 |-INFO in ch.qos.logback.core.joran.action.AppenderAction - About to instantiate appender of type [ch.qos.logback.core.ConsoleAppender]
17:42:05,717 |-INFO in ch.qos.logback.core.joran.action.AppenderAction - Naming appender as [STDOUT]
17:42:05,727 |-ERROR in ch.qos.logback.core.joran.spi.Interpreter@3:15 - no applicable action for [file], current ElementPath  is [[configuration][appender][file]]
17:42:05,728 |-ERROR in ch.qos.logback.core.joran.spi.Interpreter@4:17 - no applicable action for [append], current ElementPath  is [[configuration][appender][append]]
17:42:05,729 |-INFO in ch.qos.logback.core.joran.action.NestedComplexPropertyIA - Assuming default type [ch.qos.logback.classic.encoder.PatternLayoutEncoder] for [encoder] property
17:42:05,758 |-INFO in ch.qos.logback.classic.joran.action.RootLoggerAction - Setting level of ROOT logger to WARN
17:42:05,758 |-INFO in ch.qos.logback.core.joran.action.AppenderRefAction - Attaching appender named [STDOUT] to Logger[ROOT]
17:42:05,758 |-INFO in ch.qos.logback.classic.joran.action.ConfigurationAction - End of configuration.
17:42:05,760 |-INFO in ch.qos.logback.classic.joran.JoranConfigurator@29176cc1 - Registering current configuration as safe fallback point

349        WARN  main            d.u.i.k.s.ProofSettings   No proof-settings could be loaded, using defaults java.io.FileNotFoundException: /home/runner/.key/proof-settings.props (No such file or directory)
	at java.base/java.io.FileInputStream.open0(Native Method)

Running test proofLoadRepair
17:42:06,751 |-INFO in ch.qos.logback.classic.LoggerContext[default] - Could NOT find resource [logback-test.xml]
17:42:06,752 |-INFO in ch.qos.logback.classic.LoggerContext[default] - Found resource [logback.xml] at [file:/home/runner/work/key/key/key.core/build/resources/test/logback.xml]
17:42:06,899 |-INFO in ch.qos.logback.classic.joran.action.ConfigurationAction - debug attribute not set
17:42:06,899 |-INFO in ch.qos.logback.core.joran.action.AppenderAction - About to instantiate appender of type [ch.qos.logback.core.ConsoleAppender]
17:42:06,916 |-INFO in ch.qos.logback.core.joran.action.AppenderAction - Naming appender as [STDOUT]
17:42:06,921 |-ERROR in ch.qos.logback.core.joran.spi.Interpreter@3:15 - no applicable action for [file], current ElementPath  is [[configuration][appender][file]]
17:42:06,922 |-ERROR in ch.qos.logback.core.joran.spi.Interpreter@4:17 - no applicable action for [append], current ElementPath  is [[configuration][appender][append]]
17:42:06,923 |-INFO in ch.qos.logback.core.joran.action.NestedComplexPropertyIA - Assuming default type [ch.qos.logback.classic.encoder.PatternLayoutEncoder] for [encoder] property
17:42:06,948 |-INFO in ch.qos.logback.classic.joran.action.RootLoggerAction - Setting level of ROOT logger to WARN
17:42:06,948 |-INFO in ch.qos.logback.core.joran.action.AppenderRefAction - Attaching appender named [STDOUT] to Logger[ROOT]
17:42:06,949 |-INFO in ch.qos.logback.classic.joran.action.ConfigurationAction - End of configuration.
17:42:06,950 |-INFO in ch.qos.logback.classic.joran.JoranConfigurator@29176cc1 - Registering current configuration as safe fallback point

363        WARN  main            d.u.i.k.s.ProofSettings   No proof-settings could be loaded, using defaults java.io.FileNotFoundException: /home/runner/.key/proof-settings.props (No such file or directory)
	at java.base/java.io.FileInputStream.open0(Native Method)

Running test switch
17:42:07,907 |-INFO in ch.qos.logback.classic.LoggerContext[default] - Could NOT find resource [logback-test.xml]
17:42:07,908 |-INFO in ch.qos.logback.classic.LoggerContext[default] - Found resource [logback.xml] at [file:/home/runner/work/key/key/key.core/build/resources/test/logback.xml]
17:42:08,029 |-INFO in ch.qos.logback.classic.joran.action.ConfigurationAction - debug attribute not set
17:42:08,030 |-INFO in ch.qos.logback.core.joran.action.AppenderAction - About to instantiate appender of type [ch.qos.logback.core.ConsoleAppender]
17:42:08,043 |-INFO in ch.qos.logback.core.joran.action.AppenderAction - Naming appender as [STDOUT]
17:42:08,049 |-ERROR in ch.qos.logback.core.joran.spi.Interpreter@3:15 - no applicable action for [file], current ElementPath  is [[configuration][appender][file]]
17:42:08,049 |-ERROR in ch.qos.logback.core.joran.spi.Interpreter@4:17 - no applicable action for [append], current ElementPath  is [[configuration][appender][append]]
17:42:08,052 |-INFO in ch.qos.logback.core.joran.action.NestedComplexPropertyIA - Assuming default type [ch.qos.logback.classic.encoder.PatternLayoutEncoder] for [encoder] property
17:42:08,079 |-INFO in ch.qos.logback.classic.joran.action.RootLoggerAction - Setting level of ROOT logger to WARN
17:42:08,079 |-INFO in ch.qos.logback.core.joran.action.AppenderRefAction - Attaching appender named [STDOUT] to Logger[ROOT]
17:42:08,080 |-INFO in ch.qos.logback.classic.joran.action.ConfigurationAction - End of configuration.
17:42:08,082 |-INFO in ch.qos.logback.classic.joran.JoranConfigurator@29176cc1 - Registering current configuration as safe fallback point

362        WARN  main            d.u.i.k.s.ProofSettings   No proof-settings could be loaded, using defaults java.io.FileNotFoundException: /home/runner/.key/proof-settings.props (No such file or directory)
	at java.base/java.io.FileInputStream.open0(Native Method)

Running test redux
17:42:09,159 |-INFO in ch.qos.logback.classic.LoggerContext[default] - Could NOT find resource [logback-test.xml]
17:42:09,160 |-INFO in ch.qos.logback.classic.LoggerContext[default] - Found resource [logback.xml] at [file:/home/runner/work/key/key/key.core/build/resources/test/logback.xml]
17:42:09,291 |-INFO in ch.qos.logback.classic.joran.action.ConfigurationAction - debug attribute not set
17:42:09,291 |-INFO in ch.qos.logback.core.joran.action.AppenderAction - About to instantiate appender of type [ch.qos.logback.core.ConsoleAppender]
17:42:09,310 |-INFO in ch.qos.logback.core.joran.action.AppenderAction - Naming appender as [STDOUT]
17:42:09,317 |-ERROR in ch.qos.logback.core.joran.spi.Interpreter@3:15 - no applicable action for [file], current ElementPath  is [[configuration][appender][file]]
17:42:09,318 |-ERROR in ch.qos.logback.core.joran.spi.Interpreter@4:17 - no applicable action for [append], current ElementPath  is [[configuration][appender][append]]
17:42:09,323 |-INFO in ch.qos.logback.core.joran.action.NestedComplexPropertyIA - Assuming default type [ch.qos.logback.classic.encoder.PatternLayoutEncoder] for [encoder] property
17:42:09,355 |-INFO in ch.qos.logback.classic.joran.action.RootLoggerAction - Setting level of ROOT logger to WARN
17:42:09,355 |-INFO in ch.qos.logback.core.joran.action.AppenderRefAction - Attaching appender named [STDOUT] to Logger[ROOT]
17:42:09,355 |-INFO in ch.qos.logback.classic.joran.action.ConfigurationAction - End of configuration.
17:42:09,358 |-INFO in ch.qos.logback.classic.joran.JoranConfigurator@29176cc1 - Registering current configuration as safe fallback point

365        WARN  main            d.u.i.k.s.ProofSettings   No proof-settings could be loaded, using defaults java.io.FileNotFoundException: /home/runner/.key/proof-settings.props (No such file or directory)
	at java.base/java.io.FileInputStream.open0(Native Method)

]]></system-out>
  <system-err><![CDATA[Timeout watcher launched (2000 secs.)
Could not find rule file rules/intRulesCheckedSemantics.key (file: /home/runner/work/key/key/key.core/../key.ui/examples/index/.././newBook/09.list_modelfield/ArrayList.add.key; caused by: de.uka.ilkd.key.proof.init.ProofInputException: Could not find rule file rules/intRulesCheckedSemantics.key)
	at de.uka.ilkd.key.control.AbstractUserInterfaceControl.load(AbstractUserInterfaceControl.java:221)
	at de.uka.ilkd.key.control.KeYEnvironment.load(KeYEnvironment.java:251)
	at de.uka.ilkd.key.control.KeYEnvironment.load(KeYEnvironment.java:224)
	at de.uka.ilkd.key.control.KeYEnvironment.load(KeYEnvironment.java:184)
	at de.uka.ilkd.key.control.KeYEnvironment.load(KeYEnvironment.java:261)
	at de.uka.ilkd.key.proof.runallproofs.proofcollection.TestFile.load(TestFile.java:270)
	at de.uka.ilkd.key.proof.runallproofs.proofcollection.TestFile.runKey(TestFile.java:160)
	at de.uka.ilkd.key.proof.runallproofs.proofcollection.ForkedTestFileRunner.main(ForkedTestFileRunner.java:171)
Caused by: de.uka.ilkd.key.proof.init.ProofInputException: Could not find rule file rules/intRulesCheckedSemantics.key
	at de.uka.ilkd.key.proof.io.KeYFile.readIncludes(KeYFile.java:210)
	at de.uka.ilkd.key.proof.init.ProblemInitializer.readIncludes(ProblemInitializer.java:177)
	at de.uka.ilkd.key.proof.init.ProblemInitializer.readEnvInput(ProblemInitializer.java:325)
	at de.uka.ilkd.key.proof.init.ProblemInitializer.prepare(ProblemInitializer.java:449)
	at de.uka.ilkd.key.proof.io.AbstractProblemLoader.createInitConfig(AbstractProblemLoader.java:518)
	at de.uka.ilkd.key.proof.io.AbstractProblemLoader.loadEnvironment(AbstractProblemLoader.java:288)
	at de.uka.ilkd.key.proof.io.AbstractProblemLoader.load(AbstractProblemLoader.java:252)
	at de.uka.ilkd.key.control.AbstractUserInterfaceControl.load(AbstractUserInterfaceControl.java:209)
	... 7 more
Caused by: java.lang.RuntimeException: Could not find rule file rules/intRulesCheckedSemantics.key
	at de.uka.ilkd.key.proof.io.RuleSourceFactory.fromBuiltInRule(RuleSourceFactory.java:32)
	at de.uka.ilkd.key.proof.io.RuleSourceFactory.fromDefaultLocation(RuleSourceFactory.java:21)
	at de.uka.ilkd.key.nparser.builder.IncludeFinder.addInclude(IncludeFinder.java:63)
	at de.uka.ilkd.key.nparser.builder.IncludeFinder.visitOne_include(IncludeFinder.java:43)
	at de.uka.ilkd.key.nparser.builder.IncludeFinder.visitOne_include(IncludeFinder.java:20)
	at de.uka.ilkd.key.nparser.KeYParser$One_includeContext.accept(KeYParser.java:878)
	at de.uka.ilkd.key.nparser.builder.AbstractBuilder.lambda$mapOf$0(AbstractBuilder.java:112)
	at java.base/java.util.stream.ReferencePipeline$3$1.accept(ReferencePipeline.java:195)
	at java.base/java.util.ArrayList$ArrayListSpliterator.forEachRemaining(ArrayList.java:1655)
	at java.base/java.util.stream.AbstractPipeline.copyInto(AbstractPipeline.java:484)
	at java.base/java.util.stream.AbstractPipeline.wrapAndCopyInto(AbstractPipeline.java:474)
	at java.base/java.util.stream.ReduceOps$ReduceOp.evaluateSequential(ReduceOps.java:913)
	at java.base/java.util.stream.AbstractPipeline.evaluate(AbstractPipeline.java:234)
	at java.base/java.util.stream.ReferencePipeline.collect(ReferencePipeline.java:578)
	at de.uka.ilkd.key.nparser.builder.AbstractBuilder.mapOf(AbstractBuilder.java:112)
	at de.uka.ilkd.key.nparser.builder.IncludeFinder.visitOne_include_statement(IncludeFinder.java:35)
	at de.uka.ilkd.key.nparser.builder.IncludeFinder.visitOne_include_statement(IncludeFinder.java:20)
	at de.uka.ilkd.key.nparser.KeYParser$One_include_statementContext.accept(KeYParser.java:802)
	at org.antlr.v4.runtime.tree.AbstractParseTreeVisitor.visitChildren(AbstractParseTreeVisitor.java:46)
	at de.uka.ilkd.key.nparser.KeYParserBaseVisitor.visitDecls(KeYParserBaseVisitor.java:30)
	at de.uka.ilkd.key.nparser.KeYParser$DeclsContext.accept(KeYParser.java:500)
	at org.antlr.v4.runtime.tree.AbstractParseTreeVisitor.visitChildren(AbstractParseTreeVisitor.java:46)
	at de.uka.ilkd.key.nparser.KeYParserBaseVisitor.visitFile(KeYParserBaseVisitor.java:23)
	at de.uka.ilkd.key.nparser.KeYParser$FileContext.accept(KeYParser.java:306)
	at de.uka.ilkd.key.nparser.KeyAst.accept(KeyAst.java:41)
	at de.uka.ilkd.key.nparser.KeyAst$File.getIncludes(KeyAst.java:76)
	at de.uka.ilkd.key.proof.io.KeYFile.readIncludes(KeYFile.java:208)
	... 14 more
Could not find rule file rules/intRulesCheckedSemantics.key (file: /home/runner/work/key/key/key.core/../key.ui/examples/index/.././newBook/09.list_modelfield/ArrayList.remFirst.key; caused by: de.uka.ilkd.key.proof.init.ProofInputException: Could not find rule file rules/intRulesCheckedSemantics.key)
	at de.uka.ilkd.key.control.AbstractUserInterfaceControl.load(AbstractUserInterfaceControl.java:221)
	at de.uka.ilkd.key.control.KeYEnvironment.load(KeYEnvironment.java:251)
	at de.uka.ilkd.key.control.KeYEnvironment.load(KeYEnvironment.java:224)
	at de.uka.ilkd.key.control.KeYEnvironment.load(KeYEnvironment.java:184)
	at de.uka.ilkd.key.control.KeYEnvironment.load(KeYEnvironment.java:261)
	at de.uka.ilkd.key.proof.runallproofs.proofcollection.TestFile.load(TestFile.java:270)
	at de.uka.ilkd.key.proof.runallproofs.proofcollection.TestFile.runKey(TestFile.java:160)
	at de.uka.ilkd.key.proof.runallproofs.proofcollection.ForkedTestFileRunner.main(ForkedTestFileRunner.java:171)
Caused by: de.uka.ilkd.key.proof.init.ProofInputException: Could not find rule file rules/intRulesCheckedSemantics.key
	at de.uka.ilkd.key.proof.io.KeYFile.readIncludes(KeYFile.java:210)
	at de.uka.ilkd.key.proof.init.ProblemInitializer.readIncludes(ProblemInitializer.java:177)
	at de.uka.ilkd.key.proof.init.ProblemInitializer.readEnvInput(ProblemInitializer.java:325)
	at de.uka.ilkd.key.proof.init.ProblemInitializer.prepare(ProblemInitializer.java:449)
	at de.uka.ilkd.key.proof.io.AbstractProblemLoader.createInitConfig(AbstractProblemLoader.java:518)
	at de.uka.ilkd.key.proof.io.AbstractProblemLoader.loadEnvironment(AbstractProblemLoader.java:288)
	at de.uka.ilkd.key.proof.io.AbstractProblemLoader.load(AbstractProblemLoader.java:252)
	at de.uka.ilkd.key.control.AbstractUserInterfaceControl.load(AbstractUserInterfaceControl.java:209)
	... 7 more
Caused by: java.lang.RuntimeException: Could not find rule file rules/intRulesCheckedSemantics.key
	at de.uka.ilkd.key.proof.io.RuleSourceFactory.fromBuiltInRule(RuleSourceFactory.java:32)
	at de.uka.ilkd.key.proof.io.RuleSourceFactory.fromDefaultLocation(RuleSourceFactory.java:21)
	at de.uka.ilkd.key.nparser.builder.IncludeFinder.addInclude(IncludeFinder.java:63)
	at de.uka.ilkd.key.nparser.builder.IncludeFinder.visitOne_include(IncludeFinder.java:43)
	at de.uka.ilkd.key.nparser.builder.IncludeFinder.visitOne_include(IncludeFinder.java:20)
	at de.uka.ilkd.key.nparser.KeYParser$One_includeContext.accept(KeYParser.java:878)
	at de.uka.ilkd.key.nparser.builder.AbstractBuilder.lambda$mapOf$0(AbstractBuilder.java:112)
	at java.base/java.util.stream.ReferencePipeline$3$1.accept(ReferencePipeline.java:195)
	at java.base/java.util.ArrayList$ArrayListSpliterator.forEachRemaining(ArrayList.java:1655)
	at java.base/java.util.stream.AbstractPipeline.copyInto(AbstractPipeline.java:484)
	at java.base/java.util.stream.AbstractPipeline.wrapAndCopyInto(AbstractPipeline.java:474)
	at java.base/java.util.stream.ReduceOps$ReduceOp.evaluateSequential(ReduceOps.java:913)
	at java.base/java.util.stream.AbstractPipeline.evaluate(AbstractPipeline.java:234)
	at java.base/java.util.stream.ReferencePipeline.collect(ReferencePipeline.java:578)
	at de.uka.ilkd.key.nparser.builder.AbstractBuilder.mapOf(AbstractBuilder.java:112)
	at de.uka.ilkd.key.nparser.builder.IncludeFinder.visitOne_include_statement(IncludeFinder.java:35)
	at de.uka.ilkd.key.nparser.builder.IncludeFinder.visitOne_include_statement(IncludeFinder.java:20)
	at de.uka.ilkd.key.nparser.KeYParser$One_include_statementContext.accept(KeYParser.java:802)
	at org.antlr.v4.runtime.tree.AbstractParseTreeVisitor.visitChildren(AbstractParseTreeVisitor.java:46)
	at de.uka.ilkd.key.nparser.KeYParserBaseVisitor.visitDecls(KeYParserBaseVisitor.java:30)
	at de.uka.ilkd.key.nparser.KeYParser$DeclsContext.accept(KeYParser.java:500)
	at org.antlr.v4.runtime.tree.AbstractParseTreeVisitor.visitChildren(AbstractParseTreeVisitor.java:46)
	at de.uka.ilkd.key.nparser.KeYParserBaseVisitor.visitFile(KeYParserBaseVisitor.java:23)
	at de.uka.ilkd.key.nparser.KeYParser$FileContext.accept(KeYParser.java:306)
	at de.uka.ilkd.key.nparser.KeyAst.accept(KeyAst.java:41)
	at de.uka.ilkd.key.nparser.KeyAst$File.getIncludes(KeyAst.java:76)
	at de.uka.ilkd.key.proof.io.KeYFile.readIncludes(KeYFile.java:208)
	... 14 more
Could not find rule file rules/intRulesCheckedSemantics.key (file: /home/runner/work/key/key/key.core/../key.ui/examples/index/.././newBook/09.list_modelfield/ArrayList.empty.key; caused by: de.uka.ilkd.key.proof.init.ProofInputException: Could not find rule file rules/intRulesCheckedSemantics.key)
	at de.uka.ilkd.key.control.AbstractUserInterfaceControl.load(AbstractUserInterfaceControl.java:221)
	at de.uka.ilkd.key.control.KeYEnvironment.load(KeYEnvironment.java:251)
	at de.uka.ilkd.key.control.KeYEnvironment.load(KeYEnvironment.java:224)
	at de.uka.ilkd.key.control.KeYEnvironment.load(KeYEnvironment.java:184)
	at de.uka.ilkd.key.control.KeYEnvironment.load(KeYEnvironment.java:261)
	at de.uka.ilkd.key.proof.runallproofs.proofcollection.TestFile.load(TestFile.java:270)
	at de.uka.ilkd.key.proof.runallproofs.proofcollection.TestFile.runKey(TestFile.java:160)
	at de.uka.ilkd.key.proof.runallproofs.proofcollection.ForkedTestFileRunner.main(ForkedTestFileRunner.java:171)
Caused by: de.uka.ilkd.key.proof.init.ProofInputException: Could not find rule file rules/intRulesCheckedSemantics.key
	at de.uka.ilkd.key.proof.io.KeYFile.readIncludes(KeYFile.java:210)
	at de.uka.ilkd.key.proof.init.ProblemInitializer.readIncludes(ProblemInitializer.java:177)
	at de.uka.ilkd.key.proof.init.ProblemInitializer.readEnvInput(ProblemInitializer.java:325)
	at de.uka.ilkd.key.proof.init.ProblemInitializer.prepare(ProblemInitializer.java:449)
	at de.uka.ilkd.key.proof.io.AbstractProblemLoader.createInitConfig(AbstractProblemLoader.java:518)
	at de.uka.ilkd.key.proof.io.AbstractProblemLoader.loadEnvironment(AbstractProblemLoader.java:288)
	at de.uka.ilkd.key.proof.io.AbstractProblemLoader.load(AbstractProblemLoader.java:252)
	at de.uka.ilkd.key.control.AbstractUserInterfaceControl.load(AbstractUserInterfaceControl.java:209)
	... 7 more
Caused by: java.lang.RuntimeException: Could not find rule file rules/intRulesCheckedSemantics.key
	at de.uka.ilkd.key.proof.io.RuleSourceFactory.fromBuiltInRule(RuleSourceFactory.java:32)
	at de.uka.ilkd.key.proof.io.RuleSourceFactory.fromDefaultLocation(RuleSourceFactory.java:21)
	at de.uka.ilkd.key.nparser.builder.IncludeFinder.addInclude(IncludeFinder.java:63)
	at de.uka.ilkd.key.nparser.builder.IncludeFinder.visitOne_include(IncludeFinder.java:43)
	at de.uka.ilkd.key.nparser.builder.IncludeFinder.visitOne_include(IncludeFinder.java:20)
	at de.uka.ilkd.key.nparser.KeYParser$One_includeContext.accept(KeYParser.java:878)
	at de.uka.ilkd.key.nparser.builder.AbstractBuilder.lambda$mapOf$0(AbstractBuilder.java:112)
	at java.base/java.util.stream.ReferencePipeline$3$1.accept(ReferencePipeline.java:195)
	at java.base/java.util.ArrayList$ArrayListSpliterator.forEachRemaining(ArrayList.java:1655)
	at java.base/java.util.stream.AbstractPipeline.copyInto(AbstractPipeline.java:484)
	at java.base/java.util.stream.AbstractPipeline.wrapAndCopyInto(AbstractPipeline.java:474)
	at java.base/java.util.stream.ReduceOps$ReduceOp.evaluateSequential(ReduceOps.java:913)
	at java.base/java.util.stream.AbstractPipeline.evaluate(AbstractPipeline.java:234)
	at java.base/java.util.stream.ReferencePipeline.collect(ReferencePipeline.java:578)
	at de.uka.ilkd.key.nparser.builder.AbstractBuilder.mapOf(AbstractBuilder.java:112)
	at de.uka.ilkd.key.nparser.builder.IncludeFinder.visitOne_include_statement(IncludeFinder.java:35)
	at de.uka.ilkd.key.nparser.builder.IncludeFinder.visitOne_include_statement(IncludeFinder.java:20)
	at de.uka.ilkd.key.nparser.KeYParser$One_include_statementContext.accept(KeYParser.java:802)
	at org.antlr.v4.runtime.tree.AbstractParseTreeVisitor.visitChildren(AbstractParseTreeVisitor.java:46)
	at de.uka.ilkd.key.nparser.KeYParserBaseVisitor.visitDecls(KeYParserBaseVisitor.java:30)
	at de.uka.ilkd.key.nparser.KeYParser$DeclsContext.accept(KeYParser.java:500)
	at org.antlr.v4.runtime.tree.AbstractParseTreeVisitor.visitChildren(AbstractParseTreeVisitor.java:46)
	at de.uka.ilkd.key.nparser.KeYParserBaseVisitor.visitFile(KeYParserBaseVisitor.java:23)
	at de.uka.ilkd.key.nparser.KeYParser$FileContext.accept(KeYParser.java:306)
	at de.uka.ilkd.key.nparser.KeyAst.accept(KeyAst.java:41)
	at de.uka.ilkd.key.nparser.KeyAst$File.getIncludes(KeyAst.java:76)
	at de.uka.ilkd.key.proof.io.KeYFile.readIncludes(KeYFile.java:208)
	... 14 more
Could not find rule file rules/intRulesCheckedSemantics.key (file: /home/runner/work/key/key/key.core/../key.ui/examples/index/.././newBook/09.list_modelfield/ArrayList.size.key; caused by: de.uka.ilkd.key.proof.init.ProofInputException: Could not find rule file rules/intRulesCheckedSemantics.key)
	at de.uka.ilkd.key.control.AbstractUserInterfaceControl.load(AbstractUserInterfaceControl.java:221)
	at de.uka.ilkd.key.control.KeYEnvironment.load(KeYEnvironment.java:251)
	at de.uka.ilkd.key.control.KeYEnvironment.load(KeYEnvironment.java:224)
	at de.uka.ilkd.key.control.KeYEnvironment.load(KeYEnvironment.java:184)
	at de.uka.ilkd.key.control.KeYEnvironment.load(KeYEnvironment.java:261)
	at de.uka.ilkd.key.proof.runallproofs.proofcollection.TestFile.load(TestFile.java:270)
	at de.uka.ilkd.key.proof.runallproofs.proofcollection.TestFile.runKey(TestFile.java:160)
	at de.uka.ilkd.key.proof.runallproofs.proofcollection.ForkedTestFileRunner.main(ForkedTestFileRunner.java:171)
Caused by: de.uka.ilkd.key.proof.init.ProofInputException: Could not find rule file rules/intRulesCheckedSemantics.key
	at de.uka.ilkd.key.proof.io.KeYFile.readIncludes(KeYFile.java:210)
	at de.uka.ilkd.key.proof.init.ProblemInitializer.readIncludes(ProblemInitializer.java:177)
	at de.uka.ilkd.key.proof.init.ProblemInitializer.readEnvInput(ProblemInitializer.java:325)
	at de.uka.ilkd.key.proof.init.ProblemInitializer.prepare(ProblemInitializer.java:449)
	at de.uka.ilkd.key.proof.io.AbstractProblemLoader.createInitConfig(AbstractProblemLoader.java:518)
	at de.uka.ilkd.key.proof.io.AbstractProblemLoader.loadEnvironment(AbstractProblemLoader.java:288)
	at de.uka.ilkd.key.proof.io.AbstractProblemLoader.load(AbstractProblemLoader.java:252)
	at de.uka.ilkd.key.control.AbstractUserInterfaceControl.load(AbstractUserInterfaceControl.java:209)
	... 7 more
Caused by: java.lang.RuntimeException: Could not find rule file rules/intRulesCheckedSemantics.key
	at de.uka.ilkd.key.proof.io.RuleSourceFactory.fromBuiltInRule(RuleSourceFactory.java:32)
	at de.uka.ilkd.key.proof.io.RuleSourceFactory.fromDefaultLocation(RuleSourceFactory.java:21)
	at de.uka.ilkd.key.nparser.builder.IncludeFinder.addInclude(IncludeFinder.java:63)
	at de.uka.ilkd.key.nparser.builder.IncludeFinder.visitOne_include(IncludeFinder.java:43)
	at de.uka.ilkd.key.nparser.builder.IncludeFinder.visitOne_include(IncludeFinder.java:20)
	at de.uka.ilkd.key.nparser.KeYParser$One_includeContext.accept(KeYParser.java:878)
	at de.uka.ilkd.key.nparser.builder.AbstractBuilder.lambda$mapOf$0(AbstractBuilder.java:112)
	at java.base/java.util.stream.ReferencePipeline$3$1.accept(ReferencePipeline.java:195)
	at java.base/java.util.ArrayList$ArrayListSpliterator.forEachRemaining(ArrayList.java:1655)
	at java.base/java.util.stream.AbstractPipeline.copyInto(AbstractPipeline.java:484)
	at java.base/java.util.stream.AbstractPipeline.wrapAndCopyInto(AbstractPipeline.java:474)
	at java.base/java.util.stream.ReduceOps$ReduceOp.evaluateSequential(ReduceOps.java:913)
	at java.base/java.util.stream.AbstractPipeline.evaluate(AbstractPipeline.java:234)
	at java.base/java.util.stream.ReferencePipeline.collect(ReferencePipeline.java:578)
	at de.uka.ilkd.key.nparser.builder.AbstractBuilder.mapOf(AbstractBuilder.java:112)
	at de.uka.ilkd.key.nparser.builder.IncludeFinder.visitOne_include_statement(IncludeFinder.java:35)
	at de.uka.ilkd.key.nparser.builder.IncludeFinder.visitOne_include_statement(IncludeFinder.java:20)
	at de.uka.ilkd.key.nparser.KeYParser$One_include_statementContext.accept(KeYParser.java:802)
	at org.antlr.v4.runtime.tree.AbstractParseTreeVisitor.visitChildren(AbstractParseTreeVisitor.java:46)
	at de.uka.ilkd.key.nparser.KeYParserBaseVisitor.visitDecls(KeYParserBaseVisitor.java:30)
	at de.uka.ilkd.key.nparser.KeYParser$DeclsContext.accept(KeYParser.java:500)
	at org.antlr.v4.runtime.tree.AbstractParseTreeVisitor.visitChildren(AbstractParseTreeVisitor.java:46)
	at de.uka.ilkd.key.nparser.KeYParserBaseVisitor.visitFile(KeYParserBaseVisitor.java:23)
	at de.uka.ilkd.key.nparser.KeYParser$FileContext.accept(KeYParser.java:306)
	at de.uka.ilkd.key.nparser.KeyAst.accept(KeyAst.java:41)
	at de.uka.ilkd.key.nparser.KeyAst$File.getIncludes(KeyAst.java:76)
	at de.uka.ilkd.key.proof.io.KeYFile.readIncludes(KeYFile.java:208)
	... 14 more
Could not find rule file rules/intRulesCheckedSemantics.key (file: /home/runner/work/key/key/key.core/../key.ui/examples/index/.././newBook/09.list_modelfield/ArrayList.get.key; caused by: de.uka.ilkd.key.proof.init.ProofInputException: Could not find rule file rules/intRulesCheckedSemantics.key)
	at de.uka.ilkd.key.control.AbstractUserInterfaceControl.load(AbstractUserInterfaceControl.java:221)
	at de.uka.ilkd.key.control.KeYEnvironment.load(KeYEnvironment.java:251)
	at de.uka.ilkd.key.control.KeYEnvironment.load(KeYEnvironment.java:224)
	at de.uka.ilkd.key.control.KeYEnvironment.load(KeYEnvironment.java:184)
	at de.uka.ilkd.key.control.KeYEnvironment.load(KeYEnvironment.java:261)
	at de.uka.ilkd.key.proof.runallproofs.proofcollection.TestFile.load(TestFile.java:270)
	at de.uka.ilkd.key.proof.runallproofs.proofcollection.TestFile.runKey(TestFile.java:160)
	at de.uka.ilkd.key.proof.runallproofs.proofcollection.ForkedTestFileRunner.main(ForkedTestFileRunner.java:171)
Caused by: de.uka.ilkd.key.proof.init.ProofInputException: Could not find rule file rules/intRulesCheckedSemantics.key
	at de.uka.ilkd.key.proof.io.KeYFile.readIncludes(KeYFile.java:210)
	at de.uka.ilkd.key.proof.init.ProblemInitializer.readIncludes(ProblemInitializer.java:177)
	at de.uka.ilkd.key.proof.init.ProblemInitializer.readEnvInput(ProblemInitializer.java:325)
	at de.uka.ilkd.key.proof.init.ProblemInitializer.prepare(ProblemInitializer.java:449)
	at de.uka.ilkd.key.proof.io.AbstractProblemLoader.createInitConfig(AbstractProblemLoader.java:518)
	at de.uka.ilkd.key.proof.io.AbstractProblemLoader.loadEnvironment(AbstractProblemLoader.java:288)
	at de.uka.ilkd.key.proof.io.AbstractProblemLoader.load(AbstractProblemLoader.java:252)
	at de.uka.ilkd.key.control.AbstractUserInterfaceControl.load(AbstractUserInterfaceControl.java:209)
	... 7 more
Caused by: java.lang.RuntimeException: Could not find rule file rules/intRulesCheckedSemantics.key
	at de.uka.ilkd.key.proof.io.RuleSourceFactory.fromBuiltInRule(RuleSourceFactory.java:32)
	at de.uka.ilkd.key.proof.io.RuleSourceFactory.fromDefaultLocation(RuleSourceFactory.java:21)
	at de.uka.ilkd.key.nparser.builder.IncludeFinder.addInclude(IncludeFinder.java:63)
	at de.uka.ilkd.key.nparser.builder.IncludeFinder.visitOne_include(IncludeFinder.java:43)
	at de.uka.ilkd.key.nparser.builder.IncludeFinder.visitOne_include(IncludeFinder.java:20)
	at de.uka.ilkd.key.nparser.KeYParser$One_includeContext.accept(KeYParser.java:878)
	at de.uka.ilkd.key.nparser.builder.AbstractBuilder.lambda$mapOf$0(AbstractBuilder.java:112)
	at java.base/java.util.stream.ReferencePipeline$3$1.accept(ReferencePipeline.java:195)
	at java.base/java.util.ArrayList$ArrayListSpliterator.forEachRemaining(ArrayList.java:1655)
	at java.base/java.util.stream.AbstractPipeline.copyInto(AbstractPipeline.java:484)
	at java.base/java.util.stream.AbstractPipeline.wrapAndCopyInto(AbstractPipeline.java:474)
	at java.base/java.util.stream.ReduceOps$ReduceOp.evaluateSequential(ReduceOps.java:913)
	at java.base/java.util.stream.AbstractPipeline.evaluate(AbstractPipeline.java:234)
	at java.base/java.util.stream.ReferencePipeline.collect(ReferencePipeline.java:578)
	at de.uka.ilkd.key.nparser.builder.AbstractBuilder.mapOf(AbstractBuilder.java:112)
	at de.uka.ilkd.key.nparser.builder.IncludeFinder.visitOne_include_statement(IncludeFinder.java:35)
	at de.uka.ilkd.key.nparser.builder.IncludeFinder.visitOne_include_statement(IncludeFinder.java:20)
	at de.uka.ilkd.key.nparser.KeYParser$One_include_statementContext.accept(KeYParser.java:802)
	at org.antlr.v4.runtime.tree.AbstractParseTreeVisitor.visitChildren(AbstractParseTreeVisitor.java:46)
	at de.uka.ilkd.key.nparser.KeYParserBaseVisitor.visitDecls(KeYParserBaseVisitor.java:30)
	at de.uka.ilkd.key.nparser.KeYParser$DeclsContext.accept(KeYParser.java:500)
	at org.antlr.v4.runtime.tree.AbstractParseTreeVisitor.visitChildren(AbstractParseTreeVisitor.java:46)
	at de.uka.ilkd.key.nparser.KeYParserBaseVisitor.visitFile(KeYParserBaseVisitor.java:23)
	at de.uka.ilkd.key.nparser.KeYParser$FileContext.accept(KeYParser.java:306)
	at de.uka.ilkd.key.nparser.KeyAst.accept(KeyAst.java:41)
	at de.uka.ilkd.key.nparser.KeyAst$File.getIncludes(KeyAst.java:76)
	at de.uka.ilkd.key.proof.io.KeYFile.readIncludes(KeYFile.java:208)
	... 14 more
Exception in thread "main" org.opentest4j.AssertionFailedError: Exception during the execution of proofs. See log for more details.
	at org.junit.jupiter.api.AssertionUtils.fail(AssertionUtils.java:39)
	at org.junit.jupiter.api.Assertions.fail(Assertions.java:134)
	at de.uka.ilkd.key.proof.runallproofs.proofcollection.ForkedTestFileRunner.main(ForkedTestFileRunner.java:192)
Timeout watcher launched (2000 secs.)
Could not find rule file rules/intRulesCheckedSemantics.key (file: /home/runner/work/key/key/key.core/../key.ui/examples/index/.././standard_key/BookExamples/02FirstOrderLogic/Ex2.58.key; caused by: de.uka.ilkd.key.proof.init.ProofInputException: Could not find rule file rules/intRulesCheckedSemantics.key)
	at de.uka.ilkd.key.control.AbstractUserInterfaceControl.load(AbstractUserInterfaceControl.java:221)
	at de.uka.ilkd.key.control.KeYEnvironment.load(KeYEnvironment.java:251)
	at de.uka.ilkd.key.control.KeYEnvironment.load(KeYEnvironment.java:224)
	at de.uka.ilkd.key.control.KeYEnvironment.load(KeYEnvironment.java:184)
	at de.uka.ilkd.key.control.KeYEnvironment.load(KeYEnvironment.java:261)
	at de.uka.ilkd.key.proof.runallproofs.proofcollection.TestFile.load(TestFile.java:270)
	at de.uka.ilkd.key.proof.runallproofs.proofcollection.TestFile.runKey(TestFile.java:160)
	at de.uka.ilkd.key.proof.runallproofs.proofcollection.ForkedTestFileRunner.main(ForkedTestFileRunner.java:171)
Caused by: de.uka.ilkd.key.proof.init.ProofInputException: Could not find rule file rules/intRulesCheckedSemantics.key
	at de.uka.ilkd.key.proof.io.KeYFile.readIncludes(KeYFile.java:210)
	at de.uka.ilkd.key.proof.init.ProblemInitializer.readIncludes(ProblemInitializer.java:177)
	at de.uka.ilkd.key.proof.init.ProblemInitializer.readEnvInput(ProblemInitializer.java:325)
	at de.uka.ilkd.key.proof.init.ProblemInitializer.prepare(ProblemInitializer.java:449)
	at de.uka.ilkd.key.proof.io.AbstractProblemLoader.createInitConfig(AbstractProblemLoader.java:518)
	at de.uka.ilkd.key.proof.io.AbstractProblemLoader.loadEnvironment(AbstractProblemLoader.java:288)
	at de.uka.ilkd.key.proof.io.AbstractProblemLoader.load(AbstractProblemLoader.java:252)
	at de.uka.ilkd.key.control.AbstractUserInterfaceControl.load(AbstractUserInterfaceControl.java:209)
	... 7 more
Caused by: java.lang.RuntimeException: Could not find rule file rules/intRulesCheckedSemantics.key
	at de.uka.ilkd.key.proof.io.RuleSourceFactory.fromBuiltInRule(RuleSourceFactory.java:32)
	at de.uka.ilkd.key.proof.io.RuleSourceFactory.fromDefaultLocation(RuleSourceFactory.java:21)
	at de.uka.ilkd.key.nparser.builder.IncludeFinder.addInclude(IncludeFinder.java:63)
	at de.uka.ilkd.key.nparser.builder.IncludeFinder.visitOne_include(IncludeFinder.java:43)
	at de.uka.ilkd.key.nparser.builder.IncludeFinder.visitOne_include(IncludeFinder.java:20)
	at de.uka.ilkd.key.nparser.KeYParser$One_includeContext.accept(KeYParser.java:878)
	at de.uka.ilkd.key.nparser.builder.AbstractBuilder.lambda$mapOf$0(AbstractBuilder.java:112)
	at java.base/java.util.stream.ReferencePipeline$3$1.accept(ReferencePipeline.java:195)
	at java.base/java.util.ArrayList$ArrayListSpliterator.forEachRemaining(ArrayList.java:1655)
	at java.base/java.util.stream.AbstractPipeline.copyInto(AbstractPipeline.java:484)
	at java.base/java.util.stream.AbstractPipeline.wrapAndCopyInto(AbstractPipeline.java:474)
	at java.base/java.util.stream.ReduceOps$ReduceOp.evaluateSequential(ReduceOps.java:913)
	at java.base/java.util.stream.AbstractPipeline.evaluate(AbstractPipeline.java:234)
	at java.base/java.util.stream.ReferencePipeline.collect(ReferencePipeline.java:578)
	at de.uka.ilkd.key.nparser.builder.AbstractBuilder.mapOf(AbstractBuilder.java:112)
	at de.uka.ilkd.key.nparser.builder.IncludeFinder.visitOne_include_statement(IncludeFinder.java:35)
	at de.uka.ilkd.key.nparser.builder.IncludeFinder.visitOne_include_statement(IncludeFinder.java:20)
	at de.uka.ilkd.key.nparser.KeYParser$One_include_statementContext.accept(KeYParser.java:802)
	at org.antlr.v4.runtime.tree.AbstractParseTreeVisitor.visitChildren(AbstractParseTreeVisitor.java:46)
	at de.uka.ilkd.key.nparser.KeYParserBaseVisitor.visitDecls(KeYParserBaseVisitor.java:30)
	at de.uka.ilkd.key.nparser.KeYParser$DeclsContext.accept(KeYParser.java:500)
	at org.antlr.v4.runtime.tree.AbstractParseTreeVisitor.visitChildren(AbstractParseTreeVisitor.java:46)
	at de.uka.ilkd.key.nparser.KeYParserBaseVisitor.visitFile(KeYParserBaseVisitor.java:23)
	at de.uka.ilkd.key.nparser.KeYParser$FileContext.accept(KeYParser.java:306)
	at de.uka.ilkd.key.nparser.KeyAst.accept(KeyAst.java:41)
	at de.uka.ilkd.key.nparser.KeyAst$File.getIncludes(KeyAst.java:76)
	at de.uka.ilkd.key.proof.io.KeYFile.readIncludes(KeYFile.java:208)
	... 14 more
Could not find rule file rules/intRulesCheckedSemantics.key (file: /home/runner/work/key/key/key.core/../key.ui/examples/index/.././standard_key/BookExamples/03DynamicLogic/Sect3.3.1.key; caused by: de.uka.ilkd.key.proof.init.ProofInputException: Could not find rule file rules/intRulesCheckedSemantics.key)
	at de.uka.ilkd.key.control.AbstractUserInterfaceControl.load(AbstractUserInterfaceControl.java:221)
	at de.uka.ilkd.key.control.KeYEnvironment.load(KeYEnvironment.java:251)
	at de.uka.ilkd.key.control.KeYEnvironment.load(KeYEnvironment.java:224)
	at de.uka.ilkd.key.control.KeYEnvironment.load(KeYEnvironment.java:184)
	at de.uka.ilkd.key.control.KeYEnvironment.load(KeYEnvironment.java:261)
	at de.uka.ilkd.key.proof.runallproofs.proofcollection.TestFile.load(TestFile.java:270)
	at de.uka.ilkd.key.proof.runallproofs.proofcollection.TestFile.runKey(TestFile.java:160)
	at de.uka.ilkd.key.proof.runallproofs.proofcollection.ForkedTestFileRunner.main(ForkedTestFileRunner.java:171)
Caused by: de.uka.ilkd.key.proof.init.ProofInputException: Could not find rule file rules/intRulesCheckedSemantics.key
	at de.uka.ilkd.key.proof.io.KeYFile.readIncludes(KeYFile.java:210)
	at de.uka.ilkd.key.proof.init.ProblemInitializer.readIncludes(ProblemInitializer.java:177)
	at de.uka.ilkd.key.proof.init.ProblemInitializer.readEnvInput(ProblemInitializer.java:325)
	at de.uka.ilkd.key.proof.init.ProblemInitializer.prepare(ProblemInitializer.java:449)
	at de.uka.ilkd.key.proof.io.AbstractProblemLoader.createInitConfig(AbstractProblemLoader.java:518)
	at de.uka.ilkd.key.proof.io.AbstractProblemLoader.loadEnvironment(AbstractProblemLoader.java:288)
	at de.uka.ilkd.key.proof.io.AbstractProblemLoader.load(AbstractProblemLoader.java:252)
	at de.uka.ilkd.key.control.AbstractUserInterfaceControl.load(AbstractUserInterfaceControl.java:209)
	... 7 more
Caused by: java.lang.RuntimeException: Could not find rule file rules/intRulesCheckedSemantics.key
	at de.uka.ilkd.key.proof.io.RuleSourceFactory.fromBuiltInRule(RuleSourceFactory.java:32)
	at de.uka.ilkd.key.proof.io.RuleSourceFactory.fromDefaultLocation(RuleSourceFactory.java:21)
	at de.uka.ilkd.key.nparser.builder.IncludeFinder.addInclude(IncludeFinder.java:63)
	at de.uka.ilkd.key.nparser.builder.IncludeFinder.visitOne_include(IncludeFinder.java:43)
	at de.uka.ilkd.key.nparser.builder.IncludeFinder.visitOne_include(IncludeFinder.java:20)
	at de.uka.ilkd.key.nparser.KeYParser$One_includeContext.accept(KeYParser.java:878)
	at de.uka.ilkd.key.nparser.builder.AbstractBuilder.lambda$mapOf$0(AbstractBuilder.java:112)
	at java.base/java.util.stream.ReferencePipeline$3$1.accept(ReferencePipeline.java:195)
	at java.base/java.util.ArrayList$ArrayListSpliterator.forEachRemaining(ArrayList.java:1655)
	at java.base/java.util.stream.AbstractPipeline.copyInto(AbstractPipeline.java:484)
	at java.base/java.util.stream.AbstractPipeline.wrapAndCopyInto(AbstractPipeline.java:474)
	at java.base/java.util.stream.ReduceOps$ReduceOp.evaluateSequential(ReduceOps.java:913)
	at java.base/java.util.stream.AbstractPipeline.evaluate(AbstractPipeline.java:234)
	at java.base/java.util.stream.ReferencePipeline.collect(ReferencePipeline.java:578)
	at de.uka.ilkd.key.nparser.builder.AbstractBuilder.mapOf(AbstractBuilder.java:112)
	at de.uka.ilkd.key.nparser.builder.IncludeFinder.visitOne_include_statement(IncludeFinder.java:35)
	at de.uka.ilkd.key.nparser.builder.IncludeFinder.visitOne_include_statement(IncludeFinder.java:20)
	at de.uka.ilkd.key.nparser.KeYParser$One_include_statementContext.accept(KeYParser.java:802)
	at org.antlr.v4.runtime.tree.AbstractParseTreeVisitor.visitChildren(AbstractParseTreeVisitor.java:46)
	at de.uka.ilkd.key.nparser.KeYParserBaseVisitor.visitDecls(KeYParserBaseVisitor.java:30)
	at de.uka.ilkd.key.nparser.KeYParser$DeclsContext.accept(KeYParser.java:500)
	at org.antlr.v4.runtime.tree.AbstractParseTreeVisitor.visitChildren(AbstractParseTreeVisitor.java:46)
	at de.uka.ilkd.key.nparser.KeYParserBaseVisitor.visitFile(KeYParserBaseVisitor.java:23)
	at de.uka.ilkd.key.nparser.KeYParser$FileContext.accept(KeYParser.java:306)
	at de.uka.ilkd.key.nparser.KeyAst.accept(KeyAst.java:41)
	at de.uka.ilkd.key.nparser.KeyAst$File.getIncludes(KeyAst.java:76)
	at de.uka.ilkd.key.proof.io.KeYFile.readIncludes(KeYFile.java:208)
	... 14 more
Exception in thread "main" org.opentest4j.AssertionFailedError: Exception during the execution of proofs. See log for more details.
	at org.junit.jupiter.api.AssertionUtils.fail(AssertionUtils.java:39)
	at org.junit.jupiter.api.Assertions.fail(Assertions.java:134)
	at de.uka.ilkd.key.proof.runallproofs.proofcollection.ForkedTestFileRunner.main(ForkedTestFileRunner.java:192)
Timeout watcher launched (2000 secs.)
Could not find rule file rules/intRulesCheckedSemantics.key (file: /home/runner/work/key/key/key.core/../key.ui/examples/index/.././heap/comprehensions/general_sum.key; caused by: de.uka.ilkd.key.proof.init.ProofInputException: Could not find rule file rules/intRulesCheckedSemantics.key)
	at de.uka.ilkd.key.control.AbstractUserInterfaceControl.load(AbstractUserInterfaceControl.java:221)
	at de.uka.ilkd.key.control.KeYEnvironment.load(KeYEnvironment.java:251)
	at de.uka.ilkd.key.control.KeYEnvironment.load(KeYEnvironment.java:224)
	at de.uka.ilkd.key.control.KeYEnvironment.load(KeYEnvironment.java:184)
	at de.uka.ilkd.key.control.KeYEnvironment.load(KeYEnvironment.java:261)
	at de.uka.ilkd.key.proof.runallproofs.proofcollection.TestFile.load(TestFile.java:270)
	at de.uka.ilkd.key.proof.runallproofs.proofcollection.TestFile.runKey(TestFile.java:160)
	at de.uka.ilkd.key.proof.runallproofs.proofcollection.ForkedTestFileRunner.main(ForkedTestFileRunner.java:171)
Caused by: de.uka.ilkd.key.proof.init.ProofInputException: Could not find rule file rules/intRulesCheckedSemantics.key
	at de.uka.ilkd.key.proof.io.KeYFile.readIncludes(KeYFile.java:210)
	at de.uka.ilkd.key.proof.init.ProblemInitializer.readIncludes(ProblemInitializer.java:177)
	at de.uka.ilkd.key.proof.init.ProblemInitializer.readEnvInput(ProblemInitializer.java:325)
	at de.uka.ilkd.key.proof.init.ProblemInitializer.prepare(ProblemInitializer.java:449)
	at de.uka.ilkd.key.proof.io.AbstractProblemLoader.createInitConfig(AbstractProblemLoader.java:518)
	at de.uka.ilkd.key.proof.io.AbstractProblemLoader.loadEnvironment(AbstractProblemLoader.java:288)
	at de.uka.ilkd.key.proof.io.AbstractProblemLoader.load(AbstractProblemLoader.java:252)
	at de.uka.ilkd.key.control.AbstractUserInterfaceControl.load(AbstractUserInterfaceControl.java:209)
	... 7 more
Caused by: java.lang.RuntimeException: Could not find rule file rules/intRulesCheckedSemantics.key
	at de.uka.ilkd.key.proof.io.RuleSourceFactory.fromBuiltInRule(RuleSourceFactory.java:32)
	at de.uka.ilkd.key.proof.io.RuleSourceFactory.fromDefaultLocation(RuleSourceFactory.java:21)
	at de.uka.ilkd.key.nparser.builder.IncludeFinder.addInclude(IncludeFinder.java:63)
	at de.uka.ilkd.key.nparser.builder.IncludeFinder.visitOne_include(IncludeFinder.java:43)
	at de.uka.ilkd.key.nparser.builder.IncludeFinder.visitOne_include(IncludeFinder.java:20)
	at de.uka.ilkd.key.nparser.KeYParser$One_includeContext.accept(KeYParser.java:878)
	at de.uka.ilkd.key.nparser.builder.AbstractBuilder.lambda$mapOf$0(AbstractBuilder.java:112)
	at java.base/java.util.stream.ReferencePipeline$3$1.accept(ReferencePipeline.java:195)
	at java.base/java.util.ArrayList$ArrayListSpliterator.forEachRemaining(ArrayList.java:1655)
	at java.base/java.util.stream.AbstractPipeline.copyInto(AbstractPipeline.java:484)
	at java.base/java.util.stream.AbstractPipeline.wrapAndCopyInto(AbstractPipeline.java:474)
	at java.base/java.util.stream.ReduceOps$ReduceOp.evaluateSequential(ReduceOps.java:913)
	at java.base/java.util.stream.AbstractPipeline.evaluate(AbstractPipeline.java:234)
	at java.base/java.util.stream.ReferencePipeline.collect(ReferencePipeline.java:578)
	at de.uka.ilkd.key.nparser.builder.AbstractBuilder.mapOf(AbstractBuilder.java:112)
	at de.uka.ilkd.key.nparser.builder.IncludeFinder.visitOne_include_statement(IncludeFinder.java:35)
	at de.uka.ilkd.key.nparser.builder.IncludeFinder.visitOne_include_statement(IncludeFinder.java:20)
	at de.uka.ilkd.key.nparser.KeYParser$One_include_statementContext.accept(KeYParser.java:802)
	at org.antlr.v4.runtime.tree.AbstractParseTreeVisitor.visitChildren(AbstractParseTreeVisitor.java:46)
	at de.uka.ilkd.key.nparser.KeYParserBaseVisitor.visitDecls(KeYParserBaseVisitor.java:30)
	at de.uka.ilkd.key.nparser.KeYParser$DeclsContext.accept(KeYParser.java:500)
	at org.antlr.v4.runtime.tree.AbstractParseTreeVisitor.visitChildren(AbstractParseTreeVisitor.java:46)
	at de.uka.ilkd.key.nparser.KeYParserBaseVisitor.visitFile(KeYParserBaseVisitor.java:23)
	at de.uka.ilkd.key.nparser.KeYParser$FileContext.accept(KeYParser.java:306)
	at de.uka.ilkd.key.nparser.KeyAst.accept(KeyAst.java:41)
	at de.uka.ilkd.key.nparser.KeyAst$File.getIncludes(KeyAst.java:76)
	at de.uka.ilkd.key.proof.io.KeYFile.readIncludes(KeYFile.java:208)
	... 14 more
Could not find rule file rules/intRulesCheckedSemantics.key (file: /home/runner/work/key/key/key.core/../key.ui/examples/index/.././heap/comprehensions/sum0.key; caused by: de.uka.ilkd.key.proof.init.ProofInputException: Could not find rule file rules/intRulesCheckedSemantics.key)
	at de.uka.ilkd.key.control.AbstractUserInterfaceControl.load(AbstractUserInterfaceControl.java:221)
	at de.uka.ilkd.key.control.KeYEnvironment.load(KeYEnvironment.java:251)
	at de.uka.ilkd.key.control.KeYEnvironment.load(KeYEnvironment.java:224)
	at de.uka.ilkd.key.control.KeYEnvironment.load(KeYEnvironment.java:184)
	at de.uka.ilkd.key.control.KeYEnvironment.load(KeYEnvironment.java:261)
	at de.uka.ilkd.key.proof.runallproofs.proofcollection.TestFile.load(TestFile.java:270)
	at de.uka.ilkd.key.proof.runallproofs.proofcollection.TestFile.runKey(TestFile.java:160)
	at de.uka.ilkd.key.proof.runallproofs.proofcollection.ForkedTestFileRunner.main(ForkedTestFileRunner.java:171)
Caused by: de.uka.ilkd.key.proof.init.ProofInputException: Could not find rule file rules/intRulesCheckedSemantics.key
	at de.uka.ilkd.key.proof.io.KeYFile.readIncludes(KeYFile.java:210)
	at de.uka.ilkd.key.proof.init.ProblemInitializer.readIncludes(ProblemInitializer.java:177)
	at de.uka.ilkd.key.proof.init.ProblemInitializer.readEnvInput(ProblemInitializer.java:325)
	at de.uka.ilkd.key.proof.init.ProblemInitializer.prepare(ProblemInitializer.java:449)
	at de.uka.ilkd.key.proof.io.AbstractProblemLoader.createInitConfig(AbstractProblemLoader.java:518)
	at de.uka.ilkd.key.proof.io.AbstractProblemLoader.loadEnvironment(AbstractProblemLoader.java:288)
	at de.uka.ilkd.key.proof.io.AbstractProblemLoader.load(AbstractProblemLoader.java:252)
	at de.uka.ilkd.key.control.AbstractUserInterfaceControl.load(AbstractUserInterfaceControl.java:209)
	... 7 more
Caused by: java.lang.RuntimeException: Could not find rule file rules/intRulesCheckedSemantics.key
	at de.uka.ilkd.key.proof.io.RuleSourceFactory.fromBuiltInRule(RuleSourceFactory.java:32)
	at de.uka.ilkd.key.proof.io.RuleSourceFactory.fromDefaultLocation(RuleSourceFactory.java:21)
	at de.uka.ilkd.key.nparser.builder.IncludeFinder.addInclude(IncludeFinder.java:63)
	at de.uka.ilkd.key.nparser.builder.IncludeFinder.visitOne_include(IncludeFinder.java:43)
	at de.uka.ilkd.key.nparser.builder.IncludeFinder.visitOne_include(IncludeFinder.java:20)
	at de.uka.ilkd.key.nparser.KeYParser$One_includeContext.accept(KeYParser.java:878)
	at de.uka.ilkd.key.nparser.builder.AbstractBuilder.lambda$mapOf$0(AbstractBuilder.java:112)
	at java.base/java.util.stream.ReferencePipeline$3$1.accept(ReferencePipeline.java:195)
	at java.base/java.util.ArrayList$ArrayListSpliterator.forEachRemaining(ArrayList.java:1655)
	at java.base/java.util.stream.AbstractPipeline.copyInto(AbstractPipeline.java:484)
	at java.base/java.util.stream.AbstractPipeline.wrapAndCopyInto(AbstractPipeline.java:474)
	at java.base/java.util.stream.ReduceOps$ReduceOp.evaluateSequential(ReduceOps.java:913)
	at java.base/java.util.stream.AbstractPipeline.evaluate(AbstractPipeline.java:234)
	at java.base/java.util.stream.ReferencePipeline.collect(ReferencePipeline.java:578)
	at de.uka.ilkd.key.nparser.builder.AbstractBuilder.mapOf(AbstractBuilder.java:112)
	at de.uka.ilkd.key.nparser.builder.IncludeFinder.visitOne_include_statement(IncludeFinder.java:35)
	at de.uka.ilkd.key.nparser.builder.IncludeFinder.visitOne_include_statement(IncludeFinder.java:20)
	at de.uka.ilkd.key.nparser.KeYParser$One_include_statementContext.accept(KeYParser.java:802)
	at org.antlr.v4.runtime.tree.AbstractParseTreeVisitor.visitChildren(AbstractParseTreeVisitor.java:46)
	at de.uka.ilkd.key.nparser.KeYParserBaseVisitor.visitDecls(KeYParserBaseVisitor.java:30)
	at de.uka.ilkd.key.nparser.KeYParser$DeclsContext.accept(KeYParser.java:500)
	at org.antlr.v4.runtime.tree.AbstractParseTreeVisitor.visitChildren(AbstractParseTreeVisitor.java:46)
	at de.uka.ilkd.key.nparser.KeYParserBaseVisitor.visitFile(KeYParserBaseVisitor.java:23)
	at de.uka.ilkd.key.nparser.KeYParser$FileContext.accept(KeYParser.java:306)
	at de.uka.ilkd.key.nparser.KeyAst.accept(KeyAst.java:41)
	at de.uka.ilkd.key.nparser.KeyAst$File.getIncludes(KeyAst.java:76)
	at de.uka.ilkd.key.proof.io.KeYFile.readIncludes(KeYFile.java:208)
	... 14 more
Could not find rule file rules/intRulesCheckedSemantics.key (file: /home/runner/work/key/key/key.core/../key.ui/examples/index/.././heap/comprehensions/sum1.key; caused by: de.uka.ilkd.key.proof.init.ProofInputException: Could not find rule file rules/intRulesCheckedSemantics.key)
	at de.uka.ilkd.key.control.AbstractUserInterfaceControl.load(AbstractUserInterfaceControl.java:221)
	at de.uka.ilkd.key.control.KeYEnvironment.load(KeYEnvironment.java:251)
	at de.uka.ilkd.key.control.KeYEnvironment.load(KeYEnvironment.java:224)
	at de.uka.ilkd.key.control.KeYEnvironment.load(KeYEnvironment.java:184)
	at de.uka.ilkd.key.control.KeYEnvironment.load(KeYEnvironment.java:261)
	at de.uka.ilkd.key.proof.runallproofs.proofcollection.TestFile.load(TestFile.java:270)
	at de.uka.ilkd.key.proof.runallproofs.proofcollection.TestFile.runKey(TestFile.java:160)
	at de.uka.ilkd.key.proof.runallproofs.proofcollection.ForkedTestFileRunner.main(ForkedTestFileRunner.java:171)
Caused by: de.uka.ilkd.key.proof.init.ProofInputException: Could not find rule file rules/intRulesCheckedSemantics.key
	at de.uka.ilkd.key.proof.io.KeYFile.readIncludes(KeYFile.java:210)
	at de.uka.ilkd.key.proof.init.ProblemInitializer.readIncludes(ProblemInitializer.java:177)
	at de.uka.ilkd.key.proof.init.ProblemInitializer.readEnvInput(ProblemInitializer.java:325)
	at de.uka.ilkd.key.proof.init.ProblemInitializer.prepare(ProblemInitializer.java:449)
	at de.uka.ilkd.key.proof.io.AbstractProblemLoader.createInitConfig(AbstractProblemLoader.java:518)
	at de.uka.ilkd.key.proof.io.AbstractProblemLoader.loadEnvironment(AbstractProblemLoader.java:288)
	at de.uka.ilkd.key.proof.io.AbstractProblemLoader.load(AbstractProblemLoader.java:252)
	at de.uka.ilkd.key.control.AbstractUserInterfaceControl.load(AbstractUserInterfaceControl.java:209)
	... 7 more
Caused by: java.lang.RuntimeException: Could not find rule file rules/intRulesCheckedSemantics.key
	at de.uka.ilkd.key.proof.io.RuleSourceFactory.fromBuiltInRule(RuleSourceFactory.java:32)
	at de.uka.ilkd.key.proof.io.RuleSourceFactory.fromDefaultLocation(RuleSourceFactory.java:21)
	at de.uka.ilkd.key.nparser.builder.IncludeFinder.addInclude(IncludeFinder.java:63)
	at de.uka.ilkd.key.nparser.builder.IncludeFinder.visitOne_include(IncludeFinder.java:43)
	at de.uka.ilkd.key.nparser.builder.IncludeFinder.visitOne_include(IncludeFinder.java:20)
	at de.uka.ilkd.key.nparser.KeYParser$One_includeContext.accept(KeYParser.java:878)
	at de.uka.ilkd.key.nparser.builder.AbstractBuilder.lambda$mapOf$0(AbstractBuilder.java:112)
	at java.base/java.util.stream.ReferencePipeline$3$1.accept(ReferencePipeline.java:195)
	at java.base/java.util.ArrayList$ArrayListSpliterator.forEachRemaining(ArrayList.java:1655)
	at java.base/java.util.stream.AbstractPipeline.copyInto(AbstractPipeline.java:484)
	at java.base/java.util.stream.AbstractPipeline.wrapAndCopyInto(AbstractPipeline.java:474)
	at java.base/java.util.stream.ReduceOps$ReduceOp.evaluateSequential(ReduceOps.java:913)
	at java.base/java.util.stream.AbstractPipeline.evaluate(AbstractPipeline.java:234)
	at java.base/java.util.stream.ReferencePipeline.collect(ReferencePipeline.java:578)
	at de.uka.ilkd.key.nparser.builder.AbstractBuilder.mapOf(AbstractBuilder.java:112)
	at de.uka.ilkd.key.nparser.builder.IncludeFinder.visitOne_include_statement(IncludeFinder.java:35)
	at de.uka.ilkd.key.nparser.builder.IncludeFinder.visitOne_include_statement(IncludeFinder.java:20)
	at de.uka.ilkd.key.nparser.KeYParser$One_include_statementContext.accept(KeYParser.java:802)
	at org.antlr.v4.runtime.tree.AbstractParseTreeVisitor.visitChildren(AbstractParseTreeVisitor.java:46)
	at de.uka.ilkd.key.nparser.KeYParserBaseVisitor.visitDecls(KeYParserBaseVisitor.java:30)
	at de.uka.ilkd.key.nparser.KeYParser$DeclsContext.accept(KeYParser.java:500)
	at org.antlr.v4.runtime.tree.AbstractParseTreeVisitor.visitChildren(AbstractParseTreeVisitor.java:46)
	at de.uka.ilkd.key.nparser.KeYParserBaseVisitor.visitFile(KeYParserBaseVisitor.java:23)
	at de.uka.ilkd.key.nparser.KeYParser$FileContext.accept(KeYParser.java:306)
	at de.uka.ilkd.key.nparser.KeyAst.accept(KeyAst.java:41)
	at de.uka.ilkd.key.nparser.KeyAst$File.getIncludes(KeyAst.java:76)
	at de.uka.ilkd.key.proof.io.KeYFile.readIncludes(KeYFile.java:208)
	... 14 more
Could not find rule file rules/intRulesCheckedSemantics.key (file: /home/runner/work/key/key/key.core/../key.ui/examples/index/.././heap/comprehensions/sum2.key; caused by: de.uka.ilkd.key.proof.init.ProofInputException: Could not find rule file rules/intRulesCheckedSemantics.key)
	at de.uka.ilkd.key.control.AbstractUserInterfaceControl.load(AbstractUserInterfaceControl.java:221)
	at de.uka.ilkd.key.control.KeYEnvironment.load(KeYEnvironment.java:251)
	at de.uka.ilkd.key.control.KeYEnvironment.load(KeYEnvironment.java:224)
	at de.uka.ilkd.key.control.KeYEnvironment.load(KeYEnvironment.java:184)
	at de.uka.ilkd.key.control.KeYEnvironment.load(KeYEnvironment.java:261)
	at de.uka.ilkd.key.proof.runallproofs.proofcollection.TestFile.load(TestFile.java:270)
	at de.uka.ilkd.key.proof.runallproofs.proofcollection.TestFile.runKey(TestFile.java:160)
	at de.uka.ilkd.key.proof.runallproofs.proofcollection.ForkedTestFileRunner.main(ForkedTestFileRunner.java:171)
Caused by: de.uka.ilkd.key.proof.init.ProofInputException: Could not find rule file rules/intRulesCheckedSemantics.key
	at de.uka.ilkd.key.proof.io.KeYFile.readIncludes(KeYFile.java:210)
	at de.uka.ilkd.key.proof.init.ProblemInitializer.readIncludes(ProblemInitializer.java:177)
	at de.uka.ilkd.key.proof.init.ProblemInitializer.readEnvInput(ProblemInitializer.java:325)
	at de.uka.ilkd.key.proof.init.ProblemInitializer.prepare(ProblemInitializer.java:449)
	at de.uka.ilkd.key.proof.io.AbstractProblemLoader.createInitConfig(AbstractProblemLoader.java:518)
	at de.uka.ilkd.key.proof.io.AbstractProblemLoader.loadEnvironment(AbstractProblemLoader.java:288)
	at de.uka.ilkd.key.proof.io.AbstractProblemLoader.load(AbstractProblemLoader.java:252)
	at de.uka.ilkd.key.control.AbstractUserInterfaceControl.load(AbstractUserInterfaceControl.java:209)
	... 7 more
Caused by: java.lang.RuntimeException: Could not find rule file rules/intRulesCheckedSemantics.key
	at de.uka.ilkd.key.proof.io.RuleSourceFactory.fromBuiltInRule(RuleSourceFactory.java:32)
	at de.uka.ilkd.key.proof.io.RuleSourceFactory.fromDefaultLocation(RuleSourceFactory.java:21)
	at de.uka.ilkd.key.nparser.builder.IncludeFinder.addInclude(IncludeFinder.java:63)
	at de.uka.ilkd.key.nparser.builder.IncludeFinder.visitOne_include(IncludeFinder.java:43)
	at de.uka.ilkd.key.nparser.builder.IncludeFinder.visitOne_include(IncludeFinder.java:20)
	at de.uka.ilkd.key.nparser.KeYParser$One_includeContext.accept(KeYParser.java:878)
	at de.uka.ilkd.key.nparser.builder.AbstractBuilder.lambda$mapOf$0(AbstractBuilder.java:112)
	at java.base/java.util.stream.ReferencePipeline$3$1.accept(ReferencePipeline.java:195)
	at java.base/java.util.ArrayList$ArrayListSpliterator.forEachRemaining(ArrayList.java:1655)
	at java.base/java.util.stream.AbstractPipeline.copyInto(AbstractPipeline.java:484)
	at java.base/java.util.stream.AbstractPipeline.wrapAndCopyInto(AbstractPipeline.java:474)
	at java.base/java.util.stream.ReduceOps$ReduceOp.evaluateSequential(ReduceOps.java:913)
	at java.base/java.util.stream.AbstractPipeline.evaluate(AbstractPipeline.java:234)
	at java.base/java.util.stream.ReferencePipeline.collect(ReferencePipeline.java:578)
	at de.uka.ilkd.key.nparser.builder.AbstractBuilder.mapOf(AbstractBuilder.java:112)
	at de.uka.ilkd.key.nparser.builder.IncludeFinder.visitOne_include_statement(IncludeFinder.java:35)
	at de.uka.ilkd.key.nparser.builder.IncludeFinder.visitOne_include_statement(IncludeFinder.java:20)
	at de.uka.ilkd.key.nparser.KeYParser$One_include_statementContext.accept(KeYParser.java:802)
	at org.antlr.v4.runtime.tree.AbstractParseTreeVisitor.visitChildren(AbstractParseTreeVisitor.java:46)
	at de.uka.ilkd.key.nparser.KeYParserBaseVisitor.visitDecls(KeYParserBaseVisitor.java:30)
	at de.uka.ilkd.key.nparser.KeYParser$DeclsContext.accept(KeYParser.java:500)
	at org.antlr.v4.runtime.tree.AbstractParseTreeVisitor.visitChildren(AbstractParseTreeVisitor.java:46)
	at de.uka.ilkd.key.nparser.KeYParserBaseVisitor.visitFile(KeYParserBaseVisitor.java:23)
	at de.uka.ilkd.key.nparser.KeYParser$FileContext.accept(KeYParser.java:306)
	at de.uka.ilkd.key.nparser.KeyAst.accept(KeyAst.java:41)
	at de.uka.ilkd.key.nparser.KeyAst$File.getIncludes(KeyAst.java:76)
	at de.uka.ilkd.key.proof.io.KeYFile.readIncludes(KeYFile.java:208)
	... 14 more
Could not find rule file rules/intRulesCheckedSemantics.key (file: /home/runner/work/key/key/key.core/../key.ui/examples/index/.././heap/comprehensions/sum3.key; caused by: de.uka.ilkd.key.proof.init.ProofInputException: Could not find rule file rules/intRulesCheckedSemantics.key)
	at de.uka.ilkd.key.control.AbstractUserInterfaceControl.load(AbstractUserInterfaceControl.java:221)
	at de.uka.ilkd.key.control.KeYEnvironment.load(KeYEnvironment.java:251)
	at de.uka.ilkd.key.control.KeYEnvironment.load(KeYEnvironment.java:224)
	at de.uka.ilkd.key.control.KeYEnvironment.load(KeYEnvironment.java:184)
	at de.uka.ilkd.key.control.KeYEnvironment.load(KeYEnvironment.java:261)
	at de.uka.ilkd.key.proof.runallproofs.proofcollection.TestFile.load(TestFile.java:270)
	at de.uka.ilkd.key.proof.runallproofs.proofcollection.TestFile.runKey(TestFile.java:160)
	at de.uka.ilkd.key.proof.runallproofs.proofcollection.ForkedTestFileRunner.main(ForkedTestFileRunner.java:171)
Caused by: de.uka.ilkd.key.proof.init.ProofInputException: Could not find rule file rules/intRulesCheckedSemantics.key
	at de.uka.ilkd.key.proof.io.KeYFile.readIncludes(KeYFile.java:210)
	at de.uka.ilkd.key.proof.init.ProblemInitializer.readIncludes(ProblemInitializer.java:177)
	at de.uka.ilkd.key.proof.init.ProblemInitializer.readEnvInput(ProblemInitializer.java:325)
	at de.uka.ilkd.key.proof.init.ProblemInitializer.prepare(ProblemInitializer.java:449)
	at de.uka.ilkd.key.proof.io.AbstractProblemLoader.createInitConfig(AbstractProblemLoader.java:518)
	at de.uka.ilkd.key.proof.io.AbstractProblemLoader.loadEnvironment(AbstractProblemLoader.java:288)
	at de.uka.ilkd.key.proof.io.AbstractProblemLoader.load(AbstractProblemLoader.java:252)
	at de.uka.ilkd.key.control.AbstractUserInterfaceControl.load(AbstractUserInterfaceControl.java:209)
	... 7 more
Caused by: java.lang.RuntimeException: Could not find rule file rules/intRulesCheckedSemantics.key
	at de.uka.ilkd.key.proof.io.RuleSourceFactory.fromBuiltInRule(RuleSourceFactory.java:32)
	at de.uka.ilkd.key.proof.io.RuleSourceFactory.fromDefaultLocation(RuleSourceFactory.java:21)
	at de.uka.ilkd.key.nparser.builder.IncludeFinder.addInclude(IncludeFinder.java:63)
	at de.uka.ilkd.key.nparser.builder.IncludeFinder.visitOne_include(IncludeFinder.java:43)
	at de.uka.ilkd.key.nparser.builder.IncludeFinder.visitOne_include(IncludeFinder.java:20)
	at de.uka.ilkd.key.nparser.KeYParser$One_includeContext.accept(KeYParser.java:878)
	at de.uka.ilkd.key.nparser.builder.AbstractBuilder.lambda$mapOf$0(AbstractBuilder.java:112)
	at java.base/java.util.stream.ReferencePipeline$3$1.accept(ReferencePipeline.java:195)
	at java.base/java.util.ArrayList$ArrayListSpliterator.forEachRemaining(ArrayList.java:1655)
	at java.base/java.util.stream.AbstractPipeline.copyInto(AbstractPipeline.java:484)
	at java.base/java.util.stream.AbstractPipeline.wrapAndCopyInto(AbstractPipeline.java:474)
	at java.base/java.util.stream.ReduceOps$ReduceOp.evaluateSequential(ReduceOps.java:913)
	at java.base/java.util.stream.AbstractPipeline.evaluate(AbstractPipeline.java:234)
	at java.base/java.util.stream.ReferencePipeline.collect(ReferencePipeline.java:578)
	at de.uka.ilkd.key.nparser.builder.AbstractBuilder.mapOf(AbstractBuilder.java:112)
	at de.uka.ilkd.key.nparser.builder.IncludeFinder.visitOne_include_statement(IncludeFinder.java:35)
	at de.uka.ilkd.key.nparser.builder.IncludeFinder.visitOne_include_statement(IncludeFinder.java:20)
	at de.uka.ilkd.key.nparser.KeYParser$One_include_statementContext.accept(KeYParser.java:802)
	at org.antlr.v4.runtime.tree.AbstractParseTreeVisitor.visitChildren(AbstractParseTreeVisitor.java:46)
	at de.uka.ilkd.key.nparser.KeYParserBaseVisitor.visitDecls(KeYParserBaseVisitor.java:30)
	at de.uka.ilkd.key.nparser.KeYParser$DeclsContext.accept(KeYParser.java:500)
	at org.antlr.v4.runtime.tree.AbstractParseTreeVisitor.visitChildren(AbstractParseTreeVisitor.java:46)
	at de.uka.ilkd.key.nparser.KeYParserBaseVisitor.visitFile(KeYParserBaseVisitor.java:23)
	at de.uka.ilkd.key.nparser.KeYParser$FileContext.accept(KeYParser.java:306)
	at de.uka.ilkd.key.nparser.KeyAst.accept(KeyAst.java:41)
	at de.uka.ilkd.key.nparser.KeyAst$File.getIncludes(KeyAst.java:76)
	at de.uka.ilkd.key.proof.io.KeYFile.readIncludes(KeYFile.java:208)
	... 14 more
Could not find rule file rules/intRulesCheckedSemantics.key (file: /home/runner/work/key/key/key.core/../key.ui/examples/index/.././heap/comprehensions/segsum.key; caused by: de.uka.ilkd.key.proof.init.ProofInputException: Could not find rule file rules/intRulesCheckedSemantics.key)
	at de.uka.ilkd.key.control.AbstractUserInterfaceControl.load(AbstractUserInterfaceControl.java:221)
	at de.uka.ilkd.key.control.KeYEnvironment.load(KeYEnvironment.java:251)
	at de.uka.ilkd.key.control.KeYEnvironment.load(KeYEnvironment.java:224)
	at de.uka.ilkd.key.control.KeYEnvironment.load(KeYEnvironment.java:184)
	at de.uka.ilkd.key.control.KeYEnvironment.load(KeYEnvironment.java:261)
	at de.uka.ilkd.key.proof.runallproofs.proofcollection.TestFile.load(TestFile.java:270)
	at de.uka.ilkd.key.proof.runallproofs.proofcollection.TestFile.runKey(TestFile.java:160)
	at de.uka.ilkd.key.proof.runallproofs.proofcollection.ForkedTestFileRunner.main(ForkedTestFileRunner.java:171)
Caused by: de.uka.ilkd.key.proof.init.ProofInputException: Could not find rule file rules/intRulesCheckedSemantics.key
	at de.uka.ilkd.key.proof.io.KeYFile.readIncludes(KeYFile.java:210)
	at de.uka.ilkd.key.proof.init.ProblemInitializer.readIncludes(ProblemInitializer.java:177)
	at de.uka.ilkd.key.proof.init.ProblemInitializer.readEnvInput(ProblemInitializer.java:325)
	at de.uka.ilkd.key.proof.init.ProblemInitializer.prepare(ProblemInitializer.java:449)
	at de.uka.ilkd.key.proof.io.AbstractProblemLoader.createInitConfig(AbstractProblemLoader.java:518)
	at de.uka.ilkd.key.proof.io.AbstractProblemLoader.loadEnvironment(AbstractProblemLoader.java:288)
	at de.uka.ilkd.key.proof.io.AbstractProblemLoader.load(AbstractProblemLoader.java:252)
	at de.uka.ilkd.key.control.AbstractUserInterfaceControl.load(AbstractUserInterfaceControl.java:209)
	... 7 more
Caused by: java.lang.RuntimeException: Could not find rule file rules/intRulesCheckedSemantics.key
	at de.uka.ilkd.key.proof.io.RuleSourceFactory.fromBuiltInRule(RuleSourceFactory.java:32)
	at de.uka.ilkd.key.proof.io.RuleSourceFactory.fromDefaultLocation(RuleSourceFactory.java:21)
	at de.uka.ilkd.key.nparser.builder.IncludeFinder.addInclude(IncludeFinder.java:63)
	at de.uka.ilkd.key.nparser.builder.IncludeFinder.visitOne_include(IncludeFinder.java:43)
	at de.uka.ilkd.key.nparser.builder.IncludeFinder.visitOne_include(IncludeFinder.java:20)
	at de.uka.ilkd.key.nparser.KeYParser$One_includeContext.accept(KeYParser.java:878)
	at de.uka.ilkd.key.nparser.builder.AbstractBuilder.lambda$mapOf$0(AbstractBuilder.java:112)
	at java.base/java.util.stream.ReferencePipeline$3$1.accept(ReferencePipeline.java:195)
	at java.base/java.util.ArrayList$ArrayListSpliterator.forEachRemaining(ArrayList.java:1655)
	at java.base/java.util.stream.AbstractPipeline.copyInto(AbstractPipeline.java:484)
	at java.base/java.util.stream.AbstractPipeline.wrapAndCopyInto(AbstractPipeline.java:474)
	at java.base/java.util.stream.ReduceOps$ReduceOp.evaluateSequential(ReduceOps.java:913)
	at java.base/java.util.stream.AbstractPipeline.evaluate(AbstractPipeline.java:234)
	at java.base/java.util.stream.ReferencePipeline.collect(ReferencePipeline.java:578)
	at de.uka.ilkd.key.nparser.builder.AbstractBuilder.mapOf(AbstractBuilder.java:112)
	at de.uka.ilkd.key.nparser.builder.IncludeFinder.visitOne_include_statement(IncludeFinder.java:35)
	at de.uka.ilkd.key.nparser.builder.IncludeFinder.visitOne_include_statement(IncludeFinder.java:20)
	at de.uka.ilkd.key.nparser.KeYParser$One_include_statementContext.accept(KeYParser.java:802)
	at org.antlr.v4.runtime.tree.AbstractParseTreeVisitor.visitChildren(AbstractParseTreeVisitor.java:46)
	at de.uka.ilkd.key.nparser.KeYParserBaseVisitor.visitDecls(KeYParserBaseVisitor.java:30)
	at de.uka.ilkd.key.nparser.KeYParser$DeclsContext.accept(KeYParser.java:500)
	at org.antlr.v4.runtime.tree.AbstractParseTreeVisitor.visitChildren(AbstractParseTreeVisitor.java:46)
	at de.uka.ilkd.key.nparser.KeYParserBaseVisitor.visitFile(KeYParserBaseVisitor.java:23)
	at de.uka.ilkd.key.nparser.KeYParser$FileContext.accept(KeYParser.java:306)
	at de.uka.ilkd.key.nparser.KeyAst.accept(KeyAst.java:41)
	at de.uka.ilkd.key.nparser.KeyAst$File.getIncludes(KeyAst.java:76)
	at de.uka.ilkd.key.proof.io.KeYFile.readIncludes(KeYFile.java:208)
	... 14 more
Could not find rule file rules/intRulesCheckedSemantics.key (file: /home/runner/work/key/key/key.core/../key.ui/examples/index/.././heap/comprehensions/bsum_negative.key; caused by: de.uka.ilkd.key.proof.init.ProofInputException: Could not find rule file rules/intRulesCheckedSemantics.key)
	at de.uka.ilkd.key.control.AbstractUserInterfaceControl.load(AbstractUserInterfaceControl.java:221)
	at de.uka.ilkd.key.control.KeYEnvironment.load(KeYEnvironment.java:251)
	at de.uka.ilkd.key.control.KeYEnvironment.load(KeYEnvironment.java:224)
	at de.uka.ilkd.key.control.KeYEnvironment.load(KeYEnvironment.java:184)
	at de.uka.ilkd.key.control.KeYEnvironment.load(KeYEnvironment.java:261)
	at de.uka.ilkd.key.proof.runallproofs.proofcollection.TestFile.load(TestFile.java:270)
	at de.uka.ilkd.key.proof.runallproofs.proofcollection.TestFile.runKey(TestFile.java:160)
	at de.uka.ilkd.key.proof.runallproofs.proofcollection.ForkedTestFileRunner.main(ForkedTestFileRunner.java:171)
Caused by: de.uka.ilkd.key.proof.init.ProofInputException: Could not find rule file rules/intRulesCheckedSemantics.key
	at de.uka.ilkd.key.proof.io.KeYFile.readIncludes(KeYFile.java:210)
	at de.uka.ilkd.key.proof.init.ProblemInitializer.readIncludes(ProblemInitializer.java:177)
	at de.uka.ilkd.key.proof.init.ProblemInitializer.readEnvInput(ProblemInitializer.java:325)
	at de.uka.ilkd.key.proof.init.ProblemInitializer.prepare(ProblemInitializer.java:449)
	at de.uka.ilkd.key.proof.io.AbstractProblemLoader.createInitConfig(AbstractProblemLoader.java:518)
	at de.uka.ilkd.key.proof.io.AbstractProblemLoader.loadEnvironment(AbstractProblemLoader.java:288)
	at de.uka.ilkd.key.proof.io.AbstractProblemLoader.load(AbstractProblemLoader.java:252)
	at de.uka.ilkd.key.control.AbstractUserInterfaceControl.load(AbstractUserInterfaceControl.java:209)
	... 7 more
Caused by: java.lang.RuntimeException: Could not find rule file rules/intRulesCheckedSemantics.key
	at de.uka.ilkd.key.proof.io.RuleSourceFactory.fromBuiltInRule(RuleSourceFactory.java:32)
	at de.uka.ilkd.key.proof.io.RuleSourceFactory.fromDefaultLocation(RuleSourceFactory.java:21)
	at de.uka.ilkd.key.nparser.builder.IncludeFinder.addInclude(IncludeFinder.java:63)
	at de.uka.ilkd.key.nparser.builder.IncludeFinder.visitOne_include(IncludeFinder.java:43)
	at de.uka.ilkd.key.nparser.builder.IncludeFinder.visitOne_include(IncludeFinder.java:20)
	at de.uka.ilkd.key.nparser.KeYParser$One_includeContext.accept(KeYParser.java:878)
	at de.uka.ilkd.key.nparser.builder.AbstractBuilder.lambda$mapOf$0(AbstractBuilder.java:112)
	at java.base/java.util.stream.ReferencePipeline$3$1.accept(ReferencePipeline.java:195)
	at java.base/java.util.ArrayList$ArrayListSpliterator.forEachRemaining(ArrayList.java:1655)
	at java.base/java.util.stream.AbstractPipeline.copyInto(AbstractPipeline.java:484)
	at java.base/java.util.stream.AbstractPipeline.wrapAndCopyInto(AbstractPipeline.java:474)
	at java.base/java.util.stream.ReduceOps$ReduceOp.evaluateSequential(ReduceOps.java:913)
	at java.base/java.util.stream.AbstractPipeline.evaluate(AbstractPipeline.java:234)
	at java.base/java.util.stream.ReferencePipeline.collect(ReferencePipeline.java:578)
	at de.uka.ilkd.key.nparser.builder.AbstractBuilder.mapOf(AbstractBuilder.java:112)
	at de.uka.ilkd.key.nparser.builder.IncludeFinder.visitOne_include_statement(IncludeFinder.java:35)
	at de.uka.ilkd.key.nparser.builder.IncludeFinder.visitOne_include_statement(IncludeFinder.java:20)
	at de.uka.ilkd.key.nparser.KeYParser$One_include_statementContext.accept(KeYParser.java:802)
	at org.antlr.v4.runtime.tree.AbstractParseTreeVisitor.visitChildren(AbstractParseTreeVisitor.java:46)
	at de.uka.ilkd.key.nparser.KeYParserBaseVisitor.visitDecls(KeYParserBaseVisitor.java:30)
	at de.uka.ilkd.key.nparser.KeYParser$DeclsContext.accept(KeYParser.java:500)
	at org.antlr.v4.runtime.tree.AbstractParseTreeVisitor.visitChildren(AbstractParseTreeVisitor.java:46)
	at de.uka.ilkd.key.nparser.KeYParserBaseVisitor.visitFile(KeYParserBaseVisitor.java:23)
	at de.uka.ilkd.key.nparser.KeYParser$FileContext.accept(KeYParser.java:306)
	at de.uka.ilkd.key.nparser.KeyAst.accept(KeyAst.java:41)
	at de.uka.ilkd.key.nparser.KeyAst$File.getIncludes(KeyAst.java:76)
	at de.uka.ilkd.key.proof.io.KeYFile.readIncludes(KeYFile.java:208)
	... 14 more
Could not find rule file rules/intRulesCheckedSemantics.key (file: /home/runner/work/key/key/key.core/../key.ui/examples/index/.././heap/comprehensions/bsum_neg2.key; caused by: de.uka.ilkd.key.proof.init.ProofInputException: Could not find rule file rules/intRulesCheckedSemantics.key)
	at de.uka.ilkd.key.control.AbstractUserInterfaceControl.load(AbstractUserInterfaceControl.java:221)
	at de.uka.ilkd.key.control.KeYEnvironment.load(KeYEnvironment.java:251)
	at de.uka.ilkd.key.control.KeYEnvironment.load(KeYEnvironment.java:224)
	at de.uka.ilkd.key.control.KeYEnvironment.load(KeYEnvironment.java:184)
	at de.uka.ilkd.key.control.KeYEnvironment.load(KeYEnvironment.java:261)
	at de.uka.ilkd.key.proof.runallproofs.proofcollection.TestFile.load(TestFile.java:270)
	at de.uka.ilkd.key.proof.runallproofs.proofcollection.TestFile.runKey(TestFile.java:160)
	at de.uka.ilkd.key.proof.runallproofs.proofcollection.ForkedTestFileRunner.main(ForkedTestFileRunner.java:171)
Caused by: de.uka.ilkd.key.proof.init.ProofInputException: Could not find rule file rules/intRulesCheckedSemantics.key
	at de.uka.ilkd.key.proof.io.KeYFile.readIncludes(KeYFile.java:210)
	at de.uka.ilkd.key.proof.init.ProblemInitializer.readIncludes(ProblemInitializer.java:177)
	at de.uka.ilkd.key.proof.init.ProblemInitializer.readEnvInput(ProblemInitializer.java:325)
	at de.uka.ilkd.key.proof.init.ProblemInitializer.prepare(ProblemInitializer.java:449)
	at de.uka.ilkd.key.proof.io.AbstractProblemLoader.createInitConfig(AbstractProblemLoader.java:518)
	at de.uka.ilkd.key.proof.io.AbstractProblemLoader.loadEnvironment(AbstractProblemLoader.java:288)
	at de.uka.ilkd.key.proof.io.AbstractProblemLoader.load(AbstractProblemLoader.java:252)
	at de.uka.ilkd.key.control.AbstractUserInterfaceControl.load(AbstractUserInterfaceControl.java:209)
	... 7 more
Caused by: java.lang.RuntimeException: Could not find rule file rules/intRulesCheckedSemantics.key
	at de.uka.ilkd.key.proof.io.RuleSourceFactory.fromBuiltInRule(RuleSourceFactory.java:32)
	at de.uka.ilkd.key.proof.io.RuleSourceFactory.fromDefaultLocation(RuleSourceFactory.java:21)
	at de.uka.ilkd.key.nparser.builder.IncludeFinder.addInclude(IncludeFinder.java:63)
	at de.uka.ilkd.key.nparser.builder.IncludeFinder.visitOne_include(IncludeFinder.java:43)
	at de.uka.ilkd.key.nparser.builder.IncludeFinder.visitOne_include(IncludeFinder.java:20)
	at de.uka.ilkd.key.nparser.KeYParser$One_includeContext.accept(KeYParser.java:878)
	at de.uka.ilkd.key.nparser.builder.AbstractBuilder.lambda$mapOf$0(AbstractBuilder.java:112)
	at java.base/java.util.stream.ReferencePipeline$3$1.accept(ReferencePipeline.java:195)
	at java.base/java.util.ArrayList$ArrayListSpliterator.forEachRemaining(ArrayList.java:1655)
	at java.base/java.util.stream.AbstractPipeline.copyInto(AbstractPipeline.java:484)
	at java.base/java.util.stream.AbstractPipeline.wrapAndCopyInto(AbstractPipeline.java:474)
	at java.base/java.util.stream.ReduceOps$ReduceOp.evaluateSequential(ReduceOps.java:913)
	at java.base/java.util.stream.AbstractPipeline.evaluate(AbstractPipeline.java:234)
	at java.base/java.util.stream.ReferencePipeline.collect(ReferencePipeline.java:578)
	at de.uka.ilkd.key.nparser.builder.AbstractBuilder.mapOf(AbstractBuilder.java:112)
	at de.uka.ilkd.key.nparser.builder.IncludeFinder.visitOne_include_statement(IncludeFinder.java:35)
	at de.uka.ilkd.key.nparser.builder.IncludeFinder.visitOne_include_statement(IncludeFinder.java:20)
	at de.uka.ilkd.key.nparser.KeYParser$One_include_statementContext.accept(KeYParser.java:802)
	at org.antlr.v4.runtime.tree.AbstractParseTreeVisitor.visitChildren(AbstractParseTreeVisitor.java:46)
	at de.uka.ilkd.key.nparser.KeYParserBaseVisitor.visitDecls(KeYParserBaseVisitor.java:30)
	at de.uka.ilkd.key.nparser.KeYParser$DeclsContext.accept(KeYParser.java:500)
	at org.antlr.v4.runtime.tree.AbstractParseTreeVisitor.visitChildren(AbstractParseTreeVisitor.java:46)
	at de.uka.ilkd.key.nparser.KeYParserBaseVisitor.visitFile(KeYParserBaseVisitor.java:23)
	at de.uka.ilkd.key.nparser.KeYParser$FileContext.accept(KeYParser.java:306)
	at de.uka.ilkd.key.nparser.KeyAst.accept(KeyAst.java:41)
	at de.uka.ilkd.key.nparser.KeyAst$File.getIncludes(KeyAst.java:76)
	at de.uka.ilkd.key.proof.io.KeYFile.readIncludes(KeYFile.java:208)
	... 14 more
Could not find rule file rules/intRulesCheckedSemantics.key (file: /home/runner/work/key/key/key.core/../key.ui/examples/index/.././heap/comprehensions/bsumSplit.key; caused by: de.uka.ilkd.key.proof.init.ProofInputException: Could not find rule file rules/intRulesCheckedSemantics.key)
	at de.uka.ilkd.key.control.AbstractUserInterfaceControl.load(AbstractUserInterfaceControl.java:221)
	at de.uka.ilkd.key.control.KeYEnvironment.load(KeYEnvironment.java:251)
	at de.uka.ilkd.key.control.KeYEnvironment.load(KeYEnvironment.java:224)
	at de.uka.ilkd.key.control.KeYEnvironment.load(KeYEnvironment.java:184)
	at de.uka.ilkd.key.control.KeYEnvironment.load(KeYEnvironment.java:261)
	at de.uka.ilkd.key.proof.runallproofs.proofcollection.TestFile.load(TestFile.java:270)
	at de.uka.ilkd.key.proof.runallproofs.proofcollection.TestFile.runKey(TestFile.java:160)
	at de.uka.ilkd.key.proof.runallproofs.proofcollection.ForkedTestFileRunner.main(ForkedTestFileRunner.java:171)
Caused by: de.uka.ilkd.key.proof.init.ProofInputException: Could not find rule file rules/intRulesCheckedSemantics.key
	at de.uka.ilkd.key.proof.io.KeYFile.readIncludes(KeYFile.java:210)
	at de.uka.ilkd.key.proof.init.ProblemInitializer.readIncludes(ProblemInitializer.java:177)
	at de.uka.ilkd.key.proof.init.ProblemInitializer.readEnvInput(ProblemInitializer.java:325)
	at de.uka.ilkd.key.proof.init.ProblemInitializer.prepare(ProblemInitializer.java:449)
	at de.uka.ilkd.key.proof.io.AbstractProblemLoader.createInitConfig(AbstractProblemLoader.java:518)
	at de.uka.ilkd.key.proof.io.AbstractProblemLoader.loadEnvironment(AbstractProblemLoader.java:288)
	at de.uka.ilkd.key.proof.io.AbstractProblemLoader.load(AbstractProblemLoader.java:252)
	at de.uka.ilkd.key.control.AbstractUserInterfaceControl.load(AbstractUserInterfaceControl.java:209)
	... 7 more
Caused by: java.lang.RuntimeException: Could not find rule file rules/intRulesCheckedSemantics.key
	at de.uka.ilkd.key.proof.io.RuleSourceFactory.fromBuiltInRule(RuleSourceFactory.java:32)
	at de.uka.ilkd.key.proof.io.RuleSourceFactory.fromDefaultLocation(RuleSourceFactory.java:21)
	at de.uka.ilkd.key.nparser.builder.IncludeFinder.addInclude(IncludeFinder.java:63)
	at de.uka.ilkd.key.nparser.builder.IncludeFinder.visitOne_include(IncludeFinder.java:43)
	at de.uka.ilkd.key.nparser.builder.IncludeFinder.visitOne_include(IncludeFinder.java:20)
	at de.uka.ilkd.key.nparser.KeYParser$One_includeContext.accept(KeYParser.java:878)
	at de.uka.ilkd.key.nparser.builder.AbstractBuilder.lambda$mapOf$0(AbstractBuilder.java:112)
	at java.base/java.util.stream.ReferencePipeline$3$1.accept(ReferencePipeline.java:195)
	at java.base/java.util.ArrayList$ArrayListSpliterator.forEachRemaining(ArrayList.java:1655)
	at java.base/java.util.stream.AbstractPipeline.copyInto(AbstractPipeline.java:484)
	at java.base/java.util.stream.AbstractPipeline.wrapAndCopyInto(AbstractPipeline.java:474)
	at java.base/java.util.stream.ReduceOps$ReduceOp.evaluateSequential(ReduceOps.java:913)
	at java.base/java.util.stream.AbstractPipeline.evaluate(AbstractPipeline.java:234)
	at java.base/java.util.stream.ReferencePipeline.collect(ReferencePipeline.java:578)
	at de.uka.ilkd.key.nparser.builder.AbstractBuilder.mapOf(AbstractBuilder.java:112)
	at de.uka.ilkd.key.nparser.builder.IncludeFinder.visitOne_include_statement(IncludeFinder.java:35)
	at de.uka.ilkd.key.nparser.builder.IncludeFinder.visitOne_include_statement(IncludeFinder.java:20)
	at de.uka.ilkd.key.nparser.KeYParser$One_include_statementContext.accept(KeYParser.java:802)
	at org.antlr.v4.runtime.tree.AbstractParseTreeVisitor.visitChildren(AbstractParseTreeVisitor.java:46)
	at de.uka.ilkd.key.nparser.KeYParserBaseVisitor.visitDecls(KeYParserBaseVisitor.java:30)
	at de.uka.ilkd.key.nparser.KeYParser$DeclsContext.accept(KeYParser.java:500)
	at org.antlr.v4.runtime.tree.AbstractParseTreeVisitor.visitChildren(AbstractParseTreeVisitor.java:46)
	at de.uka.ilkd.key.nparser.KeYParserBaseVisitor.visitFile(KeYParserBaseVisitor.java:23)
	at de.uka.ilkd.key.nparser.KeYParser$FileContext.accept(KeYParser.java:306)
	at de.uka.ilkd.key.nparser.KeyAst.accept(KeyAst.java:41)
	at de.uka.ilkd.key.nparser.KeyAst$File.getIncludes(KeyAst.java:76)
	at de.uka.ilkd.key.proof.io.KeYFile.readIncludes(KeYFile.java:208)
	... 14 more
Could not find rule file rules/intRulesCheckedSemantics.key (file: /home/runner/work/key/key/key.core/../key.ui/examples/index/.././heap/comprehensions/bprodSplit.key; caused by: de.uka.ilkd.key.proof.init.ProofInputException: Could not find rule file rules/intRulesCheckedSemantics.key)
	at de.uka.ilkd.key.control.AbstractUserInterfaceControl.load(AbstractUserInterfaceControl.java:221)
	at de.uka.ilkd.key.control.KeYEnvironment.load(KeYEnvironment.java:251)
	at de.uka.ilkd.key.control.KeYEnvironment.load(KeYEnvironment.java:224)
	at de.uka.ilkd.key.control.KeYEnvironment.load(KeYEnvironment.java:184)
	at de.uka.ilkd.key.control.KeYEnvironment.load(KeYEnvironment.java:261)
	at de.uka.ilkd.key.proof.runallproofs.proofcollection.TestFile.load(TestFile.java:270)
	at de.uka.ilkd.key.proof.runallproofs.proofcollection.TestFile.runKey(TestFile.java:160)
	at de.uka.ilkd.key.proof.runallproofs.proofcollection.ForkedTestFileRunner.main(ForkedTestFileRunner.java:171)
Caused by: de.uka.ilkd.key.proof.init.ProofInputException: Could not find rule file rules/intRulesCheckedSemantics.key
	at de.uka.ilkd.key.proof.io.KeYFile.readIncludes(KeYFile.java:210)
	at de.uka.ilkd.key.proof.init.ProblemInitializer.readIncludes(ProblemInitializer.java:177)
	at de.uka.ilkd.key.proof.init.ProblemInitializer.readEnvInput(ProblemInitializer.java:325)
	at de.uka.ilkd.key.proof.init.ProblemInitializer.prepare(ProblemInitializer.java:449)
	at de.uka.ilkd.key.proof.io.AbstractProblemLoader.createInitConfig(AbstractProblemLoader.java:518)
	at de.uka.ilkd.key.proof.io.AbstractProblemLoader.loadEnvironment(AbstractProblemLoader.java:288)
	at de.uka.ilkd.key.proof.io.AbstractProblemLoader.load(AbstractProblemLoader.java:252)
	at de.uka.ilkd.key.control.AbstractUserInterfaceControl.load(AbstractUserInterfaceControl.java:209)
	... 7 more
Caused by: java.lang.RuntimeException: Could not find rule file rules/intRulesCheckedSemantics.key
	at de.uka.ilkd.key.proof.io.RuleSourceFactory.fromBuiltInRule(RuleSourceFactory.java:32)
	at de.uka.ilkd.key.proof.io.RuleSourceFactory.fromDefaultLocation(RuleSourceFactory.java:21)
	at de.uka.ilkd.key.nparser.builder.IncludeFinder.addInclude(IncludeFinder.java:63)
	at de.uka.ilkd.key.nparser.builder.IncludeFinder.visitOne_include(IncludeFinder.java:43)
	at de.uka.ilkd.key.nparser.builder.IncludeFinder.visitOne_include(IncludeFinder.java:20)
	at de.uka.ilkd.key.nparser.KeYParser$One_includeContext.accept(KeYParser.java:878)
	at de.uka.ilkd.key.nparser.builder.AbstractBuilder.lambda$mapOf$0(AbstractBuilder.java:112)
	at java.base/java.util.stream.ReferencePipeline$3$1.accept(ReferencePipeline.java:195)
	at java.base/java.util.ArrayList$ArrayListSpliterator.forEachRemaining(ArrayList.java:1655)
	at java.base/java.util.stream.AbstractPipeline.copyInto(AbstractPipeline.java:484)
	at java.base/java.util.stream.AbstractPipeline.wrapAndCopyInto(AbstractPipeline.java:474)
	at java.base/java.util.stream.ReduceOps$ReduceOp.evaluateSequential(ReduceOps.java:913)
	at java.base/java.util.stream.AbstractPipeline.evaluate(AbstractPipeline.java:234)
	at java.base/java.util.stream.ReferencePipeline.collect(ReferencePipeline.java:578)
	at de.uka.ilkd.key.nparser.builder.AbstractBuilder.mapOf(AbstractBuilder.java:112)
	at de.uka.ilkd.key.nparser.builder.IncludeFinder.visitOne_include_statement(IncludeFinder.java:35)
	at de.uka.ilkd.key.nparser.builder.IncludeFinder.visitOne_include_statement(IncludeFinder.java:20)
	at de.uka.ilkd.key.nparser.KeYParser$One_include_statementContext.accept(KeYParser.java:802)
	at org.antlr.v4.runtime.tree.AbstractParseTreeVisitor.visitChildren(AbstractParseTreeVisitor.java:46)
	at de.uka.ilkd.key.nparser.KeYParserBaseVisitor.visitDecls(KeYParserBaseVisitor.java:30)
	at de.uka.ilkd.key.nparser.KeYParser$DeclsContext.accept(KeYParser.java:500)
	at org.antlr.v4.runtime.tree.AbstractParseTreeVisitor.visitChildren(AbstractParseTreeVisitor.java:46)
	at de.uka.ilkd.key.nparser.KeYParserBaseVisitor.visitFile(KeYParserBaseVisitor.java:23)
	at de.uka.ilkd.key.nparser.KeYParser$FileContext.accept(KeYParser.java:306)
	at de.uka.ilkd.key.nparser.KeyAst.accept(KeyAst.java:41)
	at de.uka.ilkd.key.nparser.KeyAst$File.getIncludes(KeyAst.java:76)
	at de.uka.ilkd.key.proof.io.KeYFile.readIncludes(KeYFile.java:208)
	... 14 more
Could not find rule file rules/intRulesCheckedSemantics.key (file: /home/runner/work/key/key/key.core/../key.ui/examples/index/.././heap/comprehensions/bsumSplitInvalid.key; caused by: de.uka.ilkd.key.proof.init.ProofInputException: Could not find rule file rules/intRulesCheckedSemantics.key)
	at de.uka.ilkd.key.control.AbstractUserInterfaceControl.load(AbstractUserInterfaceControl.java:221)
	at de.uka.ilkd.key.control.KeYEnvironment.load(KeYEnvironment.java:251)
	at de.uka.ilkd.key.control.KeYEnvironment.load(KeYEnvironment.java:224)
	at de.uka.ilkd.key.control.KeYEnvironment.load(KeYEnvironment.java:184)
	at de.uka.ilkd.key.control.KeYEnvironment.load(KeYEnvironment.java:261)
	at de.uka.ilkd.key.proof.runallproofs.proofcollection.TestFile.load(TestFile.java:270)
	at de.uka.ilkd.key.proof.runallproofs.proofcollection.TestFile.runKey(TestFile.java:160)
	at de.uka.ilkd.key.proof.runallproofs.proofcollection.ForkedTestFileRunner.main(ForkedTestFileRunner.java:171)
Caused by: de.uka.ilkd.key.proof.init.ProofInputException: Could not find rule file rules/intRulesCheckedSemantics.key
	at de.uka.ilkd.key.proof.io.KeYFile.readIncludes(KeYFile.java:210)
	at de.uka.ilkd.key.proof.init.ProblemInitializer.readIncludes(ProblemInitializer.java:177)
	at de.uka.ilkd.key.proof.init.ProblemInitializer.readEnvInput(ProblemInitializer.java:325)
	at de.uka.ilkd.key.proof.init.ProblemInitializer.prepare(ProblemInitializer.java:449)
	at de.uka.ilkd.key.proof.io.AbstractProblemLoader.createInitConfig(AbstractProblemLoader.java:518)
	at de.uka.ilkd.key.proof.io.AbstractProblemLoader.loadEnvironment(AbstractProblemLoader.java:288)
	at de.uka.ilkd.key.proof.io.AbstractProblemLoader.load(AbstractProblemLoader.java:252)
	at de.uka.ilkd.key.control.AbstractUserInterfaceControl.load(AbstractUserInterfaceControl.java:209)
	... 7 more
Caused by: java.lang.RuntimeException: Could not find rule file rules/intRulesCheckedSemantics.key
	at de.uka.ilkd.key.proof.io.RuleSourceFactory.fromBuiltInRule(RuleSourceFactory.java:32)
	at de.uka.ilkd.key.proof.io.RuleSourceFactory.fromDefaultLocation(RuleSourceFactory.java:21)
	at de.uka.ilkd.key.nparser.builder.IncludeFinder.addInclude(IncludeFinder.java:63)
	at de.uka.ilkd.key.nparser.builder.IncludeFinder.visitOne_include(IncludeFinder.java:43)
	at de.uka.ilkd.key.nparser.builder.IncludeFinder.visitOne_include(IncludeFinder.java:20)
	at de.uka.ilkd.key.nparser.KeYParser$One_includeContext.accept(KeYParser.java:878)
	at de.uka.ilkd.key.nparser.builder.AbstractBuilder.lambda$mapOf$0(AbstractBuilder.java:112)
	at java.base/java.util.stream.ReferencePipeline$3$1.accept(ReferencePipeline.java:195)
	at java.base/java.util.ArrayList$ArrayListSpliterator.forEachRemaining(ArrayList.java:1655)
	at java.base/java.util.stream.AbstractPipeline.copyInto(AbstractPipeline.java:484)
	at java.base/java.util.stream.AbstractPipeline.wrapAndCopyInto(AbstractPipeline.java:474)
	at java.base/java.util.stream.ReduceOps$ReduceOp.evaluateSequential(ReduceOps.java:913)
	at java.base/java.util.stream.AbstractPipeline.evaluate(AbstractPipeline.java:234)
	at java.base/java.util.stream.ReferencePipeline.collect(ReferencePipeline.java:578)
	at de.uka.ilkd.key.nparser.builder.AbstractBuilder.mapOf(AbstractBuilder.java:112)
	at de.uka.ilkd.key.nparser.builder.IncludeFinder.visitOne_include_statement(IncludeFinder.java:35)
	at de.uka.ilkd.key.nparser.builder.IncludeFinder.visitOne_include_statement(IncludeFinder.java:20)
	at de.uka.ilkd.key.nparser.KeYParser$One_include_statementContext.accept(KeYParser.java:802)
	at org.antlr.v4.runtime.tree.AbstractParseTreeVisitor.visitChildren(AbstractParseTreeVisitor.java:46)
	at de.uka.ilkd.key.nparser.KeYParserBaseVisitor.visitDecls(KeYParserBaseVisitor.java:30)
	at de.uka.ilkd.key.nparser.KeYParser$DeclsContext.accept(KeYParser.java:500)
	at org.antlr.v4.runtime.tree.AbstractParseTreeVisitor.visitChildren(AbstractParseTreeVisitor.java:46)
	at de.uka.ilkd.key.nparser.KeYParserBaseVisitor.visitFile(KeYParserBaseVisitor.java:23)
	at de.uka.ilkd.key.nparser.KeYParser$FileContext.accept(KeYParser.java:306)
	at de.uka.ilkd.key.nparser.KeyAst.accept(KeyAst.java:41)
	at de.uka.ilkd.key.nparser.KeyAst$File.getIncludes(KeyAst.java:76)
	at de.uka.ilkd.key.proof.io.KeYFile.readIncludes(KeYFile.java:208)
	... 14 more
Exception in thread "main" org.opentest4j.AssertionFailedError: Exception during the execution of proofs. See log for more details.
	at org.junit.jupiter.api.AssertionUtils.fail(AssertionUtils.java:39)
	at org.junit.jupiter.api.Assertions.fail(Assertions.java:134)
	at de.uka.ilkd.key.proof.runallproofs.proofcollection.ForkedTestFileRunner.main(ForkedTestFileRunner.java:192)
Timeout watcher launched (2000 secs.)
Could not find rule file rules/intRulesCheckedSemantics.key (file: /home/runner/work/key/key/key.core/../key.ui/examples/index/.././performance-test/Disjoint(Disjoint__disjoint_08()).JML_operation_contract.0.key; caused by: de.uka.ilkd.key.proof.init.ProofInputException: Could not find rule file rules/intRulesCheckedSemantics.key)
	at de.uka.ilkd.key.control.AbstractUserInterfaceControl.load(AbstractUserInterfaceControl.java:221)
	at de.uka.ilkd.key.control.KeYEnvironment.load(KeYEnvironment.java:251)
	at de.uka.ilkd.key.control.KeYEnvironment.load(KeYEnvironment.java:224)
	at de.uka.ilkd.key.control.KeYEnvironment.load(KeYEnvironment.java:184)
	at de.uka.ilkd.key.control.KeYEnvironment.load(KeYEnvironment.java:261)
	at de.uka.ilkd.key.proof.runallproofs.proofcollection.TestFile.load(TestFile.java:270)
	at de.uka.ilkd.key.proof.runallproofs.proofcollection.TestFile.runKey(TestFile.java:160)
	at de.uka.ilkd.key.proof.runallproofs.proofcollection.ForkedTestFileRunner.main(ForkedTestFileRunner.java:171)
Caused by: de.uka.ilkd.key.proof.init.ProofInputException: Could not find rule file rules/intRulesCheckedSemantics.key
	at de.uka.ilkd.key.proof.io.KeYFile.readIncludes(KeYFile.java:210)
	at de.uka.ilkd.key.proof.init.ProblemInitializer.readIncludes(ProblemInitializer.java:177)
	at de.uka.ilkd.key.proof.init.ProblemInitializer.readEnvInput(ProblemInitializer.java:325)
	at de.uka.ilkd.key.proof.init.ProblemInitializer.prepare(ProblemInitializer.java:449)
	at de.uka.ilkd.key.proof.io.AbstractProblemLoader.createInitConfig(AbstractProblemLoader.java:518)
	at de.uka.ilkd.key.proof.io.AbstractProblemLoader.loadEnvironment(AbstractProblemLoader.java:288)
	at de.uka.ilkd.key.proof.io.AbstractProblemLoader.load(AbstractProblemLoader.java:252)
	at de.uka.ilkd.key.control.AbstractUserInterfaceControl.load(AbstractUserInterfaceControl.java:209)
	... 7 more
Caused by: java.lang.RuntimeException: Could not find rule file rules/intRulesCheckedSemantics.key
	at de.uka.ilkd.key.proof.io.RuleSourceFactory.fromBuiltInRule(RuleSourceFactory.java:32)
	at de.uka.ilkd.key.proof.io.RuleSourceFactory.fromDefaultLocation(RuleSourceFactory.java:21)
	at de.uka.ilkd.key.nparser.builder.IncludeFinder.addInclude(IncludeFinder.java:63)
	at de.uka.ilkd.key.nparser.builder.IncludeFinder.visitOne_include(IncludeFinder.java:43)
	at de.uka.ilkd.key.nparser.builder.IncludeFinder.visitOne_include(IncludeFinder.java:20)
	at de.uka.ilkd.key.nparser.KeYParser$One_includeContext.accept(KeYParser.java:878)
	at de.uka.ilkd.key.nparser.builder.AbstractBuilder.lambda$mapOf$0(AbstractBuilder.java:112)
	at java.base/java.util.stream.ReferencePipeline$3$1.accept(ReferencePipeline.java:195)
	at java.base/java.util.ArrayList$ArrayListSpliterator.forEachRemaining(ArrayList.java:1655)
	at java.base/java.util.stream.AbstractPipeline.copyInto(AbstractPipeline.java:484)
	at java.base/java.util.stream.AbstractPipeline.wrapAndCopyInto(AbstractPipeline.java:474)
	at java.base/java.util.stream.ReduceOps$ReduceOp.evaluateSequential(ReduceOps.java:913)
	at java.base/java.util.stream.AbstractPipeline.evaluate(AbstractPipeline.java:234)
	at java.base/java.util.stream.ReferencePipeline.collect(ReferencePipeline.java:578)
	at de.uka.ilkd.key.nparser.builder.AbstractBuilder.mapOf(AbstractBuilder.java:112)
	at de.uka.ilkd.key.nparser.builder.IncludeFinder.visitOne_include_statement(IncludeFinder.java:35)
	at de.uka.ilkd.key.nparser.builder.IncludeFinder.visitOne_include_statement(IncludeFinder.java:20)
	at de.uka.ilkd.key.nparser.KeYParser$One_include_statementContext.accept(KeYParser.java:802)
	at org.antlr.v4.runtime.tree.AbstractParseTreeVisitor.visitChildren(AbstractParseTreeVisitor.java:46)
	at de.uka.ilkd.key.nparser.KeYParserBaseVisitor.visitDecls(KeYParserBaseVisitor.java:30)
	at de.uka.ilkd.key.nparser.KeYParser$DeclsContext.accept(KeYParser.java:500)
	at org.antlr.v4.runtime.tree.AbstractParseTreeVisitor.visitChildren(AbstractParseTreeVisitor.java:46)
	at de.uka.ilkd.key.nparser.KeYParserBaseVisitor.visitFile(KeYParserBaseVisitor.java:23)
	at de.uka.ilkd.key.nparser.KeYParser$FileContext.accept(KeYParser.java:306)
	at de.uka.ilkd.key.nparser.KeyAst.accept(KeyAst.java:41)
	at de.uka.ilkd.key.nparser.KeyAst$File.getIncludes(KeyAst.java:76)
	at de.uka.ilkd.key.proof.io.KeYFile.readIncludes(KeYFile.java:208)
	... 14 more
Could not find rule file rules/intRulesCheckedSemantics.key (file: /home/runner/work/key/key/key.core/../key.ui/examples/index/.././performance-test/Disjoint(Disjoint__disjoint2_08()).JML_operation_contract.0.key; caused by: de.uka.ilkd.key.proof.init.ProofInputException: Could not find rule file rules/intRulesCheckedSemantics.key)
	at de.uka.ilkd.key.control.AbstractUserInterfaceControl.load(AbstractUserInterfaceControl.java:221)
	at de.uka.ilkd.key.control.KeYEnvironment.load(KeYEnvironment.java:251)
	at de.uka.ilkd.key.control.KeYEnvironment.load(KeYEnvironment.java:224)
	at de.uka.ilkd.key.control.KeYEnvironment.load(KeYEnvironment.java:184)
	at de.uka.ilkd.key.control.KeYEnvironment.load(KeYEnvironment.java:261)
	at de.uka.ilkd.key.proof.runallproofs.proofcollection.TestFile.load(TestFile.java:270)
	at de.uka.ilkd.key.proof.runallproofs.proofcollection.TestFile.runKey(TestFile.java:160)
	at de.uka.ilkd.key.proof.runallproofs.proofcollection.ForkedTestFileRunner.main(ForkedTestFileRunner.java:171)
Caused by: de.uka.ilkd.key.proof.init.ProofInputException: Could not find rule file rules/intRulesCheckedSemantics.key
	at de.uka.ilkd.key.proof.io.KeYFile.readIncludes(KeYFile.java:210)
	at de.uka.ilkd.key.proof.init.ProblemInitializer.readIncludes(ProblemInitializer.java:177)
	at de.uka.ilkd.key.proof.init.ProblemInitializer.readEnvInput(ProblemInitializer.java:325)
	at de.uka.ilkd.key.proof.init.ProblemInitializer.prepare(ProblemInitializer.java:449)
	at de.uka.ilkd.key.proof.io.AbstractProblemLoader.createInitConfig(AbstractProblemLoader.java:518)
	at de.uka.ilkd.key.proof.io.AbstractProblemLoader.loadEnvironment(AbstractProblemLoader.java:288)
	at de.uka.ilkd.key.proof.io.AbstractProblemLoader.load(AbstractProblemLoader.java:252)
	at de.uka.ilkd.key.control.AbstractUserInterfaceControl.load(AbstractUserInterfaceControl.java:209)
	... 7 more
Caused by: java.lang.RuntimeException: Could not find rule file rules/intRulesCheckedSemantics.key
	at de.uka.ilkd.key.proof.io.RuleSourceFactory.fromBuiltInRule(RuleSourceFactory.java:32)
	at de.uka.ilkd.key.proof.io.RuleSourceFactory.fromDefaultLocation(RuleSourceFactory.java:21)
	at de.uka.ilkd.key.nparser.builder.IncludeFinder.addInclude(IncludeFinder.java:63)
	at de.uka.ilkd.key.nparser.builder.IncludeFinder.visitOne_include(IncludeFinder.java:43)
	at de.uka.ilkd.key.nparser.builder.IncludeFinder.visitOne_include(IncludeFinder.java:20)
	at de.uka.ilkd.key.nparser.KeYParser$One_includeContext.accept(KeYParser.java:878)
	at de.uka.ilkd.key.nparser.builder.AbstractBuilder.lambda$mapOf$0(AbstractBuilder.java:112)
	at java.base/java.util.stream.ReferencePipeline$3$1.accept(ReferencePipeline.java:195)
	at java.base/java.util.ArrayList$ArrayListSpliterator.forEachRemaining(ArrayList.java:1655)
	at java.base/java.util.stream.AbstractPipeline.copyInto(AbstractPipeline.java:484)
	at java.base/java.util.stream.AbstractPipeline.wrapAndCopyInto(AbstractPipeline.java:474)
	at java.base/java.util.stream.ReduceOps$ReduceOp.evaluateSequential(ReduceOps.java:913)
	at java.base/java.util.stream.AbstractPipeline.evaluate(AbstractPipeline.java:234)
	at java.base/java.util.stream.ReferencePipeline.collect(ReferencePipeline.java:578)
	at de.uka.ilkd.key.nparser.builder.AbstractBuilder.mapOf(AbstractBuilder.java:112)
	at de.uka.ilkd.key.nparser.builder.IncludeFinder.visitOne_include_statement(IncludeFinder.java:35)
	at de.uka.ilkd.key.nparser.builder.IncludeFinder.visitOne_include_statement(IncludeFinder.java:20)
	at de.uka.ilkd.key.nparser.KeYParser$One_include_statementContext.accept(KeYParser.java:802)
	at org.antlr.v4.runtime.tree.AbstractParseTreeVisitor.visitChildren(AbstractParseTreeVisitor.java:46)
	at de.uka.ilkd.key.nparser.KeYParserBaseVisitor.visitDecls(KeYParserBaseVisitor.java:30)
	at de.uka.ilkd.key.nparser.KeYParser$DeclsContext.accept(KeYParser.java:500)
	at org.antlr.v4.runtime.tree.AbstractParseTreeVisitor.visitChildren(AbstractParseTreeVisitor.java:46)
	at de.uka.ilkd.key.nparser.KeYParserBaseVisitor.visitFile(KeYParserBaseVisitor.java:23)
	at de.uka.ilkd.key.nparser.KeYParser$FileContext.accept(KeYParser.java:306)
	at de.uka.ilkd.key.nparser.KeyAst.accept(KeyAst.java:41)
	at de.uka.ilkd.key.nparser.KeyAst$File.getIncludes(KeyAst.java:76)
	at de.uka.ilkd.key.proof.io.KeYFile.readIncludes(KeYFile.java:208)
	... 14 more
Could not find rule file rules/intRulesCheckedSemantics.key (file: /home/runner/work/key/key/key.core/../key.ui/examples/index/.././performance-test/AccessChain1(AccessChain1__foo_08()).JML_operation_contract.0.key; caused by: de.uka.ilkd.key.proof.init.ProofInputException: Could not find rule file rules/intRulesCheckedSemantics.key)
	at de.uka.ilkd.key.control.AbstractUserInterfaceControl.load(AbstractUserInterfaceControl.java:221)
	at de.uka.ilkd.key.control.KeYEnvironment.load(KeYEnvironment.java:251)
	at de.uka.ilkd.key.control.KeYEnvironment.load(KeYEnvironment.java:224)
	at de.uka.ilkd.key.control.KeYEnvironment.load(KeYEnvironment.java:184)
	at de.uka.ilkd.key.control.KeYEnvironment.load(KeYEnvironment.java:261)
	at de.uka.ilkd.key.proof.runallproofs.proofcollection.TestFile.load(TestFile.java:270)
	at de.uka.ilkd.key.proof.runallproofs.proofcollection.TestFile.runKey(TestFile.java:160)
	at de.uka.ilkd.key.proof.runallproofs.proofcollection.ForkedTestFileRunner.main(ForkedTestFileRunner.java:171)
Caused by: de.uka.ilkd.key.proof.init.ProofInputException: Could not find rule file rules/intRulesCheckedSemantics.key
	at de.uka.ilkd.key.proof.io.KeYFile.readIncludes(KeYFile.java:210)
	at de.uka.ilkd.key.proof.init.ProblemInitializer.readIncludes(ProblemInitializer.java:177)
	at de.uka.ilkd.key.proof.init.ProblemInitializer.readEnvInput(ProblemInitializer.java:325)
	at de.uka.ilkd.key.proof.init.ProblemInitializer.prepare(ProblemInitializer.java:449)
	at de.uka.ilkd.key.proof.io.AbstractProblemLoader.createInitConfig(AbstractProblemLoader.java:518)
	at de.uka.ilkd.key.proof.io.AbstractProblemLoader.loadEnvironment(AbstractProblemLoader.java:288)
	at de.uka.ilkd.key.proof.io.AbstractProblemLoader.load(AbstractProblemLoader.java:252)
	at de.uka.ilkd.key.control.AbstractUserInterfaceControl.load(AbstractUserInterfaceControl.java:209)
	... 7 more
Caused by: java.lang.RuntimeException: Could not find rule file rules/intRulesCheckedSemantics.key
	at de.uka.ilkd.key.proof.io.RuleSourceFactory.fromBuiltInRule(RuleSourceFactory.java:32)
	at de.uka.ilkd.key.proof.io.RuleSourceFactory.fromDefaultLocation(RuleSourceFactory.java:21)
	at de.uka.ilkd.key.nparser.builder.IncludeFinder.addInclude(IncludeFinder.java:63)
	at de.uka.ilkd.key.nparser.builder.IncludeFinder.visitOne_include(IncludeFinder.java:43)
	at de.uka.ilkd.key.nparser.builder.IncludeFinder.visitOne_include(IncludeFinder.java:20)
	at de.uka.ilkd.key.nparser.KeYParser$One_includeContext.accept(KeYParser.java:878)
	at de.uka.ilkd.key.nparser.builder.AbstractBuilder.lambda$mapOf$0(AbstractBuilder.java:112)
	at java.base/java.util.stream.ReferencePipeline$3$1.accept(ReferencePipeline.java:195)
	at java.base/java.util.ArrayList$ArrayListSpliterator.forEachRemaining(ArrayList.java:1655)
	at java.base/java.util.stream.AbstractPipeline.copyInto(AbstractPipeline.java:484)
	at java.base/java.util.stream.AbstractPipeline.wrapAndCopyInto(AbstractPipeline.java:474)
	at java.base/java.util.stream.ReduceOps$ReduceOp.evaluateSequential(ReduceOps.java:913)
	at java.base/java.util.stream.AbstractPipeline.evaluate(AbstractPipeline.java:234)
	at java.base/java.util.stream.ReferencePipeline.collect(ReferencePipeline.java:578)
	at de.uka.ilkd.key.nparser.builder.AbstractBuilder.mapOf(AbstractBuilder.java:112)
	at de.uka.ilkd.key.nparser.builder.IncludeFinder.visitOne_include_statement(IncludeFinder.java:35)
	at de.uka.ilkd.key.nparser.builder.IncludeFinder.visitOne_include_statement(IncludeFinder.java:20)
	at de.uka.ilkd.key.nparser.KeYParser$One_include_statementContext.accept(KeYParser.java:802)
	at org.antlr.v4.runtime.tree.AbstractParseTreeVisitor.visitChildren(AbstractParseTreeVisitor.java:46)
	at de.uka.ilkd.key.nparser.KeYParserBaseVisitor.visitDecls(KeYParserBaseVisitor.java:30)
	at de.uka.ilkd.key.nparser.KeYParser$DeclsContext.accept(KeYParser.java:500)
	at org.antlr.v4.runtime.tree.AbstractParseTreeVisitor.visitChildren(AbstractParseTreeVisitor.java:46)
	at de.uka.ilkd.key.nparser.KeYParserBaseVisitor.visitFile(KeYParserBaseVisitor.java:23)
	at de.uka.ilkd.key.nparser.KeYParser$FileContext.accept(KeYParser.java:306)
	at de.uka.ilkd.key.nparser.KeyAst.accept(KeyAst.java:41)
	at de.uka.ilkd.key.nparser.KeyAst$File.getIncludes(KeyAst.java:76)
	at de.uka.ilkd.key.proof.io.KeYFile.readIncludes(KeYFile.java:208)
	... 14 more
Could not find rule file rules/intRulesCheckedSemantics.key (file: /home/runner/work/key/key/key.core/../key.ui/examples/index/.././performance-test/AccessChain4(AccessChain4__foo_08()).JML_operation_contract.0.key; caused by: de.uka.ilkd.key.proof.init.ProofInputException: Could not find rule file rules/intRulesCheckedSemantics.key)
	at de.uka.ilkd.key.control.AbstractUserInterfaceControl.load(AbstractUserInterfaceControl.java:221)
	at de.uka.ilkd.key.control.KeYEnvironment.load(KeYEnvironment.java:251)
	at de.uka.ilkd.key.control.KeYEnvironment.load(KeYEnvironment.java:224)
	at de.uka.ilkd.key.control.KeYEnvironment.load(KeYEnvironment.java:184)
	at de.uka.ilkd.key.control.KeYEnvironment.load(KeYEnvironment.java:261)
	at de.uka.ilkd.key.proof.runallproofs.proofcollection.TestFile.load(TestFile.java:270)
	at de.uka.ilkd.key.proof.runallproofs.proofcollection.TestFile.runKey(TestFile.java:160)
	at de.uka.ilkd.key.proof.runallproofs.proofcollection.ForkedTestFileRunner.main(ForkedTestFileRunner.java:171)
Caused by: de.uka.ilkd.key.proof.init.ProofInputException: Could not find rule file rules/intRulesCheckedSemantics.key
	at de.uka.ilkd.key.proof.io.KeYFile.readIncludes(KeYFile.java:210)
	at de.uka.ilkd.key.proof.init.ProblemInitializer.readIncludes(ProblemInitializer.java:177)
	at de.uka.ilkd.key.proof.init.ProblemInitializer.readEnvInput(ProblemInitializer.java:325)
	at de.uka.ilkd.key.proof.init.ProblemInitializer.prepare(ProblemInitializer.java:449)
	at de.uka.ilkd.key.proof.io.AbstractProblemLoader.createInitConfig(AbstractProblemLoader.java:518)
	at de.uka.ilkd.key.proof.io.AbstractProblemLoader.loadEnvironment(AbstractProblemLoader.java:288)
	at de.uka.ilkd.key.proof.io.AbstractProblemLoader.load(AbstractProblemLoader.java:252)
	at de.uka.ilkd.key.control.AbstractUserInterfaceControl.load(AbstractUserInterfaceControl.java:209)
	... 7 more
Caused by: java.lang.RuntimeException: Could not find rule file rules/intRulesCheckedSemantics.key
	at de.uka.ilkd.key.proof.io.RuleSourceFactory.fromBuiltInRule(RuleSourceFactory.java:32)
	at de.uka.ilkd.key.proof.io.RuleSourceFactory.fromDefaultLocation(RuleSourceFactory.java:21)
	at de.uka.ilkd.key.nparser.builder.IncludeFinder.addInclude(IncludeFinder.java:63)
	at de.uka.ilkd.key.nparser.builder.IncludeFinder.visitOne_include(IncludeFinder.java:43)
	at de.uka.ilkd.key.nparser.builder.IncludeFinder.visitOne_include(IncludeFinder.java:20)
	at de.uka.ilkd.key.nparser.KeYParser$One_includeContext.accept(KeYParser.java:878)
	at de.uka.ilkd.key.nparser.builder.AbstractBuilder.lambda$mapOf$0(AbstractBuilder.java:112)
	at java.base/java.util.stream.ReferencePipeline$3$1.accept(ReferencePipeline.java:195)
	at java.base/java.util.ArrayList$ArrayListSpliterator.forEachRemaining(ArrayList.java:1655)
	at java.base/java.util.stream.AbstractPipeline.copyInto(AbstractPipeline.java:484)
	at java.base/java.util.stream.AbstractPipeline.wrapAndCopyInto(AbstractPipeline.java:474)
	at java.base/java.util.stream.ReduceOps$ReduceOp.evaluateSequential(ReduceOps.java:913)
	at java.base/java.util.stream.AbstractPipeline.evaluate(AbstractPipeline.java:234)
	at java.base/java.util.stream.ReferencePipeline.collect(ReferencePipeline.java:578)
	at de.uka.ilkd.key.nparser.builder.AbstractBuilder.mapOf(AbstractBuilder.java:112)
	at de.uka.ilkd.key.nparser.builder.IncludeFinder.visitOne_include_statement(IncludeFinder.java:35)
	at de.uka.ilkd.key.nparser.builder.IncludeFinder.visitOne_include_statement(IncludeFinder.java:20)
	at de.uka.ilkd.key.nparser.KeYParser$One_include_statementContext.accept(KeYParser.java:802)
	at org.antlr.v4.runtime.tree.AbstractParseTreeVisitor.visitChildren(AbstractParseTreeVisitor.java:46)
	at de.uka.ilkd.key.nparser.KeYParserBaseVisitor.visitDecls(KeYParserBaseVisitor.java:30)
	at de.uka.ilkd.key.nparser.KeYParser$DeclsContext.accept(KeYParser.java:500)
	at org.antlr.v4.runtime.tree.AbstractParseTreeVisitor.visitChildren(AbstractParseTreeVisitor.java:46)
	at de.uka.ilkd.key.nparser.KeYParserBaseVisitor.visitFile(KeYParserBaseVisitor.java:23)
	at de.uka.ilkd.key.nparser.KeYParser$FileContext.accept(KeYParser.java:306)
	at de.uka.ilkd.key.nparser.KeyAst.accept(KeyAst.java:41)
	at de.uka.ilkd.key.nparser.KeyAst$File.getIncludes(KeyAst.java:76)
	at de.uka.ilkd.key.proof.io.KeYFile.readIncludes(KeYFile.java:208)
	... 14 more
Could not find rule file rules/intRulesCheckedSemantics.key (file: /home/runner/work/key/key/key.core/../key.ui/examples/index/.././performance-test/Disjoint(Disjoint__xZero_08()).JML_operation_contract.0.key; caused by: de.uka.ilkd.key.proof.init.ProofInputException: Could not find rule file rules/intRulesCheckedSemantics.key)
	at de.uka.ilkd.key.control.AbstractUserInterfaceControl.load(AbstractUserInterfaceControl.java:221)
	at de.uka.ilkd.key.control.KeYEnvironment.load(KeYEnvironment.java:251)
	at de.uka.ilkd.key.control.KeYEnvironment.load(KeYEnvironment.java:224)
	at de.uka.ilkd.key.control.KeYEnvironment.load(KeYEnvironment.java:184)
	at de.uka.ilkd.key.control.KeYEnvironment.load(KeYEnvironment.java:261)
	at de.uka.ilkd.key.proof.runallproofs.proofcollection.TestFile.load(TestFile.java:270)
	at de.uka.ilkd.key.proof.runallproofs.proofcollection.TestFile.runKey(TestFile.java:160)
	at de.uka.ilkd.key.proof.runallproofs.proofcollection.ForkedTestFileRunner.main(ForkedTestFileRunner.java:171)
Caused by: de.uka.ilkd.key.proof.init.ProofInputException: Could not find rule file rules/intRulesCheckedSemantics.key
	at de.uka.ilkd.key.proof.io.KeYFile.readIncludes(KeYFile.java:210)
	at de.uka.ilkd.key.proof.init.ProblemInitializer.readIncludes(ProblemInitializer.java:177)
	at de.uka.ilkd.key.proof.init.ProblemInitializer.readEnvInput(ProblemInitializer.java:325)
	at de.uka.ilkd.key.proof.init.ProblemInitializer.prepare(ProblemInitializer.java:449)
	at de.uka.ilkd.key.proof.io.AbstractProblemLoader.createInitConfig(AbstractProblemLoader.java:518)
	at de.uka.ilkd.key.proof.io.AbstractProblemLoader.loadEnvironment(AbstractProblemLoader.java:288)
	at de.uka.ilkd.key.proof.io.AbstractProblemLoader.load(AbstractProblemLoader.java:252)
	at de.uka.ilkd.key.control.AbstractUserInterfaceControl.load(AbstractUserInterfaceControl.java:209)
	... 7 more
Caused by: java.lang.RuntimeException: Could not find rule file rules/intRulesCheckedSemantics.key
	at de.uka.ilkd.key.proof.io.RuleSourceFactory.fromBuiltInRule(RuleSourceFactory.java:32)
	at de.uka.ilkd.key.proof.io.RuleSourceFactory.fromDefaultLocation(RuleSourceFactory.java:21)
	at de.uka.ilkd.key.nparser.builder.IncludeFinder.addInclude(IncludeFinder.java:63)
	at de.uka.ilkd.key.nparser.builder.IncludeFinder.visitOne_include(IncludeFinder.java:43)
	at de.uka.ilkd.key.nparser.builder.IncludeFinder.visitOne_include(IncludeFinder.java:20)
	at de.uka.ilkd.key.nparser.KeYParser$One_includeContext.accept(KeYParser.java:878)
	at de.uka.ilkd.key.nparser.builder.AbstractBuilder.lambda$mapOf$0(AbstractBuilder.java:112)
	at java.base/java.util.stream.ReferencePipeline$3$1.accept(ReferencePipeline.java:195)
	at java.base/java.util.ArrayList$ArrayListSpliterator.forEachRemaining(ArrayList.java:1655)
	at java.base/java.util.stream.AbstractPipeline.copyInto(AbstractPipeline.java:484)
	at java.base/java.util.stream.AbstractPipeline.wrapAndCopyInto(AbstractPipeline.java:474)
	at java.base/java.util.stream.ReduceOps$ReduceOp.evaluateSequential(ReduceOps.java:913)
	at java.base/java.util.stream.AbstractPipeline.evaluate(AbstractPipeline.java:234)
	at java.base/java.util.stream.ReferencePipeline.collect(ReferencePipeline.java:578)
	at de.uka.ilkd.key.nparser.builder.AbstractBuilder.mapOf(AbstractBuilder.java:112)
	at de.uka.ilkd.key.nparser.builder.IncludeFinder.visitOne_include_statement(IncludeFinder.java:35)
	at de.uka.ilkd.key.nparser.builder.IncludeFinder.visitOne_include_statement(IncludeFinder.java:20)
	at de.uka.ilkd.key.nparser.KeYParser$One_include_statementContext.accept(KeYParser.java:802)
	at org.antlr.v4.runtime.tree.AbstractParseTreeVisitor.visitChildren(AbstractParseTreeVisitor.java:46)
	at de.uka.ilkd.key.nparser.KeYParserBaseVisitor.visitDecls(KeYParserBaseVisitor.java:30)
	at de.uka.ilkd.key.nparser.KeYParser$DeclsContext.accept(KeYParser.java:500)
	at org.antlr.v4.runtime.tree.AbstractParseTreeVisitor.visitChildren(AbstractParseTreeVisitor.java:46)
	at de.uka.ilkd.key.nparser.KeYParserBaseVisitor.visitFile(KeYParserBaseVisitor.java:23)
	at de.uka.ilkd.key.nparser.KeYParser$FileContext.accept(KeYParser.java:306)
	at de.uka.ilkd.key.nparser.KeyAst.accept(KeyAst.java:41)
	at de.uka.ilkd.key.nparser.KeyAst$File.getIncludes(KeyAst.java:76)
	at de.uka.ilkd.key.proof.io.KeYFile.readIncludes(KeYFile.java:208)
	... 14 more
Could not find rule file rules/intRulesCheckedSemantics.key (file: /home/runner/work/key/key/key.core/../key.ui/examples/index/.././performance-test/Dynamic(Dynamic__foo_08()).JML_operation_contract.0.key; caused by: de.uka.ilkd.key.proof.init.ProofInputException: Could not find rule file rules/intRulesCheckedSemantics.key)
	at de.uka.ilkd.key.control.AbstractUserInterfaceControl.load(AbstractUserInterfaceControl.java:221)
	at de.uka.ilkd.key.control.KeYEnvironment.load(KeYEnvironment.java:251)
	at de.uka.ilkd.key.control.KeYEnvironment.load(KeYEnvironment.java:224)
	at de.uka.ilkd.key.control.KeYEnvironment.load(KeYEnvironment.java:184)
	at de.uka.ilkd.key.control.KeYEnvironment.load(KeYEnvironment.java:261)
	at de.uka.ilkd.key.proof.runallproofs.proofcollection.TestFile.load(TestFile.java:270)
	at de.uka.ilkd.key.proof.runallproofs.proofcollection.TestFile.runKey(TestFile.java:160)
	at de.uka.ilkd.key.proof.runallproofs.proofcollection.ForkedTestFileRunner.main(ForkedTestFileRunner.java:171)
Caused by: de.uka.ilkd.key.proof.init.ProofInputException: Could not find rule file rules/intRulesCheckedSemantics.key
	at de.uka.ilkd.key.proof.io.KeYFile.readIncludes(KeYFile.java:210)
	at de.uka.ilkd.key.proof.init.ProblemInitializer.readIncludes(ProblemInitializer.java:177)
	at de.uka.ilkd.key.proof.init.ProblemInitializer.readEnvInput(ProblemInitializer.java:325)
	at de.uka.ilkd.key.proof.init.ProblemInitializer.prepare(ProblemInitializer.java:449)
	at de.uka.ilkd.key.proof.io.AbstractProblemLoader.createInitConfig(AbstractProblemLoader.java:518)
	at de.uka.ilkd.key.proof.io.AbstractProblemLoader.loadEnvironment(AbstractProblemLoader.java:288)
	at de.uka.ilkd.key.proof.io.AbstractProblemLoader.load(AbstractProblemLoader.java:252)
	at de.uka.ilkd.key.control.AbstractUserInterfaceControl.load(AbstractUserInterfaceControl.java:209)
	... 7 more
Caused by: java.lang.RuntimeException: Could not find rule file rules/intRulesCheckedSemantics.key
	at de.uka.ilkd.key.proof.io.RuleSourceFactory.fromBuiltInRule(RuleSourceFactory.java:32)
	at de.uka.ilkd.key.proof.io.RuleSourceFactory.fromDefaultLocation(RuleSourceFactory.java:21)
	at de.uka.ilkd.key.nparser.builder.IncludeFinder.addInclude(IncludeFinder.java:63)
	at de.uka.ilkd.key.nparser.builder.IncludeFinder.visitOne_include(IncludeFinder.java:43)
	at de.uka.ilkd.key.nparser.builder.IncludeFinder.visitOne_include(IncludeFinder.java:20)
	at de.uka.ilkd.key.nparser.KeYParser$One_includeContext.accept(KeYParser.java:878)
	at de.uka.ilkd.key.nparser.builder.AbstractBuilder.lambda$mapOf$0(AbstractBuilder.java:112)
	at java.base/java.util.stream.ReferencePipeline$3$1.accept(ReferencePipeline.java:195)
	at java.base/java.util.ArrayList$ArrayListSpliterator.forEachRemaining(ArrayList.java:1655)
	at java.base/java.util.stream.AbstractPipeline.copyInto(AbstractPipeline.java:484)
	at java.base/java.util.stream.AbstractPipeline.wrapAndCopyInto(AbstractPipeline.java:474)
	at java.base/java.util.stream.ReduceOps$ReduceOp.evaluateSequential(ReduceOps.java:913)
	at java.base/java.util.stream.AbstractPipeline.evaluate(AbstractPipeline.java:234)
	at java.base/java.util.stream.ReferencePipeline.collect(ReferencePipeline.java:578)
	at de.uka.ilkd.key.nparser.builder.AbstractBuilder.mapOf(AbstractBuilder.java:112)
	at de.uka.ilkd.key.nparser.builder.IncludeFinder.visitOne_include_statement(IncludeFinder.java:35)
	at de.uka.ilkd.key.nparser.builder.IncludeFinder.visitOne_include_statement(IncludeFinder.java:20)
	at de.uka.ilkd.key.nparser.KeYParser$One_include_statementContext.accept(KeYParser.java:802)
	at org.antlr.v4.runtime.tree.AbstractParseTreeVisitor.visitChildren(AbstractParseTreeVisitor.java:46)
	at de.uka.ilkd.key.nparser.KeYParserBaseVisitor.visitDecls(KeYParserBaseVisitor.java:30)
	at de.uka.ilkd.key.nparser.KeYParser$DeclsContext.accept(KeYParser.java:500)
	at org.antlr.v4.runtime.tree.AbstractParseTreeVisitor.visitChildren(AbstractParseTreeVisitor.java:46)
	at de.uka.ilkd.key.nparser.KeYParserBaseVisitor.visitFile(KeYParserBaseVisitor.java:23)
	at de.uka.ilkd.key.nparser.KeYParser$FileContext.accept(KeYParser.java:306)
	at de.uka.ilkd.key.nparser.KeyAst.accept(KeyAst.java:41)
	at de.uka.ilkd.key.nparser.KeyAst$File.getIncludes(KeyAst.java:76)
	at de.uka.ilkd.key.proof.io.KeYFile.readIncludes(KeYFile.java:208)
	... 14 more
Could not find rule file rules/intRulesCheckedSemantics.key (file: /home/runner/work/key/key/key.core/../key.ui/examples/index/.././performance-test/DynamicGhost(DynamicGhost__dynamicGhost_08()).JML_normal_behavior_operation_contract.0.key; caused by: de.uka.ilkd.key.proof.init.ProofInputException: Could not find rule file rules/intRulesCheckedSemantics.key)
	at de.uka.ilkd.key.control.AbstractUserInterfaceControl.load(AbstractUserInterfaceControl.java:221)
	at de.uka.ilkd.key.control.KeYEnvironment.load(KeYEnvironment.java:251)
	at de.uka.ilkd.key.control.KeYEnvironment.load(KeYEnvironment.java:224)
	at de.uka.ilkd.key.control.KeYEnvironment.load(KeYEnvironment.java:184)
	at de.uka.ilkd.key.control.KeYEnvironment.load(KeYEnvironment.java:261)
	at de.uka.ilkd.key.proof.runallproofs.proofcollection.TestFile.load(TestFile.java:270)
	at de.uka.ilkd.key.proof.runallproofs.proofcollection.TestFile.runKey(TestFile.java:160)
	at de.uka.ilkd.key.proof.runallproofs.proofcollection.ForkedTestFileRunner.main(ForkedTestFileRunner.java:171)
Caused by: de.uka.ilkd.key.proof.init.ProofInputException: Could not find rule file rules/intRulesCheckedSemantics.key
	at de.uka.ilkd.key.proof.io.KeYFile.readIncludes(KeYFile.java:210)
	at de.uka.ilkd.key.proof.init.ProblemInitializer.readIncludes(ProblemInitializer.java:177)
	at de.uka.ilkd.key.proof.init.ProblemInitializer.readEnvInput(ProblemInitializer.java:325)
	at de.uka.ilkd.key.proof.init.ProblemInitializer.prepare(ProblemInitializer.java:449)
	at de.uka.ilkd.key.proof.io.AbstractProblemLoader.createInitConfig(AbstractProblemLoader.java:518)
	at de.uka.ilkd.key.proof.io.AbstractProblemLoader.loadEnvironment(AbstractProblemLoader.java:288)
	at de.uka.ilkd.key.proof.io.AbstractProblemLoader.load(AbstractProblemLoader.java:252)
	at de.uka.ilkd.key.control.AbstractUserInterfaceControl.load(AbstractUserInterfaceControl.java:209)
	... 7 more
Caused by: java.lang.RuntimeException: Could not find rule file rules/intRulesCheckedSemantics.key
	at de.uka.ilkd.key.proof.io.RuleSourceFactory.fromBuiltInRule(RuleSourceFactory.java:32)
	at de.uka.ilkd.key.proof.io.RuleSourceFactory.fromDefaultLocation(RuleSourceFactory.java:21)
	at de.uka.ilkd.key.nparser.builder.IncludeFinder.addInclude(IncludeFinder.java:63)
	at de.uka.ilkd.key.nparser.builder.IncludeFinder.visitOne_include(IncludeFinder.java:43)
	at de.uka.ilkd.key.nparser.builder.IncludeFinder.visitOne_include(IncludeFinder.java:20)
	at de.uka.ilkd.key.nparser.KeYParser$One_includeContext.accept(KeYParser.java:878)
	at de.uka.ilkd.key.nparser.builder.AbstractBuilder.lambda$mapOf$0(AbstractBuilder.java:112)
	at java.base/java.util.stream.ReferencePipeline$3$1.accept(ReferencePipeline.java:195)
	at java.base/java.util.ArrayList$ArrayListSpliterator.forEachRemaining(ArrayList.java:1655)
	at java.base/java.util.stream.AbstractPipeline.copyInto(AbstractPipeline.java:484)
	at java.base/java.util.stream.AbstractPipeline.wrapAndCopyInto(AbstractPipeline.java:474)
	at java.base/java.util.stream.ReduceOps$ReduceOp.evaluateSequential(ReduceOps.java:913)
	at java.base/java.util.stream.AbstractPipeline.evaluate(AbstractPipeline.java:234)
	at java.base/java.util.stream.ReferencePipeline.collect(ReferencePipeline.java:578)
	at de.uka.ilkd.key.nparser.builder.AbstractBuilder.mapOf(AbstractBuilder.java:112)
	at de.uka.ilkd.key.nparser.builder.IncludeFinder.visitOne_include_statement(IncludeFinder.java:35)
	at de.uka.ilkd.key.nparser.builder.IncludeFinder.visitOne_include_statement(IncludeFinder.java:20)
	at de.uka.ilkd.key.nparser.KeYParser$One_include_statementContext.accept(KeYParser.java:802)
	at org.antlr.v4.runtime.tree.AbstractParseTreeVisitor.visitChildren(AbstractParseTreeVisitor.java:46)
	at de.uka.ilkd.key.nparser.KeYParserBaseVisitor.visitDecls(KeYParserBaseVisitor.java:30)
	at de.uka.ilkd.key.nparser.KeYParser$DeclsContext.accept(KeYParser.java:500)
	at org.antlr.v4.runtime.tree.AbstractParseTreeVisitor.visitChildren(AbstractParseTreeVisitor.java:46)
	at de.uka.ilkd.key.nparser.KeYParserBaseVisitor.visitFile(KeYParserBaseVisitor.java:23)
	at de.uka.ilkd.key.nparser.KeYParser$FileContext.accept(KeYParser.java:306)
	at de.uka.ilkd.key.nparser.KeyAst.accept(KeyAst.java:41)
	at de.uka.ilkd.key.nparser.KeyAst$File.getIncludes(KeyAst.java:76)
	at de.uka.ilkd.key.proof.io.KeYFile.readIncludes(KeYFile.java:208)
	... 14 more
Could not find rule file rules/intRulesCheckedSemantics.key (file: /home/runner/work/key/key/key.core/../key.ui/examples/index/.././performance-test/GhostFrame(GhostFrame__foo_08()).JML_operation_contract.0.key; caused by: de.uka.ilkd.key.proof.init.ProofInputException: Could not find rule file rules/intRulesCheckedSemantics.key)
	at de.uka.ilkd.key.control.AbstractUserInterfaceControl.load(AbstractUserInterfaceControl.java:221)
	at de.uka.ilkd.key.control.KeYEnvironment.load(KeYEnvironment.java:251)
	at de.uka.ilkd.key.control.KeYEnvironment.load(KeYEnvironment.java:224)
	at de.uka.ilkd.key.control.KeYEnvironment.load(KeYEnvironment.java:184)
	at de.uka.ilkd.key.control.KeYEnvironment.load(KeYEnvironment.java:261)
	at de.uka.ilkd.key.proof.runallproofs.proofcollection.TestFile.load(TestFile.java:270)
	at de.uka.ilkd.key.proof.runallproofs.proofcollection.TestFile.runKey(TestFile.java:160)
	at de.uka.ilkd.key.proof.runallproofs.proofcollection.ForkedTestFileRunner.main(ForkedTestFileRunner.java:171)
Caused by: de.uka.ilkd.key.proof.init.ProofInputException: Could not find rule file rules/intRulesCheckedSemantics.key
	at de.uka.ilkd.key.proof.io.KeYFile.readIncludes(KeYFile.java:210)
	at de.uka.ilkd.key.proof.init.ProblemInitializer.readIncludes(ProblemInitializer.java:177)
	at de.uka.ilkd.key.proof.init.ProblemInitializer.readEnvInput(ProblemInitializer.java:325)
	at de.uka.ilkd.key.proof.init.ProblemInitializer.prepare(ProblemInitializer.java:449)
	at de.uka.ilkd.key.proof.io.AbstractProblemLoader.createInitConfig(AbstractProblemLoader.java:518)
	at de.uka.ilkd.key.proof.io.AbstractProblemLoader.loadEnvironment(AbstractProblemLoader.java:288)
	at de.uka.ilkd.key.proof.io.AbstractProblemLoader.load(AbstractProblemLoader.java:252)
	at de.uka.ilkd.key.control.AbstractUserInterfaceControl.load(AbstractUserInterfaceControl.java:209)
	... 7 more
Caused by: java.lang.RuntimeException: Could not find rule file rules/intRulesCheckedSemantics.key
	at de.uka.ilkd.key.proof.io.RuleSourceFactory.fromBuiltInRule(RuleSourceFactory.java:32)
	at de.uka.ilkd.key.proof.io.RuleSourceFactory.fromDefaultLocation(RuleSourceFactory.java:21)
	at de.uka.ilkd.key.nparser.builder.IncludeFinder.addInclude(IncludeFinder.java:63)
	at de.uka.ilkd.key.nparser.builder.IncludeFinder.visitOne_include(IncludeFinder.java:43)
	at de.uka.ilkd.key.nparser.builder.IncludeFinder.visitOne_include(IncludeFinder.java:20)
	at de.uka.ilkd.key.nparser.KeYParser$One_includeContext.accept(KeYParser.java:878)
	at de.uka.ilkd.key.nparser.builder.AbstractBuilder.lambda$mapOf$0(AbstractBuilder.java:112)
	at java.base/java.util.stream.ReferencePipeline$3$1.accept(ReferencePipeline.java:195)
	at java.base/java.util.ArrayList$ArrayListSpliterator.forEachRemaining(ArrayList.java:1655)
	at java.base/java.util.stream.AbstractPipeline.copyInto(AbstractPipeline.java:484)
	at java.base/java.util.stream.AbstractPipeline.wrapAndCopyInto(AbstractPipeline.java:474)
	at java.base/java.util.stream.ReduceOps$ReduceOp.evaluateSequential(ReduceOps.java:913)
	at java.base/java.util.stream.AbstractPipeline.evaluate(AbstractPipeline.java:234)
	at java.base/java.util.stream.ReferencePipeline.collect(ReferencePipeline.java:578)
	at de.uka.ilkd.key.nparser.builder.AbstractBuilder.mapOf(AbstractBuilder.java:112)
	at de.uka.ilkd.key.nparser.builder.IncludeFinder.visitOne_include_statement(IncludeFinder.java:35)
	at de.uka.ilkd.key.nparser.builder.IncludeFinder.visitOne_include_statement(IncludeFinder.java:20)
	at de.uka.ilkd.key.nparser.KeYParser$One_include_statementContext.accept(KeYParser.java:802)
	at org.antlr.v4.runtime.tree.AbstractParseTreeVisitor.visitChildren(AbstractParseTreeVisitor.java:46)
	at de.uka.ilkd.key.nparser.KeYParserBaseVisitor.visitDecls(KeYParserBaseVisitor.java:30)
	at de.uka.ilkd.key.nparser.KeYParser$DeclsContext.accept(KeYParser.java:500)
	at org.antlr.v4.runtime.tree.AbstractParseTreeVisitor.visitChildren(AbstractParseTreeVisitor.java:46)
	at de.uka.ilkd.key.nparser.KeYParserBaseVisitor.visitFile(KeYParserBaseVisitor.java:23)
	at de.uka.ilkd.key.nparser.KeYParser$FileContext.accept(KeYParser.java:306)
	at de.uka.ilkd.key.nparser.KeyAst.accept(KeyAst.java:41)
	at de.uka.ilkd.key.nparser.KeyAst$File.getIncludes(KeyAst.java:76)
	at de.uka.ilkd.key.proof.io.KeYFile.readIncludes(KeYFile.java:208)
	... 14 more
Could not find rule file rules/intRulesCheckedSemantics.key (file: /home/runner/work/key/key/key.core/../key.ui/examples/index/.././performance-test/Modelfield(Modelfield__foo_08()).JML_operation_contract.0.key; caused by: de.uka.ilkd.key.proof.init.ProofInputException: Could not find rule file rules/intRulesCheckedSemantics.key)
	at de.uka.ilkd.key.control.AbstractUserInterfaceControl.load(AbstractUserInterfaceControl.java:221)
	at de.uka.ilkd.key.control.KeYEnvironment.load(KeYEnvironment.java:251)
	at de.uka.ilkd.key.control.KeYEnvironment.load(KeYEnvironment.java:224)
	at de.uka.ilkd.key.control.KeYEnvironment.load(KeYEnvironment.java:184)
	at de.uka.ilkd.key.control.KeYEnvironment.load(KeYEnvironment.java:261)
	at de.uka.ilkd.key.proof.runallproofs.proofcollection.TestFile.load(TestFile.java:270)
	at de.uka.ilkd.key.proof.runallproofs.proofcollection.TestFile.runKey(TestFile.java:160)
	at de.uka.ilkd.key.proof.runallproofs.proofcollection.ForkedTestFileRunner.main(ForkedTestFileRunner.java:171)
Caused by: de.uka.ilkd.key.proof.init.ProofInputException: Could not find rule file rules/intRulesCheckedSemantics.key
	at de.uka.ilkd.key.proof.io.KeYFile.readIncludes(KeYFile.java:210)
	at de.uka.ilkd.key.proof.init.ProblemInitializer.readIncludes(ProblemInitializer.java:177)
	at de.uka.ilkd.key.proof.init.ProblemInitializer.readEnvInput(ProblemInitializer.java:325)
	at de.uka.ilkd.key.proof.init.ProblemInitializer.prepare(ProblemInitializer.java:449)
	at de.uka.ilkd.key.proof.io.AbstractProblemLoader.createInitConfig(AbstractProblemLoader.java:518)
	at de.uka.ilkd.key.proof.io.AbstractProblemLoader.loadEnvironment(AbstractProblemLoader.java:288)
	at de.uka.ilkd.key.proof.io.AbstractProblemLoader.load(AbstractProblemLoader.java:252)
	at de.uka.ilkd.key.control.AbstractUserInterfaceControl.load(AbstractUserInterfaceControl.java:209)
	... 7 more
Caused by: java.lang.RuntimeException: Could not find rule file rules/intRulesCheckedSemantics.key
	at de.uka.ilkd.key.proof.io.RuleSourceFactory.fromBuiltInRule(RuleSourceFactory.java:32)
	at de.uka.ilkd.key.proof.io.RuleSourceFactory.fromDefaultLocation(RuleSourceFactory.java:21)
	at de.uka.ilkd.key.nparser.builder.IncludeFinder.addInclude(IncludeFinder.java:63)
	at de.uka.ilkd.key.nparser.builder.IncludeFinder.visitOne_include(IncludeFinder.java:43)
	at de.uka.ilkd.key.nparser.builder.IncludeFinder.visitOne_include(IncludeFinder.java:20)
	at de.uka.ilkd.key.nparser.KeYParser$One_includeContext.accept(KeYParser.java:878)
	at de.uka.ilkd.key.nparser.builder.AbstractBuilder.lambda$mapOf$0(AbstractBuilder.java:112)
	at java.base/java.util.stream.ReferencePipeline$3$1.accept(ReferencePipeline.java:195)
	at java.base/java.util.ArrayList$ArrayListSpliterator.forEachRemaining(ArrayList.java:1655)
	at java.base/java.util.stream.AbstractPipeline.copyInto(AbstractPipeline.java:484)
	at java.base/java.util.stream.AbstractPipeline.wrapAndCopyInto(AbstractPipeline.java:474)
	at java.base/java.util.stream.ReduceOps$ReduceOp.evaluateSequential(ReduceOps.java:913)
	at java.base/java.util.stream.AbstractPipeline.evaluate(AbstractPipeline.java:234)
	at java.base/java.util.stream.ReferencePipeline.collect(ReferencePipeline.java:578)
	at de.uka.ilkd.key.nparser.builder.AbstractBuilder.mapOf(AbstractBuilder.java:112)
	at de.uka.ilkd.key.nparser.builder.IncludeFinder.visitOne_include_statement(IncludeFinder.java:35)
	at de.uka.ilkd.key.nparser.builder.IncludeFinder.visitOne_include_statement(IncludeFinder.java:20)
	at de.uka.ilkd.key.nparser.KeYParser$One_include_statementContext.accept(KeYParser.java:802)
	at org.antlr.v4.runtime.tree.AbstractParseTreeVisitor.visitChildren(AbstractParseTreeVisitor.java:46)
	at de.uka.ilkd.key.nparser.KeYParserBaseVisitor.visitDecls(KeYParserBaseVisitor.java:30)
	at de.uka.ilkd.key.nparser.KeYParser$DeclsContext.accept(KeYParser.java:500)
	at org.antlr.v4.runtime.tree.AbstractParseTreeVisitor.visitChildren(AbstractParseTreeVisitor.java:46)
	at de.uka.ilkd.key.nparser.KeYParserBaseVisitor.visitFile(KeYParserBaseVisitor.java:23)
	at de.uka.ilkd.key.nparser.KeYParser$FileContext.accept(KeYParser.java:306)
	at de.uka.ilkd.key.nparser.KeyAst.accept(KeyAst.java:41)
	at de.uka.ilkd.key.nparser.KeyAst$File.getIncludes(KeyAst.java:76)
	at de.uka.ilkd.key.proof.io.KeYFile.readIncludes(KeYFile.java:208)
	... 14 more
Exception in thread "main" org.opentest4j.AssertionFailedError: Exception during the execution of proofs. See log for more details.
	at org.junit.jupiter.api.AssertionUtils.fail(AssertionUtils.java:39)
	at org.junit.jupiter.api.Assertions.fail(Assertions.java:134)
	at de.uka.ilkd.key.proof.runallproofs.proofcollection.ForkedTestFileRunner.main(ForkedTestFileRunner.java:192)
Timeout watcher launched (2000 secs.)
Could not find rule file rules/intRulesCheckedSemantics.key (file: /home/runner/work/key/key/key.core/../key.ui/examples/index/.././performance-test/Test(Test__a0(int)).JML_normal_behavior_operation_contract.0.key; caused by: de.uka.ilkd.key.proof.init.ProofInputException: Could not find rule file rules/intRulesCheckedSemantics.key)
	at de.uka.ilkd.key.control.AbstractUserInterfaceControl.load(AbstractUserInterfaceControl.java:221)
	at de.uka.ilkd.key.control.KeYEnvironment.load(KeYEnvironment.java:251)
	at de.uka.ilkd.key.control.KeYEnvironment.load(KeYEnvironment.java:224)
	at de.uka.ilkd.key.control.KeYEnvironment.load(KeYEnvironment.java:184)
	at de.uka.ilkd.key.control.KeYEnvironment.load(KeYEnvironment.java:261)
	at de.uka.ilkd.key.proof.runallproofs.proofcollection.TestFile.load(TestFile.java:270)
	at de.uka.ilkd.key.proof.runallproofs.proofcollection.TestFile.runKey(TestFile.java:160)
	at de.uka.ilkd.key.proof.runallproofs.proofcollection.ForkedTestFileRunner.main(ForkedTestFileRunner.java:171)
Caused by: de.uka.ilkd.key.proof.init.ProofInputException: Could not find rule file rules/intRulesCheckedSemantics.key
	at de.uka.ilkd.key.proof.io.KeYFile.readIncludes(KeYFile.java:210)
	at de.uka.ilkd.key.proof.init.ProblemInitializer.readIncludes(ProblemInitializer.java:177)
	at de.uka.ilkd.key.proof.init.ProblemInitializer.readEnvInput(ProblemInitializer.java:325)
	at de.uka.ilkd.key.proof.init.ProblemInitializer.prepare(ProblemInitializer.java:449)
	at de.uka.ilkd.key.proof.io.AbstractProblemLoader.createInitConfig(AbstractProblemLoader.java:518)
	at de.uka.ilkd.key.proof.io.AbstractProblemLoader.loadEnvironment(AbstractProblemLoader.java:288)
	at de.uka.ilkd.key.proof.io.AbstractProblemLoader.load(AbstractProblemLoader.java:252)
	at de.uka.ilkd.key.control.AbstractUserInterfaceControl.load(AbstractUserInterfaceControl.java:209)
	... 7 more
Caused by: java.lang.RuntimeException: Could not find rule file rules/intRulesCheckedSemantics.key
	at de.uka.ilkd.key.proof.io.RuleSourceFactory.fromBuiltInRule(RuleSourceFactory.java:32)
	at de.uka.ilkd.key.proof.io.RuleSourceFactory.fromDefaultLocation(RuleSourceFactory.java:21)
	at de.uka.ilkd.key.nparser.builder.IncludeFinder.addInclude(IncludeFinder.java:63)
	at de.uka.ilkd.key.nparser.builder.IncludeFinder.visitOne_include(IncludeFinder.java:43)
	at de.uka.ilkd.key.nparser.builder.IncludeFinder.visitOne_include(IncludeFinder.java:20)
	at de.uka.ilkd.key.nparser.KeYParser$One_includeContext.accept(KeYParser.java:878)
	at de.uka.ilkd.key.nparser.builder.AbstractBuilder.lambda$mapOf$0(AbstractBuilder.java:112)
	at java.base/java.util.stream.ReferencePipeline$3$1.accept(ReferencePipeline.java:195)
	at java.base/java.util.ArrayList$ArrayListSpliterator.forEachRemaining(ArrayList.java:1655)
	at java.base/java.util.stream.AbstractPipeline.copyInto(AbstractPipeline.java:484)
	at java.base/java.util.stream.AbstractPipeline.wrapAndCopyInto(AbstractPipeline.java:474)
	at java.base/java.util.stream.ReduceOps$ReduceOp.evaluateSequential(ReduceOps.java:913)
	at java.base/java.util.stream.AbstractPipeline.evaluate(AbstractPipeline.java:234)
	at java.base/java.util.stream.ReferencePipeline.collect(ReferencePipeline.java:578)
	at de.uka.ilkd.key.nparser.builder.AbstractBuilder.mapOf(AbstractBuilder.java:112)
	at de.uka.ilkd.key.nparser.builder.IncludeFinder.visitOne_include_statement(IncludeFinder.java:35)
	at de.uka.ilkd.key.nparser.builder.IncludeFinder.visitOne_include_statement(IncludeFinder.java:20)
	at de.uka.ilkd.key.nparser.KeYParser$One_include_statementContext.accept(KeYParser.java:802)
	at org.antlr.v4.runtime.tree.AbstractParseTreeVisitor.visitChildren(AbstractParseTreeVisitor.java:46)
	at de.uka.ilkd.key.nparser.KeYParserBaseVisitor.visitDecls(KeYParserBaseVisitor.java:30)
	at de.uka.ilkd.key.nparser.KeYParser$DeclsContext.accept(KeYParser.java:500)
	at org.antlr.v4.runtime.tree.AbstractParseTreeVisitor.visitChildren(AbstractParseTreeVisitor.java:46)
	at de.uka.ilkd.key.nparser.KeYParserBaseVisitor.visitFile(KeYParserBaseVisitor.java:23)
	at de.uka.ilkd.key.nparser.KeYParser$FileContext.accept(KeYParser.java:306)
	at de.uka.ilkd.key.nparser.KeyAst.accept(KeyAst.java:41)
	at de.uka.ilkd.key.nparser.KeyAst$File.getIncludes(KeyAst.java:76)
	at de.uka.ilkd.key.proof.io.KeYFile.readIncludes(KeYFile.java:208)
	... 14 more
Could not find rule file rules/intRulesCheckedSemantics.key (file: /home/runner/work/key/key/key.core/../key.ui/examples/index/.././performance-test/Test(Test__a1(int)).JML_normal_behavior_operation_contract.0.key; caused by: de.uka.ilkd.key.proof.init.ProofInputException: Could not find rule file rules/intRulesCheckedSemantics.key)
	at de.uka.ilkd.key.control.AbstractUserInterfaceControl.load(AbstractUserInterfaceControl.java:221)
	at de.uka.ilkd.key.control.KeYEnvironment.load(KeYEnvironment.java:251)
	at de.uka.ilkd.key.control.KeYEnvironment.load(KeYEnvironment.java:224)
	at de.uka.ilkd.key.control.KeYEnvironment.load(KeYEnvironment.java:184)
	at de.uka.ilkd.key.control.KeYEnvironment.load(KeYEnvironment.java:261)
	at de.uka.ilkd.key.proof.runallproofs.proofcollection.TestFile.load(TestFile.java:270)
	at de.uka.ilkd.key.proof.runallproofs.proofcollection.TestFile.runKey(TestFile.java:160)
	at de.uka.ilkd.key.proof.runallproofs.proofcollection.ForkedTestFileRunner.main(ForkedTestFileRunner.java:171)
Caused by: de.uka.ilkd.key.proof.init.ProofInputException: Could not find rule file rules/intRulesCheckedSemantics.key
	at de.uka.ilkd.key.proof.io.KeYFile.readIncludes(KeYFile.java:210)
	at de.uka.ilkd.key.proof.init.ProblemInitializer.readIncludes(ProblemInitializer.java:177)
	at de.uka.ilkd.key.proof.init.ProblemInitializer.readEnvInput(ProblemInitializer.java:325)
	at de.uka.ilkd.key.proof.init.ProblemInitializer.prepare(ProblemInitializer.java:449)
	at de.uka.ilkd.key.proof.io.AbstractProblemLoader.createInitConfig(AbstractProblemLoader.java:518)
	at de.uka.ilkd.key.proof.io.AbstractProblemLoader.loadEnvironment(AbstractProblemLoader.java:288)
	at de.uka.ilkd.key.proof.io.AbstractProblemLoader.load(AbstractProblemLoader.java:252)
	at de.uka.ilkd.key.control.AbstractUserInterfaceControl.load(AbstractUserInterfaceControl.java:209)
	... 7 more
Caused by: java.lang.RuntimeException: Could not find rule file rules/intRulesCheckedSemantics.key
	at de.uka.ilkd.key.proof.io.RuleSourceFactory.fromBuiltInRule(RuleSourceFactory.java:32)
	at de.uka.ilkd.key.proof.io.RuleSourceFactory.fromDefaultLocation(RuleSourceFactory.java:21)
	at de.uka.ilkd.key.nparser.builder.IncludeFinder.addInclude(IncludeFinder.java:63)
	at de.uka.ilkd.key.nparser.builder.IncludeFinder.visitOne_include(IncludeFinder.java:43)
	at de.uka.ilkd.key.nparser.builder.IncludeFinder.visitOne_include(IncludeFinder.java:20)
	at de.uka.ilkd.key.nparser.KeYParser$One_includeContext.accept(KeYParser.java:878)
	at de.uka.ilkd.key.nparser.builder.AbstractBuilder.lambda$mapOf$0(AbstractBuilder.java:112)
	at java.base/java.util.stream.ReferencePipeline$3$1.accept(ReferencePipeline.java:195)
	at java.base/java.util.ArrayList$ArrayListSpliterator.forEachRemaining(ArrayList.java:1655)
	at java.base/java.util.stream.AbstractPipeline.copyInto(AbstractPipeline.java:484)
	at java.base/java.util.stream.AbstractPipeline.wrapAndCopyInto(AbstractPipeline.java:474)
	at java.base/java.util.stream.ReduceOps$ReduceOp.evaluateSequential(ReduceOps.java:913)
	at java.base/java.util.stream.AbstractPipeline.evaluate(AbstractPipeline.java:234)
	at java.base/java.util.stream.ReferencePipeline.collect(ReferencePipeline.java:578)
	at de.uka.ilkd.key.nparser.builder.AbstractBuilder.mapOf(AbstractBuilder.java:112)
	at de.uka.ilkd.key.nparser.builder.IncludeFinder.visitOne_include_statement(IncludeFinder.java:35)
	at de.uka.ilkd.key.nparser.builder.IncludeFinder.visitOne_include_statement(IncludeFinder.java:20)
	at de.uka.ilkd.key.nparser.KeYParser$One_include_statementContext.accept(KeYParser.java:802)
	at org.antlr.v4.runtime.tree.AbstractParseTreeVisitor.visitChildren(AbstractParseTreeVisitor.java:46)
	at de.uka.ilkd.key.nparser.KeYParserBaseVisitor.visitDecls(KeYParserBaseVisitor.java:30)
	at de.uka.ilkd.key.nparser.KeYParser$DeclsContext.accept(KeYParser.java:500)
	at org.antlr.v4.runtime.tree.AbstractParseTreeVisitor.visitChildren(AbstractParseTreeVisitor.java:46)
	at de.uka.ilkd.key.nparser.KeYParserBaseVisitor.visitFile(KeYParserBaseVisitor.java:23)
	at de.uka.ilkd.key.nparser.KeYParser$FileContext.accept(KeYParser.java:306)
	at de.uka.ilkd.key.nparser.KeyAst.accept(KeyAst.java:41)
	at de.uka.ilkd.key.nparser.KeyAst$File.getIncludes(KeyAst.java:76)
	at de.uka.ilkd.key.proof.io.KeYFile.readIncludes(KeYFile.java:208)
	... 14 more
Could not find rule file rules/intRulesCheckedSemantics.key (file: /home/runner/work/key/key/key.core/../key.ui/examples/index/.././performance-test/Test(Test__f1(int)).JML_normal_behavior_operation_contract.0.key; caused by: de.uka.ilkd.key.proof.init.ProofInputException: Could not find rule file rules/intRulesCheckedSemantics.key)
	at de.uka.ilkd.key.control.AbstractUserInterfaceControl.load(AbstractUserInterfaceControl.java:221)
	at de.uka.ilkd.key.control.KeYEnvironment.load(KeYEnvironment.java:251)
	at de.uka.ilkd.key.control.KeYEnvironment.load(KeYEnvironment.java:224)
	at de.uka.ilkd.key.control.KeYEnvironment.load(KeYEnvironment.java:184)
	at de.uka.ilkd.key.control.KeYEnvironment.load(KeYEnvironment.java:261)
	at de.uka.ilkd.key.proof.runallproofs.proofcollection.TestFile.load(TestFile.java:270)
	at de.uka.ilkd.key.proof.runallproofs.proofcollection.TestFile.runKey(TestFile.java:160)
	at de.uka.ilkd.key.proof.runallproofs.proofcollection.ForkedTestFileRunner.main(ForkedTestFileRunner.java:171)
Caused by: de.uka.ilkd.key.proof.init.ProofInputException: Could not find rule file rules/intRulesCheckedSemantics.key
	at de.uka.ilkd.key.proof.io.KeYFile.readIncludes(KeYFile.java:210)
	at de.uka.ilkd.key.proof.init.ProblemInitializer.readIncludes(ProblemInitializer.java:177)
	at de.uka.ilkd.key.proof.init.ProblemInitializer.readEnvInput(ProblemInitializer.java:325)
	at de.uka.ilkd.key.proof.init.ProblemInitializer.prepare(ProblemInitializer.java:449)
	at de.uka.ilkd.key.proof.io.AbstractProblemLoader.createInitConfig(AbstractProblemLoader.java:518)
	at de.uka.ilkd.key.proof.io.AbstractProblemLoader.loadEnvironment(AbstractProblemLoader.java:288)
	at de.uka.ilkd.key.proof.io.AbstractProblemLoader.load(AbstractProblemLoader.java:252)
	at de.uka.ilkd.key.control.AbstractUserInterfaceControl.load(AbstractUserInterfaceControl.java:209)
	... 7 more
Caused by: java.lang.RuntimeException: Could not find rule file rules/intRulesCheckedSemantics.key
	at de.uka.ilkd.key.proof.io.RuleSourceFactory.fromBuiltInRule(RuleSourceFactory.java:32)
	at de.uka.ilkd.key.proof.io.RuleSourceFactory.fromDefaultLocation(RuleSourceFactory.java:21)
	at de.uka.ilkd.key.nparser.builder.IncludeFinder.addInclude(IncludeFinder.java:63)
	at de.uka.ilkd.key.nparser.builder.IncludeFinder.visitOne_include(IncludeFinder.java:43)
	at de.uka.ilkd.key.nparser.builder.IncludeFinder.visitOne_include(IncludeFinder.java:20)
	at de.uka.ilkd.key.nparser.KeYParser$One_includeContext.accept(KeYParser.java:878)
	at de.uka.ilkd.key.nparser.builder.AbstractBuilder.lambda$mapOf$0(AbstractBuilder.java:112)
	at java.base/java.util.stream.ReferencePipeline$3$1.accept(ReferencePipeline.java:195)
	at java.base/java.util.ArrayList$ArrayListSpliterator.forEachRemaining(ArrayList.java:1655)
	at java.base/java.util.stream.AbstractPipeline.copyInto(AbstractPipeline.java:484)
	at java.base/java.util.stream.AbstractPipeline.wrapAndCopyInto(AbstractPipeline.java:474)
	at java.base/java.util.stream.ReduceOps$ReduceOp.evaluateSequential(ReduceOps.java:913)
	at java.base/java.util.stream.AbstractPipeline.evaluate(AbstractPipeline.java:234)
	at java.base/java.util.stream.ReferencePipeline.collect(ReferencePipeline.java:578)
	at de.uka.ilkd.key.nparser.builder.AbstractBuilder.mapOf(AbstractBuilder.java:112)
	at de.uka.ilkd.key.nparser.builder.IncludeFinder.visitOne_include_statement(IncludeFinder.java:35)
	at de.uka.ilkd.key.nparser.builder.IncludeFinder.visitOne_include_statement(IncludeFinder.java:20)
	at de.uka.ilkd.key.nparser.KeYParser$One_include_statementContext.accept(KeYParser.java:802)
	at org.antlr.v4.runtime.tree.AbstractParseTreeVisitor.visitChildren(AbstractParseTreeVisitor.java:46)
	at de.uka.ilkd.key.nparser.KeYParserBaseVisitor.visitDecls(KeYParserBaseVisitor.java:30)
	at de.uka.ilkd.key.nparser.KeYParser$DeclsContext.accept(KeYParser.java:500)
	at org.antlr.v4.runtime.tree.AbstractParseTreeVisitor.visitChildren(AbstractParseTreeVisitor.java:46)
	at de.uka.ilkd.key.nparser.KeYParserBaseVisitor.visitFile(KeYParserBaseVisitor.java:23)
	at de.uka.ilkd.key.nparser.KeYParser$FileContext.accept(KeYParser.java:306)
	at de.uka.ilkd.key.nparser.KeyAst.accept(KeyAst.java:41)
	at de.uka.ilkd.key.nparser.KeyAst$File.getIncludes(KeyAst.java:76)
	at de.uka.ilkd.key.proof.io.KeYFile.readIncludes(KeYFile.java:208)
	... 14 more
Exception in thread "main" org.opentest4j.AssertionFailedError: Exception during the execution of proofs. See log for more details.
	at org.junit.jupiter.api.AssertionUtils.fail(AssertionUtils.java:39)
	at org.junit.jupiter.api.Assertions.fail(Assertions.java:134)
	at de.uka.ilkd.key.proof.runallproofs.proofcollection.ForkedTestFileRunner.main(ForkedTestFileRunner.java:192)
Timeout watcher launched (2000 secs.)
Could not find rule file rules/intRulesCheckedSemantics.key (file: /home/runner/work/key/key/key.core/../key.ui/examples/index/.././heap/polarity_tests/wellformed1.key; caused by: de.uka.ilkd.key.proof.init.ProofInputException: Could not find rule file rules/intRulesCheckedSemantics.key)
	at de.uka.ilkd.key.control.AbstractUserInterfaceControl.load(AbstractUserInterfaceControl.java:221)
	at de.uka.ilkd.key.control.KeYEnvironment.load(KeYEnvironment.java:251)
	at de.uka.ilkd.key.control.KeYEnvironment.load(KeYEnvironment.java:224)
	at de.uka.ilkd.key.control.KeYEnvironment.load(KeYEnvironment.java:184)
	at de.uka.ilkd.key.control.KeYEnvironment.load(KeYEnvironment.java:261)
	at de.uka.ilkd.key.proof.runallproofs.proofcollection.TestFile.load(TestFile.java:270)
	at de.uka.ilkd.key.proof.runallproofs.proofcollection.TestFile.runKey(TestFile.java:160)
	at de.uka.ilkd.key.proof.runallproofs.proofcollection.ForkedTestFileRunner.main(ForkedTestFileRunner.java:171)
Caused by: de.uka.ilkd.key.proof.init.ProofInputException: Could not find rule file rules/intRulesCheckedSemantics.key
	at de.uka.ilkd.key.proof.io.KeYFile.readIncludes(KeYFile.java:210)
	at de.uka.ilkd.key.proof.init.ProblemInitializer.readIncludes(ProblemInitializer.java:177)
	at de.uka.ilkd.key.proof.init.ProblemInitializer.readEnvInput(ProblemInitializer.java:325)
	at de.uka.ilkd.key.proof.init.ProblemInitializer.prepare(ProblemInitializer.java:449)
	at de.uka.ilkd.key.proof.io.AbstractProblemLoader.createInitConfig(AbstractProblemLoader.java:518)
	at de.uka.ilkd.key.proof.io.AbstractProblemLoader.loadEnvironment(AbstractProblemLoader.java:288)
	at de.uka.ilkd.key.proof.io.AbstractProblemLoader.load(AbstractProblemLoader.java:252)
	at de.uka.ilkd.key.control.AbstractUserInterfaceControl.load(AbstractUserInterfaceControl.java:209)
	... 7 more
Caused by: java.lang.RuntimeException: Could not find rule file rules/intRulesCheckedSemantics.key
	at de.uka.ilkd.key.proof.io.RuleSourceFactory.fromBuiltInRule(RuleSourceFactory.java:32)
	at de.uka.ilkd.key.proof.io.RuleSourceFactory.fromDefaultLocation(RuleSourceFactory.java:21)
	at de.uka.ilkd.key.nparser.builder.IncludeFinder.addInclude(IncludeFinder.java:63)
	at de.uka.ilkd.key.nparser.builder.IncludeFinder.visitOne_include(IncludeFinder.java:43)
	at de.uka.ilkd.key.nparser.builder.IncludeFinder.visitOne_include(IncludeFinder.java:20)
	at de.uka.ilkd.key.nparser.KeYParser$One_includeContext.accept(KeYParser.java:878)
	at de.uka.ilkd.key.nparser.builder.AbstractBuilder.lambda$mapOf$0(AbstractBuilder.java:112)
	at java.base/java.util.stream.ReferencePipeline$3$1.accept(ReferencePipeline.java:195)
	at java.base/java.util.ArrayList$ArrayListSpliterator.forEachRemaining(ArrayList.java:1655)
	at java.base/java.util.stream.AbstractPipeline.copyInto(AbstractPipeline.java:484)
	at java.base/java.util.stream.AbstractPipeline.wrapAndCopyInto(AbstractPipeline.java:474)
	at java.base/java.util.stream.ReduceOps$ReduceOp.evaluateSequential(ReduceOps.java:913)
	at java.base/java.util.stream.AbstractPipeline.evaluate(AbstractPipeline.java:234)
	at java.base/java.util.stream.ReferencePipeline.collect(ReferencePipeline.java:578)
	at de.uka.ilkd.key.nparser.builder.AbstractBuilder.mapOf(AbstractBuilder.java:112)
	at de.uka.ilkd.key.nparser.builder.IncludeFinder.visitOne_include_statement(IncludeFinder.java:35)
	at de.uka.ilkd.key.nparser.builder.IncludeFinder.visitOne_include_statement(IncludeFinder.java:20)
	at de.uka.ilkd.key.nparser.KeYParser$One_include_statementContext.accept(KeYParser.java:802)
	at org.antlr.v4.runtime.tree.AbstractParseTreeVisitor.visitChildren(AbstractParseTreeVisitor.java:46)
	at de.uka.ilkd.key.nparser.KeYParserBaseVisitor.visitDecls(KeYParserBaseVisitor.java:30)
	at de.uka.ilkd.key.nparser.KeYParser$DeclsContext.accept(KeYParser.java:500)
	at org.antlr.v4.runtime.tree.AbstractParseTreeVisitor.visitChildren(AbstractParseTreeVisitor.java:46)
	at de.uka.ilkd.key.nparser.KeYParserBaseVisitor.visitFile(KeYParserBaseVisitor.java:23)
	at de.uka.ilkd.key.nparser.KeYParser$FileContext.accept(KeYParser.java:306)
	at de.uka.ilkd.key.nparser.KeyAst.accept(KeyAst.java:41)
	at de.uka.ilkd.key.nparser.KeyAst$File.getIncludes(KeyAst.java:76)
	at de.uka.ilkd.key.proof.io.KeYFile.readIncludes(KeYFile.java:208)
	... 14 more
Could not find rule file rules/intRulesCheckedSemantics.key (file: /home/runner/work/key/key/key.core/../key.ui/examples/index/.././heap/polarity_tests/wellformed2.key; caused by: de.uka.ilkd.key.proof.init.ProofInputException: Could not find rule file rules/intRulesCheckedSemantics.key)
	at de.uka.ilkd.key.control.AbstractUserInterfaceControl.load(AbstractUserInterfaceControl.java:221)
	at de.uka.ilkd.key.control.KeYEnvironment.load(KeYEnvironment.java:251)
	at de.uka.ilkd.key.control.KeYEnvironment.load(KeYEnvironment.java:224)
	at de.uka.ilkd.key.control.KeYEnvironment.load(KeYEnvironment.java:184)
	at de.uka.ilkd.key.control.KeYEnvironment.load(KeYEnvironment.java:261)
	at de.uka.ilkd.key.proof.runallproofs.proofcollection.TestFile.load(TestFile.java:270)
	at de.uka.ilkd.key.proof.runallproofs.proofcollection.TestFile.runKey(TestFile.java:160)
	at de.uka.ilkd.key.proof.runallproofs.proofcollection.ForkedTestFileRunner.main(ForkedTestFileRunner.java:171)
Caused by: de.uka.ilkd.key.proof.init.ProofInputException: Could not find rule file rules/intRulesCheckedSemantics.key
	at de.uka.ilkd.key.proof.io.KeYFile.readIncludes(KeYFile.java:210)
	at de.uka.ilkd.key.proof.init.ProblemInitializer.readIncludes(ProblemInitializer.java:177)
	at de.uka.ilkd.key.proof.init.ProblemInitializer.readEnvInput(ProblemInitializer.java:325)
	at de.uka.ilkd.key.proof.init.ProblemInitializer.prepare(ProblemInitializer.java:449)
	at de.uka.ilkd.key.proof.io.AbstractProblemLoader.createInitConfig(AbstractProblemLoader.java:518)
	at de.uka.ilkd.key.proof.io.AbstractProblemLoader.loadEnvironment(AbstractProblemLoader.java:288)
	at de.uka.ilkd.key.proof.io.AbstractProblemLoader.load(AbstractProblemLoader.java:252)
	at de.uka.ilkd.key.control.AbstractUserInterfaceControl.load(AbstractUserInterfaceControl.java:209)
	... 7 more
Caused by: java.lang.RuntimeException: Could not find rule file rules/intRulesCheckedSemantics.key
	at de.uka.ilkd.key.proof.io.RuleSourceFactory.fromBuiltInRule(RuleSourceFactory.java:32)
	at de.uka.ilkd.key.proof.io.RuleSourceFactory.fromDefaultLocation(RuleSourceFactory.java:21)
	at de.uka.ilkd.key.nparser.builder.IncludeFinder.addInclude(IncludeFinder.java:63)
	at de.uka.ilkd.key.nparser.builder.IncludeFinder.visitOne_include(IncludeFinder.java:43)
	at de.uka.ilkd.key.nparser.builder.IncludeFinder.visitOne_include(IncludeFinder.java:20)
	at de.uka.ilkd.key.nparser.KeYParser$One_includeContext.accept(KeYParser.java:878)
	at de.uka.ilkd.key.nparser.builder.AbstractBuilder.lambda$mapOf$0(AbstractBuilder.java:112)
	at java.base/java.util.stream.ReferencePipeline$3$1.accept(ReferencePipeline.java:195)
	at java.base/java.util.ArrayList$ArrayListSpliterator.forEachRemaining(ArrayList.java:1655)
	at java.base/java.util.stream.AbstractPipeline.copyInto(AbstractPipeline.java:484)
	at java.base/java.util.stream.AbstractPipeline.wrapAndCopyInto(AbstractPipeline.java:474)
	at java.base/java.util.stream.ReduceOps$ReduceOp.evaluateSequential(ReduceOps.java:913)
	at java.base/java.util.stream.AbstractPipeline.evaluate(AbstractPipeline.java:234)
	at java.base/java.util.stream.ReferencePipeline.collect(ReferencePipeline.java:578)
	at de.uka.ilkd.key.nparser.builder.AbstractBuilder.mapOf(AbstractBuilder.java:112)
	at de.uka.ilkd.key.nparser.builder.IncludeFinder.visitOne_include_statement(IncludeFinder.java:35)
	at de.uka.ilkd.key.nparser.builder.IncludeFinder.visitOne_include_statement(IncludeFinder.java:20)
	at de.uka.ilkd.key.nparser.KeYParser$One_include_statementContext.accept(KeYParser.java:802)
	at org.antlr.v4.runtime.tree.AbstractParseTreeVisitor.visitChildren(AbstractParseTreeVisitor.java:46)
	at de.uka.ilkd.key.nparser.KeYParserBaseVisitor.visitDecls(KeYParserBaseVisitor.java:30)
	at de.uka.ilkd.key.nparser.KeYParser$DeclsContext.accept(KeYParser.java:500)
	at org.antlr.v4.runtime.tree.AbstractParseTreeVisitor.visitChildren(AbstractParseTreeVisitor.java:46)
	at de.uka.ilkd.key.nparser.KeYParserBaseVisitor.visitFile(KeYParserBaseVisitor.java:23)
	at de.uka.ilkd.key.nparser.KeYParser$FileContext.accept(KeYParser.java:306)
	at de.uka.ilkd.key.nparser.KeyAst.accept(KeyAst.java:41)
	at de.uka.ilkd.key.nparser.KeyAst$File.getIncludes(KeyAst.java:76)
	at de.uka.ilkd.key.proof.io.KeYFile.readIncludes(KeYFile.java:208)
	... 14 more
Could not find rule file rules/intRulesCheckedSemantics.key (file: /home/runner/work/key/key/key.core/../key.ui/examples/index/.././heap/polarity_tests/wellformed3.key; caused by: de.uka.ilkd.key.proof.init.ProofInputException: Could not find rule file rules/intRulesCheckedSemantics.key)
	at de.uka.ilkd.key.control.AbstractUserInterfaceControl.load(AbstractUserInterfaceControl.java:221)
	at de.uka.ilkd.key.control.KeYEnvironment.load(KeYEnvironment.java:251)
	at de.uka.ilkd.key.control.KeYEnvironment.load(KeYEnvironment.java:224)
	at de.uka.ilkd.key.control.KeYEnvironment.load(KeYEnvironment.java:184)
	at de.uka.ilkd.key.control.KeYEnvironment.load(KeYEnvironment.java:261)
	at de.uka.ilkd.key.proof.runallproofs.proofcollection.TestFile.load(TestFile.java:270)
	at de.uka.ilkd.key.proof.runallproofs.proofcollection.TestFile.runKey(TestFile.java:160)
	at de.uka.ilkd.key.proof.runallproofs.proofcollection.ForkedTestFileRunner.main(ForkedTestFileRunner.java:171)
Caused by: de.uka.ilkd.key.proof.init.ProofInputException: Could not find rule file rules/intRulesCheckedSemantics.key
	at de.uka.ilkd.key.proof.io.KeYFile.readIncludes(KeYFile.java:210)
	at de.uka.ilkd.key.proof.init.ProblemInitializer.readIncludes(ProblemInitializer.java:177)
	at de.uka.ilkd.key.proof.init.ProblemInitializer.readEnvInput(ProblemInitializer.java:325)
	at de.uka.ilkd.key.proof.init.ProblemInitializer.prepare(ProblemInitializer.java:449)
	at de.uka.ilkd.key.proof.io.AbstractProblemLoader.createInitConfig(AbstractProblemLoader.java:518)
	at de.uka.ilkd.key.proof.io.AbstractProblemLoader.loadEnvironment(AbstractProblemLoader.java:288)
	at de.uka.ilkd.key.proof.io.AbstractProblemLoader.load(AbstractProblemLoader.java:252)
	at de.uka.ilkd.key.control.AbstractUserInterfaceControl.load(AbstractUserInterfaceControl.java:209)
	... 7 more
Caused by: java.lang.RuntimeException: Could not find rule file rules/intRulesCheckedSemantics.key
	at de.uka.ilkd.key.proof.io.RuleSourceFactory.fromBuiltInRule(RuleSourceFactory.java:32)
	at de.uka.ilkd.key.proof.io.RuleSourceFactory.fromDefaultLocation(RuleSourceFactory.java:21)
	at de.uka.ilkd.key.nparser.builder.IncludeFinder.addInclude(IncludeFinder.java:63)
	at de.uka.ilkd.key.nparser.builder.IncludeFinder.visitOne_include(IncludeFinder.java:43)
	at de.uka.ilkd.key.nparser.builder.IncludeFinder.visitOne_include(IncludeFinder.java:20)
	at de.uka.ilkd.key.nparser.KeYParser$One_includeContext.accept(KeYParser.java:878)
	at de.uka.ilkd.key.nparser.builder.AbstractBuilder.lambda$mapOf$0(AbstractBuilder.java:112)
	at java.base/java.util.stream.ReferencePipeline$3$1.accept(ReferencePipeline.java:195)
	at java.base/java.util.ArrayList$ArrayListSpliterator.forEachRemaining(ArrayList.java:1655)
	at java.base/java.util.stream.AbstractPipeline.copyInto(AbstractPipeline.java:484)
	at java.base/java.util.stream.AbstractPipeline.wrapAndCopyInto(AbstractPipeline.java:474)
	at java.base/java.util.stream.ReduceOps$ReduceOp.evaluateSequential(ReduceOps.java:913)
	at java.base/java.util.stream.AbstractPipeline.evaluate(AbstractPipeline.java:234)
	at java.base/java.util.stream.ReferencePipeline.collect(ReferencePipeline.java:578)
	at de.uka.ilkd.key.nparser.builder.AbstractBuilder.mapOf(AbstractBuilder.java:112)
	at de.uka.ilkd.key.nparser.builder.IncludeFinder.visitOne_include_statement(IncludeFinder.java:35)
	at de.uka.ilkd.key.nparser.builder.IncludeFinder.visitOne_include_statement(IncludeFinder.java:20)
	at de.uka.ilkd.key.nparser.KeYParser$One_include_statementContext.accept(KeYParser.java:802)
	at org.antlr.v4.runtime.tree.AbstractParseTreeVisitor.visitChildren(AbstractParseTreeVisitor.java:46)
	at de.uka.ilkd.key.nparser.KeYParserBaseVisitor.visitDecls(KeYParserBaseVisitor.java:30)
	at de.uka.ilkd.key.nparser.KeYParser$DeclsContext.accept(KeYParser.java:500)
	at org.antlr.v4.runtime.tree.AbstractParseTreeVisitor.visitChildren(AbstractParseTreeVisitor.java:46)
	at de.uka.ilkd.key.nparser.KeYParserBaseVisitor.visitFile(KeYParserBaseVisitor.java:23)
	at de.uka.ilkd.key.nparser.KeYParser$FileContext.accept(KeYParser.java:306)
	at de.uka.ilkd.key.nparser.KeyAst.accept(KeyAst.java:41)
	at de.uka.ilkd.key.nparser.KeyAst$File.getIncludes(KeyAst.java:76)
	at de.uka.ilkd.key.proof.io.KeYFile.readIncludes(KeYFile.java:208)
	... 14 more
Could not find rule file rules/intRulesCheckedSemantics.key (file: /home/runner/work/key/key/key.core/../key.ui/examples/index/.././heap/polarity_tests/wellformed4.key; caused by: de.uka.ilkd.key.proof.init.ProofInputException: Could not find rule file rules/intRulesCheckedSemantics.key)
	at de.uka.ilkd.key.control.AbstractUserInterfaceControl.load(AbstractUserInterfaceControl.java:221)
	at de.uka.ilkd.key.control.KeYEnvironment.load(KeYEnvironment.java:251)
	at de.uka.ilkd.key.control.KeYEnvironment.load(KeYEnvironment.java:224)
	at de.uka.ilkd.key.control.KeYEnvironment.load(KeYEnvironment.java:184)
	at de.uka.ilkd.key.control.KeYEnvironment.load(KeYEnvironment.java:261)
	at de.uka.ilkd.key.proof.runallproofs.proofcollection.TestFile.load(TestFile.java:270)
	at de.uka.ilkd.key.proof.runallproofs.proofcollection.TestFile.runKey(TestFile.java:160)
	at de.uka.ilkd.key.proof.runallproofs.proofcollection.ForkedTestFileRunner.main(ForkedTestFileRunner.java:171)
Caused by: de.uka.ilkd.key.proof.init.ProofInputException: Could not find rule file rules/intRulesCheckedSemantics.key
	at de.uka.ilkd.key.proof.io.KeYFile.readIncludes(KeYFile.java:210)
	at de.uka.ilkd.key.proof.init.ProblemInitializer.readIncludes(ProblemInitializer.java:177)
	at de.uka.ilkd.key.proof.init.ProblemInitializer.readEnvInput(ProblemInitializer.java:325)
	at de.uka.ilkd.key.proof.init.ProblemInitializer.prepare(ProblemInitializer.java:449)
	at de.uka.ilkd.key.proof.io.AbstractProblemLoader.createInitConfig(AbstractProblemLoader.java:518)
	at de.uka.ilkd.key.proof.io.AbstractProblemLoader.loadEnvironment(AbstractProblemLoader.java:288)
	at de.uka.ilkd.key.proof.io.AbstractProblemLoader.load(AbstractProblemLoader.java:252)
	at de.uka.ilkd.key.control.AbstractUserInterfaceControl.load(AbstractUserInterfaceControl.java:209)
	... 7 more
Caused by: java.lang.RuntimeException: Could not find rule file rules/intRulesCheckedSemantics.key
	at de.uka.ilkd.key.proof.io.RuleSourceFactory.fromBuiltInRule(RuleSourceFactory.java:32)
	at de.uka.ilkd.key.proof.io.RuleSourceFactory.fromDefaultLocation(RuleSourceFactory.java:21)
	at de.uka.ilkd.key.nparser.builder.IncludeFinder.addInclude(IncludeFinder.java:63)
	at de.uka.ilkd.key.nparser.builder.IncludeFinder.visitOne_include(IncludeFinder.java:43)
	at de.uka.ilkd.key.nparser.builder.IncludeFinder.visitOne_include(IncludeFinder.java:20)
	at de.uka.ilkd.key.nparser.KeYParser$One_includeContext.accept(KeYParser.java:878)
	at de.uka.ilkd.key.nparser.builder.AbstractBuilder.lambda$mapOf$0(AbstractBuilder.java:112)
	at java.base/java.util.stream.ReferencePipeline$3$1.accept(ReferencePipeline.java:195)
	at java.base/java.util.ArrayList$ArrayListSpliterator.forEachRemaining(ArrayList.java:1655)
	at java.base/java.util.stream.AbstractPipeline.copyInto(AbstractPipeline.java:484)
	at java.base/java.util.stream.AbstractPipeline.wrapAndCopyInto(AbstractPipeline.java:474)
	at java.base/java.util.stream.ReduceOps$ReduceOp.evaluateSequential(ReduceOps.java:913)
	at java.base/java.util.stream.AbstractPipeline.evaluate(AbstractPipeline.java:234)
	at java.base/java.util.stream.ReferencePipeline.collect(ReferencePipeline.java:578)
	at de.uka.ilkd.key.nparser.builder.AbstractBuilder.mapOf(AbstractBuilder.java:112)
	at de.uka.ilkd.key.nparser.builder.IncludeFinder.visitOne_include_statement(IncludeFinder.java:35)
	at de.uka.ilkd.key.nparser.builder.IncludeFinder.visitOne_include_statement(IncludeFinder.java:20)
	at de.uka.ilkd.key.nparser.KeYParser$One_include_statementContext.accept(KeYParser.java:802)
	at org.antlr.v4.runtime.tree.AbstractParseTreeVisitor.visitChildren(AbstractParseTreeVisitor.java:46)
	at de.uka.ilkd.key.nparser.KeYParserBaseVisitor.visitDecls(KeYParserBaseVisitor.java:30)
	at de.uka.ilkd.key.nparser.KeYParser$DeclsContext.accept(KeYParser.java:500)
	at org.antlr.v4.runtime.tree.AbstractParseTreeVisitor.visitChildren(AbstractParseTreeVisitor.java:46)
	at de.uka.ilkd.key.nparser.KeYParserBaseVisitor.visitFile(KeYParserBaseVisitor.java:23)
	at de.uka.ilkd.key.nparser.KeYParser$FileContext.accept(KeYParser.java:306)
	at de.uka.ilkd.key.nparser.KeyAst.accept(KeyAst.java:41)
	at de.uka.ilkd.key.nparser.KeyAst$File.getIncludes(KeyAst.java:76)
	at de.uka.ilkd.key.proof.io.KeYFile.readIncludes(KeYFile.java:208)
	... 14 more
Could not find rule file rules/intRulesCheckedSemantics.key (file: /home/runner/work/key/key/key.core/../key.ui/examples/index/.././heap/polarity_tests/wellformed5.key; caused by: de.uka.ilkd.key.proof.init.ProofInputException: Could not find rule file rules/intRulesCheckedSemantics.key)
	at de.uka.ilkd.key.control.AbstractUserInterfaceControl.load(AbstractUserInterfaceControl.java:221)
	at de.uka.ilkd.key.control.KeYEnvironment.load(KeYEnvironment.java:251)
	at de.uka.ilkd.key.control.KeYEnvironment.load(KeYEnvironment.java:224)
	at de.uka.ilkd.key.control.KeYEnvironment.load(KeYEnvironment.java:184)
	at de.uka.ilkd.key.control.KeYEnvironment.load(KeYEnvironment.java:261)
	at de.uka.ilkd.key.proof.runallproofs.proofcollection.TestFile.load(TestFile.java:270)
	at de.uka.ilkd.key.proof.runallproofs.proofcollection.TestFile.runKey(TestFile.java:160)
	at de.uka.ilkd.key.proof.runallproofs.proofcollection.ForkedTestFileRunner.main(ForkedTestFileRunner.java:171)
Caused by: de.uka.ilkd.key.proof.init.ProofInputException: Could not find rule file rules/intRulesCheckedSemantics.key
	at de.uka.ilkd.key.proof.io.KeYFile.readIncludes(KeYFile.java:210)
	at de.uka.ilkd.key.proof.init.ProblemInitializer.readIncludes(ProblemInitializer.java:177)
	at de.uka.ilkd.key.proof.init.ProblemInitializer.readEnvInput(ProblemInitializer.java:325)
	at de.uka.ilkd.key.proof.init.ProblemInitializer.prepare(ProblemInitializer.java:449)
	at de.uka.ilkd.key.proof.io.AbstractProblemLoader.createInitConfig(AbstractProblemLoader.java:518)
	at de.uka.ilkd.key.proof.io.AbstractProblemLoader.loadEnvironment(AbstractProblemLoader.java:288)
	at de.uka.ilkd.key.proof.io.AbstractProblemLoader.load(AbstractProblemLoader.java:252)
	at de.uka.ilkd.key.control.AbstractUserInterfaceControl.load(AbstractUserInterfaceControl.java:209)
	... 7 more
Caused by: java.lang.RuntimeException: Could not find rule file rules/intRulesCheckedSemantics.key
	at de.uka.ilkd.key.proof.io.RuleSourceFactory.fromBuiltInRule(RuleSourceFactory.java:32)
	at de.uka.ilkd.key.proof.io.RuleSourceFactory.fromDefaultLocation(RuleSourceFactory.java:21)
	at de.uka.ilkd.key.nparser.builder.IncludeFinder.addInclude(IncludeFinder.java:63)
	at de.uka.ilkd.key.nparser.builder.IncludeFinder.visitOne_include(IncludeFinder.java:43)
	at de.uka.ilkd.key.nparser.builder.IncludeFinder.visitOne_include(IncludeFinder.java:20)
	at de.uka.ilkd.key.nparser.KeYParser$One_includeContext.accept(KeYParser.java:878)
	at de.uka.ilkd.key.nparser.builder.AbstractBuilder.lambda$mapOf$0(AbstractBuilder.java:112)
	at java.base/java.util.stream.ReferencePipeline$3$1.accept(ReferencePipeline.java:195)
	at java.base/java.util.ArrayList$ArrayListSpliterator.forEachRemaining(ArrayList.java:1655)
	at java.base/java.util.stream.AbstractPipeline.copyInto(AbstractPipeline.java:484)
	at java.base/java.util.stream.AbstractPipeline.wrapAndCopyInto(AbstractPipeline.java:474)
	at java.base/java.util.stream.ReduceOps$ReduceOp.evaluateSequential(ReduceOps.java:913)
	at java.base/java.util.stream.AbstractPipeline.evaluate(AbstractPipeline.java:234)
	at java.base/java.util.stream.ReferencePipeline.collect(ReferencePipeline.java:578)
	at de.uka.ilkd.key.nparser.builder.AbstractBuilder.mapOf(AbstractBuilder.java:112)
	at de.uka.ilkd.key.nparser.builder.IncludeFinder.visitOne_include_statement(IncludeFinder.java:35)
	at de.uka.ilkd.key.nparser.builder.IncludeFinder.visitOne_include_statement(IncludeFinder.java:20)
	at de.uka.ilkd.key.nparser.KeYParser$One_include_statementContext.accept(KeYParser.java:802)
	at org.antlr.v4.runtime.tree.AbstractParseTreeVisitor.visitChildren(AbstractParseTreeVisitor.java:46)
	at de.uka.ilkd.key.nparser.KeYParserBaseVisitor.visitDecls(KeYParserBaseVisitor.java:30)
	at de.uka.ilkd.key.nparser.KeYParser$DeclsContext.accept(KeYParser.java:500)
	at org.antlr.v4.runtime.tree.AbstractParseTreeVisitor.visitChildren(AbstractParseTreeVisitor.java:46)
	at de.uka.ilkd.key.nparser.KeYParserBaseVisitor.visitFile(KeYParserBaseVisitor.java:23)
	at de.uka.ilkd.key.nparser.KeYParser$FileContext.accept(KeYParser.java:306)
	at de.uka.ilkd.key.nparser.KeyAst.accept(KeyAst.java:41)
	at de.uka.ilkd.key.nparser.KeyAst$File.getIncludes(KeyAst.java:76)
	at de.uka.ilkd.key.proof.io.KeYFile.readIncludes(KeYFile.java:208)
	... 14 more
Could not find rule file rules/intRulesCheckedSemantics.key (file: /home/runner/work/key/key/key.core/../key.ui/examples/index/.././heap/polarity_tests/wellformed6.key; caused by: de.uka.ilkd.key.proof.init.ProofInputException: Could not find rule file rules/intRulesCheckedSemantics.key)
	at de.uka.ilkd.key.control.AbstractUserInterfaceControl.load(AbstractUserInterfaceControl.java:221)
	at de.uka.ilkd.key.control.KeYEnvironment.load(KeYEnvironment.java:251)
	at de.uka.ilkd.key.control.KeYEnvironment.load(KeYEnvironment.java:224)
	at de.uka.ilkd.key.control.KeYEnvironment.load(KeYEnvironment.java:184)
	at de.uka.ilkd.key.control.KeYEnvironment.load(KeYEnvironment.java:261)
	at de.uka.ilkd.key.proof.runallproofs.proofcollection.TestFile.load(TestFile.java:270)
	at de.uka.ilkd.key.proof.runallproofs.proofcollection.TestFile.runKey(TestFile.java:160)
	at de.uka.ilkd.key.proof.runallproofs.proofcollection.ForkedTestFileRunner.main(ForkedTestFileRunner.java:171)
Caused by: de.uka.ilkd.key.proof.init.ProofInputException: Could not find rule file rules/intRulesCheckedSemantics.key
	at de.uka.ilkd.key.proof.io.KeYFile.readIncludes(KeYFile.java:210)
	at de.uka.ilkd.key.proof.init.ProblemInitializer.readIncludes(ProblemInitializer.java:177)
	at de.uka.ilkd.key.proof.init.ProblemInitializer.readEnvInput(ProblemInitializer.java:325)
	at de.uka.ilkd.key.proof.init.ProblemInitializer.prepare(ProblemInitializer.java:449)
	at de.uka.ilkd.key.proof.io.AbstractProblemLoader.createInitConfig(AbstractProblemLoader.java:518)
	at de.uka.ilkd.key.proof.io.AbstractProblemLoader.loadEnvironment(AbstractProblemLoader.java:288)
	at de.uka.ilkd.key.proof.io.AbstractProblemLoader.load(AbstractProblemLoader.java:252)
	at de.uka.ilkd.key.control.AbstractUserInterfaceControl.load(AbstractUserInterfaceControl.java:209)
	... 7 more
Caused by: java.lang.RuntimeException: Could not find rule file rules/intRulesCheckedSemantics.key
	at de.uka.ilkd.key.proof.io.RuleSourceFactory.fromBuiltInRule(RuleSourceFactory.java:32)
	at de.uka.ilkd.key.proof.io.RuleSourceFactory.fromDefaultLocation(RuleSourceFactory.java:21)
	at de.uka.ilkd.key.nparser.builder.IncludeFinder.addInclude(IncludeFinder.java:63)
	at de.uka.ilkd.key.nparser.builder.IncludeFinder.visitOne_include(IncludeFinder.java:43)
	at de.uka.ilkd.key.nparser.builder.IncludeFinder.visitOne_include(IncludeFinder.java:20)
	at de.uka.ilkd.key.nparser.KeYParser$One_includeContext.accept(KeYParser.java:878)
	at de.uka.ilkd.key.nparser.builder.AbstractBuilder.lambda$mapOf$0(AbstractBuilder.java:112)
	at java.base/java.util.stream.ReferencePipeline$3$1.accept(ReferencePipeline.java:195)
	at java.base/java.util.ArrayList$ArrayListSpliterator.forEachRemaining(ArrayList.java:1655)
	at java.base/java.util.stream.AbstractPipeline.copyInto(AbstractPipeline.java:484)
	at java.base/java.util.stream.AbstractPipeline.wrapAndCopyInto(AbstractPipeline.java:474)
	at java.base/java.util.stream.ReduceOps$ReduceOp.evaluateSequential(ReduceOps.java:913)
	at java.base/java.util.stream.AbstractPipeline.evaluate(AbstractPipeline.java:234)
	at java.base/java.util.stream.ReferencePipeline.collect(ReferencePipeline.java:578)
	at de.uka.ilkd.key.nparser.builder.AbstractBuilder.mapOf(AbstractBuilder.java:112)
	at de.uka.ilkd.key.nparser.builder.IncludeFinder.visitOne_include_statement(IncludeFinder.java:35)
	at de.uka.ilkd.key.nparser.builder.IncludeFinder.visitOne_include_statement(IncludeFinder.java:20)
	at de.uka.ilkd.key.nparser.KeYParser$One_include_statementContext.accept(KeYParser.java:802)
	at org.antlr.v4.runtime.tree.AbstractParseTreeVisitor.visitChildren(AbstractParseTreeVisitor.java:46)
	at de.uka.ilkd.key.nparser.KeYParserBaseVisitor.visitDecls(KeYParserBaseVisitor.java:30)
	at de.uka.ilkd.key.nparser.KeYParser$DeclsContext.accept(KeYParser.java:500)
	at org.antlr.v4.runtime.tree.AbstractParseTreeVisitor.visitChildren(AbstractParseTreeVisitor.java:46)
	at de.uka.ilkd.key.nparser.KeYParserBaseVisitor.visitFile(KeYParserBaseVisitor.java:23)
	at de.uka.ilkd.key.nparser.KeYParser$FileContext.accept(KeYParser.java:306)
	at de.uka.ilkd.key.nparser.KeyAst.accept(KeyAst.java:41)
	at de.uka.ilkd.key.nparser.KeyAst$File.getIncludes(KeyAst.java:76)
	at de.uka.ilkd.key.proof.io.KeYFile.readIncludes(KeYFile.java:208)
	... 14 more
Could not find rule file rules/intRulesCheckedSemantics.key (file: /home/runner/work/key/key/key.core/../key.ui/examples/index/.././heap/polarity_tests/wellformed7.key; caused by: de.uka.ilkd.key.proof.init.ProofInputException: Could not find rule file rules/intRulesCheckedSemantics.key)
	at de.uka.ilkd.key.control.AbstractUserInterfaceControl.load(AbstractUserInterfaceControl.java:221)
	at de.uka.ilkd.key.control.KeYEnvironment.load(KeYEnvironment.java:251)
	at de.uka.ilkd.key.control.KeYEnvironment.load(KeYEnvironment.java:224)
	at de.uka.ilkd.key.control.KeYEnvironment.load(KeYEnvironment.java:184)
	at de.uka.ilkd.key.control.KeYEnvironment.load(KeYEnvironment.java:261)
	at de.uka.ilkd.key.proof.runallproofs.proofcollection.TestFile.load(TestFile.java:270)
	at de.uka.ilkd.key.proof.runallproofs.proofcollection.TestFile.runKey(TestFile.java:160)
	at de.uka.ilkd.key.proof.runallproofs.proofcollection.ForkedTestFileRunner.main(ForkedTestFileRunner.java:171)
Caused by: de.uka.ilkd.key.proof.init.ProofInputException: Could not find rule file rules/intRulesCheckedSemantics.key
	at de.uka.ilkd.key.proof.io.KeYFile.readIncludes(KeYFile.java:210)
	at de.uka.ilkd.key.proof.init.ProblemInitializer.readIncludes(ProblemInitializer.java:177)
	at de.uka.ilkd.key.proof.init.ProblemInitializer.readEnvInput(ProblemInitializer.java:325)
	at de.uka.ilkd.key.proof.init.ProblemInitializer.prepare(ProblemInitializer.java:449)
	at de.uka.ilkd.key.proof.io.AbstractProblemLoader.createInitConfig(AbstractProblemLoader.java:518)
	at de.uka.ilkd.key.proof.io.AbstractProblemLoader.loadEnvironment(AbstractProblemLoader.java:288)
	at de.uka.ilkd.key.proof.io.AbstractProblemLoader.load(AbstractProblemLoader.java:252)
	at de.uka.ilkd.key.control.AbstractUserInterfaceControl.load(AbstractUserInterfaceControl.java:209)
	... 7 more
Caused by: java.lang.RuntimeException: Could not find rule file rules/intRulesCheckedSemantics.key
	at de.uka.ilkd.key.proof.io.RuleSourceFactory.fromBuiltInRule(RuleSourceFactory.java:32)
	at de.uka.ilkd.key.proof.io.RuleSourceFactory.fromDefaultLocation(RuleSourceFactory.java:21)
	at de.uka.ilkd.key.nparser.builder.IncludeFinder.addInclude(IncludeFinder.java:63)
	at de.uka.ilkd.key.nparser.builder.IncludeFinder.visitOne_include(IncludeFinder.java:43)
	at de.uka.ilkd.key.nparser.builder.IncludeFinder.visitOne_include(IncludeFinder.java:20)
	at de.uka.ilkd.key.nparser.KeYParser$One_includeContext.accept(KeYParser.java:878)
	at de.uka.ilkd.key.nparser.builder.AbstractBuilder.lambda$mapOf$0(AbstractBuilder.java:112)
	at java.base/java.util.stream.ReferencePipeline$3$1.accept(ReferencePipeline.java:195)
	at java.base/java.util.ArrayList$ArrayListSpliterator.forEachRemaining(ArrayList.java:1655)
	at java.base/java.util.stream.AbstractPipeline.copyInto(AbstractPipeline.java:484)
	at java.base/java.util.stream.AbstractPipeline.wrapAndCopyInto(AbstractPipeline.java:474)
	at java.base/java.util.stream.ReduceOps$ReduceOp.evaluateSequential(ReduceOps.java:913)
	at java.base/java.util.stream.AbstractPipeline.evaluate(AbstractPipeline.java:234)
	at java.base/java.util.stream.ReferencePipeline.collect(ReferencePipeline.java:578)
	at de.uka.ilkd.key.nparser.builder.AbstractBuilder.mapOf(AbstractBuilder.java:112)
	at de.uka.ilkd.key.nparser.builder.IncludeFinder.visitOne_include_statement(IncludeFinder.java:35)
	at de.uka.ilkd.key.nparser.builder.IncludeFinder.visitOne_include_statement(IncludeFinder.java:20)
	at de.uka.ilkd.key.nparser.KeYParser$One_include_statementContext.accept(KeYParser.java:802)
	at org.antlr.v4.runtime.tree.AbstractParseTreeVisitor.visitChildren(AbstractParseTreeVisitor.java:46)
	at de.uka.ilkd.key.nparser.KeYParserBaseVisitor.visitDecls(KeYParserBaseVisitor.java:30)
	at de.uka.ilkd.key.nparser.KeYParser$DeclsContext.accept(KeYParser.java:500)
	at org.antlr.v4.runtime.tree.AbstractParseTreeVisitor.visitChildren(AbstractParseTreeVisitor.java:46)
	at de.uka.ilkd.key.nparser.KeYParserBaseVisitor.visitFile(KeYParserBaseVisitor.java:23)
	at de.uka.ilkd.key.nparser.KeYParser$FileContext.accept(KeYParser.java:306)
	at de.uka.ilkd.key.nparser.KeyAst.accept(KeyAst.java:41)
	at de.uka.ilkd.key.nparser.KeyAst$File.getIncludes(KeyAst.java:76)
	at de.uka.ilkd.key.proof.io.KeYFile.readIncludes(KeYFile.java:208)
	... 14 more
Could not find rule file rules/intRulesCheckedSemantics.key (file: /home/runner/work/key/key/key.core/../key.ui/examples/index/.././heap/polarity_tests/wellformed8.key; caused by: de.uka.ilkd.key.proof.init.ProofInputException: Could not find rule file rules/intRulesCheckedSemantics.key)
	at de.uka.ilkd.key.control.AbstractUserInterfaceControl.load(AbstractUserInterfaceControl.java:221)
	at de.uka.ilkd.key.control.KeYEnvironment.load(KeYEnvironment.java:251)
	at de.uka.ilkd.key.control.KeYEnvironment.load(KeYEnvironment.java:224)
	at de.uka.ilkd.key.control.KeYEnvironment.load(KeYEnvironment.java:184)
	at de.uka.ilkd.key.control.KeYEnvironment.load(KeYEnvironment.java:261)
	at de.uka.ilkd.key.proof.runallproofs.proofcollection.TestFile.load(TestFile.java:270)
	at de.uka.ilkd.key.proof.runallproofs.proofcollection.TestFile.runKey(TestFile.java:160)
	at de.uka.ilkd.key.proof.runallproofs.proofcollection.ForkedTestFileRunner.main(ForkedTestFileRunner.java:171)
Caused by: de.uka.ilkd.key.proof.init.ProofInputException: Could not find rule file rules/intRulesCheckedSemantics.key
	at de.uka.ilkd.key.proof.io.KeYFile.readIncludes(KeYFile.java:210)
	at de.uka.ilkd.key.proof.init.ProblemInitializer.readIncludes(ProblemInitializer.java:177)
	at de.uka.ilkd.key.proof.init.ProblemInitializer.readEnvInput(ProblemInitializer.java:325)
	at de.uka.ilkd.key.proof.init.ProblemInitializer.prepare(ProblemInitializer.java:449)
	at de.uka.ilkd.key.proof.io.AbstractProblemLoader.createInitConfig(AbstractProblemLoader.java:518)
	at de.uka.ilkd.key.proof.io.AbstractProblemLoader.loadEnvironment(AbstractProblemLoader.java:288)
	at de.uka.ilkd.key.proof.io.AbstractProblemLoader.load(AbstractProblemLoader.java:252)
	at de.uka.ilkd.key.control.AbstractUserInterfaceControl.load(AbstractUserInterfaceControl.java:209)
	... 7 more
Caused by: java.lang.RuntimeException: Could not find rule file rules/intRulesCheckedSemantics.key
	at de.uka.ilkd.key.proof.io.RuleSourceFactory.fromBuiltInRule(RuleSourceFactory.java:32)
	at de.uka.ilkd.key.proof.io.RuleSourceFactory.fromDefaultLocation(RuleSourceFactory.java:21)
	at de.uka.ilkd.key.nparser.builder.IncludeFinder.addInclude(IncludeFinder.java:63)
	at de.uka.ilkd.key.nparser.builder.IncludeFinder.visitOne_include(IncludeFinder.java:43)
	at de.uka.ilkd.key.nparser.builder.IncludeFinder.visitOne_include(IncludeFinder.java:20)
	at de.uka.ilkd.key.nparser.KeYParser$One_includeContext.accept(KeYParser.java:878)
	at de.uka.ilkd.key.nparser.builder.AbstractBuilder.lambda$mapOf$0(AbstractBuilder.java:112)
	at java.base/java.util.stream.ReferencePipeline$3$1.accept(ReferencePipeline.java:195)
	at java.base/java.util.ArrayList$ArrayListSpliterator.forEachRemaining(ArrayList.java:1655)
	at java.base/java.util.stream.AbstractPipeline.copyInto(AbstractPipeline.java:484)
	at java.base/java.util.stream.AbstractPipeline.wrapAndCopyInto(AbstractPipeline.java:474)
	at java.base/java.util.stream.ReduceOps$ReduceOp.evaluateSequential(ReduceOps.java:913)
	at java.base/java.util.stream.AbstractPipeline.evaluate(AbstractPipeline.java:234)
	at java.base/java.util.stream.ReferencePipeline.collect(ReferencePipeline.java:578)
	at de.uka.ilkd.key.nparser.builder.AbstractBuilder.mapOf(AbstractBuilder.java:112)
	at de.uka.ilkd.key.nparser.builder.IncludeFinder.visitOne_include_statement(IncludeFinder.java:35)
	at de.uka.ilkd.key.nparser.builder.IncludeFinder.visitOne_include_statement(IncludeFinder.java:20)
	at de.uka.ilkd.key.nparser.KeYParser$One_include_statementContext.accept(KeYParser.java:802)
	at org.antlr.v4.runtime.tree.AbstractParseTreeVisitor.visitChildren(AbstractParseTreeVisitor.java:46)
	at de.uka.ilkd.key.nparser.KeYParserBaseVisitor.visitDecls(KeYParserBaseVisitor.java:30)
	at de.uka.ilkd.key.nparser.KeYParser$DeclsContext.accept(KeYParser.java:500)
	at org.antlr.v4.runtime.tree.AbstractParseTreeVisitor.visitChildren(AbstractParseTreeVisitor.java:46)
	at de.uka.ilkd.key.nparser.KeYParserBaseVisitor.visitFile(KeYParserBaseVisitor.java:23)
	at de.uka.ilkd.key.nparser.KeYParser$FileContext.accept(KeYParser.java:306)
	at de.uka.ilkd.key.nparser.KeyAst.accept(KeyAst.java:41)
	at de.uka.ilkd.key.nparser.KeyAst$File.getIncludes(KeyAst.java:76)
	at de.uka.ilkd.key.proof.io.KeYFile.readIncludes(KeYFile.java:208)
	... 14 more
Could not find rule file rules/intRulesCheckedSemantics.key (file: /home/runner/work/key/key/key.core/../key.ui/examples/index/.././heap/polarity_tests/wellformed9.key; caused by: de.uka.ilkd.key.proof.init.ProofInputException: Could not find rule file rules/intRulesCheckedSemantics.key)
	at de.uka.ilkd.key.control.AbstractUserInterfaceControl.load(AbstractUserInterfaceControl.java:221)
	at de.uka.ilkd.key.control.KeYEnvironment.load(KeYEnvironment.java:251)
	at de.uka.ilkd.key.control.KeYEnvironment.load(KeYEnvironment.java:224)
	at de.uka.ilkd.key.control.KeYEnvironment.load(KeYEnvironment.java:184)
	at de.uka.ilkd.key.control.KeYEnvironment.load(KeYEnvironment.java:261)
	at de.uka.ilkd.key.proof.runallproofs.proofcollection.TestFile.load(TestFile.java:270)
	at de.uka.ilkd.key.proof.runallproofs.proofcollection.TestFile.runKey(TestFile.java:160)
	at de.uka.ilkd.key.proof.runallproofs.proofcollection.ForkedTestFileRunner.main(ForkedTestFileRunner.java:171)
Caused by: de.uka.ilkd.key.proof.init.ProofInputException: Could not find rule file rules/intRulesCheckedSemantics.key
	at de.uka.ilkd.key.proof.io.KeYFile.readIncludes(KeYFile.java:210)
	at de.uka.ilkd.key.proof.init.ProblemInitializer.readIncludes(ProblemInitializer.java:177)
	at de.uka.ilkd.key.proof.init.ProblemInitializer.readEnvInput(ProblemInitializer.java:325)
	at de.uka.ilkd.key.proof.init.ProblemInitializer.prepare(ProblemInitializer.java:449)
	at de.uka.ilkd.key.proof.io.AbstractProblemLoader.createInitConfig(AbstractProblemLoader.java:518)
	at de.uka.ilkd.key.proof.io.AbstractProblemLoader.loadEnvironment(AbstractProblemLoader.java:288)
	at de.uka.ilkd.key.proof.io.AbstractProblemLoader.load(AbstractProblemLoader.java:252)
	at de.uka.ilkd.key.control.AbstractUserInterfaceControl.load(AbstractUserInterfaceControl.java:209)
	... 7 more
Caused by: java.lang.RuntimeException: Could not find rule file rules/intRulesCheckedSemantics.key
	at de.uka.ilkd.key.proof.io.RuleSourceFactory.fromBuiltInRule(RuleSourceFactory.java:32)
	at de.uka.ilkd.key.proof.io.RuleSourceFactory.fromDefaultLocation(RuleSourceFactory.java:21)
	at de.uka.ilkd.key.nparser.builder.IncludeFinder.addInclude(IncludeFinder.java:63)
	at de.uka.ilkd.key.nparser.builder.IncludeFinder.visitOne_include(IncludeFinder.java:43)
	at de.uka.ilkd.key.nparser.builder.IncludeFinder.visitOne_include(IncludeFinder.java:20)
	at de.uka.ilkd.key.nparser.KeYParser$One_includeContext.accept(KeYParser.java:878)
	at de.uka.ilkd.key.nparser.builder.AbstractBuilder.lambda$mapOf$0(AbstractBuilder.java:112)
	at java.base/java.util.stream.ReferencePipeline$3$1.accept(ReferencePipeline.java:195)
	at java.base/java.util.ArrayList$ArrayListSpliterator.forEachRemaining(ArrayList.java:1655)
	at java.base/java.util.stream.AbstractPipeline.copyInto(AbstractPipeline.java:484)
	at java.base/java.util.stream.AbstractPipeline.wrapAndCopyInto(AbstractPipeline.java:474)
	at java.base/java.util.stream.ReduceOps$ReduceOp.evaluateSequential(ReduceOps.java:913)
	at java.base/java.util.stream.AbstractPipeline.evaluate(AbstractPipeline.java:234)
	at java.base/java.util.stream.ReferencePipeline.collect(ReferencePipeline.java:578)
	at de.uka.ilkd.key.nparser.builder.AbstractBuilder.mapOf(AbstractBuilder.java:112)
	at de.uka.ilkd.key.nparser.builder.IncludeFinder.visitOne_include_statement(IncludeFinder.java:35)
	at de.uka.ilkd.key.nparser.builder.IncludeFinder.visitOne_include_statement(IncludeFinder.java:20)
	at de.uka.ilkd.key.nparser.KeYParser$One_include_statementContext.accept(KeYParser.java:802)
	at org.antlr.v4.runtime.tree.AbstractParseTreeVisitor.visitChildren(AbstractParseTreeVisitor.java:46)
	at de.uka.ilkd.key.nparser.KeYParserBaseVisitor.visitDecls(KeYParserBaseVisitor.java:30)
	at de.uka.ilkd.key.nparser.KeYParser$DeclsContext.accept(KeYParser.java:500)
	at org.antlr.v4.runtime.tree.AbstractParseTreeVisitor.visitChildren(AbstractParseTreeVisitor.java:46)
	at de.uka.ilkd.key.nparser.KeYParserBaseVisitor.visitFile(KeYParserBaseVisitor.java:23)
	at de.uka.ilkd.key.nparser.KeYParser$FileContext.accept(KeYParser.java:306)
	at de.uka.ilkd.key.nparser.KeyAst.accept(KeyAst.java:41)
	at de.uka.ilkd.key.nparser.KeyAst$File.getIncludes(KeyAst.java:76)
	at de.uka.ilkd.key.proof.io.KeYFile.readIncludes(KeYFile.java:208)
	... 14 more
Could not find rule file rules/intRulesCheckedSemantics.key (file: /home/runner/work/key/key/key.core/../key.ui/examples/index/.././heap/polarity_tests/wellformed10.key; caused by: de.uka.ilkd.key.proof.init.ProofInputException: Could not find rule file rules/intRulesCheckedSemantics.key)
	at de.uka.ilkd.key.control.AbstractUserInterfaceControl.load(AbstractUserInterfaceControl.java:221)
	at de.uka.ilkd.key.control.KeYEnvironment.load(KeYEnvironment.java:251)
	at de.uka.ilkd.key.control.KeYEnvironment.load(KeYEnvironment.java:224)
	at de.uka.ilkd.key.control.KeYEnvironment.load(KeYEnvironment.java:184)
	at de.uka.ilkd.key.control.KeYEnvironment.load(KeYEnvironment.java:261)
	at de.uka.ilkd.key.proof.runallproofs.proofcollection.TestFile.load(TestFile.java:270)
	at de.uka.ilkd.key.proof.runallproofs.proofcollection.TestFile.runKey(TestFile.java:160)
	at de.uka.ilkd.key.proof.runallproofs.proofcollection.ForkedTestFileRunner.main(ForkedTestFileRunner.java:171)
Caused by: de.uka.ilkd.key.proof.init.ProofInputException: Could not find rule file rules/intRulesCheckedSemantics.key
	at de.uka.ilkd.key.proof.io.KeYFile.readIncludes(KeYFile.java:210)
	at de.uka.ilkd.key.proof.init.ProblemInitializer.readIncludes(ProblemInitializer.java:177)
	at de.uka.ilkd.key.proof.init.ProblemInitializer.readEnvInput(ProblemInitializer.java:325)
	at de.uka.ilkd.key.proof.init.ProblemInitializer.prepare(ProblemInitializer.java:449)
	at de.uka.ilkd.key.proof.io.AbstractProblemLoader.createInitConfig(AbstractProblemLoader.java:518)
	at de.uka.ilkd.key.proof.io.AbstractProblemLoader.loadEnvironment(AbstractProblemLoader.java:288)
	at de.uka.ilkd.key.proof.io.AbstractProblemLoader.load(AbstractProblemLoader.java:252)
	at de.uka.ilkd.key.control.AbstractUserInterfaceControl.load(AbstractUserInterfaceControl.java:209)
	... 7 more
Caused by: java.lang.RuntimeException: Could not find rule file rules/intRulesCheckedSemantics.key
	at de.uka.ilkd.key.proof.io.RuleSourceFactory.fromBuiltInRule(RuleSourceFactory.java:32)
	at de.uka.ilkd.key.proof.io.RuleSourceFactory.fromDefaultLocation(RuleSourceFactory.java:21)
	at de.uka.ilkd.key.nparser.builder.IncludeFinder.addInclude(IncludeFinder.java:63)
	at de.uka.ilkd.key.nparser.builder.IncludeFinder.visitOne_include(IncludeFinder.java:43)
	at de.uka.ilkd.key.nparser.builder.IncludeFinder.visitOne_include(IncludeFinder.java:20)
	at de.uka.ilkd.key.nparser.KeYParser$One_includeContext.accept(KeYParser.java:878)
	at de.uka.ilkd.key.nparser.builder.AbstractBuilder.lambda$mapOf$0(AbstractBuilder.java:112)
	at java.base/java.util.stream.ReferencePipeline$3$1.accept(ReferencePipeline.java:195)
	at java.base/java.util.ArrayList$ArrayListSpliterator.forEachRemaining(ArrayList.java:1655)
	at java.base/java.util.stream.AbstractPipeline.copyInto(AbstractPipeline.java:484)
	at java.base/java.util.stream.AbstractPipeline.wrapAndCopyInto(AbstractPipeline.java:474)
	at java.base/java.util.stream.ReduceOps$ReduceOp.evaluateSequential(ReduceOps.java:913)
	at java.base/java.util.stream.AbstractPipeline.evaluate(AbstractPipeline.java:234)
	at java.base/java.util.stream.ReferencePipeline.collect(ReferencePipeline.java:578)
	at de.uka.ilkd.key.nparser.builder.AbstractBuilder.mapOf(AbstractBuilder.java:112)
	at de.uka.ilkd.key.nparser.builder.IncludeFinder.visitOne_include_statement(IncludeFinder.java:35)
	at de.uka.ilkd.key.nparser.builder.IncludeFinder.visitOne_include_statement(IncludeFinder.java:20)
	at de.uka.ilkd.key.nparser.KeYParser$One_include_statementContext.accept(KeYParser.java:802)
	at org.antlr.v4.runtime.tree.AbstractParseTreeVisitor.visitChildren(AbstractParseTreeVisitor.java:46)
	at de.uka.ilkd.key.nparser.KeYParserBaseVisitor.visitDecls(KeYParserBaseVisitor.java:30)
	at de.uka.ilkd.key.nparser.KeYParser$DeclsContext.accept(KeYParser.java:500)
	at org.antlr.v4.runtime.tree.AbstractParseTreeVisitor.visitChildren(AbstractParseTreeVisitor.java:46)
	at de.uka.ilkd.key.nparser.KeYParserBaseVisitor.visitFile(KeYParserBaseVisitor.java:23)
	at de.uka.ilkd.key.nparser.KeYParser$FileContext.accept(KeYParser.java:306)
	at de.uka.ilkd.key.nparser.KeyAst.accept(KeyAst.java:41)
	at de.uka.ilkd.key.nparser.KeyAst$File.getIncludes(KeyAst.java:76)
	at de.uka.ilkd.key.proof.io.KeYFile.readIncludes(KeYFile.java:208)
	... 14 more
Could not find rule file rules/intRulesCheckedSemantics.key (file: /home/runner/work/key/key/key.core/../key.ui/examples/index/.././heap/polarity_tests/wellformed11.key; caused by: de.uka.ilkd.key.proof.init.ProofInputException: Could not find rule file rules/intRulesCheckedSemantics.key)
	at de.uka.ilkd.key.control.AbstractUserInterfaceControl.load(AbstractUserInterfaceControl.java:221)
	at de.uka.ilkd.key.control.KeYEnvironment.load(KeYEnvironment.java:251)
	at de.uka.ilkd.key.control.KeYEnvironment.load(KeYEnvironment.java:224)
	at de.uka.ilkd.key.control.KeYEnvironment.load(KeYEnvironment.java:184)
	at de.uka.ilkd.key.control.KeYEnvironment.load(KeYEnvironment.java:261)
	at de.uka.ilkd.key.proof.runallproofs.proofcollection.TestFile.load(TestFile.java:270)
	at de.uka.ilkd.key.proof.runallproofs.proofcollection.TestFile.runKey(TestFile.java:160)
	at de.uka.ilkd.key.proof.runallproofs.proofcollection.ForkedTestFileRunner.main(ForkedTestFileRunner.java:171)
Caused by: de.uka.ilkd.key.proof.init.ProofInputException: Could not find rule file rules/intRulesCheckedSemantics.key
	at de.uka.ilkd.key.proof.io.KeYFile.readIncludes(KeYFile.java:210)
	at de.uka.ilkd.key.proof.init.ProblemInitializer.readIncludes(ProblemInitializer.java:177)
	at de.uka.ilkd.key.proof.init.ProblemInitializer.readEnvInput(ProblemInitializer.java:325)
	at de.uka.ilkd.key.proof.init.ProblemInitializer.prepare(ProblemInitializer.java:449)
	at de.uka.ilkd.key.proof.io.AbstractProblemLoader.createInitConfig(AbstractProblemLoader.java:518)
	at de.uka.ilkd.key.proof.io.AbstractProblemLoader.loadEnvironment(AbstractProblemLoader.java:288)
	at de.uka.ilkd.key.proof.io.AbstractProblemLoader.load(AbstractProblemLoader.java:252)
	at de.uka.ilkd.key.control.AbstractUserInterfaceControl.load(AbstractUserInterfaceControl.java:209)
	... 7 more
Caused by: java.lang.RuntimeException: Could not find rule file rules/intRulesCheckedSemantics.key
	at de.uka.ilkd.key.proof.io.RuleSourceFactory.fromBuiltInRule(RuleSourceFactory.java:32)
	at de.uka.ilkd.key.proof.io.RuleSourceFactory.fromDefaultLocation(RuleSourceFactory.java:21)
	at de.uka.ilkd.key.nparser.builder.IncludeFinder.addInclude(IncludeFinder.java:63)
	at de.uka.ilkd.key.nparser.builder.IncludeFinder.visitOne_include(IncludeFinder.java:43)
	at de.uka.ilkd.key.nparser.builder.IncludeFinder.visitOne_include(IncludeFinder.java:20)
	at de.uka.ilkd.key.nparser.KeYParser$One_includeContext.accept(KeYParser.java:878)
	at de.uka.ilkd.key.nparser.builder.AbstractBuilder.lambda$mapOf$0(AbstractBuilder.java:112)
	at java.base/java.util.stream.ReferencePipeline$3$1.accept(ReferencePipeline.java:195)
	at java.base/java.util.ArrayList$ArrayListSpliterator.forEachRemaining(ArrayList.java:1655)
	at java.base/java.util.stream.AbstractPipeline.copyInto(AbstractPipeline.java:484)
	at java.base/java.util.stream.AbstractPipeline.wrapAndCopyInto(AbstractPipeline.java:474)
	at java.base/java.util.stream.ReduceOps$ReduceOp.evaluateSequential(ReduceOps.java:913)
	at java.base/java.util.stream.AbstractPipeline.evaluate(AbstractPipeline.java:234)
	at java.base/java.util.stream.ReferencePipeline.collect(ReferencePipeline.java:578)
	at de.uka.ilkd.key.nparser.builder.AbstractBuilder.mapOf(AbstractBuilder.java:112)
	at de.uka.ilkd.key.nparser.builder.IncludeFinder.visitOne_include_statement(IncludeFinder.java:35)
	at de.uka.ilkd.key.nparser.builder.IncludeFinder.visitOne_include_statement(IncludeFinder.java:20)
	at de.uka.ilkd.key.nparser.KeYParser$One_include_statementContext.accept(KeYParser.java:802)
	at org.antlr.v4.runtime.tree.AbstractParseTreeVisitor.visitChildren(AbstractParseTreeVisitor.java:46)
	at de.uka.ilkd.key.nparser.KeYParserBaseVisitor.visitDecls(KeYParserBaseVisitor.java:30)
	at de.uka.ilkd.key.nparser.KeYParser$DeclsContext.accept(KeYParser.java:500)
	at org.antlr.v4.runtime.tree.AbstractParseTreeVisitor.visitChildren(AbstractParseTreeVisitor.java:46)
	at de.uka.ilkd.key.nparser.KeYParserBaseVisitor.visitFile(KeYParserBaseVisitor.java:23)
	at de.uka.ilkd.key.nparser.KeYParser$FileContext.accept(KeYParser.java:306)
	at de.uka.ilkd.key.nparser.KeyAst.accept(KeyAst.java:41)
	at de.uka.ilkd.key.nparser.KeyAst$File.getIncludes(KeyAst.java:76)
	at de.uka.ilkd.key.proof.io.KeYFile.readIncludes(KeYFile.java:208)
	... 14 more
Exception in thread "main" org.opentest4j.AssertionFailedError: Exception during the execution of proofs. See log for more details.
	at org.junit.jupiter.api.AssertionUtils.fail(AssertionUtils.java:39)
	at org.junit.jupiter.api.Assertions.fail(Assertions.java:134)
	at de.uka.ilkd.key.proof.runallproofs.proofcollection.ForkedTestFileRunner.main(ForkedTestFileRunner.java:192)
Timeout watcher launched (2000 secs.)
Could not find rule file rules/intRulesCheckedSemantics.key (file: /home/runner/work/key/key/key.core/../key.ui/examples/index/.././heap/block_contracts/Simple__add.key; caused by: de.uka.ilkd.key.proof.init.ProofInputException: Could not find rule file rules/intRulesCheckedSemantics.key)
	at de.uka.ilkd.key.control.AbstractUserInterfaceControl.load(AbstractUserInterfaceControl.java:221)
	at de.uka.ilkd.key.control.KeYEnvironment.load(KeYEnvironment.java:251)
	at de.uka.ilkd.key.control.KeYEnvironment.load(KeYEnvironment.java:224)
	at de.uka.ilkd.key.control.KeYEnvironment.load(KeYEnvironment.java:184)
	at de.uka.ilkd.key.control.KeYEnvironment.load(KeYEnvironment.java:261)
	at de.uka.ilkd.key.proof.runallproofs.proofcollection.TestFile.load(TestFile.java:270)
	at de.uka.ilkd.key.proof.runallproofs.proofcollection.TestFile.runKey(TestFile.java:160)
	at de.uka.ilkd.key.proof.runallproofs.proofcollection.ForkedTestFileRunner.main(ForkedTestFileRunner.java:171)
Caused by: de.uka.ilkd.key.proof.init.ProofInputException: Could not find rule file rules/intRulesCheckedSemantics.key
	at de.uka.ilkd.key.proof.io.KeYFile.readIncludes(KeYFile.java:210)
	at de.uka.ilkd.key.proof.init.ProblemInitializer.readIncludes(ProblemInitializer.java:177)
	at de.uka.ilkd.key.proof.init.ProblemInitializer.readEnvInput(ProblemInitializer.java:325)
	at de.uka.ilkd.key.proof.init.ProblemInitializer.prepare(ProblemInitializer.java:449)
	at de.uka.ilkd.key.proof.io.AbstractProblemLoader.createInitConfig(AbstractProblemLoader.java:518)
	at de.uka.ilkd.key.proof.io.AbstractProblemLoader.loadEnvironment(AbstractProblemLoader.java:288)
	at de.uka.ilkd.key.proof.io.AbstractProblemLoader.load(AbstractProblemLoader.java:252)
	at de.uka.ilkd.key.control.AbstractUserInterfaceControl.load(AbstractUserInterfaceControl.java:209)
	... 7 more
Caused by: java.lang.RuntimeException: Could not find rule file rules/intRulesCheckedSemantics.key
	at de.uka.ilkd.key.proof.io.RuleSourceFactory.fromBuiltInRule(RuleSourceFactory.java:32)
	at de.uka.ilkd.key.proof.io.RuleSourceFactory.fromDefaultLocation(RuleSourceFactory.java:21)
	at de.uka.ilkd.key.nparser.builder.IncludeFinder.addInclude(IncludeFinder.java:63)
	at de.uka.ilkd.key.nparser.builder.IncludeFinder.visitOne_include(IncludeFinder.java:43)
	at de.uka.ilkd.key.nparser.builder.IncludeFinder.visitOne_include(IncludeFinder.java:20)
	at de.uka.ilkd.key.nparser.KeYParser$One_includeContext.accept(KeYParser.java:878)
	at de.uka.ilkd.key.nparser.builder.AbstractBuilder.lambda$mapOf$0(AbstractBuilder.java:112)
	at java.base/java.util.stream.ReferencePipeline$3$1.accept(ReferencePipeline.java:195)
	at java.base/java.util.ArrayList$ArrayListSpliterator.forEachRemaining(ArrayList.java:1655)
	at java.base/java.util.stream.AbstractPipeline.copyInto(AbstractPipeline.java:484)
	at java.base/java.util.stream.AbstractPipeline.wrapAndCopyInto(AbstractPipeline.java:474)
	at java.base/java.util.stream.ReduceOps$ReduceOp.evaluateSequential(ReduceOps.java:913)
	at java.base/java.util.stream.AbstractPipeline.evaluate(AbstractPipeline.java:234)
	at java.base/java.util.stream.ReferencePipeline.collect(ReferencePipeline.java:578)
	at de.uka.ilkd.key.nparser.builder.AbstractBuilder.mapOf(AbstractBuilder.java:112)
	at de.uka.ilkd.key.nparser.builder.IncludeFinder.visitOne_include_statement(IncludeFinder.java:35)
	at de.uka.ilkd.key.nparser.builder.IncludeFinder.visitOne_include_statement(IncludeFinder.java:20)
	at de.uka.ilkd.key.nparser.KeYParser$One_include_statementContext.accept(KeYParser.java:802)
	at org.antlr.v4.runtime.tree.AbstractParseTreeVisitor.visitChildren(AbstractParseTreeVisitor.java:46)
	at de.uka.ilkd.key.nparser.KeYParserBaseVisitor.visitDecls(KeYParserBaseVisitor.java:30)
	at de.uka.ilkd.key.nparser.KeYParser$DeclsContext.accept(KeYParser.java:500)
	at org.antlr.v4.runtime.tree.AbstractParseTreeVisitor.visitChildren(AbstractParseTreeVisitor.java:46)
	at de.uka.ilkd.key.nparser.KeYParserBaseVisitor.visitFile(KeYParserBaseVisitor.java:23)
	at de.uka.ilkd.key.nparser.KeYParser$FileContext.accept(KeYParser.java:306)
	at de.uka.ilkd.key.nparser.KeyAst.accept(KeyAst.java:41)
	at de.uka.ilkd.key.nparser.KeyAst$File.getIncludes(KeyAst.java:76)
	at de.uka.ilkd.key.proof.io.KeYFile.readIncludes(KeYFile.java:208)
	... 14 more
Could not find rule file rules/intRulesCheckedSemantics.key (file: /home/runner/work/key/key/key.core/../key.ui/examples/index/.././heap/block_contracts/Simple__addAbsoluteValues.key; caused by: de.uka.ilkd.key.proof.init.ProofInputException: Could not find rule file rules/intRulesCheckedSemantics.key)
	at de.uka.ilkd.key.control.AbstractUserInterfaceControl.load(AbstractUserInterfaceControl.java:221)
	at de.uka.ilkd.key.control.KeYEnvironment.load(KeYEnvironment.java:251)
	at de.uka.ilkd.key.control.KeYEnvironment.load(KeYEnvironment.java:224)
	at de.uka.ilkd.key.control.KeYEnvironment.load(KeYEnvironment.java:184)
	at de.uka.ilkd.key.control.KeYEnvironment.load(KeYEnvironment.java:261)
	at de.uka.ilkd.key.proof.runallproofs.proofcollection.TestFile.load(TestFile.java:270)
	at de.uka.ilkd.key.proof.runallproofs.proofcollection.TestFile.runKey(TestFile.java:160)
	at de.uka.ilkd.key.proof.runallproofs.proofcollection.ForkedTestFileRunner.main(ForkedTestFileRunner.java:171)
Caused by: de.uka.ilkd.key.proof.init.ProofInputException: Could not find rule file rules/intRulesCheckedSemantics.key
	at de.uka.ilkd.key.proof.io.KeYFile.readIncludes(KeYFile.java:210)
	at de.uka.ilkd.key.proof.init.ProblemInitializer.readIncludes(ProblemInitializer.java:177)
	at de.uka.ilkd.key.proof.init.ProblemInitializer.readEnvInput(ProblemInitializer.java:325)
	at de.uka.ilkd.key.proof.init.ProblemInitializer.prepare(ProblemInitializer.java:449)
	at de.uka.ilkd.key.proof.io.AbstractProblemLoader.createInitConfig(AbstractProblemLoader.java:518)
	at de.uka.ilkd.key.proof.io.AbstractProblemLoader.loadEnvironment(AbstractProblemLoader.java:288)
	at de.uka.ilkd.key.proof.io.AbstractProblemLoader.load(AbstractProblemLoader.java:252)
	at de.uka.ilkd.key.control.AbstractUserInterfaceControl.load(AbstractUserInterfaceControl.java:209)
	... 7 more
Caused by: java.lang.RuntimeException: Could not find rule file rules/intRulesCheckedSemantics.key
	at de.uka.ilkd.key.proof.io.RuleSourceFactory.fromBuiltInRule(RuleSourceFactory.java:32)
	at de.uka.ilkd.key.proof.io.RuleSourceFactory.fromDefaultLocation(RuleSourceFactory.java:21)
	at de.uka.ilkd.key.nparser.builder.IncludeFinder.addInclude(IncludeFinder.java:63)
	at de.uka.ilkd.key.nparser.builder.IncludeFinder.visitOne_include(IncludeFinder.java:43)
	at de.uka.ilkd.key.nparser.builder.IncludeFinder.visitOne_include(IncludeFinder.java:20)
	at de.uka.ilkd.key.nparser.KeYParser$One_includeContext.accept(KeYParser.java:878)
	at de.uka.ilkd.key.nparser.builder.AbstractBuilder.lambda$mapOf$0(AbstractBuilder.java:112)
	at java.base/java.util.stream.ReferencePipeline$3$1.accept(ReferencePipeline.java:195)
	at java.base/java.util.ArrayList$ArrayListSpliterator.forEachRemaining(ArrayList.java:1655)
	at java.base/java.util.stream.AbstractPipeline.copyInto(AbstractPipeline.java:484)
	at java.base/java.util.stream.AbstractPipeline.wrapAndCopyInto(AbstractPipeline.java:474)
	at java.base/java.util.stream.ReduceOps$ReduceOp.evaluateSequential(ReduceOps.java:913)
	at java.base/java.util.stream.AbstractPipeline.evaluate(AbstractPipeline.java:234)
	at java.base/java.util.stream.ReferencePipeline.collect(ReferencePipeline.java:578)
	at de.uka.ilkd.key.nparser.builder.AbstractBuilder.mapOf(AbstractBuilder.java:112)
	at de.uka.ilkd.key.nparser.builder.IncludeFinder.visitOne_include_statement(IncludeFinder.java:35)
	at de.uka.ilkd.key.nparser.builder.IncludeFinder.visitOne_include_statement(IncludeFinder.java:20)
	at de.uka.ilkd.key.nparser.KeYParser$One_include_statementContext.accept(KeYParser.java:802)
	at org.antlr.v4.runtime.tree.AbstractParseTreeVisitor.visitChildren(AbstractParseTreeVisitor.java:46)
	at de.uka.ilkd.key.nparser.KeYParserBaseVisitor.visitDecls(KeYParserBaseVisitor.java:30)
	at de.uka.ilkd.key.nparser.KeYParser$DeclsContext.accept(KeYParser.java:500)
	at org.antlr.v4.runtime.tree.AbstractParseTreeVisitor.visitChildren(AbstractParseTreeVisitor.java:46)
	at de.uka.ilkd.key.nparser.KeYParserBaseVisitor.visitFile(KeYParserBaseVisitor.java:23)
	at de.uka.ilkd.key.nparser.KeYParser$FileContext.accept(KeYParser.java:306)
	at de.uka.ilkd.key.nparser.KeyAst.accept(KeyAst.java:41)
	at de.uka.ilkd.key.nparser.KeyAst$File.getIncludes(KeyAst.java:76)
	at de.uka.ilkd.key.proof.io.KeYFile.readIncludes(KeYFile.java:208)
	... 14 more
Could not find rule file rules/intRulesCheckedSemantics.key (file: /home/runner/work/key/key/key.core/../key.ui/examples/index/.././heap/block_contracts/Simple__addWithJump.key; caused by: de.uka.ilkd.key.proof.init.ProofInputException: Could not find rule file rules/intRulesCheckedSemantics.key)
	at de.uka.ilkd.key.control.AbstractUserInterfaceControl.load(AbstractUserInterfaceControl.java:221)
	at de.uka.ilkd.key.control.KeYEnvironment.load(KeYEnvironment.java:251)
	at de.uka.ilkd.key.control.KeYEnvironment.load(KeYEnvironment.java:224)
	at de.uka.ilkd.key.control.KeYEnvironment.load(KeYEnvironment.java:184)
	at de.uka.ilkd.key.control.KeYEnvironment.load(KeYEnvironment.java:261)
	at de.uka.ilkd.key.proof.runallproofs.proofcollection.TestFile.load(TestFile.java:270)
	at de.uka.ilkd.key.proof.runallproofs.proofcollection.TestFile.runKey(TestFile.java:160)
	at de.uka.ilkd.key.proof.runallproofs.proofcollection.ForkedTestFileRunner.main(ForkedTestFileRunner.java:171)
Caused by: de.uka.ilkd.key.proof.init.ProofInputException: Could not find rule file rules/intRulesCheckedSemantics.key
	at de.uka.ilkd.key.proof.io.KeYFile.readIncludes(KeYFile.java:210)
	at de.uka.ilkd.key.proof.init.ProblemInitializer.readIncludes(ProblemInitializer.java:177)
	at de.uka.ilkd.key.proof.init.ProblemInitializer.readEnvInput(ProblemInitializer.java:325)
	at de.uka.ilkd.key.proof.init.ProblemInitializer.prepare(ProblemInitializer.java:449)
	at de.uka.ilkd.key.proof.io.AbstractProblemLoader.createInitConfig(AbstractProblemLoader.java:518)
	at de.uka.ilkd.key.proof.io.AbstractProblemLoader.loadEnvironment(AbstractProblemLoader.java:288)
	at de.uka.ilkd.key.proof.io.AbstractProblemLoader.load(AbstractProblemLoader.java:252)
	at de.uka.ilkd.key.control.AbstractUserInterfaceControl.load(AbstractUserInterfaceControl.java:209)
	... 7 more
Caused by: java.lang.RuntimeException: Could not find rule file rules/intRulesCheckedSemantics.key
	at de.uka.ilkd.key.proof.io.RuleSourceFactory.fromBuiltInRule(RuleSourceFactory.java:32)
	at de.uka.ilkd.key.proof.io.RuleSourceFactory.fromDefaultLocation(RuleSourceFactory.java:21)
	at de.uka.ilkd.key.nparser.builder.IncludeFinder.addInclude(IncludeFinder.java:63)
	at de.uka.ilkd.key.nparser.builder.IncludeFinder.visitOne_include(IncludeFinder.java:43)
	at de.uka.ilkd.key.nparser.builder.IncludeFinder.visitOne_include(IncludeFinder.java:20)
	at de.uka.ilkd.key.nparser.KeYParser$One_includeContext.accept(KeYParser.java:878)
	at de.uka.ilkd.key.nparser.builder.AbstractBuilder.lambda$mapOf$0(AbstractBuilder.java:112)
	at java.base/java.util.stream.ReferencePipeline$3$1.accept(ReferencePipeline.java:195)
	at java.base/java.util.ArrayList$ArrayListSpliterator.forEachRemaining(ArrayList.java:1655)
	at java.base/java.util.stream.AbstractPipeline.copyInto(AbstractPipeline.java:484)
	at java.base/java.util.stream.AbstractPipeline.wrapAndCopyInto(AbstractPipeline.java:474)
	at java.base/java.util.stream.ReduceOps$ReduceOp.evaluateSequential(ReduceOps.java:913)
	at java.base/java.util.stream.AbstractPipeline.evaluate(AbstractPipeline.java:234)
	at java.base/java.util.stream.ReferencePipeline.collect(ReferencePipeline.java:578)
	at de.uka.ilkd.key.nparser.builder.AbstractBuilder.mapOf(AbstractBuilder.java:112)
	at de.uka.ilkd.key.nparser.builder.IncludeFinder.visitOne_include_statement(IncludeFinder.java:35)
	at de.uka.ilkd.key.nparser.builder.IncludeFinder.visitOne_include_statement(IncludeFinder.java:20)
	at de.uka.ilkd.key.nparser.KeYParser$One_include_statementContext.accept(KeYParser.java:802)
	at org.antlr.v4.runtime.tree.AbstractParseTreeVisitor.visitChildren(AbstractParseTreeVisitor.java:46)
	at de.uka.ilkd.key.nparser.KeYParserBaseVisitor.visitDecls(KeYParserBaseVisitor.java:30)
	at de.uka.ilkd.key.nparser.KeYParser$DeclsContext.accept(KeYParser.java:500)
	at org.antlr.v4.runtime.tree.AbstractParseTreeVisitor.visitChildren(AbstractParseTreeVisitor.java:46)
	at de.uka.ilkd.key.nparser.KeYParserBaseVisitor.visitFile(KeYParserBaseVisitor.java:23)
	at de.uka.ilkd.key.nparser.KeYParser$FileContext.accept(KeYParser.java:306)
	at de.uka.ilkd.key.nparser.KeyAst.accept(KeyAst.java:41)
	at de.uka.ilkd.key.nparser.KeyAst$File.getIncludes(KeyAst.java:76)
	at de.uka.ilkd.key.proof.io.KeYFile.readIncludes(KeYFile.java:208)
	... 14 more
Could not find rule file rules/intRulesCheckedSemantics.key (file: /home/runner/work/key/key/key.core/../key.ui/examples/index/.././heap/block_contracts/Simple__addWithTwoBlockContracts.key; caused by: de.uka.ilkd.key.proof.init.ProofInputException: Could not find rule file rules/intRulesCheckedSemantics.key)
	at de.uka.ilkd.key.control.AbstractUserInterfaceControl.load(AbstractUserInterfaceControl.java:221)
	at de.uka.ilkd.key.control.KeYEnvironment.load(KeYEnvironment.java:251)
	at de.uka.ilkd.key.control.KeYEnvironment.load(KeYEnvironment.java:224)
	at de.uka.ilkd.key.control.KeYEnvironment.load(KeYEnvironment.java:184)
	at de.uka.ilkd.key.control.KeYEnvironment.load(KeYEnvironment.java:261)
	at de.uka.ilkd.key.proof.runallproofs.proofcollection.TestFile.load(TestFile.java:270)
	at de.uka.ilkd.key.proof.runallproofs.proofcollection.TestFile.runKey(TestFile.java:160)
	at de.uka.ilkd.key.proof.runallproofs.proofcollection.ForkedTestFileRunner.main(ForkedTestFileRunner.java:171)
Caused by: de.uka.ilkd.key.proof.init.ProofInputException: Could not find rule file rules/intRulesCheckedSemantics.key
	at de.uka.ilkd.key.proof.io.KeYFile.readIncludes(KeYFile.java:210)
	at de.uka.ilkd.key.proof.init.ProblemInitializer.readIncludes(ProblemInitializer.java:177)
	at de.uka.ilkd.key.proof.init.ProblemInitializer.readEnvInput(ProblemInitializer.java:325)
	at de.uka.ilkd.key.proof.init.ProblemInitializer.prepare(ProblemInitializer.java:449)
	at de.uka.ilkd.key.proof.io.AbstractProblemLoader.createInitConfig(AbstractProblemLoader.java:518)
	at de.uka.ilkd.key.proof.io.AbstractProblemLoader.loadEnvironment(AbstractProblemLoader.java:288)
	at de.uka.ilkd.key.proof.io.AbstractProblemLoader.load(AbstractProblemLoader.java:252)
	at de.uka.ilkd.key.control.AbstractUserInterfaceControl.load(AbstractUserInterfaceControl.java:209)
	... 7 more
Caused by: java.lang.RuntimeException: Could not find rule file rules/intRulesCheckedSemantics.key
	at de.uka.ilkd.key.proof.io.RuleSourceFactory.fromBuiltInRule(RuleSourceFactory.java:32)
	at de.uka.ilkd.key.proof.io.RuleSourceFactory.fromDefaultLocation(RuleSourceFactory.java:21)
	at de.uka.ilkd.key.nparser.builder.IncludeFinder.addInclude(IncludeFinder.java:63)
	at de.uka.ilkd.key.nparser.builder.IncludeFinder.visitOne_include(IncludeFinder.java:43)
	at de.uka.ilkd.key.nparser.builder.IncludeFinder.visitOne_include(IncludeFinder.java:20)
	at de.uka.ilkd.key.nparser.KeYParser$One_includeContext.accept(KeYParser.java:878)
	at de.uka.ilkd.key.nparser.builder.AbstractBuilder.lambda$mapOf$0(AbstractBuilder.java:112)
	at java.base/java.util.stream.ReferencePipeline$3$1.accept(ReferencePipeline.java:195)
	at java.base/java.util.ArrayList$ArrayListSpliterator.forEachRemaining(ArrayList.java:1655)
	at java.base/java.util.stream.AbstractPipeline.copyInto(AbstractPipeline.java:484)
	at java.base/java.util.stream.AbstractPipeline.wrapAndCopyInto(AbstractPipeline.java:474)
	at java.base/java.util.stream.ReduceOps$ReduceOp.evaluateSequential(ReduceOps.java:913)
	at java.base/java.util.stream.AbstractPipeline.evaluate(AbstractPipeline.java:234)
	at java.base/java.util.stream.ReferencePipeline.collect(ReferencePipeline.java:578)
	at de.uka.ilkd.key.nparser.builder.AbstractBuilder.mapOf(AbstractBuilder.java:112)
	at de.uka.ilkd.key.nparser.builder.IncludeFinder.visitOne_include_statement(IncludeFinder.java:35)
	at de.uka.ilkd.key.nparser.builder.IncludeFinder.visitOne_include_statement(IncludeFinder.java:20)
	at de.uka.ilkd.key.nparser.KeYParser$One_include_statementContext.accept(KeYParser.java:802)
	at org.antlr.v4.runtime.tree.AbstractParseTreeVisitor.visitChildren(AbstractParseTreeVisitor.java:46)
	at de.uka.ilkd.key.nparser.KeYParserBaseVisitor.visitDecls(KeYParserBaseVisitor.java:30)
	at de.uka.ilkd.key.nparser.KeYParser$DeclsContext.accept(KeYParser.java:500)
	at org.antlr.v4.runtime.tree.AbstractParseTreeVisitor.visitChildren(AbstractParseTreeVisitor.java:46)
	at de.uka.ilkd.key.nparser.KeYParserBaseVisitor.visitFile(KeYParserBaseVisitor.java:23)
	at de.uka.ilkd.key.nparser.KeYParser$FileContext.accept(KeYParser.java:306)
	at de.uka.ilkd.key.nparser.KeyAst.accept(KeyAst.java:41)
	at de.uka.ilkd.key.nparser.KeyAst$File.getIncludes(KeyAst.java:76)
	at de.uka.ilkd.key.proof.io.KeYFile.readIncludes(KeYFile.java:208)
	... 14 more
Could not find rule file rules/intRulesCheckedSemantics.key (file: /home/runner/work/key/key/key.core/../key.ui/examples/index/.././heap/block_contracts/Simple__generateByteArray.key; caused by: de.uka.ilkd.key.proof.init.ProofInputException: Could not find rule file rules/intRulesCheckedSemantics.key)
	at de.uka.ilkd.key.control.AbstractUserInterfaceControl.load(AbstractUserInterfaceControl.java:221)
	at de.uka.ilkd.key.control.KeYEnvironment.load(KeYEnvironment.java:251)
	at de.uka.ilkd.key.control.KeYEnvironment.load(KeYEnvironment.java:224)
	at de.uka.ilkd.key.control.KeYEnvironment.load(KeYEnvironment.java:184)
	at de.uka.ilkd.key.control.KeYEnvironment.load(KeYEnvironment.java:261)
	at de.uka.ilkd.key.proof.runallproofs.proofcollection.TestFile.load(TestFile.java:270)
	at de.uka.ilkd.key.proof.runallproofs.proofcollection.TestFile.runKey(TestFile.java:160)
	at de.uka.ilkd.key.proof.runallproofs.proofcollection.ForkedTestFileRunner.main(ForkedTestFileRunner.java:171)
Caused by: de.uka.ilkd.key.proof.init.ProofInputException: Could not find rule file rules/intRulesCheckedSemantics.key
	at de.uka.ilkd.key.proof.io.KeYFile.readIncludes(KeYFile.java:210)
	at de.uka.ilkd.key.proof.init.ProblemInitializer.readIncludes(ProblemInitializer.java:177)
	at de.uka.ilkd.key.proof.init.ProblemInitializer.readEnvInput(ProblemInitializer.java:325)
	at de.uka.ilkd.key.proof.init.ProblemInitializer.prepare(ProblemInitializer.java:449)
	at de.uka.ilkd.key.proof.io.AbstractProblemLoader.createInitConfig(AbstractProblemLoader.java:518)
	at de.uka.ilkd.key.proof.io.AbstractProblemLoader.loadEnvironment(AbstractProblemLoader.java:288)
	at de.uka.ilkd.key.proof.io.AbstractProblemLoader.load(AbstractProblemLoader.java:252)
	at de.uka.ilkd.key.control.AbstractUserInterfaceControl.load(AbstractUserInterfaceControl.java:209)
	... 7 more
Caused by: java.lang.RuntimeException: Could not find rule file rules/intRulesCheckedSemantics.key
	at de.uka.ilkd.key.proof.io.RuleSourceFactory.fromBuiltInRule(RuleSourceFactory.java:32)
	at de.uka.ilkd.key.proof.io.RuleSourceFactory.fromDefaultLocation(RuleSourceFactory.java:21)
	at de.uka.ilkd.key.nparser.builder.IncludeFinder.addInclude(IncludeFinder.java:63)
	at de.uka.ilkd.key.nparser.builder.IncludeFinder.visitOne_include(IncludeFinder.java:43)
	at de.uka.ilkd.key.nparser.builder.IncludeFinder.visitOne_include(IncludeFinder.java:20)
	at de.uka.ilkd.key.nparser.KeYParser$One_includeContext.accept(KeYParser.java:878)
	at de.uka.ilkd.key.nparser.builder.AbstractBuilder.lambda$mapOf$0(AbstractBuilder.java:112)
	at java.base/java.util.stream.ReferencePipeline$3$1.accept(ReferencePipeline.java:195)
	at java.base/java.util.ArrayList$ArrayListSpliterator.forEachRemaining(ArrayList.java:1655)
	at java.base/java.util.stream.AbstractPipeline.copyInto(AbstractPipeline.java:484)
	at java.base/java.util.stream.AbstractPipeline.wrapAndCopyInto(AbstractPipeline.java:474)
	at java.base/java.util.stream.ReduceOps$ReduceOp.evaluateSequential(ReduceOps.java:913)
	at java.base/java.util.stream.AbstractPipeline.evaluate(AbstractPipeline.java:234)
	at java.base/java.util.stream.ReferencePipeline.collect(ReferencePipeline.java:578)
	at de.uka.ilkd.key.nparser.builder.AbstractBuilder.mapOf(AbstractBuilder.java:112)
	at de.uka.ilkd.key.nparser.builder.IncludeFinder.visitOne_include_statement(IncludeFinder.java:35)
	at de.uka.ilkd.key.nparser.builder.IncludeFinder.visitOne_include_statement(IncludeFinder.java:20)
	at de.uka.ilkd.key.nparser.KeYParser$One_include_statementContext.accept(KeYParser.java:802)
	at org.antlr.v4.runtime.tree.AbstractParseTreeVisitor.visitChildren(AbstractParseTreeVisitor.java:46)
	at de.uka.ilkd.key.nparser.KeYParserBaseVisitor.visitDecls(KeYParserBaseVisitor.java:30)
	at de.uka.ilkd.key.nparser.KeYParser$DeclsContext.accept(KeYParser.java:500)
	at org.antlr.v4.runtime.tree.AbstractParseTreeVisitor.visitChildren(AbstractParseTreeVisitor.java:46)
	at de.uka.ilkd.key.nparser.KeYParserBaseVisitor.visitFile(KeYParserBaseVisitor.java:23)
	at de.uka.ilkd.key.nparser.KeYParser$FileContext.accept(KeYParser.java:306)
	at de.uka.ilkd.key.nparser.KeyAst.accept(KeyAst.java:41)
	at de.uka.ilkd.key.nparser.KeyAst$File.getIncludes(KeyAst.java:76)
	at de.uka.ilkd.key.proof.io.KeYFile.readIncludes(KeYFile.java:208)
	... 14 more
Could not find rule file rules/intRulesCheckedSemantics.key (file: /home/runner/work/key/key/key.core/../key.ui/examples/index/.././heap/block_contracts/Simple__getLength.key; caused by: de.uka.ilkd.key.proof.init.ProofInputException: Could not find rule file rules/intRulesCheckedSemantics.key)
	at de.uka.ilkd.key.control.AbstractUserInterfaceControl.load(AbstractUserInterfaceControl.java:221)
	at de.uka.ilkd.key.control.KeYEnvironment.load(KeYEnvironment.java:251)
	at de.uka.ilkd.key.control.KeYEnvironment.load(KeYEnvironment.java:224)
	at de.uka.ilkd.key.control.KeYEnvironment.load(KeYEnvironment.java:184)
	at de.uka.ilkd.key.control.KeYEnvironment.load(KeYEnvironment.java:261)
	at de.uka.ilkd.key.proof.runallproofs.proofcollection.TestFile.load(TestFile.java:270)
	at de.uka.ilkd.key.proof.runallproofs.proofcollection.TestFile.runKey(TestFile.java:160)
	at de.uka.ilkd.key.proof.runallproofs.proofcollection.ForkedTestFileRunner.main(ForkedTestFileRunner.java:171)
Caused by: de.uka.ilkd.key.proof.init.ProofInputException: Could not find rule file rules/intRulesCheckedSemantics.key
	at de.uka.ilkd.key.proof.io.KeYFile.readIncludes(KeYFile.java:210)
	at de.uka.ilkd.key.proof.init.ProblemInitializer.readIncludes(ProblemInitializer.java:177)
	at de.uka.ilkd.key.proof.init.ProblemInitializer.readEnvInput(ProblemInitializer.java:325)
	at de.uka.ilkd.key.proof.init.ProblemInitializer.prepare(ProblemInitializer.java:449)
	at de.uka.ilkd.key.proof.io.AbstractProblemLoader.createInitConfig(AbstractProblemLoader.java:518)
	at de.uka.ilkd.key.proof.io.AbstractProblemLoader.loadEnvironment(AbstractProblemLoader.java:288)
	at de.uka.ilkd.key.proof.io.AbstractProblemLoader.load(AbstractProblemLoader.java:252)
	at de.uka.ilkd.key.control.AbstractUserInterfaceControl.load(AbstractUserInterfaceControl.java:209)
	... 7 more
Caused by: java.lang.RuntimeException: Could not find rule file rules/intRulesCheckedSemantics.key
	at de.uka.ilkd.key.proof.io.RuleSourceFactory.fromBuiltInRule(RuleSourceFactory.java:32)
	at de.uka.ilkd.key.proof.io.RuleSourceFactory.fromDefaultLocation(RuleSourceFactory.java:21)
	at de.uka.ilkd.key.nparser.builder.IncludeFinder.addInclude(IncludeFinder.java:63)
	at de.uka.ilkd.key.nparser.builder.IncludeFinder.visitOne_include(IncludeFinder.java:43)
	at de.uka.ilkd.key.nparser.builder.IncludeFinder.visitOne_include(IncludeFinder.java:20)
	at de.uka.ilkd.key.nparser.KeYParser$One_includeContext.accept(KeYParser.java:878)
	at de.uka.ilkd.key.nparser.builder.AbstractBuilder.lambda$mapOf$0(AbstractBuilder.java:112)
	at java.base/java.util.stream.ReferencePipeline$3$1.accept(ReferencePipeline.java:195)
	at java.base/java.util.ArrayList$ArrayListSpliterator.forEachRemaining(ArrayList.java:1655)
	at java.base/java.util.stream.AbstractPipeline.copyInto(AbstractPipeline.java:484)
	at java.base/java.util.stream.AbstractPipeline.wrapAndCopyInto(AbstractPipeline.java:474)
	at java.base/java.util.stream.ReduceOps$ReduceOp.evaluateSequential(ReduceOps.java:913)
	at java.base/java.util.stream.AbstractPipeline.evaluate(AbstractPipeline.java:234)
	at java.base/java.util.stream.ReferencePipeline.collect(ReferencePipeline.java:578)
	at de.uka.ilkd.key.nparser.builder.AbstractBuilder.mapOf(AbstractBuilder.java:112)
	at de.uka.ilkd.key.nparser.builder.IncludeFinder.visitOne_include_statement(IncludeFinder.java:35)
	at de.uka.ilkd.key.nparser.builder.IncludeFinder.visitOne_include_statement(IncludeFinder.java:20)
	at de.uka.ilkd.key.nparser.KeYParser$One_include_statementContext.accept(KeYParser.java:802)
	at org.antlr.v4.runtime.tree.AbstractParseTreeVisitor.visitChildren(AbstractParseTreeVisitor.java:46)
	at de.uka.ilkd.key.nparser.KeYParserBaseVisitor.visitDecls(KeYParserBaseVisitor.java:30)
	at de.uka.ilkd.key.nparser.KeYParser$DeclsContext.accept(KeYParser.java:500)
	at org.antlr.v4.runtime.tree.AbstractParseTreeVisitor.visitChildren(AbstractParseTreeVisitor.java:46)
	at de.uka.ilkd.key.nparser.KeYParserBaseVisitor.visitFile(KeYParserBaseVisitor.java:23)
	at de.uka.ilkd.key.nparser.KeYParser$FileContext.accept(KeYParser.java:306)
	at de.uka.ilkd.key.nparser.KeyAst.accept(KeyAst.java:41)
	at de.uka.ilkd.key.nparser.KeyAst$File.getIncludes(KeyAst.java:76)
	at de.uka.ilkd.key.proof.io.KeYFile.readIncludes(KeYFile.java:208)
	... 14 more
Could not find rule file rules/intRulesCheckedSemantics.key (file: /home/runner/work/key/key/key.core/../key.ui/examples/index/.././heap/block_contracts/Simple__square.key; caused by: de.uka.ilkd.key.proof.init.ProofInputException: Could not find rule file rules/intRulesCheckedSemantics.key)
	at de.uka.ilkd.key.control.AbstractUserInterfaceControl.load(AbstractUserInterfaceControl.java:221)
	at de.uka.ilkd.key.control.KeYEnvironment.load(KeYEnvironment.java:251)
	at de.uka.ilkd.key.control.KeYEnvironment.load(KeYEnvironment.java:224)
	at de.uka.ilkd.key.control.KeYEnvironment.load(KeYEnvironment.java:184)
	at de.uka.ilkd.key.control.KeYEnvironment.load(KeYEnvironment.java:261)
	at de.uka.ilkd.key.proof.runallproofs.proofcollection.TestFile.load(TestFile.java:270)
	at de.uka.ilkd.key.proof.runallproofs.proofcollection.TestFile.runKey(TestFile.java:160)
	at de.uka.ilkd.key.proof.runallproofs.proofcollection.ForkedTestFileRunner.main(ForkedTestFileRunner.java:171)
Caused by: de.uka.ilkd.key.proof.init.ProofInputException: Could not find rule file rules/intRulesCheckedSemantics.key
	at de.uka.ilkd.key.proof.io.KeYFile.readIncludes(KeYFile.java:210)
	at de.uka.ilkd.key.proof.init.ProblemInitializer.readIncludes(ProblemInitializer.java:177)
	at de.uka.ilkd.key.proof.init.ProblemInitializer.readEnvInput(ProblemInitializer.java:325)
	at de.uka.ilkd.key.proof.init.ProblemInitializer.prepare(ProblemInitializer.java:449)
	at de.uka.ilkd.key.proof.io.AbstractProblemLoader.createInitConfig(AbstractProblemLoader.java:518)
	at de.uka.ilkd.key.proof.io.AbstractProblemLoader.loadEnvironment(AbstractProblemLoader.java:288)
	at de.uka.ilkd.key.proof.io.AbstractProblemLoader.load(AbstractProblemLoader.java:252)
	at de.uka.ilkd.key.control.AbstractUserInterfaceControl.load(AbstractUserInterfaceControl.java:209)
	... 7 more
Caused by: java.lang.RuntimeException: Could not find rule file rules/intRulesCheckedSemantics.key
	at de.uka.ilkd.key.proof.io.RuleSourceFactory.fromBuiltInRule(RuleSourceFactory.java:32)
	at de.uka.ilkd.key.proof.io.RuleSourceFactory.fromDefaultLocation(RuleSourceFactory.java:21)
	at de.uka.ilkd.key.nparser.builder.IncludeFinder.addInclude(IncludeFinder.java:63)
	at de.uka.ilkd.key.nparser.builder.IncludeFinder.visitOne_include(IncludeFinder.java:43)
	at de.uka.ilkd.key.nparser.builder.IncludeFinder.visitOne_include(IncludeFinder.java:20)
	at de.uka.ilkd.key.nparser.KeYParser$One_includeContext.accept(KeYParser.java:878)
	at de.uka.ilkd.key.nparser.builder.AbstractBuilder.lambda$mapOf$0(AbstractBuilder.java:112)
	at java.base/java.util.stream.ReferencePipeline$3$1.accept(ReferencePipeline.java:195)
	at java.base/java.util.ArrayList$ArrayListSpliterator.forEachRemaining(ArrayList.java:1655)
	at java.base/java.util.stream.AbstractPipeline.copyInto(AbstractPipeline.java:484)
	at java.base/java.util.stream.AbstractPipeline.wrapAndCopyInto(AbstractPipeline.java:474)
	at java.base/java.util.stream.ReduceOps$ReduceOp.evaluateSequential(ReduceOps.java:913)
	at java.base/java.util.stream.AbstractPipeline.evaluate(AbstractPipeline.java:234)
	at java.base/java.util.stream.ReferencePipeline.collect(ReferencePipeline.java:578)
	at de.uka.ilkd.key.nparser.builder.AbstractBuilder.mapOf(AbstractBuilder.java:112)
	at de.uka.ilkd.key.nparser.builder.IncludeFinder.visitOne_include_statement(IncludeFinder.java:35)
	at de.uka.ilkd.key.nparser.builder.IncludeFinder.visitOne_include_statement(IncludeFinder.java:20)
	at de.uka.ilkd.key.nparser.KeYParser$One_include_statementContext.accept(KeYParser.java:802)
	at org.antlr.v4.runtime.tree.AbstractParseTreeVisitor.visitChildren(AbstractParseTreeVisitor.java:46)
	at de.uka.ilkd.key.nparser.KeYParserBaseVisitor.visitDecls(KeYParserBaseVisitor.java:30)
	at de.uka.ilkd.key.nparser.KeYParser$DeclsContext.accept(KeYParser.java:500)
	at org.antlr.v4.runtime.tree.AbstractParseTreeVisitor.visitChildren(AbstractParseTreeVisitor.java:46)
	at de.uka.ilkd.key.nparser.KeYParserBaseVisitor.visitFile(KeYParserBaseVisitor.java:23)
	at de.uka.ilkd.key.nparser.KeYParser$FileContext.accept(KeYParser.java:306)
	at de.uka.ilkd.key.nparser.KeyAst.accept(KeyAst.java:41)
	at de.uka.ilkd.key.nparser.KeyAst$File.getIncludes(KeyAst.java:76)
	at de.uka.ilkd.key.proof.io.KeYFile.readIncludes(KeYFile.java:208)
	... 14 more
Could not find rule file rules/intRulesCheckedSemantics.key (file: /home/runner/work/key/key/key.core/../key.ui/examples/index/.././heap/block_contracts/Simple__unnecessaryBlockContract.key; caused by: de.uka.ilkd.key.proof.init.ProofInputException: Could not find rule file rules/intRulesCheckedSemantics.key)
	at de.uka.ilkd.key.control.AbstractUserInterfaceControl.load(AbstractUserInterfaceControl.java:221)
	at de.uka.ilkd.key.control.KeYEnvironment.load(KeYEnvironment.java:251)
	at de.uka.ilkd.key.control.KeYEnvironment.load(KeYEnvironment.java:224)
	at de.uka.ilkd.key.control.KeYEnvironment.load(KeYEnvironment.java:184)
	at de.uka.ilkd.key.control.KeYEnvironment.load(KeYEnvironment.java:261)
	at de.uka.ilkd.key.proof.runallproofs.proofcollection.TestFile.load(TestFile.java:270)
	at de.uka.ilkd.key.proof.runallproofs.proofcollection.TestFile.runKey(TestFile.java:160)
	at de.uka.ilkd.key.proof.runallproofs.proofcollection.ForkedTestFileRunner.main(ForkedTestFileRunner.java:171)
Caused by: de.uka.ilkd.key.proof.init.ProofInputException: Could not find rule file rules/intRulesCheckedSemantics.key
	at de.uka.ilkd.key.proof.io.KeYFile.readIncludes(KeYFile.java:210)
	at de.uka.ilkd.key.proof.init.ProblemInitializer.readIncludes(ProblemInitializer.java:177)
	at de.uka.ilkd.key.proof.init.ProblemInitializer.readEnvInput(ProblemInitializer.java:325)
	at de.uka.ilkd.key.proof.init.ProblemInitializer.prepare(ProblemInitializer.java:449)
	at de.uka.ilkd.key.proof.io.AbstractProblemLoader.createInitConfig(AbstractProblemLoader.java:518)
	at de.uka.ilkd.key.proof.io.AbstractProblemLoader.loadEnvironment(AbstractProblemLoader.java:288)
	at de.uka.ilkd.key.proof.io.AbstractProblemLoader.load(AbstractProblemLoader.java:252)
	at de.uka.ilkd.key.control.AbstractUserInterfaceControl.load(AbstractUserInterfaceControl.java:209)
	... 7 more
Caused by: java.lang.RuntimeException: Could not find rule file rules/intRulesCheckedSemantics.key
	at de.uka.ilkd.key.proof.io.RuleSourceFactory.fromBuiltInRule(RuleSourceFactory.java:32)
	at de.uka.ilkd.key.proof.io.RuleSourceFactory.fromDefaultLocation(RuleSourceFactory.java:21)
	at de.uka.ilkd.key.nparser.builder.IncludeFinder.addInclude(IncludeFinder.java:63)
	at de.uka.ilkd.key.nparser.builder.IncludeFinder.visitOne_include(IncludeFinder.java:43)
	at de.uka.ilkd.key.nparser.builder.IncludeFinder.visitOne_include(IncludeFinder.java:20)
	at de.uka.ilkd.key.nparser.KeYParser$One_includeContext.accept(KeYParser.java:878)
	at de.uka.ilkd.key.nparser.builder.AbstractBuilder.lambda$mapOf$0(AbstractBuilder.java:112)
	at java.base/java.util.stream.ReferencePipeline$3$1.accept(ReferencePipeline.java:195)
	at java.base/java.util.ArrayList$ArrayListSpliterator.forEachRemaining(ArrayList.java:1655)
	at java.base/java.util.stream.AbstractPipeline.copyInto(AbstractPipeline.java:484)
	at java.base/java.util.stream.AbstractPipeline.wrapAndCopyInto(AbstractPipeline.java:474)
	at java.base/java.util.stream.ReduceOps$ReduceOp.evaluateSequential(ReduceOps.java:913)
	at java.base/java.util.stream.AbstractPipeline.evaluate(AbstractPipeline.java:234)
	at java.base/java.util.stream.ReferencePipeline.collect(ReferencePipeline.java:578)
	at de.uka.ilkd.key.nparser.builder.AbstractBuilder.mapOf(AbstractBuilder.java:112)
	at de.uka.ilkd.key.nparser.builder.IncludeFinder.visitOne_include_statement(IncludeFinder.java:35)
	at de.uka.ilkd.key.nparser.builder.IncludeFinder.visitOne_include_statement(IncludeFinder.java:20)
	at de.uka.ilkd.key.nparser.KeYParser$One_include_statementContext.accept(KeYParser.java:802)
	at org.antlr.v4.runtime.tree.AbstractParseTreeVisitor.visitChildren(AbstractParseTreeVisitor.java:46)
	at de.uka.ilkd.key.nparser.KeYParserBaseVisitor.visitDecls(KeYParserBaseVisitor.java:30)
	at de.uka.ilkd.key.nparser.KeYParser$DeclsContext.accept(KeYParser.java:500)
	at org.antlr.v4.runtime.tree.AbstractParseTreeVisitor.visitChildren(AbstractParseTreeVisitor.java:46)
	at de.uka.ilkd.key.nparser.KeYParserBaseVisitor.visitFile(KeYParserBaseVisitor.java:23)
	at de.uka.ilkd.key.nparser.KeYParser$FileContext.accept(KeYParser.java:306)
	at de.uka.ilkd.key.nparser.KeyAst.accept(KeyAst.java:41)
	at de.uka.ilkd.key.nparser.KeyAst$File.getIncludes(KeyAst.java:76)
	at de.uka.ilkd.key.proof.io.KeYFile.readIncludes(KeYFile.java:208)
	... 14 more
Could not find rule file rules/intRulesCheckedSemantics.key (file: /home/runner/work/key/key/key.core/../key.ui/examples/index/.././heap/block_contracts/Simple__unnecessaryLoopInvariant.key; caused by: de.uka.ilkd.key.proof.init.ProofInputException: Could not find rule file rules/intRulesCheckedSemantics.key)
	at de.uka.ilkd.key.control.AbstractUserInterfaceControl.load(AbstractUserInterfaceControl.java:221)
	at de.uka.ilkd.key.control.KeYEnvironment.load(KeYEnvironment.java:251)
	at de.uka.ilkd.key.control.KeYEnvironment.load(KeYEnvironment.java:224)
	at de.uka.ilkd.key.control.KeYEnvironment.load(KeYEnvironment.java:184)
	at de.uka.ilkd.key.control.KeYEnvironment.load(KeYEnvironment.java:261)
	at de.uka.ilkd.key.proof.runallproofs.proofcollection.TestFile.load(TestFile.java:270)
	at de.uka.ilkd.key.proof.runallproofs.proofcollection.TestFile.runKey(TestFile.java:160)
	at de.uka.ilkd.key.proof.runallproofs.proofcollection.ForkedTestFileRunner.main(ForkedTestFileRunner.java:171)
Caused by: de.uka.ilkd.key.proof.init.ProofInputException: Could not find rule file rules/intRulesCheckedSemantics.key
	at de.uka.ilkd.key.proof.io.KeYFile.readIncludes(KeYFile.java:210)
	at de.uka.ilkd.key.proof.init.ProblemInitializer.readIncludes(ProblemInitializer.java:177)
	at de.uka.ilkd.key.proof.init.ProblemInitializer.readEnvInput(ProblemInitializer.java:325)
	at de.uka.ilkd.key.proof.init.ProblemInitializer.prepare(ProblemInitializer.java:449)
	at de.uka.ilkd.key.proof.io.AbstractProblemLoader.createInitConfig(AbstractProblemLoader.java:518)
	at de.uka.ilkd.key.proof.io.AbstractProblemLoader.loadEnvironment(AbstractProblemLoader.java:288)
	at de.uka.ilkd.key.proof.io.AbstractProblemLoader.load(AbstractProblemLoader.java:252)
	at de.uka.ilkd.key.control.AbstractUserInterfaceControl.load(AbstractUserInterfaceControl.java:209)
	... 7 more
Caused by: java.lang.RuntimeException: Could not find rule file rules/intRulesCheckedSemantics.key
	at de.uka.ilkd.key.proof.io.RuleSourceFactory.fromBuiltInRule(RuleSourceFactory.java:32)
	at de.uka.ilkd.key.proof.io.RuleSourceFactory.fromDefaultLocation(RuleSourceFactory.java:21)
	at de.uka.ilkd.key.nparser.builder.IncludeFinder.addInclude(IncludeFinder.java:63)
	at de.uka.ilkd.key.nparser.builder.IncludeFinder.visitOne_include(IncludeFinder.java:43)
	at de.uka.ilkd.key.nparser.builder.IncludeFinder.visitOne_include(IncludeFinder.java:20)
	at de.uka.ilkd.key.nparser.KeYParser$One_includeContext.accept(KeYParser.java:878)
	at de.uka.ilkd.key.nparser.builder.AbstractBuilder.lambda$mapOf$0(AbstractBuilder.java:112)
	at java.base/java.util.stream.ReferencePipeline$3$1.accept(ReferencePipeline.java:195)
	at java.base/java.util.ArrayList$ArrayListSpliterator.forEachRemaining(ArrayList.java:1655)
	at java.base/java.util.stream.AbstractPipeline.copyInto(AbstractPipeline.java:484)
	at java.base/java.util.stream.AbstractPipeline.wrapAndCopyInto(AbstractPipeline.java:474)
	at java.base/java.util.stream.ReduceOps$ReduceOp.evaluateSequential(ReduceOps.java:913)
	at java.base/java.util.stream.AbstractPipeline.evaluate(AbstractPipeline.java:234)
	at java.base/java.util.stream.ReferencePipeline.collect(ReferencePipeline.java:578)
	at de.uka.ilkd.key.nparser.builder.AbstractBuilder.mapOf(AbstractBuilder.java:112)
	at de.uka.ilkd.key.nparser.builder.IncludeFinder.visitOne_include_statement(IncludeFinder.java:35)
	at de.uka.ilkd.key.nparser.builder.IncludeFinder.visitOne_include_statement(IncludeFinder.java:20)
	at de.uka.ilkd.key.nparser.KeYParser$One_include_statementContext.accept(KeYParser.java:802)
	at org.antlr.v4.runtime.tree.AbstractParseTreeVisitor.visitChildren(AbstractParseTreeVisitor.java:46)
	at de.uka.ilkd.key.nparser.KeYParserBaseVisitor.visitDecls(KeYParserBaseVisitor.java:30)
	at de.uka.ilkd.key.nparser.KeYParser$DeclsContext.accept(KeYParser.java:500)
	at org.antlr.v4.runtime.tree.AbstractParseTreeVisitor.visitChildren(AbstractParseTreeVisitor.java:46)
	at de.uka.ilkd.key.nparser.KeYParserBaseVisitor.visitFile(KeYParserBaseVisitor.java:23)
	at de.uka.ilkd.key.nparser.KeYParser$FileContext.accept(KeYParser.java:306)
	at de.uka.ilkd.key.nparser.KeyAst.accept(KeyAst.java:41)
	at de.uka.ilkd.key.nparser.KeyAst$File.getIncludes(KeyAst.java:76)
	at de.uka.ilkd.key.proof.io.KeYFile.readIncludes(KeYFile.java:208)
	... 14 more
Could not find rule file rules/intRulesCheckedSemantics.key (file: /home/runner/work/key/key/key.core/../key.ui/examples/index/.././standard_key/java_dl/jml-assert/assert.key; caused by: de.uka.ilkd.key.proof.init.ProofInputException: Could not find rule file rules/intRulesCheckedSemantics.key)
	at de.uka.ilkd.key.control.AbstractUserInterfaceControl.load(AbstractUserInterfaceControl.java:221)
	at de.uka.ilkd.key.control.KeYEnvironment.load(KeYEnvironment.java:251)
	at de.uka.ilkd.key.control.KeYEnvironment.load(KeYEnvironment.java:224)
	at de.uka.ilkd.key.control.KeYEnvironment.load(KeYEnvironment.java:184)
	at de.uka.ilkd.key.control.KeYEnvironment.load(KeYEnvironment.java:261)
	at de.uka.ilkd.key.proof.runallproofs.proofcollection.TestFile.load(TestFile.java:270)
	at de.uka.ilkd.key.proof.runallproofs.proofcollection.TestFile.runKey(TestFile.java:160)
	at de.uka.ilkd.key.proof.runallproofs.proofcollection.ForkedTestFileRunner.main(ForkedTestFileRunner.java:171)
Caused by: de.uka.ilkd.key.proof.init.ProofInputException: Could not find rule file rules/intRulesCheckedSemantics.key
	at de.uka.ilkd.key.proof.io.KeYFile.readIncludes(KeYFile.java:210)
	at de.uka.ilkd.key.proof.init.ProblemInitializer.readIncludes(ProblemInitializer.java:177)
	at de.uka.ilkd.key.proof.init.ProblemInitializer.readEnvInput(ProblemInitializer.java:325)
	at de.uka.ilkd.key.proof.init.ProblemInitializer.prepare(ProblemInitializer.java:449)
	at de.uka.ilkd.key.proof.io.AbstractProblemLoader.createInitConfig(AbstractProblemLoader.java:518)
	at de.uka.ilkd.key.proof.io.AbstractProblemLoader.loadEnvironment(AbstractProblemLoader.java:288)
	at de.uka.ilkd.key.proof.io.AbstractProblemLoader.load(AbstractProblemLoader.java:252)
	at de.uka.ilkd.key.control.AbstractUserInterfaceControl.load(AbstractUserInterfaceControl.java:209)
	... 7 more
Caused by: java.lang.RuntimeException: Could not find rule file rules/intRulesCheckedSemantics.key
	at de.uka.ilkd.key.proof.io.RuleSourceFactory.fromBuiltInRule(RuleSourceFactory.java:32)
	at de.uka.ilkd.key.proof.io.RuleSourceFactory.fromDefaultLocation(RuleSourceFactory.java:21)
	at de.uka.ilkd.key.nparser.builder.IncludeFinder.addInclude(IncludeFinder.java:63)
	at de.uka.ilkd.key.nparser.builder.IncludeFinder.visitOne_include(IncludeFinder.java:43)
	at de.uka.ilkd.key.nparser.builder.IncludeFinder.visitOne_include(IncludeFinder.java:20)
	at de.uka.ilkd.key.nparser.KeYParser$One_includeContext.accept(KeYParser.java:878)
	at de.uka.ilkd.key.nparser.builder.AbstractBuilder.lambda$mapOf$0(AbstractBuilder.java:112)
	at java.base/java.util.stream.ReferencePipeline$3$1.accept(ReferencePipeline.java:195)
	at java.base/java.util.ArrayList$ArrayListSpliterator.forEachRemaining(ArrayList.java:1655)
	at java.base/java.util.stream.AbstractPipeline.copyInto(AbstractPipeline.java:484)
	at java.base/java.util.stream.AbstractPipeline.wrapAndCopyInto(AbstractPipeline.java:474)
	at java.base/java.util.stream.ReduceOps$ReduceOp.evaluateSequential(ReduceOps.java:913)
	at java.base/java.util.stream.AbstractPipeline.evaluate(AbstractPipeline.java:234)
	at java.base/java.util.stream.ReferencePipeline.collect(ReferencePipeline.java:578)
	at de.uka.ilkd.key.nparser.builder.AbstractBuilder.mapOf(AbstractBuilder.java:112)
	at de.uka.ilkd.key.nparser.builder.IncludeFinder.visitOne_include_statement(IncludeFinder.java:35)
	at de.uka.ilkd.key.nparser.builder.IncludeFinder.visitOne_include_statement(IncludeFinder.java:20)
	at de.uka.ilkd.key.nparser.KeYParser$One_include_statementContext.accept(KeYParser.java:802)
	at org.antlr.v4.runtime.tree.AbstractParseTreeVisitor.visitChildren(AbstractParseTreeVisitor.java:46)
	at de.uka.ilkd.key.nparser.KeYParserBaseVisitor.visitDecls(KeYParserBaseVisitor.java:30)
	at de.uka.ilkd.key.nparser.KeYParser$DeclsContext.accept(KeYParser.java:500)
	at org.antlr.v4.runtime.tree.AbstractParseTreeVisitor.visitChildren(AbstractParseTreeVisitor.java:46)
	at de.uka.ilkd.key.nparser.KeYParserBaseVisitor.visitFile(KeYParserBaseVisitor.java:23)
	at de.uka.ilkd.key.nparser.KeYParser$FileContext.accept(KeYParser.java:306)
	at de.uka.ilkd.key.nparser.KeyAst.accept(KeyAst.java:41)
	at de.uka.ilkd.key.nparser.KeyAst$File.getIncludes(KeyAst.java:76)
	at de.uka.ilkd.key.proof.io.KeYFile.readIncludes(KeYFile.java:208)
	... 14 more
Could not find rule file rules/intRulesCheckedSemantics.key (file: /home/runner/work/key/key/key.core/../key.ui/examples/index/.././standard_key/java_dl/jml-assert/assert_assume_order.key; caused by: de.uka.ilkd.key.proof.init.ProofInputException: Could not find rule file rules/intRulesCheckedSemantics.key)
	at de.uka.ilkd.key.control.AbstractUserInterfaceControl.load(AbstractUserInterfaceControl.java:221)
	at de.uka.ilkd.key.control.KeYEnvironment.load(KeYEnvironment.java:251)
	at de.uka.ilkd.key.control.KeYEnvironment.load(KeYEnvironment.java:224)
	at de.uka.ilkd.key.control.KeYEnvironment.load(KeYEnvironment.java:184)
	at de.uka.ilkd.key.control.KeYEnvironment.load(KeYEnvironment.java:261)
	at de.uka.ilkd.key.proof.runallproofs.proofcollection.TestFile.load(TestFile.java:270)
	at de.uka.ilkd.key.proof.runallproofs.proofcollection.TestFile.runKey(TestFile.java:160)
	at de.uka.ilkd.key.proof.runallproofs.proofcollection.ForkedTestFileRunner.main(ForkedTestFileRunner.java:171)
Caused by: de.uka.ilkd.key.proof.init.ProofInputException: Could not find rule file rules/intRulesCheckedSemantics.key
	at de.uka.ilkd.key.proof.io.KeYFile.readIncludes(KeYFile.java:210)
	at de.uka.ilkd.key.proof.init.ProblemInitializer.readIncludes(ProblemInitializer.java:177)
	at de.uka.ilkd.key.proof.init.ProblemInitializer.readEnvInput(ProblemInitializer.java:325)
	at de.uka.ilkd.key.proof.init.ProblemInitializer.prepare(ProblemInitializer.java:449)
	at de.uka.ilkd.key.proof.io.AbstractProblemLoader.createInitConfig(AbstractProblemLoader.java:518)
	at de.uka.ilkd.key.proof.io.AbstractProblemLoader.loadEnvironment(AbstractProblemLoader.java:288)
	at de.uka.ilkd.key.proof.io.AbstractProblemLoader.load(AbstractProblemLoader.java:252)
	at de.uka.ilkd.key.control.AbstractUserInterfaceControl.load(AbstractUserInterfaceControl.java:209)
	... 7 more
Caused by: java.lang.RuntimeException: Could not find rule file rules/intRulesCheckedSemantics.key
	at de.uka.ilkd.key.proof.io.RuleSourceFactory.fromBuiltInRule(RuleSourceFactory.java:32)
	at de.uka.ilkd.key.proof.io.RuleSourceFactory.fromDefaultLocation(RuleSourceFactory.java:21)
	at de.uka.ilkd.key.nparser.builder.IncludeFinder.addInclude(IncludeFinder.java:63)
	at de.uka.ilkd.key.nparser.builder.IncludeFinder.visitOne_include(IncludeFinder.java:43)
	at de.uka.ilkd.key.nparser.builder.IncludeFinder.visitOne_include(IncludeFinder.java:20)
	at de.uka.ilkd.key.nparser.KeYParser$One_includeContext.accept(KeYParser.java:878)
	at de.uka.ilkd.key.nparser.builder.AbstractBuilder.lambda$mapOf$0(AbstractBuilder.java:112)
	at java.base/java.util.stream.ReferencePipeline$3$1.accept(ReferencePipeline.java:195)
	at java.base/java.util.ArrayList$ArrayListSpliterator.forEachRemaining(ArrayList.java:1655)
	at java.base/java.util.stream.AbstractPipeline.copyInto(AbstractPipeline.java:484)
	at java.base/java.util.stream.AbstractPipeline.wrapAndCopyInto(AbstractPipeline.java:474)
	at java.base/java.util.stream.ReduceOps$ReduceOp.evaluateSequential(ReduceOps.java:913)
	at java.base/java.util.stream.AbstractPipeline.evaluate(AbstractPipeline.java:234)
	at java.base/java.util.stream.ReferencePipeline.collect(ReferencePipeline.java:578)
	at de.uka.ilkd.key.nparser.builder.AbstractBuilder.mapOf(AbstractBuilder.java:112)
	at de.uka.ilkd.key.nparser.builder.IncludeFinder.visitOne_include_statement(IncludeFinder.java:35)
	at de.uka.ilkd.key.nparser.builder.IncludeFinder.visitOne_include_statement(IncludeFinder.java:20)
	at de.uka.ilkd.key.nparser.KeYParser$One_include_statementContext.accept(KeYParser.java:802)
	at org.antlr.v4.runtime.tree.AbstractParseTreeVisitor.visitChildren(AbstractParseTreeVisitor.java:46)
	at de.uka.ilkd.key.nparser.KeYParserBaseVisitor.visitDecls(KeYParserBaseVisitor.java:30)
	at de.uka.ilkd.key.nparser.KeYParser$DeclsContext.accept(KeYParser.java:500)
	at org.antlr.v4.runtime.tree.AbstractParseTreeVisitor.visitChildren(AbstractParseTreeVisitor.java:46)
	at de.uka.ilkd.key.nparser.KeYParserBaseVisitor.visitFile(KeYParserBaseVisitor.java:23)
	at de.uka.ilkd.key.nparser.KeYParser$FileContext.accept(KeYParser.java:306)
	at de.uka.ilkd.key.nparser.KeyAst.accept(KeyAst.java:41)
	at de.uka.ilkd.key.nparser.KeyAst$File.getIncludes(KeyAst.java:76)
	at de.uka.ilkd.key.proof.io.KeYFile.readIncludes(KeYFile.java:208)
	... 14 more
Could not find rule file rules/intRulesCheckedSemantics.key (file: /home/runner/work/key/key/key.core/../key.ui/examples/index/.././heap/block_loop_contracts/SimpleVariants/sum_onBlock_external.key; caused by: de.uka.ilkd.key.proof.init.ProofInputException: Could not find rule file rules/intRulesCheckedSemantics.key)
	at de.uka.ilkd.key.control.AbstractUserInterfaceControl.load(AbstractUserInterfaceControl.java:221)
	at de.uka.ilkd.key.control.KeYEnvironment.load(KeYEnvironment.java:251)
	at de.uka.ilkd.key.control.KeYEnvironment.load(KeYEnvironment.java:224)
	at de.uka.ilkd.key.control.KeYEnvironment.load(KeYEnvironment.java:184)
	at de.uka.ilkd.key.control.KeYEnvironment.load(KeYEnvironment.java:261)
	at de.uka.ilkd.key.proof.runallproofs.proofcollection.TestFile.load(TestFile.java:270)
	at de.uka.ilkd.key.proof.runallproofs.proofcollection.TestFile.runKey(TestFile.java:160)
	at de.uka.ilkd.key.proof.runallproofs.proofcollection.ForkedTestFileRunner.main(ForkedTestFileRunner.java:171)
Caused by: de.uka.ilkd.key.proof.init.ProofInputException: Could not find rule file rules/intRulesCheckedSemantics.key
	at de.uka.ilkd.key.proof.io.KeYFile.readIncludes(KeYFile.java:210)
	at de.uka.ilkd.key.proof.init.ProblemInitializer.readIncludes(ProblemInitializer.java:177)
	at de.uka.ilkd.key.proof.init.ProblemInitializer.readEnvInput(ProblemInitializer.java:325)
	at de.uka.ilkd.key.proof.init.ProblemInitializer.prepare(ProblemInitializer.java:449)
	at de.uka.ilkd.key.proof.io.AbstractProblemLoader.createInitConfig(AbstractProblemLoader.java:518)
	at de.uka.ilkd.key.proof.io.AbstractProblemLoader.loadEnvironment(AbstractProblemLoader.java:288)
	at de.uka.ilkd.key.proof.io.AbstractProblemLoader.load(AbstractProblemLoader.java:252)
	at de.uka.ilkd.key.control.AbstractUserInterfaceControl.load(AbstractUserInterfaceControl.java:209)
	... 7 more
Caused by: java.lang.RuntimeException: Could not find rule file rules/intRulesCheckedSemantics.key
	at de.uka.ilkd.key.proof.io.RuleSourceFactory.fromBuiltInRule(RuleSourceFactory.java:32)
	at de.uka.ilkd.key.proof.io.RuleSourceFactory.fromDefaultLocation(RuleSourceFactory.java:21)
	at de.uka.ilkd.key.nparser.builder.IncludeFinder.addInclude(IncludeFinder.java:63)
	at de.uka.ilkd.key.nparser.builder.IncludeFinder.visitOne_include(IncludeFinder.java:43)
	at de.uka.ilkd.key.nparser.builder.IncludeFinder.visitOne_include(IncludeFinder.java:20)
	at de.uka.ilkd.key.nparser.KeYParser$One_includeContext.accept(KeYParser.java:878)
	at de.uka.ilkd.key.nparser.builder.AbstractBuilder.lambda$mapOf$0(AbstractBuilder.java:112)
	at java.base/java.util.stream.ReferencePipeline$3$1.accept(ReferencePipeline.java:195)
	at java.base/java.util.ArrayList$ArrayListSpliterator.forEachRemaining(ArrayList.java:1655)
	at java.base/java.util.stream.AbstractPipeline.copyInto(AbstractPipeline.java:484)
	at java.base/java.util.stream.AbstractPipeline.wrapAndCopyInto(AbstractPipeline.java:474)
	at java.base/java.util.stream.ReduceOps$ReduceOp.evaluateSequential(ReduceOps.java:913)
	at java.base/java.util.stream.AbstractPipeline.evaluate(AbstractPipeline.java:234)
	at java.base/java.util.stream.ReferencePipeline.collect(ReferencePipeline.java:578)
	at de.uka.ilkd.key.nparser.builder.AbstractBuilder.mapOf(AbstractBuilder.java:112)
	at de.uka.ilkd.key.nparser.builder.IncludeFinder.visitOne_include_statement(IncludeFinder.java:35)
	at de.uka.ilkd.key.nparser.builder.IncludeFinder.visitOne_include_statement(IncludeFinder.java:20)
	at de.uka.ilkd.key.nparser.KeYParser$One_include_statementContext.accept(KeYParser.java:802)
	at org.antlr.v4.runtime.tree.AbstractParseTreeVisitor.visitChildren(AbstractParseTreeVisitor.java:46)
	at de.uka.ilkd.key.nparser.KeYParserBaseVisitor.visitDecls(KeYParserBaseVisitor.java:30)
	at de.uka.ilkd.key.nparser.KeYParser$DeclsContext.accept(KeYParser.java:500)
	at org.antlr.v4.runtime.tree.AbstractParseTreeVisitor.visitChildren(AbstractParseTreeVisitor.java:46)
	at de.uka.ilkd.key.nparser.KeYParserBaseVisitor.visitFile(KeYParserBaseVisitor.java:23)
	at de.uka.ilkd.key.nparser.KeYParser$FileContext.accept(KeYParser.java:306)
	at de.uka.ilkd.key.nparser.KeyAst.accept(KeyAst.java:41)
	at de.uka.ilkd.key.nparser.KeyAst$File.getIncludes(KeyAst.java:76)
	at de.uka.ilkd.key.proof.io.KeYFile.readIncludes(KeYFile.java:208)
	... 14 more
Could not find rule file rules/intRulesCheckedSemantics.key (file: /home/runner/work/key/key/key.core/../key.ui/examples/index/.././heap/block_loop_contracts/SimpleVariants/sum_onBlock_internal.key; caused by: de.uka.ilkd.key.proof.init.ProofInputException: Could not find rule file rules/intRulesCheckedSemantics.key)
	at de.uka.ilkd.key.control.AbstractUserInterfaceControl.load(AbstractUserInterfaceControl.java:221)
	at de.uka.ilkd.key.control.KeYEnvironment.load(KeYEnvironment.java:251)
	at de.uka.ilkd.key.control.KeYEnvironment.load(KeYEnvironment.java:224)
	at de.uka.ilkd.key.control.KeYEnvironment.load(KeYEnvironment.java:184)
	at de.uka.ilkd.key.control.KeYEnvironment.load(KeYEnvironment.java:261)
	at de.uka.ilkd.key.proof.runallproofs.proofcollection.TestFile.load(TestFile.java:270)
	at de.uka.ilkd.key.proof.runallproofs.proofcollection.TestFile.runKey(TestFile.java:160)
	at de.uka.ilkd.key.proof.runallproofs.proofcollection.ForkedTestFileRunner.main(ForkedTestFileRunner.java:171)
Caused by: de.uka.ilkd.key.proof.init.ProofInputException: Could not find rule file rules/intRulesCheckedSemantics.key
	at de.uka.ilkd.key.proof.io.KeYFile.readIncludes(KeYFile.java:210)
	at de.uka.ilkd.key.proof.init.ProblemInitializer.readIncludes(ProblemInitializer.java:177)
	at de.uka.ilkd.key.proof.init.ProblemInitializer.readEnvInput(ProblemInitializer.java:325)
	at de.uka.ilkd.key.proof.init.ProblemInitializer.prepare(ProblemInitializer.java:449)
	at de.uka.ilkd.key.proof.io.AbstractProblemLoader.createInitConfig(AbstractProblemLoader.java:518)
	at de.uka.ilkd.key.proof.io.AbstractProblemLoader.loadEnvironment(AbstractProblemLoader.java:288)
	at de.uka.ilkd.key.proof.io.AbstractProblemLoader.load(AbstractProblemLoader.java:252)
	at de.uka.ilkd.key.control.AbstractUserInterfaceControl.load(AbstractUserInterfaceControl.java:209)
	... 7 more
Caused by: java.lang.RuntimeException: Could not find rule file rules/intRulesCheckedSemantics.key
	at de.uka.ilkd.key.proof.io.RuleSourceFactory.fromBuiltInRule(RuleSourceFactory.java:32)
	at de.uka.ilkd.key.proof.io.RuleSourceFactory.fromDefaultLocation(RuleSourceFactory.java:21)
	at de.uka.ilkd.key.nparser.builder.IncludeFinder.addInclude(IncludeFinder.java:63)
	at de.uka.ilkd.key.nparser.builder.IncludeFinder.visitOne_include(IncludeFinder.java:43)
	at de.uka.ilkd.key.nparser.builder.IncludeFinder.visitOne_include(IncludeFinder.java:20)
	at de.uka.ilkd.key.nparser.KeYParser$One_includeContext.accept(KeYParser.java:878)
	at de.uka.ilkd.key.nparser.builder.AbstractBuilder.lambda$mapOf$0(AbstractBuilder.java:112)
	at java.base/java.util.stream.ReferencePipeline$3$1.accept(ReferencePipeline.java:195)
	at java.base/java.util.ArrayList$ArrayListSpliterator.forEachRemaining(ArrayList.java:1655)
	at java.base/java.util.stream.AbstractPipeline.copyInto(AbstractPipeline.java:484)
	at java.base/java.util.stream.AbstractPipeline.wrapAndCopyInto(AbstractPipeline.java:474)
	at java.base/java.util.stream.ReduceOps$ReduceOp.evaluateSequential(ReduceOps.java:913)
	at java.base/java.util.stream.AbstractPipeline.evaluate(AbstractPipeline.java:234)
	at java.base/java.util.stream.ReferencePipeline.collect(ReferencePipeline.java:578)
	at de.uka.ilkd.key.nparser.builder.AbstractBuilder.mapOf(AbstractBuilder.java:112)
	at de.uka.ilkd.key.nparser.builder.IncludeFinder.visitOne_include_statement(IncludeFinder.java:35)
	at de.uka.ilkd.key.nparser.builder.IncludeFinder.visitOne_include_statement(IncludeFinder.java:20)
	at de.uka.ilkd.key.nparser.KeYParser$One_include_statementContext.accept(KeYParser.java:802)
	at org.antlr.v4.runtime.tree.AbstractParseTreeVisitor.visitChildren(AbstractParseTreeVisitor.java:46)
	at de.uka.ilkd.key.nparser.KeYParserBaseVisitor.visitDecls(KeYParserBaseVisitor.java:30)
	at de.uka.ilkd.key.nparser.KeYParser$DeclsContext.accept(KeYParser.java:500)
	at org.antlr.v4.runtime.tree.AbstractParseTreeVisitor.visitChildren(AbstractParseTreeVisitor.java:46)
	at de.uka.ilkd.key.nparser.KeYParserBaseVisitor.visitFile(KeYParserBaseVisitor.java:23)
	at de.uka.ilkd.key.nparser.KeYParser$FileContext.accept(KeYParser.java:306)
	at de.uka.ilkd.key.nparser.KeyAst.accept(KeyAst.java:41)
	at de.uka.ilkd.key.nparser.KeyAst$File.getIncludes(KeyAst.java:76)
	at de.uka.ilkd.key.proof.io.KeYFile.readIncludes(KeYFile.java:208)
	... 14 more
Could not find rule file rules/intRulesCheckedSemantics.key (file: /home/runner/work/key/key/key.core/../key.ui/examples/index/.././heap/block_loop_contracts/SimpleVariants/sum_onBlock_loop.key; caused by: de.uka.ilkd.key.proof.init.ProofInputException: Could not find rule file rules/intRulesCheckedSemantics.key)
	at de.uka.ilkd.key.control.AbstractUserInterfaceControl.load(AbstractUserInterfaceControl.java:221)
	at de.uka.ilkd.key.control.KeYEnvironment.load(KeYEnvironment.java:251)
	at de.uka.ilkd.key.control.KeYEnvironment.load(KeYEnvironment.java:224)
	at de.uka.ilkd.key.control.KeYEnvironment.load(KeYEnvironment.java:184)
	at de.uka.ilkd.key.control.KeYEnvironment.load(KeYEnvironment.java:261)
	at de.uka.ilkd.key.proof.runallproofs.proofcollection.TestFile.load(TestFile.java:270)
	at de.uka.ilkd.key.proof.runallproofs.proofcollection.TestFile.runKey(TestFile.java:160)
	at de.uka.ilkd.key.proof.runallproofs.proofcollection.ForkedTestFileRunner.main(ForkedTestFileRunner.java:171)
Caused by: de.uka.ilkd.key.proof.init.ProofInputException: Could not find rule file rules/intRulesCheckedSemantics.key
	at de.uka.ilkd.key.proof.io.KeYFile.readIncludes(KeYFile.java:210)
	at de.uka.ilkd.key.proof.init.ProblemInitializer.readIncludes(ProblemInitializer.java:177)
	at de.uka.ilkd.key.proof.init.ProblemInitializer.readEnvInput(ProblemInitializer.java:325)
	at de.uka.ilkd.key.proof.init.ProblemInitializer.prepare(ProblemInitializer.java:449)
	at de.uka.ilkd.key.proof.io.AbstractProblemLoader.createInitConfig(AbstractProblemLoader.java:518)
	at de.uka.ilkd.key.proof.io.AbstractProblemLoader.loadEnvironment(AbstractProblemLoader.java:288)
	at de.uka.ilkd.key.proof.io.AbstractProblemLoader.load(AbstractProblemLoader.java:252)
	at de.uka.ilkd.key.control.AbstractUserInterfaceControl.load(AbstractUserInterfaceControl.java:209)
	... 7 more
Caused by: java.lang.RuntimeException: Could not find rule file rules/intRulesCheckedSemantics.key
	at de.uka.ilkd.key.proof.io.RuleSourceFactory.fromBuiltInRule(RuleSourceFactory.java:32)
	at de.uka.ilkd.key.proof.io.RuleSourceFactory.fromDefaultLocation(RuleSourceFactory.java:21)
	at de.uka.ilkd.key.nparser.builder.IncludeFinder.addInclude(IncludeFinder.java:63)
	at de.uka.ilkd.key.nparser.builder.IncludeFinder.visitOne_include(IncludeFinder.java:43)
	at de.uka.ilkd.key.nparser.builder.IncludeFinder.visitOne_include(IncludeFinder.java:20)
	at de.uka.ilkd.key.nparser.KeYParser$One_includeContext.accept(KeYParser.java:878)
	at de.uka.ilkd.key.nparser.builder.AbstractBuilder.lambda$mapOf$0(AbstractBuilder.java:112)
	at java.base/java.util.stream.ReferencePipeline$3$1.accept(ReferencePipeline.java:195)
	at java.base/java.util.ArrayList$ArrayListSpliterator.forEachRemaining(ArrayList.java:1655)
	at java.base/java.util.stream.AbstractPipeline.copyInto(AbstractPipeline.java:484)
	at java.base/java.util.stream.AbstractPipeline.wrapAndCopyInto(AbstractPipeline.java:474)
	at java.base/java.util.stream.ReduceOps$ReduceOp.evaluateSequential(ReduceOps.java:913)
	at java.base/java.util.stream.AbstractPipeline.evaluate(AbstractPipeline.java:234)
	at java.base/java.util.stream.ReferencePipeline.collect(ReferencePipeline.java:578)
	at de.uka.ilkd.key.nparser.builder.AbstractBuilder.mapOf(AbstractBuilder.java:112)
	at de.uka.ilkd.key.nparser.builder.IncludeFinder.visitOne_include_statement(IncludeFinder.java:35)
	at de.uka.ilkd.key.nparser.builder.IncludeFinder.visitOne_include_statement(IncludeFinder.java:20)
	at de.uka.ilkd.key.nparser.KeYParser$One_include_statementContext.accept(KeYParser.java:802)
	at org.antlr.v4.runtime.tree.AbstractParseTreeVisitor.visitChildren(AbstractParseTreeVisitor.java:46)
	at de.uka.ilkd.key.nparser.KeYParserBaseVisitor.visitDecls(KeYParserBaseVisitor.java:30)
	at de.uka.ilkd.key.nparser.KeYParser$DeclsContext.accept(KeYParser.java:500)
	at org.antlr.v4.runtime.tree.AbstractParseTreeVisitor.visitChildren(AbstractParseTreeVisitor.java:46)
	at de.uka.ilkd.key.nparser.KeYParserBaseVisitor.visitFile(KeYParserBaseVisitor.java:23)
	at de.uka.ilkd.key.nparser.KeYParser$FileContext.accept(KeYParser.java:306)
	at de.uka.ilkd.key.nparser.KeyAst.accept(KeyAst.java:41)
	at de.uka.ilkd.key.nparser.KeyAst$File.getIncludes(KeyAst.java:76)
	at de.uka.ilkd.key.proof.io.KeYFile.readIncludes(KeYFile.java:208)
	... 14 more
Could not find rule file rules/intRulesCheckedSemantics.key (file: /home/runner/work/key/key/key.core/../key.ui/examples/index/.././heap/block_loop_contracts/SimpleVariants/sum_onLoop_external.key; caused by: de.uka.ilkd.key.proof.init.ProofInputException: Could not find rule file rules/intRulesCheckedSemantics.key)
	at de.uka.ilkd.key.control.AbstractUserInterfaceControl.load(AbstractUserInterfaceControl.java:221)
	at de.uka.ilkd.key.control.KeYEnvironment.load(KeYEnvironment.java:251)
	at de.uka.ilkd.key.control.KeYEnvironment.load(KeYEnvironment.java:224)
	at de.uka.ilkd.key.control.KeYEnvironment.load(KeYEnvironment.java:184)
	at de.uka.ilkd.key.control.KeYEnvironment.load(KeYEnvironment.java:261)
	at de.uka.ilkd.key.proof.runallproofs.proofcollection.TestFile.load(TestFile.java:270)
	at de.uka.ilkd.key.proof.runallproofs.proofcollection.TestFile.runKey(TestFile.java:160)
	at de.uka.ilkd.key.proof.runallproofs.proofcollection.ForkedTestFileRunner.main(ForkedTestFileRunner.java:171)
Caused by: de.uka.ilkd.key.proof.init.ProofInputException: Could not find rule file rules/intRulesCheckedSemantics.key
	at de.uka.ilkd.key.proof.io.KeYFile.readIncludes(KeYFile.java:210)
	at de.uka.ilkd.key.proof.init.ProblemInitializer.readIncludes(ProblemInitializer.java:177)
	at de.uka.ilkd.key.proof.init.ProblemInitializer.readEnvInput(ProblemInitializer.java:325)
	at de.uka.ilkd.key.proof.init.ProblemInitializer.prepare(ProblemInitializer.java:449)
	at de.uka.ilkd.key.proof.io.AbstractProblemLoader.createInitConfig(AbstractProblemLoader.java:518)
	at de.uka.ilkd.key.proof.io.AbstractProblemLoader.loadEnvironment(AbstractProblemLoader.java:288)
	at de.uka.ilkd.key.proof.io.AbstractProblemLoader.load(AbstractProblemLoader.java:252)
	at de.uka.ilkd.key.control.AbstractUserInterfaceControl.load(AbstractUserInterfaceControl.java:209)
	... 7 more
Caused by: java.lang.RuntimeException: Could not find rule file rules/intRulesCheckedSemantics.key
	at de.uka.ilkd.key.proof.io.RuleSourceFactory.fromBuiltInRule(RuleSourceFactory.java:32)
	at de.uka.ilkd.key.proof.io.RuleSourceFactory.fromDefaultLocation(RuleSourceFactory.java:21)
	at de.uka.ilkd.key.nparser.builder.IncludeFinder.addInclude(IncludeFinder.java:63)
	at de.uka.ilkd.key.nparser.builder.IncludeFinder.visitOne_include(IncludeFinder.java:43)
	at de.uka.ilkd.key.nparser.builder.IncludeFinder.visitOne_include(IncludeFinder.java:20)
	at de.uka.ilkd.key.nparser.KeYParser$One_includeContext.accept(KeYParser.java:878)
	at de.uka.ilkd.key.nparser.builder.AbstractBuilder.lambda$mapOf$0(AbstractBuilder.java:112)
	at java.base/java.util.stream.ReferencePipeline$3$1.accept(ReferencePipeline.java:195)
	at java.base/java.util.ArrayList$ArrayListSpliterator.forEachRemaining(ArrayList.java:1655)
	at java.base/java.util.stream.AbstractPipeline.copyInto(AbstractPipeline.java:484)
	at java.base/java.util.stream.AbstractPipeline.wrapAndCopyInto(AbstractPipeline.java:474)
	at java.base/java.util.stream.ReduceOps$ReduceOp.evaluateSequential(ReduceOps.java:913)
	at java.base/java.util.stream.AbstractPipeline.evaluate(AbstractPipeline.java:234)
	at java.base/java.util.stream.ReferencePipeline.collect(ReferencePipeline.java:578)
	at de.uka.ilkd.key.nparser.builder.AbstractBuilder.mapOf(AbstractBuilder.java:112)
	at de.uka.ilkd.key.nparser.builder.IncludeFinder.visitOne_include_statement(IncludeFinder.java:35)
	at de.uka.ilkd.key.nparser.builder.IncludeFinder.visitOne_include_statement(IncludeFinder.java:20)
	at de.uka.ilkd.key.nparser.KeYParser$One_include_statementContext.accept(KeYParser.java:802)
	at org.antlr.v4.runtime.tree.AbstractParseTreeVisitor.visitChildren(AbstractParseTreeVisitor.java:46)
	at de.uka.ilkd.key.nparser.KeYParserBaseVisitor.visitDecls(KeYParserBaseVisitor.java:30)
	at de.uka.ilkd.key.nparser.KeYParser$DeclsContext.accept(KeYParser.java:500)
	at org.antlr.v4.runtime.tree.AbstractParseTreeVisitor.visitChildren(AbstractParseTreeVisitor.java:46)
	at de.uka.ilkd.key.nparser.KeYParserBaseVisitor.visitFile(KeYParserBaseVisitor.java:23)
	at de.uka.ilkd.key.nparser.KeYParser$FileContext.accept(KeYParser.java:306)
	at de.uka.ilkd.key.nparser.KeyAst.accept(KeyAst.java:41)
	at de.uka.ilkd.key.nparser.KeyAst$File.getIncludes(KeyAst.java:76)
	at de.uka.ilkd.key.proof.io.KeYFile.readIncludes(KeYFile.java:208)
	... 14 more
Could not find rule file rules/intRulesCheckedSemantics.key (file: /home/runner/work/key/key/key.core/../key.ui/examples/index/.././heap/block_loop_contracts/SimpleVariants/sum_onLoop_internal.key; caused by: de.uka.ilkd.key.proof.init.ProofInputException: Could not find rule file rules/intRulesCheckedSemantics.key)
	at de.uka.ilkd.key.control.AbstractUserInterfaceControl.load(AbstractUserInterfaceControl.java:221)
	at de.uka.ilkd.key.control.KeYEnvironment.load(KeYEnvironment.java:251)
	at de.uka.ilkd.key.control.KeYEnvironment.load(KeYEnvironment.java:224)
	at de.uka.ilkd.key.control.KeYEnvironment.load(KeYEnvironment.java:184)
	at de.uka.ilkd.key.control.KeYEnvironment.load(KeYEnvironment.java:261)
	at de.uka.ilkd.key.proof.runallproofs.proofcollection.TestFile.load(TestFile.java:270)
	at de.uka.ilkd.key.proof.runallproofs.proofcollection.TestFile.runKey(TestFile.java:160)
	at de.uka.ilkd.key.proof.runallproofs.proofcollection.ForkedTestFileRunner.main(ForkedTestFileRunner.java:171)
Caused by: de.uka.ilkd.key.proof.init.ProofInputException: Could not find rule file rules/intRulesCheckedSemantics.key
	at de.uka.ilkd.key.proof.io.KeYFile.readIncludes(KeYFile.java:210)
	at de.uka.ilkd.key.proof.init.ProblemInitializer.readIncludes(ProblemInitializer.java:177)
	at de.uka.ilkd.key.proof.init.ProblemInitializer.readEnvInput(ProblemInitializer.java:325)
	at de.uka.ilkd.key.proof.init.ProblemInitializer.prepare(ProblemInitializer.java:449)
	at de.uka.ilkd.key.proof.io.AbstractProblemLoader.createInitConfig(AbstractProblemLoader.java:518)
	at de.uka.ilkd.key.proof.io.AbstractProblemLoader.loadEnvironment(AbstractProblemLoader.java:288)
	at de.uka.ilkd.key.proof.io.AbstractProblemLoader.load(AbstractProblemLoader.java:252)
	at de.uka.ilkd.key.control.AbstractUserInterfaceControl.load(AbstractUserInterfaceControl.java:209)
	... 7 more
Caused by: java.lang.RuntimeException: Could not find rule file rules/intRulesCheckedSemantics.key
	at de.uka.ilkd.key.proof.io.RuleSourceFactory.fromBuiltInRule(RuleSourceFactory.java:32)
	at de.uka.ilkd.key.proof.io.RuleSourceFactory.fromDefaultLocation(RuleSourceFactory.java:21)
	at de.uka.ilkd.key.nparser.builder.IncludeFinder.addInclude(IncludeFinder.java:63)
	at de.uka.ilkd.key.nparser.builder.IncludeFinder.visitOne_include(IncludeFinder.java:43)
	at de.uka.ilkd.key.nparser.builder.IncludeFinder.visitOne_include(IncludeFinder.java:20)
	at de.uka.ilkd.key.nparser.KeYParser$One_includeContext.accept(KeYParser.java:878)
	at de.uka.ilkd.key.nparser.builder.AbstractBuilder.lambda$mapOf$0(AbstractBuilder.java:112)
	at java.base/java.util.stream.ReferencePipeline$3$1.accept(ReferencePipeline.java:195)
	at java.base/java.util.ArrayList$ArrayListSpliterator.forEachRemaining(ArrayList.java:1655)
	at java.base/java.util.stream.AbstractPipeline.copyInto(AbstractPipeline.java:484)
	at java.base/java.util.stream.AbstractPipeline.wrapAndCopyInto(AbstractPipeline.java:474)
	at java.base/java.util.stream.ReduceOps$ReduceOp.evaluateSequential(ReduceOps.java:913)
	at java.base/java.util.stream.AbstractPipeline.evaluate(AbstractPipeline.java:234)
	at java.base/java.util.stream.ReferencePipeline.collect(ReferencePipeline.java:578)
	at de.uka.ilkd.key.nparser.builder.AbstractBuilder.mapOf(AbstractBuilder.java:112)
	at de.uka.ilkd.key.nparser.builder.IncludeFinder.visitOne_include_statement(IncludeFinder.java:35)
	at de.uka.ilkd.key.nparser.builder.IncludeFinder.visitOne_include_statement(IncludeFinder.java:20)
	at de.uka.ilkd.key.nparser.KeYParser$One_include_statementContext.accept(KeYParser.java:802)
	at org.antlr.v4.runtime.tree.AbstractParseTreeVisitor.visitChildren(AbstractParseTreeVisitor.java:46)
	at de.uka.ilkd.key.nparser.KeYParserBaseVisitor.visitDecls(KeYParserBaseVisitor.java:30)
	at de.uka.ilkd.key.nparser.KeYParser$DeclsContext.accept(KeYParser.java:500)
	at org.antlr.v4.runtime.tree.AbstractParseTreeVisitor.visitChildren(AbstractParseTreeVisitor.java:46)
	at de.uka.ilkd.key.nparser.KeYParserBaseVisitor.visitFile(KeYParserBaseVisitor.java:23)
	at de.uka.ilkd.key.nparser.KeYParser$FileContext.accept(KeYParser.java:306)
	at de.uka.ilkd.key.nparser.KeyAst.accept(KeyAst.java:41)
	at de.uka.ilkd.key.nparser.KeyAst$File.getIncludes(KeyAst.java:76)
	at de.uka.ilkd.key.proof.io.KeYFile.readIncludes(KeYFile.java:208)
	... 14 more
Could not find rule file rules/intRulesCheckedSemantics.key (file: /home/runner/work/key/key/key.core/../key.ui/examples/index/.././heap/block_loop_contracts/SimpleVariants/sum_onLoop_loop.key; caused by: de.uka.ilkd.key.proof.init.ProofInputException: Could not find rule file rules/intRulesCheckedSemantics.key)
	at de.uka.ilkd.key.control.AbstractUserInterfaceControl.load(AbstractUserInterfaceControl.java:221)
	at de.uka.ilkd.key.control.KeYEnvironment.load(KeYEnvironment.java:251)
	at de.uka.ilkd.key.control.KeYEnvironment.load(KeYEnvironment.java:224)
	at de.uka.ilkd.key.control.KeYEnvironment.load(KeYEnvironment.java:184)
	at de.uka.ilkd.key.control.KeYEnvironment.load(KeYEnvironment.java:261)
	at de.uka.ilkd.key.proof.runallproofs.proofcollection.TestFile.load(TestFile.java:270)
	at de.uka.ilkd.key.proof.runallproofs.proofcollection.TestFile.runKey(TestFile.java:160)
	at de.uka.ilkd.key.proof.runallproofs.proofcollection.ForkedTestFileRunner.main(ForkedTestFileRunner.java:171)
Caused by: de.uka.ilkd.key.proof.init.ProofInputException: Could not find rule file rules/intRulesCheckedSemantics.key
	at de.uka.ilkd.key.proof.io.KeYFile.readIncludes(KeYFile.java:210)
	at de.uka.ilkd.key.proof.init.ProblemInitializer.readIncludes(ProblemInitializer.java:177)
	at de.uka.ilkd.key.proof.init.ProblemInitializer.readEnvInput(ProblemInitializer.java:325)
	at de.uka.ilkd.key.proof.init.ProblemInitializer.prepare(ProblemInitializer.java:449)
	at de.uka.ilkd.key.proof.io.AbstractProblemLoader.createInitConfig(AbstractProblemLoader.java:518)
	at de.uka.ilkd.key.proof.io.AbstractProblemLoader.loadEnvironment(AbstractProblemLoader.java:288)
	at de.uka.ilkd.key.proof.io.AbstractProblemLoader.load(AbstractProblemLoader.java:252)
	at de.uka.ilkd.key.control.AbstractUserInterfaceControl.load(AbstractUserInterfaceControl.java:209)
	... 7 more
Caused by: java.lang.RuntimeException: Could not find rule file rules/intRulesCheckedSemantics.key
	at de.uka.ilkd.key.proof.io.RuleSourceFactory.fromBuiltInRule(RuleSourceFactory.java:32)
	at de.uka.ilkd.key.proof.io.RuleSourceFactory.fromDefaultLocation(RuleSourceFactory.java:21)
	at de.uka.ilkd.key.nparser.builder.IncludeFinder.addInclude(IncludeFinder.java:63)
	at de.uka.ilkd.key.nparser.builder.IncludeFinder.visitOne_include(IncludeFinder.java:43)
	at de.uka.ilkd.key.nparser.builder.IncludeFinder.visitOne_include(IncludeFinder.java:20)
	at de.uka.ilkd.key.nparser.KeYParser$One_includeContext.accept(KeYParser.java:878)
	at de.uka.ilkd.key.nparser.builder.AbstractBuilder.lambda$mapOf$0(AbstractBuilder.java:112)
	at java.base/java.util.stream.ReferencePipeline$3$1.accept(ReferencePipeline.java:195)
	at java.base/java.util.ArrayList$ArrayListSpliterator.forEachRemaining(ArrayList.java:1655)
	at java.base/java.util.stream.AbstractPipeline.copyInto(AbstractPipeline.java:484)
	at java.base/java.util.stream.AbstractPipeline.wrapAndCopyInto(AbstractPipeline.java:474)
	at java.base/java.util.stream.ReduceOps$ReduceOp.evaluateSequential(ReduceOps.java:913)
	at java.base/java.util.stream.AbstractPipeline.evaluate(AbstractPipeline.java:234)
	at java.base/java.util.stream.ReferencePipeline.collect(ReferencePipeline.java:578)
	at de.uka.ilkd.key.nparser.builder.AbstractBuilder.mapOf(AbstractBuilder.java:112)
	at de.uka.ilkd.key.nparser.builder.IncludeFinder.visitOne_include_statement(IncludeFinder.java:35)
	at de.uka.ilkd.key.nparser.builder.IncludeFinder.visitOne_include_statement(IncludeFinder.java:20)
	at de.uka.ilkd.key.nparser.KeYParser$One_include_statementContext.accept(KeYParser.java:802)
	at org.antlr.v4.runtime.tree.AbstractParseTreeVisitor.visitChildren(AbstractParseTreeVisitor.java:46)
	at de.uka.ilkd.key.nparser.KeYParserBaseVisitor.visitDecls(KeYParserBaseVisitor.java:30)
	at de.uka.ilkd.key.nparser.KeYParser$DeclsContext.accept(KeYParser.java:500)
	at org.antlr.v4.runtime.tree.AbstractParseTreeVisitor.visitChildren(AbstractParseTreeVisitor.java:46)
	at de.uka.ilkd.key.nparser.KeYParserBaseVisitor.visitFile(KeYParserBaseVisitor.java:23)
	at de.uka.ilkd.key.nparser.KeYParser$FileContext.accept(KeYParser.java:306)
	at de.uka.ilkd.key.nparser.KeyAst.accept(KeyAst.java:41)
	at de.uka.ilkd.key.nparser.KeyAst$File.getIncludes(KeyAst.java:76)
	at de.uka.ilkd.key.proof.io.KeYFile.readIncludes(KeYFile.java:208)
	... 14 more
Could not find rule file rules/intRulesCheckedSemantics.key (file: /home/runner/work/key/key/key.core/../key.ui/examples/index/.././heap/block_loop_contracts/Free/blockContracts0.key; caused by: de.uka.ilkd.key.proof.init.ProofInputException: Could not find rule file rules/intRulesCheckedSemantics.key)
	at de.uka.ilkd.key.control.AbstractUserInterfaceControl.load(AbstractUserInterfaceControl.java:221)
	at de.uka.ilkd.key.control.KeYEnvironment.load(KeYEnvironment.java:251)
	at de.uka.ilkd.key.control.KeYEnvironment.load(KeYEnvironment.java:224)
	at de.uka.ilkd.key.control.KeYEnvironment.load(KeYEnvironment.java:184)
	at de.uka.ilkd.key.control.KeYEnvironment.load(KeYEnvironment.java:261)
	at de.uka.ilkd.key.proof.runallproofs.proofcollection.TestFile.load(TestFile.java:270)
	at de.uka.ilkd.key.proof.runallproofs.proofcollection.TestFile.runKey(TestFile.java:160)
	at de.uka.ilkd.key.proof.runallproofs.proofcollection.ForkedTestFileRunner.main(ForkedTestFileRunner.java:171)
Caused by: de.uka.ilkd.key.proof.init.ProofInputException: Could not find rule file rules/intRulesCheckedSemantics.key
	at de.uka.ilkd.key.proof.io.KeYFile.readIncludes(KeYFile.java:210)
	at de.uka.ilkd.key.proof.init.ProblemInitializer.readIncludes(ProblemInitializer.java:177)
	at de.uka.ilkd.key.proof.init.ProblemInitializer.readEnvInput(ProblemInitializer.java:325)
	at de.uka.ilkd.key.proof.init.ProblemInitializer.prepare(ProblemInitializer.java:449)
	at de.uka.ilkd.key.proof.io.AbstractProblemLoader.createInitConfig(AbstractProblemLoader.java:518)
	at de.uka.ilkd.key.proof.io.AbstractProblemLoader.loadEnvironment(AbstractProblemLoader.java:288)
	at de.uka.ilkd.key.proof.io.AbstractProblemLoader.load(AbstractProblemLoader.java:252)
	at de.uka.ilkd.key.control.AbstractUserInterfaceControl.load(AbstractUserInterfaceControl.java:209)
	... 7 more
Caused by: java.lang.RuntimeException: Could not find rule file rules/intRulesCheckedSemantics.key
	at de.uka.ilkd.key.proof.io.RuleSourceFactory.fromBuiltInRule(RuleSourceFactory.java:32)
	at de.uka.ilkd.key.proof.io.RuleSourceFactory.fromDefaultLocation(RuleSourceFactory.java:21)
	at de.uka.ilkd.key.nparser.builder.IncludeFinder.addInclude(IncludeFinder.java:63)
	at de.uka.ilkd.key.nparser.builder.IncludeFinder.visitOne_include(IncludeFinder.java:43)
	at de.uka.ilkd.key.nparser.builder.IncludeFinder.visitOne_include(IncludeFinder.java:20)
	at de.uka.ilkd.key.nparser.KeYParser$One_includeContext.accept(KeYParser.java:878)
	at de.uka.ilkd.key.nparser.builder.AbstractBuilder.lambda$mapOf$0(AbstractBuilder.java:112)
	at java.base/java.util.stream.ReferencePipeline$3$1.accept(ReferencePipeline.java:195)
	at java.base/java.util.ArrayList$ArrayListSpliterator.forEachRemaining(ArrayList.java:1655)
	at java.base/java.util.stream.AbstractPipeline.copyInto(AbstractPipeline.java:484)
	at java.base/java.util.stream.AbstractPipeline.wrapAndCopyInto(AbstractPipeline.java:474)
	at java.base/java.util.stream.ReduceOps$ReduceOp.evaluateSequential(ReduceOps.java:913)
	at java.base/java.util.stream.AbstractPipeline.evaluate(AbstractPipeline.java:234)
	at java.base/java.util.stream.ReferencePipeline.collect(ReferencePipeline.java:578)
	at de.uka.ilkd.key.nparser.builder.AbstractBuilder.mapOf(AbstractBuilder.java:112)
	at de.uka.ilkd.key.nparser.builder.IncludeFinder.visitOne_include_statement(IncludeFinder.java:35)
	at de.uka.ilkd.key.nparser.builder.IncludeFinder.visitOne_include_statement(IncludeFinder.java:20)
	at de.uka.ilkd.key.nparser.KeYParser$One_include_statementContext.accept(KeYParser.java:802)
	at org.antlr.v4.runtime.tree.AbstractParseTreeVisitor.visitChildren(AbstractParseTreeVisitor.java:46)
	at de.uka.ilkd.key.nparser.KeYParserBaseVisitor.visitDecls(KeYParserBaseVisitor.java:30)
	at de.uka.ilkd.key.nparser.KeYParser$DeclsContext.accept(KeYParser.java:500)
	at org.antlr.v4.runtime.tree.AbstractParseTreeVisitor.visitChildren(AbstractParseTreeVisitor.java:46)
	at de.uka.ilkd.key.nparser.KeYParserBaseVisitor.visitFile(KeYParserBaseVisitor.java:23)
	at de.uka.ilkd.key.nparser.KeYParser$FileContext.accept(KeYParser.java:306)
	at de.uka.ilkd.key.nparser.KeyAst.accept(KeyAst.java:41)
	at de.uka.ilkd.key.nparser.KeyAst$File.getIncludes(KeyAst.java:76)
	at de.uka.ilkd.key.proof.io.KeYFile.readIncludes(KeYFile.java:208)
	... 14 more
Could not find rule file rules/intRulesCheckedSemantics.key (file: /home/runner/work/key/key/key.core/../key.ui/examples/index/.././heap/block_loop_contracts/Free/blockContracts1.key; caused by: de.uka.ilkd.key.proof.init.ProofInputException: Could not find rule file rules/intRulesCheckedSemantics.key)
	at de.uka.ilkd.key.control.AbstractUserInterfaceControl.load(AbstractUserInterfaceControl.java:221)
	at de.uka.ilkd.key.control.KeYEnvironment.load(KeYEnvironment.java:251)
	at de.uka.ilkd.key.control.KeYEnvironment.load(KeYEnvironment.java:224)
	at de.uka.ilkd.key.control.KeYEnvironment.load(KeYEnvironment.java:184)
	at de.uka.ilkd.key.control.KeYEnvironment.load(KeYEnvironment.java:261)
	at de.uka.ilkd.key.proof.runallproofs.proofcollection.TestFile.load(TestFile.java:270)
	at de.uka.ilkd.key.proof.runallproofs.proofcollection.TestFile.runKey(TestFile.java:160)
	at de.uka.ilkd.key.proof.runallproofs.proofcollection.ForkedTestFileRunner.main(ForkedTestFileRunner.java:171)
Caused by: de.uka.ilkd.key.proof.init.ProofInputException: Could not find rule file rules/intRulesCheckedSemantics.key
	at de.uka.ilkd.key.proof.io.KeYFile.readIncludes(KeYFile.java:210)
	at de.uka.ilkd.key.proof.init.ProblemInitializer.readIncludes(ProblemInitializer.java:177)
	at de.uka.ilkd.key.proof.init.ProblemInitializer.readEnvInput(ProblemInitializer.java:325)
	at de.uka.ilkd.key.proof.init.ProblemInitializer.prepare(ProblemInitializer.java:449)
	at de.uka.ilkd.key.proof.io.AbstractProblemLoader.createInitConfig(AbstractProblemLoader.java:518)
	at de.uka.ilkd.key.proof.io.AbstractProblemLoader.loadEnvironment(AbstractProblemLoader.java:288)
	at de.uka.ilkd.key.proof.io.AbstractProblemLoader.load(AbstractProblemLoader.java:252)
	at de.uka.ilkd.key.control.AbstractUserInterfaceControl.load(AbstractUserInterfaceControl.java:209)
	... 7 more
Caused by: java.lang.RuntimeException: Could not find rule file rules/intRulesCheckedSemantics.key
	at de.uka.ilkd.key.proof.io.RuleSourceFactory.fromBuiltInRule(RuleSourceFactory.java:32)
	at de.uka.ilkd.key.proof.io.RuleSourceFactory.fromDefaultLocation(RuleSourceFactory.java:21)
	at de.uka.ilkd.key.nparser.builder.IncludeFinder.addInclude(IncludeFinder.java:63)
	at de.uka.ilkd.key.nparser.builder.IncludeFinder.visitOne_include(IncludeFinder.java:43)
	at de.uka.ilkd.key.nparser.builder.IncludeFinder.visitOne_include(IncludeFinder.java:20)
	at de.uka.ilkd.key.nparser.KeYParser$One_includeContext.accept(KeYParser.java:878)
	at de.uka.ilkd.key.nparser.builder.AbstractBuilder.lambda$mapOf$0(AbstractBuilder.java:112)
	at java.base/java.util.stream.ReferencePipeline$3$1.accept(ReferencePipeline.java:195)
	at java.base/java.util.ArrayList$ArrayListSpliterator.forEachRemaining(ArrayList.java:1655)
	at java.base/java.util.stream.AbstractPipeline.copyInto(AbstractPipeline.java:484)
	at java.base/java.util.stream.AbstractPipeline.wrapAndCopyInto(AbstractPipeline.java:474)
	at java.base/java.util.stream.ReduceOps$ReduceOp.evaluateSequential(ReduceOps.java:913)
	at java.base/java.util.stream.AbstractPipeline.evaluate(AbstractPipeline.java:234)
	at java.base/java.util.stream.ReferencePipeline.collect(ReferencePipeline.java:578)
	at de.uka.ilkd.key.nparser.builder.AbstractBuilder.mapOf(AbstractBuilder.java:112)
	at de.uka.ilkd.key.nparser.builder.IncludeFinder.visitOne_include_statement(IncludeFinder.java:35)
	at de.uka.ilkd.key.nparser.builder.IncludeFinder.visitOne_include_statement(IncludeFinder.java:20)
	at de.uka.ilkd.key.nparser.KeYParser$One_include_statementContext.accept(KeYParser.java:802)
	at org.antlr.v4.runtime.tree.AbstractParseTreeVisitor.visitChildren(AbstractParseTreeVisitor.java:46)
	at de.uka.ilkd.key.nparser.KeYParserBaseVisitor.visitDecls(KeYParserBaseVisitor.java:30)
	at de.uka.ilkd.key.nparser.KeYParser$DeclsContext.accept(KeYParser.java:500)
	at org.antlr.v4.runtime.tree.AbstractParseTreeVisitor.visitChildren(AbstractParseTreeVisitor.java:46)
	at de.uka.ilkd.key.nparser.KeYParserBaseVisitor.visitFile(KeYParserBaseVisitor.java:23)
	at de.uka.ilkd.key.nparser.KeYParser$FileContext.accept(KeYParser.java:306)
	at de.uka.ilkd.key.nparser.KeyAst.accept(KeyAst.java:41)
	at de.uka.ilkd.key.nparser.KeyAst$File.getIncludes(KeyAst.java:76)
	at de.uka.ilkd.key.proof.io.KeYFile.readIncludes(KeYFile.java:208)
	... 14 more
Could not find rule file rules/intRulesCheckedSemantics.key (file: /home/runner/work/key/key/key.core/../key.ui/examples/index/.././heap/block_loop_contracts/Finally/block_finally.key; caused by: de.uka.ilkd.key.proof.init.ProofInputException: Could not find rule file rules/intRulesCheckedSemantics.key)
	at de.uka.ilkd.key.control.AbstractUserInterfaceControl.load(AbstractUserInterfaceControl.java:221)
	at de.uka.ilkd.key.control.KeYEnvironment.load(KeYEnvironment.java:251)
	at de.uka.ilkd.key.control.KeYEnvironment.load(KeYEnvironment.java:224)
	at de.uka.ilkd.key.control.KeYEnvironment.load(KeYEnvironment.java:184)
	at de.uka.ilkd.key.control.KeYEnvironment.load(KeYEnvironment.java:261)
	at de.uka.ilkd.key.proof.runallproofs.proofcollection.TestFile.load(TestFile.java:270)
	at de.uka.ilkd.key.proof.runallproofs.proofcollection.TestFile.runKey(TestFile.java:160)
	at de.uka.ilkd.key.proof.runallproofs.proofcollection.ForkedTestFileRunner.main(ForkedTestFileRunner.java:171)
Caused by: de.uka.ilkd.key.proof.init.ProofInputException: Could not find rule file rules/intRulesCheckedSemantics.key
	at de.uka.ilkd.key.proof.io.KeYFile.readIncludes(KeYFile.java:210)
	at de.uka.ilkd.key.proof.init.ProblemInitializer.readIncludes(ProblemInitializer.java:177)
	at de.uka.ilkd.key.proof.init.ProblemInitializer.readEnvInput(ProblemInitializer.java:325)
	at de.uka.ilkd.key.proof.init.ProblemInitializer.prepare(ProblemInitializer.java:449)
	at de.uka.ilkd.key.proof.io.AbstractProblemLoader.createInitConfig(AbstractProblemLoader.java:518)
	at de.uka.ilkd.key.proof.io.AbstractProblemLoader.loadEnvironment(AbstractProblemLoader.java:288)
	at de.uka.ilkd.key.proof.io.AbstractProblemLoader.load(AbstractProblemLoader.java:252)
	at de.uka.ilkd.key.control.AbstractUserInterfaceControl.load(AbstractUserInterfaceControl.java:209)
	... 7 more
Caused by: java.lang.RuntimeException: Could not find rule file rules/intRulesCheckedSemantics.key
	at de.uka.ilkd.key.proof.io.RuleSourceFactory.fromBuiltInRule(RuleSourceFactory.java:32)
	at de.uka.ilkd.key.proof.io.RuleSourceFactory.fromDefaultLocation(RuleSourceFactory.java:21)
	at de.uka.ilkd.key.nparser.builder.IncludeFinder.addInclude(IncludeFinder.java:63)
	at de.uka.ilkd.key.nparser.builder.IncludeFinder.visitOne_include(IncludeFinder.java:43)
	at de.uka.ilkd.key.nparser.builder.IncludeFinder.visitOne_include(IncludeFinder.java:20)
	at de.uka.ilkd.key.nparser.KeYParser$One_includeContext.accept(KeYParser.java:878)
	at de.uka.ilkd.key.nparser.builder.AbstractBuilder.lambda$mapOf$0(AbstractBuilder.java:112)
	at java.base/java.util.stream.ReferencePipeline$3$1.accept(ReferencePipeline.java:195)
	at java.base/java.util.ArrayList$ArrayListSpliterator.forEachRemaining(ArrayList.java:1655)
	at java.base/java.util.stream.AbstractPipeline.copyInto(AbstractPipeline.java:484)
	at java.base/java.util.stream.AbstractPipeline.wrapAndCopyInto(AbstractPipeline.java:474)
	at java.base/java.util.stream.ReduceOps$ReduceOp.evaluateSequential(ReduceOps.java:913)
	at java.base/java.util.stream.AbstractPipeline.evaluate(AbstractPipeline.java:234)
	at java.base/java.util.stream.ReferencePipeline.collect(ReferencePipeline.java:578)
	at de.uka.ilkd.key.nparser.builder.AbstractBuilder.mapOf(AbstractBuilder.java:112)
	at de.uka.ilkd.key.nparser.builder.IncludeFinder.visitOne_include_statement(IncludeFinder.java:35)
	at de.uka.ilkd.key.nparser.builder.IncludeFinder.visitOne_include_statement(IncludeFinder.java:20)
	at de.uka.ilkd.key.nparser.KeYParser$One_include_statementContext.accept(KeYParser.java:802)
	at org.antlr.v4.runtime.tree.AbstractParseTreeVisitor.visitChildren(AbstractParseTreeVisitor.java:46)
	at de.uka.ilkd.key.nparser.KeYParserBaseVisitor.visitDecls(KeYParserBaseVisitor.java:30)
	at de.uka.ilkd.key.nparser.KeYParser$DeclsContext.accept(KeYParser.java:500)
	at org.antlr.v4.runtime.tree.AbstractParseTreeVisitor.visitChildren(AbstractParseTreeVisitor.java:46)
	at de.uka.ilkd.key.nparser.KeYParserBaseVisitor.visitFile(KeYParserBaseVisitor.java:23)
	at de.uka.ilkd.key.nparser.KeYParser$FileContext.accept(KeYParser.java:306)
	at de.uka.ilkd.key.nparser.KeyAst.accept(KeyAst.java:41)
	at de.uka.ilkd.key.nparser.KeyAst$File.getIncludes(KeyAst.java:76)
	at de.uka.ilkd.key.proof.io.KeYFile.readIncludes(KeYFile.java:208)
	... 14 more
Could not find rule file rules/intRulesCheckedSemantics.key (file: /home/runner/work/key/key/key.core/../key.ui/examples/index/.././heap/block_loop_contracts/Finally/loop_finally.key; caused by: de.uka.ilkd.key.proof.init.ProofInputException: Could not find rule file rules/intRulesCheckedSemantics.key)
	at de.uka.ilkd.key.control.AbstractUserInterfaceControl.load(AbstractUserInterfaceControl.java:221)
	at de.uka.ilkd.key.control.KeYEnvironment.load(KeYEnvironment.java:251)
	at de.uka.ilkd.key.control.KeYEnvironment.load(KeYEnvironment.java:224)
	at de.uka.ilkd.key.control.KeYEnvironment.load(KeYEnvironment.java:184)
	at de.uka.ilkd.key.control.KeYEnvironment.load(KeYEnvironment.java:261)
	at de.uka.ilkd.key.proof.runallproofs.proofcollection.TestFile.load(TestFile.java:270)
	at de.uka.ilkd.key.proof.runallproofs.proofcollection.TestFile.runKey(TestFile.java:160)
	at de.uka.ilkd.key.proof.runallproofs.proofcollection.ForkedTestFileRunner.main(ForkedTestFileRunner.java:171)
Caused by: de.uka.ilkd.key.proof.init.ProofInputException: Could not find rule file rules/intRulesCheckedSemantics.key
	at de.uka.ilkd.key.proof.io.KeYFile.readIncludes(KeYFile.java:210)
	at de.uka.ilkd.key.proof.init.ProblemInitializer.readIncludes(ProblemInitializer.java:177)
	at de.uka.ilkd.key.proof.init.ProblemInitializer.readEnvInput(ProblemInitializer.java:325)
	at de.uka.ilkd.key.proof.init.ProblemInitializer.prepare(ProblemInitializer.java:449)
	at de.uka.ilkd.key.proof.io.AbstractProblemLoader.createInitConfig(AbstractProblemLoader.java:518)
	at de.uka.ilkd.key.proof.io.AbstractProblemLoader.loadEnvironment(AbstractProblemLoader.java:288)
	at de.uka.ilkd.key.proof.io.AbstractProblemLoader.load(AbstractProblemLoader.java:252)
	at de.uka.ilkd.key.control.AbstractUserInterfaceControl.load(AbstractUserInterfaceControl.java:209)
	... 7 more
Caused by: java.lang.RuntimeException: Could not find rule file rules/intRulesCheckedSemantics.key
	at de.uka.ilkd.key.proof.io.RuleSourceFactory.fromBuiltInRule(RuleSourceFactory.java:32)
	at de.uka.ilkd.key.proof.io.RuleSourceFactory.fromDefaultLocation(RuleSourceFactory.java:21)
	at de.uka.ilkd.key.nparser.builder.IncludeFinder.addInclude(IncludeFinder.java:63)
	at de.uka.ilkd.key.nparser.builder.IncludeFinder.visitOne_include(IncludeFinder.java:43)
	at de.uka.ilkd.key.nparser.builder.IncludeFinder.visitOne_include(IncludeFinder.java:20)
	at de.uka.ilkd.key.nparser.KeYParser$One_includeContext.accept(KeYParser.java:878)
	at de.uka.ilkd.key.nparser.builder.AbstractBuilder.lambda$mapOf$0(AbstractBuilder.java:112)
	at java.base/java.util.stream.ReferencePipeline$3$1.accept(ReferencePipeline.java:195)
	at java.base/java.util.ArrayList$ArrayListSpliterator.forEachRemaining(ArrayList.java:1655)
	at java.base/java.util.stream.AbstractPipeline.copyInto(AbstractPipeline.java:484)
	at java.base/java.util.stream.AbstractPipeline.wrapAndCopyInto(AbstractPipeline.java:474)
	at java.base/java.util.stream.ReduceOps$ReduceOp.evaluateSequential(ReduceOps.java:913)
	at java.base/java.util.stream.AbstractPipeline.evaluate(AbstractPipeline.java:234)
	at java.base/java.util.stream.ReferencePipeline.collect(ReferencePipeline.java:578)
	at de.uka.ilkd.key.nparser.builder.AbstractBuilder.mapOf(AbstractBuilder.java:112)
	at de.uka.ilkd.key.nparser.builder.IncludeFinder.visitOne_include_statement(IncludeFinder.java:35)
	at de.uka.ilkd.key.nparser.builder.IncludeFinder.visitOne_include_statement(IncludeFinder.java:20)
	at de.uka.ilkd.key.nparser.KeYParser$One_include_statementContext.accept(KeYParser.java:802)
	at org.antlr.v4.runtime.tree.AbstractParseTreeVisitor.visitChildren(AbstractParseTreeVisitor.java:46)
	at de.uka.ilkd.key.nparser.KeYParserBaseVisitor.visitDecls(KeYParserBaseVisitor.java:30)
	at de.uka.ilkd.key.nparser.KeYParser$DeclsContext.accept(KeYParser.java:500)
	at org.antlr.v4.runtime.tree.AbstractParseTreeVisitor.visitChildren(AbstractParseTreeVisitor.java:46)
	at de.uka.ilkd.key.nparser.KeYParserBaseVisitor.visitFile(KeYParserBaseVisitor.java:23)
	at de.uka.ilkd.key.nparser.KeYParser$FileContext.accept(KeYParser.java:306)
	at de.uka.ilkd.key.nparser.KeyAst.accept(KeyAst.java:41)
	at de.uka.ilkd.key.nparser.KeyAst$File.getIncludes(KeyAst.java:76)
	at de.uka.ilkd.key.proof.io.KeYFile.readIncludes(KeYFile.java:208)
	... 14 more
Exception in thread "main" org.opentest4j.AssertionFailedError: Exception during the execution of proofs. See log for more details.
	at org.junit.jupiter.api.AssertionUtils.fail(AssertionUtils.java:39)
	at org.junit.jupiter.api.Assertions.fail(Assertions.java:134)
	at de.uka.ilkd.key.proof.runallproofs.proofcollection.ForkedTestFileRunner.main(ForkedTestFileRunner.java:192)
Timeout watcher launched (2000 secs.)
Could not find rule file rules/intRulesCheckedSemantics.key (file: /home/runner/work/key/key/key.core/../key.ui/examples/index/.././standard_key/java_dl/jml-assert/assert.key; caused by: de.uka.ilkd.key.proof.init.ProofInputException: Could not find rule file rules/intRulesCheckedSemantics.key)
	at de.uka.ilkd.key.control.AbstractUserInterfaceControl.load(AbstractUserInterfaceControl.java:221)
	at de.uka.ilkd.key.control.KeYEnvironment.load(KeYEnvironment.java:251)
	at de.uka.ilkd.key.control.KeYEnvironment.load(KeYEnvironment.java:224)
	at de.uka.ilkd.key.control.KeYEnvironment.load(KeYEnvironment.java:184)
	at de.uka.ilkd.key.control.KeYEnvironment.load(KeYEnvironment.java:261)
	at de.uka.ilkd.key.proof.runallproofs.proofcollection.TestFile.load(TestFile.java:270)
	at de.uka.ilkd.key.proof.runallproofs.proofcollection.TestFile.runKey(TestFile.java:160)
	at de.uka.ilkd.key.proof.runallproofs.proofcollection.ForkedTestFileRunner.main(ForkedTestFileRunner.java:171)
Caused by: de.uka.ilkd.key.proof.init.ProofInputException: Could not find rule file rules/intRulesCheckedSemantics.key
	at de.uka.ilkd.key.proof.io.KeYFile.readIncludes(KeYFile.java:210)
	at de.uka.ilkd.key.proof.init.ProblemInitializer.readIncludes(ProblemInitializer.java:177)
	at de.uka.ilkd.key.proof.init.ProblemInitializer.readEnvInput(ProblemInitializer.java:325)
	at de.uka.ilkd.key.proof.init.ProblemInitializer.prepare(ProblemInitializer.java:449)
	at de.uka.ilkd.key.proof.io.AbstractProblemLoader.createInitConfig(AbstractProblemLoader.java:518)
	at de.uka.ilkd.key.proof.io.AbstractProblemLoader.loadEnvironment(AbstractProblemLoader.java:288)
	at de.uka.ilkd.key.proof.io.AbstractProblemLoader.load(AbstractProblemLoader.java:252)
	at de.uka.ilkd.key.control.AbstractUserInterfaceControl.load(AbstractUserInterfaceControl.java:209)
	... 7 more
Caused by: java.lang.RuntimeException: Could not find rule file rules/intRulesCheckedSemantics.key
	at de.uka.ilkd.key.proof.io.RuleSourceFactory.fromBuiltInRule(RuleSourceFactory.java:32)
	at de.uka.ilkd.key.proof.io.RuleSourceFactory.fromDefaultLocation(RuleSourceFactory.java:21)
	at de.uka.ilkd.key.nparser.builder.IncludeFinder.addInclude(IncludeFinder.java:63)
	at de.uka.ilkd.key.nparser.builder.IncludeFinder.visitOne_include(IncludeFinder.java:43)
	at de.uka.ilkd.key.nparser.builder.IncludeFinder.visitOne_include(IncludeFinder.java:20)
	at de.uka.ilkd.key.nparser.KeYParser$One_includeContext.accept(KeYParser.java:878)
	at de.uka.ilkd.key.nparser.builder.AbstractBuilder.lambda$mapOf$0(AbstractBuilder.java:112)
	at java.base/java.util.stream.ReferencePipeline$3$1.accept(ReferencePipeline.java:195)
	at java.base/java.util.ArrayList$ArrayListSpliterator.forEachRemaining(ArrayList.java:1655)
	at java.base/java.util.stream.AbstractPipeline.copyInto(AbstractPipeline.java:484)
	at java.base/java.util.stream.AbstractPipeline.wrapAndCopyInto(AbstractPipeline.java:474)
	at java.base/java.util.stream.ReduceOps$ReduceOp.evaluateSequential(ReduceOps.java:913)
	at java.base/java.util.stream.AbstractPipeline.evaluate(AbstractPipeline.java:234)
	at java.base/java.util.stream.ReferencePipeline.collect(ReferencePipeline.java:578)
	at de.uka.ilkd.key.nparser.builder.AbstractBuilder.mapOf(AbstractBuilder.java:112)
	at de.uka.ilkd.key.nparser.builder.IncludeFinder.visitOne_include_statement(IncludeFinder.java:35)
	at de.uka.ilkd.key.nparser.builder.IncludeFinder.visitOne_include_statement(IncludeFinder.java:20)
	at de.uka.ilkd.key.nparser.KeYParser$One_include_statementContext.accept(KeYParser.java:802)
	at org.antlr.v4.runtime.tree.AbstractParseTreeVisitor.visitChildren(AbstractParseTreeVisitor.java:46)
	at de.uka.ilkd.key.nparser.KeYParserBaseVisitor.visitDecls(KeYParserBaseVisitor.java:30)
	at de.uka.ilkd.key.nparser.KeYParser$DeclsContext.accept(KeYParser.java:500)
	at org.antlr.v4.runtime.tree.AbstractParseTreeVisitor.visitChildren(AbstractParseTreeVisitor.java:46)
	at de.uka.ilkd.key.nparser.KeYParserBaseVisitor.visitFile(KeYParserBaseVisitor.java:23)
	at de.uka.ilkd.key.nparser.KeYParser$FileContext.accept(KeYParser.java:306)
	at de.uka.ilkd.key.nparser.KeyAst.accept(KeyAst.java:41)
	at de.uka.ilkd.key.nparser.KeyAst$File.getIncludes(KeyAst.java:76)
	at de.uka.ilkd.key.proof.io.KeYFile.readIncludes(KeYFile.java:208)
	... 14 more
Could not find rule file rules/intRulesCheckedSemantics.key (file: /home/runner/work/key/key/key.core/../key.ui/examples/index/.././heap/block_loop_contracts/Free/assertions0.key; caused by: de.uka.ilkd.key.proof.init.ProofInputException: Could not find rule file rules/intRulesCheckedSemantics.key)
	at de.uka.ilkd.key.control.AbstractUserInterfaceControl.load(AbstractUserInterfaceControl.java:221)
	at de.uka.ilkd.key.control.KeYEnvironment.load(KeYEnvironment.java:251)
	at de.uka.ilkd.key.control.KeYEnvironment.load(KeYEnvironment.java:224)
	at de.uka.ilkd.key.control.KeYEnvironment.load(KeYEnvironment.java:184)
	at de.uka.ilkd.key.control.KeYEnvironment.load(KeYEnvironment.java:261)
	at de.uka.ilkd.key.proof.runallproofs.proofcollection.TestFile.load(TestFile.java:270)
	at de.uka.ilkd.key.proof.runallproofs.proofcollection.TestFile.runKey(TestFile.java:160)
	at de.uka.ilkd.key.proof.runallproofs.proofcollection.ForkedTestFileRunner.main(ForkedTestFileRunner.java:171)
Caused by: de.uka.ilkd.key.proof.init.ProofInputException: Could not find rule file rules/intRulesCheckedSemantics.key
	at de.uka.ilkd.key.proof.io.KeYFile.readIncludes(KeYFile.java:210)
	at de.uka.ilkd.key.proof.init.ProblemInitializer.readIncludes(ProblemInitializer.java:177)
	at de.uka.ilkd.key.proof.init.ProblemInitializer.readEnvInput(ProblemInitializer.java:325)
	at de.uka.ilkd.key.proof.init.ProblemInitializer.prepare(ProblemInitializer.java:449)
	at de.uka.ilkd.key.proof.io.AbstractProblemLoader.createInitConfig(AbstractProblemLoader.java:518)
	at de.uka.ilkd.key.proof.io.AbstractProblemLoader.loadEnvironment(AbstractProblemLoader.java:288)
	at de.uka.ilkd.key.proof.io.AbstractProblemLoader.load(AbstractProblemLoader.java:252)
	at de.uka.ilkd.key.control.AbstractUserInterfaceControl.load(AbstractUserInterfaceControl.java:209)
	... 7 more
Caused by: java.lang.RuntimeException: Could not find rule file rules/intRulesCheckedSemantics.key
	at de.uka.ilkd.key.proof.io.RuleSourceFactory.fromBuiltInRule(RuleSourceFactory.java:32)
	at de.uka.ilkd.key.proof.io.RuleSourceFactory.fromDefaultLocation(RuleSourceFactory.java:21)
	at de.uka.ilkd.key.nparser.builder.IncludeFinder.addInclude(IncludeFinder.java:63)
	at de.uka.ilkd.key.nparser.builder.IncludeFinder.visitOne_include(IncludeFinder.java:43)
	at de.uka.ilkd.key.nparser.builder.IncludeFinder.visitOne_include(IncludeFinder.java:20)
	at de.uka.ilkd.key.nparser.KeYParser$One_includeContext.accept(KeYParser.java:878)
	at de.uka.ilkd.key.nparser.builder.AbstractBuilder.lambda$mapOf$0(AbstractBuilder.java:112)
	at java.base/java.util.stream.ReferencePipeline$3$1.accept(ReferencePipeline.java:195)
	at java.base/java.util.ArrayList$ArrayListSpliterator.forEachRemaining(ArrayList.java:1655)
	at java.base/java.util.stream.AbstractPipeline.copyInto(AbstractPipeline.java:484)
	at java.base/java.util.stream.AbstractPipeline.wrapAndCopyInto(AbstractPipeline.java:474)
	at java.base/java.util.stream.ReduceOps$ReduceOp.evaluateSequential(ReduceOps.java:913)
	at java.base/java.util.stream.AbstractPipeline.evaluate(AbstractPipeline.java:234)
	at java.base/java.util.stream.ReferencePipeline.collect(ReferencePipeline.java:578)
	at de.uka.ilkd.key.nparser.builder.AbstractBuilder.mapOf(AbstractBuilder.java:112)
	at de.uka.ilkd.key.nparser.builder.IncludeFinder.visitOne_include_statement(IncludeFinder.java:35)
	at de.uka.ilkd.key.nparser.builder.IncludeFinder.visitOne_include_statement(IncludeFinder.java:20)
	at de.uka.ilkd.key.nparser.KeYParser$One_include_statementContext.accept(KeYParser.java:802)
	at org.antlr.v4.runtime.tree.AbstractParseTreeVisitor.visitChildren(AbstractParseTreeVisitor.java:46)
	at de.uka.ilkd.key.nparser.KeYParserBaseVisitor.visitDecls(KeYParserBaseVisitor.java:30)
	at de.uka.ilkd.key.nparser.KeYParser$DeclsContext.accept(KeYParser.java:500)
	at org.antlr.v4.runtime.tree.AbstractParseTreeVisitor.visitChildren(AbstractParseTreeVisitor.java:46)
	at de.uka.ilkd.key.nparser.KeYParserBaseVisitor.visitFile(KeYParserBaseVisitor.java:23)
	at de.uka.ilkd.key.nparser.KeYParser$FileContext.accept(KeYParser.java:306)
	at de.uka.ilkd.key.nparser.KeyAst.accept(KeyAst.java:41)
	at de.uka.ilkd.key.nparser.KeyAst$File.getIncludes(KeyAst.java:76)
	at de.uka.ilkd.key.proof.io.KeYFile.readIncludes(KeYFile.java:208)
	... 14 more
Could not find rule file rules/intRulesCheckedSemantics.key (file: /home/runner/work/key/key/key.core/../key.ui/examples/index/.././heap/block_loop_contracts/Free/assertions1.key; caused by: de.uka.ilkd.key.proof.init.ProofInputException: Could not find rule file rules/intRulesCheckedSemantics.key)
	at de.uka.ilkd.key.control.AbstractUserInterfaceControl.load(AbstractUserInterfaceControl.java:221)
	at de.uka.ilkd.key.control.KeYEnvironment.load(KeYEnvironment.java:251)
	at de.uka.ilkd.key.control.KeYEnvironment.load(KeYEnvironment.java:224)
	at de.uka.ilkd.key.control.KeYEnvironment.load(KeYEnvironment.java:184)
	at de.uka.ilkd.key.control.KeYEnvironment.load(KeYEnvironment.java:261)
	at de.uka.ilkd.key.proof.runallproofs.proofcollection.TestFile.load(TestFile.java:270)
	at de.uka.ilkd.key.proof.runallproofs.proofcollection.TestFile.runKey(TestFile.java:160)
	at de.uka.ilkd.key.proof.runallproofs.proofcollection.ForkedTestFileRunner.main(ForkedTestFileRunner.java:171)
Caused by: de.uka.ilkd.key.proof.init.ProofInputException: Could not find rule file rules/intRulesCheckedSemantics.key
	at de.uka.ilkd.key.proof.io.KeYFile.readIncludes(KeYFile.java:210)
	at de.uka.ilkd.key.proof.init.ProblemInitializer.readIncludes(ProblemInitializer.java:177)
	at de.uka.ilkd.key.proof.init.ProblemInitializer.readEnvInput(ProblemInitializer.java:325)
	at de.uka.ilkd.key.proof.init.ProblemInitializer.prepare(ProblemInitializer.java:449)
	at de.uka.ilkd.key.proof.io.AbstractProblemLoader.createInitConfig(AbstractProblemLoader.java:518)
	at de.uka.ilkd.key.proof.io.AbstractProblemLoader.loadEnvironment(AbstractProblemLoader.java:288)
	at de.uka.ilkd.key.proof.io.AbstractProblemLoader.load(AbstractProblemLoader.java:252)
	at de.uka.ilkd.key.control.AbstractUserInterfaceControl.load(AbstractUserInterfaceControl.java:209)
	... 7 more
Caused by: java.lang.RuntimeException: Could not find rule file rules/intRulesCheckedSemantics.key
	at de.uka.ilkd.key.proof.io.RuleSourceFactory.fromBuiltInRule(RuleSourceFactory.java:32)
	at de.uka.ilkd.key.proof.io.RuleSourceFactory.fromDefaultLocation(RuleSourceFactory.java:21)
	at de.uka.ilkd.key.nparser.builder.IncludeFinder.addInclude(IncludeFinder.java:63)
	at de.uka.ilkd.key.nparser.builder.IncludeFinder.visitOne_include(IncludeFinder.java:43)
	at de.uka.ilkd.key.nparser.builder.IncludeFinder.visitOne_include(IncludeFinder.java:20)
	at de.uka.ilkd.key.nparser.KeYParser$One_includeContext.accept(KeYParser.java:878)
	at de.uka.ilkd.key.nparser.builder.AbstractBuilder.lambda$mapOf$0(AbstractBuilder.java:112)
	at java.base/java.util.stream.ReferencePipeline$3$1.accept(ReferencePipeline.java:195)
	at java.base/java.util.ArrayList$ArrayListSpliterator.forEachRemaining(ArrayList.java:1655)
	at java.base/java.util.stream.AbstractPipeline.copyInto(AbstractPipeline.java:484)
	at java.base/java.util.stream.AbstractPipeline.wrapAndCopyInto(AbstractPipeline.java:474)
	at java.base/java.util.stream.ReduceOps$ReduceOp.evaluateSequential(ReduceOps.java:913)
	at java.base/java.util.stream.AbstractPipeline.evaluate(AbstractPipeline.java:234)
	at java.base/java.util.stream.ReferencePipeline.collect(ReferencePipeline.java:578)
	at de.uka.ilkd.key.nparser.builder.AbstractBuilder.mapOf(AbstractBuilder.java:112)
	at de.uka.ilkd.key.nparser.builder.IncludeFinder.visitOne_include_statement(IncludeFinder.java:35)
	at de.uka.ilkd.key.nparser.builder.IncludeFinder.visitOne_include_statement(IncludeFinder.java:20)
	at de.uka.ilkd.key.nparser.KeYParser$One_include_statementContext.accept(KeYParser.java:802)
	at org.antlr.v4.runtime.tree.AbstractParseTreeVisitor.visitChildren(AbstractParseTreeVisitor.java:46)
	at de.uka.ilkd.key.nparser.KeYParserBaseVisitor.visitDecls(KeYParserBaseVisitor.java:30)
	at de.uka.ilkd.key.nparser.KeYParser$DeclsContext.accept(KeYParser.java:500)
	at org.antlr.v4.runtime.tree.AbstractParseTreeVisitor.visitChildren(AbstractParseTreeVisitor.java:46)
	at de.uka.ilkd.key.nparser.KeYParserBaseVisitor.visitFile(KeYParserBaseVisitor.java:23)
	at de.uka.ilkd.key.nparser.KeYParser$FileContext.accept(KeYParser.java:306)
	at de.uka.ilkd.key.nparser.KeyAst.accept(KeyAst.java:41)
	at de.uka.ilkd.key.nparser.KeyAst$File.getIncludes(KeyAst.java:76)
	at de.uka.ilkd.key.proof.io.KeYFile.readIncludes(KeYFile.java:208)
	... 14 more
Could not find rule file rules/intRulesCheckedSemantics.key (file: /home/runner/work/key/key/key.core/../key.ui/examples/index/.././standard_key/java_dl/jml-assert/recursion-assert.key; caused by: de.uka.ilkd.key.proof.init.ProofInputException: Could not find rule file rules/intRulesCheckedSemantics.key)
	at de.uka.ilkd.key.control.AbstractUserInterfaceControl.load(AbstractUserInterfaceControl.java:221)
	at de.uka.ilkd.key.control.KeYEnvironment.load(KeYEnvironment.java:251)
	at de.uka.ilkd.key.control.KeYEnvironment.load(KeYEnvironment.java:224)
	at de.uka.ilkd.key.control.KeYEnvironment.load(KeYEnvironment.java:184)
	at de.uka.ilkd.key.control.KeYEnvironment.load(KeYEnvironment.java:261)
	at de.uka.ilkd.key.proof.runallproofs.proofcollection.TestFile.load(TestFile.java:270)
	at de.uka.ilkd.key.proof.runallproofs.proofcollection.TestFile.runKey(TestFile.java:160)
	at de.uka.ilkd.key.proof.runallproofs.proofcollection.ForkedTestFileRunner.main(ForkedTestFileRunner.java:171)
Caused by: de.uka.ilkd.key.proof.init.ProofInputException: Could not find rule file rules/intRulesCheckedSemantics.key
	at de.uka.ilkd.key.proof.io.KeYFile.readIncludes(KeYFile.java:210)
	at de.uka.ilkd.key.proof.init.ProblemInitializer.readIncludes(ProblemInitializer.java:177)
	at de.uka.ilkd.key.proof.init.ProblemInitializer.readEnvInput(ProblemInitializer.java:325)
	at de.uka.ilkd.key.proof.init.ProblemInitializer.prepare(ProblemInitializer.java:449)
	at de.uka.ilkd.key.proof.io.AbstractProblemLoader.createInitConfig(AbstractProblemLoader.java:518)
	at de.uka.ilkd.key.proof.io.AbstractProblemLoader.loadEnvironment(AbstractProblemLoader.java:288)
	at de.uka.ilkd.key.proof.io.AbstractProblemLoader.load(AbstractProblemLoader.java:252)
	at de.uka.ilkd.key.control.AbstractUserInterfaceControl.load(AbstractUserInterfaceControl.java:209)
	... 7 more
Caused by: java.lang.RuntimeException: Could not find rule file rules/intRulesCheckedSemantics.key
	at de.uka.ilkd.key.proof.io.RuleSourceFactory.fromBuiltInRule(RuleSourceFactory.java:32)
	at de.uka.ilkd.key.proof.io.RuleSourceFactory.fromDefaultLocation(RuleSourceFactory.java:21)
	at de.uka.ilkd.key.nparser.builder.IncludeFinder.addInclude(IncludeFinder.java:63)
	at de.uka.ilkd.key.nparser.builder.IncludeFinder.visitOne_include(IncludeFinder.java:43)
	at de.uka.ilkd.key.nparser.builder.IncludeFinder.visitOne_include(IncludeFinder.java:20)
	at de.uka.ilkd.key.nparser.KeYParser$One_includeContext.accept(KeYParser.java:878)
	at de.uka.ilkd.key.nparser.builder.AbstractBuilder.lambda$mapOf$0(AbstractBuilder.java:112)
	at java.base/java.util.stream.ReferencePipeline$3$1.accept(ReferencePipeline.java:195)
	at java.base/java.util.ArrayList$ArrayListSpliterator.forEachRemaining(ArrayList.java:1655)
	at java.base/java.util.stream.AbstractPipeline.copyInto(AbstractPipeline.java:484)
	at java.base/java.util.stream.AbstractPipeline.wrapAndCopyInto(AbstractPipeline.java:474)
	at java.base/java.util.stream.ReduceOps$ReduceOp.evaluateSequential(ReduceOps.java:913)
	at java.base/java.util.stream.AbstractPipeline.evaluate(AbstractPipeline.java:234)
	at java.base/java.util.stream.ReferencePipeline.collect(ReferencePipeline.java:578)
	at de.uka.ilkd.key.nparser.builder.AbstractBuilder.mapOf(AbstractBuilder.java:112)
	at de.uka.ilkd.key.nparser.builder.IncludeFinder.visitOne_include_statement(IncludeFinder.java:35)
	at de.uka.ilkd.key.nparser.builder.IncludeFinder.visitOne_include_statement(IncludeFinder.java:20)
	at de.uka.ilkd.key.nparser.KeYParser$One_include_statementContext.accept(KeYParser.java:802)
	at org.antlr.v4.runtime.tree.AbstractParseTreeVisitor.visitChildren(AbstractParseTreeVisitor.java:46)
	at de.uka.ilkd.key.nparser.KeYParserBaseVisitor.visitDecls(KeYParserBaseVisitor.java:30)
	at de.uka.ilkd.key.nparser.KeYParser$DeclsContext.accept(KeYParser.java:500)
	at org.antlr.v4.runtime.tree.AbstractParseTreeVisitor.visitChildren(AbstractParseTreeVisitor.java:46)
	at de.uka.ilkd.key.nparser.KeYParserBaseVisitor.visitFile(KeYParserBaseVisitor.java:23)
	at de.uka.ilkd.key.nparser.KeYParser$FileContext.accept(KeYParser.java:306)
	at de.uka.ilkd.key.nparser.KeyAst.accept(KeyAst.java:41)
	at de.uka.ilkd.key.nparser.KeyAst$File.getIncludes(KeyAst.java:76)
	at de.uka.ilkd.key.proof.io.KeYFile.readIncludes(KeYFile.java:208)
	... 14 more
Could not find rule file rules/intRulesCheckedSemantics.key (file: /home/runner/work/key/key/key.core/../key.ui/examples/index/.././standard_key/java_dl/jml-assert/recursion-assume.key; caused by: de.uka.ilkd.key.proof.init.ProofInputException: Could not find rule file rules/intRulesCheckedSemantics.key)
	at de.uka.ilkd.key.control.AbstractUserInterfaceControl.load(AbstractUserInterfaceControl.java:221)
	at de.uka.ilkd.key.control.KeYEnvironment.load(KeYEnvironment.java:251)
	at de.uka.ilkd.key.control.KeYEnvironment.load(KeYEnvironment.java:224)
	at de.uka.ilkd.key.control.KeYEnvironment.load(KeYEnvironment.java:184)
	at de.uka.ilkd.key.control.KeYEnvironment.load(KeYEnvironment.java:261)
	at de.uka.ilkd.key.proof.runallproofs.proofcollection.TestFile.load(TestFile.java:270)
	at de.uka.ilkd.key.proof.runallproofs.proofcollection.TestFile.runKey(TestFile.java:160)
	at de.uka.ilkd.key.proof.runallproofs.proofcollection.ForkedTestFileRunner.main(ForkedTestFileRunner.java:171)
Caused by: de.uka.ilkd.key.proof.init.ProofInputException: Could not find rule file rules/intRulesCheckedSemantics.key
	at de.uka.ilkd.key.proof.io.KeYFile.readIncludes(KeYFile.java:210)
	at de.uka.ilkd.key.proof.init.ProblemInitializer.readIncludes(ProblemInitializer.java:177)
	at de.uka.ilkd.key.proof.init.ProblemInitializer.readEnvInput(ProblemInitializer.java:325)
	at de.uka.ilkd.key.proof.init.ProblemInitializer.prepare(ProblemInitializer.java:449)
	at de.uka.ilkd.key.proof.io.AbstractProblemLoader.createInitConfig(AbstractProblemLoader.java:518)
	at de.uka.ilkd.key.proof.io.AbstractProblemLoader.loadEnvironment(AbstractProblemLoader.java:288)
	at de.uka.ilkd.key.proof.io.AbstractProblemLoader.load(AbstractProblemLoader.java:252)
	at de.uka.ilkd.key.control.AbstractUserInterfaceControl.load(AbstractUserInterfaceControl.java:209)
	... 7 more
Caused by: java.lang.RuntimeException: Could not find rule file rules/intRulesCheckedSemantics.key
	at de.uka.ilkd.key.proof.io.RuleSourceFactory.fromBuiltInRule(RuleSourceFactory.java:32)
	at de.uka.ilkd.key.proof.io.RuleSourceFactory.fromDefaultLocation(RuleSourceFactory.java:21)
	at de.uka.ilkd.key.nparser.builder.IncludeFinder.addInclude(IncludeFinder.java:63)
	at de.uka.ilkd.key.nparser.builder.IncludeFinder.visitOne_include(IncludeFinder.java:43)
	at de.uka.ilkd.key.nparser.builder.IncludeFinder.visitOne_include(IncludeFinder.java:20)
	at de.uka.ilkd.key.nparser.KeYParser$One_includeContext.accept(KeYParser.java:878)
	at de.uka.ilkd.key.nparser.builder.AbstractBuilder.lambda$mapOf$0(AbstractBuilder.java:112)
	at java.base/java.util.stream.ReferencePipeline$3$1.accept(ReferencePipeline.java:195)
	at java.base/java.util.ArrayList$ArrayListSpliterator.forEachRemaining(ArrayList.java:1655)
	at java.base/java.util.stream.AbstractPipeline.copyInto(AbstractPipeline.java:484)
	at java.base/java.util.stream.AbstractPipeline.wrapAndCopyInto(AbstractPipeline.java:474)
	at java.base/java.util.stream.ReduceOps$ReduceOp.evaluateSequential(ReduceOps.java:913)
	at java.base/java.util.stream.AbstractPipeline.evaluate(AbstractPipeline.java:234)
	at java.base/java.util.stream.ReferencePipeline.collect(ReferencePipeline.java:578)
	at de.uka.ilkd.key.nparser.builder.AbstractBuilder.mapOf(AbstractBuilder.java:112)
	at de.uka.ilkd.key.nparser.builder.IncludeFinder.visitOne_include_statement(IncludeFinder.java:35)
	at de.uka.ilkd.key.nparser.builder.IncludeFinder.visitOne_include_statement(IncludeFinder.java:20)
	at de.uka.ilkd.key.nparser.KeYParser$One_include_statementContext.accept(KeYParser.java:802)
	at org.antlr.v4.runtime.tree.AbstractParseTreeVisitor.visitChildren(AbstractParseTreeVisitor.java:46)
	at de.uka.ilkd.key.nparser.KeYParserBaseVisitor.visitDecls(KeYParserBaseVisitor.java:30)
	at de.uka.ilkd.key.nparser.KeYParser$DeclsContext.accept(KeYParser.java:500)
	at org.antlr.v4.runtime.tree.AbstractParseTreeVisitor.visitChildren(AbstractParseTreeVisitor.java:46)
	at de.uka.ilkd.key.nparser.KeYParserBaseVisitor.visitFile(KeYParserBaseVisitor.java:23)
	at de.uka.ilkd.key.nparser.KeYParser$FileContext.accept(KeYParser.java:306)
	at de.uka.ilkd.key.nparser.KeyAst.accept(KeyAst.java:41)
	at de.uka.ilkd.key.nparser.KeyAst$File.getIncludes(KeyAst.java:76)
	at de.uka.ilkd.key.proof.io.KeYFile.readIncludes(KeYFile.java:208)
	... 14 more
Could not find rule file rules/intRulesCheckedSemantics.key (file: /home/runner/work/key/key/key.core/../key.ui/examples/index/.././standard_key/java_dl/jml-assert/quantor-assert.key; caused by: de.uka.ilkd.key.proof.init.ProofInputException: Could not find rule file rules/intRulesCheckedSemantics.key)
	at de.uka.ilkd.key.control.AbstractUserInterfaceControl.load(AbstractUserInterfaceControl.java:221)
	at de.uka.ilkd.key.control.KeYEnvironment.load(KeYEnvironment.java:251)
	at de.uka.ilkd.key.control.KeYEnvironment.load(KeYEnvironment.java:224)
	at de.uka.ilkd.key.control.KeYEnvironment.load(KeYEnvironment.java:184)
	at de.uka.ilkd.key.control.KeYEnvironment.load(KeYEnvironment.java:261)
	at de.uka.ilkd.key.proof.runallproofs.proofcollection.TestFile.load(TestFile.java:270)
	at de.uka.ilkd.key.proof.runallproofs.proofcollection.TestFile.runKey(TestFile.java:160)
	at de.uka.ilkd.key.proof.runallproofs.proofcollection.ForkedTestFileRunner.main(ForkedTestFileRunner.java:171)
Caused by: de.uka.ilkd.key.proof.init.ProofInputException: Could not find rule file rules/intRulesCheckedSemantics.key
	at de.uka.ilkd.key.proof.io.KeYFile.readIncludes(KeYFile.java:210)
	at de.uka.ilkd.key.proof.init.ProblemInitializer.readIncludes(ProblemInitializer.java:177)
	at de.uka.ilkd.key.proof.init.ProblemInitializer.readEnvInput(ProblemInitializer.java:325)
	at de.uka.ilkd.key.proof.init.ProblemInitializer.prepare(ProblemInitializer.java:449)
	at de.uka.ilkd.key.proof.io.AbstractProblemLoader.createInitConfig(AbstractProblemLoader.java:518)
	at de.uka.ilkd.key.proof.io.AbstractProblemLoader.loadEnvironment(AbstractProblemLoader.java:288)
	at de.uka.ilkd.key.proof.io.AbstractProblemLoader.load(AbstractProblemLoader.java:252)
	at de.uka.ilkd.key.control.AbstractUserInterfaceControl.load(AbstractUserInterfaceControl.java:209)
	... 7 more
Caused by: java.lang.RuntimeException: Could not find rule file rules/intRulesCheckedSemantics.key
	at de.uka.ilkd.key.proof.io.RuleSourceFactory.fromBuiltInRule(RuleSourceFactory.java:32)
	at de.uka.ilkd.key.proof.io.RuleSourceFactory.fromDefaultLocation(RuleSourceFactory.java:21)
	at de.uka.ilkd.key.nparser.builder.IncludeFinder.addInclude(IncludeFinder.java:63)
	at de.uka.ilkd.key.nparser.builder.IncludeFinder.visitOne_include(IncludeFinder.java:43)
	at de.uka.ilkd.key.nparser.builder.IncludeFinder.visitOne_include(IncludeFinder.java:20)
	at de.uka.ilkd.key.nparser.KeYParser$One_includeContext.accept(KeYParser.java:878)
	at de.uka.ilkd.key.nparser.builder.AbstractBuilder.lambda$mapOf$0(AbstractBuilder.java:112)
	at java.base/java.util.stream.ReferencePipeline$3$1.accept(ReferencePipeline.java:195)
	at java.base/java.util.ArrayList$ArrayListSpliterator.forEachRemaining(ArrayList.java:1655)
	at java.base/java.util.stream.AbstractPipeline.copyInto(AbstractPipeline.java:484)
	at java.base/java.util.stream.AbstractPipeline.wrapAndCopyInto(AbstractPipeline.java:474)
	at java.base/java.util.stream.ReduceOps$ReduceOp.evaluateSequential(ReduceOps.java:913)
	at java.base/java.util.stream.AbstractPipeline.evaluate(AbstractPipeline.java:234)
	at java.base/java.util.stream.ReferencePipeline.collect(ReferencePipeline.java:578)
	at de.uka.ilkd.key.nparser.builder.AbstractBuilder.mapOf(AbstractBuilder.java:112)
	at de.uka.ilkd.key.nparser.builder.IncludeFinder.visitOne_include_statement(IncludeFinder.java:35)
	at de.uka.ilkd.key.nparser.builder.IncludeFinder.visitOne_include_statement(IncludeFinder.java:20)
	at de.uka.ilkd.key.nparser.KeYParser$One_include_statementContext.accept(KeYParser.java:802)
	at org.antlr.v4.runtime.tree.AbstractParseTreeVisitor.visitChildren(AbstractParseTreeVisitor.java:46)
	at de.uka.ilkd.key.nparser.KeYParserBaseVisitor.visitDecls(KeYParserBaseVisitor.java:30)
	at de.uka.ilkd.key.nparser.KeYParser$DeclsContext.accept(KeYParser.java:500)
	at org.antlr.v4.runtime.tree.AbstractParseTreeVisitor.visitChildren(AbstractParseTreeVisitor.java:46)
	at de.uka.ilkd.key.nparser.KeYParserBaseVisitor.visitFile(KeYParserBaseVisitor.java:23)
	at de.uka.ilkd.key.nparser.KeYParser$FileContext.accept(KeYParser.java:306)
	at de.uka.ilkd.key.nparser.KeyAst.accept(KeyAst.java:41)
	at de.uka.ilkd.key.nparser.KeyAst$File.getIncludes(KeyAst.java:76)
	at de.uka.ilkd.key.proof.io.KeYFile.readIncludes(KeYFile.java:208)
	... 14 more
Could not find rule file rules/intRulesCheckedSemantics.key (file: /home/runner/work/key/key/key.core/../key.ui/examples/index/.././standard_key/java_dl/jml-assert/quantor-assume.key; caused by: de.uka.ilkd.key.proof.init.ProofInputException: Could not find rule file rules/intRulesCheckedSemantics.key)
	at de.uka.ilkd.key.control.AbstractUserInterfaceControl.load(AbstractUserInterfaceControl.java:221)
	at de.uka.ilkd.key.control.KeYEnvironment.load(KeYEnvironment.java:251)
	at de.uka.ilkd.key.control.KeYEnvironment.load(KeYEnvironment.java:224)
	at de.uka.ilkd.key.control.KeYEnvironment.load(KeYEnvironment.java:184)
	at de.uka.ilkd.key.control.KeYEnvironment.load(KeYEnvironment.java:261)
	at de.uka.ilkd.key.proof.runallproofs.proofcollection.TestFile.load(TestFile.java:270)
	at de.uka.ilkd.key.proof.runallproofs.proofcollection.TestFile.runKey(TestFile.java:160)
	at de.uka.ilkd.key.proof.runallproofs.proofcollection.ForkedTestFileRunner.main(ForkedTestFileRunner.java:171)
Caused by: de.uka.ilkd.key.proof.init.ProofInputException: Could not find rule file rules/intRulesCheckedSemantics.key
	at de.uka.ilkd.key.proof.io.KeYFile.readIncludes(KeYFile.java:210)
	at de.uka.ilkd.key.proof.init.ProblemInitializer.readIncludes(ProblemInitializer.java:177)
	at de.uka.ilkd.key.proof.init.ProblemInitializer.readEnvInput(ProblemInitializer.java:325)
	at de.uka.ilkd.key.proof.init.ProblemInitializer.prepare(ProblemInitializer.java:449)
	at de.uka.ilkd.key.proof.io.AbstractProblemLoader.createInitConfig(AbstractProblemLoader.java:518)
	at de.uka.ilkd.key.proof.io.AbstractProblemLoader.loadEnvironment(AbstractProblemLoader.java:288)
	at de.uka.ilkd.key.proof.io.AbstractProblemLoader.load(AbstractProblemLoader.java:252)
	at de.uka.ilkd.key.control.AbstractUserInterfaceControl.load(AbstractUserInterfaceControl.java:209)
	... 7 more
Caused by: java.lang.RuntimeException: Could not find rule file rules/intRulesCheckedSemantics.key
	at de.uka.ilkd.key.proof.io.RuleSourceFactory.fromBuiltInRule(RuleSourceFactory.java:32)
	at de.uka.ilkd.key.proof.io.RuleSourceFactory.fromDefaultLocation(RuleSourceFactory.java:21)
	at de.uka.ilkd.key.nparser.builder.IncludeFinder.addInclude(IncludeFinder.java:63)
	at de.uka.ilkd.key.nparser.builder.IncludeFinder.visitOne_include(IncludeFinder.java:43)
	at de.uka.ilkd.key.nparser.builder.IncludeFinder.visitOne_include(IncludeFinder.java:20)
	at de.uka.ilkd.key.nparser.KeYParser$One_includeContext.accept(KeYParser.java:878)
	at de.uka.ilkd.key.nparser.builder.AbstractBuilder.lambda$mapOf$0(AbstractBuilder.java:112)
	at java.base/java.util.stream.ReferencePipeline$3$1.accept(ReferencePipeline.java:195)
	at java.base/java.util.ArrayList$ArrayListSpliterator.forEachRemaining(ArrayList.java:1655)
	at java.base/java.util.stream.AbstractPipeline.copyInto(AbstractPipeline.java:484)
	at java.base/java.util.stream.AbstractPipeline.wrapAndCopyInto(AbstractPipeline.java:474)
	at java.base/java.util.stream.ReduceOps$ReduceOp.evaluateSequential(ReduceOps.java:913)
	at java.base/java.util.stream.AbstractPipeline.evaluate(AbstractPipeline.java:234)
	at java.base/java.util.stream.ReferencePipeline.collect(ReferencePipeline.java:578)
	at de.uka.ilkd.key.nparser.builder.AbstractBuilder.mapOf(AbstractBuilder.java:112)
	at de.uka.ilkd.key.nparser.builder.IncludeFinder.visitOne_include_statement(IncludeFinder.java:35)
	at de.uka.ilkd.key.nparser.builder.IncludeFinder.visitOne_include_statement(IncludeFinder.java:20)
	at de.uka.ilkd.key.nparser.KeYParser$One_include_statementContext.accept(KeYParser.java:802)
	at org.antlr.v4.runtime.tree.AbstractParseTreeVisitor.visitChildren(AbstractParseTreeVisitor.java:46)
	at de.uka.ilkd.key.nparser.KeYParserBaseVisitor.visitDecls(KeYParserBaseVisitor.java:30)
	at de.uka.ilkd.key.nparser.KeYParser$DeclsContext.accept(KeYParser.java:500)
	at org.antlr.v4.runtime.tree.AbstractParseTreeVisitor.visitChildren(AbstractParseTreeVisitor.java:46)
	at de.uka.ilkd.key.nparser.KeYParserBaseVisitor.visitFile(KeYParserBaseVisitor.java:23)
	at de.uka.ilkd.key.nparser.KeYParser$FileContext.accept(KeYParser.java:306)
	at de.uka.ilkd.key.nparser.KeyAst.accept(KeyAst.java:41)
	at de.uka.ilkd.key.nparser.KeyAst$File.getIncludes(KeyAst.java:76)
	at de.uka.ilkd.key.proof.io.KeYFile.readIncludes(KeYFile.java:208)
	... 14 more
Could not find rule file rules/intRulesCheckedSemantics.key (file: /home/runner/work/key/key/key.core/../key.ui/examples/index/.././standard_key/java_dl/jml-assert/model-methods-static-static.key; caused by: de.uka.ilkd.key.proof.init.ProofInputException: Could not find rule file rules/intRulesCheckedSemantics.key)
	at de.uka.ilkd.key.control.AbstractUserInterfaceControl.load(AbstractUserInterfaceControl.java:221)
	at de.uka.ilkd.key.control.KeYEnvironment.load(KeYEnvironment.java:251)
	at de.uka.ilkd.key.control.KeYEnvironment.load(KeYEnvironment.java:224)
	at de.uka.ilkd.key.control.KeYEnvironment.load(KeYEnvironment.java:184)
	at de.uka.ilkd.key.control.KeYEnvironment.load(KeYEnvironment.java:261)
	at de.uka.ilkd.key.proof.runallproofs.proofcollection.TestFile.load(TestFile.java:270)
	at de.uka.ilkd.key.proof.runallproofs.proofcollection.TestFile.runKey(TestFile.java:160)
	at de.uka.ilkd.key.proof.runallproofs.proofcollection.ForkedTestFileRunner.main(ForkedTestFileRunner.java:171)
Caused by: de.uka.ilkd.key.proof.init.ProofInputException: Could not find rule file rules/intRulesCheckedSemantics.key
	at de.uka.ilkd.key.proof.io.KeYFile.readIncludes(KeYFile.java:210)
	at de.uka.ilkd.key.proof.init.ProblemInitializer.readIncludes(ProblemInitializer.java:177)
	at de.uka.ilkd.key.proof.init.ProblemInitializer.readEnvInput(ProblemInitializer.java:325)
	at de.uka.ilkd.key.proof.init.ProblemInitializer.prepare(ProblemInitializer.java:449)
	at de.uka.ilkd.key.proof.io.AbstractProblemLoader.createInitConfig(AbstractProblemLoader.java:518)
	at de.uka.ilkd.key.proof.io.AbstractProblemLoader.loadEnvironment(AbstractProblemLoader.java:288)
	at de.uka.ilkd.key.proof.io.AbstractProblemLoader.load(AbstractProblemLoader.java:252)
	at de.uka.ilkd.key.control.AbstractUserInterfaceControl.load(AbstractUserInterfaceControl.java:209)
	... 7 more
Caused by: java.lang.RuntimeException: Could not find rule file rules/intRulesCheckedSemantics.key
	at de.uka.ilkd.key.proof.io.RuleSourceFactory.fromBuiltInRule(RuleSourceFactory.java:32)
	at de.uka.ilkd.key.proof.io.RuleSourceFactory.fromDefaultLocation(RuleSourceFactory.java:21)
	at de.uka.ilkd.key.nparser.builder.IncludeFinder.addInclude(IncludeFinder.java:63)
	at de.uka.ilkd.key.nparser.builder.IncludeFinder.visitOne_include(IncludeFinder.java:43)
	at de.uka.ilkd.key.nparser.builder.IncludeFinder.visitOne_include(IncludeFinder.java:20)
	at de.uka.ilkd.key.nparser.KeYParser$One_includeContext.accept(KeYParser.java:878)
	at de.uka.ilkd.key.nparser.builder.AbstractBuilder.lambda$mapOf$0(AbstractBuilder.java:112)
	at java.base/java.util.stream.ReferencePipeline$3$1.accept(ReferencePipeline.java:195)
	at java.base/java.util.ArrayList$ArrayListSpliterator.forEachRemaining(ArrayList.java:1655)
	at java.base/java.util.stream.AbstractPipeline.copyInto(AbstractPipeline.java:484)
	at java.base/java.util.stream.AbstractPipeline.wrapAndCopyInto(AbstractPipeline.java:474)
	at java.base/java.util.stream.ReduceOps$ReduceOp.evaluateSequential(ReduceOps.java:913)
	at java.base/java.util.stream.AbstractPipeline.evaluate(AbstractPipeline.java:234)
	at java.base/java.util.stream.ReferencePipeline.collect(ReferencePipeline.java:578)
	at de.uka.ilkd.key.nparser.builder.AbstractBuilder.mapOf(AbstractBuilder.java:112)
	at de.uka.ilkd.key.nparser.builder.IncludeFinder.visitOne_include_statement(IncludeFinder.java:35)
	at de.uka.ilkd.key.nparser.builder.IncludeFinder.visitOne_include_statement(IncludeFinder.java:20)
	at de.uka.ilkd.key.nparser.KeYParser$One_include_statementContext.accept(KeYParser.java:802)
	at org.antlr.v4.runtime.tree.AbstractParseTreeVisitor.visitChildren(AbstractParseTreeVisitor.java:46)
	at de.uka.ilkd.key.nparser.KeYParserBaseVisitor.visitDecls(KeYParserBaseVisitor.java:30)
	at de.uka.ilkd.key.nparser.KeYParser$DeclsContext.accept(KeYParser.java:500)
	at org.antlr.v4.runtime.tree.AbstractParseTreeVisitor.visitChildren(AbstractParseTreeVisitor.java:46)
	at de.uka.ilkd.key.nparser.KeYParserBaseVisitor.visitFile(KeYParserBaseVisitor.java:23)
	at de.uka.ilkd.key.nparser.KeYParser$FileContext.accept(KeYParser.java:306)
	at de.uka.ilkd.key.nparser.KeyAst.accept(KeyAst.java:41)
	at de.uka.ilkd.key.nparser.KeyAst$File.getIncludes(KeyAst.java:76)
	at de.uka.ilkd.key.proof.io.KeYFile.readIncludes(KeYFile.java:208)
	... 14 more
Could not find rule file rules/intRulesCheckedSemantics.key (file: /home/runner/work/key/key/key.core/../key.ui/examples/index/.././standard_key/java_dl/jml-assert/model-methods-instance-static.key; caused by: de.uka.ilkd.key.proof.init.ProofInputException: Could not find rule file rules/intRulesCheckedSemantics.key)
	at de.uka.ilkd.key.control.AbstractUserInterfaceControl.load(AbstractUserInterfaceControl.java:221)
	at de.uka.ilkd.key.control.KeYEnvironment.load(KeYEnvironment.java:251)
	at de.uka.ilkd.key.control.KeYEnvironment.load(KeYEnvironment.java:224)
	at de.uka.ilkd.key.control.KeYEnvironment.load(KeYEnvironment.java:184)
	at de.uka.ilkd.key.control.KeYEnvironment.load(KeYEnvironment.java:261)
	at de.uka.ilkd.key.proof.runallproofs.proofcollection.TestFile.load(TestFile.java:270)
	at de.uka.ilkd.key.proof.runallproofs.proofcollection.TestFile.runKey(TestFile.java:160)
	at de.uka.ilkd.key.proof.runallproofs.proofcollection.ForkedTestFileRunner.main(ForkedTestFileRunner.java:171)
Caused by: de.uka.ilkd.key.proof.init.ProofInputException: Could not find rule file rules/intRulesCheckedSemantics.key
	at de.uka.ilkd.key.proof.io.KeYFile.readIncludes(KeYFile.java:210)
	at de.uka.ilkd.key.proof.init.ProblemInitializer.readIncludes(ProblemInitializer.java:177)
	at de.uka.ilkd.key.proof.init.ProblemInitializer.readEnvInput(ProblemInitializer.java:325)
	at de.uka.ilkd.key.proof.init.ProblemInitializer.prepare(ProblemInitializer.java:449)
	at de.uka.ilkd.key.proof.io.AbstractProblemLoader.createInitConfig(AbstractProblemLoader.java:518)
	at de.uka.ilkd.key.proof.io.AbstractProblemLoader.loadEnvironment(AbstractProblemLoader.java:288)
	at de.uka.ilkd.key.proof.io.AbstractProblemLoader.load(AbstractProblemLoader.java:252)
	at de.uka.ilkd.key.control.AbstractUserInterfaceControl.load(AbstractUserInterfaceControl.java:209)
	... 7 more
Caused by: java.lang.RuntimeException: Could not find rule file rules/intRulesCheckedSemantics.key
	at de.uka.ilkd.key.proof.io.RuleSourceFactory.fromBuiltInRule(RuleSourceFactory.java:32)
	at de.uka.ilkd.key.proof.io.RuleSourceFactory.fromDefaultLocation(RuleSourceFactory.java:21)
	at de.uka.ilkd.key.nparser.builder.IncludeFinder.addInclude(IncludeFinder.java:63)
	at de.uka.ilkd.key.nparser.builder.IncludeFinder.visitOne_include(IncludeFinder.java:43)
	at de.uka.ilkd.key.nparser.builder.IncludeFinder.visitOne_include(IncludeFinder.java:20)
	at de.uka.ilkd.key.nparser.KeYParser$One_includeContext.accept(KeYParser.java:878)
	at de.uka.ilkd.key.nparser.builder.AbstractBuilder.lambda$mapOf$0(AbstractBuilder.java:112)
	at java.base/java.util.stream.ReferencePipeline$3$1.accept(ReferencePipeline.java:195)
	at java.base/java.util.ArrayList$ArrayListSpliterator.forEachRemaining(ArrayList.java:1655)
	at java.base/java.util.stream.AbstractPipeline.copyInto(AbstractPipeline.java:484)
	at java.base/java.util.stream.AbstractPipeline.wrapAndCopyInto(AbstractPipeline.java:474)
	at java.base/java.util.stream.ReduceOps$ReduceOp.evaluateSequential(ReduceOps.java:913)
	at java.base/java.util.stream.AbstractPipeline.evaluate(AbstractPipeline.java:234)
	at java.base/java.util.stream.ReferencePipeline.collect(ReferencePipeline.java:578)
	at de.uka.ilkd.key.nparser.builder.AbstractBuilder.mapOf(AbstractBuilder.java:112)
	at de.uka.ilkd.key.nparser.builder.IncludeFinder.visitOne_include_statement(IncludeFinder.java:35)
	at de.uka.ilkd.key.nparser.builder.IncludeFinder.visitOne_include_statement(IncludeFinder.java:20)
	at de.uka.ilkd.key.nparser.KeYParser$One_include_statementContext.accept(KeYParser.java:802)
	at org.antlr.v4.runtime.tree.AbstractParseTreeVisitor.visitChildren(AbstractParseTreeVisitor.java:46)
	at de.uka.ilkd.key.nparser.KeYParserBaseVisitor.visitDecls(KeYParserBaseVisitor.java:30)
	at de.uka.ilkd.key.nparser.KeYParser$DeclsContext.accept(KeYParser.java:500)
	at org.antlr.v4.runtime.tree.AbstractParseTreeVisitor.visitChildren(AbstractParseTreeVisitor.java:46)
	at de.uka.ilkd.key.nparser.KeYParserBaseVisitor.visitFile(KeYParserBaseVisitor.java:23)
	at de.uka.ilkd.key.nparser.KeYParser$FileContext.accept(KeYParser.java:306)
	at de.uka.ilkd.key.nparser.KeyAst.accept(KeyAst.java:41)
	at de.uka.ilkd.key.nparser.KeyAst$File.getIncludes(KeyAst.java:76)
	at de.uka.ilkd.key.proof.io.KeYFile.readIncludes(KeYFile.java:208)
	... 14 more
Could not find rule file rules/intRulesCheckedSemantics.key (file: /home/runner/work/key/key/key.core/../key.ui/examples/index/.././standard_key/java_dl/jml-assert/model-methods-instance-instance.key; caused by: de.uka.ilkd.key.proof.init.ProofInputException: Could not find rule file rules/intRulesCheckedSemantics.key)
	at de.uka.ilkd.key.control.AbstractUserInterfaceControl.load(AbstractUserInterfaceControl.java:221)
	at de.uka.ilkd.key.control.KeYEnvironment.load(KeYEnvironment.java:251)
	at de.uka.ilkd.key.control.KeYEnvironment.load(KeYEnvironment.java:224)
	at de.uka.ilkd.key.control.KeYEnvironment.load(KeYEnvironment.java:184)
	at de.uka.ilkd.key.control.KeYEnvironment.load(KeYEnvironment.java:261)
	at de.uka.ilkd.key.proof.runallproofs.proofcollection.TestFile.load(TestFile.java:270)
	at de.uka.ilkd.key.proof.runallproofs.proofcollection.TestFile.runKey(TestFile.java:160)
	at de.uka.ilkd.key.proof.runallproofs.proofcollection.ForkedTestFileRunner.main(ForkedTestFileRunner.java:171)
Caused by: de.uka.ilkd.key.proof.init.ProofInputException: Could not find rule file rules/intRulesCheckedSemantics.key
	at de.uka.ilkd.key.proof.io.KeYFile.readIncludes(KeYFile.java:210)
	at de.uka.ilkd.key.proof.init.ProblemInitializer.readIncludes(ProblemInitializer.java:177)
	at de.uka.ilkd.key.proof.init.ProblemInitializer.readEnvInput(ProblemInitializer.java:325)
	at de.uka.ilkd.key.proof.init.ProblemInitializer.prepare(ProblemInitializer.java:449)
	at de.uka.ilkd.key.proof.io.AbstractProblemLoader.createInitConfig(AbstractProblemLoader.java:518)
	at de.uka.ilkd.key.proof.io.AbstractProblemLoader.loadEnvironment(AbstractProblemLoader.java:288)
	at de.uka.ilkd.key.proof.io.AbstractProblemLoader.load(AbstractProblemLoader.java:252)
	at de.uka.ilkd.key.control.AbstractUserInterfaceControl.load(AbstractUserInterfaceControl.java:209)
	... 7 more
Caused by: java.lang.RuntimeException: Could not find rule file rules/intRulesCheckedSemantics.key
	at de.uka.ilkd.key.proof.io.RuleSourceFactory.fromBuiltInRule(RuleSourceFactory.java:32)
	at de.uka.ilkd.key.proof.io.RuleSourceFactory.fromDefaultLocation(RuleSourceFactory.java:21)
	at de.uka.ilkd.key.nparser.builder.IncludeFinder.addInclude(IncludeFinder.java:63)
	at de.uka.ilkd.key.nparser.builder.IncludeFinder.visitOne_include(IncludeFinder.java:43)
	at de.uka.ilkd.key.nparser.builder.IncludeFinder.visitOne_include(IncludeFinder.java:20)
	at de.uka.ilkd.key.nparser.KeYParser$One_includeContext.accept(KeYParser.java:878)
	at de.uka.ilkd.key.nparser.builder.AbstractBuilder.lambda$mapOf$0(AbstractBuilder.java:112)
	at java.base/java.util.stream.ReferencePipeline$3$1.accept(ReferencePipeline.java:195)
	at java.base/java.util.ArrayList$ArrayListSpliterator.forEachRemaining(ArrayList.java:1655)
	at java.base/java.util.stream.AbstractPipeline.copyInto(AbstractPipeline.java:484)
	at java.base/java.util.stream.AbstractPipeline.wrapAndCopyInto(AbstractPipeline.java:474)
	at java.base/java.util.stream.ReduceOps$ReduceOp.evaluateSequential(ReduceOps.java:913)
	at java.base/java.util.stream.AbstractPipeline.evaluate(AbstractPipeline.java:234)
	at java.base/java.util.stream.ReferencePipeline.collect(ReferencePipeline.java:578)
	at de.uka.ilkd.key.nparser.builder.AbstractBuilder.mapOf(AbstractBuilder.java:112)
	at de.uka.ilkd.key.nparser.builder.IncludeFinder.visitOne_include_statement(IncludeFinder.java:35)
	at de.uka.ilkd.key.nparser.builder.IncludeFinder.visitOne_include_statement(IncludeFinder.java:20)
	at de.uka.ilkd.key.nparser.KeYParser$One_include_statementContext.accept(KeYParser.java:802)
	at org.antlr.v4.runtime.tree.AbstractParseTreeVisitor.visitChildren(AbstractParseTreeVisitor.java:46)
	at de.uka.ilkd.key.nparser.KeYParserBaseVisitor.visitDecls(KeYParserBaseVisitor.java:30)
	at de.uka.ilkd.key.nparser.KeYParser$DeclsContext.accept(KeYParser.java:500)
	at org.antlr.v4.runtime.tree.AbstractParseTreeVisitor.visitChildren(AbstractParseTreeVisitor.java:46)
	at de.uka.ilkd.key.nparser.KeYParserBaseVisitor.visitFile(KeYParserBaseVisitor.java:23)
	at de.uka.ilkd.key.nparser.KeYParser$FileContext.accept(KeYParser.java:306)
	at de.uka.ilkd.key.nparser.KeyAst.accept(KeyAst.java:41)
	at de.uka.ilkd.key.nparser.KeyAst$File.getIncludes(KeyAst.java:76)
	at de.uka.ilkd.key.proof.io.KeYFile.readIncludes(KeYFile.java:208)
	... 14 more
Could not find rule file rules/intRulesCheckedSemantics.key (file: /home/runner/work/key/key/key.core/../key.ui/examples/index/.././standard_key/java_dl/jml-assert/model-methods-static-instance.key; caused by: de.uka.ilkd.key.proof.init.ProofInputException: Could not find rule file rules/intRulesCheckedSemantics.key)
	at de.uka.ilkd.key.control.AbstractUserInterfaceControl.load(AbstractUserInterfaceControl.java:221)
	at de.uka.ilkd.key.control.KeYEnvironment.load(KeYEnvironment.java:251)
	at de.uka.ilkd.key.control.KeYEnvironment.load(KeYEnvironment.java:224)
	at de.uka.ilkd.key.control.KeYEnvironment.load(KeYEnvironment.java:184)
	at de.uka.ilkd.key.control.KeYEnvironment.load(KeYEnvironment.java:261)
	at de.uka.ilkd.key.proof.runallproofs.proofcollection.TestFile.load(TestFile.java:270)
	at de.uka.ilkd.key.proof.runallproofs.proofcollection.TestFile.runKey(TestFile.java:160)
	at de.uka.ilkd.key.proof.runallproofs.proofcollection.ForkedTestFileRunner.main(ForkedTestFileRunner.java:171)
Caused by: de.uka.ilkd.key.proof.init.ProofInputException: Could not find rule file rules/intRulesCheckedSemantics.key
	at de.uka.ilkd.key.proof.io.KeYFile.readIncludes(KeYFile.java:210)
	at de.uka.ilkd.key.proof.init.ProblemInitializer.readIncludes(ProblemInitializer.java:177)
	at de.uka.ilkd.key.proof.init.ProblemInitializer.readEnvInput(ProblemInitializer.java:325)
	at de.uka.ilkd.key.proof.init.ProblemInitializer.prepare(ProblemInitializer.java:449)
	at de.uka.ilkd.key.proof.io.AbstractProblemLoader.createInitConfig(AbstractProblemLoader.java:518)
	at de.uka.ilkd.key.proof.io.AbstractProblemLoader.loadEnvironment(AbstractProblemLoader.java:288)
	at de.uka.ilkd.key.proof.io.AbstractProblemLoader.load(AbstractProblemLoader.java:252)
	at de.uka.ilkd.key.control.AbstractUserInterfaceControl.load(AbstractUserInterfaceControl.java:209)
	... 7 more
Caused by: java.lang.RuntimeException: Could not find rule file rules/intRulesCheckedSemantics.key
	at de.uka.ilkd.key.proof.io.RuleSourceFactory.fromBuiltInRule(RuleSourceFactory.java:32)
	at de.uka.ilkd.key.proof.io.RuleSourceFactory.fromDefaultLocation(RuleSourceFactory.java:21)
	at de.uka.ilkd.key.nparser.builder.IncludeFinder.addInclude(IncludeFinder.java:63)
	at de.uka.ilkd.key.nparser.builder.IncludeFinder.visitOne_include(IncludeFinder.java:43)
	at de.uka.ilkd.key.nparser.builder.IncludeFinder.visitOne_include(IncludeFinder.java:20)
	at de.uka.ilkd.key.nparser.KeYParser$One_includeContext.accept(KeYParser.java:878)
	at de.uka.ilkd.key.nparser.builder.AbstractBuilder.lambda$mapOf$0(AbstractBuilder.java:112)
	at java.base/java.util.stream.ReferencePipeline$3$1.accept(ReferencePipeline.java:195)
	at java.base/java.util.ArrayList$ArrayListSpliterator.forEachRemaining(ArrayList.java:1655)
	at java.base/java.util.stream.AbstractPipeline.copyInto(AbstractPipeline.java:484)
	at java.base/java.util.stream.AbstractPipeline.wrapAndCopyInto(AbstractPipeline.java:474)
	at java.base/java.util.stream.ReduceOps$ReduceOp.evaluateSequential(ReduceOps.java:913)
	at java.base/java.util.stream.AbstractPipeline.evaluate(AbstractPipeline.java:234)
	at java.base/java.util.stream.ReferencePipeline.collect(ReferencePipeline.java:578)
	at de.uka.ilkd.key.nparser.builder.AbstractBuilder.mapOf(AbstractBuilder.java:112)
	at de.uka.ilkd.key.nparser.builder.IncludeFinder.visitOne_include_statement(IncludeFinder.java:35)
	at de.uka.ilkd.key.nparser.builder.IncludeFinder.visitOne_include_statement(IncludeFinder.java:20)
	at de.uka.ilkd.key.nparser.KeYParser$One_include_statementContext.accept(KeYParser.java:802)
	at org.antlr.v4.runtime.tree.AbstractParseTreeVisitor.visitChildren(AbstractParseTreeVisitor.java:46)
	at de.uka.ilkd.key.nparser.KeYParserBaseVisitor.visitDecls(KeYParserBaseVisitor.java:30)
	at de.uka.ilkd.key.nparser.KeYParser$DeclsContext.accept(KeYParser.java:500)
	at org.antlr.v4.runtime.tree.AbstractParseTreeVisitor.visitChildren(AbstractParseTreeVisitor.java:46)
	at de.uka.ilkd.key.nparser.KeYParserBaseVisitor.visitFile(KeYParserBaseVisitor.java:23)
	at de.uka.ilkd.key.nparser.KeYParser$FileContext.accept(KeYParser.java:306)
	at de.uka.ilkd.key.nparser.KeyAst.accept(KeyAst.java:41)
	at de.uka.ilkd.key.nparser.KeyAst$File.getIncludes(KeyAst.java:76)
	at de.uka.ilkd.key.proof.io.KeYFile.readIncludes(KeYFile.java:208)
	... 14 more
Could not find rule file rules/intRulesCheckedSemantics.key (file: /home/runner/work/key/key/key.core/../key.ui/examples/index/.././standard_key/java_dl/jml-assert/assert-old/inc-field.key; caused by: de.uka.ilkd.key.proof.init.ProofInputException: Could not find rule file rules/intRulesCheckedSemantics.key)
	at de.uka.ilkd.key.control.AbstractUserInterfaceControl.load(AbstractUserInterfaceControl.java:221)
	at de.uka.ilkd.key.control.KeYEnvironment.load(KeYEnvironment.java:251)
	at de.uka.ilkd.key.control.KeYEnvironment.load(KeYEnvironment.java:224)
	at de.uka.ilkd.key.control.KeYEnvironment.load(KeYEnvironment.java:184)
	at de.uka.ilkd.key.control.KeYEnvironment.load(KeYEnvironment.java:261)
	at de.uka.ilkd.key.proof.runallproofs.proofcollection.TestFile.load(TestFile.java:270)
	at de.uka.ilkd.key.proof.runallproofs.proofcollection.TestFile.runKey(TestFile.java:160)
	at de.uka.ilkd.key.proof.runallproofs.proofcollection.ForkedTestFileRunner.main(ForkedTestFileRunner.java:171)
Caused by: de.uka.ilkd.key.proof.init.ProofInputException: Could not find rule file rules/intRulesCheckedSemantics.key
	at de.uka.ilkd.key.proof.io.KeYFile.readIncludes(KeYFile.java:210)
	at de.uka.ilkd.key.proof.init.ProblemInitializer.readIncludes(ProblemInitializer.java:177)
	at de.uka.ilkd.key.proof.init.ProblemInitializer.readEnvInput(ProblemInitializer.java:325)
	at de.uka.ilkd.key.proof.init.ProblemInitializer.prepare(ProblemInitializer.java:449)
	at de.uka.ilkd.key.proof.io.AbstractProblemLoader.createInitConfig(AbstractProblemLoader.java:518)
	at de.uka.ilkd.key.proof.io.AbstractProblemLoader.loadEnvironment(AbstractProblemLoader.java:288)
	at de.uka.ilkd.key.proof.io.AbstractProblemLoader.load(AbstractProblemLoader.java:252)
	at de.uka.ilkd.key.control.AbstractUserInterfaceControl.load(AbstractUserInterfaceControl.java:209)
	... 7 more
Caused by: java.lang.RuntimeException: Could not find rule file rules/intRulesCheckedSemantics.key
	at de.uka.ilkd.key.proof.io.RuleSourceFactory.fromBuiltInRule(RuleSourceFactory.java:32)
	at de.uka.ilkd.key.proof.io.RuleSourceFactory.fromDefaultLocation(RuleSourceFactory.java:21)
	at de.uka.ilkd.key.nparser.builder.IncludeFinder.addInclude(IncludeFinder.java:63)
	at de.uka.ilkd.key.nparser.builder.IncludeFinder.visitOne_include(IncludeFinder.java:43)
	at de.uka.ilkd.key.nparser.builder.IncludeFinder.visitOne_include(IncludeFinder.java:20)
	at de.uka.ilkd.key.nparser.KeYParser$One_includeContext.accept(KeYParser.java:878)
	at de.uka.ilkd.key.nparser.builder.AbstractBuilder.lambda$mapOf$0(AbstractBuilder.java:112)
	at java.base/java.util.stream.ReferencePipeline$3$1.accept(ReferencePipeline.java:195)
	at java.base/java.util.ArrayList$ArrayListSpliterator.forEachRemaining(ArrayList.java:1655)
	at java.base/java.util.stream.AbstractPipeline.copyInto(AbstractPipeline.java:484)
	at java.base/java.util.stream.AbstractPipeline.wrapAndCopyInto(AbstractPipeline.java:474)
	at java.base/java.util.stream.ReduceOps$ReduceOp.evaluateSequential(ReduceOps.java:913)
	at java.base/java.util.stream.AbstractPipeline.evaluate(AbstractPipeline.java:234)
	at java.base/java.util.stream.ReferencePipeline.collect(ReferencePipeline.java:578)
	at de.uka.ilkd.key.nparser.builder.AbstractBuilder.mapOf(AbstractBuilder.java:112)
	at de.uka.ilkd.key.nparser.builder.IncludeFinder.visitOne_include_statement(IncludeFinder.java:35)
	at de.uka.ilkd.key.nparser.builder.IncludeFinder.visitOne_include_statement(IncludeFinder.java:20)
	at de.uka.ilkd.key.nparser.KeYParser$One_include_statementContext.accept(KeYParser.java:802)
	at org.antlr.v4.runtime.tree.AbstractParseTreeVisitor.visitChildren(AbstractParseTreeVisitor.java:46)
	at de.uka.ilkd.key.nparser.KeYParserBaseVisitor.visitDecls(KeYParserBaseVisitor.java:30)
	at de.uka.ilkd.key.nparser.KeYParser$DeclsContext.accept(KeYParser.java:500)
	at org.antlr.v4.runtime.tree.AbstractParseTreeVisitor.visitChildren(AbstractParseTreeVisitor.java:46)
	at de.uka.ilkd.key.nparser.KeYParserBaseVisitor.visitFile(KeYParserBaseVisitor.java:23)
	at de.uka.ilkd.key.nparser.KeYParser$FileContext.accept(KeYParser.java:306)
	at de.uka.ilkd.key.nparser.KeyAst.accept(KeyAst.java:41)
	at de.uka.ilkd.key.nparser.KeyAst$File.getIncludes(KeyAst.java:76)
	at de.uka.ilkd.key.proof.io.KeYFile.readIncludes(KeYFile.java:208)
	... 14 more
Could not find rule file rules/intRulesCheckedSemantics.key (file: /home/runner/work/key/key/key.core/../key.ui/examples/index/.././standard_key/java_dl/jml-assert/assert-old/inc-parameter.key; caused by: de.uka.ilkd.key.proof.init.ProofInputException: Could not find rule file rules/intRulesCheckedSemantics.key)
	at de.uka.ilkd.key.control.AbstractUserInterfaceControl.load(AbstractUserInterfaceControl.java:221)
	at de.uka.ilkd.key.control.KeYEnvironment.load(KeYEnvironment.java:251)
	at de.uka.ilkd.key.control.KeYEnvironment.load(KeYEnvironment.java:224)
	at de.uka.ilkd.key.control.KeYEnvironment.load(KeYEnvironment.java:184)
	at de.uka.ilkd.key.control.KeYEnvironment.load(KeYEnvironment.java:261)
	at de.uka.ilkd.key.proof.runallproofs.proofcollection.TestFile.load(TestFile.java:270)
	at de.uka.ilkd.key.proof.runallproofs.proofcollection.TestFile.runKey(TestFile.java:160)
	at de.uka.ilkd.key.proof.runallproofs.proofcollection.ForkedTestFileRunner.main(ForkedTestFileRunner.java:171)
Caused by: de.uka.ilkd.key.proof.init.ProofInputException: Could not find rule file rules/intRulesCheckedSemantics.key
	at de.uka.ilkd.key.proof.io.KeYFile.readIncludes(KeYFile.java:210)
	at de.uka.ilkd.key.proof.init.ProblemInitializer.readIncludes(ProblemInitializer.java:177)
	at de.uka.ilkd.key.proof.init.ProblemInitializer.readEnvInput(ProblemInitializer.java:325)
	at de.uka.ilkd.key.proof.init.ProblemInitializer.prepare(ProblemInitializer.java:449)
	at de.uka.ilkd.key.proof.io.AbstractProblemLoader.createInitConfig(AbstractProblemLoader.java:518)
	at de.uka.ilkd.key.proof.io.AbstractProblemLoader.loadEnvironment(AbstractProblemLoader.java:288)
	at de.uka.ilkd.key.proof.io.AbstractProblemLoader.load(AbstractProblemLoader.java:252)
	at de.uka.ilkd.key.control.AbstractUserInterfaceControl.load(AbstractUserInterfaceControl.java:209)
	... 7 more
Caused by: java.lang.RuntimeException: Could not find rule file rules/intRulesCheckedSemantics.key
	at de.uka.ilkd.key.proof.io.RuleSourceFactory.fromBuiltInRule(RuleSourceFactory.java:32)
	at de.uka.ilkd.key.proof.io.RuleSourceFactory.fromDefaultLocation(RuleSourceFactory.java:21)
	at de.uka.ilkd.key.nparser.builder.IncludeFinder.addInclude(IncludeFinder.java:63)
	at de.uka.ilkd.key.nparser.builder.IncludeFinder.visitOne_include(IncludeFinder.java:43)
	at de.uka.ilkd.key.nparser.builder.IncludeFinder.visitOne_include(IncludeFinder.java:20)
	at de.uka.ilkd.key.nparser.KeYParser$One_includeContext.accept(KeYParser.java:878)
	at de.uka.ilkd.key.nparser.builder.AbstractBuilder.lambda$mapOf$0(AbstractBuilder.java:112)
	at java.base/java.util.stream.ReferencePipeline$3$1.accept(ReferencePipeline.java:195)
	at java.base/java.util.ArrayList$ArrayListSpliterator.forEachRemaining(ArrayList.java:1655)
	at java.base/java.util.stream.AbstractPipeline.copyInto(AbstractPipeline.java:484)
	at java.base/java.util.stream.AbstractPipeline.wrapAndCopyInto(AbstractPipeline.java:474)
	at java.base/java.util.stream.ReduceOps$ReduceOp.evaluateSequential(ReduceOps.java:913)
	at java.base/java.util.stream.AbstractPipeline.evaluate(AbstractPipeline.java:234)
	at java.base/java.util.stream.ReferencePipeline.collect(ReferencePipeline.java:578)
	at de.uka.ilkd.key.nparser.builder.AbstractBuilder.mapOf(AbstractBuilder.java:112)
	at de.uka.ilkd.key.nparser.builder.IncludeFinder.visitOne_include_statement(IncludeFinder.java:35)
	at de.uka.ilkd.key.nparser.builder.IncludeFinder.visitOne_include_statement(IncludeFinder.java:20)
	at de.uka.ilkd.key.nparser.KeYParser$One_include_statementContext.accept(KeYParser.java:802)
	at org.antlr.v4.runtime.tree.AbstractParseTreeVisitor.visitChildren(AbstractParseTreeVisitor.java:46)
	at de.uka.ilkd.key.nparser.KeYParserBaseVisitor.visitDecls(KeYParserBaseVisitor.java:30)
	at de.uka.ilkd.key.nparser.KeYParser$DeclsContext.accept(KeYParser.java:500)
	at org.antlr.v4.runtime.tree.AbstractParseTreeVisitor.visitChildren(AbstractParseTreeVisitor.java:46)
	at de.uka.ilkd.key.nparser.KeYParserBaseVisitor.visitFile(KeYParserBaseVisitor.java:23)
	at de.uka.ilkd.key.nparser.KeYParser$FileContext.accept(KeYParser.java:306)
	at de.uka.ilkd.key.nparser.KeyAst.accept(KeyAst.java:41)
	at de.uka.ilkd.key.nparser.KeyAst$File.getIncludes(KeyAst.java:76)
	at de.uka.ilkd.key.proof.io.KeYFile.readIncludes(KeYFile.java:208)
	... 14 more
Could not find rule file rules/intRulesCheckedSemantics.key (file: /home/runner/work/key/key/key.core/../key.ui/examples/index/.././standard_key/java_dl/jml-assert/assert-old/inc-parameter-field.key; caused by: de.uka.ilkd.key.proof.init.ProofInputException: Could not find rule file rules/intRulesCheckedSemantics.key)
	at de.uka.ilkd.key.control.AbstractUserInterfaceControl.load(AbstractUserInterfaceControl.java:221)
	at de.uka.ilkd.key.control.KeYEnvironment.load(KeYEnvironment.java:251)
	at de.uka.ilkd.key.control.KeYEnvironment.load(KeYEnvironment.java:224)
	at de.uka.ilkd.key.control.KeYEnvironment.load(KeYEnvironment.java:184)
	at de.uka.ilkd.key.control.KeYEnvironment.load(KeYEnvironment.java:261)
	at de.uka.ilkd.key.proof.runallproofs.proofcollection.TestFile.load(TestFile.java:270)
	at de.uka.ilkd.key.proof.runallproofs.proofcollection.TestFile.runKey(TestFile.java:160)
	at de.uka.ilkd.key.proof.runallproofs.proofcollection.ForkedTestFileRunner.main(ForkedTestFileRunner.java:171)
Caused by: de.uka.ilkd.key.proof.init.ProofInputException: Could not find rule file rules/intRulesCheckedSemantics.key
	at de.uka.ilkd.key.proof.io.KeYFile.readIncludes(KeYFile.java:210)
	at de.uka.ilkd.key.proof.init.ProblemInitializer.readIncludes(ProblemInitializer.java:177)
	at de.uka.ilkd.key.proof.init.ProblemInitializer.readEnvInput(ProblemInitializer.java:325)
	at de.uka.ilkd.key.proof.init.ProblemInitializer.prepare(ProblemInitializer.java:449)
	at de.uka.ilkd.key.proof.io.AbstractProblemLoader.createInitConfig(AbstractProblemLoader.java:518)
	at de.uka.ilkd.key.proof.io.AbstractProblemLoader.loadEnvironment(AbstractProblemLoader.java:288)
	at de.uka.ilkd.key.proof.io.AbstractProblemLoader.load(AbstractProblemLoader.java:252)
	at de.uka.ilkd.key.control.AbstractUserInterfaceControl.load(AbstractUserInterfaceControl.java:209)
	... 7 more
Caused by: java.lang.RuntimeException: Could not find rule file rules/intRulesCheckedSemantics.key
	at de.uka.ilkd.key.proof.io.RuleSourceFactory.fromBuiltInRule(RuleSourceFactory.java:32)
	at de.uka.ilkd.key.proof.io.RuleSourceFactory.fromDefaultLocation(RuleSourceFactory.java:21)
	at de.uka.ilkd.key.nparser.builder.IncludeFinder.addInclude(IncludeFinder.java:63)
	at de.uka.ilkd.key.nparser.builder.IncludeFinder.visitOne_include(IncludeFinder.java:43)
	at de.uka.ilkd.key.nparser.builder.IncludeFinder.visitOne_include(IncludeFinder.java:20)
	at de.uka.ilkd.key.nparser.KeYParser$One_includeContext.accept(KeYParser.java:878)
	at de.uka.ilkd.key.nparser.builder.AbstractBuilder.lambda$mapOf$0(AbstractBuilder.java:112)
	at java.base/java.util.stream.ReferencePipeline$3$1.accept(ReferencePipeline.java:195)
	at java.base/java.util.ArrayList$ArrayListSpliterator.forEachRemaining(ArrayList.java:1655)
	at java.base/java.util.stream.AbstractPipeline.copyInto(AbstractPipeline.java:484)
	at java.base/java.util.stream.AbstractPipeline.wrapAndCopyInto(AbstractPipeline.java:474)
	at java.base/java.util.stream.ReduceOps$ReduceOp.evaluateSequential(ReduceOps.java:913)
	at java.base/java.util.stream.AbstractPipeline.evaluate(AbstractPipeline.java:234)
	at java.base/java.util.stream.ReferencePipeline.collect(ReferencePipeline.java:578)
	at de.uka.ilkd.key.nparser.builder.AbstractBuilder.mapOf(AbstractBuilder.java:112)
	at de.uka.ilkd.key.nparser.builder.IncludeFinder.visitOne_include_statement(IncludeFinder.java:35)
	at de.uka.ilkd.key.nparser.builder.IncludeFinder.visitOne_include_statement(IncludeFinder.java:20)
	at de.uka.ilkd.key.nparser.KeYParser$One_include_statementContext.accept(KeYParser.java:802)
	at org.antlr.v4.runtime.tree.AbstractParseTreeVisitor.visitChildren(AbstractParseTreeVisitor.java:46)
	at de.uka.ilkd.key.nparser.KeYParserBaseVisitor.visitDecls(KeYParserBaseVisitor.java:30)
	at de.uka.ilkd.key.nparser.KeYParser$DeclsContext.accept(KeYParser.java:500)
	at org.antlr.v4.runtime.tree.AbstractParseTreeVisitor.visitChildren(AbstractParseTreeVisitor.java:46)
	at de.uka.ilkd.key.nparser.KeYParserBaseVisitor.visitFile(KeYParserBaseVisitor.java:23)
	at de.uka.ilkd.key.nparser.KeYParser$FileContext.accept(KeYParser.java:306)
	at de.uka.ilkd.key.nparser.KeyAst.accept(KeyAst.java:41)
	at de.uka.ilkd.key.nparser.KeyAst$File.getIncludes(KeyAst.java:76)
	at de.uka.ilkd.key.proof.io.KeYFile.readIncludes(KeYFile.java:208)
	... 14 more
Could not find rule file rules/intRulesCheckedSemantics.key (file: /home/runner/work/key/key/key.core/../key.ui/examples/index/.././standard_key/java_dl/jml-assert/assert-old/inc-ghost-field.key; caused by: de.uka.ilkd.key.proof.init.ProofInputException: Could not find rule file rules/intRulesCheckedSemantics.key)
	at de.uka.ilkd.key.control.AbstractUserInterfaceControl.load(AbstractUserInterfaceControl.java:221)
	at de.uka.ilkd.key.control.KeYEnvironment.load(KeYEnvironment.java:251)
	at de.uka.ilkd.key.control.KeYEnvironment.load(KeYEnvironment.java:224)
	at de.uka.ilkd.key.control.KeYEnvironment.load(KeYEnvironment.java:184)
	at de.uka.ilkd.key.control.KeYEnvironment.load(KeYEnvironment.java:261)
	at de.uka.ilkd.key.proof.runallproofs.proofcollection.TestFile.load(TestFile.java:270)
	at de.uka.ilkd.key.proof.runallproofs.proofcollection.TestFile.runKey(TestFile.java:160)
	at de.uka.ilkd.key.proof.runallproofs.proofcollection.ForkedTestFileRunner.main(ForkedTestFileRunner.java:171)
Caused by: de.uka.ilkd.key.proof.init.ProofInputException: Could not find rule file rules/intRulesCheckedSemantics.key
	at de.uka.ilkd.key.proof.io.KeYFile.readIncludes(KeYFile.java:210)
	at de.uka.ilkd.key.proof.init.ProblemInitializer.readIncludes(ProblemInitializer.java:177)
	at de.uka.ilkd.key.proof.init.ProblemInitializer.readEnvInput(ProblemInitializer.java:325)
	at de.uka.ilkd.key.proof.init.ProblemInitializer.prepare(ProblemInitializer.java:449)
	at de.uka.ilkd.key.proof.io.AbstractProblemLoader.createInitConfig(AbstractProblemLoader.java:518)
	at de.uka.ilkd.key.proof.io.AbstractProblemLoader.loadEnvironment(AbstractProblemLoader.java:288)
	at de.uka.ilkd.key.proof.io.AbstractProblemLoader.load(AbstractProblemLoader.java:252)
	at de.uka.ilkd.key.control.AbstractUserInterfaceControl.load(AbstractUserInterfaceControl.java:209)
	... 7 more
Caused by: java.lang.RuntimeException: Could not find rule file rules/intRulesCheckedSemantics.key
	at de.uka.ilkd.key.proof.io.RuleSourceFactory.fromBuiltInRule(RuleSourceFactory.java:32)
	at de.uka.ilkd.key.proof.io.RuleSourceFactory.fromDefaultLocation(RuleSourceFactory.java:21)
	at de.uka.ilkd.key.nparser.builder.IncludeFinder.addInclude(IncludeFinder.java:63)
	at de.uka.ilkd.key.nparser.builder.IncludeFinder.visitOne_include(IncludeFinder.java:43)
	at de.uka.ilkd.key.nparser.builder.IncludeFinder.visitOne_include(IncludeFinder.java:20)
	at de.uka.ilkd.key.nparser.KeYParser$One_includeContext.accept(KeYParser.java:878)
	at de.uka.ilkd.key.nparser.builder.AbstractBuilder.lambda$mapOf$0(AbstractBuilder.java:112)
	at java.base/java.util.stream.ReferencePipeline$3$1.accept(ReferencePipeline.java:195)
	at java.base/java.util.ArrayList$ArrayListSpliterator.forEachRemaining(ArrayList.java:1655)
	at java.base/java.util.stream.AbstractPipeline.copyInto(AbstractPipeline.java:484)
	at java.base/java.util.stream.AbstractPipeline.wrapAndCopyInto(AbstractPipeline.java:474)
	at java.base/java.util.stream.ReduceOps$ReduceOp.evaluateSequential(ReduceOps.java:913)
	at java.base/java.util.stream.AbstractPipeline.evaluate(AbstractPipeline.java:234)
	at java.base/java.util.stream.ReferencePipeline.collect(ReferencePipeline.java:578)
	at de.uka.ilkd.key.nparser.builder.AbstractBuilder.mapOf(AbstractBuilder.java:112)
	at de.uka.ilkd.key.nparser.builder.IncludeFinder.visitOne_include_statement(IncludeFinder.java:35)
	at de.uka.ilkd.key.nparser.builder.IncludeFinder.visitOne_include_statement(IncludeFinder.java:20)
	at de.uka.ilkd.key.nparser.KeYParser$One_include_statementContext.accept(KeYParser.java:802)
	at org.antlr.v4.runtime.tree.AbstractParseTreeVisitor.visitChildren(AbstractParseTreeVisitor.java:46)
	at de.uka.ilkd.key.nparser.KeYParserBaseVisitor.visitDecls(KeYParserBaseVisitor.java:30)
	at de.uka.ilkd.key.nparser.KeYParser$DeclsContext.accept(KeYParser.java:500)
	at org.antlr.v4.runtime.tree.AbstractParseTreeVisitor.visitChildren(AbstractParseTreeVisitor.java:46)
	at de.uka.ilkd.key.nparser.KeYParserBaseVisitor.visitFile(KeYParserBaseVisitor.java:23)
	at de.uka.ilkd.key.nparser.KeYParser$FileContext.accept(KeYParser.java:306)
	at de.uka.ilkd.key.nparser.KeyAst.accept(KeyAst.java:41)
	at de.uka.ilkd.key.nparser.KeyAst$File.getIncludes(KeyAst.java:76)
	at de.uka.ilkd.key.proof.io.KeYFile.readIncludes(KeYFile.java:208)
	... 14 more
Exception in thread "main" org.opentest4j.AssertionFailedError: Exception during the execution of proofs. See log for more details.
	at org.junit.jupiter.api.AssertionUtils.fail(AssertionUtils.java:39)
	at org.junit.jupiter.api.Assertions.fail(Assertions.java:134)
	at de.uka.ilkd.key.proof.runallproofs.proofcollection.ForkedTestFileRunner.main(ForkedTestFileRunner.java:192)
Timeout watcher launched (2000 secs.)
Could not find rule file rules/intRulesCheckedSemantics.key (file: /home/runner/work/key/key/key.core/../key.ui/examples/index/.././heap/javacard/updateBalance0.key; caused by: de.uka.ilkd.key.proof.init.ProofInputException: Could not find rule file rules/intRulesCheckedSemantics.key)
	at de.uka.ilkd.key.control.AbstractUserInterfaceControl.load(AbstractUserInterfaceControl.java:221)
	at de.uka.ilkd.key.control.KeYEnvironment.load(KeYEnvironment.java:251)
	at de.uka.ilkd.key.control.KeYEnvironment.load(KeYEnvironment.java:224)
	at de.uka.ilkd.key.control.KeYEnvironment.load(KeYEnvironment.java:184)
	at de.uka.ilkd.key.control.KeYEnvironment.load(KeYEnvironment.java:261)
	at de.uka.ilkd.key.proof.runallproofs.proofcollection.TestFile.load(TestFile.java:270)
	at de.uka.ilkd.key.proof.runallproofs.proofcollection.TestFile.runKey(TestFile.java:160)
	at de.uka.ilkd.key.proof.runallproofs.proofcollection.ForkedTestFileRunner.main(ForkedTestFileRunner.java:171)
Caused by: de.uka.ilkd.key.proof.init.ProofInputException: Could not find rule file rules/intRulesCheckedSemantics.key
	at de.uka.ilkd.key.proof.io.KeYFile.readIncludes(KeYFile.java:210)
	at de.uka.ilkd.key.proof.init.ProblemInitializer.readIncludes(ProblemInitializer.java:177)
	at de.uka.ilkd.key.proof.init.ProblemInitializer.readEnvInput(ProblemInitializer.java:325)
	at de.uka.ilkd.key.proof.init.ProblemInitializer.prepare(ProblemInitializer.java:449)
	at de.uka.ilkd.key.proof.io.AbstractProblemLoader.createInitConfig(AbstractProblemLoader.java:518)
	at de.uka.ilkd.key.proof.io.AbstractProblemLoader.loadEnvironment(AbstractProblemLoader.java:288)
	at de.uka.ilkd.key.proof.io.AbstractProblemLoader.load(AbstractProblemLoader.java:252)
	at de.uka.ilkd.key.control.AbstractUserInterfaceControl.load(AbstractUserInterfaceControl.java:209)
	... 7 more
Caused by: java.lang.RuntimeException: Could not find rule file rules/intRulesCheckedSemantics.key
	at de.uka.ilkd.key.proof.io.RuleSourceFactory.fromBuiltInRule(RuleSourceFactory.java:32)
	at de.uka.ilkd.key.proof.io.RuleSourceFactory.fromDefaultLocation(RuleSourceFactory.java:21)
	at de.uka.ilkd.key.nparser.builder.IncludeFinder.addInclude(IncludeFinder.java:63)
	at de.uka.ilkd.key.nparser.builder.IncludeFinder.visitOne_include(IncludeFinder.java:43)
	at de.uka.ilkd.key.nparser.builder.IncludeFinder.visitOne_include(IncludeFinder.java:20)
	at de.uka.ilkd.key.nparser.KeYParser$One_includeContext.accept(KeYParser.java:878)
	at de.uka.ilkd.key.nparser.builder.AbstractBuilder.lambda$mapOf$0(AbstractBuilder.java:112)
	at java.base/java.util.stream.ReferencePipeline$3$1.accept(ReferencePipeline.java:195)
	at java.base/java.util.ArrayList$ArrayListSpliterator.forEachRemaining(ArrayList.java:1655)
	at java.base/java.util.stream.AbstractPipeline.copyInto(AbstractPipeline.java:484)
	at java.base/java.util.stream.AbstractPipeline.wrapAndCopyInto(AbstractPipeline.java:474)
	at java.base/java.util.stream.ReduceOps$ReduceOp.evaluateSequential(ReduceOps.java:913)
	at java.base/java.util.stream.AbstractPipeline.evaluate(AbstractPipeline.java:234)
	at java.base/java.util.stream.ReferencePipeline.collect(ReferencePipeline.java:578)
	at de.uka.ilkd.key.nparser.builder.AbstractBuilder.mapOf(AbstractBuilder.java:112)
	at de.uka.ilkd.key.nparser.builder.IncludeFinder.visitOne_include_statement(IncludeFinder.java:35)
	at de.uka.ilkd.key.nparser.builder.IncludeFinder.visitOne_include_statement(IncludeFinder.java:20)
	at de.uka.ilkd.key.nparser.KeYParser$One_include_statementContext.accept(KeYParser.java:802)
	at org.antlr.v4.runtime.tree.AbstractParseTreeVisitor.visitChildren(AbstractParseTreeVisitor.java:46)
	at de.uka.ilkd.key.nparser.KeYParserBaseVisitor.visitDecls(KeYParserBaseVisitor.java:30)
	at de.uka.ilkd.key.nparser.KeYParser$DeclsContext.accept(KeYParser.java:500)
	at org.antlr.v4.runtime.tree.AbstractParseTreeVisitor.visitChildren(AbstractParseTreeVisitor.java:46)
	at de.uka.ilkd.key.nparser.KeYParserBaseVisitor.visitFile(KeYParserBaseVisitor.java:23)
	at de.uka.ilkd.key.nparser.KeYParser$FileContext.accept(KeYParser.java:306)
	at de.uka.ilkd.key.nparser.KeyAst.accept(KeyAst.java:41)
	at de.uka.ilkd.key.nparser.KeyAst$File.getIncludes(KeyAst.java:76)
	at de.uka.ilkd.key.proof.io.KeYFile.readIncludes(KeYFile.java:208)
	... 14 more
Could not find rule file rules/intRulesCheckedSemantics.key (file: /home/runner/work/key/key/key.core/../key.ui/examples/index/.././heap/javacard/updateBalance1.key; caused by: de.uka.ilkd.key.proof.init.ProofInputException: Could not find rule file rules/intRulesCheckedSemantics.key)
	at de.uka.ilkd.key.control.AbstractUserInterfaceControl.load(AbstractUserInterfaceControl.java:221)
	at de.uka.ilkd.key.control.KeYEnvironment.load(KeYEnvironment.java:251)
	at de.uka.ilkd.key.control.KeYEnvironment.load(KeYEnvironment.java:224)
	at de.uka.ilkd.key.control.KeYEnvironment.load(KeYEnvironment.java:184)
	at de.uka.ilkd.key.control.KeYEnvironment.load(KeYEnvironment.java:261)
	at de.uka.ilkd.key.proof.runallproofs.proofcollection.TestFile.load(TestFile.java:270)
	at de.uka.ilkd.key.proof.runallproofs.proofcollection.TestFile.runKey(TestFile.java:160)
	at de.uka.ilkd.key.proof.runallproofs.proofcollection.ForkedTestFileRunner.main(ForkedTestFileRunner.java:171)
Caused by: de.uka.ilkd.key.proof.init.ProofInputException: Could not find rule file rules/intRulesCheckedSemantics.key
	at de.uka.ilkd.key.proof.io.KeYFile.readIncludes(KeYFile.java:210)
	at de.uka.ilkd.key.proof.init.ProblemInitializer.readIncludes(ProblemInitializer.java:177)
	at de.uka.ilkd.key.proof.init.ProblemInitializer.readEnvInput(ProblemInitializer.java:325)
	at de.uka.ilkd.key.proof.init.ProblemInitializer.prepare(ProblemInitializer.java:449)
	at de.uka.ilkd.key.proof.io.AbstractProblemLoader.createInitConfig(AbstractProblemLoader.java:518)
	at de.uka.ilkd.key.proof.io.AbstractProblemLoader.loadEnvironment(AbstractProblemLoader.java:288)
	at de.uka.ilkd.key.proof.io.AbstractProblemLoader.load(AbstractProblemLoader.java:252)
	at de.uka.ilkd.key.control.AbstractUserInterfaceControl.load(AbstractUserInterfaceControl.java:209)
	... 7 more
Caused by: java.lang.RuntimeException: Could not find rule file rules/intRulesCheckedSemantics.key
	at de.uka.ilkd.key.proof.io.RuleSourceFactory.fromBuiltInRule(RuleSourceFactory.java:32)
	at de.uka.ilkd.key.proof.io.RuleSourceFactory.fromDefaultLocation(RuleSourceFactory.java:21)
	at de.uka.ilkd.key.nparser.builder.IncludeFinder.addInclude(IncludeFinder.java:63)
	at de.uka.ilkd.key.nparser.builder.IncludeFinder.visitOne_include(IncludeFinder.java:43)
	at de.uka.ilkd.key.nparser.builder.IncludeFinder.visitOne_include(IncludeFinder.java:20)
	at de.uka.ilkd.key.nparser.KeYParser$One_includeContext.accept(KeYParser.java:878)
	at de.uka.ilkd.key.nparser.builder.AbstractBuilder.lambda$mapOf$0(AbstractBuilder.java:112)
	at java.base/java.util.stream.ReferencePipeline$3$1.accept(ReferencePipeline.java:195)
	at java.base/java.util.ArrayList$ArrayListSpliterator.forEachRemaining(ArrayList.java:1655)
	at java.base/java.util.stream.AbstractPipeline.copyInto(AbstractPipeline.java:484)
	at java.base/java.util.stream.AbstractPipeline.wrapAndCopyInto(AbstractPipeline.java:474)
	at java.base/java.util.stream.ReduceOps$ReduceOp.evaluateSequential(ReduceOps.java:913)
	at java.base/java.util.stream.AbstractPipeline.evaluate(AbstractPipeline.java:234)
	at java.base/java.util.stream.ReferencePipeline.collect(ReferencePipeline.java:578)
	at de.uka.ilkd.key.nparser.builder.AbstractBuilder.mapOf(AbstractBuilder.java:112)
	at de.uka.ilkd.key.nparser.builder.IncludeFinder.visitOne_include_statement(IncludeFinder.java:35)
	at de.uka.ilkd.key.nparser.builder.IncludeFinder.visitOne_include_statement(IncludeFinder.java:20)
	at de.uka.ilkd.key.nparser.KeYParser$One_include_statementContext.accept(KeYParser.java:802)
	at org.antlr.v4.runtime.tree.AbstractParseTreeVisitor.visitChildren(AbstractParseTreeVisitor.java:46)
	at de.uka.ilkd.key.nparser.KeYParserBaseVisitor.visitDecls(KeYParserBaseVisitor.java:30)
	at de.uka.ilkd.key.nparser.KeYParser$DeclsContext.accept(KeYParser.java:500)
	at org.antlr.v4.runtime.tree.AbstractParseTreeVisitor.visitChildren(AbstractParseTreeVisitor.java:46)
	at de.uka.ilkd.key.nparser.KeYParserBaseVisitor.visitFile(KeYParserBaseVisitor.java:23)
	at de.uka.ilkd.key.nparser.KeYParser$FileContext.accept(KeYParser.java:306)
	at de.uka.ilkd.key.nparser.KeyAst.accept(KeyAst.java:41)
	at de.uka.ilkd.key.nparser.KeyAst$File.getIncludes(KeyAst.java:76)
	at de.uka.ilkd.key.proof.io.KeYFile.readIncludes(KeYFile.java:208)
	... 14 more
Could not find rule file rules/intRulesCheckedSemantics.key (file: /home/runner/work/key/key/key.core/../key.ui/examples/index/.././heap/javacard/setArray1.key; caused by: de.uka.ilkd.key.proof.init.ProofInputException: Could not find rule file rules/intRulesCheckedSemantics.key)
	at de.uka.ilkd.key.control.AbstractUserInterfaceControl.load(AbstractUserInterfaceControl.java:221)
	at de.uka.ilkd.key.control.KeYEnvironment.load(KeYEnvironment.java:251)
	at de.uka.ilkd.key.control.KeYEnvironment.load(KeYEnvironment.java:224)
	at de.uka.ilkd.key.control.KeYEnvironment.load(KeYEnvironment.java:184)
	at de.uka.ilkd.key.control.KeYEnvironment.load(KeYEnvironment.java:261)
	at de.uka.ilkd.key.proof.runallproofs.proofcollection.TestFile.load(TestFile.java:270)
	at de.uka.ilkd.key.proof.runallproofs.proofcollection.TestFile.runKey(TestFile.java:160)
	at de.uka.ilkd.key.proof.runallproofs.proofcollection.ForkedTestFileRunner.main(ForkedTestFileRunner.java:171)
Caused by: de.uka.ilkd.key.proof.init.ProofInputException: Could not find rule file rules/intRulesCheckedSemantics.key
	at de.uka.ilkd.key.proof.io.KeYFile.readIncludes(KeYFile.java:210)
	at de.uka.ilkd.key.proof.init.ProblemInitializer.readIncludes(ProblemInitializer.java:177)
	at de.uka.ilkd.key.proof.init.ProblemInitializer.readEnvInput(ProblemInitializer.java:325)
	at de.uka.ilkd.key.proof.init.ProblemInitializer.prepare(ProblemInitializer.java:449)
	at de.uka.ilkd.key.proof.io.AbstractProblemLoader.createInitConfig(AbstractProblemLoader.java:518)
	at de.uka.ilkd.key.proof.io.AbstractProblemLoader.loadEnvironment(AbstractProblemLoader.java:288)
	at de.uka.ilkd.key.proof.io.AbstractProblemLoader.load(AbstractProblemLoader.java:252)
	at de.uka.ilkd.key.control.AbstractUserInterfaceControl.load(AbstractUserInterfaceControl.java:209)
	... 7 more
Caused by: java.lang.RuntimeException: Could not find rule file rules/intRulesCheckedSemantics.key
	at de.uka.ilkd.key.proof.io.RuleSourceFactory.fromBuiltInRule(RuleSourceFactory.java:32)
	at de.uka.ilkd.key.proof.io.RuleSourceFactory.fromDefaultLocation(RuleSourceFactory.java:21)
	at de.uka.ilkd.key.nparser.builder.IncludeFinder.addInclude(IncludeFinder.java:63)
	at de.uka.ilkd.key.nparser.builder.IncludeFinder.visitOne_include(IncludeFinder.java:43)
	at de.uka.ilkd.key.nparser.builder.IncludeFinder.visitOne_include(IncludeFinder.java:20)
	at de.uka.ilkd.key.nparser.KeYParser$One_includeContext.accept(KeYParser.java:878)
	at de.uka.ilkd.key.nparser.builder.AbstractBuilder.lambda$mapOf$0(AbstractBuilder.java:112)
	at java.base/java.util.stream.ReferencePipeline$3$1.accept(ReferencePipeline.java:195)
	at java.base/java.util.ArrayList$ArrayListSpliterator.forEachRemaining(ArrayList.java:1655)
	at java.base/java.util.stream.AbstractPipeline.copyInto(AbstractPipeline.java:484)
	at java.base/java.util.stream.AbstractPipeline.wrapAndCopyInto(AbstractPipeline.java:474)
	at java.base/java.util.stream.ReduceOps$ReduceOp.evaluateSequential(ReduceOps.java:913)
	at java.base/java.util.stream.AbstractPipeline.evaluate(AbstractPipeline.java:234)
	at java.base/java.util.stream.ReferencePipeline.collect(ReferencePipeline.java:578)
	at de.uka.ilkd.key.nparser.builder.AbstractBuilder.mapOf(AbstractBuilder.java:112)
	at de.uka.ilkd.key.nparser.builder.IncludeFinder.visitOne_include_statement(IncludeFinder.java:35)
	at de.uka.ilkd.key.nparser.builder.IncludeFinder.visitOne_include_statement(IncludeFinder.java:20)
	at de.uka.ilkd.key.nparser.KeYParser$One_include_statementContext.accept(KeYParser.java:802)
	at org.antlr.v4.runtime.tree.AbstractParseTreeVisitor.visitChildren(AbstractParseTreeVisitor.java:46)
	at de.uka.ilkd.key.nparser.KeYParserBaseVisitor.visitDecls(KeYParserBaseVisitor.java:30)
	at de.uka.ilkd.key.nparser.KeYParser$DeclsContext.accept(KeYParser.java:500)
	at org.antlr.v4.runtime.tree.AbstractParseTreeVisitor.visitChildren(AbstractParseTreeVisitor.java:46)
	at de.uka.ilkd.key.nparser.KeYParserBaseVisitor.visitFile(KeYParserBaseVisitor.java:23)
	at de.uka.ilkd.key.nparser.KeYParser$FileContext.accept(KeYParser.java:306)
	at de.uka.ilkd.key.nparser.KeyAst.accept(KeyAst.java:41)
	at de.uka.ilkd.key.nparser.KeyAst$File.getIncludes(KeyAst.java:76)
	at de.uka.ilkd.key.proof.io.KeYFile.readIncludes(KeYFile.java:208)
	... 14 more
Could not find rule file rules/intRulesCheckedSemantics.key (file: /home/runner/work/key/key/key.core/../key.ui/examples/index/.././heap/javacard/setArray2.key; caused by: de.uka.ilkd.key.proof.init.ProofInputException: Could not find rule file rules/intRulesCheckedSemantics.key)
	at de.uka.ilkd.key.control.AbstractUserInterfaceControl.load(AbstractUserInterfaceControl.java:221)
	at de.uka.ilkd.key.control.KeYEnvironment.load(KeYEnvironment.java:251)
	at de.uka.ilkd.key.control.KeYEnvironment.load(KeYEnvironment.java:224)
	at de.uka.ilkd.key.control.KeYEnvironment.load(KeYEnvironment.java:184)
	at de.uka.ilkd.key.control.KeYEnvironment.load(KeYEnvironment.java:261)
	at de.uka.ilkd.key.proof.runallproofs.proofcollection.TestFile.load(TestFile.java:270)
	at de.uka.ilkd.key.proof.runallproofs.proofcollection.TestFile.runKey(TestFile.java:160)
	at de.uka.ilkd.key.proof.runallproofs.proofcollection.ForkedTestFileRunner.main(ForkedTestFileRunner.java:171)
Caused by: de.uka.ilkd.key.proof.init.ProofInputException: Could not find rule file rules/intRulesCheckedSemantics.key
	at de.uka.ilkd.key.proof.io.KeYFile.readIncludes(KeYFile.java:210)
	at de.uka.ilkd.key.proof.init.ProblemInitializer.readIncludes(ProblemInitializer.java:177)
	at de.uka.ilkd.key.proof.init.ProblemInitializer.readEnvInput(ProblemInitializer.java:325)
	at de.uka.ilkd.key.proof.init.ProblemInitializer.prepare(ProblemInitializer.java:449)
	at de.uka.ilkd.key.proof.io.AbstractProblemLoader.createInitConfig(AbstractProblemLoader.java:518)
	at de.uka.ilkd.key.proof.io.AbstractProblemLoader.loadEnvironment(AbstractProblemLoader.java:288)
	at de.uka.ilkd.key.proof.io.AbstractProblemLoader.load(AbstractProblemLoader.java:252)
	at de.uka.ilkd.key.control.AbstractUserInterfaceControl.load(AbstractUserInterfaceControl.java:209)
	... 7 more
Caused by: java.lang.RuntimeException: Could not find rule file rules/intRulesCheckedSemantics.key
	at de.uka.ilkd.key.proof.io.RuleSourceFactory.fromBuiltInRule(RuleSourceFactory.java:32)
	at de.uka.ilkd.key.proof.io.RuleSourceFactory.fromDefaultLocation(RuleSourceFactory.java:21)
	at de.uka.ilkd.key.nparser.builder.IncludeFinder.addInclude(IncludeFinder.java:63)
	at de.uka.ilkd.key.nparser.builder.IncludeFinder.visitOne_include(IncludeFinder.java:43)
	at de.uka.ilkd.key.nparser.builder.IncludeFinder.visitOne_include(IncludeFinder.java:20)
	at de.uka.ilkd.key.nparser.KeYParser$One_includeContext.accept(KeYParser.java:878)
	at de.uka.ilkd.key.nparser.builder.AbstractBuilder.lambda$mapOf$0(AbstractBuilder.java:112)
	at java.base/java.util.stream.ReferencePipeline$3$1.accept(ReferencePipeline.java:195)
	at java.base/java.util.ArrayList$ArrayListSpliterator.forEachRemaining(ArrayList.java:1655)
	at java.base/java.util.stream.AbstractPipeline.copyInto(AbstractPipeline.java:484)
	at java.base/java.util.stream.AbstractPipeline.wrapAndCopyInto(AbstractPipeline.java:474)
	at java.base/java.util.stream.ReduceOps$ReduceOp.evaluateSequential(ReduceOps.java:913)
	at java.base/java.util.stream.AbstractPipeline.evaluate(AbstractPipeline.java:234)
	at java.base/java.util.stream.ReferencePipeline.collect(ReferencePipeline.java:578)
	at de.uka.ilkd.key.nparser.builder.AbstractBuilder.mapOf(AbstractBuilder.java:112)
	at de.uka.ilkd.key.nparser.builder.IncludeFinder.visitOne_include_statement(IncludeFinder.java:35)
	at de.uka.ilkd.key.nparser.builder.IncludeFinder.visitOne_include_statement(IncludeFinder.java:20)
	at de.uka.ilkd.key.nparser.KeYParser$One_include_statementContext.accept(KeYParser.java:802)
	at org.antlr.v4.runtime.tree.AbstractParseTreeVisitor.visitChildren(AbstractParseTreeVisitor.java:46)
	at de.uka.ilkd.key.nparser.KeYParserBaseVisitor.visitDecls(KeYParserBaseVisitor.java:30)
	at de.uka.ilkd.key.nparser.KeYParser$DeclsContext.accept(KeYParser.java:500)
	at org.antlr.v4.runtime.tree.AbstractParseTreeVisitor.visitChildren(AbstractParseTreeVisitor.java:46)
	at de.uka.ilkd.key.nparser.KeYParserBaseVisitor.visitFile(KeYParserBaseVisitor.java:23)
	at de.uka.ilkd.key.nparser.KeYParser$FileContext.accept(KeYParser.java:306)
	at de.uka.ilkd.key.nparser.KeyAst.accept(KeyAst.java:41)
	at de.uka.ilkd.key.nparser.KeyAst$File.getIncludes(KeyAst.java:76)
	at de.uka.ilkd.key.proof.io.KeYFile.readIncludes(KeYFile.java:208)
	... 14 more
Could not find rule file rules/intRulesCheckedSemantics.key (file: /home/runner/work/key/key/key.core/../key.ui/examples/index/.././heap/javacard/arrayFillNonAtomic.key; caused by: de.uka.ilkd.key.proof.init.ProofInputException: Could not find rule file rules/intRulesCheckedSemantics.key)
	at de.uka.ilkd.key.control.AbstractUserInterfaceControl.load(AbstractUserInterfaceControl.java:221)
	at de.uka.ilkd.key.control.KeYEnvironment.load(KeYEnvironment.java:251)
	at de.uka.ilkd.key.control.KeYEnvironment.load(KeYEnvironment.java:224)
	at de.uka.ilkd.key.control.KeYEnvironment.load(KeYEnvironment.java:184)
	at de.uka.ilkd.key.control.KeYEnvironment.load(KeYEnvironment.java:261)
	at de.uka.ilkd.key.proof.runallproofs.proofcollection.TestFile.load(TestFile.java:270)
	at de.uka.ilkd.key.proof.runallproofs.proofcollection.TestFile.runKey(TestFile.java:160)
	at de.uka.ilkd.key.proof.runallproofs.proofcollection.ForkedTestFileRunner.main(ForkedTestFileRunner.java:171)
Caused by: de.uka.ilkd.key.proof.init.ProofInputException: Could not find rule file rules/intRulesCheckedSemantics.key
	at de.uka.ilkd.key.proof.io.KeYFile.readIncludes(KeYFile.java:210)
	at de.uka.ilkd.key.proof.init.ProblemInitializer.readIncludes(ProblemInitializer.java:177)
	at de.uka.ilkd.key.proof.init.ProblemInitializer.readEnvInput(ProblemInitializer.java:325)
	at de.uka.ilkd.key.proof.init.ProblemInitializer.prepare(ProblemInitializer.java:449)
	at de.uka.ilkd.key.proof.io.AbstractProblemLoader.createInitConfig(AbstractProblemLoader.java:518)
	at de.uka.ilkd.key.proof.io.AbstractProblemLoader.loadEnvironment(AbstractProblemLoader.java:288)
	at de.uka.ilkd.key.proof.io.AbstractProblemLoader.load(AbstractProblemLoader.java:252)
	at de.uka.ilkd.key.control.AbstractUserInterfaceControl.load(AbstractUserInterfaceControl.java:209)
	... 7 more
Caused by: java.lang.RuntimeException: Could not find rule file rules/intRulesCheckedSemantics.key
	at de.uka.ilkd.key.proof.io.RuleSourceFactory.fromBuiltInRule(RuleSourceFactory.java:32)
	at de.uka.ilkd.key.proof.io.RuleSourceFactory.fromDefaultLocation(RuleSourceFactory.java:21)
	at de.uka.ilkd.key.nparser.builder.IncludeFinder.addInclude(IncludeFinder.java:63)
	at de.uka.ilkd.key.nparser.builder.IncludeFinder.visitOne_include(IncludeFinder.java:43)
	at de.uka.ilkd.key.nparser.builder.IncludeFinder.visitOne_include(IncludeFinder.java:20)
	at de.uka.ilkd.key.nparser.KeYParser$One_includeContext.accept(KeYParser.java:878)
	at de.uka.ilkd.key.nparser.builder.AbstractBuilder.lambda$mapOf$0(AbstractBuilder.java:112)
	at java.base/java.util.stream.ReferencePipeline$3$1.accept(ReferencePipeline.java:195)
	at java.base/java.util.ArrayList$ArrayListSpliterator.forEachRemaining(ArrayList.java:1655)
	at java.base/java.util.stream.AbstractPipeline.copyInto(AbstractPipeline.java:484)
	at java.base/java.util.stream.AbstractPipeline.wrapAndCopyInto(AbstractPipeline.java:474)
	at java.base/java.util.stream.ReduceOps$ReduceOp.evaluateSequential(ReduceOps.java:913)
	at java.base/java.util.stream.AbstractPipeline.evaluate(AbstractPipeline.java:234)
	at java.base/java.util.stream.ReferencePipeline.collect(ReferencePipeline.java:578)
	at de.uka.ilkd.key.nparser.builder.AbstractBuilder.mapOf(AbstractBuilder.java:112)
	at de.uka.ilkd.key.nparser.builder.IncludeFinder.visitOne_include_statement(IncludeFinder.java:35)
	at de.uka.ilkd.key.nparser.builder.IncludeFinder.visitOne_include_statement(IncludeFinder.java:20)
	at de.uka.ilkd.key.nparser.KeYParser$One_include_statementContext.accept(KeYParser.java:802)
	at org.antlr.v4.runtime.tree.AbstractParseTreeVisitor.visitChildren(AbstractParseTreeVisitor.java:46)
	at de.uka.ilkd.key.nparser.KeYParserBaseVisitor.visitDecls(KeYParserBaseVisitor.java:30)
	at de.uka.ilkd.key.nparser.KeYParser$DeclsContext.accept(KeYParser.java:500)
	at org.antlr.v4.runtime.tree.AbstractParseTreeVisitor.visitChildren(AbstractParseTreeVisitor.java:46)
	at de.uka.ilkd.key.nparser.KeYParserBaseVisitor.visitFile(KeYParserBaseVisitor.java:23)
	at de.uka.ilkd.key.nparser.KeYParser$FileContext.accept(KeYParser.java:306)
	at de.uka.ilkd.key.nparser.KeyAst.accept(KeyAst.java:41)
	at de.uka.ilkd.key.nparser.KeyAst$File.getIncludes(KeyAst.java:76)
	at de.uka.ilkd.key.proof.io.KeYFile.readIncludes(KeYFile.java:208)
	... 14 more
Exception in thread "main" org.opentest4j.AssertionFailedError: Exception during the execution of proofs. See log for more details.
	at org.junit.jupiter.api.AssertionUtils.fail(AssertionUtils.java:39)
	at org.junit.jupiter.api.Assertions.fail(Assertions.java:134)
	at de.uka.ilkd.key.proof.runallproofs.proofcollection.ForkedTestFileRunner.main(ForkedTestFileRunner.java:192)
Timeout watcher launched (2000 secs.)
Could not find rule file rules/intRulesCheckedSemantics.key (file: /home/runner/work/key/key/key.core/../key.ui/examples/index/.././heap/coincidence_count/project.key; caused by: de.uka.ilkd.key.proof.init.ProofInputException: Could not find rule file rules/intRulesCheckedSemantics.key)
	at de.uka.ilkd.key.control.AbstractUserInterfaceControl.load(AbstractUserInterfaceControl.java:221)
	at de.uka.ilkd.key.control.KeYEnvironment.load(KeYEnvironment.java:251)
	at de.uka.ilkd.key.control.KeYEnvironment.load(KeYEnvironment.java:224)
	at de.uka.ilkd.key.control.KeYEnvironment.load(KeYEnvironment.java:184)
	at de.uka.ilkd.key.control.KeYEnvironment.load(KeYEnvironment.java:261)
	at de.uka.ilkd.key.proof.runallproofs.proofcollection.TestFile.load(TestFile.java:270)
	at de.uka.ilkd.key.proof.runallproofs.proofcollection.TestFile.runKey(TestFile.java:160)
	at de.uka.ilkd.key.proof.runallproofs.proofcollection.ForkedTestFileRunner.main(ForkedTestFileRunner.java:171)
Caused by: de.uka.ilkd.key.proof.init.ProofInputException: Could not find rule file rules/intRulesCheckedSemantics.key
	at de.uka.ilkd.key.proof.io.KeYFile.readIncludes(KeYFile.java:210)
	at de.uka.ilkd.key.proof.init.ProblemInitializer.readIncludes(ProblemInitializer.java:177)
	at de.uka.ilkd.key.proof.init.ProblemInitializer.readEnvInput(ProblemInitializer.java:325)
	at de.uka.ilkd.key.proof.init.ProblemInitializer.prepare(ProblemInitializer.java:449)
	at de.uka.ilkd.key.proof.io.AbstractProblemLoader.createInitConfig(AbstractProblemLoader.java:518)
	at de.uka.ilkd.key.proof.io.AbstractProblemLoader.loadEnvironment(AbstractProblemLoader.java:288)
	at de.uka.ilkd.key.proof.io.AbstractProblemLoader.load(AbstractProblemLoader.java:252)
	at de.uka.ilkd.key.control.AbstractUserInterfaceControl.load(AbstractUserInterfaceControl.java:209)
	... 7 more
Caused by: java.lang.RuntimeException: Could not find rule file rules/intRulesCheckedSemantics.key
	at de.uka.ilkd.key.proof.io.RuleSourceFactory.fromBuiltInRule(RuleSourceFactory.java:32)
	at de.uka.ilkd.key.proof.io.RuleSourceFactory.fromDefaultLocation(RuleSourceFactory.java:21)
	at de.uka.ilkd.key.nparser.builder.IncludeFinder.addInclude(IncludeFinder.java:63)
	at de.uka.ilkd.key.nparser.builder.IncludeFinder.visitOne_include(IncludeFinder.java:43)
	at de.uka.ilkd.key.nparser.builder.IncludeFinder.visitOne_include(IncludeFinder.java:20)
	at de.uka.ilkd.key.nparser.KeYParser$One_includeContext.accept(KeYParser.java:878)
	at de.uka.ilkd.key.nparser.builder.AbstractBuilder.lambda$mapOf$0(AbstractBuilder.java:112)
	at java.base/java.util.stream.ReferencePipeline$3$1.accept(ReferencePipeline.java:195)
	at java.base/java.util.ArrayList$ArrayListSpliterator.forEachRemaining(ArrayList.java:1655)
	at java.base/java.util.stream.AbstractPipeline.copyInto(AbstractPipeline.java:484)
	at java.base/java.util.stream.AbstractPipeline.wrapAndCopyInto(AbstractPipeline.java:474)
	at java.base/java.util.stream.ReduceOps$ReduceOp.evaluateSequential(ReduceOps.java:913)
	at java.base/java.util.stream.AbstractPipeline.evaluate(AbstractPipeline.java:234)
	at java.base/java.util.stream.ReferencePipeline.collect(ReferencePipeline.java:578)
	at de.uka.ilkd.key.nparser.builder.AbstractBuilder.mapOf(AbstractBuilder.java:112)
	at de.uka.ilkd.key.nparser.builder.IncludeFinder.visitOne_include_statement(IncludeFinder.java:35)
	at de.uka.ilkd.key.nparser.builder.IncludeFinder.visitOne_include_statement(IncludeFinder.java:20)
	at de.uka.ilkd.key.nparser.KeYParser$One_include_statementContext.accept(KeYParser.java:802)
	at org.antlr.v4.runtime.tree.AbstractParseTreeVisitor.visitChildren(AbstractParseTreeVisitor.java:46)
	at de.uka.ilkd.key.nparser.KeYParserBaseVisitor.visitDecls(KeYParserBaseVisitor.java:30)
	at de.uka.ilkd.key.nparser.KeYParser$DeclsContext.accept(KeYParser.java:500)
	at org.antlr.v4.runtime.tree.AbstractParseTreeVisitor.visitChildren(AbstractParseTreeVisitor.java:46)
	at de.uka.ilkd.key.nparser.KeYParserBaseVisitor.visitFile(KeYParserBaseVisitor.java:23)
	at de.uka.ilkd.key.nparser.KeYParser$FileContext.accept(KeYParser.java:306)
	at de.uka.ilkd.key.nparser.KeyAst.accept(KeyAst.java:41)
	at de.uka.ilkd.key.nparser.KeyAst$File.getIncludes(KeyAst.java:76)
	at de.uka.ilkd.key.proof.io.KeYFile.readIncludes(KeYFile.java:208)
	... 14 more
Exception in thread "main" org.opentest4j.AssertionFailedError: Exception during the execution of proofs. See log for more details.
	at org.junit.jupiter.api.AssertionUtils.fail(AssertionUtils.java:39)
	at org.junit.jupiter.api.Assertions.fail(Assertions.java:134)
	at de.uka.ilkd.key.proof.runallproofs.proofcollection.ForkedTestFileRunner.main(ForkedTestFileRunner.java:192)
Timeout watcher launched (2000 secs.)
Could not find rule file rules/intRulesCheckedSemantics.key (file: /home/runner/work/key/key/key.core/../key.ui/examples/index/.././heap/verifyThis11_1_Maximum/project.key; caused by: de.uka.ilkd.key.proof.init.ProofInputException: Could not find rule file rules/intRulesCheckedSemantics.key)
	at de.uka.ilkd.key.control.AbstractUserInterfaceControl.load(AbstractUserInterfaceControl.java:221)
	at de.uka.ilkd.key.control.KeYEnvironment.load(KeYEnvironment.java:251)
	at de.uka.ilkd.key.control.KeYEnvironment.load(KeYEnvironment.java:224)
	at de.uka.ilkd.key.control.KeYEnvironment.load(KeYEnvironment.java:184)
	at de.uka.ilkd.key.control.KeYEnvironment.load(KeYEnvironment.java:261)
	at de.uka.ilkd.key.proof.runallproofs.proofcollection.TestFile.load(TestFile.java:270)
	at de.uka.ilkd.key.proof.runallproofs.proofcollection.TestFile.runKey(TestFile.java:160)
	at de.uka.ilkd.key.proof.runallproofs.proofcollection.ForkedTestFileRunner.main(ForkedTestFileRunner.java:171)
Caused by: de.uka.ilkd.key.proof.init.ProofInputException: Could not find rule file rules/intRulesCheckedSemantics.key
	at de.uka.ilkd.key.proof.io.KeYFile.readIncludes(KeYFile.java:210)
	at de.uka.ilkd.key.proof.init.ProblemInitializer.readIncludes(ProblemInitializer.java:177)
	at de.uka.ilkd.key.proof.init.ProblemInitializer.readEnvInput(ProblemInitializer.java:325)
	at de.uka.ilkd.key.proof.init.ProblemInitializer.prepare(ProblemInitializer.java:449)
	at de.uka.ilkd.key.proof.io.AbstractProblemLoader.createInitConfig(AbstractProblemLoader.java:518)
	at de.uka.ilkd.key.proof.io.AbstractProblemLoader.loadEnvironment(AbstractProblemLoader.java:288)
	at de.uka.ilkd.key.proof.io.AbstractProblemLoader.load(AbstractProblemLoader.java:252)
	at de.uka.ilkd.key.control.AbstractUserInterfaceControl.load(AbstractUserInterfaceControl.java:209)
	... 7 more
Caused by: java.lang.RuntimeException: Could not find rule file rules/intRulesCheckedSemantics.key
	at de.uka.ilkd.key.proof.io.RuleSourceFactory.fromBuiltInRule(RuleSourceFactory.java:32)
	at de.uka.ilkd.key.proof.io.RuleSourceFactory.fromDefaultLocation(RuleSourceFactory.java:21)
	at de.uka.ilkd.key.nparser.builder.IncludeFinder.addInclude(IncludeFinder.java:63)
	at de.uka.ilkd.key.nparser.builder.IncludeFinder.visitOne_include(IncludeFinder.java:43)
	at de.uka.ilkd.key.nparser.builder.IncludeFinder.visitOne_include(IncludeFinder.java:20)
	at de.uka.ilkd.key.nparser.KeYParser$One_includeContext.accept(KeYParser.java:878)
	at de.uka.ilkd.key.nparser.builder.AbstractBuilder.lambda$mapOf$0(AbstractBuilder.java:112)
	at java.base/java.util.stream.ReferencePipeline$3$1.accept(ReferencePipeline.java:195)
	at java.base/java.util.ArrayList$ArrayListSpliterator.forEachRemaining(ArrayList.java:1655)
	at java.base/java.util.stream.AbstractPipeline.copyInto(AbstractPipeline.java:484)
	at java.base/java.util.stream.AbstractPipeline.wrapAndCopyInto(AbstractPipeline.java:474)
	at java.base/java.util.stream.ReduceOps$ReduceOp.evaluateSequential(ReduceOps.java:913)
	at java.base/java.util.stream.AbstractPipeline.evaluate(AbstractPipeline.java:234)
	at java.base/java.util.stream.ReferencePipeline.collect(ReferencePipeline.java:578)
	at de.uka.ilkd.key.nparser.builder.AbstractBuilder.mapOf(AbstractBuilder.java:112)
	at de.uka.ilkd.key.nparser.builder.IncludeFinder.visitOne_include_statement(IncludeFinder.java:35)
	at de.uka.ilkd.key.nparser.builder.IncludeFinder.visitOne_include_statement(IncludeFinder.java:20)
	at de.uka.ilkd.key.nparser.KeYParser$One_include_statementContext.accept(KeYParser.java:802)
	at org.antlr.v4.runtime.tree.AbstractParseTreeVisitor.visitChildren(AbstractParseTreeVisitor.java:46)
	at de.uka.ilkd.key.nparser.KeYParserBaseVisitor.visitDecls(KeYParserBaseVisitor.java:30)
	at de.uka.ilkd.key.nparser.KeYParser$DeclsContext.accept(KeYParser.java:500)
	at org.antlr.v4.runtime.tree.AbstractParseTreeVisitor.visitChildren(AbstractParseTreeVisitor.java:46)
	at de.uka.ilkd.key.nparser.KeYParserBaseVisitor.visitFile(KeYParserBaseVisitor.java:23)
	at de.uka.ilkd.key.nparser.KeYParser$FileContext.accept(KeYParser.java:306)
	at de.uka.ilkd.key.nparser.KeyAst.accept(KeyAst.java:41)
	at de.uka.ilkd.key.nparser.KeyAst$File.getIncludes(KeyAst.java:76)
	at de.uka.ilkd.key.proof.io.KeYFile.readIncludes(KeYFile.java:208)
	... 14 more
Exception in thread "main" org.opentest4j.AssertionFailedError: Exception during the execution of proofs. See log for more details.
	at org.junit.jupiter.api.AssertionUtils.fail(AssertionUtils.java:39)
	at org.junit.jupiter.api.Assertions.fail(Assertions.java:134)
	at de.uka.ilkd.key.proof.runallproofs.proofcollection.ForkedTestFileRunner.main(ForkedTestFileRunner.java:192)
Timeout watcher launched (2000 secs.)
Could not find rule file rules/intRulesCheckedSemantics.key (file: /home/runner/work/key/key/key.core/../key.ui/examples/index/.././heap/fm12_01_LRS/lcp.key; caused by: de.uka.ilkd.key.proof.init.ProofInputException: Could not find rule file rules/intRulesCheckedSemantics.key)
	at de.uka.ilkd.key.control.AbstractUserInterfaceControl.load(AbstractUserInterfaceControl.java:221)
	at de.uka.ilkd.key.control.KeYEnvironment.load(KeYEnvironment.java:251)
	at de.uka.ilkd.key.control.KeYEnvironment.load(KeYEnvironment.java:224)
	at de.uka.ilkd.key.control.KeYEnvironment.load(KeYEnvironment.java:184)
	at de.uka.ilkd.key.control.KeYEnvironment.load(KeYEnvironment.java:261)
	at de.uka.ilkd.key.proof.runallproofs.proofcollection.TestFile.load(TestFile.java:270)
	at de.uka.ilkd.key.proof.runallproofs.proofcollection.TestFile.runKey(TestFile.java:160)
	at de.uka.ilkd.key.proof.runallproofs.proofcollection.ForkedTestFileRunner.main(ForkedTestFileRunner.java:171)
Caused by: de.uka.ilkd.key.proof.init.ProofInputException: Could not find rule file rules/intRulesCheckedSemantics.key
	at de.uka.ilkd.key.proof.io.KeYFile.readIncludes(KeYFile.java:210)
	at de.uka.ilkd.key.proof.init.ProblemInitializer.readIncludes(ProblemInitializer.java:177)
	at de.uka.ilkd.key.proof.init.ProblemInitializer.readEnvInput(ProblemInitializer.java:325)
	at de.uka.ilkd.key.proof.init.ProblemInitializer.prepare(ProblemInitializer.java:449)
	at de.uka.ilkd.key.proof.io.AbstractProblemLoader.createInitConfig(AbstractProblemLoader.java:518)
	at de.uka.ilkd.key.proof.io.AbstractProblemLoader.loadEnvironment(AbstractProblemLoader.java:288)
	at de.uka.ilkd.key.proof.io.AbstractProblemLoader.load(AbstractProblemLoader.java:252)
	at de.uka.ilkd.key.control.AbstractUserInterfaceControl.load(AbstractUserInterfaceControl.java:209)
	... 7 more
Caused by: java.lang.RuntimeException: Could not find rule file rules/intRulesCheckedSemantics.key
	at de.uka.ilkd.key.proof.io.RuleSourceFactory.fromBuiltInRule(RuleSourceFactory.java:32)
	at de.uka.ilkd.key.proof.io.RuleSourceFactory.fromDefaultLocation(RuleSourceFactory.java:21)
	at de.uka.ilkd.key.nparser.builder.IncludeFinder.addInclude(IncludeFinder.java:63)
	at de.uka.ilkd.key.nparser.builder.IncludeFinder.visitOne_include(IncludeFinder.java:43)
	at de.uka.ilkd.key.nparser.builder.IncludeFinder.visitOne_include(IncludeFinder.java:20)
	at de.uka.ilkd.key.nparser.KeYParser$One_includeContext.accept(KeYParser.java:878)
	at de.uka.ilkd.key.nparser.builder.AbstractBuilder.lambda$mapOf$0(AbstractBuilder.java:112)
	at java.base/java.util.stream.ReferencePipeline$3$1.accept(ReferencePipeline.java:195)
	at java.base/java.util.ArrayList$ArrayListSpliterator.forEachRemaining(ArrayList.java:1655)
	at java.base/java.util.stream.AbstractPipeline.copyInto(AbstractPipeline.java:484)
	at java.base/java.util.stream.AbstractPipeline.wrapAndCopyInto(AbstractPipeline.java:474)
	at java.base/java.util.stream.ReduceOps$ReduceOp.evaluateSequential(ReduceOps.java:913)
	at java.base/java.util.stream.AbstractPipeline.evaluate(AbstractPipeline.java:234)
	at java.base/java.util.stream.ReferencePipeline.collect(ReferencePipeline.java:578)
	at de.uka.ilkd.key.nparser.builder.AbstractBuilder.mapOf(AbstractBuilder.java:112)
	at de.uka.ilkd.key.nparser.builder.IncludeFinder.visitOne_include_statement(IncludeFinder.java:35)
	at de.uka.ilkd.key.nparser.builder.IncludeFinder.visitOne_include_statement(IncludeFinder.java:20)
	at de.uka.ilkd.key.nparser.KeYParser$One_include_statementContext.accept(KeYParser.java:802)
	at org.antlr.v4.runtime.tree.AbstractParseTreeVisitor.visitChildren(AbstractParseTreeVisitor.java:46)
	at de.uka.ilkd.key.nparser.KeYParserBaseVisitor.visitDecls(KeYParserBaseVisitor.java:30)
	at de.uka.ilkd.key.nparser.KeYParser$DeclsContext.accept(KeYParser.java:500)
	at org.antlr.v4.runtime.tree.AbstractParseTreeVisitor.visitChildren(AbstractParseTreeVisitor.java:46)
	at de.uka.ilkd.key.nparser.KeYParserBaseVisitor.visitFile(KeYParserBaseVisitor.java:23)
	at de.uka.ilkd.key.nparser.KeYParser$FileContext.accept(KeYParser.java:306)
	at de.uka.ilkd.key.nparser.KeyAst.accept(KeyAst.java:41)
	at de.uka.ilkd.key.nparser.KeyAst$File.getIncludes(KeyAst.java:76)
	at de.uka.ilkd.key.proof.io.KeYFile.readIncludes(KeYFile.java:208)
	... 14 more
Exception in thread "main" org.opentest4j.AssertionFailedError: Exception during the execution of proofs. See log for more details.
	at org.junit.jupiter.api.AssertionUtils.fail(AssertionUtils.java:39)
	at org.junit.jupiter.api.Assertions.fail(Assertions.java:134)
	at de.uka.ilkd.key.proof.runallproofs.proofcollection.ForkedTestFileRunner.main(ForkedTestFileRunner.java:192)
Timeout watcher launched (2000 secs.)
Could not find rule file rules/intRulesCheckedSemantics.key (file: /home/runner/work/key/key/key.core/../key.ui/examples/index/.././heap/SemanticSlicing/project.key; caused by: de.uka.ilkd.key.proof.init.ProofInputException: Could not find rule file rules/intRulesCheckedSemantics.key)
	at de.uka.ilkd.key.control.AbstractUserInterfaceControl.load(AbstractUserInterfaceControl.java:221)
	at de.uka.ilkd.key.control.KeYEnvironment.load(KeYEnvironment.java:251)
	at de.uka.ilkd.key.control.KeYEnvironment.load(KeYEnvironment.java:224)
	at de.uka.ilkd.key.control.KeYEnvironment.load(KeYEnvironment.java:184)
	at de.uka.ilkd.key.control.KeYEnvironment.load(KeYEnvironment.java:261)
	at de.uka.ilkd.key.proof.runallproofs.proofcollection.TestFile.load(TestFile.java:270)
	at de.uka.ilkd.key.proof.runallproofs.proofcollection.TestFile.runKey(TestFile.java:160)
	at de.uka.ilkd.key.proof.runallproofs.proofcollection.ForkedTestFileRunner.main(ForkedTestFileRunner.java:171)
Caused by: de.uka.ilkd.key.proof.init.ProofInputException: Could not find rule file rules/intRulesCheckedSemantics.key
	at de.uka.ilkd.key.proof.io.KeYFile.readIncludes(KeYFile.java:210)
	at de.uka.ilkd.key.proof.init.ProblemInitializer.readIncludes(ProblemInitializer.java:177)
	at de.uka.ilkd.key.proof.init.ProblemInitializer.readEnvInput(ProblemInitializer.java:325)
	at de.uka.ilkd.key.proof.init.ProblemInitializer.prepare(ProblemInitializer.java:449)
	at de.uka.ilkd.key.proof.io.AbstractProblemLoader.createInitConfig(AbstractProblemLoader.java:518)
	at de.uka.ilkd.key.proof.io.AbstractProblemLoader.loadEnvironment(AbstractProblemLoader.java:288)
	at de.uka.ilkd.key.proof.io.AbstractProblemLoader.load(AbstractProblemLoader.java:252)
	at de.uka.ilkd.key.control.AbstractUserInterfaceControl.load(AbstractUserInterfaceControl.java:209)
	... 7 more
Caused by: java.lang.RuntimeException: Could not find rule file rules/intRulesCheckedSemantics.key
	at de.uka.ilkd.key.proof.io.RuleSourceFactory.fromBuiltInRule(RuleSourceFactory.java:32)
	at de.uka.ilkd.key.proof.io.RuleSourceFactory.fromDefaultLocation(RuleSourceFactory.java:21)
	at de.uka.ilkd.key.nparser.builder.IncludeFinder.addInclude(IncludeFinder.java:63)
	at de.uka.ilkd.key.nparser.builder.IncludeFinder.visitOne_include(IncludeFinder.java:43)
	at de.uka.ilkd.key.nparser.builder.IncludeFinder.visitOne_include(IncludeFinder.java:20)
	at de.uka.ilkd.key.nparser.KeYParser$One_includeContext.accept(KeYParser.java:878)
	at de.uka.ilkd.key.nparser.builder.AbstractBuilder.lambda$mapOf$0(AbstractBuilder.java:112)
	at java.base/java.util.stream.ReferencePipeline$3$1.accept(ReferencePipeline.java:195)
	at java.base/java.util.ArrayList$ArrayListSpliterator.forEachRemaining(ArrayList.java:1655)
	at java.base/java.util.stream.AbstractPipeline.copyInto(AbstractPipeline.java:484)
	at java.base/java.util.stream.AbstractPipeline.wrapAndCopyInto(AbstractPipeline.java:474)
	at java.base/java.util.stream.ReduceOps$ReduceOp.evaluateSequential(ReduceOps.java:913)
	at java.base/java.util.stream.AbstractPipeline.evaluate(AbstractPipeline.java:234)
	at java.base/java.util.stream.ReferencePipeline.collect(ReferencePipeline.java:578)
	at de.uka.ilkd.key.nparser.builder.AbstractBuilder.mapOf(AbstractBuilder.java:112)
	at de.uka.ilkd.key.nparser.builder.IncludeFinder.visitOne_include_statement(IncludeFinder.java:35)
	at de.uka.ilkd.key.nparser.builder.IncludeFinder.visitOne_include_statement(IncludeFinder.java:20)
	at de.uka.ilkd.key.nparser.KeYParser$One_include_statementContext.accept(KeYParser.java:802)
	at org.antlr.v4.runtime.tree.AbstractParseTreeVisitor.visitChildren(AbstractParseTreeVisitor.java:46)
	at de.uka.ilkd.key.nparser.KeYParserBaseVisitor.visitDecls(KeYParserBaseVisitor.java:30)
	at de.uka.ilkd.key.nparser.KeYParser$DeclsContext.accept(KeYParser.java:500)
	at org.antlr.v4.runtime.tree.AbstractParseTreeVisitor.visitChildren(AbstractParseTreeVisitor.java:46)
	at de.uka.ilkd.key.nparser.KeYParserBaseVisitor.visitFile(KeYParserBaseVisitor.java:23)
	at de.uka.ilkd.key.nparser.KeYParser$FileContext.accept(KeYParser.java:306)
	at de.uka.ilkd.key.nparser.KeyAst.accept(KeyAst.java:41)
	at de.uka.ilkd.key.nparser.KeyAst$File.getIncludes(KeyAst.java:76)
	at de.uka.ilkd.key.proof.io.KeYFile.readIncludes(KeYFile.java:208)
	... 14 more
Exception in thread "main" org.opentest4j.AssertionFailedError: Exception during the execution of proofs. See log for more details.
	at org.junit.jupiter.api.AssertionUtils.fail(AssertionUtils.java:39)
	at org.junit.jupiter.api.Assertions.fail(Assertions.java:134)
	at de.uka.ilkd.key.proof.runallproofs.proofcollection.ForkedTestFileRunner.main(ForkedTestFileRunner.java:192)
Timeout watcher launched (2000 secs.)
Could not find rule file rules/intRulesCheckedSemantics.key (file: /home/runner/work/key/key/key.core/../key.ui/examples/index/.././heap/information_flow/ArrayList_contains.key; caused by: de.uka.ilkd.key.proof.init.ProofInputException: Could not find rule file rules/intRulesCheckedSemantics.key)
	at de.uka.ilkd.key.control.AbstractUserInterfaceControl.load(AbstractUserInterfaceControl.java:221)
	at de.uka.ilkd.key.control.KeYEnvironment.load(KeYEnvironment.java:251)
	at de.uka.ilkd.key.control.KeYEnvironment.load(KeYEnvironment.java:224)
	at de.uka.ilkd.key.control.KeYEnvironment.load(KeYEnvironment.java:184)
	at de.uka.ilkd.key.control.KeYEnvironment.load(KeYEnvironment.java:261)
	at de.uka.ilkd.key.proof.runallproofs.proofcollection.TestFile.load(TestFile.java:270)
	at de.uka.ilkd.key.proof.runallproofs.proofcollection.TestFile.runKey(TestFile.java:160)
	at de.uka.ilkd.key.proof.runallproofs.proofcollection.ForkedTestFileRunner.main(ForkedTestFileRunner.java:171)
Caused by: de.uka.ilkd.key.proof.init.ProofInputException: Could not find rule file rules/intRulesCheckedSemantics.key
	at de.uka.ilkd.key.proof.io.KeYFile.readIncludes(KeYFile.java:210)
	at de.uka.ilkd.key.proof.init.ProblemInitializer.readIncludes(ProblemInitializer.java:177)
	at de.uka.ilkd.key.proof.init.ProblemInitializer.readEnvInput(ProblemInitializer.java:325)
	at de.uka.ilkd.key.proof.init.ProblemInitializer.prepare(ProblemInitializer.java:449)
	at de.uka.ilkd.key.proof.io.AbstractProblemLoader.createInitConfig(AbstractProblemLoader.java:518)
	at de.uka.ilkd.key.proof.io.AbstractProblemLoader.loadEnvironment(AbstractProblemLoader.java:288)
	at de.uka.ilkd.key.proof.io.AbstractProblemLoader.load(AbstractProblemLoader.java:252)
	at de.uka.ilkd.key.control.AbstractUserInterfaceControl.load(AbstractUserInterfaceControl.java:209)
	... 7 more
Caused by: java.lang.RuntimeException: Could not find rule file rules/intRulesCheckedSemantics.key
	at de.uka.ilkd.key.proof.io.RuleSourceFactory.fromBuiltInRule(RuleSourceFactory.java:32)
	at de.uka.ilkd.key.proof.io.RuleSourceFactory.fromDefaultLocation(RuleSourceFactory.java:21)
	at de.uka.ilkd.key.nparser.builder.IncludeFinder.addInclude(IncludeFinder.java:63)
	at de.uka.ilkd.key.nparser.builder.IncludeFinder.visitOne_include(IncludeFinder.java:43)
	at de.uka.ilkd.key.nparser.builder.IncludeFinder.visitOne_include(IncludeFinder.java:20)
	at de.uka.ilkd.key.nparser.KeYParser$One_includeContext.accept(KeYParser.java:878)
	at de.uka.ilkd.key.nparser.builder.AbstractBuilder.lambda$mapOf$0(AbstractBuilder.java:112)
	at java.base/java.util.stream.ReferencePipeline$3$1.accept(ReferencePipeline.java:195)
	at java.base/java.util.ArrayList$ArrayListSpliterator.forEachRemaining(ArrayList.java:1655)
	at java.base/java.util.stream.AbstractPipeline.copyInto(AbstractPipeline.java:484)
	at java.base/java.util.stream.AbstractPipeline.wrapAndCopyInto(AbstractPipeline.java:474)
	at java.base/java.util.stream.ReduceOps$ReduceOp.evaluateSequential(ReduceOps.java:913)
	at java.base/java.util.stream.AbstractPipeline.evaluate(AbstractPipeline.java:234)
	at java.base/java.util.stream.ReferencePipeline.collect(ReferencePipeline.java:578)
	at de.uka.ilkd.key.nparser.builder.AbstractBuilder.mapOf(AbstractBuilder.java:112)
	at de.uka.ilkd.key.nparser.builder.IncludeFinder.visitOne_include_statement(IncludeFinder.java:35)
	at de.uka.ilkd.key.nparser.builder.IncludeFinder.visitOne_include_statement(IncludeFinder.java:20)
	at de.uka.ilkd.key.nparser.KeYParser$One_include_statementContext.accept(KeYParser.java:802)
	at org.antlr.v4.runtime.tree.AbstractParseTreeVisitor.visitChildren(AbstractParseTreeVisitor.java:46)
	at de.uka.ilkd.key.nparser.KeYParserBaseVisitor.visitDecls(KeYParserBaseVisitor.java:30)
	at de.uka.ilkd.key.nparser.KeYParser$DeclsContext.accept(KeYParser.java:500)
	at org.antlr.v4.runtime.tree.AbstractParseTreeVisitor.visitChildren(AbstractParseTreeVisitor.java:46)
	at de.uka.ilkd.key.nparser.KeYParserBaseVisitor.visitFile(KeYParserBaseVisitor.java:23)
	at de.uka.ilkd.key.nparser.KeYParser$FileContext.accept(KeYParser.java:306)
	at de.uka.ilkd.key.nparser.KeyAst.accept(KeyAst.java:41)
	at de.uka.ilkd.key.nparser.KeyAst$File.getIncludes(KeyAst.java:76)
	at de.uka.ilkd.key.proof.io.KeYFile.readIncludes(KeYFile.java:208)
	... 14 more
Exception in thread "main" org.opentest4j.AssertionFailedError: Exception during the execution of proofs. See log for more details.
	at org.junit.jupiter.api.AssertionUtils.fail(AssertionUtils.java:39)
	at org.junit.jupiter.api.Assertions.fail(Assertions.java:134)
	at de.uka.ilkd.key.proof.runallproofs.proofcollection.ForkedTestFileRunner.main(ForkedTestFileRunner.java:192)
Timeout watcher launched (2000 secs.)
Could not find rule file rules/intRulesCheckedSemantics.key (file: /home/runner/work/key/key/key.core/../key.ui/examples/index/.././heap/information_flow/ArrayList_get.key; caused by: de.uka.ilkd.key.proof.init.ProofInputException: Could not find rule file rules/intRulesCheckedSemantics.key)
	at de.uka.ilkd.key.control.AbstractUserInterfaceControl.load(AbstractUserInterfaceControl.java:221)
	at de.uka.ilkd.key.control.KeYEnvironment.load(KeYEnvironment.java:251)
	at de.uka.ilkd.key.control.KeYEnvironment.load(KeYEnvironment.java:224)
	at de.uka.ilkd.key.control.KeYEnvironment.load(KeYEnvironment.java:184)
	at de.uka.ilkd.key.control.KeYEnvironment.load(KeYEnvironment.java:261)
	at de.uka.ilkd.key.proof.runallproofs.proofcollection.TestFile.load(TestFile.java:270)
	at de.uka.ilkd.key.proof.runallproofs.proofcollection.TestFile.runKey(TestFile.java:160)
	at de.uka.ilkd.key.proof.runallproofs.proofcollection.ForkedTestFileRunner.main(ForkedTestFileRunner.java:171)
Caused by: de.uka.ilkd.key.proof.init.ProofInputException: Could not find rule file rules/intRulesCheckedSemantics.key
	at de.uka.ilkd.key.proof.io.KeYFile.readIncludes(KeYFile.java:210)
	at de.uka.ilkd.key.proof.init.ProblemInitializer.readIncludes(ProblemInitializer.java:177)
	at de.uka.ilkd.key.proof.init.ProblemInitializer.readEnvInput(ProblemInitializer.java:325)
	at de.uka.ilkd.key.proof.init.ProblemInitializer.prepare(ProblemInitializer.java:449)
	at de.uka.ilkd.key.proof.io.AbstractProblemLoader.createInitConfig(AbstractProblemLoader.java:518)
	at de.uka.ilkd.key.proof.io.AbstractProblemLoader.loadEnvironment(AbstractProblemLoader.java:288)
	at de.uka.ilkd.key.proof.io.AbstractProblemLoader.load(AbstractProblemLoader.java:252)
	at de.uka.ilkd.key.control.AbstractUserInterfaceControl.load(AbstractUserInterfaceControl.java:209)
	... 7 more
Caused by: java.lang.RuntimeException: Could not find rule file rules/intRulesCheckedSemantics.key
	at de.uka.ilkd.key.proof.io.RuleSourceFactory.fromBuiltInRule(RuleSourceFactory.java:32)
	at de.uka.ilkd.key.proof.io.RuleSourceFactory.fromDefaultLocation(RuleSourceFactory.java:21)
	at de.uka.ilkd.key.nparser.builder.IncludeFinder.addInclude(IncludeFinder.java:63)
	at de.uka.ilkd.key.nparser.builder.IncludeFinder.visitOne_include(IncludeFinder.java:43)
	at de.uka.ilkd.key.nparser.builder.IncludeFinder.visitOne_include(IncludeFinder.java:20)
	at de.uka.ilkd.key.nparser.KeYParser$One_includeContext.accept(KeYParser.java:878)
	at de.uka.ilkd.key.nparser.builder.AbstractBuilder.lambda$mapOf$0(AbstractBuilder.java:112)
	at java.base/java.util.stream.ReferencePipeline$3$1.accept(ReferencePipeline.java:195)
	at java.base/java.util.ArrayList$ArrayListSpliterator.forEachRemaining(ArrayList.java:1655)
	at java.base/java.util.stream.AbstractPipeline.copyInto(AbstractPipeline.java:484)
	at java.base/java.util.stream.AbstractPipeline.wrapAndCopyInto(AbstractPipeline.java:474)
	at java.base/java.util.stream.ReduceOps$ReduceOp.evaluateSequential(ReduceOps.java:913)
	at java.base/java.util.stream.AbstractPipeline.evaluate(AbstractPipeline.java:234)
	at java.base/java.util.stream.ReferencePipeline.collect(ReferencePipeline.java:578)
	at de.uka.ilkd.key.nparser.builder.AbstractBuilder.mapOf(AbstractBuilder.java:112)
	at de.uka.ilkd.key.nparser.builder.IncludeFinder.visitOne_include_statement(IncludeFinder.java:35)
	at de.uka.ilkd.key.nparser.builder.IncludeFinder.visitOne_include_statement(IncludeFinder.java:20)
	at de.uka.ilkd.key.nparser.KeYParser$One_include_statementContext.accept(KeYParser.java:802)
	at org.antlr.v4.runtime.tree.AbstractParseTreeVisitor.visitChildren(AbstractParseTreeVisitor.java:46)
	at de.uka.ilkd.key.nparser.KeYParserBaseVisitor.visitDecls(KeYParserBaseVisitor.java:30)
	at de.uka.ilkd.key.nparser.KeYParser$DeclsContext.accept(KeYParser.java:500)
	at org.antlr.v4.runtime.tree.AbstractParseTreeVisitor.visitChildren(AbstractParseTreeVisitor.java:46)
	at de.uka.ilkd.key.nparser.KeYParserBaseVisitor.visitFile(KeYParserBaseVisitor.java:23)
	at de.uka.ilkd.key.nparser.KeYParser$FileContext.accept(KeYParser.java:306)
	at de.uka.ilkd.key.nparser.KeyAst.accept(KeyAst.java:41)
	at de.uka.ilkd.key.nparser.KeyAst$File.getIncludes(KeyAst.java:76)
	at de.uka.ilkd.key.proof.io.KeYFile.readIncludes(KeYFile.java:208)
	... 14 more
Exception in thread "main" org.opentest4j.AssertionFailedError: Exception during the execution of proofs. See log for more details.
	at org.junit.jupiter.api.AssertionUtils.fail(AssertionUtils.java:39)
	at org.junit.jupiter.api.Assertions.fail(Assertions.java:134)
	at de.uka.ilkd.key.proof.runallproofs.proofcollection.ForkedTestFileRunner.main(ForkedTestFileRunner.java:192)
Timeout watcher launched (2000 secs.)
Could not find rule file rules/intRulesCheckedSemantics.key (file: /home/runner/work/key/key/key.core/../key.ui/examples/index/.././heap/information_flow/ArrayList_size.key; caused by: de.uka.ilkd.key.proof.init.ProofInputException: Could not find rule file rules/intRulesCheckedSemantics.key)
	at de.uka.ilkd.key.control.AbstractUserInterfaceControl.load(AbstractUserInterfaceControl.java:221)
	at de.uka.ilkd.key.control.KeYEnvironment.load(KeYEnvironment.java:251)
	at de.uka.ilkd.key.control.KeYEnvironment.load(KeYEnvironment.java:224)
	at de.uka.ilkd.key.control.KeYEnvironment.load(KeYEnvironment.java:184)
	at de.uka.ilkd.key.control.KeYEnvironment.load(KeYEnvironment.java:261)
	at de.uka.ilkd.key.proof.runallproofs.proofcollection.TestFile.load(TestFile.java:270)
	at de.uka.ilkd.key.proof.runallproofs.proofcollection.TestFile.runKey(TestFile.java:160)
	at de.uka.ilkd.key.proof.runallproofs.proofcollection.ForkedTestFileRunner.main(ForkedTestFileRunner.java:171)
Caused by: de.uka.ilkd.key.proof.init.ProofInputException: Could not find rule file rules/intRulesCheckedSemantics.key
	at de.uka.ilkd.key.proof.io.KeYFile.readIncludes(KeYFile.java:210)
	at de.uka.ilkd.key.proof.init.ProblemInitializer.readIncludes(ProblemInitializer.java:177)
	at de.uka.ilkd.key.proof.init.ProblemInitializer.readEnvInput(ProblemInitializer.java:325)
	at de.uka.ilkd.key.proof.init.ProblemInitializer.prepare(ProblemInitializer.java:449)
	at de.uka.ilkd.key.proof.io.AbstractProblemLoader.createInitConfig(AbstractProblemLoader.java:518)
	at de.uka.ilkd.key.proof.io.AbstractProblemLoader.loadEnvironment(AbstractProblemLoader.java:288)
	at de.uka.ilkd.key.proof.io.AbstractProblemLoader.load(AbstractProblemLoader.java:252)
	at de.uka.ilkd.key.control.AbstractUserInterfaceControl.load(AbstractUserInterfaceControl.java:209)
	... 7 more
Caused by: java.lang.RuntimeException: Could not find rule file rules/intRulesCheckedSemantics.key
	at de.uka.ilkd.key.proof.io.RuleSourceFactory.fromBuiltInRule(RuleSourceFactory.java:32)
	at de.uka.ilkd.key.proof.io.RuleSourceFactory.fromDefaultLocation(RuleSourceFactory.java:21)
	at de.uka.ilkd.key.nparser.builder.IncludeFinder.addInclude(IncludeFinder.java:63)
	at de.uka.ilkd.key.nparser.builder.IncludeFinder.visitOne_include(IncludeFinder.java:43)
	at de.uka.ilkd.key.nparser.builder.IncludeFinder.visitOne_include(IncludeFinder.java:20)
	at de.uka.ilkd.key.nparser.KeYParser$One_includeContext.accept(KeYParser.java:878)
	at de.uka.ilkd.key.nparser.builder.AbstractBuilder.lambda$mapOf$0(AbstractBuilder.java:112)
	at java.base/java.util.stream.ReferencePipeline$3$1.accept(ReferencePipeline.java:195)
	at java.base/java.util.ArrayList$ArrayListSpliterator.forEachRemaining(ArrayList.java:1655)
	at java.base/java.util.stream.AbstractPipeline.copyInto(AbstractPipeline.java:484)
	at java.base/java.util.stream.AbstractPipeline.wrapAndCopyInto(AbstractPipeline.java:474)
	at java.base/java.util.stream.ReduceOps$ReduceOp.evaluateSequential(ReduceOps.java:913)
	at java.base/java.util.stream.AbstractPipeline.evaluate(AbstractPipeline.java:234)
	at java.base/java.util.stream.ReferencePipeline.collect(ReferencePipeline.java:578)
	at de.uka.ilkd.key.nparser.builder.AbstractBuilder.mapOf(AbstractBuilder.java:112)
	at de.uka.ilkd.key.nparser.builder.IncludeFinder.visitOne_include_statement(IncludeFinder.java:35)
	at de.uka.ilkd.key.nparser.builder.IncludeFinder.visitOne_include_statement(IncludeFinder.java:20)
	at de.uka.ilkd.key.nparser.KeYParser$One_include_statementContext.accept(KeYParser.java:802)
	at org.antlr.v4.runtime.tree.AbstractParseTreeVisitor.visitChildren(AbstractParseTreeVisitor.java:46)
	at de.uka.ilkd.key.nparser.KeYParserBaseVisitor.visitDecls(KeYParserBaseVisitor.java:30)
	at de.uka.ilkd.key.nparser.KeYParser$DeclsContext.accept(KeYParser.java:500)
	at org.antlr.v4.runtime.tree.AbstractParseTreeVisitor.visitChildren(AbstractParseTreeVisitor.java:46)
	at de.uka.ilkd.key.nparser.KeYParserBaseVisitor.visitFile(KeYParserBaseVisitor.java:23)
	at de.uka.ilkd.key.nparser.KeYParser$FileContext.accept(KeYParser.java:306)
	at de.uka.ilkd.key.nparser.KeyAst.accept(KeyAst.java:41)
	at de.uka.ilkd.key.nparser.KeyAst$File.getIncludes(KeyAst.java:76)
	at de.uka.ilkd.key.proof.io.KeYFile.readIncludes(KeYFile.java:208)
	... 14 more
Exception in thread "main" org.opentest4j.AssertionFailedError: Exception during the execution of proofs. See log for more details.
	at org.junit.jupiter.api.AssertionUtils.fail(AssertionUtils.java:39)
	at org.junit.jupiter.api.Assertions.fail(Assertions.java:134)
	at de.uka.ilkd.key.proof.runallproofs.proofcollection.ForkedTestFileRunner.main(ForkedTestFileRunner.java:192)
Timeout watcher launched (2000 secs.)
Could not find rule file rules/intRulesCheckedSemantics.key (file: /home/runner/work/key/key/key.core/../key.ui/examples/index/.././heap/information_flow/UpdateAbstraction_ex7_3_secure.key; caused by: de.uka.ilkd.key.proof.init.ProofInputException: Could not find rule file rules/intRulesCheckedSemantics.key)
	at de.uka.ilkd.key.control.AbstractUserInterfaceControl.load(AbstractUserInterfaceControl.java:221)
	at de.uka.ilkd.key.control.KeYEnvironment.load(KeYEnvironment.java:251)
	at de.uka.ilkd.key.control.KeYEnvironment.load(KeYEnvironment.java:224)
	at de.uka.ilkd.key.control.KeYEnvironment.load(KeYEnvironment.java:184)
	at de.uka.ilkd.key.control.KeYEnvironment.load(KeYEnvironment.java:261)
	at de.uka.ilkd.key.proof.runallproofs.proofcollection.TestFile.load(TestFile.java:270)
	at de.uka.ilkd.key.proof.runallproofs.proofcollection.TestFile.runKey(TestFile.java:160)
	at de.uka.ilkd.key.proof.runallproofs.proofcollection.ForkedTestFileRunner.main(ForkedTestFileRunner.java:171)
Caused by: de.uka.ilkd.key.proof.init.ProofInputException: Could not find rule file rules/intRulesCheckedSemantics.key
	at de.uka.ilkd.key.proof.io.KeYFile.readIncludes(KeYFile.java:210)
	at de.uka.ilkd.key.proof.init.ProblemInitializer.readIncludes(ProblemInitializer.java:177)
	at de.uka.ilkd.key.proof.init.ProblemInitializer.readEnvInput(ProblemInitializer.java:325)
	at de.uka.ilkd.key.proof.init.ProblemInitializer.prepare(ProblemInitializer.java:449)
	at de.uka.ilkd.key.proof.io.AbstractProblemLoader.createInitConfig(AbstractProblemLoader.java:518)
	at de.uka.ilkd.key.proof.io.AbstractProblemLoader.loadEnvironment(AbstractProblemLoader.java:288)
	at de.uka.ilkd.key.proof.io.AbstractProblemLoader.load(AbstractProblemLoader.java:252)
	at de.uka.ilkd.key.control.AbstractUserInterfaceControl.load(AbstractUserInterfaceControl.java:209)
	... 7 more
Caused by: java.lang.RuntimeException: Could not find rule file rules/intRulesCheckedSemantics.key
	at de.uka.ilkd.key.proof.io.RuleSourceFactory.fromBuiltInRule(RuleSourceFactory.java:32)
	at de.uka.ilkd.key.proof.io.RuleSourceFactory.fromDefaultLocation(RuleSourceFactory.java:21)
	at de.uka.ilkd.key.nparser.builder.IncludeFinder.addInclude(IncludeFinder.java:63)
	at de.uka.ilkd.key.nparser.builder.IncludeFinder.visitOne_include(IncludeFinder.java:43)
	at de.uka.ilkd.key.nparser.builder.IncludeFinder.visitOne_include(IncludeFinder.java:20)
	at de.uka.ilkd.key.nparser.KeYParser$One_includeContext.accept(KeYParser.java:878)
	at de.uka.ilkd.key.nparser.builder.AbstractBuilder.lambda$mapOf$0(AbstractBuilder.java:112)
	at java.base/java.util.stream.ReferencePipeline$3$1.accept(ReferencePipeline.java:195)
	at java.base/java.util.ArrayList$ArrayListSpliterator.forEachRemaining(ArrayList.java:1655)
	at java.base/java.util.stream.AbstractPipeline.copyInto(AbstractPipeline.java:484)
	at java.base/java.util.stream.AbstractPipeline.wrapAndCopyInto(AbstractPipeline.java:474)
	at java.base/java.util.stream.ReduceOps$ReduceOp.evaluateSequential(ReduceOps.java:913)
	at java.base/java.util.stream.AbstractPipeline.evaluate(AbstractPipeline.java:234)
	at java.base/java.util.stream.ReferencePipeline.collect(ReferencePipeline.java:578)
	at de.uka.ilkd.key.nparser.builder.AbstractBuilder.mapOf(AbstractBuilder.java:112)
	at de.uka.ilkd.key.nparser.builder.IncludeFinder.visitOne_include_statement(IncludeFinder.java:35)
	at de.uka.ilkd.key.nparser.builder.IncludeFinder.visitOne_include_statement(IncludeFinder.java:20)
	at de.uka.ilkd.key.nparser.KeYParser$One_include_statementContext.accept(KeYParser.java:802)
	at org.antlr.v4.runtime.tree.AbstractParseTreeVisitor.visitChildren(AbstractParseTreeVisitor.java:46)
	at de.uka.ilkd.key.nparser.KeYParserBaseVisitor.visitDecls(KeYParserBaseVisitor.java:30)
	at de.uka.ilkd.key.nparser.KeYParser$DeclsContext.accept(KeYParser.java:500)
	at org.antlr.v4.runtime.tree.AbstractParseTreeVisitor.visitChildren(AbstractParseTreeVisitor.java:46)
	at de.uka.ilkd.key.nparser.KeYParserBaseVisitor.visitFile(KeYParserBaseVisitor.java:23)
	at de.uka.ilkd.key.nparser.KeYParser$FileContext.accept(KeYParser.java:306)
	at de.uka.ilkd.key.nparser.KeyAst.accept(KeyAst.java:41)
	at de.uka.ilkd.key.nparser.KeyAst$File.getIncludes(KeyAst.java:76)
	at de.uka.ilkd.key.proof.io.KeYFile.readIncludes(KeYFile.java:208)
	... 14 more
Exception in thread "main" org.opentest4j.AssertionFailedError: Exception during the execution of proofs. See log for more details.
	at org.junit.jupiter.api.AssertionUtils.fail(AssertionUtils.java:39)
	at org.junit.jupiter.api.Assertions.fail(Assertions.java:134)
	at de.uka.ilkd.key.proof.runallproofs.proofcollection.ForkedTestFileRunner.main(ForkedTestFileRunner.java:192)
Timeout watcher launched (2000 secs.)
Could not find rule file rules/intRulesCheckedSemantics.key (file: /home/runner/work/key/key/key.core/../key.ui/examples/index/.././heap/information_flow/UpdateAbstraction_ex7_4_secure.key; caused by: de.uka.ilkd.key.proof.init.ProofInputException: Could not find rule file rules/intRulesCheckedSemantics.key)
	at de.uka.ilkd.key.control.AbstractUserInterfaceControl.load(AbstractUserInterfaceControl.java:221)
	at de.uka.ilkd.key.control.KeYEnvironment.load(KeYEnvironment.java:251)
	at de.uka.ilkd.key.control.KeYEnvironment.load(KeYEnvironment.java:224)
	at de.uka.ilkd.key.control.KeYEnvironment.load(KeYEnvironment.java:184)
	at de.uka.ilkd.key.control.KeYEnvironment.load(KeYEnvironment.java:261)
	at de.uka.ilkd.key.proof.runallproofs.proofcollection.TestFile.load(TestFile.java:270)
	at de.uka.ilkd.key.proof.runallproofs.proofcollection.TestFile.runKey(TestFile.java:160)
	at de.uka.ilkd.key.proof.runallproofs.proofcollection.ForkedTestFileRunner.main(ForkedTestFileRunner.java:171)
Caused by: de.uka.ilkd.key.proof.init.ProofInputException: Could not find rule file rules/intRulesCheckedSemantics.key
	at de.uka.ilkd.key.proof.io.KeYFile.readIncludes(KeYFile.java:210)
	at de.uka.ilkd.key.proof.init.ProblemInitializer.readIncludes(ProblemInitializer.java:177)
	at de.uka.ilkd.key.proof.init.ProblemInitializer.readEnvInput(ProblemInitializer.java:325)
	at de.uka.ilkd.key.proof.init.ProblemInitializer.prepare(ProblemInitializer.java:449)
	at de.uka.ilkd.key.proof.io.AbstractProblemLoader.createInitConfig(AbstractProblemLoader.java:518)
	at de.uka.ilkd.key.proof.io.AbstractProblemLoader.loadEnvironment(AbstractProblemLoader.java:288)
	at de.uka.ilkd.key.proof.io.AbstractProblemLoader.load(AbstractProblemLoader.java:252)
	at de.uka.ilkd.key.control.AbstractUserInterfaceControl.load(AbstractUserInterfaceControl.java:209)
	... 7 more
Caused by: java.lang.RuntimeException: Could not find rule file rules/intRulesCheckedSemantics.key
	at de.uka.ilkd.key.proof.io.RuleSourceFactory.fromBuiltInRule(RuleSourceFactory.java:32)
	at de.uka.ilkd.key.proof.io.RuleSourceFactory.fromDefaultLocation(RuleSourceFactory.java:21)
	at de.uka.ilkd.key.nparser.builder.IncludeFinder.addInclude(IncludeFinder.java:63)
	at de.uka.ilkd.key.nparser.builder.IncludeFinder.visitOne_include(IncludeFinder.java:43)
	at de.uka.ilkd.key.nparser.builder.IncludeFinder.visitOne_include(IncludeFinder.java:20)
	at de.uka.ilkd.key.nparser.KeYParser$One_includeContext.accept(KeYParser.java:878)
	at de.uka.ilkd.key.nparser.builder.AbstractBuilder.lambda$mapOf$0(AbstractBuilder.java:112)
	at java.base/java.util.stream.ReferencePipeline$3$1.accept(ReferencePipeline.java:195)
	at java.base/java.util.ArrayList$ArrayListSpliterator.forEachRemaining(ArrayList.java:1655)
	at java.base/java.util.stream.AbstractPipeline.copyInto(AbstractPipeline.java:484)
	at java.base/java.util.stream.AbstractPipeline.wrapAndCopyInto(AbstractPipeline.java:474)
	at java.base/java.util.stream.ReduceOps$ReduceOp.evaluateSequential(ReduceOps.java:913)
	at java.base/java.util.stream.AbstractPipeline.evaluate(AbstractPipeline.java:234)
	at java.base/java.util.stream.ReferencePipeline.collect(ReferencePipeline.java:578)
	at de.uka.ilkd.key.nparser.builder.AbstractBuilder.mapOf(AbstractBuilder.java:112)
	at de.uka.ilkd.key.nparser.builder.IncludeFinder.visitOne_include_statement(IncludeFinder.java:35)
	at de.uka.ilkd.key.nparser.builder.IncludeFinder.visitOne_include_statement(IncludeFinder.java:20)
	at de.uka.ilkd.key.nparser.KeYParser$One_include_statementContext.accept(KeYParser.java:802)
	at org.antlr.v4.runtime.tree.AbstractParseTreeVisitor.visitChildren(AbstractParseTreeVisitor.java:46)
	at de.uka.ilkd.key.nparser.KeYParserBaseVisitor.visitDecls(KeYParserBaseVisitor.java:30)
	at de.uka.ilkd.key.nparser.KeYParser$DeclsContext.accept(KeYParser.java:500)
	at org.antlr.v4.runtime.tree.AbstractParseTreeVisitor.visitChildren(AbstractParseTreeVisitor.java:46)
	at de.uka.ilkd.key.nparser.KeYParserBaseVisitor.visitFile(KeYParserBaseVisitor.java:23)
	at de.uka.ilkd.key.nparser.KeYParser$FileContext.accept(KeYParser.java:306)
	at de.uka.ilkd.key.nparser.KeyAst.accept(KeyAst.java:41)
	at de.uka.ilkd.key.nparser.KeyAst$File.getIncludes(KeyAst.java:76)
	at de.uka.ilkd.key.proof.io.KeYFile.readIncludes(KeYFile.java:208)
	... 14 more
Exception in thread "main" org.opentest4j.AssertionFailedError: Exception during the execution of proofs. See log for more details.
	at org.junit.jupiter.api.AssertionUtils.fail(AssertionUtils.java:39)
	at org.junit.jupiter.api.Assertions.fail(Assertions.java:134)
	at de.uka.ilkd.key.proof.runallproofs.proofcollection.ForkedTestFileRunner.main(ForkedTestFileRunner.java:192)
Timeout watcher launched (2000 secs.)
Could not find rule file rules/intRulesCheckedSemantics.key (file: /home/runner/work/key/key/key.core/../key.ui/examples/index/.././heap/information_flow/UpdateAbstraction_ex7_5_secure.key; caused by: de.uka.ilkd.key.proof.init.ProofInputException: Could not find rule file rules/intRulesCheckedSemantics.key)
	at de.uka.ilkd.key.control.AbstractUserInterfaceControl.load(AbstractUserInterfaceControl.java:221)
	at de.uka.ilkd.key.control.KeYEnvironment.load(KeYEnvironment.java:251)
	at de.uka.ilkd.key.control.KeYEnvironment.load(KeYEnvironment.java:224)
	at de.uka.ilkd.key.control.KeYEnvironment.load(KeYEnvironment.java:184)
	at de.uka.ilkd.key.control.KeYEnvironment.load(KeYEnvironment.java:261)
	at de.uka.ilkd.key.proof.runallproofs.proofcollection.TestFile.load(TestFile.java:270)
	at de.uka.ilkd.key.proof.runallproofs.proofcollection.TestFile.runKey(TestFile.java:160)
	at de.uka.ilkd.key.proof.runallproofs.proofcollection.ForkedTestFileRunner.main(ForkedTestFileRunner.java:171)
Caused by: de.uka.ilkd.key.proof.init.ProofInputException: Could not find rule file rules/intRulesCheckedSemantics.key
	at de.uka.ilkd.key.proof.io.KeYFile.readIncludes(KeYFile.java:210)
	at de.uka.ilkd.key.proof.init.ProblemInitializer.readIncludes(ProblemInitializer.java:177)
	at de.uka.ilkd.key.proof.init.ProblemInitializer.readEnvInput(ProblemInitializer.java:325)
	at de.uka.ilkd.key.proof.init.ProblemInitializer.prepare(ProblemInitializer.java:449)
	at de.uka.ilkd.key.proof.io.AbstractProblemLoader.createInitConfig(AbstractProblemLoader.java:518)
	at de.uka.ilkd.key.proof.io.AbstractProblemLoader.loadEnvironment(AbstractProblemLoader.java:288)
	at de.uka.ilkd.key.proof.io.AbstractProblemLoader.load(AbstractProblemLoader.java:252)
	at de.uka.ilkd.key.control.AbstractUserInterfaceControl.load(AbstractUserInterfaceControl.java:209)
	... 7 more
Caused by: java.lang.RuntimeException: Could not find rule file rules/intRulesCheckedSemantics.key
	at de.uka.ilkd.key.proof.io.RuleSourceFactory.fromBuiltInRule(RuleSourceFactory.java:32)
	at de.uka.ilkd.key.proof.io.RuleSourceFactory.fromDefaultLocation(RuleSourceFactory.java:21)
	at de.uka.ilkd.key.nparser.builder.IncludeFinder.addInclude(IncludeFinder.java:63)
	at de.uka.ilkd.key.nparser.builder.IncludeFinder.visitOne_include(IncludeFinder.java:43)
	at de.uka.ilkd.key.nparser.builder.IncludeFinder.visitOne_include(IncludeFinder.java:20)
	at de.uka.ilkd.key.nparser.KeYParser$One_includeContext.accept(KeYParser.java:878)
	at de.uka.ilkd.key.nparser.builder.AbstractBuilder.lambda$mapOf$0(AbstractBuilder.java:112)
	at java.base/java.util.stream.ReferencePipeline$3$1.accept(ReferencePipeline.java:195)
	at java.base/java.util.ArrayList$ArrayListSpliterator.forEachRemaining(ArrayList.java:1655)
	at java.base/java.util.stream.AbstractPipeline.copyInto(AbstractPipeline.java:484)
	at java.base/java.util.stream.AbstractPipeline.wrapAndCopyInto(AbstractPipeline.java:474)
	at java.base/java.util.stream.ReduceOps$ReduceOp.evaluateSequential(ReduceOps.java:913)
	at java.base/java.util.stream.AbstractPipeline.evaluate(AbstractPipeline.java:234)
	at java.base/java.util.stream.ReferencePipeline.collect(ReferencePipeline.java:578)
	at de.uka.ilkd.key.nparser.builder.AbstractBuilder.mapOf(AbstractBuilder.java:112)
	at de.uka.ilkd.key.nparser.builder.IncludeFinder.visitOne_include_statement(IncludeFinder.java:35)
	at de.uka.ilkd.key.nparser.builder.IncludeFinder.visitOne_include_statement(IncludeFinder.java:20)
	at de.uka.ilkd.key.nparser.KeYParser$One_include_statementContext.accept(KeYParser.java:802)
	at org.antlr.v4.runtime.tree.AbstractParseTreeVisitor.visitChildren(AbstractParseTreeVisitor.java:46)
	at de.uka.ilkd.key.nparser.KeYParserBaseVisitor.visitDecls(KeYParserBaseVisitor.java:30)
	at de.uka.ilkd.key.nparser.KeYParser$DeclsContext.accept(KeYParser.java:500)
	at org.antlr.v4.runtime.tree.AbstractParseTreeVisitor.visitChildren(AbstractParseTreeVisitor.java:46)
	at de.uka.ilkd.key.nparser.KeYParserBaseVisitor.visitFile(KeYParserBaseVisitor.java:23)
	at de.uka.ilkd.key.nparser.KeYParser$FileContext.accept(KeYParser.java:306)
	at de.uka.ilkd.key.nparser.KeyAst.accept(KeyAst.java:41)
	at de.uka.ilkd.key.nparser.KeyAst$File.getIncludes(KeyAst.java:76)
	at de.uka.ilkd.key.proof.io.KeYFile.readIncludes(KeYFile.java:208)
	... 14 more
Exception in thread "main" org.opentest4j.AssertionFailedError: Exception during the execution of proofs. See log for more details.
	at org.junit.jupiter.api.AssertionUtils.fail(AssertionUtils.java:39)
	at org.junit.jupiter.api.Assertions.fail(Assertions.java:134)
	at de.uka.ilkd.key.proof.runallproofs.proofcollection.ForkedTestFileRunner.main(ForkedTestFileRunner.java:192)
Timeout watcher launched (2000 secs.)
Could not find rule file rules/intRulesCheckedSemantics.key (file: /home/runner/work/key/key/key.core/../key.ui/examples/index/.././heap/information_flow/UpdateAbstraction_ex7_6_secure.key; caused by: de.uka.ilkd.key.proof.init.ProofInputException: Could not find rule file rules/intRulesCheckedSemantics.key)
	at de.uka.ilkd.key.control.AbstractUserInterfaceControl.load(AbstractUserInterfaceControl.java:221)
	at de.uka.ilkd.key.control.KeYEnvironment.load(KeYEnvironment.java:251)
	at de.uka.ilkd.key.control.KeYEnvironment.load(KeYEnvironment.java:224)
	at de.uka.ilkd.key.control.KeYEnvironment.load(KeYEnvironment.java:184)
	at de.uka.ilkd.key.control.KeYEnvironment.load(KeYEnvironment.java:261)
	at de.uka.ilkd.key.proof.runallproofs.proofcollection.TestFile.load(TestFile.java:270)
	at de.uka.ilkd.key.proof.runallproofs.proofcollection.TestFile.runKey(TestFile.java:160)
	at de.uka.ilkd.key.proof.runallproofs.proofcollection.ForkedTestFileRunner.main(ForkedTestFileRunner.java:171)
Caused by: de.uka.ilkd.key.proof.init.ProofInputException: Could not find rule file rules/intRulesCheckedSemantics.key
	at de.uka.ilkd.key.proof.io.KeYFile.readIncludes(KeYFile.java:210)
	at de.uka.ilkd.key.proof.init.ProblemInitializer.readIncludes(ProblemInitializer.java:177)
	at de.uka.ilkd.key.proof.init.ProblemInitializer.readEnvInput(ProblemInitializer.java:325)
	at de.uka.ilkd.key.proof.init.ProblemInitializer.prepare(ProblemInitializer.java:449)
	at de.uka.ilkd.key.proof.io.AbstractProblemLoader.createInitConfig(AbstractProblemLoader.java:518)
	at de.uka.ilkd.key.proof.io.AbstractProblemLoader.loadEnvironment(AbstractProblemLoader.java:288)
	at de.uka.ilkd.key.proof.io.AbstractProblemLoader.load(AbstractProblemLoader.java:252)
	at de.uka.ilkd.key.control.AbstractUserInterfaceControl.load(AbstractUserInterfaceControl.java:209)
	... 7 more
Caused by: java.lang.RuntimeException: Could not find rule file rules/intRulesCheckedSemantics.key
	at de.uka.ilkd.key.proof.io.RuleSourceFactory.fromBuiltInRule(RuleSourceFactory.java:32)
	at de.uka.ilkd.key.proof.io.RuleSourceFactory.fromDefaultLocation(RuleSourceFactory.java:21)
	at de.uka.ilkd.key.nparser.builder.IncludeFinder.addInclude(IncludeFinder.java:63)
	at de.uka.ilkd.key.nparser.builder.IncludeFinder.visitOne_include(IncludeFinder.java:43)
	at de.uka.ilkd.key.nparser.builder.IncludeFinder.visitOne_include(IncludeFinder.java:20)
	at de.uka.ilkd.key.nparser.KeYParser$One_includeContext.accept(KeYParser.java:878)
	at de.uka.ilkd.key.nparser.builder.AbstractBuilder.lambda$mapOf$0(AbstractBuilder.java:112)
	at java.base/java.util.stream.ReferencePipeline$3$1.accept(ReferencePipeline.java:195)
	at java.base/java.util.ArrayList$ArrayListSpliterator.forEachRemaining(ArrayList.java:1655)
	at java.base/java.util.stream.AbstractPipeline.copyInto(AbstractPipeline.java:484)
	at java.base/java.util.stream.AbstractPipeline.wrapAndCopyInto(AbstractPipeline.java:474)
	at java.base/java.util.stream.ReduceOps$ReduceOp.evaluateSequential(ReduceOps.java:913)
	at java.base/java.util.stream.AbstractPipeline.evaluate(AbstractPipeline.java:234)
	at java.base/java.util.stream.ReferencePipeline.collect(ReferencePipeline.java:578)
	at de.uka.ilkd.key.nparser.builder.AbstractBuilder.mapOf(AbstractBuilder.java:112)
	at de.uka.ilkd.key.nparser.builder.IncludeFinder.visitOne_include_statement(IncludeFinder.java:35)
	at de.uka.ilkd.key.nparser.builder.IncludeFinder.visitOne_include_statement(IncludeFinder.java:20)
	at de.uka.ilkd.key.nparser.KeYParser$One_include_statementContext.accept(KeYParser.java:802)
	at org.antlr.v4.runtime.tree.AbstractParseTreeVisitor.visitChildren(AbstractParseTreeVisitor.java:46)
	at de.uka.ilkd.key.nparser.KeYParserBaseVisitor.visitDecls(KeYParserBaseVisitor.java:30)
	at de.uka.ilkd.key.nparser.KeYParser$DeclsContext.accept(KeYParser.java:500)
	at org.antlr.v4.runtime.tree.AbstractParseTreeVisitor.visitChildren(AbstractParseTreeVisitor.java:46)
	at de.uka.ilkd.key.nparser.KeYParserBaseVisitor.visitFile(KeYParserBaseVisitor.java:23)
	at de.uka.ilkd.key.nparser.KeYParser$FileContext.accept(KeYParser.java:306)
	at de.uka.ilkd.key.nparser.KeyAst.accept(KeyAst.java:41)
	at de.uka.ilkd.key.nparser.KeyAst$File.getIncludes(KeyAst.java:76)
	at de.uka.ilkd.key.proof.io.KeYFile.readIncludes(KeYFile.java:208)
	... 14 more
Exception in thread "main" org.opentest4j.AssertionFailedError: Exception during the execution of proofs. See log for more details.
	at org.junit.jupiter.api.AssertionUtils.fail(AssertionUtils.java:39)
	at org.junit.jupiter.api.Assertions.fail(Assertions.java:134)
	at de.uka.ilkd.key.proof.runallproofs.proofcollection.ForkedTestFileRunner.main(ForkedTestFileRunner.java:192)
Timeout watcher launched (2000 secs.)
Could not find rule file rules/intRulesCheckedSemantics.key (file: /home/runner/work/key/key/key.core/../key.ui/examples/index/.././heap/information_flow/UpdateAbstraction_ex9_secure.key; caused by: de.uka.ilkd.key.proof.init.ProofInputException: Could not find rule file rules/intRulesCheckedSemantics.key)
	at de.uka.ilkd.key.control.AbstractUserInterfaceControl.load(AbstractUserInterfaceControl.java:221)
	at de.uka.ilkd.key.control.KeYEnvironment.load(KeYEnvironment.java:251)
	at de.uka.ilkd.key.control.KeYEnvironment.load(KeYEnvironment.java:224)
	at de.uka.ilkd.key.control.KeYEnvironment.load(KeYEnvironment.java:184)
	at de.uka.ilkd.key.control.KeYEnvironment.load(KeYEnvironment.java:261)
	at de.uka.ilkd.key.proof.runallproofs.proofcollection.TestFile.load(TestFile.java:270)
	at de.uka.ilkd.key.proof.runallproofs.proofcollection.TestFile.runKey(TestFile.java:160)
	at de.uka.ilkd.key.proof.runallproofs.proofcollection.ForkedTestFileRunner.main(ForkedTestFileRunner.java:171)
Caused by: de.uka.ilkd.key.proof.init.ProofInputException: Could not find rule file rules/intRulesCheckedSemantics.key
	at de.uka.ilkd.key.proof.io.KeYFile.readIncludes(KeYFile.java:210)
	at de.uka.ilkd.key.proof.init.ProblemInitializer.readIncludes(ProblemInitializer.java:177)
	at de.uka.ilkd.key.proof.init.ProblemInitializer.readEnvInput(ProblemInitializer.java:325)
	at de.uka.ilkd.key.proof.init.ProblemInitializer.prepare(ProblemInitializer.java:449)
	at de.uka.ilkd.key.proof.io.AbstractProblemLoader.createInitConfig(AbstractProblemLoader.java:518)
	at de.uka.ilkd.key.proof.io.AbstractProblemLoader.loadEnvironment(AbstractProblemLoader.java:288)
	at de.uka.ilkd.key.proof.io.AbstractProblemLoader.load(AbstractProblemLoader.java:252)
	at de.uka.ilkd.key.control.AbstractUserInterfaceControl.load(AbstractUserInterfaceControl.java:209)
	... 7 more
Caused by: java.lang.RuntimeException: Could not find rule file rules/intRulesCheckedSemantics.key
	at de.uka.ilkd.key.proof.io.RuleSourceFactory.fromBuiltInRule(RuleSourceFactory.java:32)
	at de.uka.ilkd.key.proof.io.RuleSourceFactory.fromDefaultLocation(RuleSourceFactory.java:21)
	at de.uka.ilkd.key.nparser.builder.IncludeFinder.addInclude(IncludeFinder.java:63)
	at de.uka.ilkd.key.nparser.builder.IncludeFinder.visitOne_include(IncludeFinder.java:43)
	at de.uka.ilkd.key.nparser.builder.IncludeFinder.visitOne_include(IncludeFinder.java:20)
	at de.uka.ilkd.key.nparser.KeYParser$One_includeContext.accept(KeYParser.java:878)
	at de.uka.ilkd.key.nparser.builder.AbstractBuilder.lambda$mapOf$0(AbstractBuilder.java:112)
	at java.base/java.util.stream.ReferencePipeline$3$1.accept(ReferencePipeline.java:195)
	at java.base/java.util.ArrayList$ArrayListSpliterator.forEachRemaining(ArrayList.java:1655)
	at java.base/java.util.stream.AbstractPipeline.copyInto(AbstractPipeline.java:484)
	at java.base/java.util.stream.AbstractPipeline.wrapAndCopyInto(AbstractPipeline.java:474)
	at java.base/java.util.stream.ReduceOps$ReduceOp.evaluateSequential(ReduceOps.java:913)
	at java.base/java.util.stream.AbstractPipeline.evaluate(AbstractPipeline.java:234)
	at java.base/java.util.stream.ReferencePipeline.collect(ReferencePipeline.java:578)
	at de.uka.ilkd.key.nparser.builder.AbstractBuilder.mapOf(AbstractBuilder.java:112)
	at de.uka.ilkd.key.nparser.builder.IncludeFinder.visitOne_include_statement(IncludeFinder.java:35)
	at de.uka.ilkd.key.nparser.builder.IncludeFinder.visitOne_include_statement(IncludeFinder.java:20)
	at de.uka.ilkd.key.nparser.KeYParser$One_include_statementContext.accept(KeYParser.java:802)
	at org.antlr.v4.runtime.tree.AbstractParseTreeVisitor.visitChildren(AbstractParseTreeVisitor.java:46)
	at de.uka.ilkd.key.nparser.KeYParserBaseVisitor.visitDecls(KeYParserBaseVisitor.java:30)
	at de.uka.ilkd.key.nparser.KeYParser$DeclsContext.accept(KeYParser.java:500)
	at org.antlr.v4.runtime.tree.AbstractParseTreeVisitor.visitChildren(AbstractParseTreeVisitor.java:46)
	at de.uka.ilkd.key.nparser.KeYParserBaseVisitor.visitFile(KeYParserBaseVisitor.java:23)
	at de.uka.ilkd.key.nparser.KeYParser$FileContext.accept(KeYParser.java:306)
	at de.uka.ilkd.key.nparser.KeyAst.accept(KeyAst.java:41)
	at de.uka.ilkd.key.nparser.KeyAst$File.getIncludes(KeyAst.java:76)
	at de.uka.ilkd.key.proof.io.KeYFile.readIncludes(KeYFile.java:208)
	... 14 more
Exception in thread "main" org.opentest4j.AssertionFailedError: Exception during the execution of proofs. See log for more details.
	at org.junit.jupiter.api.AssertionUtils.fail(AssertionUtils.java:39)
	at org.junit.jupiter.api.Assertions.fail(Assertions.java:134)
	at de.uka.ilkd.key.proof.runallproofs.proofcollection.ForkedTestFileRunner.main(ForkedTestFileRunner.java:192)
Timeout watcher launched (2000 secs.)
Could not find rule file rules/intRulesCheckedSemantics.key (file: /home/runner/work/key/key/key.core/../key.ui/examples/index/.././heap/list/ArrayList_add.key; caused by: de.uka.ilkd.key.proof.init.ProofInputException: Could not find rule file rules/intRulesCheckedSemantics.key)
	at de.uka.ilkd.key.control.AbstractUserInterfaceControl.load(AbstractUserInterfaceControl.java:221)
	at de.uka.ilkd.key.control.KeYEnvironment.load(KeYEnvironment.java:251)
	at de.uka.ilkd.key.control.KeYEnvironment.load(KeYEnvironment.java:224)
	at de.uka.ilkd.key.control.KeYEnvironment.load(KeYEnvironment.java:184)
	at de.uka.ilkd.key.control.KeYEnvironment.load(KeYEnvironment.java:261)
	at de.uka.ilkd.key.proof.runallproofs.proofcollection.TestFile.load(TestFile.java:270)
	at de.uka.ilkd.key.proof.runallproofs.proofcollection.TestFile.runKey(TestFile.java:160)
	at de.uka.ilkd.key.proof.runallproofs.proofcollection.ForkedTestFileRunner.main(ForkedTestFileRunner.java:171)
Caused by: de.uka.ilkd.key.proof.init.ProofInputException: Could not find rule file rules/intRulesCheckedSemantics.key
	at de.uka.ilkd.key.proof.io.KeYFile.readIncludes(KeYFile.java:210)
	at de.uka.ilkd.key.proof.init.ProblemInitializer.readIncludes(ProblemInitializer.java:177)
	at de.uka.ilkd.key.proof.init.ProblemInitializer.readEnvInput(ProblemInitializer.java:325)
	at de.uka.ilkd.key.proof.init.ProblemInitializer.prepare(ProblemInitializer.java:449)
	at de.uka.ilkd.key.proof.io.AbstractProblemLoader.createInitConfig(AbstractProblemLoader.java:518)
	at de.uka.ilkd.key.proof.io.AbstractProblemLoader.loadEnvironment(AbstractProblemLoader.java:288)
	at de.uka.ilkd.key.proof.io.AbstractProblemLoader.load(AbstractProblemLoader.java:252)
	at de.uka.ilkd.key.control.AbstractUserInterfaceControl.load(AbstractUserInterfaceControl.java:209)
	... 7 more
Caused by: java.lang.RuntimeException: Could not find rule file rules/intRulesCheckedSemantics.key
	at de.uka.ilkd.key.proof.io.RuleSourceFactory.fromBuiltInRule(RuleSourceFactory.java:32)
	at de.uka.ilkd.key.proof.io.RuleSourceFactory.fromDefaultLocation(RuleSourceFactory.java:21)
	at de.uka.ilkd.key.nparser.builder.IncludeFinder.addInclude(IncludeFinder.java:63)
	at de.uka.ilkd.key.nparser.builder.IncludeFinder.visitOne_include(IncludeFinder.java:43)
	at de.uka.ilkd.key.nparser.builder.IncludeFinder.visitOne_include(IncludeFinder.java:20)
	at de.uka.ilkd.key.nparser.KeYParser$One_includeContext.accept(KeYParser.java:878)
	at de.uka.ilkd.key.nparser.builder.AbstractBuilder.lambda$mapOf$0(AbstractBuilder.java:112)
	at java.base/java.util.stream.ReferencePipeline$3$1.accept(ReferencePipeline.java:195)
	at java.base/java.util.ArrayList$ArrayListSpliterator.forEachRemaining(ArrayList.java:1655)
	at java.base/java.util.stream.AbstractPipeline.copyInto(AbstractPipeline.java:484)
	at java.base/java.util.stream.AbstractPipeline.wrapAndCopyInto(AbstractPipeline.java:474)
	at java.base/java.util.stream.ReduceOps$ReduceOp.evaluateSequential(ReduceOps.java:913)
	at java.base/java.util.stream.AbstractPipeline.evaluate(AbstractPipeline.java:234)
	at java.base/java.util.stream.ReferencePipeline.collect(ReferencePipeline.java:578)
	at de.uka.ilkd.key.nparser.builder.AbstractBuilder.mapOf(AbstractBuilder.java:112)
	at de.uka.ilkd.key.nparser.builder.IncludeFinder.visitOne_include_statement(IncludeFinder.java:35)
	at de.uka.ilkd.key.nparser.builder.IncludeFinder.visitOne_include_statement(IncludeFinder.java:20)
	at de.uka.ilkd.key.nparser.KeYParser$One_include_statementContext.accept(KeYParser.java:802)
	at org.antlr.v4.runtime.tree.AbstractParseTreeVisitor.visitChildren(AbstractParseTreeVisitor.java:46)
	at de.uka.ilkd.key.nparser.KeYParserBaseVisitor.visitDecls(KeYParserBaseVisitor.java:30)
	at de.uka.ilkd.key.nparser.KeYParser$DeclsContext.accept(KeYParser.java:500)
	at org.antlr.v4.runtime.tree.AbstractParseTreeVisitor.visitChildren(AbstractParseTreeVisitor.java:46)
	at de.uka.ilkd.key.nparser.KeYParserBaseVisitor.visitFile(KeYParserBaseVisitor.java:23)
	at de.uka.ilkd.key.nparser.KeYParser$FileContext.accept(KeYParser.java:306)
	at de.uka.ilkd.key.nparser.KeyAst.accept(KeyAst.java:41)
	at de.uka.ilkd.key.nparser.KeyAst$File.getIncludes(KeyAst.java:76)
	at de.uka.ilkd.key.proof.io.KeYFile.readIncludes(KeYFile.java:208)
	... 14 more
Could not find rule file rules/intRulesCheckedSemantics.key (file: /home/runner/work/key/key/key.core/../key.ui/examples/index/.././heap/list/ArrayList_ArrayList.key; caused by: de.uka.ilkd.key.proof.init.ProofInputException: Could not find rule file rules/intRulesCheckedSemantics.key)
	at de.uka.ilkd.key.control.AbstractUserInterfaceControl.load(AbstractUserInterfaceControl.java:221)
	at de.uka.ilkd.key.control.KeYEnvironment.load(KeYEnvironment.java:251)
	at de.uka.ilkd.key.control.KeYEnvironment.load(KeYEnvironment.java:224)
	at de.uka.ilkd.key.control.KeYEnvironment.load(KeYEnvironment.java:184)
	at de.uka.ilkd.key.control.KeYEnvironment.load(KeYEnvironment.java:261)
	at de.uka.ilkd.key.proof.runallproofs.proofcollection.TestFile.load(TestFile.java:270)
	at de.uka.ilkd.key.proof.runallproofs.proofcollection.TestFile.runKey(TestFile.java:160)
	at de.uka.ilkd.key.proof.runallproofs.proofcollection.ForkedTestFileRunner.main(ForkedTestFileRunner.java:171)
Caused by: de.uka.ilkd.key.proof.init.ProofInputException: Could not find rule file rules/intRulesCheckedSemantics.key
	at de.uka.ilkd.key.proof.io.KeYFile.readIncludes(KeYFile.java:210)
	at de.uka.ilkd.key.proof.init.ProblemInitializer.readIncludes(ProblemInitializer.java:177)
	at de.uka.ilkd.key.proof.init.ProblemInitializer.readEnvInput(ProblemInitializer.java:325)
	at de.uka.ilkd.key.proof.init.ProblemInitializer.prepare(ProblemInitializer.java:449)
	at de.uka.ilkd.key.proof.io.AbstractProblemLoader.createInitConfig(AbstractProblemLoader.java:518)
	at de.uka.ilkd.key.proof.io.AbstractProblemLoader.loadEnvironment(AbstractProblemLoader.java:288)
	at de.uka.ilkd.key.proof.io.AbstractProblemLoader.load(AbstractProblemLoader.java:252)
	at de.uka.ilkd.key.control.AbstractUserInterfaceControl.load(AbstractUserInterfaceControl.java:209)
	... 7 more
Caused by: java.lang.RuntimeException: Could not find rule file rules/intRulesCheckedSemantics.key
	at de.uka.ilkd.key.proof.io.RuleSourceFactory.fromBuiltInRule(RuleSourceFactory.java:32)
	at de.uka.ilkd.key.proof.io.RuleSourceFactory.fromDefaultLocation(RuleSourceFactory.java:21)
	at de.uka.ilkd.key.nparser.builder.IncludeFinder.addInclude(IncludeFinder.java:63)
	at de.uka.ilkd.key.nparser.builder.IncludeFinder.visitOne_include(IncludeFinder.java:43)
	at de.uka.ilkd.key.nparser.builder.IncludeFinder.visitOne_include(IncludeFinder.java:20)
	at de.uka.ilkd.key.nparser.KeYParser$One_includeContext.accept(KeYParser.java:878)
	at de.uka.ilkd.key.nparser.builder.AbstractBuilder.lambda$mapOf$0(AbstractBuilder.java:112)
	at java.base/java.util.stream.ReferencePipeline$3$1.accept(ReferencePipeline.java:195)
	at java.base/java.util.ArrayList$ArrayListSpliterator.forEachRemaining(ArrayList.java:1655)
	at java.base/java.util.stream.AbstractPipeline.copyInto(AbstractPipeline.java:484)
	at java.base/java.util.stream.AbstractPipeline.wrapAndCopyInto(AbstractPipeline.java:474)
	at java.base/java.util.stream.ReduceOps$ReduceOp.evaluateSequential(ReduceOps.java:913)
	at java.base/java.util.stream.AbstractPipeline.evaluate(AbstractPipeline.java:234)
	at java.base/java.util.stream.ReferencePipeline.collect(ReferencePipeline.java:578)
	at de.uka.ilkd.key.nparser.builder.AbstractBuilder.mapOf(AbstractBuilder.java:112)
	at de.uka.ilkd.key.nparser.builder.IncludeFinder.visitOne_include_statement(IncludeFinder.java:35)
	at de.uka.ilkd.key.nparser.builder.IncludeFinder.visitOne_include_statement(IncludeFinder.java:20)
	at de.uka.ilkd.key.nparser.KeYParser$One_include_statementContext.accept(KeYParser.java:802)
	at org.antlr.v4.runtime.tree.AbstractParseTreeVisitor.visitChildren(AbstractParseTreeVisitor.java:46)
	at de.uka.ilkd.key.nparser.KeYParserBaseVisitor.visitDecls(KeYParserBaseVisitor.java:30)
	at de.uka.ilkd.key.nparser.KeYParser$DeclsContext.accept(KeYParser.java:500)
	at org.antlr.v4.runtime.tree.AbstractParseTreeVisitor.visitChildren(AbstractParseTreeVisitor.java:46)
	at de.uka.ilkd.key.nparser.KeYParserBaseVisitor.visitFile(KeYParserBaseVisitor.java:23)
	at de.uka.ilkd.key.nparser.KeYParser$FileContext.accept(KeYParser.java:306)
	at de.uka.ilkd.key.nparser.KeyAst.accept(KeyAst.java:41)
	at de.uka.ilkd.key.nparser.KeyAst$File.getIncludes(KeyAst.java:76)
	at de.uka.ilkd.key.proof.io.KeYFile.readIncludes(KeYFile.java:208)
	... 14 more
Could not find rule file rules/intRulesCheckedSemantics.key (file: /home/runner/work/key/key/key.core/../key.ui/examples/index/.././heap/list/ArrayList_concatenate.key; caused by: de.uka.ilkd.key.proof.init.ProofInputException: Could not find rule file rules/intRulesCheckedSemantics.key)
	at de.uka.ilkd.key.control.AbstractUserInterfaceControl.load(AbstractUserInterfaceControl.java:221)
	at de.uka.ilkd.key.control.KeYEnvironment.load(KeYEnvironment.java:251)
	at de.uka.ilkd.key.control.KeYEnvironment.load(KeYEnvironment.java:224)
	at de.uka.ilkd.key.control.KeYEnvironment.load(KeYEnvironment.java:184)
	at de.uka.ilkd.key.control.KeYEnvironment.load(KeYEnvironment.java:261)
	at de.uka.ilkd.key.proof.runallproofs.proofcollection.TestFile.load(TestFile.java:270)
	at de.uka.ilkd.key.proof.runallproofs.proofcollection.TestFile.runKey(TestFile.java:160)
	at de.uka.ilkd.key.proof.runallproofs.proofcollection.ForkedTestFileRunner.main(ForkedTestFileRunner.java:171)
Caused by: de.uka.ilkd.key.proof.init.ProofInputException: Could not find rule file rules/intRulesCheckedSemantics.key
	at de.uka.ilkd.key.proof.io.KeYFile.readIncludes(KeYFile.java:210)
	at de.uka.ilkd.key.proof.init.ProblemInitializer.readIncludes(ProblemInitializer.java:177)
	at de.uka.ilkd.key.proof.init.ProblemInitializer.readEnvInput(ProblemInitializer.java:325)
	at de.uka.ilkd.key.proof.init.ProblemInitializer.prepare(ProblemInitializer.java:449)
	at de.uka.ilkd.key.proof.io.AbstractProblemLoader.createInitConfig(AbstractProblemLoader.java:518)
	at de.uka.ilkd.key.proof.io.AbstractProblemLoader.loadEnvironment(AbstractProblemLoader.java:288)
	at de.uka.ilkd.key.proof.io.AbstractProblemLoader.load(AbstractProblemLoader.java:252)
	at de.uka.ilkd.key.control.AbstractUserInterfaceControl.load(AbstractUserInterfaceControl.java:209)
	... 7 more
Caused by: java.lang.RuntimeException: Could not find rule file rules/intRulesCheckedSemantics.key
	at de.uka.ilkd.key.proof.io.RuleSourceFactory.fromBuiltInRule(RuleSourceFactory.java:32)
	at de.uka.ilkd.key.proof.io.RuleSourceFactory.fromDefaultLocation(RuleSourceFactory.java:21)
	at de.uka.ilkd.key.nparser.builder.IncludeFinder.addInclude(IncludeFinder.java:63)
	at de.uka.ilkd.key.nparser.builder.IncludeFinder.visitOne_include(IncludeFinder.java:43)
	at de.uka.ilkd.key.nparser.builder.IncludeFinder.visitOne_include(IncludeFinder.java:20)
	at de.uka.ilkd.key.nparser.KeYParser$One_includeContext.accept(KeYParser.java:878)
	at de.uka.ilkd.key.nparser.builder.AbstractBuilder.lambda$mapOf$0(AbstractBuilder.java:112)
	at java.base/java.util.stream.ReferencePipeline$3$1.accept(ReferencePipeline.java:195)
	at java.base/java.util.ArrayList$ArrayListSpliterator.forEachRemaining(ArrayList.java:1655)
	at java.base/java.util.stream.AbstractPipeline.copyInto(AbstractPipeline.java:484)
	at java.base/java.util.stream.AbstractPipeline.wrapAndCopyInto(AbstractPipeline.java:474)
	at java.base/java.util.stream.ReduceOps$ReduceOp.evaluateSequential(ReduceOps.java:913)
	at java.base/java.util.stream.AbstractPipeline.evaluate(AbstractPipeline.java:234)
	at java.base/java.util.stream.ReferencePipeline.collect(ReferencePipeline.java:578)
	at de.uka.ilkd.key.nparser.builder.AbstractBuilder.mapOf(AbstractBuilder.java:112)
	at de.uka.ilkd.key.nparser.builder.IncludeFinder.visitOne_include_statement(IncludeFinder.java:35)
	at de.uka.ilkd.key.nparser.builder.IncludeFinder.visitOne_include_statement(IncludeFinder.java:20)
	at de.uka.ilkd.key.nparser.KeYParser$One_include_statementContext.accept(KeYParser.java:802)
	at org.antlr.v4.runtime.tree.AbstractParseTreeVisitor.visitChildren(AbstractParseTreeVisitor.java:46)
	at de.uka.ilkd.key.nparser.KeYParserBaseVisitor.visitDecls(KeYParserBaseVisitor.java:30)
	at de.uka.ilkd.key.nparser.KeYParser$DeclsContext.accept(KeYParser.java:500)
	at org.antlr.v4.runtime.tree.AbstractParseTreeVisitor.visitChildren(AbstractParseTreeVisitor.java:46)
	at de.uka.ilkd.key.nparser.KeYParserBaseVisitor.visitFile(KeYParserBaseVisitor.java:23)
	at de.uka.ilkd.key.nparser.KeYParser$FileContext.accept(KeYParser.java:306)
	at de.uka.ilkd.key.nparser.KeyAst.accept(KeyAst.java:41)
	at de.uka.ilkd.key.nparser.KeyAst$File.getIncludes(KeyAst.java:76)
	at de.uka.ilkd.key.proof.io.KeYFile.readIncludes(KeYFile.java:208)
	... 14 more
Could not find rule file rules/intRulesCheckedSemantics.key (file: /home/runner/work/key/key/key.core/../key.ui/examples/index/.././heap/list/ArrayList_contains_dep.key; caused by: de.uka.ilkd.key.proof.init.ProofInputException: Could not find rule file rules/intRulesCheckedSemantics.key)
	at de.uka.ilkd.key.control.AbstractUserInterfaceControl.load(AbstractUserInterfaceControl.java:221)
	at de.uka.ilkd.key.control.KeYEnvironment.load(KeYEnvironment.java:251)
	at de.uka.ilkd.key.control.KeYEnvironment.load(KeYEnvironment.java:224)
	at de.uka.ilkd.key.control.KeYEnvironment.load(KeYEnvironment.java:184)
	at de.uka.ilkd.key.control.KeYEnvironment.load(KeYEnvironment.java:261)
	at de.uka.ilkd.key.proof.runallproofs.proofcollection.TestFile.load(TestFile.java:270)
	at de.uka.ilkd.key.proof.runallproofs.proofcollection.TestFile.runKey(TestFile.java:160)
	at de.uka.ilkd.key.proof.runallproofs.proofcollection.ForkedTestFileRunner.main(ForkedTestFileRunner.java:171)
Caused by: de.uka.ilkd.key.proof.init.ProofInputException: Could not find rule file rules/intRulesCheckedSemantics.key
	at de.uka.ilkd.key.proof.io.KeYFile.readIncludes(KeYFile.java:210)
	at de.uka.ilkd.key.proof.init.ProblemInitializer.readIncludes(ProblemInitializer.java:177)
	at de.uka.ilkd.key.proof.init.ProblemInitializer.readEnvInput(ProblemInitializer.java:325)
	at de.uka.ilkd.key.proof.init.ProblemInitializer.prepare(ProblemInitializer.java:449)
	at de.uka.ilkd.key.proof.io.AbstractProblemLoader.createInitConfig(AbstractProblemLoader.java:518)
	at de.uka.ilkd.key.proof.io.AbstractProblemLoader.loadEnvironment(AbstractProblemLoader.java:288)
	at de.uka.ilkd.key.proof.io.AbstractProblemLoader.load(AbstractProblemLoader.java:252)
	at de.uka.ilkd.key.control.AbstractUserInterfaceControl.load(AbstractUserInterfaceControl.java:209)
	... 7 more
Caused by: java.lang.RuntimeException: Could not find rule file rules/intRulesCheckedSemantics.key
	at de.uka.ilkd.key.proof.io.RuleSourceFactory.fromBuiltInRule(RuleSourceFactory.java:32)
	at de.uka.ilkd.key.proof.io.RuleSourceFactory.fromDefaultLocation(RuleSourceFactory.java:21)
	at de.uka.ilkd.key.nparser.builder.IncludeFinder.addInclude(IncludeFinder.java:63)
	at de.uka.ilkd.key.nparser.builder.IncludeFinder.visitOne_include(IncludeFinder.java:43)
	at de.uka.ilkd.key.nparser.builder.IncludeFinder.visitOne_include(IncludeFinder.java:20)
	at de.uka.ilkd.key.nparser.KeYParser$One_includeContext.accept(KeYParser.java:878)
	at de.uka.ilkd.key.nparser.builder.AbstractBuilder.lambda$mapOf$0(AbstractBuilder.java:112)
	at java.base/java.util.stream.ReferencePipeline$3$1.accept(ReferencePipeline.java:195)
	at java.base/java.util.ArrayList$ArrayListSpliterator.forEachRemaining(ArrayList.java:1655)
	at java.base/java.util.stream.AbstractPipeline.copyInto(AbstractPipeline.java:484)
	at java.base/java.util.stream.AbstractPipeline.wrapAndCopyInto(AbstractPipeline.java:474)
	at java.base/java.util.stream.ReduceOps$ReduceOp.evaluateSequential(ReduceOps.java:913)
	at java.base/java.util.stream.AbstractPipeline.evaluate(AbstractPipeline.java:234)
	at java.base/java.util.stream.ReferencePipeline.collect(ReferencePipeline.java:578)
	at de.uka.ilkd.key.nparser.builder.AbstractBuilder.mapOf(AbstractBuilder.java:112)
	at de.uka.ilkd.key.nparser.builder.IncludeFinder.visitOne_include_statement(IncludeFinder.java:35)
	at de.uka.ilkd.key.nparser.builder.IncludeFinder.visitOne_include_statement(IncludeFinder.java:20)
	at de.uka.ilkd.key.nparser.KeYParser$One_include_statementContext.accept(KeYParser.java:802)
	at org.antlr.v4.runtime.tree.AbstractParseTreeVisitor.visitChildren(AbstractParseTreeVisitor.java:46)
	at de.uka.ilkd.key.nparser.KeYParserBaseVisitor.visitDecls(KeYParserBaseVisitor.java:30)
	at de.uka.ilkd.key.nparser.KeYParser$DeclsContext.accept(KeYParser.java:500)
	at org.antlr.v4.runtime.tree.AbstractParseTreeVisitor.visitChildren(AbstractParseTreeVisitor.java:46)
	at de.uka.ilkd.key.nparser.KeYParserBaseVisitor.visitFile(KeYParserBaseVisitor.java:23)
	at de.uka.ilkd.key.nparser.KeYParser$FileContext.accept(KeYParser.java:306)
	at de.uka.ilkd.key.nparser.KeyAst.accept(KeyAst.java:41)
	at de.uka.ilkd.key.nparser.KeyAst$File.getIncludes(KeyAst.java:76)
	at de.uka.ilkd.key.proof.io.KeYFile.readIncludes(KeYFile.java:208)
	... 14 more
Could not find rule file rules/intRulesCheckedSemantics.key (file: /home/runner/work/key/key/key.core/../key.ui/examples/index/.././heap/list/ArrayList_enlarge.key; caused by: de.uka.ilkd.key.proof.init.ProofInputException: Could not find rule file rules/intRulesCheckedSemantics.key)
	at de.uka.ilkd.key.control.AbstractUserInterfaceControl.load(AbstractUserInterfaceControl.java:221)
	at de.uka.ilkd.key.control.KeYEnvironment.load(KeYEnvironment.java:251)
	at de.uka.ilkd.key.control.KeYEnvironment.load(KeYEnvironment.java:224)
	at de.uka.ilkd.key.control.KeYEnvironment.load(KeYEnvironment.java:184)
	at de.uka.ilkd.key.control.KeYEnvironment.load(KeYEnvironment.java:261)
	at de.uka.ilkd.key.proof.runallproofs.proofcollection.TestFile.load(TestFile.java:270)
	at de.uka.ilkd.key.proof.runallproofs.proofcollection.TestFile.runKey(TestFile.java:160)
	at de.uka.ilkd.key.proof.runallproofs.proofcollection.ForkedTestFileRunner.main(ForkedTestFileRunner.java:171)
Caused by: de.uka.ilkd.key.proof.init.ProofInputException: Could not find rule file rules/intRulesCheckedSemantics.key
	at de.uka.ilkd.key.proof.io.KeYFile.readIncludes(KeYFile.java:210)
	at de.uka.ilkd.key.proof.init.ProblemInitializer.readIncludes(ProblemInitializer.java:177)
	at de.uka.ilkd.key.proof.init.ProblemInitializer.readEnvInput(ProblemInitializer.java:325)
	at de.uka.ilkd.key.proof.init.ProblemInitializer.prepare(ProblemInitializer.java:449)
	at de.uka.ilkd.key.proof.io.AbstractProblemLoader.createInitConfig(AbstractProblemLoader.java:518)
	at de.uka.ilkd.key.proof.io.AbstractProblemLoader.loadEnvironment(AbstractProblemLoader.java:288)
	at de.uka.ilkd.key.proof.io.AbstractProblemLoader.load(AbstractProblemLoader.java:252)
	at de.uka.ilkd.key.control.AbstractUserInterfaceControl.load(AbstractUserInterfaceControl.java:209)
	... 7 more
Caused by: java.lang.RuntimeException: Could not find rule file rules/intRulesCheckedSemantics.key
	at de.uka.ilkd.key.proof.io.RuleSourceFactory.fromBuiltInRule(RuleSourceFactory.java:32)
	at de.uka.ilkd.key.proof.io.RuleSourceFactory.fromDefaultLocation(RuleSourceFactory.java:21)
	at de.uka.ilkd.key.nparser.builder.IncludeFinder.addInclude(IncludeFinder.java:63)
	at de.uka.ilkd.key.nparser.builder.IncludeFinder.visitOne_include(IncludeFinder.java:43)
	at de.uka.ilkd.key.nparser.builder.IncludeFinder.visitOne_include(IncludeFinder.java:20)
	at de.uka.ilkd.key.nparser.KeYParser$One_includeContext.accept(KeYParser.java:878)
	at de.uka.ilkd.key.nparser.builder.AbstractBuilder.lambda$mapOf$0(AbstractBuilder.java:112)
	at java.base/java.util.stream.ReferencePipeline$3$1.accept(ReferencePipeline.java:195)
	at java.base/java.util.ArrayList$ArrayListSpliterator.forEachRemaining(ArrayList.java:1655)
	at java.base/java.util.stream.AbstractPipeline.copyInto(AbstractPipeline.java:484)
	at java.base/java.util.stream.AbstractPipeline.wrapAndCopyInto(AbstractPipeline.java:474)
	at java.base/java.util.stream.ReduceOps$ReduceOp.evaluateSequential(ReduceOps.java:913)
	at java.base/java.util.stream.AbstractPipeline.evaluate(AbstractPipeline.java:234)
	at java.base/java.util.stream.ReferencePipeline.collect(ReferencePipeline.java:578)
	at de.uka.ilkd.key.nparser.builder.AbstractBuilder.mapOf(AbstractBuilder.java:112)
	at de.uka.ilkd.key.nparser.builder.IncludeFinder.visitOne_include_statement(IncludeFinder.java:35)
	at de.uka.ilkd.key.nparser.builder.IncludeFinder.visitOne_include_statement(IncludeFinder.java:20)
	at de.uka.ilkd.key.nparser.KeYParser$One_include_statementContext.accept(KeYParser.java:802)
	at org.antlr.v4.runtime.tree.AbstractParseTreeVisitor.visitChildren(AbstractParseTreeVisitor.java:46)
	at de.uka.ilkd.key.nparser.KeYParserBaseVisitor.visitDecls(KeYParserBaseVisitor.java:30)
	at de.uka.ilkd.key.nparser.KeYParser$DeclsContext.accept(KeYParser.java:500)
	at org.antlr.v4.runtime.tree.AbstractParseTreeVisitor.visitChildren(AbstractParseTreeVisitor.java:46)
	at de.uka.ilkd.key.nparser.KeYParserBaseVisitor.visitFile(KeYParserBaseVisitor.java:23)
	at de.uka.ilkd.key.nparser.KeYParser$FileContext.accept(KeYParser.java:306)
	at de.uka.ilkd.key.nparser.KeyAst.accept(KeyAst.java:41)
	at de.uka.ilkd.key.nparser.KeyAst$File.getIncludes(KeyAst.java:76)
	at de.uka.ilkd.key.proof.io.KeYFile.readIncludes(KeYFile.java:208)
	... 14 more
Could not find rule file rules/intRulesCheckedSemantics.key (file: /home/runner/work/key/key/key.core/../key.ui/examples/index/.././heap/list/ArrayList_footprint.key; caused by: de.uka.ilkd.key.proof.init.ProofInputException: Could not find rule file rules/intRulesCheckedSemantics.key)
	at de.uka.ilkd.key.control.AbstractUserInterfaceControl.load(AbstractUserInterfaceControl.java:221)
	at de.uka.ilkd.key.control.KeYEnvironment.load(KeYEnvironment.java:251)
	at de.uka.ilkd.key.control.KeYEnvironment.load(KeYEnvironment.java:224)
	at de.uka.ilkd.key.control.KeYEnvironment.load(KeYEnvironment.java:184)
	at de.uka.ilkd.key.control.KeYEnvironment.load(KeYEnvironment.java:261)
	at de.uka.ilkd.key.proof.runallproofs.proofcollection.TestFile.load(TestFile.java:270)
	at de.uka.ilkd.key.proof.runallproofs.proofcollection.TestFile.runKey(TestFile.java:160)
	at de.uka.ilkd.key.proof.runallproofs.proofcollection.ForkedTestFileRunner.main(ForkedTestFileRunner.java:171)
Caused by: de.uka.ilkd.key.proof.init.ProofInputException: Could not find rule file rules/intRulesCheckedSemantics.key
	at de.uka.ilkd.key.proof.io.KeYFile.readIncludes(KeYFile.java:210)
	at de.uka.ilkd.key.proof.init.ProblemInitializer.readIncludes(ProblemInitializer.java:177)
	at de.uka.ilkd.key.proof.init.ProblemInitializer.readEnvInput(ProblemInitializer.java:325)
	at de.uka.ilkd.key.proof.init.ProblemInitializer.prepare(ProblemInitializer.java:449)
	at de.uka.ilkd.key.proof.io.AbstractProblemLoader.createInitConfig(AbstractProblemLoader.java:518)
	at de.uka.ilkd.key.proof.io.AbstractProblemLoader.loadEnvironment(AbstractProblemLoader.java:288)
	at de.uka.ilkd.key.proof.io.AbstractProblemLoader.load(AbstractProblemLoader.java:252)
	at de.uka.ilkd.key.control.AbstractUserInterfaceControl.load(AbstractUserInterfaceControl.java:209)
	... 7 more
Caused by: java.lang.RuntimeException: Could not find rule file rules/intRulesCheckedSemantics.key
	at de.uka.ilkd.key.proof.io.RuleSourceFactory.fromBuiltInRule(RuleSourceFactory.java:32)
	at de.uka.ilkd.key.proof.io.RuleSourceFactory.fromDefaultLocation(RuleSourceFactory.java:21)
	at de.uka.ilkd.key.nparser.builder.IncludeFinder.addInclude(IncludeFinder.java:63)
	at de.uka.ilkd.key.nparser.builder.IncludeFinder.visitOne_include(IncludeFinder.java:43)
	at de.uka.ilkd.key.nparser.builder.IncludeFinder.visitOne_include(IncludeFinder.java:20)
	at de.uka.ilkd.key.nparser.KeYParser$One_includeContext.accept(KeYParser.java:878)
	at de.uka.ilkd.key.nparser.builder.AbstractBuilder.lambda$mapOf$0(AbstractBuilder.java:112)
	at java.base/java.util.stream.ReferencePipeline$3$1.accept(ReferencePipeline.java:195)
	at java.base/java.util.ArrayList$ArrayListSpliterator.forEachRemaining(ArrayList.java:1655)
	at java.base/java.util.stream.AbstractPipeline.copyInto(AbstractPipeline.java:484)
	at java.base/java.util.stream.AbstractPipeline.wrapAndCopyInto(AbstractPipeline.java:474)
	at java.base/java.util.stream.ReduceOps$ReduceOp.evaluateSequential(ReduceOps.java:913)
	at java.base/java.util.stream.AbstractPipeline.evaluate(AbstractPipeline.java:234)
	at java.base/java.util.stream.ReferencePipeline.collect(ReferencePipeline.java:578)
	at de.uka.ilkd.key.nparser.builder.AbstractBuilder.mapOf(AbstractBuilder.java:112)
	at de.uka.ilkd.key.nparser.builder.IncludeFinder.visitOne_include_statement(IncludeFinder.java:35)
	at de.uka.ilkd.key.nparser.builder.IncludeFinder.visitOne_include_statement(IncludeFinder.java:20)
	at de.uka.ilkd.key.nparser.KeYParser$One_include_statementContext.accept(KeYParser.java:802)
	at org.antlr.v4.runtime.tree.AbstractParseTreeVisitor.visitChildren(AbstractParseTreeVisitor.java:46)
	at de.uka.ilkd.key.nparser.KeYParserBaseVisitor.visitDecls(KeYParserBaseVisitor.java:30)
	at de.uka.ilkd.key.nparser.KeYParser$DeclsContext.accept(KeYParser.java:500)
	at org.antlr.v4.runtime.tree.AbstractParseTreeVisitor.visitChildren(AbstractParseTreeVisitor.java:46)
	at de.uka.ilkd.key.nparser.KeYParserBaseVisitor.visitFile(KeYParserBaseVisitor.java:23)
	at de.uka.ilkd.key.nparser.KeYParser$FileContext.accept(KeYParser.java:306)
	at de.uka.ilkd.key.nparser.KeyAst.accept(KeyAst.java:41)
	at de.uka.ilkd.key.nparser.KeyAst$File.getIncludes(KeyAst.java:76)
	at de.uka.ilkd.key.proof.io.KeYFile.readIncludes(KeYFile.java:208)
	... 14 more
Could not find rule file rules/intRulesCheckedSemantics.key (file: /home/runner/work/key/key/key.core/../key.ui/examples/index/.././heap/list/ArrayList_get_dep.key; caused by: de.uka.ilkd.key.proof.init.ProofInputException: Could not find rule file rules/intRulesCheckedSemantics.key)
	at de.uka.ilkd.key.control.AbstractUserInterfaceControl.load(AbstractUserInterfaceControl.java:221)
	at de.uka.ilkd.key.control.KeYEnvironment.load(KeYEnvironment.java:251)
	at de.uka.ilkd.key.control.KeYEnvironment.load(KeYEnvironment.java:224)
	at de.uka.ilkd.key.control.KeYEnvironment.load(KeYEnvironment.java:184)
	at de.uka.ilkd.key.control.KeYEnvironment.load(KeYEnvironment.java:261)
	at de.uka.ilkd.key.proof.runallproofs.proofcollection.TestFile.load(TestFile.java:270)
	at de.uka.ilkd.key.proof.runallproofs.proofcollection.TestFile.runKey(TestFile.java:160)
	at de.uka.ilkd.key.proof.runallproofs.proofcollection.ForkedTestFileRunner.main(ForkedTestFileRunner.java:171)
Caused by: de.uka.ilkd.key.proof.init.ProofInputException: Could not find rule file rules/intRulesCheckedSemantics.key
	at de.uka.ilkd.key.proof.io.KeYFile.readIncludes(KeYFile.java:210)
	at de.uka.ilkd.key.proof.init.ProblemInitializer.readIncludes(ProblemInitializer.java:177)
	at de.uka.ilkd.key.proof.init.ProblemInitializer.readEnvInput(ProblemInitializer.java:325)
	at de.uka.ilkd.key.proof.init.ProblemInitializer.prepare(ProblemInitializer.java:449)
	at de.uka.ilkd.key.proof.io.AbstractProblemLoader.createInitConfig(AbstractProblemLoader.java:518)
	at de.uka.ilkd.key.proof.io.AbstractProblemLoader.loadEnvironment(AbstractProblemLoader.java:288)
	at de.uka.ilkd.key.proof.io.AbstractProblemLoader.load(AbstractProblemLoader.java:252)
	at de.uka.ilkd.key.control.AbstractUserInterfaceControl.load(AbstractUserInterfaceControl.java:209)
	... 7 more
Caused by: java.lang.RuntimeException: Could not find rule file rules/intRulesCheckedSemantics.key
	at de.uka.ilkd.key.proof.io.RuleSourceFactory.fromBuiltInRule(RuleSourceFactory.java:32)
	at de.uka.ilkd.key.proof.io.RuleSourceFactory.fromDefaultLocation(RuleSourceFactory.java:21)
	at de.uka.ilkd.key.nparser.builder.IncludeFinder.addInclude(IncludeFinder.java:63)
	at de.uka.ilkd.key.nparser.builder.IncludeFinder.visitOne_include(IncludeFinder.java:43)
	at de.uka.ilkd.key.nparser.builder.IncludeFinder.visitOne_include(IncludeFinder.java:20)
	at de.uka.ilkd.key.nparser.KeYParser$One_includeContext.accept(KeYParser.java:878)
	at de.uka.ilkd.key.nparser.builder.AbstractBuilder.lambda$mapOf$0(AbstractBuilder.java:112)
	at java.base/java.util.stream.ReferencePipeline$3$1.accept(ReferencePipeline.java:195)
	at java.base/java.util.ArrayList$ArrayListSpliterator.forEachRemaining(ArrayList.java:1655)
	at java.base/java.util.stream.AbstractPipeline.copyInto(AbstractPipeline.java:484)
	at java.base/java.util.stream.AbstractPipeline.wrapAndCopyInto(AbstractPipeline.java:474)
	at java.base/java.util.stream.ReduceOps$ReduceOp.evaluateSequential(ReduceOps.java:913)
	at java.base/java.util.stream.AbstractPipeline.evaluate(AbstractPipeline.java:234)
	at java.base/java.util.stream.ReferencePipeline.collect(ReferencePipeline.java:578)
	at de.uka.ilkd.key.nparser.builder.AbstractBuilder.mapOf(AbstractBuilder.java:112)
	at de.uka.ilkd.key.nparser.builder.IncludeFinder.visitOne_include_statement(IncludeFinder.java:35)
	at de.uka.ilkd.key.nparser.builder.IncludeFinder.visitOne_include_statement(IncludeFinder.java:20)
	at de.uka.ilkd.key.nparser.KeYParser$One_include_statementContext.accept(KeYParser.java:802)
	at org.antlr.v4.runtime.tree.AbstractParseTreeVisitor.visitChildren(AbstractParseTreeVisitor.java:46)
	at de.uka.ilkd.key.nparser.KeYParserBaseVisitor.visitDecls(KeYParserBaseVisitor.java:30)
	at de.uka.ilkd.key.nparser.KeYParser$DeclsContext.accept(KeYParser.java:500)
	at org.antlr.v4.runtime.tree.AbstractParseTreeVisitor.visitChildren(AbstractParseTreeVisitor.java:46)
	at de.uka.ilkd.key.nparser.KeYParserBaseVisitor.visitFile(KeYParserBaseVisitor.java:23)
	at de.uka.ilkd.key.nparser.KeYParser$FileContext.accept(KeYParser.java:306)
	at de.uka.ilkd.key.nparser.KeyAst.accept(KeyAst.java:41)
	at de.uka.ilkd.key.nparser.KeyAst$File.getIncludes(KeyAst.java:76)
	at de.uka.ilkd.key.proof.io.KeYFile.readIncludes(KeYFile.java:208)
	... 14 more
Could not find rule file rules/intRulesCheckedSemantics.key (file: /home/runner/work/key/key/key.core/../key.ui/examples/index/.././heap/list/ArrayList_get_exceptional.key; caused by: de.uka.ilkd.key.proof.init.ProofInputException: Could not find rule file rules/intRulesCheckedSemantics.key)
	at de.uka.ilkd.key.control.AbstractUserInterfaceControl.load(AbstractUserInterfaceControl.java:221)
	at de.uka.ilkd.key.control.KeYEnvironment.load(KeYEnvironment.java:251)
	at de.uka.ilkd.key.control.KeYEnvironment.load(KeYEnvironment.java:224)
	at de.uka.ilkd.key.control.KeYEnvironment.load(KeYEnvironment.java:184)
	at de.uka.ilkd.key.control.KeYEnvironment.load(KeYEnvironment.java:261)
	at de.uka.ilkd.key.proof.runallproofs.proofcollection.TestFile.load(TestFile.java:270)
	at de.uka.ilkd.key.proof.runallproofs.proofcollection.TestFile.runKey(TestFile.java:160)
	at de.uka.ilkd.key.proof.runallproofs.proofcollection.ForkedTestFileRunner.main(ForkedTestFileRunner.java:171)
Caused by: de.uka.ilkd.key.proof.init.ProofInputException: Could not find rule file rules/intRulesCheckedSemantics.key
	at de.uka.ilkd.key.proof.io.KeYFile.readIncludes(KeYFile.java:210)
	at de.uka.ilkd.key.proof.init.ProblemInitializer.readIncludes(ProblemInitializer.java:177)
	at de.uka.ilkd.key.proof.init.ProblemInitializer.readEnvInput(ProblemInitializer.java:325)
	at de.uka.ilkd.key.proof.init.ProblemInitializer.prepare(ProblemInitializer.java:449)
	at de.uka.ilkd.key.proof.io.AbstractProblemLoader.createInitConfig(AbstractProblemLoader.java:518)
	at de.uka.ilkd.key.proof.io.AbstractProblemLoader.loadEnvironment(AbstractProblemLoader.java:288)
	at de.uka.ilkd.key.proof.io.AbstractProblemLoader.load(AbstractProblemLoader.java:252)
	at de.uka.ilkd.key.control.AbstractUserInterfaceControl.load(AbstractUserInterfaceControl.java:209)
	... 7 more
Caused by: java.lang.RuntimeException: Could not find rule file rules/intRulesCheckedSemantics.key
	at de.uka.ilkd.key.proof.io.RuleSourceFactory.fromBuiltInRule(RuleSourceFactory.java:32)
	at de.uka.ilkd.key.proof.io.RuleSourceFactory.fromDefaultLocation(RuleSourceFactory.java:21)
	at de.uka.ilkd.key.nparser.builder.IncludeFinder.addInclude(IncludeFinder.java:63)
	at de.uka.ilkd.key.nparser.builder.IncludeFinder.visitOne_include(IncludeFinder.java:43)
	at de.uka.ilkd.key.nparser.builder.IncludeFinder.visitOne_include(IncludeFinder.java:20)
	at de.uka.ilkd.key.nparser.KeYParser$One_includeContext.accept(KeYParser.java:878)
	at de.uka.ilkd.key.nparser.builder.AbstractBuilder.lambda$mapOf$0(AbstractBuilder.java:112)
	at java.base/java.util.stream.ReferencePipeline$3$1.accept(ReferencePipeline.java:195)
	at java.base/java.util.ArrayList$ArrayListSpliterator.forEachRemaining(ArrayList.java:1655)
	at java.base/java.util.stream.AbstractPipeline.copyInto(AbstractPipeline.java:484)
	at java.base/java.util.stream.AbstractPipeline.wrapAndCopyInto(AbstractPipeline.java:474)
	at java.base/java.util.stream.ReduceOps$ReduceOp.evaluateSequential(ReduceOps.java:913)
	at java.base/java.util.stream.AbstractPipeline.evaluate(AbstractPipeline.java:234)
	at java.base/java.util.stream.ReferencePipeline.collect(ReferencePipeline.java:578)
	at de.uka.ilkd.key.nparser.builder.AbstractBuilder.mapOf(AbstractBuilder.java:112)
	at de.uka.ilkd.key.nparser.builder.IncludeFinder.visitOne_include_statement(IncludeFinder.java:35)
	at de.uka.ilkd.key.nparser.builder.IncludeFinder.visitOne_include_statement(IncludeFinder.java:20)
	at de.uka.ilkd.key.nparser.KeYParser$One_include_statementContext.accept(KeYParser.java:802)
	at org.antlr.v4.runtime.tree.AbstractParseTreeVisitor.visitChildren(AbstractParseTreeVisitor.java:46)
	at de.uka.ilkd.key.nparser.KeYParserBaseVisitor.visitDecls(KeYParserBaseVisitor.java:30)
	at de.uka.ilkd.key.nparser.KeYParser$DeclsContext.accept(KeYParser.java:500)
	at org.antlr.v4.runtime.tree.AbstractParseTreeVisitor.visitChildren(AbstractParseTreeVisitor.java:46)
	at de.uka.ilkd.key.nparser.KeYParserBaseVisitor.visitFile(KeYParserBaseVisitor.java:23)
	at de.uka.ilkd.key.nparser.KeYParser$FileContext.accept(KeYParser.java:306)
	at de.uka.ilkd.key.nparser.KeyAst.accept(KeyAst.java:41)
	at de.uka.ilkd.key.nparser.KeyAst$File.getIncludes(KeyAst.java:76)
	at de.uka.ilkd.key.proof.io.KeYFile.readIncludes(KeYFile.java:208)
	... 14 more
Could not find rule file rules/intRulesCheckedSemantics.key (file: /home/runner/work/key/key/key.core/../key.ui/examples/index/.././heap/list/ArrayList_get_normal.key; caused by: de.uka.ilkd.key.proof.init.ProofInputException: Could not find rule file rules/intRulesCheckedSemantics.key)
	at de.uka.ilkd.key.control.AbstractUserInterfaceControl.load(AbstractUserInterfaceControl.java:221)
	at de.uka.ilkd.key.control.KeYEnvironment.load(KeYEnvironment.java:251)
	at de.uka.ilkd.key.control.KeYEnvironment.load(KeYEnvironment.java:224)
	at de.uka.ilkd.key.control.KeYEnvironment.load(KeYEnvironment.java:184)
	at de.uka.ilkd.key.control.KeYEnvironment.load(KeYEnvironment.java:261)
	at de.uka.ilkd.key.proof.runallproofs.proofcollection.TestFile.load(TestFile.java:270)
	at de.uka.ilkd.key.proof.runallproofs.proofcollection.TestFile.runKey(TestFile.java:160)
	at de.uka.ilkd.key.proof.runallproofs.proofcollection.ForkedTestFileRunner.main(ForkedTestFileRunner.java:171)
Caused by: de.uka.ilkd.key.proof.init.ProofInputException: Could not find rule file rules/intRulesCheckedSemantics.key
	at de.uka.ilkd.key.proof.io.KeYFile.readIncludes(KeYFile.java:210)
	at de.uka.ilkd.key.proof.init.ProblemInitializer.readIncludes(ProblemInitializer.java:177)
	at de.uka.ilkd.key.proof.init.ProblemInitializer.readEnvInput(ProblemInitializer.java:325)
	at de.uka.ilkd.key.proof.init.ProblemInitializer.prepare(ProblemInitializer.java:449)
	at de.uka.ilkd.key.proof.io.AbstractProblemLoader.createInitConfig(AbstractProblemLoader.java:518)
	at de.uka.ilkd.key.proof.io.AbstractProblemLoader.loadEnvironment(AbstractProblemLoader.java:288)
	at de.uka.ilkd.key.proof.io.AbstractProblemLoader.load(AbstractProblemLoader.java:252)
	at de.uka.ilkd.key.control.AbstractUserInterfaceControl.load(AbstractUserInterfaceControl.java:209)
	... 7 more
Caused by: java.lang.RuntimeException: Could not find rule file rules/intRulesCheckedSemantics.key
	at de.uka.ilkd.key.proof.io.RuleSourceFactory.fromBuiltInRule(RuleSourceFactory.java:32)
	at de.uka.ilkd.key.proof.io.RuleSourceFactory.fromDefaultLocation(RuleSourceFactory.java:21)
	at de.uka.ilkd.key.nparser.builder.IncludeFinder.addInclude(IncludeFinder.java:63)
	at de.uka.ilkd.key.nparser.builder.IncludeFinder.visitOne_include(IncludeFinder.java:43)
	at de.uka.ilkd.key.nparser.builder.IncludeFinder.visitOne_include(IncludeFinder.java:20)
	at de.uka.ilkd.key.nparser.KeYParser$One_includeContext.accept(KeYParser.java:878)
	at de.uka.ilkd.key.nparser.builder.AbstractBuilder.lambda$mapOf$0(AbstractBuilder.java:112)
	at java.base/java.util.stream.ReferencePipeline$3$1.accept(ReferencePipeline.java:195)
	at java.base/java.util.ArrayList$ArrayListSpliterator.forEachRemaining(ArrayList.java:1655)
	at java.base/java.util.stream.AbstractPipeline.copyInto(AbstractPipeline.java:484)
	at java.base/java.util.stream.AbstractPipeline.wrapAndCopyInto(AbstractPipeline.java:474)
	at java.base/java.util.stream.ReduceOps$ReduceOp.evaluateSequential(ReduceOps.java:913)
	at java.base/java.util.stream.AbstractPipeline.evaluate(AbstractPipeline.java:234)
	at java.base/java.util.stream.ReferencePipeline.collect(ReferencePipeline.java:578)
	at de.uka.ilkd.key.nparser.builder.AbstractBuilder.mapOf(AbstractBuilder.java:112)
	at de.uka.ilkd.key.nparser.builder.IncludeFinder.visitOne_include_statement(IncludeFinder.java:35)
	at de.uka.ilkd.key.nparser.builder.IncludeFinder.visitOne_include_statement(IncludeFinder.java:20)
	at de.uka.ilkd.key.nparser.KeYParser$One_include_statementContext.accept(KeYParser.java:802)
	at org.antlr.v4.runtime.tree.AbstractParseTreeVisitor.visitChildren(AbstractParseTreeVisitor.java:46)
	at de.uka.ilkd.key.nparser.KeYParserBaseVisitor.visitDecls(KeYParserBaseVisitor.java:30)
	at de.uka.ilkd.key.nparser.KeYParser$DeclsContext.accept(KeYParser.java:500)
	at org.antlr.v4.runtime.tree.AbstractParseTreeVisitor.visitChildren(AbstractParseTreeVisitor.java:46)
	at de.uka.ilkd.key.nparser.KeYParserBaseVisitor.visitFile(KeYParserBaseVisitor.java:23)
	at de.uka.ilkd.key.nparser.KeYParser$FileContext.accept(KeYParser.java:306)
	at de.uka.ilkd.key.nparser.KeyAst.accept(KeyAst.java:41)
	at de.uka.ilkd.key.nparser.KeyAst$File.getIncludes(KeyAst.java:76)
	at de.uka.ilkd.key.proof.io.KeYFile.readIncludes(KeYFile.java:208)
	... 14 more
Could not find rule file rules/intRulesCheckedSemantics.key (file: /home/runner/work/key/key/key.core/../key.ui/examples/index/.././heap/list/ArrayList_inv.key; caused by: de.uka.ilkd.key.proof.init.ProofInputException: Could not find rule file rules/intRulesCheckedSemantics.key)
	at de.uka.ilkd.key.control.AbstractUserInterfaceControl.load(AbstractUserInterfaceControl.java:221)
	at de.uka.ilkd.key.control.KeYEnvironment.load(KeYEnvironment.java:251)
	at de.uka.ilkd.key.control.KeYEnvironment.load(KeYEnvironment.java:224)
	at de.uka.ilkd.key.control.KeYEnvironment.load(KeYEnvironment.java:184)
	at de.uka.ilkd.key.control.KeYEnvironment.load(KeYEnvironment.java:261)
	at de.uka.ilkd.key.proof.runallproofs.proofcollection.TestFile.load(TestFile.java:270)
	at de.uka.ilkd.key.proof.runallproofs.proofcollection.TestFile.runKey(TestFile.java:160)
	at de.uka.ilkd.key.proof.runallproofs.proofcollection.ForkedTestFileRunner.main(ForkedTestFileRunner.java:171)
Caused by: de.uka.ilkd.key.proof.init.ProofInputException: Could not find rule file rules/intRulesCheckedSemantics.key
	at de.uka.ilkd.key.proof.io.KeYFile.readIncludes(KeYFile.java:210)
	at de.uka.ilkd.key.proof.init.ProblemInitializer.readIncludes(ProblemInitializer.java:177)
	at de.uka.ilkd.key.proof.init.ProblemInitializer.readEnvInput(ProblemInitializer.java:325)
	at de.uka.ilkd.key.proof.init.ProblemInitializer.prepare(ProblemInitializer.java:449)
	at de.uka.ilkd.key.proof.io.AbstractProblemLoader.createInitConfig(AbstractProblemLoader.java:518)
	at de.uka.ilkd.key.proof.io.AbstractProblemLoader.loadEnvironment(AbstractProblemLoader.java:288)
	at de.uka.ilkd.key.proof.io.AbstractProblemLoader.load(AbstractProblemLoader.java:252)
	at de.uka.ilkd.key.control.AbstractUserInterfaceControl.load(AbstractUserInterfaceControl.java:209)
	... 7 more
Caused by: java.lang.RuntimeException: Could not find rule file rules/intRulesCheckedSemantics.key
	at de.uka.ilkd.key.proof.io.RuleSourceFactory.fromBuiltInRule(RuleSourceFactory.java:32)
	at de.uka.ilkd.key.proof.io.RuleSourceFactory.fromDefaultLocation(RuleSourceFactory.java:21)
	at de.uka.ilkd.key.nparser.builder.IncludeFinder.addInclude(IncludeFinder.java:63)
	at de.uka.ilkd.key.nparser.builder.IncludeFinder.visitOne_include(IncludeFinder.java:43)
	at de.uka.ilkd.key.nparser.builder.IncludeFinder.visitOne_include(IncludeFinder.java:20)
	at de.uka.ilkd.key.nparser.KeYParser$One_includeContext.accept(KeYParser.java:878)
	at de.uka.ilkd.key.nparser.builder.AbstractBuilder.lambda$mapOf$0(AbstractBuilder.java:112)
	at java.base/java.util.stream.ReferencePipeline$3$1.accept(ReferencePipeline.java:195)
	at java.base/java.util.ArrayList$ArrayListSpliterator.forEachRemaining(ArrayList.java:1655)
	at java.base/java.util.stream.AbstractPipeline.copyInto(AbstractPipeline.java:484)
	at java.base/java.util.stream.AbstractPipeline.wrapAndCopyInto(AbstractPipeline.java:474)
	at java.base/java.util.stream.ReduceOps$ReduceOp.evaluateSequential(ReduceOps.java:913)
	at java.base/java.util.stream.AbstractPipeline.evaluate(AbstractPipeline.java:234)
	at java.base/java.util.stream.ReferencePipeline.collect(ReferencePipeline.java:578)
	at de.uka.ilkd.key.nparser.builder.AbstractBuilder.mapOf(AbstractBuilder.java:112)
	at de.uka.ilkd.key.nparser.builder.IncludeFinder.visitOne_include_statement(IncludeFinder.java:35)
	at de.uka.ilkd.key.nparser.builder.IncludeFinder.visitOne_include_statement(IncludeFinder.java:20)
	at de.uka.ilkd.key.nparser.KeYParser$One_include_statementContext.accept(KeYParser.java:802)
	at org.antlr.v4.runtime.tree.AbstractParseTreeVisitor.visitChildren(AbstractParseTreeVisitor.java:46)
	at de.uka.ilkd.key.nparser.KeYParserBaseVisitor.visitDecls(KeYParserBaseVisitor.java:30)
	at de.uka.ilkd.key.nparser.KeYParser$DeclsContext.accept(KeYParser.java:500)
	at org.antlr.v4.runtime.tree.AbstractParseTreeVisitor.visitChildren(AbstractParseTreeVisitor.java:46)
	at de.uka.ilkd.key.nparser.KeYParserBaseVisitor.visitFile(KeYParserBaseVisitor.java:23)
	at de.uka.ilkd.key.nparser.KeYParser$FileContext.accept(KeYParser.java:306)
	at de.uka.ilkd.key.nparser.KeyAst.accept(KeyAst.java:41)
	at de.uka.ilkd.key.nparser.KeyAst$File.getIncludes(KeyAst.java:76)
	at de.uka.ilkd.key.proof.io.KeYFile.readIncludes(KeYFile.java:208)
	... 14 more
Could not find rule file rules/intRulesCheckedSemantics.key (file: /home/runner/work/key/key/key.core/../key.ui/examples/index/.././heap/list/ArrayList_iterator.key; caused by: de.uka.ilkd.key.proof.init.ProofInputException: Could not find rule file rules/intRulesCheckedSemantics.key)
	at de.uka.ilkd.key.control.AbstractUserInterfaceControl.load(AbstractUserInterfaceControl.java:221)
	at de.uka.ilkd.key.control.KeYEnvironment.load(KeYEnvironment.java:251)
	at de.uka.ilkd.key.control.KeYEnvironment.load(KeYEnvironment.java:224)
	at de.uka.ilkd.key.control.KeYEnvironment.load(KeYEnvironment.java:184)
	at de.uka.ilkd.key.control.KeYEnvironment.load(KeYEnvironment.java:261)
	at de.uka.ilkd.key.proof.runallproofs.proofcollection.TestFile.load(TestFile.java:270)
	at de.uka.ilkd.key.proof.runallproofs.proofcollection.TestFile.runKey(TestFile.java:160)
	at de.uka.ilkd.key.proof.runallproofs.proofcollection.ForkedTestFileRunner.main(ForkedTestFileRunner.java:171)
Caused by: de.uka.ilkd.key.proof.init.ProofInputException: Could not find rule file rules/intRulesCheckedSemantics.key
	at de.uka.ilkd.key.proof.io.KeYFile.readIncludes(KeYFile.java:210)
	at de.uka.ilkd.key.proof.init.ProblemInitializer.readIncludes(ProblemInitializer.java:177)
	at de.uka.ilkd.key.proof.init.ProblemInitializer.readEnvInput(ProblemInitializer.java:325)
	at de.uka.ilkd.key.proof.init.ProblemInitializer.prepare(ProblemInitializer.java:449)
	at de.uka.ilkd.key.proof.io.AbstractProblemLoader.createInitConfig(AbstractProblemLoader.java:518)
	at de.uka.ilkd.key.proof.io.AbstractProblemLoader.loadEnvironment(AbstractProblemLoader.java:288)
	at de.uka.ilkd.key.proof.io.AbstractProblemLoader.load(AbstractProblemLoader.java:252)
	at de.uka.ilkd.key.control.AbstractUserInterfaceControl.load(AbstractUserInterfaceControl.java:209)
	... 7 more
Caused by: java.lang.RuntimeException: Could not find rule file rules/intRulesCheckedSemantics.key
	at de.uka.ilkd.key.proof.io.RuleSourceFactory.fromBuiltInRule(RuleSourceFactory.java:32)
	at de.uka.ilkd.key.proof.io.RuleSourceFactory.fromDefaultLocation(RuleSourceFactory.java:21)
	at de.uka.ilkd.key.nparser.builder.IncludeFinder.addInclude(IncludeFinder.java:63)
	at de.uka.ilkd.key.nparser.builder.IncludeFinder.visitOne_include(IncludeFinder.java:43)
	at de.uka.ilkd.key.nparser.builder.IncludeFinder.visitOne_include(IncludeFinder.java:20)
	at de.uka.ilkd.key.nparser.KeYParser$One_includeContext.accept(KeYParser.java:878)
	at de.uka.ilkd.key.nparser.builder.AbstractBuilder.lambda$mapOf$0(AbstractBuilder.java:112)
	at java.base/java.util.stream.ReferencePipeline$3$1.accept(ReferencePipeline.java:195)
	at java.base/java.util.ArrayList$ArrayListSpliterator.forEachRemaining(ArrayList.java:1655)
	at java.base/java.util.stream.AbstractPipeline.copyInto(AbstractPipeline.java:484)
	at java.base/java.util.stream.AbstractPipeline.wrapAndCopyInto(AbstractPipeline.java:474)
	at java.base/java.util.stream.ReduceOps$ReduceOp.evaluateSequential(ReduceOps.java:913)
	at java.base/java.util.stream.AbstractPipeline.evaluate(AbstractPipeline.java:234)
	at java.base/java.util.stream.ReferencePipeline.collect(ReferencePipeline.java:578)
	at de.uka.ilkd.key.nparser.builder.AbstractBuilder.mapOf(AbstractBuilder.java:112)
	at de.uka.ilkd.key.nparser.builder.IncludeFinder.visitOne_include_statement(IncludeFinder.java:35)
	at de.uka.ilkd.key.nparser.builder.IncludeFinder.visitOne_include_statement(IncludeFinder.java:20)
	at de.uka.ilkd.key.nparser.KeYParser$One_include_statementContext.accept(KeYParser.java:802)
	at org.antlr.v4.runtime.tree.AbstractParseTreeVisitor.visitChildren(AbstractParseTreeVisitor.java:46)
	at de.uka.ilkd.key.nparser.KeYParserBaseVisitor.visitDecls(KeYParserBaseVisitor.java:30)
	at de.uka.ilkd.key.nparser.KeYParser$DeclsContext.accept(KeYParser.java:500)
	at org.antlr.v4.runtime.tree.AbstractParseTreeVisitor.visitChildren(AbstractParseTreeVisitor.java:46)
	at de.uka.ilkd.key.nparser.KeYParserBaseVisitor.visitFile(KeYParserBaseVisitor.java:23)
	at de.uka.ilkd.key.nparser.KeYParser$FileContext.accept(KeYParser.java:306)
	at de.uka.ilkd.key.nparser.KeyAst.accept(KeyAst.java:41)
	at de.uka.ilkd.key.nparser.KeyAst$File.getIncludes(KeyAst.java:76)
	at de.uka.ilkd.key.proof.io.KeYFile.readIncludes(KeYFile.java:208)
	... 14 more
Could not find rule file rules/intRulesCheckedSemantics.key (file: /home/runner/work/key/key/key.core/../key.ui/examples/index/.././heap/list/ArrayList_size_dep.key; caused by: de.uka.ilkd.key.proof.init.ProofInputException: Could not find rule file rules/intRulesCheckedSemantics.key)
	at de.uka.ilkd.key.control.AbstractUserInterfaceControl.load(AbstractUserInterfaceControl.java:221)
	at de.uka.ilkd.key.control.KeYEnvironment.load(KeYEnvironment.java:251)
	at de.uka.ilkd.key.control.KeYEnvironment.load(KeYEnvironment.java:224)
	at de.uka.ilkd.key.control.KeYEnvironment.load(KeYEnvironment.java:184)
	at de.uka.ilkd.key.control.KeYEnvironment.load(KeYEnvironment.java:261)
	at de.uka.ilkd.key.proof.runallproofs.proofcollection.TestFile.load(TestFile.java:270)
	at de.uka.ilkd.key.proof.runallproofs.proofcollection.TestFile.runKey(TestFile.java:160)
	at de.uka.ilkd.key.proof.runallproofs.proofcollection.ForkedTestFileRunner.main(ForkedTestFileRunner.java:171)
Caused by: de.uka.ilkd.key.proof.init.ProofInputException: Could not find rule file rules/intRulesCheckedSemantics.key
	at de.uka.ilkd.key.proof.io.KeYFile.readIncludes(KeYFile.java:210)
	at de.uka.ilkd.key.proof.init.ProblemInitializer.readIncludes(ProblemInitializer.java:177)
	at de.uka.ilkd.key.proof.init.ProblemInitializer.readEnvInput(ProblemInitializer.java:325)
	at de.uka.ilkd.key.proof.init.ProblemInitializer.prepare(ProblemInitializer.java:449)
	at de.uka.ilkd.key.proof.io.AbstractProblemLoader.createInitConfig(AbstractProblemLoader.java:518)
	at de.uka.ilkd.key.proof.io.AbstractProblemLoader.loadEnvironment(AbstractProblemLoader.java:288)
	at de.uka.ilkd.key.proof.io.AbstractProblemLoader.load(AbstractProblemLoader.java:252)
	at de.uka.ilkd.key.control.AbstractUserInterfaceControl.load(AbstractUserInterfaceControl.java:209)
	... 7 more
Caused by: java.lang.RuntimeException: Could not find rule file rules/intRulesCheckedSemantics.key
	at de.uka.ilkd.key.proof.io.RuleSourceFactory.fromBuiltInRule(RuleSourceFactory.java:32)
	at de.uka.ilkd.key.proof.io.RuleSourceFactory.fromDefaultLocation(RuleSourceFactory.java:21)
	at de.uka.ilkd.key.nparser.builder.IncludeFinder.addInclude(IncludeFinder.java:63)
	at de.uka.ilkd.key.nparser.builder.IncludeFinder.visitOne_include(IncludeFinder.java:43)
	at de.uka.ilkd.key.nparser.builder.IncludeFinder.visitOne_include(IncludeFinder.java:20)
	at de.uka.ilkd.key.nparser.KeYParser$One_includeContext.accept(KeYParser.java:878)
	at de.uka.ilkd.key.nparser.builder.AbstractBuilder.lambda$mapOf$0(AbstractBuilder.java:112)
	at java.base/java.util.stream.ReferencePipeline$3$1.accept(ReferencePipeline.java:195)
	at java.base/java.util.ArrayList$ArrayListSpliterator.forEachRemaining(ArrayList.java:1655)
	at java.base/java.util.stream.AbstractPipeline.copyInto(AbstractPipeline.java:484)
	at java.base/java.util.stream.AbstractPipeline.wrapAndCopyInto(AbstractPipeline.java:474)
	at java.base/java.util.stream.ReduceOps$ReduceOp.evaluateSequential(ReduceOps.java:913)
	at java.base/java.util.stream.AbstractPipeline.evaluate(AbstractPipeline.java:234)
	at java.base/java.util.stream.ReferencePipeline.collect(ReferencePipeline.java:578)
	at de.uka.ilkd.key.nparser.builder.AbstractBuilder.mapOf(AbstractBuilder.java:112)
	at de.uka.ilkd.key.nparser.builder.IncludeFinder.visitOne_include_statement(IncludeFinder.java:35)
	at de.uka.ilkd.key.nparser.builder.IncludeFinder.visitOne_include_statement(IncludeFinder.java:20)
	at de.uka.ilkd.key.nparser.KeYParser$One_include_statementContext.accept(KeYParser.java:802)
	at org.antlr.v4.runtime.tree.AbstractParseTreeVisitor.visitChildren(AbstractParseTreeVisitor.java:46)
	at de.uka.ilkd.key.nparser.KeYParserBaseVisitor.visitDecls(KeYParserBaseVisitor.java:30)
	at de.uka.ilkd.key.nparser.KeYParser$DeclsContext.accept(KeYParser.java:500)
	at org.antlr.v4.runtime.tree.AbstractParseTreeVisitor.visitChildren(AbstractParseTreeVisitor.java:46)
	at de.uka.ilkd.key.nparser.KeYParserBaseVisitor.visitFile(KeYParserBaseVisitor.java:23)
	at de.uka.ilkd.key.nparser.KeYParser$FileContext.accept(KeYParser.java:306)
	at de.uka.ilkd.key.nparser.KeyAst.accept(KeyAst.java:41)
	at de.uka.ilkd.key.nparser.KeyAst$File.getIncludes(KeyAst.java:76)
	at de.uka.ilkd.key.proof.io.KeYFile.readIncludes(KeYFile.java:208)
	... 14 more
Could not find rule file rules/intRulesCheckedSemantics.key (file: /home/runner/work/key/key/key.core/../key.ui/examples/index/.././heap/list/ArrayList_size.key; caused by: de.uka.ilkd.key.proof.init.ProofInputException: Could not find rule file rules/intRulesCheckedSemantics.key)
	at de.uka.ilkd.key.control.AbstractUserInterfaceControl.load(AbstractUserInterfaceControl.java:221)
	at de.uka.ilkd.key.control.KeYEnvironment.load(KeYEnvironment.java:251)
	at de.uka.ilkd.key.control.KeYEnvironment.load(KeYEnvironment.java:224)
	at de.uka.ilkd.key.control.KeYEnvironment.load(KeYEnvironment.java:184)
	at de.uka.ilkd.key.control.KeYEnvironment.load(KeYEnvironment.java:261)
	at de.uka.ilkd.key.proof.runallproofs.proofcollection.TestFile.load(TestFile.java:270)
	at de.uka.ilkd.key.proof.runallproofs.proofcollection.TestFile.runKey(TestFile.java:160)
	at de.uka.ilkd.key.proof.runallproofs.proofcollection.ForkedTestFileRunner.main(ForkedTestFileRunner.java:171)
Caused by: de.uka.ilkd.key.proof.init.ProofInputException: Could not find rule file rules/intRulesCheckedSemantics.key
	at de.uka.ilkd.key.proof.io.KeYFile.readIncludes(KeYFile.java:210)
	at de.uka.ilkd.key.proof.init.ProblemInitializer.readIncludes(ProblemInitializer.java:177)
	at de.uka.ilkd.key.proof.init.ProblemInitializer.readEnvInput(ProblemInitializer.java:325)
	at de.uka.ilkd.key.proof.init.ProblemInitializer.prepare(ProblemInitializer.java:449)
	at de.uka.ilkd.key.proof.io.AbstractProblemLoader.createInitConfig(AbstractProblemLoader.java:518)
	at de.uka.ilkd.key.proof.io.AbstractProblemLoader.loadEnvironment(AbstractProblemLoader.java:288)
	at de.uka.ilkd.key.proof.io.AbstractProblemLoader.load(AbstractProblemLoader.java:252)
	at de.uka.ilkd.key.control.AbstractUserInterfaceControl.load(AbstractUserInterfaceControl.java:209)
	... 7 more
Caused by: java.lang.RuntimeException: Could not find rule file rules/intRulesCheckedSemantics.key
	at de.uka.ilkd.key.proof.io.RuleSourceFactory.fromBuiltInRule(RuleSourceFactory.java:32)
	at de.uka.ilkd.key.proof.io.RuleSourceFactory.fromDefaultLocation(RuleSourceFactory.java:21)
	at de.uka.ilkd.key.nparser.builder.IncludeFinder.addInclude(IncludeFinder.java:63)
	at de.uka.ilkd.key.nparser.builder.IncludeFinder.visitOne_include(IncludeFinder.java:43)
	at de.uka.ilkd.key.nparser.builder.IncludeFinder.visitOne_include(IncludeFinder.java:20)
	at de.uka.ilkd.key.nparser.KeYParser$One_includeContext.accept(KeYParser.java:878)
	at de.uka.ilkd.key.nparser.builder.AbstractBuilder.lambda$mapOf$0(AbstractBuilder.java:112)
	at java.base/java.util.stream.ReferencePipeline$3$1.accept(ReferencePipeline.java:195)
	at java.base/java.util.ArrayList$ArrayListSpliterator.forEachRemaining(ArrayList.java:1655)
	at java.base/java.util.stream.AbstractPipeline.copyInto(AbstractPipeline.java:484)
	at java.base/java.util.stream.AbstractPipeline.wrapAndCopyInto(AbstractPipeline.java:474)
	at java.base/java.util.stream.ReduceOps$ReduceOp.evaluateSequential(ReduceOps.java:913)
	at java.base/java.util.stream.AbstractPipeline.evaluate(AbstractPipeline.java:234)
	at java.base/java.util.stream.ReferencePipeline.collect(ReferencePipeline.java:578)
	at de.uka.ilkd.key.nparser.builder.AbstractBuilder.mapOf(AbstractBuilder.java:112)
	at de.uka.ilkd.key.nparser.builder.IncludeFinder.visitOne_include_statement(IncludeFinder.java:35)
	at de.uka.ilkd.key.nparser.builder.IncludeFinder.visitOne_include_statement(IncludeFinder.java:20)
	at de.uka.ilkd.key.nparser.KeYParser$One_include_statementContext.accept(KeYParser.java:802)
	at org.antlr.v4.runtime.tree.AbstractParseTreeVisitor.visitChildren(AbstractParseTreeVisitor.java:46)
	at de.uka.ilkd.key.nparser.KeYParserBaseVisitor.visitDecls(KeYParserBaseVisitor.java:30)
	at de.uka.ilkd.key.nparser.KeYParser$DeclsContext.accept(KeYParser.java:500)
	at org.antlr.v4.runtime.tree.AbstractParseTreeVisitor.visitChildren(AbstractParseTreeVisitor.java:46)
	at de.uka.ilkd.key.nparser.KeYParserBaseVisitor.visitFile(KeYParserBaseVisitor.java:23)
	at de.uka.ilkd.key.nparser.KeYParser$FileContext.accept(KeYParser.java:306)
	at de.uka.ilkd.key.nparser.KeyAst.accept(KeyAst.java:41)
	at de.uka.ilkd.key.nparser.KeyAst$File.getIncludes(KeyAst.java:76)
	at de.uka.ilkd.key.proof.io.KeYFile.readIncludes(KeYFile.java:208)
	... 14 more
Could not find rule file rules/intRulesCheckedSemantics.key (file: /home/runner/work/key/key/key.core/../key.ui/examples/index/.././heap/list/ArrayList.ArrayListIterator_ArrayListIterator.key; caused by: de.uka.ilkd.key.proof.init.ProofInputException: Could not find rule file rules/intRulesCheckedSemantics.key)
	at de.uka.ilkd.key.control.AbstractUserInterfaceControl.load(AbstractUserInterfaceControl.java:221)
	at de.uka.ilkd.key.control.KeYEnvironment.load(KeYEnvironment.java:251)
	at de.uka.ilkd.key.control.KeYEnvironment.load(KeYEnvironment.java:224)
	at de.uka.ilkd.key.control.KeYEnvironment.load(KeYEnvironment.java:184)
	at de.uka.ilkd.key.control.KeYEnvironment.load(KeYEnvironment.java:261)
	at de.uka.ilkd.key.proof.runallproofs.proofcollection.TestFile.load(TestFile.java:270)
	at de.uka.ilkd.key.proof.runallproofs.proofcollection.TestFile.runKey(TestFile.java:160)
	at de.uka.ilkd.key.proof.runallproofs.proofcollection.ForkedTestFileRunner.main(ForkedTestFileRunner.java:171)
Caused by: de.uka.ilkd.key.proof.init.ProofInputException: Could not find rule file rules/intRulesCheckedSemantics.key
	at de.uka.ilkd.key.proof.io.KeYFile.readIncludes(KeYFile.java:210)
	at de.uka.ilkd.key.proof.init.ProblemInitializer.readIncludes(ProblemInitializer.java:177)
	at de.uka.ilkd.key.proof.init.ProblemInitializer.readEnvInput(ProblemInitializer.java:325)
	at de.uka.ilkd.key.proof.init.ProblemInitializer.prepare(ProblemInitializer.java:449)
	at de.uka.ilkd.key.proof.io.AbstractProblemLoader.createInitConfig(AbstractProblemLoader.java:518)
	at de.uka.ilkd.key.proof.io.AbstractProblemLoader.loadEnvironment(AbstractProblemLoader.java:288)
	at de.uka.ilkd.key.proof.io.AbstractProblemLoader.load(AbstractProblemLoader.java:252)
	at de.uka.ilkd.key.control.AbstractUserInterfaceControl.load(AbstractUserInterfaceControl.java:209)
	... 7 more
Caused by: java.lang.RuntimeException: Could not find rule file rules/intRulesCheckedSemantics.key
	at de.uka.ilkd.key.proof.io.RuleSourceFactory.fromBuiltInRule(RuleSourceFactory.java:32)
	at de.uka.ilkd.key.proof.io.RuleSourceFactory.fromDefaultLocation(RuleSourceFactory.java:21)
	at de.uka.ilkd.key.nparser.builder.IncludeFinder.addInclude(IncludeFinder.java:63)
	at de.uka.ilkd.key.nparser.builder.IncludeFinder.visitOne_include(IncludeFinder.java:43)
	at de.uka.ilkd.key.nparser.builder.IncludeFinder.visitOne_include(IncludeFinder.java:20)
	at de.uka.ilkd.key.nparser.KeYParser$One_includeContext.accept(KeYParser.java:878)
	at de.uka.ilkd.key.nparser.builder.AbstractBuilder.lambda$mapOf$0(AbstractBuilder.java:112)
	at java.base/java.util.stream.ReferencePipeline$3$1.accept(ReferencePipeline.java:195)
	at java.base/java.util.ArrayList$ArrayListSpliterator.forEachRemaining(ArrayList.java:1655)
	at java.base/java.util.stream.AbstractPipeline.copyInto(AbstractPipeline.java:484)
	at java.base/java.util.stream.AbstractPipeline.wrapAndCopyInto(AbstractPipeline.java:474)
	at java.base/java.util.stream.ReduceOps$ReduceOp.evaluateSequential(ReduceOps.java:913)
	at java.base/java.util.stream.AbstractPipeline.evaluate(AbstractPipeline.java:234)
	at java.base/java.util.stream.ReferencePipeline.collect(ReferencePipeline.java:578)
	at de.uka.ilkd.key.nparser.builder.AbstractBuilder.mapOf(AbstractBuilder.java:112)
	at de.uka.ilkd.key.nparser.builder.IncludeFinder.visitOne_include_statement(IncludeFinder.java:35)
	at de.uka.ilkd.key.nparser.builder.IncludeFinder.visitOne_include_statement(IncludeFinder.java:20)
	at de.uka.ilkd.key.nparser.KeYParser$One_include_statementContext.accept(KeYParser.java:802)
	at org.antlr.v4.runtime.tree.AbstractParseTreeVisitor.visitChildren(AbstractParseTreeVisitor.java:46)
	at de.uka.ilkd.key.nparser.KeYParserBaseVisitor.visitDecls(KeYParserBaseVisitor.java:30)
	at de.uka.ilkd.key.nparser.KeYParser$DeclsContext.accept(KeYParser.java:500)
	at org.antlr.v4.runtime.tree.AbstractParseTreeVisitor.visitChildren(AbstractParseTreeVisitor.java:46)
	at de.uka.ilkd.key.nparser.KeYParserBaseVisitor.visitFile(KeYParserBaseVisitor.java:23)
	at de.uka.ilkd.key.nparser.KeYParser$FileContext.accept(KeYParser.java:306)
	at de.uka.ilkd.key.nparser.KeyAst.accept(KeyAst.java:41)
	at de.uka.ilkd.key.nparser.KeyAst$File.getIncludes(KeyAst.java:76)
	at de.uka.ilkd.key.proof.io.KeYFile.readIncludes(KeYFile.java:208)
	... 14 more
Could not find rule file rules/intRulesCheckedSemantics.key (file: /home/runner/work/key/key/key.core/../key.ui/examples/index/.././heap/list/ArrayList.ArrayListIterator_hasNext_dep.key; caused by: de.uka.ilkd.key.proof.init.ProofInputException: Could not find rule file rules/intRulesCheckedSemantics.key)
	at de.uka.ilkd.key.control.AbstractUserInterfaceControl.load(AbstractUserInterfaceControl.java:221)
	at de.uka.ilkd.key.control.KeYEnvironment.load(KeYEnvironment.java:251)
	at de.uka.ilkd.key.control.KeYEnvironment.load(KeYEnvironment.java:224)
	at de.uka.ilkd.key.control.KeYEnvironment.load(KeYEnvironment.java:184)
	at de.uka.ilkd.key.control.KeYEnvironment.load(KeYEnvironment.java:261)
	at de.uka.ilkd.key.proof.runallproofs.proofcollection.TestFile.load(TestFile.java:270)
	at de.uka.ilkd.key.proof.runallproofs.proofcollection.TestFile.runKey(TestFile.java:160)
	at de.uka.ilkd.key.proof.runallproofs.proofcollection.ForkedTestFileRunner.main(ForkedTestFileRunner.java:171)
Caused by: de.uka.ilkd.key.proof.init.ProofInputException: Could not find rule file rules/intRulesCheckedSemantics.key
	at de.uka.ilkd.key.proof.io.KeYFile.readIncludes(KeYFile.java:210)
	at de.uka.ilkd.key.proof.init.ProblemInitializer.readIncludes(ProblemInitializer.java:177)
	at de.uka.ilkd.key.proof.init.ProblemInitializer.readEnvInput(ProblemInitializer.java:325)
	at de.uka.ilkd.key.proof.init.ProblemInitializer.prepare(ProblemInitializer.java:449)
	at de.uka.ilkd.key.proof.io.AbstractProblemLoader.createInitConfig(AbstractProblemLoader.java:518)
	at de.uka.ilkd.key.proof.io.AbstractProblemLoader.loadEnvironment(AbstractProblemLoader.java:288)
	at de.uka.ilkd.key.proof.io.AbstractProblemLoader.load(AbstractProblemLoader.java:252)
	at de.uka.ilkd.key.control.AbstractUserInterfaceControl.load(AbstractUserInterfaceControl.java:209)
	... 7 more
Caused by: java.lang.RuntimeException: Could not find rule file rules/intRulesCheckedSemantics.key
	at de.uka.ilkd.key.proof.io.RuleSourceFactory.fromBuiltInRule(RuleSourceFactory.java:32)
	at de.uka.ilkd.key.proof.io.RuleSourceFactory.fromDefaultLocation(RuleSourceFactory.java:21)
	at de.uka.ilkd.key.nparser.builder.IncludeFinder.addInclude(IncludeFinder.java:63)
	at de.uka.ilkd.key.nparser.builder.IncludeFinder.visitOne_include(IncludeFinder.java:43)
	at de.uka.ilkd.key.nparser.builder.IncludeFinder.visitOne_include(IncludeFinder.java:20)
	at de.uka.ilkd.key.nparser.KeYParser$One_includeContext.accept(KeYParser.java:878)
	at de.uka.ilkd.key.nparser.builder.AbstractBuilder.lambda$mapOf$0(AbstractBuilder.java:112)
	at java.base/java.util.stream.ReferencePipeline$3$1.accept(ReferencePipeline.java:195)
	at java.base/java.util.ArrayList$ArrayListSpliterator.forEachRemaining(ArrayList.java:1655)
	at java.base/java.util.stream.AbstractPipeline.copyInto(AbstractPipeline.java:484)
	at java.base/java.util.stream.AbstractPipeline.wrapAndCopyInto(AbstractPipeline.java:474)
	at java.base/java.util.stream.ReduceOps$ReduceOp.evaluateSequential(ReduceOps.java:913)
	at java.base/java.util.stream.AbstractPipeline.evaluate(AbstractPipeline.java:234)
	at java.base/java.util.stream.ReferencePipeline.collect(ReferencePipeline.java:578)
	at de.uka.ilkd.key.nparser.builder.AbstractBuilder.mapOf(AbstractBuilder.java:112)
	at de.uka.ilkd.key.nparser.builder.IncludeFinder.visitOne_include_statement(IncludeFinder.java:35)
	at de.uka.ilkd.key.nparser.builder.IncludeFinder.visitOne_include_statement(IncludeFinder.java:20)
	at de.uka.ilkd.key.nparser.KeYParser$One_include_statementContext.accept(KeYParser.java:802)
	at org.antlr.v4.runtime.tree.AbstractParseTreeVisitor.visitChildren(AbstractParseTreeVisitor.java:46)
	at de.uka.ilkd.key.nparser.KeYParserBaseVisitor.visitDecls(KeYParserBaseVisitor.java:30)
	at de.uka.ilkd.key.nparser.KeYParser$DeclsContext.accept(KeYParser.java:500)
	at org.antlr.v4.runtime.tree.AbstractParseTreeVisitor.visitChildren(AbstractParseTreeVisitor.java:46)
	at de.uka.ilkd.key.nparser.KeYParserBaseVisitor.visitFile(KeYParserBaseVisitor.java:23)
	at de.uka.ilkd.key.nparser.KeYParser$FileContext.accept(KeYParser.java:306)
	at de.uka.ilkd.key.nparser.KeyAst.accept(KeyAst.java:41)
	at de.uka.ilkd.key.nparser.KeyAst$File.getIncludes(KeyAst.java:76)
	at de.uka.ilkd.key.proof.io.KeYFile.readIncludes(KeYFile.java:208)
	... 14 more
Could not find rule file rules/intRulesCheckedSemantics.key (file: /home/runner/work/key/key/key.core/../key.ui/examples/index/.././heap/list/ArrayList.ArrayListIterator_hasNext.key; caused by: de.uka.ilkd.key.proof.init.ProofInputException: Could not find rule file rules/intRulesCheckedSemantics.key)
	at de.uka.ilkd.key.control.AbstractUserInterfaceControl.load(AbstractUserInterfaceControl.java:221)
	at de.uka.ilkd.key.control.KeYEnvironment.load(KeYEnvironment.java:251)
	at de.uka.ilkd.key.control.KeYEnvironment.load(KeYEnvironment.java:224)
	at de.uka.ilkd.key.control.KeYEnvironment.load(KeYEnvironment.java:184)
	at de.uka.ilkd.key.control.KeYEnvironment.load(KeYEnvironment.java:261)
	at de.uka.ilkd.key.proof.runallproofs.proofcollection.TestFile.load(TestFile.java:270)
	at de.uka.ilkd.key.proof.runallproofs.proofcollection.TestFile.runKey(TestFile.java:160)
	at de.uka.ilkd.key.proof.runallproofs.proofcollection.ForkedTestFileRunner.main(ForkedTestFileRunner.java:171)
Caused by: de.uka.ilkd.key.proof.init.ProofInputException: Could not find rule file rules/intRulesCheckedSemantics.key
	at de.uka.ilkd.key.proof.io.KeYFile.readIncludes(KeYFile.java:210)
	at de.uka.ilkd.key.proof.init.ProblemInitializer.readIncludes(ProblemInitializer.java:177)
	at de.uka.ilkd.key.proof.init.ProblemInitializer.readEnvInput(ProblemInitializer.java:325)
	at de.uka.ilkd.key.proof.init.ProblemInitializer.prepare(ProblemInitializer.java:449)
	at de.uka.ilkd.key.proof.io.AbstractProblemLoader.createInitConfig(AbstractProblemLoader.java:518)
	at de.uka.ilkd.key.proof.io.AbstractProblemLoader.loadEnvironment(AbstractProblemLoader.java:288)
	at de.uka.ilkd.key.proof.io.AbstractProblemLoader.load(AbstractProblemLoader.java:252)
	at de.uka.ilkd.key.control.AbstractUserInterfaceControl.load(AbstractUserInterfaceControl.java:209)
	... 7 more
Caused by: java.lang.RuntimeException: Could not find rule file rules/intRulesCheckedSemantics.key
	at de.uka.ilkd.key.proof.io.RuleSourceFactory.fromBuiltInRule(RuleSourceFactory.java:32)
	at de.uka.ilkd.key.proof.io.RuleSourceFactory.fromDefaultLocation(RuleSourceFactory.java:21)
	at de.uka.ilkd.key.nparser.builder.IncludeFinder.addInclude(IncludeFinder.java:63)
	at de.uka.ilkd.key.nparser.builder.IncludeFinder.visitOne_include(IncludeFinder.java:43)
	at de.uka.ilkd.key.nparser.builder.IncludeFinder.visitOne_include(IncludeFinder.java:20)
	at de.uka.ilkd.key.nparser.KeYParser$One_includeContext.accept(KeYParser.java:878)
	at de.uka.ilkd.key.nparser.builder.AbstractBuilder.lambda$mapOf$0(AbstractBuilder.java:112)
	at java.base/java.util.stream.ReferencePipeline$3$1.accept(ReferencePipeline.java:195)
	at java.base/java.util.ArrayList$ArrayListSpliterator.forEachRemaining(ArrayList.java:1655)
	at java.base/java.util.stream.AbstractPipeline.copyInto(AbstractPipeline.java:484)
	at java.base/java.util.stream.AbstractPipeline.wrapAndCopyInto(AbstractPipeline.java:474)
	at java.base/java.util.stream.ReduceOps$ReduceOp.evaluateSequential(ReduceOps.java:913)
	at java.base/java.util.stream.AbstractPipeline.evaluate(AbstractPipeline.java:234)
	at java.base/java.util.stream.ReferencePipeline.collect(ReferencePipeline.java:578)
	at de.uka.ilkd.key.nparser.builder.AbstractBuilder.mapOf(AbstractBuilder.java:112)
	at de.uka.ilkd.key.nparser.builder.IncludeFinder.visitOne_include_statement(IncludeFinder.java:35)
	at de.uka.ilkd.key.nparser.builder.IncludeFinder.visitOne_include_statement(IncludeFinder.java:20)
	at de.uka.ilkd.key.nparser.KeYParser$One_include_statementContext.accept(KeYParser.java:802)
	at org.antlr.v4.runtime.tree.AbstractParseTreeVisitor.visitChildren(AbstractParseTreeVisitor.java:46)
	at de.uka.ilkd.key.nparser.KeYParserBaseVisitor.visitDecls(KeYParserBaseVisitor.java:30)
	at de.uka.ilkd.key.nparser.KeYParser$DeclsContext.accept(KeYParser.java:500)
	at org.antlr.v4.runtime.tree.AbstractParseTreeVisitor.visitChildren(AbstractParseTreeVisitor.java:46)
	at de.uka.ilkd.key.nparser.KeYParserBaseVisitor.visitFile(KeYParserBaseVisitor.java:23)
	at de.uka.ilkd.key.nparser.KeYParser$FileContext.accept(KeYParser.java:306)
	at de.uka.ilkd.key.nparser.KeyAst.accept(KeyAst.java:41)
	at de.uka.ilkd.key.nparser.KeyAst$File.getIncludes(KeyAst.java:76)
	at de.uka.ilkd.key.proof.io.KeYFile.readIncludes(KeYFile.java:208)
	... 14 more
Could not find rule file rules/intRulesCheckedSemantics.key (file: /home/runner/work/key/key/key.core/../key.ui/examples/index/.././heap/list/ArrayList.ArrayListIterator_inv.key; caused by: de.uka.ilkd.key.proof.init.ProofInputException: Could not find rule file rules/intRulesCheckedSemantics.key)
	at de.uka.ilkd.key.control.AbstractUserInterfaceControl.load(AbstractUserInterfaceControl.java:221)
	at de.uka.ilkd.key.control.KeYEnvironment.load(KeYEnvironment.java:251)
	at de.uka.ilkd.key.control.KeYEnvironment.load(KeYEnvironment.java:224)
	at de.uka.ilkd.key.control.KeYEnvironment.load(KeYEnvironment.java:184)
	at de.uka.ilkd.key.control.KeYEnvironment.load(KeYEnvironment.java:261)
	at de.uka.ilkd.key.proof.runallproofs.proofcollection.TestFile.load(TestFile.java:270)
	at de.uka.ilkd.key.proof.runallproofs.proofcollection.TestFile.runKey(TestFile.java:160)
	at de.uka.ilkd.key.proof.runallproofs.proofcollection.ForkedTestFileRunner.main(ForkedTestFileRunner.java:171)
Caused by: de.uka.ilkd.key.proof.init.ProofInputException: Could not find rule file rules/intRulesCheckedSemantics.key
	at de.uka.ilkd.key.proof.io.KeYFile.readIncludes(KeYFile.java:210)
	at de.uka.ilkd.key.proof.init.ProblemInitializer.readIncludes(ProblemInitializer.java:177)
	at de.uka.ilkd.key.proof.init.ProblemInitializer.readEnvInput(ProblemInitializer.java:325)
	at de.uka.ilkd.key.proof.init.ProblemInitializer.prepare(ProblemInitializer.java:449)
	at de.uka.ilkd.key.proof.io.AbstractProblemLoader.createInitConfig(AbstractProblemLoader.java:518)
	at de.uka.ilkd.key.proof.io.AbstractProblemLoader.loadEnvironment(AbstractProblemLoader.java:288)
	at de.uka.ilkd.key.proof.io.AbstractProblemLoader.load(AbstractProblemLoader.java:252)
	at de.uka.ilkd.key.control.AbstractUserInterfaceControl.load(AbstractUserInterfaceControl.java:209)
	... 7 more
Caused by: java.lang.RuntimeException: Could not find rule file rules/intRulesCheckedSemantics.key
	at de.uka.ilkd.key.proof.io.RuleSourceFactory.fromBuiltInRule(RuleSourceFactory.java:32)
	at de.uka.ilkd.key.proof.io.RuleSourceFactory.fromDefaultLocation(RuleSourceFactory.java:21)
	at de.uka.ilkd.key.nparser.builder.IncludeFinder.addInclude(IncludeFinder.java:63)
	at de.uka.ilkd.key.nparser.builder.IncludeFinder.visitOne_include(IncludeFinder.java:43)
	at de.uka.ilkd.key.nparser.builder.IncludeFinder.visitOne_include(IncludeFinder.java:20)
	at de.uka.ilkd.key.nparser.KeYParser$One_includeContext.accept(KeYParser.java:878)
	at de.uka.ilkd.key.nparser.builder.AbstractBuilder.lambda$mapOf$0(AbstractBuilder.java:112)
	at java.base/java.util.stream.ReferencePipeline$3$1.accept(ReferencePipeline.java:195)
	at java.base/java.util.ArrayList$ArrayListSpliterator.forEachRemaining(ArrayList.java:1655)
	at java.base/java.util.stream.AbstractPipeline.copyInto(AbstractPipeline.java:484)
	at java.base/java.util.stream.AbstractPipeline.wrapAndCopyInto(AbstractPipeline.java:474)
	at java.base/java.util.stream.ReduceOps$ReduceOp.evaluateSequential(ReduceOps.java:913)
	at java.base/java.util.stream.AbstractPipeline.evaluate(AbstractPipeline.java:234)
	at java.base/java.util.stream.ReferencePipeline.collect(ReferencePipeline.java:578)
	at de.uka.ilkd.key.nparser.builder.AbstractBuilder.mapOf(AbstractBuilder.java:112)
	at de.uka.ilkd.key.nparser.builder.IncludeFinder.visitOne_include_statement(IncludeFinder.java:35)
	at de.uka.ilkd.key.nparser.builder.IncludeFinder.visitOne_include_statement(IncludeFinder.java:20)
	at de.uka.ilkd.key.nparser.KeYParser$One_include_statementContext.accept(KeYParser.java:802)
	at org.antlr.v4.runtime.tree.AbstractParseTreeVisitor.visitChildren(AbstractParseTreeVisitor.java:46)
	at de.uka.ilkd.key.nparser.KeYParserBaseVisitor.visitDecls(KeYParserBaseVisitor.java:30)
	at de.uka.ilkd.key.nparser.KeYParser$DeclsContext.accept(KeYParser.java:500)
	at org.antlr.v4.runtime.tree.AbstractParseTreeVisitor.visitChildren(AbstractParseTreeVisitor.java:46)
	at de.uka.ilkd.key.nparser.KeYParserBaseVisitor.visitFile(KeYParserBaseVisitor.java:23)
	at de.uka.ilkd.key.nparser.KeYParser$FileContext.accept(KeYParser.java:306)
	at de.uka.ilkd.key.nparser.KeyAst.accept(KeyAst.java:41)
	at de.uka.ilkd.key.nparser.KeyAst$File.getIncludes(KeyAst.java:76)
	at de.uka.ilkd.key.proof.io.KeYFile.readIncludes(KeYFile.java:208)
	... 14 more
Could not find rule file rules/intRulesCheckedSemantics.key (file: /home/runner/work/key/key/key.core/../key.ui/examples/index/.././heap/list/ArrayList.ArrayListIterator_list.key; caused by: de.uka.ilkd.key.proof.init.ProofInputException: Could not find rule file rules/intRulesCheckedSemantics.key)
	at de.uka.ilkd.key.control.AbstractUserInterfaceControl.load(AbstractUserInterfaceControl.java:221)
	at de.uka.ilkd.key.control.KeYEnvironment.load(KeYEnvironment.java:251)
	at de.uka.ilkd.key.control.KeYEnvironment.load(KeYEnvironment.java:224)
	at de.uka.ilkd.key.control.KeYEnvironment.load(KeYEnvironment.java:184)
	at de.uka.ilkd.key.control.KeYEnvironment.load(KeYEnvironment.java:261)
	at de.uka.ilkd.key.proof.runallproofs.proofcollection.TestFile.load(TestFile.java:270)
	at de.uka.ilkd.key.proof.runallproofs.proofcollection.TestFile.runKey(TestFile.java:160)
	at de.uka.ilkd.key.proof.runallproofs.proofcollection.ForkedTestFileRunner.main(ForkedTestFileRunner.java:171)
Caused by: de.uka.ilkd.key.proof.init.ProofInputException: Could not find rule file rules/intRulesCheckedSemantics.key
	at de.uka.ilkd.key.proof.io.KeYFile.readIncludes(KeYFile.java:210)
	at de.uka.ilkd.key.proof.init.ProblemInitializer.readIncludes(ProblemInitializer.java:177)
	at de.uka.ilkd.key.proof.init.ProblemInitializer.readEnvInput(ProblemInitializer.java:325)
	at de.uka.ilkd.key.proof.init.ProblemInitializer.prepare(ProblemInitializer.java:449)
	at de.uka.ilkd.key.proof.io.AbstractProblemLoader.createInitConfig(AbstractProblemLoader.java:518)
	at de.uka.ilkd.key.proof.io.AbstractProblemLoader.loadEnvironment(AbstractProblemLoader.java:288)
	at de.uka.ilkd.key.proof.io.AbstractProblemLoader.load(AbstractProblemLoader.java:252)
	at de.uka.ilkd.key.control.AbstractUserInterfaceControl.load(AbstractUserInterfaceControl.java:209)
	... 7 more
Caused by: java.lang.RuntimeException: Could not find rule file rules/intRulesCheckedSemantics.key
	at de.uka.ilkd.key.proof.io.RuleSourceFactory.fromBuiltInRule(RuleSourceFactory.java:32)
	at de.uka.ilkd.key.proof.io.RuleSourceFactory.fromDefaultLocation(RuleSourceFactory.java:21)
	at de.uka.ilkd.key.nparser.builder.IncludeFinder.addInclude(IncludeFinder.java:63)
	at de.uka.ilkd.key.nparser.builder.IncludeFinder.visitOne_include(IncludeFinder.java:43)
	at de.uka.ilkd.key.nparser.builder.IncludeFinder.visitOne_include(IncludeFinder.java:20)
	at de.uka.ilkd.key.nparser.KeYParser$One_includeContext.accept(KeYParser.java:878)
	at de.uka.ilkd.key.nparser.builder.AbstractBuilder.lambda$mapOf$0(AbstractBuilder.java:112)
	at java.base/java.util.stream.ReferencePipeline$3$1.accept(ReferencePipeline.java:195)
	at java.base/java.util.ArrayList$ArrayListSpliterator.forEachRemaining(ArrayList.java:1655)
	at java.base/java.util.stream.AbstractPipeline.copyInto(AbstractPipeline.java:484)
	at java.base/java.util.stream.AbstractPipeline.wrapAndCopyInto(AbstractPipeline.java:474)
	at java.base/java.util.stream.ReduceOps$ReduceOp.evaluateSequential(ReduceOps.java:913)
	at java.base/java.util.stream.AbstractPipeline.evaluate(AbstractPipeline.java:234)
	at java.base/java.util.stream.ReferencePipeline.collect(ReferencePipeline.java:578)
	at de.uka.ilkd.key.nparser.builder.AbstractBuilder.mapOf(AbstractBuilder.java:112)
	at de.uka.ilkd.key.nparser.builder.IncludeFinder.visitOne_include_statement(IncludeFinder.java:35)
	at de.uka.ilkd.key.nparser.builder.IncludeFinder.visitOne_include_statement(IncludeFinder.java:20)
	at de.uka.ilkd.key.nparser.KeYParser$One_include_statementContext.accept(KeYParser.java:802)
	at org.antlr.v4.runtime.tree.AbstractParseTreeVisitor.visitChildren(AbstractParseTreeVisitor.java:46)
	at de.uka.ilkd.key.nparser.KeYParserBaseVisitor.visitDecls(KeYParserBaseVisitor.java:30)
	at de.uka.ilkd.key.nparser.KeYParser$DeclsContext.accept(KeYParser.java:500)
	at org.antlr.v4.runtime.tree.AbstractParseTreeVisitor.visitChildren(AbstractParseTreeVisitor.java:46)
	at de.uka.ilkd.key.nparser.KeYParserBaseVisitor.visitFile(KeYParserBaseVisitor.java:23)
	at de.uka.ilkd.key.nparser.KeYParser$FileContext.accept(KeYParser.java:306)
	at de.uka.ilkd.key.nparser.KeyAst.accept(KeyAst.java:41)
	at de.uka.ilkd.key.nparser.KeyAst$File.getIncludes(KeyAst.java:76)
	at de.uka.ilkd.key.proof.io.KeYFile.readIncludes(KeYFile.java:208)
	... 14 more
Could not find rule file rules/intRulesCheckedSemantics.key (file: /home/runner/work/key/key/key.core/../key.ui/examples/index/.././heap/list/ArrayList.ArrayListIterator_next_exceptional.key; caused by: de.uka.ilkd.key.proof.init.ProofInputException: Could not find rule file rules/intRulesCheckedSemantics.key)
	at de.uka.ilkd.key.control.AbstractUserInterfaceControl.load(AbstractUserInterfaceControl.java:221)
	at de.uka.ilkd.key.control.KeYEnvironment.load(KeYEnvironment.java:251)
	at de.uka.ilkd.key.control.KeYEnvironment.load(KeYEnvironment.java:224)
	at de.uka.ilkd.key.control.KeYEnvironment.load(KeYEnvironment.java:184)
	at de.uka.ilkd.key.control.KeYEnvironment.load(KeYEnvironment.java:261)
	at de.uka.ilkd.key.proof.runallproofs.proofcollection.TestFile.load(TestFile.java:270)
	at de.uka.ilkd.key.proof.runallproofs.proofcollection.TestFile.runKey(TestFile.java:160)
	at de.uka.ilkd.key.proof.runallproofs.proofcollection.ForkedTestFileRunner.main(ForkedTestFileRunner.java:171)
Caused by: de.uka.ilkd.key.proof.init.ProofInputException: Could not find rule file rules/intRulesCheckedSemantics.key
	at de.uka.ilkd.key.proof.io.KeYFile.readIncludes(KeYFile.java:210)
	at de.uka.ilkd.key.proof.init.ProblemInitializer.readIncludes(ProblemInitializer.java:177)
	at de.uka.ilkd.key.proof.init.ProblemInitializer.readEnvInput(ProblemInitializer.java:325)
	at de.uka.ilkd.key.proof.init.ProblemInitializer.prepare(ProblemInitializer.java:449)
	at de.uka.ilkd.key.proof.io.AbstractProblemLoader.createInitConfig(AbstractProblemLoader.java:518)
	at de.uka.ilkd.key.proof.io.AbstractProblemLoader.loadEnvironment(AbstractProblemLoader.java:288)
	at de.uka.ilkd.key.proof.io.AbstractProblemLoader.load(AbstractProblemLoader.java:252)
	at de.uka.ilkd.key.control.AbstractUserInterfaceControl.load(AbstractUserInterfaceControl.java:209)
	... 7 more
Caused by: java.lang.RuntimeException: Could not find rule file rules/intRulesCheckedSemantics.key
	at de.uka.ilkd.key.proof.io.RuleSourceFactory.fromBuiltInRule(RuleSourceFactory.java:32)
	at de.uka.ilkd.key.proof.io.RuleSourceFactory.fromDefaultLocation(RuleSourceFactory.java:21)
	at de.uka.ilkd.key.nparser.builder.IncludeFinder.addInclude(IncludeFinder.java:63)
	at de.uka.ilkd.key.nparser.builder.IncludeFinder.visitOne_include(IncludeFinder.java:43)
	at de.uka.ilkd.key.nparser.builder.IncludeFinder.visitOne_include(IncludeFinder.java:20)
	at de.uka.ilkd.key.nparser.KeYParser$One_includeContext.accept(KeYParser.java:878)
	at de.uka.ilkd.key.nparser.builder.AbstractBuilder.lambda$mapOf$0(AbstractBuilder.java:112)
	at java.base/java.util.stream.ReferencePipeline$3$1.accept(ReferencePipeline.java:195)
	at java.base/java.util.ArrayList$ArrayListSpliterator.forEachRemaining(ArrayList.java:1655)
	at java.base/java.util.stream.AbstractPipeline.copyInto(AbstractPipeline.java:484)
	at java.base/java.util.stream.AbstractPipeline.wrapAndCopyInto(AbstractPipeline.java:474)
	at java.base/java.util.stream.ReduceOps$ReduceOp.evaluateSequential(ReduceOps.java:913)
	at java.base/java.util.stream.AbstractPipeline.evaluate(AbstractPipeline.java:234)
	at java.base/java.util.stream.ReferencePipeline.collect(ReferencePipeline.java:578)
	at de.uka.ilkd.key.nparser.builder.AbstractBuilder.mapOf(AbstractBuilder.java:112)
	at de.uka.ilkd.key.nparser.builder.IncludeFinder.visitOne_include_statement(IncludeFinder.java:35)
	at de.uka.ilkd.key.nparser.builder.IncludeFinder.visitOne_include_statement(IncludeFinder.java:20)
	at de.uka.ilkd.key.nparser.KeYParser$One_include_statementContext.accept(KeYParser.java:802)
	at org.antlr.v4.runtime.tree.AbstractParseTreeVisitor.visitChildren(AbstractParseTreeVisitor.java:46)
	at de.uka.ilkd.key.nparser.KeYParserBaseVisitor.visitDecls(KeYParserBaseVisitor.java:30)
	at de.uka.ilkd.key.nparser.KeYParser$DeclsContext.accept(KeYParser.java:500)
	at org.antlr.v4.runtime.tree.AbstractParseTreeVisitor.visitChildren(AbstractParseTreeVisitor.java:46)
	at de.uka.ilkd.key.nparser.KeYParserBaseVisitor.visitFile(KeYParserBaseVisitor.java:23)
	at de.uka.ilkd.key.nparser.KeYParser$FileContext.accept(KeYParser.java:306)
	at de.uka.ilkd.key.nparser.KeyAst.accept(KeyAst.java:41)
	at de.uka.ilkd.key.nparser.KeyAst$File.getIncludes(KeyAst.java:76)
	at de.uka.ilkd.key.proof.io.KeYFile.readIncludes(KeYFile.java:208)
	... 14 more
Could not find rule file rules/intRulesCheckedSemantics.key (file: /home/runner/work/key/key/key.core/../key.ui/examples/index/.././heap/list/ArrayList.ArrayListIterator_next_normal.key; caused by: de.uka.ilkd.key.proof.init.ProofInputException: Could not find rule file rules/intRulesCheckedSemantics.key)
	at de.uka.ilkd.key.control.AbstractUserInterfaceControl.load(AbstractUserInterfaceControl.java:221)
	at de.uka.ilkd.key.control.KeYEnvironment.load(KeYEnvironment.java:251)
	at de.uka.ilkd.key.control.KeYEnvironment.load(KeYEnvironment.java:224)
	at de.uka.ilkd.key.control.KeYEnvironment.load(KeYEnvironment.java:184)
	at de.uka.ilkd.key.control.KeYEnvironment.load(KeYEnvironment.java:261)
	at de.uka.ilkd.key.proof.runallproofs.proofcollection.TestFile.load(TestFile.java:270)
	at de.uka.ilkd.key.proof.runallproofs.proofcollection.TestFile.runKey(TestFile.java:160)
	at de.uka.ilkd.key.proof.runallproofs.proofcollection.ForkedTestFileRunner.main(ForkedTestFileRunner.java:171)
Caused by: de.uka.ilkd.key.proof.init.ProofInputException: Could not find rule file rules/intRulesCheckedSemantics.key
	at de.uka.ilkd.key.proof.io.KeYFile.readIncludes(KeYFile.java:210)
	at de.uka.ilkd.key.proof.init.ProblemInitializer.readIncludes(ProblemInitializer.java:177)
	at de.uka.ilkd.key.proof.init.ProblemInitializer.readEnvInput(ProblemInitializer.java:325)
	at de.uka.ilkd.key.proof.init.ProblemInitializer.prepare(ProblemInitializer.java:449)
	at de.uka.ilkd.key.proof.io.AbstractProblemLoader.createInitConfig(AbstractProblemLoader.java:518)
	at de.uka.ilkd.key.proof.io.AbstractProblemLoader.loadEnvironment(AbstractProblemLoader.java:288)
	at de.uka.ilkd.key.proof.io.AbstractProblemLoader.load(AbstractProblemLoader.java:252)
	at de.uka.ilkd.key.control.AbstractUserInterfaceControl.load(AbstractUserInterfaceControl.java:209)
	... 7 more
Caused by: java.lang.RuntimeException: Could not find rule file rules/intRulesCheckedSemantics.key
	at de.uka.ilkd.key.proof.io.RuleSourceFactory.fromBuiltInRule(RuleSourceFactory.java:32)
	at de.uka.ilkd.key.proof.io.RuleSourceFactory.fromDefaultLocation(RuleSourceFactory.java:21)
	at de.uka.ilkd.key.nparser.builder.IncludeFinder.addInclude(IncludeFinder.java:63)
	at de.uka.ilkd.key.nparser.builder.IncludeFinder.visitOne_include(IncludeFinder.java:43)
	at de.uka.ilkd.key.nparser.builder.IncludeFinder.visitOne_include(IncludeFinder.java:20)
	at de.uka.ilkd.key.nparser.KeYParser$One_includeContext.accept(KeYParser.java:878)
	at de.uka.ilkd.key.nparser.builder.AbstractBuilder.lambda$mapOf$0(AbstractBuilder.java:112)
	at java.base/java.util.stream.ReferencePipeline$3$1.accept(ReferencePipeline.java:195)
	at java.base/java.util.ArrayList$ArrayListSpliterator.forEachRemaining(ArrayList.java:1655)
	at java.base/java.util.stream.AbstractPipeline.copyInto(AbstractPipeline.java:484)
	at java.base/java.util.stream.AbstractPipeline.wrapAndCopyInto(AbstractPipeline.java:474)
	at java.base/java.util.stream.ReduceOps$ReduceOp.evaluateSequential(ReduceOps.java:913)
	at java.base/java.util.stream.AbstractPipeline.evaluate(AbstractPipeline.java:234)
	at java.base/java.util.stream.ReferencePipeline.collect(ReferencePipeline.java:578)
	at de.uka.ilkd.key.nparser.builder.AbstractBuilder.mapOf(AbstractBuilder.java:112)
	at de.uka.ilkd.key.nparser.builder.IncludeFinder.visitOne_include_statement(IncludeFinder.java:35)
	at de.uka.ilkd.key.nparser.builder.IncludeFinder.visitOne_include_statement(IncludeFinder.java:20)
	at de.uka.ilkd.key.nparser.KeYParser$One_include_statementContext.accept(KeYParser.java:802)
	at org.antlr.v4.runtime.tree.AbstractParseTreeVisitor.visitChildren(AbstractParseTreeVisitor.java:46)
	at de.uka.ilkd.key.nparser.KeYParserBaseVisitor.visitDecls(KeYParserBaseVisitor.java:30)
	at de.uka.ilkd.key.nparser.KeYParser$DeclsContext.accept(KeYParser.java:500)
	at org.antlr.v4.runtime.tree.AbstractParseTreeVisitor.visitChildren(AbstractParseTreeVisitor.java:46)
	at de.uka.ilkd.key.nparser.KeYParserBaseVisitor.visitFile(KeYParserBaseVisitor.java:23)
	at de.uka.ilkd.key.nparser.KeYParser$FileContext.accept(KeYParser.java:306)
	at de.uka.ilkd.key.nparser.KeyAst.accept(KeyAst.java:41)
	at de.uka.ilkd.key.nparser.KeyAst$File.getIncludes(KeyAst.java:76)
	at de.uka.ilkd.key.proof.io.KeYFile.readIncludes(KeYFile.java:208)
	... 14 more
Could not find rule file rules/intRulesCheckedSemantics.key (file: /home/runner/work/key/key/key.core/../key.ui/examples/index/.././heap/list/ArrayList.ArrayListIterator_pos.key; caused by: de.uka.ilkd.key.proof.init.ProofInputException: Could not find rule file rules/intRulesCheckedSemantics.key)
	at de.uka.ilkd.key.control.AbstractUserInterfaceControl.load(AbstractUserInterfaceControl.java:221)
	at de.uka.ilkd.key.control.KeYEnvironment.load(KeYEnvironment.java:251)
	at de.uka.ilkd.key.control.KeYEnvironment.load(KeYEnvironment.java:224)
	at de.uka.ilkd.key.control.KeYEnvironment.load(KeYEnvironment.java:184)
	at de.uka.ilkd.key.control.KeYEnvironment.load(KeYEnvironment.java:261)
	at de.uka.ilkd.key.proof.runallproofs.proofcollection.TestFile.load(TestFile.java:270)
	at de.uka.ilkd.key.proof.runallproofs.proofcollection.TestFile.runKey(TestFile.java:160)
	at de.uka.ilkd.key.proof.runallproofs.proofcollection.ForkedTestFileRunner.main(ForkedTestFileRunner.java:171)
Caused by: de.uka.ilkd.key.proof.init.ProofInputException: Could not find rule file rules/intRulesCheckedSemantics.key
	at de.uka.ilkd.key.proof.io.KeYFile.readIncludes(KeYFile.java:210)
	at de.uka.ilkd.key.proof.init.ProblemInitializer.readIncludes(ProblemInitializer.java:177)
	at de.uka.ilkd.key.proof.init.ProblemInitializer.readEnvInput(ProblemInitializer.java:325)
	at de.uka.ilkd.key.proof.init.ProblemInitializer.prepare(ProblemInitializer.java:449)
	at de.uka.ilkd.key.proof.io.AbstractProblemLoader.createInitConfig(AbstractProblemLoader.java:518)
	at de.uka.ilkd.key.proof.io.AbstractProblemLoader.loadEnvironment(AbstractProblemLoader.java:288)
	at de.uka.ilkd.key.proof.io.AbstractProblemLoader.load(AbstractProblemLoader.java:252)
	at de.uka.ilkd.key.control.AbstractUserInterfaceControl.load(AbstractUserInterfaceControl.java:209)
	... 7 more
Caused by: java.lang.RuntimeException: Could not find rule file rules/intRulesCheckedSemantics.key
	at de.uka.ilkd.key.proof.io.RuleSourceFactory.fromBuiltInRule(RuleSourceFactory.java:32)
	at de.uka.ilkd.key.proof.io.RuleSourceFactory.fromDefaultLocation(RuleSourceFactory.java:21)
	at de.uka.ilkd.key.nparser.builder.IncludeFinder.addInclude(IncludeFinder.java:63)
	at de.uka.ilkd.key.nparser.builder.IncludeFinder.visitOne_include(IncludeFinder.java:43)
	at de.uka.ilkd.key.nparser.builder.IncludeFinder.visitOne_include(IncludeFinder.java:20)
	at de.uka.ilkd.key.nparser.KeYParser$One_includeContext.accept(KeYParser.java:878)
	at de.uka.ilkd.key.nparser.builder.AbstractBuilder.lambda$mapOf$0(AbstractBuilder.java:112)
	at java.base/java.util.stream.ReferencePipeline$3$1.accept(ReferencePipeline.java:195)
	at java.base/java.util.ArrayList$ArrayListSpliterator.forEachRemaining(ArrayList.java:1655)
	at java.base/java.util.stream.AbstractPipeline.copyInto(AbstractPipeline.java:484)
	at java.base/java.util.stream.AbstractPipeline.wrapAndCopyInto(AbstractPipeline.java:474)
	at java.base/java.util.stream.ReduceOps$ReduceOp.evaluateSequential(ReduceOps.java:913)
	at java.base/java.util.stream.AbstractPipeline.evaluate(AbstractPipeline.java:234)
	at java.base/java.util.stream.ReferencePipeline.collect(ReferencePipeline.java:578)
	at de.uka.ilkd.key.nparser.builder.AbstractBuilder.mapOf(AbstractBuilder.java:112)
	at de.uka.ilkd.key.nparser.builder.IncludeFinder.visitOne_include_statement(IncludeFinder.java:35)
	at de.uka.ilkd.key.nparser.builder.IncludeFinder.visitOne_include_statement(IncludeFinder.java:20)
	at de.uka.ilkd.key.nparser.KeYParser$One_include_statementContext.accept(KeYParser.java:802)
	at org.antlr.v4.runtime.tree.AbstractParseTreeVisitor.visitChildren(AbstractParseTreeVisitor.java:46)
	at de.uka.ilkd.key.nparser.KeYParserBaseVisitor.visitDecls(KeYParserBaseVisitor.java:30)
	at de.uka.ilkd.key.nparser.KeYParser$DeclsContext.accept(KeYParser.java:500)
	at org.antlr.v4.runtime.tree.AbstractParseTreeVisitor.visitChildren(AbstractParseTreeVisitor.java:46)
	at de.uka.ilkd.key.nparser.KeYParserBaseVisitor.visitFile(KeYParserBaseVisitor.java:23)
	at de.uka.ilkd.key.nparser.KeYParser$FileContext.accept(KeYParser.java:306)
	at de.uka.ilkd.key.nparser.KeyAst.accept(KeyAst.java:41)
	at de.uka.ilkd.key.nparser.KeyAst$File.getIncludes(KeyAst.java:76)
	at de.uka.ilkd.key.proof.io.KeYFile.readIncludes(KeYFile.java:208)
	... 14 more
Could not find rule file rules/intRulesCheckedSemantics.key (file: /home/runner/work/key/key/key.core/../key.ui/examples/index/.././heap/list/Client_m.key; caused by: de.uka.ilkd.key.proof.init.ProofInputException: Could not find rule file rules/intRulesCheckedSemantics.key)
	at de.uka.ilkd.key.control.AbstractUserInterfaceControl.load(AbstractUserInterfaceControl.java:221)
	at de.uka.ilkd.key.control.KeYEnvironment.load(KeYEnvironment.java:251)
	at de.uka.ilkd.key.control.KeYEnvironment.load(KeYEnvironment.java:224)
	at de.uka.ilkd.key.control.KeYEnvironment.load(KeYEnvironment.java:184)
	at de.uka.ilkd.key.control.KeYEnvironment.load(KeYEnvironment.java:261)
	at de.uka.ilkd.key.proof.runallproofs.proofcollection.TestFile.load(TestFile.java:270)
	at de.uka.ilkd.key.proof.runallproofs.proofcollection.TestFile.runKey(TestFile.java:160)
	at de.uka.ilkd.key.proof.runallproofs.proofcollection.ForkedTestFileRunner.main(ForkedTestFileRunner.java:171)
Caused by: de.uka.ilkd.key.proof.init.ProofInputException: Could not find rule file rules/intRulesCheckedSemantics.key
	at de.uka.ilkd.key.proof.io.KeYFile.readIncludes(KeYFile.java:210)
	at de.uka.ilkd.key.proof.init.ProblemInitializer.readIncludes(ProblemInitializer.java:177)
	at de.uka.ilkd.key.proof.init.ProblemInitializer.readEnvInput(ProblemInitializer.java:325)
	at de.uka.ilkd.key.proof.init.ProblemInitializer.prepare(ProblemInitializer.java:449)
	at de.uka.ilkd.key.proof.io.AbstractProblemLoader.createInitConfig(AbstractProblemLoader.java:518)
	at de.uka.ilkd.key.proof.io.AbstractProblemLoader.loadEnvironment(AbstractProblemLoader.java:288)
	at de.uka.ilkd.key.proof.io.AbstractProblemLoader.load(AbstractProblemLoader.java:252)
	at de.uka.ilkd.key.control.AbstractUserInterfaceControl.load(AbstractUserInterfaceControl.java:209)
	... 7 more
Caused by: java.lang.RuntimeException: Could not find rule file rules/intRulesCheckedSemantics.key
	at de.uka.ilkd.key.proof.io.RuleSourceFactory.fromBuiltInRule(RuleSourceFactory.java:32)
	at de.uka.ilkd.key.proof.io.RuleSourceFactory.fromDefaultLocation(RuleSourceFactory.java:21)
	at de.uka.ilkd.key.nparser.builder.IncludeFinder.addInclude(IncludeFinder.java:63)
	at de.uka.ilkd.key.nparser.builder.IncludeFinder.visitOne_include(IncludeFinder.java:43)
	at de.uka.ilkd.key.nparser.builder.IncludeFinder.visitOne_include(IncludeFinder.java:20)
	at de.uka.ilkd.key.nparser.KeYParser$One_includeContext.accept(KeYParser.java:878)
	at de.uka.ilkd.key.nparser.builder.AbstractBuilder.lambda$mapOf$0(AbstractBuilder.java:112)
	at java.base/java.util.stream.ReferencePipeline$3$1.accept(ReferencePipeline.java:195)
	at java.base/java.util.ArrayList$ArrayListSpliterator.forEachRemaining(ArrayList.java:1655)
	at java.base/java.util.stream.AbstractPipeline.copyInto(AbstractPipeline.java:484)
	at java.base/java.util.stream.AbstractPipeline.wrapAndCopyInto(AbstractPipeline.java:474)
	at java.base/java.util.stream.ReduceOps$ReduceOp.evaluateSequential(ReduceOps.java:913)
	at java.base/java.util.stream.AbstractPipeline.evaluate(AbstractPipeline.java:234)
	at java.base/java.util.stream.ReferencePipeline.collect(ReferencePipeline.java:578)
	at de.uka.ilkd.key.nparser.builder.AbstractBuilder.mapOf(AbstractBuilder.java:112)
	at de.uka.ilkd.key.nparser.builder.IncludeFinder.visitOne_include_statement(IncludeFinder.java:35)
	at de.uka.ilkd.key.nparser.builder.IncludeFinder.visitOne_include_statement(IncludeFinder.java:20)
	at de.uka.ilkd.key.nparser.KeYParser$One_include_statementContext.accept(KeYParser.java:802)
	at org.antlr.v4.runtime.tree.AbstractParseTreeVisitor.visitChildren(AbstractParseTreeVisitor.java:46)
	at de.uka.ilkd.key.nparser.KeYParserBaseVisitor.visitDecls(KeYParserBaseVisitor.java:30)
	at de.uka.ilkd.key.nparser.KeYParser$DeclsContext.accept(KeYParser.java:500)
	at org.antlr.v4.runtime.tree.AbstractParseTreeVisitor.visitChildren(AbstractParseTreeVisitor.java:46)
	at de.uka.ilkd.key.nparser.KeYParserBaseVisitor.visitFile(KeYParserBaseVisitor.java:23)
	at de.uka.ilkd.key.nparser.KeYParser$FileContext.accept(KeYParser.java:306)
	at de.uka.ilkd.key.nparser.KeyAst.accept(KeyAst.java:41)
	at de.uka.ilkd.key.nparser.KeyAst$File.getIncludes(KeyAst.java:76)
	at de.uka.ilkd.key.proof.io.KeYFile.readIncludes(KeYFile.java:208)
	... 14 more
Could not find rule file rules/intRulesCheckedSemantics.key (file: /home/runner/work/key/key/key.core/../key.ui/examples/index/.././heap/list/Client_n.key; caused by: de.uka.ilkd.key.proof.init.ProofInputException: Could not find rule file rules/intRulesCheckedSemantics.key)
	at de.uka.ilkd.key.control.AbstractUserInterfaceControl.load(AbstractUserInterfaceControl.java:221)
	at de.uka.ilkd.key.control.KeYEnvironment.load(KeYEnvironment.java:251)
	at de.uka.ilkd.key.control.KeYEnvironment.load(KeYEnvironment.java:224)
	at de.uka.ilkd.key.control.KeYEnvironment.load(KeYEnvironment.java:184)
	at de.uka.ilkd.key.control.KeYEnvironment.load(KeYEnvironment.java:261)
	at de.uka.ilkd.key.proof.runallproofs.proofcollection.TestFile.load(TestFile.java:270)
	at de.uka.ilkd.key.proof.runallproofs.proofcollection.TestFile.runKey(TestFile.java:160)
	at de.uka.ilkd.key.proof.runallproofs.proofcollection.ForkedTestFileRunner.main(ForkedTestFileRunner.java:171)
Caused by: de.uka.ilkd.key.proof.init.ProofInputException: Could not find rule file rules/intRulesCheckedSemantics.key
	at de.uka.ilkd.key.proof.io.KeYFile.readIncludes(KeYFile.java:210)
	at de.uka.ilkd.key.proof.init.ProblemInitializer.readIncludes(ProblemInitializer.java:177)
	at de.uka.ilkd.key.proof.init.ProblemInitializer.readEnvInput(ProblemInitializer.java:325)
	at de.uka.ilkd.key.proof.init.ProblemInitializer.prepare(ProblemInitializer.java:449)
	at de.uka.ilkd.key.proof.io.AbstractProblemLoader.createInitConfig(AbstractProblemLoader.java:518)
	at de.uka.ilkd.key.proof.io.AbstractProblemLoader.loadEnvironment(AbstractProblemLoader.java:288)
	at de.uka.ilkd.key.proof.io.AbstractProblemLoader.load(AbstractProblemLoader.java:252)
	at de.uka.ilkd.key.control.AbstractUserInterfaceControl.load(AbstractUserInterfaceControl.java:209)
	... 7 more
Caused by: java.lang.RuntimeException: Could not find rule file rules/intRulesCheckedSemantics.key
	at de.uka.ilkd.key.proof.io.RuleSourceFactory.fromBuiltInRule(RuleSourceFactory.java:32)
	at de.uka.ilkd.key.proof.io.RuleSourceFactory.fromDefaultLocation(RuleSourceFactory.java:21)
	at de.uka.ilkd.key.nparser.builder.IncludeFinder.addInclude(IncludeFinder.java:63)
	at de.uka.ilkd.key.nparser.builder.IncludeFinder.visitOne_include(IncludeFinder.java:43)
	at de.uka.ilkd.key.nparser.builder.IncludeFinder.visitOne_include(IncludeFinder.java:20)
	at de.uka.ilkd.key.nparser.KeYParser$One_includeContext.accept(KeYParser.java:878)
	at de.uka.ilkd.key.nparser.builder.AbstractBuilder.lambda$mapOf$0(AbstractBuilder.java:112)
	at java.base/java.util.stream.ReferencePipeline$3$1.accept(ReferencePipeline.java:195)
	at java.base/java.util.ArrayList$ArrayListSpliterator.forEachRemaining(ArrayList.java:1655)
	at java.base/java.util.stream.AbstractPipeline.copyInto(AbstractPipeline.java:484)
	at java.base/java.util.stream.AbstractPipeline.wrapAndCopyInto(AbstractPipeline.java:474)
	at java.base/java.util.stream.ReduceOps$ReduceOp.evaluateSequential(ReduceOps.java:913)
	at java.base/java.util.stream.AbstractPipeline.evaluate(AbstractPipeline.java:234)
	at java.base/java.util.stream.ReferencePipeline.collect(ReferencePipeline.java:578)
	at de.uka.ilkd.key.nparser.builder.AbstractBuilder.mapOf(AbstractBuilder.java:112)
	at de.uka.ilkd.key.nparser.builder.IncludeFinder.visitOne_include_statement(IncludeFinder.java:35)
	at de.uka.ilkd.key.nparser.builder.IncludeFinder.visitOne_include_statement(IncludeFinder.java:20)
	at de.uka.ilkd.key.nparser.KeYParser$One_include_statementContext.accept(KeYParser.java:802)
	at org.antlr.v4.runtime.tree.AbstractParseTreeVisitor.visitChildren(AbstractParseTreeVisitor.java:46)
	at de.uka.ilkd.key.nparser.KeYParserBaseVisitor.visitDecls(KeYParserBaseVisitor.java:30)
	at de.uka.ilkd.key.nparser.KeYParser$DeclsContext.accept(KeYParser.java:500)
	at org.antlr.v4.runtime.tree.AbstractParseTreeVisitor.visitChildren(AbstractParseTreeVisitor.java:46)
	at de.uka.ilkd.key.nparser.KeYParserBaseVisitor.visitFile(KeYParserBaseVisitor.java:23)
	at de.uka.ilkd.key.nparser.KeYParser$FileContext.accept(KeYParser.java:306)
	at de.uka.ilkd.key.nparser.KeyAst.accept(KeyAst.java:41)
	at de.uka.ilkd.key.nparser.KeyAst$File.getIncludes(KeyAst.java:76)
	at de.uka.ilkd.key.proof.io.KeYFile.readIncludes(KeYFile.java:208)
	... 14 more
Could not find rule file rules/intRulesCheckedSemantics.key (file: /home/runner/work/key/key/key.core/../key.ui/examples/index/.././heap/list/LinkedList_get_exceptional.key; caused by: de.uka.ilkd.key.proof.init.ProofInputException: Could not find rule file rules/intRulesCheckedSemantics.key)
	at de.uka.ilkd.key.control.AbstractUserInterfaceControl.load(AbstractUserInterfaceControl.java:221)
	at de.uka.ilkd.key.control.KeYEnvironment.load(KeYEnvironment.java:251)
	at de.uka.ilkd.key.control.KeYEnvironment.load(KeYEnvironment.java:224)
	at de.uka.ilkd.key.control.KeYEnvironment.load(KeYEnvironment.java:184)
	at de.uka.ilkd.key.control.KeYEnvironment.load(KeYEnvironment.java:261)
	at de.uka.ilkd.key.proof.runallproofs.proofcollection.TestFile.load(TestFile.java:270)
	at de.uka.ilkd.key.proof.runallproofs.proofcollection.TestFile.runKey(TestFile.java:160)
	at de.uka.ilkd.key.proof.runallproofs.proofcollection.ForkedTestFileRunner.main(ForkedTestFileRunner.java:171)
Caused by: de.uka.ilkd.key.proof.init.ProofInputException: Could not find rule file rules/intRulesCheckedSemantics.key
	at de.uka.ilkd.key.proof.io.KeYFile.readIncludes(KeYFile.java:210)
	at de.uka.ilkd.key.proof.init.ProblemInitializer.readIncludes(ProblemInitializer.java:177)
	at de.uka.ilkd.key.proof.init.ProblemInitializer.readEnvInput(ProblemInitializer.java:325)
	at de.uka.ilkd.key.proof.init.ProblemInitializer.prepare(ProblemInitializer.java:449)
	at de.uka.ilkd.key.proof.io.AbstractProblemLoader.createInitConfig(AbstractProblemLoader.java:518)
	at de.uka.ilkd.key.proof.io.AbstractProblemLoader.loadEnvironment(AbstractProblemLoader.java:288)
	at de.uka.ilkd.key.proof.io.AbstractProblemLoader.load(AbstractProblemLoader.java:252)
	at de.uka.ilkd.key.control.AbstractUserInterfaceControl.load(AbstractUserInterfaceControl.java:209)
	... 7 more
Caused by: java.lang.RuntimeException: Could not find rule file rules/intRulesCheckedSemantics.key
	at de.uka.ilkd.key.proof.io.RuleSourceFactory.fromBuiltInRule(RuleSourceFactory.java:32)
	at de.uka.ilkd.key.proof.io.RuleSourceFactory.fromDefaultLocation(RuleSourceFactory.java:21)
	at de.uka.ilkd.key.nparser.builder.IncludeFinder.addInclude(IncludeFinder.java:63)
	at de.uka.ilkd.key.nparser.builder.IncludeFinder.visitOne_include(IncludeFinder.java:43)
	at de.uka.ilkd.key.nparser.builder.IncludeFinder.visitOne_include(IncludeFinder.java:20)
	at de.uka.ilkd.key.nparser.KeYParser$One_includeContext.accept(KeYParser.java:878)
	at de.uka.ilkd.key.nparser.builder.AbstractBuilder.lambda$mapOf$0(AbstractBuilder.java:112)
	at java.base/java.util.stream.ReferencePipeline$3$1.accept(ReferencePipeline.java:195)
	at java.base/java.util.ArrayList$ArrayListSpliterator.forEachRemaining(ArrayList.java:1655)
	at java.base/java.util.stream.AbstractPipeline.copyInto(AbstractPipeline.java:484)
	at java.base/java.util.stream.AbstractPipeline.wrapAndCopyInto(AbstractPipeline.java:474)
	at java.base/java.util.stream.ReduceOps$ReduceOp.evaluateSequential(ReduceOps.java:913)
	at java.base/java.util.stream.AbstractPipeline.evaluate(AbstractPipeline.java:234)
	at java.base/java.util.stream.ReferencePipeline.collect(ReferencePipeline.java:578)
	at de.uka.ilkd.key.nparser.builder.AbstractBuilder.mapOf(AbstractBuilder.java:112)
	at de.uka.ilkd.key.nparser.builder.IncludeFinder.visitOne_include_statement(IncludeFinder.java:35)
	at de.uka.ilkd.key.nparser.builder.IncludeFinder.visitOne_include_statement(IncludeFinder.java:20)
	at de.uka.ilkd.key.nparser.KeYParser$One_include_statementContext.accept(KeYParser.java:802)
	at org.antlr.v4.runtime.tree.AbstractParseTreeVisitor.visitChildren(AbstractParseTreeVisitor.java:46)
	at de.uka.ilkd.key.nparser.KeYParserBaseVisitor.visitDecls(KeYParserBaseVisitor.java:30)
	at de.uka.ilkd.key.nparser.KeYParser$DeclsContext.accept(KeYParser.java:500)
	at org.antlr.v4.runtime.tree.AbstractParseTreeVisitor.visitChildren(AbstractParseTreeVisitor.java:46)
	at de.uka.ilkd.key.nparser.KeYParserBaseVisitor.visitFile(KeYParserBaseVisitor.java:23)
	at de.uka.ilkd.key.nparser.KeYParser$FileContext.accept(KeYParser.java:306)
	at de.uka.ilkd.key.nparser.KeyAst.accept(KeyAst.java:41)
	at de.uka.ilkd.key.nparser.KeyAst$File.getIncludes(KeyAst.java:76)
	at de.uka.ilkd.key.proof.io.KeYFile.readIncludes(KeYFile.java:208)
	... 14 more
Could not find rule file rules/intRulesCheckedSemantics.key (file: /home/runner/work/key/key/key.core/../key.ui/examples/index/.././heap/list/LinkedList_get_normal.key; caused by: de.uka.ilkd.key.proof.init.ProofInputException: Could not find rule file rules/intRulesCheckedSemantics.key)
	at de.uka.ilkd.key.control.AbstractUserInterfaceControl.load(AbstractUserInterfaceControl.java:221)
	at de.uka.ilkd.key.control.KeYEnvironment.load(KeYEnvironment.java:251)
	at de.uka.ilkd.key.control.KeYEnvironment.load(KeYEnvironment.java:224)
	at de.uka.ilkd.key.control.KeYEnvironment.load(KeYEnvironment.java:184)
	at de.uka.ilkd.key.control.KeYEnvironment.load(KeYEnvironment.java:261)
	at de.uka.ilkd.key.proof.runallproofs.proofcollection.TestFile.load(TestFile.java:270)
	at de.uka.ilkd.key.proof.runallproofs.proofcollection.TestFile.runKey(TestFile.java:160)
	at de.uka.ilkd.key.proof.runallproofs.proofcollection.ForkedTestFileRunner.main(ForkedTestFileRunner.java:171)
Caused by: de.uka.ilkd.key.proof.init.ProofInputException: Could not find rule file rules/intRulesCheckedSemantics.key
	at de.uka.ilkd.key.proof.io.KeYFile.readIncludes(KeYFile.java:210)
	at de.uka.ilkd.key.proof.init.ProblemInitializer.readIncludes(ProblemInitializer.java:177)
	at de.uka.ilkd.key.proof.init.ProblemInitializer.readEnvInput(ProblemInitializer.java:325)
	at de.uka.ilkd.key.proof.init.ProblemInitializer.prepare(ProblemInitializer.java:449)
	at de.uka.ilkd.key.proof.io.AbstractProblemLoader.createInitConfig(AbstractProblemLoader.java:518)
	at de.uka.ilkd.key.proof.io.AbstractProblemLoader.loadEnvironment(AbstractProblemLoader.java:288)
	at de.uka.ilkd.key.proof.io.AbstractProblemLoader.load(AbstractProblemLoader.java:252)
	at de.uka.ilkd.key.control.AbstractUserInterfaceControl.load(AbstractUserInterfaceControl.java:209)
	... 7 more
Caused by: java.lang.RuntimeException: Could not find rule file rules/intRulesCheckedSemantics.key
	at de.uka.ilkd.key.proof.io.RuleSourceFactory.fromBuiltInRule(RuleSourceFactory.java:32)
	at de.uka.ilkd.key.proof.io.RuleSourceFactory.fromDefaultLocation(RuleSourceFactory.java:21)
	at de.uka.ilkd.key.nparser.builder.IncludeFinder.addInclude(IncludeFinder.java:63)
	at de.uka.ilkd.key.nparser.builder.IncludeFinder.visitOne_include(IncludeFinder.java:43)
	at de.uka.ilkd.key.nparser.builder.IncludeFinder.visitOne_include(IncludeFinder.java:20)
	at de.uka.ilkd.key.nparser.KeYParser$One_includeContext.accept(KeYParser.java:878)
	at de.uka.ilkd.key.nparser.builder.AbstractBuilder.lambda$mapOf$0(AbstractBuilder.java:112)
	at java.base/java.util.stream.ReferencePipeline$3$1.accept(ReferencePipeline.java:195)
	at java.base/java.util.ArrayList$ArrayListSpliterator.forEachRemaining(ArrayList.java:1655)
	at java.base/java.util.stream.AbstractPipeline.copyInto(AbstractPipeline.java:484)
	at java.base/java.util.stream.AbstractPipeline.wrapAndCopyInto(AbstractPipeline.java:474)
	at java.base/java.util.stream.ReduceOps$ReduceOp.evaluateSequential(ReduceOps.java:913)
	at java.base/java.util.stream.AbstractPipeline.evaluate(AbstractPipeline.java:234)
	at java.base/java.util.stream.ReferencePipeline.collect(ReferencePipeline.java:578)
	at de.uka.ilkd.key.nparser.builder.AbstractBuilder.mapOf(AbstractBuilder.java:112)
	at de.uka.ilkd.key.nparser.builder.IncludeFinder.visitOne_include_statement(IncludeFinder.java:35)
	at de.uka.ilkd.key.nparser.builder.IncludeFinder.visitOne_include_statement(IncludeFinder.java:20)
	at de.uka.ilkd.key.nparser.KeYParser$One_include_statementContext.accept(KeYParser.java:802)
	at org.antlr.v4.runtime.tree.AbstractParseTreeVisitor.visitChildren(AbstractParseTreeVisitor.java:46)
	at de.uka.ilkd.key.nparser.KeYParserBaseVisitor.visitDecls(KeYParserBaseVisitor.java:30)
	at de.uka.ilkd.key.nparser.KeYParser$DeclsContext.accept(KeYParser.java:500)
	at org.antlr.v4.runtime.tree.AbstractParseTreeVisitor.visitChildren(AbstractParseTreeVisitor.java:46)
	at de.uka.ilkd.key.nparser.KeYParserBaseVisitor.visitFile(KeYParserBaseVisitor.java:23)
	at de.uka.ilkd.key.nparser.KeYParser$FileContext.accept(KeYParser.java:306)
	at de.uka.ilkd.key.nparser.KeyAst.accept(KeyAst.java:41)
	at de.uka.ilkd.key.nparser.KeyAst$File.getIncludes(KeyAst.java:76)
	at de.uka.ilkd.key.proof.io.KeYFile.readIncludes(KeYFile.java:208)
	... 14 more
Could not find rule file rules/intRulesCheckedSemantics.key (file: /home/runner/work/key/key/key.core/../key.ui/examples/index/.././heap/list/LinkedList_LinkedList.key; caused by: de.uka.ilkd.key.proof.init.ProofInputException: Could not find rule file rules/intRulesCheckedSemantics.key)
	at de.uka.ilkd.key.control.AbstractUserInterfaceControl.load(AbstractUserInterfaceControl.java:221)
	at de.uka.ilkd.key.control.KeYEnvironment.load(KeYEnvironment.java:251)
	at de.uka.ilkd.key.control.KeYEnvironment.load(KeYEnvironment.java:224)
	at de.uka.ilkd.key.control.KeYEnvironment.load(KeYEnvironment.java:184)
	at de.uka.ilkd.key.control.KeYEnvironment.load(KeYEnvironment.java:261)
	at de.uka.ilkd.key.proof.runallproofs.proofcollection.TestFile.load(TestFile.java:270)
	at de.uka.ilkd.key.proof.runallproofs.proofcollection.TestFile.runKey(TestFile.java:160)
	at de.uka.ilkd.key.proof.runallproofs.proofcollection.ForkedTestFileRunner.main(ForkedTestFileRunner.java:171)
Caused by: de.uka.ilkd.key.proof.init.ProofInputException: Could not find rule file rules/intRulesCheckedSemantics.key
	at de.uka.ilkd.key.proof.io.KeYFile.readIncludes(KeYFile.java:210)
	at de.uka.ilkd.key.proof.init.ProblemInitializer.readIncludes(ProblemInitializer.java:177)
	at de.uka.ilkd.key.proof.init.ProblemInitializer.readEnvInput(ProblemInitializer.java:325)
	at de.uka.ilkd.key.proof.init.ProblemInitializer.prepare(ProblemInitializer.java:449)
	at de.uka.ilkd.key.proof.io.AbstractProblemLoader.createInitConfig(AbstractProblemLoader.java:518)
	at de.uka.ilkd.key.proof.io.AbstractProblemLoader.loadEnvironment(AbstractProblemLoader.java:288)
	at de.uka.ilkd.key.proof.io.AbstractProblemLoader.load(AbstractProblemLoader.java:252)
	at de.uka.ilkd.key.control.AbstractUserInterfaceControl.load(AbstractUserInterfaceControl.java:209)
	... 7 more
Caused by: java.lang.RuntimeException: Could not find rule file rules/intRulesCheckedSemantics.key
	at de.uka.ilkd.key.proof.io.RuleSourceFactory.fromBuiltInRule(RuleSourceFactory.java:32)
	at de.uka.ilkd.key.proof.io.RuleSourceFactory.fromDefaultLocation(RuleSourceFactory.java:21)
	at de.uka.ilkd.key.nparser.builder.IncludeFinder.addInclude(IncludeFinder.java:63)
	at de.uka.ilkd.key.nparser.builder.IncludeFinder.visitOne_include(IncludeFinder.java:43)
	at de.uka.ilkd.key.nparser.builder.IncludeFinder.visitOne_include(IncludeFinder.java:20)
	at de.uka.ilkd.key.nparser.KeYParser$One_includeContext.accept(KeYParser.java:878)
	at de.uka.ilkd.key.nparser.builder.AbstractBuilder.lambda$mapOf$0(AbstractBuilder.java:112)
	at java.base/java.util.stream.ReferencePipeline$3$1.accept(ReferencePipeline.java:195)
	at java.base/java.util.ArrayList$ArrayListSpliterator.forEachRemaining(ArrayList.java:1655)
	at java.base/java.util.stream.AbstractPipeline.copyInto(AbstractPipeline.java:484)
	at java.base/java.util.stream.AbstractPipeline.wrapAndCopyInto(AbstractPipeline.java:474)
	at java.base/java.util.stream.ReduceOps$ReduceOp.evaluateSequential(ReduceOps.java:913)
	at java.base/java.util.stream.AbstractPipeline.evaluate(AbstractPipeline.java:234)
	at java.base/java.util.stream.ReferencePipeline.collect(ReferencePipeline.java:578)
	at de.uka.ilkd.key.nparser.builder.AbstractBuilder.mapOf(AbstractBuilder.java:112)
	at de.uka.ilkd.key.nparser.builder.IncludeFinder.visitOne_include_statement(IncludeFinder.java:35)
	at de.uka.ilkd.key.nparser.builder.IncludeFinder.visitOne_include_statement(IncludeFinder.java:20)
	at de.uka.ilkd.key.nparser.KeYParser$One_include_statementContext.accept(KeYParser.java:802)
	at org.antlr.v4.runtime.tree.AbstractParseTreeVisitor.visitChildren(AbstractParseTreeVisitor.java:46)
	at de.uka.ilkd.key.nparser.KeYParserBaseVisitor.visitDecls(KeYParserBaseVisitor.java:30)
	at de.uka.ilkd.key.nparser.KeYParser$DeclsContext.accept(KeYParser.java:500)
	at org.antlr.v4.runtime.tree.AbstractParseTreeVisitor.visitChildren(AbstractParseTreeVisitor.java:46)
	at de.uka.ilkd.key.nparser.KeYParserBaseVisitor.visitFile(KeYParserBaseVisitor.java:23)
	at de.uka.ilkd.key.nparser.KeYParser$FileContext.accept(KeYParser.java:306)
	at de.uka.ilkd.key.nparser.KeyAst.accept(KeyAst.java:41)
	at de.uka.ilkd.key.nparser.KeyAst$File.getIncludes(KeyAst.java:76)
	at de.uka.ilkd.key.proof.io.KeYFile.readIncludes(KeYFile.java:208)
	... 14 more
Could not find rule file rules/intRulesCheckedSemantics.key (file: /home/runner/work/key/key/key.core/../key.ui/examples/index/.././heap/list/LinkedList_size_dep.key; caused by: de.uka.ilkd.key.proof.init.ProofInputException: Could not find rule file rules/intRulesCheckedSemantics.key)
	at de.uka.ilkd.key.control.AbstractUserInterfaceControl.load(AbstractUserInterfaceControl.java:221)
	at de.uka.ilkd.key.control.KeYEnvironment.load(KeYEnvironment.java:251)
	at de.uka.ilkd.key.control.KeYEnvironment.load(KeYEnvironment.java:224)
	at de.uka.ilkd.key.control.KeYEnvironment.load(KeYEnvironment.java:184)
	at de.uka.ilkd.key.control.KeYEnvironment.load(KeYEnvironment.java:261)
	at de.uka.ilkd.key.proof.runallproofs.proofcollection.TestFile.load(TestFile.java:270)
	at de.uka.ilkd.key.proof.runallproofs.proofcollection.TestFile.runKey(TestFile.java:160)
	at de.uka.ilkd.key.proof.runallproofs.proofcollection.ForkedTestFileRunner.main(ForkedTestFileRunner.java:171)
Caused by: de.uka.ilkd.key.proof.init.ProofInputException: Could not find rule file rules/intRulesCheckedSemantics.key
	at de.uka.ilkd.key.proof.io.KeYFile.readIncludes(KeYFile.java:210)
	at de.uka.ilkd.key.proof.init.ProblemInitializer.readIncludes(ProblemInitializer.java:177)
	at de.uka.ilkd.key.proof.init.ProblemInitializer.readEnvInput(ProblemInitializer.java:325)
	at de.uka.ilkd.key.proof.init.ProblemInitializer.prepare(ProblemInitializer.java:449)
	at de.uka.ilkd.key.proof.io.AbstractProblemLoader.createInitConfig(AbstractProblemLoader.java:518)
	at de.uka.ilkd.key.proof.io.AbstractProblemLoader.loadEnvironment(AbstractProblemLoader.java:288)
	at de.uka.ilkd.key.proof.io.AbstractProblemLoader.load(AbstractProblemLoader.java:252)
	at de.uka.ilkd.key.control.AbstractUserInterfaceControl.load(AbstractUserInterfaceControl.java:209)
	... 7 more
Caused by: java.lang.RuntimeException: Could not find rule file rules/intRulesCheckedSemantics.key
	at de.uka.ilkd.key.proof.io.RuleSourceFactory.fromBuiltInRule(RuleSourceFactory.java:32)
	at de.uka.ilkd.key.proof.io.RuleSourceFactory.fromDefaultLocation(RuleSourceFactory.java:21)
	at de.uka.ilkd.key.nparser.builder.IncludeFinder.addInclude(IncludeFinder.java:63)
	at de.uka.ilkd.key.nparser.builder.IncludeFinder.visitOne_include(IncludeFinder.java:43)
	at de.uka.ilkd.key.nparser.builder.IncludeFinder.visitOne_include(IncludeFinder.java:20)
	at de.uka.ilkd.key.nparser.KeYParser$One_includeContext.accept(KeYParser.java:878)
	at de.uka.ilkd.key.nparser.builder.AbstractBuilder.lambda$mapOf$0(AbstractBuilder.java:112)
	at java.base/java.util.stream.ReferencePipeline$3$1.accept(ReferencePipeline.java:195)
	at java.base/java.util.ArrayList$ArrayListSpliterator.forEachRemaining(ArrayList.java:1655)
	at java.base/java.util.stream.AbstractPipeline.copyInto(AbstractPipeline.java:484)
	at java.base/java.util.stream.AbstractPipeline.wrapAndCopyInto(AbstractPipeline.java:474)
	at java.base/java.util.stream.ReduceOps$ReduceOp.evaluateSequential(ReduceOps.java:913)
	at java.base/java.util.stream.AbstractPipeline.evaluate(AbstractPipeline.java:234)
	at java.base/java.util.stream.ReferencePipeline.collect(ReferencePipeline.java:578)
	at de.uka.ilkd.key.nparser.builder.AbstractBuilder.mapOf(AbstractBuilder.java:112)
	at de.uka.ilkd.key.nparser.builder.IncludeFinder.visitOne_include_statement(IncludeFinder.java:35)
	at de.uka.ilkd.key.nparser.builder.IncludeFinder.visitOne_include_statement(IncludeFinder.java:20)
	at de.uka.ilkd.key.nparser.KeYParser$One_include_statementContext.accept(KeYParser.java:802)
	at org.antlr.v4.runtime.tree.AbstractParseTreeVisitor.visitChildren(AbstractParseTreeVisitor.java:46)
	at de.uka.ilkd.key.nparser.KeYParserBaseVisitor.visitDecls(KeYParserBaseVisitor.java:30)
	at de.uka.ilkd.key.nparser.KeYParser$DeclsContext.accept(KeYParser.java:500)
	at org.antlr.v4.runtime.tree.AbstractParseTreeVisitor.visitChildren(AbstractParseTreeVisitor.java:46)
	at de.uka.ilkd.key.nparser.KeYParserBaseVisitor.visitFile(KeYParserBaseVisitor.java:23)
	at de.uka.ilkd.key.nparser.KeYParser$FileContext.accept(KeYParser.java:306)
	at de.uka.ilkd.key.nparser.KeyAst.accept(KeyAst.java:41)
	at de.uka.ilkd.key.nparser.KeyAst$File.getIncludes(KeyAst.java:76)
	at de.uka.ilkd.key.proof.io.KeYFile.readIncludes(KeYFile.java:208)
	... 14 more
Could not find rule file rules/intRulesCheckedSemantics.key (file: /home/runner/work/key/key/key.core/../key.ui/examples/index/.././heap/list/LinkedList_size.key; caused by: de.uka.ilkd.key.proof.init.ProofInputException: Could not find rule file rules/intRulesCheckedSemantics.key)
	at de.uka.ilkd.key.control.AbstractUserInterfaceControl.load(AbstractUserInterfaceControl.java:221)
	at de.uka.ilkd.key.control.KeYEnvironment.load(KeYEnvironment.java:251)
	at de.uka.ilkd.key.control.KeYEnvironment.load(KeYEnvironment.java:224)
	at de.uka.ilkd.key.control.KeYEnvironment.load(KeYEnvironment.java:184)
	at de.uka.ilkd.key.control.KeYEnvironment.load(KeYEnvironment.java:261)
	at de.uka.ilkd.key.proof.runallproofs.proofcollection.TestFile.load(TestFile.java:270)
	at de.uka.ilkd.key.proof.runallproofs.proofcollection.TestFile.runKey(TestFile.java:160)
	at de.uka.ilkd.key.proof.runallproofs.proofcollection.ForkedTestFileRunner.main(ForkedTestFileRunner.java:171)
Caused by: de.uka.ilkd.key.proof.init.ProofInputException: Could not find rule file rules/intRulesCheckedSemantics.key
	at de.uka.ilkd.key.proof.io.KeYFile.readIncludes(KeYFile.java:210)
	at de.uka.ilkd.key.proof.init.ProblemInitializer.readIncludes(ProblemInitializer.java:177)
	at de.uka.ilkd.key.proof.init.ProblemInitializer.readEnvInput(ProblemInitializer.java:325)
	at de.uka.ilkd.key.proof.init.ProblemInitializer.prepare(ProblemInitializer.java:449)
	at de.uka.ilkd.key.proof.io.AbstractProblemLoader.createInitConfig(AbstractProblemLoader.java:518)
	at de.uka.ilkd.key.proof.io.AbstractProblemLoader.loadEnvironment(AbstractProblemLoader.java:288)
	at de.uka.ilkd.key.proof.io.AbstractProblemLoader.load(AbstractProblemLoader.java:252)
	at de.uka.ilkd.key.control.AbstractUserInterfaceControl.load(AbstractUserInterfaceControl.java:209)
	... 7 more
Caused by: java.lang.RuntimeException: Could not find rule file rules/intRulesCheckedSemantics.key
	at de.uka.ilkd.key.proof.io.RuleSourceFactory.fromBuiltInRule(RuleSourceFactory.java:32)
	at de.uka.ilkd.key.proof.io.RuleSourceFactory.fromDefaultLocation(RuleSourceFactory.java:21)
	at de.uka.ilkd.key.nparser.builder.IncludeFinder.addInclude(IncludeFinder.java:63)
	at de.uka.ilkd.key.nparser.builder.IncludeFinder.visitOne_include(IncludeFinder.java:43)
	at de.uka.ilkd.key.nparser.builder.IncludeFinder.visitOne_include(IncludeFinder.java:20)
	at de.uka.ilkd.key.nparser.KeYParser$One_includeContext.accept(KeYParser.java:878)
	at de.uka.ilkd.key.nparser.builder.AbstractBuilder.lambda$mapOf$0(AbstractBuilder.java:112)
	at java.base/java.util.stream.ReferencePipeline$3$1.accept(ReferencePipeline.java:195)
	at java.base/java.util.ArrayList$ArrayListSpliterator.forEachRemaining(ArrayList.java:1655)
	at java.base/java.util.stream.AbstractPipeline.copyInto(AbstractPipeline.java:484)
	at java.base/java.util.stream.AbstractPipeline.wrapAndCopyInto(AbstractPipeline.java:474)
	at java.base/java.util.stream.ReduceOps$ReduceOp.evaluateSequential(ReduceOps.java:913)
	at java.base/java.util.stream.AbstractPipeline.evaluate(AbstractPipeline.java:234)
	at java.base/java.util.stream.ReferencePipeline.collect(ReferencePipeline.java:578)
	at de.uka.ilkd.key.nparser.builder.AbstractBuilder.mapOf(AbstractBuilder.java:112)
	at de.uka.ilkd.key.nparser.builder.IncludeFinder.visitOne_include_statement(IncludeFinder.java:35)
	at de.uka.ilkd.key.nparser.builder.IncludeFinder.visitOne_include_statement(IncludeFinder.java:20)
	at de.uka.ilkd.key.nparser.KeYParser$One_include_statementContext.accept(KeYParser.java:802)
	at org.antlr.v4.runtime.tree.AbstractParseTreeVisitor.visitChildren(AbstractParseTreeVisitor.java:46)
	at de.uka.ilkd.key.nparser.KeYParserBaseVisitor.visitDecls(KeYParserBaseVisitor.java:30)
	at de.uka.ilkd.key.nparser.KeYParser$DeclsContext.accept(KeYParser.java:500)
	at org.antlr.v4.runtime.tree.AbstractParseTreeVisitor.visitChildren(AbstractParseTreeVisitor.java:46)
	at de.uka.ilkd.key.nparser.KeYParserBaseVisitor.visitFile(KeYParserBaseVisitor.java:23)
	at de.uka.ilkd.key.nparser.KeYParser$FileContext.accept(KeYParser.java:306)
	at de.uka.ilkd.key.nparser.KeyAst.accept(KeyAst.java:41)
	at de.uka.ilkd.key.nparser.KeyAst$File.getIncludes(KeyAst.java:76)
	at de.uka.ilkd.key.proof.io.KeYFile.readIncludes(KeYFile.java:208)
	... 14 more
Could not find rule file rules/intRulesCheckedSemantics.key (file: /home/runner/work/key/key/key.core/../key.ui/examples/index/.././heap/list/MySet_footprint.key; caused by: de.uka.ilkd.key.proof.init.ProofInputException: Could not find rule file rules/intRulesCheckedSemantics.key)
	at de.uka.ilkd.key.control.AbstractUserInterfaceControl.load(AbstractUserInterfaceControl.java:221)
	at de.uka.ilkd.key.control.KeYEnvironment.load(KeYEnvironment.java:251)
	at de.uka.ilkd.key.control.KeYEnvironment.load(KeYEnvironment.java:224)
	at de.uka.ilkd.key.control.KeYEnvironment.load(KeYEnvironment.java:184)
	at de.uka.ilkd.key.control.KeYEnvironment.load(KeYEnvironment.java:261)
	at de.uka.ilkd.key.proof.runallproofs.proofcollection.TestFile.load(TestFile.java:270)
	at de.uka.ilkd.key.proof.runallproofs.proofcollection.TestFile.runKey(TestFile.java:160)
	at de.uka.ilkd.key.proof.runallproofs.proofcollection.ForkedTestFileRunner.main(ForkedTestFileRunner.java:171)
Caused by: de.uka.ilkd.key.proof.init.ProofInputException: Could not find rule file rules/intRulesCheckedSemantics.key
	at de.uka.ilkd.key.proof.io.KeYFile.readIncludes(KeYFile.java:210)
	at de.uka.ilkd.key.proof.init.ProblemInitializer.readIncludes(ProblemInitializer.java:177)
	at de.uka.ilkd.key.proof.init.ProblemInitializer.readEnvInput(ProblemInitializer.java:325)
	at de.uka.ilkd.key.proof.init.ProblemInitializer.prepare(ProblemInitializer.java:449)
	at de.uka.ilkd.key.proof.io.AbstractProblemLoader.createInitConfig(AbstractProblemLoader.java:518)
	at de.uka.ilkd.key.proof.io.AbstractProblemLoader.loadEnvironment(AbstractProblemLoader.java:288)
	at de.uka.ilkd.key.proof.io.AbstractProblemLoader.load(AbstractProblemLoader.java:252)
	at de.uka.ilkd.key.control.AbstractUserInterfaceControl.load(AbstractUserInterfaceControl.java:209)
	... 7 more
Caused by: java.lang.RuntimeException: Could not find rule file rules/intRulesCheckedSemantics.key
	at de.uka.ilkd.key.proof.io.RuleSourceFactory.fromBuiltInRule(RuleSourceFactory.java:32)
	at de.uka.ilkd.key.proof.io.RuleSourceFactory.fromDefaultLocation(RuleSourceFactory.java:21)
	at de.uka.ilkd.key.nparser.builder.IncludeFinder.addInclude(IncludeFinder.java:63)
	at de.uka.ilkd.key.nparser.builder.IncludeFinder.visitOne_include(IncludeFinder.java:43)
	at de.uka.ilkd.key.nparser.builder.IncludeFinder.visitOne_include(IncludeFinder.java:20)
	at de.uka.ilkd.key.nparser.KeYParser$One_includeContext.accept(KeYParser.java:878)
	at de.uka.ilkd.key.nparser.builder.AbstractBuilder.lambda$mapOf$0(AbstractBuilder.java:112)
	at java.base/java.util.stream.ReferencePipeline$3$1.accept(ReferencePipeline.java:195)
	at java.base/java.util.ArrayList$ArrayListSpliterator.forEachRemaining(ArrayList.java:1655)
	at java.base/java.util.stream.AbstractPipeline.copyInto(AbstractPipeline.java:484)
	at java.base/java.util.stream.AbstractPipeline.wrapAndCopyInto(AbstractPipeline.java:474)
	at java.base/java.util.stream.ReduceOps$ReduceOp.evaluateSequential(ReduceOps.java:913)
	at java.base/java.util.stream.AbstractPipeline.evaluate(AbstractPipeline.java:234)
	at java.base/java.util.stream.ReferencePipeline.collect(ReferencePipeline.java:578)
	at de.uka.ilkd.key.nparser.builder.AbstractBuilder.mapOf(AbstractBuilder.java:112)
	at de.uka.ilkd.key.nparser.builder.IncludeFinder.visitOne_include_statement(IncludeFinder.java:35)
	at de.uka.ilkd.key.nparser.builder.IncludeFinder.visitOne_include_statement(IncludeFinder.java:20)
	at de.uka.ilkd.key.nparser.KeYParser$One_include_statementContext.accept(KeYParser.java:802)
	at org.antlr.v4.runtime.tree.AbstractParseTreeVisitor.visitChildren(AbstractParseTreeVisitor.java:46)
	at de.uka.ilkd.key.nparser.KeYParserBaseVisitor.visitDecls(KeYParserBaseVisitor.java:30)
	at de.uka.ilkd.key.nparser.KeYParser$DeclsContext.accept(KeYParser.java:500)
	at org.antlr.v4.runtime.tree.AbstractParseTreeVisitor.visitChildren(AbstractParseTreeVisitor.java:46)
	at de.uka.ilkd.key.nparser.KeYParserBaseVisitor.visitFile(KeYParserBaseVisitor.java:23)
	at de.uka.ilkd.key.nparser.KeYParser$FileContext.accept(KeYParser.java:306)
	at de.uka.ilkd.key.nparser.KeyAst.accept(KeyAst.java:41)
	at de.uka.ilkd.key.nparser.KeyAst$File.getIncludes(KeyAst.java:76)
	at de.uka.ilkd.key.proof.io.KeYFile.readIncludes(KeYFile.java:208)
	... 14 more
Could not find rule file rules/intRulesCheckedSemantics.key (file: /home/runner/work/key/key/key.core/../key.ui/examples/index/.././heap/list/MySet_MySet.key; caused by: de.uka.ilkd.key.proof.init.ProofInputException: Could not find rule file rules/intRulesCheckedSemantics.key)
	at de.uka.ilkd.key.control.AbstractUserInterfaceControl.load(AbstractUserInterfaceControl.java:221)
	at de.uka.ilkd.key.control.KeYEnvironment.load(KeYEnvironment.java:251)
	at de.uka.ilkd.key.control.KeYEnvironment.load(KeYEnvironment.java:224)
	at de.uka.ilkd.key.control.KeYEnvironment.load(KeYEnvironment.java:184)
	at de.uka.ilkd.key.control.KeYEnvironment.load(KeYEnvironment.java:261)
	at de.uka.ilkd.key.proof.runallproofs.proofcollection.TestFile.load(TestFile.java:270)
	at de.uka.ilkd.key.proof.runallproofs.proofcollection.TestFile.runKey(TestFile.java:160)
	at de.uka.ilkd.key.proof.runallproofs.proofcollection.ForkedTestFileRunner.main(ForkedTestFileRunner.java:171)
Caused by: de.uka.ilkd.key.proof.init.ProofInputException: Could not find rule file rules/intRulesCheckedSemantics.key
	at de.uka.ilkd.key.proof.io.KeYFile.readIncludes(KeYFile.java:210)
	at de.uka.ilkd.key.proof.init.ProblemInitializer.readIncludes(ProblemInitializer.java:177)
	at de.uka.ilkd.key.proof.init.ProblemInitializer.readEnvInput(ProblemInitializer.java:325)
	at de.uka.ilkd.key.proof.init.ProblemInitializer.prepare(ProblemInitializer.java:449)
	at de.uka.ilkd.key.proof.io.AbstractProblemLoader.createInitConfig(AbstractProblemLoader.java:518)
	at de.uka.ilkd.key.proof.io.AbstractProblemLoader.loadEnvironment(AbstractProblemLoader.java:288)
	at de.uka.ilkd.key.proof.io.AbstractProblemLoader.load(AbstractProblemLoader.java:252)
	at de.uka.ilkd.key.control.AbstractUserInterfaceControl.load(AbstractUserInterfaceControl.java:209)
	... 7 more
Caused by: java.lang.RuntimeException: Could not find rule file rules/intRulesCheckedSemantics.key
	at de.uka.ilkd.key.proof.io.RuleSourceFactory.fromBuiltInRule(RuleSourceFactory.java:32)
	at de.uka.ilkd.key.proof.io.RuleSourceFactory.fromDefaultLocation(RuleSourceFactory.java:21)
	at de.uka.ilkd.key.nparser.builder.IncludeFinder.addInclude(IncludeFinder.java:63)
	at de.uka.ilkd.key.nparser.builder.IncludeFinder.visitOne_include(IncludeFinder.java:43)
	at de.uka.ilkd.key.nparser.builder.IncludeFinder.visitOne_include(IncludeFinder.java:20)
	at de.uka.ilkd.key.nparser.KeYParser$One_includeContext.accept(KeYParser.java:878)
	at de.uka.ilkd.key.nparser.builder.AbstractBuilder.lambda$mapOf$0(AbstractBuilder.java:112)
	at java.base/java.util.stream.ReferencePipeline$3$1.accept(ReferencePipeline.java:195)
	at java.base/java.util.ArrayList$ArrayListSpliterator.forEachRemaining(ArrayList.java:1655)
	at java.base/java.util.stream.AbstractPipeline.copyInto(AbstractPipeline.java:484)
	at java.base/java.util.stream.AbstractPipeline.wrapAndCopyInto(AbstractPipeline.java:474)
	at java.base/java.util.stream.ReduceOps$ReduceOp.evaluateSequential(ReduceOps.java:913)
	at java.base/java.util.stream.AbstractPipeline.evaluate(AbstractPipeline.java:234)
	at java.base/java.util.stream.ReferencePipeline.collect(ReferencePipeline.java:578)
	at de.uka.ilkd.key.nparser.builder.AbstractBuilder.mapOf(AbstractBuilder.java:112)
	at de.uka.ilkd.key.nparser.builder.IncludeFinder.visitOne_include_statement(IncludeFinder.java:35)
	at de.uka.ilkd.key.nparser.builder.IncludeFinder.visitOne_include_statement(IncludeFinder.java:20)
	at de.uka.ilkd.key.nparser.KeYParser$One_include_statementContext.accept(KeYParser.java:802)
	at org.antlr.v4.runtime.tree.AbstractParseTreeVisitor.visitChildren(AbstractParseTreeVisitor.java:46)
	at de.uka.ilkd.key.nparser.KeYParserBaseVisitor.visitDecls(KeYParserBaseVisitor.java:30)
	at de.uka.ilkd.key.nparser.KeYParser$DeclsContext.accept(KeYParser.java:500)
	at org.antlr.v4.runtime.tree.AbstractParseTreeVisitor.visitChildren(AbstractParseTreeVisitor.java:46)
	at de.uka.ilkd.key.nparser.KeYParserBaseVisitor.visitFile(KeYParserBaseVisitor.java:23)
	at de.uka.ilkd.key.nparser.KeYParser$FileContext.accept(KeYParser.java:306)
	at de.uka.ilkd.key.nparser.KeyAst.accept(KeyAst.java:41)
	at de.uka.ilkd.key.nparser.KeyAst$File.getIncludes(KeyAst.java:76)
	at de.uka.ilkd.key.proof.io.KeYFile.readIncludes(KeYFile.java:208)
	... 14 more
Exception in thread "main" org.opentest4j.AssertionFailedError: Exception during the execution of proofs. See log for more details.
	at org.junit.jupiter.api.AssertionUtils.fail(AssertionUtils.java:39)
	at org.junit.jupiter.api.Assertions.fail(Assertions.java:134)
	at de.uka.ilkd.key.proof.runallproofs.proofcollection.ForkedTestFileRunner.main(ForkedTestFileRunner.java:192)
Timeout watcher launched (2000 secs.)
Could not find rule file rules/intRulesCheckedSemantics.key (file: /home/runner/work/key/key/key.core/../key.ui/examples/index/.././heap/list_ghost/ArrayList_add.key; caused by: de.uka.ilkd.key.proof.init.ProofInputException: Could not find rule file rules/intRulesCheckedSemantics.key)
	at de.uka.ilkd.key.control.AbstractUserInterfaceControl.load(AbstractUserInterfaceControl.java:221)
	at de.uka.ilkd.key.control.KeYEnvironment.load(KeYEnvironment.java:251)
	at de.uka.ilkd.key.control.KeYEnvironment.load(KeYEnvironment.java:224)
	at de.uka.ilkd.key.control.KeYEnvironment.load(KeYEnvironment.java:184)
	at de.uka.ilkd.key.control.KeYEnvironment.load(KeYEnvironment.java:261)
	at de.uka.ilkd.key.proof.runallproofs.proofcollection.TestFile.load(TestFile.java:270)
	at de.uka.ilkd.key.proof.runallproofs.proofcollection.TestFile.runKey(TestFile.java:160)
	at de.uka.ilkd.key.proof.runallproofs.proofcollection.ForkedTestFileRunner.main(ForkedTestFileRunner.java:171)
Caused by: de.uka.ilkd.key.proof.init.ProofInputException: Could not find rule file rules/intRulesCheckedSemantics.key
	at de.uka.ilkd.key.proof.io.KeYFile.readIncludes(KeYFile.java:210)
	at de.uka.ilkd.key.proof.init.ProblemInitializer.readIncludes(ProblemInitializer.java:177)
	at de.uka.ilkd.key.proof.init.ProblemInitializer.readEnvInput(ProblemInitializer.java:325)
	at de.uka.ilkd.key.proof.init.ProblemInitializer.prepare(ProblemInitializer.java:449)
	at de.uka.ilkd.key.proof.io.AbstractProblemLoader.createInitConfig(AbstractProblemLoader.java:518)
	at de.uka.ilkd.key.proof.io.AbstractProblemLoader.loadEnvironment(AbstractProblemLoader.java:288)
	at de.uka.ilkd.key.proof.io.AbstractProblemLoader.load(AbstractProblemLoader.java:252)
	at de.uka.ilkd.key.control.AbstractUserInterfaceControl.load(AbstractUserInterfaceControl.java:209)
	... 7 more
Caused by: java.lang.RuntimeException: Could not find rule file rules/intRulesCheckedSemantics.key
	at de.uka.ilkd.key.proof.io.RuleSourceFactory.fromBuiltInRule(RuleSourceFactory.java:32)
	at de.uka.ilkd.key.proof.io.RuleSourceFactory.fromDefaultLocation(RuleSourceFactory.java:21)
	at de.uka.ilkd.key.nparser.builder.IncludeFinder.addInclude(IncludeFinder.java:63)
	at de.uka.ilkd.key.nparser.builder.IncludeFinder.visitOne_include(IncludeFinder.java:43)
	at de.uka.ilkd.key.nparser.builder.IncludeFinder.visitOne_include(IncludeFinder.java:20)
	at de.uka.ilkd.key.nparser.KeYParser$One_includeContext.accept(KeYParser.java:878)
	at de.uka.ilkd.key.nparser.builder.AbstractBuilder.lambda$mapOf$0(AbstractBuilder.java:112)
	at java.base/java.util.stream.ReferencePipeline$3$1.accept(ReferencePipeline.java:195)
	at java.base/java.util.ArrayList$ArrayListSpliterator.forEachRemaining(ArrayList.java:1655)
	at java.base/java.util.stream.AbstractPipeline.copyInto(AbstractPipeline.java:484)
	at java.base/java.util.stream.AbstractPipeline.wrapAndCopyInto(AbstractPipeline.java:474)
	at java.base/java.util.stream.ReduceOps$ReduceOp.evaluateSequential(ReduceOps.java:913)
	at java.base/java.util.stream.AbstractPipeline.evaluate(AbstractPipeline.java:234)
	at java.base/java.util.stream.ReferencePipeline.collect(ReferencePipeline.java:578)
	at de.uka.ilkd.key.nparser.builder.AbstractBuilder.mapOf(AbstractBuilder.java:112)
	at de.uka.ilkd.key.nparser.builder.IncludeFinder.visitOne_include_statement(IncludeFinder.java:35)
	at de.uka.ilkd.key.nparser.builder.IncludeFinder.visitOne_include_statement(IncludeFinder.java:20)
	at de.uka.ilkd.key.nparser.KeYParser$One_include_statementContext.accept(KeYParser.java:802)
	at org.antlr.v4.runtime.tree.AbstractParseTreeVisitor.visitChildren(AbstractParseTreeVisitor.java:46)
	at de.uka.ilkd.key.nparser.KeYParserBaseVisitor.visitDecls(KeYParserBaseVisitor.java:30)
	at de.uka.ilkd.key.nparser.KeYParser$DeclsContext.accept(KeYParser.java:500)
	at org.antlr.v4.runtime.tree.AbstractParseTreeVisitor.visitChildren(AbstractParseTreeVisitor.java:46)
	at de.uka.ilkd.key.nparser.KeYParserBaseVisitor.visitFile(KeYParserBaseVisitor.java:23)
	at de.uka.ilkd.key.nparser.KeYParser$FileContext.accept(KeYParser.java:306)
	at de.uka.ilkd.key.nparser.KeyAst.accept(KeyAst.java:41)
	at de.uka.ilkd.key.nparser.KeyAst$File.getIncludes(KeyAst.java:76)
	at de.uka.ilkd.key.proof.io.KeYFile.readIncludes(KeYFile.java:208)
	... 14 more
Could not find rule file rules/intRulesCheckedSemantics.key (file: /home/runner/work/key/key/key.core/../key.ui/examples/index/.././heap/list_ghost/ArrayList_ArrayList.key; caused by: de.uka.ilkd.key.proof.init.ProofInputException: Could not find rule file rules/intRulesCheckedSemantics.key)
	at de.uka.ilkd.key.control.AbstractUserInterfaceControl.load(AbstractUserInterfaceControl.java:221)
	at de.uka.ilkd.key.control.KeYEnvironment.load(KeYEnvironment.java:251)
	at de.uka.ilkd.key.control.KeYEnvironment.load(KeYEnvironment.java:224)
	at de.uka.ilkd.key.control.KeYEnvironment.load(KeYEnvironment.java:184)
	at de.uka.ilkd.key.control.KeYEnvironment.load(KeYEnvironment.java:261)
	at de.uka.ilkd.key.proof.runallproofs.proofcollection.TestFile.load(TestFile.java:270)
	at de.uka.ilkd.key.proof.runallproofs.proofcollection.TestFile.runKey(TestFile.java:160)
	at de.uka.ilkd.key.proof.runallproofs.proofcollection.ForkedTestFileRunner.main(ForkedTestFileRunner.java:171)
Caused by: de.uka.ilkd.key.proof.init.ProofInputException: Could not find rule file rules/intRulesCheckedSemantics.key
	at de.uka.ilkd.key.proof.io.KeYFile.readIncludes(KeYFile.java:210)
	at de.uka.ilkd.key.proof.init.ProblemInitializer.readIncludes(ProblemInitializer.java:177)
	at de.uka.ilkd.key.proof.init.ProblemInitializer.readEnvInput(ProblemInitializer.java:325)
	at de.uka.ilkd.key.proof.init.ProblemInitializer.prepare(ProblemInitializer.java:449)
	at de.uka.ilkd.key.proof.io.AbstractProblemLoader.createInitConfig(AbstractProblemLoader.java:518)
	at de.uka.ilkd.key.proof.io.AbstractProblemLoader.loadEnvironment(AbstractProblemLoader.java:288)
	at de.uka.ilkd.key.proof.io.AbstractProblemLoader.load(AbstractProblemLoader.java:252)
	at de.uka.ilkd.key.control.AbstractUserInterfaceControl.load(AbstractUserInterfaceControl.java:209)
	... 7 more
Caused by: java.lang.RuntimeException: Could not find rule file rules/intRulesCheckedSemantics.key
	at de.uka.ilkd.key.proof.io.RuleSourceFactory.fromBuiltInRule(RuleSourceFactory.java:32)
	at de.uka.ilkd.key.proof.io.RuleSourceFactory.fromDefaultLocation(RuleSourceFactory.java:21)
	at de.uka.ilkd.key.nparser.builder.IncludeFinder.addInclude(IncludeFinder.java:63)
	at de.uka.ilkd.key.nparser.builder.IncludeFinder.visitOne_include(IncludeFinder.java:43)
	at de.uka.ilkd.key.nparser.builder.IncludeFinder.visitOne_include(IncludeFinder.java:20)
	at de.uka.ilkd.key.nparser.KeYParser$One_includeContext.accept(KeYParser.java:878)
	at de.uka.ilkd.key.nparser.builder.AbstractBuilder.lambda$mapOf$0(AbstractBuilder.java:112)
	at java.base/java.util.stream.ReferencePipeline$3$1.accept(ReferencePipeline.java:195)
	at java.base/java.util.ArrayList$ArrayListSpliterator.forEachRemaining(ArrayList.java:1655)
	at java.base/java.util.stream.AbstractPipeline.copyInto(AbstractPipeline.java:484)
	at java.base/java.util.stream.AbstractPipeline.wrapAndCopyInto(AbstractPipeline.java:474)
	at java.base/java.util.stream.ReduceOps$ReduceOp.evaluateSequential(ReduceOps.java:913)
	at java.base/java.util.stream.AbstractPipeline.evaluate(AbstractPipeline.java:234)
	at java.base/java.util.stream.ReferencePipeline.collect(ReferencePipeline.java:578)
	at de.uka.ilkd.key.nparser.builder.AbstractBuilder.mapOf(AbstractBuilder.java:112)
	at de.uka.ilkd.key.nparser.builder.IncludeFinder.visitOne_include_statement(IncludeFinder.java:35)
	at de.uka.ilkd.key.nparser.builder.IncludeFinder.visitOne_include_statement(IncludeFinder.java:20)
	at de.uka.ilkd.key.nparser.KeYParser$One_include_statementContext.accept(KeYParser.java:802)
	at org.antlr.v4.runtime.tree.AbstractParseTreeVisitor.visitChildren(AbstractParseTreeVisitor.java:46)
	at de.uka.ilkd.key.nparser.KeYParserBaseVisitor.visitDecls(KeYParserBaseVisitor.java:30)
	at de.uka.ilkd.key.nparser.KeYParser$DeclsContext.accept(KeYParser.java:500)
	at org.antlr.v4.runtime.tree.AbstractParseTreeVisitor.visitChildren(AbstractParseTreeVisitor.java:46)
	at de.uka.ilkd.key.nparser.KeYParserBaseVisitor.visitFile(KeYParserBaseVisitor.java:23)
	at de.uka.ilkd.key.nparser.KeYParser$FileContext.accept(KeYParser.java:306)
	at de.uka.ilkd.key.nparser.KeyAst.accept(KeyAst.java:41)
	at de.uka.ilkd.key.nparser.KeyAst$File.getIncludes(KeyAst.java:76)
	at de.uka.ilkd.key.proof.io.KeYFile.readIncludes(KeYFile.java:208)
	... 14 more
Could not find rule file rules/intRulesCheckedSemantics.key (file: /home/runner/work/key/key/key.core/../key.ui/examples/index/.././heap/list_ghost/ArrayList_enlarge.key; caused by: de.uka.ilkd.key.proof.init.ProofInputException: Could not find rule file rules/intRulesCheckedSemantics.key)
	at de.uka.ilkd.key.control.AbstractUserInterfaceControl.load(AbstractUserInterfaceControl.java:221)
	at de.uka.ilkd.key.control.KeYEnvironment.load(KeYEnvironment.java:251)
	at de.uka.ilkd.key.control.KeYEnvironment.load(KeYEnvironment.java:224)
	at de.uka.ilkd.key.control.KeYEnvironment.load(KeYEnvironment.java:184)
	at de.uka.ilkd.key.control.KeYEnvironment.load(KeYEnvironment.java:261)
	at de.uka.ilkd.key.proof.runallproofs.proofcollection.TestFile.load(TestFile.java:270)
	at de.uka.ilkd.key.proof.runallproofs.proofcollection.TestFile.runKey(TestFile.java:160)
	at de.uka.ilkd.key.proof.runallproofs.proofcollection.ForkedTestFileRunner.main(ForkedTestFileRunner.java:171)
Caused by: de.uka.ilkd.key.proof.init.ProofInputException: Could not find rule file rules/intRulesCheckedSemantics.key
	at de.uka.ilkd.key.proof.io.KeYFile.readIncludes(KeYFile.java:210)
	at de.uka.ilkd.key.proof.init.ProblemInitializer.readIncludes(ProblemInitializer.java:177)
	at de.uka.ilkd.key.proof.init.ProblemInitializer.readEnvInput(ProblemInitializer.java:325)
	at de.uka.ilkd.key.proof.init.ProblemInitializer.prepare(ProblemInitializer.java:449)
	at de.uka.ilkd.key.proof.io.AbstractProblemLoader.createInitConfig(AbstractProblemLoader.java:518)
	at de.uka.ilkd.key.proof.io.AbstractProblemLoader.loadEnvironment(AbstractProblemLoader.java:288)
	at de.uka.ilkd.key.proof.io.AbstractProblemLoader.load(AbstractProblemLoader.java:252)
	at de.uka.ilkd.key.control.AbstractUserInterfaceControl.load(AbstractUserInterfaceControl.java:209)
	... 7 more
Caused by: java.lang.RuntimeException: Could not find rule file rules/intRulesCheckedSemantics.key
	at de.uka.ilkd.key.proof.io.RuleSourceFactory.fromBuiltInRule(RuleSourceFactory.java:32)
	at de.uka.ilkd.key.proof.io.RuleSourceFactory.fromDefaultLocation(RuleSourceFactory.java:21)
	at de.uka.ilkd.key.nparser.builder.IncludeFinder.addInclude(IncludeFinder.java:63)
	at de.uka.ilkd.key.nparser.builder.IncludeFinder.visitOne_include(IncludeFinder.java:43)
	at de.uka.ilkd.key.nparser.builder.IncludeFinder.visitOne_include(IncludeFinder.java:20)
	at de.uka.ilkd.key.nparser.KeYParser$One_includeContext.accept(KeYParser.java:878)
	at de.uka.ilkd.key.nparser.builder.AbstractBuilder.lambda$mapOf$0(AbstractBuilder.java:112)
	at java.base/java.util.stream.ReferencePipeline$3$1.accept(ReferencePipeline.java:195)
	at java.base/java.util.ArrayList$ArrayListSpliterator.forEachRemaining(ArrayList.java:1655)
	at java.base/java.util.stream.AbstractPipeline.copyInto(AbstractPipeline.java:484)
	at java.base/java.util.stream.AbstractPipeline.wrapAndCopyInto(AbstractPipeline.java:474)
	at java.base/java.util.stream.ReduceOps$ReduceOp.evaluateSequential(ReduceOps.java:913)
	at java.base/java.util.stream.AbstractPipeline.evaluate(AbstractPipeline.java:234)
	at java.base/java.util.stream.ReferencePipeline.collect(ReferencePipeline.java:578)
	at de.uka.ilkd.key.nparser.builder.AbstractBuilder.mapOf(AbstractBuilder.java:112)
	at de.uka.ilkd.key.nparser.builder.IncludeFinder.visitOne_include_statement(IncludeFinder.java:35)
	at de.uka.ilkd.key.nparser.builder.IncludeFinder.visitOne_include_statement(IncludeFinder.java:20)
	at de.uka.ilkd.key.nparser.KeYParser$One_include_statementContext.accept(KeYParser.java:802)
	at org.antlr.v4.runtime.tree.AbstractParseTreeVisitor.visitChildren(AbstractParseTreeVisitor.java:46)
	at de.uka.ilkd.key.nparser.KeYParserBaseVisitor.visitDecls(KeYParserBaseVisitor.java:30)
	at de.uka.ilkd.key.nparser.KeYParser$DeclsContext.accept(KeYParser.java:500)
	at org.antlr.v4.runtime.tree.AbstractParseTreeVisitor.visitChildren(AbstractParseTreeVisitor.java:46)
	at de.uka.ilkd.key.nparser.KeYParserBaseVisitor.visitFile(KeYParserBaseVisitor.java:23)
	at de.uka.ilkd.key.nparser.KeYParser$FileContext.accept(KeYParser.java:306)
	at de.uka.ilkd.key.nparser.KeyAst.accept(KeyAst.java:41)
	at de.uka.ilkd.key.nparser.KeyAst$File.getIncludes(KeyAst.java:76)
	at de.uka.ilkd.key.proof.io.KeYFile.readIncludes(KeYFile.java:208)
	... 14 more
Could not find rule file rules/intRulesCheckedSemantics.key (file: /home/runner/work/key/key/key.core/../key.ui/examples/index/.././heap/list_ghost/ArrayList_get_dep.key; caused by: de.uka.ilkd.key.proof.init.ProofInputException: Could not find rule file rules/intRulesCheckedSemantics.key)
	at de.uka.ilkd.key.control.AbstractUserInterfaceControl.load(AbstractUserInterfaceControl.java:221)
	at de.uka.ilkd.key.control.KeYEnvironment.load(KeYEnvironment.java:251)
	at de.uka.ilkd.key.control.KeYEnvironment.load(KeYEnvironment.java:224)
	at de.uka.ilkd.key.control.KeYEnvironment.load(KeYEnvironment.java:184)
	at de.uka.ilkd.key.control.KeYEnvironment.load(KeYEnvironment.java:261)
	at de.uka.ilkd.key.proof.runallproofs.proofcollection.TestFile.load(TestFile.java:270)
	at de.uka.ilkd.key.proof.runallproofs.proofcollection.TestFile.runKey(TestFile.java:160)
	at de.uka.ilkd.key.proof.runallproofs.proofcollection.ForkedTestFileRunner.main(ForkedTestFileRunner.java:171)
Caused by: de.uka.ilkd.key.proof.init.ProofInputException: Could not find rule file rules/intRulesCheckedSemantics.key
	at de.uka.ilkd.key.proof.io.KeYFile.readIncludes(KeYFile.java:210)
	at de.uka.ilkd.key.proof.init.ProblemInitializer.readIncludes(ProblemInitializer.java:177)
	at de.uka.ilkd.key.proof.init.ProblemInitializer.readEnvInput(ProblemInitializer.java:325)
	at de.uka.ilkd.key.proof.init.ProblemInitializer.prepare(ProblemInitializer.java:449)
	at de.uka.ilkd.key.proof.io.AbstractProblemLoader.createInitConfig(AbstractProblemLoader.java:518)
	at de.uka.ilkd.key.proof.io.AbstractProblemLoader.loadEnvironment(AbstractProblemLoader.java:288)
	at de.uka.ilkd.key.proof.io.AbstractProblemLoader.load(AbstractProblemLoader.java:252)
	at de.uka.ilkd.key.control.AbstractUserInterfaceControl.load(AbstractUserInterfaceControl.java:209)
	... 7 more
Caused by: java.lang.RuntimeException: Could not find rule file rules/intRulesCheckedSemantics.key
	at de.uka.ilkd.key.proof.io.RuleSourceFactory.fromBuiltInRule(RuleSourceFactory.java:32)
	at de.uka.ilkd.key.proof.io.RuleSourceFactory.fromDefaultLocation(RuleSourceFactory.java:21)
	at de.uka.ilkd.key.nparser.builder.IncludeFinder.addInclude(IncludeFinder.java:63)
	at de.uka.ilkd.key.nparser.builder.IncludeFinder.visitOne_include(IncludeFinder.java:43)
	at de.uka.ilkd.key.nparser.builder.IncludeFinder.visitOne_include(IncludeFinder.java:20)
	at de.uka.ilkd.key.nparser.KeYParser$One_includeContext.accept(KeYParser.java:878)
	at de.uka.ilkd.key.nparser.builder.AbstractBuilder.lambda$mapOf$0(AbstractBuilder.java:112)
	at java.base/java.util.stream.ReferencePipeline$3$1.accept(ReferencePipeline.java:195)
	at java.base/java.util.ArrayList$ArrayListSpliterator.forEachRemaining(ArrayList.java:1655)
	at java.base/java.util.stream.AbstractPipeline.copyInto(AbstractPipeline.java:484)
	at java.base/java.util.stream.AbstractPipeline.wrapAndCopyInto(AbstractPipeline.java:474)
	at java.base/java.util.stream.ReduceOps$ReduceOp.evaluateSequential(ReduceOps.java:913)
	at java.base/java.util.stream.AbstractPipeline.evaluate(AbstractPipeline.java:234)
	at java.base/java.util.stream.ReferencePipeline.collect(ReferencePipeline.java:578)
	at de.uka.ilkd.key.nparser.builder.AbstractBuilder.mapOf(AbstractBuilder.java:112)
	at de.uka.ilkd.key.nparser.builder.IncludeFinder.visitOne_include_statement(IncludeFinder.java:35)
	at de.uka.ilkd.key.nparser.builder.IncludeFinder.visitOne_include_statement(IncludeFinder.java:20)
	at de.uka.ilkd.key.nparser.KeYParser$One_include_statementContext.accept(KeYParser.java:802)
	at org.antlr.v4.runtime.tree.AbstractParseTreeVisitor.visitChildren(AbstractParseTreeVisitor.java:46)
	at de.uka.ilkd.key.nparser.KeYParserBaseVisitor.visitDecls(KeYParserBaseVisitor.java:30)
	at de.uka.ilkd.key.nparser.KeYParser$DeclsContext.accept(KeYParser.java:500)
	at org.antlr.v4.runtime.tree.AbstractParseTreeVisitor.visitChildren(AbstractParseTreeVisitor.java:46)
	at de.uka.ilkd.key.nparser.KeYParserBaseVisitor.visitFile(KeYParserBaseVisitor.java:23)
	at de.uka.ilkd.key.nparser.KeYParser$FileContext.accept(KeYParser.java:306)
	at de.uka.ilkd.key.nparser.KeyAst.accept(KeyAst.java:41)
	at de.uka.ilkd.key.nparser.KeyAst$File.getIncludes(KeyAst.java:76)
	at de.uka.ilkd.key.proof.io.KeYFile.readIncludes(KeYFile.java:208)
	... 14 more
Could not find rule file rules/intRulesCheckedSemantics.key (file: /home/runner/work/key/key/key.core/../key.ui/examples/index/.././heap/list_ghost/ArrayList_get_exceptional.key; caused by: de.uka.ilkd.key.proof.init.ProofInputException: Could not find rule file rules/intRulesCheckedSemantics.key)
	at de.uka.ilkd.key.control.AbstractUserInterfaceControl.load(AbstractUserInterfaceControl.java:221)
	at de.uka.ilkd.key.control.KeYEnvironment.load(KeYEnvironment.java:251)
	at de.uka.ilkd.key.control.KeYEnvironment.load(KeYEnvironment.java:224)
	at de.uka.ilkd.key.control.KeYEnvironment.load(KeYEnvironment.java:184)
	at de.uka.ilkd.key.control.KeYEnvironment.load(KeYEnvironment.java:261)
	at de.uka.ilkd.key.proof.runallproofs.proofcollection.TestFile.load(TestFile.java:270)
	at de.uka.ilkd.key.proof.runallproofs.proofcollection.TestFile.runKey(TestFile.java:160)
	at de.uka.ilkd.key.proof.runallproofs.proofcollection.ForkedTestFileRunner.main(ForkedTestFileRunner.java:171)
Caused by: de.uka.ilkd.key.proof.init.ProofInputException: Could not find rule file rules/intRulesCheckedSemantics.key
	at de.uka.ilkd.key.proof.io.KeYFile.readIncludes(KeYFile.java:210)
	at de.uka.ilkd.key.proof.init.ProblemInitializer.readIncludes(ProblemInitializer.java:177)
	at de.uka.ilkd.key.proof.init.ProblemInitializer.readEnvInput(ProblemInitializer.java:325)
	at de.uka.ilkd.key.proof.init.ProblemInitializer.prepare(ProblemInitializer.java:449)
	at de.uka.ilkd.key.proof.io.AbstractProblemLoader.createInitConfig(AbstractProblemLoader.java:518)
	at de.uka.ilkd.key.proof.io.AbstractProblemLoader.loadEnvironment(AbstractProblemLoader.java:288)
	at de.uka.ilkd.key.proof.io.AbstractProblemLoader.load(AbstractProblemLoader.java:252)
	at de.uka.ilkd.key.control.AbstractUserInterfaceControl.load(AbstractUserInterfaceControl.java:209)
	... 7 more
Caused by: java.lang.RuntimeException: Could not find rule file rules/intRulesCheckedSemantics.key
	at de.uka.ilkd.key.proof.io.RuleSourceFactory.fromBuiltInRule(RuleSourceFactory.java:32)
	at de.uka.ilkd.key.proof.io.RuleSourceFactory.fromDefaultLocation(RuleSourceFactory.java:21)
	at de.uka.ilkd.key.nparser.builder.IncludeFinder.addInclude(IncludeFinder.java:63)
	at de.uka.ilkd.key.nparser.builder.IncludeFinder.visitOne_include(IncludeFinder.java:43)
	at de.uka.ilkd.key.nparser.builder.IncludeFinder.visitOne_include(IncludeFinder.java:20)
	at de.uka.ilkd.key.nparser.KeYParser$One_includeContext.accept(KeYParser.java:878)
	at de.uka.ilkd.key.nparser.builder.AbstractBuilder.lambda$mapOf$0(AbstractBuilder.java:112)
	at java.base/java.util.stream.ReferencePipeline$3$1.accept(ReferencePipeline.java:195)
	at java.base/java.util.ArrayList$ArrayListSpliterator.forEachRemaining(ArrayList.java:1655)
	at java.base/java.util.stream.AbstractPipeline.copyInto(AbstractPipeline.java:484)
	at java.base/java.util.stream.AbstractPipeline.wrapAndCopyInto(AbstractPipeline.java:474)
	at java.base/java.util.stream.ReduceOps$ReduceOp.evaluateSequential(ReduceOps.java:913)
	at java.base/java.util.stream.AbstractPipeline.evaluate(AbstractPipeline.java:234)
	at java.base/java.util.stream.ReferencePipeline.collect(ReferencePipeline.java:578)
	at de.uka.ilkd.key.nparser.builder.AbstractBuilder.mapOf(AbstractBuilder.java:112)
	at de.uka.ilkd.key.nparser.builder.IncludeFinder.visitOne_include_statement(IncludeFinder.java:35)
	at de.uka.ilkd.key.nparser.builder.IncludeFinder.visitOne_include_statement(IncludeFinder.java:20)
	at de.uka.ilkd.key.nparser.KeYParser$One_include_statementContext.accept(KeYParser.java:802)
	at org.antlr.v4.runtime.tree.AbstractParseTreeVisitor.visitChildren(AbstractParseTreeVisitor.java:46)
	at de.uka.ilkd.key.nparser.KeYParserBaseVisitor.visitDecls(KeYParserBaseVisitor.java:30)
	at de.uka.ilkd.key.nparser.KeYParser$DeclsContext.accept(KeYParser.java:500)
	at org.antlr.v4.runtime.tree.AbstractParseTreeVisitor.visitChildren(AbstractParseTreeVisitor.java:46)
	at de.uka.ilkd.key.nparser.KeYParserBaseVisitor.visitFile(KeYParserBaseVisitor.java:23)
	at de.uka.ilkd.key.nparser.KeYParser$FileContext.accept(KeYParser.java:306)
	at de.uka.ilkd.key.nparser.KeyAst.accept(KeyAst.java:41)
	at de.uka.ilkd.key.nparser.KeyAst$File.getIncludes(KeyAst.java:76)
	at de.uka.ilkd.key.proof.io.KeYFile.readIncludes(KeYFile.java:208)
	... 14 more
Could not find rule file rules/intRulesCheckedSemantics.key (file: /home/runner/work/key/key/key.core/../key.ui/examples/index/.././heap/list_ghost/ArrayList_get_normal.key; caused by: de.uka.ilkd.key.proof.init.ProofInputException: Could not find rule file rules/intRulesCheckedSemantics.key)
	at de.uka.ilkd.key.control.AbstractUserInterfaceControl.load(AbstractUserInterfaceControl.java:221)
	at de.uka.ilkd.key.control.KeYEnvironment.load(KeYEnvironment.java:251)
	at de.uka.ilkd.key.control.KeYEnvironment.load(KeYEnvironment.java:224)
	at de.uka.ilkd.key.control.KeYEnvironment.load(KeYEnvironment.java:184)
	at de.uka.ilkd.key.control.KeYEnvironment.load(KeYEnvironment.java:261)
	at de.uka.ilkd.key.proof.runallproofs.proofcollection.TestFile.load(TestFile.java:270)
	at de.uka.ilkd.key.proof.runallproofs.proofcollection.TestFile.runKey(TestFile.java:160)
	at de.uka.ilkd.key.proof.runallproofs.proofcollection.ForkedTestFileRunner.main(ForkedTestFileRunner.java:171)
Caused by: de.uka.ilkd.key.proof.init.ProofInputException: Could not find rule file rules/intRulesCheckedSemantics.key
	at de.uka.ilkd.key.proof.io.KeYFile.readIncludes(KeYFile.java:210)
	at de.uka.ilkd.key.proof.init.ProblemInitializer.readIncludes(ProblemInitializer.java:177)
	at de.uka.ilkd.key.proof.init.ProblemInitializer.readEnvInput(ProblemInitializer.java:325)
	at de.uka.ilkd.key.proof.init.ProblemInitializer.prepare(ProblemInitializer.java:449)
	at de.uka.ilkd.key.proof.io.AbstractProblemLoader.createInitConfig(AbstractProblemLoader.java:518)
	at de.uka.ilkd.key.proof.io.AbstractProblemLoader.loadEnvironment(AbstractProblemLoader.java:288)
	at de.uka.ilkd.key.proof.io.AbstractProblemLoader.load(AbstractProblemLoader.java:252)
	at de.uka.ilkd.key.control.AbstractUserInterfaceControl.load(AbstractUserInterfaceControl.java:209)
	... 7 more
Caused by: java.lang.RuntimeException: Could not find rule file rules/intRulesCheckedSemantics.key
	at de.uka.ilkd.key.proof.io.RuleSourceFactory.fromBuiltInRule(RuleSourceFactory.java:32)
	at de.uka.ilkd.key.proof.io.RuleSourceFactory.fromDefaultLocation(RuleSourceFactory.java:21)
	at de.uka.ilkd.key.nparser.builder.IncludeFinder.addInclude(IncludeFinder.java:63)
	at de.uka.ilkd.key.nparser.builder.IncludeFinder.visitOne_include(IncludeFinder.java:43)
	at de.uka.ilkd.key.nparser.builder.IncludeFinder.visitOne_include(IncludeFinder.java:20)
	at de.uka.ilkd.key.nparser.KeYParser$One_includeContext.accept(KeYParser.java:878)
	at de.uka.ilkd.key.nparser.builder.AbstractBuilder.lambda$mapOf$0(AbstractBuilder.java:112)
	at java.base/java.util.stream.ReferencePipeline$3$1.accept(ReferencePipeline.java:195)
	at java.base/java.util.ArrayList$ArrayListSpliterator.forEachRemaining(ArrayList.java:1655)
	at java.base/java.util.stream.AbstractPipeline.copyInto(AbstractPipeline.java:484)
	at java.base/java.util.stream.AbstractPipeline.wrapAndCopyInto(AbstractPipeline.java:474)
	at java.base/java.util.stream.ReduceOps$ReduceOp.evaluateSequential(ReduceOps.java:913)
	at java.base/java.util.stream.AbstractPipeline.evaluate(AbstractPipeline.java:234)
	at java.base/java.util.stream.ReferencePipeline.collect(ReferencePipeline.java:578)
	at de.uka.ilkd.key.nparser.builder.AbstractBuilder.mapOf(AbstractBuilder.java:112)
	at de.uka.ilkd.key.nparser.builder.IncludeFinder.visitOne_include_statement(IncludeFinder.java:35)
	at de.uka.ilkd.key.nparser.builder.IncludeFinder.visitOne_include_statement(IncludeFinder.java:20)
	at de.uka.ilkd.key.nparser.KeYParser$One_include_statementContext.accept(KeYParser.java:802)
	at org.antlr.v4.runtime.tree.AbstractParseTreeVisitor.visitChildren(AbstractParseTreeVisitor.java:46)
	at de.uka.ilkd.key.nparser.KeYParserBaseVisitor.visitDecls(KeYParserBaseVisitor.java:30)
	at de.uka.ilkd.key.nparser.KeYParser$DeclsContext.accept(KeYParser.java:500)
	at org.antlr.v4.runtime.tree.AbstractParseTreeVisitor.visitChildren(AbstractParseTreeVisitor.java:46)
	at de.uka.ilkd.key.nparser.KeYParserBaseVisitor.visitFile(KeYParserBaseVisitor.java:23)
	at de.uka.ilkd.key.nparser.KeYParser$FileContext.accept(KeYParser.java:306)
	at de.uka.ilkd.key.nparser.KeyAst.accept(KeyAst.java:41)
	at de.uka.ilkd.key.nparser.KeyAst$File.getIncludes(KeyAst.java:76)
	at de.uka.ilkd.key.proof.io.KeYFile.readIncludes(KeYFile.java:208)
	... 14 more
Could not find rule file rules/intRulesCheckedSemantics.key (file: /home/runner/work/key/key/key.core/../key.ui/examples/index/.././heap/list_ghost/ArrayList_inv.key; caused by: de.uka.ilkd.key.proof.init.ProofInputException: Could not find rule file rules/intRulesCheckedSemantics.key)
	at de.uka.ilkd.key.control.AbstractUserInterfaceControl.load(AbstractUserInterfaceControl.java:221)
	at de.uka.ilkd.key.control.KeYEnvironment.load(KeYEnvironment.java:251)
	at de.uka.ilkd.key.control.KeYEnvironment.load(KeYEnvironment.java:224)
	at de.uka.ilkd.key.control.KeYEnvironment.load(KeYEnvironment.java:184)
	at de.uka.ilkd.key.control.KeYEnvironment.load(KeYEnvironment.java:261)
	at de.uka.ilkd.key.proof.runallproofs.proofcollection.TestFile.load(TestFile.java:270)
	at de.uka.ilkd.key.proof.runallproofs.proofcollection.TestFile.runKey(TestFile.java:160)
	at de.uka.ilkd.key.proof.runallproofs.proofcollection.ForkedTestFileRunner.main(ForkedTestFileRunner.java:171)
Caused by: de.uka.ilkd.key.proof.init.ProofInputException: Could not find rule file rules/intRulesCheckedSemantics.key
	at de.uka.ilkd.key.proof.io.KeYFile.readIncludes(KeYFile.java:210)
	at de.uka.ilkd.key.proof.init.ProblemInitializer.readIncludes(ProblemInitializer.java:177)
	at de.uka.ilkd.key.proof.init.ProblemInitializer.readEnvInput(ProblemInitializer.java:325)
	at de.uka.ilkd.key.proof.init.ProblemInitializer.prepare(ProblemInitializer.java:449)
	at de.uka.ilkd.key.proof.io.AbstractProblemLoader.createInitConfig(AbstractProblemLoader.java:518)
	at de.uka.ilkd.key.proof.io.AbstractProblemLoader.loadEnvironment(AbstractProblemLoader.java:288)
	at de.uka.ilkd.key.proof.io.AbstractProblemLoader.load(AbstractProblemLoader.java:252)
	at de.uka.ilkd.key.control.AbstractUserInterfaceControl.load(AbstractUserInterfaceControl.java:209)
	... 7 more
Caused by: java.lang.RuntimeException: Could not find rule file rules/intRulesCheckedSemantics.key
	at de.uka.ilkd.key.proof.io.RuleSourceFactory.fromBuiltInRule(RuleSourceFactory.java:32)
	at de.uka.ilkd.key.proof.io.RuleSourceFactory.fromDefaultLocation(RuleSourceFactory.java:21)
	at de.uka.ilkd.key.nparser.builder.IncludeFinder.addInclude(IncludeFinder.java:63)
	at de.uka.ilkd.key.nparser.builder.IncludeFinder.visitOne_include(IncludeFinder.java:43)
	at de.uka.ilkd.key.nparser.builder.IncludeFinder.visitOne_include(IncludeFinder.java:20)
	at de.uka.ilkd.key.nparser.KeYParser$One_includeContext.accept(KeYParser.java:878)
	at de.uka.ilkd.key.nparser.builder.AbstractBuilder.lambda$mapOf$0(AbstractBuilder.java:112)
	at java.base/java.util.stream.ReferencePipeline$3$1.accept(ReferencePipeline.java:195)
	at java.base/java.util.ArrayList$ArrayListSpliterator.forEachRemaining(ArrayList.java:1655)
	at java.base/java.util.stream.AbstractPipeline.copyInto(AbstractPipeline.java:484)
	at java.base/java.util.stream.AbstractPipeline.wrapAndCopyInto(AbstractPipeline.java:474)
	at java.base/java.util.stream.ReduceOps$ReduceOp.evaluateSequential(ReduceOps.java:913)
	at java.base/java.util.stream.AbstractPipeline.evaluate(AbstractPipeline.java:234)
	at java.base/java.util.stream.ReferencePipeline.collect(ReferencePipeline.java:578)
	at de.uka.ilkd.key.nparser.builder.AbstractBuilder.mapOf(AbstractBuilder.java:112)
	at de.uka.ilkd.key.nparser.builder.IncludeFinder.visitOne_include_statement(IncludeFinder.java:35)
	at de.uka.ilkd.key.nparser.builder.IncludeFinder.visitOne_include_statement(IncludeFinder.java:20)
	at de.uka.ilkd.key.nparser.KeYParser$One_include_statementContext.accept(KeYParser.java:802)
	at org.antlr.v4.runtime.tree.AbstractParseTreeVisitor.visitChildren(AbstractParseTreeVisitor.java:46)
	at de.uka.ilkd.key.nparser.KeYParserBaseVisitor.visitDecls(KeYParserBaseVisitor.java:30)
	at de.uka.ilkd.key.nparser.KeYParser$DeclsContext.accept(KeYParser.java:500)
	at org.antlr.v4.runtime.tree.AbstractParseTreeVisitor.visitChildren(AbstractParseTreeVisitor.java:46)
	at de.uka.ilkd.key.nparser.KeYParserBaseVisitor.visitFile(KeYParserBaseVisitor.java:23)
	at de.uka.ilkd.key.nparser.KeYParser$FileContext.accept(KeYParser.java:306)
	at de.uka.ilkd.key.nparser.KeyAst.accept(KeyAst.java:41)
	at de.uka.ilkd.key.nparser.KeyAst$File.getIncludes(KeyAst.java:76)
	at de.uka.ilkd.key.proof.io.KeYFile.readIncludes(KeYFile.java:208)
	... 14 more
Could not find rule file rules/intRulesCheckedSemantics.key (file: /home/runner/work/key/key/key.core/../key.ui/examples/index/.././heap/list_ghost/ArrayList_size_dep.key; caused by: de.uka.ilkd.key.proof.init.ProofInputException: Could not find rule file rules/intRulesCheckedSemantics.key)
	at de.uka.ilkd.key.control.AbstractUserInterfaceControl.load(AbstractUserInterfaceControl.java:221)
	at de.uka.ilkd.key.control.KeYEnvironment.load(KeYEnvironment.java:251)
	at de.uka.ilkd.key.control.KeYEnvironment.load(KeYEnvironment.java:224)
	at de.uka.ilkd.key.control.KeYEnvironment.load(KeYEnvironment.java:184)
	at de.uka.ilkd.key.control.KeYEnvironment.load(KeYEnvironment.java:261)
	at de.uka.ilkd.key.proof.runallproofs.proofcollection.TestFile.load(TestFile.java:270)
	at de.uka.ilkd.key.proof.runallproofs.proofcollection.TestFile.runKey(TestFile.java:160)
	at de.uka.ilkd.key.proof.runallproofs.proofcollection.ForkedTestFileRunner.main(ForkedTestFileRunner.java:171)
Caused by: de.uka.ilkd.key.proof.init.ProofInputException: Could not find rule file rules/intRulesCheckedSemantics.key
	at de.uka.ilkd.key.proof.io.KeYFile.readIncludes(KeYFile.java:210)
	at de.uka.ilkd.key.proof.init.ProblemInitializer.readIncludes(ProblemInitializer.java:177)
	at de.uka.ilkd.key.proof.init.ProblemInitializer.readEnvInput(ProblemInitializer.java:325)
	at de.uka.ilkd.key.proof.init.ProblemInitializer.prepare(ProblemInitializer.java:449)
	at de.uka.ilkd.key.proof.io.AbstractProblemLoader.createInitConfig(AbstractProblemLoader.java:518)
	at de.uka.ilkd.key.proof.io.AbstractProblemLoader.loadEnvironment(AbstractProblemLoader.java:288)
	at de.uka.ilkd.key.proof.io.AbstractProblemLoader.load(AbstractProblemLoader.java:252)
	at de.uka.ilkd.key.control.AbstractUserInterfaceControl.load(AbstractUserInterfaceControl.java:209)
	... 7 more
Caused by: java.lang.RuntimeException: Could not find rule file rules/intRulesCheckedSemantics.key
	at de.uka.ilkd.key.proof.io.RuleSourceFactory.fromBuiltInRule(RuleSourceFactory.java:32)
	at de.uka.ilkd.key.proof.io.RuleSourceFactory.fromDefaultLocation(RuleSourceFactory.java:21)
	at de.uka.ilkd.key.nparser.builder.IncludeFinder.addInclude(IncludeFinder.java:63)
	at de.uka.ilkd.key.nparser.builder.IncludeFinder.visitOne_include(IncludeFinder.java:43)
	at de.uka.ilkd.key.nparser.builder.IncludeFinder.visitOne_include(IncludeFinder.java:20)
	at de.uka.ilkd.key.nparser.KeYParser$One_includeContext.accept(KeYParser.java:878)
	at de.uka.ilkd.key.nparser.builder.AbstractBuilder.lambda$mapOf$0(AbstractBuilder.java:112)
	at java.base/java.util.stream.ReferencePipeline$3$1.accept(ReferencePipeline.java:195)
	at java.base/java.util.ArrayList$ArrayListSpliterator.forEachRemaining(ArrayList.java:1655)
	at java.base/java.util.stream.AbstractPipeline.copyInto(AbstractPipeline.java:484)
	at java.base/java.util.stream.AbstractPipeline.wrapAndCopyInto(AbstractPipeline.java:474)
	at java.base/java.util.stream.ReduceOps$ReduceOp.evaluateSequential(ReduceOps.java:913)
	at java.base/java.util.stream.AbstractPipeline.evaluate(AbstractPipeline.java:234)
	at java.base/java.util.stream.ReferencePipeline.collect(ReferencePipeline.java:578)
	at de.uka.ilkd.key.nparser.builder.AbstractBuilder.mapOf(AbstractBuilder.java:112)
	at de.uka.ilkd.key.nparser.builder.IncludeFinder.visitOne_include_statement(IncludeFinder.java:35)
	at de.uka.ilkd.key.nparser.builder.IncludeFinder.visitOne_include_statement(IncludeFinder.java:20)
	at de.uka.ilkd.key.nparser.KeYParser$One_include_statementContext.accept(KeYParser.java:802)
	at org.antlr.v4.runtime.tree.AbstractParseTreeVisitor.visitChildren(AbstractParseTreeVisitor.java:46)
	at de.uka.ilkd.key.nparser.KeYParserBaseVisitor.visitDecls(KeYParserBaseVisitor.java:30)
	at de.uka.ilkd.key.nparser.KeYParser$DeclsContext.accept(KeYParser.java:500)
	at org.antlr.v4.runtime.tree.AbstractParseTreeVisitor.visitChildren(AbstractParseTreeVisitor.java:46)
	at de.uka.ilkd.key.nparser.KeYParserBaseVisitor.visitFile(KeYParserBaseVisitor.java:23)
	at de.uka.ilkd.key.nparser.KeYParser$FileContext.accept(KeYParser.java:306)
	at de.uka.ilkd.key.nparser.KeyAst.accept(KeyAst.java:41)
	at de.uka.ilkd.key.nparser.KeyAst$File.getIncludes(KeyAst.java:76)
	at de.uka.ilkd.key.proof.io.KeYFile.readIncludes(KeYFile.java:208)
	... 14 more
Could not find rule file rules/intRulesCheckedSemantics.key (file: /home/runner/work/key/key/key.core/../key.ui/examples/index/.././heap/list_ghost/ArrayList_size.key; caused by: de.uka.ilkd.key.proof.init.ProofInputException: Could not find rule file rules/intRulesCheckedSemantics.key)
	at de.uka.ilkd.key.control.AbstractUserInterfaceControl.load(AbstractUserInterfaceControl.java:221)
	at de.uka.ilkd.key.control.KeYEnvironment.load(KeYEnvironment.java:251)
	at de.uka.ilkd.key.control.KeYEnvironment.load(KeYEnvironment.java:224)
	at de.uka.ilkd.key.control.KeYEnvironment.load(KeYEnvironment.java:184)
	at de.uka.ilkd.key.control.KeYEnvironment.load(KeYEnvironment.java:261)
	at de.uka.ilkd.key.proof.runallproofs.proofcollection.TestFile.load(TestFile.java:270)
	at de.uka.ilkd.key.proof.runallproofs.proofcollection.TestFile.runKey(TestFile.java:160)
	at de.uka.ilkd.key.proof.runallproofs.proofcollection.ForkedTestFileRunner.main(ForkedTestFileRunner.java:171)
Caused by: de.uka.ilkd.key.proof.init.ProofInputException: Could not find rule file rules/intRulesCheckedSemantics.key
	at de.uka.ilkd.key.proof.io.KeYFile.readIncludes(KeYFile.java:210)
	at de.uka.ilkd.key.proof.init.ProblemInitializer.readIncludes(ProblemInitializer.java:177)
	at de.uka.ilkd.key.proof.init.ProblemInitializer.readEnvInput(ProblemInitializer.java:325)
	at de.uka.ilkd.key.proof.init.ProblemInitializer.prepare(ProblemInitializer.java:449)
	at de.uka.ilkd.key.proof.io.AbstractProblemLoader.createInitConfig(AbstractProblemLoader.java:518)
	at de.uka.ilkd.key.proof.io.AbstractProblemLoader.loadEnvironment(AbstractProblemLoader.java:288)
	at de.uka.ilkd.key.proof.io.AbstractProblemLoader.load(AbstractProblemLoader.java:252)
	at de.uka.ilkd.key.control.AbstractUserInterfaceControl.load(AbstractUserInterfaceControl.java:209)
	... 7 more
Caused by: java.lang.RuntimeException: Could not find rule file rules/intRulesCheckedSemantics.key
	at de.uka.ilkd.key.proof.io.RuleSourceFactory.fromBuiltInRule(RuleSourceFactory.java:32)
	at de.uka.ilkd.key.proof.io.RuleSourceFactory.fromDefaultLocation(RuleSourceFactory.java:21)
	at de.uka.ilkd.key.nparser.builder.IncludeFinder.addInclude(IncludeFinder.java:63)
	at de.uka.ilkd.key.nparser.builder.IncludeFinder.visitOne_include(IncludeFinder.java:43)
	at de.uka.ilkd.key.nparser.builder.IncludeFinder.visitOne_include(IncludeFinder.java:20)
	at de.uka.ilkd.key.nparser.KeYParser$One_includeContext.accept(KeYParser.java:878)
	at de.uka.ilkd.key.nparser.builder.AbstractBuilder.lambda$mapOf$0(AbstractBuilder.java:112)
	at java.base/java.util.stream.ReferencePipeline$3$1.accept(ReferencePipeline.java:195)
	at java.base/java.util.ArrayList$ArrayListSpliterator.forEachRemaining(ArrayList.java:1655)
	at java.base/java.util.stream.AbstractPipeline.copyInto(AbstractPipeline.java:484)
	at java.base/java.util.stream.AbstractPipeline.wrapAndCopyInto(AbstractPipeline.java:474)
	at java.base/java.util.stream.ReduceOps$ReduceOp.evaluateSequential(ReduceOps.java:913)
	at java.base/java.util.stream.AbstractPipeline.evaluate(AbstractPipeline.java:234)
	at java.base/java.util.stream.ReferencePipeline.collect(ReferencePipeline.java:578)
	at de.uka.ilkd.key.nparser.builder.AbstractBuilder.mapOf(AbstractBuilder.java:112)
	at de.uka.ilkd.key.nparser.builder.IncludeFinder.visitOne_include_statement(IncludeFinder.java:35)
	at de.uka.ilkd.key.nparser.builder.IncludeFinder.visitOne_include_statement(IncludeFinder.java:20)
	at de.uka.ilkd.key.nparser.KeYParser$One_include_statementContext.accept(KeYParser.java:802)
	at org.antlr.v4.runtime.tree.AbstractParseTreeVisitor.visitChildren(AbstractParseTreeVisitor.java:46)
	at de.uka.ilkd.key.nparser.KeYParserBaseVisitor.visitDecls(KeYParserBaseVisitor.java:30)
	at de.uka.ilkd.key.nparser.KeYParser$DeclsContext.accept(KeYParser.java:500)
	at org.antlr.v4.runtime.tree.AbstractParseTreeVisitor.visitChildren(AbstractParseTreeVisitor.java:46)
	at de.uka.ilkd.key.nparser.KeYParserBaseVisitor.visitFile(KeYParserBaseVisitor.java:23)
	at de.uka.ilkd.key.nparser.KeYParser$FileContext.accept(KeYParser.java:306)
	at de.uka.ilkd.key.nparser.KeyAst.accept(KeyAst.java:41)
	at de.uka.ilkd.key.nparser.KeyAst$File.getIncludes(KeyAst.java:76)
	at de.uka.ilkd.key.proof.io.KeYFile.readIncludes(KeYFile.java:208)
	... 14 more
Exception in thread "main" org.opentest4j.AssertionFailedError: Exception during the execution of proofs. See log for more details.
	at org.junit.jupiter.api.AssertionUtils.fail(AssertionUtils.java:39)
	at org.junit.jupiter.api.Assertions.fail(Assertions.java:134)
	at de.uka.ilkd.key.proof.runallproofs.proofcollection.ForkedTestFileRunner.main(ForkedTestFileRunner.java:192)
Timeout watcher launched (2000 secs.)
Could not find rule file rules/intRulesCheckedSemantics.key (file: /home/runner/work/key/key/key.core/../key.ui/examples/index/.././heap/list_recursiveSpec/ListOperationsNonNull_getNextNN_normal_behavior.key; caused by: de.uka.ilkd.key.proof.init.ProofInputException: Could not find rule file rules/intRulesCheckedSemantics.key)
	at de.uka.ilkd.key.control.AbstractUserInterfaceControl.load(AbstractUserInterfaceControl.java:221)
	at de.uka.ilkd.key.control.KeYEnvironment.load(KeYEnvironment.java:251)
	at de.uka.ilkd.key.control.KeYEnvironment.load(KeYEnvironment.java:224)
	at de.uka.ilkd.key.control.KeYEnvironment.load(KeYEnvironment.java:184)
	at de.uka.ilkd.key.control.KeYEnvironment.load(KeYEnvironment.java:261)
	at de.uka.ilkd.key.proof.runallproofs.proofcollection.TestFile.load(TestFile.java:270)
	at de.uka.ilkd.key.proof.runallproofs.proofcollection.TestFile.runKey(TestFile.java:160)
	at de.uka.ilkd.key.proof.runallproofs.proofcollection.ForkedTestFileRunner.main(ForkedTestFileRunner.java:171)
Caused by: de.uka.ilkd.key.proof.init.ProofInputException: Could not find rule file rules/intRulesCheckedSemantics.key
	at de.uka.ilkd.key.proof.io.KeYFile.readIncludes(KeYFile.java:210)
	at de.uka.ilkd.key.proof.init.ProblemInitializer.readIncludes(ProblemInitializer.java:177)
	at de.uka.ilkd.key.proof.init.ProblemInitializer.readEnvInput(ProblemInitializer.java:325)
	at de.uka.ilkd.key.proof.init.ProblemInitializer.prepare(ProblemInitializer.java:449)
	at de.uka.ilkd.key.proof.io.AbstractProblemLoader.createInitConfig(AbstractProblemLoader.java:518)
	at de.uka.ilkd.key.proof.io.AbstractProblemLoader.loadEnvironment(AbstractProblemLoader.java:288)
	at de.uka.ilkd.key.proof.io.AbstractProblemLoader.load(AbstractProblemLoader.java:252)
	at de.uka.ilkd.key.control.AbstractUserInterfaceControl.load(AbstractUserInterfaceControl.java:209)
	... 7 more
Caused by: java.lang.RuntimeException: Could not find rule file rules/intRulesCheckedSemantics.key
	at de.uka.ilkd.key.proof.io.RuleSourceFactory.fromBuiltInRule(RuleSourceFactory.java:32)
	at de.uka.ilkd.key.proof.io.RuleSourceFactory.fromDefaultLocation(RuleSourceFactory.java:21)
	at de.uka.ilkd.key.nparser.builder.IncludeFinder.addInclude(IncludeFinder.java:63)
	at de.uka.ilkd.key.nparser.builder.IncludeFinder.visitOne_include(IncludeFinder.java:43)
	at de.uka.ilkd.key.nparser.builder.IncludeFinder.visitOne_include(IncludeFinder.java:20)
	at de.uka.ilkd.key.nparser.KeYParser$One_includeContext.accept(KeYParser.java:878)
	at de.uka.ilkd.key.nparser.builder.AbstractBuilder.lambda$mapOf$0(AbstractBuilder.java:112)
	at java.base/java.util.stream.ReferencePipeline$3$1.accept(ReferencePipeline.java:195)
	at java.base/java.util.ArrayList$ArrayListSpliterator.forEachRemaining(ArrayList.java:1655)
	at java.base/java.util.stream.AbstractPipeline.copyInto(AbstractPipeline.java:484)
	at java.base/java.util.stream.AbstractPipeline.wrapAndCopyInto(AbstractPipeline.java:474)
	at java.base/java.util.stream.ReduceOps$ReduceOp.evaluateSequential(ReduceOps.java:913)
	at java.base/java.util.stream.AbstractPipeline.evaluate(AbstractPipeline.java:234)
	at java.base/java.util.stream.ReferencePipeline.collect(ReferencePipeline.java:578)
	at de.uka.ilkd.key.nparser.builder.AbstractBuilder.mapOf(AbstractBuilder.java:112)
	at de.uka.ilkd.key.nparser.builder.IncludeFinder.visitOne_include_statement(IncludeFinder.java:35)
	at de.uka.ilkd.key.nparser.builder.IncludeFinder.visitOne_include_statement(IncludeFinder.java:20)
	at de.uka.ilkd.key.nparser.KeYParser$One_include_statementContext.accept(KeYParser.java:802)
	at org.antlr.v4.runtime.tree.AbstractParseTreeVisitor.visitChildren(AbstractParseTreeVisitor.java:46)
	at de.uka.ilkd.key.nparser.KeYParserBaseVisitor.visitDecls(KeYParserBaseVisitor.java:30)
	at de.uka.ilkd.key.nparser.KeYParser$DeclsContext.accept(KeYParser.java:500)
	at org.antlr.v4.runtime.tree.AbstractParseTreeVisitor.visitChildren(AbstractParseTreeVisitor.java:46)
	at de.uka.ilkd.key.nparser.KeYParserBaseVisitor.visitFile(KeYParserBaseVisitor.java:23)
	at de.uka.ilkd.key.nparser.KeYParser$FileContext.accept(KeYParser.java:306)
	at de.uka.ilkd.key.nparser.KeyAst.accept(KeyAst.java:41)
	at de.uka.ilkd.key.nparser.KeyAst$File.getIncludes(KeyAst.java:76)
	at de.uka.ilkd.key.proof.io.KeYFile.readIncludes(KeYFile.java:208)
	... 14 more
Could not find rule file rules/intRulesCheckedSemantics.key (file: /home/runner/work/key/key/key.core/../key.ui/examples/index/.././heap/list_recursiveSpec/ListOperationsNonNull_setValueAt_normal_behavior.key; caused by: de.uka.ilkd.key.proof.init.ProofInputException: Could not find rule file rules/intRulesCheckedSemantics.key)
	at de.uka.ilkd.key.control.AbstractUserInterfaceControl.load(AbstractUserInterfaceControl.java:221)
	at de.uka.ilkd.key.control.KeYEnvironment.load(KeYEnvironment.java:251)
	at de.uka.ilkd.key.control.KeYEnvironment.load(KeYEnvironment.java:224)
	at de.uka.ilkd.key.control.KeYEnvironment.load(KeYEnvironment.java:184)
	at de.uka.ilkd.key.control.KeYEnvironment.load(KeYEnvironment.java:261)
	at de.uka.ilkd.key.proof.runallproofs.proofcollection.TestFile.load(TestFile.java:270)
	at de.uka.ilkd.key.proof.runallproofs.proofcollection.TestFile.runKey(TestFile.java:160)
	at de.uka.ilkd.key.proof.runallproofs.proofcollection.ForkedTestFileRunner.main(ForkedTestFileRunner.java:171)
Caused by: de.uka.ilkd.key.proof.init.ProofInputException: Could not find rule file rules/intRulesCheckedSemantics.key
	at de.uka.ilkd.key.proof.io.KeYFile.readIncludes(KeYFile.java:210)
	at de.uka.ilkd.key.proof.init.ProblemInitializer.readIncludes(ProblemInitializer.java:177)
	at de.uka.ilkd.key.proof.init.ProblemInitializer.readEnvInput(ProblemInitializer.java:325)
	at de.uka.ilkd.key.proof.init.ProblemInitializer.prepare(ProblemInitializer.java:449)
	at de.uka.ilkd.key.proof.io.AbstractProblemLoader.createInitConfig(AbstractProblemLoader.java:518)
	at de.uka.ilkd.key.proof.io.AbstractProblemLoader.loadEnvironment(AbstractProblemLoader.java:288)
	at de.uka.ilkd.key.proof.io.AbstractProblemLoader.load(AbstractProblemLoader.java:252)
	at de.uka.ilkd.key.control.AbstractUserInterfaceControl.load(AbstractUserInterfaceControl.java:209)
	... 7 more
Caused by: java.lang.RuntimeException: Could not find rule file rules/intRulesCheckedSemantics.key
	at de.uka.ilkd.key.proof.io.RuleSourceFactory.fromBuiltInRule(RuleSourceFactory.java:32)
	at de.uka.ilkd.key.proof.io.RuleSourceFactory.fromDefaultLocation(RuleSourceFactory.java:21)
	at de.uka.ilkd.key.nparser.builder.IncludeFinder.addInclude(IncludeFinder.java:63)
	at de.uka.ilkd.key.nparser.builder.IncludeFinder.visitOne_include(IncludeFinder.java:43)
	at de.uka.ilkd.key.nparser.builder.IncludeFinder.visitOne_include(IncludeFinder.java:20)
	at de.uka.ilkd.key.nparser.KeYParser$One_includeContext.accept(KeYParser.java:878)
	at de.uka.ilkd.key.nparser.builder.AbstractBuilder.lambda$mapOf$0(AbstractBuilder.java:112)
	at java.base/java.util.stream.ReferencePipeline$3$1.accept(ReferencePipeline.java:195)
	at java.base/java.util.ArrayList$ArrayListSpliterator.forEachRemaining(ArrayList.java:1655)
	at java.base/java.util.stream.AbstractPipeline.copyInto(AbstractPipeline.java:484)
	at java.base/java.util.stream.AbstractPipeline.wrapAndCopyInto(AbstractPipeline.java:474)
	at java.base/java.util.stream.ReduceOps$ReduceOp.evaluateSequential(ReduceOps.java:913)
	at java.base/java.util.stream.AbstractPipeline.evaluate(AbstractPipeline.java:234)
	at java.base/java.util.stream.ReferencePipeline.collect(ReferencePipeline.java:578)
	at de.uka.ilkd.key.nparser.builder.AbstractBuilder.mapOf(AbstractBuilder.java:112)
	at de.uka.ilkd.key.nparser.builder.IncludeFinder.visitOne_include_statement(IncludeFinder.java:35)
	at de.uka.ilkd.key.nparser.builder.IncludeFinder.visitOne_include_statement(IncludeFinder.java:20)
	at de.uka.ilkd.key.nparser.KeYParser$One_include_statementContext.accept(KeYParser.java:802)
	at org.antlr.v4.runtime.tree.AbstractParseTreeVisitor.visitChildren(AbstractParseTreeVisitor.java:46)
	at de.uka.ilkd.key.nparser.KeYParserBaseVisitor.visitDecls(KeYParserBaseVisitor.java:30)
	at de.uka.ilkd.key.nparser.KeYParser$DeclsContext.accept(KeYParser.java:500)
	at org.antlr.v4.runtime.tree.AbstractParseTreeVisitor.visitChildren(AbstractParseTreeVisitor.java:46)
	at de.uka.ilkd.key.nparser.KeYParserBaseVisitor.visitFile(KeYParserBaseVisitor.java:23)
	at de.uka.ilkd.key.nparser.KeYParser$FileContext.accept(KeYParser.java:306)
	at de.uka.ilkd.key.nparser.KeyAst.accept(KeyAst.java:41)
	at de.uka.ilkd.key.nparser.KeyAst$File.getIncludes(KeyAst.java:76)
	at de.uka.ilkd.key.proof.io.KeYFile.readIncludes(KeYFile.java:208)
	... 14 more
Exception in thread "main" org.opentest4j.AssertionFailedError: Exception during the execution of proofs. See log for more details.
	at org.junit.jupiter.api.AssertionUtils.fail(AssertionUtils.java:39)
	at org.junit.jupiter.api.Assertions.fail(Assertions.java:134)
	at de.uka.ilkd.key.proof.runallproofs.proofcollection.ForkedTestFileRunner.main(ForkedTestFileRunner.java:192)
Timeout watcher launched (2000 secs.)
Could not find rule file rules/intRulesCheckedSemantics.key (file: /home/runner/work/key/key/key.core/../key.ui/examples/index/.././heap/list_seq/SimplifiedLinkedList.remove.key; caused by: de.uka.ilkd.key.proof.init.ProofInputException: Could not find rule file rules/intRulesCheckedSemantics.key)
	at de.uka.ilkd.key.control.AbstractUserInterfaceControl.load(AbstractUserInterfaceControl.java:221)
	at de.uka.ilkd.key.control.KeYEnvironment.load(KeYEnvironment.java:251)
	at de.uka.ilkd.key.control.KeYEnvironment.load(KeYEnvironment.java:224)
	at de.uka.ilkd.key.control.KeYEnvironment.load(KeYEnvironment.java:184)
	at de.uka.ilkd.key.control.KeYEnvironment.load(KeYEnvironment.java:261)
	at de.uka.ilkd.key.proof.runallproofs.proofcollection.TestFile.load(TestFile.java:270)
	at de.uka.ilkd.key.proof.runallproofs.proofcollection.TestFile.runKey(TestFile.java:160)
	at de.uka.ilkd.key.proof.runallproofs.proofcollection.ForkedTestFileRunner.main(ForkedTestFileRunner.java:171)
Caused by: de.uka.ilkd.key.proof.init.ProofInputException: Could not find rule file rules/intRulesCheckedSemantics.key
	at de.uka.ilkd.key.proof.io.KeYFile.readIncludes(KeYFile.java:210)
	at de.uka.ilkd.key.proof.init.ProblemInitializer.readIncludes(ProblemInitializer.java:177)
	at de.uka.ilkd.key.proof.init.ProblemInitializer.readEnvInput(ProblemInitializer.java:325)
	at de.uka.ilkd.key.proof.init.ProblemInitializer.prepare(ProblemInitializer.java:449)
	at de.uka.ilkd.key.proof.io.AbstractProblemLoader.createInitConfig(AbstractProblemLoader.java:518)
	at de.uka.ilkd.key.proof.io.AbstractProblemLoader.loadEnvironment(AbstractProblemLoader.java:288)
	at de.uka.ilkd.key.proof.io.AbstractProblemLoader.load(AbstractProblemLoader.java:252)
	at de.uka.ilkd.key.control.AbstractUserInterfaceControl.load(AbstractUserInterfaceControl.java:209)
	... 7 more
Caused by: java.lang.RuntimeException: Could not find rule file rules/intRulesCheckedSemantics.key
	at de.uka.ilkd.key.proof.io.RuleSourceFactory.fromBuiltInRule(RuleSourceFactory.java:32)
	at de.uka.ilkd.key.proof.io.RuleSourceFactory.fromDefaultLocation(RuleSourceFactory.java:21)
	at de.uka.ilkd.key.nparser.builder.IncludeFinder.addInclude(IncludeFinder.java:63)
	at de.uka.ilkd.key.nparser.builder.IncludeFinder.visitOne_include(IncludeFinder.java:43)
	at de.uka.ilkd.key.nparser.builder.IncludeFinder.visitOne_include(IncludeFinder.java:20)
	at de.uka.ilkd.key.nparser.KeYParser$One_includeContext.accept(KeYParser.java:878)
	at de.uka.ilkd.key.nparser.builder.AbstractBuilder.lambda$mapOf$0(AbstractBuilder.java:112)
	at java.base/java.util.stream.ReferencePipeline$3$1.accept(ReferencePipeline.java:195)
	at java.base/java.util.ArrayList$ArrayListSpliterator.forEachRemaining(ArrayList.java:1655)
	at java.base/java.util.stream.AbstractPipeline.copyInto(AbstractPipeline.java:484)
	at java.base/java.util.stream.AbstractPipeline.wrapAndCopyInto(AbstractPipeline.java:474)
	at java.base/java.util.stream.ReduceOps$ReduceOp.evaluateSequential(ReduceOps.java:913)
	at java.base/java.util.stream.AbstractPipeline.evaluate(AbstractPipeline.java:234)
	at java.base/java.util.stream.ReferencePipeline.collect(ReferencePipeline.java:578)
	at de.uka.ilkd.key.nparser.builder.AbstractBuilder.mapOf(AbstractBuilder.java:112)
	at de.uka.ilkd.key.nparser.builder.IncludeFinder.visitOne_include_statement(IncludeFinder.java:35)
	at de.uka.ilkd.key.nparser.builder.IncludeFinder.visitOne_include_statement(IncludeFinder.java:20)
	at de.uka.ilkd.key.nparser.KeYParser$One_include_statementContext.accept(KeYParser.java:802)
	at org.antlr.v4.runtime.tree.AbstractParseTreeVisitor.visitChildren(AbstractParseTreeVisitor.java:46)
	at de.uka.ilkd.key.nparser.KeYParserBaseVisitor.visitDecls(KeYParserBaseVisitor.java:30)
	at de.uka.ilkd.key.nparser.KeYParser$DeclsContext.accept(KeYParser.java:500)
	at org.antlr.v4.runtime.tree.AbstractParseTreeVisitor.visitChildren(AbstractParseTreeVisitor.java:46)
	at de.uka.ilkd.key.nparser.KeYParserBaseVisitor.visitFile(KeYParserBaseVisitor.java:23)
	at de.uka.ilkd.key.nparser.KeYParser$FileContext.accept(KeYParser.java:306)
	at de.uka.ilkd.key.nparser.KeyAst.accept(KeyAst.java:41)
	at de.uka.ilkd.key.nparser.KeyAst$File.getIncludes(KeyAst.java:76)
	at de.uka.ilkd.key.proof.io.KeYFile.readIncludes(KeYFile.java:208)
	... 14 more
Could not find rule file rules/intRulesCheckedSemantics.key (file: /home/runner/work/key/key/key.core/../key.ui/examples/index/.././heap/list_seq/ArrayList.ArrayList.key; caused by: de.uka.ilkd.key.proof.init.ProofInputException: Could not find rule file rules/intRulesCheckedSemantics.key)
	at de.uka.ilkd.key.control.AbstractUserInterfaceControl.load(AbstractUserInterfaceControl.java:221)
	at de.uka.ilkd.key.control.KeYEnvironment.load(KeYEnvironment.java:251)
	at de.uka.ilkd.key.control.KeYEnvironment.load(KeYEnvironment.java:224)
	at de.uka.ilkd.key.control.KeYEnvironment.load(KeYEnvironment.java:184)
	at de.uka.ilkd.key.control.KeYEnvironment.load(KeYEnvironment.java:261)
	at de.uka.ilkd.key.proof.runallproofs.proofcollection.TestFile.load(TestFile.java:270)
	at de.uka.ilkd.key.proof.runallproofs.proofcollection.TestFile.runKey(TestFile.java:160)
	at de.uka.ilkd.key.proof.runallproofs.proofcollection.ForkedTestFileRunner.main(ForkedTestFileRunner.java:171)
Caused by: de.uka.ilkd.key.proof.init.ProofInputException: Could not find rule file rules/intRulesCheckedSemantics.key
	at de.uka.ilkd.key.proof.io.KeYFile.readIncludes(KeYFile.java:210)
	at de.uka.ilkd.key.proof.init.ProblemInitializer.readIncludes(ProblemInitializer.java:177)
	at de.uka.ilkd.key.proof.init.ProblemInitializer.readEnvInput(ProblemInitializer.java:325)
	at de.uka.ilkd.key.proof.init.ProblemInitializer.prepare(ProblemInitializer.java:449)
	at de.uka.ilkd.key.proof.io.AbstractProblemLoader.createInitConfig(AbstractProblemLoader.java:518)
	at de.uka.ilkd.key.proof.io.AbstractProblemLoader.loadEnvironment(AbstractProblemLoader.java:288)
	at de.uka.ilkd.key.proof.io.AbstractProblemLoader.load(AbstractProblemLoader.java:252)
	at de.uka.ilkd.key.control.AbstractUserInterfaceControl.load(AbstractUserInterfaceControl.java:209)
	... 7 more
Caused by: java.lang.RuntimeException: Could not find rule file rules/intRulesCheckedSemantics.key
	at de.uka.ilkd.key.proof.io.RuleSourceFactory.fromBuiltInRule(RuleSourceFactory.java:32)
	at de.uka.ilkd.key.proof.io.RuleSourceFactory.fromDefaultLocation(RuleSourceFactory.java:21)
	at de.uka.ilkd.key.nparser.builder.IncludeFinder.addInclude(IncludeFinder.java:63)
	at de.uka.ilkd.key.nparser.builder.IncludeFinder.visitOne_include(IncludeFinder.java:43)
	at de.uka.ilkd.key.nparser.builder.IncludeFinder.visitOne_include(IncludeFinder.java:20)
	at de.uka.ilkd.key.nparser.KeYParser$One_includeContext.accept(KeYParser.java:878)
	at de.uka.ilkd.key.nparser.builder.AbstractBuilder.lambda$mapOf$0(AbstractBuilder.java:112)
	at java.base/java.util.stream.ReferencePipeline$3$1.accept(ReferencePipeline.java:195)
	at java.base/java.util.ArrayList$ArrayListSpliterator.forEachRemaining(ArrayList.java:1655)
	at java.base/java.util.stream.AbstractPipeline.copyInto(AbstractPipeline.java:484)
	at java.base/java.util.stream.AbstractPipeline.wrapAndCopyInto(AbstractPipeline.java:474)
	at java.base/java.util.stream.ReduceOps$ReduceOp.evaluateSequential(ReduceOps.java:913)
	at java.base/java.util.stream.AbstractPipeline.evaluate(AbstractPipeline.java:234)
	at java.base/java.util.stream.ReferencePipeline.collect(ReferencePipeline.java:578)
	at de.uka.ilkd.key.nparser.builder.AbstractBuilder.mapOf(AbstractBuilder.java:112)
	at de.uka.ilkd.key.nparser.builder.IncludeFinder.visitOne_include_statement(IncludeFinder.java:35)
	at de.uka.ilkd.key.nparser.builder.IncludeFinder.visitOne_include_statement(IncludeFinder.java:20)
	at de.uka.ilkd.key.nparser.KeYParser$One_include_statementContext.accept(KeYParser.java:802)
	at org.antlr.v4.runtime.tree.AbstractParseTreeVisitor.visitChildren(AbstractParseTreeVisitor.java:46)
	at de.uka.ilkd.key.nparser.KeYParserBaseVisitor.visitDecls(KeYParserBaseVisitor.java:30)
	at de.uka.ilkd.key.nparser.KeYParser$DeclsContext.accept(KeYParser.java:500)
	at org.antlr.v4.runtime.tree.AbstractParseTreeVisitor.visitChildren(AbstractParseTreeVisitor.java:46)
	at de.uka.ilkd.key.nparser.KeYParserBaseVisitor.visitFile(KeYParserBaseVisitor.java:23)
	at de.uka.ilkd.key.nparser.KeYParser$FileContext.accept(KeYParser.java:306)
	at de.uka.ilkd.key.nparser.KeyAst.accept(KeyAst.java:41)
	at de.uka.ilkd.key.nparser.KeyAst$File.getIncludes(KeyAst.java:76)
	at de.uka.ilkd.key.proof.io.KeYFile.readIncludes(KeYFile.java:208)
	... 14 more
Could not find rule file rules/intRulesCheckedSemantics.key (file: /home/runner/work/key/key/key.core/../key.ui/examples/index/.././heap/list_seq/ArrayList.add.key; caused by: de.uka.ilkd.key.proof.init.ProofInputException: Could not find rule file rules/intRulesCheckedSemantics.key)
	at de.uka.ilkd.key.control.AbstractUserInterfaceControl.load(AbstractUserInterfaceControl.java:221)
	at de.uka.ilkd.key.control.KeYEnvironment.load(KeYEnvironment.java:251)
	at de.uka.ilkd.key.control.KeYEnvironment.load(KeYEnvironment.java:224)
	at de.uka.ilkd.key.control.KeYEnvironment.load(KeYEnvironment.java:184)
	at de.uka.ilkd.key.control.KeYEnvironment.load(KeYEnvironment.java:261)
	at de.uka.ilkd.key.proof.runallproofs.proofcollection.TestFile.load(TestFile.java:270)
	at de.uka.ilkd.key.proof.runallproofs.proofcollection.TestFile.runKey(TestFile.java:160)
	at de.uka.ilkd.key.proof.runallproofs.proofcollection.ForkedTestFileRunner.main(ForkedTestFileRunner.java:171)
Caused by: de.uka.ilkd.key.proof.init.ProofInputException: Could not find rule file rules/intRulesCheckedSemantics.key
	at de.uka.ilkd.key.proof.io.KeYFile.readIncludes(KeYFile.java:210)
	at de.uka.ilkd.key.proof.init.ProblemInitializer.readIncludes(ProblemInitializer.java:177)
	at de.uka.ilkd.key.proof.init.ProblemInitializer.readEnvInput(ProblemInitializer.java:325)
	at de.uka.ilkd.key.proof.init.ProblemInitializer.prepare(ProblemInitializer.java:449)
	at de.uka.ilkd.key.proof.io.AbstractProblemLoader.createInitConfig(AbstractProblemLoader.java:518)
	at de.uka.ilkd.key.proof.io.AbstractProblemLoader.loadEnvironment(AbstractProblemLoader.java:288)
	at de.uka.ilkd.key.proof.io.AbstractProblemLoader.load(AbstractProblemLoader.java:252)
	at de.uka.ilkd.key.control.AbstractUserInterfaceControl.load(AbstractUserInterfaceControl.java:209)
	... 7 more
Caused by: java.lang.RuntimeException: Could not find rule file rules/intRulesCheckedSemantics.key
	at de.uka.ilkd.key.proof.io.RuleSourceFactory.fromBuiltInRule(RuleSourceFactory.java:32)
	at de.uka.ilkd.key.proof.io.RuleSourceFactory.fromDefaultLocation(RuleSourceFactory.java:21)
	at de.uka.ilkd.key.nparser.builder.IncludeFinder.addInclude(IncludeFinder.java:63)
	at de.uka.ilkd.key.nparser.builder.IncludeFinder.visitOne_include(IncludeFinder.java:43)
	at de.uka.ilkd.key.nparser.builder.IncludeFinder.visitOne_include(IncludeFinder.java:20)
	at de.uka.ilkd.key.nparser.KeYParser$One_includeContext.accept(KeYParser.java:878)
	at de.uka.ilkd.key.nparser.builder.AbstractBuilder.lambda$mapOf$0(AbstractBuilder.java:112)
	at java.base/java.util.stream.ReferencePipeline$3$1.accept(ReferencePipeline.java:195)
	at java.base/java.util.ArrayList$ArrayListSpliterator.forEachRemaining(ArrayList.java:1655)
	at java.base/java.util.stream.AbstractPipeline.copyInto(AbstractPipeline.java:484)
	at java.base/java.util.stream.AbstractPipeline.wrapAndCopyInto(AbstractPipeline.java:474)
	at java.base/java.util.stream.ReduceOps$ReduceOp.evaluateSequential(ReduceOps.java:913)
	at java.base/java.util.stream.AbstractPipeline.evaluate(AbstractPipeline.java:234)
	at java.base/java.util.stream.ReferencePipeline.collect(ReferencePipeline.java:578)
	at de.uka.ilkd.key.nparser.builder.AbstractBuilder.mapOf(AbstractBuilder.java:112)
	at de.uka.ilkd.key.nparser.builder.IncludeFinder.visitOne_include_statement(IncludeFinder.java:35)
	at de.uka.ilkd.key.nparser.builder.IncludeFinder.visitOne_include_statement(IncludeFinder.java:20)
	at de.uka.ilkd.key.nparser.KeYParser$One_include_statementContext.accept(KeYParser.java:802)
	at org.antlr.v4.runtime.tree.AbstractParseTreeVisitor.visitChildren(AbstractParseTreeVisitor.java:46)
	at de.uka.ilkd.key.nparser.KeYParserBaseVisitor.visitDecls(KeYParserBaseVisitor.java:30)
	at de.uka.ilkd.key.nparser.KeYParser$DeclsContext.accept(KeYParser.java:500)
	at org.antlr.v4.runtime.tree.AbstractParseTreeVisitor.visitChildren(AbstractParseTreeVisitor.java:46)
	at de.uka.ilkd.key.nparser.KeYParserBaseVisitor.visitFile(KeYParserBaseVisitor.java:23)
	at de.uka.ilkd.key.nparser.KeYParser$FileContext.accept(KeYParser.java:306)
	at de.uka.ilkd.key.nparser.KeyAst.accept(KeyAst.java:41)
	at de.uka.ilkd.key.nparser.KeyAst$File.getIncludes(KeyAst.java:76)
	at de.uka.ilkd.key.proof.io.KeYFile.readIncludes(KeYFile.java:208)
	... 14 more
Could not find rule file rules/intRulesCheckedSemantics.key (file: /home/runner/work/key/key/key.core/../key.ui/examples/index/.././heap/list_seq/ArrayList.contains.key; caused by: de.uka.ilkd.key.proof.init.ProofInputException: Could not find rule file rules/intRulesCheckedSemantics.key)
	at de.uka.ilkd.key.control.AbstractUserInterfaceControl.load(AbstractUserInterfaceControl.java:221)
	at de.uka.ilkd.key.control.KeYEnvironment.load(KeYEnvironment.java:251)
	at de.uka.ilkd.key.control.KeYEnvironment.load(KeYEnvironment.java:224)
	at de.uka.ilkd.key.control.KeYEnvironment.load(KeYEnvironment.java:184)
	at de.uka.ilkd.key.control.KeYEnvironment.load(KeYEnvironment.java:261)
	at de.uka.ilkd.key.proof.runallproofs.proofcollection.TestFile.load(TestFile.java:270)
	at de.uka.ilkd.key.proof.runallproofs.proofcollection.TestFile.runKey(TestFile.java:160)
	at de.uka.ilkd.key.proof.runallproofs.proofcollection.ForkedTestFileRunner.main(ForkedTestFileRunner.java:171)
Caused by: de.uka.ilkd.key.proof.init.ProofInputException: Could not find rule file rules/intRulesCheckedSemantics.key
	at de.uka.ilkd.key.proof.io.KeYFile.readIncludes(KeYFile.java:210)
	at de.uka.ilkd.key.proof.init.ProblemInitializer.readIncludes(ProblemInitializer.java:177)
	at de.uka.ilkd.key.proof.init.ProblemInitializer.readEnvInput(ProblemInitializer.java:325)
	at de.uka.ilkd.key.proof.init.ProblemInitializer.prepare(ProblemInitializer.java:449)
	at de.uka.ilkd.key.proof.io.AbstractProblemLoader.createInitConfig(AbstractProblemLoader.java:518)
	at de.uka.ilkd.key.proof.io.AbstractProblemLoader.loadEnvironment(AbstractProblemLoader.java:288)
	at de.uka.ilkd.key.proof.io.AbstractProblemLoader.load(AbstractProblemLoader.java:252)
	at de.uka.ilkd.key.control.AbstractUserInterfaceControl.load(AbstractUserInterfaceControl.java:209)
	... 7 more
Caused by: java.lang.RuntimeException: Could not find rule file rules/intRulesCheckedSemantics.key
	at de.uka.ilkd.key.proof.io.RuleSourceFactory.fromBuiltInRule(RuleSourceFactory.java:32)
	at de.uka.ilkd.key.proof.io.RuleSourceFactory.fromDefaultLocation(RuleSourceFactory.java:21)
	at de.uka.ilkd.key.nparser.builder.IncludeFinder.addInclude(IncludeFinder.java:63)
	at de.uka.ilkd.key.nparser.builder.IncludeFinder.visitOne_include(IncludeFinder.java:43)
	at de.uka.ilkd.key.nparser.builder.IncludeFinder.visitOne_include(IncludeFinder.java:20)
	at de.uka.ilkd.key.nparser.KeYParser$One_includeContext.accept(KeYParser.java:878)
	at de.uka.ilkd.key.nparser.builder.AbstractBuilder.lambda$mapOf$0(AbstractBuilder.java:112)
	at java.base/java.util.stream.ReferencePipeline$3$1.accept(ReferencePipeline.java:195)
	at java.base/java.util.ArrayList$ArrayListSpliterator.forEachRemaining(ArrayList.java:1655)
	at java.base/java.util.stream.AbstractPipeline.copyInto(AbstractPipeline.java:484)
	at java.base/java.util.stream.AbstractPipeline.wrapAndCopyInto(AbstractPipeline.java:474)
	at java.base/java.util.stream.ReduceOps$ReduceOp.evaluateSequential(ReduceOps.java:913)
	at java.base/java.util.stream.AbstractPipeline.evaluate(AbstractPipeline.java:234)
	at java.base/java.util.stream.ReferencePipeline.collect(ReferencePipeline.java:578)
	at de.uka.ilkd.key.nparser.builder.AbstractBuilder.mapOf(AbstractBuilder.java:112)
	at de.uka.ilkd.key.nparser.builder.IncludeFinder.visitOne_include_statement(IncludeFinder.java:35)
	at de.uka.ilkd.key.nparser.builder.IncludeFinder.visitOne_include_statement(IncludeFinder.java:20)
	at de.uka.ilkd.key.nparser.KeYParser$One_include_statementContext.accept(KeYParser.java:802)
	at org.antlr.v4.runtime.tree.AbstractParseTreeVisitor.visitChildren(AbstractParseTreeVisitor.java:46)
	at de.uka.ilkd.key.nparser.KeYParserBaseVisitor.visitDecls(KeYParserBaseVisitor.java:30)
	at de.uka.ilkd.key.nparser.KeYParser$DeclsContext.accept(KeYParser.java:500)
	at org.antlr.v4.runtime.tree.AbstractParseTreeVisitor.visitChildren(AbstractParseTreeVisitor.java:46)
	at de.uka.ilkd.key.nparser.KeYParserBaseVisitor.visitFile(KeYParserBaseVisitor.java:23)
	at de.uka.ilkd.key.nparser.KeYParser$FileContext.accept(KeYParser.java:306)
	at de.uka.ilkd.key.nparser.KeyAst.accept(KeyAst.java:41)
	at de.uka.ilkd.key.nparser.KeyAst$File.getIncludes(KeyAst.java:76)
	at de.uka.ilkd.key.proof.io.KeYFile.readIncludes(KeYFile.java:208)
	... 14 more
Could not find rule file rules/intRulesCheckedSemantics.key (file: /home/runner/work/key/key/key.core/../key.ui/examples/index/.././heap/list_seq/ArrayList.enlarge.key; caused by: de.uka.ilkd.key.proof.init.ProofInputException: Could not find rule file rules/intRulesCheckedSemantics.key)
	at de.uka.ilkd.key.control.AbstractUserInterfaceControl.load(AbstractUserInterfaceControl.java:221)
	at de.uka.ilkd.key.control.KeYEnvironment.load(KeYEnvironment.java:251)
	at de.uka.ilkd.key.control.KeYEnvironment.load(KeYEnvironment.java:224)
	at de.uka.ilkd.key.control.KeYEnvironment.load(KeYEnvironment.java:184)
	at de.uka.ilkd.key.control.KeYEnvironment.load(KeYEnvironment.java:261)
	at de.uka.ilkd.key.proof.runallproofs.proofcollection.TestFile.load(TestFile.java:270)
	at de.uka.ilkd.key.proof.runallproofs.proofcollection.TestFile.runKey(TestFile.java:160)
	at de.uka.ilkd.key.proof.runallproofs.proofcollection.ForkedTestFileRunner.main(ForkedTestFileRunner.java:171)
Caused by: de.uka.ilkd.key.proof.init.ProofInputException: Could not find rule file rules/intRulesCheckedSemantics.key
	at de.uka.ilkd.key.proof.io.KeYFile.readIncludes(KeYFile.java:210)
	at de.uka.ilkd.key.proof.init.ProblemInitializer.readIncludes(ProblemInitializer.java:177)
	at de.uka.ilkd.key.proof.init.ProblemInitializer.readEnvInput(ProblemInitializer.java:325)
	at de.uka.ilkd.key.proof.init.ProblemInitializer.prepare(ProblemInitializer.java:449)
	at de.uka.ilkd.key.proof.io.AbstractProblemLoader.createInitConfig(AbstractProblemLoader.java:518)
	at de.uka.ilkd.key.proof.io.AbstractProblemLoader.loadEnvironment(AbstractProblemLoader.java:288)
	at de.uka.ilkd.key.proof.io.AbstractProblemLoader.load(AbstractProblemLoader.java:252)
	at de.uka.ilkd.key.control.AbstractUserInterfaceControl.load(AbstractUserInterfaceControl.java:209)
	... 7 more
Caused by: java.lang.RuntimeException: Could not find rule file rules/intRulesCheckedSemantics.key
	at de.uka.ilkd.key.proof.io.RuleSourceFactory.fromBuiltInRule(RuleSourceFactory.java:32)
	at de.uka.ilkd.key.proof.io.RuleSourceFactory.fromDefaultLocation(RuleSourceFactory.java:21)
	at de.uka.ilkd.key.nparser.builder.IncludeFinder.addInclude(IncludeFinder.java:63)
	at de.uka.ilkd.key.nparser.builder.IncludeFinder.visitOne_include(IncludeFinder.java:43)
	at de.uka.ilkd.key.nparser.builder.IncludeFinder.visitOne_include(IncludeFinder.java:20)
	at de.uka.ilkd.key.nparser.KeYParser$One_includeContext.accept(KeYParser.java:878)
	at de.uka.ilkd.key.nparser.builder.AbstractBuilder.lambda$mapOf$0(AbstractBuilder.java:112)
	at java.base/java.util.stream.ReferencePipeline$3$1.accept(ReferencePipeline.java:195)
	at java.base/java.util.ArrayList$ArrayListSpliterator.forEachRemaining(ArrayList.java:1655)
	at java.base/java.util.stream.AbstractPipeline.copyInto(AbstractPipeline.java:484)
	at java.base/java.util.stream.AbstractPipeline.wrapAndCopyInto(AbstractPipeline.java:474)
	at java.base/java.util.stream.ReduceOps$ReduceOp.evaluateSequential(ReduceOps.java:913)
	at java.base/java.util.stream.AbstractPipeline.evaluate(AbstractPipeline.java:234)
	at java.base/java.util.stream.ReferencePipeline.collect(ReferencePipeline.java:578)
	at de.uka.ilkd.key.nparser.builder.AbstractBuilder.mapOf(AbstractBuilder.java:112)
	at de.uka.ilkd.key.nparser.builder.IncludeFinder.visitOne_include_statement(IncludeFinder.java:35)
	at de.uka.ilkd.key.nparser.builder.IncludeFinder.visitOne_include_statement(IncludeFinder.java:20)
	at de.uka.ilkd.key.nparser.KeYParser$One_include_statementContext.accept(KeYParser.java:802)
	at org.antlr.v4.runtime.tree.AbstractParseTreeVisitor.visitChildren(AbstractParseTreeVisitor.java:46)
	at de.uka.ilkd.key.nparser.KeYParserBaseVisitor.visitDecls(KeYParserBaseVisitor.java:30)
	at de.uka.ilkd.key.nparser.KeYParser$DeclsContext.accept(KeYParser.java:500)
	at org.antlr.v4.runtime.tree.AbstractParseTreeVisitor.visitChildren(AbstractParseTreeVisitor.java:46)
	at de.uka.ilkd.key.nparser.KeYParserBaseVisitor.visitFile(KeYParserBaseVisitor.java:23)
	at de.uka.ilkd.key.nparser.KeYParser$FileContext.accept(KeYParser.java:306)
	at de.uka.ilkd.key.nparser.KeyAst.accept(KeyAst.java:41)
	at de.uka.ilkd.key.nparser.KeyAst$File.getIncludes(KeyAst.java:76)
	at de.uka.ilkd.key.proof.io.KeYFile.readIncludes(KeYFile.java:208)
	... 14 more
Could not find rule file rules/intRulesCheckedSemantics.key (file: /home/runner/work/key/key/key.core/../key.ui/examples/index/.././heap/list_seq/ArrayList.get.key; caused by: de.uka.ilkd.key.proof.init.ProofInputException: Could not find rule file rules/intRulesCheckedSemantics.key)
	at de.uka.ilkd.key.control.AbstractUserInterfaceControl.load(AbstractUserInterfaceControl.java:221)
	at de.uka.ilkd.key.control.KeYEnvironment.load(KeYEnvironment.java:251)
	at de.uka.ilkd.key.control.KeYEnvironment.load(KeYEnvironment.java:224)
	at de.uka.ilkd.key.control.KeYEnvironment.load(KeYEnvironment.java:184)
	at de.uka.ilkd.key.control.KeYEnvironment.load(KeYEnvironment.java:261)
	at de.uka.ilkd.key.proof.runallproofs.proofcollection.TestFile.load(TestFile.java:270)
	at de.uka.ilkd.key.proof.runallproofs.proofcollection.TestFile.runKey(TestFile.java:160)
	at de.uka.ilkd.key.proof.runallproofs.proofcollection.ForkedTestFileRunner.main(ForkedTestFileRunner.java:171)
Caused by: de.uka.ilkd.key.proof.init.ProofInputException: Could not find rule file rules/intRulesCheckedSemantics.key
	at de.uka.ilkd.key.proof.io.KeYFile.readIncludes(KeYFile.java:210)
	at de.uka.ilkd.key.proof.init.ProblemInitializer.readIncludes(ProblemInitializer.java:177)
	at de.uka.ilkd.key.proof.init.ProblemInitializer.readEnvInput(ProblemInitializer.java:325)
	at de.uka.ilkd.key.proof.init.ProblemInitializer.prepare(ProblemInitializer.java:449)
	at de.uka.ilkd.key.proof.io.AbstractProblemLoader.createInitConfig(AbstractProblemLoader.java:518)
	at de.uka.ilkd.key.proof.io.AbstractProblemLoader.loadEnvironment(AbstractProblemLoader.java:288)
	at de.uka.ilkd.key.proof.io.AbstractProblemLoader.load(AbstractProblemLoader.java:252)
	at de.uka.ilkd.key.control.AbstractUserInterfaceControl.load(AbstractUserInterfaceControl.java:209)
	... 7 more
Caused by: java.lang.RuntimeException: Could not find rule file rules/intRulesCheckedSemantics.key
	at de.uka.ilkd.key.proof.io.RuleSourceFactory.fromBuiltInRule(RuleSourceFactory.java:32)
	at de.uka.ilkd.key.proof.io.RuleSourceFactory.fromDefaultLocation(RuleSourceFactory.java:21)
	at de.uka.ilkd.key.nparser.builder.IncludeFinder.addInclude(IncludeFinder.java:63)
	at de.uka.ilkd.key.nparser.builder.IncludeFinder.visitOne_include(IncludeFinder.java:43)
	at de.uka.ilkd.key.nparser.builder.IncludeFinder.visitOne_include(IncludeFinder.java:20)
	at de.uka.ilkd.key.nparser.KeYParser$One_includeContext.accept(KeYParser.java:878)
	at de.uka.ilkd.key.nparser.builder.AbstractBuilder.lambda$mapOf$0(AbstractBuilder.java:112)
	at java.base/java.util.stream.ReferencePipeline$3$1.accept(ReferencePipeline.java:195)
	at java.base/java.util.ArrayList$ArrayListSpliterator.forEachRemaining(ArrayList.java:1655)
	at java.base/java.util.stream.AbstractPipeline.copyInto(AbstractPipeline.java:484)
	at java.base/java.util.stream.AbstractPipeline.wrapAndCopyInto(AbstractPipeline.java:474)
	at java.base/java.util.stream.ReduceOps$ReduceOp.evaluateSequential(ReduceOps.java:913)
	at java.base/java.util.stream.AbstractPipeline.evaluate(AbstractPipeline.java:234)
	at java.base/java.util.stream.ReferencePipeline.collect(ReferencePipeline.java:578)
	at de.uka.ilkd.key.nparser.builder.AbstractBuilder.mapOf(AbstractBuilder.java:112)
	at de.uka.ilkd.key.nparser.builder.IncludeFinder.visitOne_include_statement(IncludeFinder.java:35)
	at de.uka.ilkd.key.nparser.builder.IncludeFinder.visitOne_include_statement(IncludeFinder.java:20)
	at de.uka.ilkd.key.nparser.KeYParser$One_include_statementContext.accept(KeYParser.java:802)
	at org.antlr.v4.runtime.tree.AbstractParseTreeVisitor.visitChildren(AbstractParseTreeVisitor.java:46)
	at de.uka.ilkd.key.nparser.KeYParserBaseVisitor.visitDecls(KeYParserBaseVisitor.java:30)
	at de.uka.ilkd.key.nparser.KeYParser$DeclsContext.accept(KeYParser.java:500)
	at org.antlr.v4.runtime.tree.AbstractParseTreeVisitor.visitChildren(AbstractParseTreeVisitor.java:46)
	at de.uka.ilkd.key.nparser.KeYParserBaseVisitor.visitFile(KeYParserBaseVisitor.java:23)
	at de.uka.ilkd.key.nparser.KeYParser$FileContext.accept(KeYParser.java:306)
	at de.uka.ilkd.key.nparser.KeyAst.accept(KeyAst.java:41)
	at de.uka.ilkd.key.nparser.KeyAst$File.getIncludes(KeyAst.java:76)
	at de.uka.ilkd.key.proof.io.KeYFile.readIncludes(KeYFile.java:208)
	... 14 more
Could not find rule file rules/intRulesCheckedSemantics.key (file: /home/runner/work/key/key/key.core/../key.ui/examples/index/.././heap/list_seq/ArrayList.newArray.key; caused by: de.uka.ilkd.key.proof.init.ProofInputException: Could not find rule file rules/intRulesCheckedSemantics.key)
	at de.uka.ilkd.key.control.AbstractUserInterfaceControl.load(AbstractUserInterfaceControl.java:221)
	at de.uka.ilkd.key.control.KeYEnvironment.load(KeYEnvironment.java:251)
	at de.uka.ilkd.key.control.KeYEnvironment.load(KeYEnvironment.java:224)
	at de.uka.ilkd.key.control.KeYEnvironment.load(KeYEnvironment.java:184)
	at de.uka.ilkd.key.control.KeYEnvironment.load(KeYEnvironment.java:261)
	at de.uka.ilkd.key.proof.runallproofs.proofcollection.TestFile.load(TestFile.java:270)
	at de.uka.ilkd.key.proof.runallproofs.proofcollection.TestFile.runKey(TestFile.java:160)
	at de.uka.ilkd.key.proof.runallproofs.proofcollection.ForkedTestFileRunner.main(ForkedTestFileRunner.java:171)
Caused by: de.uka.ilkd.key.proof.init.ProofInputException: Could not find rule file rules/intRulesCheckedSemantics.key
	at de.uka.ilkd.key.proof.io.KeYFile.readIncludes(KeYFile.java:210)
	at de.uka.ilkd.key.proof.init.ProblemInitializer.readIncludes(ProblemInitializer.java:177)
	at de.uka.ilkd.key.proof.init.ProblemInitializer.readEnvInput(ProblemInitializer.java:325)
	at de.uka.ilkd.key.proof.init.ProblemInitializer.prepare(ProblemInitializer.java:449)
	at de.uka.ilkd.key.proof.io.AbstractProblemLoader.createInitConfig(AbstractProblemLoader.java:518)
	at de.uka.ilkd.key.proof.io.AbstractProblemLoader.loadEnvironment(AbstractProblemLoader.java:288)
	at de.uka.ilkd.key.proof.io.AbstractProblemLoader.load(AbstractProblemLoader.java:252)
	at de.uka.ilkd.key.control.AbstractUserInterfaceControl.load(AbstractUserInterfaceControl.java:209)
	... 7 more
Caused by: java.lang.RuntimeException: Could not find rule file rules/intRulesCheckedSemantics.key
	at de.uka.ilkd.key.proof.io.RuleSourceFactory.fromBuiltInRule(RuleSourceFactory.java:32)
	at de.uka.ilkd.key.proof.io.RuleSourceFactory.fromDefaultLocation(RuleSourceFactory.java:21)
	at de.uka.ilkd.key.nparser.builder.IncludeFinder.addInclude(IncludeFinder.java:63)
	at de.uka.ilkd.key.nparser.builder.IncludeFinder.visitOne_include(IncludeFinder.java:43)
	at de.uka.ilkd.key.nparser.builder.IncludeFinder.visitOne_include(IncludeFinder.java:20)
	at de.uka.ilkd.key.nparser.KeYParser$One_includeContext.accept(KeYParser.java:878)
	at de.uka.ilkd.key.nparser.builder.AbstractBuilder.lambda$mapOf$0(AbstractBuilder.java:112)
	at java.base/java.util.stream.ReferencePipeline$3$1.accept(ReferencePipeline.java:195)
	at java.base/java.util.ArrayList$ArrayListSpliterator.forEachRemaining(ArrayList.java:1655)
	at java.base/java.util.stream.AbstractPipeline.copyInto(AbstractPipeline.java:484)
	at java.base/java.util.stream.AbstractPipeline.wrapAndCopyInto(AbstractPipeline.java:474)
	at java.base/java.util.stream.ReduceOps$ReduceOp.evaluateSequential(ReduceOps.java:913)
	at java.base/java.util.stream.AbstractPipeline.evaluate(AbstractPipeline.java:234)
	at java.base/java.util.stream.ReferencePipeline.collect(ReferencePipeline.java:578)
	at de.uka.ilkd.key.nparser.builder.AbstractBuilder.mapOf(AbstractBuilder.java:112)
	at de.uka.ilkd.key.nparser.builder.IncludeFinder.visitOne_include_statement(IncludeFinder.java:35)
	at de.uka.ilkd.key.nparser.builder.IncludeFinder.visitOne_include_statement(IncludeFinder.java:20)
	at de.uka.ilkd.key.nparser.KeYParser$One_include_statementContext.accept(KeYParser.java:802)
	at org.antlr.v4.runtime.tree.AbstractParseTreeVisitor.visitChildren(AbstractParseTreeVisitor.java:46)
	at de.uka.ilkd.key.nparser.KeYParserBaseVisitor.visitDecls(KeYParserBaseVisitor.java:30)
	at de.uka.ilkd.key.nparser.KeYParser$DeclsContext.accept(KeYParser.java:500)
	at org.antlr.v4.runtime.tree.AbstractParseTreeVisitor.visitChildren(AbstractParseTreeVisitor.java:46)
	at de.uka.ilkd.key.nparser.KeYParserBaseVisitor.visitFile(KeYParserBaseVisitor.java:23)
	at de.uka.ilkd.key.nparser.KeYParser$FileContext.accept(KeYParser.java:306)
	at de.uka.ilkd.key.nparser.KeyAst.accept(KeyAst.java:41)
	at de.uka.ilkd.key.nparser.KeyAst$File.getIncludes(KeyAst.java:76)
	at de.uka.ilkd.key.proof.io.KeYFile.readIncludes(KeYFile.java:208)
	... 14 more
Could not find rule file rules/intRulesCheckedSemantics.key (file: /home/runner/work/key/key/key.core/../key.ui/examples/index/.././heap/list_seq/ArrayList.remove.0.key; caused by: de.uka.ilkd.key.proof.init.ProofInputException: Could not find rule file rules/intRulesCheckedSemantics.key)
	at de.uka.ilkd.key.control.AbstractUserInterfaceControl.load(AbstractUserInterfaceControl.java:221)
	at de.uka.ilkd.key.control.KeYEnvironment.load(KeYEnvironment.java:251)
	at de.uka.ilkd.key.control.KeYEnvironment.load(KeYEnvironment.java:224)
	at de.uka.ilkd.key.control.KeYEnvironment.load(KeYEnvironment.java:184)
	at de.uka.ilkd.key.control.KeYEnvironment.load(KeYEnvironment.java:261)
	at de.uka.ilkd.key.proof.runallproofs.proofcollection.TestFile.load(TestFile.java:270)
	at de.uka.ilkd.key.proof.runallproofs.proofcollection.TestFile.runKey(TestFile.java:160)
	at de.uka.ilkd.key.proof.runallproofs.proofcollection.ForkedTestFileRunner.main(ForkedTestFileRunner.java:171)
Caused by: de.uka.ilkd.key.proof.init.ProofInputException: Could not find rule file rules/intRulesCheckedSemantics.key
	at de.uka.ilkd.key.proof.io.KeYFile.readIncludes(KeYFile.java:210)
	at de.uka.ilkd.key.proof.init.ProblemInitializer.readIncludes(ProblemInitializer.java:177)
	at de.uka.ilkd.key.proof.init.ProblemInitializer.readEnvInput(ProblemInitializer.java:325)
	at de.uka.ilkd.key.proof.init.ProblemInitializer.prepare(ProblemInitializer.java:449)
	at de.uka.ilkd.key.proof.io.AbstractProblemLoader.createInitConfig(AbstractProblemLoader.java:518)
	at de.uka.ilkd.key.proof.io.AbstractProblemLoader.loadEnvironment(AbstractProblemLoader.java:288)
	at de.uka.ilkd.key.proof.io.AbstractProblemLoader.load(AbstractProblemLoader.java:252)
	at de.uka.ilkd.key.control.AbstractUserInterfaceControl.load(AbstractUserInterfaceControl.java:209)
	... 7 more
Caused by: java.lang.RuntimeException: Could not find rule file rules/intRulesCheckedSemantics.key
	at de.uka.ilkd.key.proof.io.RuleSourceFactory.fromBuiltInRule(RuleSourceFactory.java:32)
	at de.uka.ilkd.key.proof.io.RuleSourceFactory.fromDefaultLocation(RuleSourceFactory.java:21)
	at de.uka.ilkd.key.nparser.builder.IncludeFinder.addInclude(IncludeFinder.java:63)
	at de.uka.ilkd.key.nparser.builder.IncludeFinder.visitOne_include(IncludeFinder.java:43)
	at de.uka.ilkd.key.nparser.builder.IncludeFinder.visitOne_include(IncludeFinder.java:20)
	at de.uka.ilkd.key.nparser.KeYParser$One_includeContext.accept(KeYParser.java:878)
	at de.uka.ilkd.key.nparser.builder.AbstractBuilder.lambda$mapOf$0(AbstractBuilder.java:112)
	at java.base/java.util.stream.ReferencePipeline$3$1.accept(ReferencePipeline.java:195)
	at java.base/java.util.ArrayList$ArrayListSpliterator.forEachRemaining(ArrayList.java:1655)
	at java.base/java.util.stream.AbstractPipeline.copyInto(AbstractPipeline.java:484)
	at java.base/java.util.stream.AbstractPipeline.wrapAndCopyInto(AbstractPipeline.java:474)
	at java.base/java.util.stream.ReduceOps$ReduceOp.evaluateSequential(ReduceOps.java:913)
	at java.base/java.util.stream.AbstractPipeline.evaluate(AbstractPipeline.java:234)
	at java.base/java.util.stream.ReferencePipeline.collect(ReferencePipeline.java:578)
	at de.uka.ilkd.key.nparser.builder.AbstractBuilder.mapOf(AbstractBuilder.java:112)
	at de.uka.ilkd.key.nparser.builder.IncludeFinder.visitOne_include_statement(IncludeFinder.java:35)
	at de.uka.ilkd.key.nparser.builder.IncludeFinder.visitOne_include_statement(IncludeFinder.java:20)
	at de.uka.ilkd.key.nparser.KeYParser$One_include_statementContext.accept(KeYParser.java:802)
	at org.antlr.v4.runtime.tree.AbstractParseTreeVisitor.visitChildren(AbstractParseTreeVisitor.java:46)
	at de.uka.ilkd.key.nparser.KeYParserBaseVisitor.visitDecls(KeYParserBaseVisitor.java:30)
	at de.uka.ilkd.key.nparser.KeYParser$DeclsContext.accept(KeYParser.java:500)
	at org.antlr.v4.runtime.tree.AbstractParseTreeVisitor.visitChildren(AbstractParseTreeVisitor.java:46)
	at de.uka.ilkd.key.nparser.KeYParserBaseVisitor.visitFile(KeYParserBaseVisitor.java:23)
	at de.uka.ilkd.key.nparser.KeYParser$FileContext.accept(KeYParser.java:306)
	at de.uka.ilkd.key.nparser.KeyAst.accept(KeyAst.java:41)
	at de.uka.ilkd.key.nparser.KeyAst$File.getIncludes(KeyAst.java:76)
	at de.uka.ilkd.key.proof.io.KeYFile.readIncludes(KeYFile.java:208)
	... 14 more
Could not find rule file rules/intRulesCheckedSemantics.key (file: /home/runner/work/key/key/key.core/../key.ui/examples/index/.././heap/list_seq/ArrayList.remove.1.key; caused by: de.uka.ilkd.key.proof.init.ProofInputException: Could not find rule file rules/intRulesCheckedSemantics.key)
	at de.uka.ilkd.key.control.AbstractUserInterfaceControl.load(AbstractUserInterfaceControl.java:221)
	at de.uka.ilkd.key.control.KeYEnvironment.load(KeYEnvironment.java:251)
	at de.uka.ilkd.key.control.KeYEnvironment.load(KeYEnvironment.java:224)
	at de.uka.ilkd.key.control.KeYEnvironment.load(KeYEnvironment.java:184)
	at de.uka.ilkd.key.control.KeYEnvironment.load(KeYEnvironment.java:261)
	at de.uka.ilkd.key.proof.runallproofs.proofcollection.TestFile.load(TestFile.java:270)
	at de.uka.ilkd.key.proof.runallproofs.proofcollection.TestFile.runKey(TestFile.java:160)
	at de.uka.ilkd.key.proof.runallproofs.proofcollection.ForkedTestFileRunner.main(ForkedTestFileRunner.java:171)
Caused by: de.uka.ilkd.key.proof.init.ProofInputException: Could not find rule file rules/intRulesCheckedSemantics.key
	at de.uka.ilkd.key.proof.io.KeYFile.readIncludes(KeYFile.java:210)
	at de.uka.ilkd.key.proof.init.ProblemInitializer.readIncludes(ProblemInitializer.java:177)
	at de.uka.ilkd.key.proof.init.ProblemInitializer.readEnvInput(ProblemInitializer.java:325)
	at de.uka.ilkd.key.proof.init.ProblemInitializer.prepare(ProblemInitializer.java:449)
	at de.uka.ilkd.key.proof.io.AbstractProblemLoader.createInitConfig(AbstractProblemLoader.java:518)
	at de.uka.ilkd.key.proof.io.AbstractProblemLoader.loadEnvironment(AbstractProblemLoader.java:288)
	at de.uka.ilkd.key.proof.io.AbstractProblemLoader.load(AbstractProblemLoader.java:252)
	at de.uka.ilkd.key.control.AbstractUserInterfaceControl.load(AbstractUserInterfaceControl.java:209)
	... 7 more
Caused by: java.lang.RuntimeException: Could not find rule file rules/intRulesCheckedSemantics.key
	at de.uka.ilkd.key.proof.io.RuleSourceFactory.fromBuiltInRule(RuleSourceFactory.java:32)
	at de.uka.ilkd.key.proof.io.RuleSourceFactory.fromDefaultLocation(RuleSourceFactory.java:21)
	at de.uka.ilkd.key.nparser.builder.IncludeFinder.addInclude(IncludeFinder.java:63)
	at de.uka.ilkd.key.nparser.builder.IncludeFinder.visitOne_include(IncludeFinder.java:43)
	at de.uka.ilkd.key.nparser.builder.IncludeFinder.visitOne_include(IncludeFinder.java:20)
	at de.uka.ilkd.key.nparser.KeYParser$One_includeContext.accept(KeYParser.java:878)
	at de.uka.ilkd.key.nparser.builder.AbstractBuilder.lambda$mapOf$0(AbstractBuilder.java:112)
	at java.base/java.util.stream.ReferencePipeline$3$1.accept(ReferencePipeline.java:195)
	at java.base/java.util.ArrayList$ArrayListSpliterator.forEachRemaining(ArrayList.java:1655)
	at java.base/java.util.stream.AbstractPipeline.copyInto(AbstractPipeline.java:484)
	at java.base/java.util.stream.AbstractPipeline.wrapAndCopyInto(AbstractPipeline.java:474)
	at java.base/java.util.stream.ReduceOps$ReduceOp.evaluateSequential(ReduceOps.java:913)
	at java.base/java.util.stream.AbstractPipeline.evaluate(AbstractPipeline.java:234)
	at java.base/java.util.stream.ReferencePipeline.collect(ReferencePipeline.java:578)
	at de.uka.ilkd.key.nparser.builder.AbstractBuilder.mapOf(AbstractBuilder.java:112)
	at de.uka.ilkd.key.nparser.builder.IncludeFinder.visitOne_include_statement(IncludeFinder.java:35)
	at de.uka.ilkd.key.nparser.builder.IncludeFinder.visitOne_include_statement(IncludeFinder.java:20)
	at de.uka.ilkd.key.nparser.KeYParser$One_include_statementContext.accept(KeYParser.java:802)
	at org.antlr.v4.runtime.tree.AbstractParseTreeVisitor.visitChildren(AbstractParseTreeVisitor.java:46)
	at de.uka.ilkd.key.nparser.KeYParserBaseVisitor.visitDecls(KeYParserBaseVisitor.java:30)
	at de.uka.ilkd.key.nparser.KeYParser$DeclsContext.accept(KeYParser.java:500)
	at org.antlr.v4.runtime.tree.AbstractParseTreeVisitor.visitChildren(AbstractParseTreeVisitor.java:46)
	at de.uka.ilkd.key.nparser.KeYParserBaseVisitor.visitFile(KeYParserBaseVisitor.java:23)
	at de.uka.ilkd.key.nparser.KeYParser$FileContext.accept(KeYParser.java:306)
	at de.uka.ilkd.key.nparser.KeyAst.accept(KeyAst.java:41)
	at de.uka.ilkd.key.nparser.KeyAst$File.getIncludes(KeyAst.java:76)
	at de.uka.ilkd.key.proof.io.KeYFile.readIncludes(KeYFile.java:208)
	... 14 more
Exception in thread "main" org.opentest4j.AssertionFailedError: Exception during the execution of proofs. See log for more details.
	at org.junit.jupiter.api.AssertionUtils.fail(AssertionUtils.java:39)
	at org.junit.jupiter.api.Assertions.fail(Assertions.java:134)
	at de.uka.ilkd.key.proof.runallproofs.proofcollection.ForkedTestFileRunner.main(ForkedTestFileRunner.java:192)
Timeout watcher launched (2000 secs.)
Could not find rule file rules/intRulesCheckedSemantics.key (file: /home/runner/work/key/key/key.core/../key.ui/examples/index/.././heap/observer/ExampleObserver_ExampleObserver.key; caused by: de.uka.ilkd.key.proof.init.ProofInputException: Could not find rule file rules/intRulesCheckedSemantics.key)
	at de.uka.ilkd.key.control.AbstractUserInterfaceControl.load(AbstractUserInterfaceControl.java:221)
	at de.uka.ilkd.key.control.KeYEnvironment.load(KeYEnvironment.java:251)
	at de.uka.ilkd.key.control.KeYEnvironment.load(KeYEnvironment.java:224)
	at de.uka.ilkd.key.control.KeYEnvironment.load(KeYEnvironment.java:184)
	at de.uka.ilkd.key.control.KeYEnvironment.load(KeYEnvironment.java:261)
	at de.uka.ilkd.key.proof.runallproofs.proofcollection.TestFile.load(TestFile.java:270)
	at de.uka.ilkd.key.proof.runallproofs.proofcollection.TestFile.runKey(TestFile.java:160)
	at de.uka.ilkd.key.proof.runallproofs.proofcollection.ForkedTestFileRunner.main(ForkedTestFileRunner.java:171)
Caused by: de.uka.ilkd.key.proof.init.ProofInputException: Could not find rule file rules/intRulesCheckedSemantics.key
	at de.uka.ilkd.key.proof.io.KeYFile.readIncludes(KeYFile.java:210)
	at de.uka.ilkd.key.proof.init.ProblemInitializer.readIncludes(ProblemInitializer.java:177)
	at de.uka.ilkd.key.proof.init.ProblemInitializer.readEnvInput(ProblemInitializer.java:325)
	at de.uka.ilkd.key.proof.init.ProblemInitializer.prepare(ProblemInitializer.java:449)
	at de.uka.ilkd.key.proof.io.AbstractProblemLoader.createInitConfig(AbstractProblemLoader.java:518)
	at de.uka.ilkd.key.proof.io.AbstractProblemLoader.loadEnvironment(AbstractProblemLoader.java:288)
	at de.uka.ilkd.key.proof.io.AbstractProblemLoader.load(AbstractProblemLoader.java:252)
	at de.uka.ilkd.key.control.AbstractUserInterfaceControl.load(AbstractUserInterfaceControl.java:209)
	... 7 more
Caused by: java.lang.RuntimeException: Could not find rule file rules/intRulesCheckedSemantics.key
	at de.uka.ilkd.key.proof.io.RuleSourceFactory.fromBuiltInRule(RuleSourceFactory.java:32)
	at de.uka.ilkd.key.proof.io.RuleSourceFactory.fromDefaultLocation(RuleSourceFactory.java:21)
	at de.uka.ilkd.key.nparser.builder.IncludeFinder.addInclude(IncludeFinder.java:63)
	at de.uka.ilkd.key.nparser.builder.IncludeFinder.visitOne_include(IncludeFinder.java:43)
	at de.uka.ilkd.key.nparser.builder.IncludeFinder.visitOne_include(IncludeFinder.java:20)
	at de.uka.ilkd.key.nparser.KeYParser$One_includeContext.accept(KeYParser.java:878)
	at de.uka.ilkd.key.nparser.builder.AbstractBuilder.lambda$mapOf$0(AbstractBuilder.java:112)
	at java.base/java.util.stream.ReferencePipeline$3$1.accept(ReferencePipeline.java:195)
	at java.base/java.util.ArrayList$ArrayListSpliterator.forEachRemaining(ArrayList.java:1655)
	at java.base/java.util.stream.AbstractPipeline.copyInto(AbstractPipeline.java:484)
	at java.base/java.util.stream.AbstractPipeline.wrapAndCopyInto(AbstractPipeline.java:474)
	at java.base/java.util.stream.ReduceOps$ReduceOp.evaluateSequential(ReduceOps.java:913)
	at java.base/java.util.stream.AbstractPipeline.evaluate(AbstractPipeline.java:234)
	at java.base/java.util.stream.ReferencePipeline.collect(ReferencePipeline.java:578)
	at de.uka.ilkd.key.nparser.builder.AbstractBuilder.mapOf(AbstractBuilder.java:112)
	at de.uka.ilkd.key.nparser.builder.IncludeFinder.visitOne_include_statement(IncludeFinder.java:35)
	at de.uka.ilkd.key.nparser.builder.IncludeFinder.visitOne_include_statement(IncludeFinder.java:20)
	at de.uka.ilkd.key.nparser.KeYParser$One_include_statementContext.accept(KeYParser.java:802)
	at org.antlr.v4.runtime.tree.AbstractParseTreeVisitor.visitChildren(AbstractParseTreeVisitor.java:46)
	at de.uka.ilkd.key.nparser.KeYParserBaseVisitor.visitDecls(KeYParserBaseVisitor.java:30)
	at de.uka.ilkd.key.nparser.KeYParser$DeclsContext.accept(KeYParser.java:500)
	at org.antlr.v4.runtime.tree.AbstractParseTreeVisitor.visitChildren(AbstractParseTreeVisitor.java:46)
	at de.uka.ilkd.key.nparser.KeYParserBaseVisitor.visitFile(KeYParserBaseVisitor.java:23)
	at de.uka.ilkd.key.nparser.KeYParser$FileContext.accept(KeYParser.java:306)
	at de.uka.ilkd.key.nparser.KeyAst.accept(KeyAst.java:41)
	at de.uka.ilkd.key.nparser.KeyAst$File.getIncludes(KeyAst.java:76)
	at de.uka.ilkd.key.proof.io.KeYFile.readIncludes(KeYFile.java:208)
	... 14 more
Could not find rule file rules/intRulesCheckedSemantics.key (file: /home/runner/work/key/key/key.core/../key.ui/examples/index/.././heap/observer/ExampleObserver_inv.key; caused by: de.uka.ilkd.key.proof.init.ProofInputException: Could not find rule file rules/intRulesCheckedSemantics.key)
	at de.uka.ilkd.key.control.AbstractUserInterfaceControl.load(AbstractUserInterfaceControl.java:221)
	at de.uka.ilkd.key.control.KeYEnvironment.load(KeYEnvironment.java:251)
	at de.uka.ilkd.key.control.KeYEnvironment.load(KeYEnvironment.java:224)
	at de.uka.ilkd.key.control.KeYEnvironment.load(KeYEnvironment.java:184)
	at de.uka.ilkd.key.control.KeYEnvironment.load(KeYEnvironment.java:261)
	at de.uka.ilkd.key.proof.runallproofs.proofcollection.TestFile.load(TestFile.java:270)
	at de.uka.ilkd.key.proof.runallproofs.proofcollection.TestFile.runKey(TestFile.java:160)
	at de.uka.ilkd.key.proof.runallproofs.proofcollection.ForkedTestFileRunner.main(ForkedTestFileRunner.java:171)
Caused by: de.uka.ilkd.key.proof.init.ProofInputException: Could not find rule file rules/intRulesCheckedSemantics.key
	at de.uka.ilkd.key.proof.io.KeYFile.readIncludes(KeYFile.java:210)
	at de.uka.ilkd.key.proof.init.ProblemInitializer.readIncludes(ProblemInitializer.java:177)
	at de.uka.ilkd.key.proof.init.ProblemInitializer.readEnvInput(ProblemInitializer.java:325)
	at de.uka.ilkd.key.proof.init.ProblemInitializer.prepare(ProblemInitializer.java:449)
	at de.uka.ilkd.key.proof.io.AbstractProblemLoader.createInitConfig(AbstractProblemLoader.java:518)
	at de.uka.ilkd.key.proof.io.AbstractProblemLoader.loadEnvironment(AbstractProblemLoader.java:288)
	at de.uka.ilkd.key.proof.io.AbstractProblemLoader.load(AbstractProblemLoader.java:252)
	at de.uka.ilkd.key.control.AbstractUserInterfaceControl.load(AbstractUserInterfaceControl.java:209)
	... 7 more
Caused by: java.lang.RuntimeException: Could not find rule file rules/intRulesCheckedSemantics.key
	at de.uka.ilkd.key.proof.io.RuleSourceFactory.fromBuiltInRule(RuleSourceFactory.java:32)
	at de.uka.ilkd.key.proof.io.RuleSourceFactory.fromDefaultLocation(RuleSourceFactory.java:21)
	at de.uka.ilkd.key.nparser.builder.IncludeFinder.addInclude(IncludeFinder.java:63)
	at de.uka.ilkd.key.nparser.builder.IncludeFinder.visitOne_include(IncludeFinder.java:43)
	at de.uka.ilkd.key.nparser.builder.IncludeFinder.visitOne_include(IncludeFinder.java:20)
	at de.uka.ilkd.key.nparser.KeYParser$One_includeContext.accept(KeYParser.java:878)
	at de.uka.ilkd.key.nparser.builder.AbstractBuilder.lambda$mapOf$0(AbstractBuilder.java:112)
	at java.base/java.util.stream.ReferencePipeline$3$1.accept(ReferencePipeline.java:195)
	at java.base/java.util.ArrayList$ArrayListSpliterator.forEachRemaining(ArrayList.java:1655)
	at java.base/java.util.stream.AbstractPipeline.copyInto(AbstractPipeline.java:484)
	at java.base/java.util.stream.AbstractPipeline.wrapAndCopyInto(AbstractPipeline.java:474)
	at java.base/java.util.stream.ReduceOps$ReduceOp.evaluateSequential(ReduceOps.java:913)
	at java.base/java.util.stream.AbstractPipeline.evaluate(AbstractPipeline.java:234)
	at java.base/java.util.stream.ReferencePipeline.collect(ReferencePipeline.java:578)
	at de.uka.ilkd.key.nparser.builder.AbstractBuilder.mapOf(AbstractBuilder.java:112)
	at de.uka.ilkd.key.nparser.builder.IncludeFinder.visitOne_include_statement(IncludeFinder.java:35)
	at de.uka.ilkd.key.nparser.builder.IncludeFinder.visitOne_include_statement(IncludeFinder.java:20)
	at de.uka.ilkd.key.nparser.KeYParser$One_include_statementContext.accept(KeYParser.java:802)
	at org.antlr.v4.runtime.tree.AbstractParseTreeVisitor.visitChildren(AbstractParseTreeVisitor.java:46)
	at de.uka.ilkd.key.nparser.KeYParserBaseVisitor.visitDecls(KeYParserBaseVisitor.java:30)
	at de.uka.ilkd.key.nparser.KeYParser$DeclsContext.accept(KeYParser.java:500)
	at org.antlr.v4.runtime.tree.AbstractParseTreeVisitor.visitChildren(AbstractParseTreeVisitor.java:46)
	at de.uka.ilkd.key.nparser.KeYParserBaseVisitor.visitFile(KeYParserBaseVisitor.java:23)
	at de.uka.ilkd.key.nparser.KeYParser$FileContext.accept(KeYParser.java:306)
	at de.uka.ilkd.key.nparser.KeyAst.accept(KeyAst.java:41)
	at de.uka.ilkd.key.nparser.KeyAst$File.getIncludes(KeyAst.java:76)
	at de.uka.ilkd.key.proof.io.KeYFile.readIncludes(KeYFile.java:208)
	... 14 more
Could not find rule file rules/intRulesCheckedSemantics.key (file: /home/runner/work/key/key/key.core/../key.ui/examples/index/.././heap/observer/ExampleObserver_subject.key; caused by: de.uka.ilkd.key.proof.init.ProofInputException: Could not find rule file rules/intRulesCheckedSemantics.key)
	at de.uka.ilkd.key.control.AbstractUserInterfaceControl.load(AbstractUserInterfaceControl.java:221)
	at de.uka.ilkd.key.control.KeYEnvironment.load(KeYEnvironment.java:251)
	at de.uka.ilkd.key.control.KeYEnvironment.load(KeYEnvironment.java:224)
	at de.uka.ilkd.key.control.KeYEnvironment.load(KeYEnvironment.java:184)
	at de.uka.ilkd.key.control.KeYEnvironment.load(KeYEnvironment.java:261)
	at de.uka.ilkd.key.proof.runallproofs.proofcollection.TestFile.load(TestFile.java:270)
	at de.uka.ilkd.key.proof.runallproofs.proofcollection.TestFile.runKey(TestFile.java:160)
	at de.uka.ilkd.key.proof.runallproofs.proofcollection.ForkedTestFileRunner.main(ForkedTestFileRunner.java:171)
Caused by: de.uka.ilkd.key.proof.init.ProofInputException: Could not find rule file rules/intRulesCheckedSemantics.key
	at de.uka.ilkd.key.proof.io.KeYFile.readIncludes(KeYFile.java:210)
	at de.uka.ilkd.key.proof.init.ProblemInitializer.readIncludes(ProblemInitializer.java:177)
	at de.uka.ilkd.key.proof.init.ProblemInitializer.readEnvInput(ProblemInitializer.java:325)
	at de.uka.ilkd.key.proof.init.ProblemInitializer.prepare(ProblemInitializer.java:449)
	at de.uka.ilkd.key.proof.io.AbstractProblemLoader.createInitConfig(AbstractProblemLoader.java:518)
	at de.uka.ilkd.key.proof.io.AbstractProblemLoader.loadEnvironment(AbstractProblemLoader.java:288)
	at de.uka.ilkd.key.proof.io.AbstractProblemLoader.load(AbstractProblemLoader.java:252)
	at de.uka.ilkd.key.control.AbstractUserInterfaceControl.load(AbstractUserInterfaceControl.java:209)
	... 7 more
Caused by: java.lang.RuntimeException: Could not find rule file rules/intRulesCheckedSemantics.key
	at de.uka.ilkd.key.proof.io.RuleSourceFactory.fromBuiltInRule(RuleSourceFactory.java:32)
	at de.uka.ilkd.key.proof.io.RuleSourceFactory.fromDefaultLocation(RuleSourceFactory.java:21)
	at de.uka.ilkd.key.nparser.builder.IncludeFinder.addInclude(IncludeFinder.java:63)
	at de.uka.ilkd.key.nparser.builder.IncludeFinder.visitOne_include(IncludeFinder.java:43)
	at de.uka.ilkd.key.nparser.builder.IncludeFinder.visitOne_include(IncludeFinder.java:20)
	at de.uka.ilkd.key.nparser.KeYParser$One_includeContext.accept(KeYParser.java:878)
	at de.uka.ilkd.key.nparser.builder.AbstractBuilder.lambda$mapOf$0(AbstractBuilder.java:112)
	at java.base/java.util.stream.ReferencePipeline$3$1.accept(ReferencePipeline.java:195)
	at java.base/java.util.ArrayList$ArrayListSpliterator.forEachRemaining(ArrayList.java:1655)
	at java.base/java.util.stream.AbstractPipeline.copyInto(AbstractPipeline.java:484)
	at java.base/java.util.stream.AbstractPipeline.wrapAndCopyInto(AbstractPipeline.java:474)
	at java.base/java.util.stream.ReduceOps$ReduceOp.evaluateSequential(ReduceOps.java:913)
	at java.base/java.util.stream.AbstractPipeline.evaluate(AbstractPipeline.java:234)
	at java.base/java.util.stream.ReferencePipeline.collect(ReferencePipeline.java:578)
	at de.uka.ilkd.key.nparser.builder.AbstractBuilder.mapOf(AbstractBuilder.java:112)
	at de.uka.ilkd.key.nparser.builder.IncludeFinder.visitOne_include_statement(IncludeFinder.java:35)
	at de.uka.ilkd.key.nparser.builder.IncludeFinder.visitOne_include_statement(IncludeFinder.java:20)
	at de.uka.ilkd.key.nparser.KeYParser$One_include_statementContext.accept(KeYParser.java:802)
	at org.antlr.v4.runtime.tree.AbstractParseTreeVisitor.visitChildren(AbstractParseTreeVisitor.java:46)
	at de.uka.ilkd.key.nparser.KeYParserBaseVisitor.visitDecls(KeYParserBaseVisitor.java:30)
	at de.uka.ilkd.key.nparser.KeYParser$DeclsContext.accept(KeYParser.java:500)
	at org.antlr.v4.runtime.tree.AbstractParseTreeVisitor.visitChildren(AbstractParseTreeVisitor.java:46)
	at de.uka.ilkd.key.nparser.KeYParserBaseVisitor.visitFile(KeYParserBaseVisitor.java:23)
	at de.uka.ilkd.key.nparser.KeYParser$FileContext.accept(KeYParser.java:306)
	at de.uka.ilkd.key.nparser.KeyAst.accept(KeyAst.java:41)
	at de.uka.ilkd.key.nparser.KeyAst$File.getIncludes(KeyAst.java:76)
	at de.uka.ilkd.key.proof.io.KeYFile.readIncludes(KeYFile.java:208)
	... 14 more
Could not find rule file rules/intRulesCheckedSemantics.key (file: /home/runner/work/key/key/key.core/../key.ui/examples/index/.././heap/observer/ExampleObserver_update.key; caused by: de.uka.ilkd.key.proof.init.ProofInputException: Could not find rule file rules/intRulesCheckedSemantics.key)
	at de.uka.ilkd.key.control.AbstractUserInterfaceControl.load(AbstractUserInterfaceControl.java:221)
	at de.uka.ilkd.key.control.KeYEnvironment.load(KeYEnvironment.java:251)
	at de.uka.ilkd.key.control.KeYEnvironment.load(KeYEnvironment.java:224)
	at de.uka.ilkd.key.control.KeYEnvironment.load(KeYEnvironment.java:184)
	at de.uka.ilkd.key.control.KeYEnvironment.load(KeYEnvironment.java:261)
	at de.uka.ilkd.key.proof.runallproofs.proofcollection.TestFile.load(TestFile.java:270)
	at de.uka.ilkd.key.proof.runallproofs.proofcollection.TestFile.runKey(TestFile.java:160)
	at de.uka.ilkd.key.proof.runallproofs.proofcollection.ForkedTestFileRunner.main(ForkedTestFileRunner.java:171)
Caused by: de.uka.ilkd.key.proof.init.ProofInputException: Could not find rule file rules/intRulesCheckedSemantics.key
	at de.uka.ilkd.key.proof.io.KeYFile.readIncludes(KeYFile.java:210)
	at de.uka.ilkd.key.proof.init.ProblemInitializer.readIncludes(ProblemInitializer.java:177)
	at de.uka.ilkd.key.proof.init.ProblemInitializer.readEnvInput(ProblemInitializer.java:325)
	at de.uka.ilkd.key.proof.init.ProblemInitializer.prepare(ProblemInitializer.java:449)
	at de.uka.ilkd.key.proof.io.AbstractProblemLoader.createInitConfig(AbstractProblemLoader.java:518)
	at de.uka.ilkd.key.proof.io.AbstractProblemLoader.loadEnvironment(AbstractProblemLoader.java:288)
	at de.uka.ilkd.key.proof.io.AbstractProblemLoader.load(AbstractProblemLoader.java:252)
	at de.uka.ilkd.key.control.AbstractUserInterfaceControl.load(AbstractUserInterfaceControl.java:209)
	... 7 more
Caused by: java.lang.RuntimeException: Could not find rule file rules/intRulesCheckedSemantics.key
	at de.uka.ilkd.key.proof.io.RuleSourceFactory.fromBuiltInRule(RuleSourceFactory.java:32)
	at de.uka.ilkd.key.proof.io.RuleSourceFactory.fromDefaultLocation(RuleSourceFactory.java:21)
	at de.uka.ilkd.key.nparser.builder.IncludeFinder.addInclude(IncludeFinder.java:63)
	at de.uka.ilkd.key.nparser.builder.IncludeFinder.visitOne_include(IncludeFinder.java:43)
	at de.uka.ilkd.key.nparser.builder.IncludeFinder.visitOne_include(IncludeFinder.java:20)
	at de.uka.ilkd.key.nparser.KeYParser$One_includeContext.accept(KeYParser.java:878)
	at de.uka.ilkd.key.nparser.builder.AbstractBuilder.lambda$mapOf$0(AbstractBuilder.java:112)
	at java.base/java.util.stream.ReferencePipeline$3$1.accept(ReferencePipeline.java:195)
	at java.base/java.util.ArrayList$ArrayListSpliterator.forEachRemaining(ArrayList.java:1655)
	at java.base/java.util.stream.AbstractPipeline.copyInto(AbstractPipeline.java:484)
	at java.base/java.util.stream.AbstractPipeline.wrapAndCopyInto(AbstractPipeline.java:474)
	at java.base/java.util.stream.ReduceOps$ReduceOp.evaluateSequential(ReduceOps.java:913)
	at java.base/java.util.stream.AbstractPipeline.evaluate(AbstractPipeline.java:234)
	at java.base/java.util.stream.ReferencePipeline.collect(ReferencePipeline.java:578)
	at de.uka.ilkd.key.nparser.builder.AbstractBuilder.mapOf(AbstractBuilder.java:112)
	at de.uka.ilkd.key.nparser.builder.IncludeFinder.visitOne_include_statement(IncludeFinder.java:35)
	at de.uka.ilkd.key.nparser.builder.IncludeFinder.visitOne_include_statement(IncludeFinder.java:20)
	at de.uka.ilkd.key.nparser.KeYParser$One_include_statementContext.accept(KeYParser.java:802)
	at org.antlr.v4.runtime.tree.AbstractParseTreeVisitor.visitChildren(AbstractParseTreeVisitor.java:46)
	at de.uka.ilkd.key.nparser.KeYParserBaseVisitor.visitDecls(KeYParserBaseVisitor.java:30)
	at de.uka.ilkd.key.nparser.KeYParser$DeclsContext.accept(KeYParser.java:500)
	at org.antlr.v4.runtime.tree.AbstractParseTreeVisitor.visitChildren(AbstractParseTreeVisitor.java:46)
	at de.uka.ilkd.key.nparser.KeYParserBaseVisitor.visitFile(KeYParserBaseVisitor.java:23)
	at de.uka.ilkd.key.nparser.KeYParser$FileContext.accept(KeYParser.java:306)
	at de.uka.ilkd.key.nparser.KeyAst.accept(KeyAst.java:41)
	at de.uka.ilkd.key.nparser.KeyAst$File.getIncludes(KeyAst.java:76)
	at de.uka.ilkd.key.proof.io.KeYFile.readIncludes(KeYFile.java:208)
	... 14 more
Could not find rule file rules/intRulesCheckedSemantics.key (file: /home/runner/work/key/key/key.core/../key.ui/examples/index/.././heap/observer/ExampleObserver_upToDate.key; caused by: de.uka.ilkd.key.proof.init.ProofInputException: Could not find rule file rules/intRulesCheckedSemantics.key)
	at de.uka.ilkd.key.control.AbstractUserInterfaceControl.load(AbstractUserInterfaceControl.java:221)
	at de.uka.ilkd.key.control.KeYEnvironment.load(KeYEnvironment.java:251)
	at de.uka.ilkd.key.control.KeYEnvironment.load(KeYEnvironment.java:224)
	at de.uka.ilkd.key.control.KeYEnvironment.load(KeYEnvironment.java:184)
	at de.uka.ilkd.key.control.KeYEnvironment.load(KeYEnvironment.java:261)
	at de.uka.ilkd.key.proof.runallproofs.proofcollection.TestFile.load(TestFile.java:270)
	at de.uka.ilkd.key.proof.runallproofs.proofcollection.TestFile.runKey(TestFile.java:160)
	at de.uka.ilkd.key.proof.runallproofs.proofcollection.ForkedTestFileRunner.main(ForkedTestFileRunner.java:171)
Caused by: de.uka.ilkd.key.proof.init.ProofInputException: Could not find rule file rules/intRulesCheckedSemantics.key
	at de.uka.ilkd.key.proof.io.KeYFile.readIncludes(KeYFile.java:210)
	at de.uka.ilkd.key.proof.init.ProblemInitializer.readIncludes(ProblemInitializer.java:177)
	at de.uka.ilkd.key.proof.init.ProblemInitializer.readEnvInput(ProblemInitializer.java:325)
	at de.uka.ilkd.key.proof.init.ProblemInitializer.prepare(ProblemInitializer.java:449)
	at de.uka.ilkd.key.proof.io.AbstractProblemLoader.createInitConfig(AbstractProblemLoader.java:518)
	at de.uka.ilkd.key.proof.io.AbstractProblemLoader.loadEnvironment(AbstractProblemLoader.java:288)
	at de.uka.ilkd.key.proof.io.AbstractProblemLoader.load(AbstractProblemLoader.java:252)
	at de.uka.ilkd.key.control.AbstractUserInterfaceControl.load(AbstractUserInterfaceControl.java:209)
	... 7 more
Caused by: java.lang.RuntimeException: Could not find rule file rules/intRulesCheckedSemantics.key
	at de.uka.ilkd.key.proof.io.RuleSourceFactory.fromBuiltInRule(RuleSourceFactory.java:32)
	at de.uka.ilkd.key.proof.io.RuleSourceFactory.fromDefaultLocation(RuleSourceFactory.java:21)
	at de.uka.ilkd.key.nparser.builder.IncludeFinder.addInclude(IncludeFinder.java:63)
	at de.uka.ilkd.key.nparser.builder.IncludeFinder.visitOne_include(IncludeFinder.java:43)
	at de.uka.ilkd.key.nparser.builder.IncludeFinder.visitOne_include(IncludeFinder.java:20)
	at de.uka.ilkd.key.nparser.KeYParser$One_includeContext.accept(KeYParser.java:878)
	at de.uka.ilkd.key.nparser.builder.AbstractBuilder.lambda$mapOf$0(AbstractBuilder.java:112)
	at java.base/java.util.stream.ReferencePipeline$3$1.accept(ReferencePipeline.java:195)
	at java.base/java.util.ArrayList$ArrayListSpliterator.forEachRemaining(ArrayList.java:1655)
	at java.base/java.util.stream.AbstractPipeline.copyInto(AbstractPipeline.java:484)
	at java.base/java.util.stream.AbstractPipeline.wrapAndCopyInto(AbstractPipeline.java:474)
	at java.base/java.util.stream.ReduceOps$ReduceOp.evaluateSequential(ReduceOps.java:913)
	at java.base/java.util.stream.AbstractPipeline.evaluate(AbstractPipeline.java:234)
	at java.base/java.util.stream.ReferencePipeline.collect(ReferencePipeline.java:578)
	at de.uka.ilkd.key.nparser.builder.AbstractBuilder.mapOf(AbstractBuilder.java:112)
	at de.uka.ilkd.key.nparser.builder.IncludeFinder.visitOne_include_statement(IncludeFinder.java:35)
	at de.uka.ilkd.key.nparser.builder.IncludeFinder.visitOne_include_statement(IncludeFinder.java:20)
	at de.uka.ilkd.key.nparser.KeYParser$One_include_statementContext.accept(KeYParser.java:802)
	at org.antlr.v4.runtime.tree.AbstractParseTreeVisitor.visitChildren(AbstractParseTreeVisitor.java:46)
	at de.uka.ilkd.key.nparser.KeYParserBaseVisitor.visitDecls(KeYParserBaseVisitor.java:30)
	at de.uka.ilkd.key.nparser.KeYParser$DeclsContext.accept(KeYParser.java:500)
	at org.antlr.v4.runtime.tree.AbstractParseTreeVisitor.visitChildren(AbstractParseTreeVisitor.java:46)
	at de.uka.ilkd.key.nparser.KeYParserBaseVisitor.visitFile(KeYParserBaseVisitor.java:23)
	at de.uka.ilkd.key.nparser.KeYParser$FileContext.accept(KeYParser.java:306)
	at de.uka.ilkd.key.nparser.KeyAst.accept(KeyAst.java:41)
	at de.uka.ilkd.key.nparser.KeyAst$File.getIncludes(KeyAst.java:76)
	at de.uka.ilkd.key.proof.io.KeYFile.readIncludes(KeYFile.java:208)
	... 14 more
Could not find rule file rules/intRulesCheckedSemantics.key (file: /home/runner/work/key/key/key.core/../key.ui/examples/index/.././heap/observer/ExampleObserver_value.key; caused by: de.uka.ilkd.key.proof.init.ProofInputException: Could not find rule file rules/intRulesCheckedSemantics.key)
	at de.uka.ilkd.key.control.AbstractUserInterfaceControl.load(AbstractUserInterfaceControl.java:221)
	at de.uka.ilkd.key.control.KeYEnvironment.load(KeYEnvironment.java:251)
	at de.uka.ilkd.key.control.KeYEnvironment.load(KeYEnvironment.java:224)
	at de.uka.ilkd.key.control.KeYEnvironment.load(KeYEnvironment.java:184)
	at de.uka.ilkd.key.control.KeYEnvironment.load(KeYEnvironment.java:261)
	at de.uka.ilkd.key.proof.runallproofs.proofcollection.TestFile.load(TestFile.java:270)
	at de.uka.ilkd.key.proof.runallproofs.proofcollection.TestFile.runKey(TestFile.java:160)
	at de.uka.ilkd.key.proof.runallproofs.proofcollection.ForkedTestFileRunner.main(ForkedTestFileRunner.java:171)
Caused by: de.uka.ilkd.key.proof.init.ProofInputException: Could not find rule file rules/intRulesCheckedSemantics.key
	at de.uka.ilkd.key.proof.io.KeYFile.readIncludes(KeYFile.java:210)
	at de.uka.ilkd.key.proof.init.ProblemInitializer.readIncludes(ProblemInitializer.java:177)
	at de.uka.ilkd.key.proof.init.ProblemInitializer.readEnvInput(ProblemInitializer.java:325)
	at de.uka.ilkd.key.proof.init.ProblemInitializer.prepare(ProblemInitializer.java:449)
	at de.uka.ilkd.key.proof.io.AbstractProblemLoader.createInitConfig(AbstractProblemLoader.java:518)
	at de.uka.ilkd.key.proof.io.AbstractProblemLoader.loadEnvironment(AbstractProblemLoader.java:288)
	at de.uka.ilkd.key.proof.io.AbstractProblemLoader.load(AbstractProblemLoader.java:252)
	at de.uka.ilkd.key.control.AbstractUserInterfaceControl.load(AbstractUserInterfaceControl.java:209)
	... 7 more
Caused by: java.lang.RuntimeException: Could not find rule file rules/intRulesCheckedSemantics.key
	at de.uka.ilkd.key.proof.io.RuleSourceFactory.fromBuiltInRule(RuleSourceFactory.java:32)
	at de.uka.ilkd.key.proof.io.RuleSourceFactory.fromDefaultLocation(RuleSourceFactory.java:21)
	at de.uka.ilkd.key.nparser.builder.IncludeFinder.addInclude(IncludeFinder.java:63)
	at de.uka.ilkd.key.nparser.builder.IncludeFinder.visitOne_include(IncludeFinder.java:43)
	at de.uka.ilkd.key.nparser.builder.IncludeFinder.visitOne_include(IncludeFinder.java:20)
	at de.uka.ilkd.key.nparser.KeYParser$One_includeContext.accept(KeYParser.java:878)
	at de.uka.ilkd.key.nparser.builder.AbstractBuilder.lambda$mapOf$0(AbstractBuilder.java:112)
	at java.base/java.util.stream.ReferencePipeline$3$1.accept(ReferencePipeline.java:195)
	at java.base/java.util.ArrayList$ArrayListSpliterator.forEachRemaining(ArrayList.java:1655)
	at java.base/java.util.stream.AbstractPipeline.copyInto(AbstractPipeline.java:484)
	at java.base/java.util.stream.AbstractPipeline.wrapAndCopyInto(AbstractPipeline.java:474)
	at java.base/java.util.stream.ReduceOps$ReduceOp.evaluateSequential(ReduceOps.java:913)
	at java.base/java.util.stream.AbstractPipeline.evaluate(AbstractPipeline.java:234)
	at java.base/java.util.stream.ReferencePipeline.collect(ReferencePipeline.java:578)
	at de.uka.ilkd.key.nparser.builder.AbstractBuilder.mapOf(AbstractBuilder.java:112)
	at de.uka.ilkd.key.nparser.builder.IncludeFinder.visitOne_include_statement(IncludeFinder.java:35)
	at de.uka.ilkd.key.nparser.builder.IncludeFinder.visitOne_include_statement(IncludeFinder.java:20)
	at de.uka.ilkd.key.nparser.KeYParser$One_include_statementContext.accept(KeYParser.java:802)
	at org.antlr.v4.runtime.tree.AbstractParseTreeVisitor.visitChildren(AbstractParseTreeVisitor.java:46)
	at de.uka.ilkd.key.nparser.KeYParserBaseVisitor.visitDecls(KeYParserBaseVisitor.java:30)
	at de.uka.ilkd.key.nparser.KeYParser$DeclsContext.accept(KeYParser.java:500)
	at org.antlr.v4.runtime.tree.AbstractParseTreeVisitor.visitChildren(AbstractParseTreeVisitor.java:46)
	at de.uka.ilkd.key.nparser.KeYParserBaseVisitor.visitFile(KeYParserBaseVisitor.java:23)
	at de.uka.ilkd.key.nparser.KeYParser$FileContext.accept(KeYParser.java:306)
	at de.uka.ilkd.key.nparser.KeyAst.accept(KeyAst.java:41)
	at de.uka.ilkd.key.nparser.KeyAst$File.getIncludes(KeyAst.java:76)
	at de.uka.ilkd.key.proof.io.KeYFile.readIncludes(KeYFile.java:208)
	... 14 more
Could not find rule file rules/intRulesCheckedSemantics.key (file: /home/runner/work/key/key/key.core/../key.ui/examples/index/.././heap/observer/ExampleSubject_addObserver.key; caused by: de.uka.ilkd.key.proof.init.ProofInputException: Could not find rule file rules/intRulesCheckedSemantics.key)
	at de.uka.ilkd.key.control.AbstractUserInterfaceControl.load(AbstractUserInterfaceControl.java:221)
	at de.uka.ilkd.key.control.KeYEnvironment.load(KeYEnvironment.java:251)
	at de.uka.ilkd.key.control.KeYEnvironment.load(KeYEnvironment.java:224)
	at de.uka.ilkd.key.control.KeYEnvironment.load(KeYEnvironment.java:184)
	at de.uka.ilkd.key.control.KeYEnvironment.load(KeYEnvironment.java:261)
	at de.uka.ilkd.key.proof.runallproofs.proofcollection.TestFile.load(TestFile.java:270)
	at de.uka.ilkd.key.proof.runallproofs.proofcollection.TestFile.runKey(TestFile.java:160)
	at de.uka.ilkd.key.proof.runallproofs.proofcollection.ForkedTestFileRunner.main(ForkedTestFileRunner.java:171)
Caused by: de.uka.ilkd.key.proof.init.ProofInputException: Could not find rule file rules/intRulesCheckedSemantics.key
	at de.uka.ilkd.key.proof.io.KeYFile.readIncludes(KeYFile.java:210)
	at de.uka.ilkd.key.proof.init.ProblemInitializer.readIncludes(ProblemInitializer.java:177)
	at de.uka.ilkd.key.proof.init.ProblemInitializer.readEnvInput(ProblemInitializer.java:325)
	at de.uka.ilkd.key.proof.init.ProblemInitializer.prepare(ProblemInitializer.java:449)
	at de.uka.ilkd.key.proof.io.AbstractProblemLoader.createInitConfig(AbstractProblemLoader.java:518)
	at de.uka.ilkd.key.proof.io.AbstractProblemLoader.loadEnvironment(AbstractProblemLoader.java:288)
	at de.uka.ilkd.key.proof.io.AbstractProblemLoader.load(AbstractProblemLoader.java:252)
	at de.uka.ilkd.key.control.AbstractUserInterfaceControl.load(AbstractUserInterfaceControl.java:209)
	... 7 more
Caused by: java.lang.RuntimeException: Could not find rule file rules/intRulesCheckedSemantics.key
	at de.uka.ilkd.key.proof.io.RuleSourceFactory.fromBuiltInRule(RuleSourceFactory.java:32)
	at de.uka.ilkd.key.proof.io.RuleSourceFactory.fromDefaultLocation(RuleSourceFactory.java:21)
	at de.uka.ilkd.key.nparser.builder.IncludeFinder.addInclude(IncludeFinder.java:63)
	at de.uka.ilkd.key.nparser.builder.IncludeFinder.visitOne_include(IncludeFinder.java:43)
	at de.uka.ilkd.key.nparser.builder.IncludeFinder.visitOne_include(IncludeFinder.java:20)
	at de.uka.ilkd.key.nparser.KeYParser$One_includeContext.accept(KeYParser.java:878)
	at de.uka.ilkd.key.nparser.builder.AbstractBuilder.lambda$mapOf$0(AbstractBuilder.java:112)
	at java.base/java.util.stream.ReferencePipeline$3$1.accept(ReferencePipeline.java:195)
	at java.base/java.util.ArrayList$ArrayListSpliterator.forEachRemaining(ArrayList.java:1655)
	at java.base/java.util.stream.AbstractPipeline.copyInto(AbstractPipeline.java:484)
	at java.base/java.util.stream.AbstractPipeline.wrapAndCopyInto(AbstractPipeline.java:474)
	at java.base/java.util.stream.ReduceOps$ReduceOp.evaluateSequential(ReduceOps.java:913)
	at java.base/java.util.stream.AbstractPipeline.evaluate(AbstractPipeline.java:234)
	at java.base/java.util.stream.ReferencePipeline.collect(ReferencePipeline.java:578)
	at de.uka.ilkd.key.nparser.builder.AbstractBuilder.mapOf(AbstractBuilder.java:112)
	at de.uka.ilkd.key.nparser.builder.IncludeFinder.visitOne_include_statement(IncludeFinder.java:35)
	at de.uka.ilkd.key.nparser.builder.IncludeFinder.visitOne_include_statement(IncludeFinder.java:20)
	at de.uka.ilkd.key.nparser.KeYParser$One_include_statementContext.accept(KeYParser.java:802)
	at org.antlr.v4.runtime.tree.AbstractParseTreeVisitor.visitChildren(AbstractParseTreeVisitor.java:46)
	at de.uka.ilkd.key.nparser.KeYParserBaseVisitor.visitDecls(KeYParserBaseVisitor.java:30)
	at de.uka.ilkd.key.nparser.KeYParser$DeclsContext.accept(KeYParser.java:500)
	at org.antlr.v4.runtime.tree.AbstractParseTreeVisitor.visitChildren(AbstractParseTreeVisitor.java:46)
	at de.uka.ilkd.key.nparser.KeYParserBaseVisitor.visitFile(KeYParserBaseVisitor.java:23)
	at de.uka.ilkd.key.nparser.KeYParser$FileContext.accept(KeYParser.java:306)
	at de.uka.ilkd.key.nparser.KeyAst.accept(KeyAst.java:41)
	at de.uka.ilkd.key.nparser.KeyAst$File.getIncludes(KeyAst.java:76)
	at de.uka.ilkd.key.proof.io.KeYFile.readIncludes(KeYFile.java:208)
	... 14 more
Could not find rule file rules/intRulesCheckedSemantics.key (file: /home/runner/work/key/key/key.core/../key.ui/examples/index/.././heap/observer/ExampleSubject_change.key; caused by: de.uka.ilkd.key.proof.init.ProofInputException: Could not find rule file rules/intRulesCheckedSemantics.key)
	at de.uka.ilkd.key.control.AbstractUserInterfaceControl.load(AbstractUserInterfaceControl.java:221)
	at de.uka.ilkd.key.control.KeYEnvironment.load(KeYEnvironment.java:251)
	at de.uka.ilkd.key.control.KeYEnvironment.load(KeYEnvironment.java:224)
	at de.uka.ilkd.key.control.KeYEnvironment.load(KeYEnvironment.java:184)
	at de.uka.ilkd.key.control.KeYEnvironment.load(KeYEnvironment.java:261)
	at de.uka.ilkd.key.proof.runallproofs.proofcollection.TestFile.load(TestFile.java:270)
	at de.uka.ilkd.key.proof.runallproofs.proofcollection.TestFile.runKey(TestFile.java:160)
	at de.uka.ilkd.key.proof.runallproofs.proofcollection.ForkedTestFileRunner.main(ForkedTestFileRunner.java:171)
Caused by: de.uka.ilkd.key.proof.init.ProofInputException: Could not find rule file rules/intRulesCheckedSemantics.key
	at de.uka.ilkd.key.proof.io.KeYFile.readIncludes(KeYFile.java:210)
	at de.uka.ilkd.key.proof.init.ProblemInitializer.readIncludes(ProblemInitializer.java:177)
	at de.uka.ilkd.key.proof.init.ProblemInitializer.readEnvInput(ProblemInitializer.java:325)
	at de.uka.ilkd.key.proof.init.ProblemInitializer.prepare(ProblemInitializer.java:449)
	at de.uka.ilkd.key.proof.io.AbstractProblemLoader.createInitConfig(AbstractProblemLoader.java:518)
	at de.uka.ilkd.key.proof.io.AbstractProblemLoader.loadEnvironment(AbstractProblemLoader.java:288)
	at de.uka.ilkd.key.proof.io.AbstractProblemLoader.load(AbstractProblemLoader.java:252)
	at de.uka.ilkd.key.control.AbstractUserInterfaceControl.load(AbstractUserInterfaceControl.java:209)
	... 7 more
Caused by: java.lang.RuntimeException: Could not find rule file rules/intRulesCheckedSemantics.key
	at de.uka.ilkd.key.proof.io.RuleSourceFactory.fromBuiltInRule(RuleSourceFactory.java:32)
	at de.uka.ilkd.key.proof.io.RuleSourceFactory.fromDefaultLocation(RuleSourceFactory.java:21)
	at de.uka.ilkd.key.nparser.builder.IncludeFinder.addInclude(IncludeFinder.java:63)
	at de.uka.ilkd.key.nparser.builder.IncludeFinder.visitOne_include(IncludeFinder.java:43)
	at de.uka.ilkd.key.nparser.builder.IncludeFinder.visitOne_include(IncludeFinder.java:20)
	at de.uka.ilkd.key.nparser.KeYParser$One_includeContext.accept(KeYParser.java:878)
	at de.uka.ilkd.key.nparser.builder.AbstractBuilder.lambda$mapOf$0(AbstractBuilder.java:112)
	at java.base/java.util.stream.ReferencePipeline$3$1.accept(ReferencePipeline.java:195)
	at java.base/java.util.ArrayList$ArrayListSpliterator.forEachRemaining(ArrayList.java:1655)
	at java.base/java.util.stream.AbstractPipeline.copyInto(AbstractPipeline.java:484)
	at java.base/java.util.stream.AbstractPipeline.wrapAndCopyInto(AbstractPipeline.java:474)
	at java.base/java.util.stream.ReduceOps$ReduceOp.evaluateSequential(ReduceOps.java:913)
	at java.base/java.util.stream.AbstractPipeline.evaluate(AbstractPipeline.java:234)
	at java.base/java.util.stream.ReferencePipeline.collect(ReferencePipeline.java:578)
	at de.uka.ilkd.key.nparser.builder.AbstractBuilder.mapOf(AbstractBuilder.java:112)
	at de.uka.ilkd.key.nparser.builder.IncludeFinder.visitOne_include_statement(IncludeFinder.java:35)
	at de.uka.ilkd.key.nparser.builder.IncludeFinder.visitOne_include_statement(IncludeFinder.java:20)
	at de.uka.ilkd.key.nparser.KeYParser$One_include_statementContext.accept(KeYParser.java:802)
	at org.antlr.v4.runtime.tree.AbstractParseTreeVisitor.visitChildren(AbstractParseTreeVisitor.java:46)
	at de.uka.ilkd.key.nparser.KeYParserBaseVisitor.visitDecls(KeYParserBaseVisitor.java:30)
	at de.uka.ilkd.key.nparser.KeYParser$DeclsContext.accept(KeYParser.java:500)
	at org.antlr.v4.runtime.tree.AbstractParseTreeVisitor.visitChildren(AbstractParseTreeVisitor.java:46)
	at de.uka.ilkd.key.nparser.KeYParserBaseVisitor.visitFile(KeYParserBaseVisitor.java:23)
	at de.uka.ilkd.key.nparser.KeYParser$FileContext.accept(KeYParser.java:306)
	at de.uka.ilkd.key.nparser.KeyAst.accept(KeyAst.java:41)
	at de.uka.ilkd.key.nparser.KeyAst$File.getIncludes(KeyAst.java:76)
	at de.uka.ilkd.key.proof.io.KeYFile.readIncludes(KeYFile.java:208)
	... 14 more
Could not find rule file rules/intRulesCheckedSemantics.key (file: /home/runner/work/key/key/key.core/../key.ui/examples/index/.././heap/observer/ExampleSubject_ExampleSubject.key; caused by: de.uka.ilkd.key.proof.init.ProofInputException: Could not find rule file rules/intRulesCheckedSemantics.key)
	at de.uka.ilkd.key.control.AbstractUserInterfaceControl.load(AbstractUserInterfaceControl.java:221)
	at de.uka.ilkd.key.control.KeYEnvironment.load(KeYEnvironment.java:251)
	at de.uka.ilkd.key.control.KeYEnvironment.load(KeYEnvironment.java:224)
	at de.uka.ilkd.key.control.KeYEnvironment.load(KeYEnvironment.java:184)
	at de.uka.ilkd.key.control.KeYEnvironment.load(KeYEnvironment.java:261)
	at de.uka.ilkd.key.proof.runallproofs.proofcollection.TestFile.load(TestFile.java:270)
	at de.uka.ilkd.key.proof.runallproofs.proofcollection.TestFile.runKey(TestFile.java:160)
	at de.uka.ilkd.key.proof.runallproofs.proofcollection.ForkedTestFileRunner.main(ForkedTestFileRunner.java:171)
Caused by: de.uka.ilkd.key.proof.init.ProofInputException: Could not find rule file rules/intRulesCheckedSemantics.key
	at de.uka.ilkd.key.proof.io.KeYFile.readIncludes(KeYFile.java:210)
	at de.uka.ilkd.key.proof.init.ProblemInitializer.readIncludes(ProblemInitializer.java:177)
	at de.uka.ilkd.key.proof.init.ProblemInitializer.readEnvInput(ProblemInitializer.java:325)
	at de.uka.ilkd.key.proof.init.ProblemInitializer.prepare(ProblemInitializer.java:449)
	at de.uka.ilkd.key.proof.io.AbstractProblemLoader.createInitConfig(AbstractProblemLoader.java:518)
	at de.uka.ilkd.key.proof.io.AbstractProblemLoader.loadEnvironment(AbstractProblemLoader.java:288)
	at de.uka.ilkd.key.proof.io.AbstractProblemLoader.load(AbstractProblemLoader.java:252)
	at de.uka.ilkd.key.control.AbstractUserInterfaceControl.load(AbstractUserInterfaceControl.java:209)
	... 7 more
Caused by: java.lang.RuntimeException: Could not find rule file rules/intRulesCheckedSemantics.key
	at de.uka.ilkd.key.proof.io.RuleSourceFactory.fromBuiltInRule(RuleSourceFactory.java:32)
	at de.uka.ilkd.key.proof.io.RuleSourceFactory.fromDefaultLocation(RuleSourceFactory.java:21)
	at de.uka.ilkd.key.nparser.builder.IncludeFinder.addInclude(IncludeFinder.java:63)
	at de.uka.ilkd.key.nparser.builder.IncludeFinder.visitOne_include(IncludeFinder.java:43)
	at de.uka.ilkd.key.nparser.builder.IncludeFinder.visitOne_include(IncludeFinder.java:20)
	at de.uka.ilkd.key.nparser.KeYParser$One_includeContext.accept(KeYParser.java:878)
	at de.uka.ilkd.key.nparser.builder.AbstractBuilder.lambda$mapOf$0(AbstractBuilder.java:112)
	at java.base/java.util.stream.ReferencePipeline$3$1.accept(ReferencePipeline.java:195)
	at java.base/java.util.ArrayList$ArrayListSpliterator.forEachRemaining(ArrayList.java:1655)
	at java.base/java.util.stream.AbstractPipeline.copyInto(AbstractPipeline.java:484)
	at java.base/java.util.stream.AbstractPipeline.wrapAndCopyInto(AbstractPipeline.java:474)
	at java.base/java.util.stream.ReduceOps$ReduceOp.evaluateSequential(ReduceOps.java:913)
	at java.base/java.util.stream.AbstractPipeline.evaluate(AbstractPipeline.java:234)
	at java.base/java.util.stream.ReferencePipeline.collect(ReferencePipeline.java:578)
	at de.uka.ilkd.key.nparser.builder.AbstractBuilder.mapOf(AbstractBuilder.java:112)
	at de.uka.ilkd.key.nparser.builder.IncludeFinder.visitOne_include_statement(IncludeFinder.java:35)
	at de.uka.ilkd.key.nparser.builder.IncludeFinder.visitOne_include_statement(IncludeFinder.java:20)
	at de.uka.ilkd.key.nparser.KeYParser$One_include_statementContext.accept(KeYParser.java:802)
	at org.antlr.v4.runtime.tree.AbstractParseTreeVisitor.visitChildren(AbstractParseTreeVisitor.java:46)
	at de.uka.ilkd.key.nparser.KeYParserBaseVisitor.visitDecls(KeYParserBaseVisitor.java:30)
	at de.uka.ilkd.key.nparser.KeYParser$DeclsContext.accept(KeYParser.java:500)
	at org.antlr.v4.runtime.tree.AbstractParseTreeVisitor.visitChildren(AbstractParseTreeVisitor.java:46)
	at de.uka.ilkd.key.nparser.KeYParserBaseVisitor.visitFile(KeYParserBaseVisitor.java:23)
	at de.uka.ilkd.key.nparser.KeYParser$FileContext.accept(KeYParser.java:306)
	at de.uka.ilkd.key.nparser.KeyAst.accept(KeyAst.java:41)
	at de.uka.ilkd.key.nparser.KeyAst$File.getIncludes(KeyAst.java:76)
	at de.uka.ilkd.key.proof.io.KeYFile.readIncludes(KeYFile.java:208)
	... 14 more
Could not find rule file rules/intRulesCheckedSemantics.key (file: /home/runner/work/key/key/key.core/../key.ui/examples/index/.././heap/observer/ExampleSubject_footprint.key; caused by: de.uka.ilkd.key.proof.init.ProofInputException: Could not find rule file rules/intRulesCheckedSemantics.key)
	at de.uka.ilkd.key.control.AbstractUserInterfaceControl.load(AbstractUserInterfaceControl.java:221)
	at de.uka.ilkd.key.control.KeYEnvironment.load(KeYEnvironment.java:251)
	at de.uka.ilkd.key.control.KeYEnvironment.load(KeYEnvironment.java:224)
	at de.uka.ilkd.key.control.KeYEnvironment.load(KeYEnvironment.java:184)
	at de.uka.ilkd.key.control.KeYEnvironment.load(KeYEnvironment.java:261)
	at de.uka.ilkd.key.proof.runallproofs.proofcollection.TestFile.load(TestFile.java:270)
	at de.uka.ilkd.key.proof.runallproofs.proofcollection.TestFile.runKey(TestFile.java:160)
	at de.uka.ilkd.key.proof.runallproofs.proofcollection.ForkedTestFileRunner.main(ForkedTestFileRunner.java:171)
Caused by: de.uka.ilkd.key.proof.init.ProofInputException: Could not find rule file rules/intRulesCheckedSemantics.key
	at de.uka.ilkd.key.proof.io.KeYFile.readIncludes(KeYFile.java:210)
	at de.uka.ilkd.key.proof.init.ProblemInitializer.readIncludes(ProblemInitializer.java:177)
	at de.uka.ilkd.key.proof.init.ProblemInitializer.readEnvInput(ProblemInitializer.java:325)
	at de.uka.ilkd.key.proof.init.ProblemInitializer.prepare(ProblemInitializer.java:449)
	at de.uka.ilkd.key.proof.io.AbstractProblemLoader.createInitConfig(AbstractProblemLoader.java:518)
	at de.uka.ilkd.key.proof.io.AbstractProblemLoader.loadEnvironment(AbstractProblemLoader.java:288)
	at de.uka.ilkd.key.proof.io.AbstractProblemLoader.load(AbstractProblemLoader.java:252)
	at de.uka.ilkd.key.control.AbstractUserInterfaceControl.load(AbstractUserInterfaceControl.java:209)
	... 7 more
Caused by: java.lang.RuntimeException: Could not find rule file rules/intRulesCheckedSemantics.key
	at de.uka.ilkd.key.proof.io.RuleSourceFactory.fromBuiltInRule(RuleSourceFactory.java:32)
	at de.uka.ilkd.key.proof.io.RuleSourceFactory.fromDefaultLocation(RuleSourceFactory.java:21)
	at de.uka.ilkd.key.nparser.builder.IncludeFinder.addInclude(IncludeFinder.java:63)
	at de.uka.ilkd.key.nparser.builder.IncludeFinder.visitOne_include(IncludeFinder.java:43)
	at de.uka.ilkd.key.nparser.builder.IncludeFinder.visitOne_include(IncludeFinder.java:20)
	at de.uka.ilkd.key.nparser.KeYParser$One_includeContext.accept(KeYParser.java:878)
	at de.uka.ilkd.key.nparser.builder.AbstractBuilder.lambda$mapOf$0(AbstractBuilder.java:112)
	at java.base/java.util.stream.ReferencePipeline$3$1.accept(ReferencePipeline.java:195)
	at java.base/java.util.ArrayList$ArrayListSpliterator.forEachRemaining(ArrayList.java:1655)
	at java.base/java.util.stream.AbstractPipeline.copyInto(AbstractPipeline.java:484)
	at java.base/java.util.stream.AbstractPipeline.wrapAndCopyInto(AbstractPipeline.java:474)
	at java.base/java.util.stream.ReduceOps$ReduceOp.evaluateSequential(ReduceOps.java:913)
	at java.base/java.util.stream.AbstractPipeline.evaluate(AbstractPipeline.java:234)
	at java.base/java.util.stream.ReferencePipeline.collect(ReferencePipeline.java:578)
	at de.uka.ilkd.key.nparser.builder.AbstractBuilder.mapOf(AbstractBuilder.java:112)
	at de.uka.ilkd.key.nparser.builder.IncludeFinder.visitOne_include_statement(IncludeFinder.java:35)
	at de.uka.ilkd.key.nparser.builder.IncludeFinder.visitOne_include_statement(IncludeFinder.java:20)
	at de.uka.ilkd.key.nparser.KeYParser$One_include_statementContext.accept(KeYParser.java:802)
	at org.antlr.v4.runtime.tree.AbstractParseTreeVisitor.visitChildren(AbstractParseTreeVisitor.java:46)
	at de.uka.ilkd.key.nparser.KeYParserBaseVisitor.visitDecls(KeYParserBaseVisitor.java:30)
	at de.uka.ilkd.key.nparser.KeYParser$DeclsContext.accept(KeYParser.java:500)
	at org.antlr.v4.runtime.tree.AbstractParseTreeVisitor.visitChildren(AbstractParseTreeVisitor.java:46)
	at de.uka.ilkd.key.nparser.KeYParserBaseVisitor.visitFile(KeYParserBaseVisitor.java:23)
	at de.uka.ilkd.key.nparser.KeYParser$FileContext.accept(KeYParser.java:306)
	at de.uka.ilkd.key.nparser.KeyAst.accept(KeyAst.java:41)
	at de.uka.ilkd.key.nparser.KeyAst$File.getIncludes(KeyAst.java:76)
	at de.uka.ilkd.key.proof.io.KeYFile.readIncludes(KeYFile.java:208)
	... 14 more
Could not find rule file rules/intRulesCheckedSemantics.key (file: /home/runner/work/key/key/key.core/../key.ui/examples/index/.././heap/observer/ExampleSubject_inv.key; caused by: de.uka.ilkd.key.proof.init.ProofInputException: Could not find rule file rules/intRulesCheckedSemantics.key)
	at de.uka.ilkd.key.control.AbstractUserInterfaceControl.load(AbstractUserInterfaceControl.java:221)
	at de.uka.ilkd.key.control.KeYEnvironment.load(KeYEnvironment.java:251)
	at de.uka.ilkd.key.control.KeYEnvironment.load(KeYEnvironment.java:224)
	at de.uka.ilkd.key.control.KeYEnvironment.load(KeYEnvironment.java:184)
	at de.uka.ilkd.key.control.KeYEnvironment.load(KeYEnvironment.java:261)
	at de.uka.ilkd.key.proof.runallproofs.proofcollection.TestFile.load(TestFile.java:270)
	at de.uka.ilkd.key.proof.runallproofs.proofcollection.TestFile.runKey(TestFile.java:160)
	at de.uka.ilkd.key.proof.runallproofs.proofcollection.ForkedTestFileRunner.main(ForkedTestFileRunner.java:171)
Caused by: de.uka.ilkd.key.proof.init.ProofInputException: Could not find rule file rules/intRulesCheckedSemantics.key
	at de.uka.ilkd.key.proof.io.KeYFile.readIncludes(KeYFile.java:210)
	at de.uka.ilkd.key.proof.init.ProblemInitializer.readIncludes(ProblemInitializer.java:177)
	at de.uka.ilkd.key.proof.init.ProblemInitializer.readEnvInput(ProblemInitializer.java:325)
	at de.uka.ilkd.key.proof.init.ProblemInitializer.prepare(ProblemInitializer.java:449)
	at de.uka.ilkd.key.proof.io.AbstractProblemLoader.createInitConfig(AbstractProblemLoader.java:518)
	at de.uka.ilkd.key.proof.io.AbstractProblemLoader.loadEnvironment(AbstractProblemLoader.java:288)
	at de.uka.ilkd.key.proof.io.AbstractProblemLoader.load(AbstractProblemLoader.java:252)
	at de.uka.ilkd.key.control.AbstractUserInterfaceControl.load(AbstractUserInterfaceControl.java:209)
	... 7 more
Caused by: java.lang.RuntimeException: Could not find rule file rules/intRulesCheckedSemantics.key
	at de.uka.ilkd.key.proof.io.RuleSourceFactory.fromBuiltInRule(RuleSourceFactory.java:32)
	at de.uka.ilkd.key.proof.io.RuleSourceFactory.fromDefaultLocation(RuleSourceFactory.java:21)
	at de.uka.ilkd.key.nparser.builder.IncludeFinder.addInclude(IncludeFinder.java:63)
	at de.uka.ilkd.key.nparser.builder.IncludeFinder.visitOne_include(IncludeFinder.java:43)
	at de.uka.ilkd.key.nparser.builder.IncludeFinder.visitOne_include(IncludeFinder.java:20)
	at de.uka.ilkd.key.nparser.KeYParser$One_includeContext.accept(KeYParser.java:878)
	at de.uka.ilkd.key.nparser.builder.AbstractBuilder.lambda$mapOf$0(AbstractBuilder.java:112)
	at java.base/java.util.stream.ReferencePipeline$3$1.accept(ReferencePipeline.java:195)
	at java.base/java.util.ArrayList$ArrayListSpliterator.forEachRemaining(ArrayList.java:1655)
	at java.base/java.util.stream.AbstractPipeline.copyInto(AbstractPipeline.java:484)
	at java.base/java.util.stream.AbstractPipeline.wrapAndCopyInto(AbstractPipeline.java:474)
	at java.base/java.util.stream.ReduceOps$ReduceOp.evaluateSequential(ReduceOps.java:913)
	at java.base/java.util.stream.AbstractPipeline.evaluate(AbstractPipeline.java:234)
	at java.base/java.util.stream.ReferencePipeline.collect(ReferencePipeline.java:578)
	at de.uka.ilkd.key.nparser.builder.AbstractBuilder.mapOf(AbstractBuilder.java:112)
	at de.uka.ilkd.key.nparser.builder.IncludeFinder.visitOne_include_statement(IncludeFinder.java:35)
	at de.uka.ilkd.key.nparser.builder.IncludeFinder.visitOne_include_statement(IncludeFinder.java:20)
	at de.uka.ilkd.key.nparser.KeYParser$One_include_statementContext.accept(KeYParser.java:802)
	at org.antlr.v4.runtime.tree.AbstractParseTreeVisitor.visitChildren(AbstractParseTreeVisitor.java:46)
	at de.uka.ilkd.key.nparser.KeYParserBaseVisitor.visitDecls(KeYParserBaseVisitor.java:30)
	at de.uka.ilkd.key.nparser.KeYParser$DeclsContext.accept(KeYParser.java:500)
	at org.antlr.v4.runtime.tree.AbstractParseTreeVisitor.visitChildren(AbstractParseTreeVisitor.java:46)
	at de.uka.ilkd.key.nparser.KeYParserBaseVisitor.visitFile(KeYParserBaseVisitor.java:23)
	at de.uka.ilkd.key.nparser.KeYParser$FileContext.accept(KeYParser.java:306)
	at de.uka.ilkd.key.nparser.KeyAst.accept(KeyAst.java:41)
	at de.uka.ilkd.key.nparser.KeyAst$File.getIncludes(KeyAst.java:76)
	at de.uka.ilkd.key.proof.io.KeYFile.readIncludes(KeYFile.java:208)
	... 14 more
Could not find rule file rules/intRulesCheckedSemantics.key (file: /home/runner/work/key/key/key.core/../key.ui/examples/index/.././heap/observer/ExampleSubject_notifyObservers.key; caused by: de.uka.ilkd.key.proof.init.ProofInputException: Could not find rule file rules/intRulesCheckedSemantics.key)
	at de.uka.ilkd.key.control.AbstractUserInterfaceControl.load(AbstractUserInterfaceControl.java:221)
	at de.uka.ilkd.key.control.KeYEnvironment.load(KeYEnvironment.java:251)
	at de.uka.ilkd.key.control.KeYEnvironment.load(KeYEnvironment.java:224)
	at de.uka.ilkd.key.control.KeYEnvironment.load(KeYEnvironment.java:184)
	at de.uka.ilkd.key.control.KeYEnvironment.load(KeYEnvironment.java:261)
	at de.uka.ilkd.key.proof.runallproofs.proofcollection.TestFile.load(TestFile.java:270)
	at de.uka.ilkd.key.proof.runallproofs.proofcollection.TestFile.runKey(TestFile.java:160)
	at de.uka.ilkd.key.proof.runallproofs.proofcollection.ForkedTestFileRunner.main(ForkedTestFileRunner.java:171)
Caused by: de.uka.ilkd.key.proof.init.ProofInputException: Could not find rule file rules/intRulesCheckedSemantics.key
	at de.uka.ilkd.key.proof.io.KeYFile.readIncludes(KeYFile.java:210)
	at de.uka.ilkd.key.proof.init.ProblemInitializer.readIncludes(ProblemInitializer.java:177)
	at de.uka.ilkd.key.proof.init.ProblemInitializer.readEnvInput(ProblemInitializer.java:325)
	at de.uka.ilkd.key.proof.init.ProblemInitializer.prepare(ProblemInitializer.java:449)
	at de.uka.ilkd.key.proof.io.AbstractProblemLoader.createInitConfig(AbstractProblemLoader.java:518)
	at de.uka.ilkd.key.proof.io.AbstractProblemLoader.loadEnvironment(AbstractProblemLoader.java:288)
	at de.uka.ilkd.key.proof.io.AbstractProblemLoader.load(AbstractProblemLoader.java:252)
	at de.uka.ilkd.key.control.AbstractUserInterfaceControl.load(AbstractUserInterfaceControl.java:209)
	... 7 more
Caused by: java.lang.RuntimeException: Could not find rule file rules/intRulesCheckedSemantics.key
	at de.uka.ilkd.key.proof.io.RuleSourceFactory.fromBuiltInRule(RuleSourceFactory.java:32)
	at de.uka.ilkd.key.proof.io.RuleSourceFactory.fromDefaultLocation(RuleSourceFactory.java:21)
	at de.uka.ilkd.key.nparser.builder.IncludeFinder.addInclude(IncludeFinder.java:63)
	at de.uka.ilkd.key.nparser.builder.IncludeFinder.visitOne_include(IncludeFinder.java:43)
	at de.uka.ilkd.key.nparser.builder.IncludeFinder.visitOne_include(IncludeFinder.java:20)
	at de.uka.ilkd.key.nparser.KeYParser$One_includeContext.accept(KeYParser.java:878)
	at de.uka.ilkd.key.nparser.builder.AbstractBuilder.lambda$mapOf$0(AbstractBuilder.java:112)
	at java.base/java.util.stream.ReferencePipeline$3$1.accept(ReferencePipeline.java:195)
	at java.base/java.util.ArrayList$ArrayListSpliterator.forEachRemaining(ArrayList.java:1655)
	at java.base/java.util.stream.AbstractPipeline.copyInto(AbstractPipeline.java:484)
	at java.base/java.util.stream.AbstractPipeline.wrapAndCopyInto(AbstractPipeline.java:474)
	at java.base/java.util.stream.ReduceOps$ReduceOp.evaluateSequential(ReduceOps.java:913)
	at java.base/java.util.stream.AbstractPipeline.evaluate(AbstractPipeline.java:234)
	at java.base/java.util.stream.ReferencePipeline.collect(ReferencePipeline.java:578)
	at de.uka.ilkd.key.nparser.builder.AbstractBuilder.mapOf(AbstractBuilder.java:112)
	at de.uka.ilkd.key.nparser.builder.IncludeFinder.visitOne_include_statement(IncludeFinder.java:35)
	at de.uka.ilkd.key.nparser.builder.IncludeFinder.visitOne_include_statement(IncludeFinder.java:20)
	at de.uka.ilkd.key.nparser.KeYParser$One_include_statementContext.accept(KeYParser.java:802)
	at org.antlr.v4.runtime.tree.AbstractParseTreeVisitor.visitChildren(AbstractParseTreeVisitor.java:46)
	at de.uka.ilkd.key.nparser.KeYParserBaseVisitor.visitDecls(KeYParserBaseVisitor.java:30)
	at de.uka.ilkd.key.nparser.KeYParser$DeclsContext.accept(KeYParser.java:500)
	at org.antlr.v4.runtime.tree.AbstractParseTreeVisitor.visitChildren(AbstractParseTreeVisitor.java:46)
	at de.uka.ilkd.key.nparser.KeYParserBaseVisitor.visitFile(KeYParserBaseVisitor.java:23)
	at de.uka.ilkd.key.nparser.KeYParser$FileContext.accept(KeYParser.java:306)
	at de.uka.ilkd.key.nparser.KeyAst.accept(KeyAst.java:41)
	at de.uka.ilkd.key.nparser.KeyAst$File.getIncludes(KeyAst.java:76)
	at de.uka.ilkd.key.proof.io.KeYFile.readIncludes(KeYFile.java:208)
	... 14 more
Could not find rule file rules/intRulesCheckedSemantics.key (file: /home/runner/work/key/key/key.core/../key.ui/examples/index/.././heap/observer/ExampleSubject_value_dep.key; caused by: de.uka.ilkd.key.proof.init.ProofInputException: Could not find rule file rules/intRulesCheckedSemantics.key)
	at de.uka.ilkd.key.control.AbstractUserInterfaceControl.load(AbstractUserInterfaceControl.java:221)
	at de.uka.ilkd.key.control.KeYEnvironment.load(KeYEnvironment.java:251)
	at de.uka.ilkd.key.control.KeYEnvironment.load(KeYEnvironment.java:224)
	at de.uka.ilkd.key.control.KeYEnvironment.load(KeYEnvironment.java:184)
	at de.uka.ilkd.key.control.KeYEnvironment.load(KeYEnvironment.java:261)
	at de.uka.ilkd.key.proof.runallproofs.proofcollection.TestFile.load(TestFile.java:270)
	at de.uka.ilkd.key.proof.runallproofs.proofcollection.TestFile.runKey(TestFile.java:160)
	at de.uka.ilkd.key.proof.runallproofs.proofcollection.ForkedTestFileRunner.main(ForkedTestFileRunner.java:171)
Caused by: de.uka.ilkd.key.proof.init.ProofInputException: Could not find rule file rules/intRulesCheckedSemantics.key
	at de.uka.ilkd.key.proof.io.KeYFile.readIncludes(KeYFile.java:210)
	at de.uka.ilkd.key.proof.init.ProblemInitializer.readIncludes(ProblemInitializer.java:177)
	at de.uka.ilkd.key.proof.init.ProblemInitializer.readEnvInput(ProblemInitializer.java:325)
	at de.uka.ilkd.key.proof.init.ProblemInitializer.prepare(ProblemInitializer.java:449)
	at de.uka.ilkd.key.proof.io.AbstractProblemLoader.createInitConfig(AbstractProblemLoader.java:518)
	at de.uka.ilkd.key.proof.io.AbstractProblemLoader.loadEnvironment(AbstractProblemLoader.java:288)
	at de.uka.ilkd.key.proof.io.AbstractProblemLoader.load(AbstractProblemLoader.java:252)
	at de.uka.ilkd.key.control.AbstractUserInterfaceControl.load(AbstractUserInterfaceControl.java:209)
	... 7 more
Caused by: java.lang.RuntimeException: Could not find rule file rules/intRulesCheckedSemantics.key
	at de.uka.ilkd.key.proof.io.RuleSourceFactory.fromBuiltInRule(RuleSourceFactory.java:32)
	at de.uka.ilkd.key.proof.io.RuleSourceFactory.fromDefaultLocation(RuleSourceFactory.java:21)
	at de.uka.ilkd.key.nparser.builder.IncludeFinder.addInclude(IncludeFinder.java:63)
	at de.uka.ilkd.key.nparser.builder.IncludeFinder.visitOne_include(IncludeFinder.java:43)
	at de.uka.ilkd.key.nparser.builder.IncludeFinder.visitOne_include(IncludeFinder.java:20)
	at de.uka.ilkd.key.nparser.KeYParser$One_includeContext.accept(KeYParser.java:878)
	at de.uka.ilkd.key.nparser.builder.AbstractBuilder.lambda$mapOf$0(AbstractBuilder.java:112)
	at java.base/java.util.stream.ReferencePipeline$3$1.accept(ReferencePipeline.java:195)
	at java.base/java.util.ArrayList$ArrayListSpliterator.forEachRemaining(ArrayList.java:1655)
	at java.base/java.util.stream.AbstractPipeline.copyInto(AbstractPipeline.java:484)
	at java.base/java.util.stream.AbstractPipeline.wrapAndCopyInto(AbstractPipeline.java:474)
	at java.base/java.util.stream.ReduceOps$ReduceOp.evaluateSequential(ReduceOps.java:913)
	at java.base/java.util.stream.AbstractPipeline.evaluate(AbstractPipeline.java:234)
	at java.base/java.util.stream.ReferencePipeline.collect(ReferencePipeline.java:578)
	at de.uka.ilkd.key.nparser.builder.AbstractBuilder.mapOf(AbstractBuilder.java:112)
	at de.uka.ilkd.key.nparser.builder.IncludeFinder.visitOne_include_statement(IncludeFinder.java:35)
	at de.uka.ilkd.key.nparser.builder.IncludeFinder.visitOne_include_statement(IncludeFinder.java:20)
	at de.uka.ilkd.key.nparser.KeYParser$One_include_statementContext.accept(KeYParser.java:802)
	at org.antlr.v4.runtime.tree.AbstractParseTreeVisitor.visitChildren(AbstractParseTreeVisitor.java:46)
	at de.uka.ilkd.key.nparser.KeYParserBaseVisitor.visitDecls(KeYParserBaseVisitor.java:30)
	at de.uka.ilkd.key.nparser.KeYParser$DeclsContext.accept(KeYParser.java:500)
	at org.antlr.v4.runtime.tree.AbstractParseTreeVisitor.visitChildren(AbstractParseTreeVisitor.java:46)
	at de.uka.ilkd.key.nparser.KeYParserBaseVisitor.visitFile(KeYParserBaseVisitor.java:23)
	at de.uka.ilkd.key.nparser.KeYParser$FileContext.accept(KeYParser.java:306)
	at de.uka.ilkd.key.nparser.KeyAst.accept(KeyAst.java:41)
	at de.uka.ilkd.key.nparser.KeyAst$File.getIncludes(KeyAst.java:76)
	at de.uka.ilkd.key.proof.io.KeYFile.readIncludes(KeYFile.java:208)
	... 14 more
Could not find rule file rules/intRulesCheckedSemantics.key (file: /home/runner/work/key/key/key.core/../key.ui/examples/index/.././heap/observer/ExampleSubject_value.key; caused by: de.uka.ilkd.key.proof.init.ProofInputException: Could not find rule file rules/intRulesCheckedSemantics.key)
	at de.uka.ilkd.key.control.AbstractUserInterfaceControl.load(AbstractUserInterfaceControl.java:221)
	at de.uka.ilkd.key.control.KeYEnvironment.load(KeYEnvironment.java:251)
	at de.uka.ilkd.key.control.KeYEnvironment.load(KeYEnvironment.java:224)
	at de.uka.ilkd.key.control.KeYEnvironment.load(KeYEnvironment.java:184)
	at de.uka.ilkd.key.control.KeYEnvironment.load(KeYEnvironment.java:261)
	at de.uka.ilkd.key.proof.runallproofs.proofcollection.TestFile.load(TestFile.java:270)
	at de.uka.ilkd.key.proof.runallproofs.proofcollection.TestFile.runKey(TestFile.java:160)
	at de.uka.ilkd.key.proof.runallproofs.proofcollection.ForkedTestFileRunner.main(ForkedTestFileRunner.java:171)
Caused by: de.uka.ilkd.key.proof.init.ProofInputException: Could not find rule file rules/intRulesCheckedSemantics.key
	at de.uka.ilkd.key.proof.io.KeYFile.readIncludes(KeYFile.java:210)
	at de.uka.ilkd.key.proof.init.ProblemInitializer.readIncludes(ProblemInitializer.java:177)
	at de.uka.ilkd.key.proof.init.ProblemInitializer.readEnvInput(ProblemInitializer.java:325)
	at de.uka.ilkd.key.proof.init.ProblemInitializer.prepare(ProblemInitializer.java:449)
	at de.uka.ilkd.key.proof.io.AbstractProblemLoader.createInitConfig(AbstractProblemLoader.java:518)
	at de.uka.ilkd.key.proof.io.AbstractProblemLoader.loadEnvironment(AbstractProblemLoader.java:288)
	at de.uka.ilkd.key.proof.io.AbstractProblemLoader.load(AbstractProblemLoader.java:252)
	at de.uka.ilkd.key.control.AbstractUserInterfaceControl.load(AbstractUserInterfaceControl.java:209)
	... 7 more
Caused by: java.lang.RuntimeException: Could not find rule file rules/intRulesCheckedSemantics.key
	at de.uka.ilkd.key.proof.io.RuleSourceFactory.fromBuiltInRule(RuleSourceFactory.java:32)
	at de.uka.ilkd.key.proof.io.RuleSourceFactory.fromDefaultLocation(RuleSourceFactory.java:21)
	at de.uka.ilkd.key.nparser.builder.IncludeFinder.addInclude(IncludeFinder.java:63)
	at de.uka.ilkd.key.nparser.builder.IncludeFinder.visitOne_include(IncludeFinder.java:43)
	at de.uka.ilkd.key.nparser.builder.IncludeFinder.visitOne_include(IncludeFinder.java:20)
	at de.uka.ilkd.key.nparser.KeYParser$One_includeContext.accept(KeYParser.java:878)
	at de.uka.ilkd.key.nparser.builder.AbstractBuilder.lambda$mapOf$0(AbstractBuilder.java:112)
	at java.base/java.util.stream.ReferencePipeline$3$1.accept(ReferencePipeline.java:195)
	at java.base/java.util.ArrayList$ArrayListSpliterator.forEachRemaining(ArrayList.java:1655)
	at java.base/java.util.stream.AbstractPipeline.copyInto(AbstractPipeline.java:484)
	at java.base/java.util.stream.AbstractPipeline.wrapAndCopyInto(AbstractPipeline.java:474)
	at java.base/java.util.stream.ReduceOps$ReduceOp.evaluateSequential(ReduceOps.java:913)
	at java.base/java.util.stream.AbstractPipeline.evaluate(AbstractPipeline.java:234)
	at java.base/java.util.stream.ReferencePipeline.collect(ReferencePipeline.java:578)
	at de.uka.ilkd.key.nparser.builder.AbstractBuilder.mapOf(AbstractBuilder.java:112)
	at de.uka.ilkd.key.nparser.builder.IncludeFinder.visitOne_include_statement(IncludeFinder.java:35)
	at de.uka.ilkd.key.nparser.builder.IncludeFinder.visitOne_include_statement(IncludeFinder.java:20)
	at de.uka.ilkd.key.nparser.KeYParser$One_include_statementContext.accept(KeYParser.java:802)
	at org.antlr.v4.runtime.tree.AbstractParseTreeVisitor.visitChildren(AbstractParseTreeVisitor.java:46)
	at de.uka.ilkd.key.nparser.KeYParserBaseVisitor.visitDecls(KeYParserBaseVisitor.java:30)
	at de.uka.ilkd.key.nparser.KeYParser$DeclsContext.accept(KeYParser.java:500)
	at org.antlr.v4.runtime.tree.AbstractParseTreeVisitor.visitChildren(AbstractParseTreeVisitor.java:46)
	at de.uka.ilkd.key.nparser.KeYParserBaseVisitor.visitFile(KeYParserBaseVisitor.java:23)
	at de.uka.ilkd.key.nparser.KeYParser$FileContext.accept(KeYParser.java:306)
	at de.uka.ilkd.key.nparser.KeyAst.accept(KeyAst.java:41)
	at de.uka.ilkd.key.nparser.KeyAst$File.getIncludes(KeyAst.java:76)
	at de.uka.ilkd.key.proof.io.KeYFile.readIncludes(KeYFile.java:208)
	... 14 more
Exception in thread "main" org.opentest4j.AssertionFailedError: Exception during the execution of proofs. See log for more details.
	at org.junit.jupiter.api.AssertionUtils.fail(AssertionUtils.java:39)
	at org.junit.jupiter.api.Assertions.fail(Assertions.java:134)
	at de.uka.ilkd.key.proof.runallproofs.proofcollection.ForkedTestFileRunner.main(ForkedTestFileRunner.java:192)
Timeout watcher launched (2000 secs.)
Could not find rule file rules/intRulesCheckedSemantics.key (file: /home/runner/work/key/key/key.core/../key.ui/examples/index/.././heap/removeDups/arrayPart.key; caused by: de.uka.ilkd.key.proof.init.ProofInputException: Could not find rule file rules/intRulesCheckedSemantics.key)
	at de.uka.ilkd.key.control.AbstractUserInterfaceControl.load(AbstractUserInterfaceControl.java:221)
	at de.uka.ilkd.key.control.KeYEnvironment.load(KeYEnvironment.java:251)
	at de.uka.ilkd.key.control.KeYEnvironment.load(KeYEnvironment.java:224)
	at de.uka.ilkd.key.control.KeYEnvironment.load(KeYEnvironment.java:184)
	at de.uka.ilkd.key.control.KeYEnvironment.load(KeYEnvironment.java:261)
	at de.uka.ilkd.key.proof.runallproofs.proofcollection.TestFile.load(TestFile.java:270)
	at de.uka.ilkd.key.proof.runallproofs.proofcollection.TestFile.runKey(TestFile.java:160)
	at de.uka.ilkd.key.proof.runallproofs.proofcollection.ForkedTestFileRunner.main(ForkedTestFileRunner.java:171)
Caused by: de.uka.ilkd.key.proof.init.ProofInputException: Could not find rule file rules/intRulesCheckedSemantics.key
	at de.uka.ilkd.key.proof.io.KeYFile.readIncludes(KeYFile.java:210)
	at de.uka.ilkd.key.proof.init.ProblemInitializer.readIncludes(ProblemInitializer.java:177)
	at de.uka.ilkd.key.proof.init.ProblemInitializer.readEnvInput(ProblemInitializer.java:325)
	at de.uka.ilkd.key.proof.init.ProblemInitializer.prepare(ProblemInitializer.java:449)
	at de.uka.ilkd.key.proof.io.AbstractProblemLoader.createInitConfig(AbstractProblemLoader.java:518)
	at de.uka.ilkd.key.proof.io.AbstractProblemLoader.loadEnvironment(AbstractProblemLoader.java:288)
	at de.uka.ilkd.key.proof.io.AbstractProblemLoader.load(AbstractProblemLoader.java:252)
	at de.uka.ilkd.key.control.AbstractUserInterfaceControl.load(AbstractUserInterfaceControl.java:209)
	... 7 more
Caused by: java.lang.RuntimeException: Could not find rule file rules/intRulesCheckedSemantics.key
	at de.uka.ilkd.key.proof.io.RuleSourceFactory.fromBuiltInRule(RuleSourceFactory.java:32)
	at de.uka.ilkd.key.proof.io.RuleSourceFactory.fromDefaultLocation(RuleSourceFactory.java:21)
	at de.uka.ilkd.key.nparser.builder.IncludeFinder.addInclude(IncludeFinder.java:63)
	at de.uka.ilkd.key.nparser.builder.IncludeFinder.visitOne_include(IncludeFinder.java:43)
	at de.uka.ilkd.key.nparser.builder.IncludeFinder.visitOne_include(IncludeFinder.java:20)
	at de.uka.ilkd.key.nparser.KeYParser$One_includeContext.accept(KeYParser.java:878)
	at de.uka.ilkd.key.nparser.builder.AbstractBuilder.lambda$mapOf$0(AbstractBuilder.java:112)
	at java.base/java.util.stream.ReferencePipeline$3$1.accept(ReferencePipeline.java:195)
	at java.base/java.util.ArrayList$ArrayListSpliterator.forEachRemaining(ArrayList.java:1655)
	at java.base/java.util.stream.AbstractPipeline.copyInto(AbstractPipeline.java:484)
	at java.base/java.util.stream.AbstractPipeline.wrapAndCopyInto(AbstractPipeline.java:474)
	at java.base/java.util.stream.ReduceOps$ReduceOp.evaluateSequential(ReduceOps.java:913)
	at java.base/java.util.stream.AbstractPipeline.evaluate(AbstractPipeline.java:234)
	at java.base/java.util.stream.ReferencePipeline.collect(ReferencePipeline.java:578)
	at de.uka.ilkd.key.nparser.builder.AbstractBuilder.mapOf(AbstractBuilder.java:112)
	at de.uka.ilkd.key.nparser.builder.IncludeFinder.visitOne_include_statement(IncludeFinder.java:35)
	at de.uka.ilkd.key.nparser.builder.IncludeFinder.visitOne_include_statement(IncludeFinder.java:20)
	at de.uka.ilkd.key.nparser.KeYParser$One_include_statementContext.accept(KeYParser.java:802)
	at org.antlr.v4.runtime.tree.AbstractParseTreeVisitor.visitChildren(AbstractParseTreeVisitor.java:46)
	at de.uka.ilkd.key.nparser.KeYParserBaseVisitor.visitDecls(KeYParserBaseVisitor.java:30)
	at de.uka.ilkd.key.nparser.KeYParser$DeclsContext.accept(KeYParser.java:500)
	at org.antlr.v4.runtime.tree.AbstractParseTreeVisitor.visitChildren(AbstractParseTreeVisitor.java:46)
	at de.uka.ilkd.key.nparser.KeYParserBaseVisitor.visitFile(KeYParserBaseVisitor.java:23)
	at de.uka.ilkd.key.nparser.KeYParser$FileContext.accept(KeYParser.java:306)
	at de.uka.ilkd.key.nparser.KeyAst.accept(KeyAst.java:41)
	at de.uka.ilkd.key.nparser.KeyAst$File.getIncludes(KeyAst.java:76)
	at de.uka.ilkd.key.proof.io.KeYFile.readIncludes(KeYFile.java:208)
	... 14 more
Could not find rule file rules/intRulesCheckedSemantics.key (file: /home/runner/work/key/key/key.core/../key.ui/examples/index/.././heap/removeDups/contains.key; caused by: de.uka.ilkd.key.proof.init.ProofInputException: Could not find rule file rules/intRulesCheckedSemantics.key)
	at de.uka.ilkd.key.control.AbstractUserInterfaceControl.load(AbstractUserInterfaceControl.java:221)
	at de.uka.ilkd.key.control.KeYEnvironment.load(KeYEnvironment.java:251)
	at de.uka.ilkd.key.control.KeYEnvironment.load(KeYEnvironment.java:224)
	at de.uka.ilkd.key.control.KeYEnvironment.load(KeYEnvironment.java:184)
	at de.uka.ilkd.key.control.KeYEnvironment.load(KeYEnvironment.java:261)
	at de.uka.ilkd.key.proof.runallproofs.proofcollection.TestFile.load(TestFile.java:270)
	at de.uka.ilkd.key.proof.runallproofs.proofcollection.TestFile.runKey(TestFile.java:160)
	at de.uka.ilkd.key.proof.runallproofs.proofcollection.ForkedTestFileRunner.main(ForkedTestFileRunner.java:171)
Caused by: de.uka.ilkd.key.proof.init.ProofInputException: Could not find rule file rules/intRulesCheckedSemantics.key
	at de.uka.ilkd.key.proof.io.KeYFile.readIncludes(KeYFile.java:210)
	at de.uka.ilkd.key.proof.init.ProblemInitializer.readIncludes(ProblemInitializer.java:177)
	at de.uka.ilkd.key.proof.init.ProblemInitializer.readEnvInput(ProblemInitializer.java:325)
	at de.uka.ilkd.key.proof.init.ProblemInitializer.prepare(ProblemInitializer.java:449)
	at de.uka.ilkd.key.proof.io.AbstractProblemLoader.createInitConfig(AbstractProblemLoader.java:518)
	at de.uka.ilkd.key.proof.io.AbstractProblemLoader.loadEnvironment(AbstractProblemLoader.java:288)
	at de.uka.ilkd.key.proof.io.AbstractProblemLoader.load(AbstractProblemLoader.java:252)
	at de.uka.ilkd.key.control.AbstractUserInterfaceControl.load(AbstractUserInterfaceControl.java:209)
	... 7 more
Caused by: java.lang.RuntimeException: Could not find rule file rules/intRulesCheckedSemantics.key
	at de.uka.ilkd.key.proof.io.RuleSourceFactory.fromBuiltInRule(RuleSourceFactory.java:32)
	at de.uka.ilkd.key.proof.io.RuleSourceFactory.fromDefaultLocation(RuleSourceFactory.java:21)
	at de.uka.ilkd.key.nparser.builder.IncludeFinder.addInclude(IncludeFinder.java:63)
	at de.uka.ilkd.key.nparser.builder.IncludeFinder.visitOne_include(IncludeFinder.java:43)
	at de.uka.ilkd.key.nparser.builder.IncludeFinder.visitOne_include(IncludeFinder.java:20)
	at de.uka.ilkd.key.nparser.KeYParser$One_includeContext.accept(KeYParser.java:878)
	at de.uka.ilkd.key.nparser.builder.AbstractBuilder.lambda$mapOf$0(AbstractBuilder.java:112)
	at java.base/java.util.stream.ReferencePipeline$3$1.accept(ReferencePipeline.java:195)
	at java.base/java.util.ArrayList$ArrayListSpliterator.forEachRemaining(ArrayList.java:1655)
	at java.base/java.util.stream.AbstractPipeline.copyInto(AbstractPipeline.java:484)
	at java.base/java.util.stream.AbstractPipeline.wrapAndCopyInto(AbstractPipeline.java:474)
	at java.base/java.util.stream.ReduceOps$ReduceOp.evaluateSequential(ReduceOps.java:913)
	at java.base/java.util.stream.AbstractPipeline.evaluate(AbstractPipeline.java:234)
	at java.base/java.util.stream.ReferencePipeline.collect(ReferencePipeline.java:578)
	at de.uka.ilkd.key.nparser.builder.AbstractBuilder.mapOf(AbstractBuilder.java:112)
	at de.uka.ilkd.key.nparser.builder.IncludeFinder.visitOne_include_statement(IncludeFinder.java:35)
	at de.uka.ilkd.key.nparser.builder.IncludeFinder.visitOne_include_statement(IncludeFinder.java:20)
	at de.uka.ilkd.key.nparser.KeYParser$One_include_statementContext.accept(KeYParser.java:802)
	at org.antlr.v4.runtime.tree.AbstractParseTreeVisitor.visitChildren(AbstractParseTreeVisitor.java:46)
	at de.uka.ilkd.key.nparser.KeYParserBaseVisitor.visitDecls(KeYParserBaseVisitor.java:30)
	at de.uka.ilkd.key.nparser.KeYParser$DeclsContext.accept(KeYParser.java:500)
	at org.antlr.v4.runtime.tree.AbstractParseTreeVisitor.visitChildren(AbstractParseTreeVisitor.java:46)
	at de.uka.ilkd.key.nparser.KeYParserBaseVisitor.visitFile(KeYParserBaseVisitor.java:23)
	at de.uka.ilkd.key.nparser.KeYParser$FileContext.accept(KeYParser.java:306)
	at de.uka.ilkd.key.nparser.KeyAst.accept(KeyAst.java:41)
	at de.uka.ilkd.key.nparser.KeyAst$File.getIncludes(KeyAst.java:76)
	at de.uka.ilkd.key.proof.io.KeYFile.readIncludes(KeYFile.java:208)
	... 14 more
Could not find rule file rules/intRulesCheckedSemantics.key (file: /home/runner/work/key/key/key.core/../key.ui/examples/index/.././heap/removeDups/removeDup.key; caused by: de.uka.ilkd.key.proof.init.ProofInputException: Could not find rule file rules/intRulesCheckedSemantics.key)
	at de.uka.ilkd.key.control.AbstractUserInterfaceControl.load(AbstractUserInterfaceControl.java:221)
	at de.uka.ilkd.key.control.KeYEnvironment.load(KeYEnvironment.java:251)
	at de.uka.ilkd.key.control.KeYEnvironment.load(KeYEnvironment.java:224)
	at de.uka.ilkd.key.control.KeYEnvironment.load(KeYEnvironment.java:184)
	at de.uka.ilkd.key.control.KeYEnvironment.load(KeYEnvironment.java:261)
	at de.uka.ilkd.key.proof.runallproofs.proofcollection.TestFile.load(TestFile.java:270)
	at de.uka.ilkd.key.proof.runallproofs.proofcollection.TestFile.runKey(TestFile.java:160)
	at de.uka.ilkd.key.proof.runallproofs.proofcollection.ForkedTestFileRunner.main(ForkedTestFileRunner.java:171)
Caused by: de.uka.ilkd.key.proof.init.ProofInputException: Could not find rule file rules/intRulesCheckedSemantics.key
	at de.uka.ilkd.key.proof.io.KeYFile.readIncludes(KeYFile.java:210)
	at de.uka.ilkd.key.proof.init.ProblemInitializer.readIncludes(ProblemInitializer.java:177)
	at de.uka.ilkd.key.proof.init.ProblemInitializer.readEnvInput(ProblemInitializer.java:325)
	at de.uka.ilkd.key.proof.init.ProblemInitializer.prepare(ProblemInitializer.java:449)
	at de.uka.ilkd.key.proof.io.AbstractProblemLoader.createInitConfig(AbstractProblemLoader.java:518)
	at de.uka.ilkd.key.proof.io.AbstractProblemLoader.loadEnvironment(AbstractProblemLoader.java:288)
	at de.uka.ilkd.key.proof.io.AbstractProblemLoader.load(AbstractProblemLoader.java:252)
	at de.uka.ilkd.key.control.AbstractUserInterfaceControl.load(AbstractUserInterfaceControl.java:209)
	... 7 more
Caused by: java.lang.RuntimeException: Could not find rule file rules/intRulesCheckedSemantics.key
	at de.uka.ilkd.key.proof.io.RuleSourceFactory.fromBuiltInRule(RuleSourceFactory.java:32)
	at de.uka.ilkd.key.proof.io.RuleSourceFactory.fromDefaultLocation(RuleSourceFactory.java:21)
	at de.uka.ilkd.key.nparser.builder.IncludeFinder.addInclude(IncludeFinder.java:63)
	at de.uka.ilkd.key.nparser.builder.IncludeFinder.visitOne_include(IncludeFinder.java:43)
	at de.uka.ilkd.key.nparser.builder.IncludeFinder.visitOne_include(IncludeFinder.java:20)
	at de.uka.ilkd.key.nparser.KeYParser$One_includeContext.accept(KeYParser.java:878)
	at de.uka.ilkd.key.nparser.builder.AbstractBuilder.lambda$mapOf$0(AbstractBuilder.java:112)
	at java.base/java.util.stream.ReferencePipeline$3$1.accept(ReferencePipeline.java:195)
	at java.base/java.util.ArrayList$ArrayListSpliterator.forEachRemaining(ArrayList.java:1655)
	at java.base/java.util.stream.AbstractPipeline.copyInto(AbstractPipeline.java:484)
	at java.base/java.util.stream.AbstractPipeline.wrapAndCopyInto(AbstractPipeline.java:474)
	at java.base/java.util.stream.ReduceOps$ReduceOp.evaluateSequential(ReduceOps.java:913)
	at java.base/java.util.stream.AbstractPipeline.evaluate(AbstractPipeline.java:234)
	at java.base/java.util.stream.ReferencePipeline.collect(ReferencePipeline.java:578)
	at de.uka.ilkd.key.nparser.builder.AbstractBuilder.mapOf(AbstractBuilder.java:112)
	at de.uka.ilkd.key.nparser.builder.IncludeFinder.visitOne_include_statement(IncludeFinder.java:35)
	at de.uka.ilkd.key.nparser.builder.IncludeFinder.visitOne_include_statement(IncludeFinder.java:20)
	at de.uka.ilkd.key.nparser.KeYParser$One_include_statementContext.accept(KeYParser.java:802)
	at org.antlr.v4.runtime.tree.AbstractParseTreeVisitor.visitChildren(AbstractParseTreeVisitor.java:46)
	at de.uka.ilkd.key.nparser.KeYParserBaseVisitor.visitDecls(KeYParserBaseVisitor.java:30)
	at de.uka.ilkd.key.nparser.KeYParser$DeclsContext.accept(KeYParser.java:500)
	at org.antlr.v4.runtime.tree.AbstractParseTreeVisitor.visitChildren(AbstractParseTreeVisitor.java:46)
	at de.uka.ilkd.key.nparser.KeYParserBaseVisitor.visitFile(KeYParserBaseVisitor.java:23)
	at de.uka.ilkd.key.nparser.KeYParser$FileContext.accept(KeYParser.java:306)
	at de.uka.ilkd.key.nparser.KeyAst.accept(KeyAst.java:41)
	at de.uka.ilkd.key.nparser.KeyAst$File.getIncludes(KeyAst.java:76)
	at de.uka.ilkd.key.proof.io.KeYFile.readIncludes(KeYFile.java:208)
	... 14 more
Exception in thread "main" org.opentest4j.AssertionFailedError: Exception during the execution of proofs. See log for more details.
	at org.junit.jupiter.api.AssertionUtils.fail(AssertionUtils.java:39)
	at org.junit.jupiter.api.Assertions.fail(Assertions.java:134)
	at de.uka.ilkd.key.proof.runallproofs.proofcollection.ForkedTestFileRunner.main(ForkedTestFileRunner.java:192)
Timeout watcher launched (2000 secs.)
Could not find rule file rules/intRulesCheckedSemantics.key (file: /home/runner/work/key/key/key.core/../key.ui/examples/index/.././heap/saddleback_search/Saddleback_search.key; caused by: de.uka.ilkd.key.proof.init.ProofInputException: Could not find rule file rules/intRulesCheckedSemantics.key)
	at de.uka.ilkd.key.control.AbstractUserInterfaceControl.load(AbstractUserInterfaceControl.java:221)
	at de.uka.ilkd.key.control.KeYEnvironment.load(KeYEnvironment.java:251)
	at de.uka.ilkd.key.control.KeYEnvironment.load(KeYEnvironment.java:224)
	at de.uka.ilkd.key.control.KeYEnvironment.load(KeYEnvironment.java:184)
	at de.uka.ilkd.key.control.KeYEnvironment.load(KeYEnvironment.java:261)
	at de.uka.ilkd.key.proof.runallproofs.proofcollection.TestFile.load(TestFile.java:270)
	at de.uka.ilkd.key.proof.runallproofs.proofcollection.TestFile.runKey(TestFile.java:160)
	at de.uka.ilkd.key.proof.runallproofs.proofcollection.ForkedTestFileRunner.main(ForkedTestFileRunner.java:171)
Caused by: de.uka.ilkd.key.proof.init.ProofInputException: Could not find rule file rules/intRulesCheckedSemantics.key
	at de.uka.ilkd.key.proof.io.KeYFile.readIncludes(KeYFile.java:210)
	at de.uka.ilkd.key.proof.init.ProblemInitializer.readIncludes(ProblemInitializer.java:177)
	at de.uka.ilkd.key.proof.init.ProblemInitializer.readEnvInput(ProblemInitializer.java:325)
	at de.uka.ilkd.key.proof.init.ProblemInitializer.prepare(ProblemInitializer.java:449)
	at de.uka.ilkd.key.proof.io.AbstractProblemLoader.createInitConfig(AbstractProblemLoader.java:518)
	at de.uka.ilkd.key.proof.io.AbstractProblemLoader.loadEnvironment(AbstractProblemLoader.java:288)
	at de.uka.ilkd.key.proof.io.AbstractProblemLoader.load(AbstractProblemLoader.java:252)
	at de.uka.ilkd.key.control.AbstractUserInterfaceControl.load(AbstractUserInterfaceControl.java:209)
	... 7 more
Caused by: java.lang.RuntimeException: Could not find rule file rules/intRulesCheckedSemantics.key
	at de.uka.ilkd.key.proof.io.RuleSourceFactory.fromBuiltInRule(RuleSourceFactory.java:32)
	at de.uka.ilkd.key.proof.io.RuleSourceFactory.fromDefaultLocation(RuleSourceFactory.java:21)
	at de.uka.ilkd.key.nparser.builder.IncludeFinder.addInclude(IncludeFinder.java:63)
	at de.uka.ilkd.key.nparser.builder.IncludeFinder.visitOne_include(IncludeFinder.java:43)
	at de.uka.ilkd.key.nparser.builder.IncludeFinder.visitOne_include(IncludeFinder.java:20)
	at de.uka.ilkd.key.nparser.KeYParser$One_includeContext.accept(KeYParser.java:878)
	at de.uka.ilkd.key.nparser.builder.AbstractBuilder.lambda$mapOf$0(AbstractBuilder.java:112)
	at java.base/java.util.stream.ReferencePipeline$3$1.accept(ReferencePipeline.java:195)
	at java.base/java.util.ArrayList$ArrayListSpliterator.forEachRemaining(ArrayList.java:1655)
	at java.base/java.util.stream.AbstractPipeline.copyInto(AbstractPipeline.java:484)
	at java.base/java.util.stream.AbstractPipeline.wrapAndCopyInto(AbstractPipeline.java:474)
	at java.base/java.util.stream.ReduceOps$ReduceOp.evaluateSequential(ReduceOps.java:913)
	at java.base/java.util.stream.AbstractPipeline.evaluate(AbstractPipeline.java:234)
	at java.base/java.util.stream.ReferencePipeline.collect(ReferencePipeline.java:578)
	at de.uka.ilkd.key.nparser.builder.AbstractBuilder.mapOf(AbstractBuilder.java:112)
	at de.uka.ilkd.key.nparser.builder.IncludeFinder.visitOne_include_statement(IncludeFinder.java:35)
	at de.uka.ilkd.key.nparser.builder.IncludeFinder.visitOne_include_statement(IncludeFinder.java:20)
	at de.uka.ilkd.key.nparser.KeYParser$One_include_statementContext.accept(KeYParser.java:802)
	at org.antlr.v4.runtime.tree.AbstractParseTreeVisitor.visitChildren(AbstractParseTreeVisitor.java:46)
	at de.uka.ilkd.key.nparser.KeYParserBaseVisitor.visitDecls(KeYParserBaseVisitor.java:30)
	at de.uka.ilkd.key.nparser.KeYParser$DeclsContext.accept(KeYParser.java:500)
	at org.antlr.v4.runtime.tree.AbstractParseTreeVisitor.visitChildren(AbstractParseTreeVisitor.java:46)
	at de.uka.ilkd.key.nparser.KeYParserBaseVisitor.visitFile(KeYParserBaseVisitor.java:23)
	at de.uka.ilkd.key.nparser.KeYParser$FileContext.accept(KeYParser.java:306)
	at de.uka.ilkd.key.nparser.KeyAst.accept(KeyAst.java:41)
	at de.uka.ilkd.key.nparser.KeyAst$File.getIncludes(KeyAst.java:76)
	at de.uka.ilkd.key.proof.io.KeYFile.readIncludes(KeYFile.java:208)
	... 14 more
Exception in thread "main" org.opentest4j.AssertionFailedError: Exception during the execution of proofs. See log for more details.
	at org.junit.jupiter.api.AssertionUtils.fail(AssertionUtils.java:39)
	at org.junit.jupiter.api.Assertions.fail(Assertions.java:134)
	at de.uka.ilkd.key.proof.runallproofs.proofcollection.ForkedTestFileRunner.main(ForkedTestFileRunner.java:192)
Timeout watcher launched (2000 secs.)
Could not find rule file rules/intRulesCheckedSemantics.key (file: /home/runner/work/key/key/key.core/../key.ui/examples/index/.././heap/quicksort/toplevel.key; caused by: de.uka.ilkd.key.proof.init.ProofInputException: Could not find rule file rules/intRulesCheckedSemantics.key)
	at de.uka.ilkd.key.control.AbstractUserInterfaceControl.load(AbstractUserInterfaceControl.java:221)
	at de.uka.ilkd.key.control.KeYEnvironment.load(KeYEnvironment.java:251)
	at de.uka.ilkd.key.control.KeYEnvironment.load(KeYEnvironment.java:224)
	at de.uka.ilkd.key.control.KeYEnvironment.load(KeYEnvironment.java:184)
	at de.uka.ilkd.key.control.KeYEnvironment.load(KeYEnvironment.java:261)
	at de.uka.ilkd.key.proof.runallproofs.proofcollection.TestFile.load(TestFile.java:270)
	at de.uka.ilkd.key.proof.runallproofs.proofcollection.TestFile.runKey(TestFile.java:160)
	at de.uka.ilkd.key.proof.runallproofs.proofcollection.ForkedTestFileRunner.main(ForkedTestFileRunner.java:171)
Caused by: de.uka.ilkd.key.proof.init.ProofInputException: Could not find rule file rules/intRulesCheckedSemantics.key
	at de.uka.ilkd.key.proof.io.KeYFile.readIncludes(KeYFile.java:210)
	at de.uka.ilkd.key.proof.init.ProblemInitializer.readIncludes(ProblemInitializer.java:177)
	at de.uka.ilkd.key.proof.init.ProblemInitializer.readEnvInput(ProblemInitializer.java:325)
	at de.uka.ilkd.key.proof.init.ProblemInitializer.prepare(ProblemInitializer.java:449)
	at de.uka.ilkd.key.proof.io.AbstractProblemLoader.createInitConfig(AbstractProblemLoader.java:518)
	at de.uka.ilkd.key.proof.io.AbstractProblemLoader.loadEnvironment(AbstractProblemLoader.java:288)
	at de.uka.ilkd.key.proof.io.AbstractProblemLoader.load(AbstractProblemLoader.java:252)
	at de.uka.ilkd.key.control.AbstractUserInterfaceControl.load(AbstractUserInterfaceControl.java:209)
	... 7 more
Caused by: java.lang.RuntimeException: Could not find rule file rules/intRulesCheckedSemantics.key
	at de.uka.ilkd.key.proof.io.RuleSourceFactory.fromBuiltInRule(RuleSourceFactory.java:32)
	at de.uka.ilkd.key.proof.io.RuleSourceFactory.fromDefaultLocation(RuleSourceFactory.java:21)
	at de.uka.ilkd.key.nparser.builder.IncludeFinder.addInclude(IncludeFinder.java:63)
	at de.uka.ilkd.key.nparser.builder.IncludeFinder.visitOne_include(IncludeFinder.java:43)
	at de.uka.ilkd.key.nparser.builder.IncludeFinder.visitOne_include(IncludeFinder.java:20)
	at de.uka.ilkd.key.nparser.KeYParser$One_includeContext.accept(KeYParser.java:878)
	at de.uka.ilkd.key.nparser.builder.AbstractBuilder.lambda$mapOf$0(AbstractBuilder.java:112)
	at java.base/java.util.stream.ReferencePipeline$3$1.accept(ReferencePipeline.java:195)
	at java.base/java.util.ArrayList$ArrayListSpliterator.forEachRemaining(ArrayList.java:1655)
	at java.base/java.util.stream.AbstractPipeline.copyInto(AbstractPipeline.java:484)
	at java.base/java.util.stream.AbstractPipeline.wrapAndCopyInto(AbstractPipeline.java:474)
	at java.base/java.util.stream.ReduceOps$ReduceOp.evaluateSequential(ReduceOps.java:913)
	at java.base/java.util.stream.AbstractPipeline.evaluate(AbstractPipeline.java:234)
	at java.base/java.util.stream.ReferencePipeline.collect(ReferencePipeline.java:578)
	at de.uka.ilkd.key.nparser.builder.AbstractBuilder.mapOf(AbstractBuilder.java:112)
	at de.uka.ilkd.key.nparser.builder.IncludeFinder.visitOne_include_statement(IncludeFinder.java:35)
	at de.uka.ilkd.key.nparser.builder.IncludeFinder.visitOne_include_statement(IncludeFinder.java:20)
	at de.uka.ilkd.key.nparser.KeYParser$One_include_statementContext.accept(KeYParser.java:802)
	at org.antlr.v4.runtime.tree.AbstractParseTreeVisitor.visitChildren(AbstractParseTreeVisitor.java:46)
	at de.uka.ilkd.key.nparser.KeYParserBaseVisitor.visitDecls(KeYParserBaseVisitor.java:30)
	at de.uka.ilkd.key.nparser.KeYParser$DeclsContext.accept(KeYParser.java:500)
	at org.antlr.v4.runtime.tree.AbstractParseTreeVisitor.visitChildren(AbstractParseTreeVisitor.java:46)
	at de.uka.ilkd.key.nparser.KeYParserBaseVisitor.visitFile(KeYParserBaseVisitor.java:23)
	at de.uka.ilkd.key.nparser.KeYParser$FileContext.accept(KeYParser.java:306)
	at de.uka.ilkd.key.nparser.KeyAst.accept(KeyAst.java:41)
	at de.uka.ilkd.key.nparser.KeyAst$File.getIncludes(KeyAst.java:76)
	at de.uka.ilkd.key.proof.io.KeYFile.readIncludes(KeYFile.java:208)
	... 14 more
Could not find rule file rules/intRulesCheckedSemantics.key (file: /home/runner/work/key/key/key.core/../key.ui/examples/index/.././heap/quicksort/sort.key; caused by: de.uka.ilkd.key.proof.init.ProofInputException: Could not find rule file rules/intRulesCheckedSemantics.key)
	at de.uka.ilkd.key.control.AbstractUserInterfaceControl.load(AbstractUserInterfaceControl.java:221)
	at de.uka.ilkd.key.control.KeYEnvironment.load(KeYEnvironment.java:251)
	at de.uka.ilkd.key.control.KeYEnvironment.load(KeYEnvironment.java:224)
	at de.uka.ilkd.key.control.KeYEnvironment.load(KeYEnvironment.java:184)
	at de.uka.ilkd.key.control.KeYEnvironment.load(KeYEnvironment.java:261)
	at de.uka.ilkd.key.proof.runallproofs.proofcollection.TestFile.load(TestFile.java:270)
	at de.uka.ilkd.key.proof.runallproofs.proofcollection.TestFile.runKey(TestFile.java:160)
	at de.uka.ilkd.key.proof.runallproofs.proofcollection.ForkedTestFileRunner.main(ForkedTestFileRunner.java:171)
Caused by: de.uka.ilkd.key.proof.init.ProofInputException: Could not find rule file rules/intRulesCheckedSemantics.key
	at de.uka.ilkd.key.proof.io.KeYFile.readIncludes(KeYFile.java:210)
	at de.uka.ilkd.key.proof.init.ProblemInitializer.readIncludes(ProblemInitializer.java:177)
	at de.uka.ilkd.key.proof.init.ProblemInitializer.readEnvInput(ProblemInitializer.java:325)
	at de.uka.ilkd.key.proof.init.ProblemInitializer.prepare(ProblemInitializer.java:449)
	at de.uka.ilkd.key.proof.io.AbstractProblemLoader.createInitConfig(AbstractProblemLoader.java:518)
	at de.uka.ilkd.key.proof.io.AbstractProblemLoader.loadEnvironment(AbstractProblemLoader.java:288)
	at de.uka.ilkd.key.proof.io.AbstractProblemLoader.load(AbstractProblemLoader.java:252)
	at de.uka.ilkd.key.control.AbstractUserInterfaceControl.load(AbstractUserInterfaceControl.java:209)
	... 7 more
Caused by: java.lang.RuntimeException: Could not find rule file rules/intRulesCheckedSemantics.key
	at de.uka.ilkd.key.proof.io.RuleSourceFactory.fromBuiltInRule(RuleSourceFactory.java:32)
	at de.uka.ilkd.key.proof.io.RuleSourceFactory.fromDefaultLocation(RuleSourceFactory.java:21)
	at de.uka.ilkd.key.nparser.builder.IncludeFinder.addInclude(IncludeFinder.java:63)
	at de.uka.ilkd.key.nparser.builder.IncludeFinder.visitOne_include(IncludeFinder.java:43)
	at de.uka.ilkd.key.nparser.builder.IncludeFinder.visitOne_include(IncludeFinder.java:20)
	at de.uka.ilkd.key.nparser.KeYParser$One_includeContext.accept(KeYParser.java:878)
	at de.uka.ilkd.key.nparser.builder.AbstractBuilder.lambda$mapOf$0(AbstractBuilder.java:112)
	at java.base/java.util.stream.ReferencePipeline$3$1.accept(ReferencePipeline.java:195)
	at java.base/java.util.ArrayList$ArrayListSpliterator.forEachRemaining(ArrayList.java:1655)
	at java.base/java.util.stream.AbstractPipeline.copyInto(AbstractPipeline.java:484)
	at java.base/java.util.stream.AbstractPipeline.wrapAndCopyInto(AbstractPipeline.java:474)
	at java.base/java.util.stream.ReduceOps$ReduceOp.evaluateSequential(ReduceOps.java:913)
	at java.base/java.util.stream.AbstractPipeline.evaluate(AbstractPipeline.java:234)
	at java.base/java.util.stream.ReferencePipeline.collect(ReferencePipeline.java:578)
	at de.uka.ilkd.key.nparser.builder.AbstractBuilder.mapOf(AbstractBuilder.java:112)
	at de.uka.ilkd.key.nparser.builder.IncludeFinder.visitOne_include_statement(IncludeFinder.java:35)
	at de.uka.ilkd.key.nparser.builder.IncludeFinder.visitOne_include_statement(IncludeFinder.java:20)
	at de.uka.ilkd.key.nparser.KeYParser$One_include_statementContext.accept(KeYParser.java:802)
	at org.antlr.v4.runtime.tree.AbstractParseTreeVisitor.visitChildren(AbstractParseTreeVisitor.java:46)
	at de.uka.ilkd.key.nparser.KeYParserBaseVisitor.visitDecls(KeYParserBaseVisitor.java:30)
	at de.uka.ilkd.key.nparser.KeYParser$DeclsContext.accept(KeYParser.java:500)
	at org.antlr.v4.runtime.tree.AbstractParseTreeVisitor.visitChildren(AbstractParseTreeVisitor.java:46)
	at de.uka.ilkd.key.nparser.KeYParserBaseVisitor.visitFile(KeYParserBaseVisitor.java:23)
	at de.uka.ilkd.key.nparser.KeYParser$FileContext.accept(KeYParser.java:306)
	at de.uka.ilkd.key.nparser.KeyAst.accept(KeyAst.java:41)
	at de.uka.ilkd.key.nparser.KeyAst$File.getIncludes(KeyAst.java:76)
	at de.uka.ilkd.key.proof.io.KeYFile.readIncludes(KeYFile.java:208)
	... 14 more
Could not find rule file rules/intRulesCheckedSemantics.key (file: /home/runner/work/key/key/key.core/../key.ui/examples/index/.././heap/quicksort/split.key; caused by: de.uka.ilkd.key.proof.init.ProofInputException: Could not find rule file rules/intRulesCheckedSemantics.key)
	at de.uka.ilkd.key.control.AbstractUserInterfaceControl.load(AbstractUserInterfaceControl.java:221)
	at de.uka.ilkd.key.control.KeYEnvironment.load(KeYEnvironment.java:251)
	at de.uka.ilkd.key.control.KeYEnvironment.load(KeYEnvironment.java:224)
	at de.uka.ilkd.key.control.KeYEnvironment.load(KeYEnvironment.java:184)
	at de.uka.ilkd.key.control.KeYEnvironment.load(KeYEnvironment.java:261)
	at de.uka.ilkd.key.proof.runallproofs.proofcollection.TestFile.load(TestFile.java:270)
	at de.uka.ilkd.key.proof.runallproofs.proofcollection.TestFile.runKey(TestFile.java:160)
	at de.uka.ilkd.key.proof.runallproofs.proofcollection.ForkedTestFileRunner.main(ForkedTestFileRunner.java:171)
Caused by: de.uka.ilkd.key.proof.init.ProofInputException: Could not find rule file rules/intRulesCheckedSemantics.key
	at de.uka.ilkd.key.proof.io.KeYFile.readIncludes(KeYFile.java:210)
	at de.uka.ilkd.key.proof.init.ProblemInitializer.readIncludes(ProblemInitializer.java:177)
	at de.uka.ilkd.key.proof.init.ProblemInitializer.readEnvInput(ProblemInitializer.java:325)
	at de.uka.ilkd.key.proof.init.ProblemInitializer.prepare(ProblemInitializer.java:449)
	at de.uka.ilkd.key.proof.io.AbstractProblemLoader.createInitConfig(AbstractProblemLoader.java:518)
	at de.uka.ilkd.key.proof.io.AbstractProblemLoader.loadEnvironment(AbstractProblemLoader.java:288)
	at de.uka.ilkd.key.proof.io.AbstractProblemLoader.load(AbstractProblemLoader.java:252)
	at de.uka.ilkd.key.control.AbstractUserInterfaceControl.load(AbstractUserInterfaceControl.java:209)
	... 7 more
Caused by: java.lang.RuntimeException: Could not find rule file rules/intRulesCheckedSemantics.key
	at de.uka.ilkd.key.proof.io.RuleSourceFactory.fromBuiltInRule(RuleSourceFactory.java:32)
	at de.uka.ilkd.key.proof.io.RuleSourceFactory.fromDefaultLocation(RuleSourceFactory.java:21)
	at de.uka.ilkd.key.nparser.builder.IncludeFinder.addInclude(IncludeFinder.java:63)
	at de.uka.ilkd.key.nparser.builder.IncludeFinder.visitOne_include(IncludeFinder.java:43)
	at de.uka.ilkd.key.nparser.builder.IncludeFinder.visitOne_include(IncludeFinder.java:20)
	at de.uka.ilkd.key.nparser.KeYParser$One_includeContext.accept(KeYParser.java:878)
	at de.uka.ilkd.key.nparser.builder.AbstractBuilder.lambda$mapOf$0(AbstractBuilder.java:112)
	at java.base/java.util.stream.ReferencePipeline$3$1.accept(ReferencePipeline.java:195)
	at java.base/java.util.ArrayList$ArrayListSpliterator.forEachRemaining(ArrayList.java:1655)
	at java.base/java.util.stream.AbstractPipeline.copyInto(AbstractPipeline.java:484)
	at java.base/java.util.stream.AbstractPipeline.wrapAndCopyInto(AbstractPipeline.java:474)
	at java.base/java.util.stream.ReduceOps$ReduceOp.evaluateSequential(ReduceOps.java:913)
	at java.base/java.util.stream.AbstractPipeline.evaluate(AbstractPipeline.java:234)
	at java.base/java.util.stream.ReferencePipeline.collect(ReferencePipeline.java:578)
	at de.uka.ilkd.key.nparser.builder.AbstractBuilder.mapOf(AbstractBuilder.java:112)
	at de.uka.ilkd.key.nparser.builder.IncludeFinder.visitOne_include_statement(IncludeFinder.java:35)
	at de.uka.ilkd.key.nparser.builder.IncludeFinder.visitOne_include_statement(IncludeFinder.java:20)
	at de.uka.ilkd.key.nparser.KeYParser$One_include_statementContext.accept(KeYParser.java:802)
	at org.antlr.v4.runtime.tree.AbstractParseTreeVisitor.visitChildren(AbstractParseTreeVisitor.java:46)
	at de.uka.ilkd.key.nparser.KeYParserBaseVisitor.visitDecls(KeYParserBaseVisitor.java:30)
	at de.uka.ilkd.key.nparser.KeYParser$DeclsContext.accept(KeYParser.java:500)
	at org.antlr.v4.runtime.tree.AbstractParseTreeVisitor.visitChildren(AbstractParseTreeVisitor.java:46)
	at de.uka.ilkd.key.nparser.KeYParserBaseVisitor.visitFile(KeYParserBaseVisitor.java:23)
	at de.uka.ilkd.key.nparser.KeYParser$FileContext.accept(KeYParser.java:306)
	at de.uka.ilkd.key.nparser.KeyAst.accept(KeyAst.java:41)
	at de.uka.ilkd.key.nparser.KeyAst$File.getIncludes(KeyAst.java:76)
	at de.uka.ilkd.key.proof.io.KeYFile.readIncludes(KeYFile.java:208)
	... 14 more
Exception in thread "main" org.opentest4j.AssertionFailedError: Exception during the execution of proofs. See log for more details.
	at org.junit.jupiter.api.AssertionUtils.fail(AssertionUtils.java:39)
	at org.junit.jupiter.api.Assertions.fail(Assertions.java:134)
	at de.uka.ilkd.key.proof.runallproofs.proofcollection.ForkedTestFileRunner.main(ForkedTestFileRunner.java:192)
Timeout watcher launched (2000 secs.)
Could not find rule file rules/intRulesCheckedSemantics.key (file: /home/runner/work/key/key/key.core/../key.ui/examples/index/.././heap/simple/anonymise_datagroup.key; caused by: de.uka.ilkd.key.proof.init.ProofInputException: Could not find rule file rules/intRulesCheckedSemantics.key)
	at de.uka.ilkd.key.control.AbstractUserInterfaceControl.load(AbstractUserInterfaceControl.java:221)
	at de.uka.ilkd.key.control.KeYEnvironment.load(KeYEnvironment.java:251)
	at de.uka.ilkd.key.control.KeYEnvironment.load(KeYEnvironment.java:224)
	at de.uka.ilkd.key.control.KeYEnvironment.load(KeYEnvironment.java:184)
	at de.uka.ilkd.key.control.KeYEnvironment.load(KeYEnvironment.java:261)
	at de.uka.ilkd.key.proof.runallproofs.proofcollection.TestFile.load(TestFile.java:270)
	at de.uka.ilkd.key.proof.runallproofs.proofcollection.TestFile.runKey(TestFile.java:160)
	at de.uka.ilkd.key.proof.runallproofs.proofcollection.ForkedTestFileRunner.main(ForkedTestFileRunner.java:171)
Caused by: de.uka.ilkd.key.proof.init.ProofInputException: Could not find rule file rules/intRulesCheckedSemantics.key
	at de.uka.ilkd.key.proof.io.KeYFile.readIncludes(KeYFile.java:210)
	at de.uka.ilkd.key.proof.init.ProblemInitializer.readIncludes(ProblemInitializer.java:177)
	at de.uka.ilkd.key.proof.init.ProblemInitializer.readEnvInput(ProblemInitializer.java:325)
	at de.uka.ilkd.key.proof.init.ProblemInitializer.prepare(ProblemInitializer.java:449)
	at de.uka.ilkd.key.proof.io.AbstractProblemLoader.createInitConfig(AbstractProblemLoader.java:518)
	at de.uka.ilkd.key.proof.io.AbstractProblemLoader.loadEnvironment(AbstractProblemLoader.java:288)
	at de.uka.ilkd.key.proof.io.AbstractProblemLoader.load(AbstractProblemLoader.java:252)
	at de.uka.ilkd.key.control.AbstractUserInterfaceControl.load(AbstractUserInterfaceControl.java:209)
	... 7 more
Caused by: java.lang.RuntimeException: Could not find rule file rules/intRulesCheckedSemantics.key
	at de.uka.ilkd.key.proof.io.RuleSourceFactory.fromBuiltInRule(RuleSourceFactory.java:32)
	at de.uka.ilkd.key.proof.io.RuleSourceFactory.fromDefaultLocation(RuleSourceFactory.java:21)
	at de.uka.ilkd.key.nparser.builder.IncludeFinder.addInclude(IncludeFinder.java:63)
	at de.uka.ilkd.key.nparser.builder.IncludeFinder.visitOne_include(IncludeFinder.java:43)
	at de.uka.ilkd.key.nparser.builder.IncludeFinder.visitOne_include(IncludeFinder.java:20)
	at de.uka.ilkd.key.nparser.KeYParser$One_includeContext.accept(KeYParser.java:878)
	at de.uka.ilkd.key.nparser.builder.AbstractBuilder.lambda$mapOf$0(AbstractBuilder.java:112)
	at java.base/java.util.stream.ReferencePipeline$3$1.accept(ReferencePipeline.java:195)
	at java.base/java.util.ArrayList$ArrayListSpliterator.forEachRemaining(ArrayList.java:1655)
	at java.base/java.util.stream.AbstractPipeline.copyInto(AbstractPipeline.java:484)
	at java.base/java.util.stream.AbstractPipeline.wrapAndCopyInto(AbstractPipeline.java:474)
	at java.base/java.util.stream.ReduceOps$ReduceOp.evaluateSequential(ReduceOps.java:913)
	at java.base/java.util.stream.AbstractPipeline.evaluate(AbstractPipeline.java:234)
	at java.base/java.util.stream.ReferencePipeline.collect(ReferencePipeline.java:578)
	at de.uka.ilkd.key.nparser.builder.AbstractBuilder.mapOf(AbstractBuilder.java:112)
	at de.uka.ilkd.key.nparser.builder.IncludeFinder.visitOne_include_statement(IncludeFinder.java:35)
	at de.uka.ilkd.key.nparser.builder.IncludeFinder.visitOne_include_statement(IncludeFinder.java:20)
	at de.uka.ilkd.key.nparser.KeYParser$One_include_statementContext.accept(KeYParser.java:802)
	at org.antlr.v4.runtime.tree.AbstractParseTreeVisitor.visitChildren(AbstractParseTreeVisitor.java:46)
	at de.uka.ilkd.key.nparser.KeYParserBaseVisitor.visitDecls(KeYParserBaseVisitor.java:30)
	at de.uka.ilkd.key.nparser.KeYParser$DeclsContext.accept(KeYParser.java:500)
	at org.antlr.v4.runtime.tree.AbstractParseTreeVisitor.visitChildren(AbstractParseTreeVisitor.java:46)
	at de.uka.ilkd.key.nparser.KeYParserBaseVisitor.visitFile(KeYParserBaseVisitor.java:23)
	at de.uka.ilkd.key.nparser.KeYParser$FileContext.accept(KeYParser.java:306)
	at de.uka.ilkd.key.nparser.KeyAst.accept(KeyAst.java:41)
	at de.uka.ilkd.key.nparser.KeyAst$File.getIncludes(KeyAst.java:76)
	at de.uka.ilkd.key.proof.io.KeYFile.readIncludes(KeYFile.java:208)
	... 14 more
Could not find rule file rules/intRulesCheckedSemantics.key (file: /home/runner/work/key/key/key.core/../key.ui/examples/index/.././heap/simple/array_creation.key; caused by: de.uka.ilkd.key.proof.init.ProofInputException: Could not find rule file rules/intRulesCheckedSemantics.key)
	at de.uka.ilkd.key.control.AbstractUserInterfaceControl.load(AbstractUserInterfaceControl.java:221)
	at de.uka.ilkd.key.control.KeYEnvironment.load(KeYEnvironment.java:251)
	at de.uka.ilkd.key.control.KeYEnvironment.load(KeYEnvironment.java:224)
	at de.uka.ilkd.key.control.KeYEnvironment.load(KeYEnvironment.java:184)
	at de.uka.ilkd.key.control.KeYEnvironment.load(KeYEnvironment.java:261)
	at de.uka.ilkd.key.proof.runallproofs.proofcollection.TestFile.load(TestFile.java:270)
	at de.uka.ilkd.key.proof.runallproofs.proofcollection.TestFile.runKey(TestFile.java:160)
	at de.uka.ilkd.key.proof.runallproofs.proofcollection.ForkedTestFileRunner.main(ForkedTestFileRunner.java:171)
Caused by: de.uka.ilkd.key.proof.init.ProofInputException: Could not find rule file rules/intRulesCheckedSemantics.key
	at de.uka.ilkd.key.proof.io.KeYFile.readIncludes(KeYFile.java:210)
	at de.uka.ilkd.key.proof.init.ProblemInitializer.readIncludes(ProblemInitializer.java:177)
	at de.uka.ilkd.key.proof.init.ProblemInitializer.readEnvInput(ProblemInitializer.java:325)
	at de.uka.ilkd.key.proof.init.ProblemInitializer.prepare(ProblemInitializer.java:449)
	at de.uka.ilkd.key.proof.io.AbstractProblemLoader.createInitConfig(AbstractProblemLoader.java:518)
	at de.uka.ilkd.key.proof.io.AbstractProblemLoader.loadEnvironment(AbstractProblemLoader.java:288)
	at de.uka.ilkd.key.proof.io.AbstractProblemLoader.load(AbstractProblemLoader.java:252)
	at de.uka.ilkd.key.control.AbstractUserInterfaceControl.load(AbstractUserInterfaceControl.java:209)
	... 7 more
Caused by: java.lang.RuntimeException: Could not find rule file rules/intRulesCheckedSemantics.key
	at de.uka.ilkd.key.proof.io.RuleSourceFactory.fromBuiltInRule(RuleSourceFactory.java:32)
	at de.uka.ilkd.key.proof.io.RuleSourceFactory.fromDefaultLocation(RuleSourceFactory.java:21)
	at de.uka.ilkd.key.nparser.builder.IncludeFinder.addInclude(IncludeFinder.java:63)
	at de.uka.ilkd.key.nparser.builder.IncludeFinder.visitOne_include(IncludeFinder.java:43)
	at de.uka.ilkd.key.nparser.builder.IncludeFinder.visitOne_include(IncludeFinder.java:20)
	at de.uka.ilkd.key.nparser.KeYParser$One_includeContext.accept(KeYParser.java:878)
	at de.uka.ilkd.key.nparser.builder.AbstractBuilder.lambda$mapOf$0(AbstractBuilder.java:112)
	at java.base/java.util.stream.ReferencePipeline$3$1.accept(ReferencePipeline.java:195)
	at java.base/java.util.ArrayList$ArrayListSpliterator.forEachRemaining(ArrayList.java:1655)
	at java.base/java.util.stream.AbstractPipeline.copyInto(AbstractPipeline.java:484)
	at java.base/java.util.stream.AbstractPipeline.wrapAndCopyInto(AbstractPipeline.java:474)
	at java.base/java.util.stream.ReduceOps$ReduceOp.evaluateSequential(ReduceOps.java:913)
	at java.base/java.util.stream.AbstractPipeline.evaluate(AbstractPipeline.java:234)
	at java.base/java.util.stream.ReferencePipeline.collect(ReferencePipeline.java:578)
	at de.uka.ilkd.key.nparser.builder.AbstractBuilder.mapOf(AbstractBuilder.java:112)
	at de.uka.ilkd.key.nparser.builder.IncludeFinder.visitOne_include_statement(IncludeFinder.java:35)
	at de.uka.ilkd.key.nparser.builder.IncludeFinder.visitOne_include_statement(IncludeFinder.java:20)
	at de.uka.ilkd.key.nparser.KeYParser$One_include_statementContext.accept(KeYParser.java:802)
	at org.antlr.v4.runtime.tree.AbstractParseTreeVisitor.visitChildren(AbstractParseTreeVisitor.java:46)
	at de.uka.ilkd.key.nparser.KeYParserBaseVisitor.visitDecls(KeYParserBaseVisitor.java:30)
	at de.uka.ilkd.key.nparser.KeYParser$DeclsContext.accept(KeYParser.java:500)
	at org.antlr.v4.runtime.tree.AbstractParseTreeVisitor.visitChildren(AbstractParseTreeVisitor.java:46)
	at de.uka.ilkd.key.nparser.KeYParserBaseVisitor.visitFile(KeYParserBaseVisitor.java:23)
	at de.uka.ilkd.key.nparser.KeYParser$FileContext.accept(KeYParser.java:306)
	at de.uka.ilkd.key.nparser.KeyAst.accept(KeyAst.java:41)
	at de.uka.ilkd.key.nparser.KeyAst$File.getIncludes(KeyAst.java:76)
	at de.uka.ilkd.key.proof.io.KeYFile.readIncludes(KeYFile.java:208)
	... 14 more
Could not find rule file rules/intRulesCheckedSemantics.key (file: /home/runner/work/key/key/key.core/../key.ui/examples/index/.././heap/simple/arrays_with_disjoint_sorts.key; caused by: de.uka.ilkd.key.proof.init.ProofInputException: Could not find rule file rules/intRulesCheckedSemantics.key)
	at de.uka.ilkd.key.control.AbstractUserInterfaceControl.load(AbstractUserInterfaceControl.java:221)
	at de.uka.ilkd.key.control.KeYEnvironment.load(KeYEnvironment.java:251)
	at de.uka.ilkd.key.control.KeYEnvironment.load(KeYEnvironment.java:224)
	at de.uka.ilkd.key.control.KeYEnvironment.load(KeYEnvironment.java:184)
	at de.uka.ilkd.key.control.KeYEnvironment.load(KeYEnvironment.java:261)
	at de.uka.ilkd.key.proof.runallproofs.proofcollection.TestFile.load(TestFile.java:270)
	at de.uka.ilkd.key.proof.runallproofs.proofcollection.TestFile.runKey(TestFile.java:160)
	at de.uka.ilkd.key.proof.runallproofs.proofcollection.ForkedTestFileRunner.main(ForkedTestFileRunner.java:171)
Caused by: de.uka.ilkd.key.proof.init.ProofInputException: Could not find rule file rules/intRulesCheckedSemantics.key
	at de.uka.ilkd.key.proof.io.KeYFile.readIncludes(KeYFile.java:210)
	at de.uka.ilkd.key.proof.init.ProblemInitializer.readIncludes(ProblemInitializer.java:177)
	at de.uka.ilkd.key.proof.init.ProblemInitializer.readEnvInput(ProblemInitializer.java:325)
	at de.uka.ilkd.key.proof.init.ProblemInitializer.prepare(ProblemInitializer.java:449)
	at de.uka.ilkd.key.proof.io.AbstractProblemLoader.createInitConfig(AbstractProblemLoader.java:518)
	at de.uka.ilkd.key.proof.io.AbstractProblemLoader.loadEnvironment(AbstractProblemLoader.java:288)
	at de.uka.ilkd.key.proof.io.AbstractProblemLoader.load(AbstractProblemLoader.java:252)
	at de.uka.ilkd.key.control.AbstractUserInterfaceControl.load(AbstractUserInterfaceControl.java:209)
	... 7 more
Caused by: java.lang.RuntimeException: Could not find rule file rules/intRulesCheckedSemantics.key
	at de.uka.ilkd.key.proof.io.RuleSourceFactory.fromBuiltInRule(RuleSourceFactory.java:32)
	at de.uka.ilkd.key.proof.io.RuleSourceFactory.fromDefaultLocation(RuleSourceFactory.java:21)
	at de.uka.ilkd.key.nparser.builder.IncludeFinder.addInclude(IncludeFinder.java:63)
	at de.uka.ilkd.key.nparser.builder.IncludeFinder.visitOne_include(IncludeFinder.java:43)
	at de.uka.ilkd.key.nparser.builder.IncludeFinder.visitOne_include(IncludeFinder.java:20)
	at de.uka.ilkd.key.nparser.KeYParser$One_includeContext.accept(KeYParser.java:878)
	at de.uka.ilkd.key.nparser.builder.AbstractBuilder.lambda$mapOf$0(AbstractBuilder.java:112)
	at java.base/java.util.stream.ReferencePipeline$3$1.accept(ReferencePipeline.java:195)
	at java.base/java.util.ArrayList$ArrayListSpliterator.forEachRemaining(ArrayList.java:1655)
	at java.base/java.util.stream.AbstractPipeline.copyInto(AbstractPipeline.java:484)
	at java.base/java.util.stream.AbstractPipeline.wrapAndCopyInto(AbstractPipeline.java:474)
	at java.base/java.util.stream.ReduceOps$ReduceOp.evaluateSequential(ReduceOps.java:913)
	at java.base/java.util.stream.AbstractPipeline.evaluate(AbstractPipeline.java:234)
	at java.base/java.util.stream.ReferencePipeline.collect(ReferencePipeline.java:578)
	at de.uka.ilkd.key.nparser.builder.AbstractBuilder.mapOf(AbstractBuilder.java:112)
	at de.uka.ilkd.key.nparser.builder.IncludeFinder.visitOne_include_statement(IncludeFinder.java:35)
	at de.uka.ilkd.key.nparser.builder.IncludeFinder.visitOne_include_statement(IncludeFinder.java:20)
	at de.uka.ilkd.key.nparser.KeYParser$One_include_statementContext.accept(KeYParser.java:802)
	at org.antlr.v4.runtime.tree.AbstractParseTreeVisitor.visitChildren(AbstractParseTreeVisitor.java:46)
	at de.uka.ilkd.key.nparser.KeYParserBaseVisitor.visitDecls(KeYParserBaseVisitor.java:30)
	at de.uka.ilkd.key.nparser.KeYParser$DeclsContext.accept(KeYParser.java:500)
	at org.antlr.v4.runtime.tree.AbstractParseTreeVisitor.visitChildren(AbstractParseTreeVisitor.java:46)
	at de.uka.ilkd.key.nparser.KeYParserBaseVisitor.visitFile(KeYParserBaseVisitor.java:23)
	at de.uka.ilkd.key.nparser.KeYParser$FileContext.accept(KeYParser.java:306)
	at de.uka.ilkd.key.nparser.KeyAst.accept(KeyAst.java:41)
	at de.uka.ilkd.key.nparser.KeyAst$File.getIncludes(KeyAst.java:76)
	at de.uka.ilkd.key.proof.io.KeYFile.readIncludes(KeYFile.java:208)
	... 14 more
Could not find rule file rules/intRulesCheckedSemantics.key (file: /home/runner/work/key/key/key.core/../key.ui/examples/index/.././heap/simple/arrays.key; caused by: de.uka.ilkd.key.proof.init.ProofInputException: Could not find rule file rules/intRulesCheckedSemantics.key)
	at de.uka.ilkd.key.control.AbstractUserInterfaceControl.load(AbstractUserInterfaceControl.java:221)
	at de.uka.ilkd.key.control.KeYEnvironment.load(KeYEnvironment.java:251)
	at de.uka.ilkd.key.control.KeYEnvironment.load(KeYEnvironment.java:224)
	at de.uka.ilkd.key.control.KeYEnvironment.load(KeYEnvironment.java:184)
	at de.uka.ilkd.key.control.KeYEnvironment.load(KeYEnvironment.java:261)
	at de.uka.ilkd.key.proof.runallproofs.proofcollection.TestFile.load(TestFile.java:270)
	at de.uka.ilkd.key.proof.runallproofs.proofcollection.TestFile.runKey(TestFile.java:160)
	at de.uka.ilkd.key.proof.runallproofs.proofcollection.ForkedTestFileRunner.main(ForkedTestFileRunner.java:171)
Caused by: de.uka.ilkd.key.proof.init.ProofInputException: Could not find rule file rules/intRulesCheckedSemantics.key
	at de.uka.ilkd.key.proof.io.KeYFile.readIncludes(KeYFile.java:210)
	at de.uka.ilkd.key.proof.init.ProblemInitializer.readIncludes(ProblemInitializer.java:177)
	at de.uka.ilkd.key.proof.init.ProblemInitializer.readEnvInput(ProblemInitializer.java:325)
	at de.uka.ilkd.key.proof.init.ProblemInitializer.prepare(ProblemInitializer.java:449)
	at de.uka.ilkd.key.proof.io.AbstractProblemLoader.createInitConfig(AbstractProblemLoader.java:518)
	at de.uka.ilkd.key.proof.io.AbstractProblemLoader.loadEnvironment(AbstractProblemLoader.java:288)
	at de.uka.ilkd.key.proof.io.AbstractProblemLoader.load(AbstractProblemLoader.java:252)
	at de.uka.ilkd.key.control.AbstractUserInterfaceControl.load(AbstractUserInterfaceControl.java:209)
	... 7 more
Caused by: java.lang.RuntimeException: Could not find rule file rules/intRulesCheckedSemantics.key
	at de.uka.ilkd.key.proof.io.RuleSourceFactory.fromBuiltInRule(RuleSourceFactory.java:32)
	at de.uka.ilkd.key.proof.io.RuleSourceFactory.fromDefaultLocation(RuleSourceFactory.java:21)
	at de.uka.ilkd.key.nparser.builder.IncludeFinder.addInclude(IncludeFinder.java:63)
	at de.uka.ilkd.key.nparser.builder.IncludeFinder.visitOne_include(IncludeFinder.java:43)
	at de.uka.ilkd.key.nparser.builder.IncludeFinder.visitOne_include(IncludeFinder.java:20)
	at de.uka.ilkd.key.nparser.KeYParser$One_includeContext.accept(KeYParser.java:878)
	at de.uka.ilkd.key.nparser.builder.AbstractBuilder.lambda$mapOf$0(AbstractBuilder.java:112)
	at java.base/java.util.stream.ReferencePipeline$3$1.accept(ReferencePipeline.java:195)
	at java.base/java.util.ArrayList$ArrayListSpliterator.forEachRemaining(ArrayList.java:1655)
	at java.base/java.util.stream.AbstractPipeline.copyInto(AbstractPipeline.java:484)
	at java.base/java.util.stream.AbstractPipeline.wrapAndCopyInto(AbstractPipeline.java:474)
	at java.base/java.util.stream.ReduceOps$ReduceOp.evaluateSequential(ReduceOps.java:913)
	at java.base/java.util.stream.AbstractPipeline.evaluate(AbstractPipeline.java:234)
	at java.base/java.util.stream.ReferencePipeline.collect(ReferencePipeline.java:578)
	at de.uka.ilkd.key.nparser.builder.AbstractBuilder.mapOf(AbstractBuilder.java:112)
	at de.uka.ilkd.key.nparser.builder.IncludeFinder.visitOne_include_statement(IncludeFinder.java:35)
	at de.uka.ilkd.key.nparser.builder.IncludeFinder.visitOne_include_statement(IncludeFinder.java:20)
	at de.uka.ilkd.key.nparser.KeYParser$One_include_statementContext.accept(KeYParser.java:802)
	at org.antlr.v4.runtime.tree.AbstractParseTreeVisitor.visitChildren(AbstractParseTreeVisitor.java:46)
	at de.uka.ilkd.key.nparser.KeYParserBaseVisitor.visitDecls(KeYParserBaseVisitor.java:30)
	at de.uka.ilkd.key.nparser.KeYParser$DeclsContext.accept(KeYParser.java:500)
	at org.antlr.v4.runtime.tree.AbstractParseTreeVisitor.visitChildren(AbstractParseTreeVisitor.java:46)
	at de.uka.ilkd.key.nparser.KeYParserBaseVisitor.visitFile(KeYParserBaseVisitor.java:23)
	at de.uka.ilkd.key.nparser.KeYParser$FileContext.accept(KeYParser.java:306)
	at de.uka.ilkd.key.nparser.KeyAst.accept(KeyAst.java:41)
	at de.uka.ilkd.key.nparser.KeyAst$File.getIncludes(KeyAst.java:76)
	at de.uka.ilkd.key.proof.io.KeYFile.readIncludes(KeYFile.java:208)
	... 14 more
Could not find rule file rules/intRulesCheckedSemantics.key (file: /home/runner/work/key/key/key.core/../key.ui/examples/index/.././heap/simple/attributes.key; caused by: de.uka.ilkd.key.proof.init.ProofInputException: Could not find rule file rules/intRulesCheckedSemantics.key)
	at de.uka.ilkd.key.control.AbstractUserInterfaceControl.load(AbstractUserInterfaceControl.java:221)
	at de.uka.ilkd.key.control.KeYEnvironment.load(KeYEnvironment.java:251)
	at de.uka.ilkd.key.control.KeYEnvironment.load(KeYEnvironment.java:224)
	at de.uka.ilkd.key.control.KeYEnvironment.load(KeYEnvironment.java:184)
	at de.uka.ilkd.key.control.KeYEnvironment.load(KeYEnvironment.java:261)
	at de.uka.ilkd.key.proof.runallproofs.proofcollection.TestFile.load(TestFile.java:270)
	at de.uka.ilkd.key.proof.runallproofs.proofcollection.TestFile.runKey(TestFile.java:160)
	at de.uka.ilkd.key.proof.runallproofs.proofcollection.ForkedTestFileRunner.main(ForkedTestFileRunner.java:171)
Caused by: de.uka.ilkd.key.proof.init.ProofInputException: Could not find rule file rules/intRulesCheckedSemantics.key
	at de.uka.ilkd.key.proof.io.KeYFile.readIncludes(KeYFile.java:210)
	at de.uka.ilkd.key.proof.init.ProblemInitializer.readIncludes(ProblemInitializer.java:177)
	at de.uka.ilkd.key.proof.init.ProblemInitializer.readEnvInput(ProblemInitializer.java:325)
	at de.uka.ilkd.key.proof.init.ProblemInitializer.prepare(ProblemInitializer.java:449)
	at de.uka.ilkd.key.proof.io.AbstractProblemLoader.createInitConfig(AbstractProblemLoader.java:518)
	at de.uka.ilkd.key.proof.io.AbstractProblemLoader.loadEnvironment(AbstractProblemLoader.java:288)
	at de.uka.ilkd.key.proof.io.AbstractProblemLoader.load(AbstractProblemLoader.java:252)
	at de.uka.ilkd.key.control.AbstractUserInterfaceControl.load(AbstractUserInterfaceControl.java:209)
	... 7 more
Caused by: java.lang.RuntimeException: Could not find rule file rules/intRulesCheckedSemantics.key
	at de.uka.ilkd.key.proof.io.RuleSourceFactory.fromBuiltInRule(RuleSourceFactory.java:32)
	at de.uka.ilkd.key.proof.io.RuleSourceFactory.fromDefaultLocation(RuleSourceFactory.java:21)
	at de.uka.ilkd.key.nparser.builder.IncludeFinder.addInclude(IncludeFinder.java:63)
	at de.uka.ilkd.key.nparser.builder.IncludeFinder.visitOne_include(IncludeFinder.java:43)
	at de.uka.ilkd.key.nparser.builder.IncludeFinder.visitOne_include(IncludeFinder.java:20)
	at de.uka.ilkd.key.nparser.KeYParser$One_includeContext.accept(KeYParser.java:878)
	at de.uka.ilkd.key.nparser.builder.AbstractBuilder.lambda$mapOf$0(AbstractBuilder.java:112)
	at java.base/java.util.stream.ReferencePipeline$3$1.accept(ReferencePipeline.java:195)
	at java.base/java.util.ArrayList$ArrayListSpliterator.forEachRemaining(ArrayList.java:1655)
	at java.base/java.util.stream.AbstractPipeline.copyInto(AbstractPipeline.java:484)
	at java.base/java.util.stream.AbstractPipeline.wrapAndCopyInto(AbstractPipeline.java:474)
	at java.base/java.util.stream.ReduceOps$ReduceOp.evaluateSequential(ReduceOps.java:913)
	at java.base/java.util.stream.AbstractPipeline.evaluate(AbstractPipeline.java:234)
	at java.base/java.util.stream.ReferencePipeline.collect(ReferencePipeline.java:578)
	at de.uka.ilkd.key.nparser.builder.AbstractBuilder.mapOf(AbstractBuilder.java:112)
	at de.uka.ilkd.key.nparser.builder.IncludeFinder.visitOne_include_statement(IncludeFinder.java:35)
	at de.uka.ilkd.key.nparser.builder.IncludeFinder.visitOne_include_statement(IncludeFinder.java:20)
	at de.uka.ilkd.key.nparser.KeYParser$One_include_statementContext.accept(KeYParser.java:802)
	at org.antlr.v4.runtime.tree.AbstractParseTreeVisitor.visitChildren(AbstractParseTreeVisitor.java:46)
	at de.uka.ilkd.key.nparser.KeYParserBaseVisitor.visitDecls(KeYParserBaseVisitor.java:30)
	at de.uka.ilkd.key.nparser.KeYParser$DeclsContext.accept(KeYParser.java:500)
	at org.antlr.v4.runtime.tree.AbstractParseTreeVisitor.visitChildren(AbstractParseTreeVisitor.java:46)
	at de.uka.ilkd.key.nparser.KeYParserBaseVisitor.visitFile(KeYParserBaseVisitor.java:23)
	at de.uka.ilkd.key.nparser.KeYParser$FileContext.accept(KeYParser.java:306)
	at de.uka.ilkd.key.nparser.KeyAst.accept(KeyAst.java:41)
	at de.uka.ilkd.key.nparser.KeyAst$File.getIncludes(KeyAst.java:76)
	at de.uka.ilkd.key.proof.io.KeYFile.readIncludes(KeYFile.java:208)
	... 14 more
Could not find rule file rules/intRulesCheckedSemantics.key (file: /home/runner/work/key/key/key.core/../key.ui/examples/index/.././heap/simple/constructor_contracts.key; caused by: de.uka.ilkd.key.proof.init.ProofInputException: Could not find rule file rules/intRulesCheckedSemantics.key)
	at de.uka.ilkd.key.control.AbstractUserInterfaceControl.load(AbstractUserInterfaceControl.java:221)
	at de.uka.ilkd.key.control.KeYEnvironment.load(KeYEnvironment.java:251)
	at de.uka.ilkd.key.control.KeYEnvironment.load(KeYEnvironment.java:224)
	at de.uka.ilkd.key.control.KeYEnvironment.load(KeYEnvironment.java:184)
	at de.uka.ilkd.key.control.KeYEnvironment.load(KeYEnvironment.java:261)
	at de.uka.ilkd.key.proof.runallproofs.proofcollection.TestFile.load(TestFile.java:270)
	at de.uka.ilkd.key.proof.runallproofs.proofcollection.TestFile.runKey(TestFile.java:160)
	at de.uka.ilkd.key.proof.runallproofs.proofcollection.ForkedTestFileRunner.main(ForkedTestFileRunner.java:171)
Caused by: de.uka.ilkd.key.proof.init.ProofInputException: Could not find rule file rules/intRulesCheckedSemantics.key
	at de.uka.ilkd.key.proof.io.KeYFile.readIncludes(KeYFile.java:210)
	at de.uka.ilkd.key.proof.init.ProblemInitializer.readIncludes(ProblemInitializer.java:177)
	at de.uka.ilkd.key.proof.init.ProblemInitializer.readEnvInput(ProblemInitializer.java:325)
	at de.uka.ilkd.key.proof.init.ProblemInitializer.prepare(ProblemInitializer.java:449)
	at de.uka.ilkd.key.proof.io.AbstractProblemLoader.createInitConfig(AbstractProblemLoader.java:518)
	at de.uka.ilkd.key.proof.io.AbstractProblemLoader.loadEnvironment(AbstractProblemLoader.java:288)
	at de.uka.ilkd.key.proof.io.AbstractProblemLoader.load(AbstractProblemLoader.java:252)
	at de.uka.ilkd.key.control.AbstractUserInterfaceControl.load(AbstractUserInterfaceControl.java:209)
	... 7 more
Caused by: java.lang.RuntimeException: Could not find rule file rules/intRulesCheckedSemantics.key
	at de.uka.ilkd.key.proof.io.RuleSourceFactory.fromBuiltInRule(RuleSourceFactory.java:32)
	at de.uka.ilkd.key.proof.io.RuleSourceFactory.fromDefaultLocation(RuleSourceFactory.java:21)
	at de.uka.ilkd.key.nparser.builder.IncludeFinder.addInclude(IncludeFinder.java:63)
	at de.uka.ilkd.key.nparser.builder.IncludeFinder.visitOne_include(IncludeFinder.java:43)
	at de.uka.ilkd.key.nparser.builder.IncludeFinder.visitOne_include(IncludeFinder.java:20)
	at de.uka.ilkd.key.nparser.KeYParser$One_includeContext.accept(KeYParser.java:878)
	at de.uka.ilkd.key.nparser.builder.AbstractBuilder.lambda$mapOf$0(AbstractBuilder.java:112)
	at java.base/java.util.stream.ReferencePipeline$3$1.accept(ReferencePipeline.java:195)
	at java.base/java.util.ArrayList$ArrayListSpliterator.forEachRemaining(ArrayList.java:1655)
	at java.base/java.util.stream.AbstractPipeline.copyInto(AbstractPipeline.java:484)
	at java.base/java.util.stream.AbstractPipeline.wrapAndCopyInto(AbstractPipeline.java:474)
	at java.base/java.util.stream.ReduceOps$ReduceOp.evaluateSequential(ReduceOps.java:913)
	at java.base/java.util.stream.AbstractPipeline.evaluate(AbstractPipeline.java:234)
	at java.base/java.util.stream.ReferencePipeline.collect(ReferencePipeline.java:578)
	at de.uka.ilkd.key.nparser.builder.AbstractBuilder.mapOf(AbstractBuilder.java:112)
	at de.uka.ilkd.key.nparser.builder.IncludeFinder.visitOne_include_statement(IncludeFinder.java:35)
	at de.uka.ilkd.key.nparser.builder.IncludeFinder.visitOne_include_statement(IncludeFinder.java:20)
	at de.uka.ilkd.key.nparser.KeYParser$One_include_statementContext.accept(KeYParser.java:802)
	at org.antlr.v4.runtime.tree.AbstractParseTreeVisitor.visitChildren(AbstractParseTreeVisitor.java:46)
	at de.uka.ilkd.key.nparser.KeYParserBaseVisitor.visitDecls(KeYParserBaseVisitor.java:30)
	at de.uka.ilkd.key.nparser.KeYParser$DeclsContext.accept(KeYParser.java:500)
	at org.antlr.v4.runtime.tree.AbstractParseTreeVisitor.visitChildren(AbstractParseTreeVisitor.java:46)
	at de.uka.ilkd.key.nparser.KeYParserBaseVisitor.visitFile(KeYParserBaseVisitor.java:23)
	at de.uka.ilkd.key.nparser.KeYParser$FileContext.accept(KeYParser.java:306)
	at de.uka.ilkd.key.nparser.KeyAst.accept(KeyAst.java:41)
	at de.uka.ilkd.key.nparser.KeyAst$File.getIncludes(KeyAst.java:76)
	at de.uka.ilkd.key.proof.io.KeYFile.readIncludes(KeYFile.java:208)
	... 14 more
Could not find rule file rules/intRulesCheckedSemantics.key (file: /home/runner/work/key/key/key.core/../key.ui/examples/index/.././heap/simple/dependencies.key; caused by: de.uka.ilkd.key.proof.init.ProofInputException: Could not find rule file rules/intRulesCheckedSemantics.key)
	at de.uka.ilkd.key.control.AbstractUserInterfaceControl.load(AbstractUserInterfaceControl.java:221)
	at de.uka.ilkd.key.control.KeYEnvironment.load(KeYEnvironment.java:251)
	at de.uka.ilkd.key.control.KeYEnvironment.load(KeYEnvironment.java:224)
	at de.uka.ilkd.key.control.KeYEnvironment.load(KeYEnvironment.java:184)
	at de.uka.ilkd.key.control.KeYEnvironment.load(KeYEnvironment.java:261)
	at de.uka.ilkd.key.proof.runallproofs.proofcollection.TestFile.load(TestFile.java:270)
	at de.uka.ilkd.key.proof.runallproofs.proofcollection.TestFile.runKey(TestFile.java:160)
	at de.uka.ilkd.key.proof.runallproofs.proofcollection.ForkedTestFileRunner.main(ForkedTestFileRunner.java:171)
Caused by: de.uka.ilkd.key.proof.init.ProofInputException: Could not find rule file rules/intRulesCheckedSemantics.key
	at de.uka.ilkd.key.proof.io.KeYFile.readIncludes(KeYFile.java:210)
	at de.uka.ilkd.key.proof.init.ProblemInitializer.readIncludes(ProblemInitializer.java:177)
	at de.uka.ilkd.key.proof.init.ProblemInitializer.readEnvInput(ProblemInitializer.java:325)
	at de.uka.ilkd.key.proof.init.ProblemInitializer.prepare(ProblemInitializer.java:449)
	at de.uka.ilkd.key.proof.io.AbstractProblemLoader.createInitConfig(AbstractProblemLoader.java:518)
	at de.uka.ilkd.key.proof.io.AbstractProblemLoader.loadEnvironment(AbstractProblemLoader.java:288)
	at de.uka.ilkd.key.proof.io.AbstractProblemLoader.load(AbstractProblemLoader.java:252)
	at de.uka.ilkd.key.control.AbstractUserInterfaceControl.load(AbstractUserInterfaceControl.java:209)
	... 7 more
Caused by: java.lang.RuntimeException: Could not find rule file rules/intRulesCheckedSemantics.key
	at de.uka.ilkd.key.proof.io.RuleSourceFactory.fromBuiltInRule(RuleSourceFactory.java:32)
	at de.uka.ilkd.key.proof.io.RuleSourceFactory.fromDefaultLocation(RuleSourceFactory.java:21)
	at de.uka.ilkd.key.nparser.builder.IncludeFinder.addInclude(IncludeFinder.java:63)
	at de.uka.ilkd.key.nparser.builder.IncludeFinder.visitOne_include(IncludeFinder.java:43)
	at de.uka.ilkd.key.nparser.builder.IncludeFinder.visitOne_include(IncludeFinder.java:20)
	at de.uka.ilkd.key.nparser.KeYParser$One_includeContext.accept(KeYParser.java:878)
	at de.uka.ilkd.key.nparser.builder.AbstractBuilder.lambda$mapOf$0(AbstractBuilder.java:112)
	at java.base/java.util.stream.ReferencePipeline$3$1.accept(ReferencePipeline.java:195)
	at java.base/java.util.ArrayList$ArrayListSpliterator.forEachRemaining(ArrayList.java:1655)
	at java.base/java.util.stream.AbstractPipeline.copyInto(AbstractPipeline.java:484)
	at java.base/java.util.stream.AbstractPipeline.wrapAndCopyInto(AbstractPipeline.java:474)
	at java.base/java.util.stream.ReduceOps$ReduceOp.evaluateSequential(ReduceOps.java:913)
	at java.base/java.util.stream.AbstractPipeline.evaluate(AbstractPipeline.java:234)
	at java.base/java.util.stream.ReferencePipeline.collect(ReferencePipeline.java:578)
	at de.uka.ilkd.key.nparser.builder.AbstractBuilder.mapOf(AbstractBuilder.java:112)
	at de.uka.ilkd.key.nparser.builder.IncludeFinder.visitOne_include_statement(IncludeFinder.java:35)
	at de.uka.ilkd.key.nparser.builder.IncludeFinder.visitOne_include_statement(IncludeFinder.java:20)
	at de.uka.ilkd.key.nparser.KeYParser$One_include_statementContext.accept(KeYParser.java:802)
	at org.antlr.v4.runtime.tree.AbstractParseTreeVisitor.visitChildren(AbstractParseTreeVisitor.java:46)
	at de.uka.ilkd.key.nparser.KeYParserBaseVisitor.visitDecls(KeYParserBaseVisitor.java:30)
	at de.uka.ilkd.key.nparser.KeYParser$DeclsContext.accept(KeYParser.java:500)
	at org.antlr.v4.runtime.tree.AbstractParseTreeVisitor.visitChildren(AbstractParseTreeVisitor.java:46)
	at de.uka.ilkd.key.nparser.KeYParserBaseVisitor.visitFile(KeYParserBaseVisitor.java:23)
	at de.uka.ilkd.key.nparser.KeYParser$FileContext.accept(KeYParser.java:306)
	at de.uka.ilkd.key.nparser.KeyAst.accept(KeyAst.java:41)
	at de.uka.ilkd.key.nparser.KeyAst$File.getIncludes(KeyAst.java:76)
	at de.uka.ilkd.key.proof.io.KeYFile.readIncludes(KeYFile.java:208)
	... 14 more
Could not find rule file rules/intRulesCheckedSemantics.key (file: /home/runner/work/key/key/key.core/../key.ui/examples/index/.././heap/simple/dependency_contracts.key; caused by: de.uka.ilkd.key.proof.init.ProofInputException: Could not find rule file rules/intRulesCheckedSemantics.key)
	at de.uka.ilkd.key.control.AbstractUserInterfaceControl.load(AbstractUserInterfaceControl.java:221)
	at de.uka.ilkd.key.control.KeYEnvironment.load(KeYEnvironment.java:251)
	at de.uka.ilkd.key.control.KeYEnvironment.load(KeYEnvironment.java:224)
	at de.uka.ilkd.key.control.KeYEnvironment.load(KeYEnvironment.java:184)
	at de.uka.ilkd.key.control.KeYEnvironment.load(KeYEnvironment.java:261)
	at de.uka.ilkd.key.proof.runallproofs.proofcollection.TestFile.load(TestFile.java:270)
	at de.uka.ilkd.key.proof.runallproofs.proofcollection.TestFile.runKey(TestFile.java:160)
	at de.uka.ilkd.key.proof.runallproofs.proofcollection.ForkedTestFileRunner.main(ForkedTestFileRunner.java:171)
Caused by: de.uka.ilkd.key.proof.init.ProofInputException: Could not find rule file rules/intRulesCheckedSemantics.key
	at de.uka.ilkd.key.proof.io.KeYFile.readIncludes(KeYFile.java:210)
	at de.uka.ilkd.key.proof.init.ProblemInitializer.readIncludes(ProblemInitializer.java:177)
	at de.uka.ilkd.key.proof.init.ProblemInitializer.readEnvInput(ProblemInitializer.java:325)
	at de.uka.ilkd.key.proof.init.ProblemInitializer.prepare(ProblemInitializer.java:449)
	at de.uka.ilkd.key.proof.io.AbstractProblemLoader.createInitConfig(AbstractProblemLoader.java:518)
	at de.uka.ilkd.key.proof.io.AbstractProblemLoader.loadEnvironment(AbstractProblemLoader.java:288)
	at de.uka.ilkd.key.proof.io.AbstractProblemLoader.load(AbstractProblemLoader.java:252)
	at de.uka.ilkd.key.control.AbstractUserInterfaceControl.load(AbstractUserInterfaceControl.java:209)
	... 7 more
Caused by: java.lang.RuntimeException: Could not find rule file rules/intRulesCheckedSemantics.key
	at de.uka.ilkd.key.proof.io.RuleSourceFactory.fromBuiltInRule(RuleSourceFactory.java:32)
	at de.uka.ilkd.key.proof.io.RuleSourceFactory.fromDefaultLocation(RuleSourceFactory.java:21)
	at de.uka.ilkd.key.nparser.builder.IncludeFinder.addInclude(IncludeFinder.java:63)
	at de.uka.ilkd.key.nparser.builder.IncludeFinder.visitOne_include(IncludeFinder.java:43)
	at de.uka.ilkd.key.nparser.builder.IncludeFinder.visitOne_include(IncludeFinder.java:20)
	at de.uka.ilkd.key.nparser.KeYParser$One_includeContext.accept(KeYParser.java:878)
	at de.uka.ilkd.key.nparser.builder.AbstractBuilder.lambda$mapOf$0(AbstractBuilder.java:112)
	at java.base/java.util.stream.ReferencePipeline$3$1.accept(ReferencePipeline.java:195)
	at java.base/java.util.ArrayList$ArrayListSpliterator.forEachRemaining(ArrayList.java:1655)
	at java.base/java.util.stream.AbstractPipeline.copyInto(AbstractPipeline.java:484)
	at java.base/java.util.stream.AbstractPipeline.wrapAndCopyInto(AbstractPipeline.java:474)
	at java.base/java.util.stream.ReduceOps$ReduceOp.evaluateSequential(ReduceOps.java:913)
	at java.base/java.util.stream.AbstractPipeline.evaluate(AbstractPipeline.java:234)
	at java.base/java.util.stream.ReferencePipeline.collect(ReferencePipeline.java:578)
	at de.uka.ilkd.key.nparser.builder.AbstractBuilder.mapOf(AbstractBuilder.java:112)
	at de.uka.ilkd.key.nparser.builder.IncludeFinder.visitOne_include_statement(IncludeFinder.java:35)
	at de.uka.ilkd.key.nparser.builder.IncludeFinder.visitOne_include_statement(IncludeFinder.java:20)
	at de.uka.ilkd.key.nparser.KeYParser$One_include_statementContext.accept(KeYParser.java:802)
	at org.antlr.v4.runtime.tree.AbstractParseTreeVisitor.visitChildren(AbstractParseTreeVisitor.java:46)
	at de.uka.ilkd.key.nparser.KeYParserBaseVisitor.visitDecls(KeYParserBaseVisitor.java:30)
	at de.uka.ilkd.key.nparser.KeYParser$DeclsContext.accept(KeYParser.java:500)
	at org.antlr.v4.runtime.tree.AbstractParseTreeVisitor.visitChildren(AbstractParseTreeVisitor.java:46)
	at de.uka.ilkd.key.nparser.KeYParserBaseVisitor.visitFile(KeYParserBaseVisitor.java:23)
	at de.uka.ilkd.key.nparser.KeYParser$FileContext.accept(KeYParser.java:306)
	at de.uka.ilkd.key.nparser.KeyAst.accept(KeyAst.java:41)
	at de.uka.ilkd.key.nparser.KeyAst$File.getIncludes(KeyAst.java:76)
	at de.uka.ilkd.key.proof.io.KeYFile.readIncludes(KeYFile.java:208)
	... 14 more
Could not find rule file rules/intRulesCheckedSemantics.key (file: /home/runner/work/key/key/key.core/../key.ui/examples/index/.././heap/simple/invariant_preservation.key; caused by: de.uka.ilkd.key.proof.init.ProofInputException: Could not find rule file rules/intRulesCheckedSemantics.key)
	at de.uka.ilkd.key.control.AbstractUserInterfaceControl.load(AbstractUserInterfaceControl.java:221)
	at de.uka.ilkd.key.control.KeYEnvironment.load(KeYEnvironment.java:251)
	at de.uka.ilkd.key.control.KeYEnvironment.load(KeYEnvironment.java:224)
	at de.uka.ilkd.key.control.KeYEnvironment.load(KeYEnvironment.java:184)
	at de.uka.ilkd.key.control.KeYEnvironment.load(KeYEnvironment.java:261)
	at de.uka.ilkd.key.proof.runallproofs.proofcollection.TestFile.load(TestFile.java:270)
	at de.uka.ilkd.key.proof.runallproofs.proofcollection.TestFile.runKey(TestFile.java:160)
	at de.uka.ilkd.key.proof.runallproofs.proofcollection.ForkedTestFileRunner.main(ForkedTestFileRunner.java:171)
Caused by: de.uka.ilkd.key.proof.init.ProofInputException: Could not find rule file rules/intRulesCheckedSemantics.key
	at de.uka.ilkd.key.proof.io.KeYFile.readIncludes(KeYFile.java:210)
	at de.uka.ilkd.key.proof.init.ProblemInitializer.readIncludes(ProblemInitializer.java:177)
	at de.uka.ilkd.key.proof.init.ProblemInitializer.readEnvInput(ProblemInitializer.java:325)
	at de.uka.ilkd.key.proof.init.ProblemInitializer.prepare(ProblemInitializer.java:449)
	at de.uka.ilkd.key.proof.io.AbstractProblemLoader.createInitConfig(AbstractProblemLoader.java:518)
	at de.uka.ilkd.key.proof.io.AbstractProblemLoader.loadEnvironment(AbstractProblemLoader.java:288)
	at de.uka.ilkd.key.proof.io.AbstractProblemLoader.load(AbstractProblemLoader.java:252)
	at de.uka.ilkd.key.control.AbstractUserInterfaceControl.load(AbstractUserInterfaceControl.java:209)
	... 7 more
Caused by: java.lang.RuntimeException: Could not find rule file rules/intRulesCheckedSemantics.key
	at de.uka.ilkd.key.proof.io.RuleSourceFactory.fromBuiltInRule(RuleSourceFactory.java:32)
	at de.uka.ilkd.key.proof.io.RuleSourceFactory.fromDefaultLocation(RuleSourceFactory.java:21)
	at de.uka.ilkd.key.nparser.builder.IncludeFinder.addInclude(IncludeFinder.java:63)
	at de.uka.ilkd.key.nparser.builder.IncludeFinder.visitOne_include(IncludeFinder.java:43)
	at de.uka.ilkd.key.nparser.builder.IncludeFinder.visitOne_include(IncludeFinder.java:20)
	at de.uka.ilkd.key.nparser.KeYParser$One_includeContext.accept(KeYParser.java:878)
	at de.uka.ilkd.key.nparser.builder.AbstractBuilder.lambda$mapOf$0(AbstractBuilder.java:112)
	at java.base/java.util.stream.ReferencePipeline$3$1.accept(ReferencePipeline.java:195)
	at java.base/java.util.ArrayList$ArrayListSpliterator.forEachRemaining(ArrayList.java:1655)
	at java.base/java.util.stream.AbstractPipeline.copyInto(AbstractPipeline.java:484)
	at java.base/java.util.stream.AbstractPipeline.wrapAndCopyInto(AbstractPipeline.java:474)
	at java.base/java.util.stream.ReduceOps$ReduceOp.evaluateSequential(ReduceOps.java:913)
	at java.base/java.util.stream.AbstractPipeline.evaluate(AbstractPipeline.java:234)
	at java.base/java.util.stream.ReferencePipeline.collect(ReferencePipeline.java:578)
	at de.uka.ilkd.key.nparser.builder.AbstractBuilder.mapOf(AbstractBuilder.java:112)
	at de.uka.ilkd.key.nparser.builder.IncludeFinder.visitOne_include_statement(IncludeFinder.java:35)
	at de.uka.ilkd.key.nparser.builder.IncludeFinder.visitOne_include_statement(IncludeFinder.java:20)
	at de.uka.ilkd.key.nparser.KeYParser$One_include_statementContext.accept(KeYParser.java:802)
	at org.antlr.v4.runtime.tree.AbstractParseTreeVisitor.visitChildren(AbstractParseTreeVisitor.java:46)
	at de.uka.ilkd.key.nparser.KeYParserBaseVisitor.visitDecls(KeYParserBaseVisitor.java:30)
	at de.uka.ilkd.key.nparser.KeYParser$DeclsContext.accept(KeYParser.java:500)
	at org.antlr.v4.runtime.tree.AbstractParseTreeVisitor.visitChildren(AbstractParseTreeVisitor.java:46)
	at de.uka.ilkd.key.nparser.KeYParserBaseVisitor.visitFile(KeYParserBaseVisitor.java:23)
	at de.uka.ilkd.key.nparser.KeYParser$FileContext.accept(KeYParser.java:306)
	at de.uka.ilkd.key.nparser.KeyAst.accept(KeyAst.java:41)
	at de.uka.ilkd.key.nparser.KeyAst$File.getIncludes(KeyAst.java:76)
	at de.uka.ilkd.key.proof.io.KeYFile.readIncludes(KeYFile.java:208)
	... 14 more
Could not find rule file rules/intRulesCheckedSemantics.key (file: /home/runner/work/key/key/key.core/../key.ui/examples/index/.././heap/simple/locsets.key; caused by: de.uka.ilkd.key.proof.init.ProofInputException: Could not find rule file rules/intRulesCheckedSemantics.key)
	at de.uka.ilkd.key.control.AbstractUserInterfaceControl.load(AbstractUserInterfaceControl.java:221)
	at de.uka.ilkd.key.control.KeYEnvironment.load(KeYEnvironment.java:251)
	at de.uka.ilkd.key.control.KeYEnvironment.load(KeYEnvironment.java:224)
	at de.uka.ilkd.key.control.KeYEnvironment.load(KeYEnvironment.java:184)
	at de.uka.ilkd.key.control.KeYEnvironment.load(KeYEnvironment.java:261)
	at de.uka.ilkd.key.proof.runallproofs.proofcollection.TestFile.load(TestFile.java:270)
	at de.uka.ilkd.key.proof.runallproofs.proofcollection.TestFile.runKey(TestFile.java:160)
	at de.uka.ilkd.key.proof.runallproofs.proofcollection.ForkedTestFileRunner.main(ForkedTestFileRunner.java:171)
Caused by: de.uka.ilkd.key.proof.init.ProofInputException: Could not find rule file rules/intRulesCheckedSemantics.key
	at de.uka.ilkd.key.proof.io.KeYFile.readIncludes(KeYFile.java:210)
	at de.uka.ilkd.key.proof.init.ProblemInitializer.readIncludes(ProblemInitializer.java:177)
	at de.uka.ilkd.key.proof.init.ProblemInitializer.readEnvInput(ProblemInitializer.java:325)
	at de.uka.ilkd.key.proof.init.ProblemInitializer.prepare(ProblemInitializer.java:449)
	at de.uka.ilkd.key.proof.io.AbstractProblemLoader.createInitConfig(AbstractProblemLoader.java:518)
	at de.uka.ilkd.key.proof.io.AbstractProblemLoader.loadEnvironment(AbstractProblemLoader.java:288)
	at de.uka.ilkd.key.proof.io.AbstractProblemLoader.load(AbstractProblemLoader.java:252)
	at de.uka.ilkd.key.control.AbstractUserInterfaceControl.load(AbstractUserInterfaceControl.java:209)
	... 7 more
Caused by: java.lang.RuntimeException: Could not find rule file rules/intRulesCheckedSemantics.key
	at de.uka.ilkd.key.proof.io.RuleSourceFactory.fromBuiltInRule(RuleSourceFactory.java:32)
	at de.uka.ilkd.key.proof.io.RuleSourceFactory.fromDefaultLocation(RuleSourceFactory.java:21)
	at de.uka.ilkd.key.nparser.builder.IncludeFinder.addInclude(IncludeFinder.java:63)
	at de.uka.ilkd.key.nparser.builder.IncludeFinder.visitOne_include(IncludeFinder.java:43)
	at de.uka.ilkd.key.nparser.builder.IncludeFinder.visitOne_include(IncludeFinder.java:20)
	at de.uka.ilkd.key.nparser.KeYParser$One_includeContext.accept(KeYParser.java:878)
	at de.uka.ilkd.key.nparser.builder.AbstractBuilder.lambda$mapOf$0(AbstractBuilder.java:112)
	at java.base/java.util.stream.ReferencePipeline$3$1.accept(ReferencePipeline.java:195)
	at java.base/java.util.ArrayList$ArrayListSpliterator.forEachRemaining(ArrayList.java:1655)
	at java.base/java.util.stream.AbstractPipeline.copyInto(AbstractPipeline.java:484)
	at java.base/java.util.stream.AbstractPipeline.wrapAndCopyInto(AbstractPipeline.java:474)
	at java.base/java.util.stream.ReduceOps$ReduceOp.evaluateSequential(ReduceOps.java:913)
	at java.base/java.util.stream.AbstractPipeline.evaluate(AbstractPipeline.java:234)
	at java.base/java.util.stream.ReferencePipeline.collect(ReferencePipeline.java:578)
	at de.uka.ilkd.key.nparser.builder.AbstractBuilder.mapOf(AbstractBuilder.java:112)
	at de.uka.ilkd.key.nparser.builder.IncludeFinder.visitOne_include_statement(IncludeFinder.java:35)
	at de.uka.ilkd.key.nparser.builder.IncludeFinder.visitOne_include_statement(IncludeFinder.java:20)
	at de.uka.ilkd.key.nparser.KeYParser$One_include_statementContext.accept(KeYParser.java:802)
	at org.antlr.v4.runtime.tree.AbstractParseTreeVisitor.visitChildren(AbstractParseTreeVisitor.java:46)
	at de.uka.ilkd.key.nparser.KeYParserBaseVisitor.visitDecls(KeYParserBaseVisitor.java:30)
	at de.uka.ilkd.key.nparser.KeYParser$DeclsContext.accept(KeYParser.java:500)
	at org.antlr.v4.runtime.tree.AbstractParseTreeVisitor.visitChildren(AbstractParseTreeVisitor.java:46)
	at de.uka.ilkd.key.nparser.KeYParserBaseVisitor.visitFile(KeYParserBaseVisitor.java:23)
	at de.uka.ilkd.key.nparser.KeYParser$FileContext.accept(KeYParser.java:306)
	at de.uka.ilkd.key.nparser.KeyAst.accept(KeyAst.java:41)
	at de.uka.ilkd.key.nparser.KeyAst$File.getIncludes(KeyAst.java:76)
	at de.uka.ilkd.key.proof.io.KeYFile.readIncludes(KeYFile.java:208)
	... 14 more
Could not find rule file rules/intRulesCheckedSemantics.key (file: /home/runner/work/key/key/key.core/../key.ui/examples/index/.././heap/simple/loop1.key; caused by: de.uka.ilkd.key.proof.init.ProofInputException: Could not find rule file rules/intRulesCheckedSemantics.key)
	at de.uka.ilkd.key.control.AbstractUserInterfaceControl.load(AbstractUserInterfaceControl.java:221)
	at de.uka.ilkd.key.control.KeYEnvironment.load(KeYEnvironment.java:251)
	at de.uka.ilkd.key.control.KeYEnvironment.load(KeYEnvironment.java:224)
	at de.uka.ilkd.key.control.KeYEnvironment.load(KeYEnvironment.java:184)
	at de.uka.ilkd.key.control.KeYEnvironment.load(KeYEnvironment.java:261)
	at de.uka.ilkd.key.proof.runallproofs.proofcollection.TestFile.load(TestFile.java:270)
	at de.uka.ilkd.key.proof.runallproofs.proofcollection.TestFile.runKey(TestFile.java:160)
	at de.uka.ilkd.key.proof.runallproofs.proofcollection.ForkedTestFileRunner.main(ForkedTestFileRunner.java:171)
Caused by: de.uka.ilkd.key.proof.init.ProofInputException: Could not find rule file rules/intRulesCheckedSemantics.key
	at de.uka.ilkd.key.proof.io.KeYFile.readIncludes(KeYFile.java:210)
	at de.uka.ilkd.key.proof.init.ProblemInitializer.readIncludes(ProblemInitializer.java:177)
	at de.uka.ilkd.key.proof.init.ProblemInitializer.readEnvInput(ProblemInitializer.java:325)
	at de.uka.ilkd.key.proof.init.ProblemInitializer.prepare(ProblemInitializer.java:449)
	at de.uka.ilkd.key.proof.io.AbstractProblemLoader.createInitConfig(AbstractProblemLoader.java:518)
	at de.uka.ilkd.key.proof.io.AbstractProblemLoader.loadEnvironment(AbstractProblemLoader.java:288)
	at de.uka.ilkd.key.proof.io.AbstractProblemLoader.load(AbstractProblemLoader.java:252)
	at de.uka.ilkd.key.control.AbstractUserInterfaceControl.load(AbstractUserInterfaceControl.java:209)
	... 7 more
Caused by: java.lang.RuntimeException: Could not find rule file rules/intRulesCheckedSemantics.key
	at de.uka.ilkd.key.proof.io.RuleSourceFactory.fromBuiltInRule(RuleSourceFactory.java:32)
	at de.uka.ilkd.key.proof.io.RuleSourceFactory.fromDefaultLocation(RuleSourceFactory.java:21)
	at de.uka.ilkd.key.nparser.builder.IncludeFinder.addInclude(IncludeFinder.java:63)
	at de.uka.ilkd.key.nparser.builder.IncludeFinder.visitOne_include(IncludeFinder.java:43)
	at de.uka.ilkd.key.nparser.builder.IncludeFinder.visitOne_include(IncludeFinder.java:20)
	at de.uka.ilkd.key.nparser.KeYParser$One_includeContext.accept(KeYParser.java:878)
	at de.uka.ilkd.key.nparser.builder.AbstractBuilder.lambda$mapOf$0(AbstractBuilder.java:112)
	at java.base/java.util.stream.ReferencePipeline$3$1.accept(ReferencePipeline.java:195)
	at java.base/java.util.ArrayList$ArrayListSpliterator.forEachRemaining(ArrayList.java:1655)
	at java.base/java.util.stream.AbstractPipeline.copyInto(AbstractPipeline.java:484)
	at java.base/java.util.stream.AbstractPipeline.wrapAndCopyInto(AbstractPipeline.java:474)
	at java.base/java.util.stream.ReduceOps$ReduceOp.evaluateSequential(ReduceOps.java:913)
	at java.base/java.util.stream.AbstractPipeline.evaluate(AbstractPipeline.java:234)
	at java.base/java.util.stream.ReferencePipeline.collect(ReferencePipeline.java:578)
	at de.uka.ilkd.key.nparser.builder.AbstractBuilder.mapOf(AbstractBuilder.java:112)
	at de.uka.ilkd.key.nparser.builder.IncludeFinder.visitOne_include_statement(IncludeFinder.java:35)
	at de.uka.ilkd.key.nparser.builder.IncludeFinder.visitOne_include_statement(IncludeFinder.java:20)
	at de.uka.ilkd.key.nparser.KeYParser$One_include_statementContext.accept(KeYParser.java:802)
	at org.antlr.v4.runtime.tree.AbstractParseTreeVisitor.visitChildren(AbstractParseTreeVisitor.java:46)
	at de.uka.ilkd.key.nparser.KeYParserBaseVisitor.visitDecls(KeYParserBaseVisitor.java:30)
	at de.uka.ilkd.key.nparser.KeYParser$DeclsContext.accept(KeYParser.java:500)
	at org.antlr.v4.runtime.tree.AbstractParseTreeVisitor.visitChildren(AbstractParseTreeVisitor.java:46)
	at de.uka.ilkd.key.nparser.KeYParserBaseVisitor.visitFile(KeYParserBaseVisitor.java:23)
	at de.uka.ilkd.key.nparser.KeYParser$FileContext.accept(KeYParser.java:306)
	at de.uka.ilkd.key.nparser.KeyAst.accept(KeyAst.java:41)
	at de.uka.ilkd.key.nparser.KeyAst$File.getIncludes(KeyAst.java:76)
	at de.uka.ilkd.key.proof.io.KeYFile.readIncludes(KeYFile.java:208)
	... 14 more
Could not find rule file rules/intRulesCheckedSemantics.key (file: /home/runner/work/key/key/key.core/../key.ui/examples/index/.././heap/simple/loop2.key; caused by: de.uka.ilkd.key.proof.init.ProofInputException: Could not find rule file rules/intRulesCheckedSemantics.key)
	at de.uka.ilkd.key.control.AbstractUserInterfaceControl.load(AbstractUserInterfaceControl.java:221)
	at de.uka.ilkd.key.control.KeYEnvironment.load(KeYEnvironment.java:251)
	at de.uka.ilkd.key.control.KeYEnvironment.load(KeYEnvironment.java:224)
	at de.uka.ilkd.key.control.KeYEnvironment.load(KeYEnvironment.java:184)
	at de.uka.ilkd.key.control.KeYEnvironment.load(KeYEnvironment.java:261)
	at de.uka.ilkd.key.proof.runallproofs.proofcollection.TestFile.load(TestFile.java:270)
	at de.uka.ilkd.key.proof.runallproofs.proofcollection.TestFile.runKey(TestFile.java:160)
	at de.uka.ilkd.key.proof.runallproofs.proofcollection.ForkedTestFileRunner.main(ForkedTestFileRunner.java:171)
Caused by: de.uka.ilkd.key.proof.init.ProofInputException: Could not find rule file rules/intRulesCheckedSemantics.key
	at de.uka.ilkd.key.proof.io.KeYFile.readIncludes(KeYFile.java:210)
	at de.uka.ilkd.key.proof.init.ProblemInitializer.readIncludes(ProblemInitializer.java:177)
	at de.uka.ilkd.key.proof.init.ProblemInitializer.readEnvInput(ProblemInitializer.java:325)
	at de.uka.ilkd.key.proof.init.ProblemInitializer.prepare(ProblemInitializer.java:449)
	at de.uka.ilkd.key.proof.io.AbstractProblemLoader.createInitConfig(AbstractProblemLoader.java:518)
	at de.uka.ilkd.key.proof.io.AbstractProblemLoader.loadEnvironment(AbstractProblemLoader.java:288)
	at de.uka.ilkd.key.proof.io.AbstractProblemLoader.load(AbstractProblemLoader.java:252)
	at de.uka.ilkd.key.control.AbstractUserInterfaceControl.load(AbstractUserInterfaceControl.java:209)
	... 7 more
Caused by: java.lang.RuntimeException: Could not find rule file rules/intRulesCheckedSemantics.key
	at de.uka.ilkd.key.proof.io.RuleSourceFactory.fromBuiltInRule(RuleSourceFactory.java:32)
	at de.uka.ilkd.key.proof.io.RuleSourceFactory.fromDefaultLocation(RuleSourceFactory.java:21)
	at de.uka.ilkd.key.nparser.builder.IncludeFinder.addInclude(IncludeFinder.java:63)
	at de.uka.ilkd.key.nparser.builder.IncludeFinder.visitOne_include(IncludeFinder.java:43)
	at de.uka.ilkd.key.nparser.builder.IncludeFinder.visitOne_include(IncludeFinder.java:20)
	at de.uka.ilkd.key.nparser.KeYParser$One_includeContext.accept(KeYParser.java:878)
	at de.uka.ilkd.key.nparser.builder.AbstractBuilder.lambda$mapOf$0(AbstractBuilder.java:112)
	at java.base/java.util.stream.ReferencePipeline$3$1.accept(ReferencePipeline.java:195)
	at java.base/java.util.ArrayList$ArrayListSpliterator.forEachRemaining(ArrayList.java:1655)
	at java.base/java.util.stream.AbstractPipeline.copyInto(AbstractPipeline.java:484)
	at java.base/java.util.stream.AbstractPipeline.wrapAndCopyInto(AbstractPipeline.java:474)
	at java.base/java.util.stream.ReduceOps$ReduceOp.evaluateSequential(ReduceOps.java:913)
	at java.base/java.util.stream.AbstractPipeline.evaluate(AbstractPipeline.java:234)
	at java.base/java.util.stream.ReferencePipeline.collect(ReferencePipeline.java:578)
	at de.uka.ilkd.key.nparser.builder.AbstractBuilder.mapOf(AbstractBuilder.java:112)
	at de.uka.ilkd.key.nparser.builder.IncludeFinder.visitOne_include_statement(IncludeFinder.java:35)
	at de.uka.ilkd.key.nparser.builder.IncludeFinder.visitOne_include_statement(IncludeFinder.java:20)
	at de.uka.ilkd.key.nparser.KeYParser$One_include_statementContext.accept(KeYParser.java:802)
	at org.antlr.v4.runtime.tree.AbstractParseTreeVisitor.visitChildren(AbstractParseTreeVisitor.java:46)
	at de.uka.ilkd.key.nparser.KeYParserBaseVisitor.visitDecls(KeYParserBaseVisitor.java:30)
	at de.uka.ilkd.key.nparser.KeYParser$DeclsContext.accept(KeYParser.java:500)
	at org.antlr.v4.runtime.tree.AbstractParseTreeVisitor.visitChildren(AbstractParseTreeVisitor.java:46)
	at de.uka.ilkd.key.nparser.KeYParserBaseVisitor.visitFile(KeYParserBaseVisitor.java:23)
	at de.uka.ilkd.key.nparser.KeYParser$FileContext.accept(KeYParser.java:306)
	at de.uka.ilkd.key.nparser.KeyAst.accept(KeyAst.java:41)
	at de.uka.ilkd.key.nparser.KeyAst$File.getIncludes(KeyAst.java:76)
	at de.uka.ilkd.key.proof.io.KeYFile.readIncludes(KeYFile.java:208)
	... 14 more
Could not find rule file rules/intRulesCheckedSemantics.key (file: /home/runner/work/key/key/key.core/../key.ui/examples/index/.././heap/simple/modifies_datagroup.key; caused by: de.uka.ilkd.key.proof.init.ProofInputException: Could not find rule file rules/intRulesCheckedSemantics.key)
	at de.uka.ilkd.key.control.AbstractUserInterfaceControl.load(AbstractUserInterfaceControl.java:221)
	at de.uka.ilkd.key.control.KeYEnvironment.load(KeYEnvironment.java:251)
	at de.uka.ilkd.key.control.KeYEnvironment.load(KeYEnvironment.java:224)
	at de.uka.ilkd.key.control.KeYEnvironment.load(KeYEnvironment.java:184)
	at de.uka.ilkd.key.control.KeYEnvironment.load(KeYEnvironment.java:261)
	at de.uka.ilkd.key.proof.runallproofs.proofcollection.TestFile.load(TestFile.java:270)
	at de.uka.ilkd.key.proof.runallproofs.proofcollection.TestFile.runKey(TestFile.java:160)
	at de.uka.ilkd.key.proof.runallproofs.proofcollection.ForkedTestFileRunner.main(ForkedTestFileRunner.java:171)
Caused by: de.uka.ilkd.key.proof.init.ProofInputException: Could not find rule file rules/intRulesCheckedSemantics.key
	at de.uka.ilkd.key.proof.io.KeYFile.readIncludes(KeYFile.java:210)
	at de.uka.ilkd.key.proof.init.ProblemInitializer.readIncludes(ProblemInitializer.java:177)
	at de.uka.ilkd.key.proof.init.ProblemInitializer.readEnvInput(ProblemInitializer.java:325)
	at de.uka.ilkd.key.proof.init.ProblemInitializer.prepare(ProblemInitializer.java:449)
	at de.uka.ilkd.key.proof.io.AbstractProblemLoader.createInitConfig(AbstractProblemLoader.java:518)
	at de.uka.ilkd.key.proof.io.AbstractProblemLoader.loadEnvironment(AbstractProblemLoader.java:288)
	at de.uka.ilkd.key.proof.io.AbstractProblemLoader.load(AbstractProblemLoader.java:252)
	at de.uka.ilkd.key.control.AbstractUserInterfaceControl.load(AbstractUserInterfaceControl.java:209)
	... 7 more
Caused by: java.lang.RuntimeException: Could not find rule file rules/intRulesCheckedSemantics.key
	at de.uka.ilkd.key.proof.io.RuleSourceFactory.fromBuiltInRule(RuleSourceFactory.java:32)
	at de.uka.ilkd.key.proof.io.RuleSourceFactory.fromDefaultLocation(RuleSourceFactory.java:21)
	at de.uka.ilkd.key.nparser.builder.IncludeFinder.addInclude(IncludeFinder.java:63)
	at de.uka.ilkd.key.nparser.builder.IncludeFinder.visitOne_include(IncludeFinder.java:43)
	at de.uka.ilkd.key.nparser.builder.IncludeFinder.visitOne_include(IncludeFinder.java:20)
	at de.uka.ilkd.key.nparser.KeYParser$One_includeContext.accept(KeYParser.java:878)
	at de.uka.ilkd.key.nparser.builder.AbstractBuilder.lambda$mapOf$0(AbstractBuilder.java:112)
	at java.base/java.util.stream.ReferencePipeline$3$1.accept(ReferencePipeline.java:195)
	at java.base/java.util.ArrayList$ArrayListSpliterator.forEachRemaining(ArrayList.java:1655)
	at java.base/java.util.stream.AbstractPipeline.copyInto(AbstractPipeline.java:484)
	at java.base/java.util.stream.AbstractPipeline.wrapAndCopyInto(AbstractPipeline.java:474)
	at java.base/java.util.stream.ReduceOps$ReduceOp.evaluateSequential(ReduceOps.java:913)
	at java.base/java.util.stream.AbstractPipeline.evaluate(AbstractPipeline.java:234)
	at java.base/java.util.stream.ReferencePipeline.collect(ReferencePipeline.java:578)
	at de.uka.ilkd.key.nparser.builder.AbstractBuilder.mapOf(AbstractBuilder.java:112)
	at de.uka.ilkd.key.nparser.builder.IncludeFinder.visitOne_include_statement(IncludeFinder.java:35)
	at de.uka.ilkd.key.nparser.builder.IncludeFinder.visitOne_include_statement(IncludeFinder.java:20)
	at de.uka.ilkd.key.nparser.KeYParser$One_include_statementContext.accept(KeYParser.java:802)
	at org.antlr.v4.runtime.tree.AbstractParseTreeVisitor.visitChildren(AbstractParseTreeVisitor.java:46)
	at de.uka.ilkd.key.nparser.KeYParserBaseVisitor.visitDecls(KeYParserBaseVisitor.java:30)
	at de.uka.ilkd.key.nparser.KeYParser$DeclsContext.accept(KeYParser.java:500)
	at org.antlr.v4.runtime.tree.AbstractParseTreeVisitor.visitChildren(AbstractParseTreeVisitor.java:46)
	at de.uka.ilkd.key.nparser.KeYParserBaseVisitor.visitFile(KeYParserBaseVisitor.java:23)
	at de.uka.ilkd.key.nparser.KeYParser$FileContext.accept(KeYParser.java:306)
	at de.uka.ilkd.key.nparser.KeyAst.accept(KeyAst.java:41)
	at de.uka.ilkd.key.nparser.KeyAst$File.getIncludes(KeyAst.java:76)
	at de.uka.ilkd.key.proof.io.KeYFile.readIncludes(KeYFile.java:208)
	... 14 more
Could not find rule file rules/intRulesCheckedSemantics.key (file: /home/runner/work/key/key/key.core/../key.ui/examples/index/.././heap/simple/modifies.key; caused by: de.uka.ilkd.key.proof.init.ProofInputException: Could not find rule file rules/intRulesCheckedSemantics.key)
	at de.uka.ilkd.key.control.AbstractUserInterfaceControl.load(AbstractUserInterfaceControl.java:221)
	at de.uka.ilkd.key.control.KeYEnvironment.load(KeYEnvironment.java:251)
	at de.uka.ilkd.key.control.KeYEnvironment.load(KeYEnvironment.java:224)
	at de.uka.ilkd.key.control.KeYEnvironment.load(KeYEnvironment.java:184)
	at de.uka.ilkd.key.control.KeYEnvironment.load(KeYEnvironment.java:261)
	at de.uka.ilkd.key.proof.runallproofs.proofcollection.TestFile.load(TestFile.java:270)
	at de.uka.ilkd.key.proof.runallproofs.proofcollection.TestFile.runKey(TestFile.java:160)
	at de.uka.ilkd.key.proof.runallproofs.proofcollection.ForkedTestFileRunner.main(ForkedTestFileRunner.java:171)
Caused by: de.uka.ilkd.key.proof.init.ProofInputException: Could not find rule file rules/intRulesCheckedSemantics.key
	at de.uka.ilkd.key.proof.io.KeYFile.readIncludes(KeYFile.java:210)
	at de.uka.ilkd.key.proof.init.ProblemInitializer.readIncludes(ProblemInitializer.java:177)
	at de.uka.ilkd.key.proof.init.ProblemInitializer.readEnvInput(ProblemInitializer.java:325)
	at de.uka.ilkd.key.proof.init.ProblemInitializer.prepare(ProblemInitializer.java:449)
	at de.uka.ilkd.key.proof.io.AbstractProblemLoader.createInitConfig(AbstractProblemLoader.java:518)
	at de.uka.ilkd.key.proof.io.AbstractProblemLoader.loadEnvironment(AbstractProblemLoader.java:288)
	at de.uka.ilkd.key.proof.io.AbstractProblemLoader.load(AbstractProblemLoader.java:252)
	at de.uka.ilkd.key.control.AbstractUserInterfaceControl.load(AbstractUserInterfaceControl.java:209)
	... 7 more
Caused by: java.lang.RuntimeException: Could not find rule file rules/intRulesCheckedSemantics.key
	at de.uka.ilkd.key.proof.io.RuleSourceFactory.fromBuiltInRule(RuleSourceFactory.java:32)
	at de.uka.ilkd.key.proof.io.RuleSourceFactory.fromDefaultLocation(RuleSourceFactory.java:21)
	at de.uka.ilkd.key.nparser.builder.IncludeFinder.addInclude(IncludeFinder.java:63)
	at de.uka.ilkd.key.nparser.builder.IncludeFinder.visitOne_include(IncludeFinder.java:43)
	at de.uka.ilkd.key.nparser.builder.IncludeFinder.visitOne_include(IncludeFinder.java:20)
	at de.uka.ilkd.key.nparser.KeYParser$One_includeContext.accept(KeYParser.java:878)
	at de.uka.ilkd.key.nparser.builder.AbstractBuilder.lambda$mapOf$0(AbstractBuilder.java:112)
	at java.base/java.util.stream.ReferencePipeline$3$1.accept(ReferencePipeline.java:195)
	at java.base/java.util.ArrayList$ArrayListSpliterator.forEachRemaining(ArrayList.java:1655)
	at java.base/java.util.stream.AbstractPipeline.copyInto(AbstractPipeline.java:484)
	at java.base/java.util.stream.AbstractPipeline.wrapAndCopyInto(AbstractPipeline.java:474)
	at java.base/java.util.stream.ReduceOps$ReduceOp.evaluateSequential(ReduceOps.java:913)
	at java.base/java.util.stream.AbstractPipeline.evaluate(AbstractPipeline.java:234)
	at java.base/java.util.stream.ReferencePipeline.collect(ReferencePipeline.java:578)
	at de.uka.ilkd.key.nparser.builder.AbstractBuilder.mapOf(AbstractBuilder.java:112)
	at de.uka.ilkd.key.nparser.builder.IncludeFinder.visitOne_include_statement(IncludeFinder.java:35)
	at de.uka.ilkd.key.nparser.builder.IncludeFinder.visitOne_include_statement(IncludeFinder.java:20)
	at de.uka.ilkd.key.nparser.KeYParser$One_include_statementContext.accept(KeYParser.java:802)
	at org.antlr.v4.runtime.tree.AbstractParseTreeVisitor.visitChildren(AbstractParseTreeVisitor.java:46)
	at de.uka.ilkd.key.nparser.KeYParserBaseVisitor.visitDecls(KeYParserBaseVisitor.java:30)
	at de.uka.ilkd.key.nparser.KeYParser$DeclsContext.accept(KeYParser.java:500)
	at org.antlr.v4.runtime.tree.AbstractParseTreeVisitor.visitChildren(AbstractParseTreeVisitor.java:46)
	at de.uka.ilkd.key.nparser.KeYParserBaseVisitor.visitFile(KeYParserBaseVisitor.java:23)
	at de.uka.ilkd.key.nparser.KeYParser$FileContext.accept(KeYParser.java:306)
	at de.uka.ilkd.key.nparser.KeyAst.accept(KeyAst.java:41)
	at de.uka.ilkd.key.nparser.KeyAst$File.getIncludes(KeyAst.java:76)
	at de.uka.ilkd.key.proof.io.KeYFile.readIncludes(KeYFile.java:208)
	... 14 more
Could not find rule file rules/intRulesCheckedSemantics.key (file: /home/runner/work/key/key/key.core/../key.ui/examples/index/.././heap/simple/object_creation.key; caused by: de.uka.ilkd.key.proof.init.ProofInputException: Could not find rule file rules/intRulesCheckedSemantics.key)
	at de.uka.ilkd.key.control.AbstractUserInterfaceControl.load(AbstractUserInterfaceControl.java:221)
	at de.uka.ilkd.key.control.KeYEnvironment.load(KeYEnvironment.java:251)
	at de.uka.ilkd.key.control.KeYEnvironment.load(KeYEnvironment.java:224)
	at de.uka.ilkd.key.control.KeYEnvironment.load(KeYEnvironment.java:184)
	at de.uka.ilkd.key.control.KeYEnvironment.load(KeYEnvironment.java:261)
	at de.uka.ilkd.key.proof.runallproofs.proofcollection.TestFile.load(TestFile.java:270)
	at de.uka.ilkd.key.proof.runallproofs.proofcollection.TestFile.runKey(TestFile.java:160)
	at de.uka.ilkd.key.proof.runallproofs.proofcollection.ForkedTestFileRunner.main(ForkedTestFileRunner.java:171)
Caused by: de.uka.ilkd.key.proof.init.ProofInputException: Could not find rule file rules/intRulesCheckedSemantics.key
	at de.uka.ilkd.key.proof.io.KeYFile.readIncludes(KeYFile.java:210)
	at de.uka.ilkd.key.proof.init.ProblemInitializer.readIncludes(ProblemInitializer.java:177)
	at de.uka.ilkd.key.proof.init.ProblemInitializer.readEnvInput(ProblemInitializer.java:325)
	at de.uka.ilkd.key.proof.init.ProblemInitializer.prepare(ProblemInitializer.java:449)
	at de.uka.ilkd.key.proof.io.AbstractProblemLoader.createInitConfig(AbstractProblemLoader.java:518)
	at de.uka.ilkd.key.proof.io.AbstractProblemLoader.loadEnvironment(AbstractProblemLoader.java:288)
	at de.uka.ilkd.key.proof.io.AbstractProblemLoader.load(AbstractProblemLoader.java:252)
	at de.uka.ilkd.key.control.AbstractUserInterfaceControl.load(AbstractUserInterfaceControl.java:209)
	... 7 more
Caused by: java.lang.RuntimeException: Could not find rule file rules/intRulesCheckedSemantics.key
	at de.uka.ilkd.key.proof.io.RuleSourceFactory.fromBuiltInRule(RuleSourceFactory.java:32)
	at de.uka.ilkd.key.proof.io.RuleSourceFactory.fromDefaultLocation(RuleSourceFactory.java:21)
	at de.uka.ilkd.key.nparser.builder.IncludeFinder.addInclude(IncludeFinder.java:63)
	at de.uka.ilkd.key.nparser.builder.IncludeFinder.visitOne_include(IncludeFinder.java:43)
	at de.uka.ilkd.key.nparser.builder.IncludeFinder.visitOne_include(IncludeFinder.java:20)
	at de.uka.ilkd.key.nparser.KeYParser$One_includeContext.accept(KeYParser.java:878)
	at de.uka.ilkd.key.nparser.builder.AbstractBuilder.lambda$mapOf$0(AbstractBuilder.java:112)
	at java.base/java.util.stream.ReferencePipeline$3$1.accept(ReferencePipeline.java:195)
	at java.base/java.util.ArrayList$ArrayListSpliterator.forEachRemaining(ArrayList.java:1655)
	at java.base/java.util.stream.AbstractPipeline.copyInto(AbstractPipeline.java:484)
	at java.base/java.util.stream.AbstractPipeline.wrapAndCopyInto(AbstractPipeline.java:474)
	at java.base/java.util.stream.ReduceOps$ReduceOp.evaluateSequential(ReduceOps.java:913)
	at java.base/java.util.stream.AbstractPipeline.evaluate(AbstractPipeline.java:234)
	at java.base/java.util.stream.ReferencePipeline.collect(ReferencePipeline.java:578)
	at de.uka.ilkd.key.nparser.builder.AbstractBuilder.mapOf(AbstractBuilder.java:112)
	at de.uka.ilkd.key.nparser.builder.IncludeFinder.visitOne_include_statement(IncludeFinder.java:35)
	at de.uka.ilkd.key.nparser.builder.IncludeFinder.visitOne_include_statement(IncludeFinder.java:20)
	at de.uka.ilkd.key.nparser.KeYParser$One_include_statementContext.accept(KeYParser.java:802)
	at org.antlr.v4.runtime.tree.AbstractParseTreeVisitor.visitChildren(AbstractParseTreeVisitor.java:46)
	at de.uka.ilkd.key.nparser.KeYParserBaseVisitor.visitDecls(KeYParserBaseVisitor.java:30)
	at de.uka.ilkd.key.nparser.KeYParser$DeclsContext.accept(KeYParser.java:500)
	at org.antlr.v4.runtime.tree.AbstractParseTreeVisitor.visitChildren(AbstractParseTreeVisitor.java:46)
	at de.uka.ilkd.key.nparser.KeYParserBaseVisitor.visitFile(KeYParserBaseVisitor.java:23)
	at de.uka.ilkd.key.nparser.KeYParser$FileContext.accept(KeYParser.java:306)
	at de.uka.ilkd.key.nparser.KeyAst.accept(KeyAst.java:41)
	at de.uka.ilkd.key.nparser.KeyAst$File.getIncludes(KeyAst.java:76)
	at de.uka.ilkd.key.proof.io.KeYFile.readIncludes(KeYFile.java:208)
	... 14 more
Could not find rule file rules/intRulesCheckedSemantics.key (file: /home/runner/work/key/key/key.core/../key.ui/examples/index/.././heap/simple/operation_contracts.key; caused by: de.uka.ilkd.key.proof.init.ProofInputException: Could not find rule file rules/intRulesCheckedSemantics.key)
	at de.uka.ilkd.key.control.AbstractUserInterfaceControl.load(AbstractUserInterfaceControl.java:221)
	at de.uka.ilkd.key.control.KeYEnvironment.load(KeYEnvironment.java:251)
	at de.uka.ilkd.key.control.KeYEnvironment.load(KeYEnvironment.java:224)
	at de.uka.ilkd.key.control.KeYEnvironment.load(KeYEnvironment.java:184)
	at de.uka.ilkd.key.control.KeYEnvironment.load(KeYEnvironment.java:261)
	at de.uka.ilkd.key.proof.runallproofs.proofcollection.TestFile.load(TestFile.java:270)
	at de.uka.ilkd.key.proof.runallproofs.proofcollection.TestFile.runKey(TestFile.java:160)
	at de.uka.ilkd.key.proof.runallproofs.proofcollection.ForkedTestFileRunner.main(ForkedTestFileRunner.java:171)
Caused by: de.uka.ilkd.key.proof.init.ProofInputException: Could not find rule file rules/intRulesCheckedSemantics.key
	at de.uka.ilkd.key.proof.io.KeYFile.readIncludes(KeYFile.java:210)
	at de.uka.ilkd.key.proof.init.ProblemInitializer.readIncludes(ProblemInitializer.java:177)
	at de.uka.ilkd.key.proof.init.ProblemInitializer.readEnvInput(ProblemInitializer.java:325)
	at de.uka.ilkd.key.proof.init.ProblemInitializer.prepare(ProblemInitializer.java:449)
	at de.uka.ilkd.key.proof.io.AbstractProblemLoader.createInitConfig(AbstractProblemLoader.java:518)
	at de.uka.ilkd.key.proof.io.AbstractProblemLoader.loadEnvironment(AbstractProblemLoader.java:288)
	at de.uka.ilkd.key.proof.io.AbstractProblemLoader.load(AbstractProblemLoader.java:252)
	at de.uka.ilkd.key.control.AbstractUserInterfaceControl.load(AbstractUserInterfaceControl.java:209)
	... 7 more
Caused by: java.lang.RuntimeException: Could not find rule file rules/intRulesCheckedSemantics.key
	at de.uka.ilkd.key.proof.io.RuleSourceFactory.fromBuiltInRule(RuleSourceFactory.java:32)
	at de.uka.ilkd.key.proof.io.RuleSourceFactory.fromDefaultLocation(RuleSourceFactory.java:21)
	at de.uka.ilkd.key.nparser.builder.IncludeFinder.addInclude(IncludeFinder.java:63)
	at de.uka.ilkd.key.nparser.builder.IncludeFinder.visitOne_include(IncludeFinder.java:43)
	at de.uka.ilkd.key.nparser.builder.IncludeFinder.visitOne_include(IncludeFinder.java:20)
	at de.uka.ilkd.key.nparser.KeYParser$One_includeContext.accept(KeYParser.java:878)
	at de.uka.ilkd.key.nparser.builder.AbstractBuilder.lambda$mapOf$0(AbstractBuilder.java:112)
	at java.base/java.util.stream.ReferencePipeline$3$1.accept(ReferencePipeline.java:195)
	at java.base/java.util.ArrayList$ArrayListSpliterator.forEachRemaining(ArrayList.java:1655)
	at java.base/java.util.stream.AbstractPipeline.copyInto(AbstractPipeline.java:484)
	at java.base/java.util.stream.AbstractPipeline.wrapAndCopyInto(AbstractPipeline.java:474)
	at java.base/java.util.stream.ReduceOps$ReduceOp.evaluateSequential(ReduceOps.java:913)
	at java.base/java.util.stream.AbstractPipeline.evaluate(AbstractPipeline.java:234)
	at java.base/java.util.stream.ReferencePipeline.collect(ReferencePipeline.java:578)
	at de.uka.ilkd.key.nparser.builder.AbstractBuilder.mapOf(AbstractBuilder.java:112)
	at de.uka.ilkd.key.nparser.builder.IncludeFinder.visitOne_include_statement(IncludeFinder.java:35)
	at de.uka.ilkd.key.nparser.builder.IncludeFinder.visitOne_include_statement(IncludeFinder.java:20)
	at de.uka.ilkd.key.nparser.KeYParser$One_include_statementContext.accept(KeYParser.java:802)
	at org.antlr.v4.runtime.tree.AbstractParseTreeVisitor.visitChildren(AbstractParseTreeVisitor.java:46)
	at de.uka.ilkd.key.nparser.KeYParserBaseVisitor.visitDecls(KeYParserBaseVisitor.java:30)
	at de.uka.ilkd.key.nparser.KeYParser$DeclsContext.accept(KeYParser.java:500)
	at org.antlr.v4.runtime.tree.AbstractParseTreeVisitor.visitChildren(AbstractParseTreeVisitor.java:46)
	at de.uka.ilkd.key.nparser.KeYParserBaseVisitor.visitFile(KeYParserBaseVisitor.java:23)
	at de.uka.ilkd.key.nparser.KeYParser$FileContext.accept(KeYParser.java:306)
	at de.uka.ilkd.key.nparser.KeyAst.accept(KeyAst.java:41)
	at de.uka.ilkd.key.nparser.KeyAst$File.getIncludes(KeyAst.java:76)
	at de.uka.ilkd.key.proof.io.KeYFile.readIncludes(KeYFile.java:208)
	... 14 more
Could not find rule file rules/intRulesCheckedSemantics.key (file: /home/runner/work/key/key/key.core/../key.ui/examples/index/.././heap/simple/select_store.key; caused by: de.uka.ilkd.key.proof.init.ProofInputException: Could not find rule file rules/intRulesCheckedSemantics.key)
	at de.uka.ilkd.key.control.AbstractUserInterfaceControl.load(AbstractUserInterfaceControl.java:221)
	at de.uka.ilkd.key.control.KeYEnvironment.load(KeYEnvironment.java:251)
	at de.uka.ilkd.key.control.KeYEnvironment.load(KeYEnvironment.java:224)
	at de.uka.ilkd.key.control.KeYEnvironment.load(KeYEnvironment.java:184)
	at de.uka.ilkd.key.control.KeYEnvironment.load(KeYEnvironment.java:261)
	at de.uka.ilkd.key.proof.runallproofs.proofcollection.TestFile.load(TestFile.java:270)
	at de.uka.ilkd.key.proof.runallproofs.proofcollection.TestFile.runKey(TestFile.java:160)
	at de.uka.ilkd.key.proof.runallproofs.proofcollection.ForkedTestFileRunner.main(ForkedTestFileRunner.java:171)
Caused by: de.uka.ilkd.key.proof.init.ProofInputException: Could not find rule file rules/intRulesCheckedSemantics.key
	at de.uka.ilkd.key.proof.io.KeYFile.readIncludes(KeYFile.java:210)
	at de.uka.ilkd.key.proof.init.ProblemInitializer.readIncludes(ProblemInitializer.java:177)
	at de.uka.ilkd.key.proof.init.ProblemInitializer.readEnvInput(ProblemInitializer.java:325)
	at de.uka.ilkd.key.proof.init.ProblemInitializer.prepare(ProblemInitializer.java:449)
	at de.uka.ilkd.key.proof.io.AbstractProblemLoader.createInitConfig(AbstractProblemLoader.java:518)
	at de.uka.ilkd.key.proof.io.AbstractProblemLoader.loadEnvironment(AbstractProblemLoader.java:288)
	at de.uka.ilkd.key.proof.io.AbstractProblemLoader.load(AbstractProblemLoader.java:252)
	at de.uka.ilkd.key.control.AbstractUserInterfaceControl.load(AbstractUserInterfaceControl.java:209)
	... 7 more
Caused by: java.lang.RuntimeException: Could not find rule file rules/intRulesCheckedSemantics.key
	at de.uka.ilkd.key.proof.io.RuleSourceFactory.fromBuiltInRule(RuleSourceFactory.java:32)
	at de.uka.ilkd.key.proof.io.RuleSourceFactory.fromDefaultLocation(RuleSourceFactory.java:21)
	at de.uka.ilkd.key.nparser.builder.IncludeFinder.addInclude(IncludeFinder.java:63)
	at de.uka.ilkd.key.nparser.builder.IncludeFinder.visitOne_include(IncludeFinder.java:43)
	at de.uka.ilkd.key.nparser.builder.IncludeFinder.visitOne_include(IncludeFinder.java:20)
	at de.uka.ilkd.key.nparser.KeYParser$One_includeContext.accept(KeYParser.java:878)
	at de.uka.ilkd.key.nparser.builder.AbstractBuilder.lambda$mapOf$0(AbstractBuilder.java:112)
	at java.base/java.util.stream.ReferencePipeline$3$1.accept(ReferencePipeline.java:195)
	at java.base/java.util.ArrayList$ArrayListSpliterator.forEachRemaining(ArrayList.java:1655)
	at java.base/java.util.stream.AbstractPipeline.copyInto(AbstractPipeline.java:484)
	at java.base/java.util.stream.AbstractPipeline.wrapAndCopyInto(AbstractPipeline.java:474)
	at java.base/java.util.stream.ReduceOps$ReduceOp.evaluateSequential(ReduceOps.java:913)
	at java.base/java.util.stream.AbstractPipeline.evaluate(AbstractPipeline.java:234)
	at java.base/java.util.stream.ReferencePipeline.collect(ReferencePipeline.java:578)
	at de.uka.ilkd.key.nparser.builder.AbstractBuilder.mapOf(AbstractBuilder.java:112)
	at de.uka.ilkd.key.nparser.builder.IncludeFinder.visitOne_include_statement(IncludeFinder.java:35)
	at de.uka.ilkd.key.nparser.builder.IncludeFinder.visitOne_include_statement(IncludeFinder.java:20)
	at de.uka.ilkd.key.nparser.KeYParser$One_include_statementContext.accept(KeYParser.java:802)
	at org.antlr.v4.runtime.tree.AbstractParseTreeVisitor.visitChildren(AbstractParseTreeVisitor.java:46)
	at de.uka.ilkd.key.nparser.KeYParserBaseVisitor.visitDecls(KeYParserBaseVisitor.java:30)
	at de.uka.ilkd.key.nparser.KeYParser$DeclsContext.accept(KeYParser.java:500)
	at org.antlr.v4.runtime.tree.AbstractParseTreeVisitor.visitChildren(AbstractParseTreeVisitor.java:46)
	at de.uka.ilkd.key.nparser.KeYParserBaseVisitor.visitFile(KeYParserBaseVisitor.java:23)
	at de.uka.ilkd.key.nparser.KeYParser$FileContext.accept(KeYParser.java:306)
	at de.uka.ilkd.key.nparser.KeyAst.accept(KeyAst.java:41)
	at de.uka.ilkd.key.nparser.KeyAst$File.getIncludes(KeyAst.java:76)
	at de.uka.ilkd.key.proof.io.KeYFile.readIncludes(KeYFile.java:208)
	... 14 more
Could not find rule file rules/intRulesCheckedSemantics.key (file: /home/runner/work/key/key/key.core/../key.ui/examples/index/.././heap/simple/selection_sort.key; caused by: de.uka.ilkd.key.proof.init.ProofInputException: Could not find rule file rules/intRulesCheckedSemantics.key)
	at de.uka.ilkd.key.control.AbstractUserInterfaceControl.load(AbstractUserInterfaceControl.java:221)
	at de.uka.ilkd.key.control.KeYEnvironment.load(KeYEnvironment.java:251)
	at de.uka.ilkd.key.control.KeYEnvironment.load(KeYEnvironment.java:224)
	at de.uka.ilkd.key.control.KeYEnvironment.load(KeYEnvironment.java:184)
	at de.uka.ilkd.key.control.KeYEnvironment.load(KeYEnvironment.java:261)
	at de.uka.ilkd.key.proof.runallproofs.proofcollection.TestFile.load(TestFile.java:270)
	at de.uka.ilkd.key.proof.runallproofs.proofcollection.TestFile.runKey(TestFile.java:160)
	at de.uka.ilkd.key.proof.runallproofs.proofcollection.ForkedTestFileRunner.main(ForkedTestFileRunner.java:171)
Caused by: de.uka.ilkd.key.proof.init.ProofInputException: Could not find rule file rules/intRulesCheckedSemantics.key
	at de.uka.ilkd.key.proof.io.KeYFile.readIncludes(KeYFile.java:210)
	at de.uka.ilkd.key.proof.init.ProblemInitializer.readIncludes(ProblemInitializer.java:177)
	at de.uka.ilkd.key.proof.init.ProblemInitializer.readEnvInput(ProblemInitializer.java:325)
	at de.uka.ilkd.key.proof.init.ProblemInitializer.prepare(ProblemInitializer.java:449)
	at de.uka.ilkd.key.proof.io.AbstractProblemLoader.createInitConfig(AbstractProblemLoader.java:518)
	at de.uka.ilkd.key.proof.io.AbstractProblemLoader.loadEnvironment(AbstractProblemLoader.java:288)
	at de.uka.ilkd.key.proof.io.AbstractProblemLoader.load(AbstractProblemLoader.java:252)
	at de.uka.ilkd.key.control.AbstractUserInterfaceControl.load(AbstractUserInterfaceControl.java:209)
	... 7 more
Caused by: java.lang.RuntimeException: Could not find rule file rules/intRulesCheckedSemantics.key
	at de.uka.ilkd.key.proof.io.RuleSourceFactory.fromBuiltInRule(RuleSourceFactory.java:32)
	at de.uka.ilkd.key.proof.io.RuleSourceFactory.fromDefaultLocation(RuleSourceFactory.java:21)
	at de.uka.ilkd.key.nparser.builder.IncludeFinder.addInclude(IncludeFinder.java:63)
	at de.uka.ilkd.key.nparser.builder.IncludeFinder.visitOne_include(IncludeFinder.java:43)
	at de.uka.ilkd.key.nparser.builder.IncludeFinder.visitOne_include(IncludeFinder.java:20)
	at de.uka.ilkd.key.nparser.KeYParser$One_includeContext.accept(KeYParser.java:878)
	at de.uka.ilkd.key.nparser.builder.AbstractBuilder.lambda$mapOf$0(AbstractBuilder.java:112)
	at java.base/java.util.stream.ReferencePipeline$3$1.accept(ReferencePipeline.java:195)
	at java.base/java.util.ArrayList$ArrayListSpliterator.forEachRemaining(ArrayList.java:1655)
	at java.base/java.util.stream.AbstractPipeline.copyInto(AbstractPipeline.java:484)
	at java.base/java.util.stream.AbstractPipeline.wrapAndCopyInto(AbstractPipeline.java:474)
	at java.base/java.util.stream.ReduceOps$ReduceOp.evaluateSequential(ReduceOps.java:913)
	at java.base/java.util.stream.AbstractPipeline.evaluate(AbstractPipeline.java:234)
	at java.base/java.util.stream.ReferencePipeline.collect(ReferencePipeline.java:578)
	at de.uka.ilkd.key.nparser.builder.AbstractBuilder.mapOf(AbstractBuilder.java:112)
	at de.uka.ilkd.key.nparser.builder.IncludeFinder.visitOne_include_statement(IncludeFinder.java:35)
	at de.uka.ilkd.key.nparser.builder.IncludeFinder.visitOne_include_statement(IncludeFinder.java:20)
	at de.uka.ilkd.key.nparser.KeYParser$One_include_statementContext.accept(KeYParser.java:802)
	at org.antlr.v4.runtime.tree.AbstractParseTreeVisitor.visitChildren(AbstractParseTreeVisitor.java:46)
	at de.uka.ilkd.key.nparser.KeYParserBaseVisitor.visitDecls(KeYParserBaseVisitor.java:30)
	at de.uka.ilkd.key.nparser.KeYParser$DeclsContext.accept(KeYParser.java:500)
	at org.antlr.v4.runtime.tree.AbstractParseTreeVisitor.visitChildren(AbstractParseTreeVisitor.java:46)
	at de.uka.ilkd.key.nparser.KeYParserBaseVisitor.visitFile(KeYParserBaseVisitor.java:23)
	at de.uka.ilkd.key.nparser.KeYParser$FileContext.accept(KeYParser.java:306)
	at de.uka.ilkd.key.nparser.KeyAst.accept(KeyAst.java:41)
	at de.uka.ilkd.key.nparser.KeyAst$File.getIncludes(KeyAst.java:76)
	at de.uka.ilkd.key.proof.io.KeYFile.readIncludes(KeYFile.java:208)
	... 14 more
Could not find rule file rules/intRulesCheckedSemantics.key (file: /home/runner/work/key/key/key.core/../key.ui/examples/index/.././heap/simple/seq.key; caused by: de.uka.ilkd.key.proof.init.ProofInputException: Could not find rule file rules/intRulesCheckedSemantics.key)
	at de.uka.ilkd.key.control.AbstractUserInterfaceControl.load(AbstractUserInterfaceControl.java:221)
	at de.uka.ilkd.key.control.KeYEnvironment.load(KeYEnvironment.java:251)
	at de.uka.ilkd.key.control.KeYEnvironment.load(KeYEnvironment.java:224)
	at de.uka.ilkd.key.control.KeYEnvironment.load(KeYEnvironment.java:184)
	at de.uka.ilkd.key.control.KeYEnvironment.load(KeYEnvironment.java:261)
	at de.uka.ilkd.key.proof.runallproofs.proofcollection.TestFile.load(TestFile.java:270)
	at de.uka.ilkd.key.proof.runallproofs.proofcollection.TestFile.runKey(TestFile.java:160)
	at de.uka.ilkd.key.proof.runallproofs.proofcollection.ForkedTestFileRunner.main(ForkedTestFileRunner.java:171)
Caused by: de.uka.ilkd.key.proof.init.ProofInputException: Could not find rule file rules/intRulesCheckedSemantics.key
	at de.uka.ilkd.key.proof.io.KeYFile.readIncludes(KeYFile.java:210)
	at de.uka.ilkd.key.proof.init.ProblemInitializer.readIncludes(ProblemInitializer.java:177)
	at de.uka.ilkd.key.proof.init.ProblemInitializer.readEnvInput(ProblemInitializer.java:325)
	at de.uka.ilkd.key.proof.init.ProblemInitializer.prepare(ProblemInitializer.java:449)
	at de.uka.ilkd.key.proof.io.AbstractProblemLoader.createInitConfig(AbstractProblemLoader.java:518)
	at de.uka.ilkd.key.proof.io.AbstractProblemLoader.loadEnvironment(AbstractProblemLoader.java:288)
	at de.uka.ilkd.key.proof.io.AbstractProblemLoader.load(AbstractProblemLoader.java:252)
	at de.uka.ilkd.key.control.AbstractUserInterfaceControl.load(AbstractUserInterfaceControl.java:209)
	... 7 more
Caused by: java.lang.RuntimeException: Could not find rule file rules/intRulesCheckedSemantics.key
	at de.uka.ilkd.key.proof.io.RuleSourceFactory.fromBuiltInRule(RuleSourceFactory.java:32)
	at de.uka.ilkd.key.proof.io.RuleSourceFactory.fromDefaultLocation(RuleSourceFactory.java:21)
	at de.uka.ilkd.key.nparser.builder.IncludeFinder.addInclude(IncludeFinder.java:63)
	at de.uka.ilkd.key.nparser.builder.IncludeFinder.visitOne_include(IncludeFinder.java:43)
	at de.uka.ilkd.key.nparser.builder.IncludeFinder.visitOne_include(IncludeFinder.java:20)
	at de.uka.ilkd.key.nparser.KeYParser$One_includeContext.accept(KeYParser.java:878)
	at de.uka.ilkd.key.nparser.builder.AbstractBuilder.lambda$mapOf$0(AbstractBuilder.java:112)
	at java.base/java.util.stream.ReferencePipeline$3$1.accept(ReferencePipeline.java:195)
	at java.base/java.util.ArrayList$ArrayListSpliterator.forEachRemaining(ArrayList.java:1655)
	at java.base/java.util.stream.AbstractPipeline.copyInto(AbstractPipeline.java:484)
	at java.base/java.util.stream.AbstractPipeline.wrapAndCopyInto(AbstractPipeline.java:474)
	at java.base/java.util.stream.ReduceOps$ReduceOp.evaluateSequential(ReduceOps.java:913)
	at java.base/java.util.stream.AbstractPipeline.evaluate(AbstractPipeline.java:234)
	at java.base/java.util.stream.ReferencePipeline.collect(ReferencePipeline.java:578)
	at de.uka.ilkd.key.nparser.builder.AbstractBuilder.mapOf(AbstractBuilder.java:112)
	at de.uka.ilkd.key.nparser.builder.IncludeFinder.visitOne_include_statement(IncludeFinder.java:35)
	at de.uka.ilkd.key.nparser.builder.IncludeFinder.visitOne_include_statement(IncludeFinder.java:20)
	at de.uka.ilkd.key.nparser.KeYParser$One_include_statementContext.accept(KeYParser.java:802)
	at org.antlr.v4.runtime.tree.AbstractParseTreeVisitor.visitChildren(AbstractParseTreeVisitor.java:46)
	at de.uka.ilkd.key.nparser.KeYParserBaseVisitor.visitDecls(KeYParserBaseVisitor.java:30)
	at de.uka.ilkd.key.nparser.KeYParser$DeclsContext.accept(KeYParser.java:500)
	at org.antlr.v4.runtime.tree.AbstractParseTreeVisitor.visitChildren(AbstractParseTreeVisitor.java:46)
	at de.uka.ilkd.key.nparser.KeYParserBaseVisitor.visitFile(KeYParserBaseVisitor.java:23)
	at de.uka.ilkd.key.nparser.KeYParser$FileContext.accept(KeYParser.java:306)
	at de.uka.ilkd.key.nparser.KeyAst.accept(KeyAst.java:41)
	at de.uka.ilkd.key.nparser.KeyAst$File.getIncludes(KeyAst.java:76)
	at de.uka.ilkd.key.proof.io.KeYFile.readIncludes(KeYFile.java:208)
	... 14 more
Could not find rule file rules/intRulesCheckedSemantics.key (file: /home/runner/work/key/key/key.core/../key.ui/examples/index/.././heap/simple/oldForParams.key; caused by: de.uka.ilkd.key.proof.init.ProofInputException: Could not find rule file rules/intRulesCheckedSemantics.key)
	at de.uka.ilkd.key.control.AbstractUserInterfaceControl.load(AbstractUserInterfaceControl.java:221)
	at de.uka.ilkd.key.control.KeYEnvironment.load(KeYEnvironment.java:251)
	at de.uka.ilkd.key.control.KeYEnvironment.load(KeYEnvironment.java:224)
	at de.uka.ilkd.key.control.KeYEnvironment.load(KeYEnvironment.java:184)
	at de.uka.ilkd.key.control.KeYEnvironment.load(KeYEnvironment.java:261)
	at de.uka.ilkd.key.proof.runallproofs.proofcollection.TestFile.load(TestFile.java:270)
	at de.uka.ilkd.key.proof.runallproofs.proofcollection.TestFile.runKey(TestFile.java:160)
	at de.uka.ilkd.key.proof.runallproofs.proofcollection.ForkedTestFileRunner.main(ForkedTestFileRunner.java:171)
Caused by: de.uka.ilkd.key.proof.init.ProofInputException: Could not find rule file rules/intRulesCheckedSemantics.key
	at de.uka.ilkd.key.proof.io.KeYFile.readIncludes(KeYFile.java:210)
	at de.uka.ilkd.key.proof.init.ProblemInitializer.readIncludes(ProblemInitializer.java:177)
	at de.uka.ilkd.key.proof.init.ProblemInitializer.readEnvInput(ProblemInitializer.java:325)
	at de.uka.ilkd.key.proof.init.ProblemInitializer.prepare(ProblemInitializer.java:449)
	at de.uka.ilkd.key.proof.io.AbstractProblemLoader.createInitConfig(AbstractProblemLoader.java:518)
	at de.uka.ilkd.key.proof.io.AbstractProblemLoader.loadEnvironment(AbstractProblemLoader.java:288)
	at de.uka.ilkd.key.proof.io.AbstractProblemLoader.load(AbstractProblemLoader.java:252)
	at de.uka.ilkd.key.control.AbstractUserInterfaceControl.load(AbstractUserInterfaceControl.java:209)
	... 7 more
Caused by: java.lang.RuntimeException: Could not find rule file rules/intRulesCheckedSemantics.key
	at de.uka.ilkd.key.proof.io.RuleSourceFactory.fromBuiltInRule(RuleSourceFactory.java:32)
	at de.uka.ilkd.key.proof.io.RuleSourceFactory.fromDefaultLocation(RuleSourceFactory.java:21)
	at de.uka.ilkd.key.nparser.builder.IncludeFinder.addInclude(IncludeFinder.java:63)
	at de.uka.ilkd.key.nparser.builder.IncludeFinder.visitOne_include(IncludeFinder.java:43)
	at de.uka.ilkd.key.nparser.builder.IncludeFinder.visitOne_include(IncludeFinder.java:20)
	at de.uka.ilkd.key.nparser.KeYParser$One_includeContext.accept(KeYParser.java:878)
	at de.uka.ilkd.key.nparser.builder.AbstractBuilder.lambda$mapOf$0(AbstractBuilder.java:112)
	at java.base/java.util.stream.ReferencePipeline$3$1.accept(ReferencePipeline.java:195)
	at java.base/java.util.ArrayList$ArrayListSpliterator.forEachRemaining(ArrayList.java:1655)
	at java.base/java.util.stream.AbstractPipeline.copyInto(AbstractPipeline.java:484)
	at java.base/java.util.stream.AbstractPipeline.wrapAndCopyInto(AbstractPipeline.java:474)
	at java.base/java.util.stream.ReduceOps$ReduceOp.evaluateSequential(ReduceOps.java:913)
	at java.base/java.util.stream.AbstractPipeline.evaluate(AbstractPipeline.java:234)
	at java.base/java.util.stream.ReferencePipeline.collect(ReferencePipeline.java:578)
	at de.uka.ilkd.key.nparser.builder.AbstractBuilder.mapOf(AbstractBuilder.java:112)
	at de.uka.ilkd.key.nparser.builder.IncludeFinder.visitOne_include_statement(IncludeFinder.java:35)
	at de.uka.ilkd.key.nparser.builder.IncludeFinder.visitOne_include_statement(IncludeFinder.java:20)
	at de.uka.ilkd.key.nparser.KeYParser$One_include_statementContext.accept(KeYParser.java:802)
	at org.antlr.v4.runtime.tree.AbstractParseTreeVisitor.visitChildren(AbstractParseTreeVisitor.java:46)
	at de.uka.ilkd.key.nparser.KeYParserBaseVisitor.visitDecls(KeYParserBaseVisitor.java:30)
	at de.uka.ilkd.key.nparser.KeYParser$DeclsContext.accept(KeYParser.java:500)
	at org.antlr.v4.runtime.tree.AbstractParseTreeVisitor.visitChildren(AbstractParseTreeVisitor.java:46)
	at de.uka.ilkd.key.nparser.KeYParserBaseVisitor.visitFile(KeYParserBaseVisitor.java:23)
	at de.uka.ilkd.key.nparser.KeYParser$FileContext.accept(KeYParser.java:306)
	at de.uka.ilkd.key.nparser.KeyAst.accept(KeyAst.java:41)
	at de.uka.ilkd.key.nparser.KeyAst$File.getIncludes(KeyAst.java:76)
	at de.uka.ilkd.key.proof.io.KeYFile.readIncludes(KeYFile.java:208)
	... 14 more
Could not find rule file rules/intRulesCheckedSemantics.key (file: /home/runner/work/key/key/key.core/../key.ui/examples/index/.././heap/simple/parse_lmtd.key; caused by: de.uka.ilkd.key.proof.init.ProofInputException: Could not find rule file rules/intRulesCheckedSemantics.key)
	at de.uka.ilkd.key.control.AbstractUserInterfaceControl.load(AbstractUserInterfaceControl.java:221)
	at de.uka.ilkd.key.control.KeYEnvironment.load(KeYEnvironment.java:251)
	at de.uka.ilkd.key.control.KeYEnvironment.load(KeYEnvironment.java:224)
	at de.uka.ilkd.key.control.KeYEnvironment.load(KeYEnvironment.java:184)
	at de.uka.ilkd.key.control.KeYEnvironment.load(KeYEnvironment.java:261)
	at de.uka.ilkd.key.proof.runallproofs.proofcollection.TestFile.load(TestFile.java:270)
	at de.uka.ilkd.key.proof.runallproofs.proofcollection.TestFile.runKey(TestFile.java:160)
	at de.uka.ilkd.key.proof.runallproofs.proofcollection.ForkedTestFileRunner.main(ForkedTestFileRunner.java:171)
Caused by: de.uka.ilkd.key.proof.init.ProofInputException: Could not find rule file rules/intRulesCheckedSemantics.key
	at de.uka.ilkd.key.proof.io.KeYFile.readIncludes(KeYFile.java:210)
	at de.uka.ilkd.key.proof.init.ProblemInitializer.readIncludes(ProblemInitializer.java:177)
	at de.uka.ilkd.key.proof.init.ProblemInitializer.readEnvInput(ProblemInitializer.java:325)
	at de.uka.ilkd.key.proof.init.ProblemInitializer.prepare(ProblemInitializer.java:449)
	at de.uka.ilkd.key.proof.io.AbstractProblemLoader.createInitConfig(AbstractProblemLoader.java:518)
	at de.uka.ilkd.key.proof.io.AbstractProblemLoader.loadEnvironment(AbstractProblemLoader.java:288)
	at de.uka.ilkd.key.proof.io.AbstractProblemLoader.load(AbstractProblemLoader.java:252)
	at de.uka.ilkd.key.control.AbstractUserInterfaceControl.load(AbstractUserInterfaceControl.java:209)
	... 7 more
Caused by: java.lang.RuntimeException: Could not find rule file rules/intRulesCheckedSemantics.key
	at de.uka.ilkd.key.proof.io.RuleSourceFactory.fromBuiltInRule(RuleSourceFactory.java:32)
	at de.uka.ilkd.key.proof.io.RuleSourceFactory.fromDefaultLocation(RuleSourceFactory.java:21)
	at de.uka.ilkd.key.nparser.builder.IncludeFinder.addInclude(IncludeFinder.java:63)
	at de.uka.ilkd.key.nparser.builder.IncludeFinder.visitOne_include(IncludeFinder.java:43)
	at de.uka.ilkd.key.nparser.builder.IncludeFinder.visitOne_include(IncludeFinder.java:20)
	at de.uka.ilkd.key.nparser.KeYParser$One_includeContext.accept(KeYParser.java:878)
	at de.uka.ilkd.key.nparser.builder.AbstractBuilder.lambda$mapOf$0(AbstractBuilder.java:112)
	at java.base/java.util.stream.ReferencePipeline$3$1.accept(ReferencePipeline.java:195)
	at java.base/java.util.ArrayList$ArrayListSpliterator.forEachRemaining(ArrayList.java:1655)
	at java.base/java.util.stream.AbstractPipeline.copyInto(AbstractPipeline.java:484)
	at java.base/java.util.stream.AbstractPipeline.wrapAndCopyInto(AbstractPipeline.java:474)
	at java.base/java.util.stream.ReduceOps$ReduceOp.evaluateSequential(ReduceOps.java:913)
	at java.base/java.util.stream.AbstractPipeline.evaluate(AbstractPipeline.java:234)
	at java.base/java.util.stream.ReferencePipeline.collect(ReferencePipeline.java:578)
	at de.uka.ilkd.key.nparser.builder.AbstractBuilder.mapOf(AbstractBuilder.java:112)
	at de.uka.ilkd.key.nparser.builder.IncludeFinder.visitOne_include_statement(IncludeFinder.java:35)
	at de.uka.ilkd.key.nparser.builder.IncludeFinder.visitOne_include_statement(IncludeFinder.java:20)
	at de.uka.ilkd.key.nparser.KeYParser$One_include_statementContext.accept(KeYParser.java:802)
	at org.antlr.v4.runtime.tree.AbstractParseTreeVisitor.visitChildren(AbstractParseTreeVisitor.java:46)
	at de.uka.ilkd.key.nparser.KeYParserBaseVisitor.visitDecls(KeYParserBaseVisitor.java:30)
	at de.uka.ilkd.key.nparser.KeYParser$DeclsContext.accept(KeYParser.java:500)
	at org.antlr.v4.runtime.tree.AbstractParseTreeVisitor.visitChildren(AbstractParseTreeVisitor.java:46)
	at de.uka.ilkd.key.nparser.KeYParserBaseVisitor.visitFile(KeYParserBaseVisitor.java:23)
	at de.uka.ilkd.key.nparser.KeYParser$FileContext.accept(KeYParser.java:306)
	at de.uka.ilkd.key.nparser.KeyAst.accept(KeyAst.java:41)
	at de.uka.ilkd.key.nparser.KeyAst$File.getIncludes(KeyAst.java:76)
	at de.uka.ilkd.key.proof.io.KeYFile.readIncludes(KeYFile.java:208)
	... 14 more
Could not find rule file rules/intRulesCheckedSemantics.key (file: /home/runner/work/key/key/key.core/../key.ui/examples/index/.././heap/strictly_pure/strictlyPureMethod.key; caused by: de.uka.ilkd.key.proof.init.ProofInputException: Could not find rule file rules/intRulesCheckedSemantics.key)
	at de.uka.ilkd.key.control.AbstractUserInterfaceControl.load(AbstractUserInterfaceControl.java:221)
	at de.uka.ilkd.key.control.KeYEnvironment.load(KeYEnvironment.java:251)
	at de.uka.ilkd.key.control.KeYEnvironment.load(KeYEnvironment.java:224)
	at de.uka.ilkd.key.control.KeYEnvironment.load(KeYEnvironment.java:184)
	at de.uka.ilkd.key.control.KeYEnvironment.load(KeYEnvironment.java:261)
	at de.uka.ilkd.key.proof.runallproofs.proofcollection.TestFile.load(TestFile.java:270)
	at de.uka.ilkd.key.proof.runallproofs.proofcollection.TestFile.runKey(TestFile.java:160)
	at de.uka.ilkd.key.proof.runallproofs.proofcollection.ForkedTestFileRunner.main(ForkedTestFileRunner.java:171)
Caused by: de.uka.ilkd.key.proof.init.ProofInputException: Could not find rule file rules/intRulesCheckedSemantics.key
	at de.uka.ilkd.key.proof.io.KeYFile.readIncludes(KeYFile.java:210)
	at de.uka.ilkd.key.proof.init.ProblemInitializer.readIncludes(ProblemInitializer.java:177)
	at de.uka.ilkd.key.proof.init.ProblemInitializer.readEnvInput(ProblemInitializer.java:325)
	at de.uka.ilkd.key.proof.init.ProblemInitializer.prepare(ProblemInitializer.java:449)
	at de.uka.ilkd.key.proof.io.AbstractProblemLoader.createInitConfig(AbstractProblemLoader.java:518)
	at de.uka.ilkd.key.proof.io.AbstractProblemLoader.loadEnvironment(AbstractProblemLoader.java:288)
	at de.uka.ilkd.key.proof.io.AbstractProblemLoader.load(AbstractProblemLoader.java:252)
	at de.uka.ilkd.key.control.AbstractUserInterfaceControl.load(AbstractUserInterfaceControl.java:209)
	... 7 more
Caused by: java.lang.RuntimeException: Could not find rule file rules/intRulesCheckedSemantics.key
	at de.uka.ilkd.key.proof.io.RuleSourceFactory.fromBuiltInRule(RuleSourceFactory.java:32)
	at de.uka.ilkd.key.proof.io.RuleSourceFactory.fromDefaultLocation(RuleSourceFactory.java:21)
	at de.uka.ilkd.key.nparser.builder.IncludeFinder.addInclude(IncludeFinder.java:63)
	at de.uka.ilkd.key.nparser.builder.IncludeFinder.visitOne_include(IncludeFinder.java:43)
	at de.uka.ilkd.key.nparser.builder.IncludeFinder.visitOne_include(IncludeFinder.java:20)
	at de.uka.ilkd.key.nparser.KeYParser$One_includeContext.accept(KeYParser.java:878)
	at de.uka.ilkd.key.nparser.builder.AbstractBuilder.lambda$mapOf$0(AbstractBuilder.java:112)
	at java.base/java.util.stream.ReferencePipeline$3$1.accept(ReferencePipeline.java:195)
	at java.base/java.util.ArrayList$ArrayListSpliterator.forEachRemaining(ArrayList.java:1655)
	at java.base/java.util.stream.AbstractPipeline.copyInto(AbstractPipeline.java:484)
	at java.base/java.util.stream.AbstractPipeline.wrapAndCopyInto(AbstractPipeline.java:474)
	at java.base/java.util.stream.ReduceOps$ReduceOp.evaluateSequential(ReduceOps.java:913)
	at java.base/java.util.stream.AbstractPipeline.evaluate(AbstractPipeline.java:234)
	at java.base/java.util.stream.ReferencePipeline.collect(ReferencePipeline.java:578)
	at de.uka.ilkd.key.nparser.builder.AbstractBuilder.mapOf(AbstractBuilder.java:112)
	at de.uka.ilkd.key.nparser.builder.IncludeFinder.visitOne_include_statement(IncludeFinder.java:35)
	at de.uka.ilkd.key.nparser.builder.IncludeFinder.visitOne_include_statement(IncludeFinder.java:20)
	at de.uka.ilkd.key.nparser.KeYParser$One_include_statementContext.accept(KeYParser.java:802)
	at org.antlr.v4.runtime.tree.AbstractParseTreeVisitor.visitChildren(AbstractParseTreeVisitor.java:46)
	at de.uka.ilkd.key.nparser.KeYParserBaseVisitor.visitDecls(KeYParserBaseVisitor.java:30)
	at de.uka.ilkd.key.nparser.KeYParser$DeclsContext.accept(KeYParser.java:500)
	at org.antlr.v4.runtime.tree.AbstractParseTreeVisitor.visitChildren(AbstractParseTreeVisitor.java:46)
	at de.uka.ilkd.key.nparser.KeYParserBaseVisitor.visitFile(KeYParserBaseVisitor.java:23)
	at de.uka.ilkd.key.nparser.KeYParser$FileContext.accept(KeYParser.java:306)
	at de.uka.ilkd.key.nparser.KeyAst.accept(KeyAst.java:41)
	at de.uka.ilkd.key.nparser.KeyAst$File.getIncludes(KeyAst.java:76)
	at de.uka.ilkd.key.proof.io.KeYFile.readIncludes(KeYFile.java:208)
	... 14 more
Could not find rule file rules/intRulesCheckedSemantics.key (file: /home/runner/work/key/key/key.core/../key.ui/examples/index/.././heap/strictly_pure/useStrictlyPureMethod.key; caused by: de.uka.ilkd.key.proof.init.ProofInputException: Could not find rule file rules/intRulesCheckedSemantics.key)
	at de.uka.ilkd.key.control.AbstractUserInterfaceControl.load(AbstractUserInterfaceControl.java:221)
	at de.uka.ilkd.key.control.KeYEnvironment.load(KeYEnvironment.java:251)
	at de.uka.ilkd.key.control.KeYEnvironment.load(KeYEnvironment.java:224)
	at de.uka.ilkd.key.control.KeYEnvironment.load(KeYEnvironment.java:184)
	at de.uka.ilkd.key.control.KeYEnvironment.load(KeYEnvironment.java:261)
	at de.uka.ilkd.key.proof.runallproofs.proofcollection.TestFile.load(TestFile.java:270)
	at de.uka.ilkd.key.proof.runallproofs.proofcollection.TestFile.runKey(TestFile.java:160)
	at de.uka.ilkd.key.proof.runallproofs.proofcollection.ForkedTestFileRunner.main(ForkedTestFileRunner.java:171)
Caused by: de.uka.ilkd.key.proof.init.ProofInputException: Could not find rule file rules/intRulesCheckedSemantics.key
	at de.uka.ilkd.key.proof.io.KeYFile.readIncludes(KeYFile.java:210)
	at de.uka.ilkd.key.proof.init.ProblemInitializer.readIncludes(ProblemInitializer.java:177)
	at de.uka.ilkd.key.proof.init.ProblemInitializer.readEnvInput(ProblemInitializer.java:325)
	at de.uka.ilkd.key.proof.init.ProblemInitializer.prepare(ProblemInitializer.java:449)
	at de.uka.ilkd.key.proof.io.AbstractProblemLoader.createInitConfig(AbstractProblemLoader.java:518)
	at de.uka.ilkd.key.proof.io.AbstractProblemLoader.loadEnvironment(AbstractProblemLoader.java:288)
	at de.uka.ilkd.key.proof.io.AbstractProblemLoader.load(AbstractProblemLoader.java:252)
	at de.uka.ilkd.key.control.AbstractUserInterfaceControl.load(AbstractUserInterfaceControl.java:209)
	... 7 more
Caused by: java.lang.RuntimeException: Could not find rule file rules/intRulesCheckedSemantics.key
	at de.uka.ilkd.key.proof.io.RuleSourceFactory.fromBuiltInRule(RuleSourceFactory.java:32)
	at de.uka.ilkd.key.proof.io.RuleSourceFactory.fromDefaultLocation(RuleSourceFactory.java:21)
	at de.uka.ilkd.key.nparser.builder.IncludeFinder.addInclude(IncludeFinder.java:63)
	at de.uka.ilkd.key.nparser.builder.IncludeFinder.visitOne_include(IncludeFinder.java:43)
	at de.uka.ilkd.key.nparser.builder.IncludeFinder.visitOne_include(IncludeFinder.java:20)
	at de.uka.ilkd.key.nparser.KeYParser$One_includeContext.accept(KeYParser.java:878)
	at de.uka.ilkd.key.nparser.builder.AbstractBuilder.lambda$mapOf$0(AbstractBuilder.java:112)
	at java.base/java.util.stream.ReferencePipeline$3$1.accept(ReferencePipeline.java:195)
	at java.base/java.util.ArrayList$ArrayListSpliterator.forEachRemaining(ArrayList.java:1655)
	at java.base/java.util.stream.AbstractPipeline.copyInto(AbstractPipeline.java:484)
	at java.base/java.util.stream.AbstractPipeline.wrapAndCopyInto(AbstractPipeline.java:474)
	at java.base/java.util.stream.ReduceOps$ReduceOp.evaluateSequential(ReduceOps.java:913)
	at java.base/java.util.stream.AbstractPipeline.evaluate(AbstractPipeline.java:234)
	at java.base/java.util.stream.ReferencePipeline.collect(ReferencePipeline.java:578)
	at de.uka.ilkd.key.nparser.builder.AbstractBuilder.mapOf(AbstractBuilder.java:112)
	at de.uka.ilkd.key.nparser.builder.IncludeFinder.visitOne_include_statement(IncludeFinder.java:35)
	at de.uka.ilkd.key.nparser.builder.IncludeFinder.visitOne_include_statement(IncludeFinder.java:20)
	at de.uka.ilkd.key.nparser.KeYParser$One_include_statementContext.accept(KeYParser.java:802)
	at org.antlr.v4.runtime.tree.AbstractParseTreeVisitor.visitChildren(AbstractParseTreeVisitor.java:46)
	at de.uka.ilkd.key.nparser.KeYParserBaseVisitor.visitDecls(KeYParserBaseVisitor.java:30)
	at de.uka.ilkd.key.nparser.KeYParser$DeclsContext.accept(KeYParser.java:500)
	at org.antlr.v4.runtime.tree.AbstractParseTreeVisitor.visitChildren(AbstractParseTreeVisitor.java:46)
	at de.uka.ilkd.key.nparser.KeYParserBaseVisitor.visitFile(KeYParserBaseVisitor.java:23)
	at de.uka.ilkd.key.nparser.KeYParser$FileContext.accept(KeYParser.java:306)
	at de.uka.ilkd.key.nparser.KeyAst.accept(KeyAst.java:41)
	at de.uka.ilkd.key.nparser.KeyAst$File.getIncludes(KeyAst.java:76)
	at de.uka.ilkd.key.proof.io.KeYFile.readIncludes(KeYFile.java:208)
	... 14 more
Could not find rule file rules/intRulesCheckedSemantics.key (file: /home/runner/work/key/key/key.core/../key.ui/examples/index/.././heap/Wellfounded/ackermann.key; caused by: de.uka.ilkd.key.proof.init.ProofInputException: Could not find rule file rules/intRulesCheckedSemantics.key)
	at de.uka.ilkd.key.control.AbstractUserInterfaceControl.load(AbstractUserInterfaceControl.java:221)
	at de.uka.ilkd.key.control.KeYEnvironment.load(KeYEnvironment.java:251)
	at de.uka.ilkd.key.control.KeYEnvironment.load(KeYEnvironment.java:224)
	at de.uka.ilkd.key.control.KeYEnvironment.load(KeYEnvironment.java:184)
	at de.uka.ilkd.key.control.KeYEnvironment.load(KeYEnvironment.java:261)
	at de.uka.ilkd.key.proof.runallproofs.proofcollection.TestFile.load(TestFile.java:270)
	at de.uka.ilkd.key.proof.runallproofs.proofcollection.TestFile.runKey(TestFile.java:160)
	at de.uka.ilkd.key.proof.runallproofs.proofcollection.ForkedTestFileRunner.main(ForkedTestFileRunner.java:171)
Caused by: de.uka.ilkd.key.proof.init.ProofInputException: Could not find rule file rules/intRulesCheckedSemantics.key
	at de.uka.ilkd.key.proof.io.KeYFile.readIncludes(KeYFile.java:210)
	at de.uka.ilkd.key.proof.init.ProblemInitializer.readIncludes(ProblemInitializer.java:177)
	at de.uka.ilkd.key.proof.init.ProblemInitializer.readEnvInput(ProblemInitializer.java:325)
	at de.uka.ilkd.key.proof.init.ProblemInitializer.prepare(ProblemInitializer.java:449)
	at de.uka.ilkd.key.proof.io.AbstractProblemLoader.createInitConfig(AbstractProblemLoader.java:518)
	at de.uka.ilkd.key.proof.io.AbstractProblemLoader.loadEnvironment(AbstractProblemLoader.java:288)
	at de.uka.ilkd.key.proof.io.AbstractProblemLoader.load(AbstractProblemLoader.java:252)
	at de.uka.ilkd.key.control.AbstractUserInterfaceControl.load(AbstractUserInterfaceControl.java:209)
	... 7 more
Caused by: java.lang.RuntimeException: Could not find rule file rules/intRulesCheckedSemantics.key
	at de.uka.ilkd.key.proof.io.RuleSourceFactory.fromBuiltInRule(RuleSourceFactory.java:32)
	at de.uka.ilkd.key.proof.io.RuleSourceFactory.fromDefaultLocation(RuleSourceFactory.java:21)
	at de.uka.ilkd.key.nparser.builder.IncludeFinder.addInclude(IncludeFinder.java:63)
	at de.uka.ilkd.key.nparser.builder.IncludeFinder.visitOne_include(IncludeFinder.java:43)
	at de.uka.ilkd.key.nparser.builder.IncludeFinder.visitOne_include(IncludeFinder.java:20)
	at de.uka.ilkd.key.nparser.KeYParser$One_includeContext.accept(KeYParser.java:878)
	at de.uka.ilkd.key.nparser.builder.AbstractBuilder.lambda$mapOf$0(AbstractBuilder.java:112)
	at java.base/java.util.stream.ReferencePipeline$3$1.accept(ReferencePipeline.java:195)
	at java.base/java.util.ArrayList$ArrayListSpliterator.forEachRemaining(ArrayList.java:1655)
	at java.base/java.util.stream.AbstractPipeline.copyInto(AbstractPipeline.java:484)
	at java.base/java.util.stream.AbstractPipeline.wrapAndCopyInto(AbstractPipeline.java:474)
	at java.base/java.util.stream.ReduceOps$ReduceOp.evaluateSequential(ReduceOps.java:913)
	at java.base/java.util.stream.AbstractPipeline.evaluate(AbstractPipeline.java:234)
	at java.base/java.util.stream.ReferencePipeline.collect(ReferencePipeline.java:578)
	at de.uka.ilkd.key.nparser.builder.AbstractBuilder.mapOf(AbstractBuilder.java:112)
	at de.uka.ilkd.key.nparser.builder.IncludeFinder.visitOne_include_statement(IncludeFinder.java:35)
	at de.uka.ilkd.key.nparser.builder.IncludeFinder.visitOne_include_statement(IncludeFinder.java:20)
	at de.uka.ilkd.key.nparser.KeYParser$One_include_statementContext.accept(KeYParser.java:802)
	at org.antlr.v4.runtime.tree.AbstractParseTreeVisitor.visitChildren(AbstractParseTreeVisitor.java:46)
	at de.uka.ilkd.key.nparser.KeYParserBaseVisitor.visitDecls(KeYParserBaseVisitor.java:30)
	at de.uka.ilkd.key.nparser.KeYParser$DeclsContext.accept(KeYParser.java:500)
	at org.antlr.v4.runtime.tree.AbstractParseTreeVisitor.visitChildren(AbstractParseTreeVisitor.java:46)
	at de.uka.ilkd.key.nparser.KeYParserBaseVisitor.visitFile(KeYParserBaseVisitor.java:23)
	at de.uka.ilkd.key.nparser.KeYParser$FileContext.accept(KeYParser.java:306)
	at de.uka.ilkd.key.nparser.KeyAst.accept(KeyAst.java:41)
	at de.uka.ilkd.key.nparser.KeyAst$File.getIncludes(KeyAst.java:76)
	at de.uka.ilkd.key.proof.io.KeYFile.readIncludes(KeYFile.java:208)
	... 14 more
Could not find rule file rules/intRulesCheckedSemantics.key (file: /home/runner/work/key/key/key.core/../key.ui/examples/index/.././standard_key/unicode_test.key; caused by: de.uka.ilkd.key.proof.init.ProofInputException: Could not find rule file rules/intRulesCheckedSemantics.key)
	at de.uka.ilkd.key.control.AbstractUserInterfaceControl.load(AbstractUserInterfaceControl.java:221)
	at de.uka.ilkd.key.control.KeYEnvironment.load(KeYEnvironment.java:251)
	at de.uka.ilkd.key.control.KeYEnvironment.load(KeYEnvironment.java:224)
	at de.uka.ilkd.key.control.KeYEnvironment.load(KeYEnvironment.java:184)
	at de.uka.ilkd.key.control.KeYEnvironment.load(KeYEnvironment.java:261)
	at de.uka.ilkd.key.proof.runallproofs.proofcollection.TestFile.load(TestFile.java:270)
	at de.uka.ilkd.key.proof.runallproofs.proofcollection.TestFile.runKey(TestFile.java:160)
	at de.uka.ilkd.key.proof.runallproofs.proofcollection.ForkedTestFileRunner.main(ForkedTestFileRunner.java:171)
Caused by: de.uka.ilkd.key.proof.init.ProofInputException: Could not find rule file rules/intRulesCheckedSemantics.key
	at de.uka.ilkd.key.proof.io.KeYFile.readIncludes(KeYFile.java:210)
	at de.uka.ilkd.key.proof.init.ProblemInitializer.readIncludes(ProblemInitializer.java:177)
	at de.uka.ilkd.key.proof.init.ProblemInitializer.readEnvInput(ProblemInitializer.java:325)
	at de.uka.ilkd.key.proof.init.ProblemInitializer.prepare(ProblemInitializer.java:449)
	at de.uka.ilkd.key.proof.io.AbstractProblemLoader.createInitConfig(AbstractProblemLoader.java:518)
	at de.uka.ilkd.key.proof.io.AbstractProblemLoader.loadEnvironment(AbstractProblemLoader.java:288)
	at de.uka.ilkd.key.proof.io.AbstractProblemLoader.load(AbstractProblemLoader.java:252)
	at de.uka.ilkd.key.control.AbstractUserInterfaceControl.load(AbstractUserInterfaceControl.java:209)
	... 7 more
Caused by: java.lang.RuntimeException: Could not find rule file rules/intRulesCheckedSemantics.key
	at de.uka.ilkd.key.proof.io.RuleSourceFactory.fromBuiltInRule(RuleSourceFactory.java:32)
	at de.uka.ilkd.key.proof.io.RuleSourceFactory.fromDefaultLocation(RuleSourceFactory.java:21)
	at de.uka.ilkd.key.nparser.builder.IncludeFinder.addInclude(IncludeFinder.java:63)
	at de.uka.ilkd.key.nparser.builder.IncludeFinder.visitOne_include(IncludeFinder.java:43)
	at de.uka.ilkd.key.nparser.builder.IncludeFinder.visitOne_include(IncludeFinder.java:20)
	at de.uka.ilkd.key.nparser.KeYParser$One_includeContext.accept(KeYParser.java:878)
	at de.uka.ilkd.key.nparser.builder.AbstractBuilder.lambda$mapOf$0(AbstractBuilder.java:112)
	at java.base/java.util.stream.ReferencePipeline$3$1.accept(ReferencePipeline.java:195)
	at java.base/java.util.ArrayList$ArrayListSpliterator.forEachRemaining(ArrayList.java:1655)
	at java.base/java.util.stream.AbstractPipeline.copyInto(AbstractPipeline.java:484)
	at java.base/java.util.stream.AbstractPipeline.wrapAndCopyInto(AbstractPipeline.java:474)
	at java.base/java.util.stream.ReduceOps$ReduceOp.evaluateSequential(ReduceOps.java:913)
	at java.base/java.util.stream.AbstractPipeline.evaluate(AbstractPipeline.java:234)
	at java.base/java.util.stream.ReferencePipeline.collect(ReferencePipeline.java:578)
	at de.uka.ilkd.key.nparser.builder.AbstractBuilder.mapOf(AbstractBuilder.java:112)
	at de.uka.ilkd.key.nparser.builder.IncludeFinder.visitOne_include_statement(IncludeFinder.java:35)
	at de.uka.ilkd.key.nparser.builder.IncludeFinder.visitOne_include_statement(IncludeFinder.java:20)
	at de.uka.ilkd.key.nparser.KeYParser$One_include_statementContext.accept(KeYParser.java:802)
	at org.antlr.v4.runtime.tree.AbstractParseTreeVisitor.visitChildren(AbstractParseTreeVisitor.java:46)
	at de.uka.ilkd.key.nparser.KeYParserBaseVisitor.visitDecls(KeYParserBaseVisitor.java:30)
	at de.uka.ilkd.key.nparser.KeYParser$DeclsContext.accept(KeYParser.java:500)
	at org.antlr.v4.runtime.tree.AbstractParseTreeVisitor.visitChildren(AbstractParseTreeVisitor.java:46)
	at de.uka.ilkd.key.nparser.KeYParserBaseVisitor.visitFile(KeYParserBaseVisitor.java:23)
	at de.uka.ilkd.key.nparser.KeYParser$FileContext.accept(KeYParser.java:306)
	at de.uka.ilkd.key.nparser.KeyAst.accept(KeyAst.java:41)
	at de.uka.ilkd.key.nparser.KeyAst$File.getIncludes(KeyAst.java:76)
	at de.uka.ilkd.key.proof.io.KeYFile.readIncludes(KeYFile.java:208)
	... 14 more
Could not find rule file rules/intRulesCheckedSemantics.key (file: /home/runner/work/key/key/key.core/../key.ui/examples/index/.././heap/strictlyModular/mayExpand.key; caused by: de.uka.ilkd.key.proof.init.ProofInputException: Could not find rule file rules/intRulesCheckedSemantics.key)
	at de.uka.ilkd.key.control.AbstractUserInterfaceControl.load(AbstractUserInterfaceControl.java:221)
	at de.uka.ilkd.key.control.KeYEnvironment.load(KeYEnvironment.java:251)
	at de.uka.ilkd.key.control.KeYEnvironment.load(KeYEnvironment.java:224)
	at de.uka.ilkd.key.control.KeYEnvironment.load(KeYEnvironment.java:184)
	at de.uka.ilkd.key.control.KeYEnvironment.load(KeYEnvironment.java:261)
	at de.uka.ilkd.key.proof.runallproofs.proofcollection.TestFile.load(TestFile.java:270)
	at de.uka.ilkd.key.proof.runallproofs.proofcollection.TestFile.runKey(TestFile.java:160)
	at de.uka.ilkd.key.proof.runallproofs.proofcollection.ForkedTestFileRunner.main(ForkedTestFileRunner.java:171)
Caused by: de.uka.ilkd.key.proof.init.ProofInputException: Could not find rule file rules/intRulesCheckedSemantics.key
	at de.uka.ilkd.key.proof.io.KeYFile.readIncludes(KeYFile.java:210)
	at de.uka.ilkd.key.proof.init.ProblemInitializer.readIncludes(ProblemInitializer.java:177)
	at de.uka.ilkd.key.proof.init.ProblemInitializer.readEnvInput(ProblemInitializer.java:325)
	at de.uka.ilkd.key.proof.init.ProblemInitializer.prepare(ProblemInitializer.java:449)
	at de.uka.ilkd.key.proof.io.AbstractProblemLoader.createInitConfig(AbstractProblemLoader.java:518)
	at de.uka.ilkd.key.proof.io.AbstractProblemLoader.loadEnvironment(AbstractProblemLoader.java:288)
	at de.uka.ilkd.key.proof.io.AbstractProblemLoader.load(AbstractProblemLoader.java:252)
	at de.uka.ilkd.key.control.AbstractUserInterfaceControl.load(AbstractUserInterfaceControl.java:209)
	... 7 more
Caused by: java.lang.RuntimeException: Could not find rule file rules/intRulesCheckedSemantics.key
	at de.uka.ilkd.key.proof.io.RuleSourceFactory.fromBuiltInRule(RuleSourceFactory.java:32)
	at de.uka.ilkd.key.proof.io.RuleSourceFactory.fromDefaultLocation(RuleSourceFactory.java:21)
	at de.uka.ilkd.key.nparser.builder.IncludeFinder.addInclude(IncludeFinder.java:63)
	at de.uka.ilkd.key.nparser.builder.IncludeFinder.visitOne_include(IncludeFinder.java:43)
	at de.uka.ilkd.key.nparser.builder.IncludeFinder.visitOne_include(IncludeFinder.java:20)
	at de.uka.ilkd.key.nparser.KeYParser$One_includeContext.accept(KeYParser.java:878)
	at de.uka.ilkd.key.nparser.builder.AbstractBuilder.lambda$mapOf$0(AbstractBuilder.java:112)
	at java.base/java.util.stream.ReferencePipeline$3$1.accept(ReferencePipeline.java:195)
	at java.base/java.util.ArrayList$ArrayListSpliterator.forEachRemaining(ArrayList.java:1655)
	at java.base/java.util.stream.AbstractPipeline.copyInto(AbstractPipeline.java:484)
	at java.base/java.util.stream.AbstractPipeline.wrapAndCopyInto(AbstractPipeline.java:474)
	at java.base/java.util.stream.ReduceOps$ReduceOp.evaluateSequential(ReduceOps.java:913)
	at java.base/java.util.stream.AbstractPipeline.evaluate(AbstractPipeline.java:234)
	at java.base/java.util.stream.ReferencePipeline.collect(ReferencePipeline.java:578)
	at de.uka.ilkd.key.nparser.builder.AbstractBuilder.mapOf(AbstractBuilder.java:112)
	at de.uka.ilkd.key.nparser.builder.IncludeFinder.visitOne_include_statement(IncludeFinder.java:35)
	at de.uka.ilkd.key.nparser.builder.IncludeFinder.visitOne_include_statement(IncludeFinder.java:20)
	at de.uka.ilkd.key.nparser.KeYParser$One_include_statementContext.accept(KeYParser.java:802)
	at org.antlr.v4.runtime.tree.AbstractParseTreeVisitor.visitChildren(AbstractParseTreeVisitor.java:46)
	at de.uka.ilkd.key.nparser.KeYParserBaseVisitor.visitDecls(KeYParserBaseVisitor.java:30)
	at de.uka.ilkd.key.nparser.KeYParser$DeclsContext.accept(KeYParser.java:500)
	at org.antlr.v4.runtime.tree.AbstractParseTreeVisitor.visitChildren(AbstractParseTreeVisitor.java:46)
	at de.uka.ilkd.key.nparser.KeYParserBaseVisitor.visitFile(KeYParserBaseVisitor.java:23)
	at de.uka.ilkd.key.nparser.KeYParser$FileContext.accept(KeYParser.java:306)
	at de.uka.ilkd.key.nparser.KeyAst.accept(KeyAst.java:41)
	at de.uka.ilkd.key.nparser.KeyAst$File.getIncludes(KeyAst.java:76)
	at de.uka.ilkd.key.proof.io.KeYFile.readIncludes(KeYFile.java:208)
	... 14 more
Could not find rule file rules/intRulesCheckedSemantics.key (file: /home/runner/work/key/key/key.core/../key.ui/examples/index/.././heap/strictlyModular/modularOnly.key; caused by: de.uka.ilkd.key.proof.init.ProofInputException: Could not find rule file rules/intRulesCheckedSemantics.key)
	at de.uka.ilkd.key.control.AbstractUserInterfaceControl.load(AbstractUserInterfaceControl.java:221)
	at de.uka.ilkd.key.control.KeYEnvironment.load(KeYEnvironment.java:251)
	at de.uka.ilkd.key.control.KeYEnvironment.load(KeYEnvironment.java:224)
	at de.uka.ilkd.key.control.KeYEnvironment.load(KeYEnvironment.java:184)
	at de.uka.ilkd.key.control.KeYEnvironment.load(KeYEnvironment.java:261)
	at de.uka.ilkd.key.proof.runallproofs.proofcollection.TestFile.load(TestFile.java:270)
	at de.uka.ilkd.key.proof.runallproofs.proofcollection.TestFile.runKey(TestFile.java:160)
	at de.uka.ilkd.key.proof.runallproofs.proofcollection.ForkedTestFileRunner.main(ForkedTestFileRunner.java:171)
Caused by: de.uka.ilkd.key.proof.init.ProofInputException: Could not find rule file rules/intRulesCheckedSemantics.key
	at de.uka.ilkd.key.proof.io.KeYFile.readIncludes(KeYFile.java:210)
	at de.uka.ilkd.key.proof.init.ProblemInitializer.readIncludes(ProblemInitializer.java:177)
	at de.uka.ilkd.key.proof.init.ProblemInitializer.readEnvInput(ProblemInitializer.java:325)
	at de.uka.ilkd.key.proof.init.ProblemInitializer.prepare(ProblemInitializer.java:449)
	at de.uka.ilkd.key.proof.io.AbstractProblemLoader.createInitConfig(AbstractProblemLoader.java:518)
	at de.uka.ilkd.key.proof.io.AbstractProblemLoader.loadEnvironment(AbstractProblemLoader.java:288)
	at de.uka.ilkd.key.proof.io.AbstractProblemLoader.load(AbstractProblemLoader.java:252)
	at de.uka.ilkd.key.control.AbstractUserInterfaceControl.load(AbstractUserInterfaceControl.java:209)
	... 7 more
Caused by: java.lang.RuntimeException: Could not find rule file rules/intRulesCheckedSemantics.key
	at de.uka.ilkd.key.proof.io.RuleSourceFactory.fromBuiltInRule(RuleSourceFactory.java:32)
	at de.uka.ilkd.key.proof.io.RuleSourceFactory.fromDefaultLocation(RuleSourceFactory.java:21)
	at de.uka.ilkd.key.nparser.builder.IncludeFinder.addInclude(IncludeFinder.java:63)
	at de.uka.ilkd.key.nparser.builder.IncludeFinder.visitOne_include(IncludeFinder.java:43)
	at de.uka.ilkd.key.nparser.builder.IncludeFinder.visitOne_include(IncludeFinder.java:20)
	at de.uka.ilkd.key.nparser.KeYParser$One_includeContext.accept(KeYParser.java:878)
	at de.uka.ilkd.key.nparser.builder.AbstractBuilder.lambda$mapOf$0(AbstractBuilder.java:112)
	at java.base/java.util.stream.ReferencePipeline$3$1.accept(ReferencePipeline.java:195)
	at java.base/java.util.ArrayList$ArrayListSpliterator.forEachRemaining(ArrayList.java:1655)
	at java.base/java.util.stream.AbstractPipeline.copyInto(AbstractPipeline.java:484)
	at java.base/java.util.stream.AbstractPipeline.wrapAndCopyInto(AbstractPipeline.java:474)
	at java.base/java.util.stream.ReduceOps$ReduceOp.evaluateSequential(ReduceOps.java:913)
	at java.base/java.util.stream.AbstractPipeline.evaluate(AbstractPipeline.java:234)
	at java.base/java.util.stream.ReferencePipeline.collect(ReferencePipeline.java:578)
	at de.uka.ilkd.key.nparser.builder.AbstractBuilder.mapOf(AbstractBuilder.java:112)
	at de.uka.ilkd.key.nparser.builder.IncludeFinder.visitOne_include_statement(IncludeFinder.java:35)
	at de.uka.ilkd.key.nparser.builder.IncludeFinder.visitOne_include_statement(IncludeFinder.java:20)
	at de.uka.ilkd.key.nparser.KeYParser$One_include_statementContext.accept(KeYParser.java:802)
	at org.antlr.v4.runtime.tree.AbstractParseTreeVisitor.visitChildren(AbstractParseTreeVisitor.java:46)
	at de.uka.ilkd.key.nparser.KeYParserBaseVisitor.visitDecls(KeYParserBaseVisitor.java:30)
	at de.uka.ilkd.key.nparser.KeYParser$DeclsContext.accept(KeYParser.java:500)
	at org.antlr.v4.runtime.tree.AbstractParseTreeVisitor.visitChildren(AbstractParseTreeVisitor.java:46)
	at de.uka.ilkd.key.nparser.KeYParserBaseVisitor.visitFile(KeYParserBaseVisitor.java:23)
	at de.uka.ilkd.key.nparser.KeYParser$FileContext.accept(KeYParser.java:306)
	at de.uka.ilkd.key.nparser.KeyAst.accept(KeyAst.java:41)
	at de.uka.ilkd.key.nparser.KeyAst$File.getIncludes(KeyAst.java:76)
	at de.uka.ilkd.key.proof.io.KeYFile.readIncludes(KeYFile.java:208)
	... 14 more
Exception in thread "main" org.opentest4j.AssertionFailedError: Exception during the execution of proofs. See log for more details.
	at org.junit.jupiter.api.AssertionUtils.fail(AssertionUtils.java:39)
	at org.junit.jupiter.api.Assertions.fail(Assertions.java:134)
	at de.uka.ilkd.key.proof.runallproofs.proofcollection.ForkedTestFileRunner.main(ForkedTestFileRunner.java:192)
Timeout watcher launched (2000 secs.)
Could not find rule file rules/intRulesCheckedSemantics.key (file: /home/runner/work/key/key/key.core/../key.ui/examples/index/.././heap/SmansEtAl/ArrayList_add.key; caused by: de.uka.ilkd.key.proof.init.ProofInputException: Could not find rule file rules/intRulesCheckedSemantics.key)
	at de.uka.ilkd.key.control.AbstractUserInterfaceControl.load(AbstractUserInterfaceControl.java:221)
	at de.uka.ilkd.key.control.KeYEnvironment.load(KeYEnvironment.java:251)
	at de.uka.ilkd.key.control.KeYEnvironment.load(KeYEnvironment.java:224)
	at de.uka.ilkd.key.control.KeYEnvironment.load(KeYEnvironment.java:184)
	at de.uka.ilkd.key.control.KeYEnvironment.load(KeYEnvironment.java:261)
	at de.uka.ilkd.key.proof.runallproofs.proofcollection.TestFile.load(TestFile.java:270)
	at de.uka.ilkd.key.proof.runallproofs.proofcollection.TestFile.runKey(TestFile.java:160)
	at de.uka.ilkd.key.proof.runallproofs.proofcollection.ForkedTestFileRunner.main(ForkedTestFileRunner.java:171)
Caused by: de.uka.ilkd.key.proof.init.ProofInputException: Could not find rule file rules/intRulesCheckedSemantics.key
	at de.uka.ilkd.key.proof.io.KeYFile.readIncludes(KeYFile.java:210)
	at de.uka.ilkd.key.proof.init.ProblemInitializer.readIncludes(ProblemInitializer.java:177)
	at de.uka.ilkd.key.proof.init.ProblemInitializer.readEnvInput(ProblemInitializer.java:325)
	at de.uka.ilkd.key.proof.init.ProblemInitializer.prepare(ProblemInitializer.java:449)
	at de.uka.ilkd.key.proof.io.AbstractProblemLoader.createInitConfig(AbstractProblemLoader.java:518)
	at de.uka.ilkd.key.proof.io.AbstractProblemLoader.loadEnvironment(AbstractProblemLoader.java:288)
	at de.uka.ilkd.key.proof.io.AbstractProblemLoader.load(AbstractProblemLoader.java:252)
	at de.uka.ilkd.key.control.AbstractUserInterfaceControl.load(AbstractUserInterfaceControl.java:209)
	... 7 more
Caused by: java.lang.RuntimeException: Could not find rule file rules/intRulesCheckedSemantics.key
	at de.uka.ilkd.key.proof.io.RuleSourceFactory.fromBuiltInRule(RuleSourceFactory.java:32)
	at de.uka.ilkd.key.proof.io.RuleSourceFactory.fromDefaultLocation(RuleSourceFactory.java:21)
	at de.uka.ilkd.key.nparser.builder.IncludeFinder.addInclude(IncludeFinder.java:63)
	at de.uka.ilkd.key.nparser.builder.IncludeFinder.visitOne_include(IncludeFinder.java:43)
	at de.uka.ilkd.key.nparser.builder.IncludeFinder.visitOne_include(IncludeFinder.java:20)
	at de.uka.ilkd.key.nparser.KeYParser$One_includeContext.accept(KeYParser.java:878)
	at de.uka.ilkd.key.nparser.builder.AbstractBuilder.lambda$mapOf$0(AbstractBuilder.java:112)
	at java.base/java.util.stream.ReferencePipeline$3$1.accept(ReferencePipeline.java:195)
	at java.base/java.util.ArrayList$ArrayListSpliterator.forEachRemaining(ArrayList.java:1655)
	at java.base/java.util.stream.AbstractPipeline.copyInto(AbstractPipeline.java:484)
	at java.base/java.util.stream.AbstractPipeline.wrapAndCopyInto(AbstractPipeline.java:474)
	at java.base/java.util.stream.ReduceOps$ReduceOp.evaluateSequential(ReduceOps.java:913)
	at java.base/java.util.stream.AbstractPipeline.evaluate(AbstractPipeline.java:234)
	at java.base/java.util.stream.ReferencePipeline.collect(ReferencePipeline.java:578)
	at de.uka.ilkd.key.nparser.builder.AbstractBuilder.mapOf(AbstractBuilder.java:112)
	at de.uka.ilkd.key.nparser.builder.IncludeFinder.visitOne_include_statement(IncludeFinder.java:35)
	at de.uka.ilkd.key.nparser.builder.IncludeFinder.visitOne_include_statement(IncludeFinder.java:20)
	at de.uka.ilkd.key.nparser.KeYParser$One_include_statementContext.accept(KeYParser.java:802)
	at org.antlr.v4.runtime.tree.AbstractParseTreeVisitor.visitChildren(AbstractParseTreeVisitor.java:46)
	at de.uka.ilkd.key.nparser.KeYParserBaseVisitor.visitDecls(KeYParserBaseVisitor.java:30)
	at de.uka.ilkd.key.nparser.KeYParser$DeclsContext.accept(KeYParser.java:500)
	at org.antlr.v4.runtime.tree.AbstractParseTreeVisitor.visitChildren(AbstractParseTreeVisitor.java:46)
	at de.uka.ilkd.key.nparser.KeYParserBaseVisitor.visitFile(KeYParserBaseVisitor.java:23)
	at de.uka.ilkd.key.nparser.KeYParser$FileContext.accept(KeYParser.java:306)
	at de.uka.ilkd.key.nparser.KeyAst.accept(KeyAst.java:41)
	at de.uka.ilkd.key.nparser.KeyAst$File.getIncludes(KeyAst.java:76)
	at de.uka.ilkd.key.proof.io.KeYFile.readIncludes(KeYFile.java:208)
	... 14 more
Could not find rule file rules/intRulesCheckedSemantics.key (file: /home/runner/work/key/key/key.core/../key.ui/examples/index/.././heap/SmansEtAl/ArrayList_ArrayList.key; caused by: de.uka.ilkd.key.proof.init.ProofInputException: Could not find rule file rules/intRulesCheckedSemantics.key)
	at de.uka.ilkd.key.control.AbstractUserInterfaceControl.load(AbstractUserInterfaceControl.java:221)
	at de.uka.ilkd.key.control.KeYEnvironment.load(KeYEnvironment.java:251)
	at de.uka.ilkd.key.control.KeYEnvironment.load(KeYEnvironment.java:224)
	at de.uka.ilkd.key.control.KeYEnvironment.load(KeYEnvironment.java:184)
	at de.uka.ilkd.key.control.KeYEnvironment.load(KeYEnvironment.java:261)
	at de.uka.ilkd.key.proof.runallproofs.proofcollection.TestFile.load(TestFile.java:270)
	at de.uka.ilkd.key.proof.runallproofs.proofcollection.TestFile.runKey(TestFile.java:160)
	at de.uka.ilkd.key.proof.runallproofs.proofcollection.ForkedTestFileRunner.main(ForkedTestFileRunner.java:171)
Caused by: de.uka.ilkd.key.proof.init.ProofInputException: Could not find rule file rules/intRulesCheckedSemantics.key
	at de.uka.ilkd.key.proof.io.KeYFile.readIncludes(KeYFile.java:210)
	at de.uka.ilkd.key.proof.init.ProblemInitializer.readIncludes(ProblemInitializer.java:177)
	at de.uka.ilkd.key.proof.init.ProblemInitializer.readEnvInput(ProblemInitializer.java:325)
	at de.uka.ilkd.key.proof.init.ProblemInitializer.prepare(ProblemInitializer.java:449)
	at de.uka.ilkd.key.proof.io.AbstractProblemLoader.createInitConfig(AbstractProblemLoader.java:518)
	at de.uka.ilkd.key.proof.io.AbstractProblemLoader.loadEnvironment(AbstractProblemLoader.java:288)
	at de.uka.ilkd.key.proof.io.AbstractProblemLoader.load(AbstractProblemLoader.java:252)
	at de.uka.ilkd.key.control.AbstractUserInterfaceControl.load(AbstractUserInterfaceControl.java:209)
	... 7 more
Caused by: java.lang.RuntimeException: Could not find rule file rules/intRulesCheckedSemantics.key
	at de.uka.ilkd.key.proof.io.RuleSourceFactory.fromBuiltInRule(RuleSourceFactory.java:32)
	at de.uka.ilkd.key.proof.io.RuleSourceFactory.fromDefaultLocation(RuleSourceFactory.java:21)
	at de.uka.ilkd.key.nparser.builder.IncludeFinder.addInclude(IncludeFinder.java:63)
	at de.uka.ilkd.key.nparser.builder.IncludeFinder.visitOne_include(IncludeFinder.java:43)
	at de.uka.ilkd.key.nparser.builder.IncludeFinder.visitOne_include(IncludeFinder.java:20)
	at de.uka.ilkd.key.nparser.KeYParser$One_includeContext.accept(KeYParser.java:878)
	at de.uka.ilkd.key.nparser.builder.AbstractBuilder.lambda$mapOf$0(AbstractBuilder.java:112)
	at java.base/java.util.stream.ReferencePipeline$3$1.accept(ReferencePipeline.java:195)
	at java.base/java.util.ArrayList$ArrayListSpliterator.forEachRemaining(ArrayList.java:1655)
	at java.base/java.util.stream.AbstractPipeline.copyInto(AbstractPipeline.java:484)
	at java.base/java.util.stream.AbstractPipeline.wrapAndCopyInto(AbstractPipeline.java:474)
	at java.base/java.util.stream.ReduceOps$ReduceOp.evaluateSequential(ReduceOps.java:913)
	at java.base/java.util.stream.AbstractPipeline.evaluate(AbstractPipeline.java:234)
	at java.base/java.util.stream.ReferencePipeline.collect(ReferencePipeline.java:578)
	at de.uka.ilkd.key.nparser.builder.AbstractBuilder.mapOf(AbstractBuilder.java:112)
	at de.uka.ilkd.key.nparser.builder.IncludeFinder.visitOne_include_statement(IncludeFinder.java:35)
	at de.uka.ilkd.key.nparser.builder.IncludeFinder.visitOne_include_statement(IncludeFinder.java:20)
	at de.uka.ilkd.key.nparser.KeYParser$One_include_statementContext.accept(KeYParser.java:802)
	at org.antlr.v4.runtime.tree.AbstractParseTreeVisitor.visitChildren(AbstractParseTreeVisitor.java:46)
	at de.uka.ilkd.key.nparser.KeYParserBaseVisitor.visitDecls(KeYParserBaseVisitor.java:30)
	at de.uka.ilkd.key.nparser.KeYParser$DeclsContext.accept(KeYParser.java:500)
	at org.antlr.v4.runtime.tree.AbstractParseTreeVisitor.visitChildren(AbstractParseTreeVisitor.java:46)
	at de.uka.ilkd.key.nparser.KeYParserBaseVisitor.visitFile(KeYParserBaseVisitor.java:23)
	at de.uka.ilkd.key.nparser.KeYParser$FileContext.accept(KeYParser.java:306)
	at de.uka.ilkd.key.nparser.KeyAst.accept(KeyAst.java:41)
	at de.uka.ilkd.key.nparser.KeyAst$File.getIncludes(KeyAst.java:76)
	at de.uka.ilkd.key.proof.io.KeYFile.readIncludes(KeYFile.java:208)
	... 14 more
Could not find rule file rules/intRulesCheckedSemantics.key (file: /home/runner/work/key/key/key.core/../key.ui/examples/index/.././heap/SmansEtAl/ArrayList_footprint.key; caused by: de.uka.ilkd.key.proof.init.ProofInputException: Could not find rule file rules/intRulesCheckedSemantics.key)
	at de.uka.ilkd.key.control.AbstractUserInterfaceControl.load(AbstractUserInterfaceControl.java:221)
	at de.uka.ilkd.key.control.KeYEnvironment.load(KeYEnvironment.java:251)
	at de.uka.ilkd.key.control.KeYEnvironment.load(KeYEnvironment.java:224)
	at de.uka.ilkd.key.control.KeYEnvironment.load(KeYEnvironment.java:184)
	at de.uka.ilkd.key.control.KeYEnvironment.load(KeYEnvironment.java:261)
	at de.uka.ilkd.key.proof.runallproofs.proofcollection.TestFile.load(TestFile.java:270)
	at de.uka.ilkd.key.proof.runallproofs.proofcollection.TestFile.runKey(TestFile.java:160)
	at de.uka.ilkd.key.proof.runallproofs.proofcollection.ForkedTestFileRunner.main(ForkedTestFileRunner.java:171)
Caused by: de.uka.ilkd.key.proof.init.ProofInputException: Could not find rule file rules/intRulesCheckedSemantics.key
	at de.uka.ilkd.key.proof.io.KeYFile.readIncludes(KeYFile.java:210)
	at de.uka.ilkd.key.proof.init.ProblemInitializer.readIncludes(ProblemInitializer.java:177)
	at de.uka.ilkd.key.proof.init.ProblemInitializer.readEnvInput(ProblemInitializer.java:325)
	at de.uka.ilkd.key.proof.init.ProblemInitializer.prepare(ProblemInitializer.java:449)
	at de.uka.ilkd.key.proof.io.AbstractProblemLoader.createInitConfig(AbstractProblemLoader.java:518)
	at de.uka.ilkd.key.proof.io.AbstractProblemLoader.loadEnvironment(AbstractProblemLoader.java:288)
	at de.uka.ilkd.key.proof.io.AbstractProblemLoader.load(AbstractProblemLoader.java:252)
	at de.uka.ilkd.key.control.AbstractUserInterfaceControl.load(AbstractUserInterfaceControl.java:209)
	... 7 more
Caused by: java.lang.RuntimeException: Could not find rule file rules/intRulesCheckedSemantics.key
	at de.uka.ilkd.key.proof.io.RuleSourceFactory.fromBuiltInRule(RuleSourceFactory.java:32)
	at de.uka.ilkd.key.proof.io.RuleSourceFactory.fromDefaultLocation(RuleSourceFactory.java:21)
	at de.uka.ilkd.key.nparser.builder.IncludeFinder.addInclude(IncludeFinder.java:63)
	at de.uka.ilkd.key.nparser.builder.IncludeFinder.visitOne_include(IncludeFinder.java:43)
	at de.uka.ilkd.key.nparser.builder.IncludeFinder.visitOne_include(IncludeFinder.java:20)
	at de.uka.ilkd.key.nparser.KeYParser$One_includeContext.accept(KeYParser.java:878)
	at de.uka.ilkd.key.nparser.builder.AbstractBuilder.lambda$mapOf$0(AbstractBuilder.java:112)
	at java.base/java.util.stream.ReferencePipeline$3$1.accept(ReferencePipeline.java:195)
	at java.base/java.util.ArrayList$ArrayListSpliterator.forEachRemaining(ArrayList.java:1655)
	at java.base/java.util.stream.AbstractPipeline.copyInto(AbstractPipeline.java:484)
	at java.base/java.util.stream.AbstractPipeline.wrapAndCopyInto(AbstractPipeline.java:474)
	at java.base/java.util.stream.ReduceOps$ReduceOp.evaluateSequential(ReduceOps.java:913)
	at java.base/java.util.stream.AbstractPipeline.evaluate(AbstractPipeline.java:234)
	at java.base/java.util.stream.ReferencePipeline.collect(ReferencePipeline.java:578)
	at de.uka.ilkd.key.nparser.builder.AbstractBuilder.mapOf(AbstractBuilder.java:112)
	at de.uka.ilkd.key.nparser.builder.IncludeFinder.visitOne_include_statement(IncludeFinder.java:35)
	at de.uka.ilkd.key.nparser.builder.IncludeFinder.visitOne_include_statement(IncludeFinder.java:20)
	at de.uka.ilkd.key.nparser.KeYParser$One_include_statementContext.accept(KeYParser.java:802)
	at org.antlr.v4.runtime.tree.AbstractParseTreeVisitor.visitChildren(AbstractParseTreeVisitor.java:46)
	at de.uka.ilkd.key.nparser.KeYParserBaseVisitor.visitDecls(KeYParserBaseVisitor.java:30)
	at de.uka.ilkd.key.nparser.KeYParser$DeclsContext.accept(KeYParser.java:500)
	at org.antlr.v4.runtime.tree.AbstractParseTreeVisitor.visitChildren(AbstractParseTreeVisitor.java:46)
	at de.uka.ilkd.key.nparser.KeYParserBaseVisitor.visitFile(KeYParserBaseVisitor.java:23)
	at de.uka.ilkd.key.nparser.KeYParser$FileContext.accept(KeYParser.java:306)
	at de.uka.ilkd.key.nparser.KeyAst.accept(KeyAst.java:41)
	at de.uka.ilkd.key.nparser.KeyAst$File.getIncludes(KeyAst.java:76)
	at de.uka.ilkd.key.proof.io.KeYFile.readIncludes(KeYFile.java:208)
	... 14 more
Could not find rule file rules/intRulesCheckedSemantics.key (file: /home/runner/work/key/key/key.core/../key.ui/examples/index/.././heap/SmansEtAl/ArrayList_get_dep.key; caused by: de.uka.ilkd.key.proof.init.ProofInputException: Could not find rule file rules/intRulesCheckedSemantics.key)
	at de.uka.ilkd.key.control.AbstractUserInterfaceControl.load(AbstractUserInterfaceControl.java:221)
	at de.uka.ilkd.key.control.KeYEnvironment.load(KeYEnvironment.java:251)
	at de.uka.ilkd.key.control.KeYEnvironment.load(KeYEnvironment.java:224)
	at de.uka.ilkd.key.control.KeYEnvironment.load(KeYEnvironment.java:184)
	at de.uka.ilkd.key.control.KeYEnvironment.load(KeYEnvironment.java:261)
	at de.uka.ilkd.key.proof.runallproofs.proofcollection.TestFile.load(TestFile.java:270)
	at de.uka.ilkd.key.proof.runallproofs.proofcollection.TestFile.runKey(TestFile.java:160)
	at de.uka.ilkd.key.proof.runallproofs.proofcollection.ForkedTestFileRunner.main(ForkedTestFileRunner.java:171)
Caused by: de.uka.ilkd.key.proof.init.ProofInputException: Could not find rule file rules/intRulesCheckedSemantics.key
	at de.uka.ilkd.key.proof.io.KeYFile.readIncludes(KeYFile.java:210)
	at de.uka.ilkd.key.proof.init.ProblemInitializer.readIncludes(ProblemInitializer.java:177)
	at de.uka.ilkd.key.proof.init.ProblemInitializer.readEnvInput(ProblemInitializer.java:325)
	at de.uka.ilkd.key.proof.init.ProblemInitializer.prepare(ProblemInitializer.java:449)
	at de.uka.ilkd.key.proof.io.AbstractProblemLoader.createInitConfig(AbstractProblemLoader.java:518)
	at de.uka.ilkd.key.proof.io.AbstractProblemLoader.loadEnvironment(AbstractProblemLoader.java:288)
	at de.uka.ilkd.key.proof.io.AbstractProblemLoader.load(AbstractProblemLoader.java:252)
	at de.uka.ilkd.key.control.AbstractUserInterfaceControl.load(AbstractUserInterfaceControl.java:209)
	... 7 more
Caused by: java.lang.RuntimeException: Could not find rule file rules/intRulesCheckedSemantics.key
	at de.uka.ilkd.key.proof.io.RuleSourceFactory.fromBuiltInRule(RuleSourceFactory.java:32)
	at de.uka.ilkd.key.proof.io.RuleSourceFactory.fromDefaultLocation(RuleSourceFactory.java:21)
	at de.uka.ilkd.key.nparser.builder.IncludeFinder.addInclude(IncludeFinder.java:63)
	at de.uka.ilkd.key.nparser.builder.IncludeFinder.visitOne_include(IncludeFinder.java:43)
	at de.uka.ilkd.key.nparser.builder.IncludeFinder.visitOne_include(IncludeFinder.java:20)
	at de.uka.ilkd.key.nparser.KeYParser$One_includeContext.accept(KeYParser.java:878)
	at de.uka.ilkd.key.nparser.builder.AbstractBuilder.lambda$mapOf$0(AbstractBuilder.java:112)
	at java.base/java.util.stream.ReferencePipeline$3$1.accept(ReferencePipeline.java:195)
	at java.base/java.util.ArrayList$ArrayListSpliterator.forEachRemaining(ArrayList.java:1655)
	at java.base/java.util.stream.AbstractPipeline.copyInto(AbstractPipeline.java:484)
	at java.base/java.util.stream.AbstractPipeline.wrapAndCopyInto(AbstractPipeline.java:474)
	at java.base/java.util.stream.ReduceOps$ReduceOp.evaluateSequential(ReduceOps.java:913)
	at java.base/java.util.stream.AbstractPipeline.evaluate(AbstractPipeline.java:234)
	at java.base/java.util.stream.ReferencePipeline.collect(ReferencePipeline.java:578)
	at de.uka.ilkd.key.nparser.builder.AbstractBuilder.mapOf(AbstractBuilder.java:112)
	at de.uka.ilkd.key.nparser.builder.IncludeFinder.visitOne_include_statement(IncludeFinder.java:35)
	at de.uka.ilkd.key.nparser.builder.IncludeFinder.visitOne_include_statement(IncludeFinder.java:20)
	at de.uka.ilkd.key.nparser.KeYParser$One_include_statementContext.accept(KeYParser.java:802)
	at org.antlr.v4.runtime.tree.AbstractParseTreeVisitor.visitChildren(AbstractParseTreeVisitor.java:46)
	at de.uka.ilkd.key.nparser.KeYParserBaseVisitor.visitDecls(KeYParserBaseVisitor.java:30)
	at de.uka.ilkd.key.nparser.KeYParser$DeclsContext.accept(KeYParser.java:500)
	at org.antlr.v4.runtime.tree.AbstractParseTreeVisitor.visitChildren(AbstractParseTreeVisitor.java:46)
	at de.uka.ilkd.key.nparser.KeYParserBaseVisitor.visitFile(KeYParserBaseVisitor.java:23)
	at de.uka.ilkd.key.nparser.KeYParser$FileContext.accept(KeYParser.java:306)
	at de.uka.ilkd.key.nparser.KeyAst.accept(KeyAst.java:41)
	at de.uka.ilkd.key.nparser.KeyAst$File.getIncludes(KeyAst.java:76)
	at de.uka.ilkd.key.proof.io.KeYFile.readIncludes(KeYFile.java:208)
	... 14 more
Could not find rule file rules/intRulesCheckedSemantics.key (file: /home/runner/work/key/key/key.core/../key.ui/examples/index/.././heap/SmansEtAl/ArrayList_get.key; caused by: de.uka.ilkd.key.proof.init.ProofInputException: Could not find rule file rules/intRulesCheckedSemantics.key)
	at de.uka.ilkd.key.control.AbstractUserInterfaceControl.load(AbstractUserInterfaceControl.java:221)
	at de.uka.ilkd.key.control.KeYEnvironment.load(KeYEnvironment.java:251)
	at de.uka.ilkd.key.control.KeYEnvironment.load(KeYEnvironment.java:224)
	at de.uka.ilkd.key.control.KeYEnvironment.load(KeYEnvironment.java:184)
	at de.uka.ilkd.key.control.KeYEnvironment.load(KeYEnvironment.java:261)
	at de.uka.ilkd.key.proof.runallproofs.proofcollection.TestFile.load(TestFile.java:270)
	at de.uka.ilkd.key.proof.runallproofs.proofcollection.TestFile.runKey(TestFile.java:160)
	at de.uka.ilkd.key.proof.runallproofs.proofcollection.ForkedTestFileRunner.main(ForkedTestFileRunner.java:171)
Caused by: de.uka.ilkd.key.proof.init.ProofInputException: Could not find rule file rules/intRulesCheckedSemantics.key
	at de.uka.ilkd.key.proof.io.KeYFile.readIncludes(KeYFile.java:210)
	at de.uka.ilkd.key.proof.init.ProblemInitializer.readIncludes(ProblemInitializer.java:177)
	at de.uka.ilkd.key.proof.init.ProblemInitializer.readEnvInput(ProblemInitializer.java:325)
	at de.uka.ilkd.key.proof.init.ProblemInitializer.prepare(ProblemInitializer.java:449)
	at de.uka.ilkd.key.proof.io.AbstractProblemLoader.createInitConfig(AbstractProblemLoader.java:518)
	at de.uka.ilkd.key.proof.io.AbstractProblemLoader.loadEnvironment(AbstractProblemLoader.java:288)
	at de.uka.ilkd.key.proof.io.AbstractProblemLoader.load(AbstractProblemLoader.java:252)
	at de.uka.ilkd.key.control.AbstractUserInterfaceControl.load(AbstractUserInterfaceControl.java:209)
	... 7 more
Caused by: java.lang.RuntimeException: Could not find rule file rules/intRulesCheckedSemantics.key
	at de.uka.ilkd.key.proof.io.RuleSourceFactory.fromBuiltInRule(RuleSourceFactory.java:32)
	at de.uka.ilkd.key.proof.io.RuleSourceFactory.fromDefaultLocation(RuleSourceFactory.java:21)
	at de.uka.ilkd.key.nparser.builder.IncludeFinder.addInclude(IncludeFinder.java:63)
	at de.uka.ilkd.key.nparser.builder.IncludeFinder.visitOne_include(IncludeFinder.java:43)
	at de.uka.ilkd.key.nparser.builder.IncludeFinder.visitOne_include(IncludeFinder.java:20)
	at de.uka.ilkd.key.nparser.KeYParser$One_includeContext.accept(KeYParser.java:878)
	at de.uka.ilkd.key.nparser.builder.AbstractBuilder.lambda$mapOf$0(AbstractBuilder.java:112)
	at java.base/java.util.stream.ReferencePipeline$3$1.accept(ReferencePipeline.java:195)
	at java.base/java.util.ArrayList$ArrayListSpliterator.forEachRemaining(ArrayList.java:1655)
	at java.base/java.util.stream.AbstractPipeline.copyInto(AbstractPipeline.java:484)
	at java.base/java.util.stream.AbstractPipeline.wrapAndCopyInto(AbstractPipeline.java:474)
	at java.base/java.util.stream.ReduceOps$ReduceOp.evaluateSequential(ReduceOps.java:913)
	at java.base/java.util.stream.AbstractPipeline.evaluate(AbstractPipeline.java:234)
	at java.base/java.util.stream.ReferencePipeline.collect(ReferencePipeline.java:578)
	at de.uka.ilkd.key.nparser.builder.AbstractBuilder.mapOf(AbstractBuilder.java:112)
	at de.uka.ilkd.key.nparser.builder.IncludeFinder.visitOne_include_statement(IncludeFinder.java:35)
	at de.uka.ilkd.key.nparser.builder.IncludeFinder.visitOne_include_statement(IncludeFinder.java:20)
	at de.uka.ilkd.key.nparser.KeYParser$One_include_statementContext.accept(KeYParser.java:802)
	at org.antlr.v4.runtime.tree.AbstractParseTreeVisitor.visitChildren(AbstractParseTreeVisitor.java:46)
	at de.uka.ilkd.key.nparser.KeYParserBaseVisitor.visitDecls(KeYParserBaseVisitor.java:30)
	at de.uka.ilkd.key.nparser.KeYParser$DeclsContext.accept(KeYParser.java:500)
	at org.antlr.v4.runtime.tree.AbstractParseTreeVisitor.visitChildren(AbstractParseTreeVisitor.java:46)
	at de.uka.ilkd.key.nparser.KeYParserBaseVisitor.visitFile(KeYParserBaseVisitor.java:23)
	at de.uka.ilkd.key.nparser.KeYParser$FileContext.accept(KeYParser.java:306)
	at de.uka.ilkd.key.nparser.KeyAst.accept(KeyAst.java:41)
	at de.uka.ilkd.key.nparser.KeyAst$File.getIncludes(KeyAst.java:76)
	at de.uka.ilkd.key.proof.io.KeYFile.readIncludes(KeYFile.java:208)
	... 14 more
Could not find rule file rules/intRulesCheckedSemantics.key (file: /home/runner/work/key/key/key.core/../key.ui/examples/index/.././heap/SmansEtAl/ArrayList_inv.key; caused by: de.uka.ilkd.key.proof.init.ProofInputException: Could not find rule file rules/intRulesCheckedSemantics.key)
	at de.uka.ilkd.key.control.AbstractUserInterfaceControl.load(AbstractUserInterfaceControl.java:221)
	at de.uka.ilkd.key.control.KeYEnvironment.load(KeYEnvironment.java:251)
	at de.uka.ilkd.key.control.KeYEnvironment.load(KeYEnvironment.java:224)
	at de.uka.ilkd.key.control.KeYEnvironment.load(KeYEnvironment.java:184)
	at de.uka.ilkd.key.control.KeYEnvironment.load(KeYEnvironment.java:261)
	at de.uka.ilkd.key.proof.runallproofs.proofcollection.TestFile.load(TestFile.java:270)
	at de.uka.ilkd.key.proof.runallproofs.proofcollection.TestFile.runKey(TestFile.java:160)
	at de.uka.ilkd.key.proof.runallproofs.proofcollection.ForkedTestFileRunner.main(ForkedTestFileRunner.java:171)
Caused by: de.uka.ilkd.key.proof.init.ProofInputException: Could not find rule file rules/intRulesCheckedSemantics.key
	at de.uka.ilkd.key.proof.io.KeYFile.readIncludes(KeYFile.java:210)
	at de.uka.ilkd.key.proof.init.ProblemInitializer.readIncludes(ProblemInitializer.java:177)
	at de.uka.ilkd.key.proof.init.ProblemInitializer.readEnvInput(ProblemInitializer.java:325)
	at de.uka.ilkd.key.proof.init.ProblemInitializer.prepare(ProblemInitializer.java:449)
	at de.uka.ilkd.key.proof.io.AbstractProblemLoader.createInitConfig(AbstractProblemLoader.java:518)
	at de.uka.ilkd.key.proof.io.AbstractProblemLoader.loadEnvironment(AbstractProblemLoader.java:288)
	at de.uka.ilkd.key.proof.io.AbstractProblemLoader.load(AbstractProblemLoader.java:252)
	at de.uka.ilkd.key.control.AbstractUserInterfaceControl.load(AbstractUserInterfaceControl.java:209)
	... 7 more
Caused by: java.lang.RuntimeException: Could not find rule file rules/intRulesCheckedSemantics.key
	at de.uka.ilkd.key.proof.io.RuleSourceFactory.fromBuiltInRule(RuleSourceFactory.java:32)
	at de.uka.ilkd.key.proof.io.RuleSourceFactory.fromDefaultLocation(RuleSourceFactory.java:21)
	at de.uka.ilkd.key.nparser.builder.IncludeFinder.addInclude(IncludeFinder.java:63)
	at de.uka.ilkd.key.nparser.builder.IncludeFinder.visitOne_include(IncludeFinder.java:43)
	at de.uka.ilkd.key.nparser.builder.IncludeFinder.visitOne_include(IncludeFinder.java:20)
	at de.uka.ilkd.key.nparser.KeYParser$One_includeContext.accept(KeYParser.java:878)
	at de.uka.ilkd.key.nparser.builder.AbstractBuilder.lambda$mapOf$0(AbstractBuilder.java:112)
	at java.base/java.util.stream.ReferencePipeline$3$1.accept(ReferencePipeline.java:195)
	at java.base/java.util.ArrayList$ArrayListSpliterator.forEachRemaining(ArrayList.java:1655)
	at java.base/java.util.stream.AbstractPipeline.copyInto(AbstractPipeline.java:484)
	at java.base/java.util.stream.AbstractPipeline.wrapAndCopyInto(AbstractPipeline.java:474)
	at java.base/java.util.stream.ReduceOps$ReduceOp.evaluateSequential(ReduceOps.java:913)
	at java.base/java.util.stream.AbstractPipeline.evaluate(AbstractPipeline.java:234)
	at java.base/java.util.stream.ReferencePipeline.collect(ReferencePipeline.java:578)
	at de.uka.ilkd.key.nparser.builder.AbstractBuilder.mapOf(AbstractBuilder.java:112)
	at de.uka.ilkd.key.nparser.builder.IncludeFinder.visitOne_include_statement(IncludeFinder.java:35)
	at de.uka.ilkd.key.nparser.builder.IncludeFinder.visitOne_include_statement(IncludeFinder.java:20)
	at de.uka.ilkd.key.nparser.KeYParser$One_include_statementContext.accept(KeYParser.java:802)
	at org.antlr.v4.runtime.tree.AbstractParseTreeVisitor.visitChildren(AbstractParseTreeVisitor.java:46)
	at de.uka.ilkd.key.nparser.KeYParserBaseVisitor.visitDecls(KeYParserBaseVisitor.java:30)
	at de.uka.ilkd.key.nparser.KeYParser$DeclsContext.accept(KeYParser.java:500)
	at org.antlr.v4.runtime.tree.AbstractParseTreeVisitor.visitChildren(AbstractParseTreeVisitor.java:46)
	at de.uka.ilkd.key.nparser.KeYParserBaseVisitor.visitFile(KeYParserBaseVisitor.java:23)
	at de.uka.ilkd.key.nparser.KeYParser$FileContext.accept(KeYParser.java:306)
	at de.uka.ilkd.key.nparser.KeyAst.accept(KeyAst.java:41)
	at de.uka.ilkd.key.nparser.KeyAst$File.getIncludes(KeyAst.java:76)
	at de.uka.ilkd.key.proof.io.KeYFile.readIncludes(KeYFile.java:208)
	... 14 more
Could not find rule file rules/intRulesCheckedSemantics.key (file: /home/runner/work/key/key/key.core/../key.ui/examples/index/.././heap/SmansEtAl/ArrayList_size_dep.key; caused by: de.uka.ilkd.key.proof.init.ProofInputException: Could not find rule file rules/intRulesCheckedSemantics.key)
	at de.uka.ilkd.key.control.AbstractUserInterfaceControl.load(AbstractUserInterfaceControl.java:221)
	at de.uka.ilkd.key.control.KeYEnvironment.load(KeYEnvironment.java:251)
	at de.uka.ilkd.key.control.KeYEnvironment.load(KeYEnvironment.java:224)
	at de.uka.ilkd.key.control.KeYEnvironment.load(KeYEnvironment.java:184)
	at de.uka.ilkd.key.control.KeYEnvironment.load(KeYEnvironment.java:261)
	at de.uka.ilkd.key.proof.runallproofs.proofcollection.TestFile.load(TestFile.java:270)
	at de.uka.ilkd.key.proof.runallproofs.proofcollection.TestFile.runKey(TestFile.java:160)
	at de.uka.ilkd.key.proof.runallproofs.proofcollection.ForkedTestFileRunner.main(ForkedTestFileRunner.java:171)
Caused by: de.uka.ilkd.key.proof.init.ProofInputException: Could not find rule file rules/intRulesCheckedSemantics.key
	at de.uka.ilkd.key.proof.io.KeYFile.readIncludes(KeYFile.java:210)
	at de.uka.ilkd.key.proof.init.ProblemInitializer.readIncludes(ProblemInitializer.java:177)
	at de.uka.ilkd.key.proof.init.ProblemInitializer.readEnvInput(ProblemInitializer.java:325)
	at de.uka.ilkd.key.proof.init.ProblemInitializer.prepare(ProblemInitializer.java:449)
	at de.uka.ilkd.key.proof.io.AbstractProblemLoader.createInitConfig(AbstractProblemLoader.java:518)
	at de.uka.ilkd.key.proof.io.AbstractProblemLoader.loadEnvironment(AbstractProblemLoader.java:288)
	at de.uka.ilkd.key.proof.io.AbstractProblemLoader.load(AbstractProblemLoader.java:252)
	at de.uka.ilkd.key.control.AbstractUserInterfaceControl.load(AbstractUserInterfaceControl.java:209)
	... 7 more
Caused by: java.lang.RuntimeException: Could not find rule file rules/intRulesCheckedSemantics.key
	at de.uka.ilkd.key.proof.io.RuleSourceFactory.fromBuiltInRule(RuleSourceFactory.java:32)
	at de.uka.ilkd.key.proof.io.RuleSourceFactory.fromDefaultLocation(RuleSourceFactory.java:21)
	at de.uka.ilkd.key.nparser.builder.IncludeFinder.addInclude(IncludeFinder.java:63)
	at de.uka.ilkd.key.nparser.builder.IncludeFinder.visitOne_include(IncludeFinder.java:43)
	at de.uka.ilkd.key.nparser.builder.IncludeFinder.visitOne_include(IncludeFinder.java:20)
	at de.uka.ilkd.key.nparser.KeYParser$One_includeContext.accept(KeYParser.java:878)
	at de.uka.ilkd.key.nparser.builder.AbstractBuilder.lambda$mapOf$0(AbstractBuilder.java:112)
	at java.base/java.util.stream.ReferencePipeline$3$1.accept(ReferencePipeline.java:195)
	at java.base/java.util.ArrayList$ArrayListSpliterator.forEachRemaining(ArrayList.java:1655)
	at java.base/java.util.stream.AbstractPipeline.copyInto(AbstractPipeline.java:484)
	at java.base/java.util.stream.AbstractPipeline.wrapAndCopyInto(AbstractPipeline.java:474)
	at java.base/java.util.stream.ReduceOps$ReduceOp.evaluateSequential(ReduceOps.java:913)
	at java.base/java.util.stream.AbstractPipeline.evaluate(AbstractPipeline.java:234)
	at java.base/java.util.stream.ReferencePipeline.collect(ReferencePipeline.java:578)
	at de.uka.ilkd.key.nparser.builder.AbstractBuilder.mapOf(AbstractBuilder.java:112)
	at de.uka.ilkd.key.nparser.builder.IncludeFinder.visitOne_include_statement(IncludeFinder.java:35)
	at de.uka.ilkd.key.nparser.builder.IncludeFinder.visitOne_include_statement(IncludeFinder.java:20)
	at de.uka.ilkd.key.nparser.KeYParser$One_include_statementContext.accept(KeYParser.java:802)
	at org.antlr.v4.runtime.tree.AbstractParseTreeVisitor.visitChildren(AbstractParseTreeVisitor.java:46)
	at de.uka.ilkd.key.nparser.KeYParserBaseVisitor.visitDecls(KeYParserBaseVisitor.java:30)
	at de.uka.ilkd.key.nparser.KeYParser$DeclsContext.accept(KeYParser.java:500)
	at org.antlr.v4.runtime.tree.AbstractParseTreeVisitor.visitChildren(AbstractParseTreeVisitor.java:46)
	at de.uka.ilkd.key.nparser.KeYParserBaseVisitor.visitFile(KeYParserBaseVisitor.java:23)
	at de.uka.ilkd.key.nparser.KeYParser$FileContext.accept(KeYParser.java:306)
	at de.uka.ilkd.key.nparser.KeyAst.accept(KeyAst.java:41)
	at de.uka.ilkd.key.nparser.KeyAst$File.getIncludes(KeyAst.java:76)
	at de.uka.ilkd.key.proof.io.KeYFile.readIncludes(KeYFile.java:208)
	... 14 more
Could not find rule file rules/intRulesCheckedSemantics.key (file: /home/runner/work/key/key/key.core/../key.ui/examples/index/.././heap/SmansEtAl/ArrayList_size.key; caused by: de.uka.ilkd.key.proof.init.ProofInputException: Could not find rule file rules/intRulesCheckedSemantics.key)
	at de.uka.ilkd.key.control.AbstractUserInterfaceControl.load(AbstractUserInterfaceControl.java:221)
	at de.uka.ilkd.key.control.KeYEnvironment.load(KeYEnvironment.java:251)
	at de.uka.ilkd.key.control.KeYEnvironment.load(KeYEnvironment.java:224)
	at de.uka.ilkd.key.control.KeYEnvironment.load(KeYEnvironment.java:184)
	at de.uka.ilkd.key.control.KeYEnvironment.load(KeYEnvironment.java:261)
	at de.uka.ilkd.key.proof.runallproofs.proofcollection.TestFile.load(TestFile.java:270)
	at de.uka.ilkd.key.proof.runallproofs.proofcollection.TestFile.runKey(TestFile.java:160)
	at de.uka.ilkd.key.proof.runallproofs.proofcollection.ForkedTestFileRunner.main(ForkedTestFileRunner.java:171)
Caused by: de.uka.ilkd.key.proof.init.ProofInputException: Could not find rule file rules/intRulesCheckedSemantics.key
	at de.uka.ilkd.key.proof.io.KeYFile.readIncludes(KeYFile.java:210)
	at de.uka.ilkd.key.proof.init.ProblemInitializer.readIncludes(ProblemInitializer.java:177)
	at de.uka.ilkd.key.proof.init.ProblemInitializer.readEnvInput(ProblemInitializer.java:325)
	at de.uka.ilkd.key.proof.init.ProblemInitializer.prepare(ProblemInitializer.java:449)
	at de.uka.ilkd.key.proof.io.AbstractProblemLoader.createInitConfig(AbstractProblemLoader.java:518)
	at de.uka.ilkd.key.proof.io.AbstractProblemLoader.loadEnvironment(AbstractProblemLoader.java:288)
	at de.uka.ilkd.key.proof.io.AbstractProblemLoader.load(AbstractProblemLoader.java:252)
	at de.uka.ilkd.key.control.AbstractUserInterfaceControl.load(AbstractUserInterfaceControl.java:209)
	... 7 more
Caused by: java.lang.RuntimeException: Could not find rule file rules/intRulesCheckedSemantics.key
	at de.uka.ilkd.key.proof.io.RuleSourceFactory.fromBuiltInRule(RuleSourceFactory.java:32)
	at de.uka.ilkd.key.proof.io.RuleSourceFactory.fromDefaultLocation(RuleSourceFactory.java:21)
	at de.uka.ilkd.key.nparser.builder.IncludeFinder.addInclude(IncludeFinder.java:63)
	at de.uka.ilkd.key.nparser.builder.IncludeFinder.visitOne_include(IncludeFinder.java:43)
	at de.uka.ilkd.key.nparser.builder.IncludeFinder.visitOne_include(IncludeFinder.java:20)
	at de.uka.ilkd.key.nparser.KeYParser$One_includeContext.accept(KeYParser.java:878)
	at de.uka.ilkd.key.nparser.builder.AbstractBuilder.lambda$mapOf$0(AbstractBuilder.java:112)
	at java.base/java.util.stream.ReferencePipeline$3$1.accept(ReferencePipeline.java:195)
	at java.base/java.util.ArrayList$ArrayListSpliterator.forEachRemaining(ArrayList.java:1655)
	at java.base/java.util.stream.AbstractPipeline.copyInto(AbstractPipeline.java:484)
	at java.base/java.util.stream.AbstractPipeline.wrapAndCopyInto(AbstractPipeline.java:474)
	at java.base/java.util.stream.ReduceOps$ReduceOp.evaluateSequential(ReduceOps.java:913)
	at java.base/java.util.stream.AbstractPipeline.evaluate(AbstractPipeline.java:234)
	at java.base/java.util.stream.ReferencePipeline.collect(ReferencePipeline.java:578)
	at de.uka.ilkd.key.nparser.builder.AbstractBuilder.mapOf(AbstractBuilder.java:112)
	at de.uka.ilkd.key.nparser.builder.IncludeFinder.visitOne_include_statement(IncludeFinder.java:35)
	at de.uka.ilkd.key.nparser.builder.IncludeFinder.visitOne_include_statement(IncludeFinder.java:20)
	at de.uka.ilkd.key.nparser.KeYParser$One_include_statementContext.accept(KeYParser.java:802)
	at org.antlr.v4.runtime.tree.AbstractParseTreeVisitor.visitChildren(AbstractParseTreeVisitor.java:46)
	at de.uka.ilkd.key.nparser.KeYParserBaseVisitor.visitDecls(KeYParserBaseVisitor.java:30)
	at de.uka.ilkd.key.nparser.KeYParser$DeclsContext.accept(KeYParser.java:500)
	at org.antlr.v4.runtime.tree.AbstractParseTreeVisitor.visitChildren(AbstractParseTreeVisitor.java:46)
	at de.uka.ilkd.key.nparser.KeYParserBaseVisitor.visitFile(KeYParserBaseVisitor.java:23)
	at de.uka.ilkd.key.nparser.KeYParser$FileContext.accept(KeYParser.java:306)
	at de.uka.ilkd.key.nparser.KeyAst.accept(KeyAst.java:41)
	at de.uka.ilkd.key.nparser.KeyAst$File.getIncludes(KeyAst.java:76)
	at de.uka.ilkd.key.proof.io.KeYFile.readIncludes(KeYFile.java:208)
	... 14 more
Could not find rule file rules/intRulesCheckedSemantics.key (file: /home/runner/work/key/key/key.core/../key.ui/examples/index/.././heap/SmansEtAl/Cell_Cell.key; caused by: de.uka.ilkd.key.proof.init.ProofInputException: Could not find rule file rules/intRulesCheckedSemantics.key)
	at de.uka.ilkd.key.control.AbstractUserInterfaceControl.load(AbstractUserInterfaceControl.java:221)
	at de.uka.ilkd.key.control.KeYEnvironment.load(KeYEnvironment.java:251)
	at de.uka.ilkd.key.control.KeYEnvironment.load(KeYEnvironment.java:224)
	at de.uka.ilkd.key.control.KeYEnvironment.load(KeYEnvironment.java:184)
	at de.uka.ilkd.key.control.KeYEnvironment.load(KeYEnvironment.java:261)
	at de.uka.ilkd.key.proof.runallproofs.proofcollection.TestFile.load(TestFile.java:270)
	at de.uka.ilkd.key.proof.runallproofs.proofcollection.TestFile.runKey(TestFile.java:160)
	at de.uka.ilkd.key.proof.runallproofs.proofcollection.ForkedTestFileRunner.main(ForkedTestFileRunner.java:171)
Caused by: de.uka.ilkd.key.proof.init.ProofInputException: Could not find rule file rules/intRulesCheckedSemantics.key
	at de.uka.ilkd.key.proof.io.KeYFile.readIncludes(KeYFile.java:210)
	at de.uka.ilkd.key.proof.init.ProblemInitializer.readIncludes(ProblemInitializer.java:177)
	at de.uka.ilkd.key.proof.init.ProblemInitializer.readEnvInput(ProblemInitializer.java:325)
	at de.uka.ilkd.key.proof.init.ProblemInitializer.prepare(ProblemInitializer.java:449)
	at de.uka.ilkd.key.proof.io.AbstractProblemLoader.createInitConfig(AbstractProblemLoader.java:518)
	at de.uka.ilkd.key.proof.io.AbstractProblemLoader.loadEnvironment(AbstractProblemLoader.java:288)
	at de.uka.ilkd.key.proof.io.AbstractProblemLoader.load(AbstractProblemLoader.java:252)
	at de.uka.ilkd.key.control.AbstractUserInterfaceControl.load(AbstractUserInterfaceControl.java:209)
	... 7 more
Caused by: java.lang.RuntimeException: Could not find rule file rules/intRulesCheckedSemantics.key
	at de.uka.ilkd.key.proof.io.RuleSourceFactory.fromBuiltInRule(RuleSourceFactory.java:32)
	at de.uka.ilkd.key.proof.io.RuleSourceFactory.fromDefaultLocation(RuleSourceFactory.java:21)
	at de.uka.ilkd.key.nparser.builder.IncludeFinder.addInclude(IncludeFinder.java:63)
	at de.uka.ilkd.key.nparser.builder.IncludeFinder.visitOne_include(IncludeFinder.java:43)
	at de.uka.ilkd.key.nparser.builder.IncludeFinder.visitOne_include(IncludeFinder.java:20)
	at de.uka.ilkd.key.nparser.KeYParser$One_includeContext.accept(KeYParser.java:878)
	at de.uka.ilkd.key.nparser.builder.AbstractBuilder.lambda$mapOf$0(AbstractBuilder.java:112)
	at java.base/java.util.stream.ReferencePipeline$3$1.accept(ReferencePipeline.java:195)
	at java.base/java.util.ArrayList$ArrayListSpliterator.forEachRemaining(ArrayList.java:1655)
	at java.base/java.util.stream.AbstractPipeline.copyInto(AbstractPipeline.java:484)
	at java.base/java.util.stream.AbstractPipeline.wrapAndCopyInto(AbstractPipeline.java:474)
	at java.base/java.util.stream.ReduceOps$ReduceOp.evaluateSequential(ReduceOps.java:913)
	at java.base/java.util.stream.AbstractPipeline.evaluate(AbstractPipeline.java:234)
	at java.base/java.util.stream.ReferencePipeline.collect(ReferencePipeline.java:578)
	at de.uka.ilkd.key.nparser.builder.AbstractBuilder.mapOf(AbstractBuilder.java:112)
	at de.uka.ilkd.key.nparser.builder.IncludeFinder.visitOne_include_statement(IncludeFinder.java:35)
	at de.uka.ilkd.key.nparser.builder.IncludeFinder.visitOne_include_statement(IncludeFinder.java:20)
	at de.uka.ilkd.key.nparser.KeYParser$One_include_statementContext.accept(KeYParser.java:802)
	at org.antlr.v4.runtime.tree.AbstractParseTreeVisitor.visitChildren(AbstractParseTreeVisitor.java:46)
	at de.uka.ilkd.key.nparser.KeYParserBaseVisitor.visitDecls(KeYParserBaseVisitor.java:30)
	at de.uka.ilkd.key.nparser.KeYParser$DeclsContext.accept(KeYParser.java:500)
	at org.antlr.v4.runtime.tree.AbstractParseTreeVisitor.visitChildren(AbstractParseTreeVisitor.java:46)
	at de.uka.ilkd.key.nparser.KeYParserBaseVisitor.visitFile(KeYParserBaseVisitor.java:23)
	at de.uka.ilkd.key.nparser.KeYParser$FileContext.accept(KeYParser.java:306)
	at de.uka.ilkd.key.nparser.KeyAst.accept(KeyAst.java:41)
	at de.uka.ilkd.key.nparser.KeyAst$File.getIncludes(KeyAst.java:76)
	at de.uka.ilkd.key.proof.io.KeYFile.readIncludes(KeYFile.java:208)
	... 14 more
Could not find rule file rules/intRulesCheckedSemantics.key (file: /home/runner/work/key/key/key.core/../key.ui/examples/index/.././heap/SmansEtAl/Cell_footprint.key; caused by: de.uka.ilkd.key.proof.init.ProofInputException: Could not find rule file rules/intRulesCheckedSemantics.key)
	at de.uka.ilkd.key.control.AbstractUserInterfaceControl.load(AbstractUserInterfaceControl.java:221)
	at de.uka.ilkd.key.control.KeYEnvironment.load(KeYEnvironment.java:251)
	at de.uka.ilkd.key.control.KeYEnvironment.load(KeYEnvironment.java:224)
	at de.uka.ilkd.key.control.KeYEnvironment.load(KeYEnvironment.java:184)
	at de.uka.ilkd.key.control.KeYEnvironment.load(KeYEnvironment.java:261)
	at de.uka.ilkd.key.proof.runallproofs.proofcollection.TestFile.load(TestFile.java:270)
	at de.uka.ilkd.key.proof.runallproofs.proofcollection.TestFile.runKey(TestFile.java:160)
	at de.uka.ilkd.key.proof.runallproofs.proofcollection.ForkedTestFileRunner.main(ForkedTestFileRunner.java:171)
Caused by: de.uka.ilkd.key.proof.init.ProofInputException: Could not find rule file rules/intRulesCheckedSemantics.key
	at de.uka.ilkd.key.proof.io.KeYFile.readIncludes(KeYFile.java:210)
	at de.uka.ilkd.key.proof.init.ProblemInitializer.readIncludes(ProblemInitializer.java:177)
	at de.uka.ilkd.key.proof.init.ProblemInitializer.readEnvInput(ProblemInitializer.java:325)
	at de.uka.ilkd.key.proof.init.ProblemInitializer.prepare(ProblemInitializer.java:449)
	at de.uka.ilkd.key.proof.io.AbstractProblemLoader.createInitConfig(AbstractProblemLoader.java:518)
	at de.uka.ilkd.key.proof.io.AbstractProblemLoader.loadEnvironment(AbstractProblemLoader.java:288)
	at de.uka.ilkd.key.proof.io.AbstractProblemLoader.load(AbstractProblemLoader.java:252)
	at de.uka.ilkd.key.control.AbstractUserInterfaceControl.load(AbstractUserInterfaceControl.java:209)
	... 7 more
Caused by: java.lang.RuntimeException: Could not find rule file rules/intRulesCheckedSemantics.key
	at de.uka.ilkd.key.proof.io.RuleSourceFactory.fromBuiltInRule(RuleSourceFactory.java:32)
	at de.uka.ilkd.key.proof.io.RuleSourceFactory.fromDefaultLocation(RuleSourceFactory.java:21)
	at de.uka.ilkd.key.nparser.builder.IncludeFinder.addInclude(IncludeFinder.java:63)
	at de.uka.ilkd.key.nparser.builder.IncludeFinder.visitOne_include(IncludeFinder.java:43)
	at de.uka.ilkd.key.nparser.builder.IncludeFinder.visitOne_include(IncludeFinder.java:20)
	at de.uka.ilkd.key.nparser.KeYParser$One_includeContext.accept(KeYParser.java:878)
	at de.uka.ilkd.key.nparser.builder.AbstractBuilder.lambda$mapOf$0(AbstractBuilder.java:112)
	at java.base/java.util.stream.ReferencePipeline$3$1.accept(ReferencePipeline.java:195)
	at java.base/java.util.ArrayList$ArrayListSpliterator.forEachRemaining(ArrayList.java:1655)
	at java.base/java.util.stream.AbstractPipeline.copyInto(AbstractPipeline.java:484)
	at java.base/java.util.stream.AbstractPipeline.wrapAndCopyInto(AbstractPipeline.java:474)
	at java.base/java.util.stream.ReduceOps$ReduceOp.evaluateSequential(ReduceOps.java:913)
	at java.base/java.util.stream.AbstractPipeline.evaluate(AbstractPipeline.java:234)
	at java.base/java.util.stream.ReferencePipeline.collect(ReferencePipeline.java:578)
	at de.uka.ilkd.key.nparser.builder.AbstractBuilder.mapOf(AbstractBuilder.java:112)
	at de.uka.ilkd.key.nparser.builder.IncludeFinder.visitOne_include_statement(IncludeFinder.java:35)
	at de.uka.ilkd.key.nparser.builder.IncludeFinder.visitOne_include_statement(IncludeFinder.java:20)
	at de.uka.ilkd.key.nparser.KeYParser$One_include_statementContext.accept(KeYParser.java:802)
	at org.antlr.v4.runtime.tree.AbstractParseTreeVisitor.visitChildren(AbstractParseTreeVisitor.java:46)
	at de.uka.ilkd.key.nparser.KeYParserBaseVisitor.visitDecls(KeYParserBaseVisitor.java:30)
	at de.uka.ilkd.key.nparser.KeYParser$DeclsContext.accept(KeYParser.java:500)
	at org.antlr.v4.runtime.tree.AbstractParseTreeVisitor.visitChildren(AbstractParseTreeVisitor.java:46)
	at de.uka.ilkd.key.nparser.KeYParserBaseVisitor.visitFile(KeYParserBaseVisitor.java:23)
	at de.uka.ilkd.key.nparser.KeYParser$FileContext.accept(KeYParser.java:306)
	at de.uka.ilkd.key.nparser.KeyAst.accept(KeyAst.java:41)
	at de.uka.ilkd.key.nparser.KeyAst$File.getIncludes(KeyAst.java:76)
	at de.uka.ilkd.key.proof.io.KeYFile.readIncludes(KeYFile.java:208)
	... 14 more
Could not find rule file rules/intRulesCheckedSemantics.key (file: /home/runner/work/key/key/key.core/../key.ui/examples/index/.././heap/SmansEtAl/Cell_getX_dep.key; caused by: de.uka.ilkd.key.proof.init.ProofInputException: Could not find rule file rules/intRulesCheckedSemantics.key)
	at de.uka.ilkd.key.control.AbstractUserInterfaceControl.load(AbstractUserInterfaceControl.java:221)
	at de.uka.ilkd.key.control.KeYEnvironment.load(KeYEnvironment.java:251)
	at de.uka.ilkd.key.control.KeYEnvironment.load(KeYEnvironment.java:224)
	at de.uka.ilkd.key.control.KeYEnvironment.load(KeYEnvironment.java:184)
	at de.uka.ilkd.key.control.KeYEnvironment.load(KeYEnvironment.java:261)
	at de.uka.ilkd.key.proof.runallproofs.proofcollection.TestFile.load(TestFile.java:270)
	at de.uka.ilkd.key.proof.runallproofs.proofcollection.TestFile.runKey(TestFile.java:160)
	at de.uka.ilkd.key.proof.runallproofs.proofcollection.ForkedTestFileRunner.main(ForkedTestFileRunner.java:171)
Caused by: de.uka.ilkd.key.proof.init.ProofInputException: Could not find rule file rules/intRulesCheckedSemantics.key
	at de.uka.ilkd.key.proof.io.KeYFile.readIncludes(KeYFile.java:210)
	at de.uka.ilkd.key.proof.init.ProblemInitializer.readIncludes(ProblemInitializer.java:177)
	at de.uka.ilkd.key.proof.init.ProblemInitializer.readEnvInput(ProblemInitializer.java:325)
	at de.uka.ilkd.key.proof.init.ProblemInitializer.prepare(ProblemInitializer.java:449)
	at de.uka.ilkd.key.proof.io.AbstractProblemLoader.createInitConfig(AbstractProblemLoader.java:518)
	at de.uka.ilkd.key.proof.io.AbstractProblemLoader.loadEnvironment(AbstractProblemLoader.java:288)
	at de.uka.ilkd.key.proof.io.AbstractProblemLoader.load(AbstractProblemLoader.java:252)
	at de.uka.ilkd.key.control.AbstractUserInterfaceControl.load(AbstractUserInterfaceControl.java:209)
	... 7 more
Caused by: java.lang.RuntimeException: Could not find rule file rules/intRulesCheckedSemantics.key
	at de.uka.ilkd.key.proof.io.RuleSourceFactory.fromBuiltInRule(RuleSourceFactory.java:32)
	at de.uka.ilkd.key.proof.io.RuleSourceFactory.fromDefaultLocation(RuleSourceFactory.java:21)
	at de.uka.ilkd.key.nparser.builder.IncludeFinder.addInclude(IncludeFinder.java:63)
	at de.uka.ilkd.key.nparser.builder.IncludeFinder.visitOne_include(IncludeFinder.java:43)
	at de.uka.ilkd.key.nparser.builder.IncludeFinder.visitOne_include(IncludeFinder.java:20)
	at de.uka.ilkd.key.nparser.KeYParser$One_includeContext.accept(KeYParser.java:878)
	at de.uka.ilkd.key.nparser.builder.AbstractBuilder.lambda$mapOf$0(AbstractBuilder.java:112)
	at java.base/java.util.stream.ReferencePipeline$3$1.accept(ReferencePipeline.java:195)
	at java.base/java.util.ArrayList$ArrayListSpliterator.forEachRemaining(ArrayList.java:1655)
	at java.base/java.util.stream.AbstractPipeline.copyInto(AbstractPipeline.java:484)
	at java.base/java.util.stream.AbstractPipeline.wrapAndCopyInto(AbstractPipeline.java:474)
	at java.base/java.util.stream.ReduceOps$ReduceOp.evaluateSequential(ReduceOps.java:913)
	at java.base/java.util.stream.AbstractPipeline.evaluate(AbstractPipeline.java:234)
	at java.base/java.util.stream.ReferencePipeline.collect(ReferencePipeline.java:578)
	at de.uka.ilkd.key.nparser.builder.AbstractBuilder.mapOf(AbstractBuilder.java:112)
	at de.uka.ilkd.key.nparser.builder.IncludeFinder.visitOne_include_statement(IncludeFinder.java:35)
	at de.uka.ilkd.key.nparser.builder.IncludeFinder.visitOne_include_statement(IncludeFinder.java:20)
	at de.uka.ilkd.key.nparser.KeYParser$One_include_statementContext.accept(KeYParser.java:802)
	at org.antlr.v4.runtime.tree.AbstractParseTreeVisitor.visitChildren(AbstractParseTreeVisitor.java:46)
	at de.uka.ilkd.key.nparser.KeYParserBaseVisitor.visitDecls(KeYParserBaseVisitor.java:30)
	at de.uka.ilkd.key.nparser.KeYParser$DeclsContext.accept(KeYParser.java:500)
	at org.antlr.v4.runtime.tree.AbstractParseTreeVisitor.visitChildren(AbstractParseTreeVisitor.java:46)
	at de.uka.ilkd.key.nparser.KeYParserBaseVisitor.visitFile(KeYParserBaseVisitor.java:23)
	at de.uka.ilkd.key.nparser.KeYParser$FileContext.accept(KeYParser.java:306)
	at de.uka.ilkd.key.nparser.KeyAst.accept(KeyAst.java:41)
	at de.uka.ilkd.key.nparser.KeyAst$File.getIncludes(KeyAst.java:76)
	at de.uka.ilkd.key.proof.io.KeYFile.readIncludes(KeYFile.java:208)
	... 14 more
Could not find rule file rules/intRulesCheckedSemantics.key (file: /home/runner/work/key/key/key.core/../key.ui/examples/index/.././heap/SmansEtAl/Cell_getX.key; caused by: de.uka.ilkd.key.proof.init.ProofInputException: Could not find rule file rules/intRulesCheckedSemantics.key)
	at de.uka.ilkd.key.control.AbstractUserInterfaceControl.load(AbstractUserInterfaceControl.java:221)
	at de.uka.ilkd.key.control.KeYEnvironment.load(KeYEnvironment.java:251)
	at de.uka.ilkd.key.control.KeYEnvironment.load(KeYEnvironment.java:224)
	at de.uka.ilkd.key.control.KeYEnvironment.load(KeYEnvironment.java:184)
	at de.uka.ilkd.key.control.KeYEnvironment.load(KeYEnvironment.java:261)
	at de.uka.ilkd.key.proof.runallproofs.proofcollection.TestFile.load(TestFile.java:270)
	at de.uka.ilkd.key.proof.runallproofs.proofcollection.TestFile.runKey(TestFile.java:160)
	at de.uka.ilkd.key.proof.runallproofs.proofcollection.ForkedTestFileRunner.main(ForkedTestFileRunner.java:171)
Caused by: de.uka.ilkd.key.proof.init.ProofInputException: Could not find rule file rules/intRulesCheckedSemantics.key
	at de.uka.ilkd.key.proof.io.KeYFile.readIncludes(KeYFile.java:210)
	at de.uka.ilkd.key.proof.init.ProblemInitializer.readIncludes(ProblemInitializer.java:177)
	at de.uka.ilkd.key.proof.init.ProblemInitializer.readEnvInput(ProblemInitializer.java:325)
	at de.uka.ilkd.key.proof.init.ProblemInitializer.prepare(ProblemInitializer.java:449)
	at de.uka.ilkd.key.proof.io.AbstractProblemLoader.createInitConfig(AbstractProblemLoader.java:518)
	at de.uka.ilkd.key.proof.io.AbstractProblemLoader.loadEnvironment(AbstractProblemLoader.java:288)
	at de.uka.ilkd.key.proof.io.AbstractProblemLoader.load(AbstractProblemLoader.java:252)
	at de.uka.ilkd.key.control.AbstractUserInterfaceControl.load(AbstractUserInterfaceControl.java:209)
	... 7 more
Caused by: java.lang.RuntimeException: Could not find rule file rules/intRulesCheckedSemantics.key
	at de.uka.ilkd.key.proof.io.RuleSourceFactory.fromBuiltInRule(RuleSourceFactory.java:32)
	at de.uka.ilkd.key.proof.io.RuleSourceFactory.fromDefaultLocation(RuleSourceFactory.java:21)
	at de.uka.ilkd.key.nparser.builder.IncludeFinder.addInclude(IncludeFinder.java:63)
	at de.uka.ilkd.key.nparser.builder.IncludeFinder.visitOne_include(IncludeFinder.java:43)
	at de.uka.ilkd.key.nparser.builder.IncludeFinder.visitOne_include(IncludeFinder.java:20)
	at de.uka.ilkd.key.nparser.KeYParser$One_includeContext.accept(KeYParser.java:878)
	at de.uka.ilkd.key.nparser.builder.AbstractBuilder.lambda$mapOf$0(AbstractBuilder.java:112)
	at java.base/java.util.stream.ReferencePipeline$3$1.accept(ReferencePipeline.java:195)
	at java.base/java.util.ArrayList$ArrayListSpliterator.forEachRemaining(ArrayList.java:1655)
	at java.base/java.util.stream.AbstractPipeline.copyInto(AbstractPipeline.java:484)
	at java.base/java.util.stream.AbstractPipeline.wrapAndCopyInto(AbstractPipeline.java:474)
	at java.base/java.util.stream.ReduceOps$ReduceOp.evaluateSequential(ReduceOps.java:913)
	at java.base/java.util.stream.AbstractPipeline.evaluate(AbstractPipeline.java:234)
	at java.base/java.util.stream.ReferencePipeline.collect(ReferencePipeline.java:578)
	at de.uka.ilkd.key.nparser.builder.AbstractBuilder.mapOf(AbstractBuilder.java:112)
	at de.uka.ilkd.key.nparser.builder.IncludeFinder.visitOne_include_statement(IncludeFinder.java:35)
	at de.uka.ilkd.key.nparser.builder.IncludeFinder.visitOne_include_statement(IncludeFinder.java:20)
	at de.uka.ilkd.key.nparser.KeYParser$One_include_statementContext.accept(KeYParser.java:802)
	at org.antlr.v4.runtime.tree.AbstractParseTreeVisitor.visitChildren(AbstractParseTreeVisitor.java:46)
	at de.uka.ilkd.key.nparser.KeYParserBaseVisitor.visitDecls(KeYParserBaseVisitor.java:30)
	at de.uka.ilkd.key.nparser.KeYParser$DeclsContext.accept(KeYParser.java:500)
	at org.antlr.v4.runtime.tree.AbstractParseTreeVisitor.visitChildren(AbstractParseTreeVisitor.java:46)
	at de.uka.ilkd.key.nparser.KeYParserBaseVisitor.visitFile(KeYParserBaseVisitor.java:23)
	at de.uka.ilkd.key.nparser.KeYParser$FileContext.accept(KeYParser.java:306)
	at de.uka.ilkd.key.nparser.KeyAst.accept(KeyAst.java:41)
	at de.uka.ilkd.key.nparser.KeyAst$File.getIncludes(KeyAst.java:76)
	at de.uka.ilkd.key.proof.io.KeYFile.readIncludes(KeYFile.java:208)
	... 14 more
Could not find rule file rules/intRulesCheckedSemantics.key (file: /home/runner/work/key/key/key.core/../key.ui/examples/index/.././heap/SmansEtAl/Cell_inv.key; caused by: de.uka.ilkd.key.proof.init.ProofInputException: Could not find rule file rules/intRulesCheckedSemantics.key)
	at de.uka.ilkd.key.control.AbstractUserInterfaceControl.load(AbstractUserInterfaceControl.java:221)
	at de.uka.ilkd.key.control.KeYEnvironment.load(KeYEnvironment.java:251)
	at de.uka.ilkd.key.control.KeYEnvironment.load(KeYEnvironment.java:224)
	at de.uka.ilkd.key.control.KeYEnvironment.load(KeYEnvironment.java:184)
	at de.uka.ilkd.key.control.KeYEnvironment.load(KeYEnvironment.java:261)
	at de.uka.ilkd.key.proof.runallproofs.proofcollection.TestFile.load(TestFile.java:270)
	at de.uka.ilkd.key.proof.runallproofs.proofcollection.TestFile.runKey(TestFile.java:160)
	at de.uka.ilkd.key.proof.runallproofs.proofcollection.ForkedTestFileRunner.main(ForkedTestFileRunner.java:171)
Caused by: de.uka.ilkd.key.proof.init.ProofInputException: Could not find rule file rules/intRulesCheckedSemantics.key
	at de.uka.ilkd.key.proof.io.KeYFile.readIncludes(KeYFile.java:210)
	at de.uka.ilkd.key.proof.init.ProblemInitializer.readIncludes(ProblemInitializer.java:177)
	at de.uka.ilkd.key.proof.init.ProblemInitializer.readEnvInput(ProblemInitializer.java:325)
	at de.uka.ilkd.key.proof.init.ProblemInitializer.prepare(ProblemInitializer.java:449)
	at de.uka.ilkd.key.proof.io.AbstractProblemLoader.createInitConfig(AbstractProblemLoader.java:518)
	at de.uka.ilkd.key.proof.io.AbstractProblemLoader.loadEnvironment(AbstractProblemLoader.java:288)
	at de.uka.ilkd.key.proof.io.AbstractProblemLoader.load(AbstractProblemLoader.java:252)
	at de.uka.ilkd.key.control.AbstractUserInterfaceControl.load(AbstractUserInterfaceControl.java:209)
	... 7 more
Caused by: java.lang.RuntimeException: Could not find rule file rules/intRulesCheckedSemantics.key
	at de.uka.ilkd.key.proof.io.RuleSourceFactory.fromBuiltInRule(RuleSourceFactory.java:32)
	at de.uka.ilkd.key.proof.io.RuleSourceFactory.fromDefaultLocation(RuleSourceFactory.java:21)
	at de.uka.ilkd.key.nparser.builder.IncludeFinder.addInclude(IncludeFinder.java:63)
	at de.uka.ilkd.key.nparser.builder.IncludeFinder.visitOne_include(IncludeFinder.java:43)
	at de.uka.ilkd.key.nparser.builder.IncludeFinder.visitOne_include(IncludeFinder.java:20)
	at de.uka.ilkd.key.nparser.KeYParser$One_includeContext.accept(KeYParser.java:878)
	at de.uka.ilkd.key.nparser.builder.AbstractBuilder.lambda$mapOf$0(AbstractBuilder.java:112)
	at java.base/java.util.stream.ReferencePipeline$3$1.accept(ReferencePipeline.java:195)
	at java.base/java.util.ArrayList$ArrayListSpliterator.forEachRemaining(ArrayList.java:1655)
	at java.base/java.util.stream.AbstractPipeline.copyInto(AbstractPipeline.java:484)
	at java.base/java.util.stream.AbstractPipeline.wrapAndCopyInto(AbstractPipeline.java:474)
	at java.base/java.util.stream.ReduceOps$ReduceOp.evaluateSequential(ReduceOps.java:913)
	at java.base/java.util.stream.AbstractPipeline.evaluate(AbstractPipeline.java:234)
	at java.base/java.util.stream.ReferencePipeline.collect(ReferencePipeline.java:578)
	at de.uka.ilkd.key.nparser.builder.AbstractBuilder.mapOf(AbstractBuilder.java:112)
	at de.uka.ilkd.key.nparser.builder.IncludeFinder.visitOne_include_statement(IncludeFinder.java:35)
	at de.uka.ilkd.key.nparser.builder.IncludeFinder.visitOne_include_statement(IncludeFinder.java:20)
	at de.uka.ilkd.key.nparser.KeYParser$One_include_statementContext.accept(KeYParser.java:802)
	at org.antlr.v4.runtime.tree.AbstractParseTreeVisitor.visitChildren(AbstractParseTreeVisitor.java:46)
	at de.uka.ilkd.key.nparser.KeYParserBaseVisitor.visitDecls(KeYParserBaseVisitor.java:30)
	at de.uka.ilkd.key.nparser.KeYParser$DeclsContext.accept(KeYParser.java:500)
	at org.antlr.v4.runtime.tree.AbstractParseTreeVisitor.visitChildren(AbstractParseTreeVisitor.java:46)
	at de.uka.ilkd.key.nparser.KeYParserBaseVisitor.visitFile(KeYParserBaseVisitor.java:23)
	at de.uka.ilkd.key.nparser.KeYParser$FileContext.accept(KeYParser.java:306)
	at de.uka.ilkd.key.nparser.KeyAst.accept(KeyAst.java:41)
	at de.uka.ilkd.key.nparser.KeyAst$File.getIncludes(KeyAst.java:76)
	at de.uka.ilkd.key.proof.io.KeYFile.readIncludes(KeYFile.java:208)
	... 14 more
Could not find rule file rules/intRulesCheckedSemantics.key (file: /home/runner/work/key/key/key.core/../key.ui/examples/index/.././heap/SmansEtAl/Cell_setX.key; caused by: de.uka.ilkd.key.proof.init.ProofInputException: Could not find rule file rules/intRulesCheckedSemantics.key)
	at de.uka.ilkd.key.control.AbstractUserInterfaceControl.load(AbstractUserInterfaceControl.java:221)
	at de.uka.ilkd.key.control.KeYEnvironment.load(KeYEnvironment.java:251)
	at de.uka.ilkd.key.control.KeYEnvironment.load(KeYEnvironment.java:224)
	at de.uka.ilkd.key.control.KeYEnvironment.load(KeYEnvironment.java:184)
	at de.uka.ilkd.key.control.KeYEnvironment.load(KeYEnvironment.java:261)
	at de.uka.ilkd.key.proof.runallproofs.proofcollection.TestFile.load(TestFile.java:270)
	at de.uka.ilkd.key.proof.runallproofs.proofcollection.TestFile.runKey(TestFile.java:160)
	at de.uka.ilkd.key.proof.runallproofs.proofcollection.ForkedTestFileRunner.main(ForkedTestFileRunner.java:171)
Caused by: de.uka.ilkd.key.proof.init.ProofInputException: Could not find rule file rules/intRulesCheckedSemantics.key
	at de.uka.ilkd.key.proof.io.KeYFile.readIncludes(KeYFile.java:210)
	at de.uka.ilkd.key.proof.init.ProblemInitializer.readIncludes(ProblemInitializer.java:177)
	at de.uka.ilkd.key.proof.init.ProblemInitializer.readEnvInput(ProblemInitializer.java:325)
	at de.uka.ilkd.key.proof.init.ProblemInitializer.prepare(ProblemInitializer.java:449)
	at de.uka.ilkd.key.proof.io.AbstractProblemLoader.createInitConfig(AbstractProblemLoader.java:518)
	at de.uka.ilkd.key.proof.io.AbstractProblemLoader.loadEnvironment(AbstractProblemLoader.java:288)
	at de.uka.ilkd.key.proof.io.AbstractProblemLoader.load(AbstractProblemLoader.java:252)
	at de.uka.ilkd.key.control.AbstractUserInterfaceControl.load(AbstractUserInterfaceControl.java:209)
	... 7 more
Caused by: java.lang.RuntimeException: Could not find rule file rules/intRulesCheckedSemantics.key
	at de.uka.ilkd.key.proof.io.RuleSourceFactory.fromBuiltInRule(RuleSourceFactory.java:32)
	at de.uka.ilkd.key.proof.io.RuleSourceFactory.fromDefaultLocation(RuleSourceFactory.java:21)
	at de.uka.ilkd.key.nparser.builder.IncludeFinder.addInclude(IncludeFinder.java:63)
	at de.uka.ilkd.key.nparser.builder.IncludeFinder.visitOne_include(IncludeFinder.java:43)
	at de.uka.ilkd.key.nparser.builder.IncludeFinder.visitOne_include(IncludeFinder.java:20)
	at de.uka.ilkd.key.nparser.KeYParser$One_includeContext.accept(KeYParser.java:878)
	at de.uka.ilkd.key.nparser.builder.AbstractBuilder.lambda$mapOf$0(AbstractBuilder.java:112)
	at java.base/java.util.stream.ReferencePipeline$3$1.accept(ReferencePipeline.java:195)
	at java.base/java.util.ArrayList$ArrayListSpliterator.forEachRemaining(ArrayList.java:1655)
	at java.base/java.util.stream.AbstractPipeline.copyInto(AbstractPipeline.java:484)
	at java.base/java.util.stream.AbstractPipeline.wrapAndCopyInto(AbstractPipeline.java:474)
	at java.base/java.util.stream.ReduceOps$ReduceOp.evaluateSequential(ReduceOps.java:913)
	at java.base/java.util.stream.AbstractPipeline.evaluate(AbstractPipeline.java:234)
	at java.base/java.util.stream.ReferencePipeline.collect(ReferencePipeline.java:578)
	at de.uka.ilkd.key.nparser.builder.AbstractBuilder.mapOf(AbstractBuilder.java:112)
	at de.uka.ilkd.key.nparser.builder.IncludeFinder.visitOne_include_statement(IncludeFinder.java:35)
	at de.uka.ilkd.key.nparser.builder.IncludeFinder.visitOne_include_statement(IncludeFinder.java:20)
	at de.uka.ilkd.key.nparser.KeYParser$One_include_statementContext.accept(KeYParser.java:802)
	at org.antlr.v4.runtime.tree.AbstractParseTreeVisitor.visitChildren(AbstractParseTreeVisitor.java:46)
	at de.uka.ilkd.key.nparser.KeYParserBaseVisitor.visitDecls(KeYParserBaseVisitor.java:30)
	at de.uka.ilkd.key.nparser.KeYParser$DeclsContext.accept(KeYParser.java:500)
	at org.antlr.v4.runtime.tree.AbstractParseTreeVisitor.visitChildren(AbstractParseTreeVisitor.java:46)
	at de.uka.ilkd.key.nparser.KeYParserBaseVisitor.visitFile(KeYParserBaseVisitor.java:23)
	at de.uka.ilkd.key.nparser.KeYParser$FileContext.accept(KeYParser.java:306)
	at de.uka.ilkd.key.nparser.KeyAst.accept(KeyAst.java:41)
	at de.uka.ilkd.key.nparser.KeyAst$File.getIncludes(KeyAst.java:76)
	at de.uka.ilkd.key.proof.io.KeYFile.readIncludes(KeYFile.java:208)
	... 14 more
Could not find rule file rules/intRulesCheckedSemantics.key (file: /home/runner/work/key/key/key.core/../key.ui/examples/index/.././heap/SmansEtAl/CellClient_m.key; caused by: de.uka.ilkd.key.proof.init.ProofInputException: Could not find rule file rules/intRulesCheckedSemantics.key)
	at de.uka.ilkd.key.control.AbstractUserInterfaceControl.load(AbstractUserInterfaceControl.java:221)
	at de.uka.ilkd.key.control.KeYEnvironment.load(KeYEnvironment.java:251)
	at de.uka.ilkd.key.control.KeYEnvironment.load(KeYEnvironment.java:224)
	at de.uka.ilkd.key.control.KeYEnvironment.load(KeYEnvironment.java:184)
	at de.uka.ilkd.key.control.KeYEnvironment.load(KeYEnvironment.java:261)
	at de.uka.ilkd.key.proof.runallproofs.proofcollection.TestFile.load(TestFile.java:270)
	at de.uka.ilkd.key.proof.runallproofs.proofcollection.TestFile.runKey(TestFile.java:160)
	at de.uka.ilkd.key.proof.runallproofs.proofcollection.ForkedTestFileRunner.main(ForkedTestFileRunner.java:171)
Caused by: de.uka.ilkd.key.proof.init.ProofInputException: Could not find rule file rules/intRulesCheckedSemantics.key
	at de.uka.ilkd.key.proof.io.KeYFile.readIncludes(KeYFile.java:210)
	at de.uka.ilkd.key.proof.init.ProblemInitializer.readIncludes(ProblemInitializer.java:177)
	at de.uka.ilkd.key.proof.init.ProblemInitializer.readEnvInput(ProblemInitializer.java:325)
	at de.uka.ilkd.key.proof.init.ProblemInitializer.prepare(ProblemInitializer.java:449)
	at de.uka.ilkd.key.proof.io.AbstractProblemLoader.createInitConfig(AbstractProblemLoader.java:518)
	at de.uka.ilkd.key.proof.io.AbstractProblemLoader.loadEnvironment(AbstractProblemLoader.java:288)
	at de.uka.ilkd.key.proof.io.AbstractProblemLoader.load(AbstractProblemLoader.java:252)
	at de.uka.ilkd.key.control.AbstractUserInterfaceControl.load(AbstractUserInterfaceControl.java:209)
	... 7 more
Caused by: java.lang.RuntimeException: Could not find rule file rules/intRulesCheckedSemantics.key
	at de.uka.ilkd.key.proof.io.RuleSourceFactory.fromBuiltInRule(RuleSourceFactory.java:32)
	at de.uka.ilkd.key.proof.io.RuleSourceFactory.fromDefaultLocation(RuleSourceFactory.java:21)
	at de.uka.ilkd.key.nparser.builder.IncludeFinder.addInclude(IncludeFinder.java:63)
	at de.uka.ilkd.key.nparser.builder.IncludeFinder.visitOne_include(IncludeFinder.java:43)
	at de.uka.ilkd.key.nparser.builder.IncludeFinder.visitOne_include(IncludeFinder.java:20)
	at de.uka.ilkd.key.nparser.KeYParser$One_includeContext.accept(KeYParser.java:878)
	at de.uka.ilkd.key.nparser.builder.AbstractBuilder.lambda$mapOf$0(AbstractBuilder.java:112)
	at java.base/java.util.stream.ReferencePipeline$3$1.accept(ReferencePipeline.java:195)
	at java.base/java.util.ArrayList$ArrayListSpliterator.forEachRemaining(ArrayList.java:1655)
	at java.base/java.util.stream.AbstractPipeline.copyInto(AbstractPipeline.java:484)
	at java.base/java.util.stream.AbstractPipeline.wrapAndCopyInto(AbstractPipeline.java:474)
	at java.base/java.util.stream.ReduceOps$ReduceOp.evaluateSequential(ReduceOps.java:913)
	at java.base/java.util.stream.AbstractPipeline.evaluate(AbstractPipeline.java:234)
	at java.base/java.util.stream.ReferencePipeline.collect(ReferencePipeline.java:578)
	at de.uka.ilkd.key.nparser.builder.AbstractBuilder.mapOf(AbstractBuilder.java:112)
	at de.uka.ilkd.key.nparser.builder.IncludeFinder.visitOne_include_statement(IncludeFinder.java:35)
	at de.uka.ilkd.key.nparser.builder.IncludeFinder.visitOne_include_statement(IncludeFinder.java:20)
	at de.uka.ilkd.key.nparser.KeYParser$One_include_statementContext.accept(KeYParser.java:802)
	at org.antlr.v4.runtime.tree.AbstractParseTreeVisitor.visitChildren(AbstractParseTreeVisitor.java:46)
	at de.uka.ilkd.key.nparser.KeYParserBaseVisitor.visitDecls(KeYParserBaseVisitor.java:30)
	at de.uka.ilkd.key.nparser.KeYParser$DeclsContext.accept(KeYParser.java:500)
	at org.antlr.v4.runtime.tree.AbstractParseTreeVisitor.visitChildren(AbstractParseTreeVisitor.java:46)
	at de.uka.ilkd.key.nparser.KeYParserBaseVisitor.visitFile(KeYParserBaseVisitor.java:23)
	at de.uka.ilkd.key.nparser.KeYParser$FileContext.accept(KeYParser.java:306)
	at de.uka.ilkd.key.nparser.KeyAst.accept(KeyAst.java:41)
	at de.uka.ilkd.key.nparser.KeyAst$File.getIncludes(KeyAst.java:76)
	at de.uka.ilkd.key.proof.io.KeYFile.readIncludes(KeYFile.java:208)
	... 14 more
Could not find rule file rules/intRulesCheckedSemantics.key (file: /home/runner/work/key/key/key.core/../key.ui/examples/index/.././heap/SmansEtAl/Iterator_footprint.key; caused by: de.uka.ilkd.key.proof.init.ProofInputException: Could not find rule file rules/intRulesCheckedSemantics.key)
	at de.uka.ilkd.key.control.AbstractUserInterfaceControl.load(AbstractUserInterfaceControl.java:221)
	at de.uka.ilkd.key.control.KeYEnvironment.load(KeYEnvironment.java:251)
	at de.uka.ilkd.key.control.KeYEnvironment.load(KeYEnvironment.java:224)
	at de.uka.ilkd.key.control.KeYEnvironment.load(KeYEnvironment.java:184)
	at de.uka.ilkd.key.control.KeYEnvironment.load(KeYEnvironment.java:261)
	at de.uka.ilkd.key.proof.runallproofs.proofcollection.TestFile.load(TestFile.java:270)
	at de.uka.ilkd.key.proof.runallproofs.proofcollection.TestFile.runKey(TestFile.java:160)
	at de.uka.ilkd.key.proof.runallproofs.proofcollection.ForkedTestFileRunner.main(ForkedTestFileRunner.java:171)
Caused by: de.uka.ilkd.key.proof.init.ProofInputException: Could not find rule file rules/intRulesCheckedSemantics.key
	at de.uka.ilkd.key.proof.io.KeYFile.readIncludes(KeYFile.java:210)
	at de.uka.ilkd.key.proof.init.ProblemInitializer.readIncludes(ProblemInitializer.java:177)
	at de.uka.ilkd.key.proof.init.ProblemInitializer.readEnvInput(ProblemInitializer.java:325)
	at de.uka.ilkd.key.proof.init.ProblemInitializer.prepare(ProblemInitializer.java:449)
	at de.uka.ilkd.key.proof.io.AbstractProblemLoader.createInitConfig(AbstractProblemLoader.java:518)
	at de.uka.ilkd.key.proof.io.AbstractProblemLoader.loadEnvironment(AbstractProblemLoader.java:288)
	at de.uka.ilkd.key.proof.io.AbstractProblemLoader.load(AbstractProblemLoader.java:252)
	at de.uka.ilkd.key.control.AbstractUserInterfaceControl.load(AbstractUserInterfaceControl.java:209)
	... 7 more
Caused by: java.lang.RuntimeException: Could not find rule file rules/intRulesCheckedSemantics.key
	at de.uka.ilkd.key.proof.io.RuleSourceFactory.fromBuiltInRule(RuleSourceFactory.java:32)
	at de.uka.ilkd.key.proof.io.RuleSourceFactory.fromDefaultLocation(RuleSourceFactory.java:21)
	at de.uka.ilkd.key.nparser.builder.IncludeFinder.addInclude(IncludeFinder.java:63)
	at de.uka.ilkd.key.nparser.builder.IncludeFinder.visitOne_include(IncludeFinder.java:43)
	at de.uka.ilkd.key.nparser.builder.IncludeFinder.visitOne_include(IncludeFinder.java:20)
	at de.uka.ilkd.key.nparser.KeYParser$One_includeContext.accept(KeYParser.java:878)
	at de.uka.ilkd.key.nparser.builder.AbstractBuilder.lambda$mapOf$0(AbstractBuilder.java:112)
	at java.base/java.util.stream.ReferencePipeline$3$1.accept(ReferencePipeline.java:195)
	at java.base/java.util.ArrayList$ArrayListSpliterator.forEachRemaining(ArrayList.java:1655)
	at java.base/java.util.stream.AbstractPipeline.copyInto(AbstractPipeline.java:484)
	at java.base/java.util.stream.AbstractPipeline.wrapAndCopyInto(AbstractPipeline.java:474)
	at java.base/java.util.stream.ReduceOps$ReduceOp.evaluateSequential(ReduceOps.java:913)
	at java.base/java.util.stream.AbstractPipeline.evaluate(AbstractPipeline.java:234)
	at java.base/java.util.stream.ReferencePipeline.collect(ReferencePipeline.java:578)
	at de.uka.ilkd.key.nparser.builder.AbstractBuilder.mapOf(AbstractBuilder.java:112)
	at de.uka.ilkd.key.nparser.builder.IncludeFinder.visitOne_include_statement(IncludeFinder.java:35)
	at de.uka.ilkd.key.nparser.builder.IncludeFinder.visitOne_include_statement(IncludeFinder.java:20)
	at de.uka.ilkd.key.nparser.KeYParser$One_include_statementContext.accept(KeYParser.java:802)
	at org.antlr.v4.runtime.tree.AbstractParseTreeVisitor.visitChildren(AbstractParseTreeVisitor.java:46)
	at de.uka.ilkd.key.nparser.KeYParserBaseVisitor.visitDecls(KeYParserBaseVisitor.java:30)
	at de.uka.ilkd.key.nparser.KeYParser$DeclsContext.accept(KeYParser.java:500)
	at org.antlr.v4.runtime.tree.AbstractParseTreeVisitor.visitChildren(AbstractParseTreeVisitor.java:46)
	at de.uka.ilkd.key.nparser.KeYParserBaseVisitor.visitFile(KeYParserBaseVisitor.java:23)
	at de.uka.ilkd.key.nparser.KeYParser$FileContext.accept(KeYParser.java:306)
	at de.uka.ilkd.key.nparser.KeyAst.accept(KeyAst.java:41)
	at de.uka.ilkd.key.nparser.KeyAst$File.getIncludes(KeyAst.java:76)
	at de.uka.ilkd.key.proof.io.KeYFile.readIncludes(KeYFile.java:208)
	... 14 more
Could not find rule file rules/intRulesCheckedSemantics.key (file: /home/runner/work/key/key/key.core/../key.ui/examples/index/.././heap/SmansEtAl/Iterator_hasNext_dep.key; caused by: de.uka.ilkd.key.proof.init.ProofInputException: Could not find rule file rules/intRulesCheckedSemantics.key)
	at de.uka.ilkd.key.control.AbstractUserInterfaceControl.load(AbstractUserInterfaceControl.java:221)
	at de.uka.ilkd.key.control.KeYEnvironment.load(KeYEnvironment.java:251)
	at de.uka.ilkd.key.control.KeYEnvironment.load(KeYEnvironment.java:224)
	at de.uka.ilkd.key.control.KeYEnvironment.load(KeYEnvironment.java:184)
	at de.uka.ilkd.key.control.KeYEnvironment.load(KeYEnvironment.java:261)
	at de.uka.ilkd.key.proof.runallproofs.proofcollection.TestFile.load(TestFile.java:270)
	at de.uka.ilkd.key.proof.runallproofs.proofcollection.TestFile.runKey(TestFile.java:160)
	at de.uka.ilkd.key.proof.runallproofs.proofcollection.ForkedTestFileRunner.main(ForkedTestFileRunner.java:171)
Caused by: de.uka.ilkd.key.proof.init.ProofInputException: Could not find rule file rules/intRulesCheckedSemantics.key
	at de.uka.ilkd.key.proof.io.KeYFile.readIncludes(KeYFile.java:210)
	at de.uka.ilkd.key.proof.init.ProblemInitializer.readIncludes(ProblemInitializer.java:177)
	at de.uka.ilkd.key.proof.init.ProblemInitializer.readEnvInput(ProblemInitializer.java:325)
	at de.uka.ilkd.key.proof.init.ProblemInitializer.prepare(ProblemInitializer.java:449)
	at de.uka.ilkd.key.proof.io.AbstractProblemLoader.createInitConfig(AbstractProblemLoader.java:518)
	at de.uka.ilkd.key.proof.io.AbstractProblemLoader.loadEnvironment(AbstractProblemLoader.java:288)
	at de.uka.ilkd.key.proof.io.AbstractProblemLoader.load(AbstractProblemLoader.java:252)
	at de.uka.ilkd.key.control.AbstractUserInterfaceControl.load(AbstractUserInterfaceControl.java:209)
	... 7 more
Caused by: java.lang.RuntimeException: Could not find rule file rules/intRulesCheckedSemantics.key
	at de.uka.ilkd.key.proof.io.RuleSourceFactory.fromBuiltInRule(RuleSourceFactory.java:32)
	at de.uka.ilkd.key.proof.io.RuleSourceFactory.fromDefaultLocation(RuleSourceFactory.java:21)
	at de.uka.ilkd.key.nparser.builder.IncludeFinder.addInclude(IncludeFinder.java:63)
	at de.uka.ilkd.key.nparser.builder.IncludeFinder.visitOne_include(IncludeFinder.java:43)
	at de.uka.ilkd.key.nparser.builder.IncludeFinder.visitOne_include(IncludeFinder.java:20)
	at de.uka.ilkd.key.nparser.KeYParser$One_includeContext.accept(KeYParser.java:878)
	at de.uka.ilkd.key.nparser.builder.AbstractBuilder.lambda$mapOf$0(AbstractBuilder.java:112)
	at java.base/java.util.stream.ReferencePipeline$3$1.accept(ReferencePipeline.java:195)
	at java.base/java.util.ArrayList$ArrayListSpliterator.forEachRemaining(ArrayList.java:1655)
	at java.base/java.util.stream.AbstractPipeline.copyInto(AbstractPipeline.java:484)
	at java.base/java.util.stream.AbstractPipeline.wrapAndCopyInto(AbstractPipeline.java:474)
	at java.base/java.util.stream.ReduceOps$ReduceOp.evaluateSequential(ReduceOps.java:913)
	at java.base/java.util.stream.AbstractPipeline.evaluate(AbstractPipeline.java:234)
	at java.base/java.util.stream.ReferencePipeline.collect(ReferencePipeline.java:578)
	at de.uka.ilkd.key.nparser.builder.AbstractBuilder.mapOf(AbstractBuilder.java:112)
	at de.uka.ilkd.key.nparser.builder.IncludeFinder.visitOne_include_statement(IncludeFinder.java:35)
	at de.uka.ilkd.key.nparser.builder.IncludeFinder.visitOne_include_statement(IncludeFinder.java:20)
	at de.uka.ilkd.key.nparser.KeYParser$One_include_statementContext.accept(KeYParser.java:802)
	at org.antlr.v4.runtime.tree.AbstractParseTreeVisitor.visitChildren(AbstractParseTreeVisitor.java:46)
	at de.uka.ilkd.key.nparser.KeYParserBaseVisitor.visitDecls(KeYParserBaseVisitor.java:30)
	at de.uka.ilkd.key.nparser.KeYParser$DeclsContext.accept(KeYParser.java:500)
	at org.antlr.v4.runtime.tree.AbstractParseTreeVisitor.visitChildren(AbstractParseTreeVisitor.java:46)
	at de.uka.ilkd.key.nparser.KeYParserBaseVisitor.visitFile(KeYParserBaseVisitor.java:23)
	at de.uka.ilkd.key.nparser.KeYParser$FileContext.accept(KeYParser.java:306)
	at de.uka.ilkd.key.nparser.KeyAst.accept(KeyAst.java:41)
	at de.uka.ilkd.key.nparser.KeyAst$File.getIncludes(KeyAst.java:76)
	at de.uka.ilkd.key.proof.io.KeYFile.readIncludes(KeYFile.java:208)
	... 14 more
Could not find rule file rules/intRulesCheckedSemantics.key (file: /home/runner/work/key/key/key.core/../key.ui/examples/index/.././heap/SmansEtAl/Iterator_hasNext.key; caused by: de.uka.ilkd.key.proof.init.ProofInputException: Could not find rule file rules/intRulesCheckedSemantics.key)
	at de.uka.ilkd.key.control.AbstractUserInterfaceControl.load(AbstractUserInterfaceControl.java:221)
	at de.uka.ilkd.key.control.KeYEnvironment.load(KeYEnvironment.java:251)
	at de.uka.ilkd.key.control.KeYEnvironment.load(KeYEnvironment.java:224)
	at de.uka.ilkd.key.control.KeYEnvironment.load(KeYEnvironment.java:184)
	at de.uka.ilkd.key.control.KeYEnvironment.load(KeYEnvironment.java:261)
	at de.uka.ilkd.key.proof.runallproofs.proofcollection.TestFile.load(TestFile.java:270)
	at de.uka.ilkd.key.proof.runallproofs.proofcollection.TestFile.runKey(TestFile.java:160)
	at de.uka.ilkd.key.proof.runallproofs.proofcollection.ForkedTestFileRunner.main(ForkedTestFileRunner.java:171)
Caused by: de.uka.ilkd.key.proof.init.ProofInputException: Could not find rule file rules/intRulesCheckedSemantics.key
	at de.uka.ilkd.key.proof.io.KeYFile.readIncludes(KeYFile.java:210)
	at de.uka.ilkd.key.proof.init.ProblemInitializer.readIncludes(ProblemInitializer.java:177)
	at de.uka.ilkd.key.proof.init.ProblemInitializer.readEnvInput(ProblemInitializer.java:325)
	at de.uka.ilkd.key.proof.init.ProblemInitializer.prepare(ProblemInitializer.java:449)
	at de.uka.ilkd.key.proof.io.AbstractProblemLoader.createInitConfig(AbstractProblemLoader.java:518)
	at de.uka.ilkd.key.proof.io.AbstractProblemLoader.loadEnvironment(AbstractProblemLoader.java:288)
	at de.uka.ilkd.key.proof.io.AbstractProblemLoader.load(AbstractProblemLoader.java:252)
	at de.uka.ilkd.key.control.AbstractUserInterfaceControl.load(AbstractUserInterfaceControl.java:209)
	... 7 more
Caused by: java.lang.RuntimeException: Could not find rule file rules/intRulesCheckedSemantics.key
	at de.uka.ilkd.key.proof.io.RuleSourceFactory.fromBuiltInRule(RuleSourceFactory.java:32)
	at de.uka.ilkd.key.proof.io.RuleSourceFactory.fromDefaultLocation(RuleSourceFactory.java:21)
	at de.uka.ilkd.key.nparser.builder.IncludeFinder.addInclude(IncludeFinder.java:63)
	at de.uka.ilkd.key.nparser.builder.IncludeFinder.visitOne_include(IncludeFinder.java:43)
	at de.uka.ilkd.key.nparser.builder.IncludeFinder.visitOne_include(IncludeFinder.java:20)
	at de.uka.ilkd.key.nparser.KeYParser$One_includeContext.accept(KeYParser.java:878)
	at de.uka.ilkd.key.nparser.builder.AbstractBuilder.lambda$mapOf$0(AbstractBuilder.java:112)
	at java.base/java.util.stream.ReferencePipeline$3$1.accept(ReferencePipeline.java:195)
	at java.base/java.util.ArrayList$ArrayListSpliterator.forEachRemaining(ArrayList.java:1655)
	at java.base/java.util.stream.AbstractPipeline.copyInto(AbstractPipeline.java:484)
	at java.base/java.util.stream.AbstractPipeline.wrapAndCopyInto(AbstractPipeline.java:474)
	at java.base/java.util.stream.ReduceOps$ReduceOp.evaluateSequential(ReduceOps.java:913)
	at java.base/java.util.stream.AbstractPipeline.evaluate(AbstractPipeline.java:234)
	at java.base/java.util.stream.ReferencePipeline.collect(ReferencePipeline.java:578)
	at de.uka.ilkd.key.nparser.builder.AbstractBuilder.mapOf(AbstractBuilder.java:112)
	at de.uka.ilkd.key.nparser.builder.IncludeFinder.visitOne_include_statement(IncludeFinder.java:35)
	at de.uka.ilkd.key.nparser.builder.IncludeFinder.visitOne_include_statement(IncludeFinder.java:20)
	at de.uka.ilkd.key.nparser.KeYParser$One_include_statementContext.accept(KeYParser.java:802)
	at org.antlr.v4.runtime.tree.AbstractParseTreeVisitor.visitChildren(AbstractParseTreeVisitor.java:46)
	at de.uka.ilkd.key.nparser.KeYParserBaseVisitor.visitDecls(KeYParserBaseVisitor.java:30)
	at de.uka.ilkd.key.nparser.KeYParser$DeclsContext.accept(KeYParser.java:500)
	at org.antlr.v4.runtime.tree.AbstractParseTreeVisitor.visitChildren(AbstractParseTreeVisitor.java:46)
	at de.uka.ilkd.key.nparser.KeYParserBaseVisitor.visitFile(KeYParserBaseVisitor.java:23)
	at de.uka.ilkd.key.nparser.KeYParser$FileContext.accept(KeYParser.java:306)
	at de.uka.ilkd.key.nparser.KeyAst.accept(KeyAst.java:41)
	at de.uka.ilkd.key.nparser.KeyAst$File.getIncludes(KeyAst.java:76)
	at de.uka.ilkd.key.proof.io.KeYFile.readIncludes(KeYFile.java:208)
	... 14 more
Could not find rule file rules/intRulesCheckedSemantics.key (file: /home/runner/work/key/key/key.core/../key.ui/examples/index/.././heap/SmansEtAl/Iterator_inv.key; caused by: de.uka.ilkd.key.proof.init.ProofInputException: Could not find rule file rules/intRulesCheckedSemantics.key)
	at de.uka.ilkd.key.control.AbstractUserInterfaceControl.load(AbstractUserInterfaceControl.java:221)
	at de.uka.ilkd.key.control.KeYEnvironment.load(KeYEnvironment.java:251)
	at de.uka.ilkd.key.control.KeYEnvironment.load(KeYEnvironment.java:224)
	at de.uka.ilkd.key.control.KeYEnvironment.load(KeYEnvironment.java:184)
	at de.uka.ilkd.key.control.KeYEnvironment.load(KeYEnvironment.java:261)
	at de.uka.ilkd.key.proof.runallproofs.proofcollection.TestFile.load(TestFile.java:270)
	at de.uka.ilkd.key.proof.runallproofs.proofcollection.TestFile.runKey(TestFile.java:160)
	at de.uka.ilkd.key.proof.runallproofs.proofcollection.ForkedTestFileRunner.main(ForkedTestFileRunner.java:171)
Caused by: de.uka.ilkd.key.proof.init.ProofInputException: Could not find rule file rules/intRulesCheckedSemantics.key
	at de.uka.ilkd.key.proof.io.KeYFile.readIncludes(KeYFile.java:210)
	at de.uka.ilkd.key.proof.init.ProblemInitializer.readIncludes(ProblemInitializer.java:177)
	at de.uka.ilkd.key.proof.init.ProblemInitializer.readEnvInput(ProblemInitializer.java:325)
	at de.uka.ilkd.key.proof.init.ProblemInitializer.prepare(ProblemInitializer.java:449)
	at de.uka.ilkd.key.proof.io.AbstractProblemLoader.createInitConfig(AbstractProblemLoader.java:518)
	at de.uka.ilkd.key.proof.io.AbstractProblemLoader.loadEnvironment(AbstractProblemLoader.java:288)
	at de.uka.ilkd.key.proof.io.AbstractProblemLoader.load(AbstractProblemLoader.java:252)
	at de.uka.ilkd.key.control.AbstractUserInterfaceControl.load(AbstractUserInterfaceControl.java:209)
	... 7 more
Caused by: java.lang.RuntimeException: Could not find rule file rules/intRulesCheckedSemantics.key
	at de.uka.ilkd.key.proof.io.RuleSourceFactory.fromBuiltInRule(RuleSourceFactory.java:32)
	at de.uka.ilkd.key.proof.io.RuleSourceFactory.fromDefaultLocation(RuleSourceFactory.java:21)
	at de.uka.ilkd.key.nparser.builder.IncludeFinder.addInclude(IncludeFinder.java:63)
	at de.uka.ilkd.key.nparser.builder.IncludeFinder.visitOne_include(IncludeFinder.java:43)
	at de.uka.ilkd.key.nparser.builder.IncludeFinder.visitOne_include(IncludeFinder.java:20)
	at de.uka.ilkd.key.nparser.KeYParser$One_includeContext.accept(KeYParser.java:878)
	at de.uka.ilkd.key.nparser.builder.AbstractBuilder.lambda$mapOf$0(AbstractBuilder.java:112)
	at java.base/java.util.stream.ReferencePipeline$3$1.accept(ReferencePipeline.java:195)
	at java.base/java.util.ArrayList$ArrayListSpliterator.forEachRemaining(ArrayList.java:1655)
	at java.base/java.util.stream.AbstractPipeline.copyInto(AbstractPipeline.java:484)
	at java.base/java.util.stream.AbstractPipeline.wrapAndCopyInto(AbstractPipeline.java:474)
	at java.base/java.util.stream.ReduceOps$ReduceOp.evaluateSequential(ReduceOps.java:913)
	at java.base/java.util.stream.AbstractPipeline.evaluate(AbstractPipeline.java:234)
	at java.base/java.util.stream.ReferencePipeline.collect(ReferencePipeline.java:578)
	at de.uka.ilkd.key.nparser.builder.AbstractBuilder.mapOf(AbstractBuilder.java:112)
	at de.uka.ilkd.key.nparser.builder.IncludeFinder.visitOne_include_statement(IncludeFinder.java:35)
	at de.uka.ilkd.key.nparser.builder.IncludeFinder.visitOne_include_statement(IncludeFinder.java:20)
	at de.uka.ilkd.key.nparser.KeYParser$One_include_statementContext.accept(KeYParser.java:802)
	at org.antlr.v4.runtime.tree.AbstractParseTreeVisitor.visitChildren(AbstractParseTreeVisitor.java:46)
	at de.uka.ilkd.key.nparser.KeYParserBaseVisitor.visitDecls(KeYParserBaseVisitor.java:30)
	at de.uka.ilkd.key.nparser.KeYParser$DeclsContext.accept(KeYParser.java:500)
	at org.antlr.v4.runtime.tree.AbstractParseTreeVisitor.visitChildren(AbstractParseTreeVisitor.java:46)
	at de.uka.ilkd.key.nparser.KeYParserBaseVisitor.visitFile(KeYParserBaseVisitor.java:23)
	at de.uka.ilkd.key.nparser.KeYParser$FileContext.accept(KeYParser.java:306)
	at de.uka.ilkd.key.nparser.KeyAst.accept(KeyAst.java:41)
	at de.uka.ilkd.key.nparser.KeyAst$File.getIncludes(KeyAst.java:76)
	at de.uka.ilkd.key.proof.io.KeYFile.readIncludes(KeYFile.java:208)
	... 14 more
Could not find rule file rules/intRulesCheckedSemantics.key (file: /home/runner/work/key/key/key.core/../key.ui/examples/index/.././heap/SmansEtAl/Iterator_Iterator.key; caused by: de.uka.ilkd.key.proof.init.ProofInputException: Could not find rule file rules/intRulesCheckedSemantics.key)
	at de.uka.ilkd.key.control.AbstractUserInterfaceControl.load(AbstractUserInterfaceControl.java:221)
	at de.uka.ilkd.key.control.KeYEnvironment.load(KeYEnvironment.java:251)
	at de.uka.ilkd.key.control.KeYEnvironment.load(KeYEnvironment.java:224)
	at de.uka.ilkd.key.control.KeYEnvironment.load(KeYEnvironment.java:184)
	at de.uka.ilkd.key.control.KeYEnvironment.load(KeYEnvironment.java:261)
	at de.uka.ilkd.key.proof.runallproofs.proofcollection.TestFile.load(TestFile.java:270)
	at de.uka.ilkd.key.proof.runallproofs.proofcollection.TestFile.runKey(TestFile.java:160)
	at de.uka.ilkd.key.proof.runallproofs.proofcollection.ForkedTestFileRunner.main(ForkedTestFileRunner.java:171)
Caused by: de.uka.ilkd.key.proof.init.ProofInputException: Could not find rule file rules/intRulesCheckedSemantics.key
	at de.uka.ilkd.key.proof.io.KeYFile.readIncludes(KeYFile.java:210)
	at de.uka.ilkd.key.proof.init.ProblemInitializer.readIncludes(ProblemInitializer.java:177)
	at de.uka.ilkd.key.proof.init.ProblemInitializer.readEnvInput(ProblemInitializer.java:325)
	at de.uka.ilkd.key.proof.init.ProblemInitializer.prepare(ProblemInitializer.java:449)
	at de.uka.ilkd.key.proof.io.AbstractProblemLoader.createInitConfig(AbstractProblemLoader.java:518)
	at de.uka.ilkd.key.proof.io.AbstractProblemLoader.loadEnvironment(AbstractProblemLoader.java:288)
	at de.uka.ilkd.key.proof.io.AbstractProblemLoader.load(AbstractProblemLoader.java:252)
	at de.uka.ilkd.key.control.AbstractUserInterfaceControl.load(AbstractUserInterfaceControl.java:209)
	... 7 more
Caused by: java.lang.RuntimeException: Could not find rule file rules/intRulesCheckedSemantics.key
	at de.uka.ilkd.key.proof.io.RuleSourceFactory.fromBuiltInRule(RuleSourceFactory.java:32)
	at de.uka.ilkd.key.proof.io.RuleSourceFactory.fromDefaultLocation(RuleSourceFactory.java:21)
	at de.uka.ilkd.key.nparser.builder.IncludeFinder.addInclude(IncludeFinder.java:63)
	at de.uka.ilkd.key.nparser.builder.IncludeFinder.visitOne_include(IncludeFinder.java:43)
	at de.uka.ilkd.key.nparser.builder.IncludeFinder.visitOne_include(IncludeFinder.java:20)
	at de.uka.ilkd.key.nparser.KeYParser$One_includeContext.accept(KeYParser.java:878)
	at de.uka.ilkd.key.nparser.builder.AbstractBuilder.lambda$mapOf$0(AbstractBuilder.java:112)
	at java.base/java.util.stream.ReferencePipeline$3$1.accept(ReferencePipeline.java:195)
	at java.base/java.util.ArrayList$ArrayListSpliterator.forEachRemaining(ArrayList.java:1655)
	at java.base/java.util.stream.AbstractPipeline.copyInto(AbstractPipeline.java:484)
	at java.base/java.util.stream.AbstractPipeline.wrapAndCopyInto(AbstractPipeline.java:474)
	at java.base/java.util.stream.ReduceOps$ReduceOp.evaluateSequential(ReduceOps.java:913)
	at java.base/java.util.stream.AbstractPipeline.evaluate(AbstractPipeline.java:234)
	at java.base/java.util.stream.ReferencePipeline.collect(ReferencePipeline.java:578)
	at de.uka.ilkd.key.nparser.builder.AbstractBuilder.mapOf(AbstractBuilder.java:112)
	at de.uka.ilkd.key.nparser.builder.IncludeFinder.visitOne_include_statement(IncludeFinder.java:35)
	at de.uka.ilkd.key.nparser.builder.IncludeFinder.visitOne_include_statement(IncludeFinder.java:20)
	at de.uka.ilkd.key.nparser.KeYParser$One_include_statementContext.accept(KeYParser.java:802)
	at org.antlr.v4.runtime.tree.AbstractParseTreeVisitor.visitChildren(AbstractParseTreeVisitor.java:46)
	at de.uka.ilkd.key.nparser.KeYParserBaseVisitor.visitDecls(KeYParserBaseVisitor.java:30)
	at de.uka.ilkd.key.nparser.KeYParser$DeclsContext.accept(KeYParser.java:500)
	at org.antlr.v4.runtime.tree.AbstractParseTreeVisitor.visitChildren(AbstractParseTreeVisitor.java:46)
	at de.uka.ilkd.key.nparser.KeYParserBaseVisitor.visitFile(KeYParserBaseVisitor.java:23)
	at de.uka.ilkd.key.nparser.KeYParser$FileContext.accept(KeYParser.java:306)
	at de.uka.ilkd.key.nparser.KeyAst.accept(KeyAst.java:41)
	at de.uka.ilkd.key.nparser.KeyAst$File.getIncludes(KeyAst.java:76)
	at de.uka.ilkd.key.proof.io.KeYFile.readIncludes(KeYFile.java:208)
	... 14 more
Could not find rule file rules/intRulesCheckedSemantics.key (file: /home/runner/work/key/key/key.core/../key.ui/examples/index/.././heap/SmansEtAl/Iterator_list_dep.key; caused by: de.uka.ilkd.key.proof.init.ProofInputException: Could not find rule file rules/intRulesCheckedSemantics.key)
	at de.uka.ilkd.key.control.AbstractUserInterfaceControl.load(AbstractUserInterfaceControl.java:221)
	at de.uka.ilkd.key.control.KeYEnvironment.load(KeYEnvironment.java:251)
	at de.uka.ilkd.key.control.KeYEnvironment.load(KeYEnvironment.java:224)
	at de.uka.ilkd.key.control.KeYEnvironment.load(KeYEnvironment.java:184)
	at de.uka.ilkd.key.control.KeYEnvironment.load(KeYEnvironment.java:261)
	at de.uka.ilkd.key.proof.runallproofs.proofcollection.TestFile.load(TestFile.java:270)
	at de.uka.ilkd.key.proof.runallproofs.proofcollection.TestFile.runKey(TestFile.java:160)
	at de.uka.ilkd.key.proof.runallproofs.proofcollection.ForkedTestFileRunner.main(ForkedTestFileRunner.java:171)
Caused by: de.uka.ilkd.key.proof.init.ProofInputException: Could not find rule file rules/intRulesCheckedSemantics.key
	at de.uka.ilkd.key.proof.io.KeYFile.readIncludes(KeYFile.java:210)
	at de.uka.ilkd.key.proof.init.ProblemInitializer.readIncludes(ProblemInitializer.java:177)
	at de.uka.ilkd.key.proof.init.ProblemInitializer.readEnvInput(ProblemInitializer.java:325)
	at de.uka.ilkd.key.proof.init.ProblemInitializer.prepare(ProblemInitializer.java:449)
	at de.uka.ilkd.key.proof.io.AbstractProblemLoader.createInitConfig(AbstractProblemLoader.java:518)
	at de.uka.ilkd.key.proof.io.AbstractProblemLoader.loadEnvironment(AbstractProblemLoader.java:288)
	at de.uka.ilkd.key.proof.io.AbstractProblemLoader.load(AbstractProblemLoader.java:252)
	at de.uka.ilkd.key.control.AbstractUserInterfaceControl.load(AbstractUserInterfaceControl.java:209)
	... 7 more
Caused by: java.lang.RuntimeException: Could not find rule file rules/intRulesCheckedSemantics.key
	at de.uka.ilkd.key.proof.io.RuleSourceFactory.fromBuiltInRule(RuleSourceFactory.java:32)
	at de.uka.ilkd.key.proof.io.RuleSourceFactory.fromDefaultLocation(RuleSourceFactory.java:21)
	at de.uka.ilkd.key.nparser.builder.IncludeFinder.addInclude(IncludeFinder.java:63)
	at de.uka.ilkd.key.nparser.builder.IncludeFinder.visitOne_include(IncludeFinder.java:43)
	at de.uka.ilkd.key.nparser.builder.IncludeFinder.visitOne_include(IncludeFinder.java:20)
	at de.uka.ilkd.key.nparser.KeYParser$One_includeContext.accept(KeYParser.java:878)
	at de.uka.ilkd.key.nparser.builder.AbstractBuilder.lambda$mapOf$0(AbstractBuilder.java:112)
	at java.base/java.util.stream.ReferencePipeline$3$1.accept(ReferencePipeline.java:195)
	at java.base/java.util.ArrayList$ArrayListSpliterator.forEachRemaining(ArrayList.java:1655)
	at java.base/java.util.stream.AbstractPipeline.copyInto(AbstractPipeline.java:484)
	at java.base/java.util.stream.AbstractPipeline.wrapAndCopyInto(AbstractPipeline.java:474)
	at java.base/java.util.stream.ReduceOps$ReduceOp.evaluateSequential(ReduceOps.java:913)
	at java.base/java.util.stream.AbstractPipeline.evaluate(AbstractPipeline.java:234)
	at java.base/java.util.stream.ReferencePipeline.collect(ReferencePipeline.java:578)
	at de.uka.ilkd.key.nparser.builder.AbstractBuilder.mapOf(AbstractBuilder.java:112)
	at de.uka.ilkd.key.nparser.builder.IncludeFinder.visitOne_include_statement(IncludeFinder.java:35)
	at de.uka.ilkd.key.nparser.builder.IncludeFinder.visitOne_include_statement(IncludeFinder.java:20)
	at de.uka.ilkd.key.nparser.KeYParser$One_include_statementContext.accept(KeYParser.java:802)
	at org.antlr.v4.runtime.tree.AbstractParseTreeVisitor.visitChildren(AbstractParseTreeVisitor.java:46)
	at de.uka.ilkd.key.nparser.KeYParserBaseVisitor.visitDecls(KeYParserBaseVisitor.java:30)
	at de.uka.ilkd.key.nparser.KeYParser$DeclsContext.accept(KeYParser.java:500)
	at org.antlr.v4.runtime.tree.AbstractParseTreeVisitor.visitChildren(AbstractParseTreeVisitor.java:46)
	at de.uka.ilkd.key.nparser.KeYParserBaseVisitor.visitFile(KeYParserBaseVisitor.java:23)
	at de.uka.ilkd.key.nparser.KeYParser$FileContext.accept(KeYParser.java:306)
	at de.uka.ilkd.key.nparser.KeyAst.accept(KeyAst.java:41)
	at de.uka.ilkd.key.nparser.KeyAst$File.getIncludes(KeyAst.java:76)
	at de.uka.ilkd.key.proof.io.KeYFile.readIncludes(KeYFile.java:208)
	... 14 more
Could not find rule file rules/intRulesCheckedSemantics.key (file: /home/runner/work/key/key/key.core/../key.ui/examples/index/.././heap/SmansEtAl/Iterator_list.key; caused by: de.uka.ilkd.key.proof.init.ProofInputException: Could not find rule file rules/intRulesCheckedSemantics.key)
	at de.uka.ilkd.key.control.AbstractUserInterfaceControl.load(AbstractUserInterfaceControl.java:221)
	at de.uka.ilkd.key.control.KeYEnvironment.load(KeYEnvironment.java:251)
	at de.uka.ilkd.key.control.KeYEnvironment.load(KeYEnvironment.java:224)
	at de.uka.ilkd.key.control.KeYEnvironment.load(KeYEnvironment.java:184)
	at de.uka.ilkd.key.control.KeYEnvironment.load(KeYEnvironment.java:261)
	at de.uka.ilkd.key.proof.runallproofs.proofcollection.TestFile.load(TestFile.java:270)
	at de.uka.ilkd.key.proof.runallproofs.proofcollection.TestFile.runKey(TestFile.java:160)
	at de.uka.ilkd.key.proof.runallproofs.proofcollection.ForkedTestFileRunner.main(ForkedTestFileRunner.java:171)
Caused by: de.uka.ilkd.key.proof.init.ProofInputException: Could not find rule file rules/intRulesCheckedSemantics.key
	at de.uka.ilkd.key.proof.io.KeYFile.readIncludes(KeYFile.java:210)
	at de.uka.ilkd.key.proof.init.ProblemInitializer.readIncludes(ProblemInitializer.java:177)
	at de.uka.ilkd.key.proof.init.ProblemInitializer.readEnvInput(ProblemInitializer.java:325)
	at de.uka.ilkd.key.proof.init.ProblemInitializer.prepare(ProblemInitializer.java:449)
	at de.uka.ilkd.key.proof.io.AbstractProblemLoader.createInitConfig(AbstractProblemLoader.java:518)
	at de.uka.ilkd.key.proof.io.AbstractProblemLoader.loadEnvironment(AbstractProblemLoader.java:288)
	at de.uka.ilkd.key.proof.io.AbstractProblemLoader.load(AbstractProblemLoader.java:252)
	at de.uka.ilkd.key.control.AbstractUserInterfaceControl.load(AbstractUserInterfaceControl.java:209)
	... 7 more
Caused by: java.lang.RuntimeException: Could not find rule file rules/intRulesCheckedSemantics.key
	at de.uka.ilkd.key.proof.io.RuleSourceFactory.fromBuiltInRule(RuleSourceFactory.java:32)
	at de.uka.ilkd.key.proof.io.RuleSourceFactory.fromDefaultLocation(RuleSourceFactory.java:21)
	at de.uka.ilkd.key.nparser.builder.IncludeFinder.addInclude(IncludeFinder.java:63)
	at de.uka.ilkd.key.nparser.builder.IncludeFinder.visitOne_include(IncludeFinder.java:43)
	at de.uka.ilkd.key.nparser.builder.IncludeFinder.visitOne_include(IncludeFinder.java:20)
	at de.uka.ilkd.key.nparser.KeYParser$One_includeContext.accept(KeYParser.java:878)
	at de.uka.ilkd.key.nparser.builder.AbstractBuilder.lambda$mapOf$0(AbstractBuilder.java:112)
	at java.base/java.util.stream.ReferencePipeline$3$1.accept(ReferencePipeline.java:195)
	at java.base/java.util.ArrayList$ArrayListSpliterator.forEachRemaining(ArrayList.java:1655)
	at java.base/java.util.stream.AbstractPipeline.copyInto(AbstractPipeline.java:484)
	at java.base/java.util.stream.AbstractPipeline.wrapAndCopyInto(AbstractPipeline.java:474)
	at java.base/java.util.stream.ReduceOps$ReduceOp.evaluateSequential(ReduceOps.java:913)
	at java.base/java.util.stream.AbstractPipeline.evaluate(AbstractPipeline.java:234)
	at java.base/java.util.stream.ReferencePipeline.collect(ReferencePipeline.java:578)
	at de.uka.ilkd.key.nparser.builder.AbstractBuilder.mapOf(AbstractBuilder.java:112)
	at de.uka.ilkd.key.nparser.builder.IncludeFinder.visitOne_include_statement(IncludeFinder.java:35)
	at de.uka.ilkd.key.nparser.builder.IncludeFinder.visitOne_include_statement(IncludeFinder.java:20)
	at de.uka.ilkd.key.nparser.KeYParser$One_include_statementContext.accept(KeYParser.java:802)
	at org.antlr.v4.runtime.tree.AbstractParseTreeVisitor.visitChildren(AbstractParseTreeVisitor.java:46)
	at de.uka.ilkd.key.nparser.KeYParserBaseVisitor.visitDecls(KeYParserBaseVisitor.java:30)
	at de.uka.ilkd.key.nparser.KeYParser$DeclsContext.accept(KeYParser.java:500)
	at org.antlr.v4.runtime.tree.AbstractParseTreeVisitor.visitChildren(AbstractParseTreeVisitor.java:46)
	at de.uka.ilkd.key.nparser.KeYParserBaseVisitor.visitFile(KeYParserBaseVisitor.java:23)
	at de.uka.ilkd.key.nparser.KeYParser$FileContext.accept(KeYParser.java:306)
	at de.uka.ilkd.key.nparser.KeyAst.accept(KeyAst.java:41)
	at de.uka.ilkd.key.nparser.KeyAst$File.getIncludes(KeyAst.java:76)
	at de.uka.ilkd.key.proof.io.KeYFile.readIncludes(KeYFile.java:208)
	... 14 more
Could not find rule file rules/intRulesCheckedSemantics.key (file: /home/runner/work/key/key/key.core/../key.ui/examples/index/.././heap/SmansEtAl/Iterator_next.key; caused by: de.uka.ilkd.key.proof.init.ProofInputException: Could not find rule file rules/intRulesCheckedSemantics.key)
	at de.uka.ilkd.key.control.AbstractUserInterfaceControl.load(AbstractUserInterfaceControl.java:221)
	at de.uka.ilkd.key.control.KeYEnvironment.load(KeYEnvironment.java:251)
	at de.uka.ilkd.key.control.KeYEnvironment.load(KeYEnvironment.java:224)
	at de.uka.ilkd.key.control.KeYEnvironment.load(KeYEnvironment.java:184)
	at de.uka.ilkd.key.control.KeYEnvironment.load(KeYEnvironment.java:261)
	at de.uka.ilkd.key.proof.runallproofs.proofcollection.TestFile.load(TestFile.java:270)
	at de.uka.ilkd.key.proof.runallproofs.proofcollection.TestFile.runKey(TestFile.java:160)
	at de.uka.ilkd.key.proof.runallproofs.proofcollection.ForkedTestFileRunner.main(ForkedTestFileRunner.java:171)
Caused by: de.uka.ilkd.key.proof.init.ProofInputException: Could not find rule file rules/intRulesCheckedSemantics.key
	at de.uka.ilkd.key.proof.io.KeYFile.readIncludes(KeYFile.java:210)
	at de.uka.ilkd.key.proof.init.ProblemInitializer.readIncludes(ProblemInitializer.java:177)
	at de.uka.ilkd.key.proof.init.ProblemInitializer.readEnvInput(ProblemInitializer.java:325)
	at de.uka.ilkd.key.proof.init.ProblemInitializer.prepare(ProblemInitializer.java:449)
	at de.uka.ilkd.key.proof.io.AbstractProblemLoader.createInitConfig(AbstractProblemLoader.java:518)
	at de.uka.ilkd.key.proof.io.AbstractProblemLoader.loadEnvironment(AbstractProblemLoader.java:288)
	at de.uka.ilkd.key.proof.io.AbstractProblemLoader.load(AbstractProblemLoader.java:252)
	at de.uka.ilkd.key.control.AbstractUserInterfaceControl.load(AbstractUserInterfaceControl.java:209)
	... 7 more
Caused by: java.lang.RuntimeException: Could not find rule file rules/intRulesCheckedSemantics.key
	at de.uka.ilkd.key.proof.io.RuleSourceFactory.fromBuiltInRule(RuleSourceFactory.java:32)
	at de.uka.ilkd.key.proof.io.RuleSourceFactory.fromDefaultLocation(RuleSourceFactory.java:21)
	at de.uka.ilkd.key.nparser.builder.IncludeFinder.addInclude(IncludeFinder.java:63)
	at de.uka.ilkd.key.nparser.builder.IncludeFinder.visitOne_include(IncludeFinder.java:43)
	at de.uka.ilkd.key.nparser.builder.IncludeFinder.visitOne_include(IncludeFinder.java:20)
	at de.uka.ilkd.key.nparser.KeYParser$One_includeContext.accept(KeYParser.java:878)
	at de.uka.ilkd.key.nparser.builder.AbstractBuilder.lambda$mapOf$0(AbstractBuilder.java:112)
	at java.base/java.util.stream.ReferencePipeline$3$1.accept(ReferencePipeline.java:195)
	at java.base/java.util.ArrayList$ArrayListSpliterator.forEachRemaining(ArrayList.java:1655)
	at java.base/java.util.stream.AbstractPipeline.copyInto(AbstractPipeline.java:484)
	at java.base/java.util.stream.AbstractPipeline.wrapAndCopyInto(AbstractPipeline.java:474)
	at java.base/java.util.stream.ReduceOps$ReduceOp.evaluateSequential(ReduceOps.java:913)
	at java.base/java.util.stream.AbstractPipeline.evaluate(AbstractPipeline.java:234)
	at java.base/java.util.stream.ReferencePipeline.collect(ReferencePipeline.java:578)
	at de.uka.ilkd.key.nparser.builder.AbstractBuilder.mapOf(AbstractBuilder.java:112)
	at de.uka.ilkd.key.nparser.builder.IncludeFinder.visitOne_include_statement(IncludeFinder.java:35)
	at de.uka.ilkd.key.nparser.builder.IncludeFinder.visitOne_include_statement(IncludeFinder.java:20)
	at de.uka.ilkd.key.nparser.KeYParser$One_include_statementContext.accept(KeYParser.java:802)
	at org.antlr.v4.runtime.tree.AbstractParseTreeVisitor.visitChildren(AbstractParseTreeVisitor.java:46)
	at de.uka.ilkd.key.nparser.KeYParserBaseVisitor.visitDecls(KeYParserBaseVisitor.java:30)
	at de.uka.ilkd.key.nparser.KeYParser$DeclsContext.accept(KeYParser.java:500)
	at org.antlr.v4.runtime.tree.AbstractParseTreeVisitor.visitChildren(AbstractParseTreeVisitor.java:46)
	at de.uka.ilkd.key.nparser.KeYParserBaseVisitor.visitFile(KeYParserBaseVisitor.java:23)
	at de.uka.ilkd.key.nparser.KeYParser$FileContext.accept(KeYParser.java:306)
	at de.uka.ilkd.key.nparser.KeyAst.accept(KeyAst.java:41)
	at de.uka.ilkd.key.nparser.KeyAst$File.getIncludes(KeyAst.java:76)
	at de.uka.ilkd.key.proof.io.KeYFile.readIncludes(KeYFile.java:208)
	... 14 more
Could not find rule file rules/intRulesCheckedSemantics.key (file: /home/runner/work/key/key/key.core/../key.ui/examples/index/.././heap/SmansEtAl/Stack_footprint.key; caused by: de.uka.ilkd.key.proof.init.ProofInputException: Could not find rule file rules/intRulesCheckedSemantics.key)
	at de.uka.ilkd.key.control.AbstractUserInterfaceControl.load(AbstractUserInterfaceControl.java:221)
	at de.uka.ilkd.key.control.KeYEnvironment.load(KeYEnvironment.java:251)
	at de.uka.ilkd.key.control.KeYEnvironment.load(KeYEnvironment.java:224)
	at de.uka.ilkd.key.control.KeYEnvironment.load(KeYEnvironment.java:184)
	at de.uka.ilkd.key.control.KeYEnvironment.load(KeYEnvironment.java:261)
	at de.uka.ilkd.key.proof.runallproofs.proofcollection.TestFile.load(TestFile.java:270)
	at de.uka.ilkd.key.proof.runallproofs.proofcollection.TestFile.runKey(TestFile.java:160)
	at de.uka.ilkd.key.proof.runallproofs.proofcollection.ForkedTestFileRunner.main(ForkedTestFileRunner.java:171)
Caused by: de.uka.ilkd.key.proof.init.ProofInputException: Could not find rule file rules/intRulesCheckedSemantics.key
	at de.uka.ilkd.key.proof.io.KeYFile.readIncludes(KeYFile.java:210)
	at de.uka.ilkd.key.proof.init.ProblemInitializer.readIncludes(ProblemInitializer.java:177)
	at de.uka.ilkd.key.proof.init.ProblemInitializer.readEnvInput(ProblemInitializer.java:325)
	at de.uka.ilkd.key.proof.init.ProblemInitializer.prepare(ProblemInitializer.java:449)
	at de.uka.ilkd.key.proof.io.AbstractProblemLoader.createInitConfig(AbstractProblemLoader.java:518)
	at de.uka.ilkd.key.proof.io.AbstractProblemLoader.loadEnvironment(AbstractProblemLoader.java:288)
	at de.uka.ilkd.key.proof.io.AbstractProblemLoader.load(AbstractProblemLoader.java:252)
	at de.uka.ilkd.key.control.AbstractUserInterfaceControl.load(AbstractUserInterfaceControl.java:209)
	... 7 more
Caused by: java.lang.RuntimeException: Could not find rule file rules/intRulesCheckedSemantics.key
	at de.uka.ilkd.key.proof.io.RuleSourceFactory.fromBuiltInRule(RuleSourceFactory.java:32)
	at de.uka.ilkd.key.proof.io.RuleSourceFactory.fromDefaultLocation(RuleSourceFactory.java:21)
	at de.uka.ilkd.key.nparser.builder.IncludeFinder.addInclude(IncludeFinder.java:63)
	at de.uka.ilkd.key.nparser.builder.IncludeFinder.visitOne_include(IncludeFinder.java:43)
	at de.uka.ilkd.key.nparser.builder.IncludeFinder.visitOne_include(IncludeFinder.java:20)
	at de.uka.ilkd.key.nparser.KeYParser$One_includeContext.accept(KeYParser.java:878)
	at de.uka.ilkd.key.nparser.builder.AbstractBuilder.lambda$mapOf$0(AbstractBuilder.java:112)
	at java.base/java.util.stream.ReferencePipeline$3$1.accept(ReferencePipeline.java:195)
	at java.base/java.util.ArrayList$ArrayListSpliterator.forEachRemaining(ArrayList.java:1655)
	at java.base/java.util.stream.AbstractPipeline.copyInto(AbstractPipeline.java:484)
	at java.base/java.util.stream.AbstractPipeline.wrapAndCopyInto(AbstractPipeline.java:474)
	at java.base/java.util.stream.ReduceOps$ReduceOp.evaluateSequential(ReduceOps.java:913)
	at java.base/java.util.stream.AbstractPipeline.evaluate(AbstractPipeline.java:234)
	at java.base/java.util.stream.ReferencePipeline.collect(ReferencePipeline.java:578)
	at de.uka.ilkd.key.nparser.builder.AbstractBuilder.mapOf(AbstractBuilder.java:112)
	at de.uka.ilkd.key.nparser.builder.IncludeFinder.visitOne_include_statement(IncludeFinder.java:35)
	at de.uka.ilkd.key.nparser.builder.IncludeFinder.visitOne_include_statement(IncludeFinder.java:20)
	at de.uka.ilkd.key.nparser.KeYParser$One_include_statementContext.accept(KeYParser.java:802)
	at org.antlr.v4.runtime.tree.AbstractParseTreeVisitor.visitChildren(AbstractParseTreeVisitor.java:46)
	at de.uka.ilkd.key.nparser.KeYParserBaseVisitor.visitDecls(KeYParserBaseVisitor.java:30)
	at de.uka.ilkd.key.nparser.KeYParser$DeclsContext.accept(KeYParser.java:500)
	at org.antlr.v4.runtime.tree.AbstractParseTreeVisitor.visitChildren(AbstractParseTreeVisitor.java:46)
	at de.uka.ilkd.key.nparser.KeYParserBaseVisitor.visitFile(KeYParserBaseVisitor.java:23)
	at de.uka.ilkd.key.nparser.KeYParser$FileContext.accept(KeYParser.java:306)
	at de.uka.ilkd.key.nparser.KeyAst.accept(KeyAst.java:41)
	at de.uka.ilkd.key.nparser.KeyAst$File.getIncludes(KeyAst.java:76)
	at de.uka.ilkd.key.proof.io.KeYFile.readIncludes(KeYFile.java:208)
	... 14 more
Could not find rule file rules/intRulesCheckedSemantics.key (file: /home/runner/work/key/key/key.core/../key.ui/examples/index/.././heap/SmansEtAl/Stack_inv.key; caused by: de.uka.ilkd.key.proof.init.ProofInputException: Could not find rule file rules/intRulesCheckedSemantics.key)
	at de.uka.ilkd.key.control.AbstractUserInterfaceControl.load(AbstractUserInterfaceControl.java:221)
	at de.uka.ilkd.key.control.KeYEnvironment.load(KeYEnvironment.java:251)
	at de.uka.ilkd.key.control.KeYEnvironment.load(KeYEnvironment.java:224)
	at de.uka.ilkd.key.control.KeYEnvironment.load(KeYEnvironment.java:184)
	at de.uka.ilkd.key.control.KeYEnvironment.load(KeYEnvironment.java:261)
	at de.uka.ilkd.key.proof.runallproofs.proofcollection.TestFile.load(TestFile.java:270)
	at de.uka.ilkd.key.proof.runallproofs.proofcollection.TestFile.runKey(TestFile.java:160)
	at de.uka.ilkd.key.proof.runallproofs.proofcollection.ForkedTestFileRunner.main(ForkedTestFileRunner.java:171)
Caused by: de.uka.ilkd.key.proof.init.ProofInputException: Could not find rule file rules/intRulesCheckedSemantics.key
	at de.uka.ilkd.key.proof.io.KeYFile.readIncludes(KeYFile.java:210)
	at de.uka.ilkd.key.proof.init.ProblemInitializer.readIncludes(ProblemInitializer.java:177)
	at de.uka.ilkd.key.proof.init.ProblemInitializer.readEnvInput(ProblemInitializer.java:325)
	at de.uka.ilkd.key.proof.init.ProblemInitializer.prepare(ProblemInitializer.java:449)
	at de.uka.ilkd.key.proof.io.AbstractProblemLoader.createInitConfig(AbstractProblemLoader.java:518)
	at de.uka.ilkd.key.proof.io.AbstractProblemLoader.loadEnvironment(AbstractProblemLoader.java:288)
	at de.uka.ilkd.key.proof.io.AbstractProblemLoader.load(AbstractProblemLoader.java:252)
	at de.uka.ilkd.key.control.AbstractUserInterfaceControl.load(AbstractUserInterfaceControl.java:209)
	... 7 more
Caused by: java.lang.RuntimeException: Could not find rule file rules/intRulesCheckedSemantics.key
	at de.uka.ilkd.key.proof.io.RuleSourceFactory.fromBuiltInRule(RuleSourceFactory.java:32)
	at de.uka.ilkd.key.proof.io.RuleSourceFactory.fromDefaultLocation(RuleSourceFactory.java:21)
	at de.uka.ilkd.key.nparser.builder.IncludeFinder.addInclude(IncludeFinder.java:63)
	at de.uka.ilkd.key.nparser.builder.IncludeFinder.visitOne_include(IncludeFinder.java:43)
	at de.uka.ilkd.key.nparser.builder.IncludeFinder.visitOne_include(IncludeFinder.java:20)
	at de.uka.ilkd.key.nparser.KeYParser$One_includeContext.accept(KeYParser.java:878)
	at de.uka.ilkd.key.nparser.builder.AbstractBuilder.lambda$mapOf$0(AbstractBuilder.java:112)
	at java.base/java.util.stream.ReferencePipeline$3$1.accept(ReferencePipeline.java:195)
	at java.base/java.util.ArrayList$ArrayListSpliterator.forEachRemaining(ArrayList.java:1655)
	at java.base/java.util.stream.AbstractPipeline.copyInto(AbstractPipeline.java:484)
	at java.base/java.util.stream.AbstractPipeline.wrapAndCopyInto(AbstractPipeline.java:474)
	at java.base/java.util.stream.ReduceOps$ReduceOp.evaluateSequential(ReduceOps.java:913)
	at java.base/java.util.stream.AbstractPipeline.evaluate(AbstractPipeline.java:234)
	at java.base/java.util.stream.ReferencePipeline.collect(ReferencePipeline.java:578)
	at de.uka.ilkd.key.nparser.builder.AbstractBuilder.mapOf(AbstractBuilder.java:112)
	at de.uka.ilkd.key.nparser.builder.IncludeFinder.visitOne_include_statement(IncludeFinder.java:35)
	at de.uka.ilkd.key.nparser.builder.IncludeFinder.visitOne_include_statement(IncludeFinder.java:20)
	at de.uka.ilkd.key.nparser.KeYParser$One_include_statementContext.accept(KeYParser.java:802)
	at org.antlr.v4.runtime.tree.AbstractParseTreeVisitor.visitChildren(AbstractParseTreeVisitor.java:46)
	at de.uka.ilkd.key.nparser.KeYParserBaseVisitor.visitDecls(KeYParserBaseVisitor.java:30)
	at de.uka.ilkd.key.nparser.KeYParser$DeclsContext.accept(KeYParser.java:500)
	at org.antlr.v4.runtime.tree.AbstractParseTreeVisitor.visitChildren(AbstractParseTreeVisitor.java:46)
	at de.uka.ilkd.key.nparser.KeYParserBaseVisitor.visitFile(KeYParserBaseVisitor.java:23)
	at de.uka.ilkd.key.nparser.KeYParser$FileContext.accept(KeYParser.java:306)
	at de.uka.ilkd.key.nparser.KeyAst.accept(KeyAst.java:41)
	at de.uka.ilkd.key.nparser.KeyAst$File.getIncludes(KeyAst.java:76)
	at de.uka.ilkd.key.proof.io.KeYFile.readIncludes(KeYFile.java:208)
	... 14 more
Could not find rule file rules/intRulesCheckedSemantics.key (file: /home/runner/work/key/key/key.core/../key.ui/examples/index/.././heap/SmansEtAl/Stack_push.key; caused by: de.uka.ilkd.key.proof.init.ProofInputException: Could not find rule file rules/intRulesCheckedSemantics.key)
	at de.uka.ilkd.key.control.AbstractUserInterfaceControl.load(AbstractUserInterfaceControl.java:221)
	at de.uka.ilkd.key.control.KeYEnvironment.load(KeYEnvironment.java:251)
	at de.uka.ilkd.key.control.KeYEnvironment.load(KeYEnvironment.java:224)
	at de.uka.ilkd.key.control.KeYEnvironment.load(KeYEnvironment.java:184)
	at de.uka.ilkd.key.control.KeYEnvironment.load(KeYEnvironment.java:261)
	at de.uka.ilkd.key.proof.runallproofs.proofcollection.TestFile.load(TestFile.java:270)
	at de.uka.ilkd.key.proof.runallproofs.proofcollection.TestFile.runKey(TestFile.java:160)
	at de.uka.ilkd.key.proof.runallproofs.proofcollection.ForkedTestFileRunner.main(ForkedTestFileRunner.java:171)
Caused by: de.uka.ilkd.key.proof.init.ProofInputException: Could not find rule file rules/intRulesCheckedSemantics.key
	at de.uka.ilkd.key.proof.io.KeYFile.readIncludes(KeYFile.java:210)
	at de.uka.ilkd.key.proof.init.ProblemInitializer.readIncludes(ProblemInitializer.java:177)
	at de.uka.ilkd.key.proof.init.ProblemInitializer.readEnvInput(ProblemInitializer.java:325)
	at de.uka.ilkd.key.proof.init.ProblemInitializer.prepare(ProblemInitializer.java:449)
	at de.uka.ilkd.key.proof.io.AbstractProblemLoader.createInitConfig(AbstractProblemLoader.java:518)
	at de.uka.ilkd.key.proof.io.AbstractProblemLoader.loadEnvironment(AbstractProblemLoader.java:288)
	at de.uka.ilkd.key.proof.io.AbstractProblemLoader.load(AbstractProblemLoader.java:252)
	at de.uka.ilkd.key.control.AbstractUserInterfaceControl.load(AbstractUserInterfaceControl.java:209)
	... 7 more
Caused by: java.lang.RuntimeException: Could not find rule file rules/intRulesCheckedSemantics.key
	at de.uka.ilkd.key.proof.io.RuleSourceFactory.fromBuiltInRule(RuleSourceFactory.java:32)
	at de.uka.ilkd.key.proof.io.RuleSourceFactory.fromDefaultLocation(RuleSourceFactory.java:21)
	at de.uka.ilkd.key.nparser.builder.IncludeFinder.addInclude(IncludeFinder.java:63)
	at de.uka.ilkd.key.nparser.builder.IncludeFinder.visitOne_include(IncludeFinder.java:43)
	at de.uka.ilkd.key.nparser.builder.IncludeFinder.visitOne_include(IncludeFinder.java:20)
	at de.uka.ilkd.key.nparser.KeYParser$One_includeContext.accept(KeYParser.java:878)
	at de.uka.ilkd.key.nparser.builder.AbstractBuilder.lambda$mapOf$0(AbstractBuilder.java:112)
	at java.base/java.util.stream.ReferencePipeline$3$1.accept(ReferencePipeline.java:195)
	at java.base/java.util.ArrayList$ArrayListSpliterator.forEachRemaining(ArrayList.java:1655)
	at java.base/java.util.stream.AbstractPipeline.copyInto(AbstractPipeline.java:484)
	at java.base/java.util.stream.AbstractPipeline.wrapAndCopyInto(AbstractPipeline.java:474)
	at java.base/java.util.stream.ReduceOps$ReduceOp.evaluateSequential(ReduceOps.java:913)
	at java.base/java.util.stream.AbstractPipeline.evaluate(AbstractPipeline.java:234)
	at java.base/java.util.stream.ReferencePipeline.collect(ReferencePipeline.java:578)
	at de.uka.ilkd.key.nparser.builder.AbstractBuilder.mapOf(AbstractBuilder.java:112)
	at de.uka.ilkd.key.nparser.builder.IncludeFinder.visitOne_include_statement(IncludeFinder.java:35)
	at de.uka.ilkd.key.nparser.builder.IncludeFinder.visitOne_include_statement(IncludeFinder.java:20)
	at de.uka.ilkd.key.nparser.KeYParser$One_include_statementContext.accept(KeYParser.java:802)
	at org.antlr.v4.runtime.tree.AbstractParseTreeVisitor.visitChildren(AbstractParseTreeVisitor.java:46)
	at de.uka.ilkd.key.nparser.KeYParserBaseVisitor.visitDecls(KeYParserBaseVisitor.java:30)
	at de.uka.ilkd.key.nparser.KeYParser$DeclsContext.accept(KeYParser.java:500)
	at org.antlr.v4.runtime.tree.AbstractParseTreeVisitor.visitChildren(AbstractParseTreeVisitor.java:46)
	at de.uka.ilkd.key.nparser.KeYParserBaseVisitor.visitFile(KeYParserBaseVisitor.java:23)
	at de.uka.ilkd.key.nparser.KeYParser$FileContext.accept(KeYParser.java:306)
	at de.uka.ilkd.key.nparser.KeyAst.accept(KeyAst.java:41)
	at de.uka.ilkd.key.nparser.KeyAst$File.getIncludes(KeyAst.java:76)
	at de.uka.ilkd.key.proof.io.KeYFile.readIncludes(KeYFile.java:208)
	... 14 more
Could not find rule file rules/intRulesCheckedSemantics.key (file: /home/runner/work/key/key/key.core/../key.ui/examples/index/.././heap/SmansEtAl/Stack_size.key; caused by: de.uka.ilkd.key.proof.init.ProofInputException: Could not find rule file rules/intRulesCheckedSemantics.key)
	at de.uka.ilkd.key.control.AbstractUserInterfaceControl.load(AbstractUserInterfaceControl.java:221)
	at de.uka.ilkd.key.control.KeYEnvironment.load(KeYEnvironment.java:251)
	at de.uka.ilkd.key.control.KeYEnvironment.load(KeYEnvironment.java:224)
	at de.uka.ilkd.key.control.KeYEnvironment.load(KeYEnvironment.java:184)
	at de.uka.ilkd.key.control.KeYEnvironment.load(KeYEnvironment.java:261)
	at de.uka.ilkd.key.proof.runallproofs.proofcollection.TestFile.load(TestFile.java:270)
	at de.uka.ilkd.key.proof.runallproofs.proofcollection.TestFile.runKey(TestFile.java:160)
	at de.uka.ilkd.key.proof.runallproofs.proofcollection.ForkedTestFileRunner.main(ForkedTestFileRunner.java:171)
Caused by: de.uka.ilkd.key.proof.init.ProofInputException: Could not find rule file rules/intRulesCheckedSemantics.key
	at de.uka.ilkd.key.proof.io.KeYFile.readIncludes(KeYFile.java:210)
	at de.uka.ilkd.key.proof.init.ProblemInitializer.readIncludes(ProblemInitializer.java:177)
	at de.uka.ilkd.key.proof.init.ProblemInitializer.readEnvInput(ProblemInitializer.java:325)
	at de.uka.ilkd.key.proof.init.ProblemInitializer.prepare(ProblemInitializer.java:449)
	at de.uka.ilkd.key.proof.io.AbstractProblemLoader.createInitConfig(AbstractProblemLoader.java:518)
	at de.uka.ilkd.key.proof.io.AbstractProblemLoader.loadEnvironment(AbstractProblemLoader.java:288)
	at de.uka.ilkd.key.proof.io.AbstractProblemLoader.load(AbstractProblemLoader.java:252)
	at de.uka.ilkd.key.control.AbstractUserInterfaceControl.load(AbstractUserInterfaceControl.java:209)
	... 7 more
Caused by: java.lang.RuntimeException: Could not find rule file rules/intRulesCheckedSemantics.key
	at de.uka.ilkd.key.proof.io.RuleSourceFactory.fromBuiltInRule(RuleSourceFactory.java:32)
	at de.uka.ilkd.key.proof.io.RuleSourceFactory.fromDefaultLocation(RuleSourceFactory.java:21)
	at de.uka.ilkd.key.nparser.builder.IncludeFinder.addInclude(IncludeFinder.java:63)
	at de.uka.ilkd.key.nparser.builder.IncludeFinder.visitOne_include(IncludeFinder.java:43)
	at de.uka.ilkd.key.nparser.builder.IncludeFinder.visitOne_include(IncludeFinder.java:20)
	at de.uka.ilkd.key.nparser.KeYParser$One_includeContext.accept(KeYParser.java:878)
	at de.uka.ilkd.key.nparser.builder.AbstractBuilder.lambda$mapOf$0(AbstractBuilder.java:112)
	at java.base/java.util.stream.ReferencePipeline$3$1.accept(ReferencePipeline.java:195)
	at java.base/java.util.ArrayList$ArrayListSpliterator.forEachRemaining(ArrayList.java:1655)
	at java.base/java.util.stream.AbstractPipeline.copyInto(AbstractPipeline.java:484)
	at java.base/java.util.stream.AbstractPipeline.wrapAndCopyInto(AbstractPipeline.java:474)
	at java.base/java.util.stream.ReduceOps$ReduceOp.evaluateSequential(ReduceOps.java:913)
	at java.base/java.util.stream.AbstractPipeline.evaluate(AbstractPipeline.java:234)
	at java.base/java.util.stream.ReferencePipeline.collect(ReferencePipeline.java:578)
	at de.uka.ilkd.key.nparser.builder.AbstractBuilder.mapOf(AbstractBuilder.java:112)
	at de.uka.ilkd.key.nparser.builder.IncludeFinder.visitOne_include_statement(IncludeFinder.java:35)
	at de.uka.ilkd.key.nparser.builder.IncludeFinder.visitOne_include_statement(IncludeFinder.java:20)
	at de.uka.ilkd.key.nparser.KeYParser$One_include_statementContext.accept(KeYParser.java:802)
	at org.antlr.v4.runtime.tree.AbstractParseTreeVisitor.visitChildren(AbstractParseTreeVisitor.java:46)
	at de.uka.ilkd.key.nparser.KeYParserBaseVisitor.visitDecls(KeYParserBaseVisitor.java:30)
	at de.uka.ilkd.key.nparser.KeYParser$DeclsContext.accept(KeYParser.java:500)
	at org.antlr.v4.runtime.tree.AbstractParseTreeVisitor.visitChildren(AbstractParseTreeVisitor.java:46)
	at de.uka.ilkd.key.nparser.KeYParserBaseVisitor.visitFile(KeYParserBaseVisitor.java:23)
	at de.uka.ilkd.key.nparser.KeYParser$FileContext.accept(KeYParser.java:306)
	at de.uka.ilkd.key.nparser.KeyAst.accept(KeyAst.java:41)
	at de.uka.ilkd.key.nparser.KeyAst$File.getIncludes(KeyAst.java:76)
	at de.uka.ilkd.key.proof.io.KeYFile.readIncludes(KeYFile.java:208)
	... 14 more
Could not find rule file rules/intRulesCheckedSemantics.key (file: /home/runner/work/key/key/key.core/../key.ui/examples/index/.././heap/SmansEtAl/Stack_Stack.key; caused by: de.uka.ilkd.key.proof.init.ProofInputException: Could not find rule file rules/intRulesCheckedSemantics.key)
	at de.uka.ilkd.key.control.AbstractUserInterfaceControl.load(AbstractUserInterfaceControl.java:221)
	at de.uka.ilkd.key.control.KeYEnvironment.load(KeYEnvironment.java:251)
	at de.uka.ilkd.key.control.KeYEnvironment.load(KeYEnvironment.java:224)
	at de.uka.ilkd.key.control.KeYEnvironment.load(KeYEnvironment.java:184)
	at de.uka.ilkd.key.control.KeYEnvironment.load(KeYEnvironment.java:261)
	at de.uka.ilkd.key.proof.runallproofs.proofcollection.TestFile.load(TestFile.java:270)
	at de.uka.ilkd.key.proof.runallproofs.proofcollection.TestFile.runKey(TestFile.java:160)
	at de.uka.ilkd.key.proof.runallproofs.proofcollection.ForkedTestFileRunner.main(ForkedTestFileRunner.java:171)
Caused by: de.uka.ilkd.key.proof.init.ProofInputException: Could not find rule file rules/intRulesCheckedSemantics.key
	at de.uka.ilkd.key.proof.io.KeYFile.readIncludes(KeYFile.java:210)
	at de.uka.ilkd.key.proof.init.ProblemInitializer.readIncludes(ProblemInitializer.java:177)
	at de.uka.ilkd.key.proof.init.ProblemInitializer.readEnvInput(ProblemInitializer.java:325)
	at de.uka.ilkd.key.proof.init.ProblemInitializer.prepare(ProblemInitializer.java:449)
	at de.uka.ilkd.key.proof.io.AbstractProblemLoader.createInitConfig(AbstractProblemLoader.java:518)
	at de.uka.ilkd.key.proof.io.AbstractProblemLoader.loadEnvironment(AbstractProblemLoader.java:288)
	at de.uka.ilkd.key.proof.io.AbstractProblemLoader.load(AbstractProblemLoader.java:252)
	at de.uka.ilkd.key.control.AbstractUserInterfaceControl.load(AbstractUserInterfaceControl.java:209)
	... 7 more
Caused by: java.lang.RuntimeException: Could not find rule file rules/intRulesCheckedSemantics.key
	at de.uka.ilkd.key.proof.io.RuleSourceFactory.fromBuiltInRule(RuleSourceFactory.java:32)
	at de.uka.ilkd.key.proof.io.RuleSourceFactory.fromDefaultLocation(RuleSourceFactory.java:21)
	at de.uka.ilkd.key.nparser.builder.IncludeFinder.addInclude(IncludeFinder.java:63)
	at de.uka.ilkd.key.nparser.builder.IncludeFinder.visitOne_include(IncludeFinder.java:43)
	at de.uka.ilkd.key.nparser.builder.IncludeFinder.visitOne_include(IncludeFinder.java:20)
	at de.uka.ilkd.key.nparser.KeYParser$One_includeContext.accept(KeYParser.java:878)
	at de.uka.ilkd.key.nparser.builder.AbstractBuilder.lambda$mapOf$0(AbstractBuilder.java:112)
	at java.base/java.util.stream.ReferencePipeline$3$1.accept(ReferencePipeline.java:195)
	at java.base/java.util.ArrayList$ArrayListSpliterator.forEachRemaining(ArrayList.java:1655)
	at java.base/java.util.stream.AbstractPipeline.copyInto(AbstractPipeline.java:484)
	at java.base/java.util.stream.AbstractPipeline.wrapAndCopyInto(AbstractPipeline.java:474)
	at java.base/java.util.stream.ReduceOps$ReduceOp.evaluateSequential(ReduceOps.java:913)
	at java.base/java.util.stream.AbstractPipeline.evaluate(AbstractPipeline.java:234)
	at java.base/java.util.stream.ReferencePipeline.collect(ReferencePipeline.java:578)
	at de.uka.ilkd.key.nparser.builder.AbstractBuilder.mapOf(AbstractBuilder.java:112)
	at de.uka.ilkd.key.nparser.builder.IncludeFinder.visitOne_include_statement(IncludeFinder.java:35)
	at de.uka.ilkd.key.nparser.builder.IncludeFinder.visitOne_include_statement(IncludeFinder.java:20)
	at de.uka.ilkd.key.nparser.KeYParser$One_include_statementContext.accept(KeYParser.java:802)
	at org.antlr.v4.runtime.tree.AbstractParseTreeVisitor.visitChildren(AbstractParseTreeVisitor.java:46)
	at de.uka.ilkd.key.nparser.KeYParserBaseVisitor.visitDecls(KeYParserBaseVisitor.java:30)
	at de.uka.ilkd.key.nparser.KeYParser$DeclsContext.accept(KeYParser.java:500)
	at org.antlr.v4.runtime.tree.AbstractParseTreeVisitor.visitChildren(AbstractParseTreeVisitor.java:46)
	at de.uka.ilkd.key.nparser.KeYParserBaseVisitor.visitFile(KeYParserBaseVisitor.java:23)
	at de.uka.ilkd.key.nparser.KeYParser$FileContext.accept(KeYParser.java:306)
	at de.uka.ilkd.key.nparser.KeyAst.accept(KeyAst.java:41)
	at de.uka.ilkd.key.nparser.KeyAst$File.getIncludes(KeyAst.java:76)
	at de.uka.ilkd.key.proof.io.KeYFile.readIncludes(KeYFile.java:208)
	... 14 more
Could not find rule file rules/intRulesCheckedSemantics.key (file: /home/runner/work/key/key/key.core/../key.ui/examples/index/.././heap/SmansEtAl/Stack_switchContents.key; caused by: de.uka.ilkd.key.proof.init.ProofInputException: Could not find rule file rules/intRulesCheckedSemantics.key)
	at de.uka.ilkd.key.control.AbstractUserInterfaceControl.load(AbstractUserInterfaceControl.java:221)
	at de.uka.ilkd.key.control.KeYEnvironment.load(KeYEnvironment.java:251)
	at de.uka.ilkd.key.control.KeYEnvironment.load(KeYEnvironment.java:224)
	at de.uka.ilkd.key.control.KeYEnvironment.load(KeYEnvironment.java:184)
	at de.uka.ilkd.key.control.KeYEnvironment.load(KeYEnvironment.java:261)
	at de.uka.ilkd.key.proof.runallproofs.proofcollection.TestFile.load(TestFile.java:270)
	at de.uka.ilkd.key.proof.runallproofs.proofcollection.TestFile.runKey(TestFile.java:160)
	at de.uka.ilkd.key.proof.runallproofs.proofcollection.ForkedTestFileRunner.main(ForkedTestFileRunner.java:171)
Caused by: de.uka.ilkd.key.proof.init.ProofInputException: Could not find rule file rules/intRulesCheckedSemantics.key
	at de.uka.ilkd.key.proof.io.KeYFile.readIncludes(KeYFile.java:210)
	at de.uka.ilkd.key.proof.init.ProblemInitializer.readIncludes(ProblemInitializer.java:177)
	at de.uka.ilkd.key.proof.init.ProblemInitializer.readEnvInput(ProblemInitializer.java:325)
	at de.uka.ilkd.key.proof.init.ProblemInitializer.prepare(ProblemInitializer.java:449)
	at de.uka.ilkd.key.proof.io.AbstractProblemLoader.createInitConfig(AbstractProblemLoader.java:518)
	at de.uka.ilkd.key.proof.io.AbstractProblemLoader.loadEnvironment(AbstractProblemLoader.java:288)
	at de.uka.ilkd.key.proof.io.AbstractProblemLoader.load(AbstractProblemLoader.java:252)
	at de.uka.ilkd.key.control.AbstractUserInterfaceControl.load(AbstractUserInterfaceControl.java:209)
	... 7 more
Caused by: java.lang.RuntimeException: Could not find rule file rules/intRulesCheckedSemantics.key
	at de.uka.ilkd.key.proof.io.RuleSourceFactory.fromBuiltInRule(RuleSourceFactory.java:32)
	at de.uka.ilkd.key.proof.io.RuleSourceFactory.fromDefaultLocation(RuleSourceFactory.java:21)
	at de.uka.ilkd.key.nparser.builder.IncludeFinder.addInclude(IncludeFinder.java:63)
	at de.uka.ilkd.key.nparser.builder.IncludeFinder.visitOne_include(IncludeFinder.java:43)
	at de.uka.ilkd.key.nparser.builder.IncludeFinder.visitOne_include(IncludeFinder.java:20)
	at de.uka.ilkd.key.nparser.KeYParser$One_includeContext.accept(KeYParser.java:878)
	at de.uka.ilkd.key.nparser.builder.AbstractBuilder.lambda$mapOf$0(AbstractBuilder.java:112)
	at java.base/java.util.stream.ReferencePipeline$3$1.accept(ReferencePipeline.java:195)
	at java.base/java.util.ArrayList$ArrayListSpliterator.forEachRemaining(ArrayList.java:1655)
	at java.base/java.util.stream.AbstractPipeline.copyInto(AbstractPipeline.java:484)
	at java.base/java.util.stream.AbstractPipeline.wrapAndCopyInto(AbstractPipeline.java:474)
	at java.base/java.util.stream.ReduceOps$ReduceOp.evaluateSequential(ReduceOps.java:913)
	at java.base/java.util.stream.AbstractPipeline.evaluate(AbstractPipeline.java:234)
	at java.base/java.util.stream.ReferencePipeline.collect(ReferencePipeline.java:578)
	at de.uka.ilkd.key.nparser.builder.AbstractBuilder.mapOf(AbstractBuilder.java:112)
	at de.uka.ilkd.key.nparser.builder.IncludeFinder.visitOne_include_statement(IncludeFinder.java:35)
	at de.uka.ilkd.key.nparser.builder.IncludeFinder.visitOne_include_statement(IncludeFinder.java:20)
	at de.uka.ilkd.key.nparser.KeYParser$One_include_statementContext.accept(KeYParser.java:802)
	at org.antlr.v4.runtime.tree.AbstractParseTreeVisitor.visitChildren(AbstractParseTreeVisitor.java:46)
	at de.uka.ilkd.key.nparser.KeYParserBaseVisitor.visitDecls(KeYParserBaseVisitor.java:30)
	at de.uka.ilkd.key.nparser.KeYParser$DeclsContext.accept(KeYParser.java:500)
	at org.antlr.v4.runtime.tree.AbstractParseTreeVisitor.visitChildren(AbstractParseTreeVisitor.java:46)
	at de.uka.ilkd.key.nparser.KeYParserBaseVisitor.visitFile(KeYParserBaseVisitor.java:23)
	at de.uka.ilkd.key.nparser.KeYParser$FileContext.accept(KeYParser.java:306)
	at de.uka.ilkd.key.nparser.KeyAst.accept(KeyAst.java:41)
	at de.uka.ilkd.key.nparser.KeyAst$File.getIncludes(KeyAst.java:76)
	at de.uka.ilkd.key.proof.io.KeYFile.readIncludes(KeYFile.java:208)
	... 14 more
Exception in thread "main" org.opentest4j.AssertionFailedError: Exception during the execution of proofs. See log for more details.
	at org.junit.jupiter.api.AssertionUtils.fail(AssertionUtils.java:39)
	at org.junit.jupiter.api.Assertions.fail(Assertions.java:134)
	at de.uka.ilkd.key.proof.runallproofs.proofcollection.ForkedTestFileRunner.main(ForkedTestFileRunner.java:192)
Timeout watcher launched (2000 secs.)
Could not find rule file rules/intRulesCheckedSemantics.key (file: /home/runner/work/key/key/key.core/../key.ui/examples/index/.././heap/vacid0_01_SparseArray/Harness_sparseArrayTestHarness1.key; caused by: de.uka.ilkd.key.proof.init.ProofInputException: Could not find rule file rules/intRulesCheckedSemantics.key)
	at de.uka.ilkd.key.control.AbstractUserInterfaceControl.load(AbstractUserInterfaceControl.java:221)
	at de.uka.ilkd.key.control.KeYEnvironment.load(KeYEnvironment.java:251)
	at de.uka.ilkd.key.control.KeYEnvironment.load(KeYEnvironment.java:224)
	at de.uka.ilkd.key.control.KeYEnvironment.load(KeYEnvironment.java:184)
	at de.uka.ilkd.key.control.KeYEnvironment.load(KeYEnvironment.java:261)
	at de.uka.ilkd.key.proof.runallproofs.proofcollection.TestFile.load(TestFile.java:270)
	at de.uka.ilkd.key.proof.runallproofs.proofcollection.TestFile.runKey(TestFile.java:160)
	at de.uka.ilkd.key.proof.runallproofs.proofcollection.ForkedTestFileRunner.main(ForkedTestFileRunner.java:171)
Caused by: de.uka.ilkd.key.proof.init.ProofInputException: Could not find rule file rules/intRulesCheckedSemantics.key
	at de.uka.ilkd.key.proof.io.KeYFile.readIncludes(KeYFile.java:210)
	at de.uka.ilkd.key.proof.init.ProblemInitializer.readIncludes(ProblemInitializer.java:177)
	at de.uka.ilkd.key.proof.init.ProblemInitializer.readEnvInput(ProblemInitializer.java:325)
	at de.uka.ilkd.key.proof.init.ProblemInitializer.prepare(ProblemInitializer.java:449)
	at de.uka.ilkd.key.proof.io.AbstractProblemLoader.createInitConfig(AbstractProblemLoader.java:518)
	at de.uka.ilkd.key.proof.io.AbstractProblemLoader.loadEnvironment(AbstractProblemLoader.java:288)
	at de.uka.ilkd.key.proof.io.AbstractProblemLoader.load(AbstractProblemLoader.java:252)
	at de.uka.ilkd.key.control.AbstractUserInterfaceControl.load(AbstractUserInterfaceControl.java:209)
	... 7 more
Caused by: java.lang.RuntimeException: Could not find rule file rules/intRulesCheckedSemantics.key
	at de.uka.ilkd.key.proof.io.RuleSourceFactory.fromBuiltInRule(RuleSourceFactory.java:32)
	at de.uka.ilkd.key.proof.io.RuleSourceFactory.fromDefaultLocation(RuleSourceFactory.java:21)
	at de.uka.ilkd.key.nparser.builder.IncludeFinder.addInclude(IncludeFinder.java:63)
	at de.uka.ilkd.key.nparser.builder.IncludeFinder.visitOne_include(IncludeFinder.java:43)
	at de.uka.ilkd.key.nparser.builder.IncludeFinder.visitOne_include(IncludeFinder.java:20)
	at de.uka.ilkd.key.nparser.KeYParser$One_includeContext.accept(KeYParser.java:878)
	at de.uka.ilkd.key.nparser.builder.AbstractBuilder.lambda$mapOf$0(AbstractBuilder.java:112)
	at java.base/java.util.stream.ReferencePipeline$3$1.accept(ReferencePipeline.java:195)
	at java.base/java.util.ArrayList$ArrayListSpliterator.forEachRemaining(ArrayList.java:1655)
	at java.base/java.util.stream.AbstractPipeline.copyInto(AbstractPipeline.java:484)
	at java.base/java.util.stream.AbstractPipeline.wrapAndCopyInto(AbstractPipeline.java:474)
	at java.base/java.util.stream.ReduceOps$ReduceOp.evaluateSequential(ReduceOps.java:913)
	at java.base/java.util.stream.AbstractPipeline.evaluate(AbstractPipeline.java:234)
	at java.base/java.util.stream.ReferencePipeline.collect(ReferencePipeline.java:578)
	at de.uka.ilkd.key.nparser.builder.AbstractBuilder.mapOf(AbstractBuilder.java:112)
	at de.uka.ilkd.key.nparser.builder.IncludeFinder.visitOne_include_statement(IncludeFinder.java:35)
	at de.uka.ilkd.key.nparser.builder.IncludeFinder.visitOne_include_statement(IncludeFinder.java:20)
	at de.uka.ilkd.key.nparser.KeYParser$One_include_statementContext.accept(KeYParser.java:802)
	at org.antlr.v4.runtime.tree.AbstractParseTreeVisitor.visitChildren(AbstractParseTreeVisitor.java:46)
	at de.uka.ilkd.key.nparser.KeYParserBaseVisitor.visitDecls(KeYParserBaseVisitor.java:30)
	at de.uka.ilkd.key.nparser.KeYParser$DeclsContext.accept(KeYParser.java:500)
	at org.antlr.v4.runtime.tree.AbstractParseTreeVisitor.visitChildren(AbstractParseTreeVisitor.java:46)
	at de.uka.ilkd.key.nparser.KeYParserBaseVisitor.visitFile(KeYParserBaseVisitor.java:23)
	at de.uka.ilkd.key.nparser.KeYParser$FileContext.accept(KeYParser.java:306)
	at de.uka.ilkd.key.nparser.KeyAst.accept(KeyAst.java:41)
	at de.uka.ilkd.key.nparser.KeyAst$File.getIncludes(KeyAst.java:76)
	at de.uka.ilkd.key.proof.io.KeYFile.readIncludes(KeYFile.java:208)
	... 14 more
Could not find rule file rules/intRulesCheckedSemantics.key (file: /home/runner/work/key/key/key.core/../key.ui/examples/index/.././heap/vacid0_01_SparseArray/Harness_sparseArrayTestHarness2.key; caused by: de.uka.ilkd.key.proof.init.ProofInputException: Could not find rule file rules/intRulesCheckedSemantics.key)
	at de.uka.ilkd.key.control.AbstractUserInterfaceControl.load(AbstractUserInterfaceControl.java:221)
	at de.uka.ilkd.key.control.KeYEnvironment.load(KeYEnvironment.java:251)
	at de.uka.ilkd.key.control.KeYEnvironment.load(KeYEnvironment.java:224)
	at de.uka.ilkd.key.control.KeYEnvironment.load(KeYEnvironment.java:184)
	at de.uka.ilkd.key.control.KeYEnvironment.load(KeYEnvironment.java:261)
	at de.uka.ilkd.key.proof.runallproofs.proofcollection.TestFile.load(TestFile.java:270)
	at de.uka.ilkd.key.proof.runallproofs.proofcollection.TestFile.runKey(TestFile.java:160)
	at de.uka.ilkd.key.proof.runallproofs.proofcollection.ForkedTestFileRunner.main(ForkedTestFileRunner.java:171)
Caused by: de.uka.ilkd.key.proof.init.ProofInputException: Could not find rule file rules/intRulesCheckedSemantics.key
	at de.uka.ilkd.key.proof.io.KeYFile.readIncludes(KeYFile.java:210)
	at de.uka.ilkd.key.proof.init.ProblemInitializer.readIncludes(ProblemInitializer.java:177)
	at de.uka.ilkd.key.proof.init.ProblemInitializer.readEnvInput(ProblemInitializer.java:325)
	at de.uka.ilkd.key.proof.init.ProblemInitializer.prepare(ProblemInitializer.java:449)
	at de.uka.ilkd.key.proof.io.AbstractProblemLoader.createInitConfig(AbstractProblemLoader.java:518)
	at de.uka.ilkd.key.proof.io.AbstractProblemLoader.loadEnvironment(AbstractProblemLoader.java:288)
	at de.uka.ilkd.key.proof.io.AbstractProblemLoader.load(AbstractProblemLoader.java:252)
	at de.uka.ilkd.key.control.AbstractUserInterfaceControl.load(AbstractUserInterfaceControl.java:209)
	... 7 more
Caused by: java.lang.RuntimeException: Could not find rule file rules/intRulesCheckedSemantics.key
	at de.uka.ilkd.key.proof.io.RuleSourceFactory.fromBuiltInRule(RuleSourceFactory.java:32)
	at de.uka.ilkd.key.proof.io.RuleSourceFactory.fromDefaultLocation(RuleSourceFactory.java:21)
	at de.uka.ilkd.key.nparser.builder.IncludeFinder.addInclude(IncludeFinder.java:63)
	at de.uka.ilkd.key.nparser.builder.IncludeFinder.visitOne_include(IncludeFinder.java:43)
	at de.uka.ilkd.key.nparser.builder.IncludeFinder.visitOne_include(IncludeFinder.java:20)
	at de.uka.ilkd.key.nparser.KeYParser$One_includeContext.accept(KeYParser.java:878)
	at de.uka.ilkd.key.nparser.builder.AbstractBuilder.lambda$mapOf$0(AbstractBuilder.java:112)
	at java.base/java.util.stream.ReferencePipeline$3$1.accept(ReferencePipeline.java:195)
	at java.base/java.util.ArrayList$ArrayListSpliterator.forEachRemaining(ArrayList.java:1655)
	at java.base/java.util.stream.AbstractPipeline.copyInto(AbstractPipeline.java:484)
	at java.base/java.util.stream.AbstractPipeline.wrapAndCopyInto(AbstractPipeline.java:474)
	at java.base/java.util.stream.ReduceOps$ReduceOp.evaluateSequential(ReduceOps.java:913)
	at java.base/java.util.stream.AbstractPipeline.evaluate(AbstractPipeline.java:234)
	at java.base/java.util.stream.ReferencePipeline.collect(ReferencePipeline.java:578)
	at de.uka.ilkd.key.nparser.builder.AbstractBuilder.mapOf(AbstractBuilder.java:112)
	at de.uka.ilkd.key.nparser.builder.IncludeFinder.visitOne_include_statement(IncludeFinder.java:35)
	at de.uka.ilkd.key.nparser.builder.IncludeFinder.visitOne_include_statement(IncludeFinder.java:20)
	at de.uka.ilkd.key.nparser.KeYParser$One_include_statementContext.accept(KeYParser.java:802)
	at org.antlr.v4.runtime.tree.AbstractParseTreeVisitor.visitChildren(AbstractParseTreeVisitor.java:46)
	at de.uka.ilkd.key.nparser.KeYParserBaseVisitor.visitDecls(KeYParserBaseVisitor.java:30)
	at de.uka.ilkd.key.nparser.KeYParser$DeclsContext.accept(KeYParser.java:500)
	at org.antlr.v4.runtime.tree.AbstractParseTreeVisitor.visitChildren(AbstractParseTreeVisitor.java:46)
	at de.uka.ilkd.key.nparser.KeYParserBaseVisitor.visitFile(KeYParserBaseVisitor.java:23)
	at de.uka.ilkd.key.nparser.KeYParser$FileContext.accept(KeYParser.java:306)
	at de.uka.ilkd.key.nparser.KeyAst.accept(KeyAst.java:41)
	at de.uka.ilkd.key.nparser.KeyAst$File.getIncludes(KeyAst.java:76)
	at de.uka.ilkd.key.proof.io.KeYFile.readIncludes(KeYFile.java:208)
	... 14 more
Could not find rule file rules/intRulesCheckedSemantics.key (file: /home/runner/work/key/key/key.core/../key.ui/examples/index/.././heap/vacid0_01_SparseArray/MemoryAllocator_alloc_unsigned.key; caused by: de.uka.ilkd.key.proof.init.ProofInputException: Could not find rule file rules/intRulesCheckedSemantics.key)
	at de.uka.ilkd.key.control.AbstractUserInterfaceControl.load(AbstractUserInterfaceControl.java:221)
	at de.uka.ilkd.key.control.KeYEnvironment.load(KeYEnvironment.java:251)
	at de.uka.ilkd.key.control.KeYEnvironment.load(KeYEnvironment.java:224)
	at de.uka.ilkd.key.control.KeYEnvironment.load(KeYEnvironment.java:184)
	at de.uka.ilkd.key.control.KeYEnvironment.load(KeYEnvironment.java:261)
	at de.uka.ilkd.key.proof.runallproofs.proofcollection.TestFile.load(TestFile.java:270)
	at de.uka.ilkd.key.proof.runallproofs.proofcollection.TestFile.runKey(TestFile.java:160)
	at de.uka.ilkd.key.proof.runallproofs.proofcollection.ForkedTestFileRunner.main(ForkedTestFileRunner.java:171)
Caused by: de.uka.ilkd.key.proof.init.ProofInputException: Could not find rule file rules/intRulesCheckedSemantics.key
	at de.uka.ilkd.key.proof.io.KeYFile.readIncludes(KeYFile.java:210)
	at de.uka.ilkd.key.proof.init.ProblemInitializer.readIncludes(ProblemInitializer.java:177)
	at de.uka.ilkd.key.proof.init.ProblemInitializer.readEnvInput(ProblemInitializer.java:325)
	at de.uka.ilkd.key.proof.init.ProblemInitializer.prepare(ProblemInitializer.java:449)
	at de.uka.ilkd.key.proof.io.AbstractProblemLoader.createInitConfig(AbstractProblemLoader.java:518)
	at de.uka.ilkd.key.proof.io.AbstractProblemLoader.loadEnvironment(AbstractProblemLoader.java:288)
	at de.uka.ilkd.key.proof.io.AbstractProblemLoader.load(AbstractProblemLoader.java:252)
	at de.uka.ilkd.key.control.AbstractUserInterfaceControl.load(AbstractUserInterfaceControl.java:209)
	... 7 more
Caused by: java.lang.RuntimeException: Could not find rule file rules/intRulesCheckedSemantics.key
	at de.uka.ilkd.key.proof.io.RuleSourceFactory.fromBuiltInRule(RuleSourceFactory.java:32)
	at de.uka.ilkd.key.proof.io.RuleSourceFactory.fromDefaultLocation(RuleSourceFactory.java:21)
	at de.uka.ilkd.key.nparser.builder.IncludeFinder.addInclude(IncludeFinder.java:63)
	at de.uka.ilkd.key.nparser.builder.IncludeFinder.visitOne_include(IncludeFinder.java:43)
	at de.uka.ilkd.key.nparser.builder.IncludeFinder.visitOne_include(IncludeFinder.java:20)
	at de.uka.ilkd.key.nparser.KeYParser$One_includeContext.accept(KeYParser.java:878)
	at de.uka.ilkd.key.nparser.builder.AbstractBuilder.lambda$mapOf$0(AbstractBuilder.java:112)
	at java.base/java.util.stream.ReferencePipeline$3$1.accept(ReferencePipeline.java:195)
	at java.base/java.util.ArrayList$ArrayListSpliterator.forEachRemaining(ArrayList.java:1655)
	at java.base/java.util.stream.AbstractPipeline.copyInto(AbstractPipeline.java:484)
	at java.base/java.util.stream.AbstractPipeline.wrapAndCopyInto(AbstractPipeline.java:474)
	at java.base/java.util.stream.ReduceOps$ReduceOp.evaluateSequential(ReduceOps.java:913)
	at java.base/java.util.stream.AbstractPipeline.evaluate(AbstractPipeline.java:234)
	at java.base/java.util.stream.ReferencePipeline.collect(ReferencePipeline.java:578)
	at de.uka.ilkd.key.nparser.builder.AbstractBuilder.mapOf(AbstractBuilder.java:112)
	at de.uka.ilkd.key.nparser.builder.IncludeFinder.visitOne_include_statement(IncludeFinder.java:35)
	at de.uka.ilkd.key.nparser.builder.IncludeFinder.visitOne_include_statement(IncludeFinder.java:20)
	at de.uka.ilkd.key.nparser.KeYParser$One_include_statementContext.accept(KeYParser.java:802)
	at org.antlr.v4.runtime.tree.AbstractParseTreeVisitor.visitChildren(AbstractParseTreeVisitor.java:46)
	at de.uka.ilkd.key.nparser.KeYParserBaseVisitor.visitDecls(KeYParserBaseVisitor.java:30)
	at de.uka.ilkd.key.nparser.KeYParser$DeclsContext.accept(KeYParser.java:500)
	at org.antlr.v4.runtime.tree.AbstractParseTreeVisitor.visitChildren(AbstractParseTreeVisitor.java:46)
	at de.uka.ilkd.key.nparser.KeYParserBaseVisitor.visitFile(KeYParserBaseVisitor.java:23)
	at de.uka.ilkd.key.nparser.KeYParser$FileContext.accept(KeYParser.java:306)
	at de.uka.ilkd.key.nparser.KeyAst.accept(KeyAst.java:41)
	at de.uka.ilkd.key.nparser.KeyAst$File.getIncludes(KeyAst.java:76)
	at de.uka.ilkd.key.proof.io.KeYFile.readIncludes(KeYFile.java:208)
	... 14 more
Could not find rule file rules/intRulesCheckedSemantics.key (file: /home/runner/work/key/key/key.core/../key.ui/examples/index/.././heap/vacid0_01_SparseArray/MemoryAllocator_alloc.key; caused by: de.uka.ilkd.key.proof.init.ProofInputException: Could not find rule file rules/intRulesCheckedSemantics.key)
	at de.uka.ilkd.key.control.AbstractUserInterfaceControl.load(AbstractUserInterfaceControl.java:221)
	at de.uka.ilkd.key.control.KeYEnvironment.load(KeYEnvironment.java:251)
	at de.uka.ilkd.key.control.KeYEnvironment.load(KeYEnvironment.java:224)
	at de.uka.ilkd.key.control.KeYEnvironment.load(KeYEnvironment.java:184)
	at de.uka.ilkd.key.control.KeYEnvironment.load(KeYEnvironment.java:261)
	at de.uka.ilkd.key.proof.runallproofs.proofcollection.TestFile.load(TestFile.java:270)
	at de.uka.ilkd.key.proof.runallproofs.proofcollection.TestFile.runKey(TestFile.java:160)
	at de.uka.ilkd.key.proof.runallproofs.proofcollection.ForkedTestFileRunner.main(ForkedTestFileRunner.java:171)
Caused by: de.uka.ilkd.key.proof.init.ProofInputException: Could not find rule file rules/intRulesCheckedSemantics.key
	at de.uka.ilkd.key.proof.io.KeYFile.readIncludes(KeYFile.java:210)
	at de.uka.ilkd.key.proof.init.ProblemInitializer.readIncludes(ProblemInitializer.java:177)
	at de.uka.ilkd.key.proof.init.ProblemInitializer.readEnvInput(ProblemInitializer.java:325)
	at de.uka.ilkd.key.proof.init.ProblemInitializer.prepare(ProblemInitializer.java:449)
	at de.uka.ilkd.key.proof.io.AbstractProblemLoader.createInitConfig(AbstractProblemLoader.java:518)
	at de.uka.ilkd.key.proof.io.AbstractProblemLoader.loadEnvironment(AbstractProblemLoader.java:288)
	at de.uka.ilkd.key.proof.io.AbstractProblemLoader.load(AbstractProblemLoader.java:252)
	at de.uka.ilkd.key.control.AbstractUserInterfaceControl.load(AbstractUserInterfaceControl.java:209)
	... 7 more
Caused by: java.lang.RuntimeException: Could not find rule file rules/intRulesCheckedSemantics.key
	at de.uka.ilkd.key.proof.io.RuleSourceFactory.fromBuiltInRule(RuleSourceFactory.java:32)
	at de.uka.ilkd.key.proof.io.RuleSourceFactory.fromDefaultLocation(RuleSourceFactory.java:21)
	at de.uka.ilkd.key.nparser.builder.IncludeFinder.addInclude(IncludeFinder.java:63)
	at de.uka.ilkd.key.nparser.builder.IncludeFinder.visitOne_include(IncludeFinder.java:43)
	at de.uka.ilkd.key.nparser.builder.IncludeFinder.visitOne_include(IncludeFinder.java:20)
	at de.uka.ilkd.key.nparser.KeYParser$One_includeContext.accept(KeYParser.java:878)
	at de.uka.ilkd.key.nparser.builder.AbstractBuilder.lambda$mapOf$0(AbstractBuilder.java:112)
	at java.base/java.util.stream.ReferencePipeline$3$1.accept(ReferencePipeline.java:195)
	at java.base/java.util.ArrayList$ArrayListSpliterator.forEachRemaining(ArrayList.java:1655)
	at java.base/java.util.stream.AbstractPipeline.copyInto(AbstractPipeline.java:484)
	at java.base/java.util.stream.AbstractPipeline.wrapAndCopyInto(AbstractPipeline.java:474)
	at java.base/java.util.stream.ReduceOps$ReduceOp.evaluateSequential(ReduceOps.java:913)
	at java.base/java.util.stream.AbstractPipeline.evaluate(AbstractPipeline.java:234)
	at java.base/java.util.stream.ReferencePipeline.collect(ReferencePipeline.java:578)
	at de.uka.ilkd.key.nparser.builder.AbstractBuilder.mapOf(AbstractBuilder.java:112)
	at de.uka.ilkd.key.nparser.builder.IncludeFinder.visitOne_include_statement(IncludeFinder.java:35)
	at de.uka.ilkd.key.nparser.builder.IncludeFinder.visitOne_include_statement(IncludeFinder.java:20)
	at de.uka.ilkd.key.nparser.KeYParser$One_include_statementContext.accept(KeYParser.java:802)
	at org.antlr.v4.runtime.tree.AbstractParseTreeVisitor.visitChildren(AbstractParseTreeVisitor.java:46)
	at de.uka.ilkd.key.nparser.KeYParserBaseVisitor.visitDecls(KeYParserBaseVisitor.java:30)
	at de.uka.ilkd.key.nparser.KeYParser$DeclsContext.accept(KeYParser.java:500)
	at org.antlr.v4.runtime.tree.AbstractParseTreeVisitor.visitChildren(AbstractParseTreeVisitor.java:46)
	at de.uka.ilkd.key.nparser.KeYParserBaseVisitor.visitFile(KeYParserBaseVisitor.java:23)
	at de.uka.ilkd.key.nparser.KeYParser$FileContext.accept(KeYParser.java:306)
	at de.uka.ilkd.key.nparser.KeyAst.accept(KeyAst.java:41)
	at de.uka.ilkd.key.nparser.KeyAst$File.getIncludes(KeyAst.java:76)
	at de.uka.ilkd.key.proof.io.KeYFile.readIncludes(KeYFile.java:208)
	... 14 more
Could not find rule file rules/intRulesCheckedSemantics.key (file: /home/runner/work/key/key/key.core/../key.ui/examples/index/.././heap/vacid0_01_SparseArray/SparseArray_get_dep.key; caused by: de.uka.ilkd.key.proof.init.ProofInputException: Could not find rule file rules/intRulesCheckedSemantics.key)
	at de.uka.ilkd.key.control.AbstractUserInterfaceControl.load(AbstractUserInterfaceControl.java:221)
	at de.uka.ilkd.key.control.KeYEnvironment.load(KeYEnvironment.java:251)
	at de.uka.ilkd.key.control.KeYEnvironment.load(KeYEnvironment.java:224)
	at de.uka.ilkd.key.control.KeYEnvironment.load(KeYEnvironment.java:184)
	at de.uka.ilkd.key.control.KeYEnvironment.load(KeYEnvironment.java:261)
	at de.uka.ilkd.key.proof.runallproofs.proofcollection.TestFile.load(TestFile.java:270)
	at de.uka.ilkd.key.proof.runallproofs.proofcollection.TestFile.runKey(TestFile.java:160)
	at de.uka.ilkd.key.proof.runallproofs.proofcollection.ForkedTestFileRunner.main(ForkedTestFileRunner.java:171)
Caused by: de.uka.ilkd.key.proof.init.ProofInputException: Could not find rule file rules/intRulesCheckedSemantics.key
	at de.uka.ilkd.key.proof.io.KeYFile.readIncludes(KeYFile.java:210)
	at de.uka.ilkd.key.proof.init.ProblemInitializer.readIncludes(ProblemInitializer.java:177)
	at de.uka.ilkd.key.proof.init.ProblemInitializer.readEnvInput(ProblemInitializer.java:325)
	at de.uka.ilkd.key.proof.init.ProblemInitializer.prepare(ProblemInitializer.java:449)
	at de.uka.ilkd.key.proof.io.AbstractProblemLoader.createInitConfig(AbstractProblemLoader.java:518)
	at de.uka.ilkd.key.proof.io.AbstractProblemLoader.loadEnvironment(AbstractProblemLoader.java:288)
	at de.uka.ilkd.key.proof.io.AbstractProblemLoader.load(AbstractProblemLoader.java:252)
	at de.uka.ilkd.key.control.AbstractUserInterfaceControl.load(AbstractUserInterfaceControl.java:209)
	... 7 more
Caused by: java.lang.RuntimeException: Could not find rule file rules/intRulesCheckedSemantics.key
	at de.uka.ilkd.key.proof.io.RuleSourceFactory.fromBuiltInRule(RuleSourceFactory.java:32)
	at de.uka.ilkd.key.proof.io.RuleSourceFactory.fromDefaultLocation(RuleSourceFactory.java:21)
	at de.uka.ilkd.key.nparser.builder.IncludeFinder.addInclude(IncludeFinder.java:63)
	at de.uka.ilkd.key.nparser.builder.IncludeFinder.visitOne_include(IncludeFinder.java:43)
	at de.uka.ilkd.key.nparser.builder.IncludeFinder.visitOne_include(IncludeFinder.java:20)
	at de.uka.ilkd.key.nparser.KeYParser$One_includeContext.accept(KeYParser.java:878)
	at de.uka.ilkd.key.nparser.builder.AbstractBuilder.lambda$mapOf$0(AbstractBuilder.java:112)
	at java.base/java.util.stream.ReferencePipeline$3$1.accept(ReferencePipeline.java:195)
	at java.base/java.util.ArrayList$ArrayListSpliterator.forEachRemaining(ArrayList.java:1655)
	at java.base/java.util.stream.AbstractPipeline.copyInto(AbstractPipeline.java:484)
	at java.base/java.util.stream.AbstractPipeline.wrapAndCopyInto(AbstractPipeline.java:474)
	at java.base/java.util.stream.ReduceOps$ReduceOp.evaluateSequential(ReduceOps.java:913)
	at java.base/java.util.stream.AbstractPipeline.evaluate(AbstractPipeline.java:234)
	at java.base/java.util.stream.ReferencePipeline.collect(ReferencePipeline.java:578)
	at de.uka.ilkd.key.nparser.builder.AbstractBuilder.mapOf(AbstractBuilder.java:112)
	at de.uka.ilkd.key.nparser.builder.IncludeFinder.visitOne_include_statement(IncludeFinder.java:35)
	at de.uka.ilkd.key.nparser.builder.IncludeFinder.visitOne_include_statement(IncludeFinder.java:20)
	at de.uka.ilkd.key.nparser.KeYParser$One_include_statementContext.accept(KeYParser.java:802)
	at org.antlr.v4.runtime.tree.AbstractParseTreeVisitor.visitChildren(AbstractParseTreeVisitor.java:46)
	at de.uka.ilkd.key.nparser.KeYParserBaseVisitor.visitDecls(KeYParserBaseVisitor.java:30)
	at de.uka.ilkd.key.nparser.KeYParser$DeclsContext.accept(KeYParser.java:500)
	at org.antlr.v4.runtime.tree.AbstractParseTreeVisitor.visitChildren(AbstractParseTreeVisitor.java:46)
	at de.uka.ilkd.key.nparser.KeYParserBaseVisitor.visitFile(KeYParserBaseVisitor.java:23)
	at de.uka.ilkd.key.nparser.KeYParser$FileContext.accept(KeYParser.java:306)
	at de.uka.ilkd.key.nparser.KeyAst.accept(KeyAst.java:41)
	at de.uka.ilkd.key.nparser.KeyAst$File.getIncludes(KeyAst.java:76)
	at de.uka.ilkd.key.proof.io.KeYFile.readIncludes(KeYFile.java:208)
	... 14 more
Could not find rule file rules/intRulesCheckedSemantics.key (file: /home/runner/work/key/key/key.core/../key.ui/examples/index/.././heap/vacid0_01_SparseArray/SparseArray_get.key; caused by: de.uka.ilkd.key.proof.init.ProofInputException: Could not find rule file rules/intRulesCheckedSemantics.key)
	at de.uka.ilkd.key.control.AbstractUserInterfaceControl.load(AbstractUserInterfaceControl.java:221)
	at de.uka.ilkd.key.control.KeYEnvironment.load(KeYEnvironment.java:251)
	at de.uka.ilkd.key.control.KeYEnvironment.load(KeYEnvironment.java:224)
	at de.uka.ilkd.key.control.KeYEnvironment.load(KeYEnvironment.java:184)
	at de.uka.ilkd.key.control.KeYEnvironment.load(KeYEnvironment.java:261)
	at de.uka.ilkd.key.proof.runallproofs.proofcollection.TestFile.load(TestFile.java:270)
	at de.uka.ilkd.key.proof.runallproofs.proofcollection.TestFile.runKey(TestFile.java:160)
	at de.uka.ilkd.key.proof.runallproofs.proofcollection.ForkedTestFileRunner.main(ForkedTestFileRunner.java:171)
Caused by: de.uka.ilkd.key.proof.init.ProofInputException: Could not find rule file rules/intRulesCheckedSemantics.key
	at de.uka.ilkd.key.proof.io.KeYFile.readIncludes(KeYFile.java:210)
	at de.uka.ilkd.key.proof.init.ProblemInitializer.readIncludes(ProblemInitializer.java:177)
	at de.uka.ilkd.key.proof.init.ProblemInitializer.readEnvInput(ProblemInitializer.java:325)
	at de.uka.ilkd.key.proof.init.ProblemInitializer.prepare(ProblemInitializer.java:449)
	at de.uka.ilkd.key.proof.io.AbstractProblemLoader.createInitConfig(AbstractProblemLoader.java:518)
	at de.uka.ilkd.key.proof.io.AbstractProblemLoader.loadEnvironment(AbstractProblemLoader.java:288)
	at de.uka.ilkd.key.proof.io.AbstractProblemLoader.load(AbstractProblemLoader.java:252)
	at de.uka.ilkd.key.control.AbstractUserInterfaceControl.load(AbstractUserInterfaceControl.java:209)
	... 7 more
Caused by: java.lang.RuntimeException: Could not find rule file rules/intRulesCheckedSemantics.key
	at de.uka.ilkd.key.proof.io.RuleSourceFactory.fromBuiltInRule(RuleSourceFactory.java:32)
	at de.uka.ilkd.key.proof.io.RuleSourceFactory.fromDefaultLocation(RuleSourceFactory.java:21)
	at de.uka.ilkd.key.nparser.builder.IncludeFinder.addInclude(IncludeFinder.java:63)
	at de.uka.ilkd.key.nparser.builder.IncludeFinder.visitOne_include(IncludeFinder.java:43)
	at de.uka.ilkd.key.nparser.builder.IncludeFinder.visitOne_include(IncludeFinder.java:20)
	at de.uka.ilkd.key.nparser.KeYParser$One_includeContext.accept(KeYParser.java:878)
	at de.uka.ilkd.key.nparser.builder.AbstractBuilder.lambda$mapOf$0(AbstractBuilder.java:112)
	at java.base/java.util.stream.ReferencePipeline$3$1.accept(ReferencePipeline.java:195)
	at java.base/java.util.ArrayList$ArrayListSpliterator.forEachRemaining(ArrayList.java:1655)
	at java.base/java.util.stream.AbstractPipeline.copyInto(AbstractPipeline.java:484)
	at java.base/java.util.stream.AbstractPipeline.wrapAndCopyInto(AbstractPipeline.java:474)
	at java.base/java.util.stream.ReduceOps$ReduceOp.evaluateSequential(ReduceOps.java:913)
	at java.base/java.util.stream.AbstractPipeline.evaluate(AbstractPipeline.java:234)
	at java.base/java.util.stream.ReferencePipeline.collect(ReferencePipeline.java:578)
	at de.uka.ilkd.key.nparser.builder.AbstractBuilder.mapOf(AbstractBuilder.java:112)
	at de.uka.ilkd.key.nparser.builder.IncludeFinder.visitOne_include_statement(IncludeFinder.java:35)
	at de.uka.ilkd.key.nparser.builder.IncludeFinder.visitOne_include_statement(IncludeFinder.java:20)
	at de.uka.ilkd.key.nparser.KeYParser$One_include_statementContext.accept(KeYParser.java:802)
	at org.antlr.v4.runtime.tree.AbstractParseTreeVisitor.visitChildren(AbstractParseTreeVisitor.java:46)
	at de.uka.ilkd.key.nparser.KeYParserBaseVisitor.visitDecls(KeYParserBaseVisitor.java:30)
	at de.uka.ilkd.key.nparser.KeYParser$DeclsContext.accept(KeYParser.java:500)
	at org.antlr.v4.runtime.tree.AbstractParseTreeVisitor.visitChildren(AbstractParseTreeVisitor.java:46)
	at de.uka.ilkd.key.nparser.KeYParserBaseVisitor.visitFile(KeYParserBaseVisitor.java:23)
	at de.uka.ilkd.key.nparser.KeYParser$FileContext.accept(KeYParser.java:306)
	at de.uka.ilkd.key.nparser.KeyAst.accept(KeyAst.java:41)
	at de.uka.ilkd.key.nparser.KeyAst$File.getIncludes(KeyAst.java:76)
	at de.uka.ilkd.key.proof.io.KeYFile.readIncludes(KeYFile.java:208)
	... 14 more
Could not find rule file rules/intRulesCheckedSemantics.key (file: /home/runner/work/key/key/key.core/../key.ui/examples/index/.././heap/vacid0_01_SparseArray/SparseArray_inv.key; caused by: de.uka.ilkd.key.proof.init.ProofInputException: Could not find rule file rules/intRulesCheckedSemantics.key)
	at de.uka.ilkd.key.control.AbstractUserInterfaceControl.load(AbstractUserInterfaceControl.java:221)
	at de.uka.ilkd.key.control.KeYEnvironment.load(KeYEnvironment.java:251)
	at de.uka.ilkd.key.control.KeYEnvironment.load(KeYEnvironment.java:224)
	at de.uka.ilkd.key.control.KeYEnvironment.load(KeYEnvironment.java:184)
	at de.uka.ilkd.key.control.KeYEnvironment.load(KeYEnvironment.java:261)
	at de.uka.ilkd.key.proof.runallproofs.proofcollection.TestFile.load(TestFile.java:270)
	at de.uka.ilkd.key.proof.runallproofs.proofcollection.TestFile.runKey(TestFile.java:160)
	at de.uka.ilkd.key.proof.runallproofs.proofcollection.ForkedTestFileRunner.main(ForkedTestFileRunner.java:171)
Caused by: de.uka.ilkd.key.proof.init.ProofInputException: Could not find rule file rules/intRulesCheckedSemantics.key
	at de.uka.ilkd.key.proof.io.KeYFile.readIncludes(KeYFile.java:210)
	at de.uka.ilkd.key.proof.init.ProblemInitializer.readIncludes(ProblemInitializer.java:177)
	at de.uka.ilkd.key.proof.init.ProblemInitializer.readEnvInput(ProblemInitializer.java:325)
	at de.uka.ilkd.key.proof.init.ProblemInitializer.prepare(ProblemInitializer.java:449)
	at de.uka.ilkd.key.proof.io.AbstractProblemLoader.createInitConfig(AbstractProblemLoader.java:518)
	at de.uka.ilkd.key.proof.io.AbstractProblemLoader.loadEnvironment(AbstractProblemLoader.java:288)
	at de.uka.ilkd.key.proof.io.AbstractProblemLoader.load(AbstractProblemLoader.java:252)
	at de.uka.ilkd.key.control.AbstractUserInterfaceControl.load(AbstractUserInterfaceControl.java:209)
	... 7 more
Caused by: java.lang.RuntimeException: Could not find rule file rules/intRulesCheckedSemantics.key
	at de.uka.ilkd.key.proof.io.RuleSourceFactory.fromBuiltInRule(RuleSourceFactory.java:32)
	at de.uka.ilkd.key.proof.io.RuleSourceFactory.fromDefaultLocation(RuleSourceFactory.java:21)
	at de.uka.ilkd.key.nparser.builder.IncludeFinder.addInclude(IncludeFinder.java:63)
	at de.uka.ilkd.key.nparser.builder.IncludeFinder.visitOne_include(IncludeFinder.java:43)
	at de.uka.ilkd.key.nparser.builder.IncludeFinder.visitOne_include(IncludeFinder.java:20)
	at de.uka.ilkd.key.nparser.KeYParser$One_includeContext.accept(KeYParser.java:878)
	at de.uka.ilkd.key.nparser.builder.AbstractBuilder.lambda$mapOf$0(AbstractBuilder.java:112)
	at java.base/java.util.stream.ReferencePipeline$3$1.accept(ReferencePipeline.java:195)
	at java.base/java.util.ArrayList$ArrayListSpliterator.forEachRemaining(ArrayList.java:1655)
	at java.base/java.util.stream.AbstractPipeline.copyInto(AbstractPipeline.java:484)
	at java.base/java.util.stream.AbstractPipeline.wrapAndCopyInto(AbstractPipeline.java:474)
	at java.base/java.util.stream.ReduceOps$ReduceOp.evaluateSequential(ReduceOps.java:913)
	at java.base/java.util.stream.AbstractPipeline.evaluate(AbstractPipeline.java:234)
	at java.base/java.util.stream.ReferencePipeline.collect(ReferencePipeline.java:578)
	at de.uka.ilkd.key.nparser.builder.AbstractBuilder.mapOf(AbstractBuilder.java:112)
	at de.uka.ilkd.key.nparser.builder.IncludeFinder.visitOne_include_statement(IncludeFinder.java:35)
	at de.uka.ilkd.key.nparser.builder.IncludeFinder.visitOne_include_statement(IncludeFinder.java:20)
	at de.uka.ilkd.key.nparser.KeYParser$One_include_statementContext.accept(KeYParser.java:802)
	at org.antlr.v4.runtime.tree.AbstractParseTreeVisitor.visitChildren(AbstractParseTreeVisitor.java:46)
	at de.uka.ilkd.key.nparser.KeYParserBaseVisitor.visitDecls(KeYParserBaseVisitor.java:30)
	at de.uka.ilkd.key.nparser.KeYParser$DeclsContext.accept(KeYParser.java:500)
	at org.antlr.v4.runtime.tree.AbstractParseTreeVisitor.visitChildren(AbstractParseTreeVisitor.java:46)
	at de.uka.ilkd.key.nparser.KeYParserBaseVisitor.visitFile(KeYParserBaseVisitor.java:23)
	at de.uka.ilkd.key.nparser.KeYParser$FileContext.accept(KeYParser.java:306)
	at de.uka.ilkd.key.nparser.KeyAst.accept(KeyAst.java:41)
	at de.uka.ilkd.key.nparser.KeyAst$File.getIncludes(KeyAst.java:76)
	at de.uka.ilkd.key.proof.io.KeYFile.readIncludes(KeYFile.java:208)
	... 14 more
Could not find rule file rules/intRulesCheckedSemantics.key (file: /home/runner/work/key/key/key.core/../key.ui/examples/index/.././heap/vacid0_01_SparseArray/SparseArray_SparseArray.key; caused by: de.uka.ilkd.key.proof.init.ProofInputException: Could not find rule file rules/intRulesCheckedSemantics.key)
	at de.uka.ilkd.key.control.AbstractUserInterfaceControl.load(AbstractUserInterfaceControl.java:221)
	at de.uka.ilkd.key.control.KeYEnvironment.load(KeYEnvironment.java:251)
	at de.uka.ilkd.key.control.KeYEnvironment.load(KeYEnvironment.java:224)
	at de.uka.ilkd.key.control.KeYEnvironment.load(KeYEnvironment.java:184)
	at de.uka.ilkd.key.control.KeYEnvironment.load(KeYEnvironment.java:261)
	at de.uka.ilkd.key.proof.runallproofs.proofcollection.TestFile.load(TestFile.java:270)
	at de.uka.ilkd.key.proof.runallproofs.proofcollection.TestFile.runKey(TestFile.java:160)
	at de.uka.ilkd.key.proof.runallproofs.proofcollection.ForkedTestFileRunner.main(ForkedTestFileRunner.java:171)
Caused by: de.uka.ilkd.key.proof.init.ProofInputException: Could not find rule file rules/intRulesCheckedSemantics.key
	at de.uka.ilkd.key.proof.io.KeYFile.readIncludes(KeYFile.java:210)
	at de.uka.ilkd.key.proof.init.ProblemInitializer.readIncludes(ProblemInitializer.java:177)
	at de.uka.ilkd.key.proof.init.ProblemInitializer.readEnvInput(ProblemInitializer.java:325)
	at de.uka.ilkd.key.proof.init.ProblemInitializer.prepare(ProblemInitializer.java:449)
	at de.uka.ilkd.key.proof.io.AbstractProblemLoader.createInitConfig(AbstractProblemLoader.java:518)
	at de.uka.ilkd.key.proof.io.AbstractProblemLoader.loadEnvironment(AbstractProblemLoader.java:288)
	at de.uka.ilkd.key.proof.io.AbstractProblemLoader.load(AbstractProblemLoader.java:252)
	at de.uka.ilkd.key.control.AbstractUserInterfaceControl.load(AbstractUserInterfaceControl.java:209)
	... 7 more
Caused by: java.lang.RuntimeException: Could not find rule file rules/intRulesCheckedSemantics.key
	at de.uka.ilkd.key.proof.io.RuleSourceFactory.fromBuiltInRule(RuleSourceFactory.java:32)
	at de.uka.ilkd.key.proof.io.RuleSourceFactory.fromDefaultLocation(RuleSourceFactory.java:21)
	at de.uka.ilkd.key.nparser.builder.IncludeFinder.addInclude(IncludeFinder.java:63)
	at de.uka.ilkd.key.nparser.builder.IncludeFinder.visitOne_include(IncludeFinder.java:43)
	at de.uka.ilkd.key.nparser.builder.IncludeFinder.visitOne_include(IncludeFinder.java:20)
	at de.uka.ilkd.key.nparser.KeYParser$One_includeContext.accept(KeYParser.java:878)
	at de.uka.ilkd.key.nparser.builder.AbstractBuilder.lambda$mapOf$0(AbstractBuilder.java:112)
	at java.base/java.util.stream.ReferencePipeline$3$1.accept(ReferencePipeline.java:195)
	at java.base/java.util.ArrayList$ArrayListSpliterator.forEachRemaining(ArrayList.java:1655)
	at java.base/java.util.stream.AbstractPipeline.copyInto(AbstractPipeline.java:484)
	at java.base/java.util.stream.AbstractPipeline.wrapAndCopyInto(AbstractPipeline.java:474)
	at java.base/java.util.stream.ReduceOps$ReduceOp.evaluateSequential(ReduceOps.java:913)
	at java.base/java.util.stream.AbstractPipeline.evaluate(AbstractPipeline.java:234)
	at java.base/java.util.stream.ReferencePipeline.collect(ReferencePipeline.java:578)
	at de.uka.ilkd.key.nparser.builder.AbstractBuilder.mapOf(AbstractBuilder.java:112)
	at de.uka.ilkd.key.nparser.builder.IncludeFinder.visitOne_include_statement(IncludeFinder.java:35)
	at de.uka.ilkd.key.nparser.builder.IncludeFinder.visitOne_include_statement(IncludeFinder.java:20)
	at de.uka.ilkd.key.nparser.KeYParser$One_include_statementContext.accept(KeYParser.java:802)
	at org.antlr.v4.runtime.tree.AbstractParseTreeVisitor.visitChildren(AbstractParseTreeVisitor.java:46)
	at de.uka.ilkd.key.nparser.KeYParserBaseVisitor.visitDecls(KeYParserBaseVisitor.java:30)
	at de.uka.ilkd.key.nparser.KeYParser$DeclsContext.accept(KeYParser.java:500)
	at org.antlr.v4.runtime.tree.AbstractParseTreeVisitor.visitChildren(AbstractParseTreeVisitor.java:46)
	at de.uka.ilkd.key.nparser.KeYParserBaseVisitor.visitFile(KeYParserBaseVisitor.java:23)
	at de.uka.ilkd.key.nparser.KeYParser$FileContext.accept(KeYParser.java:306)
	at de.uka.ilkd.key.nparser.KeyAst.accept(KeyAst.java:41)
	at de.uka.ilkd.key.nparser.KeyAst$File.getIncludes(KeyAst.java:76)
	at de.uka.ilkd.key.proof.io.KeYFile.readIncludes(KeYFile.java:208)
	... 14 more
Exception in thread "main" org.opentest4j.AssertionFailedError: Exception during the execution of proofs. See log for more details.
	at org.junit.jupiter.api.AssertionUtils.fail(AssertionUtils.java:39)
	at org.junit.jupiter.api.Assertions.fail(Assertions.java:134)
	at de.uka.ilkd.key.proof.runallproofs.proofcollection.ForkedTestFileRunner.main(ForkedTestFileRunner.java:192)
Timeout watcher launched (2000 secs.)
Could not find rule file rules/intRulesCheckedSemantics.key (file: /home/runner/work/key/key/key.core/../key.ui/examples/index/.././heap/vstte10_01_SumAndMax/SumAndMax_sumAndMax.key; caused by: de.uka.ilkd.key.proof.init.ProofInputException: Could not find rule file rules/intRulesCheckedSemantics.key)
	at de.uka.ilkd.key.control.AbstractUserInterfaceControl.load(AbstractUserInterfaceControl.java:221)
	at de.uka.ilkd.key.control.KeYEnvironment.load(KeYEnvironment.java:251)
	at de.uka.ilkd.key.control.KeYEnvironment.load(KeYEnvironment.java:224)
	at de.uka.ilkd.key.control.KeYEnvironment.load(KeYEnvironment.java:184)
	at de.uka.ilkd.key.control.KeYEnvironment.load(KeYEnvironment.java:261)
	at de.uka.ilkd.key.proof.runallproofs.proofcollection.TestFile.load(TestFile.java:270)
	at de.uka.ilkd.key.proof.runallproofs.proofcollection.TestFile.runKey(TestFile.java:160)
	at de.uka.ilkd.key.proof.runallproofs.proofcollection.ForkedTestFileRunner.main(ForkedTestFileRunner.java:171)
Caused by: de.uka.ilkd.key.proof.init.ProofInputException: Could not find rule file rules/intRulesCheckedSemantics.key
	at de.uka.ilkd.key.proof.io.KeYFile.readIncludes(KeYFile.java:210)
	at de.uka.ilkd.key.proof.init.ProblemInitializer.readIncludes(ProblemInitializer.java:177)
	at de.uka.ilkd.key.proof.init.ProblemInitializer.readEnvInput(ProblemInitializer.java:325)
	at de.uka.ilkd.key.proof.init.ProblemInitializer.prepare(ProblemInitializer.java:449)
	at de.uka.ilkd.key.proof.io.AbstractProblemLoader.createInitConfig(AbstractProblemLoader.java:518)
	at de.uka.ilkd.key.proof.io.AbstractProblemLoader.loadEnvironment(AbstractProblemLoader.java:288)
	at de.uka.ilkd.key.proof.io.AbstractProblemLoader.load(AbstractProblemLoader.java:252)
	at de.uka.ilkd.key.control.AbstractUserInterfaceControl.load(AbstractUserInterfaceControl.java:209)
	... 7 more
Caused by: java.lang.RuntimeException: Could not find rule file rules/intRulesCheckedSemantics.key
	at de.uka.ilkd.key.proof.io.RuleSourceFactory.fromBuiltInRule(RuleSourceFactory.java:32)
	at de.uka.ilkd.key.proof.io.RuleSourceFactory.fromDefaultLocation(RuleSourceFactory.java:21)
	at de.uka.ilkd.key.nparser.builder.IncludeFinder.addInclude(IncludeFinder.java:63)
	at de.uka.ilkd.key.nparser.builder.IncludeFinder.visitOne_include(IncludeFinder.java:43)
	at de.uka.ilkd.key.nparser.builder.IncludeFinder.visitOne_include(IncludeFinder.java:20)
	at de.uka.ilkd.key.nparser.KeYParser$One_includeContext.accept(KeYParser.java:878)
	at de.uka.ilkd.key.nparser.builder.AbstractBuilder.lambda$mapOf$0(AbstractBuilder.java:112)
	at java.base/java.util.stream.ReferencePipeline$3$1.accept(ReferencePipeline.java:195)
	at java.base/java.util.ArrayList$ArrayListSpliterator.forEachRemaining(ArrayList.java:1655)
	at java.base/java.util.stream.AbstractPipeline.copyInto(AbstractPipeline.java:484)
	at java.base/java.util.stream.AbstractPipeline.wrapAndCopyInto(AbstractPipeline.java:474)
	at java.base/java.util.stream.ReduceOps$ReduceOp.evaluateSequential(ReduceOps.java:913)
	at java.base/java.util.stream.AbstractPipeline.evaluate(AbstractPipeline.java:234)
	at java.base/java.util.stream.ReferencePipeline.collect(ReferencePipeline.java:578)
	at de.uka.ilkd.key.nparser.builder.AbstractBuilder.mapOf(AbstractBuilder.java:112)
	at de.uka.ilkd.key.nparser.builder.IncludeFinder.visitOne_include_statement(IncludeFinder.java:35)
	at de.uka.ilkd.key.nparser.builder.IncludeFinder.visitOne_include_statement(IncludeFinder.java:20)
	at de.uka.ilkd.key.nparser.KeYParser$One_include_statementContext.accept(KeYParser.java:802)
	at org.antlr.v4.runtime.tree.AbstractParseTreeVisitor.visitChildren(AbstractParseTreeVisitor.java:46)
	at de.uka.ilkd.key.nparser.KeYParserBaseVisitor.visitDecls(KeYParserBaseVisitor.java:30)
	at de.uka.ilkd.key.nparser.KeYParser$DeclsContext.accept(KeYParser.java:500)
	at org.antlr.v4.runtime.tree.AbstractParseTreeVisitor.visitChildren(AbstractParseTreeVisitor.java:46)
	at de.uka.ilkd.key.nparser.KeYParserBaseVisitor.visitFile(KeYParserBaseVisitor.java:23)
	at de.uka.ilkd.key.nparser.KeYParser$FileContext.accept(KeYParser.java:306)
	at de.uka.ilkd.key.nparser.KeyAst.accept(KeyAst.java:41)
	at de.uka.ilkd.key.nparser.KeyAst$File.getIncludes(KeyAst.java:76)
	at de.uka.ilkd.key.proof.io.KeYFile.readIncludes(KeYFile.java:208)
	... 14 more
Could not find rule file rules/intRulesCheckedSemantics.key (file: /home/runner/work/key/key/key.core/../key.ui/examples/index/.././heap/vstte10_03_LinkedList/Node_cons.key; caused by: de.uka.ilkd.key.proof.init.ProofInputException: Could not find rule file rules/intRulesCheckedSemantics.key)
	at de.uka.ilkd.key.control.AbstractUserInterfaceControl.load(AbstractUserInterfaceControl.java:221)
	at de.uka.ilkd.key.control.KeYEnvironment.load(KeYEnvironment.java:251)
	at de.uka.ilkd.key.control.KeYEnvironment.load(KeYEnvironment.java:224)
	at de.uka.ilkd.key.control.KeYEnvironment.load(KeYEnvironment.java:184)
	at de.uka.ilkd.key.control.KeYEnvironment.load(KeYEnvironment.java:261)
	at de.uka.ilkd.key.proof.runallproofs.proofcollection.TestFile.load(TestFile.java:270)
	at de.uka.ilkd.key.proof.runallproofs.proofcollection.TestFile.runKey(TestFile.java:160)
	at de.uka.ilkd.key.proof.runallproofs.proofcollection.ForkedTestFileRunner.main(ForkedTestFileRunner.java:171)
Caused by: de.uka.ilkd.key.proof.init.ProofInputException: Could not find rule file rules/intRulesCheckedSemantics.key
	at de.uka.ilkd.key.proof.io.KeYFile.readIncludes(KeYFile.java:210)
	at de.uka.ilkd.key.proof.init.ProblemInitializer.readIncludes(ProblemInitializer.java:177)
	at de.uka.ilkd.key.proof.init.ProblemInitializer.readEnvInput(ProblemInitializer.java:325)
	at de.uka.ilkd.key.proof.init.ProblemInitializer.prepare(ProblemInitializer.java:449)
	at de.uka.ilkd.key.proof.io.AbstractProblemLoader.createInitConfig(AbstractProblemLoader.java:518)
	at de.uka.ilkd.key.proof.io.AbstractProblemLoader.loadEnvironment(AbstractProblemLoader.java:288)
	at de.uka.ilkd.key.proof.io.AbstractProblemLoader.load(AbstractProblemLoader.java:252)
	at de.uka.ilkd.key.control.AbstractUserInterfaceControl.load(AbstractUserInterfaceControl.java:209)
	... 7 more
Caused by: java.lang.RuntimeException: Could not find rule file rules/intRulesCheckedSemantics.key
	at de.uka.ilkd.key.proof.io.RuleSourceFactory.fromBuiltInRule(RuleSourceFactory.java:32)
	at de.uka.ilkd.key.proof.io.RuleSourceFactory.fromDefaultLocation(RuleSourceFactory.java:21)
	at de.uka.ilkd.key.nparser.builder.IncludeFinder.addInclude(IncludeFinder.java:63)
	at de.uka.ilkd.key.nparser.builder.IncludeFinder.visitOne_include(IncludeFinder.java:43)
	at de.uka.ilkd.key.nparser.builder.IncludeFinder.visitOne_include(IncludeFinder.java:20)
	at de.uka.ilkd.key.nparser.KeYParser$One_includeContext.accept(KeYParser.java:878)
	at de.uka.ilkd.key.nparser.builder.AbstractBuilder.lambda$mapOf$0(AbstractBuilder.java:112)
	at java.base/java.util.stream.ReferencePipeline$3$1.accept(ReferencePipeline.java:195)
	at java.base/java.util.ArrayList$ArrayListSpliterator.forEachRemaining(ArrayList.java:1655)
	at java.base/java.util.stream.AbstractPipeline.copyInto(AbstractPipeline.java:484)
	at java.base/java.util.stream.AbstractPipeline.wrapAndCopyInto(AbstractPipeline.java:474)
	at java.base/java.util.stream.ReduceOps$ReduceOp.evaluateSequential(ReduceOps.java:913)
	at java.base/java.util.stream.AbstractPipeline.evaluate(AbstractPipeline.java:234)
	at java.base/java.util.stream.ReferencePipeline.collect(ReferencePipeline.java:578)
	at de.uka.ilkd.key.nparser.builder.AbstractBuilder.mapOf(AbstractBuilder.java:112)
	at de.uka.ilkd.key.nparser.builder.IncludeFinder.visitOne_include_statement(IncludeFinder.java:35)
	at de.uka.ilkd.key.nparser.builder.IncludeFinder.visitOne_include_statement(IncludeFinder.java:20)
	at de.uka.ilkd.key.nparser.KeYParser$One_include_statementContext.accept(KeYParser.java:802)
	at org.antlr.v4.runtime.tree.AbstractParseTreeVisitor.visitChildren(AbstractParseTreeVisitor.java:46)
	at de.uka.ilkd.key.nparser.KeYParserBaseVisitor.visitDecls(KeYParserBaseVisitor.java:30)
	at de.uka.ilkd.key.nparser.KeYParser$DeclsContext.accept(KeYParser.java:500)
	at org.antlr.v4.runtime.tree.AbstractParseTreeVisitor.visitChildren(AbstractParseTreeVisitor.java:46)
	at de.uka.ilkd.key.nparser.KeYParserBaseVisitor.visitFile(KeYParserBaseVisitor.java:23)
	at de.uka.ilkd.key.nparser.KeYParser$FileContext.accept(KeYParser.java:306)
	at de.uka.ilkd.key.nparser.KeyAst.accept(KeyAst.java:41)
	at de.uka.ilkd.key.nparser.KeyAst$File.getIncludes(KeyAst.java:76)
	at de.uka.ilkd.key.proof.io.KeYFile.readIncludes(KeYFile.java:208)
	... 14 more
Could not find rule file rules/intRulesCheckedSemantics.key (file: /home/runner/work/key/key/key.core/../key.ui/examples/index/.././heap/vstte10_03_LinkedList/Node_inv.key; caused by: de.uka.ilkd.key.proof.init.ProofInputException: Could not find rule file rules/intRulesCheckedSemantics.key)
	at de.uka.ilkd.key.control.AbstractUserInterfaceControl.load(AbstractUserInterfaceControl.java:221)
	at de.uka.ilkd.key.control.KeYEnvironment.load(KeYEnvironment.java:251)
	at de.uka.ilkd.key.control.KeYEnvironment.load(KeYEnvironment.java:224)
	at de.uka.ilkd.key.control.KeYEnvironment.load(KeYEnvironment.java:184)
	at de.uka.ilkd.key.control.KeYEnvironment.load(KeYEnvironment.java:261)
	at de.uka.ilkd.key.proof.runallproofs.proofcollection.TestFile.load(TestFile.java:270)
	at de.uka.ilkd.key.proof.runallproofs.proofcollection.TestFile.runKey(TestFile.java:160)
	at de.uka.ilkd.key.proof.runallproofs.proofcollection.ForkedTestFileRunner.main(ForkedTestFileRunner.java:171)
Caused by: de.uka.ilkd.key.proof.init.ProofInputException: Could not find rule file rules/intRulesCheckedSemantics.key
	at de.uka.ilkd.key.proof.io.KeYFile.readIncludes(KeYFile.java:210)
	at de.uka.ilkd.key.proof.init.ProblemInitializer.readIncludes(ProblemInitializer.java:177)
	at de.uka.ilkd.key.proof.init.ProblemInitializer.readEnvInput(ProblemInitializer.java:325)
	at de.uka.ilkd.key.proof.init.ProblemInitializer.prepare(ProblemInitializer.java:449)
	at de.uka.ilkd.key.proof.io.AbstractProblemLoader.createInitConfig(AbstractProblemLoader.java:518)
	at de.uka.ilkd.key.proof.io.AbstractProblemLoader.loadEnvironment(AbstractProblemLoader.java:288)
	at de.uka.ilkd.key.proof.io.AbstractProblemLoader.load(AbstractProblemLoader.java:252)
	at de.uka.ilkd.key.control.AbstractUserInterfaceControl.load(AbstractUserInterfaceControl.java:209)
	... 7 more
Caused by: java.lang.RuntimeException: Could not find rule file rules/intRulesCheckedSemantics.key
	at de.uka.ilkd.key.proof.io.RuleSourceFactory.fromBuiltInRule(RuleSourceFactory.java:32)
	at de.uka.ilkd.key.proof.io.RuleSourceFactory.fromDefaultLocation(RuleSourceFactory.java:21)
	at de.uka.ilkd.key.nparser.builder.IncludeFinder.addInclude(IncludeFinder.java:63)
	at de.uka.ilkd.key.nparser.builder.IncludeFinder.visitOne_include(IncludeFinder.java:43)
	at de.uka.ilkd.key.nparser.builder.IncludeFinder.visitOne_include(IncludeFinder.java:20)
	at de.uka.ilkd.key.nparser.KeYParser$One_includeContext.accept(KeYParser.java:878)
	at de.uka.ilkd.key.nparser.builder.AbstractBuilder.lambda$mapOf$0(AbstractBuilder.java:112)
	at java.base/java.util.stream.ReferencePipeline$3$1.accept(ReferencePipeline.java:195)
	at java.base/java.util.ArrayList$ArrayListSpliterator.forEachRemaining(ArrayList.java:1655)
	at java.base/java.util.stream.AbstractPipeline.copyInto(AbstractPipeline.java:484)
	at java.base/java.util.stream.AbstractPipeline.wrapAndCopyInto(AbstractPipeline.java:474)
	at java.base/java.util.stream.ReduceOps$ReduceOp.evaluateSequential(ReduceOps.java:913)
	at java.base/java.util.stream.AbstractPipeline.evaluate(AbstractPipeline.java:234)
	at java.base/java.util.stream.ReferencePipeline.collect(ReferencePipeline.java:578)
	at de.uka.ilkd.key.nparser.builder.AbstractBuilder.mapOf(AbstractBuilder.java:112)
	at de.uka.ilkd.key.nparser.builder.IncludeFinder.visitOne_include_statement(IncludeFinder.java:35)
	at de.uka.ilkd.key.nparser.builder.IncludeFinder.visitOne_include_statement(IncludeFinder.java:20)
	at de.uka.ilkd.key.nparser.KeYParser$One_include_statementContext.accept(KeYParser.java:802)
	at org.antlr.v4.runtime.tree.AbstractParseTreeVisitor.visitChildren(AbstractParseTreeVisitor.java:46)
	at de.uka.ilkd.key.nparser.KeYParserBaseVisitor.visitDecls(KeYParserBaseVisitor.java:30)
	at de.uka.ilkd.key.nparser.KeYParser$DeclsContext.accept(KeYParser.java:500)
	at org.antlr.v4.runtime.tree.AbstractParseTreeVisitor.visitChildren(AbstractParseTreeVisitor.java:46)
	at de.uka.ilkd.key.nparser.KeYParserBaseVisitor.visitFile(KeYParserBaseVisitor.java:23)
	at de.uka.ilkd.key.nparser.KeYParser$FileContext.accept(KeYParser.java:306)
	at de.uka.ilkd.key.nparser.KeyAst.accept(KeyAst.java:41)
	at de.uka.ilkd.key.nparser.KeyAst$File.getIncludes(KeyAst.java:76)
	at de.uka.ilkd.key.proof.io.KeYFile.readIncludes(KeYFile.java:208)
	... 14 more
Could not find rule file rules/intRulesCheckedSemantics.key (file: /home/runner/work/key/key/key.core/../key.ui/examples/index/.././heap/vstte10_03_LinkedList/Node_search.key; caused by: de.uka.ilkd.key.proof.init.ProofInputException: Could not find rule file rules/intRulesCheckedSemantics.key)
	at de.uka.ilkd.key.control.AbstractUserInterfaceControl.load(AbstractUserInterfaceControl.java:221)
	at de.uka.ilkd.key.control.KeYEnvironment.load(KeYEnvironment.java:251)
	at de.uka.ilkd.key.control.KeYEnvironment.load(KeYEnvironment.java:224)
	at de.uka.ilkd.key.control.KeYEnvironment.load(KeYEnvironment.java:184)
	at de.uka.ilkd.key.control.KeYEnvironment.load(KeYEnvironment.java:261)
	at de.uka.ilkd.key.proof.runallproofs.proofcollection.TestFile.load(TestFile.java:270)
	at de.uka.ilkd.key.proof.runallproofs.proofcollection.TestFile.runKey(TestFile.java:160)
	at de.uka.ilkd.key.proof.runallproofs.proofcollection.ForkedTestFileRunner.main(ForkedTestFileRunner.java:171)
Caused by: de.uka.ilkd.key.proof.init.ProofInputException: Could not find rule file rules/intRulesCheckedSemantics.key
	at de.uka.ilkd.key.proof.io.KeYFile.readIncludes(KeYFile.java:210)
	at de.uka.ilkd.key.proof.init.ProblemInitializer.readIncludes(ProblemInitializer.java:177)
	at de.uka.ilkd.key.proof.init.ProblemInitializer.readEnvInput(ProblemInitializer.java:325)
	at de.uka.ilkd.key.proof.init.ProblemInitializer.prepare(ProblemInitializer.java:449)
	at de.uka.ilkd.key.proof.io.AbstractProblemLoader.createInitConfig(AbstractProblemLoader.java:518)
	at de.uka.ilkd.key.proof.io.AbstractProblemLoader.loadEnvironment(AbstractProblemLoader.java:288)
	at de.uka.ilkd.key.proof.io.AbstractProblemLoader.load(AbstractProblemLoader.java:252)
	at de.uka.ilkd.key.control.AbstractUserInterfaceControl.load(AbstractUserInterfaceControl.java:209)
	... 7 more
Caused by: java.lang.RuntimeException: Could not find rule file rules/intRulesCheckedSemantics.key
	at de.uka.ilkd.key.proof.io.RuleSourceFactory.fromBuiltInRule(RuleSourceFactory.java:32)
	at de.uka.ilkd.key.proof.io.RuleSourceFactory.fromDefaultLocation(RuleSourceFactory.java:21)
	at de.uka.ilkd.key.nparser.builder.IncludeFinder.addInclude(IncludeFinder.java:63)
	at de.uka.ilkd.key.nparser.builder.IncludeFinder.visitOne_include(IncludeFinder.java:43)
	at de.uka.ilkd.key.nparser.builder.IncludeFinder.visitOne_include(IncludeFinder.java:20)
	at de.uka.ilkd.key.nparser.KeYParser$One_includeContext.accept(KeYParser.java:878)
	at de.uka.ilkd.key.nparser.builder.AbstractBuilder.lambda$mapOf$0(AbstractBuilder.java:112)
	at java.base/java.util.stream.ReferencePipeline$3$1.accept(ReferencePipeline.java:195)
	at java.base/java.util.ArrayList$ArrayListSpliterator.forEachRemaining(ArrayList.java:1655)
	at java.base/java.util.stream.AbstractPipeline.copyInto(AbstractPipeline.java:484)
	at java.base/java.util.stream.AbstractPipeline.wrapAndCopyInto(AbstractPipeline.java:474)
	at java.base/java.util.stream.ReduceOps$ReduceOp.evaluateSequential(ReduceOps.java:913)
	at java.base/java.util.stream.AbstractPipeline.evaluate(AbstractPipeline.java:234)
	at java.base/java.util.stream.ReferencePipeline.collect(ReferencePipeline.java:578)
	at de.uka.ilkd.key.nparser.builder.AbstractBuilder.mapOf(AbstractBuilder.java:112)
	at de.uka.ilkd.key.nparser.builder.IncludeFinder.visitOne_include_statement(IncludeFinder.java:35)
	at de.uka.ilkd.key.nparser.builder.IncludeFinder.visitOne_include_statement(IncludeFinder.java:20)
	at de.uka.ilkd.key.nparser.KeYParser$One_include_statementContext.accept(KeYParser.java:802)
	at org.antlr.v4.runtime.tree.AbstractParseTreeVisitor.visitChildren(AbstractParseTreeVisitor.java:46)
	at de.uka.ilkd.key.nparser.KeYParserBaseVisitor.visitDecls(KeYParserBaseVisitor.java:30)
	at de.uka.ilkd.key.nparser.KeYParser$DeclsContext.accept(KeYParser.java:500)
	at org.antlr.v4.runtime.tree.AbstractParseTreeVisitor.visitChildren(AbstractParseTreeVisitor.java:46)
	at de.uka.ilkd.key.nparser.KeYParserBaseVisitor.visitFile(KeYParserBaseVisitor.java:23)
	at de.uka.ilkd.key.nparser.KeYParser$FileContext.accept(KeYParser.java:306)
	at de.uka.ilkd.key.nparser.KeyAst.accept(KeyAst.java:41)
	at de.uka.ilkd.key.nparser.KeyAst$File.getIncludes(KeyAst.java:76)
	at de.uka.ilkd.key.proof.io.KeYFile.readIncludes(KeYFile.java:208)
	... 14 more
Could not find rule file rules/intRulesCheckedSemantics.key (file: /home/runner/work/key/key/key.core/../key.ui/examples/index/.././heap/vstte10_04_Queens/Queens_isConsistent.key; caused by: de.uka.ilkd.key.proof.init.ProofInputException: Could not find rule file rules/intRulesCheckedSemantics.key)
	at de.uka.ilkd.key.control.AbstractUserInterfaceControl.load(AbstractUserInterfaceControl.java:221)
	at de.uka.ilkd.key.control.KeYEnvironment.load(KeYEnvironment.java:251)
	at de.uka.ilkd.key.control.KeYEnvironment.load(KeYEnvironment.java:224)
	at de.uka.ilkd.key.control.KeYEnvironment.load(KeYEnvironment.java:184)
	at de.uka.ilkd.key.control.KeYEnvironment.load(KeYEnvironment.java:261)
	at de.uka.ilkd.key.proof.runallproofs.proofcollection.TestFile.load(TestFile.java:270)
	at de.uka.ilkd.key.proof.runallproofs.proofcollection.TestFile.runKey(TestFile.java:160)
	at de.uka.ilkd.key.proof.runallproofs.proofcollection.ForkedTestFileRunner.main(ForkedTestFileRunner.java:171)
Caused by: de.uka.ilkd.key.proof.init.ProofInputException: Could not find rule file rules/intRulesCheckedSemantics.key
	at de.uka.ilkd.key.proof.io.KeYFile.readIncludes(KeYFile.java:210)
	at de.uka.ilkd.key.proof.init.ProblemInitializer.readIncludes(ProblemInitializer.java:177)
	at de.uka.ilkd.key.proof.init.ProblemInitializer.readEnvInput(ProblemInitializer.java:325)
	at de.uka.ilkd.key.proof.init.ProblemInitializer.prepare(ProblemInitializer.java:449)
	at de.uka.ilkd.key.proof.io.AbstractProblemLoader.createInitConfig(AbstractProblemLoader.java:518)
	at de.uka.ilkd.key.proof.io.AbstractProblemLoader.loadEnvironment(AbstractProblemLoader.java:288)
	at de.uka.ilkd.key.proof.io.AbstractProblemLoader.load(AbstractProblemLoader.java:252)
	at de.uka.ilkd.key.control.AbstractUserInterfaceControl.load(AbstractUserInterfaceControl.java:209)
	... 7 more
Caused by: java.lang.RuntimeException: Could not find rule file rules/intRulesCheckedSemantics.key
	at de.uka.ilkd.key.proof.io.RuleSourceFactory.fromBuiltInRule(RuleSourceFactory.java:32)
	at de.uka.ilkd.key.proof.io.RuleSourceFactory.fromDefaultLocation(RuleSourceFactory.java:21)
	at de.uka.ilkd.key.nparser.builder.IncludeFinder.addInclude(IncludeFinder.java:63)
	at de.uka.ilkd.key.nparser.builder.IncludeFinder.visitOne_include(IncludeFinder.java:43)
	at de.uka.ilkd.key.nparser.builder.IncludeFinder.visitOne_include(IncludeFinder.java:20)
	at de.uka.ilkd.key.nparser.KeYParser$One_includeContext.accept(KeYParser.java:878)
	at de.uka.ilkd.key.nparser.builder.AbstractBuilder.lambda$mapOf$0(AbstractBuilder.java:112)
	at java.base/java.util.stream.ReferencePipeline$3$1.accept(ReferencePipeline.java:195)
	at java.base/java.util.ArrayList$ArrayListSpliterator.forEachRemaining(ArrayList.java:1655)
	at java.base/java.util.stream.AbstractPipeline.copyInto(AbstractPipeline.java:484)
	at java.base/java.util.stream.AbstractPipeline.wrapAndCopyInto(AbstractPipeline.java:474)
	at java.base/java.util.stream.ReduceOps$ReduceOp.evaluateSequential(ReduceOps.java:913)
	at java.base/java.util.stream.AbstractPipeline.evaluate(AbstractPipeline.java:234)
	at java.base/java.util.stream.ReferencePipeline.collect(ReferencePipeline.java:578)
	at de.uka.ilkd.key.nparser.builder.AbstractBuilder.mapOf(AbstractBuilder.java:112)
	at de.uka.ilkd.key.nparser.builder.IncludeFinder.visitOne_include_statement(IncludeFinder.java:35)
	at de.uka.ilkd.key.nparser.builder.IncludeFinder.visitOne_include_statement(IncludeFinder.java:20)
	at de.uka.ilkd.key.nparser.KeYParser$One_include_statementContext.accept(KeYParser.java:802)
	at org.antlr.v4.runtime.tree.AbstractParseTreeVisitor.visitChildren(AbstractParseTreeVisitor.java:46)
	at de.uka.ilkd.key.nparser.KeYParserBaseVisitor.visitDecls(KeYParserBaseVisitor.java:30)
	at de.uka.ilkd.key.nparser.KeYParser$DeclsContext.accept(KeYParser.java:500)
	at org.antlr.v4.runtime.tree.AbstractParseTreeVisitor.visitChildren(AbstractParseTreeVisitor.java:46)
	at de.uka.ilkd.key.nparser.KeYParserBaseVisitor.visitFile(KeYParserBaseVisitor.java:23)
	at de.uka.ilkd.key.nparser.KeYParser$FileContext.accept(KeYParser.java:306)
	at de.uka.ilkd.key.nparser.KeyAst.accept(KeyAst.java:41)
	at de.uka.ilkd.key.nparser.KeyAst$File.getIncludes(KeyAst.java:76)
	at de.uka.ilkd.key.proof.io.KeYFile.readIncludes(KeYFile.java:208)
	... 14 more
Could not find rule file rules/intRulesCheckedSemantics.key (file: /home/runner/work/key/key/key.core/../key.ui/examples/index/.././heap/vstte10_04_Queens/Queens_nQueens.key; caused by: de.uka.ilkd.key.proof.init.ProofInputException: Could not find rule file rules/intRulesCheckedSemantics.key)
	at de.uka.ilkd.key.control.AbstractUserInterfaceControl.load(AbstractUserInterfaceControl.java:221)
	at de.uka.ilkd.key.control.KeYEnvironment.load(KeYEnvironment.java:251)
	at de.uka.ilkd.key.control.KeYEnvironment.load(KeYEnvironment.java:224)
	at de.uka.ilkd.key.control.KeYEnvironment.load(KeYEnvironment.java:184)
	at de.uka.ilkd.key.control.KeYEnvironment.load(KeYEnvironment.java:261)
	at de.uka.ilkd.key.proof.runallproofs.proofcollection.TestFile.load(TestFile.java:270)
	at de.uka.ilkd.key.proof.runallproofs.proofcollection.TestFile.runKey(TestFile.java:160)
	at de.uka.ilkd.key.proof.runallproofs.proofcollection.ForkedTestFileRunner.main(ForkedTestFileRunner.java:171)
Caused by: de.uka.ilkd.key.proof.init.ProofInputException: Could not find rule file rules/intRulesCheckedSemantics.key
	at de.uka.ilkd.key.proof.io.KeYFile.readIncludes(KeYFile.java:210)
	at de.uka.ilkd.key.proof.init.ProblemInitializer.readIncludes(ProblemInitializer.java:177)
	at de.uka.ilkd.key.proof.init.ProblemInitializer.readEnvInput(ProblemInitializer.java:325)
	at de.uka.ilkd.key.proof.init.ProblemInitializer.prepare(ProblemInitializer.java:449)
	at de.uka.ilkd.key.proof.io.AbstractProblemLoader.createInitConfig(AbstractProblemLoader.java:518)
	at de.uka.ilkd.key.proof.io.AbstractProblemLoader.loadEnvironment(AbstractProblemLoader.java:288)
	at de.uka.ilkd.key.proof.io.AbstractProblemLoader.load(AbstractProblemLoader.java:252)
	at de.uka.ilkd.key.control.AbstractUserInterfaceControl.load(AbstractUserInterfaceControl.java:209)
	... 7 more
Caused by: java.lang.RuntimeException: Could not find rule file rules/intRulesCheckedSemantics.key
	at de.uka.ilkd.key.proof.io.RuleSourceFactory.fromBuiltInRule(RuleSourceFactory.java:32)
	at de.uka.ilkd.key.proof.io.RuleSourceFactory.fromDefaultLocation(RuleSourceFactory.java:21)
	at de.uka.ilkd.key.nparser.builder.IncludeFinder.addInclude(IncludeFinder.java:63)
	at de.uka.ilkd.key.nparser.builder.IncludeFinder.visitOne_include(IncludeFinder.java:43)
	at de.uka.ilkd.key.nparser.builder.IncludeFinder.visitOne_include(IncludeFinder.java:20)
	at de.uka.ilkd.key.nparser.KeYParser$One_includeContext.accept(KeYParser.java:878)
	at de.uka.ilkd.key.nparser.builder.AbstractBuilder.lambda$mapOf$0(AbstractBuilder.java:112)
	at java.base/java.util.stream.ReferencePipeline$3$1.accept(ReferencePipeline.java:195)
	at java.base/java.util.ArrayList$ArrayListSpliterator.forEachRemaining(ArrayList.java:1655)
	at java.base/java.util.stream.AbstractPipeline.copyInto(AbstractPipeline.java:484)
	at java.base/java.util.stream.AbstractPipeline.wrapAndCopyInto(AbstractPipeline.java:474)
	at java.base/java.util.stream.ReduceOps$ReduceOp.evaluateSequential(ReduceOps.java:913)
	at java.base/java.util.stream.AbstractPipeline.evaluate(AbstractPipeline.java:234)
	at java.base/java.util.stream.ReferencePipeline.collect(ReferencePipeline.java:578)
	at de.uka.ilkd.key.nparser.builder.AbstractBuilder.mapOf(AbstractBuilder.java:112)
	at de.uka.ilkd.key.nparser.builder.IncludeFinder.visitOne_include_statement(IncludeFinder.java:35)
	at de.uka.ilkd.key.nparser.builder.IncludeFinder.visitOne_include_statement(IncludeFinder.java:20)
	at de.uka.ilkd.key.nparser.KeYParser$One_include_statementContext.accept(KeYParser.java:802)
	at org.antlr.v4.runtime.tree.AbstractParseTreeVisitor.visitChildren(AbstractParseTreeVisitor.java:46)
	at de.uka.ilkd.key.nparser.KeYParserBaseVisitor.visitDecls(KeYParserBaseVisitor.java:30)
	at de.uka.ilkd.key.nparser.KeYParser$DeclsContext.accept(KeYParser.java:500)
	at org.antlr.v4.runtime.tree.AbstractParseTreeVisitor.visitChildren(AbstractParseTreeVisitor.java:46)
	at de.uka.ilkd.key.nparser.KeYParserBaseVisitor.visitFile(KeYParserBaseVisitor.java:23)
	at de.uka.ilkd.key.nparser.KeYParser$FileContext.accept(KeYParser.java:306)
	at de.uka.ilkd.key.nparser.KeyAst.accept(KeyAst.java:41)
	at de.uka.ilkd.key.nparser.KeyAst$File.getIncludes(KeyAst.java:76)
	at de.uka.ilkd.key.proof.io.KeYFile.readIncludes(KeYFile.java:208)
	... 14 more
Could not find rule file rules/intRulesCheckedSemantics.key (file: /home/runner/work/key/key/key.core/../key.ui/examples/index/.././heap/vstte10_05_Queue/AmortizedQueue_AmortizedQueue.key; caused by: de.uka.ilkd.key.proof.init.ProofInputException: Could not find rule file rules/intRulesCheckedSemantics.key)
	at de.uka.ilkd.key.control.AbstractUserInterfaceControl.load(AbstractUserInterfaceControl.java:221)
	at de.uka.ilkd.key.control.KeYEnvironment.load(KeYEnvironment.java:251)
	at de.uka.ilkd.key.control.KeYEnvironment.load(KeYEnvironment.java:224)
	at de.uka.ilkd.key.control.KeYEnvironment.load(KeYEnvironment.java:184)
	at de.uka.ilkd.key.control.KeYEnvironment.load(KeYEnvironment.java:261)
	at de.uka.ilkd.key.proof.runallproofs.proofcollection.TestFile.load(TestFile.java:270)
	at de.uka.ilkd.key.proof.runallproofs.proofcollection.TestFile.runKey(TestFile.java:160)
	at de.uka.ilkd.key.proof.runallproofs.proofcollection.ForkedTestFileRunner.main(ForkedTestFileRunner.java:171)
Caused by: de.uka.ilkd.key.proof.init.ProofInputException: Could not find rule file rules/intRulesCheckedSemantics.key
	at de.uka.ilkd.key.proof.io.KeYFile.readIncludes(KeYFile.java:210)
	at de.uka.ilkd.key.proof.init.ProblemInitializer.readIncludes(ProblemInitializer.java:177)
	at de.uka.ilkd.key.proof.init.ProblemInitializer.readEnvInput(ProblemInitializer.java:325)
	at de.uka.ilkd.key.proof.init.ProblemInitializer.prepare(ProblemInitializer.java:449)
	at de.uka.ilkd.key.proof.io.AbstractProblemLoader.createInitConfig(AbstractProblemLoader.java:518)
	at de.uka.ilkd.key.proof.io.AbstractProblemLoader.loadEnvironment(AbstractProblemLoader.java:288)
	at de.uka.ilkd.key.proof.io.AbstractProblemLoader.load(AbstractProblemLoader.java:252)
	at de.uka.ilkd.key.control.AbstractUserInterfaceControl.load(AbstractUserInterfaceControl.java:209)
	... 7 more
Caused by: java.lang.RuntimeException: Could not find rule file rules/intRulesCheckedSemantics.key
	at de.uka.ilkd.key.proof.io.RuleSourceFactory.fromBuiltInRule(RuleSourceFactory.java:32)
	at de.uka.ilkd.key.proof.io.RuleSourceFactory.fromDefaultLocation(RuleSourceFactory.java:21)
	at de.uka.ilkd.key.nparser.builder.IncludeFinder.addInclude(IncludeFinder.java:63)
	at de.uka.ilkd.key.nparser.builder.IncludeFinder.visitOne_include(IncludeFinder.java:43)
	at de.uka.ilkd.key.nparser.builder.IncludeFinder.visitOne_include(IncludeFinder.java:20)
	at de.uka.ilkd.key.nparser.KeYParser$One_includeContext.accept(KeYParser.java:878)
	at de.uka.ilkd.key.nparser.builder.AbstractBuilder.lambda$mapOf$0(AbstractBuilder.java:112)
	at java.base/java.util.stream.ReferencePipeline$3$1.accept(ReferencePipeline.java:195)
	at java.base/java.util.ArrayList$ArrayListSpliterator.forEachRemaining(ArrayList.java:1655)
	at java.base/java.util.stream.AbstractPipeline.copyInto(AbstractPipeline.java:484)
	at java.base/java.util.stream.AbstractPipeline.wrapAndCopyInto(AbstractPipeline.java:474)
	at java.base/java.util.stream.ReduceOps$ReduceOp.evaluateSequential(ReduceOps.java:913)
	at java.base/java.util.stream.AbstractPipeline.evaluate(AbstractPipeline.java:234)
	at java.base/java.util.stream.ReferencePipeline.collect(ReferencePipeline.java:578)
	at de.uka.ilkd.key.nparser.builder.AbstractBuilder.mapOf(AbstractBuilder.java:112)
	at de.uka.ilkd.key.nparser.builder.IncludeFinder.visitOne_include_statement(IncludeFinder.java:35)
	at de.uka.ilkd.key.nparser.builder.IncludeFinder.visitOne_include_statement(IncludeFinder.java:20)
	at de.uka.ilkd.key.nparser.KeYParser$One_include_statementContext.accept(KeYParser.java:802)
	at org.antlr.v4.runtime.tree.AbstractParseTreeVisitor.visitChildren(AbstractParseTreeVisitor.java:46)
	at de.uka.ilkd.key.nparser.KeYParserBaseVisitor.visitDecls(KeYParserBaseVisitor.java:30)
	at de.uka.ilkd.key.nparser.KeYParser$DeclsContext.accept(KeYParser.java:500)
	at org.antlr.v4.runtime.tree.AbstractParseTreeVisitor.visitChildren(AbstractParseTreeVisitor.java:46)
	at de.uka.ilkd.key.nparser.KeYParserBaseVisitor.visitFile(KeYParserBaseVisitor.java:23)
	at de.uka.ilkd.key.nparser.KeYParser$FileContext.accept(KeYParser.java:306)
	at de.uka.ilkd.key.nparser.KeyAst.accept(KeyAst.java:41)
	at de.uka.ilkd.key.nparser.KeyAst$File.getIncludes(KeyAst.java:76)
	at de.uka.ilkd.key.proof.io.KeYFile.readIncludes(KeYFile.java:208)
	... 14 more
Could not find rule file rules/intRulesCheckedSemantics.key (file: /home/runner/work/key/key/key.core/../key.ui/examples/index/.././heap/vstte10_05_Queue/AmortizedQueue_front.key; caused by: de.uka.ilkd.key.proof.init.ProofInputException: Could not find rule file rules/intRulesCheckedSemantics.key)
	at de.uka.ilkd.key.control.AbstractUserInterfaceControl.load(AbstractUserInterfaceControl.java:221)
	at de.uka.ilkd.key.control.KeYEnvironment.load(KeYEnvironment.java:251)
	at de.uka.ilkd.key.control.KeYEnvironment.load(KeYEnvironment.java:224)
	at de.uka.ilkd.key.control.KeYEnvironment.load(KeYEnvironment.java:184)
	at de.uka.ilkd.key.control.KeYEnvironment.load(KeYEnvironment.java:261)
	at de.uka.ilkd.key.proof.runallproofs.proofcollection.TestFile.load(TestFile.java:270)
	at de.uka.ilkd.key.proof.runallproofs.proofcollection.TestFile.runKey(TestFile.java:160)
	at de.uka.ilkd.key.proof.runallproofs.proofcollection.ForkedTestFileRunner.main(ForkedTestFileRunner.java:171)
Caused by: de.uka.ilkd.key.proof.init.ProofInputException: Could not find rule file rules/intRulesCheckedSemantics.key
	at de.uka.ilkd.key.proof.io.KeYFile.readIncludes(KeYFile.java:210)
	at de.uka.ilkd.key.proof.init.ProblemInitializer.readIncludes(ProblemInitializer.java:177)
	at de.uka.ilkd.key.proof.init.ProblemInitializer.readEnvInput(ProblemInitializer.java:325)
	at de.uka.ilkd.key.proof.init.ProblemInitializer.prepare(ProblemInitializer.java:449)
	at de.uka.ilkd.key.proof.io.AbstractProblemLoader.createInitConfig(AbstractProblemLoader.java:518)
	at de.uka.ilkd.key.proof.io.AbstractProblemLoader.loadEnvironment(AbstractProblemLoader.java:288)
	at de.uka.ilkd.key.proof.io.AbstractProblemLoader.load(AbstractProblemLoader.java:252)
	at de.uka.ilkd.key.control.AbstractUserInterfaceControl.load(AbstractUserInterfaceControl.java:209)
	... 7 more
Caused by: java.lang.RuntimeException: Could not find rule file rules/intRulesCheckedSemantics.key
	at de.uka.ilkd.key.proof.io.RuleSourceFactory.fromBuiltInRule(RuleSourceFactory.java:32)
	at de.uka.ilkd.key.proof.io.RuleSourceFactory.fromDefaultLocation(RuleSourceFactory.java:21)
	at de.uka.ilkd.key.nparser.builder.IncludeFinder.addInclude(IncludeFinder.java:63)
	at de.uka.ilkd.key.nparser.builder.IncludeFinder.visitOne_include(IncludeFinder.java:43)
	at de.uka.ilkd.key.nparser.builder.IncludeFinder.visitOne_include(IncludeFinder.java:20)
	at de.uka.ilkd.key.nparser.KeYParser$One_includeContext.accept(KeYParser.java:878)
	at de.uka.ilkd.key.nparser.builder.AbstractBuilder.lambda$mapOf$0(AbstractBuilder.java:112)
	at java.base/java.util.stream.ReferencePipeline$3$1.accept(ReferencePipeline.java:195)
	at java.base/java.util.ArrayList$ArrayListSpliterator.forEachRemaining(ArrayList.java:1655)
	at java.base/java.util.stream.AbstractPipeline.copyInto(AbstractPipeline.java:484)
	at java.base/java.util.stream.AbstractPipeline.wrapAndCopyInto(AbstractPipeline.java:474)
	at java.base/java.util.stream.ReduceOps$ReduceOp.evaluateSequential(ReduceOps.java:913)
	at java.base/java.util.stream.AbstractPipeline.evaluate(AbstractPipeline.java:234)
	at java.base/java.util.stream.ReferencePipeline.collect(ReferencePipeline.java:578)
	at de.uka.ilkd.key.nparser.builder.AbstractBuilder.mapOf(AbstractBuilder.java:112)
	at de.uka.ilkd.key.nparser.builder.IncludeFinder.visitOne_include_statement(IncludeFinder.java:35)
	at de.uka.ilkd.key.nparser.builder.IncludeFinder.visitOne_include_statement(IncludeFinder.java:20)
	at de.uka.ilkd.key.nparser.KeYParser$One_include_statementContext.accept(KeYParser.java:802)
	at org.antlr.v4.runtime.tree.AbstractParseTreeVisitor.visitChildren(AbstractParseTreeVisitor.java:46)
	at de.uka.ilkd.key.nparser.KeYParserBaseVisitor.visitDecls(KeYParserBaseVisitor.java:30)
	at de.uka.ilkd.key.nparser.KeYParser$DeclsContext.accept(KeYParser.java:500)
	at org.antlr.v4.runtime.tree.AbstractParseTreeVisitor.visitChildren(AbstractParseTreeVisitor.java:46)
	at de.uka.ilkd.key.nparser.KeYParserBaseVisitor.visitFile(KeYParserBaseVisitor.java:23)
	at de.uka.ilkd.key.nparser.KeYParser$FileContext.accept(KeYParser.java:306)
	at de.uka.ilkd.key.nparser.KeyAst.accept(KeyAst.java:41)
	at de.uka.ilkd.key.nparser.KeyAst$File.getIncludes(KeyAst.java:76)
	at de.uka.ilkd.key.proof.io.KeYFile.readIncludes(KeYFile.java:208)
	... 14 more
Could not find rule file rules/intRulesCheckedSemantics.key (file: /home/runner/work/key/key/key.core/../key.ui/examples/index/.././heap/vstte10_05_Queue/LinkedList_concat.key; caused by: de.uka.ilkd.key.proof.init.ProofInputException: Could not find rule file rules/intRulesCheckedSemantics.key)
	at de.uka.ilkd.key.control.AbstractUserInterfaceControl.load(AbstractUserInterfaceControl.java:221)
	at de.uka.ilkd.key.control.KeYEnvironment.load(KeYEnvironment.java:251)
	at de.uka.ilkd.key.control.KeYEnvironment.load(KeYEnvironment.java:224)
	at de.uka.ilkd.key.control.KeYEnvironment.load(KeYEnvironment.java:184)
	at de.uka.ilkd.key.control.KeYEnvironment.load(KeYEnvironment.java:261)
	at de.uka.ilkd.key.proof.runallproofs.proofcollection.TestFile.load(TestFile.java:270)
	at de.uka.ilkd.key.proof.runallproofs.proofcollection.TestFile.runKey(TestFile.java:160)
	at de.uka.ilkd.key.proof.runallproofs.proofcollection.ForkedTestFileRunner.main(ForkedTestFileRunner.java:171)
Caused by: de.uka.ilkd.key.proof.init.ProofInputException: Could not find rule file rules/intRulesCheckedSemantics.key
	at de.uka.ilkd.key.proof.io.KeYFile.readIncludes(KeYFile.java:210)
	at de.uka.ilkd.key.proof.init.ProblemInitializer.readIncludes(ProblemInitializer.java:177)
	at de.uka.ilkd.key.proof.init.ProblemInitializer.readEnvInput(ProblemInitializer.java:325)
	at de.uka.ilkd.key.proof.init.ProblemInitializer.prepare(ProblemInitializer.java:449)
	at de.uka.ilkd.key.proof.io.AbstractProblemLoader.createInitConfig(AbstractProblemLoader.java:518)
	at de.uka.ilkd.key.proof.io.AbstractProblemLoader.loadEnvironment(AbstractProblemLoader.java:288)
	at de.uka.ilkd.key.proof.io.AbstractProblemLoader.load(AbstractProblemLoader.java:252)
	at de.uka.ilkd.key.control.AbstractUserInterfaceControl.load(AbstractUserInterfaceControl.java:209)
	... 7 more
Caused by: java.lang.RuntimeException: Could not find rule file rules/intRulesCheckedSemantics.key
	at de.uka.ilkd.key.proof.io.RuleSourceFactory.fromBuiltInRule(RuleSourceFactory.java:32)
	at de.uka.ilkd.key.proof.io.RuleSourceFactory.fromDefaultLocation(RuleSourceFactory.java:21)
	at de.uka.ilkd.key.nparser.builder.IncludeFinder.addInclude(IncludeFinder.java:63)
	at de.uka.ilkd.key.nparser.builder.IncludeFinder.visitOne_include(IncludeFinder.java:43)
	at de.uka.ilkd.key.nparser.builder.IncludeFinder.visitOne_include(IncludeFinder.java:20)
	at de.uka.ilkd.key.nparser.KeYParser$One_includeContext.accept(KeYParser.java:878)
	at de.uka.ilkd.key.nparser.builder.AbstractBuilder.lambda$mapOf$0(AbstractBuilder.java:112)
	at java.base/java.util.stream.ReferencePipeline$3$1.accept(ReferencePipeline.java:195)
	at java.base/java.util.ArrayList$ArrayListSpliterator.forEachRemaining(ArrayList.java:1655)
	at java.base/java.util.stream.AbstractPipeline.copyInto(AbstractPipeline.java:484)
	at java.base/java.util.stream.AbstractPipeline.wrapAndCopyInto(AbstractPipeline.java:474)
	at java.base/java.util.stream.ReduceOps$ReduceOp.evaluateSequential(ReduceOps.java:913)
	at java.base/java.util.stream.AbstractPipeline.evaluate(AbstractPipeline.java:234)
	at java.base/java.util.stream.ReferencePipeline.collect(ReferencePipeline.java:578)
	at de.uka.ilkd.key.nparser.builder.AbstractBuilder.mapOf(AbstractBuilder.java:112)
	at de.uka.ilkd.key.nparser.builder.IncludeFinder.visitOne_include_statement(IncludeFinder.java:35)
	at de.uka.ilkd.key.nparser.builder.IncludeFinder.visitOne_include_statement(IncludeFinder.java:20)
	at de.uka.ilkd.key.nparser.KeYParser$One_include_statementContext.accept(KeYParser.java:802)
	at org.antlr.v4.runtime.tree.AbstractParseTreeVisitor.visitChildren(AbstractParseTreeVisitor.java:46)
	at de.uka.ilkd.key.nparser.KeYParserBaseVisitor.visitDecls(KeYParserBaseVisitor.java:30)
	at de.uka.ilkd.key.nparser.KeYParser$DeclsContext.accept(KeYParser.java:500)
	at org.antlr.v4.runtime.tree.AbstractParseTreeVisitor.visitChildren(AbstractParseTreeVisitor.java:46)
	at de.uka.ilkd.key.nparser.KeYParserBaseVisitor.visitFile(KeYParserBaseVisitor.java:23)
	at de.uka.ilkd.key.nparser.KeYParser$FileContext.accept(KeYParser.java:306)
	at de.uka.ilkd.key.nparser.KeyAst.accept(KeyAst.java:41)
	at de.uka.ilkd.key.nparser.KeyAst$File.getIncludes(KeyAst.java:76)
	at de.uka.ilkd.key.proof.io.KeYFile.readIncludes(KeYFile.java:208)
	... 14 more
Could not find rule file rules/intRulesCheckedSemantics.key (file: /home/runner/work/key/key/key.core/../key.ui/examples/index/.././heap/vstte10_05_Queue/LinkedList_cons.key; caused by: de.uka.ilkd.key.proof.init.ProofInputException: Could not find rule file rules/intRulesCheckedSemantics.key)
	at de.uka.ilkd.key.control.AbstractUserInterfaceControl.load(AbstractUserInterfaceControl.java:221)
	at de.uka.ilkd.key.control.KeYEnvironment.load(KeYEnvironment.java:251)
	at de.uka.ilkd.key.control.KeYEnvironment.load(KeYEnvironment.java:224)
	at de.uka.ilkd.key.control.KeYEnvironment.load(KeYEnvironment.java:184)
	at de.uka.ilkd.key.control.KeYEnvironment.load(KeYEnvironment.java:261)
	at de.uka.ilkd.key.proof.runallproofs.proofcollection.TestFile.load(TestFile.java:270)
	at de.uka.ilkd.key.proof.runallproofs.proofcollection.TestFile.runKey(TestFile.java:160)
	at de.uka.ilkd.key.proof.runallproofs.proofcollection.ForkedTestFileRunner.main(ForkedTestFileRunner.java:171)
Caused by: de.uka.ilkd.key.proof.init.ProofInputException: Could not find rule file rules/intRulesCheckedSemantics.key
	at de.uka.ilkd.key.proof.io.KeYFile.readIncludes(KeYFile.java:210)
	at de.uka.ilkd.key.proof.init.ProblemInitializer.readIncludes(ProblemInitializer.java:177)
	at de.uka.ilkd.key.proof.init.ProblemInitializer.readEnvInput(ProblemInitializer.java:325)
	at de.uka.ilkd.key.proof.init.ProblemInitializer.prepare(ProblemInitializer.java:449)
	at de.uka.ilkd.key.proof.io.AbstractProblemLoader.createInitConfig(AbstractProblemLoader.java:518)
	at de.uka.ilkd.key.proof.io.AbstractProblemLoader.loadEnvironment(AbstractProblemLoader.java:288)
	at de.uka.ilkd.key.proof.io.AbstractProblemLoader.load(AbstractProblemLoader.java:252)
	at de.uka.ilkd.key.control.AbstractUserInterfaceControl.load(AbstractUserInterfaceControl.java:209)
	... 7 more
Caused by: java.lang.RuntimeException: Could not find rule file rules/intRulesCheckedSemantics.key
	at de.uka.ilkd.key.proof.io.RuleSourceFactory.fromBuiltInRule(RuleSourceFactory.java:32)
	at de.uka.ilkd.key.proof.io.RuleSourceFactory.fromDefaultLocation(RuleSourceFactory.java:21)
	at de.uka.ilkd.key.nparser.builder.IncludeFinder.addInclude(IncludeFinder.java:63)
	at de.uka.ilkd.key.nparser.builder.IncludeFinder.visitOne_include(IncludeFinder.java:43)
	at de.uka.ilkd.key.nparser.builder.IncludeFinder.visitOne_include(IncludeFinder.java:20)
	at de.uka.ilkd.key.nparser.KeYParser$One_includeContext.accept(KeYParser.java:878)
	at de.uka.ilkd.key.nparser.builder.AbstractBuilder.lambda$mapOf$0(AbstractBuilder.java:112)
	at java.base/java.util.stream.ReferencePipeline$3$1.accept(ReferencePipeline.java:195)
	at java.base/java.util.ArrayList$ArrayListSpliterator.forEachRemaining(ArrayList.java:1655)
	at java.base/java.util.stream.AbstractPipeline.copyInto(AbstractPipeline.java:484)
	at java.base/java.util.stream.AbstractPipeline.wrapAndCopyInto(AbstractPipeline.java:474)
	at java.base/java.util.stream.ReduceOps$ReduceOp.evaluateSequential(ReduceOps.java:913)
	at java.base/java.util.stream.AbstractPipeline.evaluate(AbstractPipeline.java:234)
	at java.base/java.util.stream.ReferencePipeline.collect(ReferencePipeline.java:578)
	at de.uka.ilkd.key.nparser.builder.AbstractBuilder.mapOf(AbstractBuilder.java:112)
	at de.uka.ilkd.key.nparser.builder.IncludeFinder.visitOne_include_statement(IncludeFinder.java:35)
	at de.uka.ilkd.key.nparser.builder.IncludeFinder.visitOne_include_statement(IncludeFinder.java:20)
	at de.uka.ilkd.key.nparser.KeYParser$One_include_statementContext.accept(KeYParser.java:802)
	at org.antlr.v4.runtime.tree.AbstractParseTreeVisitor.visitChildren(AbstractParseTreeVisitor.java:46)
	at de.uka.ilkd.key.nparser.KeYParserBaseVisitor.visitDecls(KeYParserBaseVisitor.java:30)
	at de.uka.ilkd.key.nparser.KeYParser$DeclsContext.accept(KeYParser.java:500)
	at org.antlr.v4.runtime.tree.AbstractParseTreeVisitor.visitChildren(AbstractParseTreeVisitor.java:46)
	at de.uka.ilkd.key.nparser.KeYParserBaseVisitor.visitFile(KeYParserBaseVisitor.java:23)
	at de.uka.ilkd.key.nparser.KeYParser$FileContext.accept(KeYParser.java:306)
	at de.uka.ilkd.key.nparser.KeyAst.accept(KeyAst.java:41)
	at de.uka.ilkd.key.nparser.KeyAst$File.getIncludes(KeyAst.java:76)
	at de.uka.ilkd.key.proof.io.KeYFile.readIncludes(KeYFile.java:208)
	... 14 more
Could not find rule file rules/intRulesCheckedSemantics.key (file: /home/runner/work/key/key/key.core/../key.ui/examples/index/.././heap/vstte10_05_Queue/LinkedList_head.key; caused by: de.uka.ilkd.key.proof.init.ProofInputException: Could not find rule file rules/intRulesCheckedSemantics.key)
	at de.uka.ilkd.key.control.AbstractUserInterfaceControl.load(AbstractUserInterfaceControl.java:221)
	at de.uka.ilkd.key.control.KeYEnvironment.load(KeYEnvironment.java:251)
	at de.uka.ilkd.key.control.KeYEnvironment.load(KeYEnvironment.java:224)
	at de.uka.ilkd.key.control.KeYEnvironment.load(KeYEnvironment.java:184)
	at de.uka.ilkd.key.control.KeYEnvironment.load(KeYEnvironment.java:261)
	at de.uka.ilkd.key.proof.runallproofs.proofcollection.TestFile.load(TestFile.java:270)
	at de.uka.ilkd.key.proof.runallproofs.proofcollection.TestFile.runKey(TestFile.java:160)
	at de.uka.ilkd.key.proof.runallproofs.proofcollection.ForkedTestFileRunner.main(ForkedTestFileRunner.java:171)
Caused by: de.uka.ilkd.key.proof.init.ProofInputException: Could not find rule file rules/intRulesCheckedSemantics.key
	at de.uka.ilkd.key.proof.io.KeYFile.readIncludes(KeYFile.java:210)
	at de.uka.ilkd.key.proof.init.ProblemInitializer.readIncludes(ProblemInitializer.java:177)
	at de.uka.ilkd.key.proof.init.ProblemInitializer.readEnvInput(ProblemInitializer.java:325)
	at de.uka.ilkd.key.proof.init.ProblemInitializer.prepare(ProblemInitializer.java:449)
	at de.uka.ilkd.key.proof.io.AbstractProblemLoader.createInitConfig(AbstractProblemLoader.java:518)
	at de.uka.ilkd.key.proof.io.AbstractProblemLoader.loadEnvironment(AbstractProblemLoader.java:288)
	at de.uka.ilkd.key.proof.io.AbstractProblemLoader.load(AbstractProblemLoader.java:252)
	at de.uka.ilkd.key.control.AbstractUserInterfaceControl.load(AbstractUserInterfaceControl.java:209)
	... 7 more
Caused by: java.lang.RuntimeException: Could not find rule file rules/intRulesCheckedSemantics.key
	at de.uka.ilkd.key.proof.io.RuleSourceFactory.fromBuiltInRule(RuleSourceFactory.java:32)
	at de.uka.ilkd.key.proof.io.RuleSourceFactory.fromDefaultLocation(RuleSourceFactory.java:21)
	at de.uka.ilkd.key.nparser.builder.IncludeFinder.addInclude(IncludeFinder.java:63)
	at de.uka.ilkd.key.nparser.builder.IncludeFinder.visitOne_include(IncludeFinder.java:43)
	at de.uka.ilkd.key.nparser.builder.IncludeFinder.visitOne_include(IncludeFinder.java:20)
	at de.uka.ilkd.key.nparser.KeYParser$One_includeContext.accept(KeYParser.java:878)
	at de.uka.ilkd.key.nparser.builder.AbstractBuilder.lambda$mapOf$0(AbstractBuilder.java:112)
	at java.base/java.util.stream.ReferencePipeline$3$1.accept(ReferencePipeline.java:195)
	at java.base/java.util.ArrayList$ArrayListSpliterator.forEachRemaining(ArrayList.java:1655)
	at java.base/java.util.stream.AbstractPipeline.copyInto(AbstractPipeline.java:484)
	at java.base/java.util.stream.AbstractPipeline.wrapAndCopyInto(AbstractPipeline.java:474)
	at java.base/java.util.stream.ReduceOps$ReduceOp.evaluateSequential(ReduceOps.java:913)
	at java.base/java.util.stream.AbstractPipeline.evaluate(AbstractPipeline.java:234)
	at java.base/java.util.stream.ReferencePipeline.collect(ReferencePipeline.java:578)
	at de.uka.ilkd.key.nparser.builder.AbstractBuilder.mapOf(AbstractBuilder.java:112)
	at de.uka.ilkd.key.nparser.builder.IncludeFinder.visitOne_include_statement(IncludeFinder.java:35)
	at de.uka.ilkd.key.nparser.builder.IncludeFinder.visitOne_include_statement(IncludeFinder.java:20)
	at de.uka.ilkd.key.nparser.KeYParser$One_include_statementContext.accept(KeYParser.java:802)
	at org.antlr.v4.runtime.tree.AbstractParseTreeVisitor.visitChildren(AbstractParseTreeVisitor.java:46)
	at de.uka.ilkd.key.nparser.KeYParserBaseVisitor.visitDecls(KeYParserBaseVisitor.java:30)
	at de.uka.ilkd.key.nparser.KeYParser$DeclsContext.accept(KeYParser.java:500)
	at org.antlr.v4.runtime.tree.AbstractParseTreeVisitor.visitChildren(AbstractParseTreeVisitor.java:46)
	at de.uka.ilkd.key.nparser.KeYParserBaseVisitor.visitFile(KeYParserBaseVisitor.java:23)
	at de.uka.ilkd.key.nparser.KeYParser$FileContext.accept(KeYParser.java:306)
	at de.uka.ilkd.key.nparser.KeyAst.accept(KeyAst.java:41)
	at de.uka.ilkd.key.nparser.KeyAst$File.getIncludes(KeyAst.java:76)
	at de.uka.ilkd.key.proof.io.KeYFile.readIncludes(KeYFile.java:208)
	... 14 more
Could not find rule file rules/intRulesCheckedSemantics.key (file: /home/runner/work/key/key/key.core/../key.ui/examples/index/.././heap/vstte10_05_Queue/LinkedList_inv.key; caused by: de.uka.ilkd.key.proof.init.ProofInputException: Could not find rule file rules/intRulesCheckedSemantics.key)
	at de.uka.ilkd.key.control.AbstractUserInterfaceControl.load(AbstractUserInterfaceControl.java:221)
	at de.uka.ilkd.key.control.KeYEnvironment.load(KeYEnvironment.java:251)
	at de.uka.ilkd.key.control.KeYEnvironment.load(KeYEnvironment.java:224)
	at de.uka.ilkd.key.control.KeYEnvironment.load(KeYEnvironment.java:184)
	at de.uka.ilkd.key.control.KeYEnvironment.load(KeYEnvironment.java:261)
	at de.uka.ilkd.key.proof.runallproofs.proofcollection.TestFile.load(TestFile.java:270)
	at de.uka.ilkd.key.proof.runallproofs.proofcollection.TestFile.runKey(TestFile.java:160)
	at de.uka.ilkd.key.proof.runallproofs.proofcollection.ForkedTestFileRunner.main(ForkedTestFileRunner.java:171)
Caused by: de.uka.ilkd.key.proof.init.ProofInputException: Could not find rule file rules/intRulesCheckedSemantics.key
	at de.uka.ilkd.key.proof.io.KeYFile.readIncludes(KeYFile.java:210)
	at de.uka.ilkd.key.proof.init.ProblemInitializer.readIncludes(ProblemInitializer.java:177)
	at de.uka.ilkd.key.proof.init.ProblemInitializer.readEnvInput(ProblemInitializer.java:325)
	at de.uka.ilkd.key.proof.init.ProblemInitializer.prepare(ProblemInitializer.java:449)
	at de.uka.ilkd.key.proof.io.AbstractProblemLoader.createInitConfig(AbstractProblemLoader.java:518)
	at de.uka.ilkd.key.proof.io.AbstractProblemLoader.loadEnvironment(AbstractProblemLoader.java:288)
	at de.uka.ilkd.key.proof.io.AbstractProblemLoader.load(AbstractProblemLoader.java:252)
	at de.uka.ilkd.key.control.AbstractUserInterfaceControl.load(AbstractUserInterfaceControl.java:209)
	... 7 more
Caused by: java.lang.RuntimeException: Could not find rule file rules/intRulesCheckedSemantics.key
	at de.uka.ilkd.key.proof.io.RuleSourceFactory.fromBuiltInRule(RuleSourceFactory.java:32)
	at de.uka.ilkd.key.proof.io.RuleSourceFactory.fromDefaultLocation(RuleSourceFactory.java:21)
	at de.uka.ilkd.key.nparser.builder.IncludeFinder.addInclude(IncludeFinder.java:63)
	at de.uka.ilkd.key.nparser.builder.IncludeFinder.visitOne_include(IncludeFinder.java:43)
	at de.uka.ilkd.key.nparser.builder.IncludeFinder.visitOne_include(IncludeFinder.java:20)
	at de.uka.ilkd.key.nparser.KeYParser$One_includeContext.accept(KeYParser.java:878)
	at de.uka.ilkd.key.nparser.builder.AbstractBuilder.lambda$mapOf$0(AbstractBuilder.java:112)
	at java.base/java.util.stream.ReferencePipeline$3$1.accept(ReferencePipeline.java:195)
	at java.base/java.util.ArrayList$ArrayListSpliterator.forEachRemaining(ArrayList.java:1655)
	at java.base/java.util.stream.AbstractPipeline.copyInto(AbstractPipeline.java:484)
	at java.base/java.util.stream.AbstractPipeline.wrapAndCopyInto(AbstractPipeline.java:474)
	at java.base/java.util.stream.ReduceOps$ReduceOp.evaluateSequential(ReduceOps.java:913)
	at java.base/java.util.stream.AbstractPipeline.evaluate(AbstractPipeline.java:234)
	at java.base/java.util.stream.ReferencePipeline.collect(ReferencePipeline.java:578)
	at de.uka.ilkd.key.nparser.builder.AbstractBuilder.mapOf(AbstractBuilder.java:112)
	at de.uka.ilkd.key.nparser.builder.IncludeFinder.visitOne_include_statement(IncludeFinder.java:35)
	at de.uka.ilkd.key.nparser.builder.IncludeFinder.visitOne_include_statement(IncludeFinder.java:20)
	at de.uka.ilkd.key.nparser.KeYParser$One_include_statementContext.accept(KeYParser.java:802)
	at org.antlr.v4.runtime.tree.AbstractParseTreeVisitor.visitChildren(AbstractParseTreeVisitor.java:46)
	at de.uka.ilkd.key.nparser.KeYParserBaseVisitor.visitDecls(KeYParserBaseVisitor.java:30)
	at de.uka.ilkd.key.nparser.KeYParser$DeclsContext.accept(KeYParser.java:500)
	at org.antlr.v4.runtime.tree.AbstractParseTreeVisitor.visitChildren(AbstractParseTreeVisitor.java:46)
	at de.uka.ilkd.key.nparser.KeYParserBaseVisitor.visitFile(KeYParserBaseVisitor.java:23)
	at de.uka.ilkd.key.nparser.KeYParser$FileContext.accept(KeYParser.java:306)
	at de.uka.ilkd.key.nparser.KeyAst.accept(KeyAst.java:41)
	at de.uka.ilkd.key.nparser.KeyAst$File.getIncludes(KeyAst.java:76)
	at de.uka.ilkd.key.proof.io.KeYFile.readIncludes(KeYFile.java:208)
	... 14 more
Could not find rule file rules/intRulesCheckedSemantics.key (file: /home/runner/work/key/key/key.core/../key.ui/examples/index/.././heap/vstte10_05_Queue/LinkedList_length.key; caused by: de.uka.ilkd.key.proof.init.ProofInputException: Could not find rule file rules/intRulesCheckedSemantics.key)
	at de.uka.ilkd.key.control.AbstractUserInterfaceControl.load(AbstractUserInterfaceControl.java:221)
	at de.uka.ilkd.key.control.KeYEnvironment.load(KeYEnvironment.java:251)
	at de.uka.ilkd.key.control.KeYEnvironment.load(KeYEnvironment.java:224)
	at de.uka.ilkd.key.control.KeYEnvironment.load(KeYEnvironment.java:184)
	at de.uka.ilkd.key.control.KeYEnvironment.load(KeYEnvironment.java:261)
	at de.uka.ilkd.key.proof.runallproofs.proofcollection.TestFile.load(TestFile.java:270)
	at de.uka.ilkd.key.proof.runallproofs.proofcollection.TestFile.runKey(TestFile.java:160)
	at de.uka.ilkd.key.proof.runallproofs.proofcollection.ForkedTestFileRunner.main(ForkedTestFileRunner.java:171)
Caused by: de.uka.ilkd.key.proof.init.ProofInputException: Could not find rule file rules/intRulesCheckedSemantics.key
	at de.uka.ilkd.key.proof.io.KeYFile.readIncludes(KeYFile.java:210)
	at de.uka.ilkd.key.proof.init.ProblemInitializer.readIncludes(ProblemInitializer.java:177)
	at de.uka.ilkd.key.proof.init.ProblemInitializer.readEnvInput(ProblemInitializer.java:325)
	at de.uka.ilkd.key.proof.init.ProblemInitializer.prepare(ProblemInitializer.java:449)
	at de.uka.ilkd.key.proof.io.AbstractProblemLoader.createInitConfig(AbstractProblemLoader.java:518)
	at de.uka.ilkd.key.proof.io.AbstractProblemLoader.loadEnvironment(AbstractProblemLoader.java:288)
	at de.uka.ilkd.key.proof.io.AbstractProblemLoader.load(AbstractProblemLoader.java:252)
	at de.uka.ilkd.key.control.AbstractUserInterfaceControl.load(AbstractUserInterfaceControl.java:209)
	... 7 more
Caused by: java.lang.RuntimeException: Could not find rule file rules/intRulesCheckedSemantics.key
	at de.uka.ilkd.key.proof.io.RuleSourceFactory.fromBuiltInRule(RuleSourceFactory.java:32)
	at de.uka.ilkd.key.proof.io.RuleSourceFactory.fromDefaultLocation(RuleSourceFactory.java:21)
	at de.uka.ilkd.key.nparser.builder.IncludeFinder.addInclude(IncludeFinder.java:63)
	at de.uka.ilkd.key.nparser.builder.IncludeFinder.visitOne_include(IncludeFinder.java:43)
	at de.uka.ilkd.key.nparser.builder.IncludeFinder.visitOne_include(IncludeFinder.java:20)
	at de.uka.ilkd.key.nparser.KeYParser$One_includeContext.accept(KeYParser.java:878)
	at de.uka.ilkd.key.nparser.builder.AbstractBuilder.lambda$mapOf$0(AbstractBuilder.java:112)
	at java.base/java.util.stream.ReferencePipeline$3$1.accept(ReferencePipeline.java:195)
	at java.base/java.util.ArrayList$ArrayListSpliterator.forEachRemaining(ArrayList.java:1655)
	at java.base/java.util.stream.AbstractPipeline.copyInto(AbstractPipeline.java:484)
	at java.base/java.util.stream.AbstractPipeline.wrapAndCopyInto(AbstractPipeline.java:474)
	at java.base/java.util.stream.ReduceOps$ReduceOp.evaluateSequential(ReduceOps.java:913)
	at java.base/java.util.stream.AbstractPipeline.evaluate(AbstractPipeline.java:234)
	at java.base/java.util.stream.ReferencePipeline.collect(ReferencePipeline.java:578)
	at de.uka.ilkd.key.nparser.builder.AbstractBuilder.mapOf(AbstractBuilder.java:112)
	at de.uka.ilkd.key.nparser.builder.IncludeFinder.visitOne_include_statement(IncludeFinder.java:35)
	at de.uka.ilkd.key.nparser.builder.IncludeFinder.visitOne_include_statement(IncludeFinder.java:20)
	at de.uka.ilkd.key.nparser.KeYParser$One_include_statementContext.accept(KeYParser.java:802)
	at org.antlr.v4.runtime.tree.AbstractParseTreeVisitor.visitChildren(AbstractParseTreeVisitor.java:46)
	at de.uka.ilkd.key.nparser.KeYParserBaseVisitor.visitDecls(KeYParserBaseVisitor.java:30)
	at de.uka.ilkd.key.nparser.KeYParser$DeclsContext.accept(KeYParser.java:500)
	at org.antlr.v4.runtime.tree.AbstractParseTreeVisitor.visitChildren(AbstractParseTreeVisitor.java:46)
	at de.uka.ilkd.key.nparser.KeYParserBaseVisitor.visitFile(KeYParserBaseVisitor.java:23)
	at de.uka.ilkd.key.nparser.KeYParser$FileContext.accept(KeYParser.java:306)
	at de.uka.ilkd.key.nparser.KeyAst.accept(KeyAst.java:41)
	at de.uka.ilkd.key.nparser.KeyAst$File.getIncludes(KeyAst.java:76)
	at de.uka.ilkd.key.proof.io.KeYFile.readIncludes(KeYFile.java:208)
	... 14 more
Could not find rule file rules/intRulesCheckedSemantics.key (file: /home/runner/work/key/key/key.core/../key.ui/examples/index/.././heap/vstte10_05_Queue/LinkedList_LinkedList1.key; caused by: de.uka.ilkd.key.proof.init.ProofInputException: Could not find rule file rules/intRulesCheckedSemantics.key)
	at de.uka.ilkd.key.control.AbstractUserInterfaceControl.load(AbstractUserInterfaceControl.java:221)
	at de.uka.ilkd.key.control.KeYEnvironment.load(KeYEnvironment.java:251)
	at de.uka.ilkd.key.control.KeYEnvironment.load(KeYEnvironment.java:224)
	at de.uka.ilkd.key.control.KeYEnvironment.load(KeYEnvironment.java:184)
	at de.uka.ilkd.key.control.KeYEnvironment.load(KeYEnvironment.java:261)
	at de.uka.ilkd.key.proof.runallproofs.proofcollection.TestFile.load(TestFile.java:270)
	at de.uka.ilkd.key.proof.runallproofs.proofcollection.TestFile.runKey(TestFile.java:160)
	at de.uka.ilkd.key.proof.runallproofs.proofcollection.ForkedTestFileRunner.main(ForkedTestFileRunner.java:171)
Caused by: de.uka.ilkd.key.proof.init.ProofInputException: Could not find rule file rules/intRulesCheckedSemantics.key
	at de.uka.ilkd.key.proof.io.KeYFile.readIncludes(KeYFile.java:210)
	at de.uka.ilkd.key.proof.init.ProblemInitializer.readIncludes(ProblemInitializer.java:177)
	at de.uka.ilkd.key.proof.init.ProblemInitializer.readEnvInput(ProblemInitializer.java:325)
	at de.uka.ilkd.key.proof.init.ProblemInitializer.prepare(ProblemInitializer.java:449)
	at de.uka.ilkd.key.proof.io.AbstractProblemLoader.createInitConfig(AbstractProblemLoader.java:518)
	at de.uka.ilkd.key.proof.io.AbstractProblemLoader.loadEnvironment(AbstractProblemLoader.java:288)
	at de.uka.ilkd.key.proof.io.AbstractProblemLoader.load(AbstractProblemLoader.java:252)
	at de.uka.ilkd.key.control.AbstractUserInterfaceControl.load(AbstractUserInterfaceControl.java:209)
	... 7 more
Caused by: java.lang.RuntimeException: Could not find rule file rules/intRulesCheckedSemantics.key
	at de.uka.ilkd.key.proof.io.RuleSourceFactory.fromBuiltInRule(RuleSourceFactory.java:32)
	at de.uka.ilkd.key.proof.io.RuleSourceFactory.fromDefaultLocation(RuleSourceFactory.java:21)
	at de.uka.ilkd.key.nparser.builder.IncludeFinder.addInclude(IncludeFinder.java:63)
	at de.uka.ilkd.key.nparser.builder.IncludeFinder.visitOne_include(IncludeFinder.java:43)
	at de.uka.ilkd.key.nparser.builder.IncludeFinder.visitOne_include(IncludeFinder.java:20)
	at de.uka.ilkd.key.nparser.KeYParser$One_includeContext.accept(KeYParser.java:878)
	at de.uka.ilkd.key.nparser.builder.AbstractBuilder.lambda$mapOf$0(AbstractBuilder.java:112)
	at java.base/java.util.stream.ReferencePipeline$3$1.accept(ReferencePipeline.java:195)
	at java.base/java.util.ArrayList$ArrayListSpliterator.forEachRemaining(ArrayList.java:1655)
	at java.base/java.util.stream.AbstractPipeline.copyInto(AbstractPipeline.java:484)
	at java.base/java.util.stream.AbstractPipeline.wrapAndCopyInto(AbstractPipeline.java:474)
	at java.base/java.util.stream.ReduceOps$ReduceOp.evaluateSequential(ReduceOps.java:913)
	at java.base/java.util.stream.AbstractPipeline.evaluate(AbstractPipeline.java:234)
	at java.base/java.util.stream.ReferencePipeline.collect(ReferencePipeline.java:578)
	at de.uka.ilkd.key.nparser.builder.AbstractBuilder.mapOf(AbstractBuilder.java:112)
	at de.uka.ilkd.key.nparser.builder.IncludeFinder.visitOne_include_statement(IncludeFinder.java:35)
	at de.uka.ilkd.key.nparser.builder.IncludeFinder.visitOne_include_statement(IncludeFinder.java:20)
	at de.uka.ilkd.key.nparser.KeYParser$One_include_statementContext.accept(KeYParser.java:802)
	at org.antlr.v4.runtime.tree.AbstractParseTreeVisitor.visitChildren(AbstractParseTreeVisitor.java:46)
	at de.uka.ilkd.key.nparser.KeYParserBaseVisitor.visitDecls(KeYParserBaseVisitor.java:30)
	at de.uka.ilkd.key.nparser.KeYParser$DeclsContext.accept(KeYParser.java:500)
	at org.antlr.v4.runtime.tree.AbstractParseTreeVisitor.visitChildren(AbstractParseTreeVisitor.java:46)
	at de.uka.ilkd.key.nparser.KeYParserBaseVisitor.visitFile(KeYParserBaseVisitor.java:23)
	at de.uka.ilkd.key.nparser.KeYParser$FileContext.accept(KeYParser.java:306)
	at de.uka.ilkd.key.nparser.KeyAst.accept(KeyAst.java:41)
	at de.uka.ilkd.key.nparser.KeyAst$File.getIncludes(KeyAst.java:76)
	at de.uka.ilkd.key.proof.io.KeYFile.readIncludes(KeYFile.java:208)
	... 14 more
Could not find rule file rules/intRulesCheckedSemantics.key (file: /home/runner/work/key/key/key.core/../key.ui/examples/index/.././heap/vstte10_05_Queue/LinkedList_LinkedList2.key; caused by: de.uka.ilkd.key.proof.init.ProofInputException: Could not find rule file rules/intRulesCheckedSemantics.key)
	at de.uka.ilkd.key.control.AbstractUserInterfaceControl.load(AbstractUserInterfaceControl.java:221)
	at de.uka.ilkd.key.control.KeYEnvironment.load(KeYEnvironment.java:251)
	at de.uka.ilkd.key.control.KeYEnvironment.load(KeYEnvironment.java:224)
	at de.uka.ilkd.key.control.KeYEnvironment.load(KeYEnvironment.java:184)
	at de.uka.ilkd.key.control.KeYEnvironment.load(KeYEnvironment.java:261)
	at de.uka.ilkd.key.proof.runallproofs.proofcollection.TestFile.load(TestFile.java:270)
	at de.uka.ilkd.key.proof.runallproofs.proofcollection.TestFile.runKey(TestFile.java:160)
	at de.uka.ilkd.key.proof.runallproofs.proofcollection.ForkedTestFileRunner.main(ForkedTestFileRunner.java:171)
Caused by: de.uka.ilkd.key.proof.init.ProofInputException: Could not find rule file rules/intRulesCheckedSemantics.key
	at de.uka.ilkd.key.proof.io.KeYFile.readIncludes(KeYFile.java:210)
	at de.uka.ilkd.key.proof.init.ProblemInitializer.readIncludes(ProblemInitializer.java:177)
	at de.uka.ilkd.key.proof.init.ProblemInitializer.readEnvInput(ProblemInitializer.java:325)
	at de.uka.ilkd.key.proof.init.ProblemInitializer.prepare(ProblemInitializer.java:449)
	at de.uka.ilkd.key.proof.io.AbstractProblemLoader.createInitConfig(AbstractProblemLoader.java:518)
	at de.uka.ilkd.key.proof.io.AbstractProblemLoader.loadEnvironment(AbstractProblemLoader.java:288)
	at de.uka.ilkd.key.proof.io.AbstractProblemLoader.load(AbstractProblemLoader.java:252)
	at de.uka.ilkd.key.control.AbstractUserInterfaceControl.load(AbstractUserInterfaceControl.java:209)
	... 7 more
Caused by: java.lang.RuntimeException: Could not find rule file rules/intRulesCheckedSemantics.key
	at de.uka.ilkd.key.proof.io.RuleSourceFactory.fromBuiltInRule(RuleSourceFactory.java:32)
	at de.uka.ilkd.key.proof.io.RuleSourceFactory.fromDefaultLocation(RuleSourceFactory.java:21)
	at de.uka.ilkd.key.nparser.builder.IncludeFinder.addInclude(IncludeFinder.java:63)
	at de.uka.ilkd.key.nparser.builder.IncludeFinder.visitOne_include(IncludeFinder.java:43)
	at de.uka.ilkd.key.nparser.builder.IncludeFinder.visitOne_include(IncludeFinder.java:20)
	at de.uka.ilkd.key.nparser.KeYParser$One_includeContext.accept(KeYParser.java:878)
	at de.uka.ilkd.key.nparser.builder.AbstractBuilder.lambda$mapOf$0(AbstractBuilder.java:112)
	at java.base/java.util.stream.ReferencePipeline$3$1.accept(ReferencePipeline.java:195)
	at java.base/java.util.ArrayList$ArrayListSpliterator.forEachRemaining(ArrayList.java:1655)
	at java.base/java.util.stream.AbstractPipeline.copyInto(AbstractPipeline.java:484)
	at java.base/java.util.stream.AbstractPipeline.wrapAndCopyInto(AbstractPipeline.java:474)
	at java.base/java.util.stream.ReduceOps$ReduceOp.evaluateSequential(ReduceOps.java:913)
	at java.base/java.util.stream.AbstractPipeline.evaluate(AbstractPipeline.java:234)
	at java.base/java.util.stream.ReferencePipeline.collect(ReferencePipeline.java:578)
	at de.uka.ilkd.key.nparser.builder.AbstractBuilder.mapOf(AbstractBuilder.java:112)
	at de.uka.ilkd.key.nparser.builder.IncludeFinder.visitOne_include_statement(IncludeFinder.java:35)
	at de.uka.ilkd.key.nparser.builder.IncludeFinder.visitOne_include_statement(IncludeFinder.java:20)
	at de.uka.ilkd.key.nparser.KeYParser$One_include_statementContext.accept(KeYParser.java:802)
	at org.antlr.v4.runtime.tree.AbstractParseTreeVisitor.visitChildren(AbstractParseTreeVisitor.java:46)
	at de.uka.ilkd.key.nparser.KeYParserBaseVisitor.visitDecls(KeYParserBaseVisitor.java:30)
	at de.uka.ilkd.key.nparser.KeYParser$DeclsContext.accept(KeYParser.java:500)
	at org.antlr.v4.runtime.tree.AbstractParseTreeVisitor.visitChildren(AbstractParseTreeVisitor.java:46)
	at de.uka.ilkd.key.nparser.KeYParserBaseVisitor.visitFile(KeYParserBaseVisitor.java:23)
	at de.uka.ilkd.key.nparser.KeYParser$FileContext.accept(KeYParser.java:306)
	at de.uka.ilkd.key.nparser.KeyAst.accept(KeyAst.java:41)
	at de.uka.ilkd.key.nparser.KeyAst$File.getIncludes(KeyAst.java:76)
	at de.uka.ilkd.key.proof.io.KeYFile.readIncludes(KeYFile.java:208)
	... 14 more
Could not find rule file rules/intRulesCheckedSemantics.key (file: /home/runner/work/key/key/key.core/../key.ui/examples/index/.././heap/vstte10_05_Queue/LinkedList_LinkedList3.key; caused by: de.uka.ilkd.key.proof.init.ProofInputException: Could not find rule file rules/intRulesCheckedSemantics.key)
	at de.uka.ilkd.key.control.AbstractUserInterfaceControl.load(AbstractUserInterfaceControl.java:221)
	at de.uka.ilkd.key.control.KeYEnvironment.load(KeYEnvironment.java:251)
	at de.uka.ilkd.key.control.KeYEnvironment.load(KeYEnvironment.java:224)
	at de.uka.ilkd.key.control.KeYEnvironment.load(KeYEnvironment.java:184)
	at de.uka.ilkd.key.control.KeYEnvironment.load(KeYEnvironment.java:261)
	at de.uka.ilkd.key.proof.runallproofs.proofcollection.TestFile.load(TestFile.java:270)
	at de.uka.ilkd.key.proof.runallproofs.proofcollection.TestFile.runKey(TestFile.java:160)
	at de.uka.ilkd.key.proof.runallproofs.proofcollection.ForkedTestFileRunner.main(ForkedTestFileRunner.java:171)
Caused by: de.uka.ilkd.key.proof.init.ProofInputException: Could not find rule file rules/intRulesCheckedSemantics.key
	at de.uka.ilkd.key.proof.io.KeYFile.readIncludes(KeYFile.java:210)
	at de.uka.ilkd.key.proof.init.ProblemInitializer.readIncludes(ProblemInitializer.java:177)
	at de.uka.ilkd.key.proof.init.ProblemInitializer.readEnvInput(ProblemInitializer.java:325)
	at de.uka.ilkd.key.proof.init.ProblemInitializer.prepare(ProblemInitializer.java:449)
	at de.uka.ilkd.key.proof.io.AbstractProblemLoader.createInitConfig(AbstractProblemLoader.java:518)
	at de.uka.ilkd.key.proof.io.AbstractProblemLoader.loadEnvironment(AbstractProblemLoader.java:288)
	at de.uka.ilkd.key.proof.io.AbstractProblemLoader.load(AbstractProblemLoader.java:252)
	at de.uka.ilkd.key.control.AbstractUserInterfaceControl.load(AbstractUserInterfaceControl.java:209)
	... 7 more
Caused by: java.lang.RuntimeException: Could not find rule file rules/intRulesCheckedSemantics.key
	at de.uka.ilkd.key.proof.io.RuleSourceFactory.fromBuiltInRule(RuleSourceFactory.java:32)
	at de.uka.ilkd.key.proof.io.RuleSourceFactory.fromDefaultLocation(RuleSourceFactory.java:21)
	at de.uka.ilkd.key.nparser.builder.IncludeFinder.addInclude(IncludeFinder.java:63)
	at de.uka.ilkd.key.nparser.builder.IncludeFinder.visitOne_include(IncludeFinder.java:43)
	at de.uka.ilkd.key.nparser.builder.IncludeFinder.visitOne_include(IncludeFinder.java:20)
	at de.uka.ilkd.key.nparser.KeYParser$One_includeContext.accept(KeYParser.java:878)
	at de.uka.ilkd.key.nparser.builder.AbstractBuilder.lambda$mapOf$0(AbstractBuilder.java:112)
	at java.base/java.util.stream.ReferencePipeline$3$1.accept(ReferencePipeline.java:195)
	at java.base/java.util.ArrayList$ArrayListSpliterator.forEachRemaining(ArrayList.java:1655)
	at java.base/java.util.stream.AbstractPipeline.copyInto(AbstractPipeline.java:484)
	at java.base/java.util.stream.AbstractPipeline.wrapAndCopyInto(AbstractPipeline.java:474)
	at java.base/java.util.stream.ReduceOps$ReduceOp.evaluateSequential(ReduceOps.java:913)
	at java.base/java.util.stream.AbstractPipeline.evaluate(AbstractPipeline.java:234)
	at java.base/java.util.stream.ReferencePipeline.collect(ReferencePipeline.java:578)
	at de.uka.ilkd.key.nparser.builder.AbstractBuilder.mapOf(AbstractBuilder.java:112)
	at de.uka.ilkd.key.nparser.builder.IncludeFinder.visitOne_include_statement(IncludeFinder.java:35)
	at de.uka.ilkd.key.nparser.builder.IncludeFinder.visitOne_include_statement(IncludeFinder.java:20)
	at de.uka.ilkd.key.nparser.KeYParser$One_include_statementContext.accept(KeYParser.java:802)
	at org.antlr.v4.runtime.tree.AbstractParseTreeVisitor.visitChildren(AbstractParseTreeVisitor.java:46)
	at de.uka.ilkd.key.nparser.KeYParserBaseVisitor.visitDecls(KeYParserBaseVisitor.java:30)
	at de.uka.ilkd.key.nparser.KeYParser$DeclsContext.accept(KeYParser.java:500)
	at org.antlr.v4.runtime.tree.AbstractParseTreeVisitor.visitChildren(AbstractParseTreeVisitor.java:46)
	at de.uka.ilkd.key.nparser.KeYParserBaseVisitor.visitFile(KeYParserBaseVisitor.java:23)
	at de.uka.ilkd.key.nparser.KeYParser$FileContext.accept(KeYParser.java:306)
	at de.uka.ilkd.key.nparser.KeyAst.accept(KeyAst.java:41)
	at de.uka.ilkd.key.nparser.KeyAst$File.getIncludes(KeyAst.java:76)
	at de.uka.ilkd.key.proof.io.KeYFile.readIncludes(KeYFile.java:208)
	... 14 more
Could not find rule file rules/intRulesCheckedSemantics.key (file: /home/runner/work/key/key/key.core/../key.ui/examples/index/.././heap/vstte10_05_Queue/LinkedList_reverse.key; caused by: de.uka.ilkd.key.proof.init.ProofInputException: Could not find rule file rules/intRulesCheckedSemantics.key)
	at de.uka.ilkd.key.control.AbstractUserInterfaceControl.load(AbstractUserInterfaceControl.java:221)
	at de.uka.ilkd.key.control.KeYEnvironment.load(KeYEnvironment.java:251)
	at de.uka.ilkd.key.control.KeYEnvironment.load(KeYEnvironment.java:224)
	at de.uka.ilkd.key.control.KeYEnvironment.load(KeYEnvironment.java:184)
	at de.uka.ilkd.key.control.KeYEnvironment.load(KeYEnvironment.java:261)
	at de.uka.ilkd.key.proof.runallproofs.proofcollection.TestFile.load(TestFile.java:270)
	at de.uka.ilkd.key.proof.runallproofs.proofcollection.TestFile.runKey(TestFile.java:160)
	at de.uka.ilkd.key.proof.runallproofs.proofcollection.ForkedTestFileRunner.main(ForkedTestFileRunner.java:171)
Caused by: de.uka.ilkd.key.proof.init.ProofInputException: Could not find rule file rules/intRulesCheckedSemantics.key
	at de.uka.ilkd.key.proof.io.KeYFile.readIncludes(KeYFile.java:210)
	at de.uka.ilkd.key.proof.init.ProblemInitializer.readIncludes(ProblemInitializer.java:177)
	at de.uka.ilkd.key.proof.init.ProblemInitializer.readEnvInput(ProblemInitializer.java:325)
	at de.uka.ilkd.key.proof.init.ProblemInitializer.prepare(ProblemInitializer.java:449)
	at de.uka.ilkd.key.proof.io.AbstractProblemLoader.createInitConfig(AbstractProblemLoader.java:518)
	at de.uka.ilkd.key.proof.io.AbstractProblemLoader.loadEnvironment(AbstractProblemLoader.java:288)
	at de.uka.ilkd.key.proof.io.AbstractProblemLoader.load(AbstractProblemLoader.java:252)
	at de.uka.ilkd.key.control.AbstractUserInterfaceControl.load(AbstractUserInterfaceControl.java:209)
	... 7 more
Caused by: java.lang.RuntimeException: Could not find rule file rules/intRulesCheckedSemantics.key
	at de.uka.ilkd.key.proof.io.RuleSourceFactory.fromBuiltInRule(RuleSourceFactory.java:32)
	at de.uka.ilkd.key.proof.io.RuleSourceFactory.fromDefaultLocation(RuleSourceFactory.java:21)
	at de.uka.ilkd.key.nparser.builder.IncludeFinder.addInclude(IncludeFinder.java:63)
	at de.uka.ilkd.key.nparser.builder.IncludeFinder.visitOne_include(IncludeFinder.java:43)
	at de.uka.ilkd.key.nparser.builder.IncludeFinder.visitOne_include(IncludeFinder.java:20)
	at de.uka.ilkd.key.nparser.KeYParser$One_includeContext.accept(KeYParser.java:878)
	at de.uka.ilkd.key.nparser.builder.AbstractBuilder.lambda$mapOf$0(AbstractBuilder.java:112)
	at java.base/java.util.stream.ReferencePipeline$3$1.accept(ReferencePipeline.java:195)
	at java.base/java.util.ArrayList$ArrayListSpliterator.forEachRemaining(ArrayList.java:1655)
	at java.base/java.util.stream.AbstractPipeline.copyInto(AbstractPipeline.java:484)
	at java.base/java.util.stream.AbstractPipeline.wrapAndCopyInto(AbstractPipeline.java:474)
	at java.base/java.util.stream.ReduceOps$ReduceOp.evaluateSequential(ReduceOps.java:913)
	at java.base/java.util.stream.AbstractPipeline.evaluate(AbstractPipeline.java:234)
	at java.base/java.util.stream.ReferencePipeline.collect(ReferencePipeline.java:578)
	at de.uka.ilkd.key.nparser.builder.AbstractBuilder.mapOf(AbstractBuilder.java:112)
	at de.uka.ilkd.key.nparser.builder.IncludeFinder.visitOne_include_statement(IncludeFinder.java:35)
	at de.uka.ilkd.key.nparser.builder.IncludeFinder.visitOne_include_statement(IncludeFinder.java:20)
	at de.uka.ilkd.key.nparser.KeYParser$One_include_statementContext.accept(KeYParser.java:802)
	at org.antlr.v4.runtime.tree.AbstractParseTreeVisitor.visitChildren(AbstractParseTreeVisitor.java:46)
	at de.uka.ilkd.key.nparser.KeYParserBaseVisitor.visitDecls(KeYParserBaseVisitor.java:30)
	at de.uka.ilkd.key.nparser.KeYParser$DeclsContext.accept(KeYParser.java:500)
	at org.antlr.v4.runtime.tree.AbstractParseTreeVisitor.visitChildren(AbstractParseTreeVisitor.java:46)
	at de.uka.ilkd.key.nparser.KeYParserBaseVisitor.visitFile(KeYParserBaseVisitor.java:23)
	at de.uka.ilkd.key.nparser.KeYParser$FileContext.accept(KeYParser.java:306)
	at de.uka.ilkd.key.nparser.KeyAst.accept(KeyAst.java:41)
	at de.uka.ilkd.key.nparser.KeyAst$File.getIncludes(KeyAst.java:76)
	at de.uka.ilkd.key.proof.io.KeYFile.readIncludes(KeYFile.java:208)
	... 14 more
Could not find rule file rules/intRulesCheckedSemantics.key (file: /home/runner/work/key/key/key.core/../key.ui/examples/index/.././heap/vstte10_05_Queue/LinkedList_tail.key; caused by: de.uka.ilkd.key.proof.init.ProofInputException: Could not find rule file rules/intRulesCheckedSemantics.key)
	at de.uka.ilkd.key.control.AbstractUserInterfaceControl.load(AbstractUserInterfaceControl.java:221)
	at de.uka.ilkd.key.control.KeYEnvironment.load(KeYEnvironment.java:251)
	at de.uka.ilkd.key.control.KeYEnvironment.load(KeYEnvironment.java:224)
	at de.uka.ilkd.key.control.KeYEnvironment.load(KeYEnvironment.java:184)
	at de.uka.ilkd.key.control.KeYEnvironment.load(KeYEnvironment.java:261)
	at de.uka.ilkd.key.proof.runallproofs.proofcollection.TestFile.load(TestFile.java:270)
	at de.uka.ilkd.key.proof.runallproofs.proofcollection.TestFile.runKey(TestFile.java:160)
	at de.uka.ilkd.key.proof.runallproofs.proofcollection.ForkedTestFileRunner.main(ForkedTestFileRunner.java:171)
Caused by: de.uka.ilkd.key.proof.init.ProofInputException: Could not find rule file rules/intRulesCheckedSemantics.key
	at de.uka.ilkd.key.proof.io.KeYFile.readIncludes(KeYFile.java:210)
	at de.uka.ilkd.key.proof.init.ProblemInitializer.readIncludes(ProblemInitializer.java:177)
	at de.uka.ilkd.key.proof.init.ProblemInitializer.readEnvInput(ProblemInitializer.java:325)
	at de.uka.ilkd.key.proof.init.ProblemInitializer.prepare(ProblemInitializer.java:449)
	at de.uka.ilkd.key.proof.io.AbstractProblemLoader.createInitConfig(AbstractProblemLoader.java:518)
	at de.uka.ilkd.key.proof.io.AbstractProblemLoader.loadEnvironment(AbstractProblemLoader.java:288)
	at de.uka.ilkd.key.proof.io.AbstractProblemLoader.load(AbstractProblemLoader.java:252)
	at de.uka.ilkd.key.control.AbstractUserInterfaceControl.load(AbstractUserInterfaceControl.java:209)
	... 7 more
Caused by: java.lang.RuntimeException: Could not find rule file rules/intRulesCheckedSemantics.key
	at de.uka.ilkd.key.proof.io.RuleSourceFactory.fromBuiltInRule(RuleSourceFactory.java:32)
	at de.uka.ilkd.key.proof.io.RuleSourceFactory.fromDefaultLocation(RuleSourceFactory.java:21)
	at de.uka.ilkd.key.nparser.builder.IncludeFinder.addInclude(IncludeFinder.java:63)
	at de.uka.ilkd.key.nparser.builder.IncludeFinder.visitOne_include(IncludeFinder.java:43)
	at de.uka.ilkd.key.nparser.builder.IncludeFinder.visitOne_include(IncludeFinder.java:20)
	at de.uka.ilkd.key.nparser.KeYParser$One_includeContext.accept(KeYParser.java:878)
	at de.uka.ilkd.key.nparser.builder.AbstractBuilder.lambda$mapOf$0(AbstractBuilder.java:112)
	at java.base/java.util.stream.ReferencePipeline$3$1.accept(ReferencePipeline.java:195)
	at java.base/java.util.ArrayList$ArrayListSpliterator.forEachRemaining(ArrayList.java:1655)
	at java.base/java.util.stream.AbstractPipeline.copyInto(AbstractPipeline.java:484)
	at java.base/java.util.stream.AbstractPipeline.wrapAndCopyInto(AbstractPipeline.java:474)
	at java.base/java.util.stream.ReduceOps$ReduceOp.evaluateSequential(ReduceOps.java:913)
	at java.base/java.util.stream.AbstractPipeline.evaluate(AbstractPipeline.java:234)
	at java.base/java.util.stream.ReferencePipeline.collect(ReferencePipeline.java:578)
	at de.uka.ilkd.key.nparser.builder.AbstractBuilder.mapOf(AbstractBuilder.java:112)
	at de.uka.ilkd.key.nparser.builder.IncludeFinder.visitOne_include_statement(IncludeFinder.java:35)
	at de.uka.ilkd.key.nparser.builder.IncludeFinder.visitOne_include_statement(IncludeFinder.java:20)
	at de.uka.ilkd.key.nparser.KeYParser$One_include_statementContext.accept(KeYParser.java:802)
	at org.antlr.v4.runtime.tree.AbstractParseTreeVisitor.visitChildren(AbstractParseTreeVisitor.java:46)
	at de.uka.ilkd.key.nparser.KeYParserBaseVisitor.visitDecls(KeYParserBaseVisitor.java:30)
	at de.uka.ilkd.key.nparser.KeYParser$DeclsContext.accept(KeYParser.java:500)
	at org.antlr.v4.runtime.tree.AbstractParseTreeVisitor.visitChildren(AbstractParseTreeVisitor.java:46)
	at de.uka.ilkd.key.nparser.KeYParserBaseVisitor.visitFile(KeYParserBaseVisitor.java:23)
	at de.uka.ilkd.key.nparser.KeYParser$FileContext.accept(KeYParser.java:306)
	at de.uka.ilkd.key.nparser.KeyAst.accept(KeyAst.java:41)
	at de.uka.ilkd.key.nparser.KeyAst$File.getIncludes(KeyAst.java:76)
	at de.uka.ilkd.key.proof.io.KeYFile.readIncludes(KeYFile.java:208)
	... 14 more
Exception in thread "main" org.opentest4j.AssertionFailedError: Exception during the execution of proofs. See log for more details.
	at org.junit.jupiter.api.AssertionUtils.fail(AssertionUtils.java:39)
	at org.junit.jupiter.api.Assertions.fail(Assertions.java:134)
	at de.uka.ilkd.key.proof.runallproofs.proofcollection.ForkedTestFileRunner.main(ForkedTestFileRunner.java:192)
Timeout watcher launched (2000 secs.)
Could not find rule file rules/intRulesCheckedSemantics.key (file: /home/runner/work/key/key/key.core/../key.ui/examples/index/.././heap/WeideEtAl_01_AddAndMultiply/AddAndMultiply_add.key; caused by: de.uka.ilkd.key.proof.init.ProofInputException: Could not find rule file rules/intRulesCheckedSemantics.key)
	at de.uka.ilkd.key.control.AbstractUserInterfaceControl.load(AbstractUserInterfaceControl.java:221)
	at de.uka.ilkd.key.control.KeYEnvironment.load(KeYEnvironment.java:251)
	at de.uka.ilkd.key.control.KeYEnvironment.load(KeYEnvironment.java:224)
	at de.uka.ilkd.key.control.KeYEnvironment.load(KeYEnvironment.java:184)
	at de.uka.ilkd.key.control.KeYEnvironment.load(KeYEnvironment.java:261)
	at de.uka.ilkd.key.proof.runallproofs.proofcollection.TestFile.load(TestFile.java:270)
	at de.uka.ilkd.key.proof.runallproofs.proofcollection.TestFile.runKey(TestFile.java:160)
	at de.uka.ilkd.key.proof.runallproofs.proofcollection.ForkedTestFileRunner.main(ForkedTestFileRunner.java:171)
Caused by: de.uka.ilkd.key.proof.init.ProofInputException: Could not find rule file rules/intRulesCheckedSemantics.key
	at de.uka.ilkd.key.proof.io.KeYFile.readIncludes(KeYFile.java:210)
	at de.uka.ilkd.key.proof.init.ProblemInitializer.readIncludes(ProblemInitializer.java:177)
	at de.uka.ilkd.key.proof.init.ProblemInitializer.readEnvInput(ProblemInitializer.java:325)
	at de.uka.ilkd.key.proof.init.ProblemInitializer.prepare(ProblemInitializer.java:449)
	at de.uka.ilkd.key.proof.io.AbstractProblemLoader.createInitConfig(AbstractProblemLoader.java:518)
	at de.uka.ilkd.key.proof.io.AbstractProblemLoader.loadEnvironment(AbstractProblemLoader.java:288)
	at de.uka.ilkd.key.proof.io.AbstractProblemLoader.load(AbstractProblemLoader.java:252)
	at de.uka.ilkd.key.control.AbstractUserInterfaceControl.load(AbstractUserInterfaceControl.java:209)
	... 7 more
Caused by: java.lang.RuntimeException: Could not find rule file rules/intRulesCheckedSemantics.key
	at de.uka.ilkd.key.proof.io.RuleSourceFactory.fromBuiltInRule(RuleSourceFactory.java:32)
	at de.uka.ilkd.key.proof.io.RuleSourceFactory.fromDefaultLocation(RuleSourceFactory.java:21)
	at de.uka.ilkd.key.nparser.builder.IncludeFinder.addInclude(IncludeFinder.java:63)
	at de.uka.ilkd.key.nparser.builder.IncludeFinder.visitOne_include(IncludeFinder.java:43)
	at de.uka.ilkd.key.nparser.builder.IncludeFinder.visitOne_include(IncludeFinder.java:20)
	at de.uka.ilkd.key.nparser.KeYParser$One_includeContext.accept(KeYParser.java:878)
	at de.uka.ilkd.key.nparser.builder.AbstractBuilder.lambda$mapOf$0(AbstractBuilder.java:112)
	at java.base/java.util.stream.ReferencePipeline$3$1.accept(ReferencePipeline.java:195)
	at java.base/java.util.ArrayList$ArrayListSpliterator.forEachRemaining(ArrayList.java:1655)
	at java.base/java.util.stream.AbstractPipeline.copyInto(AbstractPipeline.java:484)
	at java.base/java.util.stream.AbstractPipeline.wrapAndCopyInto(AbstractPipeline.java:474)
	at java.base/java.util.stream.ReduceOps$ReduceOp.evaluateSequential(ReduceOps.java:913)
	at java.base/java.util.stream.AbstractPipeline.evaluate(AbstractPipeline.java:234)
	at java.base/java.util.stream.ReferencePipeline.collect(ReferencePipeline.java:578)
	at de.uka.ilkd.key.nparser.builder.AbstractBuilder.mapOf(AbstractBuilder.java:112)
	at de.uka.ilkd.key.nparser.builder.IncludeFinder.visitOne_include_statement(IncludeFinder.java:35)
	at de.uka.ilkd.key.nparser.builder.IncludeFinder.visitOne_include_statement(IncludeFinder.java:20)
	at de.uka.ilkd.key.nparser.KeYParser$One_include_statementContext.accept(KeYParser.java:802)
	at org.antlr.v4.runtime.tree.AbstractParseTreeVisitor.visitChildren(AbstractParseTreeVisitor.java:46)
	at de.uka.ilkd.key.nparser.KeYParserBaseVisitor.visitDecls(KeYParserBaseVisitor.java:30)
	at de.uka.ilkd.key.nparser.KeYParser$DeclsContext.accept(KeYParser.java:500)
	at org.antlr.v4.runtime.tree.AbstractParseTreeVisitor.visitChildren(AbstractParseTreeVisitor.java:46)
	at de.uka.ilkd.key.nparser.KeYParserBaseVisitor.visitFile(KeYParserBaseVisitor.java:23)
	at de.uka.ilkd.key.nparser.KeYParser$FileContext.accept(KeYParser.java:306)
	at de.uka.ilkd.key.nparser.KeyAst.accept(KeyAst.java:41)
	at de.uka.ilkd.key.nparser.KeyAst$File.getIncludes(KeyAst.java:76)
	at de.uka.ilkd.key.proof.io.KeYFile.readIncludes(KeYFile.java:208)
	... 14 more
Could not find rule file rules/intRulesCheckedSemantics.key (file: /home/runner/work/key/key/key.core/../key.ui/examples/index/.././heap/WeideEtAl_01_AddAndMultiply/AddAndMultiply_mul.key; caused by: de.uka.ilkd.key.proof.init.ProofInputException: Could not find rule file rules/intRulesCheckedSemantics.key)
	at de.uka.ilkd.key.control.AbstractUserInterfaceControl.load(AbstractUserInterfaceControl.java:221)
	at de.uka.ilkd.key.control.KeYEnvironment.load(KeYEnvironment.java:251)
	at de.uka.ilkd.key.control.KeYEnvironment.load(KeYEnvironment.java:224)
	at de.uka.ilkd.key.control.KeYEnvironment.load(KeYEnvironment.java:184)
	at de.uka.ilkd.key.control.KeYEnvironment.load(KeYEnvironment.java:261)
	at de.uka.ilkd.key.proof.runallproofs.proofcollection.TestFile.load(TestFile.java:270)
	at de.uka.ilkd.key.proof.runallproofs.proofcollection.TestFile.runKey(TestFile.java:160)
	at de.uka.ilkd.key.proof.runallproofs.proofcollection.ForkedTestFileRunner.main(ForkedTestFileRunner.java:171)
Caused by: de.uka.ilkd.key.proof.init.ProofInputException: Could not find rule file rules/intRulesCheckedSemantics.key
	at de.uka.ilkd.key.proof.io.KeYFile.readIncludes(KeYFile.java:210)
	at de.uka.ilkd.key.proof.init.ProblemInitializer.readIncludes(ProblemInitializer.java:177)
	at de.uka.ilkd.key.proof.init.ProblemInitializer.readEnvInput(ProblemInitializer.java:325)
	at de.uka.ilkd.key.proof.init.ProblemInitializer.prepare(ProblemInitializer.java:449)
	at de.uka.ilkd.key.proof.io.AbstractProblemLoader.createInitConfig(AbstractProblemLoader.java:518)
	at de.uka.ilkd.key.proof.io.AbstractProblemLoader.loadEnvironment(AbstractProblemLoader.java:288)
	at de.uka.ilkd.key.proof.io.AbstractProblemLoader.load(AbstractProblemLoader.java:252)
	at de.uka.ilkd.key.control.AbstractUserInterfaceControl.load(AbstractUserInterfaceControl.java:209)
	... 7 more
Caused by: java.lang.RuntimeException: Could not find rule file rules/intRulesCheckedSemantics.key
	at de.uka.ilkd.key.proof.io.RuleSourceFactory.fromBuiltInRule(RuleSourceFactory.java:32)
	at de.uka.ilkd.key.proof.io.RuleSourceFactory.fromDefaultLocation(RuleSourceFactory.java:21)
	at de.uka.ilkd.key.nparser.builder.IncludeFinder.addInclude(IncludeFinder.java:63)
	at de.uka.ilkd.key.nparser.builder.IncludeFinder.visitOne_include(IncludeFinder.java:43)
	at de.uka.ilkd.key.nparser.builder.IncludeFinder.visitOne_include(IncludeFinder.java:20)
	at de.uka.ilkd.key.nparser.KeYParser$One_includeContext.accept(KeYParser.java:878)
	at de.uka.ilkd.key.nparser.builder.AbstractBuilder.lambda$mapOf$0(AbstractBuilder.java:112)
	at java.base/java.util.stream.ReferencePipeline$3$1.accept(ReferencePipeline.java:195)
	at java.base/java.util.ArrayList$ArrayListSpliterator.forEachRemaining(ArrayList.java:1655)
	at java.base/java.util.stream.AbstractPipeline.copyInto(AbstractPipeline.java:484)
	at java.base/java.util.stream.AbstractPipeline.wrapAndCopyInto(AbstractPipeline.java:474)
	at java.base/java.util.stream.ReduceOps$ReduceOp.evaluateSequential(ReduceOps.java:913)
	at java.base/java.util.stream.AbstractPipeline.evaluate(AbstractPipeline.java:234)
	at java.base/java.util.stream.ReferencePipeline.collect(ReferencePipeline.java:578)
	at de.uka.ilkd.key.nparser.builder.AbstractBuilder.mapOf(AbstractBuilder.java:112)
	at de.uka.ilkd.key.nparser.builder.IncludeFinder.visitOne_include_statement(IncludeFinder.java:35)
	at de.uka.ilkd.key.nparser.builder.IncludeFinder.visitOne_include_statement(IncludeFinder.java:20)
	at de.uka.ilkd.key.nparser.KeYParser$One_include_statementContext.accept(KeYParser.java:802)
	at org.antlr.v4.runtime.tree.AbstractParseTreeVisitor.visitChildren(AbstractParseTreeVisitor.java:46)
	at de.uka.ilkd.key.nparser.KeYParserBaseVisitor.visitDecls(KeYParserBaseVisitor.java:30)
	at de.uka.ilkd.key.nparser.KeYParser$DeclsContext.accept(KeYParser.java:500)
	at org.antlr.v4.runtime.tree.AbstractParseTreeVisitor.visitChildren(AbstractParseTreeVisitor.java:46)
	at de.uka.ilkd.key.nparser.KeYParserBaseVisitor.visitFile(KeYParserBaseVisitor.java:23)
	at de.uka.ilkd.key.nparser.KeYParser$FileContext.accept(KeYParser.java:306)
	at de.uka.ilkd.key.nparser.KeyAst.accept(KeyAst.java:41)
	at de.uka.ilkd.key.nparser.KeyAst$File.getIncludes(KeyAst.java:76)
	at de.uka.ilkd.key.proof.io.KeYFile.readIncludes(KeYFile.java:208)
	... 14 more
Could not find rule file rules/intRulesCheckedSemantics.key (file: /home/runner/work/key/key/key.core/../key.ui/examples/index/.././heap/WeideEtAl_02_BinarySearch/BinarySearch_search.key; caused by: de.uka.ilkd.key.proof.init.ProofInputException: Could not find rule file rules/intRulesCheckedSemantics.key)
	at de.uka.ilkd.key.control.AbstractUserInterfaceControl.load(AbstractUserInterfaceControl.java:221)
	at de.uka.ilkd.key.control.KeYEnvironment.load(KeYEnvironment.java:251)
	at de.uka.ilkd.key.control.KeYEnvironment.load(KeYEnvironment.java:224)
	at de.uka.ilkd.key.control.KeYEnvironment.load(KeYEnvironment.java:184)
	at de.uka.ilkd.key.control.KeYEnvironment.load(KeYEnvironment.java:261)
	at de.uka.ilkd.key.proof.runallproofs.proofcollection.TestFile.load(TestFile.java:270)
	at de.uka.ilkd.key.proof.runallproofs.proofcollection.TestFile.runKey(TestFile.java:160)
	at de.uka.ilkd.key.proof.runallproofs.proofcollection.ForkedTestFileRunner.main(ForkedTestFileRunner.java:171)
Caused by: de.uka.ilkd.key.proof.init.ProofInputException: Could not find rule file rules/intRulesCheckedSemantics.key
	at de.uka.ilkd.key.proof.io.KeYFile.readIncludes(KeYFile.java:210)
	at de.uka.ilkd.key.proof.init.ProblemInitializer.readIncludes(ProblemInitializer.java:177)
	at de.uka.ilkd.key.proof.init.ProblemInitializer.readEnvInput(ProblemInitializer.java:325)
	at de.uka.ilkd.key.proof.init.ProblemInitializer.prepare(ProblemInitializer.java:449)
	at de.uka.ilkd.key.proof.io.AbstractProblemLoader.createInitConfig(AbstractProblemLoader.java:518)
	at de.uka.ilkd.key.proof.io.AbstractProblemLoader.loadEnvironment(AbstractProblemLoader.java:288)
	at de.uka.ilkd.key.proof.io.AbstractProblemLoader.load(AbstractProblemLoader.java:252)
	at de.uka.ilkd.key.control.AbstractUserInterfaceControl.load(AbstractUserInterfaceControl.java:209)
	... 7 more
Caused by: java.lang.RuntimeException: Could not find rule file rules/intRulesCheckedSemantics.key
	at de.uka.ilkd.key.proof.io.RuleSourceFactory.fromBuiltInRule(RuleSourceFactory.java:32)
	at de.uka.ilkd.key.proof.io.RuleSourceFactory.fromDefaultLocation(RuleSourceFactory.java:21)
	at de.uka.ilkd.key.nparser.builder.IncludeFinder.addInclude(IncludeFinder.java:63)
	at de.uka.ilkd.key.nparser.builder.IncludeFinder.visitOne_include(IncludeFinder.java:43)
	at de.uka.ilkd.key.nparser.builder.IncludeFinder.visitOne_include(IncludeFinder.java:20)
	at de.uka.ilkd.key.nparser.KeYParser$One_includeContext.accept(KeYParser.java:878)
	at de.uka.ilkd.key.nparser.builder.AbstractBuilder.lambda$mapOf$0(AbstractBuilder.java:112)
	at java.base/java.util.stream.ReferencePipeline$3$1.accept(ReferencePipeline.java:195)
	at java.base/java.util.ArrayList$ArrayListSpliterator.forEachRemaining(ArrayList.java:1655)
	at java.base/java.util.stream.AbstractPipeline.copyInto(AbstractPipeline.java:484)
	at java.base/java.util.stream.AbstractPipeline.wrapAndCopyInto(AbstractPipeline.java:474)
	at java.base/java.util.stream.ReduceOps$ReduceOp.evaluateSequential(ReduceOps.java:913)
	at java.base/java.util.stream.AbstractPipeline.evaluate(AbstractPipeline.java:234)
	at java.base/java.util.stream.ReferencePipeline.collect(ReferencePipeline.java:578)
	at de.uka.ilkd.key.nparser.builder.AbstractBuilder.mapOf(AbstractBuilder.java:112)
	at de.uka.ilkd.key.nparser.builder.IncludeFinder.visitOne_include_statement(IncludeFinder.java:35)
	at de.uka.ilkd.key.nparser.builder.IncludeFinder.visitOne_include_statement(IncludeFinder.java:20)
	at de.uka.ilkd.key.nparser.KeYParser$One_include_statementContext.accept(KeYParser.java:802)
	at org.antlr.v4.runtime.tree.AbstractParseTreeVisitor.visitChildren(AbstractParseTreeVisitor.java:46)
	at de.uka.ilkd.key.nparser.KeYParserBaseVisitor.visitDecls(KeYParserBaseVisitor.java:30)
	at de.uka.ilkd.key.nparser.KeYParser$DeclsContext.accept(KeYParser.java:500)
	at org.antlr.v4.runtime.tree.AbstractParseTreeVisitor.visitChildren(AbstractParseTreeVisitor.java:46)
	at de.uka.ilkd.key.nparser.KeYParserBaseVisitor.visitFile(KeYParserBaseVisitor.java:23)
	at de.uka.ilkd.key.nparser.KeYParser$FileContext.accept(KeYParser.java:306)
	at de.uka.ilkd.key.nparser.KeyAst.accept(KeyAst.java:41)
	at de.uka.ilkd.key.nparser.KeyAst$File.getIncludes(KeyAst.java:76)
	at de.uka.ilkd.key.proof.io.KeYFile.readIncludes(KeYFile.java:208)
	... 14 more
Exception in thread "main" org.opentest4j.AssertionFailedError: Exception during the execution of proofs. See log for more details.
	at org.junit.jupiter.api.AssertionUtils.fail(AssertionUtils.java:39)
	at org.junit.jupiter.api.Assertions.fail(Assertions.java:134)
	at de.uka.ilkd.key.proof.runallproofs.proofcollection.ForkedTestFileRunner.main(ForkedTestFileRunner.java:192)
Timeout watcher launched (2000 secs.)
Could not find rule file rules/intRulesCheckedSemantics.key (file: /home/runner/work/key/key/key.core/../key.ui/examples/index/.././standard_key/arith/binomial1.key; caused by: de.uka.ilkd.key.proof.init.ProofInputException: Could not find rule file rules/intRulesCheckedSemantics.key)
	at de.uka.ilkd.key.control.AbstractUserInterfaceControl.load(AbstractUserInterfaceControl.java:221)
	at de.uka.ilkd.key.control.KeYEnvironment.load(KeYEnvironment.java:251)
	at de.uka.ilkd.key.control.KeYEnvironment.load(KeYEnvironment.java:224)
	at de.uka.ilkd.key.control.KeYEnvironment.load(KeYEnvironment.java:184)
	at de.uka.ilkd.key.control.KeYEnvironment.load(KeYEnvironment.java:261)
	at de.uka.ilkd.key.proof.runallproofs.proofcollection.TestFile.load(TestFile.java:270)
	at de.uka.ilkd.key.proof.runallproofs.proofcollection.TestFile.runKey(TestFile.java:160)
	at de.uka.ilkd.key.proof.runallproofs.proofcollection.ForkedTestFileRunner.main(ForkedTestFileRunner.java:171)
Caused by: de.uka.ilkd.key.proof.init.ProofInputException: Could not find rule file rules/intRulesCheckedSemantics.key
	at de.uka.ilkd.key.proof.io.KeYFile.readIncludes(KeYFile.java:210)
	at de.uka.ilkd.key.proof.init.ProblemInitializer.readIncludes(ProblemInitializer.java:177)
	at de.uka.ilkd.key.proof.init.ProblemInitializer.readEnvInput(ProblemInitializer.java:325)
	at de.uka.ilkd.key.proof.init.ProblemInitializer.prepare(ProblemInitializer.java:449)
	at de.uka.ilkd.key.proof.io.AbstractProblemLoader.createInitConfig(AbstractProblemLoader.java:518)
	at de.uka.ilkd.key.proof.io.AbstractProblemLoader.loadEnvironment(AbstractProblemLoader.java:288)
	at de.uka.ilkd.key.proof.io.AbstractProblemLoader.load(AbstractProblemLoader.java:252)
	at de.uka.ilkd.key.control.AbstractUserInterfaceControl.load(AbstractUserInterfaceControl.java:209)
	... 7 more
Caused by: java.lang.RuntimeException: Could not find rule file rules/intRulesCheckedSemantics.key
	at de.uka.ilkd.key.proof.io.RuleSourceFactory.fromBuiltInRule(RuleSourceFactory.java:32)
	at de.uka.ilkd.key.proof.io.RuleSourceFactory.fromDefaultLocation(RuleSourceFactory.java:21)
	at de.uka.ilkd.key.nparser.builder.IncludeFinder.addInclude(IncludeFinder.java:63)
	at de.uka.ilkd.key.nparser.builder.IncludeFinder.visitOne_include(IncludeFinder.java:43)
	at de.uka.ilkd.key.nparser.builder.IncludeFinder.visitOne_include(IncludeFinder.java:20)
	at de.uka.ilkd.key.nparser.KeYParser$One_includeContext.accept(KeYParser.java:878)
	at de.uka.ilkd.key.nparser.builder.AbstractBuilder.lambda$mapOf$0(AbstractBuilder.java:112)
	at java.base/java.util.stream.ReferencePipeline$3$1.accept(ReferencePipeline.java:195)
	at java.base/java.util.ArrayList$ArrayListSpliterator.forEachRemaining(ArrayList.java:1655)
	at java.base/java.util.stream.AbstractPipeline.copyInto(AbstractPipeline.java:484)
	at java.base/java.util.stream.AbstractPipeline.wrapAndCopyInto(AbstractPipeline.java:474)
	at java.base/java.util.stream.ReduceOps$ReduceOp.evaluateSequential(ReduceOps.java:913)
	at java.base/java.util.stream.AbstractPipeline.evaluate(AbstractPipeline.java:234)
	at java.base/java.util.stream.ReferencePipeline.collect(ReferencePipeline.java:578)
	at de.uka.ilkd.key.nparser.builder.AbstractBuilder.mapOf(AbstractBuilder.java:112)
	at de.uka.ilkd.key.nparser.builder.IncludeFinder.visitOne_include_statement(IncludeFinder.java:35)
	at de.uka.ilkd.key.nparser.builder.IncludeFinder.visitOne_include_statement(IncludeFinder.java:20)
	at de.uka.ilkd.key.nparser.KeYParser$One_include_statementContext.accept(KeYParser.java:802)
	at org.antlr.v4.runtime.tree.AbstractParseTreeVisitor.visitChildren(AbstractParseTreeVisitor.java:46)
	at de.uka.ilkd.key.nparser.KeYParserBaseVisitor.visitDecls(KeYParserBaseVisitor.java:30)
	at de.uka.ilkd.key.nparser.KeYParser$DeclsContext.accept(KeYParser.java:500)
	at org.antlr.v4.runtime.tree.AbstractParseTreeVisitor.visitChildren(AbstractParseTreeVisitor.java:46)
	at de.uka.ilkd.key.nparser.KeYParserBaseVisitor.visitFile(KeYParserBaseVisitor.java:23)
	at de.uka.ilkd.key.nparser.KeYParser$FileContext.accept(KeYParser.java:306)
	at de.uka.ilkd.key.nparser.KeyAst.accept(KeyAst.java:41)
	at de.uka.ilkd.key.nparser.KeyAst$File.getIncludes(KeyAst.java:76)
	at de.uka.ilkd.key.proof.io.KeYFile.readIncludes(KeYFile.java:208)
	... 14 more
Could not find rule file rules/intRulesCheckedSemantics.key (file: /home/runner/work/key/key/key.core/../key.ui/examples/index/.././standard_key/arith/binomial2.key; caused by: de.uka.ilkd.key.proof.init.ProofInputException: Could not find rule file rules/intRulesCheckedSemantics.key)
	at de.uka.ilkd.key.control.AbstractUserInterfaceControl.load(AbstractUserInterfaceControl.java:221)
	at de.uka.ilkd.key.control.KeYEnvironment.load(KeYEnvironment.java:251)
	at de.uka.ilkd.key.control.KeYEnvironment.load(KeYEnvironment.java:224)
	at de.uka.ilkd.key.control.KeYEnvironment.load(KeYEnvironment.java:184)
	at de.uka.ilkd.key.control.KeYEnvironment.load(KeYEnvironment.java:261)
	at de.uka.ilkd.key.proof.runallproofs.proofcollection.TestFile.load(TestFile.java:270)
	at de.uka.ilkd.key.proof.runallproofs.proofcollection.TestFile.runKey(TestFile.java:160)
	at de.uka.ilkd.key.proof.runallproofs.proofcollection.ForkedTestFileRunner.main(ForkedTestFileRunner.java:171)
Caused by: de.uka.ilkd.key.proof.init.ProofInputException: Could not find rule file rules/intRulesCheckedSemantics.key
	at de.uka.ilkd.key.proof.io.KeYFile.readIncludes(KeYFile.java:210)
	at de.uka.ilkd.key.proof.init.ProblemInitializer.readIncludes(ProblemInitializer.java:177)
	at de.uka.ilkd.key.proof.init.ProblemInitializer.readEnvInput(ProblemInitializer.java:325)
	at de.uka.ilkd.key.proof.init.ProblemInitializer.prepare(ProblemInitializer.java:449)
	at de.uka.ilkd.key.proof.io.AbstractProblemLoader.createInitConfig(AbstractProblemLoader.java:518)
	at de.uka.ilkd.key.proof.io.AbstractProblemLoader.loadEnvironment(AbstractProblemLoader.java:288)
	at de.uka.ilkd.key.proof.io.AbstractProblemLoader.load(AbstractProblemLoader.java:252)
	at de.uka.ilkd.key.control.AbstractUserInterfaceControl.load(AbstractUserInterfaceControl.java:209)
	... 7 more
Caused by: java.lang.RuntimeException: Could not find rule file rules/intRulesCheckedSemantics.key
	at de.uka.ilkd.key.proof.io.RuleSourceFactory.fromBuiltInRule(RuleSourceFactory.java:32)
	at de.uka.ilkd.key.proof.io.RuleSourceFactory.fromDefaultLocation(RuleSourceFactory.java:21)
	at de.uka.ilkd.key.nparser.builder.IncludeFinder.addInclude(IncludeFinder.java:63)
	at de.uka.ilkd.key.nparser.builder.IncludeFinder.visitOne_include(IncludeFinder.java:43)
	at de.uka.ilkd.key.nparser.builder.IncludeFinder.visitOne_include(IncludeFinder.java:20)
	at de.uka.ilkd.key.nparser.KeYParser$One_includeContext.accept(KeYParser.java:878)
	at de.uka.ilkd.key.nparser.builder.AbstractBuilder.lambda$mapOf$0(AbstractBuilder.java:112)
	at java.base/java.util.stream.ReferencePipeline$3$1.accept(ReferencePipeline.java:195)
	at java.base/java.util.ArrayList$ArrayListSpliterator.forEachRemaining(ArrayList.java:1655)
	at java.base/java.util.stream.AbstractPipeline.copyInto(AbstractPipeline.java:484)
	at java.base/java.util.stream.AbstractPipeline.wrapAndCopyInto(AbstractPipeline.java:474)
	at java.base/java.util.stream.ReduceOps$ReduceOp.evaluateSequential(ReduceOps.java:913)
	at java.base/java.util.stream.AbstractPipeline.evaluate(AbstractPipeline.java:234)
	at java.base/java.util.stream.ReferencePipeline.collect(ReferencePipeline.java:578)
	at de.uka.ilkd.key.nparser.builder.AbstractBuilder.mapOf(AbstractBuilder.java:112)
	at de.uka.ilkd.key.nparser.builder.IncludeFinder.visitOne_include_statement(IncludeFinder.java:35)
	at de.uka.ilkd.key.nparser.builder.IncludeFinder.visitOne_include_statement(IncludeFinder.java:20)
	at de.uka.ilkd.key.nparser.KeYParser$One_include_statementContext.accept(KeYParser.java:802)
	at org.antlr.v4.runtime.tree.AbstractParseTreeVisitor.visitChildren(AbstractParseTreeVisitor.java:46)
	at de.uka.ilkd.key.nparser.KeYParserBaseVisitor.visitDecls(KeYParserBaseVisitor.java:30)
	at de.uka.ilkd.key.nparser.KeYParser$DeclsContext.accept(KeYParser.java:500)
	at org.antlr.v4.runtime.tree.AbstractParseTreeVisitor.visitChildren(AbstractParseTreeVisitor.java:46)
	at de.uka.ilkd.key.nparser.KeYParserBaseVisitor.visitFile(KeYParserBaseVisitor.java:23)
	at de.uka.ilkd.key.nparser.KeYParser$FileContext.accept(KeYParser.java:306)
	at de.uka.ilkd.key.nparser.KeyAst.accept(KeyAst.java:41)
	at de.uka.ilkd.key.nparser.KeyAst$File.getIncludes(KeyAst.java:76)
	at de.uka.ilkd.key.proof.io.KeYFile.readIncludes(KeYFile.java:208)
	... 14 more
Could not find rule file rules/intRulesCheckedSemantics.key (file: /home/runner/work/key/key/key.core/../key.ui/examples/index/.././standard_key/arith/check_jdiv.key; caused by: de.uka.ilkd.key.proof.init.ProofInputException: Could not find rule file rules/intRulesCheckedSemantics.key)
	at de.uka.ilkd.key.control.AbstractUserInterfaceControl.load(AbstractUserInterfaceControl.java:221)
	at de.uka.ilkd.key.control.KeYEnvironment.load(KeYEnvironment.java:251)
	at de.uka.ilkd.key.control.KeYEnvironment.load(KeYEnvironment.java:224)
	at de.uka.ilkd.key.control.KeYEnvironment.load(KeYEnvironment.java:184)
	at de.uka.ilkd.key.control.KeYEnvironment.load(KeYEnvironment.java:261)
	at de.uka.ilkd.key.proof.runallproofs.proofcollection.TestFile.load(TestFile.java:270)
	at de.uka.ilkd.key.proof.runallproofs.proofcollection.TestFile.runKey(TestFile.java:160)
	at de.uka.ilkd.key.proof.runallproofs.proofcollection.ForkedTestFileRunner.main(ForkedTestFileRunner.java:171)
Caused by: de.uka.ilkd.key.proof.init.ProofInputException: Could not find rule file rules/intRulesCheckedSemantics.key
	at de.uka.ilkd.key.proof.io.KeYFile.readIncludes(KeYFile.java:210)
	at de.uka.ilkd.key.proof.init.ProblemInitializer.readIncludes(ProblemInitializer.java:177)
	at de.uka.ilkd.key.proof.init.ProblemInitializer.readEnvInput(ProblemInitializer.java:325)
	at de.uka.ilkd.key.proof.init.ProblemInitializer.prepare(ProblemInitializer.java:449)
	at de.uka.ilkd.key.proof.io.AbstractProblemLoader.createInitConfig(AbstractProblemLoader.java:518)
	at de.uka.ilkd.key.proof.io.AbstractProblemLoader.loadEnvironment(AbstractProblemLoader.java:288)
	at de.uka.ilkd.key.proof.io.AbstractProblemLoader.load(AbstractProblemLoader.java:252)
	at de.uka.ilkd.key.control.AbstractUserInterfaceControl.load(AbstractUserInterfaceControl.java:209)
	... 7 more
Caused by: java.lang.RuntimeException: Could not find rule file rules/intRulesCheckedSemantics.key
	at de.uka.ilkd.key.proof.io.RuleSourceFactory.fromBuiltInRule(RuleSourceFactory.java:32)
	at de.uka.ilkd.key.proof.io.RuleSourceFactory.fromDefaultLocation(RuleSourceFactory.java:21)
	at de.uka.ilkd.key.nparser.builder.IncludeFinder.addInclude(IncludeFinder.java:63)
	at de.uka.ilkd.key.nparser.builder.IncludeFinder.visitOne_include(IncludeFinder.java:43)
	at de.uka.ilkd.key.nparser.builder.IncludeFinder.visitOne_include(IncludeFinder.java:20)
	at de.uka.ilkd.key.nparser.KeYParser$One_includeContext.accept(KeYParser.java:878)
	at de.uka.ilkd.key.nparser.builder.AbstractBuilder.lambda$mapOf$0(AbstractBuilder.java:112)
	at java.base/java.util.stream.ReferencePipeline$3$1.accept(ReferencePipeline.java:195)
	at java.base/java.util.ArrayList$ArrayListSpliterator.forEachRemaining(ArrayList.java:1655)
	at java.base/java.util.stream.AbstractPipeline.copyInto(AbstractPipeline.java:484)
	at java.base/java.util.stream.AbstractPipeline.wrapAndCopyInto(AbstractPipeline.java:474)
	at java.base/java.util.stream.ReduceOps$ReduceOp.evaluateSequential(ReduceOps.java:913)
	at java.base/java.util.stream.AbstractPipeline.evaluate(AbstractPipeline.java:234)
	at java.base/java.util.stream.ReferencePipeline.collect(ReferencePipeline.java:578)
	at de.uka.ilkd.key.nparser.builder.AbstractBuilder.mapOf(AbstractBuilder.java:112)
	at de.uka.ilkd.key.nparser.builder.IncludeFinder.visitOne_include_statement(IncludeFinder.java:35)
	at de.uka.ilkd.key.nparser.builder.IncludeFinder.visitOne_include_statement(IncludeFinder.java:20)
	at de.uka.ilkd.key.nparser.KeYParser$One_include_statementContext.accept(KeYParser.java:802)
	at org.antlr.v4.runtime.tree.AbstractParseTreeVisitor.visitChildren(AbstractParseTreeVisitor.java:46)
	at de.uka.ilkd.key.nparser.KeYParserBaseVisitor.visitDecls(KeYParserBaseVisitor.java:30)
	at de.uka.ilkd.key.nparser.KeYParser$DeclsContext.accept(KeYParser.java:500)
	at org.antlr.v4.runtime.tree.AbstractParseTreeVisitor.visitChildren(AbstractParseTreeVisitor.java:46)
	at de.uka.ilkd.key.nparser.KeYParserBaseVisitor.visitFile(KeYParserBaseVisitor.java:23)
	at de.uka.ilkd.key.nparser.KeYParser$FileContext.accept(KeYParser.java:306)
	at de.uka.ilkd.key.nparser.KeyAst.accept(KeyAst.java:41)
	at de.uka.ilkd.key.nparser.KeyAst$File.getIncludes(KeyAst.java:76)
	at de.uka.ilkd.key.proof.io.KeYFile.readIncludes(KeYFile.java:208)
	... 14 more
Could not find rule file rules/intRulesCheckedSemantics.key (file: /home/runner/work/key/key/key.core/../key.ui/examples/index/.././standard_key/arith/check_jdiv_concrete.key; caused by: de.uka.ilkd.key.proof.init.ProofInputException: Could not find rule file rules/intRulesCheckedSemantics.key)
	at de.uka.ilkd.key.control.AbstractUserInterfaceControl.load(AbstractUserInterfaceControl.java:221)
	at de.uka.ilkd.key.control.KeYEnvironment.load(KeYEnvironment.java:251)
	at de.uka.ilkd.key.control.KeYEnvironment.load(KeYEnvironment.java:224)
	at de.uka.ilkd.key.control.KeYEnvironment.load(KeYEnvironment.java:184)
	at de.uka.ilkd.key.control.KeYEnvironment.load(KeYEnvironment.java:261)
	at de.uka.ilkd.key.proof.runallproofs.proofcollection.TestFile.load(TestFile.java:270)
	at de.uka.ilkd.key.proof.runallproofs.proofcollection.TestFile.runKey(TestFile.java:160)
	at de.uka.ilkd.key.proof.runallproofs.proofcollection.ForkedTestFileRunner.main(ForkedTestFileRunner.java:171)
Caused by: de.uka.ilkd.key.proof.init.ProofInputException: Could not find rule file rules/intRulesCheckedSemantics.key
	at de.uka.ilkd.key.proof.io.KeYFile.readIncludes(KeYFile.java:210)
	at de.uka.ilkd.key.proof.init.ProblemInitializer.readIncludes(ProblemInitializer.java:177)
	at de.uka.ilkd.key.proof.init.ProblemInitializer.readEnvInput(ProblemInitializer.java:325)
	at de.uka.ilkd.key.proof.init.ProblemInitializer.prepare(ProblemInitializer.java:449)
	at de.uka.ilkd.key.proof.io.AbstractProblemLoader.createInitConfig(AbstractProblemLoader.java:518)
	at de.uka.ilkd.key.proof.io.AbstractProblemLoader.loadEnvironment(AbstractProblemLoader.java:288)
	at de.uka.ilkd.key.proof.io.AbstractProblemLoader.load(AbstractProblemLoader.java:252)
	at de.uka.ilkd.key.control.AbstractUserInterfaceControl.load(AbstractUserInterfaceControl.java:209)
	... 7 more
Caused by: java.lang.RuntimeException: Could not find rule file rules/intRulesCheckedSemantics.key
	at de.uka.ilkd.key.proof.io.RuleSourceFactory.fromBuiltInRule(RuleSourceFactory.java:32)
	at de.uka.ilkd.key.proof.io.RuleSourceFactory.fromDefaultLocation(RuleSourceFactory.java:21)
	at de.uka.ilkd.key.nparser.builder.IncludeFinder.addInclude(IncludeFinder.java:63)
	at de.uka.ilkd.key.nparser.builder.IncludeFinder.visitOne_include(IncludeFinder.java:43)
	at de.uka.ilkd.key.nparser.builder.IncludeFinder.visitOne_include(IncludeFinder.java:20)
	at de.uka.ilkd.key.nparser.KeYParser$One_includeContext.accept(KeYParser.java:878)
	at de.uka.ilkd.key.nparser.builder.AbstractBuilder.lambda$mapOf$0(AbstractBuilder.java:112)
	at java.base/java.util.stream.ReferencePipeline$3$1.accept(ReferencePipeline.java:195)
	at java.base/java.util.ArrayList$ArrayListSpliterator.forEachRemaining(ArrayList.java:1655)
	at java.base/java.util.stream.AbstractPipeline.copyInto(AbstractPipeline.java:484)
	at java.base/java.util.stream.AbstractPipeline.wrapAndCopyInto(AbstractPipeline.java:474)
	at java.base/java.util.stream.ReduceOps$ReduceOp.evaluateSequential(ReduceOps.java:913)
	at java.base/java.util.stream.AbstractPipeline.evaluate(AbstractPipeline.java:234)
	at java.base/java.util.stream.ReferencePipeline.collect(ReferencePipeline.java:578)
	at de.uka.ilkd.key.nparser.builder.AbstractBuilder.mapOf(AbstractBuilder.java:112)
	at de.uka.ilkd.key.nparser.builder.IncludeFinder.visitOne_include_statement(IncludeFinder.java:35)
	at de.uka.ilkd.key.nparser.builder.IncludeFinder.visitOne_include_statement(IncludeFinder.java:20)
	at de.uka.ilkd.key.nparser.KeYParser$One_include_statementContext.accept(KeYParser.java:802)
	at org.antlr.v4.runtime.tree.AbstractParseTreeVisitor.visitChildren(AbstractParseTreeVisitor.java:46)
	at de.uka.ilkd.key.nparser.KeYParserBaseVisitor.visitDecls(KeYParserBaseVisitor.java:30)
	at de.uka.ilkd.key.nparser.KeYParser$DeclsContext.accept(KeYParser.java:500)
	at org.antlr.v4.runtime.tree.AbstractParseTreeVisitor.visitChildren(AbstractParseTreeVisitor.java:46)
	at de.uka.ilkd.key.nparser.KeYParserBaseVisitor.visitFile(KeYParserBaseVisitor.java:23)
	at de.uka.ilkd.key.nparser.KeYParser$FileContext.accept(KeYParser.java:306)
	at de.uka.ilkd.key.nparser.KeyAst.accept(KeyAst.java:41)
	at de.uka.ilkd.key.nparser.KeyAst$File.getIncludes(KeyAst.java:76)
	at de.uka.ilkd.key.proof.io.KeYFile.readIncludes(KeYFile.java:208)
	... 14 more
Could not find rule file rules/intRulesCheckedSemantics.key (file: /home/runner/work/key/key/key.core/../key.ui/examples/index/.././standard_key/arith/check_jdiv_instantiated.key; caused by: de.uka.ilkd.key.proof.init.ProofInputException: Could not find rule file rules/intRulesCheckedSemantics.key)
	at de.uka.ilkd.key.control.AbstractUserInterfaceControl.load(AbstractUserInterfaceControl.java:221)
	at de.uka.ilkd.key.control.KeYEnvironment.load(KeYEnvironment.java:251)
	at de.uka.ilkd.key.control.KeYEnvironment.load(KeYEnvironment.java:224)
	at de.uka.ilkd.key.control.KeYEnvironment.load(KeYEnvironment.java:184)
	at de.uka.ilkd.key.control.KeYEnvironment.load(KeYEnvironment.java:261)
	at de.uka.ilkd.key.proof.runallproofs.proofcollection.TestFile.load(TestFile.java:270)
	at de.uka.ilkd.key.proof.runallproofs.proofcollection.TestFile.runKey(TestFile.java:160)
	at de.uka.ilkd.key.proof.runallproofs.proofcollection.ForkedTestFileRunner.main(ForkedTestFileRunner.java:171)
Caused by: de.uka.ilkd.key.proof.init.ProofInputException: Could not find rule file rules/intRulesCheckedSemantics.key
	at de.uka.ilkd.key.proof.io.KeYFile.readIncludes(KeYFile.java:210)
	at de.uka.ilkd.key.proof.init.ProblemInitializer.readIncludes(ProblemInitializer.java:177)
	at de.uka.ilkd.key.proof.init.ProblemInitializer.readEnvInput(ProblemInitializer.java:325)
	at de.uka.ilkd.key.proof.init.ProblemInitializer.prepare(ProblemInitializer.java:449)
	at de.uka.ilkd.key.proof.io.AbstractProblemLoader.createInitConfig(AbstractProblemLoader.java:518)
	at de.uka.ilkd.key.proof.io.AbstractProblemLoader.loadEnvironment(AbstractProblemLoader.java:288)
	at de.uka.ilkd.key.proof.io.AbstractProblemLoader.load(AbstractProblemLoader.java:252)
	at de.uka.ilkd.key.control.AbstractUserInterfaceControl.load(AbstractUserInterfaceControl.java:209)
	... 7 more
Caused by: java.lang.RuntimeException: Could not find rule file rules/intRulesCheckedSemantics.key
	at de.uka.ilkd.key.proof.io.RuleSourceFactory.fromBuiltInRule(RuleSourceFactory.java:32)
	at de.uka.ilkd.key.proof.io.RuleSourceFactory.fromDefaultLocation(RuleSourceFactory.java:21)
	at de.uka.ilkd.key.nparser.builder.IncludeFinder.addInclude(IncludeFinder.java:63)
	at de.uka.ilkd.key.nparser.builder.IncludeFinder.visitOne_include(IncludeFinder.java:43)
	at de.uka.ilkd.key.nparser.builder.IncludeFinder.visitOne_include(IncludeFinder.java:20)
	at de.uka.ilkd.key.nparser.KeYParser$One_includeContext.accept(KeYParser.java:878)
	at de.uka.ilkd.key.nparser.builder.AbstractBuilder.lambda$mapOf$0(AbstractBuilder.java:112)
	at java.base/java.util.stream.ReferencePipeline$3$1.accept(ReferencePipeline.java:195)
	at java.base/java.util.ArrayList$ArrayListSpliterator.forEachRemaining(ArrayList.java:1655)
	at java.base/java.util.stream.AbstractPipeline.copyInto(AbstractPipeline.java:484)
	at java.base/java.util.stream.AbstractPipeline.wrapAndCopyInto(AbstractPipeline.java:474)
	at java.base/java.util.stream.ReduceOps$ReduceOp.evaluateSequential(ReduceOps.java:913)
	at java.base/java.util.stream.AbstractPipeline.evaluate(AbstractPipeline.java:234)
	at java.base/java.util.stream.ReferencePipeline.collect(ReferencePipeline.java:578)
	at de.uka.ilkd.key.nparser.builder.AbstractBuilder.mapOf(AbstractBuilder.java:112)
	at de.uka.ilkd.key.nparser.builder.IncludeFinder.visitOne_include_statement(IncludeFinder.java:35)
	at de.uka.ilkd.key.nparser.builder.IncludeFinder.visitOne_include_statement(IncludeFinder.java:20)
	at de.uka.ilkd.key.nparser.KeYParser$One_include_statementContext.accept(KeYParser.java:802)
	at org.antlr.v4.runtime.tree.AbstractParseTreeVisitor.visitChildren(AbstractParseTreeVisitor.java:46)
	at de.uka.ilkd.key.nparser.KeYParserBaseVisitor.visitDecls(KeYParserBaseVisitor.java:30)
	at de.uka.ilkd.key.nparser.KeYParser$DeclsContext.accept(KeYParser.java:500)
	at org.antlr.v4.runtime.tree.AbstractParseTreeVisitor.visitChildren(AbstractParseTreeVisitor.java:46)
	at de.uka.ilkd.key.nparser.KeYParserBaseVisitor.visitFile(KeYParserBaseVisitor.java:23)
	at de.uka.ilkd.key.nparser.KeYParser$FileContext.accept(KeYParser.java:306)
	at de.uka.ilkd.key.nparser.KeyAst.accept(KeyAst.java:41)
	at de.uka.ilkd.key.nparser.KeyAst$File.getIncludes(KeyAst.java:76)
	at de.uka.ilkd.key.proof.io.KeYFile.readIncludes(KeYFile.java:208)
	... 14 more
Could not find rule file rules/intRulesCheckedSemantics.key (file: /home/runner/work/key/key/key.core/../key.ui/examples/index/.././standard_key/arith/check_jmod.key; caused by: de.uka.ilkd.key.proof.init.ProofInputException: Could not find rule file rules/intRulesCheckedSemantics.key)
	at de.uka.ilkd.key.control.AbstractUserInterfaceControl.load(AbstractUserInterfaceControl.java:221)
	at de.uka.ilkd.key.control.KeYEnvironment.load(KeYEnvironment.java:251)
	at de.uka.ilkd.key.control.KeYEnvironment.load(KeYEnvironment.java:224)
	at de.uka.ilkd.key.control.KeYEnvironment.load(KeYEnvironment.java:184)
	at de.uka.ilkd.key.control.KeYEnvironment.load(KeYEnvironment.java:261)
	at de.uka.ilkd.key.proof.runallproofs.proofcollection.TestFile.load(TestFile.java:270)
	at de.uka.ilkd.key.proof.runallproofs.proofcollection.TestFile.runKey(TestFile.java:160)
	at de.uka.ilkd.key.proof.runallproofs.proofcollection.ForkedTestFileRunner.main(ForkedTestFileRunner.java:171)
Caused by: de.uka.ilkd.key.proof.init.ProofInputException: Could not find rule file rules/intRulesCheckedSemantics.key
	at de.uka.ilkd.key.proof.io.KeYFile.readIncludes(KeYFile.java:210)
	at de.uka.ilkd.key.proof.init.ProblemInitializer.readIncludes(ProblemInitializer.java:177)
	at de.uka.ilkd.key.proof.init.ProblemInitializer.readEnvInput(ProblemInitializer.java:325)
	at de.uka.ilkd.key.proof.init.ProblemInitializer.prepare(ProblemInitializer.java:449)
	at de.uka.ilkd.key.proof.io.AbstractProblemLoader.createInitConfig(AbstractProblemLoader.java:518)
	at de.uka.ilkd.key.proof.io.AbstractProblemLoader.loadEnvironment(AbstractProblemLoader.java:288)
	at de.uka.ilkd.key.proof.io.AbstractProblemLoader.load(AbstractProblemLoader.java:252)
	at de.uka.ilkd.key.control.AbstractUserInterfaceControl.load(AbstractUserInterfaceControl.java:209)
	... 7 more
Caused by: java.lang.RuntimeException: Could not find rule file rules/intRulesCheckedSemantics.key
	at de.uka.ilkd.key.proof.io.RuleSourceFactory.fromBuiltInRule(RuleSourceFactory.java:32)
	at de.uka.ilkd.key.proof.io.RuleSourceFactory.fromDefaultLocation(RuleSourceFactory.java:21)
	at de.uka.ilkd.key.nparser.builder.IncludeFinder.addInclude(IncludeFinder.java:63)
	at de.uka.ilkd.key.nparser.builder.IncludeFinder.visitOne_include(IncludeFinder.java:43)
	at de.uka.ilkd.key.nparser.builder.IncludeFinder.visitOne_include(IncludeFinder.java:20)
	at de.uka.ilkd.key.nparser.KeYParser$One_includeContext.accept(KeYParser.java:878)
	at de.uka.ilkd.key.nparser.builder.AbstractBuilder.lambda$mapOf$0(AbstractBuilder.java:112)
	at java.base/java.util.stream.ReferencePipeline$3$1.accept(ReferencePipeline.java:195)
	at java.base/java.util.ArrayList$ArrayListSpliterator.forEachRemaining(ArrayList.java:1655)
	at java.base/java.util.stream.AbstractPipeline.copyInto(AbstractPipeline.java:484)
	at java.base/java.util.stream.AbstractPipeline.wrapAndCopyInto(AbstractPipeline.java:474)
	at java.base/java.util.stream.ReduceOps$ReduceOp.evaluateSequential(ReduceOps.java:913)
	at java.base/java.util.stream.AbstractPipeline.evaluate(AbstractPipeline.java:234)
	at java.base/java.util.stream.ReferencePipeline.collect(ReferencePipeline.java:578)
	at de.uka.ilkd.key.nparser.builder.AbstractBuilder.mapOf(AbstractBuilder.java:112)
	at de.uka.ilkd.key.nparser.builder.IncludeFinder.visitOne_include_statement(IncludeFinder.java:35)
	at de.uka.ilkd.key.nparser.builder.IncludeFinder.visitOne_include_statement(IncludeFinder.java:20)
	at de.uka.ilkd.key.nparser.KeYParser$One_include_statementContext.accept(KeYParser.java:802)
	at org.antlr.v4.runtime.tree.AbstractParseTreeVisitor.visitChildren(AbstractParseTreeVisitor.java:46)
	at de.uka.ilkd.key.nparser.KeYParserBaseVisitor.visitDecls(KeYParserBaseVisitor.java:30)
	at de.uka.ilkd.key.nparser.KeYParser$DeclsContext.accept(KeYParser.java:500)
	at org.antlr.v4.runtime.tree.AbstractParseTreeVisitor.visitChildren(AbstractParseTreeVisitor.java:46)
	at de.uka.ilkd.key.nparser.KeYParserBaseVisitor.visitFile(KeYParserBaseVisitor.java:23)
	at de.uka.ilkd.key.nparser.KeYParser$FileContext.accept(KeYParser.java:306)
	at de.uka.ilkd.key.nparser.KeyAst.accept(KeyAst.java:41)
	at de.uka.ilkd.key.nparser.KeyAst$File.getIncludes(KeyAst.java:76)
	at de.uka.ilkd.key.proof.io.KeYFile.readIncludes(KeYFile.java:208)
	... 14 more
Could not find rule file rules/intRulesCheckedSemantics.key (file: /home/runner/work/key/key/key.core/../key.ui/examples/index/.././standard_key/arith/complexExpressions.key; caused by: de.uka.ilkd.key.proof.init.ProofInputException: Could not find rule file rules/intRulesCheckedSemantics.key)
	at de.uka.ilkd.key.control.AbstractUserInterfaceControl.load(AbstractUserInterfaceControl.java:221)
	at de.uka.ilkd.key.control.KeYEnvironment.load(KeYEnvironment.java:251)
	at de.uka.ilkd.key.control.KeYEnvironment.load(KeYEnvironment.java:224)
	at de.uka.ilkd.key.control.KeYEnvironment.load(KeYEnvironment.java:184)
	at de.uka.ilkd.key.control.KeYEnvironment.load(KeYEnvironment.java:261)
	at de.uka.ilkd.key.proof.runallproofs.proofcollection.TestFile.load(TestFile.java:270)
	at de.uka.ilkd.key.proof.runallproofs.proofcollection.TestFile.runKey(TestFile.java:160)
	at de.uka.ilkd.key.proof.runallproofs.proofcollection.ForkedTestFileRunner.main(ForkedTestFileRunner.java:171)
Caused by: de.uka.ilkd.key.proof.init.ProofInputException: Could not find rule file rules/intRulesCheckedSemantics.key
	at de.uka.ilkd.key.proof.io.KeYFile.readIncludes(KeYFile.java:210)
	at de.uka.ilkd.key.proof.init.ProblemInitializer.readIncludes(ProblemInitializer.java:177)
	at de.uka.ilkd.key.proof.init.ProblemInitializer.readEnvInput(ProblemInitializer.java:325)
	at de.uka.ilkd.key.proof.init.ProblemInitializer.prepare(ProblemInitializer.java:449)
	at de.uka.ilkd.key.proof.io.AbstractProblemLoader.createInitConfig(AbstractProblemLoader.java:518)
	at de.uka.ilkd.key.proof.io.AbstractProblemLoader.loadEnvironment(AbstractProblemLoader.java:288)
	at de.uka.ilkd.key.proof.io.AbstractProblemLoader.load(AbstractProblemLoader.java:252)
	at de.uka.ilkd.key.control.AbstractUserInterfaceControl.load(AbstractUserInterfaceControl.java:209)
	... 7 more
Caused by: java.lang.RuntimeException: Could not find rule file rules/intRulesCheckedSemantics.key
	at de.uka.ilkd.key.proof.io.RuleSourceFactory.fromBuiltInRule(RuleSourceFactory.java:32)
	at de.uka.ilkd.key.proof.io.RuleSourceFactory.fromDefaultLocation(RuleSourceFactory.java:21)
	at de.uka.ilkd.key.nparser.builder.IncludeFinder.addInclude(IncludeFinder.java:63)
	at de.uka.ilkd.key.nparser.builder.IncludeFinder.visitOne_include(IncludeFinder.java:43)
	at de.uka.ilkd.key.nparser.builder.IncludeFinder.visitOne_include(IncludeFinder.java:20)
	at de.uka.ilkd.key.nparser.KeYParser$One_includeContext.accept(KeYParser.java:878)
	at de.uka.ilkd.key.nparser.builder.AbstractBuilder.lambda$mapOf$0(AbstractBuilder.java:112)
	at java.base/java.util.stream.ReferencePipeline$3$1.accept(ReferencePipeline.java:195)
	at java.base/java.util.ArrayList$ArrayListSpliterator.forEachRemaining(ArrayList.java:1655)
	at java.base/java.util.stream.AbstractPipeline.copyInto(AbstractPipeline.java:484)
	at java.base/java.util.stream.AbstractPipeline.wrapAndCopyInto(AbstractPipeline.java:474)
	at java.base/java.util.stream.ReduceOps$ReduceOp.evaluateSequential(ReduceOps.java:913)
	at java.base/java.util.stream.AbstractPipeline.evaluate(AbstractPipeline.java:234)
	at java.base/java.util.stream.ReferencePipeline.collect(ReferencePipeline.java:578)
	at de.uka.ilkd.key.nparser.builder.AbstractBuilder.mapOf(AbstractBuilder.java:112)
	at de.uka.ilkd.key.nparser.builder.IncludeFinder.visitOne_include_statement(IncludeFinder.java:35)
	at de.uka.ilkd.key.nparser.builder.IncludeFinder.visitOne_include_statement(IncludeFinder.java:20)
	at de.uka.ilkd.key.nparser.KeYParser$One_include_statementContext.accept(KeYParser.java:802)
	at org.antlr.v4.runtime.tree.AbstractParseTreeVisitor.visitChildren(AbstractParseTreeVisitor.java:46)
	at de.uka.ilkd.key.nparser.KeYParserBaseVisitor.visitDecls(KeYParserBaseVisitor.java:30)
	at de.uka.ilkd.key.nparser.KeYParser$DeclsContext.accept(KeYParser.java:500)
	at org.antlr.v4.runtime.tree.AbstractParseTreeVisitor.visitChildren(AbstractParseTreeVisitor.java:46)
	at de.uka.ilkd.key.nparser.KeYParserBaseVisitor.visitFile(KeYParserBaseVisitor.java:23)
	at de.uka.ilkd.key.nparser.KeYParser$FileContext.accept(KeYParser.java:306)
	at de.uka.ilkd.key.nparser.KeyAst.accept(KeyAst.java:41)
	at de.uka.ilkd.key.nparser.KeyAst$File.getIncludes(KeyAst.java:76)
	at de.uka.ilkd.key.proof.io.KeYFile.readIncludes(KeYFile.java:208)
	... 14 more
Could not find rule file rules/intRulesCheckedSemantics.key (file: /home/runner/work/key/key/key.core/../key.ui/examples/index/.././standard_key/arith/compound_unaryMinus.key; caused by: de.uka.ilkd.key.proof.init.ProofInputException: Could not find rule file rules/intRulesCheckedSemantics.key)
	at de.uka.ilkd.key.control.AbstractUserInterfaceControl.load(AbstractUserInterfaceControl.java:221)
	at de.uka.ilkd.key.control.KeYEnvironment.load(KeYEnvironment.java:251)
	at de.uka.ilkd.key.control.KeYEnvironment.load(KeYEnvironment.java:224)
	at de.uka.ilkd.key.control.KeYEnvironment.load(KeYEnvironment.java:184)
	at de.uka.ilkd.key.control.KeYEnvironment.load(KeYEnvironment.java:261)
	at de.uka.ilkd.key.proof.runallproofs.proofcollection.TestFile.load(TestFile.java:270)
	at de.uka.ilkd.key.proof.runallproofs.proofcollection.TestFile.runKey(TestFile.java:160)
	at de.uka.ilkd.key.proof.runallproofs.proofcollection.ForkedTestFileRunner.main(ForkedTestFileRunner.java:171)
Caused by: de.uka.ilkd.key.proof.init.ProofInputException: Could not find rule file rules/intRulesCheckedSemantics.key
	at de.uka.ilkd.key.proof.io.KeYFile.readIncludes(KeYFile.java:210)
	at de.uka.ilkd.key.proof.init.ProblemInitializer.readIncludes(ProblemInitializer.java:177)
	at de.uka.ilkd.key.proof.init.ProblemInitializer.readEnvInput(ProblemInitializer.java:325)
	at de.uka.ilkd.key.proof.init.ProblemInitializer.prepare(ProblemInitializer.java:449)
	at de.uka.ilkd.key.proof.io.AbstractProblemLoader.createInitConfig(AbstractProblemLoader.java:518)
	at de.uka.ilkd.key.proof.io.AbstractProblemLoader.loadEnvironment(AbstractProblemLoader.java:288)
	at de.uka.ilkd.key.proof.io.AbstractProblemLoader.load(AbstractProblemLoader.java:252)
	at de.uka.ilkd.key.control.AbstractUserInterfaceControl.load(AbstractUserInterfaceControl.java:209)
	... 7 more
Caused by: java.lang.RuntimeException: Could not find rule file rules/intRulesCheckedSemantics.key
	at de.uka.ilkd.key.proof.io.RuleSourceFactory.fromBuiltInRule(RuleSourceFactory.java:32)
	at de.uka.ilkd.key.proof.io.RuleSourceFactory.fromDefaultLocation(RuleSourceFactory.java:21)
	at de.uka.ilkd.key.nparser.builder.IncludeFinder.addInclude(IncludeFinder.java:63)
	at de.uka.ilkd.key.nparser.builder.IncludeFinder.visitOne_include(IncludeFinder.java:43)
	at de.uka.ilkd.key.nparser.builder.IncludeFinder.visitOne_include(IncludeFinder.java:20)
	at de.uka.ilkd.key.nparser.KeYParser$One_includeContext.accept(KeYParser.java:878)
	at de.uka.ilkd.key.nparser.builder.AbstractBuilder.lambda$mapOf$0(AbstractBuilder.java:112)
	at java.base/java.util.stream.ReferencePipeline$3$1.accept(ReferencePipeline.java:195)
	at java.base/java.util.ArrayList$ArrayListSpliterator.forEachRemaining(ArrayList.java:1655)
	at java.base/java.util.stream.AbstractPipeline.copyInto(AbstractPipeline.java:484)
	at java.base/java.util.stream.AbstractPipeline.wrapAndCopyInto(AbstractPipeline.java:474)
	at java.base/java.util.stream.ReduceOps$ReduceOp.evaluateSequential(ReduceOps.java:913)
	at java.base/java.util.stream.AbstractPipeline.evaluate(AbstractPipeline.java:234)
	at java.base/java.util.stream.ReferencePipeline.collect(ReferencePipeline.java:578)
	at de.uka.ilkd.key.nparser.builder.AbstractBuilder.mapOf(AbstractBuilder.java:112)
	at de.uka.ilkd.key.nparser.builder.IncludeFinder.visitOne_include_statement(IncludeFinder.java:35)
	at de.uka.ilkd.key.nparser.builder.IncludeFinder.visitOne_include_statement(IncludeFinder.java:20)
	at de.uka.ilkd.key.nparser.KeYParser$One_include_statementContext.accept(KeYParser.java:802)
	at org.antlr.v4.runtime.tree.AbstractParseTreeVisitor.visitChildren(AbstractParseTreeVisitor.java:46)
	at de.uka.ilkd.key.nparser.KeYParserBaseVisitor.visitDecls(KeYParserBaseVisitor.java:30)
	at de.uka.ilkd.key.nparser.KeYParser$DeclsContext.accept(KeYParser.java:500)
	at org.antlr.v4.runtime.tree.AbstractParseTreeVisitor.visitChildren(AbstractParseTreeVisitor.java:46)
	at de.uka.ilkd.key.nparser.KeYParserBaseVisitor.visitFile(KeYParserBaseVisitor.java:23)
	at de.uka.ilkd.key.nparser.KeYParser$FileContext.accept(KeYParser.java:306)
	at de.uka.ilkd.key.nparser.KeyAst.accept(KeyAst.java:41)
	at de.uka.ilkd.key.nparser.KeyAst$File.getIncludes(KeyAst.java:76)
	at de.uka.ilkd.key.proof.io.KeYFile.readIncludes(KeYFile.java:208)
	... 14 more
Could not find rule file rules/intRulesCheckedSemantics.key (file: /home/runner/work/key/key/key.core/../key.ui/examples/index/.././standard_key/arith/computation.key; caused by: de.uka.ilkd.key.proof.init.ProofInputException: Could not find rule file rules/intRulesCheckedSemantics.key)
	at de.uka.ilkd.key.control.AbstractUserInterfaceControl.load(AbstractUserInterfaceControl.java:221)
	at de.uka.ilkd.key.control.KeYEnvironment.load(KeYEnvironment.java:251)
	at de.uka.ilkd.key.control.KeYEnvironment.load(KeYEnvironment.java:224)
	at de.uka.ilkd.key.control.KeYEnvironment.load(KeYEnvironment.java:184)
	at de.uka.ilkd.key.control.KeYEnvironment.load(KeYEnvironment.java:261)
	at de.uka.ilkd.key.proof.runallproofs.proofcollection.TestFile.load(TestFile.java:270)
	at de.uka.ilkd.key.proof.runallproofs.proofcollection.TestFile.runKey(TestFile.java:160)
	at de.uka.ilkd.key.proof.runallproofs.proofcollection.ForkedTestFileRunner.main(ForkedTestFileRunner.java:171)
Caused by: de.uka.ilkd.key.proof.init.ProofInputException: Could not find rule file rules/intRulesCheckedSemantics.key
	at de.uka.ilkd.key.proof.io.KeYFile.readIncludes(KeYFile.java:210)
	at de.uka.ilkd.key.proof.init.ProblemInitializer.readIncludes(ProblemInitializer.java:177)
	at de.uka.ilkd.key.proof.init.ProblemInitializer.readEnvInput(ProblemInitializer.java:325)
	at de.uka.ilkd.key.proof.init.ProblemInitializer.prepare(ProblemInitializer.java:449)
	at de.uka.ilkd.key.proof.io.AbstractProblemLoader.createInitConfig(AbstractProblemLoader.java:518)
	at de.uka.ilkd.key.proof.io.AbstractProblemLoader.loadEnvironment(AbstractProblemLoader.java:288)
	at de.uka.ilkd.key.proof.io.AbstractProblemLoader.load(AbstractProblemLoader.java:252)
	at de.uka.ilkd.key.control.AbstractUserInterfaceControl.load(AbstractUserInterfaceControl.java:209)
	... 7 more
Caused by: java.lang.RuntimeException: Could not find rule file rules/intRulesCheckedSemantics.key
	at de.uka.ilkd.key.proof.io.RuleSourceFactory.fromBuiltInRule(RuleSourceFactory.java:32)
	at de.uka.ilkd.key.proof.io.RuleSourceFactory.fromDefaultLocation(RuleSourceFactory.java:21)
	at de.uka.ilkd.key.nparser.builder.IncludeFinder.addInclude(IncludeFinder.java:63)
	at de.uka.ilkd.key.nparser.builder.IncludeFinder.visitOne_include(IncludeFinder.java:43)
	at de.uka.ilkd.key.nparser.builder.IncludeFinder.visitOne_include(IncludeFinder.java:20)
	at de.uka.ilkd.key.nparser.KeYParser$One_includeContext.accept(KeYParser.java:878)
	at de.uka.ilkd.key.nparser.builder.AbstractBuilder.lambda$mapOf$0(AbstractBuilder.java:112)
	at java.base/java.util.stream.ReferencePipeline$3$1.accept(ReferencePipeline.java:195)
	at java.base/java.util.ArrayList$ArrayListSpliterator.forEachRemaining(ArrayList.java:1655)
	at java.base/java.util.stream.AbstractPipeline.copyInto(AbstractPipeline.java:484)
	at java.base/java.util.stream.AbstractPipeline.wrapAndCopyInto(AbstractPipeline.java:474)
	at java.base/java.util.stream.ReduceOps$ReduceOp.evaluateSequential(ReduceOps.java:913)
	at java.base/java.util.stream.AbstractPipeline.evaluate(AbstractPipeline.java:234)
	at java.base/java.util.stream.ReferencePipeline.collect(ReferencePipeline.java:578)
	at de.uka.ilkd.key.nparser.builder.AbstractBuilder.mapOf(AbstractBuilder.java:112)
	at de.uka.ilkd.key.nparser.builder.IncludeFinder.visitOne_include_statement(IncludeFinder.java:35)
	at de.uka.ilkd.key.nparser.builder.IncludeFinder.visitOne_include_statement(IncludeFinder.java:20)
	at de.uka.ilkd.key.nparser.KeYParser$One_include_statementContext.accept(KeYParser.java:802)
	at org.antlr.v4.runtime.tree.AbstractParseTreeVisitor.visitChildren(AbstractParseTreeVisitor.java:46)
	at de.uka.ilkd.key.nparser.KeYParserBaseVisitor.visitDecls(KeYParserBaseVisitor.java:30)
	at de.uka.ilkd.key.nparser.KeYParser$DeclsContext.accept(KeYParser.java:500)
	at org.antlr.v4.runtime.tree.AbstractParseTreeVisitor.visitChildren(AbstractParseTreeVisitor.java:46)
	at de.uka.ilkd.key.nparser.KeYParserBaseVisitor.visitFile(KeYParserBaseVisitor.java:23)
	at de.uka.ilkd.key.nparser.KeYParser$FileContext.accept(KeYParser.java:306)
	at de.uka.ilkd.key.nparser.KeyAst.accept(KeyAst.java:41)
	at de.uka.ilkd.key.nparser.KeyAst$File.getIncludes(KeyAst.java:76)
	at de.uka.ilkd.key.proof.io.KeYFile.readIncludes(KeYFile.java:208)
	... 14 more
Could not find rule file rules/intRulesCheckedSemantics.key (file: /home/runner/work/key/key/key.core/../key.ui/examples/index/.././standard_key/arith/cubicSum.key; caused by: de.uka.ilkd.key.proof.init.ProofInputException: Could not find rule file rules/intRulesCheckedSemantics.key)
	at de.uka.ilkd.key.control.AbstractUserInterfaceControl.load(AbstractUserInterfaceControl.java:221)
	at de.uka.ilkd.key.control.KeYEnvironment.load(KeYEnvironment.java:251)
	at de.uka.ilkd.key.control.KeYEnvironment.load(KeYEnvironment.java:224)
	at de.uka.ilkd.key.control.KeYEnvironment.load(KeYEnvironment.java:184)
	at de.uka.ilkd.key.control.KeYEnvironment.load(KeYEnvironment.java:261)
	at de.uka.ilkd.key.proof.runallproofs.proofcollection.TestFile.load(TestFile.java:270)
	at de.uka.ilkd.key.proof.runallproofs.proofcollection.TestFile.runKey(TestFile.java:160)
	at de.uka.ilkd.key.proof.runallproofs.proofcollection.ForkedTestFileRunner.main(ForkedTestFileRunner.java:171)
Caused by: de.uka.ilkd.key.proof.init.ProofInputException: Could not find rule file rules/intRulesCheckedSemantics.key
	at de.uka.ilkd.key.proof.io.KeYFile.readIncludes(KeYFile.java:210)
	at de.uka.ilkd.key.proof.init.ProblemInitializer.readIncludes(ProblemInitializer.java:177)
	at de.uka.ilkd.key.proof.init.ProblemInitializer.readEnvInput(ProblemInitializer.java:325)
	at de.uka.ilkd.key.proof.init.ProblemInitializer.prepare(ProblemInitializer.java:449)
	at de.uka.ilkd.key.proof.io.AbstractProblemLoader.createInitConfig(AbstractProblemLoader.java:518)
	at de.uka.ilkd.key.proof.io.AbstractProblemLoader.loadEnvironment(AbstractProblemLoader.java:288)
	at de.uka.ilkd.key.proof.io.AbstractProblemLoader.load(AbstractProblemLoader.java:252)
	at de.uka.ilkd.key.control.AbstractUserInterfaceControl.load(AbstractUserInterfaceControl.java:209)
	... 7 more
Caused by: java.lang.RuntimeException: Could not find rule file rules/intRulesCheckedSemantics.key
	at de.uka.ilkd.key.proof.io.RuleSourceFactory.fromBuiltInRule(RuleSourceFactory.java:32)
	at de.uka.ilkd.key.proof.io.RuleSourceFactory.fromDefaultLocation(RuleSourceFactory.java:21)
	at de.uka.ilkd.key.nparser.builder.IncludeFinder.addInclude(IncludeFinder.java:63)
	at de.uka.ilkd.key.nparser.builder.IncludeFinder.visitOne_include(IncludeFinder.java:43)
	at de.uka.ilkd.key.nparser.builder.IncludeFinder.visitOne_include(IncludeFinder.java:20)
	at de.uka.ilkd.key.nparser.KeYParser$One_includeContext.accept(KeYParser.java:878)
	at de.uka.ilkd.key.nparser.builder.AbstractBuilder.lambda$mapOf$0(AbstractBuilder.java:112)
	at java.base/java.util.stream.ReferencePipeline$3$1.accept(ReferencePipeline.java:195)
	at java.base/java.util.ArrayList$ArrayListSpliterator.forEachRemaining(ArrayList.java:1655)
	at java.base/java.util.stream.AbstractPipeline.copyInto(AbstractPipeline.java:484)
	at java.base/java.util.stream.AbstractPipeline.wrapAndCopyInto(AbstractPipeline.java:474)
	at java.base/java.util.stream.ReduceOps$ReduceOp.evaluateSequential(ReduceOps.java:913)
	at java.base/java.util.stream.AbstractPipeline.evaluate(AbstractPipeline.java:234)
	at java.base/java.util.stream.ReferencePipeline.collect(ReferencePipeline.java:578)
	at de.uka.ilkd.key.nparser.builder.AbstractBuilder.mapOf(AbstractBuilder.java:112)
	at de.uka.ilkd.key.nparser.builder.IncludeFinder.visitOne_include_statement(IncludeFinder.java:35)
	at de.uka.ilkd.key.nparser.builder.IncludeFinder.visitOne_include_statement(IncludeFinder.java:20)
	at de.uka.ilkd.key.nparser.KeYParser$One_include_statementContext.accept(KeYParser.java:802)
	at org.antlr.v4.runtime.tree.AbstractParseTreeVisitor.visitChildren(AbstractParseTreeVisitor.java:46)
	at de.uka.ilkd.key.nparser.KeYParserBaseVisitor.visitDecls(KeYParserBaseVisitor.java:30)
	at de.uka.ilkd.key.nparser.KeYParser$DeclsContext.accept(KeYParser.java:500)
	at org.antlr.v4.runtime.tree.AbstractParseTreeVisitor.visitChildren(AbstractParseTreeVisitor.java:46)
	at de.uka.ilkd.key.nparser.KeYParserBaseVisitor.visitFile(KeYParserBaseVisitor.java:23)
	at de.uka.ilkd.key.nparser.KeYParser$FileContext.accept(KeYParser.java:306)
	at de.uka.ilkd.key.nparser.KeyAst.accept(KeyAst.java:41)
	at de.uka.ilkd.key.nparser.KeyAst$File.getIncludes(KeyAst.java:76)
	at de.uka.ilkd.key.proof.io.KeYFile.readIncludes(KeYFile.java:208)
	... 14 more
Could not find rule file rules/intRulesCheckedSemantics.key (file: /home/runner/work/key/key/key.core/../key.ui/examples/index/.././standard_key/arith/divByZero.key; caused by: de.uka.ilkd.key.proof.init.ProofInputException: Could not find rule file rules/intRulesCheckedSemantics.key)
	at de.uka.ilkd.key.control.AbstractUserInterfaceControl.load(AbstractUserInterfaceControl.java:221)
	at de.uka.ilkd.key.control.KeYEnvironment.load(KeYEnvironment.java:251)
	at de.uka.ilkd.key.control.KeYEnvironment.load(KeYEnvironment.java:224)
	at de.uka.ilkd.key.control.KeYEnvironment.load(KeYEnvironment.java:184)
	at de.uka.ilkd.key.control.KeYEnvironment.load(KeYEnvironment.java:261)
	at de.uka.ilkd.key.proof.runallproofs.proofcollection.TestFile.load(TestFile.java:270)
	at de.uka.ilkd.key.proof.runallproofs.proofcollection.TestFile.runKey(TestFile.java:160)
	at de.uka.ilkd.key.proof.runallproofs.proofcollection.ForkedTestFileRunner.main(ForkedTestFileRunner.java:171)
Caused by: de.uka.ilkd.key.proof.init.ProofInputException: Could not find rule file rules/intRulesCheckedSemantics.key
	at de.uka.ilkd.key.proof.io.KeYFile.readIncludes(KeYFile.java:210)
	at de.uka.ilkd.key.proof.init.ProblemInitializer.readIncludes(ProblemInitializer.java:177)
	at de.uka.ilkd.key.proof.init.ProblemInitializer.readEnvInput(ProblemInitializer.java:325)
	at de.uka.ilkd.key.proof.init.ProblemInitializer.prepare(ProblemInitializer.java:449)
	at de.uka.ilkd.key.proof.io.AbstractProblemLoader.createInitConfig(AbstractProblemLoader.java:518)
	at de.uka.ilkd.key.proof.io.AbstractProblemLoader.loadEnvironment(AbstractProblemLoader.java:288)
	at de.uka.ilkd.key.proof.io.AbstractProblemLoader.load(AbstractProblemLoader.java:252)
	at de.uka.ilkd.key.control.AbstractUserInterfaceControl.load(AbstractUserInterfaceControl.java:209)
	... 7 more
Caused by: java.lang.RuntimeException: Could not find rule file rules/intRulesCheckedSemantics.key
	at de.uka.ilkd.key.proof.io.RuleSourceFactory.fromBuiltInRule(RuleSourceFactory.java:32)
	at de.uka.ilkd.key.proof.io.RuleSourceFactory.fromDefaultLocation(RuleSourceFactory.java:21)
	at de.uka.ilkd.key.nparser.builder.IncludeFinder.addInclude(IncludeFinder.java:63)
	at de.uka.ilkd.key.nparser.builder.IncludeFinder.visitOne_include(IncludeFinder.java:43)
	at de.uka.ilkd.key.nparser.builder.IncludeFinder.visitOne_include(IncludeFinder.java:20)
	at de.uka.ilkd.key.nparser.KeYParser$One_includeContext.accept(KeYParser.java:878)
	at de.uka.ilkd.key.nparser.builder.AbstractBuilder.lambda$mapOf$0(AbstractBuilder.java:112)
	at java.base/java.util.stream.ReferencePipeline$3$1.accept(ReferencePipeline.java:195)
	at java.base/java.util.ArrayList$ArrayListSpliterator.forEachRemaining(ArrayList.java:1655)
	at java.base/java.util.stream.AbstractPipeline.copyInto(AbstractPipeline.java:484)
	at java.base/java.util.stream.AbstractPipeline.wrapAndCopyInto(AbstractPipeline.java:474)
	at java.base/java.util.stream.ReduceOps$ReduceOp.evaluateSequential(ReduceOps.java:913)
	at java.base/java.util.stream.AbstractPipeline.evaluate(AbstractPipeline.java:234)
	at java.base/java.util.stream.ReferencePipeline.collect(ReferencePipeline.java:578)
	at de.uka.ilkd.key.nparser.builder.AbstractBuilder.mapOf(AbstractBuilder.java:112)
	at de.uka.ilkd.key.nparser.builder.IncludeFinder.visitOne_include_statement(IncludeFinder.java:35)
	at de.uka.ilkd.key.nparser.builder.IncludeFinder.visitOne_include_statement(IncludeFinder.java:20)
	at de.uka.ilkd.key.nparser.KeYParser$One_include_statementContext.accept(KeYParser.java:802)
	at org.antlr.v4.runtime.tree.AbstractParseTreeVisitor.visitChildren(AbstractParseTreeVisitor.java:46)
	at de.uka.ilkd.key.nparser.KeYParserBaseVisitor.visitDecls(KeYParserBaseVisitor.java:30)
	at de.uka.ilkd.key.nparser.KeYParser$DeclsContext.accept(KeYParser.java:500)
	at org.antlr.v4.runtime.tree.AbstractParseTreeVisitor.visitChildren(AbstractParseTreeVisitor.java:46)
	at de.uka.ilkd.key.nparser.KeYParserBaseVisitor.visitFile(KeYParserBaseVisitor.java:23)
	at de.uka.ilkd.key.nparser.KeYParser$FileContext.accept(KeYParser.java:306)
	at de.uka.ilkd.key.nparser.KeyAst.accept(KeyAst.java:41)
	at de.uka.ilkd.key.nparser.KeyAst$File.getIncludes(KeyAst.java:76)
	at de.uka.ilkd.key.proof.io.KeYFile.readIncludes(KeYFile.java:208)
	... 14 more
Could not find rule file rules/intRulesCheckedSemantics.key (file: /home/runner/work/key/key/key.core/../key.ui/examples/index/.././standard_key/arith/divisionAssoc.key; caused by: de.uka.ilkd.key.proof.init.ProofInputException: Could not find rule file rules/intRulesCheckedSemantics.key)
	at de.uka.ilkd.key.control.AbstractUserInterfaceControl.load(AbstractUserInterfaceControl.java:221)
	at de.uka.ilkd.key.control.KeYEnvironment.load(KeYEnvironment.java:251)
	at de.uka.ilkd.key.control.KeYEnvironment.load(KeYEnvironment.java:224)
	at de.uka.ilkd.key.control.KeYEnvironment.load(KeYEnvironment.java:184)
	at de.uka.ilkd.key.control.KeYEnvironment.load(KeYEnvironment.java:261)
	at de.uka.ilkd.key.proof.runallproofs.proofcollection.TestFile.load(TestFile.java:270)
	at de.uka.ilkd.key.proof.runallproofs.proofcollection.TestFile.runKey(TestFile.java:160)
	at de.uka.ilkd.key.proof.runallproofs.proofcollection.ForkedTestFileRunner.main(ForkedTestFileRunner.java:171)
Caused by: de.uka.ilkd.key.proof.init.ProofInputException: Could not find rule file rules/intRulesCheckedSemantics.key
	at de.uka.ilkd.key.proof.io.KeYFile.readIncludes(KeYFile.java:210)
	at de.uka.ilkd.key.proof.init.ProblemInitializer.readIncludes(ProblemInitializer.java:177)
	at de.uka.ilkd.key.proof.init.ProblemInitializer.readEnvInput(ProblemInitializer.java:325)
	at de.uka.ilkd.key.proof.init.ProblemInitializer.prepare(ProblemInitializer.java:449)
	at de.uka.ilkd.key.proof.io.AbstractProblemLoader.createInitConfig(AbstractProblemLoader.java:518)
	at de.uka.ilkd.key.proof.io.AbstractProblemLoader.loadEnvironment(AbstractProblemLoader.java:288)
	at de.uka.ilkd.key.proof.io.AbstractProblemLoader.load(AbstractProblemLoader.java:252)
	at de.uka.ilkd.key.control.AbstractUserInterfaceControl.load(AbstractUserInterfaceControl.java:209)
	... 7 more
Caused by: java.lang.RuntimeException: Could not find rule file rules/intRulesCheckedSemantics.key
	at de.uka.ilkd.key.proof.io.RuleSourceFactory.fromBuiltInRule(RuleSourceFactory.java:32)
	at de.uka.ilkd.key.proof.io.RuleSourceFactory.fromDefaultLocation(RuleSourceFactory.java:21)
	at de.uka.ilkd.key.nparser.builder.IncludeFinder.addInclude(IncludeFinder.java:63)
	at de.uka.ilkd.key.nparser.builder.IncludeFinder.visitOne_include(IncludeFinder.java:43)
	at de.uka.ilkd.key.nparser.builder.IncludeFinder.visitOne_include(IncludeFinder.java:20)
	at de.uka.ilkd.key.nparser.KeYParser$One_includeContext.accept(KeYParser.java:878)
	at de.uka.ilkd.key.nparser.builder.AbstractBuilder.lambda$mapOf$0(AbstractBuilder.java:112)
	at java.base/java.util.stream.ReferencePipeline$3$1.accept(ReferencePipeline.java:195)
	at java.base/java.util.ArrayList$ArrayListSpliterator.forEachRemaining(ArrayList.java:1655)
	at java.base/java.util.stream.AbstractPipeline.copyInto(AbstractPipeline.java:484)
	at java.base/java.util.stream.AbstractPipeline.wrapAndCopyInto(AbstractPipeline.java:474)
	at java.base/java.util.stream.ReduceOps$ReduceOp.evaluateSequential(ReduceOps.java:913)
	at java.base/java.util.stream.AbstractPipeline.evaluate(AbstractPipeline.java:234)
	at java.base/java.util.stream.ReferencePipeline.collect(ReferencePipeline.java:578)
	at de.uka.ilkd.key.nparser.builder.AbstractBuilder.mapOf(AbstractBuilder.java:112)
	at de.uka.ilkd.key.nparser.builder.IncludeFinder.visitOne_include_statement(IncludeFinder.java:35)
	at de.uka.ilkd.key.nparser.builder.IncludeFinder.visitOne_include_statement(IncludeFinder.java:20)
	at de.uka.ilkd.key.nparser.KeYParser$One_include_statementContext.accept(KeYParser.java:802)
	at org.antlr.v4.runtime.tree.AbstractParseTreeVisitor.visitChildren(AbstractParseTreeVisitor.java:46)
	at de.uka.ilkd.key.nparser.KeYParserBaseVisitor.visitDecls(KeYParserBaseVisitor.java:30)
	at de.uka.ilkd.key.nparser.KeYParser$DeclsContext.accept(KeYParser.java:500)
	at org.antlr.v4.runtime.tree.AbstractParseTreeVisitor.visitChildren(AbstractParseTreeVisitor.java:46)
	at de.uka.ilkd.key.nparser.KeYParserBaseVisitor.visitFile(KeYParserBaseVisitor.java:23)
	at de.uka.ilkd.key.nparser.KeYParser$FileContext.accept(KeYParser.java:306)
	at de.uka.ilkd.key.nparser.KeyAst.accept(KeyAst.java:41)
	at de.uka.ilkd.key.nparser.KeyAst$File.getIncludes(KeyAst.java:76)
	at de.uka.ilkd.key.proof.io.KeYFile.readIncludes(KeYFile.java:208)
	... 14 more
Could not find rule file rules/intRulesCheckedSemantics.key (file: /home/runner/work/key/key/key.core/../key.ui/examples/index/.././standard_key/arith/divisionBy2.key; caused by: de.uka.ilkd.key.proof.init.ProofInputException: Could not find rule file rules/intRulesCheckedSemantics.key)
	at de.uka.ilkd.key.control.AbstractUserInterfaceControl.load(AbstractUserInterfaceControl.java:221)
	at de.uka.ilkd.key.control.KeYEnvironment.load(KeYEnvironment.java:251)
	at de.uka.ilkd.key.control.KeYEnvironment.load(KeYEnvironment.java:224)
	at de.uka.ilkd.key.control.KeYEnvironment.load(KeYEnvironment.java:184)
	at de.uka.ilkd.key.control.KeYEnvironment.load(KeYEnvironment.java:261)
	at de.uka.ilkd.key.proof.runallproofs.proofcollection.TestFile.load(TestFile.java:270)
	at de.uka.ilkd.key.proof.runallproofs.proofcollection.TestFile.runKey(TestFile.java:160)
	at de.uka.ilkd.key.proof.runallproofs.proofcollection.ForkedTestFileRunner.main(ForkedTestFileRunner.java:171)
Caused by: de.uka.ilkd.key.proof.init.ProofInputException: Could not find rule file rules/intRulesCheckedSemantics.key
	at de.uka.ilkd.key.proof.io.KeYFile.readIncludes(KeYFile.java:210)
	at de.uka.ilkd.key.proof.init.ProblemInitializer.readIncludes(ProblemInitializer.java:177)
	at de.uka.ilkd.key.proof.init.ProblemInitializer.readEnvInput(ProblemInitializer.java:325)
	at de.uka.ilkd.key.proof.init.ProblemInitializer.prepare(ProblemInitializer.java:449)
	at de.uka.ilkd.key.proof.io.AbstractProblemLoader.createInitConfig(AbstractProblemLoader.java:518)
	at de.uka.ilkd.key.proof.io.AbstractProblemLoader.loadEnvironment(AbstractProblemLoader.java:288)
	at de.uka.ilkd.key.proof.io.AbstractProblemLoader.load(AbstractProblemLoader.java:252)
	at de.uka.ilkd.key.control.AbstractUserInterfaceControl.load(AbstractUserInterfaceControl.java:209)
	... 7 more
Caused by: java.lang.RuntimeException: Could not find rule file rules/intRulesCheckedSemantics.key
	at de.uka.ilkd.key.proof.io.RuleSourceFactory.fromBuiltInRule(RuleSourceFactory.java:32)
	at de.uka.ilkd.key.proof.io.RuleSourceFactory.fromDefaultLocation(RuleSourceFactory.java:21)
	at de.uka.ilkd.key.nparser.builder.IncludeFinder.addInclude(IncludeFinder.java:63)
	at de.uka.ilkd.key.nparser.builder.IncludeFinder.visitOne_include(IncludeFinder.java:43)
	at de.uka.ilkd.key.nparser.builder.IncludeFinder.visitOne_include(IncludeFinder.java:20)
	at de.uka.ilkd.key.nparser.KeYParser$One_includeContext.accept(KeYParser.java:878)
	at de.uka.ilkd.key.nparser.builder.AbstractBuilder.lambda$mapOf$0(AbstractBuilder.java:112)
	at java.base/java.util.stream.ReferencePipeline$3$1.accept(ReferencePipeline.java:195)
	at java.base/java.util.ArrayList$ArrayListSpliterator.forEachRemaining(ArrayList.java:1655)
	at java.base/java.util.stream.AbstractPipeline.copyInto(AbstractPipeline.java:484)
	at java.base/java.util.stream.AbstractPipeline.wrapAndCopyInto(AbstractPipeline.java:474)
	at java.base/java.util.stream.ReduceOps$ReduceOp.evaluateSequential(ReduceOps.java:913)
	at java.base/java.util.stream.AbstractPipeline.evaluate(AbstractPipeline.java:234)
	at java.base/java.util.stream.ReferencePipeline.collect(ReferencePipeline.java:578)
	at de.uka.ilkd.key.nparser.builder.AbstractBuilder.mapOf(AbstractBuilder.java:112)
	at de.uka.ilkd.key.nparser.builder.IncludeFinder.visitOne_include_statement(IncludeFinder.java:35)
	at de.uka.ilkd.key.nparser.builder.IncludeFinder.visitOne_include_statement(IncludeFinder.java:20)
	at de.uka.ilkd.key.nparser.KeYParser$One_include_statementContext.accept(KeYParser.java:802)
	at org.antlr.v4.runtime.tree.AbstractParseTreeVisitor.visitChildren(AbstractParseTreeVisitor.java:46)
	at de.uka.ilkd.key.nparser.KeYParserBaseVisitor.visitDecls(KeYParserBaseVisitor.java:30)
	at de.uka.ilkd.key.nparser.KeYParser$DeclsContext.accept(KeYParser.java:500)
	at org.antlr.v4.runtime.tree.AbstractParseTreeVisitor.visitChildren(AbstractParseTreeVisitor.java:46)
	at de.uka.ilkd.key.nparser.KeYParserBaseVisitor.visitFile(KeYParserBaseVisitor.java:23)
	at de.uka.ilkd.key.nparser.KeYParser$FileContext.accept(KeYParser.java:306)
	at de.uka.ilkd.key.nparser.KeyAst.accept(KeyAst.java:41)
	at de.uka.ilkd.key.nparser.KeyAst$File.getIncludes(KeyAst.java:76)
	at de.uka.ilkd.key.proof.io.KeYFile.readIncludes(KeYFile.java:208)
	... 14 more
Could not find rule file rules/intRulesCheckedSemantics.key (file: /home/runner/work/key/key/key.core/../key.ui/examples/index/.././standard_key/arith/euclidean/gcdHelp-post.key; caused by: de.uka.ilkd.key.proof.init.ProofInputException: Could not find rule file rules/intRulesCheckedSemantics.key)
	at de.uka.ilkd.key.control.AbstractUserInterfaceControl.load(AbstractUserInterfaceControl.java:221)
	at de.uka.ilkd.key.control.KeYEnvironment.load(KeYEnvironment.java:251)
	at de.uka.ilkd.key.control.KeYEnvironment.load(KeYEnvironment.java:224)
	at de.uka.ilkd.key.control.KeYEnvironment.load(KeYEnvironment.java:184)
	at de.uka.ilkd.key.control.KeYEnvironment.load(KeYEnvironment.java:261)
	at de.uka.ilkd.key.proof.runallproofs.proofcollection.TestFile.load(TestFile.java:270)
	at de.uka.ilkd.key.proof.runallproofs.proofcollection.TestFile.runKey(TestFile.java:160)
	at de.uka.ilkd.key.proof.runallproofs.proofcollection.ForkedTestFileRunner.main(ForkedTestFileRunner.java:171)
Caused by: de.uka.ilkd.key.proof.init.ProofInputException: Could not find rule file rules/intRulesCheckedSemantics.key
	at de.uka.ilkd.key.proof.io.KeYFile.readIncludes(KeYFile.java:210)
	at de.uka.ilkd.key.proof.init.ProblemInitializer.readIncludes(ProblemInitializer.java:177)
	at de.uka.ilkd.key.proof.init.ProblemInitializer.readEnvInput(ProblemInitializer.java:325)
	at de.uka.ilkd.key.proof.init.ProblemInitializer.prepare(ProblemInitializer.java:449)
	at de.uka.ilkd.key.proof.io.AbstractProblemLoader.createInitConfig(AbstractProblemLoader.java:518)
	at de.uka.ilkd.key.proof.io.AbstractProblemLoader.loadEnvironment(AbstractProblemLoader.java:288)
	at de.uka.ilkd.key.proof.io.AbstractProblemLoader.load(AbstractProblemLoader.java:252)
	at de.uka.ilkd.key.control.AbstractUserInterfaceControl.load(AbstractUserInterfaceControl.java:209)
	... 7 more
Caused by: java.lang.RuntimeException: Could not find rule file rules/intRulesCheckedSemantics.key
	at de.uka.ilkd.key.proof.io.RuleSourceFactory.fromBuiltInRule(RuleSourceFactory.java:32)
	at de.uka.ilkd.key.proof.io.RuleSourceFactory.fromDefaultLocation(RuleSourceFactory.java:21)
	at de.uka.ilkd.key.nparser.builder.IncludeFinder.addInclude(IncludeFinder.java:63)
	at de.uka.ilkd.key.nparser.builder.IncludeFinder.visitOne_include(IncludeFinder.java:43)
	at de.uka.ilkd.key.nparser.builder.IncludeFinder.visitOne_include(IncludeFinder.java:20)
	at de.uka.ilkd.key.nparser.KeYParser$One_includeContext.accept(KeYParser.java:878)
	at de.uka.ilkd.key.nparser.builder.AbstractBuilder.lambda$mapOf$0(AbstractBuilder.java:112)
	at java.base/java.util.stream.ReferencePipeline$3$1.accept(ReferencePipeline.java:195)
	at java.base/java.util.ArrayList$ArrayListSpliterator.forEachRemaining(ArrayList.java:1655)
	at java.base/java.util.stream.AbstractPipeline.copyInto(AbstractPipeline.java:484)
	at java.base/java.util.stream.AbstractPipeline.wrapAndCopyInto(AbstractPipeline.java:474)
	at java.base/java.util.stream.ReduceOps$ReduceOp.evaluateSequential(ReduceOps.java:913)
	at java.base/java.util.stream.AbstractPipeline.evaluate(AbstractPipeline.java:234)
	at java.base/java.util.stream.ReferencePipeline.collect(ReferencePipeline.java:578)
	at de.uka.ilkd.key.nparser.builder.AbstractBuilder.mapOf(AbstractBuilder.java:112)
	at de.uka.ilkd.key.nparser.builder.IncludeFinder.visitOne_include_statement(IncludeFinder.java:35)
	at de.uka.ilkd.key.nparser.builder.IncludeFinder.visitOne_include_statement(IncludeFinder.java:20)
	at de.uka.ilkd.key.nparser.KeYParser$One_include_statementContext.accept(KeYParser.java:802)
	at org.antlr.v4.runtime.tree.AbstractParseTreeVisitor.visitChildren(AbstractParseTreeVisitor.java:46)
	at de.uka.ilkd.key.nparser.KeYParserBaseVisitor.visitDecls(KeYParserBaseVisitor.java:30)
	at de.uka.ilkd.key.nparser.KeYParser$DeclsContext.accept(KeYParser.java:500)
	at org.antlr.v4.runtime.tree.AbstractParseTreeVisitor.visitChildren(AbstractParseTreeVisitor.java:46)
	at de.uka.ilkd.key.nparser.KeYParserBaseVisitor.visitFile(KeYParserBaseVisitor.java:23)
	at de.uka.ilkd.key.nparser.KeYParser$FileContext.accept(KeYParser.java:306)
	at de.uka.ilkd.key.nparser.KeyAst.accept(KeyAst.java:41)
	at de.uka.ilkd.key.nparser.KeyAst$File.getIncludes(KeyAst.java:76)
	at de.uka.ilkd.key.proof.io.KeYFile.readIncludes(KeYFile.java:208)
	... 14 more
Could not find rule file rules/intRulesCheckedSemantics.key (file: /home/runner/work/key/key/key.core/../key.ui/examples/index/.././standard_key/arith/gemplusDecimal/add.key; caused by: de.uka.ilkd.key.proof.init.ProofInputException: Could not find rule file rules/intRulesCheckedSemantics.key)
	at de.uka.ilkd.key.control.AbstractUserInterfaceControl.load(AbstractUserInterfaceControl.java:221)
	at de.uka.ilkd.key.control.KeYEnvironment.load(KeYEnvironment.java:251)
	at de.uka.ilkd.key.control.KeYEnvironment.load(KeYEnvironment.java:224)
	at de.uka.ilkd.key.control.KeYEnvironment.load(KeYEnvironment.java:184)
	at de.uka.ilkd.key.control.KeYEnvironment.load(KeYEnvironment.java:261)
	at de.uka.ilkd.key.proof.runallproofs.proofcollection.TestFile.load(TestFile.java:270)
	at de.uka.ilkd.key.proof.runallproofs.proofcollection.TestFile.runKey(TestFile.java:160)
	at de.uka.ilkd.key.proof.runallproofs.proofcollection.ForkedTestFileRunner.main(ForkedTestFileRunner.java:171)
Caused by: de.uka.ilkd.key.proof.init.ProofInputException: Could not find rule file rules/intRulesCheckedSemantics.key
	at de.uka.ilkd.key.proof.io.KeYFile.readIncludes(KeYFile.java:210)
	at de.uka.ilkd.key.proof.init.ProblemInitializer.readIncludes(ProblemInitializer.java:177)
	at de.uka.ilkd.key.proof.init.ProblemInitializer.readEnvInput(ProblemInitializer.java:325)
	at de.uka.ilkd.key.proof.init.ProblemInitializer.prepare(ProblemInitializer.java:449)
	at de.uka.ilkd.key.proof.io.AbstractProblemLoader.createInitConfig(AbstractProblemLoader.java:518)
	at de.uka.ilkd.key.proof.io.AbstractProblemLoader.loadEnvironment(AbstractProblemLoader.java:288)
	at de.uka.ilkd.key.proof.io.AbstractProblemLoader.load(AbstractProblemLoader.java:252)
	at de.uka.ilkd.key.control.AbstractUserInterfaceControl.load(AbstractUserInterfaceControl.java:209)
	... 7 more
Caused by: java.lang.RuntimeException: Could not find rule file rules/intRulesCheckedSemantics.key
	at de.uka.ilkd.key.proof.io.RuleSourceFactory.fromBuiltInRule(RuleSourceFactory.java:32)
	at de.uka.ilkd.key.proof.io.RuleSourceFactory.fromDefaultLocation(RuleSourceFactory.java:21)
	at de.uka.ilkd.key.nparser.builder.IncludeFinder.addInclude(IncludeFinder.java:63)
	at de.uka.ilkd.key.nparser.builder.IncludeFinder.visitOne_include(IncludeFinder.java:43)
	at de.uka.ilkd.key.nparser.builder.IncludeFinder.visitOne_include(IncludeFinder.java:20)
	at de.uka.ilkd.key.nparser.KeYParser$One_includeContext.accept(KeYParser.java:878)
	at de.uka.ilkd.key.nparser.builder.AbstractBuilder.lambda$mapOf$0(AbstractBuilder.java:112)
	at java.base/java.util.stream.ReferencePipeline$3$1.accept(ReferencePipeline.java:195)
	at java.base/java.util.ArrayList$ArrayListSpliterator.forEachRemaining(ArrayList.java:1655)
	at java.base/java.util.stream.AbstractPipeline.copyInto(AbstractPipeline.java:484)
	at java.base/java.util.stream.AbstractPipeline.wrapAndCopyInto(AbstractPipeline.java:474)
	at java.base/java.util.stream.ReduceOps$ReduceOp.evaluateSequential(ReduceOps.java:913)
	at java.base/java.util.stream.AbstractPipeline.evaluate(AbstractPipeline.java:234)
	at java.base/java.util.stream.ReferencePipeline.collect(ReferencePipeline.java:578)
	at de.uka.ilkd.key.nparser.builder.AbstractBuilder.mapOf(AbstractBuilder.java:112)
	at de.uka.ilkd.key.nparser.builder.IncludeFinder.visitOne_include_statement(IncludeFinder.java:35)
	at de.uka.ilkd.key.nparser.builder.IncludeFinder.visitOne_include_statement(IncludeFinder.java:20)
	at de.uka.ilkd.key.nparser.KeYParser$One_include_statementContext.accept(KeYParser.java:802)
	at org.antlr.v4.runtime.tree.AbstractParseTreeVisitor.visitChildren(AbstractParseTreeVisitor.java:46)
	at de.uka.ilkd.key.nparser.KeYParserBaseVisitor.visitDecls(KeYParserBaseVisitor.java:30)
	at de.uka.ilkd.key.nparser.KeYParser$DeclsContext.accept(KeYParser.java:500)
	at org.antlr.v4.runtime.tree.AbstractParseTreeVisitor.visitChildren(AbstractParseTreeVisitor.java:46)
	at de.uka.ilkd.key.nparser.KeYParserBaseVisitor.visitFile(KeYParserBaseVisitor.java:23)
	at de.uka.ilkd.key.nparser.KeYParser$FileContext.accept(KeYParser.java:306)
	at de.uka.ilkd.key.nparser.KeyAst.accept(KeyAst.java:41)
	at de.uka.ilkd.key.nparser.KeyAst$File.getIncludes(KeyAst.java:76)
	at de.uka.ilkd.key.proof.io.KeYFile.readIncludes(KeYFile.java:208)
	... 14 more
Could not find rule file rules/intRulesCheckedSemantics.key (file: /home/runner/work/key/key/key.core/../key.ui/examples/index/.././standard_key/arith/jdivevenodd.key; caused by: de.uka.ilkd.key.proof.init.ProofInputException: Could not find rule file rules/intRulesCheckedSemantics.key)
	at de.uka.ilkd.key.control.AbstractUserInterfaceControl.load(AbstractUserInterfaceControl.java:221)
	at de.uka.ilkd.key.control.KeYEnvironment.load(KeYEnvironment.java:251)
	at de.uka.ilkd.key.control.KeYEnvironment.load(KeYEnvironment.java:224)
	at de.uka.ilkd.key.control.KeYEnvironment.load(KeYEnvironment.java:184)
	at de.uka.ilkd.key.control.KeYEnvironment.load(KeYEnvironment.java:261)
	at de.uka.ilkd.key.proof.runallproofs.proofcollection.TestFile.load(TestFile.java:270)
	at de.uka.ilkd.key.proof.runallproofs.proofcollection.TestFile.runKey(TestFile.java:160)
	at de.uka.ilkd.key.proof.runallproofs.proofcollection.ForkedTestFileRunner.main(ForkedTestFileRunner.java:171)
Caused by: de.uka.ilkd.key.proof.init.ProofInputException: Could not find rule file rules/intRulesCheckedSemantics.key
	at de.uka.ilkd.key.proof.io.KeYFile.readIncludes(KeYFile.java:210)
	at de.uka.ilkd.key.proof.init.ProblemInitializer.readIncludes(ProblemInitializer.java:177)
	at de.uka.ilkd.key.proof.init.ProblemInitializer.readEnvInput(ProblemInitializer.java:325)
	at de.uka.ilkd.key.proof.init.ProblemInitializer.prepare(ProblemInitializer.java:449)
	at de.uka.ilkd.key.proof.io.AbstractProblemLoader.createInitConfig(AbstractProblemLoader.java:518)
	at de.uka.ilkd.key.proof.io.AbstractProblemLoader.loadEnvironment(AbstractProblemLoader.java:288)
	at de.uka.ilkd.key.proof.io.AbstractProblemLoader.load(AbstractProblemLoader.java:252)
	at de.uka.ilkd.key.control.AbstractUserInterfaceControl.load(AbstractUserInterfaceControl.java:209)
	... 7 more
Caused by: java.lang.RuntimeException: Could not find rule file rules/intRulesCheckedSemantics.key
	at de.uka.ilkd.key.proof.io.RuleSourceFactory.fromBuiltInRule(RuleSourceFactory.java:32)
	at de.uka.ilkd.key.proof.io.RuleSourceFactory.fromDefaultLocation(RuleSourceFactory.java:21)
	at de.uka.ilkd.key.nparser.builder.IncludeFinder.addInclude(IncludeFinder.java:63)
	at de.uka.ilkd.key.nparser.builder.IncludeFinder.visitOne_include(IncludeFinder.java:43)
	at de.uka.ilkd.key.nparser.builder.IncludeFinder.visitOne_include(IncludeFinder.java:20)
	at de.uka.ilkd.key.nparser.KeYParser$One_includeContext.accept(KeYParser.java:878)
	at de.uka.ilkd.key.nparser.builder.AbstractBuilder.lambda$mapOf$0(AbstractBuilder.java:112)
	at java.base/java.util.stream.ReferencePipeline$3$1.accept(ReferencePipeline.java:195)
	at java.base/java.util.ArrayList$ArrayListSpliterator.forEachRemaining(ArrayList.java:1655)
	at java.base/java.util.stream.AbstractPipeline.copyInto(AbstractPipeline.java:484)
	at java.base/java.util.stream.AbstractPipeline.wrapAndCopyInto(AbstractPipeline.java:474)
	at java.base/java.util.stream.ReduceOps$ReduceOp.evaluateSequential(ReduceOps.java:913)
	at java.base/java.util.stream.AbstractPipeline.evaluate(AbstractPipeline.java:234)
	at java.base/java.util.stream.ReferencePipeline.collect(ReferencePipeline.java:578)
	at de.uka.ilkd.key.nparser.builder.AbstractBuilder.mapOf(AbstractBuilder.java:112)
	at de.uka.ilkd.key.nparser.builder.IncludeFinder.visitOne_include_statement(IncludeFinder.java:35)
	at de.uka.ilkd.key.nparser.builder.IncludeFinder.visitOne_include_statement(IncludeFinder.java:20)
	at de.uka.ilkd.key.nparser.KeYParser$One_include_statementContext.accept(KeYParser.java:802)
	at org.antlr.v4.runtime.tree.AbstractParseTreeVisitor.visitChildren(AbstractParseTreeVisitor.java:46)
	at de.uka.ilkd.key.nparser.KeYParserBaseVisitor.visitDecls(KeYParserBaseVisitor.java:30)
	at de.uka.ilkd.key.nparser.KeYParser$DeclsContext.accept(KeYParser.java:500)
	at org.antlr.v4.runtime.tree.AbstractParseTreeVisitor.visitChildren(AbstractParseTreeVisitor.java:46)
	at de.uka.ilkd.key.nparser.KeYParserBaseVisitor.visitFile(KeYParserBaseVisitor.java:23)
	at de.uka.ilkd.key.nparser.KeYParser$FileContext.accept(KeYParser.java:306)
	at de.uka.ilkd.key.nparser.KeyAst.accept(KeyAst.java:41)
	at de.uka.ilkd.key.nparser.KeyAst$File.getIncludes(KeyAst.java:76)
	at de.uka.ilkd.key.proof.io.KeYFile.readIncludes(KeYFile.java:208)
	... 14 more
Could not find rule file rules/intRulesCheckedSemantics.key (file: /home/runner/work/key/key/key.core/../key.ui/examples/index/.././standard_key/arith/median.key; caused by: de.uka.ilkd.key.proof.init.ProofInputException: Could not find rule file rules/intRulesCheckedSemantics.key)
	at de.uka.ilkd.key.control.AbstractUserInterfaceControl.load(AbstractUserInterfaceControl.java:221)
	at de.uka.ilkd.key.control.KeYEnvironment.load(KeYEnvironment.java:251)
	at de.uka.ilkd.key.control.KeYEnvironment.load(KeYEnvironment.java:224)
	at de.uka.ilkd.key.control.KeYEnvironment.load(KeYEnvironment.java:184)
	at de.uka.ilkd.key.control.KeYEnvironment.load(KeYEnvironment.java:261)
	at de.uka.ilkd.key.proof.runallproofs.proofcollection.TestFile.load(TestFile.java:270)
	at de.uka.ilkd.key.proof.runallproofs.proofcollection.TestFile.runKey(TestFile.java:160)
	at de.uka.ilkd.key.proof.runallproofs.proofcollection.ForkedTestFileRunner.main(ForkedTestFileRunner.java:171)
Caused by: de.uka.ilkd.key.proof.init.ProofInputException: Could not find rule file rules/intRulesCheckedSemantics.key
	at de.uka.ilkd.key.proof.io.KeYFile.readIncludes(KeYFile.java:210)
	at de.uka.ilkd.key.proof.init.ProblemInitializer.readIncludes(ProblemInitializer.java:177)
	at de.uka.ilkd.key.proof.init.ProblemInitializer.readEnvInput(ProblemInitializer.java:325)
	at de.uka.ilkd.key.proof.init.ProblemInitializer.prepare(ProblemInitializer.java:449)
	at de.uka.ilkd.key.proof.io.AbstractProblemLoader.createInitConfig(AbstractProblemLoader.java:518)
	at de.uka.ilkd.key.proof.io.AbstractProblemLoader.loadEnvironment(AbstractProblemLoader.java:288)
	at de.uka.ilkd.key.proof.io.AbstractProblemLoader.load(AbstractProblemLoader.java:252)
	at de.uka.ilkd.key.control.AbstractUserInterfaceControl.load(AbstractUserInterfaceControl.java:209)
	... 7 more
Caused by: java.lang.RuntimeException: Could not find rule file rules/intRulesCheckedSemantics.key
	at de.uka.ilkd.key.proof.io.RuleSourceFactory.fromBuiltInRule(RuleSourceFactory.java:32)
	at de.uka.ilkd.key.proof.io.RuleSourceFactory.fromDefaultLocation(RuleSourceFactory.java:21)
	at de.uka.ilkd.key.nparser.builder.IncludeFinder.addInclude(IncludeFinder.java:63)
	at de.uka.ilkd.key.nparser.builder.IncludeFinder.visitOne_include(IncludeFinder.java:43)
	at de.uka.ilkd.key.nparser.builder.IncludeFinder.visitOne_include(IncludeFinder.java:20)
	at de.uka.ilkd.key.nparser.KeYParser$One_includeContext.accept(KeYParser.java:878)
	at de.uka.ilkd.key.nparser.builder.AbstractBuilder.lambda$mapOf$0(AbstractBuilder.java:112)
	at java.base/java.util.stream.ReferencePipeline$3$1.accept(ReferencePipeline.java:195)
	at java.base/java.util.ArrayList$ArrayListSpliterator.forEachRemaining(ArrayList.java:1655)
	at java.base/java.util.stream.AbstractPipeline.copyInto(AbstractPipeline.java:484)
	at java.base/java.util.stream.AbstractPipeline.wrapAndCopyInto(AbstractPipeline.java:474)
	at java.base/java.util.stream.ReduceOps$ReduceOp.evaluateSequential(ReduceOps.java:913)
	at java.base/java.util.stream.AbstractPipeline.evaluate(AbstractPipeline.java:234)
	at java.base/java.util.stream.ReferencePipeline.collect(ReferencePipeline.java:578)
	at de.uka.ilkd.key.nparser.builder.AbstractBuilder.mapOf(AbstractBuilder.java:112)
	at de.uka.ilkd.key.nparser.builder.IncludeFinder.visitOne_include_statement(IncludeFinder.java:35)
	at de.uka.ilkd.key.nparser.builder.IncludeFinder.visitOne_include_statement(IncludeFinder.java:20)
	at de.uka.ilkd.key.nparser.KeYParser$One_include_statementContext.accept(KeYParser.java:802)
	at org.antlr.v4.runtime.tree.AbstractParseTreeVisitor.visitChildren(AbstractParseTreeVisitor.java:46)
	at de.uka.ilkd.key.nparser.KeYParserBaseVisitor.visitDecls(KeYParserBaseVisitor.java:30)
	at de.uka.ilkd.key.nparser.KeYParser$DeclsContext.accept(KeYParser.java:500)
	at org.antlr.v4.runtime.tree.AbstractParseTreeVisitor.visitChildren(AbstractParseTreeVisitor.java:46)
	at de.uka.ilkd.key.nparser.KeYParserBaseVisitor.visitFile(KeYParserBaseVisitor.java:23)
	at de.uka.ilkd.key.nparser.KeYParser$FileContext.accept(KeYParser.java:306)
	at de.uka.ilkd.key.nparser.KeyAst.accept(KeyAst.java:41)
	at de.uka.ilkd.key.nparser.KeyAst$File.getIncludes(KeyAst.java:76)
	at de.uka.ilkd.key.proof.io.KeYFile.readIncludes(KeYFile.java:208)
	... 14 more
Could not find rule file rules/intRulesCheckedSemantics.key (file: /home/runner/work/key/key/key.core/../key.ui/examples/index/.././standard_key/arith/mod1.key; caused by: de.uka.ilkd.key.proof.init.ProofInputException: Could not find rule file rules/intRulesCheckedSemantics.key)
	at de.uka.ilkd.key.control.AbstractUserInterfaceControl.load(AbstractUserInterfaceControl.java:221)
	at de.uka.ilkd.key.control.KeYEnvironment.load(KeYEnvironment.java:251)
	at de.uka.ilkd.key.control.KeYEnvironment.load(KeYEnvironment.java:224)
	at de.uka.ilkd.key.control.KeYEnvironment.load(KeYEnvironment.java:184)
	at de.uka.ilkd.key.control.KeYEnvironment.load(KeYEnvironment.java:261)
	at de.uka.ilkd.key.proof.runallproofs.proofcollection.TestFile.load(TestFile.java:270)
	at de.uka.ilkd.key.proof.runallproofs.proofcollection.TestFile.runKey(TestFile.java:160)
	at de.uka.ilkd.key.proof.runallproofs.proofcollection.ForkedTestFileRunner.main(ForkedTestFileRunner.java:171)
Caused by: de.uka.ilkd.key.proof.init.ProofInputException: Could not find rule file rules/intRulesCheckedSemantics.key
	at de.uka.ilkd.key.proof.io.KeYFile.readIncludes(KeYFile.java:210)
	at de.uka.ilkd.key.proof.init.ProblemInitializer.readIncludes(ProblemInitializer.java:177)
	at de.uka.ilkd.key.proof.init.ProblemInitializer.readEnvInput(ProblemInitializer.java:325)
	at de.uka.ilkd.key.proof.init.ProblemInitializer.prepare(ProblemInitializer.java:449)
	at de.uka.ilkd.key.proof.io.AbstractProblemLoader.createInitConfig(AbstractProblemLoader.java:518)
	at de.uka.ilkd.key.proof.io.AbstractProblemLoader.loadEnvironment(AbstractProblemLoader.java:288)
	at de.uka.ilkd.key.proof.io.AbstractProblemLoader.load(AbstractProblemLoader.java:252)
	at de.uka.ilkd.key.control.AbstractUserInterfaceControl.load(AbstractUserInterfaceControl.java:209)
	... 7 more
Caused by: java.lang.RuntimeException: Could not find rule file rules/intRulesCheckedSemantics.key
	at de.uka.ilkd.key.proof.io.RuleSourceFactory.fromBuiltInRule(RuleSourceFactory.java:32)
	at de.uka.ilkd.key.proof.io.RuleSourceFactory.fromDefaultLocation(RuleSourceFactory.java:21)
	at de.uka.ilkd.key.nparser.builder.IncludeFinder.addInclude(IncludeFinder.java:63)
	at de.uka.ilkd.key.nparser.builder.IncludeFinder.visitOne_include(IncludeFinder.java:43)
	at de.uka.ilkd.key.nparser.builder.IncludeFinder.visitOne_include(IncludeFinder.java:20)
	at de.uka.ilkd.key.nparser.KeYParser$One_includeContext.accept(KeYParser.java:878)
	at de.uka.ilkd.key.nparser.builder.AbstractBuilder.lambda$mapOf$0(AbstractBuilder.java:112)
	at java.base/java.util.stream.ReferencePipeline$3$1.accept(ReferencePipeline.java:195)
	at java.base/java.util.ArrayList$ArrayListSpliterator.forEachRemaining(ArrayList.java:1655)
	at java.base/java.util.stream.AbstractPipeline.copyInto(AbstractPipeline.java:484)
	at java.base/java.util.stream.AbstractPipeline.wrapAndCopyInto(AbstractPipeline.java:474)
	at java.base/java.util.stream.ReduceOps$ReduceOp.evaluateSequential(ReduceOps.java:913)
	at java.base/java.util.stream.AbstractPipeline.evaluate(AbstractPipeline.java:234)
	at java.base/java.util.stream.ReferencePipeline.collect(ReferencePipeline.java:578)
	at de.uka.ilkd.key.nparser.builder.AbstractBuilder.mapOf(AbstractBuilder.java:112)
	at de.uka.ilkd.key.nparser.builder.IncludeFinder.visitOne_include_statement(IncludeFinder.java:35)
	at de.uka.ilkd.key.nparser.builder.IncludeFinder.visitOne_include_statement(IncludeFinder.java:20)
	at de.uka.ilkd.key.nparser.KeYParser$One_include_statementContext.accept(KeYParser.java:802)
	at org.antlr.v4.runtime.tree.AbstractParseTreeVisitor.visitChildren(AbstractParseTreeVisitor.java:46)
	at de.uka.ilkd.key.nparser.KeYParserBaseVisitor.visitDecls(KeYParserBaseVisitor.java:30)
	at de.uka.ilkd.key.nparser.KeYParser$DeclsContext.accept(KeYParser.java:500)
	at org.antlr.v4.runtime.tree.AbstractParseTreeVisitor.visitChildren(AbstractParseTreeVisitor.java:46)
	at de.uka.ilkd.key.nparser.KeYParserBaseVisitor.visitFile(KeYParserBaseVisitor.java:23)
	at de.uka.ilkd.key.nparser.KeYParser$FileContext.accept(KeYParser.java:306)
	at de.uka.ilkd.key.nparser.KeyAst.accept(KeyAst.java:41)
	at de.uka.ilkd.key.nparser.KeyAst$File.getIncludes(KeyAst.java:76)
	at de.uka.ilkd.key.proof.io.KeYFile.readIncludes(KeYFile.java:208)
	... 14 more
Could not find rule file rules/intRulesCheckedSemantics.key (file: /home/runner/work/key/key/key.core/../key.ui/examples/index/.././standard_key/arith/mod2.key; caused by: de.uka.ilkd.key.proof.init.ProofInputException: Could not find rule file rules/intRulesCheckedSemantics.key)
	at de.uka.ilkd.key.control.AbstractUserInterfaceControl.load(AbstractUserInterfaceControl.java:221)
	at de.uka.ilkd.key.control.KeYEnvironment.load(KeYEnvironment.java:251)
	at de.uka.ilkd.key.control.KeYEnvironment.load(KeYEnvironment.java:224)
	at de.uka.ilkd.key.control.KeYEnvironment.load(KeYEnvironment.java:184)
	at de.uka.ilkd.key.control.KeYEnvironment.load(KeYEnvironment.java:261)
	at de.uka.ilkd.key.proof.runallproofs.proofcollection.TestFile.load(TestFile.java:270)
	at de.uka.ilkd.key.proof.runallproofs.proofcollection.TestFile.runKey(TestFile.java:160)
	at de.uka.ilkd.key.proof.runallproofs.proofcollection.ForkedTestFileRunner.main(ForkedTestFileRunner.java:171)
Caused by: de.uka.ilkd.key.proof.init.ProofInputException: Could not find rule file rules/intRulesCheckedSemantics.key
	at de.uka.ilkd.key.proof.io.KeYFile.readIncludes(KeYFile.java:210)
	at de.uka.ilkd.key.proof.init.ProblemInitializer.readIncludes(ProblemInitializer.java:177)
	at de.uka.ilkd.key.proof.init.ProblemInitializer.readEnvInput(ProblemInitializer.java:325)
	at de.uka.ilkd.key.proof.init.ProblemInitializer.prepare(ProblemInitializer.java:449)
	at de.uka.ilkd.key.proof.io.AbstractProblemLoader.createInitConfig(AbstractProblemLoader.java:518)
	at de.uka.ilkd.key.proof.io.AbstractProblemLoader.loadEnvironment(AbstractProblemLoader.java:288)
	at de.uka.ilkd.key.proof.io.AbstractProblemLoader.load(AbstractProblemLoader.java:252)
	at de.uka.ilkd.key.control.AbstractUserInterfaceControl.load(AbstractUserInterfaceControl.java:209)
	... 7 more
Caused by: java.lang.RuntimeException: Could not find rule file rules/intRulesCheckedSemantics.key
	at de.uka.ilkd.key.proof.io.RuleSourceFactory.fromBuiltInRule(RuleSourceFactory.java:32)
	at de.uka.ilkd.key.proof.io.RuleSourceFactory.fromDefaultLocation(RuleSourceFactory.java:21)
	at de.uka.ilkd.key.nparser.builder.IncludeFinder.addInclude(IncludeFinder.java:63)
	at de.uka.ilkd.key.nparser.builder.IncludeFinder.visitOne_include(IncludeFinder.java:43)
	at de.uka.ilkd.key.nparser.builder.IncludeFinder.visitOne_include(IncludeFinder.java:20)
	at de.uka.ilkd.key.nparser.KeYParser$One_includeContext.accept(KeYParser.java:878)
	at de.uka.ilkd.key.nparser.builder.AbstractBuilder.lambda$mapOf$0(AbstractBuilder.java:112)
	at java.base/java.util.stream.ReferencePipeline$3$1.accept(ReferencePipeline.java:195)
	at java.base/java.util.ArrayList$ArrayListSpliterator.forEachRemaining(ArrayList.java:1655)
	at java.base/java.util.stream.AbstractPipeline.copyInto(AbstractPipeline.java:484)
	at java.base/java.util.stream.AbstractPipeline.wrapAndCopyInto(AbstractPipeline.java:474)
	at java.base/java.util.stream.ReduceOps$ReduceOp.evaluateSequential(ReduceOps.java:913)
	at java.base/java.util.stream.AbstractPipeline.evaluate(AbstractPipeline.java:234)
	at java.base/java.util.stream.ReferencePipeline.collect(ReferencePipeline.java:578)
	at de.uka.ilkd.key.nparser.builder.AbstractBuilder.mapOf(AbstractBuilder.java:112)
	at de.uka.ilkd.key.nparser.builder.IncludeFinder.visitOne_include_statement(IncludeFinder.java:35)
	at de.uka.ilkd.key.nparser.builder.IncludeFinder.visitOne_include_statement(IncludeFinder.java:20)
	at de.uka.ilkd.key.nparser.KeYParser$One_include_statementContext.accept(KeYParser.java:802)
	at org.antlr.v4.runtime.tree.AbstractParseTreeVisitor.visitChildren(AbstractParseTreeVisitor.java:46)
	at de.uka.ilkd.key.nparser.KeYParserBaseVisitor.visitDecls(KeYParserBaseVisitor.java:30)
	at de.uka.ilkd.key.nparser.KeYParser$DeclsContext.accept(KeYParser.java:500)
	at org.antlr.v4.runtime.tree.AbstractParseTreeVisitor.visitChildren(AbstractParseTreeVisitor.java:46)
	at de.uka.ilkd.key.nparser.KeYParserBaseVisitor.visitFile(KeYParserBaseVisitor.java:23)
	at de.uka.ilkd.key.nparser.KeYParser$FileContext.accept(KeYParser.java:306)
	at de.uka.ilkd.key.nparser.KeyAst.accept(KeyAst.java:41)
	at de.uka.ilkd.key.nparser.KeyAst$File.getIncludes(KeyAst.java:76)
	at de.uka.ilkd.key.proof.io.KeYFile.readIncludes(KeYFile.java:208)
	... 14 more
Could not find rule file rules/intRulesCheckedSemantics.key (file: /home/runner/work/key/key/key.core/../key.ui/examples/index/.././standard_key/arith/mod7.key; caused by: de.uka.ilkd.key.proof.init.ProofInputException: Could not find rule file rules/intRulesCheckedSemantics.key)
	at de.uka.ilkd.key.control.AbstractUserInterfaceControl.load(AbstractUserInterfaceControl.java:221)
	at de.uka.ilkd.key.control.KeYEnvironment.load(KeYEnvironment.java:251)
	at de.uka.ilkd.key.control.KeYEnvironment.load(KeYEnvironment.java:224)
	at de.uka.ilkd.key.control.KeYEnvironment.load(KeYEnvironment.java:184)
	at de.uka.ilkd.key.control.KeYEnvironment.load(KeYEnvironment.java:261)
	at de.uka.ilkd.key.proof.runallproofs.proofcollection.TestFile.load(TestFile.java:270)
	at de.uka.ilkd.key.proof.runallproofs.proofcollection.TestFile.runKey(TestFile.java:160)
	at de.uka.ilkd.key.proof.runallproofs.proofcollection.ForkedTestFileRunner.main(ForkedTestFileRunner.java:171)
Caused by: de.uka.ilkd.key.proof.init.ProofInputException: Could not find rule file rules/intRulesCheckedSemantics.key
	at de.uka.ilkd.key.proof.io.KeYFile.readIncludes(KeYFile.java:210)
	at de.uka.ilkd.key.proof.init.ProblemInitializer.readIncludes(ProblemInitializer.java:177)
	at de.uka.ilkd.key.proof.init.ProblemInitializer.readEnvInput(ProblemInitializer.java:325)
	at de.uka.ilkd.key.proof.init.ProblemInitializer.prepare(ProblemInitializer.java:449)
	at de.uka.ilkd.key.proof.io.AbstractProblemLoader.createInitConfig(AbstractProblemLoader.java:518)
	at de.uka.ilkd.key.proof.io.AbstractProblemLoader.loadEnvironment(AbstractProblemLoader.java:288)
	at de.uka.ilkd.key.proof.io.AbstractProblemLoader.load(AbstractProblemLoader.java:252)
	at de.uka.ilkd.key.control.AbstractUserInterfaceControl.load(AbstractUserInterfaceControl.java:209)
	... 7 more
Caused by: java.lang.RuntimeException: Could not find rule file rules/intRulesCheckedSemantics.key
	at de.uka.ilkd.key.proof.io.RuleSourceFactory.fromBuiltInRule(RuleSourceFactory.java:32)
	at de.uka.ilkd.key.proof.io.RuleSourceFactory.fromDefaultLocation(RuleSourceFactory.java:21)
	at de.uka.ilkd.key.nparser.builder.IncludeFinder.addInclude(IncludeFinder.java:63)
	at de.uka.ilkd.key.nparser.builder.IncludeFinder.visitOne_include(IncludeFinder.java:43)
	at de.uka.ilkd.key.nparser.builder.IncludeFinder.visitOne_include(IncludeFinder.java:20)
	at de.uka.ilkd.key.nparser.KeYParser$One_includeContext.accept(KeYParser.java:878)
	at de.uka.ilkd.key.nparser.builder.AbstractBuilder.lambda$mapOf$0(AbstractBuilder.java:112)
	at java.base/java.util.stream.ReferencePipeline$3$1.accept(ReferencePipeline.java:195)
	at java.base/java.util.ArrayList$ArrayListSpliterator.forEachRemaining(ArrayList.java:1655)
	at java.base/java.util.stream.AbstractPipeline.copyInto(AbstractPipeline.java:484)
	at java.base/java.util.stream.AbstractPipeline.wrapAndCopyInto(AbstractPipeline.java:474)
	at java.base/java.util.stream.ReduceOps$ReduceOp.evaluateSequential(ReduceOps.java:913)
	at java.base/java.util.stream.AbstractPipeline.evaluate(AbstractPipeline.java:234)
	at java.base/java.util.stream.ReferencePipeline.collect(ReferencePipeline.java:578)
	at de.uka.ilkd.key.nparser.builder.AbstractBuilder.mapOf(AbstractBuilder.java:112)
	at de.uka.ilkd.key.nparser.builder.IncludeFinder.visitOne_include_statement(IncludeFinder.java:35)
	at de.uka.ilkd.key.nparser.builder.IncludeFinder.visitOne_include_statement(IncludeFinder.java:20)
	at de.uka.ilkd.key.nparser.KeYParser$One_include_statementContext.accept(KeYParser.java:802)
	at org.antlr.v4.runtime.tree.AbstractParseTreeVisitor.visitChildren(AbstractParseTreeVisitor.java:46)
	at de.uka.ilkd.key.nparser.KeYParserBaseVisitor.visitDecls(KeYParserBaseVisitor.java:30)
	at de.uka.ilkd.key.nparser.KeYParser$DeclsContext.accept(KeYParser.java:500)
	at org.antlr.v4.runtime.tree.AbstractParseTreeVisitor.visitChildren(AbstractParseTreeVisitor.java:46)
	at de.uka.ilkd.key.nparser.KeYParserBaseVisitor.visitFile(KeYParserBaseVisitor.java:23)
	at de.uka.ilkd.key.nparser.KeYParser$FileContext.accept(KeYParser.java:306)
	at de.uka.ilkd.key.nparser.KeyAst.accept(KeyAst.java:41)
	at de.uka.ilkd.key.nparser.KeyAst$File.getIncludes(KeyAst.java:76)
	at de.uka.ilkd.key.proof.io.KeYFile.readIncludes(KeYFile.java:208)
	... 14 more
Could not find rule file rules/intRulesCheckedSemantics.key (file: /home/runner/work/key/key/key.core/../key.ui/examples/index/.././standard_key/arith/overflow_hija.key; caused by: de.uka.ilkd.key.proof.init.ProofInputException: Could not find rule file rules/intRulesCheckedSemantics.key)
	at de.uka.ilkd.key.control.AbstractUserInterfaceControl.load(AbstractUserInterfaceControl.java:221)
	at de.uka.ilkd.key.control.KeYEnvironment.load(KeYEnvironment.java:251)
	at de.uka.ilkd.key.control.KeYEnvironment.load(KeYEnvironment.java:224)
	at de.uka.ilkd.key.control.KeYEnvironment.load(KeYEnvironment.java:184)
	at de.uka.ilkd.key.control.KeYEnvironment.load(KeYEnvironment.java:261)
	at de.uka.ilkd.key.proof.runallproofs.proofcollection.TestFile.load(TestFile.java:270)
	at de.uka.ilkd.key.proof.runallproofs.proofcollection.TestFile.runKey(TestFile.java:160)
	at de.uka.ilkd.key.proof.runallproofs.proofcollection.ForkedTestFileRunner.main(ForkedTestFileRunner.java:171)
Caused by: de.uka.ilkd.key.proof.init.ProofInputException: Could not find rule file rules/intRulesCheckedSemantics.key
	at de.uka.ilkd.key.proof.io.KeYFile.readIncludes(KeYFile.java:210)
	at de.uka.ilkd.key.proof.init.ProblemInitializer.readIncludes(ProblemInitializer.java:177)
	at de.uka.ilkd.key.proof.init.ProblemInitializer.readEnvInput(ProblemInitializer.java:325)
	at de.uka.ilkd.key.proof.init.ProblemInitializer.prepare(ProblemInitializer.java:449)
	at de.uka.ilkd.key.proof.io.AbstractProblemLoader.createInitConfig(AbstractProblemLoader.java:518)
	at de.uka.ilkd.key.proof.io.AbstractProblemLoader.loadEnvironment(AbstractProblemLoader.java:288)
	at de.uka.ilkd.key.proof.io.AbstractProblemLoader.load(AbstractProblemLoader.java:252)
	at de.uka.ilkd.key.control.AbstractUserInterfaceControl.load(AbstractUserInterfaceControl.java:209)
	... 7 more
Caused by: java.lang.RuntimeException: Could not find rule file rules/intRulesCheckedSemantics.key
	at de.uka.ilkd.key.proof.io.RuleSourceFactory.fromBuiltInRule(RuleSourceFactory.java:32)
	at de.uka.ilkd.key.proof.io.RuleSourceFactory.fromDefaultLocation(RuleSourceFactory.java:21)
	at de.uka.ilkd.key.nparser.builder.IncludeFinder.addInclude(IncludeFinder.java:63)
	at de.uka.ilkd.key.nparser.builder.IncludeFinder.visitOne_include(IncludeFinder.java:43)
	at de.uka.ilkd.key.nparser.builder.IncludeFinder.visitOne_include(IncludeFinder.java:20)
	at de.uka.ilkd.key.nparser.KeYParser$One_includeContext.accept(KeYParser.java:878)
	at de.uka.ilkd.key.nparser.builder.AbstractBuilder.lambda$mapOf$0(AbstractBuilder.java:112)
	at java.base/java.util.stream.ReferencePipeline$3$1.accept(ReferencePipeline.java:195)
	at java.base/java.util.ArrayList$ArrayListSpliterator.forEachRemaining(ArrayList.java:1655)
	at java.base/java.util.stream.AbstractPipeline.copyInto(AbstractPipeline.java:484)
	at java.base/java.util.stream.AbstractPipeline.wrapAndCopyInto(AbstractPipeline.java:474)
	at java.base/java.util.stream.ReduceOps$ReduceOp.evaluateSequential(ReduceOps.java:913)
	at java.base/java.util.stream.AbstractPipeline.evaluate(AbstractPipeline.java:234)
	at java.base/java.util.stream.ReferencePipeline.collect(ReferencePipeline.java:578)
	at de.uka.ilkd.key.nparser.builder.AbstractBuilder.mapOf(AbstractBuilder.java:112)
	at de.uka.ilkd.key.nparser.builder.IncludeFinder.visitOne_include_statement(IncludeFinder.java:35)
	at de.uka.ilkd.key.nparser.builder.IncludeFinder.visitOne_include_statement(IncludeFinder.java:20)
	at de.uka.ilkd.key.nparser.KeYParser$One_include_statementContext.accept(KeYParser.java:802)
	at org.antlr.v4.runtime.tree.AbstractParseTreeVisitor.visitChildren(AbstractParseTreeVisitor.java:46)
	at de.uka.ilkd.key.nparser.KeYParserBaseVisitor.visitDecls(KeYParserBaseVisitor.java:30)
	at de.uka.ilkd.key.nparser.KeYParser$DeclsContext.accept(KeYParser.java:500)
	at org.antlr.v4.runtime.tree.AbstractParseTreeVisitor.visitChildren(AbstractParseTreeVisitor.java:46)
	at de.uka.ilkd.key.nparser.KeYParserBaseVisitor.visitFile(KeYParserBaseVisitor.java:23)
	at de.uka.ilkd.key.nparser.KeYParser$FileContext.accept(KeYParser.java:306)
	at de.uka.ilkd.key.nparser.KeyAst.accept(KeyAst.java:41)
	at de.uka.ilkd.key.nparser.KeyAst$File.getIncludes(KeyAst.java:76)
	at de.uka.ilkd.key.proof.io.KeYFile.readIncludes(KeYFile.java:208)
	... 14 more
Could not find rule file rules/intRulesCheckedSemantics.key (file: /home/runner/work/key/key/key.core/../key.ui/examples/index/.././standard_key/arith/poly_division0.key; caused by: de.uka.ilkd.key.proof.init.ProofInputException: Could not find rule file rules/intRulesCheckedSemantics.key)
	at de.uka.ilkd.key.control.AbstractUserInterfaceControl.load(AbstractUserInterfaceControl.java:221)
	at de.uka.ilkd.key.control.KeYEnvironment.load(KeYEnvironment.java:251)
	at de.uka.ilkd.key.control.KeYEnvironment.load(KeYEnvironment.java:224)
	at de.uka.ilkd.key.control.KeYEnvironment.load(KeYEnvironment.java:184)
	at de.uka.ilkd.key.control.KeYEnvironment.load(KeYEnvironment.java:261)
	at de.uka.ilkd.key.proof.runallproofs.proofcollection.TestFile.load(TestFile.java:270)
	at de.uka.ilkd.key.proof.runallproofs.proofcollection.TestFile.runKey(TestFile.java:160)
	at de.uka.ilkd.key.proof.runallproofs.proofcollection.ForkedTestFileRunner.main(ForkedTestFileRunner.java:171)
Caused by: de.uka.ilkd.key.proof.init.ProofInputException: Could not find rule file rules/intRulesCheckedSemantics.key
	at de.uka.ilkd.key.proof.io.KeYFile.readIncludes(KeYFile.java:210)
	at de.uka.ilkd.key.proof.init.ProblemInitializer.readIncludes(ProblemInitializer.java:177)
	at de.uka.ilkd.key.proof.init.ProblemInitializer.readEnvInput(ProblemInitializer.java:325)
	at de.uka.ilkd.key.proof.init.ProblemInitializer.prepare(ProblemInitializer.java:449)
	at de.uka.ilkd.key.proof.io.AbstractProblemLoader.createInitConfig(AbstractProblemLoader.java:518)
	at de.uka.ilkd.key.proof.io.AbstractProblemLoader.loadEnvironment(AbstractProblemLoader.java:288)
	at de.uka.ilkd.key.proof.io.AbstractProblemLoader.load(AbstractProblemLoader.java:252)
	at de.uka.ilkd.key.control.AbstractUserInterfaceControl.load(AbstractUserInterfaceControl.java:209)
	... 7 more
Caused by: java.lang.RuntimeException: Could not find rule file rules/intRulesCheckedSemantics.key
	at de.uka.ilkd.key.proof.io.RuleSourceFactory.fromBuiltInRule(RuleSourceFactory.java:32)
	at de.uka.ilkd.key.proof.io.RuleSourceFactory.fromDefaultLocation(RuleSourceFactory.java:21)
	at de.uka.ilkd.key.nparser.builder.IncludeFinder.addInclude(IncludeFinder.java:63)
	at de.uka.ilkd.key.nparser.builder.IncludeFinder.visitOne_include(IncludeFinder.java:43)
	at de.uka.ilkd.key.nparser.builder.IncludeFinder.visitOne_include(IncludeFinder.java:20)
	at de.uka.ilkd.key.nparser.KeYParser$One_includeContext.accept(KeYParser.java:878)
	at de.uka.ilkd.key.nparser.builder.AbstractBuilder.lambda$mapOf$0(AbstractBuilder.java:112)
	at java.base/java.util.stream.ReferencePipeline$3$1.accept(ReferencePipeline.java:195)
	at java.base/java.util.ArrayList$ArrayListSpliterator.forEachRemaining(ArrayList.java:1655)
	at java.base/java.util.stream.AbstractPipeline.copyInto(AbstractPipeline.java:484)
	at java.base/java.util.stream.AbstractPipeline.wrapAndCopyInto(AbstractPipeline.java:474)
	at java.base/java.util.stream.ReduceOps$ReduceOp.evaluateSequential(ReduceOps.java:913)
	at java.base/java.util.stream.AbstractPipeline.evaluate(AbstractPipeline.java:234)
	at java.base/java.util.stream.ReferencePipeline.collect(ReferencePipeline.java:578)
	at de.uka.ilkd.key.nparser.builder.AbstractBuilder.mapOf(AbstractBuilder.java:112)
	at de.uka.ilkd.key.nparser.builder.IncludeFinder.visitOne_include_statement(IncludeFinder.java:35)
	at de.uka.ilkd.key.nparser.builder.IncludeFinder.visitOne_include_statement(IncludeFinder.java:20)
	at de.uka.ilkd.key.nparser.KeYParser$One_include_statementContext.accept(KeYParser.java:802)
	at org.antlr.v4.runtime.tree.AbstractParseTreeVisitor.visitChildren(AbstractParseTreeVisitor.java:46)
	at de.uka.ilkd.key.nparser.KeYParserBaseVisitor.visitDecls(KeYParserBaseVisitor.java:30)
	at de.uka.ilkd.key.nparser.KeYParser$DeclsContext.accept(KeYParser.java:500)
	at org.antlr.v4.runtime.tree.AbstractParseTreeVisitor.visitChildren(AbstractParseTreeVisitor.java:46)
	at de.uka.ilkd.key.nparser.KeYParserBaseVisitor.visitFile(KeYParserBaseVisitor.java:23)
	at de.uka.ilkd.key.nparser.KeYParser$FileContext.accept(KeYParser.java:306)
	at de.uka.ilkd.key.nparser.KeyAst.accept(KeyAst.java:41)
	at de.uka.ilkd.key.nparser.KeyAst$File.getIncludes(KeyAst.java:76)
	at de.uka.ilkd.key.proof.io.KeYFile.readIncludes(KeYFile.java:208)
	... 14 more
Could not find rule file rules/intRulesCheckedSemantics.key (file: /home/runner/work/key/key/key.core/../key.ui/examples/index/.././standard_key/arith/poly_division1.key; caused by: de.uka.ilkd.key.proof.init.ProofInputException: Could not find rule file rules/intRulesCheckedSemantics.key)
	at de.uka.ilkd.key.control.AbstractUserInterfaceControl.load(AbstractUserInterfaceControl.java:221)
	at de.uka.ilkd.key.control.KeYEnvironment.load(KeYEnvironment.java:251)
	at de.uka.ilkd.key.control.KeYEnvironment.load(KeYEnvironment.java:224)
	at de.uka.ilkd.key.control.KeYEnvironment.load(KeYEnvironment.java:184)
	at de.uka.ilkd.key.control.KeYEnvironment.load(KeYEnvironment.java:261)
	at de.uka.ilkd.key.proof.runallproofs.proofcollection.TestFile.load(TestFile.java:270)
	at de.uka.ilkd.key.proof.runallproofs.proofcollection.TestFile.runKey(TestFile.java:160)
	at de.uka.ilkd.key.proof.runallproofs.proofcollection.ForkedTestFileRunner.main(ForkedTestFileRunner.java:171)
Caused by: de.uka.ilkd.key.proof.init.ProofInputException: Could not find rule file rules/intRulesCheckedSemantics.key
	at de.uka.ilkd.key.proof.io.KeYFile.readIncludes(KeYFile.java:210)
	at de.uka.ilkd.key.proof.init.ProblemInitializer.readIncludes(ProblemInitializer.java:177)
	at de.uka.ilkd.key.proof.init.ProblemInitializer.readEnvInput(ProblemInitializer.java:325)
	at de.uka.ilkd.key.proof.init.ProblemInitializer.prepare(ProblemInitializer.java:449)
	at de.uka.ilkd.key.proof.io.AbstractProblemLoader.createInitConfig(AbstractProblemLoader.java:518)
	at de.uka.ilkd.key.proof.io.AbstractProblemLoader.loadEnvironment(AbstractProblemLoader.java:288)
	at de.uka.ilkd.key.proof.io.AbstractProblemLoader.load(AbstractProblemLoader.java:252)
	at de.uka.ilkd.key.control.AbstractUserInterfaceControl.load(AbstractUserInterfaceControl.java:209)
	... 7 more
Caused by: java.lang.RuntimeException: Could not find rule file rules/intRulesCheckedSemantics.key
	at de.uka.ilkd.key.proof.io.RuleSourceFactory.fromBuiltInRule(RuleSourceFactory.java:32)
	at de.uka.ilkd.key.proof.io.RuleSourceFactory.fromDefaultLocation(RuleSourceFactory.java:21)
	at de.uka.ilkd.key.nparser.builder.IncludeFinder.addInclude(IncludeFinder.java:63)
	at de.uka.ilkd.key.nparser.builder.IncludeFinder.visitOne_include(IncludeFinder.java:43)
	at de.uka.ilkd.key.nparser.builder.IncludeFinder.visitOne_include(IncludeFinder.java:20)
	at de.uka.ilkd.key.nparser.KeYParser$One_includeContext.accept(KeYParser.java:878)
	at de.uka.ilkd.key.nparser.builder.AbstractBuilder.lambda$mapOf$0(AbstractBuilder.java:112)
	at java.base/java.util.stream.ReferencePipeline$3$1.accept(ReferencePipeline.java:195)
	at java.base/java.util.ArrayList$ArrayListSpliterator.forEachRemaining(ArrayList.java:1655)
	at java.base/java.util.stream.AbstractPipeline.copyInto(AbstractPipeline.java:484)
	at java.base/java.util.stream.AbstractPipeline.wrapAndCopyInto(AbstractPipeline.java:474)
	at java.base/java.util.stream.ReduceOps$ReduceOp.evaluateSequential(ReduceOps.java:913)
	at java.base/java.util.stream.AbstractPipeline.evaluate(AbstractPipeline.java:234)
	at java.base/java.util.stream.ReferencePipeline.collect(ReferencePipeline.java:578)
	at de.uka.ilkd.key.nparser.builder.AbstractBuilder.mapOf(AbstractBuilder.java:112)
	at de.uka.ilkd.key.nparser.builder.IncludeFinder.visitOne_include_statement(IncludeFinder.java:35)
	at de.uka.ilkd.key.nparser.builder.IncludeFinder.visitOne_include_statement(IncludeFinder.java:20)
	at de.uka.ilkd.key.nparser.KeYParser$One_include_statementContext.accept(KeYParser.java:802)
	at org.antlr.v4.runtime.tree.AbstractParseTreeVisitor.visitChildren(AbstractParseTreeVisitor.java:46)
	at de.uka.ilkd.key.nparser.KeYParserBaseVisitor.visitDecls(KeYParserBaseVisitor.java:30)
	at de.uka.ilkd.key.nparser.KeYParser$DeclsContext.accept(KeYParser.java:500)
	at org.antlr.v4.runtime.tree.AbstractParseTreeVisitor.visitChildren(AbstractParseTreeVisitor.java:46)
	at de.uka.ilkd.key.nparser.KeYParserBaseVisitor.visitFile(KeYParserBaseVisitor.java:23)
	at de.uka.ilkd.key.nparser.KeYParser$FileContext.accept(KeYParser.java:306)
	at de.uka.ilkd.key.nparser.KeyAst.accept(KeyAst.java:41)
	at de.uka.ilkd.key.nparser.KeyAst$File.getIncludes(KeyAst.java:76)
	at de.uka.ilkd.key.proof.io.KeYFile.readIncludes(KeYFile.java:208)
	... 14 more
Could not find rule file rules/intRulesCheckedSemantics.key (file: /home/runner/work/key/key/key.core/../key.ui/examples/index/.././standard_key/inEqSimp/division.key; caused by: de.uka.ilkd.key.proof.init.ProofInputException: Could not find rule file rules/intRulesCheckedSemantics.key)
	at de.uka.ilkd.key.control.AbstractUserInterfaceControl.load(AbstractUserInterfaceControl.java:221)
	at de.uka.ilkd.key.control.KeYEnvironment.load(KeYEnvironment.java:251)
	at de.uka.ilkd.key.control.KeYEnvironment.load(KeYEnvironment.java:224)
	at de.uka.ilkd.key.control.KeYEnvironment.load(KeYEnvironment.java:184)
	at de.uka.ilkd.key.control.KeYEnvironment.load(KeYEnvironment.java:261)
	at de.uka.ilkd.key.proof.runallproofs.proofcollection.TestFile.load(TestFile.java:270)
	at de.uka.ilkd.key.proof.runallproofs.proofcollection.TestFile.runKey(TestFile.java:160)
	at de.uka.ilkd.key.proof.runallproofs.proofcollection.ForkedTestFileRunner.main(ForkedTestFileRunner.java:171)
Caused by: de.uka.ilkd.key.proof.init.ProofInputException: Could not find rule file rules/intRulesCheckedSemantics.key
	at de.uka.ilkd.key.proof.io.KeYFile.readIncludes(KeYFile.java:210)
	at de.uka.ilkd.key.proof.init.ProblemInitializer.readIncludes(ProblemInitializer.java:177)
	at de.uka.ilkd.key.proof.init.ProblemInitializer.readEnvInput(ProblemInitializer.java:325)
	at de.uka.ilkd.key.proof.init.ProblemInitializer.prepare(ProblemInitializer.java:449)
	at de.uka.ilkd.key.proof.io.AbstractProblemLoader.createInitConfig(AbstractProblemLoader.java:518)
	at de.uka.ilkd.key.proof.io.AbstractProblemLoader.loadEnvironment(AbstractProblemLoader.java:288)
	at de.uka.ilkd.key.proof.io.AbstractProblemLoader.load(AbstractProblemLoader.java:252)
	at de.uka.ilkd.key.control.AbstractUserInterfaceControl.load(AbstractUserInterfaceControl.java:209)
	... 7 more
Caused by: java.lang.RuntimeException: Could not find rule file rules/intRulesCheckedSemantics.key
	at de.uka.ilkd.key.proof.io.RuleSourceFactory.fromBuiltInRule(RuleSourceFactory.java:32)
	at de.uka.ilkd.key.proof.io.RuleSourceFactory.fromDefaultLocation(RuleSourceFactory.java:21)
	at de.uka.ilkd.key.nparser.builder.IncludeFinder.addInclude(IncludeFinder.java:63)
	at de.uka.ilkd.key.nparser.builder.IncludeFinder.visitOne_include(IncludeFinder.java:43)
	at de.uka.ilkd.key.nparser.builder.IncludeFinder.visitOne_include(IncludeFinder.java:20)
	at de.uka.ilkd.key.nparser.KeYParser$One_includeContext.accept(KeYParser.java:878)
	at de.uka.ilkd.key.nparser.builder.AbstractBuilder.lambda$mapOf$0(AbstractBuilder.java:112)
	at java.base/java.util.stream.ReferencePipeline$3$1.accept(ReferencePipeline.java:195)
	at java.base/java.util.ArrayList$ArrayListSpliterator.forEachRemaining(ArrayList.java:1655)
	at java.base/java.util.stream.AbstractPipeline.copyInto(AbstractPipeline.java:484)
	at java.base/java.util.stream.AbstractPipeline.wrapAndCopyInto(AbstractPipeline.java:474)
	at java.base/java.util.stream.ReduceOps$ReduceOp.evaluateSequential(ReduceOps.java:913)
	at java.base/java.util.stream.AbstractPipeline.evaluate(AbstractPipeline.java:234)
	at java.base/java.util.stream.ReferencePipeline.collect(ReferencePipeline.java:578)
	at de.uka.ilkd.key.nparser.builder.AbstractBuilder.mapOf(AbstractBuilder.java:112)
	at de.uka.ilkd.key.nparser.builder.IncludeFinder.visitOne_include_statement(IncludeFinder.java:35)
	at de.uka.ilkd.key.nparser.builder.IncludeFinder.visitOne_include_statement(IncludeFinder.java:20)
	at de.uka.ilkd.key.nparser.KeYParser$One_include_statementContext.accept(KeYParser.java:802)
	at org.antlr.v4.runtime.tree.AbstractParseTreeVisitor.visitChildren(AbstractParseTreeVisitor.java:46)
	at de.uka.ilkd.key.nparser.KeYParserBaseVisitor.visitDecls(KeYParserBaseVisitor.java:30)
	at de.uka.ilkd.key.nparser.KeYParser$DeclsContext.accept(KeYParser.java:500)
	at org.antlr.v4.runtime.tree.AbstractParseTreeVisitor.visitChildren(AbstractParseTreeVisitor.java:46)
	at de.uka.ilkd.key.nparser.KeYParserBaseVisitor.visitFile(KeYParserBaseVisitor.java:23)
	at de.uka.ilkd.key.nparser.KeYParser$FileContext.accept(KeYParser.java:306)
	at de.uka.ilkd.key.nparser.KeyAst.accept(KeyAst.java:41)
	at de.uka.ilkd.key.nparser.KeyAst$File.getIncludes(KeyAst.java:76)
	at de.uka.ilkd.key.proof.io.KeYFile.readIncludes(KeYFile.java:208)
	... 14 more
Could not find rule file rules/intRulesCheckedSemantics.key (file: /home/runner/work/key/key/key.core/../key.ui/examples/index/.././standard_key/inEqSimp/inequations0.key; caused by: de.uka.ilkd.key.proof.init.ProofInputException: Could not find rule file rules/intRulesCheckedSemantics.key)
	at de.uka.ilkd.key.control.AbstractUserInterfaceControl.load(AbstractUserInterfaceControl.java:221)
	at de.uka.ilkd.key.control.KeYEnvironment.load(KeYEnvironment.java:251)
	at de.uka.ilkd.key.control.KeYEnvironment.load(KeYEnvironment.java:224)
	at de.uka.ilkd.key.control.KeYEnvironment.load(KeYEnvironment.java:184)
	at de.uka.ilkd.key.control.KeYEnvironment.load(KeYEnvironment.java:261)
	at de.uka.ilkd.key.proof.runallproofs.proofcollection.TestFile.load(TestFile.java:270)
	at de.uka.ilkd.key.proof.runallproofs.proofcollection.TestFile.runKey(TestFile.java:160)
	at de.uka.ilkd.key.proof.runallproofs.proofcollection.ForkedTestFileRunner.main(ForkedTestFileRunner.java:171)
Caused by: de.uka.ilkd.key.proof.init.ProofInputException: Could not find rule file rules/intRulesCheckedSemantics.key
	at de.uka.ilkd.key.proof.io.KeYFile.readIncludes(KeYFile.java:210)
	at de.uka.ilkd.key.proof.init.ProblemInitializer.readIncludes(ProblemInitializer.java:177)
	at de.uka.ilkd.key.proof.init.ProblemInitializer.readEnvInput(ProblemInitializer.java:325)
	at de.uka.ilkd.key.proof.init.ProblemInitializer.prepare(ProblemInitializer.java:449)
	at de.uka.ilkd.key.proof.io.AbstractProblemLoader.createInitConfig(AbstractProblemLoader.java:518)
	at de.uka.ilkd.key.proof.io.AbstractProblemLoader.loadEnvironment(AbstractProblemLoader.java:288)
	at de.uka.ilkd.key.proof.io.AbstractProblemLoader.load(AbstractProblemLoader.java:252)
	at de.uka.ilkd.key.control.AbstractUserInterfaceControl.load(AbstractUserInterfaceControl.java:209)
	... 7 more
Caused by: java.lang.RuntimeException: Could not find rule file rules/intRulesCheckedSemantics.key
	at de.uka.ilkd.key.proof.io.RuleSourceFactory.fromBuiltInRule(RuleSourceFactory.java:32)
	at de.uka.ilkd.key.proof.io.RuleSourceFactory.fromDefaultLocation(RuleSourceFactory.java:21)
	at de.uka.ilkd.key.nparser.builder.IncludeFinder.addInclude(IncludeFinder.java:63)
	at de.uka.ilkd.key.nparser.builder.IncludeFinder.visitOne_include(IncludeFinder.java:43)
	at de.uka.ilkd.key.nparser.builder.IncludeFinder.visitOne_include(IncludeFinder.java:20)
	at de.uka.ilkd.key.nparser.KeYParser$One_includeContext.accept(KeYParser.java:878)
	at de.uka.ilkd.key.nparser.builder.AbstractBuilder.lambda$mapOf$0(AbstractBuilder.java:112)
	at java.base/java.util.stream.ReferencePipeline$3$1.accept(ReferencePipeline.java:195)
	at java.base/java.util.ArrayList$ArrayListSpliterator.forEachRemaining(ArrayList.java:1655)
	at java.base/java.util.stream.AbstractPipeline.copyInto(AbstractPipeline.java:484)
	at java.base/java.util.stream.AbstractPipeline.wrapAndCopyInto(AbstractPipeline.java:474)
	at java.base/java.util.stream.ReduceOps$ReduceOp.evaluateSequential(ReduceOps.java:913)
	at java.base/java.util.stream.AbstractPipeline.evaluate(AbstractPipeline.java:234)
	at java.base/java.util.stream.ReferencePipeline.collect(ReferencePipeline.java:578)
	at de.uka.ilkd.key.nparser.builder.AbstractBuilder.mapOf(AbstractBuilder.java:112)
	at de.uka.ilkd.key.nparser.builder.IncludeFinder.visitOne_include_statement(IncludeFinder.java:35)
	at de.uka.ilkd.key.nparser.builder.IncludeFinder.visitOne_include_statement(IncludeFinder.java:20)
	at de.uka.ilkd.key.nparser.KeYParser$One_include_statementContext.accept(KeYParser.java:802)
	at org.antlr.v4.runtime.tree.AbstractParseTreeVisitor.visitChildren(AbstractParseTreeVisitor.java:46)
	at de.uka.ilkd.key.nparser.KeYParserBaseVisitor.visitDecls(KeYParserBaseVisitor.java:30)
	at de.uka.ilkd.key.nparser.KeYParser$DeclsContext.accept(KeYParser.java:500)
	at org.antlr.v4.runtime.tree.AbstractParseTreeVisitor.visitChildren(AbstractParseTreeVisitor.java:46)
	at de.uka.ilkd.key.nparser.KeYParserBaseVisitor.visitFile(KeYParserBaseVisitor.java:23)
	at de.uka.ilkd.key.nparser.KeYParser$FileContext.accept(KeYParser.java:306)
	at de.uka.ilkd.key.nparser.KeyAst.accept(KeyAst.java:41)
	at de.uka.ilkd.key.nparser.KeyAst$File.getIncludes(KeyAst.java:76)
	at de.uka.ilkd.key.proof.io.KeYFile.readIncludes(KeYFile.java:208)
	... 14 more
Could not find rule file rules/intRulesCheckedSemantics.key (file: /home/runner/work/key/key/key.core/../key.ui/examples/index/.././standard_key/inEqSimp/inequations1.key; caused by: de.uka.ilkd.key.proof.init.ProofInputException: Could not find rule file rules/intRulesCheckedSemantics.key)
	at de.uka.ilkd.key.control.AbstractUserInterfaceControl.load(AbstractUserInterfaceControl.java:221)
	at de.uka.ilkd.key.control.KeYEnvironment.load(KeYEnvironment.java:251)
	at de.uka.ilkd.key.control.KeYEnvironment.load(KeYEnvironment.java:224)
	at de.uka.ilkd.key.control.KeYEnvironment.load(KeYEnvironment.java:184)
	at de.uka.ilkd.key.control.KeYEnvironment.load(KeYEnvironment.java:261)
	at de.uka.ilkd.key.proof.runallproofs.proofcollection.TestFile.load(TestFile.java:270)
	at de.uka.ilkd.key.proof.runallproofs.proofcollection.TestFile.runKey(TestFile.java:160)
	at de.uka.ilkd.key.proof.runallproofs.proofcollection.ForkedTestFileRunner.main(ForkedTestFileRunner.java:171)
Caused by: de.uka.ilkd.key.proof.init.ProofInputException: Could not find rule file rules/intRulesCheckedSemantics.key
	at de.uka.ilkd.key.proof.io.KeYFile.readIncludes(KeYFile.java:210)
	at de.uka.ilkd.key.proof.init.ProblemInitializer.readIncludes(ProblemInitializer.java:177)
	at de.uka.ilkd.key.proof.init.ProblemInitializer.readEnvInput(ProblemInitializer.java:325)
	at de.uka.ilkd.key.proof.init.ProblemInitializer.prepare(ProblemInitializer.java:449)
	at de.uka.ilkd.key.proof.io.AbstractProblemLoader.createInitConfig(AbstractProblemLoader.java:518)
	at de.uka.ilkd.key.proof.io.AbstractProblemLoader.loadEnvironment(AbstractProblemLoader.java:288)
	at de.uka.ilkd.key.proof.io.AbstractProblemLoader.load(AbstractProblemLoader.java:252)
	at de.uka.ilkd.key.control.AbstractUserInterfaceControl.load(AbstractUserInterfaceControl.java:209)
	... 7 more
Caused by: java.lang.RuntimeException: Could not find rule file rules/intRulesCheckedSemantics.key
	at de.uka.ilkd.key.proof.io.RuleSourceFactory.fromBuiltInRule(RuleSourceFactory.java:32)
	at de.uka.ilkd.key.proof.io.RuleSourceFactory.fromDefaultLocation(RuleSourceFactory.java:21)
	at de.uka.ilkd.key.nparser.builder.IncludeFinder.addInclude(IncludeFinder.java:63)
	at de.uka.ilkd.key.nparser.builder.IncludeFinder.visitOne_include(IncludeFinder.java:43)
	at de.uka.ilkd.key.nparser.builder.IncludeFinder.visitOne_include(IncludeFinder.java:20)
	at de.uka.ilkd.key.nparser.KeYParser$One_includeContext.accept(KeYParser.java:878)
	at de.uka.ilkd.key.nparser.builder.AbstractBuilder.lambda$mapOf$0(AbstractBuilder.java:112)
	at java.base/java.util.stream.ReferencePipeline$3$1.accept(ReferencePipeline.java:195)
	at java.base/java.util.ArrayList$ArrayListSpliterator.forEachRemaining(ArrayList.java:1655)
	at java.base/java.util.stream.AbstractPipeline.copyInto(AbstractPipeline.java:484)
	at java.base/java.util.stream.AbstractPipeline.wrapAndCopyInto(AbstractPipeline.java:474)
	at java.base/java.util.stream.ReduceOps$ReduceOp.evaluateSequential(ReduceOps.java:913)
	at java.base/java.util.stream.AbstractPipeline.evaluate(AbstractPipeline.java:234)
	at java.base/java.util.stream.ReferencePipeline.collect(ReferencePipeline.java:578)
	at de.uka.ilkd.key.nparser.builder.AbstractBuilder.mapOf(AbstractBuilder.java:112)
	at de.uka.ilkd.key.nparser.builder.IncludeFinder.visitOne_include_statement(IncludeFinder.java:35)
	at de.uka.ilkd.key.nparser.builder.IncludeFinder.visitOne_include_statement(IncludeFinder.java:20)
	at de.uka.ilkd.key.nparser.KeYParser$One_include_statementContext.accept(KeYParser.java:802)
	at org.antlr.v4.runtime.tree.AbstractParseTreeVisitor.visitChildren(AbstractParseTreeVisitor.java:46)
	at de.uka.ilkd.key.nparser.KeYParserBaseVisitor.visitDecls(KeYParserBaseVisitor.java:30)
	at de.uka.ilkd.key.nparser.KeYParser$DeclsContext.accept(KeYParser.java:500)
	at org.antlr.v4.runtime.tree.AbstractParseTreeVisitor.visitChildren(AbstractParseTreeVisitor.java:46)
	at de.uka.ilkd.key.nparser.KeYParserBaseVisitor.visitFile(KeYParserBaseVisitor.java:23)
	at de.uka.ilkd.key.nparser.KeYParser$FileContext.accept(KeYParser.java:306)
	at de.uka.ilkd.key.nparser.KeyAst.accept(KeyAst.java:41)
	at de.uka.ilkd.key.nparser.KeyAst$File.getIncludes(KeyAst.java:76)
	at de.uka.ilkd.key.proof.io.KeYFile.readIncludes(KeYFile.java:208)
	... 14 more
Could not find rule file rules/intRulesCheckedSemantics.key (file: /home/runner/work/key/key/key.core/../key.ui/examples/index/.././standard_key/inEqSimp/inequations2.key; caused by: de.uka.ilkd.key.proof.init.ProofInputException: Could not find rule file rules/intRulesCheckedSemantics.key)
	at de.uka.ilkd.key.control.AbstractUserInterfaceControl.load(AbstractUserInterfaceControl.java:221)
	at de.uka.ilkd.key.control.KeYEnvironment.load(KeYEnvironment.java:251)
	at de.uka.ilkd.key.control.KeYEnvironment.load(KeYEnvironment.java:224)
	at de.uka.ilkd.key.control.KeYEnvironment.load(KeYEnvironment.java:184)
	at de.uka.ilkd.key.control.KeYEnvironment.load(KeYEnvironment.java:261)
	at de.uka.ilkd.key.proof.runallproofs.proofcollection.TestFile.load(TestFile.java:270)
	at de.uka.ilkd.key.proof.runallproofs.proofcollection.TestFile.runKey(TestFile.java:160)
	at de.uka.ilkd.key.proof.runallproofs.proofcollection.ForkedTestFileRunner.main(ForkedTestFileRunner.java:171)
Caused by: de.uka.ilkd.key.proof.init.ProofInputException: Could not find rule file rules/intRulesCheckedSemantics.key
	at de.uka.ilkd.key.proof.io.KeYFile.readIncludes(KeYFile.java:210)
	at de.uka.ilkd.key.proof.init.ProblemInitializer.readIncludes(ProblemInitializer.java:177)
	at de.uka.ilkd.key.proof.init.ProblemInitializer.readEnvInput(ProblemInitializer.java:325)
	at de.uka.ilkd.key.proof.init.ProblemInitializer.prepare(ProblemInitializer.java:449)
	at de.uka.ilkd.key.proof.io.AbstractProblemLoader.createInitConfig(AbstractProblemLoader.java:518)
	at de.uka.ilkd.key.proof.io.AbstractProblemLoader.loadEnvironment(AbstractProblemLoader.java:288)
	at de.uka.ilkd.key.proof.io.AbstractProblemLoader.load(AbstractProblemLoader.java:252)
	at de.uka.ilkd.key.control.AbstractUserInterfaceControl.load(AbstractUserInterfaceControl.java:209)
	... 7 more
Caused by: java.lang.RuntimeException: Could not find rule file rules/intRulesCheckedSemantics.key
	at de.uka.ilkd.key.proof.io.RuleSourceFactory.fromBuiltInRule(RuleSourceFactory.java:32)
	at de.uka.ilkd.key.proof.io.RuleSourceFactory.fromDefaultLocation(RuleSourceFactory.java:21)
	at de.uka.ilkd.key.nparser.builder.IncludeFinder.addInclude(IncludeFinder.java:63)
	at de.uka.ilkd.key.nparser.builder.IncludeFinder.visitOne_include(IncludeFinder.java:43)
	at de.uka.ilkd.key.nparser.builder.IncludeFinder.visitOne_include(IncludeFinder.java:20)
	at de.uka.ilkd.key.nparser.KeYParser$One_includeContext.accept(KeYParser.java:878)
	at de.uka.ilkd.key.nparser.builder.AbstractBuilder.lambda$mapOf$0(AbstractBuilder.java:112)
	at java.base/java.util.stream.ReferencePipeline$3$1.accept(ReferencePipeline.java:195)
	at java.base/java.util.ArrayList$ArrayListSpliterator.forEachRemaining(ArrayList.java:1655)
	at java.base/java.util.stream.AbstractPipeline.copyInto(AbstractPipeline.java:484)
	at java.base/java.util.stream.AbstractPipeline.wrapAndCopyInto(AbstractPipeline.java:474)
	at java.base/java.util.stream.ReduceOps$ReduceOp.evaluateSequential(ReduceOps.java:913)
	at java.base/java.util.stream.AbstractPipeline.evaluate(AbstractPipeline.java:234)
	at java.base/java.util.stream.ReferencePipeline.collect(ReferencePipeline.java:578)
	at de.uka.ilkd.key.nparser.builder.AbstractBuilder.mapOf(AbstractBuilder.java:112)
	at de.uka.ilkd.key.nparser.builder.IncludeFinder.visitOne_include_statement(IncludeFinder.java:35)
	at de.uka.ilkd.key.nparser.builder.IncludeFinder.visitOne_include_statement(IncludeFinder.java:20)
	at de.uka.ilkd.key.nparser.KeYParser$One_include_statementContext.accept(KeYParser.java:802)
	at org.antlr.v4.runtime.tree.AbstractParseTreeVisitor.visitChildren(AbstractParseTreeVisitor.java:46)
	at de.uka.ilkd.key.nparser.KeYParserBaseVisitor.visitDecls(KeYParserBaseVisitor.java:30)
	at de.uka.ilkd.key.nparser.KeYParser$DeclsContext.accept(KeYParser.java:500)
	at org.antlr.v4.runtime.tree.AbstractParseTreeVisitor.visitChildren(AbstractParseTreeVisitor.java:46)
	at de.uka.ilkd.key.nparser.KeYParserBaseVisitor.visitFile(KeYParserBaseVisitor.java:23)
	at de.uka.ilkd.key.nparser.KeYParser$FileContext.accept(KeYParser.java:306)
	at de.uka.ilkd.key.nparser.KeyAst.accept(KeyAst.java:41)
	at de.uka.ilkd.key.nparser.KeyAst$File.getIncludes(KeyAst.java:76)
	at de.uka.ilkd.key.proof.io.KeYFile.readIncludes(KeYFile.java:208)
	... 14 more
Could not find rule file rules/intRulesCheckedSemantics.key (file: /home/runner/work/key/key/key.core/../key.ui/examples/index/.././standard_key/inEqSimp/linApprox.key; caused by: de.uka.ilkd.key.proof.init.ProofInputException: Could not find rule file rules/intRulesCheckedSemantics.key)
	at de.uka.ilkd.key.control.AbstractUserInterfaceControl.load(AbstractUserInterfaceControl.java:221)
	at de.uka.ilkd.key.control.KeYEnvironment.load(KeYEnvironment.java:251)
	at de.uka.ilkd.key.control.KeYEnvironment.load(KeYEnvironment.java:224)
	at de.uka.ilkd.key.control.KeYEnvironment.load(KeYEnvironment.java:184)
	at de.uka.ilkd.key.control.KeYEnvironment.load(KeYEnvironment.java:261)
	at de.uka.ilkd.key.proof.runallproofs.proofcollection.TestFile.load(TestFile.java:270)
	at de.uka.ilkd.key.proof.runallproofs.proofcollection.TestFile.runKey(TestFile.java:160)
	at de.uka.ilkd.key.proof.runallproofs.proofcollection.ForkedTestFileRunner.main(ForkedTestFileRunner.java:171)
Caused by: de.uka.ilkd.key.proof.init.ProofInputException: Could not find rule file rules/intRulesCheckedSemantics.key
	at de.uka.ilkd.key.proof.io.KeYFile.readIncludes(KeYFile.java:210)
	at de.uka.ilkd.key.proof.init.ProblemInitializer.readIncludes(ProblemInitializer.java:177)
	at de.uka.ilkd.key.proof.init.ProblemInitializer.readEnvInput(ProblemInitializer.java:325)
	at de.uka.ilkd.key.proof.init.ProblemInitializer.prepare(ProblemInitializer.java:449)
	at de.uka.ilkd.key.proof.io.AbstractProblemLoader.createInitConfig(AbstractProblemLoader.java:518)
	at de.uka.ilkd.key.proof.io.AbstractProblemLoader.loadEnvironment(AbstractProblemLoader.java:288)
	at de.uka.ilkd.key.proof.io.AbstractProblemLoader.load(AbstractProblemLoader.java:252)
	at de.uka.ilkd.key.control.AbstractUserInterfaceControl.load(AbstractUserInterfaceControl.java:209)
	... 7 more
Caused by: java.lang.RuntimeException: Could not find rule file rules/intRulesCheckedSemantics.key
	at de.uka.ilkd.key.proof.io.RuleSourceFactory.fromBuiltInRule(RuleSourceFactory.java:32)
	at de.uka.ilkd.key.proof.io.RuleSourceFactory.fromDefaultLocation(RuleSourceFactory.java:21)
	at de.uka.ilkd.key.nparser.builder.IncludeFinder.addInclude(IncludeFinder.java:63)
	at de.uka.ilkd.key.nparser.builder.IncludeFinder.visitOne_include(IncludeFinder.java:43)
	at de.uka.ilkd.key.nparser.builder.IncludeFinder.visitOne_include(IncludeFinder.java:20)
	at de.uka.ilkd.key.nparser.KeYParser$One_includeContext.accept(KeYParser.java:878)
	at de.uka.ilkd.key.nparser.builder.AbstractBuilder.lambda$mapOf$0(AbstractBuilder.java:112)
	at java.base/java.util.stream.ReferencePipeline$3$1.accept(ReferencePipeline.java:195)
	at java.base/java.util.ArrayList$ArrayListSpliterator.forEachRemaining(ArrayList.java:1655)
	at java.base/java.util.stream.AbstractPipeline.copyInto(AbstractPipeline.java:484)
	at java.base/java.util.stream.AbstractPipeline.wrapAndCopyInto(AbstractPipeline.java:474)
	at java.base/java.util.stream.ReduceOps$ReduceOp.evaluateSequential(ReduceOps.java:913)
	at java.base/java.util.stream.AbstractPipeline.evaluate(AbstractPipeline.java:234)
	at java.base/java.util.stream.ReferencePipeline.collect(ReferencePipeline.java:578)
	at de.uka.ilkd.key.nparser.builder.AbstractBuilder.mapOf(AbstractBuilder.java:112)
	at de.uka.ilkd.key.nparser.builder.IncludeFinder.visitOne_include_statement(IncludeFinder.java:35)
	at de.uka.ilkd.key.nparser.builder.IncludeFinder.visitOne_include_statement(IncludeFinder.java:20)
	at de.uka.ilkd.key.nparser.KeYParser$One_include_statementContext.accept(KeYParser.java:802)
	at org.antlr.v4.runtime.tree.AbstractParseTreeVisitor.visitChildren(AbstractParseTreeVisitor.java:46)
	at de.uka.ilkd.key.nparser.KeYParserBaseVisitor.visitDecls(KeYParserBaseVisitor.java:30)
	at de.uka.ilkd.key.nparser.KeYParser$DeclsContext.accept(KeYParser.java:500)
	at org.antlr.v4.runtime.tree.AbstractParseTreeVisitor.visitChildren(AbstractParseTreeVisitor.java:46)
	at de.uka.ilkd.key.nparser.KeYParserBaseVisitor.visitFile(KeYParserBaseVisitor.java:23)
	at de.uka.ilkd.key.nparser.KeYParser$FileContext.accept(KeYParser.java:306)
	at de.uka.ilkd.key.nparser.KeyAst.accept(KeyAst.java:41)
	at de.uka.ilkd.key.nparser.KeyAst$File.getIncludes(KeyAst.java:76)
	at de.uka.ilkd.key.proof.io.KeYFile.readIncludes(KeYFile.java:208)
	... 14 more
Could not find rule file rules/intRulesCheckedSemantics.key (file: /home/runner/work/key/key/key.core/../key.ui/examples/index/.././standard_key/inEqSimp/nonLinInEqExample0.key; caused by: de.uka.ilkd.key.proof.init.ProofInputException: Could not find rule file rules/intRulesCheckedSemantics.key)
	at de.uka.ilkd.key.control.AbstractUserInterfaceControl.load(AbstractUserInterfaceControl.java:221)
	at de.uka.ilkd.key.control.KeYEnvironment.load(KeYEnvironment.java:251)
	at de.uka.ilkd.key.control.KeYEnvironment.load(KeYEnvironment.java:224)
	at de.uka.ilkd.key.control.KeYEnvironment.load(KeYEnvironment.java:184)
	at de.uka.ilkd.key.control.KeYEnvironment.load(KeYEnvironment.java:261)
	at de.uka.ilkd.key.proof.runallproofs.proofcollection.TestFile.load(TestFile.java:270)
	at de.uka.ilkd.key.proof.runallproofs.proofcollection.TestFile.runKey(TestFile.java:160)
	at de.uka.ilkd.key.proof.runallproofs.proofcollection.ForkedTestFileRunner.main(ForkedTestFileRunner.java:171)
Caused by: de.uka.ilkd.key.proof.init.ProofInputException: Could not find rule file rules/intRulesCheckedSemantics.key
	at de.uka.ilkd.key.proof.io.KeYFile.readIncludes(KeYFile.java:210)
	at de.uka.ilkd.key.proof.init.ProblemInitializer.readIncludes(ProblemInitializer.java:177)
	at de.uka.ilkd.key.proof.init.ProblemInitializer.readEnvInput(ProblemInitializer.java:325)
	at de.uka.ilkd.key.proof.init.ProblemInitializer.prepare(ProblemInitializer.java:449)
	at de.uka.ilkd.key.proof.io.AbstractProblemLoader.createInitConfig(AbstractProblemLoader.java:518)
	at de.uka.ilkd.key.proof.io.AbstractProblemLoader.loadEnvironment(AbstractProblemLoader.java:288)
	at de.uka.ilkd.key.proof.io.AbstractProblemLoader.load(AbstractProblemLoader.java:252)
	at de.uka.ilkd.key.control.AbstractUserInterfaceControl.load(AbstractUserInterfaceControl.java:209)
	... 7 more
Caused by: java.lang.RuntimeException: Could not find rule file rules/intRulesCheckedSemantics.key
	at de.uka.ilkd.key.proof.io.RuleSourceFactory.fromBuiltInRule(RuleSourceFactory.java:32)
	at de.uka.ilkd.key.proof.io.RuleSourceFactory.fromDefaultLocation(RuleSourceFactory.java:21)
	at de.uka.ilkd.key.nparser.builder.IncludeFinder.addInclude(IncludeFinder.java:63)
	at de.uka.ilkd.key.nparser.builder.IncludeFinder.visitOne_include(IncludeFinder.java:43)
	at de.uka.ilkd.key.nparser.builder.IncludeFinder.visitOne_include(IncludeFinder.java:20)
	at de.uka.ilkd.key.nparser.KeYParser$One_includeContext.accept(KeYParser.java:878)
	at de.uka.ilkd.key.nparser.builder.AbstractBuilder.lambda$mapOf$0(AbstractBuilder.java:112)
	at java.base/java.util.stream.ReferencePipeline$3$1.accept(ReferencePipeline.java:195)
	at java.base/java.util.ArrayList$ArrayListSpliterator.forEachRemaining(ArrayList.java:1655)
	at java.base/java.util.stream.AbstractPipeline.copyInto(AbstractPipeline.java:484)
	at java.base/java.util.stream.AbstractPipeline.wrapAndCopyInto(AbstractPipeline.java:474)
	at java.base/java.util.stream.ReduceOps$ReduceOp.evaluateSequential(ReduceOps.java:913)
	at java.base/java.util.stream.AbstractPipeline.evaluate(AbstractPipeline.java:234)
	at java.base/java.util.stream.ReferencePipeline.collect(ReferencePipeline.java:578)
	at de.uka.ilkd.key.nparser.builder.AbstractBuilder.mapOf(AbstractBuilder.java:112)
	at de.uka.ilkd.key.nparser.builder.IncludeFinder.visitOne_include_statement(IncludeFinder.java:35)
	at de.uka.ilkd.key.nparser.builder.IncludeFinder.visitOne_include_statement(IncludeFinder.java:20)
	at de.uka.ilkd.key.nparser.KeYParser$One_include_statementContext.accept(KeYParser.java:802)
	at org.antlr.v4.runtime.tree.AbstractParseTreeVisitor.visitChildren(AbstractParseTreeVisitor.java:46)
	at de.uka.ilkd.key.nparser.KeYParserBaseVisitor.visitDecls(KeYParserBaseVisitor.java:30)
	at de.uka.ilkd.key.nparser.KeYParser$DeclsContext.accept(KeYParser.java:500)
	at org.antlr.v4.runtime.tree.AbstractParseTreeVisitor.visitChildren(AbstractParseTreeVisitor.java:46)
	at de.uka.ilkd.key.nparser.KeYParserBaseVisitor.visitFile(KeYParserBaseVisitor.java:23)
	at de.uka.ilkd.key.nparser.KeYParser$FileContext.accept(KeYParser.java:306)
	at de.uka.ilkd.key.nparser.KeyAst.accept(KeyAst.java:41)
	at de.uka.ilkd.key.nparser.KeyAst$File.getIncludes(KeyAst.java:76)
	at de.uka.ilkd.key.proof.io.KeYFile.readIncludes(KeYFile.java:208)
	... 14 more
Could not find rule file rules/intRulesCheckedSemantics.key (file: /home/runner/work/key/key/key.core/../key.ui/examples/index/.././standard_key/inEqSimp/nonLinInEqExample2.key; caused by: de.uka.ilkd.key.proof.init.ProofInputException: Could not find rule file rules/intRulesCheckedSemantics.key)
	at de.uka.ilkd.key.control.AbstractUserInterfaceControl.load(AbstractUserInterfaceControl.java:221)
	at de.uka.ilkd.key.control.KeYEnvironment.load(KeYEnvironment.java:251)
	at de.uka.ilkd.key.control.KeYEnvironment.load(KeYEnvironment.java:224)
	at de.uka.ilkd.key.control.KeYEnvironment.load(KeYEnvironment.java:184)
	at de.uka.ilkd.key.control.KeYEnvironment.load(KeYEnvironment.java:261)
	at de.uka.ilkd.key.proof.runallproofs.proofcollection.TestFile.load(TestFile.java:270)
	at de.uka.ilkd.key.proof.runallproofs.proofcollection.TestFile.runKey(TestFile.java:160)
	at de.uka.ilkd.key.proof.runallproofs.proofcollection.ForkedTestFileRunner.main(ForkedTestFileRunner.java:171)
Caused by: de.uka.ilkd.key.proof.init.ProofInputException: Could not find rule file rules/intRulesCheckedSemantics.key
	at de.uka.ilkd.key.proof.io.KeYFile.readIncludes(KeYFile.java:210)
	at de.uka.ilkd.key.proof.init.ProblemInitializer.readIncludes(ProblemInitializer.java:177)
	at de.uka.ilkd.key.proof.init.ProblemInitializer.readEnvInput(ProblemInitializer.java:325)
	at de.uka.ilkd.key.proof.init.ProblemInitializer.prepare(ProblemInitializer.java:449)
	at de.uka.ilkd.key.proof.io.AbstractProblemLoader.createInitConfig(AbstractProblemLoader.java:518)
	at de.uka.ilkd.key.proof.io.AbstractProblemLoader.loadEnvironment(AbstractProblemLoader.java:288)
	at de.uka.ilkd.key.proof.io.AbstractProblemLoader.load(AbstractProblemLoader.java:252)
	at de.uka.ilkd.key.control.AbstractUserInterfaceControl.load(AbstractUserInterfaceControl.java:209)
	... 7 more
Caused by: java.lang.RuntimeException: Could not find rule file rules/intRulesCheckedSemantics.key
	at de.uka.ilkd.key.proof.io.RuleSourceFactory.fromBuiltInRule(RuleSourceFactory.java:32)
	at de.uka.ilkd.key.proof.io.RuleSourceFactory.fromDefaultLocation(RuleSourceFactory.java:21)
	at de.uka.ilkd.key.nparser.builder.IncludeFinder.addInclude(IncludeFinder.java:63)
	at de.uka.ilkd.key.nparser.builder.IncludeFinder.visitOne_include(IncludeFinder.java:43)
	at de.uka.ilkd.key.nparser.builder.IncludeFinder.visitOne_include(IncludeFinder.java:20)
	at de.uka.ilkd.key.nparser.KeYParser$One_includeContext.accept(KeYParser.java:878)
	at de.uka.ilkd.key.nparser.builder.AbstractBuilder.lambda$mapOf$0(AbstractBuilder.java:112)
	at java.base/java.util.stream.ReferencePipeline$3$1.accept(ReferencePipeline.java:195)
	at java.base/java.util.ArrayList$ArrayListSpliterator.forEachRemaining(ArrayList.java:1655)
	at java.base/java.util.stream.AbstractPipeline.copyInto(AbstractPipeline.java:484)
	at java.base/java.util.stream.AbstractPipeline.wrapAndCopyInto(AbstractPipeline.java:474)
	at java.base/java.util.stream.ReduceOps$ReduceOp.evaluateSequential(ReduceOps.java:913)
	at java.base/java.util.stream.AbstractPipeline.evaluate(AbstractPipeline.java:234)
	at java.base/java.util.stream.ReferencePipeline.collect(ReferencePipeline.java:578)
	at de.uka.ilkd.key.nparser.builder.AbstractBuilder.mapOf(AbstractBuilder.java:112)
	at de.uka.ilkd.key.nparser.builder.IncludeFinder.visitOne_include_statement(IncludeFinder.java:35)
	at de.uka.ilkd.key.nparser.builder.IncludeFinder.visitOne_include_statement(IncludeFinder.java:20)
	at de.uka.ilkd.key.nparser.KeYParser$One_include_statementContext.accept(KeYParser.java:802)
	at org.antlr.v4.runtime.tree.AbstractParseTreeVisitor.visitChildren(AbstractParseTreeVisitor.java:46)
	at de.uka.ilkd.key.nparser.KeYParserBaseVisitor.visitDecls(KeYParserBaseVisitor.java:30)
	at de.uka.ilkd.key.nparser.KeYParser$DeclsContext.accept(KeYParser.java:500)
	at org.antlr.v4.runtime.tree.AbstractParseTreeVisitor.visitChildren(AbstractParseTreeVisitor.java:46)
	at de.uka.ilkd.key.nparser.KeYParserBaseVisitor.visitFile(KeYParserBaseVisitor.java:23)
	at de.uka.ilkd.key.nparser.KeYParser$FileContext.accept(KeYParser.java:306)
	at de.uka.ilkd.key.nparser.KeyAst.accept(KeyAst.java:41)
	at de.uka.ilkd.key.nparser.KeyAst$File.getIncludes(KeyAst.java:76)
	at de.uka.ilkd.key.proof.io.KeYFile.readIncludes(KeYFile.java:208)
	... 14 more
Could not find rule file rules/intRulesCheckedSemantics.key (file: /home/runner/work/key/key/key.core/../key.ui/examples/index/.././standard_key/inEqSimp/nonLinInEqExample3.key; caused by: de.uka.ilkd.key.proof.init.ProofInputException: Could not find rule file rules/intRulesCheckedSemantics.key)
	at de.uka.ilkd.key.control.AbstractUserInterfaceControl.load(AbstractUserInterfaceControl.java:221)
	at de.uka.ilkd.key.control.KeYEnvironment.load(KeYEnvironment.java:251)
	at de.uka.ilkd.key.control.KeYEnvironment.load(KeYEnvironment.java:224)
	at de.uka.ilkd.key.control.KeYEnvironment.load(KeYEnvironment.java:184)
	at de.uka.ilkd.key.control.KeYEnvironment.load(KeYEnvironment.java:261)
	at de.uka.ilkd.key.proof.runallproofs.proofcollection.TestFile.load(TestFile.java:270)
	at de.uka.ilkd.key.proof.runallproofs.proofcollection.TestFile.runKey(TestFile.java:160)
	at de.uka.ilkd.key.proof.runallproofs.proofcollection.ForkedTestFileRunner.main(ForkedTestFileRunner.java:171)
Caused by: de.uka.ilkd.key.proof.init.ProofInputException: Could not find rule file rules/intRulesCheckedSemantics.key
	at de.uka.ilkd.key.proof.io.KeYFile.readIncludes(KeYFile.java:210)
	at de.uka.ilkd.key.proof.init.ProblemInitializer.readIncludes(ProblemInitializer.java:177)
	at de.uka.ilkd.key.proof.init.ProblemInitializer.readEnvInput(ProblemInitializer.java:325)
	at de.uka.ilkd.key.proof.init.ProblemInitializer.prepare(ProblemInitializer.java:449)
	at de.uka.ilkd.key.proof.io.AbstractProblemLoader.createInitConfig(AbstractProblemLoader.java:518)
	at de.uka.ilkd.key.proof.io.AbstractProblemLoader.loadEnvironment(AbstractProblemLoader.java:288)
	at de.uka.ilkd.key.proof.io.AbstractProblemLoader.load(AbstractProblemLoader.java:252)
	at de.uka.ilkd.key.control.AbstractUserInterfaceControl.load(AbstractUserInterfaceControl.java:209)
	... 7 more
Caused by: java.lang.RuntimeException: Could not find rule file rules/intRulesCheckedSemantics.key
	at de.uka.ilkd.key.proof.io.RuleSourceFactory.fromBuiltInRule(RuleSourceFactory.java:32)
	at de.uka.ilkd.key.proof.io.RuleSourceFactory.fromDefaultLocation(RuleSourceFactory.java:21)
	at de.uka.ilkd.key.nparser.builder.IncludeFinder.addInclude(IncludeFinder.java:63)
	at de.uka.ilkd.key.nparser.builder.IncludeFinder.visitOne_include(IncludeFinder.java:43)
	at de.uka.ilkd.key.nparser.builder.IncludeFinder.visitOne_include(IncludeFinder.java:20)
	at de.uka.ilkd.key.nparser.KeYParser$One_includeContext.accept(KeYParser.java:878)
	at de.uka.ilkd.key.nparser.builder.AbstractBuilder.lambda$mapOf$0(AbstractBuilder.java:112)
	at java.base/java.util.stream.ReferencePipeline$3$1.accept(ReferencePipeline.java:195)
	at java.base/java.util.ArrayList$ArrayListSpliterator.forEachRemaining(ArrayList.java:1655)
	at java.base/java.util.stream.AbstractPipeline.copyInto(AbstractPipeline.java:484)
	at java.base/java.util.stream.AbstractPipeline.wrapAndCopyInto(AbstractPipeline.java:474)
	at java.base/java.util.stream.ReduceOps$ReduceOp.evaluateSequential(ReduceOps.java:913)
	at java.base/java.util.stream.AbstractPipeline.evaluate(AbstractPipeline.java:234)
	at java.base/java.util.stream.ReferencePipeline.collect(ReferencePipeline.java:578)
	at de.uka.ilkd.key.nparser.builder.AbstractBuilder.mapOf(AbstractBuilder.java:112)
	at de.uka.ilkd.key.nparser.builder.IncludeFinder.visitOne_include_statement(IncludeFinder.java:35)
	at de.uka.ilkd.key.nparser.builder.IncludeFinder.visitOne_include_statement(IncludeFinder.java:20)
	at de.uka.ilkd.key.nparser.KeYParser$One_include_statementContext.accept(KeYParser.java:802)
	at org.antlr.v4.runtime.tree.AbstractParseTreeVisitor.visitChildren(AbstractParseTreeVisitor.java:46)
	at de.uka.ilkd.key.nparser.KeYParserBaseVisitor.visitDecls(KeYParserBaseVisitor.java:30)
	at de.uka.ilkd.key.nparser.KeYParser$DeclsContext.accept(KeYParser.java:500)
	at org.antlr.v4.runtime.tree.AbstractParseTreeVisitor.visitChildren(AbstractParseTreeVisitor.java:46)
	at de.uka.ilkd.key.nparser.KeYParserBaseVisitor.visitFile(KeYParserBaseVisitor.java:23)
	at de.uka.ilkd.key.nparser.KeYParser$FileContext.accept(KeYParser.java:306)
	at de.uka.ilkd.key.nparser.KeyAst.accept(KeyAst.java:41)
	at de.uka.ilkd.key.nparser.KeyAst$File.getIncludes(KeyAst.java:76)
	at de.uka.ilkd.key.proof.io.KeYFile.readIncludes(KeYFile.java:208)
	... 14 more
Could not find rule file rules/intRulesCheckedSemantics.key (file: /home/runner/work/key/key/key.core/../key.ui/examples/index/.././standard_key/inEqSimp/nonLinInEqExample4.key; caused by: de.uka.ilkd.key.proof.init.ProofInputException: Could not find rule file rules/intRulesCheckedSemantics.key)
	at de.uka.ilkd.key.control.AbstractUserInterfaceControl.load(AbstractUserInterfaceControl.java:221)
	at de.uka.ilkd.key.control.KeYEnvironment.load(KeYEnvironment.java:251)
	at de.uka.ilkd.key.control.KeYEnvironment.load(KeYEnvironment.java:224)
	at de.uka.ilkd.key.control.KeYEnvironment.load(KeYEnvironment.java:184)
	at de.uka.ilkd.key.control.KeYEnvironment.load(KeYEnvironment.java:261)
	at de.uka.ilkd.key.proof.runallproofs.proofcollection.TestFile.load(TestFile.java:270)
	at de.uka.ilkd.key.proof.runallproofs.proofcollection.TestFile.runKey(TestFile.java:160)
	at de.uka.ilkd.key.proof.runallproofs.proofcollection.ForkedTestFileRunner.main(ForkedTestFileRunner.java:171)
Caused by: de.uka.ilkd.key.proof.init.ProofInputException: Could not find rule file rules/intRulesCheckedSemantics.key
	at de.uka.ilkd.key.proof.io.KeYFile.readIncludes(KeYFile.java:210)
	at de.uka.ilkd.key.proof.init.ProblemInitializer.readIncludes(ProblemInitializer.java:177)
	at de.uka.ilkd.key.proof.init.ProblemInitializer.readEnvInput(ProblemInitializer.java:325)
	at de.uka.ilkd.key.proof.init.ProblemInitializer.prepare(ProblemInitializer.java:449)
	at de.uka.ilkd.key.proof.io.AbstractProblemLoader.createInitConfig(AbstractProblemLoader.java:518)
	at de.uka.ilkd.key.proof.io.AbstractProblemLoader.loadEnvironment(AbstractProblemLoader.java:288)
	at de.uka.ilkd.key.proof.io.AbstractProblemLoader.load(AbstractProblemLoader.java:252)
	at de.uka.ilkd.key.control.AbstractUserInterfaceControl.load(AbstractUserInterfaceControl.java:209)
	... 7 more
Caused by: java.lang.RuntimeException: Could not find rule file rules/intRulesCheckedSemantics.key
	at de.uka.ilkd.key.proof.io.RuleSourceFactory.fromBuiltInRule(RuleSourceFactory.java:32)
	at de.uka.ilkd.key.proof.io.RuleSourceFactory.fromDefaultLocation(RuleSourceFactory.java:21)
	at de.uka.ilkd.key.nparser.builder.IncludeFinder.addInclude(IncludeFinder.java:63)
	at de.uka.ilkd.key.nparser.builder.IncludeFinder.visitOne_include(IncludeFinder.java:43)
	at de.uka.ilkd.key.nparser.builder.IncludeFinder.visitOne_include(IncludeFinder.java:20)
	at de.uka.ilkd.key.nparser.KeYParser$One_includeContext.accept(KeYParser.java:878)
	at de.uka.ilkd.key.nparser.builder.AbstractBuilder.lambda$mapOf$0(AbstractBuilder.java:112)
	at java.base/java.util.stream.ReferencePipeline$3$1.accept(ReferencePipeline.java:195)
	at java.base/java.util.ArrayList$ArrayListSpliterator.forEachRemaining(ArrayList.java:1655)
	at java.base/java.util.stream.AbstractPipeline.copyInto(AbstractPipeline.java:484)
	at java.base/java.util.stream.AbstractPipeline.wrapAndCopyInto(AbstractPipeline.java:474)
	at java.base/java.util.stream.ReduceOps$ReduceOp.evaluateSequential(ReduceOps.java:913)
	at java.base/java.util.stream.AbstractPipeline.evaluate(AbstractPipeline.java:234)
	at java.base/java.util.stream.ReferencePipeline.collect(ReferencePipeline.java:578)
	at de.uka.ilkd.key.nparser.builder.AbstractBuilder.mapOf(AbstractBuilder.java:112)
	at de.uka.ilkd.key.nparser.builder.IncludeFinder.visitOne_include_statement(IncludeFinder.java:35)
	at de.uka.ilkd.key.nparser.builder.IncludeFinder.visitOne_include_statement(IncludeFinder.java:20)
	at de.uka.ilkd.key.nparser.KeYParser$One_include_statementContext.accept(KeYParser.java:802)
	at org.antlr.v4.runtime.tree.AbstractParseTreeVisitor.visitChildren(AbstractParseTreeVisitor.java:46)
	at de.uka.ilkd.key.nparser.KeYParserBaseVisitor.visitDecls(KeYParserBaseVisitor.java:30)
	at de.uka.ilkd.key.nparser.KeYParser$DeclsContext.accept(KeYParser.java:500)
	at org.antlr.v4.runtime.tree.AbstractParseTreeVisitor.visitChildren(AbstractParseTreeVisitor.java:46)
	at de.uka.ilkd.key.nparser.KeYParserBaseVisitor.visitFile(KeYParserBaseVisitor.java:23)
	at de.uka.ilkd.key.nparser.KeYParser$FileContext.accept(KeYParser.java:306)
	at de.uka.ilkd.key.nparser.KeyAst.accept(KeyAst.java:41)
	at de.uka.ilkd.key.nparser.KeyAst$File.getIncludes(KeyAst.java:76)
	at de.uka.ilkd.key.proof.io.KeYFile.readIncludes(KeYFile.java:208)
	... 14 more
Could not find rule file rules/intRulesCheckedSemantics.key (file: /home/runner/work/key/key/key.core/../key.ui/examples/index/.././standard_key/inEqSimp/quadraticInEq.key; caused by: de.uka.ilkd.key.proof.init.ProofInputException: Could not find rule file rules/intRulesCheckedSemantics.key)
	at de.uka.ilkd.key.control.AbstractUserInterfaceControl.load(AbstractUserInterfaceControl.java:221)
	at de.uka.ilkd.key.control.KeYEnvironment.load(KeYEnvironment.java:251)
	at de.uka.ilkd.key.control.KeYEnvironment.load(KeYEnvironment.java:224)
	at de.uka.ilkd.key.control.KeYEnvironment.load(KeYEnvironment.java:184)
	at de.uka.ilkd.key.control.KeYEnvironment.load(KeYEnvironment.java:261)
	at de.uka.ilkd.key.proof.runallproofs.proofcollection.TestFile.load(TestFile.java:270)
	at de.uka.ilkd.key.proof.runallproofs.proofcollection.TestFile.runKey(TestFile.java:160)
	at de.uka.ilkd.key.proof.runallproofs.proofcollection.ForkedTestFileRunner.main(ForkedTestFileRunner.java:171)
Caused by: de.uka.ilkd.key.proof.init.ProofInputException: Could not find rule file rules/intRulesCheckedSemantics.key
	at de.uka.ilkd.key.proof.io.KeYFile.readIncludes(KeYFile.java:210)
	at de.uka.ilkd.key.proof.init.ProblemInitializer.readIncludes(ProblemInitializer.java:177)
	at de.uka.ilkd.key.proof.init.ProblemInitializer.readEnvInput(ProblemInitializer.java:325)
	at de.uka.ilkd.key.proof.init.ProblemInitializer.prepare(ProblemInitializer.java:449)
	at de.uka.ilkd.key.proof.io.AbstractProblemLoader.createInitConfig(AbstractProblemLoader.java:518)
	at de.uka.ilkd.key.proof.io.AbstractProblemLoader.loadEnvironment(AbstractProblemLoader.java:288)
	at de.uka.ilkd.key.proof.io.AbstractProblemLoader.load(AbstractProblemLoader.java:252)
	at de.uka.ilkd.key.control.AbstractUserInterfaceControl.load(AbstractUserInterfaceControl.java:209)
	... 7 more
Caused by: java.lang.RuntimeException: Could not find rule file rules/intRulesCheckedSemantics.key
	at de.uka.ilkd.key.proof.io.RuleSourceFactory.fromBuiltInRule(RuleSourceFactory.java:32)
	at de.uka.ilkd.key.proof.io.RuleSourceFactory.fromDefaultLocation(RuleSourceFactory.java:21)
	at de.uka.ilkd.key.nparser.builder.IncludeFinder.addInclude(IncludeFinder.java:63)
	at de.uka.ilkd.key.nparser.builder.IncludeFinder.visitOne_include(IncludeFinder.java:43)
	at de.uka.ilkd.key.nparser.builder.IncludeFinder.visitOne_include(IncludeFinder.java:20)
	at de.uka.ilkd.key.nparser.KeYParser$One_includeContext.accept(KeYParser.java:878)
	at de.uka.ilkd.key.nparser.builder.AbstractBuilder.lambda$mapOf$0(AbstractBuilder.java:112)
	at java.base/java.util.stream.ReferencePipeline$3$1.accept(ReferencePipeline.java:195)
	at java.base/java.util.ArrayList$ArrayListSpliterator.forEachRemaining(ArrayList.java:1655)
	at java.base/java.util.stream.AbstractPipeline.copyInto(AbstractPipeline.java:484)
	at java.base/java.util.stream.AbstractPipeline.wrapAndCopyInto(AbstractPipeline.java:474)
	at java.base/java.util.stream.ReduceOps$ReduceOp.evaluateSequential(ReduceOps.java:913)
	at java.base/java.util.stream.AbstractPipeline.evaluate(AbstractPipeline.java:234)
	at java.base/java.util.stream.ReferencePipeline.collect(ReferencePipeline.java:578)
	at de.uka.ilkd.key.nparser.builder.AbstractBuilder.mapOf(AbstractBuilder.java:112)
	at de.uka.ilkd.key.nparser.builder.IncludeFinder.visitOne_include_statement(IncludeFinder.java:35)
	at de.uka.ilkd.key.nparser.builder.IncludeFinder.visitOne_include_statement(IncludeFinder.java:20)
	at de.uka.ilkd.key.nparser.KeYParser$One_include_statementContext.accept(KeYParser.java:802)
	at org.antlr.v4.runtime.tree.AbstractParseTreeVisitor.visitChildren(AbstractParseTreeVisitor.java:46)
	at de.uka.ilkd.key.nparser.KeYParserBaseVisitor.visitDecls(KeYParserBaseVisitor.java:30)
	at de.uka.ilkd.key.nparser.KeYParser$DeclsContext.accept(KeYParser.java:500)
	at org.antlr.v4.runtime.tree.AbstractParseTreeVisitor.visitChildren(AbstractParseTreeVisitor.java:46)
	at de.uka.ilkd.key.nparser.KeYParserBaseVisitor.visitFile(KeYParserBaseVisitor.java:23)
	at de.uka.ilkd.key.nparser.KeYParser$FileContext.accept(KeYParser.java:306)
	at de.uka.ilkd.key.nparser.KeyAst.accept(KeyAst.java:41)
	at de.uka.ilkd.key.nparser.KeyAst$File.getIncludes(KeyAst.java:76)
	at de.uka.ilkd.key.proof.io.KeYFile.readIncludes(KeYFile.java:208)
	... 14 more
Could not find rule file rules/intRulesCheckedSemantics.key (file: /home/runner/work/key/key/key.core/../key.ui/examples/index/.././standard_key/inEqSimp/quadraticInEq10.key; caused by: de.uka.ilkd.key.proof.init.ProofInputException: Could not find rule file rules/intRulesCheckedSemantics.key)
	at de.uka.ilkd.key.control.AbstractUserInterfaceControl.load(AbstractUserInterfaceControl.java:221)
	at de.uka.ilkd.key.control.KeYEnvironment.load(KeYEnvironment.java:251)
	at de.uka.ilkd.key.control.KeYEnvironment.load(KeYEnvironment.java:224)
	at de.uka.ilkd.key.control.KeYEnvironment.load(KeYEnvironment.java:184)
	at de.uka.ilkd.key.control.KeYEnvironment.load(KeYEnvironment.java:261)
	at de.uka.ilkd.key.proof.runallproofs.proofcollection.TestFile.load(TestFile.java:270)
	at de.uka.ilkd.key.proof.runallproofs.proofcollection.TestFile.runKey(TestFile.java:160)
	at de.uka.ilkd.key.proof.runallproofs.proofcollection.ForkedTestFileRunner.main(ForkedTestFileRunner.java:171)
Caused by: de.uka.ilkd.key.proof.init.ProofInputException: Could not find rule file rules/intRulesCheckedSemantics.key
	at de.uka.ilkd.key.proof.io.KeYFile.readIncludes(KeYFile.java:210)
	at de.uka.ilkd.key.proof.init.ProblemInitializer.readIncludes(ProblemInitializer.java:177)
	at de.uka.ilkd.key.proof.init.ProblemInitializer.readEnvInput(ProblemInitializer.java:325)
	at de.uka.ilkd.key.proof.init.ProblemInitializer.prepare(ProblemInitializer.java:449)
	at de.uka.ilkd.key.proof.io.AbstractProblemLoader.createInitConfig(AbstractProblemLoader.java:518)
	at de.uka.ilkd.key.proof.io.AbstractProblemLoader.loadEnvironment(AbstractProblemLoader.java:288)
	at de.uka.ilkd.key.proof.io.AbstractProblemLoader.load(AbstractProblemLoader.java:252)
	at de.uka.ilkd.key.control.AbstractUserInterfaceControl.load(AbstractUserInterfaceControl.java:209)
	... 7 more
Caused by: java.lang.RuntimeException: Could not find rule file rules/intRulesCheckedSemantics.key
	at de.uka.ilkd.key.proof.io.RuleSourceFactory.fromBuiltInRule(RuleSourceFactory.java:32)
	at de.uka.ilkd.key.proof.io.RuleSourceFactory.fromDefaultLocation(RuleSourceFactory.java:21)
	at de.uka.ilkd.key.nparser.builder.IncludeFinder.addInclude(IncludeFinder.java:63)
	at de.uka.ilkd.key.nparser.builder.IncludeFinder.visitOne_include(IncludeFinder.java:43)
	at de.uka.ilkd.key.nparser.builder.IncludeFinder.visitOne_include(IncludeFinder.java:20)
	at de.uka.ilkd.key.nparser.KeYParser$One_includeContext.accept(KeYParser.java:878)
	at de.uka.ilkd.key.nparser.builder.AbstractBuilder.lambda$mapOf$0(AbstractBuilder.java:112)
	at java.base/java.util.stream.ReferencePipeline$3$1.accept(ReferencePipeline.java:195)
	at java.base/java.util.ArrayList$ArrayListSpliterator.forEachRemaining(ArrayList.java:1655)
	at java.base/java.util.stream.AbstractPipeline.copyInto(AbstractPipeline.java:484)
	at java.base/java.util.stream.AbstractPipeline.wrapAndCopyInto(AbstractPipeline.java:474)
	at java.base/java.util.stream.ReduceOps$ReduceOp.evaluateSequential(ReduceOps.java:913)
	at java.base/java.util.stream.AbstractPipeline.evaluate(AbstractPipeline.java:234)
	at java.base/java.util.stream.ReferencePipeline.collect(ReferencePipeline.java:578)
	at de.uka.ilkd.key.nparser.builder.AbstractBuilder.mapOf(AbstractBuilder.java:112)
	at de.uka.ilkd.key.nparser.builder.IncludeFinder.visitOne_include_statement(IncludeFinder.java:35)
	at de.uka.ilkd.key.nparser.builder.IncludeFinder.visitOne_include_statement(IncludeFinder.java:20)
	at de.uka.ilkd.key.nparser.KeYParser$One_include_statementContext.accept(KeYParser.java:802)
	at org.antlr.v4.runtime.tree.AbstractParseTreeVisitor.visitChildren(AbstractParseTreeVisitor.java:46)
	at de.uka.ilkd.key.nparser.KeYParserBaseVisitor.visitDecls(KeYParserBaseVisitor.java:30)
	at de.uka.ilkd.key.nparser.KeYParser$DeclsContext.accept(KeYParser.java:500)
	at org.antlr.v4.runtime.tree.AbstractParseTreeVisitor.visitChildren(AbstractParseTreeVisitor.java:46)
	at de.uka.ilkd.key.nparser.KeYParserBaseVisitor.visitFile(KeYParserBaseVisitor.java:23)
	at de.uka.ilkd.key.nparser.KeYParser$FileContext.accept(KeYParser.java:306)
	at de.uka.ilkd.key.nparser.KeyAst.accept(KeyAst.java:41)
	at de.uka.ilkd.key.nparser.KeyAst$File.getIncludes(KeyAst.java:76)
	at de.uka.ilkd.key.proof.io.KeYFile.readIncludes(KeYFile.java:208)
	... 14 more
Could not find rule file rules/intRulesCheckedSemantics.key (file: /home/runner/work/key/key/key.core/../key.ui/examples/index/.././standard_key/inEqSimp/quadraticInEq13.key; caused by: de.uka.ilkd.key.proof.init.ProofInputException: Could not find rule file rules/intRulesCheckedSemantics.key)
	at de.uka.ilkd.key.control.AbstractUserInterfaceControl.load(AbstractUserInterfaceControl.java:221)
	at de.uka.ilkd.key.control.KeYEnvironment.load(KeYEnvironment.java:251)
	at de.uka.ilkd.key.control.KeYEnvironment.load(KeYEnvironment.java:224)
	at de.uka.ilkd.key.control.KeYEnvironment.load(KeYEnvironment.java:184)
	at de.uka.ilkd.key.control.KeYEnvironment.load(KeYEnvironment.java:261)
	at de.uka.ilkd.key.proof.runallproofs.proofcollection.TestFile.load(TestFile.java:270)
	at de.uka.ilkd.key.proof.runallproofs.proofcollection.TestFile.runKey(TestFile.java:160)
	at de.uka.ilkd.key.proof.runallproofs.proofcollection.ForkedTestFileRunner.main(ForkedTestFileRunner.java:171)
Caused by: de.uka.ilkd.key.proof.init.ProofInputException: Could not find rule file rules/intRulesCheckedSemantics.key
	at de.uka.ilkd.key.proof.io.KeYFile.readIncludes(KeYFile.java:210)
	at de.uka.ilkd.key.proof.init.ProblemInitializer.readIncludes(ProblemInitializer.java:177)
	at de.uka.ilkd.key.proof.init.ProblemInitializer.readEnvInput(ProblemInitializer.java:325)
	at de.uka.ilkd.key.proof.init.ProblemInitializer.prepare(ProblemInitializer.java:449)
	at de.uka.ilkd.key.proof.io.AbstractProblemLoader.createInitConfig(AbstractProblemLoader.java:518)
	at de.uka.ilkd.key.proof.io.AbstractProblemLoader.loadEnvironment(AbstractProblemLoader.java:288)
	at de.uka.ilkd.key.proof.io.AbstractProblemLoader.load(AbstractProblemLoader.java:252)
	at de.uka.ilkd.key.control.AbstractUserInterfaceControl.load(AbstractUserInterfaceControl.java:209)
	... 7 more
Caused by: java.lang.RuntimeException: Could not find rule file rules/intRulesCheckedSemantics.key
	at de.uka.ilkd.key.proof.io.RuleSourceFactory.fromBuiltInRule(RuleSourceFactory.java:32)
	at de.uka.ilkd.key.proof.io.RuleSourceFactory.fromDefaultLocation(RuleSourceFactory.java:21)
	at de.uka.ilkd.key.nparser.builder.IncludeFinder.addInclude(IncludeFinder.java:63)
	at de.uka.ilkd.key.nparser.builder.IncludeFinder.visitOne_include(IncludeFinder.java:43)
	at de.uka.ilkd.key.nparser.builder.IncludeFinder.visitOne_include(IncludeFinder.java:20)
	at de.uka.ilkd.key.nparser.KeYParser$One_includeContext.accept(KeYParser.java:878)
	at de.uka.ilkd.key.nparser.builder.AbstractBuilder.lambda$mapOf$0(AbstractBuilder.java:112)
	at java.base/java.util.stream.ReferencePipeline$3$1.accept(ReferencePipeline.java:195)
	at java.base/java.util.ArrayList$ArrayListSpliterator.forEachRemaining(ArrayList.java:1655)
	at java.base/java.util.stream.AbstractPipeline.copyInto(AbstractPipeline.java:484)
	at java.base/java.util.stream.AbstractPipeline.wrapAndCopyInto(AbstractPipeline.java:474)
	at java.base/java.util.stream.ReduceOps$ReduceOp.evaluateSequential(ReduceOps.java:913)
	at java.base/java.util.stream.AbstractPipeline.evaluate(AbstractPipeline.java:234)
	at java.base/java.util.stream.ReferencePipeline.collect(ReferencePipeline.java:578)
	at de.uka.ilkd.key.nparser.builder.AbstractBuilder.mapOf(AbstractBuilder.java:112)
	at de.uka.ilkd.key.nparser.builder.IncludeFinder.visitOne_include_statement(IncludeFinder.java:35)
	at de.uka.ilkd.key.nparser.builder.IncludeFinder.visitOne_include_statement(IncludeFinder.java:20)
	at de.uka.ilkd.key.nparser.KeYParser$One_include_statementContext.accept(KeYParser.java:802)
	at org.antlr.v4.runtime.tree.AbstractParseTreeVisitor.visitChildren(AbstractParseTreeVisitor.java:46)
	at de.uka.ilkd.key.nparser.KeYParserBaseVisitor.visitDecls(KeYParserBaseVisitor.java:30)
	at de.uka.ilkd.key.nparser.KeYParser$DeclsContext.accept(KeYParser.java:500)
	at org.antlr.v4.runtime.tree.AbstractParseTreeVisitor.visitChildren(AbstractParseTreeVisitor.java:46)
	at de.uka.ilkd.key.nparser.KeYParserBaseVisitor.visitFile(KeYParserBaseVisitor.java:23)
	at de.uka.ilkd.key.nparser.KeYParser$FileContext.accept(KeYParser.java:306)
	at de.uka.ilkd.key.nparser.KeyAst.accept(KeyAst.java:41)
	at de.uka.ilkd.key.nparser.KeyAst$File.getIncludes(KeyAst.java:76)
	at de.uka.ilkd.key.proof.io.KeYFile.readIncludes(KeYFile.java:208)
	... 14 more
Could not find rule file rules/intRulesCheckedSemantics.key (file: /home/runner/work/key/key/key.core/../key.ui/examples/index/.././standard_key/inEqSimp/quadraticInEq14.key; caused by: de.uka.ilkd.key.proof.init.ProofInputException: Could not find rule file rules/intRulesCheckedSemantics.key)
	at de.uka.ilkd.key.control.AbstractUserInterfaceControl.load(AbstractUserInterfaceControl.java:221)
	at de.uka.ilkd.key.control.KeYEnvironment.load(KeYEnvironment.java:251)
	at de.uka.ilkd.key.control.KeYEnvironment.load(KeYEnvironment.java:224)
	at de.uka.ilkd.key.control.KeYEnvironment.load(KeYEnvironment.java:184)
	at de.uka.ilkd.key.control.KeYEnvironment.load(KeYEnvironment.java:261)
	at de.uka.ilkd.key.proof.runallproofs.proofcollection.TestFile.load(TestFile.java:270)
	at de.uka.ilkd.key.proof.runallproofs.proofcollection.TestFile.runKey(TestFile.java:160)
	at de.uka.ilkd.key.proof.runallproofs.proofcollection.ForkedTestFileRunner.main(ForkedTestFileRunner.java:171)
Caused by: de.uka.ilkd.key.proof.init.ProofInputException: Could not find rule file rules/intRulesCheckedSemantics.key
	at de.uka.ilkd.key.proof.io.KeYFile.readIncludes(KeYFile.java:210)
	at de.uka.ilkd.key.proof.init.ProblemInitializer.readIncludes(ProblemInitializer.java:177)
	at de.uka.ilkd.key.proof.init.ProblemInitializer.readEnvInput(ProblemInitializer.java:325)
	at de.uka.ilkd.key.proof.init.ProblemInitializer.prepare(ProblemInitializer.java:449)
	at de.uka.ilkd.key.proof.io.AbstractProblemLoader.createInitConfig(AbstractProblemLoader.java:518)
	at de.uka.ilkd.key.proof.io.AbstractProblemLoader.loadEnvironment(AbstractProblemLoader.java:288)
	at de.uka.ilkd.key.proof.io.AbstractProblemLoader.load(AbstractProblemLoader.java:252)
	at de.uka.ilkd.key.control.AbstractUserInterfaceControl.load(AbstractUserInterfaceControl.java:209)
	... 7 more
Caused by: java.lang.RuntimeException: Could not find rule file rules/intRulesCheckedSemantics.key
	at de.uka.ilkd.key.proof.io.RuleSourceFactory.fromBuiltInRule(RuleSourceFactory.java:32)
	at de.uka.ilkd.key.proof.io.RuleSourceFactory.fromDefaultLocation(RuleSourceFactory.java:21)
	at de.uka.ilkd.key.nparser.builder.IncludeFinder.addInclude(IncludeFinder.java:63)
	at de.uka.ilkd.key.nparser.builder.IncludeFinder.visitOne_include(IncludeFinder.java:43)
	at de.uka.ilkd.key.nparser.builder.IncludeFinder.visitOne_include(IncludeFinder.java:20)
	at de.uka.ilkd.key.nparser.KeYParser$One_includeContext.accept(KeYParser.java:878)
	at de.uka.ilkd.key.nparser.builder.AbstractBuilder.lambda$mapOf$0(AbstractBuilder.java:112)
	at java.base/java.util.stream.ReferencePipeline$3$1.accept(ReferencePipeline.java:195)
	at java.base/java.util.ArrayList$ArrayListSpliterator.forEachRemaining(ArrayList.java:1655)
	at java.base/java.util.stream.AbstractPipeline.copyInto(AbstractPipeline.java:484)
	at java.base/java.util.stream.AbstractPipeline.wrapAndCopyInto(AbstractPipeline.java:474)
	at java.base/java.util.stream.ReduceOps$ReduceOp.evaluateSequential(ReduceOps.java:913)
	at java.base/java.util.stream.AbstractPipeline.evaluate(AbstractPipeline.java:234)
	at java.base/java.util.stream.ReferencePipeline.collect(ReferencePipeline.java:578)
	at de.uka.ilkd.key.nparser.builder.AbstractBuilder.mapOf(AbstractBuilder.java:112)
	at de.uka.ilkd.key.nparser.builder.IncludeFinder.visitOne_include_statement(IncludeFinder.java:35)
	at de.uka.ilkd.key.nparser.builder.IncludeFinder.visitOne_include_statement(IncludeFinder.java:20)
	at de.uka.ilkd.key.nparser.KeYParser$One_include_statementContext.accept(KeYParser.java:802)
	at org.antlr.v4.runtime.tree.AbstractParseTreeVisitor.visitChildren(AbstractParseTreeVisitor.java:46)
	at de.uka.ilkd.key.nparser.KeYParserBaseVisitor.visitDecls(KeYParserBaseVisitor.java:30)
	at de.uka.ilkd.key.nparser.KeYParser$DeclsContext.accept(KeYParser.java:500)
	at org.antlr.v4.runtime.tree.AbstractParseTreeVisitor.visitChildren(AbstractParseTreeVisitor.java:46)
	at de.uka.ilkd.key.nparser.KeYParserBaseVisitor.visitFile(KeYParserBaseVisitor.java:23)
	at de.uka.ilkd.key.nparser.KeYParser$FileContext.accept(KeYParser.java:306)
	at de.uka.ilkd.key.nparser.KeyAst.accept(KeyAst.java:41)
	at de.uka.ilkd.key.nparser.KeyAst$File.getIncludes(KeyAst.java:76)
	at de.uka.ilkd.key.proof.io.KeYFile.readIncludes(KeYFile.java:208)
	... 14 more
Could not find rule file rules/intRulesCheckedSemantics.key (file: /home/runner/work/key/key/key.core/../key.ui/examples/index/.././standard_key/inEqSimp/quadraticInEq2.key; caused by: de.uka.ilkd.key.proof.init.ProofInputException: Could not find rule file rules/intRulesCheckedSemantics.key)
	at de.uka.ilkd.key.control.AbstractUserInterfaceControl.load(AbstractUserInterfaceControl.java:221)
	at de.uka.ilkd.key.control.KeYEnvironment.load(KeYEnvironment.java:251)
	at de.uka.ilkd.key.control.KeYEnvironment.load(KeYEnvironment.java:224)
	at de.uka.ilkd.key.control.KeYEnvironment.load(KeYEnvironment.java:184)
	at de.uka.ilkd.key.control.KeYEnvironment.load(KeYEnvironment.java:261)
	at de.uka.ilkd.key.proof.runallproofs.proofcollection.TestFile.load(TestFile.java:270)
	at de.uka.ilkd.key.proof.runallproofs.proofcollection.TestFile.runKey(TestFile.java:160)
	at de.uka.ilkd.key.proof.runallproofs.proofcollection.ForkedTestFileRunner.main(ForkedTestFileRunner.java:171)
Caused by: de.uka.ilkd.key.proof.init.ProofInputException: Could not find rule file rules/intRulesCheckedSemantics.key
	at de.uka.ilkd.key.proof.io.KeYFile.readIncludes(KeYFile.java:210)
	at de.uka.ilkd.key.proof.init.ProblemInitializer.readIncludes(ProblemInitializer.java:177)
	at de.uka.ilkd.key.proof.init.ProblemInitializer.readEnvInput(ProblemInitializer.java:325)
	at de.uka.ilkd.key.proof.init.ProblemInitializer.prepare(ProblemInitializer.java:449)
	at de.uka.ilkd.key.proof.io.AbstractProblemLoader.createInitConfig(AbstractProblemLoader.java:518)
	at de.uka.ilkd.key.proof.io.AbstractProblemLoader.loadEnvironment(AbstractProblemLoader.java:288)
	at de.uka.ilkd.key.proof.io.AbstractProblemLoader.load(AbstractProblemLoader.java:252)
	at de.uka.ilkd.key.control.AbstractUserInterfaceControl.load(AbstractUserInterfaceControl.java:209)
	... 7 more
Caused by: java.lang.RuntimeException: Could not find rule file rules/intRulesCheckedSemantics.key
	at de.uka.ilkd.key.proof.io.RuleSourceFactory.fromBuiltInRule(RuleSourceFactory.java:32)
	at de.uka.ilkd.key.proof.io.RuleSourceFactory.fromDefaultLocation(RuleSourceFactory.java:21)
	at de.uka.ilkd.key.nparser.builder.IncludeFinder.addInclude(IncludeFinder.java:63)
	at de.uka.ilkd.key.nparser.builder.IncludeFinder.visitOne_include(IncludeFinder.java:43)
	at de.uka.ilkd.key.nparser.builder.IncludeFinder.visitOne_include(IncludeFinder.java:20)
	at de.uka.ilkd.key.nparser.KeYParser$One_includeContext.accept(KeYParser.java:878)
	at de.uka.ilkd.key.nparser.builder.AbstractBuilder.lambda$mapOf$0(AbstractBuilder.java:112)
	at java.base/java.util.stream.ReferencePipeline$3$1.accept(ReferencePipeline.java:195)
	at java.base/java.util.ArrayList$ArrayListSpliterator.forEachRemaining(ArrayList.java:1655)
	at java.base/java.util.stream.AbstractPipeline.copyInto(AbstractPipeline.java:484)
	at java.base/java.util.stream.AbstractPipeline.wrapAndCopyInto(AbstractPipeline.java:474)
	at java.base/java.util.stream.ReduceOps$ReduceOp.evaluateSequential(ReduceOps.java:913)
	at java.base/java.util.stream.AbstractPipeline.evaluate(AbstractPipeline.java:234)
	at java.base/java.util.stream.ReferencePipeline.collect(ReferencePipeline.java:578)
	at de.uka.ilkd.key.nparser.builder.AbstractBuilder.mapOf(AbstractBuilder.java:112)
	at de.uka.ilkd.key.nparser.builder.IncludeFinder.visitOne_include_statement(IncludeFinder.java:35)
	at de.uka.ilkd.key.nparser.builder.IncludeFinder.visitOne_include_statement(IncludeFinder.java:20)
	at de.uka.ilkd.key.nparser.KeYParser$One_include_statementContext.accept(KeYParser.java:802)
	at org.antlr.v4.runtime.tree.AbstractParseTreeVisitor.visitChildren(AbstractParseTreeVisitor.java:46)
	at de.uka.ilkd.key.nparser.KeYParserBaseVisitor.visitDecls(KeYParserBaseVisitor.java:30)
	at de.uka.ilkd.key.nparser.KeYParser$DeclsContext.accept(KeYParser.java:500)
	at org.antlr.v4.runtime.tree.AbstractParseTreeVisitor.visitChildren(AbstractParseTreeVisitor.java:46)
	at de.uka.ilkd.key.nparser.KeYParserBaseVisitor.visitFile(KeYParserBaseVisitor.java:23)
	at de.uka.ilkd.key.nparser.KeYParser$FileContext.accept(KeYParser.java:306)
	at de.uka.ilkd.key.nparser.KeyAst.accept(KeyAst.java:41)
	at de.uka.ilkd.key.nparser.KeyAst$File.getIncludes(KeyAst.java:76)
	at de.uka.ilkd.key.proof.io.KeYFile.readIncludes(KeYFile.java:208)
	... 14 more
Could not find rule file rules/intRulesCheckedSemantics.key (file: /home/runner/work/key/key/key.core/../key.ui/examples/index/.././standard_key/inEqSimp/quadraticInEq3.key; caused by: de.uka.ilkd.key.proof.init.ProofInputException: Could not find rule file rules/intRulesCheckedSemantics.key)
	at de.uka.ilkd.key.control.AbstractUserInterfaceControl.load(AbstractUserInterfaceControl.java:221)
	at de.uka.ilkd.key.control.KeYEnvironment.load(KeYEnvironment.java:251)
	at de.uka.ilkd.key.control.KeYEnvironment.load(KeYEnvironment.java:224)
	at de.uka.ilkd.key.control.KeYEnvironment.load(KeYEnvironment.java:184)
	at de.uka.ilkd.key.control.KeYEnvironment.load(KeYEnvironment.java:261)
	at de.uka.ilkd.key.proof.runallproofs.proofcollection.TestFile.load(TestFile.java:270)
	at de.uka.ilkd.key.proof.runallproofs.proofcollection.TestFile.runKey(TestFile.java:160)
	at de.uka.ilkd.key.proof.runallproofs.proofcollection.ForkedTestFileRunner.main(ForkedTestFileRunner.java:171)
Caused by: de.uka.ilkd.key.proof.init.ProofInputException: Could not find rule file rules/intRulesCheckedSemantics.key
	at de.uka.ilkd.key.proof.io.KeYFile.readIncludes(KeYFile.java:210)
	at de.uka.ilkd.key.proof.init.ProblemInitializer.readIncludes(ProblemInitializer.java:177)
	at de.uka.ilkd.key.proof.init.ProblemInitializer.readEnvInput(ProblemInitializer.java:325)
	at de.uka.ilkd.key.proof.init.ProblemInitializer.prepare(ProblemInitializer.java:449)
	at de.uka.ilkd.key.proof.io.AbstractProblemLoader.createInitConfig(AbstractProblemLoader.java:518)
	at de.uka.ilkd.key.proof.io.AbstractProblemLoader.loadEnvironment(AbstractProblemLoader.java:288)
	at de.uka.ilkd.key.proof.io.AbstractProblemLoader.load(AbstractProblemLoader.java:252)
	at de.uka.ilkd.key.control.AbstractUserInterfaceControl.load(AbstractUserInterfaceControl.java:209)
	... 7 more
Caused by: java.lang.RuntimeException: Could not find rule file rules/intRulesCheckedSemantics.key
	at de.uka.ilkd.key.proof.io.RuleSourceFactory.fromBuiltInRule(RuleSourceFactory.java:32)
	at de.uka.ilkd.key.proof.io.RuleSourceFactory.fromDefaultLocation(RuleSourceFactory.java:21)
	at de.uka.ilkd.key.nparser.builder.IncludeFinder.addInclude(IncludeFinder.java:63)
	at de.uka.ilkd.key.nparser.builder.IncludeFinder.visitOne_include(IncludeFinder.java:43)
	at de.uka.ilkd.key.nparser.builder.IncludeFinder.visitOne_include(IncludeFinder.java:20)
	at de.uka.ilkd.key.nparser.KeYParser$One_includeContext.accept(KeYParser.java:878)
	at de.uka.ilkd.key.nparser.builder.AbstractBuilder.lambda$mapOf$0(AbstractBuilder.java:112)
	at java.base/java.util.stream.ReferencePipeline$3$1.accept(ReferencePipeline.java:195)
	at java.base/java.util.ArrayList$ArrayListSpliterator.forEachRemaining(ArrayList.java:1655)
	at java.base/java.util.stream.AbstractPipeline.copyInto(AbstractPipeline.java:484)
	at java.base/java.util.stream.AbstractPipeline.wrapAndCopyInto(AbstractPipeline.java:474)
	at java.base/java.util.stream.ReduceOps$ReduceOp.evaluateSequential(ReduceOps.java:913)
	at java.base/java.util.stream.AbstractPipeline.evaluate(AbstractPipeline.java:234)
	at java.base/java.util.stream.ReferencePipeline.collect(ReferencePipeline.java:578)
	at de.uka.ilkd.key.nparser.builder.AbstractBuilder.mapOf(AbstractBuilder.java:112)
	at de.uka.ilkd.key.nparser.builder.IncludeFinder.visitOne_include_statement(IncludeFinder.java:35)
	at de.uka.ilkd.key.nparser.builder.IncludeFinder.visitOne_include_statement(IncludeFinder.java:20)
	at de.uka.ilkd.key.nparser.KeYParser$One_include_statementContext.accept(KeYParser.java:802)
	at org.antlr.v4.runtime.tree.AbstractParseTreeVisitor.visitChildren(AbstractParseTreeVisitor.java:46)
	at de.uka.ilkd.key.nparser.KeYParserBaseVisitor.visitDecls(KeYParserBaseVisitor.java:30)
	at de.uka.ilkd.key.nparser.KeYParser$DeclsContext.accept(KeYParser.java:500)
	at org.antlr.v4.runtime.tree.AbstractParseTreeVisitor.visitChildren(AbstractParseTreeVisitor.java:46)
	at de.uka.ilkd.key.nparser.KeYParserBaseVisitor.visitFile(KeYParserBaseVisitor.java:23)
	at de.uka.ilkd.key.nparser.KeYParser$FileContext.accept(KeYParser.java:306)
	at de.uka.ilkd.key.nparser.KeyAst.accept(KeyAst.java:41)
	at de.uka.ilkd.key.nparser.KeyAst$File.getIncludes(KeyAst.java:76)
	at de.uka.ilkd.key.proof.io.KeYFile.readIncludes(KeYFile.java:208)
	... 14 more
Could not find rule file rules/intRulesCheckedSemantics.key (file: /home/runner/work/key/key/key.core/../key.ui/examples/index/.././standard_key/inEqSimp/quadraticInEq4.key; caused by: de.uka.ilkd.key.proof.init.ProofInputException: Could not find rule file rules/intRulesCheckedSemantics.key)
	at de.uka.ilkd.key.control.AbstractUserInterfaceControl.load(AbstractUserInterfaceControl.java:221)
	at de.uka.ilkd.key.control.KeYEnvironment.load(KeYEnvironment.java:251)
	at de.uka.ilkd.key.control.KeYEnvironment.load(KeYEnvironment.java:224)
	at de.uka.ilkd.key.control.KeYEnvironment.load(KeYEnvironment.java:184)
	at de.uka.ilkd.key.control.KeYEnvironment.load(KeYEnvironment.java:261)
	at de.uka.ilkd.key.proof.runallproofs.proofcollection.TestFile.load(TestFile.java:270)
	at de.uka.ilkd.key.proof.runallproofs.proofcollection.TestFile.runKey(TestFile.java:160)
	at de.uka.ilkd.key.proof.runallproofs.proofcollection.ForkedTestFileRunner.main(ForkedTestFileRunner.java:171)
Caused by: de.uka.ilkd.key.proof.init.ProofInputException: Could not find rule file rules/intRulesCheckedSemantics.key
	at de.uka.ilkd.key.proof.io.KeYFile.readIncludes(KeYFile.java:210)
	at de.uka.ilkd.key.proof.init.ProblemInitializer.readIncludes(ProblemInitializer.java:177)
	at de.uka.ilkd.key.proof.init.ProblemInitializer.readEnvInput(ProblemInitializer.java:325)
	at de.uka.ilkd.key.proof.init.ProblemInitializer.prepare(ProblemInitializer.java:449)
	at de.uka.ilkd.key.proof.io.AbstractProblemLoader.createInitConfig(AbstractProblemLoader.java:518)
	at de.uka.ilkd.key.proof.io.AbstractProblemLoader.loadEnvironment(AbstractProblemLoader.java:288)
	at de.uka.ilkd.key.proof.io.AbstractProblemLoader.load(AbstractProblemLoader.java:252)
	at de.uka.ilkd.key.control.AbstractUserInterfaceControl.load(AbstractUserInterfaceControl.java:209)
	... 7 more
Caused by: java.lang.RuntimeException: Could not find rule file rules/intRulesCheckedSemantics.key
	at de.uka.ilkd.key.proof.io.RuleSourceFactory.fromBuiltInRule(RuleSourceFactory.java:32)
	at de.uka.ilkd.key.proof.io.RuleSourceFactory.fromDefaultLocation(RuleSourceFactory.java:21)
	at de.uka.ilkd.key.nparser.builder.IncludeFinder.addInclude(IncludeFinder.java:63)
	at de.uka.ilkd.key.nparser.builder.IncludeFinder.visitOne_include(IncludeFinder.java:43)
	at de.uka.ilkd.key.nparser.builder.IncludeFinder.visitOne_include(IncludeFinder.java:20)
	at de.uka.ilkd.key.nparser.KeYParser$One_includeContext.accept(KeYParser.java:878)
	at de.uka.ilkd.key.nparser.builder.AbstractBuilder.lambda$mapOf$0(AbstractBuilder.java:112)
	at java.base/java.util.stream.ReferencePipeline$3$1.accept(ReferencePipeline.java:195)
	at java.base/java.util.ArrayList$ArrayListSpliterator.forEachRemaining(ArrayList.java:1655)
	at java.base/java.util.stream.AbstractPipeline.copyInto(AbstractPipeline.java:484)
	at java.base/java.util.stream.AbstractPipeline.wrapAndCopyInto(AbstractPipeline.java:474)
	at java.base/java.util.stream.ReduceOps$ReduceOp.evaluateSequential(ReduceOps.java:913)
	at java.base/java.util.stream.AbstractPipeline.evaluate(AbstractPipeline.java:234)
	at java.base/java.util.stream.ReferencePipeline.collect(ReferencePipeline.java:578)
	at de.uka.ilkd.key.nparser.builder.AbstractBuilder.mapOf(AbstractBuilder.java:112)
	at de.uka.ilkd.key.nparser.builder.IncludeFinder.visitOne_include_statement(IncludeFinder.java:35)
	at de.uka.ilkd.key.nparser.builder.IncludeFinder.visitOne_include_statement(IncludeFinder.java:20)
	at de.uka.ilkd.key.nparser.KeYParser$One_include_statementContext.accept(KeYParser.java:802)
	at org.antlr.v4.runtime.tree.AbstractParseTreeVisitor.visitChildren(AbstractParseTreeVisitor.java:46)
	at de.uka.ilkd.key.nparser.KeYParserBaseVisitor.visitDecls(KeYParserBaseVisitor.java:30)
	at de.uka.ilkd.key.nparser.KeYParser$DeclsContext.accept(KeYParser.java:500)
	at org.antlr.v4.runtime.tree.AbstractParseTreeVisitor.visitChildren(AbstractParseTreeVisitor.java:46)
	at de.uka.ilkd.key.nparser.KeYParserBaseVisitor.visitFile(KeYParserBaseVisitor.java:23)
	at de.uka.ilkd.key.nparser.KeYParser$FileContext.accept(KeYParser.java:306)
	at de.uka.ilkd.key.nparser.KeyAst.accept(KeyAst.java:41)
	at de.uka.ilkd.key.nparser.KeyAst$File.getIncludes(KeyAst.java:76)
	at de.uka.ilkd.key.proof.io.KeYFile.readIncludes(KeYFile.java:208)
	... 14 more
Could not find rule file rules/intRulesCheckedSemantics.key (file: /home/runner/work/key/key/key.core/../key.ui/examples/index/.././standard_key/inEqSimp/quadraticInEq5.key; caused by: de.uka.ilkd.key.proof.init.ProofInputException: Could not find rule file rules/intRulesCheckedSemantics.key)
	at de.uka.ilkd.key.control.AbstractUserInterfaceControl.load(AbstractUserInterfaceControl.java:221)
	at de.uka.ilkd.key.control.KeYEnvironment.load(KeYEnvironment.java:251)
	at de.uka.ilkd.key.control.KeYEnvironment.load(KeYEnvironment.java:224)
	at de.uka.ilkd.key.control.KeYEnvironment.load(KeYEnvironment.java:184)
	at de.uka.ilkd.key.control.KeYEnvironment.load(KeYEnvironment.java:261)
	at de.uka.ilkd.key.proof.runallproofs.proofcollection.TestFile.load(TestFile.java:270)
	at de.uka.ilkd.key.proof.runallproofs.proofcollection.TestFile.runKey(TestFile.java:160)
	at de.uka.ilkd.key.proof.runallproofs.proofcollection.ForkedTestFileRunner.main(ForkedTestFileRunner.java:171)
Caused by: de.uka.ilkd.key.proof.init.ProofInputException: Could not find rule file rules/intRulesCheckedSemantics.key
	at de.uka.ilkd.key.proof.io.KeYFile.readIncludes(KeYFile.java:210)
	at de.uka.ilkd.key.proof.init.ProblemInitializer.readIncludes(ProblemInitializer.java:177)
	at de.uka.ilkd.key.proof.init.ProblemInitializer.readEnvInput(ProblemInitializer.java:325)
	at de.uka.ilkd.key.proof.init.ProblemInitializer.prepare(ProblemInitializer.java:449)
	at de.uka.ilkd.key.proof.io.AbstractProblemLoader.createInitConfig(AbstractProblemLoader.java:518)
	at de.uka.ilkd.key.proof.io.AbstractProblemLoader.loadEnvironment(AbstractProblemLoader.java:288)
	at de.uka.ilkd.key.proof.io.AbstractProblemLoader.load(AbstractProblemLoader.java:252)
	at de.uka.ilkd.key.control.AbstractUserInterfaceControl.load(AbstractUserInterfaceControl.java:209)
	... 7 more
Caused by: java.lang.RuntimeException: Could not find rule file rules/intRulesCheckedSemantics.key
	at de.uka.ilkd.key.proof.io.RuleSourceFactory.fromBuiltInRule(RuleSourceFactory.java:32)
	at de.uka.ilkd.key.proof.io.RuleSourceFactory.fromDefaultLocation(RuleSourceFactory.java:21)
	at de.uka.ilkd.key.nparser.builder.IncludeFinder.addInclude(IncludeFinder.java:63)
	at de.uka.ilkd.key.nparser.builder.IncludeFinder.visitOne_include(IncludeFinder.java:43)
	at de.uka.ilkd.key.nparser.builder.IncludeFinder.visitOne_include(IncludeFinder.java:20)
	at de.uka.ilkd.key.nparser.KeYParser$One_includeContext.accept(KeYParser.java:878)
	at de.uka.ilkd.key.nparser.builder.AbstractBuilder.lambda$mapOf$0(AbstractBuilder.java:112)
	at java.base/java.util.stream.ReferencePipeline$3$1.accept(ReferencePipeline.java:195)
	at java.base/java.util.ArrayList$ArrayListSpliterator.forEachRemaining(ArrayList.java:1655)
	at java.base/java.util.stream.AbstractPipeline.copyInto(AbstractPipeline.java:484)
	at java.base/java.util.stream.AbstractPipeline.wrapAndCopyInto(AbstractPipeline.java:474)
	at java.base/java.util.stream.ReduceOps$ReduceOp.evaluateSequential(ReduceOps.java:913)
	at java.base/java.util.stream.AbstractPipeline.evaluate(AbstractPipeline.java:234)
	at java.base/java.util.stream.ReferencePipeline.collect(ReferencePipeline.java:578)
	at de.uka.ilkd.key.nparser.builder.AbstractBuilder.mapOf(AbstractBuilder.java:112)
	at de.uka.ilkd.key.nparser.builder.IncludeFinder.visitOne_include_statement(IncludeFinder.java:35)
	at de.uka.ilkd.key.nparser.builder.IncludeFinder.visitOne_include_statement(IncludeFinder.java:20)
	at de.uka.ilkd.key.nparser.KeYParser$One_include_statementContext.accept(KeYParser.java:802)
	at org.antlr.v4.runtime.tree.AbstractParseTreeVisitor.visitChildren(AbstractParseTreeVisitor.java:46)
	at de.uka.ilkd.key.nparser.KeYParserBaseVisitor.visitDecls(KeYParserBaseVisitor.java:30)
	at de.uka.ilkd.key.nparser.KeYParser$DeclsContext.accept(KeYParser.java:500)
	at org.antlr.v4.runtime.tree.AbstractParseTreeVisitor.visitChildren(AbstractParseTreeVisitor.java:46)
	at de.uka.ilkd.key.nparser.KeYParserBaseVisitor.visitFile(KeYParserBaseVisitor.java:23)
	at de.uka.ilkd.key.nparser.KeYParser$FileContext.accept(KeYParser.java:306)
	at de.uka.ilkd.key.nparser.KeyAst.accept(KeyAst.java:41)
	at de.uka.ilkd.key.nparser.KeyAst$File.getIncludes(KeyAst.java:76)
	at de.uka.ilkd.key.proof.io.KeYFile.readIncludes(KeYFile.java:208)
	... 14 more
Could not find rule file rules/intRulesCheckedSemantics.key (file: /home/runner/work/key/key/key.core/../key.ui/examples/index/.././standard_key/inEqSimp/quadraticInEq6.key; caused by: de.uka.ilkd.key.proof.init.ProofInputException: Could not find rule file rules/intRulesCheckedSemantics.key)
	at de.uka.ilkd.key.control.AbstractUserInterfaceControl.load(AbstractUserInterfaceControl.java:221)
	at de.uka.ilkd.key.control.KeYEnvironment.load(KeYEnvironment.java:251)
	at de.uka.ilkd.key.control.KeYEnvironment.load(KeYEnvironment.java:224)
	at de.uka.ilkd.key.control.KeYEnvironment.load(KeYEnvironment.java:184)
	at de.uka.ilkd.key.control.KeYEnvironment.load(KeYEnvironment.java:261)
	at de.uka.ilkd.key.proof.runallproofs.proofcollection.TestFile.load(TestFile.java:270)
	at de.uka.ilkd.key.proof.runallproofs.proofcollection.TestFile.runKey(TestFile.java:160)
	at de.uka.ilkd.key.proof.runallproofs.proofcollection.ForkedTestFileRunner.main(ForkedTestFileRunner.java:171)
Caused by: de.uka.ilkd.key.proof.init.ProofInputException: Could not find rule file rules/intRulesCheckedSemantics.key
	at de.uka.ilkd.key.proof.io.KeYFile.readIncludes(KeYFile.java:210)
	at de.uka.ilkd.key.proof.init.ProblemInitializer.readIncludes(ProblemInitializer.java:177)
	at de.uka.ilkd.key.proof.init.ProblemInitializer.readEnvInput(ProblemInitializer.java:325)
	at de.uka.ilkd.key.proof.init.ProblemInitializer.prepare(ProblemInitializer.java:449)
	at de.uka.ilkd.key.proof.io.AbstractProblemLoader.createInitConfig(AbstractProblemLoader.java:518)
	at de.uka.ilkd.key.proof.io.AbstractProblemLoader.loadEnvironment(AbstractProblemLoader.java:288)
	at de.uka.ilkd.key.proof.io.AbstractProblemLoader.load(AbstractProblemLoader.java:252)
	at de.uka.ilkd.key.control.AbstractUserInterfaceControl.load(AbstractUserInterfaceControl.java:209)
	... 7 more
Caused by: java.lang.RuntimeException: Could not find rule file rules/intRulesCheckedSemantics.key
	at de.uka.ilkd.key.proof.io.RuleSourceFactory.fromBuiltInRule(RuleSourceFactory.java:32)
	at de.uka.ilkd.key.proof.io.RuleSourceFactory.fromDefaultLocation(RuleSourceFactory.java:21)
	at de.uka.ilkd.key.nparser.builder.IncludeFinder.addInclude(IncludeFinder.java:63)
	at de.uka.ilkd.key.nparser.builder.IncludeFinder.visitOne_include(IncludeFinder.java:43)
	at de.uka.ilkd.key.nparser.builder.IncludeFinder.visitOne_include(IncludeFinder.java:20)
	at de.uka.ilkd.key.nparser.KeYParser$One_includeContext.accept(KeYParser.java:878)
	at de.uka.ilkd.key.nparser.builder.AbstractBuilder.lambda$mapOf$0(AbstractBuilder.java:112)
	at java.base/java.util.stream.ReferencePipeline$3$1.accept(ReferencePipeline.java:195)
	at java.base/java.util.ArrayList$ArrayListSpliterator.forEachRemaining(ArrayList.java:1655)
	at java.base/java.util.stream.AbstractPipeline.copyInto(AbstractPipeline.java:484)
	at java.base/java.util.stream.AbstractPipeline.wrapAndCopyInto(AbstractPipeline.java:474)
	at java.base/java.util.stream.ReduceOps$ReduceOp.evaluateSequential(ReduceOps.java:913)
	at java.base/java.util.stream.AbstractPipeline.evaluate(AbstractPipeline.java:234)
	at java.base/java.util.stream.ReferencePipeline.collect(ReferencePipeline.java:578)
	at de.uka.ilkd.key.nparser.builder.AbstractBuilder.mapOf(AbstractBuilder.java:112)
	at de.uka.ilkd.key.nparser.builder.IncludeFinder.visitOne_include_statement(IncludeFinder.java:35)
	at de.uka.ilkd.key.nparser.builder.IncludeFinder.visitOne_include_statement(IncludeFinder.java:20)
	at de.uka.ilkd.key.nparser.KeYParser$One_include_statementContext.accept(KeYParser.java:802)
	at org.antlr.v4.runtime.tree.AbstractParseTreeVisitor.visitChildren(AbstractParseTreeVisitor.java:46)
	at de.uka.ilkd.key.nparser.KeYParserBaseVisitor.visitDecls(KeYParserBaseVisitor.java:30)
	at de.uka.ilkd.key.nparser.KeYParser$DeclsContext.accept(KeYParser.java:500)
	at org.antlr.v4.runtime.tree.AbstractParseTreeVisitor.visitChildren(AbstractParseTreeVisitor.java:46)
	at de.uka.ilkd.key.nparser.KeYParserBaseVisitor.visitFile(KeYParserBaseVisitor.java:23)
	at de.uka.ilkd.key.nparser.KeYParser$FileContext.accept(KeYParser.java:306)
	at de.uka.ilkd.key.nparser.KeyAst.accept(KeyAst.java:41)
	at de.uka.ilkd.key.nparser.KeyAst$File.getIncludes(KeyAst.java:76)
	at de.uka.ilkd.key.proof.io.KeYFile.readIncludes(KeYFile.java:208)
	... 14 more
Could not find rule file rules/intRulesCheckedSemantics.key (file: /home/runner/work/key/key/key.core/../key.ui/examples/index/.././standard_key/inEqSimp/quadraticInEq7.key; caused by: de.uka.ilkd.key.proof.init.ProofInputException: Could not find rule file rules/intRulesCheckedSemantics.key)
	at de.uka.ilkd.key.control.AbstractUserInterfaceControl.load(AbstractUserInterfaceControl.java:221)
	at de.uka.ilkd.key.control.KeYEnvironment.load(KeYEnvironment.java:251)
	at de.uka.ilkd.key.control.KeYEnvironment.load(KeYEnvironment.java:224)
	at de.uka.ilkd.key.control.KeYEnvironment.load(KeYEnvironment.java:184)
	at de.uka.ilkd.key.control.KeYEnvironment.load(KeYEnvironment.java:261)
	at de.uka.ilkd.key.proof.runallproofs.proofcollection.TestFile.load(TestFile.java:270)
	at de.uka.ilkd.key.proof.runallproofs.proofcollection.TestFile.runKey(TestFile.java:160)
	at de.uka.ilkd.key.proof.runallproofs.proofcollection.ForkedTestFileRunner.main(ForkedTestFileRunner.java:171)
Caused by: de.uka.ilkd.key.proof.init.ProofInputException: Could not find rule file rules/intRulesCheckedSemantics.key
	at de.uka.ilkd.key.proof.io.KeYFile.readIncludes(KeYFile.java:210)
	at de.uka.ilkd.key.proof.init.ProblemInitializer.readIncludes(ProblemInitializer.java:177)
	at de.uka.ilkd.key.proof.init.ProblemInitializer.readEnvInput(ProblemInitializer.java:325)
	at de.uka.ilkd.key.proof.init.ProblemInitializer.prepare(ProblemInitializer.java:449)
	at de.uka.ilkd.key.proof.io.AbstractProblemLoader.createInitConfig(AbstractProblemLoader.java:518)
	at de.uka.ilkd.key.proof.io.AbstractProblemLoader.loadEnvironment(AbstractProblemLoader.java:288)
	at de.uka.ilkd.key.proof.io.AbstractProblemLoader.load(AbstractProblemLoader.java:252)
	at de.uka.ilkd.key.control.AbstractUserInterfaceControl.load(AbstractUserInterfaceControl.java:209)
	... 7 more
Caused by: java.lang.RuntimeException: Could not find rule file rules/intRulesCheckedSemantics.key
	at de.uka.ilkd.key.proof.io.RuleSourceFactory.fromBuiltInRule(RuleSourceFactory.java:32)
	at de.uka.ilkd.key.proof.io.RuleSourceFactory.fromDefaultLocation(RuleSourceFactory.java:21)
	at de.uka.ilkd.key.nparser.builder.IncludeFinder.addInclude(IncludeFinder.java:63)
	at de.uka.ilkd.key.nparser.builder.IncludeFinder.visitOne_include(IncludeFinder.java:43)
	at de.uka.ilkd.key.nparser.builder.IncludeFinder.visitOne_include(IncludeFinder.java:20)
	at de.uka.ilkd.key.nparser.KeYParser$One_includeContext.accept(KeYParser.java:878)
	at de.uka.ilkd.key.nparser.builder.AbstractBuilder.lambda$mapOf$0(AbstractBuilder.java:112)
	at java.base/java.util.stream.ReferencePipeline$3$1.accept(ReferencePipeline.java:195)
	at java.base/java.util.ArrayList$ArrayListSpliterator.forEachRemaining(ArrayList.java:1655)
	at java.base/java.util.stream.AbstractPipeline.copyInto(AbstractPipeline.java:484)
	at java.base/java.util.stream.AbstractPipeline.wrapAndCopyInto(AbstractPipeline.java:474)
	at java.base/java.util.stream.ReduceOps$ReduceOp.evaluateSequential(ReduceOps.java:913)
	at java.base/java.util.stream.AbstractPipeline.evaluate(AbstractPipeline.java:234)
	at java.base/java.util.stream.ReferencePipeline.collect(ReferencePipeline.java:578)
	at de.uka.ilkd.key.nparser.builder.AbstractBuilder.mapOf(AbstractBuilder.java:112)
	at de.uka.ilkd.key.nparser.builder.IncludeFinder.visitOne_include_statement(IncludeFinder.java:35)
	at de.uka.ilkd.key.nparser.builder.IncludeFinder.visitOne_include_statement(IncludeFinder.java:20)
	at de.uka.ilkd.key.nparser.KeYParser$One_include_statementContext.accept(KeYParser.java:802)
	at org.antlr.v4.runtime.tree.AbstractParseTreeVisitor.visitChildren(AbstractParseTreeVisitor.java:46)
	at de.uka.ilkd.key.nparser.KeYParserBaseVisitor.visitDecls(KeYParserBaseVisitor.java:30)
	at de.uka.ilkd.key.nparser.KeYParser$DeclsContext.accept(KeYParser.java:500)
	at org.antlr.v4.runtime.tree.AbstractParseTreeVisitor.visitChildren(AbstractParseTreeVisitor.java:46)
	at de.uka.ilkd.key.nparser.KeYParserBaseVisitor.visitFile(KeYParserBaseVisitor.java:23)
	at de.uka.ilkd.key.nparser.KeYParser$FileContext.accept(KeYParser.java:306)
	at de.uka.ilkd.key.nparser.KeyAst.accept(KeyAst.java:41)
	at de.uka.ilkd.key.nparser.KeyAst$File.getIncludes(KeyAst.java:76)
	at de.uka.ilkd.key.proof.io.KeYFile.readIncludes(KeYFile.java:208)
	... 14 more
Could not find rule file rules/intRulesCheckedSemantics.key (file: /home/runner/work/key/key/key.core/../key.ui/examples/index/.././standard_key/inEqSimp/quadraticInEq8.key; caused by: de.uka.ilkd.key.proof.init.ProofInputException: Could not find rule file rules/intRulesCheckedSemantics.key)
	at de.uka.ilkd.key.control.AbstractUserInterfaceControl.load(AbstractUserInterfaceControl.java:221)
	at de.uka.ilkd.key.control.KeYEnvironment.load(KeYEnvironment.java:251)
	at de.uka.ilkd.key.control.KeYEnvironment.load(KeYEnvironment.java:224)
	at de.uka.ilkd.key.control.KeYEnvironment.load(KeYEnvironment.java:184)
	at de.uka.ilkd.key.control.KeYEnvironment.load(KeYEnvironment.java:261)
	at de.uka.ilkd.key.proof.runallproofs.proofcollection.TestFile.load(TestFile.java:270)
	at de.uka.ilkd.key.proof.runallproofs.proofcollection.TestFile.runKey(TestFile.java:160)
	at de.uka.ilkd.key.proof.runallproofs.proofcollection.ForkedTestFileRunner.main(ForkedTestFileRunner.java:171)
Caused by: de.uka.ilkd.key.proof.init.ProofInputException: Could not find rule file rules/intRulesCheckedSemantics.key
	at de.uka.ilkd.key.proof.io.KeYFile.readIncludes(KeYFile.java:210)
	at de.uka.ilkd.key.proof.init.ProblemInitializer.readIncludes(ProblemInitializer.java:177)
	at de.uka.ilkd.key.proof.init.ProblemInitializer.readEnvInput(ProblemInitializer.java:325)
	at de.uka.ilkd.key.proof.init.ProblemInitializer.prepare(ProblemInitializer.java:449)
	at de.uka.ilkd.key.proof.io.AbstractProblemLoader.createInitConfig(AbstractProblemLoader.java:518)
	at de.uka.ilkd.key.proof.io.AbstractProblemLoader.loadEnvironment(AbstractProblemLoader.java:288)
	at de.uka.ilkd.key.proof.io.AbstractProblemLoader.load(AbstractProblemLoader.java:252)
	at de.uka.ilkd.key.control.AbstractUserInterfaceControl.load(AbstractUserInterfaceControl.java:209)
	... 7 more
Caused by: java.lang.RuntimeException: Could not find rule file rules/intRulesCheckedSemantics.key
	at de.uka.ilkd.key.proof.io.RuleSourceFactory.fromBuiltInRule(RuleSourceFactory.java:32)
	at de.uka.ilkd.key.proof.io.RuleSourceFactory.fromDefaultLocation(RuleSourceFactory.java:21)
	at de.uka.ilkd.key.nparser.builder.IncludeFinder.addInclude(IncludeFinder.java:63)
	at de.uka.ilkd.key.nparser.builder.IncludeFinder.visitOne_include(IncludeFinder.java:43)
	at de.uka.ilkd.key.nparser.builder.IncludeFinder.visitOne_include(IncludeFinder.java:20)
	at de.uka.ilkd.key.nparser.KeYParser$One_includeContext.accept(KeYParser.java:878)
	at de.uka.ilkd.key.nparser.builder.AbstractBuilder.lambda$mapOf$0(AbstractBuilder.java:112)
	at java.base/java.util.stream.ReferencePipeline$3$1.accept(ReferencePipeline.java:195)
	at java.base/java.util.ArrayList$ArrayListSpliterator.forEachRemaining(ArrayList.java:1655)
	at java.base/java.util.stream.AbstractPipeline.copyInto(AbstractPipeline.java:484)
	at java.base/java.util.stream.AbstractPipeline.wrapAndCopyInto(AbstractPipeline.java:474)
	at java.base/java.util.stream.ReduceOps$ReduceOp.evaluateSequential(ReduceOps.java:913)
	at java.base/java.util.stream.AbstractPipeline.evaluate(AbstractPipeline.java:234)
	at java.base/java.util.stream.ReferencePipeline.collect(ReferencePipeline.java:578)
	at de.uka.ilkd.key.nparser.builder.AbstractBuilder.mapOf(AbstractBuilder.java:112)
	at de.uka.ilkd.key.nparser.builder.IncludeFinder.visitOne_include_statement(IncludeFinder.java:35)
	at de.uka.ilkd.key.nparser.builder.IncludeFinder.visitOne_include_statement(IncludeFinder.java:20)
	at de.uka.ilkd.key.nparser.KeYParser$One_include_statementContext.accept(KeYParser.java:802)
	at org.antlr.v4.runtime.tree.AbstractParseTreeVisitor.visitChildren(AbstractParseTreeVisitor.java:46)
	at de.uka.ilkd.key.nparser.KeYParserBaseVisitor.visitDecls(KeYParserBaseVisitor.java:30)
	at de.uka.ilkd.key.nparser.KeYParser$DeclsContext.accept(KeYParser.java:500)
	at org.antlr.v4.runtime.tree.AbstractParseTreeVisitor.visitChildren(AbstractParseTreeVisitor.java:46)
	at de.uka.ilkd.key.nparser.KeYParserBaseVisitor.visitFile(KeYParserBaseVisitor.java:23)
	at de.uka.ilkd.key.nparser.KeYParser$FileContext.accept(KeYParser.java:306)
	at de.uka.ilkd.key.nparser.KeyAst.accept(KeyAst.java:41)
	at de.uka.ilkd.key.nparser.KeyAst$File.getIncludes(KeyAst.java:76)
	at de.uka.ilkd.key.proof.io.KeYFile.readIncludes(KeYFile.java:208)
	... 14 more
Could not find rule file rules/intRulesCheckedSemantics.key (file: /home/runner/work/key/key/key.core/../key.ui/examples/index/.././standard_key/inEqSimp/simplify0.key; caused by: de.uka.ilkd.key.proof.init.ProofInputException: Could not find rule file rules/intRulesCheckedSemantics.key)
	at de.uka.ilkd.key.control.AbstractUserInterfaceControl.load(AbstractUserInterfaceControl.java:221)
	at de.uka.ilkd.key.control.KeYEnvironment.load(KeYEnvironment.java:251)
	at de.uka.ilkd.key.control.KeYEnvironment.load(KeYEnvironment.java:224)
	at de.uka.ilkd.key.control.KeYEnvironment.load(KeYEnvironment.java:184)
	at de.uka.ilkd.key.control.KeYEnvironment.load(KeYEnvironment.java:261)
	at de.uka.ilkd.key.proof.runallproofs.proofcollection.TestFile.load(TestFile.java:270)
	at de.uka.ilkd.key.proof.runallproofs.proofcollection.TestFile.runKey(TestFile.java:160)
	at de.uka.ilkd.key.proof.runallproofs.proofcollection.ForkedTestFileRunner.main(ForkedTestFileRunner.java:171)
Caused by: de.uka.ilkd.key.proof.init.ProofInputException: Could not find rule file rules/intRulesCheckedSemantics.key
	at de.uka.ilkd.key.proof.io.KeYFile.readIncludes(KeYFile.java:210)
	at de.uka.ilkd.key.proof.init.ProblemInitializer.readIncludes(ProblemInitializer.java:177)
	at de.uka.ilkd.key.proof.init.ProblemInitializer.readEnvInput(ProblemInitializer.java:325)
	at de.uka.ilkd.key.proof.init.ProblemInitializer.prepare(ProblemInitializer.java:449)
	at de.uka.ilkd.key.proof.io.AbstractProblemLoader.createInitConfig(AbstractProblemLoader.java:518)
	at de.uka.ilkd.key.proof.io.AbstractProblemLoader.loadEnvironment(AbstractProblemLoader.java:288)
	at de.uka.ilkd.key.proof.io.AbstractProblemLoader.load(AbstractProblemLoader.java:252)
	at de.uka.ilkd.key.control.AbstractUserInterfaceControl.load(AbstractUserInterfaceControl.java:209)
	... 7 more
Caused by: java.lang.RuntimeException: Could not find rule file rules/intRulesCheckedSemantics.key
	at de.uka.ilkd.key.proof.io.RuleSourceFactory.fromBuiltInRule(RuleSourceFactory.java:32)
	at de.uka.ilkd.key.proof.io.RuleSourceFactory.fromDefaultLocation(RuleSourceFactory.java:21)
	at de.uka.ilkd.key.nparser.builder.IncludeFinder.addInclude(IncludeFinder.java:63)
	at de.uka.ilkd.key.nparser.builder.IncludeFinder.visitOne_include(IncludeFinder.java:43)
	at de.uka.ilkd.key.nparser.builder.IncludeFinder.visitOne_include(IncludeFinder.java:20)
	at de.uka.ilkd.key.nparser.KeYParser$One_includeContext.accept(KeYParser.java:878)
	at de.uka.ilkd.key.nparser.builder.AbstractBuilder.lambda$mapOf$0(AbstractBuilder.java:112)
	at java.base/java.util.stream.ReferencePipeline$3$1.accept(ReferencePipeline.java:195)
	at java.base/java.util.ArrayList$ArrayListSpliterator.forEachRemaining(ArrayList.java:1655)
	at java.base/java.util.stream.AbstractPipeline.copyInto(AbstractPipeline.java:484)
	at java.base/java.util.stream.AbstractPipeline.wrapAndCopyInto(AbstractPipeline.java:474)
	at java.base/java.util.stream.ReduceOps$ReduceOp.evaluateSequential(ReduceOps.java:913)
	at java.base/java.util.stream.AbstractPipeline.evaluate(AbstractPipeline.java:234)
	at java.base/java.util.stream.ReferencePipeline.collect(ReferencePipeline.java:578)
	at de.uka.ilkd.key.nparser.builder.AbstractBuilder.mapOf(AbstractBuilder.java:112)
	at de.uka.ilkd.key.nparser.builder.IncludeFinder.visitOne_include_statement(IncludeFinder.java:35)
	at de.uka.ilkd.key.nparser.builder.IncludeFinder.visitOne_include_statement(IncludeFinder.java:20)
	at de.uka.ilkd.key.nparser.KeYParser$One_include_statementContext.accept(KeYParser.java:802)
	at org.antlr.v4.runtime.tree.AbstractParseTreeVisitor.visitChildren(AbstractParseTreeVisitor.java:46)
	at de.uka.ilkd.key.nparser.KeYParserBaseVisitor.visitDecls(KeYParserBaseVisitor.java:30)
	at de.uka.ilkd.key.nparser.KeYParser$DeclsContext.accept(KeYParser.java:500)
	at org.antlr.v4.runtime.tree.AbstractParseTreeVisitor.visitChildren(AbstractParseTreeVisitor.java:46)
	at de.uka.ilkd.key.nparser.KeYParserBaseVisitor.visitFile(KeYParserBaseVisitor.java:23)
	at de.uka.ilkd.key.nparser.KeYParser$FileContext.accept(KeYParser.java:306)
	at de.uka.ilkd.key.nparser.KeyAst.accept(KeyAst.java:41)
	at de.uka.ilkd.key.nparser.KeyAst$File.getIncludes(KeyAst.java:76)
	at de.uka.ilkd.key.proof.io.KeYFile.readIncludes(KeYFile.java:208)
	... 14 more
Could not find rule file rules/intRulesCheckedSemantics.key (file: /home/runner/work/key/key/key.core/../key.ui/examples/index/.././standard_key/inEqSimp/simplify1.key; caused by: de.uka.ilkd.key.proof.init.ProofInputException: Could not find rule file rules/intRulesCheckedSemantics.key)
	at de.uka.ilkd.key.control.AbstractUserInterfaceControl.load(AbstractUserInterfaceControl.java:221)
	at de.uka.ilkd.key.control.KeYEnvironment.load(KeYEnvironment.java:251)
	at de.uka.ilkd.key.control.KeYEnvironment.load(KeYEnvironment.java:224)
	at de.uka.ilkd.key.control.KeYEnvironment.load(KeYEnvironment.java:184)
	at de.uka.ilkd.key.control.KeYEnvironment.load(KeYEnvironment.java:261)
	at de.uka.ilkd.key.proof.runallproofs.proofcollection.TestFile.load(TestFile.java:270)
	at de.uka.ilkd.key.proof.runallproofs.proofcollection.TestFile.runKey(TestFile.java:160)
	at de.uka.ilkd.key.proof.runallproofs.proofcollection.ForkedTestFileRunner.main(ForkedTestFileRunner.java:171)
Caused by: de.uka.ilkd.key.proof.init.ProofInputException: Could not find rule file rules/intRulesCheckedSemantics.key
	at de.uka.ilkd.key.proof.io.KeYFile.readIncludes(KeYFile.java:210)
	at de.uka.ilkd.key.proof.init.ProblemInitializer.readIncludes(ProblemInitializer.java:177)
	at de.uka.ilkd.key.proof.init.ProblemInitializer.readEnvInput(ProblemInitializer.java:325)
	at de.uka.ilkd.key.proof.init.ProblemInitializer.prepare(ProblemInitializer.java:449)
	at de.uka.ilkd.key.proof.io.AbstractProblemLoader.createInitConfig(AbstractProblemLoader.java:518)
	at de.uka.ilkd.key.proof.io.AbstractProblemLoader.loadEnvironment(AbstractProblemLoader.java:288)
	at de.uka.ilkd.key.proof.io.AbstractProblemLoader.load(AbstractProblemLoader.java:252)
	at de.uka.ilkd.key.control.AbstractUserInterfaceControl.load(AbstractUserInterfaceControl.java:209)
	... 7 more
Caused by: java.lang.RuntimeException: Could not find rule file rules/intRulesCheckedSemantics.key
	at de.uka.ilkd.key.proof.io.RuleSourceFactory.fromBuiltInRule(RuleSourceFactory.java:32)
	at de.uka.ilkd.key.proof.io.RuleSourceFactory.fromDefaultLocation(RuleSourceFactory.java:21)
	at de.uka.ilkd.key.nparser.builder.IncludeFinder.addInclude(IncludeFinder.java:63)
	at de.uka.ilkd.key.nparser.builder.IncludeFinder.visitOne_include(IncludeFinder.java:43)
	at de.uka.ilkd.key.nparser.builder.IncludeFinder.visitOne_include(IncludeFinder.java:20)
	at de.uka.ilkd.key.nparser.KeYParser$One_includeContext.accept(KeYParser.java:878)
	at de.uka.ilkd.key.nparser.builder.AbstractBuilder.lambda$mapOf$0(AbstractBuilder.java:112)
	at java.base/java.util.stream.ReferencePipeline$3$1.accept(ReferencePipeline.java:195)
	at java.base/java.util.ArrayList$ArrayListSpliterator.forEachRemaining(ArrayList.java:1655)
	at java.base/java.util.stream.AbstractPipeline.copyInto(AbstractPipeline.java:484)
	at java.base/java.util.stream.AbstractPipeline.wrapAndCopyInto(AbstractPipeline.java:474)
	at java.base/java.util.stream.ReduceOps$ReduceOp.evaluateSequential(ReduceOps.java:913)
	at java.base/java.util.stream.AbstractPipeline.evaluate(AbstractPipeline.java:234)
	at java.base/java.util.stream.ReferencePipeline.collect(ReferencePipeline.java:578)
	at de.uka.ilkd.key.nparser.builder.AbstractBuilder.mapOf(AbstractBuilder.java:112)
	at de.uka.ilkd.key.nparser.builder.IncludeFinder.visitOne_include_statement(IncludeFinder.java:35)
	at de.uka.ilkd.key.nparser.builder.IncludeFinder.visitOne_include_statement(IncludeFinder.java:20)
	at de.uka.ilkd.key.nparser.KeYParser$One_include_statementContext.accept(KeYParser.java:802)
	at org.antlr.v4.runtime.tree.AbstractParseTreeVisitor.visitChildren(AbstractParseTreeVisitor.java:46)
	at de.uka.ilkd.key.nparser.KeYParserBaseVisitor.visitDecls(KeYParserBaseVisitor.java:30)
	at de.uka.ilkd.key.nparser.KeYParser$DeclsContext.accept(KeYParser.java:500)
	at org.antlr.v4.runtime.tree.AbstractParseTreeVisitor.visitChildren(AbstractParseTreeVisitor.java:46)
	at de.uka.ilkd.key.nparser.KeYParserBaseVisitor.visitFile(KeYParserBaseVisitor.java:23)
	at de.uka.ilkd.key.nparser.KeYParser$FileContext.accept(KeYParser.java:306)
	at de.uka.ilkd.key.nparser.KeyAst.accept(KeyAst.java:41)
	at de.uka.ilkd.key.nparser.KeyAst$File.getIncludes(KeyAst.java:76)
	at de.uka.ilkd.key.proof.io.KeYFile.readIncludes(KeYFile.java:208)
	... 14 more
Could not find rule file rules/intRulesCheckedSemantics.key (file: /home/runner/work/key/key/key.core/../key.ui/examples/index/.././standard_key/inEqSimp/simplify2.key; caused by: de.uka.ilkd.key.proof.init.ProofInputException: Could not find rule file rules/intRulesCheckedSemantics.key)
	at de.uka.ilkd.key.control.AbstractUserInterfaceControl.load(AbstractUserInterfaceControl.java:221)
	at de.uka.ilkd.key.control.KeYEnvironment.load(KeYEnvironment.java:251)
	at de.uka.ilkd.key.control.KeYEnvironment.load(KeYEnvironment.java:224)
	at de.uka.ilkd.key.control.KeYEnvironment.load(KeYEnvironment.java:184)
	at de.uka.ilkd.key.control.KeYEnvironment.load(KeYEnvironment.java:261)
	at de.uka.ilkd.key.proof.runallproofs.proofcollection.TestFile.load(TestFile.java:270)
	at de.uka.ilkd.key.proof.runallproofs.proofcollection.TestFile.runKey(TestFile.java:160)
	at de.uka.ilkd.key.proof.runallproofs.proofcollection.ForkedTestFileRunner.main(ForkedTestFileRunner.java:171)
Caused by: de.uka.ilkd.key.proof.init.ProofInputException: Could not find rule file rules/intRulesCheckedSemantics.key
	at de.uka.ilkd.key.proof.io.KeYFile.readIncludes(KeYFile.java:210)
	at de.uka.ilkd.key.proof.init.ProblemInitializer.readIncludes(ProblemInitializer.java:177)
	at de.uka.ilkd.key.proof.init.ProblemInitializer.readEnvInput(ProblemInitializer.java:325)
	at de.uka.ilkd.key.proof.init.ProblemInitializer.prepare(ProblemInitializer.java:449)
	at de.uka.ilkd.key.proof.io.AbstractProblemLoader.createInitConfig(AbstractProblemLoader.java:518)
	at de.uka.ilkd.key.proof.io.AbstractProblemLoader.loadEnvironment(AbstractProblemLoader.java:288)
	at de.uka.ilkd.key.proof.io.AbstractProblemLoader.load(AbstractProblemLoader.java:252)
	at de.uka.ilkd.key.control.AbstractUserInterfaceControl.load(AbstractUserInterfaceControl.java:209)
	... 7 more
Caused by: java.lang.RuntimeException: Could not find rule file rules/intRulesCheckedSemantics.key
	at de.uka.ilkd.key.proof.io.RuleSourceFactory.fromBuiltInRule(RuleSourceFactory.java:32)
	at de.uka.ilkd.key.proof.io.RuleSourceFactory.fromDefaultLocation(RuleSourceFactory.java:21)
	at de.uka.ilkd.key.nparser.builder.IncludeFinder.addInclude(IncludeFinder.java:63)
	at de.uka.ilkd.key.nparser.builder.IncludeFinder.visitOne_include(IncludeFinder.java:43)
	at de.uka.ilkd.key.nparser.builder.IncludeFinder.visitOne_include(IncludeFinder.java:20)
	at de.uka.ilkd.key.nparser.KeYParser$One_includeContext.accept(KeYParser.java:878)
	at de.uka.ilkd.key.nparser.builder.AbstractBuilder.lambda$mapOf$0(AbstractBuilder.java:112)
	at java.base/java.util.stream.ReferencePipeline$3$1.accept(ReferencePipeline.java:195)
	at java.base/java.util.ArrayList$ArrayListSpliterator.forEachRemaining(ArrayList.java:1655)
	at java.base/java.util.stream.AbstractPipeline.copyInto(AbstractPipeline.java:484)
	at java.base/java.util.stream.AbstractPipeline.wrapAndCopyInto(AbstractPipeline.java:474)
	at java.base/java.util.stream.ReduceOps$ReduceOp.evaluateSequential(ReduceOps.java:913)
	at java.base/java.util.stream.AbstractPipeline.evaluate(AbstractPipeline.java:234)
	at java.base/java.util.stream.ReferencePipeline.collect(ReferencePipeline.java:578)
	at de.uka.ilkd.key.nparser.builder.AbstractBuilder.mapOf(AbstractBuilder.java:112)
	at de.uka.ilkd.key.nparser.builder.IncludeFinder.visitOne_include_statement(IncludeFinder.java:35)
	at de.uka.ilkd.key.nparser.builder.IncludeFinder.visitOne_include_statement(IncludeFinder.java:20)
	at de.uka.ilkd.key.nparser.KeYParser$One_include_statementContext.accept(KeYParser.java:802)
	at org.antlr.v4.runtime.tree.AbstractParseTreeVisitor.visitChildren(AbstractParseTreeVisitor.java:46)
	at de.uka.ilkd.key.nparser.KeYParserBaseVisitor.visitDecls(KeYParserBaseVisitor.java:30)
	at de.uka.ilkd.key.nparser.KeYParser$DeclsContext.accept(KeYParser.java:500)
	at org.antlr.v4.runtime.tree.AbstractParseTreeVisitor.visitChildren(AbstractParseTreeVisitor.java:46)
	at de.uka.ilkd.key.nparser.KeYParserBaseVisitor.visitFile(KeYParserBaseVisitor.java:23)
	at de.uka.ilkd.key.nparser.KeYParser$FileContext.accept(KeYParser.java:306)
	at de.uka.ilkd.key.nparser.KeyAst.accept(KeyAst.java:41)
	at de.uka.ilkd.key.nparser.KeyAst$File.getIncludes(KeyAst.java:76)
	at de.uka.ilkd.key.proof.io.KeYFile.readIncludes(KeYFile.java:208)
	... 14 more
Could not find rule file rules/intRulesCheckedSemantics.key (file: /home/runner/work/key/key/key.core/../key.ui/examples/index/.././standard_key/inEqSimp/simplify3.key; caused by: de.uka.ilkd.key.proof.init.ProofInputException: Could not find rule file rules/intRulesCheckedSemantics.key)
	at de.uka.ilkd.key.control.AbstractUserInterfaceControl.load(AbstractUserInterfaceControl.java:221)
	at de.uka.ilkd.key.control.KeYEnvironment.load(KeYEnvironment.java:251)
	at de.uka.ilkd.key.control.KeYEnvironment.load(KeYEnvironment.java:224)
	at de.uka.ilkd.key.control.KeYEnvironment.load(KeYEnvironment.java:184)
	at de.uka.ilkd.key.control.KeYEnvironment.load(KeYEnvironment.java:261)
	at de.uka.ilkd.key.proof.runallproofs.proofcollection.TestFile.load(TestFile.java:270)
	at de.uka.ilkd.key.proof.runallproofs.proofcollection.TestFile.runKey(TestFile.java:160)
	at de.uka.ilkd.key.proof.runallproofs.proofcollection.ForkedTestFileRunner.main(ForkedTestFileRunner.java:171)
Caused by: de.uka.ilkd.key.proof.init.ProofInputException: Could not find rule file rules/intRulesCheckedSemantics.key
	at de.uka.ilkd.key.proof.io.KeYFile.readIncludes(KeYFile.java:210)
	at de.uka.ilkd.key.proof.init.ProblemInitializer.readIncludes(ProblemInitializer.java:177)
	at de.uka.ilkd.key.proof.init.ProblemInitializer.readEnvInput(ProblemInitializer.java:325)
	at de.uka.ilkd.key.proof.init.ProblemInitializer.prepare(ProblemInitializer.java:449)
	at de.uka.ilkd.key.proof.io.AbstractProblemLoader.createInitConfig(AbstractProblemLoader.java:518)
	at de.uka.ilkd.key.proof.io.AbstractProblemLoader.loadEnvironment(AbstractProblemLoader.java:288)
	at de.uka.ilkd.key.proof.io.AbstractProblemLoader.load(AbstractProblemLoader.java:252)
	at de.uka.ilkd.key.control.AbstractUserInterfaceControl.load(AbstractUserInterfaceControl.java:209)
	... 7 more
Caused by: java.lang.RuntimeException: Could not find rule file rules/intRulesCheckedSemantics.key
	at de.uka.ilkd.key.proof.io.RuleSourceFactory.fromBuiltInRule(RuleSourceFactory.java:32)
	at de.uka.ilkd.key.proof.io.RuleSourceFactory.fromDefaultLocation(RuleSourceFactory.java:21)
	at de.uka.ilkd.key.nparser.builder.IncludeFinder.addInclude(IncludeFinder.java:63)
	at de.uka.ilkd.key.nparser.builder.IncludeFinder.visitOne_include(IncludeFinder.java:43)
	at de.uka.ilkd.key.nparser.builder.IncludeFinder.visitOne_include(IncludeFinder.java:20)
	at de.uka.ilkd.key.nparser.KeYParser$One_includeContext.accept(KeYParser.java:878)
	at de.uka.ilkd.key.nparser.builder.AbstractBuilder.lambda$mapOf$0(AbstractBuilder.java:112)
	at java.base/java.util.stream.ReferencePipeline$3$1.accept(ReferencePipeline.java:195)
	at java.base/java.util.ArrayList$ArrayListSpliterator.forEachRemaining(ArrayList.java:1655)
	at java.base/java.util.stream.AbstractPipeline.copyInto(AbstractPipeline.java:484)
	at java.base/java.util.stream.AbstractPipeline.wrapAndCopyInto(AbstractPipeline.java:474)
	at java.base/java.util.stream.ReduceOps$ReduceOp.evaluateSequential(ReduceOps.java:913)
	at java.base/java.util.stream.AbstractPipeline.evaluate(AbstractPipeline.java:234)
	at java.base/java.util.stream.ReferencePipeline.collect(ReferencePipeline.java:578)
	at de.uka.ilkd.key.nparser.builder.AbstractBuilder.mapOf(AbstractBuilder.java:112)
	at de.uka.ilkd.key.nparser.builder.IncludeFinder.visitOne_include_statement(IncludeFinder.java:35)
	at de.uka.ilkd.key.nparser.builder.IncludeFinder.visitOne_include_statement(IncludeFinder.java:20)
	at de.uka.ilkd.key.nparser.KeYParser$One_include_statementContext.accept(KeYParser.java:802)
	at org.antlr.v4.runtime.tree.AbstractParseTreeVisitor.visitChildren(AbstractParseTreeVisitor.java:46)
	at de.uka.ilkd.key.nparser.KeYParserBaseVisitor.visitDecls(KeYParserBaseVisitor.java:30)
	at de.uka.ilkd.key.nparser.KeYParser$DeclsContext.accept(KeYParser.java:500)
	at org.antlr.v4.runtime.tree.AbstractParseTreeVisitor.visitChildren(AbstractParseTreeVisitor.java:46)
	at de.uka.ilkd.key.nparser.KeYParserBaseVisitor.visitFile(KeYParserBaseVisitor.java:23)
	at de.uka.ilkd.key.nparser.KeYParser$FileContext.accept(KeYParser.java:306)
	at de.uka.ilkd.key.nparser.KeyAst.accept(KeyAst.java:41)
	at de.uka.ilkd.key.nparser.KeyAst$File.getIncludes(KeyAst.java:76)
	at de.uka.ilkd.key.proof.io.KeYFile.readIncludes(KeYFile.java:208)
	... 14 more
Could not find rule file rules/intRulesCheckedSemantics.key (file: /home/runner/work/key/key/key.core/../key.ui/examples/index/.././standard_key/inEqSimp/simplify4.key; caused by: de.uka.ilkd.key.proof.init.ProofInputException: Could not find rule file rules/intRulesCheckedSemantics.key)
	at de.uka.ilkd.key.control.AbstractUserInterfaceControl.load(AbstractUserInterfaceControl.java:221)
	at de.uka.ilkd.key.control.KeYEnvironment.load(KeYEnvironment.java:251)
	at de.uka.ilkd.key.control.KeYEnvironment.load(KeYEnvironment.java:224)
	at de.uka.ilkd.key.control.KeYEnvironment.load(KeYEnvironment.java:184)
	at de.uka.ilkd.key.control.KeYEnvironment.load(KeYEnvironment.java:261)
	at de.uka.ilkd.key.proof.runallproofs.proofcollection.TestFile.load(TestFile.java:270)
	at de.uka.ilkd.key.proof.runallproofs.proofcollection.TestFile.runKey(TestFile.java:160)
	at de.uka.ilkd.key.proof.runallproofs.proofcollection.ForkedTestFileRunner.main(ForkedTestFileRunner.java:171)
Caused by: de.uka.ilkd.key.proof.init.ProofInputException: Could not find rule file rules/intRulesCheckedSemantics.key
	at de.uka.ilkd.key.proof.io.KeYFile.readIncludes(KeYFile.java:210)
	at de.uka.ilkd.key.proof.init.ProblemInitializer.readIncludes(ProblemInitializer.java:177)
	at de.uka.ilkd.key.proof.init.ProblemInitializer.readEnvInput(ProblemInitializer.java:325)
	at de.uka.ilkd.key.proof.init.ProblemInitializer.prepare(ProblemInitializer.java:449)
	at de.uka.ilkd.key.proof.io.AbstractProblemLoader.createInitConfig(AbstractProblemLoader.java:518)
	at de.uka.ilkd.key.proof.io.AbstractProblemLoader.loadEnvironment(AbstractProblemLoader.java:288)
	at de.uka.ilkd.key.proof.io.AbstractProblemLoader.load(AbstractProblemLoader.java:252)
	at de.uka.ilkd.key.control.AbstractUserInterfaceControl.load(AbstractUserInterfaceControl.java:209)
	... 7 more
Caused by: java.lang.RuntimeException: Could not find rule file rules/intRulesCheckedSemantics.key
	at de.uka.ilkd.key.proof.io.RuleSourceFactory.fromBuiltInRule(RuleSourceFactory.java:32)
	at de.uka.ilkd.key.proof.io.RuleSourceFactory.fromDefaultLocation(RuleSourceFactory.java:21)
	at de.uka.ilkd.key.nparser.builder.IncludeFinder.addInclude(IncludeFinder.java:63)
	at de.uka.ilkd.key.nparser.builder.IncludeFinder.visitOne_include(IncludeFinder.java:43)
	at de.uka.ilkd.key.nparser.builder.IncludeFinder.visitOne_include(IncludeFinder.java:20)
	at de.uka.ilkd.key.nparser.KeYParser$One_includeContext.accept(KeYParser.java:878)
	at de.uka.ilkd.key.nparser.builder.AbstractBuilder.lambda$mapOf$0(AbstractBuilder.java:112)
	at java.base/java.util.stream.ReferencePipeline$3$1.accept(ReferencePipeline.java:195)
	at java.base/java.util.ArrayList$ArrayListSpliterator.forEachRemaining(ArrayList.java:1655)
	at java.base/java.util.stream.AbstractPipeline.copyInto(AbstractPipeline.java:484)
	at java.base/java.util.stream.AbstractPipeline.wrapAndCopyInto(AbstractPipeline.java:474)
	at java.base/java.util.stream.ReduceOps$ReduceOp.evaluateSequential(ReduceOps.java:913)
	at java.base/java.util.stream.AbstractPipeline.evaluate(AbstractPipeline.java:234)
	at java.base/java.util.stream.ReferencePipeline.collect(ReferencePipeline.java:578)
	at de.uka.ilkd.key.nparser.builder.AbstractBuilder.mapOf(AbstractBuilder.java:112)
	at de.uka.ilkd.key.nparser.builder.IncludeFinder.visitOne_include_statement(IncludeFinder.java:35)
	at de.uka.ilkd.key.nparser.builder.IncludeFinder.visitOne_include_statement(IncludeFinder.java:20)
	at de.uka.ilkd.key.nparser.KeYParser$One_include_statementContext.accept(KeYParser.java:802)
	at org.antlr.v4.runtime.tree.AbstractParseTreeVisitor.visitChildren(AbstractParseTreeVisitor.java:46)
	at de.uka.ilkd.key.nparser.KeYParserBaseVisitor.visitDecls(KeYParserBaseVisitor.java:30)
	at de.uka.ilkd.key.nparser.KeYParser$DeclsContext.accept(KeYParser.java:500)
	at org.antlr.v4.runtime.tree.AbstractParseTreeVisitor.visitChildren(AbstractParseTreeVisitor.java:46)
	at de.uka.ilkd.key.nparser.KeYParserBaseVisitor.visitFile(KeYParserBaseVisitor.java:23)
	at de.uka.ilkd.key.nparser.KeYParser$FileContext.accept(KeYParser.java:306)
	at de.uka.ilkd.key.nparser.KeyAst.accept(KeyAst.java:41)
	at de.uka.ilkd.key.nparser.KeyAst$File.getIncludes(KeyAst.java:76)
	at de.uka.ilkd.key.proof.io.KeYFile.readIncludes(KeYFile.java:208)
	... 14 more
Could not find rule file rules/intRulesCheckedSemantics.key (file: /home/runner/work/key/key/key.core/../key.ui/examples/index/.././standard_key/inEqSimp/simplify5.key; caused by: de.uka.ilkd.key.proof.init.ProofInputException: Could not find rule file rules/intRulesCheckedSemantics.key)
	at de.uka.ilkd.key.control.AbstractUserInterfaceControl.load(AbstractUserInterfaceControl.java:221)
	at de.uka.ilkd.key.control.KeYEnvironment.load(KeYEnvironment.java:251)
	at de.uka.ilkd.key.control.KeYEnvironment.load(KeYEnvironment.java:224)
	at de.uka.ilkd.key.control.KeYEnvironment.load(KeYEnvironment.java:184)
	at de.uka.ilkd.key.control.KeYEnvironment.load(KeYEnvironment.java:261)
	at de.uka.ilkd.key.proof.runallproofs.proofcollection.TestFile.load(TestFile.java:270)
	at de.uka.ilkd.key.proof.runallproofs.proofcollection.TestFile.runKey(TestFile.java:160)
	at de.uka.ilkd.key.proof.runallproofs.proofcollection.ForkedTestFileRunner.main(ForkedTestFileRunner.java:171)
Caused by: de.uka.ilkd.key.proof.init.ProofInputException: Could not find rule file rules/intRulesCheckedSemantics.key
	at de.uka.ilkd.key.proof.io.KeYFile.readIncludes(KeYFile.java:210)
	at de.uka.ilkd.key.proof.init.ProblemInitializer.readIncludes(ProblemInitializer.java:177)
	at de.uka.ilkd.key.proof.init.ProblemInitializer.readEnvInput(ProblemInitializer.java:325)
	at de.uka.ilkd.key.proof.init.ProblemInitializer.prepare(ProblemInitializer.java:449)
	at de.uka.ilkd.key.proof.io.AbstractProblemLoader.createInitConfig(AbstractProblemLoader.java:518)
	at de.uka.ilkd.key.proof.io.AbstractProblemLoader.loadEnvironment(AbstractProblemLoader.java:288)
	at de.uka.ilkd.key.proof.io.AbstractProblemLoader.load(AbstractProblemLoader.java:252)
	at de.uka.ilkd.key.control.AbstractUserInterfaceControl.load(AbstractUserInterfaceControl.java:209)
	... 7 more
Caused by: java.lang.RuntimeException: Could not find rule file rules/intRulesCheckedSemantics.key
	at de.uka.ilkd.key.proof.io.RuleSourceFactory.fromBuiltInRule(RuleSourceFactory.java:32)
	at de.uka.ilkd.key.proof.io.RuleSourceFactory.fromDefaultLocation(RuleSourceFactory.java:21)
	at de.uka.ilkd.key.nparser.builder.IncludeFinder.addInclude(IncludeFinder.java:63)
	at de.uka.ilkd.key.nparser.builder.IncludeFinder.visitOne_include(IncludeFinder.java:43)
	at de.uka.ilkd.key.nparser.builder.IncludeFinder.visitOne_include(IncludeFinder.java:20)
	at de.uka.ilkd.key.nparser.KeYParser$One_includeContext.accept(KeYParser.java:878)
	at de.uka.ilkd.key.nparser.builder.AbstractBuilder.lambda$mapOf$0(AbstractBuilder.java:112)
	at java.base/java.util.stream.ReferencePipeline$3$1.accept(ReferencePipeline.java:195)
	at java.base/java.util.ArrayList$ArrayListSpliterator.forEachRemaining(ArrayList.java:1655)
	at java.base/java.util.stream.AbstractPipeline.copyInto(AbstractPipeline.java:484)
	at java.base/java.util.stream.AbstractPipeline.wrapAndCopyInto(AbstractPipeline.java:474)
	at java.base/java.util.stream.ReduceOps$ReduceOp.evaluateSequential(ReduceOps.java:913)
	at java.base/java.util.stream.AbstractPipeline.evaluate(AbstractPipeline.java:234)
	at java.base/java.util.stream.ReferencePipeline.collect(ReferencePipeline.java:578)
	at de.uka.ilkd.key.nparser.builder.AbstractBuilder.mapOf(AbstractBuilder.java:112)
	at de.uka.ilkd.key.nparser.builder.IncludeFinder.visitOne_include_statement(IncludeFinder.java:35)
	at de.uka.ilkd.key.nparser.builder.IncludeFinder.visitOne_include_statement(IncludeFinder.java:20)
	at de.uka.ilkd.key.nparser.KeYParser$One_include_statementContext.accept(KeYParser.java:802)
	at org.antlr.v4.runtime.tree.AbstractParseTreeVisitor.visitChildren(AbstractParseTreeVisitor.java:46)
	at de.uka.ilkd.key.nparser.KeYParserBaseVisitor.visitDecls(KeYParserBaseVisitor.java:30)
	at de.uka.ilkd.key.nparser.KeYParser$DeclsContext.accept(KeYParser.java:500)
	at org.antlr.v4.runtime.tree.AbstractParseTreeVisitor.visitChildren(AbstractParseTreeVisitor.java:46)
	at de.uka.ilkd.key.nparser.KeYParserBaseVisitor.visitFile(KeYParserBaseVisitor.java:23)
	at de.uka.ilkd.key.nparser.KeYParser$FileContext.accept(KeYParser.java:306)
	at de.uka.ilkd.key.nparser.KeyAst.accept(KeyAst.java:41)
	at de.uka.ilkd.key.nparser.KeyAst$File.getIncludes(KeyAst.java:76)
	at de.uka.ilkd.key.proof.io.KeYFile.readIncludes(KeYFile.java:208)
	... 14 more
Could not find rule file rules/intRulesCheckedSemantics.key (file: /home/runner/work/key/key/key.core/../key.ui/examples/index/.././standard_key/inEqSimp/subsumptionExample.key; caused by: de.uka.ilkd.key.proof.init.ProofInputException: Could not find rule file rules/intRulesCheckedSemantics.key)
	at de.uka.ilkd.key.control.AbstractUserInterfaceControl.load(AbstractUserInterfaceControl.java:221)
	at de.uka.ilkd.key.control.KeYEnvironment.load(KeYEnvironment.java:251)
	at de.uka.ilkd.key.control.KeYEnvironment.load(KeYEnvironment.java:224)
	at de.uka.ilkd.key.control.KeYEnvironment.load(KeYEnvironment.java:184)
	at de.uka.ilkd.key.control.KeYEnvironment.load(KeYEnvironment.java:261)
	at de.uka.ilkd.key.proof.runallproofs.proofcollection.TestFile.load(TestFile.java:270)
	at de.uka.ilkd.key.proof.runallproofs.proofcollection.TestFile.runKey(TestFile.java:160)
	at de.uka.ilkd.key.proof.runallproofs.proofcollection.ForkedTestFileRunner.main(ForkedTestFileRunner.java:171)
Caused by: de.uka.ilkd.key.proof.init.ProofInputException: Could not find rule file rules/intRulesCheckedSemantics.key
	at de.uka.ilkd.key.proof.io.KeYFile.readIncludes(KeYFile.java:210)
	at de.uka.ilkd.key.proof.init.ProblemInitializer.readIncludes(ProblemInitializer.java:177)
	at de.uka.ilkd.key.proof.init.ProblemInitializer.readEnvInput(ProblemInitializer.java:325)
	at de.uka.ilkd.key.proof.init.ProblemInitializer.prepare(ProblemInitializer.java:449)
	at de.uka.ilkd.key.proof.io.AbstractProblemLoader.createInitConfig(AbstractProblemLoader.java:518)
	at de.uka.ilkd.key.proof.io.AbstractProblemLoader.loadEnvironment(AbstractProblemLoader.java:288)
	at de.uka.ilkd.key.proof.io.AbstractProblemLoader.load(AbstractProblemLoader.java:252)
	at de.uka.ilkd.key.control.AbstractUserInterfaceControl.load(AbstractUserInterfaceControl.java:209)
	... 7 more
Caused by: java.lang.RuntimeException: Could not find rule file rules/intRulesCheckedSemantics.key
	at de.uka.ilkd.key.proof.io.RuleSourceFactory.fromBuiltInRule(RuleSourceFactory.java:32)
	at de.uka.ilkd.key.proof.io.RuleSourceFactory.fromDefaultLocation(RuleSourceFactory.java:21)
	at de.uka.ilkd.key.nparser.builder.IncludeFinder.addInclude(IncludeFinder.java:63)
	at de.uka.ilkd.key.nparser.builder.IncludeFinder.visitOne_include(IncludeFinder.java:43)
	at de.uka.ilkd.key.nparser.builder.IncludeFinder.visitOne_include(IncludeFinder.java:20)
	at de.uka.ilkd.key.nparser.KeYParser$One_includeContext.accept(KeYParser.java:878)
	at de.uka.ilkd.key.nparser.builder.AbstractBuilder.lambda$mapOf$0(AbstractBuilder.java:112)
	at java.base/java.util.stream.ReferencePipeline$3$1.accept(ReferencePipeline.java:195)
	at java.base/java.util.ArrayList$ArrayListSpliterator.forEachRemaining(ArrayList.java:1655)
	at java.base/java.util.stream.AbstractPipeline.copyInto(AbstractPipeline.java:484)
	at java.base/java.util.stream.AbstractPipeline.wrapAndCopyInto(AbstractPipeline.java:474)
	at java.base/java.util.stream.ReduceOps$ReduceOp.evaluateSequential(ReduceOps.java:913)
	at java.base/java.util.stream.AbstractPipeline.evaluate(AbstractPipeline.java:234)
	at java.base/java.util.stream.ReferencePipeline.collect(ReferencePipeline.java:578)
	at de.uka.ilkd.key.nparser.builder.AbstractBuilder.mapOf(AbstractBuilder.java:112)
	at de.uka.ilkd.key.nparser.builder.IncludeFinder.visitOne_include_statement(IncludeFinder.java:35)
	at de.uka.ilkd.key.nparser.builder.IncludeFinder.visitOne_include_statement(IncludeFinder.java:20)
	at de.uka.ilkd.key.nparser.KeYParser$One_include_statementContext.accept(KeYParser.java:802)
	at org.antlr.v4.runtime.tree.AbstractParseTreeVisitor.visitChildren(AbstractParseTreeVisitor.java:46)
	at de.uka.ilkd.key.nparser.KeYParserBaseVisitor.visitDecls(KeYParserBaseVisitor.java:30)
	at de.uka.ilkd.key.nparser.KeYParser$DeclsContext.accept(KeYParser.java:500)
	at org.antlr.v4.runtime.tree.AbstractParseTreeVisitor.visitChildren(AbstractParseTreeVisitor.java:46)
	at de.uka.ilkd.key.nparser.KeYParserBaseVisitor.visitFile(KeYParserBaseVisitor.java:23)
	at de.uka.ilkd.key.nparser.KeYParser$FileContext.accept(KeYParser.java:306)
	at de.uka.ilkd.key.nparser.KeyAst.accept(KeyAst.java:41)
	at de.uka.ilkd.key.nparser.KeyAst$File.getIncludes(KeyAst.java:76)
	at de.uka.ilkd.key.proof.io.KeYFile.readIncludes(KeYFile.java:208)
	... 14 more
Could not find rule file rules/intRulesCheckedSemantics.key (file: /home/runner/work/key/key/key.core/../key.ui/examples/index/.././standard_key/polySimp/simplify0.key; caused by: de.uka.ilkd.key.proof.init.ProofInputException: Could not find rule file rules/intRulesCheckedSemantics.key)
	at de.uka.ilkd.key.control.AbstractUserInterfaceControl.load(AbstractUserInterfaceControl.java:221)
	at de.uka.ilkd.key.control.KeYEnvironment.load(KeYEnvironment.java:251)
	at de.uka.ilkd.key.control.KeYEnvironment.load(KeYEnvironment.java:224)
	at de.uka.ilkd.key.control.KeYEnvironment.load(KeYEnvironment.java:184)
	at de.uka.ilkd.key.control.KeYEnvironment.load(KeYEnvironment.java:261)
	at de.uka.ilkd.key.proof.runallproofs.proofcollection.TestFile.load(TestFile.java:270)
	at de.uka.ilkd.key.proof.runallproofs.proofcollection.TestFile.runKey(TestFile.java:160)
	at de.uka.ilkd.key.proof.runallproofs.proofcollection.ForkedTestFileRunner.main(ForkedTestFileRunner.java:171)
Caused by: de.uka.ilkd.key.proof.init.ProofInputException: Could not find rule file rules/intRulesCheckedSemantics.key
	at de.uka.ilkd.key.proof.io.KeYFile.readIncludes(KeYFile.java:210)
	at de.uka.ilkd.key.proof.init.ProblemInitializer.readIncludes(ProblemInitializer.java:177)
	at de.uka.ilkd.key.proof.init.ProblemInitializer.readEnvInput(ProblemInitializer.java:325)
	at de.uka.ilkd.key.proof.init.ProblemInitializer.prepare(ProblemInitializer.java:449)
	at de.uka.ilkd.key.proof.io.AbstractProblemLoader.createInitConfig(AbstractProblemLoader.java:518)
	at de.uka.ilkd.key.proof.io.AbstractProblemLoader.loadEnvironment(AbstractProblemLoader.java:288)
	at de.uka.ilkd.key.proof.io.AbstractProblemLoader.load(AbstractProblemLoader.java:252)
	at de.uka.ilkd.key.control.AbstractUserInterfaceControl.load(AbstractUserInterfaceControl.java:209)
	... 7 more
Caused by: java.lang.RuntimeException: Could not find rule file rules/intRulesCheckedSemantics.key
	at de.uka.ilkd.key.proof.io.RuleSourceFactory.fromBuiltInRule(RuleSourceFactory.java:32)
	at de.uka.ilkd.key.proof.io.RuleSourceFactory.fromDefaultLocation(RuleSourceFactory.java:21)
	at de.uka.ilkd.key.nparser.builder.IncludeFinder.addInclude(IncludeFinder.java:63)
	at de.uka.ilkd.key.nparser.builder.IncludeFinder.visitOne_include(IncludeFinder.java:43)
	at de.uka.ilkd.key.nparser.builder.IncludeFinder.visitOne_include(IncludeFinder.java:20)
	at de.uka.ilkd.key.nparser.KeYParser$One_includeContext.accept(KeYParser.java:878)
	at de.uka.ilkd.key.nparser.builder.AbstractBuilder.lambda$mapOf$0(AbstractBuilder.java:112)
	at java.base/java.util.stream.ReferencePipeline$3$1.accept(ReferencePipeline.java:195)
	at java.base/java.util.ArrayList$ArrayListSpliterator.forEachRemaining(ArrayList.java:1655)
	at java.base/java.util.stream.AbstractPipeline.copyInto(AbstractPipeline.java:484)
	at java.base/java.util.stream.AbstractPipeline.wrapAndCopyInto(AbstractPipeline.java:474)
	at java.base/java.util.stream.ReduceOps$ReduceOp.evaluateSequential(ReduceOps.java:913)
	at java.base/java.util.stream.AbstractPipeline.evaluate(AbstractPipeline.java:234)
	at java.base/java.util.stream.ReferencePipeline.collect(ReferencePipeline.java:578)
	at de.uka.ilkd.key.nparser.builder.AbstractBuilder.mapOf(AbstractBuilder.java:112)
	at de.uka.ilkd.key.nparser.builder.IncludeFinder.visitOne_include_statement(IncludeFinder.java:35)
	at de.uka.ilkd.key.nparser.builder.IncludeFinder.visitOne_include_statement(IncludeFinder.java:20)
	at de.uka.ilkd.key.nparser.KeYParser$One_include_statementContext.accept(KeYParser.java:802)
	at org.antlr.v4.runtime.tree.AbstractParseTreeVisitor.visitChildren(AbstractParseTreeVisitor.java:46)
	at de.uka.ilkd.key.nparser.KeYParserBaseVisitor.visitDecls(KeYParserBaseVisitor.java:30)
	at de.uka.ilkd.key.nparser.KeYParser$DeclsContext.accept(KeYParser.java:500)
	at org.antlr.v4.runtime.tree.AbstractParseTreeVisitor.visitChildren(AbstractParseTreeVisitor.java:46)
	at de.uka.ilkd.key.nparser.KeYParserBaseVisitor.visitFile(KeYParserBaseVisitor.java:23)
	at de.uka.ilkd.key.nparser.KeYParser$FileContext.accept(KeYParser.java:306)
	at de.uka.ilkd.key.nparser.KeyAst.accept(KeyAst.java:41)
	at de.uka.ilkd.key.nparser.KeyAst$File.getIncludes(KeyAst.java:76)
	at de.uka.ilkd.key.proof.io.KeYFile.readIncludes(KeYFile.java:208)
	... 14 more
Could not find rule file rules/intRulesCheckedSemantics.key (file: /home/runner/work/key/key/key.core/../key.ui/examples/index/.././standard_key/polySimp/simplify1.key; caused by: de.uka.ilkd.key.proof.init.ProofInputException: Could not find rule file rules/intRulesCheckedSemantics.key)
	at de.uka.ilkd.key.control.AbstractUserInterfaceControl.load(AbstractUserInterfaceControl.java:221)
	at de.uka.ilkd.key.control.KeYEnvironment.load(KeYEnvironment.java:251)
	at de.uka.ilkd.key.control.KeYEnvironment.load(KeYEnvironment.java:224)
	at de.uka.ilkd.key.control.KeYEnvironment.load(KeYEnvironment.java:184)
	at de.uka.ilkd.key.control.KeYEnvironment.load(KeYEnvironment.java:261)
	at de.uka.ilkd.key.proof.runallproofs.proofcollection.TestFile.load(TestFile.java:270)
	at de.uka.ilkd.key.proof.runallproofs.proofcollection.TestFile.runKey(TestFile.java:160)
	at de.uka.ilkd.key.proof.runallproofs.proofcollection.ForkedTestFileRunner.main(ForkedTestFileRunner.java:171)
Caused by: de.uka.ilkd.key.proof.init.ProofInputException: Could not find rule file rules/intRulesCheckedSemantics.key
	at de.uka.ilkd.key.proof.io.KeYFile.readIncludes(KeYFile.java:210)
	at de.uka.ilkd.key.proof.init.ProblemInitializer.readIncludes(ProblemInitializer.java:177)
	at de.uka.ilkd.key.proof.init.ProblemInitializer.readEnvInput(ProblemInitializer.java:325)
	at de.uka.ilkd.key.proof.init.ProblemInitializer.prepare(ProblemInitializer.java:449)
	at de.uka.ilkd.key.proof.io.AbstractProblemLoader.createInitConfig(AbstractProblemLoader.java:518)
	at de.uka.ilkd.key.proof.io.AbstractProblemLoader.loadEnvironment(AbstractProblemLoader.java:288)
	at de.uka.ilkd.key.proof.io.AbstractProblemLoader.load(AbstractProblemLoader.java:252)
	at de.uka.ilkd.key.control.AbstractUserInterfaceControl.load(AbstractUserInterfaceControl.java:209)
	... 7 more
Caused by: java.lang.RuntimeException: Could not find rule file rules/intRulesCheckedSemantics.key
	at de.uka.ilkd.key.proof.io.RuleSourceFactory.fromBuiltInRule(RuleSourceFactory.java:32)
	at de.uka.ilkd.key.proof.io.RuleSourceFactory.fromDefaultLocation(RuleSourceFactory.java:21)
	at de.uka.ilkd.key.nparser.builder.IncludeFinder.addInclude(IncludeFinder.java:63)
	at de.uka.ilkd.key.nparser.builder.IncludeFinder.visitOne_include(IncludeFinder.java:43)
	at de.uka.ilkd.key.nparser.builder.IncludeFinder.visitOne_include(IncludeFinder.java:20)
	at de.uka.ilkd.key.nparser.KeYParser$One_includeContext.accept(KeYParser.java:878)
	at de.uka.ilkd.key.nparser.builder.AbstractBuilder.lambda$mapOf$0(AbstractBuilder.java:112)
	at java.base/java.util.stream.ReferencePipeline$3$1.accept(ReferencePipeline.java:195)
	at java.base/java.util.ArrayList$ArrayListSpliterator.forEachRemaining(ArrayList.java:1655)
	at java.base/java.util.stream.AbstractPipeline.copyInto(AbstractPipeline.java:484)
	at java.base/java.util.stream.AbstractPipeline.wrapAndCopyInto(AbstractPipeline.java:474)
	at java.base/java.util.stream.ReduceOps$ReduceOp.evaluateSequential(ReduceOps.java:913)
	at java.base/java.util.stream.AbstractPipeline.evaluate(AbstractPipeline.java:234)
	at java.base/java.util.stream.ReferencePipeline.collect(ReferencePipeline.java:578)
	at de.uka.ilkd.key.nparser.builder.AbstractBuilder.mapOf(AbstractBuilder.java:112)
	at de.uka.ilkd.key.nparser.builder.IncludeFinder.visitOne_include_statement(IncludeFinder.java:35)
	at de.uka.ilkd.key.nparser.builder.IncludeFinder.visitOne_include_statement(IncludeFinder.java:20)
	at de.uka.ilkd.key.nparser.KeYParser$One_include_statementContext.accept(KeYParser.java:802)
	at org.antlr.v4.runtime.tree.AbstractParseTreeVisitor.visitChildren(AbstractParseTreeVisitor.java:46)
	at de.uka.ilkd.key.nparser.KeYParserBaseVisitor.visitDecls(KeYParserBaseVisitor.java:30)
	at de.uka.ilkd.key.nparser.KeYParser$DeclsContext.accept(KeYParser.java:500)
	at org.antlr.v4.runtime.tree.AbstractParseTreeVisitor.visitChildren(AbstractParseTreeVisitor.java:46)
	at de.uka.ilkd.key.nparser.KeYParserBaseVisitor.visitFile(KeYParserBaseVisitor.java:23)
	at de.uka.ilkd.key.nparser.KeYParser$FileContext.accept(KeYParser.java:306)
	at de.uka.ilkd.key.nparser.KeyAst.accept(KeyAst.java:41)
	at de.uka.ilkd.key.nparser.KeyAst$File.getIncludes(KeyAst.java:76)
	at de.uka.ilkd.key.proof.io.KeYFile.readIncludes(KeYFile.java:208)
	... 14 more
Could not find rule file rules/intRulesCheckedSemantics.key (file: /home/runner/work/key/key/key.core/../key.ui/examples/index/.././standard_key/polySimp/simplify10.key; caused by: de.uka.ilkd.key.proof.init.ProofInputException: Could not find rule file rules/intRulesCheckedSemantics.key)
	at de.uka.ilkd.key.control.AbstractUserInterfaceControl.load(AbstractUserInterfaceControl.java:221)
	at de.uka.ilkd.key.control.KeYEnvironment.load(KeYEnvironment.java:251)
	at de.uka.ilkd.key.control.KeYEnvironment.load(KeYEnvironment.java:224)
	at de.uka.ilkd.key.control.KeYEnvironment.load(KeYEnvironment.java:184)
	at de.uka.ilkd.key.control.KeYEnvironment.load(KeYEnvironment.java:261)
	at de.uka.ilkd.key.proof.runallproofs.proofcollection.TestFile.load(TestFile.java:270)
	at de.uka.ilkd.key.proof.runallproofs.proofcollection.TestFile.runKey(TestFile.java:160)
	at de.uka.ilkd.key.proof.runallproofs.proofcollection.ForkedTestFileRunner.main(ForkedTestFileRunner.java:171)
Caused by: de.uka.ilkd.key.proof.init.ProofInputException: Could not find rule file rules/intRulesCheckedSemantics.key
	at de.uka.ilkd.key.proof.io.KeYFile.readIncludes(KeYFile.java:210)
	at de.uka.ilkd.key.proof.init.ProblemInitializer.readIncludes(ProblemInitializer.java:177)
	at de.uka.ilkd.key.proof.init.ProblemInitializer.readEnvInput(ProblemInitializer.java:325)
	at de.uka.ilkd.key.proof.init.ProblemInitializer.prepare(ProblemInitializer.java:449)
	at de.uka.ilkd.key.proof.io.AbstractProblemLoader.createInitConfig(AbstractProblemLoader.java:518)
	at de.uka.ilkd.key.proof.io.AbstractProblemLoader.loadEnvironment(AbstractProblemLoader.java:288)
	at de.uka.ilkd.key.proof.io.AbstractProblemLoader.load(AbstractProblemLoader.java:252)
	at de.uka.ilkd.key.control.AbstractUserInterfaceControl.load(AbstractUserInterfaceControl.java:209)
	... 7 more
Caused by: java.lang.RuntimeException: Could not find rule file rules/intRulesCheckedSemantics.key
	at de.uka.ilkd.key.proof.io.RuleSourceFactory.fromBuiltInRule(RuleSourceFactory.java:32)
	at de.uka.ilkd.key.proof.io.RuleSourceFactory.fromDefaultLocation(RuleSourceFactory.java:21)
	at de.uka.ilkd.key.nparser.builder.IncludeFinder.addInclude(IncludeFinder.java:63)
	at de.uka.ilkd.key.nparser.builder.IncludeFinder.visitOne_include(IncludeFinder.java:43)
	at de.uka.ilkd.key.nparser.builder.IncludeFinder.visitOne_include(IncludeFinder.java:20)
	at de.uka.ilkd.key.nparser.KeYParser$One_includeContext.accept(KeYParser.java:878)
	at de.uka.ilkd.key.nparser.builder.AbstractBuilder.lambda$mapOf$0(AbstractBuilder.java:112)
	at java.base/java.util.stream.ReferencePipeline$3$1.accept(ReferencePipeline.java:195)
	at java.base/java.util.ArrayList$ArrayListSpliterator.forEachRemaining(ArrayList.java:1655)
	at java.base/java.util.stream.AbstractPipeline.copyInto(AbstractPipeline.java:484)
	at java.base/java.util.stream.AbstractPipeline.wrapAndCopyInto(AbstractPipeline.java:474)
	at java.base/java.util.stream.ReduceOps$ReduceOp.evaluateSequential(ReduceOps.java:913)
	at java.base/java.util.stream.AbstractPipeline.evaluate(AbstractPipeline.java:234)
	at java.base/java.util.stream.ReferencePipeline.collect(ReferencePipeline.java:578)
	at de.uka.ilkd.key.nparser.builder.AbstractBuilder.mapOf(AbstractBuilder.java:112)
	at de.uka.ilkd.key.nparser.builder.IncludeFinder.visitOne_include_statement(IncludeFinder.java:35)
	at de.uka.ilkd.key.nparser.builder.IncludeFinder.visitOne_include_statement(IncludeFinder.java:20)
	at de.uka.ilkd.key.nparser.KeYParser$One_include_statementContext.accept(KeYParser.java:802)
	at org.antlr.v4.runtime.tree.AbstractParseTreeVisitor.visitChildren(AbstractParseTreeVisitor.java:46)
	at de.uka.ilkd.key.nparser.KeYParserBaseVisitor.visitDecls(KeYParserBaseVisitor.java:30)
	at de.uka.ilkd.key.nparser.KeYParser$DeclsContext.accept(KeYParser.java:500)
	at org.antlr.v4.runtime.tree.AbstractParseTreeVisitor.visitChildren(AbstractParseTreeVisitor.java:46)
	at de.uka.ilkd.key.nparser.KeYParserBaseVisitor.visitFile(KeYParserBaseVisitor.java:23)
	at de.uka.ilkd.key.nparser.KeYParser$FileContext.accept(KeYParser.java:306)
	at de.uka.ilkd.key.nparser.KeyAst.accept(KeyAst.java:41)
	at de.uka.ilkd.key.nparser.KeyAst$File.getIncludes(KeyAst.java:76)
	at de.uka.ilkd.key.proof.io.KeYFile.readIncludes(KeYFile.java:208)
	... 14 more
Could not find rule file rules/intRulesCheckedSemantics.key (file: /home/runner/work/key/key/key.core/../key.ui/examples/index/.././standard_key/polySimp/simplify11.key; caused by: de.uka.ilkd.key.proof.init.ProofInputException: Could not find rule file rules/intRulesCheckedSemantics.key)
	at de.uka.ilkd.key.control.AbstractUserInterfaceControl.load(AbstractUserInterfaceControl.java:221)
	at de.uka.ilkd.key.control.KeYEnvironment.load(KeYEnvironment.java:251)
	at de.uka.ilkd.key.control.KeYEnvironment.load(KeYEnvironment.java:224)
	at de.uka.ilkd.key.control.KeYEnvironment.load(KeYEnvironment.java:184)
	at de.uka.ilkd.key.control.KeYEnvironment.load(KeYEnvironment.java:261)
	at de.uka.ilkd.key.proof.runallproofs.proofcollection.TestFile.load(TestFile.java:270)
	at de.uka.ilkd.key.proof.runallproofs.proofcollection.TestFile.runKey(TestFile.java:160)
	at de.uka.ilkd.key.proof.runallproofs.proofcollection.ForkedTestFileRunner.main(ForkedTestFileRunner.java:171)
Caused by: de.uka.ilkd.key.proof.init.ProofInputException: Could not find rule file rules/intRulesCheckedSemantics.key
	at de.uka.ilkd.key.proof.io.KeYFile.readIncludes(KeYFile.java:210)
	at de.uka.ilkd.key.proof.init.ProblemInitializer.readIncludes(ProblemInitializer.java:177)
	at de.uka.ilkd.key.proof.init.ProblemInitializer.readEnvInput(ProblemInitializer.java:325)
	at de.uka.ilkd.key.proof.init.ProblemInitializer.prepare(ProblemInitializer.java:449)
	at de.uka.ilkd.key.proof.io.AbstractProblemLoader.createInitConfig(AbstractProblemLoader.java:518)
	at de.uka.ilkd.key.proof.io.AbstractProblemLoader.loadEnvironment(AbstractProblemLoader.java:288)
	at de.uka.ilkd.key.proof.io.AbstractProblemLoader.load(AbstractProblemLoader.java:252)
	at de.uka.ilkd.key.control.AbstractUserInterfaceControl.load(AbstractUserInterfaceControl.java:209)
	... 7 more
Caused by: java.lang.RuntimeException: Could not find rule file rules/intRulesCheckedSemantics.key
	at de.uka.ilkd.key.proof.io.RuleSourceFactory.fromBuiltInRule(RuleSourceFactory.java:32)
	at de.uka.ilkd.key.proof.io.RuleSourceFactory.fromDefaultLocation(RuleSourceFactory.java:21)
	at de.uka.ilkd.key.nparser.builder.IncludeFinder.addInclude(IncludeFinder.java:63)
	at de.uka.ilkd.key.nparser.builder.IncludeFinder.visitOne_include(IncludeFinder.java:43)
	at de.uka.ilkd.key.nparser.builder.IncludeFinder.visitOne_include(IncludeFinder.java:20)
	at de.uka.ilkd.key.nparser.KeYParser$One_includeContext.accept(KeYParser.java:878)
	at de.uka.ilkd.key.nparser.builder.AbstractBuilder.lambda$mapOf$0(AbstractBuilder.java:112)
	at java.base/java.util.stream.ReferencePipeline$3$1.accept(ReferencePipeline.java:195)
	at java.base/java.util.ArrayList$ArrayListSpliterator.forEachRemaining(ArrayList.java:1655)
	at java.base/java.util.stream.AbstractPipeline.copyInto(AbstractPipeline.java:484)
	at java.base/java.util.stream.AbstractPipeline.wrapAndCopyInto(AbstractPipeline.java:474)
	at java.base/java.util.stream.ReduceOps$ReduceOp.evaluateSequential(ReduceOps.java:913)
	at java.base/java.util.stream.AbstractPipeline.evaluate(AbstractPipeline.java:234)
	at java.base/java.util.stream.ReferencePipeline.collect(ReferencePipeline.java:578)
	at de.uka.ilkd.key.nparser.builder.AbstractBuilder.mapOf(AbstractBuilder.java:112)
	at de.uka.ilkd.key.nparser.builder.IncludeFinder.visitOne_include_statement(IncludeFinder.java:35)
	at de.uka.ilkd.key.nparser.builder.IncludeFinder.visitOne_include_statement(IncludeFinder.java:20)
	at de.uka.ilkd.key.nparser.KeYParser$One_include_statementContext.accept(KeYParser.java:802)
	at org.antlr.v4.runtime.tree.AbstractParseTreeVisitor.visitChildren(AbstractParseTreeVisitor.java:46)
	at de.uka.ilkd.key.nparser.KeYParserBaseVisitor.visitDecls(KeYParserBaseVisitor.java:30)
	at de.uka.ilkd.key.nparser.KeYParser$DeclsContext.accept(KeYParser.java:500)
	at org.antlr.v4.runtime.tree.AbstractParseTreeVisitor.visitChildren(AbstractParseTreeVisitor.java:46)
	at de.uka.ilkd.key.nparser.KeYParserBaseVisitor.visitFile(KeYParserBaseVisitor.java:23)
	at de.uka.ilkd.key.nparser.KeYParser$FileContext.accept(KeYParser.java:306)
	at de.uka.ilkd.key.nparser.KeyAst.accept(KeyAst.java:41)
	at de.uka.ilkd.key.nparser.KeyAst$File.getIncludes(KeyAst.java:76)
	at de.uka.ilkd.key.proof.io.KeYFile.readIncludes(KeYFile.java:208)
	... 14 more
Could not find rule file rules/intRulesCheckedSemantics.key (file: /home/runner/work/key/key/key.core/../key.ui/examples/index/.././standard_key/polySimp/simplify12.key; caused by: de.uka.ilkd.key.proof.init.ProofInputException: Could not find rule file rules/intRulesCheckedSemantics.key)
	at de.uka.ilkd.key.control.AbstractUserInterfaceControl.load(AbstractUserInterfaceControl.java:221)
	at de.uka.ilkd.key.control.KeYEnvironment.load(KeYEnvironment.java:251)
	at de.uka.ilkd.key.control.KeYEnvironment.load(KeYEnvironment.java:224)
	at de.uka.ilkd.key.control.KeYEnvironment.load(KeYEnvironment.java:184)
	at de.uka.ilkd.key.control.KeYEnvironment.load(KeYEnvironment.java:261)
	at de.uka.ilkd.key.proof.runallproofs.proofcollection.TestFile.load(TestFile.java:270)
	at de.uka.ilkd.key.proof.runallproofs.proofcollection.TestFile.runKey(TestFile.java:160)
	at de.uka.ilkd.key.proof.runallproofs.proofcollection.ForkedTestFileRunner.main(ForkedTestFileRunner.java:171)
Caused by: de.uka.ilkd.key.proof.init.ProofInputException: Could not find rule file rules/intRulesCheckedSemantics.key
	at de.uka.ilkd.key.proof.io.KeYFile.readIncludes(KeYFile.java:210)
	at de.uka.ilkd.key.proof.init.ProblemInitializer.readIncludes(ProblemInitializer.java:177)
	at de.uka.ilkd.key.proof.init.ProblemInitializer.readEnvInput(ProblemInitializer.java:325)
	at de.uka.ilkd.key.proof.init.ProblemInitializer.prepare(ProblemInitializer.java:449)
	at de.uka.ilkd.key.proof.io.AbstractProblemLoader.createInitConfig(AbstractProblemLoader.java:518)
	at de.uka.ilkd.key.proof.io.AbstractProblemLoader.loadEnvironment(AbstractProblemLoader.java:288)
	at de.uka.ilkd.key.proof.io.AbstractProblemLoader.load(AbstractProblemLoader.java:252)
	at de.uka.ilkd.key.control.AbstractUserInterfaceControl.load(AbstractUserInterfaceControl.java:209)
	... 7 more
Caused by: java.lang.RuntimeException: Could not find rule file rules/intRulesCheckedSemantics.key
	at de.uka.ilkd.key.proof.io.RuleSourceFactory.fromBuiltInRule(RuleSourceFactory.java:32)
	at de.uka.ilkd.key.proof.io.RuleSourceFactory.fromDefaultLocation(RuleSourceFactory.java:21)
	at de.uka.ilkd.key.nparser.builder.IncludeFinder.addInclude(IncludeFinder.java:63)
	at de.uka.ilkd.key.nparser.builder.IncludeFinder.visitOne_include(IncludeFinder.java:43)
	at de.uka.ilkd.key.nparser.builder.IncludeFinder.visitOne_include(IncludeFinder.java:20)
	at de.uka.ilkd.key.nparser.KeYParser$One_includeContext.accept(KeYParser.java:878)
	at de.uka.ilkd.key.nparser.builder.AbstractBuilder.lambda$mapOf$0(AbstractBuilder.java:112)
	at java.base/java.util.stream.ReferencePipeline$3$1.accept(ReferencePipeline.java:195)
	at java.base/java.util.ArrayList$ArrayListSpliterator.forEachRemaining(ArrayList.java:1655)
	at java.base/java.util.stream.AbstractPipeline.copyInto(AbstractPipeline.java:484)
	at java.base/java.util.stream.AbstractPipeline.wrapAndCopyInto(AbstractPipeline.java:474)
	at java.base/java.util.stream.ReduceOps$ReduceOp.evaluateSequential(ReduceOps.java:913)
	at java.base/java.util.stream.AbstractPipeline.evaluate(AbstractPipeline.java:234)
	at java.base/java.util.stream.ReferencePipeline.collect(ReferencePipeline.java:578)
	at de.uka.ilkd.key.nparser.builder.AbstractBuilder.mapOf(AbstractBuilder.java:112)
	at de.uka.ilkd.key.nparser.builder.IncludeFinder.visitOne_include_statement(IncludeFinder.java:35)
	at de.uka.ilkd.key.nparser.builder.IncludeFinder.visitOne_include_statement(IncludeFinder.java:20)
	at de.uka.ilkd.key.nparser.KeYParser$One_include_statementContext.accept(KeYParser.java:802)
	at org.antlr.v4.runtime.tree.AbstractParseTreeVisitor.visitChildren(AbstractParseTreeVisitor.java:46)
	at de.uka.ilkd.key.nparser.KeYParserBaseVisitor.visitDecls(KeYParserBaseVisitor.java:30)
	at de.uka.ilkd.key.nparser.KeYParser$DeclsContext.accept(KeYParser.java:500)
	at org.antlr.v4.runtime.tree.AbstractParseTreeVisitor.visitChildren(AbstractParseTreeVisitor.java:46)
	at de.uka.ilkd.key.nparser.KeYParserBaseVisitor.visitFile(KeYParserBaseVisitor.java:23)
	at de.uka.ilkd.key.nparser.KeYParser$FileContext.accept(KeYParser.java:306)
	at de.uka.ilkd.key.nparser.KeyAst.accept(KeyAst.java:41)
	at de.uka.ilkd.key.nparser.KeyAst$File.getIncludes(KeyAst.java:76)
	at de.uka.ilkd.key.proof.io.KeYFile.readIncludes(KeYFile.java:208)
	... 14 more
Could not find rule file rules/intRulesCheckedSemantics.key (file: /home/runner/work/key/key/key.core/../key.ui/examples/index/.././standard_key/polySimp/simplify13.key; caused by: de.uka.ilkd.key.proof.init.ProofInputException: Could not find rule file rules/intRulesCheckedSemantics.key)
	at de.uka.ilkd.key.control.AbstractUserInterfaceControl.load(AbstractUserInterfaceControl.java:221)
	at de.uka.ilkd.key.control.KeYEnvironment.load(KeYEnvironment.java:251)
	at de.uka.ilkd.key.control.KeYEnvironment.load(KeYEnvironment.java:224)
	at de.uka.ilkd.key.control.KeYEnvironment.load(KeYEnvironment.java:184)
	at de.uka.ilkd.key.control.KeYEnvironment.load(KeYEnvironment.java:261)
	at de.uka.ilkd.key.proof.runallproofs.proofcollection.TestFile.load(TestFile.java:270)
	at de.uka.ilkd.key.proof.runallproofs.proofcollection.TestFile.runKey(TestFile.java:160)
	at de.uka.ilkd.key.proof.runallproofs.proofcollection.ForkedTestFileRunner.main(ForkedTestFileRunner.java:171)
Caused by: de.uka.ilkd.key.proof.init.ProofInputException: Could not find rule file rules/intRulesCheckedSemantics.key
	at de.uka.ilkd.key.proof.io.KeYFile.readIncludes(KeYFile.java:210)
	at de.uka.ilkd.key.proof.init.ProblemInitializer.readIncludes(ProblemInitializer.java:177)
	at de.uka.ilkd.key.proof.init.ProblemInitializer.readEnvInput(ProblemInitializer.java:325)
	at de.uka.ilkd.key.proof.init.ProblemInitializer.prepare(ProblemInitializer.java:449)
	at de.uka.ilkd.key.proof.io.AbstractProblemLoader.createInitConfig(AbstractProblemLoader.java:518)
	at de.uka.ilkd.key.proof.io.AbstractProblemLoader.loadEnvironment(AbstractProblemLoader.java:288)
	at de.uka.ilkd.key.proof.io.AbstractProblemLoader.load(AbstractProblemLoader.java:252)
	at de.uka.ilkd.key.control.AbstractUserInterfaceControl.load(AbstractUserInterfaceControl.java:209)
	... 7 more
Caused by: java.lang.RuntimeException: Could not find rule file rules/intRulesCheckedSemantics.key
	at de.uka.ilkd.key.proof.io.RuleSourceFactory.fromBuiltInRule(RuleSourceFactory.java:32)
	at de.uka.ilkd.key.proof.io.RuleSourceFactory.fromDefaultLocation(RuleSourceFactory.java:21)
	at de.uka.ilkd.key.nparser.builder.IncludeFinder.addInclude(IncludeFinder.java:63)
	at de.uka.ilkd.key.nparser.builder.IncludeFinder.visitOne_include(IncludeFinder.java:43)
	at de.uka.ilkd.key.nparser.builder.IncludeFinder.visitOne_include(IncludeFinder.java:20)
	at de.uka.ilkd.key.nparser.KeYParser$One_includeContext.accept(KeYParser.java:878)
	at de.uka.ilkd.key.nparser.builder.AbstractBuilder.lambda$mapOf$0(AbstractBuilder.java:112)
	at java.base/java.util.stream.ReferencePipeline$3$1.accept(ReferencePipeline.java:195)
	at java.base/java.util.ArrayList$ArrayListSpliterator.forEachRemaining(ArrayList.java:1655)
	at java.base/java.util.stream.AbstractPipeline.copyInto(AbstractPipeline.java:484)
	at java.base/java.util.stream.AbstractPipeline.wrapAndCopyInto(AbstractPipeline.java:474)
	at java.base/java.util.stream.ReduceOps$ReduceOp.evaluateSequential(ReduceOps.java:913)
	at java.base/java.util.stream.AbstractPipeline.evaluate(AbstractPipeline.java:234)
	at java.base/java.util.stream.ReferencePipeline.collect(ReferencePipeline.java:578)
	at de.uka.ilkd.key.nparser.builder.AbstractBuilder.mapOf(AbstractBuilder.java:112)
	at de.uka.ilkd.key.nparser.builder.IncludeFinder.visitOne_include_statement(IncludeFinder.java:35)
	at de.uka.ilkd.key.nparser.builder.IncludeFinder.visitOne_include_statement(IncludeFinder.java:20)
	at de.uka.ilkd.key.nparser.KeYParser$One_include_statementContext.accept(KeYParser.java:802)
	at org.antlr.v4.runtime.tree.AbstractParseTreeVisitor.visitChildren(AbstractParseTreeVisitor.java:46)
	at de.uka.ilkd.key.nparser.KeYParserBaseVisitor.visitDecls(KeYParserBaseVisitor.java:30)
	at de.uka.ilkd.key.nparser.KeYParser$DeclsContext.accept(KeYParser.java:500)
	at org.antlr.v4.runtime.tree.AbstractParseTreeVisitor.visitChildren(AbstractParseTreeVisitor.java:46)
	at de.uka.ilkd.key.nparser.KeYParserBaseVisitor.visitFile(KeYParserBaseVisitor.java:23)
	at de.uka.ilkd.key.nparser.KeYParser$FileContext.accept(KeYParser.java:306)
	at de.uka.ilkd.key.nparser.KeyAst.accept(KeyAst.java:41)
	at de.uka.ilkd.key.nparser.KeyAst$File.getIncludes(KeyAst.java:76)
	at de.uka.ilkd.key.proof.io.KeYFile.readIncludes(KeYFile.java:208)
	... 14 more
Could not find rule file rules/intRulesCheckedSemantics.key (file: /home/runner/work/key/key/key.core/../key.ui/examples/index/.././standard_key/polySimp/simplify14.key; caused by: de.uka.ilkd.key.proof.init.ProofInputException: Could not find rule file rules/intRulesCheckedSemantics.key)
	at de.uka.ilkd.key.control.AbstractUserInterfaceControl.load(AbstractUserInterfaceControl.java:221)
	at de.uka.ilkd.key.control.KeYEnvironment.load(KeYEnvironment.java:251)
	at de.uka.ilkd.key.control.KeYEnvironment.load(KeYEnvironment.java:224)
	at de.uka.ilkd.key.control.KeYEnvironment.load(KeYEnvironment.java:184)
	at de.uka.ilkd.key.control.KeYEnvironment.load(KeYEnvironment.java:261)
	at de.uka.ilkd.key.proof.runallproofs.proofcollection.TestFile.load(TestFile.java:270)
	at de.uka.ilkd.key.proof.runallproofs.proofcollection.TestFile.runKey(TestFile.java:160)
	at de.uka.ilkd.key.proof.runallproofs.proofcollection.ForkedTestFileRunner.main(ForkedTestFileRunner.java:171)
Caused by: de.uka.ilkd.key.proof.init.ProofInputException: Could not find rule file rules/intRulesCheckedSemantics.key
	at de.uka.ilkd.key.proof.io.KeYFile.readIncludes(KeYFile.java:210)
	at de.uka.ilkd.key.proof.init.ProblemInitializer.readIncludes(ProblemInitializer.java:177)
	at de.uka.ilkd.key.proof.init.ProblemInitializer.readEnvInput(ProblemInitializer.java:325)
	at de.uka.ilkd.key.proof.init.ProblemInitializer.prepare(ProblemInitializer.java:449)
	at de.uka.ilkd.key.proof.io.AbstractProblemLoader.createInitConfig(AbstractProblemLoader.java:518)
	at de.uka.ilkd.key.proof.io.AbstractProblemLoader.loadEnvironment(AbstractProblemLoader.java:288)
	at de.uka.ilkd.key.proof.io.AbstractProblemLoader.load(AbstractProblemLoader.java:252)
	at de.uka.ilkd.key.control.AbstractUserInterfaceControl.load(AbstractUserInterfaceControl.java:209)
	... 7 more
Caused by: java.lang.RuntimeException: Could not find rule file rules/intRulesCheckedSemantics.key
	at de.uka.ilkd.key.proof.io.RuleSourceFactory.fromBuiltInRule(RuleSourceFactory.java:32)
	at de.uka.ilkd.key.proof.io.RuleSourceFactory.fromDefaultLocation(RuleSourceFactory.java:21)
	at de.uka.ilkd.key.nparser.builder.IncludeFinder.addInclude(IncludeFinder.java:63)
	at de.uka.ilkd.key.nparser.builder.IncludeFinder.visitOne_include(IncludeFinder.java:43)
	at de.uka.ilkd.key.nparser.builder.IncludeFinder.visitOne_include(IncludeFinder.java:20)
	at de.uka.ilkd.key.nparser.KeYParser$One_includeContext.accept(KeYParser.java:878)
	at de.uka.ilkd.key.nparser.builder.AbstractBuilder.lambda$mapOf$0(AbstractBuilder.java:112)
	at java.base/java.util.stream.ReferencePipeline$3$1.accept(ReferencePipeline.java:195)
	at java.base/java.util.ArrayList$ArrayListSpliterator.forEachRemaining(ArrayList.java:1655)
	at java.base/java.util.stream.AbstractPipeline.copyInto(AbstractPipeline.java:484)
	at java.base/java.util.stream.AbstractPipeline.wrapAndCopyInto(AbstractPipeline.java:474)
	at java.base/java.util.stream.ReduceOps$ReduceOp.evaluateSequential(ReduceOps.java:913)
	at java.base/java.util.stream.AbstractPipeline.evaluate(AbstractPipeline.java:234)
	at java.base/java.util.stream.ReferencePipeline.collect(ReferencePipeline.java:578)
	at de.uka.ilkd.key.nparser.builder.AbstractBuilder.mapOf(AbstractBuilder.java:112)
	at de.uka.ilkd.key.nparser.builder.IncludeFinder.visitOne_include_statement(IncludeFinder.java:35)
	at de.uka.ilkd.key.nparser.builder.IncludeFinder.visitOne_include_statement(IncludeFinder.java:20)
	at de.uka.ilkd.key.nparser.KeYParser$One_include_statementContext.accept(KeYParser.java:802)
	at org.antlr.v4.runtime.tree.AbstractParseTreeVisitor.visitChildren(AbstractParseTreeVisitor.java:46)
	at de.uka.ilkd.key.nparser.KeYParserBaseVisitor.visitDecls(KeYParserBaseVisitor.java:30)
	at de.uka.ilkd.key.nparser.KeYParser$DeclsContext.accept(KeYParser.java:500)
	at org.antlr.v4.runtime.tree.AbstractParseTreeVisitor.visitChildren(AbstractParseTreeVisitor.java:46)
	at de.uka.ilkd.key.nparser.KeYParserBaseVisitor.visitFile(KeYParserBaseVisitor.java:23)
	at de.uka.ilkd.key.nparser.KeYParser$FileContext.accept(KeYParser.java:306)
	at de.uka.ilkd.key.nparser.KeyAst.accept(KeyAst.java:41)
	at de.uka.ilkd.key.nparser.KeyAst$File.getIncludes(KeyAst.java:76)
	at de.uka.ilkd.key.proof.io.KeYFile.readIncludes(KeYFile.java:208)
	... 14 more
Could not find rule file rules/intRulesCheckedSemantics.key (file: /home/runner/work/key/key/key.core/../key.ui/examples/index/.././standard_key/polySimp/simplify15.key; caused by: de.uka.ilkd.key.proof.init.ProofInputException: Could not find rule file rules/intRulesCheckedSemantics.key)
	at de.uka.ilkd.key.control.AbstractUserInterfaceControl.load(AbstractUserInterfaceControl.java:221)
	at de.uka.ilkd.key.control.KeYEnvironment.load(KeYEnvironment.java:251)
	at de.uka.ilkd.key.control.KeYEnvironment.load(KeYEnvironment.java:224)
	at de.uka.ilkd.key.control.KeYEnvironment.load(KeYEnvironment.java:184)
	at de.uka.ilkd.key.control.KeYEnvironment.load(KeYEnvironment.java:261)
	at de.uka.ilkd.key.proof.runallproofs.proofcollection.TestFile.load(TestFile.java:270)
	at de.uka.ilkd.key.proof.runallproofs.proofcollection.TestFile.runKey(TestFile.java:160)
	at de.uka.ilkd.key.proof.runallproofs.proofcollection.ForkedTestFileRunner.main(ForkedTestFileRunner.java:171)
Caused by: de.uka.ilkd.key.proof.init.ProofInputException: Could not find rule file rules/intRulesCheckedSemantics.key
	at de.uka.ilkd.key.proof.io.KeYFile.readIncludes(KeYFile.java:210)
	at de.uka.ilkd.key.proof.init.ProblemInitializer.readIncludes(ProblemInitializer.java:177)
	at de.uka.ilkd.key.proof.init.ProblemInitializer.readEnvInput(ProblemInitializer.java:325)
	at de.uka.ilkd.key.proof.init.ProblemInitializer.prepare(ProblemInitializer.java:449)
	at de.uka.ilkd.key.proof.io.AbstractProblemLoader.createInitConfig(AbstractProblemLoader.java:518)
	at de.uka.ilkd.key.proof.io.AbstractProblemLoader.loadEnvironment(AbstractProblemLoader.java:288)
	at de.uka.ilkd.key.proof.io.AbstractProblemLoader.load(AbstractProblemLoader.java:252)
	at de.uka.ilkd.key.control.AbstractUserInterfaceControl.load(AbstractUserInterfaceControl.java:209)
	... 7 more
Caused by: java.lang.RuntimeException: Could not find rule file rules/intRulesCheckedSemantics.key
	at de.uka.ilkd.key.proof.io.RuleSourceFactory.fromBuiltInRule(RuleSourceFactory.java:32)
	at de.uka.ilkd.key.proof.io.RuleSourceFactory.fromDefaultLocation(RuleSourceFactory.java:21)
	at de.uka.ilkd.key.nparser.builder.IncludeFinder.addInclude(IncludeFinder.java:63)
	at de.uka.ilkd.key.nparser.builder.IncludeFinder.visitOne_include(IncludeFinder.java:43)
	at de.uka.ilkd.key.nparser.builder.IncludeFinder.visitOne_include(IncludeFinder.java:20)
	at de.uka.ilkd.key.nparser.KeYParser$One_includeContext.accept(KeYParser.java:878)
	at de.uka.ilkd.key.nparser.builder.AbstractBuilder.lambda$mapOf$0(AbstractBuilder.java:112)
	at java.base/java.util.stream.ReferencePipeline$3$1.accept(ReferencePipeline.java:195)
	at java.base/java.util.ArrayList$ArrayListSpliterator.forEachRemaining(ArrayList.java:1655)
	at java.base/java.util.stream.AbstractPipeline.copyInto(AbstractPipeline.java:484)
	at java.base/java.util.stream.AbstractPipeline.wrapAndCopyInto(AbstractPipeline.java:474)
	at java.base/java.util.stream.ReduceOps$ReduceOp.evaluateSequential(ReduceOps.java:913)
	at java.base/java.util.stream.AbstractPipeline.evaluate(AbstractPipeline.java:234)
	at java.base/java.util.stream.ReferencePipeline.collect(ReferencePipeline.java:578)
	at de.uka.ilkd.key.nparser.builder.AbstractBuilder.mapOf(AbstractBuilder.java:112)
	at de.uka.ilkd.key.nparser.builder.IncludeFinder.visitOne_include_statement(IncludeFinder.java:35)
	at de.uka.ilkd.key.nparser.builder.IncludeFinder.visitOne_include_statement(IncludeFinder.java:20)
	at de.uka.ilkd.key.nparser.KeYParser$One_include_statementContext.accept(KeYParser.java:802)
	at org.antlr.v4.runtime.tree.AbstractParseTreeVisitor.visitChildren(AbstractParseTreeVisitor.java:46)
	at de.uka.ilkd.key.nparser.KeYParserBaseVisitor.visitDecls(KeYParserBaseVisitor.java:30)
	at de.uka.ilkd.key.nparser.KeYParser$DeclsContext.accept(KeYParser.java:500)
	at org.antlr.v4.runtime.tree.AbstractParseTreeVisitor.visitChildren(AbstractParseTreeVisitor.java:46)
	at de.uka.ilkd.key.nparser.KeYParserBaseVisitor.visitFile(KeYParserBaseVisitor.java:23)
	at de.uka.ilkd.key.nparser.KeYParser$FileContext.accept(KeYParser.java:306)
	at de.uka.ilkd.key.nparser.KeyAst.accept(KeyAst.java:41)
	at de.uka.ilkd.key.nparser.KeyAst$File.getIncludes(KeyAst.java:76)
	at de.uka.ilkd.key.proof.io.KeYFile.readIncludes(KeYFile.java:208)
	... 14 more
Could not find rule file rules/intRulesCheckedSemantics.key (file: /home/runner/work/key/key/key.core/../key.ui/examples/index/.././standard_key/polySimp/simplify16.key; caused by: de.uka.ilkd.key.proof.init.ProofInputException: Could not find rule file rules/intRulesCheckedSemantics.key)
	at de.uka.ilkd.key.control.AbstractUserInterfaceControl.load(AbstractUserInterfaceControl.java:221)
	at de.uka.ilkd.key.control.KeYEnvironment.load(KeYEnvironment.java:251)
	at de.uka.ilkd.key.control.KeYEnvironment.load(KeYEnvironment.java:224)
	at de.uka.ilkd.key.control.KeYEnvironment.load(KeYEnvironment.java:184)
	at de.uka.ilkd.key.control.KeYEnvironment.load(KeYEnvironment.java:261)
	at de.uka.ilkd.key.proof.runallproofs.proofcollection.TestFile.load(TestFile.java:270)
	at de.uka.ilkd.key.proof.runallproofs.proofcollection.TestFile.runKey(TestFile.java:160)
	at de.uka.ilkd.key.proof.runallproofs.proofcollection.ForkedTestFileRunner.main(ForkedTestFileRunner.java:171)
Caused by: de.uka.ilkd.key.proof.init.ProofInputException: Could not find rule file rules/intRulesCheckedSemantics.key
	at de.uka.ilkd.key.proof.io.KeYFile.readIncludes(KeYFile.java:210)
	at de.uka.ilkd.key.proof.init.ProblemInitializer.readIncludes(ProblemInitializer.java:177)
	at de.uka.ilkd.key.proof.init.ProblemInitializer.readEnvInput(ProblemInitializer.java:325)
	at de.uka.ilkd.key.proof.init.ProblemInitializer.prepare(ProblemInitializer.java:449)
	at de.uka.ilkd.key.proof.io.AbstractProblemLoader.createInitConfig(AbstractProblemLoader.java:518)
	at de.uka.ilkd.key.proof.io.AbstractProblemLoader.loadEnvironment(AbstractProblemLoader.java:288)
	at de.uka.ilkd.key.proof.io.AbstractProblemLoader.load(AbstractProblemLoader.java:252)
	at de.uka.ilkd.key.control.AbstractUserInterfaceControl.load(AbstractUserInterfaceControl.java:209)
	... 7 more
Caused by: java.lang.RuntimeException: Could not find rule file rules/intRulesCheckedSemantics.key
	at de.uka.ilkd.key.proof.io.RuleSourceFactory.fromBuiltInRule(RuleSourceFactory.java:32)
	at de.uka.ilkd.key.proof.io.RuleSourceFactory.fromDefaultLocation(RuleSourceFactory.java:21)
	at de.uka.ilkd.key.nparser.builder.IncludeFinder.addInclude(IncludeFinder.java:63)
	at de.uka.ilkd.key.nparser.builder.IncludeFinder.visitOne_include(IncludeFinder.java:43)
	at de.uka.ilkd.key.nparser.builder.IncludeFinder.visitOne_include(IncludeFinder.java:20)
	at de.uka.ilkd.key.nparser.KeYParser$One_includeContext.accept(KeYParser.java:878)
	at de.uka.ilkd.key.nparser.builder.AbstractBuilder.lambda$mapOf$0(AbstractBuilder.java:112)
	at java.base/java.util.stream.ReferencePipeline$3$1.accept(ReferencePipeline.java:195)
	at java.base/java.util.ArrayList$ArrayListSpliterator.forEachRemaining(ArrayList.java:1655)
	at java.base/java.util.stream.AbstractPipeline.copyInto(AbstractPipeline.java:484)
	at java.base/java.util.stream.AbstractPipeline.wrapAndCopyInto(AbstractPipeline.java:474)
	at java.base/java.util.stream.ReduceOps$ReduceOp.evaluateSequential(ReduceOps.java:913)
	at java.base/java.util.stream.AbstractPipeline.evaluate(AbstractPipeline.java:234)
	at java.base/java.util.stream.ReferencePipeline.collect(ReferencePipeline.java:578)
	at de.uka.ilkd.key.nparser.builder.AbstractBuilder.mapOf(AbstractBuilder.java:112)
	at de.uka.ilkd.key.nparser.builder.IncludeFinder.visitOne_include_statement(IncludeFinder.java:35)
	at de.uka.ilkd.key.nparser.builder.IncludeFinder.visitOne_include_statement(IncludeFinder.java:20)
	at de.uka.ilkd.key.nparser.KeYParser$One_include_statementContext.accept(KeYParser.java:802)
	at org.antlr.v4.runtime.tree.AbstractParseTreeVisitor.visitChildren(AbstractParseTreeVisitor.java:46)
	at de.uka.ilkd.key.nparser.KeYParserBaseVisitor.visitDecls(KeYParserBaseVisitor.java:30)
	at de.uka.ilkd.key.nparser.KeYParser$DeclsContext.accept(KeYParser.java:500)
	at org.antlr.v4.runtime.tree.AbstractParseTreeVisitor.visitChildren(AbstractParseTreeVisitor.java:46)
	at de.uka.ilkd.key.nparser.KeYParserBaseVisitor.visitFile(KeYParserBaseVisitor.java:23)
	at de.uka.ilkd.key.nparser.KeYParser$FileContext.accept(KeYParser.java:306)
	at de.uka.ilkd.key.nparser.KeyAst.accept(KeyAst.java:41)
	at de.uka.ilkd.key.nparser.KeyAst$File.getIncludes(KeyAst.java:76)
	at de.uka.ilkd.key.proof.io.KeYFile.readIncludes(KeYFile.java:208)
	... 14 more
Could not find rule file rules/intRulesCheckedSemantics.key (file: /home/runner/work/key/key/key.core/../key.ui/examples/index/.././standard_key/polySimp/simplify17.key; caused by: de.uka.ilkd.key.proof.init.ProofInputException: Could not find rule file rules/intRulesCheckedSemantics.key)
	at de.uka.ilkd.key.control.AbstractUserInterfaceControl.load(AbstractUserInterfaceControl.java:221)
	at de.uka.ilkd.key.control.KeYEnvironment.load(KeYEnvironment.java:251)
	at de.uka.ilkd.key.control.KeYEnvironment.load(KeYEnvironment.java:224)
	at de.uka.ilkd.key.control.KeYEnvironment.load(KeYEnvironment.java:184)
	at de.uka.ilkd.key.control.KeYEnvironment.load(KeYEnvironment.java:261)
	at de.uka.ilkd.key.proof.runallproofs.proofcollection.TestFile.load(TestFile.java:270)
	at de.uka.ilkd.key.proof.runallproofs.proofcollection.TestFile.runKey(TestFile.java:160)
	at de.uka.ilkd.key.proof.runallproofs.proofcollection.ForkedTestFileRunner.main(ForkedTestFileRunner.java:171)
Caused by: de.uka.ilkd.key.proof.init.ProofInputException: Could not find rule file rules/intRulesCheckedSemantics.key
	at de.uka.ilkd.key.proof.io.KeYFile.readIncludes(KeYFile.java:210)
	at de.uka.ilkd.key.proof.init.ProblemInitializer.readIncludes(ProblemInitializer.java:177)
	at de.uka.ilkd.key.proof.init.ProblemInitializer.readEnvInput(ProblemInitializer.java:325)
	at de.uka.ilkd.key.proof.init.ProblemInitializer.prepare(ProblemInitializer.java:449)
	at de.uka.ilkd.key.proof.io.AbstractProblemLoader.createInitConfig(AbstractProblemLoader.java:518)
	at de.uka.ilkd.key.proof.io.AbstractProblemLoader.loadEnvironment(AbstractProblemLoader.java:288)
	at de.uka.ilkd.key.proof.io.AbstractProblemLoader.load(AbstractProblemLoader.java:252)
	at de.uka.ilkd.key.control.AbstractUserInterfaceControl.load(AbstractUserInterfaceControl.java:209)
	... 7 more
Caused by: java.lang.RuntimeException: Could not find rule file rules/intRulesCheckedSemantics.key
	at de.uka.ilkd.key.proof.io.RuleSourceFactory.fromBuiltInRule(RuleSourceFactory.java:32)
	at de.uka.ilkd.key.proof.io.RuleSourceFactory.fromDefaultLocation(RuleSourceFactory.java:21)
	at de.uka.ilkd.key.nparser.builder.IncludeFinder.addInclude(IncludeFinder.java:63)
	at de.uka.ilkd.key.nparser.builder.IncludeFinder.visitOne_include(IncludeFinder.java:43)
	at de.uka.ilkd.key.nparser.builder.IncludeFinder.visitOne_include(IncludeFinder.java:20)
	at de.uka.ilkd.key.nparser.KeYParser$One_includeContext.accept(KeYParser.java:878)
	at de.uka.ilkd.key.nparser.builder.AbstractBuilder.lambda$mapOf$0(AbstractBuilder.java:112)
	at java.base/java.util.stream.ReferencePipeline$3$1.accept(ReferencePipeline.java:195)
	at java.base/java.util.ArrayList$ArrayListSpliterator.forEachRemaining(ArrayList.java:1655)
	at java.base/java.util.stream.AbstractPipeline.copyInto(AbstractPipeline.java:484)
	at java.base/java.util.stream.AbstractPipeline.wrapAndCopyInto(AbstractPipeline.java:474)
	at java.base/java.util.stream.ReduceOps$ReduceOp.evaluateSequential(ReduceOps.java:913)
	at java.base/java.util.stream.AbstractPipeline.evaluate(AbstractPipeline.java:234)
	at java.base/java.util.stream.ReferencePipeline.collect(ReferencePipeline.java:578)
	at de.uka.ilkd.key.nparser.builder.AbstractBuilder.mapOf(AbstractBuilder.java:112)
	at de.uka.ilkd.key.nparser.builder.IncludeFinder.visitOne_include_statement(IncludeFinder.java:35)
	at de.uka.ilkd.key.nparser.builder.IncludeFinder.visitOne_include_statement(IncludeFinder.java:20)
	at de.uka.ilkd.key.nparser.KeYParser$One_include_statementContext.accept(KeYParser.java:802)
	at org.antlr.v4.runtime.tree.AbstractParseTreeVisitor.visitChildren(AbstractParseTreeVisitor.java:46)
	at de.uka.ilkd.key.nparser.KeYParserBaseVisitor.visitDecls(KeYParserBaseVisitor.java:30)
	at de.uka.ilkd.key.nparser.KeYParser$DeclsContext.accept(KeYParser.java:500)
	at org.antlr.v4.runtime.tree.AbstractParseTreeVisitor.visitChildren(AbstractParseTreeVisitor.java:46)
	at de.uka.ilkd.key.nparser.KeYParserBaseVisitor.visitFile(KeYParserBaseVisitor.java:23)
	at de.uka.ilkd.key.nparser.KeYParser$FileContext.accept(KeYParser.java:306)
	at de.uka.ilkd.key.nparser.KeyAst.accept(KeyAst.java:41)
	at de.uka.ilkd.key.nparser.KeyAst$File.getIncludes(KeyAst.java:76)
	at de.uka.ilkd.key.proof.io.KeYFile.readIncludes(KeYFile.java:208)
	... 14 more
Could not find rule file rules/intRulesCheckedSemantics.key (file: /home/runner/work/key/key/key.core/../key.ui/examples/index/.././standard_key/polySimp/simplify18.key; caused by: de.uka.ilkd.key.proof.init.ProofInputException: Could not find rule file rules/intRulesCheckedSemantics.key)
	at de.uka.ilkd.key.control.AbstractUserInterfaceControl.load(AbstractUserInterfaceControl.java:221)
	at de.uka.ilkd.key.control.KeYEnvironment.load(KeYEnvironment.java:251)
	at de.uka.ilkd.key.control.KeYEnvironment.load(KeYEnvironment.java:224)
	at de.uka.ilkd.key.control.KeYEnvironment.load(KeYEnvironment.java:184)
	at de.uka.ilkd.key.control.KeYEnvironment.load(KeYEnvironment.java:261)
	at de.uka.ilkd.key.proof.runallproofs.proofcollection.TestFile.load(TestFile.java:270)
	at de.uka.ilkd.key.proof.runallproofs.proofcollection.TestFile.runKey(TestFile.java:160)
	at de.uka.ilkd.key.proof.runallproofs.proofcollection.ForkedTestFileRunner.main(ForkedTestFileRunner.java:171)
Caused by: de.uka.ilkd.key.proof.init.ProofInputException: Could not find rule file rules/intRulesCheckedSemantics.key
	at de.uka.ilkd.key.proof.io.KeYFile.readIncludes(KeYFile.java:210)
	at de.uka.ilkd.key.proof.init.ProblemInitializer.readIncludes(ProblemInitializer.java:177)
	at de.uka.ilkd.key.proof.init.ProblemInitializer.readEnvInput(ProblemInitializer.java:325)
	at de.uka.ilkd.key.proof.init.ProblemInitializer.prepare(ProblemInitializer.java:449)
	at de.uka.ilkd.key.proof.io.AbstractProblemLoader.createInitConfig(AbstractProblemLoader.java:518)
	at de.uka.ilkd.key.proof.io.AbstractProblemLoader.loadEnvironment(AbstractProblemLoader.java:288)
	at de.uka.ilkd.key.proof.io.AbstractProblemLoader.load(AbstractProblemLoader.java:252)
	at de.uka.ilkd.key.control.AbstractUserInterfaceControl.load(AbstractUserInterfaceControl.java:209)
	... 7 more
Caused by: java.lang.RuntimeException: Could not find rule file rules/intRulesCheckedSemantics.key
	at de.uka.ilkd.key.proof.io.RuleSourceFactory.fromBuiltInRule(RuleSourceFactory.java:32)
	at de.uka.ilkd.key.proof.io.RuleSourceFactory.fromDefaultLocation(RuleSourceFactory.java:21)
	at de.uka.ilkd.key.nparser.builder.IncludeFinder.addInclude(IncludeFinder.java:63)
	at de.uka.ilkd.key.nparser.builder.IncludeFinder.visitOne_include(IncludeFinder.java:43)
	at de.uka.ilkd.key.nparser.builder.IncludeFinder.visitOne_include(IncludeFinder.java:20)
	at de.uka.ilkd.key.nparser.KeYParser$One_includeContext.accept(KeYParser.java:878)
	at de.uka.ilkd.key.nparser.builder.AbstractBuilder.lambda$mapOf$0(AbstractBuilder.java:112)
	at java.base/java.util.stream.ReferencePipeline$3$1.accept(ReferencePipeline.java:195)
	at java.base/java.util.ArrayList$ArrayListSpliterator.forEachRemaining(ArrayList.java:1655)
	at java.base/java.util.stream.AbstractPipeline.copyInto(AbstractPipeline.java:484)
	at java.base/java.util.stream.AbstractPipeline.wrapAndCopyInto(AbstractPipeline.java:474)
	at java.base/java.util.stream.ReduceOps$ReduceOp.evaluateSequential(ReduceOps.java:913)
	at java.base/java.util.stream.AbstractPipeline.evaluate(AbstractPipeline.java:234)
	at java.base/java.util.stream.ReferencePipeline.collect(ReferencePipeline.java:578)
	at de.uka.ilkd.key.nparser.builder.AbstractBuilder.mapOf(AbstractBuilder.java:112)
	at de.uka.ilkd.key.nparser.builder.IncludeFinder.visitOne_include_statement(IncludeFinder.java:35)
	at de.uka.ilkd.key.nparser.builder.IncludeFinder.visitOne_include_statement(IncludeFinder.java:20)
	at de.uka.ilkd.key.nparser.KeYParser$One_include_statementContext.accept(KeYParser.java:802)
	at org.antlr.v4.runtime.tree.AbstractParseTreeVisitor.visitChildren(AbstractParseTreeVisitor.java:46)
	at de.uka.ilkd.key.nparser.KeYParserBaseVisitor.visitDecls(KeYParserBaseVisitor.java:30)
	at de.uka.ilkd.key.nparser.KeYParser$DeclsContext.accept(KeYParser.java:500)
	at org.antlr.v4.runtime.tree.AbstractParseTreeVisitor.visitChildren(AbstractParseTreeVisitor.java:46)
	at de.uka.ilkd.key.nparser.KeYParserBaseVisitor.visitFile(KeYParserBaseVisitor.java:23)
	at de.uka.ilkd.key.nparser.KeYParser$FileContext.accept(KeYParser.java:306)
	at de.uka.ilkd.key.nparser.KeyAst.accept(KeyAst.java:41)
	at de.uka.ilkd.key.nparser.KeyAst$File.getIncludes(KeyAst.java:76)
	at de.uka.ilkd.key.proof.io.KeYFile.readIncludes(KeYFile.java:208)
	... 14 more
Could not find rule file rules/intRulesCheckedSemantics.key (file: /home/runner/work/key/key/key.core/../key.ui/examples/index/.././standard_key/polySimp/simplify19.key; caused by: de.uka.ilkd.key.proof.init.ProofInputException: Could not find rule file rules/intRulesCheckedSemantics.key)
	at de.uka.ilkd.key.control.AbstractUserInterfaceControl.load(AbstractUserInterfaceControl.java:221)
	at de.uka.ilkd.key.control.KeYEnvironment.load(KeYEnvironment.java:251)
	at de.uka.ilkd.key.control.KeYEnvironment.load(KeYEnvironment.java:224)
	at de.uka.ilkd.key.control.KeYEnvironment.load(KeYEnvironment.java:184)
	at de.uka.ilkd.key.control.KeYEnvironment.load(KeYEnvironment.java:261)
	at de.uka.ilkd.key.proof.runallproofs.proofcollection.TestFile.load(TestFile.java:270)
	at de.uka.ilkd.key.proof.runallproofs.proofcollection.TestFile.runKey(TestFile.java:160)
	at de.uka.ilkd.key.proof.runallproofs.proofcollection.ForkedTestFileRunner.main(ForkedTestFileRunner.java:171)
Caused by: de.uka.ilkd.key.proof.init.ProofInputException: Could not find rule file rules/intRulesCheckedSemantics.key
	at de.uka.ilkd.key.proof.io.KeYFile.readIncludes(KeYFile.java:210)
	at de.uka.ilkd.key.proof.init.ProblemInitializer.readIncludes(ProblemInitializer.java:177)
	at de.uka.ilkd.key.proof.init.ProblemInitializer.readEnvInput(ProblemInitializer.java:325)
	at de.uka.ilkd.key.proof.init.ProblemInitializer.prepare(ProblemInitializer.java:449)
	at de.uka.ilkd.key.proof.io.AbstractProblemLoader.createInitConfig(AbstractProblemLoader.java:518)
	at de.uka.ilkd.key.proof.io.AbstractProblemLoader.loadEnvironment(AbstractProblemLoader.java:288)
	at de.uka.ilkd.key.proof.io.AbstractProblemLoader.load(AbstractProblemLoader.java:252)
	at de.uka.ilkd.key.control.AbstractUserInterfaceControl.load(AbstractUserInterfaceControl.java:209)
	... 7 more
Caused by: java.lang.RuntimeException: Could not find rule file rules/intRulesCheckedSemantics.key
	at de.uka.ilkd.key.proof.io.RuleSourceFactory.fromBuiltInRule(RuleSourceFactory.java:32)
	at de.uka.ilkd.key.proof.io.RuleSourceFactory.fromDefaultLocation(RuleSourceFactory.java:21)
	at de.uka.ilkd.key.nparser.builder.IncludeFinder.addInclude(IncludeFinder.java:63)
	at de.uka.ilkd.key.nparser.builder.IncludeFinder.visitOne_include(IncludeFinder.java:43)
	at de.uka.ilkd.key.nparser.builder.IncludeFinder.visitOne_include(IncludeFinder.java:20)
	at de.uka.ilkd.key.nparser.KeYParser$One_includeContext.accept(KeYParser.java:878)
	at de.uka.ilkd.key.nparser.builder.AbstractBuilder.lambda$mapOf$0(AbstractBuilder.java:112)
	at java.base/java.util.stream.ReferencePipeline$3$1.accept(ReferencePipeline.java:195)
	at java.base/java.util.ArrayList$ArrayListSpliterator.forEachRemaining(ArrayList.java:1655)
	at java.base/java.util.stream.AbstractPipeline.copyInto(AbstractPipeline.java:484)
	at java.base/java.util.stream.AbstractPipeline.wrapAndCopyInto(AbstractPipeline.java:474)
	at java.base/java.util.stream.ReduceOps$ReduceOp.evaluateSequential(ReduceOps.java:913)
	at java.base/java.util.stream.AbstractPipeline.evaluate(AbstractPipeline.java:234)
	at java.base/java.util.stream.ReferencePipeline.collect(ReferencePipeline.java:578)
	at de.uka.ilkd.key.nparser.builder.AbstractBuilder.mapOf(AbstractBuilder.java:112)
	at de.uka.ilkd.key.nparser.builder.IncludeFinder.visitOne_include_statement(IncludeFinder.java:35)
	at de.uka.ilkd.key.nparser.builder.IncludeFinder.visitOne_include_statement(IncludeFinder.java:20)
	at de.uka.ilkd.key.nparser.KeYParser$One_include_statementContext.accept(KeYParser.java:802)
	at org.antlr.v4.runtime.tree.AbstractParseTreeVisitor.visitChildren(AbstractParseTreeVisitor.java:46)
	at de.uka.ilkd.key.nparser.KeYParserBaseVisitor.visitDecls(KeYParserBaseVisitor.java:30)
	at de.uka.ilkd.key.nparser.KeYParser$DeclsContext.accept(KeYParser.java:500)
	at org.antlr.v4.runtime.tree.AbstractParseTreeVisitor.visitChildren(AbstractParseTreeVisitor.java:46)
	at de.uka.ilkd.key.nparser.KeYParserBaseVisitor.visitFile(KeYParserBaseVisitor.java:23)
	at de.uka.ilkd.key.nparser.KeYParser$FileContext.accept(KeYParser.java:306)
	at de.uka.ilkd.key.nparser.KeyAst.accept(KeyAst.java:41)
	at de.uka.ilkd.key.nparser.KeyAst$File.getIncludes(KeyAst.java:76)
	at de.uka.ilkd.key.proof.io.KeYFile.readIncludes(KeYFile.java:208)
	... 14 more
Could not find rule file rules/intRulesCheckedSemantics.key (file: /home/runner/work/key/key/key.core/../key.ui/examples/index/.././standard_key/polySimp/simplify2.key; caused by: de.uka.ilkd.key.proof.init.ProofInputException: Could not find rule file rules/intRulesCheckedSemantics.key)
	at de.uka.ilkd.key.control.AbstractUserInterfaceControl.load(AbstractUserInterfaceControl.java:221)
	at de.uka.ilkd.key.control.KeYEnvironment.load(KeYEnvironment.java:251)
	at de.uka.ilkd.key.control.KeYEnvironment.load(KeYEnvironment.java:224)
	at de.uka.ilkd.key.control.KeYEnvironment.load(KeYEnvironment.java:184)
	at de.uka.ilkd.key.control.KeYEnvironment.load(KeYEnvironment.java:261)
	at de.uka.ilkd.key.proof.runallproofs.proofcollection.TestFile.load(TestFile.java:270)
	at de.uka.ilkd.key.proof.runallproofs.proofcollection.TestFile.runKey(TestFile.java:160)
	at de.uka.ilkd.key.proof.runallproofs.proofcollection.ForkedTestFileRunner.main(ForkedTestFileRunner.java:171)
Caused by: de.uka.ilkd.key.proof.init.ProofInputException: Could not find rule file rules/intRulesCheckedSemantics.key
	at de.uka.ilkd.key.proof.io.KeYFile.readIncludes(KeYFile.java:210)
	at de.uka.ilkd.key.proof.init.ProblemInitializer.readIncludes(ProblemInitializer.java:177)
	at de.uka.ilkd.key.proof.init.ProblemInitializer.readEnvInput(ProblemInitializer.java:325)
	at de.uka.ilkd.key.proof.init.ProblemInitializer.prepare(ProblemInitializer.java:449)
	at de.uka.ilkd.key.proof.io.AbstractProblemLoader.createInitConfig(AbstractProblemLoader.java:518)
	at de.uka.ilkd.key.proof.io.AbstractProblemLoader.loadEnvironment(AbstractProblemLoader.java:288)
	at de.uka.ilkd.key.proof.io.AbstractProblemLoader.load(AbstractProblemLoader.java:252)
	at de.uka.ilkd.key.control.AbstractUserInterfaceControl.load(AbstractUserInterfaceControl.java:209)
	... 7 more
Caused by: java.lang.RuntimeException: Could not find rule file rules/intRulesCheckedSemantics.key
	at de.uka.ilkd.key.proof.io.RuleSourceFactory.fromBuiltInRule(RuleSourceFactory.java:32)
	at de.uka.ilkd.key.proof.io.RuleSourceFactory.fromDefaultLocation(RuleSourceFactory.java:21)
	at de.uka.ilkd.key.nparser.builder.IncludeFinder.addInclude(IncludeFinder.java:63)
	at de.uka.ilkd.key.nparser.builder.IncludeFinder.visitOne_include(IncludeFinder.java:43)
	at de.uka.ilkd.key.nparser.builder.IncludeFinder.visitOne_include(IncludeFinder.java:20)
	at de.uka.ilkd.key.nparser.KeYParser$One_includeContext.accept(KeYParser.java:878)
	at de.uka.ilkd.key.nparser.builder.AbstractBuilder.lambda$mapOf$0(AbstractBuilder.java:112)
	at java.base/java.util.stream.ReferencePipeline$3$1.accept(ReferencePipeline.java:195)
	at java.base/java.util.ArrayList$ArrayListSpliterator.forEachRemaining(ArrayList.java:1655)
	at java.base/java.util.stream.AbstractPipeline.copyInto(AbstractPipeline.java:484)
	at java.base/java.util.stream.AbstractPipeline.wrapAndCopyInto(AbstractPipeline.java:474)
	at java.base/java.util.stream.ReduceOps$ReduceOp.evaluateSequential(ReduceOps.java:913)
	at java.base/java.util.stream.AbstractPipeline.evaluate(AbstractPipeline.java:234)
	at java.base/java.util.stream.ReferencePipeline.collect(ReferencePipeline.java:578)
	at de.uka.ilkd.key.nparser.builder.AbstractBuilder.mapOf(AbstractBuilder.java:112)
	at de.uka.ilkd.key.nparser.builder.IncludeFinder.visitOne_include_statement(IncludeFinder.java:35)
	at de.uka.ilkd.key.nparser.builder.IncludeFinder.visitOne_include_statement(IncludeFinder.java:20)
	at de.uka.ilkd.key.nparser.KeYParser$One_include_statementContext.accept(KeYParser.java:802)
	at org.antlr.v4.runtime.tree.AbstractParseTreeVisitor.visitChildren(AbstractParseTreeVisitor.java:46)
	at de.uka.ilkd.key.nparser.KeYParserBaseVisitor.visitDecls(KeYParserBaseVisitor.java:30)
	at de.uka.ilkd.key.nparser.KeYParser$DeclsContext.accept(KeYParser.java:500)
	at org.antlr.v4.runtime.tree.AbstractParseTreeVisitor.visitChildren(AbstractParseTreeVisitor.java:46)
	at de.uka.ilkd.key.nparser.KeYParserBaseVisitor.visitFile(KeYParserBaseVisitor.java:23)
	at de.uka.ilkd.key.nparser.KeYParser$FileContext.accept(KeYParser.java:306)
	at de.uka.ilkd.key.nparser.KeyAst.accept(KeyAst.java:41)
	at de.uka.ilkd.key.nparser.KeyAst$File.getIncludes(KeyAst.java:76)
	at de.uka.ilkd.key.proof.io.KeYFile.readIncludes(KeYFile.java:208)
	... 14 more
Could not find rule file rules/intRulesCheckedSemantics.key (file: /home/runner/work/key/key/key.core/../key.ui/examples/index/.././standard_key/polySimp/simplify20.key; caused by: de.uka.ilkd.key.proof.init.ProofInputException: Could not find rule file rules/intRulesCheckedSemantics.key)
	at de.uka.ilkd.key.control.AbstractUserInterfaceControl.load(AbstractUserInterfaceControl.java:221)
	at de.uka.ilkd.key.control.KeYEnvironment.load(KeYEnvironment.java:251)
	at de.uka.ilkd.key.control.KeYEnvironment.load(KeYEnvironment.java:224)
	at de.uka.ilkd.key.control.KeYEnvironment.load(KeYEnvironment.java:184)
	at de.uka.ilkd.key.control.KeYEnvironment.load(KeYEnvironment.java:261)
	at de.uka.ilkd.key.proof.runallproofs.proofcollection.TestFile.load(TestFile.java:270)
	at de.uka.ilkd.key.proof.runallproofs.proofcollection.TestFile.runKey(TestFile.java:160)
	at de.uka.ilkd.key.proof.runallproofs.proofcollection.ForkedTestFileRunner.main(ForkedTestFileRunner.java:171)
Caused by: de.uka.ilkd.key.proof.init.ProofInputException: Could not find rule file rules/intRulesCheckedSemantics.key
	at de.uka.ilkd.key.proof.io.KeYFile.readIncludes(KeYFile.java:210)
	at de.uka.ilkd.key.proof.init.ProblemInitializer.readIncludes(ProblemInitializer.java:177)
	at de.uka.ilkd.key.proof.init.ProblemInitializer.readEnvInput(ProblemInitializer.java:325)
	at de.uka.ilkd.key.proof.init.ProblemInitializer.prepare(ProblemInitializer.java:449)
	at de.uka.ilkd.key.proof.io.AbstractProblemLoader.createInitConfig(AbstractProblemLoader.java:518)
	at de.uka.ilkd.key.proof.io.AbstractProblemLoader.loadEnvironment(AbstractProblemLoader.java:288)
	at de.uka.ilkd.key.proof.io.AbstractProblemLoader.load(AbstractProblemLoader.java:252)
	at de.uka.ilkd.key.control.AbstractUserInterfaceControl.load(AbstractUserInterfaceControl.java:209)
	... 7 more
Caused by: java.lang.RuntimeException: Could not find rule file rules/intRulesCheckedSemantics.key
	at de.uka.ilkd.key.proof.io.RuleSourceFactory.fromBuiltInRule(RuleSourceFactory.java:32)
	at de.uka.ilkd.key.proof.io.RuleSourceFactory.fromDefaultLocation(RuleSourceFactory.java:21)
	at de.uka.ilkd.key.nparser.builder.IncludeFinder.addInclude(IncludeFinder.java:63)
	at de.uka.ilkd.key.nparser.builder.IncludeFinder.visitOne_include(IncludeFinder.java:43)
	at de.uka.ilkd.key.nparser.builder.IncludeFinder.visitOne_include(IncludeFinder.java:20)
	at de.uka.ilkd.key.nparser.KeYParser$One_includeContext.accept(KeYParser.java:878)
	at de.uka.ilkd.key.nparser.builder.AbstractBuilder.lambda$mapOf$0(AbstractBuilder.java:112)
	at java.base/java.util.stream.ReferencePipeline$3$1.accept(ReferencePipeline.java:195)
	at java.base/java.util.ArrayList$ArrayListSpliterator.forEachRemaining(ArrayList.java:1655)
	at java.base/java.util.stream.AbstractPipeline.copyInto(AbstractPipeline.java:484)
	at java.base/java.util.stream.AbstractPipeline.wrapAndCopyInto(AbstractPipeline.java:474)
	at java.base/java.util.stream.ReduceOps$ReduceOp.evaluateSequential(ReduceOps.java:913)
	at java.base/java.util.stream.AbstractPipeline.evaluate(AbstractPipeline.java:234)
	at java.base/java.util.stream.ReferencePipeline.collect(ReferencePipeline.java:578)
	at de.uka.ilkd.key.nparser.builder.AbstractBuilder.mapOf(AbstractBuilder.java:112)
	at de.uka.ilkd.key.nparser.builder.IncludeFinder.visitOne_include_statement(IncludeFinder.java:35)
	at de.uka.ilkd.key.nparser.builder.IncludeFinder.visitOne_include_statement(IncludeFinder.java:20)
	at de.uka.ilkd.key.nparser.KeYParser$One_include_statementContext.accept(KeYParser.java:802)
	at org.antlr.v4.runtime.tree.AbstractParseTreeVisitor.visitChildren(AbstractParseTreeVisitor.java:46)
	at de.uka.ilkd.key.nparser.KeYParserBaseVisitor.visitDecls(KeYParserBaseVisitor.java:30)
	at de.uka.ilkd.key.nparser.KeYParser$DeclsContext.accept(KeYParser.java:500)
	at org.antlr.v4.runtime.tree.AbstractParseTreeVisitor.visitChildren(AbstractParseTreeVisitor.java:46)
	at de.uka.ilkd.key.nparser.KeYParserBaseVisitor.visitFile(KeYParserBaseVisitor.java:23)
	at de.uka.ilkd.key.nparser.KeYParser$FileContext.accept(KeYParser.java:306)
	at de.uka.ilkd.key.nparser.KeyAst.accept(KeyAst.java:41)
	at de.uka.ilkd.key.nparser.KeyAst$File.getIncludes(KeyAst.java:76)
	at de.uka.ilkd.key.proof.io.KeYFile.readIncludes(KeYFile.java:208)
	... 14 more
Could not find rule file rules/intRulesCheckedSemantics.key (file: /home/runner/work/key/key/key.core/../key.ui/examples/index/.././standard_key/polySimp/simplify21.key; caused by: de.uka.ilkd.key.proof.init.ProofInputException: Could not find rule file rules/intRulesCheckedSemantics.key)
	at de.uka.ilkd.key.control.AbstractUserInterfaceControl.load(AbstractUserInterfaceControl.java:221)
	at de.uka.ilkd.key.control.KeYEnvironment.load(KeYEnvironment.java:251)
	at de.uka.ilkd.key.control.KeYEnvironment.load(KeYEnvironment.java:224)
	at de.uka.ilkd.key.control.KeYEnvironment.load(KeYEnvironment.java:184)
	at de.uka.ilkd.key.control.KeYEnvironment.load(KeYEnvironment.java:261)
	at de.uka.ilkd.key.proof.runallproofs.proofcollection.TestFile.load(TestFile.java:270)
	at de.uka.ilkd.key.proof.runallproofs.proofcollection.TestFile.runKey(TestFile.java:160)
	at de.uka.ilkd.key.proof.runallproofs.proofcollection.ForkedTestFileRunner.main(ForkedTestFileRunner.java:171)
Caused by: de.uka.ilkd.key.proof.init.ProofInputException: Could not find rule file rules/intRulesCheckedSemantics.key
	at de.uka.ilkd.key.proof.io.KeYFile.readIncludes(KeYFile.java:210)
	at de.uka.ilkd.key.proof.init.ProblemInitializer.readIncludes(ProblemInitializer.java:177)
	at de.uka.ilkd.key.proof.init.ProblemInitializer.readEnvInput(ProblemInitializer.java:325)
	at de.uka.ilkd.key.proof.init.ProblemInitializer.prepare(ProblemInitializer.java:449)
	at de.uka.ilkd.key.proof.io.AbstractProblemLoader.createInitConfig(AbstractProblemLoader.java:518)
	at de.uka.ilkd.key.proof.io.AbstractProblemLoader.loadEnvironment(AbstractProblemLoader.java:288)
	at de.uka.ilkd.key.proof.io.AbstractProblemLoader.load(AbstractProblemLoader.java:252)
	at de.uka.ilkd.key.control.AbstractUserInterfaceControl.load(AbstractUserInterfaceControl.java:209)
	... 7 more
Caused by: java.lang.RuntimeException: Could not find rule file rules/intRulesCheckedSemantics.key
	at de.uka.ilkd.key.proof.io.RuleSourceFactory.fromBuiltInRule(RuleSourceFactory.java:32)
	at de.uka.ilkd.key.proof.io.RuleSourceFactory.fromDefaultLocation(RuleSourceFactory.java:21)
	at de.uka.ilkd.key.nparser.builder.IncludeFinder.addInclude(IncludeFinder.java:63)
	at de.uka.ilkd.key.nparser.builder.IncludeFinder.visitOne_include(IncludeFinder.java:43)
	at de.uka.ilkd.key.nparser.builder.IncludeFinder.visitOne_include(IncludeFinder.java:20)
	at de.uka.ilkd.key.nparser.KeYParser$One_includeContext.accept(KeYParser.java:878)
	at de.uka.ilkd.key.nparser.builder.AbstractBuilder.lambda$mapOf$0(AbstractBuilder.java:112)
	at java.base/java.util.stream.ReferencePipeline$3$1.accept(ReferencePipeline.java:195)
	at java.base/java.util.ArrayList$ArrayListSpliterator.forEachRemaining(ArrayList.java:1655)
	at java.base/java.util.stream.AbstractPipeline.copyInto(AbstractPipeline.java:484)
	at java.base/java.util.stream.AbstractPipeline.wrapAndCopyInto(AbstractPipeline.java:474)
	at java.base/java.util.stream.ReduceOps$ReduceOp.evaluateSequential(ReduceOps.java:913)
	at java.base/java.util.stream.AbstractPipeline.evaluate(AbstractPipeline.java:234)
	at java.base/java.util.stream.ReferencePipeline.collect(ReferencePipeline.java:578)
	at de.uka.ilkd.key.nparser.builder.AbstractBuilder.mapOf(AbstractBuilder.java:112)
	at de.uka.ilkd.key.nparser.builder.IncludeFinder.visitOne_include_statement(IncludeFinder.java:35)
	at de.uka.ilkd.key.nparser.builder.IncludeFinder.visitOne_include_statement(IncludeFinder.java:20)
	at de.uka.ilkd.key.nparser.KeYParser$One_include_statementContext.accept(KeYParser.java:802)
	at org.antlr.v4.runtime.tree.AbstractParseTreeVisitor.visitChildren(AbstractParseTreeVisitor.java:46)
	at de.uka.ilkd.key.nparser.KeYParserBaseVisitor.visitDecls(KeYParserBaseVisitor.java:30)
	at de.uka.ilkd.key.nparser.KeYParser$DeclsContext.accept(KeYParser.java:500)
	at org.antlr.v4.runtime.tree.AbstractParseTreeVisitor.visitChildren(AbstractParseTreeVisitor.java:46)
	at de.uka.ilkd.key.nparser.KeYParserBaseVisitor.visitFile(KeYParserBaseVisitor.java:23)
	at de.uka.ilkd.key.nparser.KeYParser$FileContext.accept(KeYParser.java:306)
	at de.uka.ilkd.key.nparser.KeyAst.accept(KeyAst.java:41)
	at de.uka.ilkd.key.nparser.KeyAst$File.getIncludes(KeyAst.java:76)
	at de.uka.ilkd.key.proof.io.KeYFile.readIncludes(KeYFile.java:208)
	... 14 more
Could not find rule file rules/intRulesCheckedSemantics.key (file: /home/runner/work/key/key/key.core/../key.ui/examples/index/.././standard_key/polySimp/simplify22.key; caused by: de.uka.ilkd.key.proof.init.ProofInputException: Could not find rule file rules/intRulesCheckedSemantics.key)
	at de.uka.ilkd.key.control.AbstractUserInterfaceControl.load(AbstractUserInterfaceControl.java:221)
	at de.uka.ilkd.key.control.KeYEnvironment.load(KeYEnvironment.java:251)
	at de.uka.ilkd.key.control.KeYEnvironment.load(KeYEnvironment.java:224)
	at de.uka.ilkd.key.control.KeYEnvironment.load(KeYEnvironment.java:184)
	at de.uka.ilkd.key.control.KeYEnvironment.load(KeYEnvironment.java:261)
	at de.uka.ilkd.key.proof.runallproofs.proofcollection.TestFile.load(TestFile.java:270)
	at de.uka.ilkd.key.proof.runallproofs.proofcollection.TestFile.runKey(TestFile.java:160)
	at de.uka.ilkd.key.proof.runallproofs.proofcollection.ForkedTestFileRunner.main(ForkedTestFileRunner.java:171)
Caused by: de.uka.ilkd.key.proof.init.ProofInputException: Could not find rule file rules/intRulesCheckedSemantics.key
	at de.uka.ilkd.key.proof.io.KeYFile.readIncludes(KeYFile.java:210)
	at de.uka.ilkd.key.proof.init.ProblemInitializer.readIncludes(ProblemInitializer.java:177)
	at de.uka.ilkd.key.proof.init.ProblemInitializer.readEnvInput(ProblemInitializer.java:325)
	at de.uka.ilkd.key.proof.init.ProblemInitializer.prepare(ProblemInitializer.java:449)
	at de.uka.ilkd.key.proof.io.AbstractProblemLoader.createInitConfig(AbstractProblemLoader.java:518)
	at de.uka.ilkd.key.proof.io.AbstractProblemLoader.loadEnvironment(AbstractProblemLoader.java:288)
	at de.uka.ilkd.key.proof.io.AbstractProblemLoader.load(AbstractProblemLoader.java:252)
	at de.uka.ilkd.key.control.AbstractUserInterfaceControl.load(AbstractUserInterfaceControl.java:209)
	... 7 more
Caused by: java.lang.RuntimeException: Could not find rule file rules/intRulesCheckedSemantics.key
	at de.uka.ilkd.key.proof.io.RuleSourceFactory.fromBuiltInRule(RuleSourceFactory.java:32)
	at de.uka.ilkd.key.proof.io.RuleSourceFactory.fromDefaultLocation(RuleSourceFactory.java:21)
	at de.uka.ilkd.key.nparser.builder.IncludeFinder.addInclude(IncludeFinder.java:63)
	at de.uka.ilkd.key.nparser.builder.IncludeFinder.visitOne_include(IncludeFinder.java:43)
	at de.uka.ilkd.key.nparser.builder.IncludeFinder.visitOne_include(IncludeFinder.java:20)
	at de.uka.ilkd.key.nparser.KeYParser$One_includeContext.accept(KeYParser.java:878)
	at de.uka.ilkd.key.nparser.builder.AbstractBuilder.lambda$mapOf$0(AbstractBuilder.java:112)
	at java.base/java.util.stream.ReferencePipeline$3$1.accept(ReferencePipeline.java:195)
	at java.base/java.util.ArrayList$ArrayListSpliterator.forEachRemaining(ArrayList.java:1655)
	at java.base/java.util.stream.AbstractPipeline.copyInto(AbstractPipeline.java:484)
	at java.base/java.util.stream.AbstractPipeline.wrapAndCopyInto(AbstractPipeline.java:474)
	at java.base/java.util.stream.ReduceOps$ReduceOp.evaluateSequential(ReduceOps.java:913)
	at java.base/java.util.stream.AbstractPipeline.evaluate(AbstractPipeline.java:234)
	at java.base/java.util.stream.ReferencePipeline.collect(ReferencePipeline.java:578)
	at de.uka.ilkd.key.nparser.builder.AbstractBuilder.mapOf(AbstractBuilder.java:112)
	at de.uka.ilkd.key.nparser.builder.IncludeFinder.visitOne_include_statement(IncludeFinder.java:35)
	at de.uka.ilkd.key.nparser.builder.IncludeFinder.visitOne_include_statement(IncludeFinder.java:20)
	at de.uka.ilkd.key.nparser.KeYParser$One_include_statementContext.accept(KeYParser.java:802)
	at org.antlr.v4.runtime.tree.AbstractParseTreeVisitor.visitChildren(AbstractParseTreeVisitor.java:46)
	at de.uka.ilkd.key.nparser.KeYParserBaseVisitor.visitDecls(KeYParserBaseVisitor.java:30)
	at de.uka.ilkd.key.nparser.KeYParser$DeclsContext.accept(KeYParser.java:500)
	at org.antlr.v4.runtime.tree.AbstractParseTreeVisitor.visitChildren(AbstractParseTreeVisitor.java:46)
	at de.uka.ilkd.key.nparser.KeYParserBaseVisitor.visitFile(KeYParserBaseVisitor.java:23)
	at de.uka.ilkd.key.nparser.KeYParser$FileContext.accept(KeYParser.java:306)
	at de.uka.ilkd.key.nparser.KeyAst.accept(KeyAst.java:41)
	at de.uka.ilkd.key.nparser.KeyAst$File.getIncludes(KeyAst.java:76)
	at de.uka.ilkd.key.proof.io.KeYFile.readIncludes(KeYFile.java:208)
	... 14 more
Could not find rule file rules/intRulesCheckedSemantics.key (file: /home/runner/work/key/key/key.core/../key.ui/examples/index/.././standard_key/polySimp/simplify23.key; caused by: de.uka.ilkd.key.proof.init.ProofInputException: Could not find rule file rules/intRulesCheckedSemantics.key)
	at de.uka.ilkd.key.control.AbstractUserInterfaceControl.load(AbstractUserInterfaceControl.java:221)
	at de.uka.ilkd.key.control.KeYEnvironment.load(KeYEnvironment.java:251)
	at de.uka.ilkd.key.control.KeYEnvironment.load(KeYEnvironment.java:224)
	at de.uka.ilkd.key.control.KeYEnvironment.load(KeYEnvironment.java:184)
	at de.uka.ilkd.key.control.KeYEnvironment.load(KeYEnvironment.java:261)
	at de.uka.ilkd.key.proof.runallproofs.proofcollection.TestFile.load(TestFile.java:270)
	at de.uka.ilkd.key.proof.runallproofs.proofcollection.TestFile.runKey(TestFile.java:160)
	at de.uka.ilkd.key.proof.runallproofs.proofcollection.ForkedTestFileRunner.main(ForkedTestFileRunner.java:171)
Caused by: de.uka.ilkd.key.proof.init.ProofInputException: Could not find rule file rules/intRulesCheckedSemantics.key
	at de.uka.ilkd.key.proof.io.KeYFile.readIncludes(KeYFile.java:210)
	at de.uka.ilkd.key.proof.init.ProblemInitializer.readIncludes(ProblemInitializer.java:177)
	at de.uka.ilkd.key.proof.init.ProblemInitializer.readEnvInput(ProblemInitializer.java:325)
	at de.uka.ilkd.key.proof.init.ProblemInitializer.prepare(ProblemInitializer.java:449)
	at de.uka.ilkd.key.proof.io.AbstractProblemLoader.createInitConfig(AbstractProblemLoader.java:518)
	at de.uka.ilkd.key.proof.io.AbstractProblemLoader.loadEnvironment(AbstractProblemLoader.java:288)
	at de.uka.ilkd.key.proof.io.AbstractProblemLoader.load(AbstractProblemLoader.java:252)
	at de.uka.ilkd.key.control.AbstractUserInterfaceControl.load(AbstractUserInterfaceControl.java:209)
	... 7 more
Caused by: java.lang.RuntimeException: Could not find rule file rules/intRulesCheckedSemantics.key
	at de.uka.ilkd.key.proof.io.RuleSourceFactory.fromBuiltInRule(RuleSourceFactory.java:32)
	at de.uka.ilkd.key.proof.io.RuleSourceFactory.fromDefaultLocation(RuleSourceFactory.java:21)
	at de.uka.ilkd.key.nparser.builder.IncludeFinder.addInclude(IncludeFinder.java:63)
	at de.uka.ilkd.key.nparser.builder.IncludeFinder.visitOne_include(IncludeFinder.java:43)
	at de.uka.ilkd.key.nparser.builder.IncludeFinder.visitOne_include(IncludeFinder.java:20)
	at de.uka.ilkd.key.nparser.KeYParser$One_includeContext.accept(KeYParser.java:878)
	at de.uka.ilkd.key.nparser.builder.AbstractBuilder.lambda$mapOf$0(AbstractBuilder.java:112)
	at java.base/java.util.stream.ReferencePipeline$3$1.accept(ReferencePipeline.java:195)
	at java.base/java.util.ArrayList$ArrayListSpliterator.forEachRemaining(ArrayList.java:1655)
	at java.base/java.util.stream.AbstractPipeline.copyInto(AbstractPipeline.java:484)
	at java.base/java.util.stream.AbstractPipeline.wrapAndCopyInto(AbstractPipeline.java:474)
	at java.base/java.util.stream.ReduceOps$ReduceOp.evaluateSequential(ReduceOps.java:913)
	at java.base/java.util.stream.AbstractPipeline.evaluate(AbstractPipeline.java:234)
	at java.base/java.util.stream.ReferencePipeline.collect(ReferencePipeline.java:578)
	at de.uka.ilkd.key.nparser.builder.AbstractBuilder.mapOf(AbstractBuilder.java:112)
	at de.uka.ilkd.key.nparser.builder.IncludeFinder.visitOne_include_statement(IncludeFinder.java:35)
	at de.uka.ilkd.key.nparser.builder.IncludeFinder.visitOne_include_statement(IncludeFinder.java:20)
	at de.uka.ilkd.key.nparser.KeYParser$One_include_statementContext.accept(KeYParser.java:802)
	at org.antlr.v4.runtime.tree.AbstractParseTreeVisitor.visitChildren(AbstractParseTreeVisitor.java:46)
	at de.uka.ilkd.key.nparser.KeYParserBaseVisitor.visitDecls(KeYParserBaseVisitor.java:30)
	at de.uka.ilkd.key.nparser.KeYParser$DeclsContext.accept(KeYParser.java:500)
	at org.antlr.v4.runtime.tree.AbstractParseTreeVisitor.visitChildren(AbstractParseTreeVisitor.java:46)
	at de.uka.ilkd.key.nparser.KeYParserBaseVisitor.visitFile(KeYParserBaseVisitor.java:23)
	at de.uka.ilkd.key.nparser.KeYParser$FileContext.accept(KeYParser.java:306)
	at de.uka.ilkd.key.nparser.KeyAst.accept(KeyAst.java:41)
	at de.uka.ilkd.key.nparser.KeyAst$File.getIncludes(KeyAst.java:76)
	at de.uka.ilkd.key.proof.io.KeYFile.readIncludes(KeYFile.java:208)
	... 14 more
Could not find rule file rules/intRulesCheckedSemantics.key (file: /home/runner/work/key/key/key.core/../key.ui/examples/index/.././standard_key/polySimp/simplify24.key; caused by: de.uka.ilkd.key.proof.init.ProofInputException: Could not find rule file rules/intRulesCheckedSemantics.key)
	at de.uka.ilkd.key.control.AbstractUserInterfaceControl.load(AbstractUserInterfaceControl.java:221)
	at de.uka.ilkd.key.control.KeYEnvironment.load(KeYEnvironment.java:251)
	at de.uka.ilkd.key.control.KeYEnvironment.load(KeYEnvironment.java:224)
	at de.uka.ilkd.key.control.KeYEnvironment.load(KeYEnvironment.java:184)
	at de.uka.ilkd.key.control.KeYEnvironment.load(KeYEnvironment.java:261)
	at de.uka.ilkd.key.proof.runallproofs.proofcollection.TestFile.load(TestFile.java:270)
	at de.uka.ilkd.key.proof.runallproofs.proofcollection.TestFile.runKey(TestFile.java:160)
	at de.uka.ilkd.key.proof.runallproofs.proofcollection.ForkedTestFileRunner.main(ForkedTestFileRunner.java:171)
Caused by: de.uka.ilkd.key.proof.init.ProofInputException: Could not find rule file rules/intRulesCheckedSemantics.key
	at de.uka.ilkd.key.proof.io.KeYFile.readIncludes(KeYFile.java:210)
	at de.uka.ilkd.key.proof.init.ProblemInitializer.readIncludes(ProblemInitializer.java:177)
	at de.uka.ilkd.key.proof.init.ProblemInitializer.readEnvInput(ProblemInitializer.java:325)
	at de.uka.ilkd.key.proof.init.ProblemInitializer.prepare(ProblemInitializer.java:449)
	at de.uka.ilkd.key.proof.io.AbstractProblemLoader.createInitConfig(AbstractProblemLoader.java:518)
	at de.uka.ilkd.key.proof.io.AbstractProblemLoader.loadEnvironment(AbstractProblemLoader.java:288)
	at de.uka.ilkd.key.proof.io.AbstractProblemLoader.load(AbstractProblemLoader.java:252)
	at de.uka.ilkd.key.control.AbstractUserInterfaceControl.load(AbstractUserInterfaceControl.java:209)
	... 7 more
Caused by: java.lang.RuntimeException: Could not find rule file rules/intRulesCheckedSemantics.key
	at de.uka.ilkd.key.proof.io.RuleSourceFactory.fromBuiltInRule(RuleSourceFactory.java:32)
	at de.uka.ilkd.key.proof.io.RuleSourceFactory.fromDefaultLocation(RuleSourceFactory.java:21)
	at de.uka.ilkd.key.nparser.builder.IncludeFinder.addInclude(IncludeFinder.java:63)
	at de.uka.ilkd.key.nparser.builder.IncludeFinder.visitOne_include(IncludeFinder.java:43)
	at de.uka.ilkd.key.nparser.builder.IncludeFinder.visitOne_include(IncludeFinder.java:20)
	at de.uka.ilkd.key.nparser.KeYParser$One_includeContext.accept(KeYParser.java:878)
	at de.uka.ilkd.key.nparser.builder.AbstractBuilder.lambda$mapOf$0(AbstractBuilder.java:112)
	at java.base/java.util.stream.ReferencePipeline$3$1.accept(ReferencePipeline.java:195)
	at java.base/java.util.ArrayList$ArrayListSpliterator.forEachRemaining(ArrayList.java:1655)
	at java.base/java.util.stream.AbstractPipeline.copyInto(AbstractPipeline.java:484)
	at java.base/java.util.stream.AbstractPipeline.wrapAndCopyInto(AbstractPipeline.java:474)
	at java.base/java.util.stream.ReduceOps$ReduceOp.evaluateSequential(ReduceOps.java:913)
	at java.base/java.util.stream.AbstractPipeline.evaluate(AbstractPipeline.java:234)
	at java.base/java.util.stream.ReferencePipeline.collect(ReferencePipeline.java:578)
	at de.uka.ilkd.key.nparser.builder.AbstractBuilder.mapOf(AbstractBuilder.java:112)
	at de.uka.ilkd.key.nparser.builder.IncludeFinder.visitOne_include_statement(IncludeFinder.java:35)
	at de.uka.ilkd.key.nparser.builder.IncludeFinder.visitOne_include_statement(IncludeFinder.java:20)
	at de.uka.ilkd.key.nparser.KeYParser$One_include_statementContext.accept(KeYParser.java:802)
	at org.antlr.v4.runtime.tree.AbstractParseTreeVisitor.visitChildren(AbstractParseTreeVisitor.java:46)
	at de.uka.ilkd.key.nparser.KeYParserBaseVisitor.visitDecls(KeYParserBaseVisitor.java:30)
	at de.uka.ilkd.key.nparser.KeYParser$DeclsContext.accept(KeYParser.java:500)
	at org.antlr.v4.runtime.tree.AbstractParseTreeVisitor.visitChildren(AbstractParseTreeVisitor.java:46)
	at de.uka.ilkd.key.nparser.KeYParserBaseVisitor.visitFile(KeYParserBaseVisitor.java:23)
	at de.uka.ilkd.key.nparser.KeYParser$FileContext.accept(KeYParser.java:306)
	at de.uka.ilkd.key.nparser.KeyAst.accept(KeyAst.java:41)
	at de.uka.ilkd.key.nparser.KeyAst$File.getIncludes(KeyAst.java:76)
	at de.uka.ilkd.key.proof.io.KeYFile.readIncludes(KeYFile.java:208)
	... 14 more
Could not find rule file rules/intRulesCheckedSemantics.key (file: /home/runner/work/key/key/key.core/../key.ui/examples/index/.././standard_key/polySimp/simplify25.key; caused by: de.uka.ilkd.key.proof.init.ProofInputException: Could not find rule file rules/intRulesCheckedSemantics.key)
	at de.uka.ilkd.key.control.AbstractUserInterfaceControl.load(AbstractUserInterfaceControl.java:221)
	at de.uka.ilkd.key.control.KeYEnvironment.load(KeYEnvironment.java:251)
	at de.uka.ilkd.key.control.KeYEnvironment.load(KeYEnvironment.java:224)
	at de.uka.ilkd.key.control.KeYEnvironment.load(KeYEnvironment.java:184)
	at de.uka.ilkd.key.control.KeYEnvironment.load(KeYEnvironment.java:261)
	at de.uka.ilkd.key.proof.runallproofs.proofcollection.TestFile.load(TestFile.java:270)
	at de.uka.ilkd.key.proof.runallproofs.proofcollection.TestFile.runKey(TestFile.java:160)
	at de.uka.ilkd.key.proof.runallproofs.proofcollection.ForkedTestFileRunner.main(ForkedTestFileRunner.java:171)
Caused by: de.uka.ilkd.key.proof.init.ProofInputException: Could not find rule file rules/intRulesCheckedSemantics.key
	at de.uka.ilkd.key.proof.io.KeYFile.readIncludes(KeYFile.java:210)
	at de.uka.ilkd.key.proof.init.ProblemInitializer.readIncludes(ProblemInitializer.java:177)
	at de.uka.ilkd.key.proof.init.ProblemInitializer.readEnvInput(ProblemInitializer.java:325)
	at de.uka.ilkd.key.proof.init.ProblemInitializer.prepare(ProblemInitializer.java:449)
	at de.uka.ilkd.key.proof.io.AbstractProblemLoader.createInitConfig(AbstractProblemLoader.java:518)
	at de.uka.ilkd.key.proof.io.AbstractProblemLoader.loadEnvironment(AbstractProblemLoader.java:288)
	at de.uka.ilkd.key.proof.io.AbstractProblemLoader.load(AbstractProblemLoader.java:252)
	at de.uka.ilkd.key.control.AbstractUserInterfaceControl.load(AbstractUserInterfaceControl.java:209)
	... 7 more
Caused by: java.lang.RuntimeException: Could not find rule file rules/intRulesCheckedSemantics.key
	at de.uka.ilkd.key.proof.io.RuleSourceFactory.fromBuiltInRule(RuleSourceFactory.java:32)
	at de.uka.ilkd.key.proof.io.RuleSourceFactory.fromDefaultLocation(RuleSourceFactory.java:21)
	at de.uka.ilkd.key.nparser.builder.IncludeFinder.addInclude(IncludeFinder.java:63)
	at de.uka.ilkd.key.nparser.builder.IncludeFinder.visitOne_include(IncludeFinder.java:43)
	at de.uka.ilkd.key.nparser.builder.IncludeFinder.visitOne_include(IncludeFinder.java:20)
	at de.uka.ilkd.key.nparser.KeYParser$One_includeContext.accept(KeYParser.java:878)
	at de.uka.ilkd.key.nparser.builder.AbstractBuilder.lambda$mapOf$0(AbstractBuilder.java:112)
	at java.base/java.util.stream.ReferencePipeline$3$1.accept(ReferencePipeline.java:195)
	at java.base/java.util.ArrayList$ArrayListSpliterator.forEachRemaining(ArrayList.java:1655)
	at java.base/java.util.stream.AbstractPipeline.copyInto(AbstractPipeline.java:484)
	at java.base/java.util.stream.AbstractPipeline.wrapAndCopyInto(AbstractPipeline.java:474)
	at java.base/java.util.stream.ReduceOps$ReduceOp.evaluateSequential(ReduceOps.java:913)
	at java.base/java.util.stream.AbstractPipeline.evaluate(AbstractPipeline.java:234)
	at java.base/java.util.stream.ReferencePipeline.collect(ReferencePipeline.java:578)
	at de.uka.ilkd.key.nparser.builder.AbstractBuilder.mapOf(AbstractBuilder.java:112)
	at de.uka.ilkd.key.nparser.builder.IncludeFinder.visitOne_include_statement(IncludeFinder.java:35)
	at de.uka.ilkd.key.nparser.builder.IncludeFinder.visitOne_include_statement(IncludeFinder.java:20)
	at de.uka.ilkd.key.nparser.KeYParser$One_include_statementContext.accept(KeYParser.java:802)
	at org.antlr.v4.runtime.tree.AbstractParseTreeVisitor.visitChildren(AbstractParseTreeVisitor.java:46)
	at de.uka.ilkd.key.nparser.KeYParserBaseVisitor.visitDecls(KeYParserBaseVisitor.java:30)
	at de.uka.ilkd.key.nparser.KeYParser$DeclsContext.accept(KeYParser.java:500)
	at org.antlr.v4.runtime.tree.AbstractParseTreeVisitor.visitChildren(AbstractParseTreeVisitor.java:46)
	at de.uka.ilkd.key.nparser.KeYParserBaseVisitor.visitFile(KeYParserBaseVisitor.java:23)
	at de.uka.ilkd.key.nparser.KeYParser$FileContext.accept(KeYParser.java:306)
	at de.uka.ilkd.key.nparser.KeyAst.accept(KeyAst.java:41)
	at de.uka.ilkd.key.nparser.KeyAst$File.getIncludes(KeyAst.java:76)
	at de.uka.ilkd.key.proof.io.KeYFile.readIncludes(KeYFile.java:208)
	... 14 more
Could not find rule file rules/intRulesCheckedSemantics.key (file: /home/runner/work/key/key/key.core/../key.ui/examples/index/.././standard_key/polySimp/simplify3.key; caused by: de.uka.ilkd.key.proof.init.ProofInputException: Could not find rule file rules/intRulesCheckedSemantics.key)
	at de.uka.ilkd.key.control.AbstractUserInterfaceControl.load(AbstractUserInterfaceControl.java:221)
	at de.uka.ilkd.key.control.KeYEnvironment.load(KeYEnvironment.java:251)
	at de.uka.ilkd.key.control.KeYEnvironment.load(KeYEnvironment.java:224)
	at de.uka.ilkd.key.control.KeYEnvironment.load(KeYEnvironment.java:184)
	at de.uka.ilkd.key.control.KeYEnvironment.load(KeYEnvironment.java:261)
	at de.uka.ilkd.key.proof.runallproofs.proofcollection.TestFile.load(TestFile.java:270)
	at de.uka.ilkd.key.proof.runallproofs.proofcollection.TestFile.runKey(TestFile.java:160)
	at de.uka.ilkd.key.proof.runallproofs.proofcollection.ForkedTestFileRunner.main(ForkedTestFileRunner.java:171)
Caused by: de.uka.ilkd.key.proof.init.ProofInputException: Could not find rule file rules/intRulesCheckedSemantics.key
	at de.uka.ilkd.key.proof.io.KeYFile.readIncludes(KeYFile.java:210)
	at de.uka.ilkd.key.proof.init.ProblemInitializer.readIncludes(ProblemInitializer.java:177)
	at de.uka.ilkd.key.proof.init.ProblemInitializer.readEnvInput(ProblemInitializer.java:325)
	at de.uka.ilkd.key.proof.init.ProblemInitializer.prepare(ProblemInitializer.java:449)
	at de.uka.ilkd.key.proof.io.AbstractProblemLoader.createInitConfig(AbstractProblemLoader.java:518)
	at de.uka.ilkd.key.proof.io.AbstractProblemLoader.loadEnvironment(AbstractProblemLoader.java:288)
	at de.uka.ilkd.key.proof.io.AbstractProblemLoader.load(AbstractProblemLoader.java:252)
	at de.uka.ilkd.key.control.AbstractUserInterfaceControl.load(AbstractUserInterfaceControl.java:209)
	... 7 more
Caused by: java.lang.RuntimeException: Could not find rule file rules/intRulesCheckedSemantics.key
	at de.uka.ilkd.key.proof.io.RuleSourceFactory.fromBuiltInRule(RuleSourceFactory.java:32)
	at de.uka.ilkd.key.proof.io.RuleSourceFactory.fromDefaultLocation(RuleSourceFactory.java:21)
	at de.uka.ilkd.key.nparser.builder.IncludeFinder.addInclude(IncludeFinder.java:63)
	at de.uka.ilkd.key.nparser.builder.IncludeFinder.visitOne_include(IncludeFinder.java:43)
	at de.uka.ilkd.key.nparser.builder.IncludeFinder.visitOne_include(IncludeFinder.java:20)
	at de.uka.ilkd.key.nparser.KeYParser$One_includeContext.accept(KeYParser.java:878)
	at de.uka.ilkd.key.nparser.builder.AbstractBuilder.lambda$mapOf$0(AbstractBuilder.java:112)
	at java.base/java.util.stream.ReferencePipeline$3$1.accept(ReferencePipeline.java:195)
	at java.base/java.util.ArrayList$ArrayListSpliterator.forEachRemaining(ArrayList.java:1655)
	at java.base/java.util.stream.AbstractPipeline.copyInto(AbstractPipeline.java:484)
	at java.base/java.util.stream.AbstractPipeline.wrapAndCopyInto(AbstractPipeline.java:474)
	at java.base/java.util.stream.ReduceOps$ReduceOp.evaluateSequential(ReduceOps.java:913)
	at java.base/java.util.stream.AbstractPipeline.evaluate(AbstractPipeline.java:234)
	at java.base/java.util.stream.ReferencePipeline.collect(ReferencePipeline.java:578)
	at de.uka.ilkd.key.nparser.builder.AbstractBuilder.mapOf(AbstractBuilder.java:112)
	at de.uka.ilkd.key.nparser.builder.IncludeFinder.visitOne_include_statement(IncludeFinder.java:35)
	at de.uka.ilkd.key.nparser.builder.IncludeFinder.visitOne_include_statement(IncludeFinder.java:20)
	at de.uka.ilkd.key.nparser.KeYParser$One_include_statementContext.accept(KeYParser.java:802)
	at org.antlr.v4.runtime.tree.AbstractParseTreeVisitor.visitChildren(AbstractParseTreeVisitor.java:46)
	at de.uka.ilkd.key.nparser.KeYParserBaseVisitor.visitDecls(KeYParserBaseVisitor.java:30)
	at de.uka.ilkd.key.nparser.KeYParser$DeclsContext.accept(KeYParser.java:500)
	at org.antlr.v4.runtime.tree.AbstractParseTreeVisitor.visitChildren(AbstractParseTreeVisitor.java:46)
	at de.uka.ilkd.key.nparser.KeYParserBaseVisitor.visitFile(KeYParserBaseVisitor.java:23)
	at de.uka.ilkd.key.nparser.KeYParser$FileContext.accept(KeYParser.java:306)
	at de.uka.ilkd.key.nparser.KeyAst.accept(KeyAst.java:41)
	at de.uka.ilkd.key.nparser.KeyAst$File.getIncludes(KeyAst.java:76)
	at de.uka.ilkd.key.proof.io.KeYFile.readIncludes(KeYFile.java:208)
	... 14 more
Could not find rule file rules/intRulesCheckedSemantics.key (file: /home/runner/work/key/key/key.core/../key.ui/examples/index/.././standard_key/polySimp/simplify4.key; caused by: de.uka.ilkd.key.proof.init.ProofInputException: Could not find rule file rules/intRulesCheckedSemantics.key)
	at de.uka.ilkd.key.control.AbstractUserInterfaceControl.load(AbstractUserInterfaceControl.java:221)
	at de.uka.ilkd.key.control.KeYEnvironment.load(KeYEnvironment.java:251)
	at de.uka.ilkd.key.control.KeYEnvironment.load(KeYEnvironment.java:224)
	at de.uka.ilkd.key.control.KeYEnvironment.load(KeYEnvironment.java:184)
	at de.uka.ilkd.key.control.KeYEnvironment.load(KeYEnvironment.java:261)
	at de.uka.ilkd.key.proof.runallproofs.proofcollection.TestFile.load(TestFile.java:270)
	at de.uka.ilkd.key.proof.runallproofs.proofcollection.TestFile.runKey(TestFile.java:160)
	at de.uka.ilkd.key.proof.runallproofs.proofcollection.ForkedTestFileRunner.main(ForkedTestFileRunner.java:171)
Caused by: de.uka.ilkd.key.proof.init.ProofInputException: Could not find rule file rules/intRulesCheckedSemantics.key
	at de.uka.ilkd.key.proof.io.KeYFile.readIncludes(KeYFile.java:210)
	at de.uka.ilkd.key.proof.init.ProblemInitializer.readIncludes(ProblemInitializer.java:177)
	at de.uka.ilkd.key.proof.init.ProblemInitializer.readEnvInput(ProblemInitializer.java:325)
	at de.uka.ilkd.key.proof.init.ProblemInitializer.prepare(ProblemInitializer.java:449)
	at de.uka.ilkd.key.proof.io.AbstractProblemLoader.createInitConfig(AbstractProblemLoader.java:518)
	at de.uka.ilkd.key.proof.io.AbstractProblemLoader.loadEnvironment(AbstractProblemLoader.java:288)
	at de.uka.ilkd.key.proof.io.AbstractProblemLoader.load(AbstractProblemLoader.java:252)
	at de.uka.ilkd.key.control.AbstractUserInterfaceControl.load(AbstractUserInterfaceControl.java:209)
	... 7 more
Caused by: java.lang.RuntimeException: Could not find rule file rules/intRulesCheckedSemantics.key
	at de.uka.ilkd.key.proof.io.RuleSourceFactory.fromBuiltInRule(RuleSourceFactory.java:32)
	at de.uka.ilkd.key.proof.io.RuleSourceFactory.fromDefaultLocation(RuleSourceFactory.java:21)
	at de.uka.ilkd.key.nparser.builder.IncludeFinder.addInclude(IncludeFinder.java:63)
	at de.uka.ilkd.key.nparser.builder.IncludeFinder.visitOne_include(IncludeFinder.java:43)
	at de.uka.ilkd.key.nparser.builder.IncludeFinder.visitOne_include(IncludeFinder.java:20)
	at de.uka.ilkd.key.nparser.KeYParser$One_includeContext.accept(KeYParser.java:878)
	at de.uka.ilkd.key.nparser.builder.AbstractBuilder.lambda$mapOf$0(AbstractBuilder.java:112)
	at java.base/java.util.stream.ReferencePipeline$3$1.accept(ReferencePipeline.java:195)
	at java.base/java.util.ArrayList$ArrayListSpliterator.forEachRemaining(ArrayList.java:1655)
	at java.base/java.util.stream.AbstractPipeline.copyInto(AbstractPipeline.java:484)
	at java.base/java.util.stream.AbstractPipeline.wrapAndCopyInto(AbstractPipeline.java:474)
	at java.base/java.util.stream.ReduceOps$ReduceOp.evaluateSequential(ReduceOps.java:913)
	at java.base/java.util.stream.AbstractPipeline.evaluate(AbstractPipeline.java:234)
	at java.base/java.util.stream.ReferencePipeline.collect(ReferencePipeline.java:578)
	at de.uka.ilkd.key.nparser.builder.AbstractBuilder.mapOf(AbstractBuilder.java:112)
	at de.uka.ilkd.key.nparser.builder.IncludeFinder.visitOne_include_statement(IncludeFinder.java:35)
	at de.uka.ilkd.key.nparser.builder.IncludeFinder.visitOne_include_statement(IncludeFinder.java:20)
	at de.uka.ilkd.key.nparser.KeYParser$One_include_statementContext.accept(KeYParser.java:802)
	at org.antlr.v4.runtime.tree.AbstractParseTreeVisitor.visitChildren(AbstractParseTreeVisitor.java:46)
	at de.uka.ilkd.key.nparser.KeYParserBaseVisitor.visitDecls(KeYParserBaseVisitor.java:30)
	at de.uka.ilkd.key.nparser.KeYParser$DeclsContext.accept(KeYParser.java:500)
	at org.antlr.v4.runtime.tree.AbstractParseTreeVisitor.visitChildren(AbstractParseTreeVisitor.java:46)
	at de.uka.ilkd.key.nparser.KeYParserBaseVisitor.visitFile(KeYParserBaseVisitor.java:23)
	at de.uka.ilkd.key.nparser.KeYParser$FileContext.accept(KeYParser.java:306)
	at de.uka.ilkd.key.nparser.KeyAst.accept(KeyAst.java:41)
	at de.uka.ilkd.key.nparser.KeyAst$File.getIncludes(KeyAst.java:76)
	at de.uka.ilkd.key.proof.io.KeYFile.readIncludes(KeYFile.java:208)
	... 14 more
Could not find rule file rules/intRulesCheckedSemantics.key (file: /home/runner/work/key/key/key.core/../key.ui/examples/index/.././standard_key/polySimp/simplify5.key; caused by: de.uka.ilkd.key.proof.init.ProofInputException: Could not find rule file rules/intRulesCheckedSemantics.key)
	at de.uka.ilkd.key.control.AbstractUserInterfaceControl.load(AbstractUserInterfaceControl.java:221)
	at de.uka.ilkd.key.control.KeYEnvironment.load(KeYEnvironment.java:251)
	at de.uka.ilkd.key.control.KeYEnvironment.load(KeYEnvironment.java:224)
	at de.uka.ilkd.key.control.KeYEnvironment.load(KeYEnvironment.java:184)
	at de.uka.ilkd.key.control.KeYEnvironment.load(KeYEnvironment.java:261)
	at de.uka.ilkd.key.proof.runallproofs.proofcollection.TestFile.load(TestFile.java:270)
	at de.uka.ilkd.key.proof.runallproofs.proofcollection.TestFile.runKey(TestFile.java:160)
	at de.uka.ilkd.key.proof.runallproofs.proofcollection.ForkedTestFileRunner.main(ForkedTestFileRunner.java:171)
Caused by: de.uka.ilkd.key.proof.init.ProofInputException: Could not find rule file rules/intRulesCheckedSemantics.key
	at de.uka.ilkd.key.proof.io.KeYFile.readIncludes(KeYFile.java:210)
	at de.uka.ilkd.key.proof.init.ProblemInitializer.readIncludes(ProblemInitializer.java:177)
	at de.uka.ilkd.key.proof.init.ProblemInitializer.readEnvInput(ProblemInitializer.java:325)
	at de.uka.ilkd.key.proof.init.ProblemInitializer.prepare(ProblemInitializer.java:449)
	at de.uka.ilkd.key.proof.io.AbstractProblemLoader.createInitConfig(AbstractProblemLoader.java:518)
	at de.uka.ilkd.key.proof.io.AbstractProblemLoader.loadEnvironment(AbstractProblemLoader.java:288)
	at de.uka.ilkd.key.proof.io.AbstractProblemLoader.load(AbstractProblemLoader.java:252)
	at de.uka.ilkd.key.control.AbstractUserInterfaceControl.load(AbstractUserInterfaceControl.java:209)
	... 7 more
Caused by: java.lang.RuntimeException: Could not find rule file rules/intRulesCheckedSemantics.key
	at de.uka.ilkd.key.proof.io.RuleSourceFactory.fromBuiltInRule(RuleSourceFactory.java:32)
	at de.uka.ilkd.key.proof.io.RuleSourceFactory.fromDefaultLocation(RuleSourceFactory.java:21)
	at de.uka.ilkd.key.nparser.builder.IncludeFinder.addInclude(IncludeFinder.java:63)
	at de.uka.ilkd.key.nparser.builder.IncludeFinder.visitOne_include(IncludeFinder.java:43)
	at de.uka.ilkd.key.nparser.builder.IncludeFinder.visitOne_include(IncludeFinder.java:20)
	at de.uka.ilkd.key.nparser.KeYParser$One_includeContext.accept(KeYParser.java:878)
	at de.uka.ilkd.key.nparser.builder.AbstractBuilder.lambda$mapOf$0(AbstractBuilder.java:112)
	at java.base/java.util.stream.ReferencePipeline$3$1.accept(ReferencePipeline.java:195)
	at java.base/java.util.ArrayList$ArrayListSpliterator.forEachRemaining(ArrayList.java:1655)
	at java.base/java.util.stream.AbstractPipeline.copyInto(AbstractPipeline.java:484)
	at java.base/java.util.stream.AbstractPipeline.wrapAndCopyInto(AbstractPipeline.java:474)
	at java.base/java.util.stream.ReduceOps$ReduceOp.evaluateSequential(ReduceOps.java:913)
	at java.base/java.util.stream.AbstractPipeline.evaluate(AbstractPipeline.java:234)
	at java.base/java.util.stream.ReferencePipeline.collect(ReferencePipeline.java:578)
	at de.uka.ilkd.key.nparser.builder.AbstractBuilder.mapOf(AbstractBuilder.java:112)
	at de.uka.ilkd.key.nparser.builder.IncludeFinder.visitOne_include_statement(IncludeFinder.java:35)
	at de.uka.ilkd.key.nparser.builder.IncludeFinder.visitOne_include_statement(IncludeFinder.java:20)
	at de.uka.ilkd.key.nparser.KeYParser$One_include_statementContext.accept(KeYParser.java:802)
	at org.antlr.v4.runtime.tree.AbstractParseTreeVisitor.visitChildren(AbstractParseTreeVisitor.java:46)
	at de.uka.ilkd.key.nparser.KeYParserBaseVisitor.visitDecls(KeYParserBaseVisitor.java:30)
	at de.uka.ilkd.key.nparser.KeYParser$DeclsContext.accept(KeYParser.java:500)
	at org.antlr.v4.runtime.tree.AbstractParseTreeVisitor.visitChildren(AbstractParseTreeVisitor.java:46)
	at de.uka.ilkd.key.nparser.KeYParserBaseVisitor.visitFile(KeYParserBaseVisitor.java:23)
	at de.uka.ilkd.key.nparser.KeYParser$FileContext.accept(KeYParser.java:306)
	at de.uka.ilkd.key.nparser.KeyAst.accept(KeyAst.java:41)
	at de.uka.ilkd.key.nparser.KeyAst$File.getIncludes(KeyAst.java:76)
	at de.uka.ilkd.key.proof.io.KeYFile.readIncludes(KeYFile.java:208)
	... 14 more
Could not find rule file rules/intRulesCheckedSemantics.key (file: /home/runner/work/key/key/key.core/../key.ui/examples/index/.././standard_key/polySimp/simplify6.key; caused by: de.uka.ilkd.key.proof.init.ProofInputException: Could not find rule file rules/intRulesCheckedSemantics.key)
	at de.uka.ilkd.key.control.AbstractUserInterfaceControl.load(AbstractUserInterfaceControl.java:221)
	at de.uka.ilkd.key.control.KeYEnvironment.load(KeYEnvironment.java:251)
	at de.uka.ilkd.key.control.KeYEnvironment.load(KeYEnvironment.java:224)
	at de.uka.ilkd.key.control.KeYEnvironment.load(KeYEnvironment.java:184)
	at de.uka.ilkd.key.control.KeYEnvironment.load(KeYEnvironment.java:261)
	at de.uka.ilkd.key.proof.runallproofs.proofcollection.TestFile.load(TestFile.java:270)
	at de.uka.ilkd.key.proof.runallproofs.proofcollection.TestFile.runKey(TestFile.java:160)
	at de.uka.ilkd.key.proof.runallproofs.proofcollection.ForkedTestFileRunner.main(ForkedTestFileRunner.java:171)
Caused by: de.uka.ilkd.key.proof.init.ProofInputException: Could not find rule file rules/intRulesCheckedSemantics.key
	at de.uka.ilkd.key.proof.io.KeYFile.readIncludes(KeYFile.java:210)
	at de.uka.ilkd.key.proof.init.ProblemInitializer.readIncludes(ProblemInitializer.java:177)
	at de.uka.ilkd.key.proof.init.ProblemInitializer.readEnvInput(ProblemInitializer.java:325)
	at de.uka.ilkd.key.proof.init.ProblemInitializer.prepare(ProblemInitializer.java:449)
	at de.uka.ilkd.key.proof.io.AbstractProblemLoader.createInitConfig(AbstractProblemLoader.java:518)
	at de.uka.ilkd.key.proof.io.AbstractProblemLoader.loadEnvironment(AbstractProblemLoader.java:288)
	at de.uka.ilkd.key.proof.io.AbstractProblemLoader.load(AbstractProblemLoader.java:252)
	at de.uka.ilkd.key.control.AbstractUserInterfaceControl.load(AbstractUserInterfaceControl.java:209)
	... 7 more
Caused by: java.lang.RuntimeException: Could not find rule file rules/intRulesCheckedSemantics.key
	at de.uka.ilkd.key.proof.io.RuleSourceFactory.fromBuiltInRule(RuleSourceFactory.java:32)
	at de.uka.ilkd.key.proof.io.RuleSourceFactory.fromDefaultLocation(RuleSourceFactory.java:21)
	at de.uka.ilkd.key.nparser.builder.IncludeFinder.addInclude(IncludeFinder.java:63)
	at de.uka.ilkd.key.nparser.builder.IncludeFinder.visitOne_include(IncludeFinder.java:43)
	at de.uka.ilkd.key.nparser.builder.IncludeFinder.visitOne_include(IncludeFinder.java:20)
	at de.uka.ilkd.key.nparser.KeYParser$One_includeContext.accept(KeYParser.java:878)
	at de.uka.ilkd.key.nparser.builder.AbstractBuilder.lambda$mapOf$0(AbstractBuilder.java:112)
	at java.base/java.util.stream.ReferencePipeline$3$1.accept(ReferencePipeline.java:195)
	at java.base/java.util.ArrayList$ArrayListSpliterator.forEachRemaining(ArrayList.java:1655)
	at java.base/java.util.stream.AbstractPipeline.copyInto(AbstractPipeline.java:484)
	at java.base/java.util.stream.AbstractPipeline.wrapAndCopyInto(AbstractPipeline.java:474)
	at java.base/java.util.stream.ReduceOps$ReduceOp.evaluateSequential(ReduceOps.java:913)
	at java.base/java.util.stream.AbstractPipeline.evaluate(AbstractPipeline.java:234)
	at java.base/java.util.stream.ReferencePipeline.collect(ReferencePipeline.java:578)
	at de.uka.ilkd.key.nparser.builder.AbstractBuilder.mapOf(AbstractBuilder.java:112)
	at de.uka.ilkd.key.nparser.builder.IncludeFinder.visitOne_include_statement(IncludeFinder.java:35)
	at de.uka.ilkd.key.nparser.builder.IncludeFinder.visitOne_include_statement(IncludeFinder.java:20)
	at de.uka.ilkd.key.nparser.KeYParser$One_include_statementContext.accept(KeYParser.java:802)
	at org.antlr.v4.runtime.tree.AbstractParseTreeVisitor.visitChildren(AbstractParseTreeVisitor.java:46)
	at de.uka.ilkd.key.nparser.KeYParserBaseVisitor.visitDecls(KeYParserBaseVisitor.java:30)
	at de.uka.ilkd.key.nparser.KeYParser$DeclsContext.accept(KeYParser.java:500)
	at org.antlr.v4.runtime.tree.AbstractParseTreeVisitor.visitChildren(AbstractParseTreeVisitor.java:46)
	at de.uka.ilkd.key.nparser.KeYParserBaseVisitor.visitFile(KeYParserBaseVisitor.java:23)
	at de.uka.ilkd.key.nparser.KeYParser$FileContext.accept(KeYParser.java:306)
	at de.uka.ilkd.key.nparser.KeyAst.accept(KeyAst.java:41)
	at de.uka.ilkd.key.nparser.KeyAst$File.getIncludes(KeyAst.java:76)
	at de.uka.ilkd.key.proof.io.KeYFile.readIncludes(KeYFile.java:208)
	... 14 more
Could not find rule file rules/intRulesCheckedSemantics.key (file: /home/runner/work/key/key/key.core/../key.ui/examples/index/.././standard_key/polySimp/simplify7.key; caused by: de.uka.ilkd.key.proof.init.ProofInputException: Could not find rule file rules/intRulesCheckedSemantics.key)
	at de.uka.ilkd.key.control.AbstractUserInterfaceControl.load(AbstractUserInterfaceControl.java:221)
	at de.uka.ilkd.key.control.KeYEnvironment.load(KeYEnvironment.java:251)
	at de.uka.ilkd.key.control.KeYEnvironment.load(KeYEnvironment.java:224)
	at de.uka.ilkd.key.control.KeYEnvironment.load(KeYEnvironment.java:184)
	at de.uka.ilkd.key.control.KeYEnvironment.load(KeYEnvironment.java:261)
	at de.uka.ilkd.key.proof.runallproofs.proofcollection.TestFile.load(TestFile.java:270)
	at de.uka.ilkd.key.proof.runallproofs.proofcollection.TestFile.runKey(TestFile.java:160)
	at de.uka.ilkd.key.proof.runallproofs.proofcollection.ForkedTestFileRunner.main(ForkedTestFileRunner.java:171)
Caused by: de.uka.ilkd.key.proof.init.ProofInputException: Could not find rule file rules/intRulesCheckedSemantics.key
	at de.uka.ilkd.key.proof.io.KeYFile.readIncludes(KeYFile.java:210)
	at de.uka.ilkd.key.proof.init.ProblemInitializer.readIncludes(ProblemInitializer.java:177)
	at de.uka.ilkd.key.proof.init.ProblemInitializer.readEnvInput(ProblemInitializer.java:325)
	at de.uka.ilkd.key.proof.init.ProblemInitializer.prepare(ProblemInitializer.java:449)
	at de.uka.ilkd.key.proof.io.AbstractProblemLoader.createInitConfig(AbstractProblemLoader.java:518)
	at de.uka.ilkd.key.proof.io.AbstractProblemLoader.loadEnvironment(AbstractProblemLoader.java:288)
	at de.uka.ilkd.key.proof.io.AbstractProblemLoader.load(AbstractProblemLoader.java:252)
	at de.uka.ilkd.key.control.AbstractUserInterfaceControl.load(AbstractUserInterfaceControl.java:209)
	... 7 more
Caused by: java.lang.RuntimeException: Could not find rule file rules/intRulesCheckedSemantics.key
	at de.uka.ilkd.key.proof.io.RuleSourceFactory.fromBuiltInRule(RuleSourceFactory.java:32)
	at de.uka.ilkd.key.proof.io.RuleSourceFactory.fromDefaultLocation(RuleSourceFactory.java:21)
	at de.uka.ilkd.key.nparser.builder.IncludeFinder.addInclude(IncludeFinder.java:63)
	at de.uka.ilkd.key.nparser.builder.IncludeFinder.visitOne_include(IncludeFinder.java:43)
	at de.uka.ilkd.key.nparser.builder.IncludeFinder.visitOne_include(IncludeFinder.java:20)
	at de.uka.ilkd.key.nparser.KeYParser$One_includeContext.accept(KeYParser.java:878)
	at de.uka.ilkd.key.nparser.builder.AbstractBuilder.lambda$mapOf$0(AbstractBuilder.java:112)
	at java.base/java.util.stream.ReferencePipeline$3$1.accept(ReferencePipeline.java:195)
	at java.base/java.util.ArrayList$ArrayListSpliterator.forEachRemaining(ArrayList.java:1655)
	at java.base/java.util.stream.AbstractPipeline.copyInto(AbstractPipeline.java:484)
	at java.base/java.util.stream.AbstractPipeline.wrapAndCopyInto(AbstractPipeline.java:474)
	at java.base/java.util.stream.ReduceOps$ReduceOp.evaluateSequential(ReduceOps.java:913)
	at java.base/java.util.stream.AbstractPipeline.evaluate(AbstractPipeline.java:234)
	at java.base/java.util.stream.ReferencePipeline.collect(ReferencePipeline.java:578)
	at de.uka.ilkd.key.nparser.builder.AbstractBuilder.mapOf(AbstractBuilder.java:112)
	at de.uka.ilkd.key.nparser.builder.IncludeFinder.visitOne_include_statement(IncludeFinder.java:35)
	at de.uka.ilkd.key.nparser.builder.IncludeFinder.visitOne_include_statement(IncludeFinder.java:20)
	at de.uka.ilkd.key.nparser.KeYParser$One_include_statementContext.accept(KeYParser.java:802)
	at org.antlr.v4.runtime.tree.AbstractParseTreeVisitor.visitChildren(AbstractParseTreeVisitor.java:46)
	at de.uka.ilkd.key.nparser.KeYParserBaseVisitor.visitDecls(KeYParserBaseVisitor.java:30)
	at de.uka.ilkd.key.nparser.KeYParser$DeclsContext.accept(KeYParser.java:500)
	at org.antlr.v4.runtime.tree.AbstractParseTreeVisitor.visitChildren(AbstractParseTreeVisitor.java:46)
	at de.uka.ilkd.key.nparser.KeYParserBaseVisitor.visitFile(KeYParserBaseVisitor.java:23)
	at de.uka.ilkd.key.nparser.KeYParser$FileContext.accept(KeYParser.java:306)
	at de.uka.ilkd.key.nparser.KeyAst.accept(KeyAst.java:41)
	at de.uka.ilkd.key.nparser.KeyAst$File.getIncludes(KeyAst.java:76)
	at de.uka.ilkd.key.proof.io.KeYFile.readIncludes(KeYFile.java:208)
	... 14 more
Could not find rule file rules/intRulesCheckedSemantics.key (file: /home/runner/work/key/key/key.core/../key.ui/examples/index/.././standard_key/polySimp/simplify8.key; caused by: de.uka.ilkd.key.proof.init.ProofInputException: Could not find rule file rules/intRulesCheckedSemantics.key)
	at de.uka.ilkd.key.control.AbstractUserInterfaceControl.load(AbstractUserInterfaceControl.java:221)
	at de.uka.ilkd.key.control.KeYEnvironment.load(KeYEnvironment.java:251)
	at de.uka.ilkd.key.control.KeYEnvironment.load(KeYEnvironment.java:224)
	at de.uka.ilkd.key.control.KeYEnvironment.load(KeYEnvironment.java:184)
	at de.uka.ilkd.key.control.KeYEnvironment.load(KeYEnvironment.java:261)
	at de.uka.ilkd.key.proof.runallproofs.proofcollection.TestFile.load(TestFile.java:270)
	at de.uka.ilkd.key.proof.runallproofs.proofcollection.TestFile.runKey(TestFile.java:160)
	at de.uka.ilkd.key.proof.runallproofs.proofcollection.ForkedTestFileRunner.main(ForkedTestFileRunner.java:171)
Caused by: de.uka.ilkd.key.proof.init.ProofInputException: Could not find rule file rules/intRulesCheckedSemantics.key
	at de.uka.ilkd.key.proof.io.KeYFile.readIncludes(KeYFile.java:210)
	at de.uka.ilkd.key.proof.init.ProblemInitializer.readIncludes(ProblemInitializer.java:177)
	at de.uka.ilkd.key.proof.init.ProblemInitializer.readEnvInput(ProblemInitializer.java:325)
	at de.uka.ilkd.key.proof.init.ProblemInitializer.prepare(ProblemInitializer.java:449)
	at de.uka.ilkd.key.proof.io.AbstractProblemLoader.createInitConfig(AbstractProblemLoader.java:518)
	at de.uka.ilkd.key.proof.io.AbstractProblemLoader.loadEnvironment(AbstractProblemLoader.java:288)
	at de.uka.ilkd.key.proof.io.AbstractProblemLoader.load(AbstractProblemLoader.java:252)
	at de.uka.ilkd.key.control.AbstractUserInterfaceControl.load(AbstractUserInterfaceControl.java:209)
	... 7 more
Caused by: java.lang.RuntimeException: Could not find rule file rules/intRulesCheckedSemantics.key
	at de.uka.ilkd.key.proof.io.RuleSourceFactory.fromBuiltInRule(RuleSourceFactory.java:32)
	at de.uka.ilkd.key.proof.io.RuleSourceFactory.fromDefaultLocation(RuleSourceFactory.java:21)
	at de.uka.ilkd.key.nparser.builder.IncludeFinder.addInclude(IncludeFinder.java:63)
	at de.uka.ilkd.key.nparser.builder.IncludeFinder.visitOne_include(IncludeFinder.java:43)
	at de.uka.ilkd.key.nparser.builder.IncludeFinder.visitOne_include(IncludeFinder.java:20)
	at de.uka.ilkd.key.nparser.KeYParser$One_includeContext.accept(KeYParser.java:878)
	at de.uka.ilkd.key.nparser.builder.AbstractBuilder.lambda$mapOf$0(AbstractBuilder.java:112)
	at java.base/java.util.stream.ReferencePipeline$3$1.accept(ReferencePipeline.java:195)
	at java.base/java.util.ArrayList$ArrayListSpliterator.forEachRemaining(ArrayList.java:1655)
	at java.base/java.util.stream.AbstractPipeline.copyInto(AbstractPipeline.java:484)
	at java.base/java.util.stream.AbstractPipeline.wrapAndCopyInto(AbstractPipeline.java:474)
	at java.base/java.util.stream.ReduceOps$ReduceOp.evaluateSequential(ReduceOps.java:913)
	at java.base/java.util.stream.AbstractPipeline.evaluate(AbstractPipeline.java:234)
	at java.base/java.util.stream.ReferencePipeline.collect(ReferencePipeline.java:578)
	at de.uka.ilkd.key.nparser.builder.AbstractBuilder.mapOf(AbstractBuilder.java:112)
	at de.uka.ilkd.key.nparser.builder.IncludeFinder.visitOne_include_statement(IncludeFinder.java:35)
	at de.uka.ilkd.key.nparser.builder.IncludeFinder.visitOne_include_statement(IncludeFinder.java:20)
	at de.uka.ilkd.key.nparser.KeYParser$One_include_statementContext.accept(KeYParser.java:802)
	at org.antlr.v4.runtime.tree.AbstractParseTreeVisitor.visitChildren(AbstractParseTreeVisitor.java:46)
	at de.uka.ilkd.key.nparser.KeYParserBaseVisitor.visitDecls(KeYParserBaseVisitor.java:30)
	at de.uka.ilkd.key.nparser.KeYParser$DeclsContext.accept(KeYParser.java:500)
	at org.antlr.v4.runtime.tree.AbstractParseTreeVisitor.visitChildren(AbstractParseTreeVisitor.java:46)
	at de.uka.ilkd.key.nparser.KeYParserBaseVisitor.visitFile(KeYParserBaseVisitor.java:23)
	at de.uka.ilkd.key.nparser.KeYParser$FileContext.accept(KeYParser.java:306)
	at de.uka.ilkd.key.nparser.KeyAst.accept(KeyAst.java:41)
	at de.uka.ilkd.key.nparser.KeyAst$File.getIncludes(KeyAst.java:76)
	at de.uka.ilkd.key.proof.io.KeYFile.readIncludes(KeYFile.java:208)
	... 14 more
Could not find rule file rules/intRulesCheckedSemantics.key (file: /home/runner/work/key/key/key.core/../key.ui/examples/index/.././standard_key/polySimp/simplify9.key; caused by: de.uka.ilkd.key.proof.init.ProofInputException: Could not find rule file rules/intRulesCheckedSemantics.key)
	at de.uka.ilkd.key.control.AbstractUserInterfaceControl.load(AbstractUserInterfaceControl.java:221)
	at de.uka.ilkd.key.control.KeYEnvironment.load(KeYEnvironment.java:251)
	at de.uka.ilkd.key.control.KeYEnvironment.load(KeYEnvironment.java:224)
	at de.uka.ilkd.key.control.KeYEnvironment.load(KeYEnvironment.java:184)
	at de.uka.ilkd.key.control.KeYEnvironment.load(KeYEnvironment.java:261)
	at de.uka.ilkd.key.proof.runallproofs.proofcollection.TestFile.load(TestFile.java:270)
	at de.uka.ilkd.key.proof.runallproofs.proofcollection.TestFile.runKey(TestFile.java:160)
	at de.uka.ilkd.key.proof.runallproofs.proofcollection.ForkedTestFileRunner.main(ForkedTestFileRunner.java:171)
Caused by: de.uka.ilkd.key.proof.init.ProofInputException: Could not find rule file rules/intRulesCheckedSemantics.key
	at de.uka.ilkd.key.proof.io.KeYFile.readIncludes(KeYFile.java:210)
	at de.uka.ilkd.key.proof.init.ProblemInitializer.readIncludes(ProblemInitializer.java:177)
	at de.uka.ilkd.key.proof.init.ProblemInitializer.readEnvInput(ProblemInitializer.java:325)
	at de.uka.ilkd.key.proof.init.ProblemInitializer.prepare(ProblemInitializer.java:449)
	at de.uka.ilkd.key.proof.io.AbstractProblemLoader.createInitConfig(AbstractProblemLoader.java:518)
	at de.uka.ilkd.key.proof.io.AbstractProblemLoader.loadEnvironment(AbstractProblemLoader.java:288)
	at de.uka.ilkd.key.proof.io.AbstractProblemLoader.load(AbstractProblemLoader.java:252)
	at de.uka.ilkd.key.control.AbstractUserInterfaceControl.load(AbstractUserInterfaceControl.java:209)
	... 7 more
Caused by: java.lang.RuntimeException: Could not find rule file rules/intRulesCheckedSemantics.key
	at de.uka.ilkd.key.proof.io.RuleSourceFactory.fromBuiltInRule(RuleSourceFactory.java:32)
	at de.uka.ilkd.key.proof.io.RuleSourceFactory.fromDefaultLocation(RuleSourceFactory.java:21)
	at de.uka.ilkd.key.nparser.builder.IncludeFinder.addInclude(IncludeFinder.java:63)
	at de.uka.ilkd.key.nparser.builder.IncludeFinder.visitOne_include(IncludeFinder.java:43)
	at de.uka.ilkd.key.nparser.builder.IncludeFinder.visitOne_include(IncludeFinder.java:20)
	at de.uka.ilkd.key.nparser.KeYParser$One_includeContext.accept(KeYParser.java:878)
	at de.uka.ilkd.key.nparser.builder.AbstractBuilder.lambda$mapOf$0(AbstractBuilder.java:112)
	at java.base/java.util.stream.ReferencePipeline$3$1.accept(ReferencePipeline.java:195)
	at java.base/java.util.ArrayList$ArrayListSpliterator.forEachRemaining(ArrayList.java:1655)
	at java.base/java.util.stream.AbstractPipeline.copyInto(AbstractPipeline.java:484)
	at java.base/java.util.stream.AbstractPipeline.wrapAndCopyInto(AbstractPipeline.java:474)
	at java.base/java.util.stream.ReduceOps$ReduceOp.evaluateSequential(ReduceOps.java:913)
	at java.base/java.util.stream.AbstractPipeline.evaluate(AbstractPipeline.java:234)
	at java.base/java.util.stream.ReferencePipeline.collect(ReferencePipeline.java:578)
	at de.uka.ilkd.key.nparser.builder.AbstractBuilder.mapOf(AbstractBuilder.java:112)
	at de.uka.ilkd.key.nparser.builder.IncludeFinder.visitOne_include_statement(IncludeFinder.java:35)
	at de.uka.ilkd.key.nparser.builder.IncludeFinder.visitOne_include_statement(IncludeFinder.java:20)
	at de.uka.ilkd.key.nparser.KeYParser$One_include_statementContext.accept(KeYParser.java:802)
	at org.antlr.v4.runtime.tree.AbstractParseTreeVisitor.visitChildren(AbstractParseTreeVisitor.java:46)
	at de.uka.ilkd.key.nparser.KeYParserBaseVisitor.visitDecls(KeYParserBaseVisitor.java:30)
	at de.uka.ilkd.key.nparser.KeYParser$DeclsContext.accept(KeYParser.java:500)
	at org.antlr.v4.runtime.tree.AbstractParseTreeVisitor.visitChildren(AbstractParseTreeVisitor.java:46)
	at de.uka.ilkd.key.nparser.KeYParserBaseVisitor.visitFile(KeYParserBaseVisitor.java:23)
	at de.uka.ilkd.key.nparser.KeYParser$FileContext.accept(KeYParser.java:306)
	at de.uka.ilkd.key.nparser.KeyAst.accept(KeyAst.java:41)
	at de.uka.ilkd.key.nparser.KeyAst$File.getIncludes(KeyAst.java:76)
	at de.uka.ilkd.key.proof.io.KeYFile.readIncludes(KeYFile.java:208)
	... 14 more
Exception in thread "main" org.opentest4j.AssertionFailedError: Exception during the execution of proofs. See log for more details.
	at org.junit.jupiter.api.AssertionUtils.fail(AssertionUtils.java:39)
	at org.junit.jupiter.api.Assertions.fail(Assertions.java:134)
	at de.uka.ilkd.key.proof.runallproofs.proofcollection.ForkedTestFileRunner.main(ForkedTestFileRunner.java:192)
Timeout watcher launched (2000 secs.)
Could not find rule file rules/intRulesCheckedSemantics.key (file: /home/runner/work/key/key/key.core/../key.ui/examples/index/.././standard_key/arrays/arrayStoreException/array2DimPrim.key; caused by: de.uka.ilkd.key.proof.init.ProofInputException: Could not find rule file rules/intRulesCheckedSemantics.key)
	at de.uka.ilkd.key.control.AbstractUserInterfaceControl.load(AbstractUserInterfaceControl.java:221)
	at de.uka.ilkd.key.control.KeYEnvironment.load(KeYEnvironment.java:251)
	at de.uka.ilkd.key.control.KeYEnvironment.load(KeYEnvironment.java:224)
	at de.uka.ilkd.key.control.KeYEnvironment.load(KeYEnvironment.java:184)
	at de.uka.ilkd.key.control.KeYEnvironment.load(KeYEnvironment.java:261)
	at de.uka.ilkd.key.proof.runallproofs.proofcollection.TestFile.load(TestFile.java:270)
	at de.uka.ilkd.key.proof.runallproofs.proofcollection.TestFile.runKey(TestFile.java:160)
	at de.uka.ilkd.key.proof.runallproofs.proofcollection.ForkedTestFileRunner.main(ForkedTestFileRunner.java:171)
Caused by: de.uka.ilkd.key.proof.init.ProofInputException: Could not find rule file rules/intRulesCheckedSemantics.key
	at de.uka.ilkd.key.proof.io.KeYFile.readIncludes(KeYFile.java:210)
	at de.uka.ilkd.key.proof.init.ProblemInitializer.readIncludes(ProblemInitializer.java:177)
	at de.uka.ilkd.key.proof.init.ProblemInitializer.readEnvInput(ProblemInitializer.java:325)
	at de.uka.ilkd.key.proof.init.ProblemInitializer.prepare(ProblemInitializer.java:449)
	at de.uka.ilkd.key.proof.io.AbstractProblemLoader.createInitConfig(AbstractProblemLoader.java:518)
	at de.uka.ilkd.key.proof.io.AbstractProblemLoader.loadEnvironment(AbstractProblemLoader.java:288)
	at de.uka.ilkd.key.proof.io.AbstractProblemLoader.load(AbstractProblemLoader.java:252)
	at de.uka.ilkd.key.control.AbstractUserInterfaceControl.load(AbstractUserInterfaceControl.java:209)
	... 7 more
Caused by: java.lang.RuntimeException: Could not find rule file rules/intRulesCheckedSemantics.key
	at de.uka.ilkd.key.proof.io.RuleSourceFactory.fromBuiltInRule(RuleSourceFactory.java:32)
	at de.uka.ilkd.key.proof.io.RuleSourceFactory.fromDefaultLocation(RuleSourceFactory.java:21)
	at de.uka.ilkd.key.nparser.builder.IncludeFinder.addInclude(IncludeFinder.java:63)
	at de.uka.ilkd.key.nparser.builder.IncludeFinder.visitOne_include(IncludeFinder.java:43)
	at de.uka.ilkd.key.nparser.builder.IncludeFinder.visitOne_include(IncludeFinder.java:20)
	at de.uka.ilkd.key.nparser.KeYParser$One_includeContext.accept(KeYParser.java:878)
	at de.uka.ilkd.key.nparser.builder.AbstractBuilder.lambda$mapOf$0(AbstractBuilder.java:112)
	at java.base/java.util.stream.ReferencePipeline$3$1.accept(ReferencePipeline.java:195)
	at java.base/java.util.ArrayList$ArrayListSpliterator.forEachRemaining(ArrayList.java:1655)
	at java.base/java.util.stream.AbstractPipeline.copyInto(AbstractPipeline.java:484)
	at java.base/java.util.stream.AbstractPipeline.wrapAndCopyInto(AbstractPipeline.java:474)
	at java.base/java.util.stream.ReduceOps$ReduceOp.evaluateSequential(ReduceOps.java:913)
	at java.base/java.util.stream.AbstractPipeline.evaluate(AbstractPipeline.java:234)
	at java.base/java.util.stream.ReferencePipeline.collect(ReferencePipeline.java:578)
	at de.uka.ilkd.key.nparser.builder.AbstractBuilder.mapOf(AbstractBuilder.java:112)
	at de.uka.ilkd.key.nparser.builder.IncludeFinder.visitOne_include_statement(IncludeFinder.java:35)
	at de.uka.ilkd.key.nparser.builder.IncludeFinder.visitOne_include_statement(IncludeFinder.java:20)
	at de.uka.ilkd.key.nparser.KeYParser$One_include_statementContext.accept(KeYParser.java:802)
	at org.antlr.v4.runtime.tree.AbstractParseTreeVisitor.visitChildren(AbstractParseTreeVisitor.java:46)
	at de.uka.ilkd.key.nparser.KeYParserBaseVisitor.visitDecls(KeYParserBaseVisitor.java:30)
	at de.uka.ilkd.key.nparser.KeYParser$DeclsContext.accept(KeYParser.java:500)
	at org.antlr.v4.runtime.tree.AbstractParseTreeVisitor.visitChildren(AbstractParseTreeVisitor.java:46)
	at de.uka.ilkd.key.nparser.KeYParserBaseVisitor.visitFile(KeYParserBaseVisitor.java:23)
	at de.uka.ilkd.key.nparser.KeYParser$FileContext.accept(KeYParser.java:306)
	at de.uka.ilkd.key.nparser.KeyAst.accept(KeyAst.java:41)
	at de.uka.ilkd.key.nparser.KeyAst$File.getIncludes(KeyAst.java:76)
	at de.uka.ilkd.key.proof.io.KeYFile.readIncludes(KeYFile.java:208)
	... 14 more
Could not find rule file rules/intRulesCheckedSemantics.key (file: /home/runner/work/key/key/key.core/../key.ui/examples/index/.././standard_key/arrays/arrayStoreException/arrayStoreKnownDynType.key; caused by: de.uka.ilkd.key.proof.init.ProofInputException: Could not find rule file rules/intRulesCheckedSemantics.key)
	at de.uka.ilkd.key.control.AbstractUserInterfaceControl.load(AbstractUserInterfaceControl.java:221)
	at de.uka.ilkd.key.control.KeYEnvironment.load(KeYEnvironment.java:251)
	at de.uka.ilkd.key.control.KeYEnvironment.load(KeYEnvironment.java:224)
	at de.uka.ilkd.key.control.KeYEnvironment.load(KeYEnvironment.java:184)
	at de.uka.ilkd.key.control.KeYEnvironment.load(KeYEnvironment.java:261)
	at de.uka.ilkd.key.proof.runallproofs.proofcollection.TestFile.load(TestFile.java:270)
	at de.uka.ilkd.key.proof.runallproofs.proofcollection.TestFile.runKey(TestFile.java:160)
	at de.uka.ilkd.key.proof.runallproofs.proofcollection.ForkedTestFileRunner.main(ForkedTestFileRunner.java:171)
Caused by: de.uka.ilkd.key.proof.init.ProofInputException: Could not find rule file rules/intRulesCheckedSemantics.key
	at de.uka.ilkd.key.proof.io.KeYFile.readIncludes(KeYFile.java:210)
	at de.uka.ilkd.key.proof.init.ProblemInitializer.readIncludes(ProblemInitializer.java:177)
	at de.uka.ilkd.key.proof.init.ProblemInitializer.readEnvInput(ProblemInitializer.java:325)
	at de.uka.ilkd.key.proof.init.ProblemInitializer.prepare(ProblemInitializer.java:449)
	at de.uka.ilkd.key.proof.io.AbstractProblemLoader.createInitConfig(AbstractProblemLoader.java:518)
	at de.uka.ilkd.key.proof.io.AbstractProblemLoader.loadEnvironment(AbstractProblemLoader.java:288)
	at de.uka.ilkd.key.proof.io.AbstractProblemLoader.load(AbstractProblemLoader.java:252)
	at de.uka.ilkd.key.control.AbstractUserInterfaceControl.load(AbstractUserInterfaceControl.java:209)
	... 7 more
Caused by: java.lang.RuntimeException: Could not find rule file rules/intRulesCheckedSemantics.key
	at de.uka.ilkd.key.proof.io.RuleSourceFactory.fromBuiltInRule(RuleSourceFactory.java:32)
	at de.uka.ilkd.key.proof.io.RuleSourceFactory.fromDefaultLocation(RuleSourceFactory.java:21)
	at de.uka.ilkd.key.nparser.builder.IncludeFinder.addInclude(IncludeFinder.java:63)
	at de.uka.ilkd.key.nparser.builder.IncludeFinder.visitOne_include(IncludeFinder.java:43)
	at de.uka.ilkd.key.nparser.builder.IncludeFinder.visitOne_include(IncludeFinder.java:20)
	at de.uka.ilkd.key.nparser.KeYParser$One_includeContext.accept(KeYParser.java:878)
	at de.uka.ilkd.key.nparser.builder.AbstractBuilder.lambda$mapOf$0(AbstractBuilder.java:112)
	at java.base/java.util.stream.ReferencePipeline$3$1.accept(ReferencePipeline.java:195)
	at java.base/java.util.ArrayList$ArrayListSpliterator.forEachRemaining(ArrayList.java:1655)
	at java.base/java.util.stream.AbstractPipeline.copyInto(AbstractPipeline.java:484)
	at java.base/java.util.stream.AbstractPipeline.wrapAndCopyInto(AbstractPipeline.java:474)
	at java.base/java.util.stream.ReduceOps$ReduceOp.evaluateSequential(ReduceOps.java:913)
	at java.base/java.util.stream.AbstractPipeline.evaluate(AbstractPipeline.java:234)
	at java.base/java.util.stream.ReferencePipeline.collect(ReferencePipeline.java:578)
	at de.uka.ilkd.key.nparser.builder.AbstractBuilder.mapOf(AbstractBuilder.java:112)
	at de.uka.ilkd.key.nparser.builder.IncludeFinder.visitOne_include_statement(IncludeFinder.java:35)
	at de.uka.ilkd.key.nparser.builder.IncludeFinder.visitOne_include_statement(IncludeFinder.java:20)
	at de.uka.ilkd.key.nparser.KeYParser$One_include_statementContext.accept(KeYParser.java:802)
	at org.antlr.v4.runtime.tree.AbstractParseTreeVisitor.visitChildren(AbstractParseTreeVisitor.java:46)
	at de.uka.ilkd.key.nparser.KeYParserBaseVisitor.visitDecls(KeYParserBaseVisitor.java:30)
	at de.uka.ilkd.key.nparser.KeYParser$DeclsContext.accept(KeYParser.java:500)
	at org.antlr.v4.runtime.tree.AbstractParseTreeVisitor.visitChildren(AbstractParseTreeVisitor.java:46)
	at de.uka.ilkd.key.nparser.KeYParserBaseVisitor.visitFile(KeYParserBaseVisitor.java:23)
	at de.uka.ilkd.key.nparser.KeYParser$FileContext.accept(KeYParser.java:306)
	at de.uka.ilkd.key.nparser.KeyAst.accept(KeyAst.java:41)
	at de.uka.ilkd.key.nparser.KeyAst$File.getIncludes(KeyAst.java:76)
	at de.uka.ilkd.key.proof.io.KeYFile.readIncludes(KeYFile.java:208)
	... 14 more
Could not find rule file rules/intRulesCheckedSemantics.key (file: /home/runner/work/key/key/key.core/../key.ui/examples/index/.././standard_key/arrays/arrayStoreException/reverseArray.key; caused by: de.uka.ilkd.key.proof.init.ProofInputException: Could not find rule file rules/intRulesCheckedSemantics.key)
	at de.uka.ilkd.key.control.AbstractUserInterfaceControl.load(AbstractUserInterfaceControl.java:221)
	at de.uka.ilkd.key.control.KeYEnvironment.load(KeYEnvironment.java:251)
	at de.uka.ilkd.key.control.KeYEnvironment.load(KeYEnvironment.java:224)
	at de.uka.ilkd.key.control.KeYEnvironment.load(KeYEnvironment.java:184)
	at de.uka.ilkd.key.control.KeYEnvironment.load(KeYEnvironment.java:261)
	at de.uka.ilkd.key.proof.runallproofs.proofcollection.TestFile.load(TestFile.java:270)
	at de.uka.ilkd.key.proof.runallproofs.proofcollection.TestFile.runKey(TestFile.java:160)
	at de.uka.ilkd.key.proof.runallproofs.proofcollection.ForkedTestFileRunner.main(ForkedTestFileRunner.java:171)
Caused by: de.uka.ilkd.key.proof.init.ProofInputException: Could not find rule file rules/intRulesCheckedSemantics.key
	at de.uka.ilkd.key.proof.io.KeYFile.readIncludes(KeYFile.java:210)
	at de.uka.ilkd.key.proof.init.ProblemInitializer.readIncludes(ProblemInitializer.java:177)
	at de.uka.ilkd.key.proof.init.ProblemInitializer.readEnvInput(ProblemInitializer.java:325)
	at de.uka.ilkd.key.proof.init.ProblemInitializer.prepare(ProblemInitializer.java:449)
	at de.uka.ilkd.key.proof.io.AbstractProblemLoader.createInitConfig(AbstractProblemLoader.java:518)
	at de.uka.ilkd.key.proof.io.AbstractProblemLoader.loadEnvironment(AbstractProblemLoader.java:288)
	at de.uka.ilkd.key.proof.io.AbstractProblemLoader.load(AbstractProblemLoader.java:252)
	at de.uka.ilkd.key.control.AbstractUserInterfaceControl.load(AbstractUserInterfaceControl.java:209)
	... 7 more
Caused by: java.lang.RuntimeException: Could not find rule file rules/intRulesCheckedSemantics.key
	at de.uka.ilkd.key.proof.io.RuleSourceFactory.fromBuiltInRule(RuleSourceFactory.java:32)
	at de.uka.ilkd.key.proof.io.RuleSourceFactory.fromDefaultLocation(RuleSourceFactory.java:21)
	at de.uka.ilkd.key.nparser.builder.IncludeFinder.addInclude(IncludeFinder.java:63)
	at de.uka.ilkd.key.nparser.builder.IncludeFinder.visitOne_include(IncludeFinder.java:43)
	at de.uka.ilkd.key.nparser.builder.IncludeFinder.visitOne_include(IncludeFinder.java:20)
	at de.uka.ilkd.key.nparser.KeYParser$One_includeContext.accept(KeYParser.java:878)
	at de.uka.ilkd.key.nparser.builder.AbstractBuilder.lambda$mapOf$0(AbstractBuilder.java:112)
	at java.base/java.util.stream.ReferencePipeline$3$1.accept(ReferencePipeline.java:195)
	at java.base/java.util.ArrayList$ArrayListSpliterator.forEachRemaining(ArrayList.java:1655)
	at java.base/java.util.stream.AbstractPipeline.copyInto(AbstractPipeline.java:484)
	at java.base/java.util.stream.AbstractPipeline.wrapAndCopyInto(AbstractPipeline.java:474)
	at java.base/java.util.stream.ReduceOps$ReduceOp.evaluateSequential(ReduceOps.java:913)
	at java.base/java.util.stream.AbstractPipeline.evaluate(AbstractPipeline.java:234)
	at java.base/java.util.stream.ReferencePipeline.collect(ReferencePipeline.java:578)
	at de.uka.ilkd.key.nparser.builder.AbstractBuilder.mapOf(AbstractBuilder.java:112)
	at de.uka.ilkd.key.nparser.builder.IncludeFinder.visitOne_include_statement(IncludeFinder.java:35)
	at de.uka.ilkd.key.nparser.builder.IncludeFinder.visitOne_include_statement(IncludeFinder.java:20)
	at de.uka.ilkd.key.nparser.KeYParser$One_include_statementContext.accept(KeYParser.java:802)
	at org.antlr.v4.runtime.tree.AbstractParseTreeVisitor.visitChildren(AbstractParseTreeVisitor.java:46)
	at de.uka.ilkd.key.nparser.KeYParserBaseVisitor.visitDecls(KeYParserBaseVisitor.java:30)
	at de.uka.ilkd.key.nparser.KeYParser$DeclsContext.accept(KeYParser.java:500)
	at org.antlr.v4.runtime.tree.AbstractParseTreeVisitor.visitChildren(AbstractParseTreeVisitor.java:46)
	at de.uka.ilkd.key.nparser.KeYParserBaseVisitor.visitFile(KeYParserBaseVisitor.java:23)
	at de.uka.ilkd.key.nparser.KeYParser$FileContext.accept(KeYParser.java:306)
	at de.uka.ilkd.key.nparser.KeyAst.accept(KeyAst.java:41)
	at de.uka.ilkd.key.nparser.KeyAst$File.getIncludes(KeyAst.java:76)
	at de.uka.ilkd.key.proof.io.KeYFile.readIncludes(KeYFile.java:208)
	... 14 more
Could not find rule file rules/intRulesCheckedSemantics.key (file: /home/runner/work/key/key/key.core/../key.ui/examples/index/.././standard_key/arrays/arrayStoreException/throwArrayStoreException.key; caused by: de.uka.ilkd.key.proof.init.ProofInputException: Could not find rule file rules/intRulesCheckedSemantics.key)
	at de.uka.ilkd.key.control.AbstractUserInterfaceControl.load(AbstractUserInterfaceControl.java:221)
	at de.uka.ilkd.key.control.KeYEnvironment.load(KeYEnvironment.java:251)
	at de.uka.ilkd.key.control.KeYEnvironment.load(KeYEnvironment.java:224)
	at de.uka.ilkd.key.control.KeYEnvironment.load(KeYEnvironment.java:184)
	at de.uka.ilkd.key.control.KeYEnvironment.load(KeYEnvironment.java:261)
	at de.uka.ilkd.key.proof.runallproofs.proofcollection.TestFile.load(TestFile.java:270)
	at de.uka.ilkd.key.proof.runallproofs.proofcollection.TestFile.runKey(TestFile.java:160)
	at de.uka.ilkd.key.proof.runallproofs.proofcollection.ForkedTestFileRunner.main(ForkedTestFileRunner.java:171)
Caused by: de.uka.ilkd.key.proof.init.ProofInputException: Could not find rule file rules/intRulesCheckedSemantics.key
	at de.uka.ilkd.key.proof.io.KeYFile.readIncludes(KeYFile.java:210)
	at de.uka.ilkd.key.proof.init.ProblemInitializer.readIncludes(ProblemInitializer.java:177)
	at de.uka.ilkd.key.proof.init.ProblemInitializer.readEnvInput(ProblemInitializer.java:325)
	at de.uka.ilkd.key.proof.init.ProblemInitializer.prepare(ProblemInitializer.java:449)
	at de.uka.ilkd.key.proof.io.AbstractProblemLoader.createInitConfig(AbstractProblemLoader.java:518)
	at de.uka.ilkd.key.proof.io.AbstractProblemLoader.loadEnvironment(AbstractProblemLoader.java:288)
	at de.uka.ilkd.key.proof.io.AbstractProblemLoader.load(AbstractProblemLoader.java:252)
	at de.uka.ilkd.key.control.AbstractUserInterfaceControl.load(AbstractUserInterfaceControl.java:209)
	... 7 more
Caused by: java.lang.RuntimeException: Could not find rule file rules/intRulesCheckedSemantics.key
	at de.uka.ilkd.key.proof.io.RuleSourceFactory.fromBuiltInRule(RuleSourceFactory.java:32)
	at de.uka.ilkd.key.proof.io.RuleSourceFactory.fromDefaultLocation(RuleSourceFactory.java:21)
	at de.uka.ilkd.key.nparser.builder.IncludeFinder.addInclude(IncludeFinder.java:63)
	at de.uka.ilkd.key.nparser.builder.IncludeFinder.visitOne_include(IncludeFinder.java:43)
	at de.uka.ilkd.key.nparser.builder.IncludeFinder.visitOne_include(IncludeFinder.java:20)
	at de.uka.ilkd.key.nparser.KeYParser$One_includeContext.accept(KeYParser.java:878)
	at de.uka.ilkd.key.nparser.builder.AbstractBuilder.lambda$mapOf$0(AbstractBuilder.java:112)
	at java.base/java.util.stream.ReferencePipeline$3$1.accept(ReferencePipeline.java:195)
	at java.base/java.util.ArrayList$ArrayListSpliterator.forEachRemaining(ArrayList.java:1655)
	at java.base/java.util.stream.AbstractPipeline.copyInto(AbstractPipeline.java:484)
	at java.base/java.util.stream.AbstractPipeline.wrapAndCopyInto(AbstractPipeline.java:474)
	at java.base/java.util.stream.ReduceOps$ReduceOp.evaluateSequential(ReduceOps.java:913)
	at java.base/java.util.stream.AbstractPipeline.evaluate(AbstractPipeline.java:234)
	at java.base/java.util.stream.ReferencePipeline.collect(ReferencePipeline.java:578)
	at de.uka.ilkd.key.nparser.builder.AbstractBuilder.mapOf(AbstractBuilder.java:112)
	at de.uka.ilkd.key.nparser.builder.IncludeFinder.visitOne_include_statement(IncludeFinder.java:35)
	at de.uka.ilkd.key.nparser.builder.IncludeFinder.visitOne_include_statement(IncludeFinder.java:20)
	at de.uka.ilkd.key.nparser.KeYParser$One_include_statementContext.accept(KeYParser.java:802)
	at org.antlr.v4.runtime.tree.AbstractParseTreeVisitor.visitChildren(AbstractParseTreeVisitor.java:46)
	at de.uka.ilkd.key.nparser.KeYParserBaseVisitor.visitDecls(KeYParserBaseVisitor.java:30)
	at de.uka.ilkd.key.nparser.KeYParser$DeclsContext.accept(KeYParser.java:500)
	at org.antlr.v4.runtime.tree.AbstractParseTreeVisitor.visitChildren(AbstractParseTreeVisitor.java:46)
	at de.uka.ilkd.key.nparser.KeYParserBaseVisitor.visitFile(KeYParserBaseVisitor.java:23)
	at de.uka.ilkd.key.nparser.KeYParser$FileContext.accept(KeYParser.java:306)
	at de.uka.ilkd.key.nparser.KeyAst.accept(KeyAst.java:41)
	at de.uka.ilkd.key.nparser.KeyAst$File.getIncludes(KeyAst.java:76)
	at de.uka.ilkd.key.proof.io.KeYFile.readIncludes(KeYFile.java:208)
	... 14 more
Could not find rule file rules/intRulesCheckedSemantics.key (file: /home/runner/work/key/key/key.core/../key.ui/examples/index/.././standard_key/arrays/creation/arrayCreation1.key; caused by: de.uka.ilkd.key.proof.init.ProofInputException: Could not find rule file rules/intRulesCheckedSemantics.key)
	at de.uka.ilkd.key.control.AbstractUserInterfaceControl.load(AbstractUserInterfaceControl.java:221)
	at de.uka.ilkd.key.control.KeYEnvironment.load(KeYEnvironment.java:251)
	at de.uka.ilkd.key.control.KeYEnvironment.load(KeYEnvironment.java:224)
	at de.uka.ilkd.key.control.KeYEnvironment.load(KeYEnvironment.java:184)
	at de.uka.ilkd.key.control.KeYEnvironment.load(KeYEnvironment.java:261)
	at de.uka.ilkd.key.proof.runallproofs.proofcollection.TestFile.load(TestFile.java:270)
	at de.uka.ilkd.key.proof.runallproofs.proofcollection.TestFile.runKey(TestFile.java:160)
	at de.uka.ilkd.key.proof.runallproofs.proofcollection.ForkedTestFileRunner.main(ForkedTestFileRunner.java:171)
Caused by: de.uka.ilkd.key.proof.init.ProofInputException: Could not find rule file rules/intRulesCheckedSemantics.key
	at de.uka.ilkd.key.proof.io.KeYFile.readIncludes(KeYFile.java:210)
	at de.uka.ilkd.key.proof.init.ProblemInitializer.readIncludes(ProblemInitializer.java:177)
	at de.uka.ilkd.key.proof.init.ProblemInitializer.readEnvInput(ProblemInitializer.java:325)
	at de.uka.ilkd.key.proof.init.ProblemInitializer.prepare(ProblemInitializer.java:449)
	at de.uka.ilkd.key.proof.io.AbstractProblemLoader.createInitConfig(AbstractProblemLoader.java:518)
	at de.uka.ilkd.key.proof.io.AbstractProblemLoader.loadEnvironment(AbstractProblemLoader.java:288)
	at de.uka.ilkd.key.proof.io.AbstractProblemLoader.load(AbstractProblemLoader.java:252)
	at de.uka.ilkd.key.control.AbstractUserInterfaceControl.load(AbstractUserInterfaceControl.java:209)
	... 7 more
Caused by: java.lang.RuntimeException: Could not find rule file rules/intRulesCheckedSemantics.key
	at de.uka.ilkd.key.proof.io.RuleSourceFactory.fromBuiltInRule(RuleSourceFactory.java:32)
	at de.uka.ilkd.key.proof.io.RuleSourceFactory.fromDefaultLocation(RuleSourceFactory.java:21)
	at de.uka.ilkd.key.nparser.builder.IncludeFinder.addInclude(IncludeFinder.java:63)
	at de.uka.ilkd.key.nparser.builder.IncludeFinder.visitOne_include(IncludeFinder.java:43)
	at de.uka.ilkd.key.nparser.builder.IncludeFinder.visitOne_include(IncludeFinder.java:20)
	at de.uka.ilkd.key.nparser.KeYParser$One_includeContext.accept(KeYParser.java:878)
	at de.uka.ilkd.key.nparser.builder.AbstractBuilder.lambda$mapOf$0(AbstractBuilder.java:112)
	at java.base/java.util.stream.ReferencePipeline$3$1.accept(ReferencePipeline.java:195)
	at java.base/java.util.ArrayList$ArrayListSpliterator.forEachRemaining(ArrayList.java:1655)
	at java.base/java.util.stream.AbstractPipeline.copyInto(AbstractPipeline.java:484)
	at java.base/java.util.stream.AbstractPipeline.wrapAndCopyInto(AbstractPipeline.java:474)
	at java.base/java.util.stream.ReduceOps$ReduceOp.evaluateSequential(ReduceOps.java:913)
	at java.base/java.util.stream.AbstractPipeline.evaluate(AbstractPipeline.java:234)
	at java.base/java.util.stream.ReferencePipeline.collect(ReferencePipeline.java:578)
	at de.uka.ilkd.key.nparser.builder.AbstractBuilder.mapOf(AbstractBuilder.java:112)
	at de.uka.ilkd.key.nparser.builder.IncludeFinder.visitOne_include_statement(IncludeFinder.java:35)
	at de.uka.ilkd.key.nparser.builder.IncludeFinder.visitOne_include_statement(IncludeFinder.java:20)
	at de.uka.ilkd.key.nparser.KeYParser$One_include_statementContext.accept(KeYParser.java:802)
	at org.antlr.v4.runtime.tree.AbstractParseTreeVisitor.visitChildren(AbstractParseTreeVisitor.java:46)
	at de.uka.ilkd.key.nparser.KeYParserBaseVisitor.visitDecls(KeYParserBaseVisitor.java:30)
	at de.uka.ilkd.key.nparser.KeYParser$DeclsContext.accept(KeYParser.java:500)
	at org.antlr.v4.runtime.tree.AbstractParseTreeVisitor.visitChildren(AbstractParseTreeVisitor.java:46)
	at de.uka.ilkd.key.nparser.KeYParserBaseVisitor.visitFile(KeYParserBaseVisitor.java:23)
	at de.uka.ilkd.key.nparser.KeYParser$FileContext.accept(KeYParser.java:306)
	at de.uka.ilkd.key.nparser.KeyAst.accept(KeyAst.java:41)
	at de.uka.ilkd.key.nparser.KeyAst$File.getIncludes(KeyAst.java:76)
	at de.uka.ilkd.key.proof.io.KeYFile.readIncludes(KeYFile.java:208)
	... 14 more
Could not find rule file rules/intRulesCheckedSemantics.key (file: /home/runner/work/key/key/key.core/../key.ui/examples/index/.././standard_key/arrays/arrayStoreException/array2Dim.key; caused by: de.uka.ilkd.key.proof.init.ProofInputException: Could not find rule file rules/intRulesCheckedSemantics.key)
	at de.uka.ilkd.key.control.AbstractUserInterfaceControl.load(AbstractUserInterfaceControl.java:221)
	at de.uka.ilkd.key.control.KeYEnvironment.load(KeYEnvironment.java:251)
	at de.uka.ilkd.key.control.KeYEnvironment.load(KeYEnvironment.java:224)
	at de.uka.ilkd.key.control.KeYEnvironment.load(KeYEnvironment.java:184)
	at de.uka.ilkd.key.control.KeYEnvironment.load(KeYEnvironment.java:261)
	at de.uka.ilkd.key.proof.runallproofs.proofcollection.TestFile.load(TestFile.java:270)
	at de.uka.ilkd.key.proof.runallproofs.proofcollection.TestFile.runKey(TestFile.java:160)
	at de.uka.ilkd.key.proof.runallproofs.proofcollection.ForkedTestFileRunner.main(ForkedTestFileRunner.java:171)
Caused by: de.uka.ilkd.key.proof.init.ProofInputException: Could not find rule file rules/intRulesCheckedSemantics.key
	at de.uka.ilkd.key.proof.io.KeYFile.readIncludes(KeYFile.java:210)
	at de.uka.ilkd.key.proof.init.ProblemInitializer.readIncludes(ProblemInitializer.java:177)
	at de.uka.ilkd.key.proof.init.ProblemInitializer.readEnvInput(ProblemInitializer.java:325)
	at de.uka.ilkd.key.proof.init.ProblemInitializer.prepare(ProblemInitializer.java:449)
	at de.uka.ilkd.key.proof.io.AbstractProblemLoader.createInitConfig(AbstractProblemLoader.java:518)
	at de.uka.ilkd.key.proof.io.AbstractProblemLoader.loadEnvironment(AbstractProblemLoader.java:288)
	at de.uka.ilkd.key.proof.io.AbstractProblemLoader.load(AbstractProblemLoader.java:252)
	at de.uka.ilkd.key.control.AbstractUserInterfaceControl.load(AbstractUserInterfaceControl.java:209)
	... 7 more
Caused by: java.lang.RuntimeException: Could not find rule file rules/intRulesCheckedSemantics.key
	at de.uka.ilkd.key.proof.io.RuleSourceFactory.fromBuiltInRule(RuleSourceFactory.java:32)
	at de.uka.ilkd.key.proof.io.RuleSourceFactory.fromDefaultLocation(RuleSourceFactory.java:21)
	at de.uka.ilkd.key.nparser.builder.IncludeFinder.addInclude(IncludeFinder.java:63)
	at de.uka.ilkd.key.nparser.builder.IncludeFinder.visitOne_include(IncludeFinder.java:43)
	at de.uka.ilkd.key.nparser.builder.IncludeFinder.visitOne_include(IncludeFinder.java:20)
	at de.uka.ilkd.key.nparser.KeYParser$One_includeContext.accept(KeYParser.java:878)
	at de.uka.ilkd.key.nparser.builder.AbstractBuilder.lambda$mapOf$0(AbstractBuilder.java:112)
	at java.base/java.util.stream.ReferencePipeline$3$1.accept(ReferencePipeline.java:195)
	at java.base/java.util.ArrayList$ArrayListSpliterator.forEachRemaining(ArrayList.java:1655)
	at java.base/java.util.stream.AbstractPipeline.copyInto(AbstractPipeline.java:484)
	at java.base/java.util.stream.AbstractPipeline.wrapAndCopyInto(AbstractPipeline.java:474)
	at java.base/java.util.stream.ReduceOps$ReduceOp.evaluateSequential(ReduceOps.java:913)
	at java.base/java.util.stream.AbstractPipeline.evaluate(AbstractPipeline.java:234)
	at java.base/java.util.stream.ReferencePipeline.collect(ReferencePipeline.java:578)
	at de.uka.ilkd.key.nparser.builder.AbstractBuilder.mapOf(AbstractBuilder.java:112)
	at de.uka.ilkd.key.nparser.builder.IncludeFinder.visitOne_include_statement(IncludeFinder.java:35)
	at de.uka.ilkd.key.nparser.builder.IncludeFinder.visitOne_include_statement(IncludeFinder.java:20)
	at de.uka.ilkd.key.nparser.KeYParser$One_include_statementContext.accept(KeYParser.java:802)
	at org.antlr.v4.runtime.tree.AbstractParseTreeVisitor.visitChildren(AbstractParseTreeVisitor.java:46)
	at de.uka.ilkd.key.nparser.KeYParserBaseVisitor.visitDecls(KeYParserBaseVisitor.java:30)
	at de.uka.ilkd.key.nparser.KeYParser$DeclsContext.accept(KeYParser.java:500)
	at org.antlr.v4.runtime.tree.AbstractParseTreeVisitor.visitChildren(AbstractParseTreeVisitor.java:46)
	at de.uka.ilkd.key.nparser.KeYParserBaseVisitor.visitFile(KeYParserBaseVisitor.java:23)
	at de.uka.ilkd.key.nparser.KeYParser$FileContext.accept(KeYParser.java:306)
	at de.uka.ilkd.key.nparser.KeyAst.accept(KeyAst.java:41)
	at de.uka.ilkd.key.nparser.KeyAst$File.getIncludes(KeyAst.java:76)
	at de.uka.ilkd.key.proof.io.KeYFile.readIncludes(KeYFile.java:208)
	... 14 more
Could not find rule file rules/intRulesCheckedSemantics.key (file: /home/runner/work/key/key/key.core/../key.ui/examples/index/.././standard_key/arrays/arrayStoreException/array2DimClose.key; caused by: de.uka.ilkd.key.proof.init.ProofInputException: Could not find rule file rules/intRulesCheckedSemantics.key)
	at de.uka.ilkd.key.control.AbstractUserInterfaceControl.load(AbstractUserInterfaceControl.java:221)
	at de.uka.ilkd.key.control.KeYEnvironment.load(KeYEnvironment.java:251)
	at de.uka.ilkd.key.control.KeYEnvironment.load(KeYEnvironment.java:224)
	at de.uka.ilkd.key.control.KeYEnvironment.load(KeYEnvironment.java:184)
	at de.uka.ilkd.key.control.KeYEnvironment.load(KeYEnvironment.java:261)
	at de.uka.ilkd.key.proof.runallproofs.proofcollection.TestFile.load(TestFile.java:270)
	at de.uka.ilkd.key.proof.runallproofs.proofcollection.TestFile.runKey(TestFile.java:160)
	at de.uka.ilkd.key.proof.runallproofs.proofcollection.ForkedTestFileRunner.main(ForkedTestFileRunner.java:171)
Caused by: de.uka.ilkd.key.proof.init.ProofInputException: Could not find rule file rules/intRulesCheckedSemantics.key
	at de.uka.ilkd.key.proof.io.KeYFile.readIncludes(KeYFile.java:210)
	at de.uka.ilkd.key.proof.init.ProblemInitializer.readIncludes(ProblemInitializer.java:177)
	at de.uka.ilkd.key.proof.init.ProblemInitializer.readEnvInput(ProblemInitializer.java:325)
	at de.uka.ilkd.key.proof.init.ProblemInitializer.prepare(ProblemInitializer.java:449)
	at de.uka.ilkd.key.proof.io.AbstractProblemLoader.createInitConfig(AbstractProblemLoader.java:518)
	at de.uka.ilkd.key.proof.io.AbstractProblemLoader.loadEnvironment(AbstractProblemLoader.java:288)
	at de.uka.ilkd.key.proof.io.AbstractProblemLoader.load(AbstractProblemLoader.java:252)
	at de.uka.ilkd.key.control.AbstractUserInterfaceControl.load(AbstractUserInterfaceControl.java:209)
	... 7 more
Caused by: java.lang.RuntimeException: Could not find rule file rules/intRulesCheckedSemantics.key
	at de.uka.ilkd.key.proof.io.RuleSourceFactory.fromBuiltInRule(RuleSourceFactory.java:32)
	at de.uka.ilkd.key.proof.io.RuleSourceFactory.fromDefaultLocation(RuleSourceFactory.java:21)
	at de.uka.ilkd.key.nparser.builder.IncludeFinder.addInclude(IncludeFinder.java:63)
	at de.uka.ilkd.key.nparser.builder.IncludeFinder.visitOne_include(IncludeFinder.java:43)
	at de.uka.ilkd.key.nparser.builder.IncludeFinder.visitOne_include(IncludeFinder.java:20)
	at de.uka.ilkd.key.nparser.KeYParser$One_includeContext.accept(KeYParser.java:878)
	at de.uka.ilkd.key.nparser.builder.AbstractBuilder.lambda$mapOf$0(AbstractBuilder.java:112)
	at java.base/java.util.stream.ReferencePipeline$3$1.accept(ReferencePipeline.java:195)
	at java.base/java.util.ArrayList$ArrayListSpliterator.forEachRemaining(ArrayList.java:1655)
	at java.base/java.util.stream.AbstractPipeline.copyInto(AbstractPipeline.java:484)
	at java.base/java.util.stream.AbstractPipeline.wrapAndCopyInto(AbstractPipeline.java:474)
	at java.base/java.util.stream.ReduceOps$ReduceOp.evaluateSequential(ReduceOps.java:913)
	at java.base/java.util.stream.AbstractPipeline.evaluate(AbstractPipeline.java:234)
	at java.base/java.util.stream.ReferencePipeline.collect(ReferencePipeline.java:578)
	at de.uka.ilkd.key.nparser.builder.AbstractBuilder.mapOf(AbstractBuilder.java:112)
	at de.uka.ilkd.key.nparser.builder.IncludeFinder.visitOne_include_statement(IncludeFinder.java:35)
	at de.uka.ilkd.key.nparser.builder.IncludeFinder.visitOne_include_statement(IncludeFinder.java:20)
	at de.uka.ilkd.key.nparser.KeYParser$One_include_statementContext.accept(KeYParser.java:802)
	at org.antlr.v4.runtime.tree.AbstractParseTreeVisitor.visitChildren(AbstractParseTreeVisitor.java:46)
	at de.uka.ilkd.key.nparser.KeYParserBaseVisitor.visitDecls(KeYParserBaseVisitor.java:30)
	at de.uka.ilkd.key.nparser.KeYParser$DeclsContext.accept(KeYParser.java:500)
	at org.antlr.v4.runtime.tree.AbstractParseTreeVisitor.visitChildren(AbstractParseTreeVisitor.java:46)
	at de.uka.ilkd.key.nparser.KeYParserBaseVisitor.visitFile(KeYParserBaseVisitor.java:23)
	at de.uka.ilkd.key.nparser.KeYParser$FileContext.accept(KeYParser.java:306)
	at de.uka.ilkd.key.nparser.KeyAst.accept(KeyAst.java:41)
	at de.uka.ilkd.key.nparser.KeyAst$File.getIncludes(KeyAst.java:76)
	at de.uka.ilkd.key.proof.io.KeYFile.readIncludes(KeYFile.java:208)
	... 14 more
Could not find rule file rules/intRulesCheckedSemantics.key (file: /home/runner/work/key/key/key.core/../key.ui/examples/index/.././standard_key/arrays/arrayStoreException/throwASEForPrim.key; caused by: de.uka.ilkd.key.proof.init.ProofInputException: Could not find rule file rules/intRulesCheckedSemantics.key)
	at de.uka.ilkd.key.control.AbstractUserInterfaceControl.load(AbstractUserInterfaceControl.java:221)
	at de.uka.ilkd.key.control.KeYEnvironment.load(KeYEnvironment.java:251)
	at de.uka.ilkd.key.control.KeYEnvironment.load(KeYEnvironment.java:224)
	at de.uka.ilkd.key.control.KeYEnvironment.load(KeYEnvironment.java:184)
	at de.uka.ilkd.key.control.KeYEnvironment.load(KeYEnvironment.java:261)
	at de.uka.ilkd.key.proof.runallproofs.proofcollection.TestFile.load(TestFile.java:270)
	at de.uka.ilkd.key.proof.runallproofs.proofcollection.TestFile.runKey(TestFile.java:160)
	at de.uka.ilkd.key.proof.runallproofs.proofcollection.ForkedTestFileRunner.main(ForkedTestFileRunner.java:171)
Caused by: de.uka.ilkd.key.proof.init.ProofInputException: Could not find rule file rules/intRulesCheckedSemantics.key
	at de.uka.ilkd.key.proof.io.KeYFile.readIncludes(KeYFile.java:210)
	at de.uka.ilkd.key.proof.init.ProblemInitializer.readIncludes(ProblemInitializer.java:177)
	at de.uka.ilkd.key.proof.init.ProblemInitializer.readEnvInput(ProblemInitializer.java:325)
	at de.uka.ilkd.key.proof.init.ProblemInitializer.prepare(ProblemInitializer.java:449)
	at de.uka.ilkd.key.proof.io.AbstractProblemLoader.createInitConfig(AbstractProblemLoader.java:518)
	at de.uka.ilkd.key.proof.io.AbstractProblemLoader.loadEnvironment(AbstractProblemLoader.java:288)
	at de.uka.ilkd.key.proof.io.AbstractProblemLoader.load(AbstractProblemLoader.java:252)
	at de.uka.ilkd.key.control.AbstractUserInterfaceControl.load(AbstractUserInterfaceControl.java:209)
	... 7 more
Caused by: java.lang.RuntimeException: Could not find rule file rules/intRulesCheckedSemantics.key
	at de.uka.ilkd.key.proof.io.RuleSourceFactory.fromBuiltInRule(RuleSourceFactory.java:32)
	at de.uka.ilkd.key.proof.io.RuleSourceFactory.fromDefaultLocation(RuleSourceFactory.java:21)
	at de.uka.ilkd.key.nparser.builder.IncludeFinder.addInclude(IncludeFinder.java:63)
	at de.uka.ilkd.key.nparser.builder.IncludeFinder.visitOne_include(IncludeFinder.java:43)
	at de.uka.ilkd.key.nparser.builder.IncludeFinder.visitOne_include(IncludeFinder.java:20)
	at de.uka.ilkd.key.nparser.KeYParser$One_includeContext.accept(KeYParser.java:878)
	at de.uka.ilkd.key.nparser.builder.AbstractBuilder.lambda$mapOf$0(AbstractBuilder.java:112)
	at java.base/java.util.stream.ReferencePipeline$3$1.accept(ReferencePipeline.java:195)
	at java.base/java.util.ArrayList$ArrayListSpliterator.forEachRemaining(ArrayList.java:1655)
	at java.base/java.util.stream.AbstractPipeline.copyInto(AbstractPipeline.java:484)
	at java.base/java.util.stream.AbstractPipeline.wrapAndCopyInto(AbstractPipeline.java:474)
	at java.base/java.util.stream.ReduceOps$ReduceOp.evaluateSequential(ReduceOps.java:913)
	at java.base/java.util.stream.AbstractPipeline.evaluate(AbstractPipeline.java:234)
	at java.base/java.util.stream.ReferencePipeline.collect(ReferencePipeline.java:578)
	at de.uka.ilkd.key.nparser.builder.AbstractBuilder.mapOf(AbstractBuilder.java:112)
	at de.uka.ilkd.key.nparser.builder.IncludeFinder.visitOne_include_statement(IncludeFinder.java:35)
	at de.uka.ilkd.key.nparser.builder.IncludeFinder.visitOne_include_statement(IncludeFinder.java:20)
	at de.uka.ilkd.key.nparser.KeYParser$One_include_statementContext.accept(KeYParser.java:802)
	at org.antlr.v4.runtime.tree.AbstractParseTreeVisitor.visitChildren(AbstractParseTreeVisitor.java:46)
	at de.uka.ilkd.key.nparser.KeYParserBaseVisitor.visitDecls(KeYParserBaseVisitor.java:30)
	at de.uka.ilkd.key.nparser.KeYParser$DeclsContext.accept(KeYParser.java:500)
	at org.antlr.v4.runtime.tree.AbstractParseTreeVisitor.visitChildren(AbstractParseTreeVisitor.java:46)
	at de.uka.ilkd.key.nparser.KeYParserBaseVisitor.visitFile(KeYParserBaseVisitor.java:23)
	at de.uka.ilkd.key.nparser.KeYParser$FileContext.accept(KeYParser.java:306)
	at de.uka.ilkd.key.nparser.KeyAst.accept(KeyAst.java:41)
	at de.uka.ilkd.key.nparser.KeyAst$File.getIncludes(KeyAst.java:76)
	at de.uka.ilkd.key.proof.io.KeYFile.readIncludes(KeYFile.java:208)
	... 14 more
Exception in thread "main" org.opentest4j.AssertionFailedError: Exception during the execution of proofs. See log for more details.
	at org.junit.jupiter.api.AssertionUtils.fail(AssertionUtils.java:39)
	at org.junit.jupiter.api.Assertions.fail(Assertions.java:134)
	at de.uka.ilkd.key.proof.runallproofs.proofcollection.ForkedTestFileRunner.main(ForkedTestFileRunner.java:192)
Timeout watcher launched (2000 secs.)
Could not find rule file rules/intRulesCheckedSemantics.key (file: /home/runner/work/key/key/key.core/../key.ui/examples/index/.././standard_key/instanceCreation/instanceCreation1.key; caused by: de.uka.ilkd.key.proof.init.ProofInputException: Could not find rule file rules/intRulesCheckedSemantics.key)
	at de.uka.ilkd.key.control.AbstractUserInterfaceControl.load(AbstractUserInterfaceControl.java:221)
	at de.uka.ilkd.key.control.KeYEnvironment.load(KeYEnvironment.java:251)
	at de.uka.ilkd.key.control.KeYEnvironment.load(KeYEnvironment.java:224)
	at de.uka.ilkd.key.control.KeYEnvironment.load(KeYEnvironment.java:184)
	at de.uka.ilkd.key.control.KeYEnvironment.load(KeYEnvironment.java:261)
	at de.uka.ilkd.key.proof.runallproofs.proofcollection.TestFile.load(TestFile.java:270)
	at de.uka.ilkd.key.proof.runallproofs.proofcollection.TestFile.runKey(TestFile.java:160)
	at de.uka.ilkd.key.proof.runallproofs.proofcollection.ForkedTestFileRunner.main(ForkedTestFileRunner.java:171)
Caused by: de.uka.ilkd.key.proof.init.ProofInputException: Could not find rule file rules/intRulesCheckedSemantics.key
	at de.uka.ilkd.key.proof.io.KeYFile.readIncludes(KeYFile.java:210)
	at de.uka.ilkd.key.proof.init.ProblemInitializer.readIncludes(ProblemInitializer.java:177)
	at de.uka.ilkd.key.proof.init.ProblemInitializer.readEnvInput(ProblemInitializer.java:325)
	at de.uka.ilkd.key.proof.init.ProblemInitializer.prepare(ProblemInitializer.java:449)
	at de.uka.ilkd.key.proof.io.AbstractProblemLoader.createInitConfig(AbstractProblemLoader.java:518)
	at de.uka.ilkd.key.proof.io.AbstractProblemLoader.loadEnvironment(AbstractProblemLoader.java:288)
	at de.uka.ilkd.key.proof.io.AbstractProblemLoader.load(AbstractProblemLoader.java:252)
	at de.uka.ilkd.key.control.AbstractUserInterfaceControl.load(AbstractUserInterfaceControl.java:209)
	... 7 more
Caused by: java.lang.RuntimeException: Could not find rule file rules/intRulesCheckedSemantics.key
	at de.uka.ilkd.key.proof.io.RuleSourceFactory.fromBuiltInRule(RuleSourceFactory.java:32)
	at de.uka.ilkd.key.proof.io.RuleSourceFactory.fromDefaultLocation(RuleSourceFactory.java:21)
	at de.uka.ilkd.key.nparser.builder.IncludeFinder.addInclude(IncludeFinder.java:63)
	at de.uka.ilkd.key.nparser.builder.IncludeFinder.visitOne_include(IncludeFinder.java:43)
	at de.uka.ilkd.key.nparser.builder.IncludeFinder.visitOne_include(IncludeFinder.java:20)
	at de.uka.ilkd.key.nparser.KeYParser$One_includeContext.accept(KeYParser.java:878)
	at de.uka.ilkd.key.nparser.builder.AbstractBuilder.lambda$mapOf$0(AbstractBuilder.java:112)
	at java.base/java.util.stream.ReferencePipeline$3$1.accept(ReferencePipeline.java:195)
	at java.base/java.util.ArrayList$ArrayListSpliterator.forEachRemaining(ArrayList.java:1655)
	at java.base/java.util.stream.AbstractPipeline.copyInto(AbstractPipeline.java:484)
	at java.base/java.util.stream.AbstractPipeline.wrapAndCopyInto(AbstractPipeline.java:474)
	at java.base/java.util.stream.ReduceOps$ReduceOp.evaluateSequential(ReduceOps.java:913)
	at java.base/java.util.stream.AbstractPipeline.evaluate(AbstractPipeline.java:234)
	at java.base/java.util.stream.ReferencePipeline.collect(ReferencePipeline.java:578)
	at de.uka.ilkd.key.nparser.builder.AbstractBuilder.mapOf(AbstractBuilder.java:112)
	at de.uka.ilkd.key.nparser.builder.IncludeFinder.visitOne_include_statement(IncludeFinder.java:35)
	at de.uka.ilkd.key.nparser.builder.IncludeFinder.visitOne_include_statement(IncludeFinder.java:20)
	at de.uka.ilkd.key.nparser.KeYParser$One_include_statementContext.accept(KeYParser.java:802)
	at org.antlr.v4.runtime.tree.AbstractParseTreeVisitor.visitChildren(AbstractParseTreeVisitor.java:46)
	at de.uka.ilkd.key.nparser.KeYParserBaseVisitor.visitDecls(KeYParserBaseVisitor.java:30)
	at de.uka.ilkd.key.nparser.KeYParser$DeclsContext.accept(KeYParser.java:500)
	at org.antlr.v4.runtime.tree.AbstractParseTreeVisitor.visitChildren(AbstractParseTreeVisitor.java:46)
	at de.uka.ilkd.key.nparser.KeYParserBaseVisitor.visitFile(KeYParserBaseVisitor.java:23)
	at de.uka.ilkd.key.nparser.KeYParser$FileContext.accept(KeYParser.java:306)
	at de.uka.ilkd.key.nparser.KeyAst.accept(KeyAst.java:41)
	at de.uka.ilkd.key.nparser.KeyAst$File.getIncludes(KeyAst.java:76)
	at de.uka.ilkd.key.proof.io.KeYFile.readIncludes(KeYFile.java:208)
	... 14 more
Could not find rule file rules/intRulesCheckedSemantics.key (file: /home/runner/work/key/key/key.core/../key.ui/examples/index/.././standard_key/instanceCreation/instanceCreation2.key; caused by: de.uka.ilkd.key.proof.init.ProofInputException: Could not find rule file rules/intRulesCheckedSemantics.key)
	at de.uka.ilkd.key.control.AbstractUserInterfaceControl.load(AbstractUserInterfaceControl.java:221)
	at de.uka.ilkd.key.control.KeYEnvironment.load(KeYEnvironment.java:251)
	at de.uka.ilkd.key.control.KeYEnvironment.load(KeYEnvironment.java:224)
	at de.uka.ilkd.key.control.KeYEnvironment.load(KeYEnvironment.java:184)
	at de.uka.ilkd.key.control.KeYEnvironment.load(KeYEnvironment.java:261)
	at de.uka.ilkd.key.proof.runallproofs.proofcollection.TestFile.load(TestFile.java:270)
	at de.uka.ilkd.key.proof.runallproofs.proofcollection.TestFile.runKey(TestFile.java:160)
	at de.uka.ilkd.key.proof.runallproofs.proofcollection.ForkedTestFileRunner.main(ForkedTestFileRunner.java:171)
Caused by: de.uka.ilkd.key.proof.init.ProofInputException: Could not find rule file rules/intRulesCheckedSemantics.key
	at de.uka.ilkd.key.proof.io.KeYFile.readIncludes(KeYFile.java:210)
	at de.uka.ilkd.key.proof.init.ProblemInitializer.readIncludes(ProblemInitializer.java:177)
	at de.uka.ilkd.key.proof.init.ProblemInitializer.readEnvInput(ProblemInitializer.java:325)
	at de.uka.ilkd.key.proof.init.ProblemInitializer.prepare(ProblemInitializer.java:449)
	at de.uka.ilkd.key.proof.io.AbstractProblemLoader.createInitConfig(AbstractProblemLoader.java:518)
	at de.uka.ilkd.key.proof.io.AbstractProblemLoader.loadEnvironment(AbstractProblemLoader.java:288)
	at de.uka.ilkd.key.proof.io.AbstractProblemLoader.load(AbstractProblemLoader.java:252)
	at de.uka.ilkd.key.control.AbstractUserInterfaceControl.load(AbstractUserInterfaceControl.java:209)
	... 7 more
Caused by: java.lang.RuntimeException: Could not find rule file rules/intRulesCheckedSemantics.key
	at de.uka.ilkd.key.proof.io.RuleSourceFactory.fromBuiltInRule(RuleSourceFactory.java:32)
	at de.uka.ilkd.key.proof.io.RuleSourceFactory.fromDefaultLocation(RuleSourceFactory.java:21)
	at de.uka.ilkd.key.nparser.builder.IncludeFinder.addInclude(IncludeFinder.java:63)
	at de.uka.ilkd.key.nparser.builder.IncludeFinder.visitOne_include(IncludeFinder.java:43)
	at de.uka.ilkd.key.nparser.builder.IncludeFinder.visitOne_include(IncludeFinder.java:20)
	at de.uka.ilkd.key.nparser.KeYParser$One_includeContext.accept(KeYParser.java:878)
	at de.uka.ilkd.key.nparser.builder.AbstractBuilder.lambda$mapOf$0(AbstractBuilder.java:112)
	at java.base/java.util.stream.ReferencePipeline$3$1.accept(ReferencePipeline.java:195)
	at java.base/java.util.ArrayList$ArrayListSpliterator.forEachRemaining(ArrayList.java:1655)
	at java.base/java.util.stream.AbstractPipeline.copyInto(AbstractPipeline.java:484)
	at java.base/java.util.stream.AbstractPipeline.wrapAndCopyInto(AbstractPipeline.java:474)
	at java.base/java.util.stream.ReduceOps$ReduceOp.evaluateSequential(ReduceOps.java:913)
	at java.base/java.util.stream.AbstractPipeline.evaluate(AbstractPipeline.java:234)
	at java.base/java.util.stream.ReferencePipeline.collect(ReferencePipeline.java:578)
	at de.uka.ilkd.key.nparser.builder.AbstractBuilder.mapOf(AbstractBuilder.java:112)
	at de.uka.ilkd.key.nparser.builder.IncludeFinder.visitOne_include_statement(IncludeFinder.java:35)
	at de.uka.ilkd.key.nparser.builder.IncludeFinder.visitOne_include_statement(IncludeFinder.java:20)
	at de.uka.ilkd.key.nparser.KeYParser$One_include_statementContext.accept(KeYParser.java:802)
	at org.antlr.v4.runtime.tree.AbstractParseTreeVisitor.visitChildren(AbstractParseTreeVisitor.java:46)
	at de.uka.ilkd.key.nparser.KeYParserBaseVisitor.visitDecls(KeYParserBaseVisitor.java:30)
	at de.uka.ilkd.key.nparser.KeYParser$DeclsContext.accept(KeYParser.java:500)
	at org.antlr.v4.runtime.tree.AbstractParseTreeVisitor.visitChildren(AbstractParseTreeVisitor.java:46)
	at de.uka.ilkd.key.nparser.KeYParserBaseVisitor.visitFile(KeYParserBaseVisitor.java:23)
	at de.uka.ilkd.key.nparser.KeYParser$FileContext.accept(KeYParser.java:306)
	at de.uka.ilkd.key.nparser.KeyAst.accept(KeyAst.java:41)
	at de.uka.ilkd.key.nparser.KeyAst$File.getIncludes(KeyAst.java:76)
	at de.uka.ilkd.key.proof.io.KeYFile.readIncludes(KeYFile.java:208)
	... 14 more
Could not find rule file rules/intRulesCheckedSemantics.key (file: /home/runner/work/key/key/key.core/../key.ui/examples/index/.././standard_key/instanceCreation/interfacesAndAbstractClassesHaveNoInstances.key; caused by: de.uka.ilkd.key.proof.init.ProofInputException: Could not find rule file rules/intRulesCheckedSemantics.key)
	at de.uka.ilkd.key.control.AbstractUserInterfaceControl.load(AbstractUserInterfaceControl.java:221)
	at de.uka.ilkd.key.control.KeYEnvironment.load(KeYEnvironment.java:251)
	at de.uka.ilkd.key.control.KeYEnvironment.load(KeYEnvironment.java:224)
	at de.uka.ilkd.key.control.KeYEnvironment.load(KeYEnvironment.java:184)
	at de.uka.ilkd.key.control.KeYEnvironment.load(KeYEnvironment.java:261)
	at de.uka.ilkd.key.proof.runallproofs.proofcollection.TestFile.load(TestFile.java:270)
	at de.uka.ilkd.key.proof.runallproofs.proofcollection.TestFile.runKey(TestFile.java:160)
	at de.uka.ilkd.key.proof.runallproofs.proofcollection.ForkedTestFileRunner.main(ForkedTestFileRunner.java:171)
Caused by: de.uka.ilkd.key.proof.init.ProofInputException: Could not find rule file rules/intRulesCheckedSemantics.key
	at de.uka.ilkd.key.proof.io.KeYFile.readIncludes(KeYFile.java:210)
	at de.uka.ilkd.key.proof.init.ProblemInitializer.readIncludes(ProblemInitializer.java:177)
	at de.uka.ilkd.key.proof.init.ProblemInitializer.readEnvInput(ProblemInitializer.java:325)
	at de.uka.ilkd.key.proof.init.ProblemInitializer.prepare(ProblemInitializer.java:449)
	at de.uka.ilkd.key.proof.io.AbstractProblemLoader.createInitConfig(AbstractProblemLoader.java:518)
	at de.uka.ilkd.key.proof.io.AbstractProblemLoader.loadEnvironment(AbstractProblemLoader.java:288)
	at de.uka.ilkd.key.proof.io.AbstractProblemLoader.load(AbstractProblemLoader.java:252)
	at de.uka.ilkd.key.control.AbstractUserInterfaceControl.load(AbstractUserInterfaceControl.java:209)
	... 7 more
Caused by: java.lang.RuntimeException: Could not find rule file rules/intRulesCheckedSemantics.key
	at de.uka.ilkd.key.proof.io.RuleSourceFactory.fromBuiltInRule(RuleSourceFactory.java:32)
	at de.uka.ilkd.key.proof.io.RuleSourceFactory.fromDefaultLocation(RuleSourceFactory.java:21)
	at de.uka.ilkd.key.nparser.builder.IncludeFinder.addInclude(IncludeFinder.java:63)
	at de.uka.ilkd.key.nparser.builder.IncludeFinder.visitOne_include(IncludeFinder.java:43)
	at de.uka.ilkd.key.nparser.builder.IncludeFinder.visitOne_include(IncludeFinder.java:20)
	at de.uka.ilkd.key.nparser.KeYParser$One_includeContext.accept(KeYParser.java:878)
	at de.uka.ilkd.key.nparser.builder.AbstractBuilder.lambda$mapOf$0(AbstractBuilder.java:112)
	at java.base/java.util.stream.ReferencePipeline$3$1.accept(ReferencePipeline.java:195)
	at java.base/java.util.ArrayList$ArrayListSpliterator.forEachRemaining(ArrayList.java:1655)
	at java.base/java.util.stream.AbstractPipeline.copyInto(AbstractPipeline.java:484)
	at java.base/java.util.stream.AbstractPipeline.wrapAndCopyInto(AbstractPipeline.java:474)
	at java.base/java.util.stream.ReduceOps$ReduceOp.evaluateSequential(ReduceOps.java:913)
	at java.base/java.util.stream.AbstractPipeline.evaluate(AbstractPipeline.java:234)
	at java.base/java.util.stream.ReferencePipeline.collect(ReferencePipeline.java:578)
	at de.uka.ilkd.key.nparser.builder.AbstractBuilder.mapOf(AbstractBuilder.java:112)
	at de.uka.ilkd.key.nparser.builder.IncludeFinder.visitOne_include_statement(IncludeFinder.java:35)
	at de.uka.ilkd.key.nparser.builder.IncludeFinder.visitOne_include_statement(IncludeFinder.java:20)
	at de.uka.ilkd.key.nparser.KeYParser$One_include_statementContext.accept(KeYParser.java:802)
	at org.antlr.v4.runtime.tree.AbstractParseTreeVisitor.visitChildren(AbstractParseTreeVisitor.java:46)
	at de.uka.ilkd.key.nparser.KeYParserBaseVisitor.visitDecls(KeYParserBaseVisitor.java:30)
	at de.uka.ilkd.key.nparser.KeYParser$DeclsContext.accept(KeYParser.java:500)
	at org.antlr.v4.runtime.tree.AbstractParseTreeVisitor.visitChildren(AbstractParseTreeVisitor.java:46)
	at de.uka.ilkd.key.nparser.KeYParserBaseVisitor.visitFile(KeYParserBaseVisitor.java:23)
	at de.uka.ilkd.key.nparser.KeYParser$FileContext.accept(KeYParser.java:306)
	at de.uka.ilkd.key.nparser.KeyAst.accept(KeyAst.java:41)
	at de.uka.ilkd.key.nparser.KeyAst$File.getIncludes(KeyAst.java:76)
	at de.uka.ilkd.key.proof.io.KeYFile.readIncludes(KeYFile.java:208)
	... 14 more
Could not find rule file rules/intRulesCheckedSemantics.key (file: /home/runner/work/key/key/key.core/../key.ui/examples/index/.././standard_key/instanceCreation/successiveCreatedObjectsAreDistinct.key; caused by: de.uka.ilkd.key.proof.init.ProofInputException: Could not find rule file rules/intRulesCheckedSemantics.key)
	at de.uka.ilkd.key.control.AbstractUserInterfaceControl.load(AbstractUserInterfaceControl.java:221)
	at de.uka.ilkd.key.control.KeYEnvironment.load(KeYEnvironment.java:251)
	at de.uka.ilkd.key.control.KeYEnvironment.load(KeYEnvironment.java:224)
	at de.uka.ilkd.key.control.KeYEnvironment.load(KeYEnvironment.java:184)
	at de.uka.ilkd.key.control.KeYEnvironment.load(KeYEnvironment.java:261)
	at de.uka.ilkd.key.proof.runallproofs.proofcollection.TestFile.load(TestFile.java:270)
	at de.uka.ilkd.key.proof.runallproofs.proofcollection.TestFile.runKey(TestFile.java:160)
	at de.uka.ilkd.key.proof.runallproofs.proofcollection.ForkedTestFileRunner.main(ForkedTestFileRunner.java:171)
Caused by: de.uka.ilkd.key.proof.init.ProofInputException: Could not find rule file rules/intRulesCheckedSemantics.key
	at de.uka.ilkd.key.proof.io.KeYFile.readIncludes(KeYFile.java:210)
	at de.uka.ilkd.key.proof.init.ProblemInitializer.readIncludes(ProblemInitializer.java:177)
	at de.uka.ilkd.key.proof.init.ProblemInitializer.readEnvInput(ProblemInitializer.java:325)
	at de.uka.ilkd.key.proof.init.ProblemInitializer.prepare(ProblemInitializer.java:449)
	at de.uka.ilkd.key.proof.io.AbstractProblemLoader.createInitConfig(AbstractProblemLoader.java:518)
	at de.uka.ilkd.key.proof.io.AbstractProblemLoader.loadEnvironment(AbstractProblemLoader.java:288)
	at de.uka.ilkd.key.proof.io.AbstractProblemLoader.load(AbstractProblemLoader.java:252)
	at de.uka.ilkd.key.control.AbstractUserInterfaceControl.load(AbstractUserInterfaceControl.java:209)
	... 7 more
Caused by: java.lang.RuntimeException: Could not find rule file rules/intRulesCheckedSemantics.key
	at de.uka.ilkd.key.proof.io.RuleSourceFactory.fromBuiltInRule(RuleSourceFactory.java:32)
	at de.uka.ilkd.key.proof.io.RuleSourceFactory.fromDefaultLocation(RuleSourceFactory.java:21)
	at de.uka.ilkd.key.nparser.builder.IncludeFinder.addInclude(IncludeFinder.java:63)
	at de.uka.ilkd.key.nparser.builder.IncludeFinder.visitOne_include(IncludeFinder.java:43)
	at de.uka.ilkd.key.nparser.builder.IncludeFinder.visitOne_include(IncludeFinder.java:20)
	at de.uka.ilkd.key.nparser.KeYParser$One_includeContext.accept(KeYParser.java:878)
	at de.uka.ilkd.key.nparser.builder.AbstractBuilder.lambda$mapOf$0(AbstractBuilder.java:112)
	at java.base/java.util.stream.ReferencePipeline$3$1.accept(ReferencePipeline.java:195)
	at java.base/java.util.ArrayList$ArrayListSpliterator.forEachRemaining(ArrayList.java:1655)
	at java.base/java.util.stream.AbstractPipeline.copyInto(AbstractPipeline.java:484)
	at java.base/java.util.stream.AbstractPipeline.wrapAndCopyInto(AbstractPipeline.java:474)
	at java.base/java.util.stream.ReduceOps$ReduceOp.evaluateSequential(ReduceOps.java:913)
	at java.base/java.util.stream.AbstractPipeline.evaluate(AbstractPipeline.java:234)
	at java.base/java.util.stream.ReferencePipeline.collect(ReferencePipeline.java:578)
	at de.uka.ilkd.key.nparser.builder.AbstractBuilder.mapOf(AbstractBuilder.java:112)
	at de.uka.ilkd.key.nparser.builder.IncludeFinder.visitOne_include_statement(IncludeFinder.java:35)
	at de.uka.ilkd.key.nparser.builder.IncludeFinder.visitOne_include_statement(IncludeFinder.java:20)
	at de.uka.ilkd.key.nparser.KeYParser$One_include_statementContext.accept(KeYParser.java:802)
	at org.antlr.v4.runtime.tree.AbstractParseTreeVisitor.visitChildren(AbstractParseTreeVisitor.java:46)
	at de.uka.ilkd.key.nparser.KeYParserBaseVisitor.visitDecls(KeYParserBaseVisitor.java:30)
	at de.uka.ilkd.key.nparser.KeYParser$DeclsContext.accept(KeYParser.java:500)
	at org.antlr.v4.runtime.tree.AbstractParseTreeVisitor.visitChildren(AbstractParseTreeVisitor.java:46)
	at de.uka.ilkd.key.nparser.KeYParserBaseVisitor.visitFile(KeYParserBaseVisitor.java:23)
	at de.uka.ilkd.key.nparser.KeYParser$FileContext.accept(KeYParser.java:306)
	at de.uka.ilkd.key.nparser.KeyAst.accept(KeyAst.java:41)
	at de.uka.ilkd.key.nparser.KeyAst$File.getIncludes(KeyAst.java:76)
	at de.uka.ilkd.key.proof.io.KeYFile.readIncludes(KeYFile.java:208)
	... 14 more
Could not find rule file rules/intRulesCheckedSemantics.key (file: /home/runner/work/key/key/key.core/../key.ui/examples/index/.././standard_key/instanceCreation/testOverloadingConstructors.key; caused by: de.uka.ilkd.key.proof.init.ProofInputException: Could not find rule file rules/intRulesCheckedSemantics.key)
	at de.uka.ilkd.key.control.AbstractUserInterfaceControl.load(AbstractUserInterfaceControl.java:221)
	at de.uka.ilkd.key.control.KeYEnvironment.load(KeYEnvironment.java:251)
	at de.uka.ilkd.key.control.KeYEnvironment.load(KeYEnvironment.java:224)
	at de.uka.ilkd.key.control.KeYEnvironment.load(KeYEnvironment.java:184)
	at de.uka.ilkd.key.control.KeYEnvironment.load(KeYEnvironment.java:261)
	at de.uka.ilkd.key.proof.runallproofs.proofcollection.TestFile.load(TestFile.java:270)
	at de.uka.ilkd.key.proof.runallproofs.proofcollection.TestFile.runKey(TestFile.java:160)
	at de.uka.ilkd.key.proof.runallproofs.proofcollection.ForkedTestFileRunner.main(ForkedTestFileRunner.java:171)
Caused by: de.uka.ilkd.key.proof.init.ProofInputException: Could not find rule file rules/intRulesCheckedSemantics.key
	at de.uka.ilkd.key.proof.io.KeYFile.readIncludes(KeYFile.java:210)
	at de.uka.ilkd.key.proof.init.ProblemInitializer.readIncludes(ProblemInitializer.java:177)
	at de.uka.ilkd.key.proof.init.ProblemInitializer.readEnvInput(ProblemInitializer.java:325)
	at de.uka.ilkd.key.proof.init.ProblemInitializer.prepare(ProblemInitializer.java:449)
	at de.uka.ilkd.key.proof.io.AbstractProblemLoader.createInitConfig(AbstractProblemLoader.java:518)
	at de.uka.ilkd.key.proof.io.AbstractProblemLoader.loadEnvironment(AbstractProblemLoader.java:288)
	at de.uka.ilkd.key.proof.io.AbstractProblemLoader.load(AbstractProblemLoader.java:252)
	at de.uka.ilkd.key.control.AbstractUserInterfaceControl.load(AbstractUserInterfaceControl.java:209)
	... 7 more
Caused by: java.lang.RuntimeException: Could not find rule file rules/intRulesCheckedSemantics.key
	at de.uka.ilkd.key.proof.io.RuleSourceFactory.fromBuiltInRule(RuleSourceFactory.java:32)
	at de.uka.ilkd.key.proof.io.RuleSourceFactory.fromDefaultLocation(RuleSourceFactory.java:21)
	at de.uka.ilkd.key.nparser.builder.IncludeFinder.addInclude(IncludeFinder.java:63)
	at de.uka.ilkd.key.nparser.builder.IncludeFinder.visitOne_include(IncludeFinder.java:43)
	at de.uka.ilkd.key.nparser.builder.IncludeFinder.visitOne_include(IncludeFinder.java:20)
	at de.uka.ilkd.key.nparser.KeYParser$One_includeContext.accept(KeYParser.java:878)
	at de.uka.ilkd.key.nparser.builder.AbstractBuilder.lambda$mapOf$0(AbstractBuilder.java:112)
	at java.base/java.util.stream.ReferencePipeline$3$1.accept(ReferencePipeline.java:195)
	at java.base/java.util.ArrayList$ArrayListSpliterator.forEachRemaining(ArrayList.java:1655)
	at java.base/java.util.stream.AbstractPipeline.copyInto(AbstractPipeline.java:484)
	at java.base/java.util.stream.AbstractPipeline.wrapAndCopyInto(AbstractPipeline.java:474)
	at java.base/java.util.stream.ReduceOps$ReduceOp.evaluateSequential(ReduceOps.java:913)
	at java.base/java.util.stream.AbstractPipeline.evaluate(AbstractPipeline.java:234)
	at java.base/java.util.stream.ReferencePipeline.collect(ReferencePipeline.java:578)
	at de.uka.ilkd.key.nparser.builder.AbstractBuilder.mapOf(AbstractBuilder.java:112)
	at de.uka.ilkd.key.nparser.builder.IncludeFinder.visitOne_include_statement(IncludeFinder.java:35)
	at de.uka.ilkd.key.nparser.builder.IncludeFinder.visitOne_include_statement(IncludeFinder.java:20)
	at de.uka.ilkd.key.nparser.KeYParser$One_include_statementContext.accept(KeYParser.java:802)
	at org.antlr.v4.runtime.tree.AbstractParseTreeVisitor.visitChildren(AbstractParseTreeVisitor.java:46)
	at de.uka.ilkd.key.nparser.KeYParserBaseVisitor.visitDecls(KeYParserBaseVisitor.java:30)
	at de.uka.ilkd.key.nparser.KeYParser$DeclsContext.accept(KeYParser.java:500)
	at org.antlr.v4.runtime.tree.AbstractParseTreeVisitor.visitChildren(AbstractParseTreeVisitor.java:46)
	at de.uka.ilkd.key.nparser.KeYParserBaseVisitor.visitFile(KeYParserBaseVisitor.java:23)
	at de.uka.ilkd.key.nparser.KeYParser$FileContext.accept(KeYParser.java:306)
	at de.uka.ilkd.key.nparser.KeyAst.accept(KeyAst.java:41)
	at de.uka.ilkd.key.nparser.KeyAst$File.getIncludes(KeyAst.java:76)
	at de.uka.ilkd.key.proof.io.KeYFile.readIncludes(KeYFile.java:208)
	... 14 more
Could not find rule file rules/intRulesCheckedSemantics.key (file: /home/runner/work/key/key/key.core/../key.ui/examples/index/.././standard_key/java_dl/SimpleAttributes.key; caused by: de.uka.ilkd.key.proof.init.ProofInputException: Could not find rule file rules/intRulesCheckedSemantics.key)
	at de.uka.ilkd.key.control.AbstractUserInterfaceControl.load(AbstractUserInterfaceControl.java:221)
	at de.uka.ilkd.key.control.KeYEnvironment.load(KeYEnvironment.java:251)
	at de.uka.ilkd.key.control.KeYEnvironment.load(KeYEnvironment.java:224)
	at de.uka.ilkd.key.control.KeYEnvironment.load(KeYEnvironment.java:184)
	at de.uka.ilkd.key.control.KeYEnvironment.load(KeYEnvironment.java:261)
	at de.uka.ilkd.key.proof.runallproofs.proofcollection.TestFile.load(TestFile.java:270)
	at de.uka.ilkd.key.proof.runallproofs.proofcollection.TestFile.runKey(TestFile.java:160)
	at de.uka.ilkd.key.proof.runallproofs.proofcollection.ForkedTestFileRunner.main(ForkedTestFileRunner.java:171)
Caused by: de.uka.ilkd.key.proof.init.ProofInputException: Could not find rule file rules/intRulesCheckedSemantics.key
	at de.uka.ilkd.key.proof.io.KeYFile.readIncludes(KeYFile.java:210)
	at de.uka.ilkd.key.proof.init.ProblemInitializer.readIncludes(ProblemInitializer.java:177)
	at de.uka.ilkd.key.proof.init.ProblemInitializer.readEnvInput(ProblemInitializer.java:325)
	at de.uka.ilkd.key.proof.init.ProblemInitializer.prepare(ProblemInitializer.java:449)
	at de.uka.ilkd.key.proof.io.AbstractProblemLoader.createInitConfig(AbstractProblemLoader.java:518)
	at de.uka.ilkd.key.proof.io.AbstractProblemLoader.loadEnvironment(AbstractProblemLoader.java:288)
	at de.uka.ilkd.key.proof.io.AbstractProblemLoader.load(AbstractProblemLoader.java:252)
	at de.uka.ilkd.key.control.AbstractUserInterfaceControl.load(AbstractUserInterfaceControl.java:209)
	... 7 more
Caused by: java.lang.RuntimeException: Could not find rule file rules/intRulesCheckedSemantics.key
	at de.uka.ilkd.key.proof.io.RuleSourceFactory.fromBuiltInRule(RuleSourceFactory.java:32)
	at de.uka.ilkd.key.proof.io.RuleSourceFactory.fromDefaultLocation(RuleSourceFactory.java:21)
	at de.uka.ilkd.key.nparser.builder.IncludeFinder.addInclude(IncludeFinder.java:63)
	at de.uka.ilkd.key.nparser.builder.IncludeFinder.visitOne_include(IncludeFinder.java:43)
	at de.uka.ilkd.key.nparser.builder.IncludeFinder.visitOne_include(IncludeFinder.java:20)
	at de.uka.ilkd.key.nparser.KeYParser$One_includeContext.accept(KeYParser.java:878)
	at de.uka.ilkd.key.nparser.builder.AbstractBuilder.lambda$mapOf$0(AbstractBuilder.java:112)
	at java.base/java.util.stream.ReferencePipeline$3$1.accept(ReferencePipeline.java:195)
	at java.base/java.util.ArrayList$ArrayListSpliterator.forEachRemaining(ArrayList.java:1655)
	at java.base/java.util.stream.AbstractPipeline.copyInto(AbstractPipeline.java:484)
	at java.base/java.util.stream.AbstractPipeline.wrapAndCopyInto(AbstractPipeline.java:474)
	at java.base/java.util.stream.ReduceOps$ReduceOp.evaluateSequential(ReduceOps.java:913)
	at java.base/java.util.stream.AbstractPipeline.evaluate(AbstractPipeline.java:234)
	at java.base/java.util.stream.ReferencePipeline.collect(ReferencePipeline.java:578)
	at de.uka.ilkd.key.nparser.builder.AbstractBuilder.mapOf(AbstractBuilder.java:112)
	at de.uka.ilkd.key.nparser.builder.IncludeFinder.visitOne_include_statement(IncludeFinder.java:35)
	at de.uka.ilkd.key.nparser.builder.IncludeFinder.visitOne_include_statement(IncludeFinder.java:20)
	at de.uka.ilkd.key.nparser.KeYParser$One_include_statementContext.accept(KeYParser.java:802)
	at org.antlr.v4.runtime.tree.AbstractParseTreeVisitor.visitChildren(AbstractParseTreeVisitor.java:46)
	at de.uka.ilkd.key.nparser.KeYParserBaseVisitor.visitDecls(KeYParserBaseVisitor.java:30)
	at de.uka.ilkd.key.nparser.KeYParser$DeclsContext.accept(KeYParser.java:500)
	at org.antlr.v4.runtime.tree.AbstractParseTreeVisitor.visitChildren(AbstractParseTreeVisitor.java:46)
	at de.uka.ilkd.key.nparser.KeYParserBaseVisitor.visitFile(KeYParserBaseVisitor.java:23)
	at de.uka.ilkd.key.nparser.KeYParser$FileContext.accept(KeYParser.java:306)
	at de.uka.ilkd.key.nparser.KeyAst.accept(KeyAst.java:41)
	at de.uka.ilkd.key.nparser.KeyAst$File.getIncludes(KeyAst.java:76)
	at de.uka.ilkd.key.proof.io.KeYFile.readIncludes(KeYFile.java:208)
	... 14 more
Could not find rule file rules/intRulesCheckedSemantics.key (file: /home/runner/work/key/key/key.core/../key.ui/examples/index/.././standard_key/java_dl/arrayMax.key; caused by: de.uka.ilkd.key.proof.init.ProofInputException: Could not find rule file rules/intRulesCheckedSemantics.key)
	at de.uka.ilkd.key.control.AbstractUserInterfaceControl.load(AbstractUserInterfaceControl.java:221)
	at de.uka.ilkd.key.control.KeYEnvironment.load(KeYEnvironment.java:251)
	at de.uka.ilkd.key.control.KeYEnvironment.load(KeYEnvironment.java:224)
	at de.uka.ilkd.key.control.KeYEnvironment.load(KeYEnvironment.java:184)
	at de.uka.ilkd.key.control.KeYEnvironment.load(KeYEnvironment.java:261)
	at de.uka.ilkd.key.proof.runallproofs.proofcollection.TestFile.load(TestFile.java:270)
	at de.uka.ilkd.key.proof.runallproofs.proofcollection.TestFile.runKey(TestFile.java:160)
	at de.uka.ilkd.key.proof.runallproofs.proofcollection.ForkedTestFileRunner.main(ForkedTestFileRunner.java:171)
Caused by: de.uka.ilkd.key.proof.init.ProofInputException: Could not find rule file rules/intRulesCheckedSemantics.key
	at de.uka.ilkd.key.proof.io.KeYFile.readIncludes(KeYFile.java:210)
	at de.uka.ilkd.key.proof.init.ProblemInitializer.readIncludes(ProblemInitializer.java:177)
	at de.uka.ilkd.key.proof.init.ProblemInitializer.readEnvInput(ProblemInitializer.java:325)
	at de.uka.ilkd.key.proof.init.ProblemInitializer.prepare(ProblemInitializer.java:449)
	at de.uka.ilkd.key.proof.io.AbstractProblemLoader.createInitConfig(AbstractProblemLoader.java:518)
	at de.uka.ilkd.key.proof.io.AbstractProblemLoader.loadEnvironment(AbstractProblemLoader.java:288)
	at de.uka.ilkd.key.proof.io.AbstractProblemLoader.load(AbstractProblemLoader.java:252)
	at de.uka.ilkd.key.control.AbstractUserInterfaceControl.load(AbstractUserInterfaceControl.java:209)
	... 7 more
Caused by: java.lang.RuntimeException: Could not find rule file rules/intRulesCheckedSemantics.key
	at de.uka.ilkd.key.proof.io.RuleSourceFactory.fromBuiltInRule(RuleSourceFactory.java:32)
	at de.uka.ilkd.key.proof.io.RuleSourceFactory.fromDefaultLocation(RuleSourceFactory.java:21)
	at de.uka.ilkd.key.nparser.builder.IncludeFinder.addInclude(IncludeFinder.java:63)
	at de.uka.ilkd.key.nparser.builder.IncludeFinder.visitOne_include(IncludeFinder.java:43)
	at de.uka.ilkd.key.nparser.builder.IncludeFinder.visitOne_include(IncludeFinder.java:20)
	at de.uka.ilkd.key.nparser.KeYParser$One_includeContext.accept(KeYParser.java:878)
	at de.uka.ilkd.key.nparser.builder.AbstractBuilder.lambda$mapOf$0(AbstractBuilder.java:112)
	at java.base/java.util.stream.ReferencePipeline$3$1.accept(ReferencePipeline.java:195)
	at java.base/java.util.ArrayList$ArrayListSpliterator.forEachRemaining(ArrayList.java:1655)
	at java.base/java.util.stream.AbstractPipeline.copyInto(AbstractPipeline.java:484)
	at java.base/java.util.stream.AbstractPipeline.wrapAndCopyInto(AbstractPipeline.java:474)
	at java.base/java.util.stream.ReduceOps$ReduceOp.evaluateSequential(ReduceOps.java:913)
	at java.base/java.util.stream.AbstractPipeline.evaluate(AbstractPipeline.java:234)
	at java.base/java.util.stream.ReferencePipeline.collect(ReferencePipeline.java:578)
	at de.uka.ilkd.key.nparser.builder.AbstractBuilder.mapOf(AbstractBuilder.java:112)
	at de.uka.ilkd.key.nparser.builder.IncludeFinder.visitOne_include_statement(IncludeFinder.java:35)
	at de.uka.ilkd.key.nparser.builder.IncludeFinder.visitOne_include_statement(IncludeFinder.java:20)
	at de.uka.ilkd.key.nparser.KeYParser$One_include_statementContext.accept(KeYParser.java:802)
	at org.antlr.v4.runtime.tree.AbstractParseTreeVisitor.visitChildren(AbstractParseTreeVisitor.java:46)
	at de.uka.ilkd.key.nparser.KeYParserBaseVisitor.visitDecls(KeYParserBaseVisitor.java:30)
	at de.uka.ilkd.key.nparser.KeYParser$DeclsContext.accept(KeYParser.java:500)
	at org.antlr.v4.runtime.tree.AbstractParseTreeVisitor.visitChildren(AbstractParseTreeVisitor.java:46)
	at de.uka.ilkd.key.nparser.KeYParserBaseVisitor.visitFile(KeYParserBaseVisitor.java:23)
	at de.uka.ilkd.key.nparser.KeYParser$FileContext.accept(KeYParser.java:306)
	at de.uka.ilkd.key.nparser.KeyAst.accept(KeyAst.java:41)
	at de.uka.ilkd.key.nparser.KeyAst$File.getIncludes(KeyAst.java:76)
	at de.uka.ilkd.key.proof.io.KeYFile.readIncludes(KeYFile.java:208)
	... 14 more
Could not find rule file rules/intRulesCheckedSemantics.key (file: /home/runner/work/key/key/key.core/../key.ui/examples/index/.././standard_key/java_dl/arrayUpdateSimp.key; caused by: de.uka.ilkd.key.proof.init.ProofInputException: Could not find rule file rules/intRulesCheckedSemantics.key)
	at de.uka.ilkd.key.control.AbstractUserInterfaceControl.load(AbstractUserInterfaceControl.java:221)
	at de.uka.ilkd.key.control.KeYEnvironment.load(KeYEnvironment.java:251)
	at de.uka.ilkd.key.control.KeYEnvironment.load(KeYEnvironment.java:224)
	at de.uka.ilkd.key.control.KeYEnvironment.load(KeYEnvironment.java:184)
	at de.uka.ilkd.key.control.KeYEnvironment.load(KeYEnvironment.java:261)
	at de.uka.ilkd.key.proof.runallproofs.proofcollection.TestFile.load(TestFile.java:270)
	at de.uka.ilkd.key.proof.runallproofs.proofcollection.TestFile.runKey(TestFile.java:160)
	at de.uka.ilkd.key.proof.runallproofs.proofcollection.ForkedTestFileRunner.main(ForkedTestFileRunner.java:171)
Caused by: de.uka.ilkd.key.proof.init.ProofInputException: Could not find rule file rules/intRulesCheckedSemantics.key
	at de.uka.ilkd.key.proof.io.KeYFile.readIncludes(KeYFile.java:210)
	at de.uka.ilkd.key.proof.init.ProblemInitializer.readIncludes(ProblemInitializer.java:177)
	at de.uka.ilkd.key.proof.init.ProblemInitializer.readEnvInput(ProblemInitializer.java:325)
	at de.uka.ilkd.key.proof.init.ProblemInitializer.prepare(ProblemInitializer.java:449)
	at de.uka.ilkd.key.proof.io.AbstractProblemLoader.createInitConfig(AbstractProblemLoader.java:518)
	at de.uka.ilkd.key.proof.io.AbstractProblemLoader.loadEnvironment(AbstractProblemLoader.java:288)
	at de.uka.ilkd.key.proof.io.AbstractProblemLoader.load(AbstractProblemLoader.java:252)
	at de.uka.ilkd.key.control.AbstractUserInterfaceControl.load(AbstractUserInterfaceControl.java:209)
	... 7 more
Caused by: java.lang.RuntimeException: Could not find rule file rules/intRulesCheckedSemantics.key
	at de.uka.ilkd.key.proof.io.RuleSourceFactory.fromBuiltInRule(RuleSourceFactory.java:32)
	at de.uka.ilkd.key.proof.io.RuleSourceFactory.fromDefaultLocation(RuleSourceFactory.java:21)
	at de.uka.ilkd.key.nparser.builder.IncludeFinder.addInclude(IncludeFinder.java:63)
	at de.uka.ilkd.key.nparser.builder.IncludeFinder.visitOne_include(IncludeFinder.java:43)
	at de.uka.ilkd.key.nparser.builder.IncludeFinder.visitOne_include(IncludeFinder.java:20)
	at de.uka.ilkd.key.nparser.KeYParser$One_includeContext.accept(KeYParser.java:878)
	at de.uka.ilkd.key.nparser.builder.AbstractBuilder.lambda$mapOf$0(AbstractBuilder.java:112)
	at java.base/java.util.stream.ReferencePipeline$3$1.accept(ReferencePipeline.java:195)
	at java.base/java.util.ArrayList$ArrayListSpliterator.forEachRemaining(ArrayList.java:1655)
	at java.base/java.util.stream.AbstractPipeline.copyInto(AbstractPipeline.java:484)
	at java.base/java.util.stream.AbstractPipeline.wrapAndCopyInto(AbstractPipeline.java:474)
	at java.base/java.util.stream.ReduceOps$ReduceOp.evaluateSequential(ReduceOps.java:913)
	at java.base/java.util.stream.AbstractPipeline.evaluate(AbstractPipeline.java:234)
	at java.base/java.util.stream.ReferencePipeline.collect(ReferencePipeline.java:578)
	at de.uka.ilkd.key.nparser.builder.AbstractBuilder.mapOf(AbstractBuilder.java:112)
	at de.uka.ilkd.key.nparser.builder.IncludeFinder.visitOne_include_statement(IncludeFinder.java:35)
	at de.uka.ilkd.key.nparser.builder.IncludeFinder.visitOne_include_statement(IncludeFinder.java:20)
	at de.uka.ilkd.key.nparser.KeYParser$One_include_statementContext.accept(KeYParser.java:802)
	at org.antlr.v4.runtime.tree.AbstractParseTreeVisitor.visitChildren(AbstractParseTreeVisitor.java:46)
	at de.uka.ilkd.key.nparser.KeYParserBaseVisitor.visitDecls(KeYParserBaseVisitor.java:30)
	at de.uka.ilkd.key.nparser.KeYParser$DeclsContext.accept(KeYParser.java:500)
	at org.antlr.v4.runtime.tree.AbstractParseTreeVisitor.visitChildren(AbstractParseTreeVisitor.java:46)
	at de.uka.ilkd.key.nparser.KeYParserBaseVisitor.visitFile(KeYParserBaseVisitor.java:23)
	at de.uka.ilkd.key.nparser.KeYParser$FileContext.accept(KeYParser.java:306)
	at de.uka.ilkd.key.nparser.KeyAst.accept(KeyAst.java:41)
	at de.uka.ilkd.key.nparser.KeyAst$File.getIncludes(KeyAst.java:76)
	at de.uka.ilkd.key.proof.io.KeYFile.readIncludes(KeYFile.java:208)
	... 14 more
Could not find rule file rules/intRulesCheckedSemantics.key (file: /home/runner/work/key/key/key.core/../key.ui/examples/index/.././standard_key/java_dl/attributes.key; caused by: de.uka.ilkd.key.proof.init.ProofInputException: Could not find rule file rules/intRulesCheckedSemantics.key)
	at de.uka.ilkd.key.control.AbstractUserInterfaceControl.load(AbstractUserInterfaceControl.java:221)
	at de.uka.ilkd.key.control.KeYEnvironment.load(KeYEnvironment.java:251)
	at de.uka.ilkd.key.control.KeYEnvironment.load(KeYEnvironment.java:224)
	at de.uka.ilkd.key.control.KeYEnvironment.load(KeYEnvironment.java:184)
	at de.uka.ilkd.key.control.KeYEnvironment.load(KeYEnvironment.java:261)
	at de.uka.ilkd.key.proof.runallproofs.proofcollection.TestFile.load(TestFile.java:270)
	at de.uka.ilkd.key.proof.runallproofs.proofcollection.TestFile.runKey(TestFile.java:160)
	at de.uka.ilkd.key.proof.runallproofs.proofcollection.ForkedTestFileRunner.main(ForkedTestFileRunner.java:171)
Caused by: de.uka.ilkd.key.proof.init.ProofInputException: Could not find rule file rules/intRulesCheckedSemantics.key
	at de.uka.ilkd.key.proof.io.KeYFile.readIncludes(KeYFile.java:210)
	at de.uka.ilkd.key.proof.init.ProblemInitializer.readIncludes(ProblemInitializer.java:177)
	at de.uka.ilkd.key.proof.init.ProblemInitializer.readEnvInput(ProblemInitializer.java:325)
	at de.uka.ilkd.key.proof.init.ProblemInitializer.prepare(ProblemInitializer.java:449)
	at de.uka.ilkd.key.proof.io.AbstractProblemLoader.createInitConfig(AbstractProblemLoader.java:518)
	at de.uka.ilkd.key.proof.io.AbstractProblemLoader.loadEnvironment(AbstractProblemLoader.java:288)
	at de.uka.ilkd.key.proof.io.AbstractProblemLoader.load(AbstractProblemLoader.java:252)
	at de.uka.ilkd.key.control.AbstractUserInterfaceControl.load(AbstractUserInterfaceControl.java:209)
	... 7 more
Caused by: java.lang.RuntimeException: Could not find rule file rules/intRulesCheckedSemantics.key
	at de.uka.ilkd.key.proof.io.RuleSourceFactory.fromBuiltInRule(RuleSourceFactory.java:32)
	at de.uka.ilkd.key.proof.io.RuleSourceFactory.fromDefaultLocation(RuleSourceFactory.java:21)
	at de.uka.ilkd.key.nparser.builder.IncludeFinder.addInclude(IncludeFinder.java:63)
	at de.uka.ilkd.key.nparser.builder.IncludeFinder.visitOne_include(IncludeFinder.java:43)
	at de.uka.ilkd.key.nparser.builder.IncludeFinder.visitOne_include(IncludeFinder.java:20)
	at de.uka.ilkd.key.nparser.KeYParser$One_includeContext.accept(KeYParser.java:878)
	at de.uka.ilkd.key.nparser.builder.AbstractBuilder.lambda$mapOf$0(AbstractBuilder.java:112)
	at java.base/java.util.stream.ReferencePipeline$3$1.accept(ReferencePipeline.java:195)
	at java.base/java.util.ArrayList$ArrayListSpliterator.forEachRemaining(ArrayList.java:1655)
	at java.base/java.util.stream.AbstractPipeline.copyInto(AbstractPipeline.java:484)
	at java.base/java.util.stream.AbstractPipeline.wrapAndCopyInto(AbstractPipeline.java:474)
	at java.base/java.util.stream.ReduceOps$ReduceOp.evaluateSequential(ReduceOps.java:913)
	at java.base/java.util.stream.AbstractPipeline.evaluate(AbstractPipeline.java:234)
	at java.base/java.util.stream.ReferencePipeline.collect(ReferencePipeline.java:578)
	at de.uka.ilkd.key.nparser.builder.AbstractBuilder.mapOf(AbstractBuilder.java:112)
	at de.uka.ilkd.key.nparser.builder.IncludeFinder.visitOne_include_statement(IncludeFinder.java:35)
	at de.uka.ilkd.key.nparser.builder.IncludeFinder.visitOne_include_statement(IncludeFinder.java:20)
	at de.uka.ilkd.key.nparser.KeYParser$One_include_statementContext.accept(KeYParser.java:802)
	at org.antlr.v4.runtime.tree.AbstractParseTreeVisitor.visitChildren(AbstractParseTreeVisitor.java:46)
	at de.uka.ilkd.key.nparser.KeYParserBaseVisitor.visitDecls(KeYParserBaseVisitor.java:30)
	at de.uka.ilkd.key.nparser.KeYParser$DeclsContext.accept(KeYParser.java:500)
	at org.antlr.v4.runtime.tree.AbstractParseTreeVisitor.visitChildren(AbstractParseTreeVisitor.java:46)
	at de.uka.ilkd.key.nparser.KeYParserBaseVisitor.visitFile(KeYParserBaseVisitor.java:23)
	at de.uka.ilkd.key.nparser.KeYParser$FileContext.accept(KeYParser.java:306)
	at de.uka.ilkd.key.nparser.KeyAst.accept(KeyAst.java:41)
	at de.uka.ilkd.key.nparser.KeyAst$File.getIncludes(KeyAst.java:76)
	at de.uka.ilkd.key.proof.io.KeYFile.readIncludes(KeYFile.java:208)
	... 14 more
Could not find rule file rules/intRulesCheckedSemantics.key (file: /home/runner/work/key/key/key.core/../key.ui/examples/index/.././standard_key/java_dl/break.key; caused by: de.uka.ilkd.key.proof.init.ProofInputException: Could not find rule file rules/intRulesCheckedSemantics.key)
	at de.uka.ilkd.key.control.AbstractUserInterfaceControl.load(AbstractUserInterfaceControl.java:221)
	at de.uka.ilkd.key.control.KeYEnvironment.load(KeYEnvironment.java:251)
	at de.uka.ilkd.key.control.KeYEnvironment.load(KeYEnvironment.java:224)
	at de.uka.ilkd.key.control.KeYEnvironment.load(KeYEnvironment.java:184)
	at de.uka.ilkd.key.control.KeYEnvironment.load(KeYEnvironment.java:261)
	at de.uka.ilkd.key.proof.runallproofs.proofcollection.TestFile.load(TestFile.java:270)
	at de.uka.ilkd.key.proof.runallproofs.proofcollection.TestFile.runKey(TestFile.java:160)
	at de.uka.ilkd.key.proof.runallproofs.proofcollection.ForkedTestFileRunner.main(ForkedTestFileRunner.java:171)
Caused by: de.uka.ilkd.key.proof.init.ProofInputException: Could not find rule file rules/intRulesCheckedSemantics.key
	at de.uka.ilkd.key.proof.io.KeYFile.readIncludes(KeYFile.java:210)
	at de.uka.ilkd.key.proof.init.ProblemInitializer.readIncludes(ProblemInitializer.java:177)
	at de.uka.ilkd.key.proof.init.ProblemInitializer.readEnvInput(ProblemInitializer.java:325)
	at de.uka.ilkd.key.proof.init.ProblemInitializer.prepare(ProblemInitializer.java:449)
	at de.uka.ilkd.key.proof.io.AbstractProblemLoader.createInitConfig(AbstractProblemLoader.java:518)
	at de.uka.ilkd.key.proof.io.AbstractProblemLoader.loadEnvironment(AbstractProblemLoader.java:288)
	at de.uka.ilkd.key.proof.io.AbstractProblemLoader.load(AbstractProblemLoader.java:252)
	at de.uka.ilkd.key.control.AbstractUserInterfaceControl.load(AbstractUserInterfaceControl.java:209)
	... 7 more
Caused by: java.lang.RuntimeException: Could not find rule file rules/intRulesCheckedSemantics.key
	at de.uka.ilkd.key.proof.io.RuleSourceFactory.fromBuiltInRule(RuleSourceFactory.java:32)
	at de.uka.ilkd.key.proof.io.RuleSourceFactory.fromDefaultLocation(RuleSourceFactory.java:21)
	at de.uka.ilkd.key.nparser.builder.IncludeFinder.addInclude(IncludeFinder.java:63)
	at de.uka.ilkd.key.nparser.builder.IncludeFinder.visitOne_include(IncludeFinder.java:43)
	at de.uka.ilkd.key.nparser.builder.IncludeFinder.visitOne_include(IncludeFinder.java:20)
	at de.uka.ilkd.key.nparser.KeYParser$One_includeContext.accept(KeYParser.java:878)
	at de.uka.ilkd.key.nparser.builder.AbstractBuilder.lambda$mapOf$0(AbstractBuilder.java:112)
	at java.base/java.util.stream.ReferencePipeline$3$1.accept(ReferencePipeline.java:195)
	at java.base/java.util.ArrayList$ArrayListSpliterator.forEachRemaining(ArrayList.java:1655)
	at java.base/java.util.stream.AbstractPipeline.copyInto(AbstractPipeline.java:484)
	at java.base/java.util.stream.AbstractPipeline.wrapAndCopyInto(AbstractPipeline.java:474)
	at java.base/java.util.stream.ReduceOps$ReduceOp.evaluateSequential(ReduceOps.java:913)
	at java.base/java.util.stream.AbstractPipeline.evaluate(AbstractPipeline.java:234)
	at java.base/java.util.stream.ReferencePipeline.collect(ReferencePipeline.java:578)
	at de.uka.ilkd.key.nparser.builder.AbstractBuilder.mapOf(AbstractBuilder.java:112)
	at de.uka.ilkd.key.nparser.builder.IncludeFinder.visitOne_include_statement(IncludeFinder.java:35)
	at de.uka.ilkd.key.nparser.builder.IncludeFinder.visitOne_include_statement(IncludeFinder.java:20)
	at de.uka.ilkd.key.nparser.KeYParser$One_include_statementContext.accept(KeYParser.java:802)
	at org.antlr.v4.runtime.tree.AbstractParseTreeVisitor.visitChildren(AbstractParseTreeVisitor.java:46)
	at de.uka.ilkd.key.nparser.KeYParserBaseVisitor.visitDecls(KeYParserBaseVisitor.java:30)
	at de.uka.ilkd.key.nparser.KeYParser$DeclsContext.accept(KeYParser.java:500)
	at org.antlr.v4.runtime.tree.AbstractParseTreeVisitor.visitChildren(AbstractParseTreeVisitor.java:46)
	at de.uka.ilkd.key.nparser.KeYParserBaseVisitor.visitFile(KeYParserBaseVisitor.java:23)
	at de.uka.ilkd.key.nparser.KeYParser$FileContext.accept(KeYParser.java:306)
	at de.uka.ilkd.key.nparser.KeyAst.accept(KeyAst.java:41)
	at de.uka.ilkd.key.nparser.KeyAst$File.getIncludes(KeyAst.java:76)
	at de.uka.ilkd.key.proof.io.KeYFile.readIncludes(KeYFile.java:208)
	... 14 more
Could not find rule file rules/intRulesCheckedSemantics.key (file: /home/runner/work/key/key/key.core/../key.ui/examples/index/.././standard_key/java_dl/char.key; caused by: de.uka.ilkd.key.proof.init.ProofInputException: Could not find rule file rules/intRulesCheckedSemantics.key)
	at de.uka.ilkd.key.control.AbstractUserInterfaceControl.load(AbstractUserInterfaceControl.java:221)
	at de.uka.ilkd.key.control.KeYEnvironment.load(KeYEnvironment.java:251)
	at de.uka.ilkd.key.control.KeYEnvironment.load(KeYEnvironment.java:224)
	at de.uka.ilkd.key.control.KeYEnvironment.load(KeYEnvironment.java:184)
	at de.uka.ilkd.key.control.KeYEnvironment.load(KeYEnvironment.java:261)
	at de.uka.ilkd.key.proof.runallproofs.proofcollection.TestFile.load(TestFile.java:270)
	at de.uka.ilkd.key.proof.runallproofs.proofcollection.TestFile.runKey(TestFile.java:160)
	at de.uka.ilkd.key.proof.runallproofs.proofcollection.ForkedTestFileRunner.main(ForkedTestFileRunner.java:171)
Caused by: de.uka.ilkd.key.proof.init.ProofInputException: Could not find rule file rules/intRulesCheckedSemantics.key
	at de.uka.ilkd.key.proof.io.KeYFile.readIncludes(KeYFile.java:210)
	at de.uka.ilkd.key.proof.init.ProblemInitializer.readIncludes(ProblemInitializer.java:177)
	at de.uka.ilkd.key.proof.init.ProblemInitializer.readEnvInput(ProblemInitializer.java:325)
	at de.uka.ilkd.key.proof.init.ProblemInitializer.prepare(ProblemInitializer.java:449)
	at de.uka.ilkd.key.proof.io.AbstractProblemLoader.createInitConfig(AbstractProblemLoader.java:518)
	at de.uka.ilkd.key.proof.io.AbstractProblemLoader.loadEnvironment(AbstractProblemLoader.java:288)
	at de.uka.ilkd.key.proof.io.AbstractProblemLoader.load(AbstractProblemLoader.java:252)
	at de.uka.ilkd.key.control.AbstractUserInterfaceControl.load(AbstractUserInterfaceControl.java:209)
	... 7 more
Caused by: java.lang.RuntimeException: Could not find rule file rules/intRulesCheckedSemantics.key
	at de.uka.ilkd.key.proof.io.RuleSourceFactory.fromBuiltInRule(RuleSourceFactory.java:32)
	at de.uka.ilkd.key.proof.io.RuleSourceFactory.fromDefaultLocation(RuleSourceFactory.java:21)
	at de.uka.ilkd.key.nparser.builder.IncludeFinder.addInclude(IncludeFinder.java:63)
	at de.uka.ilkd.key.nparser.builder.IncludeFinder.visitOne_include(IncludeFinder.java:43)
	at de.uka.ilkd.key.nparser.builder.IncludeFinder.visitOne_include(IncludeFinder.java:20)
	at de.uka.ilkd.key.nparser.KeYParser$One_includeContext.accept(KeYParser.java:878)
	at de.uka.ilkd.key.nparser.builder.AbstractBuilder.lambda$mapOf$0(AbstractBuilder.java:112)
	at java.base/java.util.stream.ReferencePipeline$3$1.accept(ReferencePipeline.java:195)
	at java.base/java.util.ArrayList$ArrayListSpliterator.forEachRemaining(ArrayList.java:1655)
	at java.base/java.util.stream.AbstractPipeline.copyInto(AbstractPipeline.java:484)
	at java.base/java.util.stream.AbstractPipeline.wrapAndCopyInto(AbstractPipeline.java:474)
	at java.base/java.util.stream.ReduceOps$ReduceOp.evaluateSequential(ReduceOps.java:913)
	at java.base/java.util.stream.AbstractPipeline.evaluate(AbstractPipeline.java:234)
	at java.base/java.util.stream.ReferencePipeline.collect(ReferencePipeline.java:578)
	at de.uka.ilkd.key.nparser.builder.AbstractBuilder.mapOf(AbstractBuilder.java:112)
	at de.uka.ilkd.key.nparser.builder.IncludeFinder.visitOne_include_statement(IncludeFinder.java:35)
	at de.uka.ilkd.key.nparser.builder.IncludeFinder.visitOne_include_statement(IncludeFinder.java:20)
	at de.uka.ilkd.key.nparser.KeYParser$One_include_statementContext.accept(KeYParser.java:802)
	at org.antlr.v4.runtime.tree.AbstractParseTreeVisitor.visitChildren(AbstractParseTreeVisitor.java:46)
	at de.uka.ilkd.key.nparser.KeYParserBaseVisitor.visitDecls(KeYParserBaseVisitor.java:30)
	at de.uka.ilkd.key.nparser.KeYParser$DeclsContext.accept(KeYParser.java:500)
	at org.antlr.v4.runtime.tree.AbstractParseTreeVisitor.visitChildren(AbstractParseTreeVisitor.java:46)
	at de.uka.ilkd.key.nparser.KeYParserBaseVisitor.visitFile(KeYParserBaseVisitor.java:23)
	at de.uka.ilkd.key.nparser.KeYParser$FileContext.accept(KeYParser.java:306)
	at de.uka.ilkd.key.nparser.KeyAst.accept(KeyAst.java:41)
	at de.uka.ilkd.key.nparser.KeyAst$File.getIncludes(KeyAst.java:76)
	at de.uka.ilkd.key.proof.io.KeYFile.readIncludes(KeYFile.java:208)
	... 14 more
Could not find rule file rules/intRulesCheckedSemantics.key (file: /home/runner/work/key/key/key.core/../key.ui/examples/index/.././standard_key/java_dl/compileTimeConstants.key; caused by: de.uka.ilkd.key.proof.init.ProofInputException: Could not find rule file rules/intRulesCheckedSemantics.key)
	at de.uka.ilkd.key.control.AbstractUserInterfaceControl.load(AbstractUserInterfaceControl.java:221)
	at de.uka.ilkd.key.control.KeYEnvironment.load(KeYEnvironment.java:251)
	at de.uka.ilkd.key.control.KeYEnvironment.load(KeYEnvironment.java:224)
	at de.uka.ilkd.key.control.KeYEnvironment.load(KeYEnvironment.java:184)
	at de.uka.ilkd.key.control.KeYEnvironment.load(KeYEnvironment.java:261)
	at de.uka.ilkd.key.proof.runallproofs.proofcollection.TestFile.load(TestFile.java:270)
	at de.uka.ilkd.key.proof.runallproofs.proofcollection.TestFile.runKey(TestFile.java:160)
	at de.uka.ilkd.key.proof.runallproofs.proofcollection.ForkedTestFileRunner.main(ForkedTestFileRunner.java:171)
Caused by: de.uka.ilkd.key.proof.init.ProofInputException: Could not find rule file rules/intRulesCheckedSemantics.key
	at de.uka.ilkd.key.proof.io.KeYFile.readIncludes(KeYFile.java:210)
	at de.uka.ilkd.key.proof.init.ProblemInitializer.readIncludes(ProblemInitializer.java:177)
	at de.uka.ilkd.key.proof.init.ProblemInitializer.readEnvInput(ProblemInitializer.java:325)
	at de.uka.ilkd.key.proof.init.ProblemInitializer.prepare(ProblemInitializer.java:449)
	at de.uka.ilkd.key.proof.io.AbstractProblemLoader.createInitConfig(AbstractProblemLoader.java:518)
	at de.uka.ilkd.key.proof.io.AbstractProblemLoader.loadEnvironment(AbstractProblemLoader.java:288)
	at de.uka.ilkd.key.proof.io.AbstractProblemLoader.load(AbstractProblemLoader.java:252)
	at de.uka.ilkd.key.control.AbstractUserInterfaceControl.load(AbstractUserInterfaceControl.java:209)
	... 7 more
Caused by: java.lang.RuntimeException: Could not find rule file rules/intRulesCheckedSemantics.key
	at de.uka.ilkd.key.proof.io.RuleSourceFactory.fromBuiltInRule(RuleSourceFactory.java:32)
	at de.uka.ilkd.key.proof.io.RuleSourceFactory.fromDefaultLocation(RuleSourceFactory.java:21)
	at de.uka.ilkd.key.nparser.builder.IncludeFinder.addInclude(IncludeFinder.java:63)
	at de.uka.ilkd.key.nparser.builder.IncludeFinder.visitOne_include(IncludeFinder.java:43)
	at de.uka.ilkd.key.nparser.builder.IncludeFinder.visitOne_include(IncludeFinder.java:20)
	at de.uka.ilkd.key.nparser.KeYParser$One_includeContext.accept(KeYParser.java:878)
	at de.uka.ilkd.key.nparser.builder.AbstractBuilder.lambda$mapOf$0(AbstractBuilder.java:112)
	at java.base/java.util.stream.ReferencePipeline$3$1.accept(ReferencePipeline.java:195)
	at java.base/java.util.ArrayList$ArrayListSpliterator.forEachRemaining(ArrayList.java:1655)
	at java.base/java.util.stream.AbstractPipeline.copyInto(AbstractPipeline.java:484)
	at java.base/java.util.stream.AbstractPipeline.wrapAndCopyInto(AbstractPipeline.java:474)
	at java.base/java.util.stream.ReduceOps$ReduceOp.evaluateSequential(ReduceOps.java:913)
	at java.base/java.util.stream.AbstractPipeline.evaluate(AbstractPipeline.java:234)
	at java.base/java.util.stream.ReferencePipeline.collect(ReferencePipeline.java:578)
	at de.uka.ilkd.key.nparser.builder.AbstractBuilder.mapOf(AbstractBuilder.java:112)
	at de.uka.ilkd.key.nparser.builder.IncludeFinder.visitOne_include_statement(IncludeFinder.java:35)
	at de.uka.ilkd.key.nparser.builder.IncludeFinder.visitOne_include_statement(IncludeFinder.java:20)
	at de.uka.ilkd.key.nparser.KeYParser$One_include_statementContext.accept(KeYParser.java:802)
	at org.antlr.v4.runtime.tree.AbstractParseTreeVisitor.visitChildren(AbstractParseTreeVisitor.java:46)
	at de.uka.ilkd.key.nparser.KeYParserBaseVisitor.visitDecls(KeYParserBaseVisitor.java:30)
	at de.uka.ilkd.key.nparser.KeYParser$DeclsContext.accept(KeYParser.java:500)
	at org.antlr.v4.runtime.tree.AbstractParseTreeVisitor.visitChildren(AbstractParseTreeVisitor.java:46)
	at de.uka.ilkd.key.nparser.KeYParserBaseVisitor.visitFile(KeYParserBaseVisitor.java:23)
	at de.uka.ilkd.key.nparser.KeYParser$FileContext.accept(KeYParser.java:306)
	at de.uka.ilkd.key.nparser.KeyAst.accept(KeyAst.java:41)
	at de.uka.ilkd.key.nparser.KeyAst$File.getIncludes(KeyAst.java:76)
	at de.uka.ilkd.key.proof.io.KeYFile.readIncludes(KeYFile.java:208)
	... 14 more
Could not find rule file rules/intRulesCheckedSemantics.key (file: /home/runner/work/key/key/key.core/../key.ui/examples/index/.././standard_key/java_dl/constructorException/test.key; caused by: de.uka.ilkd.key.proof.init.ProofInputException: Could not find rule file rules/intRulesCheckedSemantics.key)
	at de.uka.ilkd.key.control.AbstractUserInterfaceControl.load(AbstractUserInterfaceControl.java:221)
	at de.uka.ilkd.key.control.KeYEnvironment.load(KeYEnvironment.java:251)
	at de.uka.ilkd.key.control.KeYEnvironment.load(KeYEnvironment.java:224)
	at de.uka.ilkd.key.control.KeYEnvironment.load(KeYEnvironment.java:184)
	at de.uka.ilkd.key.control.KeYEnvironment.load(KeYEnvironment.java:261)
	at de.uka.ilkd.key.proof.runallproofs.proofcollection.TestFile.load(TestFile.java:270)
	at de.uka.ilkd.key.proof.runallproofs.proofcollection.TestFile.runKey(TestFile.java:160)
	at de.uka.ilkd.key.proof.runallproofs.proofcollection.ForkedTestFileRunner.main(ForkedTestFileRunner.java:171)
Caused by: de.uka.ilkd.key.proof.init.ProofInputException: Could not find rule file rules/intRulesCheckedSemantics.key
	at de.uka.ilkd.key.proof.io.KeYFile.readIncludes(KeYFile.java:210)
	at de.uka.ilkd.key.proof.init.ProblemInitializer.readIncludes(ProblemInitializer.java:177)
	at de.uka.ilkd.key.proof.init.ProblemInitializer.readEnvInput(ProblemInitializer.java:325)
	at de.uka.ilkd.key.proof.init.ProblemInitializer.prepare(ProblemInitializer.java:449)
	at de.uka.ilkd.key.proof.io.AbstractProblemLoader.createInitConfig(AbstractProblemLoader.java:518)
	at de.uka.ilkd.key.proof.io.AbstractProblemLoader.loadEnvironment(AbstractProblemLoader.java:288)
	at de.uka.ilkd.key.proof.io.AbstractProblemLoader.load(AbstractProblemLoader.java:252)
	at de.uka.ilkd.key.control.AbstractUserInterfaceControl.load(AbstractUserInterfaceControl.java:209)
	... 7 more
Caused by: java.lang.RuntimeException: Could not find rule file rules/intRulesCheckedSemantics.key
	at de.uka.ilkd.key.proof.io.RuleSourceFactory.fromBuiltInRule(RuleSourceFactory.java:32)
	at de.uka.ilkd.key.proof.io.RuleSourceFactory.fromDefaultLocation(RuleSourceFactory.java:21)
	at de.uka.ilkd.key.nparser.builder.IncludeFinder.addInclude(IncludeFinder.java:63)
	at de.uka.ilkd.key.nparser.builder.IncludeFinder.visitOne_include(IncludeFinder.java:43)
	at de.uka.ilkd.key.nparser.builder.IncludeFinder.visitOne_include(IncludeFinder.java:20)
	at de.uka.ilkd.key.nparser.KeYParser$One_includeContext.accept(KeYParser.java:878)
	at de.uka.ilkd.key.nparser.builder.AbstractBuilder.lambda$mapOf$0(AbstractBuilder.java:112)
	at java.base/java.util.stream.ReferencePipeline$3$1.accept(ReferencePipeline.java:195)
	at java.base/java.util.ArrayList$ArrayListSpliterator.forEachRemaining(ArrayList.java:1655)
	at java.base/java.util.stream.AbstractPipeline.copyInto(AbstractPipeline.java:484)
	at java.base/java.util.stream.AbstractPipeline.wrapAndCopyInto(AbstractPipeline.java:474)
	at java.base/java.util.stream.ReduceOps$ReduceOp.evaluateSequential(ReduceOps.java:913)
	at java.base/java.util.stream.AbstractPipeline.evaluate(AbstractPipeline.java:234)
	at java.base/java.util.stream.ReferencePipeline.collect(ReferencePipeline.java:578)
	at de.uka.ilkd.key.nparser.builder.AbstractBuilder.mapOf(AbstractBuilder.java:112)
	at de.uka.ilkd.key.nparser.builder.IncludeFinder.visitOne_include_statement(IncludeFinder.java:35)
	at de.uka.ilkd.key.nparser.builder.IncludeFinder.visitOne_include_statement(IncludeFinder.java:20)
	at de.uka.ilkd.key.nparser.KeYParser$One_include_statementContext.accept(KeYParser.java:802)
	at org.antlr.v4.runtime.tree.AbstractParseTreeVisitor.visitChildren(AbstractParseTreeVisitor.java:46)
	at de.uka.ilkd.key.nparser.KeYParserBaseVisitor.visitDecls(KeYParserBaseVisitor.java:30)
	at de.uka.ilkd.key.nparser.KeYParser$DeclsContext.accept(KeYParser.java:500)
	at org.antlr.v4.runtime.tree.AbstractParseTreeVisitor.visitChildren(AbstractParseTreeVisitor.java:46)
	at de.uka.ilkd.key.nparser.KeYParserBaseVisitor.visitFile(KeYParserBaseVisitor.java:23)
	at de.uka.ilkd.key.nparser.KeYParser$FileContext.accept(KeYParser.java:306)
	at de.uka.ilkd.key.nparser.KeyAst.accept(KeyAst.java:41)
	at de.uka.ilkd.key.nparser.KeyAst$File.getIncludes(KeyAst.java:76)
	at de.uka.ilkd.key.proof.io.KeYFile.readIncludes(KeYFile.java:208)
	... 14 more
Could not find rule file rules/intRulesCheckedSemantics.key (file: /home/runner/work/key/key/key.core/../key.ui/examples/index/.././standard_key/java_dl/constructorException/regressionTestBug1333.key; caused by: de.uka.ilkd.key.proof.init.ProofInputException: Could not find rule file rules/intRulesCheckedSemantics.key)
	at de.uka.ilkd.key.control.AbstractUserInterfaceControl.load(AbstractUserInterfaceControl.java:221)
	at de.uka.ilkd.key.control.KeYEnvironment.load(KeYEnvironment.java:251)
	at de.uka.ilkd.key.control.KeYEnvironment.load(KeYEnvironment.java:224)
	at de.uka.ilkd.key.control.KeYEnvironment.load(KeYEnvironment.java:184)
	at de.uka.ilkd.key.control.KeYEnvironment.load(KeYEnvironment.java:261)
	at de.uka.ilkd.key.proof.runallproofs.proofcollection.TestFile.load(TestFile.java:270)
	at de.uka.ilkd.key.proof.runallproofs.proofcollection.TestFile.runKey(TestFile.java:160)
	at de.uka.ilkd.key.proof.runallproofs.proofcollection.ForkedTestFileRunner.main(ForkedTestFileRunner.java:171)
Caused by: de.uka.ilkd.key.proof.init.ProofInputException: Could not find rule file rules/intRulesCheckedSemantics.key
	at de.uka.ilkd.key.proof.io.KeYFile.readIncludes(KeYFile.java:210)
	at de.uka.ilkd.key.proof.init.ProblemInitializer.readIncludes(ProblemInitializer.java:177)
	at de.uka.ilkd.key.proof.init.ProblemInitializer.readEnvInput(ProblemInitializer.java:325)
	at de.uka.ilkd.key.proof.init.ProblemInitializer.prepare(ProblemInitializer.java:449)
	at de.uka.ilkd.key.proof.io.AbstractProblemLoader.createInitConfig(AbstractProblemLoader.java:518)
	at de.uka.ilkd.key.proof.io.AbstractProblemLoader.loadEnvironment(AbstractProblemLoader.java:288)
	at de.uka.ilkd.key.proof.io.AbstractProblemLoader.load(AbstractProblemLoader.java:252)
	at de.uka.ilkd.key.control.AbstractUserInterfaceControl.load(AbstractUserInterfaceControl.java:209)
	... 7 more
Caused by: java.lang.RuntimeException: Could not find rule file rules/intRulesCheckedSemantics.key
	at de.uka.ilkd.key.proof.io.RuleSourceFactory.fromBuiltInRule(RuleSourceFactory.java:32)
	at de.uka.ilkd.key.proof.io.RuleSourceFactory.fromDefaultLocation(RuleSourceFactory.java:21)
	at de.uka.ilkd.key.nparser.builder.IncludeFinder.addInclude(IncludeFinder.java:63)
	at de.uka.ilkd.key.nparser.builder.IncludeFinder.visitOne_include(IncludeFinder.java:43)
	at de.uka.ilkd.key.nparser.builder.IncludeFinder.visitOne_include(IncludeFinder.java:20)
	at de.uka.ilkd.key.nparser.KeYParser$One_includeContext.accept(KeYParser.java:878)
	at de.uka.ilkd.key.nparser.builder.AbstractBuilder.lambda$mapOf$0(AbstractBuilder.java:112)
	at java.base/java.util.stream.ReferencePipeline$3$1.accept(ReferencePipeline.java:195)
	at java.base/java.util.ArrayList$ArrayListSpliterator.forEachRemaining(ArrayList.java:1655)
	at java.base/java.util.stream.AbstractPipeline.copyInto(AbstractPipeline.java:484)
	at java.base/java.util.stream.AbstractPipeline.wrapAndCopyInto(AbstractPipeline.java:474)
	at java.base/java.util.stream.ReduceOps$ReduceOp.evaluateSequential(ReduceOps.java:913)
	at java.base/java.util.stream.AbstractPipeline.evaluate(AbstractPipeline.java:234)
	at java.base/java.util.stream.ReferencePipeline.collect(ReferencePipeline.java:578)
	at de.uka.ilkd.key.nparser.builder.AbstractBuilder.mapOf(AbstractBuilder.java:112)
	at de.uka.ilkd.key.nparser.builder.IncludeFinder.visitOne_include_statement(IncludeFinder.java:35)
	at de.uka.ilkd.key.nparser.builder.IncludeFinder.visitOne_include_statement(IncludeFinder.java:20)
	at de.uka.ilkd.key.nparser.KeYParser$One_include_statementContext.accept(KeYParser.java:802)
	at org.antlr.v4.runtime.tree.AbstractParseTreeVisitor.visitChildren(AbstractParseTreeVisitor.java:46)
	at de.uka.ilkd.key.nparser.KeYParserBaseVisitor.visitDecls(KeYParserBaseVisitor.java:30)
	at de.uka.ilkd.key.nparser.KeYParser$DeclsContext.accept(KeYParser.java:500)
	at org.antlr.v4.runtime.tree.AbstractParseTreeVisitor.visitChildren(AbstractParseTreeVisitor.java:46)
	at de.uka.ilkd.key.nparser.KeYParserBaseVisitor.visitFile(KeYParserBaseVisitor.java:23)
	at de.uka.ilkd.key.nparser.KeYParser$FileContext.accept(KeYParser.java:306)
	at de.uka.ilkd.key.nparser.KeyAst.accept(KeyAst.java:41)
	at de.uka.ilkd.key.nparser.KeyAst$File.getIncludes(KeyAst.java:76)
	at de.uka.ilkd.key.proof.io.KeYFile.readIncludes(KeYFile.java:208)
	... 14 more
Could not find rule file rules/intRulesCheckedSemantics.key (file: /home/runner/work/key/key/key.core/../key.ui/examples/index/.././standard_key/java_dl/continue1.key; caused by: de.uka.ilkd.key.proof.init.ProofInputException: Could not find rule file rules/intRulesCheckedSemantics.key)
	at de.uka.ilkd.key.control.AbstractUserInterfaceControl.load(AbstractUserInterfaceControl.java:221)
	at de.uka.ilkd.key.control.KeYEnvironment.load(KeYEnvironment.java:251)
	at de.uka.ilkd.key.control.KeYEnvironment.load(KeYEnvironment.java:224)
	at de.uka.ilkd.key.control.KeYEnvironment.load(KeYEnvironment.java:184)
	at de.uka.ilkd.key.control.KeYEnvironment.load(KeYEnvironment.java:261)
	at de.uka.ilkd.key.proof.runallproofs.proofcollection.TestFile.load(TestFile.java:270)
	at de.uka.ilkd.key.proof.runallproofs.proofcollection.TestFile.runKey(TestFile.java:160)
	at de.uka.ilkd.key.proof.runallproofs.proofcollection.ForkedTestFileRunner.main(ForkedTestFileRunner.java:171)
Caused by: de.uka.ilkd.key.proof.init.ProofInputException: Could not find rule file rules/intRulesCheckedSemantics.key
	at de.uka.ilkd.key.proof.io.KeYFile.readIncludes(KeYFile.java:210)
	at de.uka.ilkd.key.proof.init.ProblemInitializer.readIncludes(ProblemInitializer.java:177)
	at de.uka.ilkd.key.proof.init.ProblemInitializer.readEnvInput(ProblemInitializer.java:325)
	at de.uka.ilkd.key.proof.init.ProblemInitializer.prepare(ProblemInitializer.java:449)
	at de.uka.ilkd.key.proof.io.AbstractProblemLoader.createInitConfig(AbstractProblemLoader.java:518)
	at de.uka.ilkd.key.proof.io.AbstractProblemLoader.loadEnvironment(AbstractProblemLoader.java:288)
	at de.uka.ilkd.key.proof.io.AbstractProblemLoader.load(AbstractProblemLoader.java:252)
	at de.uka.ilkd.key.control.AbstractUserInterfaceControl.load(AbstractUserInterfaceControl.java:209)
	... 7 more
Caused by: java.lang.RuntimeException: Could not find rule file rules/intRulesCheckedSemantics.key
	at de.uka.ilkd.key.proof.io.RuleSourceFactory.fromBuiltInRule(RuleSourceFactory.java:32)
	at de.uka.ilkd.key.proof.io.RuleSourceFactory.fromDefaultLocation(RuleSourceFactory.java:21)
	at de.uka.ilkd.key.nparser.builder.IncludeFinder.addInclude(IncludeFinder.java:63)
	at de.uka.ilkd.key.nparser.builder.IncludeFinder.visitOne_include(IncludeFinder.java:43)
	at de.uka.ilkd.key.nparser.builder.IncludeFinder.visitOne_include(IncludeFinder.java:20)
	at de.uka.ilkd.key.nparser.KeYParser$One_includeContext.accept(KeYParser.java:878)
	at de.uka.ilkd.key.nparser.builder.AbstractBuilder.lambda$mapOf$0(AbstractBuilder.java:112)
	at java.base/java.util.stream.ReferencePipeline$3$1.accept(ReferencePipeline.java:195)
	at java.base/java.util.ArrayList$ArrayListSpliterator.forEachRemaining(ArrayList.java:1655)
	at java.base/java.util.stream.AbstractPipeline.copyInto(AbstractPipeline.java:484)
	at java.base/java.util.stream.AbstractPipeline.wrapAndCopyInto(AbstractPipeline.java:474)
	at java.base/java.util.stream.ReduceOps$ReduceOp.evaluateSequential(ReduceOps.java:913)
	at java.base/java.util.stream.AbstractPipeline.evaluate(AbstractPipeline.java:234)
	at java.base/java.util.stream.ReferencePipeline.collect(ReferencePipeline.java:578)
	at de.uka.ilkd.key.nparser.builder.AbstractBuilder.mapOf(AbstractBuilder.java:112)
	at de.uka.ilkd.key.nparser.builder.IncludeFinder.visitOne_include_statement(IncludeFinder.java:35)
	at de.uka.ilkd.key.nparser.builder.IncludeFinder.visitOne_include_statement(IncludeFinder.java:20)
	at de.uka.ilkd.key.nparser.KeYParser$One_include_statementContext.accept(KeYParser.java:802)
	at org.antlr.v4.runtime.tree.AbstractParseTreeVisitor.visitChildren(AbstractParseTreeVisitor.java:46)
	at de.uka.ilkd.key.nparser.KeYParserBaseVisitor.visitDecls(KeYParserBaseVisitor.java:30)
	at de.uka.ilkd.key.nparser.KeYParser$DeclsContext.accept(KeYParser.java:500)
	at org.antlr.v4.runtime.tree.AbstractParseTreeVisitor.visitChildren(AbstractParseTreeVisitor.java:46)
	at de.uka.ilkd.key.nparser.KeYParserBaseVisitor.visitFile(KeYParserBaseVisitor.java:23)
	at de.uka.ilkd.key.nparser.KeYParser$FileContext.accept(KeYParser.java:306)
	at de.uka.ilkd.key.nparser.KeyAst.accept(KeyAst.java:41)
	at de.uka.ilkd.key.nparser.KeyAst$File.getIncludes(KeyAst.java:76)
	at de.uka.ilkd.key.proof.io.KeYFile.readIncludes(KeYFile.java:208)
	... 14 more
Could not find rule file rules/intRulesCheckedSemantics.key (file: /home/runner/work/key/key/key.core/../key.ui/examples/index/.././standard_key/java_dl/continue2.key; caused by: de.uka.ilkd.key.proof.init.ProofInputException: Could not find rule file rules/intRulesCheckedSemantics.key)
	at de.uka.ilkd.key.control.AbstractUserInterfaceControl.load(AbstractUserInterfaceControl.java:221)
	at de.uka.ilkd.key.control.KeYEnvironment.load(KeYEnvironment.java:251)
	at de.uka.ilkd.key.control.KeYEnvironment.load(KeYEnvironment.java:224)
	at de.uka.ilkd.key.control.KeYEnvironment.load(KeYEnvironment.java:184)
	at de.uka.ilkd.key.control.KeYEnvironment.load(KeYEnvironment.java:261)
	at de.uka.ilkd.key.proof.runallproofs.proofcollection.TestFile.load(TestFile.java:270)
	at de.uka.ilkd.key.proof.runallproofs.proofcollection.TestFile.runKey(TestFile.java:160)
	at de.uka.ilkd.key.proof.runallproofs.proofcollection.ForkedTestFileRunner.main(ForkedTestFileRunner.java:171)
Caused by: de.uka.ilkd.key.proof.init.ProofInputException: Could not find rule file rules/intRulesCheckedSemantics.key
	at de.uka.ilkd.key.proof.io.KeYFile.readIncludes(KeYFile.java:210)
	at de.uka.ilkd.key.proof.init.ProblemInitializer.readIncludes(ProblemInitializer.java:177)
	at de.uka.ilkd.key.proof.init.ProblemInitializer.readEnvInput(ProblemInitializer.java:325)
	at de.uka.ilkd.key.proof.init.ProblemInitializer.prepare(ProblemInitializer.java:449)
	at de.uka.ilkd.key.proof.io.AbstractProblemLoader.createInitConfig(AbstractProblemLoader.java:518)
	at de.uka.ilkd.key.proof.io.AbstractProblemLoader.loadEnvironment(AbstractProblemLoader.java:288)
	at de.uka.ilkd.key.proof.io.AbstractProblemLoader.load(AbstractProblemLoader.java:252)
	at de.uka.ilkd.key.control.AbstractUserInterfaceControl.load(AbstractUserInterfaceControl.java:209)
	... 7 more
Caused by: java.lang.RuntimeException: Could not find rule file rules/intRulesCheckedSemantics.key
	at de.uka.ilkd.key.proof.io.RuleSourceFactory.fromBuiltInRule(RuleSourceFactory.java:32)
	at de.uka.ilkd.key.proof.io.RuleSourceFactory.fromDefaultLocation(RuleSourceFactory.java:21)
	at de.uka.ilkd.key.nparser.builder.IncludeFinder.addInclude(IncludeFinder.java:63)
	at de.uka.ilkd.key.nparser.builder.IncludeFinder.visitOne_include(IncludeFinder.java:43)
	at de.uka.ilkd.key.nparser.builder.IncludeFinder.visitOne_include(IncludeFinder.java:20)
	at de.uka.ilkd.key.nparser.KeYParser$One_includeContext.accept(KeYParser.java:878)
	at de.uka.ilkd.key.nparser.builder.AbstractBuilder.lambda$mapOf$0(AbstractBuilder.java:112)
	at java.base/java.util.stream.ReferencePipeline$3$1.accept(ReferencePipeline.java:195)
	at java.base/java.util.ArrayList$ArrayListSpliterator.forEachRemaining(ArrayList.java:1655)
	at java.base/java.util.stream.AbstractPipeline.copyInto(AbstractPipeline.java:484)
	at java.base/java.util.stream.AbstractPipeline.wrapAndCopyInto(AbstractPipeline.java:474)
	at java.base/java.util.stream.ReduceOps$ReduceOp.evaluateSequential(ReduceOps.java:913)
	at java.base/java.util.stream.AbstractPipeline.evaluate(AbstractPipeline.java:234)
	at java.base/java.util.stream.ReferencePipeline.collect(ReferencePipeline.java:578)
	at de.uka.ilkd.key.nparser.builder.AbstractBuilder.mapOf(AbstractBuilder.java:112)
	at de.uka.ilkd.key.nparser.builder.IncludeFinder.visitOne_include_statement(IncludeFinder.java:35)
	at de.uka.ilkd.key.nparser.builder.IncludeFinder.visitOne_include_statement(IncludeFinder.java:20)
	at de.uka.ilkd.key.nparser.KeYParser$One_include_statementContext.accept(KeYParser.java:802)
	at org.antlr.v4.runtime.tree.AbstractParseTreeVisitor.visitChildren(AbstractParseTreeVisitor.java:46)
	at de.uka.ilkd.key.nparser.KeYParserBaseVisitor.visitDecls(KeYParserBaseVisitor.java:30)
	at de.uka.ilkd.key.nparser.KeYParser$DeclsContext.accept(KeYParser.java:500)
	at org.antlr.v4.runtime.tree.AbstractParseTreeVisitor.visitChildren(AbstractParseTreeVisitor.java:46)
	at de.uka.ilkd.key.nparser.KeYParserBaseVisitor.visitFile(KeYParserBaseVisitor.java:23)
	at de.uka.ilkd.key.nparser.KeYParser$FileContext.accept(KeYParser.java:306)
	at de.uka.ilkd.key.nparser.KeyAst.accept(KeyAst.java:41)
	at de.uka.ilkd.key.nparser.KeyAst$File.getIncludes(KeyAst.java:76)
	at de.uka.ilkd.key.proof.io.KeYFile.readIncludes(KeYFile.java:208)
	... 14 more
Could not find rule file rules/intRulesCheckedSemantics.key (file: /home/runner/work/key/key/key.core/../key.ui/examples/index/.././standard_key/java_dl/complexAssignment.key; caused by: de.uka.ilkd.key.proof.init.ProofInputException: Could not find rule file rules/intRulesCheckedSemantics.key)
	at de.uka.ilkd.key.control.AbstractUserInterfaceControl.load(AbstractUserInterfaceControl.java:221)
	at de.uka.ilkd.key.control.KeYEnvironment.load(KeYEnvironment.java:251)
	at de.uka.ilkd.key.control.KeYEnvironment.load(KeYEnvironment.java:224)
	at de.uka.ilkd.key.control.KeYEnvironment.load(KeYEnvironment.java:184)
	at de.uka.ilkd.key.control.KeYEnvironment.load(KeYEnvironment.java:261)
	at de.uka.ilkd.key.proof.runallproofs.proofcollection.TestFile.load(TestFile.java:270)
	at de.uka.ilkd.key.proof.runallproofs.proofcollection.TestFile.runKey(TestFile.java:160)
	at de.uka.ilkd.key.proof.runallproofs.proofcollection.ForkedTestFileRunner.main(ForkedTestFileRunner.java:171)
Caused by: de.uka.ilkd.key.proof.init.ProofInputException: Could not find rule file rules/intRulesCheckedSemantics.key
	at de.uka.ilkd.key.proof.io.KeYFile.readIncludes(KeYFile.java:210)
	at de.uka.ilkd.key.proof.init.ProblemInitializer.readIncludes(ProblemInitializer.java:177)
	at de.uka.ilkd.key.proof.init.ProblemInitializer.readEnvInput(ProblemInitializer.java:325)
	at de.uka.ilkd.key.proof.init.ProblemInitializer.prepare(ProblemInitializer.java:449)
	at de.uka.ilkd.key.proof.io.AbstractProblemLoader.createInitConfig(AbstractProblemLoader.java:518)
	at de.uka.ilkd.key.proof.io.AbstractProblemLoader.loadEnvironment(AbstractProblemLoader.java:288)
	at de.uka.ilkd.key.proof.io.AbstractProblemLoader.load(AbstractProblemLoader.java:252)
	at de.uka.ilkd.key.control.AbstractUserInterfaceControl.load(AbstractUserInterfaceControl.java:209)
	... 7 more
Caused by: java.lang.RuntimeException: Could not find rule file rules/intRulesCheckedSemantics.key
	at de.uka.ilkd.key.proof.io.RuleSourceFactory.fromBuiltInRule(RuleSourceFactory.java:32)
	at de.uka.ilkd.key.proof.io.RuleSourceFactory.fromDefaultLocation(RuleSourceFactory.java:21)
	at de.uka.ilkd.key.nparser.builder.IncludeFinder.addInclude(IncludeFinder.java:63)
	at de.uka.ilkd.key.nparser.builder.IncludeFinder.visitOne_include(IncludeFinder.java:43)
	at de.uka.ilkd.key.nparser.builder.IncludeFinder.visitOne_include(IncludeFinder.java:20)
	at de.uka.ilkd.key.nparser.KeYParser$One_includeContext.accept(KeYParser.java:878)
	at de.uka.ilkd.key.nparser.builder.AbstractBuilder.lambda$mapOf$0(AbstractBuilder.java:112)
	at java.base/java.util.stream.ReferencePipeline$3$1.accept(ReferencePipeline.java:195)
	at java.base/java.util.ArrayList$ArrayListSpliterator.forEachRemaining(ArrayList.java:1655)
	at java.base/java.util.stream.AbstractPipeline.copyInto(AbstractPipeline.java:484)
	at java.base/java.util.stream.AbstractPipeline.wrapAndCopyInto(AbstractPipeline.java:474)
	at java.base/java.util.stream.ReduceOps$ReduceOp.evaluateSequential(ReduceOps.java:913)
	at java.base/java.util.stream.AbstractPipeline.evaluate(AbstractPipeline.java:234)
	at java.base/java.util.stream.ReferencePipeline.collect(ReferencePipeline.java:578)
	at de.uka.ilkd.key.nparser.builder.AbstractBuilder.mapOf(AbstractBuilder.java:112)
	at de.uka.ilkd.key.nparser.builder.IncludeFinder.visitOne_include_statement(IncludeFinder.java:35)
	at de.uka.ilkd.key.nparser.builder.IncludeFinder.visitOne_include_statement(IncludeFinder.java:20)
	at de.uka.ilkd.key.nparser.KeYParser$One_include_statementContext.accept(KeYParser.java:802)
	at org.antlr.v4.runtime.tree.AbstractParseTreeVisitor.visitChildren(AbstractParseTreeVisitor.java:46)
	at de.uka.ilkd.key.nparser.KeYParserBaseVisitor.visitDecls(KeYParserBaseVisitor.java:30)
	at de.uka.ilkd.key.nparser.KeYParser$DeclsContext.accept(KeYParser.java:500)
	at org.antlr.v4.runtime.tree.AbstractParseTreeVisitor.visitChildren(AbstractParseTreeVisitor.java:46)
	at de.uka.ilkd.key.nparser.KeYParserBaseVisitor.visitFile(KeYParserBaseVisitor.java:23)
	at de.uka.ilkd.key.nparser.KeYParser$FileContext.accept(KeYParser.java:306)
	at de.uka.ilkd.key.nparser.KeyAst.accept(KeyAst.java:41)
	at de.uka.ilkd.key.nparser.KeyAst$File.getIncludes(KeyAst.java:76)
	at de.uka.ilkd.key.proof.io.KeYFile.readIncludes(KeYFile.java:208)
	... 14 more
Could not find rule file rules/intRulesCheckedSemantics.key (file: /home/runner/work/key/key/key.core/../key.ui/examples/index/.././standard_key/java_dl/danglingElseSolution1.key; caused by: de.uka.ilkd.key.proof.init.ProofInputException: Could not find rule file rules/intRulesCheckedSemantics.key)
	at de.uka.ilkd.key.control.AbstractUserInterfaceControl.load(AbstractUserInterfaceControl.java:221)
	at de.uka.ilkd.key.control.KeYEnvironment.load(KeYEnvironment.java:251)
	at de.uka.ilkd.key.control.KeYEnvironment.load(KeYEnvironment.java:224)
	at de.uka.ilkd.key.control.KeYEnvironment.load(KeYEnvironment.java:184)
	at de.uka.ilkd.key.control.KeYEnvironment.load(KeYEnvironment.java:261)
	at de.uka.ilkd.key.proof.runallproofs.proofcollection.TestFile.load(TestFile.java:270)
	at de.uka.ilkd.key.proof.runallproofs.proofcollection.TestFile.runKey(TestFile.java:160)
	at de.uka.ilkd.key.proof.runallproofs.proofcollection.ForkedTestFileRunner.main(ForkedTestFileRunner.java:171)
Caused by: de.uka.ilkd.key.proof.init.ProofInputException: Could not find rule file rules/intRulesCheckedSemantics.key
	at de.uka.ilkd.key.proof.io.KeYFile.readIncludes(KeYFile.java:210)
	at de.uka.ilkd.key.proof.init.ProblemInitializer.readIncludes(ProblemInitializer.java:177)
	at de.uka.ilkd.key.proof.init.ProblemInitializer.readEnvInput(ProblemInitializer.java:325)
	at de.uka.ilkd.key.proof.init.ProblemInitializer.prepare(ProblemInitializer.java:449)
	at de.uka.ilkd.key.proof.io.AbstractProblemLoader.createInitConfig(AbstractProblemLoader.java:518)
	at de.uka.ilkd.key.proof.io.AbstractProblemLoader.loadEnvironment(AbstractProblemLoader.java:288)
	at de.uka.ilkd.key.proof.io.AbstractProblemLoader.load(AbstractProblemLoader.java:252)
	at de.uka.ilkd.key.control.AbstractUserInterfaceControl.load(AbstractUserInterfaceControl.java:209)
	... 7 more
Caused by: java.lang.RuntimeException: Could not find rule file rules/intRulesCheckedSemantics.key
	at de.uka.ilkd.key.proof.io.RuleSourceFactory.fromBuiltInRule(RuleSourceFactory.java:32)
	at de.uka.ilkd.key.proof.io.RuleSourceFactory.fromDefaultLocation(RuleSourceFactory.java:21)
	at de.uka.ilkd.key.nparser.builder.IncludeFinder.addInclude(IncludeFinder.java:63)
	at de.uka.ilkd.key.nparser.builder.IncludeFinder.visitOne_include(IncludeFinder.java:43)
	at de.uka.ilkd.key.nparser.builder.IncludeFinder.visitOne_include(IncludeFinder.java:20)
	at de.uka.ilkd.key.nparser.KeYParser$One_includeContext.accept(KeYParser.java:878)
	at de.uka.ilkd.key.nparser.builder.AbstractBuilder.lambda$mapOf$0(AbstractBuilder.java:112)
	at java.base/java.util.stream.ReferencePipeline$3$1.accept(ReferencePipeline.java:195)
	at java.base/java.util.ArrayList$ArrayListSpliterator.forEachRemaining(ArrayList.java:1655)
	at java.base/java.util.stream.AbstractPipeline.copyInto(AbstractPipeline.java:484)
	at java.base/java.util.stream.AbstractPipeline.wrapAndCopyInto(AbstractPipeline.java:474)
	at java.base/java.util.stream.ReduceOps$ReduceOp.evaluateSequential(ReduceOps.java:913)
	at java.base/java.util.stream.AbstractPipeline.evaluate(AbstractPipeline.java:234)
	at java.base/java.util.stream.ReferencePipeline.collect(ReferencePipeline.java:578)
	at de.uka.ilkd.key.nparser.builder.AbstractBuilder.mapOf(AbstractBuilder.java:112)
	at de.uka.ilkd.key.nparser.builder.IncludeFinder.visitOne_include_statement(IncludeFinder.java:35)
	at de.uka.ilkd.key.nparser.builder.IncludeFinder.visitOne_include_statement(IncludeFinder.java:20)
	at de.uka.ilkd.key.nparser.KeYParser$One_include_statementContext.accept(KeYParser.java:802)
	at org.antlr.v4.runtime.tree.AbstractParseTreeVisitor.visitChildren(AbstractParseTreeVisitor.java:46)
	at de.uka.ilkd.key.nparser.KeYParserBaseVisitor.visitDecls(KeYParserBaseVisitor.java:30)
	at de.uka.ilkd.key.nparser.KeYParser$DeclsContext.accept(KeYParser.java:500)
	at org.antlr.v4.runtime.tree.AbstractParseTreeVisitor.visitChildren(AbstractParseTreeVisitor.java:46)
	at de.uka.ilkd.key.nparser.KeYParserBaseVisitor.visitFile(KeYParserBaseVisitor.java:23)
	at de.uka.ilkd.key.nparser.KeYParser$FileContext.accept(KeYParser.java:306)
	at de.uka.ilkd.key.nparser.KeyAst.accept(KeyAst.java:41)
	at de.uka.ilkd.key.nparser.KeyAst$File.getIncludes(KeyAst.java:76)
	at de.uka.ilkd.key.proof.io.KeYFile.readIncludes(KeYFile.java:208)
	... 14 more
Could not find rule file rules/intRulesCheckedSemantics.key (file: /home/runner/work/key/key/key.core/../key.ui/examples/index/.././standard_key/java_dl/danglingElseSolution2.key; caused by: de.uka.ilkd.key.proof.init.ProofInputException: Could not find rule file rules/intRulesCheckedSemantics.key)
	at de.uka.ilkd.key.control.AbstractUserInterfaceControl.load(AbstractUserInterfaceControl.java:221)
	at de.uka.ilkd.key.control.KeYEnvironment.load(KeYEnvironment.java:251)
	at de.uka.ilkd.key.control.KeYEnvironment.load(KeYEnvironment.java:224)
	at de.uka.ilkd.key.control.KeYEnvironment.load(KeYEnvironment.java:184)
	at de.uka.ilkd.key.control.KeYEnvironment.load(KeYEnvironment.java:261)
	at de.uka.ilkd.key.proof.runallproofs.proofcollection.TestFile.load(TestFile.java:270)
	at de.uka.ilkd.key.proof.runallproofs.proofcollection.TestFile.runKey(TestFile.java:160)
	at de.uka.ilkd.key.proof.runallproofs.proofcollection.ForkedTestFileRunner.main(ForkedTestFileRunner.java:171)
Caused by: de.uka.ilkd.key.proof.init.ProofInputException: Could not find rule file rules/intRulesCheckedSemantics.key
	at de.uka.ilkd.key.proof.io.KeYFile.readIncludes(KeYFile.java:210)
	at de.uka.ilkd.key.proof.init.ProblemInitializer.readIncludes(ProblemInitializer.java:177)
	at de.uka.ilkd.key.proof.init.ProblemInitializer.readEnvInput(ProblemInitializer.java:325)
	at de.uka.ilkd.key.proof.init.ProblemInitializer.prepare(ProblemInitializer.java:449)
	at de.uka.ilkd.key.proof.io.AbstractProblemLoader.createInitConfig(AbstractProblemLoader.java:518)
	at de.uka.ilkd.key.proof.io.AbstractProblemLoader.loadEnvironment(AbstractProblemLoader.java:288)
	at de.uka.ilkd.key.proof.io.AbstractProblemLoader.load(AbstractProblemLoader.java:252)
	at de.uka.ilkd.key.control.AbstractUserInterfaceControl.load(AbstractUserInterfaceControl.java:209)
	... 7 more
Caused by: java.lang.RuntimeException: Could not find rule file rules/intRulesCheckedSemantics.key
	at de.uka.ilkd.key.proof.io.RuleSourceFactory.fromBuiltInRule(RuleSourceFactory.java:32)
	at de.uka.ilkd.key.proof.io.RuleSourceFactory.fromDefaultLocation(RuleSourceFactory.java:21)
	at de.uka.ilkd.key.nparser.builder.IncludeFinder.addInclude(IncludeFinder.java:63)
	at de.uka.ilkd.key.nparser.builder.IncludeFinder.visitOne_include(IncludeFinder.java:43)
	at de.uka.ilkd.key.nparser.builder.IncludeFinder.visitOne_include(IncludeFinder.java:20)
	at de.uka.ilkd.key.nparser.KeYParser$One_includeContext.accept(KeYParser.java:878)
	at de.uka.ilkd.key.nparser.builder.AbstractBuilder.lambda$mapOf$0(AbstractBuilder.java:112)
	at java.base/java.util.stream.ReferencePipeline$3$1.accept(ReferencePipeline.java:195)
	at java.base/java.util.ArrayList$ArrayListSpliterator.forEachRemaining(ArrayList.java:1655)
	at java.base/java.util.stream.AbstractPipeline.copyInto(AbstractPipeline.java:484)
	at java.base/java.util.stream.AbstractPipeline.wrapAndCopyInto(AbstractPipeline.java:474)
	at java.base/java.util.stream.ReduceOps$ReduceOp.evaluateSequential(ReduceOps.java:913)
	at java.base/java.util.stream.AbstractPipeline.evaluate(AbstractPipeline.java:234)
	at java.base/java.util.stream.ReferencePipeline.collect(ReferencePipeline.java:578)
	at de.uka.ilkd.key.nparser.builder.AbstractBuilder.mapOf(AbstractBuilder.java:112)
	at de.uka.ilkd.key.nparser.builder.IncludeFinder.visitOne_include_statement(IncludeFinder.java:35)
	at de.uka.ilkd.key.nparser.builder.IncludeFinder.visitOne_include_statement(IncludeFinder.java:20)
	at de.uka.ilkd.key.nparser.KeYParser$One_include_statementContext.accept(KeYParser.java:802)
	at org.antlr.v4.runtime.tree.AbstractParseTreeVisitor.visitChildren(AbstractParseTreeVisitor.java:46)
	at de.uka.ilkd.key.nparser.KeYParserBaseVisitor.visitDecls(KeYParserBaseVisitor.java:30)
	at de.uka.ilkd.key.nparser.KeYParser$DeclsContext.accept(KeYParser.java:500)
	at org.antlr.v4.runtime.tree.AbstractParseTreeVisitor.visitChildren(AbstractParseTreeVisitor.java:46)
	at de.uka.ilkd.key.nparser.KeYParserBaseVisitor.visitFile(KeYParserBaseVisitor.java:23)
	at de.uka.ilkd.key.nparser.KeYParser$FileContext.accept(KeYParser.java:306)
	at de.uka.ilkd.key.nparser.KeyAst.accept(KeyAst.java:41)
	at de.uka.ilkd.key.nparser.KeyAst$File.getIncludes(KeyAst.java:76)
	at de.uka.ilkd.key.proof.io.KeYFile.readIncludes(KeYFile.java:208)
	... 14 more
Could not find rule file rules/intRulesCheckedSemantics.key (file: /home/runner/work/key/key/key.core/../key.ui/examples/index/.././standard_key/java_dl/deepNonNull/deepNonNull0.key; caused by: de.uka.ilkd.key.proof.init.ProofInputException: Could not find rule file rules/intRulesCheckedSemantics.key)
	at de.uka.ilkd.key.control.AbstractUserInterfaceControl.load(AbstractUserInterfaceControl.java:221)
	at de.uka.ilkd.key.control.KeYEnvironment.load(KeYEnvironment.java:251)
	at de.uka.ilkd.key.control.KeYEnvironment.load(KeYEnvironment.java:224)
	at de.uka.ilkd.key.control.KeYEnvironment.load(KeYEnvironment.java:184)
	at de.uka.ilkd.key.control.KeYEnvironment.load(KeYEnvironment.java:261)
	at de.uka.ilkd.key.proof.runallproofs.proofcollection.TestFile.load(TestFile.java:270)
	at de.uka.ilkd.key.proof.runallproofs.proofcollection.TestFile.runKey(TestFile.java:160)
	at de.uka.ilkd.key.proof.runallproofs.proofcollection.ForkedTestFileRunner.main(ForkedTestFileRunner.java:171)
Caused by: de.uka.ilkd.key.proof.init.ProofInputException: Could not find rule file rules/intRulesCheckedSemantics.key
	at de.uka.ilkd.key.proof.io.KeYFile.readIncludes(KeYFile.java:210)
	at de.uka.ilkd.key.proof.init.ProblemInitializer.readIncludes(ProblemInitializer.java:177)
	at de.uka.ilkd.key.proof.init.ProblemInitializer.readEnvInput(ProblemInitializer.java:325)
	at de.uka.ilkd.key.proof.init.ProblemInitializer.prepare(ProblemInitializer.java:449)
	at de.uka.ilkd.key.proof.io.AbstractProblemLoader.createInitConfig(AbstractProblemLoader.java:518)
	at de.uka.ilkd.key.proof.io.AbstractProblemLoader.loadEnvironment(AbstractProblemLoader.java:288)
	at de.uka.ilkd.key.proof.io.AbstractProblemLoader.load(AbstractProblemLoader.java:252)
	at de.uka.ilkd.key.control.AbstractUserInterfaceControl.load(AbstractUserInterfaceControl.java:209)
	... 7 more
Caused by: java.lang.RuntimeException: Could not find rule file rules/intRulesCheckedSemantics.key
	at de.uka.ilkd.key.proof.io.RuleSourceFactory.fromBuiltInRule(RuleSourceFactory.java:32)
	at de.uka.ilkd.key.proof.io.RuleSourceFactory.fromDefaultLocation(RuleSourceFactory.java:21)
	at de.uka.ilkd.key.nparser.builder.IncludeFinder.addInclude(IncludeFinder.java:63)
	at de.uka.ilkd.key.nparser.builder.IncludeFinder.visitOne_include(IncludeFinder.java:43)
	at de.uka.ilkd.key.nparser.builder.IncludeFinder.visitOne_include(IncludeFinder.java:20)
	at de.uka.ilkd.key.nparser.KeYParser$One_includeContext.accept(KeYParser.java:878)
	at de.uka.ilkd.key.nparser.builder.AbstractBuilder.lambda$mapOf$0(AbstractBuilder.java:112)
	at java.base/java.util.stream.ReferencePipeline$3$1.accept(ReferencePipeline.java:195)
	at java.base/java.util.ArrayList$ArrayListSpliterator.forEachRemaining(ArrayList.java:1655)
	at java.base/java.util.stream.AbstractPipeline.copyInto(AbstractPipeline.java:484)
	at java.base/java.util.stream.AbstractPipeline.wrapAndCopyInto(AbstractPipeline.java:474)
	at java.base/java.util.stream.ReduceOps$ReduceOp.evaluateSequential(ReduceOps.java:913)
	at java.base/java.util.stream.AbstractPipeline.evaluate(AbstractPipeline.java:234)
	at java.base/java.util.stream.ReferencePipeline.collect(ReferencePipeline.java:578)
	at de.uka.ilkd.key.nparser.builder.AbstractBuilder.mapOf(AbstractBuilder.java:112)
	at de.uka.ilkd.key.nparser.builder.IncludeFinder.visitOne_include_statement(IncludeFinder.java:35)
	at de.uka.ilkd.key.nparser.builder.IncludeFinder.visitOne_include_statement(IncludeFinder.java:20)
	at de.uka.ilkd.key.nparser.KeYParser$One_include_statementContext.accept(KeYParser.java:802)
	at org.antlr.v4.runtime.tree.AbstractParseTreeVisitor.visitChildren(AbstractParseTreeVisitor.java:46)
	at de.uka.ilkd.key.nparser.KeYParserBaseVisitor.visitDecls(KeYParserBaseVisitor.java:30)
	at de.uka.ilkd.key.nparser.KeYParser$DeclsContext.accept(KeYParser.java:500)
	at org.antlr.v4.runtime.tree.AbstractParseTreeVisitor.visitChildren(AbstractParseTreeVisitor.java:46)
	at de.uka.ilkd.key.nparser.KeYParserBaseVisitor.visitFile(KeYParserBaseVisitor.java:23)
	at de.uka.ilkd.key.nparser.KeYParser$FileContext.accept(KeYParser.java:306)
	at de.uka.ilkd.key.nparser.KeyAst.accept(KeyAst.java:41)
	at de.uka.ilkd.key.nparser.KeyAst$File.getIncludes(KeyAst.java:76)
	at de.uka.ilkd.key.proof.io.KeYFile.readIncludes(KeYFile.java:208)
	... 14 more
Could not find rule file rules/intRulesCheckedSemantics.key (file: /home/runner/work/key/key/key.core/../key.ui/examples/index/.././standard_key/java_dl/deepNonNull/deepNonNull1.key; caused by: de.uka.ilkd.key.proof.init.ProofInputException: Could not find rule file rules/intRulesCheckedSemantics.key)
	at de.uka.ilkd.key.control.AbstractUserInterfaceControl.load(AbstractUserInterfaceControl.java:221)
	at de.uka.ilkd.key.control.KeYEnvironment.load(KeYEnvironment.java:251)
	at de.uka.ilkd.key.control.KeYEnvironment.load(KeYEnvironment.java:224)
	at de.uka.ilkd.key.control.KeYEnvironment.load(KeYEnvironment.java:184)
	at de.uka.ilkd.key.control.KeYEnvironment.load(KeYEnvironment.java:261)
	at de.uka.ilkd.key.proof.runallproofs.proofcollection.TestFile.load(TestFile.java:270)
	at de.uka.ilkd.key.proof.runallproofs.proofcollection.TestFile.runKey(TestFile.java:160)
	at de.uka.ilkd.key.proof.runallproofs.proofcollection.ForkedTestFileRunner.main(ForkedTestFileRunner.java:171)
Caused by: de.uka.ilkd.key.proof.init.ProofInputException: Could not find rule file rules/intRulesCheckedSemantics.key
	at de.uka.ilkd.key.proof.io.KeYFile.readIncludes(KeYFile.java:210)
	at de.uka.ilkd.key.proof.init.ProblemInitializer.readIncludes(ProblemInitializer.java:177)
	at de.uka.ilkd.key.proof.init.ProblemInitializer.readEnvInput(ProblemInitializer.java:325)
	at de.uka.ilkd.key.proof.init.ProblemInitializer.prepare(ProblemInitializer.java:449)
	at de.uka.ilkd.key.proof.io.AbstractProblemLoader.createInitConfig(AbstractProblemLoader.java:518)
	at de.uka.ilkd.key.proof.io.AbstractProblemLoader.loadEnvironment(AbstractProblemLoader.java:288)
	at de.uka.ilkd.key.proof.io.AbstractProblemLoader.load(AbstractProblemLoader.java:252)
	at de.uka.ilkd.key.control.AbstractUserInterfaceControl.load(AbstractUserInterfaceControl.java:209)
	... 7 more
Caused by: java.lang.RuntimeException: Could not find rule file rules/intRulesCheckedSemantics.key
	at de.uka.ilkd.key.proof.io.RuleSourceFactory.fromBuiltInRule(RuleSourceFactory.java:32)
	at de.uka.ilkd.key.proof.io.RuleSourceFactory.fromDefaultLocation(RuleSourceFactory.java:21)
	at de.uka.ilkd.key.nparser.builder.IncludeFinder.addInclude(IncludeFinder.java:63)
	at de.uka.ilkd.key.nparser.builder.IncludeFinder.visitOne_include(IncludeFinder.java:43)
	at de.uka.ilkd.key.nparser.builder.IncludeFinder.visitOne_include(IncludeFinder.java:20)
	at de.uka.ilkd.key.nparser.KeYParser$One_includeContext.accept(KeYParser.java:878)
	at de.uka.ilkd.key.nparser.builder.AbstractBuilder.lambda$mapOf$0(AbstractBuilder.java:112)
	at java.base/java.util.stream.ReferencePipeline$3$1.accept(ReferencePipeline.java:195)
	at java.base/java.util.ArrayList$ArrayListSpliterator.forEachRemaining(ArrayList.java:1655)
	at java.base/java.util.stream.AbstractPipeline.copyInto(AbstractPipeline.java:484)
	at java.base/java.util.stream.AbstractPipeline.wrapAndCopyInto(AbstractPipeline.java:474)
	at java.base/java.util.stream.ReduceOps$ReduceOp.evaluateSequential(ReduceOps.java:913)
	at java.base/java.util.stream.AbstractPipeline.evaluate(AbstractPipeline.java:234)
	at java.base/java.util.stream.ReferencePipeline.collect(ReferencePipeline.java:578)
	at de.uka.ilkd.key.nparser.builder.AbstractBuilder.mapOf(AbstractBuilder.java:112)
	at de.uka.ilkd.key.nparser.builder.IncludeFinder.visitOne_include_statement(IncludeFinder.java:35)
	at de.uka.ilkd.key.nparser.builder.IncludeFinder.visitOne_include_statement(IncludeFinder.java:20)
	at de.uka.ilkd.key.nparser.KeYParser$One_include_statementContext.accept(KeYParser.java:802)
	at org.antlr.v4.runtime.tree.AbstractParseTreeVisitor.visitChildren(AbstractParseTreeVisitor.java:46)
	at de.uka.ilkd.key.nparser.KeYParserBaseVisitor.visitDecls(KeYParserBaseVisitor.java:30)
	at de.uka.ilkd.key.nparser.KeYParser$DeclsContext.accept(KeYParser.java:500)
	at org.antlr.v4.runtime.tree.AbstractParseTreeVisitor.visitChildren(AbstractParseTreeVisitor.java:46)
	at de.uka.ilkd.key.nparser.KeYParserBaseVisitor.visitFile(KeYParserBaseVisitor.java:23)
	at de.uka.ilkd.key.nparser.KeYParser$FileContext.accept(KeYParser.java:306)
	at de.uka.ilkd.key.nparser.KeyAst.accept(KeyAst.java:41)
	at de.uka.ilkd.key.nparser.KeyAst$File.getIncludes(KeyAst.java:76)
	at de.uka.ilkd.key.proof.io.KeYFile.readIncludes(KeYFile.java:208)
	... 14 more
Could not find rule file rules/intRulesCheckedSemantics.key (file: /home/runner/work/key/key/key.core/../key.ui/examples/index/.././standard_key/java_dl/deepNonNull/deepNonNull2.key; caused by: de.uka.ilkd.key.proof.init.ProofInputException: Could not find rule file rules/intRulesCheckedSemantics.key)
	at de.uka.ilkd.key.control.AbstractUserInterfaceControl.load(AbstractUserInterfaceControl.java:221)
	at de.uka.ilkd.key.control.KeYEnvironment.load(KeYEnvironment.java:251)
	at de.uka.ilkd.key.control.KeYEnvironment.load(KeYEnvironment.java:224)
	at de.uka.ilkd.key.control.KeYEnvironment.load(KeYEnvironment.java:184)
	at de.uka.ilkd.key.control.KeYEnvironment.load(KeYEnvironment.java:261)
	at de.uka.ilkd.key.proof.runallproofs.proofcollection.TestFile.load(TestFile.java:270)
	at de.uka.ilkd.key.proof.runallproofs.proofcollection.TestFile.runKey(TestFile.java:160)
	at de.uka.ilkd.key.proof.runallproofs.proofcollection.ForkedTestFileRunner.main(ForkedTestFileRunner.java:171)
Caused by: de.uka.ilkd.key.proof.init.ProofInputException: Could not find rule file rules/intRulesCheckedSemantics.key
	at de.uka.ilkd.key.proof.io.KeYFile.readIncludes(KeYFile.java:210)
	at de.uka.ilkd.key.proof.init.ProblemInitializer.readIncludes(ProblemInitializer.java:177)
	at de.uka.ilkd.key.proof.init.ProblemInitializer.readEnvInput(ProblemInitializer.java:325)
	at de.uka.ilkd.key.proof.init.ProblemInitializer.prepare(ProblemInitializer.java:449)
	at de.uka.ilkd.key.proof.io.AbstractProblemLoader.createInitConfig(AbstractProblemLoader.java:518)
	at de.uka.ilkd.key.proof.io.AbstractProblemLoader.loadEnvironment(AbstractProblemLoader.java:288)
	at de.uka.ilkd.key.proof.io.AbstractProblemLoader.load(AbstractProblemLoader.java:252)
	at de.uka.ilkd.key.control.AbstractUserInterfaceControl.load(AbstractUserInterfaceControl.java:209)
	... 7 more
Caused by: java.lang.RuntimeException: Could not find rule file rules/intRulesCheckedSemantics.key
	at de.uka.ilkd.key.proof.io.RuleSourceFactory.fromBuiltInRule(RuleSourceFactory.java:32)
	at de.uka.ilkd.key.proof.io.RuleSourceFactory.fromDefaultLocation(RuleSourceFactory.java:21)
	at de.uka.ilkd.key.nparser.builder.IncludeFinder.addInclude(IncludeFinder.java:63)
	at de.uka.ilkd.key.nparser.builder.IncludeFinder.visitOne_include(IncludeFinder.java:43)
	at de.uka.ilkd.key.nparser.builder.IncludeFinder.visitOne_include(IncludeFinder.java:20)
	at de.uka.ilkd.key.nparser.KeYParser$One_includeContext.accept(KeYParser.java:878)
	at de.uka.ilkd.key.nparser.builder.AbstractBuilder.lambda$mapOf$0(AbstractBuilder.java:112)
	at java.base/java.util.stream.ReferencePipeline$3$1.accept(ReferencePipeline.java:195)
	at java.base/java.util.ArrayList$ArrayListSpliterator.forEachRemaining(ArrayList.java:1655)
	at java.base/java.util.stream.AbstractPipeline.copyInto(AbstractPipeline.java:484)
	at java.base/java.util.stream.AbstractPipeline.wrapAndCopyInto(AbstractPipeline.java:474)
	at java.base/java.util.stream.ReduceOps$ReduceOp.evaluateSequential(ReduceOps.java:913)
	at java.base/java.util.stream.AbstractPipeline.evaluate(AbstractPipeline.java:234)
	at java.base/java.util.stream.ReferencePipeline.collect(ReferencePipeline.java:578)
	at de.uka.ilkd.key.nparser.builder.AbstractBuilder.mapOf(AbstractBuilder.java:112)
	at de.uka.ilkd.key.nparser.builder.IncludeFinder.visitOne_include_statement(IncludeFinder.java:35)
	at de.uka.ilkd.key.nparser.builder.IncludeFinder.visitOne_include_statement(IncludeFinder.java:20)
	at de.uka.ilkd.key.nparser.KeYParser$One_include_statementContext.accept(KeYParser.java:802)
	at org.antlr.v4.runtime.tree.AbstractParseTreeVisitor.visitChildren(AbstractParseTreeVisitor.java:46)
	at de.uka.ilkd.key.nparser.KeYParserBaseVisitor.visitDecls(KeYParserBaseVisitor.java:30)
	at de.uka.ilkd.key.nparser.KeYParser$DeclsContext.accept(KeYParser.java:500)
	at org.antlr.v4.runtime.tree.AbstractParseTreeVisitor.visitChildren(AbstractParseTreeVisitor.java:46)
	at de.uka.ilkd.key.nparser.KeYParserBaseVisitor.visitFile(KeYParserBaseVisitor.java:23)
	at de.uka.ilkd.key.nparser.KeYParser$FileContext.accept(KeYParser.java:306)
	at de.uka.ilkd.key.nparser.KeyAst.accept(KeyAst.java:41)
	at de.uka.ilkd.key.nparser.KeyAst$File.getIncludes(KeyAst.java:76)
	at de.uka.ilkd.key.proof.io.KeYFile.readIncludes(KeYFile.java:208)
	... 14 more
Could not find rule file rules/intRulesCheckedSemantics.key (file: /home/runner/work/key/key/key.core/../key.ui/examples/index/.././standard_key/java_dl/deepNonNull/deepNonNull3.key; caused by: de.uka.ilkd.key.proof.init.ProofInputException: Could not find rule file rules/intRulesCheckedSemantics.key)
	at de.uka.ilkd.key.control.AbstractUserInterfaceControl.load(AbstractUserInterfaceControl.java:221)
	at de.uka.ilkd.key.control.KeYEnvironment.load(KeYEnvironment.java:251)
	at de.uka.ilkd.key.control.KeYEnvironment.load(KeYEnvironment.java:224)
	at de.uka.ilkd.key.control.KeYEnvironment.load(KeYEnvironment.java:184)
	at de.uka.ilkd.key.control.KeYEnvironment.load(KeYEnvironment.java:261)
	at de.uka.ilkd.key.proof.runallproofs.proofcollection.TestFile.load(TestFile.java:270)
	at de.uka.ilkd.key.proof.runallproofs.proofcollection.TestFile.runKey(TestFile.java:160)
	at de.uka.ilkd.key.proof.runallproofs.proofcollection.ForkedTestFileRunner.main(ForkedTestFileRunner.java:171)
Caused by: de.uka.ilkd.key.proof.init.ProofInputException: Could not find rule file rules/intRulesCheckedSemantics.key
	at de.uka.ilkd.key.proof.io.KeYFile.readIncludes(KeYFile.java:210)
	at de.uka.ilkd.key.proof.init.ProblemInitializer.readIncludes(ProblemInitializer.java:177)
	at de.uka.ilkd.key.proof.init.ProblemInitializer.readEnvInput(ProblemInitializer.java:325)
	at de.uka.ilkd.key.proof.init.ProblemInitializer.prepare(ProblemInitializer.java:449)
	at de.uka.ilkd.key.proof.io.AbstractProblemLoader.createInitConfig(AbstractProblemLoader.java:518)
	at de.uka.ilkd.key.proof.io.AbstractProblemLoader.loadEnvironment(AbstractProblemLoader.java:288)
	at de.uka.ilkd.key.proof.io.AbstractProblemLoader.load(AbstractProblemLoader.java:252)
	at de.uka.ilkd.key.control.AbstractUserInterfaceControl.load(AbstractUserInterfaceControl.java:209)
	... 7 more
Caused by: java.lang.RuntimeException: Could not find rule file rules/intRulesCheckedSemantics.key
	at de.uka.ilkd.key.proof.io.RuleSourceFactory.fromBuiltInRule(RuleSourceFactory.java:32)
	at de.uka.ilkd.key.proof.io.RuleSourceFactory.fromDefaultLocation(RuleSourceFactory.java:21)
	at de.uka.ilkd.key.nparser.builder.IncludeFinder.addInclude(IncludeFinder.java:63)
	at de.uka.ilkd.key.nparser.builder.IncludeFinder.visitOne_include(IncludeFinder.java:43)
	at de.uka.ilkd.key.nparser.builder.IncludeFinder.visitOne_include(IncludeFinder.java:20)
	at de.uka.ilkd.key.nparser.KeYParser$One_includeContext.accept(KeYParser.java:878)
	at de.uka.ilkd.key.nparser.builder.AbstractBuilder.lambda$mapOf$0(AbstractBuilder.java:112)
	at java.base/java.util.stream.ReferencePipeline$3$1.accept(ReferencePipeline.java:195)
	at java.base/java.util.ArrayList$ArrayListSpliterator.forEachRemaining(ArrayList.java:1655)
	at java.base/java.util.stream.AbstractPipeline.copyInto(AbstractPipeline.java:484)
	at java.base/java.util.stream.AbstractPipeline.wrapAndCopyInto(AbstractPipeline.java:474)
	at java.base/java.util.stream.ReduceOps$ReduceOp.evaluateSequential(ReduceOps.java:913)
	at java.base/java.util.stream.AbstractPipeline.evaluate(AbstractPipeline.java:234)
	at java.base/java.util.stream.ReferencePipeline.collect(ReferencePipeline.java:578)
	at de.uka.ilkd.key.nparser.builder.AbstractBuilder.mapOf(AbstractBuilder.java:112)
	at de.uka.ilkd.key.nparser.builder.IncludeFinder.visitOne_include_statement(IncludeFinder.java:35)
	at de.uka.ilkd.key.nparser.builder.IncludeFinder.visitOne_include_statement(IncludeFinder.java:20)
	at de.uka.ilkd.key.nparser.KeYParser$One_include_statementContext.accept(KeYParser.java:802)
	at org.antlr.v4.runtime.tree.AbstractParseTreeVisitor.visitChildren(AbstractParseTreeVisitor.java:46)
	at de.uka.ilkd.key.nparser.KeYParserBaseVisitor.visitDecls(KeYParserBaseVisitor.java:30)
	at de.uka.ilkd.key.nparser.KeYParser$DeclsContext.accept(KeYParser.java:500)
	at org.antlr.v4.runtime.tree.AbstractParseTreeVisitor.visitChildren(AbstractParseTreeVisitor.java:46)
	at de.uka.ilkd.key.nparser.KeYParserBaseVisitor.visitFile(KeYParserBaseVisitor.java:23)
	at de.uka.ilkd.key.nparser.KeYParser$FileContext.accept(KeYParser.java:306)
	at de.uka.ilkd.key.nparser.KeyAst.accept(KeyAst.java:41)
	at de.uka.ilkd.key.nparser.KeyAst$File.getIncludes(KeyAst.java:76)
	at de.uka.ilkd.key.proof.io.KeYFile.readIncludes(KeYFile.java:208)
	... 14 more
Could not find rule file rules/intRulesCheckedSemantics.key (file: /home/runner/work/key/key/key.core/../key.ui/examples/index/.././standard_key/java_dl/exceptions.key; caused by: de.uka.ilkd.key.proof.init.ProofInputException: Could not find rule file rules/intRulesCheckedSemantics.key)
	at de.uka.ilkd.key.control.AbstractUserInterfaceControl.load(AbstractUserInterfaceControl.java:221)
	at de.uka.ilkd.key.control.KeYEnvironment.load(KeYEnvironment.java:251)
	at de.uka.ilkd.key.control.KeYEnvironment.load(KeYEnvironment.java:224)
	at de.uka.ilkd.key.control.KeYEnvironment.load(KeYEnvironment.java:184)
	at de.uka.ilkd.key.control.KeYEnvironment.load(KeYEnvironment.java:261)
	at de.uka.ilkd.key.proof.runallproofs.proofcollection.TestFile.load(TestFile.java:270)
	at de.uka.ilkd.key.proof.runallproofs.proofcollection.TestFile.runKey(TestFile.java:160)
	at de.uka.ilkd.key.proof.runallproofs.proofcollection.ForkedTestFileRunner.main(ForkedTestFileRunner.java:171)
Caused by: de.uka.ilkd.key.proof.init.ProofInputException: Could not find rule file rules/intRulesCheckedSemantics.key
	at de.uka.ilkd.key.proof.io.KeYFile.readIncludes(KeYFile.java:210)
	at de.uka.ilkd.key.proof.init.ProblemInitializer.readIncludes(ProblemInitializer.java:177)
	at de.uka.ilkd.key.proof.init.ProblemInitializer.readEnvInput(ProblemInitializer.java:325)
	at de.uka.ilkd.key.proof.init.ProblemInitializer.prepare(ProblemInitializer.java:449)
	at de.uka.ilkd.key.proof.io.AbstractProblemLoader.createInitConfig(AbstractProblemLoader.java:518)
	at de.uka.ilkd.key.proof.io.AbstractProblemLoader.loadEnvironment(AbstractProblemLoader.java:288)
	at de.uka.ilkd.key.proof.io.AbstractProblemLoader.load(AbstractProblemLoader.java:252)
	at de.uka.ilkd.key.control.AbstractUserInterfaceControl.load(AbstractUserInterfaceControl.java:209)
	... 7 more
Caused by: java.lang.RuntimeException: Could not find rule file rules/intRulesCheckedSemantics.key
	at de.uka.ilkd.key.proof.io.RuleSourceFactory.fromBuiltInRule(RuleSourceFactory.java:32)
	at de.uka.ilkd.key.proof.io.RuleSourceFactory.fromDefaultLocation(RuleSourceFactory.java:21)
	at de.uka.ilkd.key.nparser.builder.IncludeFinder.addInclude(IncludeFinder.java:63)
	at de.uka.ilkd.key.nparser.builder.IncludeFinder.visitOne_include(IncludeFinder.java:43)
	at de.uka.ilkd.key.nparser.builder.IncludeFinder.visitOne_include(IncludeFinder.java:20)
	at de.uka.ilkd.key.nparser.KeYParser$One_includeContext.accept(KeYParser.java:878)
	at de.uka.ilkd.key.nparser.builder.AbstractBuilder.lambda$mapOf$0(AbstractBuilder.java:112)
	at java.base/java.util.stream.ReferencePipeline$3$1.accept(ReferencePipeline.java:195)
	at java.base/java.util.ArrayList$ArrayListSpliterator.forEachRemaining(ArrayList.java:1655)
	at java.base/java.util.stream.AbstractPipeline.copyInto(AbstractPipeline.java:484)
	at java.base/java.util.stream.AbstractPipeline.wrapAndCopyInto(AbstractPipeline.java:474)
	at java.base/java.util.stream.ReduceOps$ReduceOp.evaluateSequential(ReduceOps.java:913)
	at java.base/java.util.stream.AbstractPipeline.evaluate(AbstractPipeline.java:234)
	at java.base/java.util.stream.ReferencePipeline.collect(ReferencePipeline.java:578)
	at de.uka.ilkd.key.nparser.builder.AbstractBuilder.mapOf(AbstractBuilder.java:112)
	at de.uka.ilkd.key.nparser.builder.IncludeFinder.visitOne_include_statement(IncludeFinder.java:35)
	at de.uka.ilkd.key.nparser.builder.IncludeFinder.visitOne_include_statement(IncludeFinder.java:20)
	at de.uka.ilkd.key.nparser.KeYParser$One_include_statementContext.accept(KeYParser.java:802)
	at org.antlr.v4.runtime.tree.AbstractParseTreeVisitor.visitChildren(AbstractParseTreeVisitor.java:46)
	at de.uka.ilkd.key.nparser.KeYParserBaseVisitor.visitDecls(KeYParserBaseVisitor.java:30)
	at de.uka.ilkd.key.nparser.KeYParser$DeclsContext.accept(KeYParser.java:500)
	at org.antlr.v4.runtime.tree.AbstractParseTreeVisitor.visitChildren(AbstractParseTreeVisitor.java:46)
	at de.uka.ilkd.key.nparser.KeYParserBaseVisitor.visitFile(KeYParserBaseVisitor.java:23)
	at de.uka.ilkd.key.nparser.KeYParser$FileContext.accept(KeYParser.java:306)
	at de.uka.ilkd.key.nparser.KeyAst.accept(KeyAst.java:41)
	at de.uka.ilkd.key.nparser.KeyAst$File.getIncludes(KeyAst.java:76)
	at de.uka.ilkd.key.proof.io.KeYFile.readIncludes(KeYFile.java:208)
	... 14 more
Could not find rule file rules/intRulesCheckedSemantics.key (file: /home/runner/work/key/key/key.core/../key.ui/examples/index/.././standard_key/java_dl/exceptions1.key; caused by: de.uka.ilkd.key.proof.init.ProofInputException: Could not find rule file rules/intRulesCheckedSemantics.key)
	at de.uka.ilkd.key.control.AbstractUserInterfaceControl.load(AbstractUserInterfaceControl.java:221)
	at de.uka.ilkd.key.control.KeYEnvironment.load(KeYEnvironment.java:251)
	at de.uka.ilkd.key.control.KeYEnvironment.load(KeYEnvironment.java:224)
	at de.uka.ilkd.key.control.KeYEnvironment.load(KeYEnvironment.java:184)
	at de.uka.ilkd.key.control.KeYEnvironment.load(KeYEnvironment.java:261)
	at de.uka.ilkd.key.proof.runallproofs.proofcollection.TestFile.load(TestFile.java:270)
	at de.uka.ilkd.key.proof.runallproofs.proofcollection.TestFile.runKey(TestFile.java:160)
	at de.uka.ilkd.key.proof.runallproofs.proofcollection.ForkedTestFileRunner.main(ForkedTestFileRunner.java:171)
Caused by: de.uka.ilkd.key.proof.init.ProofInputException: Could not find rule file rules/intRulesCheckedSemantics.key
	at de.uka.ilkd.key.proof.io.KeYFile.readIncludes(KeYFile.java:210)
	at de.uka.ilkd.key.proof.init.ProblemInitializer.readIncludes(ProblemInitializer.java:177)
	at de.uka.ilkd.key.proof.init.ProblemInitializer.readEnvInput(ProblemInitializer.java:325)
	at de.uka.ilkd.key.proof.init.ProblemInitializer.prepare(ProblemInitializer.java:449)
	at de.uka.ilkd.key.proof.io.AbstractProblemLoader.createInitConfig(AbstractProblemLoader.java:518)
	at de.uka.ilkd.key.proof.io.AbstractProblemLoader.loadEnvironment(AbstractProblemLoader.java:288)
	at de.uka.ilkd.key.proof.io.AbstractProblemLoader.load(AbstractProblemLoader.java:252)
	at de.uka.ilkd.key.control.AbstractUserInterfaceControl.load(AbstractUserInterfaceControl.java:209)
	... 7 more
Caused by: java.lang.RuntimeException: Could not find rule file rules/intRulesCheckedSemantics.key
	at de.uka.ilkd.key.proof.io.RuleSourceFactory.fromBuiltInRule(RuleSourceFactory.java:32)
	at de.uka.ilkd.key.proof.io.RuleSourceFactory.fromDefaultLocation(RuleSourceFactory.java:21)
	at de.uka.ilkd.key.nparser.builder.IncludeFinder.addInclude(IncludeFinder.java:63)
	at de.uka.ilkd.key.nparser.builder.IncludeFinder.visitOne_include(IncludeFinder.java:43)
	at de.uka.ilkd.key.nparser.builder.IncludeFinder.visitOne_include(IncludeFinder.java:20)
	at de.uka.ilkd.key.nparser.KeYParser$One_includeContext.accept(KeYParser.java:878)
	at de.uka.ilkd.key.nparser.builder.AbstractBuilder.lambda$mapOf$0(AbstractBuilder.java:112)
	at java.base/java.util.stream.ReferencePipeline$3$1.accept(ReferencePipeline.java:195)
	at java.base/java.util.ArrayList$ArrayListSpliterator.forEachRemaining(ArrayList.java:1655)
	at java.base/java.util.stream.AbstractPipeline.copyInto(AbstractPipeline.java:484)
	at java.base/java.util.stream.AbstractPipeline.wrapAndCopyInto(AbstractPipeline.java:474)
	at java.base/java.util.stream.ReduceOps$ReduceOp.evaluateSequential(ReduceOps.java:913)
	at java.base/java.util.stream.AbstractPipeline.evaluate(AbstractPipeline.java:234)
	at java.base/java.util.stream.ReferencePipeline.collect(ReferencePipeline.java:578)
	at de.uka.ilkd.key.nparser.builder.AbstractBuilder.mapOf(AbstractBuilder.java:112)
	at de.uka.ilkd.key.nparser.builder.IncludeFinder.visitOne_include_statement(IncludeFinder.java:35)
	at de.uka.ilkd.key.nparser.builder.IncludeFinder.visitOne_include_statement(IncludeFinder.java:20)
	at de.uka.ilkd.key.nparser.KeYParser$One_include_statementContext.accept(KeYParser.java:802)
	at org.antlr.v4.runtime.tree.AbstractParseTreeVisitor.visitChildren(AbstractParseTreeVisitor.java:46)
	at de.uka.ilkd.key.nparser.KeYParserBaseVisitor.visitDecls(KeYParserBaseVisitor.java:30)
	at de.uka.ilkd.key.nparser.KeYParser$DeclsContext.accept(KeYParser.java:500)
	at org.antlr.v4.runtime.tree.AbstractParseTreeVisitor.visitChildren(AbstractParseTreeVisitor.java:46)
	at de.uka.ilkd.key.nparser.KeYParserBaseVisitor.visitFile(KeYParserBaseVisitor.java:23)
	at de.uka.ilkd.key.nparser.KeYParser$FileContext.accept(KeYParser.java:306)
	at de.uka.ilkd.key.nparser.KeyAst.accept(KeyAst.java:41)
	at de.uka.ilkd.key.nparser.KeyAst$File.getIncludes(KeyAst.java:76)
	at de.uka.ilkd.key.proof.io.KeYFile.readIncludes(KeYFile.java:208)
	... 14 more
Could not find rule file rules/intRulesCheckedSemantics.key (file: /home/runner/work/key/key/key.core/../key.ui/examples/index/.././standard_key/java_dl/exceptions2.key; caused by: de.uka.ilkd.key.proof.init.ProofInputException: Could not find rule file rules/intRulesCheckedSemantics.key)
	at de.uka.ilkd.key.control.AbstractUserInterfaceControl.load(AbstractUserInterfaceControl.java:221)
	at de.uka.ilkd.key.control.KeYEnvironment.load(KeYEnvironment.java:251)
	at de.uka.ilkd.key.control.KeYEnvironment.load(KeYEnvironment.java:224)
	at de.uka.ilkd.key.control.KeYEnvironment.load(KeYEnvironment.java:184)
	at de.uka.ilkd.key.control.KeYEnvironment.load(KeYEnvironment.java:261)
	at de.uka.ilkd.key.proof.runallproofs.proofcollection.TestFile.load(TestFile.java:270)
	at de.uka.ilkd.key.proof.runallproofs.proofcollection.TestFile.runKey(TestFile.java:160)
	at de.uka.ilkd.key.proof.runallproofs.proofcollection.ForkedTestFileRunner.main(ForkedTestFileRunner.java:171)
Caused by: de.uka.ilkd.key.proof.init.ProofInputException: Could not find rule file rules/intRulesCheckedSemantics.key
	at de.uka.ilkd.key.proof.io.KeYFile.readIncludes(KeYFile.java:210)
	at de.uka.ilkd.key.proof.init.ProblemInitializer.readIncludes(ProblemInitializer.java:177)
	at de.uka.ilkd.key.proof.init.ProblemInitializer.readEnvInput(ProblemInitializer.java:325)
	at de.uka.ilkd.key.proof.init.ProblemInitializer.prepare(ProblemInitializer.java:449)
	at de.uka.ilkd.key.proof.io.AbstractProblemLoader.createInitConfig(AbstractProblemLoader.java:518)
	at de.uka.ilkd.key.proof.io.AbstractProblemLoader.loadEnvironment(AbstractProblemLoader.java:288)
	at de.uka.ilkd.key.proof.io.AbstractProblemLoader.load(AbstractProblemLoader.java:252)
	at de.uka.ilkd.key.control.AbstractUserInterfaceControl.load(AbstractUserInterfaceControl.java:209)
	... 7 more
Caused by: java.lang.RuntimeException: Could not find rule file rules/intRulesCheckedSemantics.key
	at de.uka.ilkd.key.proof.io.RuleSourceFactory.fromBuiltInRule(RuleSourceFactory.java:32)
	at de.uka.ilkd.key.proof.io.RuleSourceFactory.fromDefaultLocation(RuleSourceFactory.java:21)
	at de.uka.ilkd.key.nparser.builder.IncludeFinder.addInclude(IncludeFinder.java:63)
	at de.uka.ilkd.key.nparser.builder.IncludeFinder.visitOne_include(IncludeFinder.java:43)
	at de.uka.ilkd.key.nparser.builder.IncludeFinder.visitOne_include(IncludeFinder.java:20)
	at de.uka.ilkd.key.nparser.KeYParser$One_includeContext.accept(KeYParser.java:878)
	at de.uka.ilkd.key.nparser.builder.AbstractBuilder.lambda$mapOf$0(AbstractBuilder.java:112)
	at java.base/java.util.stream.ReferencePipeline$3$1.accept(ReferencePipeline.java:195)
	at java.base/java.util.ArrayList$ArrayListSpliterator.forEachRemaining(ArrayList.java:1655)
	at java.base/java.util.stream.AbstractPipeline.copyInto(AbstractPipeline.java:484)
	at java.base/java.util.stream.AbstractPipeline.wrapAndCopyInto(AbstractPipeline.java:474)
	at java.base/java.util.stream.ReduceOps$ReduceOp.evaluateSequential(ReduceOps.java:913)
	at java.base/java.util.stream.AbstractPipeline.evaluate(AbstractPipeline.java:234)
	at java.base/java.util.stream.ReferencePipeline.collect(ReferencePipeline.java:578)
	at de.uka.ilkd.key.nparser.builder.AbstractBuilder.mapOf(AbstractBuilder.java:112)
	at de.uka.ilkd.key.nparser.builder.IncludeFinder.visitOne_include_statement(IncludeFinder.java:35)
	at de.uka.ilkd.key.nparser.builder.IncludeFinder.visitOne_include_statement(IncludeFinder.java:20)
	at de.uka.ilkd.key.nparser.KeYParser$One_include_statementContext.accept(KeYParser.java:802)
	at org.antlr.v4.runtime.tree.AbstractParseTreeVisitor.visitChildren(AbstractParseTreeVisitor.java:46)
	at de.uka.ilkd.key.nparser.KeYParserBaseVisitor.visitDecls(KeYParserBaseVisitor.java:30)
	at de.uka.ilkd.key.nparser.KeYParser$DeclsContext.accept(KeYParser.java:500)
	at org.antlr.v4.runtime.tree.AbstractParseTreeVisitor.visitChildren(AbstractParseTreeVisitor.java:46)
	at de.uka.ilkd.key.nparser.KeYParserBaseVisitor.visitFile(KeYParserBaseVisitor.java:23)
	at de.uka.ilkd.key.nparser.KeYParser$FileContext.accept(KeYParser.java:306)
	at de.uka.ilkd.key.nparser.KeyAst.accept(KeyAst.java:41)
	at de.uka.ilkd.key.nparser.KeyAst$File.getIncludes(KeyAst.java:76)
	at de.uka.ilkd.key.proof.io.KeYFile.readIncludes(KeYFile.java:208)
	... 14 more
Could not find rule file rules/intRulesCheckedSemantics.key (file: /home/runner/work/key/key/key.core/../key.ui/examples/index/.././standard_key/java_dl/exceptions3.key; caused by: de.uka.ilkd.key.proof.init.ProofInputException: Could not find rule file rules/intRulesCheckedSemantics.key)
	at de.uka.ilkd.key.control.AbstractUserInterfaceControl.load(AbstractUserInterfaceControl.java:221)
	at de.uka.ilkd.key.control.KeYEnvironment.load(KeYEnvironment.java:251)
	at de.uka.ilkd.key.control.KeYEnvironment.load(KeYEnvironment.java:224)
	at de.uka.ilkd.key.control.KeYEnvironment.load(KeYEnvironment.java:184)
	at de.uka.ilkd.key.control.KeYEnvironment.load(KeYEnvironment.java:261)
	at de.uka.ilkd.key.proof.runallproofs.proofcollection.TestFile.load(TestFile.java:270)
	at de.uka.ilkd.key.proof.runallproofs.proofcollection.TestFile.runKey(TestFile.java:160)
	at de.uka.ilkd.key.proof.runallproofs.proofcollection.ForkedTestFileRunner.main(ForkedTestFileRunner.java:171)
Caused by: de.uka.ilkd.key.proof.init.ProofInputException: Could not find rule file rules/intRulesCheckedSemantics.key
	at de.uka.ilkd.key.proof.io.KeYFile.readIncludes(KeYFile.java:210)
	at de.uka.ilkd.key.proof.init.ProblemInitializer.readIncludes(ProblemInitializer.java:177)
	at de.uka.ilkd.key.proof.init.ProblemInitializer.readEnvInput(ProblemInitializer.java:325)
	at de.uka.ilkd.key.proof.init.ProblemInitializer.prepare(ProblemInitializer.java:449)
	at de.uka.ilkd.key.proof.io.AbstractProblemLoader.createInitConfig(AbstractProblemLoader.java:518)
	at de.uka.ilkd.key.proof.io.AbstractProblemLoader.loadEnvironment(AbstractProblemLoader.java:288)
	at de.uka.ilkd.key.proof.io.AbstractProblemLoader.load(AbstractProblemLoader.java:252)
	at de.uka.ilkd.key.control.AbstractUserInterfaceControl.load(AbstractUserInterfaceControl.java:209)
	... 7 more
Caused by: java.lang.RuntimeException: Could not find rule file rules/intRulesCheckedSemantics.key
	at de.uka.ilkd.key.proof.io.RuleSourceFactory.fromBuiltInRule(RuleSourceFactory.java:32)
	at de.uka.ilkd.key.proof.io.RuleSourceFactory.fromDefaultLocation(RuleSourceFactory.java:21)
	at de.uka.ilkd.key.nparser.builder.IncludeFinder.addInclude(IncludeFinder.java:63)
	at de.uka.ilkd.key.nparser.builder.IncludeFinder.visitOne_include(IncludeFinder.java:43)
	at de.uka.ilkd.key.nparser.builder.IncludeFinder.visitOne_include(IncludeFinder.java:20)
	at de.uka.ilkd.key.nparser.KeYParser$One_includeContext.accept(KeYParser.java:878)
	at de.uka.ilkd.key.nparser.builder.AbstractBuilder.lambda$mapOf$0(AbstractBuilder.java:112)
	at java.base/java.util.stream.ReferencePipeline$3$1.accept(ReferencePipeline.java:195)
	at java.base/java.util.ArrayList$ArrayListSpliterator.forEachRemaining(ArrayList.java:1655)
	at java.base/java.util.stream.AbstractPipeline.copyInto(AbstractPipeline.java:484)
	at java.base/java.util.stream.AbstractPipeline.wrapAndCopyInto(AbstractPipeline.java:474)
	at java.base/java.util.stream.ReduceOps$ReduceOp.evaluateSequential(ReduceOps.java:913)
	at java.base/java.util.stream.AbstractPipeline.evaluate(AbstractPipeline.java:234)
	at java.base/java.util.stream.ReferencePipeline.collect(ReferencePipeline.java:578)
	at de.uka.ilkd.key.nparser.builder.AbstractBuilder.mapOf(AbstractBuilder.java:112)
	at de.uka.ilkd.key.nparser.builder.IncludeFinder.visitOne_include_statement(IncludeFinder.java:35)
	at de.uka.ilkd.key.nparser.builder.IncludeFinder.visitOne_include_statement(IncludeFinder.java:20)
	at de.uka.ilkd.key.nparser.KeYParser$One_include_statementContext.accept(KeYParser.java:802)
	at org.antlr.v4.runtime.tree.AbstractParseTreeVisitor.visitChildren(AbstractParseTreeVisitor.java:46)
	at de.uka.ilkd.key.nparser.KeYParserBaseVisitor.visitDecls(KeYParserBaseVisitor.java:30)
	at de.uka.ilkd.key.nparser.KeYParser$DeclsContext.accept(KeYParser.java:500)
	at org.antlr.v4.runtime.tree.AbstractParseTreeVisitor.visitChildren(AbstractParseTreeVisitor.java:46)
	at de.uka.ilkd.key.nparser.KeYParserBaseVisitor.visitFile(KeYParserBaseVisitor.java:23)
	at de.uka.ilkd.key.nparser.KeYParser$FileContext.accept(KeYParser.java:306)
	at de.uka.ilkd.key.nparser.KeyAst.accept(KeyAst.java:41)
	at de.uka.ilkd.key.nparser.KeyAst$File.getIncludes(KeyAst.java:76)
	at de.uka.ilkd.key.proof.io.KeYFile.readIncludes(KeYFile.java:208)
	... 14 more
Could not find rule file rules/intRulesCheckedSemantics.key (file: /home/runner/work/key/key/key.core/../key.ui/examples/index/.././standard_key/java_dl/exchange.key; caused by: de.uka.ilkd.key.proof.init.ProofInputException: Could not find rule file rules/intRulesCheckedSemantics.key)
	at de.uka.ilkd.key.control.AbstractUserInterfaceControl.load(AbstractUserInterfaceControl.java:221)
	at de.uka.ilkd.key.control.KeYEnvironment.load(KeYEnvironment.java:251)
	at de.uka.ilkd.key.control.KeYEnvironment.load(KeYEnvironment.java:224)
	at de.uka.ilkd.key.control.KeYEnvironment.load(KeYEnvironment.java:184)
	at de.uka.ilkd.key.control.KeYEnvironment.load(KeYEnvironment.java:261)
	at de.uka.ilkd.key.proof.runallproofs.proofcollection.TestFile.load(TestFile.java:270)
	at de.uka.ilkd.key.proof.runallproofs.proofcollection.TestFile.runKey(TestFile.java:160)
	at de.uka.ilkd.key.proof.runallproofs.proofcollection.ForkedTestFileRunner.main(ForkedTestFileRunner.java:171)
Caused by: de.uka.ilkd.key.proof.init.ProofInputException: Could not find rule file rules/intRulesCheckedSemantics.key
	at de.uka.ilkd.key.proof.io.KeYFile.readIncludes(KeYFile.java:210)
	at de.uka.ilkd.key.proof.init.ProblemInitializer.readIncludes(ProblemInitializer.java:177)
	at de.uka.ilkd.key.proof.init.ProblemInitializer.readEnvInput(ProblemInitializer.java:325)
	at de.uka.ilkd.key.proof.init.ProblemInitializer.prepare(ProblemInitializer.java:449)
	at de.uka.ilkd.key.proof.io.AbstractProblemLoader.createInitConfig(AbstractProblemLoader.java:518)
	at de.uka.ilkd.key.proof.io.AbstractProblemLoader.loadEnvironment(AbstractProblemLoader.java:288)
	at de.uka.ilkd.key.proof.io.AbstractProblemLoader.load(AbstractProblemLoader.java:252)
	at de.uka.ilkd.key.control.AbstractUserInterfaceControl.load(AbstractUserInterfaceControl.java:209)
	... 7 more
Caused by: java.lang.RuntimeException: Could not find rule file rules/intRulesCheckedSemantics.key
	at de.uka.ilkd.key.proof.io.RuleSourceFactory.fromBuiltInRule(RuleSourceFactory.java:32)
	at de.uka.ilkd.key.proof.io.RuleSourceFactory.fromDefaultLocation(RuleSourceFactory.java:21)
	at de.uka.ilkd.key.nparser.builder.IncludeFinder.addInclude(IncludeFinder.java:63)
	at de.uka.ilkd.key.nparser.builder.IncludeFinder.visitOne_include(IncludeFinder.java:43)
	at de.uka.ilkd.key.nparser.builder.IncludeFinder.visitOne_include(IncludeFinder.java:20)
	at de.uka.ilkd.key.nparser.KeYParser$One_includeContext.accept(KeYParser.java:878)
	at de.uka.ilkd.key.nparser.builder.AbstractBuilder.lambda$mapOf$0(AbstractBuilder.java:112)
	at java.base/java.util.stream.ReferencePipeline$3$1.accept(ReferencePipeline.java:195)
	at java.base/java.util.ArrayList$ArrayListSpliterator.forEachRemaining(ArrayList.java:1655)
	at java.base/java.util.stream.AbstractPipeline.copyInto(AbstractPipeline.java:484)
	at java.base/java.util.stream.AbstractPipeline.wrapAndCopyInto(AbstractPipeline.java:474)
	at java.base/java.util.stream.ReduceOps$ReduceOp.evaluateSequential(ReduceOps.java:913)
	at java.base/java.util.stream.AbstractPipeline.evaluate(AbstractPipeline.java:234)
	at java.base/java.util.stream.ReferencePipeline.collect(ReferencePipeline.java:578)
	at de.uka.ilkd.key.nparser.builder.AbstractBuilder.mapOf(AbstractBuilder.java:112)
	at de.uka.ilkd.key.nparser.builder.IncludeFinder.visitOne_include_statement(IncludeFinder.java:35)
	at de.uka.ilkd.key.nparser.builder.IncludeFinder.visitOne_include_statement(IncludeFinder.java:20)
	at de.uka.ilkd.key.nparser.KeYParser$One_include_statementContext.accept(KeYParser.java:802)
	at org.antlr.v4.runtime.tree.AbstractParseTreeVisitor.visitChildren(AbstractParseTreeVisitor.java:46)
	at de.uka.ilkd.key.nparser.KeYParserBaseVisitor.visitDecls(KeYParserBaseVisitor.java:30)
	at de.uka.ilkd.key.nparser.KeYParser$DeclsContext.accept(KeYParser.java:500)
	at org.antlr.v4.runtime.tree.AbstractParseTreeVisitor.visitChildren(AbstractParseTreeVisitor.java:46)
	at de.uka.ilkd.key.nparser.KeYParserBaseVisitor.visitFile(KeYParserBaseVisitor.java:23)
	at de.uka.ilkd.key.nparser.KeYParser$FileContext.accept(KeYParser.java:306)
	at de.uka.ilkd.key.nparser.KeyAst.accept(KeyAst.java:41)
	at de.uka.ilkd.key.nparser.KeyAst$File.getIncludes(KeyAst.java:76)
	at de.uka.ilkd.key.proof.io.KeYFile.readIncludes(KeYFile.java:208)
	... 14 more
Could not find rule file rules/intRulesCheckedSemantics.key (file: /home/runner/work/key/key/key.core/../key.ui/examples/index/.././standard_key/java_dl/if.key; caused by: de.uka.ilkd.key.proof.init.ProofInputException: Could not find rule file rules/intRulesCheckedSemantics.key)
	at de.uka.ilkd.key.control.AbstractUserInterfaceControl.load(AbstractUserInterfaceControl.java:221)
	at de.uka.ilkd.key.control.KeYEnvironment.load(KeYEnvironment.java:251)
	at de.uka.ilkd.key.control.KeYEnvironment.load(KeYEnvironment.java:224)
	at de.uka.ilkd.key.control.KeYEnvironment.load(KeYEnvironment.java:184)
	at de.uka.ilkd.key.control.KeYEnvironment.load(KeYEnvironment.java:261)
	at de.uka.ilkd.key.proof.runallproofs.proofcollection.TestFile.load(TestFile.java:270)
	at de.uka.ilkd.key.proof.runallproofs.proofcollection.TestFile.runKey(TestFile.java:160)
	at de.uka.ilkd.key.proof.runallproofs.proofcollection.ForkedTestFileRunner.main(ForkedTestFileRunner.java:171)
Caused by: de.uka.ilkd.key.proof.init.ProofInputException: Could not find rule file rules/intRulesCheckedSemantics.key
	at de.uka.ilkd.key.proof.io.KeYFile.readIncludes(KeYFile.java:210)
	at de.uka.ilkd.key.proof.init.ProblemInitializer.readIncludes(ProblemInitializer.java:177)
	at de.uka.ilkd.key.proof.init.ProblemInitializer.readEnvInput(ProblemInitializer.java:325)
	at de.uka.ilkd.key.proof.init.ProblemInitializer.prepare(ProblemInitializer.java:449)
	at de.uka.ilkd.key.proof.io.AbstractProblemLoader.createInitConfig(AbstractProblemLoader.java:518)
	at de.uka.ilkd.key.proof.io.AbstractProblemLoader.loadEnvironment(AbstractProblemLoader.java:288)
	at de.uka.ilkd.key.proof.io.AbstractProblemLoader.load(AbstractProblemLoader.java:252)
	at de.uka.ilkd.key.control.AbstractUserInterfaceControl.load(AbstractUserInterfaceControl.java:209)
	... 7 more
Caused by: java.lang.RuntimeException: Could not find rule file rules/intRulesCheckedSemantics.key
	at de.uka.ilkd.key.proof.io.RuleSourceFactory.fromBuiltInRule(RuleSourceFactory.java:32)
	at de.uka.ilkd.key.proof.io.RuleSourceFactory.fromDefaultLocation(RuleSourceFactory.java:21)
	at de.uka.ilkd.key.nparser.builder.IncludeFinder.addInclude(IncludeFinder.java:63)
	at de.uka.ilkd.key.nparser.builder.IncludeFinder.visitOne_include(IncludeFinder.java:43)
	at de.uka.ilkd.key.nparser.builder.IncludeFinder.visitOne_include(IncludeFinder.java:20)
	at de.uka.ilkd.key.nparser.KeYParser$One_includeContext.accept(KeYParser.java:878)
	at de.uka.ilkd.key.nparser.builder.AbstractBuilder.lambda$mapOf$0(AbstractBuilder.java:112)
	at java.base/java.util.stream.ReferencePipeline$3$1.accept(ReferencePipeline.java:195)
	at java.base/java.util.ArrayList$ArrayListSpliterator.forEachRemaining(ArrayList.java:1655)
	at java.base/java.util.stream.AbstractPipeline.copyInto(AbstractPipeline.java:484)
	at java.base/java.util.stream.AbstractPipeline.wrapAndCopyInto(AbstractPipeline.java:474)
	at java.base/java.util.stream.ReduceOps$ReduceOp.evaluateSequential(ReduceOps.java:913)
	at java.base/java.util.stream.AbstractPipeline.evaluate(AbstractPipeline.java:234)
	at java.base/java.util.stream.ReferencePipeline.collect(ReferencePipeline.java:578)
	at de.uka.ilkd.key.nparser.builder.AbstractBuilder.mapOf(AbstractBuilder.java:112)
	at de.uka.ilkd.key.nparser.builder.IncludeFinder.visitOne_include_statement(IncludeFinder.java:35)
	at de.uka.ilkd.key.nparser.builder.IncludeFinder.visitOne_include_statement(IncludeFinder.java:20)
	at de.uka.ilkd.key.nparser.KeYParser$One_include_statementContext.accept(KeYParser.java:802)
	at org.antlr.v4.runtime.tree.AbstractParseTreeVisitor.visitChildren(AbstractParseTreeVisitor.java:46)
	at de.uka.ilkd.key.nparser.KeYParserBaseVisitor.visitDecls(KeYParserBaseVisitor.java:30)
	at de.uka.ilkd.key.nparser.KeYParser$DeclsContext.accept(KeYParser.java:500)
	at org.antlr.v4.runtime.tree.AbstractParseTreeVisitor.visitChildren(AbstractParseTreeVisitor.java:46)
	at de.uka.ilkd.key.nparser.KeYParserBaseVisitor.visitFile(KeYParserBaseVisitor.java:23)
	at de.uka.ilkd.key.nparser.KeYParser$FileContext.accept(KeYParser.java:306)
	at de.uka.ilkd.key.nparser.KeyAst.accept(KeyAst.java:41)
	at de.uka.ilkd.key.nparser.KeyAst$File.getIncludes(KeyAst.java:76)
	at de.uka.ilkd.key.proof.io.KeYFile.readIncludes(KeYFile.java:208)
	... 14 more
Could not find rule file rules/intRulesCheckedSemantics.key (file: /home/runner/work/key/key/key.core/../key.ui/examples/index/.././standard_key/java_dl/incrementcounter.key; caused by: de.uka.ilkd.key.proof.init.ProofInputException: Could not find rule file rules/intRulesCheckedSemantics.key)
	at de.uka.ilkd.key.control.AbstractUserInterfaceControl.load(AbstractUserInterfaceControl.java:221)
	at de.uka.ilkd.key.control.KeYEnvironment.load(KeYEnvironment.java:251)
	at de.uka.ilkd.key.control.KeYEnvironment.load(KeYEnvironment.java:224)
	at de.uka.ilkd.key.control.KeYEnvironment.load(KeYEnvironment.java:184)
	at de.uka.ilkd.key.control.KeYEnvironment.load(KeYEnvironment.java:261)
	at de.uka.ilkd.key.proof.runallproofs.proofcollection.TestFile.load(TestFile.java:270)
	at de.uka.ilkd.key.proof.runallproofs.proofcollection.TestFile.runKey(TestFile.java:160)
	at de.uka.ilkd.key.proof.runallproofs.proofcollection.ForkedTestFileRunner.main(ForkedTestFileRunner.java:171)
Caused by: de.uka.ilkd.key.proof.init.ProofInputException: Could not find rule file rules/intRulesCheckedSemantics.key
	at de.uka.ilkd.key.proof.io.KeYFile.readIncludes(KeYFile.java:210)
	at de.uka.ilkd.key.proof.init.ProblemInitializer.readIncludes(ProblemInitializer.java:177)
	at de.uka.ilkd.key.proof.init.ProblemInitializer.readEnvInput(ProblemInitializer.java:325)
	at de.uka.ilkd.key.proof.init.ProblemInitializer.prepare(ProblemInitializer.java:449)
	at de.uka.ilkd.key.proof.io.AbstractProblemLoader.createInitConfig(AbstractProblemLoader.java:518)
	at de.uka.ilkd.key.proof.io.AbstractProblemLoader.loadEnvironment(AbstractProblemLoader.java:288)
	at de.uka.ilkd.key.proof.io.AbstractProblemLoader.load(AbstractProblemLoader.java:252)
	at de.uka.ilkd.key.control.AbstractUserInterfaceControl.load(AbstractUserInterfaceControl.java:209)
	... 7 more
Caused by: java.lang.RuntimeException: Could not find rule file rules/intRulesCheckedSemantics.key
	at de.uka.ilkd.key.proof.io.RuleSourceFactory.fromBuiltInRule(RuleSourceFactory.java:32)
	at de.uka.ilkd.key.proof.io.RuleSourceFactory.fromDefaultLocation(RuleSourceFactory.java:21)
	at de.uka.ilkd.key.nparser.builder.IncludeFinder.addInclude(IncludeFinder.java:63)
	at de.uka.ilkd.key.nparser.builder.IncludeFinder.visitOne_include(IncludeFinder.java:43)
	at de.uka.ilkd.key.nparser.builder.IncludeFinder.visitOne_include(IncludeFinder.java:20)
	at de.uka.ilkd.key.nparser.KeYParser$One_includeContext.accept(KeYParser.java:878)
	at de.uka.ilkd.key.nparser.builder.AbstractBuilder.lambda$mapOf$0(AbstractBuilder.java:112)
	at java.base/java.util.stream.ReferencePipeline$3$1.accept(ReferencePipeline.java:195)
	at java.base/java.util.ArrayList$ArrayListSpliterator.forEachRemaining(ArrayList.java:1655)
	at java.base/java.util.stream.AbstractPipeline.copyInto(AbstractPipeline.java:484)
	at java.base/java.util.stream.AbstractPipeline.wrapAndCopyInto(AbstractPipeline.java:474)
	at java.base/java.util.stream.ReduceOps$ReduceOp.evaluateSequential(ReduceOps.java:913)
	at java.base/java.util.stream.AbstractPipeline.evaluate(AbstractPipeline.java:234)
	at java.base/java.util.stream.ReferencePipeline.collect(ReferencePipeline.java:578)
	at de.uka.ilkd.key.nparser.builder.AbstractBuilder.mapOf(AbstractBuilder.java:112)
	at de.uka.ilkd.key.nparser.builder.IncludeFinder.visitOne_include_statement(IncludeFinder.java:35)
	at de.uka.ilkd.key.nparser.builder.IncludeFinder.visitOne_include_statement(IncludeFinder.java:20)
	at de.uka.ilkd.key.nparser.KeYParser$One_include_statementContext.accept(KeYParser.java:802)
	at org.antlr.v4.runtime.tree.AbstractParseTreeVisitor.visitChildren(AbstractParseTreeVisitor.java:46)
	at de.uka.ilkd.key.nparser.KeYParserBaseVisitor.visitDecls(KeYParserBaseVisitor.java:30)
	at de.uka.ilkd.key.nparser.KeYParser$DeclsContext.accept(KeYParser.java:500)
	at org.antlr.v4.runtime.tree.AbstractParseTreeVisitor.visitChildren(AbstractParseTreeVisitor.java:46)
	at de.uka.ilkd.key.nparser.KeYParserBaseVisitor.visitFile(KeYParserBaseVisitor.java:23)
	at de.uka.ilkd.key.nparser.KeYParser$FileContext.accept(KeYParser.java:306)
	at de.uka.ilkd.key.nparser.KeyAst.accept(KeyAst.java:41)
	at de.uka.ilkd.key.nparser.KeyAst$File.getIncludes(KeyAst.java:76)
	at de.uka.ilkd.key.proof.io.KeYFile.readIncludes(KeYFile.java:208)
	... 14 more
Could not find rule file rules/intRulesCheckedSemantics.key (file: /home/runner/work/key/key/key.core/../key.ui/examples/index/.././standard_key/java_dl/danglingElse.key; caused by: de.uka.ilkd.key.proof.init.ProofInputException: Could not find rule file rules/intRulesCheckedSemantics.key)
	at de.uka.ilkd.key.control.AbstractUserInterfaceControl.load(AbstractUserInterfaceControl.java:221)
	at de.uka.ilkd.key.control.KeYEnvironment.load(KeYEnvironment.java:251)
	at de.uka.ilkd.key.control.KeYEnvironment.load(KeYEnvironment.java:224)
	at de.uka.ilkd.key.control.KeYEnvironment.load(KeYEnvironment.java:184)
	at de.uka.ilkd.key.control.KeYEnvironment.load(KeYEnvironment.java:261)
	at de.uka.ilkd.key.proof.runallproofs.proofcollection.TestFile.load(TestFile.java:270)
	at de.uka.ilkd.key.proof.runallproofs.proofcollection.TestFile.runKey(TestFile.java:160)
	at de.uka.ilkd.key.proof.runallproofs.proofcollection.ForkedTestFileRunner.main(ForkedTestFileRunner.java:171)
Caused by: de.uka.ilkd.key.proof.init.ProofInputException: Could not find rule file rules/intRulesCheckedSemantics.key
	at de.uka.ilkd.key.proof.io.KeYFile.readIncludes(KeYFile.java:210)
	at de.uka.ilkd.key.proof.init.ProblemInitializer.readIncludes(ProblemInitializer.java:177)
	at de.uka.ilkd.key.proof.init.ProblemInitializer.readEnvInput(ProblemInitializer.java:325)
	at de.uka.ilkd.key.proof.init.ProblemInitializer.prepare(ProblemInitializer.java:449)
	at de.uka.ilkd.key.proof.io.AbstractProblemLoader.createInitConfig(AbstractProblemLoader.java:518)
	at de.uka.ilkd.key.proof.io.AbstractProblemLoader.loadEnvironment(AbstractProblemLoader.java:288)
	at de.uka.ilkd.key.proof.io.AbstractProblemLoader.load(AbstractProblemLoader.java:252)
	at de.uka.ilkd.key.control.AbstractUserInterfaceControl.load(AbstractUserInterfaceControl.java:209)
	... 7 more
Caused by: java.lang.RuntimeException: Could not find rule file rules/intRulesCheckedSemantics.key
	at de.uka.ilkd.key.proof.io.RuleSourceFactory.fromBuiltInRule(RuleSourceFactory.java:32)
	at de.uka.ilkd.key.proof.io.RuleSourceFactory.fromDefaultLocation(RuleSourceFactory.java:21)
	at de.uka.ilkd.key.nparser.builder.IncludeFinder.addInclude(IncludeFinder.java:63)
	at de.uka.ilkd.key.nparser.builder.IncludeFinder.visitOne_include(IncludeFinder.java:43)
	at de.uka.ilkd.key.nparser.builder.IncludeFinder.visitOne_include(IncludeFinder.java:20)
	at de.uka.ilkd.key.nparser.KeYParser$One_includeContext.accept(KeYParser.java:878)
	at de.uka.ilkd.key.nparser.builder.AbstractBuilder.lambda$mapOf$0(AbstractBuilder.java:112)
	at java.base/java.util.stream.ReferencePipeline$3$1.accept(ReferencePipeline.java:195)
	at java.base/java.util.ArrayList$ArrayListSpliterator.forEachRemaining(ArrayList.java:1655)
	at java.base/java.util.stream.AbstractPipeline.copyInto(AbstractPipeline.java:484)
	at java.base/java.util.stream.AbstractPipeline.wrapAndCopyInto(AbstractPipeline.java:474)
	at java.base/java.util.stream.ReduceOps$ReduceOp.evaluateSequential(ReduceOps.java:913)
	at java.base/java.util.stream.AbstractPipeline.evaluate(AbstractPipeline.java:234)
	at java.base/java.util.stream.ReferencePipeline.collect(ReferencePipeline.java:578)
	at de.uka.ilkd.key.nparser.builder.AbstractBuilder.mapOf(AbstractBuilder.java:112)
	at de.uka.ilkd.key.nparser.builder.IncludeFinder.visitOne_include_statement(IncludeFinder.java:35)
	at de.uka.ilkd.key.nparser.builder.IncludeFinder.visitOne_include_statement(IncludeFinder.java:20)
	at de.uka.ilkd.key.nparser.KeYParser$One_include_statementContext.accept(KeYParser.java:802)
	at org.antlr.v4.runtime.tree.AbstractParseTreeVisitor.visitChildren(AbstractParseTreeVisitor.java:46)
	at de.uka.ilkd.key.nparser.KeYParserBaseVisitor.visitDecls(KeYParserBaseVisitor.java:30)
	at de.uka.ilkd.key.nparser.KeYParser$DeclsContext.accept(KeYParser.java:500)
	at org.antlr.v4.runtime.tree.AbstractParseTreeVisitor.visitChildren(AbstractParseTreeVisitor.java:46)
	at de.uka.ilkd.key.nparser.KeYParserBaseVisitor.visitFile(KeYParserBaseVisitor.java:23)
	at de.uka.ilkd.key.nparser.KeYParser$FileContext.accept(KeYParser.java:306)
	at de.uka.ilkd.key.nparser.KeyAst.accept(KeyAst.java:41)
	at de.uka.ilkd.key.nparser.KeyAst$File.getIncludes(KeyAst.java:76)
	at de.uka.ilkd.key.proof.io.KeYFile.readIncludes(KeYFile.java:208)
	... 14 more
Could not find rule file rules/intRulesCheckedSemantics.key (file: /home/runner/work/key/key/key.core/../key.ui/examples/index/.././standard_key/java_dl/iteratedAssignment.key; caused by: de.uka.ilkd.key.proof.init.ProofInputException: Could not find rule file rules/intRulesCheckedSemantics.key)
	at de.uka.ilkd.key.control.AbstractUserInterfaceControl.load(AbstractUserInterfaceControl.java:221)
	at de.uka.ilkd.key.control.KeYEnvironment.load(KeYEnvironment.java:251)
	at de.uka.ilkd.key.control.KeYEnvironment.load(KeYEnvironment.java:224)
	at de.uka.ilkd.key.control.KeYEnvironment.load(KeYEnvironment.java:184)
	at de.uka.ilkd.key.control.KeYEnvironment.load(KeYEnvironment.java:261)
	at de.uka.ilkd.key.proof.runallproofs.proofcollection.TestFile.load(TestFile.java:270)
	at de.uka.ilkd.key.proof.runallproofs.proofcollection.TestFile.runKey(TestFile.java:160)
	at de.uka.ilkd.key.proof.runallproofs.proofcollection.ForkedTestFileRunner.main(ForkedTestFileRunner.java:171)
Caused by: de.uka.ilkd.key.proof.init.ProofInputException: Could not find rule file rules/intRulesCheckedSemantics.key
	at de.uka.ilkd.key.proof.io.KeYFile.readIncludes(KeYFile.java:210)
	at de.uka.ilkd.key.proof.init.ProblemInitializer.readIncludes(ProblemInitializer.java:177)
	at de.uka.ilkd.key.proof.init.ProblemInitializer.readEnvInput(ProblemInitializer.java:325)
	at de.uka.ilkd.key.proof.init.ProblemInitializer.prepare(ProblemInitializer.java:449)
	at de.uka.ilkd.key.proof.io.AbstractProblemLoader.createInitConfig(AbstractProblemLoader.java:518)
	at de.uka.ilkd.key.proof.io.AbstractProblemLoader.loadEnvironment(AbstractProblemLoader.java:288)
	at de.uka.ilkd.key.proof.io.AbstractProblemLoader.load(AbstractProblemLoader.java:252)
	at de.uka.ilkd.key.control.AbstractUserInterfaceControl.load(AbstractUserInterfaceControl.java:209)
	... 7 more
Caused by: java.lang.RuntimeException: Could not find rule file rules/intRulesCheckedSemantics.key
	at de.uka.ilkd.key.proof.io.RuleSourceFactory.fromBuiltInRule(RuleSourceFactory.java:32)
	at de.uka.ilkd.key.proof.io.RuleSourceFactory.fromDefaultLocation(RuleSourceFactory.java:21)
	at de.uka.ilkd.key.nparser.builder.IncludeFinder.addInclude(IncludeFinder.java:63)
	at de.uka.ilkd.key.nparser.builder.IncludeFinder.visitOne_include(IncludeFinder.java:43)
	at de.uka.ilkd.key.nparser.builder.IncludeFinder.visitOne_include(IncludeFinder.java:20)
	at de.uka.ilkd.key.nparser.KeYParser$One_includeContext.accept(KeYParser.java:878)
	at de.uka.ilkd.key.nparser.builder.AbstractBuilder.lambda$mapOf$0(AbstractBuilder.java:112)
	at java.base/java.util.stream.ReferencePipeline$3$1.accept(ReferencePipeline.java:195)
	at java.base/java.util.ArrayList$ArrayListSpliterator.forEachRemaining(ArrayList.java:1655)
	at java.base/java.util.stream.AbstractPipeline.copyInto(AbstractPipeline.java:484)
	at java.base/java.util.stream.AbstractPipeline.wrapAndCopyInto(AbstractPipeline.java:474)
	at java.base/java.util.stream.ReduceOps$ReduceOp.evaluateSequential(ReduceOps.java:913)
	at java.base/java.util.stream.AbstractPipeline.evaluate(AbstractPipeline.java:234)
	at java.base/java.util.stream.ReferencePipeline.collect(ReferencePipeline.java:578)
	at de.uka.ilkd.key.nparser.builder.AbstractBuilder.mapOf(AbstractBuilder.java:112)
	at de.uka.ilkd.key.nparser.builder.IncludeFinder.visitOne_include_statement(IncludeFinder.java:35)
	at de.uka.ilkd.key.nparser.builder.IncludeFinder.visitOne_include_statement(IncludeFinder.java:20)
	at de.uka.ilkd.key.nparser.KeYParser$One_include_statementContext.accept(KeYParser.java:802)
	at org.antlr.v4.runtime.tree.AbstractParseTreeVisitor.visitChildren(AbstractParseTreeVisitor.java:46)
	at de.uka.ilkd.key.nparser.KeYParserBaseVisitor.visitDecls(KeYParserBaseVisitor.java:30)
	at de.uka.ilkd.key.nparser.KeYParser$DeclsContext.accept(KeYParser.java:500)
	at org.antlr.v4.runtime.tree.AbstractParseTreeVisitor.visitChildren(AbstractParseTreeVisitor.java:46)
	at de.uka.ilkd.key.nparser.KeYParserBaseVisitor.visitFile(KeYParserBaseVisitor.java:23)
	at de.uka.ilkd.key.nparser.KeYParser$FileContext.accept(KeYParser.java:306)
	at de.uka.ilkd.key.nparser.KeyAst.accept(KeyAst.java:41)
	at de.uka.ilkd.key.nparser.KeyAst$File.getIncludes(KeyAst.java:76)
	at de.uka.ilkd.key.proof.io.KeYFile.readIncludes(KeYFile.java:208)
	... 14 more
Could not find rule file rules/intRulesCheckedSemantics.key (file: /home/runner/work/key/key/key.core/../key.ui/examples/index/.././standard_key/java_dl/assert/assert1.key; caused by: de.uka.ilkd.key.proof.init.ProofInputException: Could not find rule file rules/intRulesCheckedSemantics.key)
	at de.uka.ilkd.key.control.AbstractUserInterfaceControl.load(AbstractUserInterfaceControl.java:221)
	at de.uka.ilkd.key.control.KeYEnvironment.load(KeYEnvironment.java:251)
	at de.uka.ilkd.key.control.KeYEnvironment.load(KeYEnvironment.java:224)
	at de.uka.ilkd.key.control.KeYEnvironment.load(KeYEnvironment.java:184)
	at de.uka.ilkd.key.control.KeYEnvironment.load(KeYEnvironment.java:261)
	at de.uka.ilkd.key.proof.runallproofs.proofcollection.TestFile.load(TestFile.java:270)
	at de.uka.ilkd.key.proof.runallproofs.proofcollection.TestFile.runKey(TestFile.java:160)
	at de.uka.ilkd.key.proof.runallproofs.proofcollection.ForkedTestFileRunner.main(ForkedTestFileRunner.java:171)
Caused by: de.uka.ilkd.key.proof.init.ProofInputException: Could not find rule file rules/intRulesCheckedSemantics.key
	at de.uka.ilkd.key.proof.io.KeYFile.readIncludes(KeYFile.java:210)
	at de.uka.ilkd.key.proof.init.ProblemInitializer.readIncludes(ProblemInitializer.java:177)
	at de.uka.ilkd.key.proof.init.ProblemInitializer.readEnvInput(ProblemInitializer.java:325)
	at de.uka.ilkd.key.proof.init.ProblemInitializer.prepare(ProblemInitializer.java:449)
	at de.uka.ilkd.key.proof.io.AbstractProblemLoader.createInitConfig(AbstractProblemLoader.java:518)
	at de.uka.ilkd.key.proof.io.AbstractProblemLoader.loadEnvironment(AbstractProblemLoader.java:288)
	at de.uka.ilkd.key.proof.io.AbstractProblemLoader.load(AbstractProblemLoader.java:252)
	at de.uka.ilkd.key.control.AbstractUserInterfaceControl.load(AbstractUserInterfaceControl.java:209)
	... 7 more
Caused by: java.lang.RuntimeException: Could not find rule file rules/intRulesCheckedSemantics.key
	at de.uka.ilkd.key.proof.io.RuleSourceFactory.fromBuiltInRule(RuleSourceFactory.java:32)
	at de.uka.ilkd.key.proof.io.RuleSourceFactory.fromDefaultLocation(RuleSourceFactory.java:21)
	at de.uka.ilkd.key.nparser.builder.IncludeFinder.addInclude(IncludeFinder.java:63)
	at de.uka.ilkd.key.nparser.builder.IncludeFinder.visitOne_include(IncludeFinder.java:43)
	at de.uka.ilkd.key.nparser.builder.IncludeFinder.visitOne_include(IncludeFinder.java:20)
	at de.uka.ilkd.key.nparser.KeYParser$One_includeContext.accept(KeYParser.java:878)
	at de.uka.ilkd.key.nparser.builder.AbstractBuilder.lambda$mapOf$0(AbstractBuilder.java:112)
	at java.base/java.util.stream.ReferencePipeline$3$1.accept(ReferencePipeline.java:195)
	at java.base/java.util.ArrayList$ArrayListSpliterator.forEachRemaining(ArrayList.java:1655)
	at java.base/java.util.stream.AbstractPipeline.copyInto(AbstractPipeline.java:484)
	at java.base/java.util.stream.AbstractPipeline.wrapAndCopyInto(AbstractPipeline.java:474)
	at java.base/java.util.stream.ReduceOps$ReduceOp.evaluateSequential(ReduceOps.java:913)
	at java.base/java.util.stream.AbstractPipeline.evaluate(AbstractPipeline.java:234)
	at java.base/java.util.stream.ReferencePipeline.collect(ReferencePipeline.java:578)
	at de.uka.ilkd.key.nparser.builder.AbstractBuilder.mapOf(AbstractBuilder.java:112)
	at de.uka.ilkd.key.nparser.builder.IncludeFinder.visitOne_include_statement(IncludeFinder.java:35)
	at de.uka.ilkd.key.nparser.builder.IncludeFinder.visitOne_include_statement(IncludeFinder.java:20)
	at de.uka.ilkd.key.nparser.KeYParser$One_include_statementContext.accept(KeYParser.java:802)
	at org.antlr.v4.runtime.tree.AbstractParseTreeVisitor.visitChildren(AbstractParseTreeVisitor.java:46)
	at de.uka.ilkd.key.nparser.KeYParserBaseVisitor.visitDecls(KeYParserBaseVisitor.java:30)
	at de.uka.ilkd.key.nparser.KeYParser$DeclsContext.accept(KeYParser.java:500)
	at org.antlr.v4.runtime.tree.AbstractParseTreeVisitor.visitChildren(AbstractParseTreeVisitor.java:46)
	at de.uka.ilkd.key.nparser.KeYParserBaseVisitor.visitFile(KeYParserBaseVisitor.java:23)
	at de.uka.ilkd.key.nparser.KeYParser$FileContext.accept(KeYParser.java:306)
	at de.uka.ilkd.key.nparser.KeyAst.accept(KeyAst.java:41)
	at de.uka.ilkd.key.nparser.KeyAst$File.getIncludes(KeyAst.java:76)
	at de.uka.ilkd.key.proof.io.KeYFile.readIncludes(KeYFile.java:208)
	... 14 more
Could not find rule file rules/intRulesCheckedSemantics.key (file: /home/runner/work/key/key/key.core/../key.ui/examples/index/.././standard_key/java_dl/assert/assert2.key; caused by: de.uka.ilkd.key.proof.init.ProofInputException: Could not find rule file rules/intRulesCheckedSemantics.key)
	at de.uka.ilkd.key.control.AbstractUserInterfaceControl.load(AbstractUserInterfaceControl.java:221)
	at de.uka.ilkd.key.control.KeYEnvironment.load(KeYEnvironment.java:251)
	at de.uka.ilkd.key.control.KeYEnvironment.load(KeYEnvironment.java:224)
	at de.uka.ilkd.key.control.KeYEnvironment.load(KeYEnvironment.java:184)
	at de.uka.ilkd.key.control.KeYEnvironment.load(KeYEnvironment.java:261)
	at de.uka.ilkd.key.proof.runallproofs.proofcollection.TestFile.load(TestFile.java:270)
	at de.uka.ilkd.key.proof.runallproofs.proofcollection.TestFile.runKey(TestFile.java:160)
	at de.uka.ilkd.key.proof.runallproofs.proofcollection.ForkedTestFileRunner.main(ForkedTestFileRunner.java:171)
Caused by: de.uka.ilkd.key.proof.init.ProofInputException: Could not find rule file rules/intRulesCheckedSemantics.key
	at de.uka.ilkd.key.proof.io.KeYFile.readIncludes(KeYFile.java:210)
	at de.uka.ilkd.key.proof.init.ProblemInitializer.readIncludes(ProblemInitializer.java:177)
	at de.uka.ilkd.key.proof.init.ProblemInitializer.readEnvInput(ProblemInitializer.java:325)
	at de.uka.ilkd.key.proof.init.ProblemInitializer.prepare(ProblemInitializer.java:449)
	at de.uka.ilkd.key.proof.io.AbstractProblemLoader.createInitConfig(AbstractProblemLoader.java:518)
	at de.uka.ilkd.key.proof.io.AbstractProblemLoader.loadEnvironment(AbstractProblemLoader.java:288)
	at de.uka.ilkd.key.proof.io.AbstractProblemLoader.load(AbstractProblemLoader.java:252)
	at de.uka.ilkd.key.control.AbstractUserInterfaceControl.load(AbstractUserInterfaceControl.java:209)
	... 7 more
Caused by: java.lang.RuntimeException: Could not find rule file rules/intRulesCheckedSemantics.key
	at de.uka.ilkd.key.proof.io.RuleSourceFactory.fromBuiltInRule(RuleSourceFactory.java:32)
	at de.uka.ilkd.key.proof.io.RuleSourceFactory.fromDefaultLocation(RuleSourceFactory.java:21)
	at de.uka.ilkd.key.nparser.builder.IncludeFinder.addInclude(IncludeFinder.java:63)
	at de.uka.ilkd.key.nparser.builder.IncludeFinder.visitOne_include(IncludeFinder.java:43)
	at de.uka.ilkd.key.nparser.builder.IncludeFinder.visitOne_include(IncludeFinder.java:20)
	at de.uka.ilkd.key.nparser.KeYParser$One_includeContext.accept(KeYParser.java:878)
	at de.uka.ilkd.key.nparser.builder.AbstractBuilder.lambda$mapOf$0(AbstractBuilder.java:112)
	at java.base/java.util.stream.ReferencePipeline$3$1.accept(ReferencePipeline.java:195)
	at java.base/java.util.ArrayList$ArrayListSpliterator.forEachRemaining(ArrayList.java:1655)
	at java.base/java.util.stream.AbstractPipeline.copyInto(AbstractPipeline.java:484)
	at java.base/java.util.stream.AbstractPipeline.wrapAndCopyInto(AbstractPipeline.java:474)
	at java.base/java.util.stream.ReduceOps$ReduceOp.evaluateSequential(ReduceOps.java:913)
	at java.base/java.util.stream.AbstractPipeline.evaluate(AbstractPipeline.java:234)
	at java.base/java.util.stream.ReferencePipeline.collect(ReferencePipeline.java:578)
	at de.uka.ilkd.key.nparser.builder.AbstractBuilder.mapOf(AbstractBuilder.java:112)
	at de.uka.ilkd.key.nparser.builder.IncludeFinder.visitOne_include_statement(IncludeFinder.java:35)
	at de.uka.ilkd.key.nparser.builder.IncludeFinder.visitOne_include_statement(IncludeFinder.java:20)
	at de.uka.ilkd.key.nparser.KeYParser$One_include_statementContext.accept(KeYParser.java:802)
	at org.antlr.v4.runtime.tree.AbstractParseTreeVisitor.visitChildren(AbstractParseTreeVisitor.java:46)
	at de.uka.ilkd.key.nparser.KeYParserBaseVisitor.visitDecls(KeYParserBaseVisitor.java:30)
	at de.uka.ilkd.key.nparser.KeYParser$DeclsContext.accept(KeYParser.java:500)
	at org.antlr.v4.runtime.tree.AbstractParseTreeVisitor.visitChildren(AbstractParseTreeVisitor.java:46)
	at de.uka.ilkd.key.nparser.KeYParserBaseVisitor.visitFile(KeYParserBaseVisitor.java:23)
	at de.uka.ilkd.key.nparser.KeYParser$FileContext.accept(KeYParser.java:306)
	at de.uka.ilkd.key.nparser.KeyAst.accept(KeyAst.java:41)
	at de.uka.ilkd.key.nparser.KeyAst$File.getIncludes(KeyAst.java:76)
	at de.uka.ilkd.key.proof.io.KeYFile.readIncludes(KeYFile.java:208)
	... 14 more
Could not find rule file rules/intRulesCheckedSemantics.key (file: /home/runner/work/key/key/key.core/../key.ui/examples/index/.././standard_key/java_dl/assert/assert3.key; caused by: de.uka.ilkd.key.proof.init.ProofInputException: Could not find rule file rules/intRulesCheckedSemantics.key)
	at de.uka.ilkd.key.control.AbstractUserInterfaceControl.load(AbstractUserInterfaceControl.java:221)
	at de.uka.ilkd.key.control.KeYEnvironment.load(KeYEnvironment.java:251)
	at de.uka.ilkd.key.control.KeYEnvironment.load(KeYEnvironment.java:224)
	at de.uka.ilkd.key.control.KeYEnvironment.load(KeYEnvironment.java:184)
	at de.uka.ilkd.key.control.KeYEnvironment.load(KeYEnvironment.java:261)
	at de.uka.ilkd.key.proof.runallproofs.proofcollection.TestFile.load(TestFile.java:270)
	at de.uka.ilkd.key.proof.runallproofs.proofcollection.TestFile.runKey(TestFile.java:160)
	at de.uka.ilkd.key.proof.runallproofs.proofcollection.ForkedTestFileRunner.main(ForkedTestFileRunner.java:171)
Caused by: de.uka.ilkd.key.proof.init.ProofInputException: Could not find rule file rules/intRulesCheckedSemantics.key
	at de.uka.ilkd.key.proof.io.KeYFile.readIncludes(KeYFile.java:210)
	at de.uka.ilkd.key.proof.init.ProblemInitializer.readIncludes(ProblemInitializer.java:177)
	at de.uka.ilkd.key.proof.init.ProblemInitializer.readEnvInput(ProblemInitializer.java:325)
	at de.uka.ilkd.key.proof.init.ProblemInitializer.prepare(ProblemInitializer.java:449)
	at de.uka.ilkd.key.proof.io.AbstractProblemLoader.createInitConfig(AbstractProblemLoader.java:518)
	at de.uka.ilkd.key.proof.io.AbstractProblemLoader.loadEnvironment(AbstractProblemLoader.java:288)
	at de.uka.ilkd.key.proof.io.AbstractProblemLoader.load(AbstractProblemLoader.java:252)
	at de.uka.ilkd.key.control.AbstractUserInterfaceControl.load(AbstractUserInterfaceControl.java:209)
	... 7 more
Caused by: java.lang.RuntimeException: Could not find rule file rules/intRulesCheckedSemantics.key
	at de.uka.ilkd.key.proof.io.RuleSourceFactory.fromBuiltInRule(RuleSourceFactory.java:32)
	at de.uka.ilkd.key.proof.io.RuleSourceFactory.fromDefaultLocation(RuleSourceFactory.java:21)
	at de.uka.ilkd.key.nparser.builder.IncludeFinder.addInclude(IncludeFinder.java:63)
	at de.uka.ilkd.key.nparser.builder.IncludeFinder.visitOne_include(IncludeFinder.java:43)
	at de.uka.ilkd.key.nparser.builder.IncludeFinder.visitOne_include(IncludeFinder.java:20)
	at de.uka.ilkd.key.nparser.KeYParser$One_includeContext.accept(KeYParser.java:878)
	at de.uka.ilkd.key.nparser.builder.AbstractBuilder.lambda$mapOf$0(AbstractBuilder.java:112)
	at java.base/java.util.stream.ReferencePipeline$3$1.accept(ReferencePipeline.java:195)
	at java.base/java.util.ArrayList$ArrayListSpliterator.forEachRemaining(ArrayList.java:1655)
	at java.base/java.util.stream.AbstractPipeline.copyInto(AbstractPipeline.java:484)
	at java.base/java.util.stream.AbstractPipeline.wrapAndCopyInto(AbstractPipeline.java:474)
	at java.base/java.util.stream.ReduceOps$ReduceOp.evaluateSequential(ReduceOps.java:913)
	at java.base/java.util.stream.AbstractPipeline.evaluate(AbstractPipeline.java:234)
	at java.base/java.util.stream.ReferencePipeline.collect(ReferencePipeline.java:578)
	at de.uka.ilkd.key.nparser.builder.AbstractBuilder.mapOf(AbstractBuilder.java:112)
	at de.uka.ilkd.key.nparser.builder.IncludeFinder.visitOne_include_statement(IncludeFinder.java:35)
	at de.uka.ilkd.key.nparser.builder.IncludeFinder.visitOne_include_statement(IncludeFinder.java:20)
	at de.uka.ilkd.key.nparser.KeYParser$One_include_statementContext.accept(KeYParser.java:802)
	at org.antlr.v4.runtime.tree.AbstractParseTreeVisitor.visitChildren(AbstractParseTreeVisitor.java:46)
	at de.uka.ilkd.key.nparser.KeYParserBaseVisitor.visitDecls(KeYParserBaseVisitor.java:30)
	at de.uka.ilkd.key.nparser.KeYParser$DeclsContext.accept(KeYParser.java:500)
	at org.antlr.v4.runtime.tree.AbstractParseTreeVisitor.visitChildren(AbstractParseTreeVisitor.java:46)
	at de.uka.ilkd.key.nparser.KeYParserBaseVisitor.visitFile(KeYParserBaseVisitor.java:23)
	at de.uka.ilkd.key.nparser.KeYParser$FileContext.accept(KeYParser.java:306)
	at de.uka.ilkd.key.nparser.KeyAst.accept(KeyAst.java:41)
	at de.uka.ilkd.key.nparser.KeyAst$File.getIncludes(KeyAst.java:76)
	at de.uka.ilkd.key.proof.io.KeYFile.readIncludes(KeYFile.java:208)
	... 14 more
Could not find rule file rules/intRulesCheckedSemantics.key (file: /home/runner/work/key/key/key.core/../key.ui/examples/index/.././standard_key/java_dl/java5/vararg.key; caused by: de.uka.ilkd.key.proof.init.ProofInputException: Could not find rule file rules/intRulesCheckedSemantics.key)
	at de.uka.ilkd.key.control.AbstractUserInterfaceControl.load(AbstractUserInterfaceControl.java:221)
	at de.uka.ilkd.key.control.KeYEnvironment.load(KeYEnvironment.java:251)
	at de.uka.ilkd.key.control.KeYEnvironment.load(KeYEnvironment.java:224)
	at de.uka.ilkd.key.control.KeYEnvironment.load(KeYEnvironment.java:184)
	at de.uka.ilkd.key.control.KeYEnvironment.load(KeYEnvironment.java:261)
	at de.uka.ilkd.key.proof.runallproofs.proofcollection.TestFile.load(TestFile.java:270)
	at de.uka.ilkd.key.proof.runallproofs.proofcollection.TestFile.runKey(TestFile.java:160)
	at de.uka.ilkd.key.proof.runallproofs.proofcollection.ForkedTestFileRunner.main(ForkedTestFileRunner.java:171)
Caused by: de.uka.ilkd.key.proof.init.ProofInputException: Could not find rule file rules/intRulesCheckedSemantics.key
	at de.uka.ilkd.key.proof.io.KeYFile.readIncludes(KeYFile.java:210)
	at de.uka.ilkd.key.proof.init.ProblemInitializer.readIncludes(ProblemInitializer.java:177)
	at de.uka.ilkd.key.proof.init.ProblemInitializer.readEnvInput(ProblemInitializer.java:325)
	at de.uka.ilkd.key.proof.init.ProblemInitializer.prepare(ProblemInitializer.java:449)
	at de.uka.ilkd.key.proof.io.AbstractProblemLoader.createInitConfig(AbstractProblemLoader.java:518)
	at de.uka.ilkd.key.proof.io.AbstractProblemLoader.loadEnvironment(AbstractProblemLoader.java:288)
	at de.uka.ilkd.key.proof.io.AbstractProblemLoader.load(AbstractProblemLoader.java:252)
	at de.uka.ilkd.key.control.AbstractUserInterfaceControl.load(AbstractUserInterfaceControl.java:209)
	... 7 more
Caused by: java.lang.RuntimeException: Could not find rule file rules/intRulesCheckedSemantics.key
	at de.uka.ilkd.key.proof.io.RuleSourceFactory.fromBuiltInRule(RuleSourceFactory.java:32)
	at de.uka.ilkd.key.proof.io.RuleSourceFactory.fromDefaultLocation(RuleSourceFactory.java:21)
	at de.uka.ilkd.key.nparser.builder.IncludeFinder.addInclude(IncludeFinder.java:63)
	at de.uka.ilkd.key.nparser.builder.IncludeFinder.visitOne_include(IncludeFinder.java:43)
	at de.uka.ilkd.key.nparser.builder.IncludeFinder.visitOne_include(IncludeFinder.java:20)
	at de.uka.ilkd.key.nparser.KeYParser$One_includeContext.accept(KeYParser.java:878)
	at de.uka.ilkd.key.nparser.builder.AbstractBuilder.lambda$mapOf$0(AbstractBuilder.java:112)
	at java.base/java.util.stream.ReferencePipeline$3$1.accept(ReferencePipeline.java:195)
	at java.base/java.util.ArrayList$ArrayListSpliterator.forEachRemaining(ArrayList.java:1655)
	at java.base/java.util.stream.AbstractPipeline.copyInto(AbstractPipeline.java:484)
	at java.base/java.util.stream.AbstractPipeline.wrapAndCopyInto(AbstractPipeline.java:474)
	at java.base/java.util.stream.ReduceOps$ReduceOp.evaluateSequential(ReduceOps.java:913)
	at java.base/java.util.stream.AbstractPipeline.evaluate(AbstractPipeline.java:234)
	at java.base/java.util.stream.ReferencePipeline.collect(ReferencePipeline.java:578)
	at de.uka.ilkd.key.nparser.builder.AbstractBuilder.mapOf(AbstractBuilder.java:112)
	at de.uka.ilkd.key.nparser.builder.IncludeFinder.visitOne_include_statement(IncludeFinder.java:35)
	at de.uka.ilkd.key.nparser.builder.IncludeFinder.visitOne_include_statement(IncludeFinder.java:20)
	at de.uka.ilkd.key.nparser.KeYParser$One_include_statementContext.accept(KeYParser.java:802)
	at org.antlr.v4.runtime.tree.AbstractParseTreeVisitor.visitChildren(AbstractParseTreeVisitor.java:46)
	at de.uka.ilkd.key.nparser.KeYParserBaseVisitor.visitDecls(KeYParserBaseVisitor.java:30)
	at de.uka.ilkd.key.nparser.KeYParser$DeclsContext.accept(KeYParser.java:500)
	at org.antlr.v4.runtime.tree.AbstractParseTreeVisitor.visitChildren(AbstractParseTreeVisitor.java:46)
	at de.uka.ilkd.key.nparser.KeYParserBaseVisitor.visitFile(KeYParserBaseVisitor.java:23)
	at de.uka.ilkd.key.nparser.KeYParser$FileContext.accept(KeYParser.java:306)
	at de.uka.ilkd.key.nparser.KeyAst.accept(KeyAst.java:41)
	at de.uka.ilkd.key.nparser.KeyAst$File.getIncludes(KeyAst.java:76)
	at de.uka.ilkd.key.proof.io.KeYFile.readIncludes(KeYFile.java:208)
	... 14 more
Could not find rule file rules/intRulesCheckedSemantics.key (file: /home/runner/work/key/key/key.core/../key.ui/examples/index/.././standard_key/java_dl/java5/for_Array.key; caused by: de.uka.ilkd.key.proof.init.ProofInputException: Could not find rule file rules/intRulesCheckedSemantics.key)
	at de.uka.ilkd.key.control.AbstractUserInterfaceControl.load(AbstractUserInterfaceControl.java:221)
	at de.uka.ilkd.key.control.KeYEnvironment.load(KeYEnvironment.java:251)
	at de.uka.ilkd.key.control.KeYEnvironment.load(KeYEnvironment.java:224)
	at de.uka.ilkd.key.control.KeYEnvironment.load(KeYEnvironment.java:184)
	at de.uka.ilkd.key.control.KeYEnvironment.load(KeYEnvironment.java:261)
	at de.uka.ilkd.key.proof.runallproofs.proofcollection.TestFile.load(TestFile.java:270)
	at de.uka.ilkd.key.proof.runallproofs.proofcollection.TestFile.runKey(TestFile.java:160)
	at de.uka.ilkd.key.proof.runallproofs.proofcollection.ForkedTestFileRunner.main(ForkedTestFileRunner.java:171)
Caused by: de.uka.ilkd.key.proof.init.ProofInputException: Could not find rule file rules/intRulesCheckedSemantics.key
	at de.uka.ilkd.key.proof.io.KeYFile.readIncludes(KeYFile.java:210)
	at de.uka.ilkd.key.proof.init.ProblemInitializer.readIncludes(ProblemInitializer.java:177)
	at de.uka.ilkd.key.proof.init.ProblemInitializer.readEnvInput(ProblemInitializer.java:325)
	at de.uka.ilkd.key.proof.init.ProblemInitializer.prepare(ProblemInitializer.java:449)
	at de.uka.ilkd.key.proof.io.AbstractProblemLoader.createInitConfig(AbstractProblemLoader.java:518)
	at de.uka.ilkd.key.proof.io.AbstractProblemLoader.loadEnvironment(AbstractProblemLoader.java:288)
	at de.uka.ilkd.key.proof.io.AbstractProblemLoader.load(AbstractProblemLoader.java:252)
	at de.uka.ilkd.key.control.AbstractUserInterfaceControl.load(AbstractUserInterfaceControl.java:209)
	... 7 more
Caused by: java.lang.RuntimeException: Could not find rule file rules/intRulesCheckedSemantics.key
	at de.uka.ilkd.key.proof.io.RuleSourceFactory.fromBuiltInRule(RuleSourceFactory.java:32)
	at de.uka.ilkd.key.proof.io.RuleSourceFactory.fromDefaultLocation(RuleSourceFactory.java:21)
	at de.uka.ilkd.key.nparser.builder.IncludeFinder.addInclude(IncludeFinder.java:63)
	at de.uka.ilkd.key.nparser.builder.IncludeFinder.visitOne_include(IncludeFinder.java:43)
	at de.uka.ilkd.key.nparser.builder.IncludeFinder.visitOne_include(IncludeFinder.java:20)
	at de.uka.ilkd.key.nparser.KeYParser$One_includeContext.accept(KeYParser.java:878)
	at de.uka.ilkd.key.nparser.builder.AbstractBuilder.lambda$mapOf$0(AbstractBuilder.java:112)
	at java.base/java.util.stream.ReferencePipeline$3$1.accept(ReferencePipeline.java:195)
	at java.base/java.util.ArrayList$ArrayListSpliterator.forEachRemaining(ArrayList.java:1655)
	at java.base/java.util.stream.AbstractPipeline.copyInto(AbstractPipeline.java:484)
	at java.base/java.util.stream.AbstractPipeline.wrapAndCopyInto(AbstractPipeline.java:474)
	at java.base/java.util.stream.ReduceOps$ReduceOp.evaluateSequential(ReduceOps.java:913)
	at java.base/java.util.stream.AbstractPipeline.evaluate(AbstractPipeline.java:234)
	at java.base/java.util.stream.ReferencePipeline.collect(ReferencePipeline.java:578)
	at de.uka.ilkd.key.nparser.builder.AbstractBuilder.mapOf(AbstractBuilder.java:112)
	at de.uka.ilkd.key.nparser.builder.IncludeFinder.visitOne_include_statement(IncludeFinder.java:35)
	at de.uka.ilkd.key.nparser.builder.IncludeFinder.visitOne_include_statement(IncludeFinder.java:20)
	at de.uka.ilkd.key.nparser.KeYParser$One_include_statementContext.accept(KeYParser.java:802)
	at org.antlr.v4.runtime.tree.AbstractParseTreeVisitor.visitChildren(AbstractParseTreeVisitor.java:46)
	at de.uka.ilkd.key.nparser.KeYParserBaseVisitor.visitDecls(KeYParserBaseVisitor.java:30)
	at de.uka.ilkd.key.nparser.KeYParser$DeclsContext.accept(KeYParser.java:500)
	at org.antlr.v4.runtime.tree.AbstractParseTreeVisitor.visitChildren(AbstractParseTreeVisitor.java:46)
	at de.uka.ilkd.key.nparser.KeYParserBaseVisitor.visitFile(KeYParserBaseVisitor.java:23)
	at de.uka.ilkd.key.nparser.KeYParser$FileContext.accept(KeYParser.java:306)
	at de.uka.ilkd.key.nparser.KeyAst.accept(KeyAst.java:41)
	at de.uka.ilkd.key.nparser.KeyAst$File.getIncludes(KeyAst.java:76)
	at de.uka.ilkd.key.proof.io.KeYFile.readIncludes(KeYFile.java:208)
	... 14 more
Could not find rule file rules/intRulesCheckedSemantics.key (file: /home/runner/work/key/key/key.core/../key.ui/examples/index/.././standard_key/java_dl/java5/for_Iterable.key; caused by: de.uka.ilkd.key.proof.init.ProofInputException: Could not find rule file rules/intRulesCheckedSemantics.key)
	at de.uka.ilkd.key.control.AbstractUserInterfaceControl.load(AbstractUserInterfaceControl.java:221)
	at de.uka.ilkd.key.control.KeYEnvironment.load(KeYEnvironment.java:251)
	at de.uka.ilkd.key.control.KeYEnvironment.load(KeYEnvironment.java:224)
	at de.uka.ilkd.key.control.KeYEnvironment.load(KeYEnvironment.java:184)
	at de.uka.ilkd.key.control.KeYEnvironment.load(KeYEnvironment.java:261)
	at de.uka.ilkd.key.proof.runallproofs.proofcollection.TestFile.load(TestFile.java:270)
	at de.uka.ilkd.key.proof.runallproofs.proofcollection.TestFile.runKey(TestFile.java:160)
	at de.uka.ilkd.key.proof.runallproofs.proofcollection.ForkedTestFileRunner.main(ForkedTestFileRunner.java:171)
Caused by: de.uka.ilkd.key.proof.init.ProofInputException: Could not find rule file rules/intRulesCheckedSemantics.key
	at de.uka.ilkd.key.proof.io.KeYFile.readIncludes(KeYFile.java:210)
	at de.uka.ilkd.key.proof.init.ProblemInitializer.readIncludes(ProblemInitializer.java:177)
	at de.uka.ilkd.key.proof.init.ProblemInitializer.readEnvInput(ProblemInitializer.java:325)
	at de.uka.ilkd.key.proof.init.ProblemInitializer.prepare(ProblemInitializer.java:449)
	at de.uka.ilkd.key.proof.io.AbstractProblemLoader.createInitConfig(AbstractProblemLoader.java:518)
	at de.uka.ilkd.key.proof.io.AbstractProblemLoader.loadEnvironment(AbstractProblemLoader.java:288)
	at de.uka.ilkd.key.proof.io.AbstractProblemLoader.load(AbstractProblemLoader.java:252)
	at de.uka.ilkd.key.control.AbstractUserInterfaceControl.load(AbstractUserInterfaceControl.java:209)
	... 7 more
Caused by: java.lang.RuntimeException: Could not find rule file rules/intRulesCheckedSemantics.key
	at de.uka.ilkd.key.proof.io.RuleSourceFactory.fromBuiltInRule(RuleSourceFactory.java:32)
	at de.uka.ilkd.key.proof.io.RuleSourceFactory.fromDefaultLocation(RuleSourceFactory.java:21)
	at de.uka.ilkd.key.nparser.builder.IncludeFinder.addInclude(IncludeFinder.java:63)
	at de.uka.ilkd.key.nparser.builder.IncludeFinder.visitOne_include(IncludeFinder.java:43)
	at de.uka.ilkd.key.nparser.builder.IncludeFinder.visitOne_include(IncludeFinder.java:20)
	at de.uka.ilkd.key.nparser.KeYParser$One_includeContext.accept(KeYParser.java:878)
	at de.uka.ilkd.key.nparser.builder.AbstractBuilder.lambda$mapOf$0(AbstractBuilder.java:112)
	at java.base/java.util.stream.ReferencePipeline$3$1.accept(ReferencePipeline.java:195)
	at java.base/java.util.ArrayList$ArrayListSpliterator.forEachRemaining(ArrayList.java:1655)
	at java.base/java.util.stream.AbstractPipeline.copyInto(AbstractPipeline.java:484)
	at java.base/java.util.stream.AbstractPipeline.wrapAndCopyInto(AbstractPipeline.java:474)
	at java.base/java.util.stream.ReduceOps$ReduceOp.evaluateSequential(ReduceOps.java:913)
	at java.base/java.util.stream.AbstractPipeline.evaluate(AbstractPipeline.java:234)
	at java.base/java.util.stream.ReferencePipeline.collect(ReferencePipeline.java:578)
	at de.uka.ilkd.key.nparser.builder.AbstractBuilder.mapOf(AbstractBuilder.java:112)
	at de.uka.ilkd.key.nparser.builder.IncludeFinder.visitOne_include_statement(IncludeFinder.java:35)
	at de.uka.ilkd.key.nparser.builder.IncludeFinder.visitOne_include_statement(IncludeFinder.java:20)
	at de.uka.ilkd.key.nparser.KeYParser$One_include_statementContext.accept(KeYParser.java:802)
	at org.antlr.v4.runtime.tree.AbstractParseTreeVisitor.visitChildren(AbstractParseTreeVisitor.java:46)
	at de.uka.ilkd.key.nparser.KeYParserBaseVisitor.visitDecls(KeYParserBaseVisitor.java:30)
	at de.uka.ilkd.key.nparser.KeYParser$DeclsContext.accept(KeYParser.java:500)
	at org.antlr.v4.runtime.tree.AbstractParseTreeVisitor.visitChildren(AbstractParseTreeVisitor.java:46)
	at de.uka.ilkd.key.nparser.KeYParserBaseVisitor.visitFile(KeYParserBaseVisitor.java:23)
	at de.uka.ilkd.key.nparser.KeYParser$FileContext.accept(KeYParser.java:306)
	at de.uka.ilkd.key.nparser.KeyAst.accept(KeyAst.java:41)
	at de.uka.ilkd.key.nparser.KeyAst$File.getIncludes(KeyAst.java:76)
	at de.uka.ilkd.key.proof.io.KeYFile.readIncludes(KeYFile.java:208)
	... 14 more
Could not find rule file rules/intRulesCheckedSemantics.key (file: /home/runner/work/key/key/key.core/../key.ui/examples/index/.././standard_key/java_dl/java5/for_ReferenceArray.key; caused by: de.uka.ilkd.key.proof.init.ProofInputException: Could not find rule file rules/intRulesCheckedSemantics.key)
	at de.uka.ilkd.key.control.AbstractUserInterfaceControl.load(AbstractUserInterfaceControl.java:221)
	at de.uka.ilkd.key.control.KeYEnvironment.load(KeYEnvironment.java:251)
	at de.uka.ilkd.key.control.KeYEnvironment.load(KeYEnvironment.java:224)
	at de.uka.ilkd.key.control.KeYEnvironment.load(KeYEnvironment.java:184)
	at de.uka.ilkd.key.control.KeYEnvironment.load(KeYEnvironment.java:261)
	at de.uka.ilkd.key.proof.runallproofs.proofcollection.TestFile.load(TestFile.java:270)
	at de.uka.ilkd.key.proof.runallproofs.proofcollection.TestFile.runKey(TestFile.java:160)
	at de.uka.ilkd.key.proof.runallproofs.proofcollection.ForkedTestFileRunner.main(ForkedTestFileRunner.java:171)
Caused by: de.uka.ilkd.key.proof.init.ProofInputException: Could not find rule file rules/intRulesCheckedSemantics.key
	at de.uka.ilkd.key.proof.io.KeYFile.readIncludes(KeYFile.java:210)
	at de.uka.ilkd.key.proof.init.ProblemInitializer.readIncludes(ProblemInitializer.java:177)
	at de.uka.ilkd.key.proof.init.ProblemInitializer.readEnvInput(ProblemInitializer.java:325)
	at de.uka.ilkd.key.proof.init.ProblemInitializer.prepare(ProblemInitializer.java:449)
	at de.uka.ilkd.key.proof.io.AbstractProblemLoader.createInitConfig(AbstractProblemLoader.java:518)
	at de.uka.ilkd.key.proof.io.AbstractProblemLoader.loadEnvironment(AbstractProblemLoader.java:288)
	at de.uka.ilkd.key.proof.io.AbstractProblemLoader.load(AbstractProblemLoader.java:252)
	at de.uka.ilkd.key.control.AbstractUserInterfaceControl.load(AbstractUserInterfaceControl.java:209)
	... 7 more
Caused by: java.lang.RuntimeException: Could not find rule file rules/intRulesCheckedSemantics.key
	at de.uka.ilkd.key.proof.io.RuleSourceFactory.fromBuiltInRule(RuleSourceFactory.java:32)
	at de.uka.ilkd.key.proof.io.RuleSourceFactory.fromDefaultLocation(RuleSourceFactory.java:21)
	at de.uka.ilkd.key.nparser.builder.IncludeFinder.addInclude(IncludeFinder.java:63)
	at de.uka.ilkd.key.nparser.builder.IncludeFinder.visitOne_include(IncludeFinder.java:43)
	at de.uka.ilkd.key.nparser.builder.IncludeFinder.visitOne_include(IncludeFinder.java:20)
	at de.uka.ilkd.key.nparser.KeYParser$One_includeContext.accept(KeYParser.java:878)
	at de.uka.ilkd.key.nparser.builder.AbstractBuilder.lambda$mapOf$0(AbstractBuilder.java:112)
	at java.base/java.util.stream.ReferencePipeline$3$1.accept(ReferencePipeline.java:195)
	at java.base/java.util.ArrayList$ArrayListSpliterator.forEachRemaining(ArrayList.java:1655)
	at java.base/java.util.stream.AbstractPipeline.copyInto(AbstractPipeline.java:484)
	at java.base/java.util.stream.AbstractPipeline.wrapAndCopyInto(AbstractPipeline.java:474)
	at java.base/java.util.stream.ReduceOps$ReduceOp.evaluateSequential(ReduceOps.java:913)
	at java.base/java.util.stream.AbstractPipeline.evaluate(AbstractPipeline.java:234)
	at java.base/java.util.stream.ReferencePipeline.collect(ReferencePipeline.java:578)
	at de.uka.ilkd.key.nparser.builder.AbstractBuilder.mapOf(AbstractBuilder.java:112)
	at de.uka.ilkd.key.nparser.builder.IncludeFinder.visitOne_include_statement(IncludeFinder.java:35)
	at de.uka.ilkd.key.nparser.builder.IncludeFinder.visitOne_include_statement(IncludeFinder.java:20)
	at de.uka.ilkd.key.nparser.KeYParser$One_include_statementContext.accept(KeYParser.java:802)
	at org.antlr.v4.runtime.tree.AbstractParseTreeVisitor.visitChildren(AbstractParseTreeVisitor.java:46)
	at de.uka.ilkd.key.nparser.KeYParserBaseVisitor.visitDecls(KeYParserBaseVisitor.java:30)
	at de.uka.ilkd.key.nparser.KeYParser$DeclsContext.accept(KeYParser.java:500)
	at org.antlr.v4.runtime.tree.AbstractParseTreeVisitor.visitChildren(AbstractParseTreeVisitor.java:46)
	at de.uka.ilkd.key.nparser.KeYParserBaseVisitor.visitFile(KeYParserBaseVisitor.java:23)
	at de.uka.ilkd.key.nparser.KeYParser$FileContext.accept(KeYParser.java:306)
	at de.uka.ilkd.key.nparser.KeyAst.accept(KeyAst.java:41)
	at de.uka.ilkd.key.nparser.KeyAst$File.getIncludes(KeyAst.java:76)
	at de.uka.ilkd.key.proof.io.KeYFile.readIncludes(KeYFile.java:208)
	... 14 more
Could not find rule file rules/intRulesCheckedSemantics.key (file: /home/runner/work/key/key/key.core/../key.ui/examples/index/.././standard_key/java_dl/jml-bigint/cast.key; caused by: de.uka.ilkd.key.proof.init.ProofInputException: Could not find rule file rules/intRulesCheckedSemantics.key)
	at de.uka.ilkd.key.control.AbstractUserInterfaceControl.load(AbstractUserInterfaceControl.java:221)
	at de.uka.ilkd.key.control.KeYEnvironment.load(KeYEnvironment.java:251)
	at de.uka.ilkd.key.control.KeYEnvironment.load(KeYEnvironment.java:224)
	at de.uka.ilkd.key.control.KeYEnvironment.load(KeYEnvironment.java:184)
	at de.uka.ilkd.key.control.KeYEnvironment.load(KeYEnvironment.java:261)
	at de.uka.ilkd.key.proof.runallproofs.proofcollection.TestFile.load(TestFile.java:270)
	at de.uka.ilkd.key.proof.runallproofs.proofcollection.TestFile.runKey(TestFile.java:160)
	at de.uka.ilkd.key.proof.runallproofs.proofcollection.ForkedTestFileRunner.main(ForkedTestFileRunner.java:171)
Caused by: de.uka.ilkd.key.proof.init.ProofInputException: Could not find rule file rules/intRulesCheckedSemantics.key
	at de.uka.ilkd.key.proof.io.KeYFile.readIncludes(KeYFile.java:210)
	at de.uka.ilkd.key.proof.init.ProblemInitializer.readIncludes(ProblemInitializer.java:177)
	at de.uka.ilkd.key.proof.init.ProblemInitializer.readEnvInput(ProblemInitializer.java:325)
	at de.uka.ilkd.key.proof.init.ProblemInitializer.prepare(ProblemInitializer.java:449)
	at de.uka.ilkd.key.proof.io.AbstractProblemLoader.createInitConfig(AbstractProblemLoader.java:518)
	at de.uka.ilkd.key.proof.io.AbstractProblemLoader.loadEnvironment(AbstractProblemLoader.java:288)
	at de.uka.ilkd.key.proof.io.AbstractProblemLoader.load(AbstractProblemLoader.java:252)
	at de.uka.ilkd.key.control.AbstractUserInterfaceControl.load(AbstractUserInterfaceControl.java:209)
	... 7 more
Caused by: java.lang.RuntimeException: Could not find rule file rules/intRulesCheckedSemantics.key
	at de.uka.ilkd.key.proof.io.RuleSourceFactory.fromBuiltInRule(RuleSourceFactory.java:32)
	at de.uka.ilkd.key.proof.io.RuleSourceFactory.fromDefaultLocation(RuleSourceFactory.java:21)
	at de.uka.ilkd.key.nparser.builder.IncludeFinder.addInclude(IncludeFinder.java:63)
	at de.uka.ilkd.key.nparser.builder.IncludeFinder.visitOne_include(IncludeFinder.java:43)
	at de.uka.ilkd.key.nparser.builder.IncludeFinder.visitOne_include(IncludeFinder.java:20)
	at de.uka.ilkd.key.nparser.KeYParser$One_includeContext.accept(KeYParser.java:878)
	at de.uka.ilkd.key.nparser.builder.AbstractBuilder.lambda$mapOf$0(AbstractBuilder.java:112)
	at java.base/java.util.stream.ReferencePipeline$3$1.accept(ReferencePipeline.java:195)
	at java.base/java.util.ArrayList$ArrayListSpliterator.forEachRemaining(ArrayList.java:1655)
	at java.base/java.util.stream.AbstractPipeline.copyInto(AbstractPipeline.java:484)
	at java.base/java.util.stream.AbstractPipeline.wrapAndCopyInto(AbstractPipeline.java:474)
	at java.base/java.util.stream.ReduceOps$ReduceOp.evaluateSequential(ReduceOps.java:913)
	at java.base/java.util.stream.AbstractPipeline.evaluate(AbstractPipeline.java:234)
	at java.base/java.util.stream.ReferencePipeline.collect(ReferencePipeline.java:578)
	at de.uka.ilkd.key.nparser.builder.AbstractBuilder.mapOf(AbstractBuilder.java:112)
	at de.uka.ilkd.key.nparser.builder.IncludeFinder.visitOne_include_statement(IncludeFinder.java:35)
	at de.uka.ilkd.key.nparser.builder.IncludeFinder.visitOne_include_statement(IncludeFinder.java:20)
	at de.uka.ilkd.key.nparser.KeYParser$One_include_statementContext.accept(KeYParser.java:802)
	at org.antlr.v4.runtime.tree.AbstractParseTreeVisitor.visitChildren(AbstractParseTreeVisitor.java:46)
	at de.uka.ilkd.key.nparser.KeYParserBaseVisitor.visitDecls(KeYParserBaseVisitor.java:30)
	at de.uka.ilkd.key.nparser.KeYParser$DeclsContext.accept(KeYParser.java:500)
	at org.antlr.v4.runtime.tree.AbstractParseTreeVisitor.visitChildren(AbstractParseTreeVisitor.java:46)
	at de.uka.ilkd.key.nparser.KeYParserBaseVisitor.visitFile(KeYParserBaseVisitor.java:23)
	at de.uka.ilkd.key.nparser.KeYParser$FileContext.accept(KeYParser.java:306)
	at de.uka.ilkd.key.nparser.KeyAst.accept(KeyAst.java:41)
	at de.uka.ilkd.key.nparser.KeyAst$File.getIncludes(KeyAst.java:76)
	at de.uka.ilkd.key.proof.io.KeYFile.readIncludes(KeYFile.java:208)
	... 14 more
Could not find rule file rules/intRulesCheckedSemantics.key (file: /home/runner/work/key/key/key.core/../key.ui/examples/index/.././standard_key/java_dl/jml-free/loopInvFree.key; caused by: de.uka.ilkd.key.proof.init.ProofInputException: Could not find rule file rules/intRulesCheckedSemantics.key)
	at de.uka.ilkd.key.control.AbstractUserInterfaceControl.load(AbstractUserInterfaceControl.java:221)
	at de.uka.ilkd.key.control.KeYEnvironment.load(KeYEnvironment.java:251)
	at de.uka.ilkd.key.control.KeYEnvironment.load(KeYEnvironment.java:224)
	at de.uka.ilkd.key.control.KeYEnvironment.load(KeYEnvironment.java:184)
	at de.uka.ilkd.key.control.KeYEnvironment.load(KeYEnvironment.java:261)
	at de.uka.ilkd.key.proof.runallproofs.proofcollection.TestFile.load(TestFile.java:270)
	at de.uka.ilkd.key.proof.runallproofs.proofcollection.TestFile.runKey(TestFile.java:160)
	at de.uka.ilkd.key.proof.runallproofs.proofcollection.ForkedTestFileRunner.main(ForkedTestFileRunner.java:171)
Caused by: de.uka.ilkd.key.proof.init.ProofInputException: Could not find rule file rules/intRulesCheckedSemantics.key
	at de.uka.ilkd.key.proof.io.KeYFile.readIncludes(KeYFile.java:210)
	at de.uka.ilkd.key.proof.init.ProblemInitializer.readIncludes(ProblemInitializer.java:177)
	at de.uka.ilkd.key.proof.init.ProblemInitializer.readEnvInput(ProblemInitializer.java:325)
	at de.uka.ilkd.key.proof.init.ProblemInitializer.prepare(ProblemInitializer.java:449)
	at de.uka.ilkd.key.proof.io.AbstractProblemLoader.createInitConfig(AbstractProblemLoader.java:518)
	at de.uka.ilkd.key.proof.io.AbstractProblemLoader.loadEnvironment(AbstractProblemLoader.java:288)
	at de.uka.ilkd.key.proof.io.AbstractProblemLoader.load(AbstractProblemLoader.java:252)
	at de.uka.ilkd.key.control.AbstractUserInterfaceControl.load(AbstractUserInterfaceControl.java:209)
	... 7 more
Caused by: java.lang.RuntimeException: Could not find rule file rules/intRulesCheckedSemantics.key
	at de.uka.ilkd.key.proof.io.RuleSourceFactory.fromBuiltInRule(RuleSourceFactory.java:32)
	at de.uka.ilkd.key.proof.io.RuleSourceFactory.fromDefaultLocation(RuleSourceFactory.java:21)
	at de.uka.ilkd.key.nparser.builder.IncludeFinder.addInclude(IncludeFinder.java:63)
	at de.uka.ilkd.key.nparser.builder.IncludeFinder.visitOne_include(IncludeFinder.java:43)
	at de.uka.ilkd.key.nparser.builder.IncludeFinder.visitOne_include(IncludeFinder.java:20)
	at de.uka.ilkd.key.nparser.KeYParser$One_includeContext.accept(KeYParser.java:878)
	at de.uka.ilkd.key.nparser.builder.AbstractBuilder.lambda$mapOf$0(AbstractBuilder.java:112)
	at java.base/java.util.stream.ReferencePipeline$3$1.accept(ReferencePipeline.java:195)
	at java.base/java.util.ArrayList$ArrayListSpliterator.forEachRemaining(ArrayList.java:1655)
	at java.base/java.util.stream.AbstractPipeline.copyInto(AbstractPipeline.java:484)
	at java.base/java.util.stream.AbstractPipeline.wrapAndCopyInto(AbstractPipeline.java:474)
	at java.base/java.util.stream.ReduceOps$ReduceOp.evaluateSequential(ReduceOps.java:913)
	at java.base/java.util.stream.AbstractPipeline.evaluate(AbstractPipeline.java:234)
	at java.base/java.util.stream.ReferencePipeline.collect(ReferencePipeline.java:578)
	at de.uka.ilkd.key.nparser.builder.AbstractBuilder.mapOf(AbstractBuilder.java:112)
	at de.uka.ilkd.key.nparser.builder.IncludeFinder.visitOne_include_statement(IncludeFinder.java:35)
	at de.uka.ilkd.key.nparser.builder.IncludeFinder.visitOne_include_statement(IncludeFinder.java:20)
	at de.uka.ilkd.key.nparser.KeYParser$One_include_statementContext.accept(KeYParser.java:802)
	at org.antlr.v4.runtime.tree.AbstractParseTreeVisitor.visitChildren(AbstractParseTreeVisitor.java:46)
	at de.uka.ilkd.key.nparser.KeYParserBaseVisitor.visitDecls(KeYParserBaseVisitor.java:30)
	at de.uka.ilkd.key.nparser.KeYParser$DeclsContext.accept(KeYParser.java:500)
	at org.antlr.v4.runtime.tree.AbstractParseTreeVisitor.visitChildren(AbstractParseTreeVisitor.java:46)
	at de.uka.ilkd.key.nparser.KeYParserBaseVisitor.visitFile(KeYParserBaseVisitor.java:23)
	at de.uka.ilkd.key.nparser.KeYParser$FileContext.accept(KeYParser.java:306)
	at de.uka.ilkd.key.nparser.KeyAst.accept(KeyAst.java:41)
	at de.uka.ilkd.key.nparser.KeyAst$File.getIncludes(KeyAst.java:76)
	at de.uka.ilkd.key.proof.io.KeYFile.readIncludes(KeYFile.java:208)
	... 14 more
Could not find rule file rules/intRulesCheckedSemantics.key (file: /home/runner/work/key/key/key.core/../key.ui/examples/index/.././standard_key/java_dl/jml-free/ensuresFree.key; caused by: de.uka.ilkd.key.proof.init.ProofInputException: Could not find rule file rules/intRulesCheckedSemantics.key)
	at de.uka.ilkd.key.control.AbstractUserInterfaceControl.load(AbstractUserInterfaceControl.java:221)
	at de.uka.ilkd.key.control.KeYEnvironment.load(KeYEnvironment.java:251)
	at de.uka.ilkd.key.control.KeYEnvironment.load(KeYEnvironment.java:224)
	at de.uka.ilkd.key.control.KeYEnvironment.load(KeYEnvironment.java:184)
	at de.uka.ilkd.key.control.KeYEnvironment.load(KeYEnvironment.java:261)
	at de.uka.ilkd.key.proof.runallproofs.proofcollection.TestFile.load(TestFile.java:270)
	at de.uka.ilkd.key.proof.runallproofs.proofcollection.TestFile.runKey(TestFile.java:160)
	at de.uka.ilkd.key.proof.runallproofs.proofcollection.ForkedTestFileRunner.main(ForkedTestFileRunner.java:171)
Caused by: de.uka.ilkd.key.proof.init.ProofInputException: Could not find rule file rules/intRulesCheckedSemantics.key
	at de.uka.ilkd.key.proof.io.KeYFile.readIncludes(KeYFile.java:210)
	at de.uka.ilkd.key.proof.init.ProblemInitializer.readIncludes(ProblemInitializer.java:177)
	at de.uka.ilkd.key.proof.init.ProblemInitializer.readEnvInput(ProblemInitializer.java:325)
	at de.uka.ilkd.key.proof.init.ProblemInitializer.prepare(ProblemInitializer.java:449)
	at de.uka.ilkd.key.proof.io.AbstractProblemLoader.createInitConfig(AbstractProblemLoader.java:518)
	at de.uka.ilkd.key.proof.io.AbstractProblemLoader.loadEnvironment(AbstractProblemLoader.java:288)
	at de.uka.ilkd.key.proof.io.AbstractProblemLoader.load(AbstractProblemLoader.java:252)
	at de.uka.ilkd.key.control.AbstractUserInterfaceControl.load(AbstractUserInterfaceControl.java:209)
	... 7 more
Caused by: java.lang.RuntimeException: Could not find rule file rules/intRulesCheckedSemantics.key
	at de.uka.ilkd.key.proof.io.RuleSourceFactory.fromBuiltInRule(RuleSourceFactory.java:32)
	at de.uka.ilkd.key.proof.io.RuleSourceFactory.fromDefaultLocation(RuleSourceFactory.java:21)
	at de.uka.ilkd.key.nparser.builder.IncludeFinder.addInclude(IncludeFinder.java:63)
	at de.uka.ilkd.key.nparser.builder.IncludeFinder.visitOne_include(IncludeFinder.java:43)
	at de.uka.ilkd.key.nparser.builder.IncludeFinder.visitOne_include(IncludeFinder.java:20)
	at de.uka.ilkd.key.nparser.KeYParser$One_includeContext.accept(KeYParser.java:878)
	at de.uka.ilkd.key.nparser.builder.AbstractBuilder.lambda$mapOf$0(AbstractBuilder.java:112)
	at java.base/java.util.stream.ReferencePipeline$3$1.accept(ReferencePipeline.java:195)
	at java.base/java.util.ArrayList$ArrayListSpliterator.forEachRemaining(ArrayList.java:1655)
	at java.base/java.util.stream.AbstractPipeline.copyInto(AbstractPipeline.java:484)
	at java.base/java.util.stream.AbstractPipeline.wrapAndCopyInto(AbstractPipeline.java:474)
	at java.base/java.util.stream.ReduceOps$ReduceOp.evaluateSequential(ReduceOps.java:913)
	at java.base/java.util.stream.AbstractPipeline.evaluate(AbstractPipeline.java:234)
	at java.base/java.util.stream.ReferencePipeline.collect(ReferencePipeline.java:578)
	at de.uka.ilkd.key.nparser.builder.AbstractBuilder.mapOf(AbstractBuilder.java:112)
	at de.uka.ilkd.key.nparser.builder.IncludeFinder.visitOne_include_statement(IncludeFinder.java:35)
	at de.uka.ilkd.key.nparser.builder.IncludeFinder.visitOne_include_statement(IncludeFinder.java:20)
	at de.uka.ilkd.key.nparser.KeYParser$One_include_statementContext.accept(KeYParser.java:802)
	at org.antlr.v4.runtime.tree.AbstractParseTreeVisitor.visitChildren(AbstractParseTreeVisitor.java:46)
	at de.uka.ilkd.key.nparser.KeYParserBaseVisitor.visitDecls(KeYParserBaseVisitor.java:30)
	at de.uka.ilkd.key.nparser.KeYParser$DeclsContext.accept(KeYParser.java:500)
	at org.antlr.v4.runtime.tree.AbstractParseTreeVisitor.visitChildren(AbstractParseTreeVisitor.java:46)
	at de.uka.ilkd.key.nparser.KeYParserBaseVisitor.visitFile(KeYParserBaseVisitor.java:23)
	at de.uka.ilkd.key.nparser.KeYParser$FileContext.accept(KeYParser.java:306)
	at de.uka.ilkd.key.nparser.KeyAst.accept(KeyAst.java:41)
	at de.uka.ilkd.key.nparser.KeyAst$File.getIncludes(KeyAst.java:76)
	at de.uka.ilkd.key.proof.io.KeYFile.readIncludes(KeYFile.java:208)
	... 14 more
Could not find rule file rules/intRulesCheckedSemantics.key (file: /home/runner/work/key/key/key.core/../key.ui/examples/index/.././standard_key/java_dl/jml-information-flow.key; caused by: de.uka.ilkd.key.proof.init.ProofInputException: Could not find rule file rules/intRulesCheckedSemantics.key)
	at de.uka.ilkd.key.control.AbstractUserInterfaceControl.load(AbstractUserInterfaceControl.java:221)
	at de.uka.ilkd.key.control.KeYEnvironment.load(KeYEnvironment.java:251)
	at de.uka.ilkd.key.control.KeYEnvironment.load(KeYEnvironment.java:224)
	at de.uka.ilkd.key.control.KeYEnvironment.load(KeYEnvironment.java:184)
	at de.uka.ilkd.key.control.KeYEnvironment.load(KeYEnvironment.java:261)
	at de.uka.ilkd.key.proof.runallproofs.proofcollection.TestFile.load(TestFile.java:270)
	at de.uka.ilkd.key.proof.runallproofs.proofcollection.TestFile.runKey(TestFile.java:160)
	at de.uka.ilkd.key.proof.runallproofs.proofcollection.ForkedTestFileRunner.main(ForkedTestFileRunner.java:171)
Caused by: de.uka.ilkd.key.proof.init.ProofInputException: Could not find rule file rules/intRulesCheckedSemantics.key
	at de.uka.ilkd.key.proof.io.KeYFile.readIncludes(KeYFile.java:210)
	at de.uka.ilkd.key.proof.init.ProblemInitializer.readIncludes(ProblemInitializer.java:177)
	at de.uka.ilkd.key.proof.init.ProblemInitializer.readEnvInput(ProblemInitializer.java:325)
	at de.uka.ilkd.key.proof.init.ProblemInitializer.prepare(ProblemInitializer.java:449)
	at de.uka.ilkd.key.proof.io.AbstractProblemLoader.createInitConfig(AbstractProblemLoader.java:518)
	at de.uka.ilkd.key.proof.io.AbstractProblemLoader.loadEnvironment(AbstractProblemLoader.java:288)
	at de.uka.ilkd.key.proof.io.AbstractProblemLoader.load(AbstractProblemLoader.java:252)
	at de.uka.ilkd.key.control.AbstractUserInterfaceControl.load(AbstractUserInterfaceControl.java:209)
	... 7 more
Caused by: java.lang.RuntimeException: Could not find rule file rules/intRulesCheckedSemantics.key
	at de.uka.ilkd.key.proof.io.RuleSourceFactory.fromBuiltInRule(RuleSourceFactory.java:32)
	at de.uka.ilkd.key.proof.io.RuleSourceFactory.fromDefaultLocation(RuleSourceFactory.java:21)
	at de.uka.ilkd.key.nparser.builder.IncludeFinder.addInclude(IncludeFinder.java:63)
	at de.uka.ilkd.key.nparser.builder.IncludeFinder.visitOne_include(IncludeFinder.java:43)
	at de.uka.ilkd.key.nparser.builder.IncludeFinder.visitOne_include(IncludeFinder.java:20)
	at de.uka.ilkd.key.nparser.KeYParser$One_includeContext.accept(KeYParser.java:878)
	at de.uka.ilkd.key.nparser.builder.AbstractBuilder.lambda$mapOf$0(AbstractBuilder.java:112)
	at java.base/java.util.stream.ReferencePipeline$3$1.accept(ReferencePipeline.java:195)
	at java.base/java.util.ArrayList$ArrayListSpliterator.forEachRemaining(ArrayList.java:1655)
	at java.base/java.util.stream.AbstractPipeline.copyInto(AbstractPipeline.java:484)
	at java.base/java.util.stream.AbstractPipeline.wrapAndCopyInto(AbstractPipeline.java:474)
	at java.base/java.util.stream.ReduceOps$ReduceOp.evaluateSequential(ReduceOps.java:913)
	at java.base/java.util.stream.AbstractPipeline.evaluate(AbstractPipeline.java:234)
	at java.base/java.util.stream.ReferencePipeline.collect(ReferencePipeline.java:578)
	at de.uka.ilkd.key.nparser.builder.AbstractBuilder.mapOf(AbstractBuilder.java:112)
	at de.uka.ilkd.key.nparser.builder.IncludeFinder.visitOne_include_statement(IncludeFinder.java:35)
	at de.uka.ilkd.key.nparser.builder.IncludeFinder.visitOne_include_statement(IncludeFinder.java:20)
	at de.uka.ilkd.key.nparser.KeYParser$One_include_statementContext.accept(KeYParser.java:802)
	at org.antlr.v4.runtime.tree.AbstractParseTreeVisitor.visitChildren(AbstractParseTreeVisitor.java:46)
	at de.uka.ilkd.key.nparser.KeYParserBaseVisitor.visitDecls(KeYParserBaseVisitor.java:30)
	at de.uka.ilkd.key.nparser.KeYParser$DeclsContext.accept(KeYParser.java:500)
	at org.antlr.v4.runtime.tree.AbstractParseTreeVisitor.visitChildren(AbstractParseTreeVisitor.java:46)
	at de.uka.ilkd.key.nparser.KeYParserBaseVisitor.visitFile(KeYParserBaseVisitor.java:23)
	at de.uka.ilkd.key.nparser.KeYParser$FileContext.accept(KeYParser.java:306)
	at de.uka.ilkd.key.nparser.KeyAst.accept(KeyAst.java:41)
	at de.uka.ilkd.key.nparser.KeyAst$File.getIncludes(KeyAst.java:76)
	at de.uka.ilkd.key.proof.io.KeYFile.readIncludes(KeYFile.java:208)
	... 14 more
Could not find rule file rules/intRulesCheckedSemantics.key (file: /home/runner/work/key/key/key.core/../key.ui/examples/index/.././standard_key/java_dl/jml-min/min-unprovable1.key; caused by: de.uka.ilkd.key.proof.init.ProofInputException: Could not find rule file rules/intRulesCheckedSemantics.key)
	at de.uka.ilkd.key.control.AbstractUserInterfaceControl.load(AbstractUserInterfaceControl.java:221)
	at de.uka.ilkd.key.control.KeYEnvironment.load(KeYEnvironment.java:251)
	at de.uka.ilkd.key.control.KeYEnvironment.load(KeYEnvironment.java:224)
	at de.uka.ilkd.key.control.KeYEnvironment.load(KeYEnvironment.java:184)
	at de.uka.ilkd.key.control.KeYEnvironment.load(KeYEnvironment.java:261)
	at de.uka.ilkd.key.proof.runallproofs.proofcollection.TestFile.load(TestFile.java:270)
	at de.uka.ilkd.key.proof.runallproofs.proofcollection.TestFile.runKey(TestFile.java:160)
	at de.uka.ilkd.key.proof.runallproofs.proofcollection.ForkedTestFileRunner.main(ForkedTestFileRunner.java:171)
Caused by: de.uka.ilkd.key.proof.init.ProofInputException: Could not find rule file rules/intRulesCheckedSemantics.key
	at de.uka.ilkd.key.proof.io.KeYFile.readIncludes(KeYFile.java:210)
	at de.uka.ilkd.key.proof.init.ProblemInitializer.readIncludes(ProblemInitializer.java:177)
	at de.uka.ilkd.key.proof.init.ProblemInitializer.readEnvInput(ProblemInitializer.java:325)
	at de.uka.ilkd.key.proof.init.ProblemInitializer.prepare(ProblemInitializer.java:449)
	at de.uka.ilkd.key.proof.io.AbstractProblemLoader.createInitConfig(AbstractProblemLoader.java:518)
	at de.uka.ilkd.key.proof.io.AbstractProblemLoader.loadEnvironment(AbstractProblemLoader.java:288)
	at de.uka.ilkd.key.proof.io.AbstractProblemLoader.load(AbstractProblemLoader.java:252)
	at de.uka.ilkd.key.control.AbstractUserInterfaceControl.load(AbstractUserInterfaceControl.java:209)
	... 7 more
Caused by: java.lang.RuntimeException: Could not find rule file rules/intRulesCheckedSemantics.key
	at de.uka.ilkd.key.proof.io.RuleSourceFactory.fromBuiltInRule(RuleSourceFactory.java:32)
	at de.uka.ilkd.key.proof.io.RuleSourceFactory.fromDefaultLocation(RuleSourceFactory.java:21)
	at de.uka.ilkd.key.nparser.builder.IncludeFinder.addInclude(IncludeFinder.java:63)
	at de.uka.ilkd.key.nparser.builder.IncludeFinder.visitOne_include(IncludeFinder.java:43)
	at de.uka.ilkd.key.nparser.builder.IncludeFinder.visitOne_include(IncludeFinder.java:20)
	at de.uka.ilkd.key.nparser.KeYParser$One_includeContext.accept(KeYParser.java:878)
	at de.uka.ilkd.key.nparser.builder.AbstractBuilder.lambda$mapOf$0(AbstractBuilder.java:112)
	at java.base/java.util.stream.ReferencePipeline$3$1.accept(ReferencePipeline.java:195)
	at java.base/java.util.ArrayList$ArrayListSpliterator.forEachRemaining(ArrayList.java:1655)
	at java.base/java.util.stream.AbstractPipeline.copyInto(AbstractPipeline.java:484)
	at java.base/java.util.stream.AbstractPipeline.wrapAndCopyInto(AbstractPipeline.java:474)
	at java.base/java.util.stream.ReduceOps$ReduceOp.evaluateSequential(ReduceOps.java:913)
	at java.base/java.util.stream.AbstractPipeline.evaluate(AbstractPipeline.java:234)
	at java.base/java.util.stream.ReferencePipeline.collect(ReferencePipeline.java:578)
	at de.uka.ilkd.key.nparser.builder.AbstractBuilder.mapOf(AbstractBuilder.java:112)
	at de.uka.ilkd.key.nparser.builder.IncludeFinder.visitOne_include_statement(IncludeFinder.java:35)
	at de.uka.ilkd.key.nparser.builder.IncludeFinder.visitOne_include_statement(IncludeFinder.java:20)
	at de.uka.ilkd.key.nparser.KeYParser$One_include_statementContext.accept(KeYParser.java:802)
	at org.antlr.v4.runtime.tree.AbstractParseTreeVisitor.visitChildren(AbstractParseTreeVisitor.java:46)
	at de.uka.ilkd.key.nparser.KeYParserBaseVisitor.visitDecls(KeYParserBaseVisitor.java:30)
	at de.uka.ilkd.key.nparser.KeYParser$DeclsContext.accept(KeYParser.java:500)
	at org.antlr.v4.runtime.tree.AbstractParseTreeVisitor.visitChildren(AbstractParseTreeVisitor.java:46)
	at de.uka.ilkd.key.nparser.KeYParserBaseVisitor.visitFile(KeYParserBaseVisitor.java:23)
	at de.uka.ilkd.key.nparser.KeYParser$FileContext.accept(KeYParser.java:306)
	at de.uka.ilkd.key.nparser.KeyAst.accept(KeyAst.java:41)
	at de.uka.ilkd.key.nparser.KeyAst$File.getIncludes(KeyAst.java:76)
	at de.uka.ilkd.key.proof.io.KeYFile.readIncludes(KeYFile.java:208)
	... 14 more
Could not find rule file rules/intRulesCheckedSemantics.key (file: /home/runner/work/key/key/key.core/../key.ui/examples/index/.././standard_key/java_dl/jml-min/min-unprovable2.key; caused by: de.uka.ilkd.key.proof.init.ProofInputException: Could not find rule file rules/intRulesCheckedSemantics.key)
	at de.uka.ilkd.key.control.AbstractUserInterfaceControl.load(AbstractUserInterfaceControl.java:221)
	at de.uka.ilkd.key.control.KeYEnvironment.load(KeYEnvironment.java:251)
	at de.uka.ilkd.key.control.KeYEnvironment.load(KeYEnvironment.java:224)
	at de.uka.ilkd.key.control.KeYEnvironment.load(KeYEnvironment.java:184)
	at de.uka.ilkd.key.control.KeYEnvironment.load(KeYEnvironment.java:261)
	at de.uka.ilkd.key.proof.runallproofs.proofcollection.TestFile.load(TestFile.java:270)
	at de.uka.ilkd.key.proof.runallproofs.proofcollection.TestFile.runKey(TestFile.java:160)
	at de.uka.ilkd.key.proof.runallproofs.proofcollection.ForkedTestFileRunner.main(ForkedTestFileRunner.java:171)
Caused by: de.uka.ilkd.key.proof.init.ProofInputException: Could not find rule file rules/intRulesCheckedSemantics.key
	at de.uka.ilkd.key.proof.io.KeYFile.readIncludes(KeYFile.java:210)
	at de.uka.ilkd.key.proof.init.ProblemInitializer.readIncludes(ProblemInitializer.java:177)
	at de.uka.ilkd.key.proof.init.ProblemInitializer.readEnvInput(ProblemInitializer.java:325)
	at de.uka.ilkd.key.proof.init.ProblemInitializer.prepare(ProblemInitializer.java:449)
	at de.uka.ilkd.key.proof.io.AbstractProblemLoader.createInitConfig(AbstractProblemLoader.java:518)
	at de.uka.ilkd.key.proof.io.AbstractProblemLoader.loadEnvironment(AbstractProblemLoader.java:288)
	at de.uka.ilkd.key.proof.io.AbstractProblemLoader.load(AbstractProblemLoader.java:252)
	at de.uka.ilkd.key.control.AbstractUserInterfaceControl.load(AbstractUserInterfaceControl.java:209)
	... 7 more
Caused by: java.lang.RuntimeException: Could not find rule file rules/intRulesCheckedSemantics.key
	at de.uka.ilkd.key.proof.io.RuleSourceFactory.fromBuiltInRule(RuleSourceFactory.java:32)
	at de.uka.ilkd.key.proof.io.RuleSourceFactory.fromDefaultLocation(RuleSourceFactory.java:21)
	at de.uka.ilkd.key.nparser.builder.IncludeFinder.addInclude(IncludeFinder.java:63)
	at de.uka.ilkd.key.nparser.builder.IncludeFinder.visitOne_include(IncludeFinder.java:43)
	at de.uka.ilkd.key.nparser.builder.IncludeFinder.visitOne_include(IncludeFinder.java:20)
	at de.uka.ilkd.key.nparser.KeYParser$One_includeContext.accept(KeYParser.java:878)
	at de.uka.ilkd.key.nparser.builder.AbstractBuilder.lambda$mapOf$0(AbstractBuilder.java:112)
	at java.base/java.util.stream.ReferencePipeline$3$1.accept(ReferencePipeline.java:195)
	at java.base/java.util.ArrayList$ArrayListSpliterator.forEachRemaining(ArrayList.java:1655)
	at java.base/java.util.stream.AbstractPipeline.copyInto(AbstractPipeline.java:484)
	at java.base/java.util.stream.AbstractPipeline.wrapAndCopyInto(AbstractPipeline.java:474)
	at java.base/java.util.stream.ReduceOps$ReduceOp.evaluateSequential(ReduceOps.java:913)
	at java.base/java.util.stream.AbstractPipeline.evaluate(AbstractPipeline.java:234)
	at java.base/java.util.stream.ReferencePipeline.collect(ReferencePipeline.java:578)
	at de.uka.ilkd.key.nparser.builder.AbstractBuilder.mapOf(AbstractBuilder.java:112)
	at de.uka.ilkd.key.nparser.builder.IncludeFinder.visitOne_include_statement(IncludeFinder.java:35)
	at de.uka.ilkd.key.nparser.builder.IncludeFinder.visitOne_include_statement(IncludeFinder.java:20)
	at de.uka.ilkd.key.nparser.KeYParser$One_include_statementContext.accept(KeYParser.java:802)
	at org.antlr.v4.runtime.tree.AbstractParseTreeVisitor.visitChildren(AbstractParseTreeVisitor.java:46)
	at de.uka.ilkd.key.nparser.KeYParserBaseVisitor.visitDecls(KeYParserBaseVisitor.java:30)
	at de.uka.ilkd.key.nparser.KeYParser$DeclsContext.accept(KeYParser.java:500)
	at org.antlr.v4.runtime.tree.AbstractParseTreeVisitor.visitChildren(AbstractParseTreeVisitor.java:46)
	at de.uka.ilkd.key.nparser.KeYParserBaseVisitor.visitFile(KeYParserBaseVisitor.java:23)
	at de.uka.ilkd.key.nparser.KeYParser$FileContext.accept(KeYParser.java:306)
	at de.uka.ilkd.key.nparser.KeyAst.accept(KeyAst.java:41)
	at de.uka.ilkd.key.nparser.KeyAst$File.getIncludes(KeyAst.java:76)
	at de.uka.ilkd.key.proof.io.KeYFile.readIncludes(KeYFile.java:208)
	... 14 more
Could not find rule file rules/intRulesCheckedSemantics.key (file: /home/runner/work/key/key/key.core/../key.ui/examples/index/.././standard_key/java_dl/methodCall.key; caused by: de.uka.ilkd.key.proof.init.ProofInputException: Could not find rule file rules/intRulesCheckedSemantics.key)
	at de.uka.ilkd.key.control.AbstractUserInterfaceControl.load(AbstractUserInterfaceControl.java:221)
	at de.uka.ilkd.key.control.KeYEnvironment.load(KeYEnvironment.java:251)
	at de.uka.ilkd.key.control.KeYEnvironment.load(KeYEnvironment.java:224)
	at de.uka.ilkd.key.control.KeYEnvironment.load(KeYEnvironment.java:184)
	at de.uka.ilkd.key.control.KeYEnvironment.load(KeYEnvironment.java:261)
	at de.uka.ilkd.key.proof.runallproofs.proofcollection.TestFile.load(TestFile.java:270)
	at de.uka.ilkd.key.proof.runallproofs.proofcollection.TestFile.runKey(TestFile.java:160)
	at de.uka.ilkd.key.proof.runallproofs.proofcollection.ForkedTestFileRunner.main(ForkedTestFileRunner.java:171)
Caused by: de.uka.ilkd.key.proof.init.ProofInputException: Could not find rule file rules/intRulesCheckedSemantics.key
	at de.uka.ilkd.key.proof.io.KeYFile.readIncludes(KeYFile.java:210)
	at de.uka.ilkd.key.proof.init.ProblemInitializer.readIncludes(ProblemInitializer.java:177)
	at de.uka.ilkd.key.proof.init.ProblemInitializer.readEnvInput(ProblemInitializer.java:325)
	at de.uka.ilkd.key.proof.init.ProblemInitializer.prepare(ProblemInitializer.java:449)
	at de.uka.ilkd.key.proof.io.AbstractProblemLoader.createInitConfig(AbstractProblemLoader.java:518)
	at de.uka.ilkd.key.proof.io.AbstractProblemLoader.loadEnvironment(AbstractProblemLoader.java:288)
	at de.uka.ilkd.key.proof.io.AbstractProblemLoader.load(AbstractProblemLoader.java:252)
	at de.uka.ilkd.key.control.AbstractUserInterfaceControl.load(AbstractUserInterfaceControl.java:209)
	... 7 more
Caused by: java.lang.RuntimeException: Could not find rule file rules/intRulesCheckedSemantics.key
	at de.uka.ilkd.key.proof.io.RuleSourceFactory.fromBuiltInRule(RuleSourceFactory.java:32)
	at de.uka.ilkd.key.proof.io.RuleSourceFactory.fromDefaultLocation(RuleSourceFactory.java:21)
	at de.uka.ilkd.key.nparser.builder.IncludeFinder.addInclude(IncludeFinder.java:63)
	at de.uka.ilkd.key.nparser.builder.IncludeFinder.visitOne_include(IncludeFinder.java:43)
	at de.uka.ilkd.key.nparser.builder.IncludeFinder.visitOne_include(IncludeFinder.java:20)
	at de.uka.ilkd.key.nparser.KeYParser$One_includeContext.accept(KeYParser.java:878)
	at de.uka.ilkd.key.nparser.builder.AbstractBuilder.lambda$mapOf$0(AbstractBuilder.java:112)
	at java.base/java.util.stream.ReferencePipeline$3$1.accept(ReferencePipeline.java:195)
	at java.base/java.util.ArrayList$ArrayListSpliterator.forEachRemaining(ArrayList.java:1655)
	at java.base/java.util.stream.AbstractPipeline.copyInto(AbstractPipeline.java:484)
	at java.base/java.util.stream.AbstractPipeline.wrapAndCopyInto(AbstractPipeline.java:474)
	at java.base/java.util.stream.ReduceOps$ReduceOp.evaluateSequential(ReduceOps.java:913)
	at java.base/java.util.stream.AbstractPipeline.evaluate(AbstractPipeline.java:234)
	at java.base/java.util.stream.ReferencePipeline.collect(ReferencePipeline.java:578)
	at de.uka.ilkd.key.nparser.builder.AbstractBuilder.mapOf(AbstractBuilder.java:112)
	at de.uka.ilkd.key.nparser.builder.IncludeFinder.visitOne_include_statement(IncludeFinder.java:35)
	at de.uka.ilkd.key.nparser.builder.IncludeFinder.visitOne_include_statement(IncludeFinder.java:20)
	at de.uka.ilkd.key.nparser.KeYParser$One_include_statementContext.accept(KeYParser.java:802)
	at org.antlr.v4.runtime.tree.AbstractParseTreeVisitor.visitChildren(AbstractParseTreeVisitor.java:46)
	at de.uka.ilkd.key.nparser.KeYParserBaseVisitor.visitDecls(KeYParserBaseVisitor.java:30)
	at de.uka.ilkd.key.nparser.KeYParser$DeclsContext.accept(KeYParser.java:500)
	at org.antlr.v4.runtime.tree.AbstractParseTreeVisitor.visitChildren(AbstractParseTreeVisitor.java:46)
	at de.uka.ilkd.key.nparser.KeYParserBaseVisitor.visitFile(KeYParserBaseVisitor.java:23)
	at de.uka.ilkd.key.nparser.KeYParser$FileContext.accept(KeYParser.java:306)
	at de.uka.ilkd.key.nparser.KeyAst.accept(KeyAst.java:41)
	at de.uka.ilkd.key.nparser.KeyAst$File.getIncludes(KeyAst.java:76)
	at de.uka.ilkd.key.proof.io.KeYFile.readIncludes(KeYFile.java:208)
	... 14 more
Could not find rule file rules/intRulesCheckedSemantics.key (file: /home/runner/work/key/key/key.core/../key.ui/examples/index/.././standard_key/java_dl/methodCall1.key; caused by: de.uka.ilkd.key.proof.init.ProofInputException: Could not find rule file rules/intRulesCheckedSemantics.key)
	at de.uka.ilkd.key.control.AbstractUserInterfaceControl.load(AbstractUserInterfaceControl.java:221)
	at de.uka.ilkd.key.control.KeYEnvironment.load(KeYEnvironment.java:251)
	at de.uka.ilkd.key.control.KeYEnvironment.load(KeYEnvironment.java:224)
	at de.uka.ilkd.key.control.KeYEnvironment.load(KeYEnvironment.java:184)
	at de.uka.ilkd.key.control.KeYEnvironment.load(KeYEnvironment.java:261)
	at de.uka.ilkd.key.proof.runallproofs.proofcollection.TestFile.load(TestFile.java:270)
	at de.uka.ilkd.key.proof.runallproofs.proofcollection.TestFile.runKey(TestFile.java:160)
	at de.uka.ilkd.key.proof.runallproofs.proofcollection.ForkedTestFileRunner.main(ForkedTestFileRunner.java:171)
Caused by: de.uka.ilkd.key.proof.init.ProofInputException: Could not find rule file rules/intRulesCheckedSemantics.key
	at de.uka.ilkd.key.proof.io.KeYFile.readIncludes(KeYFile.java:210)
	at de.uka.ilkd.key.proof.init.ProblemInitializer.readIncludes(ProblemInitializer.java:177)
	at de.uka.ilkd.key.proof.init.ProblemInitializer.readEnvInput(ProblemInitializer.java:325)
	at de.uka.ilkd.key.proof.init.ProblemInitializer.prepare(ProblemInitializer.java:449)
	at de.uka.ilkd.key.proof.io.AbstractProblemLoader.createInitConfig(AbstractProblemLoader.java:518)
	at de.uka.ilkd.key.proof.io.AbstractProblemLoader.loadEnvironment(AbstractProblemLoader.java:288)
	at de.uka.ilkd.key.proof.io.AbstractProblemLoader.load(AbstractProblemLoader.java:252)
	at de.uka.ilkd.key.control.AbstractUserInterfaceControl.load(AbstractUserInterfaceControl.java:209)
	... 7 more
Caused by: java.lang.RuntimeException: Could not find rule file rules/intRulesCheckedSemantics.key
	at de.uka.ilkd.key.proof.io.RuleSourceFactory.fromBuiltInRule(RuleSourceFactory.java:32)
	at de.uka.ilkd.key.proof.io.RuleSourceFactory.fromDefaultLocation(RuleSourceFactory.java:21)
	at de.uka.ilkd.key.nparser.builder.IncludeFinder.addInclude(IncludeFinder.java:63)
	at de.uka.ilkd.key.nparser.builder.IncludeFinder.visitOne_include(IncludeFinder.java:43)
	at de.uka.ilkd.key.nparser.builder.IncludeFinder.visitOne_include(IncludeFinder.java:20)
	at de.uka.ilkd.key.nparser.KeYParser$One_includeContext.accept(KeYParser.java:878)
	at de.uka.ilkd.key.nparser.builder.AbstractBuilder.lambda$mapOf$0(AbstractBuilder.java:112)
	at java.base/java.util.stream.ReferencePipeline$3$1.accept(ReferencePipeline.java:195)
	at java.base/java.util.ArrayList$ArrayListSpliterator.forEachRemaining(ArrayList.java:1655)
	at java.base/java.util.stream.AbstractPipeline.copyInto(AbstractPipeline.java:484)
	at java.base/java.util.stream.AbstractPipeline.wrapAndCopyInto(AbstractPipeline.java:474)
	at java.base/java.util.stream.ReduceOps$ReduceOp.evaluateSequential(ReduceOps.java:913)
	at java.base/java.util.stream.AbstractPipeline.evaluate(AbstractPipeline.java:234)
	at java.base/java.util.stream.ReferencePipeline.collect(ReferencePipeline.java:578)
	at de.uka.ilkd.key.nparser.builder.AbstractBuilder.mapOf(AbstractBuilder.java:112)
	at de.uka.ilkd.key.nparser.builder.IncludeFinder.visitOne_include_statement(IncludeFinder.java:35)
	at de.uka.ilkd.key.nparser.builder.IncludeFinder.visitOne_include_statement(IncludeFinder.java:20)
	at de.uka.ilkd.key.nparser.KeYParser$One_include_statementContext.accept(KeYParser.java:802)
	at org.antlr.v4.runtime.tree.AbstractParseTreeVisitor.visitChildren(AbstractParseTreeVisitor.java:46)
	at de.uka.ilkd.key.nparser.KeYParserBaseVisitor.visitDecls(KeYParserBaseVisitor.java:30)
	at de.uka.ilkd.key.nparser.KeYParser$DeclsContext.accept(KeYParser.java:500)
	at org.antlr.v4.runtime.tree.AbstractParseTreeVisitor.visitChildren(AbstractParseTreeVisitor.java:46)
	at de.uka.ilkd.key.nparser.KeYParserBaseVisitor.visitFile(KeYParserBaseVisitor.java:23)
	at de.uka.ilkd.key.nparser.KeYParser$FileContext.accept(KeYParser.java:306)
	at de.uka.ilkd.key.nparser.KeyAst.accept(KeyAst.java:41)
	at de.uka.ilkd.key.nparser.KeyAst$File.getIncludes(KeyAst.java:76)
	at de.uka.ilkd.key.proof.io.KeYFile.readIncludes(KeYFile.java:208)
	... 14 more
Could not find rule file rules/intRulesCheckedSemantics.key (file: /home/runner/work/key/key/key.core/../key.ui/examples/index/.././standard_key/java_dl/methodCall1box.key; caused by: de.uka.ilkd.key.proof.init.ProofInputException: Could not find rule file rules/intRulesCheckedSemantics.key)
	at de.uka.ilkd.key.control.AbstractUserInterfaceControl.load(AbstractUserInterfaceControl.java:221)
	at de.uka.ilkd.key.control.KeYEnvironment.load(KeYEnvironment.java:251)
	at de.uka.ilkd.key.control.KeYEnvironment.load(KeYEnvironment.java:224)
	at de.uka.ilkd.key.control.KeYEnvironment.load(KeYEnvironment.java:184)
	at de.uka.ilkd.key.control.KeYEnvironment.load(KeYEnvironment.java:261)
	at de.uka.ilkd.key.proof.runallproofs.proofcollection.TestFile.load(TestFile.java:270)
	at de.uka.ilkd.key.proof.runallproofs.proofcollection.TestFile.runKey(TestFile.java:160)
	at de.uka.ilkd.key.proof.runallproofs.proofcollection.ForkedTestFileRunner.main(ForkedTestFileRunner.java:171)
Caused by: de.uka.ilkd.key.proof.init.ProofInputException: Could not find rule file rules/intRulesCheckedSemantics.key
	at de.uka.ilkd.key.proof.io.KeYFile.readIncludes(KeYFile.java:210)
	at de.uka.ilkd.key.proof.init.ProblemInitializer.readIncludes(ProblemInitializer.java:177)
	at de.uka.ilkd.key.proof.init.ProblemInitializer.readEnvInput(ProblemInitializer.java:325)
	at de.uka.ilkd.key.proof.init.ProblemInitializer.prepare(ProblemInitializer.java:449)
	at de.uka.ilkd.key.proof.io.AbstractProblemLoader.createInitConfig(AbstractProblemLoader.java:518)
	at de.uka.ilkd.key.proof.io.AbstractProblemLoader.loadEnvironment(AbstractProblemLoader.java:288)
	at de.uka.ilkd.key.proof.io.AbstractProblemLoader.load(AbstractProblemLoader.java:252)
	at de.uka.ilkd.key.control.AbstractUserInterfaceControl.load(AbstractUserInterfaceControl.java:209)
	... 7 more
Caused by: java.lang.RuntimeException: Could not find rule file rules/intRulesCheckedSemantics.key
	at de.uka.ilkd.key.proof.io.RuleSourceFactory.fromBuiltInRule(RuleSourceFactory.java:32)
	at de.uka.ilkd.key.proof.io.RuleSourceFactory.fromDefaultLocation(RuleSourceFactory.java:21)
	at de.uka.ilkd.key.nparser.builder.IncludeFinder.addInclude(IncludeFinder.java:63)
	at de.uka.ilkd.key.nparser.builder.IncludeFinder.visitOne_include(IncludeFinder.java:43)
	at de.uka.ilkd.key.nparser.builder.IncludeFinder.visitOne_include(IncludeFinder.java:20)
	at de.uka.ilkd.key.nparser.KeYParser$One_includeContext.accept(KeYParser.java:878)
	at de.uka.ilkd.key.nparser.builder.AbstractBuilder.lambda$mapOf$0(AbstractBuilder.java:112)
	at java.base/java.util.stream.ReferencePipeline$3$1.accept(ReferencePipeline.java:195)
	at java.base/java.util.ArrayList$ArrayListSpliterator.forEachRemaining(ArrayList.java:1655)
	at java.base/java.util.stream.AbstractPipeline.copyInto(AbstractPipeline.java:484)
	at java.base/java.util.stream.AbstractPipeline.wrapAndCopyInto(AbstractPipeline.java:474)
	at java.base/java.util.stream.ReduceOps$ReduceOp.evaluateSequential(ReduceOps.java:913)
	at java.base/java.util.stream.AbstractPipeline.evaluate(AbstractPipeline.java:234)
	at java.base/java.util.stream.ReferencePipeline.collect(ReferencePipeline.java:578)
	at de.uka.ilkd.key.nparser.builder.AbstractBuilder.mapOf(AbstractBuilder.java:112)
	at de.uka.ilkd.key.nparser.builder.IncludeFinder.visitOne_include_statement(IncludeFinder.java:35)
	at de.uka.ilkd.key.nparser.builder.IncludeFinder.visitOne_include_statement(IncludeFinder.java:20)
	at de.uka.ilkd.key.nparser.KeYParser$One_include_statementContext.accept(KeYParser.java:802)
	at org.antlr.v4.runtime.tree.AbstractParseTreeVisitor.visitChildren(AbstractParseTreeVisitor.java:46)
	at de.uka.ilkd.key.nparser.KeYParserBaseVisitor.visitDecls(KeYParserBaseVisitor.java:30)
	at de.uka.ilkd.key.nparser.KeYParser$DeclsContext.accept(KeYParser.java:500)
	at org.antlr.v4.runtime.tree.AbstractParseTreeVisitor.visitChildren(AbstractParseTreeVisitor.java:46)
	at de.uka.ilkd.key.nparser.KeYParserBaseVisitor.visitFile(KeYParserBaseVisitor.java:23)
	at de.uka.ilkd.key.nparser.KeYParser$FileContext.accept(KeYParser.java:306)
	at de.uka.ilkd.key.nparser.KeyAst.accept(KeyAst.java:41)
	at de.uka.ilkd.key.nparser.KeyAst$File.getIncludes(KeyAst.java:76)
	at de.uka.ilkd.key.proof.io.KeYFile.readIncludes(KeYFile.java:208)
	... 14 more
Could not find rule file rules/intRulesCheckedSemantics.key (file: /home/runner/work/key/key/key.core/../key.ui/examples/index/.././standard_key/java_dl/methodCall3.key; caused by: de.uka.ilkd.key.proof.init.ProofInputException: Could not find rule file rules/intRulesCheckedSemantics.key)
	at de.uka.ilkd.key.control.AbstractUserInterfaceControl.load(AbstractUserInterfaceControl.java:221)
	at de.uka.ilkd.key.control.KeYEnvironment.load(KeYEnvironment.java:251)
	at de.uka.ilkd.key.control.KeYEnvironment.load(KeYEnvironment.java:224)
	at de.uka.ilkd.key.control.KeYEnvironment.load(KeYEnvironment.java:184)
	at de.uka.ilkd.key.control.KeYEnvironment.load(KeYEnvironment.java:261)
	at de.uka.ilkd.key.proof.runallproofs.proofcollection.TestFile.load(TestFile.java:270)
	at de.uka.ilkd.key.proof.runallproofs.proofcollection.TestFile.runKey(TestFile.java:160)
	at de.uka.ilkd.key.proof.runallproofs.proofcollection.ForkedTestFileRunner.main(ForkedTestFileRunner.java:171)
Caused by: de.uka.ilkd.key.proof.init.ProofInputException: Could not find rule file rules/intRulesCheckedSemantics.key
	at de.uka.ilkd.key.proof.io.KeYFile.readIncludes(KeYFile.java:210)
	at de.uka.ilkd.key.proof.init.ProblemInitializer.readIncludes(ProblemInitializer.java:177)
	at de.uka.ilkd.key.proof.init.ProblemInitializer.readEnvInput(ProblemInitializer.java:325)
	at de.uka.ilkd.key.proof.init.ProblemInitializer.prepare(ProblemInitializer.java:449)
	at de.uka.ilkd.key.proof.io.AbstractProblemLoader.createInitConfig(AbstractProblemLoader.java:518)
	at de.uka.ilkd.key.proof.io.AbstractProblemLoader.loadEnvironment(AbstractProblemLoader.java:288)
	at de.uka.ilkd.key.proof.io.AbstractProblemLoader.load(AbstractProblemLoader.java:252)
	at de.uka.ilkd.key.control.AbstractUserInterfaceControl.load(AbstractUserInterfaceControl.java:209)
	... 7 more
Caused by: java.lang.RuntimeException: Could not find rule file rules/intRulesCheckedSemantics.key
	at de.uka.ilkd.key.proof.io.RuleSourceFactory.fromBuiltInRule(RuleSourceFactory.java:32)
	at de.uka.ilkd.key.proof.io.RuleSourceFactory.fromDefaultLocation(RuleSourceFactory.java:21)
	at de.uka.ilkd.key.nparser.builder.IncludeFinder.addInclude(IncludeFinder.java:63)
	at de.uka.ilkd.key.nparser.builder.IncludeFinder.visitOne_include(IncludeFinder.java:43)
	at de.uka.ilkd.key.nparser.builder.IncludeFinder.visitOne_include(IncludeFinder.java:20)
	at de.uka.ilkd.key.nparser.KeYParser$One_includeContext.accept(KeYParser.java:878)
	at de.uka.ilkd.key.nparser.builder.AbstractBuilder.lambda$mapOf$0(AbstractBuilder.java:112)
	at java.base/java.util.stream.ReferencePipeline$3$1.accept(ReferencePipeline.java:195)
	at java.base/java.util.ArrayList$ArrayListSpliterator.forEachRemaining(ArrayList.java:1655)
	at java.base/java.util.stream.AbstractPipeline.copyInto(AbstractPipeline.java:484)
	at java.base/java.util.stream.AbstractPipeline.wrapAndCopyInto(AbstractPipeline.java:474)
	at java.base/java.util.stream.ReduceOps$ReduceOp.evaluateSequential(ReduceOps.java:913)
	at java.base/java.util.stream.AbstractPipeline.evaluate(AbstractPipeline.java:234)
	at java.base/java.util.stream.ReferencePipeline.collect(ReferencePipeline.java:578)
	at de.uka.ilkd.key.nparser.builder.AbstractBuilder.mapOf(AbstractBuilder.java:112)
	at de.uka.ilkd.key.nparser.builder.IncludeFinder.visitOne_include_statement(IncludeFinder.java:35)
	at de.uka.ilkd.key.nparser.builder.IncludeFinder.visitOne_include_statement(IncludeFinder.java:20)
	at de.uka.ilkd.key.nparser.KeYParser$One_include_statementContext.accept(KeYParser.java:802)
	at org.antlr.v4.runtime.tree.AbstractParseTreeVisitor.visitChildren(AbstractParseTreeVisitor.java:46)
	at de.uka.ilkd.key.nparser.KeYParserBaseVisitor.visitDecls(KeYParserBaseVisitor.java:30)
	at de.uka.ilkd.key.nparser.KeYParser$DeclsContext.accept(KeYParser.java:500)
	at org.antlr.v4.runtime.tree.AbstractParseTreeVisitor.visitChildren(AbstractParseTreeVisitor.java:46)
	at de.uka.ilkd.key.nparser.KeYParserBaseVisitor.visitFile(KeYParserBaseVisitor.java:23)
	at de.uka.ilkd.key.nparser.KeYParser$FileContext.accept(KeYParser.java:306)
	at de.uka.ilkd.key.nparser.KeyAst.accept(KeyAst.java:41)
	at de.uka.ilkd.key.nparser.KeyAst$File.getIncludes(KeyAst.java:76)
	at de.uka.ilkd.key.proof.io.KeYFile.readIncludes(KeYFile.java:208)
	... 14 more
Could not find rule file rules/intRulesCheckedSemantics.key (file: /home/runner/work/key/key/key.core/../key.ui/examples/index/.././standard_key/java_dl/polishFlagSort.key; caused by: de.uka.ilkd.key.proof.init.ProofInputException: Could not find rule file rules/intRulesCheckedSemantics.key)
	at de.uka.ilkd.key.control.AbstractUserInterfaceControl.load(AbstractUserInterfaceControl.java:221)
	at de.uka.ilkd.key.control.KeYEnvironment.load(KeYEnvironment.java:251)
	at de.uka.ilkd.key.control.KeYEnvironment.load(KeYEnvironment.java:224)
	at de.uka.ilkd.key.control.KeYEnvironment.load(KeYEnvironment.java:184)
	at de.uka.ilkd.key.control.KeYEnvironment.load(KeYEnvironment.java:261)
	at de.uka.ilkd.key.proof.runallproofs.proofcollection.TestFile.load(TestFile.java:270)
	at de.uka.ilkd.key.proof.runallproofs.proofcollection.TestFile.runKey(TestFile.java:160)
	at de.uka.ilkd.key.proof.runallproofs.proofcollection.ForkedTestFileRunner.main(ForkedTestFileRunner.java:171)
Caused by: de.uka.ilkd.key.proof.init.ProofInputException: Could not find rule file rules/intRulesCheckedSemantics.key
	at de.uka.ilkd.key.proof.io.KeYFile.readIncludes(KeYFile.java:210)
	at de.uka.ilkd.key.proof.init.ProblemInitializer.readIncludes(ProblemInitializer.java:177)
	at de.uka.ilkd.key.proof.init.ProblemInitializer.readEnvInput(ProblemInitializer.java:325)
	at de.uka.ilkd.key.proof.init.ProblemInitializer.prepare(ProblemInitializer.java:449)
	at de.uka.ilkd.key.proof.io.AbstractProblemLoader.createInitConfig(AbstractProblemLoader.java:518)
	at de.uka.ilkd.key.proof.io.AbstractProblemLoader.loadEnvironment(AbstractProblemLoader.java:288)
	at de.uka.ilkd.key.proof.io.AbstractProblemLoader.load(AbstractProblemLoader.java:252)
	at de.uka.ilkd.key.control.AbstractUserInterfaceControl.load(AbstractUserInterfaceControl.java:209)
	... 7 more
Caused by: java.lang.RuntimeException: Could not find rule file rules/intRulesCheckedSemantics.key
	at de.uka.ilkd.key.proof.io.RuleSourceFactory.fromBuiltInRule(RuleSourceFactory.java:32)
	at de.uka.ilkd.key.proof.io.RuleSourceFactory.fromDefaultLocation(RuleSourceFactory.java:21)
	at de.uka.ilkd.key.nparser.builder.IncludeFinder.addInclude(IncludeFinder.java:63)
	at de.uka.ilkd.key.nparser.builder.IncludeFinder.visitOne_include(IncludeFinder.java:43)
	at de.uka.ilkd.key.nparser.builder.IncludeFinder.visitOne_include(IncludeFinder.java:20)
	at de.uka.ilkd.key.nparser.KeYParser$One_includeContext.accept(KeYParser.java:878)
	at de.uka.ilkd.key.nparser.builder.AbstractBuilder.lambda$mapOf$0(AbstractBuilder.java:112)
	at java.base/java.util.stream.ReferencePipeline$3$1.accept(ReferencePipeline.java:195)
	at java.base/java.util.ArrayList$ArrayListSpliterator.forEachRemaining(ArrayList.java:1655)
	at java.base/java.util.stream.AbstractPipeline.copyInto(AbstractPipeline.java:484)
	at java.base/java.util.stream.AbstractPipeline.wrapAndCopyInto(AbstractPipeline.java:474)
	at java.base/java.util.stream.ReduceOps$ReduceOp.evaluateSequential(ReduceOps.java:913)
	at java.base/java.util.stream.AbstractPipeline.evaluate(AbstractPipeline.java:234)
	at java.base/java.util.stream.ReferencePipeline.collect(ReferencePipeline.java:578)
	at de.uka.ilkd.key.nparser.builder.AbstractBuilder.mapOf(AbstractBuilder.java:112)
	at de.uka.ilkd.key.nparser.builder.IncludeFinder.visitOne_include_statement(IncludeFinder.java:35)
	at de.uka.ilkd.key.nparser.builder.IncludeFinder.visitOne_include_statement(IncludeFinder.java:20)
	at de.uka.ilkd.key.nparser.KeYParser$One_include_statementContext.accept(KeYParser.java:802)
	at org.antlr.v4.runtime.tree.AbstractParseTreeVisitor.visitChildren(AbstractParseTreeVisitor.java:46)
	at de.uka.ilkd.key.nparser.KeYParserBaseVisitor.visitDecls(KeYParserBaseVisitor.java:30)
	at de.uka.ilkd.key.nparser.KeYParser$DeclsContext.accept(KeYParser.java:500)
	at org.antlr.v4.runtime.tree.AbstractParseTreeVisitor.visitChildren(AbstractParseTreeVisitor.java:46)
	at de.uka.ilkd.key.nparser.KeYParserBaseVisitor.visitFile(KeYParserBaseVisitor.java:23)
	at de.uka.ilkd.key.nparser.KeYParser$FileContext.accept(KeYParser.java:306)
	at de.uka.ilkd.key.nparser.KeyAst.accept(KeyAst.java:41)
	at de.uka.ilkd.key.nparser.KeyAst$File.getIncludes(KeyAst.java:76)
	at de.uka.ilkd.key.proof.io.KeYFile.readIncludes(KeYFile.java:208)
	... 14 more
Could not find rule file rules/intRulesCheckedSemantics.key (file: /home/runner/work/key/key/key.core/../key.ui/examples/index/.././standard_key/java_dl/postConditionTaclets1.key; caused by: de.uka.ilkd.key.proof.init.ProofInputException: Could not find rule file rules/intRulesCheckedSemantics.key)
	at de.uka.ilkd.key.control.AbstractUserInterfaceControl.load(AbstractUserInterfaceControl.java:221)
	at de.uka.ilkd.key.control.KeYEnvironment.load(KeYEnvironment.java:251)
	at de.uka.ilkd.key.control.KeYEnvironment.load(KeYEnvironment.java:224)
	at de.uka.ilkd.key.control.KeYEnvironment.load(KeYEnvironment.java:184)
	at de.uka.ilkd.key.control.KeYEnvironment.load(KeYEnvironment.java:261)
	at de.uka.ilkd.key.proof.runallproofs.proofcollection.TestFile.load(TestFile.java:270)
	at de.uka.ilkd.key.proof.runallproofs.proofcollection.TestFile.runKey(TestFile.java:160)
	at de.uka.ilkd.key.proof.runallproofs.proofcollection.ForkedTestFileRunner.main(ForkedTestFileRunner.java:171)
Caused by: de.uka.ilkd.key.proof.init.ProofInputException: Could not find rule file rules/intRulesCheckedSemantics.key
	at de.uka.ilkd.key.proof.io.KeYFile.readIncludes(KeYFile.java:210)
	at de.uka.ilkd.key.proof.init.ProblemInitializer.readIncludes(ProblemInitializer.java:177)
	at de.uka.ilkd.key.proof.init.ProblemInitializer.readEnvInput(ProblemInitializer.java:325)
	at de.uka.ilkd.key.proof.init.ProblemInitializer.prepare(ProblemInitializer.java:449)
	at de.uka.ilkd.key.proof.io.AbstractProblemLoader.createInitConfig(AbstractProblemLoader.java:518)
	at de.uka.ilkd.key.proof.io.AbstractProblemLoader.loadEnvironment(AbstractProblemLoader.java:288)
	at de.uka.ilkd.key.proof.io.AbstractProblemLoader.load(AbstractProblemLoader.java:252)
	at de.uka.ilkd.key.control.AbstractUserInterfaceControl.load(AbstractUserInterfaceControl.java:209)
	... 7 more
Caused by: java.lang.RuntimeException: Could not find rule file rules/intRulesCheckedSemantics.key
	at de.uka.ilkd.key.proof.io.RuleSourceFactory.fromBuiltInRule(RuleSourceFactory.java:32)
	at de.uka.ilkd.key.proof.io.RuleSourceFactory.fromDefaultLocation(RuleSourceFactory.java:21)
	at de.uka.ilkd.key.nparser.builder.IncludeFinder.addInclude(IncludeFinder.java:63)
	at de.uka.ilkd.key.nparser.builder.IncludeFinder.visitOne_include(IncludeFinder.java:43)
	at de.uka.ilkd.key.nparser.builder.IncludeFinder.visitOne_include(IncludeFinder.java:20)
	at de.uka.ilkd.key.nparser.KeYParser$One_includeContext.accept(KeYParser.java:878)
	at de.uka.ilkd.key.nparser.builder.AbstractBuilder.lambda$mapOf$0(AbstractBuilder.java:112)
	at java.base/java.util.stream.ReferencePipeline$3$1.accept(ReferencePipeline.java:195)
	at java.base/java.util.ArrayList$ArrayListSpliterator.forEachRemaining(ArrayList.java:1655)
	at java.base/java.util.stream.AbstractPipeline.copyInto(AbstractPipeline.java:484)
	at java.base/java.util.stream.AbstractPipeline.wrapAndCopyInto(AbstractPipeline.java:474)
	at java.base/java.util.stream.ReduceOps$ReduceOp.evaluateSequential(ReduceOps.java:913)
	at java.base/java.util.stream.AbstractPipeline.evaluate(AbstractPipeline.java:234)
	at java.base/java.util.stream.ReferencePipeline.collect(ReferencePipeline.java:578)
	at de.uka.ilkd.key.nparser.builder.AbstractBuilder.mapOf(AbstractBuilder.java:112)
	at de.uka.ilkd.key.nparser.builder.IncludeFinder.visitOne_include_statement(IncludeFinder.java:35)
	at de.uka.ilkd.key.nparser.builder.IncludeFinder.visitOne_include_statement(IncludeFinder.java:20)
	at de.uka.ilkd.key.nparser.KeYParser$One_include_statementContext.accept(KeYParser.java:802)
	at org.antlr.v4.runtime.tree.AbstractParseTreeVisitor.visitChildren(AbstractParseTreeVisitor.java:46)
	at de.uka.ilkd.key.nparser.KeYParserBaseVisitor.visitDecls(KeYParserBaseVisitor.java:30)
	at de.uka.ilkd.key.nparser.KeYParser$DeclsContext.accept(KeYParser.java:500)
	at org.antlr.v4.runtime.tree.AbstractParseTreeVisitor.visitChildren(AbstractParseTreeVisitor.java:46)
	at de.uka.ilkd.key.nparser.KeYParserBaseVisitor.visitFile(KeYParserBaseVisitor.java:23)
	at de.uka.ilkd.key.nparser.KeYParser$FileContext.accept(KeYParser.java:306)
	at de.uka.ilkd.key.nparser.KeyAst.accept(KeyAst.java:41)
	at de.uka.ilkd.key.nparser.KeyAst$File.getIncludes(KeyAst.java:76)
	at de.uka.ilkd.key.proof.io.KeYFile.readIncludes(KeYFile.java:208)
	... 14 more
Could not find rule file rules/intRulesCheckedSemantics.key (file: /home/runner/work/key/key/key.core/../key.ui/examples/index/.././standard_key/java_dl/postConditionTaclets2.key; caused by: de.uka.ilkd.key.proof.init.ProofInputException: Could not find rule file rules/intRulesCheckedSemantics.key)
	at de.uka.ilkd.key.control.AbstractUserInterfaceControl.load(AbstractUserInterfaceControl.java:221)
	at de.uka.ilkd.key.control.KeYEnvironment.load(KeYEnvironment.java:251)
	at de.uka.ilkd.key.control.KeYEnvironment.load(KeYEnvironment.java:224)
	at de.uka.ilkd.key.control.KeYEnvironment.load(KeYEnvironment.java:184)
	at de.uka.ilkd.key.control.KeYEnvironment.load(KeYEnvironment.java:261)
	at de.uka.ilkd.key.proof.runallproofs.proofcollection.TestFile.load(TestFile.java:270)
	at de.uka.ilkd.key.proof.runallproofs.proofcollection.TestFile.runKey(TestFile.java:160)
	at de.uka.ilkd.key.proof.runallproofs.proofcollection.ForkedTestFileRunner.main(ForkedTestFileRunner.java:171)
Caused by: de.uka.ilkd.key.proof.init.ProofInputException: Could not find rule file rules/intRulesCheckedSemantics.key
	at de.uka.ilkd.key.proof.io.KeYFile.readIncludes(KeYFile.java:210)
	at de.uka.ilkd.key.proof.init.ProblemInitializer.readIncludes(ProblemInitializer.java:177)
	at de.uka.ilkd.key.proof.init.ProblemInitializer.readEnvInput(ProblemInitializer.java:325)
	at de.uka.ilkd.key.proof.init.ProblemInitializer.prepare(ProblemInitializer.java:449)
	at de.uka.ilkd.key.proof.io.AbstractProblemLoader.createInitConfig(AbstractProblemLoader.java:518)
	at de.uka.ilkd.key.proof.io.AbstractProblemLoader.loadEnvironment(AbstractProblemLoader.java:288)
	at de.uka.ilkd.key.proof.io.AbstractProblemLoader.load(AbstractProblemLoader.java:252)
	at de.uka.ilkd.key.control.AbstractUserInterfaceControl.load(AbstractUserInterfaceControl.java:209)
	... 7 more
Caused by: java.lang.RuntimeException: Could not find rule file rules/intRulesCheckedSemantics.key
	at de.uka.ilkd.key.proof.io.RuleSourceFactory.fromBuiltInRule(RuleSourceFactory.java:32)
	at de.uka.ilkd.key.proof.io.RuleSourceFactory.fromDefaultLocation(RuleSourceFactory.java:21)
	at de.uka.ilkd.key.nparser.builder.IncludeFinder.addInclude(IncludeFinder.java:63)
	at de.uka.ilkd.key.nparser.builder.IncludeFinder.visitOne_include(IncludeFinder.java:43)
	at de.uka.ilkd.key.nparser.builder.IncludeFinder.visitOne_include(IncludeFinder.java:20)
	at de.uka.ilkd.key.nparser.KeYParser$One_includeContext.accept(KeYParser.java:878)
	at de.uka.ilkd.key.nparser.builder.AbstractBuilder.lambda$mapOf$0(AbstractBuilder.java:112)
	at java.base/java.util.stream.ReferencePipeline$3$1.accept(ReferencePipeline.java:195)
	at java.base/java.util.ArrayList$ArrayListSpliterator.forEachRemaining(ArrayList.java:1655)
	at java.base/java.util.stream.AbstractPipeline.copyInto(AbstractPipeline.java:484)
	at java.base/java.util.stream.AbstractPipeline.wrapAndCopyInto(AbstractPipeline.java:474)
	at java.base/java.util.stream.ReduceOps$ReduceOp.evaluateSequential(ReduceOps.java:913)
	at java.base/java.util.stream.AbstractPipeline.evaluate(AbstractPipeline.java:234)
	at java.base/java.util.stream.ReferencePipeline.collect(ReferencePipeline.java:578)
	at de.uka.ilkd.key.nparser.builder.AbstractBuilder.mapOf(AbstractBuilder.java:112)
	at de.uka.ilkd.key.nparser.builder.IncludeFinder.visitOne_include_statement(IncludeFinder.java:35)
	at de.uka.ilkd.key.nparser.builder.IncludeFinder.visitOne_include_statement(IncludeFinder.java:20)
	at de.uka.ilkd.key.nparser.KeYParser$One_include_statementContext.accept(KeYParser.java:802)
	at org.antlr.v4.runtime.tree.AbstractParseTreeVisitor.visitChildren(AbstractParseTreeVisitor.java:46)
	at de.uka.ilkd.key.nparser.KeYParserBaseVisitor.visitDecls(KeYParserBaseVisitor.java:30)
	at de.uka.ilkd.key.nparser.KeYParser$DeclsContext.accept(KeYParser.java:500)
	at org.antlr.v4.runtime.tree.AbstractParseTreeVisitor.visitChildren(AbstractParseTreeVisitor.java:46)
	at de.uka.ilkd.key.nparser.KeYParserBaseVisitor.visitFile(KeYParserBaseVisitor.java:23)
	at de.uka.ilkd.key.nparser.KeYParser$FileContext.accept(KeYParser.java:306)
	at de.uka.ilkd.key.nparser.KeyAst.accept(KeyAst.java:41)
	at de.uka.ilkd.key.nparser.KeyAst$File.getIncludes(KeyAst.java:76)
	at de.uka.ilkd.key.proof.io.KeYFile.readIncludes(KeYFile.java:208)
	... 14 more
Could not find rule file rules/intRulesCheckedSemantics.key (file: /home/runner/work/key/key/key.core/../key.ui/examples/index/.././standard_key/java_dl/quantifiedQuery.key; caused by: de.uka.ilkd.key.proof.init.ProofInputException: Could not find rule file rules/intRulesCheckedSemantics.key)
	at de.uka.ilkd.key.control.AbstractUserInterfaceControl.load(AbstractUserInterfaceControl.java:221)
	at de.uka.ilkd.key.control.KeYEnvironment.load(KeYEnvironment.java:251)
	at de.uka.ilkd.key.control.KeYEnvironment.load(KeYEnvironment.java:224)
	at de.uka.ilkd.key.control.KeYEnvironment.load(KeYEnvironment.java:184)
	at de.uka.ilkd.key.control.KeYEnvironment.load(KeYEnvironment.java:261)
	at de.uka.ilkd.key.proof.runallproofs.proofcollection.TestFile.load(TestFile.java:270)
	at de.uka.ilkd.key.proof.runallproofs.proofcollection.TestFile.runKey(TestFile.java:160)
	at de.uka.ilkd.key.proof.runallproofs.proofcollection.ForkedTestFileRunner.main(ForkedTestFileRunner.java:171)
Caused by: de.uka.ilkd.key.proof.init.ProofInputException: Could not find rule file rules/intRulesCheckedSemantics.key
	at de.uka.ilkd.key.proof.io.KeYFile.readIncludes(KeYFile.java:210)
	at de.uka.ilkd.key.proof.init.ProblemInitializer.readIncludes(ProblemInitializer.java:177)
	at de.uka.ilkd.key.proof.init.ProblemInitializer.readEnvInput(ProblemInitializer.java:325)
	at de.uka.ilkd.key.proof.init.ProblemInitializer.prepare(ProblemInitializer.java:449)
	at de.uka.ilkd.key.proof.io.AbstractProblemLoader.createInitConfig(AbstractProblemLoader.java:518)
	at de.uka.ilkd.key.proof.io.AbstractProblemLoader.loadEnvironment(AbstractProblemLoader.java:288)
	at de.uka.ilkd.key.proof.io.AbstractProblemLoader.load(AbstractProblemLoader.java:252)
	at de.uka.ilkd.key.control.AbstractUserInterfaceControl.load(AbstractUserInterfaceControl.java:209)
	... 7 more
Caused by: java.lang.RuntimeException: Could not find rule file rules/intRulesCheckedSemantics.key
	at de.uka.ilkd.key.proof.io.RuleSourceFactory.fromBuiltInRule(RuleSourceFactory.java:32)
	at de.uka.ilkd.key.proof.io.RuleSourceFactory.fromDefaultLocation(RuleSourceFactory.java:21)
	at de.uka.ilkd.key.nparser.builder.IncludeFinder.addInclude(IncludeFinder.java:63)
	at de.uka.ilkd.key.nparser.builder.IncludeFinder.visitOne_include(IncludeFinder.java:43)
	at de.uka.ilkd.key.nparser.builder.IncludeFinder.visitOne_include(IncludeFinder.java:20)
	at de.uka.ilkd.key.nparser.KeYParser$One_includeContext.accept(KeYParser.java:878)
	at de.uka.ilkd.key.nparser.builder.AbstractBuilder.lambda$mapOf$0(AbstractBuilder.java:112)
	at java.base/java.util.stream.ReferencePipeline$3$1.accept(ReferencePipeline.java:195)
	at java.base/java.util.ArrayList$ArrayListSpliterator.forEachRemaining(ArrayList.java:1655)
	at java.base/java.util.stream.AbstractPipeline.copyInto(AbstractPipeline.java:484)
	at java.base/java.util.stream.AbstractPipeline.wrapAndCopyInto(AbstractPipeline.java:474)
	at java.base/java.util.stream.ReduceOps$ReduceOp.evaluateSequential(ReduceOps.java:913)
	at java.base/java.util.stream.AbstractPipeline.evaluate(AbstractPipeline.java:234)
	at java.base/java.util.stream.ReferencePipeline.collect(ReferencePipeline.java:578)
	at de.uka.ilkd.key.nparser.builder.AbstractBuilder.mapOf(AbstractBuilder.java:112)
	at de.uka.ilkd.key.nparser.builder.IncludeFinder.visitOne_include_statement(IncludeFinder.java:35)
	at de.uka.ilkd.key.nparser.builder.IncludeFinder.visitOne_include_statement(IncludeFinder.java:20)
	at de.uka.ilkd.key.nparser.KeYParser$One_include_statementContext.accept(KeYParser.java:802)
	at org.antlr.v4.runtime.tree.AbstractParseTreeVisitor.visitChildren(AbstractParseTreeVisitor.java:46)
	at de.uka.ilkd.key.nparser.KeYParserBaseVisitor.visitDecls(KeYParserBaseVisitor.java:30)
	at de.uka.ilkd.key.nparser.KeYParser$DeclsContext.accept(KeYParser.java:500)
	at org.antlr.v4.runtime.tree.AbstractParseTreeVisitor.visitChildren(AbstractParseTreeVisitor.java:46)
	at de.uka.ilkd.key.nparser.KeYParserBaseVisitor.visitFile(KeYParserBaseVisitor.java:23)
	at de.uka.ilkd.key.nparser.KeYParser$FileContext.accept(KeYParser.java:306)
	at de.uka.ilkd.key.nparser.KeyAst.accept(KeyAst.java:41)
	at de.uka.ilkd.key.nparser.KeyAst$File.getIncludes(KeyAst.java:76)
	at de.uka.ilkd.key.proof.io.KeYFile.readIncludes(KeYFile.java:208)
	... 14 more
Could not find rule file rules/intRulesCheckedSemantics.key (file: /home/runner/work/key/key/key.core/../key.ui/examples/index/.././standard_key/java_dl/recursion/triangular.key; caused by: de.uka.ilkd.key.proof.init.ProofInputException: Could not find rule file rules/intRulesCheckedSemantics.key)
	at de.uka.ilkd.key.control.AbstractUserInterfaceControl.load(AbstractUserInterfaceControl.java:221)
	at de.uka.ilkd.key.control.KeYEnvironment.load(KeYEnvironment.java:251)
	at de.uka.ilkd.key.control.KeYEnvironment.load(KeYEnvironment.java:224)
	at de.uka.ilkd.key.control.KeYEnvironment.load(KeYEnvironment.java:184)
	at de.uka.ilkd.key.control.KeYEnvironment.load(KeYEnvironment.java:261)
	at de.uka.ilkd.key.proof.runallproofs.proofcollection.TestFile.load(TestFile.java:270)
	at de.uka.ilkd.key.proof.runallproofs.proofcollection.TestFile.runKey(TestFile.java:160)
	at de.uka.ilkd.key.proof.runallproofs.proofcollection.ForkedTestFileRunner.main(ForkedTestFileRunner.java:171)
Caused by: de.uka.ilkd.key.proof.init.ProofInputException: Could not find rule file rules/intRulesCheckedSemantics.key
	at de.uka.ilkd.key.proof.io.KeYFile.readIncludes(KeYFile.java:210)
	at de.uka.ilkd.key.proof.init.ProblemInitializer.readIncludes(ProblemInitializer.java:177)
	at de.uka.ilkd.key.proof.init.ProblemInitializer.readEnvInput(ProblemInitializer.java:325)
	at de.uka.ilkd.key.proof.init.ProblemInitializer.prepare(ProblemInitializer.java:449)
	at de.uka.ilkd.key.proof.io.AbstractProblemLoader.createInitConfig(AbstractProblemLoader.java:518)
	at de.uka.ilkd.key.proof.io.AbstractProblemLoader.loadEnvironment(AbstractProblemLoader.java:288)
	at de.uka.ilkd.key.proof.io.AbstractProblemLoader.load(AbstractProblemLoader.java:252)
	at de.uka.ilkd.key.control.AbstractUserInterfaceControl.load(AbstractUserInterfaceControl.java:209)
	... 7 more
Caused by: java.lang.RuntimeException: Could not find rule file rules/intRulesCheckedSemantics.key
	at de.uka.ilkd.key.proof.io.RuleSourceFactory.fromBuiltInRule(RuleSourceFactory.java:32)
	at de.uka.ilkd.key.proof.io.RuleSourceFactory.fromDefaultLocation(RuleSourceFactory.java:21)
	at de.uka.ilkd.key.nparser.builder.IncludeFinder.addInclude(IncludeFinder.java:63)
	at de.uka.ilkd.key.nparser.builder.IncludeFinder.visitOne_include(IncludeFinder.java:43)
	at de.uka.ilkd.key.nparser.builder.IncludeFinder.visitOne_include(IncludeFinder.java:20)
	at de.uka.ilkd.key.nparser.KeYParser$One_includeContext.accept(KeYParser.java:878)
	at de.uka.ilkd.key.nparser.builder.AbstractBuilder.lambda$mapOf$0(AbstractBuilder.java:112)
	at java.base/java.util.stream.ReferencePipeline$3$1.accept(ReferencePipeline.java:195)
	at java.base/java.util.ArrayList$ArrayListSpliterator.forEachRemaining(ArrayList.java:1655)
	at java.base/java.util.stream.AbstractPipeline.copyInto(AbstractPipeline.java:484)
	at java.base/java.util.stream.AbstractPipeline.wrapAndCopyInto(AbstractPipeline.java:474)
	at java.base/java.util.stream.ReduceOps$ReduceOp.evaluateSequential(ReduceOps.java:913)
	at java.base/java.util.stream.AbstractPipeline.evaluate(AbstractPipeline.java:234)
	at java.base/java.util.stream.ReferencePipeline.collect(ReferencePipeline.java:578)
	at de.uka.ilkd.key.nparser.builder.AbstractBuilder.mapOf(AbstractBuilder.java:112)
	at de.uka.ilkd.key.nparser.builder.IncludeFinder.visitOne_include_statement(IncludeFinder.java:35)
	at de.uka.ilkd.key.nparser.builder.IncludeFinder.visitOne_include_statement(IncludeFinder.java:20)
	at de.uka.ilkd.key.nparser.KeYParser$One_include_statementContext.accept(KeYParser.java:802)
	at org.antlr.v4.runtime.tree.AbstractParseTreeVisitor.visitChildren(AbstractParseTreeVisitor.java:46)
	at de.uka.ilkd.key.nparser.KeYParserBaseVisitor.visitDecls(KeYParserBaseVisitor.java:30)
	at de.uka.ilkd.key.nparser.KeYParser$DeclsContext.accept(KeYParser.java:500)
	at org.antlr.v4.runtime.tree.AbstractParseTreeVisitor.visitChildren(AbstractParseTreeVisitor.java:46)
	at de.uka.ilkd.key.nparser.KeYParserBaseVisitor.visitFile(KeYParserBaseVisitor.java:23)
	at de.uka.ilkd.key.nparser.KeYParser$FileContext.accept(KeYParser.java:306)
	at de.uka.ilkd.key.nparser.KeyAst.accept(KeyAst.java:41)
	at de.uka.ilkd.key.nparser.KeyAst$File.getIncludes(KeyAst.java:76)
	at de.uka.ilkd.key.proof.io.KeYFile.readIncludes(KeYFile.java:208)
	... 14 more
Could not find rule file rules/intRulesCheckedSemantics.key (file: /home/runner/work/key/key/key.core/../key.ui/examples/index/.././standard_key/java_dl/reverseArray.key; caused by: de.uka.ilkd.key.proof.init.ProofInputException: Could not find rule file rules/intRulesCheckedSemantics.key)
	at de.uka.ilkd.key.control.AbstractUserInterfaceControl.load(AbstractUserInterfaceControl.java:221)
	at de.uka.ilkd.key.control.KeYEnvironment.load(KeYEnvironment.java:251)
	at de.uka.ilkd.key.control.KeYEnvironment.load(KeYEnvironment.java:224)
	at de.uka.ilkd.key.control.KeYEnvironment.load(KeYEnvironment.java:184)
	at de.uka.ilkd.key.control.KeYEnvironment.load(KeYEnvironment.java:261)
	at de.uka.ilkd.key.proof.runallproofs.proofcollection.TestFile.load(TestFile.java:270)
	at de.uka.ilkd.key.proof.runallproofs.proofcollection.TestFile.runKey(TestFile.java:160)
	at de.uka.ilkd.key.proof.runallproofs.proofcollection.ForkedTestFileRunner.main(ForkedTestFileRunner.java:171)
Caused by: de.uka.ilkd.key.proof.init.ProofInputException: Could not find rule file rules/intRulesCheckedSemantics.key
	at de.uka.ilkd.key.proof.io.KeYFile.readIncludes(KeYFile.java:210)
	at de.uka.ilkd.key.proof.init.ProblemInitializer.readIncludes(ProblemInitializer.java:177)
	at de.uka.ilkd.key.proof.init.ProblemInitializer.readEnvInput(ProblemInitializer.java:325)
	at de.uka.ilkd.key.proof.init.ProblemInitializer.prepare(ProblemInitializer.java:449)
	at de.uka.ilkd.key.proof.io.AbstractProblemLoader.createInitConfig(AbstractProblemLoader.java:518)
	at de.uka.ilkd.key.proof.io.AbstractProblemLoader.loadEnvironment(AbstractProblemLoader.java:288)
	at de.uka.ilkd.key.proof.io.AbstractProblemLoader.load(AbstractProblemLoader.java:252)
	at de.uka.ilkd.key.control.AbstractUserInterfaceControl.load(AbstractUserInterfaceControl.java:209)
	... 7 more
Caused by: java.lang.RuntimeException: Could not find rule file rules/intRulesCheckedSemantics.key
	at de.uka.ilkd.key.proof.io.RuleSourceFactory.fromBuiltInRule(RuleSourceFactory.java:32)
	at de.uka.ilkd.key.proof.io.RuleSourceFactory.fromDefaultLocation(RuleSourceFactory.java:21)
	at de.uka.ilkd.key.nparser.builder.IncludeFinder.addInclude(IncludeFinder.java:63)
	at de.uka.ilkd.key.nparser.builder.IncludeFinder.visitOne_include(IncludeFinder.java:43)
	at de.uka.ilkd.key.nparser.builder.IncludeFinder.visitOne_include(IncludeFinder.java:20)
	at de.uka.ilkd.key.nparser.KeYParser$One_includeContext.accept(KeYParser.java:878)
	at de.uka.ilkd.key.nparser.builder.AbstractBuilder.lambda$mapOf$0(AbstractBuilder.java:112)
	at java.base/java.util.stream.ReferencePipeline$3$1.accept(ReferencePipeline.java:195)
	at java.base/java.util.ArrayList$ArrayListSpliterator.forEachRemaining(ArrayList.java:1655)
	at java.base/java.util.stream.AbstractPipeline.copyInto(AbstractPipeline.java:484)
	at java.base/java.util.stream.AbstractPipeline.wrapAndCopyInto(AbstractPipeline.java:474)
	at java.base/java.util.stream.ReduceOps$ReduceOp.evaluateSequential(ReduceOps.java:913)
	at java.base/java.util.stream.AbstractPipeline.evaluate(AbstractPipeline.java:234)
	at java.base/java.util.stream.ReferencePipeline.collect(ReferencePipeline.java:578)
	at de.uka.ilkd.key.nparser.builder.AbstractBuilder.mapOf(AbstractBuilder.java:112)
	at de.uka.ilkd.key.nparser.builder.IncludeFinder.visitOne_include_statement(IncludeFinder.java:35)
	at de.uka.ilkd.key.nparser.builder.IncludeFinder.visitOne_include_statement(IncludeFinder.java:20)
	at de.uka.ilkd.key.nparser.KeYParser$One_include_statementContext.accept(KeYParser.java:802)
	at org.antlr.v4.runtime.tree.AbstractParseTreeVisitor.visitChildren(AbstractParseTreeVisitor.java:46)
	at de.uka.ilkd.key.nparser.KeYParserBaseVisitor.visitDecls(KeYParserBaseVisitor.java:30)
	at de.uka.ilkd.key.nparser.KeYParser$DeclsContext.accept(KeYParser.java:500)
	at org.antlr.v4.runtime.tree.AbstractParseTreeVisitor.visitChildren(AbstractParseTreeVisitor.java:46)
	at de.uka.ilkd.key.nparser.KeYParserBaseVisitor.visitFile(KeYParserBaseVisitor.java:23)
	at de.uka.ilkd.key.nparser.KeYParser$FileContext.accept(KeYParser.java:306)
	at de.uka.ilkd.key.nparser.KeyAst.accept(KeyAst.java:41)
	at de.uka.ilkd.key.nparser.KeyAst$File.getIncludes(KeyAst.java:76)
	at de.uka.ilkd.key.proof.io.KeYFile.readIncludes(KeYFile.java:208)
	... 14 more
Could not find rule file rules/intRulesCheckedSemantics.key (file: /home/runner/work/key/key/key.core/../key.ui/examples/index/.././standard_key/java_dl/reverseArray2.key; caused by: de.uka.ilkd.key.proof.init.ProofInputException: Could not find rule file rules/intRulesCheckedSemantics.key)
	at de.uka.ilkd.key.control.AbstractUserInterfaceControl.load(AbstractUserInterfaceControl.java:221)
	at de.uka.ilkd.key.control.KeYEnvironment.load(KeYEnvironment.java:251)
	at de.uka.ilkd.key.control.KeYEnvironment.load(KeYEnvironment.java:224)
	at de.uka.ilkd.key.control.KeYEnvironment.load(KeYEnvironment.java:184)
	at de.uka.ilkd.key.control.KeYEnvironment.load(KeYEnvironment.java:261)
	at de.uka.ilkd.key.proof.runallproofs.proofcollection.TestFile.load(TestFile.java:270)
	at de.uka.ilkd.key.proof.runallproofs.proofcollection.TestFile.runKey(TestFile.java:160)
	at de.uka.ilkd.key.proof.runallproofs.proofcollection.ForkedTestFileRunner.main(ForkedTestFileRunner.java:171)
Caused by: de.uka.ilkd.key.proof.init.ProofInputException: Could not find rule file rules/intRulesCheckedSemantics.key
	at de.uka.ilkd.key.proof.io.KeYFile.readIncludes(KeYFile.java:210)
	at de.uka.ilkd.key.proof.init.ProblemInitializer.readIncludes(ProblemInitializer.java:177)
	at de.uka.ilkd.key.proof.init.ProblemInitializer.readEnvInput(ProblemInitializer.java:325)
	at de.uka.ilkd.key.proof.init.ProblemInitializer.prepare(ProblemInitializer.java:449)
	at de.uka.ilkd.key.proof.io.AbstractProblemLoader.createInitConfig(AbstractProblemLoader.java:518)
	at de.uka.ilkd.key.proof.io.AbstractProblemLoader.loadEnvironment(AbstractProblemLoader.java:288)
	at de.uka.ilkd.key.proof.io.AbstractProblemLoader.load(AbstractProblemLoader.java:252)
	at de.uka.ilkd.key.control.AbstractUserInterfaceControl.load(AbstractUserInterfaceControl.java:209)
	... 7 more
Caused by: java.lang.RuntimeException: Could not find rule file rules/intRulesCheckedSemantics.key
	at de.uka.ilkd.key.proof.io.RuleSourceFactory.fromBuiltInRule(RuleSourceFactory.java:32)
	at de.uka.ilkd.key.proof.io.RuleSourceFactory.fromDefaultLocation(RuleSourceFactory.java:21)
	at de.uka.ilkd.key.nparser.builder.IncludeFinder.addInclude(IncludeFinder.java:63)
	at de.uka.ilkd.key.nparser.builder.IncludeFinder.visitOne_include(IncludeFinder.java:43)
	at de.uka.ilkd.key.nparser.builder.IncludeFinder.visitOne_include(IncludeFinder.java:20)
	at de.uka.ilkd.key.nparser.KeYParser$One_includeContext.accept(KeYParser.java:878)
	at de.uka.ilkd.key.nparser.builder.AbstractBuilder.lambda$mapOf$0(AbstractBuilder.java:112)
	at java.base/java.util.stream.ReferencePipeline$3$1.accept(ReferencePipeline.java:195)
	at java.base/java.util.ArrayList$ArrayListSpliterator.forEachRemaining(ArrayList.java:1655)
	at java.base/java.util.stream.AbstractPipeline.copyInto(AbstractPipeline.java:484)
	at java.base/java.util.stream.AbstractPipeline.wrapAndCopyInto(AbstractPipeline.java:474)
	at java.base/java.util.stream.ReduceOps$ReduceOp.evaluateSequential(ReduceOps.java:913)
	at java.base/java.util.stream.AbstractPipeline.evaluate(AbstractPipeline.java:234)
	at java.base/java.util.stream.ReferencePipeline.collect(ReferencePipeline.java:578)
	at de.uka.ilkd.key.nparser.builder.AbstractBuilder.mapOf(AbstractBuilder.java:112)
	at de.uka.ilkd.key.nparser.builder.IncludeFinder.visitOne_include_statement(IncludeFinder.java:35)
	at de.uka.ilkd.key.nparser.builder.IncludeFinder.visitOne_include_statement(IncludeFinder.java:20)
	at de.uka.ilkd.key.nparser.KeYParser$One_include_statementContext.accept(KeYParser.java:802)
	at org.antlr.v4.runtime.tree.AbstractParseTreeVisitor.visitChildren(AbstractParseTreeVisitor.java:46)
	at de.uka.ilkd.key.nparser.KeYParserBaseVisitor.visitDecls(KeYParserBaseVisitor.java:30)
	at de.uka.ilkd.key.nparser.KeYParser$DeclsContext.accept(KeYParser.java:500)
	at org.antlr.v4.runtime.tree.AbstractParseTreeVisitor.visitChildren(AbstractParseTreeVisitor.java:46)
	at de.uka.ilkd.key.nparser.KeYParserBaseVisitor.visitFile(KeYParserBaseVisitor.java:23)
	at de.uka.ilkd.key.nparser.KeYParser$FileContext.accept(KeYParser.java:306)
	at de.uka.ilkd.key.nparser.KeyAst.accept(KeyAst.java:41)
	at de.uka.ilkd.key.nparser.KeyAst$File.getIncludes(KeyAst.java:76)
	at de.uka.ilkd.key.proof.io.KeYFile.readIncludes(KeYFile.java:208)
	... 14 more
Could not find rule file rules/intRulesCheckedSemantics.key (file: /home/runner/work/key/key/key.core/../key.ui/examples/index/.././standard_key/java_dl/simpleAssignment.key; caused by: de.uka.ilkd.key.proof.init.ProofInputException: Could not find rule file rules/intRulesCheckedSemantics.key)
	at de.uka.ilkd.key.control.AbstractUserInterfaceControl.load(AbstractUserInterfaceControl.java:221)
	at de.uka.ilkd.key.control.KeYEnvironment.load(KeYEnvironment.java:251)
	at de.uka.ilkd.key.control.KeYEnvironment.load(KeYEnvironment.java:224)
	at de.uka.ilkd.key.control.KeYEnvironment.load(KeYEnvironment.java:184)
	at de.uka.ilkd.key.control.KeYEnvironment.load(KeYEnvironment.java:261)
	at de.uka.ilkd.key.proof.runallproofs.proofcollection.TestFile.load(TestFile.java:270)
	at de.uka.ilkd.key.proof.runallproofs.proofcollection.TestFile.runKey(TestFile.java:160)
	at de.uka.ilkd.key.proof.runallproofs.proofcollection.ForkedTestFileRunner.main(ForkedTestFileRunner.java:171)
Caused by: de.uka.ilkd.key.proof.init.ProofInputException: Could not find rule file rules/intRulesCheckedSemantics.key
	at de.uka.ilkd.key.proof.io.KeYFile.readIncludes(KeYFile.java:210)
	at de.uka.ilkd.key.proof.init.ProblemInitializer.readIncludes(ProblemInitializer.java:177)
	at de.uka.ilkd.key.proof.init.ProblemInitializer.readEnvInput(ProblemInitializer.java:325)
	at de.uka.ilkd.key.proof.init.ProblemInitializer.prepare(ProblemInitializer.java:449)
	at de.uka.ilkd.key.proof.io.AbstractProblemLoader.createInitConfig(AbstractProblemLoader.java:518)
	at de.uka.ilkd.key.proof.io.AbstractProblemLoader.loadEnvironment(AbstractProblemLoader.java:288)
	at de.uka.ilkd.key.proof.io.AbstractProblemLoader.load(AbstractProblemLoader.java:252)
	at de.uka.ilkd.key.control.AbstractUserInterfaceControl.load(AbstractUserInterfaceControl.java:209)
	... 7 more
Caused by: java.lang.RuntimeException: Could not find rule file rules/intRulesCheckedSemantics.key
	at de.uka.ilkd.key.proof.io.RuleSourceFactory.fromBuiltInRule(RuleSourceFactory.java:32)
	at de.uka.ilkd.key.proof.io.RuleSourceFactory.fromDefaultLocation(RuleSourceFactory.java:21)
	at de.uka.ilkd.key.nparser.builder.IncludeFinder.addInclude(IncludeFinder.java:63)
	at de.uka.ilkd.key.nparser.builder.IncludeFinder.visitOne_include(IncludeFinder.java:43)
	at de.uka.ilkd.key.nparser.builder.IncludeFinder.visitOne_include(IncludeFinder.java:20)
	at de.uka.ilkd.key.nparser.KeYParser$One_includeContext.accept(KeYParser.java:878)
	at de.uka.ilkd.key.nparser.builder.AbstractBuilder.lambda$mapOf$0(AbstractBuilder.java:112)
	at java.base/java.util.stream.ReferencePipeline$3$1.accept(ReferencePipeline.java:195)
	at java.base/java.util.ArrayList$ArrayListSpliterator.forEachRemaining(ArrayList.java:1655)
	at java.base/java.util.stream.AbstractPipeline.copyInto(AbstractPipeline.java:484)
	at java.base/java.util.stream.AbstractPipeline.wrapAndCopyInto(AbstractPipeline.java:474)
	at java.base/java.util.stream.ReduceOps$ReduceOp.evaluateSequential(ReduceOps.java:913)
	at java.base/java.util.stream.AbstractPipeline.evaluate(AbstractPipeline.java:234)
	at java.base/java.util.stream.ReferencePipeline.collect(ReferencePipeline.java:578)
	at de.uka.ilkd.key.nparser.builder.AbstractBuilder.mapOf(AbstractBuilder.java:112)
	at de.uka.ilkd.key.nparser.builder.IncludeFinder.visitOne_include_statement(IncludeFinder.java:35)
	at de.uka.ilkd.key.nparser.builder.IncludeFinder.visitOne_include_statement(IncludeFinder.java:20)
	at de.uka.ilkd.key.nparser.KeYParser$One_include_statementContext.accept(KeYParser.java:802)
	at org.antlr.v4.runtime.tree.AbstractParseTreeVisitor.visitChildren(AbstractParseTreeVisitor.java:46)
	at de.uka.ilkd.key.nparser.KeYParserBaseVisitor.visitDecls(KeYParserBaseVisitor.java:30)
	at de.uka.ilkd.key.nparser.KeYParser$DeclsContext.accept(KeYParser.java:500)
	at org.antlr.v4.runtime.tree.AbstractParseTreeVisitor.visitChildren(AbstractParseTreeVisitor.java:46)
	at de.uka.ilkd.key.nparser.KeYParserBaseVisitor.visitFile(KeYParserBaseVisitor.java:23)
	at de.uka.ilkd.key.nparser.KeYParser$FileContext.accept(KeYParser.java:306)
	at de.uka.ilkd.key.nparser.KeyAst.accept(KeyAst.java:41)
	at de.uka.ilkd.key.nparser.KeyAst$File.getIncludes(KeyAst.java:76)
	at de.uka.ilkd.key.proof.io.KeYFile.readIncludes(KeYFile.java:208)
	... 14 more
Could not find rule file rules/intRulesCheckedSemantics.key (file: /home/runner/work/key/key/key.core/../key.ui/examples/index/.././standard_key/java_dl/simpleAssignment2.key; caused by: de.uka.ilkd.key.proof.init.ProofInputException: Could not find rule file rules/intRulesCheckedSemantics.key)
	at de.uka.ilkd.key.control.AbstractUserInterfaceControl.load(AbstractUserInterfaceControl.java:221)
	at de.uka.ilkd.key.control.KeYEnvironment.load(KeYEnvironment.java:251)
	at de.uka.ilkd.key.control.KeYEnvironment.load(KeYEnvironment.java:224)
	at de.uka.ilkd.key.control.KeYEnvironment.load(KeYEnvironment.java:184)
	at de.uka.ilkd.key.control.KeYEnvironment.load(KeYEnvironment.java:261)
	at de.uka.ilkd.key.proof.runallproofs.proofcollection.TestFile.load(TestFile.java:270)
	at de.uka.ilkd.key.proof.runallproofs.proofcollection.TestFile.runKey(TestFile.java:160)
	at de.uka.ilkd.key.proof.runallproofs.proofcollection.ForkedTestFileRunner.main(ForkedTestFileRunner.java:171)
Caused by: de.uka.ilkd.key.proof.init.ProofInputException: Could not find rule file rules/intRulesCheckedSemantics.key
	at de.uka.ilkd.key.proof.io.KeYFile.readIncludes(KeYFile.java:210)
	at de.uka.ilkd.key.proof.init.ProblemInitializer.readIncludes(ProblemInitializer.java:177)
	at de.uka.ilkd.key.proof.init.ProblemInitializer.readEnvInput(ProblemInitializer.java:325)
	at de.uka.ilkd.key.proof.init.ProblemInitializer.prepare(ProblemInitializer.java:449)
	at de.uka.ilkd.key.proof.io.AbstractProblemLoader.createInitConfig(AbstractProblemLoader.java:518)
	at de.uka.ilkd.key.proof.io.AbstractProblemLoader.loadEnvironment(AbstractProblemLoader.java:288)
	at de.uka.ilkd.key.proof.io.AbstractProblemLoader.load(AbstractProblemLoader.java:252)
	at de.uka.ilkd.key.control.AbstractUserInterfaceControl.load(AbstractUserInterfaceControl.java:209)
	... 7 more
Caused by: java.lang.RuntimeException: Could not find rule file rules/intRulesCheckedSemantics.key
	at de.uka.ilkd.key.proof.io.RuleSourceFactory.fromBuiltInRule(RuleSourceFactory.java:32)
	at de.uka.ilkd.key.proof.io.RuleSourceFactory.fromDefaultLocation(RuleSourceFactory.java:21)
	at de.uka.ilkd.key.nparser.builder.IncludeFinder.addInclude(IncludeFinder.java:63)
	at de.uka.ilkd.key.nparser.builder.IncludeFinder.visitOne_include(IncludeFinder.java:43)
	at de.uka.ilkd.key.nparser.builder.IncludeFinder.visitOne_include(IncludeFinder.java:20)
	at de.uka.ilkd.key.nparser.KeYParser$One_includeContext.accept(KeYParser.java:878)
	at de.uka.ilkd.key.nparser.builder.AbstractBuilder.lambda$mapOf$0(AbstractBuilder.java:112)
	at java.base/java.util.stream.ReferencePipeline$3$1.accept(ReferencePipeline.java:195)
	at java.base/java.util.ArrayList$ArrayListSpliterator.forEachRemaining(ArrayList.java:1655)
	at java.base/java.util.stream.AbstractPipeline.copyInto(AbstractPipeline.java:484)
	at java.base/java.util.stream.AbstractPipeline.wrapAndCopyInto(AbstractPipeline.java:474)
	at java.base/java.util.stream.ReduceOps$ReduceOp.evaluateSequential(ReduceOps.java:913)
	at java.base/java.util.stream.AbstractPipeline.evaluate(AbstractPipeline.java:234)
	at java.base/java.util.stream.ReferencePipeline.collect(ReferencePipeline.java:578)
	at de.uka.ilkd.key.nparser.builder.AbstractBuilder.mapOf(AbstractBuilder.java:112)
	at de.uka.ilkd.key.nparser.builder.IncludeFinder.visitOne_include_statement(IncludeFinder.java:35)
	at de.uka.ilkd.key.nparser.builder.IncludeFinder.visitOne_include_statement(IncludeFinder.java:20)
	at de.uka.ilkd.key.nparser.KeYParser$One_include_statementContext.accept(KeYParser.java:802)
	at org.antlr.v4.runtime.tree.AbstractParseTreeVisitor.visitChildren(AbstractParseTreeVisitor.java:46)
	at de.uka.ilkd.key.nparser.KeYParserBaseVisitor.visitDecls(KeYParserBaseVisitor.java:30)
	at de.uka.ilkd.key.nparser.KeYParser$DeclsContext.accept(KeYParser.java:500)
	at org.antlr.v4.runtime.tree.AbstractParseTreeVisitor.visitChildren(AbstractParseTreeVisitor.java:46)
	at de.uka.ilkd.key.nparser.KeYParserBaseVisitor.visitFile(KeYParserBaseVisitor.java:23)
	at de.uka.ilkd.key.nparser.KeYParser$FileContext.accept(KeYParser.java:306)
	at de.uka.ilkd.key.nparser.KeyAst.accept(KeyAst.java:41)
	at de.uka.ilkd.key.nparser.KeyAst$File.getIncludes(KeyAst.java:76)
	at de.uka.ilkd.key.proof.io.KeYFile.readIncludes(KeYFile.java:208)
	... 14 more
Could not find rule file rules/intRulesCheckedSemantics.key (file: /home/runner/work/key/key/key.core/../key.ui/examples/index/.././standard_key/java_dl/splittingWithQueries.key; caused by: de.uka.ilkd.key.proof.init.ProofInputException: Could not find rule file rules/intRulesCheckedSemantics.key)
	at de.uka.ilkd.key.control.AbstractUserInterfaceControl.load(AbstractUserInterfaceControl.java:221)
	at de.uka.ilkd.key.control.KeYEnvironment.load(KeYEnvironment.java:251)
	at de.uka.ilkd.key.control.KeYEnvironment.load(KeYEnvironment.java:224)
	at de.uka.ilkd.key.control.KeYEnvironment.load(KeYEnvironment.java:184)
	at de.uka.ilkd.key.control.KeYEnvironment.load(KeYEnvironment.java:261)
	at de.uka.ilkd.key.proof.runallproofs.proofcollection.TestFile.load(TestFile.java:270)
	at de.uka.ilkd.key.proof.runallproofs.proofcollection.TestFile.runKey(TestFile.java:160)
	at de.uka.ilkd.key.proof.runallproofs.proofcollection.ForkedTestFileRunner.main(ForkedTestFileRunner.java:171)
Caused by: de.uka.ilkd.key.proof.init.ProofInputException: Could not find rule file rules/intRulesCheckedSemantics.key
	at de.uka.ilkd.key.proof.io.KeYFile.readIncludes(KeYFile.java:210)
	at de.uka.ilkd.key.proof.init.ProblemInitializer.readIncludes(ProblemInitializer.java:177)
	at de.uka.ilkd.key.proof.init.ProblemInitializer.readEnvInput(ProblemInitializer.java:325)
	at de.uka.ilkd.key.proof.init.ProblemInitializer.prepare(ProblemInitializer.java:449)
	at de.uka.ilkd.key.proof.io.AbstractProblemLoader.createInitConfig(AbstractProblemLoader.java:518)
	at de.uka.ilkd.key.proof.io.AbstractProblemLoader.loadEnvironment(AbstractProblemLoader.java:288)
	at de.uka.ilkd.key.proof.io.AbstractProblemLoader.load(AbstractProblemLoader.java:252)
	at de.uka.ilkd.key.control.AbstractUserInterfaceControl.load(AbstractUserInterfaceControl.java:209)
	... 7 more
Caused by: java.lang.RuntimeException: Could not find rule file rules/intRulesCheckedSemantics.key
	at de.uka.ilkd.key.proof.io.RuleSourceFactory.fromBuiltInRule(RuleSourceFactory.java:32)
	at de.uka.ilkd.key.proof.io.RuleSourceFactory.fromDefaultLocation(RuleSourceFactory.java:21)
	at de.uka.ilkd.key.nparser.builder.IncludeFinder.addInclude(IncludeFinder.java:63)
	at de.uka.ilkd.key.nparser.builder.IncludeFinder.visitOne_include(IncludeFinder.java:43)
	at de.uka.ilkd.key.nparser.builder.IncludeFinder.visitOne_include(IncludeFinder.java:20)
	at de.uka.ilkd.key.nparser.KeYParser$One_includeContext.accept(KeYParser.java:878)
	at de.uka.ilkd.key.nparser.builder.AbstractBuilder.lambda$mapOf$0(AbstractBuilder.java:112)
	at java.base/java.util.stream.ReferencePipeline$3$1.accept(ReferencePipeline.java:195)
	at java.base/java.util.ArrayList$ArrayListSpliterator.forEachRemaining(ArrayList.java:1655)
	at java.base/java.util.stream.AbstractPipeline.copyInto(AbstractPipeline.java:484)
	at java.base/java.util.stream.AbstractPipeline.wrapAndCopyInto(AbstractPipeline.java:474)
	at java.base/java.util.stream.ReduceOps$ReduceOp.evaluateSequential(ReduceOps.java:913)
	at java.base/java.util.stream.AbstractPipeline.evaluate(AbstractPipeline.java:234)
	at java.base/java.util.stream.ReferencePipeline.collect(ReferencePipeline.java:578)
	at de.uka.ilkd.key.nparser.builder.AbstractBuilder.mapOf(AbstractBuilder.java:112)
	at de.uka.ilkd.key.nparser.builder.IncludeFinder.visitOne_include_statement(IncludeFinder.java:35)
	at de.uka.ilkd.key.nparser.builder.IncludeFinder.visitOne_include_statement(IncludeFinder.java:20)
	at de.uka.ilkd.key.nparser.KeYParser$One_include_statementContext.accept(KeYParser.java:802)
	at org.antlr.v4.runtime.tree.AbstractParseTreeVisitor.visitChildren(AbstractParseTreeVisitor.java:46)
	at de.uka.ilkd.key.nparser.KeYParserBaseVisitor.visitDecls(KeYParserBaseVisitor.java:30)
	at de.uka.ilkd.key.nparser.KeYParser$DeclsContext.accept(KeYParser.java:500)
	at org.antlr.v4.runtime.tree.AbstractParseTreeVisitor.visitChildren(AbstractParseTreeVisitor.java:46)
	at de.uka.ilkd.key.nparser.KeYParserBaseVisitor.visitFile(KeYParserBaseVisitor.java:23)
	at de.uka.ilkd.key.nparser.KeYParser$FileContext.accept(KeYParser.java:306)
	at de.uka.ilkd.key.nparser.KeyAst.accept(KeyAst.java:41)
	at de.uka.ilkd.key.nparser.KeyAst$File.getIncludes(KeyAst.java:76)
	at de.uka.ilkd.key.proof.io.KeYFile.readIncludes(KeYFile.java:208)
	... 14 more
Could not find rule file rules/intRulesCheckedSemantics.key (file: /home/runner/work/key/key/key.core/../key.ui/examples/index/.././standard_key/java_dl/strassen/strassen.key; caused by: de.uka.ilkd.key.proof.init.ProofInputException: Could not find rule file rules/intRulesCheckedSemantics.key)
	at de.uka.ilkd.key.control.AbstractUserInterfaceControl.load(AbstractUserInterfaceControl.java:221)
	at de.uka.ilkd.key.control.KeYEnvironment.load(KeYEnvironment.java:251)
	at de.uka.ilkd.key.control.KeYEnvironment.load(KeYEnvironment.java:224)
	at de.uka.ilkd.key.control.KeYEnvironment.load(KeYEnvironment.java:184)
	at de.uka.ilkd.key.control.KeYEnvironment.load(KeYEnvironment.java:261)
	at de.uka.ilkd.key.proof.runallproofs.proofcollection.TestFile.load(TestFile.java:270)
	at de.uka.ilkd.key.proof.runallproofs.proofcollection.TestFile.runKey(TestFile.java:160)
	at de.uka.ilkd.key.proof.runallproofs.proofcollection.ForkedTestFileRunner.main(ForkedTestFileRunner.java:171)
Caused by: de.uka.ilkd.key.proof.init.ProofInputException: Could not find rule file rules/intRulesCheckedSemantics.key
	at de.uka.ilkd.key.proof.io.KeYFile.readIncludes(KeYFile.java:210)
	at de.uka.ilkd.key.proof.init.ProblemInitializer.readIncludes(ProblemInitializer.java:177)
	at de.uka.ilkd.key.proof.init.ProblemInitializer.readEnvInput(ProblemInitializer.java:325)
	at de.uka.ilkd.key.proof.init.ProblemInitializer.prepare(ProblemInitializer.java:449)
	at de.uka.ilkd.key.proof.io.AbstractProblemLoader.createInitConfig(AbstractProblemLoader.java:518)
	at de.uka.ilkd.key.proof.io.AbstractProblemLoader.loadEnvironment(AbstractProblemLoader.java:288)
	at de.uka.ilkd.key.proof.io.AbstractProblemLoader.load(AbstractProblemLoader.java:252)
	at de.uka.ilkd.key.control.AbstractUserInterfaceControl.load(AbstractUserInterfaceControl.java:209)
	... 7 more
Caused by: java.lang.RuntimeException: Could not find rule file rules/intRulesCheckedSemantics.key
	at de.uka.ilkd.key.proof.io.RuleSourceFactory.fromBuiltInRule(RuleSourceFactory.java:32)
	at de.uka.ilkd.key.proof.io.RuleSourceFactory.fromDefaultLocation(RuleSourceFactory.java:21)
	at de.uka.ilkd.key.nparser.builder.IncludeFinder.addInclude(IncludeFinder.java:63)
	at de.uka.ilkd.key.nparser.builder.IncludeFinder.visitOne_include(IncludeFinder.java:43)
	at de.uka.ilkd.key.nparser.builder.IncludeFinder.visitOne_include(IncludeFinder.java:20)
	at de.uka.ilkd.key.nparser.KeYParser$One_includeContext.accept(KeYParser.java:878)
	at de.uka.ilkd.key.nparser.builder.AbstractBuilder.lambda$mapOf$0(AbstractBuilder.java:112)
	at java.base/java.util.stream.ReferencePipeline$3$1.accept(ReferencePipeline.java:195)
	at java.base/java.util.ArrayList$ArrayListSpliterator.forEachRemaining(ArrayList.java:1655)
	at java.base/java.util.stream.AbstractPipeline.copyInto(AbstractPipeline.java:484)
	at java.base/java.util.stream.AbstractPipeline.wrapAndCopyInto(AbstractPipeline.java:474)
	at java.base/java.util.stream.ReduceOps$ReduceOp.evaluateSequential(ReduceOps.java:913)
	at java.base/java.util.stream.AbstractPipeline.evaluate(AbstractPipeline.java:234)
	at java.base/java.util.stream.ReferencePipeline.collect(ReferencePipeline.java:578)
	at de.uka.ilkd.key.nparser.builder.AbstractBuilder.mapOf(AbstractBuilder.java:112)
	at de.uka.ilkd.key.nparser.builder.IncludeFinder.visitOne_include_statement(IncludeFinder.java:35)
	at de.uka.ilkd.key.nparser.builder.IncludeFinder.visitOne_include_statement(IncludeFinder.java:20)
	at de.uka.ilkd.key.nparser.KeYParser$One_include_statementContext.accept(KeYParser.java:802)
	at org.antlr.v4.runtime.tree.AbstractParseTreeVisitor.visitChildren(AbstractParseTreeVisitor.java:46)
	at de.uka.ilkd.key.nparser.KeYParserBaseVisitor.visitDecls(KeYParserBaseVisitor.java:30)
	at de.uka.ilkd.key.nparser.KeYParser$DeclsContext.accept(KeYParser.java:500)
	at org.antlr.v4.runtime.tree.AbstractParseTreeVisitor.visitChildren(AbstractParseTreeVisitor.java:46)
	at de.uka.ilkd.key.nparser.KeYParserBaseVisitor.visitFile(KeYParserBaseVisitor.java:23)
	at de.uka.ilkd.key.nparser.KeYParser$FileContext.accept(KeYParser.java:306)
	at de.uka.ilkd.key.nparser.KeyAst.accept(KeyAst.java:41)
	at de.uka.ilkd.key.nparser.KeyAst$File.getIncludes(KeyAst.java:76)
	at de.uka.ilkd.key.proof.io.KeYFile.readIncludes(KeYFile.java:208)
	... 14 more
Could not find rule file rules/intRulesCheckedSemantics.key (file: /home/runner/work/key/key/key.core/../key.ui/examples/index/.././standard_key/java_dl/symmArray.key; caused by: de.uka.ilkd.key.proof.init.ProofInputException: Could not find rule file rules/intRulesCheckedSemantics.key)
	at de.uka.ilkd.key.control.AbstractUserInterfaceControl.load(AbstractUserInterfaceControl.java:221)
	at de.uka.ilkd.key.control.KeYEnvironment.load(KeYEnvironment.java:251)
	at de.uka.ilkd.key.control.KeYEnvironment.load(KeYEnvironment.java:224)
	at de.uka.ilkd.key.control.KeYEnvironment.load(KeYEnvironment.java:184)
	at de.uka.ilkd.key.control.KeYEnvironment.load(KeYEnvironment.java:261)
	at de.uka.ilkd.key.proof.runallproofs.proofcollection.TestFile.load(TestFile.java:270)
	at de.uka.ilkd.key.proof.runallproofs.proofcollection.TestFile.runKey(TestFile.java:160)
	at de.uka.ilkd.key.proof.runallproofs.proofcollection.ForkedTestFileRunner.main(ForkedTestFileRunner.java:171)
Caused by: de.uka.ilkd.key.proof.init.ProofInputException: Could not find rule file rules/intRulesCheckedSemantics.key
	at de.uka.ilkd.key.proof.io.KeYFile.readIncludes(KeYFile.java:210)
	at de.uka.ilkd.key.proof.init.ProblemInitializer.readIncludes(ProblemInitializer.java:177)
	at de.uka.ilkd.key.proof.init.ProblemInitializer.readEnvInput(ProblemInitializer.java:325)
	at de.uka.ilkd.key.proof.init.ProblemInitializer.prepare(ProblemInitializer.java:449)
	at de.uka.ilkd.key.proof.io.AbstractProblemLoader.createInitConfig(AbstractProblemLoader.java:518)
	at de.uka.ilkd.key.proof.io.AbstractProblemLoader.loadEnvironment(AbstractProblemLoader.java:288)
	at de.uka.ilkd.key.proof.io.AbstractProblemLoader.load(AbstractProblemLoader.java:252)
	at de.uka.ilkd.key.control.AbstractUserInterfaceControl.load(AbstractUserInterfaceControl.java:209)
	... 7 more
Caused by: java.lang.RuntimeException: Could not find rule file rules/intRulesCheckedSemantics.key
	at de.uka.ilkd.key.proof.io.RuleSourceFactory.fromBuiltInRule(RuleSourceFactory.java:32)
	at de.uka.ilkd.key.proof.io.RuleSourceFactory.fromDefaultLocation(RuleSourceFactory.java:21)
	at de.uka.ilkd.key.nparser.builder.IncludeFinder.addInclude(IncludeFinder.java:63)
	at de.uka.ilkd.key.nparser.builder.IncludeFinder.visitOne_include(IncludeFinder.java:43)
	at de.uka.ilkd.key.nparser.builder.IncludeFinder.visitOne_include(IncludeFinder.java:20)
	at de.uka.ilkd.key.nparser.KeYParser$One_includeContext.accept(KeYParser.java:878)
	at de.uka.ilkd.key.nparser.builder.AbstractBuilder.lambda$mapOf$0(AbstractBuilder.java:112)
	at java.base/java.util.stream.ReferencePipeline$3$1.accept(ReferencePipeline.java:195)
	at java.base/java.util.ArrayList$ArrayListSpliterator.forEachRemaining(ArrayList.java:1655)
	at java.base/java.util.stream.AbstractPipeline.copyInto(AbstractPipeline.java:484)
	at java.base/java.util.stream.AbstractPipeline.wrapAndCopyInto(AbstractPipeline.java:474)
	at java.base/java.util.stream.ReduceOps$ReduceOp.evaluateSequential(ReduceOps.java:913)
	at java.base/java.util.stream.AbstractPipeline.evaluate(AbstractPipeline.java:234)
	at java.base/java.util.stream.ReferencePipeline.collect(ReferencePipeline.java:578)
	at de.uka.ilkd.key.nparser.builder.AbstractBuilder.mapOf(AbstractBuilder.java:112)
	at de.uka.ilkd.key.nparser.builder.IncludeFinder.visitOne_include_statement(IncludeFinder.java:35)
	at de.uka.ilkd.key.nparser.builder.IncludeFinder.visitOne_include_statement(IncludeFinder.java:20)
	at de.uka.ilkd.key.nparser.KeYParser$One_include_statementContext.accept(KeYParser.java:802)
	at org.antlr.v4.runtime.tree.AbstractParseTreeVisitor.visitChildren(AbstractParseTreeVisitor.java:46)
	at de.uka.ilkd.key.nparser.KeYParserBaseVisitor.visitDecls(KeYParserBaseVisitor.java:30)
	at de.uka.ilkd.key.nparser.KeYParser$DeclsContext.accept(KeYParser.java:500)
	at org.antlr.v4.runtime.tree.AbstractParseTreeVisitor.visitChildren(AbstractParseTreeVisitor.java:46)
	at de.uka.ilkd.key.nparser.KeYParserBaseVisitor.visitFile(KeYParserBaseVisitor.java:23)
	at de.uka.ilkd.key.nparser.KeYParser$FileContext.accept(KeYParser.java:306)
	at de.uka.ilkd.key.nparser.KeyAst.accept(KeyAst.java:41)
	at de.uka.ilkd.key.nparser.KeyAst$File.getIncludes(KeyAst.java:76)
	at de.uka.ilkd.key.proof.io.KeYFile.readIncludes(KeYFile.java:208)
	... 14 more
Could not find rule file rules/intRulesCheckedSemantics.key (file: /home/runner/work/key/key/key.core/../key.ui/examples/index/.././standard_key/java_dl/testcontext.key; caused by: de.uka.ilkd.key.proof.init.ProofInputException: Could not find rule file rules/intRulesCheckedSemantics.key)
	at de.uka.ilkd.key.control.AbstractUserInterfaceControl.load(AbstractUserInterfaceControl.java:221)
	at de.uka.ilkd.key.control.KeYEnvironment.load(KeYEnvironment.java:251)
	at de.uka.ilkd.key.control.KeYEnvironment.load(KeYEnvironment.java:224)
	at de.uka.ilkd.key.control.KeYEnvironment.load(KeYEnvironment.java:184)
	at de.uka.ilkd.key.control.KeYEnvironment.load(KeYEnvironment.java:261)
	at de.uka.ilkd.key.proof.runallproofs.proofcollection.TestFile.load(TestFile.java:270)
	at de.uka.ilkd.key.proof.runallproofs.proofcollection.TestFile.runKey(TestFile.java:160)
	at de.uka.ilkd.key.proof.runallproofs.proofcollection.ForkedTestFileRunner.main(ForkedTestFileRunner.java:171)
Caused by: de.uka.ilkd.key.proof.init.ProofInputException: Could not find rule file rules/intRulesCheckedSemantics.key
	at de.uka.ilkd.key.proof.io.KeYFile.readIncludes(KeYFile.java:210)
	at de.uka.ilkd.key.proof.init.ProblemInitializer.readIncludes(ProblemInitializer.java:177)
	at de.uka.ilkd.key.proof.init.ProblemInitializer.readEnvInput(ProblemInitializer.java:325)
	at de.uka.ilkd.key.proof.init.ProblemInitializer.prepare(ProblemInitializer.java:449)
	at de.uka.ilkd.key.proof.io.AbstractProblemLoader.createInitConfig(AbstractProblemLoader.java:518)
	at de.uka.ilkd.key.proof.io.AbstractProblemLoader.loadEnvironment(AbstractProblemLoader.java:288)
	at de.uka.ilkd.key.proof.io.AbstractProblemLoader.load(AbstractProblemLoader.java:252)
	at de.uka.ilkd.key.control.AbstractUserInterfaceControl.load(AbstractUserInterfaceControl.java:209)
	... 7 more
Caused by: java.lang.RuntimeException: Could not find rule file rules/intRulesCheckedSemantics.key
	at de.uka.ilkd.key.proof.io.RuleSourceFactory.fromBuiltInRule(RuleSourceFactory.java:32)
	at de.uka.ilkd.key.proof.io.RuleSourceFactory.fromDefaultLocation(RuleSourceFactory.java:21)
	at de.uka.ilkd.key.nparser.builder.IncludeFinder.addInclude(IncludeFinder.java:63)
	at de.uka.ilkd.key.nparser.builder.IncludeFinder.visitOne_include(IncludeFinder.java:43)
	at de.uka.ilkd.key.nparser.builder.IncludeFinder.visitOne_include(IncludeFinder.java:20)
	at de.uka.ilkd.key.nparser.KeYParser$One_includeContext.accept(KeYParser.java:878)
	at de.uka.ilkd.key.nparser.builder.AbstractBuilder.lambda$mapOf$0(AbstractBuilder.java:112)
	at java.base/java.util.stream.ReferencePipeline$3$1.accept(ReferencePipeline.java:195)
	at java.base/java.util.ArrayList$ArrayListSpliterator.forEachRemaining(ArrayList.java:1655)
	at java.base/java.util.stream.AbstractPipeline.copyInto(AbstractPipeline.java:484)
	at java.base/java.util.stream.AbstractPipeline.wrapAndCopyInto(AbstractPipeline.java:474)
	at java.base/java.util.stream.ReduceOps$ReduceOp.evaluateSequential(ReduceOps.java:913)
	at java.base/java.util.stream.AbstractPipeline.evaluate(AbstractPipeline.java:234)
	at java.base/java.util.stream.ReferencePipeline.collect(ReferencePipeline.java:578)
	at de.uka.ilkd.key.nparser.builder.AbstractBuilder.mapOf(AbstractBuilder.java:112)
	at de.uka.ilkd.key.nparser.builder.IncludeFinder.visitOne_include_statement(IncludeFinder.java:35)
	at de.uka.ilkd.key.nparser.builder.IncludeFinder.visitOne_include_statement(IncludeFinder.java:20)
	at de.uka.ilkd.key.nparser.KeYParser$One_include_statementContext.accept(KeYParser.java:802)
	at org.antlr.v4.runtime.tree.AbstractParseTreeVisitor.visitChildren(AbstractParseTreeVisitor.java:46)
	at de.uka.ilkd.key.nparser.KeYParserBaseVisitor.visitDecls(KeYParserBaseVisitor.java:30)
	at de.uka.ilkd.key.nparser.KeYParser$DeclsContext.accept(KeYParser.java:500)
	at org.antlr.v4.runtime.tree.AbstractParseTreeVisitor.visitChildren(AbstractParseTreeVisitor.java:46)
	at de.uka.ilkd.key.nparser.KeYParserBaseVisitor.visitFile(KeYParserBaseVisitor.java:23)
	at de.uka.ilkd.key.nparser.KeYParser$FileContext.accept(KeYParser.java:306)
	at de.uka.ilkd.key.nparser.KeyAst.accept(KeyAst.java:41)
	at de.uka.ilkd.key.nparser.KeyAst$File.getIncludes(KeyAst.java:76)
	at de.uka.ilkd.key.proof.io.KeYFile.readIncludes(KeYFile.java:208)
	... 14 more
Could not find rule file rules/intRulesCheckedSemantics.key (file: /home/runner/work/key/key/key.core/../key.ui/examples/index/.././standard_key/staticInitialisation/cascadeStaticInitialisation.key; caused by: de.uka.ilkd.key.proof.init.ProofInputException: Could not find rule file rules/intRulesCheckedSemantics.key)
	at de.uka.ilkd.key.control.AbstractUserInterfaceControl.load(AbstractUserInterfaceControl.java:221)
	at de.uka.ilkd.key.control.KeYEnvironment.load(KeYEnvironment.java:251)
	at de.uka.ilkd.key.control.KeYEnvironment.load(KeYEnvironment.java:224)
	at de.uka.ilkd.key.control.KeYEnvironment.load(KeYEnvironment.java:184)
	at de.uka.ilkd.key.control.KeYEnvironment.load(KeYEnvironment.java:261)
	at de.uka.ilkd.key.proof.runallproofs.proofcollection.TestFile.load(TestFile.java:270)
	at de.uka.ilkd.key.proof.runallproofs.proofcollection.TestFile.runKey(TestFile.java:160)
	at de.uka.ilkd.key.proof.runallproofs.proofcollection.ForkedTestFileRunner.main(ForkedTestFileRunner.java:171)
Caused by: de.uka.ilkd.key.proof.init.ProofInputException: Could not find rule file rules/intRulesCheckedSemantics.key
	at de.uka.ilkd.key.proof.io.KeYFile.readIncludes(KeYFile.java:210)
	at de.uka.ilkd.key.proof.init.ProblemInitializer.readIncludes(ProblemInitializer.java:177)
	at de.uka.ilkd.key.proof.init.ProblemInitializer.readEnvInput(ProblemInitializer.java:325)
	at de.uka.ilkd.key.proof.init.ProblemInitializer.prepare(ProblemInitializer.java:449)
	at de.uka.ilkd.key.proof.io.AbstractProblemLoader.createInitConfig(AbstractProblemLoader.java:518)
	at de.uka.ilkd.key.proof.io.AbstractProblemLoader.loadEnvironment(AbstractProblemLoader.java:288)
	at de.uka.ilkd.key.proof.io.AbstractProblemLoader.load(AbstractProblemLoader.java:252)
	at de.uka.ilkd.key.control.AbstractUserInterfaceControl.load(AbstractUserInterfaceControl.java:209)
	... 7 more
Caused by: java.lang.RuntimeException: Could not find rule file rules/intRulesCheckedSemantics.key
	at de.uka.ilkd.key.proof.io.RuleSourceFactory.fromBuiltInRule(RuleSourceFactory.java:32)
	at de.uka.ilkd.key.proof.io.RuleSourceFactory.fromDefaultLocation(RuleSourceFactory.java:21)
	at de.uka.ilkd.key.nparser.builder.IncludeFinder.addInclude(IncludeFinder.java:63)
	at de.uka.ilkd.key.nparser.builder.IncludeFinder.visitOne_include(IncludeFinder.java:43)
	at de.uka.ilkd.key.nparser.builder.IncludeFinder.visitOne_include(IncludeFinder.java:20)
	at de.uka.ilkd.key.nparser.KeYParser$One_includeContext.accept(KeYParser.java:878)
	at de.uka.ilkd.key.nparser.builder.AbstractBuilder.lambda$mapOf$0(AbstractBuilder.java:112)
	at java.base/java.util.stream.ReferencePipeline$3$1.accept(ReferencePipeline.java:195)
	at java.base/java.util.ArrayList$ArrayListSpliterator.forEachRemaining(ArrayList.java:1655)
	at java.base/java.util.stream.AbstractPipeline.copyInto(AbstractPipeline.java:484)
	at java.base/java.util.stream.AbstractPipeline.wrapAndCopyInto(AbstractPipeline.java:474)
	at java.base/java.util.stream.ReduceOps$ReduceOp.evaluateSequential(ReduceOps.java:913)
	at java.base/java.util.stream.AbstractPipeline.evaluate(AbstractPipeline.java:234)
	at java.base/java.util.stream.ReferencePipeline.collect(ReferencePipeline.java:578)
	at de.uka.ilkd.key.nparser.builder.AbstractBuilder.mapOf(AbstractBuilder.java:112)
	at de.uka.ilkd.key.nparser.builder.IncludeFinder.visitOne_include_statement(IncludeFinder.java:35)
	at de.uka.ilkd.key.nparser.builder.IncludeFinder.visitOne_include_statement(IncludeFinder.java:20)
	at de.uka.ilkd.key.nparser.KeYParser$One_include_statementContext.accept(KeYParser.java:802)
	at org.antlr.v4.runtime.tree.AbstractParseTreeVisitor.visitChildren(AbstractParseTreeVisitor.java:46)
	at de.uka.ilkd.key.nparser.KeYParserBaseVisitor.visitDecls(KeYParserBaseVisitor.java:30)
	at de.uka.ilkd.key.nparser.KeYParser$DeclsContext.accept(KeYParser.java:500)
	at org.antlr.v4.runtime.tree.AbstractParseTreeVisitor.visitChildren(AbstractParseTreeVisitor.java:46)
	at de.uka.ilkd.key.nparser.KeYParserBaseVisitor.visitFile(KeYParserBaseVisitor.java:23)
	at de.uka.ilkd.key.nparser.KeYParser$FileContext.accept(KeYParser.java:306)
	at de.uka.ilkd.key.nparser.KeyAst.accept(KeyAst.java:41)
	at de.uka.ilkd.key.nparser.KeyAst$File.getIncludes(KeyAst.java:76)
	at de.uka.ilkd.key.proof.io.KeYFile.readIncludes(KeYFile.java:208)
	... 14 more
Could not find rule file rules/intRulesCheckedSemantics.key (file: /home/runner/work/key/key/key.core/../key.ui/examples/index/.././standard_key/staticInitialisation/erroneousClassImpliesErroneousSubclass.key; caused by: de.uka.ilkd.key.proof.init.ProofInputException: Could not find rule file rules/intRulesCheckedSemantics.key)
	at de.uka.ilkd.key.control.AbstractUserInterfaceControl.load(AbstractUserInterfaceControl.java:221)
	at de.uka.ilkd.key.control.KeYEnvironment.load(KeYEnvironment.java:251)
	at de.uka.ilkd.key.control.KeYEnvironment.load(KeYEnvironment.java:224)
	at de.uka.ilkd.key.control.KeYEnvironment.load(KeYEnvironment.java:184)
	at de.uka.ilkd.key.control.KeYEnvironment.load(KeYEnvironment.java:261)
	at de.uka.ilkd.key.proof.runallproofs.proofcollection.TestFile.load(TestFile.java:270)
	at de.uka.ilkd.key.proof.runallproofs.proofcollection.TestFile.runKey(TestFile.java:160)
	at de.uka.ilkd.key.proof.runallproofs.proofcollection.ForkedTestFileRunner.main(ForkedTestFileRunner.java:171)
Caused by: de.uka.ilkd.key.proof.init.ProofInputException: Could not find rule file rules/intRulesCheckedSemantics.key
	at de.uka.ilkd.key.proof.io.KeYFile.readIncludes(KeYFile.java:210)
	at de.uka.ilkd.key.proof.init.ProblemInitializer.readIncludes(ProblemInitializer.java:177)
	at de.uka.ilkd.key.proof.init.ProblemInitializer.readEnvInput(ProblemInitializer.java:325)
	at de.uka.ilkd.key.proof.init.ProblemInitializer.prepare(ProblemInitializer.java:449)
	at de.uka.ilkd.key.proof.io.AbstractProblemLoader.createInitConfig(AbstractProblemLoader.java:518)
	at de.uka.ilkd.key.proof.io.AbstractProblemLoader.loadEnvironment(AbstractProblemLoader.java:288)
	at de.uka.ilkd.key.proof.io.AbstractProblemLoader.load(AbstractProblemLoader.java:252)
	at de.uka.ilkd.key.control.AbstractUserInterfaceControl.load(AbstractUserInterfaceControl.java:209)
	... 7 more
Caused by: java.lang.RuntimeException: Could not find rule file rules/intRulesCheckedSemantics.key
	at de.uka.ilkd.key.proof.io.RuleSourceFactory.fromBuiltInRule(RuleSourceFactory.java:32)
	at de.uka.ilkd.key.proof.io.RuleSourceFactory.fromDefaultLocation(RuleSourceFactory.java:21)
	at de.uka.ilkd.key.nparser.builder.IncludeFinder.addInclude(IncludeFinder.java:63)
	at de.uka.ilkd.key.nparser.builder.IncludeFinder.visitOne_include(IncludeFinder.java:43)
	at de.uka.ilkd.key.nparser.builder.IncludeFinder.visitOne_include(IncludeFinder.java:20)
	at de.uka.ilkd.key.nparser.KeYParser$One_includeContext.accept(KeYParser.java:878)
	at de.uka.ilkd.key.nparser.builder.AbstractBuilder.lambda$mapOf$0(AbstractBuilder.java:112)
	at java.base/java.util.stream.ReferencePipeline$3$1.accept(ReferencePipeline.java:195)
	at java.base/java.util.ArrayList$ArrayListSpliterator.forEachRemaining(ArrayList.java:1655)
	at java.base/java.util.stream.AbstractPipeline.copyInto(AbstractPipeline.java:484)
	at java.base/java.util.stream.AbstractPipeline.wrapAndCopyInto(AbstractPipeline.java:474)
	at java.base/java.util.stream.ReduceOps$ReduceOp.evaluateSequential(ReduceOps.java:913)
	at java.base/java.util.stream.AbstractPipeline.evaluate(AbstractPipeline.java:234)
	at java.base/java.util.stream.ReferencePipeline.collect(ReferencePipeline.java:578)
	at de.uka.ilkd.key.nparser.builder.AbstractBuilder.mapOf(AbstractBuilder.java:112)
	at de.uka.ilkd.key.nparser.builder.IncludeFinder.visitOne_include_statement(IncludeFinder.java:35)
	at de.uka.ilkd.key.nparser.builder.IncludeFinder.visitOne_include_statement(IncludeFinder.java:20)
	at de.uka.ilkd.key.nparser.KeYParser$One_include_statementContext.accept(KeYParser.java:802)
	at org.antlr.v4.runtime.tree.AbstractParseTreeVisitor.visitChildren(AbstractParseTreeVisitor.java:46)
	at de.uka.ilkd.key.nparser.KeYParserBaseVisitor.visitDecls(KeYParserBaseVisitor.java:30)
	at de.uka.ilkd.key.nparser.KeYParser$DeclsContext.accept(KeYParser.java:500)
	at org.antlr.v4.runtime.tree.AbstractParseTreeVisitor.visitChildren(AbstractParseTreeVisitor.java:46)
	at de.uka.ilkd.key.nparser.KeYParserBaseVisitor.visitFile(KeYParserBaseVisitor.java:23)
	at de.uka.ilkd.key.nparser.KeYParser$FileContext.accept(KeYParser.java:306)
	at de.uka.ilkd.key.nparser.KeyAst.accept(KeyAst.java:41)
	at de.uka.ilkd.key.nparser.KeyAst$File.getIncludes(KeyAst.java:76)
	at de.uka.ilkd.key.proof.io.KeYFile.readIncludes(KeYFile.java:208)
	... 14 more
Could not find rule file rules/intRulesCheckedSemantics.key (file: /home/runner/work/key/key/key.core/../key.ui/examples/index/.././standard_key/staticInitialisation/initializedSubclassImpliesInitializedSuperclass.key; caused by: de.uka.ilkd.key.proof.init.ProofInputException: Could not find rule file rules/intRulesCheckedSemantics.key)
	at de.uka.ilkd.key.control.AbstractUserInterfaceControl.load(AbstractUserInterfaceControl.java:221)
	at de.uka.ilkd.key.control.KeYEnvironment.load(KeYEnvironment.java:251)
	at de.uka.ilkd.key.control.KeYEnvironment.load(KeYEnvironment.java:224)
	at de.uka.ilkd.key.control.KeYEnvironment.load(KeYEnvironment.java:184)
	at de.uka.ilkd.key.control.KeYEnvironment.load(KeYEnvironment.java:261)
	at de.uka.ilkd.key.proof.runallproofs.proofcollection.TestFile.load(TestFile.java:270)
	at de.uka.ilkd.key.proof.runallproofs.proofcollection.TestFile.runKey(TestFile.java:160)
	at de.uka.ilkd.key.proof.runallproofs.proofcollection.ForkedTestFileRunner.main(ForkedTestFileRunner.java:171)
Caused by: de.uka.ilkd.key.proof.init.ProofInputException: Could not find rule file rules/intRulesCheckedSemantics.key
	at de.uka.ilkd.key.proof.io.KeYFile.readIncludes(KeYFile.java:210)
	at de.uka.ilkd.key.proof.init.ProblemInitializer.readIncludes(ProblemInitializer.java:177)
	at de.uka.ilkd.key.proof.init.ProblemInitializer.readEnvInput(ProblemInitializer.java:325)
	at de.uka.ilkd.key.proof.init.ProblemInitializer.prepare(ProblemInitializer.java:449)
	at de.uka.ilkd.key.proof.io.AbstractProblemLoader.createInitConfig(AbstractProblemLoader.java:518)
	at de.uka.ilkd.key.proof.io.AbstractProblemLoader.loadEnvironment(AbstractProblemLoader.java:288)
	at de.uka.ilkd.key.proof.io.AbstractProblemLoader.load(AbstractProblemLoader.java:252)
	at de.uka.ilkd.key.control.AbstractUserInterfaceControl.load(AbstractUserInterfaceControl.java:209)
	... 7 more
Caused by: java.lang.RuntimeException: Could not find rule file rules/intRulesCheckedSemantics.key
	at de.uka.ilkd.key.proof.io.RuleSourceFactory.fromBuiltInRule(RuleSourceFactory.java:32)
	at de.uka.ilkd.key.proof.io.RuleSourceFactory.fromDefaultLocation(RuleSourceFactory.java:21)
	at de.uka.ilkd.key.nparser.builder.IncludeFinder.addInclude(IncludeFinder.java:63)
	at de.uka.ilkd.key.nparser.builder.IncludeFinder.visitOne_include(IncludeFinder.java:43)
	at de.uka.ilkd.key.nparser.builder.IncludeFinder.visitOne_include(IncludeFinder.java:20)
	at de.uka.ilkd.key.nparser.KeYParser$One_includeContext.accept(KeYParser.java:878)
	at de.uka.ilkd.key.nparser.builder.AbstractBuilder.lambda$mapOf$0(AbstractBuilder.java:112)
	at java.base/java.util.stream.ReferencePipeline$3$1.accept(ReferencePipeline.java:195)
	at java.base/java.util.ArrayList$ArrayListSpliterator.forEachRemaining(ArrayList.java:1655)
	at java.base/java.util.stream.AbstractPipeline.copyInto(AbstractPipeline.java:484)
	at java.base/java.util.stream.AbstractPipeline.wrapAndCopyInto(AbstractPipeline.java:474)
	at java.base/java.util.stream.ReduceOps$ReduceOp.evaluateSequential(ReduceOps.java:913)
	at java.base/java.util.stream.AbstractPipeline.evaluate(AbstractPipeline.java:234)
	at java.base/java.util.stream.ReferencePipeline.collect(ReferencePipeline.java:578)
	at de.uka.ilkd.key.nparser.builder.AbstractBuilder.mapOf(AbstractBuilder.java:112)
	at de.uka.ilkd.key.nparser.builder.IncludeFinder.visitOne_include_statement(IncludeFinder.java:35)
	at de.uka.ilkd.key.nparser.builder.IncludeFinder.visitOne_include_statement(IncludeFinder.java:20)
	at de.uka.ilkd.key.nparser.KeYParser$One_include_statementContext.accept(KeYParser.java:802)
	at org.antlr.v4.runtime.tree.AbstractParseTreeVisitor.visitChildren(AbstractParseTreeVisitor.java:46)
	at de.uka.ilkd.key.nparser.KeYParserBaseVisitor.visitDecls(KeYParserBaseVisitor.java:30)
	at de.uka.ilkd.key.nparser.KeYParser$DeclsContext.accept(KeYParser.java:500)
	at org.antlr.v4.runtime.tree.AbstractParseTreeVisitor.visitChildren(AbstractParseTreeVisitor.java:46)
	at de.uka.ilkd.key.nparser.KeYParserBaseVisitor.visitFile(KeYParserBaseVisitor.java:23)
	at de.uka.ilkd.key.nparser.KeYParser$FileContext.accept(KeYParser.java:306)
	at de.uka.ilkd.key.nparser.KeyAst.accept(KeyAst.java:41)
	at de.uka.ilkd.key.nparser.KeyAst$File.getIncludes(KeyAst.java:76)
	at de.uka.ilkd.key.proof.io.KeYFile.readIncludes(KeYFile.java:208)
	... 14 more
Could not find rule file rules/intRulesCheckedSemantics.key (file: /home/runner/work/key/key/key.core/../key.ui/examples/index/.././standard_key/staticInitialisation/localDeclared.key; caused by: de.uka.ilkd.key.proof.init.ProofInputException: Could not find rule file rules/intRulesCheckedSemantics.key)
	at de.uka.ilkd.key.control.AbstractUserInterfaceControl.load(AbstractUserInterfaceControl.java:221)
	at de.uka.ilkd.key.control.KeYEnvironment.load(KeYEnvironment.java:251)
	at de.uka.ilkd.key.control.KeYEnvironment.load(KeYEnvironment.java:224)
	at de.uka.ilkd.key.control.KeYEnvironment.load(KeYEnvironment.java:184)
	at de.uka.ilkd.key.control.KeYEnvironment.load(KeYEnvironment.java:261)
	at de.uka.ilkd.key.proof.runallproofs.proofcollection.TestFile.load(TestFile.java:270)
	at de.uka.ilkd.key.proof.runallproofs.proofcollection.TestFile.runKey(TestFile.java:160)
	at de.uka.ilkd.key.proof.runallproofs.proofcollection.ForkedTestFileRunner.main(ForkedTestFileRunner.java:171)
Caused by: de.uka.ilkd.key.proof.init.ProofInputException: Could not find rule file rules/intRulesCheckedSemantics.key
	at de.uka.ilkd.key.proof.io.KeYFile.readIncludes(KeYFile.java:210)
	at de.uka.ilkd.key.proof.init.ProblemInitializer.readIncludes(ProblemInitializer.java:177)
	at de.uka.ilkd.key.proof.init.ProblemInitializer.readEnvInput(ProblemInitializer.java:325)
	at de.uka.ilkd.key.proof.init.ProblemInitializer.prepare(ProblemInitializer.java:449)
	at de.uka.ilkd.key.proof.io.AbstractProblemLoader.createInitConfig(AbstractProblemLoader.java:518)
	at de.uka.ilkd.key.proof.io.AbstractProblemLoader.loadEnvironment(AbstractProblemLoader.java:288)
	at de.uka.ilkd.key.proof.io.AbstractProblemLoader.load(AbstractProblemLoader.java:252)
	at de.uka.ilkd.key.control.AbstractUserInterfaceControl.load(AbstractUserInterfaceControl.java:209)
	... 7 more
Caused by: java.lang.RuntimeException: Could not find rule file rules/intRulesCheckedSemantics.key
	at de.uka.ilkd.key.proof.io.RuleSourceFactory.fromBuiltInRule(RuleSourceFactory.java:32)
	at de.uka.ilkd.key.proof.io.RuleSourceFactory.fromDefaultLocation(RuleSourceFactory.java:21)
	at de.uka.ilkd.key.nparser.builder.IncludeFinder.addInclude(IncludeFinder.java:63)
	at de.uka.ilkd.key.nparser.builder.IncludeFinder.visitOne_include(IncludeFinder.java:43)
	at de.uka.ilkd.key.nparser.builder.IncludeFinder.visitOne_include(IncludeFinder.java:20)
	at de.uka.ilkd.key.nparser.KeYParser$One_includeContext.accept(KeYParser.java:878)
	at de.uka.ilkd.key.nparser.builder.AbstractBuilder.lambda$mapOf$0(AbstractBuilder.java:112)
	at java.base/java.util.stream.ReferencePipeline$3$1.accept(ReferencePipeline.java:195)
	at java.base/java.util.ArrayList$ArrayListSpliterator.forEachRemaining(ArrayList.java:1655)
	at java.base/java.util.stream.AbstractPipeline.copyInto(AbstractPipeline.java:484)
	at java.base/java.util.stream.AbstractPipeline.wrapAndCopyInto(AbstractPipeline.java:474)
	at java.base/java.util.stream.ReduceOps$ReduceOp.evaluateSequential(ReduceOps.java:913)
	at java.base/java.util.stream.AbstractPipeline.evaluate(AbstractPipeline.java:234)
	at java.base/java.util.stream.ReferencePipeline.collect(ReferencePipeline.java:578)
	at de.uka.ilkd.key.nparser.builder.AbstractBuilder.mapOf(AbstractBuilder.java:112)
	at de.uka.ilkd.key.nparser.builder.IncludeFinder.visitOne_include_statement(IncludeFinder.java:35)
	at de.uka.ilkd.key.nparser.builder.IncludeFinder.visitOne_include_statement(IncludeFinder.java:20)
	at de.uka.ilkd.key.nparser.KeYParser$One_include_statementContext.accept(KeYParser.java:802)
	at org.antlr.v4.runtime.tree.AbstractParseTreeVisitor.visitChildren(AbstractParseTreeVisitor.java:46)
	at de.uka.ilkd.key.nparser.KeYParserBaseVisitor.visitDecls(KeYParserBaseVisitor.java:30)
	at de.uka.ilkd.key.nparser.KeYParser$DeclsContext.accept(KeYParser.java:500)
	at org.antlr.v4.runtime.tree.AbstractParseTreeVisitor.visitChildren(AbstractParseTreeVisitor.java:46)
	at de.uka.ilkd.key.nparser.KeYParserBaseVisitor.visitFile(KeYParserBaseVisitor.java:23)
	at de.uka.ilkd.key.nparser.KeYParser$FileContext.accept(KeYParser.java:306)
	at de.uka.ilkd.key.nparser.KeyAst.accept(KeyAst.java:41)
	at de.uka.ilkd.key.nparser.KeyAst$File.getIncludes(KeyAst.java:76)
	at de.uka.ilkd.key.proof.io.KeYFile.readIncludes(KeYFile.java:208)
	... 14 more
Could not find rule file rules/intRulesCheckedSemantics.key (file: /home/runner/work/key/key/key.core/../key.ui/examples/index/.././standard_key/staticInitialisation/localDeclaredMethod.key; caused by: de.uka.ilkd.key.proof.init.ProofInputException: Could not find rule file rules/intRulesCheckedSemantics.key)
	at de.uka.ilkd.key.control.AbstractUserInterfaceControl.load(AbstractUserInterfaceControl.java:221)
	at de.uka.ilkd.key.control.KeYEnvironment.load(KeYEnvironment.java:251)
	at de.uka.ilkd.key.control.KeYEnvironment.load(KeYEnvironment.java:224)
	at de.uka.ilkd.key.control.KeYEnvironment.load(KeYEnvironment.java:184)
	at de.uka.ilkd.key.control.KeYEnvironment.load(KeYEnvironment.java:261)
	at de.uka.ilkd.key.proof.runallproofs.proofcollection.TestFile.load(TestFile.java:270)
	at de.uka.ilkd.key.proof.runallproofs.proofcollection.TestFile.runKey(TestFile.java:160)
	at de.uka.ilkd.key.proof.runallproofs.proofcollection.ForkedTestFileRunner.main(ForkedTestFileRunner.java:171)
Caused by: de.uka.ilkd.key.proof.init.ProofInputException: Could not find rule file rules/intRulesCheckedSemantics.key
	at de.uka.ilkd.key.proof.io.KeYFile.readIncludes(KeYFile.java:210)
	at de.uka.ilkd.key.proof.init.ProblemInitializer.readIncludes(ProblemInitializer.java:177)
	at de.uka.ilkd.key.proof.init.ProblemInitializer.readEnvInput(ProblemInitializer.java:325)
	at de.uka.ilkd.key.proof.init.ProblemInitializer.prepare(ProblemInitializer.java:449)
	at de.uka.ilkd.key.proof.io.AbstractProblemLoader.createInitConfig(AbstractProblemLoader.java:518)
	at de.uka.ilkd.key.proof.io.AbstractProblemLoader.loadEnvironment(AbstractProblemLoader.java:288)
	at de.uka.ilkd.key.proof.io.AbstractProblemLoader.load(AbstractProblemLoader.java:252)
	at de.uka.ilkd.key.control.AbstractUserInterfaceControl.load(AbstractUserInterfaceControl.java:209)
	... 7 more
Caused by: java.lang.RuntimeException: Could not find rule file rules/intRulesCheckedSemantics.key
	at de.uka.ilkd.key.proof.io.RuleSourceFactory.fromBuiltInRule(RuleSourceFactory.java:32)
	at de.uka.ilkd.key.proof.io.RuleSourceFactory.fromDefaultLocation(RuleSourceFactory.java:21)
	at de.uka.ilkd.key.nparser.builder.IncludeFinder.addInclude(IncludeFinder.java:63)
	at de.uka.ilkd.key.nparser.builder.IncludeFinder.visitOne_include(IncludeFinder.java:43)
	at de.uka.ilkd.key.nparser.builder.IncludeFinder.visitOne_include(IncludeFinder.java:20)
	at de.uka.ilkd.key.nparser.KeYParser$One_includeContext.accept(KeYParser.java:878)
	at de.uka.ilkd.key.nparser.builder.AbstractBuilder.lambda$mapOf$0(AbstractBuilder.java:112)
	at java.base/java.util.stream.ReferencePipeline$3$1.accept(ReferencePipeline.java:195)
	at java.base/java.util.ArrayList$ArrayListSpliterator.forEachRemaining(ArrayList.java:1655)
	at java.base/java.util.stream.AbstractPipeline.copyInto(AbstractPipeline.java:484)
	at java.base/java.util.stream.AbstractPipeline.wrapAndCopyInto(AbstractPipeline.java:474)
	at java.base/java.util.stream.ReduceOps$ReduceOp.evaluateSequential(ReduceOps.java:913)
	at java.base/java.util.stream.AbstractPipeline.evaluate(AbstractPipeline.java:234)
	at java.base/java.util.stream.ReferencePipeline.collect(ReferencePipeline.java:578)
	at de.uka.ilkd.key.nparser.builder.AbstractBuilder.mapOf(AbstractBuilder.java:112)
	at de.uka.ilkd.key.nparser.builder.IncludeFinder.visitOne_include_statement(IncludeFinder.java:35)
	at de.uka.ilkd.key.nparser.builder.IncludeFinder.visitOne_include_statement(IncludeFinder.java:20)
	at de.uka.ilkd.key.nparser.KeYParser$One_include_statementContext.accept(KeYParser.java:802)
	at org.antlr.v4.runtime.tree.AbstractParseTreeVisitor.visitChildren(AbstractParseTreeVisitor.java:46)
	at de.uka.ilkd.key.nparser.KeYParserBaseVisitor.visitDecls(KeYParserBaseVisitor.java:30)
	at de.uka.ilkd.key.nparser.KeYParser$DeclsContext.accept(KeYParser.java:500)
	at org.antlr.v4.runtime.tree.AbstractParseTreeVisitor.visitChildren(AbstractParseTreeVisitor.java:46)
	at de.uka.ilkd.key.nparser.KeYParserBaseVisitor.visitFile(KeYParserBaseVisitor.java:23)
	at de.uka.ilkd.key.nparser.KeYParser$FileContext.accept(KeYParser.java:306)
	at de.uka.ilkd.key.nparser.KeyAst.accept(KeyAst.java:41)
	at de.uka.ilkd.key.nparser.KeyAst$File.getIncludes(KeyAst.java:76)
	at de.uka.ilkd.key.proof.io.KeYFile.readIncludes(KeYFile.java:208)
	... 14 more
Could not find rule file rules/intRulesCheckedSemantics.key (file: /home/runner/work/key/key/key.core/../key.ui/examples/index/.././standard_key/staticInitialisation/objectOfErroneousClass.key; caused by: de.uka.ilkd.key.proof.init.ProofInputException: Could not find rule file rules/intRulesCheckedSemantics.key)
	at de.uka.ilkd.key.control.AbstractUserInterfaceControl.load(AbstractUserInterfaceControl.java:221)
	at de.uka.ilkd.key.control.KeYEnvironment.load(KeYEnvironment.java:251)
	at de.uka.ilkd.key.control.KeYEnvironment.load(KeYEnvironment.java:224)
	at de.uka.ilkd.key.control.KeYEnvironment.load(KeYEnvironment.java:184)
	at de.uka.ilkd.key.control.KeYEnvironment.load(KeYEnvironment.java:261)
	at de.uka.ilkd.key.proof.runallproofs.proofcollection.TestFile.load(TestFile.java:270)
	at de.uka.ilkd.key.proof.runallproofs.proofcollection.TestFile.runKey(TestFile.java:160)
	at de.uka.ilkd.key.proof.runallproofs.proofcollection.ForkedTestFileRunner.main(ForkedTestFileRunner.java:171)
Caused by: de.uka.ilkd.key.proof.init.ProofInputException: Could not find rule file rules/intRulesCheckedSemantics.key
	at de.uka.ilkd.key.proof.io.KeYFile.readIncludes(KeYFile.java:210)
	at de.uka.ilkd.key.proof.init.ProblemInitializer.readIncludes(ProblemInitializer.java:177)
	at de.uka.ilkd.key.proof.init.ProblemInitializer.readEnvInput(ProblemInitializer.java:325)
	at de.uka.ilkd.key.proof.init.ProblemInitializer.prepare(ProblemInitializer.java:449)
	at de.uka.ilkd.key.proof.io.AbstractProblemLoader.createInitConfig(AbstractProblemLoader.java:518)
	at de.uka.ilkd.key.proof.io.AbstractProblemLoader.loadEnvironment(AbstractProblemLoader.java:288)
	at de.uka.ilkd.key.proof.io.AbstractProblemLoader.load(AbstractProblemLoader.java:252)
	at de.uka.ilkd.key.control.AbstractUserInterfaceControl.load(AbstractUserInterfaceControl.java:209)
	... 7 more
Caused by: java.lang.RuntimeException: Could not find rule file rules/intRulesCheckedSemantics.key
	at de.uka.ilkd.key.proof.io.RuleSourceFactory.fromBuiltInRule(RuleSourceFactory.java:32)
	at de.uka.ilkd.key.proof.io.RuleSourceFactory.fromDefaultLocation(RuleSourceFactory.java:21)
	at de.uka.ilkd.key.nparser.builder.IncludeFinder.addInclude(IncludeFinder.java:63)
	at de.uka.ilkd.key.nparser.builder.IncludeFinder.visitOne_include(IncludeFinder.java:43)
	at de.uka.ilkd.key.nparser.builder.IncludeFinder.visitOne_include(IncludeFinder.java:20)
	at de.uka.ilkd.key.nparser.KeYParser$One_includeContext.accept(KeYParser.java:878)
	at de.uka.ilkd.key.nparser.builder.AbstractBuilder.lambda$mapOf$0(AbstractBuilder.java:112)
	at java.base/java.util.stream.ReferencePipeline$3$1.accept(ReferencePipeline.java:195)
	at java.base/java.util.ArrayList$ArrayListSpliterator.forEachRemaining(ArrayList.java:1655)
	at java.base/java.util.stream.AbstractPipeline.copyInto(AbstractPipeline.java:484)
	at java.base/java.util.stream.AbstractPipeline.wrapAndCopyInto(AbstractPipeline.java:474)
	at java.base/java.util.stream.ReduceOps$ReduceOp.evaluateSequential(ReduceOps.java:913)
	at java.base/java.util.stream.AbstractPipeline.evaluate(AbstractPipeline.java:234)
	at java.base/java.util.stream.ReferencePipeline.collect(ReferencePipeline.java:578)
	at de.uka.ilkd.key.nparser.builder.AbstractBuilder.mapOf(AbstractBuilder.java:112)
	at de.uka.ilkd.key.nparser.builder.IncludeFinder.visitOne_include_statement(IncludeFinder.java:35)
	at de.uka.ilkd.key.nparser.builder.IncludeFinder.visitOne_include_statement(IncludeFinder.java:20)
	at de.uka.ilkd.key.nparser.KeYParser$One_include_statementContext.accept(KeYParser.java:802)
	at org.antlr.v4.runtime.tree.AbstractParseTreeVisitor.visitChildren(AbstractParseTreeVisitor.java:46)
	at de.uka.ilkd.key.nparser.KeYParserBaseVisitor.visitDecls(KeYParserBaseVisitor.java:30)
	at de.uka.ilkd.key.nparser.KeYParser$DeclsContext.accept(KeYParser.java:500)
	at org.antlr.v4.runtime.tree.AbstractParseTreeVisitor.visitChildren(AbstractParseTreeVisitor.java:46)
	at de.uka.ilkd.key.nparser.KeYParserBaseVisitor.visitFile(KeYParserBaseVisitor.java:23)
	at de.uka.ilkd.key.nparser.KeYParser$FileContext.accept(KeYParser.java:306)
	at de.uka.ilkd.key.nparser.KeyAst.accept(KeyAst.java:41)
	at de.uka.ilkd.key.nparser.KeyAst$File.getIncludes(KeyAst.java:76)
	at de.uka.ilkd.key.proof.io.KeYFile.readIncludes(KeYFile.java:208)
	... 14 more
Could not find rule file rules/intRulesCheckedSemantics.key (file: /home/runner/work/key/key/key.core/../key.ui/examples/index/.././standard_key/staticInitialisation/staticInitialisersAreNonSimple.key; caused by: de.uka.ilkd.key.proof.init.ProofInputException: Could not find rule file rules/intRulesCheckedSemantics.key)
	at de.uka.ilkd.key.control.AbstractUserInterfaceControl.load(AbstractUserInterfaceControl.java:221)
	at de.uka.ilkd.key.control.KeYEnvironment.load(KeYEnvironment.java:251)
	at de.uka.ilkd.key.control.KeYEnvironment.load(KeYEnvironment.java:224)
	at de.uka.ilkd.key.control.KeYEnvironment.load(KeYEnvironment.java:184)
	at de.uka.ilkd.key.control.KeYEnvironment.load(KeYEnvironment.java:261)
	at de.uka.ilkd.key.proof.runallproofs.proofcollection.TestFile.load(TestFile.java:270)
	at de.uka.ilkd.key.proof.runallproofs.proofcollection.TestFile.runKey(TestFile.java:160)
	at de.uka.ilkd.key.proof.runallproofs.proofcollection.ForkedTestFileRunner.main(ForkedTestFileRunner.java:171)
Caused by: de.uka.ilkd.key.proof.init.ProofInputException: Could not find rule file rules/intRulesCheckedSemantics.key
	at de.uka.ilkd.key.proof.io.KeYFile.readIncludes(KeYFile.java:210)
	at de.uka.ilkd.key.proof.init.ProblemInitializer.readIncludes(ProblemInitializer.java:177)
	at de.uka.ilkd.key.proof.init.ProblemInitializer.readEnvInput(ProblemInitializer.java:325)
	at de.uka.ilkd.key.proof.init.ProblemInitializer.prepare(ProblemInitializer.java:449)
	at de.uka.ilkd.key.proof.io.AbstractProblemLoader.createInitConfig(AbstractProblemLoader.java:518)
	at de.uka.ilkd.key.proof.io.AbstractProblemLoader.loadEnvironment(AbstractProblemLoader.java:288)
	at de.uka.ilkd.key.proof.io.AbstractProblemLoader.load(AbstractProblemLoader.java:252)
	at de.uka.ilkd.key.control.AbstractUserInterfaceControl.load(AbstractUserInterfaceControl.java:209)
	... 7 more
Caused by: java.lang.RuntimeException: Could not find rule file rules/intRulesCheckedSemantics.key
	at de.uka.ilkd.key.proof.io.RuleSourceFactory.fromBuiltInRule(RuleSourceFactory.java:32)
	at de.uka.ilkd.key.proof.io.RuleSourceFactory.fromDefaultLocation(RuleSourceFactory.java:21)
	at de.uka.ilkd.key.nparser.builder.IncludeFinder.addInclude(IncludeFinder.java:63)
	at de.uka.ilkd.key.nparser.builder.IncludeFinder.visitOne_include(IncludeFinder.java:43)
	at de.uka.ilkd.key.nparser.builder.IncludeFinder.visitOne_include(IncludeFinder.java:20)
	at de.uka.ilkd.key.nparser.KeYParser$One_includeContext.accept(KeYParser.java:878)
	at de.uka.ilkd.key.nparser.builder.AbstractBuilder.lambda$mapOf$0(AbstractBuilder.java:112)
	at java.base/java.util.stream.ReferencePipeline$3$1.accept(ReferencePipeline.java:195)
	at java.base/java.util.ArrayList$ArrayListSpliterator.forEachRemaining(ArrayList.java:1655)
	at java.base/java.util.stream.AbstractPipeline.copyInto(AbstractPipeline.java:484)
	at java.base/java.util.stream.AbstractPipeline.wrapAndCopyInto(AbstractPipeline.java:474)
	at java.base/java.util.stream.ReduceOps$ReduceOp.evaluateSequential(ReduceOps.java:913)
	at java.base/java.util.stream.AbstractPipeline.evaluate(AbstractPipeline.java:234)
	at java.base/java.util.stream.ReferencePipeline.collect(ReferencePipeline.java:578)
	at de.uka.ilkd.key.nparser.builder.AbstractBuilder.mapOf(AbstractBuilder.java:112)
	at de.uka.ilkd.key.nparser.builder.IncludeFinder.visitOne_include_statement(IncludeFinder.java:35)
	at de.uka.ilkd.key.nparser.builder.IncludeFinder.visitOne_include_statement(IncludeFinder.java:20)
	at de.uka.ilkd.key.nparser.KeYParser$One_include_statementContext.accept(KeYParser.java:802)
	at org.antlr.v4.runtime.tree.AbstractParseTreeVisitor.visitChildren(AbstractParseTreeVisitor.java:46)
	at de.uka.ilkd.key.nparser.KeYParserBaseVisitor.visitDecls(KeYParserBaseVisitor.java:30)
	at de.uka.ilkd.key.nparser.KeYParser$DeclsContext.accept(KeYParser.java:500)
	at org.antlr.v4.runtime.tree.AbstractParseTreeVisitor.visitChildren(AbstractParseTreeVisitor.java:46)
	at de.uka.ilkd.key.nparser.KeYParserBaseVisitor.visitFile(KeYParserBaseVisitor.java:23)
	at de.uka.ilkd.key.nparser.KeYParser$FileContext.accept(KeYParser.java:306)
	at de.uka.ilkd.key.nparser.KeyAst.accept(KeyAst.java:41)
	at de.uka.ilkd.key.nparser.KeyAst$File.getIncludes(KeyAst.java:76)
	at de.uka.ilkd.key.proof.io.KeYFile.readIncludes(KeYFile.java:208)
	... 14 more
Could not find rule file rules/intRulesCheckedSemantics.key (file: /home/runner/work/key/key/key.core/../key.ui/examples/index/.././standard_key/types/disjoint.key; caused by: de.uka.ilkd.key.proof.init.ProofInputException: Could not find rule file rules/intRulesCheckedSemantics.key)
	at de.uka.ilkd.key.control.AbstractUserInterfaceControl.load(AbstractUserInterfaceControl.java:221)
	at de.uka.ilkd.key.control.KeYEnvironment.load(KeYEnvironment.java:251)
	at de.uka.ilkd.key.control.KeYEnvironment.load(KeYEnvironment.java:224)
	at de.uka.ilkd.key.control.KeYEnvironment.load(KeYEnvironment.java:184)
	at de.uka.ilkd.key.control.KeYEnvironment.load(KeYEnvironment.java:261)
	at de.uka.ilkd.key.proof.runallproofs.proofcollection.TestFile.load(TestFile.java:270)
	at de.uka.ilkd.key.proof.runallproofs.proofcollection.TestFile.runKey(TestFile.java:160)
	at de.uka.ilkd.key.proof.runallproofs.proofcollection.ForkedTestFileRunner.main(ForkedTestFileRunner.java:171)
Caused by: de.uka.ilkd.key.proof.init.ProofInputException: Could not find rule file rules/intRulesCheckedSemantics.key
	at de.uka.ilkd.key.proof.io.KeYFile.readIncludes(KeYFile.java:210)
	at de.uka.ilkd.key.proof.init.ProblemInitializer.readIncludes(ProblemInitializer.java:177)
	at de.uka.ilkd.key.proof.init.ProblemInitializer.readEnvInput(ProblemInitializer.java:325)
	at de.uka.ilkd.key.proof.init.ProblemInitializer.prepare(ProblemInitializer.java:449)
	at de.uka.ilkd.key.proof.io.AbstractProblemLoader.createInitConfig(AbstractProblemLoader.java:518)
	at de.uka.ilkd.key.proof.io.AbstractProblemLoader.loadEnvironment(AbstractProblemLoader.java:288)
	at de.uka.ilkd.key.proof.io.AbstractProblemLoader.load(AbstractProblemLoader.java:252)
	at de.uka.ilkd.key.control.AbstractUserInterfaceControl.load(AbstractUserInterfaceControl.java:209)
	... 7 more
Caused by: java.lang.RuntimeException: Could not find rule file rules/intRulesCheckedSemantics.key
	at de.uka.ilkd.key.proof.io.RuleSourceFactory.fromBuiltInRule(RuleSourceFactory.java:32)
	at de.uka.ilkd.key.proof.io.RuleSourceFactory.fromDefaultLocation(RuleSourceFactory.java:21)
	at de.uka.ilkd.key.nparser.builder.IncludeFinder.addInclude(IncludeFinder.java:63)
	at de.uka.ilkd.key.nparser.builder.IncludeFinder.visitOne_include(IncludeFinder.java:43)
	at de.uka.ilkd.key.nparser.builder.IncludeFinder.visitOne_include(IncludeFinder.java:20)
	at de.uka.ilkd.key.nparser.KeYParser$One_includeContext.accept(KeYParser.java:878)
	at de.uka.ilkd.key.nparser.builder.AbstractBuilder.lambda$mapOf$0(AbstractBuilder.java:112)
	at java.base/java.util.stream.ReferencePipeline$3$1.accept(ReferencePipeline.java:195)
	at java.base/java.util.ArrayList$ArrayListSpliterator.forEachRemaining(ArrayList.java:1655)
	at java.base/java.util.stream.AbstractPipeline.copyInto(AbstractPipeline.java:484)
	at java.base/java.util.stream.AbstractPipeline.wrapAndCopyInto(AbstractPipeline.java:474)
	at java.base/java.util.stream.ReduceOps$ReduceOp.evaluateSequential(ReduceOps.java:913)
	at java.base/java.util.stream.AbstractPipeline.evaluate(AbstractPipeline.java:234)
	at java.base/java.util.stream.ReferencePipeline.collect(ReferencePipeline.java:578)
	at de.uka.ilkd.key.nparser.builder.AbstractBuilder.mapOf(AbstractBuilder.java:112)
	at de.uka.ilkd.key.nparser.builder.IncludeFinder.visitOne_include_statement(IncludeFinder.java:35)
	at de.uka.ilkd.key.nparser.builder.IncludeFinder.visitOne_include_statement(IncludeFinder.java:20)
	at de.uka.ilkd.key.nparser.KeYParser$One_include_statementContext.accept(KeYParser.java:802)
	at org.antlr.v4.runtime.tree.AbstractParseTreeVisitor.visitChildren(AbstractParseTreeVisitor.java:46)
	at de.uka.ilkd.key.nparser.KeYParserBaseVisitor.visitDecls(KeYParserBaseVisitor.java:30)
	at de.uka.ilkd.key.nparser.KeYParser$DeclsContext.accept(KeYParser.java:500)
	at org.antlr.v4.runtime.tree.AbstractParseTreeVisitor.visitChildren(AbstractParseTreeVisitor.java:46)
	at de.uka.ilkd.key.nparser.KeYParserBaseVisitor.visitFile(KeYParserBaseVisitor.java:23)
	at de.uka.ilkd.key.nparser.KeYParser$FileContext.accept(KeYParser.java:306)
	at de.uka.ilkd.key.nparser.KeyAst.accept(KeyAst.java:41)
	at de.uka.ilkd.key.nparser.KeyAst$File.getIncludes(KeyAst.java:76)
	at de.uka.ilkd.key.proof.io.KeYFile.readIncludes(KeYFile.java:208)
	... 14 more
Could not find rule file rules/intRulesCheckedSemantics.key (file: /home/runner/work/key/key/key.core/../key.ui/examples/index/../../../key.core/src/test/resources/testcase/classpath/classpath.key; caused by: de.uka.ilkd.key.proof.init.ProofInputException: Could not find rule file rules/intRulesCheckedSemantics.key)
	at de.uka.ilkd.key.control.AbstractUserInterfaceControl.load(AbstractUserInterfaceControl.java:221)
	at de.uka.ilkd.key.control.KeYEnvironment.load(KeYEnvironment.java:251)
	at de.uka.ilkd.key.control.KeYEnvironment.load(KeYEnvironment.java:224)
	at de.uka.ilkd.key.control.KeYEnvironment.load(KeYEnvironment.java:184)
	at de.uka.ilkd.key.control.KeYEnvironment.load(KeYEnvironment.java:261)
	at de.uka.ilkd.key.proof.runallproofs.proofcollection.TestFile.load(TestFile.java:270)
	at de.uka.ilkd.key.proof.runallproofs.proofcollection.TestFile.runKey(TestFile.java:160)
	at de.uka.ilkd.key.proof.runallproofs.proofcollection.ForkedTestFileRunner.main(ForkedTestFileRunner.java:171)
Caused by: de.uka.ilkd.key.proof.init.ProofInputException: Could not find rule file rules/intRulesCheckedSemantics.key
	at de.uka.ilkd.key.proof.io.KeYFile.readIncludes(KeYFile.java:210)
	at de.uka.ilkd.key.proof.init.ProblemInitializer.readIncludes(ProblemInitializer.java:177)
	at de.uka.ilkd.key.proof.init.ProblemInitializer.readEnvInput(ProblemInitializer.java:325)
	at de.uka.ilkd.key.proof.init.ProblemInitializer.prepare(ProblemInitializer.java:449)
	at de.uka.ilkd.key.proof.io.AbstractProblemLoader.createInitConfig(AbstractProblemLoader.java:518)
	at de.uka.ilkd.key.proof.io.AbstractProblemLoader.loadEnvironment(AbstractProblemLoader.java:288)
	at de.uka.ilkd.key.proof.io.AbstractProblemLoader.load(AbstractProblemLoader.java:252)
	at de.uka.ilkd.key.control.AbstractUserInterfaceControl.load(AbstractUserInterfaceControl.java:209)
	... 7 more
Caused by: java.lang.RuntimeException: Could not find rule file rules/intRulesCheckedSemantics.key
	at de.uka.ilkd.key.proof.io.RuleSourceFactory.fromBuiltInRule(RuleSourceFactory.java:32)
	at de.uka.ilkd.key.proof.io.RuleSourceFactory.fromDefaultLocation(RuleSourceFactory.java:21)
	at de.uka.ilkd.key.nparser.builder.IncludeFinder.addInclude(IncludeFinder.java:63)
	at de.uka.ilkd.key.nparser.builder.IncludeFinder.visitOne_include(IncludeFinder.java:43)
	at de.uka.ilkd.key.nparser.builder.IncludeFinder.visitOne_include(IncludeFinder.java:20)
	at de.uka.ilkd.key.nparser.KeYParser$One_includeContext.accept(KeYParser.java:878)
	at de.uka.ilkd.key.nparser.builder.AbstractBuilder.lambda$mapOf$0(AbstractBuilder.java:112)
	at java.base/java.util.stream.ReferencePipeline$3$1.accept(ReferencePipeline.java:195)
	at java.base/java.util.ArrayList$ArrayListSpliterator.forEachRemaining(ArrayList.java:1655)
	at java.base/java.util.stream.AbstractPipeline.copyInto(AbstractPipeline.java:484)
	at java.base/java.util.stream.AbstractPipeline.wrapAndCopyInto(AbstractPipeline.java:474)
	at java.base/java.util.stream.ReduceOps$ReduceOp.evaluateSequential(ReduceOps.java:913)
	at java.base/java.util.stream.AbstractPipeline.evaluate(AbstractPipeline.java:234)
	at java.base/java.util.stream.ReferencePipeline.collect(ReferencePipeline.java:578)
	at de.uka.ilkd.key.nparser.builder.AbstractBuilder.mapOf(AbstractBuilder.java:112)
	at de.uka.ilkd.key.nparser.builder.IncludeFinder.visitOne_include_statement(IncludeFinder.java:35)
	at de.uka.ilkd.key.nparser.builder.IncludeFinder.visitOne_include_statement(IncludeFinder.java:20)
	at de.uka.ilkd.key.nparser.KeYParser$One_include_statementContext.accept(KeYParser.java:802)
	at org.antlr.v4.runtime.tree.AbstractParseTreeVisitor.visitChildren(AbstractParseTreeVisitor.java:46)
	at de.uka.ilkd.key.nparser.KeYParserBaseVisitor.visitDecls(KeYParserBaseVisitor.java:30)
	at de.uka.ilkd.key.nparser.KeYParser$DeclsContext.accept(KeYParser.java:500)
	at org.antlr.v4.runtime.tree.AbstractParseTreeVisitor.visitChildren(AbstractParseTreeVisitor.java:46)
	at de.uka.ilkd.key.nparser.KeYParserBaseVisitor.visitFile(KeYParserBaseVisitor.java:23)
	at de.uka.ilkd.key.nparser.KeYParser$FileContext.accept(KeYParser.java:306)
	at de.uka.ilkd.key.nparser.KeyAst.accept(KeyAst.java:41)
	at de.uka.ilkd.key.nparser.KeyAst$File.getIncludes(KeyAst.java:76)
	at de.uka.ilkd.key.proof.io.KeYFile.readIncludes(KeYFile.java:208)
	... 14 more
Could not find rule file rules/intRulesCheckedSemantics.key (file: /home/runner/work/key/key/key.core/../key.ui/examples/index/.././heap/inconsistent_represents/MyClass_m.key; caused by: de.uka.ilkd.key.proof.init.ProofInputException: Could not find rule file rules/intRulesCheckedSemantics.key)
	at de.uka.ilkd.key.control.AbstractUserInterfaceControl.load(AbstractUserInterfaceControl.java:221)
	at de.uka.ilkd.key.control.KeYEnvironment.load(KeYEnvironment.java:251)
	at de.uka.ilkd.key.control.KeYEnvironment.load(KeYEnvironment.java:224)
	at de.uka.ilkd.key.control.KeYEnvironment.load(KeYEnvironment.java:184)
	at de.uka.ilkd.key.control.KeYEnvironment.load(KeYEnvironment.java:261)
	at de.uka.ilkd.key.proof.runallproofs.proofcollection.TestFile.load(TestFile.java:270)
	at de.uka.ilkd.key.proof.runallproofs.proofcollection.TestFile.runKey(TestFile.java:160)
	at de.uka.ilkd.key.proof.runallproofs.proofcollection.ForkedTestFileRunner.main(ForkedTestFileRunner.java:171)
Caused by: de.uka.ilkd.key.proof.init.ProofInputException: Could not find rule file rules/intRulesCheckedSemantics.key
	at de.uka.ilkd.key.proof.io.KeYFile.readIncludes(KeYFile.java:210)
	at de.uka.ilkd.key.proof.init.ProblemInitializer.readIncludes(ProblemInitializer.java:177)
	at de.uka.ilkd.key.proof.init.ProblemInitializer.readEnvInput(ProblemInitializer.java:325)
	at de.uka.ilkd.key.proof.init.ProblemInitializer.prepare(ProblemInitializer.java:449)
	at de.uka.ilkd.key.proof.io.AbstractProblemLoader.createInitConfig(AbstractProblemLoader.java:518)
	at de.uka.ilkd.key.proof.io.AbstractProblemLoader.loadEnvironment(AbstractProblemLoader.java:288)
	at de.uka.ilkd.key.proof.io.AbstractProblemLoader.load(AbstractProblemLoader.java:252)
	at de.uka.ilkd.key.control.AbstractUserInterfaceControl.load(AbstractUserInterfaceControl.java:209)
	... 7 more
Caused by: java.lang.RuntimeException: Could not find rule file rules/intRulesCheckedSemantics.key
	at de.uka.ilkd.key.proof.io.RuleSourceFactory.fromBuiltInRule(RuleSourceFactory.java:32)
	at de.uka.ilkd.key.proof.io.RuleSourceFactory.fromDefaultLocation(RuleSourceFactory.java:21)
	at de.uka.ilkd.key.nparser.builder.IncludeFinder.addInclude(IncludeFinder.java:63)
	at de.uka.ilkd.key.nparser.builder.IncludeFinder.visitOne_include(IncludeFinder.java:43)
	at de.uka.ilkd.key.nparser.builder.IncludeFinder.visitOne_include(IncludeFinder.java:20)
	at de.uka.ilkd.key.nparser.KeYParser$One_includeContext.accept(KeYParser.java:878)
	at de.uka.ilkd.key.nparser.builder.AbstractBuilder.lambda$mapOf$0(AbstractBuilder.java:112)
	at java.base/java.util.stream.ReferencePipeline$3$1.accept(ReferencePipeline.java:195)
	at java.base/java.util.ArrayList$ArrayListSpliterator.forEachRemaining(ArrayList.java:1655)
	at java.base/java.util.stream.AbstractPipeline.copyInto(AbstractPipeline.java:484)
	at java.base/java.util.stream.AbstractPipeline.wrapAndCopyInto(AbstractPipeline.java:474)
	at java.base/java.util.stream.ReduceOps$ReduceOp.evaluateSequential(ReduceOps.java:913)
	at java.base/java.util.stream.AbstractPipeline.evaluate(AbstractPipeline.java:234)
	at java.base/java.util.stream.ReferencePipeline.collect(ReferencePipeline.java:578)
	at de.uka.ilkd.key.nparser.builder.AbstractBuilder.mapOf(AbstractBuilder.java:112)
	at de.uka.ilkd.key.nparser.builder.IncludeFinder.visitOne_include_statement(IncludeFinder.java:35)
	at de.uka.ilkd.key.nparser.builder.IncludeFinder.visitOne_include_statement(IncludeFinder.java:20)
	at de.uka.ilkd.key.nparser.KeYParser$One_include_statementContext.accept(KeYParser.java:802)
	at org.antlr.v4.runtime.tree.AbstractParseTreeVisitor.visitChildren(AbstractParseTreeVisitor.java:46)
	at de.uka.ilkd.key.nparser.KeYParserBaseVisitor.visitDecls(KeYParserBaseVisitor.java:30)
	at de.uka.ilkd.key.nparser.KeYParser$DeclsContext.accept(KeYParser.java:500)
	at org.antlr.v4.runtime.tree.AbstractParseTreeVisitor.visitChildren(AbstractParseTreeVisitor.java:46)
	at de.uka.ilkd.key.nparser.KeYParserBaseVisitor.visitFile(KeYParserBaseVisitor.java:23)
	at de.uka.ilkd.key.nparser.KeYParser$FileContext.accept(KeYParser.java:306)
	at de.uka.ilkd.key.nparser.KeyAst.accept(KeyAst.java:41)
	at de.uka.ilkd.key.nparser.KeyAst$File.getIncludes(KeyAst.java:76)
	at de.uka.ilkd.key.proof.io.KeYFile.readIncludes(KeYFile.java:208)
	... 14 more
Could not find rule file rules/intRulesCheckedSemantics.key (file: /home/runner/work/key/key/key.core/../key.ui/examples/index/.././heap/inconsistent_represents/MyClass_n.key; caused by: de.uka.ilkd.key.proof.init.ProofInputException: Could not find rule file rules/intRulesCheckedSemantics.key)
	at de.uka.ilkd.key.control.AbstractUserInterfaceControl.load(AbstractUserInterfaceControl.java:221)
	at de.uka.ilkd.key.control.KeYEnvironment.load(KeYEnvironment.java:251)
	at de.uka.ilkd.key.control.KeYEnvironment.load(KeYEnvironment.java:224)
	at de.uka.ilkd.key.control.KeYEnvironment.load(KeYEnvironment.java:184)
	at de.uka.ilkd.key.control.KeYEnvironment.load(KeYEnvironment.java:261)
	at de.uka.ilkd.key.proof.runallproofs.proofcollection.TestFile.load(TestFile.java:270)
	at de.uka.ilkd.key.proof.runallproofs.proofcollection.TestFile.runKey(TestFile.java:160)
	at de.uka.ilkd.key.proof.runallproofs.proofcollection.ForkedTestFileRunner.main(ForkedTestFileRunner.java:171)
Caused by: de.uka.ilkd.key.proof.init.ProofInputException: Could not find rule file rules/intRulesCheckedSemantics.key
	at de.uka.ilkd.key.proof.io.KeYFile.readIncludes(KeYFile.java:210)
	at de.uka.ilkd.key.proof.init.ProblemInitializer.readIncludes(ProblemInitializer.java:177)
	at de.uka.ilkd.key.proof.init.ProblemInitializer.readEnvInput(ProblemInitializer.java:325)
	at de.uka.ilkd.key.proof.init.ProblemInitializer.prepare(ProblemInitializer.java:449)
	at de.uka.ilkd.key.proof.io.AbstractProblemLoader.createInitConfig(AbstractProblemLoader.java:518)
	at de.uka.ilkd.key.proof.io.AbstractProblemLoader.loadEnvironment(AbstractProblemLoader.java:288)
	at de.uka.ilkd.key.proof.io.AbstractProblemLoader.load(AbstractProblemLoader.java:252)
	at de.uka.ilkd.key.control.AbstractUserInterfaceControl.load(AbstractUserInterfaceControl.java:209)
	... 7 more
Caused by: java.lang.RuntimeException: Could not find rule file rules/intRulesCheckedSemantics.key
	at de.uka.ilkd.key.proof.io.RuleSourceFactory.fromBuiltInRule(RuleSourceFactory.java:32)
	at de.uka.ilkd.key.proof.io.RuleSourceFactory.fromDefaultLocation(RuleSourceFactory.java:21)
	at de.uka.ilkd.key.nparser.builder.IncludeFinder.addInclude(IncludeFinder.java:63)
	at de.uka.ilkd.key.nparser.builder.IncludeFinder.visitOne_include(IncludeFinder.java:43)
	at de.uka.ilkd.key.nparser.builder.IncludeFinder.visitOne_include(IncludeFinder.java:20)
	at de.uka.ilkd.key.nparser.KeYParser$One_includeContext.accept(KeYParser.java:878)
	at de.uka.ilkd.key.nparser.builder.AbstractBuilder.lambda$mapOf$0(AbstractBuilder.java:112)
	at java.base/java.util.stream.ReferencePipeline$3$1.accept(ReferencePipeline.java:195)
	at java.base/java.util.ArrayList$ArrayListSpliterator.forEachRemaining(ArrayList.java:1655)
	at java.base/java.util.stream.AbstractPipeline.copyInto(AbstractPipeline.java:484)
	at java.base/java.util.stream.AbstractPipeline.wrapAndCopyInto(AbstractPipeline.java:474)
	at java.base/java.util.stream.ReduceOps$ReduceOp.evaluateSequential(ReduceOps.java:913)
	at java.base/java.util.stream.AbstractPipeline.evaluate(AbstractPipeline.java:234)
	at java.base/java.util.stream.ReferencePipeline.collect(ReferencePipeline.java:578)
	at de.uka.ilkd.key.nparser.builder.AbstractBuilder.mapOf(AbstractBuilder.java:112)
	at de.uka.ilkd.key.nparser.builder.IncludeFinder.visitOne_include_statement(IncludeFinder.java:35)
	at de.uka.ilkd.key.nparser.builder.IncludeFinder.visitOne_include_statement(IncludeFinder.java:20)
	at de.uka.ilkd.key.nparser.KeYParser$One_include_statementContext.accept(KeYParser.java:802)
	at org.antlr.v4.runtime.tree.AbstractParseTreeVisitor.visitChildren(AbstractParseTreeVisitor.java:46)
	at de.uka.ilkd.key.nparser.KeYParserBaseVisitor.visitDecls(KeYParserBaseVisitor.java:30)
	at de.uka.ilkd.key.nparser.KeYParser$DeclsContext.accept(KeYParser.java:500)
	at org.antlr.v4.runtime.tree.AbstractParseTreeVisitor.visitChildren(AbstractParseTreeVisitor.java:46)
	at de.uka.ilkd.key.nparser.KeYParserBaseVisitor.visitFile(KeYParserBaseVisitor.java:23)
	at de.uka.ilkd.key.nparser.KeYParser$FileContext.accept(KeYParser.java:306)
	at de.uka.ilkd.key.nparser.KeyAst.accept(KeyAst.java:41)
	at de.uka.ilkd.key.nparser.KeyAst$File.getIncludes(KeyAst.java:76)
	at de.uka.ilkd.key.proof.io.KeYFile.readIncludes(KeYFile.java:208)
	... 14 more
Exception in thread "main" org.opentest4j.AssertionFailedError: Exception during the execution of proofs. See log for more details.
	at org.junit.jupiter.api.AssertionUtils.fail(AssertionUtils.java:39)
	at org.junit.jupiter.api.Assertions.fail(Assertions.java:134)
	at de.uka.ilkd.key.proof.runallproofs.proofcollection.ForkedTestFileRunner.main(ForkedTestFileRunner.java:192)
Timeout watcher launched (2000 secs.)
Could not find rule file rules/intRulesCheckedSemantics.key (file: /home/runner/work/key/key/key.core/../key.ui/examples/index/.././standard_key/pred_log/count.key; caused by: de.uka.ilkd.key.proof.init.ProofInputException: Could not find rule file rules/intRulesCheckedSemantics.key)
	at de.uka.ilkd.key.control.AbstractUserInterfaceControl.load(AbstractUserInterfaceControl.java:221)
	at de.uka.ilkd.key.control.KeYEnvironment.load(KeYEnvironment.java:251)
	at de.uka.ilkd.key.control.KeYEnvironment.load(KeYEnvironment.java:224)
	at de.uka.ilkd.key.control.KeYEnvironment.load(KeYEnvironment.java:184)
	at de.uka.ilkd.key.control.KeYEnvironment.load(KeYEnvironment.java:261)
	at de.uka.ilkd.key.proof.runallproofs.proofcollection.TestFile.load(TestFile.java:270)
	at de.uka.ilkd.key.proof.runallproofs.proofcollection.TestFile.runKey(TestFile.java:160)
	at de.uka.ilkd.key.proof.runallproofs.proofcollection.ForkedTestFileRunner.main(ForkedTestFileRunner.java:171)
Caused by: de.uka.ilkd.key.proof.init.ProofInputException: Could not find rule file rules/intRulesCheckedSemantics.key
	at de.uka.ilkd.key.proof.io.KeYFile.readIncludes(KeYFile.java:210)
	at de.uka.ilkd.key.proof.init.ProblemInitializer.readIncludes(ProblemInitializer.java:177)
	at de.uka.ilkd.key.proof.init.ProblemInitializer.readEnvInput(ProblemInitializer.java:325)
	at de.uka.ilkd.key.proof.init.ProblemInitializer.prepare(ProblemInitializer.java:449)
	at de.uka.ilkd.key.proof.io.AbstractProblemLoader.createInitConfig(AbstractProblemLoader.java:518)
	at de.uka.ilkd.key.proof.io.AbstractProblemLoader.loadEnvironment(AbstractProblemLoader.java:288)
	at de.uka.ilkd.key.proof.io.AbstractProblemLoader.load(AbstractProblemLoader.java:252)
	at de.uka.ilkd.key.control.AbstractUserInterfaceControl.load(AbstractUserInterfaceControl.java:209)
	... 7 more
Caused by: java.lang.RuntimeException: Could not find rule file rules/intRulesCheckedSemantics.key
	at de.uka.ilkd.key.proof.io.RuleSourceFactory.fromBuiltInRule(RuleSourceFactory.java:32)
	at de.uka.ilkd.key.proof.io.RuleSourceFactory.fromDefaultLocation(RuleSourceFactory.java:21)
	at de.uka.ilkd.key.nparser.builder.IncludeFinder.addInclude(IncludeFinder.java:63)
	at de.uka.ilkd.key.nparser.builder.IncludeFinder.visitOne_include(IncludeFinder.java:43)
	at de.uka.ilkd.key.nparser.builder.IncludeFinder.visitOne_include(IncludeFinder.java:20)
	at de.uka.ilkd.key.nparser.KeYParser$One_includeContext.accept(KeYParser.java:878)
	at de.uka.ilkd.key.nparser.builder.AbstractBuilder.lambda$mapOf$0(AbstractBuilder.java:112)
	at java.base/java.util.stream.ReferencePipeline$3$1.accept(ReferencePipeline.java:195)
	at java.base/java.util.ArrayList$ArrayListSpliterator.forEachRemaining(ArrayList.java:1655)
	at java.base/java.util.stream.AbstractPipeline.copyInto(AbstractPipeline.java:484)
	at java.base/java.util.stream.AbstractPipeline.wrapAndCopyInto(AbstractPipeline.java:474)
	at java.base/java.util.stream.ReduceOps$ReduceOp.evaluateSequential(ReduceOps.java:913)
	at java.base/java.util.stream.AbstractPipeline.evaluate(AbstractPipeline.java:234)
	at java.base/java.util.stream.ReferencePipeline.collect(ReferencePipeline.java:578)
	at de.uka.ilkd.key.nparser.builder.AbstractBuilder.mapOf(AbstractBuilder.java:112)
	at de.uka.ilkd.key.nparser.builder.IncludeFinder.visitOne_include_statement(IncludeFinder.java:35)
	at de.uka.ilkd.key.nparser.builder.IncludeFinder.visitOne_include_statement(IncludeFinder.java:20)
	at de.uka.ilkd.key.nparser.KeYParser$One_include_statementContext.accept(KeYParser.java:802)
	at org.antlr.v4.runtime.tree.AbstractParseTreeVisitor.visitChildren(AbstractParseTreeVisitor.java:46)
	at de.uka.ilkd.key.nparser.KeYParserBaseVisitor.visitDecls(KeYParserBaseVisitor.java:30)
	at de.uka.ilkd.key.nparser.KeYParser$DeclsContext.accept(KeYParser.java:500)
	at org.antlr.v4.runtime.tree.AbstractParseTreeVisitor.visitChildren(AbstractParseTreeVisitor.java:46)
	at de.uka.ilkd.key.nparser.KeYParserBaseVisitor.visitFile(KeYParserBaseVisitor.java:23)
	at de.uka.ilkd.key.nparser.KeYParser$FileContext.accept(KeYParser.java:306)
	at de.uka.ilkd.key.nparser.KeyAst.accept(KeyAst.java:41)
	at de.uka.ilkd.key.nparser.KeyAst$File.getIncludes(KeyAst.java:76)
	at de.uka.ilkd.key.proof.io.KeYFile.readIncludes(KeYFile.java:208)
	... 14 more
Could not find rule file rules/intRulesCheckedSemantics.key (file: /home/runner/work/key/key/key.core/../key.ui/examples/index/.././standard_key/pred_log/count2.key; caused by: de.uka.ilkd.key.proof.init.ProofInputException: Could not find rule file rules/intRulesCheckedSemantics.key)
	at de.uka.ilkd.key.control.AbstractUserInterfaceControl.load(AbstractUserInterfaceControl.java:221)
	at de.uka.ilkd.key.control.KeYEnvironment.load(KeYEnvironment.java:251)
	at de.uka.ilkd.key.control.KeYEnvironment.load(KeYEnvironment.java:224)
	at de.uka.ilkd.key.control.KeYEnvironment.load(KeYEnvironment.java:184)
	at de.uka.ilkd.key.control.KeYEnvironment.load(KeYEnvironment.java:261)
	at de.uka.ilkd.key.proof.runallproofs.proofcollection.TestFile.load(TestFile.java:270)
	at de.uka.ilkd.key.proof.runallproofs.proofcollection.TestFile.runKey(TestFile.java:160)
	at de.uka.ilkd.key.proof.runallproofs.proofcollection.ForkedTestFileRunner.main(ForkedTestFileRunner.java:171)
Caused by: de.uka.ilkd.key.proof.init.ProofInputException: Could not find rule file rules/intRulesCheckedSemantics.key
	at de.uka.ilkd.key.proof.io.KeYFile.readIncludes(KeYFile.java:210)
	at de.uka.ilkd.key.proof.init.ProblemInitializer.readIncludes(ProblemInitializer.java:177)
	at de.uka.ilkd.key.proof.init.ProblemInitializer.readEnvInput(ProblemInitializer.java:325)
	at de.uka.ilkd.key.proof.init.ProblemInitializer.prepare(ProblemInitializer.java:449)
	at de.uka.ilkd.key.proof.io.AbstractProblemLoader.createInitConfig(AbstractProblemLoader.java:518)
	at de.uka.ilkd.key.proof.io.AbstractProblemLoader.loadEnvironment(AbstractProblemLoader.java:288)
	at de.uka.ilkd.key.proof.io.AbstractProblemLoader.load(AbstractProblemLoader.java:252)
	at de.uka.ilkd.key.control.AbstractUserInterfaceControl.load(AbstractUserInterfaceControl.java:209)
	... 7 more
Caused by: java.lang.RuntimeException: Could not find rule file rules/intRulesCheckedSemantics.key
	at de.uka.ilkd.key.proof.io.RuleSourceFactory.fromBuiltInRule(RuleSourceFactory.java:32)
	at de.uka.ilkd.key.proof.io.RuleSourceFactory.fromDefaultLocation(RuleSourceFactory.java:21)
	at de.uka.ilkd.key.nparser.builder.IncludeFinder.addInclude(IncludeFinder.java:63)
	at de.uka.ilkd.key.nparser.builder.IncludeFinder.visitOne_include(IncludeFinder.java:43)
	at de.uka.ilkd.key.nparser.builder.IncludeFinder.visitOne_include(IncludeFinder.java:20)
	at de.uka.ilkd.key.nparser.KeYParser$One_includeContext.accept(KeYParser.java:878)
	at de.uka.ilkd.key.nparser.builder.AbstractBuilder.lambda$mapOf$0(AbstractBuilder.java:112)
	at java.base/java.util.stream.ReferencePipeline$3$1.accept(ReferencePipeline.java:195)
	at java.base/java.util.ArrayList$ArrayListSpliterator.forEachRemaining(ArrayList.java:1655)
	at java.base/java.util.stream.AbstractPipeline.copyInto(AbstractPipeline.java:484)
	at java.base/java.util.stream.AbstractPipeline.wrapAndCopyInto(AbstractPipeline.java:474)
	at java.base/java.util.stream.ReduceOps$ReduceOp.evaluateSequential(ReduceOps.java:913)
	at java.base/java.util.stream.AbstractPipeline.evaluate(AbstractPipeline.java:234)
	at java.base/java.util.stream.ReferencePipeline.collect(ReferencePipeline.java:578)
	at de.uka.ilkd.key.nparser.builder.AbstractBuilder.mapOf(AbstractBuilder.java:112)
	at de.uka.ilkd.key.nparser.builder.IncludeFinder.visitOne_include_statement(IncludeFinder.java:35)
	at de.uka.ilkd.key.nparser.builder.IncludeFinder.visitOne_include_statement(IncludeFinder.java:20)
	at de.uka.ilkd.key.nparser.KeYParser$One_include_statementContext.accept(KeYParser.java:802)
	at org.antlr.v4.runtime.tree.AbstractParseTreeVisitor.visitChildren(AbstractParseTreeVisitor.java:46)
	at de.uka.ilkd.key.nparser.KeYParserBaseVisitor.visitDecls(KeYParserBaseVisitor.java:30)
	at de.uka.ilkd.key.nparser.KeYParser$DeclsContext.accept(KeYParser.java:500)
	at org.antlr.v4.runtime.tree.AbstractParseTreeVisitor.visitChildren(AbstractParseTreeVisitor.java:46)
	at de.uka.ilkd.key.nparser.KeYParserBaseVisitor.visitFile(KeYParserBaseVisitor.java:23)
	at de.uka.ilkd.key.nparser.KeYParser$FileContext.accept(KeYParser.java:306)
	at de.uka.ilkd.key.nparser.KeyAst.accept(KeyAst.java:41)
	at de.uka.ilkd.key.nparser.KeyAst$File.getIncludes(KeyAst.java:76)
	at de.uka.ilkd.key.proof.io.KeYFile.readIncludes(KeYFile.java:208)
	... 14 more
Could not find rule file rules/intRulesCheckedSemantics.key (file: /home/runner/work/key/key/key.core/../key.ui/examples/index/.././standard_key/pred_log/count3.key; caused by: de.uka.ilkd.key.proof.init.ProofInputException: Could not find rule file rules/intRulesCheckedSemantics.key)
	at de.uka.ilkd.key.control.AbstractUserInterfaceControl.load(AbstractUserInterfaceControl.java:221)
	at de.uka.ilkd.key.control.KeYEnvironment.load(KeYEnvironment.java:251)
	at de.uka.ilkd.key.control.KeYEnvironment.load(KeYEnvironment.java:224)
	at de.uka.ilkd.key.control.KeYEnvironment.load(KeYEnvironment.java:184)
	at de.uka.ilkd.key.control.KeYEnvironment.load(KeYEnvironment.java:261)
	at de.uka.ilkd.key.proof.runallproofs.proofcollection.TestFile.load(TestFile.java:270)
	at de.uka.ilkd.key.proof.runallproofs.proofcollection.TestFile.runKey(TestFile.java:160)
	at de.uka.ilkd.key.proof.runallproofs.proofcollection.ForkedTestFileRunner.main(ForkedTestFileRunner.java:171)
Caused by: de.uka.ilkd.key.proof.init.ProofInputException: Could not find rule file rules/intRulesCheckedSemantics.key
	at de.uka.ilkd.key.proof.io.KeYFile.readIncludes(KeYFile.java:210)
	at de.uka.ilkd.key.proof.init.ProblemInitializer.readIncludes(ProblemInitializer.java:177)
	at de.uka.ilkd.key.proof.init.ProblemInitializer.readEnvInput(ProblemInitializer.java:325)
	at de.uka.ilkd.key.proof.init.ProblemInitializer.prepare(ProblemInitializer.java:449)
	at de.uka.ilkd.key.proof.io.AbstractProblemLoader.createInitConfig(AbstractProblemLoader.java:518)
	at de.uka.ilkd.key.proof.io.AbstractProblemLoader.loadEnvironment(AbstractProblemLoader.java:288)
	at de.uka.ilkd.key.proof.io.AbstractProblemLoader.load(AbstractProblemLoader.java:252)
	at de.uka.ilkd.key.control.AbstractUserInterfaceControl.load(AbstractUserInterfaceControl.java:209)
	... 7 more
Caused by: java.lang.RuntimeException: Could not find rule file rules/intRulesCheckedSemantics.key
	at de.uka.ilkd.key.proof.io.RuleSourceFactory.fromBuiltInRule(RuleSourceFactory.java:32)
	at de.uka.ilkd.key.proof.io.RuleSourceFactory.fromDefaultLocation(RuleSourceFactory.java:21)
	at de.uka.ilkd.key.nparser.builder.IncludeFinder.addInclude(IncludeFinder.java:63)
	at de.uka.ilkd.key.nparser.builder.IncludeFinder.visitOne_include(IncludeFinder.java:43)
	at de.uka.ilkd.key.nparser.builder.IncludeFinder.visitOne_include(IncludeFinder.java:20)
	at de.uka.ilkd.key.nparser.KeYParser$One_includeContext.accept(KeYParser.java:878)
	at de.uka.ilkd.key.nparser.builder.AbstractBuilder.lambda$mapOf$0(AbstractBuilder.java:112)
	at java.base/java.util.stream.ReferencePipeline$3$1.accept(ReferencePipeline.java:195)
	at java.base/java.util.ArrayList$ArrayListSpliterator.forEachRemaining(ArrayList.java:1655)
	at java.base/java.util.stream.AbstractPipeline.copyInto(AbstractPipeline.java:484)
	at java.base/java.util.stream.AbstractPipeline.wrapAndCopyInto(AbstractPipeline.java:474)
	at java.base/java.util.stream.ReduceOps$ReduceOp.evaluateSequential(ReduceOps.java:913)
	at java.base/java.util.stream.AbstractPipeline.evaluate(AbstractPipeline.java:234)
	at java.base/java.util.stream.ReferencePipeline.collect(ReferencePipeline.java:578)
	at de.uka.ilkd.key.nparser.builder.AbstractBuilder.mapOf(AbstractBuilder.java:112)
	at de.uka.ilkd.key.nparser.builder.IncludeFinder.visitOne_include_statement(IncludeFinder.java:35)
	at de.uka.ilkd.key.nparser.builder.IncludeFinder.visitOne_include_statement(IncludeFinder.java:20)
	at de.uka.ilkd.key.nparser.KeYParser$One_include_statementContext.accept(KeYParser.java:802)
	at org.antlr.v4.runtime.tree.AbstractParseTreeVisitor.visitChildren(AbstractParseTreeVisitor.java:46)
	at de.uka.ilkd.key.nparser.KeYParserBaseVisitor.visitDecls(KeYParserBaseVisitor.java:30)
	at de.uka.ilkd.key.nparser.KeYParser$DeclsContext.accept(KeYParser.java:500)
	at org.antlr.v4.runtime.tree.AbstractParseTreeVisitor.visitChildren(AbstractParseTreeVisitor.java:46)
	at de.uka.ilkd.key.nparser.KeYParserBaseVisitor.visitFile(KeYParserBaseVisitor.java:23)
	at de.uka.ilkd.key.nparser.KeYParser$FileContext.accept(KeYParser.java:306)
	at de.uka.ilkd.key.nparser.KeyAst.accept(KeyAst.java:41)
	at de.uka.ilkd.key.nparser.KeyAst$File.getIncludes(KeyAst.java:76)
	at de.uka.ilkd.key.proof.io.KeYFile.readIncludes(KeYFile.java:208)
	... 14 more
Could not find rule file rules/intRulesCheckedSemantics.key (file: /home/runner/work/key/key/key.core/../key.ui/examples/index/.././standard_key/pred_log/equalities.key; caused by: de.uka.ilkd.key.proof.init.ProofInputException: Could not find rule file rules/intRulesCheckedSemantics.key)
	at de.uka.ilkd.key.control.AbstractUserInterfaceControl.load(AbstractUserInterfaceControl.java:221)
	at de.uka.ilkd.key.control.KeYEnvironment.load(KeYEnvironment.java:251)
	at de.uka.ilkd.key.control.KeYEnvironment.load(KeYEnvironment.java:224)
	at de.uka.ilkd.key.control.KeYEnvironment.load(KeYEnvironment.java:184)
	at de.uka.ilkd.key.control.KeYEnvironment.load(KeYEnvironment.java:261)
	at de.uka.ilkd.key.proof.runallproofs.proofcollection.TestFile.load(TestFile.java:270)
	at de.uka.ilkd.key.proof.runallproofs.proofcollection.TestFile.runKey(TestFile.java:160)
	at de.uka.ilkd.key.proof.runallproofs.proofcollection.ForkedTestFileRunner.main(ForkedTestFileRunner.java:171)
Caused by: de.uka.ilkd.key.proof.init.ProofInputException: Could not find rule file rules/intRulesCheckedSemantics.key
	at de.uka.ilkd.key.proof.io.KeYFile.readIncludes(KeYFile.java:210)
	at de.uka.ilkd.key.proof.init.ProblemInitializer.readIncludes(ProblemInitializer.java:177)
	at de.uka.ilkd.key.proof.init.ProblemInitializer.readEnvInput(ProblemInitializer.java:325)
	at de.uka.ilkd.key.proof.init.ProblemInitializer.prepare(ProblemInitializer.java:449)
	at de.uka.ilkd.key.proof.io.AbstractProblemLoader.createInitConfig(AbstractProblemLoader.java:518)
	at de.uka.ilkd.key.proof.io.AbstractProblemLoader.loadEnvironment(AbstractProblemLoader.java:288)
	at de.uka.ilkd.key.proof.io.AbstractProblemLoader.load(AbstractProblemLoader.java:252)
	at de.uka.ilkd.key.control.AbstractUserInterfaceControl.load(AbstractUserInterfaceControl.java:209)
	... 7 more
Caused by: java.lang.RuntimeException: Could not find rule file rules/intRulesCheckedSemantics.key
	at de.uka.ilkd.key.proof.io.RuleSourceFactory.fromBuiltInRule(RuleSourceFactory.java:32)
	at de.uka.ilkd.key.proof.io.RuleSourceFactory.fromDefaultLocation(RuleSourceFactory.java:21)
	at de.uka.ilkd.key.nparser.builder.IncludeFinder.addInclude(IncludeFinder.java:63)
	at de.uka.ilkd.key.nparser.builder.IncludeFinder.visitOne_include(IncludeFinder.java:43)
	at de.uka.ilkd.key.nparser.builder.IncludeFinder.visitOne_include(IncludeFinder.java:20)
	at de.uka.ilkd.key.nparser.KeYParser$One_includeContext.accept(KeYParser.java:878)
	at de.uka.ilkd.key.nparser.builder.AbstractBuilder.lambda$mapOf$0(AbstractBuilder.java:112)
	at java.base/java.util.stream.ReferencePipeline$3$1.accept(ReferencePipeline.java:195)
	at java.base/java.util.ArrayList$ArrayListSpliterator.forEachRemaining(ArrayList.java:1655)
	at java.base/java.util.stream.AbstractPipeline.copyInto(AbstractPipeline.java:484)
	at java.base/java.util.stream.AbstractPipeline.wrapAndCopyInto(AbstractPipeline.java:474)
	at java.base/java.util.stream.ReduceOps$ReduceOp.evaluateSequential(ReduceOps.java:913)
	at java.base/java.util.stream.AbstractPipeline.evaluate(AbstractPipeline.java:234)
	at java.base/java.util.stream.ReferencePipeline.collect(ReferencePipeline.java:578)
	at de.uka.ilkd.key.nparser.builder.AbstractBuilder.mapOf(AbstractBuilder.java:112)
	at de.uka.ilkd.key.nparser.builder.IncludeFinder.visitOne_include_statement(IncludeFinder.java:35)
	at de.uka.ilkd.key.nparser.builder.IncludeFinder.visitOne_include_statement(IncludeFinder.java:20)
	at de.uka.ilkd.key.nparser.KeYParser$One_include_statementContext.accept(KeYParser.java:802)
	at org.antlr.v4.runtime.tree.AbstractParseTreeVisitor.visitChildren(AbstractParseTreeVisitor.java:46)
	at de.uka.ilkd.key.nparser.KeYParserBaseVisitor.visitDecls(KeYParserBaseVisitor.java:30)
	at de.uka.ilkd.key.nparser.KeYParser$DeclsContext.accept(KeYParser.java:500)
	at org.antlr.v4.runtime.tree.AbstractParseTreeVisitor.visitChildren(AbstractParseTreeVisitor.java:46)
	at de.uka.ilkd.key.nparser.KeYParserBaseVisitor.visitFile(KeYParserBaseVisitor.java:23)
	at de.uka.ilkd.key.nparser.KeYParser$FileContext.accept(KeYParser.java:306)
	at de.uka.ilkd.key.nparser.KeyAst.accept(KeyAst.java:41)
	at de.uka.ilkd.key.nparser.KeyAst$File.getIncludes(KeyAst.java:76)
	at de.uka.ilkd.key.proof.io.KeYFile.readIncludes(KeYFile.java:208)
	... 14 more
Could not find rule file rules/intRulesCheckedSemantics.key (file: /home/runner/work/key/key/key.core/../key.ui/examples/index/.././standard_key/pred_log/equalities2.key; caused by: de.uka.ilkd.key.proof.init.ProofInputException: Could not find rule file rules/intRulesCheckedSemantics.key)
	at de.uka.ilkd.key.control.AbstractUserInterfaceControl.load(AbstractUserInterfaceControl.java:221)
	at de.uka.ilkd.key.control.KeYEnvironment.load(KeYEnvironment.java:251)
	at de.uka.ilkd.key.control.KeYEnvironment.load(KeYEnvironment.java:224)
	at de.uka.ilkd.key.control.KeYEnvironment.load(KeYEnvironment.java:184)
	at de.uka.ilkd.key.control.KeYEnvironment.load(KeYEnvironment.java:261)
	at de.uka.ilkd.key.proof.runallproofs.proofcollection.TestFile.load(TestFile.java:270)
	at de.uka.ilkd.key.proof.runallproofs.proofcollection.TestFile.runKey(TestFile.java:160)
	at de.uka.ilkd.key.proof.runallproofs.proofcollection.ForkedTestFileRunner.main(ForkedTestFileRunner.java:171)
Caused by: de.uka.ilkd.key.proof.init.ProofInputException: Could not find rule file rules/intRulesCheckedSemantics.key
	at de.uka.ilkd.key.proof.io.KeYFile.readIncludes(KeYFile.java:210)
	at de.uka.ilkd.key.proof.init.ProblemInitializer.readIncludes(ProblemInitializer.java:177)
	at de.uka.ilkd.key.proof.init.ProblemInitializer.readEnvInput(ProblemInitializer.java:325)
	at de.uka.ilkd.key.proof.init.ProblemInitializer.prepare(ProblemInitializer.java:449)
	at de.uka.ilkd.key.proof.io.AbstractProblemLoader.createInitConfig(AbstractProblemLoader.java:518)
	at de.uka.ilkd.key.proof.io.AbstractProblemLoader.loadEnvironment(AbstractProblemLoader.java:288)
	at de.uka.ilkd.key.proof.io.AbstractProblemLoader.load(AbstractProblemLoader.java:252)
	at de.uka.ilkd.key.control.AbstractUserInterfaceControl.load(AbstractUserInterfaceControl.java:209)
	... 7 more
Caused by: java.lang.RuntimeException: Could not find rule file rules/intRulesCheckedSemantics.key
	at de.uka.ilkd.key.proof.io.RuleSourceFactory.fromBuiltInRule(RuleSourceFactory.java:32)
	at de.uka.ilkd.key.proof.io.RuleSourceFactory.fromDefaultLocation(RuleSourceFactory.java:21)
	at de.uka.ilkd.key.nparser.builder.IncludeFinder.addInclude(IncludeFinder.java:63)
	at de.uka.ilkd.key.nparser.builder.IncludeFinder.visitOne_include(IncludeFinder.java:43)
	at de.uka.ilkd.key.nparser.builder.IncludeFinder.visitOne_include(IncludeFinder.java:20)
	at de.uka.ilkd.key.nparser.KeYParser$One_includeContext.accept(KeYParser.java:878)
	at de.uka.ilkd.key.nparser.builder.AbstractBuilder.lambda$mapOf$0(AbstractBuilder.java:112)
	at java.base/java.util.stream.ReferencePipeline$3$1.accept(ReferencePipeline.java:195)
	at java.base/java.util.ArrayList$ArrayListSpliterator.forEachRemaining(ArrayList.java:1655)
	at java.base/java.util.stream.AbstractPipeline.copyInto(AbstractPipeline.java:484)
	at java.base/java.util.stream.AbstractPipeline.wrapAndCopyInto(AbstractPipeline.java:474)
	at java.base/java.util.stream.ReduceOps$ReduceOp.evaluateSequential(ReduceOps.java:913)
	at java.base/java.util.stream.AbstractPipeline.evaluate(AbstractPipeline.java:234)
	at java.base/java.util.stream.ReferencePipeline.collect(ReferencePipeline.java:578)
	at de.uka.ilkd.key.nparser.builder.AbstractBuilder.mapOf(AbstractBuilder.java:112)
	at de.uka.ilkd.key.nparser.builder.IncludeFinder.visitOne_include_statement(IncludeFinder.java:35)
	at de.uka.ilkd.key.nparser.builder.IncludeFinder.visitOne_include_statement(IncludeFinder.java:20)
	at de.uka.ilkd.key.nparser.KeYParser$One_include_statementContext.accept(KeYParser.java:802)
	at org.antlr.v4.runtime.tree.AbstractParseTreeVisitor.visitChildren(AbstractParseTreeVisitor.java:46)
	at de.uka.ilkd.key.nparser.KeYParserBaseVisitor.visitDecls(KeYParserBaseVisitor.java:30)
	at de.uka.ilkd.key.nparser.KeYParser$DeclsContext.accept(KeYParser.java:500)
	at org.antlr.v4.runtime.tree.AbstractParseTreeVisitor.visitChildren(AbstractParseTreeVisitor.java:46)
	at de.uka.ilkd.key.nparser.KeYParserBaseVisitor.visitFile(KeYParserBaseVisitor.java:23)
	at de.uka.ilkd.key.nparser.KeYParser$FileContext.accept(KeYParser.java:306)
	at de.uka.ilkd.key.nparser.KeyAst.accept(KeyAst.java:41)
	at de.uka.ilkd.key.nparser.KeyAst$File.getIncludes(KeyAst.java:76)
	at de.uka.ilkd.key.proof.io.KeYFile.readIncludes(KeYFile.java:208)
	... 14 more
Could not find rule file rules/intRulesCheckedSemantics.key (file: /home/runner/work/key/key/key.core/../key.ui/examples/index/.././standard_key/pred_log/equalities3.key; caused by: de.uka.ilkd.key.proof.init.ProofInputException: Could not find rule file rules/intRulesCheckedSemantics.key)
	at de.uka.ilkd.key.control.AbstractUserInterfaceControl.load(AbstractUserInterfaceControl.java:221)
	at de.uka.ilkd.key.control.KeYEnvironment.load(KeYEnvironment.java:251)
	at de.uka.ilkd.key.control.KeYEnvironment.load(KeYEnvironment.java:224)
	at de.uka.ilkd.key.control.KeYEnvironment.load(KeYEnvironment.java:184)
	at de.uka.ilkd.key.control.KeYEnvironment.load(KeYEnvironment.java:261)
	at de.uka.ilkd.key.proof.runallproofs.proofcollection.TestFile.load(TestFile.java:270)
	at de.uka.ilkd.key.proof.runallproofs.proofcollection.TestFile.runKey(TestFile.java:160)
	at de.uka.ilkd.key.proof.runallproofs.proofcollection.ForkedTestFileRunner.main(ForkedTestFileRunner.java:171)
Caused by: de.uka.ilkd.key.proof.init.ProofInputException: Could not find rule file rules/intRulesCheckedSemantics.key
	at de.uka.ilkd.key.proof.io.KeYFile.readIncludes(KeYFile.java:210)
	at de.uka.ilkd.key.proof.init.ProblemInitializer.readIncludes(ProblemInitializer.java:177)
	at de.uka.ilkd.key.proof.init.ProblemInitializer.readEnvInput(ProblemInitializer.java:325)
	at de.uka.ilkd.key.proof.init.ProblemInitializer.prepare(ProblemInitializer.java:449)
	at de.uka.ilkd.key.proof.io.AbstractProblemLoader.createInitConfig(AbstractProblemLoader.java:518)
	at de.uka.ilkd.key.proof.io.AbstractProblemLoader.loadEnvironment(AbstractProblemLoader.java:288)
	at de.uka.ilkd.key.proof.io.AbstractProblemLoader.load(AbstractProblemLoader.java:252)
	at de.uka.ilkd.key.control.AbstractUserInterfaceControl.load(AbstractUserInterfaceControl.java:209)
	... 7 more
Caused by: java.lang.RuntimeException: Could not find rule file rules/intRulesCheckedSemantics.key
	at de.uka.ilkd.key.proof.io.RuleSourceFactory.fromBuiltInRule(RuleSourceFactory.java:32)
	at de.uka.ilkd.key.proof.io.RuleSourceFactory.fromDefaultLocation(RuleSourceFactory.java:21)
	at de.uka.ilkd.key.nparser.builder.IncludeFinder.addInclude(IncludeFinder.java:63)
	at de.uka.ilkd.key.nparser.builder.IncludeFinder.visitOne_include(IncludeFinder.java:43)
	at de.uka.ilkd.key.nparser.builder.IncludeFinder.visitOne_include(IncludeFinder.java:20)
	at de.uka.ilkd.key.nparser.KeYParser$One_includeContext.accept(KeYParser.java:878)
	at de.uka.ilkd.key.nparser.builder.AbstractBuilder.lambda$mapOf$0(AbstractBuilder.java:112)
	at java.base/java.util.stream.ReferencePipeline$3$1.accept(ReferencePipeline.java:195)
	at java.base/java.util.ArrayList$ArrayListSpliterator.forEachRemaining(ArrayList.java:1655)
	at java.base/java.util.stream.AbstractPipeline.copyInto(AbstractPipeline.java:484)
	at java.base/java.util.stream.AbstractPipeline.wrapAndCopyInto(AbstractPipeline.java:474)
	at java.base/java.util.stream.ReduceOps$ReduceOp.evaluateSequential(ReduceOps.java:913)
	at java.base/java.util.stream.AbstractPipeline.evaluate(AbstractPipeline.java:234)
	at java.base/java.util.stream.ReferencePipeline.collect(ReferencePipeline.java:578)
	at de.uka.ilkd.key.nparser.builder.AbstractBuilder.mapOf(AbstractBuilder.java:112)
	at de.uka.ilkd.key.nparser.builder.IncludeFinder.visitOne_include_statement(IncludeFinder.java:35)
	at de.uka.ilkd.key.nparser.builder.IncludeFinder.visitOne_include_statement(IncludeFinder.java:20)
	at de.uka.ilkd.key.nparser.KeYParser$One_include_statementContext.accept(KeYParser.java:802)
	at org.antlr.v4.runtime.tree.AbstractParseTreeVisitor.visitChildren(AbstractParseTreeVisitor.java:46)
	at de.uka.ilkd.key.nparser.KeYParserBaseVisitor.visitDecls(KeYParserBaseVisitor.java:30)
	at de.uka.ilkd.key.nparser.KeYParser$DeclsContext.accept(KeYParser.java:500)
	at org.antlr.v4.runtime.tree.AbstractParseTreeVisitor.visitChildren(AbstractParseTreeVisitor.java:46)
	at de.uka.ilkd.key.nparser.KeYParserBaseVisitor.visitFile(KeYParserBaseVisitor.java:23)
	at de.uka.ilkd.key.nparser.KeYParser$FileContext.accept(KeYParser.java:306)
	at de.uka.ilkd.key.nparser.KeyAst.accept(KeyAst.java:41)
	at de.uka.ilkd.key.nparser.KeyAst$File.getIncludes(KeyAst.java:76)
	at de.uka.ilkd.key.proof.io.KeYFile.readIncludes(KeYFile.java:208)
	... 14 more
Could not find rule file rules/intRulesCheckedSemantics.key (file: /home/runner/work/key/key/key.core/../key.ui/examples/index/.././standard_key/pred_log/functions.key; caused by: de.uka.ilkd.key.proof.init.ProofInputException: Could not find rule file rules/intRulesCheckedSemantics.key)
	at de.uka.ilkd.key.control.AbstractUserInterfaceControl.load(AbstractUserInterfaceControl.java:221)
	at de.uka.ilkd.key.control.KeYEnvironment.load(KeYEnvironment.java:251)
	at de.uka.ilkd.key.control.KeYEnvironment.load(KeYEnvironment.java:224)
	at de.uka.ilkd.key.control.KeYEnvironment.load(KeYEnvironment.java:184)
	at de.uka.ilkd.key.control.KeYEnvironment.load(KeYEnvironment.java:261)
	at de.uka.ilkd.key.proof.runallproofs.proofcollection.TestFile.load(TestFile.java:270)
	at de.uka.ilkd.key.proof.runallproofs.proofcollection.TestFile.runKey(TestFile.java:160)
	at de.uka.ilkd.key.proof.runallproofs.proofcollection.ForkedTestFileRunner.main(ForkedTestFileRunner.java:171)
Caused by: de.uka.ilkd.key.proof.init.ProofInputException: Could not find rule file rules/intRulesCheckedSemantics.key
	at de.uka.ilkd.key.proof.io.KeYFile.readIncludes(KeYFile.java:210)
	at de.uka.ilkd.key.proof.init.ProblemInitializer.readIncludes(ProblemInitializer.java:177)
	at de.uka.ilkd.key.proof.init.ProblemInitializer.readEnvInput(ProblemInitializer.java:325)
	at de.uka.ilkd.key.proof.init.ProblemInitializer.prepare(ProblemInitializer.java:449)
	at de.uka.ilkd.key.proof.io.AbstractProblemLoader.createInitConfig(AbstractProblemLoader.java:518)
	at de.uka.ilkd.key.proof.io.AbstractProblemLoader.loadEnvironment(AbstractProblemLoader.java:288)
	at de.uka.ilkd.key.proof.io.AbstractProblemLoader.load(AbstractProblemLoader.java:252)
	at de.uka.ilkd.key.control.AbstractUserInterfaceControl.load(AbstractUserInterfaceControl.java:209)
	... 7 more
Caused by: java.lang.RuntimeException: Could not find rule file rules/intRulesCheckedSemantics.key
	at de.uka.ilkd.key.proof.io.RuleSourceFactory.fromBuiltInRule(RuleSourceFactory.java:32)
	at de.uka.ilkd.key.proof.io.RuleSourceFactory.fromDefaultLocation(RuleSourceFactory.java:21)
	at de.uka.ilkd.key.nparser.builder.IncludeFinder.addInclude(IncludeFinder.java:63)
	at de.uka.ilkd.key.nparser.builder.IncludeFinder.visitOne_include(IncludeFinder.java:43)
	at de.uka.ilkd.key.nparser.builder.IncludeFinder.visitOne_include(IncludeFinder.java:20)
	at de.uka.ilkd.key.nparser.KeYParser$One_includeContext.accept(KeYParser.java:878)
	at de.uka.ilkd.key.nparser.builder.AbstractBuilder.lambda$mapOf$0(AbstractBuilder.java:112)
	at java.base/java.util.stream.ReferencePipeline$3$1.accept(ReferencePipeline.java:195)
	at java.base/java.util.ArrayList$ArrayListSpliterator.forEachRemaining(ArrayList.java:1655)
	at java.base/java.util.stream.AbstractPipeline.copyInto(AbstractPipeline.java:484)
	at java.base/java.util.stream.AbstractPipeline.wrapAndCopyInto(AbstractPipeline.java:474)
	at java.base/java.util.stream.ReduceOps$ReduceOp.evaluateSequential(ReduceOps.java:913)
	at java.base/java.util.stream.AbstractPipeline.evaluate(AbstractPipeline.java:234)
	at java.base/java.util.stream.ReferencePipeline.collect(ReferencePipeline.java:578)
	at de.uka.ilkd.key.nparser.builder.AbstractBuilder.mapOf(AbstractBuilder.java:112)
	at de.uka.ilkd.key.nparser.builder.IncludeFinder.visitOne_include_statement(IncludeFinder.java:35)
	at de.uka.ilkd.key.nparser.builder.IncludeFinder.visitOne_include_statement(IncludeFinder.java:20)
	at de.uka.ilkd.key.nparser.KeYParser$One_include_statementContext.accept(KeYParser.java:802)
	at org.antlr.v4.runtime.tree.AbstractParseTreeVisitor.visitChildren(AbstractParseTreeVisitor.java:46)
	at de.uka.ilkd.key.nparser.KeYParserBaseVisitor.visitDecls(KeYParserBaseVisitor.java:30)
	at de.uka.ilkd.key.nparser.KeYParser$DeclsContext.accept(KeYParser.java:500)
	at org.antlr.v4.runtime.tree.AbstractParseTreeVisitor.visitChildren(AbstractParseTreeVisitor.java:46)
	at de.uka.ilkd.key.nparser.KeYParserBaseVisitor.visitFile(KeYParserBaseVisitor.java:23)
	at de.uka.ilkd.key.nparser.KeYParser$FileContext.accept(KeYParser.java:306)
	at de.uka.ilkd.key.nparser.KeyAst.accept(KeyAst.java:41)
	at de.uka.ilkd.key.nparser.KeyAst$File.getIncludes(KeyAst.java:76)
	at de.uka.ilkd.key.proof.io.KeYFile.readIncludes(KeYFile.java:208)
	... 14 more
Could not find rule file rules/intRulesCheckedSemantics.key (file: /home/runner/work/key/key/key.core/../key.ui/examples/index/.././standard_key/pred_log/mv1.key; caused by: de.uka.ilkd.key.proof.init.ProofInputException: Could not find rule file rules/intRulesCheckedSemantics.key)
	at de.uka.ilkd.key.control.AbstractUserInterfaceControl.load(AbstractUserInterfaceControl.java:221)
	at de.uka.ilkd.key.control.KeYEnvironment.load(KeYEnvironment.java:251)
	at de.uka.ilkd.key.control.KeYEnvironment.load(KeYEnvironment.java:224)
	at de.uka.ilkd.key.control.KeYEnvironment.load(KeYEnvironment.java:184)
	at de.uka.ilkd.key.control.KeYEnvironment.load(KeYEnvironment.java:261)
	at de.uka.ilkd.key.proof.runallproofs.proofcollection.TestFile.load(TestFile.java:270)
	at de.uka.ilkd.key.proof.runallproofs.proofcollection.TestFile.runKey(TestFile.java:160)
	at de.uka.ilkd.key.proof.runallproofs.proofcollection.ForkedTestFileRunner.main(ForkedTestFileRunner.java:171)
Caused by: de.uka.ilkd.key.proof.init.ProofInputException: Could not find rule file rules/intRulesCheckedSemantics.key
	at de.uka.ilkd.key.proof.io.KeYFile.readIncludes(KeYFile.java:210)
	at de.uka.ilkd.key.proof.init.ProblemInitializer.readIncludes(ProblemInitializer.java:177)
	at de.uka.ilkd.key.proof.init.ProblemInitializer.readEnvInput(ProblemInitializer.java:325)
	at de.uka.ilkd.key.proof.init.ProblemInitializer.prepare(ProblemInitializer.java:449)
	at de.uka.ilkd.key.proof.io.AbstractProblemLoader.createInitConfig(AbstractProblemLoader.java:518)
	at de.uka.ilkd.key.proof.io.AbstractProblemLoader.loadEnvironment(AbstractProblemLoader.java:288)
	at de.uka.ilkd.key.proof.io.AbstractProblemLoader.load(AbstractProblemLoader.java:252)
	at de.uka.ilkd.key.control.AbstractUserInterfaceControl.load(AbstractUserInterfaceControl.java:209)
	... 7 more
Caused by: java.lang.RuntimeException: Could not find rule file rules/intRulesCheckedSemantics.key
	at de.uka.ilkd.key.proof.io.RuleSourceFactory.fromBuiltInRule(RuleSourceFactory.java:32)
	at de.uka.ilkd.key.proof.io.RuleSourceFactory.fromDefaultLocation(RuleSourceFactory.java:21)
	at de.uka.ilkd.key.nparser.builder.IncludeFinder.addInclude(IncludeFinder.java:63)
	at de.uka.ilkd.key.nparser.builder.IncludeFinder.visitOne_include(IncludeFinder.java:43)
	at de.uka.ilkd.key.nparser.builder.IncludeFinder.visitOne_include(IncludeFinder.java:20)
	at de.uka.ilkd.key.nparser.KeYParser$One_includeContext.accept(KeYParser.java:878)
	at de.uka.ilkd.key.nparser.builder.AbstractBuilder.lambda$mapOf$0(AbstractBuilder.java:112)
	at java.base/java.util.stream.ReferencePipeline$3$1.accept(ReferencePipeline.java:195)
	at java.base/java.util.ArrayList$ArrayListSpliterator.forEachRemaining(ArrayList.java:1655)
	at java.base/java.util.stream.AbstractPipeline.copyInto(AbstractPipeline.java:484)
	at java.base/java.util.stream.AbstractPipeline.wrapAndCopyInto(AbstractPipeline.java:474)
	at java.base/java.util.stream.ReduceOps$ReduceOp.evaluateSequential(ReduceOps.java:913)
	at java.base/java.util.stream.AbstractPipeline.evaluate(AbstractPipeline.java:234)
	at java.base/java.util.stream.ReferencePipeline.collect(ReferencePipeline.java:578)
	at de.uka.ilkd.key.nparser.builder.AbstractBuilder.mapOf(AbstractBuilder.java:112)
	at de.uka.ilkd.key.nparser.builder.IncludeFinder.visitOne_include_statement(IncludeFinder.java:35)
	at de.uka.ilkd.key.nparser.builder.IncludeFinder.visitOne_include_statement(IncludeFinder.java:20)
	at de.uka.ilkd.key.nparser.KeYParser$One_include_statementContext.accept(KeYParser.java:802)
	at org.antlr.v4.runtime.tree.AbstractParseTreeVisitor.visitChildren(AbstractParseTreeVisitor.java:46)
	at de.uka.ilkd.key.nparser.KeYParserBaseVisitor.visitDecls(KeYParserBaseVisitor.java:30)
	at de.uka.ilkd.key.nparser.KeYParser$DeclsContext.accept(KeYParser.java:500)
	at org.antlr.v4.runtime.tree.AbstractParseTreeVisitor.visitChildren(AbstractParseTreeVisitor.java:46)
	at de.uka.ilkd.key.nparser.KeYParserBaseVisitor.visitFile(KeYParserBaseVisitor.java:23)
	at de.uka.ilkd.key.nparser.KeYParser$FileContext.accept(KeYParser.java:306)
	at de.uka.ilkd.key.nparser.KeyAst.accept(KeyAst.java:41)
	at de.uka.ilkd.key.nparser.KeyAst$File.getIncludes(KeyAst.java:76)
	at de.uka.ilkd.key.proof.io.KeYFile.readIncludes(KeYFile.java:208)
	... 14 more
Could not find rule file rules/intRulesCheckedSemantics.key (file: /home/runner/work/key/key/key.core/../key.ui/examples/index/.././standard_key/pred_log/mv2.key; caused by: de.uka.ilkd.key.proof.init.ProofInputException: Could not find rule file rules/intRulesCheckedSemantics.key)
	at de.uka.ilkd.key.control.AbstractUserInterfaceControl.load(AbstractUserInterfaceControl.java:221)
	at de.uka.ilkd.key.control.KeYEnvironment.load(KeYEnvironment.java:251)
	at de.uka.ilkd.key.control.KeYEnvironment.load(KeYEnvironment.java:224)
	at de.uka.ilkd.key.control.KeYEnvironment.load(KeYEnvironment.java:184)
	at de.uka.ilkd.key.control.KeYEnvironment.load(KeYEnvironment.java:261)
	at de.uka.ilkd.key.proof.runallproofs.proofcollection.TestFile.load(TestFile.java:270)
	at de.uka.ilkd.key.proof.runallproofs.proofcollection.TestFile.runKey(TestFile.java:160)
	at de.uka.ilkd.key.proof.runallproofs.proofcollection.ForkedTestFileRunner.main(ForkedTestFileRunner.java:171)
Caused by: de.uka.ilkd.key.proof.init.ProofInputException: Could not find rule file rules/intRulesCheckedSemantics.key
	at de.uka.ilkd.key.proof.io.KeYFile.readIncludes(KeYFile.java:210)
	at de.uka.ilkd.key.proof.init.ProblemInitializer.readIncludes(ProblemInitializer.java:177)
	at de.uka.ilkd.key.proof.init.ProblemInitializer.readEnvInput(ProblemInitializer.java:325)
	at de.uka.ilkd.key.proof.init.ProblemInitializer.prepare(ProblemInitializer.java:449)
	at de.uka.ilkd.key.proof.io.AbstractProblemLoader.createInitConfig(AbstractProblemLoader.java:518)
	at de.uka.ilkd.key.proof.io.AbstractProblemLoader.loadEnvironment(AbstractProblemLoader.java:288)
	at de.uka.ilkd.key.proof.io.AbstractProblemLoader.load(AbstractProblemLoader.java:252)
	at de.uka.ilkd.key.control.AbstractUserInterfaceControl.load(AbstractUserInterfaceControl.java:209)
	... 7 more
Caused by: java.lang.RuntimeException: Could not find rule file rules/intRulesCheckedSemantics.key
	at de.uka.ilkd.key.proof.io.RuleSourceFactory.fromBuiltInRule(RuleSourceFactory.java:32)
	at de.uka.ilkd.key.proof.io.RuleSourceFactory.fromDefaultLocation(RuleSourceFactory.java:21)
	at de.uka.ilkd.key.nparser.builder.IncludeFinder.addInclude(IncludeFinder.java:63)
	at de.uka.ilkd.key.nparser.builder.IncludeFinder.visitOne_include(IncludeFinder.java:43)
	at de.uka.ilkd.key.nparser.builder.IncludeFinder.visitOne_include(IncludeFinder.java:20)
	at de.uka.ilkd.key.nparser.KeYParser$One_includeContext.accept(KeYParser.java:878)
	at de.uka.ilkd.key.nparser.builder.AbstractBuilder.lambda$mapOf$0(AbstractBuilder.java:112)
	at java.base/java.util.stream.ReferencePipeline$3$1.accept(ReferencePipeline.java:195)
	at java.base/java.util.ArrayList$ArrayListSpliterator.forEachRemaining(ArrayList.java:1655)
	at java.base/java.util.stream.AbstractPipeline.copyInto(AbstractPipeline.java:484)
	at java.base/java.util.stream.AbstractPipeline.wrapAndCopyInto(AbstractPipeline.java:474)
	at java.base/java.util.stream.ReduceOps$ReduceOp.evaluateSequential(ReduceOps.java:913)
	at java.base/java.util.stream.AbstractPipeline.evaluate(AbstractPipeline.java:234)
	at java.base/java.util.stream.ReferencePipeline.collect(ReferencePipeline.java:578)
	at de.uka.ilkd.key.nparser.builder.AbstractBuilder.mapOf(AbstractBuilder.java:112)
	at de.uka.ilkd.key.nparser.builder.IncludeFinder.visitOne_include_statement(IncludeFinder.java:35)
	at de.uka.ilkd.key.nparser.builder.IncludeFinder.visitOne_include_statement(IncludeFinder.java:20)
	at de.uka.ilkd.key.nparser.KeYParser$One_include_statementContext.accept(KeYParser.java:802)
	at org.antlr.v4.runtime.tree.AbstractParseTreeVisitor.visitChildren(AbstractParseTreeVisitor.java:46)
	at de.uka.ilkd.key.nparser.KeYParserBaseVisitor.visitDecls(KeYParserBaseVisitor.java:30)
	at de.uka.ilkd.key.nparser.KeYParser$DeclsContext.accept(KeYParser.java:500)
	at org.antlr.v4.runtime.tree.AbstractParseTreeVisitor.visitChildren(AbstractParseTreeVisitor.java:46)
	at de.uka.ilkd.key.nparser.KeYParserBaseVisitor.visitFile(KeYParserBaseVisitor.java:23)
	at de.uka.ilkd.key.nparser.KeYParser$FileContext.accept(KeYParser.java:306)
	at de.uka.ilkd.key.nparser.KeyAst.accept(KeyAst.java:41)
	at de.uka.ilkd.key.nparser.KeyAst$File.getIncludes(KeyAst.java:76)
	at de.uka.ilkd.key.proof.io.KeYFile.readIncludes(KeYFile.java:208)
	... 14 more
Could not find rule file rules/intRulesCheckedSemantics.key (file: /home/runner/work/key/key/key.core/../key.ui/examples/index/.././standard_key/pred_log/quantifiers.key; caused by: de.uka.ilkd.key.proof.init.ProofInputException: Could not find rule file rules/intRulesCheckedSemantics.key)
	at de.uka.ilkd.key.control.AbstractUserInterfaceControl.load(AbstractUserInterfaceControl.java:221)
	at de.uka.ilkd.key.control.KeYEnvironment.load(KeYEnvironment.java:251)
	at de.uka.ilkd.key.control.KeYEnvironment.load(KeYEnvironment.java:224)
	at de.uka.ilkd.key.control.KeYEnvironment.load(KeYEnvironment.java:184)
	at de.uka.ilkd.key.control.KeYEnvironment.load(KeYEnvironment.java:261)
	at de.uka.ilkd.key.proof.runallproofs.proofcollection.TestFile.load(TestFile.java:270)
	at de.uka.ilkd.key.proof.runallproofs.proofcollection.TestFile.runKey(TestFile.java:160)
	at de.uka.ilkd.key.proof.runallproofs.proofcollection.ForkedTestFileRunner.main(ForkedTestFileRunner.java:171)
Caused by: de.uka.ilkd.key.proof.init.ProofInputException: Could not find rule file rules/intRulesCheckedSemantics.key
	at de.uka.ilkd.key.proof.io.KeYFile.readIncludes(KeYFile.java:210)
	at de.uka.ilkd.key.proof.init.ProblemInitializer.readIncludes(ProblemInitializer.java:177)
	at de.uka.ilkd.key.proof.init.ProblemInitializer.readEnvInput(ProblemInitializer.java:325)
	at de.uka.ilkd.key.proof.init.ProblemInitializer.prepare(ProblemInitializer.java:449)
	at de.uka.ilkd.key.proof.io.AbstractProblemLoader.createInitConfig(AbstractProblemLoader.java:518)
	at de.uka.ilkd.key.proof.io.AbstractProblemLoader.loadEnvironment(AbstractProblemLoader.java:288)
	at de.uka.ilkd.key.proof.io.AbstractProblemLoader.load(AbstractProblemLoader.java:252)
	at de.uka.ilkd.key.control.AbstractUserInterfaceControl.load(AbstractUserInterfaceControl.java:209)
	... 7 more
Caused by: java.lang.RuntimeException: Could not find rule file rules/intRulesCheckedSemantics.key
	at de.uka.ilkd.key.proof.io.RuleSourceFactory.fromBuiltInRule(RuleSourceFactory.java:32)
	at de.uka.ilkd.key.proof.io.RuleSourceFactory.fromDefaultLocation(RuleSourceFactory.java:21)
	at de.uka.ilkd.key.nparser.builder.IncludeFinder.addInclude(IncludeFinder.java:63)
	at de.uka.ilkd.key.nparser.builder.IncludeFinder.visitOne_include(IncludeFinder.java:43)
	at de.uka.ilkd.key.nparser.builder.IncludeFinder.visitOne_include(IncludeFinder.java:20)
	at de.uka.ilkd.key.nparser.KeYParser$One_includeContext.accept(KeYParser.java:878)
	at de.uka.ilkd.key.nparser.builder.AbstractBuilder.lambda$mapOf$0(AbstractBuilder.java:112)
	at java.base/java.util.stream.ReferencePipeline$3$1.accept(ReferencePipeline.java:195)
	at java.base/java.util.ArrayList$ArrayListSpliterator.forEachRemaining(ArrayList.java:1655)
	at java.base/java.util.stream.AbstractPipeline.copyInto(AbstractPipeline.java:484)
	at java.base/java.util.stream.AbstractPipeline.wrapAndCopyInto(AbstractPipeline.java:474)
	at java.base/java.util.stream.ReduceOps$ReduceOp.evaluateSequential(ReduceOps.java:913)
	at java.base/java.util.stream.AbstractPipeline.evaluate(AbstractPipeline.java:234)
	at java.base/java.util.stream.ReferencePipeline.collect(ReferencePipeline.java:578)
	at de.uka.ilkd.key.nparser.builder.AbstractBuilder.mapOf(AbstractBuilder.java:112)
	at de.uka.ilkd.key.nparser.builder.IncludeFinder.visitOne_include_statement(IncludeFinder.java:35)
	at de.uka.ilkd.key.nparser.builder.IncludeFinder.visitOne_include_statement(IncludeFinder.java:20)
	at de.uka.ilkd.key.nparser.KeYParser$One_include_statementContext.accept(KeYParser.java:802)
	at org.antlr.v4.runtime.tree.AbstractParseTreeVisitor.visitChildren(AbstractParseTreeVisitor.java:46)
	at de.uka.ilkd.key.nparser.KeYParserBaseVisitor.visitDecls(KeYParserBaseVisitor.java:30)
	at de.uka.ilkd.key.nparser.KeYParser$DeclsContext.accept(KeYParser.java:500)
	at org.antlr.v4.runtime.tree.AbstractParseTreeVisitor.visitChildren(AbstractParseTreeVisitor.java:46)
	at de.uka.ilkd.key.nparser.KeYParserBaseVisitor.visitFile(KeYParserBaseVisitor.java:23)
	at de.uka.ilkd.key.nparser.KeYParser$FileContext.accept(KeYParser.java:306)
	at de.uka.ilkd.key.nparser.KeyAst.accept(KeyAst.java:41)
	at de.uka.ilkd.key.nparser.KeyAst$File.getIncludes(KeyAst.java:76)
	at de.uka.ilkd.key.proof.io.KeYFile.readIncludes(KeYFile.java:208)
	... 14 more
Could not find rule file rules/intRulesCheckedSemantics.key (file: /home/runner/work/key/key/key.core/../key.ui/examples/index/.././standard_key/pred_log/simpleEps.key; caused by: de.uka.ilkd.key.proof.init.ProofInputException: Could not find rule file rules/intRulesCheckedSemantics.key)
	at de.uka.ilkd.key.control.AbstractUserInterfaceControl.load(AbstractUserInterfaceControl.java:221)
	at de.uka.ilkd.key.control.KeYEnvironment.load(KeYEnvironment.java:251)
	at de.uka.ilkd.key.control.KeYEnvironment.load(KeYEnvironment.java:224)
	at de.uka.ilkd.key.control.KeYEnvironment.load(KeYEnvironment.java:184)
	at de.uka.ilkd.key.control.KeYEnvironment.load(KeYEnvironment.java:261)
	at de.uka.ilkd.key.proof.runallproofs.proofcollection.TestFile.load(TestFile.java:270)
	at de.uka.ilkd.key.proof.runallproofs.proofcollection.TestFile.runKey(TestFile.java:160)
	at de.uka.ilkd.key.proof.runallproofs.proofcollection.ForkedTestFileRunner.main(ForkedTestFileRunner.java:171)
Caused by: de.uka.ilkd.key.proof.init.ProofInputException: Could not find rule file rules/intRulesCheckedSemantics.key
	at de.uka.ilkd.key.proof.io.KeYFile.readIncludes(KeYFile.java:210)
	at de.uka.ilkd.key.proof.init.ProblemInitializer.readIncludes(ProblemInitializer.java:177)
	at de.uka.ilkd.key.proof.init.ProblemInitializer.readEnvInput(ProblemInitializer.java:325)
	at de.uka.ilkd.key.proof.init.ProblemInitializer.prepare(ProblemInitializer.java:449)
	at de.uka.ilkd.key.proof.io.AbstractProblemLoader.createInitConfig(AbstractProblemLoader.java:518)
	at de.uka.ilkd.key.proof.io.AbstractProblemLoader.loadEnvironment(AbstractProblemLoader.java:288)
	at de.uka.ilkd.key.proof.io.AbstractProblemLoader.load(AbstractProblemLoader.java:252)
	at de.uka.ilkd.key.control.AbstractUserInterfaceControl.load(AbstractUserInterfaceControl.java:209)
	... 7 more
Caused by: java.lang.RuntimeException: Could not find rule file rules/intRulesCheckedSemantics.key
	at de.uka.ilkd.key.proof.io.RuleSourceFactory.fromBuiltInRule(RuleSourceFactory.java:32)
	at de.uka.ilkd.key.proof.io.RuleSourceFactory.fromDefaultLocation(RuleSourceFactory.java:21)
	at de.uka.ilkd.key.nparser.builder.IncludeFinder.addInclude(IncludeFinder.java:63)
	at de.uka.ilkd.key.nparser.builder.IncludeFinder.visitOne_include(IncludeFinder.java:43)
	at de.uka.ilkd.key.nparser.builder.IncludeFinder.visitOne_include(IncludeFinder.java:20)
	at de.uka.ilkd.key.nparser.KeYParser$One_includeContext.accept(KeYParser.java:878)
	at de.uka.ilkd.key.nparser.builder.AbstractBuilder.lambda$mapOf$0(AbstractBuilder.java:112)
	at java.base/java.util.stream.ReferencePipeline$3$1.accept(ReferencePipeline.java:195)
	at java.base/java.util.ArrayList$ArrayListSpliterator.forEachRemaining(ArrayList.java:1655)
	at java.base/java.util.stream.AbstractPipeline.copyInto(AbstractPipeline.java:484)
	at java.base/java.util.stream.AbstractPipeline.wrapAndCopyInto(AbstractPipeline.java:474)
	at java.base/java.util.stream.ReduceOps$ReduceOp.evaluateSequential(ReduceOps.java:913)
	at java.base/java.util.stream.AbstractPipeline.evaluate(AbstractPipeline.java:234)
	at java.base/java.util.stream.ReferencePipeline.collect(ReferencePipeline.java:578)
	at de.uka.ilkd.key.nparser.builder.AbstractBuilder.mapOf(AbstractBuilder.java:112)
	at de.uka.ilkd.key.nparser.builder.IncludeFinder.visitOne_include_statement(IncludeFinder.java:35)
	at de.uka.ilkd.key.nparser.builder.IncludeFinder.visitOne_include_statement(IncludeFinder.java:20)
	at de.uka.ilkd.key.nparser.KeYParser$One_include_statementContext.accept(KeYParser.java:802)
	at org.antlr.v4.runtime.tree.AbstractParseTreeVisitor.visitChildren(AbstractParseTreeVisitor.java:46)
	at de.uka.ilkd.key.nparser.KeYParserBaseVisitor.visitDecls(KeYParserBaseVisitor.java:30)
	at de.uka.ilkd.key.nparser.KeYParser$DeclsContext.accept(KeYParser.java:500)
	at org.antlr.v4.runtime.tree.AbstractParseTreeVisitor.visitChildren(AbstractParseTreeVisitor.java:46)
	at de.uka.ilkd.key.nparser.KeYParserBaseVisitor.visitFile(KeYParserBaseVisitor.java:23)
	at de.uka.ilkd.key.nparser.KeYParser$FileContext.accept(KeYParser.java:306)
	at de.uka.ilkd.key.nparser.KeyAst.accept(KeyAst.java:41)
	at de.uka.ilkd.key.nparser.KeyAst$File.getIncludes(KeyAst.java:76)
	at de.uka.ilkd.key.proof.io.KeYFile.readIncludes(KeYFile.java:208)
	... 14 more
Could not find rule file rules/intRulesCheckedSemantics.key (file: /home/runner/work/key/key/key.core/../key.ui/examples/index/.././standard_key/pred_log/steam1.key; caused by: de.uka.ilkd.key.proof.init.ProofInputException: Could not find rule file rules/intRulesCheckedSemantics.key)
	at de.uka.ilkd.key.control.AbstractUserInterfaceControl.load(AbstractUserInterfaceControl.java:221)
	at de.uka.ilkd.key.control.KeYEnvironment.load(KeYEnvironment.java:251)
	at de.uka.ilkd.key.control.KeYEnvironment.load(KeYEnvironment.java:224)
	at de.uka.ilkd.key.control.KeYEnvironment.load(KeYEnvironment.java:184)
	at de.uka.ilkd.key.control.KeYEnvironment.load(KeYEnvironment.java:261)
	at de.uka.ilkd.key.proof.runallproofs.proofcollection.TestFile.load(TestFile.java:270)
	at de.uka.ilkd.key.proof.runallproofs.proofcollection.TestFile.runKey(TestFile.java:160)
	at de.uka.ilkd.key.proof.runallproofs.proofcollection.ForkedTestFileRunner.main(ForkedTestFileRunner.java:171)
Caused by: de.uka.ilkd.key.proof.init.ProofInputException: Could not find rule file rules/intRulesCheckedSemantics.key
	at de.uka.ilkd.key.proof.io.KeYFile.readIncludes(KeYFile.java:210)
	at de.uka.ilkd.key.proof.init.ProblemInitializer.readIncludes(ProblemInitializer.java:177)
	at de.uka.ilkd.key.proof.init.ProblemInitializer.readEnvInput(ProblemInitializer.java:325)
	at de.uka.ilkd.key.proof.init.ProblemInitializer.prepare(ProblemInitializer.java:449)
	at de.uka.ilkd.key.proof.io.AbstractProblemLoader.createInitConfig(AbstractProblemLoader.java:518)
	at de.uka.ilkd.key.proof.io.AbstractProblemLoader.loadEnvironment(AbstractProblemLoader.java:288)
	at de.uka.ilkd.key.proof.io.AbstractProblemLoader.load(AbstractProblemLoader.java:252)
	at de.uka.ilkd.key.control.AbstractUserInterfaceControl.load(AbstractUserInterfaceControl.java:209)
	... 7 more
Caused by: java.lang.RuntimeException: Could not find rule file rules/intRulesCheckedSemantics.key
	at de.uka.ilkd.key.proof.io.RuleSourceFactory.fromBuiltInRule(RuleSourceFactory.java:32)
	at de.uka.ilkd.key.proof.io.RuleSourceFactory.fromDefaultLocation(RuleSourceFactory.java:21)
	at de.uka.ilkd.key.nparser.builder.IncludeFinder.addInclude(IncludeFinder.java:63)
	at de.uka.ilkd.key.nparser.builder.IncludeFinder.visitOne_include(IncludeFinder.java:43)
	at de.uka.ilkd.key.nparser.builder.IncludeFinder.visitOne_include(IncludeFinder.java:20)
	at de.uka.ilkd.key.nparser.KeYParser$One_includeContext.accept(KeYParser.java:878)
	at de.uka.ilkd.key.nparser.builder.AbstractBuilder.lambda$mapOf$0(AbstractBuilder.java:112)
	at java.base/java.util.stream.ReferencePipeline$3$1.accept(ReferencePipeline.java:195)
	at java.base/java.util.ArrayList$ArrayListSpliterator.forEachRemaining(ArrayList.java:1655)
	at java.base/java.util.stream.AbstractPipeline.copyInto(AbstractPipeline.java:484)
	at java.base/java.util.stream.AbstractPipeline.wrapAndCopyInto(AbstractPipeline.java:474)
	at java.base/java.util.stream.ReduceOps$ReduceOp.evaluateSequential(ReduceOps.java:913)
	at java.base/java.util.stream.AbstractPipeline.evaluate(AbstractPipeline.java:234)
	at java.base/java.util.stream.ReferencePipeline.collect(ReferencePipeline.java:578)
	at de.uka.ilkd.key.nparser.builder.AbstractBuilder.mapOf(AbstractBuilder.java:112)
	at de.uka.ilkd.key.nparser.builder.IncludeFinder.visitOne_include_statement(IncludeFinder.java:35)
	at de.uka.ilkd.key.nparser.builder.IncludeFinder.visitOne_include_statement(IncludeFinder.java:20)
	at de.uka.ilkd.key.nparser.KeYParser$One_include_statementContext.accept(KeYParser.java:802)
	at org.antlr.v4.runtime.tree.AbstractParseTreeVisitor.visitChildren(AbstractParseTreeVisitor.java:46)
	at de.uka.ilkd.key.nparser.KeYParserBaseVisitor.visitDecls(KeYParserBaseVisitor.java:30)
	at de.uka.ilkd.key.nparser.KeYParser$DeclsContext.accept(KeYParser.java:500)
	at org.antlr.v4.runtime.tree.AbstractParseTreeVisitor.visitChildren(AbstractParseTreeVisitor.java:46)
	at de.uka.ilkd.key.nparser.KeYParserBaseVisitor.visitFile(KeYParserBaseVisitor.java:23)
	at de.uka.ilkd.key.nparser.KeYParser$FileContext.accept(KeYParser.java:306)
	at de.uka.ilkd.key.nparser.KeyAst.accept(KeyAst.java:41)
	at de.uka.ilkd.key.nparser.KeyAst$File.getIncludes(KeyAst.java:76)
	at de.uka.ilkd.key.proof.io.KeYFile.readIncludes(KeYFile.java:208)
	... 14 more
Could not find rule file rules/intRulesCheckedSemantics.key (file: /home/runner/work/key/key/key.core/../key.ui/examples/index/.././standard_key/pred_log/tptp/PUZ/PUZ001p1.key; caused by: de.uka.ilkd.key.proof.init.ProofInputException: Could not find rule file rules/intRulesCheckedSemantics.key)
	at de.uka.ilkd.key.control.AbstractUserInterfaceControl.load(AbstractUserInterfaceControl.java:221)
	at de.uka.ilkd.key.control.KeYEnvironment.load(KeYEnvironment.java:251)
	at de.uka.ilkd.key.control.KeYEnvironment.load(KeYEnvironment.java:224)
	at de.uka.ilkd.key.control.KeYEnvironment.load(KeYEnvironment.java:184)
	at de.uka.ilkd.key.control.KeYEnvironment.load(KeYEnvironment.java:261)
	at de.uka.ilkd.key.proof.runallproofs.proofcollection.TestFile.load(TestFile.java:270)
	at de.uka.ilkd.key.proof.runallproofs.proofcollection.TestFile.runKey(TestFile.java:160)
	at de.uka.ilkd.key.proof.runallproofs.proofcollection.ForkedTestFileRunner.main(ForkedTestFileRunner.java:171)
Caused by: de.uka.ilkd.key.proof.init.ProofInputException: Could not find rule file rules/intRulesCheckedSemantics.key
	at de.uka.ilkd.key.proof.io.KeYFile.readIncludes(KeYFile.java:210)
	at de.uka.ilkd.key.proof.init.ProblemInitializer.readIncludes(ProblemInitializer.java:177)
	at de.uka.ilkd.key.proof.init.ProblemInitializer.readEnvInput(ProblemInitializer.java:325)
	at de.uka.ilkd.key.proof.init.ProblemInitializer.prepare(ProblemInitializer.java:449)
	at de.uka.ilkd.key.proof.io.AbstractProblemLoader.createInitConfig(AbstractProblemLoader.java:518)
	at de.uka.ilkd.key.proof.io.AbstractProblemLoader.loadEnvironment(AbstractProblemLoader.java:288)
	at de.uka.ilkd.key.proof.io.AbstractProblemLoader.load(AbstractProblemLoader.java:252)
	at de.uka.ilkd.key.control.AbstractUserInterfaceControl.load(AbstractUserInterfaceControl.java:209)
	... 7 more
Caused by: java.lang.RuntimeException: Could not find rule file rules/intRulesCheckedSemantics.key
	at de.uka.ilkd.key.proof.io.RuleSourceFactory.fromBuiltInRule(RuleSourceFactory.java:32)
	at de.uka.ilkd.key.proof.io.RuleSourceFactory.fromDefaultLocation(RuleSourceFactory.java:21)
	at de.uka.ilkd.key.nparser.builder.IncludeFinder.addInclude(IncludeFinder.java:63)
	at de.uka.ilkd.key.nparser.builder.IncludeFinder.visitOne_include(IncludeFinder.java:43)
	at de.uka.ilkd.key.nparser.builder.IncludeFinder.visitOne_include(IncludeFinder.java:20)
	at de.uka.ilkd.key.nparser.KeYParser$One_includeContext.accept(KeYParser.java:878)
	at de.uka.ilkd.key.nparser.builder.AbstractBuilder.lambda$mapOf$0(AbstractBuilder.java:112)
	at java.base/java.util.stream.ReferencePipeline$3$1.accept(ReferencePipeline.java:195)
	at java.base/java.util.ArrayList$ArrayListSpliterator.forEachRemaining(ArrayList.java:1655)
	at java.base/java.util.stream.AbstractPipeline.copyInto(AbstractPipeline.java:484)
	at java.base/java.util.stream.AbstractPipeline.wrapAndCopyInto(AbstractPipeline.java:474)
	at java.base/java.util.stream.ReduceOps$ReduceOp.evaluateSequential(ReduceOps.java:913)
	at java.base/java.util.stream.AbstractPipeline.evaluate(AbstractPipeline.java:234)
	at java.base/java.util.stream.ReferencePipeline.collect(ReferencePipeline.java:578)
	at de.uka.ilkd.key.nparser.builder.AbstractBuilder.mapOf(AbstractBuilder.java:112)
	at de.uka.ilkd.key.nparser.builder.IncludeFinder.visitOne_include_statement(IncludeFinder.java:35)
	at de.uka.ilkd.key.nparser.builder.IncludeFinder.visitOne_include_statement(IncludeFinder.java:20)
	at de.uka.ilkd.key.nparser.KeYParser$One_include_statementContext.accept(KeYParser.java:802)
	at org.antlr.v4.runtime.tree.AbstractParseTreeVisitor.visitChildren(AbstractParseTreeVisitor.java:46)
	at de.uka.ilkd.key.nparser.KeYParserBaseVisitor.visitDecls(KeYParserBaseVisitor.java:30)
	at de.uka.ilkd.key.nparser.KeYParser$DeclsContext.accept(KeYParser.java:500)
	at org.antlr.v4.runtime.tree.AbstractParseTreeVisitor.visitChildren(AbstractParseTreeVisitor.java:46)
	at de.uka.ilkd.key.nparser.KeYParserBaseVisitor.visitFile(KeYParserBaseVisitor.java:23)
	at de.uka.ilkd.key.nparser.KeYParser$FileContext.accept(KeYParser.java:306)
	at de.uka.ilkd.key.nparser.KeyAst.accept(KeyAst.java:41)
	at de.uka.ilkd.key.nparser.KeyAst$File.getIncludes(KeyAst.java:76)
	at de.uka.ilkd.key.proof.io.KeYFile.readIncludes(KeYFile.java:208)
	... 14 more
Could not find rule file rules/intRulesCheckedSemantics.key (file: /home/runner/work/key/key/key.core/../key.ui/examples/index/.././standard_key/pred_log/tptp/PUZ/PUZ001p1-eq.key; caused by: de.uka.ilkd.key.proof.init.ProofInputException: Could not find rule file rules/intRulesCheckedSemantics.key)
	at de.uka.ilkd.key.control.AbstractUserInterfaceControl.load(AbstractUserInterfaceControl.java:221)
	at de.uka.ilkd.key.control.KeYEnvironment.load(KeYEnvironment.java:251)
	at de.uka.ilkd.key.control.KeYEnvironment.load(KeYEnvironment.java:224)
	at de.uka.ilkd.key.control.KeYEnvironment.load(KeYEnvironment.java:184)
	at de.uka.ilkd.key.control.KeYEnvironment.load(KeYEnvironment.java:261)
	at de.uka.ilkd.key.proof.runallproofs.proofcollection.TestFile.load(TestFile.java:270)
	at de.uka.ilkd.key.proof.runallproofs.proofcollection.TestFile.runKey(TestFile.java:160)
	at de.uka.ilkd.key.proof.runallproofs.proofcollection.ForkedTestFileRunner.main(ForkedTestFileRunner.java:171)
Caused by: de.uka.ilkd.key.proof.init.ProofInputException: Could not find rule file rules/intRulesCheckedSemantics.key
	at de.uka.ilkd.key.proof.io.KeYFile.readIncludes(KeYFile.java:210)
	at de.uka.ilkd.key.proof.init.ProblemInitializer.readIncludes(ProblemInitializer.java:177)
	at de.uka.ilkd.key.proof.init.ProblemInitializer.readEnvInput(ProblemInitializer.java:325)
	at de.uka.ilkd.key.proof.init.ProblemInitializer.prepare(ProblemInitializer.java:449)
	at de.uka.ilkd.key.proof.io.AbstractProblemLoader.createInitConfig(AbstractProblemLoader.java:518)
	at de.uka.ilkd.key.proof.io.AbstractProblemLoader.loadEnvironment(AbstractProblemLoader.java:288)
	at de.uka.ilkd.key.proof.io.AbstractProblemLoader.load(AbstractProblemLoader.java:252)
	at de.uka.ilkd.key.control.AbstractUserInterfaceControl.load(AbstractUserInterfaceControl.java:209)
	... 7 more
Caused by: java.lang.RuntimeException: Could not find rule file rules/intRulesCheckedSemantics.key
	at de.uka.ilkd.key.proof.io.RuleSourceFactory.fromBuiltInRule(RuleSourceFactory.java:32)
	at de.uka.ilkd.key.proof.io.RuleSourceFactory.fromDefaultLocation(RuleSourceFactory.java:21)
	at de.uka.ilkd.key.nparser.builder.IncludeFinder.addInclude(IncludeFinder.java:63)
	at de.uka.ilkd.key.nparser.builder.IncludeFinder.visitOne_include(IncludeFinder.java:43)
	at de.uka.ilkd.key.nparser.builder.IncludeFinder.visitOne_include(IncludeFinder.java:20)
	at de.uka.ilkd.key.nparser.KeYParser$One_includeContext.accept(KeYParser.java:878)
	at de.uka.ilkd.key.nparser.builder.AbstractBuilder.lambda$mapOf$0(AbstractBuilder.java:112)
	at java.base/java.util.stream.ReferencePipeline$3$1.accept(ReferencePipeline.java:195)
	at java.base/java.util.ArrayList$ArrayListSpliterator.forEachRemaining(ArrayList.java:1655)
	at java.base/java.util.stream.AbstractPipeline.copyInto(AbstractPipeline.java:484)
	at java.base/java.util.stream.AbstractPipeline.wrapAndCopyInto(AbstractPipeline.java:474)
	at java.base/java.util.stream.ReduceOps$ReduceOp.evaluateSequential(ReduceOps.java:913)
	at java.base/java.util.stream.AbstractPipeline.evaluate(AbstractPipeline.java:234)
	at java.base/java.util.stream.ReferencePipeline.collect(ReferencePipeline.java:578)
	at de.uka.ilkd.key.nparser.builder.AbstractBuilder.mapOf(AbstractBuilder.java:112)
	at de.uka.ilkd.key.nparser.builder.IncludeFinder.visitOne_include_statement(IncludeFinder.java:35)
	at de.uka.ilkd.key.nparser.builder.IncludeFinder.visitOne_include_statement(IncludeFinder.java:20)
	at de.uka.ilkd.key.nparser.KeYParser$One_include_statementContext.accept(KeYParser.java:802)
	at org.antlr.v4.runtime.tree.AbstractParseTreeVisitor.visitChildren(AbstractParseTreeVisitor.java:46)
	at de.uka.ilkd.key.nparser.KeYParserBaseVisitor.visitDecls(KeYParserBaseVisitor.java:30)
	at de.uka.ilkd.key.nparser.KeYParser$DeclsContext.accept(KeYParser.java:500)
	at org.antlr.v4.runtime.tree.AbstractParseTreeVisitor.visitChildren(AbstractParseTreeVisitor.java:46)
	at de.uka.ilkd.key.nparser.KeYParserBaseVisitor.visitFile(KeYParserBaseVisitor.java:23)
	at de.uka.ilkd.key.nparser.KeYParser$FileContext.accept(KeYParser.java:306)
	at de.uka.ilkd.key.nparser.KeyAst.accept(KeyAst.java:41)
	at de.uka.ilkd.key.nparser.KeyAst$File.getIncludes(KeyAst.java:76)
	at de.uka.ilkd.key.proof.io.KeYFile.readIncludes(KeYFile.java:208)
	... 14 more
Could not find rule file rules/intRulesCheckedSemantics.key (file: /home/runner/work/key/key/key.core/../key.ui/examples/index/.././standard_key/pred_log/tptp/PUZ/PUZ031p1.key; caused by: de.uka.ilkd.key.proof.init.ProofInputException: Could not find rule file rules/intRulesCheckedSemantics.key)
	at de.uka.ilkd.key.control.AbstractUserInterfaceControl.load(AbstractUserInterfaceControl.java:221)
	at de.uka.ilkd.key.control.KeYEnvironment.load(KeYEnvironment.java:251)
	at de.uka.ilkd.key.control.KeYEnvironment.load(KeYEnvironment.java:224)
	at de.uka.ilkd.key.control.KeYEnvironment.load(KeYEnvironment.java:184)
	at de.uka.ilkd.key.control.KeYEnvironment.load(KeYEnvironment.java:261)
	at de.uka.ilkd.key.proof.runallproofs.proofcollection.TestFile.load(TestFile.java:270)
	at de.uka.ilkd.key.proof.runallproofs.proofcollection.TestFile.runKey(TestFile.java:160)
	at de.uka.ilkd.key.proof.runallproofs.proofcollection.ForkedTestFileRunner.main(ForkedTestFileRunner.java:171)
Caused by: de.uka.ilkd.key.proof.init.ProofInputException: Could not find rule file rules/intRulesCheckedSemantics.key
	at de.uka.ilkd.key.proof.io.KeYFile.readIncludes(KeYFile.java:210)
	at de.uka.ilkd.key.proof.init.ProblemInitializer.readIncludes(ProblemInitializer.java:177)
	at de.uka.ilkd.key.proof.init.ProblemInitializer.readEnvInput(ProblemInitializer.java:325)
	at de.uka.ilkd.key.proof.init.ProblemInitializer.prepare(ProblemInitializer.java:449)
	at de.uka.ilkd.key.proof.io.AbstractProblemLoader.createInitConfig(AbstractProblemLoader.java:518)
	at de.uka.ilkd.key.proof.io.AbstractProblemLoader.loadEnvironment(AbstractProblemLoader.java:288)
	at de.uka.ilkd.key.proof.io.AbstractProblemLoader.load(AbstractProblemLoader.java:252)
	at de.uka.ilkd.key.control.AbstractUserInterfaceControl.load(AbstractUserInterfaceControl.java:209)
	... 7 more
Caused by: java.lang.RuntimeException: Could not find rule file rules/intRulesCheckedSemantics.key
	at de.uka.ilkd.key.proof.io.RuleSourceFactory.fromBuiltInRule(RuleSourceFactory.java:32)
	at de.uka.ilkd.key.proof.io.RuleSourceFactory.fromDefaultLocation(RuleSourceFactory.java:21)
	at de.uka.ilkd.key.nparser.builder.IncludeFinder.addInclude(IncludeFinder.java:63)
	at de.uka.ilkd.key.nparser.builder.IncludeFinder.visitOne_include(IncludeFinder.java:43)
	at de.uka.ilkd.key.nparser.builder.IncludeFinder.visitOne_include(IncludeFinder.java:20)
	at de.uka.ilkd.key.nparser.KeYParser$One_includeContext.accept(KeYParser.java:878)
	at de.uka.ilkd.key.nparser.builder.AbstractBuilder.lambda$mapOf$0(AbstractBuilder.java:112)
	at java.base/java.util.stream.ReferencePipeline$3$1.accept(ReferencePipeline.java:195)
	at java.base/java.util.ArrayList$ArrayListSpliterator.forEachRemaining(ArrayList.java:1655)
	at java.base/java.util.stream.AbstractPipeline.copyInto(AbstractPipeline.java:484)
	at java.base/java.util.stream.AbstractPipeline.wrapAndCopyInto(AbstractPipeline.java:474)
	at java.base/java.util.stream.ReduceOps$ReduceOp.evaluateSequential(ReduceOps.java:913)
	at java.base/java.util.stream.AbstractPipeline.evaluate(AbstractPipeline.java:234)
	at java.base/java.util.stream.ReferencePipeline.collect(ReferencePipeline.java:578)
	at de.uka.ilkd.key.nparser.builder.AbstractBuilder.mapOf(AbstractBuilder.java:112)
	at de.uka.ilkd.key.nparser.builder.IncludeFinder.visitOne_include_statement(IncludeFinder.java:35)
	at de.uka.ilkd.key.nparser.builder.IncludeFinder.visitOne_include_statement(IncludeFinder.java:20)
	at de.uka.ilkd.key.nparser.KeYParser$One_include_statementContext.accept(KeYParser.java:802)
	at org.antlr.v4.runtime.tree.AbstractParseTreeVisitor.visitChildren(AbstractParseTreeVisitor.java:46)
	at de.uka.ilkd.key.nparser.KeYParserBaseVisitor.visitDecls(KeYParserBaseVisitor.java:30)
	at de.uka.ilkd.key.nparser.KeYParser$DeclsContext.accept(KeYParser.java:500)
	at org.antlr.v4.runtime.tree.AbstractParseTreeVisitor.visitChildren(AbstractParseTreeVisitor.java:46)
	at de.uka.ilkd.key.nparser.KeYParserBaseVisitor.visitFile(KeYParserBaseVisitor.java:23)
	at de.uka.ilkd.key.nparser.KeYParser$FileContext.accept(KeYParser.java:306)
	at de.uka.ilkd.key.nparser.KeyAst.accept(KeyAst.java:41)
	at de.uka.ilkd.key.nparser.KeyAst$File.getIncludes(KeyAst.java:76)
	at de.uka.ilkd.key.proof.io.KeYFile.readIncludes(KeYFile.java:208)
	... 14 more
Could not find rule file rules/intRulesCheckedSemantics.key (file: /home/runner/work/key/key/key.core/../key.ui/examples/index/.././standard_key/pred_log/tptp/SET/SET027p3.key; caused by: de.uka.ilkd.key.proof.init.ProofInputException: Could not find rule file rules/intRulesCheckedSemantics.key)
	at de.uka.ilkd.key.control.AbstractUserInterfaceControl.load(AbstractUserInterfaceControl.java:221)
	at de.uka.ilkd.key.control.KeYEnvironment.load(KeYEnvironment.java:251)
	at de.uka.ilkd.key.control.KeYEnvironment.load(KeYEnvironment.java:224)
	at de.uka.ilkd.key.control.KeYEnvironment.load(KeYEnvironment.java:184)
	at de.uka.ilkd.key.control.KeYEnvironment.load(KeYEnvironment.java:261)
	at de.uka.ilkd.key.proof.runallproofs.proofcollection.TestFile.load(TestFile.java:270)
	at de.uka.ilkd.key.proof.runallproofs.proofcollection.TestFile.runKey(TestFile.java:160)
	at de.uka.ilkd.key.proof.runallproofs.proofcollection.ForkedTestFileRunner.main(ForkedTestFileRunner.java:171)
Caused by: de.uka.ilkd.key.proof.init.ProofInputException: Could not find rule file rules/intRulesCheckedSemantics.key
	at de.uka.ilkd.key.proof.io.KeYFile.readIncludes(KeYFile.java:210)
	at de.uka.ilkd.key.proof.init.ProblemInitializer.readIncludes(ProblemInitializer.java:177)
	at de.uka.ilkd.key.proof.init.ProblemInitializer.readEnvInput(ProblemInitializer.java:325)
	at de.uka.ilkd.key.proof.init.ProblemInitializer.prepare(ProblemInitializer.java:449)
	at de.uka.ilkd.key.proof.io.AbstractProblemLoader.createInitConfig(AbstractProblemLoader.java:518)
	at de.uka.ilkd.key.proof.io.AbstractProblemLoader.loadEnvironment(AbstractProblemLoader.java:288)
	at de.uka.ilkd.key.proof.io.AbstractProblemLoader.load(AbstractProblemLoader.java:252)
	at de.uka.ilkd.key.control.AbstractUserInterfaceControl.load(AbstractUserInterfaceControl.java:209)
	... 7 more
Caused by: java.lang.RuntimeException: Could not find rule file rules/intRulesCheckedSemantics.key
	at de.uka.ilkd.key.proof.io.RuleSourceFactory.fromBuiltInRule(RuleSourceFactory.java:32)
	at de.uka.ilkd.key.proof.io.RuleSourceFactory.fromDefaultLocation(RuleSourceFactory.java:21)
	at de.uka.ilkd.key.nparser.builder.IncludeFinder.addInclude(IncludeFinder.java:63)
	at de.uka.ilkd.key.nparser.builder.IncludeFinder.visitOne_include(IncludeFinder.java:43)
	at de.uka.ilkd.key.nparser.builder.IncludeFinder.visitOne_include(IncludeFinder.java:20)
	at de.uka.ilkd.key.nparser.KeYParser$One_includeContext.accept(KeYParser.java:878)
	at de.uka.ilkd.key.nparser.builder.AbstractBuilder.lambda$mapOf$0(AbstractBuilder.java:112)
	at java.base/java.util.stream.ReferencePipeline$3$1.accept(ReferencePipeline.java:195)
	at java.base/java.util.ArrayList$ArrayListSpliterator.forEachRemaining(ArrayList.java:1655)
	at java.base/java.util.stream.AbstractPipeline.copyInto(AbstractPipeline.java:484)
	at java.base/java.util.stream.AbstractPipeline.wrapAndCopyInto(AbstractPipeline.java:474)
	at java.base/java.util.stream.ReduceOps$ReduceOp.evaluateSequential(ReduceOps.java:913)
	at java.base/java.util.stream.AbstractPipeline.evaluate(AbstractPipeline.java:234)
	at java.base/java.util.stream.ReferencePipeline.collect(ReferencePipeline.java:578)
	at de.uka.ilkd.key.nparser.builder.AbstractBuilder.mapOf(AbstractBuilder.java:112)
	at de.uka.ilkd.key.nparser.builder.IncludeFinder.visitOne_include_statement(IncludeFinder.java:35)
	at de.uka.ilkd.key.nparser.builder.IncludeFinder.visitOne_include_statement(IncludeFinder.java:20)
	at de.uka.ilkd.key.nparser.KeYParser$One_include_statementContext.accept(KeYParser.java:802)
	at org.antlr.v4.runtime.tree.AbstractParseTreeVisitor.visitChildren(AbstractParseTreeVisitor.java:46)
	at de.uka.ilkd.key.nparser.KeYParserBaseVisitor.visitDecls(KeYParserBaseVisitor.java:30)
	at de.uka.ilkd.key.nparser.KeYParser$DeclsContext.accept(KeYParser.java:500)
	at org.antlr.v4.runtime.tree.AbstractParseTreeVisitor.visitChildren(AbstractParseTreeVisitor.java:46)
	at de.uka.ilkd.key.nparser.KeYParserBaseVisitor.visitFile(KeYParserBaseVisitor.java:23)
	at de.uka.ilkd.key.nparser.KeYParser$FileContext.accept(KeYParser.java:306)
	at de.uka.ilkd.key.nparser.KeyAst.accept(KeyAst.java:41)
	at de.uka.ilkd.key.nparser.KeyAst$File.getIncludes(KeyAst.java:76)
	at de.uka.ilkd.key.proof.io.KeYFile.readIncludes(KeYFile.java:208)
	... 14 more
Could not find rule file rules/intRulesCheckedSemantics.key (file: /home/runner/work/key/key/key.core/../key.ui/examples/index/.././standard_key/pred_log/tptp/SET/SET043p1.key; caused by: de.uka.ilkd.key.proof.init.ProofInputException: Could not find rule file rules/intRulesCheckedSemantics.key)
	at de.uka.ilkd.key.control.AbstractUserInterfaceControl.load(AbstractUserInterfaceControl.java:221)
	at de.uka.ilkd.key.control.KeYEnvironment.load(KeYEnvironment.java:251)
	at de.uka.ilkd.key.control.KeYEnvironment.load(KeYEnvironment.java:224)
	at de.uka.ilkd.key.control.KeYEnvironment.load(KeYEnvironment.java:184)
	at de.uka.ilkd.key.control.KeYEnvironment.load(KeYEnvironment.java:261)
	at de.uka.ilkd.key.proof.runallproofs.proofcollection.TestFile.load(TestFile.java:270)
	at de.uka.ilkd.key.proof.runallproofs.proofcollection.TestFile.runKey(TestFile.java:160)
	at de.uka.ilkd.key.proof.runallproofs.proofcollection.ForkedTestFileRunner.main(ForkedTestFileRunner.java:171)
Caused by: de.uka.ilkd.key.proof.init.ProofInputException: Could not find rule file rules/intRulesCheckedSemantics.key
	at de.uka.ilkd.key.proof.io.KeYFile.readIncludes(KeYFile.java:210)
	at de.uka.ilkd.key.proof.init.ProblemInitializer.readIncludes(ProblemInitializer.java:177)
	at de.uka.ilkd.key.proof.init.ProblemInitializer.readEnvInput(ProblemInitializer.java:325)
	at de.uka.ilkd.key.proof.init.ProblemInitializer.prepare(ProblemInitializer.java:449)
	at de.uka.ilkd.key.proof.io.AbstractProblemLoader.createInitConfig(AbstractProblemLoader.java:518)
	at de.uka.ilkd.key.proof.io.AbstractProblemLoader.loadEnvironment(AbstractProblemLoader.java:288)
	at de.uka.ilkd.key.proof.io.AbstractProblemLoader.load(AbstractProblemLoader.java:252)
	at de.uka.ilkd.key.control.AbstractUserInterfaceControl.load(AbstractUserInterfaceControl.java:209)
	... 7 more
Caused by: java.lang.RuntimeException: Could not find rule file rules/intRulesCheckedSemantics.key
	at de.uka.ilkd.key.proof.io.RuleSourceFactory.fromBuiltInRule(RuleSourceFactory.java:32)
	at de.uka.ilkd.key.proof.io.RuleSourceFactory.fromDefaultLocation(RuleSourceFactory.java:21)
	at de.uka.ilkd.key.nparser.builder.IncludeFinder.addInclude(IncludeFinder.java:63)
	at de.uka.ilkd.key.nparser.builder.IncludeFinder.visitOne_include(IncludeFinder.java:43)
	at de.uka.ilkd.key.nparser.builder.IncludeFinder.visitOne_include(IncludeFinder.java:20)
	at de.uka.ilkd.key.nparser.KeYParser$One_includeContext.accept(KeYParser.java:878)
	at de.uka.ilkd.key.nparser.builder.AbstractBuilder.lambda$mapOf$0(AbstractBuilder.java:112)
	at java.base/java.util.stream.ReferencePipeline$3$1.accept(ReferencePipeline.java:195)
	at java.base/java.util.ArrayList$ArrayListSpliterator.forEachRemaining(ArrayList.java:1655)
	at java.base/java.util.stream.AbstractPipeline.copyInto(AbstractPipeline.java:484)
	at java.base/java.util.stream.AbstractPipeline.wrapAndCopyInto(AbstractPipeline.java:474)
	at java.base/java.util.stream.ReduceOps$ReduceOp.evaluateSequential(ReduceOps.java:913)
	at java.base/java.util.stream.AbstractPipeline.evaluate(AbstractPipeline.java:234)
	at java.base/java.util.stream.ReferencePipeline.collect(ReferencePipeline.java:578)
	at de.uka.ilkd.key.nparser.builder.AbstractBuilder.mapOf(AbstractBuilder.java:112)
	at de.uka.ilkd.key.nparser.builder.IncludeFinder.visitOne_include_statement(IncludeFinder.java:35)
	at de.uka.ilkd.key.nparser.builder.IncludeFinder.visitOne_include_statement(IncludeFinder.java:20)
	at de.uka.ilkd.key.nparser.KeYParser$One_include_statementContext.accept(KeYParser.java:802)
	at org.antlr.v4.runtime.tree.AbstractParseTreeVisitor.visitChildren(AbstractParseTreeVisitor.java:46)
	at de.uka.ilkd.key.nparser.KeYParserBaseVisitor.visitDecls(KeYParserBaseVisitor.java:30)
	at de.uka.ilkd.key.nparser.KeYParser$DeclsContext.accept(KeYParser.java:500)
	at org.antlr.v4.runtime.tree.AbstractParseTreeVisitor.visitChildren(AbstractParseTreeVisitor.java:46)
	at de.uka.ilkd.key.nparser.KeYParserBaseVisitor.visitFile(KeYParserBaseVisitor.java:23)
	at de.uka.ilkd.key.nparser.KeYParser$FileContext.accept(KeYParser.java:306)
	at de.uka.ilkd.key.nparser.KeyAst.accept(KeyAst.java:41)
	at de.uka.ilkd.key.nparser.KeyAst$File.getIncludes(KeyAst.java:76)
	at de.uka.ilkd.key.proof.io.KeYFile.readIncludes(KeYFile.java:208)
	... 14 more
Could not find rule file rules/intRulesCheckedSemantics.key (file: /home/runner/work/key/key/key.core/../key.ui/examples/index/.././standard_key/pred_log/tptp/SET/SET045p1.key; caused by: de.uka.ilkd.key.proof.init.ProofInputException: Could not find rule file rules/intRulesCheckedSemantics.key)
	at de.uka.ilkd.key.control.AbstractUserInterfaceControl.load(AbstractUserInterfaceControl.java:221)
	at de.uka.ilkd.key.control.KeYEnvironment.load(KeYEnvironment.java:251)
	at de.uka.ilkd.key.control.KeYEnvironment.load(KeYEnvironment.java:224)
	at de.uka.ilkd.key.control.KeYEnvironment.load(KeYEnvironment.java:184)
	at de.uka.ilkd.key.control.KeYEnvironment.load(KeYEnvironment.java:261)
	at de.uka.ilkd.key.proof.runallproofs.proofcollection.TestFile.load(TestFile.java:270)
	at de.uka.ilkd.key.proof.runallproofs.proofcollection.TestFile.runKey(TestFile.java:160)
	at de.uka.ilkd.key.proof.runallproofs.proofcollection.ForkedTestFileRunner.main(ForkedTestFileRunner.java:171)
Caused by: de.uka.ilkd.key.proof.init.ProofInputException: Could not find rule file rules/intRulesCheckedSemantics.key
	at de.uka.ilkd.key.proof.io.KeYFile.readIncludes(KeYFile.java:210)
	at de.uka.ilkd.key.proof.init.ProblemInitializer.readIncludes(ProblemInitializer.java:177)
	at de.uka.ilkd.key.proof.init.ProblemInitializer.readEnvInput(ProblemInitializer.java:325)
	at de.uka.ilkd.key.proof.init.ProblemInitializer.prepare(ProblemInitializer.java:449)
	at de.uka.ilkd.key.proof.io.AbstractProblemLoader.createInitConfig(AbstractProblemLoader.java:518)
	at de.uka.ilkd.key.proof.io.AbstractProblemLoader.loadEnvironment(AbstractProblemLoader.java:288)
	at de.uka.ilkd.key.proof.io.AbstractProblemLoader.load(AbstractProblemLoader.java:252)
	at de.uka.ilkd.key.control.AbstractUserInterfaceControl.load(AbstractUserInterfaceControl.java:209)
	... 7 more
Caused by: java.lang.RuntimeException: Could not find rule file rules/intRulesCheckedSemantics.key
	at de.uka.ilkd.key.proof.io.RuleSourceFactory.fromBuiltInRule(RuleSourceFactory.java:32)
	at de.uka.ilkd.key.proof.io.RuleSourceFactory.fromDefaultLocation(RuleSourceFactory.java:21)
	at de.uka.ilkd.key.nparser.builder.IncludeFinder.addInclude(IncludeFinder.java:63)
	at de.uka.ilkd.key.nparser.builder.IncludeFinder.visitOne_include(IncludeFinder.java:43)
	at de.uka.ilkd.key.nparser.builder.IncludeFinder.visitOne_include(IncludeFinder.java:20)
	at de.uka.ilkd.key.nparser.KeYParser$One_includeContext.accept(KeYParser.java:878)
	at de.uka.ilkd.key.nparser.builder.AbstractBuilder.lambda$mapOf$0(AbstractBuilder.java:112)
	at java.base/java.util.stream.ReferencePipeline$3$1.accept(ReferencePipeline.java:195)
	at java.base/java.util.ArrayList$ArrayListSpliterator.forEachRemaining(ArrayList.java:1655)
	at java.base/java.util.stream.AbstractPipeline.copyInto(AbstractPipeline.java:484)
	at java.base/java.util.stream.AbstractPipeline.wrapAndCopyInto(AbstractPipeline.java:474)
	at java.base/java.util.stream.ReduceOps$ReduceOp.evaluateSequential(ReduceOps.java:913)
	at java.base/java.util.stream.AbstractPipeline.evaluate(AbstractPipeline.java:234)
	at java.base/java.util.stream.ReferencePipeline.collect(ReferencePipeline.java:578)
	at de.uka.ilkd.key.nparser.builder.AbstractBuilder.mapOf(AbstractBuilder.java:112)
	at de.uka.ilkd.key.nparser.builder.IncludeFinder.visitOne_include_statement(IncludeFinder.java:35)
	at de.uka.ilkd.key.nparser.builder.IncludeFinder.visitOne_include_statement(IncludeFinder.java:20)
	at de.uka.ilkd.key.nparser.KeYParser$One_include_statementContext.accept(KeYParser.java:802)
	at org.antlr.v4.runtime.tree.AbstractParseTreeVisitor.visitChildren(AbstractParseTreeVisitor.java:46)
	at de.uka.ilkd.key.nparser.KeYParserBaseVisitor.visitDecls(KeYParserBaseVisitor.java:30)
	at de.uka.ilkd.key.nparser.KeYParser$DeclsContext.accept(KeYParser.java:500)
	at org.antlr.v4.runtime.tree.AbstractParseTreeVisitor.visitChildren(AbstractParseTreeVisitor.java:46)
	at de.uka.ilkd.key.nparser.KeYParserBaseVisitor.visitFile(KeYParserBaseVisitor.java:23)
	at de.uka.ilkd.key.nparser.KeYParser$FileContext.accept(KeYParser.java:306)
	at de.uka.ilkd.key.nparser.KeyAst.accept(KeyAst.java:41)
	at de.uka.ilkd.key.nparser.KeyAst$File.getIncludes(KeyAst.java:76)
	at de.uka.ilkd.key.proof.io.KeYFile.readIncludes(KeYFile.java:208)
	... 14 more
Could not find rule file rules/intRulesCheckedSemantics.key (file: /home/runner/work/key/key/key.core/../key.ui/examples/index/.././standard_key/pred_log/tptp/SET/SET062p3.key; caused by: de.uka.ilkd.key.proof.init.ProofInputException: Could not find rule file rules/intRulesCheckedSemantics.key)
	at de.uka.ilkd.key.control.AbstractUserInterfaceControl.load(AbstractUserInterfaceControl.java:221)
	at de.uka.ilkd.key.control.KeYEnvironment.load(KeYEnvironment.java:251)
	at de.uka.ilkd.key.control.KeYEnvironment.load(KeYEnvironment.java:224)
	at de.uka.ilkd.key.control.KeYEnvironment.load(KeYEnvironment.java:184)
	at de.uka.ilkd.key.control.KeYEnvironment.load(KeYEnvironment.java:261)
	at de.uka.ilkd.key.proof.runallproofs.proofcollection.TestFile.load(TestFile.java:270)
	at de.uka.ilkd.key.proof.runallproofs.proofcollection.TestFile.runKey(TestFile.java:160)
	at de.uka.ilkd.key.proof.runallproofs.proofcollection.ForkedTestFileRunner.main(ForkedTestFileRunner.java:171)
Caused by: de.uka.ilkd.key.proof.init.ProofInputException: Could not find rule file rules/intRulesCheckedSemantics.key
	at de.uka.ilkd.key.proof.io.KeYFile.readIncludes(KeYFile.java:210)
	at de.uka.ilkd.key.proof.init.ProblemInitializer.readIncludes(ProblemInitializer.java:177)
	at de.uka.ilkd.key.proof.init.ProblemInitializer.readEnvInput(ProblemInitializer.java:325)
	at de.uka.ilkd.key.proof.init.ProblemInitializer.prepare(ProblemInitializer.java:449)
	at de.uka.ilkd.key.proof.io.AbstractProblemLoader.createInitConfig(AbstractProblemLoader.java:518)
	at de.uka.ilkd.key.proof.io.AbstractProblemLoader.loadEnvironment(AbstractProblemLoader.java:288)
	at de.uka.ilkd.key.proof.io.AbstractProblemLoader.load(AbstractProblemLoader.java:252)
	at de.uka.ilkd.key.control.AbstractUserInterfaceControl.load(AbstractUserInterfaceControl.java:209)
	... 7 more
Caused by: java.lang.RuntimeException: Could not find rule file rules/intRulesCheckedSemantics.key
	at de.uka.ilkd.key.proof.io.RuleSourceFactory.fromBuiltInRule(RuleSourceFactory.java:32)
	at de.uka.ilkd.key.proof.io.RuleSourceFactory.fromDefaultLocation(RuleSourceFactory.java:21)
	at de.uka.ilkd.key.nparser.builder.IncludeFinder.addInclude(IncludeFinder.java:63)
	at de.uka.ilkd.key.nparser.builder.IncludeFinder.visitOne_include(IncludeFinder.java:43)
	at de.uka.ilkd.key.nparser.builder.IncludeFinder.visitOne_include(IncludeFinder.java:20)
	at de.uka.ilkd.key.nparser.KeYParser$One_includeContext.accept(KeYParser.java:878)
	at de.uka.ilkd.key.nparser.builder.AbstractBuilder.lambda$mapOf$0(AbstractBuilder.java:112)
	at java.base/java.util.stream.ReferencePipeline$3$1.accept(ReferencePipeline.java:195)
	at java.base/java.util.ArrayList$ArrayListSpliterator.forEachRemaining(ArrayList.java:1655)
	at java.base/java.util.stream.AbstractPipeline.copyInto(AbstractPipeline.java:484)
	at java.base/java.util.stream.AbstractPipeline.wrapAndCopyInto(AbstractPipeline.java:474)
	at java.base/java.util.stream.ReduceOps$ReduceOp.evaluateSequential(ReduceOps.java:913)
	at java.base/java.util.stream.AbstractPipeline.evaluate(AbstractPipeline.java:234)
	at java.base/java.util.stream.ReferencePipeline.collect(ReferencePipeline.java:578)
	at de.uka.ilkd.key.nparser.builder.AbstractBuilder.mapOf(AbstractBuilder.java:112)
	at de.uka.ilkd.key.nparser.builder.IncludeFinder.visitOne_include_statement(IncludeFinder.java:35)
	at de.uka.ilkd.key.nparser.builder.IncludeFinder.visitOne_include_statement(IncludeFinder.java:20)
	at de.uka.ilkd.key.nparser.KeYParser$One_include_statementContext.accept(KeYParser.java:802)
	at org.antlr.v4.runtime.tree.AbstractParseTreeVisitor.visitChildren(AbstractParseTreeVisitor.java:46)
	at de.uka.ilkd.key.nparser.KeYParserBaseVisitor.visitDecls(KeYParserBaseVisitor.java:30)
	at de.uka.ilkd.key.nparser.KeYParser$DeclsContext.accept(KeYParser.java:500)
	at org.antlr.v4.runtime.tree.AbstractParseTreeVisitor.visitChildren(AbstractParseTreeVisitor.java:46)
	at de.uka.ilkd.key.nparser.KeYParserBaseVisitor.visitFile(KeYParserBaseVisitor.java:23)
	at de.uka.ilkd.key.nparser.KeYParser$FileContext.accept(KeYParser.java:306)
	at de.uka.ilkd.key.nparser.KeyAst.accept(KeyAst.java:41)
	at de.uka.ilkd.key.nparser.KeyAst$File.getIncludes(KeyAst.java:76)
	at de.uka.ilkd.key.proof.io.KeYFile.readIncludes(KeYFile.java:208)
	... 14 more
Could not find rule file rules/intRulesCheckedSemantics.key (file: /home/runner/work/key/key/key.core/../key.ui/examples/index/.././standard_key/pred_log/tptp/SET/SET063p3.key; caused by: de.uka.ilkd.key.proof.init.ProofInputException: Could not find rule file rules/intRulesCheckedSemantics.key)
	at de.uka.ilkd.key.control.AbstractUserInterfaceControl.load(AbstractUserInterfaceControl.java:221)
	at de.uka.ilkd.key.control.KeYEnvironment.load(KeYEnvironment.java:251)
	at de.uka.ilkd.key.control.KeYEnvironment.load(KeYEnvironment.java:224)
	at de.uka.ilkd.key.control.KeYEnvironment.load(KeYEnvironment.java:184)
	at de.uka.ilkd.key.control.KeYEnvironment.load(KeYEnvironment.java:261)
	at de.uka.ilkd.key.proof.runallproofs.proofcollection.TestFile.load(TestFile.java:270)
	at de.uka.ilkd.key.proof.runallproofs.proofcollection.TestFile.runKey(TestFile.java:160)
	at de.uka.ilkd.key.proof.runallproofs.proofcollection.ForkedTestFileRunner.main(ForkedTestFileRunner.java:171)
Caused by: de.uka.ilkd.key.proof.init.ProofInputException: Could not find rule file rules/intRulesCheckedSemantics.key
	at de.uka.ilkd.key.proof.io.KeYFile.readIncludes(KeYFile.java:210)
	at de.uka.ilkd.key.proof.init.ProblemInitializer.readIncludes(ProblemInitializer.java:177)
	at de.uka.ilkd.key.proof.init.ProblemInitializer.readEnvInput(ProblemInitializer.java:325)
	at de.uka.ilkd.key.proof.init.ProblemInitializer.prepare(ProblemInitializer.java:449)
	at de.uka.ilkd.key.proof.io.AbstractProblemLoader.createInitConfig(AbstractProblemLoader.java:518)
	at de.uka.ilkd.key.proof.io.AbstractProblemLoader.loadEnvironment(AbstractProblemLoader.java:288)
	at de.uka.ilkd.key.proof.io.AbstractProblemLoader.load(AbstractProblemLoader.java:252)
	at de.uka.ilkd.key.control.AbstractUserInterfaceControl.load(AbstractUserInterfaceControl.java:209)
	... 7 more
Caused by: java.lang.RuntimeException: Could not find rule file rules/intRulesCheckedSemantics.key
	at de.uka.ilkd.key.proof.io.RuleSourceFactory.fromBuiltInRule(RuleSourceFactory.java:32)
	at de.uka.ilkd.key.proof.io.RuleSourceFactory.fromDefaultLocation(RuleSourceFactory.java:21)
	at de.uka.ilkd.key.nparser.builder.IncludeFinder.addInclude(IncludeFinder.java:63)
	at de.uka.ilkd.key.nparser.builder.IncludeFinder.visitOne_include(IncludeFinder.java:43)
	at de.uka.ilkd.key.nparser.builder.IncludeFinder.visitOne_include(IncludeFinder.java:20)
	at de.uka.ilkd.key.nparser.KeYParser$One_includeContext.accept(KeYParser.java:878)
	at de.uka.ilkd.key.nparser.builder.AbstractBuilder.lambda$mapOf$0(AbstractBuilder.java:112)
	at java.base/java.util.stream.ReferencePipeline$3$1.accept(ReferencePipeline.java:195)
	at java.base/java.util.ArrayList$ArrayListSpliterator.forEachRemaining(ArrayList.java:1655)
	at java.base/java.util.stream.AbstractPipeline.copyInto(AbstractPipeline.java:484)
	at java.base/java.util.stream.AbstractPipeline.wrapAndCopyInto(AbstractPipeline.java:474)
	at java.base/java.util.stream.ReduceOps$ReduceOp.evaluateSequential(ReduceOps.java:913)
	at java.base/java.util.stream.AbstractPipeline.evaluate(AbstractPipeline.java:234)
	at java.base/java.util.stream.ReferencePipeline.collect(ReferencePipeline.java:578)
	at de.uka.ilkd.key.nparser.builder.AbstractBuilder.mapOf(AbstractBuilder.java:112)
	at de.uka.ilkd.key.nparser.builder.IncludeFinder.visitOne_include_statement(IncludeFinder.java:35)
	at de.uka.ilkd.key.nparser.builder.IncludeFinder.visitOne_include_statement(IncludeFinder.java:20)
	at de.uka.ilkd.key.nparser.KeYParser$One_include_statementContext.accept(KeYParser.java:802)
	at org.antlr.v4.runtime.tree.AbstractParseTreeVisitor.visitChildren(AbstractParseTreeVisitor.java:46)
	at de.uka.ilkd.key.nparser.KeYParserBaseVisitor.visitDecls(KeYParserBaseVisitor.java:30)
	at de.uka.ilkd.key.nparser.KeYParser$DeclsContext.accept(KeYParser.java:500)
	at org.antlr.v4.runtime.tree.AbstractParseTreeVisitor.visitChildren(AbstractParseTreeVisitor.java:46)
	at de.uka.ilkd.key.nparser.KeYParserBaseVisitor.visitFile(KeYParserBaseVisitor.java:23)
	at de.uka.ilkd.key.nparser.KeYParser$FileContext.accept(KeYParser.java:306)
	at de.uka.ilkd.key.nparser.KeyAst.accept(KeyAst.java:41)
	at de.uka.ilkd.key.nparser.KeyAst$File.getIncludes(KeyAst.java:76)
	at de.uka.ilkd.key.proof.io.KeYFile.readIncludes(KeYFile.java:208)
	... 14 more
Could not find rule file rules/intRulesCheckedSemantics.key (file: /home/runner/work/key/key/key.core/../key.ui/examples/index/.././standard_key/pred_log/tptp/SYN/SYN036p2.key; caused by: de.uka.ilkd.key.proof.init.ProofInputException: Could not find rule file rules/intRulesCheckedSemantics.key)
	at de.uka.ilkd.key.control.AbstractUserInterfaceControl.load(AbstractUserInterfaceControl.java:221)
	at de.uka.ilkd.key.control.KeYEnvironment.load(KeYEnvironment.java:251)
	at de.uka.ilkd.key.control.KeYEnvironment.load(KeYEnvironment.java:224)
	at de.uka.ilkd.key.control.KeYEnvironment.load(KeYEnvironment.java:184)
	at de.uka.ilkd.key.control.KeYEnvironment.load(KeYEnvironment.java:261)
	at de.uka.ilkd.key.proof.runallproofs.proofcollection.TestFile.load(TestFile.java:270)
	at de.uka.ilkd.key.proof.runallproofs.proofcollection.TestFile.runKey(TestFile.java:160)
	at de.uka.ilkd.key.proof.runallproofs.proofcollection.ForkedTestFileRunner.main(ForkedTestFileRunner.java:171)
Caused by: de.uka.ilkd.key.proof.init.ProofInputException: Could not find rule file rules/intRulesCheckedSemantics.key
	at de.uka.ilkd.key.proof.io.KeYFile.readIncludes(KeYFile.java:210)
	at de.uka.ilkd.key.proof.init.ProblemInitializer.readIncludes(ProblemInitializer.java:177)
	at de.uka.ilkd.key.proof.init.ProblemInitializer.readEnvInput(ProblemInitializer.java:325)
	at de.uka.ilkd.key.proof.init.ProblemInitializer.prepare(ProblemInitializer.java:449)
	at de.uka.ilkd.key.proof.io.AbstractProblemLoader.createInitConfig(AbstractProblemLoader.java:518)
	at de.uka.ilkd.key.proof.io.AbstractProblemLoader.loadEnvironment(AbstractProblemLoader.java:288)
	at de.uka.ilkd.key.proof.io.AbstractProblemLoader.load(AbstractProblemLoader.java:252)
	at de.uka.ilkd.key.control.AbstractUserInterfaceControl.load(AbstractUserInterfaceControl.java:209)
	... 7 more
Caused by: java.lang.RuntimeException: Could not find rule file rules/intRulesCheckedSemantics.key
	at de.uka.ilkd.key.proof.io.RuleSourceFactory.fromBuiltInRule(RuleSourceFactory.java:32)
	at de.uka.ilkd.key.proof.io.RuleSourceFactory.fromDefaultLocation(RuleSourceFactory.java:21)
	at de.uka.ilkd.key.nparser.builder.IncludeFinder.addInclude(IncludeFinder.java:63)
	at de.uka.ilkd.key.nparser.builder.IncludeFinder.visitOne_include(IncludeFinder.java:43)
	at de.uka.ilkd.key.nparser.builder.IncludeFinder.visitOne_include(IncludeFinder.java:20)
	at de.uka.ilkd.key.nparser.KeYParser$One_includeContext.accept(KeYParser.java:878)
	at de.uka.ilkd.key.nparser.builder.AbstractBuilder.lambda$mapOf$0(AbstractBuilder.java:112)
	at java.base/java.util.stream.ReferencePipeline$3$1.accept(ReferencePipeline.java:195)
	at java.base/java.util.ArrayList$ArrayListSpliterator.forEachRemaining(ArrayList.java:1655)
	at java.base/java.util.stream.AbstractPipeline.copyInto(AbstractPipeline.java:484)
	at java.base/java.util.stream.AbstractPipeline.wrapAndCopyInto(AbstractPipeline.java:474)
	at java.base/java.util.stream.ReduceOps$ReduceOp.evaluateSequential(ReduceOps.java:913)
	at java.base/java.util.stream.AbstractPipeline.evaluate(AbstractPipeline.java:234)
	at java.base/java.util.stream.ReferencePipeline.collect(ReferencePipeline.java:578)
	at de.uka.ilkd.key.nparser.builder.AbstractBuilder.mapOf(AbstractBuilder.java:112)
	at de.uka.ilkd.key.nparser.builder.IncludeFinder.visitOne_include_statement(IncludeFinder.java:35)
	at de.uka.ilkd.key.nparser.builder.IncludeFinder.visitOne_include_statement(IncludeFinder.java:20)
	at de.uka.ilkd.key.nparser.KeYParser$One_include_statementContext.accept(KeYParser.java:802)
	at org.antlr.v4.runtime.tree.AbstractParseTreeVisitor.visitChildren(AbstractParseTreeVisitor.java:46)
	at de.uka.ilkd.key.nparser.KeYParserBaseVisitor.visitDecls(KeYParserBaseVisitor.java:30)
	at de.uka.ilkd.key.nparser.KeYParser$DeclsContext.accept(KeYParser.java:500)
	at org.antlr.v4.runtime.tree.AbstractParseTreeVisitor.visitChildren(AbstractParseTreeVisitor.java:46)
	at de.uka.ilkd.key.nparser.KeYParserBaseVisitor.visitFile(KeYParserBaseVisitor.java:23)
	at de.uka.ilkd.key.nparser.KeYParser$FileContext.accept(KeYParser.java:306)
	at de.uka.ilkd.key.nparser.KeyAst.accept(KeyAst.java:41)
	at de.uka.ilkd.key.nparser.KeyAst$File.getIncludes(KeyAst.java:76)
	at de.uka.ilkd.key.proof.io.KeYFile.readIncludes(KeYFile.java:208)
	... 14 more
Could not find rule file rules/intRulesCheckedSemantics.key (file: /home/runner/work/key/key/key.core/../key.ui/examples/index/.././standard_key/pred_log/tptp/SYN/SYN550p1.key; caused by: de.uka.ilkd.key.proof.init.ProofInputException: Could not find rule file rules/intRulesCheckedSemantics.key)
	at de.uka.ilkd.key.control.AbstractUserInterfaceControl.load(AbstractUserInterfaceControl.java:221)
	at de.uka.ilkd.key.control.KeYEnvironment.load(KeYEnvironment.java:251)
	at de.uka.ilkd.key.control.KeYEnvironment.load(KeYEnvironment.java:224)
	at de.uka.ilkd.key.control.KeYEnvironment.load(KeYEnvironment.java:184)
	at de.uka.ilkd.key.control.KeYEnvironment.load(KeYEnvironment.java:261)
	at de.uka.ilkd.key.proof.runallproofs.proofcollection.TestFile.load(TestFile.java:270)
	at de.uka.ilkd.key.proof.runallproofs.proofcollection.TestFile.runKey(TestFile.java:160)
	at de.uka.ilkd.key.proof.runallproofs.proofcollection.ForkedTestFileRunner.main(ForkedTestFileRunner.java:171)
Caused by: de.uka.ilkd.key.proof.init.ProofInputException: Could not find rule file rules/intRulesCheckedSemantics.key
	at de.uka.ilkd.key.proof.io.KeYFile.readIncludes(KeYFile.java:210)
	at de.uka.ilkd.key.proof.init.ProblemInitializer.readIncludes(ProblemInitializer.java:177)
	at de.uka.ilkd.key.proof.init.ProblemInitializer.readEnvInput(ProblemInitializer.java:325)
	at de.uka.ilkd.key.proof.init.ProblemInitializer.prepare(ProblemInitializer.java:449)
	at de.uka.ilkd.key.proof.io.AbstractProblemLoader.createInitConfig(AbstractProblemLoader.java:518)
	at de.uka.ilkd.key.proof.io.AbstractProblemLoader.loadEnvironment(AbstractProblemLoader.java:288)
	at de.uka.ilkd.key.proof.io.AbstractProblemLoader.load(AbstractProblemLoader.java:252)
	at de.uka.ilkd.key.control.AbstractUserInterfaceControl.load(AbstractUserInterfaceControl.java:209)
	... 7 more
Caused by: java.lang.RuntimeException: Could not find rule file rules/intRulesCheckedSemantics.key
	at de.uka.ilkd.key.proof.io.RuleSourceFactory.fromBuiltInRule(RuleSourceFactory.java:32)
	at de.uka.ilkd.key.proof.io.RuleSourceFactory.fromDefaultLocation(RuleSourceFactory.java:21)
	at de.uka.ilkd.key.nparser.builder.IncludeFinder.addInclude(IncludeFinder.java:63)
	at de.uka.ilkd.key.nparser.builder.IncludeFinder.visitOne_include(IncludeFinder.java:43)
	at de.uka.ilkd.key.nparser.builder.IncludeFinder.visitOne_include(IncludeFinder.java:20)
	at de.uka.ilkd.key.nparser.KeYParser$One_includeContext.accept(KeYParser.java:878)
	at de.uka.ilkd.key.nparser.builder.AbstractBuilder.lambda$mapOf$0(AbstractBuilder.java:112)
	at java.base/java.util.stream.ReferencePipeline$3$1.accept(ReferencePipeline.java:195)
	at java.base/java.util.ArrayList$ArrayListSpliterator.forEachRemaining(ArrayList.java:1655)
	at java.base/java.util.stream.AbstractPipeline.copyInto(AbstractPipeline.java:484)
	at java.base/java.util.stream.AbstractPipeline.wrapAndCopyInto(AbstractPipeline.java:474)
	at java.base/java.util.stream.ReduceOps$ReduceOp.evaluateSequential(ReduceOps.java:913)
	at java.base/java.util.stream.AbstractPipeline.evaluate(AbstractPipeline.java:234)
	at java.base/java.util.stream.ReferencePipeline.collect(ReferencePipeline.java:578)
	at de.uka.ilkd.key.nparser.builder.AbstractBuilder.mapOf(AbstractBuilder.java:112)
	at de.uka.ilkd.key.nparser.builder.IncludeFinder.visitOne_include_statement(IncludeFinder.java:35)
	at de.uka.ilkd.key.nparser.builder.IncludeFinder.visitOne_include_statement(IncludeFinder.java:20)
	at de.uka.ilkd.key.nparser.KeYParser$One_include_statementContext.accept(KeYParser.java:802)
	at org.antlr.v4.runtime.tree.AbstractParseTreeVisitor.visitChildren(AbstractParseTreeVisitor.java:46)
	at de.uka.ilkd.key.nparser.KeYParserBaseVisitor.visitDecls(KeYParserBaseVisitor.java:30)
	at de.uka.ilkd.key.nparser.KeYParser$DeclsContext.accept(KeYParser.java:500)
	at org.antlr.v4.runtime.tree.AbstractParseTreeVisitor.visitChildren(AbstractParseTreeVisitor.java:46)
	at de.uka.ilkd.key.nparser.KeYParserBaseVisitor.visitFile(KeYParserBaseVisitor.java:23)
	at de.uka.ilkd.key.nparser.KeYParser$FileContext.accept(KeYParser.java:306)
	at de.uka.ilkd.key.nparser.KeyAst.accept(KeyAst.java:41)
	at de.uka.ilkd.key.nparser.KeyAst$File.getIncludes(KeyAst.java:76)
	at de.uka.ilkd.key.proof.io.KeYFile.readIncludes(KeYFile.java:208)
	... 14 more
Could not find rule file rules/intRulesCheckedSemantics.key (file: /home/runner/work/key/key/key.core/../key.ui/examples/index/.././standard_key/prop_log/reallySimple.key; caused by: de.uka.ilkd.key.proof.init.ProofInputException: Could not find rule file rules/intRulesCheckedSemantics.key)
	at de.uka.ilkd.key.control.AbstractUserInterfaceControl.load(AbstractUserInterfaceControl.java:221)
	at de.uka.ilkd.key.control.KeYEnvironment.load(KeYEnvironment.java:251)
	at de.uka.ilkd.key.control.KeYEnvironment.load(KeYEnvironment.java:224)
	at de.uka.ilkd.key.control.KeYEnvironment.load(KeYEnvironment.java:184)
	at de.uka.ilkd.key.control.KeYEnvironment.load(KeYEnvironment.java:261)
	at de.uka.ilkd.key.proof.runallproofs.proofcollection.TestFile.load(TestFile.java:270)
	at de.uka.ilkd.key.proof.runallproofs.proofcollection.TestFile.runKey(TestFile.java:160)
	at de.uka.ilkd.key.proof.runallproofs.proofcollection.ForkedTestFileRunner.main(ForkedTestFileRunner.java:171)
Caused by: de.uka.ilkd.key.proof.init.ProofInputException: Could not find rule file rules/intRulesCheckedSemantics.key
	at de.uka.ilkd.key.proof.io.KeYFile.readIncludes(KeYFile.java:210)
	at de.uka.ilkd.key.proof.init.ProblemInitializer.readIncludes(ProblemInitializer.java:177)
	at de.uka.ilkd.key.proof.init.ProblemInitializer.readEnvInput(ProblemInitializer.java:325)
	at de.uka.ilkd.key.proof.init.ProblemInitializer.prepare(ProblemInitializer.java:449)
	at de.uka.ilkd.key.proof.io.AbstractProblemLoader.createInitConfig(AbstractProblemLoader.java:518)
	at de.uka.ilkd.key.proof.io.AbstractProblemLoader.loadEnvironment(AbstractProblemLoader.java:288)
	at de.uka.ilkd.key.proof.io.AbstractProblemLoader.load(AbstractProblemLoader.java:252)
	at de.uka.ilkd.key.control.AbstractUserInterfaceControl.load(AbstractUserInterfaceControl.java:209)
	... 7 more
Caused by: java.lang.RuntimeException: Could not find rule file rules/intRulesCheckedSemantics.key
	at de.uka.ilkd.key.proof.io.RuleSourceFactory.fromBuiltInRule(RuleSourceFactory.java:32)
	at de.uka.ilkd.key.proof.io.RuleSourceFactory.fromDefaultLocation(RuleSourceFactory.java:21)
	at de.uka.ilkd.key.nparser.builder.IncludeFinder.addInclude(IncludeFinder.java:63)
	at de.uka.ilkd.key.nparser.builder.IncludeFinder.visitOne_include(IncludeFinder.java:43)
	at de.uka.ilkd.key.nparser.builder.IncludeFinder.visitOne_include(IncludeFinder.java:20)
	at de.uka.ilkd.key.nparser.KeYParser$One_includeContext.accept(KeYParser.java:878)
	at de.uka.ilkd.key.nparser.builder.AbstractBuilder.lambda$mapOf$0(AbstractBuilder.java:112)
	at java.base/java.util.stream.ReferencePipeline$3$1.accept(ReferencePipeline.java:195)
	at java.base/java.util.ArrayList$ArrayListSpliterator.forEachRemaining(ArrayList.java:1655)
	at java.base/java.util.stream.AbstractPipeline.copyInto(AbstractPipeline.java:484)
	at java.base/java.util.stream.AbstractPipeline.wrapAndCopyInto(AbstractPipeline.java:474)
	at java.base/java.util.stream.ReduceOps$ReduceOp.evaluateSequential(ReduceOps.java:913)
	at java.base/java.util.stream.AbstractPipeline.evaluate(AbstractPipeline.java:234)
	at java.base/java.util.stream.ReferencePipeline.collect(ReferencePipeline.java:578)
	at de.uka.ilkd.key.nparser.builder.AbstractBuilder.mapOf(AbstractBuilder.java:112)
	at de.uka.ilkd.key.nparser.builder.IncludeFinder.visitOne_include_statement(IncludeFinder.java:35)
	at de.uka.ilkd.key.nparser.builder.IncludeFinder.visitOne_include_statement(IncludeFinder.java:20)
	at de.uka.ilkd.key.nparser.KeYParser$One_include_statementContext.accept(KeYParser.java:802)
	at org.antlr.v4.runtime.tree.AbstractParseTreeVisitor.visitChildren(AbstractParseTreeVisitor.java:46)
	at de.uka.ilkd.key.nparser.KeYParserBaseVisitor.visitDecls(KeYParserBaseVisitor.java:30)
	at de.uka.ilkd.key.nparser.KeYParser$DeclsContext.accept(KeYParser.java:500)
	at org.antlr.v4.runtime.tree.AbstractParseTreeVisitor.visitChildren(AbstractParseTreeVisitor.java:46)
	at de.uka.ilkd.key.nparser.KeYParserBaseVisitor.visitFile(KeYParserBaseVisitor.java:23)
	at de.uka.ilkd.key.nparser.KeYParser$FileContext.accept(KeYParser.java:306)
	at de.uka.ilkd.key.nparser.KeyAst.accept(KeyAst.java:41)
	at de.uka.ilkd.key.nparser.KeyAst$File.getIncludes(KeyAst.java:76)
	at de.uka.ilkd.key.proof.io.KeYFile.readIncludes(KeYFile.java:208)
	... 14 more
Could not find rule file rules/intRulesCheckedSemantics.key (file: /home/runner/work/key/key/key.core/../key.ui/examples/index/.././standard_key/pred_log/sameName1.key; caused by: de.uka.ilkd.key.proof.init.ProofInputException: Could not find rule file rules/intRulesCheckedSemantics.key)
	at de.uka.ilkd.key.control.AbstractUserInterfaceControl.load(AbstractUserInterfaceControl.java:221)
	at de.uka.ilkd.key.control.KeYEnvironment.load(KeYEnvironment.java:251)
	at de.uka.ilkd.key.control.KeYEnvironment.load(KeYEnvironment.java:224)
	at de.uka.ilkd.key.control.KeYEnvironment.load(KeYEnvironment.java:184)
	at de.uka.ilkd.key.control.KeYEnvironment.load(KeYEnvironment.java:261)
	at de.uka.ilkd.key.proof.runallproofs.proofcollection.TestFile.load(TestFile.java:270)
	at de.uka.ilkd.key.proof.runallproofs.proofcollection.TestFile.runKey(TestFile.java:160)
	at de.uka.ilkd.key.proof.runallproofs.proofcollection.ForkedTestFileRunner.main(ForkedTestFileRunner.java:171)
Caused by: de.uka.ilkd.key.proof.init.ProofInputException: Could not find rule file rules/intRulesCheckedSemantics.key
	at de.uka.ilkd.key.proof.io.KeYFile.readIncludes(KeYFile.java:210)
	at de.uka.ilkd.key.proof.init.ProblemInitializer.readIncludes(ProblemInitializer.java:177)
	at de.uka.ilkd.key.proof.init.ProblemInitializer.readEnvInput(ProblemInitializer.java:325)
	at de.uka.ilkd.key.proof.init.ProblemInitializer.prepare(ProblemInitializer.java:449)
	at de.uka.ilkd.key.proof.io.AbstractProblemLoader.createInitConfig(AbstractProblemLoader.java:518)
	at de.uka.ilkd.key.proof.io.AbstractProblemLoader.loadEnvironment(AbstractProblemLoader.java:288)
	at de.uka.ilkd.key.proof.io.AbstractProblemLoader.load(AbstractProblemLoader.java:252)
	at de.uka.ilkd.key.control.AbstractUserInterfaceControl.load(AbstractUserInterfaceControl.java:209)
	... 7 more
Caused by: java.lang.RuntimeException: Could not find rule file rules/intRulesCheckedSemantics.key
	at de.uka.ilkd.key.proof.io.RuleSourceFactory.fromBuiltInRule(RuleSourceFactory.java:32)
	at de.uka.ilkd.key.proof.io.RuleSourceFactory.fromDefaultLocation(RuleSourceFactory.java:21)
	at de.uka.ilkd.key.nparser.builder.IncludeFinder.addInclude(IncludeFinder.java:63)
	at de.uka.ilkd.key.nparser.builder.IncludeFinder.visitOne_include(IncludeFinder.java:43)
	at de.uka.ilkd.key.nparser.builder.IncludeFinder.visitOne_include(IncludeFinder.java:20)
	at de.uka.ilkd.key.nparser.KeYParser$One_includeContext.accept(KeYParser.java:878)
	at de.uka.ilkd.key.nparser.builder.AbstractBuilder.lambda$mapOf$0(AbstractBuilder.java:112)
	at java.base/java.util.stream.ReferencePipeline$3$1.accept(ReferencePipeline.java:195)
	at java.base/java.util.ArrayList$ArrayListSpliterator.forEachRemaining(ArrayList.java:1655)
	at java.base/java.util.stream.AbstractPipeline.copyInto(AbstractPipeline.java:484)
	at java.base/java.util.stream.AbstractPipeline.wrapAndCopyInto(AbstractPipeline.java:474)
	at java.base/java.util.stream.ReduceOps$ReduceOp.evaluateSequential(ReduceOps.java:913)
	at java.base/java.util.stream.AbstractPipeline.evaluate(AbstractPipeline.java:234)
	at java.base/java.util.stream.ReferencePipeline.collect(ReferencePipeline.java:578)
	at de.uka.ilkd.key.nparser.builder.AbstractBuilder.mapOf(AbstractBuilder.java:112)
	at de.uka.ilkd.key.nparser.builder.IncludeFinder.visitOne_include_statement(IncludeFinder.java:35)
	at de.uka.ilkd.key.nparser.builder.IncludeFinder.visitOne_include_statement(IncludeFinder.java:20)
	at de.uka.ilkd.key.nparser.KeYParser$One_include_statementContext.accept(KeYParser.java:802)
	at org.antlr.v4.runtime.tree.AbstractParseTreeVisitor.visitChildren(AbstractParseTreeVisitor.java:46)
	at de.uka.ilkd.key.nparser.KeYParserBaseVisitor.visitDecls(KeYParserBaseVisitor.java:30)
	at de.uka.ilkd.key.nparser.KeYParser$DeclsContext.accept(KeYParser.java:500)
	at org.antlr.v4.runtime.tree.AbstractParseTreeVisitor.visitChildren(AbstractParseTreeVisitor.java:46)
	at de.uka.ilkd.key.nparser.KeYParserBaseVisitor.visitFile(KeYParserBaseVisitor.java:23)
	at de.uka.ilkd.key.nparser.KeYParser$FileContext.accept(KeYParser.java:306)
	at de.uka.ilkd.key.nparser.KeyAst.accept(KeyAst.java:41)
	at de.uka.ilkd.key.nparser.KeyAst$File.getIncludes(KeyAst.java:76)
	at de.uka.ilkd.key.proof.io.KeYFile.readIncludes(KeYFile.java:208)
	... 14 more
Could not find rule file rules/intRulesCheckedSemantics.key (file: /home/runner/work/key/key/key.core/../key.ui/examples/index/.././standard_key/pred_log/jbyteIfEx.key; caused by: de.uka.ilkd.key.proof.init.ProofInputException: Could not find rule file rules/intRulesCheckedSemantics.key)
	at de.uka.ilkd.key.control.AbstractUserInterfaceControl.load(AbstractUserInterfaceControl.java:221)
	at de.uka.ilkd.key.control.KeYEnvironment.load(KeYEnvironment.java:251)
	at de.uka.ilkd.key.control.KeYEnvironment.load(KeYEnvironment.java:224)
	at de.uka.ilkd.key.control.KeYEnvironment.load(KeYEnvironment.java:184)
	at de.uka.ilkd.key.control.KeYEnvironment.load(KeYEnvironment.java:261)
	at de.uka.ilkd.key.proof.runallproofs.proofcollection.TestFile.load(TestFile.java:270)
	at de.uka.ilkd.key.proof.runallproofs.proofcollection.TestFile.runKey(TestFile.java:160)
	at de.uka.ilkd.key.proof.runallproofs.proofcollection.ForkedTestFileRunner.main(ForkedTestFileRunner.java:171)
Caused by: de.uka.ilkd.key.proof.init.ProofInputException: Could not find rule file rules/intRulesCheckedSemantics.key
	at de.uka.ilkd.key.proof.io.KeYFile.readIncludes(KeYFile.java:210)
	at de.uka.ilkd.key.proof.init.ProblemInitializer.readIncludes(ProblemInitializer.java:177)
	at de.uka.ilkd.key.proof.init.ProblemInitializer.readEnvInput(ProblemInitializer.java:325)
	at de.uka.ilkd.key.proof.init.ProblemInitializer.prepare(ProblemInitializer.java:449)
	at de.uka.ilkd.key.proof.io.AbstractProblemLoader.createInitConfig(AbstractProblemLoader.java:518)
	at de.uka.ilkd.key.proof.io.AbstractProblemLoader.loadEnvironment(AbstractProblemLoader.java:288)
	at de.uka.ilkd.key.proof.io.AbstractProblemLoader.load(AbstractProblemLoader.java:252)
	at de.uka.ilkd.key.control.AbstractUserInterfaceControl.load(AbstractUserInterfaceControl.java:209)
	... 7 more
Caused by: java.lang.RuntimeException: Could not find rule file rules/intRulesCheckedSemantics.key
	at de.uka.ilkd.key.proof.io.RuleSourceFactory.fromBuiltInRule(RuleSourceFactory.java:32)
	at de.uka.ilkd.key.proof.io.RuleSourceFactory.fromDefaultLocation(RuleSourceFactory.java:21)
	at de.uka.ilkd.key.nparser.builder.IncludeFinder.addInclude(IncludeFinder.java:63)
	at de.uka.ilkd.key.nparser.builder.IncludeFinder.visitOne_include(IncludeFinder.java:43)
	at de.uka.ilkd.key.nparser.builder.IncludeFinder.visitOne_include(IncludeFinder.java:20)
	at de.uka.ilkd.key.nparser.KeYParser$One_includeContext.accept(KeYParser.java:878)
	at de.uka.ilkd.key.nparser.builder.AbstractBuilder.lambda$mapOf$0(AbstractBuilder.java:112)
	at java.base/java.util.stream.ReferencePipeline$3$1.accept(ReferencePipeline.java:195)
	at java.base/java.util.ArrayList$ArrayListSpliterator.forEachRemaining(ArrayList.java:1655)
	at java.base/java.util.stream.AbstractPipeline.copyInto(AbstractPipeline.java:484)
	at java.base/java.util.stream.AbstractPipeline.wrapAndCopyInto(AbstractPipeline.java:474)
	at java.base/java.util.stream.ReduceOps$ReduceOp.evaluateSequential(ReduceOps.java:913)
	at java.base/java.util.stream.AbstractPipeline.evaluate(AbstractPipeline.java:234)
	at java.base/java.util.stream.ReferencePipeline.collect(ReferencePipeline.java:578)
	at de.uka.ilkd.key.nparser.builder.AbstractBuilder.mapOf(AbstractBuilder.java:112)
	at de.uka.ilkd.key.nparser.builder.IncludeFinder.visitOne_include_statement(IncludeFinder.java:35)
	at de.uka.ilkd.key.nparser.builder.IncludeFinder.visitOne_include_statement(IncludeFinder.java:20)
	at de.uka.ilkd.key.nparser.KeYParser$One_include_statementContext.accept(KeYParser.java:802)
	at org.antlr.v4.runtime.tree.AbstractParseTreeVisitor.visitChildren(AbstractParseTreeVisitor.java:46)
	at de.uka.ilkd.key.nparser.KeYParserBaseVisitor.visitDecls(KeYParserBaseVisitor.java:30)
	at de.uka.ilkd.key.nparser.KeYParser$DeclsContext.accept(KeYParser.java:500)
	at org.antlr.v4.runtime.tree.AbstractParseTreeVisitor.visitChildren(AbstractParseTreeVisitor.java:46)
	at de.uka.ilkd.key.nparser.KeYParserBaseVisitor.visitFile(KeYParserBaseVisitor.java:23)
	at de.uka.ilkd.key.nparser.KeYParser$FileContext.accept(KeYParser.java:306)
	at de.uka.ilkd.key.nparser.KeyAst.accept(KeyAst.java:41)
	at de.uka.ilkd.key.nparser.KeyAst$File.getIncludes(KeyAst.java:76)
	at de.uka.ilkd.key.proof.io.KeYFile.readIncludes(KeYFile.java:208)
	... 14 more
Could not find rule file rules/intRulesCheckedSemantics.key (file: /home/runner/work/key/key/key.core/../key.ui/examples/index/.././standard_key/prop_log/allClausesLength4.key; caused by: de.uka.ilkd.key.proof.init.ProofInputException: Could not find rule file rules/intRulesCheckedSemantics.key)
	at de.uka.ilkd.key.control.AbstractUserInterfaceControl.load(AbstractUserInterfaceControl.java:221)
	at de.uka.ilkd.key.control.KeYEnvironment.load(KeYEnvironment.java:251)
	at de.uka.ilkd.key.control.KeYEnvironment.load(KeYEnvironment.java:224)
	at de.uka.ilkd.key.control.KeYEnvironment.load(KeYEnvironment.java:184)
	at de.uka.ilkd.key.control.KeYEnvironment.load(KeYEnvironment.java:261)
	at de.uka.ilkd.key.proof.runallproofs.proofcollection.TestFile.load(TestFile.java:270)
	at de.uka.ilkd.key.proof.runallproofs.proofcollection.TestFile.runKey(TestFile.java:160)
	at de.uka.ilkd.key.proof.runallproofs.proofcollection.ForkedTestFileRunner.main(ForkedTestFileRunner.java:171)
Caused by: de.uka.ilkd.key.proof.init.ProofInputException: Could not find rule file rules/intRulesCheckedSemantics.key
	at de.uka.ilkd.key.proof.io.KeYFile.readIncludes(KeYFile.java:210)
	at de.uka.ilkd.key.proof.init.ProblemInitializer.readIncludes(ProblemInitializer.java:177)
	at de.uka.ilkd.key.proof.init.ProblemInitializer.readEnvInput(ProblemInitializer.java:325)
	at de.uka.ilkd.key.proof.init.ProblemInitializer.prepare(ProblemInitializer.java:449)
	at de.uka.ilkd.key.proof.io.AbstractProblemLoader.createInitConfig(AbstractProblemLoader.java:518)
	at de.uka.ilkd.key.proof.io.AbstractProblemLoader.loadEnvironment(AbstractProblemLoader.java:288)
	at de.uka.ilkd.key.proof.io.AbstractProblemLoader.load(AbstractProblemLoader.java:252)
	at de.uka.ilkd.key.control.AbstractUserInterfaceControl.load(AbstractUserInterfaceControl.java:209)
	... 7 more
Caused by: java.lang.RuntimeException: Could not find rule file rules/intRulesCheckedSemantics.key
	at de.uka.ilkd.key.proof.io.RuleSourceFactory.fromBuiltInRule(RuleSourceFactory.java:32)
	at de.uka.ilkd.key.proof.io.RuleSourceFactory.fromDefaultLocation(RuleSourceFactory.java:21)
	at de.uka.ilkd.key.nparser.builder.IncludeFinder.addInclude(IncludeFinder.java:63)
	at de.uka.ilkd.key.nparser.builder.IncludeFinder.visitOne_include(IncludeFinder.java:43)
	at de.uka.ilkd.key.nparser.builder.IncludeFinder.visitOne_include(IncludeFinder.java:20)
	at de.uka.ilkd.key.nparser.KeYParser$One_includeContext.accept(KeYParser.java:878)
	at de.uka.ilkd.key.nparser.builder.AbstractBuilder.lambda$mapOf$0(AbstractBuilder.java:112)
	at java.base/java.util.stream.ReferencePipeline$3$1.accept(ReferencePipeline.java:195)
	at java.base/java.util.ArrayList$ArrayListSpliterator.forEachRemaining(ArrayList.java:1655)
	at java.base/java.util.stream.AbstractPipeline.copyInto(AbstractPipeline.java:484)
	at java.base/java.util.stream.AbstractPipeline.wrapAndCopyInto(AbstractPipeline.java:474)
	at java.base/java.util.stream.ReduceOps$ReduceOp.evaluateSequential(ReduceOps.java:913)
	at java.base/java.util.stream.AbstractPipeline.evaluate(AbstractPipeline.java:234)
	at java.base/java.util.stream.ReferencePipeline.collect(ReferencePipeline.java:578)
	at de.uka.ilkd.key.nparser.builder.AbstractBuilder.mapOf(AbstractBuilder.java:112)
	at de.uka.ilkd.key.nparser.builder.IncludeFinder.visitOne_include_statement(IncludeFinder.java:35)
	at de.uka.ilkd.key.nparser.builder.IncludeFinder.visitOne_include_statement(IncludeFinder.java:20)
	at de.uka.ilkd.key.nparser.KeYParser$One_include_statementContext.accept(KeYParser.java:802)
	at org.antlr.v4.runtime.tree.AbstractParseTreeVisitor.visitChildren(AbstractParseTreeVisitor.java:46)
	at de.uka.ilkd.key.nparser.KeYParserBaseVisitor.visitDecls(KeYParserBaseVisitor.java:30)
	at de.uka.ilkd.key.nparser.KeYParser$DeclsContext.accept(KeYParser.java:500)
	at org.antlr.v4.runtime.tree.AbstractParseTreeVisitor.visitChildren(AbstractParseTreeVisitor.java:46)
	at de.uka.ilkd.key.nparser.KeYParserBaseVisitor.visitFile(KeYParserBaseVisitor.java:23)
	at de.uka.ilkd.key.nparser.KeYParser$FileContext.accept(KeYParser.java:306)
	at de.uka.ilkd.key.nparser.KeyAst.accept(KeyAst.java:41)
	at de.uka.ilkd.key.nparser.KeyAst$File.getIncludes(KeyAst.java:76)
	at de.uka.ilkd.key.proof.io.KeYFile.readIncludes(KeYFile.java:208)
	... 14 more
Could not find rule file rules/intRulesCheckedSemantics.key (file: /home/runner/work/key/key/key.core/../key.ui/examples/index/.././standard_key/prop_log/allClausesLength5.key; caused by: de.uka.ilkd.key.proof.init.ProofInputException: Could not find rule file rules/intRulesCheckedSemantics.key)
	at de.uka.ilkd.key.control.AbstractUserInterfaceControl.load(AbstractUserInterfaceControl.java:221)
	at de.uka.ilkd.key.control.KeYEnvironment.load(KeYEnvironment.java:251)
	at de.uka.ilkd.key.control.KeYEnvironment.load(KeYEnvironment.java:224)
	at de.uka.ilkd.key.control.KeYEnvironment.load(KeYEnvironment.java:184)
	at de.uka.ilkd.key.control.KeYEnvironment.load(KeYEnvironment.java:261)
	at de.uka.ilkd.key.proof.runallproofs.proofcollection.TestFile.load(TestFile.java:270)
	at de.uka.ilkd.key.proof.runallproofs.proofcollection.TestFile.runKey(TestFile.java:160)
	at de.uka.ilkd.key.proof.runallproofs.proofcollection.ForkedTestFileRunner.main(ForkedTestFileRunner.java:171)
Caused by: de.uka.ilkd.key.proof.init.ProofInputException: Could not find rule file rules/intRulesCheckedSemantics.key
	at de.uka.ilkd.key.proof.io.KeYFile.readIncludes(KeYFile.java:210)
	at de.uka.ilkd.key.proof.init.ProblemInitializer.readIncludes(ProblemInitializer.java:177)
	at de.uka.ilkd.key.proof.init.ProblemInitializer.readEnvInput(ProblemInitializer.java:325)
	at de.uka.ilkd.key.proof.init.ProblemInitializer.prepare(ProblemInitializer.java:449)
	at de.uka.ilkd.key.proof.io.AbstractProblemLoader.createInitConfig(AbstractProblemLoader.java:518)
	at de.uka.ilkd.key.proof.io.AbstractProblemLoader.loadEnvironment(AbstractProblemLoader.java:288)
	at de.uka.ilkd.key.proof.io.AbstractProblemLoader.load(AbstractProblemLoader.java:252)
	at de.uka.ilkd.key.control.AbstractUserInterfaceControl.load(AbstractUserInterfaceControl.java:209)
	... 7 more
Caused by: java.lang.RuntimeException: Could not find rule file rules/intRulesCheckedSemantics.key
	at de.uka.ilkd.key.proof.io.RuleSourceFactory.fromBuiltInRule(RuleSourceFactory.java:32)
	at de.uka.ilkd.key.proof.io.RuleSourceFactory.fromDefaultLocation(RuleSourceFactory.java:21)
	at de.uka.ilkd.key.nparser.builder.IncludeFinder.addInclude(IncludeFinder.java:63)
	at de.uka.ilkd.key.nparser.builder.IncludeFinder.visitOne_include(IncludeFinder.java:43)
	at de.uka.ilkd.key.nparser.builder.IncludeFinder.visitOne_include(IncludeFinder.java:20)
	at de.uka.ilkd.key.nparser.KeYParser$One_includeContext.accept(KeYParser.java:878)
	at de.uka.ilkd.key.nparser.builder.AbstractBuilder.lambda$mapOf$0(AbstractBuilder.java:112)
	at java.base/java.util.stream.ReferencePipeline$3$1.accept(ReferencePipeline.java:195)
	at java.base/java.util.ArrayList$ArrayListSpliterator.forEachRemaining(ArrayList.java:1655)
	at java.base/java.util.stream.AbstractPipeline.copyInto(AbstractPipeline.java:484)
	at java.base/java.util.stream.AbstractPipeline.wrapAndCopyInto(AbstractPipeline.java:474)
	at java.base/java.util.stream.ReduceOps$ReduceOp.evaluateSequential(ReduceOps.java:913)
	at java.base/java.util.stream.AbstractPipeline.evaluate(AbstractPipeline.java:234)
	at java.base/java.util.stream.ReferencePipeline.collect(ReferencePipeline.java:578)
	at de.uka.ilkd.key.nparser.builder.AbstractBuilder.mapOf(AbstractBuilder.java:112)
	at de.uka.ilkd.key.nparser.builder.IncludeFinder.visitOne_include_statement(IncludeFinder.java:35)
	at de.uka.ilkd.key.nparser.builder.IncludeFinder.visitOne_include_statement(IncludeFinder.java:20)
	at de.uka.ilkd.key.nparser.KeYParser$One_include_statementContext.accept(KeYParser.java:802)
	at org.antlr.v4.runtime.tree.AbstractParseTreeVisitor.visitChildren(AbstractParseTreeVisitor.java:46)
	at de.uka.ilkd.key.nparser.KeYParserBaseVisitor.visitDecls(KeYParserBaseVisitor.java:30)
	at de.uka.ilkd.key.nparser.KeYParser$DeclsContext.accept(KeYParser.java:500)
	at org.antlr.v4.runtime.tree.AbstractParseTreeVisitor.visitChildren(AbstractParseTreeVisitor.java:46)
	at de.uka.ilkd.key.nparser.KeYParserBaseVisitor.visitFile(KeYParserBaseVisitor.java:23)
	at de.uka.ilkd.key.nparser.KeYParser$FileContext.accept(KeYParser.java:306)
	at de.uka.ilkd.key.nparser.KeyAst.accept(KeyAst.java:41)
	at de.uka.ilkd.key.nparser.KeyAst$File.getIncludes(KeyAst.java:76)
	at de.uka.ilkd.key.proof.io.KeYFile.readIncludes(KeYFile.java:208)
	... 14 more
Could not find rule file rules/intRulesCheckedSemantics.key (file: /home/runner/work/key/key/key.core/../key.ui/examples/index/.././standard_key/prop_log/doubleNeg.key; caused by: de.uka.ilkd.key.proof.init.ProofInputException: Could not find rule file rules/intRulesCheckedSemantics.key)
	at de.uka.ilkd.key.control.AbstractUserInterfaceControl.load(AbstractUserInterfaceControl.java:221)
	at de.uka.ilkd.key.control.KeYEnvironment.load(KeYEnvironment.java:251)
	at de.uka.ilkd.key.control.KeYEnvironment.load(KeYEnvironment.java:224)
	at de.uka.ilkd.key.control.KeYEnvironment.load(KeYEnvironment.java:184)
	at de.uka.ilkd.key.control.KeYEnvironment.load(KeYEnvironment.java:261)
	at de.uka.ilkd.key.proof.runallproofs.proofcollection.TestFile.load(TestFile.java:270)
	at de.uka.ilkd.key.proof.runallproofs.proofcollection.TestFile.runKey(TestFile.java:160)
	at de.uka.ilkd.key.proof.runallproofs.proofcollection.ForkedTestFileRunner.main(ForkedTestFileRunner.java:171)
Caused by: de.uka.ilkd.key.proof.init.ProofInputException: Could not find rule file rules/intRulesCheckedSemantics.key
	at de.uka.ilkd.key.proof.io.KeYFile.readIncludes(KeYFile.java:210)
	at de.uka.ilkd.key.proof.init.ProblemInitializer.readIncludes(ProblemInitializer.java:177)
	at de.uka.ilkd.key.proof.init.ProblemInitializer.readEnvInput(ProblemInitializer.java:325)
	at de.uka.ilkd.key.proof.init.ProblemInitializer.prepare(ProblemInitializer.java:449)
	at de.uka.ilkd.key.proof.io.AbstractProblemLoader.createInitConfig(AbstractProblemLoader.java:518)
	at de.uka.ilkd.key.proof.io.AbstractProblemLoader.loadEnvironment(AbstractProblemLoader.java:288)
	at de.uka.ilkd.key.proof.io.AbstractProblemLoader.load(AbstractProblemLoader.java:252)
	at de.uka.ilkd.key.control.AbstractUserInterfaceControl.load(AbstractUserInterfaceControl.java:209)
	... 7 more
Caused by: java.lang.RuntimeException: Could not find rule file rules/intRulesCheckedSemantics.key
	at de.uka.ilkd.key.proof.io.RuleSourceFactory.fromBuiltInRule(RuleSourceFactory.java:32)
	at de.uka.ilkd.key.proof.io.RuleSourceFactory.fromDefaultLocation(RuleSourceFactory.java:21)
	at de.uka.ilkd.key.nparser.builder.IncludeFinder.addInclude(IncludeFinder.java:63)
	at de.uka.ilkd.key.nparser.builder.IncludeFinder.visitOne_include(IncludeFinder.java:43)
	at de.uka.ilkd.key.nparser.builder.IncludeFinder.visitOne_include(IncludeFinder.java:20)
	at de.uka.ilkd.key.nparser.KeYParser$One_includeContext.accept(KeYParser.java:878)
	at de.uka.ilkd.key.nparser.builder.AbstractBuilder.lambda$mapOf$0(AbstractBuilder.java:112)
	at java.base/java.util.stream.ReferencePipeline$3$1.accept(ReferencePipeline.java:195)
	at java.base/java.util.ArrayList$ArrayListSpliterator.forEachRemaining(ArrayList.java:1655)
	at java.base/java.util.stream.AbstractPipeline.copyInto(AbstractPipeline.java:484)
	at java.base/java.util.stream.AbstractPipeline.wrapAndCopyInto(AbstractPipeline.java:474)
	at java.base/java.util.stream.ReduceOps$ReduceOp.evaluateSequential(ReduceOps.java:913)
	at java.base/java.util.stream.AbstractPipeline.evaluate(AbstractPipeline.java:234)
	at java.base/java.util.stream.ReferencePipeline.collect(ReferencePipeline.java:578)
	at de.uka.ilkd.key.nparser.builder.AbstractBuilder.mapOf(AbstractBuilder.java:112)
	at de.uka.ilkd.key.nparser.builder.IncludeFinder.visitOne_include_statement(IncludeFinder.java:35)
	at de.uka.ilkd.key.nparser.builder.IncludeFinder.visitOne_include_statement(IncludeFinder.java:20)
	at de.uka.ilkd.key.nparser.KeYParser$One_include_statementContext.accept(KeYParser.java:802)
	at org.antlr.v4.runtime.tree.AbstractParseTreeVisitor.visitChildren(AbstractParseTreeVisitor.java:46)
	at de.uka.ilkd.key.nparser.KeYParserBaseVisitor.visitDecls(KeYParserBaseVisitor.java:30)
	at de.uka.ilkd.key.nparser.KeYParser$DeclsContext.accept(KeYParser.java:500)
	at org.antlr.v4.runtime.tree.AbstractParseTreeVisitor.visitChildren(AbstractParseTreeVisitor.java:46)
	at de.uka.ilkd.key.nparser.KeYParserBaseVisitor.visitFile(KeYParserBaseVisitor.java:23)
	at de.uka.ilkd.key.nparser.KeYParser$FileContext.accept(KeYParser.java:306)
	at de.uka.ilkd.key.nparser.KeyAst.accept(KeyAst.java:41)
	at de.uka.ilkd.key.nparser.KeyAst$File.getIncludes(KeyAst.java:76)
	at de.uka.ilkd.key.proof.io.KeYFile.readIncludes(KeYFile.java:208)
	... 14 more
Could not find rule file rules/intRulesCheckedSemantics.key (file: /home/runner/work/key/key/key.core/../key.ui/examples/index/.././standard_key/prop_log/liarsville.key; caused by: de.uka.ilkd.key.proof.init.ProofInputException: Could not find rule file rules/intRulesCheckedSemantics.key)
	at de.uka.ilkd.key.control.AbstractUserInterfaceControl.load(AbstractUserInterfaceControl.java:221)
	at de.uka.ilkd.key.control.KeYEnvironment.load(KeYEnvironment.java:251)
	at de.uka.ilkd.key.control.KeYEnvironment.load(KeYEnvironment.java:224)
	at de.uka.ilkd.key.control.KeYEnvironment.load(KeYEnvironment.java:184)
	at de.uka.ilkd.key.control.KeYEnvironment.load(KeYEnvironment.java:261)
	at de.uka.ilkd.key.proof.runallproofs.proofcollection.TestFile.load(TestFile.java:270)
	at de.uka.ilkd.key.proof.runallproofs.proofcollection.TestFile.runKey(TestFile.java:160)
	at de.uka.ilkd.key.proof.runallproofs.proofcollection.ForkedTestFileRunner.main(ForkedTestFileRunner.java:171)
Caused by: de.uka.ilkd.key.proof.init.ProofInputException: Could not find rule file rules/intRulesCheckedSemantics.key
	at de.uka.ilkd.key.proof.io.KeYFile.readIncludes(KeYFile.java:210)
	at de.uka.ilkd.key.proof.init.ProblemInitializer.readIncludes(ProblemInitializer.java:177)
	at de.uka.ilkd.key.proof.init.ProblemInitializer.readEnvInput(ProblemInitializer.java:325)
	at de.uka.ilkd.key.proof.init.ProblemInitializer.prepare(ProblemInitializer.java:449)
	at de.uka.ilkd.key.proof.io.AbstractProblemLoader.createInitConfig(AbstractProblemLoader.java:518)
	at de.uka.ilkd.key.proof.io.AbstractProblemLoader.loadEnvironment(AbstractProblemLoader.java:288)
	at de.uka.ilkd.key.proof.io.AbstractProblemLoader.load(AbstractProblemLoader.java:252)
	at de.uka.ilkd.key.control.AbstractUserInterfaceControl.load(AbstractUserInterfaceControl.java:209)
	... 7 more
Caused by: java.lang.RuntimeException: Could not find rule file rules/intRulesCheckedSemantics.key
	at de.uka.ilkd.key.proof.io.RuleSourceFactory.fromBuiltInRule(RuleSourceFactory.java:32)
	at de.uka.ilkd.key.proof.io.RuleSourceFactory.fromDefaultLocation(RuleSourceFactory.java:21)
	at de.uka.ilkd.key.nparser.builder.IncludeFinder.addInclude(IncludeFinder.java:63)
	at de.uka.ilkd.key.nparser.builder.IncludeFinder.visitOne_include(IncludeFinder.java:43)
	at de.uka.ilkd.key.nparser.builder.IncludeFinder.visitOne_include(IncludeFinder.java:20)
	at de.uka.ilkd.key.nparser.KeYParser$One_includeContext.accept(KeYParser.java:878)
	at de.uka.ilkd.key.nparser.builder.AbstractBuilder.lambda$mapOf$0(AbstractBuilder.java:112)
	at java.base/java.util.stream.ReferencePipeline$3$1.accept(ReferencePipeline.java:195)
	at java.base/java.util.ArrayList$ArrayListSpliterator.forEachRemaining(ArrayList.java:1655)
	at java.base/java.util.stream.AbstractPipeline.copyInto(AbstractPipeline.java:484)
	at java.base/java.util.stream.AbstractPipeline.wrapAndCopyInto(AbstractPipeline.java:474)
	at java.base/java.util.stream.ReduceOps$ReduceOp.evaluateSequential(ReduceOps.java:913)
	at java.base/java.util.stream.AbstractPipeline.evaluate(AbstractPipeline.java:234)
	at java.base/java.util.stream.ReferencePipeline.collect(ReferencePipeline.java:578)
	at de.uka.ilkd.key.nparser.builder.AbstractBuilder.mapOf(AbstractBuilder.java:112)
	at de.uka.ilkd.key.nparser.builder.IncludeFinder.visitOne_include_statement(IncludeFinder.java:35)
	at de.uka.ilkd.key.nparser.builder.IncludeFinder.visitOne_include_statement(IncludeFinder.java:20)
	at de.uka.ilkd.key.nparser.KeYParser$One_include_statementContext.accept(KeYParser.java:802)
	at org.antlr.v4.runtime.tree.AbstractParseTreeVisitor.visitChildren(AbstractParseTreeVisitor.java:46)
	at de.uka.ilkd.key.nparser.KeYParserBaseVisitor.visitDecls(KeYParserBaseVisitor.java:30)
	at de.uka.ilkd.key.nparser.KeYParser$DeclsContext.accept(KeYParser.java:500)
	at org.antlr.v4.runtime.tree.AbstractParseTreeVisitor.visitChildren(AbstractParseTreeVisitor.java:46)
	at de.uka.ilkd.key.nparser.KeYParserBaseVisitor.visitFile(KeYParserBaseVisitor.java:23)
	at de.uka.ilkd.key.nparser.KeYParser$FileContext.accept(KeYParser.java:306)
	at de.uka.ilkd.key.nparser.KeyAst.accept(KeyAst.java:41)
	at de.uka.ilkd.key.nparser.KeyAst$File.getIncludes(KeyAst.java:76)
	at de.uka.ilkd.key.proof.io.KeYFile.readIncludes(KeYFile.java:208)
	... 14 more
Could not find rule file rules/intRulesCheckedSemantics.key (file: /home/runner/work/key/key/key.core/../key.ui/examples/index/.././standard_key/prop_log/simplest.key; caused by: de.uka.ilkd.key.proof.init.ProofInputException: Could not find rule file rules/intRulesCheckedSemantics.key)
	at de.uka.ilkd.key.control.AbstractUserInterfaceControl.load(AbstractUserInterfaceControl.java:221)
	at de.uka.ilkd.key.control.KeYEnvironment.load(KeYEnvironment.java:251)
	at de.uka.ilkd.key.control.KeYEnvironment.load(KeYEnvironment.java:224)
	at de.uka.ilkd.key.control.KeYEnvironment.load(KeYEnvironment.java:184)
	at de.uka.ilkd.key.control.KeYEnvironment.load(KeYEnvironment.java:261)
	at de.uka.ilkd.key.proof.runallproofs.proofcollection.TestFile.load(TestFile.java:270)
	at de.uka.ilkd.key.proof.runallproofs.proofcollection.TestFile.runKey(TestFile.java:160)
	at de.uka.ilkd.key.proof.runallproofs.proofcollection.ForkedTestFileRunner.main(ForkedTestFileRunner.java:171)
Caused by: de.uka.ilkd.key.proof.init.ProofInputException: Could not find rule file rules/intRulesCheckedSemantics.key
	at de.uka.ilkd.key.proof.io.KeYFile.readIncludes(KeYFile.java:210)
	at de.uka.ilkd.key.proof.init.ProblemInitializer.readIncludes(ProblemInitializer.java:177)
	at de.uka.ilkd.key.proof.init.ProblemInitializer.readEnvInput(ProblemInitializer.java:325)
	at de.uka.ilkd.key.proof.init.ProblemInitializer.prepare(ProblemInitializer.java:449)
	at de.uka.ilkd.key.proof.io.AbstractProblemLoader.createInitConfig(AbstractProblemLoader.java:518)
	at de.uka.ilkd.key.proof.io.AbstractProblemLoader.loadEnvironment(AbstractProblemLoader.java:288)
	at de.uka.ilkd.key.proof.io.AbstractProblemLoader.load(AbstractProblemLoader.java:252)
	at de.uka.ilkd.key.control.AbstractUserInterfaceControl.load(AbstractUserInterfaceControl.java:209)
	... 7 more
Caused by: java.lang.RuntimeException: Could not find rule file rules/intRulesCheckedSemantics.key
	at de.uka.ilkd.key.proof.io.RuleSourceFactory.fromBuiltInRule(RuleSourceFactory.java:32)
	at de.uka.ilkd.key.proof.io.RuleSourceFactory.fromDefaultLocation(RuleSourceFactory.java:21)
	at de.uka.ilkd.key.nparser.builder.IncludeFinder.addInclude(IncludeFinder.java:63)
	at de.uka.ilkd.key.nparser.builder.IncludeFinder.visitOne_include(IncludeFinder.java:43)
	at de.uka.ilkd.key.nparser.builder.IncludeFinder.visitOne_include(IncludeFinder.java:20)
	at de.uka.ilkd.key.nparser.KeYParser$One_includeContext.accept(KeYParser.java:878)
	at de.uka.ilkd.key.nparser.builder.AbstractBuilder.lambda$mapOf$0(AbstractBuilder.java:112)
	at java.base/java.util.stream.ReferencePipeline$3$1.accept(ReferencePipeline.java:195)
	at java.base/java.util.ArrayList$ArrayListSpliterator.forEachRemaining(ArrayList.java:1655)
	at java.base/java.util.stream.AbstractPipeline.copyInto(AbstractPipeline.java:484)
	at java.base/java.util.stream.AbstractPipeline.wrapAndCopyInto(AbstractPipeline.java:474)
	at java.base/java.util.stream.ReduceOps$ReduceOp.evaluateSequential(ReduceOps.java:913)
	at java.base/java.util.stream.AbstractPipeline.evaluate(AbstractPipeline.java:234)
	at java.base/java.util.stream.ReferencePipeline.collect(ReferencePipeline.java:578)
	at de.uka.ilkd.key.nparser.builder.AbstractBuilder.mapOf(AbstractBuilder.java:112)
	at de.uka.ilkd.key.nparser.builder.IncludeFinder.visitOne_include_statement(IncludeFinder.java:35)
	at de.uka.ilkd.key.nparser.builder.IncludeFinder.visitOne_include_statement(IncludeFinder.java:20)
	at de.uka.ilkd.key.nparser.KeYParser$One_include_statementContext.accept(KeYParser.java:802)
	at org.antlr.v4.runtime.tree.AbstractParseTreeVisitor.visitChildren(AbstractParseTreeVisitor.java:46)
	at de.uka.ilkd.key.nparser.KeYParserBaseVisitor.visitDecls(KeYParserBaseVisitor.java:30)
	at de.uka.ilkd.key.nparser.KeYParser$DeclsContext.accept(KeYParser.java:500)
	at org.antlr.v4.runtime.tree.AbstractParseTreeVisitor.visitChildren(AbstractParseTreeVisitor.java:46)
	at de.uka.ilkd.key.nparser.KeYParserBaseVisitor.visitFile(KeYParserBaseVisitor.java:23)
	at de.uka.ilkd.key.nparser.KeYParser$FileContext.accept(KeYParser.java:306)
	at de.uka.ilkd.key.nparser.KeyAst.accept(KeyAst.java:41)
	at de.uka.ilkd.key.nparser.KeyAst$File.getIncludes(KeyAst.java:76)
	at de.uka.ilkd.key.proof.io.KeYFile.readIncludes(KeYFile.java:208)
	... 14 more
Could not find rule file rules/intRulesCheckedSemantics.key (file: /home/runner/work/key/key/key.core/../key.ui/examples/index/.././standard_key/prop_log/contraposition.key; caused by: de.uka.ilkd.key.proof.init.ProofInputException: Could not find rule file rules/intRulesCheckedSemantics.key)
	at de.uka.ilkd.key.control.AbstractUserInterfaceControl.load(AbstractUserInterfaceControl.java:221)
	at de.uka.ilkd.key.control.KeYEnvironment.load(KeYEnvironment.java:251)
	at de.uka.ilkd.key.control.KeYEnvironment.load(KeYEnvironment.java:224)
	at de.uka.ilkd.key.control.KeYEnvironment.load(KeYEnvironment.java:184)
	at de.uka.ilkd.key.control.KeYEnvironment.load(KeYEnvironment.java:261)
	at de.uka.ilkd.key.proof.runallproofs.proofcollection.TestFile.load(TestFile.java:270)
	at de.uka.ilkd.key.proof.runallproofs.proofcollection.TestFile.runKey(TestFile.java:160)
	at de.uka.ilkd.key.proof.runallproofs.proofcollection.ForkedTestFileRunner.main(ForkedTestFileRunner.java:171)
Caused by: de.uka.ilkd.key.proof.init.ProofInputException: Could not find rule file rules/intRulesCheckedSemantics.key
	at de.uka.ilkd.key.proof.io.KeYFile.readIncludes(KeYFile.java:210)
	at de.uka.ilkd.key.proof.init.ProblemInitializer.readIncludes(ProblemInitializer.java:177)
	at de.uka.ilkd.key.proof.init.ProblemInitializer.readEnvInput(ProblemInitializer.java:325)
	at de.uka.ilkd.key.proof.init.ProblemInitializer.prepare(ProblemInitializer.java:449)
	at de.uka.ilkd.key.proof.io.AbstractProblemLoader.createInitConfig(AbstractProblemLoader.java:518)
	at de.uka.ilkd.key.proof.io.AbstractProblemLoader.loadEnvironment(AbstractProblemLoader.java:288)
	at de.uka.ilkd.key.proof.io.AbstractProblemLoader.load(AbstractProblemLoader.java:252)
	at de.uka.ilkd.key.control.AbstractUserInterfaceControl.load(AbstractUserInterfaceControl.java:209)
	... 7 more
Caused by: java.lang.RuntimeException: Could not find rule file rules/intRulesCheckedSemantics.key
	at de.uka.ilkd.key.proof.io.RuleSourceFactory.fromBuiltInRule(RuleSourceFactory.java:32)
	at de.uka.ilkd.key.proof.io.RuleSourceFactory.fromDefaultLocation(RuleSourceFactory.java:21)
	at de.uka.ilkd.key.nparser.builder.IncludeFinder.addInclude(IncludeFinder.java:63)
	at de.uka.ilkd.key.nparser.builder.IncludeFinder.visitOne_include(IncludeFinder.java:43)
	at de.uka.ilkd.key.nparser.builder.IncludeFinder.visitOne_include(IncludeFinder.java:20)
	at de.uka.ilkd.key.nparser.KeYParser$One_includeContext.accept(KeYParser.java:878)
	at de.uka.ilkd.key.nparser.builder.AbstractBuilder.lambda$mapOf$0(AbstractBuilder.java:112)
	at java.base/java.util.stream.ReferencePipeline$3$1.accept(ReferencePipeline.java:195)
	at java.base/java.util.ArrayList$ArrayListSpliterator.forEachRemaining(ArrayList.java:1655)
	at java.base/java.util.stream.AbstractPipeline.copyInto(AbstractPipeline.java:484)
	at java.base/java.util.stream.AbstractPipeline.wrapAndCopyInto(AbstractPipeline.java:474)
	at java.base/java.util.stream.ReduceOps$ReduceOp.evaluateSequential(ReduceOps.java:913)
	at java.base/java.util.stream.AbstractPipeline.evaluate(AbstractPipeline.java:234)
	at java.base/java.util.stream.ReferencePipeline.collect(ReferencePipeline.java:578)
	at de.uka.ilkd.key.nparser.builder.AbstractBuilder.mapOf(AbstractBuilder.java:112)
	at de.uka.ilkd.key.nparser.builder.IncludeFinder.visitOne_include_statement(IncludeFinder.java:35)
	at de.uka.ilkd.key.nparser.builder.IncludeFinder.visitOne_include_statement(IncludeFinder.java:20)
	at de.uka.ilkd.key.nparser.KeYParser$One_include_statementContext.accept(KeYParser.java:802)
	at org.antlr.v4.runtime.tree.AbstractParseTreeVisitor.visitChildren(AbstractParseTreeVisitor.java:46)
	at de.uka.ilkd.key.nparser.KeYParserBaseVisitor.visitDecls(KeYParserBaseVisitor.java:30)
	at de.uka.ilkd.key.nparser.KeYParser$DeclsContext.accept(KeYParser.java:500)
	at org.antlr.v4.runtime.tree.AbstractParseTreeVisitor.visitChildren(AbstractParseTreeVisitor.java:46)
	at de.uka.ilkd.key.nparser.KeYParserBaseVisitor.visitFile(KeYParserBaseVisitor.java:23)
	at de.uka.ilkd.key.nparser.KeYParser$FileContext.accept(KeYParser.java:306)
	at de.uka.ilkd.key.nparser.KeyAst.accept(KeyAst.java:41)
	at de.uka.ilkd.key.nparser.KeyAst$File.getIncludes(KeyAst.java:76)
	at de.uka.ilkd.key.proof.io.KeYFile.readIncludes(KeYFile.java:208)
	... 14 more
Could not find rule file rules/intRulesCheckedSemantics.key (file: /home/runner/work/key/key/key.core/../key.ui/examples/index/.././standard_key/quantifiers/elimination0.key; caused by: de.uka.ilkd.key.proof.init.ProofInputException: Could not find rule file rules/intRulesCheckedSemantics.key)
	at de.uka.ilkd.key.control.AbstractUserInterfaceControl.load(AbstractUserInterfaceControl.java:221)
	at de.uka.ilkd.key.control.KeYEnvironment.load(KeYEnvironment.java:251)
	at de.uka.ilkd.key.control.KeYEnvironment.load(KeYEnvironment.java:224)
	at de.uka.ilkd.key.control.KeYEnvironment.load(KeYEnvironment.java:184)
	at de.uka.ilkd.key.control.KeYEnvironment.load(KeYEnvironment.java:261)
	at de.uka.ilkd.key.proof.runallproofs.proofcollection.TestFile.load(TestFile.java:270)
	at de.uka.ilkd.key.proof.runallproofs.proofcollection.TestFile.runKey(TestFile.java:160)
	at de.uka.ilkd.key.proof.runallproofs.proofcollection.ForkedTestFileRunner.main(ForkedTestFileRunner.java:171)
Caused by: de.uka.ilkd.key.proof.init.ProofInputException: Could not find rule file rules/intRulesCheckedSemantics.key
	at de.uka.ilkd.key.proof.io.KeYFile.readIncludes(KeYFile.java:210)
	at de.uka.ilkd.key.proof.init.ProblemInitializer.readIncludes(ProblemInitializer.java:177)
	at de.uka.ilkd.key.proof.init.ProblemInitializer.readEnvInput(ProblemInitializer.java:325)
	at de.uka.ilkd.key.proof.init.ProblemInitializer.prepare(ProblemInitializer.java:449)
	at de.uka.ilkd.key.proof.io.AbstractProblemLoader.createInitConfig(AbstractProblemLoader.java:518)
	at de.uka.ilkd.key.proof.io.AbstractProblemLoader.loadEnvironment(AbstractProblemLoader.java:288)
	at de.uka.ilkd.key.proof.io.AbstractProblemLoader.load(AbstractProblemLoader.java:252)
	at de.uka.ilkd.key.control.AbstractUserInterfaceControl.load(AbstractUserInterfaceControl.java:209)
	... 7 more
Caused by: java.lang.RuntimeException: Could not find rule file rules/intRulesCheckedSemantics.key
	at de.uka.ilkd.key.proof.io.RuleSourceFactory.fromBuiltInRule(RuleSourceFactory.java:32)
	at de.uka.ilkd.key.proof.io.RuleSourceFactory.fromDefaultLocation(RuleSourceFactory.java:21)
	at de.uka.ilkd.key.nparser.builder.IncludeFinder.addInclude(IncludeFinder.java:63)
	at de.uka.ilkd.key.nparser.builder.IncludeFinder.visitOne_include(IncludeFinder.java:43)
	at de.uka.ilkd.key.nparser.builder.IncludeFinder.visitOne_include(IncludeFinder.java:20)
	at de.uka.ilkd.key.nparser.KeYParser$One_includeContext.accept(KeYParser.java:878)
	at de.uka.ilkd.key.nparser.builder.AbstractBuilder.lambda$mapOf$0(AbstractBuilder.java:112)
	at java.base/java.util.stream.ReferencePipeline$3$1.accept(ReferencePipeline.java:195)
	at java.base/java.util.ArrayList$ArrayListSpliterator.forEachRemaining(ArrayList.java:1655)
	at java.base/java.util.stream.AbstractPipeline.copyInto(AbstractPipeline.java:484)
	at java.base/java.util.stream.AbstractPipeline.wrapAndCopyInto(AbstractPipeline.java:474)
	at java.base/java.util.stream.ReduceOps$ReduceOp.evaluateSequential(ReduceOps.java:913)
	at java.base/java.util.stream.AbstractPipeline.evaluate(AbstractPipeline.java:234)
	at java.base/java.util.stream.ReferencePipeline.collect(ReferencePipeline.java:578)
	at de.uka.ilkd.key.nparser.builder.AbstractBuilder.mapOf(AbstractBuilder.java:112)
	at de.uka.ilkd.key.nparser.builder.IncludeFinder.visitOne_include_statement(IncludeFinder.java:35)
	at de.uka.ilkd.key.nparser.builder.IncludeFinder.visitOne_include_statement(IncludeFinder.java:20)
	at de.uka.ilkd.key.nparser.KeYParser$One_include_statementContext.accept(KeYParser.java:802)
	at org.antlr.v4.runtime.tree.AbstractParseTreeVisitor.visitChildren(AbstractParseTreeVisitor.java:46)
	at de.uka.ilkd.key.nparser.KeYParserBaseVisitor.visitDecls(KeYParserBaseVisitor.java:30)
	at de.uka.ilkd.key.nparser.KeYParser$DeclsContext.accept(KeYParser.java:500)
	at org.antlr.v4.runtime.tree.AbstractParseTreeVisitor.visitChildren(AbstractParseTreeVisitor.java:46)
	at de.uka.ilkd.key.nparser.KeYParserBaseVisitor.visitFile(KeYParserBaseVisitor.java:23)
	at de.uka.ilkd.key.nparser.KeYParser$FileContext.accept(KeYParser.java:306)
	at de.uka.ilkd.key.nparser.KeyAst.accept(KeyAst.java:41)
	at de.uka.ilkd.key.nparser.KeyAst$File.getIncludes(KeyAst.java:76)
	at de.uka.ilkd.key.proof.io.KeYFile.readIncludes(KeYFile.java:208)
	... 14 more
Could not find rule file rules/intRulesCheckedSemantics.key (file: /home/runner/work/key/key/key.core/../key.ui/examples/index/.././standard_key/quantifiers/heuristic_PUZ001p1-eq.key; caused by: de.uka.ilkd.key.proof.init.ProofInputException: Could not find rule file rules/intRulesCheckedSemantics.key)
	at de.uka.ilkd.key.control.AbstractUserInterfaceControl.load(AbstractUserInterfaceControl.java:221)
	at de.uka.ilkd.key.control.KeYEnvironment.load(KeYEnvironment.java:251)
	at de.uka.ilkd.key.control.KeYEnvironment.load(KeYEnvironment.java:224)
	at de.uka.ilkd.key.control.KeYEnvironment.load(KeYEnvironment.java:184)
	at de.uka.ilkd.key.control.KeYEnvironment.load(KeYEnvironment.java:261)
	at de.uka.ilkd.key.proof.runallproofs.proofcollection.TestFile.load(TestFile.java:270)
	at de.uka.ilkd.key.proof.runallproofs.proofcollection.TestFile.runKey(TestFile.java:160)
	at de.uka.ilkd.key.proof.runallproofs.proofcollection.ForkedTestFileRunner.main(ForkedTestFileRunner.java:171)
Caused by: de.uka.ilkd.key.proof.init.ProofInputException: Could not find rule file rules/intRulesCheckedSemantics.key
	at de.uka.ilkd.key.proof.io.KeYFile.readIncludes(KeYFile.java:210)
	at de.uka.ilkd.key.proof.init.ProblemInitializer.readIncludes(ProblemInitializer.java:177)
	at de.uka.ilkd.key.proof.init.ProblemInitializer.readEnvInput(ProblemInitializer.java:325)
	at de.uka.ilkd.key.proof.init.ProblemInitializer.prepare(ProblemInitializer.java:449)
	at de.uka.ilkd.key.proof.io.AbstractProblemLoader.createInitConfig(AbstractProblemLoader.java:518)
	at de.uka.ilkd.key.proof.io.AbstractProblemLoader.loadEnvironment(AbstractProblemLoader.java:288)
	at de.uka.ilkd.key.proof.io.AbstractProblemLoader.load(AbstractProblemLoader.java:252)
	at de.uka.ilkd.key.control.AbstractUserInterfaceControl.load(AbstractUserInterfaceControl.java:209)
	... 7 more
Caused by: java.lang.RuntimeException: Could not find rule file rules/intRulesCheckedSemantics.key
	at de.uka.ilkd.key.proof.io.RuleSourceFactory.fromBuiltInRule(RuleSourceFactory.java:32)
	at de.uka.ilkd.key.proof.io.RuleSourceFactory.fromDefaultLocation(RuleSourceFactory.java:21)
	at de.uka.ilkd.key.nparser.builder.IncludeFinder.addInclude(IncludeFinder.java:63)
	at de.uka.ilkd.key.nparser.builder.IncludeFinder.visitOne_include(IncludeFinder.java:43)
	at de.uka.ilkd.key.nparser.builder.IncludeFinder.visitOne_include(IncludeFinder.java:20)
	at de.uka.ilkd.key.nparser.KeYParser$One_includeContext.accept(KeYParser.java:878)
	at de.uka.ilkd.key.nparser.builder.AbstractBuilder.lambda$mapOf$0(AbstractBuilder.java:112)
	at java.base/java.util.stream.ReferencePipeline$3$1.accept(ReferencePipeline.java:195)
	at java.base/java.util.ArrayList$ArrayListSpliterator.forEachRemaining(ArrayList.java:1655)
	at java.base/java.util.stream.AbstractPipeline.copyInto(AbstractPipeline.java:484)
	at java.base/java.util.stream.AbstractPipeline.wrapAndCopyInto(AbstractPipeline.java:474)
	at java.base/java.util.stream.ReduceOps$ReduceOp.evaluateSequential(ReduceOps.java:913)
	at java.base/java.util.stream.AbstractPipeline.evaluate(AbstractPipeline.java:234)
	at java.base/java.util.stream.ReferencePipeline.collect(ReferencePipeline.java:578)
	at de.uka.ilkd.key.nparser.builder.AbstractBuilder.mapOf(AbstractBuilder.java:112)
	at de.uka.ilkd.key.nparser.builder.IncludeFinder.visitOne_include_statement(IncludeFinder.java:35)
	at de.uka.ilkd.key.nparser.builder.IncludeFinder.visitOne_include_statement(IncludeFinder.java:20)
	at de.uka.ilkd.key.nparser.KeYParser$One_include_statementContext.accept(KeYParser.java:802)
	at org.antlr.v4.runtime.tree.AbstractParseTreeVisitor.visitChildren(AbstractParseTreeVisitor.java:46)
	at de.uka.ilkd.key.nparser.KeYParserBaseVisitor.visitDecls(KeYParserBaseVisitor.java:30)
	at de.uka.ilkd.key.nparser.KeYParser$DeclsContext.accept(KeYParser.java:500)
	at org.antlr.v4.runtime.tree.AbstractParseTreeVisitor.visitChildren(AbstractParseTreeVisitor.java:46)
	at de.uka.ilkd.key.nparser.KeYParserBaseVisitor.visitFile(KeYParserBaseVisitor.java:23)
	at de.uka.ilkd.key.nparser.KeYParser$FileContext.accept(KeYParser.java:306)
	at de.uka.ilkd.key.nparser.KeyAst.accept(KeyAst.java:41)
	at de.uka.ilkd.key.nparser.KeyAst$File.getIncludes(KeyAst.java:76)
	at de.uka.ilkd.key.proof.io.KeYFile.readIncludes(KeYFile.java:208)
	... 14 more
Could not find rule file rules/intRulesCheckedSemantics.key (file: /home/runner/work/key/key/key.core/../key.ui/examples/index/.././standard_key/quantifiers/heuristic_PUZ001p1.key; caused by: de.uka.ilkd.key.proof.init.ProofInputException: Could not find rule file rules/intRulesCheckedSemantics.key)
	at de.uka.ilkd.key.control.AbstractUserInterfaceControl.load(AbstractUserInterfaceControl.java:221)
	at de.uka.ilkd.key.control.KeYEnvironment.load(KeYEnvironment.java:251)
	at de.uka.ilkd.key.control.KeYEnvironment.load(KeYEnvironment.java:224)
	at de.uka.ilkd.key.control.KeYEnvironment.load(KeYEnvironment.java:184)
	at de.uka.ilkd.key.control.KeYEnvironment.load(KeYEnvironment.java:261)
	at de.uka.ilkd.key.proof.runallproofs.proofcollection.TestFile.load(TestFile.java:270)
	at de.uka.ilkd.key.proof.runallproofs.proofcollection.TestFile.runKey(TestFile.java:160)
	at de.uka.ilkd.key.proof.runallproofs.proofcollection.ForkedTestFileRunner.main(ForkedTestFileRunner.java:171)
Caused by: de.uka.ilkd.key.proof.init.ProofInputException: Could not find rule file rules/intRulesCheckedSemantics.key
	at de.uka.ilkd.key.proof.io.KeYFile.readIncludes(KeYFile.java:210)
	at de.uka.ilkd.key.proof.init.ProblemInitializer.readIncludes(ProblemInitializer.java:177)
	at de.uka.ilkd.key.proof.init.ProblemInitializer.readEnvInput(ProblemInitializer.java:325)
	at de.uka.ilkd.key.proof.init.ProblemInitializer.prepare(ProblemInitializer.java:449)
	at de.uka.ilkd.key.proof.io.AbstractProblemLoader.createInitConfig(AbstractProblemLoader.java:518)
	at de.uka.ilkd.key.proof.io.AbstractProblemLoader.loadEnvironment(AbstractProblemLoader.java:288)
	at de.uka.ilkd.key.proof.io.AbstractProblemLoader.load(AbstractProblemLoader.java:252)
	at de.uka.ilkd.key.control.AbstractUserInterfaceControl.load(AbstractUserInterfaceControl.java:209)
	... 7 more
Caused by: java.lang.RuntimeException: Could not find rule file rules/intRulesCheckedSemantics.key
	at de.uka.ilkd.key.proof.io.RuleSourceFactory.fromBuiltInRule(RuleSourceFactory.java:32)
	at de.uka.ilkd.key.proof.io.RuleSourceFactory.fromDefaultLocation(RuleSourceFactory.java:21)
	at de.uka.ilkd.key.nparser.builder.IncludeFinder.addInclude(IncludeFinder.java:63)
	at de.uka.ilkd.key.nparser.builder.IncludeFinder.visitOne_include(IncludeFinder.java:43)
	at de.uka.ilkd.key.nparser.builder.IncludeFinder.visitOne_include(IncludeFinder.java:20)
	at de.uka.ilkd.key.nparser.KeYParser$One_includeContext.accept(KeYParser.java:878)
	at de.uka.ilkd.key.nparser.builder.AbstractBuilder.lambda$mapOf$0(AbstractBuilder.java:112)
	at java.base/java.util.stream.ReferencePipeline$3$1.accept(ReferencePipeline.java:195)
	at java.base/java.util.ArrayList$ArrayListSpliterator.forEachRemaining(ArrayList.java:1655)
	at java.base/java.util.stream.AbstractPipeline.copyInto(AbstractPipeline.java:484)
	at java.base/java.util.stream.AbstractPipeline.wrapAndCopyInto(AbstractPipeline.java:474)
	at java.base/java.util.stream.ReduceOps$ReduceOp.evaluateSequential(ReduceOps.java:913)
	at java.base/java.util.stream.AbstractPipeline.evaluate(AbstractPipeline.java:234)
	at java.base/java.util.stream.ReferencePipeline.collect(ReferencePipeline.java:578)
	at de.uka.ilkd.key.nparser.builder.AbstractBuilder.mapOf(AbstractBuilder.java:112)
	at de.uka.ilkd.key.nparser.builder.IncludeFinder.visitOne_include_statement(IncludeFinder.java:35)
	at de.uka.ilkd.key.nparser.builder.IncludeFinder.visitOne_include_statement(IncludeFinder.java:20)
	at de.uka.ilkd.key.nparser.KeYParser$One_include_statementContext.accept(KeYParser.java:802)
	at org.antlr.v4.runtime.tree.AbstractParseTreeVisitor.visitChildren(AbstractParseTreeVisitor.java:46)
	at de.uka.ilkd.key.nparser.KeYParserBaseVisitor.visitDecls(KeYParserBaseVisitor.java:30)
	at de.uka.ilkd.key.nparser.KeYParser$DeclsContext.accept(KeYParser.java:500)
	at org.antlr.v4.runtime.tree.AbstractParseTreeVisitor.visitChildren(AbstractParseTreeVisitor.java:46)
	at de.uka.ilkd.key.nparser.KeYParserBaseVisitor.visitFile(KeYParserBaseVisitor.java:23)
	at de.uka.ilkd.key.nparser.KeYParser$FileContext.accept(KeYParser.java:306)
	at de.uka.ilkd.key.nparser.KeyAst.accept(KeyAst.java:41)
	at de.uka.ilkd.key.nparser.KeyAst$File.getIncludes(KeyAst.java:76)
	at de.uka.ilkd.key.proof.io.KeYFile.readIncludes(KeYFile.java:208)
	... 14 more
Could not find rule file rules/intRulesCheckedSemantics.key (file: /home/runner/work/key/key/key.core/../key.ui/examples/index/.././standard_key/quantifiers/heuristic_PUZ031p1.key; caused by: de.uka.ilkd.key.proof.init.ProofInputException: Could not find rule file rules/intRulesCheckedSemantics.key)
	at de.uka.ilkd.key.control.AbstractUserInterfaceControl.load(AbstractUserInterfaceControl.java:221)
	at de.uka.ilkd.key.control.KeYEnvironment.load(KeYEnvironment.java:251)
	at de.uka.ilkd.key.control.KeYEnvironment.load(KeYEnvironment.java:224)
	at de.uka.ilkd.key.control.KeYEnvironment.load(KeYEnvironment.java:184)
	at de.uka.ilkd.key.control.KeYEnvironment.load(KeYEnvironment.java:261)
	at de.uka.ilkd.key.proof.runallproofs.proofcollection.TestFile.load(TestFile.java:270)
	at de.uka.ilkd.key.proof.runallproofs.proofcollection.TestFile.runKey(TestFile.java:160)
	at de.uka.ilkd.key.proof.runallproofs.proofcollection.ForkedTestFileRunner.main(ForkedTestFileRunner.java:171)
Caused by: de.uka.ilkd.key.proof.init.ProofInputException: Could not find rule file rules/intRulesCheckedSemantics.key
	at de.uka.ilkd.key.proof.io.KeYFile.readIncludes(KeYFile.java:210)
	at de.uka.ilkd.key.proof.init.ProblemInitializer.readIncludes(ProblemInitializer.java:177)
	at de.uka.ilkd.key.proof.init.ProblemInitializer.readEnvInput(ProblemInitializer.java:325)
	at de.uka.ilkd.key.proof.init.ProblemInitializer.prepare(ProblemInitializer.java:449)
	at de.uka.ilkd.key.proof.io.AbstractProblemLoader.createInitConfig(AbstractProblemLoader.java:518)
	at de.uka.ilkd.key.proof.io.AbstractProblemLoader.loadEnvironment(AbstractProblemLoader.java:288)
	at de.uka.ilkd.key.proof.io.AbstractProblemLoader.load(AbstractProblemLoader.java:252)
	at de.uka.ilkd.key.control.AbstractUserInterfaceControl.load(AbstractUserInterfaceControl.java:209)
	... 7 more
Caused by: java.lang.RuntimeException: Could not find rule file rules/intRulesCheckedSemantics.key
	at de.uka.ilkd.key.proof.io.RuleSourceFactory.fromBuiltInRule(RuleSourceFactory.java:32)
	at de.uka.ilkd.key.proof.io.RuleSourceFactory.fromDefaultLocation(RuleSourceFactory.java:21)
	at de.uka.ilkd.key.nparser.builder.IncludeFinder.addInclude(IncludeFinder.java:63)
	at de.uka.ilkd.key.nparser.builder.IncludeFinder.visitOne_include(IncludeFinder.java:43)
	at de.uka.ilkd.key.nparser.builder.IncludeFinder.visitOne_include(IncludeFinder.java:20)
	at de.uka.ilkd.key.nparser.KeYParser$One_includeContext.accept(KeYParser.java:878)
	at de.uka.ilkd.key.nparser.builder.AbstractBuilder.lambda$mapOf$0(AbstractBuilder.java:112)
	at java.base/java.util.stream.ReferencePipeline$3$1.accept(ReferencePipeline.java:195)
	at java.base/java.util.ArrayList$ArrayListSpliterator.forEachRemaining(ArrayList.java:1655)
	at java.base/java.util.stream.AbstractPipeline.copyInto(AbstractPipeline.java:484)
	at java.base/java.util.stream.AbstractPipeline.wrapAndCopyInto(AbstractPipeline.java:474)
	at java.base/java.util.stream.ReduceOps$ReduceOp.evaluateSequential(ReduceOps.java:913)
	at java.base/java.util.stream.AbstractPipeline.evaluate(AbstractPipeline.java:234)
	at java.base/java.util.stream.ReferencePipeline.collect(ReferencePipeline.java:578)
	at de.uka.ilkd.key.nparser.builder.AbstractBuilder.mapOf(AbstractBuilder.java:112)
	at de.uka.ilkd.key.nparser.builder.IncludeFinder.visitOne_include_statement(IncludeFinder.java:35)
	at de.uka.ilkd.key.nparser.builder.IncludeFinder.visitOne_include_statement(IncludeFinder.java:20)
	at de.uka.ilkd.key.nparser.KeYParser$One_include_statementContext.accept(KeYParser.java:802)
	at org.antlr.v4.runtime.tree.AbstractParseTreeVisitor.visitChildren(AbstractParseTreeVisitor.java:46)
	at de.uka.ilkd.key.nparser.KeYParserBaseVisitor.visitDecls(KeYParserBaseVisitor.java:30)
	at de.uka.ilkd.key.nparser.KeYParser$DeclsContext.accept(KeYParser.java:500)
	at org.antlr.v4.runtime.tree.AbstractParseTreeVisitor.visitChildren(AbstractParseTreeVisitor.java:46)
	at de.uka.ilkd.key.nparser.KeYParserBaseVisitor.visitFile(KeYParserBaseVisitor.java:23)
	at de.uka.ilkd.key.nparser.KeYParser$FileContext.accept(KeYParser.java:306)
	at de.uka.ilkd.key.nparser.KeyAst.accept(KeyAst.java:41)
	at de.uka.ilkd.key.nparser.KeyAst$File.getIncludes(KeyAst.java:76)
	at de.uka.ilkd.key.proof.io.KeYFile.readIncludes(KeYFile.java:208)
	... 14 more
Could not find rule file rules/intRulesCheckedSemantics.key (file: /home/runner/work/key/key/key.core/../key.ui/examples/index/.././standard_key/quantifiers/heuristic_SYN036p2.key; caused by: de.uka.ilkd.key.proof.init.ProofInputException: Could not find rule file rules/intRulesCheckedSemantics.key)
	at de.uka.ilkd.key.control.AbstractUserInterfaceControl.load(AbstractUserInterfaceControl.java:221)
	at de.uka.ilkd.key.control.KeYEnvironment.load(KeYEnvironment.java:251)
	at de.uka.ilkd.key.control.KeYEnvironment.load(KeYEnvironment.java:224)
	at de.uka.ilkd.key.control.KeYEnvironment.load(KeYEnvironment.java:184)
	at de.uka.ilkd.key.control.KeYEnvironment.load(KeYEnvironment.java:261)
	at de.uka.ilkd.key.proof.runallproofs.proofcollection.TestFile.load(TestFile.java:270)
	at de.uka.ilkd.key.proof.runallproofs.proofcollection.TestFile.runKey(TestFile.java:160)
	at de.uka.ilkd.key.proof.runallproofs.proofcollection.ForkedTestFileRunner.main(ForkedTestFileRunner.java:171)
Caused by: de.uka.ilkd.key.proof.init.ProofInputException: Could not find rule file rules/intRulesCheckedSemantics.key
	at de.uka.ilkd.key.proof.io.KeYFile.readIncludes(KeYFile.java:210)
	at de.uka.ilkd.key.proof.init.ProblemInitializer.readIncludes(ProblemInitializer.java:177)
	at de.uka.ilkd.key.proof.init.ProblemInitializer.readEnvInput(ProblemInitializer.java:325)
	at de.uka.ilkd.key.proof.init.ProblemInitializer.prepare(ProblemInitializer.java:449)
	at de.uka.ilkd.key.proof.io.AbstractProblemLoader.createInitConfig(AbstractProblemLoader.java:518)
	at de.uka.ilkd.key.proof.io.AbstractProblemLoader.loadEnvironment(AbstractProblemLoader.java:288)
	at de.uka.ilkd.key.proof.io.AbstractProblemLoader.load(AbstractProblemLoader.java:252)
	at de.uka.ilkd.key.control.AbstractUserInterfaceControl.load(AbstractUserInterfaceControl.java:209)
	... 7 more
Caused by: java.lang.RuntimeException: Could not find rule file rules/intRulesCheckedSemantics.key
	at de.uka.ilkd.key.proof.io.RuleSourceFactory.fromBuiltInRule(RuleSourceFactory.java:32)
	at de.uka.ilkd.key.proof.io.RuleSourceFactory.fromDefaultLocation(RuleSourceFactory.java:21)
	at de.uka.ilkd.key.nparser.builder.IncludeFinder.addInclude(IncludeFinder.java:63)
	at de.uka.ilkd.key.nparser.builder.IncludeFinder.visitOne_include(IncludeFinder.java:43)
	at de.uka.ilkd.key.nparser.builder.IncludeFinder.visitOne_include(IncludeFinder.java:20)
	at de.uka.ilkd.key.nparser.KeYParser$One_includeContext.accept(KeYParser.java:878)
	at de.uka.ilkd.key.nparser.builder.AbstractBuilder.lambda$mapOf$0(AbstractBuilder.java:112)
	at java.base/java.util.stream.ReferencePipeline$3$1.accept(ReferencePipeline.java:195)
	at java.base/java.util.ArrayList$ArrayListSpliterator.forEachRemaining(ArrayList.java:1655)
	at java.base/java.util.stream.AbstractPipeline.copyInto(AbstractPipeline.java:484)
	at java.base/java.util.stream.AbstractPipeline.wrapAndCopyInto(AbstractPipeline.java:474)
	at java.base/java.util.stream.ReduceOps$ReduceOp.evaluateSequential(ReduceOps.java:913)
	at java.base/java.util.stream.AbstractPipeline.evaluate(AbstractPipeline.java:234)
	at java.base/java.util.stream.ReferencePipeline.collect(ReferencePipeline.java:578)
	at de.uka.ilkd.key.nparser.builder.AbstractBuilder.mapOf(AbstractBuilder.java:112)
	at de.uka.ilkd.key.nparser.builder.IncludeFinder.visitOne_include_statement(IncludeFinder.java:35)
	at de.uka.ilkd.key.nparser.builder.IncludeFinder.visitOne_include_statement(IncludeFinder.java:20)
	at de.uka.ilkd.key.nparser.KeYParser$One_include_statementContext.accept(KeYParser.java:802)
	at org.antlr.v4.runtime.tree.AbstractParseTreeVisitor.visitChildren(AbstractParseTreeVisitor.java:46)
	at de.uka.ilkd.key.nparser.KeYParserBaseVisitor.visitDecls(KeYParserBaseVisitor.java:30)
	at de.uka.ilkd.key.nparser.KeYParser$DeclsContext.accept(KeYParser.java:500)
	at org.antlr.v4.runtime.tree.AbstractParseTreeVisitor.visitChildren(AbstractParseTreeVisitor.java:46)
	at de.uka.ilkd.key.nparser.KeYParserBaseVisitor.visitFile(KeYParserBaseVisitor.java:23)
	at de.uka.ilkd.key.nparser.KeYParser$FileContext.accept(KeYParser.java:306)
	at de.uka.ilkd.key.nparser.KeyAst.accept(KeyAst.java:41)
	at de.uka.ilkd.key.nparser.KeyAst$File.getIncludes(KeyAst.java:76)
	at de.uka.ilkd.key.proof.io.KeYFile.readIncludes(KeYFile.java:208)
	... 14 more
Could not find rule file rules/intRulesCheckedSemantics.key (file: /home/runner/work/key/key/key.core/../key.ui/examples/index/.././standard_key/quantifiers/injectivity.key; caused by: de.uka.ilkd.key.proof.init.ProofInputException: Could not find rule file rules/intRulesCheckedSemantics.key)
	at de.uka.ilkd.key.control.AbstractUserInterfaceControl.load(AbstractUserInterfaceControl.java:221)
	at de.uka.ilkd.key.control.KeYEnvironment.load(KeYEnvironment.java:251)
	at de.uka.ilkd.key.control.KeYEnvironment.load(KeYEnvironment.java:224)
	at de.uka.ilkd.key.control.KeYEnvironment.load(KeYEnvironment.java:184)
	at de.uka.ilkd.key.control.KeYEnvironment.load(KeYEnvironment.java:261)
	at de.uka.ilkd.key.proof.runallproofs.proofcollection.TestFile.load(TestFile.java:270)
	at de.uka.ilkd.key.proof.runallproofs.proofcollection.TestFile.runKey(TestFile.java:160)
	at de.uka.ilkd.key.proof.runallproofs.proofcollection.ForkedTestFileRunner.main(ForkedTestFileRunner.java:171)
Caused by: de.uka.ilkd.key.proof.init.ProofInputException: Could not find rule file rules/intRulesCheckedSemantics.key
	at de.uka.ilkd.key.proof.io.KeYFile.readIncludes(KeYFile.java:210)
	at de.uka.ilkd.key.proof.init.ProblemInitializer.readIncludes(ProblemInitializer.java:177)
	at de.uka.ilkd.key.proof.init.ProblemInitializer.readEnvInput(ProblemInitializer.java:325)
	at de.uka.ilkd.key.proof.init.ProblemInitializer.prepare(ProblemInitializer.java:449)
	at de.uka.ilkd.key.proof.io.AbstractProblemLoader.createInitConfig(AbstractProblemLoader.java:518)
	at de.uka.ilkd.key.proof.io.AbstractProblemLoader.loadEnvironment(AbstractProblemLoader.java:288)
	at de.uka.ilkd.key.proof.io.AbstractProblemLoader.load(AbstractProblemLoader.java:252)
	at de.uka.ilkd.key.control.AbstractUserInterfaceControl.load(AbstractUserInterfaceControl.java:209)
	... 7 more
Caused by: java.lang.RuntimeException: Could not find rule file rules/intRulesCheckedSemantics.key
	at de.uka.ilkd.key.proof.io.RuleSourceFactory.fromBuiltInRule(RuleSourceFactory.java:32)
	at de.uka.ilkd.key.proof.io.RuleSourceFactory.fromDefaultLocation(RuleSourceFactory.java:21)
	at de.uka.ilkd.key.nparser.builder.IncludeFinder.addInclude(IncludeFinder.java:63)
	at de.uka.ilkd.key.nparser.builder.IncludeFinder.visitOne_include(IncludeFinder.java:43)
	at de.uka.ilkd.key.nparser.builder.IncludeFinder.visitOne_include(IncludeFinder.java:20)
	at de.uka.ilkd.key.nparser.KeYParser$One_includeContext.accept(KeYParser.java:878)
	at de.uka.ilkd.key.nparser.builder.AbstractBuilder.lambda$mapOf$0(AbstractBuilder.java:112)
	at java.base/java.util.stream.ReferencePipeline$3$1.accept(ReferencePipeline.java:195)
	at java.base/java.util.ArrayList$ArrayListSpliterator.forEachRemaining(ArrayList.java:1655)
	at java.base/java.util.stream.AbstractPipeline.copyInto(AbstractPipeline.java:484)
	at java.base/java.util.stream.AbstractPipeline.wrapAndCopyInto(AbstractPipeline.java:474)
	at java.base/java.util.stream.ReduceOps$ReduceOp.evaluateSequential(ReduceOps.java:913)
	at java.base/java.util.stream.AbstractPipeline.evaluate(AbstractPipeline.java:234)
	at java.base/java.util.stream.ReferencePipeline.collect(ReferencePipeline.java:578)
	at de.uka.ilkd.key.nparser.builder.AbstractBuilder.mapOf(AbstractBuilder.java:112)
	at de.uka.ilkd.key.nparser.builder.IncludeFinder.visitOne_include_statement(IncludeFinder.java:35)
	at de.uka.ilkd.key.nparser.builder.IncludeFinder.visitOne_include_statement(IncludeFinder.java:20)
	at de.uka.ilkd.key.nparser.KeYParser$One_include_statementContext.accept(KeYParser.java:802)
	at org.antlr.v4.runtime.tree.AbstractParseTreeVisitor.visitChildren(AbstractParseTreeVisitor.java:46)
	at de.uka.ilkd.key.nparser.KeYParserBaseVisitor.visitDecls(KeYParserBaseVisitor.java:30)
	at de.uka.ilkd.key.nparser.KeYParser$DeclsContext.accept(KeYParser.java:500)
	at org.antlr.v4.runtime.tree.AbstractParseTreeVisitor.visitChildren(AbstractParseTreeVisitor.java:46)
	at de.uka.ilkd.key.nparser.KeYParserBaseVisitor.visitFile(KeYParserBaseVisitor.java:23)
	at de.uka.ilkd.key.nparser.KeYParser$FileContext.accept(KeYParser.java:306)
	at de.uka.ilkd.key.nparser.KeyAst.accept(KeyAst.java:41)
	at de.uka.ilkd.key.nparser.KeyAst$File.getIncludes(KeyAst.java:76)
	at de.uka.ilkd.key.proof.io.KeYFile.readIncludes(KeYFile.java:208)
	... 14 more
Could not find rule file rules/intRulesCheckedSemantics.key (file: /home/runner/work/key/key/key.core/../key.ui/examples/index/.././standard_key/quantifiers/normalisation0.key; caused by: de.uka.ilkd.key.proof.init.ProofInputException: Could not find rule file rules/intRulesCheckedSemantics.key)
	at de.uka.ilkd.key.control.AbstractUserInterfaceControl.load(AbstractUserInterfaceControl.java:221)
	at de.uka.ilkd.key.control.KeYEnvironment.load(KeYEnvironment.java:251)
	at de.uka.ilkd.key.control.KeYEnvironment.load(KeYEnvironment.java:224)
	at de.uka.ilkd.key.control.KeYEnvironment.load(KeYEnvironment.java:184)
	at de.uka.ilkd.key.control.KeYEnvironment.load(KeYEnvironment.java:261)
	at de.uka.ilkd.key.proof.runallproofs.proofcollection.TestFile.load(TestFile.java:270)
	at de.uka.ilkd.key.proof.runallproofs.proofcollection.TestFile.runKey(TestFile.java:160)
	at de.uka.ilkd.key.proof.runallproofs.proofcollection.ForkedTestFileRunner.main(ForkedTestFileRunner.java:171)
Caused by: de.uka.ilkd.key.proof.init.ProofInputException: Could not find rule file rules/intRulesCheckedSemantics.key
	at de.uka.ilkd.key.proof.io.KeYFile.readIncludes(KeYFile.java:210)
	at de.uka.ilkd.key.proof.init.ProblemInitializer.readIncludes(ProblemInitializer.java:177)
	at de.uka.ilkd.key.proof.init.ProblemInitializer.readEnvInput(ProblemInitializer.java:325)
	at de.uka.ilkd.key.proof.init.ProblemInitializer.prepare(ProblemInitializer.java:449)
	at de.uka.ilkd.key.proof.io.AbstractProblemLoader.createInitConfig(AbstractProblemLoader.java:518)
	at de.uka.ilkd.key.proof.io.AbstractProblemLoader.loadEnvironment(AbstractProblemLoader.java:288)
	at de.uka.ilkd.key.proof.io.AbstractProblemLoader.load(AbstractProblemLoader.java:252)
	at de.uka.ilkd.key.control.AbstractUserInterfaceControl.load(AbstractUserInterfaceControl.java:209)
	... 7 more
Caused by: java.lang.RuntimeException: Could not find rule file rules/intRulesCheckedSemantics.key
	at de.uka.ilkd.key.proof.io.RuleSourceFactory.fromBuiltInRule(RuleSourceFactory.java:32)
	at de.uka.ilkd.key.proof.io.RuleSourceFactory.fromDefaultLocation(RuleSourceFactory.java:21)
	at de.uka.ilkd.key.nparser.builder.IncludeFinder.addInclude(IncludeFinder.java:63)
	at de.uka.ilkd.key.nparser.builder.IncludeFinder.visitOne_include(IncludeFinder.java:43)
	at de.uka.ilkd.key.nparser.builder.IncludeFinder.visitOne_include(IncludeFinder.java:20)
	at de.uka.ilkd.key.nparser.KeYParser$One_includeContext.accept(KeYParser.java:878)
	at de.uka.ilkd.key.nparser.builder.AbstractBuilder.lambda$mapOf$0(AbstractBuilder.java:112)
	at java.base/java.util.stream.ReferencePipeline$3$1.accept(ReferencePipeline.java:195)
	at java.base/java.util.ArrayList$ArrayListSpliterator.forEachRemaining(ArrayList.java:1655)
	at java.base/java.util.stream.AbstractPipeline.copyInto(AbstractPipeline.java:484)
	at java.base/java.util.stream.AbstractPipeline.wrapAndCopyInto(AbstractPipeline.java:474)
	at java.base/java.util.stream.ReduceOps$ReduceOp.evaluateSequential(ReduceOps.java:913)
	at java.base/java.util.stream.AbstractPipeline.evaluate(AbstractPipeline.java:234)
	at java.base/java.util.stream.ReferencePipeline.collect(ReferencePipeline.java:578)
	at de.uka.ilkd.key.nparser.builder.AbstractBuilder.mapOf(AbstractBuilder.java:112)
	at de.uka.ilkd.key.nparser.builder.IncludeFinder.visitOne_include_statement(IncludeFinder.java:35)
	at de.uka.ilkd.key.nparser.builder.IncludeFinder.visitOne_include_statement(IncludeFinder.java:20)
	at de.uka.ilkd.key.nparser.KeYParser$One_include_statementContext.accept(KeYParser.java:802)
	at org.antlr.v4.runtime.tree.AbstractParseTreeVisitor.visitChildren(AbstractParseTreeVisitor.java:46)
	at de.uka.ilkd.key.nparser.KeYParserBaseVisitor.visitDecls(KeYParserBaseVisitor.java:30)
	at de.uka.ilkd.key.nparser.KeYParser$DeclsContext.accept(KeYParser.java:500)
	at org.antlr.v4.runtime.tree.AbstractParseTreeVisitor.visitChildren(AbstractParseTreeVisitor.java:46)
	at de.uka.ilkd.key.nparser.KeYParserBaseVisitor.visitFile(KeYParserBaseVisitor.java:23)
	at de.uka.ilkd.key.nparser.KeYParser$FileContext.accept(KeYParser.java:306)
	at de.uka.ilkd.key.nparser.KeyAst.accept(KeyAst.java:41)
	at de.uka.ilkd.key.nparser.KeyAst$File.getIncludes(KeyAst.java:76)
	at de.uka.ilkd.key.proof.io.KeYFile.readIncludes(KeYFile.java:208)
	... 14 more
Could not find rule file rules/intRulesCheckedSemantics.key (file: /home/runner/work/key/key/key.core/../key.ui/examples/index/.././standard_key/quantifiers/normalisation1.key; caused by: de.uka.ilkd.key.proof.init.ProofInputException: Could not find rule file rules/intRulesCheckedSemantics.key)
	at de.uka.ilkd.key.control.AbstractUserInterfaceControl.load(AbstractUserInterfaceControl.java:221)
	at de.uka.ilkd.key.control.KeYEnvironment.load(KeYEnvironment.java:251)
	at de.uka.ilkd.key.control.KeYEnvironment.load(KeYEnvironment.java:224)
	at de.uka.ilkd.key.control.KeYEnvironment.load(KeYEnvironment.java:184)
	at de.uka.ilkd.key.control.KeYEnvironment.load(KeYEnvironment.java:261)
	at de.uka.ilkd.key.proof.runallproofs.proofcollection.TestFile.load(TestFile.java:270)
	at de.uka.ilkd.key.proof.runallproofs.proofcollection.TestFile.runKey(TestFile.java:160)
	at de.uka.ilkd.key.proof.runallproofs.proofcollection.ForkedTestFileRunner.main(ForkedTestFileRunner.java:171)
Caused by: de.uka.ilkd.key.proof.init.ProofInputException: Could not find rule file rules/intRulesCheckedSemantics.key
	at de.uka.ilkd.key.proof.io.KeYFile.readIncludes(KeYFile.java:210)
	at de.uka.ilkd.key.proof.init.ProblemInitializer.readIncludes(ProblemInitializer.java:177)
	at de.uka.ilkd.key.proof.init.ProblemInitializer.readEnvInput(ProblemInitializer.java:325)
	at de.uka.ilkd.key.proof.init.ProblemInitializer.prepare(ProblemInitializer.java:449)
	at de.uka.ilkd.key.proof.io.AbstractProblemLoader.createInitConfig(AbstractProblemLoader.java:518)
	at de.uka.ilkd.key.proof.io.AbstractProblemLoader.loadEnvironment(AbstractProblemLoader.java:288)
	at de.uka.ilkd.key.proof.io.AbstractProblemLoader.load(AbstractProblemLoader.java:252)
	at de.uka.ilkd.key.control.AbstractUserInterfaceControl.load(AbstractUserInterfaceControl.java:209)
	... 7 more
Caused by: java.lang.RuntimeException: Could not find rule file rules/intRulesCheckedSemantics.key
	at de.uka.ilkd.key.proof.io.RuleSourceFactory.fromBuiltInRule(RuleSourceFactory.java:32)
	at de.uka.ilkd.key.proof.io.RuleSourceFactory.fromDefaultLocation(RuleSourceFactory.java:21)
	at de.uka.ilkd.key.nparser.builder.IncludeFinder.addInclude(IncludeFinder.java:63)
	at de.uka.ilkd.key.nparser.builder.IncludeFinder.visitOne_include(IncludeFinder.java:43)
	at de.uka.ilkd.key.nparser.builder.IncludeFinder.visitOne_include(IncludeFinder.java:20)
	at de.uka.ilkd.key.nparser.KeYParser$One_includeContext.accept(KeYParser.java:878)
	at de.uka.ilkd.key.nparser.builder.AbstractBuilder.lambda$mapOf$0(AbstractBuilder.java:112)
	at java.base/java.util.stream.ReferencePipeline$3$1.accept(ReferencePipeline.java:195)
	at java.base/java.util.ArrayList$ArrayListSpliterator.forEachRemaining(ArrayList.java:1655)
	at java.base/java.util.stream.AbstractPipeline.copyInto(AbstractPipeline.java:484)
	at java.base/java.util.stream.AbstractPipeline.wrapAndCopyInto(AbstractPipeline.java:474)
	at java.base/java.util.stream.ReduceOps$ReduceOp.evaluateSequential(ReduceOps.java:913)
	at java.base/java.util.stream.AbstractPipeline.evaluate(AbstractPipeline.java:234)
	at java.base/java.util.stream.ReferencePipeline.collect(ReferencePipeline.java:578)
	at de.uka.ilkd.key.nparser.builder.AbstractBuilder.mapOf(AbstractBuilder.java:112)
	at de.uka.ilkd.key.nparser.builder.IncludeFinder.visitOne_include_statement(IncludeFinder.java:35)
	at de.uka.ilkd.key.nparser.builder.IncludeFinder.visitOne_include_statement(IncludeFinder.java:20)
	at de.uka.ilkd.key.nparser.KeYParser$One_include_statementContext.accept(KeYParser.java:802)
	at org.antlr.v4.runtime.tree.AbstractParseTreeVisitor.visitChildren(AbstractParseTreeVisitor.java:46)
	at de.uka.ilkd.key.nparser.KeYParserBaseVisitor.visitDecls(KeYParserBaseVisitor.java:30)
	at de.uka.ilkd.key.nparser.KeYParser$DeclsContext.accept(KeYParser.java:500)
	at org.antlr.v4.runtime.tree.AbstractParseTreeVisitor.visitChildren(AbstractParseTreeVisitor.java:46)
	at de.uka.ilkd.key.nparser.KeYParserBaseVisitor.visitFile(KeYParserBaseVisitor.java:23)
	at de.uka.ilkd.key.nparser.KeYParser$FileContext.accept(KeYParser.java:306)
	at de.uka.ilkd.key.nparser.KeyAst.accept(KeyAst.java:41)
	at de.uka.ilkd.key.nparser.KeyAst$File.getIncludes(KeyAst.java:76)
	at de.uka.ilkd.key.proof.io.KeYFile.readIncludes(KeYFile.java:208)
	... 14 more
Could not find rule file rules/intRulesCheckedSemantics.key (file: /home/runner/work/key/key/key.core/../key.ui/examples/index/.././standard_key/quantifiers/normalisation2.key; caused by: de.uka.ilkd.key.proof.init.ProofInputException: Could not find rule file rules/intRulesCheckedSemantics.key)
	at de.uka.ilkd.key.control.AbstractUserInterfaceControl.load(AbstractUserInterfaceControl.java:221)
	at de.uka.ilkd.key.control.KeYEnvironment.load(KeYEnvironment.java:251)
	at de.uka.ilkd.key.control.KeYEnvironment.load(KeYEnvironment.java:224)
	at de.uka.ilkd.key.control.KeYEnvironment.load(KeYEnvironment.java:184)
	at de.uka.ilkd.key.control.KeYEnvironment.load(KeYEnvironment.java:261)
	at de.uka.ilkd.key.proof.runallproofs.proofcollection.TestFile.load(TestFile.java:270)
	at de.uka.ilkd.key.proof.runallproofs.proofcollection.TestFile.runKey(TestFile.java:160)
	at de.uka.ilkd.key.proof.runallproofs.proofcollection.ForkedTestFileRunner.main(ForkedTestFileRunner.java:171)
Caused by: de.uka.ilkd.key.proof.init.ProofInputException: Could not find rule file rules/intRulesCheckedSemantics.key
	at de.uka.ilkd.key.proof.io.KeYFile.readIncludes(KeYFile.java:210)
	at de.uka.ilkd.key.proof.init.ProblemInitializer.readIncludes(ProblemInitializer.java:177)
	at de.uka.ilkd.key.proof.init.ProblemInitializer.readEnvInput(ProblemInitializer.java:325)
	at de.uka.ilkd.key.proof.init.ProblemInitializer.prepare(ProblemInitializer.java:449)
	at de.uka.ilkd.key.proof.io.AbstractProblemLoader.createInitConfig(AbstractProblemLoader.java:518)
	at de.uka.ilkd.key.proof.io.AbstractProblemLoader.loadEnvironment(AbstractProblemLoader.java:288)
	at de.uka.ilkd.key.proof.io.AbstractProblemLoader.load(AbstractProblemLoader.java:252)
	at de.uka.ilkd.key.control.AbstractUserInterfaceControl.load(AbstractUserInterfaceControl.java:209)
	... 7 more
Caused by: java.lang.RuntimeException: Could not find rule file rules/intRulesCheckedSemantics.key
	at de.uka.ilkd.key.proof.io.RuleSourceFactory.fromBuiltInRule(RuleSourceFactory.java:32)
	at de.uka.ilkd.key.proof.io.RuleSourceFactory.fromDefaultLocation(RuleSourceFactory.java:21)
	at de.uka.ilkd.key.nparser.builder.IncludeFinder.addInclude(IncludeFinder.java:63)
	at de.uka.ilkd.key.nparser.builder.IncludeFinder.visitOne_include(IncludeFinder.java:43)
	at de.uka.ilkd.key.nparser.builder.IncludeFinder.visitOne_include(IncludeFinder.java:20)
	at de.uka.ilkd.key.nparser.KeYParser$One_includeContext.accept(KeYParser.java:878)
	at de.uka.ilkd.key.nparser.builder.AbstractBuilder.lambda$mapOf$0(AbstractBuilder.java:112)
	at java.base/java.util.stream.ReferencePipeline$3$1.accept(ReferencePipeline.java:195)
	at java.base/java.util.ArrayList$ArrayListSpliterator.forEachRemaining(ArrayList.java:1655)
	at java.base/java.util.stream.AbstractPipeline.copyInto(AbstractPipeline.java:484)
	at java.base/java.util.stream.AbstractPipeline.wrapAndCopyInto(AbstractPipeline.java:474)
	at java.base/java.util.stream.ReduceOps$ReduceOp.evaluateSequential(ReduceOps.java:913)
	at java.base/java.util.stream.AbstractPipeline.evaluate(AbstractPipeline.java:234)
	at java.base/java.util.stream.ReferencePipeline.collect(ReferencePipeline.java:578)
	at de.uka.ilkd.key.nparser.builder.AbstractBuilder.mapOf(AbstractBuilder.java:112)
	at de.uka.ilkd.key.nparser.builder.IncludeFinder.visitOne_include_statement(IncludeFinder.java:35)
	at de.uka.ilkd.key.nparser.builder.IncludeFinder.visitOne_include_statement(IncludeFinder.java:20)
	at de.uka.ilkd.key.nparser.KeYParser$One_include_statementContext.accept(KeYParser.java:802)
	at org.antlr.v4.runtime.tree.AbstractParseTreeVisitor.visitChildren(AbstractParseTreeVisitor.java:46)
	at de.uka.ilkd.key.nparser.KeYParserBaseVisitor.visitDecls(KeYParserBaseVisitor.java:30)
	at de.uka.ilkd.key.nparser.KeYParser$DeclsContext.accept(KeYParser.java:500)
	at org.antlr.v4.runtime.tree.AbstractParseTreeVisitor.visitChildren(AbstractParseTreeVisitor.java:46)
	at de.uka.ilkd.key.nparser.KeYParserBaseVisitor.visitFile(KeYParserBaseVisitor.java:23)
	at de.uka.ilkd.key.nparser.KeYParser$FileContext.accept(KeYParser.java:306)
	at de.uka.ilkd.key.nparser.KeyAst.accept(KeyAst.java:41)
	at de.uka.ilkd.key.nparser.KeyAst$File.getIncludes(KeyAst.java:76)
	at de.uka.ilkd.key.proof.io.KeYFile.readIncludes(KeYFile.java:208)
	... 14 more
Could not find rule file rules/intRulesCheckedSemantics.key (file: /home/runner/work/key/key/key.core/../key.ui/examples/index/.././standard_key/quantifiers/normalisation3.key; caused by: de.uka.ilkd.key.proof.init.ProofInputException: Could not find rule file rules/intRulesCheckedSemantics.key)
	at de.uka.ilkd.key.control.AbstractUserInterfaceControl.load(AbstractUserInterfaceControl.java:221)
	at de.uka.ilkd.key.control.KeYEnvironment.load(KeYEnvironment.java:251)
	at de.uka.ilkd.key.control.KeYEnvironment.load(KeYEnvironment.java:224)
	at de.uka.ilkd.key.control.KeYEnvironment.load(KeYEnvironment.java:184)
	at de.uka.ilkd.key.control.KeYEnvironment.load(KeYEnvironment.java:261)
	at de.uka.ilkd.key.proof.runallproofs.proofcollection.TestFile.load(TestFile.java:270)
	at de.uka.ilkd.key.proof.runallproofs.proofcollection.TestFile.runKey(TestFile.java:160)
	at de.uka.ilkd.key.proof.runallproofs.proofcollection.ForkedTestFileRunner.main(ForkedTestFileRunner.java:171)
Caused by: de.uka.ilkd.key.proof.init.ProofInputException: Could not find rule file rules/intRulesCheckedSemantics.key
	at de.uka.ilkd.key.proof.io.KeYFile.readIncludes(KeYFile.java:210)
	at de.uka.ilkd.key.proof.init.ProblemInitializer.readIncludes(ProblemInitializer.java:177)
	at de.uka.ilkd.key.proof.init.ProblemInitializer.readEnvInput(ProblemInitializer.java:325)
	at de.uka.ilkd.key.proof.init.ProblemInitializer.prepare(ProblemInitializer.java:449)
	at de.uka.ilkd.key.proof.io.AbstractProblemLoader.createInitConfig(AbstractProblemLoader.java:518)
	at de.uka.ilkd.key.proof.io.AbstractProblemLoader.loadEnvironment(AbstractProblemLoader.java:288)
	at de.uka.ilkd.key.proof.io.AbstractProblemLoader.load(AbstractProblemLoader.java:252)
	at de.uka.ilkd.key.control.AbstractUserInterfaceControl.load(AbstractUserInterfaceControl.java:209)
	... 7 more
Caused by: java.lang.RuntimeException: Could not find rule file rules/intRulesCheckedSemantics.key
	at de.uka.ilkd.key.proof.io.RuleSourceFactory.fromBuiltInRule(RuleSourceFactory.java:32)
	at de.uka.ilkd.key.proof.io.RuleSourceFactory.fromDefaultLocation(RuleSourceFactory.java:21)
	at de.uka.ilkd.key.nparser.builder.IncludeFinder.addInclude(IncludeFinder.java:63)
	at de.uka.ilkd.key.nparser.builder.IncludeFinder.visitOne_include(IncludeFinder.java:43)
	at de.uka.ilkd.key.nparser.builder.IncludeFinder.visitOne_include(IncludeFinder.java:20)
	at de.uka.ilkd.key.nparser.KeYParser$One_includeContext.accept(KeYParser.java:878)
	at de.uka.ilkd.key.nparser.builder.AbstractBuilder.lambda$mapOf$0(AbstractBuilder.java:112)
	at java.base/java.util.stream.ReferencePipeline$3$1.accept(ReferencePipeline.java:195)
	at java.base/java.util.ArrayList$ArrayListSpliterator.forEachRemaining(ArrayList.java:1655)
	at java.base/java.util.stream.AbstractPipeline.copyInto(AbstractPipeline.java:484)
	at java.base/java.util.stream.AbstractPipeline.wrapAndCopyInto(AbstractPipeline.java:474)
	at java.base/java.util.stream.ReduceOps$ReduceOp.evaluateSequential(ReduceOps.java:913)
	at java.base/java.util.stream.AbstractPipeline.evaluate(AbstractPipeline.java:234)
	at java.base/java.util.stream.ReferencePipeline.collect(ReferencePipeline.java:578)
	at de.uka.ilkd.key.nparser.builder.AbstractBuilder.mapOf(AbstractBuilder.java:112)
	at de.uka.ilkd.key.nparser.builder.IncludeFinder.visitOne_include_statement(IncludeFinder.java:35)
	at de.uka.ilkd.key.nparser.builder.IncludeFinder.visitOne_include_statement(IncludeFinder.java:20)
	at de.uka.ilkd.key.nparser.KeYParser$One_include_statementContext.accept(KeYParser.java:802)
	at org.antlr.v4.runtime.tree.AbstractParseTreeVisitor.visitChildren(AbstractParseTreeVisitor.java:46)
	at de.uka.ilkd.key.nparser.KeYParserBaseVisitor.visitDecls(KeYParserBaseVisitor.java:30)
	at de.uka.ilkd.key.nparser.KeYParser$DeclsContext.accept(KeYParser.java:500)
	at org.antlr.v4.runtime.tree.AbstractParseTreeVisitor.visitChildren(AbstractParseTreeVisitor.java:46)
	at de.uka.ilkd.key.nparser.KeYParserBaseVisitor.visitFile(KeYParserBaseVisitor.java:23)
	at de.uka.ilkd.key.nparser.KeYParser$FileContext.accept(KeYParser.java:306)
	at de.uka.ilkd.key.nparser.KeyAst.accept(KeyAst.java:41)
	at de.uka.ilkd.key.nparser.KeyAst$File.getIncludes(KeyAst.java:76)
	at de.uka.ilkd.key.proof.io.KeYFile.readIncludes(KeYFile.java:208)
	... 14 more
Could not find rule file rules/intRulesCheckedSemantics.key (file: /home/runner/work/key/key/key.core/../key.ui/examples/index/.././standard_key/quantifiers/normalisation4.key; caused by: de.uka.ilkd.key.proof.init.ProofInputException: Could not find rule file rules/intRulesCheckedSemantics.key)
	at de.uka.ilkd.key.control.AbstractUserInterfaceControl.load(AbstractUserInterfaceControl.java:221)
	at de.uka.ilkd.key.control.KeYEnvironment.load(KeYEnvironment.java:251)
	at de.uka.ilkd.key.control.KeYEnvironment.load(KeYEnvironment.java:224)
	at de.uka.ilkd.key.control.KeYEnvironment.load(KeYEnvironment.java:184)
	at de.uka.ilkd.key.control.KeYEnvironment.load(KeYEnvironment.java:261)
	at de.uka.ilkd.key.proof.runallproofs.proofcollection.TestFile.load(TestFile.java:270)
	at de.uka.ilkd.key.proof.runallproofs.proofcollection.TestFile.runKey(TestFile.java:160)
	at de.uka.ilkd.key.proof.runallproofs.proofcollection.ForkedTestFileRunner.main(ForkedTestFileRunner.java:171)
Caused by: de.uka.ilkd.key.proof.init.ProofInputException: Could not find rule file rules/intRulesCheckedSemantics.key
	at de.uka.ilkd.key.proof.io.KeYFile.readIncludes(KeYFile.java:210)
	at de.uka.ilkd.key.proof.init.ProblemInitializer.readIncludes(ProblemInitializer.java:177)
	at de.uka.ilkd.key.proof.init.ProblemInitializer.readEnvInput(ProblemInitializer.java:325)
	at de.uka.ilkd.key.proof.init.ProblemInitializer.prepare(ProblemInitializer.java:449)
	at de.uka.ilkd.key.proof.io.AbstractProblemLoader.createInitConfig(AbstractProblemLoader.java:518)
	at de.uka.ilkd.key.proof.io.AbstractProblemLoader.loadEnvironment(AbstractProblemLoader.java:288)
	at de.uka.ilkd.key.proof.io.AbstractProblemLoader.load(AbstractProblemLoader.java:252)
	at de.uka.ilkd.key.control.AbstractUserInterfaceControl.load(AbstractUserInterfaceControl.java:209)
	... 7 more
Caused by: java.lang.RuntimeException: Could not find rule file rules/intRulesCheckedSemantics.key
	at de.uka.ilkd.key.proof.io.RuleSourceFactory.fromBuiltInRule(RuleSourceFactory.java:32)
	at de.uka.ilkd.key.proof.io.RuleSourceFactory.fromDefaultLocation(RuleSourceFactory.java:21)
	at de.uka.ilkd.key.nparser.builder.IncludeFinder.addInclude(IncludeFinder.java:63)
	at de.uka.ilkd.key.nparser.builder.IncludeFinder.visitOne_include(IncludeFinder.java:43)
	at de.uka.ilkd.key.nparser.builder.IncludeFinder.visitOne_include(IncludeFinder.java:20)
	at de.uka.ilkd.key.nparser.KeYParser$One_includeContext.accept(KeYParser.java:878)
	at de.uka.ilkd.key.nparser.builder.AbstractBuilder.lambda$mapOf$0(AbstractBuilder.java:112)
	at java.base/java.util.stream.ReferencePipeline$3$1.accept(ReferencePipeline.java:195)
	at java.base/java.util.ArrayList$ArrayListSpliterator.forEachRemaining(ArrayList.java:1655)
	at java.base/java.util.stream.AbstractPipeline.copyInto(AbstractPipeline.java:484)
	at java.base/java.util.stream.AbstractPipeline.wrapAndCopyInto(AbstractPipeline.java:474)
	at java.base/java.util.stream.ReduceOps$ReduceOp.evaluateSequential(ReduceOps.java:913)
	at java.base/java.util.stream.AbstractPipeline.evaluate(AbstractPipeline.java:234)
	at java.base/java.util.stream.ReferencePipeline.collect(ReferencePipeline.java:578)
	at de.uka.ilkd.key.nparser.builder.AbstractBuilder.mapOf(AbstractBuilder.java:112)
	at de.uka.ilkd.key.nparser.builder.IncludeFinder.visitOne_include_statement(IncludeFinder.java:35)
	at de.uka.ilkd.key.nparser.builder.IncludeFinder.visitOne_include_statement(IncludeFinder.java:20)
	at de.uka.ilkd.key.nparser.KeYParser$One_include_statementContext.accept(KeYParser.java:802)
	at org.antlr.v4.runtime.tree.AbstractParseTreeVisitor.visitChildren(AbstractParseTreeVisitor.java:46)
	at de.uka.ilkd.key.nparser.KeYParserBaseVisitor.visitDecls(KeYParserBaseVisitor.java:30)
	at de.uka.ilkd.key.nparser.KeYParser$DeclsContext.accept(KeYParser.java:500)
	at org.antlr.v4.runtime.tree.AbstractParseTreeVisitor.visitChildren(AbstractParseTreeVisitor.java:46)
	at de.uka.ilkd.key.nparser.KeYParserBaseVisitor.visitFile(KeYParserBaseVisitor.java:23)
	at de.uka.ilkd.key.nparser.KeYParser$FileContext.accept(KeYParser.java:306)
	at de.uka.ilkd.key.nparser.KeyAst.accept(KeyAst.java:41)
	at de.uka.ilkd.key.nparser.KeyAst$File.getIncludes(KeyAst.java:76)
	at de.uka.ilkd.key.proof.io.KeYFile.readIncludes(KeYFile.java:208)
	... 14 more
Could not find rule file rules/intRulesCheckedSemantics.key (file: /home/runner/work/key/key/key.core/../key.ui/examples/index/.././standard_key/quantifiers/normalisation5.key; caused by: de.uka.ilkd.key.proof.init.ProofInputException: Could not find rule file rules/intRulesCheckedSemantics.key)
	at de.uka.ilkd.key.control.AbstractUserInterfaceControl.load(AbstractUserInterfaceControl.java:221)
	at de.uka.ilkd.key.control.KeYEnvironment.load(KeYEnvironment.java:251)
	at de.uka.ilkd.key.control.KeYEnvironment.load(KeYEnvironment.java:224)
	at de.uka.ilkd.key.control.KeYEnvironment.load(KeYEnvironment.java:184)
	at de.uka.ilkd.key.control.KeYEnvironment.load(KeYEnvironment.java:261)
	at de.uka.ilkd.key.proof.runallproofs.proofcollection.TestFile.load(TestFile.java:270)
	at de.uka.ilkd.key.proof.runallproofs.proofcollection.TestFile.runKey(TestFile.java:160)
	at de.uka.ilkd.key.proof.runallproofs.proofcollection.ForkedTestFileRunner.main(ForkedTestFileRunner.java:171)
Caused by: de.uka.ilkd.key.proof.init.ProofInputException: Could not find rule file rules/intRulesCheckedSemantics.key
	at de.uka.ilkd.key.proof.io.KeYFile.readIncludes(KeYFile.java:210)
	at de.uka.ilkd.key.proof.init.ProblemInitializer.readIncludes(ProblemInitializer.java:177)
	at de.uka.ilkd.key.proof.init.ProblemInitializer.readEnvInput(ProblemInitializer.java:325)
	at de.uka.ilkd.key.proof.init.ProblemInitializer.prepare(ProblemInitializer.java:449)
	at de.uka.ilkd.key.proof.io.AbstractProblemLoader.createInitConfig(AbstractProblemLoader.java:518)
	at de.uka.ilkd.key.proof.io.AbstractProblemLoader.loadEnvironment(AbstractProblemLoader.java:288)
	at de.uka.ilkd.key.proof.io.AbstractProblemLoader.load(AbstractProblemLoader.java:252)
	at de.uka.ilkd.key.control.AbstractUserInterfaceControl.load(AbstractUserInterfaceControl.java:209)
	... 7 more
Caused by: java.lang.RuntimeException: Could not find rule file rules/intRulesCheckedSemantics.key
	at de.uka.ilkd.key.proof.io.RuleSourceFactory.fromBuiltInRule(RuleSourceFactory.java:32)
	at de.uka.ilkd.key.proof.io.RuleSourceFactory.fromDefaultLocation(RuleSourceFactory.java:21)
	at de.uka.ilkd.key.nparser.builder.IncludeFinder.addInclude(IncludeFinder.java:63)
	at de.uka.ilkd.key.nparser.builder.IncludeFinder.visitOne_include(IncludeFinder.java:43)
	at de.uka.ilkd.key.nparser.builder.IncludeFinder.visitOne_include(IncludeFinder.java:20)
	at de.uka.ilkd.key.nparser.KeYParser$One_includeContext.accept(KeYParser.java:878)
	at de.uka.ilkd.key.nparser.builder.AbstractBuilder.lambda$mapOf$0(AbstractBuilder.java:112)
	at java.base/java.util.stream.ReferencePipeline$3$1.accept(ReferencePipeline.java:195)
	at java.base/java.util.ArrayList$ArrayListSpliterator.forEachRemaining(ArrayList.java:1655)
	at java.base/java.util.stream.AbstractPipeline.copyInto(AbstractPipeline.java:484)
	at java.base/java.util.stream.AbstractPipeline.wrapAndCopyInto(AbstractPipeline.java:474)
	at java.base/java.util.stream.ReduceOps$ReduceOp.evaluateSequential(ReduceOps.java:913)
	at java.base/java.util.stream.AbstractPipeline.evaluate(AbstractPipeline.java:234)
	at java.base/java.util.stream.ReferencePipeline.collect(ReferencePipeline.java:578)
	at de.uka.ilkd.key.nparser.builder.AbstractBuilder.mapOf(AbstractBuilder.java:112)
	at de.uka.ilkd.key.nparser.builder.IncludeFinder.visitOne_include_statement(IncludeFinder.java:35)
	at de.uka.ilkd.key.nparser.builder.IncludeFinder.visitOne_include_statement(IncludeFinder.java:20)
	at de.uka.ilkd.key.nparser.KeYParser$One_include_statementContext.accept(KeYParser.java:802)
	at org.antlr.v4.runtime.tree.AbstractParseTreeVisitor.visitChildren(AbstractParseTreeVisitor.java:46)
	at de.uka.ilkd.key.nparser.KeYParserBaseVisitor.visitDecls(KeYParserBaseVisitor.java:30)
	at de.uka.ilkd.key.nparser.KeYParser$DeclsContext.accept(KeYParser.java:500)
	at org.antlr.v4.runtime.tree.AbstractParseTreeVisitor.visitChildren(AbstractParseTreeVisitor.java:46)
	at de.uka.ilkd.key.nparser.KeYParserBaseVisitor.visitFile(KeYParserBaseVisitor.java:23)
	at de.uka.ilkd.key.nparser.KeYParser$FileContext.accept(KeYParser.java:306)
	at de.uka.ilkd.key.nparser.KeyAst.accept(KeyAst.java:41)
	at de.uka.ilkd.key.nparser.KeyAst$File.getIncludes(KeyAst.java:76)
	at de.uka.ilkd.key.proof.io.KeYFile.readIncludes(KeYFile.java:208)
	... 14 more
Could not find rule file rules/intRulesCheckedSemantics.key (file: /home/runner/work/key/key/key.core/../key.ui/examples/index/.././standard_key/quantifiers/normalisation6.key; caused by: de.uka.ilkd.key.proof.init.ProofInputException: Could not find rule file rules/intRulesCheckedSemantics.key)
	at de.uka.ilkd.key.control.AbstractUserInterfaceControl.load(AbstractUserInterfaceControl.java:221)
	at de.uka.ilkd.key.control.KeYEnvironment.load(KeYEnvironment.java:251)
	at de.uka.ilkd.key.control.KeYEnvironment.load(KeYEnvironment.java:224)
	at de.uka.ilkd.key.control.KeYEnvironment.load(KeYEnvironment.java:184)
	at de.uka.ilkd.key.control.KeYEnvironment.load(KeYEnvironment.java:261)
	at de.uka.ilkd.key.proof.runallproofs.proofcollection.TestFile.load(TestFile.java:270)
	at de.uka.ilkd.key.proof.runallproofs.proofcollection.TestFile.runKey(TestFile.java:160)
	at de.uka.ilkd.key.proof.runallproofs.proofcollection.ForkedTestFileRunner.main(ForkedTestFileRunner.java:171)
Caused by: de.uka.ilkd.key.proof.init.ProofInputException: Could not find rule file rules/intRulesCheckedSemantics.key
	at de.uka.ilkd.key.proof.io.KeYFile.readIncludes(KeYFile.java:210)
	at de.uka.ilkd.key.proof.init.ProblemInitializer.readIncludes(ProblemInitializer.java:177)
	at de.uka.ilkd.key.proof.init.ProblemInitializer.readEnvInput(ProblemInitializer.java:325)
	at de.uka.ilkd.key.proof.init.ProblemInitializer.prepare(ProblemInitializer.java:449)
	at de.uka.ilkd.key.proof.io.AbstractProblemLoader.createInitConfig(AbstractProblemLoader.java:518)
	at de.uka.ilkd.key.proof.io.AbstractProblemLoader.loadEnvironment(AbstractProblemLoader.java:288)
	at de.uka.ilkd.key.proof.io.AbstractProblemLoader.load(AbstractProblemLoader.java:252)
	at de.uka.ilkd.key.control.AbstractUserInterfaceControl.load(AbstractUserInterfaceControl.java:209)
	... 7 more
Caused by: java.lang.RuntimeException: Could not find rule file rules/intRulesCheckedSemantics.key
	at de.uka.ilkd.key.proof.io.RuleSourceFactory.fromBuiltInRule(RuleSourceFactory.java:32)
	at de.uka.ilkd.key.proof.io.RuleSourceFactory.fromDefaultLocation(RuleSourceFactory.java:21)
	at de.uka.ilkd.key.nparser.builder.IncludeFinder.addInclude(IncludeFinder.java:63)
	at de.uka.ilkd.key.nparser.builder.IncludeFinder.visitOne_include(IncludeFinder.java:43)
	at de.uka.ilkd.key.nparser.builder.IncludeFinder.visitOne_include(IncludeFinder.java:20)
	at de.uka.ilkd.key.nparser.KeYParser$One_includeContext.accept(KeYParser.java:878)
	at de.uka.ilkd.key.nparser.builder.AbstractBuilder.lambda$mapOf$0(AbstractBuilder.java:112)
	at java.base/java.util.stream.ReferencePipeline$3$1.accept(ReferencePipeline.java:195)
	at java.base/java.util.ArrayList$ArrayListSpliterator.forEachRemaining(ArrayList.java:1655)
	at java.base/java.util.stream.AbstractPipeline.copyInto(AbstractPipeline.java:484)
	at java.base/java.util.stream.AbstractPipeline.wrapAndCopyInto(AbstractPipeline.java:474)
	at java.base/java.util.stream.ReduceOps$ReduceOp.evaluateSequential(ReduceOps.java:913)
	at java.base/java.util.stream.AbstractPipeline.evaluate(AbstractPipeline.java:234)
	at java.base/java.util.stream.ReferencePipeline.collect(ReferencePipeline.java:578)
	at de.uka.ilkd.key.nparser.builder.AbstractBuilder.mapOf(AbstractBuilder.java:112)
	at de.uka.ilkd.key.nparser.builder.IncludeFinder.visitOne_include_statement(IncludeFinder.java:35)
	at de.uka.ilkd.key.nparser.builder.IncludeFinder.visitOne_include_statement(IncludeFinder.java:20)
	at de.uka.ilkd.key.nparser.KeYParser$One_include_statementContext.accept(KeYParser.java:802)
	at org.antlr.v4.runtime.tree.AbstractParseTreeVisitor.visitChildren(AbstractParseTreeVisitor.java:46)
	at de.uka.ilkd.key.nparser.KeYParserBaseVisitor.visitDecls(KeYParserBaseVisitor.java:30)
	at de.uka.ilkd.key.nparser.KeYParser$DeclsContext.accept(KeYParser.java:500)
	at org.antlr.v4.runtime.tree.AbstractParseTreeVisitor.visitChildren(AbstractParseTreeVisitor.java:46)
	at de.uka.ilkd.key.nparser.KeYParserBaseVisitor.visitFile(KeYParserBaseVisitor.java:23)
	at de.uka.ilkd.key.nparser.KeYParser$FileContext.accept(KeYParser.java:306)
	at de.uka.ilkd.key.nparser.KeyAst.accept(KeyAst.java:41)
	at de.uka.ilkd.key.nparser.KeyAst$File.getIncludes(KeyAst.java:76)
	at de.uka.ilkd.key.proof.io.KeYFile.readIncludes(KeYFile.java:208)
	... 14 more
Could not find rule file rules/intRulesCheckedSemantics.key (file: /home/runner/work/key/key/key.core/../key.ui/examples/index/.././standard_key/quantifiers/normalisation7.key; caused by: de.uka.ilkd.key.proof.init.ProofInputException: Could not find rule file rules/intRulesCheckedSemantics.key)
	at de.uka.ilkd.key.control.AbstractUserInterfaceControl.load(AbstractUserInterfaceControl.java:221)
	at de.uka.ilkd.key.control.KeYEnvironment.load(KeYEnvironment.java:251)
	at de.uka.ilkd.key.control.KeYEnvironment.load(KeYEnvironment.java:224)
	at de.uka.ilkd.key.control.KeYEnvironment.load(KeYEnvironment.java:184)
	at de.uka.ilkd.key.control.KeYEnvironment.load(KeYEnvironment.java:261)
	at de.uka.ilkd.key.proof.runallproofs.proofcollection.TestFile.load(TestFile.java:270)
	at de.uka.ilkd.key.proof.runallproofs.proofcollection.TestFile.runKey(TestFile.java:160)
	at de.uka.ilkd.key.proof.runallproofs.proofcollection.ForkedTestFileRunner.main(ForkedTestFileRunner.java:171)
Caused by: de.uka.ilkd.key.proof.init.ProofInputException: Could not find rule file rules/intRulesCheckedSemantics.key
	at de.uka.ilkd.key.proof.io.KeYFile.readIncludes(KeYFile.java:210)
	at de.uka.ilkd.key.proof.init.ProblemInitializer.readIncludes(ProblemInitializer.java:177)
	at de.uka.ilkd.key.proof.init.ProblemInitializer.readEnvInput(ProblemInitializer.java:325)
	at de.uka.ilkd.key.proof.init.ProblemInitializer.prepare(ProblemInitializer.java:449)
	at de.uka.ilkd.key.proof.io.AbstractProblemLoader.createInitConfig(AbstractProblemLoader.java:518)
	at de.uka.ilkd.key.proof.io.AbstractProblemLoader.loadEnvironment(AbstractProblemLoader.java:288)
	at de.uka.ilkd.key.proof.io.AbstractProblemLoader.load(AbstractProblemLoader.java:252)
	at de.uka.ilkd.key.control.AbstractUserInterfaceControl.load(AbstractUserInterfaceControl.java:209)
	... 7 more
Caused by: java.lang.RuntimeException: Could not find rule file rules/intRulesCheckedSemantics.key
	at de.uka.ilkd.key.proof.io.RuleSourceFactory.fromBuiltInRule(RuleSourceFactory.java:32)
	at de.uka.ilkd.key.proof.io.RuleSourceFactory.fromDefaultLocation(RuleSourceFactory.java:21)
	at de.uka.ilkd.key.nparser.builder.IncludeFinder.addInclude(IncludeFinder.java:63)
	at de.uka.ilkd.key.nparser.builder.IncludeFinder.visitOne_include(IncludeFinder.java:43)
	at de.uka.ilkd.key.nparser.builder.IncludeFinder.visitOne_include(IncludeFinder.java:20)
	at de.uka.ilkd.key.nparser.KeYParser$One_includeContext.accept(KeYParser.java:878)
	at de.uka.ilkd.key.nparser.builder.AbstractBuilder.lambda$mapOf$0(AbstractBuilder.java:112)
	at java.base/java.util.stream.ReferencePipeline$3$1.accept(ReferencePipeline.java:195)
	at java.base/java.util.ArrayList$ArrayListSpliterator.forEachRemaining(ArrayList.java:1655)
	at java.base/java.util.stream.AbstractPipeline.copyInto(AbstractPipeline.java:484)
	at java.base/java.util.stream.AbstractPipeline.wrapAndCopyInto(AbstractPipeline.java:474)
	at java.base/java.util.stream.ReduceOps$ReduceOp.evaluateSequential(ReduceOps.java:913)
	at java.base/java.util.stream.AbstractPipeline.evaluate(AbstractPipeline.java:234)
	at java.base/java.util.stream.ReferencePipeline.collect(ReferencePipeline.java:578)
	at de.uka.ilkd.key.nparser.builder.AbstractBuilder.mapOf(AbstractBuilder.java:112)
	at de.uka.ilkd.key.nparser.builder.IncludeFinder.visitOne_include_statement(IncludeFinder.java:35)
	at de.uka.ilkd.key.nparser.builder.IncludeFinder.visitOne_include_statement(IncludeFinder.java:20)
	at de.uka.ilkd.key.nparser.KeYParser$One_include_statementContext.accept(KeYParser.java:802)
	at org.antlr.v4.runtime.tree.AbstractParseTreeVisitor.visitChildren(AbstractParseTreeVisitor.java:46)
	at de.uka.ilkd.key.nparser.KeYParserBaseVisitor.visitDecls(KeYParserBaseVisitor.java:30)
	at de.uka.ilkd.key.nparser.KeYParser$DeclsContext.accept(KeYParser.java:500)
	at org.antlr.v4.runtime.tree.AbstractParseTreeVisitor.visitChildren(AbstractParseTreeVisitor.java:46)
	at de.uka.ilkd.key.nparser.KeYParserBaseVisitor.visitFile(KeYParserBaseVisitor.java:23)
	at de.uka.ilkd.key.nparser.KeYParser$FileContext.accept(KeYParser.java:306)
	at de.uka.ilkd.key.nparser.KeyAst.accept(KeyAst.java:41)
	at de.uka.ilkd.key.nparser.KeyAst$File.getIncludes(KeyAst.java:76)
	at de.uka.ilkd.key.proof.io.KeYFile.readIncludes(KeYFile.java:208)
	... 14 more
Could not find rule file rules/intRulesCheckedSemantics.key (file: /home/runner/work/key/key/key.core/../key.ui/examples/index/.././standard_key/quantifiers/normalisation8.key; caused by: de.uka.ilkd.key.proof.init.ProofInputException: Could not find rule file rules/intRulesCheckedSemantics.key)
	at de.uka.ilkd.key.control.AbstractUserInterfaceControl.load(AbstractUserInterfaceControl.java:221)
	at de.uka.ilkd.key.control.KeYEnvironment.load(KeYEnvironment.java:251)
	at de.uka.ilkd.key.control.KeYEnvironment.load(KeYEnvironment.java:224)
	at de.uka.ilkd.key.control.KeYEnvironment.load(KeYEnvironment.java:184)
	at de.uka.ilkd.key.control.KeYEnvironment.load(KeYEnvironment.java:261)
	at de.uka.ilkd.key.proof.runallproofs.proofcollection.TestFile.load(TestFile.java:270)
	at de.uka.ilkd.key.proof.runallproofs.proofcollection.TestFile.runKey(TestFile.java:160)
	at de.uka.ilkd.key.proof.runallproofs.proofcollection.ForkedTestFileRunner.main(ForkedTestFileRunner.java:171)
Caused by: de.uka.ilkd.key.proof.init.ProofInputException: Could not find rule file rules/intRulesCheckedSemantics.key
	at de.uka.ilkd.key.proof.io.KeYFile.readIncludes(KeYFile.java:210)
	at de.uka.ilkd.key.proof.init.ProblemInitializer.readIncludes(ProblemInitializer.java:177)
	at de.uka.ilkd.key.proof.init.ProblemInitializer.readEnvInput(ProblemInitializer.java:325)
	at de.uka.ilkd.key.proof.init.ProblemInitializer.prepare(ProblemInitializer.java:449)
	at de.uka.ilkd.key.proof.io.AbstractProblemLoader.createInitConfig(AbstractProblemLoader.java:518)
	at de.uka.ilkd.key.proof.io.AbstractProblemLoader.loadEnvironment(AbstractProblemLoader.java:288)
	at de.uka.ilkd.key.proof.io.AbstractProblemLoader.load(AbstractProblemLoader.java:252)
	at de.uka.ilkd.key.control.AbstractUserInterfaceControl.load(AbstractUserInterfaceControl.java:209)
	... 7 more
Caused by: java.lang.RuntimeException: Could not find rule file rules/intRulesCheckedSemantics.key
	at de.uka.ilkd.key.proof.io.RuleSourceFactory.fromBuiltInRule(RuleSourceFactory.java:32)
	at de.uka.ilkd.key.proof.io.RuleSourceFactory.fromDefaultLocation(RuleSourceFactory.java:21)
	at de.uka.ilkd.key.nparser.builder.IncludeFinder.addInclude(IncludeFinder.java:63)
	at de.uka.ilkd.key.nparser.builder.IncludeFinder.visitOne_include(IncludeFinder.java:43)
	at de.uka.ilkd.key.nparser.builder.IncludeFinder.visitOne_include(IncludeFinder.java:20)
	at de.uka.ilkd.key.nparser.KeYParser$One_includeContext.accept(KeYParser.java:878)
	at de.uka.ilkd.key.nparser.builder.AbstractBuilder.lambda$mapOf$0(AbstractBuilder.java:112)
	at java.base/java.util.stream.ReferencePipeline$3$1.accept(ReferencePipeline.java:195)
	at java.base/java.util.ArrayList$ArrayListSpliterator.forEachRemaining(ArrayList.java:1655)
	at java.base/java.util.stream.AbstractPipeline.copyInto(AbstractPipeline.java:484)
	at java.base/java.util.stream.AbstractPipeline.wrapAndCopyInto(AbstractPipeline.java:474)
	at java.base/java.util.stream.ReduceOps$ReduceOp.evaluateSequential(ReduceOps.java:913)
	at java.base/java.util.stream.AbstractPipeline.evaluate(AbstractPipeline.java:234)
	at java.base/java.util.stream.ReferencePipeline.collect(ReferencePipeline.java:578)
	at de.uka.ilkd.key.nparser.builder.AbstractBuilder.mapOf(AbstractBuilder.java:112)
	at de.uka.ilkd.key.nparser.builder.IncludeFinder.visitOne_include_statement(IncludeFinder.java:35)
	at de.uka.ilkd.key.nparser.builder.IncludeFinder.visitOne_include_statement(IncludeFinder.java:20)
	at de.uka.ilkd.key.nparser.KeYParser$One_include_statementContext.accept(KeYParser.java:802)
	at org.antlr.v4.runtime.tree.AbstractParseTreeVisitor.visitChildren(AbstractParseTreeVisitor.java:46)
	at de.uka.ilkd.key.nparser.KeYParserBaseVisitor.visitDecls(KeYParserBaseVisitor.java:30)
	at de.uka.ilkd.key.nparser.KeYParser$DeclsContext.accept(KeYParser.java:500)
	at org.antlr.v4.runtime.tree.AbstractParseTreeVisitor.visitChildren(AbstractParseTreeVisitor.java:46)
	at de.uka.ilkd.key.nparser.KeYParserBaseVisitor.visitFile(KeYParserBaseVisitor.java:23)
	at de.uka.ilkd.key.nparser.KeYParser$FileContext.accept(KeYParser.java:306)
	at de.uka.ilkd.key.nparser.KeyAst.accept(KeyAst.java:41)
	at de.uka.ilkd.key.nparser.KeyAst$File.getIncludes(KeyAst.java:76)
	at de.uka.ilkd.key.proof.io.KeYFile.readIncludes(KeYFile.java:208)
	... 14 more
Could not find rule file rules/intRulesCheckedSemantics.key (file: /home/runner/work/key/key/key.core/../key.ui/examples/index/.././standard_key/quantifiers/normalisation9.key; caused by: de.uka.ilkd.key.proof.init.ProofInputException: Could not find rule file rules/intRulesCheckedSemantics.key)
	at de.uka.ilkd.key.control.AbstractUserInterfaceControl.load(AbstractUserInterfaceControl.java:221)
	at de.uka.ilkd.key.control.KeYEnvironment.load(KeYEnvironment.java:251)
	at de.uka.ilkd.key.control.KeYEnvironment.load(KeYEnvironment.java:224)
	at de.uka.ilkd.key.control.KeYEnvironment.load(KeYEnvironment.java:184)
	at de.uka.ilkd.key.control.KeYEnvironment.load(KeYEnvironment.java:261)
	at de.uka.ilkd.key.proof.runallproofs.proofcollection.TestFile.load(TestFile.java:270)
	at de.uka.ilkd.key.proof.runallproofs.proofcollection.TestFile.runKey(TestFile.java:160)
	at de.uka.ilkd.key.proof.runallproofs.proofcollection.ForkedTestFileRunner.main(ForkedTestFileRunner.java:171)
Caused by: de.uka.ilkd.key.proof.init.ProofInputException: Could not find rule file rules/intRulesCheckedSemantics.key
	at de.uka.ilkd.key.proof.io.KeYFile.readIncludes(KeYFile.java:210)
	at de.uka.ilkd.key.proof.init.ProblemInitializer.readIncludes(ProblemInitializer.java:177)
	at de.uka.ilkd.key.proof.init.ProblemInitializer.readEnvInput(ProblemInitializer.java:325)
	at de.uka.ilkd.key.proof.init.ProblemInitializer.prepare(ProblemInitializer.java:449)
	at de.uka.ilkd.key.proof.io.AbstractProblemLoader.createInitConfig(AbstractProblemLoader.java:518)
	at de.uka.ilkd.key.proof.io.AbstractProblemLoader.loadEnvironment(AbstractProblemLoader.java:288)
	at de.uka.ilkd.key.proof.io.AbstractProblemLoader.load(AbstractProblemLoader.java:252)
	at de.uka.ilkd.key.control.AbstractUserInterfaceControl.load(AbstractUserInterfaceControl.java:209)
	... 7 more
Caused by: java.lang.RuntimeException: Could not find rule file rules/intRulesCheckedSemantics.key
	at de.uka.ilkd.key.proof.io.RuleSourceFactory.fromBuiltInRule(RuleSourceFactory.java:32)
	at de.uka.ilkd.key.proof.io.RuleSourceFactory.fromDefaultLocation(RuleSourceFactory.java:21)
	at de.uka.ilkd.key.nparser.builder.IncludeFinder.addInclude(IncludeFinder.java:63)
	at de.uka.ilkd.key.nparser.builder.IncludeFinder.visitOne_include(IncludeFinder.java:43)
	at de.uka.ilkd.key.nparser.builder.IncludeFinder.visitOne_include(IncludeFinder.java:20)
	at de.uka.ilkd.key.nparser.KeYParser$One_includeContext.accept(KeYParser.java:878)
	at de.uka.ilkd.key.nparser.builder.AbstractBuilder.lambda$mapOf$0(AbstractBuilder.java:112)
	at java.base/java.util.stream.ReferencePipeline$3$1.accept(ReferencePipeline.java:195)
	at java.base/java.util.ArrayList$ArrayListSpliterator.forEachRemaining(ArrayList.java:1655)
	at java.base/java.util.stream.AbstractPipeline.copyInto(AbstractPipeline.java:484)
	at java.base/java.util.stream.AbstractPipeline.wrapAndCopyInto(AbstractPipeline.java:474)
	at java.base/java.util.stream.ReduceOps$ReduceOp.evaluateSequential(ReduceOps.java:913)
	at java.base/java.util.stream.AbstractPipeline.evaluate(AbstractPipeline.java:234)
	at java.base/java.util.stream.ReferencePipeline.collect(ReferencePipeline.java:578)
	at de.uka.ilkd.key.nparser.builder.AbstractBuilder.mapOf(AbstractBuilder.java:112)
	at de.uka.ilkd.key.nparser.builder.IncludeFinder.visitOne_include_statement(IncludeFinder.java:35)
	at de.uka.ilkd.key.nparser.builder.IncludeFinder.visitOne_include_statement(IncludeFinder.java:20)
	at de.uka.ilkd.key.nparser.KeYParser$One_include_statementContext.accept(KeYParser.java:802)
	at org.antlr.v4.runtime.tree.AbstractParseTreeVisitor.visitChildren(AbstractParseTreeVisitor.java:46)
	at de.uka.ilkd.key.nparser.KeYParserBaseVisitor.visitDecls(KeYParserBaseVisitor.java:30)
	at de.uka.ilkd.key.nparser.KeYParser$DeclsContext.accept(KeYParser.java:500)
	at org.antlr.v4.runtime.tree.AbstractParseTreeVisitor.visitChildren(AbstractParseTreeVisitor.java:46)
	at de.uka.ilkd.key.nparser.KeYParserBaseVisitor.visitFile(KeYParserBaseVisitor.java:23)
	at de.uka.ilkd.key.nparser.KeYParser$FileContext.accept(KeYParser.java:306)
	at de.uka.ilkd.key.nparser.KeyAst.accept(KeyAst.java:41)
	at de.uka.ilkd.key.nparser.KeyAst$File.getIncludes(KeyAst.java:76)
	at de.uka.ilkd.key.proof.io.KeYFile.readIncludes(KeYFile.java:208)
	... 14 more
Could not find rule file rules/intRulesCheckedSemantics.key (file: /home/runner/work/key/key/key.core/../key.ui/examples/index/.././standard_key/quantifiers/normalisation10.key; caused by: de.uka.ilkd.key.proof.init.ProofInputException: Could not find rule file rules/intRulesCheckedSemantics.key)
	at de.uka.ilkd.key.control.AbstractUserInterfaceControl.load(AbstractUserInterfaceControl.java:221)
	at de.uka.ilkd.key.control.KeYEnvironment.load(KeYEnvironment.java:251)
	at de.uka.ilkd.key.control.KeYEnvironment.load(KeYEnvironment.java:224)
	at de.uka.ilkd.key.control.KeYEnvironment.load(KeYEnvironment.java:184)
	at de.uka.ilkd.key.control.KeYEnvironment.load(KeYEnvironment.java:261)
	at de.uka.ilkd.key.proof.runallproofs.proofcollection.TestFile.load(TestFile.java:270)
	at de.uka.ilkd.key.proof.runallproofs.proofcollection.TestFile.runKey(TestFile.java:160)
	at de.uka.ilkd.key.proof.runallproofs.proofcollection.ForkedTestFileRunner.main(ForkedTestFileRunner.java:171)
Caused by: de.uka.ilkd.key.proof.init.ProofInputException: Could not find rule file rules/intRulesCheckedSemantics.key
	at de.uka.ilkd.key.proof.io.KeYFile.readIncludes(KeYFile.java:210)
	at de.uka.ilkd.key.proof.init.ProblemInitializer.readIncludes(ProblemInitializer.java:177)
	at de.uka.ilkd.key.proof.init.ProblemInitializer.readEnvInput(ProblemInitializer.java:325)
	at de.uka.ilkd.key.proof.init.ProblemInitializer.prepare(ProblemInitializer.java:449)
	at de.uka.ilkd.key.proof.io.AbstractProblemLoader.createInitConfig(AbstractProblemLoader.java:518)
	at de.uka.ilkd.key.proof.io.AbstractProblemLoader.loadEnvironment(AbstractProblemLoader.java:288)
	at de.uka.ilkd.key.proof.io.AbstractProblemLoader.load(AbstractProblemLoader.java:252)
	at de.uka.ilkd.key.control.AbstractUserInterfaceControl.load(AbstractUserInterfaceControl.java:209)
	... 7 more
Caused by: java.lang.RuntimeException: Could not find rule file rules/intRulesCheckedSemantics.key
	at de.uka.ilkd.key.proof.io.RuleSourceFactory.fromBuiltInRule(RuleSourceFactory.java:32)
	at de.uka.ilkd.key.proof.io.RuleSourceFactory.fromDefaultLocation(RuleSourceFactory.java:21)
	at de.uka.ilkd.key.nparser.builder.IncludeFinder.addInclude(IncludeFinder.java:63)
	at de.uka.ilkd.key.nparser.builder.IncludeFinder.visitOne_include(IncludeFinder.java:43)
	at de.uka.ilkd.key.nparser.builder.IncludeFinder.visitOne_include(IncludeFinder.java:20)
	at de.uka.ilkd.key.nparser.KeYParser$One_includeContext.accept(KeYParser.java:878)
	at de.uka.ilkd.key.nparser.builder.AbstractBuilder.lambda$mapOf$0(AbstractBuilder.java:112)
	at java.base/java.util.stream.ReferencePipeline$3$1.accept(ReferencePipeline.java:195)
	at java.base/java.util.ArrayList$ArrayListSpliterator.forEachRemaining(ArrayList.java:1655)
	at java.base/java.util.stream.AbstractPipeline.copyInto(AbstractPipeline.java:484)
	at java.base/java.util.stream.AbstractPipeline.wrapAndCopyInto(AbstractPipeline.java:474)
	at java.base/java.util.stream.ReduceOps$ReduceOp.evaluateSequential(ReduceOps.java:913)
	at java.base/java.util.stream.AbstractPipeline.evaluate(AbstractPipeline.java:234)
	at java.base/java.util.stream.ReferencePipeline.collect(ReferencePipeline.java:578)
	at de.uka.ilkd.key.nparser.builder.AbstractBuilder.mapOf(AbstractBuilder.java:112)
	at de.uka.ilkd.key.nparser.builder.IncludeFinder.visitOne_include_statement(IncludeFinder.java:35)
	at de.uka.ilkd.key.nparser.builder.IncludeFinder.visitOne_include_statement(IncludeFinder.java:20)
	at de.uka.ilkd.key.nparser.KeYParser$One_include_statementContext.accept(KeYParser.java:802)
	at org.antlr.v4.runtime.tree.AbstractParseTreeVisitor.visitChildren(AbstractParseTreeVisitor.java:46)
	at de.uka.ilkd.key.nparser.KeYParserBaseVisitor.visitDecls(KeYParserBaseVisitor.java:30)
	at de.uka.ilkd.key.nparser.KeYParser$DeclsContext.accept(KeYParser.java:500)
	at org.antlr.v4.runtime.tree.AbstractParseTreeVisitor.visitChildren(AbstractParseTreeVisitor.java:46)
	at de.uka.ilkd.key.nparser.KeYParserBaseVisitor.visitFile(KeYParserBaseVisitor.java:23)
	at de.uka.ilkd.key.nparser.KeYParser$FileContext.accept(KeYParser.java:306)
	at de.uka.ilkd.key.nparser.KeyAst.accept(KeyAst.java:41)
	at de.uka.ilkd.key.nparser.KeyAst$File.getIncludes(KeyAst.java:76)
	at de.uka.ilkd.key.proof.io.KeYFile.readIncludes(KeYFile.java:208)
	... 14 more
Could not find rule file rules/intRulesCheckedSemantics.key (file: /home/runner/work/key/key/key.core/../key.ui/examples/index/.././standard_key/quantifiers/normalisation12.key; caused by: de.uka.ilkd.key.proof.init.ProofInputException: Could not find rule file rules/intRulesCheckedSemantics.key)
	at de.uka.ilkd.key.control.AbstractUserInterfaceControl.load(AbstractUserInterfaceControl.java:221)
	at de.uka.ilkd.key.control.KeYEnvironment.load(KeYEnvironment.java:251)
	at de.uka.ilkd.key.control.KeYEnvironment.load(KeYEnvironment.java:224)
	at de.uka.ilkd.key.control.KeYEnvironment.load(KeYEnvironment.java:184)
	at de.uka.ilkd.key.control.KeYEnvironment.load(KeYEnvironment.java:261)
	at de.uka.ilkd.key.proof.runallproofs.proofcollection.TestFile.load(TestFile.java:270)
	at de.uka.ilkd.key.proof.runallproofs.proofcollection.TestFile.runKey(TestFile.java:160)
	at de.uka.ilkd.key.proof.runallproofs.proofcollection.ForkedTestFileRunner.main(ForkedTestFileRunner.java:171)
Caused by: de.uka.ilkd.key.proof.init.ProofInputException: Could not find rule file rules/intRulesCheckedSemantics.key
	at de.uka.ilkd.key.proof.io.KeYFile.readIncludes(KeYFile.java:210)
	at de.uka.ilkd.key.proof.init.ProblemInitializer.readIncludes(ProblemInitializer.java:177)
	at de.uka.ilkd.key.proof.init.ProblemInitializer.readEnvInput(ProblemInitializer.java:325)
	at de.uka.ilkd.key.proof.init.ProblemInitializer.prepare(ProblemInitializer.java:449)
	at de.uka.ilkd.key.proof.io.AbstractProblemLoader.createInitConfig(AbstractProblemLoader.java:518)
	at de.uka.ilkd.key.proof.io.AbstractProblemLoader.loadEnvironment(AbstractProblemLoader.java:288)
	at de.uka.ilkd.key.proof.io.AbstractProblemLoader.load(AbstractProblemLoader.java:252)
	at de.uka.ilkd.key.control.AbstractUserInterfaceControl.load(AbstractUserInterfaceControl.java:209)
	... 7 more
Caused by: java.lang.RuntimeException: Could not find rule file rules/intRulesCheckedSemantics.key
	at de.uka.ilkd.key.proof.io.RuleSourceFactory.fromBuiltInRule(RuleSourceFactory.java:32)
	at de.uka.ilkd.key.proof.io.RuleSourceFactory.fromDefaultLocation(RuleSourceFactory.java:21)
	at de.uka.ilkd.key.nparser.builder.IncludeFinder.addInclude(IncludeFinder.java:63)
	at de.uka.ilkd.key.nparser.builder.IncludeFinder.visitOne_include(IncludeFinder.java:43)
	at de.uka.ilkd.key.nparser.builder.IncludeFinder.visitOne_include(IncludeFinder.java:20)
	at de.uka.ilkd.key.nparser.KeYParser$One_includeContext.accept(KeYParser.java:878)
	at de.uka.ilkd.key.nparser.builder.AbstractBuilder.lambda$mapOf$0(AbstractBuilder.java:112)
	at java.base/java.util.stream.ReferencePipeline$3$1.accept(ReferencePipeline.java:195)
	at java.base/java.util.ArrayList$ArrayListSpliterator.forEachRemaining(ArrayList.java:1655)
	at java.base/java.util.stream.AbstractPipeline.copyInto(AbstractPipeline.java:484)
	at java.base/java.util.stream.AbstractPipeline.wrapAndCopyInto(AbstractPipeline.java:474)
	at java.base/java.util.stream.ReduceOps$ReduceOp.evaluateSequential(ReduceOps.java:913)
	at java.base/java.util.stream.AbstractPipeline.evaluate(AbstractPipeline.java:234)
	at java.base/java.util.stream.ReferencePipeline.collect(ReferencePipeline.java:578)
	at de.uka.ilkd.key.nparser.builder.AbstractBuilder.mapOf(AbstractBuilder.java:112)
	at de.uka.ilkd.key.nparser.builder.IncludeFinder.visitOne_include_statement(IncludeFinder.java:35)
	at de.uka.ilkd.key.nparser.builder.IncludeFinder.visitOne_include_statement(IncludeFinder.java:20)
	at de.uka.ilkd.key.nparser.KeYParser$One_include_statementContext.accept(KeYParser.java:802)
	at org.antlr.v4.runtime.tree.AbstractParseTreeVisitor.visitChildren(AbstractParseTreeVisitor.java:46)
	at de.uka.ilkd.key.nparser.KeYParserBaseVisitor.visitDecls(KeYParserBaseVisitor.java:30)
	at de.uka.ilkd.key.nparser.KeYParser$DeclsContext.accept(KeYParser.java:500)
	at org.antlr.v4.runtime.tree.AbstractParseTreeVisitor.visitChildren(AbstractParseTreeVisitor.java:46)
	at de.uka.ilkd.key.nparser.KeYParserBaseVisitor.visitFile(KeYParserBaseVisitor.java:23)
	at de.uka.ilkd.key.nparser.KeYParser$FileContext.accept(KeYParser.java:306)
	at de.uka.ilkd.key.nparser.KeyAst.accept(KeyAst.java:41)
	at de.uka.ilkd.key.nparser.KeyAst$File.getIncludes(KeyAst.java:76)
	at de.uka.ilkd.key.proof.io.KeYFile.readIncludes(KeYFile.java:208)
	... 14 more
Could not find rule file rules/intRulesCheckedSemantics.key (file: /home/runner/work/key/key/key.core/../key.ui/examples/index/.././standard_key/quantifiers/normalisation13.key; caused by: de.uka.ilkd.key.proof.init.ProofInputException: Could not find rule file rules/intRulesCheckedSemantics.key)
	at de.uka.ilkd.key.control.AbstractUserInterfaceControl.load(AbstractUserInterfaceControl.java:221)
	at de.uka.ilkd.key.control.KeYEnvironment.load(KeYEnvironment.java:251)
	at de.uka.ilkd.key.control.KeYEnvironment.load(KeYEnvironment.java:224)
	at de.uka.ilkd.key.control.KeYEnvironment.load(KeYEnvironment.java:184)
	at de.uka.ilkd.key.control.KeYEnvironment.load(KeYEnvironment.java:261)
	at de.uka.ilkd.key.proof.runallproofs.proofcollection.TestFile.load(TestFile.java:270)
	at de.uka.ilkd.key.proof.runallproofs.proofcollection.TestFile.runKey(TestFile.java:160)
	at de.uka.ilkd.key.proof.runallproofs.proofcollection.ForkedTestFileRunner.main(ForkedTestFileRunner.java:171)
Caused by: de.uka.ilkd.key.proof.init.ProofInputException: Could not find rule file rules/intRulesCheckedSemantics.key
	at de.uka.ilkd.key.proof.io.KeYFile.readIncludes(KeYFile.java:210)
	at de.uka.ilkd.key.proof.init.ProblemInitializer.readIncludes(ProblemInitializer.java:177)
	at de.uka.ilkd.key.proof.init.ProblemInitializer.readEnvInput(ProblemInitializer.java:325)
	at de.uka.ilkd.key.proof.init.ProblemInitializer.prepare(ProblemInitializer.java:449)
	at de.uka.ilkd.key.proof.io.AbstractProblemLoader.createInitConfig(AbstractProblemLoader.java:518)
	at de.uka.ilkd.key.proof.io.AbstractProblemLoader.loadEnvironment(AbstractProblemLoader.java:288)
	at de.uka.ilkd.key.proof.io.AbstractProblemLoader.load(AbstractProblemLoader.java:252)
	at de.uka.ilkd.key.control.AbstractUserInterfaceControl.load(AbstractUserInterfaceControl.java:209)
	... 7 more
Caused by: java.lang.RuntimeException: Could not find rule file rules/intRulesCheckedSemantics.key
	at de.uka.ilkd.key.proof.io.RuleSourceFactory.fromBuiltInRule(RuleSourceFactory.java:32)
	at de.uka.ilkd.key.proof.io.RuleSourceFactory.fromDefaultLocation(RuleSourceFactory.java:21)
	at de.uka.ilkd.key.nparser.builder.IncludeFinder.addInclude(IncludeFinder.java:63)
	at de.uka.ilkd.key.nparser.builder.IncludeFinder.visitOne_include(IncludeFinder.java:43)
	at de.uka.ilkd.key.nparser.builder.IncludeFinder.visitOne_include(IncludeFinder.java:20)
	at de.uka.ilkd.key.nparser.KeYParser$One_includeContext.accept(KeYParser.java:878)
	at de.uka.ilkd.key.nparser.builder.AbstractBuilder.lambda$mapOf$0(AbstractBuilder.java:112)
	at java.base/java.util.stream.ReferencePipeline$3$1.accept(ReferencePipeline.java:195)
	at java.base/java.util.ArrayList$ArrayListSpliterator.forEachRemaining(ArrayList.java:1655)
	at java.base/java.util.stream.AbstractPipeline.copyInto(AbstractPipeline.java:484)
	at java.base/java.util.stream.AbstractPipeline.wrapAndCopyInto(AbstractPipeline.java:474)
	at java.base/java.util.stream.ReduceOps$ReduceOp.evaluateSequential(ReduceOps.java:913)
	at java.base/java.util.stream.AbstractPipeline.evaluate(AbstractPipeline.java:234)
	at java.base/java.util.stream.ReferencePipeline.collect(ReferencePipeline.java:578)
	at de.uka.ilkd.key.nparser.builder.AbstractBuilder.mapOf(AbstractBuilder.java:112)
	at de.uka.ilkd.key.nparser.builder.IncludeFinder.visitOne_include_statement(IncludeFinder.java:35)
	at de.uka.ilkd.key.nparser.builder.IncludeFinder.visitOne_include_statement(IncludeFinder.java:20)
	at de.uka.ilkd.key.nparser.KeYParser$One_include_statementContext.accept(KeYParser.java:802)
	at org.antlr.v4.runtime.tree.AbstractParseTreeVisitor.visitChildren(AbstractParseTreeVisitor.java:46)
	at de.uka.ilkd.key.nparser.KeYParserBaseVisitor.visitDecls(KeYParserBaseVisitor.java:30)
	at de.uka.ilkd.key.nparser.KeYParser$DeclsContext.accept(KeYParser.java:500)
	at org.antlr.v4.runtime.tree.AbstractParseTreeVisitor.visitChildren(AbstractParseTreeVisitor.java:46)
	at de.uka.ilkd.key.nparser.KeYParserBaseVisitor.visitFile(KeYParserBaseVisitor.java:23)
	at de.uka.ilkd.key.nparser.KeYParser$FileContext.accept(KeYParser.java:306)
	at de.uka.ilkd.key.nparser.KeyAst.accept(KeyAst.java:41)
	at de.uka.ilkd.key.nparser.KeyAst$File.getIncludes(KeyAst.java:76)
	at de.uka.ilkd.key.proof.io.KeYFile.readIncludes(KeYFile.java:208)
	... 14 more
Could not find rule file rules/intRulesCheckedSemantics.key (file: /home/runner/work/key/key/key.core/../key.ui/examples/index/.././standard_key/quantifiers/triggers0.key; caused by: de.uka.ilkd.key.proof.init.ProofInputException: Could not find rule file rules/intRulesCheckedSemantics.key)
	at de.uka.ilkd.key.control.AbstractUserInterfaceControl.load(AbstractUserInterfaceControl.java:221)
	at de.uka.ilkd.key.control.KeYEnvironment.load(KeYEnvironment.java:251)
	at de.uka.ilkd.key.control.KeYEnvironment.load(KeYEnvironment.java:224)
	at de.uka.ilkd.key.control.KeYEnvironment.load(KeYEnvironment.java:184)
	at de.uka.ilkd.key.control.KeYEnvironment.load(KeYEnvironment.java:261)
	at de.uka.ilkd.key.proof.runallproofs.proofcollection.TestFile.load(TestFile.java:270)
	at de.uka.ilkd.key.proof.runallproofs.proofcollection.TestFile.runKey(TestFile.java:160)
	at de.uka.ilkd.key.proof.runallproofs.proofcollection.ForkedTestFileRunner.main(ForkedTestFileRunner.java:171)
Caused by: de.uka.ilkd.key.proof.init.ProofInputException: Could not find rule file rules/intRulesCheckedSemantics.key
	at de.uka.ilkd.key.proof.io.KeYFile.readIncludes(KeYFile.java:210)
	at de.uka.ilkd.key.proof.init.ProblemInitializer.readIncludes(ProblemInitializer.java:177)
	at de.uka.ilkd.key.proof.init.ProblemInitializer.readEnvInput(ProblemInitializer.java:325)
	at de.uka.ilkd.key.proof.init.ProblemInitializer.prepare(ProblemInitializer.java:449)
	at de.uka.ilkd.key.proof.io.AbstractProblemLoader.createInitConfig(AbstractProblemLoader.java:518)
	at de.uka.ilkd.key.proof.io.AbstractProblemLoader.loadEnvironment(AbstractProblemLoader.java:288)
	at de.uka.ilkd.key.proof.io.AbstractProblemLoader.load(AbstractProblemLoader.java:252)
	at de.uka.ilkd.key.control.AbstractUserInterfaceControl.load(AbstractUserInterfaceControl.java:209)
	... 7 more
Caused by: java.lang.RuntimeException: Could not find rule file rules/intRulesCheckedSemantics.key
	at de.uka.ilkd.key.proof.io.RuleSourceFactory.fromBuiltInRule(RuleSourceFactory.java:32)
	at de.uka.ilkd.key.proof.io.RuleSourceFactory.fromDefaultLocation(RuleSourceFactory.java:21)
	at de.uka.ilkd.key.nparser.builder.IncludeFinder.addInclude(IncludeFinder.java:63)
	at de.uka.ilkd.key.nparser.builder.IncludeFinder.visitOne_include(IncludeFinder.java:43)
	at de.uka.ilkd.key.nparser.builder.IncludeFinder.visitOne_include(IncludeFinder.java:20)
	at de.uka.ilkd.key.nparser.KeYParser$One_includeContext.accept(KeYParser.java:878)
	at de.uka.ilkd.key.nparser.builder.AbstractBuilder.lambda$mapOf$0(AbstractBuilder.java:112)
	at java.base/java.util.stream.ReferencePipeline$3$1.accept(ReferencePipeline.java:195)
	at java.base/java.util.ArrayList$ArrayListSpliterator.forEachRemaining(ArrayList.java:1655)
	at java.base/java.util.stream.AbstractPipeline.copyInto(AbstractPipeline.java:484)
	at java.base/java.util.stream.AbstractPipeline.wrapAndCopyInto(AbstractPipeline.java:474)
	at java.base/java.util.stream.ReduceOps$ReduceOp.evaluateSequential(ReduceOps.java:913)
	at java.base/java.util.stream.AbstractPipeline.evaluate(AbstractPipeline.java:234)
	at java.base/java.util.stream.ReferencePipeline.collect(ReferencePipeline.java:578)
	at de.uka.ilkd.key.nparser.builder.AbstractBuilder.mapOf(AbstractBuilder.java:112)
	at de.uka.ilkd.key.nparser.builder.IncludeFinder.visitOne_include_statement(IncludeFinder.java:35)
	at de.uka.ilkd.key.nparser.builder.IncludeFinder.visitOne_include_statement(IncludeFinder.java:20)
	at de.uka.ilkd.key.nparser.KeYParser$One_include_statementContext.accept(KeYParser.java:802)
	at org.antlr.v4.runtime.tree.AbstractParseTreeVisitor.visitChildren(AbstractParseTreeVisitor.java:46)
	at de.uka.ilkd.key.nparser.KeYParserBaseVisitor.visitDecls(KeYParserBaseVisitor.java:30)
	at de.uka.ilkd.key.nparser.KeYParser$DeclsContext.accept(KeYParser.java:500)
	at org.antlr.v4.runtime.tree.AbstractParseTreeVisitor.visitChildren(AbstractParseTreeVisitor.java:46)
	at de.uka.ilkd.key.nparser.KeYParserBaseVisitor.visitFile(KeYParserBaseVisitor.java:23)
	at de.uka.ilkd.key.nparser.KeYParser$FileContext.accept(KeYParser.java:306)
	at de.uka.ilkd.key.nparser.KeyAst.accept(KeyAst.java:41)
	at de.uka.ilkd.key.nparser.KeyAst$File.getIncludes(KeyAst.java:76)
	at de.uka.ilkd.key.proof.io.KeYFile.readIncludes(KeYFile.java:208)
	... 14 more
Exception in thread "main" org.opentest4j.AssertionFailedError: Exception during the execution of proofs. See log for more details.
	at org.junit.jupiter.api.AssertionUtils.fail(AssertionUtils.java:39)
	at org.junit.jupiter.api.Assertions.fail(Assertions.java:134)
	at de.uka.ilkd.key.proof.runallproofs.proofcollection.ForkedTestFileRunner.main(ForkedTestFileRunner.java:192)
Timeout watcher launched (2000 secs.)
Could not find rule file rules/intRulesCheckedSemantics.key (file: /home/runner/work/key/key/key.core/../key.ui/examples/index/.././standard_key/strings/charAt0.key; caused by: de.uka.ilkd.key.proof.init.ProofInputException: Could not find rule file rules/intRulesCheckedSemantics.key)
	at de.uka.ilkd.key.control.AbstractUserInterfaceControl.load(AbstractUserInterfaceControl.java:221)
	at de.uka.ilkd.key.control.KeYEnvironment.load(KeYEnvironment.java:251)
	at de.uka.ilkd.key.control.KeYEnvironment.load(KeYEnvironment.java:224)
	at de.uka.ilkd.key.control.KeYEnvironment.load(KeYEnvironment.java:184)
	at de.uka.ilkd.key.control.KeYEnvironment.load(KeYEnvironment.java:261)
	at de.uka.ilkd.key.proof.runallproofs.proofcollection.TestFile.load(TestFile.java:270)
	at de.uka.ilkd.key.proof.runallproofs.proofcollection.TestFile.runKey(TestFile.java:160)
	at de.uka.ilkd.key.proof.runallproofs.proofcollection.ForkedTestFileRunner.main(ForkedTestFileRunner.java:171)
Caused by: de.uka.ilkd.key.proof.init.ProofInputException: Could not find rule file rules/intRulesCheckedSemantics.key
	at de.uka.ilkd.key.proof.io.KeYFile.readIncludes(KeYFile.java:210)
	at de.uka.ilkd.key.proof.init.ProblemInitializer.readIncludes(ProblemInitializer.java:177)
	at de.uka.ilkd.key.proof.init.ProblemInitializer.readEnvInput(ProblemInitializer.java:325)
	at de.uka.ilkd.key.proof.init.ProblemInitializer.prepare(ProblemInitializer.java:449)
	at de.uka.ilkd.key.proof.io.AbstractProblemLoader.createInitConfig(AbstractProblemLoader.java:518)
	at de.uka.ilkd.key.proof.io.AbstractProblemLoader.loadEnvironment(AbstractProblemLoader.java:288)
	at de.uka.ilkd.key.proof.io.AbstractProblemLoader.load(AbstractProblemLoader.java:252)
	at de.uka.ilkd.key.control.AbstractUserInterfaceControl.load(AbstractUserInterfaceControl.java:209)
	... 7 more
Caused by: java.lang.RuntimeException: Could not find rule file rules/intRulesCheckedSemantics.key
	at de.uka.ilkd.key.proof.io.RuleSourceFactory.fromBuiltInRule(RuleSourceFactory.java:32)
	at de.uka.ilkd.key.proof.io.RuleSourceFactory.fromDefaultLocation(RuleSourceFactory.java:21)
	at de.uka.ilkd.key.nparser.builder.IncludeFinder.addInclude(IncludeFinder.java:63)
	at de.uka.ilkd.key.nparser.builder.IncludeFinder.visitOne_include(IncludeFinder.java:43)
	at de.uka.ilkd.key.nparser.builder.IncludeFinder.visitOne_include(IncludeFinder.java:20)
	at de.uka.ilkd.key.nparser.KeYParser$One_includeContext.accept(KeYParser.java:878)
	at de.uka.ilkd.key.nparser.builder.AbstractBuilder.lambda$mapOf$0(AbstractBuilder.java:112)
	at java.base/java.util.stream.ReferencePipeline$3$1.accept(ReferencePipeline.java:195)
	at java.base/java.util.ArrayList$ArrayListSpliterator.forEachRemaining(ArrayList.java:1655)
	at java.base/java.util.stream.AbstractPipeline.copyInto(AbstractPipeline.java:484)
	at java.base/java.util.stream.AbstractPipeline.wrapAndCopyInto(AbstractPipeline.java:474)
	at java.base/java.util.stream.ReduceOps$ReduceOp.evaluateSequential(ReduceOps.java:913)
	at java.base/java.util.stream.AbstractPipeline.evaluate(AbstractPipeline.java:234)
	at java.base/java.util.stream.ReferencePipeline.collect(ReferencePipeline.java:578)
	at de.uka.ilkd.key.nparser.builder.AbstractBuilder.mapOf(AbstractBuilder.java:112)
	at de.uka.ilkd.key.nparser.builder.IncludeFinder.visitOne_include_statement(IncludeFinder.java:35)
	at de.uka.ilkd.key.nparser.builder.IncludeFinder.visitOne_include_statement(IncludeFinder.java:20)
	at de.uka.ilkd.key.nparser.KeYParser$One_include_statementContext.accept(KeYParser.java:802)
	at org.antlr.v4.runtime.tree.AbstractParseTreeVisitor.visitChildren(AbstractParseTreeVisitor.java:46)
	at de.uka.ilkd.key.nparser.KeYParserBaseVisitor.visitDecls(KeYParserBaseVisitor.java:30)
	at de.uka.ilkd.key.nparser.KeYParser$DeclsContext.accept(KeYParser.java:500)
	at org.antlr.v4.runtime.tree.AbstractParseTreeVisitor.visitChildren(AbstractParseTreeVisitor.java:46)
	at de.uka.ilkd.key.nparser.KeYParserBaseVisitor.visitFile(KeYParserBaseVisitor.java:23)
	at de.uka.ilkd.key.nparser.KeYParser$FileContext.accept(KeYParser.java:306)
	at de.uka.ilkd.key.nparser.KeyAst.accept(KeyAst.java:41)
	at de.uka.ilkd.key.nparser.KeyAst$File.getIncludes(KeyAst.java:76)
	at de.uka.ilkd.key.proof.io.KeYFile.readIncludes(KeYFile.java:208)
	... 14 more
Could not find rule file rules/intRulesCheckedSemantics.key (file: /home/runner/work/key/key/key.core/../key.ui/examples/index/.././standard_key/strings/charAt1.key; caused by: de.uka.ilkd.key.proof.init.ProofInputException: Could not find rule file rules/intRulesCheckedSemantics.key)
	at de.uka.ilkd.key.control.AbstractUserInterfaceControl.load(AbstractUserInterfaceControl.java:221)
	at de.uka.ilkd.key.control.KeYEnvironment.load(KeYEnvironment.java:251)
	at de.uka.ilkd.key.control.KeYEnvironment.load(KeYEnvironment.java:224)
	at de.uka.ilkd.key.control.KeYEnvironment.load(KeYEnvironment.java:184)
	at de.uka.ilkd.key.control.KeYEnvironment.load(KeYEnvironment.java:261)
	at de.uka.ilkd.key.proof.runallproofs.proofcollection.TestFile.load(TestFile.java:270)
	at de.uka.ilkd.key.proof.runallproofs.proofcollection.TestFile.runKey(TestFile.java:160)
	at de.uka.ilkd.key.proof.runallproofs.proofcollection.ForkedTestFileRunner.main(ForkedTestFileRunner.java:171)
Caused by: de.uka.ilkd.key.proof.init.ProofInputException: Could not find rule file rules/intRulesCheckedSemantics.key
	at de.uka.ilkd.key.proof.io.KeYFile.readIncludes(KeYFile.java:210)
	at de.uka.ilkd.key.proof.init.ProblemInitializer.readIncludes(ProblemInitializer.java:177)
	at de.uka.ilkd.key.proof.init.ProblemInitializer.readEnvInput(ProblemInitializer.java:325)
	at de.uka.ilkd.key.proof.init.ProblemInitializer.prepare(ProblemInitializer.java:449)
	at de.uka.ilkd.key.proof.io.AbstractProblemLoader.createInitConfig(AbstractProblemLoader.java:518)
	at de.uka.ilkd.key.proof.io.AbstractProblemLoader.loadEnvironment(AbstractProblemLoader.java:288)
	at de.uka.ilkd.key.proof.io.AbstractProblemLoader.load(AbstractProblemLoader.java:252)
	at de.uka.ilkd.key.control.AbstractUserInterfaceControl.load(AbstractUserInterfaceControl.java:209)
	... 7 more
Caused by: java.lang.RuntimeException: Could not find rule file rules/intRulesCheckedSemantics.key
	at de.uka.ilkd.key.proof.io.RuleSourceFactory.fromBuiltInRule(RuleSourceFactory.java:32)
	at de.uka.ilkd.key.proof.io.RuleSourceFactory.fromDefaultLocation(RuleSourceFactory.java:21)
	at de.uka.ilkd.key.nparser.builder.IncludeFinder.addInclude(IncludeFinder.java:63)
	at de.uka.ilkd.key.nparser.builder.IncludeFinder.visitOne_include(IncludeFinder.java:43)
	at de.uka.ilkd.key.nparser.builder.IncludeFinder.visitOne_include(IncludeFinder.java:20)
	at de.uka.ilkd.key.nparser.KeYParser$One_includeContext.accept(KeYParser.java:878)
	at de.uka.ilkd.key.nparser.builder.AbstractBuilder.lambda$mapOf$0(AbstractBuilder.java:112)
	at java.base/java.util.stream.ReferencePipeline$3$1.accept(ReferencePipeline.java:195)
	at java.base/java.util.ArrayList$ArrayListSpliterator.forEachRemaining(ArrayList.java:1655)
	at java.base/java.util.stream.AbstractPipeline.copyInto(AbstractPipeline.java:484)
	at java.base/java.util.stream.AbstractPipeline.wrapAndCopyInto(AbstractPipeline.java:474)
	at java.base/java.util.stream.ReduceOps$ReduceOp.evaluateSequential(ReduceOps.java:913)
	at java.base/java.util.stream.AbstractPipeline.evaluate(AbstractPipeline.java:234)
	at java.base/java.util.stream.ReferencePipeline.collect(ReferencePipeline.java:578)
	at de.uka.ilkd.key.nparser.builder.AbstractBuilder.mapOf(AbstractBuilder.java:112)
	at de.uka.ilkd.key.nparser.builder.IncludeFinder.visitOne_include_statement(IncludeFinder.java:35)
	at de.uka.ilkd.key.nparser.builder.IncludeFinder.visitOne_include_statement(IncludeFinder.java:20)
	at de.uka.ilkd.key.nparser.KeYParser$One_include_statementContext.accept(KeYParser.java:802)
	at org.antlr.v4.runtime.tree.AbstractParseTreeVisitor.visitChildren(AbstractParseTreeVisitor.java:46)
	at de.uka.ilkd.key.nparser.KeYParserBaseVisitor.visitDecls(KeYParserBaseVisitor.java:30)
	at de.uka.ilkd.key.nparser.KeYParser$DeclsContext.accept(KeYParser.java:500)
	at org.antlr.v4.runtime.tree.AbstractParseTreeVisitor.visitChildren(AbstractParseTreeVisitor.java:46)
	at de.uka.ilkd.key.nparser.KeYParserBaseVisitor.visitFile(KeYParserBaseVisitor.java:23)
	at de.uka.ilkd.key.nparser.KeYParser$FileContext.accept(KeYParser.java:306)
	at de.uka.ilkd.key.nparser.KeyAst.accept(KeyAst.java:41)
	at de.uka.ilkd.key.nparser.KeyAst$File.getIncludes(KeyAst.java:76)
	at de.uka.ilkd.key.proof.io.KeYFile.readIncludes(KeYFile.java:208)
	... 14 more
Could not find rule file rules/intRulesCheckedSemantics.key (file: /home/runner/work/key/key/key.core/../key.ui/examples/index/.././standard_key/strings/concat1.key; caused by: de.uka.ilkd.key.proof.init.ProofInputException: Could not find rule file rules/intRulesCheckedSemantics.key)
	at de.uka.ilkd.key.control.AbstractUserInterfaceControl.load(AbstractUserInterfaceControl.java:221)
	at de.uka.ilkd.key.control.KeYEnvironment.load(KeYEnvironment.java:251)
	at de.uka.ilkd.key.control.KeYEnvironment.load(KeYEnvironment.java:224)
	at de.uka.ilkd.key.control.KeYEnvironment.load(KeYEnvironment.java:184)
	at de.uka.ilkd.key.control.KeYEnvironment.load(KeYEnvironment.java:261)
	at de.uka.ilkd.key.proof.runallproofs.proofcollection.TestFile.load(TestFile.java:270)
	at de.uka.ilkd.key.proof.runallproofs.proofcollection.TestFile.runKey(TestFile.java:160)
	at de.uka.ilkd.key.proof.runallproofs.proofcollection.ForkedTestFileRunner.main(ForkedTestFileRunner.java:171)
Caused by: de.uka.ilkd.key.proof.init.ProofInputException: Could not find rule file rules/intRulesCheckedSemantics.key
	at de.uka.ilkd.key.proof.io.KeYFile.readIncludes(KeYFile.java:210)
	at de.uka.ilkd.key.proof.init.ProblemInitializer.readIncludes(ProblemInitializer.java:177)
	at de.uka.ilkd.key.proof.init.ProblemInitializer.readEnvInput(ProblemInitializer.java:325)
	at de.uka.ilkd.key.proof.init.ProblemInitializer.prepare(ProblemInitializer.java:449)
	at de.uka.ilkd.key.proof.io.AbstractProblemLoader.createInitConfig(AbstractProblemLoader.java:518)
	at de.uka.ilkd.key.proof.io.AbstractProblemLoader.loadEnvironment(AbstractProblemLoader.java:288)
	at de.uka.ilkd.key.proof.io.AbstractProblemLoader.load(AbstractProblemLoader.java:252)
	at de.uka.ilkd.key.control.AbstractUserInterfaceControl.load(AbstractUserInterfaceControl.java:209)
	... 7 more
Caused by: java.lang.RuntimeException: Could not find rule file rules/intRulesCheckedSemantics.key
	at de.uka.ilkd.key.proof.io.RuleSourceFactory.fromBuiltInRule(RuleSourceFactory.java:32)
	at de.uka.ilkd.key.proof.io.RuleSourceFactory.fromDefaultLocation(RuleSourceFactory.java:21)
	at de.uka.ilkd.key.nparser.builder.IncludeFinder.addInclude(IncludeFinder.java:63)
	at de.uka.ilkd.key.nparser.builder.IncludeFinder.visitOne_include(IncludeFinder.java:43)
	at de.uka.ilkd.key.nparser.builder.IncludeFinder.visitOne_include(IncludeFinder.java:20)
	at de.uka.ilkd.key.nparser.KeYParser$One_includeContext.accept(KeYParser.java:878)
	at de.uka.ilkd.key.nparser.builder.AbstractBuilder.lambda$mapOf$0(AbstractBuilder.java:112)
	at java.base/java.util.stream.ReferencePipeline$3$1.accept(ReferencePipeline.java:195)
	at java.base/java.util.ArrayList$ArrayListSpliterator.forEachRemaining(ArrayList.java:1655)
	at java.base/java.util.stream.AbstractPipeline.copyInto(AbstractPipeline.java:484)
	at java.base/java.util.stream.AbstractPipeline.wrapAndCopyInto(AbstractPipeline.java:474)
	at java.base/java.util.stream.ReduceOps$ReduceOp.evaluateSequential(ReduceOps.java:913)
	at java.base/java.util.stream.AbstractPipeline.evaluate(AbstractPipeline.java:234)
	at java.base/java.util.stream.ReferencePipeline.collect(ReferencePipeline.java:578)
	at de.uka.ilkd.key.nparser.builder.AbstractBuilder.mapOf(AbstractBuilder.java:112)
	at de.uka.ilkd.key.nparser.builder.IncludeFinder.visitOne_include_statement(IncludeFinder.java:35)
	at de.uka.ilkd.key.nparser.builder.IncludeFinder.visitOne_include_statement(IncludeFinder.java:20)
	at de.uka.ilkd.key.nparser.KeYParser$One_include_statementContext.accept(KeYParser.java:802)
	at org.antlr.v4.runtime.tree.AbstractParseTreeVisitor.visitChildren(AbstractParseTreeVisitor.java:46)
	at de.uka.ilkd.key.nparser.KeYParserBaseVisitor.visitDecls(KeYParserBaseVisitor.java:30)
	at de.uka.ilkd.key.nparser.KeYParser$DeclsContext.accept(KeYParser.java:500)
	at org.antlr.v4.runtime.tree.AbstractParseTreeVisitor.visitChildren(AbstractParseTreeVisitor.java:46)
	at de.uka.ilkd.key.nparser.KeYParserBaseVisitor.visitFile(KeYParserBaseVisitor.java:23)
	at de.uka.ilkd.key.nparser.KeYParser$FileContext.accept(KeYParser.java:306)
	at de.uka.ilkd.key.nparser.KeyAst.accept(KeyAst.java:41)
	at de.uka.ilkd.key.nparser.KeyAst$File.getIncludes(KeyAst.java:76)
	at de.uka.ilkd.key.proof.io.KeYFile.readIncludes(KeYFile.java:208)
	... 14 more
Could not find rule file rules/intRulesCheckedSemantics.key (file: /home/runner/work/key/key/key.core/../key.ui/examples/index/.././standard_key/strings/concat2.key; caused by: de.uka.ilkd.key.proof.init.ProofInputException: Could not find rule file rules/intRulesCheckedSemantics.key)
	at de.uka.ilkd.key.control.AbstractUserInterfaceControl.load(AbstractUserInterfaceControl.java:221)
	at de.uka.ilkd.key.control.KeYEnvironment.load(KeYEnvironment.java:251)
	at de.uka.ilkd.key.control.KeYEnvironment.load(KeYEnvironment.java:224)
	at de.uka.ilkd.key.control.KeYEnvironment.load(KeYEnvironment.java:184)
	at de.uka.ilkd.key.control.KeYEnvironment.load(KeYEnvironment.java:261)
	at de.uka.ilkd.key.proof.runallproofs.proofcollection.TestFile.load(TestFile.java:270)
	at de.uka.ilkd.key.proof.runallproofs.proofcollection.TestFile.runKey(TestFile.java:160)
	at de.uka.ilkd.key.proof.runallproofs.proofcollection.ForkedTestFileRunner.main(ForkedTestFileRunner.java:171)
Caused by: de.uka.ilkd.key.proof.init.ProofInputException: Could not find rule file rules/intRulesCheckedSemantics.key
	at de.uka.ilkd.key.proof.io.KeYFile.readIncludes(KeYFile.java:210)
	at de.uka.ilkd.key.proof.init.ProblemInitializer.readIncludes(ProblemInitializer.java:177)
	at de.uka.ilkd.key.proof.init.ProblemInitializer.readEnvInput(ProblemInitializer.java:325)
	at de.uka.ilkd.key.proof.init.ProblemInitializer.prepare(ProblemInitializer.java:449)
	at de.uka.ilkd.key.proof.io.AbstractProblemLoader.createInitConfig(AbstractProblemLoader.java:518)
	at de.uka.ilkd.key.proof.io.AbstractProblemLoader.loadEnvironment(AbstractProblemLoader.java:288)
	at de.uka.ilkd.key.proof.io.AbstractProblemLoader.load(AbstractProblemLoader.java:252)
	at de.uka.ilkd.key.control.AbstractUserInterfaceControl.load(AbstractUserInterfaceControl.java:209)
	... 7 more
Caused by: java.lang.RuntimeException: Could not find rule file rules/intRulesCheckedSemantics.key
	at de.uka.ilkd.key.proof.io.RuleSourceFactory.fromBuiltInRule(RuleSourceFactory.java:32)
	at de.uka.ilkd.key.proof.io.RuleSourceFactory.fromDefaultLocation(RuleSourceFactory.java:21)
	at de.uka.ilkd.key.nparser.builder.IncludeFinder.addInclude(IncludeFinder.java:63)
	at de.uka.ilkd.key.nparser.builder.IncludeFinder.visitOne_include(IncludeFinder.java:43)
	at de.uka.ilkd.key.nparser.builder.IncludeFinder.visitOne_include(IncludeFinder.java:20)
	at de.uka.ilkd.key.nparser.KeYParser$One_includeContext.accept(KeYParser.java:878)
	at de.uka.ilkd.key.nparser.builder.AbstractBuilder.lambda$mapOf$0(AbstractBuilder.java:112)
	at java.base/java.util.stream.ReferencePipeline$3$1.accept(ReferencePipeline.java:195)
	at java.base/java.util.ArrayList$ArrayListSpliterator.forEachRemaining(ArrayList.java:1655)
	at java.base/java.util.stream.AbstractPipeline.copyInto(AbstractPipeline.java:484)
	at java.base/java.util.stream.AbstractPipeline.wrapAndCopyInto(AbstractPipeline.java:474)
	at java.base/java.util.stream.ReduceOps$ReduceOp.evaluateSequential(ReduceOps.java:913)
	at java.base/java.util.stream.AbstractPipeline.evaluate(AbstractPipeline.java:234)
	at java.base/java.util.stream.ReferencePipeline.collect(ReferencePipeline.java:578)
	at de.uka.ilkd.key.nparser.builder.AbstractBuilder.mapOf(AbstractBuilder.java:112)
	at de.uka.ilkd.key.nparser.builder.IncludeFinder.visitOne_include_statement(IncludeFinder.java:35)
	at de.uka.ilkd.key.nparser.builder.IncludeFinder.visitOne_include_statement(IncludeFinder.java:20)
	at de.uka.ilkd.key.nparser.KeYParser$One_include_statementContext.accept(KeYParser.java:802)
	at org.antlr.v4.runtime.tree.AbstractParseTreeVisitor.visitChildren(AbstractParseTreeVisitor.java:46)
	at de.uka.ilkd.key.nparser.KeYParserBaseVisitor.visitDecls(KeYParserBaseVisitor.java:30)
	at de.uka.ilkd.key.nparser.KeYParser$DeclsContext.accept(KeYParser.java:500)
	at org.antlr.v4.runtime.tree.AbstractParseTreeVisitor.visitChildren(AbstractParseTreeVisitor.java:46)
	at de.uka.ilkd.key.nparser.KeYParserBaseVisitor.visitFile(KeYParserBaseVisitor.java:23)
	at de.uka.ilkd.key.nparser.KeYParser$FileContext.accept(KeYParser.java:306)
	at de.uka.ilkd.key.nparser.KeyAst.accept(KeyAst.java:41)
	at de.uka.ilkd.key.nparser.KeyAst$File.getIncludes(KeyAst.java:76)
	at de.uka.ilkd.key.proof.io.KeYFile.readIncludes(KeYFile.java:208)
	... 14 more
Could not find rule file rules/intRulesCheckedSemantics.key (file: /home/runner/work/key/key/key.core/../key.ui/examples/index/.././standard_key/strings/deriveLength1.key; caused by: de.uka.ilkd.key.proof.init.ProofInputException: Could not find rule file rules/intRulesCheckedSemantics.key)
	at de.uka.ilkd.key.control.AbstractUserInterfaceControl.load(AbstractUserInterfaceControl.java:221)
	at de.uka.ilkd.key.control.KeYEnvironment.load(KeYEnvironment.java:251)
	at de.uka.ilkd.key.control.KeYEnvironment.load(KeYEnvironment.java:224)
	at de.uka.ilkd.key.control.KeYEnvironment.load(KeYEnvironment.java:184)
	at de.uka.ilkd.key.control.KeYEnvironment.load(KeYEnvironment.java:261)
	at de.uka.ilkd.key.proof.runallproofs.proofcollection.TestFile.load(TestFile.java:270)
	at de.uka.ilkd.key.proof.runallproofs.proofcollection.TestFile.runKey(TestFile.java:160)
	at de.uka.ilkd.key.proof.runallproofs.proofcollection.ForkedTestFileRunner.main(ForkedTestFileRunner.java:171)
Caused by: de.uka.ilkd.key.proof.init.ProofInputException: Could not find rule file rules/intRulesCheckedSemantics.key
	at de.uka.ilkd.key.proof.io.KeYFile.readIncludes(KeYFile.java:210)
	at de.uka.ilkd.key.proof.init.ProblemInitializer.readIncludes(ProblemInitializer.java:177)
	at de.uka.ilkd.key.proof.init.ProblemInitializer.readEnvInput(ProblemInitializer.java:325)
	at de.uka.ilkd.key.proof.init.ProblemInitializer.prepare(ProblemInitializer.java:449)
	at de.uka.ilkd.key.proof.io.AbstractProblemLoader.createInitConfig(AbstractProblemLoader.java:518)
	at de.uka.ilkd.key.proof.io.AbstractProblemLoader.loadEnvironment(AbstractProblemLoader.java:288)
	at de.uka.ilkd.key.proof.io.AbstractProblemLoader.load(AbstractProblemLoader.java:252)
	at de.uka.ilkd.key.control.AbstractUserInterfaceControl.load(AbstractUserInterfaceControl.java:209)
	... 7 more
Caused by: java.lang.RuntimeException: Could not find rule file rules/intRulesCheckedSemantics.key
	at de.uka.ilkd.key.proof.io.RuleSourceFactory.fromBuiltInRule(RuleSourceFactory.java:32)
	at de.uka.ilkd.key.proof.io.RuleSourceFactory.fromDefaultLocation(RuleSourceFactory.java:21)
	at de.uka.ilkd.key.nparser.builder.IncludeFinder.addInclude(IncludeFinder.java:63)
	at de.uka.ilkd.key.nparser.builder.IncludeFinder.visitOne_include(IncludeFinder.java:43)
	at de.uka.ilkd.key.nparser.builder.IncludeFinder.visitOne_include(IncludeFinder.java:20)
	at de.uka.ilkd.key.nparser.KeYParser$One_includeContext.accept(KeYParser.java:878)
	at de.uka.ilkd.key.nparser.builder.AbstractBuilder.lambda$mapOf$0(AbstractBuilder.java:112)
	at java.base/java.util.stream.ReferencePipeline$3$1.accept(ReferencePipeline.java:195)
	at java.base/java.util.ArrayList$ArrayListSpliterator.forEachRemaining(ArrayList.java:1655)
	at java.base/java.util.stream.AbstractPipeline.copyInto(AbstractPipeline.java:484)
	at java.base/java.util.stream.AbstractPipeline.wrapAndCopyInto(AbstractPipeline.java:474)
	at java.base/java.util.stream.ReduceOps$ReduceOp.evaluateSequential(ReduceOps.java:913)
	at java.base/java.util.stream.AbstractPipeline.evaluate(AbstractPipeline.java:234)
	at java.base/java.util.stream.ReferencePipeline.collect(ReferencePipeline.java:578)
	at de.uka.ilkd.key.nparser.builder.AbstractBuilder.mapOf(AbstractBuilder.java:112)
	at de.uka.ilkd.key.nparser.builder.IncludeFinder.visitOne_include_statement(IncludeFinder.java:35)
	at de.uka.ilkd.key.nparser.builder.IncludeFinder.visitOne_include_statement(IncludeFinder.java:20)
	at de.uka.ilkd.key.nparser.KeYParser$One_include_statementContext.accept(KeYParser.java:802)
	at org.antlr.v4.runtime.tree.AbstractParseTreeVisitor.visitChildren(AbstractParseTreeVisitor.java:46)
	at de.uka.ilkd.key.nparser.KeYParserBaseVisitor.visitDecls(KeYParserBaseVisitor.java:30)
	at de.uka.ilkd.key.nparser.KeYParser$DeclsContext.accept(KeYParser.java:500)
	at org.antlr.v4.runtime.tree.AbstractParseTreeVisitor.visitChildren(AbstractParseTreeVisitor.java:46)
	at de.uka.ilkd.key.nparser.KeYParserBaseVisitor.visitFile(KeYParserBaseVisitor.java:23)
	at de.uka.ilkd.key.nparser.KeYParser$FileContext.accept(KeYParser.java:306)
	at de.uka.ilkd.key.nparser.KeyAst.accept(KeyAst.java:41)
	at de.uka.ilkd.key.nparser.KeyAst$File.getIncludes(KeyAst.java:76)
	at de.uka.ilkd.key.proof.io.KeYFile.readIncludes(KeYFile.java:208)
	... 14 more
Could not find rule file rules/intRulesCheckedSemantics.key (file: /home/runner/work/key/key/key.core/../key.ui/examples/index/.././standard_key/strings/emptyStringLengthZero.key; caused by: de.uka.ilkd.key.proof.init.ProofInputException: Could not find rule file rules/intRulesCheckedSemantics.key)
	at de.uka.ilkd.key.control.AbstractUserInterfaceControl.load(AbstractUserInterfaceControl.java:221)
	at de.uka.ilkd.key.control.KeYEnvironment.load(KeYEnvironment.java:251)
	at de.uka.ilkd.key.control.KeYEnvironment.load(KeYEnvironment.java:224)
	at de.uka.ilkd.key.control.KeYEnvironment.load(KeYEnvironment.java:184)
	at de.uka.ilkd.key.control.KeYEnvironment.load(KeYEnvironment.java:261)
	at de.uka.ilkd.key.proof.runallproofs.proofcollection.TestFile.load(TestFile.java:270)
	at de.uka.ilkd.key.proof.runallproofs.proofcollection.TestFile.runKey(TestFile.java:160)
	at de.uka.ilkd.key.proof.runallproofs.proofcollection.ForkedTestFileRunner.main(ForkedTestFileRunner.java:171)
Caused by: de.uka.ilkd.key.proof.init.ProofInputException: Could not find rule file rules/intRulesCheckedSemantics.key
	at de.uka.ilkd.key.proof.io.KeYFile.readIncludes(KeYFile.java:210)
	at de.uka.ilkd.key.proof.init.ProblemInitializer.readIncludes(ProblemInitializer.java:177)
	at de.uka.ilkd.key.proof.init.ProblemInitializer.readEnvInput(ProblemInitializer.java:325)
	at de.uka.ilkd.key.proof.init.ProblemInitializer.prepare(ProblemInitializer.java:449)
	at de.uka.ilkd.key.proof.io.AbstractProblemLoader.createInitConfig(AbstractProblemLoader.java:518)
	at de.uka.ilkd.key.proof.io.AbstractProblemLoader.loadEnvironment(AbstractProblemLoader.java:288)
	at de.uka.ilkd.key.proof.io.AbstractProblemLoader.load(AbstractProblemLoader.java:252)
	at de.uka.ilkd.key.control.AbstractUserInterfaceControl.load(AbstractUserInterfaceControl.java:209)
	... 7 more
Caused by: java.lang.RuntimeException: Could not find rule file rules/intRulesCheckedSemantics.key
	at de.uka.ilkd.key.proof.io.RuleSourceFactory.fromBuiltInRule(RuleSourceFactory.java:32)
	at de.uka.ilkd.key.proof.io.RuleSourceFactory.fromDefaultLocation(RuleSourceFactory.java:21)
	at de.uka.ilkd.key.nparser.builder.IncludeFinder.addInclude(IncludeFinder.java:63)
	at de.uka.ilkd.key.nparser.builder.IncludeFinder.visitOne_include(IncludeFinder.java:43)
	at de.uka.ilkd.key.nparser.builder.IncludeFinder.visitOne_include(IncludeFinder.java:20)
	at de.uka.ilkd.key.nparser.KeYParser$One_includeContext.accept(KeYParser.java:878)
	at de.uka.ilkd.key.nparser.builder.AbstractBuilder.lambda$mapOf$0(AbstractBuilder.java:112)
	at java.base/java.util.stream.ReferencePipeline$3$1.accept(ReferencePipeline.java:195)
	at java.base/java.util.ArrayList$ArrayListSpliterator.forEachRemaining(ArrayList.java:1655)
	at java.base/java.util.stream.AbstractPipeline.copyInto(AbstractPipeline.java:484)
	at java.base/java.util.stream.AbstractPipeline.wrapAndCopyInto(AbstractPipeline.java:474)
	at java.base/java.util.stream.ReduceOps$ReduceOp.evaluateSequential(ReduceOps.java:913)
	at java.base/java.util.stream.AbstractPipeline.evaluate(AbstractPipeline.java:234)
	at java.base/java.util.stream.ReferencePipeline.collect(ReferencePipeline.java:578)
	at de.uka.ilkd.key.nparser.builder.AbstractBuilder.mapOf(AbstractBuilder.java:112)
	at de.uka.ilkd.key.nparser.builder.IncludeFinder.visitOne_include_statement(IncludeFinder.java:35)
	at de.uka.ilkd.key.nparser.builder.IncludeFinder.visitOne_include_statement(IncludeFinder.java:20)
	at de.uka.ilkd.key.nparser.KeYParser$One_include_statementContext.accept(KeYParser.java:802)
	at org.antlr.v4.runtime.tree.AbstractParseTreeVisitor.visitChildren(AbstractParseTreeVisitor.java:46)
	at de.uka.ilkd.key.nparser.KeYParserBaseVisitor.visitDecls(KeYParserBaseVisitor.java:30)
	at de.uka.ilkd.key.nparser.KeYParser$DeclsContext.accept(KeYParser.java:500)
	at org.antlr.v4.runtime.tree.AbstractParseTreeVisitor.visitChildren(AbstractParseTreeVisitor.java:46)
	at de.uka.ilkd.key.nparser.KeYParserBaseVisitor.visitFile(KeYParserBaseVisitor.java:23)
	at de.uka.ilkd.key.nparser.KeYParser$FileContext.accept(KeYParser.java:306)
	at de.uka.ilkd.key.nparser.KeyAst.accept(KeyAst.java:41)
	at de.uka.ilkd.key.nparser.KeyAst$File.getIncludes(KeyAst.java:76)
	at de.uka.ilkd.key.proof.io.KeYFile.readIncludes(KeYFile.java:208)
	... 14 more
Could not find rule file rules/intRulesCheckedSemantics.key (file: /home/runner/work/key/key/key.core/../key.ui/examples/index/.././standard_key/strings/implicitBooleanStringConversion.key; caused by: de.uka.ilkd.key.proof.init.ProofInputException: Could not find rule file rules/intRulesCheckedSemantics.key)
	at de.uka.ilkd.key.control.AbstractUserInterfaceControl.load(AbstractUserInterfaceControl.java:221)
	at de.uka.ilkd.key.control.KeYEnvironment.load(KeYEnvironment.java:251)
	at de.uka.ilkd.key.control.KeYEnvironment.load(KeYEnvironment.java:224)
	at de.uka.ilkd.key.control.KeYEnvironment.load(KeYEnvironment.java:184)
	at de.uka.ilkd.key.control.KeYEnvironment.load(KeYEnvironment.java:261)
	at de.uka.ilkd.key.proof.runallproofs.proofcollection.TestFile.load(TestFile.java:270)
	at de.uka.ilkd.key.proof.runallproofs.proofcollection.TestFile.runKey(TestFile.java:160)
	at de.uka.ilkd.key.proof.runallproofs.proofcollection.ForkedTestFileRunner.main(ForkedTestFileRunner.java:171)
Caused by: de.uka.ilkd.key.proof.init.ProofInputException: Could not find rule file rules/intRulesCheckedSemantics.key
	at de.uka.ilkd.key.proof.io.KeYFile.readIncludes(KeYFile.java:210)
	at de.uka.ilkd.key.proof.init.ProblemInitializer.readIncludes(ProblemInitializer.java:177)
	at de.uka.ilkd.key.proof.init.ProblemInitializer.readEnvInput(ProblemInitializer.java:325)
	at de.uka.ilkd.key.proof.init.ProblemInitializer.prepare(ProblemInitializer.java:449)
	at de.uka.ilkd.key.proof.io.AbstractProblemLoader.createInitConfig(AbstractProblemLoader.java:518)
	at de.uka.ilkd.key.proof.io.AbstractProblemLoader.loadEnvironment(AbstractProblemLoader.java:288)
	at de.uka.ilkd.key.proof.io.AbstractProblemLoader.load(AbstractProblemLoader.java:252)
	at de.uka.ilkd.key.control.AbstractUserInterfaceControl.load(AbstractUserInterfaceControl.java:209)
	... 7 more
Caused by: java.lang.RuntimeException: Could not find rule file rules/intRulesCheckedSemantics.key
	at de.uka.ilkd.key.proof.io.RuleSourceFactory.fromBuiltInRule(RuleSourceFactory.java:32)
	at de.uka.ilkd.key.proof.io.RuleSourceFactory.fromDefaultLocation(RuleSourceFactory.java:21)
	at de.uka.ilkd.key.nparser.builder.IncludeFinder.addInclude(IncludeFinder.java:63)
	at de.uka.ilkd.key.nparser.builder.IncludeFinder.visitOne_include(IncludeFinder.java:43)
	at de.uka.ilkd.key.nparser.builder.IncludeFinder.visitOne_include(IncludeFinder.java:20)
	at de.uka.ilkd.key.nparser.KeYParser$One_includeContext.accept(KeYParser.java:878)
	at de.uka.ilkd.key.nparser.builder.AbstractBuilder.lambda$mapOf$0(AbstractBuilder.java:112)
	at java.base/java.util.stream.ReferencePipeline$3$1.accept(ReferencePipeline.java:195)
	at java.base/java.util.ArrayList$ArrayListSpliterator.forEachRemaining(ArrayList.java:1655)
	at java.base/java.util.stream.AbstractPipeline.copyInto(AbstractPipeline.java:484)
	at java.base/java.util.stream.AbstractPipeline.wrapAndCopyInto(AbstractPipeline.java:474)
	at java.base/java.util.stream.ReduceOps$ReduceOp.evaluateSequential(ReduceOps.java:913)
	at java.base/java.util.stream.AbstractPipeline.evaluate(AbstractPipeline.java:234)
	at java.base/java.util.stream.ReferencePipeline.collect(ReferencePipeline.java:578)
	at de.uka.ilkd.key.nparser.builder.AbstractBuilder.mapOf(AbstractBuilder.java:112)
	at de.uka.ilkd.key.nparser.builder.IncludeFinder.visitOne_include_statement(IncludeFinder.java:35)
	at de.uka.ilkd.key.nparser.builder.IncludeFinder.visitOne_include_statement(IncludeFinder.java:20)
	at de.uka.ilkd.key.nparser.KeYParser$One_include_statementContext.accept(KeYParser.java:802)
	at org.antlr.v4.runtime.tree.AbstractParseTreeVisitor.visitChildren(AbstractParseTreeVisitor.java:46)
	at de.uka.ilkd.key.nparser.KeYParserBaseVisitor.visitDecls(KeYParserBaseVisitor.java:30)
	at de.uka.ilkd.key.nparser.KeYParser$DeclsContext.accept(KeYParser.java:500)
	at org.antlr.v4.runtime.tree.AbstractParseTreeVisitor.visitChildren(AbstractParseTreeVisitor.java:46)
	at de.uka.ilkd.key.nparser.KeYParserBaseVisitor.visitFile(KeYParserBaseVisitor.java:23)
	at de.uka.ilkd.key.nparser.KeYParser$FileContext.accept(KeYParser.java:306)
	at de.uka.ilkd.key.nparser.KeyAst.accept(KeyAst.java:41)
	at de.uka.ilkd.key.nparser.KeyAst$File.getIncludes(KeyAst.java:76)
	at de.uka.ilkd.key.proof.io.KeYFile.readIncludes(KeYFile.java:208)
	... 14 more
Could not find rule file rules/intRulesCheckedSemantics.key (file: /home/runner/work/key/key/key.core/../key.ui/examples/index/.././standard_key/strings/implicitBooleanStringConversion2.key; caused by: de.uka.ilkd.key.proof.init.ProofInputException: Could not find rule file rules/intRulesCheckedSemantics.key)
	at de.uka.ilkd.key.control.AbstractUserInterfaceControl.load(AbstractUserInterfaceControl.java:221)
	at de.uka.ilkd.key.control.KeYEnvironment.load(KeYEnvironment.java:251)
	at de.uka.ilkd.key.control.KeYEnvironment.load(KeYEnvironment.java:224)
	at de.uka.ilkd.key.control.KeYEnvironment.load(KeYEnvironment.java:184)
	at de.uka.ilkd.key.control.KeYEnvironment.load(KeYEnvironment.java:261)
	at de.uka.ilkd.key.proof.runallproofs.proofcollection.TestFile.load(TestFile.java:270)
	at de.uka.ilkd.key.proof.runallproofs.proofcollection.TestFile.runKey(TestFile.java:160)
	at de.uka.ilkd.key.proof.runallproofs.proofcollection.ForkedTestFileRunner.main(ForkedTestFileRunner.java:171)
Caused by: de.uka.ilkd.key.proof.init.ProofInputException: Could not find rule file rules/intRulesCheckedSemantics.key
	at de.uka.ilkd.key.proof.io.KeYFile.readIncludes(KeYFile.java:210)
	at de.uka.ilkd.key.proof.init.ProblemInitializer.readIncludes(ProblemInitializer.java:177)
	at de.uka.ilkd.key.proof.init.ProblemInitializer.readEnvInput(ProblemInitializer.java:325)
	at de.uka.ilkd.key.proof.init.ProblemInitializer.prepare(ProblemInitializer.java:449)
	at de.uka.ilkd.key.proof.io.AbstractProblemLoader.createInitConfig(AbstractProblemLoader.java:518)
	at de.uka.ilkd.key.proof.io.AbstractProblemLoader.loadEnvironment(AbstractProblemLoader.java:288)
	at de.uka.ilkd.key.proof.io.AbstractProblemLoader.load(AbstractProblemLoader.java:252)
	at de.uka.ilkd.key.control.AbstractUserInterfaceControl.load(AbstractUserInterfaceControl.java:209)
	... 7 more
Caused by: java.lang.RuntimeException: Could not find rule file rules/intRulesCheckedSemantics.key
	at de.uka.ilkd.key.proof.io.RuleSourceFactory.fromBuiltInRule(RuleSourceFactory.java:32)
	at de.uka.ilkd.key.proof.io.RuleSourceFactory.fromDefaultLocation(RuleSourceFactory.java:21)
	at de.uka.ilkd.key.nparser.builder.IncludeFinder.addInclude(IncludeFinder.java:63)
	at de.uka.ilkd.key.nparser.builder.IncludeFinder.visitOne_include(IncludeFinder.java:43)
	at de.uka.ilkd.key.nparser.builder.IncludeFinder.visitOne_include(IncludeFinder.java:20)
	at de.uka.ilkd.key.nparser.KeYParser$One_includeContext.accept(KeYParser.java:878)
	at de.uka.ilkd.key.nparser.builder.AbstractBuilder.lambda$mapOf$0(AbstractBuilder.java:112)
	at java.base/java.util.stream.ReferencePipeline$3$1.accept(ReferencePipeline.java:195)
	at java.base/java.util.ArrayList$ArrayListSpliterator.forEachRemaining(ArrayList.java:1655)
	at java.base/java.util.stream.AbstractPipeline.copyInto(AbstractPipeline.java:484)
	at java.base/java.util.stream.AbstractPipeline.wrapAndCopyInto(AbstractPipeline.java:474)
	at java.base/java.util.stream.ReduceOps$ReduceOp.evaluateSequential(ReduceOps.java:913)
	at java.base/java.util.stream.AbstractPipeline.evaluate(AbstractPipeline.java:234)
	at java.base/java.util.stream.ReferencePipeline.collect(ReferencePipeline.java:578)
	at de.uka.ilkd.key.nparser.builder.AbstractBuilder.mapOf(AbstractBuilder.java:112)
	at de.uka.ilkd.key.nparser.builder.IncludeFinder.visitOne_include_statement(IncludeFinder.java:35)
	at de.uka.ilkd.key.nparser.builder.IncludeFinder.visitOne_include_statement(IncludeFinder.java:20)
	at de.uka.ilkd.key.nparser.KeYParser$One_include_statementContext.accept(KeYParser.java:802)
	at org.antlr.v4.runtime.tree.AbstractParseTreeVisitor.visitChildren(AbstractParseTreeVisitor.java:46)
	at de.uka.ilkd.key.nparser.KeYParserBaseVisitor.visitDecls(KeYParserBaseVisitor.java:30)
	at de.uka.ilkd.key.nparser.KeYParser$DeclsContext.accept(KeYParser.java:500)
	at org.antlr.v4.runtime.tree.AbstractParseTreeVisitor.visitChildren(AbstractParseTreeVisitor.java:46)
	at de.uka.ilkd.key.nparser.KeYParserBaseVisitor.visitFile(KeYParserBaseVisitor.java:23)
	at de.uka.ilkd.key.nparser.KeYParser$FileContext.accept(KeYParser.java:306)
	at de.uka.ilkd.key.nparser.KeyAst.accept(KeyAst.java:41)
	at de.uka.ilkd.key.nparser.KeyAst$File.getIncludes(KeyAst.java:76)
	at de.uka.ilkd.key.proof.io.KeYFile.readIncludes(KeYFile.java:208)
	... 14 more
Could not find rule file rules/intRulesCheckedSemantics.key (file: /home/runner/work/key/key/key.core/../key.ui/examples/index/.././standard_key/strings/implicitIntStringConversion.key; caused by: de.uka.ilkd.key.proof.init.ProofInputException: Could not find rule file rules/intRulesCheckedSemantics.key)
	at de.uka.ilkd.key.control.AbstractUserInterfaceControl.load(AbstractUserInterfaceControl.java:221)
	at de.uka.ilkd.key.control.KeYEnvironment.load(KeYEnvironment.java:251)
	at de.uka.ilkd.key.control.KeYEnvironment.load(KeYEnvironment.java:224)
	at de.uka.ilkd.key.control.KeYEnvironment.load(KeYEnvironment.java:184)
	at de.uka.ilkd.key.control.KeYEnvironment.load(KeYEnvironment.java:261)
	at de.uka.ilkd.key.proof.runallproofs.proofcollection.TestFile.load(TestFile.java:270)
	at de.uka.ilkd.key.proof.runallproofs.proofcollection.TestFile.runKey(TestFile.java:160)
	at de.uka.ilkd.key.proof.runallproofs.proofcollection.ForkedTestFileRunner.main(ForkedTestFileRunner.java:171)
Caused by: de.uka.ilkd.key.proof.init.ProofInputException: Could not find rule file rules/intRulesCheckedSemantics.key
	at de.uka.ilkd.key.proof.io.KeYFile.readIncludes(KeYFile.java:210)
	at de.uka.ilkd.key.proof.init.ProblemInitializer.readIncludes(ProblemInitializer.java:177)
	at de.uka.ilkd.key.proof.init.ProblemInitializer.readEnvInput(ProblemInitializer.java:325)
	at de.uka.ilkd.key.proof.init.ProblemInitializer.prepare(ProblemInitializer.java:449)
	at de.uka.ilkd.key.proof.io.AbstractProblemLoader.createInitConfig(AbstractProblemLoader.java:518)
	at de.uka.ilkd.key.proof.io.AbstractProblemLoader.loadEnvironment(AbstractProblemLoader.java:288)
	at de.uka.ilkd.key.proof.io.AbstractProblemLoader.load(AbstractProblemLoader.java:252)
	at de.uka.ilkd.key.control.AbstractUserInterfaceControl.load(AbstractUserInterfaceControl.java:209)
	... 7 more
Caused by: java.lang.RuntimeException: Could not find rule file rules/intRulesCheckedSemantics.key
	at de.uka.ilkd.key.proof.io.RuleSourceFactory.fromBuiltInRule(RuleSourceFactory.java:32)
	at de.uka.ilkd.key.proof.io.RuleSourceFactory.fromDefaultLocation(RuleSourceFactory.java:21)
	at de.uka.ilkd.key.nparser.builder.IncludeFinder.addInclude(IncludeFinder.java:63)
	at de.uka.ilkd.key.nparser.builder.IncludeFinder.visitOne_include(IncludeFinder.java:43)
	at de.uka.ilkd.key.nparser.builder.IncludeFinder.visitOne_include(IncludeFinder.java:20)
	at de.uka.ilkd.key.nparser.KeYParser$One_includeContext.accept(KeYParser.java:878)
	at de.uka.ilkd.key.nparser.builder.AbstractBuilder.lambda$mapOf$0(AbstractBuilder.java:112)
	at java.base/java.util.stream.ReferencePipeline$3$1.accept(ReferencePipeline.java:195)
	at java.base/java.util.ArrayList$ArrayListSpliterator.forEachRemaining(ArrayList.java:1655)
	at java.base/java.util.stream.AbstractPipeline.copyInto(AbstractPipeline.java:484)
	at java.base/java.util.stream.AbstractPipeline.wrapAndCopyInto(AbstractPipeline.java:474)
	at java.base/java.util.stream.ReduceOps$ReduceOp.evaluateSequential(ReduceOps.java:913)
	at java.base/java.util.stream.AbstractPipeline.evaluate(AbstractPipeline.java:234)
	at java.base/java.util.stream.ReferencePipeline.collect(ReferencePipeline.java:578)
	at de.uka.ilkd.key.nparser.builder.AbstractBuilder.mapOf(AbstractBuilder.java:112)
	at de.uka.ilkd.key.nparser.builder.IncludeFinder.visitOne_include_statement(IncludeFinder.java:35)
	at de.uka.ilkd.key.nparser.builder.IncludeFinder.visitOne_include_statement(IncludeFinder.java:20)
	at de.uka.ilkd.key.nparser.KeYParser$One_include_statementContext.accept(KeYParser.java:802)
	at org.antlr.v4.runtime.tree.AbstractParseTreeVisitor.visitChildren(AbstractParseTreeVisitor.java:46)
	at de.uka.ilkd.key.nparser.KeYParserBaseVisitor.visitDecls(KeYParserBaseVisitor.java:30)
	at de.uka.ilkd.key.nparser.KeYParser$DeclsContext.accept(KeYParser.java:500)
	at org.antlr.v4.runtime.tree.AbstractParseTreeVisitor.visitChildren(AbstractParseTreeVisitor.java:46)
	at de.uka.ilkd.key.nparser.KeYParserBaseVisitor.visitFile(KeYParserBaseVisitor.java:23)
	at de.uka.ilkd.key.nparser.KeYParser$FileContext.accept(KeYParser.java:306)
	at de.uka.ilkd.key.nparser.KeyAst.accept(KeyAst.java:41)
	at de.uka.ilkd.key.nparser.KeyAst$File.getIncludes(KeyAst.java:76)
	at de.uka.ilkd.key.proof.io.KeYFile.readIncludes(KeYFile.java:208)
	... 14 more
Could not find rule file rules/intRulesCheckedSemantics.key (file: /home/runner/work/key/key/key.core/../key.ui/examples/index/.././standard_key/strings/implicitNullStringConversion.key; caused by: de.uka.ilkd.key.proof.init.ProofInputException: Could not find rule file rules/intRulesCheckedSemantics.key)
	at de.uka.ilkd.key.control.AbstractUserInterfaceControl.load(AbstractUserInterfaceControl.java:221)
	at de.uka.ilkd.key.control.KeYEnvironment.load(KeYEnvironment.java:251)
	at de.uka.ilkd.key.control.KeYEnvironment.load(KeYEnvironment.java:224)
	at de.uka.ilkd.key.control.KeYEnvironment.load(KeYEnvironment.java:184)
	at de.uka.ilkd.key.control.KeYEnvironment.load(KeYEnvironment.java:261)
	at de.uka.ilkd.key.proof.runallproofs.proofcollection.TestFile.load(TestFile.java:270)
	at de.uka.ilkd.key.proof.runallproofs.proofcollection.TestFile.runKey(TestFile.java:160)
	at de.uka.ilkd.key.proof.runallproofs.proofcollection.ForkedTestFileRunner.main(ForkedTestFileRunner.java:171)
Caused by: de.uka.ilkd.key.proof.init.ProofInputException: Could not find rule file rules/intRulesCheckedSemantics.key
	at de.uka.ilkd.key.proof.io.KeYFile.readIncludes(KeYFile.java:210)
	at de.uka.ilkd.key.proof.init.ProblemInitializer.readIncludes(ProblemInitializer.java:177)
	at de.uka.ilkd.key.proof.init.ProblemInitializer.readEnvInput(ProblemInitializer.java:325)
	at de.uka.ilkd.key.proof.init.ProblemInitializer.prepare(ProblemInitializer.java:449)
	at de.uka.ilkd.key.proof.io.AbstractProblemLoader.createInitConfig(AbstractProblemLoader.java:518)
	at de.uka.ilkd.key.proof.io.AbstractProblemLoader.loadEnvironment(AbstractProblemLoader.java:288)
	at de.uka.ilkd.key.proof.io.AbstractProblemLoader.load(AbstractProblemLoader.java:252)
	at de.uka.ilkd.key.control.AbstractUserInterfaceControl.load(AbstractUserInterfaceControl.java:209)
	... 7 more
Caused by: java.lang.RuntimeException: Could not find rule file rules/intRulesCheckedSemantics.key
	at de.uka.ilkd.key.proof.io.RuleSourceFactory.fromBuiltInRule(RuleSourceFactory.java:32)
	at de.uka.ilkd.key.proof.io.RuleSourceFactory.fromDefaultLocation(RuleSourceFactory.java:21)
	at de.uka.ilkd.key.nparser.builder.IncludeFinder.addInclude(IncludeFinder.java:63)
	at de.uka.ilkd.key.nparser.builder.IncludeFinder.visitOne_include(IncludeFinder.java:43)
	at de.uka.ilkd.key.nparser.builder.IncludeFinder.visitOne_include(IncludeFinder.java:20)
	at de.uka.ilkd.key.nparser.KeYParser$One_includeContext.accept(KeYParser.java:878)
	at de.uka.ilkd.key.nparser.builder.AbstractBuilder.lambda$mapOf$0(AbstractBuilder.java:112)
	at java.base/java.util.stream.ReferencePipeline$3$1.accept(ReferencePipeline.java:195)
	at java.base/java.util.ArrayList$ArrayListSpliterator.forEachRemaining(ArrayList.java:1655)
	at java.base/java.util.stream.AbstractPipeline.copyInto(AbstractPipeline.java:484)
	at java.base/java.util.stream.AbstractPipeline.wrapAndCopyInto(AbstractPipeline.java:474)
	at java.base/java.util.stream.ReduceOps$ReduceOp.evaluateSequential(ReduceOps.java:913)
	at java.base/java.util.stream.AbstractPipeline.evaluate(AbstractPipeline.java:234)
	at java.base/java.util.stream.ReferencePipeline.collect(ReferencePipeline.java:578)
	at de.uka.ilkd.key.nparser.builder.AbstractBuilder.mapOf(AbstractBuilder.java:112)
	at de.uka.ilkd.key.nparser.builder.IncludeFinder.visitOne_include_statement(IncludeFinder.java:35)
	at de.uka.ilkd.key.nparser.builder.IncludeFinder.visitOne_include_statement(IncludeFinder.java:20)
	at de.uka.ilkd.key.nparser.KeYParser$One_include_statementContext.accept(KeYParser.java:802)
	at org.antlr.v4.runtime.tree.AbstractParseTreeVisitor.visitChildren(AbstractParseTreeVisitor.java:46)
	at de.uka.ilkd.key.nparser.KeYParserBaseVisitor.visitDecls(KeYParserBaseVisitor.java:30)
	at de.uka.ilkd.key.nparser.KeYParser$DeclsContext.accept(KeYParser.java:500)
	at org.antlr.v4.runtime.tree.AbstractParseTreeVisitor.visitChildren(AbstractParseTreeVisitor.java:46)
	at de.uka.ilkd.key.nparser.KeYParserBaseVisitor.visitFile(KeYParserBaseVisitor.java:23)
	at de.uka.ilkd.key.nparser.KeYParser$FileContext.accept(KeYParser.java:306)
	at de.uka.ilkd.key.nparser.KeyAst.accept(KeyAst.java:41)
	at de.uka.ilkd.key.nparser.KeyAst$File.getIncludes(KeyAst.java:76)
	at de.uka.ilkd.key.proof.io.KeYFile.readIncludes(KeYFile.java:208)
	... 14 more
Could not find rule file rules/intRulesCheckedSemantics.key (file: /home/runner/work/key/key/key.core/../key.ui/examples/index/.././standard_key/strings/implicitNullStringConversion2.key; caused by: de.uka.ilkd.key.proof.init.ProofInputException: Could not find rule file rules/intRulesCheckedSemantics.key)
	at de.uka.ilkd.key.control.AbstractUserInterfaceControl.load(AbstractUserInterfaceControl.java:221)
	at de.uka.ilkd.key.control.KeYEnvironment.load(KeYEnvironment.java:251)
	at de.uka.ilkd.key.control.KeYEnvironment.load(KeYEnvironment.java:224)
	at de.uka.ilkd.key.control.KeYEnvironment.load(KeYEnvironment.java:184)
	at de.uka.ilkd.key.control.KeYEnvironment.load(KeYEnvironment.java:261)
	at de.uka.ilkd.key.proof.runallproofs.proofcollection.TestFile.load(TestFile.java:270)
	at de.uka.ilkd.key.proof.runallproofs.proofcollection.TestFile.runKey(TestFile.java:160)
	at de.uka.ilkd.key.proof.runallproofs.proofcollection.ForkedTestFileRunner.main(ForkedTestFileRunner.java:171)
Caused by: de.uka.ilkd.key.proof.init.ProofInputException: Could not find rule file rules/intRulesCheckedSemantics.key
	at de.uka.ilkd.key.proof.io.KeYFile.readIncludes(KeYFile.java:210)
	at de.uka.ilkd.key.proof.init.ProblemInitializer.readIncludes(ProblemInitializer.java:177)
	at de.uka.ilkd.key.proof.init.ProblemInitializer.readEnvInput(ProblemInitializer.java:325)
	at de.uka.ilkd.key.proof.init.ProblemInitializer.prepare(ProblemInitializer.java:449)
	at de.uka.ilkd.key.proof.io.AbstractProblemLoader.createInitConfig(AbstractProblemLoader.java:518)
	at de.uka.ilkd.key.proof.io.AbstractProblemLoader.loadEnvironment(AbstractProblemLoader.java:288)
	at de.uka.ilkd.key.proof.io.AbstractProblemLoader.load(AbstractProblemLoader.java:252)
	at de.uka.ilkd.key.control.AbstractUserInterfaceControl.load(AbstractUserInterfaceControl.java:209)
	... 7 more
Caused by: java.lang.RuntimeException: Could not find rule file rules/intRulesCheckedSemantics.key
	at de.uka.ilkd.key.proof.io.RuleSourceFactory.fromBuiltInRule(RuleSourceFactory.java:32)
	at de.uka.ilkd.key.proof.io.RuleSourceFactory.fromDefaultLocation(RuleSourceFactory.java:21)
	at de.uka.ilkd.key.nparser.builder.IncludeFinder.addInclude(IncludeFinder.java:63)
	at de.uka.ilkd.key.nparser.builder.IncludeFinder.visitOne_include(IncludeFinder.java:43)
	at de.uka.ilkd.key.nparser.builder.IncludeFinder.visitOne_include(IncludeFinder.java:20)
	at de.uka.ilkd.key.nparser.KeYParser$One_includeContext.accept(KeYParser.java:878)
	at de.uka.ilkd.key.nparser.builder.AbstractBuilder.lambda$mapOf$0(AbstractBuilder.java:112)
	at java.base/java.util.stream.ReferencePipeline$3$1.accept(ReferencePipeline.java:195)
	at java.base/java.util.ArrayList$ArrayListSpliterator.forEachRemaining(ArrayList.java:1655)
	at java.base/java.util.stream.AbstractPipeline.copyInto(AbstractPipeline.java:484)
	at java.base/java.util.stream.AbstractPipeline.wrapAndCopyInto(AbstractPipeline.java:474)
	at java.base/java.util.stream.ReduceOps$ReduceOp.evaluateSequential(ReduceOps.java:913)
	at java.base/java.util.stream.AbstractPipeline.evaluate(AbstractPipeline.java:234)
	at java.base/java.util.stream.ReferencePipeline.collect(ReferencePipeline.java:578)
	at de.uka.ilkd.key.nparser.builder.AbstractBuilder.mapOf(AbstractBuilder.java:112)
	at de.uka.ilkd.key.nparser.builder.IncludeFinder.visitOne_include_statement(IncludeFinder.java:35)
	at de.uka.ilkd.key.nparser.builder.IncludeFinder.visitOne_include_statement(IncludeFinder.java:20)
	at de.uka.ilkd.key.nparser.KeYParser$One_include_statementContext.accept(KeYParser.java:802)
	at org.antlr.v4.runtime.tree.AbstractParseTreeVisitor.visitChildren(AbstractParseTreeVisitor.java:46)
	at de.uka.ilkd.key.nparser.KeYParserBaseVisitor.visitDecls(KeYParserBaseVisitor.java:30)
	at de.uka.ilkd.key.nparser.KeYParser$DeclsContext.accept(KeYParser.java:500)
	at org.antlr.v4.runtime.tree.AbstractParseTreeVisitor.visitChildren(AbstractParseTreeVisitor.java:46)
	at de.uka.ilkd.key.nparser.KeYParserBaseVisitor.visitFile(KeYParserBaseVisitor.java:23)
	at de.uka.ilkd.key.nparser.KeYParser$FileContext.accept(KeYParser.java:306)
	at de.uka.ilkd.key.nparser.KeyAst.accept(KeyAst.java:41)
	at de.uka.ilkd.key.nparser.KeyAst$File.getIncludes(KeyAst.java:76)
	at de.uka.ilkd.key.proof.io.KeYFile.readIncludes(KeYFile.java:208)
	... 14 more
Could not find rule file rules/intRulesCheckedSemantics.key (file: /home/runner/work/key/key/key.core/../key.ui/examples/index/.././standard_key/strings/implicitObjectStringConversion.key; caused by: de.uka.ilkd.key.proof.init.ProofInputException: Could not find rule file rules/intRulesCheckedSemantics.key)
	at de.uka.ilkd.key.control.AbstractUserInterfaceControl.load(AbstractUserInterfaceControl.java:221)
	at de.uka.ilkd.key.control.KeYEnvironment.load(KeYEnvironment.java:251)
	at de.uka.ilkd.key.control.KeYEnvironment.load(KeYEnvironment.java:224)
	at de.uka.ilkd.key.control.KeYEnvironment.load(KeYEnvironment.java:184)
	at de.uka.ilkd.key.control.KeYEnvironment.load(KeYEnvironment.java:261)
	at de.uka.ilkd.key.proof.runallproofs.proofcollection.TestFile.load(TestFile.java:270)
	at de.uka.ilkd.key.proof.runallproofs.proofcollection.TestFile.runKey(TestFile.java:160)
	at de.uka.ilkd.key.proof.runallproofs.proofcollection.ForkedTestFileRunner.main(ForkedTestFileRunner.java:171)
Caused by: de.uka.ilkd.key.proof.init.ProofInputException: Could not find rule file rules/intRulesCheckedSemantics.key
	at de.uka.ilkd.key.proof.io.KeYFile.readIncludes(KeYFile.java:210)
	at de.uka.ilkd.key.proof.init.ProblemInitializer.readIncludes(ProblemInitializer.java:177)
	at de.uka.ilkd.key.proof.init.ProblemInitializer.readEnvInput(ProblemInitializer.java:325)
	at de.uka.ilkd.key.proof.init.ProblemInitializer.prepare(ProblemInitializer.java:449)
	at de.uka.ilkd.key.proof.io.AbstractProblemLoader.createInitConfig(AbstractProblemLoader.java:518)
	at de.uka.ilkd.key.proof.io.AbstractProblemLoader.loadEnvironment(AbstractProblemLoader.java:288)
	at de.uka.ilkd.key.proof.io.AbstractProblemLoader.load(AbstractProblemLoader.java:252)
	at de.uka.ilkd.key.control.AbstractUserInterfaceControl.load(AbstractUserInterfaceControl.java:209)
	... 7 more
Caused by: java.lang.RuntimeException: Could not find rule file rules/intRulesCheckedSemantics.key
	at de.uka.ilkd.key.proof.io.RuleSourceFactory.fromBuiltInRule(RuleSourceFactory.java:32)
	at de.uka.ilkd.key.proof.io.RuleSourceFactory.fromDefaultLocation(RuleSourceFactory.java:21)
	at de.uka.ilkd.key.nparser.builder.IncludeFinder.addInclude(IncludeFinder.java:63)
	at de.uka.ilkd.key.nparser.builder.IncludeFinder.visitOne_include(IncludeFinder.java:43)
	at de.uka.ilkd.key.nparser.builder.IncludeFinder.visitOne_include(IncludeFinder.java:20)
	at de.uka.ilkd.key.nparser.KeYParser$One_includeContext.accept(KeYParser.java:878)
	at de.uka.ilkd.key.nparser.builder.AbstractBuilder.lambda$mapOf$0(AbstractBuilder.java:112)
	at java.base/java.util.stream.ReferencePipeline$3$1.accept(ReferencePipeline.java:195)
	at java.base/java.util.ArrayList$ArrayListSpliterator.forEachRemaining(ArrayList.java:1655)
	at java.base/java.util.stream.AbstractPipeline.copyInto(AbstractPipeline.java:484)
	at java.base/java.util.stream.AbstractPipeline.wrapAndCopyInto(AbstractPipeline.java:474)
	at java.base/java.util.stream.ReduceOps$ReduceOp.evaluateSequential(ReduceOps.java:913)
	at java.base/java.util.stream.AbstractPipeline.evaluate(AbstractPipeline.java:234)
	at java.base/java.util.stream.ReferencePipeline.collect(ReferencePipeline.java:578)
	at de.uka.ilkd.key.nparser.builder.AbstractBuilder.mapOf(AbstractBuilder.java:112)
	at de.uka.ilkd.key.nparser.builder.IncludeFinder.visitOne_include_statement(IncludeFinder.java:35)
	at de.uka.ilkd.key.nparser.builder.IncludeFinder.visitOne_include_statement(IncludeFinder.java:20)
	at de.uka.ilkd.key.nparser.KeYParser$One_include_statementContext.accept(KeYParser.java:802)
	at org.antlr.v4.runtime.tree.AbstractParseTreeVisitor.visitChildren(AbstractParseTreeVisitor.java:46)
	at de.uka.ilkd.key.nparser.KeYParserBaseVisitor.visitDecls(KeYParserBaseVisitor.java:30)
	at de.uka.ilkd.key.nparser.KeYParser$DeclsContext.accept(KeYParser.java:500)
	at org.antlr.v4.runtime.tree.AbstractParseTreeVisitor.visitChildren(AbstractParseTreeVisitor.java:46)
	at de.uka.ilkd.key.nparser.KeYParserBaseVisitor.visitFile(KeYParserBaseVisitor.java:23)
	at de.uka.ilkd.key.nparser.KeYParser$FileContext.accept(KeYParser.java:306)
	at de.uka.ilkd.key.nparser.KeyAst.accept(KeyAst.java:41)
	at de.uka.ilkd.key.nparser.KeyAst$File.getIncludes(KeyAst.java:76)
	at de.uka.ilkd.key.proof.io.KeYFile.readIncludes(KeYFile.java:208)
	... 14 more
Could not find rule file rules/intRulesCheckedSemantics.key (file: /home/runner/work/key/key/key.core/../key.ui/examples/index/.././standard_key/strings/literalEquality.key; caused by: de.uka.ilkd.key.proof.init.ProofInputException: Could not find rule file rules/intRulesCheckedSemantics.key)
	at de.uka.ilkd.key.control.AbstractUserInterfaceControl.load(AbstractUserInterfaceControl.java:221)
	at de.uka.ilkd.key.control.KeYEnvironment.load(KeYEnvironment.java:251)
	at de.uka.ilkd.key.control.KeYEnvironment.load(KeYEnvironment.java:224)
	at de.uka.ilkd.key.control.KeYEnvironment.load(KeYEnvironment.java:184)
	at de.uka.ilkd.key.control.KeYEnvironment.load(KeYEnvironment.java:261)
	at de.uka.ilkd.key.proof.runallproofs.proofcollection.TestFile.load(TestFile.java:270)
	at de.uka.ilkd.key.proof.runallproofs.proofcollection.TestFile.runKey(TestFile.java:160)
	at de.uka.ilkd.key.proof.runallproofs.proofcollection.ForkedTestFileRunner.main(ForkedTestFileRunner.java:171)
Caused by: de.uka.ilkd.key.proof.init.ProofInputException: Could not find rule file rules/intRulesCheckedSemantics.key
	at de.uka.ilkd.key.proof.io.KeYFile.readIncludes(KeYFile.java:210)
	at de.uka.ilkd.key.proof.init.ProblemInitializer.readIncludes(ProblemInitializer.java:177)
	at de.uka.ilkd.key.proof.init.ProblemInitializer.readEnvInput(ProblemInitializer.java:325)
	at de.uka.ilkd.key.proof.init.ProblemInitializer.prepare(ProblemInitializer.java:449)
	at de.uka.ilkd.key.proof.io.AbstractProblemLoader.createInitConfig(AbstractProblemLoader.java:518)
	at de.uka.ilkd.key.proof.io.AbstractProblemLoader.loadEnvironment(AbstractProblemLoader.java:288)
	at de.uka.ilkd.key.proof.io.AbstractProblemLoader.load(AbstractProblemLoader.java:252)
	at de.uka.ilkd.key.control.AbstractUserInterfaceControl.load(AbstractUserInterfaceControl.java:209)
	... 7 more
Caused by: java.lang.RuntimeException: Could not find rule file rules/intRulesCheckedSemantics.key
	at de.uka.ilkd.key.proof.io.RuleSourceFactory.fromBuiltInRule(RuleSourceFactory.java:32)
	at de.uka.ilkd.key.proof.io.RuleSourceFactory.fromDefaultLocation(RuleSourceFactory.java:21)
	at de.uka.ilkd.key.nparser.builder.IncludeFinder.addInclude(IncludeFinder.java:63)
	at de.uka.ilkd.key.nparser.builder.IncludeFinder.visitOne_include(IncludeFinder.java:43)
	at de.uka.ilkd.key.nparser.builder.IncludeFinder.visitOne_include(IncludeFinder.java:20)
	at de.uka.ilkd.key.nparser.KeYParser$One_includeContext.accept(KeYParser.java:878)
	at de.uka.ilkd.key.nparser.builder.AbstractBuilder.lambda$mapOf$0(AbstractBuilder.java:112)
	at java.base/java.util.stream.ReferencePipeline$3$1.accept(ReferencePipeline.java:195)
	at java.base/java.util.ArrayList$ArrayListSpliterator.forEachRemaining(ArrayList.java:1655)
	at java.base/java.util.stream.AbstractPipeline.copyInto(AbstractPipeline.java:484)
	at java.base/java.util.stream.AbstractPipeline.wrapAndCopyInto(AbstractPipeline.java:474)
	at java.base/java.util.stream.ReduceOps$ReduceOp.evaluateSequential(ReduceOps.java:913)
	at java.base/java.util.stream.AbstractPipeline.evaluate(AbstractPipeline.java:234)
	at java.base/java.util.stream.ReferencePipeline.collect(ReferencePipeline.java:578)
	at de.uka.ilkd.key.nparser.builder.AbstractBuilder.mapOf(AbstractBuilder.java:112)
	at de.uka.ilkd.key.nparser.builder.IncludeFinder.visitOne_include_statement(IncludeFinder.java:35)
	at de.uka.ilkd.key.nparser.builder.IncludeFinder.visitOne_include_statement(IncludeFinder.java:20)
	at de.uka.ilkd.key.nparser.KeYParser$One_include_statementContext.accept(KeYParser.java:802)
	at org.antlr.v4.runtime.tree.AbstractParseTreeVisitor.visitChildren(AbstractParseTreeVisitor.java:46)
	at de.uka.ilkd.key.nparser.KeYParserBaseVisitor.visitDecls(KeYParserBaseVisitor.java:30)
	at de.uka.ilkd.key.nparser.KeYParser$DeclsContext.accept(KeYParser.java:500)
	at org.antlr.v4.runtime.tree.AbstractParseTreeVisitor.visitChildren(AbstractParseTreeVisitor.java:46)
	at de.uka.ilkd.key.nparser.KeYParserBaseVisitor.visitFile(KeYParserBaseVisitor.java:23)
	at de.uka.ilkd.key.nparser.KeYParser$FileContext.accept(KeYParser.java:306)
	at de.uka.ilkd.key.nparser.KeyAst.accept(KeyAst.java:41)
	at de.uka.ilkd.key.nparser.KeyAst$File.getIncludes(KeyAst.java:76)
	at de.uka.ilkd.key.proof.io.KeYFile.readIncludes(KeYFile.java:208)
	... 14 more
Could not find rule file rules/intRulesCheckedSemantics.key (file: /home/runner/work/key/key/key.core/../key.ui/examples/index/.././standard_key/strings/replace0.key; caused by: de.uka.ilkd.key.proof.init.ProofInputException: Could not find rule file rules/intRulesCheckedSemantics.key)
	at de.uka.ilkd.key.control.AbstractUserInterfaceControl.load(AbstractUserInterfaceControl.java:221)
	at de.uka.ilkd.key.control.KeYEnvironment.load(KeYEnvironment.java:251)
	at de.uka.ilkd.key.control.KeYEnvironment.load(KeYEnvironment.java:224)
	at de.uka.ilkd.key.control.KeYEnvironment.load(KeYEnvironment.java:184)
	at de.uka.ilkd.key.control.KeYEnvironment.load(KeYEnvironment.java:261)
	at de.uka.ilkd.key.proof.runallproofs.proofcollection.TestFile.load(TestFile.java:270)
	at de.uka.ilkd.key.proof.runallproofs.proofcollection.TestFile.runKey(TestFile.java:160)
	at de.uka.ilkd.key.proof.runallproofs.proofcollection.ForkedTestFileRunner.main(ForkedTestFileRunner.java:171)
Caused by: de.uka.ilkd.key.proof.init.ProofInputException: Could not find rule file rules/intRulesCheckedSemantics.key
	at de.uka.ilkd.key.proof.io.KeYFile.readIncludes(KeYFile.java:210)
	at de.uka.ilkd.key.proof.init.ProblemInitializer.readIncludes(ProblemInitializer.java:177)
	at de.uka.ilkd.key.proof.init.ProblemInitializer.readEnvInput(ProblemInitializer.java:325)
	at de.uka.ilkd.key.proof.init.ProblemInitializer.prepare(ProblemInitializer.java:449)
	at de.uka.ilkd.key.proof.io.AbstractProblemLoader.createInitConfig(AbstractProblemLoader.java:518)
	at de.uka.ilkd.key.proof.io.AbstractProblemLoader.loadEnvironment(AbstractProblemLoader.java:288)
	at de.uka.ilkd.key.proof.io.AbstractProblemLoader.load(AbstractProblemLoader.java:252)
	at de.uka.ilkd.key.control.AbstractUserInterfaceControl.load(AbstractUserInterfaceControl.java:209)
	... 7 more
Caused by: java.lang.RuntimeException: Could not find rule file rules/intRulesCheckedSemantics.key
	at de.uka.ilkd.key.proof.io.RuleSourceFactory.fromBuiltInRule(RuleSourceFactory.java:32)
	at de.uka.ilkd.key.proof.io.RuleSourceFactory.fromDefaultLocation(RuleSourceFactory.java:21)
	at de.uka.ilkd.key.nparser.builder.IncludeFinder.addInclude(IncludeFinder.java:63)
	at de.uka.ilkd.key.nparser.builder.IncludeFinder.visitOne_include(IncludeFinder.java:43)
	at de.uka.ilkd.key.nparser.builder.IncludeFinder.visitOne_include(IncludeFinder.java:20)
	at de.uka.ilkd.key.nparser.KeYParser$One_includeContext.accept(KeYParser.java:878)
	at de.uka.ilkd.key.nparser.builder.AbstractBuilder.lambda$mapOf$0(AbstractBuilder.java:112)
	at java.base/java.util.stream.ReferencePipeline$3$1.accept(ReferencePipeline.java:195)
	at java.base/java.util.ArrayList$ArrayListSpliterator.forEachRemaining(ArrayList.java:1655)
	at java.base/java.util.stream.AbstractPipeline.copyInto(AbstractPipeline.java:484)
	at java.base/java.util.stream.AbstractPipeline.wrapAndCopyInto(AbstractPipeline.java:474)
	at java.base/java.util.stream.ReduceOps$ReduceOp.evaluateSequential(ReduceOps.java:913)
	at java.base/java.util.stream.AbstractPipeline.evaluate(AbstractPipeline.java:234)
	at java.base/java.util.stream.ReferencePipeline.collect(ReferencePipeline.java:578)
	at de.uka.ilkd.key.nparser.builder.AbstractBuilder.mapOf(AbstractBuilder.java:112)
	at de.uka.ilkd.key.nparser.builder.IncludeFinder.visitOne_include_statement(IncludeFinder.java:35)
	at de.uka.ilkd.key.nparser.builder.IncludeFinder.visitOne_include_statement(IncludeFinder.java:20)
	at de.uka.ilkd.key.nparser.KeYParser$One_include_statementContext.accept(KeYParser.java:802)
	at org.antlr.v4.runtime.tree.AbstractParseTreeVisitor.visitChildren(AbstractParseTreeVisitor.java:46)
	at de.uka.ilkd.key.nparser.KeYParserBaseVisitor.visitDecls(KeYParserBaseVisitor.java:30)
	at de.uka.ilkd.key.nparser.KeYParser$DeclsContext.accept(KeYParser.java:500)
	at org.antlr.v4.runtime.tree.AbstractParseTreeVisitor.visitChildren(AbstractParseTreeVisitor.java:46)
	at de.uka.ilkd.key.nparser.KeYParserBaseVisitor.visitFile(KeYParserBaseVisitor.java:23)
	at de.uka.ilkd.key.nparser.KeYParser$FileContext.accept(KeYParser.java:306)
	at de.uka.ilkd.key.nparser.KeyAst.accept(KeyAst.java:41)
	at de.uka.ilkd.key.nparser.KeyAst$File.getIncludes(KeyAst.java:76)
	at de.uka.ilkd.key.proof.io.KeYFile.readIncludes(KeYFile.java:208)
	... 14 more
Could not find rule file rules/intRulesCheckedSemantics.key (file: /home/runner/work/key/key/key.core/../key.ui/examples/index/.././standard_key/strings/replace1.key; caused by: de.uka.ilkd.key.proof.init.ProofInputException: Could not find rule file rules/intRulesCheckedSemantics.key)
	at de.uka.ilkd.key.control.AbstractUserInterfaceControl.load(AbstractUserInterfaceControl.java:221)
	at de.uka.ilkd.key.control.KeYEnvironment.load(KeYEnvironment.java:251)
	at de.uka.ilkd.key.control.KeYEnvironment.load(KeYEnvironment.java:224)
	at de.uka.ilkd.key.control.KeYEnvironment.load(KeYEnvironment.java:184)
	at de.uka.ilkd.key.control.KeYEnvironment.load(KeYEnvironment.java:261)
	at de.uka.ilkd.key.proof.runallproofs.proofcollection.TestFile.load(TestFile.java:270)
	at de.uka.ilkd.key.proof.runallproofs.proofcollection.TestFile.runKey(TestFile.java:160)
	at de.uka.ilkd.key.proof.runallproofs.proofcollection.ForkedTestFileRunner.main(ForkedTestFileRunner.java:171)
Caused by: de.uka.ilkd.key.proof.init.ProofInputException: Could not find rule file rules/intRulesCheckedSemantics.key
	at de.uka.ilkd.key.proof.io.KeYFile.readIncludes(KeYFile.java:210)
	at de.uka.ilkd.key.proof.init.ProblemInitializer.readIncludes(ProblemInitializer.java:177)
	at de.uka.ilkd.key.proof.init.ProblemInitializer.readEnvInput(ProblemInitializer.java:325)
	at de.uka.ilkd.key.proof.init.ProblemInitializer.prepare(ProblemInitializer.java:449)
	at de.uka.ilkd.key.proof.io.AbstractProblemLoader.createInitConfig(AbstractProblemLoader.java:518)
	at de.uka.ilkd.key.proof.io.AbstractProblemLoader.loadEnvironment(AbstractProblemLoader.java:288)
	at de.uka.ilkd.key.proof.io.AbstractProblemLoader.load(AbstractProblemLoader.java:252)
	at de.uka.ilkd.key.control.AbstractUserInterfaceControl.load(AbstractUserInterfaceControl.java:209)
	... 7 more
Caused by: java.lang.RuntimeException: Could not find rule file rules/intRulesCheckedSemantics.key
	at de.uka.ilkd.key.proof.io.RuleSourceFactory.fromBuiltInRule(RuleSourceFactory.java:32)
	at de.uka.ilkd.key.proof.io.RuleSourceFactory.fromDefaultLocation(RuleSourceFactory.java:21)
	at de.uka.ilkd.key.nparser.builder.IncludeFinder.addInclude(IncludeFinder.java:63)
	at de.uka.ilkd.key.nparser.builder.IncludeFinder.visitOne_include(IncludeFinder.java:43)
	at de.uka.ilkd.key.nparser.builder.IncludeFinder.visitOne_include(IncludeFinder.java:20)
	at de.uka.ilkd.key.nparser.KeYParser$One_includeContext.accept(KeYParser.java:878)
	at de.uka.ilkd.key.nparser.builder.AbstractBuilder.lambda$mapOf$0(AbstractBuilder.java:112)
	at java.base/java.util.stream.ReferencePipeline$3$1.accept(ReferencePipeline.java:195)
	at java.base/java.util.ArrayList$ArrayListSpliterator.forEachRemaining(ArrayList.java:1655)
	at java.base/java.util.stream.AbstractPipeline.copyInto(AbstractPipeline.java:484)
	at java.base/java.util.stream.AbstractPipeline.wrapAndCopyInto(AbstractPipeline.java:474)
	at java.base/java.util.stream.ReduceOps$ReduceOp.evaluateSequential(ReduceOps.java:913)
	at java.base/java.util.stream.AbstractPipeline.evaluate(AbstractPipeline.java:234)
	at java.base/java.util.stream.ReferencePipeline.collect(ReferencePipeline.java:578)
	at de.uka.ilkd.key.nparser.builder.AbstractBuilder.mapOf(AbstractBuilder.java:112)
	at de.uka.ilkd.key.nparser.builder.IncludeFinder.visitOne_include_statement(IncludeFinder.java:35)
	at de.uka.ilkd.key.nparser.builder.IncludeFinder.visitOne_include_statement(IncludeFinder.java:20)
	at de.uka.ilkd.key.nparser.KeYParser$One_include_statementContext.accept(KeYParser.java:802)
	at org.antlr.v4.runtime.tree.AbstractParseTreeVisitor.visitChildren(AbstractParseTreeVisitor.java:46)
	at de.uka.ilkd.key.nparser.KeYParserBaseVisitor.visitDecls(KeYParserBaseVisitor.java:30)
	at de.uka.ilkd.key.nparser.KeYParser$DeclsContext.accept(KeYParser.java:500)
	at org.antlr.v4.runtime.tree.AbstractParseTreeVisitor.visitChildren(AbstractParseTreeVisitor.java:46)
	at de.uka.ilkd.key.nparser.KeYParserBaseVisitor.visitFile(KeYParserBaseVisitor.java:23)
	at de.uka.ilkd.key.nparser.KeYParser$FileContext.accept(KeYParser.java:306)
	at de.uka.ilkd.key.nparser.KeyAst.accept(KeyAst.java:41)
	at de.uka.ilkd.key.nparser.KeyAst$File.getIncludes(KeyAst.java:76)
	at de.uka.ilkd.key.proof.io.KeYFile.readIncludes(KeYFile.java:208)
	... 14 more
Could not find rule file rules/intRulesCheckedSemantics.key (file: /home/runner/work/key/key/key.core/../key.ui/examples/index/.././standard_key/strings/simpleAssignment.key; caused by: de.uka.ilkd.key.proof.init.ProofInputException: Could not find rule file rules/intRulesCheckedSemantics.key)
	at de.uka.ilkd.key.control.AbstractUserInterfaceControl.load(AbstractUserInterfaceControl.java:221)
	at de.uka.ilkd.key.control.KeYEnvironment.load(KeYEnvironment.java:251)
	at de.uka.ilkd.key.control.KeYEnvironment.load(KeYEnvironment.java:224)
	at de.uka.ilkd.key.control.KeYEnvironment.load(KeYEnvironment.java:184)
	at de.uka.ilkd.key.control.KeYEnvironment.load(KeYEnvironment.java:261)
	at de.uka.ilkd.key.proof.runallproofs.proofcollection.TestFile.load(TestFile.java:270)
	at de.uka.ilkd.key.proof.runallproofs.proofcollection.TestFile.runKey(TestFile.java:160)
	at de.uka.ilkd.key.proof.runallproofs.proofcollection.ForkedTestFileRunner.main(ForkedTestFileRunner.java:171)
Caused by: de.uka.ilkd.key.proof.init.ProofInputException: Could not find rule file rules/intRulesCheckedSemantics.key
	at de.uka.ilkd.key.proof.io.KeYFile.readIncludes(KeYFile.java:210)
	at de.uka.ilkd.key.proof.init.ProblemInitializer.readIncludes(ProblemInitializer.java:177)
	at de.uka.ilkd.key.proof.init.ProblemInitializer.readEnvInput(ProblemInitializer.java:325)
	at de.uka.ilkd.key.proof.init.ProblemInitializer.prepare(ProblemInitializer.java:449)
	at de.uka.ilkd.key.proof.io.AbstractProblemLoader.createInitConfig(AbstractProblemLoader.java:518)
	at de.uka.ilkd.key.proof.io.AbstractProblemLoader.loadEnvironment(AbstractProblemLoader.java:288)
	at de.uka.ilkd.key.proof.io.AbstractProblemLoader.load(AbstractProblemLoader.java:252)
	at de.uka.ilkd.key.control.AbstractUserInterfaceControl.load(AbstractUserInterfaceControl.java:209)
	... 7 more
Caused by: java.lang.RuntimeException: Could not find rule file rules/intRulesCheckedSemantics.key
	at de.uka.ilkd.key.proof.io.RuleSourceFactory.fromBuiltInRule(RuleSourceFactory.java:32)
	at de.uka.ilkd.key.proof.io.RuleSourceFactory.fromDefaultLocation(RuleSourceFactory.java:21)
	at de.uka.ilkd.key.nparser.builder.IncludeFinder.addInclude(IncludeFinder.java:63)
	at de.uka.ilkd.key.nparser.builder.IncludeFinder.visitOne_include(IncludeFinder.java:43)
	at de.uka.ilkd.key.nparser.builder.IncludeFinder.visitOne_include(IncludeFinder.java:20)
	at de.uka.ilkd.key.nparser.KeYParser$One_includeContext.accept(KeYParser.java:878)
	at de.uka.ilkd.key.nparser.builder.AbstractBuilder.lambda$mapOf$0(AbstractBuilder.java:112)
	at java.base/java.util.stream.ReferencePipeline$3$1.accept(ReferencePipeline.java:195)
	at java.base/java.util.ArrayList$ArrayListSpliterator.forEachRemaining(ArrayList.java:1655)
	at java.base/java.util.stream.AbstractPipeline.copyInto(AbstractPipeline.java:484)
	at java.base/java.util.stream.AbstractPipeline.wrapAndCopyInto(AbstractPipeline.java:474)
	at java.base/java.util.stream.ReduceOps$ReduceOp.evaluateSequential(ReduceOps.java:913)
	at java.base/java.util.stream.AbstractPipeline.evaluate(AbstractPipeline.java:234)
	at java.base/java.util.stream.ReferencePipeline.collect(ReferencePipeline.java:578)
	at de.uka.ilkd.key.nparser.builder.AbstractBuilder.mapOf(AbstractBuilder.java:112)
	at de.uka.ilkd.key.nparser.builder.IncludeFinder.visitOne_include_statement(IncludeFinder.java:35)
	at de.uka.ilkd.key.nparser.builder.IncludeFinder.visitOne_include_statement(IncludeFinder.java:20)
	at de.uka.ilkd.key.nparser.KeYParser$One_include_statementContext.accept(KeYParser.java:802)
	at org.antlr.v4.runtime.tree.AbstractParseTreeVisitor.visitChildren(AbstractParseTreeVisitor.java:46)
	at de.uka.ilkd.key.nparser.KeYParserBaseVisitor.visitDecls(KeYParserBaseVisitor.java:30)
	at de.uka.ilkd.key.nparser.KeYParser$DeclsContext.accept(KeYParser.java:500)
	at org.antlr.v4.runtime.tree.AbstractParseTreeVisitor.visitChildren(AbstractParseTreeVisitor.java:46)
	at de.uka.ilkd.key.nparser.KeYParserBaseVisitor.visitFile(KeYParserBaseVisitor.java:23)
	at de.uka.ilkd.key.nparser.KeYParser$FileContext.accept(KeYParser.java:306)
	at de.uka.ilkd.key.nparser.KeyAst.accept(KeyAst.java:41)
	at de.uka.ilkd.key.nparser.KeyAst$File.getIncludes(KeyAst.java:76)
	at de.uka.ilkd.key.proof.io.KeYFile.readIncludes(KeYFile.java:208)
	... 14 more
Could not find rule file rules/intRulesCheckedSemantics.key (file: /home/runner/work/key/key/key.core/../key.ui/examples/index/.././standard_key/strings/simpleLengthComp.key; caused by: de.uka.ilkd.key.proof.init.ProofInputException: Could not find rule file rules/intRulesCheckedSemantics.key)
	at de.uka.ilkd.key.control.AbstractUserInterfaceControl.load(AbstractUserInterfaceControl.java:221)
	at de.uka.ilkd.key.control.KeYEnvironment.load(KeYEnvironment.java:251)
	at de.uka.ilkd.key.control.KeYEnvironment.load(KeYEnvironment.java:224)
	at de.uka.ilkd.key.control.KeYEnvironment.load(KeYEnvironment.java:184)
	at de.uka.ilkd.key.control.KeYEnvironment.load(KeYEnvironment.java:261)
	at de.uka.ilkd.key.proof.runallproofs.proofcollection.TestFile.load(TestFile.java:270)
	at de.uka.ilkd.key.proof.runallproofs.proofcollection.TestFile.runKey(TestFile.java:160)
	at de.uka.ilkd.key.proof.runallproofs.proofcollection.ForkedTestFileRunner.main(ForkedTestFileRunner.java:171)
Caused by: de.uka.ilkd.key.proof.init.ProofInputException: Could not find rule file rules/intRulesCheckedSemantics.key
	at de.uka.ilkd.key.proof.io.KeYFile.readIncludes(KeYFile.java:210)
	at de.uka.ilkd.key.proof.init.ProblemInitializer.readIncludes(ProblemInitializer.java:177)
	at de.uka.ilkd.key.proof.init.ProblemInitializer.readEnvInput(ProblemInitializer.java:325)
	at de.uka.ilkd.key.proof.init.ProblemInitializer.prepare(ProblemInitializer.java:449)
	at de.uka.ilkd.key.proof.io.AbstractProblemLoader.createInitConfig(AbstractProblemLoader.java:518)
	at de.uka.ilkd.key.proof.io.AbstractProblemLoader.loadEnvironment(AbstractProblemLoader.java:288)
	at de.uka.ilkd.key.proof.io.AbstractProblemLoader.load(AbstractProblemLoader.java:252)
	at de.uka.ilkd.key.control.AbstractUserInterfaceControl.load(AbstractUserInterfaceControl.java:209)
	... 7 more
Caused by: java.lang.RuntimeException: Could not find rule file rules/intRulesCheckedSemantics.key
	at de.uka.ilkd.key.proof.io.RuleSourceFactory.fromBuiltInRule(RuleSourceFactory.java:32)
	at de.uka.ilkd.key.proof.io.RuleSourceFactory.fromDefaultLocation(RuleSourceFactory.java:21)
	at de.uka.ilkd.key.nparser.builder.IncludeFinder.addInclude(IncludeFinder.java:63)
	at de.uka.ilkd.key.nparser.builder.IncludeFinder.visitOne_include(IncludeFinder.java:43)
	at de.uka.ilkd.key.nparser.builder.IncludeFinder.visitOne_include(IncludeFinder.java:20)
	at de.uka.ilkd.key.nparser.KeYParser$One_includeContext.accept(KeYParser.java:878)
	at de.uka.ilkd.key.nparser.builder.AbstractBuilder.lambda$mapOf$0(AbstractBuilder.java:112)
	at java.base/java.util.stream.ReferencePipeline$3$1.accept(ReferencePipeline.java:195)
	at java.base/java.util.ArrayList$ArrayListSpliterator.forEachRemaining(ArrayList.java:1655)
	at java.base/java.util.stream.AbstractPipeline.copyInto(AbstractPipeline.java:484)
	at java.base/java.util.stream.AbstractPipeline.wrapAndCopyInto(AbstractPipeline.java:474)
	at java.base/java.util.stream.ReduceOps$ReduceOp.evaluateSequential(ReduceOps.java:913)
	at java.base/java.util.stream.AbstractPipeline.evaluate(AbstractPipeline.java:234)
	at java.base/java.util.stream.ReferencePipeline.collect(ReferencePipeline.java:578)
	at de.uka.ilkd.key.nparser.builder.AbstractBuilder.mapOf(AbstractBuilder.java:112)
	at de.uka.ilkd.key.nparser.builder.IncludeFinder.visitOne_include_statement(IncludeFinder.java:35)
	at de.uka.ilkd.key.nparser.builder.IncludeFinder.visitOne_include_statement(IncludeFinder.java:20)
	at de.uka.ilkd.key.nparser.KeYParser$One_include_statementContext.accept(KeYParser.java:802)
	at org.antlr.v4.runtime.tree.AbstractParseTreeVisitor.visitChildren(AbstractParseTreeVisitor.java:46)
	at de.uka.ilkd.key.nparser.KeYParserBaseVisitor.visitDecls(KeYParserBaseVisitor.java:30)
	at de.uka.ilkd.key.nparser.KeYParser$DeclsContext.accept(KeYParser.java:500)
	at org.antlr.v4.runtime.tree.AbstractParseTreeVisitor.visitChildren(AbstractParseTreeVisitor.java:46)
	at de.uka.ilkd.key.nparser.KeYParserBaseVisitor.visitFile(KeYParserBaseVisitor.java:23)
	at de.uka.ilkd.key.nparser.KeYParser$FileContext.accept(KeYParser.java:306)
	at de.uka.ilkd.key.nparser.KeyAst.accept(KeyAst.java:41)
	at de.uka.ilkd.key.nparser.KeyAst$File.getIncludes(KeyAst.java:76)
	at de.uka.ilkd.key.proof.io.KeYFile.readIncludes(KeYFile.java:208)
	... 14 more
Could not find rule file rules/intRulesCheckedSemantics.key (file: /home/runner/work/key/key/key.core/../key.ui/examples/index/.././standard_key/strings/stringCompileTimeConstant1.key; caused by: de.uka.ilkd.key.proof.init.ProofInputException: Could not find rule file rules/intRulesCheckedSemantics.key)
	at de.uka.ilkd.key.control.AbstractUserInterfaceControl.load(AbstractUserInterfaceControl.java:221)
	at de.uka.ilkd.key.control.KeYEnvironment.load(KeYEnvironment.java:251)
	at de.uka.ilkd.key.control.KeYEnvironment.load(KeYEnvironment.java:224)
	at de.uka.ilkd.key.control.KeYEnvironment.load(KeYEnvironment.java:184)
	at de.uka.ilkd.key.control.KeYEnvironment.load(KeYEnvironment.java:261)
	at de.uka.ilkd.key.proof.runallproofs.proofcollection.TestFile.load(TestFile.java:270)
	at de.uka.ilkd.key.proof.runallproofs.proofcollection.TestFile.runKey(TestFile.java:160)
	at de.uka.ilkd.key.proof.runallproofs.proofcollection.ForkedTestFileRunner.main(ForkedTestFileRunner.java:171)
Caused by: de.uka.ilkd.key.proof.init.ProofInputException: Could not find rule file rules/intRulesCheckedSemantics.key
	at de.uka.ilkd.key.proof.io.KeYFile.readIncludes(KeYFile.java:210)
	at de.uka.ilkd.key.proof.init.ProblemInitializer.readIncludes(ProblemInitializer.java:177)
	at de.uka.ilkd.key.proof.init.ProblemInitializer.readEnvInput(ProblemInitializer.java:325)
	at de.uka.ilkd.key.proof.init.ProblemInitializer.prepare(ProblemInitializer.java:449)
	at de.uka.ilkd.key.proof.io.AbstractProblemLoader.createInitConfig(AbstractProblemLoader.java:518)
	at de.uka.ilkd.key.proof.io.AbstractProblemLoader.loadEnvironment(AbstractProblemLoader.java:288)
	at de.uka.ilkd.key.proof.io.AbstractProblemLoader.load(AbstractProblemLoader.java:252)
	at de.uka.ilkd.key.control.AbstractUserInterfaceControl.load(AbstractUserInterfaceControl.java:209)
	... 7 more
Caused by: java.lang.RuntimeException: Could not find rule file rules/intRulesCheckedSemantics.key
	at de.uka.ilkd.key.proof.io.RuleSourceFactory.fromBuiltInRule(RuleSourceFactory.java:32)
	at de.uka.ilkd.key.proof.io.RuleSourceFactory.fromDefaultLocation(RuleSourceFactory.java:21)
	at de.uka.ilkd.key.nparser.builder.IncludeFinder.addInclude(IncludeFinder.java:63)
	at de.uka.ilkd.key.nparser.builder.IncludeFinder.visitOne_include(IncludeFinder.java:43)
	at de.uka.ilkd.key.nparser.builder.IncludeFinder.visitOne_include(IncludeFinder.java:20)
	at de.uka.ilkd.key.nparser.KeYParser$One_includeContext.accept(KeYParser.java:878)
	at de.uka.ilkd.key.nparser.builder.AbstractBuilder.lambda$mapOf$0(AbstractBuilder.java:112)
	at java.base/java.util.stream.ReferencePipeline$3$1.accept(ReferencePipeline.java:195)
	at java.base/java.util.ArrayList$ArrayListSpliterator.forEachRemaining(ArrayList.java:1655)
	at java.base/java.util.stream.AbstractPipeline.copyInto(AbstractPipeline.java:484)
	at java.base/java.util.stream.AbstractPipeline.wrapAndCopyInto(AbstractPipeline.java:474)
	at java.base/java.util.stream.ReduceOps$ReduceOp.evaluateSequential(ReduceOps.java:913)
	at java.base/java.util.stream.AbstractPipeline.evaluate(AbstractPipeline.java:234)
	at java.base/java.util.stream.ReferencePipeline.collect(ReferencePipeline.java:578)
	at de.uka.ilkd.key.nparser.builder.AbstractBuilder.mapOf(AbstractBuilder.java:112)
	at de.uka.ilkd.key.nparser.builder.IncludeFinder.visitOne_include_statement(IncludeFinder.java:35)
	at de.uka.ilkd.key.nparser.builder.IncludeFinder.visitOne_include_statement(IncludeFinder.java:20)
	at de.uka.ilkd.key.nparser.KeYParser$One_include_statementContext.accept(KeYParser.java:802)
	at org.antlr.v4.runtime.tree.AbstractParseTreeVisitor.visitChildren(AbstractParseTreeVisitor.java:46)
	at de.uka.ilkd.key.nparser.KeYParserBaseVisitor.visitDecls(KeYParserBaseVisitor.java:30)
	at de.uka.ilkd.key.nparser.KeYParser$DeclsContext.accept(KeYParser.java:500)
	at org.antlr.v4.runtime.tree.AbstractParseTreeVisitor.visitChildren(AbstractParseTreeVisitor.java:46)
	at de.uka.ilkd.key.nparser.KeYParserBaseVisitor.visitFile(KeYParserBaseVisitor.java:23)
	at de.uka.ilkd.key.nparser.KeYParser$FileContext.accept(KeYParser.java:306)
	at de.uka.ilkd.key.nparser.KeyAst.accept(KeyAst.java:41)
	at de.uka.ilkd.key.nparser.KeyAst$File.getIncludes(KeyAst.java:76)
	at de.uka.ilkd.key.proof.io.KeYFile.readIncludes(KeYFile.java:208)
	... 14 more
Could not find rule file rules/intRulesCheckedSemantics.key (file: /home/runner/work/key/key/key.core/../key.ui/examples/index/.././standard_key/strings/stringCompileTimeConstant2.key; caused by: de.uka.ilkd.key.proof.init.ProofInputException: Could not find rule file rules/intRulesCheckedSemantics.key)
	at de.uka.ilkd.key.control.AbstractUserInterfaceControl.load(AbstractUserInterfaceControl.java:221)
	at de.uka.ilkd.key.control.KeYEnvironment.load(KeYEnvironment.java:251)
	at de.uka.ilkd.key.control.KeYEnvironment.load(KeYEnvironment.java:224)
	at de.uka.ilkd.key.control.KeYEnvironment.load(KeYEnvironment.java:184)
	at de.uka.ilkd.key.control.KeYEnvironment.load(KeYEnvironment.java:261)
	at de.uka.ilkd.key.proof.runallproofs.proofcollection.TestFile.load(TestFile.java:270)
	at de.uka.ilkd.key.proof.runallproofs.proofcollection.TestFile.runKey(TestFile.java:160)
	at de.uka.ilkd.key.proof.runallproofs.proofcollection.ForkedTestFileRunner.main(ForkedTestFileRunner.java:171)
Caused by: de.uka.ilkd.key.proof.init.ProofInputException: Could not find rule file rules/intRulesCheckedSemantics.key
	at de.uka.ilkd.key.proof.io.KeYFile.readIncludes(KeYFile.java:210)
	at de.uka.ilkd.key.proof.init.ProblemInitializer.readIncludes(ProblemInitializer.java:177)
	at de.uka.ilkd.key.proof.init.ProblemInitializer.readEnvInput(ProblemInitializer.java:325)
	at de.uka.ilkd.key.proof.init.ProblemInitializer.prepare(ProblemInitializer.java:449)
	at de.uka.ilkd.key.proof.io.AbstractProblemLoader.createInitConfig(AbstractProblemLoader.java:518)
	at de.uka.ilkd.key.proof.io.AbstractProblemLoader.loadEnvironment(AbstractProblemLoader.java:288)
	at de.uka.ilkd.key.proof.io.AbstractProblemLoader.load(AbstractProblemLoader.java:252)
	at de.uka.ilkd.key.control.AbstractUserInterfaceControl.load(AbstractUserInterfaceControl.java:209)
	... 7 more
Caused by: java.lang.RuntimeException: Could not find rule file rules/intRulesCheckedSemantics.key
	at de.uka.ilkd.key.proof.io.RuleSourceFactory.fromBuiltInRule(RuleSourceFactory.java:32)
	at de.uka.ilkd.key.proof.io.RuleSourceFactory.fromDefaultLocation(RuleSourceFactory.java:21)
	at de.uka.ilkd.key.nparser.builder.IncludeFinder.addInclude(IncludeFinder.java:63)
	at de.uka.ilkd.key.nparser.builder.IncludeFinder.visitOne_include(IncludeFinder.java:43)
	at de.uka.ilkd.key.nparser.builder.IncludeFinder.visitOne_include(IncludeFinder.java:20)
	at de.uka.ilkd.key.nparser.KeYParser$One_includeContext.accept(KeYParser.java:878)
	at de.uka.ilkd.key.nparser.builder.AbstractBuilder.lambda$mapOf$0(AbstractBuilder.java:112)
	at java.base/java.util.stream.ReferencePipeline$3$1.accept(ReferencePipeline.java:195)
	at java.base/java.util.ArrayList$ArrayListSpliterator.forEachRemaining(ArrayList.java:1655)
	at java.base/java.util.stream.AbstractPipeline.copyInto(AbstractPipeline.java:484)
	at java.base/java.util.stream.AbstractPipeline.wrapAndCopyInto(AbstractPipeline.java:474)
	at java.base/java.util.stream.ReduceOps$ReduceOp.evaluateSequential(ReduceOps.java:913)
	at java.base/java.util.stream.AbstractPipeline.evaluate(AbstractPipeline.java:234)
	at java.base/java.util.stream.ReferencePipeline.collect(ReferencePipeline.java:578)
	at de.uka.ilkd.key.nparser.builder.AbstractBuilder.mapOf(AbstractBuilder.java:112)
	at de.uka.ilkd.key.nparser.builder.IncludeFinder.visitOne_include_statement(IncludeFinder.java:35)
	at de.uka.ilkd.key.nparser.builder.IncludeFinder.visitOne_include_statement(IncludeFinder.java:20)
	at de.uka.ilkd.key.nparser.KeYParser$One_include_statementContext.accept(KeYParser.java:802)
	at org.antlr.v4.runtime.tree.AbstractParseTreeVisitor.visitChildren(AbstractParseTreeVisitor.java:46)
	at de.uka.ilkd.key.nparser.KeYParserBaseVisitor.visitDecls(KeYParserBaseVisitor.java:30)
	at de.uka.ilkd.key.nparser.KeYParser$DeclsContext.accept(KeYParser.java:500)
	at org.antlr.v4.runtime.tree.AbstractParseTreeVisitor.visitChildren(AbstractParseTreeVisitor.java:46)
	at de.uka.ilkd.key.nparser.KeYParserBaseVisitor.visitFile(KeYParserBaseVisitor.java:23)
	at de.uka.ilkd.key.nparser.KeYParser$FileContext.accept(KeYParser.java:306)
	at de.uka.ilkd.key.nparser.KeyAst.accept(KeyAst.java:41)
	at de.uka.ilkd.key.nparser.KeyAst$File.getIncludes(KeyAst.java:76)
	at de.uka.ilkd.key.proof.io.KeYFile.readIncludes(KeYFile.java:208)
	... 14 more
Could not find rule file rules/intRulesCheckedSemantics.key (file: /home/runner/work/key/key/key.core/../key.ui/examples/index/.././standard_key/strings/stringEquality1.key; caused by: de.uka.ilkd.key.proof.init.ProofInputException: Could not find rule file rules/intRulesCheckedSemantics.key)
	at de.uka.ilkd.key.control.AbstractUserInterfaceControl.load(AbstractUserInterfaceControl.java:221)
	at de.uka.ilkd.key.control.KeYEnvironment.load(KeYEnvironment.java:251)
	at de.uka.ilkd.key.control.KeYEnvironment.load(KeYEnvironment.java:224)
	at de.uka.ilkd.key.control.KeYEnvironment.load(KeYEnvironment.java:184)
	at de.uka.ilkd.key.control.KeYEnvironment.load(KeYEnvironment.java:261)
	at de.uka.ilkd.key.proof.runallproofs.proofcollection.TestFile.load(TestFile.java:270)
	at de.uka.ilkd.key.proof.runallproofs.proofcollection.TestFile.runKey(TestFile.java:160)
	at de.uka.ilkd.key.proof.runallproofs.proofcollection.ForkedTestFileRunner.main(ForkedTestFileRunner.java:171)
Caused by: de.uka.ilkd.key.proof.init.ProofInputException: Could not find rule file rules/intRulesCheckedSemantics.key
	at de.uka.ilkd.key.proof.io.KeYFile.readIncludes(KeYFile.java:210)
	at de.uka.ilkd.key.proof.init.ProblemInitializer.readIncludes(ProblemInitializer.java:177)
	at de.uka.ilkd.key.proof.init.ProblemInitializer.readEnvInput(ProblemInitializer.java:325)
	at de.uka.ilkd.key.proof.init.ProblemInitializer.prepare(ProblemInitializer.java:449)
	at de.uka.ilkd.key.proof.io.AbstractProblemLoader.createInitConfig(AbstractProblemLoader.java:518)
	at de.uka.ilkd.key.proof.io.AbstractProblemLoader.loadEnvironment(AbstractProblemLoader.java:288)
	at de.uka.ilkd.key.proof.io.AbstractProblemLoader.load(AbstractProblemLoader.java:252)
	at de.uka.ilkd.key.control.AbstractUserInterfaceControl.load(AbstractUserInterfaceControl.java:209)
	... 7 more
Caused by: java.lang.RuntimeException: Could not find rule file rules/intRulesCheckedSemantics.key
	at de.uka.ilkd.key.proof.io.RuleSourceFactory.fromBuiltInRule(RuleSourceFactory.java:32)
	at de.uka.ilkd.key.proof.io.RuleSourceFactory.fromDefaultLocation(RuleSourceFactory.java:21)
	at de.uka.ilkd.key.nparser.builder.IncludeFinder.addInclude(IncludeFinder.java:63)
	at de.uka.ilkd.key.nparser.builder.IncludeFinder.visitOne_include(IncludeFinder.java:43)
	at de.uka.ilkd.key.nparser.builder.IncludeFinder.visitOne_include(IncludeFinder.java:20)
	at de.uka.ilkd.key.nparser.KeYParser$One_includeContext.accept(KeYParser.java:878)
	at de.uka.ilkd.key.nparser.builder.AbstractBuilder.lambda$mapOf$0(AbstractBuilder.java:112)
	at java.base/java.util.stream.ReferencePipeline$3$1.accept(ReferencePipeline.java:195)
	at java.base/java.util.ArrayList$ArrayListSpliterator.forEachRemaining(ArrayList.java:1655)
	at java.base/java.util.stream.AbstractPipeline.copyInto(AbstractPipeline.java:484)
	at java.base/java.util.stream.AbstractPipeline.wrapAndCopyInto(AbstractPipeline.java:474)
	at java.base/java.util.stream.ReduceOps$ReduceOp.evaluateSequential(ReduceOps.java:913)
	at java.base/java.util.stream.AbstractPipeline.evaluate(AbstractPipeline.java:234)
	at java.base/java.util.stream.ReferencePipeline.collect(ReferencePipeline.java:578)
	at de.uka.ilkd.key.nparser.builder.AbstractBuilder.mapOf(AbstractBuilder.java:112)
	at de.uka.ilkd.key.nparser.builder.IncludeFinder.visitOne_include_statement(IncludeFinder.java:35)
	at de.uka.ilkd.key.nparser.builder.IncludeFinder.visitOne_include_statement(IncludeFinder.java:20)
	at de.uka.ilkd.key.nparser.KeYParser$One_include_statementContext.accept(KeYParser.java:802)
	at org.antlr.v4.runtime.tree.AbstractParseTreeVisitor.visitChildren(AbstractParseTreeVisitor.java:46)
	at de.uka.ilkd.key.nparser.KeYParserBaseVisitor.visitDecls(KeYParserBaseVisitor.java:30)
	at de.uka.ilkd.key.nparser.KeYParser$DeclsContext.accept(KeYParser.java:500)
	at org.antlr.v4.runtime.tree.AbstractParseTreeVisitor.visitChildren(AbstractParseTreeVisitor.java:46)
	at de.uka.ilkd.key.nparser.KeYParserBaseVisitor.visitFile(KeYParserBaseVisitor.java:23)
	at de.uka.ilkd.key.nparser.KeYParser$FileContext.accept(KeYParser.java:306)
	at de.uka.ilkd.key.nparser.KeyAst.accept(KeyAst.java:41)
	at de.uka.ilkd.key.nparser.KeyAst$File.getIncludes(KeyAst.java:76)
	at de.uka.ilkd.key.proof.io.KeYFile.readIncludes(KeYFile.java:208)
	... 14 more
Could not find rule file rules/intRulesCheckedSemantics.key (file: /home/runner/work/key/key/key.core/../key.ui/examples/index/.././standard_key/strings/stringEquality2.key; caused by: de.uka.ilkd.key.proof.init.ProofInputException: Could not find rule file rules/intRulesCheckedSemantics.key)
	at de.uka.ilkd.key.control.AbstractUserInterfaceControl.load(AbstractUserInterfaceControl.java:221)
	at de.uka.ilkd.key.control.KeYEnvironment.load(KeYEnvironment.java:251)
	at de.uka.ilkd.key.control.KeYEnvironment.load(KeYEnvironment.java:224)
	at de.uka.ilkd.key.control.KeYEnvironment.load(KeYEnvironment.java:184)
	at de.uka.ilkd.key.control.KeYEnvironment.load(KeYEnvironment.java:261)
	at de.uka.ilkd.key.proof.runallproofs.proofcollection.TestFile.load(TestFile.java:270)
	at de.uka.ilkd.key.proof.runallproofs.proofcollection.TestFile.runKey(TestFile.java:160)
	at de.uka.ilkd.key.proof.runallproofs.proofcollection.ForkedTestFileRunner.main(ForkedTestFileRunner.java:171)
Caused by: de.uka.ilkd.key.proof.init.ProofInputException: Could not find rule file rules/intRulesCheckedSemantics.key
	at de.uka.ilkd.key.proof.io.KeYFile.readIncludes(KeYFile.java:210)
	at de.uka.ilkd.key.proof.init.ProblemInitializer.readIncludes(ProblemInitializer.java:177)
	at de.uka.ilkd.key.proof.init.ProblemInitializer.readEnvInput(ProblemInitializer.java:325)
	at de.uka.ilkd.key.proof.init.ProblemInitializer.prepare(ProblemInitializer.java:449)
	at de.uka.ilkd.key.proof.io.AbstractProblemLoader.createInitConfig(AbstractProblemLoader.java:518)
	at de.uka.ilkd.key.proof.io.AbstractProblemLoader.loadEnvironment(AbstractProblemLoader.java:288)
	at de.uka.ilkd.key.proof.io.AbstractProblemLoader.load(AbstractProblemLoader.java:252)
	at de.uka.ilkd.key.control.AbstractUserInterfaceControl.load(AbstractUserInterfaceControl.java:209)
	... 7 more
Caused by: java.lang.RuntimeException: Could not find rule file rules/intRulesCheckedSemantics.key
	at de.uka.ilkd.key.proof.io.RuleSourceFactory.fromBuiltInRule(RuleSourceFactory.java:32)
	at de.uka.ilkd.key.proof.io.RuleSourceFactory.fromDefaultLocation(RuleSourceFactory.java:21)
	at de.uka.ilkd.key.nparser.builder.IncludeFinder.addInclude(IncludeFinder.java:63)
	at de.uka.ilkd.key.nparser.builder.IncludeFinder.visitOne_include(IncludeFinder.java:43)
	at de.uka.ilkd.key.nparser.builder.IncludeFinder.visitOne_include(IncludeFinder.java:20)
	at de.uka.ilkd.key.nparser.KeYParser$One_includeContext.accept(KeYParser.java:878)
	at de.uka.ilkd.key.nparser.builder.AbstractBuilder.lambda$mapOf$0(AbstractBuilder.java:112)
	at java.base/java.util.stream.ReferencePipeline$3$1.accept(ReferencePipeline.java:195)
	at java.base/java.util.ArrayList$ArrayListSpliterator.forEachRemaining(ArrayList.java:1655)
	at java.base/java.util.stream.AbstractPipeline.copyInto(AbstractPipeline.java:484)
	at java.base/java.util.stream.AbstractPipeline.wrapAndCopyInto(AbstractPipeline.java:474)
	at java.base/java.util.stream.ReduceOps$ReduceOp.evaluateSequential(ReduceOps.java:913)
	at java.base/java.util.stream.AbstractPipeline.evaluate(AbstractPipeline.java:234)
	at java.base/java.util.stream.ReferencePipeline.collect(ReferencePipeline.java:578)
	at de.uka.ilkd.key.nparser.builder.AbstractBuilder.mapOf(AbstractBuilder.java:112)
	at de.uka.ilkd.key.nparser.builder.IncludeFinder.visitOne_include_statement(IncludeFinder.java:35)
	at de.uka.ilkd.key.nparser.builder.IncludeFinder.visitOne_include_statement(IncludeFinder.java:20)
	at de.uka.ilkd.key.nparser.KeYParser$One_include_statementContext.accept(KeYParser.java:802)
	at org.antlr.v4.runtime.tree.AbstractParseTreeVisitor.visitChildren(AbstractParseTreeVisitor.java:46)
	at de.uka.ilkd.key.nparser.KeYParserBaseVisitor.visitDecls(KeYParserBaseVisitor.java:30)
	at de.uka.ilkd.key.nparser.KeYParser$DeclsContext.accept(KeYParser.java:500)
	at org.antlr.v4.runtime.tree.AbstractParseTreeVisitor.visitChildren(AbstractParseTreeVisitor.java:46)
	at de.uka.ilkd.key.nparser.KeYParserBaseVisitor.visitFile(KeYParserBaseVisitor.java:23)
	at de.uka.ilkd.key.nparser.KeYParser$FileContext.accept(KeYParser.java:306)
	at de.uka.ilkd.key.nparser.KeyAst.accept(KeyAst.java:41)
	at de.uka.ilkd.key.nparser.KeyAst$File.getIncludes(KeyAst.java:76)
	at de.uka.ilkd.key.proof.io.KeYFile.readIncludes(KeYFile.java:208)
	... 14 more
Could not find rule file rules/intRulesCheckedSemantics.key (file: /home/runner/work/key/key/key.core/../key.ui/examples/index/.././standard_key/strings/substring0.key; caused by: de.uka.ilkd.key.proof.init.ProofInputException: Could not find rule file rules/intRulesCheckedSemantics.key)
	at de.uka.ilkd.key.control.AbstractUserInterfaceControl.load(AbstractUserInterfaceControl.java:221)
	at de.uka.ilkd.key.control.KeYEnvironment.load(KeYEnvironment.java:251)
	at de.uka.ilkd.key.control.KeYEnvironment.load(KeYEnvironment.java:224)
	at de.uka.ilkd.key.control.KeYEnvironment.load(KeYEnvironment.java:184)
	at de.uka.ilkd.key.control.KeYEnvironment.load(KeYEnvironment.java:261)
	at de.uka.ilkd.key.proof.runallproofs.proofcollection.TestFile.load(TestFile.java:270)
	at de.uka.ilkd.key.proof.runallproofs.proofcollection.TestFile.runKey(TestFile.java:160)
	at de.uka.ilkd.key.proof.runallproofs.proofcollection.ForkedTestFileRunner.main(ForkedTestFileRunner.java:171)
Caused by: de.uka.ilkd.key.proof.init.ProofInputException: Could not find rule file rules/intRulesCheckedSemantics.key
	at de.uka.ilkd.key.proof.io.KeYFile.readIncludes(KeYFile.java:210)
	at de.uka.ilkd.key.proof.init.ProblemInitializer.readIncludes(ProblemInitializer.java:177)
	at de.uka.ilkd.key.proof.init.ProblemInitializer.readEnvInput(ProblemInitializer.java:325)
	at de.uka.ilkd.key.proof.init.ProblemInitializer.prepare(ProblemInitializer.java:449)
	at de.uka.ilkd.key.proof.io.AbstractProblemLoader.createInitConfig(AbstractProblemLoader.java:518)
	at de.uka.ilkd.key.proof.io.AbstractProblemLoader.loadEnvironment(AbstractProblemLoader.java:288)
	at de.uka.ilkd.key.proof.io.AbstractProblemLoader.load(AbstractProblemLoader.java:252)
	at de.uka.ilkd.key.control.AbstractUserInterfaceControl.load(AbstractUserInterfaceControl.java:209)
	... 7 more
Caused by: java.lang.RuntimeException: Could not find rule file rules/intRulesCheckedSemantics.key
	at de.uka.ilkd.key.proof.io.RuleSourceFactory.fromBuiltInRule(RuleSourceFactory.java:32)
	at de.uka.ilkd.key.proof.io.RuleSourceFactory.fromDefaultLocation(RuleSourceFactory.java:21)
	at de.uka.ilkd.key.nparser.builder.IncludeFinder.addInclude(IncludeFinder.java:63)
	at de.uka.ilkd.key.nparser.builder.IncludeFinder.visitOne_include(IncludeFinder.java:43)
	at de.uka.ilkd.key.nparser.builder.IncludeFinder.visitOne_include(IncludeFinder.java:20)
	at de.uka.ilkd.key.nparser.KeYParser$One_includeContext.accept(KeYParser.java:878)
	at de.uka.ilkd.key.nparser.builder.AbstractBuilder.lambda$mapOf$0(AbstractBuilder.java:112)
	at java.base/java.util.stream.ReferencePipeline$3$1.accept(ReferencePipeline.java:195)
	at java.base/java.util.ArrayList$ArrayListSpliterator.forEachRemaining(ArrayList.java:1655)
	at java.base/java.util.stream.AbstractPipeline.copyInto(AbstractPipeline.java:484)
	at java.base/java.util.stream.AbstractPipeline.wrapAndCopyInto(AbstractPipeline.java:474)
	at java.base/java.util.stream.ReduceOps$ReduceOp.evaluateSequential(ReduceOps.java:913)
	at java.base/java.util.stream.AbstractPipeline.evaluate(AbstractPipeline.java:234)
	at java.base/java.util.stream.ReferencePipeline.collect(ReferencePipeline.java:578)
	at de.uka.ilkd.key.nparser.builder.AbstractBuilder.mapOf(AbstractBuilder.java:112)
	at de.uka.ilkd.key.nparser.builder.IncludeFinder.visitOne_include_statement(IncludeFinder.java:35)
	at de.uka.ilkd.key.nparser.builder.IncludeFinder.visitOne_include_statement(IncludeFinder.java:20)
	at de.uka.ilkd.key.nparser.KeYParser$One_include_statementContext.accept(KeYParser.java:802)
	at org.antlr.v4.runtime.tree.AbstractParseTreeVisitor.visitChildren(AbstractParseTreeVisitor.java:46)
	at de.uka.ilkd.key.nparser.KeYParserBaseVisitor.visitDecls(KeYParserBaseVisitor.java:30)
	at de.uka.ilkd.key.nparser.KeYParser$DeclsContext.accept(KeYParser.java:500)
	at org.antlr.v4.runtime.tree.AbstractParseTreeVisitor.visitChildren(AbstractParseTreeVisitor.java:46)
	at de.uka.ilkd.key.nparser.KeYParserBaseVisitor.visitFile(KeYParserBaseVisitor.java:23)
	at de.uka.ilkd.key.nparser.KeYParser$FileContext.accept(KeYParser.java:306)
	at de.uka.ilkd.key.nparser.KeyAst.accept(KeyAst.java:41)
	at de.uka.ilkd.key.nparser.KeyAst$File.getIncludes(KeyAst.java:76)
	at de.uka.ilkd.key.proof.io.KeYFile.readIncludes(KeYFile.java:208)
	... 14 more
Could not find rule file rules/intRulesCheckedSemantics.key (file: /home/runner/work/key/key/key.core/../key.ui/examples/index/.././standard_key/strings/substring1.key; caused by: de.uka.ilkd.key.proof.init.ProofInputException: Could not find rule file rules/intRulesCheckedSemantics.key)
	at de.uka.ilkd.key.control.AbstractUserInterfaceControl.load(AbstractUserInterfaceControl.java:221)
	at de.uka.ilkd.key.control.KeYEnvironment.load(KeYEnvironment.java:251)
	at de.uka.ilkd.key.control.KeYEnvironment.load(KeYEnvironment.java:224)
	at de.uka.ilkd.key.control.KeYEnvironment.load(KeYEnvironment.java:184)
	at de.uka.ilkd.key.control.KeYEnvironment.load(KeYEnvironment.java:261)
	at de.uka.ilkd.key.proof.runallproofs.proofcollection.TestFile.load(TestFile.java:270)
	at de.uka.ilkd.key.proof.runallproofs.proofcollection.TestFile.runKey(TestFile.java:160)
	at de.uka.ilkd.key.proof.runallproofs.proofcollection.ForkedTestFileRunner.main(ForkedTestFileRunner.java:171)
Caused by: de.uka.ilkd.key.proof.init.ProofInputException: Could not find rule file rules/intRulesCheckedSemantics.key
	at de.uka.ilkd.key.proof.io.KeYFile.readIncludes(KeYFile.java:210)
	at de.uka.ilkd.key.proof.init.ProblemInitializer.readIncludes(ProblemInitializer.java:177)
	at de.uka.ilkd.key.proof.init.ProblemInitializer.readEnvInput(ProblemInitializer.java:325)
	at de.uka.ilkd.key.proof.init.ProblemInitializer.prepare(ProblemInitializer.java:449)
	at de.uka.ilkd.key.proof.io.AbstractProblemLoader.createInitConfig(AbstractProblemLoader.java:518)
	at de.uka.ilkd.key.proof.io.AbstractProblemLoader.loadEnvironment(AbstractProblemLoader.java:288)
	at de.uka.ilkd.key.proof.io.AbstractProblemLoader.load(AbstractProblemLoader.java:252)
	at de.uka.ilkd.key.control.AbstractUserInterfaceControl.load(AbstractUserInterfaceControl.java:209)
	... 7 more
Caused by: java.lang.RuntimeException: Could not find rule file rules/intRulesCheckedSemantics.key
	at de.uka.ilkd.key.proof.io.RuleSourceFactory.fromBuiltInRule(RuleSourceFactory.java:32)
	at de.uka.ilkd.key.proof.io.RuleSourceFactory.fromDefaultLocation(RuleSourceFactory.java:21)
	at de.uka.ilkd.key.nparser.builder.IncludeFinder.addInclude(IncludeFinder.java:63)
	at de.uka.ilkd.key.nparser.builder.IncludeFinder.visitOne_include(IncludeFinder.java:43)
	at de.uka.ilkd.key.nparser.builder.IncludeFinder.visitOne_include(IncludeFinder.java:20)
	at de.uka.ilkd.key.nparser.KeYParser$One_includeContext.accept(KeYParser.java:878)
	at de.uka.ilkd.key.nparser.builder.AbstractBuilder.lambda$mapOf$0(AbstractBuilder.java:112)
	at java.base/java.util.stream.ReferencePipeline$3$1.accept(ReferencePipeline.java:195)
	at java.base/java.util.ArrayList$ArrayListSpliterator.forEachRemaining(ArrayList.java:1655)
	at java.base/java.util.stream.AbstractPipeline.copyInto(AbstractPipeline.java:484)
	at java.base/java.util.stream.AbstractPipeline.wrapAndCopyInto(AbstractPipeline.java:474)
	at java.base/java.util.stream.ReduceOps$ReduceOp.evaluateSequential(ReduceOps.java:913)
	at java.base/java.util.stream.AbstractPipeline.evaluate(AbstractPipeline.java:234)
	at java.base/java.util.stream.ReferencePipeline.collect(ReferencePipeline.java:578)
	at de.uka.ilkd.key.nparser.builder.AbstractBuilder.mapOf(AbstractBuilder.java:112)
	at de.uka.ilkd.key.nparser.builder.IncludeFinder.visitOne_include_statement(IncludeFinder.java:35)
	at de.uka.ilkd.key.nparser.builder.IncludeFinder.visitOne_include_statement(IncludeFinder.java:20)
	at de.uka.ilkd.key.nparser.KeYParser$One_include_statementContext.accept(KeYParser.java:802)
	at org.antlr.v4.runtime.tree.AbstractParseTreeVisitor.visitChildren(AbstractParseTreeVisitor.java:46)
	at de.uka.ilkd.key.nparser.KeYParserBaseVisitor.visitDecls(KeYParserBaseVisitor.java:30)
	at de.uka.ilkd.key.nparser.KeYParser$DeclsContext.accept(KeYParser.java:500)
	at org.antlr.v4.runtime.tree.AbstractParseTreeVisitor.visitChildren(AbstractParseTreeVisitor.java:46)
	at de.uka.ilkd.key.nparser.KeYParserBaseVisitor.visitFile(KeYParserBaseVisitor.java:23)
	at de.uka.ilkd.key.nparser.KeYParser$FileContext.accept(KeYParser.java:306)
	at de.uka.ilkd.key.nparser.KeyAst.accept(KeyAst.java:41)
	at de.uka.ilkd.key.nparser.KeyAst$File.getIncludes(KeyAst.java:76)
	at de.uka.ilkd.key.proof.io.KeYFile.readIncludes(KeYFile.java:208)
	... 14 more
Could not find rule file rules/intRulesCheckedSemantics.key (file: /home/runner/work/key/key/key.core/../key.ui/examples/index/.././standard_key/strings/substring2.key; caused by: de.uka.ilkd.key.proof.init.ProofInputException: Could not find rule file rules/intRulesCheckedSemantics.key)
	at de.uka.ilkd.key.control.AbstractUserInterfaceControl.load(AbstractUserInterfaceControl.java:221)
	at de.uka.ilkd.key.control.KeYEnvironment.load(KeYEnvironment.java:251)
	at de.uka.ilkd.key.control.KeYEnvironment.load(KeYEnvironment.java:224)
	at de.uka.ilkd.key.control.KeYEnvironment.load(KeYEnvironment.java:184)
	at de.uka.ilkd.key.control.KeYEnvironment.load(KeYEnvironment.java:261)
	at de.uka.ilkd.key.proof.runallproofs.proofcollection.TestFile.load(TestFile.java:270)
	at de.uka.ilkd.key.proof.runallproofs.proofcollection.TestFile.runKey(TestFile.java:160)
	at de.uka.ilkd.key.proof.runallproofs.proofcollection.ForkedTestFileRunner.main(ForkedTestFileRunner.java:171)
Caused by: de.uka.ilkd.key.proof.init.ProofInputException: Could not find rule file rules/intRulesCheckedSemantics.key
	at de.uka.ilkd.key.proof.io.KeYFile.readIncludes(KeYFile.java:210)
	at de.uka.ilkd.key.proof.init.ProblemInitializer.readIncludes(ProblemInitializer.java:177)
	at de.uka.ilkd.key.proof.init.ProblemInitializer.readEnvInput(ProblemInitializer.java:325)
	at de.uka.ilkd.key.proof.init.ProblemInitializer.prepare(ProblemInitializer.java:449)
	at de.uka.ilkd.key.proof.io.AbstractProblemLoader.createInitConfig(AbstractProblemLoader.java:518)
	at de.uka.ilkd.key.proof.io.AbstractProblemLoader.loadEnvironment(AbstractProblemLoader.java:288)
	at de.uka.ilkd.key.proof.io.AbstractProblemLoader.load(AbstractProblemLoader.java:252)
	at de.uka.ilkd.key.control.AbstractUserInterfaceControl.load(AbstractUserInterfaceControl.java:209)
	... 7 more
Caused by: java.lang.RuntimeException: Could not find rule file rules/intRulesCheckedSemantics.key
	at de.uka.ilkd.key.proof.io.RuleSourceFactory.fromBuiltInRule(RuleSourceFactory.java:32)
	at de.uka.ilkd.key.proof.io.RuleSourceFactory.fromDefaultLocation(RuleSourceFactory.java:21)
	at de.uka.ilkd.key.nparser.builder.IncludeFinder.addInclude(IncludeFinder.java:63)
	at de.uka.ilkd.key.nparser.builder.IncludeFinder.visitOne_include(IncludeFinder.java:43)
	at de.uka.ilkd.key.nparser.builder.IncludeFinder.visitOne_include(IncludeFinder.java:20)
	at de.uka.ilkd.key.nparser.KeYParser$One_includeContext.accept(KeYParser.java:878)
	at de.uka.ilkd.key.nparser.builder.AbstractBuilder.lambda$mapOf$0(AbstractBuilder.java:112)
	at java.base/java.util.stream.ReferencePipeline$3$1.accept(ReferencePipeline.java:195)
	at java.base/java.util.ArrayList$ArrayListSpliterator.forEachRemaining(ArrayList.java:1655)
	at java.base/java.util.stream.AbstractPipeline.copyInto(AbstractPipeline.java:484)
	at java.base/java.util.stream.AbstractPipeline.wrapAndCopyInto(AbstractPipeline.java:474)
	at java.base/java.util.stream.ReduceOps$ReduceOp.evaluateSequential(ReduceOps.java:913)
	at java.base/java.util.stream.AbstractPipeline.evaluate(AbstractPipeline.java:234)
	at java.base/java.util.stream.ReferencePipeline.collect(ReferencePipeline.java:578)
	at de.uka.ilkd.key.nparser.builder.AbstractBuilder.mapOf(AbstractBuilder.java:112)
	at de.uka.ilkd.key.nparser.builder.IncludeFinder.visitOne_include_statement(IncludeFinder.java:35)
	at de.uka.ilkd.key.nparser.builder.IncludeFinder.visitOne_include_statement(IncludeFinder.java:20)
	at de.uka.ilkd.key.nparser.KeYParser$One_include_statementContext.accept(KeYParser.java:802)
	at org.antlr.v4.runtime.tree.AbstractParseTreeVisitor.visitChildren(AbstractParseTreeVisitor.java:46)
	at de.uka.ilkd.key.nparser.KeYParserBaseVisitor.visitDecls(KeYParserBaseVisitor.java:30)
	at de.uka.ilkd.key.nparser.KeYParser$DeclsContext.accept(KeYParser.java:500)
	at org.antlr.v4.runtime.tree.AbstractParseTreeVisitor.visitChildren(AbstractParseTreeVisitor.java:46)
	at de.uka.ilkd.key.nparser.KeYParserBaseVisitor.visitFile(KeYParserBaseVisitor.java:23)
	at de.uka.ilkd.key.nparser.KeYParser$FileContext.accept(KeYParser.java:306)
	at de.uka.ilkd.key.nparser.KeyAst.accept(KeyAst.java:41)
	at de.uka.ilkd.key.nparser.KeyAst$File.getIncludes(KeyAst.java:76)
	at de.uka.ilkd.key.proof.io.KeYFile.readIncludes(KeYFile.java:208)
	... 14 more
Could not find rule file rules/intRulesCheckedSemantics.key (file: /home/runner/work/key/key/key.core/../key.ui/examples/index/.././standard_key/strings/substring3.key; caused by: de.uka.ilkd.key.proof.init.ProofInputException: Could not find rule file rules/intRulesCheckedSemantics.key)
	at de.uka.ilkd.key.control.AbstractUserInterfaceControl.load(AbstractUserInterfaceControl.java:221)
	at de.uka.ilkd.key.control.KeYEnvironment.load(KeYEnvironment.java:251)
	at de.uka.ilkd.key.control.KeYEnvironment.load(KeYEnvironment.java:224)
	at de.uka.ilkd.key.control.KeYEnvironment.load(KeYEnvironment.java:184)
	at de.uka.ilkd.key.control.KeYEnvironment.load(KeYEnvironment.java:261)
	at de.uka.ilkd.key.proof.runallproofs.proofcollection.TestFile.load(TestFile.java:270)
	at de.uka.ilkd.key.proof.runallproofs.proofcollection.TestFile.runKey(TestFile.java:160)
	at de.uka.ilkd.key.proof.runallproofs.proofcollection.ForkedTestFileRunner.main(ForkedTestFileRunner.java:171)
Caused by: de.uka.ilkd.key.proof.init.ProofInputException: Could not find rule file rules/intRulesCheckedSemantics.key
	at de.uka.ilkd.key.proof.io.KeYFile.readIncludes(KeYFile.java:210)
	at de.uka.ilkd.key.proof.init.ProblemInitializer.readIncludes(ProblemInitializer.java:177)
	at de.uka.ilkd.key.proof.init.ProblemInitializer.readEnvInput(ProblemInitializer.java:325)
	at de.uka.ilkd.key.proof.init.ProblemInitializer.prepare(ProblemInitializer.java:449)
	at de.uka.ilkd.key.proof.io.AbstractProblemLoader.createInitConfig(AbstractProblemLoader.java:518)
	at de.uka.ilkd.key.proof.io.AbstractProblemLoader.loadEnvironment(AbstractProblemLoader.java:288)
	at de.uka.ilkd.key.proof.io.AbstractProblemLoader.load(AbstractProblemLoader.java:252)
	at de.uka.ilkd.key.control.AbstractUserInterfaceControl.load(AbstractUserInterfaceControl.java:209)
	... 7 more
Caused by: java.lang.RuntimeException: Could not find rule file rules/intRulesCheckedSemantics.key
	at de.uka.ilkd.key.proof.io.RuleSourceFactory.fromBuiltInRule(RuleSourceFactory.java:32)
	at de.uka.ilkd.key.proof.io.RuleSourceFactory.fromDefaultLocation(RuleSourceFactory.java:21)
	at de.uka.ilkd.key.nparser.builder.IncludeFinder.addInclude(IncludeFinder.java:63)
	at de.uka.ilkd.key.nparser.builder.IncludeFinder.visitOne_include(IncludeFinder.java:43)
	at de.uka.ilkd.key.nparser.builder.IncludeFinder.visitOne_include(IncludeFinder.java:20)
	at de.uka.ilkd.key.nparser.KeYParser$One_includeContext.accept(KeYParser.java:878)
	at de.uka.ilkd.key.nparser.builder.AbstractBuilder.lambda$mapOf$0(AbstractBuilder.java:112)
	at java.base/java.util.stream.ReferencePipeline$3$1.accept(ReferencePipeline.java:195)
	at java.base/java.util.ArrayList$ArrayListSpliterator.forEachRemaining(ArrayList.java:1655)
	at java.base/java.util.stream.AbstractPipeline.copyInto(AbstractPipeline.java:484)
	at java.base/java.util.stream.AbstractPipeline.wrapAndCopyInto(AbstractPipeline.java:474)
	at java.base/java.util.stream.ReduceOps$ReduceOp.evaluateSequential(ReduceOps.java:913)
	at java.base/java.util.stream.AbstractPipeline.evaluate(AbstractPipeline.java:234)
	at java.base/java.util.stream.ReferencePipeline.collect(ReferencePipeline.java:578)
	at de.uka.ilkd.key.nparser.builder.AbstractBuilder.mapOf(AbstractBuilder.java:112)
	at de.uka.ilkd.key.nparser.builder.IncludeFinder.visitOne_include_statement(IncludeFinder.java:35)
	at de.uka.ilkd.key.nparser.builder.IncludeFinder.visitOne_include_statement(IncludeFinder.java:20)
	at de.uka.ilkd.key.nparser.KeYParser$One_include_statementContext.accept(KeYParser.java:802)
	at org.antlr.v4.runtime.tree.AbstractParseTreeVisitor.visitChildren(AbstractParseTreeVisitor.java:46)
	at de.uka.ilkd.key.nparser.KeYParserBaseVisitor.visitDecls(KeYParserBaseVisitor.java:30)
	at de.uka.ilkd.key.nparser.KeYParser$DeclsContext.accept(KeYParser.java:500)
	at org.antlr.v4.runtime.tree.AbstractParseTreeVisitor.visitChildren(AbstractParseTreeVisitor.java:46)
	at de.uka.ilkd.key.nparser.KeYParserBaseVisitor.visitFile(KeYParserBaseVisitor.java:23)
	at de.uka.ilkd.key.nparser.KeYParser$FileContext.accept(KeYParser.java:306)
	at de.uka.ilkd.key.nparser.KeyAst.accept(KeyAst.java:41)
	at de.uka.ilkd.key.nparser.KeyAst$File.getIncludes(KeyAst.java:76)
	at de.uka.ilkd.key.proof.io.KeYFile.readIncludes(KeYFile.java:208)
	... 14 more
Could not find rule file rules/intRulesCheckedSemantics.key (file: /home/runner/work/key/key/key.core/../key.ui/examples/index/.././standard_key/strings/substring4.key; caused by: de.uka.ilkd.key.proof.init.ProofInputException: Could not find rule file rules/intRulesCheckedSemantics.key)
	at de.uka.ilkd.key.control.AbstractUserInterfaceControl.load(AbstractUserInterfaceControl.java:221)
	at de.uka.ilkd.key.control.KeYEnvironment.load(KeYEnvironment.java:251)
	at de.uka.ilkd.key.control.KeYEnvironment.load(KeYEnvironment.java:224)
	at de.uka.ilkd.key.control.KeYEnvironment.load(KeYEnvironment.java:184)
	at de.uka.ilkd.key.control.KeYEnvironment.load(KeYEnvironment.java:261)
	at de.uka.ilkd.key.proof.runallproofs.proofcollection.TestFile.load(TestFile.java:270)
	at de.uka.ilkd.key.proof.runallproofs.proofcollection.TestFile.runKey(TestFile.java:160)
	at de.uka.ilkd.key.proof.runallproofs.proofcollection.ForkedTestFileRunner.main(ForkedTestFileRunner.java:171)
Caused by: de.uka.ilkd.key.proof.init.ProofInputException: Could not find rule file rules/intRulesCheckedSemantics.key
	at de.uka.ilkd.key.proof.io.KeYFile.readIncludes(KeYFile.java:210)
	at de.uka.ilkd.key.proof.init.ProblemInitializer.readIncludes(ProblemInitializer.java:177)
	at de.uka.ilkd.key.proof.init.ProblemInitializer.readEnvInput(ProblemInitializer.java:325)
	at de.uka.ilkd.key.proof.init.ProblemInitializer.prepare(ProblemInitializer.java:449)
	at de.uka.ilkd.key.proof.io.AbstractProblemLoader.createInitConfig(AbstractProblemLoader.java:518)
	at de.uka.ilkd.key.proof.io.AbstractProblemLoader.loadEnvironment(AbstractProblemLoader.java:288)
	at de.uka.ilkd.key.proof.io.AbstractProblemLoader.load(AbstractProblemLoader.java:252)
	at de.uka.ilkd.key.control.AbstractUserInterfaceControl.load(AbstractUserInterfaceControl.java:209)
	... 7 more
Caused by: java.lang.RuntimeException: Could not find rule file rules/intRulesCheckedSemantics.key
	at de.uka.ilkd.key.proof.io.RuleSourceFactory.fromBuiltInRule(RuleSourceFactory.java:32)
	at de.uka.ilkd.key.proof.io.RuleSourceFactory.fromDefaultLocation(RuleSourceFactory.java:21)
	at de.uka.ilkd.key.nparser.builder.IncludeFinder.addInclude(IncludeFinder.java:63)
	at de.uka.ilkd.key.nparser.builder.IncludeFinder.visitOne_include(IncludeFinder.java:43)
	at de.uka.ilkd.key.nparser.builder.IncludeFinder.visitOne_include(IncludeFinder.java:20)
	at de.uka.ilkd.key.nparser.KeYParser$One_includeContext.accept(KeYParser.java:878)
	at de.uka.ilkd.key.nparser.builder.AbstractBuilder.lambda$mapOf$0(AbstractBuilder.java:112)
	at java.base/java.util.stream.ReferencePipeline$3$1.accept(ReferencePipeline.java:195)
	at java.base/java.util.ArrayList$ArrayListSpliterator.forEachRemaining(ArrayList.java:1655)
	at java.base/java.util.stream.AbstractPipeline.copyInto(AbstractPipeline.java:484)
	at java.base/java.util.stream.AbstractPipeline.wrapAndCopyInto(AbstractPipeline.java:474)
	at java.base/java.util.stream.ReduceOps$ReduceOp.evaluateSequential(ReduceOps.java:913)
	at java.base/java.util.stream.AbstractPipeline.evaluate(AbstractPipeline.java:234)
	at java.base/java.util.stream.ReferencePipeline.collect(ReferencePipeline.java:578)
	at de.uka.ilkd.key.nparser.builder.AbstractBuilder.mapOf(AbstractBuilder.java:112)
	at de.uka.ilkd.key.nparser.builder.IncludeFinder.visitOne_include_statement(IncludeFinder.java:35)
	at de.uka.ilkd.key.nparser.builder.IncludeFinder.visitOne_include_statement(IncludeFinder.java:20)
	at de.uka.ilkd.key.nparser.KeYParser$One_include_statementContext.accept(KeYParser.java:802)
	at org.antlr.v4.runtime.tree.AbstractParseTreeVisitor.visitChildren(AbstractParseTreeVisitor.java:46)
	at de.uka.ilkd.key.nparser.KeYParserBaseVisitor.visitDecls(KeYParserBaseVisitor.java:30)
	at de.uka.ilkd.key.nparser.KeYParser$DeclsContext.accept(KeYParser.java:500)
	at org.antlr.v4.runtime.tree.AbstractParseTreeVisitor.visitChildren(AbstractParseTreeVisitor.java:46)
	at de.uka.ilkd.key.nparser.KeYParserBaseVisitor.visitFile(KeYParserBaseVisitor.java:23)
	at de.uka.ilkd.key.nparser.KeYParser$FileContext.accept(KeYParser.java:306)
	at de.uka.ilkd.key.nparser.KeyAst.accept(KeyAst.java:41)
	at de.uka.ilkd.key.nparser.KeyAst$File.getIncludes(KeyAst.java:76)
	at de.uka.ilkd.key.proof.io.KeYFile.readIncludes(KeYFile.java:208)
	... 14 more
Could not find rule file rules/intRulesCheckedSemantics.key (file: /home/runner/work/key/key/key.core/../key.ui/examples/index/.././standard_key/strings/substring5.key; caused by: de.uka.ilkd.key.proof.init.ProofInputException: Could not find rule file rules/intRulesCheckedSemantics.key)
	at de.uka.ilkd.key.control.AbstractUserInterfaceControl.load(AbstractUserInterfaceControl.java:221)
	at de.uka.ilkd.key.control.KeYEnvironment.load(KeYEnvironment.java:251)
	at de.uka.ilkd.key.control.KeYEnvironment.load(KeYEnvironment.java:224)
	at de.uka.ilkd.key.control.KeYEnvironment.load(KeYEnvironment.java:184)
	at de.uka.ilkd.key.control.KeYEnvironment.load(KeYEnvironment.java:261)
	at de.uka.ilkd.key.proof.runallproofs.proofcollection.TestFile.load(TestFile.java:270)
	at de.uka.ilkd.key.proof.runallproofs.proofcollection.TestFile.runKey(TestFile.java:160)
	at de.uka.ilkd.key.proof.runallproofs.proofcollection.ForkedTestFileRunner.main(ForkedTestFileRunner.java:171)
Caused by: de.uka.ilkd.key.proof.init.ProofInputException: Could not find rule file rules/intRulesCheckedSemantics.key
	at de.uka.ilkd.key.proof.io.KeYFile.readIncludes(KeYFile.java:210)
	at de.uka.ilkd.key.proof.init.ProblemInitializer.readIncludes(ProblemInitializer.java:177)
	at de.uka.ilkd.key.proof.init.ProblemInitializer.readEnvInput(ProblemInitializer.java:325)
	at de.uka.ilkd.key.proof.init.ProblemInitializer.prepare(ProblemInitializer.java:449)
	at de.uka.ilkd.key.proof.io.AbstractProblemLoader.createInitConfig(AbstractProblemLoader.java:518)
	at de.uka.ilkd.key.proof.io.AbstractProblemLoader.loadEnvironment(AbstractProblemLoader.java:288)
	at de.uka.ilkd.key.proof.io.AbstractProblemLoader.load(AbstractProblemLoader.java:252)
	at de.uka.ilkd.key.control.AbstractUserInterfaceControl.load(AbstractUserInterfaceControl.java:209)
	... 7 more
Caused by: java.lang.RuntimeException: Could not find rule file rules/intRulesCheckedSemantics.key
	at de.uka.ilkd.key.proof.io.RuleSourceFactory.fromBuiltInRule(RuleSourceFactory.java:32)
	at de.uka.ilkd.key.proof.io.RuleSourceFactory.fromDefaultLocation(RuleSourceFactory.java:21)
	at de.uka.ilkd.key.nparser.builder.IncludeFinder.addInclude(IncludeFinder.java:63)
	at de.uka.ilkd.key.nparser.builder.IncludeFinder.visitOne_include(IncludeFinder.java:43)
	at de.uka.ilkd.key.nparser.builder.IncludeFinder.visitOne_include(IncludeFinder.java:20)
	at de.uka.ilkd.key.nparser.KeYParser$One_includeContext.accept(KeYParser.java:878)
	at de.uka.ilkd.key.nparser.builder.AbstractBuilder.lambda$mapOf$0(AbstractBuilder.java:112)
	at java.base/java.util.stream.ReferencePipeline$3$1.accept(ReferencePipeline.java:195)
	at java.base/java.util.ArrayList$ArrayListSpliterator.forEachRemaining(ArrayList.java:1655)
	at java.base/java.util.stream.AbstractPipeline.copyInto(AbstractPipeline.java:484)
	at java.base/java.util.stream.AbstractPipeline.wrapAndCopyInto(AbstractPipeline.java:474)
	at java.base/java.util.stream.ReduceOps$ReduceOp.evaluateSequential(ReduceOps.java:913)
	at java.base/java.util.stream.AbstractPipeline.evaluate(AbstractPipeline.java:234)
	at java.base/java.util.stream.ReferencePipeline.collect(ReferencePipeline.java:578)
	at de.uka.ilkd.key.nparser.builder.AbstractBuilder.mapOf(AbstractBuilder.java:112)
	at de.uka.ilkd.key.nparser.builder.IncludeFinder.visitOne_include_statement(IncludeFinder.java:35)
	at de.uka.ilkd.key.nparser.builder.IncludeFinder.visitOne_include_statement(IncludeFinder.java:20)
	at de.uka.ilkd.key.nparser.KeYParser$One_include_statementContext.accept(KeYParser.java:802)
	at org.antlr.v4.runtime.tree.AbstractParseTreeVisitor.visitChildren(AbstractParseTreeVisitor.java:46)
	at de.uka.ilkd.key.nparser.KeYParserBaseVisitor.visitDecls(KeYParserBaseVisitor.java:30)
	at de.uka.ilkd.key.nparser.KeYParser$DeclsContext.accept(KeYParser.java:500)
	at org.antlr.v4.runtime.tree.AbstractParseTreeVisitor.visitChildren(AbstractParseTreeVisitor.java:46)
	at de.uka.ilkd.key.nparser.KeYParserBaseVisitor.visitFile(KeYParserBaseVisitor.java:23)
	at de.uka.ilkd.key.nparser.KeYParser$FileContext.accept(KeYParser.java:306)
	at de.uka.ilkd.key.nparser.KeyAst.accept(KeyAst.java:41)
	at de.uka.ilkd.key.nparser.KeyAst$File.getIncludes(KeyAst.java:76)
	at de.uka.ilkd.key.proof.io.KeYFile.readIncludes(KeYFile.java:208)
	... 14 more
Exception in thread "main" org.opentest4j.AssertionFailedError: Exception during the execution of proofs. See log for more details.
	at org.junit.jupiter.api.AssertionUtils.fail(AssertionUtils.java:39)
	at org.junit.jupiter.api.Assertions.fail(Assertions.java:134)
	at de.uka.ilkd.key.proof.runallproofs.proofcollection.ForkedTestFileRunner.main(ForkedTestFileRunner.java:192)
Timeout watcher launched (2000 secs.)
Could not find rule file rules/intRulesCheckedSemantics.key (file: /home/runner/work/key/key/key.core/../key.ui/examples/index/.././heap/information_flow/UpdateAbstraction_ex7_1_insecure.key; caused by: de.uka.ilkd.key.proof.init.ProofInputException: Could not find rule file rules/intRulesCheckedSemantics.key)
	at de.uka.ilkd.key.control.AbstractUserInterfaceControl.load(AbstractUserInterfaceControl.java:221)
	at de.uka.ilkd.key.control.KeYEnvironment.load(KeYEnvironment.java:251)
	at de.uka.ilkd.key.control.KeYEnvironment.load(KeYEnvironment.java:224)
	at de.uka.ilkd.key.control.KeYEnvironment.load(KeYEnvironment.java:184)
	at de.uka.ilkd.key.control.KeYEnvironment.load(KeYEnvironment.java:261)
	at de.uka.ilkd.key.proof.runallproofs.proofcollection.TestFile.load(TestFile.java:270)
	at de.uka.ilkd.key.proof.runallproofs.proofcollection.TestFile.runKey(TestFile.java:160)
	at de.uka.ilkd.key.proof.runallproofs.proofcollection.ForkedTestFileRunner.main(ForkedTestFileRunner.java:171)
Caused by: de.uka.ilkd.key.proof.init.ProofInputException: Could not find rule file rules/intRulesCheckedSemantics.key
	at de.uka.ilkd.key.proof.io.KeYFile.readIncludes(KeYFile.java:210)
	at de.uka.ilkd.key.proof.init.ProblemInitializer.readIncludes(ProblemInitializer.java:177)
	at de.uka.ilkd.key.proof.init.ProblemInitializer.readEnvInput(ProblemInitializer.java:325)
	at de.uka.ilkd.key.proof.init.ProblemInitializer.prepare(ProblemInitializer.java:449)
	at de.uka.ilkd.key.proof.io.AbstractProblemLoader.createInitConfig(AbstractProblemLoader.java:518)
	at de.uka.ilkd.key.proof.io.AbstractProblemLoader.loadEnvironment(AbstractProblemLoader.java:288)
	at de.uka.ilkd.key.proof.io.AbstractProblemLoader.load(AbstractProblemLoader.java:252)
	at de.uka.ilkd.key.control.AbstractUserInterfaceControl.load(AbstractUserInterfaceControl.java:209)
	... 7 more
Caused by: java.lang.RuntimeException: Could not find rule file rules/intRulesCheckedSemantics.key
	at de.uka.ilkd.key.proof.io.RuleSourceFactory.fromBuiltInRule(RuleSourceFactory.java:32)
	at de.uka.ilkd.key.proof.io.RuleSourceFactory.fromDefaultLocation(RuleSourceFactory.java:21)
	at de.uka.ilkd.key.nparser.builder.IncludeFinder.addInclude(IncludeFinder.java:63)
	at de.uka.ilkd.key.nparser.builder.IncludeFinder.visitOne_include(IncludeFinder.java:43)
	at de.uka.ilkd.key.nparser.builder.IncludeFinder.visitOne_include(IncludeFinder.java:20)
	at de.uka.ilkd.key.nparser.KeYParser$One_includeContext.accept(KeYParser.java:878)
	at de.uka.ilkd.key.nparser.builder.AbstractBuilder.lambda$mapOf$0(AbstractBuilder.java:112)
	at java.base/java.util.stream.ReferencePipeline$3$1.accept(ReferencePipeline.java:195)
	at java.base/java.util.ArrayList$ArrayListSpliterator.forEachRemaining(ArrayList.java:1655)
	at java.base/java.util.stream.AbstractPipeline.copyInto(AbstractPipeline.java:484)
	at java.base/java.util.stream.AbstractPipeline.wrapAndCopyInto(AbstractPipeline.java:474)
	at java.base/java.util.stream.ReduceOps$ReduceOp.evaluateSequential(ReduceOps.java:913)
	at java.base/java.util.stream.AbstractPipeline.evaluate(AbstractPipeline.java:234)
	at java.base/java.util.stream.ReferencePipeline.collect(ReferencePipeline.java:578)
	at de.uka.ilkd.key.nparser.builder.AbstractBuilder.mapOf(AbstractBuilder.java:112)
	at de.uka.ilkd.key.nparser.builder.IncludeFinder.visitOne_include_statement(IncludeFinder.java:35)
	at de.uka.ilkd.key.nparser.builder.IncludeFinder.visitOne_include_statement(IncludeFinder.java:20)
	at de.uka.ilkd.key.nparser.KeYParser$One_include_statementContext.accept(KeYParser.java:802)
	at org.antlr.v4.runtime.tree.AbstractParseTreeVisitor.visitChildren(AbstractParseTreeVisitor.java:46)
	at de.uka.ilkd.key.nparser.KeYParserBaseVisitor.visitDecls(KeYParserBaseVisitor.java:30)
	at de.uka.ilkd.key.nparser.KeYParser$DeclsContext.accept(KeYParser.java:500)
	at org.antlr.v4.runtime.tree.AbstractParseTreeVisitor.visitChildren(AbstractParseTreeVisitor.java:46)
	at de.uka.ilkd.key.nparser.KeYParserBaseVisitor.visitFile(KeYParserBaseVisitor.java:23)
	at de.uka.ilkd.key.nparser.KeYParser$FileContext.accept(KeYParser.java:306)
	at de.uka.ilkd.key.nparser.KeyAst.accept(KeyAst.java:41)
	at de.uka.ilkd.key.nparser.KeyAst$File.getIncludes(KeyAst.java:76)
	at de.uka.ilkd.key.proof.io.KeYFile.readIncludes(KeYFile.java:208)
	... 14 more
Could not find rule file rules/intRulesCheckedSemantics.key (file: /home/runner/work/key/key/key.core/../key.ui/examples/index/.././heap/information_flow/UpdateAbstraction_ex7_2_insecure.key; caused by: de.uka.ilkd.key.proof.init.ProofInputException: Could not find rule file rules/intRulesCheckedSemantics.key)
	at de.uka.ilkd.key.control.AbstractUserInterfaceControl.load(AbstractUserInterfaceControl.java:221)
	at de.uka.ilkd.key.control.KeYEnvironment.load(KeYEnvironment.java:251)
	at de.uka.ilkd.key.control.KeYEnvironment.load(KeYEnvironment.java:224)
	at de.uka.ilkd.key.control.KeYEnvironment.load(KeYEnvironment.java:184)
	at de.uka.ilkd.key.control.KeYEnvironment.load(KeYEnvironment.java:261)
	at de.uka.ilkd.key.proof.runallproofs.proofcollection.TestFile.load(TestFile.java:270)
	at de.uka.ilkd.key.proof.runallproofs.proofcollection.TestFile.runKey(TestFile.java:160)
	at de.uka.ilkd.key.proof.runallproofs.proofcollection.ForkedTestFileRunner.main(ForkedTestFileRunner.java:171)
Caused by: de.uka.ilkd.key.proof.init.ProofInputException: Could not find rule file rules/intRulesCheckedSemantics.key
	at de.uka.ilkd.key.proof.io.KeYFile.readIncludes(KeYFile.java:210)
	at de.uka.ilkd.key.proof.init.ProblemInitializer.readIncludes(ProblemInitializer.java:177)
	at de.uka.ilkd.key.proof.init.ProblemInitializer.readEnvInput(ProblemInitializer.java:325)
	at de.uka.ilkd.key.proof.init.ProblemInitializer.prepare(ProblemInitializer.java:449)
	at de.uka.ilkd.key.proof.io.AbstractProblemLoader.createInitConfig(AbstractProblemLoader.java:518)
	at de.uka.ilkd.key.proof.io.AbstractProblemLoader.loadEnvironment(AbstractProblemLoader.java:288)
	at de.uka.ilkd.key.proof.io.AbstractProblemLoader.load(AbstractProblemLoader.java:252)
	at de.uka.ilkd.key.control.AbstractUserInterfaceControl.load(AbstractUserInterfaceControl.java:209)
	... 7 more
Caused by: java.lang.RuntimeException: Could not find rule file rules/intRulesCheckedSemantics.key
	at de.uka.ilkd.key.proof.io.RuleSourceFactory.fromBuiltInRule(RuleSourceFactory.java:32)
	at de.uka.ilkd.key.proof.io.RuleSourceFactory.fromDefaultLocation(RuleSourceFactory.java:21)
	at de.uka.ilkd.key.nparser.builder.IncludeFinder.addInclude(IncludeFinder.java:63)
	at de.uka.ilkd.key.nparser.builder.IncludeFinder.visitOne_include(IncludeFinder.java:43)
	at de.uka.ilkd.key.nparser.builder.IncludeFinder.visitOne_include(IncludeFinder.java:20)
	at de.uka.ilkd.key.nparser.KeYParser$One_includeContext.accept(KeYParser.java:878)
	at de.uka.ilkd.key.nparser.builder.AbstractBuilder.lambda$mapOf$0(AbstractBuilder.java:112)
	at java.base/java.util.stream.ReferencePipeline$3$1.accept(ReferencePipeline.java:195)
	at java.base/java.util.ArrayList$ArrayListSpliterator.forEachRemaining(ArrayList.java:1655)
	at java.base/java.util.stream.AbstractPipeline.copyInto(AbstractPipeline.java:484)
	at java.base/java.util.stream.AbstractPipeline.wrapAndCopyInto(AbstractPipeline.java:474)
	at java.base/java.util.stream.ReduceOps$ReduceOp.evaluateSequential(ReduceOps.java:913)
	at java.base/java.util.stream.AbstractPipeline.evaluate(AbstractPipeline.java:234)
	at java.base/java.util.stream.ReferencePipeline.collect(ReferencePipeline.java:578)
	at de.uka.ilkd.key.nparser.builder.AbstractBuilder.mapOf(AbstractBuilder.java:112)
	at de.uka.ilkd.key.nparser.builder.IncludeFinder.visitOne_include_statement(IncludeFinder.java:35)
	at de.uka.ilkd.key.nparser.builder.IncludeFinder.visitOne_include_statement(IncludeFinder.java:20)
	at de.uka.ilkd.key.nparser.KeYParser$One_include_statementContext.accept(KeYParser.java:802)
	at org.antlr.v4.runtime.tree.AbstractParseTreeVisitor.visitChildren(AbstractParseTreeVisitor.java:46)
	at de.uka.ilkd.key.nparser.KeYParserBaseVisitor.visitDecls(KeYParserBaseVisitor.java:30)
	at de.uka.ilkd.key.nparser.KeYParser$DeclsContext.accept(KeYParser.java:500)
	at org.antlr.v4.runtime.tree.AbstractParseTreeVisitor.visitChildren(AbstractParseTreeVisitor.java:46)
	at de.uka.ilkd.key.nparser.KeYParserBaseVisitor.visitFile(KeYParserBaseVisitor.java:23)
	at de.uka.ilkd.key.nparser.KeYParser$FileContext.accept(KeYParser.java:306)
	at de.uka.ilkd.key.nparser.KeyAst.accept(KeyAst.java:41)
	at de.uka.ilkd.key.nparser.KeyAst$File.getIncludes(KeyAst.java:76)
	at de.uka.ilkd.key.proof.io.KeYFile.readIncludes(KeYFile.java:208)
	... 14 more
Exception in thread "main" org.opentest4j.AssertionFailedError: Exception during the execution of proofs. See log for more details.
	at org.junit.jupiter.api.AssertionUtils.fail(AssertionUtils.java:39)
	at org.junit.jupiter.api.Assertions.fail(Assertions.java:134)
	at de.uka.ilkd.key.proof.runallproofs.proofcollection.ForkedTestFileRunner.main(ForkedTestFileRunner.java:192)
Timeout watcher launched (2000 secs.)
Could not find rule file rules/intRulesCheckedSemantics.key (file: /home/runner/work/key/key/key.core/../key.ui/examples/index/.././heap/model_methods/Cell_footprint_acc.key; caused by: de.uka.ilkd.key.proof.init.ProofInputException: Could not find rule file rules/intRulesCheckedSemantics.key)
	at de.uka.ilkd.key.control.AbstractUserInterfaceControl.load(AbstractUserInterfaceControl.java:221)
	at de.uka.ilkd.key.control.KeYEnvironment.load(KeYEnvironment.java:251)
	at de.uka.ilkd.key.control.KeYEnvironment.load(KeYEnvironment.java:224)
	at de.uka.ilkd.key.control.KeYEnvironment.load(KeYEnvironment.java:184)
	at de.uka.ilkd.key.control.KeYEnvironment.load(KeYEnvironment.java:261)
	at de.uka.ilkd.key.proof.runallproofs.proofcollection.TestFile.load(TestFile.java:270)
	at de.uka.ilkd.key.proof.runallproofs.proofcollection.TestFile.runKey(TestFile.java:160)
	at de.uka.ilkd.key.proof.runallproofs.proofcollection.ForkedTestFileRunner.main(ForkedTestFileRunner.java:171)
Caused by: de.uka.ilkd.key.proof.init.ProofInputException: Could not find rule file rules/intRulesCheckedSemantics.key
	at de.uka.ilkd.key.proof.io.KeYFile.readIncludes(KeYFile.java:210)
	at de.uka.ilkd.key.proof.init.ProblemInitializer.readIncludes(ProblemInitializer.java:177)
	at de.uka.ilkd.key.proof.init.ProblemInitializer.readEnvInput(ProblemInitializer.java:325)
	at de.uka.ilkd.key.proof.init.ProblemInitializer.prepare(ProblemInitializer.java:449)
	at de.uka.ilkd.key.proof.io.AbstractProblemLoader.createInitConfig(AbstractProblemLoader.java:518)
	at de.uka.ilkd.key.proof.io.AbstractProblemLoader.loadEnvironment(AbstractProblemLoader.java:288)
	at de.uka.ilkd.key.proof.io.AbstractProblemLoader.load(AbstractProblemLoader.java:252)
	at de.uka.ilkd.key.control.AbstractUserInterfaceControl.load(AbstractUserInterfaceControl.java:209)
	... 7 more
Caused by: java.lang.RuntimeException: Could not find rule file rules/intRulesCheckedSemantics.key
	at de.uka.ilkd.key.proof.io.RuleSourceFactory.fromBuiltInRule(RuleSourceFactory.java:32)
	at de.uka.ilkd.key.proof.io.RuleSourceFactory.fromDefaultLocation(RuleSourceFactory.java:21)
	at de.uka.ilkd.key.nparser.builder.IncludeFinder.addInclude(IncludeFinder.java:63)
	at de.uka.ilkd.key.nparser.builder.IncludeFinder.visitOne_include(IncludeFinder.java:43)
	at de.uka.ilkd.key.nparser.builder.IncludeFinder.visitOne_include(IncludeFinder.java:20)
	at de.uka.ilkd.key.nparser.KeYParser$One_includeContext.accept(KeYParser.java:878)
	at de.uka.ilkd.key.nparser.builder.AbstractBuilder.lambda$mapOf$0(AbstractBuilder.java:112)
	at java.base/java.util.stream.ReferencePipeline$3$1.accept(ReferencePipeline.java:195)
	at java.base/java.util.ArrayList$ArrayListSpliterator.forEachRemaining(ArrayList.java:1655)
	at java.base/java.util.stream.AbstractPipeline.copyInto(AbstractPipeline.java:484)
	at java.base/java.util.stream.AbstractPipeline.wrapAndCopyInto(AbstractPipeline.java:474)
	at java.base/java.util.stream.ReduceOps$ReduceOp.evaluateSequential(ReduceOps.java:913)
	at java.base/java.util.stream.AbstractPipeline.evaluate(AbstractPipeline.java:234)
	at java.base/java.util.stream.ReferencePipeline.collect(ReferencePipeline.java:578)
	at de.uka.ilkd.key.nparser.builder.AbstractBuilder.mapOf(AbstractBuilder.java:112)
	at de.uka.ilkd.key.nparser.builder.IncludeFinder.visitOne_include_statement(IncludeFinder.java:35)
	at de.uka.ilkd.key.nparser.builder.IncludeFinder.visitOne_include_statement(IncludeFinder.java:20)
	at de.uka.ilkd.key.nparser.KeYParser$One_include_statementContext.accept(KeYParser.java:802)
	at org.antlr.v4.runtime.tree.AbstractParseTreeVisitor.visitChildren(AbstractParseTreeVisitor.java:46)
	at de.uka.ilkd.key.nparser.KeYParserBaseVisitor.visitDecls(KeYParserBaseVisitor.java:30)
	at de.uka.ilkd.key.nparser.KeYParser$DeclsContext.accept(KeYParser.java:500)
	at org.antlr.v4.runtime.tree.AbstractParseTreeVisitor.visitChildren(AbstractParseTreeVisitor.java:46)
	at de.uka.ilkd.key.nparser.KeYParserBaseVisitor.visitFile(KeYParserBaseVisitor.java:23)
	at de.uka.ilkd.key.nparser.KeYParser$FileContext.accept(KeYParser.java:306)
	at de.uka.ilkd.key.nparser.KeyAst.accept(KeyAst.java:41)
	at de.uka.ilkd.key.nparser.KeyAst$File.getIncludes(KeyAst.java:76)
	at de.uka.ilkd.key.proof.io.KeYFile.readIncludes(KeYFile.java:208)
	... 14 more
Could not find rule file rules/intRulesCheckedSemantics.key (file: /home/runner/work/key/key/key.core/../key.ui/examples/index/.././heap/model_methods/Cell_footprint.key; caused by: de.uka.ilkd.key.proof.init.ProofInputException: Could not find rule file rules/intRulesCheckedSemantics.key)
	at de.uka.ilkd.key.control.AbstractUserInterfaceControl.load(AbstractUserInterfaceControl.java:221)
	at de.uka.ilkd.key.control.KeYEnvironment.load(KeYEnvironment.java:251)
	at de.uka.ilkd.key.control.KeYEnvironment.load(KeYEnvironment.java:224)
	at de.uka.ilkd.key.control.KeYEnvironment.load(KeYEnvironment.java:184)
	at de.uka.ilkd.key.control.KeYEnvironment.load(KeYEnvironment.java:261)
	at de.uka.ilkd.key.proof.runallproofs.proofcollection.TestFile.load(TestFile.java:270)
	at de.uka.ilkd.key.proof.runallproofs.proofcollection.TestFile.runKey(TestFile.java:160)
	at de.uka.ilkd.key.proof.runallproofs.proofcollection.ForkedTestFileRunner.main(ForkedTestFileRunner.java:171)
Caused by: de.uka.ilkd.key.proof.init.ProofInputException: Could not find rule file rules/intRulesCheckedSemantics.key
	at de.uka.ilkd.key.proof.io.KeYFile.readIncludes(KeYFile.java:210)
	at de.uka.ilkd.key.proof.init.ProblemInitializer.readIncludes(ProblemInitializer.java:177)
	at de.uka.ilkd.key.proof.init.ProblemInitializer.readEnvInput(ProblemInitializer.java:325)
	at de.uka.ilkd.key.proof.init.ProblemInitializer.prepare(ProblemInitializer.java:449)
	at de.uka.ilkd.key.proof.io.AbstractProblemLoader.createInitConfig(AbstractProblemLoader.java:518)
	at de.uka.ilkd.key.proof.io.AbstractProblemLoader.loadEnvironment(AbstractProblemLoader.java:288)
	at de.uka.ilkd.key.proof.io.AbstractProblemLoader.load(AbstractProblemLoader.java:252)
	at de.uka.ilkd.key.control.AbstractUserInterfaceControl.load(AbstractUserInterfaceControl.java:209)
	... 7 more
Caused by: java.lang.RuntimeException: Could not find rule file rules/intRulesCheckedSemantics.key
	at de.uka.ilkd.key.proof.io.RuleSourceFactory.fromBuiltInRule(RuleSourceFactory.java:32)
	at de.uka.ilkd.key.proof.io.RuleSourceFactory.fromDefaultLocation(RuleSourceFactory.java:21)
	at de.uka.ilkd.key.nparser.builder.IncludeFinder.addInclude(IncludeFinder.java:63)
	at de.uka.ilkd.key.nparser.builder.IncludeFinder.visitOne_include(IncludeFinder.java:43)
	at de.uka.ilkd.key.nparser.builder.IncludeFinder.visitOne_include(IncludeFinder.java:20)
	at de.uka.ilkd.key.nparser.KeYParser$One_includeContext.accept(KeYParser.java:878)
	at de.uka.ilkd.key.nparser.builder.AbstractBuilder.lambda$mapOf$0(AbstractBuilder.java:112)
	at java.base/java.util.stream.ReferencePipeline$3$1.accept(ReferencePipeline.java:195)
	at java.base/java.util.ArrayList$ArrayListSpliterator.forEachRemaining(ArrayList.java:1655)
	at java.base/java.util.stream.AbstractPipeline.copyInto(AbstractPipeline.java:484)
	at java.base/java.util.stream.AbstractPipeline.wrapAndCopyInto(AbstractPipeline.java:474)
	at java.base/java.util.stream.ReduceOps$ReduceOp.evaluateSequential(ReduceOps.java:913)
	at java.base/java.util.stream.AbstractPipeline.evaluate(AbstractPipeline.java:234)
	at java.base/java.util.stream.ReferencePipeline.collect(ReferencePipeline.java:578)
	at de.uka.ilkd.key.nparser.builder.AbstractBuilder.mapOf(AbstractBuilder.java:112)
	at de.uka.ilkd.key.nparser.builder.IncludeFinder.visitOne_include_statement(IncludeFinder.java:35)
	at de.uka.ilkd.key.nparser.builder.IncludeFinder.visitOne_include_statement(IncludeFinder.java:20)
	at de.uka.ilkd.key.nparser.KeYParser$One_include_statementContext.accept(KeYParser.java:802)
	at org.antlr.v4.runtime.tree.AbstractParseTreeVisitor.visitChildren(AbstractParseTreeVisitor.java:46)
	at de.uka.ilkd.key.nparser.KeYParserBaseVisitor.visitDecls(KeYParserBaseVisitor.java:30)
	at de.uka.ilkd.key.nparser.KeYParser$DeclsContext.accept(KeYParser.java:500)
	at org.antlr.v4.runtime.tree.AbstractParseTreeVisitor.visitChildren(AbstractParseTreeVisitor.java:46)
	at de.uka.ilkd.key.nparser.KeYParserBaseVisitor.visitFile(KeYParserBaseVisitor.java:23)
	at de.uka.ilkd.key.nparser.KeYParser$FileContext.accept(KeYParser.java:306)
	at de.uka.ilkd.key.nparser.KeyAst.accept(KeyAst.java:41)
	at de.uka.ilkd.key.nparser.KeyAst$File.getIncludes(KeyAst.java:76)
	at de.uka.ilkd.key.proof.io.KeYFile.readIncludes(KeYFile.java:208)
	... 14 more
Could not find rule file rules/intRulesCheckedSemantics.key (file: /home/runner/work/key/key/key.core/../key.ui/examples/index/.././heap/model_methods/Cell_get_acc.key; caused by: de.uka.ilkd.key.proof.init.ProofInputException: Could not find rule file rules/intRulesCheckedSemantics.key)
	at de.uka.ilkd.key.control.AbstractUserInterfaceControl.load(AbstractUserInterfaceControl.java:221)
	at de.uka.ilkd.key.control.KeYEnvironment.load(KeYEnvironment.java:251)
	at de.uka.ilkd.key.control.KeYEnvironment.load(KeYEnvironment.java:224)
	at de.uka.ilkd.key.control.KeYEnvironment.load(KeYEnvironment.java:184)
	at de.uka.ilkd.key.control.KeYEnvironment.load(KeYEnvironment.java:261)
	at de.uka.ilkd.key.proof.runallproofs.proofcollection.TestFile.load(TestFile.java:270)
	at de.uka.ilkd.key.proof.runallproofs.proofcollection.TestFile.runKey(TestFile.java:160)
	at de.uka.ilkd.key.proof.runallproofs.proofcollection.ForkedTestFileRunner.main(ForkedTestFileRunner.java:171)
Caused by: de.uka.ilkd.key.proof.init.ProofInputException: Could not find rule file rules/intRulesCheckedSemantics.key
	at de.uka.ilkd.key.proof.io.KeYFile.readIncludes(KeYFile.java:210)
	at de.uka.ilkd.key.proof.init.ProblemInitializer.readIncludes(ProblemInitializer.java:177)
	at de.uka.ilkd.key.proof.init.ProblemInitializer.readEnvInput(ProblemInitializer.java:325)
	at de.uka.ilkd.key.proof.init.ProblemInitializer.prepare(ProblemInitializer.java:449)
	at de.uka.ilkd.key.proof.io.AbstractProblemLoader.createInitConfig(AbstractProblemLoader.java:518)
	at de.uka.ilkd.key.proof.io.AbstractProblemLoader.loadEnvironment(AbstractProblemLoader.java:288)
	at de.uka.ilkd.key.proof.io.AbstractProblemLoader.load(AbstractProblemLoader.java:252)
	at de.uka.ilkd.key.control.AbstractUserInterfaceControl.load(AbstractUserInterfaceControl.java:209)
	... 7 more
Caused by: java.lang.RuntimeException: Could not find rule file rules/intRulesCheckedSemantics.key
	at de.uka.ilkd.key.proof.io.RuleSourceFactory.fromBuiltInRule(RuleSourceFactory.java:32)
	at de.uka.ilkd.key.proof.io.RuleSourceFactory.fromDefaultLocation(RuleSourceFactory.java:21)
	at de.uka.ilkd.key.nparser.builder.IncludeFinder.addInclude(IncludeFinder.java:63)
	at de.uka.ilkd.key.nparser.builder.IncludeFinder.visitOne_include(IncludeFinder.java:43)
	at de.uka.ilkd.key.nparser.builder.IncludeFinder.visitOne_include(IncludeFinder.java:20)
	at de.uka.ilkd.key.nparser.KeYParser$One_includeContext.accept(KeYParser.java:878)
	at de.uka.ilkd.key.nparser.builder.AbstractBuilder.lambda$mapOf$0(AbstractBuilder.java:112)
	at java.base/java.util.stream.ReferencePipeline$3$1.accept(ReferencePipeline.java:195)
	at java.base/java.util.ArrayList$ArrayListSpliterator.forEachRemaining(ArrayList.java:1655)
	at java.base/java.util.stream.AbstractPipeline.copyInto(AbstractPipeline.java:484)
	at java.base/java.util.stream.AbstractPipeline.wrapAndCopyInto(AbstractPipeline.java:474)
	at java.base/java.util.stream.ReduceOps$ReduceOp.evaluateSequential(ReduceOps.java:913)
	at java.base/java.util.stream.AbstractPipeline.evaluate(AbstractPipeline.java:234)
	at java.base/java.util.stream.ReferencePipeline.collect(ReferencePipeline.java:578)
	at de.uka.ilkd.key.nparser.builder.AbstractBuilder.mapOf(AbstractBuilder.java:112)
	at de.uka.ilkd.key.nparser.builder.IncludeFinder.visitOne_include_statement(IncludeFinder.java:35)
	at de.uka.ilkd.key.nparser.builder.IncludeFinder.visitOne_include_statement(IncludeFinder.java:20)
	at de.uka.ilkd.key.nparser.KeYParser$One_include_statementContext.accept(KeYParser.java:802)
	at org.antlr.v4.runtime.tree.AbstractParseTreeVisitor.visitChildren(AbstractParseTreeVisitor.java:46)
	at de.uka.ilkd.key.nparser.KeYParserBaseVisitor.visitDecls(KeYParserBaseVisitor.java:30)
	at de.uka.ilkd.key.nparser.KeYParser$DeclsContext.accept(KeYParser.java:500)
	at org.antlr.v4.runtime.tree.AbstractParseTreeVisitor.visitChildren(AbstractParseTreeVisitor.java:46)
	at de.uka.ilkd.key.nparser.KeYParserBaseVisitor.visitFile(KeYParserBaseVisitor.java:23)
	at de.uka.ilkd.key.nparser.KeYParser$FileContext.accept(KeYParser.java:306)
	at de.uka.ilkd.key.nparser.KeyAst.accept(KeyAst.java:41)
	at de.uka.ilkd.key.nparser.KeyAst$File.getIncludes(KeyAst.java:76)
	at de.uka.ilkd.key.proof.io.KeYFile.readIncludes(KeYFile.java:208)
	... 14 more
Could not find rule file rules/intRulesCheckedSemantics.key (file: /home/runner/work/key/key/key.core/../key.ui/examples/index/.././heap/model_methods/Cell_get.key; caused by: de.uka.ilkd.key.proof.init.ProofInputException: Could not find rule file rules/intRulesCheckedSemantics.key)
	at de.uka.ilkd.key.control.AbstractUserInterfaceControl.load(AbstractUserInterfaceControl.java:221)
	at de.uka.ilkd.key.control.KeYEnvironment.load(KeYEnvironment.java:251)
	at de.uka.ilkd.key.control.KeYEnvironment.load(KeYEnvironment.java:224)
	at de.uka.ilkd.key.control.KeYEnvironment.load(KeYEnvironment.java:184)
	at de.uka.ilkd.key.control.KeYEnvironment.load(KeYEnvironment.java:261)
	at de.uka.ilkd.key.proof.runallproofs.proofcollection.TestFile.load(TestFile.java:270)
	at de.uka.ilkd.key.proof.runallproofs.proofcollection.TestFile.runKey(TestFile.java:160)
	at de.uka.ilkd.key.proof.runallproofs.proofcollection.ForkedTestFileRunner.main(ForkedTestFileRunner.java:171)
Caused by: de.uka.ilkd.key.proof.init.ProofInputException: Could not find rule file rules/intRulesCheckedSemantics.key
	at de.uka.ilkd.key.proof.io.KeYFile.readIncludes(KeYFile.java:210)
	at de.uka.ilkd.key.proof.init.ProblemInitializer.readIncludes(ProblemInitializer.java:177)
	at de.uka.ilkd.key.proof.init.ProblemInitializer.readEnvInput(ProblemInitializer.java:325)
	at de.uka.ilkd.key.proof.init.ProblemInitializer.prepare(ProblemInitializer.java:449)
	at de.uka.ilkd.key.proof.io.AbstractProblemLoader.createInitConfig(AbstractProblemLoader.java:518)
	at de.uka.ilkd.key.proof.io.AbstractProblemLoader.loadEnvironment(AbstractProblemLoader.java:288)
	at de.uka.ilkd.key.proof.io.AbstractProblemLoader.load(AbstractProblemLoader.java:252)
	at de.uka.ilkd.key.control.AbstractUserInterfaceControl.load(AbstractUserInterfaceControl.java:209)
	... 7 more
Caused by: java.lang.RuntimeException: Could not find rule file rules/intRulesCheckedSemantics.key
	at de.uka.ilkd.key.proof.io.RuleSourceFactory.fromBuiltInRule(RuleSourceFactory.java:32)
	at de.uka.ilkd.key.proof.io.RuleSourceFactory.fromDefaultLocation(RuleSourceFactory.java:21)
	at de.uka.ilkd.key.nparser.builder.IncludeFinder.addInclude(IncludeFinder.java:63)
	at de.uka.ilkd.key.nparser.builder.IncludeFinder.visitOne_include(IncludeFinder.java:43)
	at de.uka.ilkd.key.nparser.builder.IncludeFinder.visitOne_include(IncludeFinder.java:20)
	at de.uka.ilkd.key.nparser.KeYParser$One_includeContext.accept(KeYParser.java:878)
	at de.uka.ilkd.key.nparser.builder.AbstractBuilder.lambda$mapOf$0(AbstractBuilder.java:112)
	at java.base/java.util.stream.ReferencePipeline$3$1.accept(ReferencePipeline.java:195)
	at java.base/java.util.ArrayList$ArrayListSpliterator.forEachRemaining(ArrayList.java:1655)
	at java.base/java.util.stream.AbstractPipeline.copyInto(AbstractPipeline.java:484)
	at java.base/java.util.stream.AbstractPipeline.wrapAndCopyInto(AbstractPipeline.java:474)
	at java.base/java.util.stream.ReduceOps$ReduceOp.evaluateSequential(ReduceOps.java:913)
	at java.base/java.util.stream.AbstractPipeline.evaluate(AbstractPipeline.java:234)
	at java.base/java.util.stream.ReferencePipeline.collect(ReferencePipeline.java:578)
	at de.uka.ilkd.key.nparser.builder.AbstractBuilder.mapOf(AbstractBuilder.java:112)
	at de.uka.ilkd.key.nparser.builder.IncludeFinder.visitOne_include_statement(IncludeFinder.java:35)
	at de.uka.ilkd.key.nparser.builder.IncludeFinder.visitOne_include_statement(IncludeFinder.java:20)
	at de.uka.ilkd.key.nparser.KeYParser$One_include_statementContext.accept(KeYParser.java:802)
	at org.antlr.v4.runtime.tree.AbstractParseTreeVisitor.visitChildren(AbstractParseTreeVisitor.java:46)
	at de.uka.ilkd.key.nparser.KeYParserBaseVisitor.visitDecls(KeYParserBaseVisitor.java:30)
	at de.uka.ilkd.key.nparser.KeYParser$DeclsContext.accept(KeYParser.java:500)
	at org.antlr.v4.runtime.tree.AbstractParseTreeVisitor.visitChildren(AbstractParseTreeVisitor.java:46)
	at de.uka.ilkd.key.nparser.KeYParserBaseVisitor.visitFile(KeYParserBaseVisitor.java:23)
	at de.uka.ilkd.key.nparser.KeYParser$FileContext.accept(KeYParser.java:306)
	at de.uka.ilkd.key.nparser.KeyAst.accept(KeyAst.java:41)
	at de.uka.ilkd.key.nparser.KeyAst$File.getIncludes(KeyAst.java:76)
	at de.uka.ilkd.key.proof.io.KeYFile.readIncludes(KeYFile.java:208)
	... 14 more
Could not find rule file rules/intRulesCheckedSemantics.key (file: /home/runner/work/key/key/key.core/../key.ui/examples/index/.././heap/model_methods/Cell_post_set.key; caused by: de.uka.ilkd.key.proof.init.ProofInputException: Could not find rule file rules/intRulesCheckedSemantics.key)
	at de.uka.ilkd.key.control.AbstractUserInterfaceControl.load(AbstractUserInterfaceControl.java:221)
	at de.uka.ilkd.key.control.KeYEnvironment.load(KeYEnvironment.java:251)
	at de.uka.ilkd.key.control.KeYEnvironment.load(KeYEnvironment.java:224)
	at de.uka.ilkd.key.control.KeYEnvironment.load(KeYEnvironment.java:184)
	at de.uka.ilkd.key.control.KeYEnvironment.load(KeYEnvironment.java:261)
	at de.uka.ilkd.key.proof.runallproofs.proofcollection.TestFile.load(TestFile.java:270)
	at de.uka.ilkd.key.proof.runallproofs.proofcollection.TestFile.runKey(TestFile.java:160)
	at de.uka.ilkd.key.proof.runallproofs.proofcollection.ForkedTestFileRunner.main(ForkedTestFileRunner.java:171)
Caused by: de.uka.ilkd.key.proof.init.ProofInputException: Could not find rule file rules/intRulesCheckedSemantics.key
	at de.uka.ilkd.key.proof.io.KeYFile.readIncludes(KeYFile.java:210)
	at de.uka.ilkd.key.proof.init.ProblemInitializer.readIncludes(ProblemInitializer.java:177)
	at de.uka.ilkd.key.proof.init.ProblemInitializer.readEnvInput(ProblemInitializer.java:325)
	at de.uka.ilkd.key.proof.init.ProblemInitializer.prepare(ProblemInitializer.java:449)
	at de.uka.ilkd.key.proof.io.AbstractProblemLoader.createInitConfig(AbstractProblemLoader.java:518)
	at de.uka.ilkd.key.proof.io.AbstractProblemLoader.loadEnvironment(AbstractProblemLoader.java:288)
	at de.uka.ilkd.key.proof.io.AbstractProblemLoader.load(AbstractProblemLoader.java:252)
	at de.uka.ilkd.key.control.AbstractUserInterfaceControl.load(AbstractUserInterfaceControl.java:209)
	... 7 more
Caused by: java.lang.RuntimeException: Could not find rule file rules/intRulesCheckedSemantics.key
	at de.uka.ilkd.key.proof.io.RuleSourceFactory.fromBuiltInRule(RuleSourceFactory.java:32)
	at de.uka.ilkd.key.proof.io.RuleSourceFactory.fromDefaultLocation(RuleSourceFactory.java:21)
	at de.uka.ilkd.key.nparser.builder.IncludeFinder.addInclude(IncludeFinder.java:63)
	at de.uka.ilkd.key.nparser.builder.IncludeFinder.visitOne_include(IncludeFinder.java:43)
	at de.uka.ilkd.key.nparser.builder.IncludeFinder.visitOne_include(IncludeFinder.java:20)
	at de.uka.ilkd.key.nparser.KeYParser$One_includeContext.accept(KeYParser.java:878)
	at de.uka.ilkd.key.nparser.builder.AbstractBuilder.lambda$mapOf$0(AbstractBuilder.java:112)
	at java.base/java.util.stream.ReferencePipeline$3$1.accept(ReferencePipeline.java:195)
	at java.base/java.util.ArrayList$ArrayListSpliterator.forEachRemaining(ArrayList.java:1655)
	at java.base/java.util.stream.AbstractPipeline.copyInto(AbstractPipeline.java:484)
	at java.base/java.util.stream.AbstractPipeline.wrapAndCopyInto(AbstractPipeline.java:474)
	at java.base/java.util.stream.ReduceOps$ReduceOp.evaluateSequential(ReduceOps.java:913)
	at java.base/java.util.stream.AbstractPipeline.evaluate(AbstractPipeline.java:234)
	at java.base/java.util.stream.ReferencePipeline.collect(ReferencePipeline.java:578)
	at de.uka.ilkd.key.nparser.builder.AbstractBuilder.mapOf(AbstractBuilder.java:112)
	at de.uka.ilkd.key.nparser.builder.IncludeFinder.visitOne_include_statement(IncludeFinder.java:35)
	at de.uka.ilkd.key.nparser.builder.IncludeFinder.visitOne_include_statement(IncludeFinder.java:20)
	at de.uka.ilkd.key.nparser.KeYParser$One_include_statementContext.accept(KeYParser.java:802)
	at org.antlr.v4.runtime.tree.AbstractParseTreeVisitor.visitChildren(AbstractParseTreeVisitor.java:46)
	at de.uka.ilkd.key.nparser.KeYParserBaseVisitor.visitDecls(KeYParserBaseVisitor.java:30)
	at de.uka.ilkd.key.nparser.KeYParser$DeclsContext.accept(KeYParser.java:500)
	at org.antlr.v4.runtime.tree.AbstractParseTreeVisitor.visitChildren(AbstractParseTreeVisitor.java:46)
	at de.uka.ilkd.key.nparser.KeYParserBaseVisitor.visitFile(KeYParserBaseVisitor.java:23)
	at de.uka.ilkd.key.nparser.KeYParser$FileContext.accept(KeYParser.java:306)
	at de.uka.ilkd.key.nparser.KeyAst.accept(KeyAst.java:41)
	at de.uka.ilkd.key.nparser.KeyAst$File.getIncludes(KeyAst.java:76)
	at de.uka.ilkd.key.proof.io.KeYFile.readIncludes(KeYFile.java:208)
	... 14 more
Could not find rule file rules/intRulesCheckedSemantics.key (file: /home/runner/work/key/key/key.core/../key.ui/examples/index/.././heap/model_methods/Cell_set.key; caused by: de.uka.ilkd.key.proof.init.ProofInputException: Could not find rule file rules/intRulesCheckedSemantics.key)
	at de.uka.ilkd.key.control.AbstractUserInterfaceControl.load(AbstractUserInterfaceControl.java:221)
	at de.uka.ilkd.key.control.KeYEnvironment.load(KeYEnvironment.java:251)
	at de.uka.ilkd.key.control.KeYEnvironment.load(KeYEnvironment.java:224)
	at de.uka.ilkd.key.control.KeYEnvironment.load(KeYEnvironment.java:184)
	at de.uka.ilkd.key.control.KeYEnvironment.load(KeYEnvironment.java:261)
	at de.uka.ilkd.key.proof.runallproofs.proofcollection.TestFile.load(TestFile.java:270)
	at de.uka.ilkd.key.proof.runallproofs.proofcollection.TestFile.runKey(TestFile.java:160)
	at de.uka.ilkd.key.proof.runallproofs.proofcollection.ForkedTestFileRunner.main(ForkedTestFileRunner.java:171)
Caused by: de.uka.ilkd.key.proof.init.ProofInputException: Could not find rule file rules/intRulesCheckedSemantics.key
	at de.uka.ilkd.key.proof.io.KeYFile.readIncludes(KeYFile.java:210)
	at de.uka.ilkd.key.proof.init.ProblemInitializer.readIncludes(ProblemInitializer.java:177)
	at de.uka.ilkd.key.proof.init.ProblemInitializer.readEnvInput(ProblemInitializer.java:325)
	at de.uka.ilkd.key.proof.init.ProblemInitializer.prepare(ProblemInitializer.java:449)
	at de.uka.ilkd.key.proof.io.AbstractProblemLoader.createInitConfig(AbstractProblemLoader.java:518)
	at de.uka.ilkd.key.proof.io.AbstractProblemLoader.loadEnvironment(AbstractProblemLoader.java:288)
	at de.uka.ilkd.key.proof.io.AbstractProblemLoader.load(AbstractProblemLoader.java:252)
	at de.uka.ilkd.key.control.AbstractUserInterfaceControl.load(AbstractUserInterfaceControl.java:209)
	... 7 more
Caused by: java.lang.RuntimeException: Could not find rule file rules/intRulesCheckedSemantics.key
	at de.uka.ilkd.key.proof.io.RuleSourceFactory.fromBuiltInRule(RuleSourceFactory.java:32)
	at de.uka.ilkd.key.proof.io.RuleSourceFactory.fromDefaultLocation(RuleSourceFactory.java:21)
	at de.uka.ilkd.key.nparser.builder.IncludeFinder.addInclude(IncludeFinder.java:63)
	at de.uka.ilkd.key.nparser.builder.IncludeFinder.visitOne_include(IncludeFinder.java:43)
	at de.uka.ilkd.key.nparser.builder.IncludeFinder.visitOne_include(IncludeFinder.java:20)
	at de.uka.ilkd.key.nparser.KeYParser$One_includeContext.accept(KeYParser.java:878)
	at de.uka.ilkd.key.nparser.builder.AbstractBuilder.lambda$mapOf$0(AbstractBuilder.java:112)
	at java.base/java.util.stream.ReferencePipeline$3$1.accept(ReferencePipeline.java:195)
	at java.base/java.util.ArrayList$ArrayListSpliterator.forEachRemaining(ArrayList.java:1655)
	at java.base/java.util.stream.AbstractPipeline.copyInto(AbstractPipeline.java:484)
	at java.base/java.util.stream.AbstractPipeline.wrapAndCopyInto(AbstractPipeline.java:474)
	at java.base/java.util.stream.ReduceOps$ReduceOp.evaluateSequential(ReduceOps.java:913)
	at java.base/java.util.stream.AbstractPipeline.evaluate(AbstractPipeline.java:234)
	at java.base/java.util.stream.ReferencePipeline.collect(ReferencePipeline.java:578)
	at de.uka.ilkd.key.nparser.builder.AbstractBuilder.mapOf(AbstractBuilder.java:112)
	at de.uka.ilkd.key.nparser.builder.IncludeFinder.visitOne_include_statement(IncludeFinder.java:35)
	at de.uka.ilkd.key.nparser.builder.IncludeFinder.visitOne_include_statement(IncludeFinder.java:20)
	at de.uka.ilkd.key.nparser.KeYParser$One_include_statementContext.accept(KeYParser.java:802)
	at org.antlr.v4.runtime.tree.AbstractParseTreeVisitor.visitChildren(AbstractParseTreeVisitor.java:46)
	at de.uka.ilkd.key.nparser.KeYParserBaseVisitor.visitDecls(KeYParserBaseVisitor.java:30)
	at de.uka.ilkd.key.nparser.KeYParser$DeclsContext.accept(KeYParser.java:500)
	at org.antlr.v4.runtime.tree.AbstractParseTreeVisitor.visitChildren(AbstractParseTreeVisitor.java:46)
	at de.uka.ilkd.key.nparser.KeYParserBaseVisitor.visitFile(KeYParserBaseVisitor.java:23)
	at de.uka.ilkd.key.nparser.KeYParser$FileContext.accept(KeYParser.java:306)
	at de.uka.ilkd.key.nparser.KeyAst.accept(KeyAst.java:41)
	at de.uka.ilkd.key.nparser.KeyAst$File.getIncludes(KeyAst.java:76)
	at de.uka.ilkd.key.proof.io.KeYFile.readIncludes(KeYFile.java:208)
	... 14 more
Could not find rule file rules/intRulesCheckedSemantics.key (file: /home/runner/work/key/key/key.core/../key.ui/examples/index/.././heap/model_methods/CellTest_callSet.key; caused by: de.uka.ilkd.key.proof.init.ProofInputException: Could not find rule file rules/intRulesCheckedSemantics.key)
	at de.uka.ilkd.key.control.AbstractUserInterfaceControl.load(AbstractUserInterfaceControl.java:221)
	at de.uka.ilkd.key.control.KeYEnvironment.load(KeYEnvironment.java:251)
	at de.uka.ilkd.key.control.KeYEnvironment.load(KeYEnvironment.java:224)
	at de.uka.ilkd.key.control.KeYEnvironment.load(KeYEnvironment.java:184)
	at de.uka.ilkd.key.control.KeYEnvironment.load(KeYEnvironment.java:261)
	at de.uka.ilkd.key.proof.runallproofs.proofcollection.TestFile.load(TestFile.java:270)
	at de.uka.ilkd.key.proof.runallproofs.proofcollection.TestFile.runKey(TestFile.java:160)
	at de.uka.ilkd.key.proof.runallproofs.proofcollection.ForkedTestFileRunner.main(ForkedTestFileRunner.java:171)
Caused by: de.uka.ilkd.key.proof.init.ProofInputException: Could not find rule file rules/intRulesCheckedSemantics.key
	at de.uka.ilkd.key.proof.io.KeYFile.readIncludes(KeYFile.java:210)
	at de.uka.ilkd.key.proof.init.ProblemInitializer.readIncludes(ProblemInitializer.java:177)
	at de.uka.ilkd.key.proof.init.ProblemInitializer.readEnvInput(ProblemInitializer.java:325)
	at de.uka.ilkd.key.proof.init.ProblemInitializer.prepare(ProblemInitializer.java:449)
	at de.uka.ilkd.key.proof.io.AbstractProblemLoader.createInitConfig(AbstractProblemLoader.java:518)
	at de.uka.ilkd.key.proof.io.AbstractProblemLoader.loadEnvironment(AbstractProblemLoader.java:288)
	at de.uka.ilkd.key.proof.io.AbstractProblemLoader.load(AbstractProblemLoader.java:252)
	at de.uka.ilkd.key.control.AbstractUserInterfaceControl.load(AbstractUserInterfaceControl.java:209)
	... 7 more
Caused by: java.lang.RuntimeException: Could not find rule file rules/intRulesCheckedSemantics.key
	at de.uka.ilkd.key.proof.io.RuleSourceFactory.fromBuiltInRule(RuleSourceFactory.java:32)
	at de.uka.ilkd.key.proof.io.RuleSourceFactory.fromDefaultLocation(RuleSourceFactory.java:21)
	at de.uka.ilkd.key.nparser.builder.IncludeFinder.addInclude(IncludeFinder.java:63)
	at de.uka.ilkd.key.nparser.builder.IncludeFinder.visitOne_include(IncludeFinder.java:43)
	at de.uka.ilkd.key.nparser.builder.IncludeFinder.visitOne_include(IncludeFinder.java:20)
	at de.uka.ilkd.key.nparser.KeYParser$One_includeContext.accept(KeYParser.java:878)
	at de.uka.ilkd.key.nparser.builder.AbstractBuilder.lambda$mapOf$0(AbstractBuilder.java:112)
	at java.base/java.util.stream.ReferencePipeline$3$1.accept(ReferencePipeline.java:195)
	at java.base/java.util.ArrayList$ArrayListSpliterator.forEachRemaining(ArrayList.java:1655)
	at java.base/java.util.stream.AbstractPipeline.copyInto(AbstractPipeline.java:484)
	at java.base/java.util.stream.AbstractPipeline.wrapAndCopyInto(AbstractPipeline.java:474)
	at java.base/java.util.stream.ReduceOps$ReduceOp.evaluateSequential(ReduceOps.java:913)
	at java.base/java.util.stream.AbstractPipeline.evaluate(AbstractPipeline.java:234)
	at java.base/java.util.stream.ReferencePipeline.collect(ReferencePipeline.java:578)
	at de.uka.ilkd.key.nparser.builder.AbstractBuilder.mapOf(AbstractBuilder.java:112)
	at de.uka.ilkd.key.nparser.builder.IncludeFinder.visitOne_include_statement(IncludeFinder.java:35)
	at de.uka.ilkd.key.nparser.builder.IncludeFinder.visitOne_include_statement(IncludeFinder.java:20)
	at de.uka.ilkd.key.nparser.KeYParser$One_include_statementContext.accept(KeYParser.java:802)
	at org.antlr.v4.runtime.tree.AbstractParseTreeVisitor.visitChildren(AbstractParseTreeVisitor.java:46)
	at de.uka.ilkd.key.nparser.KeYParserBaseVisitor.visitDecls(KeYParserBaseVisitor.java:30)
	at de.uka.ilkd.key.nparser.KeYParser$DeclsContext.accept(KeYParser.java:500)
	at org.antlr.v4.runtime.tree.AbstractParseTreeVisitor.visitChildren(AbstractParseTreeVisitor.java:46)
	at de.uka.ilkd.key.nparser.KeYParserBaseVisitor.visitFile(KeYParserBaseVisitor.java:23)
	at de.uka.ilkd.key.nparser.KeYParser$FileContext.accept(KeYParser.java:306)
	at de.uka.ilkd.key.nparser.KeyAst.accept(KeyAst.java:41)
	at de.uka.ilkd.key.nparser.KeyAst$File.getIncludes(KeyAst.java:76)
	at de.uka.ilkd.key.proof.io.KeYFile.readIncludes(KeYFile.java:208)
	... 14 more
Could not find rule file rules/intRulesCheckedSemantics.key (file: /home/runner/work/key/key/key.core/../key.ui/examples/index/.././heap/model_methods/CellTest_test2.key; caused by: de.uka.ilkd.key.proof.init.ProofInputException: Could not find rule file rules/intRulesCheckedSemantics.key)
	at de.uka.ilkd.key.control.AbstractUserInterfaceControl.load(AbstractUserInterfaceControl.java:221)
	at de.uka.ilkd.key.control.KeYEnvironment.load(KeYEnvironment.java:251)
	at de.uka.ilkd.key.control.KeYEnvironment.load(KeYEnvironment.java:224)
	at de.uka.ilkd.key.control.KeYEnvironment.load(KeYEnvironment.java:184)
	at de.uka.ilkd.key.control.KeYEnvironment.load(KeYEnvironment.java:261)
	at de.uka.ilkd.key.proof.runallproofs.proofcollection.TestFile.load(TestFile.java:270)
	at de.uka.ilkd.key.proof.runallproofs.proofcollection.TestFile.runKey(TestFile.java:160)
	at de.uka.ilkd.key.proof.runallproofs.proofcollection.ForkedTestFileRunner.main(ForkedTestFileRunner.java:171)
Caused by: de.uka.ilkd.key.proof.init.ProofInputException: Could not find rule file rules/intRulesCheckedSemantics.key
	at de.uka.ilkd.key.proof.io.KeYFile.readIncludes(KeYFile.java:210)
	at de.uka.ilkd.key.proof.init.ProblemInitializer.readIncludes(ProblemInitializer.java:177)
	at de.uka.ilkd.key.proof.init.ProblemInitializer.readEnvInput(ProblemInitializer.java:325)
	at de.uka.ilkd.key.proof.init.ProblemInitializer.prepare(ProblemInitializer.java:449)
	at de.uka.ilkd.key.proof.io.AbstractProblemLoader.createInitConfig(AbstractProblemLoader.java:518)
	at de.uka.ilkd.key.proof.io.AbstractProblemLoader.loadEnvironment(AbstractProblemLoader.java:288)
	at de.uka.ilkd.key.proof.io.AbstractProblemLoader.load(AbstractProblemLoader.java:252)
	at de.uka.ilkd.key.control.AbstractUserInterfaceControl.load(AbstractUserInterfaceControl.java:209)
	... 7 more
Caused by: java.lang.RuntimeException: Could not find rule file rules/intRulesCheckedSemantics.key
	at de.uka.ilkd.key.proof.io.RuleSourceFactory.fromBuiltInRule(RuleSourceFactory.java:32)
	at de.uka.ilkd.key.proof.io.RuleSourceFactory.fromDefaultLocation(RuleSourceFactory.java:21)
	at de.uka.ilkd.key.nparser.builder.IncludeFinder.addInclude(IncludeFinder.java:63)
	at de.uka.ilkd.key.nparser.builder.IncludeFinder.visitOne_include(IncludeFinder.java:43)
	at de.uka.ilkd.key.nparser.builder.IncludeFinder.visitOne_include(IncludeFinder.java:20)
	at de.uka.ilkd.key.nparser.KeYParser$One_includeContext.accept(KeYParser.java:878)
	at de.uka.ilkd.key.nparser.builder.AbstractBuilder.lambda$mapOf$0(AbstractBuilder.java:112)
	at java.base/java.util.stream.ReferencePipeline$3$1.accept(ReferencePipeline.java:195)
	at java.base/java.util.ArrayList$ArrayListSpliterator.forEachRemaining(ArrayList.java:1655)
	at java.base/java.util.stream.AbstractPipeline.copyInto(AbstractPipeline.java:484)
	at java.base/java.util.stream.AbstractPipeline.wrapAndCopyInto(AbstractPipeline.java:474)
	at java.base/java.util.stream.ReduceOps$ReduceOp.evaluateSequential(ReduceOps.java:913)
	at java.base/java.util.stream.AbstractPipeline.evaluate(AbstractPipeline.java:234)
	at java.base/java.util.stream.ReferencePipeline.collect(ReferencePipeline.java:578)
	at de.uka.ilkd.key.nparser.builder.AbstractBuilder.mapOf(AbstractBuilder.java:112)
	at de.uka.ilkd.key.nparser.builder.IncludeFinder.visitOne_include_statement(IncludeFinder.java:35)
	at de.uka.ilkd.key.nparser.builder.IncludeFinder.visitOne_include_statement(IncludeFinder.java:20)
	at de.uka.ilkd.key.nparser.KeYParser$One_include_statementContext.accept(KeYParser.java:802)
	at org.antlr.v4.runtime.tree.AbstractParseTreeVisitor.visitChildren(AbstractParseTreeVisitor.java:46)
	at de.uka.ilkd.key.nparser.KeYParserBaseVisitor.visitDecls(KeYParserBaseVisitor.java:30)
	at de.uka.ilkd.key.nparser.KeYParser$DeclsContext.accept(KeYParser.java:500)
	at org.antlr.v4.runtime.tree.AbstractParseTreeVisitor.visitChildren(AbstractParseTreeVisitor.java:46)
	at de.uka.ilkd.key.nparser.KeYParserBaseVisitor.visitFile(KeYParserBaseVisitor.java:23)
	at de.uka.ilkd.key.nparser.KeYParser$FileContext.accept(KeYParser.java:306)
	at de.uka.ilkd.key.nparser.KeyAst.accept(KeyAst.java:41)
	at de.uka.ilkd.key.nparser.KeyAst$File.getIncludes(KeyAst.java:76)
	at de.uka.ilkd.key.proof.io.KeYFile.readIncludes(KeYFile.java:208)
	... 14 more
Could not find rule file rules/intRulesCheckedSemantics.key (file: /home/runner/work/key/key/key.core/../key.ui/examples/index/.././heap/model_methods/CellTest_test.key; caused by: de.uka.ilkd.key.proof.init.ProofInputException: Could not find rule file rules/intRulesCheckedSemantics.key)
	at de.uka.ilkd.key.control.AbstractUserInterfaceControl.load(AbstractUserInterfaceControl.java:221)
	at de.uka.ilkd.key.control.KeYEnvironment.load(KeYEnvironment.java:251)
	at de.uka.ilkd.key.control.KeYEnvironment.load(KeYEnvironment.java:224)
	at de.uka.ilkd.key.control.KeYEnvironment.load(KeYEnvironment.java:184)
	at de.uka.ilkd.key.control.KeYEnvironment.load(KeYEnvironment.java:261)
	at de.uka.ilkd.key.proof.runallproofs.proofcollection.TestFile.load(TestFile.java:270)
	at de.uka.ilkd.key.proof.runallproofs.proofcollection.TestFile.runKey(TestFile.java:160)
	at de.uka.ilkd.key.proof.runallproofs.proofcollection.ForkedTestFileRunner.main(ForkedTestFileRunner.java:171)
Caused by: de.uka.ilkd.key.proof.init.ProofInputException: Could not find rule file rules/intRulesCheckedSemantics.key
	at de.uka.ilkd.key.proof.io.KeYFile.readIncludes(KeYFile.java:210)
	at de.uka.ilkd.key.proof.init.ProblemInitializer.readIncludes(ProblemInitializer.java:177)
	at de.uka.ilkd.key.proof.init.ProblemInitializer.readEnvInput(ProblemInitializer.java:325)
	at de.uka.ilkd.key.proof.init.ProblemInitializer.prepare(ProblemInitializer.java:449)
	at de.uka.ilkd.key.proof.io.AbstractProblemLoader.createInitConfig(AbstractProblemLoader.java:518)
	at de.uka.ilkd.key.proof.io.AbstractProblemLoader.loadEnvironment(AbstractProblemLoader.java:288)
	at de.uka.ilkd.key.proof.io.AbstractProblemLoader.load(AbstractProblemLoader.java:252)
	at de.uka.ilkd.key.control.AbstractUserInterfaceControl.load(AbstractUserInterfaceControl.java:209)
	... 7 more
Caused by: java.lang.RuntimeException: Could not find rule file rules/intRulesCheckedSemantics.key
	at de.uka.ilkd.key.proof.io.RuleSourceFactory.fromBuiltInRule(RuleSourceFactory.java:32)
	at de.uka.ilkd.key.proof.io.RuleSourceFactory.fromDefaultLocation(RuleSourceFactory.java:21)
	at de.uka.ilkd.key.nparser.builder.IncludeFinder.addInclude(IncludeFinder.java:63)
	at de.uka.ilkd.key.nparser.builder.IncludeFinder.visitOne_include(IncludeFinder.java:43)
	at de.uka.ilkd.key.nparser.builder.IncludeFinder.visitOne_include(IncludeFinder.java:20)
	at de.uka.ilkd.key.nparser.KeYParser$One_includeContext.accept(KeYParser.java:878)
	at de.uka.ilkd.key.nparser.builder.AbstractBuilder.lambda$mapOf$0(AbstractBuilder.java:112)
	at java.base/java.util.stream.ReferencePipeline$3$1.accept(ReferencePipeline.java:195)
	at java.base/java.util.ArrayList$ArrayListSpliterator.forEachRemaining(ArrayList.java:1655)
	at java.base/java.util.stream.AbstractPipeline.copyInto(AbstractPipeline.java:484)
	at java.base/java.util.stream.AbstractPipeline.wrapAndCopyInto(AbstractPipeline.java:474)
	at java.base/java.util.stream.ReduceOps$ReduceOp.evaluateSequential(ReduceOps.java:913)
	at java.base/java.util.stream.AbstractPipeline.evaluate(AbstractPipeline.java:234)
	at java.base/java.util.stream.ReferencePipeline.collect(ReferencePipeline.java:578)
	at de.uka.ilkd.key.nparser.builder.AbstractBuilder.mapOf(AbstractBuilder.java:112)
	at de.uka.ilkd.key.nparser.builder.IncludeFinder.visitOne_include_statement(IncludeFinder.java:35)
	at de.uka.ilkd.key.nparser.builder.IncludeFinder.visitOne_include_statement(IncludeFinder.java:20)
	at de.uka.ilkd.key.nparser.KeYParser$One_include_statementContext.accept(KeYParser.java:802)
	at org.antlr.v4.runtime.tree.AbstractParseTreeVisitor.visitChildren(AbstractParseTreeVisitor.java:46)
	at de.uka.ilkd.key.nparser.KeYParserBaseVisitor.visitDecls(KeYParserBaseVisitor.java:30)
	at de.uka.ilkd.key.nparser.KeYParser$DeclsContext.accept(KeYParser.java:500)
	at org.antlr.v4.runtime.tree.AbstractParseTreeVisitor.visitChildren(AbstractParseTreeVisitor.java:46)
	at de.uka.ilkd.key.nparser.KeYParserBaseVisitor.visitFile(KeYParserBaseVisitor.java:23)
	at de.uka.ilkd.key.nparser.KeYParser$FileContext.accept(KeYParser.java:306)
	at de.uka.ilkd.key.nparser.KeyAst.accept(KeyAst.java:41)
	at de.uka.ilkd.key.nparser.KeyAst$File.getIncludes(KeyAst.java:76)
	at de.uka.ilkd.key.proof.io.KeYFile.readIncludes(KeYFile.java:208)
	... 14 more
Could not find rule file rules/intRulesCheckedSemantics.key (file: /home/runner/work/key/key/key.core/../key.ui/examples/index/.././heap/model_methods/Coll1_add.key; caused by: de.uka.ilkd.key.proof.init.ProofInputException: Could not find rule file rules/intRulesCheckedSemantics.key)
	at de.uka.ilkd.key.control.AbstractUserInterfaceControl.load(AbstractUserInterfaceControl.java:221)
	at de.uka.ilkd.key.control.KeYEnvironment.load(KeYEnvironment.java:251)
	at de.uka.ilkd.key.control.KeYEnvironment.load(KeYEnvironment.java:224)
	at de.uka.ilkd.key.control.KeYEnvironment.load(KeYEnvironment.java:184)
	at de.uka.ilkd.key.control.KeYEnvironment.load(KeYEnvironment.java:261)
	at de.uka.ilkd.key.proof.runallproofs.proofcollection.TestFile.load(TestFile.java:270)
	at de.uka.ilkd.key.proof.runallproofs.proofcollection.TestFile.runKey(TestFile.java:160)
	at de.uka.ilkd.key.proof.runallproofs.proofcollection.ForkedTestFileRunner.main(ForkedTestFileRunner.java:171)
Caused by: de.uka.ilkd.key.proof.init.ProofInputException: Could not find rule file rules/intRulesCheckedSemantics.key
	at de.uka.ilkd.key.proof.io.KeYFile.readIncludes(KeYFile.java:210)
	at de.uka.ilkd.key.proof.init.ProblemInitializer.readIncludes(ProblemInitializer.java:177)
	at de.uka.ilkd.key.proof.init.ProblemInitializer.readEnvInput(ProblemInitializer.java:325)
	at de.uka.ilkd.key.proof.init.ProblemInitializer.prepare(ProblemInitializer.java:449)
	at de.uka.ilkd.key.proof.io.AbstractProblemLoader.createInitConfig(AbstractProblemLoader.java:518)
	at de.uka.ilkd.key.proof.io.AbstractProblemLoader.loadEnvironment(AbstractProblemLoader.java:288)
	at de.uka.ilkd.key.proof.io.AbstractProblemLoader.load(AbstractProblemLoader.java:252)
	at de.uka.ilkd.key.control.AbstractUserInterfaceControl.load(AbstractUserInterfaceControl.java:209)
	... 7 more
Caused by: java.lang.RuntimeException: Could not find rule file rules/intRulesCheckedSemantics.key
	at de.uka.ilkd.key.proof.io.RuleSourceFactory.fromBuiltInRule(RuleSourceFactory.java:32)
	at de.uka.ilkd.key.proof.io.RuleSourceFactory.fromDefaultLocation(RuleSourceFactory.java:21)
	at de.uka.ilkd.key.nparser.builder.IncludeFinder.addInclude(IncludeFinder.java:63)
	at de.uka.ilkd.key.nparser.builder.IncludeFinder.visitOne_include(IncludeFinder.java:43)
	at de.uka.ilkd.key.nparser.builder.IncludeFinder.visitOne_include(IncludeFinder.java:20)
	at de.uka.ilkd.key.nparser.KeYParser$One_includeContext.accept(KeYParser.java:878)
	at de.uka.ilkd.key.nparser.builder.AbstractBuilder.lambda$mapOf$0(AbstractBuilder.java:112)
	at java.base/java.util.stream.ReferencePipeline$3$1.accept(ReferencePipeline.java:195)
	at java.base/java.util.ArrayList$ArrayListSpliterator.forEachRemaining(ArrayList.java:1655)
	at java.base/java.util.stream.AbstractPipeline.copyInto(AbstractPipeline.java:484)
	at java.base/java.util.stream.AbstractPipeline.wrapAndCopyInto(AbstractPipeline.java:474)
	at java.base/java.util.stream.ReduceOps$ReduceOp.evaluateSequential(ReduceOps.java:913)
	at java.base/java.util.stream.AbstractPipeline.evaluate(AbstractPipeline.java:234)
	at java.base/java.util.stream.ReferencePipeline.collect(ReferencePipeline.java:578)
	at de.uka.ilkd.key.nparser.builder.AbstractBuilder.mapOf(AbstractBuilder.java:112)
	at de.uka.ilkd.key.nparser.builder.IncludeFinder.visitOne_include_statement(IncludeFinder.java:35)
	at de.uka.ilkd.key.nparser.builder.IncludeFinder.visitOne_include_statement(IncludeFinder.java:20)
	at de.uka.ilkd.key.nparser.KeYParser$One_include_statementContext.accept(KeYParser.java:802)
	at org.antlr.v4.runtime.tree.AbstractParseTreeVisitor.visitChildren(AbstractParseTreeVisitor.java:46)
	at de.uka.ilkd.key.nparser.KeYParserBaseVisitor.visitDecls(KeYParserBaseVisitor.java:30)
	at de.uka.ilkd.key.nparser.KeYParser$DeclsContext.accept(KeYParser.java:500)
	at org.antlr.v4.runtime.tree.AbstractParseTreeVisitor.visitChildren(AbstractParseTreeVisitor.java:46)
	at de.uka.ilkd.key.nparser.KeYParserBaseVisitor.visitFile(KeYParserBaseVisitor.java:23)
	at de.uka.ilkd.key.nparser.KeYParser$FileContext.accept(KeYParser.java:306)
	at de.uka.ilkd.key.nparser.KeyAst.accept(KeyAst.java:41)
	at de.uka.ilkd.key.nparser.KeyAst$File.getIncludes(KeyAst.java:76)
	at de.uka.ilkd.key.proof.io.KeYFile.readIncludes(KeYFile.java:208)
	... 14 more
Could not find rule file rules/intRulesCheckedSemantics.key (file: /home/runner/work/key/key/key.core/../key.ui/examples/index/.././heap/model_methods/Coll1_Coll1_add_pre.key; caused by: de.uka.ilkd.key.proof.init.ProofInputException: Could not find rule file rules/intRulesCheckedSemantics.key)
	at de.uka.ilkd.key.control.AbstractUserInterfaceControl.load(AbstractUserInterfaceControl.java:221)
	at de.uka.ilkd.key.control.KeYEnvironment.load(KeYEnvironment.java:251)
	at de.uka.ilkd.key.control.KeYEnvironment.load(KeYEnvironment.java:224)
	at de.uka.ilkd.key.control.KeYEnvironment.load(KeYEnvironment.java:184)
	at de.uka.ilkd.key.control.KeYEnvironment.load(KeYEnvironment.java:261)
	at de.uka.ilkd.key.proof.runallproofs.proofcollection.TestFile.load(TestFile.java:270)
	at de.uka.ilkd.key.proof.runallproofs.proofcollection.TestFile.runKey(TestFile.java:160)
	at de.uka.ilkd.key.proof.runallproofs.proofcollection.ForkedTestFileRunner.main(ForkedTestFileRunner.java:171)
Caused by: de.uka.ilkd.key.proof.init.ProofInputException: Could not find rule file rules/intRulesCheckedSemantics.key
	at de.uka.ilkd.key.proof.io.KeYFile.readIncludes(KeYFile.java:210)
	at de.uka.ilkd.key.proof.init.ProblemInitializer.readIncludes(ProblemInitializer.java:177)
	at de.uka.ilkd.key.proof.init.ProblemInitializer.readEnvInput(ProblemInitializer.java:325)
	at de.uka.ilkd.key.proof.init.ProblemInitializer.prepare(ProblemInitializer.java:449)
	at de.uka.ilkd.key.proof.io.AbstractProblemLoader.createInitConfig(AbstractProblemLoader.java:518)
	at de.uka.ilkd.key.proof.io.AbstractProblemLoader.loadEnvironment(AbstractProblemLoader.java:288)
	at de.uka.ilkd.key.proof.io.AbstractProblemLoader.load(AbstractProblemLoader.java:252)
	at de.uka.ilkd.key.control.AbstractUserInterfaceControl.load(AbstractUserInterfaceControl.java:209)
	... 7 more
Caused by: java.lang.RuntimeException: Could not find rule file rules/intRulesCheckedSemantics.key
	at de.uka.ilkd.key.proof.io.RuleSourceFactory.fromBuiltInRule(RuleSourceFactory.java:32)
	at de.uka.ilkd.key.proof.io.RuleSourceFactory.fromDefaultLocation(RuleSourceFactory.java:21)
	at de.uka.ilkd.key.nparser.builder.IncludeFinder.addInclude(IncludeFinder.java:63)
	at de.uka.ilkd.key.nparser.builder.IncludeFinder.visitOne_include(IncludeFinder.java:43)
	at de.uka.ilkd.key.nparser.builder.IncludeFinder.visitOne_include(IncludeFinder.java:20)
	at de.uka.ilkd.key.nparser.KeYParser$One_includeContext.accept(KeYParser.java:878)
	at de.uka.ilkd.key.nparser.builder.AbstractBuilder.lambda$mapOf$0(AbstractBuilder.java:112)
	at java.base/java.util.stream.ReferencePipeline$3$1.accept(ReferencePipeline.java:195)
	at java.base/java.util.ArrayList$ArrayListSpliterator.forEachRemaining(ArrayList.java:1655)
	at java.base/java.util.stream.AbstractPipeline.copyInto(AbstractPipeline.java:484)
	at java.base/java.util.stream.AbstractPipeline.wrapAndCopyInto(AbstractPipeline.java:474)
	at java.base/java.util.stream.ReduceOps$ReduceOp.evaluateSequential(ReduceOps.java:913)
	at java.base/java.util.stream.AbstractPipeline.evaluate(AbstractPipeline.java:234)
	at java.base/java.util.stream.ReferencePipeline.collect(ReferencePipeline.java:578)
	at de.uka.ilkd.key.nparser.builder.AbstractBuilder.mapOf(AbstractBuilder.java:112)
	at de.uka.ilkd.key.nparser.builder.IncludeFinder.visitOne_include_statement(IncludeFinder.java:35)
	at de.uka.ilkd.key.nparser.builder.IncludeFinder.visitOne_include_statement(IncludeFinder.java:20)
	at de.uka.ilkd.key.nparser.KeYParser$One_include_statementContext.accept(KeYParser.java:802)
	at org.antlr.v4.runtime.tree.AbstractParseTreeVisitor.visitChildren(AbstractParseTreeVisitor.java:46)
	at de.uka.ilkd.key.nparser.KeYParserBaseVisitor.visitDecls(KeYParserBaseVisitor.java:30)
	at de.uka.ilkd.key.nparser.KeYParser$DeclsContext.accept(KeYParser.java:500)
	at org.antlr.v4.runtime.tree.AbstractParseTreeVisitor.visitChildren(AbstractParseTreeVisitor.java:46)
	at de.uka.ilkd.key.nparser.KeYParserBaseVisitor.visitFile(KeYParserBaseVisitor.java:23)
	at de.uka.ilkd.key.nparser.KeYParser$FileContext.accept(KeYParser.java:306)
	at de.uka.ilkd.key.nparser.KeyAst.accept(KeyAst.java:41)
	at de.uka.ilkd.key.nparser.KeyAst$File.getIncludes(KeyAst.java:76)
	at de.uka.ilkd.key.proof.io.KeYFile.readIncludes(KeYFile.java:208)
	... 14 more
Could not find rule file rules/intRulesCheckedSemantics.key (file: /home/runner/work/key/key/key.core/../key.ui/examples/index/.././heap/model_methods/Coll1_Coll_add_pre.key; caused by: de.uka.ilkd.key.proof.init.ProofInputException: Could not find rule file rules/intRulesCheckedSemantics.key)
	at de.uka.ilkd.key.control.AbstractUserInterfaceControl.load(AbstractUserInterfaceControl.java:221)
	at de.uka.ilkd.key.control.KeYEnvironment.load(KeYEnvironment.java:251)
	at de.uka.ilkd.key.control.KeYEnvironment.load(KeYEnvironment.java:224)
	at de.uka.ilkd.key.control.KeYEnvironment.load(KeYEnvironment.java:184)
	at de.uka.ilkd.key.control.KeYEnvironment.load(KeYEnvironment.java:261)
	at de.uka.ilkd.key.proof.runallproofs.proofcollection.TestFile.load(TestFile.java:270)
	at de.uka.ilkd.key.proof.runallproofs.proofcollection.TestFile.runKey(TestFile.java:160)
	at de.uka.ilkd.key.proof.runallproofs.proofcollection.ForkedTestFileRunner.main(ForkedTestFileRunner.java:171)
Caused by: de.uka.ilkd.key.proof.init.ProofInputException: Could not find rule file rules/intRulesCheckedSemantics.key
	at de.uka.ilkd.key.proof.io.KeYFile.readIncludes(KeYFile.java:210)
	at de.uka.ilkd.key.proof.init.ProblemInitializer.readIncludes(ProblemInitializer.java:177)
	at de.uka.ilkd.key.proof.init.ProblemInitializer.readEnvInput(ProblemInitializer.java:325)
	at de.uka.ilkd.key.proof.init.ProblemInitializer.prepare(ProblemInitializer.java:449)
	at de.uka.ilkd.key.proof.io.AbstractProblemLoader.createInitConfig(AbstractProblemLoader.java:518)
	at de.uka.ilkd.key.proof.io.AbstractProblemLoader.loadEnvironment(AbstractProblemLoader.java:288)
	at de.uka.ilkd.key.proof.io.AbstractProblemLoader.load(AbstractProblemLoader.java:252)
	at de.uka.ilkd.key.control.AbstractUserInterfaceControl.load(AbstractUserInterfaceControl.java:209)
	... 7 more
Caused by: java.lang.RuntimeException: Could not find rule file rules/intRulesCheckedSemantics.key
	at de.uka.ilkd.key.proof.io.RuleSourceFactory.fromBuiltInRule(RuleSourceFactory.java:32)
	at de.uka.ilkd.key.proof.io.RuleSourceFactory.fromDefaultLocation(RuleSourceFactory.java:21)
	at de.uka.ilkd.key.nparser.builder.IncludeFinder.addInclude(IncludeFinder.java:63)
	at de.uka.ilkd.key.nparser.builder.IncludeFinder.visitOne_include(IncludeFinder.java:43)
	at de.uka.ilkd.key.nparser.builder.IncludeFinder.visitOne_include(IncludeFinder.java:20)
	at de.uka.ilkd.key.nparser.KeYParser$One_includeContext.accept(KeYParser.java:878)
	at de.uka.ilkd.key.nparser.builder.AbstractBuilder.lambda$mapOf$0(AbstractBuilder.java:112)
	at java.base/java.util.stream.ReferencePipeline$3$1.accept(ReferencePipeline.java:195)
	at java.base/java.util.ArrayList$ArrayListSpliterator.forEachRemaining(ArrayList.java:1655)
	at java.base/java.util.stream.AbstractPipeline.copyInto(AbstractPipeline.java:484)
	at java.base/java.util.stream.AbstractPipeline.wrapAndCopyInto(AbstractPipeline.java:474)
	at java.base/java.util.stream.ReduceOps$ReduceOp.evaluateSequential(ReduceOps.java:913)
	at java.base/java.util.stream.AbstractPipeline.evaluate(AbstractPipeline.java:234)
	at java.base/java.util.stream.ReferencePipeline.collect(ReferencePipeline.java:578)
	at de.uka.ilkd.key.nparser.builder.AbstractBuilder.mapOf(AbstractBuilder.java:112)
	at de.uka.ilkd.key.nparser.builder.IncludeFinder.visitOne_include_statement(IncludeFinder.java:35)
	at de.uka.ilkd.key.nparser.builder.IncludeFinder.visitOne_include_statement(IncludeFinder.java:20)
	at de.uka.ilkd.key.nparser.KeYParser$One_include_statementContext.accept(KeYParser.java:802)
	at org.antlr.v4.runtime.tree.AbstractParseTreeVisitor.visitChildren(AbstractParseTreeVisitor.java:46)
	at de.uka.ilkd.key.nparser.KeYParserBaseVisitor.visitDecls(KeYParserBaseVisitor.java:30)
	at de.uka.ilkd.key.nparser.KeYParser$DeclsContext.accept(KeYParser.java:500)
	at org.antlr.v4.runtime.tree.AbstractParseTreeVisitor.visitChildren(AbstractParseTreeVisitor.java:46)
	at de.uka.ilkd.key.nparser.KeYParserBaseVisitor.visitFile(KeYParserBaseVisitor.java:23)
	at de.uka.ilkd.key.nparser.KeYParser$FileContext.accept(KeYParser.java:306)
	at de.uka.ilkd.key.nparser.KeyAst.accept(KeyAst.java:41)
	at de.uka.ilkd.key.nparser.KeyAst$File.getIncludes(KeyAst.java:76)
	at de.uka.ilkd.key.proof.io.KeYFile.readIncludes(KeYFile.java:208)
	... 14 more
Could not find rule file rules/intRulesCheckedSemantics.key (file: /home/runner/work/key/key/key.core/../key.ui/examples/index/.././heap/model_methods/Coll2_add.key; caused by: de.uka.ilkd.key.proof.init.ProofInputException: Could not find rule file rules/intRulesCheckedSemantics.key)
	at de.uka.ilkd.key.control.AbstractUserInterfaceControl.load(AbstractUserInterfaceControl.java:221)
	at de.uka.ilkd.key.control.KeYEnvironment.load(KeYEnvironment.java:251)
	at de.uka.ilkd.key.control.KeYEnvironment.load(KeYEnvironment.java:224)
	at de.uka.ilkd.key.control.KeYEnvironment.load(KeYEnvironment.java:184)
	at de.uka.ilkd.key.control.KeYEnvironment.load(KeYEnvironment.java:261)
	at de.uka.ilkd.key.proof.runallproofs.proofcollection.TestFile.load(TestFile.java:270)
	at de.uka.ilkd.key.proof.runallproofs.proofcollection.TestFile.runKey(TestFile.java:160)
	at de.uka.ilkd.key.proof.runallproofs.proofcollection.ForkedTestFileRunner.main(ForkedTestFileRunner.java:171)
Caused by: de.uka.ilkd.key.proof.init.ProofInputException: Could not find rule file rules/intRulesCheckedSemantics.key
	at de.uka.ilkd.key.proof.io.KeYFile.readIncludes(KeYFile.java:210)
	at de.uka.ilkd.key.proof.init.ProblemInitializer.readIncludes(ProblemInitializer.java:177)
	at de.uka.ilkd.key.proof.init.ProblemInitializer.readEnvInput(ProblemInitializer.java:325)
	at de.uka.ilkd.key.proof.init.ProblemInitializer.prepare(ProblemInitializer.java:449)
	at de.uka.ilkd.key.proof.io.AbstractProblemLoader.createInitConfig(AbstractProblemLoader.java:518)
	at de.uka.ilkd.key.proof.io.AbstractProblemLoader.loadEnvironment(AbstractProblemLoader.java:288)
	at de.uka.ilkd.key.proof.io.AbstractProblemLoader.load(AbstractProblemLoader.java:252)
	at de.uka.ilkd.key.control.AbstractUserInterfaceControl.load(AbstractUserInterfaceControl.java:209)
	... 7 more
Caused by: java.lang.RuntimeException: Could not find rule file rules/intRulesCheckedSemantics.key
	at de.uka.ilkd.key.proof.io.RuleSourceFactory.fromBuiltInRule(RuleSourceFactory.java:32)
	at de.uka.ilkd.key.proof.io.RuleSourceFactory.fromDefaultLocation(RuleSourceFactory.java:21)
	at de.uka.ilkd.key.nparser.builder.IncludeFinder.addInclude(IncludeFinder.java:63)
	at de.uka.ilkd.key.nparser.builder.IncludeFinder.visitOne_include(IncludeFinder.java:43)
	at de.uka.ilkd.key.nparser.builder.IncludeFinder.visitOne_include(IncludeFinder.java:20)
	at de.uka.ilkd.key.nparser.KeYParser$One_includeContext.accept(KeYParser.java:878)
	at de.uka.ilkd.key.nparser.builder.AbstractBuilder.lambda$mapOf$0(AbstractBuilder.java:112)
	at java.base/java.util.stream.ReferencePipeline$3$1.accept(ReferencePipeline.java:195)
	at java.base/java.util.ArrayList$ArrayListSpliterator.forEachRemaining(ArrayList.java:1655)
	at java.base/java.util.stream.AbstractPipeline.copyInto(AbstractPipeline.java:484)
	at java.base/java.util.stream.AbstractPipeline.wrapAndCopyInto(AbstractPipeline.java:474)
	at java.base/java.util.stream.ReduceOps$ReduceOp.evaluateSequential(ReduceOps.java:913)
	at java.base/java.util.stream.AbstractPipeline.evaluate(AbstractPipeline.java:234)
	at java.base/java.util.stream.ReferencePipeline.collect(ReferencePipeline.java:578)
	at de.uka.ilkd.key.nparser.builder.AbstractBuilder.mapOf(AbstractBuilder.java:112)
	at de.uka.ilkd.key.nparser.builder.IncludeFinder.visitOne_include_statement(IncludeFinder.java:35)
	at de.uka.ilkd.key.nparser.builder.IncludeFinder.visitOne_include_statement(IncludeFinder.java:20)
	at de.uka.ilkd.key.nparser.KeYParser$One_include_statementContext.accept(KeYParser.java:802)
	at org.antlr.v4.runtime.tree.AbstractParseTreeVisitor.visitChildren(AbstractParseTreeVisitor.java:46)
	at de.uka.ilkd.key.nparser.KeYParserBaseVisitor.visitDecls(KeYParserBaseVisitor.java:30)
	at de.uka.ilkd.key.nparser.KeYParser$DeclsContext.accept(KeYParser.java:500)
	at org.antlr.v4.runtime.tree.AbstractParseTreeVisitor.visitChildren(AbstractParseTreeVisitor.java:46)
	at de.uka.ilkd.key.nparser.KeYParserBaseVisitor.visitFile(KeYParserBaseVisitor.java:23)
	at de.uka.ilkd.key.nparser.KeYParser$FileContext.accept(KeYParser.java:306)
	at de.uka.ilkd.key.nparser.KeyAst.accept(KeyAst.java:41)
	at de.uka.ilkd.key.nparser.KeyAst$File.getIncludes(KeyAst.java:76)
	at de.uka.ilkd.key.proof.io.KeYFile.readIncludes(KeYFile.java:208)
	... 14 more
Could not find rule file rules/intRulesCheckedSemantics.key (file: /home/runner/work/key/key/key.core/../key.ui/examples/index/.././heap/model_methods/Coll2_Coll2_add_pre.key; caused by: de.uka.ilkd.key.proof.init.ProofInputException: Could not find rule file rules/intRulesCheckedSemantics.key)
	at de.uka.ilkd.key.control.AbstractUserInterfaceControl.load(AbstractUserInterfaceControl.java:221)
	at de.uka.ilkd.key.control.KeYEnvironment.load(KeYEnvironment.java:251)
	at de.uka.ilkd.key.control.KeYEnvironment.load(KeYEnvironment.java:224)
	at de.uka.ilkd.key.control.KeYEnvironment.load(KeYEnvironment.java:184)
	at de.uka.ilkd.key.control.KeYEnvironment.load(KeYEnvironment.java:261)
	at de.uka.ilkd.key.proof.runallproofs.proofcollection.TestFile.load(TestFile.java:270)
	at de.uka.ilkd.key.proof.runallproofs.proofcollection.TestFile.runKey(TestFile.java:160)
	at de.uka.ilkd.key.proof.runallproofs.proofcollection.ForkedTestFileRunner.main(ForkedTestFileRunner.java:171)
Caused by: de.uka.ilkd.key.proof.init.ProofInputException: Could not find rule file rules/intRulesCheckedSemantics.key
	at de.uka.ilkd.key.proof.io.KeYFile.readIncludes(KeYFile.java:210)
	at de.uka.ilkd.key.proof.init.ProblemInitializer.readIncludes(ProblemInitializer.java:177)
	at de.uka.ilkd.key.proof.init.ProblemInitializer.readEnvInput(ProblemInitializer.java:325)
	at de.uka.ilkd.key.proof.init.ProblemInitializer.prepare(ProblemInitializer.java:449)
	at de.uka.ilkd.key.proof.io.AbstractProblemLoader.createInitConfig(AbstractProblemLoader.java:518)
	at de.uka.ilkd.key.proof.io.AbstractProblemLoader.loadEnvironment(AbstractProblemLoader.java:288)
	at de.uka.ilkd.key.proof.io.AbstractProblemLoader.load(AbstractProblemLoader.java:252)
	at de.uka.ilkd.key.control.AbstractUserInterfaceControl.load(AbstractUserInterfaceControl.java:209)
	... 7 more
Caused by: java.lang.RuntimeException: Could not find rule file rules/intRulesCheckedSemantics.key
	at de.uka.ilkd.key.proof.io.RuleSourceFactory.fromBuiltInRule(RuleSourceFactory.java:32)
	at de.uka.ilkd.key.proof.io.RuleSourceFactory.fromDefaultLocation(RuleSourceFactory.java:21)
	at de.uka.ilkd.key.nparser.builder.IncludeFinder.addInclude(IncludeFinder.java:63)
	at de.uka.ilkd.key.nparser.builder.IncludeFinder.visitOne_include(IncludeFinder.java:43)
	at de.uka.ilkd.key.nparser.builder.IncludeFinder.visitOne_include(IncludeFinder.java:20)
	at de.uka.ilkd.key.nparser.KeYParser$One_includeContext.accept(KeYParser.java:878)
	at de.uka.ilkd.key.nparser.builder.AbstractBuilder.lambda$mapOf$0(AbstractBuilder.java:112)
	at java.base/java.util.stream.ReferencePipeline$3$1.accept(ReferencePipeline.java:195)
	at java.base/java.util.ArrayList$ArrayListSpliterator.forEachRemaining(ArrayList.java:1655)
	at java.base/java.util.stream.AbstractPipeline.copyInto(AbstractPipeline.java:484)
	at java.base/java.util.stream.AbstractPipeline.wrapAndCopyInto(AbstractPipeline.java:474)
	at java.base/java.util.stream.ReduceOps$ReduceOp.evaluateSequential(ReduceOps.java:913)
	at java.base/java.util.stream.AbstractPipeline.evaluate(AbstractPipeline.java:234)
	at java.base/java.util.stream.ReferencePipeline.collect(ReferencePipeline.java:578)
	at de.uka.ilkd.key.nparser.builder.AbstractBuilder.mapOf(AbstractBuilder.java:112)
	at de.uka.ilkd.key.nparser.builder.IncludeFinder.visitOne_include_statement(IncludeFinder.java:35)
	at de.uka.ilkd.key.nparser.builder.IncludeFinder.visitOne_include_statement(IncludeFinder.java:20)
	at de.uka.ilkd.key.nparser.KeYParser$One_include_statementContext.accept(KeYParser.java:802)
	at org.antlr.v4.runtime.tree.AbstractParseTreeVisitor.visitChildren(AbstractParseTreeVisitor.java:46)
	at de.uka.ilkd.key.nparser.KeYParserBaseVisitor.visitDecls(KeYParserBaseVisitor.java:30)
	at de.uka.ilkd.key.nparser.KeYParser$DeclsContext.accept(KeYParser.java:500)
	at org.antlr.v4.runtime.tree.AbstractParseTreeVisitor.visitChildren(AbstractParseTreeVisitor.java:46)
	at de.uka.ilkd.key.nparser.KeYParserBaseVisitor.visitFile(KeYParserBaseVisitor.java:23)
	at de.uka.ilkd.key.nparser.KeYParser$FileContext.accept(KeYParser.java:306)
	at de.uka.ilkd.key.nparser.KeyAst.accept(KeyAst.java:41)
	at de.uka.ilkd.key.nparser.KeyAst$File.getIncludes(KeyAst.java:76)
	at de.uka.ilkd.key.proof.io.KeYFile.readIncludes(KeYFile.java:208)
	... 14 more
Could not find rule file rules/intRulesCheckedSemantics.key (file: /home/runner/work/key/key/key.core/../key.ui/examples/index/.././heap/model_methods/Coll2_Coll_add_pre.key; caused by: de.uka.ilkd.key.proof.init.ProofInputException: Could not find rule file rules/intRulesCheckedSemantics.key)
	at de.uka.ilkd.key.control.AbstractUserInterfaceControl.load(AbstractUserInterfaceControl.java:221)
	at de.uka.ilkd.key.control.KeYEnvironment.load(KeYEnvironment.java:251)
	at de.uka.ilkd.key.control.KeYEnvironment.load(KeYEnvironment.java:224)
	at de.uka.ilkd.key.control.KeYEnvironment.load(KeYEnvironment.java:184)
	at de.uka.ilkd.key.control.KeYEnvironment.load(KeYEnvironment.java:261)
	at de.uka.ilkd.key.proof.runallproofs.proofcollection.TestFile.load(TestFile.java:270)
	at de.uka.ilkd.key.proof.runallproofs.proofcollection.TestFile.runKey(TestFile.java:160)
	at de.uka.ilkd.key.proof.runallproofs.proofcollection.ForkedTestFileRunner.main(ForkedTestFileRunner.java:171)
Caused by: de.uka.ilkd.key.proof.init.ProofInputException: Could not find rule file rules/intRulesCheckedSemantics.key
	at de.uka.ilkd.key.proof.io.KeYFile.readIncludes(KeYFile.java:210)
	at de.uka.ilkd.key.proof.init.ProblemInitializer.readIncludes(ProblemInitializer.java:177)
	at de.uka.ilkd.key.proof.init.ProblemInitializer.readEnvInput(ProblemInitializer.java:325)
	at de.uka.ilkd.key.proof.init.ProblemInitializer.prepare(ProblemInitializer.java:449)
	at de.uka.ilkd.key.proof.io.AbstractProblemLoader.createInitConfig(AbstractProblemLoader.java:518)
	at de.uka.ilkd.key.proof.io.AbstractProblemLoader.loadEnvironment(AbstractProblemLoader.java:288)
	at de.uka.ilkd.key.proof.io.AbstractProblemLoader.load(AbstractProblemLoader.java:252)
	at de.uka.ilkd.key.control.AbstractUserInterfaceControl.load(AbstractUserInterfaceControl.java:209)
	... 7 more
Caused by: java.lang.RuntimeException: Could not find rule file rules/intRulesCheckedSemantics.key
	at de.uka.ilkd.key.proof.io.RuleSourceFactory.fromBuiltInRule(RuleSourceFactory.java:32)
	at de.uka.ilkd.key.proof.io.RuleSourceFactory.fromDefaultLocation(RuleSourceFactory.java:21)
	at de.uka.ilkd.key.nparser.builder.IncludeFinder.addInclude(IncludeFinder.java:63)
	at de.uka.ilkd.key.nparser.builder.IncludeFinder.visitOne_include(IncludeFinder.java:43)
	at de.uka.ilkd.key.nparser.builder.IncludeFinder.visitOne_include(IncludeFinder.java:20)
	at de.uka.ilkd.key.nparser.KeYParser$One_includeContext.accept(KeYParser.java:878)
	at de.uka.ilkd.key.nparser.builder.AbstractBuilder.lambda$mapOf$0(AbstractBuilder.java:112)
	at java.base/java.util.stream.ReferencePipeline$3$1.accept(ReferencePipeline.java:195)
	at java.base/java.util.ArrayList$ArrayListSpliterator.forEachRemaining(ArrayList.java:1655)
	at java.base/java.util.stream.AbstractPipeline.copyInto(AbstractPipeline.java:484)
	at java.base/java.util.stream.AbstractPipeline.wrapAndCopyInto(AbstractPipeline.java:474)
	at java.base/java.util.stream.ReduceOps$ReduceOp.evaluateSequential(ReduceOps.java:913)
	at java.base/java.util.stream.AbstractPipeline.evaluate(AbstractPipeline.java:234)
	at java.base/java.util.stream.ReferencePipeline.collect(ReferencePipeline.java:578)
	at de.uka.ilkd.key.nparser.builder.AbstractBuilder.mapOf(AbstractBuilder.java:112)
	at de.uka.ilkd.key.nparser.builder.IncludeFinder.visitOne_include_statement(IncludeFinder.java:35)
	at de.uka.ilkd.key.nparser.builder.IncludeFinder.visitOne_include_statement(IncludeFinder.java:20)
	at de.uka.ilkd.key.nparser.KeYParser$One_include_statementContext.accept(KeYParser.java:802)
	at org.antlr.v4.runtime.tree.AbstractParseTreeVisitor.visitChildren(AbstractParseTreeVisitor.java:46)
	at de.uka.ilkd.key.nparser.KeYParserBaseVisitor.visitDecls(KeYParserBaseVisitor.java:30)
	at de.uka.ilkd.key.nparser.KeYParser$DeclsContext.accept(KeYParser.java:500)
	at org.antlr.v4.runtime.tree.AbstractParseTreeVisitor.visitChildren(AbstractParseTreeVisitor.java:46)
	at de.uka.ilkd.key.nparser.KeYParserBaseVisitor.visitFile(KeYParserBaseVisitor.java:23)
	at de.uka.ilkd.key.nparser.KeYParser$FileContext.accept(KeYParser.java:306)
	at de.uka.ilkd.key.nparser.KeyAst.accept(KeyAst.java:41)
	at de.uka.ilkd.key.nparser.KeyAst$File.getIncludes(KeyAst.java:76)
	at de.uka.ilkd.key.proof.io.KeYFile.readIncludes(KeYFile.java:208)
	... 14 more
Could not find rule file rules/intRulesCheckedSemantics.key (file: /home/runner/work/key/key/key.core/../key.ui/examples/index/.././heap/model_methods/Coll_add.key; caused by: de.uka.ilkd.key.proof.init.ProofInputException: Could not find rule file rules/intRulesCheckedSemantics.key)
	at de.uka.ilkd.key.control.AbstractUserInterfaceControl.load(AbstractUserInterfaceControl.java:221)
	at de.uka.ilkd.key.control.KeYEnvironment.load(KeYEnvironment.java:251)
	at de.uka.ilkd.key.control.KeYEnvironment.load(KeYEnvironment.java:224)
	at de.uka.ilkd.key.control.KeYEnvironment.load(KeYEnvironment.java:184)
	at de.uka.ilkd.key.control.KeYEnvironment.load(KeYEnvironment.java:261)
	at de.uka.ilkd.key.proof.runallproofs.proofcollection.TestFile.load(TestFile.java:270)
	at de.uka.ilkd.key.proof.runallproofs.proofcollection.TestFile.runKey(TestFile.java:160)
	at de.uka.ilkd.key.proof.runallproofs.proofcollection.ForkedTestFileRunner.main(ForkedTestFileRunner.java:171)
Caused by: de.uka.ilkd.key.proof.init.ProofInputException: Could not find rule file rules/intRulesCheckedSemantics.key
	at de.uka.ilkd.key.proof.io.KeYFile.readIncludes(KeYFile.java:210)
	at de.uka.ilkd.key.proof.init.ProblemInitializer.readIncludes(ProblemInitializer.java:177)
	at de.uka.ilkd.key.proof.init.ProblemInitializer.readEnvInput(ProblemInitializer.java:325)
	at de.uka.ilkd.key.proof.init.ProblemInitializer.prepare(ProblemInitializer.java:449)
	at de.uka.ilkd.key.proof.io.AbstractProblemLoader.createInitConfig(AbstractProblemLoader.java:518)
	at de.uka.ilkd.key.proof.io.AbstractProblemLoader.loadEnvironment(AbstractProblemLoader.java:288)
	at de.uka.ilkd.key.proof.io.AbstractProblemLoader.load(AbstractProblemLoader.java:252)
	at de.uka.ilkd.key.control.AbstractUserInterfaceControl.load(AbstractUserInterfaceControl.java:209)
	... 7 more
Caused by: java.lang.RuntimeException: Could not find rule file rules/intRulesCheckedSemantics.key
	at de.uka.ilkd.key.proof.io.RuleSourceFactory.fromBuiltInRule(RuleSourceFactory.java:32)
	at de.uka.ilkd.key.proof.io.RuleSourceFactory.fromDefaultLocation(RuleSourceFactory.java:21)
	at de.uka.ilkd.key.nparser.builder.IncludeFinder.addInclude(IncludeFinder.java:63)
	at de.uka.ilkd.key.nparser.builder.IncludeFinder.visitOne_include(IncludeFinder.java:43)
	at de.uka.ilkd.key.nparser.builder.IncludeFinder.visitOne_include(IncludeFinder.java:20)
	at de.uka.ilkd.key.nparser.KeYParser$One_includeContext.accept(KeYParser.java:878)
	at de.uka.ilkd.key.nparser.builder.AbstractBuilder.lambda$mapOf$0(AbstractBuilder.java:112)
	at java.base/java.util.stream.ReferencePipeline$3$1.accept(ReferencePipeline.java:195)
	at java.base/java.util.ArrayList$ArrayListSpliterator.forEachRemaining(ArrayList.java:1655)
	at java.base/java.util.stream.AbstractPipeline.copyInto(AbstractPipeline.java:484)
	at java.base/java.util.stream.AbstractPipeline.wrapAndCopyInto(AbstractPipeline.java:474)
	at java.base/java.util.stream.ReduceOps$ReduceOp.evaluateSequential(ReduceOps.java:913)
	at java.base/java.util.stream.AbstractPipeline.evaluate(AbstractPipeline.java:234)
	at java.base/java.util.stream.ReferencePipeline.collect(ReferencePipeline.java:578)
	at de.uka.ilkd.key.nparser.builder.AbstractBuilder.mapOf(AbstractBuilder.java:112)
	at de.uka.ilkd.key.nparser.builder.IncludeFinder.visitOne_include_statement(IncludeFinder.java:35)
	at de.uka.ilkd.key.nparser.builder.IncludeFinder.visitOne_include_statement(IncludeFinder.java:20)
	at de.uka.ilkd.key.nparser.KeYParser$One_include_statementContext.accept(KeYParser.java:802)
	at org.antlr.v4.runtime.tree.AbstractParseTreeVisitor.visitChildren(AbstractParseTreeVisitor.java:46)
	at de.uka.ilkd.key.nparser.KeYParserBaseVisitor.visitDecls(KeYParserBaseVisitor.java:30)
	at de.uka.ilkd.key.nparser.KeYParser$DeclsContext.accept(KeYParser.java:500)
	at org.antlr.v4.runtime.tree.AbstractParseTreeVisitor.visitChildren(AbstractParseTreeVisitor.java:46)
	at de.uka.ilkd.key.nparser.KeYParserBaseVisitor.visitFile(KeYParserBaseVisitor.java:23)
	at de.uka.ilkd.key.nparser.KeYParser$FileContext.accept(KeYParser.java:306)
	at de.uka.ilkd.key.nparser.KeyAst.accept(KeyAst.java:41)
	at de.uka.ilkd.key.nparser.KeyAst$File.getIncludes(KeyAst.java:76)
	at de.uka.ilkd.key.proof.io.KeYFile.readIncludes(KeYFile.java:208)
	... 14 more
Could not find rule file rules/intRulesCheckedSemantics.key (file: /home/runner/work/key/key/key.core/../key.ui/examples/index/.././heap/model_methods/Coll_add_pre.key; caused by: de.uka.ilkd.key.proof.init.ProofInputException: Could not find rule file rules/intRulesCheckedSemantics.key)
	at de.uka.ilkd.key.control.AbstractUserInterfaceControl.load(AbstractUserInterfaceControl.java:221)
	at de.uka.ilkd.key.control.KeYEnvironment.load(KeYEnvironment.java:251)
	at de.uka.ilkd.key.control.KeYEnvironment.load(KeYEnvironment.java:224)
	at de.uka.ilkd.key.control.KeYEnvironment.load(KeYEnvironment.java:184)
	at de.uka.ilkd.key.control.KeYEnvironment.load(KeYEnvironment.java:261)
	at de.uka.ilkd.key.proof.runallproofs.proofcollection.TestFile.load(TestFile.java:270)
	at de.uka.ilkd.key.proof.runallproofs.proofcollection.TestFile.runKey(TestFile.java:160)
	at de.uka.ilkd.key.proof.runallproofs.proofcollection.ForkedTestFileRunner.main(ForkedTestFileRunner.java:171)
Caused by: de.uka.ilkd.key.proof.init.ProofInputException: Could not find rule file rules/intRulesCheckedSemantics.key
	at de.uka.ilkd.key.proof.io.KeYFile.readIncludes(KeYFile.java:210)
	at de.uka.ilkd.key.proof.init.ProblemInitializer.readIncludes(ProblemInitializer.java:177)
	at de.uka.ilkd.key.proof.init.ProblemInitializer.readEnvInput(ProblemInitializer.java:325)
	at de.uka.ilkd.key.proof.init.ProblemInitializer.prepare(ProblemInitializer.java:449)
	at de.uka.ilkd.key.proof.io.AbstractProblemLoader.createInitConfig(AbstractProblemLoader.java:518)
	at de.uka.ilkd.key.proof.io.AbstractProblemLoader.loadEnvironment(AbstractProblemLoader.java:288)
	at de.uka.ilkd.key.proof.io.AbstractProblemLoader.load(AbstractProblemLoader.java:252)
	at de.uka.ilkd.key.control.AbstractUserInterfaceControl.load(AbstractUserInterfaceControl.java:209)
	... 7 more
Caused by: java.lang.RuntimeException: Could not find rule file rules/intRulesCheckedSemantics.key
	at de.uka.ilkd.key.proof.io.RuleSourceFactory.fromBuiltInRule(RuleSourceFactory.java:32)
	at de.uka.ilkd.key.proof.io.RuleSourceFactory.fromDefaultLocation(RuleSourceFactory.java:21)
	at de.uka.ilkd.key.nparser.builder.IncludeFinder.addInclude(IncludeFinder.java:63)
	at de.uka.ilkd.key.nparser.builder.IncludeFinder.visitOne_include(IncludeFinder.java:43)
	at de.uka.ilkd.key.nparser.builder.IncludeFinder.visitOne_include(IncludeFinder.java:20)
	at de.uka.ilkd.key.nparser.KeYParser$One_includeContext.accept(KeYParser.java:878)
	at de.uka.ilkd.key.nparser.builder.AbstractBuilder.lambda$mapOf$0(AbstractBuilder.java:112)
	at java.base/java.util.stream.ReferencePipeline$3$1.accept(ReferencePipeline.java:195)
	at java.base/java.util.ArrayList$ArrayListSpliterator.forEachRemaining(ArrayList.java:1655)
	at java.base/java.util.stream.AbstractPipeline.copyInto(AbstractPipeline.java:484)
	at java.base/java.util.stream.AbstractPipeline.wrapAndCopyInto(AbstractPipeline.java:474)
	at java.base/java.util.stream.ReduceOps$ReduceOp.evaluateSequential(ReduceOps.java:913)
	at java.base/java.util.stream.AbstractPipeline.evaluate(AbstractPipeline.java:234)
	at java.base/java.util.stream.ReferencePipeline.collect(ReferencePipeline.java:578)
	at de.uka.ilkd.key.nparser.builder.AbstractBuilder.mapOf(AbstractBuilder.java:112)
	at de.uka.ilkd.key.nparser.builder.IncludeFinder.visitOne_include_statement(IncludeFinder.java:35)
	at de.uka.ilkd.key.nparser.builder.IncludeFinder.visitOne_include_statement(IncludeFinder.java:20)
	at de.uka.ilkd.key.nparser.KeYParser$One_include_statementContext.accept(KeYParser.java:802)
	at org.antlr.v4.runtime.tree.AbstractParseTreeVisitor.visitChildren(AbstractParseTreeVisitor.java:46)
	at de.uka.ilkd.key.nparser.KeYParserBaseVisitor.visitDecls(KeYParserBaseVisitor.java:30)
	at de.uka.ilkd.key.nparser.KeYParser$DeclsContext.accept(KeYParser.java:500)
	at org.antlr.v4.runtime.tree.AbstractParseTreeVisitor.visitChildren(AbstractParseTreeVisitor.java:46)
	at de.uka.ilkd.key.nparser.KeYParserBaseVisitor.visitFile(KeYParserBaseVisitor.java:23)
	at de.uka.ilkd.key.nparser.KeYParser$FileContext.accept(KeYParser.java:306)
	at de.uka.ilkd.key.nparser.KeyAst.accept(KeyAst.java:41)
	at de.uka.ilkd.key.nparser.KeyAst$File.getIncludes(KeyAst.java:76)
	at de.uka.ilkd.key.proof.io.KeYFile.readIncludes(KeYFile.java:208)
	... 14 more
Could not find rule file rules/intRulesCheckedSemantics.key (file: /home/runner/work/key/key/key.core/../key.ui/examples/index/.././heap/model_methods/Indirect_callAdd.key; caused by: de.uka.ilkd.key.proof.init.ProofInputException: Could not find rule file rules/intRulesCheckedSemantics.key)
	at de.uka.ilkd.key.control.AbstractUserInterfaceControl.load(AbstractUserInterfaceControl.java:221)
	at de.uka.ilkd.key.control.KeYEnvironment.load(KeYEnvironment.java:251)
	at de.uka.ilkd.key.control.KeYEnvironment.load(KeYEnvironment.java:224)
	at de.uka.ilkd.key.control.KeYEnvironment.load(KeYEnvironment.java:184)
	at de.uka.ilkd.key.control.KeYEnvironment.load(KeYEnvironment.java:261)
	at de.uka.ilkd.key.proof.runallproofs.proofcollection.TestFile.load(TestFile.java:270)
	at de.uka.ilkd.key.proof.runallproofs.proofcollection.TestFile.runKey(TestFile.java:160)
	at de.uka.ilkd.key.proof.runallproofs.proofcollection.ForkedTestFileRunner.main(ForkedTestFileRunner.java:171)
Caused by: de.uka.ilkd.key.proof.init.ProofInputException: Could not find rule file rules/intRulesCheckedSemantics.key
	at de.uka.ilkd.key.proof.io.KeYFile.readIncludes(KeYFile.java:210)
	at de.uka.ilkd.key.proof.init.ProblemInitializer.readIncludes(ProblemInitializer.java:177)
	at de.uka.ilkd.key.proof.init.ProblemInitializer.readEnvInput(ProblemInitializer.java:325)
	at de.uka.ilkd.key.proof.init.ProblemInitializer.prepare(ProblemInitializer.java:449)
	at de.uka.ilkd.key.proof.io.AbstractProblemLoader.createInitConfig(AbstractProblemLoader.java:518)
	at de.uka.ilkd.key.proof.io.AbstractProblemLoader.loadEnvironment(AbstractProblemLoader.java:288)
	at de.uka.ilkd.key.proof.io.AbstractProblemLoader.load(AbstractProblemLoader.java:252)
	at de.uka.ilkd.key.control.AbstractUserInterfaceControl.load(AbstractUserInterfaceControl.java:209)
	... 7 more
Caused by: java.lang.RuntimeException: Could not find rule file rules/intRulesCheckedSemantics.key
	at de.uka.ilkd.key.proof.io.RuleSourceFactory.fromBuiltInRule(RuleSourceFactory.java:32)
	at de.uka.ilkd.key.proof.io.RuleSourceFactory.fromDefaultLocation(RuleSourceFactory.java:21)
	at de.uka.ilkd.key.nparser.builder.IncludeFinder.addInclude(IncludeFinder.java:63)
	at de.uka.ilkd.key.nparser.builder.IncludeFinder.visitOne_include(IncludeFinder.java:43)
	at de.uka.ilkd.key.nparser.builder.IncludeFinder.visitOne_include(IncludeFinder.java:20)
	at de.uka.ilkd.key.nparser.KeYParser$One_includeContext.accept(KeYParser.java:878)
	at de.uka.ilkd.key.nparser.builder.AbstractBuilder.lambda$mapOf$0(AbstractBuilder.java:112)
	at java.base/java.util.stream.ReferencePipeline$3$1.accept(ReferencePipeline.java:195)
	at java.base/java.util.ArrayList$ArrayListSpliterator.forEachRemaining(ArrayList.java:1655)
	at java.base/java.util.stream.AbstractPipeline.copyInto(AbstractPipeline.java:484)
	at java.base/java.util.stream.AbstractPipeline.wrapAndCopyInto(AbstractPipeline.java:474)
	at java.base/java.util.stream.ReduceOps$ReduceOp.evaluateSequential(ReduceOps.java:913)
	at java.base/java.util.stream.AbstractPipeline.evaluate(AbstractPipeline.java:234)
	at java.base/java.util.stream.ReferencePipeline.collect(ReferencePipeline.java:578)
	at de.uka.ilkd.key.nparser.builder.AbstractBuilder.mapOf(AbstractBuilder.java:112)
	at de.uka.ilkd.key.nparser.builder.IncludeFinder.visitOne_include_statement(IncludeFinder.java:35)
	at de.uka.ilkd.key.nparser.builder.IncludeFinder.visitOne_include_statement(IncludeFinder.java:20)
	at de.uka.ilkd.key.nparser.KeYParser$One_include_statementContext.accept(KeYParser.java:802)
	at org.antlr.v4.runtime.tree.AbstractParseTreeVisitor.visitChildren(AbstractParseTreeVisitor.java:46)
	at de.uka.ilkd.key.nparser.KeYParserBaseVisitor.visitDecls(KeYParserBaseVisitor.java:30)
	at de.uka.ilkd.key.nparser.KeYParser$DeclsContext.accept(KeYParser.java:500)
	at org.antlr.v4.runtime.tree.AbstractParseTreeVisitor.visitChildren(AbstractParseTreeVisitor.java:46)
	at de.uka.ilkd.key.nparser.KeYParserBaseVisitor.visitFile(KeYParserBaseVisitor.java:23)
	at de.uka.ilkd.key.nparser.KeYParser$FileContext.accept(KeYParser.java:306)
	at de.uka.ilkd.key.nparser.KeyAst.accept(KeyAst.java:41)
	at de.uka.ilkd.key.nparser.KeyAst$File.getIncludes(KeyAst.java:76)
	at de.uka.ilkd.key.proof.io.KeYFile.readIncludes(KeYFile.java:208)
	... 14 more
Could not find rule file rules/intRulesCheckedSemantics.key (file: /home/runner/work/key/key/key.core/../key.ui/examples/index/.././heap/model_methods/Indirect_test.key; caused by: de.uka.ilkd.key.proof.init.ProofInputException: Could not find rule file rules/intRulesCheckedSemantics.key)
	at de.uka.ilkd.key.control.AbstractUserInterfaceControl.load(AbstractUserInterfaceControl.java:221)
	at de.uka.ilkd.key.control.KeYEnvironment.load(KeYEnvironment.java:251)
	at de.uka.ilkd.key.control.KeYEnvironment.load(KeYEnvironment.java:224)
	at de.uka.ilkd.key.control.KeYEnvironment.load(KeYEnvironment.java:184)
	at de.uka.ilkd.key.control.KeYEnvironment.load(KeYEnvironment.java:261)
	at de.uka.ilkd.key.proof.runallproofs.proofcollection.TestFile.load(TestFile.java:270)
	at de.uka.ilkd.key.proof.runallproofs.proofcollection.TestFile.runKey(TestFile.java:160)
	at de.uka.ilkd.key.proof.runallproofs.proofcollection.ForkedTestFileRunner.main(ForkedTestFileRunner.java:171)
Caused by: de.uka.ilkd.key.proof.init.ProofInputException: Could not find rule file rules/intRulesCheckedSemantics.key
	at de.uka.ilkd.key.proof.io.KeYFile.readIncludes(KeYFile.java:210)
	at de.uka.ilkd.key.proof.init.ProblemInitializer.readIncludes(ProblemInitializer.java:177)
	at de.uka.ilkd.key.proof.init.ProblemInitializer.readEnvInput(ProblemInitializer.java:325)
	at de.uka.ilkd.key.proof.init.ProblemInitializer.prepare(ProblemInitializer.java:449)
	at de.uka.ilkd.key.proof.io.AbstractProblemLoader.createInitConfig(AbstractProblemLoader.java:518)
	at de.uka.ilkd.key.proof.io.AbstractProblemLoader.loadEnvironment(AbstractProblemLoader.java:288)
	at de.uka.ilkd.key.proof.io.AbstractProblemLoader.load(AbstractProblemLoader.java:252)
	at de.uka.ilkd.key.control.AbstractUserInterfaceControl.load(AbstractUserInterfaceControl.java:209)
	... 7 more
Caused by: java.lang.RuntimeException: Could not find rule file rules/intRulesCheckedSemantics.key
	at de.uka.ilkd.key.proof.io.RuleSourceFactory.fromBuiltInRule(RuleSourceFactory.java:32)
	at de.uka.ilkd.key.proof.io.RuleSourceFactory.fromDefaultLocation(RuleSourceFactory.java:21)
	at de.uka.ilkd.key.nparser.builder.IncludeFinder.addInclude(IncludeFinder.java:63)
	at de.uka.ilkd.key.nparser.builder.IncludeFinder.visitOne_include(IncludeFinder.java:43)
	at de.uka.ilkd.key.nparser.builder.IncludeFinder.visitOne_include(IncludeFinder.java:20)
	at de.uka.ilkd.key.nparser.KeYParser$One_includeContext.accept(KeYParser.java:878)
	at de.uka.ilkd.key.nparser.builder.AbstractBuilder.lambda$mapOf$0(AbstractBuilder.java:112)
	at java.base/java.util.stream.ReferencePipeline$3$1.accept(ReferencePipeline.java:195)
	at java.base/java.util.ArrayList$ArrayListSpliterator.forEachRemaining(ArrayList.java:1655)
	at java.base/java.util.stream.AbstractPipeline.copyInto(AbstractPipeline.java:484)
	at java.base/java.util.stream.AbstractPipeline.wrapAndCopyInto(AbstractPipeline.java:474)
	at java.base/java.util.stream.ReduceOps$ReduceOp.evaluateSequential(ReduceOps.java:913)
	at java.base/java.util.stream.AbstractPipeline.evaluate(AbstractPipeline.java:234)
	at java.base/java.util.stream.ReferencePipeline.collect(ReferencePipeline.java:578)
	at de.uka.ilkd.key.nparser.builder.AbstractBuilder.mapOf(AbstractBuilder.java:112)
	at de.uka.ilkd.key.nparser.builder.IncludeFinder.visitOne_include_statement(IncludeFinder.java:35)
	at de.uka.ilkd.key.nparser.builder.IncludeFinder.visitOne_include_statement(IncludeFinder.java:20)
	at de.uka.ilkd.key.nparser.KeYParser$One_include_statementContext.accept(KeYParser.java:802)
	at org.antlr.v4.runtime.tree.AbstractParseTreeVisitor.visitChildren(AbstractParseTreeVisitor.java:46)
	at de.uka.ilkd.key.nparser.KeYParserBaseVisitor.visitDecls(KeYParserBaseVisitor.java:30)
	at de.uka.ilkd.key.nparser.KeYParser$DeclsContext.accept(KeYParser.java:500)
	at org.antlr.v4.runtime.tree.AbstractParseTreeVisitor.visitChildren(AbstractParseTreeVisitor.java:46)
	at de.uka.ilkd.key.nparser.KeYParserBaseVisitor.visitFile(KeYParserBaseVisitor.java:23)
	at de.uka.ilkd.key.nparser.KeYParser$FileContext.accept(KeYParser.java:306)
	at de.uka.ilkd.key.nparser.KeyAst.accept(KeyAst.java:41)
	at de.uka.ilkd.key.nparser.KeyAst$File.getIncludes(KeyAst.java:76)
	at de.uka.ilkd.key.proof.io.KeYFile.readIncludes(KeYFile.java:208)
	... 14 more
Could not find rule file rules/intRulesCheckedSemantics.key (file: /home/runner/work/key/key/key.core/../key.ui/examples/index/.././heap/model_methods/Recell_Cell_footprint.key; caused by: de.uka.ilkd.key.proof.init.ProofInputException: Could not find rule file rules/intRulesCheckedSemantics.key)
	at de.uka.ilkd.key.control.AbstractUserInterfaceControl.load(AbstractUserInterfaceControl.java:221)
	at de.uka.ilkd.key.control.KeYEnvironment.load(KeYEnvironment.java:251)
	at de.uka.ilkd.key.control.KeYEnvironment.load(KeYEnvironment.java:224)
	at de.uka.ilkd.key.control.KeYEnvironment.load(KeYEnvironment.java:184)
	at de.uka.ilkd.key.control.KeYEnvironment.load(KeYEnvironment.java:261)
	at de.uka.ilkd.key.proof.runallproofs.proofcollection.TestFile.load(TestFile.java:270)
	at de.uka.ilkd.key.proof.runallproofs.proofcollection.TestFile.runKey(TestFile.java:160)
	at de.uka.ilkd.key.proof.runallproofs.proofcollection.ForkedTestFileRunner.main(ForkedTestFileRunner.java:171)
Caused by: de.uka.ilkd.key.proof.init.ProofInputException: Could not find rule file rules/intRulesCheckedSemantics.key
	at de.uka.ilkd.key.proof.io.KeYFile.readIncludes(KeYFile.java:210)
	at de.uka.ilkd.key.proof.init.ProblemInitializer.readIncludes(ProblemInitializer.java:177)
	at de.uka.ilkd.key.proof.init.ProblemInitializer.readEnvInput(ProblemInitializer.java:325)
	at de.uka.ilkd.key.proof.init.ProblemInitializer.prepare(ProblemInitializer.java:449)
	at de.uka.ilkd.key.proof.io.AbstractProblemLoader.createInitConfig(AbstractProblemLoader.java:518)
	at de.uka.ilkd.key.proof.io.AbstractProblemLoader.loadEnvironment(AbstractProblemLoader.java:288)
	at de.uka.ilkd.key.proof.io.AbstractProblemLoader.load(AbstractProblemLoader.java:252)
	at de.uka.ilkd.key.control.AbstractUserInterfaceControl.load(AbstractUserInterfaceControl.java:209)
	... 7 more
Caused by: java.lang.RuntimeException: Could not find rule file rules/intRulesCheckedSemantics.key
	at de.uka.ilkd.key.proof.io.RuleSourceFactory.fromBuiltInRule(RuleSourceFactory.java:32)
	at de.uka.ilkd.key.proof.io.RuleSourceFactory.fromDefaultLocation(RuleSourceFactory.java:21)
	at de.uka.ilkd.key.nparser.builder.IncludeFinder.addInclude(IncludeFinder.java:63)
	at de.uka.ilkd.key.nparser.builder.IncludeFinder.visitOne_include(IncludeFinder.java:43)
	at de.uka.ilkd.key.nparser.builder.IncludeFinder.visitOne_include(IncludeFinder.java:20)
	at de.uka.ilkd.key.nparser.KeYParser$One_includeContext.accept(KeYParser.java:878)
	at de.uka.ilkd.key.nparser.builder.AbstractBuilder.lambda$mapOf$0(AbstractBuilder.java:112)
	at java.base/java.util.stream.ReferencePipeline$3$1.accept(ReferencePipeline.java:195)
	at java.base/java.util.ArrayList$ArrayListSpliterator.forEachRemaining(ArrayList.java:1655)
	at java.base/java.util.stream.AbstractPipeline.copyInto(AbstractPipeline.java:484)
	at java.base/java.util.stream.AbstractPipeline.wrapAndCopyInto(AbstractPipeline.java:474)
	at java.base/java.util.stream.ReduceOps$ReduceOp.evaluateSequential(ReduceOps.java:913)
	at java.base/java.util.stream.AbstractPipeline.evaluate(AbstractPipeline.java:234)
	at java.base/java.util.stream.ReferencePipeline.collect(ReferencePipeline.java:578)
	at de.uka.ilkd.key.nparser.builder.AbstractBuilder.mapOf(AbstractBuilder.java:112)
	at de.uka.ilkd.key.nparser.builder.IncludeFinder.visitOne_include_statement(IncludeFinder.java:35)
	at de.uka.ilkd.key.nparser.builder.IncludeFinder.visitOne_include_statement(IncludeFinder.java:20)
	at de.uka.ilkd.key.nparser.KeYParser$One_include_statementContext.accept(KeYParser.java:802)
	at org.antlr.v4.runtime.tree.AbstractParseTreeVisitor.visitChildren(AbstractParseTreeVisitor.java:46)
	at de.uka.ilkd.key.nparser.KeYParserBaseVisitor.visitDecls(KeYParserBaseVisitor.java:30)
	at de.uka.ilkd.key.nparser.KeYParser$DeclsContext.accept(KeYParser.java:500)
	at org.antlr.v4.runtime.tree.AbstractParseTreeVisitor.visitChildren(AbstractParseTreeVisitor.java:46)
	at de.uka.ilkd.key.nparser.KeYParserBaseVisitor.visitFile(KeYParserBaseVisitor.java:23)
	at de.uka.ilkd.key.nparser.KeYParser$FileContext.accept(KeYParser.java:306)
	at de.uka.ilkd.key.nparser.KeyAst.accept(KeyAst.java:41)
	at de.uka.ilkd.key.nparser.KeyAst$File.getIncludes(KeyAst.java:76)
	at de.uka.ilkd.key.proof.io.KeYFile.readIncludes(KeYFile.java:208)
	... 14 more
Could not find rule file rules/intRulesCheckedSemantics.key (file: /home/runner/work/key/key/key.core/../key.ui/examples/index/.././heap/model_methods/Recell_Cell_post_set.key; caused by: de.uka.ilkd.key.proof.init.ProofInputException: Could not find rule file rules/intRulesCheckedSemantics.key)
	at de.uka.ilkd.key.control.AbstractUserInterfaceControl.load(AbstractUserInterfaceControl.java:221)
	at de.uka.ilkd.key.control.KeYEnvironment.load(KeYEnvironment.java:251)
	at de.uka.ilkd.key.control.KeYEnvironment.load(KeYEnvironment.java:224)
	at de.uka.ilkd.key.control.KeYEnvironment.load(KeYEnvironment.java:184)
	at de.uka.ilkd.key.control.KeYEnvironment.load(KeYEnvironment.java:261)
	at de.uka.ilkd.key.proof.runallproofs.proofcollection.TestFile.load(TestFile.java:270)
	at de.uka.ilkd.key.proof.runallproofs.proofcollection.TestFile.runKey(TestFile.java:160)
	at de.uka.ilkd.key.proof.runallproofs.proofcollection.ForkedTestFileRunner.main(ForkedTestFileRunner.java:171)
Caused by: de.uka.ilkd.key.proof.init.ProofInputException: Could not find rule file rules/intRulesCheckedSemantics.key
	at de.uka.ilkd.key.proof.io.KeYFile.readIncludes(KeYFile.java:210)
	at de.uka.ilkd.key.proof.init.ProblemInitializer.readIncludes(ProblemInitializer.java:177)
	at de.uka.ilkd.key.proof.init.ProblemInitializer.readEnvInput(ProblemInitializer.java:325)
	at de.uka.ilkd.key.proof.init.ProblemInitializer.prepare(ProblemInitializer.java:449)
	at de.uka.ilkd.key.proof.io.AbstractProblemLoader.createInitConfig(AbstractProblemLoader.java:518)
	at de.uka.ilkd.key.proof.io.AbstractProblemLoader.loadEnvironment(AbstractProblemLoader.java:288)
	at de.uka.ilkd.key.proof.io.AbstractProblemLoader.load(AbstractProblemLoader.java:252)
	at de.uka.ilkd.key.control.AbstractUserInterfaceControl.load(AbstractUserInterfaceControl.java:209)
	... 7 more
Caused by: java.lang.RuntimeException: Could not find rule file rules/intRulesCheckedSemantics.key
	at de.uka.ilkd.key.proof.io.RuleSourceFactory.fromBuiltInRule(RuleSourceFactory.java:32)
	at de.uka.ilkd.key.proof.io.RuleSourceFactory.fromDefaultLocation(RuleSourceFactory.java:21)
	at de.uka.ilkd.key.nparser.builder.IncludeFinder.addInclude(IncludeFinder.java:63)
	at de.uka.ilkd.key.nparser.builder.IncludeFinder.visitOne_include(IncludeFinder.java:43)
	at de.uka.ilkd.key.nparser.builder.IncludeFinder.visitOne_include(IncludeFinder.java:20)
	at de.uka.ilkd.key.nparser.KeYParser$One_includeContext.accept(KeYParser.java:878)
	at de.uka.ilkd.key.nparser.builder.AbstractBuilder.lambda$mapOf$0(AbstractBuilder.java:112)
	at java.base/java.util.stream.ReferencePipeline$3$1.accept(ReferencePipeline.java:195)
	at java.base/java.util.ArrayList$ArrayListSpliterator.forEachRemaining(ArrayList.java:1655)
	at java.base/java.util.stream.AbstractPipeline.copyInto(AbstractPipeline.java:484)
	at java.base/java.util.stream.AbstractPipeline.wrapAndCopyInto(AbstractPipeline.java:474)
	at java.base/java.util.stream.ReduceOps$ReduceOp.evaluateSequential(ReduceOps.java:913)
	at java.base/java.util.stream.AbstractPipeline.evaluate(AbstractPipeline.java:234)
	at java.base/java.util.stream.ReferencePipeline.collect(ReferencePipeline.java:578)
	at de.uka.ilkd.key.nparser.builder.AbstractBuilder.mapOf(AbstractBuilder.java:112)
	at de.uka.ilkd.key.nparser.builder.IncludeFinder.visitOne_include_statement(IncludeFinder.java:35)
	at de.uka.ilkd.key.nparser.builder.IncludeFinder.visitOne_include_statement(IncludeFinder.java:20)
	at de.uka.ilkd.key.nparser.KeYParser$One_include_statementContext.accept(KeYParser.java:802)
	at org.antlr.v4.runtime.tree.AbstractParseTreeVisitor.visitChildren(AbstractParseTreeVisitor.java:46)
	at de.uka.ilkd.key.nparser.KeYParserBaseVisitor.visitDecls(KeYParserBaseVisitor.java:30)
	at de.uka.ilkd.key.nparser.KeYParser$DeclsContext.accept(KeYParser.java:500)
	at org.antlr.v4.runtime.tree.AbstractParseTreeVisitor.visitChildren(AbstractParseTreeVisitor.java:46)
	at de.uka.ilkd.key.nparser.KeYParserBaseVisitor.visitFile(KeYParserBaseVisitor.java:23)
	at de.uka.ilkd.key.nparser.KeYParser$FileContext.accept(KeYParser.java:306)
	at de.uka.ilkd.key.nparser.KeyAst.accept(KeyAst.java:41)
	at de.uka.ilkd.key.nparser.KeyAst$File.getIncludes(KeyAst.java:76)
	at de.uka.ilkd.key.proof.io.KeYFile.readIncludes(KeYFile.java:208)
	... 14 more
Could not find rule file rules/intRulesCheckedSemantics.key (file: /home/runner/work/key/key/key.core/../key.ui/examples/index/.././heap/model_methods/Recell_footprint_acc.key; caused by: de.uka.ilkd.key.proof.init.ProofInputException: Could not find rule file rules/intRulesCheckedSemantics.key)
	at de.uka.ilkd.key.control.AbstractUserInterfaceControl.load(AbstractUserInterfaceControl.java:221)
	at de.uka.ilkd.key.control.KeYEnvironment.load(KeYEnvironment.java:251)
	at de.uka.ilkd.key.control.KeYEnvironment.load(KeYEnvironment.java:224)
	at de.uka.ilkd.key.control.KeYEnvironment.load(KeYEnvironment.java:184)
	at de.uka.ilkd.key.control.KeYEnvironment.load(KeYEnvironment.java:261)
	at de.uka.ilkd.key.proof.runallproofs.proofcollection.TestFile.load(TestFile.java:270)
	at de.uka.ilkd.key.proof.runallproofs.proofcollection.TestFile.runKey(TestFile.java:160)
	at de.uka.ilkd.key.proof.runallproofs.proofcollection.ForkedTestFileRunner.main(ForkedTestFileRunner.java:171)
Caused by: de.uka.ilkd.key.proof.init.ProofInputException: Could not find rule file rules/intRulesCheckedSemantics.key
	at de.uka.ilkd.key.proof.io.KeYFile.readIncludes(KeYFile.java:210)
	at de.uka.ilkd.key.proof.init.ProblemInitializer.readIncludes(ProblemInitializer.java:177)
	at de.uka.ilkd.key.proof.init.ProblemInitializer.readEnvInput(ProblemInitializer.java:325)
	at de.uka.ilkd.key.proof.init.ProblemInitializer.prepare(ProblemInitializer.java:449)
	at de.uka.ilkd.key.proof.io.AbstractProblemLoader.createInitConfig(AbstractProblemLoader.java:518)
	at de.uka.ilkd.key.proof.io.AbstractProblemLoader.loadEnvironment(AbstractProblemLoader.java:288)
	at de.uka.ilkd.key.proof.io.AbstractProblemLoader.load(AbstractProblemLoader.java:252)
	at de.uka.ilkd.key.control.AbstractUserInterfaceControl.load(AbstractUserInterfaceControl.java:209)
	... 7 more
Caused by: java.lang.RuntimeException: Could not find rule file rules/intRulesCheckedSemantics.key
	at de.uka.ilkd.key.proof.io.RuleSourceFactory.fromBuiltInRule(RuleSourceFactory.java:32)
	at de.uka.ilkd.key.proof.io.RuleSourceFactory.fromDefaultLocation(RuleSourceFactory.java:21)
	at de.uka.ilkd.key.nparser.builder.IncludeFinder.addInclude(IncludeFinder.java:63)
	at de.uka.ilkd.key.nparser.builder.IncludeFinder.visitOne_include(IncludeFinder.java:43)
	at de.uka.ilkd.key.nparser.builder.IncludeFinder.visitOne_include(IncludeFinder.java:20)
	at de.uka.ilkd.key.nparser.KeYParser$One_includeContext.accept(KeYParser.java:878)
	at de.uka.ilkd.key.nparser.builder.AbstractBuilder.lambda$mapOf$0(AbstractBuilder.java:112)
	at java.base/java.util.stream.ReferencePipeline$3$1.accept(ReferencePipeline.java:195)
	at java.base/java.util.ArrayList$ArrayListSpliterator.forEachRemaining(ArrayList.java:1655)
	at java.base/java.util.stream.AbstractPipeline.copyInto(AbstractPipeline.java:484)
	at java.base/java.util.stream.AbstractPipeline.wrapAndCopyInto(AbstractPipeline.java:474)
	at java.base/java.util.stream.ReduceOps$ReduceOp.evaluateSequential(ReduceOps.java:913)
	at java.base/java.util.stream.AbstractPipeline.evaluate(AbstractPipeline.java:234)
	at java.base/java.util.stream.ReferencePipeline.collect(ReferencePipeline.java:578)
	at de.uka.ilkd.key.nparser.builder.AbstractBuilder.mapOf(AbstractBuilder.java:112)
	at de.uka.ilkd.key.nparser.builder.IncludeFinder.visitOne_include_statement(IncludeFinder.java:35)
	at de.uka.ilkd.key.nparser.builder.IncludeFinder.visitOne_include_statement(IncludeFinder.java:20)
	at de.uka.ilkd.key.nparser.KeYParser$One_include_statementContext.accept(KeYParser.java:802)
	at org.antlr.v4.runtime.tree.AbstractParseTreeVisitor.visitChildren(AbstractParseTreeVisitor.java:46)
	at de.uka.ilkd.key.nparser.KeYParserBaseVisitor.visitDecls(KeYParserBaseVisitor.java:30)
	at de.uka.ilkd.key.nparser.KeYParser$DeclsContext.accept(KeYParser.java:500)
	at org.antlr.v4.runtime.tree.AbstractParseTreeVisitor.visitChildren(AbstractParseTreeVisitor.java:46)
	at de.uka.ilkd.key.nparser.KeYParserBaseVisitor.visitFile(KeYParserBaseVisitor.java:23)
	at de.uka.ilkd.key.nparser.KeYParser$FileContext.accept(KeYParser.java:306)
	at de.uka.ilkd.key.nparser.KeyAst.accept(KeyAst.java:41)
	at de.uka.ilkd.key.nparser.KeyAst$File.getIncludes(KeyAst.java:76)
	at de.uka.ilkd.key.proof.io.KeYFile.readIncludes(KeYFile.java:208)
	... 14 more
Could not find rule file rules/intRulesCheckedSemantics.key (file: /home/runner/work/key/key/key.core/../key.ui/examples/index/.././heap/model_methods/Recell_get_acc.key; caused by: de.uka.ilkd.key.proof.init.ProofInputException: Could not find rule file rules/intRulesCheckedSemantics.key)
	at de.uka.ilkd.key.control.AbstractUserInterfaceControl.load(AbstractUserInterfaceControl.java:221)
	at de.uka.ilkd.key.control.KeYEnvironment.load(KeYEnvironment.java:251)
	at de.uka.ilkd.key.control.KeYEnvironment.load(KeYEnvironment.java:224)
	at de.uka.ilkd.key.control.KeYEnvironment.load(KeYEnvironment.java:184)
	at de.uka.ilkd.key.control.KeYEnvironment.load(KeYEnvironment.java:261)
	at de.uka.ilkd.key.proof.runallproofs.proofcollection.TestFile.load(TestFile.java:270)
	at de.uka.ilkd.key.proof.runallproofs.proofcollection.TestFile.runKey(TestFile.java:160)
	at de.uka.ilkd.key.proof.runallproofs.proofcollection.ForkedTestFileRunner.main(ForkedTestFileRunner.java:171)
Caused by: de.uka.ilkd.key.proof.init.ProofInputException: Could not find rule file rules/intRulesCheckedSemantics.key
	at de.uka.ilkd.key.proof.io.KeYFile.readIncludes(KeYFile.java:210)
	at de.uka.ilkd.key.proof.init.ProblemInitializer.readIncludes(ProblemInitializer.java:177)
	at de.uka.ilkd.key.proof.init.ProblemInitializer.readEnvInput(ProblemInitializer.java:325)
	at de.uka.ilkd.key.proof.init.ProblemInitializer.prepare(ProblemInitializer.java:449)
	at de.uka.ilkd.key.proof.io.AbstractProblemLoader.createInitConfig(AbstractProblemLoader.java:518)
	at de.uka.ilkd.key.proof.io.AbstractProblemLoader.loadEnvironment(AbstractProblemLoader.java:288)
	at de.uka.ilkd.key.proof.io.AbstractProblemLoader.load(AbstractProblemLoader.java:252)
	at de.uka.ilkd.key.control.AbstractUserInterfaceControl.load(AbstractUserInterfaceControl.java:209)
	... 7 more
Caused by: java.lang.RuntimeException: Could not find rule file rules/intRulesCheckedSemantics.key
	at de.uka.ilkd.key.proof.io.RuleSourceFactory.fromBuiltInRule(RuleSourceFactory.java:32)
	at de.uka.ilkd.key.proof.io.RuleSourceFactory.fromDefaultLocation(RuleSourceFactory.java:21)
	at de.uka.ilkd.key.nparser.builder.IncludeFinder.addInclude(IncludeFinder.java:63)
	at de.uka.ilkd.key.nparser.builder.IncludeFinder.visitOne_include(IncludeFinder.java:43)
	at de.uka.ilkd.key.nparser.builder.IncludeFinder.visitOne_include(IncludeFinder.java:20)
	at de.uka.ilkd.key.nparser.KeYParser$One_includeContext.accept(KeYParser.java:878)
	at de.uka.ilkd.key.nparser.builder.AbstractBuilder.lambda$mapOf$0(AbstractBuilder.java:112)
	at java.base/java.util.stream.ReferencePipeline$3$1.accept(ReferencePipeline.java:195)
	at java.base/java.util.ArrayList$ArrayListSpliterator.forEachRemaining(ArrayList.java:1655)
	at java.base/java.util.stream.AbstractPipeline.copyInto(AbstractPipeline.java:484)
	at java.base/java.util.stream.AbstractPipeline.wrapAndCopyInto(AbstractPipeline.java:474)
	at java.base/java.util.stream.ReduceOps$ReduceOp.evaluateSequential(ReduceOps.java:913)
	at java.base/java.util.stream.AbstractPipeline.evaluate(AbstractPipeline.java:234)
	at java.base/java.util.stream.ReferencePipeline.collect(ReferencePipeline.java:578)
	at de.uka.ilkd.key.nparser.builder.AbstractBuilder.mapOf(AbstractBuilder.java:112)
	at de.uka.ilkd.key.nparser.builder.IncludeFinder.visitOne_include_statement(IncludeFinder.java:35)
	at de.uka.ilkd.key.nparser.builder.IncludeFinder.visitOne_include_statement(IncludeFinder.java:20)
	at de.uka.ilkd.key.nparser.KeYParser$One_include_statementContext.accept(KeYParser.java:802)
	at org.antlr.v4.runtime.tree.AbstractParseTreeVisitor.visitChildren(AbstractParseTreeVisitor.java:46)
	at de.uka.ilkd.key.nparser.KeYParserBaseVisitor.visitDecls(KeYParserBaseVisitor.java:30)
	at de.uka.ilkd.key.nparser.KeYParser$DeclsContext.accept(KeYParser.java:500)
	at org.antlr.v4.runtime.tree.AbstractParseTreeVisitor.visitChildren(AbstractParseTreeVisitor.java:46)
	at de.uka.ilkd.key.nparser.KeYParserBaseVisitor.visitFile(KeYParserBaseVisitor.java:23)
	at de.uka.ilkd.key.nparser.KeYParser$FileContext.accept(KeYParser.java:306)
	at de.uka.ilkd.key.nparser.KeyAst.accept(KeyAst.java:41)
	at de.uka.ilkd.key.nparser.KeyAst$File.getIncludes(KeyAst.java:76)
	at de.uka.ilkd.key.proof.io.KeYFile.readIncludes(KeYFile.java:208)
	... 14 more
Could not find rule file rules/intRulesCheckedSemantics.key (file: /home/runner/work/key/key/key.core/../key.ui/examples/index/.././heap/model_methods/Recell_get.key; caused by: de.uka.ilkd.key.proof.init.ProofInputException: Could not find rule file rules/intRulesCheckedSemantics.key)
	at de.uka.ilkd.key.control.AbstractUserInterfaceControl.load(AbstractUserInterfaceControl.java:221)
	at de.uka.ilkd.key.control.KeYEnvironment.load(KeYEnvironment.java:251)
	at de.uka.ilkd.key.control.KeYEnvironment.load(KeYEnvironment.java:224)
	at de.uka.ilkd.key.control.KeYEnvironment.load(KeYEnvironment.java:184)
	at de.uka.ilkd.key.control.KeYEnvironment.load(KeYEnvironment.java:261)
	at de.uka.ilkd.key.proof.runallproofs.proofcollection.TestFile.load(TestFile.java:270)
	at de.uka.ilkd.key.proof.runallproofs.proofcollection.TestFile.runKey(TestFile.java:160)
	at de.uka.ilkd.key.proof.runallproofs.proofcollection.ForkedTestFileRunner.main(ForkedTestFileRunner.java:171)
Caused by: de.uka.ilkd.key.proof.init.ProofInputException: Could not find rule file rules/intRulesCheckedSemantics.key
	at de.uka.ilkd.key.proof.io.KeYFile.readIncludes(KeYFile.java:210)
	at de.uka.ilkd.key.proof.init.ProblemInitializer.readIncludes(ProblemInitializer.java:177)
	at de.uka.ilkd.key.proof.init.ProblemInitializer.readEnvInput(ProblemInitializer.java:325)
	at de.uka.ilkd.key.proof.init.ProblemInitializer.prepare(ProblemInitializer.java:449)
	at de.uka.ilkd.key.proof.io.AbstractProblemLoader.createInitConfig(AbstractProblemLoader.java:518)
	at de.uka.ilkd.key.proof.io.AbstractProblemLoader.loadEnvironment(AbstractProblemLoader.java:288)
	at de.uka.ilkd.key.proof.io.AbstractProblemLoader.load(AbstractProblemLoader.java:252)
	at de.uka.ilkd.key.control.AbstractUserInterfaceControl.load(AbstractUserInterfaceControl.java:209)
	... 7 more
Caused by: java.lang.RuntimeException: Could not find rule file rules/intRulesCheckedSemantics.key
	at de.uka.ilkd.key.proof.io.RuleSourceFactory.fromBuiltInRule(RuleSourceFactory.java:32)
	at de.uka.ilkd.key.proof.io.RuleSourceFactory.fromDefaultLocation(RuleSourceFactory.java:21)
	at de.uka.ilkd.key.nparser.builder.IncludeFinder.addInclude(IncludeFinder.java:63)
	at de.uka.ilkd.key.nparser.builder.IncludeFinder.visitOne_include(IncludeFinder.java:43)
	at de.uka.ilkd.key.nparser.builder.IncludeFinder.visitOne_include(IncludeFinder.java:20)
	at de.uka.ilkd.key.nparser.KeYParser$One_includeContext.accept(KeYParser.java:878)
	at de.uka.ilkd.key.nparser.builder.AbstractBuilder.lambda$mapOf$0(AbstractBuilder.java:112)
	at java.base/java.util.stream.ReferencePipeline$3$1.accept(ReferencePipeline.java:195)
	at java.base/java.util.ArrayList$ArrayListSpliterator.forEachRemaining(ArrayList.java:1655)
	at java.base/java.util.stream.AbstractPipeline.copyInto(AbstractPipeline.java:484)
	at java.base/java.util.stream.AbstractPipeline.wrapAndCopyInto(AbstractPipeline.java:474)
	at java.base/java.util.stream.ReduceOps$ReduceOp.evaluateSequential(ReduceOps.java:913)
	at java.base/java.util.stream.AbstractPipeline.evaluate(AbstractPipeline.java:234)
	at java.base/java.util.stream.ReferencePipeline.collect(ReferencePipeline.java:578)
	at de.uka.ilkd.key.nparser.builder.AbstractBuilder.mapOf(AbstractBuilder.java:112)
	at de.uka.ilkd.key.nparser.builder.IncludeFinder.visitOne_include_statement(IncludeFinder.java:35)
	at de.uka.ilkd.key.nparser.builder.IncludeFinder.visitOne_include_statement(IncludeFinder.java:20)
	at de.uka.ilkd.key.nparser.KeYParser$One_include_statementContext.accept(KeYParser.java:802)
	at org.antlr.v4.runtime.tree.AbstractParseTreeVisitor.visitChildren(AbstractParseTreeVisitor.java:46)
	at de.uka.ilkd.key.nparser.KeYParserBaseVisitor.visitDecls(KeYParserBaseVisitor.java:30)
	at de.uka.ilkd.key.nparser.KeYParser$DeclsContext.accept(KeYParser.java:500)
	at org.antlr.v4.runtime.tree.AbstractParseTreeVisitor.visitChildren(AbstractParseTreeVisitor.java:46)
	at de.uka.ilkd.key.nparser.KeYParserBaseVisitor.visitFile(KeYParserBaseVisitor.java:23)
	at de.uka.ilkd.key.nparser.KeYParser$FileContext.accept(KeYParser.java:306)
	at de.uka.ilkd.key.nparser.KeyAst.accept(KeyAst.java:41)
	at de.uka.ilkd.key.nparser.KeyAst$File.getIncludes(KeyAst.java:76)
	at de.uka.ilkd.key.proof.io.KeYFile.readIncludes(KeYFile.java:208)
	... 14 more
Could not find rule file rules/intRulesCheckedSemantics.key (file: /home/runner/work/key/key/key.core/../key.ui/examples/index/.././heap/model_methods/Recell_Recell_footprint.key; caused by: de.uka.ilkd.key.proof.init.ProofInputException: Could not find rule file rules/intRulesCheckedSemantics.key)
	at de.uka.ilkd.key.control.AbstractUserInterfaceControl.load(AbstractUserInterfaceControl.java:221)
	at de.uka.ilkd.key.control.KeYEnvironment.load(KeYEnvironment.java:251)
	at de.uka.ilkd.key.control.KeYEnvironment.load(KeYEnvironment.java:224)
	at de.uka.ilkd.key.control.KeYEnvironment.load(KeYEnvironment.java:184)
	at de.uka.ilkd.key.control.KeYEnvironment.load(KeYEnvironment.java:261)
	at de.uka.ilkd.key.proof.runallproofs.proofcollection.TestFile.load(TestFile.java:270)
	at de.uka.ilkd.key.proof.runallproofs.proofcollection.TestFile.runKey(TestFile.java:160)
	at de.uka.ilkd.key.proof.runallproofs.proofcollection.ForkedTestFileRunner.main(ForkedTestFileRunner.java:171)
Caused by: de.uka.ilkd.key.proof.init.ProofInputException: Could not find rule file rules/intRulesCheckedSemantics.key
	at de.uka.ilkd.key.proof.io.KeYFile.readIncludes(KeYFile.java:210)
	at de.uka.ilkd.key.proof.init.ProblemInitializer.readIncludes(ProblemInitializer.java:177)
	at de.uka.ilkd.key.proof.init.ProblemInitializer.readEnvInput(ProblemInitializer.java:325)
	at de.uka.ilkd.key.proof.init.ProblemInitializer.prepare(ProblemInitializer.java:449)
	at de.uka.ilkd.key.proof.io.AbstractProblemLoader.createInitConfig(AbstractProblemLoader.java:518)
	at de.uka.ilkd.key.proof.io.AbstractProblemLoader.loadEnvironment(AbstractProblemLoader.java:288)
	at de.uka.ilkd.key.proof.io.AbstractProblemLoader.load(AbstractProblemLoader.java:252)
	at de.uka.ilkd.key.control.AbstractUserInterfaceControl.load(AbstractUserInterfaceControl.java:209)
	... 7 more
Caused by: java.lang.RuntimeException: Could not find rule file rules/intRulesCheckedSemantics.key
	at de.uka.ilkd.key.proof.io.RuleSourceFactory.fromBuiltInRule(RuleSourceFactory.java:32)
	at de.uka.ilkd.key.proof.io.RuleSourceFactory.fromDefaultLocation(RuleSourceFactory.java:21)
	at de.uka.ilkd.key.nparser.builder.IncludeFinder.addInclude(IncludeFinder.java:63)
	at de.uka.ilkd.key.nparser.builder.IncludeFinder.visitOne_include(IncludeFinder.java:43)
	at de.uka.ilkd.key.nparser.builder.IncludeFinder.visitOne_include(IncludeFinder.java:20)
	at de.uka.ilkd.key.nparser.KeYParser$One_includeContext.accept(KeYParser.java:878)
	at de.uka.ilkd.key.nparser.builder.AbstractBuilder.lambda$mapOf$0(AbstractBuilder.java:112)
	at java.base/java.util.stream.ReferencePipeline$3$1.accept(ReferencePipeline.java:195)
	at java.base/java.util.ArrayList$ArrayListSpliterator.forEachRemaining(ArrayList.java:1655)
	at java.base/java.util.stream.AbstractPipeline.copyInto(AbstractPipeline.java:484)
	at java.base/java.util.stream.AbstractPipeline.wrapAndCopyInto(AbstractPipeline.java:474)
	at java.base/java.util.stream.ReduceOps$ReduceOp.evaluateSequential(ReduceOps.java:913)
	at java.base/java.util.stream.AbstractPipeline.evaluate(AbstractPipeline.java:234)
	at java.base/java.util.stream.ReferencePipeline.collect(ReferencePipeline.java:578)
	at de.uka.ilkd.key.nparser.builder.AbstractBuilder.mapOf(AbstractBuilder.java:112)
	at de.uka.ilkd.key.nparser.builder.IncludeFinder.visitOne_include_statement(IncludeFinder.java:35)
	at de.uka.ilkd.key.nparser.builder.IncludeFinder.visitOne_include_statement(IncludeFinder.java:20)
	at de.uka.ilkd.key.nparser.KeYParser$One_include_statementContext.accept(KeYParser.java:802)
	at org.antlr.v4.runtime.tree.AbstractParseTreeVisitor.visitChildren(AbstractParseTreeVisitor.java:46)
	at de.uka.ilkd.key.nparser.KeYParserBaseVisitor.visitDecls(KeYParserBaseVisitor.java:30)
	at de.uka.ilkd.key.nparser.KeYParser$DeclsContext.accept(KeYParser.java:500)
	at org.antlr.v4.runtime.tree.AbstractParseTreeVisitor.visitChildren(AbstractParseTreeVisitor.java:46)
	at de.uka.ilkd.key.nparser.KeYParserBaseVisitor.visitFile(KeYParserBaseVisitor.java:23)
	at de.uka.ilkd.key.nparser.KeYParser$FileContext.accept(KeYParser.java:306)
	at de.uka.ilkd.key.nparser.KeyAst.accept(KeyAst.java:41)
	at de.uka.ilkd.key.nparser.KeyAst$File.getIncludes(KeyAst.java:76)
	at de.uka.ilkd.key.proof.io.KeYFile.readIncludes(KeYFile.java:208)
	... 14 more
Could not find rule file rules/intRulesCheckedSemantics.key (file: /home/runner/work/key/key/key.core/../key.ui/examples/index/.././heap/model_methods/Recell_Recell_post_set.key; caused by: de.uka.ilkd.key.proof.init.ProofInputException: Could not find rule file rules/intRulesCheckedSemantics.key)
	at de.uka.ilkd.key.control.AbstractUserInterfaceControl.load(AbstractUserInterfaceControl.java:221)
	at de.uka.ilkd.key.control.KeYEnvironment.load(KeYEnvironment.java:251)
	at de.uka.ilkd.key.control.KeYEnvironment.load(KeYEnvironment.java:224)
	at de.uka.ilkd.key.control.KeYEnvironment.load(KeYEnvironment.java:184)
	at de.uka.ilkd.key.control.KeYEnvironment.load(KeYEnvironment.java:261)
	at de.uka.ilkd.key.proof.runallproofs.proofcollection.TestFile.load(TestFile.java:270)
	at de.uka.ilkd.key.proof.runallproofs.proofcollection.TestFile.runKey(TestFile.java:160)
	at de.uka.ilkd.key.proof.runallproofs.proofcollection.ForkedTestFileRunner.main(ForkedTestFileRunner.java:171)
Caused by: de.uka.ilkd.key.proof.init.ProofInputException: Could not find rule file rules/intRulesCheckedSemantics.key
	at de.uka.ilkd.key.proof.io.KeYFile.readIncludes(KeYFile.java:210)
	at de.uka.ilkd.key.proof.init.ProblemInitializer.readIncludes(ProblemInitializer.java:177)
	at de.uka.ilkd.key.proof.init.ProblemInitializer.readEnvInput(ProblemInitializer.java:325)
	at de.uka.ilkd.key.proof.init.ProblemInitializer.prepare(ProblemInitializer.java:449)
	at de.uka.ilkd.key.proof.io.AbstractProblemLoader.createInitConfig(AbstractProblemLoader.java:518)
	at de.uka.ilkd.key.proof.io.AbstractProblemLoader.loadEnvironment(AbstractProblemLoader.java:288)
	at de.uka.ilkd.key.proof.io.AbstractProblemLoader.load(AbstractProblemLoader.java:252)
	at de.uka.ilkd.key.control.AbstractUserInterfaceControl.load(AbstractUserInterfaceControl.java:209)
	... 7 more
Caused by: java.lang.RuntimeException: Could not find rule file rules/intRulesCheckedSemantics.key
	at de.uka.ilkd.key.proof.io.RuleSourceFactory.fromBuiltInRule(RuleSourceFactory.java:32)
	at de.uka.ilkd.key.proof.io.RuleSourceFactory.fromDefaultLocation(RuleSourceFactory.java:21)
	at de.uka.ilkd.key.nparser.builder.IncludeFinder.addInclude(IncludeFinder.java:63)
	at de.uka.ilkd.key.nparser.builder.IncludeFinder.visitOne_include(IncludeFinder.java:43)
	at de.uka.ilkd.key.nparser.builder.IncludeFinder.visitOne_include(IncludeFinder.java:20)
	at de.uka.ilkd.key.nparser.KeYParser$One_includeContext.accept(KeYParser.java:878)
	at de.uka.ilkd.key.nparser.builder.AbstractBuilder.lambda$mapOf$0(AbstractBuilder.java:112)
	at java.base/java.util.stream.ReferencePipeline$3$1.accept(ReferencePipeline.java:195)
	at java.base/java.util.ArrayList$ArrayListSpliterator.forEachRemaining(ArrayList.java:1655)
	at java.base/java.util.stream.AbstractPipeline.copyInto(AbstractPipeline.java:484)
	at java.base/java.util.stream.AbstractPipeline.wrapAndCopyInto(AbstractPipeline.java:474)
	at java.base/java.util.stream.ReduceOps$ReduceOp.evaluateSequential(ReduceOps.java:913)
	at java.base/java.util.stream.AbstractPipeline.evaluate(AbstractPipeline.java:234)
	at java.base/java.util.stream.ReferencePipeline.collect(ReferencePipeline.java:578)
	at de.uka.ilkd.key.nparser.builder.AbstractBuilder.mapOf(AbstractBuilder.java:112)
	at de.uka.ilkd.key.nparser.builder.IncludeFinder.visitOne_include_statement(IncludeFinder.java:35)
	at de.uka.ilkd.key.nparser.builder.IncludeFinder.visitOne_include_statement(IncludeFinder.java:20)
	at de.uka.ilkd.key.nparser.KeYParser$One_include_statementContext.accept(KeYParser.java:802)
	at org.antlr.v4.runtime.tree.AbstractParseTreeVisitor.visitChildren(AbstractParseTreeVisitor.java:46)
	at de.uka.ilkd.key.nparser.KeYParserBaseVisitor.visitDecls(KeYParserBaseVisitor.java:30)
	at de.uka.ilkd.key.nparser.KeYParser$DeclsContext.accept(KeYParser.java:500)
	at org.antlr.v4.runtime.tree.AbstractParseTreeVisitor.visitChildren(AbstractParseTreeVisitor.java:46)
	at de.uka.ilkd.key.nparser.KeYParserBaseVisitor.visitFile(KeYParserBaseVisitor.java:23)
	at de.uka.ilkd.key.nparser.KeYParser$FileContext.accept(KeYParser.java:306)
	at de.uka.ilkd.key.nparser.KeyAst.accept(KeyAst.java:41)
	at de.uka.ilkd.key.nparser.KeyAst$File.getIncludes(KeyAst.java:76)
	at de.uka.ilkd.key.proof.io.KeYFile.readIncludes(KeYFile.java:208)
	... 14 more
Could not find rule file rules/intRulesCheckedSemantics.key (file: /home/runner/work/key/key/key.core/../key.ui/examples/index/.././heap/model_methods/Recell_set.key; caused by: de.uka.ilkd.key.proof.init.ProofInputException: Could not find rule file rules/intRulesCheckedSemantics.key)
	at de.uka.ilkd.key.control.AbstractUserInterfaceControl.load(AbstractUserInterfaceControl.java:221)
	at de.uka.ilkd.key.control.KeYEnvironment.load(KeYEnvironment.java:251)
	at de.uka.ilkd.key.control.KeYEnvironment.load(KeYEnvironment.java:224)
	at de.uka.ilkd.key.control.KeYEnvironment.load(KeYEnvironment.java:184)
	at de.uka.ilkd.key.control.KeYEnvironment.load(KeYEnvironment.java:261)
	at de.uka.ilkd.key.proof.runallproofs.proofcollection.TestFile.load(TestFile.java:270)
	at de.uka.ilkd.key.proof.runallproofs.proofcollection.TestFile.runKey(TestFile.java:160)
	at de.uka.ilkd.key.proof.runallproofs.proofcollection.ForkedTestFileRunner.main(ForkedTestFileRunner.java:171)
Caused by: de.uka.ilkd.key.proof.init.ProofInputException: Could not find rule file rules/intRulesCheckedSemantics.key
	at de.uka.ilkd.key.proof.io.KeYFile.readIncludes(KeYFile.java:210)
	at de.uka.ilkd.key.proof.init.ProblemInitializer.readIncludes(ProblemInitializer.java:177)
	at de.uka.ilkd.key.proof.init.ProblemInitializer.readEnvInput(ProblemInitializer.java:325)
	at de.uka.ilkd.key.proof.init.ProblemInitializer.prepare(ProblemInitializer.java:449)
	at de.uka.ilkd.key.proof.io.AbstractProblemLoader.createInitConfig(AbstractProblemLoader.java:518)
	at de.uka.ilkd.key.proof.io.AbstractProblemLoader.loadEnvironment(AbstractProblemLoader.java:288)
	at de.uka.ilkd.key.proof.io.AbstractProblemLoader.load(AbstractProblemLoader.java:252)
	at de.uka.ilkd.key.control.AbstractUserInterfaceControl.load(AbstractUserInterfaceControl.java:209)
	... 7 more
Caused by: java.lang.RuntimeException: Could not find rule file rules/intRulesCheckedSemantics.key
	at de.uka.ilkd.key.proof.io.RuleSourceFactory.fromBuiltInRule(RuleSourceFactory.java:32)
	at de.uka.ilkd.key.proof.io.RuleSourceFactory.fromDefaultLocation(RuleSourceFactory.java:21)
	at de.uka.ilkd.key.nparser.builder.IncludeFinder.addInclude(IncludeFinder.java:63)
	at de.uka.ilkd.key.nparser.builder.IncludeFinder.visitOne_include(IncludeFinder.java:43)
	at de.uka.ilkd.key.nparser.builder.IncludeFinder.visitOne_include(IncludeFinder.java:20)
	at de.uka.ilkd.key.nparser.KeYParser$One_includeContext.accept(KeYParser.java:878)
	at de.uka.ilkd.key.nparser.builder.AbstractBuilder.lambda$mapOf$0(AbstractBuilder.java:112)
	at java.base/java.util.stream.ReferencePipeline$3$1.accept(ReferencePipeline.java:195)
	at java.base/java.util.ArrayList$ArrayListSpliterator.forEachRemaining(ArrayList.java:1655)
	at java.base/java.util.stream.AbstractPipeline.copyInto(AbstractPipeline.java:484)
	at java.base/java.util.stream.AbstractPipeline.wrapAndCopyInto(AbstractPipeline.java:474)
	at java.base/java.util.stream.ReduceOps$ReduceOp.evaluateSequential(ReduceOps.java:913)
	at java.base/java.util.stream.AbstractPipeline.evaluate(AbstractPipeline.java:234)
	at java.base/java.util.stream.ReferencePipeline.collect(ReferencePipeline.java:578)
	at de.uka.ilkd.key.nparser.builder.AbstractBuilder.mapOf(AbstractBuilder.java:112)
	at de.uka.ilkd.key.nparser.builder.IncludeFinder.visitOne_include_statement(IncludeFinder.java:35)
	at de.uka.ilkd.key.nparser.builder.IncludeFinder.visitOne_include_statement(IncludeFinder.java:20)
	at de.uka.ilkd.key.nparser.KeYParser$One_include_statementContext.accept(KeYParser.java:802)
	at org.antlr.v4.runtime.tree.AbstractParseTreeVisitor.visitChildren(AbstractParseTreeVisitor.java:46)
	at de.uka.ilkd.key.nparser.KeYParserBaseVisitor.visitDecls(KeYParserBaseVisitor.java:30)
	at de.uka.ilkd.key.nparser.KeYParser$DeclsContext.accept(KeYParser.java:500)
	at org.antlr.v4.runtime.tree.AbstractParseTreeVisitor.visitChildren(AbstractParseTreeVisitor.java:46)
	at de.uka.ilkd.key.nparser.KeYParserBaseVisitor.visitFile(KeYParserBaseVisitor.java:23)
	at de.uka.ilkd.key.nparser.KeYParser$FileContext.accept(KeYParser.java:306)
	at de.uka.ilkd.key.nparser.KeyAst.accept(KeyAst.java:41)
	at de.uka.ilkd.key.nparser.KeyAst$File.getIncludes(KeyAst.java:76)
	at de.uka.ilkd.key.proof.io.KeYFile.readIncludes(KeYFile.java:208)
	... 14 more
Could not find rule file rules/intRulesCheckedSemantics.key (file: /home/runner/work/key/key/key.core/../key.ui/examples/index/.././heap/model_methods/Recell_undo.key; caused by: de.uka.ilkd.key.proof.init.ProofInputException: Could not find rule file rules/intRulesCheckedSemantics.key)
	at de.uka.ilkd.key.control.AbstractUserInterfaceControl.load(AbstractUserInterfaceControl.java:221)
	at de.uka.ilkd.key.control.KeYEnvironment.load(KeYEnvironment.java:251)
	at de.uka.ilkd.key.control.KeYEnvironment.load(KeYEnvironment.java:224)
	at de.uka.ilkd.key.control.KeYEnvironment.load(KeYEnvironment.java:184)
	at de.uka.ilkd.key.control.KeYEnvironment.load(KeYEnvironment.java:261)
	at de.uka.ilkd.key.proof.runallproofs.proofcollection.TestFile.load(TestFile.java:270)
	at de.uka.ilkd.key.proof.runallproofs.proofcollection.TestFile.runKey(TestFile.java:160)
	at de.uka.ilkd.key.proof.runallproofs.proofcollection.ForkedTestFileRunner.main(ForkedTestFileRunner.java:171)
Caused by: de.uka.ilkd.key.proof.init.ProofInputException: Could not find rule file rules/intRulesCheckedSemantics.key
	at de.uka.ilkd.key.proof.io.KeYFile.readIncludes(KeYFile.java:210)
	at de.uka.ilkd.key.proof.init.ProblemInitializer.readIncludes(ProblemInitializer.java:177)
	at de.uka.ilkd.key.proof.init.ProblemInitializer.readEnvInput(ProblemInitializer.java:325)
	at de.uka.ilkd.key.proof.init.ProblemInitializer.prepare(ProblemInitializer.java:449)
	at de.uka.ilkd.key.proof.io.AbstractProblemLoader.createInitConfig(AbstractProblemLoader.java:518)
	at de.uka.ilkd.key.proof.io.AbstractProblemLoader.loadEnvironment(AbstractProblemLoader.java:288)
	at de.uka.ilkd.key.proof.io.AbstractProblemLoader.load(AbstractProblemLoader.java:252)
	at de.uka.ilkd.key.control.AbstractUserInterfaceControl.load(AbstractUserInterfaceControl.java:209)
	... 7 more
Caused by: java.lang.RuntimeException: Could not find rule file rules/intRulesCheckedSemantics.key
	at de.uka.ilkd.key.proof.io.RuleSourceFactory.fromBuiltInRule(RuleSourceFactory.java:32)
	at de.uka.ilkd.key.proof.io.RuleSourceFactory.fromDefaultLocation(RuleSourceFactory.java:21)
	at de.uka.ilkd.key.nparser.builder.IncludeFinder.addInclude(IncludeFinder.java:63)
	at de.uka.ilkd.key.nparser.builder.IncludeFinder.visitOne_include(IncludeFinder.java:43)
	at de.uka.ilkd.key.nparser.builder.IncludeFinder.visitOne_include(IncludeFinder.java:20)
	at de.uka.ilkd.key.nparser.KeYParser$One_includeContext.accept(KeYParser.java:878)
	at de.uka.ilkd.key.nparser.builder.AbstractBuilder.lambda$mapOf$0(AbstractBuilder.java:112)
	at java.base/java.util.stream.ReferencePipeline$3$1.accept(ReferencePipeline.java:195)
	at java.base/java.util.ArrayList$ArrayListSpliterator.forEachRemaining(ArrayList.java:1655)
	at java.base/java.util.stream.AbstractPipeline.copyInto(AbstractPipeline.java:484)
	at java.base/java.util.stream.AbstractPipeline.wrapAndCopyInto(AbstractPipeline.java:474)
	at java.base/java.util.stream.ReduceOps$ReduceOp.evaluateSequential(ReduceOps.java:913)
	at java.base/java.util.stream.AbstractPipeline.evaluate(AbstractPipeline.java:234)
	at java.base/java.util.stream.ReferencePipeline.collect(ReferencePipeline.java:578)
	at de.uka.ilkd.key.nparser.builder.AbstractBuilder.mapOf(AbstractBuilder.java:112)
	at de.uka.ilkd.key.nparser.builder.IncludeFinder.visitOne_include_statement(IncludeFinder.java:35)
	at de.uka.ilkd.key.nparser.builder.IncludeFinder.visitOne_include_statement(IncludeFinder.java:20)
	at de.uka.ilkd.key.nparser.KeYParser$One_include_statementContext.accept(KeYParser.java:802)
	at org.antlr.v4.runtime.tree.AbstractParseTreeVisitor.visitChildren(AbstractParseTreeVisitor.java:46)
	at de.uka.ilkd.key.nparser.KeYParserBaseVisitor.visitDecls(KeYParserBaseVisitor.java:30)
	at de.uka.ilkd.key.nparser.KeYParser$DeclsContext.accept(KeYParser.java:500)
	at org.antlr.v4.runtime.tree.AbstractParseTreeVisitor.visitChildren(AbstractParseTreeVisitor.java:46)
	at de.uka.ilkd.key.nparser.KeYParserBaseVisitor.visitFile(KeYParserBaseVisitor.java:23)
	at de.uka.ilkd.key.nparser.KeYParser$FileContext.accept(KeYParser.java:306)
	at de.uka.ilkd.key.nparser.KeyAst.accept(KeyAst.java:41)
	at de.uka.ilkd.key.nparser.KeyAst$File.getIncludes(KeyAst.java:76)
	at de.uka.ilkd.key.proof.io.KeYFile.readIncludes(KeYFile.java:208)
	... 14 more
Exception in thread "main" org.opentest4j.AssertionFailedError: Exception during the execution of proofs. See log for more details.
	at org.junit.jupiter.api.AssertionUtils.fail(AssertionUtils.java:39)
	at org.junit.jupiter.api.Assertions.fail(Assertions.java:134)
	at de.uka.ilkd.key.proof.runallproofs.proofcollection.ForkedTestFileRunner.main(ForkedTestFileRunner.java:192)
Timeout watcher launched (2000 secs.)
Could not find rule file rules/intRulesCheckedSemantics.key (file: /home/runner/work/key/key/key.core/../key.ui/examples/index/.././heap/permissions/permissions_method0.key; caused by: de.uka.ilkd.key.proof.init.ProofInputException: Could not find rule file rules/intRulesCheckedSemantics.key)
	at de.uka.ilkd.key.control.AbstractUserInterfaceControl.load(AbstractUserInterfaceControl.java:221)
	at de.uka.ilkd.key.control.KeYEnvironment.load(KeYEnvironment.java:251)
	at de.uka.ilkd.key.control.KeYEnvironment.load(KeYEnvironment.java:224)
	at de.uka.ilkd.key.control.KeYEnvironment.load(KeYEnvironment.java:184)
	at de.uka.ilkd.key.control.KeYEnvironment.load(KeYEnvironment.java:261)
	at de.uka.ilkd.key.proof.runallproofs.proofcollection.TestFile.load(TestFile.java:270)
	at de.uka.ilkd.key.proof.runallproofs.proofcollection.TestFile.runKey(TestFile.java:160)
	at de.uka.ilkd.key.proof.runallproofs.proofcollection.ForkedTestFileRunner.main(ForkedTestFileRunner.java:171)
Caused by: de.uka.ilkd.key.proof.init.ProofInputException: Could not find rule file rules/intRulesCheckedSemantics.key
	at de.uka.ilkd.key.proof.io.KeYFile.readIncludes(KeYFile.java:210)
	at de.uka.ilkd.key.proof.init.ProblemInitializer.readIncludes(ProblemInitializer.java:177)
	at de.uka.ilkd.key.proof.init.ProblemInitializer.readEnvInput(ProblemInitializer.java:325)
	at de.uka.ilkd.key.proof.init.ProblemInitializer.prepare(ProblemInitializer.java:449)
	at de.uka.ilkd.key.proof.io.AbstractProblemLoader.createInitConfig(AbstractProblemLoader.java:518)
	at de.uka.ilkd.key.proof.io.AbstractProblemLoader.loadEnvironment(AbstractProblemLoader.java:288)
	at de.uka.ilkd.key.proof.io.AbstractProblemLoader.load(AbstractProblemLoader.java:252)
	at de.uka.ilkd.key.control.AbstractUserInterfaceControl.load(AbstractUserInterfaceControl.java:209)
	... 7 more
Caused by: java.lang.RuntimeException: Could not find rule file rules/intRulesCheckedSemantics.key
	at de.uka.ilkd.key.proof.io.RuleSourceFactory.fromBuiltInRule(RuleSourceFactory.java:32)
	at de.uka.ilkd.key.proof.io.RuleSourceFactory.fromDefaultLocation(RuleSourceFactory.java:21)
	at de.uka.ilkd.key.nparser.builder.IncludeFinder.addInclude(IncludeFinder.java:63)
	at de.uka.ilkd.key.nparser.builder.IncludeFinder.visitOne_include(IncludeFinder.java:43)
	at de.uka.ilkd.key.nparser.builder.IncludeFinder.visitOne_include(IncludeFinder.java:20)
	at de.uka.ilkd.key.nparser.KeYParser$One_includeContext.accept(KeYParser.java:878)
	at de.uka.ilkd.key.nparser.builder.AbstractBuilder.lambda$mapOf$0(AbstractBuilder.java:112)
	at java.base/java.util.stream.ReferencePipeline$3$1.accept(ReferencePipeline.java:195)
	at java.base/java.util.ArrayList$ArrayListSpliterator.forEachRemaining(ArrayList.java:1655)
	at java.base/java.util.stream.AbstractPipeline.copyInto(AbstractPipeline.java:484)
	at java.base/java.util.stream.AbstractPipeline.wrapAndCopyInto(AbstractPipeline.java:474)
	at java.base/java.util.stream.ReduceOps$ReduceOp.evaluateSequential(ReduceOps.java:913)
	at java.base/java.util.stream.AbstractPipeline.evaluate(AbstractPipeline.java:234)
	at java.base/java.util.stream.ReferencePipeline.collect(ReferencePipeline.java:578)
	at de.uka.ilkd.key.nparser.builder.AbstractBuilder.mapOf(AbstractBuilder.java:112)
	at de.uka.ilkd.key.nparser.builder.IncludeFinder.visitOne_include_statement(IncludeFinder.java:35)
	at de.uka.ilkd.key.nparser.builder.IncludeFinder.visitOne_include_statement(IncludeFinder.java:20)
	at de.uka.ilkd.key.nparser.KeYParser$One_include_statementContext.accept(KeYParser.java:802)
	at org.antlr.v4.runtime.tree.AbstractParseTreeVisitor.visitChildren(AbstractParseTreeVisitor.java:46)
	at de.uka.ilkd.key.nparser.KeYParserBaseVisitor.visitDecls(KeYParserBaseVisitor.java:30)
	at de.uka.ilkd.key.nparser.KeYParser$DeclsContext.accept(KeYParser.java:500)
	at org.antlr.v4.runtime.tree.AbstractParseTreeVisitor.visitChildren(AbstractParseTreeVisitor.java:46)
	at de.uka.ilkd.key.nparser.KeYParserBaseVisitor.visitFile(KeYParserBaseVisitor.java:23)
	at de.uka.ilkd.key.nparser.KeYParser$FileContext.accept(KeYParser.java:306)
	at de.uka.ilkd.key.nparser.KeyAst.accept(KeyAst.java:41)
	at de.uka.ilkd.key.nparser.KeyAst$File.getIncludes(KeyAst.java:76)
	at de.uka.ilkd.key.proof.io.KeYFile.readIncludes(KeYFile.java:208)
	... 14 more
Could not find rule file rules/intRulesCheckedSemantics.key (file: /home/runner/work/key/key/key.core/../key.ui/examples/index/.././heap/permissions/permissions_method1.key; caused by: de.uka.ilkd.key.proof.init.ProofInputException: Could not find rule file rules/intRulesCheckedSemantics.key)
	at de.uka.ilkd.key.control.AbstractUserInterfaceControl.load(AbstractUserInterfaceControl.java:221)
	at de.uka.ilkd.key.control.KeYEnvironment.load(KeYEnvironment.java:251)
	at de.uka.ilkd.key.control.KeYEnvironment.load(KeYEnvironment.java:224)
	at de.uka.ilkd.key.control.KeYEnvironment.load(KeYEnvironment.java:184)
	at de.uka.ilkd.key.control.KeYEnvironment.load(KeYEnvironment.java:261)
	at de.uka.ilkd.key.proof.runallproofs.proofcollection.TestFile.load(TestFile.java:270)
	at de.uka.ilkd.key.proof.runallproofs.proofcollection.TestFile.runKey(TestFile.java:160)
	at de.uka.ilkd.key.proof.runallproofs.proofcollection.ForkedTestFileRunner.main(ForkedTestFileRunner.java:171)
Caused by: de.uka.ilkd.key.proof.init.ProofInputException: Could not find rule file rules/intRulesCheckedSemantics.key
	at de.uka.ilkd.key.proof.io.KeYFile.readIncludes(KeYFile.java:210)
	at de.uka.ilkd.key.proof.init.ProblemInitializer.readIncludes(ProblemInitializer.java:177)
	at de.uka.ilkd.key.proof.init.ProblemInitializer.readEnvInput(ProblemInitializer.java:325)
	at de.uka.ilkd.key.proof.init.ProblemInitializer.prepare(ProblemInitializer.java:449)
	at de.uka.ilkd.key.proof.io.AbstractProblemLoader.createInitConfig(AbstractProblemLoader.java:518)
	at de.uka.ilkd.key.proof.io.AbstractProblemLoader.loadEnvironment(AbstractProblemLoader.java:288)
	at de.uka.ilkd.key.proof.io.AbstractProblemLoader.load(AbstractProblemLoader.java:252)
	at de.uka.ilkd.key.control.AbstractUserInterfaceControl.load(AbstractUserInterfaceControl.java:209)
	... 7 more
Caused by: java.lang.RuntimeException: Could not find rule file rules/intRulesCheckedSemantics.key
	at de.uka.ilkd.key.proof.io.RuleSourceFactory.fromBuiltInRule(RuleSourceFactory.java:32)
	at de.uka.ilkd.key.proof.io.RuleSourceFactory.fromDefaultLocation(RuleSourceFactory.java:21)
	at de.uka.ilkd.key.nparser.builder.IncludeFinder.addInclude(IncludeFinder.java:63)
	at de.uka.ilkd.key.nparser.builder.IncludeFinder.visitOne_include(IncludeFinder.java:43)
	at de.uka.ilkd.key.nparser.builder.IncludeFinder.visitOne_include(IncludeFinder.java:20)
	at de.uka.ilkd.key.nparser.KeYParser$One_includeContext.accept(KeYParser.java:878)
	at de.uka.ilkd.key.nparser.builder.AbstractBuilder.lambda$mapOf$0(AbstractBuilder.java:112)
	at java.base/java.util.stream.ReferencePipeline$3$1.accept(ReferencePipeline.java:195)
	at java.base/java.util.ArrayList$ArrayListSpliterator.forEachRemaining(ArrayList.java:1655)
	at java.base/java.util.stream.AbstractPipeline.copyInto(AbstractPipeline.java:484)
	at java.base/java.util.stream.AbstractPipeline.wrapAndCopyInto(AbstractPipeline.java:474)
	at java.base/java.util.stream.ReduceOps$ReduceOp.evaluateSequential(ReduceOps.java:913)
	at java.base/java.util.stream.AbstractPipeline.evaluate(AbstractPipeline.java:234)
	at java.base/java.util.stream.ReferencePipeline.collect(ReferencePipeline.java:578)
	at de.uka.ilkd.key.nparser.builder.AbstractBuilder.mapOf(AbstractBuilder.java:112)
	at de.uka.ilkd.key.nparser.builder.IncludeFinder.visitOne_include_statement(IncludeFinder.java:35)
	at de.uka.ilkd.key.nparser.builder.IncludeFinder.visitOne_include_statement(IncludeFinder.java:20)
	at de.uka.ilkd.key.nparser.KeYParser$One_include_statementContext.accept(KeYParser.java:802)
	at org.antlr.v4.runtime.tree.AbstractParseTreeVisitor.visitChildren(AbstractParseTreeVisitor.java:46)
	at de.uka.ilkd.key.nparser.KeYParserBaseVisitor.visitDecls(KeYParserBaseVisitor.java:30)
	at de.uka.ilkd.key.nparser.KeYParser$DeclsContext.accept(KeYParser.java:500)
	at org.antlr.v4.runtime.tree.AbstractParseTreeVisitor.visitChildren(AbstractParseTreeVisitor.java:46)
	at de.uka.ilkd.key.nparser.KeYParserBaseVisitor.visitFile(KeYParserBaseVisitor.java:23)
	at de.uka.ilkd.key.nparser.KeYParser$FileContext.accept(KeYParser.java:306)
	at de.uka.ilkd.key.nparser.KeyAst.accept(KeyAst.java:41)
	at de.uka.ilkd.key.nparser.KeyAst$File.getIncludes(KeyAst.java:76)
	at de.uka.ilkd.key.proof.io.KeYFile.readIncludes(KeYFile.java:208)
	... 14 more
Could not find rule file rules/intRulesCheckedSemantics.key (file: /home/runner/work/key/key/key.core/../key.ui/examples/index/.././heap/permissions/permissions_method3.key; caused by: de.uka.ilkd.key.proof.init.ProofInputException: Could not find rule file rules/intRulesCheckedSemantics.key)
	at de.uka.ilkd.key.control.AbstractUserInterfaceControl.load(AbstractUserInterfaceControl.java:221)
	at de.uka.ilkd.key.control.KeYEnvironment.load(KeYEnvironment.java:251)
	at de.uka.ilkd.key.control.KeYEnvironment.load(KeYEnvironment.java:224)
	at de.uka.ilkd.key.control.KeYEnvironment.load(KeYEnvironment.java:184)
	at de.uka.ilkd.key.control.KeYEnvironment.load(KeYEnvironment.java:261)
	at de.uka.ilkd.key.proof.runallproofs.proofcollection.TestFile.load(TestFile.java:270)
	at de.uka.ilkd.key.proof.runallproofs.proofcollection.TestFile.runKey(TestFile.java:160)
	at de.uka.ilkd.key.proof.runallproofs.proofcollection.ForkedTestFileRunner.main(ForkedTestFileRunner.java:171)
Caused by: de.uka.ilkd.key.proof.init.ProofInputException: Could not find rule file rules/intRulesCheckedSemantics.key
	at de.uka.ilkd.key.proof.io.KeYFile.readIncludes(KeYFile.java:210)
	at de.uka.ilkd.key.proof.init.ProblemInitializer.readIncludes(ProblemInitializer.java:177)
	at de.uka.ilkd.key.proof.init.ProblemInitializer.readEnvInput(ProblemInitializer.java:325)
	at de.uka.ilkd.key.proof.init.ProblemInitializer.prepare(ProblemInitializer.java:449)
	at de.uka.ilkd.key.proof.io.AbstractProblemLoader.createInitConfig(AbstractProblemLoader.java:518)
	at de.uka.ilkd.key.proof.io.AbstractProblemLoader.loadEnvironment(AbstractProblemLoader.java:288)
	at de.uka.ilkd.key.proof.io.AbstractProblemLoader.load(AbstractProblemLoader.java:252)
	at de.uka.ilkd.key.control.AbstractUserInterfaceControl.load(AbstractUserInterfaceControl.java:209)
	... 7 more
Caused by: java.lang.RuntimeException: Could not find rule file rules/intRulesCheckedSemantics.key
	at de.uka.ilkd.key.proof.io.RuleSourceFactory.fromBuiltInRule(RuleSourceFactory.java:32)
	at de.uka.ilkd.key.proof.io.RuleSourceFactory.fromDefaultLocation(RuleSourceFactory.java:21)
	at de.uka.ilkd.key.nparser.builder.IncludeFinder.addInclude(IncludeFinder.java:63)
	at de.uka.ilkd.key.nparser.builder.IncludeFinder.visitOne_include(IncludeFinder.java:43)
	at de.uka.ilkd.key.nparser.builder.IncludeFinder.visitOne_include(IncludeFinder.java:20)
	at de.uka.ilkd.key.nparser.KeYParser$One_includeContext.accept(KeYParser.java:878)
	at de.uka.ilkd.key.nparser.builder.AbstractBuilder.lambda$mapOf$0(AbstractBuilder.java:112)
	at java.base/java.util.stream.ReferencePipeline$3$1.accept(ReferencePipeline.java:195)
	at java.base/java.util.ArrayList$ArrayListSpliterator.forEachRemaining(ArrayList.java:1655)
	at java.base/java.util.stream.AbstractPipeline.copyInto(AbstractPipeline.java:484)
	at java.base/java.util.stream.AbstractPipeline.wrapAndCopyInto(AbstractPipeline.java:474)
	at java.base/java.util.stream.ReduceOps$ReduceOp.evaluateSequential(ReduceOps.java:913)
	at java.base/java.util.stream.AbstractPipeline.evaluate(AbstractPipeline.java:234)
	at java.base/java.util.stream.ReferencePipeline.collect(ReferencePipeline.java:578)
	at de.uka.ilkd.key.nparser.builder.AbstractBuilder.mapOf(AbstractBuilder.java:112)
	at de.uka.ilkd.key.nparser.builder.IncludeFinder.visitOne_include_statement(IncludeFinder.java:35)
	at de.uka.ilkd.key.nparser.builder.IncludeFinder.visitOne_include_statement(IncludeFinder.java:20)
	at de.uka.ilkd.key.nparser.KeYParser$One_include_statementContext.accept(KeYParser.java:802)
	at org.antlr.v4.runtime.tree.AbstractParseTreeVisitor.visitChildren(AbstractParseTreeVisitor.java:46)
	at de.uka.ilkd.key.nparser.KeYParserBaseVisitor.visitDecls(KeYParserBaseVisitor.java:30)
	at de.uka.ilkd.key.nparser.KeYParser$DeclsContext.accept(KeYParser.java:500)
	at org.antlr.v4.runtime.tree.AbstractParseTreeVisitor.visitChildren(AbstractParseTreeVisitor.java:46)
	at de.uka.ilkd.key.nparser.KeYParserBaseVisitor.visitFile(KeYParserBaseVisitor.java:23)
	at de.uka.ilkd.key.nparser.KeYParser$FileContext.accept(KeYParser.java:306)
	at de.uka.ilkd.key.nparser.KeyAst.accept(KeyAst.java:41)
	at de.uka.ilkd.key.nparser.KeyAst$File.getIncludes(KeyAst.java:76)
	at de.uka.ilkd.key.proof.io.KeYFile.readIncludes(KeYFile.java:208)
	... 14 more
Could not find rule file rules/intRulesCheckedSemantics.key (file: /home/runner/work/key/key/key.core/../key.ui/examples/index/.././heap/permissions/permissions_setAB.key; caused by: de.uka.ilkd.key.proof.init.ProofInputException: Could not find rule file rules/intRulesCheckedSemantics.key)
	at de.uka.ilkd.key.control.AbstractUserInterfaceControl.load(AbstractUserInterfaceControl.java:221)
	at de.uka.ilkd.key.control.KeYEnvironment.load(KeYEnvironment.java:251)
	at de.uka.ilkd.key.control.KeYEnvironment.load(KeYEnvironment.java:224)
	at de.uka.ilkd.key.control.KeYEnvironment.load(KeYEnvironment.java:184)
	at de.uka.ilkd.key.control.KeYEnvironment.load(KeYEnvironment.java:261)
	at de.uka.ilkd.key.proof.runallproofs.proofcollection.TestFile.load(TestFile.java:270)
	at de.uka.ilkd.key.proof.runallproofs.proofcollection.TestFile.runKey(TestFile.java:160)
	at de.uka.ilkd.key.proof.runallproofs.proofcollection.ForkedTestFileRunner.main(ForkedTestFileRunner.java:171)
Caused by: de.uka.ilkd.key.proof.init.ProofInputException: Could not find rule file rules/intRulesCheckedSemantics.key
	at de.uka.ilkd.key.proof.io.KeYFile.readIncludes(KeYFile.java:210)
	at de.uka.ilkd.key.proof.init.ProblemInitializer.readIncludes(ProblemInitializer.java:177)
	at de.uka.ilkd.key.proof.init.ProblemInitializer.readEnvInput(ProblemInitializer.java:325)
	at de.uka.ilkd.key.proof.init.ProblemInitializer.prepare(ProblemInitializer.java:449)
	at de.uka.ilkd.key.proof.io.AbstractProblemLoader.createInitConfig(AbstractProblemLoader.java:518)
	at de.uka.ilkd.key.proof.io.AbstractProblemLoader.loadEnvironment(AbstractProblemLoader.java:288)
	at de.uka.ilkd.key.proof.io.AbstractProblemLoader.load(AbstractProblemLoader.java:252)
	at de.uka.ilkd.key.control.AbstractUserInterfaceControl.load(AbstractUserInterfaceControl.java:209)
	... 7 more
Caused by: java.lang.RuntimeException: Could not find rule file rules/intRulesCheckedSemantics.key
	at de.uka.ilkd.key.proof.io.RuleSourceFactory.fromBuiltInRule(RuleSourceFactory.java:32)
	at de.uka.ilkd.key.proof.io.RuleSourceFactory.fromDefaultLocation(RuleSourceFactory.java:21)
	at de.uka.ilkd.key.nparser.builder.IncludeFinder.addInclude(IncludeFinder.java:63)
	at de.uka.ilkd.key.nparser.builder.IncludeFinder.visitOne_include(IncludeFinder.java:43)
	at de.uka.ilkd.key.nparser.builder.IncludeFinder.visitOne_include(IncludeFinder.java:20)
	at de.uka.ilkd.key.nparser.KeYParser$One_includeContext.accept(KeYParser.java:878)
	at de.uka.ilkd.key.nparser.builder.AbstractBuilder.lambda$mapOf$0(AbstractBuilder.java:112)
	at java.base/java.util.stream.ReferencePipeline$3$1.accept(ReferencePipeline.java:195)
	at java.base/java.util.ArrayList$ArrayListSpliterator.forEachRemaining(ArrayList.java:1655)
	at java.base/java.util.stream.AbstractPipeline.copyInto(AbstractPipeline.java:484)
	at java.base/java.util.stream.AbstractPipeline.wrapAndCopyInto(AbstractPipeline.java:474)
	at java.base/java.util.stream.ReduceOps$ReduceOp.evaluateSequential(ReduceOps.java:913)
	at java.base/java.util.stream.AbstractPipeline.evaluate(AbstractPipeline.java:234)
	at java.base/java.util.stream.ReferencePipeline.collect(ReferencePipeline.java:578)
	at de.uka.ilkd.key.nparser.builder.AbstractBuilder.mapOf(AbstractBuilder.java:112)
	at de.uka.ilkd.key.nparser.builder.IncludeFinder.visitOne_include_statement(IncludeFinder.java:35)
	at de.uka.ilkd.key.nparser.builder.IncludeFinder.visitOne_include_statement(IncludeFinder.java:20)
	at de.uka.ilkd.key.nparser.KeYParser$One_include_statementContext.accept(KeYParser.java:802)
	at org.antlr.v4.runtime.tree.AbstractParseTreeVisitor.visitChildren(AbstractParseTreeVisitor.java:46)
	at de.uka.ilkd.key.nparser.KeYParserBaseVisitor.visitDecls(KeYParserBaseVisitor.java:30)
	at de.uka.ilkd.key.nparser.KeYParser$DeclsContext.accept(KeYParser.java:500)
	at org.antlr.v4.runtime.tree.AbstractParseTreeVisitor.visitChildren(AbstractParseTreeVisitor.java:46)
	at de.uka.ilkd.key.nparser.KeYParserBaseVisitor.visitFile(KeYParserBaseVisitor.java:23)
	at de.uka.ilkd.key.nparser.KeYParser$FileContext.accept(KeYParser.java:306)
	at de.uka.ilkd.key.nparser.KeyAst.accept(KeyAst.java:41)
	at de.uka.ilkd.key.nparser.KeyAst$File.getIncludes(KeyAst.java:76)
	at de.uka.ilkd.key.proof.io.KeYFile.readIncludes(KeYFile.java:208)
	... 14 more
Could not find rule file rules/intRulesCheckedSemantics.key (file: /home/runner/work/key/key/key.core/../key.ui/examples/index/.././heap/permissions/permissionProperties.key; caused by: de.uka.ilkd.key.proof.init.ProofInputException: Could not find rule file rules/intRulesCheckedSemantics.key)
	at de.uka.ilkd.key.control.AbstractUserInterfaceControl.load(AbstractUserInterfaceControl.java:221)
	at de.uka.ilkd.key.control.KeYEnvironment.load(KeYEnvironment.java:251)
	at de.uka.ilkd.key.control.KeYEnvironment.load(KeYEnvironment.java:224)
	at de.uka.ilkd.key.control.KeYEnvironment.load(KeYEnvironment.java:184)
	at de.uka.ilkd.key.control.KeYEnvironment.load(KeYEnvironment.java:261)
	at de.uka.ilkd.key.proof.runallproofs.proofcollection.TestFile.load(TestFile.java:270)
	at de.uka.ilkd.key.proof.runallproofs.proofcollection.TestFile.runKey(TestFile.java:160)
	at de.uka.ilkd.key.proof.runallproofs.proofcollection.ForkedTestFileRunner.main(ForkedTestFileRunner.java:171)
Caused by: de.uka.ilkd.key.proof.init.ProofInputException: Could not find rule file rules/intRulesCheckedSemantics.key
	at de.uka.ilkd.key.proof.io.KeYFile.readIncludes(KeYFile.java:210)
	at de.uka.ilkd.key.proof.init.ProblemInitializer.readIncludes(ProblemInitializer.java:177)
	at de.uka.ilkd.key.proof.init.ProblemInitializer.readEnvInput(ProblemInitializer.java:325)
	at de.uka.ilkd.key.proof.init.ProblemInitializer.prepare(ProblemInitializer.java:449)
	at de.uka.ilkd.key.proof.io.AbstractProblemLoader.createInitConfig(AbstractProblemLoader.java:518)
	at de.uka.ilkd.key.proof.io.AbstractProblemLoader.loadEnvironment(AbstractProblemLoader.java:288)
	at de.uka.ilkd.key.proof.io.AbstractProblemLoader.load(AbstractProblemLoader.java:252)
	at de.uka.ilkd.key.control.AbstractUserInterfaceControl.load(AbstractUserInterfaceControl.java:209)
	... 7 more
Caused by: java.lang.RuntimeException: Could not find rule file rules/intRulesCheckedSemantics.key
	at de.uka.ilkd.key.proof.io.RuleSourceFactory.fromBuiltInRule(RuleSourceFactory.java:32)
	at de.uka.ilkd.key.proof.io.RuleSourceFactory.fromDefaultLocation(RuleSourceFactory.java:21)
	at de.uka.ilkd.key.nparser.builder.IncludeFinder.addInclude(IncludeFinder.java:63)
	at de.uka.ilkd.key.nparser.builder.IncludeFinder.visitOne_include(IncludeFinder.java:43)
	at de.uka.ilkd.key.nparser.builder.IncludeFinder.visitOne_include(IncludeFinder.java:20)
	at de.uka.ilkd.key.nparser.KeYParser$One_includeContext.accept(KeYParser.java:878)
	at de.uka.ilkd.key.nparser.builder.AbstractBuilder.lambda$mapOf$0(AbstractBuilder.java:112)
	at java.base/java.util.stream.ReferencePipeline$3$1.accept(ReferencePipeline.java:195)
	at java.base/java.util.ArrayList$ArrayListSpliterator.forEachRemaining(ArrayList.java:1655)
	at java.base/java.util.stream.AbstractPipeline.copyInto(AbstractPipeline.java:484)
	at java.base/java.util.stream.AbstractPipeline.wrapAndCopyInto(AbstractPipeline.java:474)
	at java.base/java.util.stream.ReduceOps$ReduceOp.evaluateSequential(ReduceOps.java:913)
	at java.base/java.util.stream.AbstractPipeline.evaluate(AbstractPipeline.java:234)
	at java.base/java.util.stream.ReferencePipeline.collect(ReferencePipeline.java:578)
	at de.uka.ilkd.key.nparser.builder.AbstractBuilder.mapOf(AbstractBuilder.java:112)
	at de.uka.ilkd.key.nparser.builder.IncludeFinder.visitOne_include_statement(IncludeFinder.java:35)
	at de.uka.ilkd.key.nparser.builder.IncludeFinder.visitOne_include_statement(IncludeFinder.java:20)
	at de.uka.ilkd.key.nparser.KeYParser$One_include_statementContext.accept(KeYParser.java:802)
	at org.antlr.v4.runtime.tree.AbstractParseTreeVisitor.visitChildren(AbstractParseTreeVisitor.java:46)
	at de.uka.ilkd.key.nparser.KeYParserBaseVisitor.visitDecls(KeYParserBaseVisitor.java:30)
	at de.uka.ilkd.key.nparser.KeYParser$DeclsContext.accept(KeYParser.java:500)
	at org.antlr.v4.runtime.tree.AbstractParseTreeVisitor.visitChildren(AbstractParseTreeVisitor.java:46)
	at de.uka.ilkd.key.nparser.KeYParserBaseVisitor.visitFile(KeYParserBaseVisitor.java:23)
	at de.uka.ilkd.key.nparser.KeYParser$FileContext.accept(KeYParser.java:306)
	at de.uka.ilkd.key.nparser.KeyAst.accept(KeyAst.java:41)
	at de.uka.ilkd.key.nparser.KeyAst$File.getIncludes(KeyAst.java:76)
	at de.uka.ilkd.key.proof.io.KeYFile.readIncludes(KeYFile.java:208)
	... 14 more
Could not find rule file rules/intRulesCheckedSemantics.key (file: /home/runner/work/key/key/key.core/../key.ui/examples/index/.././heap/permissions/threads/AFilter_AFilter.key; caused by: de.uka.ilkd.key.proof.init.ProofInputException: Could not find rule file rules/intRulesCheckedSemantics.key)
	at de.uka.ilkd.key.control.AbstractUserInterfaceControl.load(AbstractUserInterfaceControl.java:221)
	at de.uka.ilkd.key.control.KeYEnvironment.load(KeYEnvironment.java:251)
	at de.uka.ilkd.key.control.KeYEnvironment.load(KeYEnvironment.java:224)
	at de.uka.ilkd.key.control.KeYEnvironment.load(KeYEnvironment.java:184)
	at de.uka.ilkd.key.control.KeYEnvironment.load(KeYEnvironment.java:261)
	at de.uka.ilkd.key.proof.runallproofs.proofcollection.TestFile.load(TestFile.java:270)
	at de.uka.ilkd.key.proof.runallproofs.proofcollection.TestFile.runKey(TestFile.java:160)
	at de.uka.ilkd.key.proof.runallproofs.proofcollection.ForkedTestFileRunner.main(ForkedTestFileRunner.java:171)
Caused by: de.uka.ilkd.key.proof.init.ProofInputException: Could not find rule file rules/intRulesCheckedSemantics.key
	at de.uka.ilkd.key.proof.io.KeYFile.readIncludes(KeYFile.java:210)
	at de.uka.ilkd.key.proof.init.ProblemInitializer.readIncludes(ProblemInitializer.java:177)
	at de.uka.ilkd.key.proof.init.ProblemInitializer.readEnvInput(ProblemInitializer.java:325)
	at de.uka.ilkd.key.proof.init.ProblemInitializer.prepare(ProblemInitializer.java:449)
	at de.uka.ilkd.key.proof.io.AbstractProblemLoader.createInitConfig(AbstractProblemLoader.java:518)
	at de.uka.ilkd.key.proof.io.AbstractProblemLoader.loadEnvironment(AbstractProblemLoader.java:288)
	at de.uka.ilkd.key.proof.io.AbstractProblemLoader.load(AbstractProblemLoader.java:252)
	at de.uka.ilkd.key.control.AbstractUserInterfaceControl.load(AbstractUserInterfaceControl.java:209)
	... 7 more
Caused by: java.lang.RuntimeException: Could not find rule file rules/intRulesCheckedSemantics.key
	at de.uka.ilkd.key.proof.io.RuleSourceFactory.fromBuiltInRule(RuleSourceFactory.java:32)
	at de.uka.ilkd.key.proof.io.RuleSourceFactory.fromDefaultLocation(RuleSourceFactory.java:21)
	at de.uka.ilkd.key.nparser.builder.IncludeFinder.addInclude(IncludeFinder.java:63)
	at de.uka.ilkd.key.nparser.builder.IncludeFinder.visitOne_include(IncludeFinder.java:43)
	at de.uka.ilkd.key.nparser.builder.IncludeFinder.visitOne_include(IncludeFinder.java:20)
	at de.uka.ilkd.key.nparser.KeYParser$One_includeContext.accept(KeYParser.java:878)
	at de.uka.ilkd.key.nparser.builder.AbstractBuilder.lambda$mapOf$0(AbstractBuilder.java:112)
	at java.base/java.util.stream.ReferencePipeline$3$1.accept(ReferencePipeline.java:195)
	at java.base/java.util.ArrayList$ArrayListSpliterator.forEachRemaining(ArrayList.java:1655)
	at java.base/java.util.stream.AbstractPipeline.copyInto(AbstractPipeline.java:484)
	at java.base/java.util.stream.AbstractPipeline.wrapAndCopyInto(AbstractPipeline.java:474)
	at java.base/java.util.stream.ReduceOps$ReduceOp.evaluateSequential(ReduceOps.java:913)
	at java.base/java.util.stream.AbstractPipeline.evaluate(AbstractPipeline.java:234)
	at java.base/java.util.stream.ReferencePipeline.collect(ReferencePipeline.java:578)
	at de.uka.ilkd.key.nparser.builder.AbstractBuilder.mapOf(AbstractBuilder.java:112)
	at de.uka.ilkd.key.nparser.builder.IncludeFinder.visitOne_include_statement(IncludeFinder.java:35)
	at de.uka.ilkd.key.nparser.builder.IncludeFinder.visitOne_include_statement(IncludeFinder.java:20)
	at de.uka.ilkd.key.nparser.KeYParser$One_include_statementContext.accept(KeYParser.java:802)
	at org.antlr.v4.runtime.tree.AbstractParseTreeVisitor.visitChildren(AbstractParseTreeVisitor.java:46)
	at de.uka.ilkd.key.nparser.KeYParserBaseVisitor.visitDecls(KeYParserBaseVisitor.java:30)
	at de.uka.ilkd.key.nparser.KeYParser$DeclsContext.accept(KeYParser.java:500)
	at org.antlr.v4.runtime.tree.AbstractParseTreeVisitor.visitChildren(AbstractParseTreeVisitor.java:46)
	at de.uka.ilkd.key.nparser.KeYParserBaseVisitor.visitFile(KeYParserBaseVisitor.java:23)
	at de.uka.ilkd.key.nparser.KeYParser$FileContext.accept(KeYParser.java:306)
	at de.uka.ilkd.key.nparser.KeyAst.accept(KeyAst.java:41)
	at de.uka.ilkd.key.nparser.KeyAst$File.getIncludes(KeyAst.java:76)
	at de.uka.ilkd.key.proof.io.KeYFile.readIncludes(KeYFile.java:208)
	... 14 more
Could not find rule file rules/intRulesCheckedSemantics.key (file: /home/runner/work/key/key/key.core/../key.ui/examples/index/.././heap/permissions/threads/AFilter_initPost_accessible.key; caused by: de.uka.ilkd.key.proof.init.ProofInputException: Could not find rule file rules/intRulesCheckedSemantics.key)
	at de.uka.ilkd.key.control.AbstractUserInterfaceControl.load(AbstractUserInterfaceControl.java:221)
	at de.uka.ilkd.key.control.KeYEnvironment.load(KeYEnvironment.java:251)
	at de.uka.ilkd.key.control.KeYEnvironment.load(KeYEnvironment.java:224)
	at de.uka.ilkd.key.control.KeYEnvironment.load(KeYEnvironment.java:184)
	at de.uka.ilkd.key.control.KeYEnvironment.load(KeYEnvironment.java:261)
	at de.uka.ilkd.key.proof.runallproofs.proofcollection.TestFile.load(TestFile.java:270)
	at de.uka.ilkd.key.proof.runallproofs.proofcollection.TestFile.runKey(TestFile.java:160)
	at de.uka.ilkd.key.proof.runallproofs.proofcollection.ForkedTestFileRunner.main(ForkedTestFileRunner.java:171)
Caused by: de.uka.ilkd.key.proof.init.ProofInputException: Could not find rule file rules/intRulesCheckedSemantics.key
	at de.uka.ilkd.key.proof.io.KeYFile.readIncludes(KeYFile.java:210)
	at de.uka.ilkd.key.proof.init.ProblemInitializer.readIncludes(ProblemInitializer.java:177)
	at de.uka.ilkd.key.proof.init.ProblemInitializer.readEnvInput(ProblemInitializer.java:325)
	at de.uka.ilkd.key.proof.init.ProblemInitializer.prepare(ProblemInitializer.java:449)
	at de.uka.ilkd.key.proof.io.AbstractProblemLoader.createInitConfig(AbstractProblemLoader.java:518)
	at de.uka.ilkd.key.proof.io.AbstractProblemLoader.loadEnvironment(AbstractProblemLoader.java:288)
	at de.uka.ilkd.key.proof.io.AbstractProblemLoader.load(AbstractProblemLoader.java:252)
	at de.uka.ilkd.key.control.AbstractUserInterfaceControl.load(AbstractUserInterfaceControl.java:209)
	... 7 more
Caused by: java.lang.RuntimeException: Could not find rule file rules/intRulesCheckedSemantics.key
	at de.uka.ilkd.key.proof.io.RuleSourceFactory.fromBuiltInRule(RuleSourceFactory.java:32)
	at de.uka.ilkd.key.proof.io.RuleSourceFactory.fromDefaultLocation(RuleSourceFactory.java:21)
	at de.uka.ilkd.key.nparser.builder.IncludeFinder.addInclude(IncludeFinder.java:63)
	at de.uka.ilkd.key.nparser.builder.IncludeFinder.visitOne_include(IncludeFinder.java:43)
	at de.uka.ilkd.key.nparser.builder.IncludeFinder.visitOne_include(IncludeFinder.java:20)
	at de.uka.ilkd.key.nparser.KeYParser$One_includeContext.accept(KeYParser.java:878)
	at de.uka.ilkd.key.nparser.builder.AbstractBuilder.lambda$mapOf$0(AbstractBuilder.java:112)
	at java.base/java.util.stream.ReferencePipeline$3$1.accept(ReferencePipeline.java:195)
	at java.base/java.util.ArrayList$ArrayListSpliterator.forEachRemaining(ArrayList.java:1655)
	at java.base/java.util.stream.AbstractPipeline.copyInto(AbstractPipeline.java:484)
	at java.base/java.util.stream.AbstractPipeline.wrapAndCopyInto(AbstractPipeline.java:474)
	at java.base/java.util.stream.ReduceOps$ReduceOp.evaluateSequential(ReduceOps.java:913)
	at java.base/java.util.stream.AbstractPipeline.evaluate(AbstractPipeline.java:234)
	at java.base/java.util.stream.ReferencePipeline.collect(ReferencePipeline.java:578)
	at de.uka.ilkd.key.nparser.builder.AbstractBuilder.mapOf(AbstractBuilder.java:112)
	at de.uka.ilkd.key.nparser.builder.IncludeFinder.visitOne_include_statement(IncludeFinder.java:35)
	at de.uka.ilkd.key.nparser.builder.IncludeFinder.visitOne_include_statement(IncludeFinder.java:20)
	at de.uka.ilkd.key.nparser.KeYParser$One_include_statementContext.accept(KeYParser.java:802)
	at org.antlr.v4.runtime.tree.AbstractParseTreeVisitor.visitChildren(AbstractParseTreeVisitor.java:46)
	at de.uka.ilkd.key.nparser.KeYParserBaseVisitor.visitDecls(KeYParserBaseVisitor.java:30)
	at de.uka.ilkd.key.nparser.KeYParser$DeclsContext.accept(KeYParser.java:500)
	at org.antlr.v4.runtime.tree.AbstractParseTreeVisitor.visitChildren(AbstractParseTreeVisitor.java:46)
	at de.uka.ilkd.key.nparser.KeYParserBaseVisitor.visitFile(KeYParserBaseVisitor.java:23)
	at de.uka.ilkd.key.nparser.KeYParser$FileContext.accept(KeYParser.java:306)
	at de.uka.ilkd.key.nparser.KeyAst.accept(KeyAst.java:41)
	at de.uka.ilkd.key.nparser.KeyAst$File.getIncludes(KeyAst.java:76)
	at de.uka.ilkd.key.proof.io.KeYFile.readIncludes(KeYFile.java:208)
	... 14 more
Could not find rule file rules/intRulesCheckedSemantics.key (file: /home/runner/work/key/key/key.core/../key.ui/examples/index/.././heap/permissions/threads/AFilter_inv_accessible1.key; caused by: de.uka.ilkd.key.proof.init.ProofInputException: Could not find rule file rules/intRulesCheckedSemantics.key)
	at de.uka.ilkd.key.control.AbstractUserInterfaceControl.load(AbstractUserInterfaceControl.java:221)
	at de.uka.ilkd.key.control.KeYEnvironment.load(KeYEnvironment.java:251)
	at de.uka.ilkd.key.control.KeYEnvironment.load(KeYEnvironment.java:224)
	at de.uka.ilkd.key.control.KeYEnvironment.load(KeYEnvironment.java:184)
	at de.uka.ilkd.key.control.KeYEnvironment.load(KeYEnvironment.java:261)
	at de.uka.ilkd.key.proof.runallproofs.proofcollection.TestFile.load(TestFile.java:270)
	at de.uka.ilkd.key.proof.runallproofs.proofcollection.TestFile.runKey(TestFile.java:160)
	at de.uka.ilkd.key.proof.runallproofs.proofcollection.ForkedTestFileRunner.main(ForkedTestFileRunner.java:171)
Caused by: de.uka.ilkd.key.proof.init.ProofInputException: Could not find rule file rules/intRulesCheckedSemantics.key
	at de.uka.ilkd.key.proof.io.KeYFile.readIncludes(KeYFile.java:210)
	at de.uka.ilkd.key.proof.init.ProblemInitializer.readIncludes(ProblemInitializer.java:177)
	at de.uka.ilkd.key.proof.init.ProblemInitializer.readEnvInput(ProblemInitializer.java:325)
	at de.uka.ilkd.key.proof.init.ProblemInitializer.prepare(ProblemInitializer.java:449)
	at de.uka.ilkd.key.proof.io.AbstractProblemLoader.createInitConfig(AbstractProblemLoader.java:518)
	at de.uka.ilkd.key.proof.io.AbstractProblemLoader.loadEnvironment(AbstractProblemLoader.java:288)
	at de.uka.ilkd.key.proof.io.AbstractProblemLoader.load(AbstractProblemLoader.java:252)
	at de.uka.ilkd.key.control.AbstractUserInterfaceControl.load(AbstractUserInterfaceControl.java:209)
	... 7 more
Caused by: java.lang.RuntimeException: Could not find rule file rules/intRulesCheckedSemantics.key
	at de.uka.ilkd.key.proof.io.RuleSourceFactory.fromBuiltInRule(RuleSourceFactory.java:32)
	at de.uka.ilkd.key.proof.io.RuleSourceFactory.fromDefaultLocation(RuleSourceFactory.java:21)
	at de.uka.ilkd.key.nparser.builder.IncludeFinder.addInclude(IncludeFinder.java:63)
	at de.uka.ilkd.key.nparser.builder.IncludeFinder.visitOne_include(IncludeFinder.java:43)
	at de.uka.ilkd.key.nparser.builder.IncludeFinder.visitOne_include(IncludeFinder.java:20)
	at de.uka.ilkd.key.nparser.KeYParser$One_includeContext.accept(KeYParser.java:878)
	at de.uka.ilkd.key.nparser.builder.AbstractBuilder.lambda$mapOf$0(AbstractBuilder.java:112)
	at java.base/java.util.stream.ReferencePipeline$3$1.accept(ReferencePipeline.java:195)
	at java.base/java.util.ArrayList$ArrayListSpliterator.forEachRemaining(ArrayList.java:1655)
	at java.base/java.util.stream.AbstractPipeline.copyInto(AbstractPipeline.java:484)
	at java.base/java.util.stream.AbstractPipeline.wrapAndCopyInto(AbstractPipeline.java:474)
	at java.base/java.util.stream.ReduceOps$ReduceOp.evaluateSequential(ReduceOps.java:913)
	at java.base/java.util.stream.AbstractPipeline.evaluate(AbstractPipeline.java:234)
	at java.base/java.util.stream.ReferencePipeline.collect(ReferencePipeline.java:578)
	at de.uka.ilkd.key.nparser.builder.AbstractBuilder.mapOf(AbstractBuilder.java:112)
	at de.uka.ilkd.key.nparser.builder.IncludeFinder.visitOne_include_statement(IncludeFinder.java:35)
	at de.uka.ilkd.key.nparser.builder.IncludeFinder.visitOne_include_statement(IncludeFinder.java:20)
	at de.uka.ilkd.key.nparser.KeYParser$One_include_statementContext.accept(KeYParser.java:802)
	at org.antlr.v4.runtime.tree.AbstractParseTreeVisitor.visitChildren(AbstractParseTreeVisitor.java:46)
	at de.uka.ilkd.key.nparser.KeYParserBaseVisitor.visitDecls(KeYParserBaseVisitor.java:30)
	at de.uka.ilkd.key.nparser.KeYParser$DeclsContext.accept(KeYParser.java:500)
	at org.antlr.v4.runtime.tree.AbstractParseTreeVisitor.visitChildren(AbstractParseTreeVisitor.java:46)
	at de.uka.ilkd.key.nparser.KeYParserBaseVisitor.visitFile(KeYParserBaseVisitor.java:23)
	at de.uka.ilkd.key.nparser.KeYParser$FileContext.accept(KeYParser.java:306)
	at de.uka.ilkd.key.nparser.KeyAst.accept(KeyAst.java:41)
	at de.uka.ilkd.key.nparser.KeyAst$File.getIncludes(KeyAst.java:76)
	at de.uka.ilkd.key.proof.io.KeYFile.readIncludes(KeYFile.java:208)
	... 14 more
Could not find rule file rules/intRulesCheckedSemantics.key (file: /home/runner/work/key/key/key.core/../key.ui/examples/index/.././heap/permissions/threads/AFilter_inv_accessible2.key; caused by: de.uka.ilkd.key.proof.init.ProofInputException: Could not find rule file rules/intRulesCheckedSemantics.key)
	at de.uka.ilkd.key.control.AbstractUserInterfaceControl.load(AbstractUserInterfaceControl.java:221)
	at de.uka.ilkd.key.control.KeYEnvironment.load(KeYEnvironment.java:251)
	at de.uka.ilkd.key.control.KeYEnvironment.load(KeYEnvironment.java:224)
	at de.uka.ilkd.key.control.KeYEnvironment.load(KeYEnvironment.java:184)
	at de.uka.ilkd.key.control.KeYEnvironment.load(KeYEnvironment.java:261)
	at de.uka.ilkd.key.proof.runallproofs.proofcollection.TestFile.load(TestFile.java:270)
	at de.uka.ilkd.key.proof.runallproofs.proofcollection.TestFile.runKey(TestFile.java:160)
	at de.uka.ilkd.key.proof.runallproofs.proofcollection.ForkedTestFileRunner.main(ForkedTestFileRunner.java:171)
Caused by: de.uka.ilkd.key.proof.init.ProofInputException: Could not find rule file rules/intRulesCheckedSemantics.key
	at de.uka.ilkd.key.proof.io.KeYFile.readIncludes(KeYFile.java:210)
	at de.uka.ilkd.key.proof.init.ProblemInitializer.readIncludes(ProblemInitializer.java:177)
	at de.uka.ilkd.key.proof.init.ProblemInitializer.readEnvInput(ProblemInitializer.java:325)
	at de.uka.ilkd.key.proof.init.ProblemInitializer.prepare(ProblemInitializer.java:449)
	at de.uka.ilkd.key.proof.io.AbstractProblemLoader.createInitConfig(AbstractProblemLoader.java:518)
	at de.uka.ilkd.key.proof.io.AbstractProblemLoader.loadEnvironment(AbstractProblemLoader.java:288)
	at de.uka.ilkd.key.proof.io.AbstractProblemLoader.load(AbstractProblemLoader.java:252)
	at de.uka.ilkd.key.control.AbstractUserInterfaceControl.load(AbstractUserInterfaceControl.java:209)
	... 7 more
Caused by: java.lang.RuntimeException: Could not find rule file rules/intRulesCheckedSemantics.key
	at de.uka.ilkd.key.proof.io.RuleSourceFactory.fromBuiltInRule(RuleSourceFactory.java:32)
	at de.uka.ilkd.key.proof.io.RuleSourceFactory.fromDefaultLocation(RuleSourceFactory.java:21)
	at de.uka.ilkd.key.nparser.builder.IncludeFinder.addInclude(IncludeFinder.java:63)
	at de.uka.ilkd.key.nparser.builder.IncludeFinder.visitOne_include(IncludeFinder.java:43)
	at de.uka.ilkd.key.nparser.builder.IncludeFinder.visitOne_include(IncludeFinder.java:20)
	at de.uka.ilkd.key.nparser.KeYParser$One_includeContext.accept(KeYParser.java:878)
	at de.uka.ilkd.key.nparser.builder.AbstractBuilder.lambda$mapOf$0(AbstractBuilder.java:112)
	at java.base/java.util.stream.ReferencePipeline$3$1.accept(ReferencePipeline.java:195)
	at java.base/java.util.ArrayList$ArrayListSpliterator.forEachRemaining(ArrayList.java:1655)
	at java.base/java.util.stream.AbstractPipeline.copyInto(AbstractPipeline.java:484)
	at java.base/java.util.stream.AbstractPipeline.wrapAndCopyInto(AbstractPipeline.java:474)
	at java.base/java.util.stream.ReduceOps$ReduceOp.evaluateSequential(ReduceOps.java:913)
	at java.base/java.util.stream.AbstractPipeline.evaluate(AbstractPipeline.java:234)
	at java.base/java.util.stream.ReferencePipeline.collect(ReferencePipeline.java:578)
	at de.uka.ilkd.key.nparser.builder.AbstractBuilder.mapOf(AbstractBuilder.java:112)
	at de.uka.ilkd.key.nparser.builder.IncludeFinder.visitOne_include_statement(IncludeFinder.java:35)
	at de.uka.ilkd.key.nparser.builder.IncludeFinder.visitOne_include_statement(IncludeFinder.java:20)
	at de.uka.ilkd.key.nparser.KeYParser$One_include_statementContext.accept(KeYParser.java:802)
	at org.antlr.v4.runtime.tree.AbstractParseTreeVisitor.visitChildren(AbstractParseTreeVisitor.java:46)
	at de.uka.ilkd.key.nparser.KeYParserBaseVisitor.visitDecls(KeYParserBaseVisitor.java:30)
	at de.uka.ilkd.key.nparser.KeYParser$DeclsContext.accept(KeYParser.java:500)
	at org.antlr.v4.runtime.tree.AbstractParseTreeVisitor.visitChildren(AbstractParseTreeVisitor.java:46)
	at de.uka.ilkd.key.nparser.KeYParserBaseVisitor.visitFile(KeYParserBaseVisitor.java:23)
	at de.uka.ilkd.key.nparser.KeYParser$FileContext.accept(KeYParser.java:306)
	at de.uka.ilkd.key.nparser.KeyAst.accept(KeyAst.java:41)
	at de.uka.ilkd.key.nparser.KeyAst$File.getIncludes(KeyAst.java:76)
	at de.uka.ilkd.key.proof.io.KeYFile.readIncludes(KeYFile.java:208)
	... 14 more
Could not find rule file rules/intRulesCheckedSemantics.key (file: /home/runner/work/key/key/key.core/../key.ui/examples/index/.././heap/permissions/threads/AFilter_joinTransfer_accessible.key; caused by: de.uka.ilkd.key.proof.init.ProofInputException: Could not find rule file rules/intRulesCheckedSemantics.key)
	at de.uka.ilkd.key.control.AbstractUserInterfaceControl.load(AbstractUserInterfaceControl.java:221)
	at de.uka.ilkd.key.control.KeYEnvironment.load(KeYEnvironment.java:251)
	at de.uka.ilkd.key.control.KeYEnvironment.load(KeYEnvironment.java:224)
	at de.uka.ilkd.key.control.KeYEnvironment.load(KeYEnvironment.java:184)
	at de.uka.ilkd.key.control.KeYEnvironment.load(KeYEnvironment.java:261)
	at de.uka.ilkd.key.proof.runallproofs.proofcollection.TestFile.load(TestFile.java:270)
	at de.uka.ilkd.key.proof.runallproofs.proofcollection.TestFile.runKey(TestFile.java:160)
	at de.uka.ilkd.key.proof.runallproofs.proofcollection.ForkedTestFileRunner.main(ForkedTestFileRunner.java:171)
Caused by: de.uka.ilkd.key.proof.init.ProofInputException: Could not find rule file rules/intRulesCheckedSemantics.key
	at de.uka.ilkd.key.proof.io.KeYFile.readIncludes(KeYFile.java:210)
	at de.uka.ilkd.key.proof.init.ProblemInitializer.readIncludes(ProblemInitializer.java:177)
	at de.uka.ilkd.key.proof.init.ProblemInitializer.readEnvInput(ProblemInitializer.java:325)
	at de.uka.ilkd.key.proof.init.ProblemInitializer.prepare(ProblemInitializer.java:449)
	at de.uka.ilkd.key.proof.io.AbstractProblemLoader.createInitConfig(AbstractProblemLoader.java:518)
	at de.uka.ilkd.key.proof.io.AbstractProblemLoader.loadEnvironment(AbstractProblemLoader.java:288)
	at de.uka.ilkd.key.proof.io.AbstractProblemLoader.load(AbstractProblemLoader.java:252)
	at de.uka.ilkd.key.control.AbstractUserInterfaceControl.load(AbstractUserInterfaceControl.java:209)
	... 7 more
Caused by: java.lang.RuntimeException: Could not find rule file rules/intRulesCheckedSemantics.key
	at de.uka.ilkd.key.proof.io.RuleSourceFactory.fromBuiltInRule(RuleSourceFactory.java:32)
	at de.uka.ilkd.key.proof.io.RuleSourceFactory.fromDefaultLocation(RuleSourceFactory.java:21)
	at de.uka.ilkd.key.nparser.builder.IncludeFinder.addInclude(IncludeFinder.java:63)
	at de.uka.ilkd.key.nparser.builder.IncludeFinder.visitOne_include(IncludeFinder.java:43)
	at de.uka.ilkd.key.nparser.builder.IncludeFinder.visitOne_include(IncludeFinder.java:20)
	at de.uka.ilkd.key.nparser.KeYParser$One_includeContext.accept(KeYParser.java:878)
	at de.uka.ilkd.key.nparser.builder.AbstractBuilder.lambda$mapOf$0(AbstractBuilder.java:112)
	at java.base/java.util.stream.ReferencePipeline$3$1.accept(ReferencePipeline.java:195)
	at java.base/java.util.ArrayList$ArrayListSpliterator.forEachRemaining(ArrayList.java:1655)
	at java.base/java.util.stream.AbstractPipeline.copyInto(AbstractPipeline.java:484)
	at java.base/java.util.stream.AbstractPipeline.wrapAndCopyInto(AbstractPipeline.java:474)
	at java.base/java.util.stream.ReduceOps$ReduceOp.evaluateSequential(ReduceOps.java:913)
	at java.base/java.util.stream.AbstractPipeline.evaluate(AbstractPipeline.java:234)
	at java.base/java.util.stream.ReferencePipeline.collect(ReferencePipeline.java:578)
	at de.uka.ilkd.key.nparser.builder.AbstractBuilder.mapOf(AbstractBuilder.java:112)
	at de.uka.ilkd.key.nparser.builder.IncludeFinder.visitOne_include_statement(IncludeFinder.java:35)
	at de.uka.ilkd.key.nparser.builder.IncludeFinder.visitOne_include_statement(IncludeFinder.java:20)
	at de.uka.ilkd.key.nparser.KeYParser$One_include_statementContext.accept(KeYParser.java:802)
	at org.antlr.v4.runtime.tree.AbstractParseTreeVisitor.visitChildren(AbstractParseTreeVisitor.java:46)
	at de.uka.ilkd.key.nparser.KeYParserBaseVisitor.visitDecls(KeYParserBaseVisitor.java:30)
	at de.uka.ilkd.key.nparser.KeYParser$DeclsContext.accept(KeYParser.java:500)
	at org.antlr.v4.runtime.tree.AbstractParseTreeVisitor.visitChildren(AbstractParseTreeVisitor.java:46)
	at de.uka.ilkd.key.nparser.KeYParserBaseVisitor.visitFile(KeYParserBaseVisitor.java:23)
	at de.uka.ilkd.key.nparser.KeYParser$FileContext.accept(KeYParser.java:306)
	at de.uka.ilkd.key.nparser.KeyAst.accept(KeyAst.java:41)
	at de.uka.ilkd.key.nparser.KeyAst$File.getIncludes(KeyAst.java:76)
	at de.uka.ilkd.key.proof.io.KeYFile.readIncludes(KeYFile.java:208)
	... 14 more
Could not find rule file rules/intRulesCheckedSemantics.key (file: /home/runner/work/key/key/key.core/../key.ui/examples/index/.././heap/permissions/threads/AFilter_joinTransfer_contract.key; caused by: de.uka.ilkd.key.proof.init.ProofInputException: Could not find rule file rules/intRulesCheckedSemantics.key)
	at de.uka.ilkd.key.control.AbstractUserInterfaceControl.load(AbstractUserInterfaceControl.java:221)
	at de.uka.ilkd.key.control.KeYEnvironment.load(KeYEnvironment.java:251)
	at de.uka.ilkd.key.control.KeYEnvironment.load(KeYEnvironment.java:224)
	at de.uka.ilkd.key.control.KeYEnvironment.load(KeYEnvironment.java:184)
	at de.uka.ilkd.key.control.KeYEnvironment.load(KeYEnvironment.java:261)
	at de.uka.ilkd.key.proof.runallproofs.proofcollection.TestFile.load(TestFile.java:270)
	at de.uka.ilkd.key.proof.runallproofs.proofcollection.TestFile.runKey(TestFile.java:160)
	at de.uka.ilkd.key.proof.runallproofs.proofcollection.ForkedTestFileRunner.main(ForkedTestFileRunner.java:171)
Caused by: de.uka.ilkd.key.proof.init.ProofInputException: Could not find rule file rules/intRulesCheckedSemantics.key
	at de.uka.ilkd.key.proof.io.KeYFile.readIncludes(KeYFile.java:210)
	at de.uka.ilkd.key.proof.init.ProblemInitializer.readIncludes(ProblemInitializer.java:177)
	at de.uka.ilkd.key.proof.init.ProblemInitializer.readEnvInput(ProblemInitializer.java:325)
	at de.uka.ilkd.key.proof.init.ProblemInitializer.prepare(ProblemInitializer.java:449)
	at de.uka.ilkd.key.proof.io.AbstractProblemLoader.createInitConfig(AbstractProblemLoader.java:518)
	at de.uka.ilkd.key.proof.io.AbstractProblemLoader.loadEnvironment(AbstractProblemLoader.java:288)
	at de.uka.ilkd.key.proof.io.AbstractProblemLoader.load(AbstractProblemLoader.java:252)
	at de.uka.ilkd.key.control.AbstractUserInterfaceControl.load(AbstractUserInterfaceControl.java:209)
	... 7 more
Caused by: java.lang.RuntimeException: Could not find rule file rules/intRulesCheckedSemantics.key
	at de.uka.ilkd.key.proof.io.RuleSourceFactory.fromBuiltInRule(RuleSourceFactory.java:32)
	at de.uka.ilkd.key.proof.io.RuleSourceFactory.fromDefaultLocation(RuleSourceFactory.java:21)
	at de.uka.ilkd.key.nparser.builder.IncludeFinder.addInclude(IncludeFinder.java:63)
	at de.uka.ilkd.key.nparser.builder.IncludeFinder.visitOne_include(IncludeFinder.java:43)
	at de.uka.ilkd.key.nparser.builder.IncludeFinder.visitOne_include(IncludeFinder.java:20)
	at de.uka.ilkd.key.nparser.KeYParser$One_includeContext.accept(KeYParser.java:878)
	at de.uka.ilkd.key.nparser.builder.AbstractBuilder.lambda$mapOf$0(AbstractBuilder.java:112)
	at java.base/java.util.stream.ReferencePipeline$3$1.accept(ReferencePipeline.java:195)
	at java.base/java.util.ArrayList$ArrayListSpliterator.forEachRemaining(ArrayList.java:1655)
	at java.base/java.util.stream.AbstractPipeline.copyInto(AbstractPipeline.java:484)
	at java.base/java.util.stream.AbstractPipeline.wrapAndCopyInto(AbstractPipeline.java:474)
	at java.base/java.util.stream.ReduceOps$ReduceOp.evaluateSequential(ReduceOps.java:913)
	at java.base/java.util.stream.AbstractPipeline.evaluate(AbstractPipeline.java:234)
	at java.base/java.util.stream.ReferencePipeline.collect(ReferencePipeline.java:578)
	at de.uka.ilkd.key.nparser.builder.AbstractBuilder.mapOf(AbstractBuilder.java:112)
	at de.uka.ilkd.key.nparser.builder.IncludeFinder.visitOne_include_statement(IncludeFinder.java:35)
	at de.uka.ilkd.key.nparser.builder.IncludeFinder.visitOne_include_statement(IncludeFinder.java:20)
	at de.uka.ilkd.key.nparser.KeYParser$One_include_statementContext.accept(KeYParser.java:802)
	at org.antlr.v4.runtime.tree.AbstractParseTreeVisitor.visitChildren(AbstractParseTreeVisitor.java:46)
	at de.uka.ilkd.key.nparser.KeYParserBaseVisitor.visitDecls(KeYParserBaseVisitor.java:30)
	at de.uka.ilkd.key.nparser.KeYParser$DeclsContext.accept(KeYParser.java:500)
	at org.antlr.v4.runtime.tree.AbstractParseTreeVisitor.visitChildren(AbstractParseTreeVisitor.java:46)
	at de.uka.ilkd.key.nparser.KeYParserBaseVisitor.visitFile(KeYParserBaseVisitor.java:23)
	at de.uka.ilkd.key.nparser.KeYParser$FileContext.accept(KeYParser.java:306)
	at de.uka.ilkd.key.nparser.KeyAst.accept(KeyAst.java:41)
	at de.uka.ilkd.key.nparser.KeyAst$File.getIncludes(KeyAst.java:76)
	at de.uka.ilkd.key.proof.io.KeYFile.readIncludes(KeYFile.java:208)
	... 14 more
Could not find rule file rules/intRulesCheckedSemantics.key (file: /home/runner/work/key/key/key.core/../key.ui/examples/index/.././heap/permissions/threads/AFilter_postJoin_accessible.key; caused by: de.uka.ilkd.key.proof.init.ProofInputException: Could not find rule file rules/intRulesCheckedSemantics.key)
	at de.uka.ilkd.key.control.AbstractUserInterfaceControl.load(AbstractUserInterfaceControl.java:221)
	at de.uka.ilkd.key.control.KeYEnvironment.load(KeYEnvironment.java:251)
	at de.uka.ilkd.key.control.KeYEnvironment.load(KeYEnvironment.java:224)
	at de.uka.ilkd.key.control.KeYEnvironment.load(KeYEnvironment.java:184)
	at de.uka.ilkd.key.control.KeYEnvironment.load(KeYEnvironment.java:261)
	at de.uka.ilkd.key.proof.runallproofs.proofcollection.TestFile.load(TestFile.java:270)
	at de.uka.ilkd.key.proof.runallproofs.proofcollection.TestFile.runKey(TestFile.java:160)
	at de.uka.ilkd.key.proof.runallproofs.proofcollection.ForkedTestFileRunner.main(ForkedTestFileRunner.java:171)
Caused by: de.uka.ilkd.key.proof.init.ProofInputException: Could not find rule file rules/intRulesCheckedSemantics.key
	at de.uka.ilkd.key.proof.io.KeYFile.readIncludes(KeYFile.java:210)
	at de.uka.ilkd.key.proof.init.ProblemInitializer.readIncludes(ProblemInitializer.java:177)
	at de.uka.ilkd.key.proof.init.ProblemInitializer.readEnvInput(ProblemInitializer.java:325)
	at de.uka.ilkd.key.proof.init.ProblemInitializer.prepare(ProblemInitializer.java:449)
	at de.uka.ilkd.key.proof.io.AbstractProblemLoader.createInitConfig(AbstractProblemLoader.java:518)
	at de.uka.ilkd.key.proof.io.AbstractProblemLoader.loadEnvironment(AbstractProblemLoader.java:288)
	at de.uka.ilkd.key.proof.io.AbstractProblemLoader.load(AbstractProblemLoader.java:252)
	at de.uka.ilkd.key.control.AbstractUserInterfaceControl.load(AbstractUserInterfaceControl.java:209)
	... 7 more
Caused by: java.lang.RuntimeException: Could not find rule file rules/intRulesCheckedSemantics.key
	at de.uka.ilkd.key.proof.io.RuleSourceFactory.fromBuiltInRule(RuleSourceFactory.java:32)
	at de.uka.ilkd.key.proof.io.RuleSourceFactory.fromDefaultLocation(RuleSourceFactory.java:21)
	at de.uka.ilkd.key.nparser.builder.IncludeFinder.addInclude(IncludeFinder.java:63)
	at de.uka.ilkd.key.nparser.builder.IncludeFinder.visitOne_include(IncludeFinder.java:43)
	at de.uka.ilkd.key.nparser.builder.IncludeFinder.visitOne_include(IncludeFinder.java:20)
	at de.uka.ilkd.key.nparser.KeYParser$One_includeContext.accept(KeYParser.java:878)
	at de.uka.ilkd.key.nparser.builder.AbstractBuilder.lambda$mapOf$0(AbstractBuilder.java:112)
	at java.base/java.util.stream.ReferencePipeline$3$1.accept(ReferencePipeline.java:195)
	at java.base/java.util.ArrayList$ArrayListSpliterator.forEachRemaining(ArrayList.java:1655)
	at java.base/java.util.stream.AbstractPipeline.copyInto(AbstractPipeline.java:484)
	at java.base/java.util.stream.AbstractPipeline.wrapAndCopyInto(AbstractPipeline.java:474)
	at java.base/java.util.stream.ReduceOps$ReduceOp.evaluateSequential(ReduceOps.java:913)
	at java.base/java.util.stream.AbstractPipeline.evaluate(AbstractPipeline.java:234)
	at java.base/java.util.stream.ReferencePipeline.collect(ReferencePipeline.java:578)
	at de.uka.ilkd.key.nparser.builder.AbstractBuilder.mapOf(AbstractBuilder.java:112)
	at de.uka.ilkd.key.nparser.builder.IncludeFinder.visitOne_include_statement(IncludeFinder.java:35)
	at de.uka.ilkd.key.nparser.builder.IncludeFinder.visitOne_include_statement(IncludeFinder.java:20)
	at de.uka.ilkd.key.nparser.KeYParser$One_include_statementContext.accept(KeYParser.java:802)
	at org.antlr.v4.runtime.tree.AbstractParseTreeVisitor.visitChildren(AbstractParseTreeVisitor.java:46)
	at de.uka.ilkd.key.nparser.KeYParserBaseVisitor.visitDecls(KeYParserBaseVisitor.java:30)
	at de.uka.ilkd.key.nparser.KeYParser$DeclsContext.accept(KeYParser.java:500)
	at org.antlr.v4.runtime.tree.AbstractParseTreeVisitor.visitChildren(AbstractParseTreeVisitor.java:46)
	at de.uka.ilkd.key.nparser.KeYParserBaseVisitor.visitFile(KeYParserBaseVisitor.java:23)
	at de.uka.ilkd.key.nparser.KeYParser$FileContext.accept(KeYParser.java:306)
	at de.uka.ilkd.key.nparser.KeyAst.accept(KeyAst.java:41)
	at de.uka.ilkd.key.nparser.KeyAst$File.getIncludes(KeyAst.java:76)
	at de.uka.ilkd.key.proof.io.KeYFile.readIncludes(KeYFile.java:208)
	... 14 more
Could not find rule file rules/intRulesCheckedSemantics.key (file: /home/runner/work/key/key/key.core/../key.ui/examples/index/.././heap/permissions/threads/AFilter_preStart_accessible.key; caused by: de.uka.ilkd.key.proof.init.ProofInputException: Could not find rule file rules/intRulesCheckedSemantics.key)
	at de.uka.ilkd.key.control.AbstractUserInterfaceControl.load(AbstractUserInterfaceControl.java:221)
	at de.uka.ilkd.key.control.KeYEnvironment.load(KeYEnvironment.java:251)
	at de.uka.ilkd.key.control.KeYEnvironment.load(KeYEnvironment.java:224)
	at de.uka.ilkd.key.control.KeYEnvironment.load(KeYEnvironment.java:184)
	at de.uka.ilkd.key.control.KeYEnvironment.load(KeYEnvironment.java:261)
	at de.uka.ilkd.key.proof.runallproofs.proofcollection.TestFile.load(TestFile.java:270)
	at de.uka.ilkd.key.proof.runallproofs.proofcollection.TestFile.runKey(TestFile.java:160)
	at de.uka.ilkd.key.proof.runallproofs.proofcollection.ForkedTestFileRunner.main(ForkedTestFileRunner.java:171)
Caused by: de.uka.ilkd.key.proof.init.ProofInputException: Could not find rule file rules/intRulesCheckedSemantics.key
	at de.uka.ilkd.key.proof.io.KeYFile.readIncludes(KeYFile.java:210)
	at de.uka.ilkd.key.proof.init.ProblemInitializer.readIncludes(ProblemInitializer.java:177)
	at de.uka.ilkd.key.proof.init.ProblemInitializer.readEnvInput(ProblemInitializer.java:325)
	at de.uka.ilkd.key.proof.init.ProblemInitializer.prepare(ProblemInitializer.java:449)
	at de.uka.ilkd.key.proof.io.AbstractProblemLoader.createInitConfig(AbstractProblemLoader.java:518)
	at de.uka.ilkd.key.proof.io.AbstractProblemLoader.loadEnvironment(AbstractProblemLoader.java:288)
	at de.uka.ilkd.key.proof.io.AbstractProblemLoader.load(AbstractProblemLoader.java:252)
	at de.uka.ilkd.key.control.AbstractUserInterfaceControl.load(AbstractUserInterfaceControl.java:209)
	... 7 more
Caused by: java.lang.RuntimeException: Could not find rule file rules/intRulesCheckedSemantics.key
	at de.uka.ilkd.key.proof.io.RuleSourceFactory.fromBuiltInRule(RuleSourceFactory.java:32)
	at de.uka.ilkd.key.proof.io.RuleSourceFactory.fromDefaultLocation(RuleSourceFactory.java:21)
	at de.uka.ilkd.key.nparser.builder.IncludeFinder.addInclude(IncludeFinder.java:63)
	at de.uka.ilkd.key.nparser.builder.IncludeFinder.visitOne_include(IncludeFinder.java:43)
	at de.uka.ilkd.key.nparser.builder.IncludeFinder.visitOne_include(IncludeFinder.java:20)
	at de.uka.ilkd.key.nparser.KeYParser$One_includeContext.accept(KeYParser.java:878)
	at de.uka.ilkd.key.nparser.builder.AbstractBuilder.lambda$mapOf$0(AbstractBuilder.java:112)
	at java.base/java.util.stream.ReferencePipeline$3$1.accept(ReferencePipeline.java:195)
	at java.base/java.util.ArrayList$ArrayListSpliterator.forEachRemaining(ArrayList.java:1655)
	at java.base/java.util.stream.AbstractPipeline.copyInto(AbstractPipeline.java:484)
	at java.base/java.util.stream.AbstractPipeline.wrapAndCopyInto(AbstractPipeline.java:474)
	at java.base/java.util.stream.ReduceOps$ReduceOp.evaluateSequential(ReduceOps.java:913)
	at java.base/java.util.stream.AbstractPipeline.evaluate(AbstractPipeline.java:234)
	at java.base/java.util.stream.ReferencePipeline.collect(ReferencePipeline.java:578)
	at de.uka.ilkd.key.nparser.builder.AbstractBuilder.mapOf(AbstractBuilder.java:112)
	at de.uka.ilkd.key.nparser.builder.IncludeFinder.visitOne_include_statement(IncludeFinder.java:35)
	at de.uka.ilkd.key.nparser.builder.IncludeFinder.visitOne_include_statement(IncludeFinder.java:20)
	at de.uka.ilkd.key.nparser.KeYParser$One_include_statementContext.accept(KeYParser.java:802)
	at org.antlr.v4.runtime.tree.AbstractParseTreeVisitor.visitChildren(AbstractParseTreeVisitor.java:46)
	at de.uka.ilkd.key.nparser.KeYParserBaseVisitor.visitDecls(KeYParserBaseVisitor.java:30)
	at de.uka.ilkd.key.nparser.KeYParser$DeclsContext.accept(KeYParser.java:500)
	at org.antlr.v4.runtime.tree.AbstractParseTreeVisitor.visitChildren(AbstractParseTreeVisitor.java:46)
	at de.uka.ilkd.key.nparser.KeYParserBaseVisitor.visitFile(KeYParserBaseVisitor.java:23)
	at de.uka.ilkd.key.nparser.KeYParser$FileContext.accept(KeYParser.java:306)
	at de.uka.ilkd.key.nparser.KeyAst.accept(KeyAst.java:41)
	at de.uka.ilkd.key.nparser.KeyAst$File.getIncludes(KeyAst.java:76)
	at de.uka.ilkd.key.proof.io.KeYFile.readIncludes(KeYFile.java:208)
	... 14 more
Could not find rule file rules/intRulesCheckedSemantics.key (file: /home/runner/work/key/key/key.core/../key.ui/examples/index/.././heap/permissions/threads/AFilter_startTransfer_accessible.key; caused by: de.uka.ilkd.key.proof.init.ProofInputException: Could not find rule file rules/intRulesCheckedSemantics.key)
	at de.uka.ilkd.key.control.AbstractUserInterfaceControl.load(AbstractUserInterfaceControl.java:221)
	at de.uka.ilkd.key.control.KeYEnvironment.load(KeYEnvironment.java:251)
	at de.uka.ilkd.key.control.KeYEnvironment.load(KeYEnvironment.java:224)
	at de.uka.ilkd.key.control.KeYEnvironment.load(KeYEnvironment.java:184)
	at de.uka.ilkd.key.control.KeYEnvironment.load(KeYEnvironment.java:261)
	at de.uka.ilkd.key.proof.runallproofs.proofcollection.TestFile.load(TestFile.java:270)
	at de.uka.ilkd.key.proof.runallproofs.proofcollection.TestFile.runKey(TestFile.java:160)
	at de.uka.ilkd.key.proof.runallproofs.proofcollection.ForkedTestFileRunner.main(ForkedTestFileRunner.java:171)
Caused by: de.uka.ilkd.key.proof.init.ProofInputException: Could not find rule file rules/intRulesCheckedSemantics.key
	at de.uka.ilkd.key.proof.io.KeYFile.readIncludes(KeYFile.java:210)
	at de.uka.ilkd.key.proof.init.ProblemInitializer.readIncludes(ProblemInitializer.java:177)
	at de.uka.ilkd.key.proof.init.ProblemInitializer.readEnvInput(ProblemInitializer.java:325)
	at de.uka.ilkd.key.proof.init.ProblemInitializer.prepare(ProblemInitializer.java:449)
	at de.uka.ilkd.key.proof.io.AbstractProblemLoader.createInitConfig(AbstractProblemLoader.java:518)
	at de.uka.ilkd.key.proof.io.AbstractProblemLoader.loadEnvironment(AbstractProblemLoader.java:288)
	at de.uka.ilkd.key.proof.io.AbstractProblemLoader.load(AbstractProblemLoader.java:252)
	at de.uka.ilkd.key.control.AbstractUserInterfaceControl.load(AbstractUserInterfaceControl.java:209)
	... 7 more
Caused by: java.lang.RuntimeException: Could not find rule file rules/intRulesCheckedSemantics.key
	at de.uka.ilkd.key.proof.io.RuleSourceFactory.fromBuiltInRule(RuleSourceFactory.java:32)
	at de.uka.ilkd.key.proof.io.RuleSourceFactory.fromDefaultLocation(RuleSourceFactory.java:21)
	at de.uka.ilkd.key.nparser.builder.IncludeFinder.addInclude(IncludeFinder.java:63)
	at de.uka.ilkd.key.nparser.builder.IncludeFinder.visitOne_include(IncludeFinder.java:43)
	at de.uka.ilkd.key.nparser.builder.IncludeFinder.visitOne_include(IncludeFinder.java:20)
	at de.uka.ilkd.key.nparser.KeYParser$One_includeContext.accept(KeYParser.java:878)
	at de.uka.ilkd.key.nparser.builder.AbstractBuilder.lambda$mapOf$0(AbstractBuilder.java:112)
	at java.base/java.util.stream.ReferencePipeline$3$1.accept(ReferencePipeline.java:195)
	at java.base/java.util.ArrayList$ArrayListSpliterator.forEachRemaining(ArrayList.java:1655)
	at java.base/java.util.stream.AbstractPipeline.copyInto(AbstractPipeline.java:484)
	at java.base/java.util.stream.AbstractPipeline.wrapAndCopyInto(AbstractPipeline.java:474)
	at java.base/java.util.stream.ReduceOps$ReduceOp.evaluateSequential(ReduceOps.java:913)
	at java.base/java.util.stream.AbstractPipeline.evaluate(AbstractPipeline.java:234)
	at java.base/java.util.stream.ReferencePipeline.collect(ReferencePipeline.java:578)
	at de.uka.ilkd.key.nparser.builder.AbstractBuilder.mapOf(AbstractBuilder.java:112)
	at de.uka.ilkd.key.nparser.builder.IncludeFinder.visitOne_include_statement(IncludeFinder.java:35)
	at de.uka.ilkd.key.nparser.builder.IncludeFinder.visitOne_include_statement(IncludeFinder.java:20)
	at de.uka.ilkd.key.nparser.KeYParser$One_include_statementContext.accept(KeYParser.java:802)
	at org.antlr.v4.runtime.tree.AbstractParseTreeVisitor.visitChildren(AbstractParseTreeVisitor.java:46)
	at de.uka.ilkd.key.nparser.KeYParserBaseVisitor.visitDecls(KeYParserBaseVisitor.java:30)
	at de.uka.ilkd.key.nparser.KeYParser$DeclsContext.accept(KeYParser.java:500)
	at org.antlr.v4.runtime.tree.AbstractParseTreeVisitor.visitChildren(AbstractParseTreeVisitor.java:46)
	at de.uka.ilkd.key.nparser.KeYParserBaseVisitor.visitFile(KeYParserBaseVisitor.java:23)
	at de.uka.ilkd.key.nparser.KeYParser$FileContext.accept(KeYParser.java:306)
	at de.uka.ilkd.key.nparser.KeyAst.accept(KeyAst.java:41)
	at de.uka.ilkd.key.nparser.KeyAst$File.getIncludes(KeyAst.java:76)
	at de.uka.ilkd.key.proof.io.KeYFile.readIncludes(KeYFile.java:208)
	... 14 more
Could not find rule file rules/intRulesCheckedSemantics.key (file: /home/runner/work/key/key/key.core/../key.ui/examples/index/.././heap/permissions/threads/AFilter_startTransfer_contract.key; caused by: de.uka.ilkd.key.proof.init.ProofInputException: Could not find rule file rules/intRulesCheckedSemantics.key)
	at de.uka.ilkd.key.control.AbstractUserInterfaceControl.load(AbstractUserInterfaceControl.java:221)
	at de.uka.ilkd.key.control.KeYEnvironment.load(KeYEnvironment.java:251)
	at de.uka.ilkd.key.control.KeYEnvironment.load(KeYEnvironment.java:224)
	at de.uka.ilkd.key.control.KeYEnvironment.load(KeYEnvironment.java:184)
	at de.uka.ilkd.key.control.KeYEnvironment.load(KeYEnvironment.java:261)
	at de.uka.ilkd.key.proof.runallproofs.proofcollection.TestFile.load(TestFile.java:270)
	at de.uka.ilkd.key.proof.runallproofs.proofcollection.TestFile.runKey(TestFile.java:160)
	at de.uka.ilkd.key.proof.runallproofs.proofcollection.ForkedTestFileRunner.main(ForkedTestFileRunner.java:171)
Caused by: de.uka.ilkd.key.proof.init.ProofInputException: Could not find rule file rules/intRulesCheckedSemantics.key
	at de.uka.ilkd.key.proof.io.KeYFile.readIncludes(KeYFile.java:210)
	at de.uka.ilkd.key.proof.init.ProblemInitializer.readIncludes(ProblemInitializer.java:177)
	at de.uka.ilkd.key.proof.init.ProblemInitializer.readEnvInput(ProblemInitializer.java:325)
	at de.uka.ilkd.key.proof.init.ProblemInitializer.prepare(ProblemInitializer.java:449)
	at de.uka.ilkd.key.proof.io.AbstractProblemLoader.createInitConfig(AbstractProblemLoader.java:518)
	at de.uka.ilkd.key.proof.io.AbstractProblemLoader.loadEnvironment(AbstractProblemLoader.java:288)
	at de.uka.ilkd.key.proof.io.AbstractProblemLoader.load(AbstractProblemLoader.java:252)
	at de.uka.ilkd.key.control.AbstractUserInterfaceControl.load(AbstractUserInterfaceControl.java:209)
	... 7 more
Caused by: java.lang.RuntimeException: Could not find rule file rules/intRulesCheckedSemantics.key
	at de.uka.ilkd.key.proof.io.RuleSourceFactory.fromBuiltInRule(RuleSourceFactory.java:32)
	at de.uka.ilkd.key.proof.io.RuleSourceFactory.fromDefaultLocation(RuleSourceFactory.java:21)
	at de.uka.ilkd.key.nparser.builder.IncludeFinder.addInclude(IncludeFinder.java:63)
	at de.uka.ilkd.key.nparser.builder.IncludeFinder.visitOne_include(IncludeFinder.java:43)
	at de.uka.ilkd.key.nparser.builder.IncludeFinder.visitOne_include(IncludeFinder.java:20)
	at de.uka.ilkd.key.nparser.KeYParser$One_includeContext.accept(KeYParser.java:878)
	at de.uka.ilkd.key.nparser.builder.AbstractBuilder.lambda$mapOf$0(AbstractBuilder.java:112)
	at java.base/java.util.stream.ReferencePipeline$3$1.accept(ReferencePipeline.java:195)
	at java.base/java.util.ArrayList$ArrayListSpliterator.forEachRemaining(ArrayList.java:1655)
	at java.base/java.util.stream.AbstractPipeline.copyInto(AbstractPipeline.java:484)
	at java.base/java.util.stream.AbstractPipeline.wrapAndCopyInto(AbstractPipeline.java:474)
	at java.base/java.util.stream.ReduceOps$ReduceOp.evaluateSequential(ReduceOps.java:913)
	at java.base/java.util.stream.AbstractPipeline.evaluate(AbstractPipeline.java:234)
	at java.base/java.util.stream.ReferencePipeline.collect(ReferencePipeline.java:578)
	at de.uka.ilkd.key.nparser.builder.AbstractBuilder.mapOf(AbstractBuilder.java:112)
	at de.uka.ilkd.key.nparser.builder.IncludeFinder.visitOne_include_statement(IncludeFinder.java:35)
	at de.uka.ilkd.key.nparser.builder.IncludeFinder.visitOne_include_statement(IncludeFinder.java:20)
	at de.uka.ilkd.key.nparser.KeYParser$One_include_statementContext.accept(KeYParser.java:802)
	at org.antlr.v4.runtime.tree.AbstractParseTreeVisitor.visitChildren(AbstractParseTreeVisitor.java:46)
	at de.uka.ilkd.key.nparser.KeYParserBaseVisitor.visitDecls(KeYParserBaseVisitor.java:30)
	at de.uka.ilkd.key.nparser.KeYParser$DeclsContext.accept(KeYParser.java:500)
	at org.antlr.v4.runtime.tree.AbstractParseTreeVisitor.visitChildren(AbstractParseTreeVisitor.java:46)
	at de.uka.ilkd.key.nparser.KeYParserBaseVisitor.visitFile(KeYParserBaseVisitor.java:23)
	at de.uka.ilkd.key.nparser.KeYParser$FileContext.accept(KeYParser.java:306)
	at de.uka.ilkd.key.nparser.KeyAst.accept(KeyAst.java:41)
	at de.uka.ilkd.key.nparser.KeyAst$File.getIncludes(KeyAst.java:76)
	at de.uka.ilkd.key.proof.io.KeYFile.readIncludes(KeYFile.java:208)
	... 14 more
Could not find rule file rules/intRulesCheckedSemantics.key (file: /home/runner/work/key/key/key.core/../key.ui/examples/index/.././heap/permissions/threads/AFilter_stateInv_accessible.key; caused by: de.uka.ilkd.key.proof.init.ProofInputException: Could not find rule file rules/intRulesCheckedSemantics.key)
	at de.uka.ilkd.key.control.AbstractUserInterfaceControl.load(AbstractUserInterfaceControl.java:221)
	at de.uka.ilkd.key.control.KeYEnvironment.load(KeYEnvironment.java:251)
	at de.uka.ilkd.key.control.KeYEnvironment.load(KeYEnvironment.java:224)
	at de.uka.ilkd.key.control.KeYEnvironment.load(KeYEnvironment.java:184)
	at de.uka.ilkd.key.control.KeYEnvironment.load(KeYEnvironment.java:261)
	at de.uka.ilkd.key.proof.runallproofs.proofcollection.TestFile.load(TestFile.java:270)
	at de.uka.ilkd.key.proof.runallproofs.proofcollection.TestFile.runKey(TestFile.java:160)
	at de.uka.ilkd.key.proof.runallproofs.proofcollection.ForkedTestFileRunner.main(ForkedTestFileRunner.java:171)
Caused by: de.uka.ilkd.key.proof.init.ProofInputException: Could not find rule file rules/intRulesCheckedSemantics.key
	at de.uka.ilkd.key.proof.io.KeYFile.readIncludes(KeYFile.java:210)
	at de.uka.ilkd.key.proof.init.ProblemInitializer.readIncludes(ProblemInitializer.java:177)
	at de.uka.ilkd.key.proof.init.ProblemInitializer.readEnvInput(ProblemInitializer.java:325)
	at de.uka.ilkd.key.proof.init.ProblemInitializer.prepare(ProblemInitializer.java:449)
	at de.uka.ilkd.key.proof.io.AbstractProblemLoader.createInitConfig(AbstractProblemLoader.java:518)
	at de.uka.ilkd.key.proof.io.AbstractProblemLoader.loadEnvironment(AbstractProblemLoader.java:288)
	at de.uka.ilkd.key.proof.io.AbstractProblemLoader.load(AbstractProblemLoader.java:252)
	at de.uka.ilkd.key.control.AbstractUserInterfaceControl.load(AbstractUserInterfaceControl.java:209)
	... 7 more
Caused by: java.lang.RuntimeException: Could not find rule file rules/intRulesCheckedSemantics.key
	at de.uka.ilkd.key.proof.io.RuleSourceFactory.fromBuiltInRule(RuleSourceFactory.java:32)
	at de.uka.ilkd.key.proof.io.RuleSourceFactory.fromDefaultLocation(RuleSourceFactory.java:21)
	at de.uka.ilkd.key.nparser.builder.IncludeFinder.addInclude(IncludeFinder.java:63)
	at de.uka.ilkd.key.nparser.builder.IncludeFinder.visitOne_include(IncludeFinder.java:43)
	at de.uka.ilkd.key.nparser.builder.IncludeFinder.visitOne_include(IncludeFinder.java:20)
	at de.uka.ilkd.key.nparser.KeYParser$One_includeContext.accept(KeYParser.java:878)
	at de.uka.ilkd.key.nparser.builder.AbstractBuilder.lambda$mapOf$0(AbstractBuilder.java:112)
	at java.base/java.util.stream.ReferencePipeline$3$1.accept(ReferencePipeline.java:195)
	at java.base/java.util.ArrayList$ArrayListSpliterator.forEachRemaining(ArrayList.java:1655)
	at java.base/java.util.stream.AbstractPipeline.copyInto(AbstractPipeline.java:484)
	at java.base/java.util.stream.AbstractPipeline.wrapAndCopyInto(AbstractPipeline.java:474)
	at java.base/java.util.stream.ReduceOps$ReduceOp.evaluateSequential(ReduceOps.java:913)
	at java.base/java.util.stream.AbstractPipeline.evaluate(AbstractPipeline.java:234)
	at java.base/java.util.stream.ReferencePipeline.collect(ReferencePipeline.java:578)
	at de.uka.ilkd.key.nparser.builder.AbstractBuilder.mapOf(AbstractBuilder.java:112)
	at de.uka.ilkd.key.nparser.builder.IncludeFinder.visitOne_include_statement(IncludeFinder.java:35)
	at de.uka.ilkd.key.nparser.builder.IncludeFinder.visitOne_include_statement(IncludeFinder.java:20)
	at de.uka.ilkd.key.nparser.KeYParser$One_include_statementContext.accept(KeYParser.java:802)
	at org.antlr.v4.runtime.tree.AbstractParseTreeVisitor.visitChildren(AbstractParseTreeVisitor.java:46)
	at de.uka.ilkd.key.nparser.KeYParserBaseVisitor.visitDecls(KeYParserBaseVisitor.java:30)
	at de.uka.ilkd.key.nparser.KeYParser$DeclsContext.accept(KeYParser.java:500)
	at org.antlr.v4.runtime.tree.AbstractParseTreeVisitor.visitChildren(AbstractParseTreeVisitor.java:46)
	at de.uka.ilkd.key.nparser.KeYParserBaseVisitor.visitFile(KeYParserBaseVisitor.java:23)
	at de.uka.ilkd.key.nparser.KeYParser$FileContext.accept(KeYParser.java:306)
	at de.uka.ilkd.key.nparser.KeyAst.accept(KeyAst.java:41)
	at de.uka.ilkd.key.nparser.KeyAst$File.getIncludes(KeyAst.java:76)
	at de.uka.ilkd.key.proof.io.KeYFile.readIncludes(KeYFile.java:208)
	... 14 more
Could not find rule file rules/intRulesCheckedSemantics.key (file: /home/runner/work/key/key/key.core/../key.ui/examples/index/.././heap/permissions/threads/AFilter_staticPermissions_accessible.key; caused by: de.uka.ilkd.key.proof.init.ProofInputException: Could not find rule file rules/intRulesCheckedSemantics.key)
	at de.uka.ilkd.key.control.AbstractUserInterfaceControl.load(AbstractUserInterfaceControl.java:221)
	at de.uka.ilkd.key.control.KeYEnvironment.load(KeYEnvironment.java:251)
	at de.uka.ilkd.key.control.KeYEnvironment.load(KeYEnvironment.java:224)
	at de.uka.ilkd.key.control.KeYEnvironment.load(KeYEnvironment.java:184)
	at de.uka.ilkd.key.control.KeYEnvironment.load(KeYEnvironment.java:261)
	at de.uka.ilkd.key.proof.runallproofs.proofcollection.TestFile.load(TestFile.java:270)
	at de.uka.ilkd.key.proof.runallproofs.proofcollection.TestFile.runKey(TestFile.java:160)
	at de.uka.ilkd.key.proof.runallproofs.proofcollection.ForkedTestFileRunner.main(ForkedTestFileRunner.java:171)
Caused by: de.uka.ilkd.key.proof.init.ProofInputException: Could not find rule file rules/intRulesCheckedSemantics.key
	at de.uka.ilkd.key.proof.io.KeYFile.readIncludes(KeYFile.java:210)
	at de.uka.ilkd.key.proof.init.ProblemInitializer.readIncludes(ProblemInitializer.java:177)
	at de.uka.ilkd.key.proof.init.ProblemInitializer.readEnvInput(ProblemInitializer.java:325)
	at de.uka.ilkd.key.proof.init.ProblemInitializer.prepare(ProblemInitializer.java:449)
	at de.uka.ilkd.key.proof.io.AbstractProblemLoader.createInitConfig(AbstractProblemLoader.java:518)
	at de.uka.ilkd.key.proof.io.AbstractProblemLoader.loadEnvironment(AbstractProblemLoader.java:288)
	at de.uka.ilkd.key.proof.io.AbstractProblemLoader.load(AbstractProblemLoader.java:252)
	at de.uka.ilkd.key.control.AbstractUserInterfaceControl.load(AbstractUserInterfaceControl.java:209)
	... 7 more
Caused by: java.lang.RuntimeException: Could not find rule file rules/intRulesCheckedSemantics.key
	at de.uka.ilkd.key.proof.io.RuleSourceFactory.fromBuiltInRule(RuleSourceFactory.java:32)
	at de.uka.ilkd.key.proof.io.RuleSourceFactory.fromDefaultLocation(RuleSourceFactory.java:21)
	at de.uka.ilkd.key.nparser.builder.IncludeFinder.addInclude(IncludeFinder.java:63)
	at de.uka.ilkd.key.nparser.builder.IncludeFinder.visitOne_include(IncludeFinder.java:43)
	at de.uka.ilkd.key.nparser.builder.IncludeFinder.visitOne_include(IncludeFinder.java:20)
	at de.uka.ilkd.key.nparser.KeYParser$One_includeContext.accept(KeYParser.java:878)
	at de.uka.ilkd.key.nparser.builder.AbstractBuilder.lambda$mapOf$0(AbstractBuilder.java:112)
	at java.base/java.util.stream.ReferencePipeline$3$1.accept(ReferencePipeline.java:195)
	at java.base/java.util.ArrayList$ArrayListSpliterator.forEachRemaining(ArrayList.java:1655)
	at java.base/java.util.stream.AbstractPipeline.copyInto(AbstractPipeline.java:484)
	at java.base/java.util.stream.AbstractPipeline.wrapAndCopyInto(AbstractPipeline.java:474)
	at java.base/java.util.stream.ReduceOps$ReduceOp.evaluateSequential(ReduceOps.java:913)
	at java.base/java.util.stream.AbstractPipeline.evaluate(AbstractPipeline.java:234)
	at java.base/java.util.stream.ReferencePipeline.collect(ReferencePipeline.java:578)
	at de.uka.ilkd.key.nparser.builder.AbstractBuilder.mapOf(AbstractBuilder.java:112)
	at de.uka.ilkd.key.nparser.builder.IncludeFinder.visitOne_include_statement(IncludeFinder.java:35)
	at de.uka.ilkd.key.nparser.builder.IncludeFinder.visitOne_include_statement(IncludeFinder.java:20)
	at de.uka.ilkd.key.nparser.KeYParser$One_include_statementContext.accept(KeYParser.java:802)
	at org.antlr.v4.runtime.tree.AbstractParseTreeVisitor.visitChildren(AbstractParseTreeVisitor.java:46)
	at de.uka.ilkd.key.nparser.KeYParserBaseVisitor.visitDecls(KeYParserBaseVisitor.java:30)
	at de.uka.ilkd.key.nparser.KeYParser$DeclsContext.accept(KeYParser.java:500)
	at org.antlr.v4.runtime.tree.AbstractParseTreeVisitor.visitChildren(AbstractParseTreeVisitor.java:46)
	at de.uka.ilkd.key.nparser.KeYParserBaseVisitor.visitFile(KeYParserBaseVisitor.java:23)
	at de.uka.ilkd.key.nparser.KeYParser$FileContext.accept(KeYParser.java:306)
	at de.uka.ilkd.key.nparser.KeyAst.accept(KeyAst.java:41)
	at de.uka.ilkd.key.nparser.KeyAst$File.getIncludes(KeyAst.java:76)
	at de.uka.ilkd.key.proof.io.KeYFile.readIncludes(KeYFile.java:208)
	... 14 more
Could not find rule file rules/intRulesCheckedSemantics.key (file: /home/runner/work/key/key/key.core/../key.ui/examples/index/.././heap/permissions/threads/AFilter_workingPermissions_accessible.key; caused by: de.uka.ilkd.key.proof.init.ProofInputException: Could not find rule file rules/intRulesCheckedSemantics.key)
	at de.uka.ilkd.key.control.AbstractUserInterfaceControl.load(AbstractUserInterfaceControl.java:221)
	at de.uka.ilkd.key.control.KeYEnvironment.load(KeYEnvironment.java:251)
	at de.uka.ilkd.key.control.KeYEnvironment.load(KeYEnvironment.java:224)
	at de.uka.ilkd.key.control.KeYEnvironment.load(KeYEnvironment.java:184)
	at de.uka.ilkd.key.control.KeYEnvironment.load(KeYEnvironment.java:261)
	at de.uka.ilkd.key.proof.runallproofs.proofcollection.TestFile.load(TestFile.java:270)
	at de.uka.ilkd.key.proof.runallproofs.proofcollection.TestFile.runKey(TestFile.java:160)
	at de.uka.ilkd.key.proof.runallproofs.proofcollection.ForkedTestFileRunner.main(ForkedTestFileRunner.java:171)
Caused by: de.uka.ilkd.key.proof.init.ProofInputException: Could not find rule file rules/intRulesCheckedSemantics.key
	at de.uka.ilkd.key.proof.io.KeYFile.readIncludes(KeYFile.java:210)
	at de.uka.ilkd.key.proof.init.ProblemInitializer.readIncludes(ProblemInitializer.java:177)
	at de.uka.ilkd.key.proof.init.ProblemInitializer.readEnvInput(ProblemInitializer.java:325)
	at de.uka.ilkd.key.proof.init.ProblemInitializer.prepare(ProblemInitializer.java:449)
	at de.uka.ilkd.key.proof.io.AbstractProblemLoader.createInitConfig(AbstractProblemLoader.java:518)
	at de.uka.ilkd.key.proof.io.AbstractProblemLoader.loadEnvironment(AbstractProblemLoader.java:288)
	at de.uka.ilkd.key.proof.io.AbstractProblemLoader.load(AbstractProblemLoader.java:252)
	at de.uka.ilkd.key.control.AbstractUserInterfaceControl.load(AbstractUserInterfaceControl.java:209)
	... 7 more
Caused by: java.lang.RuntimeException: Could not find rule file rules/intRulesCheckedSemantics.key
	at de.uka.ilkd.key.proof.io.RuleSourceFactory.fromBuiltInRule(RuleSourceFactory.java:32)
	at de.uka.ilkd.key.proof.io.RuleSourceFactory.fromDefaultLocation(RuleSourceFactory.java:21)
	at de.uka.ilkd.key.nparser.builder.IncludeFinder.addInclude(IncludeFinder.java:63)
	at de.uka.ilkd.key.nparser.builder.IncludeFinder.visitOne_include(IncludeFinder.java:43)
	at de.uka.ilkd.key.nparser.builder.IncludeFinder.visitOne_include(IncludeFinder.java:20)
	at de.uka.ilkd.key.nparser.KeYParser$One_includeContext.accept(KeYParser.java:878)
	at de.uka.ilkd.key.nparser.builder.AbstractBuilder.lambda$mapOf$0(AbstractBuilder.java:112)
	at java.base/java.util.stream.ReferencePipeline$3$1.accept(ReferencePipeline.java:195)
	at java.base/java.util.ArrayList$ArrayListSpliterator.forEachRemaining(ArrayList.java:1655)
	at java.base/java.util.stream.AbstractPipeline.copyInto(AbstractPipeline.java:484)
	at java.base/java.util.stream.AbstractPipeline.wrapAndCopyInto(AbstractPipeline.java:474)
	at java.base/java.util.stream.ReduceOps$ReduceOp.evaluateSequential(ReduceOps.java:913)
	at java.base/java.util.stream.AbstractPipeline.evaluate(AbstractPipeline.java:234)
	at java.base/java.util.stream.ReferencePipeline.collect(ReferencePipeline.java:578)
	at de.uka.ilkd.key.nparser.builder.AbstractBuilder.mapOf(AbstractBuilder.java:112)
	at de.uka.ilkd.key.nparser.builder.IncludeFinder.visitOne_include_statement(IncludeFinder.java:35)
	at de.uka.ilkd.key.nparser.builder.IncludeFinder.visitOne_include_statement(IncludeFinder.java:20)
	at de.uka.ilkd.key.nparser.KeYParser$One_include_statementContext.accept(KeYParser.java:802)
	at org.antlr.v4.runtime.tree.AbstractParseTreeVisitor.visitChildren(AbstractParseTreeVisitor.java:46)
	at de.uka.ilkd.key.nparser.KeYParserBaseVisitor.visitDecls(KeYParserBaseVisitor.java:30)
	at de.uka.ilkd.key.nparser.KeYParser$DeclsContext.accept(KeYParser.java:500)
	at org.antlr.v4.runtime.tree.AbstractParseTreeVisitor.visitChildren(AbstractParseTreeVisitor.java:46)
	at de.uka.ilkd.key.nparser.KeYParserBaseVisitor.visitFile(KeYParserBaseVisitor.java:23)
	at de.uka.ilkd.key.nparser.KeYParser$FileContext.accept(KeYParser.java:306)
	at de.uka.ilkd.key.nparser.KeyAst.accept(KeyAst.java:41)
	at de.uka.ilkd.key.nparser.KeyAst$File.getIncludes(KeyAst.java:76)
	at de.uka.ilkd.key.proof.io.KeYFile.readIncludes(KeYFile.java:208)
	... 14 more
Could not find rule file rules/intRulesCheckedSemantics.key (file: /home/runner/work/key/key/key.core/../key.ui/examples/index/.././heap/permissions/threads/BFilter_BFilter.key; caused by: de.uka.ilkd.key.proof.init.ProofInputException: Could not find rule file rules/intRulesCheckedSemantics.key)
	at de.uka.ilkd.key.control.AbstractUserInterfaceControl.load(AbstractUserInterfaceControl.java:221)
	at de.uka.ilkd.key.control.KeYEnvironment.load(KeYEnvironment.java:251)
	at de.uka.ilkd.key.control.KeYEnvironment.load(KeYEnvironment.java:224)
	at de.uka.ilkd.key.control.KeYEnvironment.load(KeYEnvironment.java:184)
	at de.uka.ilkd.key.control.KeYEnvironment.load(KeYEnvironment.java:261)
	at de.uka.ilkd.key.proof.runallproofs.proofcollection.TestFile.load(TestFile.java:270)
	at de.uka.ilkd.key.proof.runallproofs.proofcollection.TestFile.runKey(TestFile.java:160)
	at de.uka.ilkd.key.proof.runallproofs.proofcollection.ForkedTestFileRunner.main(ForkedTestFileRunner.java:171)
Caused by: de.uka.ilkd.key.proof.init.ProofInputException: Could not find rule file rules/intRulesCheckedSemantics.key
	at de.uka.ilkd.key.proof.io.KeYFile.readIncludes(KeYFile.java:210)
	at de.uka.ilkd.key.proof.init.ProblemInitializer.readIncludes(ProblemInitializer.java:177)
	at de.uka.ilkd.key.proof.init.ProblemInitializer.readEnvInput(ProblemInitializer.java:325)
	at de.uka.ilkd.key.proof.init.ProblemInitializer.prepare(ProblemInitializer.java:449)
	at de.uka.ilkd.key.proof.io.AbstractProblemLoader.createInitConfig(AbstractProblemLoader.java:518)
	at de.uka.ilkd.key.proof.io.AbstractProblemLoader.loadEnvironment(AbstractProblemLoader.java:288)
	at de.uka.ilkd.key.proof.io.AbstractProblemLoader.load(AbstractProblemLoader.java:252)
	at de.uka.ilkd.key.control.AbstractUserInterfaceControl.load(AbstractUserInterfaceControl.java:209)
	... 7 more
Caused by: java.lang.RuntimeException: Could not find rule file rules/intRulesCheckedSemantics.key
	at de.uka.ilkd.key.proof.io.RuleSourceFactory.fromBuiltInRule(RuleSourceFactory.java:32)
	at de.uka.ilkd.key.proof.io.RuleSourceFactory.fromDefaultLocation(RuleSourceFactory.java:21)
	at de.uka.ilkd.key.nparser.builder.IncludeFinder.addInclude(IncludeFinder.java:63)
	at de.uka.ilkd.key.nparser.builder.IncludeFinder.visitOne_include(IncludeFinder.java:43)
	at de.uka.ilkd.key.nparser.builder.IncludeFinder.visitOne_include(IncludeFinder.java:20)
	at de.uka.ilkd.key.nparser.KeYParser$One_includeContext.accept(KeYParser.java:878)
	at de.uka.ilkd.key.nparser.builder.AbstractBuilder.lambda$mapOf$0(AbstractBuilder.java:112)
	at java.base/java.util.stream.ReferencePipeline$3$1.accept(ReferencePipeline.java:195)
	at java.base/java.util.ArrayList$ArrayListSpliterator.forEachRemaining(ArrayList.java:1655)
	at java.base/java.util.stream.AbstractPipeline.copyInto(AbstractPipeline.java:484)
	at java.base/java.util.stream.AbstractPipeline.wrapAndCopyInto(AbstractPipeline.java:474)
	at java.base/java.util.stream.ReduceOps$ReduceOp.evaluateSequential(ReduceOps.java:913)
	at java.base/java.util.stream.AbstractPipeline.evaluate(AbstractPipeline.java:234)
	at java.base/java.util.stream.ReferencePipeline.collect(ReferencePipeline.java:578)
	at de.uka.ilkd.key.nparser.builder.AbstractBuilder.mapOf(AbstractBuilder.java:112)
	at de.uka.ilkd.key.nparser.builder.IncludeFinder.visitOne_include_statement(IncludeFinder.java:35)
	at de.uka.ilkd.key.nparser.builder.IncludeFinder.visitOne_include_statement(IncludeFinder.java:20)
	at de.uka.ilkd.key.nparser.KeYParser$One_include_statementContext.accept(KeYParser.java:802)
	at org.antlr.v4.runtime.tree.AbstractParseTreeVisitor.visitChildren(AbstractParseTreeVisitor.java:46)
	at de.uka.ilkd.key.nparser.KeYParserBaseVisitor.visitDecls(KeYParserBaseVisitor.java:30)
	at de.uka.ilkd.key.nparser.KeYParser$DeclsContext.accept(KeYParser.java:500)
	at org.antlr.v4.runtime.tree.AbstractParseTreeVisitor.visitChildren(AbstractParseTreeVisitor.java:46)
	at de.uka.ilkd.key.nparser.KeYParserBaseVisitor.visitFile(KeYParserBaseVisitor.java:23)
	at de.uka.ilkd.key.nparser.KeYParser$FileContext.accept(KeYParser.java:306)
	at de.uka.ilkd.key.nparser.KeyAst.accept(KeyAst.java:41)
	at de.uka.ilkd.key.nparser.KeyAst$File.getIncludes(KeyAst.java:76)
	at de.uka.ilkd.key.proof.io.KeYFile.readIncludes(KeYFile.java:208)
	... 14 more
Could not find rule file rules/intRulesCheckedSemantics.key (file: /home/runner/work/key/key/key.core/../key.ui/examples/index/.././heap/permissions/threads/BFilter_initPost_accessible.key; caused by: de.uka.ilkd.key.proof.init.ProofInputException: Could not find rule file rules/intRulesCheckedSemantics.key)
	at de.uka.ilkd.key.control.AbstractUserInterfaceControl.load(AbstractUserInterfaceControl.java:221)
	at de.uka.ilkd.key.control.KeYEnvironment.load(KeYEnvironment.java:251)
	at de.uka.ilkd.key.control.KeYEnvironment.load(KeYEnvironment.java:224)
	at de.uka.ilkd.key.control.KeYEnvironment.load(KeYEnvironment.java:184)
	at de.uka.ilkd.key.control.KeYEnvironment.load(KeYEnvironment.java:261)
	at de.uka.ilkd.key.proof.runallproofs.proofcollection.TestFile.load(TestFile.java:270)
	at de.uka.ilkd.key.proof.runallproofs.proofcollection.TestFile.runKey(TestFile.java:160)
	at de.uka.ilkd.key.proof.runallproofs.proofcollection.ForkedTestFileRunner.main(ForkedTestFileRunner.java:171)
Caused by: de.uka.ilkd.key.proof.init.ProofInputException: Could not find rule file rules/intRulesCheckedSemantics.key
	at de.uka.ilkd.key.proof.io.KeYFile.readIncludes(KeYFile.java:210)
	at de.uka.ilkd.key.proof.init.ProblemInitializer.readIncludes(ProblemInitializer.java:177)
	at de.uka.ilkd.key.proof.init.ProblemInitializer.readEnvInput(ProblemInitializer.java:325)
	at de.uka.ilkd.key.proof.init.ProblemInitializer.prepare(ProblemInitializer.java:449)
	at de.uka.ilkd.key.proof.io.AbstractProblemLoader.createInitConfig(AbstractProblemLoader.java:518)
	at de.uka.ilkd.key.proof.io.AbstractProblemLoader.loadEnvironment(AbstractProblemLoader.java:288)
	at de.uka.ilkd.key.proof.io.AbstractProblemLoader.load(AbstractProblemLoader.java:252)
	at de.uka.ilkd.key.control.AbstractUserInterfaceControl.load(AbstractUserInterfaceControl.java:209)
	... 7 more
Caused by: java.lang.RuntimeException: Could not find rule file rules/intRulesCheckedSemantics.key
	at de.uka.ilkd.key.proof.io.RuleSourceFactory.fromBuiltInRule(RuleSourceFactory.java:32)
	at de.uka.ilkd.key.proof.io.RuleSourceFactory.fromDefaultLocation(RuleSourceFactory.java:21)
	at de.uka.ilkd.key.nparser.builder.IncludeFinder.addInclude(IncludeFinder.java:63)
	at de.uka.ilkd.key.nparser.builder.IncludeFinder.visitOne_include(IncludeFinder.java:43)
	at de.uka.ilkd.key.nparser.builder.IncludeFinder.visitOne_include(IncludeFinder.java:20)
	at de.uka.ilkd.key.nparser.KeYParser$One_includeContext.accept(KeYParser.java:878)
	at de.uka.ilkd.key.nparser.builder.AbstractBuilder.lambda$mapOf$0(AbstractBuilder.java:112)
	at java.base/java.util.stream.ReferencePipeline$3$1.accept(ReferencePipeline.java:195)
	at java.base/java.util.ArrayList$ArrayListSpliterator.forEachRemaining(ArrayList.java:1655)
	at java.base/java.util.stream.AbstractPipeline.copyInto(AbstractPipeline.java:484)
	at java.base/java.util.stream.AbstractPipeline.wrapAndCopyInto(AbstractPipeline.java:474)
	at java.base/java.util.stream.ReduceOps$ReduceOp.evaluateSequential(ReduceOps.java:913)
	at java.base/java.util.stream.AbstractPipeline.evaluate(AbstractPipeline.java:234)
	at java.base/java.util.stream.ReferencePipeline.collect(ReferencePipeline.java:578)
	at de.uka.ilkd.key.nparser.builder.AbstractBuilder.mapOf(AbstractBuilder.java:112)
	at de.uka.ilkd.key.nparser.builder.IncludeFinder.visitOne_include_statement(IncludeFinder.java:35)
	at de.uka.ilkd.key.nparser.builder.IncludeFinder.visitOne_include_statement(IncludeFinder.java:20)
	at de.uka.ilkd.key.nparser.KeYParser$One_include_statementContext.accept(KeYParser.java:802)
	at org.antlr.v4.runtime.tree.AbstractParseTreeVisitor.visitChildren(AbstractParseTreeVisitor.java:46)
	at de.uka.ilkd.key.nparser.KeYParserBaseVisitor.visitDecls(KeYParserBaseVisitor.java:30)
	at de.uka.ilkd.key.nparser.KeYParser$DeclsContext.accept(KeYParser.java:500)
	at org.antlr.v4.runtime.tree.AbstractParseTreeVisitor.visitChildren(AbstractParseTreeVisitor.java:46)
	at de.uka.ilkd.key.nparser.KeYParserBaseVisitor.visitFile(KeYParserBaseVisitor.java:23)
	at de.uka.ilkd.key.nparser.KeYParser$FileContext.accept(KeYParser.java:306)
	at de.uka.ilkd.key.nparser.KeyAst.accept(KeyAst.java:41)
	at de.uka.ilkd.key.nparser.KeyAst$File.getIncludes(KeyAst.java:76)
	at de.uka.ilkd.key.proof.io.KeYFile.readIncludes(KeYFile.java:208)
	... 14 more
Could not find rule file rules/intRulesCheckedSemantics.key (file: /home/runner/work/key/key/key.core/../key.ui/examples/index/.././heap/permissions/threads/BFilter_inv_accessible1.key; caused by: de.uka.ilkd.key.proof.init.ProofInputException: Could not find rule file rules/intRulesCheckedSemantics.key)
	at de.uka.ilkd.key.control.AbstractUserInterfaceControl.load(AbstractUserInterfaceControl.java:221)
	at de.uka.ilkd.key.control.KeYEnvironment.load(KeYEnvironment.java:251)
	at de.uka.ilkd.key.control.KeYEnvironment.load(KeYEnvironment.java:224)
	at de.uka.ilkd.key.control.KeYEnvironment.load(KeYEnvironment.java:184)
	at de.uka.ilkd.key.control.KeYEnvironment.load(KeYEnvironment.java:261)
	at de.uka.ilkd.key.proof.runallproofs.proofcollection.TestFile.load(TestFile.java:270)
	at de.uka.ilkd.key.proof.runallproofs.proofcollection.TestFile.runKey(TestFile.java:160)
	at de.uka.ilkd.key.proof.runallproofs.proofcollection.ForkedTestFileRunner.main(ForkedTestFileRunner.java:171)
Caused by: de.uka.ilkd.key.proof.init.ProofInputException: Could not find rule file rules/intRulesCheckedSemantics.key
	at de.uka.ilkd.key.proof.io.KeYFile.readIncludes(KeYFile.java:210)
	at de.uka.ilkd.key.proof.init.ProblemInitializer.readIncludes(ProblemInitializer.java:177)
	at de.uka.ilkd.key.proof.init.ProblemInitializer.readEnvInput(ProblemInitializer.java:325)
	at de.uka.ilkd.key.proof.init.ProblemInitializer.prepare(ProblemInitializer.java:449)
	at de.uka.ilkd.key.proof.io.AbstractProblemLoader.createInitConfig(AbstractProblemLoader.java:518)
	at de.uka.ilkd.key.proof.io.AbstractProblemLoader.loadEnvironment(AbstractProblemLoader.java:288)
	at de.uka.ilkd.key.proof.io.AbstractProblemLoader.load(AbstractProblemLoader.java:252)
	at de.uka.ilkd.key.control.AbstractUserInterfaceControl.load(AbstractUserInterfaceControl.java:209)
	... 7 more
Caused by: java.lang.RuntimeException: Could not find rule file rules/intRulesCheckedSemantics.key
	at de.uka.ilkd.key.proof.io.RuleSourceFactory.fromBuiltInRule(RuleSourceFactory.java:32)
	at de.uka.ilkd.key.proof.io.RuleSourceFactory.fromDefaultLocation(RuleSourceFactory.java:21)
	at de.uka.ilkd.key.nparser.builder.IncludeFinder.addInclude(IncludeFinder.java:63)
	at de.uka.ilkd.key.nparser.builder.IncludeFinder.visitOne_include(IncludeFinder.java:43)
	at de.uka.ilkd.key.nparser.builder.IncludeFinder.visitOne_include(IncludeFinder.java:20)
	at de.uka.ilkd.key.nparser.KeYParser$One_includeContext.accept(KeYParser.java:878)
	at de.uka.ilkd.key.nparser.builder.AbstractBuilder.lambda$mapOf$0(AbstractBuilder.java:112)
	at java.base/java.util.stream.ReferencePipeline$3$1.accept(ReferencePipeline.java:195)
	at java.base/java.util.ArrayList$ArrayListSpliterator.forEachRemaining(ArrayList.java:1655)
	at java.base/java.util.stream.AbstractPipeline.copyInto(AbstractPipeline.java:484)
	at java.base/java.util.stream.AbstractPipeline.wrapAndCopyInto(AbstractPipeline.java:474)
	at java.base/java.util.stream.ReduceOps$ReduceOp.evaluateSequential(ReduceOps.java:913)
	at java.base/java.util.stream.AbstractPipeline.evaluate(AbstractPipeline.java:234)
	at java.base/java.util.stream.ReferencePipeline.collect(ReferencePipeline.java:578)
	at de.uka.ilkd.key.nparser.builder.AbstractBuilder.mapOf(AbstractBuilder.java:112)
	at de.uka.ilkd.key.nparser.builder.IncludeFinder.visitOne_include_statement(IncludeFinder.java:35)
	at de.uka.ilkd.key.nparser.builder.IncludeFinder.visitOne_include_statement(IncludeFinder.java:20)
	at de.uka.ilkd.key.nparser.KeYParser$One_include_statementContext.accept(KeYParser.java:802)
	at org.antlr.v4.runtime.tree.AbstractParseTreeVisitor.visitChildren(AbstractParseTreeVisitor.java:46)
	at de.uka.ilkd.key.nparser.KeYParserBaseVisitor.visitDecls(KeYParserBaseVisitor.java:30)
	at de.uka.ilkd.key.nparser.KeYParser$DeclsContext.accept(KeYParser.java:500)
	at org.antlr.v4.runtime.tree.AbstractParseTreeVisitor.visitChildren(AbstractParseTreeVisitor.java:46)
	at de.uka.ilkd.key.nparser.KeYParserBaseVisitor.visitFile(KeYParserBaseVisitor.java:23)
	at de.uka.ilkd.key.nparser.KeYParser$FileContext.accept(KeYParser.java:306)
	at de.uka.ilkd.key.nparser.KeyAst.accept(KeyAst.java:41)
	at de.uka.ilkd.key.nparser.KeyAst$File.getIncludes(KeyAst.java:76)
	at de.uka.ilkd.key.proof.io.KeYFile.readIncludes(KeYFile.java:208)
	... 14 more
Could not find rule file rules/intRulesCheckedSemantics.key (file: /home/runner/work/key/key/key.core/../key.ui/examples/index/.././heap/permissions/threads/BFilter_inv_accessible2.key; caused by: de.uka.ilkd.key.proof.init.ProofInputException: Could not find rule file rules/intRulesCheckedSemantics.key)
	at de.uka.ilkd.key.control.AbstractUserInterfaceControl.load(AbstractUserInterfaceControl.java:221)
	at de.uka.ilkd.key.control.KeYEnvironment.load(KeYEnvironment.java:251)
	at de.uka.ilkd.key.control.KeYEnvironment.load(KeYEnvironment.java:224)
	at de.uka.ilkd.key.control.KeYEnvironment.load(KeYEnvironment.java:184)
	at de.uka.ilkd.key.control.KeYEnvironment.load(KeYEnvironment.java:261)
	at de.uka.ilkd.key.proof.runallproofs.proofcollection.TestFile.load(TestFile.java:270)
	at de.uka.ilkd.key.proof.runallproofs.proofcollection.TestFile.runKey(TestFile.java:160)
	at de.uka.ilkd.key.proof.runallproofs.proofcollection.ForkedTestFileRunner.main(ForkedTestFileRunner.java:171)
Caused by: de.uka.ilkd.key.proof.init.ProofInputException: Could not find rule file rules/intRulesCheckedSemantics.key
	at de.uka.ilkd.key.proof.io.KeYFile.readIncludes(KeYFile.java:210)
	at de.uka.ilkd.key.proof.init.ProblemInitializer.readIncludes(ProblemInitializer.java:177)
	at de.uka.ilkd.key.proof.init.ProblemInitializer.readEnvInput(ProblemInitializer.java:325)
	at de.uka.ilkd.key.proof.init.ProblemInitializer.prepare(ProblemInitializer.java:449)
	at de.uka.ilkd.key.proof.io.AbstractProblemLoader.createInitConfig(AbstractProblemLoader.java:518)
	at de.uka.ilkd.key.proof.io.AbstractProblemLoader.loadEnvironment(AbstractProblemLoader.java:288)
	at de.uka.ilkd.key.proof.io.AbstractProblemLoader.load(AbstractProblemLoader.java:252)
	at de.uka.ilkd.key.control.AbstractUserInterfaceControl.load(AbstractUserInterfaceControl.java:209)
	... 7 more
Caused by: java.lang.RuntimeException: Could not find rule file rules/intRulesCheckedSemantics.key
	at de.uka.ilkd.key.proof.io.RuleSourceFactory.fromBuiltInRule(RuleSourceFactory.java:32)
	at de.uka.ilkd.key.proof.io.RuleSourceFactory.fromDefaultLocation(RuleSourceFactory.java:21)
	at de.uka.ilkd.key.nparser.builder.IncludeFinder.addInclude(IncludeFinder.java:63)
	at de.uka.ilkd.key.nparser.builder.IncludeFinder.visitOne_include(IncludeFinder.java:43)
	at de.uka.ilkd.key.nparser.builder.IncludeFinder.visitOne_include(IncludeFinder.java:20)
	at de.uka.ilkd.key.nparser.KeYParser$One_includeContext.accept(KeYParser.java:878)
	at de.uka.ilkd.key.nparser.builder.AbstractBuilder.lambda$mapOf$0(AbstractBuilder.java:112)
	at java.base/java.util.stream.ReferencePipeline$3$1.accept(ReferencePipeline.java:195)
	at java.base/java.util.ArrayList$ArrayListSpliterator.forEachRemaining(ArrayList.java:1655)
	at java.base/java.util.stream.AbstractPipeline.copyInto(AbstractPipeline.java:484)
	at java.base/java.util.stream.AbstractPipeline.wrapAndCopyInto(AbstractPipeline.java:474)
	at java.base/java.util.stream.ReduceOps$ReduceOp.evaluateSequential(ReduceOps.java:913)
	at java.base/java.util.stream.AbstractPipeline.evaluate(AbstractPipeline.java:234)
	at java.base/java.util.stream.ReferencePipeline.collect(ReferencePipeline.java:578)
	at de.uka.ilkd.key.nparser.builder.AbstractBuilder.mapOf(AbstractBuilder.java:112)
	at de.uka.ilkd.key.nparser.builder.IncludeFinder.visitOne_include_statement(IncludeFinder.java:35)
	at de.uka.ilkd.key.nparser.builder.IncludeFinder.visitOne_include_statement(IncludeFinder.java:20)
	at de.uka.ilkd.key.nparser.KeYParser$One_include_statementContext.accept(KeYParser.java:802)
	at org.antlr.v4.runtime.tree.AbstractParseTreeVisitor.visitChildren(AbstractParseTreeVisitor.java:46)
	at de.uka.ilkd.key.nparser.KeYParserBaseVisitor.visitDecls(KeYParserBaseVisitor.java:30)
	at de.uka.ilkd.key.nparser.KeYParser$DeclsContext.accept(KeYParser.java:500)
	at org.antlr.v4.runtime.tree.AbstractParseTreeVisitor.visitChildren(AbstractParseTreeVisitor.java:46)
	at de.uka.ilkd.key.nparser.KeYParserBaseVisitor.visitFile(KeYParserBaseVisitor.java:23)
	at de.uka.ilkd.key.nparser.KeYParser$FileContext.accept(KeYParser.java:306)
	at de.uka.ilkd.key.nparser.KeyAst.accept(KeyAst.java:41)
	at de.uka.ilkd.key.nparser.KeyAst$File.getIncludes(KeyAst.java:76)
	at de.uka.ilkd.key.proof.io.KeYFile.readIncludes(KeYFile.java:208)
	... 14 more
Could not find rule file rules/intRulesCheckedSemantics.key (file: /home/runner/work/key/key/key.core/../key.ui/examples/index/.././heap/permissions/threads/BFilter_joinTransfer_accessible.key; caused by: de.uka.ilkd.key.proof.init.ProofInputException: Could not find rule file rules/intRulesCheckedSemantics.key)
	at de.uka.ilkd.key.control.AbstractUserInterfaceControl.load(AbstractUserInterfaceControl.java:221)
	at de.uka.ilkd.key.control.KeYEnvironment.load(KeYEnvironment.java:251)
	at de.uka.ilkd.key.control.KeYEnvironment.load(KeYEnvironment.java:224)
	at de.uka.ilkd.key.control.KeYEnvironment.load(KeYEnvironment.java:184)
	at de.uka.ilkd.key.control.KeYEnvironment.load(KeYEnvironment.java:261)
	at de.uka.ilkd.key.proof.runallproofs.proofcollection.TestFile.load(TestFile.java:270)
	at de.uka.ilkd.key.proof.runallproofs.proofcollection.TestFile.runKey(TestFile.java:160)
	at de.uka.ilkd.key.proof.runallproofs.proofcollection.ForkedTestFileRunner.main(ForkedTestFileRunner.java:171)
Caused by: de.uka.ilkd.key.proof.init.ProofInputException: Could not find rule file rules/intRulesCheckedSemantics.key
	at de.uka.ilkd.key.proof.io.KeYFile.readIncludes(KeYFile.java:210)
	at de.uka.ilkd.key.proof.init.ProblemInitializer.readIncludes(ProblemInitializer.java:177)
	at de.uka.ilkd.key.proof.init.ProblemInitializer.readEnvInput(ProblemInitializer.java:325)
	at de.uka.ilkd.key.proof.init.ProblemInitializer.prepare(ProblemInitializer.java:449)
	at de.uka.ilkd.key.proof.io.AbstractProblemLoader.createInitConfig(AbstractProblemLoader.java:518)
	at de.uka.ilkd.key.proof.io.AbstractProblemLoader.loadEnvironment(AbstractProblemLoader.java:288)
	at de.uka.ilkd.key.proof.io.AbstractProblemLoader.load(AbstractProblemLoader.java:252)
	at de.uka.ilkd.key.control.AbstractUserInterfaceControl.load(AbstractUserInterfaceControl.java:209)
	... 7 more
Caused by: java.lang.RuntimeException: Could not find rule file rules/intRulesCheckedSemantics.key
	at de.uka.ilkd.key.proof.io.RuleSourceFactory.fromBuiltInRule(RuleSourceFactory.java:32)
	at de.uka.ilkd.key.proof.io.RuleSourceFactory.fromDefaultLocation(RuleSourceFactory.java:21)
	at de.uka.ilkd.key.nparser.builder.IncludeFinder.addInclude(IncludeFinder.java:63)
	at de.uka.ilkd.key.nparser.builder.IncludeFinder.visitOne_include(IncludeFinder.java:43)
	at de.uka.ilkd.key.nparser.builder.IncludeFinder.visitOne_include(IncludeFinder.java:20)
	at de.uka.ilkd.key.nparser.KeYParser$One_includeContext.accept(KeYParser.java:878)
	at de.uka.ilkd.key.nparser.builder.AbstractBuilder.lambda$mapOf$0(AbstractBuilder.java:112)
	at java.base/java.util.stream.ReferencePipeline$3$1.accept(ReferencePipeline.java:195)
	at java.base/java.util.ArrayList$ArrayListSpliterator.forEachRemaining(ArrayList.java:1655)
	at java.base/java.util.stream.AbstractPipeline.copyInto(AbstractPipeline.java:484)
	at java.base/java.util.stream.AbstractPipeline.wrapAndCopyInto(AbstractPipeline.java:474)
	at java.base/java.util.stream.ReduceOps$ReduceOp.evaluateSequential(ReduceOps.java:913)
	at java.base/java.util.stream.AbstractPipeline.evaluate(AbstractPipeline.java:234)
	at java.base/java.util.stream.ReferencePipeline.collect(ReferencePipeline.java:578)
	at de.uka.ilkd.key.nparser.builder.AbstractBuilder.mapOf(AbstractBuilder.java:112)
	at de.uka.ilkd.key.nparser.builder.IncludeFinder.visitOne_include_statement(IncludeFinder.java:35)
	at de.uka.ilkd.key.nparser.builder.IncludeFinder.visitOne_include_statement(IncludeFinder.java:20)
	at de.uka.ilkd.key.nparser.KeYParser$One_include_statementContext.accept(KeYParser.java:802)
	at org.antlr.v4.runtime.tree.AbstractParseTreeVisitor.visitChildren(AbstractParseTreeVisitor.java:46)
	at de.uka.ilkd.key.nparser.KeYParserBaseVisitor.visitDecls(KeYParserBaseVisitor.java:30)
	at de.uka.ilkd.key.nparser.KeYParser$DeclsContext.accept(KeYParser.java:500)
	at org.antlr.v4.runtime.tree.AbstractParseTreeVisitor.visitChildren(AbstractParseTreeVisitor.java:46)
	at de.uka.ilkd.key.nparser.KeYParserBaseVisitor.visitFile(KeYParserBaseVisitor.java:23)
	at de.uka.ilkd.key.nparser.KeYParser$FileContext.accept(KeYParser.java:306)
	at de.uka.ilkd.key.nparser.KeyAst.accept(KeyAst.java:41)
	at de.uka.ilkd.key.nparser.KeyAst$File.getIncludes(KeyAst.java:76)
	at de.uka.ilkd.key.proof.io.KeYFile.readIncludes(KeYFile.java:208)
	... 14 more
Could not find rule file rules/intRulesCheckedSemantics.key (file: /home/runner/work/key/key/key.core/../key.ui/examples/index/.././heap/permissions/threads/BFilter_joinTransfer_contract.key; caused by: de.uka.ilkd.key.proof.init.ProofInputException: Could not find rule file rules/intRulesCheckedSemantics.key)
	at de.uka.ilkd.key.control.AbstractUserInterfaceControl.load(AbstractUserInterfaceControl.java:221)
	at de.uka.ilkd.key.control.KeYEnvironment.load(KeYEnvironment.java:251)
	at de.uka.ilkd.key.control.KeYEnvironment.load(KeYEnvironment.java:224)
	at de.uka.ilkd.key.control.KeYEnvironment.load(KeYEnvironment.java:184)
	at de.uka.ilkd.key.control.KeYEnvironment.load(KeYEnvironment.java:261)
	at de.uka.ilkd.key.proof.runallproofs.proofcollection.TestFile.load(TestFile.java:270)
	at de.uka.ilkd.key.proof.runallproofs.proofcollection.TestFile.runKey(TestFile.java:160)
	at de.uka.ilkd.key.proof.runallproofs.proofcollection.ForkedTestFileRunner.main(ForkedTestFileRunner.java:171)
Caused by: de.uka.ilkd.key.proof.init.ProofInputException: Could not find rule file rules/intRulesCheckedSemantics.key
	at de.uka.ilkd.key.proof.io.KeYFile.readIncludes(KeYFile.java:210)
	at de.uka.ilkd.key.proof.init.ProblemInitializer.readIncludes(ProblemInitializer.java:177)
	at de.uka.ilkd.key.proof.init.ProblemInitializer.readEnvInput(ProblemInitializer.java:325)
	at de.uka.ilkd.key.proof.init.ProblemInitializer.prepare(ProblemInitializer.java:449)
	at de.uka.ilkd.key.proof.io.AbstractProblemLoader.createInitConfig(AbstractProblemLoader.java:518)
	at de.uka.ilkd.key.proof.io.AbstractProblemLoader.loadEnvironment(AbstractProblemLoader.java:288)
	at de.uka.ilkd.key.proof.io.AbstractProblemLoader.load(AbstractProblemLoader.java:252)
	at de.uka.ilkd.key.control.AbstractUserInterfaceControl.load(AbstractUserInterfaceControl.java:209)
	... 7 more
Caused by: java.lang.RuntimeException: Could not find rule file rules/intRulesCheckedSemantics.key
	at de.uka.ilkd.key.proof.io.RuleSourceFactory.fromBuiltInRule(RuleSourceFactory.java:32)
	at de.uka.ilkd.key.proof.io.RuleSourceFactory.fromDefaultLocation(RuleSourceFactory.java:21)
	at de.uka.ilkd.key.nparser.builder.IncludeFinder.addInclude(IncludeFinder.java:63)
	at de.uka.ilkd.key.nparser.builder.IncludeFinder.visitOne_include(IncludeFinder.java:43)
	at de.uka.ilkd.key.nparser.builder.IncludeFinder.visitOne_include(IncludeFinder.java:20)
	at de.uka.ilkd.key.nparser.KeYParser$One_includeContext.accept(KeYParser.java:878)
	at de.uka.ilkd.key.nparser.builder.AbstractBuilder.lambda$mapOf$0(AbstractBuilder.java:112)
	at java.base/java.util.stream.ReferencePipeline$3$1.accept(ReferencePipeline.java:195)
	at java.base/java.util.ArrayList$ArrayListSpliterator.forEachRemaining(ArrayList.java:1655)
	at java.base/java.util.stream.AbstractPipeline.copyInto(AbstractPipeline.java:484)
	at java.base/java.util.stream.AbstractPipeline.wrapAndCopyInto(AbstractPipeline.java:474)
	at java.base/java.util.stream.ReduceOps$ReduceOp.evaluateSequential(ReduceOps.java:913)
	at java.base/java.util.stream.AbstractPipeline.evaluate(AbstractPipeline.java:234)
	at java.base/java.util.stream.ReferencePipeline.collect(ReferencePipeline.java:578)
	at de.uka.ilkd.key.nparser.builder.AbstractBuilder.mapOf(AbstractBuilder.java:112)
	at de.uka.ilkd.key.nparser.builder.IncludeFinder.visitOne_include_statement(IncludeFinder.java:35)
	at de.uka.ilkd.key.nparser.builder.IncludeFinder.visitOne_include_statement(IncludeFinder.java:20)
	at de.uka.ilkd.key.nparser.KeYParser$One_include_statementContext.accept(KeYParser.java:802)
	at org.antlr.v4.runtime.tree.AbstractParseTreeVisitor.visitChildren(AbstractParseTreeVisitor.java:46)
	at de.uka.ilkd.key.nparser.KeYParserBaseVisitor.visitDecls(KeYParserBaseVisitor.java:30)
	at de.uka.ilkd.key.nparser.KeYParser$DeclsContext.accept(KeYParser.java:500)
	at org.antlr.v4.runtime.tree.AbstractParseTreeVisitor.visitChildren(AbstractParseTreeVisitor.java:46)
	at de.uka.ilkd.key.nparser.KeYParserBaseVisitor.visitFile(KeYParserBaseVisitor.java:23)
	at de.uka.ilkd.key.nparser.KeYParser$FileContext.accept(KeYParser.java:306)
	at de.uka.ilkd.key.nparser.KeyAst.accept(KeyAst.java:41)
	at de.uka.ilkd.key.nparser.KeyAst$File.getIncludes(KeyAst.java:76)
	at de.uka.ilkd.key.proof.io.KeYFile.readIncludes(KeYFile.java:208)
	... 14 more
Could not find rule file rules/intRulesCheckedSemantics.key (file: /home/runner/work/key/key/key.core/../key.ui/examples/index/.././heap/permissions/threads/BFilter_postJoin_accessible.key; caused by: de.uka.ilkd.key.proof.init.ProofInputException: Could not find rule file rules/intRulesCheckedSemantics.key)
	at de.uka.ilkd.key.control.AbstractUserInterfaceControl.load(AbstractUserInterfaceControl.java:221)
	at de.uka.ilkd.key.control.KeYEnvironment.load(KeYEnvironment.java:251)
	at de.uka.ilkd.key.control.KeYEnvironment.load(KeYEnvironment.java:224)
	at de.uka.ilkd.key.control.KeYEnvironment.load(KeYEnvironment.java:184)
	at de.uka.ilkd.key.control.KeYEnvironment.load(KeYEnvironment.java:261)
	at de.uka.ilkd.key.proof.runallproofs.proofcollection.TestFile.load(TestFile.java:270)
	at de.uka.ilkd.key.proof.runallproofs.proofcollection.TestFile.runKey(TestFile.java:160)
	at de.uka.ilkd.key.proof.runallproofs.proofcollection.ForkedTestFileRunner.main(ForkedTestFileRunner.java:171)
Caused by: de.uka.ilkd.key.proof.init.ProofInputException: Could not find rule file rules/intRulesCheckedSemantics.key
	at de.uka.ilkd.key.proof.io.KeYFile.readIncludes(KeYFile.java:210)
	at de.uka.ilkd.key.proof.init.ProblemInitializer.readIncludes(ProblemInitializer.java:177)
	at de.uka.ilkd.key.proof.init.ProblemInitializer.readEnvInput(ProblemInitializer.java:325)
	at de.uka.ilkd.key.proof.init.ProblemInitializer.prepare(ProblemInitializer.java:449)
	at de.uka.ilkd.key.proof.io.AbstractProblemLoader.createInitConfig(AbstractProblemLoader.java:518)
	at de.uka.ilkd.key.proof.io.AbstractProblemLoader.loadEnvironment(AbstractProblemLoader.java:288)
	at de.uka.ilkd.key.proof.io.AbstractProblemLoader.load(AbstractProblemLoader.java:252)
	at de.uka.ilkd.key.control.AbstractUserInterfaceControl.load(AbstractUserInterfaceControl.java:209)
	... 7 more
Caused by: java.lang.RuntimeException: Could not find rule file rules/intRulesCheckedSemantics.key
	at de.uka.ilkd.key.proof.io.RuleSourceFactory.fromBuiltInRule(RuleSourceFactory.java:32)
	at de.uka.ilkd.key.proof.io.RuleSourceFactory.fromDefaultLocation(RuleSourceFactory.java:21)
	at de.uka.ilkd.key.nparser.builder.IncludeFinder.addInclude(IncludeFinder.java:63)
	at de.uka.ilkd.key.nparser.builder.IncludeFinder.visitOne_include(IncludeFinder.java:43)
	at de.uka.ilkd.key.nparser.builder.IncludeFinder.visitOne_include(IncludeFinder.java:20)
	at de.uka.ilkd.key.nparser.KeYParser$One_includeContext.accept(KeYParser.java:878)
	at de.uka.ilkd.key.nparser.builder.AbstractBuilder.lambda$mapOf$0(AbstractBuilder.java:112)
	at java.base/java.util.stream.ReferencePipeline$3$1.accept(ReferencePipeline.java:195)
	at java.base/java.util.ArrayList$ArrayListSpliterator.forEachRemaining(ArrayList.java:1655)
	at java.base/java.util.stream.AbstractPipeline.copyInto(AbstractPipeline.java:484)
	at java.base/java.util.stream.AbstractPipeline.wrapAndCopyInto(AbstractPipeline.java:474)
	at java.base/java.util.stream.ReduceOps$ReduceOp.evaluateSequential(ReduceOps.java:913)
	at java.base/java.util.stream.AbstractPipeline.evaluate(AbstractPipeline.java:234)
	at java.base/java.util.stream.ReferencePipeline.collect(ReferencePipeline.java:578)
	at de.uka.ilkd.key.nparser.builder.AbstractBuilder.mapOf(AbstractBuilder.java:112)
	at de.uka.ilkd.key.nparser.builder.IncludeFinder.visitOne_include_statement(IncludeFinder.java:35)
	at de.uka.ilkd.key.nparser.builder.IncludeFinder.visitOne_include_statement(IncludeFinder.java:20)
	at de.uka.ilkd.key.nparser.KeYParser$One_include_statementContext.accept(KeYParser.java:802)
	at org.antlr.v4.runtime.tree.AbstractParseTreeVisitor.visitChildren(AbstractParseTreeVisitor.java:46)
	at de.uka.ilkd.key.nparser.KeYParserBaseVisitor.visitDecls(KeYParserBaseVisitor.java:30)
	at de.uka.ilkd.key.nparser.KeYParser$DeclsContext.accept(KeYParser.java:500)
	at org.antlr.v4.runtime.tree.AbstractParseTreeVisitor.visitChildren(AbstractParseTreeVisitor.java:46)
	at de.uka.ilkd.key.nparser.KeYParserBaseVisitor.visitFile(KeYParserBaseVisitor.java:23)
	at de.uka.ilkd.key.nparser.KeYParser$FileContext.accept(KeYParser.java:306)
	at de.uka.ilkd.key.nparser.KeyAst.accept(KeyAst.java:41)
	at de.uka.ilkd.key.nparser.KeyAst$File.getIncludes(KeyAst.java:76)
	at de.uka.ilkd.key.proof.io.KeYFile.readIncludes(KeYFile.java:208)
	... 14 more
Could not find rule file rules/intRulesCheckedSemantics.key (file: /home/runner/work/key/key/key.core/../key.ui/examples/index/.././heap/permissions/threads/BFilter_preStart_accessible.key; caused by: de.uka.ilkd.key.proof.init.ProofInputException: Could not find rule file rules/intRulesCheckedSemantics.key)
	at de.uka.ilkd.key.control.AbstractUserInterfaceControl.load(AbstractUserInterfaceControl.java:221)
	at de.uka.ilkd.key.control.KeYEnvironment.load(KeYEnvironment.java:251)
	at de.uka.ilkd.key.control.KeYEnvironment.load(KeYEnvironment.java:224)
	at de.uka.ilkd.key.control.KeYEnvironment.load(KeYEnvironment.java:184)
	at de.uka.ilkd.key.control.KeYEnvironment.load(KeYEnvironment.java:261)
	at de.uka.ilkd.key.proof.runallproofs.proofcollection.TestFile.load(TestFile.java:270)
	at de.uka.ilkd.key.proof.runallproofs.proofcollection.TestFile.runKey(TestFile.java:160)
	at de.uka.ilkd.key.proof.runallproofs.proofcollection.ForkedTestFileRunner.main(ForkedTestFileRunner.java:171)
Caused by: de.uka.ilkd.key.proof.init.ProofInputException: Could not find rule file rules/intRulesCheckedSemantics.key
	at de.uka.ilkd.key.proof.io.KeYFile.readIncludes(KeYFile.java:210)
	at de.uka.ilkd.key.proof.init.ProblemInitializer.readIncludes(ProblemInitializer.java:177)
	at de.uka.ilkd.key.proof.init.ProblemInitializer.readEnvInput(ProblemInitializer.java:325)
	at de.uka.ilkd.key.proof.init.ProblemInitializer.prepare(ProblemInitializer.java:449)
	at de.uka.ilkd.key.proof.io.AbstractProblemLoader.createInitConfig(AbstractProblemLoader.java:518)
	at de.uka.ilkd.key.proof.io.AbstractProblemLoader.loadEnvironment(AbstractProblemLoader.java:288)
	at de.uka.ilkd.key.proof.io.AbstractProblemLoader.load(AbstractProblemLoader.java:252)
	at de.uka.ilkd.key.control.AbstractUserInterfaceControl.load(AbstractUserInterfaceControl.java:209)
	... 7 more
Caused by: java.lang.RuntimeException: Could not find rule file rules/intRulesCheckedSemantics.key
	at de.uka.ilkd.key.proof.io.RuleSourceFactory.fromBuiltInRule(RuleSourceFactory.java:32)
	at de.uka.ilkd.key.proof.io.RuleSourceFactory.fromDefaultLocation(RuleSourceFactory.java:21)
	at de.uka.ilkd.key.nparser.builder.IncludeFinder.addInclude(IncludeFinder.java:63)
	at de.uka.ilkd.key.nparser.builder.IncludeFinder.visitOne_include(IncludeFinder.java:43)
	at de.uka.ilkd.key.nparser.builder.IncludeFinder.visitOne_include(IncludeFinder.java:20)
	at de.uka.ilkd.key.nparser.KeYParser$One_includeContext.accept(KeYParser.java:878)
	at de.uka.ilkd.key.nparser.builder.AbstractBuilder.lambda$mapOf$0(AbstractBuilder.java:112)
	at java.base/java.util.stream.ReferencePipeline$3$1.accept(ReferencePipeline.java:195)
	at java.base/java.util.ArrayList$ArrayListSpliterator.forEachRemaining(ArrayList.java:1655)
	at java.base/java.util.stream.AbstractPipeline.copyInto(AbstractPipeline.java:484)
	at java.base/java.util.stream.AbstractPipeline.wrapAndCopyInto(AbstractPipeline.java:474)
	at java.base/java.util.stream.ReduceOps$ReduceOp.evaluateSequential(ReduceOps.java:913)
	at java.base/java.util.stream.AbstractPipeline.evaluate(AbstractPipeline.java:234)
	at java.base/java.util.stream.ReferencePipeline.collect(ReferencePipeline.java:578)
	at de.uka.ilkd.key.nparser.builder.AbstractBuilder.mapOf(AbstractBuilder.java:112)
	at de.uka.ilkd.key.nparser.builder.IncludeFinder.visitOne_include_statement(IncludeFinder.java:35)
	at de.uka.ilkd.key.nparser.builder.IncludeFinder.visitOne_include_statement(IncludeFinder.java:20)
	at de.uka.ilkd.key.nparser.KeYParser$One_include_statementContext.accept(KeYParser.java:802)
	at org.antlr.v4.runtime.tree.AbstractParseTreeVisitor.visitChildren(AbstractParseTreeVisitor.java:46)
	at de.uka.ilkd.key.nparser.KeYParserBaseVisitor.visitDecls(KeYParserBaseVisitor.java:30)
	at de.uka.ilkd.key.nparser.KeYParser$DeclsContext.accept(KeYParser.java:500)
	at org.antlr.v4.runtime.tree.AbstractParseTreeVisitor.visitChildren(AbstractParseTreeVisitor.java:46)
	at de.uka.ilkd.key.nparser.KeYParserBaseVisitor.visitFile(KeYParserBaseVisitor.java:23)
	at de.uka.ilkd.key.nparser.KeYParser$FileContext.accept(KeYParser.java:306)
	at de.uka.ilkd.key.nparser.KeyAst.accept(KeyAst.java:41)
	at de.uka.ilkd.key.nparser.KeyAst$File.getIncludes(KeyAst.java:76)
	at de.uka.ilkd.key.proof.io.KeYFile.readIncludes(KeYFile.java:208)
	... 14 more
Could not find rule file rules/intRulesCheckedSemantics.key (file: /home/runner/work/key/key/key.core/../key.ui/examples/index/.././heap/permissions/threads/BFilter_startTransfer_accessible.key; caused by: de.uka.ilkd.key.proof.init.ProofInputException: Could not find rule file rules/intRulesCheckedSemantics.key)
	at de.uka.ilkd.key.control.AbstractUserInterfaceControl.load(AbstractUserInterfaceControl.java:221)
	at de.uka.ilkd.key.control.KeYEnvironment.load(KeYEnvironment.java:251)
	at de.uka.ilkd.key.control.KeYEnvironment.load(KeYEnvironment.java:224)
	at de.uka.ilkd.key.control.KeYEnvironment.load(KeYEnvironment.java:184)
	at de.uka.ilkd.key.control.KeYEnvironment.load(KeYEnvironment.java:261)
	at de.uka.ilkd.key.proof.runallproofs.proofcollection.TestFile.load(TestFile.java:270)
	at de.uka.ilkd.key.proof.runallproofs.proofcollection.TestFile.runKey(TestFile.java:160)
	at de.uka.ilkd.key.proof.runallproofs.proofcollection.ForkedTestFileRunner.main(ForkedTestFileRunner.java:171)
Caused by: de.uka.ilkd.key.proof.init.ProofInputException: Could not find rule file rules/intRulesCheckedSemantics.key
	at de.uka.ilkd.key.proof.io.KeYFile.readIncludes(KeYFile.java:210)
	at de.uka.ilkd.key.proof.init.ProblemInitializer.readIncludes(ProblemInitializer.java:177)
	at de.uka.ilkd.key.proof.init.ProblemInitializer.readEnvInput(ProblemInitializer.java:325)
	at de.uka.ilkd.key.proof.init.ProblemInitializer.prepare(ProblemInitializer.java:449)
	at de.uka.ilkd.key.proof.io.AbstractProblemLoader.createInitConfig(AbstractProblemLoader.java:518)
	at de.uka.ilkd.key.proof.io.AbstractProblemLoader.loadEnvironment(AbstractProblemLoader.java:288)
	at de.uka.ilkd.key.proof.io.AbstractProblemLoader.load(AbstractProblemLoader.java:252)
	at de.uka.ilkd.key.control.AbstractUserInterfaceControl.load(AbstractUserInterfaceControl.java:209)
	... 7 more
Caused by: java.lang.RuntimeException: Could not find rule file rules/intRulesCheckedSemantics.key
	at de.uka.ilkd.key.proof.io.RuleSourceFactory.fromBuiltInRule(RuleSourceFactory.java:32)
	at de.uka.ilkd.key.proof.io.RuleSourceFactory.fromDefaultLocation(RuleSourceFactory.java:21)
	at de.uka.ilkd.key.nparser.builder.IncludeFinder.addInclude(IncludeFinder.java:63)
	at de.uka.ilkd.key.nparser.builder.IncludeFinder.visitOne_include(IncludeFinder.java:43)
	at de.uka.ilkd.key.nparser.builder.IncludeFinder.visitOne_include(IncludeFinder.java:20)
	at de.uka.ilkd.key.nparser.KeYParser$One_includeContext.accept(KeYParser.java:878)
	at de.uka.ilkd.key.nparser.builder.AbstractBuilder.lambda$mapOf$0(AbstractBuilder.java:112)
	at java.base/java.util.stream.ReferencePipeline$3$1.accept(ReferencePipeline.java:195)
	at java.base/java.util.ArrayList$ArrayListSpliterator.forEachRemaining(ArrayList.java:1655)
	at java.base/java.util.stream.AbstractPipeline.copyInto(AbstractPipeline.java:484)
	at java.base/java.util.stream.AbstractPipeline.wrapAndCopyInto(AbstractPipeline.java:474)
	at java.base/java.util.stream.ReduceOps$ReduceOp.evaluateSequential(ReduceOps.java:913)
	at java.base/java.util.stream.AbstractPipeline.evaluate(AbstractPipeline.java:234)
	at java.base/java.util.stream.ReferencePipeline.collect(ReferencePipeline.java:578)
	at de.uka.ilkd.key.nparser.builder.AbstractBuilder.mapOf(AbstractBuilder.java:112)
	at de.uka.ilkd.key.nparser.builder.IncludeFinder.visitOne_include_statement(IncludeFinder.java:35)
	at de.uka.ilkd.key.nparser.builder.IncludeFinder.visitOne_include_statement(IncludeFinder.java:20)
	at de.uka.ilkd.key.nparser.KeYParser$One_include_statementContext.accept(KeYParser.java:802)
	at org.antlr.v4.runtime.tree.AbstractParseTreeVisitor.visitChildren(AbstractParseTreeVisitor.java:46)
	at de.uka.ilkd.key.nparser.KeYParserBaseVisitor.visitDecls(KeYParserBaseVisitor.java:30)
	at de.uka.ilkd.key.nparser.KeYParser$DeclsContext.accept(KeYParser.java:500)
	at org.antlr.v4.runtime.tree.AbstractParseTreeVisitor.visitChildren(AbstractParseTreeVisitor.java:46)
	at de.uka.ilkd.key.nparser.KeYParserBaseVisitor.visitFile(KeYParserBaseVisitor.java:23)
	at de.uka.ilkd.key.nparser.KeYParser$FileContext.accept(KeYParser.java:306)
	at de.uka.ilkd.key.nparser.KeyAst.accept(KeyAst.java:41)
	at de.uka.ilkd.key.nparser.KeyAst$File.getIncludes(KeyAst.java:76)
	at de.uka.ilkd.key.proof.io.KeYFile.readIncludes(KeYFile.java:208)
	... 14 more
Could not find rule file rules/intRulesCheckedSemantics.key (file: /home/runner/work/key/key/key.core/../key.ui/examples/index/.././heap/permissions/threads/BFilter_startTransfer_contract.key; caused by: de.uka.ilkd.key.proof.init.ProofInputException: Could not find rule file rules/intRulesCheckedSemantics.key)
	at de.uka.ilkd.key.control.AbstractUserInterfaceControl.load(AbstractUserInterfaceControl.java:221)
	at de.uka.ilkd.key.control.KeYEnvironment.load(KeYEnvironment.java:251)
	at de.uka.ilkd.key.control.KeYEnvironment.load(KeYEnvironment.java:224)
	at de.uka.ilkd.key.control.KeYEnvironment.load(KeYEnvironment.java:184)
	at de.uka.ilkd.key.control.KeYEnvironment.load(KeYEnvironment.java:261)
	at de.uka.ilkd.key.proof.runallproofs.proofcollection.TestFile.load(TestFile.java:270)
	at de.uka.ilkd.key.proof.runallproofs.proofcollection.TestFile.runKey(TestFile.java:160)
	at de.uka.ilkd.key.proof.runallproofs.proofcollection.ForkedTestFileRunner.main(ForkedTestFileRunner.java:171)
Caused by: de.uka.ilkd.key.proof.init.ProofInputException: Could not find rule file rules/intRulesCheckedSemantics.key
	at de.uka.ilkd.key.proof.io.KeYFile.readIncludes(KeYFile.java:210)
	at de.uka.ilkd.key.proof.init.ProblemInitializer.readIncludes(ProblemInitializer.java:177)
	at de.uka.ilkd.key.proof.init.ProblemInitializer.readEnvInput(ProblemInitializer.java:325)
	at de.uka.ilkd.key.proof.init.ProblemInitializer.prepare(ProblemInitializer.java:449)
	at de.uka.ilkd.key.proof.io.AbstractProblemLoader.createInitConfig(AbstractProblemLoader.java:518)
	at de.uka.ilkd.key.proof.io.AbstractProblemLoader.loadEnvironment(AbstractProblemLoader.java:288)
	at de.uka.ilkd.key.proof.io.AbstractProblemLoader.load(AbstractProblemLoader.java:252)
	at de.uka.ilkd.key.control.AbstractUserInterfaceControl.load(AbstractUserInterfaceControl.java:209)
	... 7 more
Caused by: java.lang.RuntimeException: Could not find rule file rules/intRulesCheckedSemantics.key
	at de.uka.ilkd.key.proof.io.RuleSourceFactory.fromBuiltInRule(RuleSourceFactory.java:32)
	at de.uka.ilkd.key.proof.io.RuleSourceFactory.fromDefaultLocation(RuleSourceFactory.java:21)
	at de.uka.ilkd.key.nparser.builder.IncludeFinder.addInclude(IncludeFinder.java:63)
	at de.uka.ilkd.key.nparser.builder.IncludeFinder.visitOne_include(IncludeFinder.java:43)
	at de.uka.ilkd.key.nparser.builder.IncludeFinder.visitOne_include(IncludeFinder.java:20)
	at de.uka.ilkd.key.nparser.KeYParser$One_includeContext.accept(KeYParser.java:878)
	at de.uka.ilkd.key.nparser.builder.AbstractBuilder.lambda$mapOf$0(AbstractBuilder.java:112)
	at java.base/java.util.stream.ReferencePipeline$3$1.accept(ReferencePipeline.java:195)
	at java.base/java.util.ArrayList$ArrayListSpliterator.forEachRemaining(ArrayList.java:1655)
	at java.base/java.util.stream.AbstractPipeline.copyInto(AbstractPipeline.java:484)
	at java.base/java.util.stream.AbstractPipeline.wrapAndCopyInto(AbstractPipeline.java:474)
	at java.base/java.util.stream.ReduceOps$ReduceOp.evaluateSequential(ReduceOps.java:913)
	at java.base/java.util.stream.AbstractPipeline.evaluate(AbstractPipeline.java:234)
	at java.base/java.util.stream.ReferencePipeline.collect(ReferencePipeline.java:578)
	at de.uka.ilkd.key.nparser.builder.AbstractBuilder.mapOf(AbstractBuilder.java:112)
	at de.uka.ilkd.key.nparser.builder.IncludeFinder.visitOne_include_statement(IncludeFinder.java:35)
	at de.uka.ilkd.key.nparser.builder.IncludeFinder.visitOne_include_statement(IncludeFinder.java:20)
	at de.uka.ilkd.key.nparser.KeYParser$One_include_statementContext.accept(KeYParser.java:802)
	at org.antlr.v4.runtime.tree.AbstractParseTreeVisitor.visitChildren(AbstractParseTreeVisitor.java:46)
	at de.uka.ilkd.key.nparser.KeYParserBaseVisitor.visitDecls(KeYParserBaseVisitor.java:30)
	at de.uka.ilkd.key.nparser.KeYParser$DeclsContext.accept(KeYParser.java:500)
	at org.antlr.v4.runtime.tree.AbstractParseTreeVisitor.visitChildren(AbstractParseTreeVisitor.java:46)
	at de.uka.ilkd.key.nparser.KeYParserBaseVisitor.visitFile(KeYParserBaseVisitor.java:23)
	at de.uka.ilkd.key.nparser.KeYParser$FileContext.accept(KeYParser.java:306)
	at de.uka.ilkd.key.nparser.KeyAst.accept(KeyAst.java:41)
	at de.uka.ilkd.key.nparser.KeyAst$File.getIncludes(KeyAst.java:76)
	at de.uka.ilkd.key.proof.io.KeYFile.readIncludes(KeYFile.java:208)
	... 14 more
Could not find rule file rules/intRulesCheckedSemantics.key (file: /home/runner/work/key/key/key.core/../key.ui/examples/index/.././heap/permissions/threads/BFilter_stateInv_accessible.key; caused by: de.uka.ilkd.key.proof.init.ProofInputException: Could not find rule file rules/intRulesCheckedSemantics.key)
	at de.uka.ilkd.key.control.AbstractUserInterfaceControl.load(AbstractUserInterfaceControl.java:221)
	at de.uka.ilkd.key.control.KeYEnvironment.load(KeYEnvironment.java:251)
	at de.uka.ilkd.key.control.KeYEnvironment.load(KeYEnvironment.java:224)
	at de.uka.ilkd.key.control.KeYEnvironment.load(KeYEnvironment.java:184)
	at de.uka.ilkd.key.control.KeYEnvironment.load(KeYEnvironment.java:261)
	at de.uka.ilkd.key.proof.runallproofs.proofcollection.TestFile.load(TestFile.java:270)
	at de.uka.ilkd.key.proof.runallproofs.proofcollection.TestFile.runKey(TestFile.java:160)
	at de.uka.ilkd.key.proof.runallproofs.proofcollection.ForkedTestFileRunner.main(ForkedTestFileRunner.java:171)
Caused by: de.uka.ilkd.key.proof.init.ProofInputException: Could not find rule file rules/intRulesCheckedSemantics.key
	at de.uka.ilkd.key.proof.io.KeYFile.readIncludes(KeYFile.java:210)
	at de.uka.ilkd.key.proof.init.ProblemInitializer.readIncludes(ProblemInitializer.java:177)
	at de.uka.ilkd.key.proof.init.ProblemInitializer.readEnvInput(ProblemInitializer.java:325)
	at de.uka.ilkd.key.proof.init.ProblemInitializer.prepare(ProblemInitializer.java:449)
	at de.uka.ilkd.key.proof.io.AbstractProblemLoader.createInitConfig(AbstractProblemLoader.java:518)
	at de.uka.ilkd.key.proof.io.AbstractProblemLoader.loadEnvironment(AbstractProblemLoader.java:288)
	at de.uka.ilkd.key.proof.io.AbstractProblemLoader.load(AbstractProblemLoader.java:252)
	at de.uka.ilkd.key.control.AbstractUserInterfaceControl.load(AbstractUserInterfaceControl.java:209)
	... 7 more
Caused by: java.lang.RuntimeException: Could not find rule file rules/intRulesCheckedSemantics.key
	at de.uka.ilkd.key.proof.io.RuleSourceFactory.fromBuiltInRule(RuleSourceFactory.java:32)
	at de.uka.ilkd.key.proof.io.RuleSourceFactory.fromDefaultLocation(RuleSourceFactory.java:21)
	at de.uka.ilkd.key.nparser.builder.IncludeFinder.addInclude(IncludeFinder.java:63)
	at de.uka.ilkd.key.nparser.builder.IncludeFinder.visitOne_include(IncludeFinder.java:43)
	at de.uka.ilkd.key.nparser.builder.IncludeFinder.visitOne_include(IncludeFinder.java:20)
	at de.uka.ilkd.key.nparser.KeYParser$One_includeContext.accept(KeYParser.java:878)
	at de.uka.ilkd.key.nparser.builder.AbstractBuilder.lambda$mapOf$0(AbstractBuilder.java:112)
	at java.base/java.util.stream.ReferencePipeline$3$1.accept(ReferencePipeline.java:195)
	at java.base/java.util.ArrayList$ArrayListSpliterator.forEachRemaining(ArrayList.java:1655)
	at java.base/java.util.stream.AbstractPipeline.copyInto(AbstractPipeline.java:484)
	at java.base/java.util.stream.AbstractPipeline.wrapAndCopyInto(AbstractPipeline.java:474)
	at java.base/java.util.stream.ReduceOps$ReduceOp.evaluateSequential(ReduceOps.java:913)
	at java.base/java.util.stream.AbstractPipeline.evaluate(AbstractPipeline.java:234)
	at java.base/java.util.stream.ReferencePipeline.collect(ReferencePipeline.java:578)
	at de.uka.ilkd.key.nparser.builder.AbstractBuilder.mapOf(AbstractBuilder.java:112)
	at de.uka.ilkd.key.nparser.builder.IncludeFinder.visitOne_include_statement(IncludeFinder.java:35)
	at de.uka.ilkd.key.nparser.builder.IncludeFinder.visitOne_include_statement(IncludeFinder.java:20)
	at de.uka.ilkd.key.nparser.KeYParser$One_include_statementContext.accept(KeYParser.java:802)
	at org.antlr.v4.runtime.tree.AbstractParseTreeVisitor.visitChildren(AbstractParseTreeVisitor.java:46)
	at de.uka.ilkd.key.nparser.KeYParserBaseVisitor.visitDecls(KeYParserBaseVisitor.java:30)
	at de.uka.ilkd.key.nparser.KeYParser$DeclsContext.accept(KeYParser.java:500)
	at org.antlr.v4.runtime.tree.AbstractParseTreeVisitor.visitChildren(AbstractParseTreeVisitor.java:46)
	at de.uka.ilkd.key.nparser.KeYParserBaseVisitor.visitFile(KeYParserBaseVisitor.java:23)
	at de.uka.ilkd.key.nparser.KeYParser$FileContext.accept(KeYParser.java:306)
	at de.uka.ilkd.key.nparser.KeyAst.accept(KeyAst.java:41)
	at de.uka.ilkd.key.nparser.KeyAst$File.getIncludes(KeyAst.java:76)
	at de.uka.ilkd.key.proof.io.KeYFile.readIncludes(KeYFile.java:208)
	... 14 more
Could not find rule file rules/intRulesCheckedSemantics.key (file: /home/runner/work/key/key/key.core/../key.ui/examples/index/.././heap/permissions/threads/BFilter_staticPermissions_accessible.key; caused by: de.uka.ilkd.key.proof.init.ProofInputException: Could not find rule file rules/intRulesCheckedSemantics.key)
	at de.uka.ilkd.key.control.AbstractUserInterfaceControl.load(AbstractUserInterfaceControl.java:221)
	at de.uka.ilkd.key.control.KeYEnvironment.load(KeYEnvironment.java:251)
	at de.uka.ilkd.key.control.KeYEnvironment.load(KeYEnvironment.java:224)
	at de.uka.ilkd.key.control.KeYEnvironment.load(KeYEnvironment.java:184)
	at de.uka.ilkd.key.control.KeYEnvironment.load(KeYEnvironment.java:261)
	at de.uka.ilkd.key.proof.runallproofs.proofcollection.TestFile.load(TestFile.java:270)
	at de.uka.ilkd.key.proof.runallproofs.proofcollection.TestFile.runKey(TestFile.java:160)
	at de.uka.ilkd.key.proof.runallproofs.proofcollection.ForkedTestFileRunner.main(ForkedTestFileRunner.java:171)
Caused by: de.uka.ilkd.key.proof.init.ProofInputException: Could not find rule file rules/intRulesCheckedSemantics.key
	at de.uka.ilkd.key.proof.io.KeYFile.readIncludes(KeYFile.java:210)
	at de.uka.ilkd.key.proof.init.ProblemInitializer.readIncludes(ProblemInitializer.java:177)
	at de.uka.ilkd.key.proof.init.ProblemInitializer.readEnvInput(ProblemInitializer.java:325)
	at de.uka.ilkd.key.proof.init.ProblemInitializer.prepare(ProblemInitializer.java:449)
	at de.uka.ilkd.key.proof.io.AbstractProblemLoader.createInitConfig(AbstractProblemLoader.java:518)
	at de.uka.ilkd.key.proof.io.AbstractProblemLoader.loadEnvironment(AbstractProblemLoader.java:288)
	at de.uka.ilkd.key.proof.io.AbstractProblemLoader.load(AbstractProblemLoader.java:252)
	at de.uka.ilkd.key.control.AbstractUserInterfaceControl.load(AbstractUserInterfaceControl.java:209)
	... 7 more
Caused by: java.lang.RuntimeException: Could not find rule file rules/intRulesCheckedSemantics.key
	at de.uka.ilkd.key.proof.io.RuleSourceFactory.fromBuiltInRule(RuleSourceFactory.java:32)
	at de.uka.ilkd.key.proof.io.RuleSourceFactory.fromDefaultLocation(RuleSourceFactory.java:21)
	at de.uka.ilkd.key.nparser.builder.IncludeFinder.addInclude(IncludeFinder.java:63)
	at de.uka.ilkd.key.nparser.builder.IncludeFinder.visitOne_include(IncludeFinder.java:43)
	at de.uka.ilkd.key.nparser.builder.IncludeFinder.visitOne_include(IncludeFinder.java:20)
	at de.uka.ilkd.key.nparser.KeYParser$One_includeContext.accept(KeYParser.java:878)
	at de.uka.ilkd.key.nparser.builder.AbstractBuilder.lambda$mapOf$0(AbstractBuilder.java:112)
	at java.base/java.util.stream.ReferencePipeline$3$1.accept(ReferencePipeline.java:195)
	at java.base/java.util.ArrayList$ArrayListSpliterator.forEachRemaining(ArrayList.java:1655)
	at java.base/java.util.stream.AbstractPipeline.copyInto(AbstractPipeline.java:484)
	at java.base/java.util.stream.AbstractPipeline.wrapAndCopyInto(AbstractPipeline.java:474)
	at java.base/java.util.stream.ReduceOps$ReduceOp.evaluateSequential(ReduceOps.java:913)
	at java.base/java.util.stream.AbstractPipeline.evaluate(AbstractPipeline.java:234)
	at java.base/java.util.stream.ReferencePipeline.collect(ReferencePipeline.java:578)
	at de.uka.ilkd.key.nparser.builder.AbstractBuilder.mapOf(AbstractBuilder.java:112)
	at de.uka.ilkd.key.nparser.builder.IncludeFinder.visitOne_include_statement(IncludeFinder.java:35)
	at de.uka.ilkd.key.nparser.builder.IncludeFinder.visitOne_include_statement(IncludeFinder.java:20)
	at de.uka.ilkd.key.nparser.KeYParser$One_include_statementContext.accept(KeYParser.java:802)
	at org.antlr.v4.runtime.tree.AbstractParseTreeVisitor.visitChildren(AbstractParseTreeVisitor.java:46)
	at de.uka.ilkd.key.nparser.KeYParserBaseVisitor.visitDecls(KeYParserBaseVisitor.java:30)
	at de.uka.ilkd.key.nparser.KeYParser$DeclsContext.accept(KeYParser.java:500)
	at org.antlr.v4.runtime.tree.AbstractParseTreeVisitor.visitChildren(AbstractParseTreeVisitor.java:46)
	at de.uka.ilkd.key.nparser.KeYParserBaseVisitor.visitFile(KeYParserBaseVisitor.java:23)
	at de.uka.ilkd.key.nparser.KeYParser$FileContext.accept(KeYParser.java:306)
	at de.uka.ilkd.key.nparser.KeyAst.accept(KeyAst.java:41)
	at de.uka.ilkd.key.nparser.KeyAst$File.getIncludes(KeyAst.java:76)
	at de.uka.ilkd.key.proof.io.KeYFile.readIncludes(KeYFile.java:208)
	... 14 more
Could not find rule file rules/intRulesCheckedSemantics.key (file: /home/runner/work/key/key/key.core/../key.ui/examples/index/.././heap/permissions/threads/BFilter_workingPermissions_accessible.key; caused by: de.uka.ilkd.key.proof.init.ProofInputException: Could not find rule file rules/intRulesCheckedSemantics.key)
	at de.uka.ilkd.key.control.AbstractUserInterfaceControl.load(AbstractUserInterfaceControl.java:221)
	at de.uka.ilkd.key.control.KeYEnvironment.load(KeYEnvironment.java:251)
	at de.uka.ilkd.key.control.KeYEnvironment.load(KeYEnvironment.java:224)
	at de.uka.ilkd.key.control.KeYEnvironment.load(KeYEnvironment.java:184)
	at de.uka.ilkd.key.control.KeYEnvironment.load(KeYEnvironment.java:261)
	at de.uka.ilkd.key.proof.runallproofs.proofcollection.TestFile.load(TestFile.java:270)
	at de.uka.ilkd.key.proof.runallproofs.proofcollection.TestFile.runKey(TestFile.java:160)
	at de.uka.ilkd.key.proof.runallproofs.proofcollection.ForkedTestFileRunner.main(ForkedTestFileRunner.java:171)
Caused by: de.uka.ilkd.key.proof.init.ProofInputException: Could not find rule file rules/intRulesCheckedSemantics.key
	at de.uka.ilkd.key.proof.io.KeYFile.readIncludes(KeYFile.java:210)
	at de.uka.ilkd.key.proof.init.ProblemInitializer.readIncludes(ProblemInitializer.java:177)
	at de.uka.ilkd.key.proof.init.ProblemInitializer.readEnvInput(ProblemInitializer.java:325)
	at de.uka.ilkd.key.proof.init.ProblemInitializer.prepare(ProblemInitializer.java:449)
	at de.uka.ilkd.key.proof.io.AbstractProblemLoader.createInitConfig(AbstractProblemLoader.java:518)
	at de.uka.ilkd.key.proof.io.AbstractProblemLoader.loadEnvironment(AbstractProblemLoader.java:288)
	at de.uka.ilkd.key.proof.io.AbstractProblemLoader.load(AbstractProblemLoader.java:252)
	at de.uka.ilkd.key.control.AbstractUserInterfaceControl.load(AbstractUserInterfaceControl.java:209)
	... 7 more
Caused by: java.lang.RuntimeException: Could not find rule file rules/intRulesCheckedSemantics.key
	at de.uka.ilkd.key.proof.io.RuleSourceFactory.fromBuiltInRule(RuleSourceFactory.java:32)
	at de.uka.ilkd.key.proof.io.RuleSourceFactory.fromDefaultLocation(RuleSourceFactory.java:21)
	at de.uka.ilkd.key.nparser.builder.IncludeFinder.addInclude(IncludeFinder.java:63)
	at de.uka.ilkd.key.nparser.builder.IncludeFinder.visitOne_include(IncludeFinder.java:43)
	at de.uka.ilkd.key.nparser.builder.IncludeFinder.visitOne_include(IncludeFinder.java:20)
	at de.uka.ilkd.key.nparser.KeYParser$One_includeContext.accept(KeYParser.java:878)
	at de.uka.ilkd.key.nparser.builder.AbstractBuilder.lambda$mapOf$0(AbstractBuilder.java:112)
	at java.base/java.util.stream.ReferencePipeline$3$1.accept(ReferencePipeline.java:195)
	at java.base/java.util.ArrayList$ArrayListSpliterator.forEachRemaining(ArrayList.java:1655)
	at java.base/java.util.stream.AbstractPipeline.copyInto(AbstractPipeline.java:484)
	at java.base/java.util.stream.AbstractPipeline.wrapAndCopyInto(AbstractPipeline.java:474)
	at java.base/java.util.stream.ReduceOps$ReduceOp.evaluateSequential(ReduceOps.java:913)
	at java.base/java.util.stream.AbstractPipeline.evaluate(AbstractPipeline.java:234)
	at java.base/java.util.stream.ReferencePipeline.collect(ReferencePipeline.java:578)
	at de.uka.ilkd.key.nparser.builder.AbstractBuilder.mapOf(AbstractBuilder.java:112)
	at de.uka.ilkd.key.nparser.builder.IncludeFinder.visitOne_include_statement(IncludeFinder.java:35)
	at de.uka.ilkd.key.nparser.builder.IncludeFinder.visitOne_include_statement(IncludeFinder.java:20)
	at de.uka.ilkd.key.nparser.KeYParser$One_include_statementContext.accept(KeYParser.java:802)
	at org.antlr.v4.runtime.tree.AbstractParseTreeVisitor.visitChildren(AbstractParseTreeVisitor.java:46)
	at de.uka.ilkd.key.nparser.KeYParserBaseVisitor.visitDecls(KeYParserBaseVisitor.java:30)
	at de.uka.ilkd.key.nparser.KeYParser$DeclsContext.accept(KeYParser.java:500)
	at org.antlr.v4.runtime.tree.AbstractParseTreeVisitor.visitChildren(AbstractParseTreeVisitor.java:46)
	at de.uka.ilkd.key.nparser.KeYParserBaseVisitor.visitFile(KeYParserBaseVisitor.java:23)
	at de.uka.ilkd.key.nparser.KeYParser$FileContext.accept(KeYParser.java:306)
	at de.uka.ilkd.key.nparser.KeyAst.accept(KeyAst.java:41)
	at de.uka.ilkd.key.nparser.KeyAst$File.getIncludes(KeyAst.java:76)
	at de.uka.ilkd.key.proof.io.KeYFile.readIncludes(KeYFile.java:208)
	... 14 more
Could not find rule file rules/intRulesCheckedSemantics.key (file: /home/runner/work/key/key/key.core/../key.ui/examples/index/.././heap/permissions/threads/Fib_Fib.key; caused by: de.uka.ilkd.key.proof.init.ProofInputException: Could not find rule file rules/intRulesCheckedSemantics.key)
	at de.uka.ilkd.key.control.AbstractUserInterfaceControl.load(AbstractUserInterfaceControl.java:221)
	at de.uka.ilkd.key.control.KeYEnvironment.load(KeYEnvironment.java:251)
	at de.uka.ilkd.key.control.KeYEnvironment.load(KeYEnvironment.java:224)
	at de.uka.ilkd.key.control.KeYEnvironment.load(KeYEnvironment.java:184)
	at de.uka.ilkd.key.control.KeYEnvironment.load(KeYEnvironment.java:261)
	at de.uka.ilkd.key.proof.runallproofs.proofcollection.TestFile.load(TestFile.java:270)
	at de.uka.ilkd.key.proof.runallproofs.proofcollection.TestFile.runKey(TestFile.java:160)
	at de.uka.ilkd.key.proof.runallproofs.proofcollection.ForkedTestFileRunner.main(ForkedTestFileRunner.java:171)
Caused by: de.uka.ilkd.key.proof.init.ProofInputException: Could not find rule file rules/intRulesCheckedSemantics.key
	at de.uka.ilkd.key.proof.io.KeYFile.readIncludes(KeYFile.java:210)
	at de.uka.ilkd.key.proof.init.ProblemInitializer.readIncludes(ProblemInitializer.java:177)
	at de.uka.ilkd.key.proof.init.ProblemInitializer.readEnvInput(ProblemInitializer.java:325)
	at de.uka.ilkd.key.proof.init.ProblemInitializer.prepare(ProblemInitializer.java:449)
	at de.uka.ilkd.key.proof.io.AbstractProblemLoader.createInitConfig(AbstractProblemLoader.java:518)
	at de.uka.ilkd.key.proof.io.AbstractProblemLoader.loadEnvironment(AbstractProblemLoader.java:288)
	at de.uka.ilkd.key.proof.io.AbstractProblemLoader.load(AbstractProblemLoader.java:252)
	at de.uka.ilkd.key.control.AbstractUserInterfaceControl.load(AbstractUserInterfaceControl.java:209)
	... 7 more
Caused by: java.lang.RuntimeException: Could not find rule file rules/intRulesCheckedSemantics.key
	at de.uka.ilkd.key.proof.io.RuleSourceFactory.fromBuiltInRule(RuleSourceFactory.java:32)
	at de.uka.ilkd.key.proof.io.RuleSourceFactory.fromDefaultLocation(RuleSourceFactory.java:21)
	at de.uka.ilkd.key.nparser.builder.IncludeFinder.addInclude(IncludeFinder.java:63)
	at de.uka.ilkd.key.nparser.builder.IncludeFinder.visitOne_include(IncludeFinder.java:43)
	at de.uka.ilkd.key.nparser.builder.IncludeFinder.visitOne_include(IncludeFinder.java:20)
	at de.uka.ilkd.key.nparser.KeYParser$One_includeContext.accept(KeYParser.java:878)
	at de.uka.ilkd.key.nparser.builder.AbstractBuilder.lambda$mapOf$0(AbstractBuilder.java:112)
	at java.base/java.util.stream.ReferencePipeline$3$1.accept(ReferencePipeline.java:195)
	at java.base/java.util.ArrayList$ArrayListSpliterator.forEachRemaining(ArrayList.java:1655)
	at java.base/java.util.stream.AbstractPipeline.copyInto(AbstractPipeline.java:484)
	at java.base/java.util.stream.AbstractPipeline.wrapAndCopyInto(AbstractPipeline.java:474)
	at java.base/java.util.stream.ReduceOps$ReduceOp.evaluateSequential(ReduceOps.java:913)
	at java.base/java.util.stream.AbstractPipeline.evaluate(AbstractPipeline.java:234)
	at java.base/java.util.stream.ReferencePipeline.collect(ReferencePipeline.java:578)
	at de.uka.ilkd.key.nparser.builder.AbstractBuilder.mapOf(AbstractBuilder.java:112)
	at de.uka.ilkd.key.nparser.builder.IncludeFinder.visitOne_include_statement(IncludeFinder.java:35)
	at de.uka.ilkd.key.nparser.builder.IncludeFinder.visitOne_include_statement(IncludeFinder.java:20)
	at de.uka.ilkd.key.nparser.KeYParser$One_include_statementContext.accept(KeYParser.java:802)
	at org.antlr.v4.runtime.tree.AbstractParseTreeVisitor.visitChildren(AbstractParseTreeVisitor.java:46)
	at de.uka.ilkd.key.nparser.KeYParserBaseVisitor.visitDecls(KeYParserBaseVisitor.java:30)
	at de.uka.ilkd.key.nparser.KeYParser$DeclsContext.accept(KeYParser.java:500)
	at org.antlr.v4.runtime.tree.AbstractParseTreeVisitor.visitChildren(AbstractParseTreeVisitor.java:46)
	at de.uka.ilkd.key.nparser.KeYParserBaseVisitor.visitFile(KeYParserBaseVisitor.java:23)
	at de.uka.ilkd.key.nparser.KeYParser$FileContext.accept(KeYParser.java:306)
	at de.uka.ilkd.key.nparser.KeyAst.accept(KeyAst.java:41)
	at de.uka.ilkd.key.nparser.KeyAst$File.getIncludes(KeyAst.java:76)
	at de.uka.ilkd.key.proof.io.KeYFile.readIncludes(KeYFile.java:208)
	... 14 more
Could not find rule file rules/intRulesCheckedSemantics.key (file: /home/runner/work/key/key/key.core/../key.ui/examples/index/.././heap/permissions/threads/Fib_initPost_accessible.key; caused by: de.uka.ilkd.key.proof.init.ProofInputException: Could not find rule file rules/intRulesCheckedSemantics.key)
	at de.uka.ilkd.key.control.AbstractUserInterfaceControl.load(AbstractUserInterfaceControl.java:221)
	at de.uka.ilkd.key.control.KeYEnvironment.load(KeYEnvironment.java:251)
	at de.uka.ilkd.key.control.KeYEnvironment.load(KeYEnvironment.java:224)
	at de.uka.ilkd.key.control.KeYEnvironment.load(KeYEnvironment.java:184)
	at de.uka.ilkd.key.control.KeYEnvironment.load(KeYEnvironment.java:261)
	at de.uka.ilkd.key.proof.runallproofs.proofcollection.TestFile.load(TestFile.java:270)
	at de.uka.ilkd.key.proof.runallproofs.proofcollection.TestFile.runKey(TestFile.java:160)
	at de.uka.ilkd.key.proof.runallproofs.proofcollection.ForkedTestFileRunner.main(ForkedTestFileRunner.java:171)
Caused by: de.uka.ilkd.key.proof.init.ProofInputException: Could not find rule file rules/intRulesCheckedSemantics.key
	at de.uka.ilkd.key.proof.io.KeYFile.readIncludes(KeYFile.java:210)
	at de.uka.ilkd.key.proof.init.ProblemInitializer.readIncludes(ProblemInitializer.java:177)
	at de.uka.ilkd.key.proof.init.ProblemInitializer.readEnvInput(ProblemInitializer.java:325)
	at de.uka.ilkd.key.proof.init.ProblemInitializer.prepare(ProblemInitializer.java:449)
	at de.uka.ilkd.key.proof.io.AbstractProblemLoader.createInitConfig(AbstractProblemLoader.java:518)
	at de.uka.ilkd.key.proof.io.AbstractProblemLoader.loadEnvironment(AbstractProblemLoader.java:288)
	at de.uka.ilkd.key.proof.io.AbstractProblemLoader.load(AbstractProblemLoader.java:252)
	at de.uka.ilkd.key.control.AbstractUserInterfaceControl.load(AbstractUserInterfaceControl.java:209)
	... 7 more
Caused by: java.lang.RuntimeException: Could not find rule file rules/intRulesCheckedSemantics.key
	at de.uka.ilkd.key.proof.io.RuleSourceFactory.fromBuiltInRule(RuleSourceFactory.java:32)
	at de.uka.ilkd.key.proof.io.RuleSourceFactory.fromDefaultLocation(RuleSourceFactory.java:21)
	at de.uka.ilkd.key.nparser.builder.IncludeFinder.addInclude(IncludeFinder.java:63)
	at de.uka.ilkd.key.nparser.builder.IncludeFinder.visitOne_include(IncludeFinder.java:43)
	at de.uka.ilkd.key.nparser.builder.IncludeFinder.visitOne_include(IncludeFinder.java:20)
	at de.uka.ilkd.key.nparser.KeYParser$One_includeContext.accept(KeYParser.java:878)
	at de.uka.ilkd.key.nparser.builder.AbstractBuilder.lambda$mapOf$0(AbstractBuilder.java:112)
	at java.base/java.util.stream.ReferencePipeline$3$1.accept(ReferencePipeline.java:195)
	at java.base/java.util.ArrayList$ArrayListSpliterator.forEachRemaining(ArrayList.java:1655)
	at java.base/java.util.stream.AbstractPipeline.copyInto(AbstractPipeline.java:484)
	at java.base/java.util.stream.AbstractPipeline.wrapAndCopyInto(AbstractPipeline.java:474)
	at java.base/java.util.stream.ReduceOps$ReduceOp.evaluateSequential(ReduceOps.java:913)
	at java.base/java.util.stream.AbstractPipeline.evaluate(AbstractPipeline.java:234)
	at java.base/java.util.stream.ReferencePipeline.collect(ReferencePipeline.java:578)
	at de.uka.ilkd.key.nparser.builder.AbstractBuilder.mapOf(AbstractBuilder.java:112)
	at de.uka.ilkd.key.nparser.builder.IncludeFinder.visitOne_include_statement(IncludeFinder.java:35)
	at de.uka.ilkd.key.nparser.builder.IncludeFinder.visitOne_include_statement(IncludeFinder.java:20)
	at de.uka.ilkd.key.nparser.KeYParser$One_include_statementContext.accept(KeYParser.java:802)
	at org.antlr.v4.runtime.tree.AbstractParseTreeVisitor.visitChildren(AbstractParseTreeVisitor.java:46)
	at de.uka.ilkd.key.nparser.KeYParserBaseVisitor.visitDecls(KeYParserBaseVisitor.java:30)
	at de.uka.ilkd.key.nparser.KeYParser$DeclsContext.accept(KeYParser.java:500)
	at org.antlr.v4.runtime.tree.AbstractParseTreeVisitor.visitChildren(AbstractParseTreeVisitor.java:46)
	at de.uka.ilkd.key.nparser.KeYParserBaseVisitor.visitFile(KeYParserBaseVisitor.java:23)
	at de.uka.ilkd.key.nparser.KeYParser$FileContext.accept(KeYParser.java:306)
	at de.uka.ilkd.key.nparser.KeyAst.accept(KeyAst.java:41)
	at de.uka.ilkd.key.nparser.KeyAst$File.getIncludes(KeyAst.java:76)
	at de.uka.ilkd.key.proof.io.KeYFile.readIncludes(KeYFile.java:208)
	... 14 more
Could not find rule file rules/intRulesCheckedSemantics.key (file: /home/runner/work/key/key/key.core/../key.ui/examples/index/.././heap/permissions/threads/Fib_inv1_accessible.key; caused by: de.uka.ilkd.key.proof.init.ProofInputException: Could not find rule file rules/intRulesCheckedSemantics.key)
	at de.uka.ilkd.key.control.AbstractUserInterfaceControl.load(AbstractUserInterfaceControl.java:221)
	at de.uka.ilkd.key.control.KeYEnvironment.load(KeYEnvironment.java:251)
	at de.uka.ilkd.key.control.KeYEnvironment.load(KeYEnvironment.java:224)
	at de.uka.ilkd.key.control.KeYEnvironment.load(KeYEnvironment.java:184)
	at de.uka.ilkd.key.control.KeYEnvironment.load(KeYEnvironment.java:261)
	at de.uka.ilkd.key.proof.runallproofs.proofcollection.TestFile.load(TestFile.java:270)
	at de.uka.ilkd.key.proof.runallproofs.proofcollection.TestFile.runKey(TestFile.java:160)
	at de.uka.ilkd.key.proof.runallproofs.proofcollection.ForkedTestFileRunner.main(ForkedTestFileRunner.java:171)
Caused by: de.uka.ilkd.key.proof.init.ProofInputException: Could not find rule file rules/intRulesCheckedSemantics.key
	at de.uka.ilkd.key.proof.io.KeYFile.readIncludes(KeYFile.java:210)
	at de.uka.ilkd.key.proof.init.ProblemInitializer.readIncludes(ProblemInitializer.java:177)
	at de.uka.ilkd.key.proof.init.ProblemInitializer.readEnvInput(ProblemInitializer.java:325)
	at de.uka.ilkd.key.proof.init.ProblemInitializer.prepare(ProblemInitializer.java:449)
	at de.uka.ilkd.key.proof.io.AbstractProblemLoader.createInitConfig(AbstractProblemLoader.java:518)
	at de.uka.ilkd.key.proof.io.AbstractProblemLoader.loadEnvironment(AbstractProblemLoader.java:288)
	at de.uka.ilkd.key.proof.io.AbstractProblemLoader.load(AbstractProblemLoader.java:252)
	at de.uka.ilkd.key.control.AbstractUserInterfaceControl.load(AbstractUserInterfaceControl.java:209)
	... 7 more
Caused by: java.lang.RuntimeException: Could not find rule file rules/intRulesCheckedSemantics.key
	at de.uka.ilkd.key.proof.io.RuleSourceFactory.fromBuiltInRule(RuleSourceFactory.java:32)
	at de.uka.ilkd.key.proof.io.RuleSourceFactory.fromDefaultLocation(RuleSourceFactory.java:21)
	at de.uka.ilkd.key.nparser.builder.IncludeFinder.addInclude(IncludeFinder.java:63)
	at de.uka.ilkd.key.nparser.builder.IncludeFinder.visitOne_include(IncludeFinder.java:43)
	at de.uka.ilkd.key.nparser.builder.IncludeFinder.visitOne_include(IncludeFinder.java:20)
	at de.uka.ilkd.key.nparser.KeYParser$One_includeContext.accept(KeYParser.java:878)
	at de.uka.ilkd.key.nparser.builder.AbstractBuilder.lambda$mapOf$0(AbstractBuilder.java:112)
	at java.base/java.util.stream.ReferencePipeline$3$1.accept(ReferencePipeline.java:195)
	at java.base/java.util.ArrayList$ArrayListSpliterator.forEachRemaining(ArrayList.java:1655)
	at java.base/java.util.stream.AbstractPipeline.copyInto(AbstractPipeline.java:484)
	at java.base/java.util.stream.AbstractPipeline.wrapAndCopyInto(AbstractPipeline.java:474)
	at java.base/java.util.stream.ReduceOps$ReduceOp.evaluateSequential(ReduceOps.java:913)
	at java.base/java.util.stream.AbstractPipeline.evaluate(AbstractPipeline.java:234)
	at java.base/java.util.stream.ReferencePipeline.collect(ReferencePipeline.java:578)
	at de.uka.ilkd.key.nparser.builder.AbstractBuilder.mapOf(AbstractBuilder.java:112)
	at de.uka.ilkd.key.nparser.builder.IncludeFinder.visitOne_include_statement(IncludeFinder.java:35)
	at de.uka.ilkd.key.nparser.builder.IncludeFinder.visitOne_include_statement(IncludeFinder.java:20)
	at de.uka.ilkd.key.nparser.KeYParser$One_include_statementContext.accept(KeYParser.java:802)
	at org.antlr.v4.runtime.tree.AbstractParseTreeVisitor.visitChildren(AbstractParseTreeVisitor.java:46)
	at de.uka.ilkd.key.nparser.KeYParserBaseVisitor.visitDecls(KeYParserBaseVisitor.java:30)
	at de.uka.ilkd.key.nparser.KeYParser$DeclsContext.accept(KeYParser.java:500)
	at org.antlr.v4.runtime.tree.AbstractParseTreeVisitor.visitChildren(AbstractParseTreeVisitor.java:46)
	at de.uka.ilkd.key.nparser.KeYParserBaseVisitor.visitFile(KeYParserBaseVisitor.java:23)
	at de.uka.ilkd.key.nparser.KeYParser$FileContext.accept(KeYParser.java:306)
	at de.uka.ilkd.key.nparser.KeyAst.accept(KeyAst.java:41)
	at de.uka.ilkd.key.nparser.KeyAst$File.getIncludes(KeyAst.java:76)
	at de.uka.ilkd.key.proof.io.KeYFile.readIncludes(KeYFile.java:208)
	... 14 more
Could not find rule file rules/intRulesCheckedSemantics.key (file: /home/runner/work/key/key/key.core/../key.ui/examples/index/.././heap/permissions/threads/Fib_inv2_accessible.key; caused by: de.uka.ilkd.key.proof.init.ProofInputException: Could not find rule file rules/intRulesCheckedSemantics.key)
	at de.uka.ilkd.key.control.AbstractUserInterfaceControl.load(AbstractUserInterfaceControl.java:221)
	at de.uka.ilkd.key.control.KeYEnvironment.load(KeYEnvironment.java:251)
	at de.uka.ilkd.key.control.KeYEnvironment.load(KeYEnvironment.java:224)
	at de.uka.ilkd.key.control.KeYEnvironment.load(KeYEnvironment.java:184)
	at de.uka.ilkd.key.control.KeYEnvironment.load(KeYEnvironment.java:261)
	at de.uka.ilkd.key.proof.runallproofs.proofcollection.TestFile.load(TestFile.java:270)
	at de.uka.ilkd.key.proof.runallproofs.proofcollection.TestFile.runKey(TestFile.java:160)
	at de.uka.ilkd.key.proof.runallproofs.proofcollection.ForkedTestFileRunner.main(ForkedTestFileRunner.java:171)
Caused by: de.uka.ilkd.key.proof.init.ProofInputException: Could not find rule file rules/intRulesCheckedSemantics.key
	at de.uka.ilkd.key.proof.io.KeYFile.readIncludes(KeYFile.java:210)
	at de.uka.ilkd.key.proof.init.ProblemInitializer.readIncludes(ProblemInitializer.java:177)
	at de.uka.ilkd.key.proof.init.ProblemInitializer.readEnvInput(ProblemInitializer.java:325)
	at de.uka.ilkd.key.proof.init.ProblemInitializer.prepare(ProblemInitializer.java:449)
	at de.uka.ilkd.key.proof.io.AbstractProblemLoader.createInitConfig(AbstractProblemLoader.java:518)
	at de.uka.ilkd.key.proof.io.AbstractProblemLoader.loadEnvironment(AbstractProblemLoader.java:288)
	at de.uka.ilkd.key.proof.io.AbstractProblemLoader.load(AbstractProblemLoader.java:252)
	at de.uka.ilkd.key.control.AbstractUserInterfaceControl.load(AbstractUserInterfaceControl.java:209)
	... 7 more
Caused by: java.lang.RuntimeException: Could not find rule file rules/intRulesCheckedSemantics.key
	at de.uka.ilkd.key.proof.io.RuleSourceFactory.fromBuiltInRule(RuleSourceFactory.java:32)
	at de.uka.ilkd.key.proof.io.RuleSourceFactory.fromDefaultLocation(RuleSourceFactory.java:21)
	at de.uka.ilkd.key.nparser.builder.IncludeFinder.addInclude(IncludeFinder.java:63)
	at de.uka.ilkd.key.nparser.builder.IncludeFinder.visitOne_include(IncludeFinder.java:43)
	at de.uka.ilkd.key.nparser.builder.IncludeFinder.visitOne_include(IncludeFinder.java:20)
	at de.uka.ilkd.key.nparser.KeYParser$One_includeContext.accept(KeYParser.java:878)
	at de.uka.ilkd.key.nparser.builder.AbstractBuilder.lambda$mapOf$0(AbstractBuilder.java:112)
	at java.base/java.util.stream.ReferencePipeline$3$1.accept(ReferencePipeline.java:195)
	at java.base/java.util.ArrayList$ArrayListSpliterator.forEachRemaining(ArrayList.java:1655)
	at java.base/java.util.stream.AbstractPipeline.copyInto(AbstractPipeline.java:484)
	at java.base/java.util.stream.AbstractPipeline.wrapAndCopyInto(AbstractPipeline.java:474)
	at java.base/java.util.stream.ReduceOps$ReduceOp.evaluateSequential(ReduceOps.java:913)
	at java.base/java.util.stream.AbstractPipeline.evaluate(AbstractPipeline.java:234)
	at java.base/java.util.stream.ReferencePipeline.collect(ReferencePipeline.java:578)
	at de.uka.ilkd.key.nparser.builder.AbstractBuilder.mapOf(AbstractBuilder.java:112)
	at de.uka.ilkd.key.nparser.builder.IncludeFinder.visitOne_include_statement(IncludeFinder.java:35)
	at de.uka.ilkd.key.nparser.builder.IncludeFinder.visitOne_include_statement(IncludeFinder.java:20)
	at de.uka.ilkd.key.nparser.KeYParser$One_include_statementContext.accept(KeYParser.java:802)
	at org.antlr.v4.runtime.tree.AbstractParseTreeVisitor.visitChildren(AbstractParseTreeVisitor.java:46)
	at de.uka.ilkd.key.nparser.KeYParserBaseVisitor.visitDecls(KeYParserBaseVisitor.java:30)
	at de.uka.ilkd.key.nparser.KeYParser$DeclsContext.accept(KeYParser.java:500)
	at org.antlr.v4.runtime.tree.AbstractParseTreeVisitor.visitChildren(AbstractParseTreeVisitor.java:46)
	at de.uka.ilkd.key.nparser.KeYParserBaseVisitor.visitFile(KeYParserBaseVisitor.java:23)
	at de.uka.ilkd.key.nparser.KeYParser$FileContext.accept(KeYParser.java:306)
	at de.uka.ilkd.key.nparser.KeyAst.accept(KeyAst.java:41)
	at de.uka.ilkd.key.nparser.KeyAst$File.getIncludes(KeyAst.java:76)
	at de.uka.ilkd.key.proof.io.KeYFile.readIncludes(KeYFile.java:208)
	... 14 more
Could not find rule file rules/intRulesCheckedSemantics.key (file: /home/runner/work/key/key/key.core/../key.ui/examples/index/.././heap/permissions/threads/Fib_joinTransfer_accessible.key; caused by: de.uka.ilkd.key.proof.init.ProofInputException: Could not find rule file rules/intRulesCheckedSemantics.key)
	at de.uka.ilkd.key.control.AbstractUserInterfaceControl.load(AbstractUserInterfaceControl.java:221)
	at de.uka.ilkd.key.control.KeYEnvironment.load(KeYEnvironment.java:251)
	at de.uka.ilkd.key.control.KeYEnvironment.load(KeYEnvironment.java:224)
	at de.uka.ilkd.key.control.KeYEnvironment.load(KeYEnvironment.java:184)
	at de.uka.ilkd.key.control.KeYEnvironment.load(KeYEnvironment.java:261)
	at de.uka.ilkd.key.proof.runallproofs.proofcollection.TestFile.load(TestFile.java:270)
	at de.uka.ilkd.key.proof.runallproofs.proofcollection.TestFile.runKey(TestFile.java:160)
	at de.uka.ilkd.key.proof.runallproofs.proofcollection.ForkedTestFileRunner.main(ForkedTestFileRunner.java:171)
Caused by: de.uka.ilkd.key.proof.init.ProofInputException: Could not find rule file rules/intRulesCheckedSemantics.key
	at de.uka.ilkd.key.proof.io.KeYFile.readIncludes(KeYFile.java:210)
	at de.uka.ilkd.key.proof.init.ProblemInitializer.readIncludes(ProblemInitializer.java:177)
	at de.uka.ilkd.key.proof.init.ProblemInitializer.readEnvInput(ProblemInitializer.java:325)
	at de.uka.ilkd.key.proof.init.ProblemInitializer.prepare(ProblemInitializer.java:449)
	at de.uka.ilkd.key.proof.io.AbstractProblemLoader.createInitConfig(AbstractProblemLoader.java:518)
	at de.uka.ilkd.key.proof.io.AbstractProblemLoader.loadEnvironment(AbstractProblemLoader.java:288)
	at de.uka.ilkd.key.proof.io.AbstractProblemLoader.load(AbstractProblemLoader.java:252)
	at de.uka.ilkd.key.control.AbstractUserInterfaceControl.load(AbstractUserInterfaceControl.java:209)
	... 7 more
Caused by: java.lang.RuntimeException: Could not find rule file rules/intRulesCheckedSemantics.key
	at de.uka.ilkd.key.proof.io.RuleSourceFactory.fromBuiltInRule(RuleSourceFactory.java:32)
	at de.uka.ilkd.key.proof.io.RuleSourceFactory.fromDefaultLocation(RuleSourceFactory.java:21)
	at de.uka.ilkd.key.nparser.builder.IncludeFinder.addInclude(IncludeFinder.java:63)
	at de.uka.ilkd.key.nparser.builder.IncludeFinder.visitOne_include(IncludeFinder.java:43)
	at de.uka.ilkd.key.nparser.builder.IncludeFinder.visitOne_include(IncludeFinder.java:20)
	at de.uka.ilkd.key.nparser.KeYParser$One_includeContext.accept(KeYParser.java:878)
	at de.uka.ilkd.key.nparser.builder.AbstractBuilder.lambda$mapOf$0(AbstractBuilder.java:112)
	at java.base/java.util.stream.ReferencePipeline$3$1.accept(ReferencePipeline.java:195)
	at java.base/java.util.ArrayList$ArrayListSpliterator.forEachRemaining(ArrayList.java:1655)
	at java.base/java.util.stream.AbstractPipeline.copyInto(AbstractPipeline.java:484)
	at java.base/java.util.stream.AbstractPipeline.wrapAndCopyInto(AbstractPipeline.java:474)
	at java.base/java.util.stream.ReduceOps$ReduceOp.evaluateSequential(ReduceOps.java:913)
	at java.base/java.util.stream.AbstractPipeline.evaluate(AbstractPipeline.java:234)
	at java.base/java.util.stream.ReferencePipeline.collect(ReferencePipeline.java:578)
	at de.uka.ilkd.key.nparser.builder.AbstractBuilder.mapOf(AbstractBuilder.java:112)
	at de.uka.ilkd.key.nparser.builder.IncludeFinder.visitOne_include_statement(IncludeFinder.java:35)
	at de.uka.ilkd.key.nparser.builder.IncludeFinder.visitOne_include_statement(IncludeFinder.java:20)
	at de.uka.ilkd.key.nparser.KeYParser$One_include_statementContext.accept(KeYParser.java:802)
	at org.antlr.v4.runtime.tree.AbstractParseTreeVisitor.visitChildren(AbstractParseTreeVisitor.java:46)
	at de.uka.ilkd.key.nparser.KeYParserBaseVisitor.visitDecls(KeYParserBaseVisitor.java:30)
	at de.uka.ilkd.key.nparser.KeYParser$DeclsContext.accept(KeYParser.java:500)
	at org.antlr.v4.runtime.tree.AbstractParseTreeVisitor.visitChildren(AbstractParseTreeVisitor.java:46)
	at de.uka.ilkd.key.nparser.KeYParserBaseVisitor.visitFile(KeYParserBaseVisitor.java:23)
	at de.uka.ilkd.key.nparser.KeYParser$FileContext.accept(KeYParser.java:306)
	at de.uka.ilkd.key.nparser.KeyAst.accept(KeyAst.java:41)
	at de.uka.ilkd.key.nparser.KeyAst$File.getIncludes(KeyAst.java:76)
	at de.uka.ilkd.key.proof.io.KeYFile.readIncludes(KeYFile.java:208)
	... 14 more
Could not find rule file rules/intRulesCheckedSemantics.key (file: /home/runner/work/key/key/key.core/../key.ui/examples/index/.././heap/permissions/threads/Fib_joinTransfer_contract.key; caused by: de.uka.ilkd.key.proof.init.ProofInputException: Could not find rule file rules/intRulesCheckedSemantics.key)
	at de.uka.ilkd.key.control.AbstractUserInterfaceControl.load(AbstractUserInterfaceControl.java:221)
	at de.uka.ilkd.key.control.KeYEnvironment.load(KeYEnvironment.java:251)
	at de.uka.ilkd.key.control.KeYEnvironment.load(KeYEnvironment.java:224)
	at de.uka.ilkd.key.control.KeYEnvironment.load(KeYEnvironment.java:184)
	at de.uka.ilkd.key.control.KeYEnvironment.load(KeYEnvironment.java:261)
	at de.uka.ilkd.key.proof.runallproofs.proofcollection.TestFile.load(TestFile.java:270)
	at de.uka.ilkd.key.proof.runallproofs.proofcollection.TestFile.runKey(TestFile.java:160)
	at de.uka.ilkd.key.proof.runallproofs.proofcollection.ForkedTestFileRunner.main(ForkedTestFileRunner.java:171)
Caused by: de.uka.ilkd.key.proof.init.ProofInputException: Could not find rule file rules/intRulesCheckedSemantics.key
	at de.uka.ilkd.key.proof.io.KeYFile.readIncludes(KeYFile.java:210)
	at de.uka.ilkd.key.proof.init.ProblemInitializer.readIncludes(ProblemInitializer.java:177)
	at de.uka.ilkd.key.proof.init.ProblemInitializer.readEnvInput(ProblemInitializer.java:325)
	at de.uka.ilkd.key.proof.init.ProblemInitializer.prepare(ProblemInitializer.java:449)
	at de.uka.ilkd.key.proof.io.AbstractProblemLoader.createInitConfig(AbstractProblemLoader.java:518)
	at de.uka.ilkd.key.proof.io.AbstractProblemLoader.loadEnvironment(AbstractProblemLoader.java:288)
	at de.uka.ilkd.key.proof.io.AbstractProblemLoader.load(AbstractProblemLoader.java:252)
	at de.uka.ilkd.key.control.AbstractUserInterfaceControl.load(AbstractUserInterfaceControl.java:209)
	... 7 more
Caused by: java.lang.RuntimeException: Could not find rule file rules/intRulesCheckedSemantics.key
	at de.uka.ilkd.key.proof.io.RuleSourceFactory.fromBuiltInRule(RuleSourceFactory.java:32)
	at de.uka.ilkd.key.proof.io.RuleSourceFactory.fromDefaultLocation(RuleSourceFactory.java:21)
	at de.uka.ilkd.key.nparser.builder.IncludeFinder.addInclude(IncludeFinder.java:63)
	at de.uka.ilkd.key.nparser.builder.IncludeFinder.visitOne_include(IncludeFinder.java:43)
	at de.uka.ilkd.key.nparser.builder.IncludeFinder.visitOne_include(IncludeFinder.java:20)
	at de.uka.ilkd.key.nparser.KeYParser$One_includeContext.accept(KeYParser.java:878)
	at de.uka.ilkd.key.nparser.builder.AbstractBuilder.lambda$mapOf$0(AbstractBuilder.java:112)
	at java.base/java.util.stream.ReferencePipeline$3$1.accept(ReferencePipeline.java:195)
	at java.base/java.util.ArrayList$ArrayListSpliterator.forEachRemaining(ArrayList.java:1655)
	at java.base/java.util.stream.AbstractPipeline.copyInto(AbstractPipeline.java:484)
	at java.base/java.util.stream.AbstractPipeline.wrapAndCopyInto(AbstractPipeline.java:474)
	at java.base/java.util.stream.ReduceOps$ReduceOp.evaluateSequential(ReduceOps.java:913)
	at java.base/java.util.stream.AbstractPipeline.evaluate(AbstractPipeline.java:234)
	at java.base/java.util.stream.ReferencePipeline.collect(ReferencePipeline.java:578)
	at de.uka.ilkd.key.nparser.builder.AbstractBuilder.mapOf(AbstractBuilder.java:112)
	at de.uka.ilkd.key.nparser.builder.IncludeFinder.visitOne_include_statement(IncludeFinder.java:35)
	at de.uka.ilkd.key.nparser.builder.IncludeFinder.visitOne_include_statement(IncludeFinder.java:20)
	at de.uka.ilkd.key.nparser.KeYParser$One_include_statementContext.accept(KeYParser.java:802)
	at org.antlr.v4.runtime.tree.AbstractParseTreeVisitor.visitChildren(AbstractParseTreeVisitor.java:46)
	at de.uka.ilkd.key.nparser.KeYParserBaseVisitor.visitDecls(KeYParserBaseVisitor.java:30)
	at de.uka.ilkd.key.nparser.KeYParser$DeclsContext.accept(KeYParser.java:500)
	at org.antlr.v4.runtime.tree.AbstractParseTreeVisitor.visitChildren(AbstractParseTreeVisitor.java:46)
	at de.uka.ilkd.key.nparser.KeYParserBaseVisitor.visitFile(KeYParserBaseVisitor.java:23)
	at de.uka.ilkd.key.nparser.KeYParser$FileContext.accept(KeYParser.java:306)
	at de.uka.ilkd.key.nparser.KeyAst.accept(KeyAst.java:41)
	at de.uka.ilkd.key.nparser.KeyAst$File.getIncludes(KeyAst.java:76)
	at de.uka.ilkd.key.proof.io.KeYFile.readIncludes(KeYFile.java:208)
	... 14 more
Could not find rule file rules/intRulesCheckedSemantics.key (file: /home/runner/work/key/key/key.core/../key.ui/examples/index/.././heap/permissions/threads/Fib_postJoin_accessible.key; caused by: de.uka.ilkd.key.proof.init.ProofInputException: Could not find rule file rules/intRulesCheckedSemantics.key)
	at de.uka.ilkd.key.control.AbstractUserInterfaceControl.load(AbstractUserInterfaceControl.java:221)
	at de.uka.ilkd.key.control.KeYEnvironment.load(KeYEnvironment.java:251)
	at de.uka.ilkd.key.control.KeYEnvironment.load(KeYEnvironment.java:224)
	at de.uka.ilkd.key.control.KeYEnvironment.load(KeYEnvironment.java:184)
	at de.uka.ilkd.key.control.KeYEnvironment.load(KeYEnvironment.java:261)
	at de.uka.ilkd.key.proof.runallproofs.proofcollection.TestFile.load(TestFile.java:270)
	at de.uka.ilkd.key.proof.runallproofs.proofcollection.TestFile.runKey(TestFile.java:160)
	at de.uka.ilkd.key.proof.runallproofs.proofcollection.ForkedTestFileRunner.main(ForkedTestFileRunner.java:171)
Caused by: de.uka.ilkd.key.proof.init.ProofInputException: Could not find rule file rules/intRulesCheckedSemantics.key
	at de.uka.ilkd.key.proof.io.KeYFile.readIncludes(KeYFile.java:210)
	at de.uka.ilkd.key.proof.init.ProblemInitializer.readIncludes(ProblemInitializer.java:177)
	at de.uka.ilkd.key.proof.init.ProblemInitializer.readEnvInput(ProblemInitializer.java:325)
	at de.uka.ilkd.key.proof.init.ProblemInitializer.prepare(ProblemInitializer.java:449)
	at de.uka.ilkd.key.proof.io.AbstractProblemLoader.createInitConfig(AbstractProblemLoader.java:518)
	at de.uka.ilkd.key.proof.io.AbstractProblemLoader.loadEnvironment(AbstractProblemLoader.java:288)
	at de.uka.ilkd.key.proof.io.AbstractProblemLoader.load(AbstractProblemLoader.java:252)
	at de.uka.ilkd.key.control.AbstractUserInterfaceControl.load(AbstractUserInterfaceControl.java:209)
	... 7 more
Caused by: java.lang.RuntimeException: Could not find rule file rules/intRulesCheckedSemantics.key
	at de.uka.ilkd.key.proof.io.RuleSourceFactory.fromBuiltInRule(RuleSourceFactory.java:32)
	at de.uka.ilkd.key.proof.io.RuleSourceFactory.fromDefaultLocation(RuleSourceFactory.java:21)
	at de.uka.ilkd.key.nparser.builder.IncludeFinder.addInclude(IncludeFinder.java:63)
	at de.uka.ilkd.key.nparser.builder.IncludeFinder.visitOne_include(IncludeFinder.java:43)
	at de.uka.ilkd.key.nparser.builder.IncludeFinder.visitOne_include(IncludeFinder.java:20)
	at de.uka.ilkd.key.nparser.KeYParser$One_includeContext.accept(KeYParser.java:878)
	at de.uka.ilkd.key.nparser.builder.AbstractBuilder.lambda$mapOf$0(AbstractBuilder.java:112)
	at java.base/java.util.stream.ReferencePipeline$3$1.accept(ReferencePipeline.java:195)
	at java.base/java.util.ArrayList$ArrayListSpliterator.forEachRemaining(ArrayList.java:1655)
	at java.base/java.util.stream.AbstractPipeline.copyInto(AbstractPipeline.java:484)
	at java.base/java.util.stream.AbstractPipeline.wrapAndCopyInto(AbstractPipeline.java:474)
	at java.base/java.util.stream.ReduceOps$ReduceOp.evaluateSequential(ReduceOps.java:913)
	at java.base/java.util.stream.AbstractPipeline.evaluate(AbstractPipeline.java:234)
	at java.base/java.util.stream.ReferencePipeline.collect(ReferencePipeline.java:578)
	at de.uka.ilkd.key.nparser.builder.AbstractBuilder.mapOf(AbstractBuilder.java:112)
	at de.uka.ilkd.key.nparser.builder.IncludeFinder.visitOne_include_statement(IncludeFinder.java:35)
	at de.uka.ilkd.key.nparser.builder.IncludeFinder.visitOne_include_statement(IncludeFinder.java:20)
	at de.uka.ilkd.key.nparser.KeYParser$One_include_statementContext.accept(KeYParser.java:802)
	at org.antlr.v4.runtime.tree.AbstractParseTreeVisitor.visitChildren(AbstractParseTreeVisitor.java:46)
	at de.uka.ilkd.key.nparser.KeYParserBaseVisitor.visitDecls(KeYParserBaseVisitor.java:30)
	at de.uka.ilkd.key.nparser.KeYParser$DeclsContext.accept(KeYParser.java:500)
	at org.antlr.v4.runtime.tree.AbstractParseTreeVisitor.visitChildren(AbstractParseTreeVisitor.java:46)
	at de.uka.ilkd.key.nparser.KeYParserBaseVisitor.visitFile(KeYParserBaseVisitor.java:23)
	at de.uka.ilkd.key.nparser.KeYParser$FileContext.accept(KeYParser.java:306)
	at de.uka.ilkd.key.nparser.KeyAst.accept(KeyAst.java:41)
	at de.uka.ilkd.key.nparser.KeyAst$File.getIncludes(KeyAst.java:76)
	at de.uka.ilkd.key.proof.io.KeYFile.readIncludes(KeYFile.java:208)
	... 14 more
Could not find rule file rules/intRulesCheckedSemantics.key (file: /home/runner/work/key/key/key.core/../key.ui/examples/index/.././heap/permissions/threads/Fib_preStart_accessible.key; caused by: de.uka.ilkd.key.proof.init.ProofInputException: Could not find rule file rules/intRulesCheckedSemantics.key)
	at de.uka.ilkd.key.control.AbstractUserInterfaceControl.load(AbstractUserInterfaceControl.java:221)
	at de.uka.ilkd.key.control.KeYEnvironment.load(KeYEnvironment.java:251)
	at de.uka.ilkd.key.control.KeYEnvironment.load(KeYEnvironment.java:224)
	at de.uka.ilkd.key.control.KeYEnvironment.load(KeYEnvironment.java:184)
	at de.uka.ilkd.key.control.KeYEnvironment.load(KeYEnvironment.java:261)
	at de.uka.ilkd.key.proof.runallproofs.proofcollection.TestFile.load(TestFile.java:270)
	at de.uka.ilkd.key.proof.runallproofs.proofcollection.TestFile.runKey(TestFile.java:160)
	at de.uka.ilkd.key.proof.runallproofs.proofcollection.ForkedTestFileRunner.main(ForkedTestFileRunner.java:171)
Caused by: de.uka.ilkd.key.proof.init.ProofInputException: Could not find rule file rules/intRulesCheckedSemantics.key
	at de.uka.ilkd.key.proof.io.KeYFile.readIncludes(KeYFile.java:210)
	at de.uka.ilkd.key.proof.init.ProblemInitializer.readIncludes(ProblemInitializer.java:177)
	at de.uka.ilkd.key.proof.init.ProblemInitializer.readEnvInput(ProblemInitializer.java:325)
	at de.uka.ilkd.key.proof.init.ProblemInitializer.prepare(ProblemInitializer.java:449)
	at de.uka.ilkd.key.proof.io.AbstractProblemLoader.createInitConfig(AbstractProblemLoader.java:518)
	at de.uka.ilkd.key.proof.io.AbstractProblemLoader.loadEnvironment(AbstractProblemLoader.java:288)
	at de.uka.ilkd.key.proof.io.AbstractProblemLoader.load(AbstractProblemLoader.java:252)
	at de.uka.ilkd.key.control.AbstractUserInterfaceControl.load(AbstractUserInterfaceControl.java:209)
	... 7 more
Caused by: java.lang.RuntimeException: Could not find rule file rules/intRulesCheckedSemantics.key
	at de.uka.ilkd.key.proof.io.RuleSourceFactory.fromBuiltInRule(RuleSourceFactory.java:32)
	at de.uka.ilkd.key.proof.io.RuleSourceFactory.fromDefaultLocation(RuleSourceFactory.java:21)
	at de.uka.ilkd.key.nparser.builder.IncludeFinder.addInclude(IncludeFinder.java:63)
	at de.uka.ilkd.key.nparser.builder.IncludeFinder.visitOne_include(IncludeFinder.java:43)
	at de.uka.ilkd.key.nparser.builder.IncludeFinder.visitOne_include(IncludeFinder.java:20)
	at de.uka.ilkd.key.nparser.KeYParser$One_includeContext.accept(KeYParser.java:878)
	at de.uka.ilkd.key.nparser.builder.AbstractBuilder.lambda$mapOf$0(AbstractBuilder.java:112)
	at java.base/java.util.stream.ReferencePipeline$3$1.accept(ReferencePipeline.java:195)
	at java.base/java.util.ArrayList$ArrayListSpliterator.forEachRemaining(ArrayList.java:1655)
	at java.base/java.util.stream.AbstractPipeline.copyInto(AbstractPipeline.java:484)
	at java.base/java.util.stream.AbstractPipeline.wrapAndCopyInto(AbstractPipeline.java:474)
	at java.base/java.util.stream.ReduceOps$ReduceOp.evaluateSequential(ReduceOps.java:913)
	at java.base/java.util.stream.AbstractPipeline.evaluate(AbstractPipeline.java:234)
	at java.base/java.util.stream.ReferencePipeline.collect(ReferencePipeline.java:578)
	at de.uka.ilkd.key.nparser.builder.AbstractBuilder.mapOf(AbstractBuilder.java:112)
	at de.uka.ilkd.key.nparser.builder.IncludeFinder.visitOne_include_statement(IncludeFinder.java:35)
	at de.uka.ilkd.key.nparser.builder.IncludeFinder.visitOne_include_statement(IncludeFinder.java:20)
	at de.uka.ilkd.key.nparser.KeYParser$One_include_statementContext.accept(KeYParser.java:802)
	at org.antlr.v4.runtime.tree.AbstractParseTreeVisitor.visitChildren(AbstractParseTreeVisitor.java:46)
	at de.uka.ilkd.key.nparser.KeYParserBaseVisitor.visitDecls(KeYParserBaseVisitor.java:30)
	at de.uka.ilkd.key.nparser.KeYParser$DeclsContext.accept(KeYParser.java:500)
	at org.antlr.v4.runtime.tree.AbstractParseTreeVisitor.visitChildren(AbstractParseTreeVisitor.java:46)
	at de.uka.ilkd.key.nparser.KeYParserBaseVisitor.visitFile(KeYParserBaseVisitor.java:23)
	at de.uka.ilkd.key.nparser.KeYParser$FileContext.accept(KeYParser.java:306)
	at de.uka.ilkd.key.nparser.KeyAst.accept(KeyAst.java:41)
	at de.uka.ilkd.key.nparser.KeyAst$File.getIncludes(KeyAst.java:76)
	at de.uka.ilkd.key.proof.io.KeYFile.readIncludes(KeYFile.java:208)
	... 14 more
Could not find rule file rules/intRulesCheckedSemantics.key (file: /home/runner/work/key/key/key.core/../key.ui/examples/index/.././heap/permissions/threads/Fib_startTransfer_accessible.key; caused by: de.uka.ilkd.key.proof.init.ProofInputException: Could not find rule file rules/intRulesCheckedSemantics.key)
	at de.uka.ilkd.key.control.AbstractUserInterfaceControl.load(AbstractUserInterfaceControl.java:221)
	at de.uka.ilkd.key.control.KeYEnvironment.load(KeYEnvironment.java:251)
	at de.uka.ilkd.key.control.KeYEnvironment.load(KeYEnvironment.java:224)
	at de.uka.ilkd.key.control.KeYEnvironment.load(KeYEnvironment.java:184)
	at de.uka.ilkd.key.control.KeYEnvironment.load(KeYEnvironment.java:261)
	at de.uka.ilkd.key.proof.runallproofs.proofcollection.TestFile.load(TestFile.java:270)
	at de.uka.ilkd.key.proof.runallproofs.proofcollection.TestFile.runKey(TestFile.java:160)
	at de.uka.ilkd.key.proof.runallproofs.proofcollection.ForkedTestFileRunner.main(ForkedTestFileRunner.java:171)
Caused by: de.uka.ilkd.key.proof.init.ProofInputException: Could not find rule file rules/intRulesCheckedSemantics.key
	at de.uka.ilkd.key.proof.io.KeYFile.readIncludes(KeYFile.java:210)
	at de.uka.ilkd.key.proof.init.ProblemInitializer.readIncludes(ProblemInitializer.java:177)
	at de.uka.ilkd.key.proof.init.ProblemInitializer.readEnvInput(ProblemInitializer.java:325)
	at de.uka.ilkd.key.proof.init.ProblemInitializer.prepare(ProblemInitializer.java:449)
	at de.uka.ilkd.key.proof.io.AbstractProblemLoader.createInitConfig(AbstractProblemLoader.java:518)
	at de.uka.ilkd.key.proof.io.AbstractProblemLoader.loadEnvironment(AbstractProblemLoader.java:288)
	at de.uka.ilkd.key.proof.io.AbstractProblemLoader.load(AbstractProblemLoader.java:252)
	at de.uka.ilkd.key.control.AbstractUserInterfaceControl.load(AbstractUserInterfaceControl.java:209)
	... 7 more
Caused by: java.lang.RuntimeException: Could not find rule file rules/intRulesCheckedSemantics.key
	at de.uka.ilkd.key.proof.io.RuleSourceFactory.fromBuiltInRule(RuleSourceFactory.java:32)
	at de.uka.ilkd.key.proof.io.RuleSourceFactory.fromDefaultLocation(RuleSourceFactory.java:21)
	at de.uka.ilkd.key.nparser.builder.IncludeFinder.addInclude(IncludeFinder.java:63)
	at de.uka.ilkd.key.nparser.builder.IncludeFinder.visitOne_include(IncludeFinder.java:43)
	at de.uka.ilkd.key.nparser.builder.IncludeFinder.visitOne_include(IncludeFinder.java:20)
	at de.uka.ilkd.key.nparser.KeYParser$One_includeContext.accept(KeYParser.java:878)
	at de.uka.ilkd.key.nparser.builder.AbstractBuilder.lambda$mapOf$0(AbstractBuilder.java:112)
	at java.base/java.util.stream.ReferencePipeline$3$1.accept(ReferencePipeline.java:195)
	at java.base/java.util.ArrayList$ArrayListSpliterator.forEachRemaining(ArrayList.java:1655)
	at java.base/java.util.stream.AbstractPipeline.copyInto(AbstractPipeline.java:484)
	at java.base/java.util.stream.AbstractPipeline.wrapAndCopyInto(AbstractPipeline.java:474)
	at java.base/java.util.stream.ReduceOps$ReduceOp.evaluateSequential(ReduceOps.java:913)
	at java.base/java.util.stream.AbstractPipeline.evaluate(AbstractPipeline.java:234)
	at java.base/java.util.stream.ReferencePipeline.collect(ReferencePipeline.java:578)
	at de.uka.ilkd.key.nparser.builder.AbstractBuilder.mapOf(AbstractBuilder.java:112)
	at de.uka.ilkd.key.nparser.builder.IncludeFinder.visitOne_include_statement(IncludeFinder.java:35)
	at de.uka.ilkd.key.nparser.builder.IncludeFinder.visitOne_include_statement(IncludeFinder.java:20)
	at de.uka.ilkd.key.nparser.KeYParser$One_include_statementContext.accept(KeYParser.java:802)
	at org.antlr.v4.runtime.tree.AbstractParseTreeVisitor.visitChildren(AbstractParseTreeVisitor.java:46)
	at de.uka.ilkd.key.nparser.KeYParserBaseVisitor.visitDecls(KeYParserBaseVisitor.java:30)
	at de.uka.ilkd.key.nparser.KeYParser$DeclsContext.accept(KeYParser.java:500)
	at org.antlr.v4.runtime.tree.AbstractParseTreeVisitor.visitChildren(AbstractParseTreeVisitor.java:46)
	at de.uka.ilkd.key.nparser.KeYParserBaseVisitor.visitFile(KeYParserBaseVisitor.java:23)
	at de.uka.ilkd.key.nparser.KeYParser$FileContext.accept(KeYParser.java:306)
	at de.uka.ilkd.key.nparser.KeyAst.accept(KeyAst.java:41)
	at de.uka.ilkd.key.nparser.KeyAst$File.getIncludes(KeyAst.java:76)
	at de.uka.ilkd.key.proof.io.KeYFile.readIncludes(KeYFile.java:208)
	... 14 more
Could not find rule file rules/intRulesCheckedSemantics.key (file: /home/runner/work/key/key/key.core/../key.ui/examples/index/.././heap/permissions/threads/Fib_startTransfer_contract.key; caused by: de.uka.ilkd.key.proof.init.ProofInputException: Could not find rule file rules/intRulesCheckedSemantics.key)
	at de.uka.ilkd.key.control.AbstractUserInterfaceControl.load(AbstractUserInterfaceControl.java:221)
	at de.uka.ilkd.key.control.KeYEnvironment.load(KeYEnvironment.java:251)
	at de.uka.ilkd.key.control.KeYEnvironment.load(KeYEnvironment.java:224)
	at de.uka.ilkd.key.control.KeYEnvironment.load(KeYEnvironment.java:184)
	at de.uka.ilkd.key.control.KeYEnvironment.load(KeYEnvironment.java:261)
	at de.uka.ilkd.key.proof.runallproofs.proofcollection.TestFile.load(TestFile.java:270)
	at de.uka.ilkd.key.proof.runallproofs.proofcollection.TestFile.runKey(TestFile.java:160)
	at de.uka.ilkd.key.proof.runallproofs.proofcollection.ForkedTestFileRunner.main(ForkedTestFileRunner.java:171)
Caused by: de.uka.ilkd.key.proof.init.ProofInputException: Could not find rule file rules/intRulesCheckedSemantics.key
	at de.uka.ilkd.key.proof.io.KeYFile.readIncludes(KeYFile.java:210)
	at de.uka.ilkd.key.proof.init.ProblemInitializer.readIncludes(ProblemInitializer.java:177)
	at de.uka.ilkd.key.proof.init.ProblemInitializer.readEnvInput(ProblemInitializer.java:325)
	at de.uka.ilkd.key.proof.init.ProblemInitializer.prepare(ProblemInitializer.java:449)
	at de.uka.ilkd.key.proof.io.AbstractProblemLoader.createInitConfig(AbstractProblemLoader.java:518)
	at de.uka.ilkd.key.proof.io.AbstractProblemLoader.loadEnvironment(AbstractProblemLoader.java:288)
	at de.uka.ilkd.key.proof.io.AbstractProblemLoader.load(AbstractProblemLoader.java:252)
	at de.uka.ilkd.key.control.AbstractUserInterfaceControl.load(AbstractUserInterfaceControl.java:209)
	... 7 more
Caused by: java.lang.RuntimeException: Could not find rule file rules/intRulesCheckedSemantics.key
	at de.uka.ilkd.key.proof.io.RuleSourceFactory.fromBuiltInRule(RuleSourceFactory.java:32)
	at de.uka.ilkd.key.proof.io.RuleSourceFactory.fromDefaultLocation(RuleSourceFactory.java:21)
	at de.uka.ilkd.key.nparser.builder.IncludeFinder.addInclude(IncludeFinder.java:63)
	at de.uka.ilkd.key.nparser.builder.IncludeFinder.visitOne_include(IncludeFinder.java:43)
	at de.uka.ilkd.key.nparser.builder.IncludeFinder.visitOne_include(IncludeFinder.java:20)
	at de.uka.ilkd.key.nparser.KeYParser$One_includeContext.accept(KeYParser.java:878)
	at de.uka.ilkd.key.nparser.builder.AbstractBuilder.lambda$mapOf$0(AbstractBuilder.java:112)
	at java.base/java.util.stream.ReferencePipeline$3$1.accept(ReferencePipeline.java:195)
	at java.base/java.util.ArrayList$ArrayListSpliterator.forEachRemaining(ArrayList.java:1655)
	at java.base/java.util.stream.AbstractPipeline.copyInto(AbstractPipeline.java:484)
	at java.base/java.util.stream.AbstractPipeline.wrapAndCopyInto(AbstractPipeline.java:474)
	at java.base/java.util.stream.ReduceOps$ReduceOp.evaluateSequential(ReduceOps.java:913)
	at java.base/java.util.stream.AbstractPipeline.evaluate(AbstractPipeline.java:234)
	at java.base/java.util.stream.ReferencePipeline.collect(ReferencePipeline.java:578)
	at de.uka.ilkd.key.nparser.builder.AbstractBuilder.mapOf(AbstractBuilder.java:112)
	at de.uka.ilkd.key.nparser.builder.IncludeFinder.visitOne_include_statement(IncludeFinder.java:35)
	at de.uka.ilkd.key.nparser.builder.IncludeFinder.visitOne_include_statement(IncludeFinder.java:20)
	at de.uka.ilkd.key.nparser.KeYParser$One_include_statementContext.accept(KeYParser.java:802)
	at org.antlr.v4.runtime.tree.AbstractParseTreeVisitor.visitChildren(AbstractParseTreeVisitor.java:46)
	at de.uka.ilkd.key.nparser.KeYParserBaseVisitor.visitDecls(KeYParserBaseVisitor.java:30)
	at de.uka.ilkd.key.nparser.KeYParser$DeclsContext.accept(KeYParser.java:500)
	at org.antlr.v4.runtime.tree.AbstractParseTreeVisitor.visitChildren(AbstractParseTreeVisitor.java:46)
	at de.uka.ilkd.key.nparser.KeYParserBaseVisitor.visitFile(KeYParserBaseVisitor.java:23)
	at de.uka.ilkd.key.nparser.KeYParser$FileContext.accept(KeYParser.java:306)
	at de.uka.ilkd.key.nparser.KeyAst.accept(KeyAst.java:41)
	at de.uka.ilkd.key.nparser.KeyAst$File.getIncludes(KeyAst.java:76)
	at de.uka.ilkd.key.proof.io.KeYFile.readIncludes(KeYFile.java:208)
	... 14 more
Could not find rule file rules/intRulesCheckedSemantics.key (file: /home/runner/work/key/key/key.core/../key.ui/examples/index/.././heap/permissions/threads/Fib_workingPermissions_accessible.key; caused by: de.uka.ilkd.key.proof.init.ProofInputException: Could not find rule file rules/intRulesCheckedSemantics.key)
	at de.uka.ilkd.key.control.AbstractUserInterfaceControl.load(AbstractUserInterfaceControl.java:221)
	at de.uka.ilkd.key.control.KeYEnvironment.load(KeYEnvironment.java:251)
	at de.uka.ilkd.key.control.KeYEnvironment.load(KeYEnvironment.java:224)
	at de.uka.ilkd.key.control.KeYEnvironment.load(KeYEnvironment.java:184)
	at de.uka.ilkd.key.control.KeYEnvironment.load(KeYEnvironment.java:261)
	at de.uka.ilkd.key.proof.runallproofs.proofcollection.TestFile.load(TestFile.java:270)
	at de.uka.ilkd.key.proof.runallproofs.proofcollection.TestFile.runKey(TestFile.java:160)
	at de.uka.ilkd.key.proof.runallproofs.proofcollection.ForkedTestFileRunner.main(ForkedTestFileRunner.java:171)
Caused by: de.uka.ilkd.key.proof.init.ProofInputException: Could not find rule file rules/intRulesCheckedSemantics.key
	at de.uka.ilkd.key.proof.io.KeYFile.readIncludes(KeYFile.java:210)
	at de.uka.ilkd.key.proof.init.ProblemInitializer.readIncludes(ProblemInitializer.java:177)
	at de.uka.ilkd.key.proof.init.ProblemInitializer.readEnvInput(ProblemInitializer.java:325)
	at de.uka.ilkd.key.proof.init.ProblemInitializer.prepare(ProblemInitializer.java:449)
	at de.uka.ilkd.key.proof.io.AbstractProblemLoader.createInitConfig(AbstractProblemLoader.java:518)
	at de.uka.ilkd.key.proof.io.AbstractProblemLoader.loadEnvironment(AbstractProblemLoader.java:288)
	at de.uka.ilkd.key.proof.io.AbstractProblemLoader.load(AbstractProblemLoader.java:252)
	at de.uka.ilkd.key.control.AbstractUserInterfaceControl.load(AbstractUserInterfaceControl.java:209)
	... 7 more
Caused by: java.lang.RuntimeException: Could not find rule file rules/intRulesCheckedSemantics.key
	at de.uka.ilkd.key.proof.io.RuleSourceFactory.fromBuiltInRule(RuleSourceFactory.java:32)
	at de.uka.ilkd.key.proof.io.RuleSourceFactory.fromDefaultLocation(RuleSourceFactory.java:21)
	at de.uka.ilkd.key.nparser.builder.IncludeFinder.addInclude(IncludeFinder.java:63)
	at de.uka.ilkd.key.nparser.builder.IncludeFinder.visitOne_include(IncludeFinder.java:43)
	at de.uka.ilkd.key.nparser.builder.IncludeFinder.visitOne_include(IncludeFinder.java:20)
	at de.uka.ilkd.key.nparser.KeYParser$One_includeContext.accept(KeYParser.java:878)
	at de.uka.ilkd.key.nparser.builder.AbstractBuilder.lambda$mapOf$0(AbstractBuilder.java:112)
	at java.base/java.util.stream.ReferencePipeline$3$1.accept(ReferencePipeline.java:195)
	at java.base/java.util.ArrayList$ArrayListSpliterator.forEachRemaining(ArrayList.java:1655)
	at java.base/java.util.stream.AbstractPipeline.copyInto(AbstractPipeline.java:484)
	at java.base/java.util.stream.AbstractPipeline.wrapAndCopyInto(AbstractPipeline.java:474)
	at java.base/java.util.stream.ReduceOps$ReduceOp.evaluateSequential(ReduceOps.java:913)
	at java.base/java.util.stream.AbstractPipeline.evaluate(AbstractPipeline.java:234)
	at java.base/java.util.stream.ReferencePipeline.collect(ReferencePipeline.java:578)
	at de.uka.ilkd.key.nparser.builder.AbstractBuilder.mapOf(AbstractBuilder.java:112)
	at de.uka.ilkd.key.nparser.builder.IncludeFinder.visitOne_include_statement(IncludeFinder.java:35)
	at de.uka.ilkd.key.nparser.builder.IncludeFinder.visitOne_include_statement(IncludeFinder.java:20)
	at de.uka.ilkd.key.nparser.KeYParser$One_include_statementContext.accept(KeYParser.java:802)
	at org.antlr.v4.runtime.tree.AbstractParseTreeVisitor.visitChildren(AbstractParseTreeVisitor.java:46)
	at de.uka.ilkd.key.nparser.KeYParserBaseVisitor.visitDecls(KeYParserBaseVisitor.java:30)
	at de.uka.ilkd.key.nparser.KeYParser$DeclsContext.accept(KeYParser.java:500)
	at org.antlr.v4.runtime.tree.AbstractParseTreeVisitor.visitChildren(AbstractParseTreeVisitor.java:46)
	at de.uka.ilkd.key.nparser.KeYParserBaseVisitor.visitFile(KeYParserBaseVisitor.java:23)
	at de.uka.ilkd.key.nparser.KeYParser$FileContext.accept(KeYParser.java:306)
	at de.uka.ilkd.key.nparser.KeyAst.accept(KeyAst.java:41)
	at de.uka.ilkd.key.nparser.KeyAst$File.getIncludes(KeyAst.java:76)
	at de.uka.ilkd.key.proof.io.KeYFile.readIncludes(KeYFile.java:208)
	... 14 more
Could not find rule file rules/intRulesCheckedSemantics.key (file: /home/runner/work/key/key/key.core/../key.ui/examples/index/.././heap/permissions/threads/Plotter_initPost_accessible.key; caused by: de.uka.ilkd.key.proof.init.ProofInputException: Could not find rule file rules/intRulesCheckedSemantics.key)
	at de.uka.ilkd.key.control.AbstractUserInterfaceControl.load(AbstractUserInterfaceControl.java:221)
	at de.uka.ilkd.key.control.KeYEnvironment.load(KeYEnvironment.java:251)
	at de.uka.ilkd.key.control.KeYEnvironment.load(KeYEnvironment.java:224)
	at de.uka.ilkd.key.control.KeYEnvironment.load(KeYEnvironment.java:184)
	at de.uka.ilkd.key.control.KeYEnvironment.load(KeYEnvironment.java:261)
	at de.uka.ilkd.key.proof.runallproofs.proofcollection.TestFile.load(TestFile.java:270)
	at de.uka.ilkd.key.proof.runallproofs.proofcollection.TestFile.runKey(TestFile.java:160)
	at de.uka.ilkd.key.proof.runallproofs.proofcollection.ForkedTestFileRunner.main(ForkedTestFileRunner.java:171)
Caused by: de.uka.ilkd.key.proof.init.ProofInputException: Could not find rule file rules/intRulesCheckedSemantics.key
	at de.uka.ilkd.key.proof.io.KeYFile.readIncludes(KeYFile.java:210)
	at de.uka.ilkd.key.proof.init.ProblemInitializer.readIncludes(ProblemInitializer.java:177)
	at de.uka.ilkd.key.proof.init.ProblemInitializer.readEnvInput(ProblemInitializer.java:325)
	at de.uka.ilkd.key.proof.init.ProblemInitializer.prepare(ProblemInitializer.java:449)
	at de.uka.ilkd.key.proof.io.AbstractProblemLoader.createInitConfig(AbstractProblemLoader.java:518)
	at de.uka.ilkd.key.proof.io.AbstractProblemLoader.loadEnvironment(AbstractProblemLoader.java:288)
	at de.uka.ilkd.key.proof.io.AbstractProblemLoader.load(AbstractProblemLoader.java:252)
	at de.uka.ilkd.key.control.AbstractUserInterfaceControl.load(AbstractUserInterfaceControl.java:209)
	... 7 more
Caused by: java.lang.RuntimeException: Could not find rule file rules/intRulesCheckedSemantics.key
	at de.uka.ilkd.key.proof.io.RuleSourceFactory.fromBuiltInRule(RuleSourceFactory.java:32)
	at de.uka.ilkd.key.proof.io.RuleSourceFactory.fromDefaultLocation(RuleSourceFactory.java:21)
	at de.uka.ilkd.key.nparser.builder.IncludeFinder.addInclude(IncludeFinder.java:63)
	at de.uka.ilkd.key.nparser.builder.IncludeFinder.visitOne_include(IncludeFinder.java:43)
	at de.uka.ilkd.key.nparser.builder.IncludeFinder.visitOne_include(IncludeFinder.java:20)
	at de.uka.ilkd.key.nparser.KeYParser$One_includeContext.accept(KeYParser.java:878)
	at de.uka.ilkd.key.nparser.builder.AbstractBuilder.lambda$mapOf$0(AbstractBuilder.java:112)
	at java.base/java.util.stream.ReferencePipeline$3$1.accept(ReferencePipeline.java:195)
	at java.base/java.util.ArrayList$ArrayListSpliterator.forEachRemaining(ArrayList.java:1655)
	at java.base/java.util.stream.AbstractPipeline.copyInto(AbstractPipeline.java:484)
	at java.base/java.util.stream.AbstractPipeline.wrapAndCopyInto(AbstractPipeline.java:474)
	at java.base/java.util.stream.ReduceOps$ReduceOp.evaluateSequential(ReduceOps.java:913)
	at java.base/java.util.stream.AbstractPipeline.evaluate(AbstractPipeline.java:234)
	at java.base/java.util.stream.ReferencePipeline.collect(ReferencePipeline.java:578)
	at de.uka.ilkd.key.nparser.builder.AbstractBuilder.mapOf(AbstractBuilder.java:112)
	at de.uka.ilkd.key.nparser.builder.IncludeFinder.visitOne_include_statement(IncludeFinder.java:35)
	at de.uka.ilkd.key.nparser.builder.IncludeFinder.visitOne_include_statement(IncludeFinder.java:20)
	at de.uka.ilkd.key.nparser.KeYParser$One_include_statementContext.accept(KeYParser.java:802)
	at org.antlr.v4.runtime.tree.AbstractParseTreeVisitor.visitChildren(AbstractParseTreeVisitor.java:46)
	at de.uka.ilkd.key.nparser.KeYParserBaseVisitor.visitDecls(KeYParserBaseVisitor.java:30)
	at de.uka.ilkd.key.nparser.KeYParser$DeclsContext.accept(KeYParser.java:500)
	at org.antlr.v4.runtime.tree.AbstractParseTreeVisitor.visitChildren(AbstractParseTreeVisitor.java:46)
	at de.uka.ilkd.key.nparser.KeYParserBaseVisitor.visitFile(KeYParserBaseVisitor.java:23)
	at de.uka.ilkd.key.nparser.KeYParser$FileContext.accept(KeYParser.java:306)
	at de.uka.ilkd.key.nparser.KeyAst.accept(KeyAst.java:41)
	at de.uka.ilkd.key.nparser.KeyAst$File.getIncludes(KeyAst.java:76)
	at de.uka.ilkd.key.proof.io.KeYFile.readIncludes(KeYFile.java:208)
	... 14 more
Could not find rule file rules/intRulesCheckedSemantics.key (file: /home/runner/work/key/key/key.core/../key.ui/examples/index/.././heap/permissions/threads/Plotter_inv_accessible1.key; caused by: de.uka.ilkd.key.proof.init.ProofInputException: Could not find rule file rules/intRulesCheckedSemantics.key)
	at de.uka.ilkd.key.control.AbstractUserInterfaceControl.load(AbstractUserInterfaceControl.java:221)
	at de.uka.ilkd.key.control.KeYEnvironment.load(KeYEnvironment.java:251)
	at de.uka.ilkd.key.control.KeYEnvironment.load(KeYEnvironment.java:224)
	at de.uka.ilkd.key.control.KeYEnvironment.load(KeYEnvironment.java:184)
	at de.uka.ilkd.key.control.KeYEnvironment.load(KeYEnvironment.java:261)
	at de.uka.ilkd.key.proof.runallproofs.proofcollection.TestFile.load(TestFile.java:270)
	at de.uka.ilkd.key.proof.runallproofs.proofcollection.TestFile.runKey(TestFile.java:160)
	at de.uka.ilkd.key.proof.runallproofs.proofcollection.ForkedTestFileRunner.main(ForkedTestFileRunner.java:171)
Caused by: de.uka.ilkd.key.proof.init.ProofInputException: Could not find rule file rules/intRulesCheckedSemantics.key
	at de.uka.ilkd.key.proof.io.KeYFile.readIncludes(KeYFile.java:210)
	at de.uka.ilkd.key.proof.init.ProblemInitializer.readIncludes(ProblemInitializer.java:177)
	at de.uka.ilkd.key.proof.init.ProblemInitializer.readEnvInput(ProblemInitializer.java:325)
	at de.uka.ilkd.key.proof.init.ProblemInitializer.prepare(ProblemInitializer.java:449)
	at de.uka.ilkd.key.proof.io.AbstractProblemLoader.createInitConfig(AbstractProblemLoader.java:518)
	at de.uka.ilkd.key.proof.io.AbstractProblemLoader.loadEnvironment(AbstractProblemLoader.java:288)
	at de.uka.ilkd.key.proof.io.AbstractProblemLoader.load(AbstractProblemLoader.java:252)
	at de.uka.ilkd.key.control.AbstractUserInterfaceControl.load(AbstractUserInterfaceControl.java:209)
	... 7 more
Caused by: java.lang.RuntimeException: Could not find rule file rules/intRulesCheckedSemantics.key
	at de.uka.ilkd.key.proof.io.RuleSourceFactory.fromBuiltInRule(RuleSourceFactory.java:32)
	at de.uka.ilkd.key.proof.io.RuleSourceFactory.fromDefaultLocation(RuleSourceFactory.java:21)
	at de.uka.ilkd.key.nparser.builder.IncludeFinder.addInclude(IncludeFinder.java:63)
	at de.uka.ilkd.key.nparser.builder.IncludeFinder.visitOne_include(IncludeFinder.java:43)
	at de.uka.ilkd.key.nparser.builder.IncludeFinder.visitOne_include(IncludeFinder.java:20)
	at de.uka.ilkd.key.nparser.KeYParser$One_includeContext.accept(KeYParser.java:878)
	at de.uka.ilkd.key.nparser.builder.AbstractBuilder.lambda$mapOf$0(AbstractBuilder.java:112)
	at java.base/java.util.stream.ReferencePipeline$3$1.accept(ReferencePipeline.java:195)
	at java.base/java.util.ArrayList$ArrayListSpliterator.forEachRemaining(ArrayList.java:1655)
	at java.base/java.util.stream.AbstractPipeline.copyInto(AbstractPipeline.java:484)
	at java.base/java.util.stream.AbstractPipeline.wrapAndCopyInto(AbstractPipeline.java:474)
	at java.base/java.util.stream.ReduceOps$ReduceOp.evaluateSequential(ReduceOps.java:913)
	at java.base/java.util.stream.AbstractPipeline.evaluate(AbstractPipeline.java:234)
	at java.base/java.util.stream.ReferencePipeline.collect(ReferencePipeline.java:578)
	at de.uka.ilkd.key.nparser.builder.AbstractBuilder.mapOf(AbstractBuilder.java:112)
	at de.uka.ilkd.key.nparser.builder.IncludeFinder.visitOne_include_statement(IncludeFinder.java:35)
	at de.uka.ilkd.key.nparser.builder.IncludeFinder.visitOne_include_statement(IncludeFinder.java:20)
	at de.uka.ilkd.key.nparser.KeYParser$One_include_statementContext.accept(KeYParser.java:802)
	at org.antlr.v4.runtime.tree.AbstractParseTreeVisitor.visitChildren(AbstractParseTreeVisitor.java:46)
	at de.uka.ilkd.key.nparser.KeYParserBaseVisitor.visitDecls(KeYParserBaseVisitor.java:30)
	at de.uka.ilkd.key.nparser.KeYParser$DeclsContext.accept(KeYParser.java:500)
	at org.antlr.v4.runtime.tree.AbstractParseTreeVisitor.visitChildren(AbstractParseTreeVisitor.java:46)
	at de.uka.ilkd.key.nparser.KeYParserBaseVisitor.visitFile(KeYParserBaseVisitor.java:23)
	at de.uka.ilkd.key.nparser.KeYParser$FileContext.accept(KeYParser.java:306)
	at de.uka.ilkd.key.nparser.KeyAst.accept(KeyAst.java:41)
	at de.uka.ilkd.key.nparser.KeyAst$File.getIncludes(KeyAst.java:76)
	at de.uka.ilkd.key.proof.io.KeYFile.readIncludes(KeYFile.java:208)
	... 14 more
Could not find rule file rules/intRulesCheckedSemantics.key (file: /home/runner/work/key/key/key.core/../key.ui/examples/index/.././heap/permissions/threads/Plotter_inv_accessible2.key; caused by: de.uka.ilkd.key.proof.init.ProofInputException: Could not find rule file rules/intRulesCheckedSemantics.key)
	at de.uka.ilkd.key.control.AbstractUserInterfaceControl.load(AbstractUserInterfaceControl.java:221)
	at de.uka.ilkd.key.control.KeYEnvironment.load(KeYEnvironment.java:251)
	at de.uka.ilkd.key.control.KeYEnvironment.load(KeYEnvironment.java:224)
	at de.uka.ilkd.key.control.KeYEnvironment.load(KeYEnvironment.java:184)
	at de.uka.ilkd.key.control.KeYEnvironment.load(KeYEnvironment.java:261)
	at de.uka.ilkd.key.proof.runallproofs.proofcollection.TestFile.load(TestFile.java:270)
	at de.uka.ilkd.key.proof.runallproofs.proofcollection.TestFile.runKey(TestFile.java:160)
	at de.uka.ilkd.key.proof.runallproofs.proofcollection.ForkedTestFileRunner.main(ForkedTestFileRunner.java:171)
Caused by: de.uka.ilkd.key.proof.init.ProofInputException: Could not find rule file rules/intRulesCheckedSemantics.key
	at de.uka.ilkd.key.proof.io.KeYFile.readIncludes(KeYFile.java:210)
	at de.uka.ilkd.key.proof.init.ProblemInitializer.readIncludes(ProblemInitializer.java:177)
	at de.uka.ilkd.key.proof.init.ProblemInitializer.readEnvInput(ProblemInitializer.java:325)
	at de.uka.ilkd.key.proof.init.ProblemInitializer.prepare(ProblemInitializer.java:449)
	at de.uka.ilkd.key.proof.io.AbstractProblemLoader.createInitConfig(AbstractProblemLoader.java:518)
	at de.uka.ilkd.key.proof.io.AbstractProblemLoader.loadEnvironment(AbstractProblemLoader.java:288)
	at de.uka.ilkd.key.proof.io.AbstractProblemLoader.load(AbstractProblemLoader.java:252)
	at de.uka.ilkd.key.control.AbstractUserInterfaceControl.load(AbstractUserInterfaceControl.java:209)
	... 7 more
Caused by: java.lang.RuntimeException: Could not find rule file rules/intRulesCheckedSemantics.key
	at de.uka.ilkd.key.proof.io.RuleSourceFactory.fromBuiltInRule(RuleSourceFactory.java:32)
	at de.uka.ilkd.key.proof.io.RuleSourceFactory.fromDefaultLocation(RuleSourceFactory.java:21)
	at de.uka.ilkd.key.nparser.builder.IncludeFinder.addInclude(IncludeFinder.java:63)
	at de.uka.ilkd.key.nparser.builder.IncludeFinder.visitOne_include(IncludeFinder.java:43)
	at de.uka.ilkd.key.nparser.builder.IncludeFinder.visitOne_include(IncludeFinder.java:20)
	at de.uka.ilkd.key.nparser.KeYParser$One_includeContext.accept(KeYParser.java:878)
	at de.uka.ilkd.key.nparser.builder.AbstractBuilder.lambda$mapOf$0(AbstractBuilder.java:112)
	at java.base/java.util.stream.ReferencePipeline$3$1.accept(ReferencePipeline.java:195)
	at java.base/java.util.ArrayList$ArrayListSpliterator.forEachRemaining(ArrayList.java:1655)
	at java.base/java.util.stream.AbstractPipeline.copyInto(AbstractPipeline.java:484)
	at java.base/java.util.stream.AbstractPipeline.wrapAndCopyInto(AbstractPipeline.java:474)
	at java.base/java.util.stream.ReduceOps$ReduceOp.evaluateSequential(ReduceOps.java:913)
	at java.base/java.util.stream.AbstractPipeline.evaluate(AbstractPipeline.java:234)
	at java.base/java.util.stream.ReferencePipeline.collect(ReferencePipeline.java:578)
	at de.uka.ilkd.key.nparser.builder.AbstractBuilder.mapOf(AbstractBuilder.java:112)
	at de.uka.ilkd.key.nparser.builder.IncludeFinder.visitOne_include_statement(IncludeFinder.java:35)
	at de.uka.ilkd.key.nparser.builder.IncludeFinder.visitOne_include_statement(IncludeFinder.java:20)
	at de.uka.ilkd.key.nparser.KeYParser$One_include_statementContext.accept(KeYParser.java:802)
	at org.antlr.v4.runtime.tree.AbstractParseTreeVisitor.visitChildren(AbstractParseTreeVisitor.java:46)
	at de.uka.ilkd.key.nparser.KeYParserBaseVisitor.visitDecls(KeYParserBaseVisitor.java:30)
	at de.uka.ilkd.key.nparser.KeYParser$DeclsContext.accept(KeYParser.java:500)
	at org.antlr.v4.runtime.tree.AbstractParseTreeVisitor.visitChildren(AbstractParseTreeVisitor.java:46)
	at de.uka.ilkd.key.nparser.KeYParserBaseVisitor.visitFile(KeYParserBaseVisitor.java:23)
	at de.uka.ilkd.key.nparser.KeYParser$FileContext.accept(KeYParser.java:306)
	at de.uka.ilkd.key.nparser.KeyAst.accept(KeyAst.java:41)
	at de.uka.ilkd.key.nparser.KeyAst$File.getIncludes(KeyAst.java:76)
	at de.uka.ilkd.key.proof.io.KeYFile.readIncludes(KeYFile.java:208)
	... 14 more
Could not find rule file rules/intRulesCheckedSemantics.key (file: /home/runner/work/key/key/key.core/../key.ui/examples/index/.././heap/permissions/threads/Plotter_joinTransfer_contract.key; caused by: de.uka.ilkd.key.proof.init.ProofInputException: Could not find rule file rules/intRulesCheckedSemantics.key)
	at de.uka.ilkd.key.control.AbstractUserInterfaceControl.load(AbstractUserInterfaceControl.java:221)
	at de.uka.ilkd.key.control.KeYEnvironment.load(KeYEnvironment.java:251)
	at de.uka.ilkd.key.control.KeYEnvironment.load(KeYEnvironment.java:224)
	at de.uka.ilkd.key.control.KeYEnvironment.load(KeYEnvironment.java:184)
	at de.uka.ilkd.key.control.KeYEnvironment.load(KeYEnvironment.java:261)
	at de.uka.ilkd.key.proof.runallproofs.proofcollection.TestFile.load(TestFile.java:270)
	at de.uka.ilkd.key.proof.runallproofs.proofcollection.TestFile.runKey(TestFile.java:160)
	at de.uka.ilkd.key.proof.runallproofs.proofcollection.ForkedTestFileRunner.main(ForkedTestFileRunner.java:171)
Caused by: de.uka.ilkd.key.proof.init.ProofInputException: Could not find rule file rules/intRulesCheckedSemantics.key
	at de.uka.ilkd.key.proof.io.KeYFile.readIncludes(KeYFile.java:210)
	at de.uka.ilkd.key.proof.init.ProblemInitializer.readIncludes(ProblemInitializer.java:177)
	at de.uka.ilkd.key.proof.init.ProblemInitializer.readEnvInput(ProblemInitializer.java:325)
	at de.uka.ilkd.key.proof.init.ProblemInitializer.prepare(ProblemInitializer.java:449)
	at de.uka.ilkd.key.proof.io.AbstractProblemLoader.createInitConfig(AbstractProblemLoader.java:518)
	at de.uka.ilkd.key.proof.io.AbstractProblemLoader.loadEnvironment(AbstractProblemLoader.java:288)
	at de.uka.ilkd.key.proof.io.AbstractProblemLoader.load(AbstractProblemLoader.java:252)
	at de.uka.ilkd.key.control.AbstractUserInterfaceControl.load(AbstractUserInterfaceControl.java:209)
	... 7 more
Caused by: java.lang.RuntimeException: Could not find rule file rules/intRulesCheckedSemantics.key
	at de.uka.ilkd.key.proof.io.RuleSourceFactory.fromBuiltInRule(RuleSourceFactory.java:32)
	at de.uka.ilkd.key.proof.io.RuleSourceFactory.fromDefaultLocation(RuleSourceFactory.java:21)
	at de.uka.ilkd.key.nparser.builder.IncludeFinder.addInclude(IncludeFinder.java:63)
	at de.uka.ilkd.key.nparser.builder.IncludeFinder.visitOne_include(IncludeFinder.java:43)
	at de.uka.ilkd.key.nparser.builder.IncludeFinder.visitOne_include(IncludeFinder.java:20)
	at de.uka.ilkd.key.nparser.KeYParser$One_includeContext.accept(KeYParser.java:878)
	at de.uka.ilkd.key.nparser.builder.AbstractBuilder.lambda$mapOf$0(AbstractBuilder.java:112)
	at java.base/java.util.stream.ReferencePipeline$3$1.accept(ReferencePipeline.java:195)
	at java.base/java.util.ArrayList$ArrayListSpliterator.forEachRemaining(ArrayList.java:1655)
	at java.base/java.util.stream.AbstractPipeline.copyInto(AbstractPipeline.java:484)
	at java.base/java.util.stream.AbstractPipeline.wrapAndCopyInto(AbstractPipeline.java:474)
	at java.base/java.util.stream.ReduceOps$ReduceOp.evaluateSequential(ReduceOps.java:913)
	at java.base/java.util.stream.AbstractPipeline.evaluate(AbstractPipeline.java:234)
	at java.base/java.util.stream.ReferencePipeline.collect(ReferencePipeline.java:578)
	at de.uka.ilkd.key.nparser.builder.AbstractBuilder.mapOf(AbstractBuilder.java:112)
	at de.uka.ilkd.key.nparser.builder.IncludeFinder.visitOne_include_statement(IncludeFinder.java:35)
	at de.uka.ilkd.key.nparser.builder.IncludeFinder.visitOne_include_statement(IncludeFinder.java:20)
	at de.uka.ilkd.key.nparser.KeYParser$One_include_statementContext.accept(KeYParser.java:802)
	at org.antlr.v4.runtime.tree.AbstractParseTreeVisitor.visitChildren(AbstractParseTreeVisitor.java:46)
	at de.uka.ilkd.key.nparser.KeYParserBaseVisitor.visitDecls(KeYParserBaseVisitor.java:30)
	at de.uka.ilkd.key.nparser.KeYParser$DeclsContext.accept(KeYParser.java:500)
	at org.antlr.v4.runtime.tree.AbstractParseTreeVisitor.visitChildren(AbstractParseTreeVisitor.java:46)
	at de.uka.ilkd.key.nparser.KeYParserBaseVisitor.visitFile(KeYParserBaseVisitor.java:23)
	at de.uka.ilkd.key.nparser.KeYParser$FileContext.accept(KeYParser.java:306)
	at de.uka.ilkd.key.nparser.KeyAst.accept(KeyAst.java:41)
	at de.uka.ilkd.key.nparser.KeyAst$File.getIncludes(KeyAst.java:76)
	at de.uka.ilkd.key.proof.io.KeYFile.readIncludes(KeYFile.java:208)
	... 14 more
Could not find rule file rules/intRulesCheckedSemantics.key (file: /home/runner/work/key/key/key.core/../key.ui/examples/index/.././heap/permissions/threads/Plotter_Plotter.key; caused by: de.uka.ilkd.key.proof.init.ProofInputException: Could not find rule file rules/intRulesCheckedSemantics.key)
	at de.uka.ilkd.key.control.AbstractUserInterfaceControl.load(AbstractUserInterfaceControl.java:221)
	at de.uka.ilkd.key.control.KeYEnvironment.load(KeYEnvironment.java:251)
	at de.uka.ilkd.key.control.KeYEnvironment.load(KeYEnvironment.java:224)
	at de.uka.ilkd.key.control.KeYEnvironment.load(KeYEnvironment.java:184)
	at de.uka.ilkd.key.control.KeYEnvironment.load(KeYEnvironment.java:261)
	at de.uka.ilkd.key.proof.runallproofs.proofcollection.TestFile.load(TestFile.java:270)
	at de.uka.ilkd.key.proof.runallproofs.proofcollection.TestFile.runKey(TestFile.java:160)
	at de.uka.ilkd.key.proof.runallproofs.proofcollection.ForkedTestFileRunner.main(ForkedTestFileRunner.java:171)
Caused by: de.uka.ilkd.key.proof.init.ProofInputException: Could not find rule file rules/intRulesCheckedSemantics.key
	at de.uka.ilkd.key.proof.io.KeYFile.readIncludes(KeYFile.java:210)
	at de.uka.ilkd.key.proof.init.ProblemInitializer.readIncludes(ProblemInitializer.java:177)
	at de.uka.ilkd.key.proof.init.ProblemInitializer.readEnvInput(ProblemInitializer.java:325)
	at de.uka.ilkd.key.proof.init.ProblemInitializer.prepare(ProblemInitializer.java:449)
	at de.uka.ilkd.key.proof.io.AbstractProblemLoader.createInitConfig(AbstractProblemLoader.java:518)
	at de.uka.ilkd.key.proof.io.AbstractProblemLoader.loadEnvironment(AbstractProblemLoader.java:288)
	at de.uka.ilkd.key.proof.io.AbstractProblemLoader.load(AbstractProblemLoader.java:252)
	at de.uka.ilkd.key.control.AbstractUserInterfaceControl.load(AbstractUserInterfaceControl.java:209)
	... 7 more
Caused by: java.lang.RuntimeException: Could not find rule file rules/intRulesCheckedSemantics.key
	at de.uka.ilkd.key.proof.io.RuleSourceFactory.fromBuiltInRule(RuleSourceFactory.java:32)
	at de.uka.ilkd.key.proof.io.RuleSourceFactory.fromDefaultLocation(RuleSourceFactory.java:21)
	at de.uka.ilkd.key.nparser.builder.IncludeFinder.addInclude(IncludeFinder.java:63)
	at de.uka.ilkd.key.nparser.builder.IncludeFinder.visitOne_include(IncludeFinder.java:43)
	at de.uka.ilkd.key.nparser.builder.IncludeFinder.visitOne_include(IncludeFinder.java:20)
	at de.uka.ilkd.key.nparser.KeYParser$One_includeContext.accept(KeYParser.java:878)
	at de.uka.ilkd.key.nparser.builder.AbstractBuilder.lambda$mapOf$0(AbstractBuilder.java:112)
	at java.base/java.util.stream.ReferencePipeline$3$1.accept(ReferencePipeline.java:195)
	at java.base/java.util.ArrayList$ArrayListSpliterator.forEachRemaining(ArrayList.java:1655)
	at java.base/java.util.stream.AbstractPipeline.copyInto(AbstractPipeline.java:484)
	at java.base/java.util.stream.AbstractPipeline.wrapAndCopyInto(AbstractPipeline.java:474)
	at java.base/java.util.stream.ReduceOps$ReduceOp.evaluateSequential(ReduceOps.java:913)
	at java.base/java.util.stream.AbstractPipeline.evaluate(AbstractPipeline.java:234)
	at java.base/java.util.stream.ReferencePipeline.collect(ReferencePipeline.java:578)
	at de.uka.ilkd.key.nparser.builder.AbstractBuilder.mapOf(AbstractBuilder.java:112)
	at de.uka.ilkd.key.nparser.builder.IncludeFinder.visitOne_include_statement(IncludeFinder.java:35)
	at de.uka.ilkd.key.nparser.builder.IncludeFinder.visitOne_include_statement(IncludeFinder.java:20)
	at de.uka.ilkd.key.nparser.KeYParser$One_include_statementContext.accept(KeYParser.java:802)
	at org.antlr.v4.runtime.tree.AbstractParseTreeVisitor.visitChildren(AbstractParseTreeVisitor.java:46)
	at de.uka.ilkd.key.nparser.KeYParserBaseVisitor.visitDecls(KeYParserBaseVisitor.java:30)
	at de.uka.ilkd.key.nparser.KeYParser$DeclsContext.accept(KeYParser.java:500)
	at org.antlr.v4.runtime.tree.AbstractParseTreeVisitor.visitChildren(AbstractParseTreeVisitor.java:46)
	at de.uka.ilkd.key.nparser.KeYParserBaseVisitor.visitFile(KeYParserBaseVisitor.java:23)
	at de.uka.ilkd.key.nparser.KeYParser$FileContext.accept(KeYParser.java:306)
	at de.uka.ilkd.key.nparser.KeyAst.accept(KeyAst.java:41)
	at de.uka.ilkd.key.nparser.KeyAst$File.getIncludes(KeyAst.java:76)
	at de.uka.ilkd.key.proof.io.KeYFile.readIncludes(KeYFile.java:208)
	... 14 more
Could not find rule file rules/intRulesCheckedSemantics.key (file: /home/runner/work/key/key/key.core/../key.ui/examples/index/.././heap/permissions/threads/Plotter_postJoin_accessible.key; caused by: de.uka.ilkd.key.proof.init.ProofInputException: Could not find rule file rules/intRulesCheckedSemantics.key)
	at de.uka.ilkd.key.control.AbstractUserInterfaceControl.load(AbstractUserInterfaceControl.java:221)
	at de.uka.ilkd.key.control.KeYEnvironment.load(KeYEnvironment.java:251)
	at de.uka.ilkd.key.control.KeYEnvironment.load(KeYEnvironment.java:224)
	at de.uka.ilkd.key.control.KeYEnvironment.load(KeYEnvironment.java:184)
	at de.uka.ilkd.key.control.KeYEnvironment.load(KeYEnvironment.java:261)
	at de.uka.ilkd.key.proof.runallproofs.proofcollection.TestFile.load(TestFile.java:270)
	at de.uka.ilkd.key.proof.runallproofs.proofcollection.TestFile.runKey(TestFile.java:160)
	at de.uka.ilkd.key.proof.runallproofs.proofcollection.ForkedTestFileRunner.main(ForkedTestFileRunner.java:171)
Caused by: de.uka.ilkd.key.proof.init.ProofInputException: Could not find rule file rules/intRulesCheckedSemantics.key
	at de.uka.ilkd.key.proof.io.KeYFile.readIncludes(KeYFile.java:210)
	at de.uka.ilkd.key.proof.init.ProblemInitializer.readIncludes(ProblemInitializer.java:177)
	at de.uka.ilkd.key.proof.init.ProblemInitializer.readEnvInput(ProblemInitializer.java:325)
	at de.uka.ilkd.key.proof.init.ProblemInitializer.prepare(ProblemInitializer.java:449)
	at de.uka.ilkd.key.proof.io.AbstractProblemLoader.createInitConfig(AbstractProblemLoader.java:518)
	at de.uka.ilkd.key.proof.io.AbstractProblemLoader.loadEnvironment(AbstractProblemLoader.java:288)
	at de.uka.ilkd.key.proof.io.AbstractProblemLoader.load(AbstractProblemLoader.java:252)
	at de.uka.ilkd.key.control.AbstractUserInterfaceControl.load(AbstractUserInterfaceControl.java:209)
	... 7 more
Caused by: java.lang.RuntimeException: Could not find rule file rules/intRulesCheckedSemantics.key
	at de.uka.ilkd.key.proof.io.RuleSourceFactory.fromBuiltInRule(RuleSourceFactory.java:32)
	at de.uka.ilkd.key.proof.io.RuleSourceFactory.fromDefaultLocation(RuleSourceFactory.java:21)
	at de.uka.ilkd.key.nparser.builder.IncludeFinder.addInclude(IncludeFinder.java:63)
	at de.uka.ilkd.key.nparser.builder.IncludeFinder.visitOne_include(IncludeFinder.java:43)
	at de.uka.ilkd.key.nparser.builder.IncludeFinder.visitOne_include(IncludeFinder.java:20)
	at de.uka.ilkd.key.nparser.KeYParser$One_includeContext.accept(KeYParser.java:878)
	at de.uka.ilkd.key.nparser.builder.AbstractBuilder.lambda$mapOf$0(AbstractBuilder.java:112)
	at java.base/java.util.stream.ReferencePipeline$3$1.accept(ReferencePipeline.java:195)
	at java.base/java.util.ArrayList$ArrayListSpliterator.forEachRemaining(ArrayList.java:1655)
	at java.base/java.util.stream.AbstractPipeline.copyInto(AbstractPipeline.java:484)
	at java.base/java.util.stream.AbstractPipeline.wrapAndCopyInto(AbstractPipeline.java:474)
	at java.base/java.util.stream.ReduceOps$ReduceOp.evaluateSequential(ReduceOps.java:913)
	at java.base/java.util.stream.AbstractPipeline.evaluate(AbstractPipeline.java:234)
	at java.base/java.util.stream.ReferencePipeline.collect(ReferencePipeline.java:578)
	at de.uka.ilkd.key.nparser.builder.AbstractBuilder.mapOf(AbstractBuilder.java:112)
	at de.uka.ilkd.key.nparser.builder.IncludeFinder.visitOne_include_statement(IncludeFinder.java:35)
	at de.uka.ilkd.key.nparser.builder.IncludeFinder.visitOne_include_statement(IncludeFinder.java:20)
	at de.uka.ilkd.key.nparser.KeYParser$One_include_statementContext.accept(KeYParser.java:802)
	at org.antlr.v4.runtime.tree.AbstractParseTreeVisitor.visitChildren(AbstractParseTreeVisitor.java:46)
	at de.uka.ilkd.key.nparser.KeYParserBaseVisitor.visitDecls(KeYParserBaseVisitor.java:30)
	at de.uka.ilkd.key.nparser.KeYParser$DeclsContext.accept(KeYParser.java:500)
	at org.antlr.v4.runtime.tree.AbstractParseTreeVisitor.visitChildren(AbstractParseTreeVisitor.java:46)
	at de.uka.ilkd.key.nparser.KeYParserBaseVisitor.visitFile(KeYParserBaseVisitor.java:23)
	at de.uka.ilkd.key.nparser.KeYParser$FileContext.accept(KeYParser.java:306)
	at de.uka.ilkd.key.nparser.KeyAst.accept(KeyAst.java:41)
	at de.uka.ilkd.key.nparser.KeyAst$File.getIncludes(KeyAst.java:76)
	at de.uka.ilkd.key.proof.io.KeYFile.readIncludes(KeYFile.java:208)
	... 14 more
Could not find rule file rules/intRulesCheckedSemantics.key (file: /home/runner/work/key/key/key.core/../key.ui/examples/index/.././heap/permissions/threads/Plotter_preStart_accessible.key; caused by: de.uka.ilkd.key.proof.init.ProofInputException: Could not find rule file rules/intRulesCheckedSemantics.key)
	at de.uka.ilkd.key.control.AbstractUserInterfaceControl.load(AbstractUserInterfaceControl.java:221)
	at de.uka.ilkd.key.control.KeYEnvironment.load(KeYEnvironment.java:251)
	at de.uka.ilkd.key.control.KeYEnvironment.load(KeYEnvironment.java:224)
	at de.uka.ilkd.key.control.KeYEnvironment.load(KeYEnvironment.java:184)
	at de.uka.ilkd.key.control.KeYEnvironment.load(KeYEnvironment.java:261)
	at de.uka.ilkd.key.proof.runallproofs.proofcollection.TestFile.load(TestFile.java:270)
	at de.uka.ilkd.key.proof.runallproofs.proofcollection.TestFile.runKey(TestFile.java:160)
	at de.uka.ilkd.key.proof.runallproofs.proofcollection.ForkedTestFileRunner.main(ForkedTestFileRunner.java:171)
Caused by: de.uka.ilkd.key.proof.init.ProofInputException: Could not find rule file rules/intRulesCheckedSemantics.key
	at de.uka.ilkd.key.proof.io.KeYFile.readIncludes(KeYFile.java:210)
	at de.uka.ilkd.key.proof.init.ProblemInitializer.readIncludes(ProblemInitializer.java:177)
	at de.uka.ilkd.key.proof.init.ProblemInitializer.readEnvInput(ProblemInitializer.java:325)
	at de.uka.ilkd.key.proof.init.ProblemInitializer.prepare(ProblemInitializer.java:449)
	at de.uka.ilkd.key.proof.io.AbstractProblemLoader.createInitConfig(AbstractProblemLoader.java:518)
	at de.uka.ilkd.key.proof.io.AbstractProblemLoader.loadEnvironment(AbstractProblemLoader.java:288)
	at de.uka.ilkd.key.proof.io.AbstractProblemLoader.load(AbstractProblemLoader.java:252)
	at de.uka.ilkd.key.control.AbstractUserInterfaceControl.load(AbstractUserInterfaceControl.java:209)
	... 7 more
Caused by: java.lang.RuntimeException: Could not find rule file rules/intRulesCheckedSemantics.key
	at de.uka.ilkd.key.proof.io.RuleSourceFactory.fromBuiltInRule(RuleSourceFactory.java:32)
	at de.uka.ilkd.key.proof.io.RuleSourceFactory.fromDefaultLocation(RuleSourceFactory.java:21)
	at de.uka.ilkd.key.nparser.builder.IncludeFinder.addInclude(IncludeFinder.java:63)
	at de.uka.ilkd.key.nparser.builder.IncludeFinder.visitOne_include(IncludeFinder.java:43)
	at de.uka.ilkd.key.nparser.builder.IncludeFinder.visitOne_include(IncludeFinder.java:20)
	at de.uka.ilkd.key.nparser.KeYParser$One_includeContext.accept(KeYParser.java:878)
	at de.uka.ilkd.key.nparser.builder.AbstractBuilder.lambda$mapOf$0(AbstractBuilder.java:112)
	at java.base/java.util.stream.ReferencePipeline$3$1.accept(ReferencePipeline.java:195)
	at java.base/java.util.ArrayList$ArrayListSpliterator.forEachRemaining(ArrayList.java:1655)
	at java.base/java.util.stream.AbstractPipeline.copyInto(AbstractPipeline.java:484)
	at java.base/java.util.stream.AbstractPipeline.wrapAndCopyInto(AbstractPipeline.java:474)
	at java.base/java.util.stream.ReduceOps$ReduceOp.evaluateSequential(ReduceOps.java:913)
	at java.base/java.util.stream.AbstractPipeline.evaluate(AbstractPipeline.java:234)
	at java.base/java.util.stream.ReferencePipeline.collect(ReferencePipeline.java:578)
	at de.uka.ilkd.key.nparser.builder.AbstractBuilder.mapOf(AbstractBuilder.java:112)
	at de.uka.ilkd.key.nparser.builder.IncludeFinder.visitOne_include_statement(IncludeFinder.java:35)
	at de.uka.ilkd.key.nparser.builder.IncludeFinder.visitOne_include_statement(IncludeFinder.java:20)
	at de.uka.ilkd.key.nparser.KeYParser$One_include_statementContext.accept(KeYParser.java:802)
	at org.antlr.v4.runtime.tree.AbstractParseTreeVisitor.visitChildren(AbstractParseTreeVisitor.java:46)
	at de.uka.ilkd.key.nparser.KeYParserBaseVisitor.visitDecls(KeYParserBaseVisitor.java:30)
	at de.uka.ilkd.key.nparser.KeYParser$DeclsContext.accept(KeYParser.java:500)
	at org.antlr.v4.runtime.tree.AbstractParseTreeVisitor.visitChildren(AbstractParseTreeVisitor.java:46)
	at de.uka.ilkd.key.nparser.KeYParserBaseVisitor.visitFile(KeYParserBaseVisitor.java:23)
	at de.uka.ilkd.key.nparser.KeYParser$FileContext.accept(KeYParser.java:306)
	at de.uka.ilkd.key.nparser.KeyAst.accept(KeyAst.java:41)
	at de.uka.ilkd.key.nparser.KeyAst$File.getIncludes(KeyAst.java:76)
	at de.uka.ilkd.key.proof.io.KeYFile.readIncludes(KeYFile.java:208)
	... 14 more
Could not find rule file rules/intRulesCheckedSemantics.key (file: /home/runner/work/key/key/key.core/../key.ui/examples/index/.././heap/permissions/threads/Plotter_stateInv_accessible.key; caused by: de.uka.ilkd.key.proof.init.ProofInputException: Could not find rule file rules/intRulesCheckedSemantics.key)
	at de.uka.ilkd.key.control.AbstractUserInterfaceControl.load(AbstractUserInterfaceControl.java:221)
	at de.uka.ilkd.key.control.KeYEnvironment.load(KeYEnvironment.java:251)
	at de.uka.ilkd.key.control.KeYEnvironment.load(KeYEnvironment.java:224)
	at de.uka.ilkd.key.control.KeYEnvironment.load(KeYEnvironment.java:184)
	at de.uka.ilkd.key.control.KeYEnvironment.load(KeYEnvironment.java:261)
	at de.uka.ilkd.key.proof.runallproofs.proofcollection.TestFile.load(TestFile.java:270)
	at de.uka.ilkd.key.proof.runallproofs.proofcollection.TestFile.runKey(TestFile.java:160)
	at de.uka.ilkd.key.proof.runallproofs.proofcollection.ForkedTestFileRunner.main(ForkedTestFileRunner.java:171)
Caused by: de.uka.ilkd.key.proof.init.ProofInputException: Could not find rule file rules/intRulesCheckedSemantics.key
	at de.uka.ilkd.key.proof.io.KeYFile.readIncludes(KeYFile.java:210)
	at de.uka.ilkd.key.proof.init.ProblemInitializer.readIncludes(ProblemInitializer.java:177)
	at de.uka.ilkd.key.proof.init.ProblemInitializer.readEnvInput(ProblemInitializer.java:325)
	at de.uka.ilkd.key.proof.init.ProblemInitializer.prepare(ProblemInitializer.java:449)
	at de.uka.ilkd.key.proof.io.AbstractProblemLoader.createInitConfig(AbstractProblemLoader.java:518)
	at de.uka.ilkd.key.proof.io.AbstractProblemLoader.loadEnvironment(AbstractProblemLoader.java:288)
	at de.uka.ilkd.key.proof.io.AbstractProblemLoader.load(AbstractProblemLoader.java:252)
	at de.uka.ilkd.key.control.AbstractUserInterfaceControl.load(AbstractUserInterfaceControl.java:209)
	... 7 more
Caused by: java.lang.RuntimeException: Could not find rule file rules/intRulesCheckedSemantics.key
	at de.uka.ilkd.key.proof.io.RuleSourceFactory.fromBuiltInRule(RuleSourceFactory.java:32)
	at de.uka.ilkd.key.proof.io.RuleSourceFactory.fromDefaultLocation(RuleSourceFactory.java:21)
	at de.uka.ilkd.key.nparser.builder.IncludeFinder.addInclude(IncludeFinder.java:63)
	at de.uka.ilkd.key.nparser.builder.IncludeFinder.visitOne_include(IncludeFinder.java:43)
	at de.uka.ilkd.key.nparser.builder.IncludeFinder.visitOne_include(IncludeFinder.java:20)
	at de.uka.ilkd.key.nparser.KeYParser$One_includeContext.accept(KeYParser.java:878)
	at de.uka.ilkd.key.nparser.builder.AbstractBuilder.lambda$mapOf$0(AbstractBuilder.java:112)
	at java.base/java.util.stream.ReferencePipeline$3$1.accept(ReferencePipeline.java:195)
	at java.base/java.util.ArrayList$ArrayListSpliterator.forEachRemaining(ArrayList.java:1655)
	at java.base/java.util.stream.AbstractPipeline.copyInto(AbstractPipeline.java:484)
	at java.base/java.util.stream.AbstractPipeline.wrapAndCopyInto(AbstractPipeline.java:474)
	at java.base/java.util.stream.ReduceOps$ReduceOp.evaluateSequential(ReduceOps.java:913)
	at java.base/java.util.stream.AbstractPipeline.evaluate(AbstractPipeline.java:234)
	at java.base/java.util.stream.ReferencePipeline.collect(ReferencePipeline.java:578)
	at de.uka.ilkd.key.nparser.builder.AbstractBuilder.mapOf(AbstractBuilder.java:112)
	at de.uka.ilkd.key.nparser.builder.IncludeFinder.visitOne_include_statement(IncludeFinder.java:35)
	at de.uka.ilkd.key.nparser.builder.IncludeFinder.visitOne_include_statement(IncludeFinder.java:20)
	at de.uka.ilkd.key.nparser.KeYParser$One_include_statementContext.accept(KeYParser.java:802)
	at org.antlr.v4.runtime.tree.AbstractParseTreeVisitor.visitChildren(AbstractParseTreeVisitor.java:46)
	at de.uka.ilkd.key.nparser.KeYParserBaseVisitor.visitDecls(KeYParserBaseVisitor.java:30)
	at de.uka.ilkd.key.nparser.KeYParser$DeclsContext.accept(KeYParser.java:500)
	at org.antlr.v4.runtime.tree.AbstractParseTreeVisitor.visitChildren(AbstractParseTreeVisitor.java:46)
	at de.uka.ilkd.key.nparser.KeYParserBaseVisitor.visitFile(KeYParserBaseVisitor.java:23)
	at de.uka.ilkd.key.nparser.KeYParser$FileContext.accept(KeYParser.java:306)
	at de.uka.ilkd.key.nparser.KeyAst.accept(KeyAst.java:41)
	at de.uka.ilkd.key.nparser.KeyAst$File.getIncludes(KeyAst.java:76)
	at de.uka.ilkd.key.proof.io.KeYFile.readIncludes(KeYFile.java:208)
	... 14 more
Could not find rule file rules/intRulesCheckedSemantics.key (file: /home/runner/work/key/key/key.core/../key.ui/examples/index/.././heap/permissions/threads/Plotter_staticPermissions_accessible.key; caused by: de.uka.ilkd.key.proof.init.ProofInputException: Could not find rule file rules/intRulesCheckedSemantics.key)
	at de.uka.ilkd.key.control.AbstractUserInterfaceControl.load(AbstractUserInterfaceControl.java:221)
	at de.uka.ilkd.key.control.KeYEnvironment.load(KeYEnvironment.java:251)
	at de.uka.ilkd.key.control.KeYEnvironment.load(KeYEnvironment.java:224)
	at de.uka.ilkd.key.control.KeYEnvironment.load(KeYEnvironment.java:184)
	at de.uka.ilkd.key.control.KeYEnvironment.load(KeYEnvironment.java:261)
	at de.uka.ilkd.key.proof.runallproofs.proofcollection.TestFile.load(TestFile.java:270)
	at de.uka.ilkd.key.proof.runallproofs.proofcollection.TestFile.runKey(TestFile.java:160)
	at de.uka.ilkd.key.proof.runallproofs.proofcollection.ForkedTestFileRunner.main(ForkedTestFileRunner.java:171)
Caused by: de.uka.ilkd.key.proof.init.ProofInputException: Could not find rule file rules/intRulesCheckedSemantics.key
	at de.uka.ilkd.key.proof.io.KeYFile.readIncludes(KeYFile.java:210)
	at de.uka.ilkd.key.proof.init.ProblemInitializer.readIncludes(ProblemInitializer.java:177)
	at de.uka.ilkd.key.proof.init.ProblemInitializer.readEnvInput(ProblemInitializer.java:325)
	at de.uka.ilkd.key.proof.init.ProblemInitializer.prepare(ProblemInitializer.java:449)
	at de.uka.ilkd.key.proof.io.AbstractProblemLoader.createInitConfig(AbstractProblemLoader.java:518)
	at de.uka.ilkd.key.proof.io.AbstractProblemLoader.loadEnvironment(AbstractProblemLoader.java:288)
	at de.uka.ilkd.key.proof.io.AbstractProblemLoader.load(AbstractProblemLoader.java:252)
	at de.uka.ilkd.key.control.AbstractUserInterfaceControl.load(AbstractUserInterfaceControl.java:209)
	... 7 more
Caused by: java.lang.RuntimeException: Could not find rule file rules/intRulesCheckedSemantics.key
	at de.uka.ilkd.key.proof.io.RuleSourceFactory.fromBuiltInRule(RuleSourceFactory.java:32)
	at de.uka.ilkd.key.proof.io.RuleSourceFactory.fromDefaultLocation(RuleSourceFactory.java:21)
	at de.uka.ilkd.key.nparser.builder.IncludeFinder.addInclude(IncludeFinder.java:63)
	at de.uka.ilkd.key.nparser.builder.IncludeFinder.visitOne_include(IncludeFinder.java:43)
	at de.uka.ilkd.key.nparser.builder.IncludeFinder.visitOne_include(IncludeFinder.java:20)
	at de.uka.ilkd.key.nparser.KeYParser$One_includeContext.accept(KeYParser.java:878)
	at de.uka.ilkd.key.nparser.builder.AbstractBuilder.lambda$mapOf$0(AbstractBuilder.java:112)
	at java.base/java.util.stream.ReferencePipeline$3$1.accept(ReferencePipeline.java:195)
	at java.base/java.util.ArrayList$ArrayListSpliterator.forEachRemaining(ArrayList.java:1655)
	at java.base/java.util.stream.AbstractPipeline.copyInto(AbstractPipeline.java:484)
	at java.base/java.util.stream.AbstractPipeline.wrapAndCopyInto(AbstractPipeline.java:474)
	at java.base/java.util.stream.ReduceOps$ReduceOp.evaluateSequential(ReduceOps.java:913)
	at java.base/java.util.stream.AbstractPipeline.evaluate(AbstractPipeline.java:234)
	at java.base/java.util.stream.ReferencePipeline.collect(ReferencePipeline.java:578)
	at de.uka.ilkd.key.nparser.builder.AbstractBuilder.mapOf(AbstractBuilder.java:112)
	at de.uka.ilkd.key.nparser.builder.IncludeFinder.visitOne_include_statement(IncludeFinder.java:35)
	at de.uka.ilkd.key.nparser.builder.IncludeFinder.visitOne_include_statement(IncludeFinder.java:20)
	at de.uka.ilkd.key.nparser.KeYParser$One_include_statementContext.accept(KeYParser.java:802)
	at org.antlr.v4.runtime.tree.AbstractParseTreeVisitor.visitChildren(AbstractParseTreeVisitor.java:46)
	at de.uka.ilkd.key.nparser.KeYParserBaseVisitor.visitDecls(KeYParserBaseVisitor.java:30)
	at de.uka.ilkd.key.nparser.KeYParser$DeclsContext.accept(KeYParser.java:500)
	at org.antlr.v4.runtime.tree.AbstractParseTreeVisitor.visitChildren(AbstractParseTreeVisitor.java:46)
	at de.uka.ilkd.key.nparser.KeYParserBaseVisitor.visitFile(KeYParserBaseVisitor.java:23)
	at de.uka.ilkd.key.nparser.KeYParser$FileContext.accept(KeYParser.java:306)
	at de.uka.ilkd.key.nparser.KeyAst.accept(KeyAst.java:41)
	at de.uka.ilkd.key.nparser.KeyAst$File.getIncludes(KeyAst.java:76)
	at de.uka.ilkd.key.proof.io.KeYFile.readIncludes(KeYFile.java:208)
	... 14 more
Could not find rule file rules/intRulesCheckedSemantics.key (file: /home/runner/work/key/key/key.core/../key.ui/examples/index/.././heap/permissions/threads/Plotter_workingPermissions_accessible.key; caused by: de.uka.ilkd.key.proof.init.ProofInputException: Could not find rule file rules/intRulesCheckedSemantics.key)
	at de.uka.ilkd.key.control.AbstractUserInterfaceControl.load(AbstractUserInterfaceControl.java:221)
	at de.uka.ilkd.key.control.KeYEnvironment.load(KeYEnvironment.java:251)
	at de.uka.ilkd.key.control.KeYEnvironment.load(KeYEnvironment.java:224)
	at de.uka.ilkd.key.control.KeYEnvironment.load(KeYEnvironment.java:184)
	at de.uka.ilkd.key.control.KeYEnvironment.load(KeYEnvironment.java:261)
	at de.uka.ilkd.key.proof.runallproofs.proofcollection.TestFile.load(TestFile.java:270)
	at de.uka.ilkd.key.proof.runallproofs.proofcollection.TestFile.runKey(TestFile.java:160)
	at de.uka.ilkd.key.proof.runallproofs.proofcollection.ForkedTestFileRunner.main(ForkedTestFileRunner.java:171)
Caused by: de.uka.ilkd.key.proof.init.ProofInputException: Could not find rule file rules/intRulesCheckedSemantics.key
	at de.uka.ilkd.key.proof.io.KeYFile.readIncludes(KeYFile.java:210)
	at de.uka.ilkd.key.proof.init.ProblemInitializer.readIncludes(ProblemInitializer.java:177)
	at de.uka.ilkd.key.proof.init.ProblemInitializer.readEnvInput(ProblemInitializer.java:325)
	at de.uka.ilkd.key.proof.init.ProblemInitializer.prepare(ProblemInitializer.java:449)
	at de.uka.ilkd.key.proof.io.AbstractProblemLoader.createInitConfig(AbstractProblemLoader.java:518)
	at de.uka.ilkd.key.proof.io.AbstractProblemLoader.loadEnvironment(AbstractProblemLoader.java:288)
	at de.uka.ilkd.key.proof.io.AbstractProblemLoader.load(AbstractProblemLoader.java:252)
	at de.uka.ilkd.key.control.AbstractUserInterfaceControl.load(AbstractUserInterfaceControl.java:209)
	... 7 more
Caused by: java.lang.RuntimeException: Could not find rule file rules/intRulesCheckedSemantics.key
	at de.uka.ilkd.key.proof.io.RuleSourceFactory.fromBuiltInRule(RuleSourceFactory.java:32)
	at de.uka.ilkd.key.proof.io.RuleSourceFactory.fromDefaultLocation(RuleSourceFactory.java:21)
	at de.uka.ilkd.key.nparser.builder.IncludeFinder.addInclude(IncludeFinder.java:63)
	at de.uka.ilkd.key.nparser.builder.IncludeFinder.visitOne_include(IncludeFinder.java:43)
	at de.uka.ilkd.key.nparser.builder.IncludeFinder.visitOne_include(IncludeFinder.java:20)
	at de.uka.ilkd.key.nparser.KeYParser$One_includeContext.accept(KeYParser.java:878)
	at de.uka.ilkd.key.nparser.builder.AbstractBuilder.lambda$mapOf$0(AbstractBuilder.java:112)
	at java.base/java.util.stream.ReferencePipeline$3$1.accept(ReferencePipeline.java:195)
	at java.base/java.util.ArrayList$ArrayListSpliterator.forEachRemaining(ArrayList.java:1655)
	at java.base/java.util.stream.AbstractPipeline.copyInto(AbstractPipeline.java:484)
	at java.base/java.util.stream.AbstractPipeline.wrapAndCopyInto(AbstractPipeline.java:474)
	at java.base/java.util.stream.ReduceOps$ReduceOp.evaluateSequential(ReduceOps.java:913)
	at java.base/java.util.stream.AbstractPipeline.evaluate(AbstractPipeline.java:234)
	at java.base/java.util.stream.ReferencePipeline.collect(ReferencePipeline.java:578)
	at de.uka.ilkd.key.nparser.builder.AbstractBuilder.mapOf(AbstractBuilder.java:112)
	at de.uka.ilkd.key.nparser.builder.IncludeFinder.visitOne_include_statement(IncludeFinder.java:35)
	at de.uka.ilkd.key.nparser.builder.IncludeFinder.visitOne_include_statement(IncludeFinder.java:20)
	at de.uka.ilkd.key.nparser.KeYParser$One_include_statementContext.accept(KeYParser.java:802)
	at org.antlr.v4.runtime.tree.AbstractParseTreeVisitor.visitChildren(AbstractParseTreeVisitor.java:46)
	at de.uka.ilkd.key.nparser.KeYParserBaseVisitor.visitDecls(KeYParserBaseVisitor.java:30)
	at de.uka.ilkd.key.nparser.KeYParser$DeclsContext.accept(KeYParser.java:500)
	at org.antlr.v4.runtime.tree.AbstractParseTreeVisitor.visitChildren(AbstractParseTreeVisitor.java:46)
	at de.uka.ilkd.key.nparser.KeYParserBaseVisitor.visitFile(KeYParserBaseVisitor.java:23)
	at de.uka.ilkd.key.nparser.KeYParser$FileContext.accept(KeYParser.java:306)
	at de.uka.ilkd.key.nparser.KeyAst.accept(KeyAst.java:41)
	at de.uka.ilkd.key.nparser.KeyAst$File.getIncludes(KeyAst.java:76)
	at de.uka.ilkd.key.proof.io.KeYFile.readIncludes(KeYFile.java:208)
	... 14 more
Could not find rule file rules/intRulesCheckedSemantics.key (file: /home/runner/work/key/key/key.core/../key.ui/examples/index/.././heap/permissions/threads/Sampler_initPost_accessible.key; caused by: de.uka.ilkd.key.proof.init.ProofInputException: Could not find rule file rules/intRulesCheckedSemantics.key)
	at de.uka.ilkd.key.control.AbstractUserInterfaceControl.load(AbstractUserInterfaceControl.java:221)
	at de.uka.ilkd.key.control.KeYEnvironment.load(KeYEnvironment.java:251)
	at de.uka.ilkd.key.control.KeYEnvironment.load(KeYEnvironment.java:224)
	at de.uka.ilkd.key.control.KeYEnvironment.load(KeYEnvironment.java:184)
	at de.uka.ilkd.key.control.KeYEnvironment.load(KeYEnvironment.java:261)
	at de.uka.ilkd.key.proof.runallproofs.proofcollection.TestFile.load(TestFile.java:270)
	at de.uka.ilkd.key.proof.runallproofs.proofcollection.TestFile.runKey(TestFile.java:160)
	at de.uka.ilkd.key.proof.runallproofs.proofcollection.ForkedTestFileRunner.main(ForkedTestFileRunner.java:171)
Caused by: de.uka.ilkd.key.proof.init.ProofInputException: Could not find rule file rules/intRulesCheckedSemantics.key
	at de.uka.ilkd.key.proof.io.KeYFile.readIncludes(KeYFile.java:210)
	at de.uka.ilkd.key.proof.init.ProblemInitializer.readIncludes(ProblemInitializer.java:177)
	at de.uka.ilkd.key.proof.init.ProblemInitializer.readEnvInput(ProblemInitializer.java:325)
	at de.uka.ilkd.key.proof.init.ProblemInitializer.prepare(ProblemInitializer.java:449)
	at de.uka.ilkd.key.proof.io.AbstractProblemLoader.createInitConfig(AbstractProblemLoader.java:518)
	at de.uka.ilkd.key.proof.io.AbstractProblemLoader.loadEnvironment(AbstractProblemLoader.java:288)
	at de.uka.ilkd.key.proof.io.AbstractProblemLoader.load(AbstractProblemLoader.java:252)
	at de.uka.ilkd.key.control.AbstractUserInterfaceControl.load(AbstractUserInterfaceControl.java:209)
	... 7 more
Caused by: java.lang.RuntimeException: Could not find rule file rules/intRulesCheckedSemantics.key
	at de.uka.ilkd.key.proof.io.RuleSourceFactory.fromBuiltInRule(RuleSourceFactory.java:32)
	at de.uka.ilkd.key.proof.io.RuleSourceFactory.fromDefaultLocation(RuleSourceFactory.java:21)
	at de.uka.ilkd.key.nparser.builder.IncludeFinder.addInclude(IncludeFinder.java:63)
	at de.uka.ilkd.key.nparser.builder.IncludeFinder.visitOne_include(IncludeFinder.java:43)
	at de.uka.ilkd.key.nparser.builder.IncludeFinder.visitOne_include(IncludeFinder.java:20)
	at de.uka.ilkd.key.nparser.KeYParser$One_includeContext.accept(KeYParser.java:878)
	at de.uka.ilkd.key.nparser.builder.AbstractBuilder.lambda$mapOf$0(AbstractBuilder.java:112)
	at java.base/java.util.stream.ReferencePipeline$3$1.accept(ReferencePipeline.java:195)
	at java.base/java.util.ArrayList$ArrayListSpliterator.forEachRemaining(ArrayList.java:1655)
	at java.base/java.util.stream.AbstractPipeline.copyInto(AbstractPipeline.java:484)
	at java.base/java.util.stream.AbstractPipeline.wrapAndCopyInto(AbstractPipeline.java:474)
	at java.base/java.util.stream.ReduceOps$ReduceOp.evaluateSequential(ReduceOps.java:913)
	at java.base/java.util.stream.AbstractPipeline.evaluate(AbstractPipeline.java:234)
	at java.base/java.util.stream.ReferencePipeline.collect(ReferencePipeline.java:578)
	at de.uka.ilkd.key.nparser.builder.AbstractBuilder.mapOf(AbstractBuilder.java:112)
	at de.uka.ilkd.key.nparser.builder.IncludeFinder.visitOne_include_statement(IncludeFinder.java:35)
	at de.uka.ilkd.key.nparser.builder.IncludeFinder.visitOne_include_statement(IncludeFinder.java:20)
	at de.uka.ilkd.key.nparser.KeYParser$One_include_statementContext.accept(KeYParser.java:802)
	at org.antlr.v4.runtime.tree.AbstractParseTreeVisitor.visitChildren(AbstractParseTreeVisitor.java:46)
	at de.uka.ilkd.key.nparser.KeYParserBaseVisitor.visitDecls(KeYParserBaseVisitor.java:30)
	at de.uka.ilkd.key.nparser.KeYParser$DeclsContext.accept(KeYParser.java:500)
	at org.antlr.v4.runtime.tree.AbstractParseTreeVisitor.visitChildren(AbstractParseTreeVisitor.java:46)
	at de.uka.ilkd.key.nparser.KeYParserBaseVisitor.visitFile(KeYParserBaseVisitor.java:23)
	at de.uka.ilkd.key.nparser.KeYParser$FileContext.accept(KeYParser.java:306)
	at de.uka.ilkd.key.nparser.KeyAst.accept(KeyAst.java:41)
	at de.uka.ilkd.key.nparser.KeyAst$File.getIncludes(KeyAst.java:76)
	at de.uka.ilkd.key.proof.io.KeYFile.readIncludes(KeYFile.java:208)
	... 14 more
Could not find rule file rules/intRulesCheckedSemantics.key (file: /home/runner/work/key/key/key.core/../key.ui/examples/index/.././heap/permissions/threads/Sampler_inv_accessible1.key; caused by: de.uka.ilkd.key.proof.init.ProofInputException: Could not find rule file rules/intRulesCheckedSemantics.key)
	at de.uka.ilkd.key.control.AbstractUserInterfaceControl.load(AbstractUserInterfaceControl.java:221)
	at de.uka.ilkd.key.control.KeYEnvironment.load(KeYEnvironment.java:251)
	at de.uka.ilkd.key.control.KeYEnvironment.load(KeYEnvironment.java:224)
	at de.uka.ilkd.key.control.KeYEnvironment.load(KeYEnvironment.java:184)
	at de.uka.ilkd.key.control.KeYEnvironment.load(KeYEnvironment.java:261)
	at de.uka.ilkd.key.proof.runallproofs.proofcollection.TestFile.load(TestFile.java:270)
	at de.uka.ilkd.key.proof.runallproofs.proofcollection.TestFile.runKey(TestFile.java:160)
	at de.uka.ilkd.key.proof.runallproofs.proofcollection.ForkedTestFileRunner.main(ForkedTestFileRunner.java:171)
Caused by: de.uka.ilkd.key.proof.init.ProofInputException: Could not find rule file rules/intRulesCheckedSemantics.key
	at de.uka.ilkd.key.proof.io.KeYFile.readIncludes(KeYFile.java:210)
	at de.uka.ilkd.key.proof.init.ProblemInitializer.readIncludes(ProblemInitializer.java:177)
	at de.uka.ilkd.key.proof.init.ProblemInitializer.readEnvInput(ProblemInitializer.java:325)
	at de.uka.ilkd.key.proof.init.ProblemInitializer.prepare(ProblemInitializer.java:449)
	at de.uka.ilkd.key.proof.io.AbstractProblemLoader.createInitConfig(AbstractProblemLoader.java:518)
	at de.uka.ilkd.key.proof.io.AbstractProblemLoader.loadEnvironment(AbstractProblemLoader.java:288)
	at de.uka.ilkd.key.proof.io.AbstractProblemLoader.load(AbstractProblemLoader.java:252)
	at de.uka.ilkd.key.control.AbstractUserInterfaceControl.load(AbstractUserInterfaceControl.java:209)
	... 7 more
Caused by: java.lang.RuntimeException: Could not find rule file rules/intRulesCheckedSemantics.key
	at de.uka.ilkd.key.proof.io.RuleSourceFactory.fromBuiltInRule(RuleSourceFactory.java:32)
	at de.uka.ilkd.key.proof.io.RuleSourceFactory.fromDefaultLocation(RuleSourceFactory.java:21)
	at de.uka.ilkd.key.nparser.builder.IncludeFinder.addInclude(IncludeFinder.java:63)
	at de.uka.ilkd.key.nparser.builder.IncludeFinder.visitOne_include(IncludeFinder.java:43)
	at de.uka.ilkd.key.nparser.builder.IncludeFinder.visitOne_include(IncludeFinder.java:20)
	at de.uka.ilkd.key.nparser.KeYParser$One_includeContext.accept(KeYParser.java:878)
	at de.uka.ilkd.key.nparser.builder.AbstractBuilder.lambda$mapOf$0(AbstractBuilder.java:112)
	at java.base/java.util.stream.ReferencePipeline$3$1.accept(ReferencePipeline.java:195)
	at java.base/java.util.ArrayList$ArrayListSpliterator.forEachRemaining(ArrayList.java:1655)
	at java.base/java.util.stream.AbstractPipeline.copyInto(AbstractPipeline.java:484)
	at java.base/java.util.stream.AbstractPipeline.wrapAndCopyInto(AbstractPipeline.java:474)
	at java.base/java.util.stream.ReduceOps$ReduceOp.evaluateSequential(ReduceOps.java:913)
	at java.base/java.util.stream.AbstractPipeline.evaluate(AbstractPipeline.java:234)
	at java.base/java.util.stream.ReferencePipeline.collect(ReferencePipeline.java:578)
	at de.uka.ilkd.key.nparser.builder.AbstractBuilder.mapOf(AbstractBuilder.java:112)
	at de.uka.ilkd.key.nparser.builder.IncludeFinder.visitOne_include_statement(IncludeFinder.java:35)
	at de.uka.ilkd.key.nparser.builder.IncludeFinder.visitOne_include_statement(IncludeFinder.java:20)
	at de.uka.ilkd.key.nparser.KeYParser$One_include_statementContext.accept(KeYParser.java:802)
	at org.antlr.v4.runtime.tree.AbstractParseTreeVisitor.visitChildren(AbstractParseTreeVisitor.java:46)
	at de.uka.ilkd.key.nparser.KeYParserBaseVisitor.visitDecls(KeYParserBaseVisitor.java:30)
	at de.uka.ilkd.key.nparser.KeYParser$DeclsContext.accept(KeYParser.java:500)
	at org.antlr.v4.runtime.tree.AbstractParseTreeVisitor.visitChildren(AbstractParseTreeVisitor.java:46)
	at de.uka.ilkd.key.nparser.KeYParserBaseVisitor.visitFile(KeYParserBaseVisitor.java:23)
	at de.uka.ilkd.key.nparser.KeYParser$FileContext.accept(KeYParser.java:306)
	at de.uka.ilkd.key.nparser.KeyAst.accept(KeyAst.java:41)
	at de.uka.ilkd.key.nparser.KeyAst$File.getIncludes(KeyAst.java:76)
	at de.uka.ilkd.key.proof.io.KeYFile.readIncludes(KeYFile.java:208)
	... 14 more
Could not find rule file rules/intRulesCheckedSemantics.key (file: /home/runner/work/key/key/key.core/../key.ui/examples/index/.././heap/permissions/threads/Sampler_inv_accessible2.key; caused by: de.uka.ilkd.key.proof.init.ProofInputException: Could not find rule file rules/intRulesCheckedSemantics.key)
	at de.uka.ilkd.key.control.AbstractUserInterfaceControl.load(AbstractUserInterfaceControl.java:221)
	at de.uka.ilkd.key.control.KeYEnvironment.load(KeYEnvironment.java:251)
	at de.uka.ilkd.key.control.KeYEnvironment.load(KeYEnvironment.java:224)
	at de.uka.ilkd.key.control.KeYEnvironment.load(KeYEnvironment.java:184)
	at de.uka.ilkd.key.control.KeYEnvironment.load(KeYEnvironment.java:261)
	at de.uka.ilkd.key.proof.runallproofs.proofcollection.TestFile.load(TestFile.java:270)
	at de.uka.ilkd.key.proof.runallproofs.proofcollection.TestFile.runKey(TestFile.java:160)
	at de.uka.ilkd.key.proof.runallproofs.proofcollection.ForkedTestFileRunner.main(ForkedTestFileRunner.java:171)
Caused by: de.uka.ilkd.key.proof.init.ProofInputException: Could not find rule file rules/intRulesCheckedSemantics.key
	at de.uka.ilkd.key.proof.io.KeYFile.readIncludes(KeYFile.java:210)
	at de.uka.ilkd.key.proof.init.ProblemInitializer.readIncludes(ProblemInitializer.java:177)
	at de.uka.ilkd.key.proof.init.ProblemInitializer.readEnvInput(ProblemInitializer.java:325)
	at de.uka.ilkd.key.proof.init.ProblemInitializer.prepare(ProblemInitializer.java:449)
	at de.uka.ilkd.key.proof.io.AbstractProblemLoader.createInitConfig(AbstractProblemLoader.java:518)
	at de.uka.ilkd.key.proof.io.AbstractProblemLoader.loadEnvironment(AbstractProblemLoader.java:288)
	at de.uka.ilkd.key.proof.io.AbstractProblemLoader.load(AbstractProblemLoader.java:252)
	at de.uka.ilkd.key.control.AbstractUserInterfaceControl.load(AbstractUserInterfaceControl.java:209)
	... 7 more
Caused by: java.lang.RuntimeException: Could not find rule file rules/intRulesCheckedSemantics.key
	at de.uka.ilkd.key.proof.io.RuleSourceFactory.fromBuiltInRule(RuleSourceFactory.java:32)
	at de.uka.ilkd.key.proof.io.RuleSourceFactory.fromDefaultLocation(RuleSourceFactory.java:21)
	at de.uka.ilkd.key.nparser.builder.IncludeFinder.addInclude(IncludeFinder.java:63)
	at de.uka.ilkd.key.nparser.builder.IncludeFinder.visitOne_include(IncludeFinder.java:43)
	at de.uka.ilkd.key.nparser.builder.IncludeFinder.visitOne_include(IncludeFinder.java:20)
	at de.uka.ilkd.key.nparser.KeYParser$One_includeContext.accept(KeYParser.java:878)
	at de.uka.ilkd.key.nparser.builder.AbstractBuilder.lambda$mapOf$0(AbstractBuilder.java:112)
	at java.base/java.util.stream.ReferencePipeline$3$1.accept(ReferencePipeline.java:195)
	at java.base/java.util.ArrayList$ArrayListSpliterator.forEachRemaining(ArrayList.java:1655)
	at java.base/java.util.stream.AbstractPipeline.copyInto(AbstractPipeline.java:484)
	at java.base/java.util.stream.AbstractPipeline.wrapAndCopyInto(AbstractPipeline.java:474)
	at java.base/java.util.stream.ReduceOps$ReduceOp.evaluateSequential(ReduceOps.java:913)
	at java.base/java.util.stream.AbstractPipeline.evaluate(AbstractPipeline.java:234)
	at java.base/java.util.stream.ReferencePipeline.collect(ReferencePipeline.java:578)
	at de.uka.ilkd.key.nparser.builder.AbstractBuilder.mapOf(AbstractBuilder.java:112)
	at de.uka.ilkd.key.nparser.builder.IncludeFinder.visitOne_include_statement(IncludeFinder.java:35)
	at de.uka.ilkd.key.nparser.builder.IncludeFinder.visitOne_include_statement(IncludeFinder.java:20)
	at de.uka.ilkd.key.nparser.KeYParser$One_include_statementContext.accept(KeYParser.java:802)
	at org.antlr.v4.runtime.tree.AbstractParseTreeVisitor.visitChildren(AbstractParseTreeVisitor.java:46)
	at de.uka.ilkd.key.nparser.KeYParserBaseVisitor.visitDecls(KeYParserBaseVisitor.java:30)
	at de.uka.ilkd.key.nparser.KeYParser$DeclsContext.accept(KeYParser.java:500)
	at org.antlr.v4.runtime.tree.AbstractParseTreeVisitor.visitChildren(AbstractParseTreeVisitor.java:46)
	at de.uka.ilkd.key.nparser.KeYParserBaseVisitor.visitFile(KeYParserBaseVisitor.java:23)
	at de.uka.ilkd.key.nparser.KeYParser$FileContext.accept(KeYParser.java:306)
	at de.uka.ilkd.key.nparser.KeyAst.accept(KeyAst.java:41)
	at de.uka.ilkd.key.nparser.KeyAst$File.getIncludes(KeyAst.java:76)
	at de.uka.ilkd.key.proof.io.KeYFile.readIncludes(KeYFile.java:208)
	... 14 more
Could not find rule file rules/intRulesCheckedSemantics.key (file: /home/runner/work/key/key/key.core/../key.ui/examples/index/.././heap/permissions/threads/Sampler_joinTransfer_accessible.key; caused by: de.uka.ilkd.key.proof.init.ProofInputException: Could not find rule file rules/intRulesCheckedSemantics.key)
	at de.uka.ilkd.key.control.AbstractUserInterfaceControl.load(AbstractUserInterfaceControl.java:221)
	at de.uka.ilkd.key.control.KeYEnvironment.load(KeYEnvironment.java:251)
	at de.uka.ilkd.key.control.KeYEnvironment.load(KeYEnvironment.java:224)
	at de.uka.ilkd.key.control.KeYEnvironment.load(KeYEnvironment.java:184)
	at de.uka.ilkd.key.control.KeYEnvironment.load(KeYEnvironment.java:261)
	at de.uka.ilkd.key.proof.runallproofs.proofcollection.TestFile.load(TestFile.java:270)
	at de.uka.ilkd.key.proof.runallproofs.proofcollection.TestFile.runKey(TestFile.java:160)
	at de.uka.ilkd.key.proof.runallproofs.proofcollection.ForkedTestFileRunner.main(ForkedTestFileRunner.java:171)
Caused by: de.uka.ilkd.key.proof.init.ProofInputException: Could not find rule file rules/intRulesCheckedSemantics.key
	at de.uka.ilkd.key.proof.io.KeYFile.readIncludes(KeYFile.java:210)
	at de.uka.ilkd.key.proof.init.ProblemInitializer.readIncludes(ProblemInitializer.java:177)
	at de.uka.ilkd.key.proof.init.ProblemInitializer.readEnvInput(ProblemInitializer.java:325)
	at de.uka.ilkd.key.proof.init.ProblemInitializer.prepare(ProblemInitializer.java:449)
	at de.uka.ilkd.key.proof.io.AbstractProblemLoader.createInitConfig(AbstractProblemLoader.java:518)
	at de.uka.ilkd.key.proof.io.AbstractProblemLoader.loadEnvironment(AbstractProblemLoader.java:288)
	at de.uka.ilkd.key.proof.io.AbstractProblemLoader.load(AbstractProblemLoader.java:252)
	at de.uka.ilkd.key.control.AbstractUserInterfaceControl.load(AbstractUserInterfaceControl.java:209)
	... 7 more
Caused by: java.lang.RuntimeException: Could not find rule file rules/intRulesCheckedSemantics.key
	at de.uka.ilkd.key.proof.io.RuleSourceFactory.fromBuiltInRule(RuleSourceFactory.java:32)
	at de.uka.ilkd.key.proof.io.RuleSourceFactory.fromDefaultLocation(RuleSourceFactory.java:21)
	at de.uka.ilkd.key.nparser.builder.IncludeFinder.addInclude(IncludeFinder.java:63)
	at de.uka.ilkd.key.nparser.builder.IncludeFinder.visitOne_include(IncludeFinder.java:43)
	at de.uka.ilkd.key.nparser.builder.IncludeFinder.visitOne_include(IncludeFinder.java:20)
	at de.uka.ilkd.key.nparser.KeYParser$One_includeContext.accept(KeYParser.java:878)
	at de.uka.ilkd.key.nparser.builder.AbstractBuilder.lambda$mapOf$0(AbstractBuilder.java:112)
	at java.base/java.util.stream.ReferencePipeline$3$1.accept(ReferencePipeline.java:195)
	at java.base/java.util.ArrayList$ArrayListSpliterator.forEachRemaining(ArrayList.java:1655)
	at java.base/java.util.stream.AbstractPipeline.copyInto(AbstractPipeline.java:484)
	at java.base/java.util.stream.AbstractPipeline.wrapAndCopyInto(AbstractPipeline.java:474)
	at java.base/java.util.stream.ReduceOps$ReduceOp.evaluateSequential(ReduceOps.java:913)
	at java.base/java.util.stream.AbstractPipeline.evaluate(AbstractPipeline.java:234)
	at java.base/java.util.stream.ReferencePipeline.collect(ReferencePipeline.java:578)
	at de.uka.ilkd.key.nparser.builder.AbstractBuilder.mapOf(AbstractBuilder.java:112)
	at de.uka.ilkd.key.nparser.builder.IncludeFinder.visitOne_include_statement(IncludeFinder.java:35)
	at de.uka.ilkd.key.nparser.builder.IncludeFinder.visitOne_include_statement(IncludeFinder.java:20)
	at de.uka.ilkd.key.nparser.KeYParser$One_include_statementContext.accept(KeYParser.java:802)
	at org.antlr.v4.runtime.tree.AbstractParseTreeVisitor.visitChildren(AbstractParseTreeVisitor.java:46)
	at de.uka.ilkd.key.nparser.KeYParserBaseVisitor.visitDecls(KeYParserBaseVisitor.java:30)
	at de.uka.ilkd.key.nparser.KeYParser$DeclsContext.accept(KeYParser.java:500)
	at org.antlr.v4.runtime.tree.AbstractParseTreeVisitor.visitChildren(AbstractParseTreeVisitor.java:46)
	at de.uka.ilkd.key.nparser.KeYParserBaseVisitor.visitFile(KeYParserBaseVisitor.java:23)
	at de.uka.ilkd.key.nparser.KeYParser$FileContext.accept(KeYParser.java:306)
	at de.uka.ilkd.key.nparser.KeyAst.accept(KeyAst.java:41)
	at de.uka.ilkd.key.nparser.KeyAst$File.getIncludes(KeyAst.java:76)
	at de.uka.ilkd.key.proof.io.KeYFile.readIncludes(KeYFile.java:208)
	... 14 more
Could not find rule file rules/intRulesCheckedSemantics.key (file: /home/runner/work/key/key/key.core/../key.ui/examples/index/.././heap/permissions/threads/Sampler_joinTransfer_contract.key; caused by: de.uka.ilkd.key.proof.init.ProofInputException: Could not find rule file rules/intRulesCheckedSemantics.key)
	at de.uka.ilkd.key.control.AbstractUserInterfaceControl.load(AbstractUserInterfaceControl.java:221)
	at de.uka.ilkd.key.control.KeYEnvironment.load(KeYEnvironment.java:251)
	at de.uka.ilkd.key.control.KeYEnvironment.load(KeYEnvironment.java:224)
	at de.uka.ilkd.key.control.KeYEnvironment.load(KeYEnvironment.java:184)
	at de.uka.ilkd.key.control.KeYEnvironment.load(KeYEnvironment.java:261)
	at de.uka.ilkd.key.proof.runallproofs.proofcollection.TestFile.load(TestFile.java:270)
	at de.uka.ilkd.key.proof.runallproofs.proofcollection.TestFile.runKey(TestFile.java:160)
	at de.uka.ilkd.key.proof.runallproofs.proofcollection.ForkedTestFileRunner.main(ForkedTestFileRunner.java:171)
Caused by: de.uka.ilkd.key.proof.init.ProofInputException: Could not find rule file rules/intRulesCheckedSemantics.key
	at de.uka.ilkd.key.proof.io.KeYFile.readIncludes(KeYFile.java:210)
	at de.uka.ilkd.key.proof.init.ProblemInitializer.readIncludes(ProblemInitializer.java:177)
	at de.uka.ilkd.key.proof.init.ProblemInitializer.readEnvInput(ProblemInitializer.java:325)
	at de.uka.ilkd.key.proof.init.ProblemInitializer.prepare(ProblemInitializer.java:449)
	at de.uka.ilkd.key.proof.io.AbstractProblemLoader.createInitConfig(AbstractProblemLoader.java:518)
	at de.uka.ilkd.key.proof.io.AbstractProblemLoader.loadEnvironment(AbstractProblemLoader.java:288)
	at de.uka.ilkd.key.proof.io.AbstractProblemLoader.load(AbstractProblemLoader.java:252)
	at de.uka.ilkd.key.control.AbstractUserInterfaceControl.load(AbstractUserInterfaceControl.java:209)
	... 7 more
Caused by: java.lang.RuntimeException: Could not find rule file rules/intRulesCheckedSemantics.key
	at de.uka.ilkd.key.proof.io.RuleSourceFactory.fromBuiltInRule(RuleSourceFactory.java:32)
	at de.uka.ilkd.key.proof.io.RuleSourceFactory.fromDefaultLocation(RuleSourceFactory.java:21)
	at de.uka.ilkd.key.nparser.builder.IncludeFinder.addInclude(IncludeFinder.java:63)
	at de.uka.ilkd.key.nparser.builder.IncludeFinder.visitOne_include(IncludeFinder.java:43)
	at de.uka.ilkd.key.nparser.builder.IncludeFinder.visitOne_include(IncludeFinder.java:20)
	at de.uka.ilkd.key.nparser.KeYParser$One_includeContext.accept(KeYParser.java:878)
	at de.uka.ilkd.key.nparser.builder.AbstractBuilder.lambda$mapOf$0(AbstractBuilder.java:112)
	at java.base/java.util.stream.ReferencePipeline$3$1.accept(ReferencePipeline.java:195)
	at java.base/java.util.ArrayList$ArrayListSpliterator.forEachRemaining(ArrayList.java:1655)
	at java.base/java.util.stream.AbstractPipeline.copyInto(AbstractPipeline.java:484)
	at java.base/java.util.stream.AbstractPipeline.wrapAndCopyInto(AbstractPipeline.java:474)
	at java.base/java.util.stream.ReduceOps$ReduceOp.evaluateSequential(ReduceOps.java:913)
	at java.base/java.util.stream.AbstractPipeline.evaluate(AbstractPipeline.java:234)
	at java.base/java.util.stream.ReferencePipeline.collect(ReferencePipeline.java:578)
	at de.uka.ilkd.key.nparser.builder.AbstractBuilder.mapOf(AbstractBuilder.java:112)
	at de.uka.ilkd.key.nparser.builder.IncludeFinder.visitOne_include_statement(IncludeFinder.java:35)
	at de.uka.ilkd.key.nparser.builder.IncludeFinder.visitOne_include_statement(IncludeFinder.java:20)
	at de.uka.ilkd.key.nparser.KeYParser$One_include_statementContext.accept(KeYParser.java:802)
	at org.antlr.v4.runtime.tree.AbstractParseTreeVisitor.visitChildren(AbstractParseTreeVisitor.java:46)
	at de.uka.ilkd.key.nparser.KeYParserBaseVisitor.visitDecls(KeYParserBaseVisitor.java:30)
	at de.uka.ilkd.key.nparser.KeYParser$DeclsContext.accept(KeYParser.java:500)
	at org.antlr.v4.runtime.tree.AbstractParseTreeVisitor.visitChildren(AbstractParseTreeVisitor.java:46)
	at de.uka.ilkd.key.nparser.KeYParserBaseVisitor.visitFile(KeYParserBaseVisitor.java:23)
	at de.uka.ilkd.key.nparser.KeYParser$FileContext.accept(KeYParser.java:306)
	at de.uka.ilkd.key.nparser.KeyAst.accept(KeyAst.java:41)
	at de.uka.ilkd.key.nparser.KeyAst$File.getIncludes(KeyAst.java:76)
	at de.uka.ilkd.key.proof.io.KeYFile.readIncludes(KeYFile.java:208)
	... 14 more
Could not find rule file rules/intRulesCheckedSemantics.key (file: /home/runner/work/key/key/key.core/../key.ui/examples/index/.././heap/permissions/threads/Sampler_postJoin_accessible.key; caused by: de.uka.ilkd.key.proof.init.ProofInputException: Could not find rule file rules/intRulesCheckedSemantics.key)
	at de.uka.ilkd.key.control.AbstractUserInterfaceControl.load(AbstractUserInterfaceControl.java:221)
	at de.uka.ilkd.key.control.KeYEnvironment.load(KeYEnvironment.java:251)
	at de.uka.ilkd.key.control.KeYEnvironment.load(KeYEnvironment.java:224)
	at de.uka.ilkd.key.control.KeYEnvironment.load(KeYEnvironment.java:184)
	at de.uka.ilkd.key.control.KeYEnvironment.load(KeYEnvironment.java:261)
	at de.uka.ilkd.key.proof.runallproofs.proofcollection.TestFile.load(TestFile.java:270)
	at de.uka.ilkd.key.proof.runallproofs.proofcollection.TestFile.runKey(TestFile.java:160)
	at de.uka.ilkd.key.proof.runallproofs.proofcollection.ForkedTestFileRunner.main(ForkedTestFileRunner.java:171)
Caused by: de.uka.ilkd.key.proof.init.ProofInputException: Could not find rule file rules/intRulesCheckedSemantics.key
	at de.uka.ilkd.key.proof.io.KeYFile.readIncludes(KeYFile.java:210)
	at de.uka.ilkd.key.proof.init.ProblemInitializer.readIncludes(ProblemInitializer.java:177)
	at de.uka.ilkd.key.proof.init.ProblemInitializer.readEnvInput(ProblemInitializer.java:325)
	at de.uka.ilkd.key.proof.init.ProblemInitializer.prepare(ProblemInitializer.java:449)
	at de.uka.ilkd.key.proof.io.AbstractProblemLoader.createInitConfig(AbstractProblemLoader.java:518)
	at de.uka.ilkd.key.proof.io.AbstractProblemLoader.loadEnvironment(AbstractProblemLoader.java:288)
	at de.uka.ilkd.key.proof.io.AbstractProblemLoader.load(AbstractProblemLoader.java:252)
	at de.uka.ilkd.key.control.AbstractUserInterfaceControl.load(AbstractUserInterfaceControl.java:209)
	... 7 more
Caused by: java.lang.RuntimeException: Could not find rule file rules/intRulesCheckedSemantics.key
	at de.uka.ilkd.key.proof.io.RuleSourceFactory.fromBuiltInRule(RuleSourceFactory.java:32)
	at de.uka.ilkd.key.proof.io.RuleSourceFactory.fromDefaultLocation(RuleSourceFactory.java:21)
	at de.uka.ilkd.key.nparser.builder.IncludeFinder.addInclude(IncludeFinder.java:63)
	at de.uka.ilkd.key.nparser.builder.IncludeFinder.visitOne_include(IncludeFinder.java:43)
	at de.uka.ilkd.key.nparser.builder.IncludeFinder.visitOne_include(IncludeFinder.java:20)
	at de.uka.ilkd.key.nparser.KeYParser$One_includeContext.accept(KeYParser.java:878)
	at de.uka.ilkd.key.nparser.builder.AbstractBuilder.lambda$mapOf$0(AbstractBuilder.java:112)
	at java.base/java.util.stream.ReferencePipeline$3$1.accept(ReferencePipeline.java:195)
	at java.base/java.util.ArrayList$ArrayListSpliterator.forEachRemaining(ArrayList.java:1655)
	at java.base/java.util.stream.AbstractPipeline.copyInto(AbstractPipeline.java:484)
	at java.base/java.util.stream.AbstractPipeline.wrapAndCopyInto(AbstractPipeline.java:474)
	at java.base/java.util.stream.ReduceOps$ReduceOp.evaluateSequential(ReduceOps.java:913)
	at java.base/java.util.stream.AbstractPipeline.evaluate(AbstractPipeline.java:234)
	at java.base/java.util.stream.ReferencePipeline.collect(ReferencePipeline.java:578)
	at de.uka.ilkd.key.nparser.builder.AbstractBuilder.mapOf(AbstractBuilder.java:112)
	at de.uka.ilkd.key.nparser.builder.IncludeFinder.visitOne_include_statement(IncludeFinder.java:35)
	at de.uka.ilkd.key.nparser.builder.IncludeFinder.visitOne_include_statement(IncludeFinder.java:20)
	at de.uka.ilkd.key.nparser.KeYParser$One_include_statementContext.accept(KeYParser.java:802)
	at org.antlr.v4.runtime.tree.AbstractParseTreeVisitor.visitChildren(AbstractParseTreeVisitor.java:46)
	at de.uka.ilkd.key.nparser.KeYParserBaseVisitor.visitDecls(KeYParserBaseVisitor.java:30)
	at de.uka.ilkd.key.nparser.KeYParser$DeclsContext.accept(KeYParser.java:500)
	at org.antlr.v4.runtime.tree.AbstractParseTreeVisitor.visitChildren(AbstractParseTreeVisitor.java:46)
	at de.uka.ilkd.key.nparser.KeYParserBaseVisitor.visitFile(KeYParserBaseVisitor.java:23)
	at de.uka.ilkd.key.nparser.KeYParser$FileContext.accept(KeYParser.java:306)
	at de.uka.ilkd.key.nparser.KeyAst.accept(KeyAst.java:41)
	at de.uka.ilkd.key.nparser.KeyAst$File.getIncludes(KeyAst.java:76)
	at de.uka.ilkd.key.proof.io.KeYFile.readIncludes(KeYFile.java:208)
	... 14 more
Could not find rule file rules/intRulesCheckedSemantics.key (file: /home/runner/work/key/key/key.core/../key.ui/examples/index/.././heap/permissions/threads/Sampler_preStart_accessible.key; caused by: de.uka.ilkd.key.proof.init.ProofInputException: Could not find rule file rules/intRulesCheckedSemantics.key)
	at de.uka.ilkd.key.control.AbstractUserInterfaceControl.load(AbstractUserInterfaceControl.java:221)
	at de.uka.ilkd.key.control.KeYEnvironment.load(KeYEnvironment.java:251)
	at de.uka.ilkd.key.control.KeYEnvironment.load(KeYEnvironment.java:224)
	at de.uka.ilkd.key.control.KeYEnvironment.load(KeYEnvironment.java:184)
	at de.uka.ilkd.key.control.KeYEnvironment.load(KeYEnvironment.java:261)
	at de.uka.ilkd.key.proof.runallproofs.proofcollection.TestFile.load(TestFile.java:270)
	at de.uka.ilkd.key.proof.runallproofs.proofcollection.TestFile.runKey(TestFile.java:160)
	at de.uka.ilkd.key.proof.runallproofs.proofcollection.ForkedTestFileRunner.main(ForkedTestFileRunner.java:171)
Caused by: de.uka.ilkd.key.proof.init.ProofInputException: Could not find rule file rules/intRulesCheckedSemantics.key
	at de.uka.ilkd.key.proof.io.KeYFile.readIncludes(KeYFile.java:210)
	at de.uka.ilkd.key.proof.init.ProblemInitializer.readIncludes(ProblemInitializer.java:177)
	at de.uka.ilkd.key.proof.init.ProblemInitializer.readEnvInput(ProblemInitializer.java:325)
	at de.uka.ilkd.key.proof.init.ProblemInitializer.prepare(ProblemInitializer.java:449)
	at de.uka.ilkd.key.proof.io.AbstractProblemLoader.createInitConfig(AbstractProblemLoader.java:518)
	at de.uka.ilkd.key.proof.io.AbstractProblemLoader.loadEnvironment(AbstractProblemLoader.java:288)
	at de.uka.ilkd.key.proof.io.AbstractProblemLoader.load(AbstractProblemLoader.java:252)
	at de.uka.ilkd.key.control.AbstractUserInterfaceControl.load(AbstractUserInterfaceControl.java:209)
	... 7 more
Caused by: java.lang.RuntimeException: Could not find rule file rules/intRulesCheckedSemantics.key
	at de.uka.ilkd.key.proof.io.RuleSourceFactory.fromBuiltInRule(RuleSourceFactory.java:32)
	at de.uka.ilkd.key.proof.io.RuleSourceFactory.fromDefaultLocation(RuleSourceFactory.java:21)
	at de.uka.ilkd.key.nparser.builder.IncludeFinder.addInclude(IncludeFinder.java:63)
	at de.uka.ilkd.key.nparser.builder.IncludeFinder.visitOne_include(IncludeFinder.java:43)
	at de.uka.ilkd.key.nparser.builder.IncludeFinder.visitOne_include(IncludeFinder.java:20)
	at de.uka.ilkd.key.nparser.KeYParser$One_includeContext.accept(KeYParser.java:878)
	at de.uka.ilkd.key.nparser.builder.AbstractBuilder.lambda$mapOf$0(AbstractBuilder.java:112)
	at java.base/java.util.stream.ReferencePipeline$3$1.accept(ReferencePipeline.java:195)
	at java.base/java.util.ArrayList$ArrayListSpliterator.forEachRemaining(ArrayList.java:1655)
	at java.base/java.util.stream.AbstractPipeline.copyInto(AbstractPipeline.java:484)
	at java.base/java.util.stream.AbstractPipeline.wrapAndCopyInto(AbstractPipeline.java:474)
	at java.base/java.util.stream.ReduceOps$ReduceOp.evaluateSequential(ReduceOps.java:913)
	at java.base/java.util.stream.AbstractPipeline.evaluate(AbstractPipeline.java:234)
	at java.base/java.util.stream.ReferencePipeline.collect(ReferencePipeline.java:578)
	at de.uka.ilkd.key.nparser.builder.AbstractBuilder.mapOf(AbstractBuilder.java:112)
	at de.uka.ilkd.key.nparser.builder.IncludeFinder.visitOne_include_statement(IncludeFinder.java:35)
	at de.uka.ilkd.key.nparser.builder.IncludeFinder.visitOne_include_statement(IncludeFinder.java:20)
	at de.uka.ilkd.key.nparser.KeYParser$One_include_statementContext.accept(KeYParser.java:802)
	at org.antlr.v4.runtime.tree.AbstractParseTreeVisitor.visitChildren(AbstractParseTreeVisitor.java:46)
	at de.uka.ilkd.key.nparser.KeYParserBaseVisitor.visitDecls(KeYParserBaseVisitor.java:30)
	at de.uka.ilkd.key.nparser.KeYParser$DeclsContext.accept(KeYParser.java:500)
	at org.antlr.v4.runtime.tree.AbstractParseTreeVisitor.visitChildren(AbstractParseTreeVisitor.java:46)
	at de.uka.ilkd.key.nparser.KeYParserBaseVisitor.visitFile(KeYParserBaseVisitor.java:23)
	at de.uka.ilkd.key.nparser.KeYParser$FileContext.accept(KeYParser.java:306)
	at de.uka.ilkd.key.nparser.KeyAst.accept(KeyAst.java:41)
	at de.uka.ilkd.key.nparser.KeyAst$File.getIncludes(KeyAst.java:76)
	at de.uka.ilkd.key.proof.io.KeYFile.readIncludes(KeYFile.java:208)
	... 14 more
Could not find rule file rules/intRulesCheckedSemantics.key (file: /home/runner/work/key/key/key.core/../key.ui/examples/index/.././heap/permissions/threads/Sampler_run.key; caused by: de.uka.ilkd.key.proof.init.ProofInputException: Could not find rule file rules/intRulesCheckedSemantics.key)
	at de.uka.ilkd.key.control.AbstractUserInterfaceControl.load(AbstractUserInterfaceControl.java:221)
	at de.uka.ilkd.key.control.KeYEnvironment.load(KeYEnvironment.java:251)
	at de.uka.ilkd.key.control.KeYEnvironment.load(KeYEnvironment.java:224)
	at de.uka.ilkd.key.control.KeYEnvironment.load(KeYEnvironment.java:184)
	at de.uka.ilkd.key.control.KeYEnvironment.load(KeYEnvironment.java:261)
	at de.uka.ilkd.key.proof.runallproofs.proofcollection.TestFile.load(TestFile.java:270)
	at de.uka.ilkd.key.proof.runallproofs.proofcollection.TestFile.runKey(TestFile.java:160)
	at de.uka.ilkd.key.proof.runallproofs.proofcollection.ForkedTestFileRunner.main(ForkedTestFileRunner.java:171)
Caused by: de.uka.ilkd.key.proof.init.ProofInputException: Could not find rule file rules/intRulesCheckedSemantics.key
	at de.uka.ilkd.key.proof.io.KeYFile.readIncludes(KeYFile.java:210)
	at de.uka.ilkd.key.proof.init.ProblemInitializer.readIncludes(ProblemInitializer.java:177)
	at de.uka.ilkd.key.proof.init.ProblemInitializer.readEnvInput(ProblemInitializer.java:325)
	at de.uka.ilkd.key.proof.init.ProblemInitializer.prepare(ProblemInitializer.java:449)
	at de.uka.ilkd.key.proof.io.AbstractProblemLoader.createInitConfig(AbstractProblemLoader.java:518)
	at de.uka.ilkd.key.proof.io.AbstractProblemLoader.loadEnvironment(AbstractProblemLoader.java:288)
	at de.uka.ilkd.key.proof.io.AbstractProblemLoader.load(AbstractProblemLoader.java:252)
	at de.uka.ilkd.key.control.AbstractUserInterfaceControl.load(AbstractUserInterfaceControl.java:209)
	... 7 more
Caused by: java.lang.RuntimeException: Could not find rule file rules/intRulesCheckedSemantics.key
	at de.uka.ilkd.key.proof.io.RuleSourceFactory.fromBuiltInRule(RuleSourceFactory.java:32)
	at de.uka.ilkd.key.proof.io.RuleSourceFactory.fromDefaultLocation(RuleSourceFactory.java:21)
	at de.uka.ilkd.key.nparser.builder.IncludeFinder.addInclude(IncludeFinder.java:63)
	at de.uka.ilkd.key.nparser.builder.IncludeFinder.visitOne_include(IncludeFinder.java:43)
	at de.uka.ilkd.key.nparser.builder.IncludeFinder.visitOne_include(IncludeFinder.java:20)
	at de.uka.ilkd.key.nparser.KeYParser$One_includeContext.accept(KeYParser.java:878)
	at de.uka.ilkd.key.nparser.builder.AbstractBuilder.lambda$mapOf$0(AbstractBuilder.java:112)
	at java.base/java.util.stream.ReferencePipeline$3$1.accept(ReferencePipeline.java:195)
	at java.base/java.util.ArrayList$ArrayListSpliterator.forEachRemaining(ArrayList.java:1655)
	at java.base/java.util.stream.AbstractPipeline.copyInto(AbstractPipeline.java:484)
	at java.base/java.util.stream.AbstractPipeline.wrapAndCopyInto(AbstractPipeline.java:474)
	at java.base/java.util.stream.ReduceOps$ReduceOp.evaluateSequential(ReduceOps.java:913)
	at java.base/java.util.stream.AbstractPipeline.evaluate(AbstractPipeline.java:234)
	at java.base/java.util.stream.ReferencePipeline.collect(ReferencePipeline.java:578)
	at de.uka.ilkd.key.nparser.builder.AbstractBuilder.mapOf(AbstractBuilder.java:112)
	at de.uka.ilkd.key.nparser.builder.IncludeFinder.visitOne_include_statement(IncludeFinder.java:35)
	at de.uka.ilkd.key.nparser.builder.IncludeFinder.visitOne_include_statement(IncludeFinder.java:20)
	at de.uka.ilkd.key.nparser.KeYParser$One_include_statementContext.accept(KeYParser.java:802)
	at org.antlr.v4.runtime.tree.AbstractParseTreeVisitor.visitChildren(AbstractParseTreeVisitor.java:46)
	at de.uka.ilkd.key.nparser.KeYParserBaseVisitor.visitDecls(KeYParserBaseVisitor.java:30)
	at de.uka.ilkd.key.nparser.KeYParser$DeclsContext.accept(KeYParser.java:500)
	at org.antlr.v4.runtime.tree.AbstractParseTreeVisitor.visitChildren(AbstractParseTreeVisitor.java:46)
	at de.uka.ilkd.key.nparser.KeYParserBaseVisitor.visitFile(KeYParserBaseVisitor.java:23)
	at de.uka.ilkd.key.nparser.KeYParser$FileContext.accept(KeYParser.java:306)
	at de.uka.ilkd.key.nparser.KeyAst.accept(KeyAst.java:41)
	at de.uka.ilkd.key.nparser.KeyAst$File.getIncludes(KeyAst.java:76)
	at de.uka.ilkd.key.proof.io.KeYFile.readIncludes(KeYFile.java:208)
	... 14 more
Could not find rule file rules/intRulesCheckedSemantics.key (file: /home/runner/work/key/key/key.core/../key.ui/examples/index/.././heap/permissions/threads/Sampler_Sampler.key; caused by: de.uka.ilkd.key.proof.init.ProofInputException: Could not find rule file rules/intRulesCheckedSemantics.key)
	at de.uka.ilkd.key.control.AbstractUserInterfaceControl.load(AbstractUserInterfaceControl.java:221)
	at de.uka.ilkd.key.control.KeYEnvironment.load(KeYEnvironment.java:251)
	at de.uka.ilkd.key.control.KeYEnvironment.load(KeYEnvironment.java:224)
	at de.uka.ilkd.key.control.KeYEnvironment.load(KeYEnvironment.java:184)
	at de.uka.ilkd.key.control.KeYEnvironment.load(KeYEnvironment.java:261)
	at de.uka.ilkd.key.proof.runallproofs.proofcollection.TestFile.load(TestFile.java:270)
	at de.uka.ilkd.key.proof.runallproofs.proofcollection.TestFile.runKey(TestFile.java:160)
	at de.uka.ilkd.key.proof.runallproofs.proofcollection.ForkedTestFileRunner.main(ForkedTestFileRunner.java:171)
Caused by: de.uka.ilkd.key.proof.init.ProofInputException: Could not find rule file rules/intRulesCheckedSemantics.key
	at de.uka.ilkd.key.proof.io.KeYFile.readIncludes(KeYFile.java:210)
	at de.uka.ilkd.key.proof.init.ProblemInitializer.readIncludes(ProblemInitializer.java:177)
	at de.uka.ilkd.key.proof.init.ProblemInitializer.readEnvInput(ProblemInitializer.java:325)
	at de.uka.ilkd.key.proof.init.ProblemInitializer.prepare(ProblemInitializer.java:449)
	at de.uka.ilkd.key.proof.io.AbstractProblemLoader.createInitConfig(AbstractProblemLoader.java:518)
	at de.uka.ilkd.key.proof.io.AbstractProblemLoader.loadEnvironment(AbstractProblemLoader.java:288)
	at de.uka.ilkd.key.proof.io.AbstractProblemLoader.load(AbstractProblemLoader.java:252)
	at de.uka.ilkd.key.control.AbstractUserInterfaceControl.load(AbstractUserInterfaceControl.java:209)
	... 7 more
Caused by: java.lang.RuntimeException: Could not find rule file rules/intRulesCheckedSemantics.key
	at de.uka.ilkd.key.proof.io.RuleSourceFactory.fromBuiltInRule(RuleSourceFactory.java:32)
	at de.uka.ilkd.key.proof.io.RuleSourceFactory.fromDefaultLocation(RuleSourceFactory.java:21)
	at de.uka.ilkd.key.nparser.builder.IncludeFinder.addInclude(IncludeFinder.java:63)
	at de.uka.ilkd.key.nparser.builder.IncludeFinder.visitOne_include(IncludeFinder.java:43)
	at de.uka.ilkd.key.nparser.builder.IncludeFinder.visitOne_include(IncludeFinder.java:20)
	at de.uka.ilkd.key.nparser.KeYParser$One_includeContext.accept(KeYParser.java:878)
	at de.uka.ilkd.key.nparser.builder.AbstractBuilder.lambda$mapOf$0(AbstractBuilder.java:112)
	at java.base/java.util.stream.ReferencePipeline$3$1.accept(ReferencePipeline.java:195)
	at java.base/java.util.ArrayList$ArrayListSpliterator.forEachRemaining(ArrayList.java:1655)
	at java.base/java.util.stream.AbstractPipeline.copyInto(AbstractPipeline.java:484)
	at java.base/java.util.stream.AbstractPipeline.wrapAndCopyInto(AbstractPipeline.java:474)
	at java.base/java.util.stream.ReduceOps$ReduceOp.evaluateSequential(ReduceOps.java:913)
	at java.base/java.util.stream.AbstractPipeline.evaluate(AbstractPipeline.java:234)
	at java.base/java.util.stream.ReferencePipeline.collect(ReferencePipeline.java:578)
	at de.uka.ilkd.key.nparser.builder.AbstractBuilder.mapOf(AbstractBuilder.java:112)
	at de.uka.ilkd.key.nparser.builder.IncludeFinder.visitOne_include_statement(IncludeFinder.java:35)
	at de.uka.ilkd.key.nparser.builder.IncludeFinder.visitOne_include_statement(IncludeFinder.java:20)
	at de.uka.ilkd.key.nparser.KeYParser$One_include_statementContext.accept(KeYParser.java:802)
	at org.antlr.v4.runtime.tree.AbstractParseTreeVisitor.visitChildren(AbstractParseTreeVisitor.java:46)
	at de.uka.ilkd.key.nparser.KeYParserBaseVisitor.visitDecls(KeYParserBaseVisitor.java:30)
	at de.uka.ilkd.key.nparser.KeYParser$DeclsContext.accept(KeYParser.java:500)
	at org.antlr.v4.runtime.tree.AbstractParseTreeVisitor.visitChildren(AbstractParseTreeVisitor.java:46)
	at de.uka.ilkd.key.nparser.KeYParserBaseVisitor.visitFile(KeYParserBaseVisitor.java:23)
	at de.uka.ilkd.key.nparser.KeYParser$FileContext.accept(KeYParser.java:306)
	at de.uka.ilkd.key.nparser.KeyAst.accept(KeyAst.java:41)
	at de.uka.ilkd.key.nparser.KeyAst$File.getIncludes(KeyAst.java:76)
	at de.uka.ilkd.key.proof.io.KeYFile.readIncludes(KeYFile.java:208)
	... 14 more
Could not find rule file rules/intRulesCheckedSemantics.key (file: /home/runner/work/key/key/key.core/../key.ui/examples/index/.././heap/permissions/threads/Sampler_startTransfer_accessible.key; caused by: de.uka.ilkd.key.proof.init.ProofInputException: Could not find rule file rules/intRulesCheckedSemantics.key)
	at de.uka.ilkd.key.control.AbstractUserInterfaceControl.load(AbstractUserInterfaceControl.java:221)
	at de.uka.ilkd.key.control.KeYEnvironment.load(KeYEnvironment.java:251)
	at de.uka.ilkd.key.control.KeYEnvironment.load(KeYEnvironment.java:224)
	at de.uka.ilkd.key.control.KeYEnvironment.load(KeYEnvironment.java:184)
	at de.uka.ilkd.key.control.KeYEnvironment.load(KeYEnvironment.java:261)
	at de.uka.ilkd.key.proof.runallproofs.proofcollection.TestFile.load(TestFile.java:270)
	at de.uka.ilkd.key.proof.runallproofs.proofcollection.TestFile.runKey(TestFile.java:160)
	at de.uka.ilkd.key.proof.runallproofs.proofcollection.ForkedTestFileRunner.main(ForkedTestFileRunner.java:171)
Caused by: de.uka.ilkd.key.proof.init.ProofInputException: Could not find rule file rules/intRulesCheckedSemantics.key
	at de.uka.ilkd.key.proof.io.KeYFile.readIncludes(KeYFile.java:210)
	at de.uka.ilkd.key.proof.init.ProblemInitializer.readIncludes(ProblemInitializer.java:177)
	at de.uka.ilkd.key.proof.init.ProblemInitializer.readEnvInput(ProblemInitializer.java:325)
	at de.uka.ilkd.key.proof.init.ProblemInitializer.prepare(ProblemInitializer.java:449)
	at de.uka.ilkd.key.proof.io.AbstractProblemLoader.createInitConfig(AbstractProblemLoader.java:518)
	at de.uka.ilkd.key.proof.io.AbstractProblemLoader.loadEnvironment(AbstractProblemLoader.java:288)
	at de.uka.ilkd.key.proof.io.AbstractProblemLoader.load(AbstractProblemLoader.java:252)
	at de.uka.ilkd.key.control.AbstractUserInterfaceControl.load(AbstractUserInterfaceControl.java:209)
	... 7 more
Caused by: java.lang.RuntimeException: Could not find rule file rules/intRulesCheckedSemantics.key
	at de.uka.ilkd.key.proof.io.RuleSourceFactory.fromBuiltInRule(RuleSourceFactory.java:32)
	at de.uka.ilkd.key.proof.io.RuleSourceFactory.fromDefaultLocation(RuleSourceFactory.java:21)
	at de.uka.ilkd.key.nparser.builder.IncludeFinder.addInclude(IncludeFinder.java:63)
	at de.uka.ilkd.key.nparser.builder.IncludeFinder.visitOne_include(IncludeFinder.java:43)
	at de.uka.ilkd.key.nparser.builder.IncludeFinder.visitOne_include(IncludeFinder.java:20)
	at de.uka.ilkd.key.nparser.KeYParser$One_includeContext.accept(KeYParser.java:878)
	at de.uka.ilkd.key.nparser.builder.AbstractBuilder.lambda$mapOf$0(AbstractBuilder.java:112)
	at java.base/java.util.stream.ReferencePipeline$3$1.accept(ReferencePipeline.java:195)
	at java.base/java.util.ArrayList$ArrayListSpliterator.forEachRemaining(ArrayList.java:1655)
	at java.base/java.util.stream.AbstractPipeline.copyInto(AbstractPipeline.java:484)
	at java.base/java.util.stream.AbstractPipeline.wrapAndCopyInto(AbstractPipeline.java:474)
	at java.base/java.util.stream.ReduceOps$ReduceOp.evaluateSequential(ReduceOps.java:913)
	at java.base/java.util.stream.AbstractPipeline.evaluate(AbstractPipeline.java:234)
	at java.base/java.util.stream.ReferencePipeline.collect(ReferencePipeline.java:578)
	at de.uka.ilkd.key.nparser.builder.AbstractBuilder.mapOf(AbstractBuilder.java:112)
	at de.uka.ilkd.key.nparser.builder.IncludeFinder.visitOne_include_statement(IncludeFinder.java:35)
	at de.uka.ilkd.key.nparser.builder.IncludeFinder.visitOne_include_statement(IncludeFinder.java:20)
	at de.uka.ilkd.key.nparser.KeYParser$One_include_statementContext.accept(KeYParser.java:802)
	at org.antlr.v4.runtime.tree.AbstractParseTreeVisitor.visitChildren(AbstractParseTreeVisitor.java:46)
	at de.uka.ilkd.key.nparser.KeYParserBaseVisitor.visitDecls(KeYParserBaseVisitor.java:30)
	at de.uka.ilkd.key.nparser.KeYParser$DeclsContext.accept(KeYParser.java:500)
	at org.antlr.v4.runtime.tree.AbstractParseTreeVisitor.visitChildren(AbstractParseTreeVisitor.java:46)
	at de.uka.ilkd.key.nparser.KeYParserBaseVisitor.visitFile(KeYParserBaseVisitor.java:23)
	at de.uka.ilkd.key.nparser.KeYParser$FileContext.accept(KeYParser.java:306)
	at de.uka.ilkd.key.nparser.KeyAst.accept(KeyAst.java:41)
	at de.uka.ilkd.key.nparser.KeyAst$File.getIncludes(KeyAst.java:76)
	at de.uka.ilkd.key.proof.io.KeYFile.readIncludes(KeYFile.java:208)
	... 14 more
Could not find rule file rules/intRulesCheckedSemantics.key (file: /home/runner/work/key/key/key.core/../key.ui/examples/index/.././heap/permissions/threads/Sampler_startTransfer_contract.key; caused by: de.uka.ilkd.key.proof.init.ProofInputException: Could not find rule file rules/intRulesCheckedSemantics.key)
	at de.uka.ilkd.key.control.AbstractUserInterfaceControl.load(AbstractUserInterfaceControl.java:221)
	at de.uka.ilkd.key.control.KeYEnvironment.load(KeYEnvironment.java:251)
	at de.uka.ilkd.key.control.KeYEnvironment.load(KeYEnvironment.java:224)
	at de.uka.ilkd.key.control.KeYEnvironment.load(KeYEnvironment.java:184)
	at de.uka.ilkd.key.control.KeYEnvironment.load(KeYEnvironment.java:261)
	at de.uka.ilkd.key.proof.runallproofs.proofcollection.TestFile.load(TestFile.java:270)
	at de.uka.ilkd.key.proof.runallproofs.proofcollection.TestFile.runKey(TestFile.java:160)
	at de.uka.ilkd.key.proof.runallproofs.proofcollection.ForkedTestFileRunner.main(ForkedTestFileRunner.java:171)
Caused by: de.uka.ilkd.key.proof.init.ProofInputException: Could not find rule file rules/intRulesCheckedSemantics.key
	at de.uka.ilkd.key.proof.io.KeYFile.readIncludes(KeYFile.java:210)
	at de.uka.ilkd.key.proof.init.ProblemInitializer.readIncludes(ProblemInitializer.java:177)
	at de.uka.ilkd.key.proof.init.ProblemInitializer.readEnvInput(ProblemInitializer.java:325)
	at de.uka.ilkd.key.proof.init.ProblemInitializer.prepare(ProblemInitializer.java:449)
	at de.uka.ilkd.key.proof.io.AbstractProblemLoader.createInitConfig(AbstractProblemLoader.java:518)
	at de.uka.ilkd.key.proof.io.AbstractProblemLoader.loadEnvironment(AbstractProblemLoader.java:288)
	at de.uka.ilkd.key.proof.io.AbstractProblemLoader.load(AbstractProblemLoader.java:252)
	at de.uka.ilkd.key.control.AbstractUserInterfaceControl.load(AbstractUserInterfaceControl.java:209)
	... 7 more
Caused by: java.lang.RuntimeException: Could not find rule file rules/intRulesCheckedSemantics.key
	at de.uka.ilkd.key.proof.io.RuleSourceFactory.fromBuiltInRule(RuleSourceFactory.java:32)
	at de.uka.ilkd.key.proof.io.RuleSourceFactory.fromDefaultLocation(RuleSourceFactory.java:21)
	at de.uka.ilkd.key.nparser.builder.IncludeFinder.addInclude(IncludeFinder.java:63)
	at de.uka.ilkd.key.nparser.builder.IncludeFinder.visitOne_include(IncludeFinder.java:43)
	at de.uka.ilkd.key.nparser.builder.IncludeFinder.visitOne_include(IncludeFinder.java:20)
	at de.uka.ilkd.key.nparser.KeYParser$One_includeContext.accept(KeYParser.java:878)
	at de.uka.ilkd.key.nparser.builder.AbstractBuilder.lambda$mapOf$0(AbstractBuilder.java:112)
	at java.base/java.util.stream.ReferencePipeline$3$1.accept(ReferencePipeline.java:195)
	at java.base/java.util.ArrayList$ArrayListSpliterator.forEachRemaining(ArrayList.java:1655)
	at java.base/java.util.stream.AbstractPipeline.copyInto(AbstractPipeline.java:484)
	at java.base/java.util.stream.AbstractPipeline.wrapAndCopyInto(AbstractPipeline.java:474)
	at java.base/java.util.stream.ReduceOps$ReduceOp.evaluateSequential(ReduceOps.java:913)
	at java.base/java.util.stream.AbstractPipeline.evaluate(AbstractPipeline.java:234)
	at java.base/java.util.stream.ReferencePipeline.collect(ReferencePipeline.java:578)
	at de.uka.ilkd.key.nparser.builder.AbstractBuilder.mapOf(AbstractBuilder.java:112)
	at de.uka.ilkd.key.nparser.builder.IncludeFinder.visitOne_include_statement(IncludeFinder.java:35)
	at de.uka.ilkd.key.nparser.builder.IncludeFinder.visitOne_include_statement(IncludeFinder.java:20)
	at de.uka.ilkd.key.nparser.KeYParser$One_include_statementContext.accept(KeYParser.java:802)
	at org.antlr.v4.runtime.tree.AbstractParseTreeVisitor.visitChildren(AbstractParseTreeVisitor.java:46)
	at de.uka.ilkd.key.nparser.KeYParserBaseVisitor.visitDecls(KeYParserBaseVisitor.java:30)
	at de.uka.ilkd.key.nparser.KeYParser$DeclsContext.accept(KeYParser.java:500)
	at org.antlr.v4.runtime.tree.AbstractParseTreeVisitor.visitChildren(AbstractParseTreeVisitor.java:46)
	at de.uka.ilkd.key.nparser.KeYParserBaseVisitor.visitFile(KeYParserBaseVisitor.java:23)
	at de.uka.ilkd.key.nparser.KeYParser$FileContext.accept(KeYParser.java:306)
	at de.uka.ilkd.key.nparser.KeyAst.accept(KeyAst.java:41)
	at de.uka.ilkd.key.nparser.KeyAst$File.getIncludes(KeyAst.java:76)
	at de.uka.ilkd.key.proof.io.KeYFile.readIncludes(KeYFile.java:208)
	... 14 more
Could not find rule file rules/intRulesCheckedSemantics.key (file: /home/runner/work/key/key/key.core/../key.ui/examples/index/.././heap/permissions/threads/Sampler_stateInv_accessible.key; caused by: de.uka.ilkd.key.proof.init.ProofInputException: Could not find rule file rules/intRulesCheckedSemantics.key)
	at de.uka.ilkd.key.control.AbstractUserInterfaceControl.load(AbstractUserInterfaceControl.java:221)
	at de.uka.ilkd.key.control.KeYEnvironment.load(KeYEnvironment.java:251)
	at de.uka.ilkd.key.control.KeYEnvironment.load(KeYEnvironment.java:224)
	at de.uka.ilkd.key.control.KeYEnvironment.load(KeYEnvironment.java:184)
	at de.uka.ilkd.key.control.KeYEnvironment.load(KeYEnvironment.java:261)
	at de.uka.ilkd.key.proof.runallproofs.proofcollection.TestFile.load(TestFile.java:270)
	at de.uka.ilkd.key.proof.runallproofs.proofcollection.TestFile.runKey(TestFile.java:160)
	at de.uka.ilkd.key.proof.runallproofs.proofcollection.ForkedTestFileRunner.main(ForkedTestFileRunner.java:171)
Caused by: de.uka.ilkd.key.proof.init.ProofInputException: Could not find rule file rules/intRulesCheckedSemantics.key
	at de.uka.ilkd.key.proof.io.KeYFile.readIncludes(KeYFile.java:210)
	at de.uka.ilkd.key.proof.init.ProblemInitializer.readIncludes(ProblemInitializer.java:177)
	at de.uka.ilkd.key.proof.init.ProblemInitializer.readEnvInput(ProblemInitializer.java:325)
	at de.uka.ilkd.key.proof.init.ProblemInitializer.prepare(ProblemInitializer.java:449)
	at de.uka.ilkd.key.proof.io.AbstractProblemLoader.createInitConfig(AbstractProblemLoader.java:518)
	at de.uka.ilkd.key.proof.io.AbstractProblemLoader.loadEnvironment(AbstractProblemLoader.java:288)
	at de.uka.ilkd.key.proof.io.AbstractProblemLoader.load(AbstractProblemLoader.java:252)
	at de.uka.ilkd.key.control.AbstractUserInterfaceControl.load(AbstractUserInterfaceControl.java:209)
	... 7 more
Caused by: java.lang.RuntimeException: Could not find rule file rules/intRulesCheckedSemantics.key
	at de.uka.ilkd.key.proof.io.RuleSourceFactory.fromBuiltInRule(RuleSourceFactory.java:32)
	at de.uka.ilkd.key.proof.io.RuleSourceFactory.fromDefaultLocation(RuleSourceFactory.java:21)
	at de.uka.ilkd.key.nparser.builder.IncludeFinder.addInclude(IncludeFinder.java:63)
	at de.uka.ilkd.key.nparser.builder.IncludeFinder.visitOne_include(IncludeFinder.java:43)
	at de.uka.ilkd.key.nparser.builder.IncludeFinder.visitOne_include(IncludeFinder.java:20)
	at de.uka.ilkd.key.nparser.KeYParser$One_includeContext.accept(KeYParser.java:878)
	at de.uka.ilkd.key.nparser.builder.AbstractBuilder.lambda$mapOf$0(AbstractBuilder.java:112)
	at java.base/java.util.stream.ReferencePipeline$3$1.accept(ReferencePipeline.java:195)
	at java.base/java.util.ArrayList$ArrayListSpliterator.forEachRemaining(ArrayList.java:1655)
	at java.base/java.util.stream.AbstractPipeline.copyInto(AbstractPipeline.java:484)
	at java.base/java.util.stream.AbstractPipeline.wrapAndCopyInto(AbstractPipeline.java:474)
	at java.base/java.util.stream.ReduceOps$ReduceOp.evaluateSequential(ReduceOps.java:913)
	at java.base/java.util.stream.AbstractPipeline.evaluate(AbstractPipeline.java:234)
	at java.base/java.util.stream.ReferencePipeline.collect(ReferencePipeline.java:578)
	at de.uka.ilkd.key.nparser.builder.AbstractBuilder.mapOf(AbstractBuilder.java:112)
	at de.uka.ilkd.key.nparser.builder.IncludeFinder.visitOne_include_statement(IncludeFinder.java:35)
	at de.uka.ilkd.key.nparser.builder.IncludeFinder.visitOne_include_statement(IncludeFinder.java:20)
	at de.uka.ilkd.key.nparser.KeYParser$One_include_statementContext.accept(KeYParser.java:802)
	at org.antlr.v4.runtime.tree.AbstractParseTreeVisitor.visitChildren(AbstractParseTreeVisitor.java:46)
	at de.uka.ilkd.key.nparser.KeYParserBaseVisitor.visitDecls(KeYParserBaseVisitor.java:30)
	at de.uka.ilkd.key.nparser.KeYParser$DeclsContext.accept(KeYParser.java:500)
	at org.antlr.v4.runtime.tree.AbstractParseTreeVisitor.visitChildren(AbstractParseTreeVisitor.java:46)
	at de.uka.ilkd.key.nparser.KeYParserBaseVisitor.visitFile(KeYParserBaseVisitor.java:23)
	at de.uka.ilkd.key.nparser.KeYParser$FileContext.accept(KeYParser.java:306)
	at de.uka.ilkd.key.nparser.KeyAst.accept(KeyAst.java:41)
	at de.uka.ilkd.key.nparser.KeyAst$File.getIncludes(KeyAst.java:76)
	at de.uka.ilkd.key.proof.io.KeYFile.readIncludes(KeYFile.java:208)
	... 14 more
Could not find rule file rules/intRulesCheckedSemantics.key (file: /home/runner/work/key/key/key.core/../key.ui/examples/index/.././heap/permissions/threads/Sampler_staticPermissions_accessible.key; caused by: de.uka.ilkd.key.proof.init.ProofInputException: Could not find rule file rules/intRulesCheckedSemantics.key)
	at de.uka.ilkd.key.control.AbstractUserInterfaceControl.load(AbstractUserInterfaceControl.java:221)
	at de.uka.ilkd.key.control.KeYEnvironment.load(KeYEnvironment.java:251)
	at de.uka.ilkd.key.control.KeYEnvironment.load(KeYEnvironment.java:224)
	at de.uka.ilkd.key.control.KeYEnvironment.load(KeYEnvironment.java:184)
	at de.uka.ilkd.key.control.KeYEnvironment.load(KeYEnvironment.java:261)
	at de.uka.ilkd.key.proof.runallproofs.proofcollection.TestFile.load(TestFile.java:270)
	at de.uka.ilkd.key.proof.runallproofs.proofcollection.TestFile.runKey(TestFile.java:160)
	at de.uka.ilkd.key.proof.runallproofs.proofcollection.ForkedTestFileRunner.main(ForkedTestFileRunner.java:171)
Caused by: de.uka.ilkd.key.proof.init.ProofInputException: Could not find rule file rules/intRulesCheckedSemantics.key
	at de.uka.ilkd.key.proof.io.KeYFile.readIncludes(KeYFile.java:210)
	at de.uka.ilkd.key.proof.init.ProblemInitializer.readIncludes(ProblemInitializer.java:177)
	at de.uka.ilkd.key.proof.init.ProblemInitializer.readEnvInput(ProblemInitializer.java:325)
	at de.uka.ilkd.key.proof.init.ProblemInitializer.prepare(ProblemInitializer.java:449)
	at de.uka.ilkd.key.proof.io.AbstractProblemLoader.createInitConfig(AbstractProblemLoader.java:518)
	at de.uka.ilkd.key.proof.io.AbstractProblemLoader.loadEnvironment(AbstractProblemLoader.java:288)
	at de.uka.ilkd.key.proof.io.AbstractProblemLoader.load(AbstractProblemLoader.java:252)
	at de.uka.ilkd.key.control.AbstractUserInterfaceControl.load(AbstractUserInterfaceControl.java:209)
	... 7 more
Caused by: java.lang.RuntimeException: Could not find rule file rules/intRulesCheckedSemantics.key
	at de.uka.ilkd.key.proof.io.RuleSourceFactory.fromBuiltInRule(RuleSourceFactory.java:32)
	at de.uka.ilkd.key.proof.io.RuleSourceFactory.fromDefaultLocation(RuleSourceFactory.java:21)
	at de.uka.ilkd.key.nparser.builder.IncludeFinder.addInclude(IncludeFinder.java:63)
	at de.uka.ilkd.key.nparser.builder.IncludeFinder.visitOne_include(IncludeFinder.java:43)
	at de.uka.ilkd.key.nparser.builder.IncludeFinder.visitOne_include(IncludeFinder.java:20)
	at de.uka.ilkd.key.nparser.KeYParser$One_includeContext.accept(KeYParser.java:878)
	at de.uka.ilkd.key.nparser.builder.AbstractBuilder.lambda$mapOf$0(AbstractBuilder.java:112)
	at java.base/java.util.stream.ReferencePipeline$3$1.accept(ReferencePipeline.java:195)
	at java.base/java.util.ArrayList$ArrayListSpliterator.forEachRemaining(ArrayList.java:1655)
	at java.base/java.util.stream.AbstractPipeline.copyInto(AbstractPipeline.java:484)
	at java.base/java.util.stream.AbstractPipeline.wrapAndCopyInto(AbstractPipeline.java:474)
	at java.base/java.util.stream.ReduceOps$ReduceOp.evaluateSequential(ReduceOps.java:913)
	at java.base/java.util.stream.AbstractPipeline.evaluate(AbstractPipeline.java:234)
	at java.base/java.util.stream.ReferencePipeline.collect(ReferencePipeline.java:578)
	at de.uka.ilkd.key.nparser.builder.AbstractBuilder.mapOf(AbstractBuilder.java:112)
	at de.uka.ilkd.key.nparser.builder.IncludeFinder.visitOne_include_statement(IncludeFinder.java:35)
	at de.uka.ilkd.key.nparser.builder.IncludeFinder.visitOne_include_statement(IncludeFinder.java:20)
	at de.uka.ilkd.key.nparser.KeYParser$One_include_statementContext.accept(KeYParser.java:802)
	at org.antlr.v4.runtime.tree.AbstractParseTreeVisitor.visitChildren(AbstractParseTreeVisitor.java:46)
	at de.uka.ilkd.key.nparser.KeYParserBaseVisitor.visitDecls(KeYParserBaseVisitor.java:30)
	at de.uka.ilkd.key.nparser.KeYParser$DeclsContext.accept(KeYParser.java:500)
	at org.antlr.v4.runtime.tree.AbstractParseTreeVisitor.visitChildren(AbstractParseTreeVisitor.java:46)
	at de.uka.ilkd.key.nparser.KeYParserBaseVisitor.visitFile(KeYParserBaseVisitor.java:23)
	at de.uka.ilkd.key.nparser.KeYParser$FileContext.accept(KeYParser.java:306)
	at de.uka.ilkd.key.nparser.KeyAst.accept(KeyAst.java:41)
	at de.uka.ilkd.key.nparser.KeyAst$File.getIncludes(KeyAst.java:76)
	at de.uka.ilkd.key.proof.io.KeYFile.readIncludes(KeYFile.java:208)
	... 14 more
Could not find rule file rules/intRulesCheckedSemantics.key (file: /home/runner/work/key/key/key.core/../key.ui/examples/index/.././heap/permissions/threads/Sampler_workingPermissions_accessible.key; caused by: de.uka.ilkd.key.proof.init.ProofInputException: Could not find rule file rules/intRulesCheckedSemantics.key)
	at de.uka.ilkd.key.control.AbstractUserInterfaceControl.load(AbstractUserInterfaceControl.java:221)
	at de.uka.ilkd.key.control.KeYEnvironment.load(KeYEnvironment.java:251)
	at de.uka.ilkd.key.control.KeYEnvironment.load(KeYEnvironment.java:224)
	at de.uka.ilkd.key.control.KeYEnvironment.load(KeYEnvironment.java:184)
	at de.uka.ilkd.key.control.KeYEnvironment.load(KeYEnvironment.java:261)
	at de.uka.ilkd.key.proof.runallproofs.proofcollection.TestFile.load(TestFile.java:270)
	at de.uka.ilkd.key.proof.runallproofs.proofcollection.TestFile.runKey(TestFile.java:160)
	at de.uka.ilkd.key.proof.runallproofs.proofcollection.ForkedTestFileRunner.main(ForkedTestFileRunner.java:171)
Caused by: de.uka.ilkd.key.proof.init.ProofInputException: Could not find rule file rules/intRulesCheckedSemantics.key
	at de.uka.ilkd.key.proof.io.KeYFile.readIncludes(KeYFile.java:210)
	at de.uka.ilkd.key.proof.init.ProblemInitializer.readIncludes(ProblemInitializer.java:177)
	at de.uka.ilkd.key.proof.init.ProblemInitializer.readEnvInput(ProblemInitializer.java:325)
	at de.uka.ilkd.key.proof.init.ProblemInitializer.prepare(ProblemInitializer.java:449)
	at de.uka.ilkd.key.proof.io.AbstractProblemLoader.createInitConfig(AbstractProblemLoader.java:518)
	at de.uka.ilkd.key.proof.io.AbstractProblemLoader.loadEnvironment(AbstractProblemLoader.java:288)
	at de.uka.ilkd.key.proof.io.AbstractProblemLoader.load(AbstractProblemLoader.java:252)
	at de.uka.ilkd.key.control.AbstractUserInterfaceControl.load(AbstractUserInterfaceControl.java:209)
	... 7 more
Caused by: java.lang.RuntimeException: Could not find rule file rules/intRulesCheckedSemantics.key
	at de.uka.ilkd.key.proof.io.RuleSourceFactory.fromBuiltInRule(RuleSourceFactory.java:32)
	at de.uka.ilkd.key.proof.io.RuleSourceFactory.fromDefaultLocation(RuleSourceFactory.java:21)
	at de.uka.ilkd.key.nparser.builder.IncludeFinder.addInclude(IncludeFinder.java:63)
	at de.uka.ilkd.key.nparser.builder.IncludeFinder.visitOne_include(IncludeFinder.java:43)
	at de.uka.ilkd.key.nparser.builder.IncludeFinder.visitOne_include(IncludeFinder.java:20)
	at de.uka.ilkd.key.nparser.KeYParser$One_includeContext.accept(KeYParser.java:878)
	at de.uka.ilkd.key.nparser.builder.AbstractBuilder.lambda$mapOf$0(AbstractBuilder.java:112)
	at java.base/java.util.stream.ReferencePipeline$3$1.accept(ReferencePipeline.java:195)
	at java.base/java.util.ArrayList$ArrayListSpliterator.forEachRemaining(ArrayList.java:1655)
	at java.base/java.util.stream.AbstractPipeline.copyInto(AbstractPipeline.java:484)
	at java.base/java.util.stream.AbstractPipeline.wrapAndCopyInto(AbstractPipeline.java:474)
	at java.base/java.util.stream.ReduceOps$ReduceOp.evaluateSequential(ReduceOps.java:913)
	at java.base/java.util.stream.AbstractPipeline.evaluate(AbstractPipeline.java:234)
	at java.base/java.util.stream.ReferencePipeline.collect(ReferencePipeline.java:578)
	at de.uka.ilkd.key.nparser.builder.AbstractBuilder.mapOf(AbstractBuilder.java:112)
	at de.uka.ilkd.key.nparser.builder.IncludeFinder.visitOne_include_statement(IncludeFinder.java:35)
	at de.uka.ilkd.key.nparser.builder.IncludeFinder.visitOne_include_statement(IncludeFinder.java:20)
	at de.uka.ilkd.key.nparser.KeYParser$One_include_statementContext.accept(KeYParser.java:802)
	at org.antlr.v4.runtime.tree.AbstractParseTreeVisitor.visitChildren(AbstractParseTreeVisitor.java:46)
	at de.uka.ilkd.key.nparser.KeYParserBaseVisitor.visitDecls(KeYParserBaseVisitor.java:30)
	at de.uka.ilkd.key.nparser.KeYParser$DeclsContext.accept(KeYParser.java:500)
	at org.antlr.v4.runtime.tree.AbstractParseTreeVisitor.visitChildren(AbstractParseTreeVisitor.java:46)
	at de.uka.ilkd.key.nparser.KeYParserBaseVisitor.visitFile(KeYParserBaseVisitor.java:23)
	at de.uka.ilkd.key.nparser.KeYParser$FileContext.accept(KeYParser.java:306)
	at de.uka.ilkd.key.nparser.KeyAst.accept(KeyAst.java:41)
	at de.uka.ilkd.key.nparser.KeyAst$File.getIncludes(KeyAst.java:76)
	at de.uka.ilkd.key.proof.io.KeYFile.readIncludes(KeYFile.java:208)
	... 14 more
Could not find rule file rules/intRulesCheckedSemantics.key (file: /home/runner/work/key/key/key.core/../key.ui/examples/index/.././heap/permissions/mulleretal/ReadWrite_doRead_contract.key; caused by: de.uka.ilkd.key.proof.init.ProofInputException: Could not find rule file rules/intRulesCheckedSemantics.key)
	at de.uka.ilkd.key.control.AbstractUserInterfaceControl.load(AbstractUserInterfaceControl.java:221)
	at de.uka.ilkd.key.control.KeYEnvironment.load(KeYEnvironment.java:251)
	at de.uka.ilkd.key.control.KeYEnvironment.load(KeYEnvironment.java:224)
	at de.uka.ilkd.key.control.KeYEnvironment.load(KeYEnvironment.java:184)
	at de.uka.ilkd.key.control.KeYEnvironment.load(KeYEnvironment.java:261)
	at de.uka.ilkd.key.proof.runallproofs.proofcollection.TestFile.load(TestFile.java:270)
	at de.uka.ilkd.key.proof.runallproofs.proofcollection.TestFile.runKey(TestFile.java:160)
	at de.uka.ilkd.key.proof.runallproofs.proofcollection.ForkedTestFileRunner.main(ForkedTestFileRunner.java:171)
Caused by: de.uka.ilkd.key.proof.init.ProofInputException: Could not find rule file rules/intRulesCheckedSemantics.key
	at de.uka.ilkd.key.proof.io.KeYFile.readIncludes(KeYFile.java:210)
	at de.uka.ilkd.key.proof.init.ProblemInitializer.readIncludes(ProblemInitializer.java:177)
	at de.uka.ilkd.key.proof.init.ProblemInitializer.readEnvInput(ProblemInitializer.java:325)
	at de.uka.ilkd.key.proof.init.ProblemInitializer.prepare(ProblemInitializer.java:449)
	at de.uka.ilkd.key.proof.io.AbstractProblemLoader.createInitConfig(AbstractProblemLoader.java:518)
	at de.uka.ilkd.key.proof.io.AbstractProblemLoader.loadEnvironment(AbstractProblemLoader.java:288)
	at de.uka.ilkd.key.proof.io.AbstractProblemLoader.load(AbstractProblemLoader.java:252)
	at de.uka.ilkd.key.control.AbstractUserInterfaceControl.load(AbstractUserInterfaceControl.java:209)
	... 7 more
Caused by: java.lang.RuntimeException: Could not find rule file rules/intRulesCheckedSemantics.key
	at de.uka.ilkd.key.proof.io.RuleSourceFactory.fromBuiltInRule(RuleSourceFactory.java:32)
	at de.uka.ilkd.key.proof.io.RuleSourceFactory.fromDefaultLocation(RuleSourceFactory.java:21)
	at de.uka.ilkd.key.nparser.builder.IncludeFinder.addInclude(IncludeFinder.java:63)
	at de.uka.ilkd.key.nparser.builder.IncludeFinder.visitOne_include(IncludeFinder.java:43)
	at de.uka.ilkd.key.nparser.builder.IncludeFinder.visitOne_include(IncludeFinder.java:20)
	at de.uka.ilkd.key.nparser.KeYParser$One_includeContext.accept(KeYParser.java:878)
	at de.uka.ilkd.key.nparser.builder.AbstractBuilder.lambda$mapOf$0(AbstractBuilder.java:112)
	at java.base/java.util.stream.ReferencePipeline$3$1.accept(ReferencePipeline.java:195)
	at java.base/java.util.ArrayList$ArrayListSpliterator.forEachRemaining(ArrayList.java:1655)
	at java.base/java.util.stream.AbstractPipeline.copyInto(AbstractPipeline.java:484)
	at java.base/java.util.stream.AbstractPipeline.wrapAndCopyInto(AbstractPipeline.java:474)
	at java.base/java.util.stream.ReduceOps$ReduceOp.evaluateSequential(ReduceOps.java:913)
	at java.base/java.util.stream.AbstractPipeline.evaluate(AbstractPipeline.java:234)
	at java.base/java.util.stream.ReferencePipeline.collect(ReferencePipeline.java:578)
	at de.uka.ilkd.key.nparser.builder.AbstractBuilder.mapOf(AbstractBuilder.java:112)
	at de.uka.ilkd.key.nparser.builder.IncludeFinder.visitOne_include_statement(IncludeFinder.java:35)
	at de.uka.ilkd.key.nparser.builder.IncludeFinder.visitOne_include_statement(IncludeFinder.java:20)
	at de.uka.ilkd.key.nparser.KeYParser$One_include_statementContext.accept(KeYParser.java:802)
	at org.antlr.v4.runtime.tree.AbstractParseTreeVisitor.visitChildren(AbstractParseTreeVisitor.java:46)
	at de.uka.ilkd.key.nparser.KeYParserBaseVisitor.visitDecls(KeYParserBaseVisitor.java:30)
	at de.uka.ilkd.key.nparser.KeYParser$DeclsContext.accept(KeYParser.java:500)
	at org.antlr.v4.runtime.tree.AbstractParseTreeVisitor.visitChildren(AbstractParseTreeVisitor.java:46)
	at de.uka.ilkd.key.nparser.KeYParserBaseVisitor.visitFile(KeYParserBaseVisitor.java:23)
	at de.uka.ilkd.key.nparser.KeYParser$FileContext.accept(KeYParser.java:306)
	at de.uka.ilkd.key.nparser.KeyAst.accept(KeyAst.java:41)
	at de.uka.ilkd.key.nparser.KeyAst$File.getIncludes(KeyAst.java:76)
	at de.uka.ilkd.key.proof.io.KeYFile.readIncludes(KeYFile.java:208)
	... 14 more
Could not find rule file rules/intRulesCheckedSemantics.key (file: /home/runner/work/key/key/key.core/../key.ui/examples/index/.././heap/permissions/mulleretal/ReadWrite_doWrite_contract.key; caused by: de.uka.ilkd.key.proof.init.ProofInputException: Could not find rule file rules/intRulesCheckedSemantics.key)
	at de.uka.ilkd.key.control.AbstractUserInterfaceControl.load(AbstractUserInterfaceControl.java:221)
	at de.uka.ilkd.key.control.KeYEnvironment.load(KeYEnvironment.java:251)
	at de.uka.ilkd.key.control.KeYEnvironment.load(KeYEnvironment.java:224)
	at de.uka.ilkd.key.control.KeYEnvironment.load(KeYEnvironment.java:184)
	at de.uka.ilkd.key.control.KeYEnvironment.load(KeYEnvironment.java:261)
	at de.uka.ilkd.key.proof.runallproofs.proofcollection.TestFile.load(TestFile.java:270)
	at de.uka.ilkd.key.proof.runallproofs.proofcollection.TestFile.runKey(TestFile.java:160)
	at de.uka.ilkd.key.proof.runallproofs.proofcollection.ForkedTestFileRunner.main(ForkedTestFileRunner.java:171)
Caused by: de.uka.ilkd.key.proof.init.ProofInputException: Could not find rule file rules/intRulesCheckedSemantics.key
	at de.uka.ilkd.key.proof.io.KeYFile.readIncludes(KeYFile.java:210)
	at de.uka.ilkd.key.proof.init.ProblemInitializer.readIncludes(ProblemInitializer.java:177)
	at de.uka.ilkd.key.proof.init.ProblemInitializer.readEnvInput(ProblemInitializer.java:325)
	at de.uka.ilkd.key.proof.init.ProblemInitializer.prepare(ProblemInitializer.java:449)
	at de.uka.ilkd.key.proof.io.AbstractProblemLoader.createInitConfig(AbstractProblemLoader.java:518)
	at de.uka.ilkd.key.proof.io.AbstractProblemLoader.loadEnvironment(AbstractProblemLoader.java:288)
	at de.uka.ilkd.key.proof.io.AbstractProblemLoader.load(AbstractProblemLoader.java:252)
	at de.uka.ilkd.key.control.AbstractUserInterfaceControl.load(AbstractUserInterfaceControl.java:209)
	... 7 more
Caused by: java.lang.RuntimeException: Could not find rule file rules/intRulesCheckedSemantics.key
	at de.uka.ilkd.key.proof.io.RuleSourceFactory.fromBuiltInRule(RuleSourceFactory.java:32)
	at de.uka.ilkd.key.proof.io.RuleSourceFactory.fromDefaultLocation(RuleSourceFactory.java:21)
	at de.uka.ilkd.key.nparser.builder.IncludeFinder.addInclude(IncludeFinder.java:63)
	at de.uka.ilkd.key.nparser.builder.IncludeFinder.visitOne_include(IncludeFinder.java:43)
	at de.uka.ilkd.key.nparser.builder.IncludeFinder.visitOne_include(IncludeFinder.java:20)
	at de.uka.ilkd.key.nparser.KeYParser$One_includeContext.accept(KeYParser.java:878)
	at de.uka.ilkd.key.nparser.builder.AbstractBuilder.lambda$mapOf$0(AbstractBuilder.java:112)
	at java.base/java.util.stream.ReferencePipeline$3$1.accept(ReferencePipeline.java:195)
	at java.base/java.util.ArrayList$ArrayListSpliterator.forEachRemaining(ArrayList.java:1655)
	at java.base/java.util.stream.AbstractPipeline.copyInto(AbstractPipeline.java:484)
	at java.base/java.util.stream.AbstractPipeline.wrapAndCopyInto(AbstractPipeline.java:474)
	at java.base/java.util.stream.ReduceOps$ReduceOp.evaluateSequential(ReduceOps.java:913)
	at java.base/java.util.stream.AbstractPipeline.evaluate(AbstractPipeline.java:234)
	at java.base/java.util.stream.ReferencePipeline.collect(ReferencePipeline.java:578)
	at de.uka.ilkd.key.nparser.builder.AbstractBuilder.mapOf(AbstractBuilder.java:112)
	at de.uka.ilkd.key.nparser.builder.IncludeFinder.visitOne_include_statement(IncludeFinder.java:35)
	at de.uka.ilkd.key.nparser.builder.IncludeFinder.visitOne_include_statement(IncludeFinder.java:20)
	at de.uka.ilkd.key.nparser.KeYParser$One_include_statementContext.accept(KeYParser.java:802)
	at org.antlr.v4.runtime.tree.AbstractParseTreeVisitor.visitChildren(AbstractParseTreeVisitor.java:46)
	at de.uka.ilkd.key.nparser.KeYParserBaseVisitor.visitDecls(KeYParserBaseVisitor.java:30)
	at de.uka.ilkd.key.nparser.KeYParser$DeclsContext.accept(KeYParser.java:500)
	at org.antlr.v4.runtime.tree.AbstractParseTreeVisitor.visitChildren(AbstractParseTreeVisitor.java:46)
	at de.uka.ilkd.key.nparser.KeYParserBaseVisitor.visitFile(KeYParserBaseVisitor.java:23)
	at de.uka.ilkd.key.nparser.KeYParser$FileContext.accept(KeYParser.java:306)
	at de.uka.ilkd.key.nparser.KeyAst.accept(KeyAst.java:41)
	at de.uka.ilkd.key.nparser.KeyAst$File.getIncludes(KeyAst.java:76)
	at de.uka.ilkd.key.proof.io.KeYFile.readIncludes(KeYFile.java:208)
	... 14 more
Could not find rule file rules/intRulesCheckedSemantics.key (file: /home/runner/work/key/key/key.core/../key.ui/examples/index/.././heap/permissions/mulleretal/ReadWrite_read_contract.key; caused by: de.uka.ilkd.key.proof.init.ProofInputException: Could not find rule file rules/intRulesCheckedSemantics.key)
	at de.uka.ilkd.key.control.AbstractUserInterfaceControl.load(AbstractUserInterfaceControl.java:221)
	at de.uka.ilkd.key.control.KeYEnvironment.load(KeYEnvironment.java:251)
	at de.uka.ilkd.key.control.KeYEnvironment.load(KeYEnvironment.java:224)
	at de.uka.ilkd.key.control.KeYEnvironment.load(KeYEnvironment.java:184)
	at de.uka.ilkd.key.control.KeYEnvironment.load(KeYEnvironment.java:261)
	at de.uka.ilkd.key.proof.runallproofs.proofcollection.TestFile.load(TestFile.java:270)
	at de.uka.ilkd.key.proof.runallproofs.proofcollection.TestFile.runKey(TestFile.java:160)
	at de.uka.ilkd.key.proof.runallproofs.proofcollection.ForkedTestFileRunner.main(ForkedTestFileRunner.java:171)
Caused by: de.uka.ilkd.key.proof.init.ProofInputException: Could not find rule file rules/intRulesCheckedSemantics.key
	at de.uka.ilkd.key.proof.io.KeYFile.readIncludes(KeYFile.java:210)
	at de.uka.ilkd.key.proof.init.ProblemInitializer.readIncludes(ProblemInitializer.java:177)
	at de.uka.ilkd.key.proof.init.ProblemInitializer.readEnvInput(ProblemInitializer.java:325)
	at de.uka.ilkd.key.proof.init.ProblemInitializer.prepare(ProblemInitializer.java:449)
	at de.uka.ilkd.key.proof.io.AbstractProblemLoader.createInitConfig(AbstractProblemLoader.java:518)
	at de.uka.ilkd.key.proof.io.AbstractProblemLoader.loadEnvironment(AbstractProblemLoader.java:288)
	at de.uka.ilkd.key.proof.io.AbstractProblemLoader.load(AbstractProblemLoader.java:252)
	at de.uka.ilkd.key.control.AbstractUserInterfaceControl.load(AbstractUserInterfaceControl.java:209)
	... 7 more
Caused by: java.lang.RuntimeException: Could not find rule file rules/intRulesCheckedSemantics.key
	at de.uka.ilkd.key.proof.io.RuleSourceFactory.fromBuiltInRule(RuleSourceFactory.java:32)
	at de.uka.ilkd.key.proof.io.RuleSourceFactory.fromDefaultLocation(RuleSourceFactory.java:21)
	at de.uka.ilkd.key.nparser.builder.IncludeFinder.addInclude(IncludeFinder.java:63)
	at de.uka.ilkd.key.nparser.builder.IncludeFinder.visitOne_include(IncludeFinder.java:43)
	at de.uka.ilkd.key.nparser.builder.IncludeFinder.visitOne_include(IncludeFinder.java:20)
	at de.uka.ilkd.key.nparser.KeYParser$One_includeContext.accept(KeYParser.java:878)
	at de.uka.ilkd.key.nparser.builder.AbstractBuilder.lambda$mapOf$0(AbstractBuilder.java:112)
	at java.base/java.util.stream.ReferencePipeline$3$1.accept(ReferencePipeline.java:195)
	at java.base/java.util.ArrayList$ArrayListSpliterator.forEachRemaining(ArrayList.java:1655)
	at java.base/java.util.stream.AbstractPipeline.copyInto(AbstractPipeline.java:484)
	at java.base/java.util.stream.AbstractPipeline.wrapAndCopyInto(AbstractPipeline.java:474)
	at java.base/java.util.stream.ReduceOps$ReduceOp.evaluateSequential(ReduceOps.java:913)
	at java.base/java.util.stream.AbstractPipeline.evaluate(AbstractPipeline.java:234)
	at java.base/java.util.stream.ReferencePipeline.collect(ReferencePipeline.java:578)
	at de.uka.ilkd.key.nparser.builder.AbstractBuilder.mapOf(AbstractBuilder.java:112)
	at de.uka.ilkd.key.nparser.builder.IncludeFinder.visitOne_include_statement(IncludeFinder.java:35)
	at de.uka.ilkd.key.nparser.builder.IncludeFinder.visitOne_include_statement(IncludeFinder.java:20)
	at de.uka.ilkd.key.nparser.KeYParser$One_include_statementContext.accept(KeYParser.java:802)
	at org.antlr.v4.runtime.tree.AbstractParseTreeVisitor.visitChildren(AbstractParseTreeVisitor.java:46)
	at de.uka.ilkd.key.nparser.KeYParserBaseVisitor.visitDecls(KeYParserBaseVisitor.java:30)
	at de.uka.ilkd.key.nparser.KeYParser$DeclsContext.accept(KeYParser.java:500)
	at org.antlr.v4.runtime.tree.AbstractParseTreeVisitor.visitChildren(AbstractParseTreeVisitor.java:46)
	at de.uka.ilkd.key.nparser.KeYParserBaseVisitor.visitFile(KeYParserBaseVisitor.java:23)
	at de.uka.ilkd.key.nparser.KeYParser$FileContext.accept(KeYParser.java:306)
	at de.uka.ilkd.key.nparser.KeyAst.accept(KeyAst.java:41)
	at de.uka.ilkd.key.nparser.KeyAst$File.getIncludes(KeyAst.java:76)
	at de.uka.ilkd.key.proof.io.KeYFile.readIncludes(KeYFile.java:208)
	... 14 more
Could not find rule file rules/intRulesCheckedSemantics.key (file: /home/runner/work/key/key/key.core/../key.ui/examples/index/.././heap/permissions/mulleretal/ReadWrite_write_contract.key; caused by: de.uka.ilkd.key.proof.init.ProofInputException: Could not find rule file rules/intRulesCheckedSemantics.key)
	at de.uka.ilkd.key.control.AbstractUserInterfaceControl.load(AbstractUserInterfaceControl.java:221)
	at de.uka.ilkd.key.control.KeYEnvironment.load(KeYEnvironment.java:251)
	at de.uka.ilkd.key.control.KeYEnvironment.load(KeYEnvironment.java:224)
	at de.uka.ilkd.key.control.KeYEnvironment.load(KeYEnvironment.java:184)
	at de.uka.ilkd.key.control.KeYEnvironment.load(KeYEnvironment.java:261)
	at de.uka.ilkd.key.proof.runallproofs.proofcollection.TestFile.load(TestFile.java:270)
	at de.uka.ilkd.key.proof.runallproofs.proofcollection.TestFile.runKey(TestFile.java:160)
	at de.uka.ilkd.key.proof.runallproofs.proofcollection.ForkedTestFileRunner.main(ForkedTestFileRunner.java:171)
Caused by: de.uka.ilkd.key.proof.init.ProofInputException: Could not find rule file rules/intRulesCheckedSemantics.key
	at de.uka.ilkd.key.proof.io.KeYFile.readIncludes(KeYFile.java:210)
	at de.uka.ilkd.key.proof.init.ProblemInitializer.readIncludes(ProblemInitializer.java:177)
	at de.uka.ilkd.key.proof.init.ProblemInitializer.readEnvInput(ProblemInitializer.java:325)
	at de.uka.ilkd.key.proof.init.ProblemInitializer.prepare(ProblemInitializer.java:449)
	at de.uka.ilkd.key.proof.io.AbstractProblemLoader.createInitConfig(AbstractProblemLoader.java:518)
	at de.uka.ilkd.key.proof.io.AbstractProblemLoader.loadEnvironment(AbstractProblemLoader.java:288)
	at de.uka.ilkd.key.proof.io.AbstractProblemLoader.load(AbstractProblemLoader.java:252)
	at de.uka.ilkd.key.control.AbstractUserInterfaceControl.load(AbstractUserInterfaceControl.java:209)
	... 7 more
Caused by: java.lang.RuntimeException: Could not find rule file rules/intRulesCheckedSemantics.key
	at de.uka.ilkd.key.proof.io.RuleSourceFactory.fromBuiltInRule(RuleSourceFactory.java:32)
	at de.uka.ilkd.key.proof.io.RuleSourceFactory.fromDefaultLocation(RuleSourceFactory.java:21)
	at de.uka.ilkd.key.nparser.builder.IncludeFinder.addInclude(IncludeFinder.java:63)
	at de.uka.ilkd.key.nparser.builder.IncludeFinder.visitOne_include(IncludeFinder.java:43)
	at de.uka.ilkd.key.nparser.builder.IncludeFinder.visitOne_include(IncludeFinder.java:20)
	at de.uka.ilkd.key.nparser.KeYParser$One_includeContext.accept(KeYParser.java:878)
	at de.uka.ilkd.key.nparser.builder.AbstractBuilder.lambda$mapOf$0(AbstractBuilder.java:112)
	at java.base/java.util.stream.ReferencePipeline$3$1.accept(ReferencePipeline.java:195)
	at java.base/java.util.ArrayList$ArrayListSpliterator.forEachRemaining(ArrayList.java:1655)
	at java.base/java.util.stream.AbstractPipeline.copyInto(AbstractPipeline.java:484)
	at java.base/java.util.stream.AbstractPipeline.wrapAndCopyInto(AbstractPipeline.java:474)
	at java.base/java.util.stream.ReduceOps$ReduceOp.evaluateSequential(ReduceOps.java:913)
	at java.base/java.util.stream.AbstractPipeline.evaluate(AbstractPipeline.java:234)
	at java.base/java.util.stream.ReferencePipeline.collect(ReferencePipeline.java:578)
	at de.uka.ilkd.key.nparser.builder.AbstractBuilder.mapOf(AbstractBuilder.java:112)
	at de.uka.ilkd.key.nparser.builder.IncludeFinder.visitOne_include_statement(IncludeFinder.java:35)
	at de.uka.ilkd.key.nparser.builder.IncludeFinder.visitOne_include_statement(IncludeFinder.java:20)
	at de.uka.ilkd.key.nparser.KeYParser$One_include_statementContext.accept(KeYParser.java:802)
	at org.antlr.v4.runtime.tree.AbstractParseTreeVisitor.visitChildren(AbstractParseTreeVisitor.java:46)
	at de.uka.ilkd.key.nparser.KeYParserBaseVisitor.visitDecls(KeYParserBaseVisitor.java:30)
	at de.uka.ilkd.key.nparser.KeYParser$DeclsContext.accept(KeYParser.java:500)
	at org.antlr.v4.runtime.tree.AbstractParseTreeVisitor.visitChildren(AbstractParseTreeVisitor.java:46)
	at de.uka.ilkd.key.nparser.KeYParserBaseVisitor.visitFile(KeYParserBaseVisitor.java:23)
	at de.uka.ilkd.key.nparser.KeYParser$FileContext.accept(KeYParser.java:306)
	at de.uka.ilkd.key.nparser.KeyAst.accept(KeyAst.java:41)
	at de.uka.ilkd.key.nparser.KeyAst$File.getIncludes(KeyAst.java:76)
	at de.uka.ilkd.key.proof.io.KeYFile.readIncludes(KeYFile.java:208)
	... 14 more
Could not find rule file rules/intRulesCheckedSemantics.key (file: /home/runner/work/key/key/key.core/../key.ui/examples/index/.././heap/permissions/mulleretal/ReadWrite_inv1_accessible.key; caused by: de.uka.ilkd.key.proof.init.ProofInputException: Could not find rule file rules/intRulesCheckedSemantics.key)
	at de.uka.ilkd.key.control.AbstractUserInterfaceControl.load(AbstractUserInterfaceControl.java:221)
	at de.uka.ilkd.key.control.KeYEnvironment.load(KeYEnvironment.java:251)
	at de.uka.ilkd.key.control.KeYEnvironment.load(KeYEnvironment.java:224)
	at de.uka.ilkd.key.control.KeYEnvironment.load(KeYEnvironment.java:184)
	at de.uka.ilkd.key.control.KeYEnvironment.load(KeYEnvironment.java:261)
	at de.uka.ilkd.key.proof.runallproofs.proofcollection.TestFile.load(TestFile.java:270)
	at de.uka.ilkd.key.proof.runallproofs.proofcollection.TestFile.runKey(TestFile.java:160)
	at de.uka.ilkd.key.proof.runallproofs.proofcollection.ForkedTestFileRunner.main(ForkedTestFileRunner.java:171)
Caused by: de.uka.ilkd.key.proof.init.ProofInputException: Could not find rule file rules/intRulesCheckedSemantics.key
	at de.uka.ilkd.key.proof.io.KeYFile.readIncludes(KeYFile.java:210)
	at de.uka.ilkd.key.proof.init.ProblemInitializer.readIncludes(ProblemInitializer.java:177)
	at de.uka.ilkd.key.proof.init.ProblemInitializer.readEnvInput(ProblemInitializer.java:325)
	at de.uka.ilkd.key.proof.init.ProblemInitializer.prepare(ProblemInitializer.java:449)
	at de.uka.ilkd.key.proof.io.AbstractProblemLoader.createInitConfig(AbstractProblemLoader.java:518)
	at de.uka.ilkd.key.proof.io.AbstractProblemLoader.loadEnvironment(AbstractProblemLoader.java:288)
	at de.uka.ilkd.key.proof.io.AbstractProblemLoader.load(AbstractProblemLoader.java:252)
	at de.uka.ilkd.key.control.AbstractUserInterfaceControl.load(AbstractUserInterfaceControl.java:209)
	... 7 more
Caused by: java.lang.RuntimeException: Could not find rule file rules/intRulesCheckedSemantics.key
	at de.uka.ilkd.key.proof.io.RuleSourceFactory.fromBuiltInRule(RuleSourceFactory.java:32)
	at de.uka.ilkd.key.proof.io.RuleSourceFactory.fromDefaultLocation(RuleSourceFactory.java:21)
	at de.uka.ilkd.key.nparser.builder.IncludeFinder.addInclude(IncludeFinder.java:63)
	at de.uka.ilkd.key.nparser.builder.IncludeFinder.visitOne_include(IncludeFinder.java:43)
	at de.uka.ilkd.key.nparser.builder.IncludeFinder.visitOne_include(IncludeFinder.java:20)
	at de.uka.ilkd.key.nparser.KeYParser$One_includeContext.accept(KeYParser.java:878)
	at de.uka.ilkd.key.nparser.builder.AbstractBuilder.lambda$mapOf$0(AbstractBuilder.java:112)
	at java.base/java.util.stream.ReferencePipeline$3$1.accept(ReferencePipeline.java:195)
	at java.base/java.util.ArrayList$ArrayListSpliterator.forEachRemaining(ArrayList.java:1655)
	at java.base/java.util.stream.AbstractPipeline.copyInto(AbstractPipeline.java:484)
	at java.base/java.util.stream.AbstractPipeline.wrapAndCopyInto(AbstractPipeline.java:474)
	at java.base/java.util.stream.ReduceOps$ReduceOp.evaluateSequential(ReduceOps.java:913)
	at java.base/java.util.stream.AbstractPipeline.evaluate(AbstractPipeline.java:234)
	at java.base/java.util.stream.ReferencePipeline.collect(ReferencePipeline.java:578)
	at de.uka.ilkd.key.nparser.builder.AbstractBuilder.mapOf(AbstractBuilder.java:112)
	at de.uka.ilkd.key.nparser.builder.IncludeFinder.visitOne_include_statement(IncludeFinder.java:35)
	at de.uka.ilkd.key.nparser.builder.IncludeFinder.visitOne_include_statement(IncludeFinder.java:20)
	at de.uka.ilkd.key.nparser.KeYParser$One_include_statementContext.accept(KeYParser.java:802)
	at org.antlr.v4.runtime.tree.AbstractParseTreeVisitor.visitChildren(AbstractParseTreeVisitor.java:46)
	at de.uka.ilkd.key.nparser.KeYParserBaseVisitor.visitDecls(KeYParserBaseVisitor.java:30)
	at de.uka.ilkd.key.nparser.KeYParser$DeclsContext.accept(KeYParser.java:500)
	at org.antlr.v4.runtime.tree.AbstractParseTreeVisitor.visitChildren(AbstractParseTreeVisitor.java:46)
	at de.uka.ilkd.key.nparser.KeYParserBaseVisitor.visitFile(KeYParserBaseVisitor.java:23)
	at de.uka.ilkd.key.nparser.KeYParser$FileContext.accept(KeYParser.java:306)
	at de.uka.ilkd.key.nparser.KeyAst.accept(KeyAst.java:41)
	at de.uka.ilkd.key.nparser.KeyAst$File.getIncludes(KeyAst.java:76)
	at de.uka.ilkd.key.proof.io.KeYFile.readIncludes(KeYFile.java:208)
	... 14 more
Could not find rule file rules/intRulesCheckedSemantics.key (file: /home/runner/work/key/key/key.core/../key.ui/examples/index/.././heap/permissions/mulleretal/ReadWrite_inv2_accessible.key; caused by: de.uka.ilkd.key.proof.init.ProofInputException: Could not find rule file rules/intRulesCheckedSemantics.key)
	at de.uka.ilkd.key.control.AbstractUserInterfaceControl.load(AbstractUserInterfaceControl.java:221)
	at de.uka.ilkd.key.control.KeYEnvironment.load(KeYEnvironment.java:251)
	at de.uka.ilkd.key.control.KeYEnvironment.load(KeYEnvironment.java:224)
	at de.uka.ilkd.key.control.KeYEnvironment.load(KeYEnvironment.java:184)
	at de.uka.ilkd.key.control.KeYEnvironment.load(KeYEnvironment.java:261)
	at de.uka.ilkd.key.proof.runallproofs.proofcollection.TestFile.load(TestFile.java:270)
	at de.uka.ilkd.key.proof.runallproofs.proofcollection.TestFile.runKey(TestFile.java:160)
	at de.uka.ilkd.key.proof.runallproofs.proofcollection.ForkedTestFileRunner.main(ForkedTestFileRunner.java:171)
Caused by: de.uka.ilkd.key.proof.init.ProofInputException: Could not find rule file rules/intRulesCheckedSemantics.key
	at de.uka.ilkd.key.proof.io.KeYFile.readIncludes(KeYFile.java:210)
	at de.uka.ilkd.key.proof.init.ProblemInitializer.readIncludes(ProblemInitializer.java:177)
	at de.uka.ilkd.key.proof.init.ProblemInitializer.readEnvInput(ProblemInitializer.java:325)
	at de.uka.ilkd.key.proof.init.ProblemInitializer.prepare(ProblemInitializer.java:449)
	at de.uka.ilkd.key.proof.io.AbstractProblemLoader.createInitConfig(AbstractProblemLoader.java:518)
	at de.uka.ilkd.key.proof.io.AbstractProblemLoader.loadEnvironment(AbstractProblemLoader.java:288)
	at de.uka.ilkd.key.proof.io.AbstractProblemLoader.load(AbstractProblemLoader.java:252)
	at de.uka.ilkd.key.control.AbstractUserInterfaceControl.load(AbstractUserInterfaceControl.java:209)
	... 7 more
Caused by: java.lang.RuntimeException: Could not find rule file rules/intRulesCheckedSemantics.key
	at de.uka.ilkd.key.proof.io.RuleSourceFactory.fromBuiltInRule(RuleSourceFactory.java:32)
	at de.uka.ilkd.key.proof.io.RuleSourceFactory.fromDefaultLocation(RuleSourceFactory.java:21)
	at de.uka.ilkd.key.nparser.builder.IncludeFinder.addInclude(IncludeFinder.java:63)
	at de.uka.ilkd.key.nparser.builder.IncludeFinder.visitOne_include(IncludeFinder.java:43)
	at de.uka.ilkd.key.nparser.builder.IncludeFinder.visitOne_include(IncludeFinder.java:20)
	at de.uka.ilkd.key.nparser.KeYParser$One_includeContext.accept(KeYParser.java:878)
	at de.uka.ilkd.key.nparser.builder.AbstractBuilder.lambda$mapOf$0(AbstractBuilder.java:112)
	at java.base/java.util.stream.ReferencePipeline$3$1.accept(ReferencePipeline.java:195)
	at java.base/java.util.ArrayList$ArrayListSpliterator.forEachRemaining(ArrayList.java:1655)
	at java.base/java.util.stream.AbstractPipeline.copyInto(AbstractPipeline.java:484)
	at java.base/java.util.stream.AbstractPipeline.wrapAndCopyInto(AbstractPipeline.java:474)
	at java.base/java.util.stream.ReduceOps$ReduceOp.evaluateSequential(ReduceOps.java:913)
	at java.base/java.util.stream.AbstractPipeline.evaluate(AbstractPipeline.java:234)
	at java.base/java.util.stream.ReferencePipeline.collect(ReferencePipeline.java:578)
	at de.uka.ilkd.key.nparser.builder.AbstractBuilder.mapOf(AbstractBuilder.java:112)
	at de.uka.ilkd.key.nparser.builder.IncludeFinder.visitOne_include_statement(IncludeFinder.java:35)
	at de.uka.ilkd.key.nparser.builder.IncludeFinder.visitOne_include_statement(IncludeFinder.java:20)
	at de.uka.ilkd.key.nparser.KeYParser$One_include_statementContext.accept(KeYParser.java:802)
	at org.antlr.v4.runtime.tree.AbstractParseTreeVisitor.visitChildren(AbstractParseTreeVisitor.java:46)
	at de.uka.ilkd.key.nparser.KeYParserBaseVisitor.visitDecls(KeYParserBaseVisitor.java:30)
	at de.uka.ilkd.key.nparser.KeYParser$DeclsContext.accept(KeYParser.java:500)
	at org.antlr.v4.runtime.tree.AbstractParseTreeVisitor.visitChildren(AbstractParseTreeVisitor.java:46)
	at de.uka.ilkd.key.nparser.KeYParserBaseVisitor.visitFile(KeYParserBaseVisitor.java:23)
	at de.uka.ilkd.key.nparser.KeYParser$FileContext.accept(KeYParser.java:306)
	at de.uka.ilkd.key.nparser.KeyAst.accept(KeyAst.java:41)
	at de.uka.ilkd.key.nparser.KeyAst$File.getIncludes(KeyAst.java:76)
	at de.uka.ilkd.key.proof.io.KeYFile.readIncludes(KeYFile.java:208)
	... 14 more
Could not find rule file rules/intRulesCheckedSemantics.key (file: /home/runner/work/key/key/key.core/../key.ui/examples/index/.././heap/permissions/lockspec/Counter_lockConsistent_contract.key; caused by: de.uka.ilkd.key.proof.init.ProofInputException: Could not find rule file rules/intRulesCheckedSemantics.key)
	at de.uka.ilkd.key.control.AbstractUserInterfaceControl.load(AbstractUserInterfaceControl.java:221)
	at de.uka.ilkd.key.control.KeYEnvironment.load(KeYEnvironment.java:251)
	at de.uka.ilkd.key.control.KeYEnvironment.load(KeYEnvironment.java:224)
	at de.uka.ilkd.key.control.KeYEnvironment.load(KeYEnvironment.java:184)
	at de.uka.ilkd.key.control.KeYEnvironment.load(KeYEnvironment.java:261)
	at de.uka.ilkd.key.proof.runallproofs.proofcollection.TestFile.load(TestFile.java:270)
	at de.uka.ilkd.key.proof.runallproofs.proofcollection.TestFile.runKey(TestFile.java:160)
	at de.uka.ilkd.key.proof.runallproofs.proofcollection.ForkedTestFileRunner.main(ForkedTestFileRunner.java:171)
Caused by: de.uka.ilkd.key.proof.init.ProofInputException: Could not find rule file rules/intRulesCheckedSemantics.key
	at de.uka.ilkd.key.proof.io.KeYFile.readIncludes(KeYFile.java:210)
	at de.uka.ilkd.key.proof.init.ProblemInitializer.readIncludes(ProblemInitializer.java:177)
	at de.uka.ilkd.key.proof.init.ProblemInitializer.readEnvInput(ProblemInitializer.java:325)
	at de.uka.ilkd.key.proof.init.ProblemInitializer.prepare(ProblemInitializer.java:449)
	at de.uka.ilkd.key.proof.io.AbstractProblemLoader.createInitConfig(AbstractProblemLoader.java:518)
	at de.uka.ilkd.key.proof.io.AbstractProblemLoader.loadEnvironment(AbstractProblemLoader.java:288)
	at de.uka.ilkd.key.proof.io.AbstractProblemLoader.load(AbstractProblemLoader.java:252)
	at de.uka.ilkd.key.control.AbstractUserInterfaceControl.load(AbstractUserInterfaceControl.java:209)
	... 7 more
Caused by: java.lang.RuntimeException: Could not find rule file rules/intRulesCheckedSemantics.key
	at de.uka.ilkd.key.proof.io.RuleSourceFactory.fromBuiltInRule(RuleSourceFactory.java:32)
	at de.uka.ilkd.key.proof.io.RuleSourceFactory.fromDefaultLocation(RuleSourceFactory.java:21)
	at de.uka.ilkd.key.nparser.builder.IncludeFinder.addInclude(IncludeFinder.java:63)
	at de.uka.ilkd.key.nparser.builder.IncludeFinder.visitOne_include(IncludeFinder.java:43)
	at de.uka.ilkd.key.nparser.builder.IncludeFinder.visitOne_include(IncludeFinder.java:20)
	at de.uka.ilkd.key.nparser.KeYParser$One_includeContext.accept(KeYParser.java:878)
	at de.uka.ilkd.key.nparser.builder.AbstractBuilder.lambda$mapOf$0(AbstractBuilder.java:112)
	at java.base/java.util.stream.ReferencePipeline$3$1.accept(ReferencePipeline.java:195)
	at java.base/java.util.ArrayList$ArrayListSpliterator.forEachRemaining(ArrayList.java:1655)
	at java.base/java.util.stream.AbstractPipeline.copyInto(AbstractPipeline.java:484)
	at java.base/java.util.stream.AbstractPipeline.wrapAndCopyInto(AbstractPipeline.java:474)
	at java.base/java.util.stream.ReduceOps$ReduceOp.evaluateSequential(ReduceOps.java:913)
	at java.base/java.util.stream.AbstractPipeline.evaluate(AbstractPipeline.java:234)
	at java.base/java.util.stream.ReferencePipeline.collect(ReferencePipeline.java:578)
	at de.uka.ilkd.key.nparser.builder.AbstractBuilder.mapOf(AbstractBuilder.java:112)
	at de.uka.ilkd.key.nparser.builder.IncludeFinder.visitOne_include_statement(IncludeFinder.java:35)
	at de.uka.ilkd.key.nparser.builder.IncludeFinder.visitOne_include_statement(IncludeFinder.java:20)
	at de.uka.ilkd.key.nparser.KeYParser$One_include_statementContext.accept(KeYParser.java:802)
	at org.antlr.v4.runtime.tree.AbstractParseTreeVisitor.visitChildren(AbstractParseTreeVisitor.java:46)
	at de.uka.ilkd.key.nparser.KeYParserBaseVisitor.visitDecls(KeYParserBaseVisitor.java:30)
	at de.uka.ilkd.key.nparser.KeYParser$DeclsContext.accept(KeYParser.java:500)
	at org.antlr.v4.runtime.tree.AbstractParseTreeVisitor.visitChildren(AbstractParseTreeVisitor.java:46)
	at de.uka.ilkd.key.nparser.KeYParserBaseVisitor.visitFile(KeYParserBaseVisitor.java:23)
	at de.uka.ilkd.key.nparser.KeYParser$FileContext.accept(KeYParser.java:306)
	at de.uka.ilkd.key.nparser.KeyAst.accept(KeyAst.java:41)
	at de.uka.ilkd.key.nparser.KeyAst$File.getIncludes(KeyAst.java:76)
	at de.uka.ilkd.key.proof.io.KeYFile.readIncludes(KeYFile.java:208)
	... 14 more
Could not find rule file rules/intRulesCheckedSemantics.key (file: /home/runner/work/key/key/key.core/../key.ui/examples/index/.././heap/permissions/lockspec/Counter_increase_contract.key; caused by: de.uka.ilkd.key.proof.init.ProofInputException: Could not find rule file rules/intRulesCheckedSemantics.key)
	at de.uka.ilkd.key.control.AbstractUserInterfaceControl.load(AbstractUserInterfaceControl.java:221)
	at de.uka.ilkd.key.control.KeYEnvironment.load(KeYEnvironment.java:251)
	at de.uka.ilkd.key.control.KeYEnvironment.load(KeYEnvironment.java:224)
	at de.uka.ilkd.key.control.KeYEnvironment.load(KeYEnvironment.java:184)
	at de.uka.ilkd.key.control.KeYEnvironment.load(KeYEnvironment.java:261)
	at de.uka.ilkd.key.proof.runallproofs.proofcollection.TestFile.load(TestFile.java:270)
	at de.uka.ilkd.key.proof.runallproofs.proofcollection.TestFile.runKey(TestFile.java:160)
	at de.uka.ilkd.key.proof.runallproofs.proofcollection.ForkedTestFileRunner.main(ForkedTestFileRunner.java:171)
Caused by: de.uka.ilkd.key.proof.init.ProofInputException: Could not find rule file rules/intRulesCheckedSemantics.key
	at de.uka.ilkd.key.proof.io.KeYFile.readIncludes(KeYFile.java:210)
	at de.uka.ilkd.key.proof.init.ProblemInitializer.readIncludes(ProblemInitializer.java:177)
	at de.uka.ilkd.key.proof.init.ProblemInitializer.readEnvInput(ProblemInitializer.java:325)
	at de.uka.ilkd.key.proof.init.ProblemInitializer.prepare(ProblemInitializer.java:449)
	at de.uka.ilkd.key.proof.io.AbstractProblemLoader.createInitConfig(AbstractProblemLoader.java:518)
	at de.uka.ilkd.key.proof.io.AbstractProblemLoader.loadEnvironment(AbstractProblemLoader.java:288)
	at de.uka.ilkd.key.proof.io.AbstractProblemLoader.load(AbstractProblemLoader.java:252)
	at de.uka.ilkd.key.control.AbstractUserInterfaceControl.load(AbstractUserInterfaceControl.java:209)
	... 7 more
Caused by: java.lang.RuntimeException: Could not find rule file rules/intRulesCheckedSemantics.key
	at de.uka.ilkd.key.proof.io.RuleSourceFactory.fromBuiltInRule(RuleSourceFactory.java:32)
	at de.uka.ilkd.key.proof.io.RuleSourceFactory.fromDefaultLocation(RuleSourceFactory.java:21)
	at de.uka.ilkd.key.nparser.builder.IncludeFinder.addInclude(IncludeFinder.java:63)
	at de.uka.ilkd.key.nparser.builder.IncludeFinder.visitOne_include(IncludeFinder.java:43)
	at de.uka.ilkd.key.nparser.builder.IncludeFinder.visitOne_include(IncludeFinder.java:20)
	at de.uka.ilkd.key.nparser.KeYParser$One_includeContext.accept(KeYParser.java:878)
	at de.uka.ilkd.key.nparser.builder.AbstractBuilder.lambda$mapOf$0(AbstractBuilder.java:112)
	at java.base/java.util.stream.ReferencePipeline$3$1.accept(ReferencePipeline.java:195)
	at java.base/java.util.ArrayList$ArrayListSpliterator.forEachRemaining(ArrayList.java:1655)
	at java.base/java.util.stream.AbstractPipeline.copyInto(AbstractPipeline.java:484)
	at java.base/java.util.stream.AbstractPipeline.wrapAndCopyInto(AbstractPipeline.java:474)
	at java.base/java.util.stream.ReduceOps$ReduceOp.evaluateSequential(ReduceOps.java:913)
	at java.base/java.util.stream.AbstractPipeline.evaluate(AbstractPipeline.java:234)
	at java.base/java.util.stream.ReferencePipeline.collect(ReferencePipeline.java:578)
	at de.uka.ilkd.key.nparser.builder.AbstractBuilder.mapOf(AbstractBuilder.java:112)
	at de.uka.ilkd.key.nparser.builder.IncludeFinder.visitOne_include_statement(IncludeFinder.java:35)
	at de.uka.ilkd.key.nparser.builder.IncludeFinder.visitOne_include_statement(IncludeFinder.java:20)
	at de.uka.ilkd.key.nparser.KeYParser$One_include_statementContext.accept(KeYParser.java:802)
	at org.antlr.v4.runtime.tree.AbstractParseTreeVisitor.visitChildren(AbstractParseTreeVisitor.java:46)
	at de.uka.ilkd.key.nparser.KeYParserBaseVisitor.visitDecls(KeYParserBaseVisitor.java:30)
	at de.uka.ilkd.key.nparser.KeYParser$DeclsContext.accept(KeYParser.java:500)
	at org.antlr.v4.runtime.tree.AbstractParseTreeVisitor.visitChildren(AbstractParseTreeVisitor.java:46)
	at de.uka.ilkd.key.nparser.KeYParserBaseVisitor.visitFile(KeYParserBaseVisitor.java:23)
	at de.uka.ilkd.key.nparser.KeYParser$FileContext.accept(KeYParser.java:306)
	at de.uka.ilkd.key.nparser.KeyAst.accept(KeyAst.java:41)
	at de.uka.ilkd.key.nparser.KeyAst$File.getIncludes(KeyAst.java:76)
	at de.uka.ilkd.key.proof.io.KeYFile.readIncludes(KeYFile.java:208)
	... 14 more
Could not find rule file rules/intRulesCheckedSemantics.key (file: /home/runner/work/key/key/key.core/../key.ui/examples/index/.././heap/permissions/lockspec/Counter_fp_accessible.key; caused by: de.uka.ilkd.key.proof.init.ProofInputException: Could not find rule file rules/intRulesCheckedSemantics.key)
	at de.uka.ilkd.key.control.AbstractUserInterfaceControl.load(AbstractUserInterfaceControl.java:221)
	at de.uka.ilkd.key.control.KeYEnvironment.load(KeYEnvironment.java:251)
	at de.uka.ilkd.key.control.KeYEnvironment.load(KeYEnvironment.java:224)
	at de.uka.ilkd.key.control.KeYEnvironment.load(KeYEnvironment.java:184)
	at de.uka.ilkd.key.control.KeYEnvironment.load(KeYEnvironment.java:261)
	at de.uka.ilkd.key.proof.runallproofs.proofcollection.TestFile.load(TestFile.java:270)
	at de.uka.ilkd.key.proof.runallproofs.proofcollection.TestFile.runKey(TestFile.java:160)
	at de.uka.ilkd.key.proof.runallproofs.proofcollection.ForkedTestFileRunner.main(ForkedTestFileRunner.java:171)
Caused by: de.uka.ilkd.key.proof.init.ProofInputException: Could not find rule file rules/intRulesCheckedSemantics.key
	at de.uka.ilkd.key.proof.io.KeYFile.readIncludes(KeYFile.java:210)
	at de.uka.ilkd.key.proof.init.ProblemInitializer.readIncludes(ProblemInitializer.java:177)
	at de.uka.ilkd.key.proof.init.ProblemInitializer.readEnvInput(ProblemInitializer.java:325)
	at de.uka.ilkd.key.proof.init.ProblemInitializer.prepare(ProblemInitializer.java:449)
	at de.uka.ilkd.key.proof.io.AbstractProblemLoader.createInitConfig(AbstractProblemLoader.java:518)
	at de.uka.ilkd.key.proof.io.AbstractProblemLoader.loadEnvironment(AbstractProblemLoader.java:288)
	at de.uka.ilkd.key.proof.io.AbstractProblemLoader.load(AbstractProblemLoader.java:252)
	at de.uka.ilkd.key.control.AbstractUserInterfaceControl.load(AbstractUserInterfaceControl.java:209)
	... 7 more
Caused by: java.lang.RuntimeException: Could not find rule file rules/intRulesCheckedSemantics.key
	at de.uka.ilkd.key.proof.io.RuleSourceFactory.fromBuiltInRule(RuleSourceFactory.java:32)
	at de.uka.ilkd.key.proof.io.RuleSourceFactory.fromDefaultLocation(RuleSourceFactory.java:21)
	at de.uka.ilkd.key.nparser.builder.IncludeFinder.addInclude(IncludeFinder.java:63)
	at de.uka.ilkd.key.nparser.builder.IncludeFinder.visitOne_include(IncludeFinder.java:43)
	at de.uka.ilkd.key.nparser.builder.IncludeFinder.visitOne_include(IncludeFinder.java:20)
	at de.uka.ilkd.key.nparser.KeYParser$One_includeContext.accept(KeYParser.java:878)
	at de.uka.ilkd.key.nparser.builder.AbstractBuilder.lambda$mapOf$0(AbstractBuilder.java:112)
	at java.base/java.util.stream.ReferencePipeline$3$1.accept(ReferencePipeline.java:195)
	at java.base/java.util.ArrayList$ArrayListSpliterator.forEachRemaining(ArrayList.java:1655)
	at java.base/java.util.stream.AbstractPipeline.copyInto(AbstractPipeline.java:484)
	at java.base/java.util.stream.AbstractPipeline.wrapAndCopyInto(AbstractPipeline.java:474)
	at java.base/java.util.stream.ReduceOps$ReduceOp.evaluateSequential(ReduceOps.java:913)
	at java.base/java.util.stream.AbstractPipeline.evaluate(AbstractPipeline.java:234)
	at java.base/java.util.stream.ReferencePipeline.collect(ReferencePipeline.java:578)
	at de.uka.ilkd.key.nparser.builder.AbstractBuilder.mapOf(AbstractBuilder.java:112)
	at de.uka.ilkd.key.nparser.builder.IncludeFinder.visitOne_include_statement(IncludeFinder.java:35)
	at de.uka.ilkd.key.nparser.builder.IncludeFinder.visitOne_include_statement(IncludeFinder.java:20)
	at de.uka.ilkd.key.nparser.KeYParser$One_include_statementContext.accept(KeYParser.java:802)
	at org.antlr.v4.runtime.tree.AbstractParseTreeVisitor.visitChildren(AbstractParseTreeVisitor.java:46)
	at de.uka.ilkd.key.nparser.KeYParserBaseVisitor.visitDecls(KeYParserBaseVisitor.java:30)
	at de.uka.ilkd.key.nparser.KeYParser$DeclsContext.accept(KeYParser.java:500)
	at org.antlr.v4.runtime.tree.AbstractParseTreeVisitor.visitChildren(AbstractParseTreeVisitor.java:46)
	at de.uka.ilkd.key.nparser.KeYParserBaseVisitor.visitFile(KeYParserBaseVisitor.java:23)
	at de.uka.ilkd.key.nparser.KeYParser$FileContext.accept(KeYParser.java:306)
	at de.uka.ilkd.key.nparser.KeyAst.accept(KeyAst.java:41)
	at de.uka.ilkd.key.nparser.KeyAst$File.getIncludes(KeyAst.java:76)
	at de.uka.ilkd.key.proof.io.KeYFile.readIncludes(KeYFile.java:208)
	... 14 more
Could not find rule file rules/intRulesCheckedSemantics.key (file: /home/runner/work/key/key/key.core/../key.ui/examples/index/.././heap/permissions/lockspec/Counter_fpLock_accessible.key; caused by: de.uka.ilkd.key.proof.init.ProofInputException: Could not find rule file rules/intRulesCheckedSemantics.key)
	at de.uka.ilkd.key.control.AbstractUserInterfaceControl.load(AbstractUserInterfaceControl.java:221)
	at de.uka.ilkd.key.control.KeYEnvironment.load(KeYEnvironment.java:251)
	at de.uka.ilkd.key.control.KeYEnvironment.load(KeYEnvironment.java:224)
	at de.uka.ilkd.key.control.KeYEnvironment.load(KeYEnvironment.java:184)
	at de.uka.ilkd.key.control.KeYEnvironment.load(KeYEnvironment.java:261)
	at de.uka.ilkd.key.proof.runallproofs.proofcollection.TestFile.load(TestFile.java:270)
	at de.uka.ilkd.key.proof.runallproofs.proofcollection.TestFile.runKey(TestFile.java:160)
	at de.uka.ilkd.key.proof.runallproofs.proofcollection.ForkedTestFileRunner.main(ForkedTestFileRunner.java:171)
Caused by: de.uka.ilkd.key.proof.init.ProofInputException: Could not find rule file rules/intRulesCheckedSemantics.key
	at de.uka.ilkd.key.proof.io.KeYFile.readIncludes(KeYFile.java:210)
	at de.uka.ilkd.key.proof.init.ProblemInitializer.readIncludes(ProblemInitializer.java:177)
	at de.uka.ilkd.key.proof.init.ProblemInitializer.readEnvInput(ProblemInitializer.java:325)
	at de.uka.ilkd.key.proof.init.ProblemInitializer.prepare(ProblemInitializer.java:449)
	at de.uka.ilkd.key.proof.io.AbstractProblemLoader.createInitConfig(AbstractProblemLoader.java:518)
	at de.uka.ilkd.key.proof.io.AbstractProblemLoader.loadEnvironment(AbstractProblemLoader.java:288)
	at de.uka.ilkd.key.proof.io.AbstractProblemLoader.load(AbstractProblemLoader.java:252)
	at de.uka.ilkd.key.control.AbstractUserInterfaceControl.load(AbstractUserInterfaceControl.java:209)
	... 7 more
Caused by: java.lang.RuntimeException: Could not find rule file rules/intRulesCheckedSemantics.key
	at de.uka.ilkd.key.proof.io.RuleSourceFactory.fromBuiltInRule(RuleSourceFactory.java:32)
	at de.uka.ilkd.key.proof.io.RuleSourceFactory.fromDefaultLocation(RuleSourceFactory.java:21)
	at de.uka.ilkd.key.nparser.builder.IncludeFinder.addInclude(IncludeFinder.java:63)
	at de.uka.ilkd.key.nparser.builder.IncludeFinder.visitOne_include(IncludeFinder.java:43)
	at de.uka.ilkd.key.nparser.builder.IncludeFinder.visitOne_include(IncludeFinder.java:20)
	at de.uka.ilkd.key.nparser.KeYParser$One_includeContext.accept(KeYParser.java:878)
	at de.uka.ilkd.key.nparser.builder.AbstractBuilder.lambda$mapOf$0(AbstractBuilder.java:112)
	at java.base/java.util.stream.ReferencePipeline$3$1.accept(ReferencePipeline.java:195)
	at java.base/java.util.ArrayList$ArrayListSpliterator.forEachRemaining(ArrayList.java:1655)
	at java.base/java.util.stream.AbstractPipeline.copyInto(AbstractPipeline.java:484)
	at java.base/java.util.stream.AbstractPipeline.wrapAndCopyInto(AbstractPipeline.java:474)
	at java.base/java.util.stream.ReduceOps$ReduceOp.evaluateSequential(ReduceOps.java:913)
	at java.base/java.util.stream.AbstractPipeline.evaluate(AbstractPipeline.java:234)
	at java.base/java.util.stream.ReferencePipeline.collect(ReferencePipeline.java:578)
	at de.uka.ilkd.key.nparser.builder.AbstractBuilder.mapOf(AbstractBuilder.java:112)
	at de.uka.ilkd.key.nparser.builder.IncludeFinder.visitOne_include_statement(IncludeFinder.java:35)
	at de.uka.ilkd.key.nparser.builder.IncludeFinder.visitOne_include_statement(IncludeFinder.java:20)
	at de.uka.ilkd.key.nparser.KeYParser$One_include_statementContext.accept(KeYParser.java:802)
	at org.antlr.v4.runtime.tree.AbstractParseTreeVisitor.visitChildren(AbstractParseTreeVisitor.java:46)
	at de.uka.ilkd.key.nparser.KeYParserBaseVisitor.visitDecls(KeYParserBaseVisitor.java:30)
	at de.uka.ilkd.key.nparser.KeYParser$DeclsContext.accept(KeYParser.java:500)
	at org.antlr.v4.runtime.tree.AbstractParseTreeVisitor.visitChildren(AbstractParseTreeVisitor.java:46)
	at de.uka.ilkd.key.nparser.KeYParserBaseVisitor.visitFile(KeYParserBaseVisitor.java:23)
	at de.uka.ilkd.key.nparser.KeYParser$FileContext.accept(KeYParser.java:306)
	at de.uka.ilkd.key.nparser.KeyAst.accept(KeyAst.java:41)
	at de.uka.ilkd.key.nparser.KeyAst$File.getIncludes(KeyAst.java:76)
	at de.uka.ilkd.key.proof.io.KeYFile.readIncludes(KeYFile.java:208)
	... 14 more
Could not find rule file rules/intRulesCheckedSemantics.key (file: /home/runner/work/key/key/key.core/../key.ui/examples/index/.././heap/permissions/lockspec/Counter_fpPerm_accessible.key; caused by: de.uka.ilkd.key.proof.init.ProofInputException: Could not find rule file rules/intRulesCheckedSemantics.key)
	at de.uka.ilkd.key.control.AbstractUserInterfaceControl.load(AbstractUserInterfaceControl.java:221)
	at de.uka.ilkd.key.control.KeYEnvironment.load(KeYEnvironment.java:251)
	at de.uka.ilkd.key.control.KeYEnvironment.load(KeYEnvironment.java:224)
	at de.uka.ilkd.key.control.KeYEnvironment.load(KeYEnvironment.java:184)
	at de.uka.ilkd.key.control.KeYEnvironment.load(KeYEnvironment.java:261)
	at de.uka.ilkd.key.proof.runallproofs.proofcollection.TestFile.load(TestFile.java:270)
	at de.uka.ilkd.key.proof.runallproofs.proofcollection.TestFile.runKey(TestFile.java:160)
	at de.uka.ilkd.key.proof.runallproofs.proofcollection.ForkedTestFileRunner.main(ForkedTestFileRunner.java:171)
Caused by: de.uka.ilkd.key.proof.init.ProofInputException: Could not find rule file rules/intRulesCheckedSemantics.key
	at de.uka.ilkd.key.proof.io.KeYFile.readIncludes(KeYFile.java:210)
	at de.uka.ilkd.key.proof.init.ProblemInitializer.readIncludes(ProblemInitializer.java:177)
	at de.uka.ilkd.key.proof.init.ProblemInitializer.readEnvInput(ProblemInitializer.java:325)
	at de.uka.ilkd.key.proof.init.ProblemInitializer.prepare(ProblemInitializer.java:449)
	at de.uka.ilkd.key.proof.io.AbstractProblemLoader.createInitConfig(AbstractProblemLoader.java:518)
	at de.uka.ilkd.key.proof.io.AbstractProblemLoader.loadEnvironment(AbstractProblemLoader.java:288)
	at de.uka.ilkd.key.proof.io.AbstractProblemLoader.load(AbstractProblemLoader.java:252)
	at de.uka.ilkd.key.control.AbstractUserInterfaceControl.load(AbstractUserInterfaceControl.java:209)
	... 7 more
Caused by: java.lang.RuntimeException: Could not find rule file rules/intRulesCheckedSemantics.key
	at de.uka.ilkd.key.proof.io.RuleSourceFactory.fromBuiltInRule(RuleSourceFactory.java:32)
	at de.uka.ilkd.key.proof.io.RuleSourceFactory.fromDefaultLocation(RuleSourceFactory.java:21)
	at de.uka.ilkd.key.nparser.builder.IncludeFinder.addInclude(IncludeFinder.java:63)
	at de.uka.ilkd.key.nparser.builder.IncludeFinder.visitOne_include(IncludeFinder.java:43)
	at de.uka.ilkd.key.nparser.builder.IncludeFinder.visitOne_include(IncludeFinder.java:20)
	at de.uka.ilkd.key.nparser.KeYParser$One_includeContext.accept(KeYParser.java:878)
	at de.uka.ilkd.key.nparser.builder.AbstractBuilder.lambda$mapOf$0(AbstractBuilder.java:112)
	at java.base/java.util.stream.ReferencePipeline$3$1.accept(ReferencePipeline.java:195)
	at java.base/java.util.ArrayList$ArrayListSpliterator.forEachRemaining(ArrayList.java:1655)
	at java.base/java.util.stream.AbstractPipeline.copyInto(AbstractPipeline.java:484)
	at java.base/java.util.stream.AbstractPipeline.wrapAndCopyInto(AbstractPipeline.java:474)
	at java.base/java.util.stream.ReduceOps$ReduceOp.evaluateSequential(ReduceOps.java:913)
	at java.base/java.util.stream.AbstractPipeline.evaluate(AbstractPipeline.java:234)
	at java.base/java.util.stream.ReferencePipeline.collect(ReferencePipeline.java:578)
	at de.uka.ilkd.key.nparser.builder.AbstractBuilder.mapOf(AbstractBuilder.java:112)
	at de.uka.ilkd.key.nparser.builder.IncludeFinder.visitOne_include_statement(IncludeFinder.java:35)
	at de.uka.ilkd.key.nparser.builder.IncludeFinder.visitOne_include_statement(IncludeFinder.java:20)
	at de.uka.ilkd.key.nparser.KeYParser$One_include_statementContext.accept(KeYParser.java:802)
	at org.antlr.v4.runtime.tree.AbstractParseTreeVisitor.visitChildren(AbstractParseTreeVisitor.java:46)
	at de.uka.ilkd.key.nparser.KeYParserBaseVisitor.visitDecls(KeYParserBaseVisitor.java:30)
	at de.uka.ilkd.key.nparser.KeYParser$DeclsContext.accept(KeYParser.java:500)
	at org.antlr.v4.runtime.tree.AbstractParseTreeVisitor.visitChildren(AbstractParseTreeVisitor.java:46)
	at de.uka.ilkd.key.nparser.KeYParserBaseVisitor.visitFile(KeYParserBaseVisitor.java:23)
	at de.uka.ilkd.key.nparser.KeYParser$FileContext.accept(KeYParser.java:306)
	at de.uka.ilkd.key.nparser.KeyAst.accept(KeyAst.java:41)
	at de.uka.ilkd.key.nparser.KeyAst$File.getIncludes(KeyAst.java:76)
	at de.uka.ilkd.key.proof.io.KeYFile.readIncludes(KeYFile.java:208)
	... 14 more
Could not find rule file rules/intRulesCheckedSemantics.key (file: /home/runner/work/key/key/key.core/../key.ui/examples/index/.././heap/permissions/lockspec/Counter_inv_accessible1.key; caused by: de.uka.ilkd.key.proof.init.ProofInputException: Could not find rule file rules/intRulesCheckedSemantics.key)
	at de.uka.ilkd.key.control.AbstractUserInterfaceControl.load(AbstractUserInterfaceControl.java:221)
	at de.uka.ilkd.key.control.KeYEnvironment.load(KeYEnvironment.java:251)
	at de.uka.ilkd.key.control.KeYEnvironment.load(KeYEnvironment.java:224)
	at de.uka.ilkd.key.control.KeYEnvironment.load(KeYEnvironment.java:184)
	at de.uka.ilkd.key.control.KeYEnvironment.load(KeYEnvironment.java:261)
	at de.uka.ilkd.key.proof.runallproofs.proofcollection.TestFile.load(TestFile.java:270)
	at de.uka.ilkd.key.proof.runallproofs.proofcollection.TestFile.runKey(TestFile.java:160)
	at de.uka.ilkd.key.proof.runallproofs.proofcollection.ForkedTestFileRunner.main(ForkedTestFileRunner.java:171)
Caused by: de.uka.ilkd.key.proof.init.ProofInputException: Could not find rule file rules/intRulesCheckedSemantics.key
	at de.uka.ilkd.key.proof.io.KeYFile.readIncludes(KeYFile.java:210)
	at de.uka.ilkd.key.proof.init.ProblemInitializer.readIncludes(ProblemInitializer.java:177)
	at de.uka.ilkd.key.proof.init.ProblemInitializer.readEnvInput(ProblemInitializer.java:325)
	at de.uka.ilkd.key.proof.init.ProblemInitializer.prepare(ProblemInitializer.java:449)
	at de.uka.ilkd.key.proof.io.AbstractProblemLoader.createInitConfig(AbstractProblemLoader.java:518)
	at de.uka.ilkd.key.proof.io.AbstractProblemLoader.loadEnvironment(AbstractProblemLoader.java:288)
	at de.uka.ilkd.key.proof.io.AbstractProblemLoader.load(AbstractProblemLoader.java:252)
	at de.uka.ilkd.key.control.AbstractUserInterfaceControl.load(AbstractUserInterfaceControl.java:209)
	... 7 more
Caused by: java.lang.RuntimeException: Could not find rule file rules/intRulesCheckedSemantics.key
	at de.uka.ilkd.key.proof.io.RuleSourceFactory.fromBuiltInRule(RuleSourceFactory.java:32)
	at de.uka.ilkd.key.proof.io.RuleSourceFactory.fromDefaultLocation(RuleSourceFactory.java:21)
	at de.uka.ilkd.key.nparser.builder.IncludeFinder.addInclude(IncludeFinder.java:63)
	at de.uka.ilkd.key.nparser.builder.IncludeFinder.visitOne_include(IncludeFinder.java:43)
	at de.uka.ilkd.key.nparser.builder.IncludeFinder.visitOne_include(IncludeFinder.java:20)
	at de.uka.ilkd.key.nparser.KeYParser$One_includeContext.accept(KeYParser.java:878)
	at de.uka.ilkd.key.nparser.builder.AbstractBuilder.lambda$mapOf$0(AbstractBuilder.java:112)
	at java.base/java.util.stream.ReferencePipeline$3$1.accept(ReferencePipeline.java:195)
	at java.base/java.util.ArrayList$ArrayListSpliterator.forEachRemaining(ArrayList.java:1655)
	at java.base/java.util.stream.AbstractPipeline.copyInto(AbstractPipeline.java:484)
	at java.base/java.util.stream.AbstractPipeline.wrapAndCopyInto(AbstractPipeline.java:474)
	at java.base/java.util.stream.ReduceOps$ReduceOp.evaluateSequential(ReduceOps.java:913)
	at java.base/java.util.stream.AbstractPipeline.evaluate(AbstractPipeline.java:234)
	at java.base/java.util.stream.ReferencePipeline.collect(ReferencePipeline.java:578)
	at de.uka.ilkd.key.nparser.builder.AbstractBuilder.mapOf(AbstractBuilder.java:112)
	at de.uka.ilkd.key.nparser.builder.IncludeFinder.visitOne_include_statement(IncludeFinder.java:35)
	at de.uka.ilkd.key.nparser.builder.IncludeFinder.visitOne_include_statement(IncludeFinder.java:20)
	at de.uka.ilkd.key.nparser.KeYParser$One_include_statementContext.accept(KeYParser.java:802)
	at org.antlr.v4.runtime.tree.AbstractParseTreeVisitor.visitChildren(AbstractParseTreeVisitor.java:46)
	at de.uka.ilkd.key.nparser.KeYParserBaseVisitor.visitDecls(KeYParserBaseVisitor.java:30)
	at de.uka.ilkd.key.nparser.KeYParser$DeclsContext.accept(KeYParser.java:500)
	at org.antlr.v4.runtime.tree.AbstractParseTreeVisitor.visitChildren(AbstractParseTreeVisitor.java:46)
	at de.uka.ilkd.key.nparser.KeYParserBaseVisitor.visitFile(KeYParserBaseVisitor.java:23)
	at de.uka.ilkd.key.nparser.KeYParser$FileContext.accept(KeYParser.java:306)
	at de.uka.ilkd.key.nparser.KeyAst.accept(KeyAst.java:41)
	at de.uka.ilkd.key.nparser.KeyAst$File.getIncludes(KeyAst.java:76)
	at de.uka.ilkd.key.proof.io.KeYFile.readIncludes(KeYFile.java:208)
	... 14 more
Could not find rule file rules/intRulesCheckedSemantics.key (file: /home/runner/work/key/key/key.core/../key.ui/examples/index/.././heap/permissions/lockspec/Counter_inv_accessible2.key; caused by: de.uka.ilkd.key.proof.init.ProofInputException: Could not find rule file rules/intRulesCheckedSemantics.key)
	at de.uka.ilkd.key.control.AbstractUserInterfaceControl.load(AbstractUserInterfaceControl.java:221)
	at de.uka.ilkd.key.control.KeYEnvironment.load(KeYEnvironment.java:251)
	at de.uka.ilkd.key.control.KeYEnvironment.load(KeYEnvironment.java:224)
	at de.uka.ilkd.key.control.KeYEnvironment.load(KeYEnvironment.java:184)
	at de.uka.ilkd.key.control.KeYEnvironment.load(KeYEnvironment.java:261)
	at de.uka.ilkd.key.proof.runallproofs.proofcollection.TestFile.load(TestFile.java:270)
	at de.uka.ilkd.key.proof.runallproofs.proofcollection.TestFile.runKey(TestFile.java:160)
	at de.uka.ilkd.key.proof.runallproofs.proofcollection.ForkedTestFileRunner.main(ForkedTestFileRunner.java:171)
Caused by: de.uka.ilkd.key.proof.init.ProofInputException: Could not find rule file rules/intRulesCheckedSemantics.key
	at de.uka.ilkd.key.proof.io.KeYFile.readIncludes(KeYFile.java:210)
	at de.uka.ilkd.key.proof.init.ProblemInitializer.readIncludes(ProblemInitializer.java:177)
	at de.uka.ilkd.key.proof.init.ProblemInitializer.readEnvInput(ProblemInitializer.java:325)
	at de.uka.ilkd.key.proof.init.ProblemInitializer.prepare(ProblemInitializer.java:449)
	at de.uka.ilkd.key.proof.io.AbstractProblemLoader.createInitConfig(AbstractProblemLoader.java:518)
	at de.uka.ilkd.key.proof.io.AbstractProblemLoader.loadEnvironment(AbstractProblemLoader.java:288)
	at de.uka.ilkd.key.proof.io.AbstractProblemLoader.load(AbstractProblemLoader.java:252)
	at de.uka.ilkd.key.control.AbstractUserInterfaceControl.load(AbstractUserInterfaceControl.java:209)
	... 7 more
Caused by: java.lang.RuntimeException: Could not find rule file rules/intRulesCheckedSemantics.key
	at de.uka.ilkd.key.proof.io.RuleSourceFactory.fromBuiltInRule(RuleSourceFactory.java:32)
	at de.uka.ilkd.key.proof.io.RuleSourceFactory.fromDefaultLocation(RuleSourceFactory.java:21)
	at de.uka.ilkd.key.nparser.builder.IncludeFinder.addInclude(IncludeFinder.java:63)
	at de.uka.ilkd.key.nparser.builder.IncludeFinder.visitOne_include(IncludeFinder.java:43)
	at de.uka.ilkd.key.nparser.builder.IncludeFinder.visitOne_include(IncludeFinder.java:20)
	at de.uka.ilkd.key.nparser.KeYParser$One_includeContext.accept(KeYParser.java:878)
	at de.uka.ilkd.key.nparser.builder.AbstractBuilder.lambda$mapOf$0(AbstractBuilder.java:112)
	at java.base/java.util.stream.ReferencePipeline$3$1.accept(ReferencePipeline.java:195)
	at java.base/java.util.ArrayList$ArrayListSpliterator.forEachRemaining(ArrayList.java:1655)
	at java.base/java.util.stream.AbstractPipeline.copyInto(AbstractPipeline.java:484)
	at java.base/java.util.stream.AbstractPipeline.wrapAndCopyInto(AbstractPipeline.java:474)
	at java.base/java.util.stream.ReduceOps$ReduceOp.evaluateSequential(ReduceOps.java:913)
	at java.base/java.util.stream.AbstractPipeline.evaluate(AbstractPipeline.java:234)
	at java.base/java.util.stream.ReferencePipeline.collect(ReferencePipeline.java:578)
	at de.uka.ilkd.key.nparser.builder.AbstractBuilder.mapOf(AbstractBuilder.java:112)
	at de.uka.ilkd.key.nparser.builder.IncludeFinder.visitOne_include_statement(IncludeFinder.java:35)
	at de.uka.ilkd.key.nparser.builder.IncludeFinder.visitOne_include_statement(IncludeFinder.java:20)
	at de.uka.ilkd.key.nparser.KeYParser$One_include_statementContext.accept(KeYParser.java:802)
	at org.antlr.v4.runtime.tree.AbstractParseTreeVisitor.visitChildren(AbstractParseTreeVisitor.java:46)
	at de.uka.ilkd.key.nparser.KeYParserBaseVisitor.visitDecls(KeYParserBaseVisitor.java:30)
	at de.uka.ilkd.key.nparser.KeYParser$DeclsContext.accept(KeYParser.java:500)
	at org.antlr.v4.runtime.tree.AbstractParseTreeVisitor.visitChildren(AbstractParseTreeVisitor.java:46)
	at de.uka.ilkd.key.nparser.KeYParserBaseVisitor.visitFile(KeYParserBaseVisitor.java:23)
	at de.uka.ilkd.key.nparser.KeYParser$FileContext.accept(KeYParser.java:306)
	at de.uka.ilkd.key.nparser.KeyAst.accept(KeyAst.java:41)
	at de.uka.ilkd.key.nparser.KeyAst$File.getIncludes(KeyAst.java:76)
	at de.uka.ilkd.key.proof.io.KeYFile.readIncludes(KeYFile.java:208)
	... 14 more
Could not find rule file rules/intRulesCheckedSemantics.key (file: /home/runner/work/key/key/key.core/../key.ui/examples/index/.././heap/permissions/lockspec/Counter_lockRef_accessible.key; caused by: de.uka.ilkd.key.proof.init.ProofInputException: Could not find rule file rules/intRulesCheckedSemantics.key)
	at de.uka.ilkd.key.control.AbstractUserInterfaceControl.load(AbstractUserInterfaceControl.java:221)
	at de.uka.ilkd.key.control.KeYEnvironment.load(KeYEnvironment.java:251)
	at de.uka.ilkd.key.control.KeYEnvironment.load(KeYEnvironment.java:224)
	at de.uka.ilkd.key.control.KeYEnvironment.load(KeYEnvironment.java:184)
	at de.uka.ilkd.key.control.KeYEnvironment.load(KeYEnvironment.java:261)
	at de.uka.ilkd.key.proof.runallproofs.proofcollection.TestFile.load(TestFile.java:270)
	at de.uka.ilkd.key.proof.runallproofs.proofcollection.TestFile.runKey(TestFile.java:160)
	at de.uka.ilkd.key.proof.runallproofs.proofcollection.ForkedTestFileRunner.main(ForkedTestFileRunner.java:171)
Caused by: de.uka.ilkd.key.proof.init.ProofInputException: Could not find rule file rules/intRulesCheckedSemantics.key
	at de.uka.ilkd.key.proof.io.KeYFile.readIncludes(KeYFile.java:210)
	at de.uka.ilkd.key.proof.init.ProblemInitializer.readIncludes(ProblemInitializer.java:177)
	at de.uka.ilkd.key.proof.init.ProblemInitializer.readEnvInput(ProblemInitializer.java:325)
	at de.uka.ilkd.key.proof.init.ProblemInitializer.prepare(ProblemInitializer.java:449)
	at de.uka.ilkd.key.proof.io.AbstractProblemLoader.createInitConfig(AbstractProblemLoader.java:518)
	at de.uka.ilkd.key.proof.io.AbstractProblemLoader.loadEnvironment(AbstractProblemLoader.java:288)
	at de.uka.ilkd.key.proof.io.AbstractProblemLoader.load(AbstractProblemLoader.java:252)
	at de.uka.ilkd.key.control.AbstractUserInterfaceControl.load(AbstractUserInterfaceControl.java:209)
	... 7 more
Caused by: java.lang.RuntimeException: Could not find rule file rules/intRulesCheckedSemantics.key
	at de.uka.ilkd.key.proof.io.RuleSourceFactory.fromBuiltInRule(RuleSourceFactory.java:32)
	at de.uka.ilkd.key.proof.io.RuleSourceFactory.fromDefaultLocation(RuleSourceFactory.java:21)
	at de.uka.ilkd.key.nparser.builder.IncludeFinder.addInclude(IncludeFinder.java:63)
	at de.uka.ilkd.key.nparser.builder.IncludeFinder.visitOne_include(IncludeFinder.java:43)
	at de.uka.ilkd.key.nparser.builder.IncludeFinder.visitOne_include(IncludeFinder.java:20)
	at de.uka.ilkd.key.nparser.KeYParser$One_includeContext.accept(KeYParser.java:878)
	at de.uka.ilkd.key.nparser.builder.AbstractBuilder.lambda$mapOf$0(AbstractBuilder.java:112)
	at java.base/java.util.stream.ReferencePipeline$3$1.accept(ReferencePipeline.java:195)
	at java.base/java.util.ArrayList$ArrayListSpliterator.forEachRemaining(ArrayList.java:1655)
	at java.base/java.util.stream.AbstractPipeline.copyInto(AbstractPipeline.java:484)
	at java.base/java.util.stream.AbstractPipeline.wrapAndCopyInto(AbstractPipeline.java:474)
	at java.base/java.util.stream.ReduceOps$ReduceOp.evaluateSequential(ReduceOps.java:913)
	at java.base/java.util.stream.AbstractPipeline.evaluate(AbstractPipeline.java:234)
	at java.base/java.util.stream.ReferencePipeline.collect(ReferencePipeline.java:578)
	at de.uka.ilkd.key.nparser.builder.AbstractBuilder.mapOf(AbstractBuilder.java:112)
	at de.uka.ilkd.key.nparser.builder.IncludeFinder.visitOne_include_statement(IncludeFinder.java:35)
	at de.uka.ilkd.key.nparser.builder.IncludeFinder.visitOne_include_statement(IncludeFinder.java:20)
	at de.uka.ilkd.key.nparser.KeYParser$One_include_statementContext.accept(KeYParser.java:802)
	at org.antlr.v4.runtime.tree.AbstractParseTreeVisitor.visitChildren(AbstractParseTreeVisitor.java:46)
	at de.uka.ilkd.key.nparser.KeYParserBaseVisitor.visitDecls(KeYParserBaseVisitor.java:30)
	at de.uka.ilkd.key.nparser.KeYParser$DeclsContext.accept(KeYParser.java:500)
	at org.antlr.v4.runtime.tree.AbstractParseTreeVisitor.visitChildren(AbstractParseTreeVisitor.java:46)
	at de.uka.ilkd.key.nparser.KeYParserBaseVisitor.visitFile(KeYParserBaseVisitor.java:23)
	at de.uka.ilkd.key.nparser.KeYParser$FileContext.accept(KeYParser.java:306)
	at de.uka.ilkd.key.nparser.KeyAst.accept(KeyAst.java:41)
	at de.uka.ilkd.key.nparser.KeyAst$File.getIncludes(KeyAst.java:76)
	at de.uka.ilkd.key.proof.io.KeYFile.readIncludes(KeYFile.java:208)
	... 14 more
Could not find rule file rules/intRulesCheckedSemantics.key (file: /home/runner/work/key/key/key.core/../key.ui/examples/index/.././heap/permissions/lockspec/Counter_lockRef_contract1.key; caused by: de.uka.ilkd.key.proof.init.ProofInputException: Could not find rule file rules/intRulesCheckedSemantics.key)
	at de.uka.ilkd.key.control.AbstractUserInterfaceControl.load(AbstractUserInterfaceControl.java:221)
	at de.uka.ilkd.key.control.KeYEnvironment.load(KeYEnvironment.java:251)
	at de.uka.ilkd.key.control.KeYEnvironment.load(KeYEnvironment.java:224)
	at de.uka.ilkd.key.control.KeYEnvironment.load(KeYEnvironment.java:184)
	at de.uka.ilkd.key.control.KeYEnvironment.load(KeYEnvironment.java:261)
	at de.uka.ilkd.key.proof.runallproofs.proofcollection.TestFile.load(TestFile.java:270)
	at de.uka.ilkd.key.proof.runallproofs.proofcollection.TestFile.runKey(TestFile.java:160)
	at de.uka.ilkd.key.proof.runallproofs.proofcollection.ForkedTestFileRunner.main(ForkedTestFileRunner.java:171)
Caused by: de.uka.ilkd.key.proof.init.ProofInputException: Could not find rule file rules/intRulesCheckedSemantics.key
	at de.uka.ilkd.key.proof.io.KeYFile.readIncludes(KeYFile.java:210)
	at de.uka.ilkd.key.proof.init.ProblemInitializer.readIncludes(ProblemInitializer.java:177)
	at de.uka.ilkd.key.proof.init.ProblemInitializer.readEnvInput(ProblemInitializer.java:325)
	at de.uka.ilkd.key.proof.init.ProblemInitializer.prepare(ProblemInitializer.java:449)
	at de.uka.ilkd.key.proof.io.AbstractProblemLoader.createInitConfig(AbstractProblemLoader.java:518)
	at de.uka.ilkd.key.proof.io.AbstractProblemLoader.loadEnvironment(AbstractProblemLoader.java:288)
	at de.uka.ilkd.key.proof.io.AbstractProblemLoader.load(AbstractProblemLoader.java:252)
	at de.uka.ilkd.key.control.AbstractUserInterfaceControl.load(AbstractUserInterfaceControl.java:209)
	... 7 more
Caused by: java.lang.RuntimeException: Could not find rule file rules/intRulesCheckedSemantics.key
	at de.uka.ilkd.key.proof.io.RuleSourceFactory.fromBuiltInRule(RuleSourceFactory.java:32)
	at de.uka.ilkd.key.proof.io.RuleSourceFactory.fromDefaultLocation(RuleSourceFactory.java:21)
	at de.uka.ilkd.key.nparser.builder.IncludeFinder.addInclude(IncludeFinder.java:63)
	at de.uka.ilkd.key.nparser.builder.IncludeFinder.visitOne_include(IncludeFinder.java:43)
	at de.uka.ilkd.key.nparser.builder.IncludeFinder.visitOne_include(IncludeFinder.java:20)
	at de.uka.ilkd.key.nparser.KeYParser$One_includeContext.accept(KeYParser.java:878)
	at de.uka.ilkd.key.nparser.builder.AbstractBuilder.lambda$mapOf$0(AbstractBuilder.java:112)
	at java.base/java.util.stream.ReferencePipeline$3$1.accept(ReferencePipeline.java:195)
	at java.base/java.util.ArrayList$ArrayListSpliterator.forEachRemaining(ArrayList.java:1655)
	at java.base/java.util.stream.AbstractPipeline.copyInto(AbstractPipeline.java:484)
	at java.base/java.util.stream.AbstractPipeline.wrapAndCopyInto(AbstractPipeline.java:474)
	at java.base/java.util.stream.ReduceOps$ReduceOp.evaluateSequential(ReduceOps.java:913)
	at java.base/java.util.stream.AbstractPipeline.evaluate(AbstractPipeline.java:234)
	at java.base/java.util.stream.ReferencePipeline.collect(ReferencePipeline.java:578)
	at de.uka.ilkd.key.nparser.builder.AbstractBuilder.mapOf(AbstractBuilder.java:112)
	at de.uka.ilkd.key.nparser.builder.IncludeFinder.visitOne_include_statement(IncludeFinder.java:35)
	at de.uka.ilkd.key.nparser.builder.IncludeFinder.visitOne_include_statement(IncludeFinder.java:20)
	at de.uka.ilkd.key.nparser.KeYParser$One_include_statementContext.accept(KeYParser.java:802)
	at org.antlr.v4.runtime.tree.AbstractParseTreeVisitor.visitChildren(AbstractParseTreeVisitor.java:46)
	at de.uka.ilkd.key.nparser.KeYParserBaseVisitor.visitDecls(KeYParserBaseVisitor.java:30)
	at de.uka.ilkd.key.nparser.KeYParser$DeclsContext.accept(KeYParser.java:500)
	at org.antlr.v4.runtime.tree.AbstractParseTreeVisitor.visitChildren(AbstractParseTreeVisitor.java:46)
	at de.uka.ilkd.key.nparser.KeYParserBaseVisitor.visitFile(KeYParserBaseVisitor.java:23)
	at de.uka.ilkd.key.nparser.KeYParser$FileContext.accept(KeYParser.java:306)
	at de.uka.ilkd.key.nparser.KeyAst.accept(KeyAst.java:41)
	at de.uka.ilkd.key.nparser.KeyAst$File.getIncludes(KeyAst.java:76)
	at de.uka.ilkd.key.proof.io.KeYFile.readIncludes(KeYFile.java:208)
	... 14 more
Could not find rule file rules/intRulesCheckedSemantics.key (file: /home/runner/work/key/key/key.core/../key.ui/examples/index/.././heap/permissions/lockspec/Counter_lockRef_contract2.key; caused by: de.uka.ilkd.key.proof.init.ProofInputException: Could not find rule file rules/intRulesCheckedSemantics.key)
	at de.uka.ilkd.key.control.AbstractUserInterfaceControl.load(AbstractUserInterfaceControl.java:221)
	at de.uka.ilkd.key.control.KeYEnvironment.load(KeYEnvironment.java:251)
	at de.uka.ilkd.key.control.KeYEnvironment.load(KeYEnvironment.java:224)
	at de.uka.ilkd.key.control.KeYEnvironment.load(KeYEnvironment.java:184)
	at de.uka.ilkd.key.control.KeYEnvironment.load(KeYEnvironment.java:261)
	at de.uka.ilkd.key.proof.runallproofs.proofcollection.TestFile.load(TestFile.java:270)
	at de.uka.ilkd.key.proof.runallproofs.proofcollection.TestFile.runKey(TestFile.java:160)
	at de.uka.ilkd.key.proof.runallproofs.proofcollection.ForkedTestFileRunner.main(ForkedTestFileRunner.java:171)
Caused by: de.uka.ilkd.key.proof.init.ProofInputException: Could not find rule file rules/intRulesCheckedSemantics.key
	at de.uka.ilkd.key.proof.io.KeYFile.readIncludes(KeYFile.java:210)
	at de.uka.ilkd.key.proof.init.ProblemInitializer.readIncludes(ProblemInitializer.java:177)
	at de.uka.ilkd.key.proof.init.ProblemInitializer.readEnvInput(ProblemInitializer.java:325)
	at de.uka.ilkd.key.proof.init.ProblemInitializer.prepare(ProblemInitializer.java:449)
	at de.uka.ilkd.key.proof.io.AbstractProblemLoader.createInitConfig(AbstractProblemLoader.java:518)
	at de.uka.ilkd.key.proof.io.AbstractProblemLoader.loadEnvironment(AbstractProblemLoader.java:288)
	at de.uka.ilkd.key.proof.io.AbstractProblemLoader.load(AbstractProblemLoader.java:252)
	at de.uka.ilkd.key.control.AbstractUserInterfaceControl.load(AbstractUserInterfaceControl.java:209)
	... 7 more
Caused by: java.lang.RuntimeException: Could not find rule file rules/intRulesCheckedSemantics.key
	at de.uka.ilkd.key.proof.io.RuleSourceFactory.fromBuiltInRule(RuleSourceFactory.java:32)
	at de.uka.ilkd.key.proof.io.RuleSourceFactory.fromDefaultLocation(RuleSourceFactory.java:21)
	at de.uka.ilkd.key.nparser.builder.IncludeFinder.addInclude(IncludeFinder.java:63)
	at de.uka.ilkd.key.nparser.builder.IncludeFinder.visitOne_include(IncludeFinder.java:43)
	at de.uka.ilkd.key.nparser.builder.IncludeFinder.visitOne_include(IncludeFinder.java:20)
	at de.uka.ilkd.key.nparser.KeYParser$One_includeContext.accept(KeYParser.java:878)
	at de.uka.ilkd.key.nparser.builder.AbstractBuilder.lambda$mapOf$0(AbstractBuilder.java:112)
	at java.base/java.util.stream.ReferencePipeline$3$1.accept(ReferencePipeline.java:195)
	at java.base/java.util.ArrayList$ArrayListSpliterator.forEachRemaining(ArrayList.java:1655)
	at java.base/java.util.stream.AbstractPipeline.copyInto(AbstractPipeline.java:484)
	at java.base/java.util.stream.AbstractPipeline.wrapAndCopyInto(AbstractPipeline.java:474)
	at java.base/java.util.stream.ReduceOps$ReduceOp.evaluateSequential(ReduceOps.java:913)
	at java.base/java.util.stream.AbstractPipeline.evaluate(AbstractPipeline.java:234)
	at java.base/java.util.stream.ReferencePipeline.collect(ReferencePipeline.java:578)
	at de.uka.ilkd.key.nparser.builder.AbstractBuilder.mapOf(AbstractBuilder.java:112)
	at de.uka.ilkd.key.nparser.builder.IncludeFinder.visitOne_include_statement(IncludeFinder.java:35)
	at de.uka.ilkd.key.nparser.builder.IncludeFinder.visitOne_include_statement(IncludeFinder.java:20)
	at de.uka.ilkd.key.nparser.KeYParser$One_include_statementContext.accept(KeYParser.java:802)
	at org.antlr.v4.runtime.tree.AbstractParseTreeVisitor.visitChildren(AbstractParseTreeVisitor.java:46)
	at de.uka.ilkd.key.nparser.KeYParserBaseVisitor.visitDecls(KeYParserBaseVisitor.java:30)
	at de.uka.ilkd.key.nparser.KeYParser$DeclsContext.accept(KeYParser.java:500)
	at org.antlr.v4.runtime.tree.AbstractParseTreeVisitor.visitChildren(AbstractParseTreeVisitor.java:46)
	at de.uka.ilkd.key.nparser.KeYParserBaseVisitor.visitFile(KeYParserBaseVisitor.java:23)
	at de.uka.ilkd.key.nparser.KeYParser$FileContext.accept(KeYParser.java:306)
	at de.uka.ilkd.key.nparser.KeyAst.accept(KeyAst.java:41)
	at de.uka.ilkd.key.nparser.KeyAst$File.getIncludes(KeyAst.java:76)
	at de.uka.ilkd.key.proof.io.KeYFile.readIncludes(KeYFile.java:208)
	... 14 more
Could not find rule file rules/intRulesCheckedSemantics.key (file: /home/runner/work/key/key/key.core/../key.ui/examples/index/.././heap/permissions/lockspec/Counter_lockState_accessible.key; caused by: de.uka.ilkd.key.proof.init.ProofInputException: Could not find rule file rules/intRulesCheckedSemantics.key)
	at de.uka.ilkd.key.control.AbstractUserInterfaceControl.load(AbstractUserInterfaceControl.java:221)
	at de.uka.ilkd.key.control.KeYEnvironment.load(KeYEnvironment.java:251)
	at de.uka.ilkd.key.control.KeYEnvironment.load(KeYEnvironment.java:224)
	at de.uka.ilkd.key.control.KeYEnvironment.load(KeYEnvironment.java:184)
	at de.uka.ilkd.key.control.KeYEnvironment.load(KeYEnvironment.java:261)
	at de.uka.ilkd.key.proof.runallproofs.proofcollection.TestFile.load(TestFile.java:270)
	at de.uka.ilkd.key.proof.runallproofs.proofcollection.TestFile.runKey(TestFile.java:160)
	at de.uka.ilkd.key.proof.runallproofs.proofcollection.ForkedTestFileRunner.main(ForkedTestFileRunner.java:171)
Caused by: de.uka.ilkd.key.proof.init.ProofInputException: Could not find rule file rules/intRulesCheckedSemantics.key
	at de.uka.ilkd.key.proof.io.KeYFile.readIncludes(KeYFile.java:210)
	at de.uka.ilkd.key.proof.init.ProblemInitializer.readIncludes(ProblemInitializer.java:177)
	at de.uka.ilkd.key.proof.init.ProblemInitializer.readEnvInput(ProblemInitializer.java:325)
	at de.uka.ilkd.key.proof.init.ProblemInitializer.prepare(ProblemInitializer.java:449)
	at de.uka.ilkd.key.proof.io.AbstractProblemLoader.createInitConfig(AbstractProblemLoader.java:518)
	at de.uka.ilkd.key.proof.io.AbstractProblemLoader.loadEnvironment(AbstractProblemLoader.java:288)
	at de.uka.ilkd.key.proof.io.AbstractProblemLoader.load(AbstractProblemLoader.java:252)
	at de.uka.ilkd.key.control.AbstractUserInterfaceControl.load(AbstractUserInterfaceControl.java:209)
	... 7 more
Caused by: java.lang.RuntimeException: Could not find rule file rules/intRulesCheckedSemantics.key
	at de.uka.ilkd.key.proof.io.RuleSourceFactory.fromBuiltInRule(RuleSourceFactory.java:32)
	at de.uka.ilkd.key.proof.io.RuleSourceFactory.fromDefaultLocation(RuleSourceFactory.java:21)
	at de.uka.ilkd.key.nparser.builder.IncludeFinder.addInclude(IncludeFinder.java:63)
	at de.uka.ilkd.key.nparser.builder.IncludeFinder.visitOne_include(IncludeFinder.java:43)
	at de.uka.ilkd.key.nparser.builder.IncludeFinder.visitOne_include(IncludeFinder.java:20)
	at de.uka.ilkd.key.nparser.KeYParser$One_includeContext.accept(KeYParser.java:878)
	at de.uka.ilkd.key.nparser.builder.AbstractBuilder.lambda$mapOf$0(AbstractBuilder.java:112)
	at java.base/java.util.stream.ReferencePipeline$3$1.accept(ReferencePipeline.java:195)
	at java.base/java.util.ArrayList$ArrayListSpliterator.forEachRemaining(ArrayList.java:1655)
	at java.base/java.util.stream.AbstractPipeline.copyInto(AbstractPipeline.java:484)
	at java.base/java.util.stream.AbstractPipeline.wrapAndCopyInto(AbstractPipeline.java:474)
	at java.base/java.util.stream.ReduceOps$ReduceOp.evaluateSequential(ReduceOps.java:913)
	at java.base/java.util.stream.AbstractPipeline.evaluate(AbstractPipeline.java:234)
	at java.base/java.util.stream.ReferencePipeline.collect(ReferencePipeline.java:578)
	at de.uka.ilkd.key.nparser.builder.AbstractBuilder.mapOf(AbstractBuilder.java:112)
	at de.uka.ilkd.key.nparser.builder.IncludeFinder.visitOne_include_statement(IncludeFinder.java:35)
	at de.uka.ilkd.key.nparser.builder.IncludeFinder.visitOne_include_statement(IncludeFinder.java:20)
	at de.uka.ilkd.key.nparser.KeYParser$One_include_statementContext.accept(KeYParser.java:802)
	at org.antlr.v4.runtime.tree.AbstractParseTreeVisitor.visitChildren(AbstractParseTreeVisitor.java:46)
	at de.uka.ilkd.key.nparser.KeYParserBaseVisitor.visitDecls(KeYParserBaseVisitor.java:30)
	at de.uka.ilkd.key.nparser.KeYParser$DeclsContext.accept(KeYParser.java:500)
	at org.antlr.v4.runtime.tree.AbstractParseTreeVisitor.visitChildren(AbstractParseTreeVisitor.java:46)
	at de.uka.ilkd.key.nparser.KeYParserBaseVisitor.visitFile(KeYParserBaseVisitor.java:23)
	at de.uka.ilkd.key.nparser.KeYParser$FileContext.accept(KeYParser.java:306)
	at de.uka.ilkd.key.nparser.KeyAst.accept(KeyAst.java:41)
	at de.uka.ilkd.key.nparser.KeyAst$File.getIncludes(KeyAst.java:76)
	at de.uka.ilkd.key.proof.io.KeYFile.readIncludes(KeYFile.java:208)
	... 14 more
Could not find rule file rules/intRulesCheckedSemantics.key (file: /home/runner/work/key/key/key.core/../key.ui/examples/index/.././heap/permissions/lockspec/Counter_lockStatus_accessible.key; caused by: de.uka.ilkd.key.proof.init.ProofInputException: Could not find rule file rules/intRulesCheckedSemantics.key)
	at de.uka.ilkd.key.control.AbstractUserInterfaceControl.load(AbstractUserInterfaceControl.java:221)
	at de.uka.ilkd.key.control.KeYEnvironment.load(KeYEnvironment.java:251)
	at de.uka.ilkd.key.control.KeYEnvironment.load(KeYEnvironment.java:224)
	at de.uka.ilkd.key.control.KeYEnvironment.load(KeYEnvironment.java:184)
	at de.uka.ilkd.key.control.KeYEnvironment.load(KeYEnvironment.java:261)
	at de.uka.ilkd.key.proof.runallproofs.proofcollection.TestFile.load(TestFile.java:270)
	at de.uka.ilkd.key.proof.runallproofs.proofcollection.TestFile.runKey(TestFile.java:160)
	at de.uka.ilkd.key.proof.runallproofs.proofcollection.ForkedTestFileRunner.main(ForkedTestFileRunner.java:171)
Caused by: de.uka.ilkd.key.proof.init.ProofInputException: Could not find rule file rules/intRulesCheckedSemantics.key
	at de.uka.ilkd.key.proof.io.KeYFile.readIncludes(KeYFile.java:210)
	at de.uka.ilkd.key.proof.init.ProblemInitializer.readIncludes(ProblemInitializer.java:177)
	at de.uka.ilkd.key.proof.init.ProblemInitializer.readEnvInput(ProblemInitializer.java:325)
	at de.uka.ilkd.key.proof.init.ProblemInitializer.prepare(ProblemInitializer.java:449)
	at de.uka.ilkd.key.proof.io.AbstractProblemLoader.createInitConfig(AbstractProblemLoader.java:518)
	at de.uka.ilkd.key.proof.io.AbstractProblemLoader.loadEnvironment(AbstractProblemLoader.java:288)
	at de.uka.ilkd.key.proof.io.AbstractProblemLoader.load(AbstractProblemLoader.java:252)
	at de.uka.ilkd.key.control.AbstractUserInterfaceControl.load(AbstractUserInterfaceControl.java:209)
	... 7 more
Caused by: java.lang.RuntimeException: Could not find rule file rules/intRulesCheckedSemantics.key
	at de.uka.ilkd.key.proof.io.RuleSourceFactory.fromBuiltInRule(RuleSourceFactory.java:32)
	at de.uka.ilkd.key.proof.io.RuleSourceFactory.fromDefaultLocation(RuleSourceFactory.java:21)
	at de.uka.ilkd.key.nparser.builder.IncludeFinder.addInclude(IncludeFinder.java:63)
	at de.uka.ilkd.key.nparser.builder.IncludeFinder.visitOne_include(IncludeFinder.java:43)
	at de.uka.ilkd.key.nparser.builder.IncludeFinder.visitOne_include(IncludeFinder.java:20)
	at de.uka.ilkd.key.nparser.KeYParser$One_includeContext.accept(KeYParser.java:878)
	at de.uka.ilkd.key.nparser.builder.AbstractBuilder.lambda$mapOf$0(AbstractBuilder.java:112)
	at java.base/java.util.stream.ReferencePipeline$3$1.accept(ReferencePipeline.java:195)
	at java.base/java.util.ArrayList$ArrayListSpliterator.forEachRemaining(ArrayList.java:1655)
	at java.base/java.util.stream.AbstractPipeline.copyInto(AbstractPipeline.java:484)
	at java.base/java.util.stream.AbstractPipeline.wrapAndCopyInto(AbstractPipeline.java:474)
	at java.base/java.util.stream.ReduceOps$ReduceOp.evaluateSequential(ReduceOps.java:913)
	at java.base/java.util.stream.AbstractPipeline.evaluate(AbstractPipeline.java:234)
	at java.base/java.util.stream.ReferencePipeline.collect(ReferencePipeline.java:578)
	at de.uka.ilkd.key.nparser.builder.AbstractBuilder.mapOf(AbstractBuilder.java:112)
	at de.uka.ilkd.key.nparser.builder.IncludeFinder.visitOne_include_statement(IncludeFinder.java:35)
	at de.uka.ilkd.key.nparser.builder.IncludeFinder.visitOne_include_statement(IncludeFinder.java:20)
	at de.uka.ilkd.key.nparser.KeYParser$One_include_statementContext.accept(KeYParser.java:802)
	at org.antlr.v4.runtime.tree.AbstractParseTreeVisitor.visitChildren(AbstractParseTreeVisitor.java:46)
	at de.uka.ilkd.key.nparser.KeYParserBaseVisitor.visitDecls(KeYParserBaseVisitor.java:30)
	at de.uka.ilkd.key.nparser.KeYParser$DeclsContext.accept(KeYParser.java:500)
	at org.antlr.v4.runtime.tree.AbstractParseTreeVisitor.visitChildren(AbstractParseTreeVisitor.java:46)
	at de.uka.ilkd.key.nparser.KeYParserBaseVisitor.visitFile(KeYParserBaseVisitor.java:23)
	at de.uka.ilkd.key.nparser.KeYParser$FileContext.accept(KeYParser.java:306)
	at de.uka.ilkd.key.nparser.KeyAst.accept(KeyAst.java:41)
	at de.uka.ilkd.key.nparser.KeyAst$File.getIncludes(KeyAst.java:76)
	at de.uka.ilkd.key.proof.io.KeYFile.readIncludes(KeYFile.java:208)
	... 14 more
Could not find rule file rules/intRulesCheckedSemantics.key (file: /home/runner/work/key/key/key.core/../key.ui/examples/index/.././heap/permissions/lockspec/Counter_lockTransfer_accessible.key; caused by: de.uka.ilkd.key.proof.init.ProofInputException: Could not find rule file rules/intRulesCheckedSemantics.key)
	at de.uka.ilkd.key.control.AbstractUserInterfaceControl.load(AbstractUserInterfaceControl.java:221)
	at de.uka.ilkd.key.control.KeYEnvironment.load(KeYEnvironment.java:251)
	at de.uka.ilkd.key.control.KeYEnvironment.load(KeYEnvironment.java:224)
	at de.uka.ilkd.key.control.KeYEnvironment.load(KeYEnvironment.java:184)
	at de.uka.ilkd.key.control.KeYEnvironment.load(KeYEnvironment.java:261)
	at de.uka.ilkd.key.proof.runallproofs.proofcollection.TestFile.load(TestFile.java:270)
	at de.uka.ilkd.key.proof.runallproofs.proofcollection.TestFile.runKey(TestFile.java:160)
	at de.uka.ilkd.key.proof.runallproofs.proofcollection.ForkedTestFileRunner.main(ForkedTestFileRunner.java:171)
Caused by: de.uka.ilkd.key.proof.init.ProofInputException: Could not find rule file rules/intRulesCheckedSemantics.key
	at de.uka.ilkd.key.proof.io.KeYFile.readIncludes(KeYFile.java:210)
	at de.uka.ilkd.key.proof.init.ProblemInitializer.readIncludes(ProblemInitializer.java:177)
	at de.uka.ilkd.key.proof.init.ProblemInitializer.readEnvInput(ProblemInitializer.java:325)
	at de.uka.ilkd.key.proof.init.ProblemInitializer.prepare(ProblemInitializer.java:449)
	at de.uka.ilkd.key.proof.io.AbstractProblemLoader.createInitConfig(AbstractProblemLoader.java:518)
	at de.uka.ilkd.key.proof.io.AbstractProblemLoader.loadEnvironment(AbstractProblemLoader.java:288)
	at de.uka.ilkd.key.proof.io.AbstractProblemLoader.load(AbstractProblemLoader.java:252)
	at de.uka.ilkd.key.control.AbstractUserInterfaceControl.load(AbstractUserInterfaceControl.java:209)
	... 7 more
Caused by: java.lang.RuntimeException: Could not find rule file rules/intRulesCheckedSemantics.key
	at de.uka.ilkd.key.proof.io.RuleSourceFactory.fromBuiltInRule(RuleSourceFactory.java:32)
	at de.uka.ilkd.key.proof.io.RuleSourceFactory.fromDefaultLocation(RuleSourceFactory.java:21)
	at de.uka.ilkd.key.nparser.builder.IncludeFinder.addInclude(IncludeFinder.java:63)
	at de.uka.ilkd.key.nparser.builder.IncludeFinder.visitOne_include(IncludeFinder.java:43)
	at de.uka.ilkd.key.nparser.builder.IncludeFinder.visitOne_include(IncludeFinder.java:20)
	at de.uka.ilkd.key.nparser.KeYParser$One_includeContext.accept(KeYParser.java:878)
	at de.uka.ilkd.key.nparser.builder.AbstractBuilder.lambda$mapOf$0(AbstractBuilder.java:112)
	at java.base/java.util.stream.ReferencePipeline$3$1.accept(ReferencePipeline.java:195)
	at java.base/java.util.ArrayList$ArrayListSpliterator.forEachRemaining(ArrayList.java:1655)
	at java.base/java.util.stream.AbstractPipeline.copyInto(AbstractPipeline.java:484)
	at java.base/java.util.stream.AbstractPipeline.wrapAndCopyInto(AbstractPipeline.java:474)
	at java.base/java.util.stream.ReduceOps$ReduceOp.evaluateSequential(ReduceOps.java:913)
	at java.base/java.util.stream.AbstractPipeline.evaluate(AbstractPipeline.java:234)
	at java.base/java.util.stream.ReferencePipeline.collect(ReferencePipeline.java:578)
	at de.uka.ilkd.key.nparser.builder.AbstractBuilder.mapOf(AbstractBuilder.java:112)
	at de.uka.ilkd.key.nparser.builder.IncludeFinder.visitOne_include_statement(IncludeFinder.java:35)
	at de.uka.ilkd.key.nparser.builder.IncludeFinder.visitOne_include_statement(IncludeFinder.java:20)
	at de.uka.ilkd.key.nparser.KeYParser$One_include_statementContext.accept(KeYParser.java:802)
	at org.antlr.v4.runtime.tree.AbstractParseTreeVisitor.visitChildren(AbstractParseTreeVisitor.java:46)
	at de.uka.ilkd.key.nparser.KeYParserBaseVisitor.visitDecls(KeYParserBaseVisitor.java:30)
	at de.uka.ilkd.key.nparser.KeYParser$DeclsContext.accept(KeYParser.java:500)
	at org.antlr.v4.runtime.tree.AbstractParseTreeVisitor.visitChildren(AbstractParseTreeVisitor.java:46)
	at de.uka.ilkd.key.nparser.KeYParserBaseVisitor.visitFile(KeYParserBaseVisitor.java:23)
	at de.uka.ilkd.key.nparser.KeYParser$FileContext.accept(KeYParser.java:306)
	at de.uka.ilkd.key.nparser.KeyAst.accept(KeyAst.java:41)
	at de.uka.ilkd.key.nparser.KeyAst$File.getIncludes(KeyAst.java:76)
	at de.uka.ilkd.key.proof.io.KeYFile.readIncludes(KeYFile.java:208)
	... 14 more
Could not find rule file rules/intRulesCheckedSemantics.key (file: /home/runner/work/key/key/key.core/../key.ui/examples/index/.././heap/permissions/lockspec/Counter_unlockTransfer_accessible.key; caused by: de.uka.ilkd.key.proof.init.ProofInputException: Could not find rule file rules/intRulesCheckedSemantics.key)
	at de.uka.ilkd.key.control.AbstractUserInterfaceControl.load(AbstractUserInterfaceControl.java:221)
	at de.uka.ilkd.key.control.KeYEnvironment.load(KeYEnvironment.java:251)
	at de.uka.ilkd.key.control.KeYEnvironment.load(KeYEnvironment.java:224)
	at de.uka.ilkd.key.control.KeYEnvironment.load(KeYEnvironment.java:184)
	at de.uka.ilkd.key.control.KeYEnvironment.load(KeYEnvironment.java:261)
	at de.uka.ilkd.key.proof.runallproofs.proofcollection.TestFile.load(TestFile.java:270)
	at de.uka.ilkd.key.proof.runallproofs.proofcollection.TestFile.runKey(TestFile.java:160)
	at de.uka.ilkd.key.proof.runallproofs.proofcollection.ForkedTestFileRunner.main(ForkedTestFileRunner.java:171)
Caused by: de.uka.ilkd.key.proof.init.ProofInputException: Could not find rule file rules/intRulesCheckedSemantics.key
	at de.uka.ilkd.key.proof.io.KeYFile.readIncludes(KeYFile.java:210)
	at de.uka.ilkd.key.proof.init.ProblemInitializer.readIncludes(ProblemInitializer.java:177)
	at de.uka.ilkd.key.proof.init.ProblemInitializer.readEnvInput(ProblemInitializer.java:325)
	at de.uka.ilkd.key.proof.init.ProblemInitializer.prepare(ProblemInitializer.java:449)
	at de.uka.ilkd.key.proof.io.AbstractProblemLoader.createInitConfig(AbstractProblemLoader.java:518)
	at de.uka.ilkd.key.proof.io.AbstractProblemLoader.loadEnvironment(AbstractProblemLoader.java:288)
	at de.uka.ilkd.key.proof.io.AbstractProblemLoader.load(AbstractProblemLoader.java:252)
	at de.uka.ilkd.key.control.AbstractUserInterfaceControl.load(AbstractUserInterfaceControl.java:209)
	... 7 more
Caused by: java.lang.RuntimeException: Could not find rule file rules/intRulesCheckedSemantics.key
	at de.uka.ilkd.key.proof.io.RuleSourceFactory.fromBuiltInRule(RuleSourceFactory.java:32)
	at de.uka.ilkd.key.proof.io.RuleSourceFactory.fromDefaultLocation(RuleSourceFactory.java:21)
	at de.uka.ilkd.key.nparser.builder.IncludeFinder.addInclude(IncludeFinder.java:63)
	at de.uka.ilkd.key.nparser.builder.IncludeFinder.visitOne_include(IncludeFinder.java:43)
	at de.uka.ilkd.key.nparser.builder.IncludeFinder.visitOne_include(IncludeFinder.java:20)
	at de.uka.ilkd.key.nparser.KeYParser$One_includeContext.accept(KeYParser.java:878)
	at de.uka.ilkd.key.nparser.builder.AbstractBuilder.lambda$mapOf$0(AbstractBuilder.java:112)
	at java.base/java.util.stream.ReferencePipeline$3$1.accept(ReferencePipeline.java:195)
	at java.base/java.util.ArrayList$ArrayListSpliterator.forEachRemaining(ArrayList.java:1655)
	at java.base/java.util.stream.AbstractPipeline.copyInto(AbstractPipeline.java:484)
	at java.base/java.util.stream.AbstractPipeline.wrapAndCopyInto(AbstractPipeline.java:474)
	at java.base/java.util.stream.ReduceOps$ReduceOp.evaluateSequential(ReduceOps.java:913)
	at java.base/java.util.stream.AbstractPipeline.evaluate(AbstractPipeline.java:234)
	at java.base/java.util.stream.ReferencePipeline.collect(ReferencePipeline.java:578)
	at de.uka.ilkd.key.nparser.builder.AbstractBuilder.mapOf(AbstractBuilder.java:112)
	at de.uka.ilkd.key.nparser.builder.IncludeFinder.visitOne_include_statement(IncludeFinder.java:35)
	at de.uka.ilkd.key.nparser.builder.IncludeFinder.visitOne_include_statement(IncludeFinder.java:20)
	at de.uka.ilkd.key.nparser.KeYParser$One_include_statementContext.accept(KeYParser.java:802)
	at org.antlr.v4.runtime.tree.AbstractParseTreeVisitor.visitChildren(AbstractParseTreeVisitor.java:46)
	at de.uka.ilkd.key.nparser.KeYParserBaseVisitor.visitDecls(KeYParserBaseVisitor.java:30)
	at de.uka.ilkd.key.nparser.KeYParser$DeclsContext.accept(KeYParser.java:500)
	at org.antlr.v4.runtime.tree.AbstractParseTreeVisitor.visitChildren(AbstractParseTreeVisitor.java:46)
	at de.uka.ilkd.key.nparser.KeYParserBaseVisitor.visitFile(KeYParserBaseVisitor.java:23)
	at de.uka.ilkd.key.nparser.KeYParser$FileContext.accept(KeYParser.java:306)
	at de.uka.ilkd.key.nparser.KeyAst.accept(KeyAst.java:41)
	at de.uka.ilkd.key.nparser.KeyAst$File.getIncludes(KeyAst.java:76)
	at de.uka.ilkd.key.proof.io.KeYFile.readIncludes(KeYFile.java:208)
	... 14 more
Could not find rule file rules/intRulesCheckedSemantics.key (file: /home/runner/work/key/key/key.core/../key.ui/examples/index/.././heap/permissions/threads/Plotter_startTransfer_contract.proof; caused by: de.uka.ilkd.key.proof.init.ProofInputException: Could not find rule file rules/intRulesCheckedSemantics.key)
	at de.uka.ilkd.key.control.AbstractUserInterfaceControl.load(AbstractUserInterfaceControl.java:221)
	at de.uka.ilkd.key.control.KeYEnvironment.load(KeYEnvironment.java:251)
	at de.uka.ilkd.key.control.KeYEnvironment.load(KeYEnvironment.java:224)
	at de.uka.ilkd.key.control.KeYEnvironment.load(KeYEnvironment.java:184)
	at de.uka.ilkd.key.control.KeYEnvironment.load(KeYEnvironment.java:261)
	at de.uka.ilkd.key.proof.runallproofs.proofcollection.TestFile.load(TestFile.java:270)
	at de.uka.ilkd.key.proof.runallproofs.proofcollection.TestFile.runKey(TestFile.java:160)
	at de.uka.ilkd.key.proof.runallproofs.proofcollection.ForkedTestFileRunner.main(ForkedTestFileRunner.java:171)
Caused by: de.uka.ilkd.key.proof.init.ProofInputException: Could not find rule file rules/intRulesCheckedSemantics.key
	at de.uka.ilkd.key.proof.io.KeYFile.readIncludes(KeYFile.java:210)
	at de.uka.ilkd.key.proof.init.ProblemInitializer.readIncludes(ProblemInitializer.java:177)
	at de.uka.ilkd.key.proof.init.ProblemInitializer.readEnvInput(ProblemInitializer.java:325)
	at de.uka.ilkd.key.proof.init.ProblemInitializer.prepare(ProblemInitializer.java:449)
	at de.uka.ilkd.key.proof.io.AbstractProblemLoader.createInitConfig(AbstractProblemLoader.java:518)
	at de.uka.ilkd.key.proof.io.AbstractProblemLoader.loadEnvironment(AbstractProblemLoader.java:288)
	at de.uka.ilkd.key.proof.io.AbstractProblemLoader.load(AbstractProblemLoader.java:252)
	at de.uka.ilkd.key.control.AbstractUserInterfaceControl.load(AbstractUserInterfaceControl.java:209)
	... 7 more
Caused by: java.lang.RuntimeException: Could not find rule file rules/intRulesCheckedSemantics.key
	at de.uka.ilkd.key.proof.io.RuleSourceFactory.fromBuiltInRule(RuleSourceFactory.java:32)
	at de.uka.ilkd.key.proof.io.RuleSourceFactory.fromDefaultLocation(RuleSourceFactory.java:21)
	at de.uka.ilkd.key.nparser.builder.IncludeFinder.addInclude(IncludeFinder.java:63)
	at de.uka.ilkd.key.nparser.builder.IncludeFinder.visitOne_include(IncludeFinder.java:43)
	at de.uka.ilkd.key.nparser.builder.IncludeFinder.visitOne_include(IncludeFinder.java:20)
	at de.uka.ilkd.key.nparser.KeYParser$One_includeContext.accept(KeYParser.java:878)
	at de.uka.ilkd.key.nparser.builder.AbstractBuilder.lambda$mapOf$0(AbstractBuilder.java:112)
	at java.base/java.util.stream.ReferencePipeline$3$1.accept(ReferencePipeline.java:195)
	at java.base/java.util.ArrayList$ArrayListSpliterator.forEachRemaining(ArrayList.java:1655)
	at java.base/java.util.stream.AbstractPipeline.copyInto(AbstractPipeline.java:484)
	at java.base/java.util.stream.AbstractPipeline.wrapAndCopyInto(AbstractPipeline.java:474)
	at java.base/java.util.stream.ReduceOps$ReduceOp.evaluateSequential(ReduceOps.java:913)
	at java.base/java.util.stream.AbstractPipeline.evaluate(AbstractPipeline.java:234)
	at java.base/java.util.stream.ReferencePipeline.collect(ReferencePipeline.java:578)
	at de.uka.ilkd.key.nparser.builder.AbstractBuilder.mapOf(AbstractBuilder.java:112)
	at de.uka.ilkd.key.nparser.builder.IncludeFinder.visitOne_include_statement(IncludeFinder.java:35)
	at de.uka.ilkd.key.nparser.builder.IncludeFinder.visitOne_include_statement(IncludeFinder.java:20)
	at de.uka.ilkd.key.nparser.KeYParser$One_include_statementContext.accept(KeYParser.java:802)
	at org.antlr.v4.runtime.tree.AbstractParseTreeVisitor.visitChildren(AbstractParseTreeVisitor.java:46)
	at de.uka.ilkd.key.nparser.KeYParserBaseVisitor.visitDecls(KeYParserBaseVisitor.java:30)
	at de.uka.ilkd.key.nparser.KeYParser$DeclsContext.accept(KeYParser.java:500)
	at org.antlr.v4.runtime.tree.AbstractParseTreeVisitor.visitChildren(AbstractParseTreeVisitor.java:46)
	at de.uka.ilkd.key.nparser.KeYParserBaseVisitor.visitFile(KeYParserBaseVisitor.java:23)
	at de.uka.ilkd.key.nparser.KeYParser$FileContext.accept(KeYParser.java:306)
	at de.uka.ilkd.key.nparser.KeyAst.accept(KeyAst.java:41)
	at de.uka.ilkd.key.nparser.KeyAst$File.getIncludes(KeyAst.java:76)
	at de.uka.ilkd.key.proof.io.KeYFile.readIncludes(KeYFile.java:208)
	... 14 more
Could not find rule file rules/intRulesCheckedSemantics.key (file: /home/runner/work/key/key/key.core/../key.ui/examples/index/.././heap/permissions/threads/Plotter_startTransfer_accessible.proof; caused by: de.uka.ilkd.key.proof.init.ProofInputException: Could not find rule file rules/intRulesCheckedSemantics.key)
	at de.uka.ilkd.key.control.AbstractUserInterfaceControl.load(AbstractUserInterfaceControl.java:221)
	at de.uka.ilkd.key.control.KeYEnvironment.load(KeYEnvironment.java:251)
	at de.uka.ilkd.key.control.KeYEnvironment.load(KeYEnvironment.java:224)
	at de.uka.ilkd.key.control.KeYEnvironment.load(KeYEnvironment.java:184)
	at de.uka.ilkd.key.control.KeYEnvironment.load(KeYEnvironment.java:261)
	at de.uka.ilkd.key.proof.runallproofs.proofcollection.TestFile.load(TestFile.java:270)
	at de.uka.ilkd.key.proof.runallproofs.proofcollection.TestFile.runKey(TestFile.java:160)
	at de.uka.ilkd.key.proof.runallproofs.proofcollection.ForkedTestFileRunner.main(ForkedTestFileRunner.java:171)
Caused by: de.uka.ilkd.key.proof.init.ProofInputException: Could not find rule file rules/intRulesCheckedSemantics.key
	at de.uka.ilkd.key.proof.io.KeYFile.readIncludes(KeYFile.java:210)
	at de.uka.ilkd.key.proof.init.ProblemInitializer.readIncludes(ProblemInitializer.java:177)
	at de.uka.ilkd.key.proof.init.ProblemInitializer.readEnvInput(ProblemInitializer.java:325)
	at de.uka.ilkd.key.proof.init.ProblemInitializer.prepare(ProblemInitializer.java:449)
	at de.uka.ilkd.key.proof.io.AbstractProblemLoader.createInitConfig(AbstractProblemLoader.java:518)
	at de.uka.ilkd.key.proof.io.AbstractProblemLoader.loadEnvironment(AbstractProblemLoader.java:288)
	at de.uka.ilkd.key.proof.io.AbstractProblemLoader.load(AbstractProblemLoader.java:252)
	at de.uka.ilkd.key.control.AbstractUserInterfaceControl.load(AbstractUserInterfaceControl.java:209)
	... 7 more
Caused by: java.lang.RuntimeException: Could not find rule file rules/intRulesCheckedSemantics.key
	at de.uka.ilkd.key.proof.io.RuleSourceFactory.fromBuiltInRule(RuleSourceFactory.java:32)
	at de.uka.ilkd.key.proof.io.RuleSourceFactory.fromDefaultLocation(RuleSourceFactory.java:21)
	at de.uka.ilkd.key.nparser.builder.IncludeFinder.addInclude(IncludeFinder.java:63)
	at de.uka.ilkd.key.nparser.builder.IncludeFinder.visitOne_include(IncludeFinder.java:43)
	at de.uka.ilkd.key.nparser.builder.IncludeFinder.visitOne_include(IncludeFinder.java:20)
	at de.uka.ilkd.key.nparser.KeYParser$One_includeContext.accept(KeYParser.java:878)
	at de.uka.ilkd.key.nparser.builder.AbstractBuilder.lambda$mapOf$0(AbstractBuilder.java:112)
	at java.base/java.util.stream.ReferencePipeline$3$1.accept(ReferencePipeline.java:195)
	at java.base/java.util.ArrayList$ArrayListSpliterator.forEachRemaining(ArrayList.java:1655)
	at java.base/java.util.stream.AbstractPipeline.copyInto(AbstractPipeline.java:484)
	at java.base/java.util.stream.AbstractPipeline.wrapAndCopyInto(AbstractPipeline.java:474)
	at java.base/java.util.stream.ReduceOps$ReduceOp.evaluateSequential(ReduceOps.java:913)
	at java.base/java.util.stream.AbstractPipeline.evaluate(AbstractPipeline.java:234)
	at java.base/java.util.stream.ReferencePipeline.collect(ReferencePipeline.java:578)
	at de.uka.ilkd.key.nparser.builder.AbstractBuilder.mapOf(AbstractBuilder.java:112)
	at de.uka.ilkd.key.nparser.builder.IncludeFinder.visitOne_include_statement(IncludeFinder.java:35)
	at de.uka.ilkd.key.nparser.builder.IncludeFinder.visitOne_include_statement(IncludeFinder.java:20)
	at de.uka.ilkd.key.nparser.KeYParser$One_include_statementContext.accept(KeYParser.java:802)
	at org.antlr.v4.runtime.tree.AbstractParseTreeVisitor.visitChildren(AbstractParseTreeVisitor.java:46)
	at de.uka.ilkd.key.nparser.KeYParserBaseVisitor.visitDecls(KeYParserBaseVisitor.java:30)
	at de.uka.ilkd.key.nparser.KeYParser$DeclsContext.accept(KeYParser.java:500)
	at org.antlr.v4.runtime.tree.AbstractParseTreeVisitor.visitChildren(AbstractParseTreeVisitor.java:46)
	at de.uka.ilkd.key.nparser.KeYParserBaseVisitor.visitFile(KeYParserBaseVisitor.java:23)
	at de.uka.ilkd.key.nparser.KeYParser$FileContext.accept(KeYParser.java:306)
	at de.uka.ilkd.key.nparser.KeyAst.accept(KeyAst.java:41)
	at de.uka.ilkd.key.nparser.KeyAst$File.getIncludes(KeyAst.java:76)
	at de.uka.ilkd.key.proof.io.KeYFile.readIncludes(KeYFile.java:208)
	... 14 more
Could not find rule file rules/intRulesCheckedSemantics.key (file: /home/runner/work/key/key/key.core/../key.ui/examples/index/.././heap/permissions/threads/Plotter_joinTransfer_accessible.proof; caused by: de.uka.ilkd.key.proof.init.ProofInputException: Could not find rule file rules/intRulesCheckedSemantics.key)
	at de.uka.ilkd.key.control.AbstractUserInterfaceControl.load(AbstractUserInterfaceControl.java:221)
	at de.uka.ilkd.key.control.KeYEnvironment.load(KeYEnvironment.java:251)
	at de.uka.ilkd.key.control.KeYEnvironment.load(KeYEnvironment.java:224)
	at de.uka.ilkd.key.control.KeYEnvironment.load(KeYEnvironment.java:184)
	at de.uka.ilkd.key.control.KeYEnvironment.load(KeYEnvironment.java:261)
	at de.uka.ilkd.key.proof.runallproofs.proofcollection.TestFile.load(TestFile.java:270)
	at de.uka.ilkd.key.proof.runallproofs.proofcollection.TestFile.runKey(TestFile.java:160)
	at de.uka.ilkd.key.proof.runallproofs.proofcollection.ForkedTestFileRunner.main(ForkedTestFileRunner.java:171)
Caused by: de.uka.ilkd.key.proof.init.ProofInputException: Could not find rule file rules/intRulesCheckedSemantics.key
	at de.uka.ilkd.key.proof.io.KeYFile.readIncludes(KeYFile.java:210)
	at de.uka.ilkd.key.proof.init.ProblemInitializer.readIncludes(ProblemInitializer.java:177)
	at de.uka.ilkd.key.proof.init.ProblemInitializer.readEnvInput(ProblemInitializer.java:325)
	at de.uka.ilkd.key.proof.init.ProblemInitializer.prepare(ProblemInitializer.java:449)
	at de.uka.ilkd.key.proof.io.AbstractProblemLoader.createInitConfig(AbstractProblemLoader.java:518)
	at de.uka.ilkd.key.proof.io.AbstractProblemLoader.loadEnvironment(AbstractProblemLoader.java:288)
	at de.uka.ilkd.key.proof.io.AbstractProblemLoader.load(AbstractProblemLoader.java:252)
	at de.uka.ilkd.key.control.AbstractUserInterfaceControl.load(AbstractUserInterfaceControl.java:209)
	... 7 more
Caused by: java.lang.RuntimeException: Could not find rule file rules/intRulesCheckedSemantics.key
	at de.uka.ilkd.key.proof.io.RuleSourceFactory.fromBuiltInRule(RuleSourceFactory.java:32)
	at de.uka.ilkd.key.proof.io.RuleSourceFactory.fromDefaultLocation(RuleSourceFactory.java:21)
	at de.uka.ilkd.key.nparser.builder.IncludeFinder.addInclude(IncludeFinder.java:63)
	at de.uka.ilkd.key.nparser.builder.IncludeFinder.visitOne_include(IncludeFinder.java:43)
	at de.uka.ilkd.key.nparser.builder.IncludeFinder.visitOne_include(IncludeFinder.java:20)
	at de.uka.ilkd.key.nparser.KeYParser$One_includeContext.accept(KeYParser.java:878)
	at de.uka.ilkd.key.nparser.builder.AbstractBuilder.lambda$mapOf$0(AbstractBuilder.java:112)
	at java.base/java.util.stream.ReferencePipeline$3$1.accept(ReferencePipeline.java:195)
	at java.base/java.util.ArrayList$ArrayListSpliterator.forEachRemaining(ArrayList.java:1655)
	at java.base/java.util.stream.AbstractPipeline.copyInto(AbstractPipeline.java:484)
	at java.base/java.util.stream.AbstractPipeline.wrapAndCopyInto(AbstractPipeline.java:474)
	at java.base/java.util.stream.ReduceOps$ReduceOp.evaluateSequential(ReduceOps.java:913)
	at java.base/java.util.stream.AbstractPipeline.evaluate(AbstractPipeline.java:234)
	at java.base/java.util.stream.ReferencePipeline.collect(ReferencePipeline.java:578)
	at de.uka.ilkd.key.nparser.builder.AbstractBuilder.mapOf(AbstractBuilder.java:112)
	at de.uka.ilkd.key.nparser.builder.IncludeFinder.visitOne_include_statement(IncludeFinder.java:35)
	at de.uka.ilkd.key.nparser.builder.IncludeFinder.visitOne_include_statement(IncludeFinder.java:20)
	at de.uka.ilkd.key.nparser.KeYParser$One_include_statementContext.accept(KeYParser.java:802)
	at org.antlr.v4.runtime.tree.AbstractParseTreeVisitor.visitChildren(AbstractParseTreeVisitor.java:46)
	at de.uka.ilkd.key.nparser.KeYParserBaseVisitor.visitDecls(KeYParserBaseVisitor.java:30)
	at de.uka.ilkd.key.nparser.KeYParser$DeclsContext.accept(KeYParser.java:500)
	at org.antlr.v4.runtime.tree.AbstractParseTreeVisitor.visitChildren(AbstractParseTreeVisitor.java:46)
	at de.uka.ilkd.key.nparser.KeYParserBaseVisitor.visitFile(KeYParserBaseVisitor.java:23)
	at de.uka.ilkd.key.nparser.KeYParser$FileContext.accept(KeYParser.java:306)
	at de.uka.ilkd.key.nparser.KeyAst.accept(KeyAst.java:41)
	at de.uka.ilkd.key.nparser.KeyAst$File.getIncludes(KeyAst.java:76)
	at de.uka.ilkd.key.proof.io.KeYFile.readIncludes(KeYFile.java:208)
	... 14 more
Exception in thread "main" org.opentest4j.AssertionFailedError: Exception during the execution of proofs. See log for more details.
	at org.junit.jupiter.api.AssertionUtils.fail(AssertionUtils.java:39)
	at org.junit.jupiter.api.Assertions.fail(Assertions.java:134)
	at de.uka.ilkd.key.proof.runallproofs.proofcollection.ForkedTestFileRunner.main(ForkedTestFileRunner.java:192)
Timeout watcher launched (2000 secs.)
Could not find rule file rules/intRulesCheckedSemantics.key (file: /home/runner/work/key/key/key.core/../key.ui/examples/index/.././completionscopes/testCcatchReturnVal.key; caused by: de.uka.ilkd.key.proof.init.ProofInputException: Could not find rule file rules/intRulesCheckedSemantics.key)
	at de.uka.ilkd.key.control.AbstractUserInterfaceControl.load(AbstractUserInterfaceControl.java:221)
	at de.uka.ilkd.key.control.KeYEnvironment.load(KeYEnvironment.java:251)
	at de.uka.ilkd.key.control.KeYEnvironment.load(KeYEnvironment.java:224)
	at de.uka.ilkd.key.control.KeYEnvironment.load(KeYEnvironment.java:184)
	at de.uka.ilkd.key.control.KeYEnvironment.load(KeYEnvironment.java:261)
	at de.uka.ilkd.key.proof.runallproofs.proofcollection.TestFile.load(TestFile.java:270)
	at de.uka.ilkd.key.proof.runallproofs.proofcollection.TestFile.runKey(TestFile.java:160)
	at de.uka.ilkd.key.proof.runallproofs.proofcollection.ForkedTestFileRunner.main(ForkedTestFileRunner.java:171)
Caused by: de.uka.ilkd.key.proof.init.ProofInputException: Could not find rule file rules/intRulesCheckedSemantics.key
	at de.uka.ilkd.key.proof.io.KeYFile.readIncludes(KeYFile.java:210)
	at de.uka.ilkd.key.proof.init.ProblemInitializer.readIncludes(ProblemInitializer.java:177)
	at de.uka.ilkd.key.proof.init.ProblemInitializer.readEnvInput(ProblemInitializer.java:325)
	at de.uka.ilkd.key.proof.init.ProblemInitializer.prepare(ProblemInitializer.java:449)
	at de.uka.ilkd.key.proof.io.AbstractProblemLoader.createInitConfig(AbstractProblemLoader.java:518)
	at de.uka.ilkd.key.proof.io.AbstractProblemLoader.loadEnvironment(AbstractProblemLoader.java:288)
	at de.uka.ilkd.key.proof.io.AbstractProblemLoader.load(AbstractProblemLoader.java:252)
	at de.uka.ilkd.key.control.AbstractUserInterfaceControl.load(AbstractUserInterfaceControl.java:209)
	... 7 more
Caused by: java.lang.RuntimeException: Could not find rule file rules/intRulesCheckedSemantics.key
	at de.uka.ilkd.key.proof.io.RuleSourceFactory.fromBuiltInRule(RuleSourceFactory.java:32)
	at de.uka.ilkd.key.proof.io.RuleSourceFactory.fromDefaultLocation(RuleSourceFactory.java:21)
	at de.uka.ilkd.key.nparser.builder.IncludeFinder.addInclude(IncludeFinder.java:63)
	at de.uka.ilkd.key.nparser.builder.IncludeFinder.visitOne_include(IncludeFinder.java:43)
	at de.uka.ilkd.key.nparser.builder.IncludeFinder.visitOne_include(IncludeFinder.java:20)
	at de.uka.ilkd.key.nparser.KeYParser$One_includeContext.accept(KeYParser.java:878)
	at de.uka.ilkd.key.nparser.builder.AbstractBuilder.lambda$mapOf$0(AbstractBuilder.java:112)
	at java.base/java.util.stream.ReferencePipeline$3$1.accept(ReferencePipeline.java:195)
	at java.base/java.util.ArrayList$ArrayListSpliterator.forEachRemaining(ArrayList.java:1655)
	at java.base/java.util.stream.AbstractPipeline.copyInto(AbstractPipeline.java:484)
	at java.base/java.util.stream.AbstractPipeline.wrapAndCopyInto(AbstractPipeline.java:474)
	at java.base/java.util.stream.ReduceOps$ReduceOp.evaluateSequential(ReduceOps.java:913)
	at java.base/java.util.stream.AbstractPipeline.evaluate(AbstractPipeline.java:234)
	at java.base/java.util.stream.ReferencePipeline.collect(ReferencePipeline.java:578)
	at de.uka.ilkd.key.nparser.builder.AbstractBuilder.mapOf(AbstractBuilder.java:112)
	at de.uka.ilkd.key.nparser.builder.IncludeFinder.visitOne_include_statement(IncludeFinder.java:35)
	at de.uka.ilkd.key.nparser.builder.IncludeFinder.visitOne_include_statement(IncludeFinder.java:20)
	at de.uka.ilkd.key.nparser.KeYParser$One_include_statementContext.accept(KeYParser.java:802)
	at org.antlr.v4.runtime.tree.AbstractParseTreeVisitor.visitChildren(AbstractParseTreeVisitor.java:46)
	at de.uka.ilkd.key.nparser.KeYParserBaseVisitor.visitDecls(KeYParserBaseVisitor.java:30)
	at de.uka.ilkd.key.nparser.KeYParser$DeclsContext.accept(KeYParser.java:500)
	at org.antlr.v4.runtime.tree.AbstractParseTreeVisitor.visitChildren(AbstractParseTreeVisitor.java:46)
	at de.uka.ilkd.key.nparser.KeYParserBaseVisitor.visitFile(KeYParserBaseVisitor.java:23)
	at de.uka.ilkd.key.nparser.KeYParser$FileContext.accept(KeYParser.java:306)
	at de.uka.ilkd.key.nparser.KeyAst.accept(KeyAst.java:41)
	at de.uka.ilkd.key.nparser.KeyAst$File.getIncludes(KeyAst.java:76)
	at de.uka.ilkd.key.proof.io.KeYFile.readIncludes(KeYFile.java:208)
	... 14 more
Could not find rule file rules/intRulesCheckedSemantics.key (file: /home/runner/work/key/key/key.core/../key.ui/examples/index/.././completionscopes/testMultCcatchClauses.key; caused by: de.uka.ilkd.key.proof.init.ProofInputException: Could not find rule file rules/intRulesCheckedSemantics.key)
	at de.uka.ilkd.key.control.AbstractUserInterfaceControl.load(AbstractUserInterfaceControl.java:221)
	at de.uka.ilkd.key.control.KeYEnvironment.load(KeYEnvironment.java:251)
	at de.uka.ilkd.key.control.KeYEnvironment.load(KeYEnvironment.java:224)
	at de.uka.ilkd.key.control.KeYEnvironment.load(KeYEnvironment.java:184)
	at de.uka.ilkd.key.control.KeYEnvironment.load(KeYEnvironment.java:261)
	at de.uka.ilkd.key.proof.runallproofs.proofcollection.TestFile.load(TestFile.java:270)
	at de.uka.ilkd.key.proof.runallproofs.proofcollection.TestFile.runKey(TestFile.java:160)
	at de.uka.ilkd.key.proof.runallproofs.proofcollection.ForkedTestFileRunner.main(ForkedTestFileRunner.java:171)
Caused by: de.uka.ilkd.key.proof.init.ProofInputException: Could not find rule file rules/intRulesCheckedSemantics.key
	at de.uka.ilkd.key.proof.io.KeYFile.readIncludes(KeYFile.java:210)
	at de.uka.ilkd.key.proof.init.ProblemInitializer.readIncludes(ProblemInitializer.java:177)
	at de.uka.ilkd.key.proof.init.ProblemInitializer.readEnvInput(ProblemInitializer.java:325)
	at de.uka.ilkd.key.proof.init.ProblemInitializer.prepare(ProblemInitializer.java:449)
	at de.uka.ilkd.key.proof.io.AbstractProblemLoader.createInitConfig(AbstractProblemLoader.java:518)
	at de.uka.ilkd.key.proof.io.AbstractProblemLoader.loadEnvironment(AbstractProblemLoader.java:288)
	at de.uka.ilkd.key.proof.io.AbstractProblemLoader.load(AbstractProblemLoader.java:252)
	at de.uka.ilkd.key.control.AbstractUserInterfaceControl.load(AbstractUserInterfaceControl.java:209)
	... 7 more
Caused by: java.lang.RuntimeException: Could not find rule file rules/intRulesCheckedSemantics.key
	at de.uka.ilkd.key.proof.io.RuleSourceFactory.fromBuiltInRule(RuleSourceFactory.java:32)
	at de.uka.ilkd.key.proof.io.RuleSourceFactory.fromDefaultLocation(RuleSourceFactory.java:21)
	at de.uka.ilkd.key.nparser.builder.IncludeFinder.addInclude(IncludeFinder.java:63)
	at de.uka.ilkd.key.nparser.builder.IncludeFinder.visitOne_include(IncludeFinder.java:43)
	at de.uka.ilkd.key.nparser.builder.IncludeFinder.visitOne_include(IncludeFinder.java:20)
	at de.uka.ilkd.key.nparser.KeYParser$One_includeContext.accept(KeYParser.java:878)
	at de.uka.ilkd.key.nparser.builder.AbstractBuilder.lambda$mapOf$0(AbstractBuilder.java:112)
	at java.base/java.util.stream.ReferencePipeline$3$1.accept(ReferencePipeline.java:195)
	at java.base/java.util.ArrayList$ArrayListSpliterator.forEachRemaining(ArrayList.java:1655)
	at java.base/java.util.stream.AbstractPipeline.copyInto(AbstractPipeline.java:484)
	at java.base/java.util.stream.AbstractPipeline.wrapAndCopyInto(AbstractPipeline.java:474)
	at java.base/java.util.stream.ReduceOps$ReduceOp.evaluateSequential(ReduceOps.java:913)
	at java.base/java.util.stream.AbstractPipeline.evaluate(AbstractPipeline.java:234)
	at java.base/java.util.stream.ReferencePipeline.collect(ReferencePipeline.java:578)
	at de.uka.ilkd.key.nparser.builder.AbstractBuilder.mapOf(AbstractBuilder.java:112)
	at de.uka.ilkd.key.nparser.builder.IncludeFinder.visitOne_include_statement(IncludeFinder.java:35)
	at de.uka.ilkd.key.nparser.builder.IncludeFinder.visitOne_include_statement(IncludeFinder.java:20)
	at de.uka.ilkd.key.nparser.KeYParser$One_include_statementContext.accept(KeYParser.java:802)
	at org.antlr.v4.runtime.tree.AbstractParseTreeVisitor.visitChildren(AbstractParseTreeVisitor.java:46)
	at de.uka.ilkd.key.nparser.KeYParserBaseVisitor.visitDecls(KeYParserBaseVisitor.java:30)
	at de.uka.ilkd.key.nparser.KeYParser$DeclsContext.accept(KeYParser.java:500)
	at org.antlr.v4.runtime.tree.AbstractParseTreeVisitor.visitChildren(AbstractParseTreeVisitor.java:46)
	at de.uka.ilkd.key.nparser.KeYParserBaseVisitor.visitFile(KeYParserBaseVisitor.java:23)
	at de.uka.ilkd.key.nparser.KeYParser$FileContext.accept(KeYParser.java:306)
	at de.uka.ilkd.key.nparser.KeyAst.accept(KeyAst.java:41)
	at de.uka.ilkd.key.nparser.KeyAst$File.getIncludes(KeyAst.java:76)
	at de.uka.ilkd.key.proof.io.KeYFile.readIncludes(KeYFile.java:208)
	... 14 more
Could not find rule file rules/intRulesCheckedSemantics.key (file: /home/runner/work/key/key/key.core/../key.ui/examples/index/.././completionscopes/testNestedExec.key; caused by: de.uka.ilkd.key.proof.init.ProofInputException: Could not find rule file rules/intRulesCheckedSemantics.key)
	at de.uka.ilkd.key.control.AbstractUserInterfaceControl.load(AbstractUserInterfaceControl.java:221)
	at de.uka.ilkd.key.control.KeYEnvironment.load(KeYEnvironment.java:251)
	at de.uka.ilkd.key.control.KeYEnvironment.load(KeYEnvironment.java:224)
	at de.uka.ilkd.key.control.KeYEnvironment.load(KeYEnvironment.java:184)
	at de.uka.ilkd.key.control.KeYEnvironment.load(KeYEnvironment.java:261)
	at de.uka.ilkd.key.proof.runallproofs.proofcollection.TestFile.load(TestFile.java:270)
	at de.uka.ilkd.key.proof.runallproofs.proofcollection.TestFile.runKey(TestFile.java:160)
	at de.uka.ilkd.key.proof.runallproofs.proofcollection.ForkedTestFileRunner.main(ForkedTestFileRunner.java:171)
Caused by: de.uka.ilkd.key.proof.init.ProofInputException: Could not find rule file rules/intRulesCheckedSemantics.key
	at de.uka.ilkd.key.proof.io.KeYFile.readIncludes(KeYFile.java:210)
	at de.uka.ilkd.key.proof.init.ProblemInitializer.readIncludes(ProblemInitializer.java:177)
	at de.uka.ilkd.key.proof.init.ProblemInitializer.readEnvInput(ProblemInitializer.java:325)
	at de.uka.ilkd.key.proof.init.ProblemInitializer.prepare(ProblemInitializer.java:449)
	at de.uka.ilkd.key.proof.io.AbstractProblemLoader.createInitConfig(AbstractProblemLoader.java:518)
	at de.uka.ilkd.key.proof.io.AbstractProblemLoader.loadEnvironment(AbstractProblemLoader.java:288)
	at de.uka.ilkd.key.proof.io.AbstractProblemLoader.load(AbstractProblemLoader.java:252)
	at de.uka.ilkd.key.control.AbstractUserInterfaceControl.load(AbstractUserInterfaceControl.java:209)
	... 7 more
Caused by: java.lang.RuntimeException: Could not find rule file rules/intRulesCheckedSemantics.key
	at de.uka.ilkd.key.proof.io.RuleSourceFactory.fromBuiltInRule(RuleSourceFactory.java:32)
	at de.uka.ilkd.key.proof.io.RuleSourceFactory.fromDefaultLocation(RuleSourceFactory.java:21)
	at de.uka.ilkd.key.nparser.builder.IncludeFinder.addInclude(IncludeFinder.java:63)
	at de.uka.ilkd.key.nparser.builder.IncludeFinder.visitOne_include(IncludeFinder.java:43)
	at de.uka.ilkd.key.nparser.builder.IncludeFinder.visitOne_include(IncludeFinder.java:20)
	at de.uka.ilkd.key.nparser.KeYParser$One_includeContext.accept(KeYParser.java:878)
	at de.uka.ilkd.key.nparser.builder.AbstractBuilder.lambda$mapOf$0(AbstractBuilder.java:112)
	at java.base/java.util.stream.ReferencePipeline$3$1.accept(ReferencePipeline.java:195)
	at java.base/java.util.ArrayList$ArrayListSpliterator.forEachRemaining(ArrayList.java:1655)
	at java.base/java.util.stream.AbstractPipeline.copyInto(AbstractPipeline.java:484)
	at java.base/java.util.stream.AbstractPipeline.wrapAndCopyInto(AbstractPipeline.java:474)
	at java.base/java.util.stream.ReduceOps$ReduceOp.evaluateSequential(ReduceOps.java:913)
	at java.base/java.util.stream.AbstractPipeline.evaluate(AbstractPipeline.java:234)
	at java.base/java.util.stream.ReferencePipeline.collect(ReferencePipeline.java:578)
	at de.uka.ilkd.key.nparser.builder.AbstractBuilder.mapOf(AbstractBuilder.java:112)
	at de.uka.ilkd.key.nparser.builder.IncludeFinder.visitOne_include_statement(IncludeFinder.java:35)
	at de.uka.ilkd.key.nparser.builder.IncludeFinder.visitOne_include_statement(IncludeFinder.java:20)
	at de.uka.ilkd.key.nparser.KeYParser$One_include_statementContext.accept(KeYParser.java:802)
	at org.antlr.v4.runtime.tree.AbstractParseTreeVisitor.visitChildren(AbstractParseTreeVisitor.java:46)
	at de.uka.ilkd.key.nparser.KeYParserBaseVisitor.visitDecls(KeYParserBaseVisitor.java:30)
	at de.uka.ilkd.key.nparser.KeYParser$DeclsContext.accept(KeYParser.java:500)
	at org.antlr.v4.runtime.tree.AbstractParseTreeVisitor.visitChildren(AbstractParseTreeVisitor.java:46)
	at de.uka.ilkd.key.nparser.KeYParserBaseVisitor.visitFile(KeYParserBaseVisitor.java:23)
	at de.uka.ilkd.key.nparser.KeYParser$FileContext.accept(KeYParser.java:306)
	at de.uka.ilkd.key.nparser.KeyAst.accept(KeyAst.java:41)
	at de.uka.ilkd.key.nparser.KeyAst$File.getIncludes(KeyAst.java:76)
	at de.uka.ilkd.key.proof.io.KeYFile.readIncludes(KeYFile.java:208)
	... 14 more
Could not find rule file rules/intRulesCheckedSemantics.key (file: /home/runner/work/key/key/key.core/../key.ui/examples/index/.././completionscopes/testCcatchBreakLabel.key; caused by: de.uka.ilkd.key.proof.init.ProofInputException: Could not find rule file rules/intRulesCheckedSemantics.key)
	at de.uka.ilkd.key.control.AbstractUserInterfaceControl.load(AbstractUserInterfaceControl.java:221)
	at de.uka.ilkd.key.control.KeYEnvironment.load(KeYEnvironment.java:251)
	at de.uka.ilkd.key.control.KeYEnvironment.load(KeYEnvironment.java:224)
	at de.uka.ilkd.key.control.KeYEnvironment.load(KeYEnvironment.java:184)
	at de.uka.ilkd.key.control.KeYEnvironment.load(KeYEnvironment.java:261)
	at de.uka.ilkd.key.proof.runallproofs.proofcollection.TestFile.load(TestFile.java:270)
	at de.uka.ilkd.key.proof.runallproofs.proofcollection.TestFile.runKey(TestFile.java:160)
	at de.uka.ilkd.key.proof.runallproofs.proofcollection.ForkedTestFileRunner.main(ForkedTestFileRunner.java:171)
Caused by: de.uka.ilkd.key.proof.init.ProofInputException: Could not find rule file rules/intRulesCheckedSemantics.key
	at de.uka.ilkd.key.proof.io.KeYFile.readIncludes(KeYFile.java:210)
	at de.uka.ilkd.key.proof.init.ProblemInitializer.readIncludes(ProblemInitializer.java:177)
	at de.uka.ilkd.key.proof.init.ProblemInitializer.readEnvInput(ProblemInitializer.java:325)
	at de.uka.ilkd.key.proof.init.ProblemInitializer.prepare(ProblemInitializer.java:449)
	at de.uka.ilkd.key.proof.io.AbstractProblemLoader.createInitConfig(AbstractProblemLoader.java:518)
	at de.uka.ilkd.key.proof.io.AbstractProblemLoader.loadEnvironment(AbstractProblemLoader.java:288)
	at de.uka.ilkd.key.proof.io.AbstractProblemLoader.load(AbstractProblemLoader.java:252)
	at de.uka.ilkd.key.control.AbstractUserInterfaceControl.load(AbstractUserInterfaceControl.java:209)
	... 7 more
Caused by: java.lang.RuntimeException: Could not find rule file rules/intRulesCheckedSemantics.key
	at de.uka.ilkd.key.proof.io.RuleSourceFactory.fromBuiltInRule(RuleSourceFactory.java:32)
	at de.uka.ilkd.key.proof.io.RuleSourceFactory.fromDefaultLocation(RuleSourceFactory.java:21)
	at de.uka.ilkd.key.nparser.builder.IncludeFinder.addInclude(IncludeFinder.java:63)
	at de.uka.ilkd.key.nparser.builder.IncludeFinder.visitOne_include(IncludeFinder.java:43)
	at de.uka.ilkd.key.nparser.builder.IncludeFinder.visitOne_include(IncludeFinder.java:20)
	at de.uka.ilkd.key.nparser.KeYParser$One_includeContext.accept(KeYParser.java:878)
	at de.uka.ilkd.key.nparser.builder.AbstractBuilder.lambda$mapOf$0(AbstractBuilder.java:112)
	at java.base/java.util.stream.ReferencePipeline$3$1.accept(ReferencePipeline.java:195)
	at java.base/java.util.ArrayList$ArrayListSpliterator.forEachRemaining(ArrayList.java:1655)
	at java.base/java.util.stream.AbstractPipeline.copyInto(AbstractPipeline.java:484)
	at java.base/java.util.stream.AbstractPipeline.wrapAndCopyInto(AbstractPipeline.java:474)
	at java.base/java.util.stream.ReduceOps$ReduceOp.evaluateSequential(ReduceOps.java:913)
	at java.base/java.util.stream.AbstractPipeline.evaluate(AbstractPipeline.java:234)
	at java.base/java.util.stream.ReferencePipeline.collect(ReferencePipeline.java:578)
	at de.uka.ilkd.key.nparser.builder.AbstractBuilder.mapOf(AbstractBuilder.java:112)
	at de.uka.ilkd.key.nparser.builder.IncludeFinder.visitOne_include_statement(IncludeFinder.java:35)
	at de.uka.ilkd.key.nparser.builder.IncludeFinder.visitOne_include_statement(IncludeFinder.java:20)
	at de.uka.ilkd.key.nparser.KeYParser$One_include_statementContext.accept(KeYParser.java:802)
	at org.antlr.v4.runtime.tree.AbstractParseTreeVisitor.visitChildren(AbstractParseTreeVisitor.java:46)
	at de.uka.ilkd.key.nparser.KeYParserBaseVisitor.visitDecls(KeYParserBaseVisitor.java:30)
	at de.uka.ilkd.key.nparser.KeYParser$DeclsContext.accept(KeYParser.java:500)
	at org.antlr.v4.runtime.tree.AbstractParseTreeVisitor.visitChildren(AbstractParseTreeVisitor.java:46)
	at de.uka.ilkd.key.nparser.KeYParserBaseVisitor.visitFile(KeYParserBaseVisitor.java:23)
	at de.uka.ilkd.key.nparser.KeYParser$FileContext.accept(KeYParser.java:306)
	at de.uka.ilkd.key.nparser.KeyAst.accept(KeyAst.java:41)
	at de.uka.ilkd.key.nparser.KeyAst$File.getIncludes(KeyAst.java:76)
	at de.uka.ilkd.key.proof.io.KeYFile.readIncludes(KeYFile.java:208)
	... 14 more
Could not find rule file rules/intRulesCheckedSemantics.key (file: /home/runner/work/key/key/key.core/../key.ui/examples/index/.././completionscopes/testCcatchContinueLabel.key; caused by: de.uka.ilkd.key.proof.init.ProofInputException: Could not find rule file rules/intRulesCheckedSemantics.key)
	at de.uka.ilkd.key.control.AbstractUserInterfaceControl.load(AbstractUserInterfaceControl.java:221)
	at de.uka.ilkd.key.control.KeYEnvironment.load(KeYEnvironment.java:251)
	at de.uka.ilkd.key.control.KeYEnvironment.load(KeYEnvironment.java:224)
	at de.uka.ilkd.key.control.KeYEnvironment.load(KeYEnvironment.java:184)
	at de.uka.ilkd.key.control.KeYEnvironment.load(KeYEnvironment.java:261)
	at de.uka.ilkd.key.proof.runallproofs.proofcollection.TestFile.load(TestFile.java:270)
	at de.uka.ilkd.key.proof.runallproofs.proofcollection.TestFile.runKey(TestFile.java:160)
	at de.uka.ilkd.key.proof.runallproofs.proofcollection.ForkedTestFileRunner.main(ForkedTestFileRunner.java:171)
Caused by: de.uka.ilkd.key.proof.init.ProofInputException: Could not find rule file rules/intRulesCheckedSemantics.key
	at de.uka.ilkd.key.proof.io.KeYFile.readIncludes(KeYFile.java:210)
	at de.uka.ilkd.key.proof.init.ProblemInitializer.readIncludes(ProblemInitializer.java:177)
	at de.uka.ilkd.key.proof.init.ProblemInitializer.readEnvInput(ProblemInitializer.java:325)
	at de.uka.ilkd.key.proof.init.ProblemInitializer.prepare(ProblemInitializer.java:449)
	at de.uka.ilkd.key.proof.io.AbstractProblemLoader.createInitConfig(AbstractProblemLoader.java:518)
	at de.uka.ilkd.key.proof.io.AbstractProblemLoader.loadEnvironment(AbstractProblemLoader.java:288)
	at de.uka.ilkd.key.proof.io.AbstractProblemLoader.load(AbstractProblemLoader.java:252)
	at de.uka.ilkd.key.control.AbstractUserInterfaceControl.load(AbstractUserInterfaceControl.java:209)
	... 7 more
Caused by: java.lang.RuntimeException: Could not find rule file rules/intRulesCheckedSemantics.key
	at de.uka.ilkd.key.proof.io.RuleSourceFactory.fromBuiltInRule(RuleSourceFactory.java:32)
	at de.uka.ilkd.key.proof.io.RuleSourceFactory.fromDefaultLocation(RuleSourceFactory.java:21)
	at de.uka.ilkd.key.nparser.builder.IncludeFinder.addInclude(IncludeFinder.java:63)
	at de.uka.ilkd.key.nparser.builder.IncludeFinder.visitOne_include(IncludeFinder.java:43)
	at de.uka.ilkd.key.nparser.builder.IncludeFinder.visitOne_include(IncludeFinder.java:20)
	at de.uka.ilkd.key.nparser.KeYParser$One_includeContext.accept(KeYParser.java:878)
	at de.uka.ilkd.key.nparser.builder.AbstractBuilder.lambda$mapOf$0(AbstractBuilder.java:112)
	at java.base/java.util.stream.ReferencePipeline$3$1.accept(ReferencePipeline.java:195)
	at java.base/java.util.ArrayList$ArrayListSpliterator.forEachRemaining(ArrayList.java:1655)
	at java.base/java.util.stream.AbstractPipeline.copyInto(AbstractPipeline.java:484)
	at java.base/java.util.stream.AbstractPipeline.wrapAndCopyInto(AbstractPipeline.java:474)
	at java.base/java.util.stream.ReduceOps$ReduceOp.evaluateSequential(ReduceOps.java:913)
	at java.base/java.util.stream.AbstractPipeline.evaluate(AbstractPipeline.java:234)
	at java.base/java.util.stream.ReferencePipeline.collect(ReferencePipeline.java:578)
	at de.uka.ilkd.key.nparser.builder.AbstractBuilder.mapOf(AbstractBuilder.java:112)
	at de.uka.ilkd.key.nparser.builder.IncludeFinder.visitOne_include_statement(IncludeFinder.java:35)
	at de.uka.ilkd.key.nparser.builder.IncludeFinder.visitOne_include_statement(IncludeFinder.java:20)
	at de.uka.ilkd.key.nparser.KeYParser$One_include_statementContext.accept(KeYParser.java:802)
	at org.antlr.v4.runtime.tree.AbstractParseTreeVisitor.visitChildren(AbstractParseTreeVisitor.java:46)
	at de.uka.ilkd.key.nparser.KeYParserBaseVisitor.visitDecls(KeYParserBaseVisitor.java:30)
	at de.uka.ilkd.key.nparser.KeYParser$DeclsContext.accept(KeYParser.java:500)
	at org.antlr.v4.runtime.tree.AbstractParseTreeVisitor.visitChildren(AbstractParseTreeVisitor.java:46)
	at de.uka.ilkd.key.nparser.KeYParserBaseVisitor.visitFile(KeYParserBaseVisitor.java:23)
	at de.uka.ilkd.key.nparser.KeYParser$FileContext.accept(KeYParser.java:306)
	at de.uka.ilkd.key.nparser.KeyAst.accept(KeyAst.java:41)
	at de.uka.ilkd.key.nparser.KeyAst$File.getIncludes(KeyAst.java:76)
	at de.uka.ilkd.key.proof.io.KeYFile.readIncludes(KeYFile.java:208)
	... 14 more
Could not find rule file rules/intRulesCheckedSemantics.key (file: /home/runner/work/key/key/key.core/../key.ui/examples/index/.././completionscopes/testCcatchBreakLabelWildcard.key; caused by: de.uka.ilkd.key.proof.init.ProofInputException: Could not find rule file rules/intRulesCheckedSemantics.key)
	at de.uka.ilkd.key.control.AbstractUserInterfaceControl.load(AbstractUserInterfaceControl.java:221)
	at de.uka.ilkd.key.control.KeYEnvironment.load(KeYEnvironment.java:251)
	at de.uka.ilkd.key.control.KeYEnvironment.load(KeYEnvironment.java:224)
	at de.uka.ilkd.key.control.KeYEnvironment.load(KeYEnvironment.java:184)
	at de.uka.ilkd.key.control.KeYEnvironment.load(KeYEnvironment.java:261)
	at de.uka.ilkd.key.proof.runallproofs.proofcollection.TestFile.load(TestFile.java:270)
	at de.uka.ilkd.key.proof.runallproofs.proofcollection.TestFile.runKey(TestFile.java:160)
	at de.uka.ilkd.key.proof.runallproofs.proofcollection.ForkedTestFileRunner.main(ForkedTestFileRunner.java:171)
Caused by: de.uka.ilkd.key.proof.init.ProofInputException: Could not find rule file rules/intRulesCheckedSemantics.key
	at de.uka.ilkd.key.proof.io.KeYFile.readIncludes(KeYFile.java:210)
	at de.uka.ilkd.key.proof.init.ProblemInitializer.readIncludes(ProblemInitializer.java:177)
	at de.uka.ilkd.key.proof.init.ProblemInitializer.readEnvInput(ProblemInitializer.java:325)
	at de.uka.ilkd.key.proof.init.ProblemInitializer.prepare(ProblemInitializer.java:449)
	at de.uka.ilkd.key.proof.io.AbstractProblemLoader.createInitConfig(AbstractProblemLoader.java:518)
	at de.uka.ilkd.key.proof.io.AbstractProblemLoader.loadEnvironment(AbstractProblemLoader.java:288)
	at de.uka.ilkd.key.proof.io.AbstractProblemLoader.load(AbstractProblemLoader.java:252)
	at de.uka.ilkd.key.control.AbstractUserInterfaceControl.load(AbstractUserInterfaceControl.java:209)
	... 7 more
Caused by: java.lang.RuntimeException: Could not find rule file rules/intRulesCheckedSemantics.key
	at de.uka.ilkd.key.proof.io.RuleSourceFactory.fromBuiltInRule(RuleSourceFactory.java:32)
	at de.uka.ilkd.key.proof.io.RuleSourceFactory.fromDefaultLocation(RuleSourceFactory.java:21)
	at de.uka.ilkd.key.nparser.builder.IncludeFinder.addInclude(IncludeFinder.java:63)
	at de.uka.ilkd.key.nparser.builder.IncludeFinder.visitOne_include(IncludeFinder.java:43)
	at de.uka.ilkd.key.nparser.builder.IncludeFinder.visitOne_include(IncludeFinder.java:20)
	at de.uka.ilkd.key.nparser.KeYParser$One_includeContext.accept(KeYParser.java:878)
	at de.uka.ilkd.key.nparser.builder.AbstractBuilder.lambda$mapOf$0(AbstractBuilder.java:112)
	at java.base/java.util.stream.ReferencePipeline$3$1.accept(ReferencePipeline.java:195)
	at java.base/java.util.ArrayList$ArrayListSpliterator.forEachRemaining(ArrayList.java:1655)
	at java.base/java.util.stream.AbstractPipeline.copyInto(AbstractPipeline.java:484)
	at java.base/java.util.stream.AbstractPipeline.wrapAndCopyInto(AbstractPipeline.java:474)
	at java.base/java.util.stream.ReduceOps$ReduceOp.evaluateSequential(ReduceOps.java:913)
	at java.base/java.util.stream.AbstractPipeline.evaluate(AbstractPipeline.java:234)
	at java.base/java.util.stream.ReferencePipeline.collect(ReferencePipeline.java:578)
	at de.uka.ilkd.key.nparser.builder.AbstractBuilder.mapOf(AbstractBuilder.java:112)
	at de.uka.ilkd.key.nparser.builder.IncludeFinder.visitOne_include_statement(IncludeFinder.java:35)
	at de.uka.ilkd.key.nparser.builder.IncludeFinder.visitOne_include_statement(IncludeFinder.java:20)
	at de.uka.ilkd.key.nparser.KeYParser$One_include_statementContext.accept(KeYParser.java:802)
	at org.antlr.v4.runtime.tree.AbstractParseTreeVisitor.visitChildren(AbstractParseTreeVisitor.java:46)
	at de.uka.ilkd.key.nparser.KeYParserBaseVisitor.visitDecls(KeYParserBaseVisitor.java:30)
	at de.uka.ilkd.key.nparser.KeYParser$DeclsContext.accept(KeYParser.java:500)
	at org.antlr.v4.runtime.tree.AbstractParseTreeVisitor.visitChildren(AbstractParseTreeVisitor.java:46)
	at de.uka.ilkd.key.nparser.KeYParserBaseVisitor.visitFile(KeYParserBaseVisitor.java:23)
	at de.uka.ilkd.key.nparser.KeYParser$FileContext.accept(KeYParser.java:306)
	at de.uka.ilkd.key.nparser.KeyAst.accept(KeyAst.java:41)
	at de.uka.ilkd.key.nparser.KeyAst$File.getIncludes(KeyAst.java:76)
	at de.uka.ilkd.key.proof.io.KeYFile.readIncludes(KeYFile.java:208)
	... 14 more
Could not find rule file rules/intRulesCheckedSemantics.key (file: /home/runner/work/key/key/key.core/../key.ui/examples/index/.././completionscopes/testCcatchContinueLabelWildcard.key; caused by: de.uka.ilkd.key.proof.init.ProofInputException: Could not find rule file rules/intRulesCheckedSemantics.key)
	at de.uka.ilkd.key.control.AbstractUserInterfaceControl.load(AbstractUserInterfaceControl.java:221)
	at de.uka.ilkd.key.control.KeYEnvironment.load(KeYEnvironment.java:251)
	at de.uka.ilkd.key.control.KeYEnvironment.load(KeYEnvironment.java:224)
	at de.uka.ilkd.key.control.KeYEnvironment.load(KeYEnvironment.java:184)
	at de.uka.ilkd.key.control.KeYEnvironment.load(KeYEnvironment.java:261)
	at de.uka.ilkd.key.proof.runallproofs.proofcollection.TestFile.load(TestFile.java:270)
	at de.uka.ilkd.key.proof.runallproofs.proofcollection.TestFile.runKey(TestFile.java:160)
	at de.uka.ilkd.key.proof.runallproofs.proofcollection.ForkedTestFileRunner.main(ForkedTestFileRunner.java:171)
Caused by: de.uka.ilkd.key.proof.init.ProofInputException: Could not find rule file rules/intRulesCheckedSemantics.key
	at de.uka.ilkd.key.proof.io.KeYFile.readIncludes(KeYFile.java:210)
	at de.uka.ilkd.key.proof.init.ProblemInitializer.readIncludes(ProblemInitializer.java:177)
	at de.uka.ilkd.key.proof.init.ProblemInitializer.readEnvInput(ProblemInitializer.java:325)
	at de.uka.ilkd.key.proof.init.ProblemInitializer.prepare(ProblemInitializer.java:449)
	at de.uka.ilkd.key.proof.io.AbstractProblemLoader.createInitConfig(AbstractProblemLoader.java:518)
	at de.uka.ilkd.key.proof.io.AbstractProblemLoader.loadEnvironment(AbstractProblemLoader.java:288)
	at de.uka.ilkd.key.proof.io.AbstractProblemLoader.load(AbstractProblemLoader.java:252)
	at de.uka.ilkd.key.control.AbstractUserInterfaceControl.load(AbstractUserInterfaceControl.java:209)
	... 7 more
Caused by: java.lang.RuntimeException: Could not find rule file rules/intRulesCheckedSemantics.key
	at de.uka.ilkd.key.proof.io.RuleSourceFactory.fromBuiltInRule(RuleSourceFactory.java:32)
	at de.uka.ilkd.key.proof.io.RuleSourceFactory.fromDefaultLocation(RuleSourceFactory.java:21)
	at de.uka.ilkd.key.nparser.builder.IncludeFinder.addInclude(IncludeFinder.java:63)
	at de.uka.ilkd.key.nparser.builder.IncludeFinder.visitOne_include(IncludeFinder.java:43)
	at de.uka.ilkd.key.nparser.builder.IncludeFinder.visitOne_include(IncludeFinder.java:20)
	at de.uka.ilkd.key.nparser.KeYParser$One_includeContext.accept(KeYParser.java:878)
	at de.uka.ilkd.key.nparser.builder.AbstractBuilder.lambda$mapOf$0(AbstractBuilder.java:112)
	at java.base/java.util.stream.ReferencePipeline$3$1.accept(ReferencePipeline.java:195)
	at java.base/java.util.ArrayList$ArrayListSpliterator.forEachRemaining(ArrayList.java:1655)
	at java.base/java.util.stream.AbstractPipeline.copyInto(AbstractPipeline.java:484)
	at java.base/java.util.stream.AbstractPipeline.wrapAndCopyInto(AbstractPipeline.java:474)
	at java.base/java.util.stream.ReduceOps$ReduceOp.evaluateSequential(ReduceOps.java:913)
	at java.base/java.util.stream.AbstractPipeline.evaluate(AbstractPipeline.java:234)
	at java.base/java.util.stream.ReferencePipeline.collect(ReferencePipeline.java:578)
	at de.uka.ilkd.key.nparser.builder.AbstractBuilder.mapOf(AbstractBuilder.java:112)
	at de.uka.ilkd.key.nparser.builder.IncludeFinder.visitOne_include_statement(IncludeFinder.java:35)
	at de.uka.ilkd.key.nparser.builder.IncludeFinder.visitOne_include_statement(IncludeFinder.java:20)
	at de.uka.ilkd.key.nparser.KeYParser$One_include_statementContext.accept(KeYParser.java:802)
	at org.antlr.v4.runtime.tree.AbstractParseTreeVisitor.visitChildren(AbstractParseTreeVisitor.java:46)
	at de.uka.ilkd.key.nparser.KeYParserBaseVisitor.visitDecls(KeYParserBaseVisitor.java:30)
	at de.uka.ilkd.key.nparser.KeYParser$DeclsContext.accept(KeYParser.java:500)
	at org.antlr.v4.runtime.tree.AbstractParseTreeVisitor.visitChildren(AbstractParseTreeVisitor.java:46)
	at de.uka.ilkd.key.nparser.KeYParserBaseVisitor.visitFile(KeYParserBaseVisitor.java:23)
	at de.uka.ilkd.key.nparser.KeYParser$FileContext.accept(KeYParser.java:306)
	at de.uka.ilkd.key.nparser.KeyAst.accept(KeyAst.java:41)
	at de.uka.ilkd.key.nparser.KeyAst$File.getIncludes(KeyAst.java:76)
	at de.uka.ilkd.key.proof.io.KeYFile.readIncludes(KeYFile.java:208)
	... 14 more
Could not find rule file rules/intRulesCheckedSemantics.key (file: /home/runner/work/key/key/key.core/../key.ui/examples/index/.././completionscopes/testCcatchBreakLabelNonmatchingNested.key; caused by: de.uka.ilkd.key.proof.init.ProofInputException: Could not find rule file rules/intRulesCheckedSemantics.key)
	at de.uka.ilkd.key.control.AbstractUserInterfaceControl.load(AbstractUserInterfaceControl.java:221)
	at de.uka.ilkd.key.control.KeYEnvironment.load(KeYEnvironment.java:251)
	at de.uka.ilkd.key.control.KeYEnvironment.load(KeYEnvironment.java:224)
	at de.uka.ilkd.key.control.KeYEnvironment.load(KeYEnvironment.java:184)
	at de.uka.ilkd.key.control.KeYEnvironment.load(KeYEnvironment.java:261)
	at de.uka.ilkd.key.proof.runallproofs.proofcollection.TestFile.load(TestFile.java:270)
	at de.uka.ilkd.key.proof.runallproofs.proofcollection.TestFile.runKey(TestFile.java:160)
	at de.uka.ilkd.key.proof.runallproofs.proofcollection.ForkedTestFileRunner.main(ForkedTestFileRunner.java:171)
Caused by: de.uka.ilkd.key.proof.init.ProofInputException: Could not find rule file rules/intRulesCheckedSemantics.key
	at de.uka.ilkd.key.proof.io.KeYFile.readIncludes(KeYFile.java:210)
	at de.uka.ilkd.key.proof.init.ProblemInitializer.readIncludes(ProblemInitializer.java:177)
	at de.uka.ilkd.key.proof.init.ProblemInitializer.readEnvInput(ProblemInitializer.java:325)
	at de.uka.ilkd.key.proof.init.ProblemInitializer.prepare(ProblemInitializer.java:449)
	at de.uka.ilkd.key.proof.io.AbstractProblemLoader.createInitConfig(AbstractProblemLoader.java:518)
	at de.uka.ilkd.key.proof.io.AbstractProblemLoader.loadEnvironment(AbstractProblemLoader.java:288)
	at de.uka.ilkd.key.proof.io.AbstractProblemLoader.load(AbstractProblemLoader.java:252)
	at de.uka.ilkd.key.control.AbstractUserInterfaceControl.load(AbstractUserInterfaceControl.java:209)
	... 7 more
Caused by: java.lang.RuntimeException: Could not find rule file rules/intRulesCheckedSemantics.key
	at de.uka.ilkd.key.proof.io.RuleSourceFactory.fromBuiltInRule(RuleSourceFactory.java:32)
	at de.uka.ilkd.key.proof.io.RuleSourceFactory.fromDefaultLocation(RuleSourceFactory.java:21)
	at de.uka.ilkd.key.nparser.builder.IncludeFinder.addInclude(IncludeFinder.java:63)
	at de.uka.ilkd.key.nparser.builder.IncludeFinder.visitOne_include(IncludeFinder.java:43)
	at de.uka.ilkd.key.nparser.builder.IncludeFinder.visitOne_include(IncludeFinder.java:20)
	at de.uka.ilkd.key.nparser.KeYParser$One_includeContext.accept(KeYParser.java:878)
	at de.uka.ilkd.key.nparser.builder.AbstractBuilder.lambda$mapOf$0(AbstractBuilder.java:112)
	at java.base/java.util.stream.ReferencePipeline$3$1.accept(ReferencePipeline.java:195)
	at java.base/java.util.ArrayList$ArrayListSpliterator.forEachRemaining(ArrayList.java:1655)
	at java.base/java.util.stream.AbstractPipeline.copyInto(AbstractPipeline.java:484)
	at java.base/java.util.stream.AbstractPipeline.wrapAndCopyInto(AbstractPipeline.java:474)
	at java.base/java.util.stream.ReduceOps$ReduceOp.evaluateSequential(ReduceOps.java:913)
	at java.base/java.util.stream.AbstractPipeline.evaluate(AbstractPipeline.java:234)
	at java.base/java.util.stream.ReferencePipeline.collect(ReferencePipeline.java:578)
	at de.uka.ilkd.key.nparser.builder.AbstractBuilder.mapOf(AbstractBuilder.java:112)
	at de.uka.ilkd.key.nparser.builder.IncludeFinder.visitOne_include_statement(IncludeFinder.java:35)
	at de.uka.ilkd.key.nparser.builder.IncludeFinder.visitOne_include_statement(IncludeFinder.java:20)
	at de.uka.ilkd.key.nparser.KeYParser$One_include_statementContext.accept(KeYParser.java:802)
	at org.antlr.v4.runtime.tree.AbstractParseTreeVisitor.visitChildren(AbstractParseTreeVisitor.java:46)
	at de.uka.ilkd.key.nparser.KeYParserBaseVisitor.visitDecls(KeYParserBaseVisitor.java:30)
	at de.uka.ilkd.key.nparser.KeYParser$DeclsContext.accept(KeYParser.java:500)
	at org.antlr.v4.runtime.tree.AbstractParseTreeVisitor.visitChildren(AbstractParseTreeVisitor.java:46)
	at de.uka.ilkd.key.nparser.KeYParserBaseVisitor.visitFile(KeYParserBaseVisitor.java:23)
	at de.uka.ilkd.key.nparser.KeYParser$FileContext.accept(KeYParser.java:306)
	at de.uka.ilkd.key.nparser.KeyAst.accept(KeyAst.java:41)
	at de.uka.ilkd.key.nparser.KeyAst$File.getIncludes(KeyAst.java:76)
	at de.uka.ilkd.key.proof.io.KeYFile.readIncludes(KeYFile.java:208)
	... 14 more
Exception in thread "main" org.opentest4j.AssertionFailedError: Exception during the execution of proofs. See log for more details.
	at org.junit.jupiter.api.AssertionUtils.fail(AssertionUtils.java:39)
	at org.junit.jupiter.api.Assertions.fail(Assertions.java:134)
	at de.uka.ilkd.key.proof.runallproofs.proofcollection.ForkedTestFileRunner.main(ForkedTestFileRunner.java:192)
Timeout watcher launched (2000 secs.)
Could not find rule file rules/intRulesCheckedSemantics.key (file: /home/runner/work/key/key/key.core/../key.ui/examples/index/.././firstTouch/05-ReverseArray/reverseArray.key; caused by: de.uka.ilkd.key.proof.init.ProofInputException: Could not find rule file rules/intRulesCheckedSemantics.key)
	at de.uka.ilkd.key.control.AbstractUserInterfaceControl.load(AbstractUserInterfaceControl.java:221)
	at de.uka.ilkd.key.control.KeYEnvironment.load(KeYEnvironment.java:251)
	at de.uka.ilkd.key.control.KeYEnvironment.load(KeYEnvironment.java:224)
	at de.uka.ilkd.key.control.KeYEnvironment.load(KeYEnvironment.java:184)
	at de.uka.ilkd.key.control.KeYEnvironment.load(KeYEnvironment.java:261)
	at de.uka.ilkd.key.proof.runallproofs.proofcollection.TestFile.load(TestFile.java:270)
	at de.uka.ilkd.key.proof.runallproofs.proofcollection.TestFile.runKey(TestFile.java:160)
	at de.uka.ilkd.key.proof.runallproofs.proofcollection.ForkedTestFileRunner.main(ForkedTestFileRunner.java:171)
Caused by: de.uka.ilkd.key.proof.init.ProofInputException: Could not find rule file rules/intRulesCheckedSemantics.key
	at de.uka.ilkd.key.proof.io.KeYFile.readIncludes(KeYFile.java:210)
	at de.uka.ilkd.key.proof.init.ProblemInitializer.readIncludes(ProblemInitializer.java:177)
	at de.uka.ilkd.key.proof.init.ProblemInitializer.readEnvInput(ProblemInitializer.java:325)
	at de.uka.ilkd.key.proof.init.ProblemInitializer.prepare(ProblemInitializer.java:449)
	at de.uka.ilkd.key.proof.io.AbstractProblemLoader.createInitConfig(AbstractProblemLoader.java:518)
	at de.uka.ilkd.key.proof.io.AbstractProblemLoader.loadEnvironment(AbstractProblemLoader.java:288)
	at de.uka.ilkd.key.proof.io.AbstractProblemLoader.load(AbstractProblemLoader.java:252)
	at de.uka.ilkd.key.control.AbstractUserInterfaceControl.load(AbstractUserInterfaceControl.java:209)
	... 7 more
Caused by: java.lang.RuntimeException: Could not find rule file rules/intRulesCheckedSemantics.key
	at de.uka.ilkd.key.proof.io.RuleSourceFactory.fromBuiltInRule(RuleSourceFactory.java:32)
	at de.uka.ilkd.key.proof.io.RuleSourceFactory.fromDefaultLocation(RuleSourceFactory.java:21)
	at de.uka.ilkd.key.nparser.builder.IncludeFinder.addInclude(IncludeFinder.java:63)
	at de.uka.ilkd.key.nparser.builder.IncludeFinder.visitOne_include(IncludeFinder.java:43)
	at de.uka.ilkd.key.nparser.builder.IncludeFinder.visitOne_include(IncludeFinder.java:20)
	at de.uka.ilkd.key.nparser.KeYParser$One_includeContext.accept(KeYParser.java:878)
	at de.uka.ilkd.key.nparser.builder.AbstractBuilder.lambda$mapOf$0(AbstractBuilder.java:112)
	at java.base/java.util.stream.ReferencePipeline$3$1.accept(ReferencePipeline.java:195)
	at java.base/java.util.ArrayList$ArrayListSpliterator.forEachRemaining(ArrayList.java:1655)
	at java.base/java.util.stream.AbstractPipeline.copyInto(AbstractPipeline.java:484)
	at java.base/java.util.stream.AbstractPipeline.wrapAndCopyInto(AbstractPipeline.java:474)
	at java.base/java.util.stream.ReduceOps$ReduceOp.evaluateSequential(ReduceOps.java:913)
	at java.base/java.util.stream.AbstractPipeline.evaluate(AbstractPipeline.java:234)
	at java.base/java.util.stream.ReferencePipeline.collect(ReferencePipeline.java:578)
	at de.uka.ilkd.key.nparser.builder.AbstractBuilder.mapOf(AbstractBuilder.java:112)
	at de.uka.ilkd.key.nparser.builder.IncludeFinder.visitOne_include_statement(IncludeFinder.java:35)
	at de.uka.ilkd.key.nparser.builder.IncludeFinder.visitOne_include_statement(IncludeFinder.java:20)
	at de.uka.ilkd.key.nparser.KeYParser$One_include_statementContext.accept(KeYParser.java:802)
	at org.antlr.v4.runtime.tree.AbstractParseTreeVisitor.visitChildren(AbstractParseTreeVisitor.java:46)
	at de.uka.ilkd.key.nparser.KeYParserBaseVisitor.visitDecls(KeYParserBaseVisitor.java:30)
	at de.uka.ilkd.key.nparser.KeYParser$DeclsContext.accept(KeYParser.java:500)
	at org.antlr.v4.runtime.tree.AbstractParseTreeVisitor.visitChildren(AbstractParseTreeVisitor.java:46)
	at de.uka.ilkd.key.nparser.KeYParserBaseVisitor.visitFile(KeYParserBaseVisitor.java:23)
	at de.uka.ilkd.key.nparser.KeYParser$FileContext.accept(KeYParser.java:306)
	at de.uka.ilkd.key.nparser.KeyAst.accept(KeyAst.java:41)
	at de.uka.ilkd.key.nparser.KeyAst$File.getIncludes(KeyAst.java:76)
	at de.uka.ilkd.key.proof.io.KeYFile.readIncludes(KeYFile.java:208)
	... 14 more
Could not find rule file rules/intRulesCheckedSemantics.key (file: /home/runner/work/key/key/key.core/../key.ui/examples/index/.././standard_key/arith/saveProofTest.key.proof; caused by: de.uka.ilkd.key.proof.init.ProofInputException: Could not find rule file rules/intRulesCheckedSemantics.key)
	at de.uka.ilkd.key.control.AbstractUserInterfaceControl.load(AbstractUserInterfaceControl.java:221)
	at de.uka.ilkd.key.control.KeYEnvironment.load(KeYEnvironment.java:251)
	at de.uka.ilkd.key.control.KeYEnvironment.load(KeYEnvironment.java:224)
	at de.uka.ilkd.key.control.KeYEnvironment.load(KeYEnvironment.java:184)
	at de.uka.ilkd.key.control.KeYEnvironment.load(KeYEnvironment.java:261)
	at de.uka.ilkd.key.proof.runallproofs.proofcollection.TestFile.load(TestFile.java:270)
	at de.uka.ilkd.key.proof.runallproofs.proofcollection.TestFile.runKey(TestFile.java:160)
	at de.uka.ilkd.key.proof.runallproofs.proofcollection.ForkedTestFileRunner.main(ForkedTestFileRunner.java:171)
Caused by: de.uka.ilkd.key.proof.init.ProofInputException: Could not find rule file rules/intRulesCheckedSemantics.key
	at de.uka.ilkd.key.proof.io.KeYFile.readIncludes(KeYFile.java:210)
	at de.uka.ilkd.key.proof.init.ProblemInitializer.readIncludes(ProblemInitializer.java:177)
	at de.uka.ilkd.key.proof.init.ProblemInitializer.readEnvInput(ProblemInitializer.java:325)
	at de.uka.ilkd.key.proof.init.ProblemInitializer.prepare(ProblemInitializer.java:449)
	at de.uka.ilkd.key.proof.io.AbstractProblemLoader.createInitConfig(AbstractProblemLoader.java:518)
	at de.uka.ilkd.key.proof.io.AbstractProblemLoader.loadEnvironment(AbstractProblemLoader.java:288)
	at de.uka.ilkd.key.proof.io.AbstractProblemLoader.load(AbstractProblemLoader.java:252)
	at de.uka.ilkd.key.control.AbstractUserInterfaceControl.load(AbstractUserInterfaceControl.java:209)
	... 7 more
Caused by: java.lang.RuntimeException: Could not find rule file rules/intRulesCheckedSemantics.key
	at de.uka.ilkd.key.proof.io.RuleSourceFactory.fromBuiltInRule(RuleSourceFactory.java:32)
	at de.uka.ilkd.key.proof.io.RuleSourceFactory.fromDefaultLocation(RuleSourceFactory.java:21)
	at de.uka.ilkd.key.nparser.builder.IncludeFinder.addInclude(IncludeFinder.java:63)
	at de.uka.ilkd.key.nparser.builder.IncludeFinder.visitOne_include(IncludeFinder.java:43)
	at de.uka.ilkd.key.nparser.builder.IncludeFinder.visitOne_include(IncludeFinder.java:20)
	at de.uka.ilkd.key.nparser.KeYParser$One_includeContext.accept(KeYParser.java:878)
	at de.uka.ilkd.key.nparser.builder.AbstractBuilder.lambda$mapOf$0(AbstractBuilder.java:112)
	at java.base/java.util.stream.ReferencePipeline$3$1.accept(ReferencePipeline.java:195)
	at java.base/java.util.ArrayList$ArrayListSpliterator.forEachRemaining(ArrayList.java:1655)
	at java.base/java.util.stream.AbstractPipeline.copyInto(AbstractPipeline.java:484)
	at java.base/java.util.stream.AbstractPipeline.wrapAndCopyInto(AbstractPipeline.java:474)
	at java.base/java.util.stream.ReduceOps$ReduceOp.evaluateSequential(ReduceOps.java:913)
	at java.base/java.util.stream.AbstractPipeline.evaluate(AbstractPipeline.java:234)
	at java.base/java.util.stream.ReferencePipeline.collect(ReferencePipeline.java:578)
	at de.uka.ilkd.key.nparser.builder.AbstractBuilder.mapOf(AbstractBuilder.java:112)
	at de.uka.ilkd.key.nparser.builder.IncludeFinder.visitOne_include_statement(IncludeFinder.java:35)
	at de.uka.ilkd.key.nparser.builder.IncludeFinder.visitOne_include_statement(IncludeFinder.java:20)
	at de.uka.ilkd.key.nparser.KeYParser$One_include_statementContext.accept(KeYParser.java:802)
	at org.antlr.v4.runtime.tree.AbstractParseTreeVisitor.visitChildren(AbstractParseTreeVisitor.java:46)
	at de.uka.ilkd.key.nparser.KeYParserBaseVisitor.visitDecls(KeYParserBaseVisitor.java:30)
	at de.uka.ilkd.key.nparser.KeYParser$DeclsContext.accept(KeYParser.java:500)
	at org.antlr.v4.runtime.tree.AbstractParseTreeVisitor.visitChildren(AbstractParseTreeVisitor.java:46)
	at de.uka.ilkd.key.nparser.KeYParserBaseVisitor.visitFile(KeYParserBaseVisitor.java:23)
	at de.uka.ilkd.key.nparser.KeYParser$FileContext.accept(KeYParser.java:306)
	at de.uka.ilkd.key.nparser.KeyAst.accept(KeyAst.java:41)
	at de.uka.ilkd.key.nparser.KeyAst$File.getIncludes(KeyAst.java:76)
	at de.uka.ilkd.key.proof.io.KeYFile.readIncludes(KeYFile.java:208)
	... 14 more
Could not find rule file rules/intRulesCheckedSemantics.key (file: /home/runner/work/key/key/key.core/../key.ui/examples/index/.././heap/permutedSum/perm.proof; caused by: de.uka.ilkd.key.proof.init.ProofInputException: Could not find rule file rules/intRulesCheckedSemantics.key)
	at de.uka.ilkd.key.control.AbstractUserInterfaceControl.load(AbstractUserInterfaceControl.java:221)
	at de.uka.ilkd.key.control.KeYEnvironment.load(KeYEnvironment.java:251)
	at de.uka.ilkd.key.control.KeYEnvironment.load(KeYEnvironment.java:224)
	at de.uka.ilkd.key.control.KeYEnvironment.load(KeYEnvironment.java:184)
	at de.uka.ilkd.key.control.KeYEnvironment.load(KeYEnvironment.java:261)
	at de.uka.ilkd.key.proof.runallproofs.proofcollection.TestFile.load(TestFile.java:270)
	at de.uka.ilkd.key.proof.runallproofs.proofcollection.TestFile.runKey(TestFile.java:160)
	at de.uka.ilkd.key.proof.runallproofs.proofcollection.ForkedTestFileRunner.main(ForkedTestFileRunner.java:171)
Caused by: de.uka.ilkd.key.proof.init.ProofInputException: Could not find rule file rules/intRulesCheckedSemantics.key
	at de.uka.ilkd.key.proof.io.KeYFile.readIncludes(KeYFile.java:210)
	at de.uka.ilkd.key.proof.init.ProblemInitializer.readIncludes(ProblemInitializer.java:177)
	at de.uka.ilkd.key.proof.init.ProblemInitializer.readEnvInput(ProblemInitializer.java:325)
	at de.uka.ilkd.key.proof.init.ProblemInitializer.prepare(ProblemInitializer.java:449)
	at de.uka.ilkd.key.proof.io.AbstractProblemLoader.createInitConfig(AbstractProblemLoader.java:518)
	at de.uka.ilkd.key.proof.io.AbstractProblemLoader.loadEnvironment(AbstractProblemLoader.java:288)
	at de.uka.ilkd.key.proof.io.AbstractProblemLoader.load(AbstractProblemLoader.java:252)
	at de.uka.ilkd.key.control.AbstractUserInterfaceControl.load(AbstractUserInterfaceControl.java:209)
	... 7 more
Caused by: java.lang.RuntimeException: Could not find rule file rules/intRulesCheckedSemantics.key
	at de.uka.ilkd.key.proof.io.RuleSourceFactory.fromBuiltInRule(RuleSourceFactory.java:32)
	at de.uka.ilkd.key.proof.io.RuleSourceFactory.fromDefaultLocation(RuleSourceFactory.java:21)
	at de.uka.ilkd.key.nparser.builder.IncludeFinder.addInclude(IncludeFinder.java:63)
	at de.uka.ilkd.key.nparser.builder.IncludeFinder.visitOne_include(IncludeFinder.java:43)
	at de.uka.ilkd.key.nparser.builder.IncludeFinder.visitOne_include(IncludeFinder.java:20)
	at de.uka.ilkd.key.nparser.KeYParser$One_includeContext.accept(KeYParser.java:878)
	at de.uka.ilkd.key.nparser.builder.AbstractBuilder.lambda$mapOf$0(AbstractBuilder.java:112)
	at java.base/java.util.stream.ReferencePipeline$3$1.accept(ReferencePipeline.java:195)
	at java.base/java.util.ArrayList$ArrayListSpliterator.forEachRemaining(ArrayList.java:1655)
	at java.base/java.util.stream.AbstractPipeline.copyInto(AbstractPipeline.java:484)
	at java.base/java.util.stream.AbstractPipeline.wrapAndCopyInto(AbstractPipeline.java:474)
	at java.base/java.util.stream.ReduceOps$ReduceOp.evaluateSequential(ReduceOps.java:913)
	at java.base/java.util.stream.AbstractPipeline.evaluate(AbstractPipeline.java:234)
	at java.base/java.util.stream.ReferencePipeline.collect(ReferencePipeline.java:578)
	at de.uka.ilkd.key.nparser.builder.AbstractBuilder.mapOf(AbstractBuilder.java:112)
	at de.uka.ilkd.key.nparser.builder.IncludeFinder.visitOne_include_statement(IncludeFinder.java:35)
	at de.uka.ilkd.key.nparser.builder.IncludeFinder.visitOne_include_statement(IncludeFinder.java:20)
	at de.uka.ilkd.key.nparser.KeYParser$One_include_statementContext.accept(KeYParser.java:802)
	at org.antlr.v4.runtime.tree.AbstractParseTreeVisitor.visitChildren(AbstractParseTreeVisitor.java:46)
	at de.uka.ilkd.key.nparser.KeYParserBaseVisitor.visitDecls(KeYParserBaseVisitor.java:30)
	at de.uka.ilkd.key.nparser.KeYParser$DeclsContext.accept(KeYParser.java:500)
	at org.antlr.v4.runtime.tree.AbstractParseTreeVisitor.visitChildren(AbstractParseTreeVisitor.java:46)
	at de.uka.ilkd.key.nparser.KeYParserBaseVisitor.visitFile(KeYParserBaseVisitor.java:23)
	at de.uka.ilkd.key.nparser.KeYParser$FileContext.accept(KeYParser.java:306)
	at de.uka.ilkd.key.nparser.KeyAst.accept(KeyAst.java:41)
	at de.uka.ilkd.key.nparser.KeyAst$File.getIncludes(KeyAst.java:76)
	at de.uka.ilkd.key.proof.io.KeYFile.readIncludes(KeYFile.java:208)
	... 14 more
Could not find rule file rules/intRulesCheckedSemantics.key (file: /home/runner/work/key/key/key.core/../key.ui/examples/index/.././firstTouch/05-ReverseArray/reverseArray.proof; caused by: de.uka.ilkd.key.proof.init.ProofInputException: Could not find rule file rules/intRulesCheckedSemantics.key)
	at de.uka.ilkd.key.control.AbstractUserInterfaceControl.load(AbstractUserInterfaceControl.java:221)
	at de.uka.ilkd.key.control.KeYEnvironment.load(KeYEnvironment.java:251)
	at de.uka.ilkd.key.control.KeYEnvironment.load(KeYEnvironment.java:224)
	at de.uka.ilkd.key.control.KeYEnvironment.load(KeYEnvironment.java:184)
	at de.uka.ilkd.key.control.KeYEnvironment.load(KeYEnvironment.java:261)
	at de.uka.ilkd.key.proof.runallproofs.proofcollection.TestFile.load(TestFile.java:270)
	at de.uka.ilkd.key.proof.runallproofs.proofcollection.TestFile.runKey(TestFile.java:160)
	at de.uka.ilkd.key.proof.runallproofs.proofcollection.ForkedTestFileRunner.main(ForkedTestFileRunner.java:171)
Caused by: de.uka.ilkd.key.proof.init.ProofInputException: Could not find rule file rules/intRulesCheckedSemantics.key
	at de.uka.ilkd.key.proof.io.KeYFile.readIncludes(KeYFile.java:210)
	at de.uka.ilkd.key.proof.init.ProblemInitializer.readIncludes(ProblemInitializer.java:177)
	at de.uka.ilkd.key.proof.init.ProblemInitializer.readEnvInput(ProblemInitializer.java:325)
	at de.uka.ilkd.key.proof.init.ProblemInitializer.prepare(ProblemInitializer.java:449)
	at de.uka.ilkd.key.proof.io.AbstractProblemLoader.createInitConfig(AbstractProblemLoader.java:518)
	at de.uka.ilkd.key.proof.io.AbstractProblemLoader.loadEnvironment(AbstractProblemLoader.java:288)
	at de.uka.ilkd.key.proof.io.AbstractProblemLoader.load(AbstractProblemLoader.java:252)
	at de.uka.ilkd.key.control.AbstractUserInterfaceControl.load(AbstractUserInterfaceControl.java:209)
	... 7 more
Caused by: java.lang.RuntimeException: Could not find rule file rules/intRulesCheckedSemantics.key
	at de.uka.ilkd.key.proof.io.RuleSourceFactory.fromBuiltInRule(RuleSourceFactory.java:32)
	at de.uka.ilkd.key.proof.io.RuleSourceFactory.fromDefaultLocation(RuleSourceFactory.java:21)
	at de.uka.ilkd.key.nparser.builder.IncludeFinder.addInclude(IncludeFinder.java:63)
	at de.uka.ilkd.key.nparser.builder.IncludeFinder.visitOne_include(IncludeFinder.java:43)
	at de.uka.ilkd.key.nparser.builder.IncludeFinder.visitOne_include(IncludeFinder.java:20)
	at de.uka.ilkd.key.nparser.KeYParser$One_includeContext.accept(KeYParser.java:878)
	at de.uka.ilkd.key.nparser.builder.AbstractBuilder.lambda$mapOf$0(AbstractBuilder.java:112)
	at java.base/java.util.stream.ReferencePipeline$3$1.accept(ReferencePipeline.java:195)
	at java.base/java.util.ArrayList$ArrayListSpliterator.forEachRemaining(ArrayList.java:1655)
	at java.base/java.util.stream.AbstractPipeline.copyInto(AbstractPipeline.java:484)
	at java.base/java.util.stream.AbstractPipeline.wrapAndCopyInto(AbstractPipeline.java:474)
	at java.base/java.util.stream.ReduceOps$ReduceOp.evaluateSequential(ReduceOps.java:913)
	at java.base/java.util.stream.AbstractPipeline.evaluate(AbstractPipeline.java:234)
	at java.base/java.util.stream.ReferencePipeline.collect(ReferencePipeline.java:578)
	at de.uka.ilkd.key.nparser.builder.AbstractBuilder.mapOf(AbstractBuilder.java:112)
	at de.uka.ilkd.key.nparser.builder.IncludeFinder.visitOne_include_statement(IncludeFinder.java:35)
	at de.uka.ilkd.key.nparser.builder.IncludeFinder.visitOne_include_statement(IncludeFinder.java:20)
	at de.uka.ilkd.key.nparser.KeYParser$One_include_statementContext.accept(KeYParser.java:802)
	at org.antlr.v4.runtime.tree.AbstractParseTreeVisitor.visitChildren(AbstractParseTreeVisitor.java:46)
	at de.uka.ilkd.key.nparser.KeYParserBaseVisitor.visitDecls(KeYParserBaseVisitor.java:30)
	at de.uka.ilkd.key.nparser.KeYParser$DeclsContext.accept(KeYParser.java:500)
	at org.antlr.v4.runtime.tree.AbstractParseTreeVisitor.visitChildren(AbstractParseTreeVisitor.java:46)
	at de.uka.ilkd.key.nparser.KeYParserBaseVisitor.visitFile(KeYParserBaseVisitor.java:23)
	at de.uka.ilkd.key.nparser.KeYParser$FileContext.accept(KeYParser.java:306)
	at de.uka.ilkd.key.nparser.KeyAst.accept(KeyAst.java:41)
	at de.uka.ilkd.key.nparser.KeyAst$File.getIncludes(KeyAst.java:76)
	at de.uka.ilkd.key.proof.io.KeYFile.readIncludes(KeYFile.java:208)
	... 14 more
Could not find rule file rules/intRulesCheckedSemantics.key (file: /home/runner/work/key/key/key.core/../key.ui/examples/index/.././heap/verifyThis15_1_RelaxedPrefix/relax.proof; caused by: de.uka.ilkd.key.proof.init.ProofInputException: Could not find rule file rules/intRulesCheckedSemantics.key)
	at de.uka.ilkd.key.control.AbstractUserInterfaceControl.load(AbstractUserInterfaceControl.java:221)
	at de.uka.ilkd.key.control.KeYEnvironment.load(KeYEnvironment.java:251)
	at de.uka.ilkd.key.control.KeYEnvironment.load(KeYEnvironment.java:224)
	at de.uka.ilkd.key.control.KeYEnvironment.load(KeYEnvironment.java:184)
	at de.uka.ilkd.key.control.KeYEnvironment.load(KeYEnvironment.java:261)
	at de.uka.ilkd.key.proof.runallproofs.proofcollection.TestFile.load(TestFile.java:270)
	at de.uka.ilkd.key.proof.runallproofs.proofcollection.TestFile.runKey(TestFile.java:160)
	at de.uka.ilkd.key.proof.runallproofs.proofcollection.ForkedTestFileRunner.main(ForkedTestFileRunner.java:171)
Caused by: de.uka.ilkd.key.proof.init.ProofInputException: Could not find rule file rules/intRulesCheckedSemantics.key
	at de.uka.ilkd.key.proof.io.KeYFile.readIncludes(KeYFile.java:210)
	at de.uka.ilkd.key.proof.init.ProblemInitializer.readIncludes(ProblemInitializer.java:177)
	at de.uka.ilkd.key.proof.init.ProblemInitializer.readEnvInput(ProblemInitializer.java:325)
	at de.uka.ilkd.key.proof.init.ProblemInitializer.prepare(ProblemInitializer.java:449)
	at de.uka.ilkd.key.proof.io.AbstractProblemLoader.createInitConfig(AbstractProblemLoader.java:518)
	at de.uka.ilkd.key.proof.io.AbstractProblemLoader.loadEnvironment(AbstractProblemLoader.java:288)
	at de.uka.ilkd.key.proof.io.AbstractProblemLoader.load(AbstractProblemLoader.java:252)
	at de.uka.ilkd.key.control.AbstractUserInterfaceControl.load(AbstractUserInterfaceControl.java:209)
	... 7 more
Caused by: java.lang.RuntimeException: Could not find rule file rules/intRulesCheckedSemantics.key
	at de.uka.ilkd.key.proof.io.RuleSourceFactory.fromBuiltInRule(RuleSourceFactory.java:32)
	at de.uka.ilkd.key.proof.io.RuleSourceFactory.fromDefaultLocation(RuleSourceFactory.java:21)
	at de.uka.ilkd.key.nparser.builder.IncludeFinder.addInclude(IncludeFinder.java:63)
	at de.uka.ilkd.key.nparser.builder.IncludeFinder.visitOne_include(IncludeFinder.java:43)
	at de.uka.ilkd.key.nparser.builder.IncludeFinder.visitOne_include(IncludeFinder.java:20)
	at de.uka.ilkd.key.nparser.KeYParser$One_includeContext.accept(KeYParser.java:878)
	at de.uka.ilkd.key.nparser.builder.AbstractBuilder.lambda$mapOf$0(AbstractBuilder.java:112)
	at java.base/java.util.stream.ReferencePipeline$3$1.accept(ReferencePipeline.java:195)
	at java.base/java.util.ArrayList$ArrayListSpliterator.forEachRemaining(ArrayList.java:1655)
	at java.base/java.util.stream.AbstractPipeline.copyInto(AbstractPipeline.java:484)
	at java.base/java.util.stream.AbstractPipeline.wrapAndCopyInto(AbstractPipeline.java:474)
	at java.base/java.util.stream.ReduceOps$ReduceOp.evaluateSequential(ReduceOps.java:913)
	at java.base/java.util.stream.AbstractPipeline.evaluate(AbstractPipeline.java:234)
	at java.base/java.util.stream.ReferencePipeline.collect(ReferencePipeline.java:578)
	at de.uka.ilkd.key.nparser.builder.AbstractBuilder.mapOf(AbstractBuilder.java:112)
	at de.uka.ilkd.key.nparser.builder.IncludeFinder.visitOne_include_statement(IncludeFinder.java:35)
	at de.uka.ilkd.key.nparser.builder.IncludeFinder.visitOne_include_statement(IncludeFinder.java:20)
	at de.uka.ilkd.key.nparser.KeYParser$One_include_statementContext.accept(KeYParser.java:802)
	at org.antlr.v4.runtime.tree.AbstractParseTreeVisitor.visitChildren(AbstractParseTreeVisitor.java:46)
	at de.uka.ilkd.key.nparser.KeYParserBaseVisitor.visitDecls(KeYParserBaseVisitor.java:30)
	at de.uka.ilkd.key.nparser.KeYParser$DeclsContext.accept(KeYParser.java:500)
	at org.antlr.v4.runtime.tree.AbstractParseTreeVisitor.visitChildren(AbstractParseTreeVisitor.java:46)
	at de.uka.ilkd.key.nparser.KeYParserBaseVisitor.visitFile(KeYParserBaseVisitor.java:23)
	at de.uka.ilkd.key.nparser.KeYParser$FileContext.accept(KeYParser.java:306)
	at de.uka.ilkd.key.nparser.KeyAst.accept(KeyAst.java:41)
	at de.uka.ilkd.key.nparser.KeyAst$File.getIncludes(KeyAst.java:76)
	at de.uka.ilkd.key.proof.io.KeYFile.readIncludes(KeYFile.java:208)
	... 14 more
Could not find rule file rules/intRulesCheckedSemantics.key (file: /home/runner/work/key/key/key.core/../key.ui/examples/index/.././heap/verifyThis15_3_DLL/doUndo.proof; caused by: de.uka.ilkd.key.proof.init.ProofInputException: Could not find rule file rules/intRulesCheckedSemantics.key)
	at de.uka.ilkd.key.control.AbstractUserInterfaceControl.load(AbstractUserInterfaceControl.java:221)
	at de.uka.ilkd.key.control.KeYEnvironment.load(KeYEnvironment.java:251)
	at de.uka.ilkd.key.control.KeYEnvironment.load(KeYEnvironment.java:224)
	at de.uka.ilkd.key.control.KeYEnvironment.load(KeYEnvironment.java:184)
	at de.uka.ilkd.key.control.KeYEnvironment.load(KeYEnvironment.java:261)
	at de.uka.ilkd.key.proof.runallproofs.proofcollection.TestFile.load(TestFile.java:270)
	at de.uka.ilkd.key.proof.runallproofs.proofcollection.TestFile.runKey(TestFile.java:160)
	at de.uka.ilkd.key.proof.runallproofs.proofcollection.ForkedTestFileRunner.main(ForkedTestFileRunner.java:171)
Caused by: de.uka.ilkd.key.proof.init.ProofInputException: Could not find rule file rules/intRulesCheckedSemantics.key
	at de.uka.ilkd.key.proof.io.KeYFile.readIncludes(KeYFile.java:210)
	at de.uka.ilkd.key.proof.init.ProblemInitializer.readIncludes(ProblemInitializer.java:177)
	at de.uka.ilkd.key.proof.init.ProblemInitializer.readEnvInput(ProblemInitializer.java:325)
	at de.uka.ilkd.key.proof.init.ProblemInitializer.prepare(ProblemInitializer.java:449)
	at de.uka.ilkd.key.proof.io.AbstractProblemLoader.createInitConfig(AbstractProblemLoader.java:518)
	at de.uka.ilkd.key.proof.io.AbstractProblemLoader.loadEnvironment(AbstractProblemLoader.java:288)
	at de.uka.ilkd.key.proof.io.AbstractProblemLoader.load(AbstractProblemLoader.java:252)
	at de.uka.ilkd.key.control.AbstractUserInterfaceControl.load(AbstractUserInterfaceControl.java:209)
	... 7 more
Caused by: java.lang.RuntimeException: Could not find rule file rules/intRulesCheckedSemantics.key
	at de.uka.ilkd.key.proof.io.RuleSourceFactory.fromBuiltInRule(RuleSourceFactory.java:32)
	at de.uka.ilkd.key.proof.io.RuleSourceFactory.fromDefaultLocation(RuleSourceFactory.java:21)
	at de.uka.ilkd.key.nparser.builder.IncludeFinder.addInclude(IncludeFinder.java:63)
	at de.uka.ilkd.key.nparser.builder.IncludeFinder.visitOne_include(IncludeFinder.java:43)
	at de.uka.ilkd.key.nparser.builder.IncludeFinder.visitOne_include(IncludeFinder.java:20)
	at de.uka.ilkd.key.nparser.KeYParser$One_includeContext.accept(KeYParser.java:878)
	at de.uka.ilkd.key.nparser.builder.AbstractBuilder.lambda$mapOf$0(AbstractBuilder.java:112)
	at java.base/java.util.stream.ReferencePipeline$3$1.accept(ReferencePipeline.java:195)
	at java.base/java.util.ArrayList$ArrayListSpliterator.forEachRemaining(ArrayList.java:1655)
	at java.base/java.util.stream.AbstractPipeline.copyInto(AbstractPipeline.java:484)
	at java.base/java.util.stream.AbstractPipeline.wrapAndCopyInto(AbstractPipeline.java:474)
	at java.base/java.util.stream.ReduceOps$ReduceOp.evaluateSequential(ReduceOps.java:913)
	at java.base/java.util.stream.AbstractPipeline.evaluate(AbstractPipeline.java:234)
	at java.base/java.util.stream.ReferencePipeline.collect(ReferencePipeline.java:578)
	at de.uka.ilkd.key.nparser.builder.AbstractBuilder.mapOf(AbstractBuilder.java:112)
	at de.uka.ilkd.key.nparser.builder.IncludeFinder.visitOne_include_statement(IncludeFinder.java:35)
	at de.uka.ilkd.key.nparser.builder.IncludeFinder.visitOne_include_statement(IncludeFinder.java:20)
	at de.uka.ilkd.key.nparser.KeYParser$One_include_statementContext.accept(KeYParser.java:802)
	at org.antlr.v4.runtime.tree.AbstractParseTreeVisitor.visitChildren(AbstractParseTreeVisitor.java:46)
	at de.uka.ilkd.key.nparser.KeYParserBaseVisitor.visitDecls(KeYParserBaseVisitor.java:30)
	at de.uka.ilkd.key.nparser.KeYParser$DeclsContext.accept(KeYParser.java:500)
	at org.antlr.v4.runtime.tree.AbstractParseTreeVisitor.visitChildren(AbstractParseTreeVisitor.java:46)
	at de.uka.ilkd.key.nparser.KeYParserBaseVisitor.visitFile(KeYParserBaseVisitor.java:23)
	at de.uka.ilkd.key.nparser.KeYParser$FileContext.accept(KeYParser.java:306)
	at de.uka.ilkd.key.nparser.KeyAst.accept(KeyAst.java:41)
	at de.uka.ilkd.key.nparser.KeyAst$File.getIncludes(KeyAst.java:76)
	at de.uka.ilkd.key.proof.io.KeYFile.readIncludes(KeYFile.java:208)
	... 14 more
Could not find rule file rules/intRulesCheckedSemantics.key (file: /home/runner/work/key/key/key.core/../key.ui/examples/index/.././heap/verifyThis15_2_ParallelGcd/parallelGcd.proof; caused by: de.uka.ilkd.key.proof.init.ProofInputException: Could not find rule file rules/intRulesCheckedSemantics.key)
	at de.uka.ilkd.key.control.AbstractUserInterfaceControl.load(AbstractUserInterfaceControl.java:221)
	at de.uka.ilkd.key.control.KeYEnvironment.load(KeYEnvironment.java:251)
	at de.uka.ilkd.key.control.KeYEnvironment.load(KeYEnvironment.java:224)
	at de.uka.ilkd.key.control.KeYEnvironment.load(KeYEnvironment.java:184)
	at de.uka.ilkd.key.control.KeYEnvironment.load(KeYEnvironment.java:261)
	at de.uka.ilkd.key.proof.runallproofs.proofcollection.TestFile.load(TestFile.java:270)
	at de.uka.ilkd.key.proof.runallproofs.proofcollection.TestFile.runKey(TestFile.java:160)
	at de.uka.ilkd.key.proof.runallproofs.proofcollection.ForkedTestFileRunner.main(ForkedTestFileRunner.java:171)
Caused by: de.uka.ilkd.key.proof.init.ProofInputException: Could not find rule file rules/intRulesCheckedSemantics.key
	at de.uka.ilkd.key.proof.io.KeYFile.readIncludes(KeYFile.java:210)
	at de.uka.ilkd.key.proof.init.ProblemInitializer.readIncludes(ProblemInitializer.java:177)
	at de.uka.ilkd.key.proof.init.ProblemInitializer.readEnvInput(ProblemInitializer.java:325)
	at de.uka.ilkd.key.proof.init.ProblemInitializer.prepare(ProblemInitializer.java:449)
	at de.uka.ilkd.key.proof.io.AbstractProblemLoader.createInitConfig(AbstractProblemLoader.java:518)
	at de.uka.ilkd.key.proof.io.AbstractProblemLoader.loadEnvironment(AbstractProblemLoader.java:288)
	at de.uka.ilkd.key.proof.io.AbstractProblemLoader.load(AbstractProblemLoader.java:252)
	at de.uka.ilkd.key.control.AbstractUserInterfaceControl.load(AbstractUserInterfaceControl.java:209)
	... 7 more
Caused by: java.lang.RuntimeException: Could not find rule file rules/intRulesCheckedSemantics.key
	at de.uka.ilkd.key.proof.io.RuleSourceFactory.fromBuiltInRule(RuleSourceFactory.java:32)
	at de.uka.ilkd.key.proof.io.RuleSourceFactory.fromDefaultLocation(RuleSourceFactory.java:21)
	at de.uka.ilkd.key.nparser.builder.IncludeFinder.addInclude(IncludeFinder.java:63)
	at de.uka.ilkd.key.nparser.builder.IncludeFinder.visitOne_include(IncludeFinder.java:43)
	at de.uka.ilkd.key.nparser.builder.IncludeFinder.visitOne_include(IncludeFinder.java:20)
	at de.uka.ilkd.key.nparser.KeYParser$One_includeContext.accept(KeYParser.java:878)
	at de.uka.ilkd.key.nparser.builder.AbstractBuilder.lambda$mapOf$0(AbstractBuilder.java:112)
	at java.base/java.util.stream.ReferencePipeline$3$1.accept(ReferencePipeline.java:195)
	at java.base/java.util.ArrayList$ArrayListSpliterator.forEachRemaining(ArrayList.java:1655)
	at java.base/java.util.stream.AbstractPipeline.copyInto(AbstractPipeline.java:484)
	at java.base/java.util.stream.AbstractPipeline.wrapAndCopyInto(AbstractPipeline.java:474)
	at java.base/java.util.stream.ReduceOps$ReduceOp.evaluateSequential(ReduceOps.java:913)
	at java.base/java.util.stream.AbstractPipeline.evaluate(AbstractPipeline.java:234)
	at java.base/java.util.stream.ReferencePipeline.collect(ReferencePipeline.java:578)
	at de.uka.ilkd.key.nparser.builder.AbstractBuilder.mapOf(AbstractBuilder.java:112)
	at de.uka.ilkd.key.nparser.builder.IncludeFinder.visitOne_include_statement(IncludeFinder.java:35)
	at de.uka.ilkd.key.nparser.builder.IncludeFinder.visitOne_include_statement(IncludeFinder.java:20)
	at de.uka.ilkd.key.nparser.KeYParser$One_include_statementContext.accept(KeYParser.java:802)
	at org.antlr.v4.runtime.tree.AbstractParseTreeVisitor.visitChildren(AbstractParseTreeVisitor.java:46)
	at de.uka.ilkd.key.nparser.KeYParserBaseVisitor.visitDecls(KeYParserBaseVisitor.java:30)
	at de.uka.ilkd.key.nparser.KeYParser$DeclsContext.accept(KeYParser.java:500)
	at org.antlr.v4.runtime.tree.AbstractParseTreeVisitor.visitChildren(AbstractParseTreeVisitor.java:46)
	at de.uka.ilkd.key.nparser.KeYParserBaseVisitor.visitFile(KeYParserBaseVisitor.java:23)
	at de.uka.ilkd.key.nparser.KeYParser$FileContext.accept(KeYParser.java:306)
	at de.uka.ilkd.key.nparser.KeyAst.accept(KeyAst.java:41)
	at de.uka.ilkd.key.nparser.KeyAst$File.getIncludes(KeyAst.java:76)
	at de.uka.ilkd.key.proof.io.KeYFile.readIncludes(KeYFile.java:208)
	... 14 more
Exception in thread "main" org.opentest4j.AssertionFailedError: Exception during the execution of proofs. See log for more details.
	at org.junit.jupiter.api.AssertionUtils.fail(AssertionUtils.java:39)
	at org.junit.jupiter.api.Assertions.fail(Assertions.java:134)
	at de.uka.ilkd.key.proof.runallproofs.proofcollection.ForkedTestFileRunner.main(ForkedTestFileRunner.java:192)
Timeout watcher launched (2000 secs.)
Could not find rule file rules/intRulesCheckedSemantics.key (file: /home/runner/work/key/key/key.core/../key.ui/examples/index/.././proofLoadRepair/disjConj-manipulated.proof; caused by: de.uka.ilkd.key.proof.init.ProofInputException: Could not find rule file rules/intRulesCheckedSemantics.key)
	at de.uka.ilkd.key.control.AbstractUserInterfaceControl.load(AbstractUserInterfaceControl.java:221)
	at de.uka.ilkd.key.control.KeYEnvironment.load(KeYEnvironment.java:251)
	at de.uka.ilkd.key.control.KeYEnvironment.load(KeYEnvironment.java:224)
	at de.uka.ilkd.key.control.KeYEnvironment.load(KeYEnvironment.java:184)
	at de.uka.ilkd.key.control.KeYEnvironment.load(KeYEnvironment.java:261)
	at de.uka.ilkd.key.proof.runallproofs.proofcollection.TestFile.load(TestFile.java:270)
	at de.uka.ilkd.key.proof.runallproofs.proofcollection.TestFile.runKey(TestFile.java:160)
	at de.uka.ilkd.key.proof.runallproofs.proofcollection.ForkedTestFileRunner.main(ForkedTestFileRunner.java:171)
Caused by: de.uka.ilkd.key.proof.init.ProofInputException: Could not find rule file rules/intRulesCheckedSemantics.key
	at de.uka.ilkd.key.proof.io.KeYFile.readIncludes(KeYFile.java:210)
	at de.uka.ilkd.key.proof.init.ProblemInitializer.readIncludes(ProblemInitializer.java:177)
	at de.uka.ilkd.key.proof.init.ProblemInitializer.readEnvInput(ProblemInitializer.java:325)
	at de.uka.ilkd.key.proof.init.ProblemInitializer.prepare(ProblemInitializer.java:449)
	at de.uka.ilkd.key.proof.io.AbstractProblemLoader.createInitConfig(AbstractProblemLoader.java:518)
	at de.uka.ilkd.key.proof.io.AbstractProblemLoader.loadEnvironment(AbstractProblemLoader.java:288)
	at de.uka.ilkd.key.proof.io.AbstractProblemLoader.load(AbstractProblemLoader.java:252)
	at de.uka.ilkd.key.control.AbstractUserInterfaceControl.load(AbstractUserInterfaceControl.java:209)
	... 7 more
Caused by: java.lang.RuntimeException: Could not find rule file rules/intRulesCheckedSemantics.key
	at de.uka.ilkd.key.proof.io.RuleSourceFactory.fromBuiltInRule(RuleSourceFactory.java:32)
	at de.uka.ilkd.key.proof.io.RuleSourceFactory.fromDefaultLocation(RuleSourceFactory.java:21)
	at de.uka.ilkd.key.nparser.builder.IncludeFinder.addInclude(IncludeFinder.java:63)
	at de.uka.ilkd.key.nparser.builder.IncludeFinder.visitOne_include(IncludeFinder.java:43)
	at de.uka.ilkd.key.nparser.builder.IncludeFinder.visitOne_include(IncludeFinder.java:20)
	at de.uka.ilkd.key.nparser.KeYParser$One_includeContext.accept(KeYParser.java:878)
	at de.uka.ilkd.key.nparser.builder.AbstractBuilder.lambda$mapOf$0(AbstractBuilder.java:112)
	at java.base/java.util.stream.ReferencePipeline$3$1.accept(ReferencePipeline.java:195)
	at java.base/java.util.ArrayList$ArrayListSpliterator.forEachRemaining(ArrayList.java:1655)
	at java.base/java.util.stream.AbstractPipeline.copyInto(AbstractPipeline.java:484)
	at java.base/java.util.stream.AbstractPipeline.wrapAndCopyInto(AbstractPipeline.java:474)
	at java.base/java.util.stream.ReduceOps$ReduceOp.evaluateSequential(ReduceOps.java:913)
	at java.base/java.util.stream.AbstractPipeline.evaluate(AbstractPipeline.java:234)
	at java.base/java.util.stream.ReferencePipeline.collect(ReferencePipeline.java:578)
	at de.uka.ilkd.key.nparser.builder.AbstractBuilder.mapOf(AbstractBuilder.java:112)
	at de.uka.ilkd.key.nparser.builder.IncludeFinder.visitOne_include_statement(IncludeFinder.java:35)
	at de.uka.ilkd.key.nparser.builder.IncludeFinder.visitOne_include_statement(IncludeFinder.java:20)
	at de.uka.ilkd.key.nparser.KeYParser$One_include_statementContext.accept(KeYParser.java:802)
	at org.antlr.v4.runtime.tree.AbstractParseTreeVisitor.visitChildren(AbstractParseTreeVisitor.java:46)
	at de.uka.ilkd.key.nparser.KeYParserBaseVisitor.visitDecls(KeYParserBaseVisitor.java:30)
	at de.uka.ilkd.key.nparser.KeYParser$DeclsContext.accept(KeYParser.java:500)
	at org.antlr.v4.runtime.tree.AbstractParseTreeVisitor.visitChildren(AbstractParseTreeVisitor.java:46)
	at de.uka.ilkd.key.nparser.KeYParserBaseVisitor.visitFile(KeYParserBaseVisitor.java:23)
	at de.uka.ilkd.key.nparser.KeYParser$FileContext.accept(KeYParser.java:306)
	at de.uka.ilkd.key.nparser.KeyAst.accept(KeyAst.java:41)
	at de.uka.ilkd.key.nparser.KeyAst$File.getIncludes(KeyAst.java:76)
	at de.uka.ilkd.key.proof.io.KeYFile.readIncludes(KeYFile.java:208)
	... 14 more
Could not find rule file rules/intRulesCheckedSemantics.key (file: /home/runner/work/key/key/key.core/../key.ui/examples/index/.././proofLoadRepair/insufficient-manipulated.proof; caused by: de.uka.ilkd.key.proof.init.ProofInputException: Could not find rule file rules/intRulesCheckedSemantics.key)
	at de.uka.ilkd.key.control.AbstractUserInterfaceControl.load(AbstractUserInterfaceControl.java:221)
	at de.uka.ilkd.key.control.KeYEnvironment.load(KeYEnvironment.java:251)
	at de.uka.ilkd.key.control.KeYEnvironment.load(KeYEnvironment.java:224)
	at de.uka.ilkd.key.control.KeYEnvironment.load(KeYEnvironment.java:184)
	at de.uka.ilkd.key.control.KeYEnvironment.load(KeYEnvironment.java:261)
	at de.uka.ilkd.key.proof.runallproofs.proofcollection.TestFile.load(TestFile.java:270)
	at de.uka.ilkd.key.proof.runallproofs.proofcollection.TestFile.runKey(TestFile.java:160)
	at de.uka.ilkd.key.proof.runallproofs.proofcollection.ForkedTestFileRunner.main(ForkedTestFileRunner.java:171)
Caused by: de.uka.ilkd.key.proof.init.ProofInputException: Could not find rule file rules/intRulesCheckedSemantics.key
	at de.uka.ilkd.key.proof.io.KeYFile.readIncludes(KeYFile.java:210)
	at de.uka.ilkd.key.proof.init.ProblemInitializer.readIncludes(ProblemInitializer.java:177)
	at de.uka.ilkd.key.proof.init.ProblemInitializer.readEnvInput(ProblemInitializer.java:325)
	at de.uka.ilkd.key.proof.init.ProblemInitializer.prepare(ProblemInitializer.java:449)
	at de.uka.ilkd.key.proof.io.AbstractProblemLoader.createInitConfig(AbstractProblemLoader.java:518)
	at de.uka.ilkd.key.proof.io.AbstractProblemLoader.loadEnvironment(AbstractProblemLoader.java:288)
	at de.uka.ilkd.key.proof.io.AbstractProblemLoader.load(AbstractProblemLoader.java:252)
	at de.uka.ilkd.key.control.AbstractUserInterfaceControl.load(AbstractUserInterfaceControl.java:209)
	... 7 more
Caused by: java.lang.RuntimeException: Could not find rule file rules/intRulesCheckedSemantics.key
	at de.uka.ilkd.key.proof.io.RuleSourceFactory.fromBuiltInRule(RuleSourceFactory.java:32)
	at de.uka.ilkd.key.proof.io.RuleSourceFactory.fromDefaultLocation(RuleSourceFactory.java:21)
	at de.uka.ilkd.key.nparser.builder.IncludeFinder.addInclude(IncludeFinder.java:63)
	at de.uka.ilkd.key.nparser.builder.IncludeFinder.visitOne_include(IncludeFinder.java:43)
	at de.uka.ilkd.key.nparser.builder.IncludeFinder.visitOne_include(IncludeFinder.java:20)
	at de.uka.ilkd.key.nparser.KeYParser$One_includeContext.accept(KeYParser.java:878)
	at de.uka.ilkd.key.nparser.builder.AbstractBuilder.lambda$mapOf$0(AbstractBuilder.java:112)
	at java.base/java.util.stream.ReferencePipeline$3$1.accept(ReferencePipeline.java:195)
	at java.base/java.util.ArrayList$ArrayListSpliterator.forEachRemaining(ArrayList.java:1655)
	at java.base/java.util.stream.AbstractPipeline.copyInto(AbstractPipeline.java:484)
	at java.base/java.util.stream.AbstractPipeline.wrapAndCopyInto(AbstractPipeline.java:474)
	at java.base/java.util.stream.ReduceOps$ReduceOp.evaluateSequential(ReduceOps.java:913)
	at java.base/java.util.stream.AbstractPipeline.evaluate(AbstractPipeline.java:234)
	at java.base/java.util.stream.ReferencePipeline.collect(ReferencePipeline.java:578)
	at de.uka.ilkd.key.nparser.builder.AbstractBuilder.mapOf(AbstractBuilder.java:112)
	at de.uka.ilkd.key.nparser.builder.IncludeFinder.visitOne_include_statement(IncludeFinder.java:35)
	at de.uka.ilkd.key.nparser.builder.IncludeFinder.visitOne_include_statement(IncludeFinder.java:20)
	at de.uka.ilkd.key.nparser.KeYParser$One_include_statementContext.accept(KeYParser.java:802)
	at org.antlr.v4.runtime.tree.AbstractParseTreeVisitor.visitChildren(AbstractParseTreeVisitor.java:46)
	at de.uka.ilkd.key.nparser.KeYParserBaseVisitor.visitDecls(KeYParserBaseVisitor.java:30)
	at de.uka.ilkd.key.nparser.KeYParser$DeclsContext.accept(KeYParser.java:500)
	at org.antlr.v4.runtime.tree.AbstractParseTreeVisitor.visitChildren(AbstractParseTreeVisitor.java:46)
	at de.uka.ilkd.key.nparser.KeYParserBaseVisitor.visitFile(KeYParserBaseVisitor.java:23)
	at de.uka.ilkd.key.nparser.KeYParser$FileContext.accept(KeYParser.java:306)
	at de.uka.ilkd.key.nparser.KeyAst.accept(KeyAst.java:41)
	at de.uka.ilkd.key.nparser.KeyAst$File.getIncludes(KeyAst.java:76)
	at de.uka.ilkd.key.proof.io.KeYFile.readIncludes(KeYFile.java:208)
	... 14 more
Could not find rule file rules/intRulesCheckedSemantics.key (file: /home/runner/work/key/key/key.core/../key.ui/examples/index/../../../key.core/src/test/resources/testcase/issues/1716/incorrectPolarity.proof; caused by: de.uka.ilkd.key.proof.init.ProofInputException: Could not find rule file rules/intRulesCheckedSemantics.key)
	at de.uka.ilkd.key.control.AbstractUserInterfaceControl.load(AbstractUserInterfaceControl.java:221)
	at de.uka.ilkd.key.control.KeYEnvironment.load(KeYEnvironment.java:251)
	at de.uka.ilkd.key.control.KeYEnvironment.load(KeYEnvironment.java:224)
	at de.uka.ilkd.key.control.KeYEnvironment.load(KeYEnvironment.java:184)
	at de.uka.ilkd.key.control.KeYEnvironment.load(KeYEnvironment.java:261)
	at de.uka.ilkd.key.proof.runallproofs.proofcollection.TestFile.load(TestFile.java:270)
	at de.uka.ilkd.key.proof.runallproofs.proofcollection.TestFile.runKey(TestFile.java:160)
	at de.uka.ilkd.key.proof.runallproofs.proofcollection.ForkedTestFileRunner.main(ForkedTestFileRunner.java:171)
Caused by: de.uka.ilkd.key.proof.init.ProofInputException: Could not find rule file rules/intRulesCheckedSemantics.key
	at de.uka.ilkd.key.proof.io.KeYFile.readIncludes(KeYFile.java:210)
	at de.uka.ilkd.key.proof.init.ProblemInitializer.readIncludes(ProblemInitializer.java:177)
	at de.uka.ilkd.key.proof.init.ProblemInitializer.readEnvInput(ProblemInitializer.java:325)
	at de.uka.ilkd.key.proof.init.ProblemInitializer.prepare(ProblemInitializer.java:449)
	at de.uka.ilkd.key.proof.io.AbstractProblemLoader.createInitConfig(AbstractProblemLoader.java:518)
	at de.uka.ilkd.key.proof.io.AbstractProblemLoader.loadEnvironment(AbstractProblemLoader.java:288)
	at de.uka.ilkd.key.proof.io.AbstractProblemLoader.load(AbstractProblemLoader.java:252)
	at de.uka.ilkd.key.control.AbstractUserInterfaceControl.load(AbstractUserInterfaceControl.java:209)
	... 7 more
Caused by: java.lang.RuntimeException: Could not find rule file rules/intRulesCheckedSemantics.key
	at de.uka.ilkd.key.proof.io.RuleSourceFactory.fromBuiltInRule(RuleSourceFactory.java:32)
	at de.uka.ilkd.key.proof.io.RuleSourceFactory.fromDefaultLocation(RuleSourceFactory.java:21)
	at de.uka.ilkd.key.nparser.builder.IncludeFinder.addInclude(IncludeFinder.java:63)
	at de.uka.ilkd.key.nparser.builder.IncludeFinder.visitOne_include(IncludeFinder.java:43)
	at de.uka.ilkd.key.nparser.builder.IncludeFinder.visitOne_include(IncludeFinder.java:20)
	at de.uka.ilkd.key.nparser.KeYParser$One_includeContext.accept(KeYParser.java:878)
	at de.uka.ilkd.key.nparser.builder.AbstractBuilder.lambda$mapOf$0(AbstractBuilder.java:112)
	at java.base/java.util.stream.ReferencePipeline$3$1.accept(ReferencePipeline.java:195)
	at java.base/java.util.ArrayList$ArrayListSpliterator.forEachRemaining(ArrayList.java:1655)
	at java.base/java.util.stream.AbstractPipeline.copyInto(AbstractPipeline.java:484)
	at java.base/java.util.stream.AbstractPipeline.wrapAndCopyInto(AbstractPipeline.java:474)
	at java.base/java.util.stream.ReduceOps$ReduceOp.evaluateSequential(ReduceOps.java:913)
	at java.base/java.util.stream.AbstractPipeline.evaluate(AbstractPipeline.java:234)
	at java.base/java.util.stream.ReferencePipeline.collect(ReferencePipeline.java:578)
	at de.uka.ilkd.key.nparser.builder.AbstractBuilder.mapOf(AbstractBuilder.java:112)
	at de.uka.ilkd.key.nparser.builder.IncludeFinder.visitOne_include_statement(IncludeFinder.java:35)
	at de.uka.ilkd.key.nparser.builder.IncludeFinder.visitOne_include_statement(IncludeFinder.java:20)
	at de.uka.ilkd.key.nparser.KeYParser$One_include_statementContext.accept(KeYParser.java:802)
	at org.antlr.v4.runtime.tree.AbstractParseTreeVisitor.visitChildren(AbstractParseTreeVisitor.java:46)
	at de.uka.ilkd.key.nparser.KeYParserBaseVisitor.visitDecls(KeYParserBaseVisitor.java:30)
	at de.uka.ilkd.key.nparser.KeYParser$DeclsContext.accept(KeYParser.java:500)
	at org.antlr.v4.runtime.tree.AbstractParseTreeVisitor.visitChildren(AbstractParseTreeVisitor.java:46)
	at de.uka.ilkd.key.nparser.KeYParserBaseVisitor.visitFile(KeYParserBaseVisitor.java:23)
	at de.uka.ilkd.key.nparser.KeYParser$FileContext.accept(KeYParser.java:306)
	at de.uka.ilkd.key.nparser.KeyAst.accept(KeyAst.java:41)
	at de.uka.ilkd.key.nparser.KeyAst$File.getIncludes(KeyAst.java:76)
	at de.uka.ilkd.key.proof.io.KeYFile.readIncludes(KeYFile.java:208)
	... 14 more
Could not find rule file rules/intRulesCheckedSemantics.key (file: /home/runner/work/key/key/key.core/../key.ui/examples/index/../../../key.core/src/test/resources/testcase/issues/1716/incorrectPolarity2.proof; caused by: de.uka.ilkd.key.proof.init.ProofInputException: Could not find rule file rules/intRulesCheckedSemantics.key)
	at de.uka.ilkd.key.control.AbstractUserInterfaceControl.load(AbstractUserInterfaceControl.java:221)
	at de.uka.ilkd.key.control.KeYEnvironment.load(KeYEnvironment.java:251)
	at de.uka.ilkd.key.control.KeYEnvironment.load(KeYEnvironment.java:224)
	at de.uka.ilkd.key.control.KeYEnvironment.load(KeYEnvironment.java:184)
	at de.uka.ilkd.key.control.KeYEnvironment.load(KeYEnvironment.java:261)
	at de.uka.ilkd.key.proof.runallproofs.proofcollection.TestFile.load(TestFile.java:270)
	at de.uka.ilkd.key.proof.runallproofs.proofcollection.TestFile.runKey(TestFile.java:160)
	at de.uka.ilkd.key.proof.runallproofs.proofcollection.ForkedTestFileRunner.main(ForkedTestFileRunner.java:171)
Caused by: de.uka.ilkd.key.proof.init.ProofInputException: Could not find rule file rules/intRulesCheckedSemantics.key
	at de.uka.ilkd.key.proof.io.KeYFile.readIncludes(KeYFile.java:210)
	at de.uka.ilkd.key.proof.init.ProblemInitializer.readIncludes(ProblemInitializer.java:177)
	at de.uka.ilkd.key.proof.init.ProblemInitializer.readEnvInput(ProblemInitializer.java:325)
	at de.uka.ilkd.key.proof.init.ProblemInitializer.prepare(ProblemInitializer.java:449)
	at de.uka.ilkd.key.proof.io.AbstractProblemLoader.createInitConfig(AbstractProblemLoader.java:518)
	at de.uka.ilkd.key.proof.io.AbstractProblemLoader.loadEnvironment(AbstractProblemLoader.java:288)
	at de.uka.ilkd.key.proof.io.AbstractProblemLoader.load(AbstractProblemLoader.java:252)
	at de.uka.ilkd.key.control.AbstractUserInterfaceControl.load(AbstractUserInterfaceControl.java:209)
	... 7 more
Caused by: java.lang.RuntimeException: Could not find rule file rules/intRulesCheckedSemantics.key
	at de.uka.ilkd.key.proof.io.RuleSourceFactory.fromBuiltInRule(RuleSourceFactory.java:32)
	at de.uka.ilkd.key.proof.io.RuleSourceFactory.fromDefaultLocation(RuleSourceFactory.java:21)
	at de.uka.ilkd.key.nparser.builder.IncludeFinder.addInclude(IncludeFinder.java:63)
	at de.uka.ilkd.key.nparser.builder.IncludeFinder.visitOne_include(IncludeFinder.java:43)
	at de.uka.ilkd.key.nparser.builder.IncludeFinder.visitOne_include(IncludeFinder.java:20)
	at de.uka.ilkd.key.nparser.KeYParser$One_includeContext.accept(KeYParser.java:878)
	at de.uka.ilkd.key.nparser.builder.AbstractBuilder.lambda$mapOf$0(AbstractBuilder.java:112)
	at java.base/java.util.stream.ReferencePipeline$3$1.accept(ReferencePipeline.java:195)
	at java.base/java.util.ArrayList$ArrayListSpliterator.forEachRemaining(ArrayList.java:1655)
	at java.base/java.util.stream.AbstractPipeline.copyInto(AbstractPipeline.java:484)
	at java.base/java.util.stream.AbstractPipeline.wrapAndCopyInto(AbstractPipeline.java:474)
	at java.base/java.util.stream.ReduceOps$ReduceOp.evaluateSequential(ReduceOps.java:913)
	at java.base/java.util.stream.AbstractPipeline.evaluate(AbstractPipeline.java:234)
	at java.base/java.util.stream.ReferencePipeline.collect(ReferencePipeline.java:578)
	at de.uka.ilkd.key.nparser.builder.AbstractBuilder.mapOf(AbstractBuilder.java:112)
	at de.uka.ilkd.key.nparser.builder.IncludeFinder.visitOne_include_statement(IncludeFinder.java:35)
	at de.uka.ilkd.key.nparser.builder.IncludeFinder.visitOne_include_statement(IncludeFinder.java:20)
	at de.uka.ilkd.key.nparser.KeYParser$One_include_statementContext.accept(KeYParser.java:802)
	at org.antlr.v4.runtime.tree.AbstractParseTreeVisitor.visitChildren(AbstractParseTreeVisitor.java:46)
	at de.uka.ilkd.key.nparser.KeYParserBaseVisitor.visitDecls(KeYParserBaseVisitor.java:30)
	at de.uka.ilkd.key.nparser.KeYParser$DeclsContext.accept(KeYParser.java:500)
	at org.antlr.v4.runtime.tree.AbstractParseTreeVisitor.visitChildren(AbstractParseTreeVisitor.java:46)
	at de.uka.ilkd.key.nparser.KeYParserBaseVisitor.visitFile(KeYParserBaseVisitor.java:23)
	at de.uka.ilkd.key.nparser.KeYParser$FileContext.accept(KeYParser.java:306)
	at de.uka.ilkd.key.nparser.KeyAst.accept(KeyAst.java:41)
	at de.uka.ilkd.key.nparser.KeyAst$File.getIncludes(KeyAst.java:76)
	at de.uka.ilkd.key.proof.io.KeYFile.readIncludes(KeYFile.java:208)
	... 14 more
Could not find rule file rules/intRulesCheckedSemantics.key (file: /home/runner/work/key/key/key.core/../key.ui/examples/index/../../../key.core/src/test/resources/testcase/issues/1716/incorrectPolarity3.proof; caused by: de.uka.ilkd.key.proof.init.ProofInputException: Could not find rule file rules/intRulesCheckedSemantics.key)
	at de.uka.ilkd.key.control.AbstractUserInterfaceControl.load(AbstractUserInterfaceControl.java:221)
	at de.uka.ilkd.key.control.KeYEnvironment.load(KeYEnvironment.java:251)
	at de.uka.ilkd.key.control.KeYEnvironment.load(KeYEnvironment.java:224)
	at de.uka.ilkd.key.control.KeYEnvironment.load(KeYEnvironment.java:184)
	at de.uka.ilkd.key.control.KeYEnvironment.load(KeYEnvironment.java:261)
	at de.uka.ilkd.key.proof.runallproofs.proofcollection.TestFile.load(TestFile.java:270)
	at de.uka.ilkd.key.proof.runallproofs.proofcollection.TestFile.runKey(TestFile.java:160)
	at de.uka.ilkd.key.proof.runallproofs.proofcollection.ForkedTestFileRunner.main(ForkedTestFileRunner.java:171)
Caused by: de.uka.ilkd.key.proof.init.ProofInputException: Could not find rule file rules/intRulesCheckedSemantics.key
	at de.uka.ilkd.key.proof.io.KeYFile.readIncludes(KeYFile.java:210)
	at de.uka.ilkd.key.proof.init.ProblemInitializer.readIncludes(ProblemInitializer.java:177)
	at de.uka.ilkd.key.proof.init.ProblemInitializer.readEnvInput(ProblemInitializer.java:325)
	at de.uka.ilkd.key.proof.init.ProblemInitializer.prepare(ProblemInitializer.java:449)
	at de.uka.ilkd.key.proof.io.AbstractProblemLoader.createInitConfig(AbstractProblemLoader.java:518)
	at de.uka.ilkd.key.proof.io.AbstractProblemLoader.loadEnvironment(AbstractProblemLoader.java:288)
	at de.uka.ilkd.key.proof.io.AbstractProblemLoader.load(AbstractProblemLoader.java:252)
	at de.uka.ilkd.key.control.AbstractUserInterfaceControl.load(AbstractUserInterfaceControl.java:209)
	... 7 more
Caused by: java.lang.RuntimeException: Could not find rule file rules/intRulesCheckedSemantics.key
	at de.uka.ilkd.key.proof.io.RuleSourceFactory.fromBuiltInRule(RuleSourceFactory.java:32)
	at de.uka.ilkd.key.proof.io.RuleSourceFactory.fromDefaultLocation(RuleSourceFactory.java:21)
	at de.uka.ilkd.key.nparser.builder.IncludeFinder.addInclude(IncludeFinder.java:63)
	at de.uka.ilkd.key.nparser.builder.IncludeFinder.visitOne_include(IncludeFinder.java:43)
	at de.uka.ilkd.key.nparser.builder.IncludeFinder.visitOne_include(IncludeFinder.java:20)
	at de.uka.ilkd.key.nparser.KeYParser$One_includeContext.accept(KeYParser.java:878)
	at de.uka.ilkd.key.nparser.builder.AbstractBuilder.lambda$mapOf$0(AbstractBuilder.java:112)
	at java.base/java.util.stream.ReferencePipeline$3$1.accept(ReferencePipeline.java:195)
	at java.base/java.util.ArrayList$ArrayListSpliterator.forEachRemaining(ArrayList.java:1655)
	at java.base/java.util.stream.AbstractPipeline.copyInto(AbstractPipeline.java:484)
	at java.base/java.util.stream.AbstractPipeline.wrapAndCopyInto(AbstractPipeline.java:474)
	at java.base/java.util.stream.ReduceOps$ReduceOp.evaluateSequential(ReduceOps.java:913)
	at java.base/java.util.stream.AbstractPipeline.evaluate(AbstractPipeline.java:234)
	at java.base/java.util.stream.ReferencePipeline.collect(ReferencePipeline.java:578)
	at de.uka.ilkd.key.nparser.builder.AbstractBuilder.mapOf(AbstractBuilder.java:112)
	at de.uka.ilkd.key.nparser.builder.IncludeFinder.visitOne_include_statement(IncludeFinder.java:35)
	at de.uka.ilkd.key.nparser.builder.IncludeFinder.visitOne_include_statement(IncludeFinder.java:20)
	at de.uka.ilkd.key.nparser.KeYParser$One_include_statementContext.accept(KeYParser.java:802)
	at org.antlr.v4.runtime.tree.AbstractParseTreeVisitor.visitChildren(AbstractParseTreeVisitor.java:46)
	at de.uka.ilkd.key.nparser.KeYParserBaseVisitor.visitDecls(KeYParserBaseVisitor.java:30)
	at de.uka.ilkd.key.nparser.KeYParser$DeclsContext.accept(KeYParser.java:500)
	at org.antlr.v4.runtime.tree.AbstractParseTreeVisitor.visitChildren(AbstractParseTreeVisitor.java:46)
	at de.uka.ilkd.key.nparser.KeYParserBaseVisitor.visitFile(KeYParserBaseVisitor.java:23)
	at de.uka.ilkd.key.nparser.KeYParser$FileContext.accept(KeYParser.java:306)
	at de.uka.ilkd.key.nparser.KeyAst.accept(KeyAst.java:41)
	at de.uka.ilkd.key.nparser.KeyAst$File.getIncludes(KeyAst.java:76)
	at de.uka.ilkd.key.proof.io.KeYFile.readIncludes(KeYFile.java:208)
	... 14 more
Exception in thread "main" org.opentest4j.AssertionFailedError: Exception during the execution of proofs. See log for more details.
	at org.junit.jupiter.api.AssertionUtils.fail(AssertionUtils.java:39)
	at org.junit.jupiter.api.Assertions.fail(Assertions.java:134)
	at de.uka.ilkd.key.proof.runallproofs.proofcollection.ForkedTestFileRunner.main(ForkedTestFileRunner.java:192)
Timeout watcher launched (2000 secs.)
Could not find rule file rules/intRulesCheckedSemantics.key (file: /home/runner/work/key/key/key.core/../key.ui/examples/index/.././standard_key/java_dl/switch/labeled_case.key; caused by: de.uka.ilkd.key.proof.init.ProofInputException: Could not find rule file rules/intRulesCheckedSemantics.key)
	at de.uka.ilkd.key.control.AbstractUserInterfaceControl.load(AbstractUserInterfaceControl.java:221)
	at de.uka.ilkd.key.control.KeYEnvironment.load(KeYEnvironment.java:251)
	at de.uka.ilkd.key.control.KeYEnvironment.load(KeYEnvironment.java:224)
	at de.uka.ilkd.key.control.KeYEnvironment.load(KeYEnvironment.java:184)
	at de.uka.ilkd.key.control.KeYEnvironment.load(KeYEnvironment.java:261)
	at de.uka.ilkd.key.proof.runallproofs.proofcollection.TestFile.load(TestFile.java:270)
	at de.uka.ilkd.key.proof.runallproofs.proofcollection.TestFile.runKey(TestFile.java:160)
	at de.uka.ilkd.key.proof.runallproofs.proofcollection.ForkedTestFileRunner.main(ForkedTestFileRunner.java:171)
Caused by: de.uka.ilkd.key.proof.init.ProofInputException: Could not find rule file rules/intRulesCheckedSemantics.key
	at de.uka.ilkd.key.proof.io.KeYFile.readIncludes(KeYFile.java:210)
	at de.uka.ilkd.key.proof.init.ProblemInitializer.readIncludes(ProblemInitializer.java:177)
	at de.uka.ilkd.key.proof.init.ProblemInitializer.readEnvInput(ProblemInitializer.java:325)
	at de.uka.ilkd.key.proof.init.ProblemInitializer.prepare(ProblemInitializer.java:449)
	at de.uka.ilkd.key.proof.io.AbstractProblemLoader.createInitConfig(AbstractProblemLoader.java:518)
	at de.uka.ilkd.key.proof.io.AbstractProblemLoader.loadEnvironment(AbstractProblemLoader.java:288)
	at de.uka.ilkd.key.proof.io.AbstractProblemLoader.load(AbstractProblemLoader.java:252)
	at de.uka.ilkd.key.control.AbstractUserInterfaceControl.load(AbstractUserInterfaceControl.java:209)
	... 7 more
Caused by: java.lang.RuntimeException: Could not find rule file rules/intRulesCheckedSemantics.key
	at de.uka.ilkd.key.proof.io.RuleSourceFactory.fromBuiltInRule(RuleSourceFactory.java:32)
	at de.uka.ilkd.key.proof.io.RuleSourceFactory.fromDefaultLocation(RuleSourceFactory.java:21)
	at de.uka.ilkd.key.nparser.builder.IncludeFinder.addInclude(IncludeFinder.java:63)
	at de.uka.ilkd.key.nparser.builder.IncludeFinder.visitOne_include(IncludeFinder.java:43)
	at de.uka.ilkd.key.nparser.builder.IncludeFinder.visitOne_include(IncludeFinder.java:20)
	at de.uka.ilkd.key.nparser.KeYParser$One_includeContext.accept(KeYParser.java:878)
	at de.uka.ilkd.key.nparser.builder.AbstractBuilder.lambda$mapOf$0(AbstractBuilder.java:112)
	at java.base/java.util.stream.ReferencePipeline$3$1.accept(ReferencePipeline.java:195)
	at java.base/java.util.ArrayList$ArrayListSpliterator.forEachRemaining(ArrayList.java:1655)
	at java.base/java.util.stream.AbstractPipeline.copyInto(AbstractPipeline.java:484)
	at java.base/java.util.stream.AbstractPipeline.wrapAndCopyInto(AbstractPipeline.java:474)
	at java.base/java.util.stream.ReduceOps$ReduceOp.evaluateSequential(ReduceOps.java:913)
	at java.base/java.util.stream.AbstractPipeline.evaluate(AbstractPipeline.java:234)
	at java.base/java.util.stream.ReferencePipeline.collect(ReferencePipeline.java:578)
	at de.uka.ilkd.key.nparser.builder.AbstractBuilder.mapOf(AbstractBuilder.java:112)
	at de.uka.ilkd.key.nparser.builder.IncludeFinder.visitOne_include_statement(IncludeFinder.java:35)
	at de.uka.ilkd.key.nparser.builder.IncludeFinder.visitOne_include_statement(IncludeFinder.java:20)
	at de.uka.ilkd.key.nparser.KeYParser$One_include_statementContext.accept(KeYParser.java:802)
	at org.antlr.v4.runtime.tree.AbstractParseTreeVisitor.visitChildren(AbstractParseTreeVisitor.java:46)
	at de.uka.ilkd.key.nparser.KeYParserBaseVisitor.visitDecls(KeYParserBaseVisitor.java:30)
	at de.uka.ilkd.key.nparser.KeYParser$DeclsContext.accept(KeYParser.java:500)
	at org.antlr.v4.runtime.tree.AbstractParseTreeVisitor.visitChildren(AbstractParseTreeVisitor.java:46)
	at de.uka.ilkd.key.nparser.KeYParserBaseVisitor.visitFile(KeYParserBaseVisitor.java:23)
	at de.uka.ilkd.key.nparser.KeYParser$FileContext.accept(KeYParser.java:306)
	at de.uka.ilkd.key.nparser.KeyAst.accept(KeyAst.java:41)
	at de.uka.ilkd.key.nparser.KeyAst$File.getIncludes(KeyAst.java:76)
	at de.uka.ilkd.key.proof.io.KeYFile.readIncludes(KeYFile.java:208)
	... 14 more
Could not find rule file rules/intRulesCheckedSemantics.key (file: /home/runner/work/key/key/key.core/../key.ui/examples/index/.././standard_key/java_dl/switch/empty_switch.key; caused by: de.uka.ilkd.key.proof.init.ProofInputException: Could not find rule file rules/intRulesCheckedSemantics.key)
	at de.uka.ilkd.key.control.AbstractUserInterfaceControl.load(AbstractUserInterfaceControl.java:221)
	at de.uka.ilkd.key.control.KeYEnvironment.load(KeYEnvironment.java:251)
	at de.uka.ilkd.key.control.KeYEnvironment.load(KeYEnvironment.java:224)
	at de.uka.ilkd.key.control.KeYEnvironment.load(KeYEnvironment.java:184)
	at de.uka.ilkd.key.control.KeYEnvironment.load(KeYEnvironment.java:261)
	at de.uka.ilkd.key.proof.runallproofs.proofcollection.TestFile.load(TestFile.java:270)
	at de.uka.ilkd.key.proof.runallproofs.proofcollection.TestFile.runKey(TestFile.java:160)
	at de.uka.ilkd.key.proof.runallproofs.proofcollection.ForkedTestFileRunner.main(ForkedTestFileRunner.java:171)
Caused by: de.uka.ilkd.key.proof.init.ProofInputException: Could not find rule file rules/intRulesCheckedSemantics.key
	at de.uka.ilkd.key.proof.io.KeYFile.readIncludes(KeYFile.java:210)
	at de.uka.ilkd.key.proof.init.ProblemInitializer.readIncludes(ProblemInitializer.java:177)
	at de.uka.ilkd.key.proof.init.ProblemInitializer.readEnvInput(ProblemInitializer.java:325)
	at de.uka.ilkd.key.proof.init.ProblemInitializer.prepare(ProblemInitializer.java:449)
	at de.uka.ilkd.key.proof.io.AbstractProblemLoader.createInitConfig(AbstractProblemLoader.java:518)
	at de.uka.ilkd.key.proof.io.AbstractProblemLoader.loadEnvironment(AbstractProblemLoader.java:288)
	at de.uka.ilkd.key.proof.io.AbstractProblemLoader.load(AbstractProblemLoader.java:252)
	at de.uka.ilkd.key.control.AbstractUserInterfaceControl.load(AbstractUserInterfaceControl.java:209)
	... 7 more
Caused by: java.lang.RuntimeException: Could not find rule file rules/intRulesCheckedSemantics.key
	at de.uka.ilkd.key.proof.io.RuleSourceFactory.fromBuiltInRule(RuleSourceFactory.java:32)
	at de.uka.ilkd.key.proof.io.RuleSourceFactory.fromDefaultLocation(RuleSourceFactory.java:21)
	at de.uka.ilkd.key.nparser.builder.IncludeFinder.addInclude(IncludeFinder.java:63)
	at de.uka.ilkd.key.nparser.builder.IncludeFinder.visitOne_include(IncludeFinder.java:43)
	at de.uka.ilkd.key.nparser.builder.IncludeFinder.visitOne_include(IncludeFinder.java:20)
	at de.uka.ilkd.key.nparser.KeYParser$One_includeContext.accept(KeYParser.java:878)
	at de.uka.ilkd.key.nparser.builder.AbstractBuilder.lambda$mapOf$0(AbstractBuilder.java:112)
	at java.base/java.util.stream.ReferencePipeline$3$1.accept(ReferencePipeline.java:195)
	at java.base/java.util.ArrayList$ArrayListSpliterator.forEachRemaining(ArrayList.java:1655)
	at java.base/java.util.stream.AbstractPipeline.copyInto(AbstractPipeline.java:484)
	at java.base/java.util.stream.AbstractPipeline.wrapAndCopyInto(AbstractPipeline.java:474)
	at java.base/java.util.stream.ReduceOps$ReduceOp.evaluateSequential(ReduceOps.java:913)
	at java.base/java.util.stream.AbstractPipeline.evaluate(AbstractPipeline.java:234)
	at java.base/java.util.stream.ReferencePipeline.collect(ReferencePipeline.java:578)
	at de.uka.ilkd.key.nparser.builder.AbstractBuilder.mapOf(AbstractBuilder.java:112)
	at de.uka.ilkd.key.nparser.builder.IncludeFinder.visitOne_include_statement(IncludeFinder.java:35)
	at de.uka.ilkd.key.nparser.builder.IncludeFinder.visitOne_include_statement(IncludeFinder.java:20)
	at de.uka.ilkd.key.nparser.KeYParser$One_include_statementContext.accept(KeYParser.java:802)
	at org.antlr.v4.runtime.tree.AbstractParseTreeVisitor.visitChildren(AbstractParseTreeVisitor.java:46)
	at de.uka.ilkd.key.nparser.KeYParserBaseVisitor.visitDecls(KeYParserBaseVisitor.java:30)
	at de.uka.ilkd.key.nparser.KeYParser$DeclsContext.accept(KeYParser.java:500)
	at org.antlr.v4.runtime.tree.AbstractParseTreeVisitor.visitChildren(AbstractParseTreeVisitor.java:46)
	at de.uka.ilkd.key.nparser.KeYParserBaseVisitor.visitFile(KeYParserBaseVisitor.java:23)
	at de.uka.ilkd.key.nparser.KeYParser$FileContext.accept(KeYParser.java:306)
	at de.uka.ilkd.key.nparser.KeyAst.accept(KeyAst.java:41)
	at de.uka.ilkd.key.nparser.KeyAst$File.getIncludes(KeyAst.java:76)
	at de.uka.ilkd.key.proof.io.KeYFile.readIncludes(KeYFile.java:208)
	... 14 more
Could not find rule file rules/intRulesCheckedSemantics.key (file: /home/runner/work/key/key/key.core/../key.ui/examples/index/.././standard_key/java_dl/switch/empty_switch_null.key; caused by: de.uka.ilkd.key.proof.init.ProofInputException: Could not find rule file rules/intRulesCheckedSemantics.key)
	at de.uka.ilkd.key.control.AbstractUserInterfaceControl.load(AbstractUserInterfaceControl.java:221)
	at de.uka.ilkd.key.control.KeYEnvironment.load(KeYEnvironment.java:251)
	at de.uka.ilkd.key.control.KeYEnvironment.load(KeYEnvironment.java:224)
	at de.uka.ilkd.key.control.KeYEnvironment.load(KeYEnvironment.java:184)
	at de.uka.ilkd.key.control.KeYEnvironment.load(KeYEnvironment.java:261)
	at de.uka.ilkd.key.proof.runallproofs.proofcollection.TestFile.load(TestFile.java:270)
	at de.uka.ilkd.key.proof.runallproofs.proofcollection.TestFile.runKey(TestFile.java:160)
	at de.uka.ilkd.key.proof.runallproofs.proofcollection.ForkedTestFileRunner.main(ForkedTestFileRunner.java:171)
Caused by: de.uka.ilkd.key.proof.init.ProofInputException: Could not find rule file rules/intRulesCheckedSemantics.key
	at de.uka.ilkd.key.proof.io.KeYFile.readIncludes(KeYFile.java:210)
	at de.uka.ilkd.key.proof.init.ProblemInitializer.readIncludes(ProblemInitializer.java:177)
	at de.uka.ilkd.key.proof.init.ProblemInitializer.readEnvInput(ProblemInitializer.java:325)
	at de.uka.ilkd.key.proof.init.ProblemInitializer.prepare(ProblemInitializer.java:449)
	at de.uka.ilkd.key.proof.io.AbstractProblemLoader.createInitConfig(AbstractProblemLoader.java:518)
	at de.uka.ilkd.key.proof.io.AbstractProblemLoader.loadEnvironment(AbstractProblemLoader.java:288)
	at de.uka.ilkd.key.proof.io.AbstractProblemLoader.load(AbstractProblemLoader.java:252)
	at de.uka.ilkd.key.control.AbstractUserInterfaceControl.load(AbstractUserInterfaceControl.java:209)
	... 7 more
Caused by: java.lang.RuntimeException: Could not find rule file rules/intRulesCheckedSemantics.key
	at de.uka.ilkd.key.proof.io.RuleSourceFactory.fromBuiltInRule(RuleSourceFactory.java:32)
	at de.uka.ilkd.key.proof.io.RuleSourceFactory.fromDefaultLocation(RuleSourceFactory.java:21)
	at de.uka.ilkd.key.nparser.builder.IncludeFinder.addInclude(IncludeFinder.java:63)
	at de.uka.ilkd.key.nparser.builder.IncludeFinder.visitOne_include(IncludeFinder.java:43)
	at de.uka.ilkd.key.nparser.builder.IncludeFinder.visitOne_include(IncludeFinder.java:20)
	at de.uka.ilkd.key.nparser.KeYParser$One_includeContext.accept(KeYParser.java:878)
	at de.uka.ilkd.key.nparser.builder.AbstractBuilder.lambda$mapOf$0(AbstractBuilder.java:112)
	at java.base/java.util.stream.ReferencePipeline$3$1.accept(ReferencePipeline.java:195)
	at java.base/java.util.ArrayList$ArrayListSpliterator.forEachRemaining(ArrayList.java:1655)
	at java.base/java.util.stream.AbstractPipeline.copyInto(AbstractPipeline.java:484)
	at java.base/java.util.stream.AbstractPipeline.wrapAndCopyInto(AbstractPipeline.java:474)
	at java.base/java.util.stream.ReduceOps$ReduceOp.evaluateSequential(ReduceOps.java:913)
	at java.base/java.util.stream.AbstractPipeline.evaluate(AbstractPipeline.java:234)
	at java.base/java.util.stream.ReferencePipeline.collect(ReferencePipeline.java:578)
	at de.uka.ilkd.key.nparser.builder.AbstractBuilder.mapOf(AbstractBuilder.java:112)
	at de.uka.ilkd.key.nparser.builder.IncludeFinder.visitOne_include_statement(IncludeFinder.java:35)
	at de.uka.ilkd.key.nparser.builder.IncludeFinder.visitOne_include_statement(IncludeFinder.java:20)
	at de.uka.ilkd.key.nparser.KeYParser$One_include_statementContext.accept(KeYParser.java:802)
	at org.antlr.v4.runtime.tree.AbstractParseTreeVisitor.visitChildren(AbstractParseTreeVisitor.java:46)
	at de.uka.ilkd.key.nparser.KeYParserBaseVisitor.visitDecls(KeYParserBaseVisitor.java:30)
	at de.uka.ilkd.key.nparser.KeYParser$DeclsContext.accept(KeYParser.java:500)
	at org.antlr.v4.runtime.tree.AbstractParseTreeVisitor.visitChildren(AbstractParseTreeVisitor.java:46)
	at de.uka.ilkd.key.nparser.KeYParserBaseVisitor.visitFile(KeYParserBaseVisitor.java:23)
	at de.uka.ilkd.key.nparser.KeYParser$FileContext.accept(KeYParser.java:306)
	at de.uka.ilkd.key.nparser.KeyAst.accept(KeyAst.java:41)
	at de.uka.ilkd.key.nparser.KeyAst$File.getIncludes(KeyAst.java:76)
	at de.uka.ilkd.key.proof.io.KeYFile.readIncludes(KeYFile.java:208)
	... 14 more
Could not find rule file rules/intRulesCheckedSemantics.key (file: /home/runner/work/key/key/key.core/../key.ui/examples/index/.././standard_key/java_dl/switch/empty_switch_null_catch.key; caused by: de.uka.ilkd.key.proof.init.ProofInputException: Could not find rule file rules/intRulesCheckedSemantics.key)
	at de.uka.ilkd.key.control.AbstractUserInterfaceControl.load(AbstractUserInterfaceControl.java:221)
	at de.uka.ilkd.key.control.KeYEnvironment.load(KeYEnvironment.java:251)
	at de.uka.ilkd.key.control.KeYEnvironment.load(KeYEnvironment.java:224)
	at de.uka.ilkd.key.control.KeYEnvironment.load(KeYEnvironment.java:184)
	at de.uka.ilkd.key.control.KeYEnvironment.load(KeYEnvironment.java:261)
	at de.uka.ilkd.key.proof.runallproofs.proofcollection.TestFile.load(TestFile.java:270)
	at de.uka.ilkd.key.proof.runallproofs.proofcollection.TestFile.runKey(TestFile.java:160)
	at de.uka.ilkd.key.proof.runallproofs.proofcollection.ForkedTestFileRunner.main(ForkedTestFileRunner.java:171)
Caused by: de.uka.ilkd.key.proof.init.ProofInputException: Could not find rule file rules/intRulesCheckedSemantics.key
	at de.uka.ilkd.key.proof.io.KeYFile.readIncludes(KeYFile.java:210)
	at de.uka.ilkd.key.proof.init.ProblemInitializer.readIncludes(ProblemInitializer.java:177)
	at de.uka.ilkd.key.proof.init.ProblemInitializer.readEnvInput(ProblemInitializer.java:325)
	at de.uka.ilkd.key.proof.init.ProblemInitializer.prepare(ProblemInitializer.java:449)
	at de.uka.ilkd.key.proof.io.AbstractProblemLoader.createInitConfig(AbstractProblemLoader.java:518)
	at de.uka.ilkd.key.proof.io.AbstractProblemLoader.loadEnvironment(AbstractProblemLoader.java:288)
	at de.uka.ilkd.key.proof.io.AbstractProblemLoader.load(AbstractProblemLoader.java:252)
	at de.uka.ilkd.key.control.AbstractUserInterfaceControl.load(AbstractUserInterfaceControl.java:209)
	... 7 more
Caused by: java.lang.RuntimeException: Could not find rule file rules/intRulesCheckedSemantics.key
	at de.uka.ilkd.key.proof.io.RuleSourceFactory.fromBuiltInRule(RuleSourceFactory.java:32)
	at de.uka.ilkd.key.proof.io.RuleSourceFactory.fromDefaultLocation(RuleSourceFactory.java:21)
	at de.uka.ilkd.key.nparser.builder.IncludeFinder.addInclude(IncludeFinder.java:63)
	at de.uka.ilkd.key.nparser.builder.IncludeFinder.visitOne_include(IncludeFinder.java:43)
	at de.uka.ilkd.key.nparser.builder.IncludeFinder.visitOne_include(IncludeFinder.java:20)
	at de.uka.ilkd.key.nparser.KeYParser$One_includeContext.accept(KeYParser.java:878)
	at de.uka.ilkd.key.nparser.builder.AbstractBuilder.lambda$mapOf$0(AbstractBuilder.java:112)
	at java.base/java.util.stream.ReferencePipeline$3$1.accept(ReferencePipeline.java:195)
	at java.base/java.util.ArrayList$ArrayListSpliterator.forEachRemaining(ArrayList.java:1655)
	at java.base/java.util.stream.AbstractPipeline.copyInto(AbstractPipeline.java:484)
	at java.base/java.util.stream.AbstractPipeline.wrapAndCopyInto(AbstractPipeline.java:474)
	at java.base/java.util.stream.ReduceOps$ReduceOp.evaluateSequential(ReduceOps.java:913)
	at java.base/java.util.stream.AbstractPipeline.evaluate(AbstractPipeline.java:234)
	at java.base/java.util.stream.ReferencePipeline.collect(ReferencePipeline.java:578)
	at de.uka.ilkd.key.nparser.builder.AbstractBuilder.mapOf(AbstractBuilder.java:112)
	at de.uka.ilkd.key.nparser.builder.IncludeFinder.visitOne_include_statement(IncludeFinder.java:35)
	at de.uka.ilkd.key.nparser.builder.IncludeFinder.visitOne_include_statement(IncludeFinder.java:20)
	at de.uka.ilkd.key.nparser.KeYParser$One_include_statementContext.accept(KeYParser.java:802)
	at org.antlr.v4.runtime.tree.AbstractParseTreeVisitor.visitChildren(AbstractParseTreeVisitor.java:46)
	at de.uka.ilkd.key.nparser.KeYParserBaseVisitor.visitDecls(KeYParserBaseVisitor.java:30)
	at de.uka.ilkd.key.nparser.KeYParser$DeclsContext.accept(KeYParser.java:500)
	at org.antlr.v4.runtime.tree.AbstractParseTreeVisitor.visitChildren(AbstractParseTreeVisitor.java:46)
	at de.uka.ilkd.key.nparser.KeYParserBaseVisitor.visitFile(KeYParserBaseVisitor.java:23)
	at de.uka.ilkd.key.nparser.KeYParser$FileContext.accept(KeYParser.java:306)
	at de.uka.ilkd.key.nparser.KeyAst.accept(KeyAst.java:41)
	at de.uka.ilkd.key.nparser.KeyAst$File.getIncludes(KeyAst.java:76)
	at de.uka.ilkd.key.proof.io.KeYFile.readIncludes(KeYFile.java:208)
	... 14 more
Could not find rule file rules/intRulesCheckedSemantics.key (file: /home/runner/work/key/key/key.core/../key.ui/examples/index/.././standard_key/java_dl/switch/empty_switch_array_out_of_bounds.key; caused by: de.uka.ilkd.key.proof.init.ProofInputException: Could not find rule file rules/intRulesCheckedSemantics.key)
	at de.uka.ilkd.key.control.AbstractUserInterfaceControl.load(AbstractUserInterfaceControl.java:221)
	at de.uka.ilkd.key.control.KeYEnvironment.load(KeYEnvironment.java:251)
	at de.uka.ilkd.key.control.KeYEnvironment.load(KeYEnvironment.java:224)
	at de.uka.ilkd.key.control.KeYEnvironment.load(KeYEnvironment.java:184)
	at de.uka.ilkd.key.control.KeYEnvironment.load(KeYEnvironment.java:261)
	at de.uka.ilkd.key.proof.runallproofs.proofcollection.TestFile.load(TestFile.java:270)
	at de.uka.ilkd.key.proof.runallproofs.proofcollection.TestFile.runKey(TestFile.java:160)
	at de.uka.ilkd.key.proof.runallproofs.proofcollection.ForkedTestFileRunner.main(ForkedTestFileRunner.java:171)
Caused by: de.uka.ilkd.key.proof.init.ProofInputException: Could not find rule file rules/intRulesCheckedSemantics.key
	at de.uka.ilkd.key.proof.io.KeYFile.readIncludes(KeYFile.java:210)
	at de.uka.ilkd.key.proof.init.ProblemInitializer.readIncludes(ProblemInitializer.java:177)
	at de.uka.ilkd.key.proof.init.ProblemInitializer.readEnvInput(ProblemInitializer.java:325)
	at de.uka.ilkd.key.proof.init.ProblemInitializer.prepare(ProblemInitializer.java:449)
	at de.uka.ilkd.key.proof.io.AbstractProblemLoader.createInitConfig(AbstractProblemLoader.java:518)
	at de.uka.ilkd.key.proof.io.AbstractProblemLoader.loadEnvironment(AbstractProblemLoader.java:288)
	at de.uka.ilkd.key.proof.io.AbstractProblemLoader.load(AbstractProblemLoader.java:252)
	at de.uka.ilkd.key.control.AbstractUserInterfaceControl.load(AbstractUserInterfaceControl.java:209)
	... 7 more
Caused by: java.lang.RuntimeException: Could not find rule file rules/intRulesCheckedSemantics.key
	at de.uka.ilkd.key.proof.io.RuleSourceFactory.fromBuiltInRule(RuleSourceFactory.java:32)
	at de.uka.ilkd.key.proof.io.RuleSourceFactory.fromDefaultLocation(RuleSourceFactory.java:21)
	at de.uka.ilkd.key.nparser.builder.IncludeFinder.addInclude(IncludeFinder.java:63)
	at de.uka.ilkd.key.nparser.builder.IncludeFinder.visitOne_include(IncludeFinder.java:43)
	at de.uka.ilkd.key.nparser.builder.IncludeFinder.visitOne_include(IncludeFinder.java:20)
	at de.uka.ilkd.key.nparser.KeYParser$One_includeContext.accept(KeYParser.java:878)
	at de.uka.ilkd.key.nparser.builder.AbstractBuilder.lambda$mapOf$0(AbstractBuilder.java:112)
	at java.base/java.util.stream.ReferencePipeline$3$1.accept(ReferencePipeline.java:195)
	at java.base/java.util.ArrayList$ArrayListSpliterator.forEachRemaining(ArrayList.java:1655)
	at java.base/java.util.stream.AbstractPipeline.copyInto(AbstractPipeline.java:484)
	at java.base/java.util.stream.AbstractPipeline.wrapAndCopyInto(AbstractPipeline.java:474)
	at java.base/java.util.stream.ReduceOps$ReduceOp.evaluateSequential(ReduceOps.java:913)
	at java.base/java.util.stream.AbstractPipeline.evaluate(AbstractPipeline.java:234)
	at java.base/java.util.stream.ReferencePipeline.collect(ReferencePipeline.java:578)
	at de.uka.ilkd.key.nparser.builder.AbstractBuilder.mapOf(AbstractBuilder.java:112)
	at de.uka.ilkd.key.nparser.builder.IncludeFinder.visitOne_include_statement(IncludeFinder.java:35)
	at de.uka.ilkd.key.nparser.builder.IncludeFinder.visitOne_include_statement(IncludeFinder.java:20)
	at de.uka.ilkd.key.nparser.KeYParser$One_include_statementContext.accept(KeYParser.java:802)
	at org.antlr.v4.runtime.tree.AbstractParseTreeVisitor.visitChildren(AbstractParseTreeVisitor.java:46)
	at de.uka.ilkd.key.nparser.KeYParserBaseVisitor.visitDecls(KeYParserBaseVisitor.java:30)
	at de.uka.ilkd.key.nparser.KeYParser$DeclsContext.accept(KeYParser.java:500)
	at org.antlr.v4.runtime.tree.AbstractParseTreeVisitor.visitChildren(AbstractParseTreeVisitor.java:46)
	at de.uka.ilkd.key.nparser.KeYParserBaseVisitor.visitFile(KeYParserBaseVisitor.java:23)
	at de.uka.ilkd.key.nparser.KeYParser$FileContext.accept(KeYParser.java:306)
	at de.uka.ilkd.key.nparser.KeyAst.accept(KeyAst.java:41)
	at de.uka.ilkd.key.nparser.KeyAst$File.getIncludes(KeyAst.java:76)
	at de.uka.ilkd.key.proof.io.KeYFile.readIncludes(KeYFile.java:208)
	... 14 more
Could not find rule file rules/intRulesCheckedSemantics.key (file: /home/runner/work/key/key/key.core/../key.ui/examples/index/.././standard_key/java_dl/switch/empty_switch_array_out_of_bounds_catch.key; caused by: de.uka.ilkd.key.proof.init.ProofInputException: Could not find rule file rules/intRulesCheckedSemantics.key)
	at de.uka.ilkd.key.control.AbstractUserInterfaceControl.load(AbstractUserInterfaceControl.java:221)
	at de.uka.ilkd.key.control.KeYEnvironment.load(KeYEnvironment.java:251)
	at de.uka.ilkd.key.control.KeYEnvironment.load(KeYEnvironment.java:224)
	at de.uka.ilkd.key.control.KeYEnvironment.load(KeYEnvironment.java:184)
	at de.uka.ilkd.key.control.KeYEnvironment.load(KeYEnvironment.java:261)
	at de.uka.ilkd.key.proof.runallproofs.proofcollection.TestFile.load(TestFile.java:270)
	at de.uka.ilkd.key.proof.runallproofs.proofcollection.TestFile.runKey(TestFile.java:160)
	at de.uka.ilkd.key.proof.runallproofs.proofcollection.ForkedTestFileRunner.main(ForkedTestFileRunner.java:171)
Caused by: de.uka.ilkd.key.proof.init.ProofInputException: Could not find rule file rules/intRulesCheckedSemantics.key
	at de.uka.ilkd.key.proof.io.KeYFile.readIncludes(KeYFile.java:210)
	at de.uka.ilkd.key.proof.init.ProblemInitializer.readIncludes(ProblemInitializer.java:177)
	at de.uka.ilkd.key.proof.init.ProblemInitializer.readEnvInput(ProblemInitializer.java:325)
	at de.uka.ilkd.key.proof.init.ProblemInitializer.prepare(ProblemInitializer.java:449)
	at de.uka.ilkd.key.proof.io.AbstractProblemLoader.createInitConfig(AbstractProblemLoader.java:518)
	at de.uka.ilkd.key.proof.io.AbstractProblemLoader.loadEnvironment(AbstractProblemLoader.java:288)
	at de.uka.ilkd.key.proof.io.AbstractProblemLoader.load(AbstractProblemLoader.java:252)
	at de.uka.ilkd.key.control.AbstractUserInterfaceControl.load(AbstractUserInterfaceControl.java:209)
	... 7 more
Caused by: java.lang.RuntimeException: Could not find rule file rules/intRulesCheckedSemantics.key
	at de.uka.ilkd.key.proof.io.RuleSourceFactory.fromBuiltInRule(RuleSourceFactory.java:32)
	at de.uka.ilkd.key.proof.io.RuleSourceFactory.fromDefaultLocation(RuleSourceFactory.java:21)
	at de.uka.ilkd.key.nparser.builder.IncludeFinder.addInclude(IncludeFinder.java:63)
	at de.uka.ilkd.key.nparser.builder.IncludeFinder.visitOne_include(IncludeFinder.java:43)
	at de.uka.ilkd.key.nparser.builder.IncludeFinder.visitOne_include(IncludeFinder.java:20)
	at de.uka.ilkd.key.nparser.KeYParser$One_includeContext.accept(KeYParser.java:878)
	at de.uka.ilkd.key.nparser.builder.AbstractBuilder.lambda$mapOf$0(AbstractBuilder.java:112)
	at java.base/java.util.stream.ReferencePipeline$3$1.accept(ReferencePipeline.java:195)
	at java.base/java.util.ArrayList$ArrayListSpliterator.forEachRemaining(ArrayList.java:1655)
	at java.base/java.util.stream.AbstractPipeline.copyInto(AbstractPipeline.java:484)
	at java.base/java.util.stream.AbstractPipeline.wrapAndCopyInto(AbstractPipeline.java:474)
	at java.base/java.util.stream.ReduceOps$ReduceOp.evaluateSequential(ReduceOps.java:913)
	at java.base/java.util.stream.AbstractPipeline.evaluate(AbstractPipeline.java:234)
	at java.base/java.util.stream.ReferencePipeline.collect(ReferencePipeline.java:578)
	at de.uka.ilkd.key.nparser.builder.AbstractBuilder.mapOf(AbstractBuilder.java:112)
	at de.uka.ilkd.key.nparser.builder.IncludeFinder.visitOne_include_statement(IncludeFinder.java:35)
	at de.uka.ilkd.key.nparser.builder.IncludeFinder.visitOne_include_statement(IncludeFinder.java:20)
	at de.uka.ilkd.key.nparser.KeYParser$One_include_statementContext.accept(KeYParser.java:802)
	at org.antlr.v4.runtime.tree.AbstractParseTreeVisitor.visitChildren(AbstractParseTreeVisitor.java:46)
	at de.uka.ilkd.key.nparser.KeYParserBaseVisitor.visitDecls(KeYParserBaseVisitor.java:30)
	at de.uka.ilkd.key.nparser.KeYParser$DeclsContext.accept(KeYParser.java:500)
	at org.antlr.v4.runtime.tree.AbstractParseTreeVisitor.visitChildren(AbstractParseTreeVisitor.java:46)
	at de.uka.ilkd.key.nparser.KeYParserBaseVisitor.visitFile(KeYParserBaseVisitor.java:23)
	at de.uka.ilkd.key.nparser.KeYParser$FileContext.accept(KeYParser.java:306)
	at de.uka.ilkd.key.nparser.KeyAst.accept(KeyAst.java:41)
	at de.uka.ilkd.key.nparser.KeyAst$File.getIncludes(KeyAst.java:76)
	at de.uka.ilkd.key.proof.io.KeYFile.readIncludes(KeYFile.java:208)
	... 14 more
Could not find rule file rules/intRulesCheckedSemantics.key (file: /home/runner/work/key/key/key.core/../key.ui/examples/index/.././standard_key/java_dl/switch/switch_in_switch.key; caused by: de.uka.ilkd.key.proof.init.ProofInputException: Could not find rule file rules/intRulesCheckedSemantics.key)
	at de.uka.ilkd.key.control.AbstractUserInterfaceControl.load(AbstractUserInterfaceControl.java:221)
	at de.uka.ilkd.key.control.KeYEnvironment.load(KeYEnvironment.java:251)
	at de.uka.ilkd.key.control.KeYEnvironment.load(KeYEnvironment.java:224)
	at de.uka.ilkd.key.control.KeYEnvironment.load(KeYEnvironment.java:184)
	at de.uka.ilkd.key.control.KeYEnvironment.load(KeYEnvironment.java:261)
	at de.uka.ilkd.key.proof.runallproofs.proofcollection.TestFile.load(TestFile.java:270)
	at de.uka.ilkd.key.proof.runallproofs.proofcollection.TestFile.runKey(TestFile.java:160)
	at de.uka.ilkd.key.proof.runallproofs.proofcollection.ForkedTestFileRunner.main(ForkedTestFileRunner.java:171)
Caused by: de.uka.ilkd.key.proof.init.ProofInputException: Could not find rule file rules/intRulesCheckedSemantics.key
	at de.uka.ilkd.key.proof.io.KeYFile.readIncludes(KeYFile.java:210)
	at de.uka.ilkd.key.proof.init.ProblemInitializer.readIncludes(ProblemInitializer.java:177)
	at de.uka.ilkd.key.proof.init.ProblemInitializer.readEnvInput(ProblemInitializer.java:325)
	at de.uka.ilkd.key.proof.init.ProblemInitializer.prepare(ProblemInitializer.java:449)
	at de.uka.ilkd.key.proof.io.AbstractProblemLoader.createInitConfig(AbstractProblemLoader.java:518)
	at de.uka.ilkd.key.proof.io.AbstractProblemLoader.loadEnvironment(AbstractProblemLoader.java:288)
	at de.uka.ilkd.key.proof.io.AbstractProblemLoader.load(AbstractProblemLoader.java:252)
	at de.uka.ilkd.key.control.AbstractUserInterfaceControl.load(AbstractUserInterfaceControl.java:209)
	... 7 more
Caused by: java.lang.RuntimeException: Could not find rule file rules/intRulesCheckedSemantics.key
	at de.uka.ilkd.key.proof.io.RuleSourceFactory.fromBuiltInRule(RuleSourceFactory.java:32)
	at de.uka.ilkd.key.proof.io.RuleSourceFactory.fromDefaultLocation(RuleSourceFactory.java:21)
	at de.uka.ilkd.key.nparser.builder.IncludeFinder.addInclude(IncludeFinder.java:63)
	at de.uka.ilkd.key.nparser.builder.IncludeFinder.visitOne_include(IncludeFinder.java:43)
	at de.uka.ilkd.key.nparser.builder.IncludeFinder.visitOne_include(IncludeFinder.java:20)
	at de.uka.ilkd.key.nparser.KeYParser$One_includeContext.accept(KeYParser.java:878)
	at de.uka.ilkd.key.nparser.builder.AbstractBuilder.lambda$mapOf$0(AbstractBuilder.java:112)
	at java.base/java.util.stream.ReferencePipeline$3$1.accept(ReferencePipeline.java:195)
	at java.base/java.util.ArrayList$ArrayListSpliterator.forEachRemaining(ArrayList.java:1655)
	at java.base/java.util.stream.AbstractPipeline.copyInto(AbstractPipeline.java:484)
	at java.base/java.util.stream.AbstractPipeline.wrapAndCopyInto(AbstractPipeline.java:474)
	at java.base/java.util.stream.ReduceOps$ReduceOp.evaluateSequential(ReduceOps.java:913)
	at java.base/java.util.stream.AbstractPipeline.evaluate(AbstractPipeline.java:234)
	at java.base/java.util.stream.ReferencePipeline.collect(ReferencePipeline.java:578)
	at de.uka.ilkd.key.nparser.builder.AbstractBuilder.mapOf(AbstractBuilder.java:112)
	at de.uka.ilkd.key.nparser.builder.IncludeFinder.visitOne_include_statement(IncludeFinder.java:35)
	at de.uka.ilkd.key.nparser.builder.IncludeFinder.visitOne_include_statement(IncludeFinder.java:20)
	at de.uka.ilkd.key.nparser.KeYParser$One_include_statementContext.accept(KeYParser.java:802)
	at org.antlr.v4.runtime.tree.AbstractParseTreeVisitor.visitChildren(AbstractParseTreeVisitor.java:46)
	at de.uka.ilkd.key.nparser.KeYParserBaseVisitor.visitDecls(KeYParserBaseVisitor.java:30)
	at de.uka.ilkd.key.nparser.KeYParser$DeclsContext.accept(KeYParser.java:500)
	at org.antlr.v4.runtime.tree.AbstractParseTreeVisitor.visitChildren(AbstractParseTreeVisitor.java:46)
	at de.uka.ilkd.key.nparser.KeYParserBaseVisitor.visitFile(KeYParserBaseVisitor.java:23)
	at de.uka.ilkd.key.nparser.KeYParser$FileContext.accept(KeYParser.java:306)
	at de.uka.ilkd.key.nparser.KeyAst.accept(KeyAst.java:41)
	at de.uka.ilkd.key.nparser.KeyAst$File.getIncludes(KeyAst.java:76)
	at de.uka.ilkd.key.proof.io.KeYFile.readIncludes(KeYFile.java:208)
	... 14 more
Could not find rule file rules/intRulesCheckedSemantics.key (file: /home/runner/work/key/key/key.core/../key.ui/examples/index/.././standard_key/java_dl/switch/while_and_switch.key; caused by: de.uka.ilkd.key.proof.init.ProofInputException: Could not find rule file rules/intRulesCheckedSemantics.key)
	at de.uka.ilkd.key.control.AbstractUserInterfaceControl.load(AbstractUserInterfaceControl.java:221)
	at de.uka.ilkd.key.control.KeYEnvironment.load(KeYEnvironment.java:251)
	at de.uka.ilkd.key.control.KeYEnvironment.load(KeYEnvironment.java:224)
	at de.uka.ilkd.key.control.KeYEnvironment.load(KeYEnvironment.java:184)
	at de.uka.ilkd.key.control.KeYEnvironment.load(KeYEnvironment.java:261)
	at de.uka.ilkd.key.proof.runallproofs.proofcollection.TestFile.load(TestFile.java:270)
	at de.uka.ilkd.key.proof.runallproofs.proofcollection.TestFile.runKey(TestFile.java:160)
	at de.uka.ilkd.key.proof.runallproofs.proofcollection.ForkedTestFileRunner.main(ForkedTestFileRunner.java:171)
Caused by: de.uka.ilkd.key.proof.init.ProofInputException: Could not find rule file rules/intRulesCheckedSemantics.key
	at de.uka.ilkd.key.proof.io.KeYFile.readIncludes(KeYFile.java:210)
	at de.uka.ilkd.key.proof.init.ProblemInitializer.readIncludes(ProblemInitializer.java:177)
	at de.uka.ilkd.key.proof.init.ProblemInitializer.readEnvInput(ProblemInitializer.java:325)
	at de.uka.ilkd.key.proof.init.ProblemInitializer.prepare(ProblemInitializer.java:449)
	at de.uka.ilkd.key.proof.io.AbstractProblemLoader.createInitConfig(AbstractProblemLoader.java:518)
	at de.uka.ilkd.key.proof.io.AbstractProblemLoader.loadEnvironment(AbstractProblemLoader.java:288)
	at de.uka.ilkd.key.proof.io.AbstractProblemLoader.load(AbstractProblemLoader.java:252)
	at de.uka.ilkd.key.control.AbstractUserInterfaceControl.load(AbstractUserInterfaceControl.java:209)
	... 7 more
Caused by: java.lang.RuntimeException: Could not find rule file rules/intRulesCheckedSemantics.key
	at de.uka.ilkd.key.proof.io.RuleSourceFactory.fromBuiltInRule(RuleSourceFactory.java:32)
	at de.uka.ilkd.key.proof.io.RuleSourceFactory.fromDefaultLocation(RuleSourceFactory.java:21)
	at de.uka.ilkd.key.nparser.builder.IncludeFinder.addInclude(IncludeFinder.java:63)
	at de.uka.ilkd.key.nparser.builder.IncludeFinder.visitOne_include(IncludeFinder.java:43)
	at de.uka.ilkd.key.nparser.builder.IncludeFinder.visitOne_include(IncludeFinder.java:20)
	at de.uka.ilkd.key.nparser.KeYParser$One_includeContext.accept(KeYParser.java:878)
	at de.uka.ilkd.key.nparser.builder.AbstractBuilder.lambda$mapOf$0(AbstractBuilder.java:112)
	at java.base/java.util.stream.ReferencePipeline$3$1.accept(ReferencePipeline.java:195)
	at java.base/java.util.ArrayList$ArrayListSpliterator.forEachRemaining(ArrayList.java:1655)
	at java.base/java.util.stream.AbstractPipeline.copyInto(AbstractPipeline.java:484)
	at java.base/java.util.stream.AbstractPipeline.wrapAndCopyInto(AbstractPipeline.java:474)
	at java.base/java.util.stream.ReduceOps$ReduceOp.evaluateSequential(ReduceOps.java:913)
	at java.base/java.util.stream.AbstractPipeline.evaluate(AbstractPipeline.java:234)
	at java.base/java.util.stream.ReferencePipeline.collect(ReferencePipeline.java:578)
	at de.uka.ilkd.key.nparser.builder.AbstractBuilder.mapOf(AbstractBuilder.java:112)
	at de.uka.ilkd.key.nparser.builder.IncludeFinder.visitOne_include_statement(IncludeFinder.java:35)
	at de.uka.ilkd.key.nparser.builder.IncludeFinder.visitOne_include_statement(IncludeFinder.java:20)
	at de.uka.ilkd.key.nparser.KeYParser$One_include_statementContext.accept(KeYParser.java:802)
	at org.antlr.v4.runtime.tree.AbstractParseTreeVisitor.visitChildren(AbstractParseTreeVisitor.java:46)
	at de.uka.ilkd.key.nparser.KeYParserBaseVisitor.visitDecls(KeYParserBaseVisitor.java:30)
	at de.uka.ilkd.key.nparser.KeYParser$DeclsContext.accept(KeYParser.java:500)
	at org.antlr.v4.runtime.tree.AbstractParseTreeVisitor.visitChildren(AbstractParseTreeVisitor.java:46)
	at de.uka.ilkd.key.nparser.KeYParserBaseVisitor.visitFile(KeYParserBaseVisitor.java:23)
	at de.uka.ilkd.key.nparser.KeYParser$FileContext.accept(KeYParser.java:306)
	at de.uka.ilkd.key.nparser.KeyAst.accept(KeyAst.java:41)
	at de.uka.ilkd.key.nparser.KeyAst$File.getIncludes(KeyAst.java:76)
	at de.uka.ilkd.key.proof.io.KeYFile.readIncludes(KeYFile.java:208)
	... 14 more
Could not find rule file rules/intRulesCheckedSemantics.key (file: /home/runner/work/key/key/key.core/../key.ui/examples/index/.././standard_key/java_dl/switch/large_switch.key; caused by: de.uka.ilkd.key.proof.init.ProofInputException: Could not find rule file rules/intRulesCheckedSemantics.key)
	at de.uka.ilkd.key.control.AbstractUserInterfaceControl.load(AbstractUserInterfaceControl.java:221)
	at de.uka.ilkd.key.control.KeYEnvironment.load(KeYEnvironment.java:251)
	at de.uka.ilkd.key.control.KeYEnvironment.load(KeYEnvironment.java:224)
	at de.uka.ilkd.key.control.KeYEnvironment.load(KeYEnvironment.java:184)
	at de.uka.ilkd.key.control.KeYEnvironment.load(KeYEnvironment.java:261)
	at de.uka.ilkd.key.proof.runallproofs.proofcollection.TestFile.load(TestFile.java:270)
	at de.uka.ilkd.key.proof.runallproofs.proofcollection.TestFile.runKey(TestFile.java:160)
	at de.uka.ilkd.key.proof.runallproofs.proofcollection.ForkedTestFileRunner.main(ForkedTestFileRunner.java:171)
Caused by: de.uka.ilkd.key.proof.init.ProofInputException: Could not find rule file rules/intRulesCheckedSemantics.key
	at de.uka.ilkd.key.proof.io.KeYFile.readIncludes(KeYFile.java:210)
	at de.uka.ilkd.key.proof.init.ProblemInitializer.readIncludes(ProblemInitializer.java:177)
	at de.uka.ilkd.key.proof.init.ProblemInitializer.readEnvInput(ProblemInitializer.java:325)
	at de.uka.ilkd.key.proof.init.ProblemInitializer.prepare(ProblemInitializer.java:449)
	at de.uka.ilkd.key.proof.io.AbstractProblemLoader.createInitConfig(AbstractProblemLoader.java:518)
	at de.uka.ilkd.key.proof.io.AbstractProblemLoader.loadEnvironment(AbstractProblemLoader.java:288)
	at de.uka.ilkd.key.proof.io.AbstractProblemLoader.load(AbstractProblemLoader.java:252)
	at de.uka.ilkd.key.control.AbstractUserInterfaceControl.load(AbstractUserInterfaceControl.java:209)
	... 7 more
Caused by: java.lang.RuntimeException: Could not find rule file rules/intRulesCheckedSemantics.key
	at de.uka.ilkd.key.proof.io.RuleSourceFactory.fromBuiltInRule(RuleSourceFactory.java:32)
	at de.uka.ilkd.key.proof.io.RuleSourceFactory.fromDefaultLocation(RuleSourceFactory.java:21)
	at de.uka.ilkd.key.nparser.builder.IncludeFinder.addInclude(IncludeFinder.java:63)
	at de.uka.ilkd.key.nparser.builder.IncludeFinder.visitOne_include(IncludeFinder.java:43)
	at de.uka.ilkd.key.nparser.builder.IncludeFinder.visitOne_include(IncludeFinder.java:20)
	at de.uka.ilkd.key.nparser.KeYParser$One_includeContext.accept(KeYParser.java:878)
	at de.uka.ilkd.key.nparser.builder.AbstractBuilder.lambda$mapOf$0(AbstractBuilder.java:112)
	at java.base/java.util.stream.ReferencePipeline$3$1.accept(ReferencePipeline.java:195)
	at java.base/java.util.ArrayList$ArrayListSpliterator.forEachRemaining(ArrayList.java:1655)
	at java.base/java.util.stream.AbstractPipeline.copyInto(AbstractPipeline.java:484)
	at java.base/java.util.stream.AbstractPipeline.wrapAndCopyInto(AbstractPipeline.java:474)
	at java.base/java.util.stream.ReduceOps$ReduceOp.evaluateSequential(ReduceOps.java:913)
	at java.base/java.util.stream.AbstractPipeline.evaluate(AbstractPipeline.java:234)
	at java.base/java.util.stream.ReferencePipeline.collect(ReferencePipeline.java:578)
	at de.uka.ilkd.key.nparser.builder.AbstractBuilder.mapOf(AbstractBuilder.java:112)
	at de.uka.ilkd.key.nparser.builder.IncludeFinder.visitOne_include_statement(IncludeFinder.java:35)
	at de.uka.ilkd.key.nparser.builder.IncludeFinder.visitOne_include_statement(IncludeFinder.java:20)
	at de.uka.ilkd.key.nparser.KeYParser$One_include_statementContext.accept(KeYParser.java:802)
	at org.antlr.v4.runtime.tree.AbstractParseTreeVisitor.visitChildren(AbstractParseTreeVisitor.java:46)
	at de.uka.ilkd.key.nparser.KeYParserBaseVisitor.visitDecls(KeYParserBaseVisitor.java:30)
	at de.uka.ilkd.key.nparser.KeYParser$DeclsContext.accept(KeYParser.java:500)
	at org.antlr.v4.runtime.tree.AbstractParseTreeVisitor.visitChildren(AbstractParseTreeVisitor.java:46)
	at de.uka.ilkd.key.nparser.KeYParserBaseVisitor.visitFile(KeYParserBaseVisitor.java:23)
	at de.uka.ilkd.key.nparser.KeYParser$FileContext.accept(KeYParser.java:306)
	at de.uka.ilkd.key.nparser.KeyAst.accept(KeyAst.java:41)
	at de.uka.ilkd.key.nparser.KeyAst$File.getIncludes(KeyAst.java:76)
	at de.uka.ilkd.key.proof.io.KeYFile.readIncludes(KeYFile.java:208)
	... 14 more
Exception in thread "main" org.opentest4j.AssertionFailedError: Exception during the execution of proofs. See log for more details.
	at org.junit.jupiter.api.AssertionUtils.fail(AssertionUtils.java:39)
	at org.junit.jupiter.api.Assertions.fail(Assertions.java:134)
	at de.uka.ilkd.key.proof.runallproofs.proofcollection.ForkedTestFileRunner.main(ForkedTestFileRunner.java:192)
Timeout watcher launched (2000 secs.)
Could not find rule file rules/intRulesCheckedSemantics.key (file: /home/runner/work/key/key/key.core/../key.ui/examples/index/.././redux/arrays/Arrays.copyOf.key; caused by: de.uka.ilkd.key.proof.init.ProofInputException: Could not find rule file rules/intRulesCheckedSemantics.key)
	at de.uka.ilkd.key.control.AbstractUserInterfaceControl.load(AbstractUserInterfaceControl.java:221)
	at de.uka.ilkd.key.control.KeYEnvironment.load(KeYEnvironment.java:251)
	at de.uka.ilkd.key.control.KeYEnvironment.load(KeYEnvironment.java:224)
	at de.uka.ilkd.key.control.KeYEnvironment.load(KeYEnvironment.java:184)
	at de.uka.ilkd.key.control.KeYEnvironment.load(KeYEnvironment.java:261)
	at de.uka.ilkd.key.proof.runallproofs.proofcollection.TestFile.load(TestFile.java:270)
	at de.uka.ilkd.key.proof.runallproofs.proofcollection.TestFile.runKey(TestFile.java:160)
	at de.uka.ilkd.key.proof.runallproofs.proofcollection.ForkedTestFileRunner.main(ForkedTestFileRunner.java:171)
Caused by: de.uka.ilkd.key.proof.init.ProofInputException: Could not find rule file rules/intRulesCheckedSemantics.key
	at de.uka.ilkd.key.proof.io.KeYFile.readIncludes(KeYFile.java:210)
	at de.uka.ilkd.key.proof.init.ProblemInitializer.readIncludes(ProblemInitializer.java:177)
	at de.uka.ilkd.key.proof.init.ProblemInitializer.readEnvInput(ProblemInitializer.java:325)
	at de.uka.ilkd.key.proof.init.ProblemInitializer.prepare(ProblemInitializer.java:449)
	at de.uka.ilkd.key.proof.io.AbstractProblemLoader.createInitConfig(AbstractProblemLoader.java:518)
	at de.uka.ilkd.key.proof.io.AbstractProblemLoader.loadEnvironment(AbstractProblemLoader.java:288)
	at de.uka.ilkd.key.proof.io.AbstractProblemLoader.load(AbstractProblemLoader.java:252)
	at de.uka.ilkd.key.control.AbstractUserInterfaceControl.load(AbstractUserInterfaceControl.java:209)
	... 7 more
Caused by: java.lang.RuntimeException: Could not find rule file rules/intRulesCheckedSemantics.key
	at de.uka.ilkd.key.proof.io.RuleSourceFactory.fromBuiltInRule(RuleSourceFactory.java:32)
	at de.uka.ilkd.key.proof.io.RuleSourceFactory.fromDefaultLocation(RuleSourceFactory.java:21)
	at de.uka.ilkd.key.nparser.builder.IncludeFinder.addInclude(IncludeFinder.java:63)
	at de.uka.ilkd.key.nparser.builder.IncludeFinder.visitOne_include(IncludeFinder.java:43)
	at de.uka.ilkd.key.nparser.builder.IncludeFinder.visitOne_include(IncludeFinder.java:20)
	at de.uka.ilkd.key.nparser.KeYParser$One_includeContext.accept(KeYParser.java:878)
	at de.uka.ilkd.key.nparser.builder.AbstractBuilder.lambda$mapOf$0(AbstractBuilder.java:112)
	at java.base/java.util.stream.ReferencePipeline$3$1.accept(ReferencePipeline.java:195)
	at java.base/java.util.ArrayList$ArrayListSpliterator.forEachRemaining(ArrayList.java:1655)
	at java.base/java.util.stream.AbstractPipeline.copyInto(AbstractPipeline.java:484)
	at java.base/java.util.stream.AbstractPipeline.wrapAndCopyInto(AbstractPipeline.java:474)
	at java.base/java.util.stream.ReduceOps$ReduceOp.evaluateSequential(ReduceOps.java:913)
	at java.base/java.util.stream.AbstractPipeline.evaluate(AbstractPipeline.java:234)
	at java.base/java.util.stream.ReferencePipeline.collect(ReferencePipeline.java:578)
	at de.uka.ilkd.key.nparser.builder.AbstractBuilder.mapOf(AbstractBuilder.java:112)
	at de.uka.ilkd.key.nparser.builder.IncludeFinder.visitOne_include_statement(IncludeFinder.java:35)
	at de.uka.ilkd.key.nparser.builder.IncludeFinder.visitOne_include_statement(IncludeFinder.java:20)
	at de.uka.ilkd.key.nparser.KeYParser$One_include_statementContext.accept(KeYParser.java:802)
	at org.antlr.v4.runtime.tree.AbstractParseTreeVisitor.visitChildren(AbstractParseTreeVisitor.java:46)
	at de.uka.ilkd.key.nparser.KeYParserBaseVisitor.visitDecls(KeYParserBaseVisitor.java:30)
	at de.uka.ilkd.key.nparser.KeYParser$DeclsContext.accept(KeYParser.java:500)
	at org.antlr.v4.runtime.tree.AbstractParseTreeVisitor.visitChildren(AbstractParseTreeVisitor.java:46)
	at de.uka.ilkd.key.nparser.KeYParserBaseVisitor.visitFile(KeYParserBaseVisitor.java:23)
	at de.uka.ilkd.key.nparser.KeYParser$FileContext.accept(KeYParser.java:306)
	at de.uka.ilkd.key.nparser.KeyAst.accept(KeyAst.java:41)
	at de.uka.ilkd.key.nparser.KeyAst$File.getIncludes(KeyAst.java:76)
	at de.uka.ilkd.key.proof.io.KeYFile.readIncludes(KeYFile.java:208)
	... 14 more
Could not find rule file rules/intRulesCheckedSemantics.key (file: /home/runner/work/key/key/key.core/../key.ui/examples/index/.././redux/arrays/Arrays.copyOf.float.key; caused by: de.uka.ilkd.key.proof.init.ProofInputException: Could not find rule file rules/intRulesCheckedSemantics.key)
	at de.uka.ilkd.key.control.AbstractUserInterfaceControl.load(AbstractUserInterfaceControl.java:221)
	at de.uka.ilkd.key.control.KeYEnvironment.load(KeYEnvironment.java:251)
	at de.uka.ilkd.key.control.KeYEnvironment.load(KeYEnvironment.java:224)
	at de.uka.ilkd.key.control.KeYEnvironment.load(KeYEnvironment.java:184)
	at de.uka.ilkd.key.control.KeYEnvironment.load(KeYEnvironment.java:261)
	at de.uka.ilkd.key.proof.runallproofs.proofcollection.TestFile.load(TestFile.java:270)
	at de.uka.ilkd.key.proof.runallproofs.proofcollection.TestFile.runKey(TestFile.java:160)
	at de.uka.ilkd.key.proof.runallproofs.proofcollection.ForkedTestFileRunner.main(ForkedTestFileRunner.java:171)
Caused by: de.uka.ilkd.key.proof.init.ProofInputException: Could not find rule file rules/intRulesCheckedSemantics.key
	at de.uka.ilkd.key.proof.io.KeYFile.readIncludes(KeYFile.java:210)
	at de.uka.ilkd.key.proof.init.ProblemInitializer.readIncludes(ProblemInitializer.java:177)
	at de.uka.ilkd.key.proof.init.ProblemInitializer.readEnvInput(ProblemInitializer.java:325)
	at de.uka.ilkd.key.proof.init.ProblemInitializer.prepare(ProblemInitializer.java:449)
	at de.uka.ilkd.key.proof.io.AbstractProblemLoader.createInitConfig(AbstractProblemLoader.java:518)
	at de.uka.ilkd.key.proof.io.AbstractProblemLoader.loadEnvironment(AbstractProblemLoader.java:288)
	at de.uka.ilkd.key.proof.io.AbstractProblemLoader.load(AbstractProblemLoader.java:252)
	at de.uka.ilkd.key.control.AbstractUserInterfaceControl.load(AbstractUserInterfaceControl.java:209)
	... 7 more
Caused by: java.lang.RuntimeException: Could not find rule file rules/intRulesCheckedSemantics.key
	at de.uka.ilkd.key.proof.io.RuleSourceFactory.fromBuiltInRule(RuleSourceFactory.java:32)
	at de.uka.ilkd.key.proof.io.RuleSourceFactory.fromDefaultLocation(RuleSourceFactory.java:21)
	at de.uka.ilkd.key.nparser.builder.IncludeFinder.addInclude(IncludeFinder.java:63)
	at de.uka.ilkd.key.nparser.builder.IncludeFinder.visitOne_include(IncludeFinder.java:43)
	at de.uka.ilkd.key.nparser.builder.IncludeFinder.visitOne_include(IncludeFinder.java:20)
	at de.uka.ilkd.key.nparser.KeYParser$One_includeContext.accept(KeYParser.java:878)
	at de.uka.ilkd.key.nparser.builder.AbstractBuilder.lambda$mapOf$0(AbstractBuilder.java:112)
	at java.base/java.util.stream.ReferencePipeline$3$1.accept(ReferencePipeline.java:195)
	at java.base/java.util.ArrayList$ArrayListSpliterator.forEachRemaining(ArrayList.java:1655)
	at java.base/java.util.stream.AbstractPipeline.copyInto(AbstractPipeline.java:484)
	at java.base/java.util.stream.AbstractPipeline.wrapAndCopyInto(AbstractPipeline.java:474)
	at java.base/java.util.stream.ReduceOps$ReduceOp.evaluateSequential(ReduceOps.java:913)
	at java.base/java.util.stream.AbstractPipeline.evaluate(AbstractPipeline.java:234)
	at java.base/java.util.stream.ReferencePipeline.collect(ReferencePipeline.java:578)
	at de.uka.ilkd.key.nparser.builder.AbstractBuilder.mapOf(AbstractBuilder.java:112)
	at de.uka.ilkd.key.nparser.builder.IncludeFinder.visitOne_include_statement(IncludeFinder.java:35)
	at de.uka.ilkd.key.nparser.builder.IncludeFinder.visitOne_include_statement(IncludeFinder.java:20)
	at de.uka.ilkd.key.nparser.KeYParser$One_include_statementContext.accept(KeYParser.java:802)
	at org.antlr.v4.runtime.tree.AbstractParseTreeVisitor.visitChildren(AbstractParseTreeVisitor.java:46)
	at de.uka.ilkd.key.nparser.KeYParserBaseVisitor.visitDecls(KeYParserBaseVisitor.java:30)
	at de.uka.ilkd.key.nparser.KeYParser$DeclsContext.accept(KeYParser.java:500)
	at org.antlr.v4.runtime.tree.AbstractParseTreeVisitor.visitChildren(AbstractParseTreeVisitor.java:46)
	at de.uka.ilkd.key.nparser.KeYParserBaseVisitor.visitFile(KeYParserBaseVisitor.java:23)
	at de.uka.ilkd.key.nparser.KeYParser$FileContext.accept(KeYParser.java:306)
	at de.uka.ilkd.key.nparser.KeyAst.accept(KeyAst.java:41)
	at de.uka.ilkd.key.nparser.KeyAst$File.getIncludes(KeyAst.java:76)
	at de.uka.ilkd.key.proof.io.KeYFile.readIncludes(KeYFile.java:208)
	... 14 more
Could not find rule file rules/intRulesCheckedSemantics.key (file: /home/runner/work/key/key/key.core/../key.ui/examples/index/.././redux/arrays/Arrays.copyOfRange.key; caused by: de.uka.ilkd.key.proof.init.ProofInputException: Could not find rule file rules/intRulesCheckedSemantics.key)
	at de.uka.ilkd.key.control.AbstractUserInterfaceControl.load(AbstractUserInterfaceControl.java:221)
	at de.uka.ilkd.key.control.KeYEnvironment.load(KeYEnvironment.java:251)
	at de.uka.ilkd.key.control.KeYEnvironment.load(KeYEnvironment.java:224)
	at de.uka.ilkd.key.control.KeYEnvironment.load(KeYEnvironment.java:184)
	at de.uka.ilkd.key.control.KeYEnvironment.load(KeYEnvironment.java:261)
	at de.uka.ilkd.key.proof.runallproofs.proofcollection.TestFile.load(TestFile.java:270)
	at de.uka.ilkd.key.proof.runallproofs.proofcollection.TestFile.runKey(TestFile.java:160)
	at de.uka.ilkd.key.proof.runallproofs.proofcollection.ForkedTestFileRunner.main(ForkedTestFileRunner.java:171)
Caused by: de.uka.ilkd.key.proof.init.ProofInputException: Could not find rule file rules/intRulesCheckedSemantics.key
	at de.uka.ilkd.key.proof.io.KeYFile.readIncludes(KeYFile.java:210)
	at de.uka.ilkd.key.proof.init.ProblemInitializer.readIncludes(ProblemInitializer.java:177)
	at de.uka.ilkd.key.proof.init.ProblemInitializer.readEnvInput(ProblemInitializer.java:325)
	at de.uka.ilkd.key.proof.init.ProblemInitializer.prepare(ProblemInitializer.java:449)
	at de.uka.ilkd.key.proof.io.AbstractProblemLoader.createInitConfig(AbstractProblemLoader.java:518)
	at de.uka.ilkd.key.proof.io.AbstractProblemLoader.loadEnvironment(AbstractProblemLoader.java:288)
	at de.uka.ilkd.key.proof.io.AbstractProblemLoader.load(AbstractProblemLoader.java:252)
	at de.uka.ilkd.key.control.AbstractUserInterfaceControl.load(AbstractUserInterfaceControl.java:209)
	... 7 more
Caused by: java.lang.RuntimeException: Could not find rule file rules/intRulesCheckedSemantics.key
	at de.uka.ilkd.key.proof.io.RuleSourceFactory.fromBuiltInRule(RuleSourceFactory.java:32)
	at de.uka.ilkd.key.proof.io.RuleSourceFactory.fromDefaultLocation(RuleSourceFactory.java:21)
	at de.uka.ilkd.key.nparser.builder.IncludeFinder.addInclude(IncludeFinder.java:63)
	at de.uka.ilkd.key.nparser.builder.IncludeFinder.visitOne_include(IncludeFinder.java:43)
	at de.uka.ilkd.key.nparser.builder.IncludeFinder.visitOne_include(IncludeFinder.java:20)
	at de.uka.ilkd.key.nparser.KeYParser$One_includeContext.accept(KeYParser.java:878)
	at de.uka.ilkd.key.nparser.builder.AbstractBuilder.lambda$mapOf$0(AbstractBuilder.java:112)
	at java.base/java.util.stream.ReferencePipeline$3$1.accept(ReferencePipeline.java:195)
	at java.base/java.util.ArrayList$ArrayListSpliterator.forEachRemaining(ArrayList.java:1655)
	at java.base/java.util.stream.AbstractPipeline.copyInto(AbstractPipeline.java:484)
	at java.base/java.util.stream.AbstractPipeline.wrapAndCopyInto(AbstractPipeline.java:474)
	at java.base/java.util.stream.ReduceOps$ReduceOp.evaluateSequential(ReduceOps.java:913)
	at java.base/java.util.stream.AbstractPipeline.evaluate(AbstractPipeline.java:234)
	at java.base/java.util.stream.ReferencePipeline.collect(ReferencePipeline.java:578)
	at de.uka.ilkd.key.nparser.builder.AbstractBuilder.mapOf(AbstractBuilder.java:112)
	at de.uka.ilkd.key.nparser.builder.IncludeFinder.visitOne_include_statement(IncludeFinder.java:35)
	at de.uka.ilkd.key.nparser.builder.IncludeFinder.visitOne_include_statement(IncludeFinder.java:20)
	at de.uka.ilkd.key.nparser.KeYParser$One_include_statementContext.accept(KeYParser.java:802)
	at org.antlr.v4.runtime.tree.AbstractParseTreeVisitor.visitChildren(AbstractParseTreeVisitor.java:46)
	at de.uka.ilkd.key.nparser.KeYParserBaseVisitor.visitDecls(KeYParserBaseVisitor.java:30)
	at de.uka.ilkd.key.nparser.KeYParser$DeclsContext.accept(KeYParser.java:500)
	at org.antlr.v4.runtime.tree.AbstractParseTreeVisitor.visitChildren(AbstractParseTreeVisitor.java:46)
	at de.uka.ilkd.key.nparser.KeYParserBaseVisitor.visitFile(KeYParserBaseVisitor.java:23)
	at de.uka.ilkd.key.nparser.KeYParser$FileContext.accept(KeYParser.java:306)
	at de.uka.ilkd.key.nparser.KeyAst.accept(KeyAst.java:41)
	at de.uka.ilkd.key.nparser.KeyAst$File.getIncludes(KeyAst.java:76)
	at de.uka.ilkd.key.proof.io.KeYFile.readIncludes(KeYFile.java:208)
	... 14 more
Could not find rule file rules/intRulesCheckedSemantics.key (file: /home/runner/work/key/key/key.core/../key.ui/examples/index/.././redux/arrays/Arrays.copyOfRange.float.key; caused by: de.uka.ilkd.key.proof.init.ProofInputException: Could not find rule file rules/intRulesCheckedSemantics.key)
	at de.uka.ilkd.key.control.AbstractUserInterfaceControl.load(AbstractUserInterfaceControl.java:221)
	at de.uka.ilkd.key.control.KeYEnvironment.load(KeYEnvironment.java:251)
	at de.uka.ilkd.key.control.KeYEnvironment.load(KeYEnvironment.java:224)
	at de.uka.ilkd.key.control.KeYEnvironment.load(KeYEnvironment.java:184)
	at de.uka.ilkd.key.control.KeYEnvironment.load(KeYEnvironment.java:261)
	at de.uka.ilkd.key.proof.runallproofs.proofcollection.TestFile.load(TestFile.java:270)
	at de.uka.ilkd.key.proof.runallproofs.proofcollection.TestFile.runKey(TestFile.java:160)
	at de.uka.ilkd.key.proof.runallproofs.proofcollection.ForkedTestFileRunner.main(ForkedTestFileRunner.java:171)
Caused by: de.uka.ilkd.key.proof.init.ProofInputException: Could not find rule file rules/intRulesCheckedSemantics.key
	at de.uka.ilkd.key.proof.io.KeYFile.readIncludes(KeYFile.java:210)
	at de.uka.ilkd.key.proof.init.ProblemInitializer.readIncludes(ProblemInitializer.java:177)
	at de.uka.ilkd.key.proof.init.ProblemInitializer.readEnvInput(ProblemInitializer.java:325)
	at de.uka.ilkd.key.proof.init.ProblemInitializer.prepare(ProblemInitializer.java:449)
	at de.uka.ilkd.key.proof.io.AbstractProblemLoader.createInitConfig(AbstractProblemLoader.java:518)
	at de.uka.ilkd.key.proof.io.AbstractProblemLoader.loadEnvironment(AbstractProblemLoader.java:288)
	at de.uka.ilkd.key.proof.io.AbstractProblemLoader.load(AbstractProblemLoader.java:252)
	at de.uka.ilkd.key.control.AbstractUserInterfaceControl.load(AbstractUserInterfaceControl.java:209)
	... 7 more
Caused by: java.lang.RuntimeException: Could not find rule file rules/intRulesCheckedSemantics.key
	at de.uka.ilkd.key.proof.io.RuleSourceFactory.fromBuiltInRule(RuleSourceFactory.java:32)
	at de.uka.ilkd.key.proof.io.RuleSourceFactory.fromDefaultLocation(RuleSourceFactory.java:21)
	at de.uka.ilkd.key.nparser.builder.IncludeFinder.addInclude(IncludeFinder.java:63)
	at de.uka.ilkd.key.nparser.builder.IncludeFinder.visitOne_include(IncludeFinder.java:43)
	at de.uka.ilkd.key.nparser.builder.IncludeFinder.visitOne_include(IncludeFinder.java:20)
	at de.uka.ilkd.key.nparser.KeYParser$One_includeContext.accept(KeYParser.java:878)
	at de.uka.ilkd.key.nparser.builder.AbstractBuilder.lambda$mapOf$0(AbstractBuilder.java:112)
	at java.base/java.util.stream.ReferencePipeline$3$1.accept(ReferencePipeline.java:195)
	at java.base/java.util.ArrayList$ArrayListSpliterator.forEachRemaining(ArrayList.java:1655)
	at java.base/java.util.stream.AbstractPipeline.copyInto(AbstractPipeline.java:484)
	at java.base/java.util.stream.AbstractPipeline.wrapAndCopyInto(AbstractPipeline.java:474)
	at java.base/java.util.stream.ReduceOps$ReduceOp.evaluateSequential(ReduceOps.java:913)
	at java.base/java.util.stream.AbstractPipeline.evaluate(AbstractPipeline.java:234)
	at java.base/java.util.stream.ReferencePipeline.collect(ReferencePipeline.java:578)
	at de.uka.ilkd.key.nparser.builder.AbstractBuilder.mapOf(AbstractBuilder.java:112)
	at de.uka.ilkd.key.nparser.builder.IncludeFinder.visitOne_include_statement(IncludeFinder.java:35)
	at de.uka.ilkd.key.nparser.builder.IncludeFinder.visitOne_include_statement(IncludeFinder.java:20)
	at de.uka.ilkd.key.nparser.KeYParser$One_include_statementContext.accept(KeYParser.java:802)
	at org.antlr.v4.runtime.tree.AbstractParseTreeVisitor.visitChildren(AbstractParseTreeVisitor.java:46)
	at de.uka.ilkd.key.nparser.KeYParserBaseVisitor.visitDecls(KeYParserBaseVisitor.java:30)
	at de.uka.ilkd.key.nparser.KeYParser$DeclsContext.accept(KeYParser.java:500)
	at org.antlr.v4.runtime.tree.AbstractParseTreeVisitor.visitChildren(AbstractParseTreeVisitor.java:46)
	at de.uka.ilkd.key.nparser.KeYParserBaseVisitor.visitFile(KeYParserBaseVisitor.java:23)
	at de.uka.ilkd.key.nparser.KeYParser$FileContext.accept(KeYParser.java:306)
	at de.uka.ilkd.key.nparser.KeyAst.accept(KeyAst.java:41)
	at de.uka.ilkd.key.nparser.KeyAst$File.getIncludes(KeyAst.java:76)
	at de.uka.ilkd.key.proof.io.KeYFile.readIncludes(KeYFile.java:208)
	... 14 more
Could not find rule file rules/intRulesCheckedSemantics.key (file: /home/runner/work/key/key/key.core/../key.ui/examples/index/.././redux/arrays/Arrays.equals.key; caused by: de.uka.ilkd.key.proof.init.ProofInputException: Could not find rule file rules/intRulesCheckedSemantics.key)
	at de.uka.ilkd.key.control.AbstractUserInterfaceControl.load(AbstractUserInterfaceControl.java:221)
	at de.uka.ilkd.key.control.KeYEnvironment.load(KeYEnvironment.java:251)
	at de.uka.ilkd.key.control.KeYEnvironment.load(KeYEnvironment.java:224)
	at de.uka.ilkd.key.control.KeYEnvironment.load(KeYEnvironment.java:184)
	at de.uka.ilkd.key.control.KeYEnvironment.load(KeYEnvironment.java:261)
	at de.uka.ilkd.key.proof.runallproofs.proofcollection.TestFile.load(TestFile.java:270)
	at de.uka.ilkd.key.proof.runallproofs.proofcollection.TestFile.runKey(TestFile.java:160)
	at de.uka.ilkd.key.proof.runallproofs.proofcollection.ForkedTestFileRunner.main(ForkedTestFileRunner.java:171)
Caused by: de.uka.ilkd.key.proof.init.ProofInputException: Could not find rule file rules/intRulesCheckedSemantics.key
	at de.uka.ilkd.key.proof.io.KeYFile.readIncludes(KeYFile.java:210)
	at de.uka.ilkd.key.proof.init.ProblemInitializer.readIncludes(ProblemInitializer.java:177)
	at de.uka.ilkd.key.proof.init.ProblemInitializer.readEnvInput(ProblemInitializer.java:325)
	at de.uka.ilkd.key.proof.init.ProblemInitializer.prepare(ProblemInitializer.java:449)
	at de.uka.ilkd.key.proof.io.AbstractProblemLoader.createInitConfig(AbstractProblemLoader.java:518)
	at de.uka.ilkd.key.proof.io.AbstractProblemLoader.loadEnvironment(AbstractProblemLoader.java:288)
	at de.uka.ilkd.key.proof.io.AbstractProblemLoader.load(AbstractProblemLoader.java:252)
	at de.uka.ilkd.key.control.AbstractUserInterfaceControl.load(AbstractUserInterfaceControl.java:209)
	... 7 more
Caused by: java.lang.RuntimeException: Could not find rule file rules/intRulesCheckedSemantics.key
	at de.uka.ilkd.key.proof.io.RuleSourceFactory.fromBuiltInRule(RuleSourceFactory.java:32)
	at de.uka.ilkd.key.proof.io.RuleSourceFactory.fromDefaultLocation(RuleSourceFactory.java:21)
	at de.uka.ilkd.key.nparser.builder.IncludeFinder.addInclude(IncludeFinder.java:63)
	at de.uka.ilkd.key.nparser.builder.IncludeFinder.visitOne_include(IncludeFinder.java:43)
	at de.uka.ilkd.key.nparser.builder.IncludeFinder.visitOne_include(IncludeFinder.java:20)
	at de.uka.ilkd.key.nparser.KeYParser$One_includeContext.accept(KeYParser.java:878)
	at de.uka.ilkd.key.nparser.builder.AbstractBuilder.lambda$mapOf$0(AbstractBuilder.java:112)
	at java.base/java.util.stream.ReferencePipeline$3$1.accept(ReferencePipeline.java:195)
	at java.base/java.util.ArrayList$ArrayListSpliterator.forEachRemaining(ArrayList.java:1655)
	at java.base/java.util.stream.AbstractPipeline.copyInto(AbstractPipeline.java:484)
	at java.base/java.util.stream.AbstractPipeline.wrapAndCopyInto(AbstractPipeline.java:474)
	at java.base/java.util.stream.ReduceOps$ReduceOp.evaluateSequential(ReduceOps.java:913)
	at java.base/java.util.stream.AbstractPipeline.evaluate(AbstractPipeline.java:234)
	at java.base/java.util.stream.ReferencePipeline.collect(ReferencePipeline.java:578)
	at de.uka.ilkd.key.nparser.builder.AbstractBuilder.mapOf(AbstractBuilder.java:112)
	at de.uka.ilkd.key.nparser.builder.IncludeFinder.visitOne_include_statement(IncludeFinder.java:35)
	at de.uka.ilkd.key.nparser.builder.IncludeFinder.visitOne_include_statement(IncludeFinder.java:20)
	at de.uka.ilkd.key.nparser.KeYParser$One_include_statementContext.accept(KeYParser.java:802)
	at org.antlr.v4.runtime.tree.AbstractParseTreeVisitor.visitChildren(AbstractParseTreeVisitor.java:46)
	at de.uka.ilkd.key.nparser.KeYParserBaseVisitor.visitDecls(KeYParserBaseVisitor.java:30)
	at de.uka.ilkd.key.nparser.KeYParser$DeclsContext.accept(KeYParser.java:500)
	at org.antlr.v4.runtime.tree.AbstractParseTreeVisitor.visitChildren(AbstractParseTreeVisitor.java:46)
	at de.uka.ilkd.key.nparser.KeYParserBaseVisitor.visitFile(KeYParserBaseVisitor.java:23)
	at de.uka.ilkd.key.nparser.KeYParser$FileContext.accept(KeYParser.java:306)
	at de.uka.ilkd.key.nparser.KeyAst.accept(KeyAst.java:41)
	at de.uka.ilkd.key.nparser.KeyAst$File.getIncludes(KeyAst.java:76)
	at de.uka.ilkd.key.proof.io.KeYFile.readIncludes(KeYFile.java:208)
	... 14 more
Could not find rule file rules/intRulesCheckedSemantics.key (file: /home/runner/work/key/key/key.core/../key.ui/examples/index/.././redux/arrays/Arrays.fill.key; caused by: de.uka.ilkd.key.proof.init.ProofInputException: Could not find rule file rules/intRulesCheckedSemantics.key)
	at de.uka.ilkd.key.control.AbstractUserInterfaceControl.load(AbstractUserInterfaceControl.java:221)
	at de.uka.ilkd.key.control.KeYEnvironment.load(KeYEnvironment.java:251)
	at de.uka.ilkd.key.control.KeYEnvironment.load(KeYEnvironment.java:224)
	at de.uka.ilkd.key.control.KeYEnvironment.load(KeYEnvironment.java:184)
	at de.uka.ilkd.key.control.KeYEnvironment.load(KeYEnvironment.java:261)
	at de.uka.ilkd.key.proof.runallproofs.proofcollection.TestFile.load(TestFile.java:270)
	at de.uka.ilkd.key.proof.runallproofs.proofcollection.TestFile.runKey(TestFile.java:160)
	at de.uka.ilkd.key.proof.runallproofs.proofcollection.ForkedTestFileRunner.main(ForkedTestFileRunner.java:171)
Caused by: de.uka.ilkd.key.proof.init.ProofInputException: Could not find rule file rules/intRulesCheckedSemantics.key
	at de.uka.ilkd.key.proof.io.KeYFile.readIncludes(KeYFile.java:210)
	at de.uka.ilkd.key.proof.init.ProblemInitializer.readIncludes(ProblemInitializer.java:177)
	at de.uka.ilkd.key.proof.init.ProblemInitializer.readEnvInput(ProblemInitializer.java:325)
	at de.uka.ilkd.key.proof.init.ProblemInitializer.prepare(ProblemInitializer.java:449)
	at de.uka.ilkd.key.proof.io.AbstractProblemLoader.createInitConfig(AbstractProblemLoader.java:518)
	at de.uka.ilkd.key.proof.io.AbstractProblemLoader.loadEnvironment(AbstractProblemLoader.java:288)
	at de.uka.ilkd.key.proof.io.AbstractProblemLoader.load(AbstractProblemLoader.java:252)
	at de.uka.ilkd.key.control.AbstractUserInterfaceControl.load(AbstractUserInterfaceControl.java:209)
	... 7 more
Caused by: java.lang.RuntimeException: Could not find rule file rules/intRulesCheckedSemantics.key
	at de.uka.ilkd.key.proof.io.RuleSourceFactory.fromBuiltInRule(RuleSourceFactory.java:32)
	at de.uka.ilkd.key.proof.io.RuleSourceFactory.fromDefaultLocation(RuleSourceFactory.java:21)
	at de.uka.ilkd.key.nparser.builder.IncludeFinder.addInclude(IncludeFinder.java:63)
	at de.uka.ilkd.key.nparser.builder.IncludeFinder.visitOne_include(IncludeFinder.java:43)
	at de.uka.ilkd.key.nparser.builder.IncludeFinder.visitOne_include(IncludeFinder.java:20)
	at de.uka.ilkd.key.nparser.KeYParser$One_includeContext.accept(KeYParser.java:878)
	at de.uka.ilkd.key.nparser.builder.AbstractBuilder.lambda$mapOf$0(AbstractBuilder.java:112)
	at java.base/java.util.stream.ReferencePipeline$3$1.accept(ReferencePipeline.java:195)
	at java.base/java.util.ArrayList$ArrayListSpliterator.forEachRemaining(ArrayList.java:1655)
	at java.base/java.util.stream.AbstractPipeline.copyInto(AbstractPipeline.java:484)
	at java.base/java.util.stream.AbstractPipeline.wrapAndCopyInto(AbstractPipeline.java:474)
	at java.base/java.util.stream.ReduceOps$ReduceOp.evaluateSequential(ReduceOps.java:913)
	at java.base/java.util.stream.AbstractPipeline.evaluate(AbstractPipeline.java:234)
	at java.base/java.util.stream.ReferencePipeline.collect(ReferencePipeline.java:578)
	at de.uka.ilkd.key.nparser.builder.AbstractBuilder.mapOf(AbstractBuilder.java:112)
	at de.uka.ilkd.key.nparser.builder.IncludeFinder.visitOne_include_statement(IncludeFinder.java:35)
	at de.uka.ilkd.key.nparser.builder.IncludeFinder.visitOne_include_statement(IncludeFinder.java:20)
	at de.uka.ilkd.key.nparser.KeYParser$One_include_statementContext.accept(KeYParser.java:802)
	at org.antlr.v4.runtime.tree.AbstractParseTreeVisitor.visitChildren(AbstractParseTreeVisitor.java:46)
	at de.uka.ilkd.key.nparser.KeYParserBaseVisitor.visitDecls(KeYParserBaseVisitor.java:30)
	at de.uka.ilkd.key.nparser.KeYParser$DeclsContext.accept(KeYParser.java:500)
	at org.antlr.v4.runtime.tree.AbstractParseTreeVisitor.visitChildren(AbstractParseTreeVisitor.java:46)
	at de.uka.ilkd.key.nparser.KeYParserBaseVisitor.visitFile(KeYParserBaseVisitor.java:23)
	at de.uka.ilkd.key.nparser.KeYParser$FileContext.accept(KeYParser.java:306)
	at de.uka.ilkd.key.nparser.KeyAst.accept(KeyAst.java:41)
	at de.uka.ilkd.key.nparser.KeyAst$File.getIncludes(KeyAst.java:76)
	at de.uka.ilkd.key.proof.io.KeYFile.readIncludes(KeYFile.java:208)
	... 14 more
Could not find rule file rules/intRulesCheckedSemantics.key (file: /home/runner/work/key/key/key.core/../key.ui/examples/index/.././redux/arrays/Arrays.fill.float.key; caused by: de.uka.ilkd.key.proof.init.ProofInputException: Could not find rule file rules/intRulesCheckedSemantics.key)
	at de.uka.ilkd.key.control.AbstractUserInterfaceControl.load(AbstractUserInterfaceControl.java:221)
	at de.uka.ilkd.key.control.KeYEnvironment.load(KeYEnvironment.java:251)
	at de.uka.ilkd.key.control.KeYEnvironment.load(KeYEnvironment.java:224)
	at de.uka.ilkd.key.control.KeYEnvironment.load(KeYEnvironment.java:184)
	at de.uka.ilkd.key.control.KeYEnvironment.load(KeYEnvironment.java:261)
	at de.uka.ilkd.key.proof.runallproofs.proofcollection.TestFile.load(TestFile.java:270)
	at de.uka.ilkd.key.proof.runallproofs.proofcollection.TestFile.runKey(TestFile.java:160)
	at de.uka.ilkd.key.proof.runallproofs.proofcollection.ForkedTestFileRunner.main(ForkedTestFileRunner.java:171)
Caused by: de.uka.ilkd.key.proof.init.ProofInputException: Could not find rule file rules/intRulesCheckedSemantics.key
	at de.uka.ilkd.key.proof.io.KeYFile.readIncludes(KeYFile.java:210)
	at de.uka.ilkd.key.proof.init.ProblemInitializer.readIncludes(ProblemInitializer.java:177)
	at de.uka.ilkd.key.proof.init.ProblemInitializer.readEnvInput(ProblemInitializer.java:325)
	at de.uka.ilkd.key.proof.init.ProblemInitializer.prepare(ProblemInitializer.java:449)
	at de.uka.ilkd.key.proof.io.AbstractProblemLoader.createInitConfig(AbstractProblemLoader.java:518)
	at de.uka.ilkd.key.proof.io.AbstractProblemLoader.loadEnvironment(AbstractProblemLoader.java:288)
	at de.uka.ilkd.key.proof.io.AbstractProblemLoader.load(AbstractProblemLoader.java:252)
	at de.uka.ilkd.key.control.AbstractUserInterfaceControl.load(AbstractUserInterfaceControl.java:209)
	... 7 more
Caused by: java.lang.RuntimeException: Could not find rule file rules/intRulesCheckedSemantics.key
	at de.uka.ilkd.key.proof.io.RuleSourceFactory.fromBuiltInRule(RuleSourceFactory.java:32)
	at de.uka.ilkd.key.proof.io.RuleSourceFactory.fromDefaultLocation(RuleSourceFactory.java:21)
	at de.uka.ilkd.key.nparser.builder.IncludeFinder.addInclude(IncludeFinder.java:63)
	at de.uka.ilkd.key.nparser.builder.IncludeFinder.visitOne_include(IncludeFinder.java:43)
	at de.uka.ilkd.key.nparser.builder.IncludeFinder.visitOne_include(IncludeFinder.java:20)
	at de.uka.ilkd.key.nparser.KeYParser$One_includeContext.accept(KeYParser.java:878)
	at de.uka.ilkd.key.nparser.builder.AbstractBuilder.lambda$mapOf$0(AbstractBuilder.java:112)
	at java.base/java.util.stream.ReferencePipeline$3$1.accept(ReferencePipeline.java:195)
	at java.base/java.util.ArrayList$ArrayListSpliterator.forEachRemaining(ArrayList.java:1655)
	at java.base/java.util.stream.AbstractPipeline.copyInto(AbstractPipeline.java:484)
	at java.base/java.util.stream.AbstractPipeline.wrapAndCopyInto(AbstractPipeline.java:474)
	at java.base/java.util.stream.ReduceOps$ReduceOp.evaluateSequential(ReduceOps.java:913)
	at java.base/java.util.stream.AbstractPipeline.evaluate(AbstractPipeline.java:234)
	at java.base/java.util.stream.ReferencePipeline.collect(ReferencePipeline.java:578)
	at de.uka.ilkd.key.nparser.builder.AbstractBuilder.mapOf(AbstractBuilder.java:112)
	at de.uka.ilkd.key.nparser.builder.IncludeFinder.visitOne_include_statement(IncludeFinder.java:35)
	at de.uka.ilkd.key.nparser.builder.IncludeFinder.visitOne_include_statement(IncludeFinder.java:20)
	at de.uka.ilkd.key.nparser.KeYParser$One_include_statementContext.accept(KeYParser.java:802)
	at org.antlr.v4.runtime.tree.AbstractParseTreeVisitor.visitChildren(AbstractParseTreeVisitor.java:46)
	at de.uka.ilkd.key.nparser.KeYParserBaseVisitor.visitDecls(KeYParserBaseVisitor.java:30)
	at de.uka.ilkd.key.nparser.KeYParser$DeclsContext.accept(KeYParser.java:500)
	at org.antlr.v4.runtime.tree.AbstractParseTreeVisitor.visitChildren(AbstractParseTreeVisitor.java:46)
	at de.uka.ilkd.key.nparser.KeYParserBaseVisitor.visitFile(KeYParserBaseVisitor.java:23)
	at de.uka.ilkd.key.nparser.KeYParser$FileContext.accept(KeYParser.java:306)
	at de.uka.ilkd.key.nparser.KeyAst.accept(KeyAst.java:41)
	at de.uka.ilkd.key.nparser.KeyAst$File.getIncludes(KeyAst.java:76)
	at de.uka.ilkd.key.proof.io.KeYFile.readIncludes(KeYFile.java:208)
	... 14 more
Could not find rule file rules/intRulesCheckedSemantics.key (file: /home/runner/work/key/key/key.core/../key.ui/examples/index/.././redux/arrays/Arrays.fillFromTo.key; caused by: de.uka.ilkd.key.proof.init.ProofInputException: Could not find rule file rules/intRulesCheckedSemantics.key)
	at de.uka.ilkd.key.control.AbstractUserInterfaceControl.load(AbstractUserInterfaceControl.java:221)
	at de.uka.ilkd.key.control.KeYEnvironment.load(KeYEnvironment.java:251)
	at de.uka.ilkd.key.control.KeYEnvironment.load(KeYEnvironment.java:224)
	at de.uka.ilkd.key.control.KeYEnvironment.load(KeYEnvironment.java:184)
	at de.uka.ilkd.key.control.KeYEnvironment.load(KeYEnvironment.java:261)
	at de.uka.ilkd.key.proof.runallproofs.proofcollection.TestFile.load(TestFile.java:270)
	at de.uka.ilkd.key.proof.runallproofs.proofcollection.TestFile.runKey(TestFile.java:160)
	at de.uka.ilkd.key.proof.runallproofs.proofcollection.ForkedTestFileRunner.main(ForkedTestFileRunner.java:171)
Caused by: de.uka.ilkd.key.proof.init.ProofInputException: Could not find rule file rules/intRulesCheckedSemantics.key
	at de.uka.ilkd.key.proof.io.KeYFile.readIncludes(KeYFile.java:210)
	at de.uka.ilkd.key.proof.init.ProblemInitializer.readIncludes(ProblemInitializer.java:177)
	at de.uka.ilkd.key.proof.init.ProblemInitializer.readEnvInput(ProblemInitializer.java:325)
	at de.uka.ilkd.key.proof.init.ProblemInitializer.prepare(ProblemInitializer.java:449)
	at de.uka.ilkd.key.proof.io.AbstractProblemLoader.createInitConfig(AbstractProblemLoader.java:518)
	at de.uka.ilkd.key.proof.io.AbstractProblemLoader.loadEnvironment(AbstractProblemLoader.java:288)
	at de.uka.ilkd.key.proof.io.AbstractProblemLoader.load(AbstractProblemLoader.java:252)
	at de.uka.ilkd.key.control.AbstractUserInterfaceControl.load(AbstractUserInterfaceControl.java:209)
	... 7 more
Caused by: java.lang.RuntimeException: Could not find rule file rules/intRulesCheckedSemantics.key
	at de.uka.ilkd.key.proof.io.RuleSourceFactory.fromBuiltInRule(RuleSourceFactory.java:32)
	at de.uka.ilkd.key.proof.io.RuleSourceFactory.fromDefaultLocation(RuleSourceFactory.java:21)
	at de.uka.ilkd.key.nparser.builder.IncludeFinder.addInclude(IncludeFinder.java:63)
	at de.uka.ilkd.key.nparser.builder.IncludeFinder.visitOne_include(IncludeFinder.java:43)
	at de.uka.ilkd.key.nparser.builder.IncludeFinder.visitOne_include(IncludeFinder.java:20)
	at de.uka.ilkd.key.nparser.KeYParser$One_includeContext.accept(KeYParser.java:878)
	at de.uka.ilkd.key.nparser.builder.AbstractBuilder.lambda$mapOf$0(AbstractBuilder.java:112)
	at java.base/java.util.stream.ReferencePipeline$3$1.accept(ReferencePipeline.java:195)
	at java.base/java.util.ArrayList$ArrayListSpliterator.forEachRemaining(ArrayList.java:1655)
	at java.base/java.util.stream.AbstractPipeline.copyInto(AbstractPipeline.java:484)
	at java.base/java.util.stream.AbstractPipeline.wrapAndCopyInto(AbstractPipeline.java:474)
	at java.base/java.util.stream.ReduceOps$ReduceOp.evaluateSequential(ReduceOps.java:913)
	at java.base/java.util.stream.AbstractPipeline.evaluate(AbstractPipeline.java:234)
	at java.base/java.util.stream.ReferencePipeline.collect(ReferencePipeline.java:578)
	at de.uka.ilkd.key.nparser.builder.AbstractBuilder.mapOf(AbstractBuilder.java:112)
	at de.uka.ilkd.key.nparser.builder.IncludeFinder.visitOne_include_statement(IncludeFinder.java:35)
	at de.uka.ilkd.key.nparser.builder.IncludeFinder.visitOne_include_statement(IncludeFinder.java:20)
	at de.uka.ilkd.key.nparser.KeYParser$One_include_statementContext.accept(KeYParser.java:802)
	at org.antlr.v4.runtime.tree.AbstractParseTreeVisitor.visitChildren(AbstractParseTreeVisitor.java:46)
	at de.uka.ilkd.key.nparser.KeYParserBaseVisitor.visitDecls(KeYParserBaseVisitor.java:30)
	at de.uka.ilkd.key.nparser.KeYParser$DeclsContext.accept(KeYParser.java:500)
	at org.antlr.v4.runtime.tree.AbstractParseTreeVisitor.visitChildren(AbstractParseTreeVisitor.java:46)
	at de.uka.ilkd.key.nparser.KeYParserBaseVisitor.visitFile(KeYParserBaseVisitor.java:23)
	at de.uka.ilkd.key.nparser.KeYParser$FileContext.accept(KeYParser.java:306)
	at de.uka.ilkd.key.nparser.KeyAst.accept(KeyAst.java:41)
	at de.uka.ilkd.key.nparser.KeyAst$File.getIncludes(KeyAst.java:76)
	at de.uka.ilkd.key.proof.io.KeYFile.readIncludes(KeYFile.java:208)
	... 14 more
Could not find rule file rules/intRulesCheckedSemantics.key (file: /home/runner/work/key/key/key.core/../key.ui/examples/index/.././redux/arrays/Arrays.fillFromTo.float.key; caused by: de.uka.ilkd.key.proof.init.ProofInputException: Could not find rule file rules/intRulesCheckedSemantics.key)
	at de.uka.ilkd.key.control.AbstractUserInterfaceControl.load(AbstractUserInterfaceControl.java:221)
	at de.uka.ilkd.key.control.KeYEnvironment.load(KeYEnvironment.java:251)
	at de.uka.ilkd.key.control.KeYEnvironment.load(KeYEnvironment.java:224)
	at de.uka.ilkd.key.control.KeYEnvironment.load(KeYEnvironment.java:184)
	at de.uka.ilkd.key.control.KeYEnvironment.load(KeYEnvironment.java:261)
	at de.uka.ilkd.key.proof.runallproofs.proofcollection.TestFile.load(TestFile.java:270)
	at de.uka.ilkd.key.proof.runallproofs.proofcollection.TestFile.runKey(TestFile.java:160)
	at de.uka.ilkd.key.proof.runallproofs.proofcollection.ForkedTestFileRunner.main(ForkedTestFileRunner.java:171)
Caused by: de.uka.ilkd.key.proof.init.ProofInputException: Could not find rule file rules/intRulesCheckedSemantics.key
	at de.uka.ilkd.key.proof.io.KeYFile.readIncludes(KeYFile.java:210)
	at de.uka.ilkd.key.proof.init.ProblemInitializer.readIncludes(ProblemInitializer.java:177)
	at de.uka.ilkd.key.proof.init.ProblemInitializer.readEnvInput(ProblemInitializer.java:325)
	at de.uka.ilkd.key.proof.init.ProblemInitializer.prepare(ProblemInitializer.java:449)
	at de.uka.ilkd.key.proof.io.AbstractProblemLoader.createInitConfig(AbstractProblemLoader.java:518)
	at de.uka.ilkd.key.proof.io.AbstractProblemLoader.loadEnvironment(AbstractProblemLoader.java:288)
	at de.uka.ilkd.key.proof.io.AbstractProblemLoader.load(AbstractProblemLoader.java:252)
	at de.uka.ilkd.key.control.AbstractUserInterfaceControl.load(AbstractUserInterfaceControl.java:209)
	... 7 more
Caused by: java.lang.RuntimeException: Could not find rule file rules/intRulesCheckedSemantics.key
	at de.uka.ilkd.key.proof.io.RuleSourceFactory.fromBuiltInRule(RuleSourceFactory.java:32)
	at de.uka.ilkd.key.proof.io.RuleSourceFactory.fromDefaultLocation(RuleSourceFactory.java:21)
	at de.uka.ilkd.key.nparser.builder.IncludeFinder.addInclude(IncludeFinder.java:63)
	at de.uka.ilkd.key.nparser.builder.IncludeFinder.visitOne_include(IncludeFinder.java:43)
	at de.uka.ilkd.key.nparser.builder.IncludeFinder.visitOne_include(IncludeFinder.java:20)
	at de.uka.ilkd.key.nparser.KeYParser$One_includeContext.accept(KeYParser.java:878)
	at de.uka.ilkd.key.nparser.builder.AbstractBuilder.lambda$mapOf$0(AbstractBuilder.java:112)
	at java.base/java.util.stream.ReferencePipeline$3$1.accept(ReferencePipeline.java:195)
	at java.base/java.util.ArrayList$ArrayListSpliterator.forEachRemaining(ArrayList.java:1655)
	at java.base/java.util.stream.AbstractPipeline.copyInto(AbstractPipeline.java:484)
	at java.base/java.util.stream.AbstractPipeline.wrapAndCopyInto(AbstractPipeline.java:474)
	at java.base/java.util.stream.ReduceOps$ReduceOp.evaluateSequential(ReduceOps.java:913)
	at java.base/java.util.stream.AbstractPipeline.evaluate(AbstractPipeline.java:234)
	at java.base/java.util.stream.ReferencePipeline.collect(ReferencePipeline.java:578)
	at de.uka.ilkd.key.nparser.builder.AbstractBuilder.mapOf(AbstractBuilder.java:112)
	at de.uka.ilkd.key.nparser.builder.IncludeFinder.visitOne_include_statement(IncludeFinder.java:35)
	at de.uka.ilkd.key.nparser.builder.IncludeFinder.visitOne_include_statement(IncludeFinder.java:20)
	at de.uka.ilkd.key.nparser.KeYParser$One_include_statementContext.accept(KeYParser.java:802)
	at org.antlr.v4.runtime.tree.AbstractParseTreeVisitor.visitChildren(AbstractParseTreeVisitor.java:46)
	at de.uka.ilkd.key.nparser.KeYParserBaseVisitor.visitDecls(KeYParserBaseVisitor.java:30)
	at de.uka.ilkd.key.nparser.KeYParser$DeclsContext.accept(KeYParser.java:500)
	at org.antlr.v4.runtime.tree.AbstractParseTreeVisitor.visitChildren(AbstractParseTreeVisitor.java:46)
	at de.uka.ilkd.key.nparser.KeYParserBaseVisitor.visitFile(KeYParserBaseVisitor.java:23)
	at de.uka.ilkd.key.nparser.KeYParser$FileContext.accept(KeYParser.java:306)
	at de.uka.ilkd.key.nparser.KeyAst.accept(KeyAst.java:41)
	at de.uka.ilkd.key.nparser.KeyAst$File.getIncludes(KeyAst.java:76)
	at de.uka.ilkd.key.proof.io.KeYFile.readIncludes(KeYFile.java:208)
	... 14 more
Could not find rule file rules/intRulesCheckedSemantics.key (file: /home/runner/work/key/key/key.core/../key.ui/examples/index/.././redux/arrays/ArrayCopy.arraycopy.normal.0.key; caused by: de.uka.ilkd.key.proof.init.ProofInputException: Could not find rule file rules/intRulesCheckedSemantics.key)
	at de.uka.ilkd.key.control.AbstractUserInterfaceControl.load(AbstractUserInterfaceControl.java:221)
	at de.uka.ilkd.key.control.KeYEnvironment.load(KeYEnvironment.java:251)
	at de.uka.ilkd.key.control.KeYEnvironment.load(KeYEnvironment.java:224)
	at de.uka.ilkd.key.control.KeYEnvironment.load(KeYEnvironment.java:184)
	at de.uka.ilkd.key.control.KeYEnvironment.load(KeYEnvironment.java:261)
	at de.uka.ilkd.key.proof.runallproofs.proofcollection.TestFile.load(TestFile.java:270)
	at de.uka.ilkd.key.proof.runallproofs.proofcollection.TestFile.runKey(TestFile.java:160)
	at de.uka.ilkd.key.proof.runallproofs.proofcollection.ForkedTestFileRunner.main(ForkedTestFileRunner.java:171)
Caused by: de.uka.ilkd.key.proof.init.ProofInputException: Could not find rule file rules/intRulesCheckedSemantics.key
	at de.uka.ilkd.key.proof.io.KeYFile.readIncludes(KeYFile.java:210)
	at de.uka.ilkd.key.proof.init.ProblemInitializer.readIncludes(ProblemInitializer.java:177)
	at de.uka.ilkd.key.proof.init.ProblemInitializer.readEnvInput(ProblemInitializer.java:325)
	at de.uka.ilkd.key.proof.init.ProblemInitializer.prepare(ProblemInitializer.java:449)
	at de.uka.ilkd.key.proof.io.AbstractProblemLoader.createInitConfig(AbstractProblemLoader.java:518)
	at de.uka.ilkd.key.proof.io.AbstractProblemLoader.loadEnvironment(AbstractProblemLoader.java:288)
	at de.uka.ilkd.key.proof.io.AbstractProblemLoader.load(AbstractProblemLoader.java:252)
	at de.uka.ilkd.key.control.AbstractUserInterfaceControl.load(AbstractUserInterfaceControl.java:209)
	... 7 more
Caused by: java.lang.RuntimeException: Could not find rule file rules/intRulesCheckedSemantics.key
	at de.uka.ilkd.key.proof.io.RuleSourceFactory.fromBuiltInRule(RuleSourceFactory.java:32)
	at de.uka.ilkd.key.proof.io.RuleSourceFactory.fromDefaultLocation(RuleSourceFactory.java:21)
	at de.uka.ilkd.key.nparser.builder.IncludeFinder.addInclude(IncludeFinder.java:63)
	at de.uka.ilkd.key.nparser.builder.IncludeFinder.visitOne_include(IncludeFinder.java:43)
	at de.uka.ilkd.key.nparser.builder.IncludeFinder.visitOne_include(IncludeFinder.java:20)
	at de.uka.ilkd.key.nparser.KeYParser$One_includeContext.accept(KeYParser.java:878)
	at de.uka.ilkd.key.nparser.builder.AbstractBuilder.lambda$mapOf$0(AbstractBuilder.java:112)
	at java.base/java.util.stream.ReferencePipeline$3$1.accept(ReferencePipeline.java:195)
	at java.base/java.util.ArrayList$ArrayListSpliterator.forEachRemaining(ArrayList.java:1655)
	at java.base/java.util.stream.AbstractPipeline.copyInto(AbstractPipeline.java:484)
	at java.base/java.util.stream.AbstractPipeline.wrapAndCopyInto(AbstractPipeline.java:474)
	at java.base/java.util.stream.ReduceOps$ReduceOp.evaluateSequential(ReduceOps.java:913)
	at java.base/java.util.stream.AbstractPipeline.evaluate(AbstractPipeline.java:234)
	at java.base/java.util.stream.ReferencePipeline.collect(ReferencePipeline.java:578)
	at de.uka.ilkd.key.nparser.builder.AbstractBuilder.mapOf(AbstractBuilder.java:112)
	at de.uka.ilkd.key.nparser.builder.IncludeFinder.visitOne_include_statement(IncludeFinder.java:35)
	at de.uka.ilkd.key.nparser.builder.IncludeFinder.visitOne_include_statement(IncludeFinder.java:20)
	at de.uka.ilkd.key.nparser.KeYParser$One_include_statementContext.accept(KeYParser.java:802)
	at org.antlr.v4.runtime.tree.AbstractParseTreeVisitor.visitChildren(AbstractParseTreeVisitor.java:46)
	at de.uka.ilkd.key.nparser.KeYParserBaseVisitor.visitDecls(KeYParserBaseVisitor.java:30)
	at de.uka.ilkd.key.nparser.KeYParser$DeclsContext.accept(KeYParser.java:500)
	at org.antlr.v4.runtime.tree.AbstractParseTreeVisitor.visitChildren(AbstractParseTreeVisitor.java:46)
	at de.uka.ilkd.key.nparser.KeYParserBaseVisitor.visitFile(KeYParserBaseVisitor.java:23)
	at de.uka.ilkd.key.nparser.KeYParser$FileContext.accept(KeYParser.java:306)
	at de.uka.ilkd.key.nparser.KeyAst.accept(KeyAst.java:41)
	at de.uka.ilkd.key.nparser.KeyAst$File.getIncludes(KeyAst.java:76)
	at de.uka.ilkd.key.proof.io.KeYFile.readIncludes(KeYFile.java:208)
	... 14 more
Could not find rule file rules/intRulesCheckedSemantics.key (file: /home/runner/work/key/key/key.core/../key.ui/examples/index/.././redux/arrays/ArrayCopy.arraycopy.exceptional.0.key; caused by: de.uka.ilkd.key.proof.init.ProofInputException: Could not find rule file rules/intRulesCheckedSemantics.key)
	at de.uka.ilkd.key.control.AbstractUserInterfaceControl.load(AbstractUserInterfaceControl.java:221)
	at de.uka.ilkd.key.control.KeYEnvironment.load(KeYEnvironment.java:251)
	at de.uka.ilkd.key.control.KeYEnvironment.load(KeYEnvironment.java:224)
	at de.uka.ilkd.key.control.KeYEnvironment.load(KeYEnvironment.java:184)
	at de.uka.ilkd.key.control.KeYEnvironment.load(KeYEnvironment.java:261)
	at de.uka.ilkd.key.proof.runallproofs.proofcollection.TestFile.load(TestFile.java:270)
	at de.uka.ilkd.key.proof.runallproofs.proofcollection.TestFile.runKey(TestFile.java:160)
	at de.uka.ilkd.key.proof.runallproofs.proofcollection.ForkedTestFileRunner.main(ForkedTestFileRunner.java:171)
Caused by: de.uka.ilkd.key.proof.init.ProofInputException: Could not find rule file rules/intRulesCheckedSemantics.key
	at de.uka.ilkd.key.proof.io.KeYFile.readIncludes(KeYFile.java:210)
	at de.uka.ilkd.key.proof.init.ProblemInitializer.readIncludes(ProblemInitializer.java:177)
	at de.uka.ilkd.key.proof.init.ProblemInitializer.readEnvInput(ProblemInitializer.java:325)
	at de.uka.ilkd.key.proof.init.ProblemInitializer.prepare(ProblemInitializer.java:449)
	at de.uka.ilkd.key.proof.io.AbstractProblemLoader.createInitConfig(AbstractProblemLoader.java:518)
	at de.uka.ilkd.key.proof.io.AbstractProblemLoader.loadEnvironment(AbstractProblemLoader.java:288)
	at de.uka.ilkd.key.proof.io.AbstractProblemLoader.load(AbstractProblemLoader.java:252)
	at de.uka.ilkd.key.control.AbstractUserInterfaceControl.load(AbstractUserInterfaceControl.java:209)
	... 7 more
Caused by: java.lang.RuntimeException: Could not find rule file rules/intRulesCheckedSemantics.key
	at de.uka.ilkd.key.proof.io.RuleSourceFactory.fromBuiltInRule(RuleSourceFactory.java:32)
	at de.uka.ilkd.key.proof.io.RuleSourceFactory.fromDefaultLocation(RuleSourceFactory.java:21)
	at de.uka.ilkd.key.nparser.builder.IncludeFinder.addInclude(IncludeFinder.java:63)
	at de.uka.ilkd.key.nparser.builder.IncludeFinder.visitOne_include(IncludeFinder.java:43)
	at de.uka.ilkd.key.nparser.builder.IncludeFinder.visitOne_include(IncludeFinder.java:20)
	at de.uka.ilkd.key.nparser.KeYParser$One_includeContext.accept(KeYParser.java:878)
	at de.uka.ilkd.key.nparser.builder.AbstractBuilder.lambda$mapOf$0(AbstractBuilder.java:112)
	at java.base/java.util.stream.ReferencePipeline$3$1.accept(ReferencePipeline.java:195)
	at java.base/java.util.ArrayList$ArrayListSpliterator.forEachRemaining(ArrayList.java:1655)
	at java.base/java.util.stream.AbstractPipeline.copyInto(AbstractPipeline.java:484)
	at java.base/java.util.stream.AbstractPipeline.wrapAndCopyInto(AbstractPipeline.java:474)
	at java.base/java.util.stream.ReduceOps$ReduceOp.evaluateSequential(ReduceOps.java:913)
	at java.base/java.util.stream.AbstractPipeline.evaluate(AbstractPipeline.java:234)
	at java.base/java.util.stream.ReferencePipeline.collect(ReferencePipeline.java:578)
	at de.uka.ilkd.key.nparser.builder.AbstractBuilder.mapOf(AbstractBuilder.java:112)
	at de.uka.ilkd.key.nparser.builder.IncludeFinder.visitOne_include_statement(IncludeFinder.java:35)
	at de.uka.ilkd.key.nparser.builder.IncludeFinder.visitOne_include_statement(IncludeFinder.java:20)
	at de.uka.ilkd.key.nparser.KeYParser$One_include_statementContext.accept(KeYParser.java:802)
	at org.antlr.v4.runtime.tree.AbstractParseTreeVisitor.visitChildren(AbstractParseTreeVisitor.java:46)
	at de.uka.ilkd.key.nparser.KeYParserBaseVisitor.visitDecls(KeYParserBaseVisitor.java:30)
	at de.uka.ilkd.key.nparser.KeYParser$DeclsContext.accept(KeYParser.java:500)
	at org.antlr.v4.runtime.tree.AbstractParseTreeVisitor.visitChildren(AbstractParseTreeVisitor.java:46)
	at de.uka.ilkd.key.nparser.KeYParserBaseVisitor.visitFile(KeYParserBaseVisitor.java:23)
	at de.uka.ilkd.key.nparser.KeYParser$FileContext.accept(KeYParser.java:306)
	at de.uka.ilkd.key.nparser.KeyAst.accept(KeyAst.java:41)
	at de.uka.ilkd.key.nparser.KeyAst$File.getIncludes(KeyAst.java:76)
	at de.uka.ilkd.key.proof.io.KeYFile.readIncludes(KeYFile.java:208)
	... 14 more
Could not find rule file rules/intRulesCheckedSemantics.key (file: /home/runner/work/key/key/key.core/../key.ui/examples/index/.././redux/arrays/ArrayCopy.arraycopy.exceptional.1.key; caused by: de.uka.ilkd.key.proof.init.ProofInputException: Could not find rule file rules/intRulesCheckedSemantics.key)
	at de.uka.ilkd.key.control.AbstractUserInterfaceControl.load(AbstractUserInterfaceControl.java:221)
	at de.uka.ilkd.key.control.KeYEnvironment.load(KeYEnvironment.java:251)
	at de.uka.ilkd.key.control.KeYEnvironment.load(KeYEnvironment.java:224)
	at de.uka.ilkd.key.control.KeYEnvironment.load(KeYEnvironment.java:184)
	at de.uka.ilkd.key.control.KeYEnvironment.load(KeYEnvironment.java:261)
	at de.uka.ilkd.key.proof.runallproofs.proofcollection.TestFile.load(TestFile.java:270)
	at de.uka.ilkd.key.proof.runallproofs.proofcollection.TestFile.runKey(TestFile.java:160)
	at de.uka.ilkd.key.proof.runallproofs.proofcollection.ForkedTestFileRunner.main(ForkedTestFileRunner.java:171)
Caused by: de.uka.ilkd.key.proof.init.ProofInputException: Could not find rule file rules/intRulesCheckedSemantics.key
	at de.uka.ilkd.key.proof.io.KeYFile.readIncludes(KeYFile.java:210)
	at de.uka.ilkd.key.proof.init.ProblemInitializer.readIncludes(ProblemInitializer.java:177)
	at de.uka.ilkd.key.proof.init.ProblemInitializer.readEnvInput(ProblemInitializer.java:325)
	at de.uka.ilkd.key.proof.init.ProblemInitializer.prepare(ProblemInitializer.java:449)
	at de.uka.ilkd.key.proof.io.AbstractProblemLoader.createInitConfig(AbstractProblemLoader.java:518)
	at de.uka.ilkd.key.proof.io.AbstractProblemLoader.loadEnvironment(AbstractProblemLoader.java:288)
	at de.uka.ilkd.key.proof.io.AbstractProblemLoader.load(AbstractProblemLoader.java:252)
	at de.uka.ilkd.key.control.AbstractUserInterfaceControl.load(AbstractUserInterfaceControl.java:209)
	... 7 more
Caused by: java.lang.RuntimeException: Could not find rule file rules/intRulesCheckedSemantics.key
	at de.uka.ilkd.key.proof.io.RuleSourceFactory.fromBuiltInRule(RuleSourceFactory.java:32)
	at de.uka.ilkd.key.proof.io.RuleSourceFactory.fromDefaultLocation(RuleSourceFactory.java:21)
	at de.uka.ilkd.key.nparser.builder.IncludeFinder.addInclude(IncludeFinder.java:63)
	at de.uka.ilkd.key.nparser.builder.IncludeFinder.visitOne_include(IncludeFinder.java:43)
	at de.uka.ilkd.key.nparser.builder.IncludeFinder.visitOne_include(IncludeFinder.java:20)
	at de.uka.ilkd.key.nparser.KeYParser$One_includeContext.accept(KeYParser.java:878)
	at de.uka.ilkd.key.nparser.builder.AbstractBuilder.lambda$mapOf$0(AbstractBuilder.java:112)
	at java.base/java.util.stream.ReferencePipeline$3$1.accept(ReferencePipeline.java:195)
	at java.base/java.util.ArrayList$ArrayListSpliterator.forEachRemaining(ArrayList.java:1655)
	at java.base/java.util.stream.AbstractPipeline.copyInto(AbstractPipeline.java:484)
	at java.base/java.util.stream.AbstractPipeline.wrapAndCopyInto(AbstractPipeline.java:474)
	at java.base/java.util.stream.ReduceOps$ReduceOp.evaluateSequential(ReduceOps.java:913)
	at java.base/java.util.stream.AbstractPipeline.evaluate(AbstractPipeline.java:234)
	at java.base/java.util.stream.ReferencePipeline.collect(ReferencePipeline.java:578)
	at de.uka.ilkd.key.nparser.builder.AbstractBuilder.mapOf(AbstractBuilder.java:112)
	at de.uka.ilkd.key.nparser.builder.IncludeFinder.visitOne_include_statement(IncludeFinder.java:35)
	at de.uka.ilkd.key.nparser.builder.IncludeFinder.visitOne_include_statement(IncludeFinder.java:20)
	at de.uka.ilkd.key.nparser.KeYParser$One_include_statementContext.accept(KeYParser.java:802)
	at org.antlr.v4.runtime.tree.AbstractParseTreeVisitor.visitChildren(AbstractParseTreeVisitor.java:46)
	at de.uka.ilkd.key.nparser.KeYParserBaseVisitor.visitDecls(KeYParserBaseVisitor.java:30)
	at de.uka.ilkd.key.nparser.KeYParser$DeclsContext.accept(KeYParser.java:500)
	at org.antlr.v4.runtime.tree.AbstractParseTreeVisitor.visitChildren(AbstractParseTreeVisitor.java:46)
	at de.uka.ilkd.key.nparser.KeYParserBaseVisitor.visitFile(KeYParserBaseVisitor.java:23)
	at de.uka.ilkd.key.nparser.KeYParser$FileContext.accept(KeYParser.java:306)
	at de.uka.ilkd.key.nparser.KeyAst.accept(KeyAst.java:41)
	at de.uka.ilkd.key.nparser.KeyAst$File.getIncludes(KeyAst.java:76)
	at de.uka.ilkd.key.proof.io.KeYFile.readIncludes(KeYFile.java:208)
	... 14 more
Exception in thread "main" org.opentest4j.AssertionFailedError: Exception during the execution of proofs. See log for more details.
	at org.junit.jupiter.api.AssertionUtils.fail(AssertionUtils.java:39)
	at org.junit.jupiter.api.Assertions.fail(Assertions.java:134)
	at de.uka.ilkd.key.proof.runallproofs.proofcollection.ForkedTestFileRunner.main(ForkedTestFileRunner.java:192)
]]></system-err>
</testsuite>
