<?xml version="1.0" encoding="UTF-8"?>
<testsuite name="de.uka.ilkd.key.proof.runallproofs.RunAllProofsFunctional" tests="34" skipped="0" failures="0" errors="0" timestamp="2023-06-03T10:18:43" hostname="fv-az262-667" time="5873.768">
  <properties/>
  <testcase name="newBook" classname="de.uka.ilkd.key.proof.runallproofs.RunAllProofsFunctional" time="69.879"/>
  <testcase name="oldBook" classname="de.uka.ilkd.key.proof.runallproofs.RunAllProofsFunctional" time="20.779"/>
  <testcase name="comprehensions" classname="de.uka.ilkd.key.proof.runallproofs.RunAllProofsFunctional" time="77.144"/>
  <testcase name="performance" classname="de.uka.ilkd.key.proof.runallproofs.RunAllProofsFunctional" time="258.541"/>
  <testcase name="performancePOConstruction" classname="de.uka.ilkd.key.proof.runallproofs.RunAllProofsFunctional" time="85.459"/>
  <testcase name="applicationRestrictions" classname="de.uka.ilkd.key.proof.runallproofs.RunAllProofsFunctional" time="55.16"/>
  <testcase name="blockContracts" classname="de.uka.ilkd.key.proof.runallproofs.RunAllProofsFunctional" time="151.454"/>
  <testcase name="jmlAsserts" classname="de.uka.ilkd.key.proof.runallproofs.RunAllProofsFunctional" time="100.451"/>
  <testcase name="javaCard" classname="de.uka.ilkd.key.proof.runallproofs.RunAllProofsFunctional" time="144.207"/>
  <testcase name="list" classname="de.uka.ilkd.key.proof.runallproofs.RunAllProofsFunctional" time="289.017"/>
  <testcase name="list_ghost" classname="de.uka.ilkd.key.proof.runallproofs.RunAllProofsFunctional" time="73.355"/>
  <testcase name="list_recursive" classname="de.uka.ilkd.key.proof.runallproofs.RunAllProofsFunctional" time="25.697"/>
  <testcase name="list_seq" classname="de.uka.ilkd.key.proof.runallproofs.RunAllProofsFunctional" time="173.865"/>
  <testcase name="observer" classname="de.uka.ilkd.key.proof.runallproofs.RunAllProofsFunctional" time="109.402"/>
  <testcase name="removeDups" classname="de.uka.ilkd.key.proof.runallproofs.RunAllProofsFunctional" time="148.494"/>
  <testcase name="quicksort" classname="de.uka.ilkd.key.proof.runallproofs.RunAllProofsFunctional" time="120.634"/>
  <testcase name="simpleTests" classname="de.uka.ilkd.key.proof.runallproofs.RunAllProofsFunctional" time="179.301"/>
  <testcase name="SmansEtAl" classname="de.uka.ilkd.key.proof.runallproofs.RunAllProofsFunctional" time="220.05"/>
  <testcase name="VACID0" classname="de.uka.ilkd.key.proof.runallproofs.RunAllProofsFunctional" time="85.804"/>
  <testcase name="VSTTE10" classname="de.uka.ilkd.key.proof.runallproofs.RunAllProofsFunctional" time="204.441"/>
  <testcase name="WeideEtAl" classname="de.uka.ilkd.key.proof.runallproofs.RunAllProofsFunctional" time="32.051"/>
  <testcase name="arithmetic" classname="de.uka.ilkd.key.proof.runallproofs.RunAllProofsFunctional" time="556.02"/>
  <testcase name="arrays" classname="de.uka.ilkd.key.proof.runallproofs.RunAllProofsFunctional" time="63.46"/>
  <testcase name="javadl" classname="de.uka.ilkd.key.proof.runallproofs.RunAllProofsFunctional" time="684.866"/>
  <testcase name="FOL" classname="de.uka.ilkd.key.proof.runallproofs.RunAllProofsFunctional" time="323.698"/>
  <testcase name="strings" classname="de.uka.ilkd.key.proof.runallproofs.RunAllProofsFunctional" time="161.595"/>
  <testcase name="simple_info_flow" classname="de.uka.ilkd.key.proof.runallproofs.RunAllProofsFunctional" time="15.102"/>
  <testcase name="modelMethods" classname="de.uka.ilkd.key.proof.runallproofs.RunAllProofsFunctional" time="198.425"/>
  <testcase name="permissionHeap" classname="de.uka.ilkd.key.proof.runallproofs.RunAllProofsFunctional" time="910.717"/>
  <testcase name="completionScopes" classname="de.uka.ilkd.key.proof.runallproofs.RunAllProofsFunctional" time="55.688"/>
  <testcase name="reload_examples" classname="de.uka.ilkd.key.proof.runallproofs.RunAllProofsFunctional" time="46.706"/>
  <testcase name="proofLoadRepair" classname="de.uka.ilkd.key.proof.runallproofs.RunAllProofsFunctional" time="21.1"/>
  <testcase name="switch" classname="de.uka.ilkd.key.proof.runallproofs.RunAllProofsFunctional" time="70.61"/>
  <testcase name="redux" classname="de.uka.ilkd.key.proof.runallproofs.RunAllProofsFunctional" time="140.585"/>
  <system-out><![CDATA[537        INFO  Test worker     d.u.i.k.p.r.RunAllProofsTestUnit Running test newBook 
419        INFO  Timeout watchdog d.u.i.k.p.r.p.ForkedTestFileRunner Timeout watcher launched (2000 secs.) 
439        WARN  main            d.u.i.k.s.ProofSettings   No proof-settings could be loaded, using defaults java.io.FileNotFoundException: /home/runner/.key/proof-settings.props (No such file or directory)
	at java.base/java.io.FileInputStream.open0(Native Method)

471        INFO  main            d.u.i.k.p.r.p.TestFile    Now processing file /home/runner/work/key/key/key.core/../key.ui/examples/newBook/09.list_modelfield/ArrayList.add.key 
604        INFO  main            d.u.i.k.p.i.AbstractProblemLoader Loading environment from /home/runner/work/key/key/key.core/../key.ui/examples/newBook/09.list_modelfield/ArrayList.add.key 
633        DEBUG main            d.u.i.k.p.i.AbstractProblemLoader Environment load took 3.02ms 
927        INFO  main            d.u.i.k.p.i.AbstractProblemLoader Creating init config 
1951       DEBUG main            d.u.i.k.j.TypeConverter   No LDT found for Meta 
1951       DEBUG main            d.u.i.k.j.TypeConverter   No LDT found for Meta 
1956       DEBUG main            d.u.i.k.j.TypeConverter   No LDT found for Meta 
1956       DEBUG main            d.u.i.k.j.TypeConverter   No LDT found for Meta 
3419       DEBUG main            d.u.i.k.j.TypeConverter   No LDT found for JavaBigintExpression 
9677       DEBUG main            d.u.i.k.p.i.AbstractProblemLoader Init config took 8.75s 
9824       INFO  main            d.u.i.k.p.i.AbstractProblemLoader Replaying proof ArrayList[List::add(int)].JML normal_behavior operation contract.0 
9862       DEBUG main            d.u.i.k.p.i.IntermediateProofReplayer Proof replay took 38.5ns 
29884      INFO  main            d.u.i.k.p.r.p.TestFile    ... finished proof: closed. 
30136      INFO  main            d.u.i.k.p.i.AbstractProblemLoader Loading environment from /home/runner/work/key/key/key.core/../key.ui/examples/newBook/09.list_modelfield/ArrayList.add.key.proof 
30137      DEBUG main            d.u.i.k.p.i.AbstractProblemLoader Environment load took 768.15ns 
30148      INFO  main            d.u.i.k.p.i.AbstractProblemLoader Creating init config 
33512      DEBUG main            d.u.i.k.p.i.AbstractProblemLoader Init config took 3.36s 
33595      INFO  main            d.u.i.k.p.i.AbstractProblemLoader Replaying proof ArrayList[List::add(int)].JML normal_behavior operation contract.0 
34579      DEBUG main            d.u.i.k.p.i.IntermediateProofReplayer Proof replay took 909.74ms 
34592      DEBUG main            d.u.i.k.p.r.p.TestFile    ... success: reloaded. 
34599      INFO  main            d.u.i.k.p.r.p.TestFile    Now processing file /home/runner/work/key/key/key.core/../key.ui/examples/newBook/09.list_modelfield/ArrayList.remFirst.key 
34599      INFO  main            d.u.i.k.p.i.AbstractProblemLoader Loading environment from /home/runner/work/key/key/key.core/../key.ui/examples/newBook/09.list_modelfield/ArrayList.remFirst.key 
34599      DEBUG main            d.u.i.k.p.i.AbstractProblemLoader Environment load took 97.71ns 
34604      INFO  main            d.u.i.k.p.i.AbstractProblemLoader Creating init config 
37917      DEBUG main            d.u.i.k.p.i.AbstractProblemLoader Init config took 3.31s 
37982      INFO  main            d.u.i.k.p.i.AbstractProblemLoader Replaying proof ArrayList[List::remFirst()].JML normal_behavior operation contract.0 
37984      DEBUG main            d.u.i.k.p.i.IntermediateProofReplayer Proof replay took 16.5ns 
42798      INFO  main            d.u.i.k.p.r.p.TestFile    ... finished proof: closed. 
43092      INFO  main            d.u.i.k.p.i.AbstractProblemLoader Loading environment from /home/runner/work/key/key/key.core/../key.ui/examples/newBook/09.list_modelfield/ArrayList.remFirst.key.proof 
43093      DEBUG main            d.u.i.k.p.i.AbstractProblemLoader Environment load took 742.95ns 
43095      INFO  main            d.u.i.k.p.i.AbstractProblemLoader Creating init config 
46252      DEBUG main            d.u.i.k.p.i.AbstractProblemLoader Init config took 3.16s 
46312      INFO  main            d.u.i.k.p.i.AbstractProblemLoader Replaying proof ArrayList[List::remFirst()].JML normal_behavior operation contract.0 
46782      DEBUG main            d.u.i.k.p.i.IntermediateProofReplayer Proof replay took 451.33ms 
46785      DEBUG main            d.u.i.k.p.r.p.TestFile    ... success: reloaded. 
46787      INFO  main            d.u.i.k.p.r.p.TestFile    Now processing file /home/runner/work/key/key/key.core/../key.ui/examples/newBook/09.list_modelfield/ArrayList.empty.key 
46788      INFO  main            d.u.i.k.p.i.AbstractProblemLoader Loading environment from /home/runner/work/key/key/key.core/../key.ui/examples/newBook/09.list_modelfield/ArrayList.empty.key 
46789      DEBUG main            d.u.i.k.p.i.AbstractProblemLoader Environment load took 490.73ns 
46790      INFO  main            d.u.i.k.p.i.AbstractProblemLoader Creating init config 
49839      DEBUG main            d.u.i.k.p.i.AbstractProblemLoader Init config took 3.05s 
49894      INFO  main            d.u.i.k.p.i.AbstractProblemLoader Replaying proof ArrayList[List::empty()].JML normal_behavior operation contract.0 
49895      DEBUG main            d.u.i.k.p.i.IntermediateProofReplayer Proof replay took 5ns 
51136      INFO  main            d.u.i.k.p.r.p.TestFile    ... finished proof: closed. 
51315      INFO  main            d.u.i.k.p.i.AbstractProblemLoader Loading environment from /home/runner/work/key/key/key.core/../key.ui/examples/newBook/09.list_modelfield/ArrayList.empty.key.proof 
51315      DEBUG main            d.u.i.k.p.i.AbstractProblemLoader Environment load took 138.11ns 
51317      INFO  main            d.u.i.k.p.i.AbstractProblemLoader Creating init config 
54441      DEBUG main            d.u.i.k.p.i.AbstractProblemLoader Init config took 3.12s 
54495      INFO  main            d.u.i.k.p.i.AbstractProblemLoader Replaying proof ArrayList[List::empty()].JML normal_behavior operation contract.0 
54590      DEBUG main            d.u.i.k.p.i.IntermediateProofReplayer Proof replay took 88.22ms 
54592      DEBUG main            d.u.i.k.p.r.p.TestFile    ... success: reloaded. 
54594      INFO  main            d.u.i.k.p.r.p.TestFile    Now processing file /home/runner/work/key/key/key.core/../key.ui/examples/newBook/09.list_modelfield/ArrayList.size.key 
54595      INFO  main            d.u.i.k.p.i.AbstractProblemLoader Loading environment from /home/runner/work/key/key/key.core/../key.ui/examples/newBook/09.list_modelfield/ArrayList.size.key 
54595      DEBUG main            d.u.i.k.p.i.AbstractProblemLoader Environment load took 453.52ns 
54596      INFO  main            d.u.i.k.p.i.AbstractProblemLoader Creating init config 
57702      DEBUG main            d.u.i.k.p.i.AbstractProblemLoader Init config took 3.11s 
57780      INFO  main            d.u.i.k.p.i.AbstractProblemLoader Replaying proof ArrayList[List::size()].JML normal_behavior operation contract.0 
57784      DEBUG main            d.u.i.k.p.i.IntermediateProofReplayer Proof replay took 6ns 
58289      INFO  main            d.u.i.k.p.r.p.TestFile    ... finished proof: closed. 
58538      INFO  main            d.u.i.k.p.i.AbstractProblemLoader Loading environment from /home/runner/work/key/key/key.core/../key.ui/examples/newBook/09.list_modelfield/ArrayList.size.key.proof 
58539      DEBUG main            d.u.i.k.p.i.AbstractProblemLoader Environment load took 825.95ns 
58541      INFO  main            d.u.i.k.p.i.AbstractProblemLoader Creating init config 
61642      DEBUG main            d.u.i.k.p.i.AbstractProblemLoader Init config took 3.1s 
61699      INFO  main            d.u.i.k.p.i.AbstractProblemLoader Replaying proof ArrayList[List::size()].JML normal_behavior operation contract.0 
61741      DEBUG main            d.u.i.k.p.i.IntermediateProofReplayer Proof replay took 37.1ms 
61742      DEBUG main            d.u.i.k.p.r.p.TestFile    ... success: reloaded. 
61744      INFO  main            d.u.i.k.p.r.p.TestFile    Now processing file /home/runner/work/key/key/key.core/../key.ui/examples/newBook/09.list_modelfield/ArrayList.get.key 
61744      INFO  main            d.u.i.k.p.i.AbstractProblemLoader Loading environment from /home/runner/work/key/key/key.core/../key.ui/examples/newBook/09.list_modelfield/ArrayList.get.key 
61745      DEBUG main            d.u.i.k.p.i.AbstractProblemLoader Environment load took 826.14ns 
61747      INFO  main            d.u.i.k.p.i.AbstractProblemLoader Creating init config 
64834      DEBUG main            d.u.i.k.p.i.AbstractProblemLoader Init config took 3.09s 
64910      INFO  main            d.u.i.k.p.i.AbstractProblemLoader Replaying proof ArrayList[List::get(int)].JML normal_behavior operation contract.0 
64911      DEBUG main            d.u.i.k.p.i.IntermediateProofReplayer Proof replay took 5.5ns 
66016      INFO  main            d.u.i.k.p.r.p.TestFile    ... finished proof: closed. 
66273      INFO  main            d.u.i.k.p.i.AbstractProblemLoader Loading environment from /home/runner/work/key/key/key.core/../key.ui/examples/newBook/09.list_modelfield/ArrayList.get.key.proof 
66273      DEBUG main            d.u.i.k.p.i.AbstractProblemLoader Environment load took 142.11ns 
66274      INFO  main            d.u.i.k.p.i.AbstractProblemLoader Creating init config 
69305      DEBUG main            d.u.i.k.p.i.AbstractProblemLoader Init config took 3.03s 
69362      INFO  main            d.u.i.k.p.i.AbstractProblemLoader Replaying proof ArrayList[List::get(int)].JML normal_behavior operation contract.0 
69439      DEBUG main            d.u.i.k.p.i.IntermediateProofReplayer Proof replay took 70.66ms 
69441      DEBUG main            d.u.i.k.p.r.p.TestFile    ... success: reloaded. 
70410      INFO  Test worker     d.u.i.k.p.r.RunAllProofsTestUnit Returning from test newBook 
70415      INFO  Test worker     d.u.i.k.p.r.RunAllProofsTestUnit Running test oldBook 
425        INFO  Timeout watchdog d.u.i.k.p.r.p.ForkedTestFileRunner Timeout watcher launched (2000 secs.) 
441        WARN  main            d.u.i.k.s.ProofSettings   The settings in /home/runner/.key/proof-settings.props are *not* read. 
484        INFO  main            d.u.i.k.p.r.p.TestFile    Now processing file /home/runner/work/key/key/key.core/../key.ui/examples/standard_key/BookExamples/02FirstOrderLogic/Ex2.58.key 
614        INFO  main            d.u.i.k.p.i.AbstractProblemLoader Loading environment from /home/runner/work/key/key/key.core/../key.ui/examples/standard_key/BookExamples/02FirstOrderLogic/Ex2.58.key 
654        DEBUG main            d.u.i.k.p.i.AbstractProblemLoader Environment load took 10.61ms 
967        INFO  main            d.u.i.k.p.i.AbstractProblemLoader Creating init config 
1894       DEBUG main            d.u.i.k.j.TypeConverter   No LDT found for Meta 
1900       DEBUG main            d.u.i.k.j.TypeConverter   No LDT found for Meta 
1902       DEBUG main            d.u.i.k.j.TypeConverter   No LDT found for Meta 
1902       DEBUG main            d.u.i.k.j.TypeConverter   No LDT found for Meta 
3405       DEBUG main            d.u.i.k.j.TypeConverter   No LDT found for JavaBigintExpression 
9283       DEBUG main            d.u.i.k.p.i.AbstractProblemLoader Init config took 8.32s 
9349       INFO  main            d.u.i.k.p.i.AbstractProblemLoader Replaying proof Ex2.58.key 
9386       DEBUG main            d.u.i.k.p.i.IntermediateProofReplayer Proof replay took 39.7ns 
9570       INFO  main            d.u.i.k.p.r.p.TestFile    ... finished proof: closed. 
9689       INFO  main            d.u.i.k.p.i.AbstractProblemLoader Loading environment from /home/runner/work/key/key/key.core/../key.ui/examples/standard_key/BookExamples/02FirstOrderLogic/Ex2.58.key.proof 
9692       DEBUG main            d.u.i.k.p.i.AbstractProblemLoader Environment load took 2.77ms 
9698       INFO  main            d.u.i.k.p.i.AbstractProblemLoader Creating init config 
13179      DEBUG main            d.u.i.k.p.i.AbstractProblemLoader Init config took 3.48s 
13224      INFO  main            d.u.i.k.p.i.AbstractProblemLoader Replaying proof Ex2.58.key.proof 
13232      DEBUG main            d.u.i.k.p.i.IntermediateProofReplayer Proof replay took 3.07ms 
13244      DEBUG main            d.u.i.k.p.r.p.TestFile    ... success: reloaded. 
13245      INFO  main            d.u.i.k.p.r.p.TestFile    Now processing file /home/runner/work/key/key/key.core/../key.ui/examples/standard_key/BookExamples/03DynamicLogic/Sect3.3.1.key 
13246      INFO  main            d.u.i.k.p.i.AbstractProblemLoader Loading environment from /home/runner/work/key/key/key.core/../key.ui/examples/standard_key/BookExamples/03DynamicLogic/Sect3.3.1.key 
13246      DEBUG main            d.u.i.k.p.i.AbstractProblemLoader Environment load took 90ns 
13247      INFO  main            d.u.i.k.p.i.AbstractProblemLoader Creating init config 
16474      DEBUG main            d.u.i.k.p.i.AbstractProblemLoader Init config took 3.23s 
16509      INFO  main            d.u.i.k.p.i.AbstractProblemLoader Replaying proof Sect3.3.1.key 
16514      DEBUG main            d.u.i.k.p.i.IntermediateProofReplayer Proof replay took 8.1ns 
17022      INFO  main            d.u.i.k.p.r.p.TestFile    ... finished proof: closed. 
17206      INFO  main            d.u.i.k.p.i.AbstractProblemLoader Loading environment from /home/runner/work/key/key/key.core/../key.ui/examples/standard_key/BookExamples/03DynamicLogic/Sect3.3.1.key.proof 
17209      DEBUG main            d.u.i.k.p.i.AbstractProblemLoader Environment load took 3.1ms 
17215      INFO  main            d.u.i.k.p.i.AbstractProblemLoader Creating init config 
20403      DEBUG main            d.u.i.k.p.i.AbstractProblemLoader Init config took 3.19s 
20445      INFO  main            d.u.i.k.p.i.AbstractProblemLoader Replaying proof Sect3.3.1.key.proof 
20547      DEBUG main            d.u.i.k.p.i.IntermediateProofReplayer Proof replay took 97.93ms 
20550      DEBUG main            d.u.i.k.p.r.p.TestFile    ... success: reloaded. 
91191      INFO  Test worker     d.u.i.k.p.r.RunAllProofsTestUnit Returning from test oldBook 
91195      INFO  Test worker     d.u.i.k.p.r.RunAllProofsTestUnit Running test comprehensions 
396        INFO  Timeout watchdog d.u.i.k.p.r.p.ForkedTestFileRunner Timeout watcher launched (2000 secs.) 
419        WARN  main            d.u.i.k.s.ProofSettings   The settings in /home/runner/.key/proof-settings.props are *not* read. 
456        INFO  main            d.u.i.k.p.r.p.TestFile    Now processing file /home/runner/work/key/key/key.core/../key.ui/examples/heap/comprehensions/general_sum.key 
575        INFO  main            d.u.i.k.p.i.AbstractProblemLoader Loading environment from /home/runner/work/key/key/key.core/../key.ui/examples/heap/comprehensions/general_sum.key 
595        DEBUG main            d.u.i.k.p.i.AbstractProblemLoader Environment load took 2.3ms 
897        INFO  main            d.u.i.k.p.i.AbstractProblemLoader Creating init config 
1939       DEBUG main            d.u.i.k.j.TypeConverter   No LDT found for Meta 
1942       DEBUG main            d.u.i.k.j.TypeConverter   No LDT found for Meta 
1946       DEBUG main            d.u.i.k.j.TypeConverter   No LDT found for Meta 
1947       DEBUG main            d.u.i.k.j.TypeConverter   No LDT found for Meta 
3576       DEBUG main            d.u.i.k.j.TypeConverter   No LDT found for JavaBigintExpression 
9642       DEBUG main            d.u.i.k.p.i.AbstractProblemLoader Init config took 8.74s 
9784       INFO  main            d.u.i.k.p.i.AbstractProblemLoader Replaying proof GSum[GSum::doNothing()].JML operation contract.0 
9821       DEBUG main            d.u.i.k.p.i.IntermediateProofReplayer Proof replay took 36.5ns 
10272      INFO  main            d.u.i.k.p.r.p.TestFile    ... finished proof: closed. 
10399      INFO  main            d.u.i.k.p.i.AbstractProblemLoader Loading environment from /home/runner/work/key/key/key.core/../key.ui/examples/heap/comprehensions/general_sum.key.proof 
10399      DEBUG main            d.u.i.k.p.i.AbstractProblemLoader Environment load took 162.21ns 
10401      INFO  main            d.u.i.k.p.i.AbstractProblemLoader Creating init config 
13740      DEBUG main            d.u.i.k.p.i.AbstractProblemLoader Init config took 3.34s 
13807      INFO  main            d.u.i.k.p.i.AbstractProblemLoader Replaying proof GSum[GSum::doNothing()].JML operation contract.0 
13825      DEBUG main            d.u.i.k.p.i.IntermediateProofReplayer Proof replay took 12.51ms 
13832      DEBUG main            d.u.i.k.p.r.p.TestFile    ... success: reloaded. 
13834      INFO  main            d.u.i.k.p.r.p.TestFile    Now processing file /home/runner/work/key/key/key.core/../key.ui/examples/heap/comprehensions/sum0.key 
13834      INFO  main            d.u.i.k.p.i.AbstractProblemLoader Loading environment from /home/runner/work/key/key/key.core/../key.ui/examples/heap/comprehensions/sum0.key 
13835      DEBUG main            d.u.i.k.p.i.AbstractProblemLoader Environment load took 408.73ns 
13844      INFO  main            d.u.i.k.p.i.AbstractProblemLoader Creating init config 
17134      DEBUG main            d.u.i.k.p.i.AbstractProblemLoader Init config took 3.29s 
17204      INFO  main            d.u.i.k.p.i.AbstractProblemLoader Replaying proof Sum[Sum::sum0([I)].JML normal_behavior operation contract.0 
17210      DEBUG main            d.u.i.k.p.i.IntermediateProofReplayer Proof replay took 7.8ns 
17347      DEBUG Thread-4        d.u.i.k.l.l.OriginTermLabel commonFileName is null! 
17348      DEBUG Thread-4        d.u.i.k.l.l.OriginTermLabel commonFileName is null! 
17536      DEBUG Thread-4        d.u.i.k.l.l.OriginTermLabel commonFileName is null! 
17537      DEBUG Thread-4        d.u.i.k.l.l.OriginTermLabel commonFileName is null! 
17720      DEBUG Thread-4        d.u.i.k.l.l.OriginTermLabel commonFileName is null! 
17928      INFO  main            d.u.i.k.p.r.p.TestFile    ... finished proof: closed. 
18071      INFO  main            d.u.i.k.p.i.AbstractProblemLoader Loading environment from /home/runner/work/key/key/key.core/../key.ui/examples/heap/comprehensions/sum0.key.proof 
18075      DEBUG main            d.u.i.k.p.i.AbstractProblemLoader Environment load took 3.81ms 
18077      INFO  main            d.u.i.k.p.i.AbstractProblemLoader Creating init config 
21246      DEBUG main            d.u.i.k.p.i.AbstractProblemLoader Init config took 3.17s 
21327      INFO  main            d.u.i.k.p.i.AbstractProblemLoader Replaying proof Sum[Sum::sum0([I)].JML normal_behavior operation contract.0 
21362      DEBUG main            d.u.i.k.l.l.OriginTermLabel commonFileName is null! 
21363      DEBUG main            d.u.i.k.l.l.OriginTermLabel commonFileName is null! 
21416      DEBUG main            d.u.i.k.l.l.OriginTermLabel commonFileName is null! 
21451      DEBUG main            d.u.i.k.l.l.OriginTermLabel commonFileName is null! 
21452      DEBUG main            d.u.i.k.l.l.OriginTermLabel commonFileName is null! 
21456      DEBUG main            d.u.i.k.p.i.IntermediateProofReplayer Proof replay took 123.41ms 
21458      DEBUG main            d.u.i.k.p.r.p.TestFile    ... success: reloaded. 
21459      INFO  main            d.u.i.k.p.r.p.TestFile    Now processing file /home/runner/work/key/key/key.core/../key.ui/examples/heap/comprehensions/sum1.key 
21460      INFO  main            d.u.i.k.p.i.AbstractProblemLoader Loading environment from /home/runner/work/key/key/key.core/../key.ui/examples/heap/comprehensions/sum1.key 
21461      DEBUG main            d.u.i.k.p.i.AbstractProblemLoader Environment load took 411.72ns 
21462      INFO  main            d.u.i.k.p.i.AbstractProblemLoader Creating init config 
24585      DEBUG main            d.u.i.k.p.i.AbstractProblemLoader Init config took 3.12s 
24638      INFO  main            d.u.i.k.p.i.AbstractProblemLoader Replaying proof Sum[Sum::sum1([I)].JML normal_behavior operation contract.0 
24640      DEBUG main            d.u.i.k.p.i.IntermediateProofReplayer Proof replay took 6.1ns 
24705      DEBUG Thread-7        d.u.i.k.l.l.OriginTermLabel commonFileName is null! 
24706      DEBUG Thread-7        d.u.i.k.l.l.OriginTermLabel commonFileName is null! 
24871      DEBUG Thread-7        d.u.i.k.l.l.OriginTermLabel commonFileName is null! 
24872      DEBUG Thread-7        d.u.i.k.l.l.OriginTermLabel commonFileName is null! 
25039      DEBUG Thread-7        d.u.i.k.l.l.OriginTermLabel commonFileName is null! 
25251      INFO  main            d.u.i.k.p.r.p.TestFile    ... finished proof: closed. 
25417      INFO  main            d.u.i.k.p.i.AbstractProblemLoader Loading environment from /home/runner/work/key/key/key.core/../key.ui/examples/heap/comprehensions/sum1.key.proof 
25420      DEBUG main            d.u.i.k.p.i.AbstractProblemLoader Environment load took 2.73ms 
25422      INFO  main            d.u.i.k.p.i.AbstractProblemLoader Creating init config 
28466      DEBUG main            d.u.i.k.p.i.AbstractProblemLoader Init config took 3.04s 
28515      INFO  main            d.u.i.k.p.i.AbstractProblemLoader Replaying proof Sum[Sum::sum1([I)].JML normal_behavior operation contract.0 
28545      DEBUG main            d.u.i.k.l.l.OriginTermLabel commonFileName is null! 
28546      DEBUG main            d.u.i.k.l.l.OriginTermLabel commonFileName is null! 
28584      DEBUG main            d.u.i.k.l.l.OriginTermLabel commonFileName is null! 
28611      DEBUG main            d.u.i.k.l.l.OriginTermLabel commonFileName is null! 
28611      DEBUG main            d.u.i.k.l.l.OriginTermLabel commonFileName is null! 
28614      DEBUG main            d.u.i.k.p.i.IntermediateProofReplayer Proof replay took 94.02ms 
28615      DEBUG main            d.u.i.k.p.r.p.TestFile    ... success: reloaded. 
28616      INFO  main            d.u.i.k.p.r.p.TestFile    Now processing file /home/runner/work/key/key/key.core/../key.ui/examples/heap/comprehensions/sum2.key 
28617      INFO  main            d.u.i.k.p.i.AbstractProblemLoader Loading environment from /home/runner/work/key/key/key.core/../key.ui/examples/heap/comprehensions/sum2.key 
28617      DEBUG main            d.u.i.k.p.i.AbstractProblemLoader Environment load took 93.5ns 
28618      INFO  main            d.u.i.k.p.i.AbstractProblemLoader Creating init config 
31838      DEBUG main            d.u.i.k.p.i.AbstractProblemLoader Init config took 3.22s 
31889      INFO  main            d.u.i.k.p.i.AbstractProblemLoader Replaying proof Sum[Sum::sum2([I)].JML normal_behavior operation contract.0 
31894      DEBUG main            d.u.i.k.p.i.IntermediateProofReplayer Proof replay took 7.5ns 
31956      DEBUG Thread-10       d.u.i.k.l.l.OriginTermLabel commonFileName is null! 
31957      DEBUG Thread-10       d.u.i.k.l.l.OriginTermLabel commonFileName is null! 
32096      DEBUG Thread-10       d.u.i.k.l.l.OriginTermLabel commonFileName is null! 
32097      DEBUG Thread-10       d.u.i.k.l.l.OriginTermLabel commonFileName is null! 
32195      DEBUG Thread-10       d.u.i.k.l.l.OriginTermLabel commonFileName is null! 
32399      INFO  main            d.u.i.k.p.r.p.TestFile    ... finished proof: closed. 
32582      INFO  main            d.u.i.k.p.i.AbstractProblemLoader Loading environment from /home/runner/work/key/key/key.core/../key.ui/examples/heap/comprehensions/sum2.key.proof 
32585      DEBUG main            d.u.i.k.p.i.AbstractProblemLoader Environment load took 2.94ms 
32587      INFO  main            d.u.i.k.p.i.AbstractProblemLoader Creating init config 
35597      DEBUG main            d.u.i.k.p.i.AbstractProblemLoader Init config took 3.01s 
35649      INFO  main            d.u.i.k.p.i.AbstractProblemLoader Replaying proof Sum[Sum::sum2([I)].JML normal_behavior operation contract.0 
35673      DEBUG main            d.u.i.k.l.l.OriginTermLabel commonFileName is null! 
35674      DEBUG main            d.u.i.k.l.l.OriginTermLabel commonFileName is null! 
35704      DEBUG main            d.u.i.k.l.l.OriginTermLabel commonFileName is null! 
35725      DEBUG main            d.u.i.k.l.l.OriginTermLabel commonFileName is null! 
35725      DEBUG main            d.u.i.k.l.l.OriginTermLabel commonFileName is null! 
35727      DEBUG main            d.u.i.k.p.i.IntermediateProofReplayer Proof replay took 74.37ms 
35728      DEBUG main            d.u.i.k.p.r.p.TestFile    ... success: reloaded. 
35729      INFO  main            d.u.i.k.p.r.p.TestFile    Now processing file /home/runner/work/key/key/key.core/../key.ui/examples/heap/comprehensions/sum3.key 
35729      INFO  main            d.u.i.k.p.i.AbstractProblemLoader Loading environment from /home/runner/work/key/key/key.core/../key.ui/examples/heap/comprehensions/sum3.key 
35729      DEBUG main            d.u.i.k.p.i.AbstractProblemLoader Environment load took 67.7ns 
35731      INFO  main            d.u.i.k.p.i.AbstractProblemLoader Creating init config 
38782      DEBUG main            d.u.i.k.p.i.AbstractProblemLoader Init config took 3.05s 
38849      INFO  main            d.u.i.k.p.i.AbstractProblemLoader Replaying proof Sum[Sum::sum3([I)].JML normal_behavior operation contract.0 
38851      DEBUG main            d.u.i.k.p.i.IntermediateProofReplayer Proof replay took 6.8ns 
38905      DEBUG Thread-13       d.u.i.k.l.l.OriginTermLabel commonFileName is null! 
38905      DEBUG Thread-13       d.u.i.k.l.l.OriginTermLabel commonFileName is null! 
39028      DEBUG Thread-13       d.u.i.k.l.l.OriginTermLabel commonFileName is null! 
39028      DEBUG Thread-13       d.u.i.k.l.l.OriginTermLabel commonFileName is null! 
39117      DEBUG Thread-13       d.u.i.k.l.l.OriginTermLabel commonFileName is null! 
39256      INFO  main            d.u.i.k.p.r.p.TestFile    ... finished proof: closed. 
39448      INFO  main            d.u.i.k.p.i.AbstractProblemLoader Loading environment from /home/runner/work/key/key/key.core/../key.ui/examples/heap/comprehensions/sum3.key.proof 
39453      DEBUG main            d.u.i.k.p.i.AbstractProblemLoader Environment load took 5.01ms 
39457      INFO  main            d.u.i.k.p.i.AbstractProblemLoader Creating init config 
42476      DEBUG main            d.u.i.k.p.i.AbstractProblemLoader Init config took 3.02s 
42524      INFO  main            d.u.i.k.p.i.AbstractProblemLoader Replaying proof Sum[Sum::sum3([I)].JML normal_behavior operation contract.0 
42551      DEBUG main            d.u.i.k.l.l.OriginTermLabel commonFileName is null! 
42553      DEBUG main            d.u.i.k.l.l.OriginTermLabel commonFileName is null! 
42584      DEBUG main            d.u.i.k.l.l.OriginTermLabel commonFileName is null! 
42605      DEBUG main            d.u.i.k.l.l.OriginTermLabel commonFileName is null! 
42607      DEBUG main            d.u.i.k.l.l.OriginTermLabel commonFileName is null! 
42610      DEBUG main            d.u.i.k.p.i.IntermediateProofReplayer Proof replay took 81.68ms 
42611      DEBUG main            d.u.i.k.p.r.p.TestFile    ... success: reloaded. 
42613      INFO  main            d.u.i.k.p.r.p.TestFile    Now processing file /home/runner/work/key/key/key.core/../key.ui/examples/heap/comprehensions/segsum.key 
42614      INFO  main            d.u.i.k.p.i.AbstractProblemLoader Loading environment from /home/runner/work/key/key/key.core/../key.ui/examples/heap/comprehensions/segsum.key 
42614      DEBUG main            d.u.i.k.p.i.AbstractProblemLoader Environment load took 375.62ns 
42617      INFO  main            d.u.i.k.p.i.AbstractProblemLoader Creating init config 
45672      DEBUG main            d.u.i.k.p.i.AbstractProblemLoader Init config took 3.06s 
45721      INFO  main            d.u.i.k.p.i.AbstractProblemLoader Replaying proof SegSum[SegSum::segSum([I,int,int)].JML normal_behavior operation contract.0 
45723      DEBUG main            d.u.i.k.p.i.IntermediateProofReplayer Proof replay took 8ns 
46328      INFO  main            d.u.i.k.p.r.p.TestFile    ... finished proof: closed. 
46532      INFO  main            d.u.i.k.p.i.AbstractProblemLoader Loading environment from /home/runner/work/key/key/key.core/../key.ui/examples/heap/comprehensions/segsum.key.proof 
46535      DEBUG main            d.u.i.k.p.i.AbstractProblemLoader Environment load took 2.72ms 
46536      INFO  main            d.u.i.k.p.i.AbstractProblemLoader Creating init config 
49566      DEBUG main            d.u.i.k.p.i.AbstractProblemLoader Init config took 3.03s 
49620      INFO  main            d.u.i.k.p.i.AbstractProblemLoader Replaying proof SegSum[SegSum::segSum([I,int,int)].JML normal_behavior operation contract.0 
49695      DEBUG main            d.u.i.k.p.i.IntermediateProofReplayer Proof replay took 71.14ms 
49697      DEBUG main            d.u.i.k.p.r.p.TestFile    ... success: reloaded. 
49698      INFO  main            d.u.i.k.p.r.p.TestFile    Now processing file /home/runner/work/key/key/key.core/../key.ui/examples/heap/comprehensions/bsum_negative.key 
49698      INFO  main            d.u.i.k.p.i.AbstractProblemLoader Loading environment from /home/runner/work/key/key/key.core/../key.ui/examples/heap/comprehensions/bsum_negative.key 
49698      DEBUG main            d.u.i.k.p.i.AbstractProblemLoader Environment load took 101.81ns 
49700      INFO  main            d.u.i.k.p.i.AbstractProblemLoader Creating init config 
52514      DEBUG main            d.u.i.k.p.i.AbstractProblemLoader Init config took 2.81s 
52536      INFO  main            d.u.i.k.p.i.AbstractProblemLoader Replaying proof bsum_negative.key 
52538      DEBUG main            d.u.i.k.p.i.IntermediateProofReplayer Proof replay took 7.3ns 
52644      INFO  main            d.u.i.k.p.r.p.TestFile    ... finished proof: closed. 
52857      INFO  main            d.u.i.k.p.i.AbstractProblemLoader Loading environment from /home/runner/work/key/key/key.core/../key.ui/examples/heap/comprehensions/bsum_negative.key.proof 
52857      DEBUG main            d.u.i.k.p.i.AbstractProblemLoader Environment load took 127.81ns 
52861      INFO  main            d.u.i.k.p.i.AbstractProblemLoader Creating init config 
55731      DEBUG main            d.u.i.k.p.i.AbstractProblemLoader Init config took 2.87s 
55767      INFO  main            d.u.i.k.p.i.AbstractProblemLoader Replaying proof bsum_negative.key.proof 
55771      DEBUG main            d.u.i.k.p.i.IntermediateProofReplayer Proof replay took 1.46ms 
55772      DEBUG main            d.u.i.k.p.r.p.TestFile    ... success: reloaded. 
55773      INFO  main            d.u.i.k.p.r.p.TestFile    Now processing file /home/runner/work/key/key/key.core/../key.ui/examples/heap/comprehensions/bsum_neg2.key 
55773      INFO  main            d.u.i.k.p.i.AbstractProblemLoader Loading environment from /home/runner/work/key/key/key.core/../key.ui/examples/heap/comprehensions/bsum_neg2.key 
55773      DEBUG main            d.u.i.k.p.i.AbstractProblemLoader Environment load took 71.8ns 
55774      INFO  main            d.u.i.k.p.i.AbstractProblemLoader Creating init config 
58645      DEBUG main            d.u.i.k.p.i.AbstractProblemLoader Init config took 2.87s 
58664      INFO  main            d.u.i.k.p.i.AbstractProblemLoader Replaying proof bsum_neg2.key 
58665      DEBUG main            d.u.i.k.p.i.IntermediateProofReplayer Proof replay took 7.8ns 
58768      INFO  main            d.u.i.k.p.r.p.TestFile    ... finished proof: closed. 
58954      INFO  main            d.u.i.k.p.i.AbstractProblemLoader Loading environment from /home/runner/work/key/key/key.core/../key.ui/examples/heap/comprehensions/bsum_neg2.key.proof 
58954      DEBUG main            d.u.i.k.p.i.AbstractProblemLoader Environment load took 145.81ns 
58955      INFO  main            d.u.i.k.p.i.AbstractProblemLoader Creating init config 
61742      DEBUG main            d.u.i.k.p.i.AbstractProblemLoader Init config took 2.79s 
61766      INFO  main            d.u.i.k.p.i.AbstractProblemLoader Replaying proof bsum_neg2.key.proof 
61769      DEBUG main            d.u.i.k.p.i.IntermediateProofReplayer Proof replay took 686.03ns 
61770      DEBUG main            d.u.i.k.p.r.p.TestFile    ... success: reloaded. 
61770      INFO  main            d.u.i.k.p.r.p.TestFile    Now processing file /home/runner/work/key/key/key.core/../key.ui/examples/heap/comprehensions/bsumSplit.key 
61770      INFO  main            d.u.i.k.p.i.AbstractProblemLoader Loading environment from /home/runner/work/key/key/key.core/../key.ui/examples/heap/comprehensions/bsumSplit.key 
61771      DEBUG main            d.u.i.k.p.i.AbstractProblemLoader Environment load took 69.4ns 
61772      INFO  main            d.u.i.k.p.i.AbstractProblemLoader Creating init config 
64590      DEBUG main            d.u.i.k.p.i.AbstractProblemLoader Init config took 2.82s 
64610      INFO  main            d.u.i.k.p.i.AbstractProblemLoader Replaying proof bsumSplit.key 
64612      DEBUG main            d.u.i.k.p.i.IntermediateProofReplayer Proof replay took 8.7ns 
64714      INFO  main            d.u.i.k.p.r.p.TestFile    ... finished proof: closed. 
64913      INFO  main            d.u.i.k.p.i.AbstractProblemLoader Loading environment from /home/runner/work/key/key/key.core/../key.ui/examples/heap/comprehensions/bsumSplit.key.proof 
64913      DEBUG main            d.u.i.k.p.i.AbstractProblemLoader Environment load took 128.41ns 
64915      INFO  main            d.u.i.k.p.i.AbstractProblemLoader Creating init config 
67683      DEBUG main            d.u.i.k.p.i.AbstractProblemLoader Init config took 2.77s 
67700      INFO  main            d.u.i.k.p.i.AbstractProblemLoader Replaying proof bsumSplit.key.proof 
67705      DEBUG main            d.u.i.k.p.i.IntermediateProofReplayer Proof replay took 2.99ms 
67707      DEBUG main            d.u.i.k.p.r.p.TestFile    ... success: reloaded. 
67708      INFO  main            d.u.i.k.p.r.p.TestFile    Now processing file /home/runner/work/key/key/key.core/../key.ui/examples/heap/comprehensions/bprodSplit.key 
67708      INFO  main            d.u.i.k.p.i.AbstractProblemLoader Loading environment from /home/runner/work/key/key/key.core/../key.ui/examples/heap/comprehensions/bprodSplit.key 
67709      DEBUG main            d.u.i.k.p.i.AbstractProblemLoader Environment load took 334.22ns 
67710      INFO  main            d.u.i.k.p.i.AbstractProblemLoader Creating init config 
70537      DEBUG main            d.u.i.k.p.i.AbstractProblemLoader Init config took 2.83s 
70554      INFO  main            d.u.i.k.p.i.AbstractProblemLoader Replaying proof bprodSplit.key 
70556      DEBUG main            d.u.i.k.p.i.IntermediateProofReplayer Proof replay took 7.6ns 
70659      INFO  main            d.u.i.k.p.r.p.TestFile    ... finished proof: closed. 
70864      INFO  main            d.u.i.k.p.i.AbstractProblemLoader Loading environment from /home/runner/work/key/key/key.core/../key.ui/examples/heap/comprehensions/bprodSplit.key.proof 
70864      DEBUG main            d.u.i.k.p.i.AbstractProblemLoader Environment load took 140.01ns 
70866      INFO  main            d.u.i.k.p.i.AbstractProblemLoader Creating init config 
73674      DEBUG main            d.u.i.k.p.i.AbstractProblemLoader Init config took 2.81s 
73691      INFO  main            d.u.i.k.p.i.AbstractProblemLoader Replaying proof bprodSplit.key.proof 
73694      DEBUG main            d.u.i.k.p.i.IntermediateProofReplayer Proof replay took 1.67ms 
73695      DEBUG main            d.u.i.k.p.r.p.TestFile    ... success: reloaded. 
73696      INFO  main            d.u.i.k.p.r.p.TestFile    Now processing file /home/runner/work/key/key/key.core/../key.ui/examples/heap/comprehensions/bsumSplitInvalid.key 
73696      INFO  main            d.u.i.k.p.i.AbstractProblemLoader Loading environment from /home/runner/work/key/key/key.core/../key.ui/examples/heap/comprehensions/bsumSplitInvalid.key 
73696      DEBUG main            d.u.i.k.p.i.AbstractProblemLoader Environment load took 111.61ns 
73697      INFO  main            d.u.i.k.p.i.AbstractProblemLoader Creating init config 
76544      DEBUG main            d.u.i.k.p.i.AbstractProblemLoader Init config took 2.85s 
76561      INFO  main            d.u.i.k.p.i.AbstractProblemLoader Replaying proof bsumSplitInvalid.key 
76562      DEBUG main            d.u.i.k.p.i.IntermediateProofReplayer Proof replay took 7.3ns 
76666      INFO  main            d.u.i.k.p.r.p.TestFile    ... finished proof: open goal(s) 
168338     INFO  Test worker     d.u.i.k.p.r.RunAllProofsTestUnit Returning from test comprehensions 
168339     INFO  Test worker     d.u.i.k.p.r.RunAllProofsTestUnit Running test performance 
362        INFO  Timeout watchdog d.u.i.k.p.r.p.ForkedTestFileRunner Timeout watcher launched (2000 secs.) 
383        WARN  main            d.u.i.k.s.ProofSettings   The settings in /home/runner/.key/proof-settings.props are *not* read. 
431        INFO  main            d.u.i.k.p.r.p.TestFile    Now processing file /home/runner/work/key/key/key.core/../key.ui/examples/performance-test/Disjoint(Disjoint__disjoint_08()).JML_operation_contract.0.key 
578        INFO  main            d.u.i.k.p.i.AbstractProblemLoader Loading environment from /home/runner/work/key/key/key.core/../key.ui/examples/performance-test/Disjoint(Disjoint__disjoint_08()).JML_operation_contract.0.key 
604        DEBUG main            d.u.i.k.p.i.AbstractProblemLoader Environment load took 5.03ms 
847        INFO  main            d.u.i.k.p.i.AbstractProblemLoader Creating init config 
1801       DEBUG main            d.u.i.k.j.TypeConverter   No LDT found for Meta 
1802       DEBUG main            d.u.i.k.j.TypeConverter   No LDT found for Meta 
1804       DEBUG main            d.u.i.k.j.TypeConverter   No LDT found for Meta 
1805       DEBUG main            d.u.i.k.j.TypeConverter   No LDT found for Meta 
3297       DEBUG main            d.u.i.k.j.TypeConverter   No LDT found for JavaBigintExpression 
10265      DEBUG main            d.u.i.k.j.r.ClassPreparationMethodBuilder clPrepBuilder: Inner Class detected. Reject building class initialisation methods. 
19759      DEBUG main            d.u.i.k.p.i.AbstractProblemLoader Init config took 18.91s 
20014      INFO  main            d.u.i.k.p.i.AbstractProblemLoader Replaying proof Disjoint[Disjoint::disjoint_8()].JML operation contract.0 
20071      DEBUG main            d.u.i.k.p.i.IntermediateProofReplayer Proof replay took 397.62ns 
23032      INFO  main            d.u.i.k.p.r.p.TestFile    ... finished proof: closed. 
23268      INFO  main            d.u.i.k.p.i.AbstractProblemLoader Loading environment from /home/runner/work/key/key/key.core/../key.ui/examples/performance-test/Disjoint(Disjoint__disjoint_08()).JML_operation_contract.0.key.proof 
23268      DEBUG main            d.u.i.k.p.i.AbstractProblemLoader Environment load took 343.82ns 
23271      INFO  main            d.u.i.k.p.i.AbstractProblemLoader Creating init config 
27002      DEBUG main            d.u.i.k.j.r.ClassPreparationMethodBuilder clPrepBuilder: Inner Class detected. Reject building class initialisation methods. 
35596      DEBUG main            d.u.i.k.p.i.AbstractProblemLoader Init config took 12.33s 
35732      INFO  main            d.u.i.k.p.i.AbstractProblemLoader Replaying proof Disjoint[Disjoint::disjoint_8()].JML operation contract.0 
36073      DEBUG main            d.u.i.k.p.i.IntermediateProofReplayer Proof replay took 328.39ms 
36083      DEBUG main            d.u.i.k.p.r.p.TestFile    ... success: reloaded. 
36089      INFO  main            d.u.i.k.p.r.p.TestFile    Now processing file /home/runner/work/key/key/key.core/../key.ui/examples/performance-test/Disjoint(Disjoint__disjoint2_08()).JML_operation_contract.0.key 
36090      INFO  main            d.u.i.k.p.i.AbstractProblemLoader Loading environment from /home/runner/work/key/key/key.core/../key.ui/examples/performance-test/Disjoint(Disjoint__disjoint2_08()).JML_operation_contract.0.key 
36092      DEBUG main            d.u.i.k.p.i.AbstractProblemLoader Environment load took 1.78ms 
36094      INFO  main            d.u.i.k.p.i.AbstractProblemLoader Creating init config 
39917      DEBUG main            d.u.i.k.j.r.ClassPreparationMethodBuilder clPrepBuilder: Inner Class detected. Reject building class initialisation methods. 
48161      DEBUG main            d.u.i.k.p.i.AbstractProblemLoader Init config took 12.07s 
48292      INFO  main            d.u.i.k.p.i.AbstractProblemLoader Replaying proof Disjoint[Disjoint::disjoint2_8()].JML operation contract.0 
48295      DEBUG main            d.u.i.k.p.i.IntermediateProofReplayer Proof replay took 19.4ns 
49326      INFO  main            d.u.i.k.p.r.p.TestFile    ... finished proof: closed. 
49631      INFO  main            d.u.i.k.p.i.AbstractProblemLoader Loading environment from /home/runner/work/key/key/key.core/../key.ui/examples/performance-test/Disjoint(Disjoint__disjoint2_08()).JML_operation_contract.0.key.proof 
49632      DEBUG main            d.u.i.k.p.i.AbstractProblemLoader Environment load took 680.43ns 
49639      INFO  main            d.u.i.k.p.i.AbstractProblemLoader Creating init config 
53275      DEBUG main            d.u.i.k.j.r.ClassPreparationMethodBuilder clPrepBuilder: Inner Class detected. Reject building class initialisation methods. 
61355      DEBUG main            d.u.i.k.p.i.AbstractProblemLoader Init config took 11.72s 
61466      INFO  main            d.u.i.k.p.i.AbstractProblemLoader Replaying proof Disjoint[Disjoint::disjoint2_8()].JML operation contract.0 
61564      DEBUG main            d.u.i.k.p.i.IntermediateProofReplayer Proof replay took 94.17ms 
61569      DEBUG main            d.u.i.k.p.r.p.TestFile    ... success: reloaded. 
61572      INFO  main            d.u.i.k.p.r.p.TestFile    Now processing file /home/runner/work/key/key/key.core/../key.ui/examples/performance-test/AccessChain1(AccessChain1__foo_08()).JML_operation_contract.0.key 
61572      INFO  main            d.u.i.k.p.i.AbstractProblemLoader Loading environment from /home/runner/work/key/key/key.core/../key.ui/examples/performance-test/AccessChain1(AccessChain1__foo_08()).JML_operation_contract.0.key 
61573      DEBUG main            d.u.i.k.p.i.AbstractProblemLoader Environment load took 117ns 
61575      INFO  main            d.u.i.k.p.i.AbstractProblemLoader Creating init config 
65103      DEBUG main            d.u.i.k.j.r.ClassPreparationMethodBuilder clPrepBuilder: Inner Class detected. Reject building class initialisation methods. 
73216      DEBUG main            d.u.i.k.p.i.AbstractProblemLoader Init config took 11.64s 
73325      INFO  main            d.u.i.k.p.i.AbstractProblemLoader Replaying proof AccessChain1[AccessChain1::foo_8()].JML operation contract.0 
73327      DEBUG main            d.u.i.k.p.i.IntermediateProofReplayer Proof replay took 11.8ns 
76248      INFO  main            d.u.i.k.p.r.p.TestFile    ... finished proof: closed. 
76685      INFO  main            d.u.i.k.p.i.AbstractProblemLoader Loading environment from /home/runner/work/key/key/key.core/../key.ui/examples/performance-test/AccessChain1(AccessChain1__foo_08()).JML_operation_contract.0.key.proof 
76689      DEBUG main            d.u.i.k.p.i.AbstractProblemLoader Environment load took 3.99ms 
76694      INFO  main            d.u.i.k.p.i.AbstractProblemLoader Creating init config 
80200      DEBUG main            d.u.i.k.j.r.ClassPreparationMethodBuilder clPrepBuilder: Inner Class detected. Reject building class initialisation methods. 
88333      DEBUG main            d.u.i.k.p.i.AbstractProblemLoader Init config took 11.64s 
88441      INFO  main            d.u.i.k.p.i.AbstractProblemLoader Replaying proof AccessChain1[AccessChain1::foo_8()].JML operation contract.0 
88947      DEBUG main            d.u.i.k.p.i.IntermediateProofReplayer Proof replay took 489.31ms 
88949      DEBUG main            d.u.i.k.p.r.p.TestFile    ... success: reloaded. 
88951      INFO  main            d.u.i.k.p.r.p.TestFile    Now processing file /home/runner/work/key/key/key.core/../key.ui/examples/performance-test/AccessChain4(AccessChain4__foo_08()).JML_operation_contract.0.key 
88951      INFO  main            d.u.i.k.p.i.AbstractProblemLoader Loading environment from /home/runner/work/key/key/key.core/../key.ui/examples/performance-test/AccessChain4(AccessChain4__foo_08()).JML_operation_contract.0.key 
88951      DEBUG main            d.u.i.k.p.i.AbstractProblemLoader Environment load took 117.41ns 
88953      INFO  main            d.u.i.k.p.i.AbstractProblemLoader Creating init config 
92560      DEBUG main            d.u.i.k.j.r.ClassPreparationMethodBuilder clPrepBuilder: Inner Class detected. Reject building class initialisation methods. 
100741     DEBUG main            d.u.i.k.p.i.AbstractProblemLoader Init config took 11.79s 
100863     INFO  main            d.u.i.k.p.i.AbstractProblemLoader Replaying proof AccessChain4[AccessChain4::foo_8()].JML operation contract.0 
100865     DEBUG main            d.u.i.k.p.i.IntermediateProofReplayer Proof replay took 11.7ns 
108118     INFO  main            d.u.i.k.p.r.p.TestFile    ... finished proof: closed. 
108550     INFO  main            d.u.i.k.p.i.AbstractProblemLoader Loading environment from /home/runner/work/key/key/key.core/../key.ui/examples/performance-test/AccessChain4(AccessChain4__foo_08()).JML_operation_contract.0.key.proof 
108559     DEBUG main            d.u.i.k.p.i.AbstractProblemLoader Environment load took 9.22ms 
108566     INFO  main            d.u.i.k.p.i.AbstractProblemLoader Creating init config 
111995     DEBUG main            d.u.i.k.j.r.ClassPreparationMethodBuilder clPrepBuilder: Inner Class detected. Reject building class initialisation methods. 
120092     DEBUG main            d.u.i.k.p.i.AbstractProblemLoader Init config took 11.53s 
120195     INFO  main            d.u.i.k.p.i.AbstractProblemLoader Replaying proof AccessChain4[AccessChain4::foo_8()].JML operation contract.0 
121048     DEBUG main            d.u.i.k.p.i.IntermediateProofReplayer Proof replay took 819.72ms 
121051     DEBUG main            d.u.i.k.p.r.p.TestFile    ... success: reloaded. 
121053     INFO  main            d.u.i.k.p.r.p.TestFile    Now processing file /home/runner/work/key/key/key.core/../key.ui/examples/performance-test/Disjoint(Disjoint__xZero_08()).JML_operation_contract.0.key 
121053     INFO  main            d.u.i.k.p.i.AbstractProblemLoader Loading environment from /home/runner/work/key/key/key.core/../key.ui/examples/performance-test/Disjoint(Disjoint__xZero_08()).JML_operation_contract.0.key 
121053     DEBUG main            d.u.i.k.p.i.AbstractProblemLoader Environment load took 224.71ns 
121054     INFO  main            d.u.i.k.p.i.AbstractProblemLoader Creating init config 
124597     DEBUG main            d.u.i.k.j.r.ClassPreparationMethodBuilder clPrepBuilder: Inner Class detected. Reject building class initialisation methods. 
132664     DEBUG main            d.u.i.k.p.i.AbstractProblemLoader Init config took 11.61s 
132767     INFO  main            d.u.i.k.p.i.AbstractProblemLoader Replaying proof Disjoint[Disjoint::xZero_8()].JML operation contract.0 
132770     DEBUG main            d.u.i.k.p.i.IntermediateProofReplayer Proof replay took 11.5ns 
133918     INFO  main            d.u.i.k.p.r.p.TestFile    ... finished proof: closed. 
134329     INFO  main            d.u.i.k.p.i.AbstractProblemLoader Loading environment from /home/runner/work/key/key/key.core/../key.ui/examples/performance-test/Disjoint(Disjoint__xZero_08()).JML_operation_contract.0.key.proof 
134333     DEBUG main            d.u.i.k.p.i.AbstractProblemLoader Environment load took 4.35ms 
134335     INFO  main            d.u.i.k.p.i.AbstractProblemLoader Creating init config 
137796     DEBUG main            d.u.i.k.j.r.ClassPreparationMethodBuilder clPrepBuilder: Inner Class detected. Reject building class initialisation methods. 
145698     DEBUG main            d.u.i.k.p.i.AbstractProblemLoader Init config took 11.36s 
145800     INFO  main            d.u.i.k.p.i.AbstractProblemLoader Replaying proof Disjoint[Disjoint::xZero_8()].JML operation contract.0 
146001     DEBUG main            d.u.i.k.p.i.IntermediateProofReplayer Proof replay took 193.36ms 
146003     DEBUG main            d.u.i.k.p.r.p.TestFile    ... success: reloaded. 
146005     INFO  main            d.u.i.k.p.r.p.TestFile    Now processing file /home/runner/work/key/key/key.core/../key.ui/examples/performance-test/Dynamic(Dynamic__foo_08()).JML_operation_contract.0.key 
146006     INFO  main            d.u.i.k.p.i.AbstractProblemLoader Loading environment from /home/runner/work/key/key/key.core/../key.ui/examples/performance-test/Dynamic(Dynamic__foo_08()).JML_operation_contract.0.key 
146006     DEBUG main            d.u.i.k.p.i.AbstractProblemLoader Environment load took 323.41ns 
146007     INFO  main            d.u.i.k.p.i.AbstractProblemLoader Creating init config 
149589     DEBUG main            d.u.i.k.j.r.ClassPreparationMethodBuilder clPrepBuilder: Inner Class detected. Reject building class initialisation methods. 
157704     DEBUG main            d.u.i.k.p.i.AbstractProblemLoader Init config took 11.7s 
157803     INFO  main            d.u.i.k.p.i.AbstractProblemLoader Replaying proof Dynamic[Dynamic::foo_8()].JML operation contract.0 
157805     DEBUG main            d.u.i.k.p.i.IntermediateProofReplayer Proof replay took 12.5ns 
163556     INFO  main            d.u.i.k.p.r.p.TestFile    ... finished proof: closed. 
164028     INFO  main            d.u.i.k.p.i.AbstractProblemLoader Loading environment from /home/runner/work/key/key/key.core/../key.ui/examples/performance-test/Dynamic(Dynamic__foo_08()).JML_operation_contract.0.key.proof 
164029     DEBUG main            d.u.i.k.p.i.AbstractProblemLoader Environment load took 635.73ns 
164032     INFO  main            d.u.i.k.p.i.AbstractProblemLoader Creating init config 
167462     DEBUG main            d.u.i.k.j.r.ClassPreparationMethodBuilder clPrepBuilder: Inner Class detected. Reject building class initialisation methods. 
175467     DEBUG main            d.u.i.k.p.i.AbstractProblemLoader Init config took 11.43s 
175564     INFO  main            d.u.i.k.p.i.AbstractProblemLoader Replaying proof Dynamic[Dynamic::foo_8()].JML operation contract.0 
176132     DEBUG main            d.u.i.k.p.i.IntermediateProofReplayer Proof replay took 542.58ms 
176135     DEBUG main            d.u.i.k.p.r.p.TestFile    ... success: reloaded. 
176137     INFO  main            d.u.i.k.p.r.p.TestFile    Now processing file /home/runner/work/key/key/key.core/../key.ui/examples/performance-test/DynamicGhost(DynamicGhost__dynamicGhost_08()).JML_normal_behavior_operation_contract.0.key 
176137     INFO  main            d.u.i.k.p.i.AbstractProblemLoader Loading environment from /home/runner/work/key/key/key.core/../key.ui/examples/performance-test/DynamicGhost(DynamicGhost__dynamicGhost_08()).JML_normal_behavior_operation_contract.0.key 
176137     DEBUG main            d.u.i.k.p.i.AbstractProblemLoader Environment load took 252.91ns 
176139     INFO  main            d.u.i.k.p.i.AbstractProblemLoader Creating init config 
179695     DEBUG main            d.u.i.k.j.r.ClassPreparationMethodBuilder clPrepBuilder: Inner Class detected. Reject building class initialisation methods. 
187747     DEBUG main            d.u.i.k.p.i.AbstractProblemLoader Init config took 11.61s 
187849     INFO  main            d.u.i.k.p.i.AbstractProblemLoader Replaying proof DynamicGhost[DynamicGhost::dynamicGhost_8()].JML normal_behavior operation contract.0 
187852     DEBUG main            d.u.i.k.p.i.IntermediateProofReplayer Proof replay took 12.4ns 
192477     INFO  main            d.u.i.k.p.r.p.TestFile    ... finished proof: closed. 
192947     INFO  main            d.u.i.k.p.i.AbstractProblemLoader Loading environment from /home/runner/work/key/key/key.core/../key.ui/examples/performance-test/DynamicGhost(DynamicGhost__dynamicGhost_08()).JML_normal_behavior_operation_contract.0.key.proof 
192947     DEBUG main            d.u.i.k.p.i.AbstractProblemLoader Environment load took 638.62ns 
192950     INFO  main            d.u.i.k.p.i.AbstractProblemLoader Creating init config 
196358     DEBUG main            d.u.i.k.j.r.ClassPreparationMethodBuilder clPrepBuilder: Inner Class detected. Reject building class initialisation methods. 
204359     DEBUG main            d.u.i.k.p.i.AbstractProblemLoader Init config took 11.41s 
204456     INFO  main            d.u.i.k.p.i.AbstractProblemLoader Replaying proof DynamicGhost[DynamicGhost::dynamicGhost_8()].JML normal_behavior operation contract.0 
204961     DEBUG main            d.u.i.k.p.i.IntermediateProofReplayer Proof replay took 482.34ms 
204964     DEBUG main            d.u.i.k.p.r.p.TestFile    ... success: reloaded. 
204966     INFO  main            d.u.i.k.p.r.p.TestFile    Now processing file /home/runner/work/key/key/key.core/../key.ui/examples/performance-test/GhostFrame(GhostFrame__foo_08()).JML_operation_contract.0.key 
204966     INFO  main            d.u.i.k.p.i.AbstractProblemLoader Loading environment from /home/runner/work/key/key/key.core/../key.ui/examples/performance-test/GhostFrame(GhostFrame__foo_08()).JML_operation_contract.0.key 
204966     DEBUG main            d.u.i.k.p.i.AbstractProblemLoader Environment load took 147.61ns 
204967     INFO  main            d.u.i.k.p.i.AbstractProblemLoader Creating init config 
208502     DEBUG main            d.u.i.k.j.r.ClassPreparationMethodBuilder clPrepBuilder: Inner Class detected. Reject building class initialisation methods. 
216517     DEBUG main            d.u.i.k.p.i.AbstractProblemLoader Init config took 11.55s 
216613     INFO  main            d.u.i.k.p.i.AbstractProblemLoader Replaying proof GhostFrame[GhostFrame::foo_8()].JML operation contract.0 
216615     DEBUG main            d.u.i.k.p.i.IntermediateProofReplayer Proof replay took 12.9ns 
218801     INFO  main            d.u.i.k.p.r.p.TestFile    ... finished proof: closed. 
219267     INFO  main            d.u.i.k.p.i.AbstractProblemLoader Loading environment from /home/runner/work/key/key/key.core/../key.ui/examples/performance-test/GhostFrame(GhostFrame__foo_08()).JML_operation_contract.0.key.proof 
219267     DEBUG main            d.u.i.k.p.i.AbstractProblemLoader Environment load took 282.81ns 
219269     INFO  main            d.u.i.k.p.i.AbstractProblemLoader Creating init config 
222656     DEBUG main            d.u.i.k.j.r.ClassPreparationMethodBuilder clPrepBuilder: Inner Class detected. Reject building class initialisation methods. 
230534     DEBUG main            d.u.i.k.p.i.AbstractProblemLoader Init config took 11.27s 
230629     INFO  main            d.u.i.k.p.i.AbstractProblemLoader Replaying proof GhostFrame[GhostFrame::foo_8()].JML operation contract.0 
230968     DEBUG main            d.u.i.k.p.i.IntermediateProofReplayer Proof replay took 328.23ms 
230970     DEBUG main            d.u.i.k.p.r.p.TestFile    ... success: reloaded. 
230972     INFO  main            d.u.i.k.p.r.p.TestFile    Now processing file /home/runner/work/key/key/key.core/../key.ui/examples/performance-test/Modelfield(Modelfield__foo_08()).JML_operation_contract.0.key 
230972     INFO  main            d.u.i.k.p.i.AbstractProblemLoader Loading environment from /home/runner/work/key/key/key.core/../key.ui/examples/performance-test/Modelfield(Modelfield__foo_08()).JML_operation_contract.0.key 
230972     DEBUG main            d.u.i.k.p.i.AbstractProblemLoader Environment load took 123.6ns 
230973     INFO  main            d.u.i.k.p.i.AbstractProblemLoader Creating init config 
234455     DEBUG main            d.u.i.k.j.r.ClassPreparationMethodBuilder clPrepBuilder: Inner Class detected. Reject building class initialisation methods. 
242520     DEBUG main            d.u.i.k.p.i.AbstractProblemLoader Init config took 11.55s 
242617     INFO  main            d.u.i.k.p.i.AbstractProblemLoader Replaying proof Modelfield[Modelfield::foo_8()].JML operation contract.0 
242619     DEBUG main            d.u.i.k.p.i.IntermediateProofReplayer Proof replay took 6.9ns 
246034     INFO  main            d.u.i.k.p.r.p.TestFile    ... finished proof: closed. 
246546     INFO  main            d.u.i.k.p.i.AbstractProblemLoader Loading environment from /home/runner/work/key/key/key.core/../key.ui/examples/performance-test/Modelfield(Modelfield__foo_08()).JML_operation_contract.0.key.proof 
246546     DEBUG main            d.u.i.k.p.i.AbstractProblemLoader Environment load took 369.91ns 
246548     INFO  main            d.u.i.k.p.i.AbstractProblemLoader Creating init config 
249963     DEBUG main            d.u.i.k.j.r.ClassPreparationMethodBuilder clPrepBuilder: Inner Class detected. Reject building class initialisation methods. 
257825     DEBUG main            d.u.i.k.p.i.AbstractProblemLoader Init config took 11.28s 
257920     INFO  main            d.u.i.k.p.i.AbstractProblemLoader Replaying proof Modelfield[Modelfield::foo_8()].JML operation contract.0 
258350     DEBUG main            d.u.i.k.p.i.IntermediateProofReplayer Proof replay took 414.73ms 
258352     DEBUG main            d.u.i.k.p.r.p.TestFile    ... success: reloaded. 
426879     INFO  Test worker     d.u.i.k.p.r.RunAllProofsTestUnit Returning from test performance 
426880     INFO  Test worker     d.u.i.k.p.r.RunAllProofsTestUnit Running test performancePOConstruction 
397        INFO  Timeout watchdog d.u.i.k.p.r.p.ForkedTestFileRunner Timeout watcher launched (2000 secs.) 
402        WARN  main            d.u.i.k.s.ProofSettings   The settings in /home/runner/.key/proof-settings.props are *not* read. 
453        INFO  main            d.u.i.k.p.r.p.TestFile    Now processing file /home/runner/work/key/key/key.core/../key.ui/examples/performance-test/Test(Test__a0(int)).JML_normal_behavior_operation_contract.0.key 
600        INFO  main            d.u.i.k.p.i.AbstractProblemLoader Loading environment from /home/runner/work/key/key/key.core/../key.ui/examples/performance-test/Test(Test__a0(int)).JML_normal_behavior_operation_contract.0.key 
618        DEBUG main            d.u.i.k.p.i.AbstractProblemLoader Environment load took 2.42ms 
872        INFO  main            d.u.i.k.p.i.AbstractProblemLoader Creating init config 
1818       DEBUG main            d.u.i.k.j.TypeConverter   No LDT found for Meta 
1818       DEBUG main            d.u.i.k.j.TypeConverter   No LDT found for Meta 
1821       DEBUG main            d.u.i.k.j.TypeConverter   No LDT found for Meta 
1822       DEBUG main            d.u.i.k.j.TypeConverter   No LDT found for Meta 
3603       DEBUG main            d.u.i.k.j.TypeConverter   No LDT found for JavaBigintExpression 
10051      DEBUG main            d.u.i.k.j.r.ClassPreparationMethodBuilder clPrepBuilder: Inner Class detected. Reject building class initialisation methods. 
19170      DEBUG main            d.u.i.k.p.i.AbstractProblemLoader Init config took 18.3s 
20416      INFO  main            d.u.i.k.p.i.AbstractProblemLoader Replaying proof Test[Test::a0(int)].JML normal_behavior operation contract.0 
20513      DEBUG main            d.u.i.k.p.i.IntermediateProofReplayer Proof replay took 38.2ns 
20968      INFO  main            d.u.i.k.p.r.p.TestFile    ... finished proof: closed. 
21148      INFO  main            d.u.i.k.p.i.AbstractProblemLoader Loading environment from /home/runner/work/key/key/key.core/../key.ui/examples/performance-test/Test(Test__a0(int)).JML_normal_behavior_operation_contract.0.key.proof 
21148      DEBUG main            d.u.i.k.p.i.AbstractProblemLoader Environment load took 151.01ns 
21150      INFO  main            d.u.i.k.p.i.AbstractProblemLoader Creating init config 
24865      DEBUG main            d.u.i.k.j.r.ClassPreparationMethodBuilder clPrepBuilder: Inner Class detected. Reject building class initialisation methods. 
33240      DEBUG main            d.u.i.k.p.i.AbstractProblemLoader Init config took 12.09s 
34224      INFO  main            d.u.i.k.p.i.AbstractProblemLoader Replaying proof Test[Test::a0(int)].JML normal_behavior operation contract.0 
34261      DEBUG main            d.u.i.k.p.i.IntermediateProofReplayer Proof replay took 28.24ms 
34272      DEBUG main            d.u.i.k.p.r.p.TestFile    ... success: reloaded. 
34274      INFO  main            d.u.i.k.p.r.p.TestFile    Now processing file /home/runner/work/key/key/key.core/../key.ui/examples/performance-test/Test(Test__a1(int)).JML_normal_behavior_operation_contract.0.key 
34275      INFO  main            d.u.i.k.p.i.AbstractProblemLoader Loading environment from /home/runner/work/key/key/key.core/../key.ui/examples/performance-test/Test(Test__a1(int)).JML_normal_behavior_operation_contract.0.key 
34275      DEBUG main            d.u.i.k.p.i.AbstractProblemLoader Environment load took 330.11ns 
34277      INFO  main            d.u.i.k.p.i.AbstractProblemLoader Creating init config 
37914      DEBUG main            d.u.i.k.j.r.ClassPreparationMethodBuilder clPrepBuilder: Inner Class detected. Reject building class initialisation methods. 
45891      DEBUG main            d.u.i.k.p.i.AbstractProblemLoader Init config took 11.61s 
46913      INFO  main            d.u.i.k.p.i.AbstractProblemLoader Replaying proof Test[Test::a1(int)].JML normal_behavior operation contract.0 
46916      DEBUG main            d.u.i.k.p.i.IntermediateProofReplayer Proof replay took 7.4ns 
47321      INFO  main            d.u.i.k.p.r.p.TestFile    ... finished proof: closed. 
47667      INFO  main            d.u.i.k.p.i.AbstractProblemLoader Loading environment from /home/runner/work/key/key/key.core/../key.ui/examples/performance-test/Test(Test__a1(int)).JML_normal_behavior_operation_contract.0.key.proof 
47668      DEBUG main            d.u.i.k.p.i.AbstractProblemLoader Environment load took 596.12ns 
47670      INFO  main            d.u.i.k.p.i.AbstractProblemLoader Creating init config 
51151      DEBUG main            d.u.i.k.j.r.ClassPreparationMethodBuilder clPrepBuilder: Inner Class detected. Reject building class initialisation methods. 
58970      DEBUG main            d.u.i.k.p.i.AbstractProblemLoader Init config took 11.3s 
60028      INFO  main            d.u.i.k.p.i.AbstractProblemLoader Replaying proof Test[Test::a1(int)].JML normal_behavior operation contract.0 
60094      DEBUG main            d.u.i.k.p.i.IntermediateProofReplayer Proof replay took 62.43ms 
60096      DEBUG main            d.u.i.k.p.r.p.TestFile    ... success: reloaded. 
60098      INFO  main            d.u.i.k.p.r.p.TestFile    Now processing file /home/runner/work/key/key/key.core/../key.ui/examples/performance-test/Test(Test__f1(int)).JML_normal_behavior_operation_contract.0.key 
60098      INFO  main            d.u.i.k.p.i.AbstractProblemLoader Loading environment from /home/runner/work/key/key/key.core/../key.ui/examples/performance-test/Test(Test__f1(int)).JML_normal_behavior_operation_contract.0.key 
60099      DEBUG main            d.u.i.k.p.i.AbstractProblemLoader Environment load took 286.51ns 
60101      INFO  main            d.u.i.k.p.i.AbstractProblemLoader Creating init config 
63613      DEBUG main            d.u.i.k.j.r.ClassPreparationMethodBuilder clPrepBuilder: Inner Class detected. Reject building class initialisation methods. 
71413      DEBUG main            d.u.i.k.p.i.AbstractProblemLoader Init config took 11.31s 
72427      INFO  main            d.u.i.k.p.i.AbstractProblemLoader Replaying proof Test[Test::f1(int)].JML normal_behavior operation contract.0 
72429      DEBUG main            d.u.i.k.p.i.IntermediateProofReplayer Proof replay took 6.8ns 
72632      INFO  main            d.u.i.k.p.r.p.TestFile    ... finished proof: closed. 
72929      INFO  main            d.u.i.k.p.i.AbstractProblemLoader Loading environment from /home/runner/work/key/key/key.core/../key.ui/examples/performance-test/Test(Test__f1(int)).JML_normal_behavior_operation_contract.0.key.proof 
72930      DEBUG main            d.u.i.k.p.i.AbstractProblemLoader Environment load took 595.92ns 
72931      INFO  main            d.u.i.k.p.i.AbstractProblemLoader Creating init config 
76385      DEBUG main            d.u.i.k.j.r.ClassPreparationMethodBuilder clPrepBuilder: Inner Class detected. Reject building class initialisation methods. 
84253      DEBUG main            d.u.i.k.p.i.AbstractProblemLoader Init config took 11.32s 
85195      INFO  main            d.u.i.k.p.i.AbstractProblemLoader Replaying proof Test[Test::f1(int)].JML normal_behavior operation contract.0 
85265      DEBUG main            d.u.i.k.p.i.IntermediateProofReplayer Proof replay took 67.14ms 
85267      DEBUG main            d.u.i.k.p.r.p.TestFile    ... success: reloaded. 
512337     INFO  Test worker     d.u.i.k.p.r.RunAllProofsTestUnit Returning from test performancePOConstruction 
512339     INFO  Test worker     d.u.i.k.p.r.RunAllProofsTestUnit Running test applicationRestrictions 
379        INFO  Timeout watchdog d.u.i.k.p.r.p.ForkedTestFileRunner Timeout watcher launched (2000 secs.) 
386        WARN  main            d.u.i.k.s.ProofSettings   The settings in /home/runner/.key/proof-settings.props are *not* read. 
435        INFO  main            d.u.i.k.p.r.p.TestFile    Now processing file /home/runner/work/key/key/key.core/../key.ui/examples/heap/polarity_tests/wellformed1.key 
613        INFO  main            d.u.i.k.p.i.AbstractProblemLoader Loading environment from /home/runner/work/key/key/key.core/../key.ui/examples/heap/polarity_tests/wellformed1.key 
632        DEBUG main            d.u.i.k.p.i.AbstractProblemLoader Environment load took 2.52ms 
890        INFO  main            d.u.i.k.p.i.AbstractProblemLoader Creating init config 
1847       DEBUG main            d.u.i.k.j.TypeConverter   No LDT found for Meta 
1847       DEBUG main            d.u.i.k.j.TypeConverter   No LDT found for Meta 
1848       DEBUG main            d.u.i.k.j.TypeConverter   No LDT found for Meta 
1848       DEBUG main            d.u.i.k.j.TypeConverter   No LDT found for Meta 
3566       DEBUG main            d.u.i.k.j.TypeConverter   No LDT found for JavaBigintExpression 
8684       DEBUG main            d.u.i.k.p.i.AbstractProblemLoader Init config took 7.79s 
8756       INFO  main            d.u.i.k.p.i.AbstractProblemLoader Replaying proof wellformed1.key 
8796       DEBUG main            d.u.i.k.p.i.IntermediateProofReplayer Proof replay took 37.4ns 
8970       INFO  main            d.u.i.k.p.r.p.TestFile    ... finished proof: closed. 
9111       INFO  main            d.u.i.k.p.i.AbstractProblemLoader Loading environment from /home/runner/work/key/key/key.core/../key.ui/examples/heap/polarity_tests/wellformed1.key.proof 
9112       DEBUG main            d.u.i.k.p.i.AbstractProblemLoader Environment load took 169ns 
9120       INFO  main            d.u.i.k.p.i.AbstractProblemLoader Creating init config 
12327      DEBUG main            d.u.i.k.p.i.AbstractProblemLoader Init config took 3.21s 
12358      INFO  main            d.u.i.k.p.i.AbstractProblemLoader Replaying proof wellformed1.key.proof 
12366      DEBUG main            d.u.i.k.p.i.IntermediateProofReplayer Proof replay took 2.43ms 
12378      DEBUG main            d.u.i.k.p.r.p.TestFile    ... success: reloaded. 
12379      INFO  main            d.u.i.k.p.r.p.TestFile    Now processing file /home/runner/work/key/key/key.core/../key.ui/examples/heap/polarity_tests/wellformed2.key 
12380      INFO  main            d.u.i.k.p.i.AbstractProblemLoader Loading environment from /home/runner/work/key/key/key.core/../key.ui/examples/heap/polarity_tests/wellformed2.key 
12380      DEBUG main            d.u.i.k.p.i.AbstractProblemLoader Environment load took 295.11ns 
12382      INFO  main            d.u.i.k.p.i.AbstractProblemLoader Creating init config 
15394      DEBUG main            d.u.i.k.p.i.AbstractProblemLoader Init config took 3.01s 
15421      INFO  main            d.u.i.k.p.i.AbstractProblemLoader Replaying proof wellformed2.key 
15424      DEBUG main            d.u.i.k.p.i.IntermediateProofReplayer Proof replay took 6.5ns 
15528      INFO  main            d.u.i.k.p.r.p.TestFile    ... finished proof: open goal(s) 
15671      INFO  main            d.u.i.k.p.r.p.TestFile    Now processing file /home/runner/work/key/key/key.core/../key.ui/examples/heap/polarity_tests/wellformed3.key 
15671      INFO  main            d.u.i.k.p.i.AbstractProblemLoader Loading environment from /home/runner/work/key/key/key.core/../key.ui/examples/heap/polarity_tests/wellformed3.key 
15671      DEBUG main            d.u.i.k.p.i.AbstractProblemLoader Environment load took 84.5ns 
15673      INFO  main            d.u.i.k.p.i.AbstractProblemLoader Creating init config 
18613      DEBUG main            d.u.i.k.p.i.AbstractProblemLoader Init config took 2.94s 
18647      INFO  main            d.u.i.k.p.i.AbstractProblemLoader Replaying proof wellformed3.key 
18652      DEBUG main            d.u.i.k.p.i.IntermediateProofReplayer Proof replay took 7.7ns 
18755      INFO  main            d.u.i.k.p.r.p.TestFile    ... finished proof: closed. 
18915      INFO  main            d.u.i.k.p.i.AbstractProblemLoader Loading environment from /home/runner/work/key/key/key.core/../key.ui/examples/heap/polarity_tests/wellformed3.key.proof 
18916      DEBUG main            d.u.i.k.p.i.AbstractProblemLoader Environment load took 138.6ns 
18919      INFO  main            d.u.i.k.p.i.AbstractProblemLoader Creating init config 
21749      DEBUG main            d.u.i.k.p.i.AbstractProblemLoader Init config took 2.83s 
21773      INFO  main            d.u.i.k.p.i.AbstractProblemLoader Replaying proof wellformed3.key.proof 
21777      DEBUG main            d.u.i.k.p.i.IntermediateProofReplayer Proof replay took 1.61ms 
21779      DEBUG main            d.u.i.k.p.r.p.TestFile    ... success: reloaded. 
21780      INFO  main            d.u.i.k.p.r.p.TestFile    Now processing file /home/runner/work/key/key/key.core/../key.ui/examples/heap/polarity_tests/wellformed4.key 
21780      INFO  main            d.u.i.k.p.i.AbstractProblemLoader Loading environment from /home/runner/work/key/key/key.core/../key.ui/examples/heap/polarity_tests/wellformed4.key 
21780      DEBUG main            d.u.i.k.p.i.AbstractProblemLoader Environment load took 267.11ns 
21782      INFO  main            d.u.i.k.p.i.AbstractProblemLoader Creating init config 
24532      DEBUG main            d.u.i.k.p.i.AbstractProblemLoader Init config took 2.75s 
24555      INFO  main            d.u.i.k.p.i.AbstractProblemLoader Replaying proof wellformed4.key 
24557      DEBUG main            d.u.i.k.p.i.IntermediateProofReplayer Proof replay took 8.3ns 
24661      INFO  main            d.u.i.k.p.r.p.TestFile    ... finished proof: open goal(s) 
24856      INFO  main            d.u.i.k.p.r.p.TestFile    Now processing file /home/runner/work/key/key/key.core/../key.ui/examples/heap/polarity_tests/wellformed5.key 
24857      INFO  main            d.u.i.k.p.i.AbstractProblemLoader Loading environment from /home/runner/work/key/key/key.core/../key.ui/examples/heap/polarity_tests/wellformed5.key 
24857      DEBUG main            d.u.i.k.p.i.AbstractProblemLoader Environment load took 68.9ns 
24860      INFO  main            d.u.i.k.p.i.AbstractProblemLoader Creating init config 
27619      DEBUG main            d.u.i.k.p.i.AbstractProblemLoader Init config took 2.76s 
27640      INFO  main            d.u.i.k.p.i.AbstractProblemLoader Replaying proof wellformed5.key 
27641      DEBUG main            d.u.i.k.p.i.IntermediateProofReplayer Proof replay took 8ns 
27747      INFO  main            d.u.i.k.p.r.p.TestFile    ... finished proof: closed. 
27885      INFO  main            d.u.i.k.p.i.AbstractProblemLoader Loading environment from /home/runner/work/key/key/key.core/../key.ui/examples/heap/polarity_tests/wellformed5.key.proof 
27885      DEBUG main            d.u.i.k.p.i.AbstractProblemLoader Environment load took 124.5ns 
27887      INFO  main            d.u.i.k.p.i.AbstractProblemLoader Creating init config 
30740      DEBUG main            d.u.i.k.p.i.AbstractProblemLoader Init config took 2.85s 
30761      INFO  main            d.u.i.k.p.i.AbstractProblemLoader Replaying proof wellformed5.key.proof 
30764      DEBUG main            d.u.i.k.p.i.IntermediateProofReplayer Proof replay took 974.43ns 
30765      DEBUG main            d.u.i.k.p.r.p.TestFile    ... success: reloaded. 
30766      INFO  main            d.u.i.k.p.r.p.TestFile    Now processing file /home/runner/work/key/key/key.core/../key.ui/examples/heap/polarity_tests/wellformed6.key 
30766      INFO  main            d.u.i.k.p.i.AbstractProblemLoader Loading environment from /home/runner/work/key/key/key.core/../key.ui/examples/heap/polarity_tests/wellformed6.key 
30766      DEBUG main            d.u.i.k.p.i.AbstractProblemLoader Environment load took 122.3ns 
30767      INFO  main            d.u.i.k.p.i.AbstractProblemLoader Creating init config 
33569      DEBUG main            d.u.i.k.p.i.AbstractProblemLoader Init config took 2.8s 
33592      INFO  main            d.u.i.k.p.i.AbstractProblemLoader Replaying proof wellformed6.key 
33594      DEBUG main            d.u.i.k.p.i.IntermediateProofReplayer Proof replay took 6.5ns 
33698      INFO  main            d.u.i.k.p.r.p.TestFile    ... finished proof: open goal(s) 
33874      INFO  main            d.u.i.k.p.r.p.TestFile    Now processing file /home/runner/work/key/key/key.core/../key.ui/examples/heap/polarity_tests/wellformed7.key 
33875      INFO  main            d.u.i.k.p.i.AbstractProblemLoader Loading environment from /home/runner/work/key/key/key.core/../key.ui/examples/heap/polarity_tests/wellformed7.key 
33875      DEBUG main            d.u.i.k.p.i.AbstractProblemLoader Environment load took 77.8ns 
33876      INFO  main            d.u.i.k.p.i.AbstractProblemLoader Creating init config 
36608      DEBUG main            d.u.i.k.p.i.AbstractProblemLoader Init config took 2.73s 
36629      INFO  main            d.u.i.k.p.i.AbstractProblemLoader Replaying proof wellformed7.key 
36631      DEBUG main            d.u.i.k.p.i.IntermediateProofReplayer Proof replay took 8.3ns 
36734      INFO  main            d.u.i.k.p.r.p.TestFile    ... finished proof: closed. 
36958      INFO  main            d.u.i.k.p.i.AbstractProblemLoader Loading environment from /home/runner/work/key/key/key.core/../key.ui/examples/heap/polarity_tests/wellformed7.key.proof 
36958      DEBUG main            d.u.i.k.p.i.AbstractProblemLoader Environment load took 126.11ns 
36959      INFO  main            d.u.i.k.p.i.AbstractProblemLoader Creating init config 
39773      DEBUG main            d.u.i.k.p.i.AbstractProblemLoader Init config took 2.81s 
39794      INFO  main            d.u.i.k.p.i.AbstractProblemLoader Replaying proof wellformed7.key.proof 
39797      DEBUG main            d.u.i.k.p.i.IntermediateProofReplayer Proof replay took 1.49ms 
39798      DEBUG main            d.u.i.k.p.r.p.TestFile    ... success: reloaded. 
39799      INFO  main            d.u.i.k.p.r.p.TestFile    Now processing file /home/runner/work/key/key/key.core/../key.ui/examples/heap/polarity_tests/wellformed8.key 
39800      INFO  main            d.u.i.k.p.i.AbstractProblemLoader Loading environment from /home/runner/work/key/key/key.core/../key.ui/examples/heap/polarity_tests/wellformed8.key 
39800      DEBUG main            d.u.i.k.p.i.AbstractProblemLoader Environment load took 115.8ns 
39801      INFO  main            d.u.i.k.p.i.AbstractProblemLoader Creating init config 
42619      DEBUG main            d.u.i.k.p.i.AbstractProblemLoader Init config took 2.82s 
42639      INFO  main            d.u.i.k.p.i.AbstractProblemLoader Replaying proof wellformed8.key 
42641      DEBUG main            d.u.i.k.p.i.IntermediateProofReplayer Proof replay took 8.7ns 
42747      INFO  main            d.u.i.k.p.r.p.TestFile    ... finished proof: open goal(s) 
42991      INFO  main            d.u.i.k.p.r.p.TestFile    Now processing file /home/runner/work/key/key/key.core/../key.ui/examples/heap/polarity_tests/wellformed9.key 
42991      INFO  main            d.u.i.k.p.i.AbstractProblemLoader Loading environment from /home/runner/work/key/key/key.core/../key.ui/examples/heap/polarity_tests/wellformed9.key 
42991      DEBUG main            d.u.i.k.p.i.AbstractProblemLoader Environment load took 72.9ns 
42992      INFO  main            d.u.i.k.p.i.AbstractProblemLoader Creating init config 
45782      DEBUG main            d.u.i.k.p.i.AbstractProblemLoader Init config took 2.79s 
45801      INFO  main            d.u.i.k.p.i.AbstractProblemLoader Replaying proof wellformed9.key 
45804      DEBUG main            d.u.i.k.p.i.IntermediateProofReplayer Proof replay took 7.9ns 
45907      INFO  main            d.u.i.k.p.r.p.TestFile    ... finished proof: closed. 
46066      INFO  main            d.u.i.k.p.i.AbstractProblemLoader Loading environment from /home/runner/work/key/key/key.core/../key.ui/examples/heap/polarity_tests/wellformed9.key.proof 
46066      DEBUG main            d.u.i.k.p.i.AbstractProblemLoader Environment load took 133ns 
46068      INFO  main            d.u.i.k.p.i.AbstractProblemLoader Creating init config 
48809      DEBUG main            d.u.i.k.p.i.AbstractProblemLoader Init config took 2.74s 
48828      INFO  main            d.u.i.k.p.i.AbstractProblemLoader Replaying proof wellformed9.key.proof 
48832      DEBUG main            d.u.i.k.p.i.IntermediateProofReplayer Proof replay took 2.02ms 
48834      DEBUG main            d.u.i.k.p.r.p.TestFile    ... success: reloaded. 
48835      INFO  main            d.u.i.k.p.r.p.TestFile    Now processing file /home/runner/work/key/key/key.core/../key.ui/examples/heap/polarity_tests/wellformed10.key 
48835      INFO  main            d.u.i.k.p.i.AbstractProblemLoader Loading environment from /home/runner/work/key/key/key.core/../key.ui/examples/heap/polarity_tests/wellformed10.key 
48836      DEBUG main            d.u.i.k.p.i.AbstractProblemLoader Environment load took 349.21ns 
48838      INFO  main            d.u.i.k.p.i.AbstractProblemLoader Creating init config 
51655      DEBUG main            d.u.i.k.p.i.AbstractProblemLoader Init config took 2.82s 
51673      INFO  main            d.u.i.k.p.i.AbstractProblemLoader Replaying proof wellformed10.key 
51675      DEBUG main            d.u.i.k.p.i.IntermediateProofReplayer Proof replay took 7.9ns 
51778      INFO  main            d.u.i.k.p.r.p.TestFile    ... finished proof: open goal(s) 
51957      INFO  main            d.u.i.k.p.r.p.TestFile    Now processing file /home/runner/work/key/key/key.core/../key.ui/examples/heap/polarity_tests/wellformed11.key 
51958      INFO  main            d.u.i.k.p.i.AbstractProblemLoader Loading environment from /home/runner/work/key/key/key.core/../key.ui/examples/heap/polarity_tests/wellformed11.key 
51958      DEBUG main            d.u.i.k.p.i.AbstractProblemLoader Environment load took 82.6ns 
51959      INFO  main            d.u.i.k.p.i.AbstractProblemLoader Creating init config 
54688      DEBUG main            d.u.i.k.p.i.AbstractProblemLoader Init config took 2.73s 
54705      INFO  main            d.u.i.k.p.i.AbstractProblemLoader Replaying proof wellformed11.key 
54706      DEBUG main            d.u.i.k.p.i.IntermediateProofReplayer Proof replay took 8.3ns 
54810      INFO  main            d.u.i.k.p.r.p.TestFile    ... finished proof: open goal(s) 
567498     INFO  Test worker     d.u.i.k.p.r.RunAllProofsTestUnit Returning from test applicationRestrictions 
567499     INFO  Test worker     d.u.i.k.p.r.RunAllProofsTestUnit Running test blockContracts 
407        INFO  Timeout watchdog d.u.i.k.p.r.p.ForkedTestFileRunner Timeout watcher launched (2000 secs.) 
420        WARN  main            d.u.i.k.s.ProofSettings   The settings in /home/runner/.key/proof-settings.props are *not* read. 
457        INFO  main            d.u.i.k.p.r.p.TestFile    Now processing file /home/runner/work/key/key/key.core/../key.ui/examples/heap/block_contracts/Simple__add.key 
575        INFO  main            d.u.i.k.p.i.AbstractProblemLoader Loading environment from /home/runner/work/key/key/key.core/../key.ui/examples/heap/block_contracts/Simple__add.key 
600        DEBUG main            d.u.i.k.p.i.AbstractProblemLoader Environment load took 2.52ms 
851        INFO  main            d.u.i.k.p.i.AbstractProblemLoader Creating init config 
1841       DEBUG main            d.u.i.k.j.TypeConverter   No LDT found for Meta 
1842       DEBUG main            d.u.i.k.j.TypeConverter   No LDT found for Meta 
1843       DEBUG main            d.u.i.k.j.TypeConverter   No LDT found for Meta 
1843       DEBUG main            d.u.i.k.j.TypeConverter   No LDT found for Meta 
3685       DEBUG main            d.u.i.k.j.TypeConverter   No LDT found for JavaBigintExpression 
10153      DEBUG main            d.u.i.k.p.i.AbstractProblemLoader Init config took 9.3s 
10326      INFO  main            d.u.i.k.p.i.AbstractProblemLoader Replaying proof Simple[Simple::add(int,int)].JML operation contract.0 
10403      DEBUG main            d.u.i.k.p.i.IntermediateProofReplayer Proof replay took 377.31ns 
11140      INFO  main            d.u.i.k.p.r.p.TestFile    ... finished proof: closed. 
11266      INFO  main            d.u.i.k.p.i.AbstractProblemLoader Loading environment from /home/runner/work/key/key/key.core/../key.ui/examples/heap/block_contracts/Simple__add.key.proof 
11266      DEBUG main            d.u.i.k.p.i.AbstractProblemLoader Environment load took 175.31ns 
11268      INFO  main            d.u.i.k.p.i.AbstractProblemLoader Creating init config 
15092      DEBUG main            d.u.i.k.p.i.AbstractProblemLoader Init config took 3.82s 
15163      INFO  main            d.u.i.k.p.i.AbstractProblemLoader Replaying proof Simple[Simple::add(int,int)].JML operation contract.0 
15235      DEBUG main            d.u.i.k.p.i.IntermediateProofReplayer Proof replay took 66.5ms 
15243      DEBUG main            d.u.i.k.p.r.p.TestFile    ... success: reloaded. 
15245      INFO  main            d.u.i.k.p.r.p.TestFile    Now processing file /home/runner/work/key/key/key.core/../key.ui/examples/heap/block_contracts/Simple__addAbsoluteValues.key 
15246      INFO  main            d.u.i.k.p.i.AbstractProblemLoader Loading environment from /home/runner/work/key/key/key.core/../key.ui/examples/heap/block_contracts/Simple__addAbsoluteValues.key 
15246      DEBUG main            d.u.i.k.p.i.AbstractProblemLoader Environment load took 296.46ns 
15248      INFO  main            d.u.i.k.p.i.AbstractProblemLoader Creating init config 
18822      DEBUG main            d.u.i.k.p.i.AbstractProblemLoader Init config took 3.57s 
18884      INFO  main            d.u.i.k.p.i.AbstractProblemLoader Replaying proof Simple[Simple::addAbsoluteValues(int,int)].JML normal_behavior operation contract.0 
18887      DEBUG main            d.u.i.k.p.i.IntermediateProofReplayer Proof replay took 16.3ns 
20319      INFO  main            d.u.i.k.p.r.p.TestFile    ... finished proof: closed. 
20528      INFO  main            d.u.i.k.p.i.AbstractProblemLoader Loading environment from /home/runner/work/key/key/key.core/../key.ui/examples/heap/block_contracts/Simple__addAbsoluteValues.key.proof 
20533      DEBUG main            d.u.i.k.p.i.AbstractProblemLoader Environment load took 3.98ms 
20546      INFO  main            d.u.i.k.p.i.AbstractProblemLoader Creating init config 
24052      DEBUG main            d.u.i.k.p.i.AbstractProblemLoader Init config took 3.51s 
24110      INFO  main            d.u.i.k.p.i.AbstractProblemLoader Replaying proof Simple[Simple::addAbsoluteValues(int,int)].JML normal_behavior operation contract.0 
24325      DEBUG main            d.u.i.k.p.i.IntermediateProofReplayer Proof replay took 200.23ms 
24327      DEBUG main            d.u.i.k.p.r.p.TestFile    ... success: reloaded. 
24330      INFO  main            d.u.i.k.p.r.p.TestFile    Now processing file /home/runner/work/key/key/key.core/../key.ui/examples/heap/block_contracts/Simple__addWithJump.key 
24330      INFO  main            d.u.i.k.p.i.AbstractProblemLoader Loading environment from /home/runner/work/key/key/key.core/../key.ui/examples/heap/block_contracts/Simple__addWithJump.key 
24330      DEBUG main            d.u.i.k.p.i.AbstractProblemLoader Environment load took 137.21ns 
24332      INFO  main            d.u.i.k.p.i.AbstractProblemLoader Creating init config 
27894      DEBUG main            d.u.i.k.p.i.AbstractProblemLoader Init config took 3.56s 
27949      INFO  main            d.u.i.k.p.i.AbstractProblemLoader Replaying proof Simple[Simple::addWithJump(int,int,int)].JML operation contract.0 
27952      DEBUG main            d.u.i.k.p.i.IntermediateProofReplayer Proof replay took 12ns 
28156      INFO  main            d.u.i.k.p.r.p.TestFile    ... finished proof: closed. 
28387      INFO  main            d.u.i.k.p.i.AbstractProblemLoader Loading environment from /home/runner/work/key/key/key.core/../key.ui/examples/heap/block_contracts/Simple__addWithJump.key.proof 
28388      DEBUG main            d.u.i.k.p.i.AbstractProblemLoader Environment load took 697.92ns 
28390      INFO  main            d.u.i.k.p.i.AbstractProblemLoader Creating init config 
31734      DEBUG main            d.u.i.k.p.i.AbstractProblemLoader Init config took 3.34s 
31794      INFO  main            d.u.i.k.p.i.AbstractProblemLoader Replaying proof Simple[Simple::addWithJump(int,int,int)].JML operation contract.0 
31866      DEBUG main            d.u.i.k.p.i.IntermediateProofReplayer Proof replay took 64.92ms 
31868      DEBUG main            d.u.i.k.p.r.p.TestFile    ... success: reloaded. 
31869      INFO  main            d.u.i.k.p.r.p.TestFile    Now processing file /home/runner/work/key/key/key.core/../key.ui/examples/heap/block_contracts/Simple__addWithTwoBlockContracts.key 
31870      INFO  main            d.u.i.k.p.i.AbstractProblemLoader Loading environment from /home/runner/work/key/key/key.core/../key.ui/examples/heap/block_contracts/Simple__addWithTwoBlockContracts.key 
31870      DEBUG main            d.u.i.k.p.i.AbstractProblemLoader Environment load took 268.32ns 
31872      INFO  main            d.u.i.k.p.i.AbstractProblemLoader Creating init config 
35229      DEBUG main            d.u.i.k.p.i.AbstractProblemLoader Init config took 3.36s 
35281      INFO  main            d.u.i.k.p.i.AbstractProblemLoader Replaying proof Simple[Simple::addWithTwoBlockContracts(int,int,int)].JML operation contract.0 
35284      DEBUG main            d.u.i.k.p.i.IntermediateProofReplayer Proof replay took 12.7ns 
35588      INFO  main            d.u.i.k.p.r.p.TestFile    ... finished proof: closed. 
35784      INFO  main            d.u.i.k.p.i.AbstractProblemLoader Loading environment from /home/runner/work/key/key/key.core/../key.ui/examples/heap/block_contracts/Simple__addWithTwoBlockContracts.key.proof 
35786      DEBUG main            d.u.i.k.p.i.AbstractProblemLoader Environment load took 2.02ms 
35788      INFO  main            d.u.i.k.p.i.AbstractProblemLoader Creating init config 
39101      DEBUG main            d.u.i.k.p.i.AbstractProblemLoader Init config took 3.31s 
39152      INFO  main            d.u.i.k.p.i.AbstractProblemLoader Replaying proof Simple[Simple::addWithTwoBlockContracts(int,int,int)].JML operation contract.0 
39208      DEBUG main            d.u.i.k.p.i.IntermediateProofReplayer Proof replay took 52.7ms 
39209      DEBUG main            d.u.i.k.p.r.p.TestFile    ... success: reloaded. 
39211      INFO  main            d.u.i.k.p.r.p.TestFile    Now processing file /home/runner/work/key/key/key.core/../key.ui/examples/heap/block_contracts/Simple__generateByteArray.key 
39211      INFO  main            d.u.i.k.p.i.AbstractProblemLoader Loading environment from /home/runner/work/key/key/key.core/../key.ui/examples/heap/block_contracts/Simple__generateByteArray.key 
39211      DEBUG main            d.u.i.k.p.i.AbstractProblemLoader Environment load took 116.41ns 
39212      INFO  main            d.u.i.k.p.i.AbstractProblemLoader Creating init config 
42595      DEBUG main            d.u.i.k.p.i.AbstractProblemLoader Init config took 3.38s 
42659      INFO  main            d.u.i.k.p.i.AbstractProblemLoader Replaying proof Simple[Simple::generateByteArray()].JML normal_behavior operation contract.0 
42662      DEBUG main            d.u.i.k.p.i.IntermediateProofReplayer Proof replay took 13.7ns 
44372      INFO  main            d.u.i.k.p.r.p.TestFile    ... finished proof: closed. 
44591      INFO  main            d.u.i.k.p.i.AbstractProblemLoader Loading environment from /home/runner/work/key/key/key.core/../key.ui/examples/heap/block_contracts/Simple__generateByteArray.key.proof 
44592      DEBUG main            d.u.i.k.p.i.AbstractProblemLoader Environment load took 575.94ns 
44594      INFO  main            d.u.i.k.p.i.AbstractProblemLoader Creating init config 
47904      DEBUG main            d.u.i.k.p.i.AbstractProblemLoader Init config took 3.31s 
47948      INFO  main            d.u.i.k.p.i.AbstractProblemLoader Replaying proof Simple[Simple::generateByteArray()].JML normal_behavior operation contract.0 
48165      DEBUG main            d.u.i.k.p.i.IntermediateProofReplayer Proof replay took 206.52ms 
48167      DEBUG main            d.u.i.k.p.r.p.TestFile    ... success: reloaded. 
48169      INFO  main            d.u.i.k.p.r.p.TestFile    Now processing file /home/runner/work/key/key/key.core/../key.ui/examples/heap/block_contracts/Simple__getLength.key 
48169      INFO  main            d.u.i.k.p.i.AbstractProblemLoader Loading environment from /home/runner/work/key/key/key.core/../key.ui/examples/heap/block_contracts/Simple__getLength.key 
48170      DEBUG main            d.u.i.k.p.i.AbstractProblemLoader Environment load took 274.12ns 
48171      INFO  main            d.u.i.k.p.i.AbstractProblemLoader Creating init config 
51531      DEBUG main            d.u.i.k.p.i.AbstractProblemLoader Init config took 3.36s 
51575      INFO  main            d.u.i.k.p.i.AbstractProblemLoader Replaying proof Simple[Simple::getLength()].JML normal_behavior operation contract.0 
51577      DEBUG main            d.u.i.k.p.i.IntermediateProofReplayer Proof replay took 12.2ns 
51682      INFO  main            d.u.i.k.p.r.p.TestFile    ... finished proof: closed. 
51918      INFO  main            d.u.i.k.p.i.AbstractProblemLoader Loading environment from /home/runner/work/key/key/key.core/../key.ui/examples/heap/block_contracts/Simple__getLength.key.proof 
51918      DEBUG main            d.u.i.k.p.i.AbstractProblemLoader Environment load took 124.51ns 
51919      INFO  main            d.u.i.k.p.i.AbstractProblemLoader Creating init config 
55179      DEBUG main            d.u.i.k.p.i.AbstractProblemLoader Init config took 3.26s 
55223      INFO  main            d.u.i.k.p.i.AbstractProblemLoader Replaying proof Simple[Simple::getLength()].JML normal_behavior operation contract.0 
55231      DEBUG main            d.u.i.k.p.i.IntermediateProofReplayer Proof replay took 6.01ms 
55232      DEBUG main            d.u.i.k.p.r.p.TestFile    ... success: reloaded. 
55234      INFO  main            d.u.i.k.p.r.p.TestFile    Now processing file /home/runner/work/key/key/key.core/../key.ui/examples/heap/block_contracts/Simple__square.key 
55234      INFO  main            d.u.i.k.p.i.AbstractProblemLoader Loading environment from /home/runner/work/key/key/key.core/../key.ui/examples/heap/block_contracts/Simple__square.key 
55235      DEBUG main            d.u.i.k.p.i.AbstractProblemLoader Environment load took 254.11ns 
55236      INFO  main            d.u.i.k.p.i.AbstractProblemLoader Creating init config 
58574      DEBUG main            d.u.i.k.p.i.AbstractProblemLoader Init config took 3.34s 
58621      INFO  main            d.u.i.k.p.i.AbstractProblemLoader Replaying proof Simple[Simple::square(int)].JML operation contract.0 
58623      DEBUG main            d.u.i.k.p.i.IntermediateProofReplayer Proof replay took 12.6ns 
59028      INFO  main            d.u.i.k.p.r.p.TestFile    ... finished proof: closed. 
59247      INFO  main            d.u.i.k.p.i.AbstractProblemLoader Loading environment from /home/runner/work/key/key/key.core/../key.ui/examples/heap/block_contracts/Simple__square.key.proof 
59247      DEBUG main            d.u.i.k.p.i.AbstractProblemLoader Environment load took 551.03ns 
59249      INFO  main            d.u.i.k.p.i.AbstractProblemLoader Creating init config 
62471      DEBUG main            d.u.i.k.p.i.AbstractProblemLoader Init config took 3.22s 
62516      INFO  main            d.u.i.k.p.i.AbstractProblemLoader Replaying proof Simple[Simple::square(int)].JML operation contract.0 
62599      DEBUG main            d.u.i.k.p.i.IntermediateProofReplayer Proof replay took 79.42ms 
62600      DEBUG main            d.u.i.k.p.r.p.TestFile    ... success: reloaded. 
62602      INFO  main            d.u.i.k.p.r.p.TestFile    Now processing file /home/runner/work/key/key/key.core/../key.ui/examples/heap/block_contracts/Simple__unnecessaryBlockContract.key 
62602      INFO  main            d.u.i.k.p.i.AbstractProblemLoader Loading environment from /home/runner/work/key/key/key.core/../key.ui/examples/heap/block_contracts/Simple__unnecessaryBlockContract.key 
62603      DEBUG main            d.u.i.k.p.i.AbstractProblemLoader Environment load took 280.42ns 
62604      INFO  main            d.u.i.k.p.i.AbstractProblemLoader Creating init config 
65907      DEBUG main            d.u.i.k.p.i.AbstractProblemLoader Init config took 3.3s 
65957      INFO  main            d.u.i.k.p.i.AbstractProblemLoader Replaying proof Simple[Simple::unnecessaryBlockContract()].JML operation contract.0 
65959      DEBUG main            d.u.i.k.p.i.IntermediateProofReplayer Proof replay took 13.6ns 
66063      INFO  main            d.u.i.k.p.r.p.TestFile    ... finished proof: closed. 
66336      INFO  main            d.u.i.k.p.i.AbstractProblemLoader Loading environment from /home/runner/work/key/key/key.core/../key.ui/examples/heap/block_contracts/Simple__unnecessaryBlockContract.key.proof 
66336      DEBUG main            d.u.i.k.p.i.AbstractProblemLoader Environment load took 132.71ns 
66340      INFO  main            d.u.i.k.p.i.AbstractProblemLoader Creating init config 
69646      DEBUG main            d.u.i.k.p.i.AbstractProblemLoader Init config took 3.31s 
69688      INFO  main            d.u.i.k.p.i.AbstractProblemLoader Replaying proof Simple[Simple::unnecessaryBlockContract()].JML operation contract.0 
69712      DEBUG main            d.u.i.k.p.i.IntermediateProofReplayer Proof replay took 22.64ms 
69714      DEBUG main            d.u.i.k.p.r.p.TestFile    ... success: reloaded. 
69716      INFO  main            d.u.i.k.p.r.p.TestFile    Now processing file /home/runner/work/key/key/key.core/../key.ui/examples/heap/block_contracts/Simple__unnecessaryLoopInvariant.key 
69718      INFO  main            d.u.i.k.p.i.AbstractProblemLoader Loading environment from /home/runner/work/key/key/key.core/../key.ui/examples/heap/block_contracts/Simple__unnecessaryLoopInvariant.key 
69719      DEBUG main            d.u.i.k.p.i.AbstractProblemLoader Environment load took 550.53ns 
69720      INFO  main            d.u.i.k.p.i.AbstractProblemLoader Creating init config 
72967      DEBUG main            d.u.i.k.p.i.AbstractProblemLoader Init config took 3.25s 
73006      INFO  main            d.u.i.k.p.i.AbstractProblemLoader Replaying proof Simple[Simple::unnecessaryLoopInvariant()].JML operation contract.0 
73008      DEBUG main            d.u.i.k.p.i.IntermediateProofReplayer Proof replay took 11.9ns 
73115      INFO  main            d.u.i.k.p.r.p.TestFile    ... finished proof: closed. 
73344      INFO  main            d.u.i.k.p.i.AbstractProblemLoader Loading environment from /home/runner/work/key/key/key.core/../key.ui/examples/heap/block_contracts/Simple__unnecessaryLoopInvariant.key.proof 
73344      DEBUG main            d.u.i.k.p.i.AbstractProblemLoader Environment load took 123.81ns 
73345      INFO  main            d.u.i.k.p.i.AbstractProblemLoader Creating init config 
76553      DEBUG main            d.u.i.k.p.i.AbstractProblemLoader Init config took 3.21s 
76593      INFO  main            d.u.i.k.p.i.AbstractProblemLoader Replaying proof Simple[Simple::unnecessaryLoopInvariant()].JML operation contract.0 
76605      DEBUG main            d.u.i.k.p.i.IntermediateProofReplayer Proof replay took 10.17ms 
76606      DEBUG main            d.u.i.k.p.r.p.TestFile    ... success: reloaded. 
76608      INFO  main            d.u.i.k.p.r.p.TestFile    Now processing file /home/runner/work/key/key/key.core/../key.ui/examples/standard_key/java_dl/jml-assert/assert.key 
76608      INFO  main            d.u.i.k.p.i.AbstractProblemLoader Loading environment from /home/runner/work/key/key/key.core/../key.ui/examples/standard_key/java_dl/jml-assert/assert.key 
76608      DEBUG main            d.u.i.k.p.i.AbstractProblemLoader Environment load took 112.81ns 
76609      INFO  main            d.u.i.k.p.i.AbstractProblemLoader Creating init config 
79389      DEBUG main            d.u.i.k.p.i.AbstractProblemLoader Init config took 2.78s 
79429      INFO  main            d.u.i.k.p.i.AbstractProblemLoader Replaying proof Assert[Assert::createArray(int)].JML normal_behavior operation contract.0 
79430      DEBUG main            d.u.i.k.p.i.IntermediateProofReplayer Proof replay took 6.1ns 
79633      INFO  main            d.u.i.k.p.r.p.TestFile    ... finished proof: closed. 
79861      INFO  main            d.u.i.k.p.i.AbstractProblemLoader Loading environment from /home/runner/work/key/key/key.core/../key.ui/examples/standard_key/java_dl/jml-assert/assert.key.proof 
79861      DEBUG main            d.u.i.k.p.i.AbstractProblemLoader Environment load took 126.21ns 
79862      INFO  main            d.u.i.k.p.i.AbstractProblemLoader Creating init config 
82725      DEBUG main            d.u.i.k.p.i.AbstractProblemLoader Init config took 2.86s 
82769      INFO  main            d.u.i.k.p.i.AbstractProblemLoader Replaying proof Assert[Assert::createArray(int)].JML normal_behavior operation contract.0 
82813      DEBUG main            d.u.i.k.p.i.IntermediateProofReplayer Proof replay took 42.43ms 
82815      DEBUG main            d.u.i.k.p.r.p.TestFile    ... success: reloaded. 
82817      INFO  main            d.u.i.k.p.r.p.TestFile    Now processing file /home/runner/work/key/key/key.core/../key.ui/examples/standard_key/java_dl/jml-assert/assert_assume_order.key 
82817      INFO  main            d.u.i.k.p.i.AbstractProblemLoader Loading environment from /home/runner/work/key/key/key.core/../key.ui/examples/standard_key/java_dl/jml-assert/assert_assume_order.key 
82817      DEBUG main            d.u.i.k.p.i.AbstractProblemLoader Environment load took 115.91ns 
82818      INFO  main            d.u.i.k.p.i.AbstractProblemLoader Creating init config 
85727      DEBUG main            d.u.i.k.p.i.AbstractProblemLoader Init config took 2.91s 
85767      INFO  main            d.u.i.k.p.i.AbstractProblemLoader Replaying proof AssertAssume[AssertAssume::singleAssumeAssert(int)].JML normal_behavior operation contract.0 
85769      DEBUG main            d.u.i.k.p.i.IntermediateProofReplayer Proof replay took 6.7ns 
85871      INFO  main            d.u.i.k.p.r.p.TestFile    ... finished proof: closed. 
86082      INFO  main            d.u.i.k.p.i.AbstractProblemLoader Loading environment from /home/runner/work/key/key/key.core/../key.ui/examples/standard_key/java_dl/jml-assert/assert_assume_order.key.proof 
86083      DEBUG main            d.u.i.k.p.i.AbstractProblemLoader Environment load took 144.11ns 
86084      INFO  main            d.u.i.k.p.i.AbstractProblemLoader Creating init config 
88933      DEBUG main            d.u.i.k.p.i.AbstractProblemLoader Init config took 2.85s 
88973      INFO  main            d.u.i.k.p.i.AbstractProblemLoader Replaying proof AssertAssume[AssertAssume::singleAssumeAssert(int)].JML normal_behavior operation contract.0 
88982      DEBUG main            d.u.i.k.p.i.IntermediateProofReplayer Proof replay took 7.44ms 
88983      DEBUG main            d.u.i.k.p.r.p.TestFile    ... success: reloaded. 
88984      INFO  main            d.u.i.k.p.r.p.TestFile    Now processing file /home/runner/work/key/key/key.core/../key.ui/examples/heap/block_loop_contracts/SimpleVariants/sum_onBlock_external.key 
88985      INFO  main            d.u.i.k.p.i.AbstractProblemLoader Loading environment from /home/runner/work/key/key/key.core/../key.ui/examples/heap/block_loop_contracts/SimpleVariants/sum_onBlock_external.key 
88985      DEBUG main            d.u.i.k.p.i.AbstractProblemLoader Environment load took 150.51ns 
88986      INFO  main            d.u.i.k.p.i.AbstractProblemLoader Creating init config 
92159      DEBUG main            d.u.i.k.p.i.AbstractProblemLoader Init config took 3.17s 
92198      INFO  main            d.u.i.k.p.i.AbstractProblemLoader Replaying proof LoopContractExamplesAll[LoopContractExamplesAll::sum_loopContract_onBlock([I)].JML normal_behavior operation contract.0 
92201      DEBUG main            d.u.i.k.p.i.IntermediateProofReplayer Proof replay took 12.2ns 
92306      INFO  main            d.u.i.k.p.r.p.TestFile    ... finished proof: closed. 
92544      INFO  main            d.u.i.k.p.i.AbstractProblemLoader Loading environment from /home/runner/work/key/key/key.core/../key.ui/examples/heap/block_loop_contracts/SimpleVariants/sum_onBlock_external.key.proof 
92544      DEBUG main            d.u.i.k.p.i.AbstractProblemLoader Environment load took 142.31ns 
92546      INFO  main            d.u.i.k.p.i.AbstractProblemLoader Creating init config 
95614      DEBUG main            d.u.i.k.p.i.AbstractProblemLoader Init config took 3.07s 
95651      INFO  main            d.u.i.k.p.i.AbstractProblemLoader Replaying proof LoopContractExamplesAll[LoopContractExamplesAll::sum_loopContract_onBlock([I)].JML normal_behavior operation contract.0 
95683      DEBUG main            d.u.i.k.p.i.IntermediateProofReplayer Proof replay took 30.22ms 
95684      DEBUG main            d.u.i.k.p.r.p.TestFile    ... success: reloaded. 
95685      INFO  main            d.u.i.k.p.r.p.TestFile    Now processing file /home/runner/work/key/key/key.core/../key.ui/examples/heap/block_loop_contracts/SimpleVariants/sum_onBlock_internal.key 
95685      INFO  main            d.u.i.k.p.i.AbstractProblemLoader Loading environment from /home/runner/work/key/key/key.core/../key.ui/examples/heap/block_loop_contracts/SimpleVariants/sum_onBlock_internal.key 
95686      DEBUG main            d.u.i.k.p.i.AbstractProblemLoader Environment load took 109.41ns 
95687      INFO  main            d.u.i.k.p.i.AbstractProblemLoader Creating init config 
98811      DEBUG main            d.u.i.k.p.i.AbstractProblemLoader Init config took 3.12s 
98870      INFO  main            d.u.i.k.p.i.AbstractProblemLoader Replaying proof LoopContractExamplesAll[LoopContractExamplesAll::sum_loopContract_onBlock([I)].JML normal_behavior operation contract.0 
98872      DEBUG main            d.u.i.k.p.i.IntermediateProofReplayer Proof replay took 11.7ns 
99577      INFO  main            d.u.i.k.p.r.p.TestFile    ... finished proof: closed. 
99866      INFO  main            d.u.i.k.p.i.AbstractProblemLoader Loading environment from /home/runner/work/key/key/key.core/../key.ui/examples/heap/block_loop_contracts/SimpleVariants/sum_onBlock_internal.key.proof 
99867      DEBUG main            d.u.i.k.p.i.AbstractProblemLoader Environment load took 514.03ns 
99868      INFO  main            d.u.i.k.p.i.AbstractProblemLoader Creating init config 
102853     DEBUG main            d.u.i.k.p.i.AbstractProblemLoader Init config took 2.99s 
102892     INFO  main            d.u.i.k.p.i.AbstractProblemLoader Replaying proof LoopContractExamplesAll[LoopContractExamplesAll::sum_loopContract_onBlock([I)].JML normal_behavior operation contract.0 
103083     DEBUG main            d.u.i.k.p.i.IntermediateProofReplayer Proof replay took 187.33ms 
103084     DEBUG main            d.u.i.k.p.r.p.TestFile    ... success: reloaded. 
103085     INFO  main            d.u.i.k.p.r.p.TestFile    Now processing file /home/runner/work/key/key/key.core/../key.ui/examples/heap/block_loop_contracts/SimpleVariants/sum_onBlock_loop.key 
103086     INFO  main            d.u.i.k.p.i.AbstractProblemLoader Loading environment from /home/runner/work/key/key/key.core/../key.ui/examples/heap/block_loop_contracts/SimpleVariants/sum_onBlock_loop.key 
103086     DEBUG main            d.u.i.k.p.i.AbstractProblemLoader Environment load took 288.22ns 
103087     INFO  main            d.u.i.k.p.i.AbstractProblemLoader Creating init config 
106226     DEBUG main            d.u.i.k.p.i.AbstractProblemLoader Init config took 3.14s 
106267     INFO  main            d.u.i.k.p.i.AbstractProblemLoader Replaying proof LoopContractExamplesAll[LoopContractExamplesAll::sum_loopContract_onBlock([I)].JML normal_behavior loop contract.0 
106269     DEBUG main            d.u.i.k.p.i.IntermediateProofReplayer Proof replay took 12.8ns 
107087     INFO  main            d.u.i.k.p.r.p.TestFile    ... finished proof: closed. 
107375     INFO  main            d.u.i.k.p.i.AbstractProblemLoader Loading environment from /home/runner/work/key/key/key.core/../key.ui/examples/heap/block_loop_contracts/SimpleVariants/sum_onBlock_loop.key.proof 
107376     DEBUG main            d.u.i.k.p.i.AbstractProblemLoader Environment load took 570.23ns 
107377     INFO  main            d.u.i.k.p.i.AbstractProblemLoader Creating init config 
110446     DEBUG main            d.u.i.k.p.i.AbstractProblemLoader Init config took 3.07s 
110485     INFO  main            d.u.i.k.p.i.AbstractProblemLoader Replaying proof LoopContractExamplesAll[LoopContractExamplesAll::sum_loopContract_onBlock([I)].JML normal_behavior loop contract.0 
110700     DEBUG main            d.u.i.k.p.i.IntermediateProofReplayer Proof replay took 211.78ms 
110701     DEBUG main            d.u.i.k.p.r.p.TestFile    ... success: reloaded. 
110703     INFO  main            d.u.i.k.p.r.p.TestFile    Now processing file /home/runner/work/key/key/key.core/../key.ui/examples/heap/block_loop_contracts/SimpleVariants/sum_onLoop_external.key 
110703     INFO  main            d.u.i.k.p.i.AbstractProblemLoader Loading environment from /home/runner/work/key/key/key.core/../key.ui/examples/heap/block_loop_contracts/SimpleVariants/sum_onLoop_external.key 
110703     DEBUG main            d.u.i.k.p.i.AbstractProblemLoader Environment load took 272.41ns 
110705     INFO  main            d.u.i.k.p.i.AbstractProblemLoader Creating init config 
113802     DEBUG main            d.u.i.k.p.i.AbstractProblemLoader Init config took 3.1s 
113862     INFO  main            d.u.i.k.p.i.AbstractProblemLoader Replaying proof LoopContractExamplesAll[LoopContractExamplesAll::sum_loopContract_onLoop([I)].JML normal_behavior operation contract.0 
113864     DEBUG main            d.u.i.k.p.i.IntermediateProofReplayer Proof replay took 11.9ns 
113970     INFO  main            d.u.i.k.p.r.p.TestFile    ... finished proof: closed. 
114276     INFO  main            d.u.i.k.p.i.AbstractProblemLoader Loading environment from /home/runner/work/key/key/key.core/../key.ui/examples/heap/block_loop_contracts/SimpleVariants/sum_onLoop_external.key.proof 
114277     DEBUG main            d.u.i.k.p.i.AbstractProblemLoader Environment load took 127.81ns 
114278     INFO  main            d.u.i.k.p.i.AbstractProblemLoader Creating init config 
117295     DEBUG main            d.u.i.k.p.i.AbstractProblemLoader Init config took 3.02s 
117330     INFO  main            d.u.i.k.p.i.AbstractProblemLoader Replaying proof LoopContractExamplesAll[LoopContractExamplesAll::sum_loopContract_onLoop([I)].JML normal_behavior operation contract.0 
117359     DEBUG main            d.u.i.k.p.i.IntermediateProofReplayer Proof replay took 26.45ms 
117360     DEBUG main            d.u.i.k.p.r.p.TestFile    ... success: reloaded. 
117361     INFO  main            d.u.i.k.p.r.p.TestFile    Now processing file /home/runner/work/key/key/key.core/../key.ui/examples/heap/block_loop_contracts/SimpleVariants/sum_onLoop_internal.key 
117361     INFO  main            d.u.i.k.p.i.AbstractProblemLoader Loading environment from /home/runner/work/key/key/key.core/../key.ui/examples/heap/block_loop_contracts/SimpleVariants/sum_onLoop_internal.key 
117361     DEBUG main            d.u.i.k.p.i.AbstractProblemLoader Environment load took 119.21ns 
117362     INFO  main            d.u.i.k.p.i.AbstractProblemLoader Creating init config 
120483     DEBUG main            d.u.i.k.p.i.AbstractProblemLoader Init config took 3.12s 
120519     INFO  main            d.u.i.k.p.i.AbstractProblemLoader Replaying proof LoopContractExamplesAll[LoopContractExamplesAll::sum_loopContract_onLoop([I)].JML normal_behavior operation contract.0 
120521     DEBUG main            d.u.i.k.p.i.IntermediateProofReplayer Proof replay took 13.1ns 
121225     INFO  main            d.u.i.k.p.r.p.TestFile    ... finished proof: closed. 
121501     INFO  main            d.u.i.k.p.i.AbstractProblemLoader Loading environment from /home/runner/work/key/key/key.core/../key.ui/examples/heap/block_loop_contracts/SimpleVariants/sum_onLoop_internal.key.proof 
121501     DEBUG main            d.u.i.k.p.i.AbstractProblemLoader Environment load took 124.11ns 
121503     INFO  main            d.u.i.k.p.i.AbstractProblemLoader Creating init config 
124472     DEBUG main            d.u.i.k.p.i.AbstractProblemLoader Init config took 2.97s 
124524     INFO  main            d.u.i.k.p.i.AbstractProblemLoader Replaying proof LoopContractExamplesAll[LoopContractExamplesAll::sum_loopContract_onLoop([I)].JML normal_behavior operation contract.0 
124719     DEBUG main            d.u.i.k.p.i.IntermediateProofReplayer Proof replay took 190.81ms 
124720     DEBUG main            d.u.i.k.p.r.p.TestFile    ... success: reloaded. 
124722     INFO  main            d.u.i.k.p.r.p.TestFile    Now processing file /home/runner/work/key/key/key.core/../key.ui/examples/heap/block_loop_contracts/SimpleVariants/sum_onLoop_loop.key 
124722     INFO  main            d.u.i.k.p.i.AbstractProblemLoader Loading environment from /home/runner/work/key/key/key.core/../key.ui/examples/heap/block_loop_contracts/SimpleVariants/sum_onLoop_loop.key 
124722     DEBUG main            d.u.i.k.p.i.AbstractProblemLoader Environment load took 267.71ns 
124724     INFO  main            d.u.i.k.p.i.AbstractProblemLoader Creating init config 
127831     DEBUG main            d.u.i.k.p.i.AbstractProblemLoader Init config took 3.11s 
127867     INFO  main            d.u.i.k.p.i.AbstractProblemLoader Replaying proof LoopContractExamplesAll[LoopContractExamplesAll::sum_loopContract_onLoop([I)].JML normal_behavior loop contract.0 
127870     DEBUG main            d.u.i.k.p.i.IntermediateProofReplayer Proof replay took 10.5ns 
128676     INFO  main            d.u.i.k.p.r.p.TestFile    ... finished proof: closed. 
128988     INFO  main            d.u.i.k.p.i.AbstractProblemLoader Loading environment from /home/runner/work/key/key/key.core/../key.ui/examples/heap/block_loop_contracts/SimpleVariants/sum_onLoop_loop.key.proof 
128988     DEBUG main            d.u.i.k.p.i.AbstractProblemLoader Environment load took 507.93ns 
128990     INFO  main            d.u.i.k.p.i.AbstractProblemLoader Creating init config 
131936     DEBUG main            d.u.i.k.p.i.AbstractProblemLoader Init config took 2.95s 
131973     INFO  main            d.u.i.k.p.i.AbstractProblemLoader Replaying proof LoopContractExamplesAll[LoopContractExamplesAll::sum_loopContract_onLoop([I)].JML normal_behavior loop contract.0 
132187     DEBUG main            d.u.i.k.p.i.IntermediateProofReplayer Proof replay took 210.08ms 
132188     DEBUG main            d.u.i.k.p.r.p.TestFile    ... success: reloaded. 
132189     INFO  main            d.u.i.k.p.r.p.TestFile    Now processing file /home/runner/work/key/key/key.core/../key.ui/examples/heap/block_loop_contracts/Free/blockContracts0.key 
132189     INFO  main            d.u.i.k.p.i.AbstractProblemLoader Loading environment from /home/runner/work/key/key/key.core/../key.ui/examples/heap/block_loop_contracts/Free/blockContracts0.key 
132190     DEBUG main            d.u.i.k.p.i.AbstractProblemLoader Environment load took 109.51ns 
132191     INFO  main            d.u.i.k.p.i.AbstractProblemLoader Creating init config 
134881     DEBUG main            d.u.i.k.p.i.AbstractProblemLoader Init config took 2.69s 
134916     INFO  main            d.u.i.k.p.i.AbstractProblemLoader Replaying proof FreeConditions[FreeConditions::blockContract0()].JML normal_behavior operation contract.0 
134917     DEBUG main            d.u.i.k.p.i.IntermediateProofReplayer Proof replay took 12ns 
135020     INFO  main            d.u.i.k.p.r.p.TestFile    ... finished proof: closed. 
135356     INFO  main            d.u.i.k.p.i.AbstractProblemLoader Loading environment from /home/runner/work/key/key/key.core/../key.ui/examples/heap/block_loop_contracts/Free/blockContracts0.key.proof 
135356     DEBUG main            d.u.i.k.p.i.AbstractProblemLoader Environment load took 118.1ns 
135357     INFO  main            d.u.i.k.p.i.AbstractProblemLoader Creating init config 
138010     DEBUG main            d.u.i.k.p.i.AbstractProblemLoader Init config took 2.65s 
138047     INFO  main            d.u.i.k.p.i.AbstractProblemLoader Replaying proof FreeConditions[FreeConditions::blockContract0()].JML normal_behavior operation contract.0 
138068     DEBUG main            d.u.i.k.p.i.IntermediateProofReplayer Proof replay took 18.58ms 
138069     DEBUG main            d.u.i.k.p.r.p.TestFile    ... success: reloaded. 
138069     INFO  main            d.u.i.k.p.r.p.TestFile    Now processing file /home/runner/work/key/key/key.core/../key.ui/examples/heap/block_loop_contracts/Free/blockContracts1.key 
138070     INFO  main            d.u.i.k.p.i.AbstractProblemLoader Loading environment from /home/runner/work/key/key/key.core/../key.ui/examples/heap/block_loop_contracts/Free/blockContracts1.key 
138070     DEBUG main            d.u.i.k.p.i.AbstractProblemLoader Environment load took 96.51ns 
138071     INFO  main            d.u.i.k.p.i.AbstractProblemLoader Creating init config 
140750     DEBUG main            d.u.i.k.p.i.AbstractProblemLoader Init config took 2.68s 
140785     INFO  main            d.u.i.k.p.i.AbstractProblemLoader Replaying proof FreeConditions[FreeConditions::blockContract1()].JML normal_behavior operation contract.0 
140786     DEBUG main            d.u.i.k.p.i.IntermediateProofReplayer Proof replay took 12.6ns 
140890     INFO  main            d.u.i.k.p.r.p.TestFile    ... finished proof: closed. 
141186     INFO  main            d.u.i.k.p.i.AbstractProblemLoader Loading environment from /home/runner/work/key/key/key.core/../key.ui/examples/heap/block_loop_contracts/Free/blockContracts1.key.proof 
141186     DEBUG main            d.u.i.k.p.i.AbstractProblemLoader Environment load took 122.61ns 
141187     INFO  main            d.u.i.k.p.i.AbstractProblemLoader Creating init config 
143850     DEBUG main            d.u.i.k.p.i.AbstractProblemLoader Init config took 2.66s 
143886     INFO  main            d.u.i.k.p.i.AbstractProblemLoader Replaying proof FreeConditions[FreeConditions::blockContract1()].JML normal_behavior operation contract.0 
143903     DEBUG main            d.u.i.k.p.i.IntermediateProofReplayer Proof replay took 15.23ms 
143904     DEBUG main            d.u.i.k.p.r.p.TestFile    ... success: reloaded. 
143905     INFO  main            d.u.i.k.p.r.p.TestFile    Now processing file /home/runner/work/key/key/key.core/../key.ui/examples/heap/block_loop_contracts/Finally/block_finally.key 
143905     INFO  main            d.u.i.k.p.i.AbstractProblemLoader Loading environment from /home/runner/work/key/key/key.core/../key.ui/examples/heap/block_loop_contracts/Finally/block_finally.key 
143905     DEBUG main            d.u.i.k.p.i.AbstractProblemLoader Environment load took 107.7ns 
143906     INFO  main            d.u.i.k.p.i.AbstractProblemLoader Creating init config 
146623     DEBUG main            d.u.i.k.p.i.AbstractProblemLoader Init config took 2.72s 
146660     INFO  main            d.u.i.k.p.i.AbstractProblemLoader Replaying proof AuxiliaryContractsFinally[AuxiliaryContractsFinally::breakThrowContinueBlockContract(java.lang.Exception)].JML block contract.0 
146661     DEBUG main            d.u.i.k.p.i.IntermediateProofReplayer Proof replay took 11.7ns 
147168     INFO  main            d.u.i.k.p.r.p.TestFile    ... finished proof: open goal(s) 
147482     INFO  main            d.u.i.k.p.r.p.TestFile    Now processing file /home/runner/work/key/key/key.core/../key.ui/examples/heap/block_loop_contracts/Finally/loop_finally.key 
147482     INFO  main            d.u.i.k.p.i.AbstractProblemLoader Loading environment from /home/runner/work/key/key/key.core/../key.ui/examples/heap/block_loop_contracts/Finally/loop_finally.key 
147482     DEBUG main            d.u.i.k.p.i.AbstractProblemLoader Environment load took 62.7ns 
147484     INFO  main            d.u.i.k.p.i.AbstractProblemLoader Creating init config 
150169     DEBUG main            d.u.i.k.p.i.AbstractProblemLoader Init config took 2.69s 
150211     INFO  main            d.u.i.k.p.i.AbstractProblemLoader Replaying proof AuxiliaryContractsFinally[AuxiliaryContractsFinally::breakThrowContinueLoopContract(java.lang.Exception)].JML normal_behavior loop contract.0 
150213     DEBUG main            d.u.i.k.p.i.IntermediateProofReplayer Proof replay took 12.8ns 
150929     INFO  main            d.u.i.k.p.r.p.TestFile    ... finished proof: open goal(s) 
718952     INFO  Test worker     d.u.i.k.p.r.RunAllProofsTestUnit Returning from test blockContracts 
718953     INFO  Test worker     d.u.i.k.p.r.RunAllProofsTestUnit Running test jmlAsserts 
399        INFO  Timeout watchdog d.u.i.k.p.r.p.ForkedTestFileRunner Timeout watcher launched (2000 secs.) 
417        WARN  main            d.u.i.k.s.ProofSettings   The settings in /home/runner/.key/proof-settings.props are *not* read. 
448        INFO  main            d.u.i.k.p.r.p.TestFile    Now processing file /home/runner/work/key/key/key.core/../key.ui/examples/standard_key/java_dl/jml-assert/assert.key 
576        INFO  main            d.u.i.k.p.i.AbstractProblemLoader Loading environment from /home/runner/work/key/key/key.core/../key.ui/examples/standard_key/java_dl/jml-assert/assert.key 
595        DEBUG main            d.u.i.k.p.i.AbstractProblemLoader Environment load took 2.54ms 
851        INFO  main            d.u.i.k.p.i.AbstractProblemLoader Creating init config 
1796       DEBUG main            d.u.i.k.j.TypeConverter   No LDT found for Meta 
1801       DEBUG main            d.u.i.k.j.TypeConverter   No LDT found for Meta 
1802       DEBUG main            d.u.i.k.j.TypeConverter   No LDT found for Meta 
1804       DEBUG main            d.u.i.k.j.TypeConverter   No LDT found for Meta 
3390       DEBUG main            d.u.i.k.j.TypeConverter   No LDT found for JavaBigintExpression 
9086       DEBUG main            d.u.i.k.p.i.AbstractProblemLoader Init config took 8.24s 
9218       INFO  main            d.u.i.k.p.i.AbstractProblemLoader Replaying proof Assert[Assert::createArray(int)].JML normal_behavior operation contract.0 
9254       DEBUG main            d.u.i.k.p.i.IntermediateProofReplayer Proof replay took 32.3ns 
10232      INFO  main            d.u.i.k.p.r.p.TestFile    ... finished proof: closed. 
10364      INFO  main            d.u.i.k.p.i.AbstractProblemLoader Loading environment from /home/runner/work/key/key/key.core/../key.ui/examples/standard_key/java_dl/jml-assert/assert.key.proof 
10368      DEBUG main            d.u.i.k.p.i.AbstractProblemLoader Environment load took 3.47ms 
10370      INFO  main            d.u.i.k.p.i.AbstractProblemLoader Creating init config 
13575      DEBUG main            d.u.i.k.p.i.AbstractProblemLoader Init config took 3.2s 
13657      INFO  main            d.u.i.k.p.i.AbstractProblemLoader Replaying proof Assert[Assert::createArray(int)].JML normal_behavior operation contract.0 
13740      DEBUG main            d.u.i.k.p.i.IntermediateProofReplayer Proof replay took 77.04ms 
13748      DEBUG main            d.u.i.k.p.r.p.TestFile    ... success: reloaded. 
13750      INFO  main            d.u.i.k.p.r.p.TestFile    Now processing file /home/runner/work/key/key/key.core/../key.ui/examples/heap/block_loop_contracts/Free/assertions0.key 
13751      INFO  main            d.u.i.k.p.i.AbstractProblemLoader Loading environment from /home/runner/work/key/key/key.core/../key.ui/examples/heap/block_loop_contracts/Free/assertions0.key 
13751      DEBUG main            d.u.i.k.p.i.AbstractProblemLoader Environment load took 326.92ns 
13753      INFO  main            d.u.i.k.p.i.AbstractProblemLoader Creating init config 
16745      DEBUG main            d.u.i.k.p.i.AbstractProblemLoader Init config took 2.99s 
16807      INFO  main            d.u.i.k.p.i.AbstractProblemLoader Replaying proof FreeConditions[FreeConditions::assertions0()].JML normal_behavior operation contract.0 
16820      DEBUG main            d.u.i.k.p.i.IntermediateProofReplayer Proof replay took 17.8ns 
17029      INFO  main            d.u.i.k.p.r.p.TestFile    ... finished proof: closed. 
17172      INFO  main            d.u.i.k.p.i.AbstractProblemLoader Loading environment from /home/runner/work/key/key/key.core/../key.ui/examples/heap/block_loop_contracts/Free/assertions0.key.proof 
17173      DEBUG main            d.u.i.k.p.i.AbstractProblemLoader Environment load took 148.21ns 
17174      INFO  main            d.u.i.k.p.i.AbstractProblemLoader Creating init config 
20060      DEBUG main            d.u.i.k.p.i.AbstractProblemLoader Init config took 2.89s 
20111      INFO  main            d.u.i.k.p.i.AbstractProblemLoader Replaying proof FreeConditions[FreeConditions::assertions0()].JML normal_behavior operation contract.0 
20135      DEBUG main            d.u.i.k.p.i.IntermediateProofReplayer Proof replay took 21.21ms 
20137      DEBUG main            d.u.i.k.p.r.p.TestFile    ... success: reloaded. 
20138      INFO  main            d.u.i.k.p.r.p.TestFile    Now processing file /home/runner/work/key/key/key.core/../key.ui/examples/heap/block_loop_contracts/Free/assertions1.key 
20139      INFO  main            d.u.i.k.p.i.AbstractProblemLoader Loading environment from /home/runner/work/key/key/key.core/../key.ui/examples/heap/block_loop_contracts/Free/assertions1.key 
20140      DEBUG main            d.u.i.k.p.i.AbstractProblemLoader Environment load took 1.62ms 
20142      INFO  main            d.u.i.k.p.i.AbstractProblemLoader Creating init config 
22998      DEBUG main            d.u.i.k.p.i.AbstractProblemLoader Init config took 2.86s 
23049      INFO  main            d.u.i.k.p.i.AbstractProblemLoader Replaying proof FreeConditions[FreeConditions::assertions1()].JML normal_behavior operation contract.0 
23052      DEBUG main            d.u.i.k.p.i.IntermediateProofReplayer Proof replay took 32ns 
23155      INFO  main            d.u.i.k.p.r.p.TestFile    ... finished proof: closed. 
23354      INFO  main            d.u.i.k.p.i.AbstractProblemLoader Loading environment from /home/runner/work/key/key/key.core/../key.ui/examples/heap/block_loop_contracts/Free/assertions1.key.proof 
23355      DEBUG main            d.u.i.k.p.i.AbstractProblemLoader Environment load took 149.01ns 
23356      INFO  main            d.u.i.k.p.i.AbstractProblemLoader Creating init config 
26132      DEBUG main            d.u.i.k.p.i.AbstractProblemLoader Init config took 2.78s 
26185      INFO  main            d.u.i.k.p.i.AbstractProblemLoader Replaying proof FreeConditions[FreeConditions::assertions1()].JML normal_behavior operation contract.0 
26202      DEBUG main            d.u.i.k.p.i.IntermediateProofReplayer Proof replay took 11.12ms 
26203      DEBUG main            d.u.i.k.p.r.p.TestFile    ... success: reloaded. 
26205      INFO  main            d.u.i.k.p.r.p.TestFile    Now processing file /home/runner/work/key/key/key.core/../key.ui/examples/standard_key/java_dl/jml-assert/recursion-assert.key 
26206      INFO  main            d.u.i.k.p.i.AbstractProblemLoader Loading environment from /home/runner/work/key/key/key.core/../key.ui/examples/standard_key/java_dl/jml-assert/recursion-assert.key 
26206      DEBUG main            d.u.i.k.p.i.AbstractProblemLoader Environment load took 285.21ns 
26210      INFO  main            d.u.i.k.p.i.AbstractProblemLoader Creating init config 
29186      DEBUG main            d.u.i.k.p.i.AbstractProblemLoader Init config took 2.98s 
29236      INFO  main            d.u.i.k.p.i.AbstractProblemLoader Replaying proof RecursiveMethod[RecursiveMethod::fac1(int)].JML normal_behavior operation contract.0 
29238      DEBUG main            d.u.i.k.p.i.IntermediateProofReplayer Proof replay took 6ns 
29447      INFO  main            d.u.i.k.p.r.p.TestFile    ... finished proof: closed. 
29635      INFO  main            d.u.i.k.p.i.AbstractProblemLoader Loading environment from /home/runner/work/key/key/key.core/../key.ui/examples/standard_key/java_dl/jml-assert/recursion-assert.key.proof 
29637      DEBUG main            d.u.i.k.p.i.AbstractProblemLoader Environment load took 1.96ms 
29639      INFO  main            d.u.i.k.p.i.AbstractProblemLoader Creating init config 
32542      DEBUG main            d.u.i.k.p.i.AbstractProblemLoader Init config took 2.9s 
32589      INFO  main            d.u.i.k.p.i.AbstractProblemLoader Replaying proof RecursiveMethod[RecursiveMethod::fac1(int)].JML normal_behavior operation contract.0 
32627      DEBUG main            d.u.i.k.p.i.IntermediateProofReplayer Proof replay took 35.27ms 
32629      DEBUG main            d.u.i.k.p.r.p.TestFile    ... success: reloaded. 
32630      INFO  main            d.u.i.k.p.r.p.TestFile    Now processing file /home/runner/work/key/key/key.core/../key.ui/examples/standard_key/java_dl/jml-assert/recursion-assume.key 
32630      INFO  main            d.u.i.k.p.i.AbstractProblemLoader Loading environment from /home/runner/work/key/key/key.core/../key.ui/examples/standard_key/java_dl/jml-assert/recursion-assume.key 
32631      DEBUG main            d.u.i.k.p.i.AbstractProblemLoader Environment load took 255.51ns 
32632      INFO  main            d.u.i.k.p.i.AbstractProblemLoader Creating init config 
35566      DEBUG main            d.u.i.k.p.i.AbstractProblemLoader Init config took 2.93s 
35613      INFO  main            d.u.i.k.p.i.AbstractProblemLoader Replaying proof RecursiveMethod[RecursiveMethod::fac2(int)].JML normal_behavior operation contract.0 
35615      DEBUG main            d.u.i.k.p.i.IntermediateProofReplayer Proof replay took 6.3ns 
35818      INFO  main            d.u.i.k.p.r.p.TestFile    ... finished proof: closed. 
36013      INFO  main            d.u.i.k.p.i.AbstractProblemLoader Loading environment from /home/runner/work/key/key/key.core/../key.ui/examples/standard_key/java_dl/jml-assert/recursion-assume.key.proof 
36014      DEBUG main            d.u.i.k.p.i.AbstractProblemLoader Environment load took 148.31ns 
36015      INFO  main            d.u.i.k.p.i.AbstractProblemLoader Creating init config 
38877      DEBUG main            d.u.i.k.p.i.AbstractProblemLoader Init config took 2.86s 
38924      INFO  main            d.u.i.k.p.i.AbstractProblemLoader Replaying proof RecursiveMethod[RecursiveMethod::fac2(int)].JML normal_behavior operation contract.0 
38958      DEBUG main            d.u.i.k.p.i.IntermediateProofReplayer Proof replay took 31.97ms 
38960      DEBUG main            d.u.i.k.p.r.p.TestFile    ... success: reloaded. 
38961      INFO  main            d.u.i.k.p.r.p.TestFile    Now processing file /home/runner/work/key/key/key.core/../key.ui/examples/standard_key/java_dl/jml-assert/quantor-assert.key 
38961      INFO  main            d.u.i.k.p.i.AbstractProblemLoader Loading environment from /home/runner/work/key/key/key.core/../key.ui/examples/standard_key/java_dl/jml-assert/quantor-assert.key 
38961      DEBUG main            d.u.i.k.p.i.AbstractProblemLoader Environment load took 214.91ns 
38962      INFO  main            d.u.i.k.p.i.AbstractProblemLoader Creating init config 
41903      DEBUG main            d.u.i.k.p.i.AbstractProblemLoader Init config took 2.94s 
41951      INFO  main            d.u.i.k.p.i.AbstractProblemLoader Replaying proof Quantor[Quantor::square1(int)].JML normal_behavior operation contract.0 
41953      DEBUG main            d.u.i.k.p.i.IntermediateProofReplayer Proof replay took 7.7ns 
42159      INFO  main            d.u.i.k.p.r.p.TestFile    ... finished proof: closed. 
42340      INFO  main            d.u.i.k.p.i.AbstractProblemLoader Loading environment from /home/runner/work/key/key/key.core/../key.ui/examples/standard_key/java_dl/jml-assert/quantor-assert.key.proof 
42340      DEBUG main            d.u.i.k.p.i.AbstractProblemLoader Environment load took 243.41ns 
42342      INFO  main            d.u.i.k.p.i.AbstractProblemLoader Creating init config 
45228      DEBUG main            d.u.i.k.p.i.AbstractProblemLoader Init config took 2.89s 
45281      INFO  main            d.u.i.k.p.i.AbstractProblemLoader Replaying proof Quantor[Quantor::square1(int)].JML normal_behavior operation contract.0 
45298      DEBUG main            d.u.i.k.p.i.IntermediateProofReplayer Proof replay took 15.08ms 
45300      DEBUG main            d.u.i.k.p.r.p.TestFile    ... success: reloaded. 
45301      INFO  main            d.u.i.k.p.r.p.TestFile    Now processing file /home/runner/work/key/key/key.core/../key.ui/examples/standard_key/java_dl/jml-assert/quantor-assume.key 
45301      INFO  main            d.u.i.k.p.i.AbstractProblemLoader Loading environment from /home/runner/work/key/key/key.core/../key.ui/examples/standard_key/java_dl/jml-assert/quantor-assume.key 
45301      DEBUG main            d.u.i.k.p.i.AbstractProblemLoader Environment load took 254.51ns 
45303      INFO  main            d.u.i.k.p.i.AbstractProblemLoader Creating init config 
48222      DEBUG main            d.u.i.k.p.i.AbstractProblemLoader Init config took 2.92s 
48269      INFO  main            d.u.i.k.p.i.AbstractProblemLoader Replaying proof Quantor[Quantor::square2(int)].JML normal_behavior operation contract.0 
48271      DEBUG main            d.u.i.k.p.i.IntermediateProofReplayer Proof replay took 7.4ns 
48373      INFO  main            d.u.i.k.p.r.p.TestFile    ... finished proof: closed. 
48561      INFO  main            d.u.i.k.p.i.AbstractProblemLoader Loading environment from /home/runner/work/key/key/key.core/../key.ui/examples/standard_key/java_dl/jml-assert/quantor-assume.key.proof 
48561      DEBUG main            d.u.i.k.p.i.AbstractProblemLoader Environment load took 130.92ns 
48562      INFO  main            d.u.i.k.p.i.AbstractProblemLoader Creating init config 
51425      DEBUG main            d.u.i.k.p.i.AbstractProblemLoader Init config took 2.86s 
51475      INFO  main            d.u.i.k.p.i.AbstractProblemLoader Replaying proof Quantor[Quantor::square2(int)].JML normal_behavior operation contract.0 
51494      DEBUG main            d.u.i.k.p.i.IntermediateProofReplayer Proof replay took 15.87ms 
51496      DEBUG main            d.u.i.k.p.r.p.TestFile    ... success: reloaded. 
51498      INFO  main            d.u.i.k.p.r.p.TestFile    Now processing file /home/runner/work/key/key/key.core/../key.ui/examples/standard_key/java_dl/jml-assert/model-methods-static-static.key 
51498      INFO  main            d.u.i.k.p.i.AbstractProblemLoader Loading environment from /home/runner/work/key/key/key.core/../key.ui/examples/standard_key/java_dl/jml-assert/model-methods-static-static.key 
51498      DEBUG main            d.u.i.k.p.i.AbstractProblemLoader Environment load took 306.71ns 
51500      INFO  main            d.u.i.k.p.i.AbstractProblemLoader Creating init config 
54495      DEBUG main            d.u.i.k.p.i.AbstractProblemLoader Init config took 3s 
54538      INFO  main            d.u.i.k.p.i.AbstractProblemLoader Replaying proof ModelMethods[ModelMethods::test1()].JML normal_behavior operation contract.0 
54539      DEBUG main            d.u.i.k.p.i.IntermediateProofReplayer Proof replay took 7.1ns 
54646      INFO  main            d.u.i.k.p.r.p.TestFile    ... finished proof: closed. 
54861      INFO  main            d.u.i.k.p.i.AbstractProblemLoader Loading environment from /home/runner/work/key/key/key.core/../key.ui/examples/standard_key/java_dl/jml-assert/model-methods-static-static.key.proof 
54861      DEBUG main            d.u.i.k.p.i.AbstractProblemLoader Environment load took 137.42ns 
54862      INFO  main            d.u.i.k.p.i.AbstractProblemLoader Creating init config 
57740      DEBUG main            d.u.i.k.p.i.AbstractProblemLoader Init config took 2.88s 
57789      INFO  main            d.u.i.k.p.i.AbstractProblemLoader Replaying proof ModelMethods[ModelMethods::test1()].JML normal_behavior operation contract.0 
57799      DEBUG main            d.u.i.k.p.i.IntermediateProofReplayer Proof replay took 7.46ms 
57801      DEBUG main            d.u.i.k.p.r.p.TestFile    ... success: reloaded. 
57803      INFO  main            d.u.i.k.p.r.p.TestFile    Now processing file /home/runner/work/key/key/key.core/../key.ui/examples/standard_key/java_dl/jml-assert/model-methods-instance-static.key 
57806      INFO  main            d.u.i.k.p.i.AbstractProblemLoader Loading environment from /home/runner/work/key/key/key.core/../key.ui/examples/standard_key/java_dl/jml-assert/model-methods-instance-static.key 
57807      DEBUG main            d.u.i.k.p.i.AbstractProblemLoader Environment load took 632.53ns 
57808      INFO  main            d.u.i.k.p.i.AbstractProblemLoader Creating init config 
60649      DEBUG main            d.u.i.k.p.i.AbstractProblemLoader Init config took 2.84s 
60691      INFO  main            d.u.i.k.p.i.AbstractProblemLoader Replaying proof ModelMethods[ModelMethods::test2()].JML normal_behavior operation contract.0 
60692      DEBUG main            d.u.i.k.p.i.IntermediateProofReplayer Proof replay took 8.4ns 
60794      INFO  main            d.u.i.k.p.r.p.TestFile    ... finished proof: closed. 
61010      INFO  main            d.u.i.k.p.i.AbstractProblemLoader Loading environment from /home/runner/work/key/key/key.core/../key.ui/examples/standard_key/java_dl/jml-assert/model-methods-instance-static.key.proof 
61010      DEBUG main            d.u.i.k.p.i.AbstractProblemLoader Environment load took 129.11ns 
61011      INFO  main            d.u.i.k.p.i.AbstractProblemLoader Creating init config 
63826      DEBUG main            d.u.i.k.p.i.AbstractProblemLoader Init config took 2.81s 
63867      INFO  main            d.u.i.k.p.i.AbstractProblemLoader Replaying proof ModelMethods[ModelMethods::test2()].JML normal_behavior operation contract.0 
63877      DEBUG main            d.u.i.k.p.i.IntermediateProofReplayer Proof replay took 8.39ms 
63878      DEBUG main            d.u.i.k.p.r.p.TestFile    ... success: reloaded. 
63879      INFO  main            d.u.i.k.p.r.p.TestFile    Now processing file /home/runner/work/key/key/key.core/../key.ui/examples/standard_key/java_dl/jml-assert/model-methods-instance-instance.key 
63879      INFO  main            d.u.i.k.p.i.AbstractProblemLoader Loading environment from /home/runner/work/key/key/key.core/../key.ui/examples/standard_key/java_dl/jml-assert/model-methods-instance-instance.key 
63879      DEBUG main            d.u.i.k.p.i.AbstractProblemLoader Environment load took 84.01ns 
63880      INFO  main            d.u.i.k.p.i.AbstractProblemLoader Creating init config 
66690      DEBUG main            d.u.i.k.p.i.AbstractProblemLoader Init config took 2.81s 
66729      INFO  main            d.u.i.k.p.i.AbstractProblemLoader Replaying proof ModelMethods[ModelMethods::test3()].JML normal_behavior operation contract.0 
66731      DEBUG main            d.u.i.k.p.i.IntermediateProofReplayer Proof replay took 7.7ns 
66834      INFO  main            d.u.i.k.p.r.p.TestFile    ... finished proof: closed. 
67066      INFO  main            d.u.i.k.p.i.AbstractProblemLoader Loading environment from /home/runner/work/key/key/key.core/../key.ui/examples/standard_key/java_dl/jml-assert/model-methods-instance-instance.key.proof 
67066      DEBUG main            d.u.i.k.p.i.AbstractProblemLoader Environment load took 130.71ns 
67067      INFO  main            d.u.i.k.p.i.AbstractProblemLoader Creating init config 
69838      DEBUG main            d.u.i.k.p.i.AbstractProblemLoader Init config took 2.77s 
69879      INFO  main            d.u.i.k.p.i.AbstractProblemLoader Replaying proof ModelMethods[ModelMethods::test3()].JML normal_behavior operation contract.0 
69892      DEBUG main            d.u.i.k.p.i.IntermediateProofReplayer Proof replay took 10.6ms 
69893      DEBUG main            d.u.i.k.p.r.p.TestFile    ... success: reloaded. 
69894      INFO  main            d.u.i.k.p.r.p.TestFile    Now processing file /home/runner/work/key/key/key.core/../key.ui/examples/standard_key/java_dl/jml-assert/model-methods-static-instance.key 
69894      INFO  main            d.u.i.k.p.i.AbstractProblemLoader Loading environment from /home/runner/work/key/key/key.core/../key.ui/examples/standard_key/java_dl/jml-assert/model-methods-static-instance.key 
69894      DEBUG main            d.u.i.k.p.i.AbstractProblemLoader Environment load took 122.61ns 
69895      INFO  main            d.u.i.k.p.i.AbstractProblemLoader Creating init config 
72823      DEBUG main            d.u.i.k.p.i.AbstractProblemLoader Init config took 2.93s 
72863      INFO  main            d.u.i.k.p.i.AbstractProblemLoader Replaying proof ModelMethods[ModelMethods::test4()].JML normal_behavior operation contract.0 
72865      DEBUG main            d.u.i.k.p.i.IntermediateProofReplayer Proof replay took 7.6ns 
73070      INFO  main            d.u.i.k.p.r.p.TestFile    ... finished proof: closed. 
73282      INFO  main            d.u.i.k.p.i.AbstractProblemLoader Loading environment from /home/runner/work/key/key/key.core/../key.ui/examples/standard_key/java_dl/jml-assert/model-methods-static-instance.key.proof 
73282      DEBUG main            d.u.i.k.p.i.AbstractProblemLoader Environment load took 130.01ns 
73283      INFO  main            d.u.i.k.p.i.AbstractProblemLoader Creating init config 
76150      DEBUG main            d.u.i.k.p.i.AbstractProblemLoader Init config took 2.87s 
76193      INFO  main            d.u.i.k.p.i.AbstractProblemLoader Replaying proof ModelMethods[ModelMethods::test4()].JML normal_behavior operation contract.0 
76222      DEBUG main            d.u.i.k.p.i.IntermediateProofReplayer Proof replay took 26.81ms 
76224      DEBUG main            d.u.i.k.p.r.p.TestFile    ... success: reloaded. 
76225      INFO  main            d.u.i.k.p.r.p.TestFile    Now processing file /home/runner/work/key/key/key.core/../key.ui/examples/standard_key/java_dl/jml-assert/assert-old/inc-field.key 
76226      INFO  main            d.u.i.k.p.i.AbstractProblemLoader Loading environment from /home/runner/work/key/key/key.core/../key.ui/examples/standard_key/java_dl/jml-assert/assert-old/inc-field.key 
76226      DEBUG main            d.u.i.k.p.i.AbstractProblemLoader Environment load took 274.72ns 
76227      INFO  main            d.u.i.k.p.i.AbstractProblemLoader Creating init config 
79079      DEBUG main            d.u.i.k.p.i.AbstractProblemLoader Init config took 2.85s 
79118      INFO  main            d.u.i.k.p.i.AbstractProblemLoader Replaying proof Inc[Inc::inc_field()].JML normal_behavior operation contract.0 
79120      DEBUG main            d.u.i.k.p.i.IntermediateProofReplayer Proof replay took 7.5ns 
79326      INFO  main            d.u.i.k.p.r.p.TestFile    ... finished proof: closed. 
79565      INFO  main            d.u.i.k.p.i.AbstractProblemLoader Loading environment from /home/runner/work/key/key/key.core/../key.ui/examples/standard_key/java_dl/jml-assert/assert-old/inc-field.key.proof 
79565      DEBUG main            d.u.i.k.p.i.AbstractProblemLoader Environment load took 145.41ns 
79566      INFO  main            d.u.i.k.p.i.AbstractProblemLoader Creating init config 
82303      DEBUG main            d.u.i.k.p.i.AbstractProblemLoader Init config took 2.74s 
82342      INFO  main            d.u.i.k.p.i.AbstractProblemLoader Replaying proof Inc[Inc::inc_field()].JML normal_behavior operation contract.0 
82367      DEBUG main            d.u.i.k.p.i.IntermediateProofReplayer Proof replay took 23.3ms 
82368      DEBUG main            d.u.i.k.p.r.p.TestFile    ... success: reloaded. 
82369      INFO  main            d.u.i.k.p.r.p.TestFile    Now processing file /home/runner/work/key/key/key.core/../key.ui/examples/standard_key/java_dl/jml-assert/assert-old/inc-parameter.key 
82369      INFO  main            d.u.i.k.p.i.AbstractProblemLoader Loading environment from /home/runner/work/key/key/key.core/../key.ui/examples/standard_key/java_dl/jml-assert/assert-old/inc-parameter.key 
82369      DEBUG main            d.u.i.k.p.i.AbstractProblemLoader Environment load took 66.5ns 
82370      INFO  main            d.u.i.k.p.i.AbstractProblemLoader Creating init config 
85107      DEBUG main            d.u.i.k.p.i.AbstractProblemLoader Init config took 2.74s 
85144      INFO  main            d.u.i.k.p.i.AbstractProblemLoader Replaying proof Inc[Inc::inc_parameter(int)].JML normal_behavior operation contract.0 
85145      DEBUG main            d.u.i.k.p.i.IntermediateProofReplayer Proof replay took 6.8ns 
85249      INFO  main            d.u.i.k.p.r.p.TestFile    ... finished proof: closed. 
85498      INFO  main            d.u.i.k.p.i.AbstractProblemLoader Loading environment from /home/runner/work/key/key/key.core/../key.ui/examples/standard_key/java_dl/jml-assert/assert-old/inc-parameter.key.proof 
85498      DEBUG main            d.u.i.k.p.i.AbstractProblemLoader Environment load took 136.01ns 
85499      INFO  main            d.u.i.k.p.i.AbstractProblemLoader Creating init config 
88211      DEBUG main            d.u.i.k.p.i.AbstractProblemLoader Init config took 2.71s 
88249      INFO  main            d.u.i.k.p.i.AbstractProblemLoader Replaying proof Inc[Inc::inc_parameter(int)].JML normal_behavior operation contract.0 
88263      DEBUG main            d.u.i.k.p.i.IntermediateProofReplayer Proof replay took 12.08ms 
88264      DEBUG main            d.u.i.k.p.r.p.TestFile    ... success: reloaded. 
88265      INFO  main            d.u.i.k.p.r.p.TestFile    Now processing file /home/runner/work/key/key/key.core/../key.ui/examples/standard_key/java_dl/jml-assert/assert-old/inc-parameter-field.key 
88265      INFO  main            d.u.i.k.p.i.AbstractProblemLoader Loading environment from /home/runner/work/key/key/key.core/../key.ui/examples/standard_key/java_dl/jml-assert/assert-old/inc-parameter-field.key 
88266      DEBUG main            d.u.i.k.p.i.AbstractProblemLoader Environment load took 243.52ns 
88267      INFO  main            d.u.i.k.p.i.AbstractProblemLoader Creating init config 
91031      DEBUG main            d.u.i.k.p.i.AbstractProblemLoader Init config took 2.76s 
91068      INFO  main            d.u.i.k.p.i.AbstractProblemLoader Replaying proof Inc[Inc::inc_parameter_field(Inc)].JML normal_behavior operation contract.0 
91069      DEBUG main            d.u.i.k.p.i.IntermediateProofReplayer Proof replay took 7ns 
91273      INFO  main            d.u.i.k.p.r.p.TestFile    ... finished proof: closed. 
91526      INFO  main            d.u.i.k.p.i.AbstractProblemLoader Loading environment from /home/runner/work/key/key/key.core/../key.ui/examples/standard_key/java_dl/jml-assert/assert-old/inc-parameter-field.key.proof 
91526      DEBUG main            d.u.i.k.p.i.AbstractProblemLoader Environment load took 124.51ns 
91527      INFO  main            d.u.i.k.p.i.AbstractProblemLoader Creating init config 
94185      DEBUG main            d.u.i.k.p.i.AbstractProblemLoader Init config took 2.66s 
94222      INFO  main            d.u.i.k.p.i.AbstractProblemLoader Replaying proof Inc[Inc::inc_parameter_field(Inc)].JML normal_behavior operation contract.0 
94249      DEBUG main            d.u.i.k.p.i.IntermediateProofReplayer Proof replay took 25.72ms 
94250      DEBUG main            d.u.i.k.p.r.p.TestFile    ... success: reloaded. 
94251      INFO  main            d.u.i.k.p.r.p.TestFile    Now processing file /home/runner/work/key/key/key.core/../key.ui/examples/standard_key/java_dl/jml-assert/assert-old/inc-ghost-field.key 
94251      INFO  main            d.u.i.k.p.i.AbstractProblemLoader Loading environment from /home/runner/work/key/key/key.core/../key.ui/examples/standard_key/java_dl/jml-assert/assert-old/inc-ghost-field.key 
94252      DEBUG main            d.u.i.k.p.i.AbstractProblemLoader Environment load took 285.72ns 
94253      INFO  main            d.u.i.k.p.i.AbstractProblemLoader Creating init config 
97020      DEBUG main            d.u.i.k.p.i.AbstractProblemLoader Init config took 2.77s 
97057      INFO  main            d.u.i.k.p.i.AbstractProblemLoader Replaying proof Inc[Inc::inc_ghost_field()].JML normal_behavior operation contract.0 
97058      DEBUG main            d.u.i.k.p.i.IntermediateProofReplayer Proof replay took 7.6ns 
97260      INFO  main            d.u.i.k.p.r.p.TestFile    ... finished proof: closed. 
97522      INFO  main            d.u.i.k.p.i.AbstractProblemLoader Loading environment from /home/runner/work/key/key/key.core/../key.ui/examples/standard_key/java_dl/jml-assert/assert-old/inc-ghost-field.key.proof 
97522      DEBUG main            d.u.i.k.p.i.AbstractProblemLoader Environment load took 126.11ns 
97523      INFO  main            d.u.i.k.p.i.AbstractProblemLoader Creating init config 
100163     DEBUG main            d.u.i.k.p.i.AbstractProblemLoader Init config took 2.64s 
100209     INFO  main            d.u.i.k.p.i.AbstractProblemLoader Replaying proof Inc[Inc::inc_ghost_field()].JML normal_behavior operation contract.0 
100252     DEBUG main            d.u.i.k.p.i.IntermediateProofReplayer Proof replay took 39.41ms 
100253     DEBUG main            d.u.i.k.p.r.p.TestFile    ... success: reloaded. 
819403     INFO  Test worker     d.u.i.k.p.r.RunAllProofsTestUnit Returning from test jmlAsserts 
819404     INFO  Test worker     d.u.i.k.p.r.RunAllProofsTestUnit Running test javaCard 
371        INFO  Timeout watchdog d.u.i.k.p.r.p.ForkedTestFileRunner Timeout watcher launched (2000 secs.) 
388        WARN  main            d.u.i.k.s.ProofSettings   The settings in /home/runner/.key/proof-settings.props are *not* read. 
429        INFO  main            d.u.i.k.p.r.p.TestFile    Now processing file /home/runner/work/key/key/key.core/../key.ui/examples/heap/javacard/updateBalance0.key 
576        INFO  main            d.u.i.k.p.i.AbstractProblemLoader Loading environment from /home/runner/work/key/key/key.core/../key.ui/examples/heap/javacard/updateBalance0.key 
595        DEBUG main            d.u.i.k.p.i.AbstractProblemLoader Environment load took 2.57ms 
836        INFO  main            d.u.i.k.p.i.AbstractProblemLoader Creating init config 
1921       DEBUG main            d.u.i.k.j.TypeConverter   No LDT found for Meta 
1922       DEBUG main            d.u.i.k.j.TypeConverter   No LDT found for Meta 
1925       DEBUG main            d.u.i.k.j.TypeConverter   No LDT found for Meta 
1925       DEBUG main            d.u.i.k.j.TypeConverter   No LDT found for Meta 
3642       DEBUG main            d.u.i.k.j.TypeConverter   No LDT found for JavaBigintExpression 
7400       DEBUG main            d.u.i.k.p.i.AbstractProblemLoader Init config took 6.56s 
7556       INFO  main            d.u.i.k.p.i.AbstractProblemLoader Replaying proof Examples[Examples::updateBalance(short)].JML normal_behavior operation contract.0 
7597       DEBUG main            d.u.i.k.p.i.IntermediateProofReplayer Proof replay took 40.1ns 
9331       INFO  main            d.u.i.k.p.r.p.TestFile    ... finished proof: closed. 
9455       INFO  main            d.u.i.k.p.i.AbstractProblemLoader Loading environment from /home/runner/work/key/key/key.core/../key.ui/examples/heap/javacard/updateBalance0.key.proof 
9456       DEBUG main            d.u.i.k.p.i.AbstractProblemLoader Environment load took 570.94ns 
9458       INFO  main            d.u.i.k.p.i.AbstractProblemLoader Creating init config 
11411      DEBUG main            d.u.i.k.p.i.AbstractProblemLoader Init config took 1.95s 
11468      INFO  main            d.u.i.k.p.i.AbstractProblemLoader Replaying proof Examples[Examples::updateBalance(short)].JML normal_behavior operation contract.0 
11616      DEBUG main            d.u.i.k.p.i.IntermediateProofReplayer Proof replay took 140.17ms 
11626      DEBUG main            d.u.i.k.p.r.p.TestFile    ... success: reloaded. 
11629      INFO  main            d.u.i.k.p.r.p.TestFile    Now processing file /home/runner/work/key/key/key.core/../key.ui/examples/heap/javacard/updateBalance1.key 
11629      INFO  main            d.u.i.k.p.i.AbstractProblemLoader Loading environment from /home/runner/work/key/key/key.core/../key.ui/examples/heap/javacard/updateBalance1.key 
11630      DEBUG main            d.u.i.k.p.i.AbstractProblemLoader Environment load took 322.02ns 
11632      INFO  main            d.u.i.k.p.i.AbstractProblemLoader Creating init config 
13444      DEBUG main            d.u.i.k.p.i.AbstractProblemLoader Init config took 1.81s 
13498      INFO  main            d.u.i.k.p.i.AbstractProblemLoader Replaying proof Examples[Examples::updateBalance(short)].JML normal_behavior operation contract.1 
13501      DEBUG main            d.u.i.k.p.i.IntermediateProofReplayer Proof replay took 5.6ns 
14208      INFO  main            d.u.i.k.p.r.p.TestFile    ... finished proof: closed. 
14357      INFO  main            d.u.i.k.p.i.AbstractProblemLoader Loading environment from /home/runner/work/key/key/key.core/../key.ui/examples/heap/javacard/updateBalance1.key.proof 
14358      DEBUG main            d.u.i.k.p.i.AbstractProblemLoader Environment load took 545.34ns 
14360      INFO  main            d.u.i.k.p.i.AbstractProblemLoader Creating init config 
16110      DEBUG main            d.u.i.k.p.i.AbstractProblemLoader Init config took 1.75s 
16161      INFO  main            d.u.i.k.p.i.AbstractProblemLoader Replaying proof Examples[Examples::updateBalance(short)].JML normal_behavior operation contract.1 
16269      DEBUG main            d.u.i.k.p.i.IntermediateProofReplayer Proof replay took 103.53ms 
16272      DEBUG main            d.u.i.k.p.r.p.TestFile    ... success: reloaded. 
16274      INFO  main            d.u.i.k.p.r.p.TestFile    Now processing file /home/runner/work/key/key/key.core/../key.ui/examples/heap/javacard/setArray1.key 
16275      INFO  main            d.u.i.k.p.i.AbstractProblemLoader Loading environment from /home/runner/work/key/key/key.core/../key.ui/examples/heap/javacard/setArray1.key 
16275      DEBUG main            d.u.i.k.p.i.AbstractProblemLoader Environment load took 275.32ns 
16277      INFO  main            d.u.i.k.p.i.AbstractProblemLoader Creating init config 
18009      DEBUG main            d.u.i.k.p.i.AbstractProblemLoader Init config took 1.73s 
18056      INFO  main            d.u.i.k.p.i.AbstractProblemLoader Replaying proof Examples[Examples::setArray1([B)].JML normal_behavior operation contract.0 
18059      DEBUG main            d.u.i.k.p.i.IntermediateProofReplayer Proof replay took 6.2ns 
19264      INFO  main            d.u.i.k.p.r.p.TestFile    ... finished proof: closed. 
19408      INFO  main            d.u.i.k.p.i.AbstractProblemLoader Loading environment from /home/runner/work/key/key/key.core/../key.ui/examples/heap/javacard/setArray1.key.proof 
19413      DEBUG main            d.u.i.k.p.i.AbstractProblemLoader Environment load took 4.88ms 
19415      INFO  main            d.u.i.k.p.i.AbstractProblemLoader Creating init config 
21112      DEBUG main            d.u.i.k.p.i.AbstractProblemLoader Init config took 1.7s 
21160      INFO  main            d.u.i.k.p.i.AbstractProblemLoader Replaying proof Examples[Examples::setArray1([B)].JML normal_behavior operation contract.0 
21365      DEBUG main            d.u.i.k.p.i.IntermediateProofReplayer Proof replay took 199.07ms 
21368      DEBUG main            d.u.i.k.p.r.p.TestFile    ... success: reloaded. 
21370      INFO  main            d.u.i.k.p.r.p.TestFile    Now processing file /home/runner/work/key/key/key.core/../key.ui/examples/heap/javacard/setArray2.key 
21370      INFO  main            d.u.i.k.p.i.AbstractProblemLoader Loading environment from /home/runner/work/key/key/key.core/../key.ui/examples/heap/javacard/setArray2.key 
21371      DEBUG main            d.u.i.k.p.i.AbstractProblemLoader Environment load took 283.02ns 
21372      INFO  main            d.u.i.k.p.i.AbstractProblemLoader Creating init config 
23053      DEBUG main            d.u.i.k.p.i.AbstractProblemLoader Init config took 1.68s 
23105      INFO  main            d.u.i.k.p.i.AbstractProblemLoader Replaying proof Examples[Examples::setArray2([B)].JML normal_behavior operation contract.0 
23107      DEBUG main            d.u.i.k.p.i.IntermediateProofReplayer Proof replay took 6.3ns 
24326      INFO  main            d.u.i.k.p.r.p.TestFile    ... finished proof: closed. 
24471      INFO  main            d.u.i.k.p.i.AbstractProblemLoader Loading environment from /home/runner/work/key/key/key.core/../key.ui/examples/heap/javacard/setArray2.key.proof 
24473      DEBUG main            d.u.i.k.p.i.AbstractProblemLoader Environment load took 1.58ms 
24476      INFO  main            d.u.i.k.p.i.AbstractProblemLoader Creating init config 
26152      DEBUG main            d.u.i.k.p.i.AbstractProblemLoader Init config took 1.68s 
26196      INFO  main            d.u.i.k.p.i.AbstractProblemLoader Replaying proof Examples[Examples::setArray2([B)].JML normal_behavior operation contract.0 
26387      DEBUG main            d.u.i.k.p.i.IntermediateProofReplayer Proof replay took 185.09ms 
26389      DEBUG main            d.u.i.k.p.r.p.TestFile    ... success: reloaded. 
26392      INFO  main            d.u.i.k.p.r.p.TestFile    Now processing file /home/runner/work/key/key/key.core/../key.ui/examples/heap/javacard/arrayFillNonAtomic.key 
26393      INFO  main            d.u.i.k.p.i.AbstractProblemLoader Loading environment from /home/runner/work/key/key/key.core/../key.ui/examples/heap/javacard/arrayFillNonAtomic.key 
26393      DEBUG main            d.u.i.k.p.i.AbstractProblemLoader Environment load took 290.72ns 
26394      INFO  main            d.u.i.k.p.i.AbstractProblemLoader Creating init config 
28053      DEBUG main            d.u.i.k.p.i.AbstractProblemLoader Init config took 1.66s 
28115      INFO  main            d.u.i.k.p.i.AbstractProblemLoader Replaying proof javacard.framework.Util[javacard.framework.Util::arrayFillNonAtomic([B,short,short,byte)].JML behavior operation contract.0.transaction_inactive 
28117      DEBUG main            d.u.i.k.p.i.IntermediateProofReplayer Proof replay took 5.7ns 
29041      DEBUG Thread-13       d.u.i.k.l.o.ProgramSV     Match failed: Former match of  SchemaVariable incompatible with  the current match. 
29042      DEBUG Thread-13       d.u.i.k.l.o.ProgramSV     Match failed: Former match of  SchemaVariable incompatible with  the current match. 
30466      DEBUG Thread-13       d.u.i.k.l.o.ProgramSV     Match failed: Former match of  SchemaVariable incompatible with  the current match. 
30467      DEBUG Thread-13       d.u.i.k.l.o.ProgramSV     Match failed: Former match of  SchemaVariable incompatible with  the current match. 
32187      INFO  main            d.u.i.k.p.r.p.TestFile    ... finished proof: closed. 
32356      INFO  main            d.u.i.k.p.i.AbstractProblemLoader Loading environment from /home/runner/work/key/key/key.core/../key.ui/examples/heap/javacard/arrayFillNonAtomic.key.proof 
32357      DEBUG main            d.u.i.k.p.i.AbstractProblemLoader Environment load took 554.64ns 
32359      INFO  main            d.u.i.k.p.i.AbstractProblemLoader Creating init config 
34021      DEBUG main            d.u.i.k.p.i.AbstractProblemLoader Init config took 1.66s 
34080      INFO  main            d.u.i.k.p.i.AbstractProblemLoader Replaying proof javacard.framework.Util[javacard.framework.Util::arrayFillNonAtomic([B,short,short,byte)].JML behavior operation contract.0.transaction_inactive 
34741      DEBUG main            d.u.i.k.p.i.IntermediateProofReplayer Proof replay took 644.32ms 
34743      DEBUG main            d.u.i.k.p.r.p.TestFile    ... success: reloaded. 
34744      INFO  main            d.u.i.k.p.r.p.TestFile    Now processing file /home/runner/work/key/key/key.core/../key.ui/examples/heap/coincidence_count/project.key 
34744      INFO  main            d.u.i.k.p.i.AbstractProblemLoader Loading environment from /home/runner/work/key/key/key.core/../key.ui/examples/heap/coincidence_count/project.key 
34744      DEBUG main            d.u.i.k.p.i.AbstractProblemLoader Environment load took 121.4ns 
34745      INFO  main            d.u.i.k.p.i.AbstractProblemLoader Creating init config 
38364      DEBUG main            d.u.i.k.p.i.AbstractProblemLoader Init config took 3.62s 
38429      INFO  main            d.u.i.k.p.i.AbstractProblemLoader Replaying proof CC[CC::calcCoinIndex([I,[I)].JML normal_behavior operation contract.0 
38436      DEBUG main            d.u.i.k.p.i.IntermediateProofReplayer Proof replay took 17.2ns 
58892      INFO  main            d.u.i.k.p.r.p.TestFile    ... finished proof: closed. 
59295      INFO  main            d.u.i.k.p.i.AbstractProblemLoader Loading environment from /home/runner/work/key/key/key.core/../key.ui/examples/heap/coincidence_count/project.key.proof 
59296      DEBUG main            d.u.i.k.p.i.AbstractProblemLoader Environment load took 558.83ns 
59300      INFO  main            d.u.i.k.p.i.AbstractProblemLoader Creating init config 
62154      DEBUG main            d.u.i.k.p.i.AbstractProblemLoader Init config took 2.85s 
62206      INFO  main            d.u.i.k.p.i.AbstractProblemLoader Replaying proof CC[CC::calcCoinIndex([I,[I)].JML normal_behavior operation contract.0 
63027      DEBUG main            d.u.i.k.p.i.IntermediateProofReplayer Proof replay took 741.3ms 
63031      DEBUG main            d.u.i.k.p.r.p.TestFile    ... success: reloaded. 
63032      INFO  main            d.u.i.k.p.r.p.TestFile    Now processing file /home/runner/work/key/key/key.core/../key.ui/examples/heap/verifyThis11_1_Maximum/project.key 
63032      INFO  main            d.u.i.k.p.i.AbstractProblemLoader Loading environment from /home/runner/work/key/key/key.core/../key.ui/examples/heap/verifyThis11_1_Maximum/project.key 
63033      DEBUG main            d.u.i.k.p.i.AbstractProblemLoader Environment load took 123.41ns 
63033      INFO  main            d.u.i.k.p.i.AbstractProblemLoader Creating init config 
65914      DEBUG main            d.u.i.k.p.i.AbstractProblemLoader Init config took 2.88s 
65959      INFO  main            d.u.i.k.p.i.AbstractProblemLoader Replaying proof Maximum[Maximum::maxIndex([I)].JML normal_behavior operation contract.0 
65961      DEBUG main            d.u.i.k.p.i.IntermediateProofReplayer Proof replay took 6.6ns 
67005      INFO  main            d.u.i.k.p.r.p.TestFile    ... finished proof: closed. 
67294      INFO  main            d.u.i.k.p.i.AbstractProblemLoader Loading environment from /home/runner/work/key/key/key.core/../key.ui/examples/heap/verifyThis11_1_Maximum/project.key.proof 
67295      DEBUG main            d.u.i.k.p.i.AbstractProblemLoader Environment load took 547.83ns 
67296      INFO  main            d.u.i.k.p.i.AbstractProblemLoader Creating init config 
69992      DEBUG main            d.u.i.k.p.i.AbstractProblemLoader Init config took 2.7s 
70036      INFO  main            d.u.i.k.p.i.AbstractProblemLoader Replaying proof Maximum[Maximum::maxIndex([I)].JML normal_behavior operation contract.0 
70169      DEBUG main            d.u.i.k.p.i.IntermediateProofReplayer Proof replay took 125.76ms 
70171      DEBUG main            d.u.i.k.p.r.p.TestFile    ... success: reloaded. 
70172      INFO  main            d.u.i.k.p.r.p.TestFile    Now processing file /home/runner/work/key/key/key.core/../key.ui/examples/heap/fm12_01_LRS/lcp.key 
70172      INFO  main            d.u.i.k.p.i.AbstractProblemLoader Loading environment from /home/runner/work/key/key/key.core/../key.ui/examples/heap/fm12_01_LRS/lcp.key 
70172      DEBUG main            d.u.i.k.p.i.AbstractProblemLoader Environment load took 240.91ns 
70173      INFO  main            d.u.i.k.p.i.AbstractProblemLoader Creating init config 
73677      DEBUG main            d.u.i.k.p.i.AbstractProblemLoader Init config took 3.5s 
73741      INFO  main            d.u.i.k.p.i.AbstractProblemLoader Replaying proof LCP[LCP::lcp([I,int,int)].JML normal_behavior operation contract.0 
73743      DEBUG main            d.u.i.k.p.i.IntermediateProofReplayer Proof replay took 6.7ns 
74763      INFO  main            d.u.i.k.p.r.p.TestFile    ... finished proof: closed. 
75042      INFO  main            d.u.i.k.p.i.AbstractProblemLoader Loading environment from /home/runner/work/key/key/key.core/../key.ui/examples/heap/fm12_01_LRS/lcp.key.proof 
75042      DEBUG main            d.u.i.k.p.i.AbstractProblemLoader Environment load took 506.43ns 
75044      INFO  main            d.u.i.k.p.i.AbstractProblemLoader Creating init config 
78212      DEBUG main            d.u.i.k.p.i.AbstractProblemLoader Init config took 3.17s 
78278      INFO  main            d.u.i.k.p.i.AbstractProblemLoader Replaying proof LCP[LCP::lcp([I,int,int)].JML normal_behavior operation contract.0 
78452      DEBUG main            d.u.i.k.p.i.IntermediateProofReplayer Proof replay took 166.1ms 
78454      DEBUG main            d.u.i.k.p.r.p.TestFile    ... success: reloaded. 
78455      INFO  main            d.u.i.k.p.r.p.TestFile    Now processing file /home/runner/work/key/key/key.core/../key.ui/examples/heap/SemanticSlicing/project.key 
78456      INFO  main            d.u.i.k.p.i.AbstractProblemLoader Loading environment from /home/runner/work/key/key/key.core/../key.ui/examples/heap/SemanticSlicing/project.key 
78456      DEBUG main            d.u.i.k.p.i.AbstractProblemLoader Environment load took 171.11ns 
78457      INFO  main            d.u.i.k.p.i.AbstractProblemLoader Creating init config 
81413      DEBUG main            d.u.i.k.p.i.AbstractProblemLoader Init config took 2.96s 
81474      INFO  main            d.u.i.k.p.i.AbstractProblemLoader Replaying proof unsatcore_after.competition.postcond5.scope333.LRS[unsatcore_after.competition.postcond5.scope333.LRS::doLRS()].JML operation contract.0 
81475      DEBUG main            d.u.i.k.p.i.IntermediateProofReplayer Proof replay took 6.2ns 
85763      INFO  main            d.u.i.k.p.r.p.TestFile    ... finished proof: closed. 
86073      INFO  main            d.u.i.k.p.i.AbstractProblemLoader Loading environment from /home/runner/work/key/key/key.core/../key.ui/examples/heap/SemanticSlicing/project.key.proof 
86074      DEBUG main            d.u.i.k.p.i.AbstractProblemLoader Environment load took 551.63ns 
86075      INFO  main            d.u.i.k.p.i.AbstractProblemLoader Creating init config 
88819      DEBUG main            d.u.i.k.p.i.AbstractProblemLoader Init config took 2.74s 
88881      INFO  main            d.u.i.k.p.i.AbstractProblemLoader Replaying proof unsatcore_after.competition.postcond5.scope333.LRS[unsatcore_after.competition.postcond5.scope333.LRS::doLRS()].JML operation contract.0 
89554      DEBUG main            d.u.i.k.p.i.IntermediateProofReplayer Proof replay took 656.99ms 
89556      DEBUG main            d.u.i.k.p.r.p.TestFile    ... success: reloaded. 
89557      INFO  main            d.u.i.k.p.r.p.TestFile    Now processing file /home/runner/work/key/key/key.core/../key.ui/examples/heap/information_flow/ArrayList_contains.key 
89558      INFO  main            d.u.i.k.p.i.AbstractProblemLoader Loading environment from /home/runner/work/key/key/key.core/../key.ui/examples/heap/information_flow/ArrayList_contains.key 
89558      DEBUG main            d.u.i.k.p.i.AbstractProblemLoader Environment load took 284.22ns 
89559      INFO  main            d.u.i.k.p.i.AbstractProblemLoader Creating init config 
92621      DEBUG main            d.u.i.k.p.i.AbstractProblemLoader Init config took 3.06s 
92663      INFO  main            d.u.i.k.p.i.AbstractProblemLoader Replaying proof ArrayList[ArrayList::get(int)].JML normal_behavior operation contract.0 
92665      DEBUG main            d.u.i.k.p.i.IntermediateProofReplayer Proof replay took 6.2ns 
92967      INFO  main            d.u.i.k.p.r.p.TestFile    ... finished proof: closed. 
93254      INFO  main            d.u.i.k.p.i.AbstractProblemLoader Loading environment from /home/runner/work/key/key/key.core/../key.ui/examples/heap/information_flow/ArrayList_contains.key.proof 
93256      DEBUG main            d.u.i.k.p.i.AbstractProblemLoader Environment load took 1.98ms 
93258      INFO  main            d.u.i.k.p.i.AbstractProblemLoader Creating init config 
96221      DEBUG main            d.u.i.k.p.i.AbstractProblemLoader Init config took 2.96s 
96266      INFO  main            d.u.i.k.p.i.AbstractProblemLoader Replaying proof ArrayList[ArrayList::get(int)].JML normal_behavior operation contract.0 
96313      DEBUG main            d.u.i.k.p.i.IntermediateProofReplayer Proof replay took 44.08ms 
96314      DEBUG main            d.u.i.k.p.r.p.TestFile    ... success: reloaded. 
96314      INFO  main            d.u.i.k.p.r.p.TestFile    Now processing file /home/runner/work/key/key/key.core/../key.ui/examples/heap/information_flow/ArrayList_get.key 
96315      INFO  main            d.u.i.k.p.i.AbstractProblemLoader Loading environment from /home/runner/work/key/key/key.core/../key.ui/examples/heap/information_flow/ArrayList_get.key 
96315      DEBUG main            d.u.i.k.p.i.AbstractProblemLoader Environment load took 68.6ns 
96316      INFO  main            d.u.i.k.p.i.AbstractProblemLoader Creating init config 
99402      DEBUG main            d.u.i.k.p.i.AbstractProblemLoader Init config took 3.09s 
99446      INFO  main            d.u.i.k.p.i.AbstractProblemLoader Replaying proof ArrayList[ArrayList::contains(java.lang.Object)].JML normal_behavior operation contract.0 
99448      DEBUG main            d.u.i.k.p.i.IntermediateProofReplayer Proof replay took 6ns 
100454     INFO  main            d.u.i.k.p.r.p.TestFile    ... finished proof: closed. 
100740     INFO  main            d.u.i.k.p.i.AbstractProblemLoader Loading environment from /home/runner/work/key/key/key.core/../key.ui/examples/heap/information_flow/ArrayList_get.key.proof 
100742     DEBUG main            d.u.i.k.p.i.AbstractProblemLoader Environment load took 2.07ms 
100744     INFO  main            d.u.i.k.p.i.AbstractProblemLoader Creating init config 
103649     DEBUG main            d.u.i.k.p.i.AbstractProblemLoader Init config took 2.91s 
103705     INFO  main            d.u.i.k.p.i.AbstractProblemLoader Replaying proof ArrayList[ArrayList::contains(java.lang.Object)].JML normal_behavior operation contract.0 
103895     DEBUG main            d.u.i.k.p.i.IntermediateProofReplayer Proof replay took 181.26ms 
103897     DEBUG main            d.u.i.k.p.r.p.TestFile    ... success: reloaded. 
103898     INFO  main            d.u.i.k.p.r.p.TestFile    Now processing file /home/runner/work/key/key/key.core/../key.ui/examples/heap/information_flow/ArrayList_size.key 
103898     INFO  main            d.u.i.k.p.i.AbstractProblemLoader Loading environment from /home/runner/work/key/key/key.core/../key.ui/examples/heap/information_flow/ArrayList_size.key 
103898     DEBUG main            d.u.i.k.p.i.AbstractProblemLoader Environment load took 109.71ns 
103899     INFO  main            d.u.i.k.p.i.AbstractProblemLoader Creating init config 
106992     DEBUG main            d.u.i.k.p.i.AbstractProblemLoader Init config took 3.09s 
107061     INFO  main            d.u.i.k.p.i.AbstractProblemLoader Replaying proof ArrayList[ArrayList::size()].JML normal_behavior operation contract.0 
107063     DEBUG main            d.u.i.k.p.i.IntermediateProofReplayer Proof replay took 6.6ns 
107166     INFO  main            d.u.i.k.p.r.p.TestFile    ... finished proof: closed. 
107506     INFO  main            d.u.i.k.p.i.AbstractProblemLoader Loading environment from /home/runner/work/key/key/key.core/../key.ui/examples/heap/information_flow/ArrayList_size.key.proof 
107506     DEBUG main            d.u.i.k.p.i.AbstractProblemLoader Environment load took 127.31ns 
107508     INFO  main            d.u.i.k.p.i.AbstractProblemLoader Creating init config 
110466     DEBUG main            d.u.i.k.p.i.AbstractProblemLoader Init config took 2.96s 
110517     INFO  main            d.u.i.k.p.i.AbstractProblemLoader Replaying proof ArrayList[ArrayList::size()].JML normal_behavior operation contract.0 
110533     DEBUG main            d.u.i.k.p.i.IntermediateProofReplayer Proof replay took 13ms 
110534     DEBUG main            d.u.i.k.p.r.p.TestFile    ... success: reloaded. 
110535     INFO  main            d.u.i.k.p.r.p.TestFile    Now processing file /home/runner/work/key/key/key.core/../key.ui/examples/heap/information_flow/UpdateAbstraction_ex7_3_secure.key 
110535     INFO  main            d.u.i.k.p.i.AbstractProblemLoader Loading environment from /home/runner/work/key/key/key.core/../key.ui/examples/heap/information_flow/UpdateAbstraction_ex7_3_secure.key 
110536     DEBUG main            d.u.i.k.p.i.AbstractProblemLoader Environment load took 257.62ns 
110537     INFO  main            d.u.i.k.p.i.AbstractProblemLoader Creating init config 
113469     DEBUG main            d.u.i.k.p.i.AbstractProblemLoader Init config took 2.93s 
113511     INFO  main            d.u.i.k.p.i.AbstractProblemLoader Replaying proof UpdateAbstraction[UpdateAbstraction::ex7_3_secure()].JML operation contract.0 
113512     DEBUG main            d.u.i.k.p.i.IntermediateProofReplayer Proof replay took 6.3ns 
113715     INFO  main            d.u.i.k.p.r.p.TestFile    ... finished proof: closed. 
114020     INFO  main            d.u.i.k.p.i.AbstractProblemLoader Loading environment from /home/runner/work/key/key/key.core/../key.ui/examples/heap/information_flow/UpdateAbstraction_ex7_3_secure.key.proof 
114020     DEBUG main            d.u.i.k.p.i.AbstractProblemLoader Environment load took 136.41ns 
114021     INFO  main            d.u.i.k.p.i.AbstractProblemLoader Creating init config 
116885     DEBUG main            d.u.i.k.p.i.AbstractProblemLoader Init config took 2.86s 
116925     INFO  main            d.u.i.k.p.i.AbstractProblemLoader Replaying proof UpdateAbstraction[UpdateAbstraction::ex7_3_secure()].JML operation contract.0 
116952     DEBUG main            d.u.i.k.p.i.IntermediateProofReplayer Proof replay took 24.83ms 
116953     DEBUG main            d.u.i.k.p.r.p.TestFile    ... success: reloaded. 
116954     INFO  main            d.u.i.k.p.r.p.TestFile    Now processing file /home/runner/work/key/key/key.core/../key.ui/examples/heap/information_flow/UpdateAbstraction_ex7_4_secure.key 
116955     INFO  main            d.u.i.k.p.i.AbstractProblemLoader Loading environment from /home/runner/work/key/key/key.core/../key.ui/examples/heap/information_flow/UpdateAbstraction_ex7_4_secure.key 
116955     DEBUG main            d.u.i.k.p.i.AbstractProblemLoader Environment load took 220.31ns 
116956     INFO  main            d.u.i.k.p.i.AbstractProblemLoader Creating init config 
119895     DEBUG main            d.u.i.k.p.i.AbstractProblemLoader Init config took 2.94s 
119938     INFO  main            d.u.i.k.p.i.AbstractProblemLoader Replaying proof UpdateAbstraction[UpdateAbstraction::ex7_4_secure()].JML operation contract.0 
119939     DEBUG main            d.u.i.k.p.i.IntermediateProofReplayer Proof replay took 6.2ns 
120242     INFO  main            d.u.i.k.p.r.p.TestFile    ... finished proof: closed. 
120540     INFO  main            d.u.i.k.p.i.AbstractProblemLoader Loading environment from /home/runner/work/key/key/key.core/../key.ui/examples/heap/information_flow/UpdateAbstraction_ex7_4_secure.key.proof 
120540     DEBUG main            d.u.i.k.p.i.AbstractProblemLoader Environment load took 159.91ns 
120541     INFO  main            d.u.i.k.p.i.AbstractProblemLoader Creating init config 
123432     DEBUG main            d.u.i.k.p.i.AbstractProblemLoader Init config took 2.89s 
123474     INFO  main            d.u.i.k.p.i.AbstractProblemLoader Replaying proof UpdateAbstraction[UpdateAbstraction::ex7_4_secure()].JML operation contract.0 
123515     DEBUG main            d.u.i.k.p.i.IntermediateProofReplayer Proof replay took 37.52ms 
123516     DEBUG main            d.u.i.k.p.r.p.TestFile    ... success: reloaded. 
123516     INFO  main            d.u.i.k.p.r.p.TestFile    Now processing file /home/runner/work/key/key/key.core/../key.ui/examples/heap/information_flow/UpdateAbstraction_ex7_5_secure.key 
123517     INFO  main            d.u.i.k.p.i.AbstractProblemLoader Loading environment from /home/runner/work/key/key/key.core/../key.ui/examples/heap/information_flow/UpdateAbstraction_ex7_5_secure.key 
123517     DEBUG main            d.u.i.k.p.i.AbstractProblemLoader Environment load took 128.11ns 
123518     INFO  main            d.u.i.k.p.i.AbstractProblemLoader Creating init config 
126549     DEBUG main            d.u.i.k.p.i.AbstractProblemLoader Init config took 3.03s 
126590     INFO  main            d.u.i.k.p.i.AbstractProblemLoader Replaying proof UpdateAbstraction[UpdateAbstraction::ex7_5_secure()].JML operation contract.0 
126591     DEBUG main            d.u.i.k.p.i.IntermediateProofReplayer Proof replay took 5.5ns 
126694     INFO  main            d.u.i.k.p.r.p.TestFile    ... finished proof: closed. 
127022     INFO  main            d.u.i.k.p.i.AbstractProblemLoader Loading environment from /home/runner/work/key/key/key.core/../key.ui/examples/heap/information_flow/UpdateAbstraction_ex7_5_secure.key.proof 
127023     DEBUG main            d.u.i.k.p.i.AbstractProblemLoader Environment load took 118.21ns 
127024     INFO  main            d.u.i.k.p.i.AbstractProblemLoader Creating init config 
129857     DEBUG main            d.u.i.k.p.i.AbstractProblemLoader Init config took 2.83s 
129911     INFO  main            d.u.i.k.p.i.AbstractProblemLoader Replaying proof UpdateAbstraction[UpdateAbstraction::ex7_5_secure()].JML operation contract.0 
129928     DEBUG main            d.u.i.k.p.i.IntermediateProofReplayer Proof replay took 15.79ms 
129929     DEBUG main            d.u.i.k.p.r.p.TestFile    ... success: reloaded. 
129930     INFO  main            d.u.i.k.p.r.p.TestFile    Now processing file /home/runner/work/key/key/key.core/../key.ui/examples/heap/information_flow/UpdateAbstraction_ex7_6_secure.key 
129930     INFO  main            d.u.i.k.p.i.AbstractProblemLoader Loading environment from /home/runner/work/key/key/key.core/../key.ui/examples/heap/information_flow/UpdateAbstraction_ex7_6_secure.key 
129930     DEBUG main            d.u.i.k.p.i.AbstractProblemLoader Environment load took 63.4ns 
129931     INFO  main            d.u.i.k.p.i.AbstractProblemLoader Creating init config 
132829     DEBUG main            d.u.i.k.p.i.AbstractProblemLoader Init config took 2.9s 
132869     INFO  main            d.u.i.k.p.i.AbstractProblemLoader Replaying proof UpdateAbstraction[UpdateAbstraction::ex7_6_secure()].JML operation contract.0 
132870     DEBUG main            d.u.i.k.p.i.IntermediateProofReplayer Proof replay took 6.1ns 
133175     INFO  main            d.u.i.k.p.r.p.TestFile    ... finished proof: closed. 
133505     INFO  main            d.u.i.k.p.i.AbstractProblemLoader Loading environment from /home/runner/work/key/key/key.core/../key.ui/examples/heap/information_flow/UpdateAbstraction_ex7_6_secure.key.proof 
133506     DEBUG main            d.u.i.k.p.i.AbstractProblemLoader Environment load took 1.43ms 
133507     INFO  main            d.u.i.k.p.i.AbstractProblemLoader Creating init config 
136433     DEBUG main            d.u.i.k.p.i.AbstractProblemLoader Init config took 2.93s 
136472     INFO  main            d.u.i.k.p.i.AbstractProblemLoader Replaying proof UpdateAbstraction[UpdateAbstraction::ex7_6_secure()].JML operation contract.0 
136528     DEBUG main            d.u.i.k.p.i.IntermediateProofReplayer Proof replay took 53.02ms 
136530     DEBUG main            d.u.i.k.p.r.p.TestFile    ... success: reloaded. 
136536     INFO  main            d.u.i.k.p.r.p.TestFile    Now processing file /home/runner/work/key/key/key.core/../key.ui/examples/heap/information_flow/UpdateAbstraction_ex9_secure.key 
136538     INFO  main            d.u.i.k.p.i.AbstractProblemLoader Loading environment from /home/runner/work/key/key/key.core/../key.ui/examples/heap/information_flow/UpdateAbstraction_ex9_secure.key 
136538     DEBUG main            d.u.i.k.p.i.AbstractProblemLoader Environment load took 650.34ns 
136540     INFO  main            d.u.i.k.p.i.AbstractProblemLoader Creating init config 
139527     DEBUG main            d.u.i.k.p.i.AbstractProblemLoader Init config took 2.99s 
139568     INFO  main            d.u.i.k.p.i.AbstractProblemLoader Replaying proof UpdateAbstraction[UpdateAbstraction::ex9_secure()].JML operation contract.0 
139569     DEBUG main            d.u.i.k.p.i.IntermediateProofReplayer Proof replay took 6.3ns 
140575     INFO  main            d.u.i.k.p.r.p.TestFile    ... finished proof: closed. 
140955     INFO  main            d.u.i.k.p.i.AbstractProblemLoader Loading environment from /home/runner/work/key/key/key.core/../key.ui/examples/heap/information_flow/UpdateAbstraction_ex9_secure.key.proof 
140955     DEBUG main            d.u.i.k.p.i.AbstractProblemLoader Environment load took 696.55ns 
140957     INFO  main            d.u.i.k.p.i.AbstractProblemLoader Creating init config 
143805     DEBUG main            d.u.i.k.p.i.AbstractProblemLoader Init config took 2.85s 
143851     INFO  main            d.u.i.k.p.i.AbstractProblemLoader Replaying proof UpdateAbstraction[UpdateAbstraction::ex9_secure()].JML operation contract.0 
144011     DEBUG main            d.u.i.k.p.i.IntermediateProofReplayer Proof replay took 155.69ms 
144014     DEBUG main            d.u.i.k.p.r.p.TestFile    ... success: reloaded. 
963609     INFO  Test worker     d.u.i.k.p.r.RunAllProofsTestUnit Returning from test javaCard 
963611     INFO  Test worker     d.u.i.k.p.r.RunAllProofsTestUnit Running test list 
350        INFO  Timeout watchdog d.u.i.k.p.r.p.ForkedTestFileRunner Timeout watcher launched (2000 secs.) 
359        WARN  main            d.u.i.k.s.ProofSettings   The settings in /home/runner/.key/proof-settings.props are *not* read. 
390        INFO  main            d.u.i.k.p.r.p.TestFile    Now processing file /home/runner/work/key/key/key.core/../key.ui/examples/heap/list/ArrayList_add.key 
507        INFO  main            d.u.i.k.p.i.AbstractProblemLoader Loading environment from /home/runner/work/key/key/key.core/../key.ui/examples/heap/list/ArrayList_add.key 
525        DEBUG main            d.u.i.k.p.i.AbstractProblemLoader Environment load took 2.91ms 
759        INFO  main            d.u.i.k.p.i.AbstractProblemLoader Creating init config 
1811       DEBUG main            d.u.i.k.j.TypeConverter   No LDT found for Meta 
1811       DEBUG main            d.u.i.k.j.TypeConverter   No LDT found for Meta 
1812       DEBUG main            d.u.i.k.j.TypeConverter   No LDT found for Meta 
1813       DEBUG main            d.u.i.k.j.TypeConverter   No LDT found for Meta 
3531       DEBUG main            d.u.i.k.j.TypeConverter   No LDT found for JavaBigintExpression 
6963       DEBUG main            d.u.i.k.j.r.ClassPreparationMethodBuilder clPrepBuilder: Inner Class detected. Reject building class initialisation methods. 
9943       DEBUG main            d.u.i.k.p.i.AbstractProblemLoader Init config took 9.18s 
10165      INFO  main            d.u.i.k.p.i.AbstractProblemLoader Replaying proof ArrayList[List::add(java.lang.Object)].JML normal_behavior operation contract.0 
10256      DEBUG main            d.u.i.k.p.i.IntermediateProofReplayer Proof replay took 37.2ns 
16557      INFO  main            d.u.i.k.p.r.p.TestFile    ... finished proof: closed. 
16781      INFO  main            d.u.i.k.p.i.AbstractProblemLoader Loading environment from /home/runner/work/key/key/key.core/../key.ui/examples/heap/list/ArrayList_add.key.proof 
16782      DEBUG main            d.u.i.k.p.i.AbstractProblemLoader Environment load took 152.71ns 
16788      INFO  main            d.u.i.k.p.i.AbstractProblemLoader Creating init config 
18125      DEBUG main            d.u.i.k.j.r.ClassPreparationMethodBuilder clPrepBuilder: Inner Class detected. Reject building class initialisation methods. 
20648      DEBUG main            d.u.i.k.p.i.AbstractProblemLoader Init config took 3.86s 
20756      INFO  main            d.u.i.k.p.i.AbstractProblemLoader Replaying proof ArrayList[List::add(java.lang.Object)].JML normal_behavior operation contract.0 
21500      DEBUG main            d.u.i.k.p.i.IntermediateProofReplayer Proof replay took 714.88ms 
21513      DEBUG main            d.u.i.k.p.r.p.TestFile    ... success: reloaded. 
21520      INFO  main            d.u.i.k.p.r.p.TestFile    Now processing file /home/runner/work/key/key/key.core/../key.ui/examples/heap/list/ArrayList_ArrayList.key 
21521      INFO  main            d.u.i.k.p.i.AbstractProblemLoader Loading environment from /home/runner/work/key/key/key.core/../key.ui/examples/heap/list/ArrayList_ArrayList.key 
21521      DEBUG main            d.u.i.k.p.i.AbstractProblemLoader Environment load took 386.72ns 
21525      INFO  main            d.u.i.k.p.i.AbstractProblemLoader Creating init config 
22869      DEBUG main            d.u.i.k.j.r.ClassPreparationMethodBuilder clPrepBuilder: Inner Class detected. Reject building class initialisation methods. 
25430      DEBUG main            d.u.i.k.p.i.AbstractProblemLoader Init config took 3.9s 
25505      INFO  main            d.u.i.k.p.i.AbstractProblemLoader Replaying proof ArrayList[ArrayList::ArrayList()].JML normal_behavior operation contract.0 
25509      DEBUG main            d.u.i.k.p.i.IntermediateProofReplayer Proof replay took 7.2ns 
27317      INFO  main            d.u.i.k.p.r.p.TestFile    ... finished proof: closed. 
27529      INFO  main            d.u.i.k.p.i.AbstractProblemLoader Loading environment from /home/runner/work/key/key/key.core/../key.ui/examples/heap/list/ArrayList_ArrayList.key.proof 
27530      DEBUG main            d.u.i.k.p.i.AbstractProblemLoader Environment load took 561.23ns 
27534      INFO  main            d.u.i.k.p.i.AbstractProblemLoader Creating init config 
28776      DEBUG main            d.u.i.k.j.r.ClassPreparationMethodBuilder clPrepBuilder: Inner Class detected. Reject building class initialisation methods. 
31059      DEBUG main            d.u.i.k.p.i.AbstractProblemLoader Init config took 3.53s 
31127      INFO  main            d.u.i.k.p.i.AbstractProblemLoader Replaying proof ArrayList[ArrayList::ArrayList()].JML normal_behavior operation contract.0 
31316      DEBUG main            d.u.i.k.p.i.IntermediateProofReplayer Proof replay took 178.45ms 
31318      DEBUG main            d.u.i.k.p.r.p.TestFile    ... success: reloaded. 
31320      INFO  main            d.u.i.k.p.r.p.TestFile    Now processing file /home/runner/work/key/key/key.core/../key.ui/examples/heap/list/ArrayList_concatenate.key 
31320      INFO  main            d.u.i.k.p.i.AbstractProblemLoader Loading environment from /home/runner/work/key/key/key.core/../key.ui/examples/heap/list/ArrayList_concatenate.key 
31320      DEBUG main            d.u.i.k.p.i.AbstractProblemLoader Environment load took 272.62ns 
31322      INFO  main            d.u.i.k.p.i.AbstractProblemLoader Creating init config 
32479      DEBUG main            d.u.i.k.j.r.ClassPreparationMethodBuilder clPrepBuilder: Inner Class detected. Reject building class initialisation methods. 
34818      DEBUG main            d.u.i.k.p.i.AbstractProblemLoader Init config took 3.5s 
34891      INFO  main            d.u.i.k.p.i.AbstractProblemLoader Replaying proof ArrayList[List::concatenate(List)].JML normal_behavior operation contract.0 
34894      DEBUG main            d.u.i.k.p.i.IntermediateProofReplayer Proof replay took 7.8ns 
60558      INFO  main            d.u.i.k.p.r.p.TestFile    ... finished proof: closed. 
60851      INFO  main            d.u.i.k.p.i.AbstractProblemLoader Loading environment from /home/runner/work/key/key/key.core/../key.ui/examples/heap/list/ArrayList_concatenate.key.proof 
60852      DEBUG main            d.u.i.k.p.i.AbstractProblemLoader Environment load took 351.93ns 
60860      INFO  main            d.u.i.k.p.i.AbstractProblemLoader Creating init config 
61988      DEBUG main            d.u.i.k.j.r.ClassPreparationMethodBuilder clPrepBuilder: Inner Class detected. Reject building class initialisation methods. 
64265      DEBUG main            d.u.i.k.p.i.AbstractProblemLoader Init config took 3.4s 
64327      INFO  main            d.u.i.k.p.i.AbstractProblemLoader Replaying proof ArrayList[List::concatenate(List)].JML normal_behavior operation contract.0 
66113      DEBUG main            d.u.i.k.p.i.IntermediateProofReplayer Proof replay took 1.72s 
66118      DEBUG main            d.u.i.k.p.r.p.TestFile    ... success: reloaded. 
66120      INFO  main            d.u.i.k.p.r.p.TestFile    Now processing file /home/runner/work/key/key/key.core/../key.ui/examples/heap/list/ArrayList_contains_dep.key 
66120      INFO  main            d.u.i.k.p.i.AbstractProblemLoader Loading environment from /home/runner/work/key/key/key.core/../key.ui/examples/heap/list/ArrayList_contains_dep.key 
66121      DEBUG main            d.u.i.k.p.i.AbstractProblemLoader Environment load took 232.62ns 
66122      INFO  main            d.u.i.k.p.i.AbstractProblemLoader Creating init config 
67260      DEBUG main            d.u.i.k.j.r.ClassPreparationMethodBuilder clPrepBuilder: Inner Class detected. Reject building class initialisation methods. 
69639      DEBUG main            d.u.i.k.p.i.AbstractProblemLoader Init config took 3.52s 
69708      INFO  main            d.u.i.k.p.i.AbstractProblemLoader Replaying proof ArrayList[List::contains(java.lang.Object)].JML accessible clause.0 
69711      DEBUG main            d.u.i.k.p.i.IntermediateProofReplayer Proof replay took 6.6ns 
72626      INFO  main            d.u.i.k.p.r.p.TestFile    ... finished proof: closed. 
72946      INFO  main            d.u.i.k.p.i.AbstractProblemLoader Loading environment from /home/runner/work/key/key/key.core/../key.ui/examples/heap/list/ArrayList_contains_dep.key.proof 
72947      DEBUG main            d.u.i.k.p.i.AbstractProblemLoader Environment load took 506.83ns 
72949      INFO  main            d.u.i.k.p.i.AbstractProblemLoader Creating init config 
74090      DEBUG main            d.u.i.k.j.r.ClassPreparationMethodBuilder clPrepBuilder: Inner Class detected. Reject building class initialisation methods. 
76374      DEBUG main            d.u.i.k.p.i.AbstractProblemLoader Init config took 3.43s 
76448      INFO  main            d.u.i.k.p.i.AbstractProblemLoader Replaying proof ArrayList[List::contains(java.lang.Object)].JML accessible clause.0 
76795      DEBUG main            d.u.i.k.p.i.IntermediateProofReplayer Proof replay took 334.45ms 
76797      DEBUG main            d.u.i.k.p.r.p.TestFile    ... success: reloaded. 
76798      INFO  main            d.u.i.k.p.r.p.TestFile    Now processing file /home/runner/work/key/key/key.core/../key.ui/examples/heap/list/ArrayList_enlarge.key 
76799      INFO  main            d.u.i.k.p.i.AbstractProblemLoader Loading environment from /home/runner/work/key/key/key.core/../key.ui/examples/heap/list/ArrayList_enlarge.key 
76799      DEBUG main            d.u.i.k.p.i.AbstractProblemLoader Environment load took 266.62ns 
76800      INFO  main            d.u.i.k.p.i.AbstractProblemLoader Creating init config 
77904      DEBUG main            d.u.i.k.j.r.ClassPreparationMethodBuilder clPrepBuilder: Inner Class detected. Reject building class initialisation methods. 
80313      DEBUG main            d.u.i.k.p.i.AbstractProblemLoader Init config took 3.51s 
80373      INFO  main            d.u.i.k.p.i.AbstractProblemLoader Replaying proof ArrayList[ArrayList::enlarge()].JML normal_behavior operation contract.0 
80375      DEBUG main            d.u.i.k.p.i.IntermediateProofReplayer Proof replay took 6ns 
83010      INFO  main            d.u.i.k.p.r.p.TestFile    ... finished proof: closed. 
83299      INFO  main            d.u.i.k.p.i.AbstractProblemLoader Loading environment from /home/runner/work/key/key/key.core/../key.ui/examples/heap/list/ArrayList_enlarge.key.proof 
83299      DEBUG main            d.u.i.k.p.i.AbstractProblemLoader Environment load took 525.13ns 
83301      INFO  main            d.u.i.k.p.i.AbstractProblemLoader Creating init config 
84451      DEBUG main            d.u.i.k.j.r.ClassPreparationMethodBuilder clPrepBuilder: Inner Class detected. Reject building class initialisation methods. 
86738      DEBUG main            d.u.i.k.p.i.AbstractProblemLoader Init config took 3.44s 
86798      INFO  main            d.u.i.k.p.i.AbstractProblemLoader Replaying proof ArrayList[ArrayList::enlarge()].JML normal_behavior operation contract.0 
87121      DEBUG main            d.u.i.k.p.i.IntermediateProofReplayer Proof replay took 312.77ms 
87122      DEBUG main            d.u.i.k.p.r.p.TestFile    ... success: reloaded. 
87124      INFO  main            d.u.i.k.p.r.p.TestFile    Now processing file /home/runner/work/key/key/key.core/../key.ui/examples/heap/list/ArrayList_footprint.key 
87124      INFO  main            d.u.i.k.p.i.AbstractProblemLoader Loading environment from /home/runner/work/key/key/key.core/../key.ui/examples/heap/list/ArrayList_footprint.key 
87124      DEBUG main            d.u.i.k.p.i.AbstractProblemLoader Environment load took 278.22ns 
87126      INFO  main            d.u.i.k.p.i.AbstractProblemLoader Creating init config 
88279      DEBUG main            d.u.i.k.j.r.ClassPreparationMethodBuilder clPrepBuilder: Inner Class detected. Reject building class initialisation methods. 
90544      DEBUG main            d.u.i.k.p.i.AbstractProblemLoader Init config took 3.42s 
90601      INFO  main            d.u.i.k.p.i.AbstractProblemLoader Replaying proof List[List::$footprint()].JML accessible clause.0 
90603      DEBUG main            d.u.i.k.p.i.IntermediateProofReplayer Proof replay took 6.9ns 
90711      INFO  main            d.u.i.k.p.r.p.TestFile    ... finished proof: closed. 
90922      INFO  main            d.u.i.k.p.i.AbstractProblemLoader Loading environment from /home/runner/work/key/key/key.core/../key.ui/examples/heap/list/ArrayList_footprint.key.proof 
90922      DEBUG main            d.u.i.k.p.i.AbstractProblemLoader Environment load took 130.31ns 
90923      INFO  main            d.u.i.k.p.i.AbstractProblemLoader Creating init config 
92022      DEBUG main            d.u.i.k.j.r.ClassPreparationMethodBuilder clPrepBuilder: Inner Class detected. Reject building class initialisation methods. 
94374      DEBUG main            d.u.i.k.p.i.AbstractProblemLoader Init config took 3.45s 
94423      INFO  main            d.u.i.k.p.i.AbstractProblemLoader Replaying proof List[List::$footprint()].JML accessible clause.0 
94426      DEBUG main            d.u.i.k.p.i.IntermediateProofReplayer Proof replay took 989.76ns 
94427      DEBUG main            d.u.i.k.p.r.p.TestFile    ... success: reloaded. 
94429      INFO  main            d.u.i.k.p.r.p.TestFile    Now processing file /home/runner/work/key/key/key.core/../key.ui/examples/heap/list/ArrayList_get_dep.key 
94429      INFO  main            d.u.i.k.p.i.AbstractProblemLoader Loading environment from /home/runner/work/key/key/key.core/../key.ui/examples/heap/list/ArrayList_get_dep.key 
94429      DEBUG main            d.u.i.k.p.i.AbstractProblemLoader Environment load took 259.21ns 
94430      INFO  main            d.u.i.k.p.i.AbstractProblemLoader Creating init config 
95536      DEBUG main            d.u.i.k.j.r.ClassPreparationMethodBuilder clPrepBuilder: Inner Class detected. Reject building class initialisation methods. 
97791      DEBUG main            d.u.i.k.p.i.AbstractProblemLoader Init config took 3.36s 
97847      INFO  main            d.u.i.k.p.i.AbstractProblemLoader Replaying proof ArrayList[List::get(int)].JML accessible clause.0 
97849      DEBUG main            d.u.i.k.p.i.IntermediateProofReplayer Proof replay took 7.1ns 
98364      INFO  main            d.u.i.k.p.r.p.TestFile    ... finished proof: closed. 
98573      INFO  main            d.u.i.k.p.i.AbstractProblemLoader Loading environment from /home/runner/work/key/key/key.core/../key.ui/examples/heap/list/ArrayList_get_dep.key.proof 
98574      DEBUG main            d.u.i.k.p.i.AbstractProblemLoader Environment load took 892.36ns 
98578      INFO  main            d.u.i.k.p.i.AbstractProblemLoader Creating init config 
99670      DEBUG main            d.u.i.k.j.r.ClassPreparationMethodBuilder clPrepBuilder: Inner Class detected. Reject building class initialisation methods. 
101845     DEBUG main            d.u.i.k.p.i.AbstractProblemLoader Init config took 3.27s 
101916     INFO  main            d.u.i.k.p.i.AbstractProblemLoader Replaying proof ArrayList[List::get(int)].JML accessible clause.0 
101980     DEBUG main            d.u.i.k.p.i.IntermediateProofReplayer Proof replay took 60.44ms 
101981     DEBUG main            d.u.i.k.p.r.p.TestFile    ... success: reloaded. 
101983     INFO  main            d.u.i.k.p.r.p.TestFile    Now processing file /home/runner/work/key/key/key.core/../key.ui/examples/heap/list/ArrayList_get_exceptional.key 
101983     INFO  main            d.u.i.k.p.i.AbstractProblemLoader Loading environment from /home/runner/work/key/key/key.core/../key.ui/examples/heap/list/ArrayList_get_exceptional.key 
101984     DEBUG main            d.u.i.k.p.i.AbstractProblemLoader Environment load took 339.02ns 
101985     INFO  main            d.u.i.k.p.i.AbstractProblemLoader Creating init config 
103094     DEBUG main            d.u.i.k.j.r.ClassPreparationMethodBuilder clPrepBuilder: Inner Class detected. Reject building class initialisation methods. 
105420     DEBUG main            d.u.i.k.p.i.AbstractProblemLoader Init config took 3.44s 
105477     INFO  main            d.u.i.k.p.i.AbstractProblemLoader Replaying proof ArrayList[List::get(int)].JML exceptional_behavior operation contract.0 
105479     DEBUG main            d.u.i.k.p.i.IntermediateProofReplayer Proof replay took 6.8ns 
106787     INFO  main            d.u.i.k.p.r.p.TestFile    ... finished proof: closed. 
107020     INFO  main            d.u.i.k.p.i.AbstractProblemLoader Loading environment from /home/runner/work/key/key/key.core/../key.ui/examples/heap/list/ArrayList_get_exceptional.key.proof 
107021     DEBUG main            d.u.i.k.p.i.AbstractProblemLoader Environment load took 612.94ns 
107023     INFO  main            d.u.i.k.p.i.AbstractProblemLoader Creating init config 
108110     DEBUG main            d.u.i.k.j.r.ClassPreparationMethodBuilder clPrepBuilder: Inner Class detected. Reject building class initialisation methods. 
110346     DEBUG main            d.u.i.k.p.i.AbstractProblemLoader Init config took 3.32s 
110405     INFO  main            d.u.i.k.p.i.AbstractProblemLoader Replaying proof ArrayList[List::get(int)].JML exceptional_behavior operation contract.0 
110612     DEBUG main            d.u.i.k.p.i.IntermediateProofReplayer Proof replay took 196.83ms 
110614     DEBUG main            d.u.i.k.p.r.p.TestFile    ... success: reloaded. 
110615     INFO  main            d.u.i.k.p.r.p.TestFile    Now processing file /home/runner/work/key/key/key.core/../key.ui/examples/heap/list/ArrayList_get_normal.key 
110616     INFO  main            d.u.i.k.p.i.AbstractProblemLoader Loading environment from /home/runner/work/key/key/key.core/../key.ui/examples/heap/list/ArrayList_get_normal.key 
110616     DEBUG main            d.u.i.k.p.i.AbstractProblemLoader Environment load took 290.52ns 
110618     INFO  main            d.u.i.k.p.i.AbstractProblemLoader Creating init config 
111730     DEBUG main            d.u.i.k.j.r.ClassPreparationMethodBuilder clPrepBuilder: Inner Class detected. Reject building class initialisation methods. 
114045     DEBUG main            d.u.i.k.p.i.AbstractProblemLoader Init config took 3.43s 
114116     INFO  main            d.u.i.k.p.i.AbstractProblemLoader Replaying proof ArrayList[List::get(int)].JML normal_behavior operation contract.0 
114118     DEBUG main            d.u.i.k.p.i.IntermediateProofReplayer Proof replay took 6.3ns 
114621     INFO  main            d.u.i.k.p.r.p.TestFile    ... finished proof: closed. 
114855     INFO  main            d.u.i.k.p.i.AbstractProblemLoader Loading environment from /home/runner/work/key/key/key.core/../key.ui/examples/heap/list/ArrayList_get_normal.key.proof 
114856     DEBUG main            d.u.i.k.p.i.AbstractProblemLoader Environment load took 699.84ns 
114858     INFO  main            d.u.i.k.p.i.AbstractProblemLoader Creating init config 
115943     DEBUG main            d.u.i.k.j.r.ClassPreparationMethodBuilder clPrepBuilder: Inner Class detected. Reject building class initialisation methods. 
118188     DEBUG main            d.u.i.k.p.i.AbstractProblemLoader Init config took 3.33s 
118245     INFO  main            d.u.i.k.p.i.AbstractProblemLoader Replaying proof ArrayList[List::get(int)].JML normal_behavior operation contract.0 
118303     DEBUG main            d.u.i.k.p.i.IntermediateProofReplayer Proof replay took 55.01ms 
118304     DEBUG main            d.u.i.k.p.r.p.TestFile    ... success: reloaded. 
118305     INFO  main            d.u.i.k.p.r.p.TestFile    Now processing file /home/runner/work/key/key/key.core/../key.ui/examples/heap/list/ArrayList_inv.key 
118306     INFO  main            d.u.i.k.p.i.AbstractProblemLoader Loading environment from /home/runner/work/key/key/key.core/../key.ui/examples/heap/list/ArrayList_inv.key 
118306     DEBUG main            d.u.i.k.p.i.AbstractProblemLoader Environment load took 126.41ns 
118307     INFO  main            d.u.i.k.p.i.AbstractProblemLoader Creating init config 
119441     DEBUG main            d.u.i.k.j.r.ClassPreparationMethodBuilder clPrepBuilder: Inner Class detected. Reject building class initialisation methods. 
121697     DEBUG main            d.u.i.k.p.i.AbstractProblemLoader Init config took 3.39s 
121752     INFO  main            d.u.i.k.p.i.AbstractProblemLoader Replaying proof ArrayList[java.lang.Object::<inv>()].JML accessible clause.0 
121754     DEBUG main            d.u.i.k.p.i.IntermediateProofReplayer Proof replay took 7.3ns 
122184     INFO  main            d.u.i.k.p.r.p.TestFile    ... finished proof: closed. 
122411     INFO  main            d.u.i.k.p.i.AbstractProblemLoader Loading environment from /home/runner/work/key/key/key.core/../key.ui/examples/heap/list/ArrayList_inv.key.proof 
122411     DEBUG main            d.u.i.k.p.i.AbstractProblemLoader Environment load took 139.61ns 
122412     INFO  main            d.u.i.k.p.i.AbstractProblemLoader Creating init config 
123489     DEBUG main            d.u.i.k.j.r.ClassPreparationMethodBuilder clPrepBuilder: Inner Class detected. Reject building class initialisation methods. 
125794     DEBUG main            d.u.i.k.p.i.AbstractProblemLoader Init config took 3.38s 
125849     INFO  main            d.u.i.k.p.i.AbstractProblemLoader Replaying proof ArrayList[java.lang.Object::<inv>()].JML accessible clause.0 
125887     DEBUG main            d.u.i.k.p.i.IntermediateProofReplayer Proof replay took 34.9ms 
125888     DEBUG main            d.u.i.k.p.r.p.TestFile    ... success: reloaded. 
125890     INFO  main            d.u.i.k.p.r.p.TestFile    Now processing file /home/runner/work/key/key/key.core/../key.ui/examples/heap/list/ArrayList_iterator.key 
125892     INFO  main            d.u.i.k.p.i.AbstractProblemLoader Loading environment from /home/runner/work/key/key/key.core/../key.ui/examples/heap/list/ArrayList_iterator.key 
125892     DEBUG main            d.u.i.k.p.i.AbstractProblemLoader Environment load took 82.7ns 
125893     INFO  main            d.u.i.k.p.i.AbstractProblemLoader Creating init config 
127022     DEBUG main            d.u.i.k.j.r.ClassPreparationMethodBuilder clPrepBuilder: Inner Class detected. Reject building class initialisation methods. 
129269     DEBUG main            d.u.i.k.p.i.AbstractProblemLoader Init config took 3.38s 
129323     INFO  main            d.u.i.k.p.i.AbstractProblemLoader Replaying proof ArrayList[List::iterator()].JML normal_behavior operation contract.0 
129325     DEBUG main            d.u.i.k.p.i.IntermediateProofReplayer Proof replay took 7.4ns 
129932     INFO  main            d.u.i.k.p.r.p.TestFile    ... finished proof: closed. 
130233     INFO  main            d.u.i.k.p.i.AbstractProblemLoader Loading environment from /home/runner/work/key/key/key.core/../key.ui/examples/heap/list/ArrayList_iterator.key.proof 
130234     DEBUG main            d.u.i.k.p.i.AbstractProblemLoader Environment load took 559.73ns 
130236     INFO  main            d.u.i.k.p.i.AbstractProblemLoader Creating init config 
131335     DEBUG main            d.u.i.k.j.r.ClassPreparationMethodBuilder clPrepBuilder: Inner Class detected. Reject building class initialisation methods. 
133620     DEBUG main            d.u.i.k.p.i.AbstractProblemLoader Init config took 3.38s 
133677     INFO  main            d.u.i.k.p.i.AbstractProblemLoader Replaying proof ArrayList[List::iterator()].JML normal_behavior operation contract.0 
133747     DEBUG main            d.u.i.k.p.i.IntermediateProofReplayer Proof replay took 65.3ms 
133749     DEBUG main            d.u.i.k.p.r.p.TestFile    ... success: reloaded. 
133750     INFO  main            d.u.i.k.p.r.p.TestFile    Now processing file /home/runner/work/key/key/key.core/../key.ui/examples/heap/list/ArrayList_size_dep.key 
133750     INFO  main            d.u.i.k.p.i.AbstractProblemLoader Loading environment from /home/runner/work/key/key/key.core/../key.ui/examples/heap/list/ArrayList_size_dep.key 
133750     DEBUG main            d.u.i.k.p.i.AbstractProblemLoader Environment load took 145.11ns 
133751     INFO  main            d.u.i.k.p.i.AbstractProblemLoader Creating init config 
134869     DEBUG main            d.u.i.k.j.r.ClassPreparationMethodBuilder clPrepBuilder: Inner Class detected. Reject building class initialisation methods. 
137110     DEBUG main            d.u.i.k.p.i.AbstractProblemLoader Init config took 3.36s 
137164     INFO  main            d.u.i.k.p.i.AbstractProblemLoader Replaying proof ArrayList[List::size()].JML accessible clause.0 
137166     DEBUG main            d.u.i.k.p.i.IntermediateProofReplayer Proof replay took 7.4ns 
137370     INFO  main            d.u.i.k.p.r.p.TestFile    ... finished proof: closed. 
137615     INFO  main            d.u.i.k.p.i.AbstractProblemLoader Loading environment from /home/runner/work/key/key/key.core/../key.ui/examples/heap/list/ArrayList_size_dep.key.proof 
137616     DEBUG main            d.u.i.k.p.i.AbstractProblemLoader Environment load took 140.61ns 
137617     INFO  main            d.u.i.k.p.i.AbstractProblemLoader Creating init config 
138694     DEBUG main            d.u.i.k.j.r.ClassPreparationMethodBuilder clPrepBuilder: Inner Class detected. Reject building class initialisation methods. 
140928     DEBUG main            d.u.i.k.p.i.AbstractProblemLoader Init config took 3.31s 
140981     INFO  main            d.u.i.k.p.i.AbstractProblemLoader Replaying proof ArrayList[List::size()].JML accessible clause.0 
141000     DEBUG main            d.u.i.k.p.i.IntermediateProofReplayer Proof replay took 17.31ms 
141001     DEBUG main            d.u.i.k.p.r.p.TestFile    ... success: reloaded. 
141003     INFO  main            d.u.i.k.p.r.p.TestFile    Now processing file /home/runner/work/key/key/key.core/../key.ui/examples/heap/list/ArrayList_size.key 
141003     INFO  main            d.u.i.k.p.i.AbstractProblemLoader Loading environment from /home/runner/work/key/key/key.core/../key.ui/examples/heap/list/ArrayList_size.key 
141003     DEBUG main            d.u.i.k.p.i.AbstractProblemLoader Environment load took 90.41ns 
141004     INFO  main            d.u.i.k.p.i.AbstractProblemLoader Creating init config 
142122     DEBUG main            d.u.i.k.j.r.ClassPreparationMethodBuilder clPrepBuilder: Inner Class detected. Reject building class initialisation methods. 
144434     DEBUG main            d.u.i.k.p.i.AbstractProblemLoader Init config took 3.43s 
144491     INFO  main            d.u.i.k.p.i.AbstractProblemLoader Replaying proof ArrayList[List::size()].JML normal_behavior operation contract.0 
144492     DEBUG main            d.u.i.k.p.i.IntermediateProofReplayer Proof replay took 7.1ns 
144795     INFO  main            d.u.i.k.p.r.p.TestFile    ... finished proof: closed. 
145064     INFO  main            d.u.i.k.p.i.AbstractProblemLoader Loading environment from /home/runner/work/key/key/key.core/../key.ui/examples/heap/list/ArrayList_size.key.proof 
145064     DEBUG main            d.u.i.k.p.i.AbstractProblemLoader Environment load took 136.41ns 
145065     INFO  main            d.u.i.k.p.i.AbstractProblemLoader Creating init config 
146159     DEBUG main            d.u.i.k.j.r.ClassPreparationMethodBuilder clPrepBuilder: Inner Class detected. Reject building class initialisation methods. 
148403     DEBUG main            d.u.i.k.p.i.AbstractProblemLoader Init config took 3.34s 
148472     INFO  main            d.u.i.k.p.i.AbstractProblemLoader Replaying proof ArrayList[List::size()].JML normal_behavior operation contract.0 
148502     DEBUG main            d.u.i.k.p.i.IntermediateProofReplayer Proof replay took 26.68ms 
148503     DEBUG main            d.u.i.k.p.r.p.TestFile    ... success: reloaded. 
148504     INFO  main            d.u.i.k.p.r.p.TestFile    Now processing file /home/runner/work/key/key/key.core/../key.ui/examples/heap/list/ArrayList.ArrayListIterator_ArrayListIterator.key 
148504     INFO  main            d.u.i.k.p.i.AbstractProblemLoader Loading environment from /home/runner/work/key/key/key.core/../key.ui/examples/heap/list/ArrayList.ArrayListIterator_ArrayListIterator.key 
148504     DEBUG main            d.u.i.k.p.i.AbstractProblemLoader Environment load took 114.5ns 
148505     INFO  main            d.u.i.k.p.i.AbstractProblemLoader Creating init config 
149646     DEBUG main            d.u.i.k.j.r.ClassPreparationMethodBuilder clPrepBuilder: Inner Class detected. Reject building class initialisation methods. 
151957     DEBUG main            d.u.i.k.p.i.AbstractProblemLoader Init config took 3.45s 
152022     INFO  main            d.u.i.k.p.i.AbstractProblemLoader Replaying proof ArrayList.ArrayListIterator[ArrayList.ArrayListIterator::ArrayListIterator(ArrayList)].JML normal_behavior operation contract.0 
152024     DEBUG main            d.u.i.k.p.i.IntermediateProofReplayer Proof replay took 6.5ns 
152744     INFO  main            d.u.i.k.p.r.p.TestFile    ... finished proof: closed. 
153019     INFO  main            d.u.i.k.p.i.AbstractProblemLoader Loading environment from /home/runner/work/key/key/key.core/../key.ui/examples/heap/list/ArrayList.ArrayListIterator_ArrayListIterator.key.proof 
153019     DEBUG main            d.u.i.k.p.i.AbstractProblemLoader Environment load took 235.71ns 
153021     INFO  main            d.u.i.k.p.i.AbstractProblemLoader Creating init config 
154110     DEBUG main            d.u.i.k.j.r.ClassPreparationMethodBuilder clPrepBuilder: Inner Class detected. Reject building class initialisation methods. 
156340     DEBUG main            d.u.i.k.p.i.AbstractProblemLoader Init config took 3.32s 
156403     INFO  main            d.u.i.k.p.i.AbstractProblemLoader Replaying proof ArrayList.ArrayListIterator[ArrayList.ArrayListIterator::ArrayListIterator(ArrayList)].JML normal_behavior operation contract.0 
156505     DEBUG main            d.u.i.k.p.i.IntermediateProofReplayer Proof replay took 97.64ms 
156506     DEBUG main            d.u.i.k.p.r.p.TestFile    ... success: reloaded. 
156508     INFO  main            d.u.i.k.p.r.p.TestFile    Now processing file /home/runner/work/key/key/key.core/../key.ui/examples/heap/list/ArrayList.ArrayListIterator_hasNext_dep.key 
156508     INFO  main            d.u.i.k.p.i.AbstractProblemLoader Loading environment from /home/runner/work/key/key/key.core/../key.ui/examples/heap/list/ArrayList.ArrayListIterator_hasNext_dep.key 
156508     DEBUG main            d.u.i.k.p.i.AbstractProblemLoader Environment load took 103.71ns 
156509     INFO  main            d.u.i.k.p.i.AbstractProblemLoader Creating init config 
157644     DEBUG main            d.u.i.k.j.r.ClassPreparationMethodBuilder clPrepBuilder: Inner Class detected. Reject building class initialisation methods. 
159897     DEBUG main            d.u.i.k.p.i.AbstractProblemLoader Init config took 3.39s 
159964     INFO  main            d.u.i.k.p.i.AbstractProblemLoader Replaying proof ArrayList.ArrayListIterator[ListIterator::hasNext()].JML accessible clause.0 
159966     DEBUG main            d.u.i.k.p.i.IntermediateProofReplayer Proof replay took 6.4ns 
160371     INFO  main            d.u.i.k.p.r.p.TestFile    ... finished proof: closed. 
160657     INFO  main            d.u.i.k.p.i.AbstractProblemLoader Loading environment from /home/runner/work/key/key/key.core/../key.ui/examples/heap/list/ArrayList.ArrayListIterator_hasNext_dep.key.proof 
160657     DEBUG main            d.u.i.k.p.i.AbstractProblemLoader Environment load took 152.11ns 
160658     INFO  main            d.u.i.k.p.i.AbstractProblemLoader Creating init config 
161768     DEBUG main            d.u.i.k.j.r.ClassPreparationMethodBuilder clPrepBuilder: Inner Class detected. Reject building class initialisation methods. 
164046     DEBUG main            d.u.i.k.p.i.AbstractProblemLoader Init config took 3.39s 
164109     INFO  main            d.u.i.k.p.i.AbstractProblemLoader Replaying proof ArrayList.ArrayListIterator[ListIterator::hasNext()].JML accessible clause.0 
164148     DEBUG main            d.u.i.k.p.i.IntermediateProofReplayer Proof replay took 36.01ms 
164149     DEBUG main            d.u.i.k.p.r.p.TestFile    ... success: reloaded. 
164150     INFO  main            d.u.i.k.p.r.p.TestFile    Now processing file /home/runner/work/key/key/key.core/../key.ui/examples/heap/list/ArrayList.ArrayListIterator_hasNext.key 
164150     INFO  main            d.u.i.k.p.i.AbstractProblemLoader Loading environment from /home/runner/work/key/key/key.core/../key.ui/examples/heap/list/ArrayList.ArrayListIterator_hasNext.key 
164151     DEBUG main            d.u.i.k.p.i.AbstractProblemLoader Environment load took 182.51ns 
164152     INFO  main            d.u.i.k.p.i.AbstractProblemLoader Creating init config 
165290     DEBUG main            d.u.i.k.j.r.ClassPreparationMethodBuilder clPrepBuilder: Inner Class detected. Reject building class initialisation methods. 
167606     DEBUG main            d.u.i.k.p.i.AbstractProblemLoader Init config took 3.45s 
167671     INFO  main            d.u.i.k.p.i.AbstractProblemLoader Replaying proof ArrayList.ArrayListIterator[ListIterator::hasNext()].JML normal_behavior operation contract.0 
167673     DEBUG main            d.u.i.k.p.i.IntermediateProofReplayer Proof replay took 7ns 
168076     INFO  main            d.u.i.k.p.r.p.TestFile    ... finished proof: closed. 
168358     INFO  main            d.u.i.k.p.i.AbstractProblemLoader Loading environment from /home/runner/work/key/key/key.core/../key.ui/examples/heap/list/ArrayList.ArrayListIterator_hasNext.key.proof 
168359     DEBUG main            d.u.i.k.p.i.AbstractProblemLoader Environment load took 138.51ns 
168360     INFO  main            d.u.i.k.p.i.AbstractProblemLoader Creating init config 
169395     DEBUG main            d.u.i.k.j.r.ClassPreparationMethodBuilder clPrepBuilder: Inner Class detected. Reject building class initialisation methods. 
171578     DEBUG main            d.u.i.k.p.i.AbstractProblemLoader Init config took 3.22s 
171656     INFO  main            d.u.i.k.p.i.AbstractProblemLoader Replaying proof ArrayList.ArrayListIterator[ListIterator::hasNext()].JML normal_behavior operation contract.0 
171704     DEBUG main            d.u.i.k.p.i.IntermediateProofReplayer Proof replay took 43.33ms 
171705     DEBUG main            d.u.i.k.p.r.p.TestFile    ... success: reloaded. 
171706     INFO  main            d.u.i.k.p.r.p.TestFile    Now processing file /home/runner/work/key/key/key.core/../key.ui/examples/heap/list/ArrayList.ArrayListIterator_inv.key 
171706     INFO  main            d.u.i.k.p.i.AbstractProblemLoader Loading environment from /home/runner/work/key/key/key.core/../key.ui/examples/heap/list/ArrayList.ArrayListIterator_inv.key 
171706     DEBUG main            d.u.i.k.p.i.AbstractProblemLoader Environment load took 113.51ns 
171707     INFO  main            d.u.i.k.p.i.AbstractProblemLoader Creating init config 
172829     DEBUG main            d.u.i.k.j.r.ClassPreparationMethodBuilder clPrepBuilder: Inner Class detected. Reject building class initialisation methods. 
175021     DEBUG main            d.u.i.k.p.i.AbstractProblemLoader Init config took 3.31s 
175085     INFO  main            d.u.i.k.p.i.AbstractProblemLoader Replaying proof ArrayList.ArrayListIterator[java.lang.Object::<inv>()].JML accessible clause.0 
175087     DEBUG main            d.u.i.k.p.i.IntermediateProofReplayer Proof replay took 6.3ns 
176194     INFO  main            d.u.i.k.p.r.p.TestFile    ... finished proof: closed. 
176493     INFO  main            d.u.i.k.p.i.AbstractProblemLoader Loading environment from /home/runner/work/key/key/key.core/../key.ui/examples/heap/list/ArrayList.ArrayListIterator_inv.key.proof 
176493     DEBUG main            d.u.i.k.p.i.AbstractProblemLoader Environment load took 129.61ns 
176495     INFO  main            d.u.i.k.p.i.AbstractProblemLoader Creating init config 
177550     DEBUG main            d.u.i.k.j.r.ClassPreparationMethodBuilder clPrepBuilder: Inner Class detected. Reject building class initialisation methods. 
179780     DEBUG main            d.u.i.k.p.i.AbstractProblemLoader Init config took 3.29s 
179842     INFO  main            d.u.i.k.p.i.AbstractProblemLoader Replaying proof ArrayList.ArrayListIterator[java.lang.Object::<inv>()].JML accessible clause.0 
179923     DEBUG main            d.u.i.k.p.i.IntermediateProofReplayer Proof replay took 75.62ms 
179924     DEBUG main            d.u.i.k.p.r.p.TestFile    ... success: reloaded. 
179925     INFO  main            d.u.i.k.p.r.p.TestFile    Now processing file /home/runner/work/key/key/key.core/../key.ui/examples/heap/list/ArrayList.ArrayListIterator_list.key 
179926     INFO  main            d.u.i.k.p.i.AbstractProblemLoader Loading environment from /home/runner/work/key/key/key.core/../key.ui/examples/heap/list/ArrayList.ArrayListIterator_list.key 
179926     DEBUG main            d.u.i.k.p.i.AbstractProblemLoader Environment load took 89.61ns 
179927     INFO  main            d.u.i.k.p.i.AbstractProblemLoader Creating init config 
181025     DEBUG main            d.u.i.k.j.r.ClassPreparationMethodBuilder clPrepBuilder: Inner Class detected. Reject building class initialisation methods. 
183257     DEBUG main            d.u.i.k.p.i.AbstractProblemLoader Init config took 3.33s 
183303     INFO  main            d.u.i.k.p.i.AbstractProblemLoader Replaying proof ListIterator[ListIterator::$list()].JML accessible clause.0 
183305     DEBUG main            d.u.i.k.p.i.IntermediateProofReplayer Proof replay took 6.3ns 
183410     INFO  main            d.u.i.k.p.r.p.TestFile    ... finished proof: closed. 
183703     INFO  main            d.u.i.k.p.i.AbstractProblemLoader Loading environment from /home/runner/work/key/key/key.core/../key.ui/examples/heap/list/ArrayList.ArrayListIterator_list.key.proof 
183703     DEBUG main            d.u.i.k.p.i.AbstractProblemLoader Environment load took 137.21ns 
183704     INFO  main            d.u.i.k.p.i.AbstractProblemLoader Creating init config 
184788     DEBUG main            d.u.i.k.j.r.ClassPreparationMethodBuilder clPrepBuilder: Inner Class detected. Reject building class initialisation methods. 
187003     DEBUG main            d.u.i.k.p.i.AbstractProblemLoader Init config took 3.3s 
187050     INFO  main            d.u.i.k.p.i.AbstractProblemLoader Replaying proof ListIterator[ListIterator::$list()].JML accessible clause.0 
187052     DEBUG main            d.u.i.k.p.i.IntermediateProofReplayer Proof replay took 778.14ns 
187053     DEBUG main            d.u.i.k.p.r.p.TestFile    ... success: reloaded. 
187054     INFO  main            d.u.i.k.p.r.p.TestFile    Now processing file /home/runner/work/key/key/key.core/../key.ui/examples/heap/list/ArrayList.ArrayListIterator_next_exceptional.key 
187054     INFO  main            d.u.i.k.p.i.AbstractProblemLoader Loading environment from /home/runner/work/key/key/key.core/../key.ui/examples/heap/list/ArrayList.ArrayListIterator_next_exceptional.key 
187054     DEBUG main            d.u.i.k.p.i.AbstractProblemLoader Environment load took 116.81ns 
187055     INFO  main            d.u.i.k.p.i.AbstractProblemLoader Creating init config 
188184     DEBUG main            d.u.i.k.j.r.ClassPreparationMethodBuilder clPrepBuilder: Inner Class detected. Reject building class initialisation methods. 
190508     DEBUG main            d.u.i.k.p.i.AbstractProblemLoader Init config took 3.45s 
190570     INFO  main            d.u.i.k.p.i.AbstractProblemLoader Replaying proof ArrayList.ArrayListIterator[ListIterator::next()].JML exceptional_behavior operation contract.0 
190571     DEBUG main            d.u.i.k.p.i.IntermediateProofReplayer Proof replay took 6.7ns 
191478     INFO  main            d.u.i.k.p.r.p.TestFile    ... finished proof: closed. 
191770     INFO  main            d.u.i.k.p.i.AbstractProblemLoader Loading environment from /home/runner/work/key/key/key.core/../key.ui/examples/heap/list/ArrayList.ArrayListIterator_next_exceptional.key.proof 
191770     DEBUG main            d.u.i.k.p.i.AbstractProblemLoader Environment load took 137.91ns 
191772     INFO  main            d.u.i.k.p.i.AbstractProblemLoader Creating init config 
192863     DEBUG main            d.u.i.k.j.r.ClassPreparationMethodBuilder clPrepBuilder: Inner Class detected. Reject building class initialisation methods. 
195081     DEBUG main            d.u.i.k.p.i.AbstractProblemLoader Init config took 3.31s 
195145     INFO  main            d.u.i.k.p.i.AbstractProblemLoader Replaying proof ArrayList.ArrayListIterator[ListIterator::next()].JML exceptional_behavior operation contract.0 
195255     DEBUG main            d.u.i.k.p.i.IntermediateProofReplayer Proof replay took 104.59ms 
195256     DEBUG main            d.u.i.k.p.r.p.TestFile    ... success: reloaded. 
195258     INFO  main            d.u.i.k.p.r.p.TestFile    Now processing file /home/runner/work/key/key/key.core/../key.ui/examples/heap/list/ArrayList.ArrayListIterator_next_normal.key 
195258     INFO  main            d.u.i.k.p.i.AbstractProblemLoader Loading environment from /home/runner/work/key/key/key.core/../key.ui/examples/heap/list/ArrayList.ArrayListIterator_next_normal.key 
195258     DEBUG main            d.u.i.k.p.i.AbstractProblemLoader Environment load took 272.01ns 
195259     INFO  main            d.u.i.k.p.i.AbstractProblemLoader Creating init config 
196415     DEBUG main            d.u.i.k.j.r.ClassPreparationMethodBuilder clPrepBuilder: Inner Class detected. Reject building class initialisation methods. 
198764     DEBUG main            d.u.i.k.p.i.AbstractProblemLoader Init config took 3.5s 
198828     INFO  main            d.u.i.k.p.i.AbstractProblemLoader Replaying proof ArrayList.ArrayListIterator[ListIterator::next()].JML normal_behavior operation contract.0 
198830     DEBUG main            d.u.i.k.p.i.IntermediateProofReplayer Proof replay took 7.1ns 
199854     INFO  main            d.u.i.k.p.r.p.TestFile    ... finished proof: closed. 
200163     INFO  main            d.u.i.k.p.i.AbstractProblemLoader Loading environment from /home/runner/work/key/key/key.core/../key.ui/examples/heap/list/ArrayList.ArrayListIterator_next_normal.key.proof 
200163     DEBUG main            d.u.i.k.p.i.AbstractProblemLoader Environment load took 132.01ns 
200165     INFO  main            d.u.i.k.p.i.AbstractProblemLoader Creating init config 
201238     DEBUG main            d.u.i.k.j.r.ClassPreparationMethodBuilder clPrepBuilder: Inner Class detected. Reject building class initialisation methods. 
203481     DEBUG main            d.u.i.k.p.i.AbstractProblemLoader Init config took 3.32s 
203541     INFO  main            d.u.i.k.p.i.AbstractProblemLoader Replaying proof ArrayList.ArrayListIterator[ListIterator::next()].JML normal_behavior operation contract.0 
203670     DEBUG main            d.u.i.k.p.i.IntermediateProofReplayer Proof replay took 123.77ms 
203672     DEBUG main            d.u.i.k.p.r.p.TestFile    ... success: reloaded. 
203673     INFO  main            d.u.i.k.p.r.p.TestFile    Now processing file /home/runner/work/key/key/key.core/../key.ui/examples/heap/list/ArrayList.ArrayListIterator_pos.key 
203673     INFO  main            d.u.i.k.p.i.AbstractProblemLoader Loading environment from /home/runner/work/key/key/key.core/../key.ui/examples/heap/list/ArrayList.ArrayListIterator_pos.key 
203673     DEBUG main            d.u.i.k.p.i.AbstractProblemLoader Environment load took 135.41ns 
203674     INFO  main            d.u.i.k.p.i.AbstractProblemLoader Creating init config 
204778     DEBUG main            d.u.i.k.j.r.ClassPreparationMethodBuilder clPrepBuilder: Inner Class detected. Reject building class initialisation methods. 
207044     DEBUG main            d.u.i.k.p.i.AbstractProblemLoader Init config took 3.37s 
207091     INFO  main            d.u.i.k.p.i.AbstractProblemLoader Replaying proof ListIterator[ListIterator::$pos()].JML accessible clause.0 
207093     DEBUG main            d.u.i.k.p.i.IntermediateProofReplayer Proof replay took 7.5ns 
207198     INFO  main            d.u.i.k.p.r.p.TestFile    ... finished proof: closed. 
207509     INFO  main            d.u.i.k.p.i.AbstractProblemLoader Loading environment from /home/runner/work/key/key/key.core/../key.ui/examples/heap/list/ArrayList.ArrayListIterator_pos.key.proof 
207510     DEBUG main            d.u.i.k.p.i.AbstractProblemLoader Environment load took 124.01ns 
207511     INFO  main            d.u.i.k.p.i.AbstractProblemLoader Creating init config 
208588     DEBUG main            d.u.i.k.j.r.ClassPreparationMethodBuilder clPrepBuilder: Inner Class detected. Reject building class initialisation methods. 
210768     DEBUG main            d.u.i.k.p.i.AbstractProblemLoader Init config took 3.26s 
210815     INFO  main            d.u.i.k.p.i.AbstractProblemLoader Replaying proof ListIterator[ListIterator::$pos()].JML accessible clause.0 
210819     DEBUG main            d.u.i.k.p.i.IntermediateProofReplayer Proof replay took 1.03ms 
210823     DEBUG main            d.u.i.k.p.r.p.TestFile    ... success: reloaded. 
210825     INFO  main            d.u.i.k.p.r.p.TestFile    Now processing file /home/runner/work/key/key/key.core/../key.ui/examples/heap/list/Client_m.key 
210825     INFO  main            d.u.i.k.p.i.AbstractProblemLoader Loading environment from /home/runner/work/key/key/key.core/../key.ui/examples/heap/list/Client_m.key 
210825     DEBUG main            d.u.i.k.p.i.AbstractProblemLoader Environment load took 86.7ns 
210826     INFO  main            d.u.i.k.p.i.AbstractProblemLoader Creating init config 
211889     DEBUG main            d.u.i.k.j.r.ClassPreparationMethodBuilder clPrepBuilder: Inner Class detected. Reject building class initialisation methods. 
214066     DEBUG main            d.u.i.k.p.i.AbstractProblemLoader Init config took 3.24s 
214108     INFO  main            d.u.i.k.p.i.AbstractProblemLoader Replaying proof Client[Client::m(List)].JML normal_behavior operation contract.0 
214110     DEBUG main            d.u.i.k.p.i.IntermediateProofReplayer Proof replay took 5.4ns 
214413     INFO  main            d.u.i.k.p.r.p.TestFile    ... finished proof: closed. 
214742     INFO  main            d.u.i.k.p.i.AbstractProblemLoader Loading environment from /home/runner/work/key/key/key.core/../key.ui/examples/heap/list/Client_m.key.proof 
214743     DEBUG main            d.u.i.k.p.i.AbstractProblemLoader Environment load took 134.21ns 
214744     INFO  main            d.u.i.k.p.i.AbstractProblemLoader Creating init config 
215806     DEBUG main            d.u.i.k.j.r.ClassPreparationMethodBuilder clPrepBuilder: Inner Class detected. Reject building class initialisation methods. 
217946     DEBUG main            d.u.i.k.p.i.AbstractProblemLoader Init config took 3.2s 
217991     INFO  main            d.u.i.k.p.i.AbstractProblemLoader Replaying proof Client[Client::m(List)].JML normal_behavior operation contract.0 
218046     DEBUG main            d.u.i.k.p.i.IntermediateProofReplayer Proof replay took 51.83ms 
218047     DEBUG main            d.u.i.k.p.r.p.TestFile    ... success: reloaded. 
218048     INFO  main            d.u.i.k.p.r.p.TestFile    Now processing file /home/runner/work/key/key/key.core/../key.ui/examples/heap/list/Client_n.key 
218048     INFO  main            d.u.i.k.p.i.AbstractProblemLoader Loading environment from /home/runner/work/key/key/key.core/../key.ui/examples/heap/list/Client_n.key 
218049     DEBUG main            d.u.i.k.p.i.AbstractProblemLoader Environment load took 85.61ns 
218049     INFO  main            d.u.i.k.p.i.AbstractProblemLoader Creating init config 
219136     DEBUG main            d.u.i.k.j.r.ClassPreparationMethodBuilder clPrepBuilder: Inner Class detected. Reject building class initialisation methods. 
221374     DEBUG main            d.u.i.k.p.i.AbstractProblemLoader Init config took 3.32s 
221420     INFO  main            d.u.i.k.p.i.AbstractProblemLoader Replaying proof Client[Client::n(List)].JML normal_behavior operation contract.0 
221421     DEBUG main            d.u.i.k.p.i.IntermediateProofReplayer Proof replay took 6.6ns 
221523     INFO  main            d.u.i.k.p.r.p.TestFile    ... finished proof: closed. 
222008     INFO  main            d.u.i.k.p.i.AbstractProblemLoader Loading environment from /home/runner/work/key/key/key.core/../key.ui/examples/heap/list/Client_n.key.proof 
222008     DEBUG main            d.u.i.k.p.i.AbstractProblemLoader Environment load took 117.61ns 
222010     INFO  main            d.u.i.k.p.i.AbstractProblemLoader Creating init config 
223117     DEBUG main            d.u.i.k.j.r.ClassPreparationMethodBuilder clPrepBuilder: Inner Class detected. Reject building class initialisation methods. 
225241     DEBUG main            d.u.i.k.p.i.AbstractProblemLoader Init config took 3.23s 
225289     INFO  main            d.u.i.k.p.i.AbstractProblemLoader Replaying proof Client[Client::n(List)].JML normal_behavior operation contract.0 
225307     DEBUG main            d.u.i.k.p.i.IntermediateProofReplayer Proof replay took 16.1ms 
225307     DEBUG main            d.u.i.k.p.r.p.TestFile    ... success: reloaded. 
225308     INFO  main            d.u.i.k.p.r.p.TestFile    Now processing file /home/runner/work/key/key/key.core/../key.ui/examples/heap/list/LinkedList_get_exceptional.key 
225309     INFO  main            d.u.i.k.p.i.AbstractProblemLoader Loading environment from /home/runner/work/key/key/key.core/../key.ui/examples/heap/list/LinkedList_get_exceptional.key 
225309     DEBUG main            d.u.i.k.p.i.AbstractProblemLoader Environment load took 58.8ns 
225310     INFO  main            d.u.i.k.p.i.AbstractProblemLoader Creating init config 
226442     DEBUG main            d.u.i.k.j.r.ClassPreparationMethodBuilder clPrepBuilder: Inner Class detected. Reject building class initialisation methods. 
228645     DEBUG main            d.u.i.k.p.i.AbstractProblemLoader Init config took 3.34s 
228695     INFO  main            d.u.i.k.p.i.AbstractProblemLoader Replaying proof LinkedList[List::get(int)].JML exceptional_behavior operation contract.0 
228696     DEBUG main            d.u.i.k.p.i.IntermediateProofReplayer Proof replay took 6.5ns 
230955     INFO  main            d.u.i.k.p.r.p.TestFile    ... finished proof: closed. 
231332     INFO  main            d.u.i.k.p.i.AbstractProblemLoader Loading environment from /home/runner/work/key/key/key.core/../key.ui/examples/heap/list/LinkedList_get_exceptional.key.proof 
231332     DEBUG main            d.u.i.k.p.i.AbstractProblemLoader Environment load took 546.23ns 
231335     INFO  main            d.u.i.k.p.i.AbstractProblemLoader Creating init config 
232419     DEBUG main            d.u.i.k.j.r.ClassPreparationMethodBuilder clPrepBuilder: Inner Class detected. Reject building class initialisation methods. 
234594     DEBUG main            d.u.i.k.p.i.AbstractProblemLoader Init config took 3.26s 
234660     INFO  main            d.u.i.k.p.i.AbstractProblemLoader Replaying proof LinkedList[List::get(int)].JML exceptional_behavior operation contract.0 
234891     DEBUG main            d.u.i.k.p.i.IntermediateProofReplayer Proof replay took 220.86ms 
234893     DEBUG main            d.u.i.k.p.r.p.TestFile    ... success: reloaded. 
234894     INFO  main            d.u.i.k.p.r.p.TestFile    Now processing file /home/runner/work/key/key/key.core/../key.ui/examples/heap/list/LinkedList_get_normal.key 
234895     INFO  main            d.u.i.k.p.i.AbstractProblemLoader Loading environment from /home/runner/work/key/key/key.core/../key.ui/examples/heap/list/LinkedList_get_normal.key 
234895     DEBUG main            d.u.i.k.p.i.AbstractProblemLoader Environment load took 234.71ns 
234896     INFO  main            d.u.i.k.p.i.AbstractProblemLoader Creating init config 
235967     DEBUG main            d.u.i.k.j.r.ClassPreparationMethodBuilder clPrepBuilder: Inner Class detected. Reject building class initialisation methods. 
238164     DEBUG main            d.u.i.k.p.i.AbstractProblemLoader Init config took 3.27s 
238218     INFO  main            d.u.i.k.p.i.AbstractProblemLoader Replaying proof LinkedList[List::get(int)].JML normal_behavior operation contract.0 
238221     DEBUG main            d.u.i.k.p.i.IntermediateProofReplayer Proof replay took 7.2ns 
244554     INFO  main            d.u.i.k.p.r.p.TestFile    ... finished proof: closed. 
245008     INFO  main            d.u.i.k.p.i.AbstractProblemLoader Loading environment from /home/runner/work/key/key/key.core/../key.ui/examples/heap/list/LinkedList_get_normal.key.proof 
245008     DEBUG main            d.u.i.k.p.i.AbstractProblemLoader Environment load took 510.72ns 
245011     INFO  main            d.u.i.k.p.i.AbstractProblemLoader Creating init config 
246065     DEBUG main            d.u.i.k.j.r.ClassPreparationMethodBuilder clPrepBuilder: Inner Class detected. Reject building class initialisation methods. 
248264     DEBUG main            d.u.i.k.p.i.AbstractProblemLoader Init config took 3.25s 
248318     INFO  main            d.u.i.k.p.i.AbstractProblemLoader Replaying proof LinkedList[List::get(int)].JML normal_behavior operation contract.0 
248729     DEBUG main            d.u.i.k.p.i.IntermediateProofReplayer Proof replay took 382.17ms 
248732     DEBUG main            d.u.i.k.p.r.p.TestFile    ... success: reloaded. 
248733     INFO  main            d.u.i.k.p.r.p.TestFile    Now processing file /home/runner/work/key/key/key.core/../key.ui/examples/heap/list/LinkedList_LinkedList.key 
248733     INFO  main            d.u.i.k.p.i.AbstractProblemLoader Loading environment from /home/runner/work/key/key/key.core/../key.ui/examples/heap/list/LinkedList_LinkedList.key 
248734     DEBUG main            d.u.i.k.p.i.AbstractProblemLoader Environment load took 101.81ns 
248734     INFO  main            d.u.i.k.p.i.AbstractProblemLoader Creating init config 
249835     DEBUG main            d.u.i.k.j.r.ClassPreparationMethodBuilder clPrepBuilder: Inner Class detected. Reject building class initialisation methods. 
252057     DEBUG main            d.u.i.k.p.i.AbstractProblemLoader Init config took 3.32s 
252108     INFO  main            d.u.i.k.p.i.AbstractProblemLoader Replaying proof LinkedList[LinkedList::LinkedList()].JML normal_behavior operation contract.0 
252110     DEBUG main            d.u.i.k.p.i.IntermediateProofReplayer Proof replay took 6.6ns 
252616     INFO  main            d.u.i.k.p.r.p.TestFile    ... finished proof: closed. 
252983     INFO  main            d.u.i.k.p.i.AbstractProblemLoader Loading environment from /home/runner/work/key/key/key.core/../key.ui/examples/heap/list/LinkedList_LinkedList.key.proof 
252983     DEBUG main            d.u.i.k.p.i.AbstractProblemLoader Environment load took 120.7ns 
252984     INFO  main            d.u.i.k.p.i.AbstractProblemLoader Creating init config 
254030     DEBUG main            d.u.i.k.j.r.ClassPreparationMethodBuilder clPrepBuilder: Inner Class detected. Reject building class initialisation methods. 
256217     DEBUG main            d.u.i.k.p.i.AbstractProblemLoader Init config took 3.23s 
256266     INFO  main            d.u.i.k.p.i.AbstractProblemLoader Replaying proof LinkedList[LinkedList::LinkedList()].JML normal_behavior operation contract.0 
256338     DEBUG main            d.u.i.k.p.i.IntermediateProofReplayer Proof replay took 67.9ms 
256339     DEBUG main            d.u.i.k.p.r.p.TestFile    ... success: reloaded. 
256340     INFO  main            d.u.i.k.p.r.p.TestFile    Now processing file /home/runner/work/key/key/key.core/../key.ui/examples/heap/list/LinkedList_size_dep.key 
256340     INFO  main            d.u.i.k.p.i.AbstractProblemLoader Loading environment from /home/runner/work/key/key/key.core/../key.ui/examples/heap/list/LinkedList_size_dep.key 
256341     DEBUG main            d.u.i.k.p.i.AbstractProblemLoader Environment load took 117.41ns 
256341     INFO  main            d.u.i.k.p.i.AbstractProblemLoader Creating init config 
257413     DEBUG main            d.u.i.k.j.r.ClassPreparationMethodBuilder clPrepBuilder: Inner Class detected. Reject building class initialisation methods. 
259631     DEBUG main            d.u.i.k.p.i.AbstractProblemLoader Init config took 3.29s 
259683     INFO  main            d.u.i.k.p.i.AbstractProblemLoader Replaying proof LinkedList[List::size()].JML accessible clause.0 
259685     DEBUG main            d.u.i.k.p.i.IntermediateProofReplayer Proof replay took 8.1ns 
260187     INFO  main            d.u.i.k.p.r.p.TestFile    ... finished proof: closed. 
260549     INFO  main            d.u.i.k.p.i.AbstractProblemLoader Loading environment from /home/runner/work/key/key/key.core/../key.ui/examples/heap/list/LinkedList_size_dep.key.proof 
260550     DEBUG main            d.u.i.k.p.i.AbstractProblemLoader Environment load took 120.31ns 
260551     INFO  main            d.u.i.k.p.i.AbstractProblemLoader Creating init config 
261617     DEBUG main            d.u.i.k.j.r.ClassPreparationMethodBuilder clPrepBuilder: Inner Class detected. Reject building class initialisation methods. 
263889     DEBUG main            d.u.i.k.p.i.AbstractProblemLoader Init config took 3.34s 
263942     INFO  main            d.u.i.k.p.i.AbstractProblemLoader Replaying proof LinkedList[List::size()].JML accessible clause.0 
263979     DEBUG main            d.u.i.k.p.i.IntermediateProofReplayer Proof replay took 33.54ms 
263980     DEBUG main            d.u.i.k.p.r.p.TestFile    ... success: reloaded. 
263981     INFO  main            d.u.i.k.p.r.p.TestFile    Now processing file /home/runner/work/key/key/key.core/../key.ui/examples/heap/list/LinkedList_size.key 
263981     INFO  main            d.u.i.k.p.i.AbstractProblemLoader Loading environment from /home/runner/work/key/key/key.core/../key.ui/examples/heap/list/LinkedList_size.key 
263981     DEBUG main            d.u.i.k.p.i.AbstractProblemLoader Environment load took 103.91ns 
263982     INFO  main            d.u.i.k.p.i.AbstractProblemLoader Creating init config 
265099     DEBUG main            d.u.i.k.j.r.ClassPreparationMethodBuilder clPrepBuilder: Inner Class detected. Reject building class initialisation methods. 
267368     DEBUG main            d.u.i.k.p.i.AbstractProblemLoader Init config took 3.39s 
267422     INFO  main            d.u.i.k.p.i.AbstractProblemLoader Replaying proof LinkedList[List::size()].JML normal_behavior operation contract.0 
267423     DEBUG main            d.u.i.k.p.i.IntermediateProofReplayer Proof replay took 8.2ns 
267927     INFO  main            d.u.i.k.p.r.p.TestFile    ... finished proof: closed. 
268291     INFO  main            d.u.i.k.p.i.AbstractProblemLoader Loading environment from /home/runner/work/key/key/key.core/../key.ui/examples/heap/list/LinkedList_size.key.proof 
268291     DEBUG main            d.u.i.k.p.i.AbstractProblemLoader Environment load took 162.51ns 
268292     INFO  main            d.u.i.k.p.i.AbstractProblemLoader Creating init config 
269342     DEBUG main            d.u.i.k.j.r.ClassPreparationMethodBuilder clPrepBuilder: Inner Class detected. Reject building class initialisation methods. 
271512     DEBUG main            d.u.i.k.p.i.AbstractProblemLoader Init config took 3.22s 
271561     INFO  main            d.u.i.k.p.i.AbstractProblemLoader Replaying proof LinkedList[List::size()].JML normal_behavior operation contract.0 
271592     DEBUG main            d.u.i.k.p.i.IntermediateProofReplayer Proof replay took 27.66ms 
271593     DEBUG main            d.u.i.k.p.r.p.TestFile    ... success: reloaded. 
271593     INFO  main            d.u.i.k.p.r.p.TestFile    Now processing file /home/runner/work/key/key/key.core/../key.ui/examples/heap/list/MySet_footprint.key 
271594     INFO  main            d.u.i.k.p.i.AbstractProblemLoader Loading environment from /home/runner/work/key/key/key.core/../key.ui/examples/heap/list/MySet_footprint.key 
271594     DEBUG main            d.u.i.k.p.i.AbstractProblemLoader Environment load took 121.81ns 
271595     INFO  main            d.u.i.k.p.i.AbstractProblemLoader Creating init config 
272643     DEBUG main            d.u.i.k.j.r.ClassPreparationMethodBuilder clPrepBuilder: Inner Class detected. Reject building class initialisation methods. 
274854     DEBUG main            d.u.i.k.p.i.AbstractProblemLoader Init config took 3.26s 
274905     INFO  main            d.u.i.k.p.i.AbstractProblemLoader Replaying proof MySet[MySet::$footprint()].JML accessible clause.0 
274907     DEBUG main            d.u.i.k.p.i.IntermediateProofReplayer Proof replay took 6.9ns 
275212     INFO  main            d.u.i.k.p.r.p.TestFile    ... finished proof: closed. 
275582     INFO  main            d.u.i.k.p.i.AbstractProblemLoader Loading environment from /home/runner/work/key/key/key.core/../key.ui/examples/heap/list/MySet_footprint.key.proof 
275583     DEBUG main            d.u.i.k.p.i.AbstractProblemLoader Environment load took 116.2ns 
275584     INFO  main            d.u.i.k.p.i.AbstractProblemLoader Creating init config 
276645     DEBUG main            d.u.i.k.j.r.ClassPreparationMethodBuilder clPrepBuilder: Inner Class detected. Reject building class initialisation methods. 
278786     DEBUG main            d.u.i.k.p.i.AbstractProblemLoader Init config took 3.2s 
278842     INFO  main            d.u.i.k.p.i.AbstractProblemLoader Replaying proof MySet[MySet::$footprint()].JML accessible clause.0 
278866     DEBUG main            d.u.i.k.p.i.IntermediateProofReplayer Proof replay took 21.46ms 
278867     DEBUG main            d.u.i.k.p.r.p.TestFile    ... success: reloaded. 
278868     INFO  main            d.u.i.k.p.r.p.TestFile    Now processing file /home/runner/work/key/key/key.core/../key.ui/examples/heap/list/MySet_MySet.key 
278868     INFO  main            d.u.i.k.p.i.AbstractProblemLoader Loading environment from /home/runner/work/key/key/key.core/../key.ui/examples/heap/list/MySet_MySet.key 
278868     DEBUG main            d.u.i.k.p.i.AbstractProblemLoader Environment load took 88.2ns 
278869     INFO  main            d.u.i.k.p.i.AbstractProblemLoader Creating init config 
279926     DEBUG main            d.u.i.k.j.r.ClassPreparationMethodBuilder clPrepBuilder: Inner Class detected. Reject building class initialisation methods. 
282153     DEBUG main            d.u.i.k.p.i.AbstractProblemLoader Init config took 3.28s 
282209     INFO  main            d.u.i.k.p.i.AbstractProblemLoader Replaying proof MySet[MySet::MySet()].JML normal_behavior operation contract.0 
282210     DEBUG main            d.u.i.k.p.i.IntermediateProofReplayer Proof replay took 7ns 
284822     INFO  main            d.u.i.k.p.r.p.TestFile    ... finished proof: closed. 
285220     INFO  main            d.u.i.k.p.i.AbstractProblemLoader Loading environment from /home/runner/work/key/key/key.core/../key.ui/examples/heap/list/MySet_MySet.key.proof 
285220     DEBUG main            d.u.i.k.p.i.AbstractProblemLoader Environment load took 122.31ns 
285226     INFO  main            d.u.i.k.p.i.AbstractProblemLoader Creating init config 
286284     DEBUG main            d.u.i.k.j.r.ClassPreparationMethodBuilder clPrepBuilder: Inner Class detected. Reject building class initialisation methods. 
288453     DEBUG main            d.u.i.k.p.i.AbstractProblemLoader Init config took 3.23s 
288510     INFO  main            d.u.i.k.p.i.AbstractProblemLoader Replaying proof MySet[MySet::MySet()].JML normal_behavior operation contract.0 
288821     DEBUG main            d.u.i.k.p.i.IntermediateProofReplayer Proof replay took 296.06ms 
288822     DEBUG main            d.u.i.k.p.r.p.TestFile    ... success: reloaded. 
1252626    INFO  Test worker     d.u.i.k.p.r.RunAllProofsTestUnit Returning from test list 
1252627    INFO  Test worker     d.u.i.k.p.r.RunAllProofsTestUnit Running test list_ghost 
422        INFO  Timeout watchdog d.u.i.k.p.r.p.ForkedTestFileRunner Timeout watcher launched (2000 secs.) 
449        WARN  main            d.u.i.k.s.ProofSettings   The settings in /home/runner/.key/proof-settings.props are *not* read. 
498        INFO  main            d.u.i.k.p.r.p.TestFile    Now processing file /home/runner/work/key/key/key.core/../key.ui/examples/heap/list_ghost/ArrayList_add.key 
637        INFO  main            d.u.i.k.p.i.AbstractProblemLoader Loading environment from /home/runner/work/key/key/key.core/../key.ui/examples/heap/list_ghost/ArrayList_add.key 
664        DEBUG main            d.u.i.k.p.i.AbstractProblemLoader Environment load took 2.04ms 
906        INFO  main            d.u.i.k.p.i.AbstractProblemLoader Creating init config 
1943       DEBUG main            d.u.i.k.j.TypeConverter   No LDT found for Meta 
1943       DEBUG main            d.u.i.k.j.TypeConverter   No LDT found for Meta 
1947       DEBUG main            d.u.i.k.j.TypeConverter   No LDT found for Meta 
1947       DEBUG main            d.u.i.k.j.TypeConverter   No LDT found for Meta 
3406       DEBUG main            d.u.i.k.j.TypeConverter   No LDT found for JavaBigintExpression 
9051       DEBUG main            d.u.i.k.p.i.AbstractProblemLoader Init config took 8.14s 
9208       INFO  main            d.u.i.k.p.i.AbstractProblemLoader Replaying proof ArrayList[List::add(java.lang.Object)].JML normal_behavior operation contract.0 
9249       DEBUG main            d.u.i.k.p.i.IntermediateProofReplayer Proof replay took 36.5ns 
14812      INFO  main            d.u.i.k.p.r.p.TestFile    ... finished proof: closed. 
15001      INFO  main            d.u.i.k.p.i.AbstractProblemLoader Loading environment from /home/runner/work/key/key/key.core/../key.ui/examples/heap/list_ghost/ArrayList_add.key.proof 
15002      DEBUG main            d.u.i.k.p.i.AbstractProblemLoader Environment load took 921.75ns 
15006      INFO  main            d.u.i.k.p.i.AbstractProblemLoader Creating init config 
18226      DEBUG main            d.u.i.k.p.i.AbstractProblemLoader Init config took 3.22s 
18304      INFO  main            d.u.i.k.p.i.AbstractProblemLoader Replaying proof ArrayList[List::add(java.lang.Object)].JML normal_behavior operation contract.0 
18912      DEBUG main            d.u.i.k.p.i.IntermediateProofReplayer Proof replay took 584.26ms 
18924      DEBUG main            d.u.i.k.p.r.p.TestFile    ... success: reloaded. 
18930      INFO  main            d.u.i.k.p.r.p.TestFile    Now processing file /home/runner/work/key/key/key.core/../key.ui/examples/heap/list_ghost/ArrayList_ArrayList.key 
18931      INFO  main            d.u.i.k.p.i.AbstractProblemLoader Loading environment from /home/runner/work/key/key/key.core/../key.ui/examples/heap/list_ghost/ArrayList_ArrayList.key 
18931      DEBUG main            d.u.i.k.p.i.AbstractProblemLoader Environment load took 147.51ns 
18935      INFO  main            d.u.i.k.p.i.AbstractProblemLoader Creating init config 
21996      DEBUG main            d.u.i.k.p.i.AbstractProblemLoader Init config took 3.06s 
22059      INFO  main            d.u.i.k.p.i.AbstractProblemLoader Replaying proof ArrayList[ArrayList::ArrayList()].JML normal_behavior operation contract.0 
22068      DEBUG main            d.u.i.k.p.i.IntermediateProofReplayer Proof replay took 7.2ns 
23274      INFO  main            d.u.i.k.p.r.p.TestFile    ... finished proof: closed. 
23449      INFO  main            d.u.i.k.p.i.AbstractProblemLoader Loading environment from /home/runner/work/key/key/key.core/../key.ui/examples/heap/list_ghost/ArrayList_ArrayList.key.proof 
23452      DEBUG main            d.u.i.k.p.i.AbstractProblemLoader Environment load took 2.97ms 
23454      INFO  main            d.u.i.k.p.i.AbstractProblemLoader Creating init config 
26452      DEBUG main            d.u.i.k.p.i.AbstractProblemLoader Init config took 3s 
26527      INFO  main            d.u.i.k.p.i.AbstractProblemLoader Replaying proof ArrayList[ArrayList::ArrayList()].JML normal_behavior operation contract.0 
26692      DEBUG main            d.u.i.k.p.i.IntermediateProofReplayer Proof replay took 157.64ms 
26694      DEBUG main            d.u.i.k.p.r.p.TestFile    ... success: reloaded. 
26695      INFO  main            d.u.i.k.p.r.p.TestFile    Now processing file /home/runner/work/key/key/key.core/../key.ui/examples/heap/list_ghost/ArrayList_enlarge.key 
26696      INFO  main            d.u.i.k.p.i.AbstractProblemLoader Loading environment from /home/runner/work/key/key/key.core/../key.ui/examples/heap/list_ghost/ArrayList_enlarge.key 
26696      DEBUG main            d.u.i.k.p.i.AbstractProblemLoader Environment load took 321.31ns 
26698      INFO  main            d.u.i.k.p.i.AbstractProblemLoader Creating init config 
29586      DEBUG main            d.u.i.k.p.i.AbstractProblemLoader Init config took 2.89s 
29640      INFO  main            d.u.i.k.p.i.AbstractProblemLoader Replaying proof ArrayList[ArrayList::enlarge()].JML normal_behavior operation contract.0 
29645      DEBUG main            d.u.i.k.p.i.IntermediateProofReplayer Proof replay took 6.5ns 
31857      INFO  main            d.u.i.k.p.r.p.TestFile    ... finished proof: closed. 
32056      INFO  main            d.u.i.k.p.i.AbstractProblemLoader Loading environment from /home/runner/work/key/key/key.core/../key.ui/examples/heap/list_ghost/ArrayList_enlarge.key.proof 
32057      DEBUG main            d.u.i.k.p.i.AbstractProblemLoader Environment load took 518.73ns 
32058      INFO  main            d.u.i.k.p.i.AbstractProblemLoader Creating init config 
35037      DEBUG main            d.u.i.k.p.i.AbstractProblemLoader Init config took 2.98s 
35090      INFO  main            d.u.i.k.p.i.AbstractProblemLoader Replaying proof ArrayList[ArrayList::enlarge()].JML normal_behavior operation contract.0 
35453      DEBUG main            d.u.i.k.p.i.IntermediateProofReplayer Proof replay took 353.25ms 
35454      DEBUG main            d.u.i.k.p.r.p.TestFile    ... success: reloaded. 
35456      INFO  main            d.u.i.k.p.r.p.TestFile    Now processing file /home/runner/work/key/key/key.core/../key.ui/examples/heap/list_ghost/ArrayList_get_dep.key 
35456      INFO  main            d.u.i.k.p.i.AbstractProblemLoader Loading environment from /home/runner/work/key/key/key.core/../key.ui/examples/heap/list_ghost/ArrayList_get_dep.key 
35457      DEBUG main            d.u.i.k.p.i.AbstractProblemLoader Environment load took 308.81ns 
35458      INFO  main            d.u.i.k.p.i.AbstractProblemLoader Creating init config 
38295      DEBUG main            d.u.i.k.p.i.AbstractProblemLoader Init config took 2.84s 
38395      INFO  main            d.u.i.k.p.i.AbstractProblemLoader Replaying proof ArrayList[List::get(int)].JML accessible clause.0 
38399      DEBUG main            d.u.i.k.p.i.IntermediateProofReplayer Proof replay took 6.9ns 
38806      INFO  main            d.u.i.k.p.r.p.TestFile    ... finished proof: closed. 
38987      INFO  main            d.u.i.k.p.i.AbstractProblemLoader Loading environment from /home/runner/work/key/key/key.core/../key.ui/examples/heap/list_ghost/ArrayList_get_dep.key.proof 
38988      DEBUG main            d.u.i.k.p.i.AbstractProblemLoader Environment load took 1.28ms 
38990      INFO  main            d.u.i.k.p.i.AbstractProblemLoader Creating init config 
41833      DEBUG main            d.u.i.k.p.i.AbstractProblemLoader Init config took 2.84s 
41885      INFO  main            d.u.i.k.p.i.AbstractProblemLoader Replaying proof ArrayList[List::get(int)].JML accessible clause.0 
41947      DEBUG main            d.u.i.k.p.i.IntermediateProofReplayer Proof replay took 57.93ms 
41948      DEBUG main            d.u.i.k.p.r.p.TestFile    ... success: reloaded. 
41949      INFO  main            d.u.i.k.p.r.p.TestFile    Now processing file /home/runner/work/key/key/key.core/../key.ui/examples/heap/list_ghost/ArrayList_get_exceptional.key 
41950      INFO  main            d.u.i.k.p.i.AbstractProblemLoader Loading environment from /home/runner/work/key/key/key.core/../key.ui/examples/heap/list_ghost/ArrayList_get_exceptional.key 
41950      DEBUG main            d.u.i.k.p.i.AbstractProblemLoader Environment load took 300.7ns 
41951      INFO  main            d.u.i.k.p.i.AbstractProblemLoader Creating init config 
44859      DEBUG main            d.u.i.k.p.i.AbstractProblemLoader Init config took 2.91s 
44915      INFO  main            d.u.i.k.p.i.AbstractProblemLoader Replaying proof ArrayList[List::get(int)].JML exceptional_behavior operation contract.0 
44917      DEBUG main            d.u.i.k.p.i.IntermediateProofReplayer Proof replay took 6.8ns 
45722      INFO  main            d.u.i.k.p.r.p.TestFile    ... finished proof: closed. 
45899      INFO  main            d.u.i.k.p.i.AbstractProblemLoader Loading environment from /home/runner/work/key/key/key.core/../key.ui/examples/heap/list_ghost/ArrayList_get_exceptional.key.proof 
45901      DEBUG main            d.u.i.k.p.i.AbstractProblemLoader Environment load took 1.7ms 
45902      INFO  main            d.u.i.k.p.i.AbstractProblemLoader Creating init config 
48717      DEBUG main            d.u.i.k.p.i.AbstractProblemLoader Init config took 2.81s 
48779      INFO  main            d.u.i.k.p.i.AbstractProblemLoader Replaying proof ArrayList[List::get(int)].JML exceptional_behavior operation contract.0 
48925      DEBUG main            d.u.i.k.p.i.IntermediateProofReplayer Proof replay took 137.85ms 
48926      DEBUG main            d.u.i.k.p.r.p.TestFile    ... success: reloaded. 
48927      INFO  main            d.u.i.k.p.r.p.TestFile    Now processing file /home/runner/work/key/key/key.core/../key.ui/examples/heap/list_ghost/ArrayList_get_normal.key 
48928      INFO  main            d.u.i.k.p.i.AbstractProblemLoader Loading environment from /home/runner/work/key/key/key.core/../key.ui/examples/heap/list_ghost/ArrayList_get_normal.key 
48928      DEBUG main            d.u.i.k.p.i.AbstractProblemLoader Environment load took 761.23ns 
48930      INFO  main            d.u.i.k.p.i.AbstractProblemLoader Creating init config 
51787      DEBUG main            d.u.i.k.p.i.AbstractProblemLoader Init config took 2.86s 
51834      INFO  main            d.u.i.k.p.i.AbstractProblemLoader Replaying proof ArrayList[List::get(int)].JML normal_behavior operation contract.0 
51836      DEBUG main            d.u.i.k.p.i.IntermediateProofReplayer Proof replay took 6.6ns 
52139      INFO  main            d.u.i.k.p.r.p.TestFile    ... finished proof: closed. 
52334      INFO  main            d.u.i.k.p.i.AbstractProblemLoader Loading environment from /home/runner/work/key/key/key.core/../key.ui/examples/heap/list_ghost/ArrayList_get_normal.key.proof 
52335      DEBUG main            d.u.i.k.p.i.AbstractProblemLoader Environment load took 542.83ns 
52336      INFO  main            d.u.i.k.p.i.AbstractProblemLoader Creating init config 
55130      DEBUG main            d.u.i.k.p.i.AbstractProblemLoader Init config took 2.79s 
55194      INFO  main            d.u.i.k.p.i.AbstractProblemLoader Replaying proof ArrayList[List::get(int)].JML normal_behavior operation contract.0 
55245      DEBUG main            d.u.i.k.p.i.IntermediateProofReplayer Proof replay took 46.36ms 
55246      DEBUG main            d.u.i.k.p.r.p.TestFile    ... success: reloaded. 
55248      INFO  main            d.u.i.k.p.r.p.TestFile    Now processing file /home/runner/work/key/key/key.core/../key.ui/examples/heap/list_ghost/ArrayList_inv.key 
55248      INFO  main            d.u.i.k.p.i.AbstractProblemLoader Loading environment from /home/runner/work/key/key/key.core/../key.ui/examples/heap/list_ghost/ArrayList_inv.key 
55248      DEBUG main            d.u.i.k.p.i.AbstractProblemLoader Environment load took 279.41ns 
55250      INFO  main            d.u.i.k.p.i.AbstractProblemLoader Creating init config 
58055      DEBUG main            d.u.i.k.p.i.AbstractProblemLoader Init config took 2.81s 
58101      INFO  main            d.u.i.k.p.i.AbstractProblemLoader Replaying proof ArrayList[java.lang.Object::<inv>()].JML accessible clause.0 
58103      DEBUG main            d.u.i.k.p.i.IntermediateProofReplayer Proof replay took 6.7ns 
58206      INFO  main            d.u.i.k.p.r.p.TestFile    ... finished proof: closed. 
58399      INFO  main            d.u.i.k.p.i.AbstractProblemLoader Loading environment from /home/runner/work/key/key/key.core/../key.ui/examples/heap/list_ghost/ArrayList_inv.key.proof 
58399      DEBUG main            d.u.i.k.p.i.AbstractProblemLoader Environment load took 126.81ns 
58400      INFO  main            d.u.i.k.p.i.AbstractProblemLoader Creating init config 
61157      DEBUG main            d.u.i.k.p.i.AbstractProblemLoader Init config took 2.76s 
61202      INFO  main            d.u.i.k.p.i.AbstractProblemLoader Replaying proof ArrayList[java.lang.Object::<inv>()].JML accessible clause.0 
61213      DEBUG main            d.u.i.k.p.i.IntermediateProofReplayer Proof replay took 8.52ms 
61214      DEBUG main            d.u.i.k.p.r.p.TestFile    ... success: reloaded. 
61215      INFO  main            d.u.i.k.p.r.p.TestFile    Now processing file /home/runner/work/key/key/key.core/../key.ui/examples/heap/list_ghost/ArrayList_size_dep.key 
61215      INFO  main            d.u.i.k.p.i.AbstractProblemLoader Loading environment from /home/runner/work/key/key/key.core/../key.ui/examples/heap/list_ghost/ArrayList_size_dep.key 
61215      DEBUG main            d.u.i.k.p.i.AbstractProblemLoader Environment load took 129.91ns 
61216      INFO  main            d.u.i.k.p.i.AbstractProblemLoader Creating init config 
64092      DEBUG main            d.u.i.k.p.i.AbstractProblemLoader Init config took 2.88s 
64136      INFO  main            d.u.i.k.p.i.AbstractProblemLoader Replaying proof ArrayList[List::size()].JML accessible clause.0 
64138      DEBUG main            d.u.i.k.p.i.IntermediateProofReplayer Proof replay took 7.1ns 
64244      INFO  main            d.u.i.k.p.r.p.TestFile    ... finished proof: closed. 
64474      INFO  main            d.u.i.k.p.i.AbstractProblemLoader Loading environment from /home/runner/work/key/key/key.core/../key.ui/examples/heap/list_ghost/ArrayList_size_dep.key.proof 
64475      DEBUG main            d.u.i.k.p.i.AbstractProblemLoader Environment load took 128.41ns 
64476      INFO  main            d.u.i.k.p.i.AbstractProblemLoader Creating init config 
67219      DEBUG main            d.u.i.k.p.i.AbstractProblemLoader Init config took 2.74s 
67263      INFO  main            d.u.i.k.p.i.AbstractProblemLoader Replaying proof ArrayList[List::size()].JML accessible clause.0 
67276      DEBUG main            d.u.i.k.p.i.IntermediateProofReplayer Proof replay took 11.53ms 
67277      DEBUG main            d.u.i.k.p.r.p.TestFile    ... success: reloaded. 
67278      INFO  main            d.u.i.k.p.r.p.TestFile    Now processing file /home/runner/work/key/key/key.core/../key.ui/examples/heap/list_ghost/ArrayList_size.key 
67278      INFO  main            d.u.i.k.p.i.AbstractProblemLoader Loading environment from /home/runner/work/key/key/key.core/../key.ui/examples/heap/list_ghost/ArrayList_size.key 
67278      DEBUG main            d.u.i.k.p.i.AbstractProblemLoader Environment load took 60.1ns 
67279      INFO  main            d.u.i.k.p.i.AbstractProblemLoader Creating init config 
70044      DEBUG main            d.u.i.k.p.i.AbstractProblemLoader Init config took 2.77s 
70088      INFO  main            d.u.i.k.p.i.AbstractProblemLoader Replaying proof ArrayList[List::size()].JML normal_behavior operation contract.0 
70090      DEBUG main            d.u.i.k.p.i.IntermediateProofReplayer Proof replay took 6.6ns 
70196      INFO  main            d.u.i.k.p.r.p.TestFile    ... finished proof: closed. 
70406      INFO  main            d.u.i.k.p.i.AbstractProblemLoader Loading environment from /home/runner/work/key/key/key.core/../key.ui/examples/heap/list_ghost/ArrayList_size.key.proof 
70406      DEBUG main            d.u.i.k.p.i.AbstractProblemLoader Environment load took 131.91ns 
70407      INFO  main            d.u.i.k.p.i.AbstractProblemLoader Creating init config 
73107      DEBUG main            d.u.i.k.p.i.AbstractProblemLoader Init config took 2.7s 
73150      INFO  main            d.u.i.k.p.i.AbstractProblemLoader Replaying proof ArrayList[List::size()].JML normal_behavior operation contract.0 
73164      DEBUG main            d.u.i.k.p.i.IntermediateProofReplayer Proof replay took 11.63ms 
73165      DEBUG main            d.u.i.k.p.r.p.TestFile    ... success: reloaded. 
1325982    INFO  Test worker     d.u.i.k.p.r.RunAllProofsTestUnit Returning from test list_ghost 
1325983    INFO  Test worker     d.u.i.k.p.r.RunAllProofsTestUnit Running test list_recursive 
399        INFO  Timeout watchdog d.u.i.k.p.r.p.ForkedTestFileRunner Timeout watcher launched (2000 secs.) 
412        WARN  main            d.u.i.k.s.ProofSettings   The settings in /home/runner/.key/proof-settings.props are *not* read. 
443        INFO  main            d.u.i.k.p.r.p.TestFile    Now processing file /home/runner/work/key/key/key.core/../key.ui/examples/heap/list_recursiveSpec/ListOperationsNonNull_getNextNN_normal_behavior.key 
586        INFO  main            d.u.i.k.p.i.AbstractProblemLoader Loading environment from /home/runner/work/key/key/key.core/../key.ui/examples/heap/list_recursiveSpec/ListOperationsNonNull_getNextNN_normal_behavior.key 
609        DEBUG main            d.u.i.k.p.i.AbstractProblemLoader Environment load took 2.22ms 
903        INFO  main            d.u.i.k.p.i.AbstractProblemLoader Creating init config 
1860       DEBUG main            d.u.i.k.j.TypeConverter   No LDT found for Meta 
1864       DEBUG main            d.u.i.k.j.TypeConverter   No LDT found for Meta 
1867       DEBUG main            d.u.i.k.j.TypeConverter   No LDT found for Meta 
1868       DEBUG main            d.u.i.k.j.TypeConverter   No LDT found for Meta 
3339       DEBUG main            d.u.i.k.j.TypeConverter   No LDT found for JavaBigintExpression 
9285       DEBUG main            d.u.i.k.p.i.AbstractProblemLoader Init config took 8.38s 
9500       INFO  main            d.u.i.k.p.i.AbstractProblemLoader Replaying proof ListOperationsNonNull[ListOperationsNonNull::getNextNN(ListNN,int)].JML normal_behavior operation contract.0 
9547       DEBUG main            d.u.i.k.p.i.IntermediateProofReplayer Proof replay took 36.4ns 
10889      INFO  main            d.u.i.k.p.r.p.TestFile    ... finished proof: closed. 
11028      INFO  main            d.u.i.k.p.i.AbstractProblemLoader Loading environment from /home/runner/work/key/key/key.core/../key.ui/examples/heap/list_recursiveSpec/ListOperationsNonNull_getNextNN_normal_behavior.key.proof 
11029      DEBUG main            d.u.i.k.p.i.AbstractProblemLoader Environment load took 1.27ms 
11034      INFO  main            d.u.i.k.p.i.AbstractProblemLoader Creating init config 
14626      DEBUG main            d.u.i.k.p.i.AbstractProblemLoader Init config took 3.59s 
14736      INFO  main            d.u.i.k.p.i.AbstractProblemLoader Replaying proof ListOperationsNonNull[ListOperationsNonNull::getNextNN(ListNN,int)].JML normal_behavior operation contract.0 
14946      DEBUG main            d.u.i.k.p.i.IntermediateProofReplayer Proof replay took 201.91ms 
14954      DEBUG main            d.u.i.k.p.r.p.TestFile    ... success: reloaded. 
14956      INFO  main            d.u.i.k.p.r.p.TestFile    Now processing file /home/runner/work/key/key/key.core/../key.ui/examples/heap/list_recursiveSpec/ListOperationsNonNull_setValueAt_normal_behavior.key 
14957      INFO  main            d.u.i.k.p.i.AbstractProblemLoader Loading environment from /home/runner/work/key/key/key.core/../key.ui/examples/heap/list_recursiveSpec/ListOperationsNonNull_setValueAt_normal_behavior.key 
14964      DEBUG main            d.u.i.k.p.i.AbstractProblemLoader Environment load took 7.26ms 
14966      INFO  main            d.u.i.k.p.i.AbstractProblemLoader Creating init config 
18428      DEBUG main            d.u.i.k.p.i.AbstractProblemLoader Init config took 3.46s 
18511      INFO  main            d.u.i.k.p.i.AbstractProblemLoader Replaying proof ListOperationsNonNull[ListOperationsNonNull::setValueAt_NN(ListNN,int,int)].JML normal_behavior operation contract.0 
18518      DEBUG main            d.u.i.k.p.i.IntermediateProofReplayer Proof replay took 6.3ns 
18563      DEBUG main            d.u.i.k.m.s.ProofScriptEngine [1] goal: 0, source line: 51, command: 'macro autopilot' 
21627      DEBUG main            d.u.i.k.m.s.ProofScriptEngine [2] goal: 79, source line: 52, command: 'macro simp-upd' 
21633      DEBUG main            d.u.i.k.m.s.ProofScriptEngine [3] goal: 1451, source line: 53, command: 'rule observerDependencyEQ' 
21648      DEBUG main            d.u.i.k.m.s.ProofScriptEngine [4] goal: 1452, source line: 54, command: 'tryclose' 
21681      INFO  main            d.u.i.k.p.r.p.TestFile    ... finished proof: closed. 
21878      INFO  main            d.u.i.k.p.i.AbstractProblemLoader Loading environment from /home/runner/work/key/key/key.core/../key.ui/examples/heap/list_recursiveSpec/ListOperationsNonNull_setValueAt_normal_behavior.key.proof 
21879      DEBUG main            d.u.i.k.p.i.AbstractProblemLoader Environment load took 533.22ns 
21885      INFO  main            d.u.i.k.p.i.AbstractProblemLoader Creating init config 
25336      DEBUG main            d.u.i.k.p.i.AbstractProblemLoader Init config took 3.45s 
25393      INFO  main            d.u.i.k.p.i.AbstractProblemLoader Replaying proof ListOperationsNonNull[ListOperationsNonNull::setValueAt_NN(ListNN,int,int)].JML normal_behavior operation contract.0 
25504      DEBUG main            d.u.i.k.p.i.IntermediateProofReplayer Proof replay took 106.51ms 
25510      DEBUG main            d.u.i.k.p.r.p.TestFile    ... success: reloaded. 
1351678    INFO  Test worker     d.u.i.k.p.r.RunAllProofsTestUnit Returning from test list_recursive 
1351680    INFO  Test worker     d.u.i.k.p.r.RunAllProofsTestUnit Running test list_seq 
385        INFO  Timeout watchdog d.u.i.k.p.r.p.ForkedTestFileRunner Timeout watcher launched (2000 secs.) 
398        WARN  main            d.u.i.k.s.ProofSettings   The settings in /home/runner/.key/proof-settings.props are *not* read. 
435        INFO  main            d.u.i.k.p.r.p.TestFile    Now processing file /home/runner/work/key/key/key.core/../key.ui/examples/heap/list_seq/SimplifiedLinkedList.remove.key 
608        INFO  main            d.u.i.k.p.i.AbstractProblemLoader Loading environment from /home/runner/work/key/key/key.core/../key.ui/examples/heap/list_seq/SimplifiedLinkedList.remove.key 
624        DEBUG main            d.u.i.k.p.i.AbstractProblemLoader Environment load took 1.75ms 
870        INFO  main            d.u.i.k.p.i.AbstractProblemLoader Creating init config 
1954       DEBUG main            d.u.i.k.j.TypeConverter   No LDT found for Meta 
1954       DEBUG main            d.u.i.k.j.TypeConverter   No LDT found for Meta 
1958       DEBUG main            d.u.i.k.j.TypeConverter   No LDT found for Meta 
1958       DEBUG main            d.u.i.k.j.TypeConverter   No LDT found for Meta 
3386       DEBUG main            d.u.i.k.j.TypeConverter   No LDT found for JavaBigintExpression 
9702       DEBUG main            d.u.i.k.p.i.AbstractProblemLoader Init config took 8.83s 
9901       INFO  main            d.u.i.k.p.i.AbstractProblemLoader Replaying proof SimplifiedLinkedList[SimplifiedLinkedList::remove(int)].JML normal_behavior operation contract.0 
9986       DEBUG main            d.u.i.k.p.i.IntermediateProofReplayer Proof replay took 48.6ns 
83327      INFO  main            d.u.i.k.p.r.p.TestFile    ... finished proof: closed. 
83714      INFO  main            d.u.i.k.p.i.AbstractProblemLoader Loading environment from /home/runner/work/key/key/key.core/../key.ui/examples/heap/list_seq/SimplifiedLinkedList.remove.key.proof 
83715      DEBUG main            d.u.i.k.p.i.AbstractProblemLoader Environment load took 956.54ns 
83738      INFO  main            d.u.i.k.p.i.AbstractProblemLoader Creating init config 
87406      DEBUG main            d.u.i.k.p.i.AbstractProblemLoader Init config took 3.67s 
87497      INFO  main            d.u.i.k.p.i.AbstractProblemLoader Replaying proof SimplifiedLinkedList[SimplifiedLinkedList::remove(int)].JML normal_behavior operation contract.0 
90724      DEBUG main            d.u.i.k.p.i.IntermediateProofReplayer Proof replay took 2.85s 
90746      DEBUG main            d.u.i.k.p.r.p.TestFile    ... success: reloaded. 
90748      INFO  main            d.u.i.k.p.r.p.TestFile    Now processing file /home/runner/work/key/key/key.core/../key.ui/examples/heap/list_seq/ArrayList.ArrayList.key 
90756      INFO  main            d.u.i.k.p.i.AbstractProblemLoader Loading environment from /home/runner/work/key/key/key.core/../key.ui/examples/heap/list_seq/ArrayList.ArrayList.key 
90756      DEBUG main            d.u.i.k.p.i.AbstractProblemLoader Environment load took 336.71ns 
90758      INFO  main            d.u.i.k.p.i.AbstractProblemLoader Creating init config 
94329      DEBUG main            d.u.i.k.p.i.AbstractProblemLoader Init config took 3.57s 
94434      INFO  main            d.u.i.k.p.i.AbstractProblemLoader Replaying proof ArrayList[ArrayList::ArrayList()].JML normal_behavior operation contract.0 
94437      DEBUG main            d.u.i.k.p.i.IntermediateProofReplayer Proof replay took 7ns 
95670      INFO  main            d.u.i.k.p.r.p.TestFile    ... finished proof: closed. 
95850      INFO  main            d.u.i.k.p.i.AbstractProblemLoader Loading environment from /home/runner/work/key/key/key.core/../key.ui/examples/heap/list_seq/ArrayList.ArrayList.key.proof 
95851      DEBUG main            d.u.i.k.p.i.AbstractProblemLoader Environment load took 508.82ns 
95854      INFO  main            d.u.i.k.p.i.AbstractProblemLoader Creating init config 
99228      DEBUG main            d.u.i.k.p.i.AbstractProblemLoader Init config took 3.37s 
99313      INFO  main            d.u.i.k.p.i.AbstractProblemLoader Replaying proof ArrayList[ArrayList::ArrayList()].JML normal_behavior operation contract.0 
99437      DEBUG main            d.u.i.k.p.i.IntermediateProofReplayer Proof replay took 118.42ms 
99438      DEBUG main            d.u.i.k.p.r.p.TestFile    ... success: reloaded. 
99439      INFO  main            d.u.i.k.p.r.p.TestFile    Now processing file /home/runner/work/key/key/key.core/../key.ui/examples/heap/list_seq/ArrayList.add.key 
99440      INFO  main            d.u.i.k.p.i.AbstractProblemLoader Loading environment from /home/runner/work/key/key/key.core/../key.ui/examples/heap/list_seq/ArrayList.add.key 
99440      DEBUG main            d.u.i.k.p.i.AbstractProblemLoader Environment load took 266.51ns 
99441      INFO  main            d.u.i.k.p.i.AbstractProblemLoader Creating init config 
102808     DEBUG main            d.u.i.k.p.i.AbstractProblemLoader Init config took 3.37s 
102900     INFO  main            d.u.i.k.p.i.AbstractProblemLoader Replaying proof ArrayList[List::add(java.lang.Object)].JML normal_behavior operation contract.0 
102902     DEBUG main            d.u.i.k.p.i.IntermediateProofReplayer Proof replay took 6.9ns 
106587     INFO  main            d.u.i.k.p.r.p.TestFile    ... finished proof: closed. 
106794     INFO  main            d.u.i.k.p.i.AbstractProblemLoader Loading environment from /home/runner/work/key/key/key.core/../key.ui/examples/heap/list_seq/ArrayList.add.key.proof 
106795     DEBUG main            d.u.i.k.p.i.AbstractProblemLoader Environment load took 517.01ns 
106796     INFO  main            d.u.i.k.p.i.AbstractProblemLoader Creating init config 
110128     DEBUG main            d.u.i.k.p.i.AbstractProblemLoader Init config took 3.33s 
110228     INFO  main            d.u.i.k.p.i.AbstractProblemLoader Replaying proof ArrayList[List::add(java.lang.Object)].JML normal_behavior operation contract.0 
110495     DEBUG main            d.u.i.k.p.i.IntermediateProofReplayer Proof replay took 247.08ms 
110496     DEBUG main            d.u.i.k.p.r.p.TestFile    ... success: reloaded. 
110499     INFO  main            d.u.i.k.p.r.p.TestFile    Now processing file /home/runner/work/key/key/key.core/../key.ui/examples/heap/list_seq/ArrayList.contains.key 
110499     INFO  main            d.u.i.k.p.i.AbstractProblemLoader Loading environment from /home/runner/work/key/key/key.core/../key.ui/examples/heap/list_seq/ArrayList.contains.key 
110499     DEBUG main            d.u.i.k.p.i.AbstractProblemLoader Environment load took 114ns 
110500     INFO  main            d.u.i.k.p.i.AbstractProblemLoader Creating init config 
113831     DEBUG main            d.u.i.k.p.i.AbstractProblemLoader Init config took 3.33s 
113915     INFO  main            d.u.i.k.p.i.AbstractProblemLoader Replaying proof ArrayList[List::contains(java.lang.Object)].JML normal_behavior operation contract.0 
113917     DEBUG main            d.u.i.k.p.i.IntermediateProofReplayer Proof replay took 5.6ns 
115743     INFO  main            d.u.i.k.p.r.p.TestFile    ... finished proof: closed. 
115954     INFO  main            d.u.i.k.p.i.AbstractProblemLoader Loading environment from /home/runner/work/key/key/key.core/../key.ui/examples/heap/list_seq/ArrayList.contains.key.proof 
115954     DEBUG main            d.u.i.k.p.i.AbstractProblemLoader Environment load took 514.02ns 
115956     INFO  main            d.u.i.k.p.i.AbstractProblemLoader Creating init config 
119224     DEBUG main            d.u.i.k.p.i.AbstractProblemLoader Init config took 3.27s 
119317     INFO  main            d.u.i.k.p.i.AbstractProblemLoader Replaying proof ArrayList[List::contains(java.lang.Object)].JML normal_behavior operation contract.0 
119512     DEBUG main            d.u.i.k.p.i.IntermediateProofReplayer Proof replay took 184.76ms 
119514     DEBUG main            d.u.i.k.p.r.p.TestFile    ... success: reloaded. 
119515     INFO  main            d.u.i.k.p.r.p.TestFile    Now processing file /home/runner/work/key/key/key.core/../key.ui/examples/heap/list_seq/ArrayList.enlarge.key 
119515     INFO  main            d.u.i.k.p.i.AbstractProblemLoader Loading environment from /home/runner/work/key/key/key.core/../key.ui/examples/heap/list_seq/ArrayList.enlarge.key 
119516     DEBUG main            d.u.i.k.p.i.AbstractProblemLoader Environment load took 262.71ns 
119517     INFO  main            d.u.i.k.p.i.AbstractProblemLoader Creating init config 
122847     DEBUG main            d.u.i.k.p.i.AbstractProblemLoader Init config took 3.33s 
122953     INFO  main            d.u.i.k.p.i.AbstractProblemLoader Replaying proof ArrayList[ArrayList::enlarge()].JML normal_behavior operation contract.0 
122955     DEBUG main            d.u.i.k.p.i.IntermediateProofReplayer Proof replay took 6.2ns 
125161     INFO  main            d.u.i.k.p.r.p.TestFile    ... finished proof: closed. 
125368     INFO  main            d.u.i.k.p.i.AbstractProblemLoader Loading environment from /home/runner/work/key/key/key.core/../key.ui/examples/heap/list_seq/ArrayList.enlarge.key.proof 
125368     DEBUG main            d.u.i.k.p.i.AbstractProblemLoader Environment load took 567.72ns 
125370     INFO  main            d.u.i.k.p.i.AbstractProblemLoader Creating init config 
128676     DEBUG main            d.u.i.k.p.i.AbstractProblemLoader Init config took 3.31s 
128755     INFO  main            d.u.i.k.p.i.AbstractProblemLoader Replaying proof ArrayList[ArrayList::enlarge()].JML normal_behavior operation contract.0 
128991     DEBUG main            d.u.i.k.p.i.IntermediateProofReplayer Proof replay took 225.34ms 
128992     DEBUG main            d.u.i.k.p.r.p.TestFile    ... success: reloaded. 
128994     INFO  main            d.u.i.k.p.r.p.TestFile    Now processing file /home/runner/work/key/key/key.core/../key.ui/examples/heap/list_seq/ArrayList.get.key 
128994     INFO  main            d.u.i.k.p.i.AbstractProblemLoader Loading environment from /home/runner/work/key/key/key.core/../key.ui/examples/heap/list_seq/ArrayList.get.key 
128994     DEBUG main            d.u.i.k.p.i.AbstractProblemLoader Environment load took 254.41ns 
128996     INFO  main            d.u.i.k.p.i.AbstractProblemLoader Creating init config 
132249     DEBUG main            d.u.i.k.p.i.AbstractProblemLoader Init config took 3.25s 
132330     INFO  main            d.u.i.k.p.i.AbstractProblemLoader Replaying proof ArrayList[List::get(int)].JML normal_behavior operation contract.0 
132332     DEBUG main            d.u.i.k.p.i.IntermediateProofReplayer Proof replay took 6.8ns 
132936     INFO  main            d.u.i.k.p.r.p.TestFile    ... finished proof: closed. 
133158     INFO  main            d.u.i.k.p.i.AbstractProblemLoader Loading environment from /home/runner/work/key/key/key.core/../key.ui/examples/heap/list_seq/ArrayList.get.key.proof 
133159     DEBUG main            d.u.i.k.p.i.AbstractProblemLoader Environment load took 592.32ns 
133161     INFO  main            d.u.i.k.p.i.AbstractProblemLoader Creating init config 
136349     DEBUG main            d.u.i.k.p.i.AbstractProblemLoader Init config took 3.19s 
136444     INFO  main            d.u.i.k.p.i.AbstractProblemLoader Replaying proof ArrayList[List::get(int)].JML normal_behavior operation contract.0 
136492     DEBUG main            d.u.i.k.p.i.IntermediateProofReplayer Proof replay took 44.27ms 
136494     DEBUG main            d.u.i.k.p.r.p.TestFile    ... success: reloaded. 
136495     INFO  main            d.u.i.k.p.r.p.TestFile    Now processing file /home/runner/work/key/key/key.core/../key.ui/examples/heap/list_seq/ArrayList.newArray.key 
136495     INFO  main            d.u.i.k.p.i.AbstractProblemLoader Loading environment from /home/runner/work/key/key/key.core/../key.ui/examples/heap/list_seq/ArrayList.newArray.key 
136495     DEBUG main            d.u.i.k.p.i.AbstractProblemLoader Environment load took 121.5ns 
136496     INFO  main            d.u.i.k.p.i.AbstractProblemLoader Creating init config 
139757     DEBUG main            d.u.i.k.p.i.AbstractProblemLoader Init config took 3.26s 
139835     INFO  main            d.u.i.k.p.i.AbstractProblemLoader Replaying proof ArrayList[ArrayList::newArray(int)].JML normal_behavior operation contract.0 
139837     DEBUG main            d.u.i.k.p.i.IntermediateProofReplayer Proof replay took 7.2ns 
140243     INFO  main            d.u.i.k.p.r.p.TestFile    ... finished proof: closed. 
140441     INFO  main            d.u.i.k.p.i.AbstractProblemLoader Loading environment from /home/runner/work/key/key/key.core/../key.ui/examples/heap/list_seq/ArrayList.newArray.key.proof 
140441     DEBUG main            d.u.i.k.p.i.AbstractProblemLoader Environment load took 138.41ns 
140442     INFO  main            d.u.i.k.p.i.AbstractProblemLoader Creating init config 
143685     DEBUG main            d.u.i.k.p.i.AbstractProblemLoader Init config took 3.24s 
143763     INFO  main            d.u.i.k.p.i.AbstractProblemLoader Replaying proof ArrayList[ArrayList::newArray(int)].JML normal_behavior operation contract.0 
143811     DEBUG main            d.u.i.k.p.i.IntermediateProofReplayer Proof replay took 44.26ms 
143812     DEBUG main            d.u.i.k.p.r.p.TestFile    ... success: reloaded. 
143813     INFO  main            d.u.i.k.p.r.p.TestFile    Now processing file /home/runner/work/key/key/key.core/../key.ui/examples/heap/list_seq/ArrayList.remove.0.key 
143814     INFO  main            d.u.i.k.p.i.AbstractProblemLoader Loading environment from /home/runner/work/key/key/key.core/../key.ui/examples/heap/list_seq/ArrayList.remove.0.key 
143814     DEBUG main            d.u.i.k.p.i.AbstractProblemLoader Environment load took 258.51ns 
143815     INFO  main            d.u.i.k.p.i.AbstractProblemLoader Creating init config 
147160     DEBUG main            d.u.i.k.p.i.AbstractProblemLoader Init config took 3.35s 
147253     INFO  main            d.u.i.k.p.i.AbstractProblemLoader Replaying proof ArrayList[List::remove(java.lang.Object)].JML normal_behavior operation contract.0 
147254     DEBUG main            d.u.i.k.p.i.IntermediateProofReplayer Proof replay took 6.8ns 
149361     INFO  main            d.u.i.k.p.r.p.TestFile    ... finished proof: closed. 
149612     INFO  main            d.u.i.k.p.i.AbstractProblemLoader Loading environment from /home/runner/work/key/key/key.core/../key.ui/examples/heap/list_seq/ArrayList.remove.0.key.proof 
149612     DEBUG main            d.u.i.k.p.i.AbstractProblemLoader Environment load took 148.01ns 
149614     INFO  main            d.u.i.k.p.i.AbstractProblemLoader Creating init config 
152784     DEBUG main            d.u.i.k.p.i.AbstractProblemLoader Init config took 3.17s 
152872     INFO  main            d.u.i.k.p.i.AbstractProblemLoader Replaying proof ArrayList[List::remove(java.lang.Object)].JML normal_behavior operation contract.0 
153229     DEBUG main            d.u.i.k.p.i.IntermediateProofReplayer Proof replay took 349.08ms 
153231     DEBUG main            d.u.i.k.p.r.p.TestFile    ... success: reloaded. 
153235     INFO  main            d.u.i.k.p.r.p.TestFile    Now processing file /home/runner/work/key/key/key.core/../key.ui/examples/heap/list_seq/ArrayList.remove.1.key 
153235     INFO  main            d.u.i.k.p.i.AbstractProblemLoader Loading environment from /home/runner/work/key/key/key.core/../key.ui/examples/heap/list_seq/ArrayList.remove.1.key 
153235     DEBUG main            d.u.i.k.p.i.AbstractProblemLoader Environment load took 75ns 
153236     INFO  main            d.u.i.k.p.i.AbstractProblemLoader Creating init config 
156622     DEBUG main            d.u.i.k.p.i.AbstractProblemLoader Init config took 3.39s 
156721     INFO  main            d.u.i.k.p.i.AbstractProblemLoader Replaying proof ArrayList[List::remove(java.lang.Object)].JML normal_behavior operation contract.1 
156723     DEBUG main            d.u.i.k.p.i.IntermediateProofReplayer Proof replay took 6.9ns 
169180     INFO  main            d.u.i.k.p.r.p.TestFile    ... finished proof: closed. 
169472     INFO  main            d.u.i.k.p.i.AbstractProblemLoader Loading environment from /home/runner/work/key/key/key.core/../key.ui/examples/heap/list_seq/ArrayList.remove.1.key.proof 
169473     DEBUG main            d.u.i.k.p.i.AbstractProblemLoader Environment load took 508.52ns 
169476     INFO  main            d.u.i.k.p.i.AbstractProblemLoader Creating init config 
172684     DEBUG main            d.u.i.k.p.i.AbstractProblemLoader Init config took 3.21s 
172759     INFO  main            d.u.i.k.p.i.AbstractProblemLoader Replaying proof ArrayList[List::remove(java.lang.Object)].JML normal_behavior operation contract.1 
173659     DEBUG main            d.u.i.k.p.i.IntermediateProofReplayer Proof replay took 859.38ms 
173662     DEBUG main            d.u.i.k.p.r.p.TestFile    ... success: reloaded. 
1525543    INFO  Test worker     d.u.i.k.p.r.RunAllProofsTestUnit Returning from test list_seq 
1525545    INFO  Test worker     d.u.i.k.p.r.RunAllProofsTestUnit Running test observer 
404        INFO  Timeout watchdog d.u.i.k.p.r.p.ForkedTestFileRunner Timeout watcher launched (2000 secs.) 
410        WARN  main            d.u.i.k.s.ProofSettings   The settings in /home/runner/.key/proof-settings.props are *not* read. 
440        INFO  main            d.u.i.k.p.r.p.TestFile    Now processing file /home/runner/work/key/key/key.core/../key.ui/examples/heap/observer/ExampleObserver_ExampleObserver.key 
562        INFO  main            d.u.i.k.p.i.AbstractProblemLoader Loading environment from /home/runner/work/key/key/key.core/../key.ui/examples/heap/observer/ExampleObserver_ExampleObserver.key 
598        DEBUG main            d.u.i.k.p.i.AbstractProblemLoader Environment load took 2.33ms 
845        INFO  main            d.u.i.k.p.i.AbstractProblemLoader Creating init config 
1881       DEBUG main            d.u.i.k.j.TypeConverter   No LDT found for Meta 
1881       DEBUG main            d.u.i.k.j.TypeConverter   No LDT found for Meta 
1882       DEBUG main            d.u.i.k.j.TypeConverter   No LDT found for Meta 
1882       DEBUG main            d.u.i.k.j.TypeConverter   No LDT found for Meta 
3486       DEBUG main            d.u.i.k.j.TypeConverter   No LDT found for JavaBigintExpression 
9465       DEBUG main            d.u.i.k.p.i.AbstractProblemLoader Init config took 8.62s 
9606       INFO  main            d.u.i.k.p.i.AbstractProblemLoader Replaying proof ExampleObserver[ExampleObserver::ExampleObserver(ExampleSubject)].JML normal_behavior operation contract.0 
9642       DEBUG main            d.u.i.k.p.i.IntermediateProofReplayer Proof replay took 38.6ns 
10769      INFO  main            d.u.i.k.p.r.p.TestFile    ... finished proof: closed. 
10915      INFO  main            d.u.i.k.p.i.AbstractProblemLoader Loading environment from /home/runner/work/key/key/key.core/../key.ui/examples/heap/observer/ExampleObserver_ExampleObserver.key.proof 
10916      DEBUG main            d.u.i.k.p.i.AbstractProblemLoader Environment load took 537.02ns 
10918      INFO  main            d.u.i.k.p.i.AbstractProblemLoader Creating init config 
14504      DEBUG main            d.u.i.k.p.i.AbstractProblemLoader Init config took 3.59s 
14594      INFO  main            d.u.i.k.p.i.AbstractProblemLoader Replaying proof ExampleObserver[ExampleObserver::ExampleObserver(ExampleSubject)].JML normal_behavior operation contract.0 
14711      DEBUG main            d.u.i.k.p.i.IntermediateProofReplayer Proof replay took 110.02ms 
14719      DEBUG main            d.u.i.k.p.r.p.TestFile    ... success: reloaded. 
14721      INFO  main            d.u.i.k.p.r.p.TestFile    Now processing file /home/runner/work/key/key/key.core/../key.ui/examples/heap/observer/ExampleObserver_inv.key 
14721      INFO  main            d.u.i.k.p.i.AbstractProblemLoader Loading environment from /home/runner/work/key/key/key.core/../key.ui/examples/heap/observer/ExampleObserver_inv.key 
14721      DEBUG main            d.u.i.k.p.i.AbstractProblemLoader Environment load took 287.71ns 
14723      INFO  main            d.u.i.k.p.i.AbstractProblemLoader Creating init config 
17937      DEBUG main            d.u.i.k.p.i.AbstractProblemLoader Init config took 3.21s 
18003      INFO  main            d.u.i.k.p.i.AbstractProblemLoader Replaying proof ExampleObserver[java.lang.Object::<inv>()].JML accessible clause.0 
18006      DEBUG main            d.u.i.k.p.i.IntermediateProofReplayer Proof replay took 6.5ns 
18109      INFO  main            d.u.i.k.p.r.p.TestFile    ... finished proof: closed. 
18256      INFO  main            d.u.i.k.p.i.AbstractProblemLoader Loading environment from /home/runner/work/key/key/key.core/../key.ui/examples/heap/observer/ExampleObserver_inv.key.proof 
18256      DEBUG main            d.u.i.k.p.i.AbstractProblemLoader Environment load took 141.21ns 
18258      INFO  main            d.u.i.k.p.i.AbstractProblemLoader Creating init config 
21431      DEBUG main            d.u.i.k.p.i.AbstractProblemLoader Init config took 3.17s 
21501      INFO  main            d.u.i.k.p.i.AbstractProblemLoader Replaying proof ExampleObserver[java.lang.Object::<inv>()].JML accessible clause.0 
21518      DEBUG main            d.u.i.k.p.i.IntermediateProofReplayer Proof replay took 14.63ms 
21520      DEBUG main            d.u.i.k.p.r.p.TestFile    ... success: reloaded. 
21521      INFO  main            d.u.i.k.p.r.p.TestFile    Now processing file /home/runner/work/key/key/key.core/../key.ui/examples/heap/observer/ExampleObserver_subject.key 
21522      INFO  main            d.u.i.k.p.i.AbstractProblemLoader Loading environment from /home/runner/work/key/key/key.core/../key.ui/examples/heap/observer/ExampleObserver_subject.key 
21522      DEBUG main            d.u.i.k.p.i.AbstractProblemLoader Environment load took 275.11ns 
21523      INFO  main            d.u.i.k.p.i.AbstractProblemLoader Creating init config 
24735      DEBUG main            d.u.i.k.p.i.AbstractProblemLoader Init config took 3.21s 
24789      INFO  main            d.u.i.k.p.i.AbstractProblemLoader Replaying proof Observer[Observer::$subject()].JML accessible clause.0 
24792      DEBUG main            d.u.i.k.p.i.IntermediateProofReplayer Proof replay took 6.5ns 
24897      INFO  main            d.u.i.k.p.r.p.TestFile    ... finished proof: closed. 
25096      INFO  main            d.u.i.k.p.i.AbstractProblemLoader Loading environment from /home/runner/work/key/key/key.core/../key.ui/examples/heap/observer/ExampleObserver_subject.key.proof 
25096      DEBUG main            d.u.i.k.p.i.AbstractProblemLoader Environment load took 133.6ns 
25098      INFO  main            d.u.i.k.p.i.AbstractProblemLoader Creating init config 
28258      DEBUG main            d.u.i.k.p.i.AbstractProblemLoader Init config took 3.16s 
28310      INFO  main            d.u.i.k.p.i.AbstractProblemLoader Replaying proof Observer[Observer::$subject()].JML accessible clause.0 
28314      DEBUG main            d.u.i.k.p.i.IntermediateProofReplayer Proof replay took 2ms 
28315      DEBUG main            d.u.i.k.p.r.p.TestFile    ... success: reloaded. 
28316      INFO  main            d.u.i.k.p.r.p.TestFile    Now processing file /home/runner/work/key/key/key.core/../key.ui/examples/heap/observer/ExampleObserver_update.key 
28316      INFO  main            d.u.i.k.p.i.AbstractProblemLoader Loading environment from /home/runner/work/key/key/key.core/../key.ui/examples/heap/observer/ExampleObserver_update.key 
28317      DEBUG main            d.u.i.k.p.i.AbstractProblemLoader Environment load took 115ns 
28318      INFO  main            d.u.i.k.p.i.AbstractProblemLoader Creating init config 
31402      DEBUG main            d.u.i.k.p.i.AbstractProblemLoader Init config took 3.08s 
31456      INFO  main            d.u.i.k.p.i.AbstractProblemLoader Replaying proof ExampleObserver[Observer::update()].JML normal_behavior operation contract.0 
31459      DEBUG main            d.u.i.k.p.i.IntermediateProofReplayer Proof replay took 7.3ns 
31762      INFO  main            d.u.i.k.p.r.p.TestFile    ... finished proof: closed. 
31949      INFO  main            d.u.i.k.p.i.AbstractProblemLoader Loading environment from /home/runner/work/key/key/key.core/../key.ui/examples/heap/observer/ExampleObserver_update.key.proof 
31951      DEBUG main            d.u.i.k.p.i.AbstractProblemLoader Environment load took 2.62ms 
31953      INFO  main            d.u.i.k.p.i.AbstractProblemLoader Creating init config 
35011      DEBUG main            d.u.i.k.p.i.AbstractProblemLoader Init config took 3.06s 
35064      INFO  main            d.u.i.k.p.i.AbstractProblemLoader Replaying proof ExampleObserver[Observer::update()].JML normal_behavior operation contract.0 
35127      DEBUG main            d.u.i.k.p.i.IntermediateProofReplayer Proof replay took 59.36ms 
35128      DEBUG main            d.u.i.k.p.r.p.TestFile    ... success: reloaded. 
35130      INFO  main            d.u.i.k.p.r.p.TestFile    Now processing file /home/runner/work/key/key/key.core/../key.ui/examples/heap/observer/ExampleObserver_upToDate.key 
35130      INFO  main            d.u.i.k.p.i.AbstractProblemLoader Loading environment from /home/runner/work/key/key/key.core/../key.ui/examples/heap/observer/ExampleObserver_upToDate.key 
35130      DEBUG main            d.u.i.k.p.i.AbstractProblemLoader Environment load took 287.91ns 
35132      INFO  main            d.u.i.k.p.i.AbstractProblemLoader Creating init config 
38253      DEBUG main            d.u.i.k.p.i.AbstractProblemLoader Init config took 3.12s 
38304      INFO  main            d.u.i.k.p.i.AbstractProblemLoader Replaying proof ExampleObserver[Observer::$upToDate()].JML accessible clause.0 
38308      DEBUG main            d.u.i.k.p.i.IntermediateProofReplayer Proof replay took 7.7ns 
38512      INFO  main            d.u.i.k.p.r.p.TestFile    ... finished proof: closed. 
38704      INFO  main            d.u.i.k.p.i.AbstractProblemLoader Loading environment from /home/runner/work/key/key/key.core/../key.ui/examples/heap/observer/ExampleObserver_upToDate.key.proof 
38704      DEBUG main            d.u.i.k.p.i.AbstractProblemLoader Environment load took 127.2ns 
38705      INFO  main            d.u.i.k.p.i.AbstractProblemLoader Creating init config 
41793      DEBUG main            d.u.i.k.p.i.AbstractProblemLoader Init config took 3.09s 
41842      INFO  main            d.u.i.k.p.i.AbstractProblemLoader Replaying proof ExampleObserver[Observer::$upToDate()].JML accessible clause.0 
41861      DEBUG main            d.u.i.k.p.i.IntermediateProofReplayer Proof replay took 16.46ms 
41862      DEBUG main            d.u.i.k.p.r.p.TestFile    ... success: reloaded. 
41863      INFO  main            d.u.i.k.p.r.p.TestFile    Now processing file /home/runner/work/key/key/key.core/../key.ui/examples/heap/observer/ExampleObserver_value.key 
41864      INFO  main            d.u.i.k.p.i.AbstractProblemLoader Loading environment from /home/runner/work/key/key/key.core/../key.ui/examples/heap/observer/ExampleObserver_value.key 
41864      DEBUG main            d.u.i.k.p.i.AbstractProblemLoader Environment load took 120.3ns 
41865      INFO  main            d.u.i.k.p.i.AbstractProblemLoader Creating init config 
44881      DEBUG main            d.u.i.k.p.i.AbstractProblemLoader Init config took 3.02s 
44932      INFO  main            d.u.i.k.p.i.AbstractProblemLoader Replaying proof ExampleObserver[ExampleObserver::value()].JML normal_behavior operation contract.0 
44934      DEBUG main            d.u.i.k.p.i.IntermediateProofReplayer Proof replay took 6.4ns 
45037      INFO  main            d.u.i.k.p.r.p.TestFile    ... finished proof: closed. 
45227      INFO  main            d.u.i.k.p.i.AbstractProblemLoader Loading environment from /home/runner/work/key/key/key.core/../key.ui/examples/heap/observer/ExampleObserver_value.key.proof 
45227      DEBUG main            d.u.i.k.p.i.AbstractProblemLoader Environment load took 131.91ns 
45229      INFO  main            d.u.i.k.p.i.AbstractProblemLoader Creating init config 
48281      DEBUG main            d.u.i.k.p.i.AbstractProblemLoader Init config took 3.05s 
48329      INFO  main            d.u.i.k.p.i.AbstractProblemLoader Replaying proof ExampleObserver[ExampleObserver::value()].JML normal_behavior operation contract.0 
48348      DEBUG main            d.u.i.k.p.i.IntermediateProofReplayer Proof replay took 16.92ms 
48349      DEBUG main            d.u.i.k.p.r.p.TestFile    ... success: reloaded. 
48350      INFO  main            d.u.i.k.p.r.p.TestFile    Now processing file /home/runner/work/key/key/key.core/../key.ui/examples/heap/observer/ExampleSubject_addObserver.key 
48351      INFO  main            d.u.i.k.p.i.AbstractProblemLoader Loading environment from /home/runner/work/key/key/key.core/../key.ui/examples/heap/observer/ExampleSubject_addObserver.key 
48351      DEBUG main            d.u.i.k.p.i.AbstractProblemLoader Environment load took 109.3ns 
48352      INFO  main            d.u.i.k.p.i.AbstractProblemLoader Creating init config 
51431      DEBUG main            d.u.i.k.p.i.AbstractProblemLoader Init config took 3.08s 
51487      INFO  main            d.u.i.k.p.i.AbstractProblemLoader Replaying proof ExampleSubject[Subject::addObserver(Observer)].JML normal_behavior operation contract.0 
51488      DEBUG main            d.u.i.k.p.i.IntermediateProofReplayer Proof replay took 6.1ns 
57655      INFO  main            d.u.i.k.p.r.p.TestFile    ... finished proof: closed. 
57913      INFO  main            d.u.i.k.p.i.AbstractProblemLoader Loading environment from /home/runner/work/key/key/key.core/../key.ui/examples/heap/observer/ExampleSubject_addObserver.key.proof 
57914      DEBUG main            d.u.i.k.p.i.AbstractProblemLoader Environment load took 566.32ns 
57918      INFO  main            d.u.i.k.p.i.AbstractProblemLoader Creating init config 
60908      DEBUG main            d.u.i.k.p.i.AbstractProblemLoader Init config took 2.99s 
60964      INFO  main            d.u.i.k.p.i.AbstractProblemLoader Replaying proof ExampleSubject[Subject::addObserver(Observer)].JML normal_behavior operation contract.0 
61531      DEBUG main            d.u.i.k.p.i.IntermediateProofReplayer Proof replay took 547.64ms 
61534      DEBUG main            d.u.i.k.p.r.p.TestFile    ... success: reloaded. 
61535      INFO  main            d.u.i.k.p.r.p.TestFile    Now processing file /home/runner/work/key/key/key.core/../key.ui/examples/heap/observer/ExampleSubject_change.key 
61535      INFO  main            d.u.i.k.p.i.AbstractProblemLoader Loading environment from /home/runner/work/key/key/key.core/../key.ui/examples/heap/observer/ExampleSubject_change.key 
61536      DEBUG main            d.u.i.k.p.i.AbstractProblemLoader Environment load took 247.51ns 
61537      INFO  main            d.u.i.k.p.i.AbstractProblemLoader Creating init config 
64618      DEBUG main            d.u.i.k.p.i.AbstractProblemLoader Init config took 3.08s 
64700      INFO  main            d.u.i.k.p.i.AbstractProblemLoader Replaying proof ExampleSubject[ExampleSubject::change()].JML normal_behavior operation contract.0 
64702      DEBUG main            d.u.i.k.p.i.IntermediateProofReplayer Proof replay took 22.3ns 
65206      INFO  main            d.u.i.k.p.r.p.TestFile    ... finished proof: closed. 
65445      INFO  main            d.u.i.k.p.i.AbstractProblemLoader Loading environment from /home/runner/work/key/key/key.core/../key.ui/examples/heap/observer/ExampleSubject_change.key.proof 
65445      DEBUG main            d.u.i.k.p.i.AbstractProblemLoader Environment load took 180.61ns 
65447      INFO  main            d.u.i.k.p.i.AbstractProblemLoader Creating init config 
68425      DEBUG main            d.u.i.k.p.i.AbstractProblemLoader Init config took 2.98s 
68475      INFO  main            d.u.i.k.p.i.AbstractProblemLoader Replaying proof ExampleSubject[ExampleSubject::change()].JML normal_behavior operation contract.0 
68534      DEBUG main            d.u.i.k.p.i.IntermediateProofReplayer Proof replay took 54.97ms 
68536      DEBUG main            d.u.i.k.p.r.p.TestFile    ... success: reloaded. 
68537      INFO  main            d.u.i.k.p.r.p.TestFile    Now processing file /home/runner/work/key/key/key.core/../key.ui/examples/heap/observer/ExampleSubject_ExampleSubject.key 
68538      INFO  main            d.u.i.k.p.i.AbstractProblemLoader Loading environment from /home/runner/work/key/key/key.core/../key.ui/examples/heap/observer/ExampleSubject_ExampleSubject.key 
68538      DEBUG main            d.u.i.k.p.i.AbstractProblemLoader Environment load took 260.21ns 
68539      INFO  main            d.u.i.k.p.i.AbstractProblemLoader Creating init config 
71524      DEBUG main            d.u.i.k.p.i.AbstractProblemLoader Init config took 2.98s 
71594      INFO  main            d.u.i.k.p.i.AbstractProblemLoader Replaying proof ExampleSubject[ExampleSubject::ExampleSubject()].JML normal_behavior operation contract.0 
71596      DEBUG main            d.u.i.k.p.i.IntermediateProofReplayer Proof replay took 6.7ns 
72804      INFO  main            d.u.i.k.p.r.p.TestFile    ... finished proof: closed. 
73018      INFO  main            d.u.i.k.p.i.AbstractProblemLoader Loading environment from /home/runner/work/key/key/key.core/../key.ui/examples/heap/observer/ExampleSubject_ExampleSubject.key.proof 
73018      DEBUG main            d.u.i.k.p.i.AbstractProblemLoader Environment load took 244.61ns 
73020      INFO  main            d.u.i.k.p.i.AbstractProblemLoader Creating init config 
76072      DEBUG main            d.u.i.k.p.i.AbstractProblemLoader Init config took 3.05s 
76120      INFO  main            d.u.i.k.p.i.AbstractProblemLoader Replaying proof ExampleSubject[ExampleSubject::ExampleSubject()].JML normal_behavior operation contract.0 
76260      DEBUG main            d.u.i.k.p.i.IntermediateProofReplayer Proof replay took 133.03ms 
76261      DEBUG main            d.u.i.k.p.r.p.TestFile    ... success: reloaded. 
76263      INFO  main            d.u.i.k.p.r.p.TestFile    Now processing file /home/runner/work/key/key/key.core/../key.ui/examples/heap/observer/ExampleSubject_footprint.key 
76263      INFO  main            d.u.i.k.p.i.AbstractProblemLoader Loading environment from /home/runner/work/key/key/key.core/../key.ui/examples/heap/observer/ExampleSubject_footprint.key 
76263      DEBUG main            d.u.i.k.p.i.AbstractProblemLoader Environment load took 272.71ns 
76265      INFO  main            d.u.i.k.p.i.AbstractProblemLoader Creating init config 
79218      DEBUG main            d.u.i.k.p.i.AbstractProblemLoader Init config took 2.95s 
79267      INFO  main            d.u.i.k.p.i.AbstractProblemLoader Replaying proof ExampleSubject[Subject::$footprint()].JML accessible clause.0 
79269      DEBUG main            d.u.i.k.p.i.IntermediateProofReplayer Proof replay took 6.9ns 
79372      INFO  main            d.u.i.k.p.r.p.TestFile    ... finished proof: closed. 
79613      INFO  main            d.u.i.k.p.i.AbstractProblemLoader Loading environment from /home/runner/work/key/key/key.core/../key.ui/examples/heap/observer/ExampleSubject_footprint.key.proof 
79613      DEBUG main            d.u.i.k.p.i.AbstractProblemLoader Environment load took 143.6ns 
79615      INFO  main            d.u.i.k.p.i.AbstractProblemLoader Creating init config 
82594      DEBUG main            d.u.i.k.p.i.AbstractProblemLoader Init config took 2.98s 
82642      INFO  main            d.u.i.k.p.i.AbstractProblemLoader Replaying proof ExampleSubject[Subject::$footprint()].JML accessible clause.0 
82656      DEBUG main            d.u.i.k.p.i.IntermediateProofReplayer Proof replay took 11.4ms 
82657      DEBUG main            d.u.i.k.p.r.p.TestFile    ... success: reloaded. 
82659      INFO  main            d.u.i.k.p.r.p.TestFile    Now processing file /home/runner/work/key/key/key.core/../key.ui/examples/heap/observer/ExampleSubject_inv.key 
82659      INFO  main            d.u.i.k.p.i.AbstractProblemLoader Loading environment from /home/runner/work/key/key/key.core/../key.ui/examples/heap/observer/ExampleSubject_inv.key 
82659      DEBUG main            d.u.i.k.p.i.AbstractProblemLoader Environment load took 283.01ns 
82660      INFO  main            d.u.i.k.p.i.AbstractProblemLoader Creating init config 
85645      DEBUG main            d.u.i.k.p.i.AbstractProblemLoader Init config took 2.98s 
85692      INFO  main            d.u.i.k.p.i.AbstractProblemLoader Replaying proof ExampleSubject[java.lang.Object::<inv>()].JML accessible clause.0 
85694      DEBUG main            d.u.i.k.p.i.IntermediateProofReplayer Proof replay took 6.1ns 
86907      INFO  main            d.u.i.k.p.r.p.TestFile    ... finished proof: closed. 
87166      INFO  main            d.u.i.k.p.i.AbstractProblemLoader Loading environment from /home/runner/work/key/key/key.core/../key.ui/examples/heap/observer/ExampleSubject_inv.key.proof 
87167      DEBUG main            d.u.i.k.p.i.AbstractProblemLoader Environment load took 532.62ns 
87168      INFO  main            d.u.i.k.p.i.AbstractProblemLoader Creating init config 
90118      DEBUG main            d.u.i.k.p.i.AbstractProblemLoader Init config took 2.95s 
90176      INFO  main            d.u.i.k.p.i.AbstractProblemLoader Replaying proof ExampleSubject[java.lang.Object::<inv>()].JML accessible clause.0 
90276      DEBUG main            d.u.i.k.p.i.IntermediateProofReplayer Proof replay took 85.36ms 
90278      DEBUG main            d.u.i.k.p.r.p.TestFile    ... success: reloaded. 
90280      INFO  main            d.u.i.k.p.r.p.TestFile    Now processing file /home/runner/work/key/key/key.core/../key.ui/examples/heap/observer/ExampleSubject_notifyObservers.key 
90280      INFO  main            d.u.i.k.p.i.AbstractProblemLoader Loading environment from /home/runner/work/key/key/key.core/../key.ui/examples/heap/observer/ExampleSubject_notifyObservers.key 
90280      DEBUG main            d.u.i.k.p.i.AbstractProblemLoader Environment load took 289.71ns 
90281      INFO  main            d.u.i.k.p.i.AbstractProblemLoader Creating init config 
93232      DEBUG main            d.u.i.k.p.i.AbstractProblemLoader Init config took 2.95s 
93284      INFO  main            d.u.i.k.p.i.AbstractProblemLoader Replaying proof Subject[Subject::notifyObservers()].JML normal_behavior operation contract.0 
93286      DEBUG main            d.u.i.k.p.i.IntermediateProofReplayer Proof replay took 7.6ns 
93388      INFO  main            d.u.i.k.p.r.p.TestFile    ... finished proof: closed. 
93608      INFO  main            d.u.i.k.p.i.AbstractProblemLoader Loading environment from /home/runner/work/key/key/key.core/../key.ui/examples/heap/observer/ExampleSubject_notifyObservers.key.proof 
93608      DEBUG main            d.u.i.k.p.i.AbstractProblemLoader Environment load took 132.5ns 
93609      INFO  main            d.u.i.k.p.i.AbstractProblemLoader Creating init config 
96566      DEBUG main            d.u.i.k.p.i.AbstractProblemLoader Init config took 2.96s 
96634      INFO  main            d.u.i.k.p.i.AbstractProblemLoader Replaying proof Subject[Subject::notifyObservers()].JML normal_behavior operation contract.0 
96640      DEBUG main            d.u.i.k.p.i.IntermediateProofReplayer Proof replay took 3.13ms 
96641      DEBUG main            d.u.i.k.p.r.p.TestFile    ... success: reloaded. 
96643      INFO  main            d.u.i.k.p.r.p.TestFile    Now processing file /home/runner/work/key/key/key.core/../key.ui/examples/heap/observer/ExampleSubject_value_dep.key 
96643      INFO  main            d.u.i.k.p.i.AbstractProblemLoader Loading environment from /home/runner/work/key/key/key.core/../key.ui/examples/heap/observer/ExampleSubject_value_dep.key 
96644      DEBUG main            d.u.i.k.p.i.AbstractProblemLoader Environment load took 1.28ms 
96646      INFO  main            d.u.i.k.p.i.AbstractProblemLoader Creating init config 
99553      DEBUG main            d.u.i.k.p.i.AbstractProblemLoader Init config took 2.91s 
99606      INFO  main            d.u.i.k.p.i.AbstractProblemLoader Replaying proof ExampleSubject[ExampleSubject::value()].JML accessible clause.0 
99608      DEBUG main            d.u.i.k.p.i.IntermediateProofReplayer Proof replay took 7.1ns 
99710      INFO  main            d.u.i.k.p.r.p.TestFile    ... finished proof: closed. 
99974      INFO  main            d.u.i.k.p.i.AbstractProblemLoader Loading environment from /home/runner/work/key/key/key.core/../key.ui/examples/heap/observer/ExampleSubject_value_dep.key.proof 
99974      DEBUG main            d.u.i.k.p.i.AbstractProblemLoader Environment load took 127.61ns 
99976      INFO  main            d.u.i.k.p.i.AbstractProblemLoader Creating init config 
102849     DEBUG main            d.u.i.k.p.i.AbstractProblemLoader Init config took 2.87s 
102893     INFO  main            d.u.i.k.p.i.AbstractProblemLoader Replaying proof ExampleSubject[ExampleSubject::value()].JML accessible clause.0 
102906     DEBUG main            d.u.i.k.p.i.IntermediateProofReplayer Proof replay took 11.34ms 
102907     DEBUG main            d.u.i.k.p.r.p.TestFile    ... success: reloaded. 
102910     INFO  main            d.u.i.k.p.r.p.TestFile    Now processing file /home/runner/work/key/key/key.core/../key.ui/examples/heap/observer/ExampleSubject_value.key 
102911     INFO  main            d.u.i.k.p.i.AbstractProblemLoader Loading environment from /home/runner/work/key/key/key.core/../key.ui/examples/heap/observer/ExampleSubject_value.key 
102911     DEBUG main            d.u.i.k.p.i.AbstractProblemLoader Environment load took 124.31ns 
102912     INFO  main            d.u.i.k.p.i.AbstractProblemLoader Creating init config 
105869     DEBUG main            d.u.i.k.p.i.AbstractProblemLoader Init config took 2.96s 
105914     INFO  main            d.u.i.k.p.i.AbstractProblemLoader Replaying proof ExampleSubject[ExampleSubject::value()].JML normal_behavior operation contract.0 
105915     DEBUG main            d.u.i.k.p.i.IntermediateProofReplayer Proof replay took 7.2ns 
106017     INFO  main            d.u.i.k.p.r.p.TestFile    ... finished proof: closed. 
106261     INFO  main            d.u.i.k.p.i.AbstractProblemLoader Loading environment from /home/runner/work/key/key/key.core/../key.ui/examples/heap/observer/ExampleSubject_value.key.proof 
106261     DEBUG main            d.u.i.k.p.i.AbstractProblemLoader Environment load took 129.82ns 
106262     INFO  main            d.u.i.k.p.i.AbstractProblemLoader Creating init config 
109135     DEBUG main            d.u.i.k.p.i.AbstractProblemLoader Init config took 2.87s 
109193     INFO  main            d.u.i.k.p.i.AbstractProblemLoader Replaying proof ExampleSubject[ExampleSubject::value()].JML normal_behavior operation contract.0 
109204     DEBUG main            d.u.i.k.p.i.IntermediateProofReplayer Proof replay took 9.43ms 
109206     DEBUG main            d.u.i.k.p.r.p.TestFile    ... success: reloaded. 
1634945    INFO  Test worker     d.u.i.k.p.r.RunAllProofsTestUnit Returning from test observer 
1634948    INFO  Test worker     d.u.i.k.p.r.RunAllProofsTestUnit Running test removeDups 
356        INFO  Timeout watchdog d.u.i.k.p.r.p.ForkedTestFileRunner Timeout watcher launched (2000 secs.) 
376        WARN  main            d.u.i.k.s.ProofSettings   The settings in /home/runner/.key/proof-settings.props are *not* read. 
428        INFO  main            d.u.i.k.p.r.p.TestFile    Now processing file /home/runner/work/key/key/key.core/../key.ui/examples/heap/removeDups/arrayPart.key 
612        INFO  main            d.u.i.k.p.i.AbstractProblemLoader Loading environment from /home/runner/work/key/key/key.core/../key.ui/examples/heap/removeDups/arrayPart.key 
641        DEBUG main            d.u.i.k.p.i.AbstractProblemLoader Environment load took 2.5ms 
904        INFO  main            d.u.i.k.p.i.AbstractProblemLoader Creating init config 
1965       DEBUG main            d.u.i.k.j.TypeConverter   No LDT found for Meta 
1966       DEBUG main            d.u.i.k.j.TypeConverter   No LDT found for Meta 
1967       DEBUG main            d.u.i.k.j.TypeConverter   No LDT found for Meta 
1968       DEBUG main            d.u.i.k.j.TypeConverter   No LDT found for Meta 
3553       DEBUG main            d.u.i.k.j.TypeConverter   No LDT found for JavaBigintExpression 
8808       DEBUG main            d.u.i.k.p.i.AbstractProblemLoader Init config took 7.9s 
9034       INFO  main            d.u.i.k.p.i.AbstractProblemLoader Replaying proof RemoveDup[RemoveDup::arrayPart([I,int)].JML normal_behavior operation contract.0 
9076       DEBUG main            d.u.i.k.p.i.IntermediateProofReplayer Proof replay took 36.9ns 
12136      INFO  main            d.u.i.k.p.r.p.TestFile    ... finished proof: closed. 
12297      INFO  main            d.u.i.k.p.i.AbstractProblemLoader Loading environment from /home/runner/work/key/key/key.core/../key.ui/examples/heap/removeDups/arrayPart.key.proof 
12301      DEBUG main            d.u.i.k.p.i.AbstractProblemLoader Environment load took 3.69ms 
12306      INFO  main            d.u.i.k.p.i.AbstractProblemLoader Creating init config 
15417      DEBUG main            d.u.i.k.p.i.AbstractProblemLoader Init config took 3.11s 
15509      INFO  main            d.u.i.k.p.i.AbstractProblemLoader Replaying proof RemoveDup[RemoveDup::arrayPart([I,int)].JML normal_behavior operation contract.0 
15857      DEBUG main            d.u.i.k.p.i.IntermediateProofReplayer Proof replay took 323.78ms 
15866      DEBUG main            d.u.i.k.p.r.p.TestFile    ... success: reloaded. 
15870      INFO  main            d.u.i.k.p.r.p.TestFile    Now processing file /home/runner/work/key/key/key.core/../key.ui/examples/heap/removeDups/contains.key 
15871      INFO  main            d.u.i.k.p.i.AbstractProblemLoader Loading environment from /home/runner/work/key/key/key.core/../key.ui/examples/heap/removeDups/contains.key 
15871      DEBUG main            d.u.i.k.p.i.AbstractProblemLoader Environment load took 216.61ns 
15874      INFO  main            d.u.i.k.p.i.AbstractProblemLoader Creating init config 
18776      DEBUG main            d.u.i.k.p.i.AbstractProblemLoader Init config took 2.9s 
18833      INFO  main            d.u.i.k.p.i.AbstractProblemLoader Replaying proof RemoveDup[RemoveDup::contains([I,int,int)].JML normal_behavior operation contract.0 
18835      DEBUG main            d.u.i.k.p.i.IntermediateProofReplayer Proof replay took 6.7ns 
19441      INFO  main            d.u.i.k.p.r.p.TestFile    ... finished proof: closed. 
19650      INFO  main            d.u.i.k.p.i.AbstractProblemLoader Loading environment from /home/runner/work/key/key/key.core/../key.ui/examples/heap/removeDups/contains.key.proof 
19651      DEBUG main            d.u.i.k.p.i.AbstractProblemLoader Environment load took 679.24ns 
19652      INFO  main            d.u.i.k.p.i.AbstractProblemLoader Creating init config 
22526      DEBUG main            d.u.i.k.p.i.AbstractProblemLoader Init config took 2.87s 
22580      INFO  main            d.u.i.k.p.i.AbstractProblemLoader Replaying proof RemoveDup[RemoveDup::contains([I,int,int)].JML normal_behavior operation contract.0 
22672      DEBUG main            d.u.i.k.p.i.IntermediateProofReplayer Proof replay took 87.05ms 
22673      DEBUG main            d.u.i.k.p.r.p.TestFile    ... success: reloaded. 
22675      INFO  main            d.u.i.k.p.r.p.TestFile    Now processing file /home/runner/work/key/key/key.core/../key.ui/examples/heap/removeDups/removeDup.key 
22675      INFO  main            d.u.i.k.p.i.AbstractProblemLoader Loading environment from /home/runner/work/key/key/key.core/../key.ui/examples/heap/removeDups/removeDup.key 
22675      DEBUG main            d.u.i.k.p.i.AbstractProblemLoader Environment load took 248.81ns 
22677      INFO  main            d.u.i.k.p.i.AbstractProblemLoader Creating init config 
25523      DEBUG main            d.u.i.k.p.i.AbstractProblemLoader Init config took 2.85s 
25577      INFO  main            d.u.i.k.p.i.AbstractProblemLoader Replaying proof RemoveDup[RemoveDup::removeDup([I)].JML normal_behavior operation contract.0 
25580      DEBUG main            d.u.i.k.p.i.IntermediateProofReplayer Proof replay took 6.3ns 
48632      INFO  main            d.u.i.k.p.r.p.TestFile    ... finished proof: closed. 
48912      INFO  main            d.u.i.k.p.i.AbstractProblemLoader Loading environment from /home/runner/work/key/key/key.core/../key.ui/examples/heap/removeDups/removeDup.key.proof 
48913      DEBUG main            d.u.i.k.p.i.AbstractProblemLoader Environment load took 543.83ns 
48917      INFO  main            d.u.i.k.p.i.AbstractProblemLoader Creating init config 
51673      DEBUG main            d.u.i.k.p.i.AbstractProblemLoader Init config took 2.76s 
51750      INFO  main            d.u.i.k.p.i.AbstractProblemLoader Replaying proof RemoveDup[RemoveDup::removeDup([I)].JML normal_behavior operation contract.0 
53120      DEBUG main            d.u.i.k.p.i.IntermediateProofReplayer Proof replay took 1.29s 
53123      DEBUG main            d.u.i.k.p.r.p.TestFile    ... success: reloaded. 
53125      INFO  main            d.u.i.k.p.r.p.TestFile    Now processing file /home/runner/work/key/key/key.core/../key.ui/examples/heap/saddleback_search/Saddleback_search.key 
53125      INFO  main            d.u.i.k.p.i.AbstractProblemLoader Loading environment from /home/runner/work/key/key/key.core/../key.ui/examples/heap/saddleback_search/Saddleback_search.key 
53126      DEBUG main            d.u.i.k.p.i.AbstractProblemLoader Environment load took 313.72ns 
53127      INFO  main            d.u.i.k.p.i.AbstractProblemLoader Creating init config 
56065      DEBUG main            d.u.i.k.p.i.AbstractProblemLoader Init config took 2.94s 
56110      INFO  main            d.u.i.k.p.i.AbstractProblemLoader Replaying proof Saddleback[Saddleback::search([[I,int)].JML normal_behavior operation contract.0 
56120      DEBUG main            d.u.i.k.p.i.IntermediateProofReplayer Proof replay took 6.1ns 
143422     INFO  main            d.u.i.k.p.r.p.TestFile    ... finished proof: closed. 
143809     INFO  main            d.u.i.k.p.i.AbstractProblemLoader Loading environment from /home/runner/work/key/key/key.core/../key.ui/examples/heap/saddleback_search/Saddleback_search.key.proof 
143809     DEBUG main            d.u.i.k.p.i.AbstractProblemLoader Environment load took 518.53ns 
143819     INFO  main            d.u.i.k.p.i.AbstractProblemLoader Creating init config 
146415     DEBUG main            d.u.i.k.p.i.AbstractProblemLoader Init config took 2.6s 
146477     INFO  main            d.u.i.k.p.i.AbstractProblemLoader Replaying proof Saddleback[Saddleback::search([[I,int)].JML normal_behavior operation contract.0 
148299     DEBUG main            d.u.i.k.p.i.IntermediateProofReplayer Proof replay took 1.63s 
148309     DEBUG main            d.u.i.k.p.r.p.TestFile    ... success: reloaded. 
1783441    INFO  Test worker     d.u.i.k.p.r.RunAllProofsTestUnit Returning from test removeDups 
1783443    INFO  Test worker     d.u.i.k.p.r.RunAllProofsTestUnit Running test quicksort 
379        INFO  Timeout watchdog d.u.i.k.p.r.p.ForkedTestFileRunner Timeout watcher launched (2000 secs.) 
395        WARN  main            d.u.i.k.s.ProofSettings   The settings in /home/runner/.key/proof-settings.props are *not* read. 
432        INFO  main            d.u.i.k.p.r.p.TestFile    Now processing file /home/runner/work/key/key/key.core/../key.ui/examples/heap/quicksort/toplevel.key 
547        INFO  main            d.u.i.k.p.i.AbstractProblemLoader Loading environment from /home/runner/work/key/key/key.core/../key.ui/examples/heap/quicksort/toplevel.key 
570        DEBUG main            d.u.i.k.p.i.AbstractProblemLoader Environment load took 2.26ms 
804        INFO  main            d.u.i.k.p.i.AbstractProblemLoader Creating init config 
1847       DEBUG main            d.u.i.k.j.TypeConverter   No LDT found for Meta 
1847       DEBUG main            d.u.i.k.j.TypeConverter   No LDT found for Meta 
1849       DEBUG main            d.u.i.k.j.TypeConverter   No LDT found for Meta 
1849       DEBUG main            d.u.i.k.j.TypeConverter   No LDT found for Meta 
3586       DEBUG main            d.u.i.k.j.TypeConverter   No LDT found for JavaBigintExpression 
9124       DEBUG main            d.u.i.k.p.i.AbstractProblemLoader Init config took 8.32s 
9278       INFO  main            d.u.i.k.p.i.AbstractProblemLoader Replaying proof Quicksort[Quicksort::sort([I)].JML normal_behavior operation contract.0 
9320       DEBUG main            d.u.i.k.p.i.IntermediateProofReplayer Proof replay took 35.5ns 
10663      INFO  main            d.u.i.k.p.r.p.TestFile    ... finished proof: closed. 
10802      INFO  main            d.u.i.k.p.i.AbstractProblemLoader Loading environment from /home/runner/work/key/key/key.core/../key.ui/examples/heap/quicksort/toplevel.key.proof 
10802      DEBUG main            d.u.i.k.p.i.AbstractProblemLoader Environment load took 170.91ns 
10805      INFO  main            d.u.i.k.p.i.AbstractProblemLoader Creating init config 
14078      DEBUG main            d.u.i.k.p.i.AbstractProblemLoader Init config took 3.27s 
14173      INFO  main            d.u.i.k.p.i.AbstractProblemLoader Replaying proof Quicksort[Quicksort::sort([I)].JML normal_behavior operation contract.0 
14321      DEBUG main            d.u.i.k.p.i.IntermediateProofReplayer Proof replay took 139.38ms 
14328      DEBUG main            d.u.i.k.p.r.p.TestFile    ... success: reloaded. 
14331      INFO  main            d.u.i.k.p.r.p.TestFile    Now processing file /home/runner/work/key/key/key.core/../key.ui/examples/heap/quicksort/sort.key 
14331      INFO  main            d.u.i.k.p.i.AbstractProblemLoader Loading environment from /home/runner/work/key/key/key.core/../key.ui/examples/heap/quicksort/sort.key 
14332      DEBUG main            d.u.i.k.p.i.AbstractProblemLoader Environment load took 314.22ns 
14334      INFO  main            d.u.i.k.p.i.AbstractProblemLoader Creating init config 
17527      DEBUG main            d.u.i.k.p.i.AbstractProblemLoader Init config took 3.19s 
17599      INFO  main            d.u.i.k.p.i.AbstractProblemLoader Replaying proof Quicksort[Quicksort::sort([I,int,int)].JML normal_behavior operation contract.0 
17605      DEBUG main            d.u.i.k.p.i.IntermediateProofReplayer Proof replay took 7.4ns 
17645      DEBUG main            d.u.i.k.m.s.ProofScriptEngine [1] goal: 0, source line: 7, command: 'script 'sort.script'' 
17645      INFO  main            d.u.i.k.m.s.ProofScriptCommand Included script /home/runner/work/key/key/key.core/../key.ui/examples/heap/quicksort/sort.script 
17648      DEBUG main            d.u.i.k.m.s.ProofScriptEngine [1] goal: 0, source line: 1, command: 'macro autopilot-prep' 
18803      DEBUG main            d.u.i.k.m.s.ProofScriptEngine [2] goal: 358, source line: 7, command: 'select formula="{heapAtPre:=heap || exc:=null || heap:=heapAfter_sort_0}
   seq ...' 
18805      DEBUG main            d.u.i.k.m.s.ProofScriptEngine [3] goal: 358, source line: 9, command: 'macro simp-upd' 
18814      DEBUG main            d.u.i.k.m.s.ProofScriptEngine [4] goal: 369, source line: 14, command: 'let   @seqPre="seqDef{int u;}(0, array.length, array[u])"
    @seqSplit="seqDef ...' 
18817      DEBUG main            d.u.i.k.m.s.ProofScriptEngine [5] goal: 369, source line: 17, command: 'rule seqPermSym 
  formula="seqPerm(@seqSplit, @seqPre)"' 
18894      DEBUG main            d.u.i.k.m.s.ProofScriptEngine [6] goal: 370, source line: 20, command: 'rule seqPermSym
  formula="seqPerm(@seqSort, @seqSplit)"' 
18896      DEBUG main            d.u.i.k.m.s.ProofScriptEngine [7] goal: 371, source line: 23, command: 'rule seqPermSym
  formula="seqPerm(@seqSort0, @seqSort)"' 
18898      DEBUG main            d.u.i.k.m.s.ProofScriptEngine [8] goal: 372, source line: 26, command: 'rule seqPermTrans
  formula="seqPerm(@seqPre, @seqSplit)"' 
18900      DEBUG main            d.u.i.k.m.s.ProofScriptEngine [9] goal: 373, source line: 29, command: 'rule seqPermTrans
  formula="seqPerm(@seqPre, @seqSort)"' 
18900      DEBUG main            d.u.i.k.m.s.ProofScriptEngine [10] goal: 374, source line: 32, command: 'rule seqPermSym
  formula="seqPerm(@seqPre, @seqSort0)"' 
18901      DEBUG main            d.u.i.k.m.s.ProofScriptEngine [11] goal: 375, source line: 36, command: 'tryclose' 
48245      INFO  main            d.u.i.k.p.r.p.TestFile    ... finished proof: closed. 
48607      INFO  main            d.u.i.k.p.i.AbstractProblemLoader Loading environment from /home/runner/work/key/key/key.core/../key.ui/examples/heap/quicksort/sort.key.proof 
48607      DEBUG main            d.u.i.k.p.i.AbstractProblemLoader Environment load took 481.63ns 
48620      INFO  main            d.u.i.k.p.i.AbstractProblemLoader Creating init config 
51577      DEBUG main            d.u.i.k.p.i.AbstractProblemLoader Init config took 2.96s 
51658      INFO  main            d.u.i.k.p.i.AbstractProblemLoader Replaying proof Quicksort[Quicksort::sort([I,int,int)].JML normal_behavior operation contract.0 
53369      DEBUG main            d.u.i.k.p.i.IntermediateProofReplayer Proof replay took 1.56s 
53376      DEBUG main            d.u.i.k.p.r.p.TestFile    ... success: reloaded. 
53378      INFO  main            d.u.i.k.p.r.p.TestFile    Now processing file /home/runner/work/key/key/key.core/../key.ui/examples/heap/quicksort/split.key 
53379      INFO  main            d.u.i.k.p.i.AbstractProblemLoader Loading environment from /home/runner/work/key/key/key.core/../key.ui/examples/heap/quicksort/split.key 
53379      DEBUG main            d.u.i.k.p.i.AbstractProblemLoader Environment load took 292.02ns 
53380      INFO  main            d.u.i.k.p.i.AbstractProblemLoader Creating init config 
56509      DEBUG main            d.u.i.k.p.i.AbstractProblemLoader Init config took 3.13s 
56560      INFO  main            d.u.i.k.p.i.AbstractProblemLoader Replaying proof Quicksort[Quicksort::split([I,int,int)].JML normal_behavior operation contract.0 
56564      DEBUG main            d.u.i.k.p.i.IntermediateProofReplayer Proof replay took 5.6ns 
56565      DEBUG main            d.u.i.k.m.s.ProofScriptEngine [1] goal: 0, source line: 15, command: 'macro autopilot-prep' 
58030      DEBUG main            d.u.i.k.m.s.ProofScriptEngine [2] goal: 520, source line: 18, command: 'tryclose' 
100195     DEBUG main            d.u.i.k.m.s.ProofScriptEngine [3] goal: 495, source line: 24, command: 'macro simp-upd' 
100315     DEBUG main            d.u.i.k.m.s.ProofScriptEngine [4] goal: 495, source line: 25, command: 'rule seqPermFromSwap' 
100375     DEBUG main            d.u.i.k.m.s.ProofScriptEngine [5] goal: 40829, source line: 26, command: 'rule andRight' 
100380     DEBUG main            d.u.i.k.m.s.ProofScriptEngine [6] goal: 40830, source line: 28, command: 'auto' 
100410     DEBUG main            d.u.i.k.m.s.ProofScriptEngine [7] goal: 40831, source line: 30, command: 'instantiate hide var=iv with=i_0' 
100412     DEBUG main            d.u.i.k.m.s.ProofScriptEngine [8] goal: 40836, source line: 31, command: 'instantiate hide var=jv with=j_0' 
100415     DEBUG main            d.u.i.k.m.s.ProofScriptEngine [9] goal: 40837, source line: 32, command: 'auto' 
107436     DEBUG main            d.u.i.k.m.s.ProofScriptEngine [10] goal: 190, source line: 35, command: 'macro simp-upd' 
107529     DEBUG main            d.u.i.k.m.s.ProofScriptEngine [11] goal: 46168, source line: 36, command: 'rule seqPermFromSwap' 
107531     DEBUG main            d.u.i.k.m.s.ProofScriptEngine [12] goal: 46169, source line: 37, command: 'rule andRight' 
107535     DEBUG main            d.u.i.k.m.s.ProofScriptEngine [13] goal: 46170, source line: 39, command: 'auto' 
107556     DEBUG main            d.u.i.k.m.s.ProofScriptEngine [14] goal: 46171, source line: 41, command: 'instantiate hide var=iv with=i_0' 
107558     DEBUG main            d.u.i.k.m.s.ProofScriptEngine [15] goal: 46176, source line: 42, command: 'instantiate hide var=jv with=to' 
107561     DEBUG main            d.u.i.k.m.s.ProofScriptEngine [16] goal: 46177, source line: 43, command: 'auto' 
112944     INFO  main            d.u.i.k.p.r.p.TestFile    ... finished proof: closed. 
113501     INFO  main            d.u.i.k.p.i.AbstractProblemLoader Loading environment from /home/runner/work/key/key/key.core/../key.ui/examples/heap/quicksort/split.key.proof 
113501     DEBUG main            d.u.i.k.p.i.AbstractProblemLoader Environment load took 516.42ns 
113516     INFO  main            d.u.i.k.p.i.AbstractProblemLoader Creating init config 
116414     DEBUG main            d.u.i.k.p.i.AbstractProblemLoader Init config took 2.9s 
116467     INFO  main            d.u.i.k.p.i.AbstractProblemLoader Replaying proof Quicksort[Quicksort::split([I,int,int)].JML normal_behavior operation contract.0 
119460     DEBUG main            d.u.i.k.p.i.IntermediateProofReplayer Proof replay took 2.72s 
119525     DEBUG main            d.u.i.k.p.r.p.TestFile    ... success: reloaded. 
1904076    INFO  Test worker     d.u.i.k.p.r.RunAllProofsTestUnit Returning from test quicksort 
1904079    INFO  Test worker     d.u.i.k.p.r.RunAllProofsTestUnit Running test simpleTests 
417        INFO  Timeout watchdog d.u.i.k.p.r.p.ForkedTestFileRunner Timeout watcher launched (2000 secs.) 
442        WARN  main            d.u.i.k.s.ProofSettings   The settings in /home/runner/.key/proof-settings.props are *not* read. 
497        INFO  main            d.u.i.k.p.r.p.TestFile    Now processing file /home/runner/work/key/key/key.core/../key.ui/examples/heap/simple/anonymise_datagroup.key 
636        INFO  main            d.u.i.k.p.i.AbstractProblemLoader Loading environment from /home/runner/work/key/key/key.core/../key.ui/examples/heap/simple/anonymise_datagroup.key 
653        DEBUG main            d.u.i.k.p.i.AbstractProblemLoader Environment load took 2.09ms 
928        INFO  main            d.u.i.k.p.i.AbstractProblemLoader Creating init config 
1855       DEBUG main            d.u.i.k.j.TypeConverter   No LDT found for Meta 
1859       DEBUG main            d.u.i.k.j.TypeConverter   No LDT found for Meta 
1860       DEBUG main            d.u.i.k.j.TypeConverter   No LDT found for Meta 
1862       DEBUG main            d.u.i.k.j.TypeConverter   No LDT found for Meta 
3421       DEBUG main            d.u.i.k.j.TypeConverter   No LDT found for JavaBigintExpression 
8779       DEBUG main            d.u.i.k.p.i.AbstractProblemLoader Init config took 7.85s 
8839       INFO  main            d.u.i.k.p.i.AbstractProblemLoader Replaying proof anonymise_datagroup.key 
8876       DEBUG main            d.u.i.k.p.i.IntermediateProofReplayer Proof replay took 37.6ns 
9157       INFO  main            d.u.i.k.p.r.p.TestFile    ... finished proof: closed. 
9266       INFO  main            d.u.i.k.p.i.AbstractProblemLoader Loading environment from /home/runner/work/key/key/key.core/../key.ui/examples/heap/simple/anonymise_datagroup.key.proof 
9266       DEBUG main            d.u.i.k.p.i.AbstractProblemLoader Environment load took 165.91ns 
9271       INFO  main            d.u.i.k.p.i.AbstractProblemLoader Creating init config 
12212      DEBUG main            d.u.i.k.p.i.AbstractProblemLoader Init config took 2.94s 
12262      INFO  main            d.u.i.k.p.i.AbstractProblemLoader Replaying proof anonymise_datagroup.key.proof 
12286      DEBUG main            d.u.i.k.p.i.IntermediateProofReplayer Proof replay took 15.14ms 
12299      DEBUG main            d.u.i.k.p.r.p.TestFile    ... success: reloaded. 
12305      INFO  main            d.u.i.k.p.r.p.TestFile    Now processing file /home/runner/work/key/key/key.core/../key.ui/examples/heap/simple/array_creation.key 
12306      INFO  main            d.u.i.k.p.i.AbstractProblemLoader Loading environment from /home/runner/work/key/key/key.core/../key.ui/examples/heap/simple/array_creation.key 
12307      DEBUG main            d.u.i.k.p.i.AbstractProblemLoader Environment load took 311.62ns 
12311      INFO  main            d.u.i.k.p.i.AbstractProblemLoader Creating init config 
15327      DEBUG main            d.u.i.k.p.i.AbstractProblemLoader Init config took 3.02s 
15361      INFO  main            d.u.i.k.p.i.AbstractProblemLoader Replaying proof array_creation.key 
15365      DEBUG main            d.u.i.k.p.i.IntermediateProofReplayer Proof replay took 5.8ns 
16076      INFO  main            d.u.i.k.p.r.p.TestFile    ... finished proof: closed. 
16234      INFO  main            d.u.i.k.p.i.AbstractProblemLoader Loading environment from /home/runner/work/key/key/key.core/../key.ui/examples/heap/simple/array_creation.key.proof 
16234      DEBUG main            d.u.i.k.p.i.AbstractProblemLoader Environment load took 170.91ns 
16240      INFO  main            d.u.i.k.p.i.AbstractProblemLoader Creating init config 
19192      DEBUG main            d.u.i.k.p.i.AbstractProblemLoader Init config took 2.95s 
19227      INFO  main            d.u.i.k.p.i.AbstractProblemLoader Replaying proof array_creation.key.proof 
19389      DEBUG main            d.u.i.k.p.i.IntermediateProofReplayer Proof replay took 154.73ms 
19393      DEBUG main            d.u.i.k.p.r.p.TestFile    ... success: reloaded. 
19395      INFO  main            d.u.i.k.p.r.p.TestFile    Now processing file /home/runner/work/key/key/key.core/../key.ui/examples/heap/simple/arrays_with_disjoint_sorts.key 
19396      INFO  main            d.u.i.k.p.i.AbstractProblemLoader Loading environment from /home/runner/work/key/key/key.core/../key.ui/examples/heap/simple/arrays_with_disjoint_sorts.key 
19396      DEBUG main            d.u.i.k.p.i.AbstractProblemLoader Environment load took 166.11ns 
19399      INFO  main            d.u.i.k.p.i.AbstractProblemLoader Creating init config 
22273      DEBUG main            d.u.i.k.p.i.AbstractProblemLoader Init config took 2.87s 
22297      INFO  main            d.u.i.k.p.i.AbstractProblemLoader Replaying proof arrays_with_disjoint_sorts.key 
22300      DEBUG main            d.u.i.k.p.i.IntermediateProofReplayer Proof replay took 5.3ns 
22507      INFO  main            d.u.i.k.p.r.p.TestFile    ... finished proof: closed. 
22676      INFO  main            d.u.i.k.p.i.AbstractProblemLoader Loading environment from /home/runner/work/key/key/key.core/../key.ui/examples/heap/simple/arrays_with_disjoint_sorts.key.proof 
22679      DEBUG main            d.u.i.k.p.i.AbstractProblemLoader Environment load took 3.05ms 
22681      INFO  main            d.u.i.k.p.i.AbstractProblemLoader Creating init config 
25431      DEBUG main            d.u.i.k.p.i.AbstractProblemLoader Init config took 2.75s 
25464      INFO  main            d.u.i.k.p.i.AbstractProblemLoader Replaying proof arrays_with_disjoint_sorts.key.proof 
25485      DEBUG main            d.u.i.k.p.i.IntermediateProofReplayer Proof replay took 17.96ms 
25487      DEBUG main            d.u.i.k.p.r.p.TestFile    ... success: reloaded. 
25488      INFO  main            d.u.i.k.p.r.p.TestFile    Now processing file /home/runner/work/key/key/key.core/../key.ui/examples/heap/simple/arrays.key 
25488      INFO  main            d.u.i.k.p.i.AbstractProblemLoader Loading environment from /home/runner/work/key/key/key.core/../key.ui/examples/heap/simple/arrays.key 
25489      DEBUG main            d.u.i.k.p.i.AbstractProblemLoader Environment load took 244.11ns 
25490      INFO  main            d.u.i.k.p.i.AbstractProblemLoader Creating init config 
28268      DEBUG main            d.u.i.k.p.i.AbstractProblemLoader Init config took 2.78s 
28291      INFO  main            d.u.i.k.p.i.AbstractProblemLoader Replaying proof arrays.key 
28295      DEBUG main            d.u.i.k.p.i.IntermediateProofReplayer Proof replay took 6.5ns 
28398      INFO  main            d.u.i.k.p.r.p.TestFile    ... finished proof: closed. 
28629      INFO  main            d.u.i.k.p.i.AbstractProblemLoader Loading environment from /home/runner/work/key/key/key.core/../key.ui/examples/heap/simple/arrays.key.proof 
28632      DEBUG main            d.u.i.k.p.i.AbstractProblemLoader Environment load took 2.13ms 
28633      INFO  main            d.u.i.k.p.i.AbstractProblemLoader Creating init config 
31353      DEBUG main            d.u.i.k.p.i.AbstractProblemLoader Init config took 2.72s 
31376      INFO  main            d.u.i.k.p.i.AbstractProblemLoader Replaying proof arrays.key.proof 
31418      DEBUG main            d.u.i.k.p.i.IntermediateProofReplayer Proof replay took 35.11ms 
31419      DEBUG main            d.u.i.k.p.r.p.TestFile    ... success: reloaded. 
31421      INFO  main            d.u.i.k.p.r.p.TestFile    Now processing file /home/runner/work/key/key/key.core/../key.ui/examples/heap/simple/attributes.key 
31422      INFO  main            d.u.i.k.p.i.AbstractProblemLoader Loading environment from /home/runner/work/key/key/key.core/../key.ui/examples/heap/simple/attributes.key 
31422      DEBUG main            d.u.i.k.p.i.AbstractProblemLoader Environment load took 135.91ns 
31423      INFO  main            d.u.i.k.p.i.AbstractProblemLoader Creating init config 
34186      DEBUG main            d.u.i.k.p.i.AbstractProblemLoader Init config took 2.76s 
34208      INFO  main            d.u.i.k.p.i.AbstractProblemLoader Replaying proof attributes.key 
34210      DEBUG main            d.u.i.k.p.i.IntermediateProofReplayer Proof replay took 6.1ns 
34312      INFO  main            d.u.i.k.p.r.p.TestFile    ... finished proof: closed. 
34482      INFO  main            d.u.i.k.p.i.AbstractProblemLoader Loading environment from /home/runner/work/key/key/key.core/../key.ui/examples/heap/simple/attributes.key.proof 
34482      DEBUG main            d.u.i.k.p.i.AbstractProblemLoader Environment load took 156.31ns 
34484      INFO  main            d.u.i.k.p.i.AbstractProblemLoader Creating init config 
37168      DEBUG main            d.u.i.k.p.i.AbstractProblemLoader Init config took 2.68s 
37189      INFO  main            d.u.i.k.p.i.AbstractProblemLoader Replaying proof attributes.key.proof 
37193      DEBUG main            d.u.i.k.p.i.IntermediateProofReplayer Proof replay took 1.47ms 
37194      DEBUG main            d.u.i.k.p.r.p.TestFile    ... success: reloaded. 
37195      INFO  main            d.u.i.k.p.r.p.TestFile    Now processing file /home/runner/work/key/key/key.core/../key.ui/examples/heap/simple/constructor_contracts.key 
37196      INFO  main            d.u.i.k.p.i.AbstractProblemLoader Loading environment from /home/runner/work/key/key/key.core/../key.ui/examples/heap/simple/constructor_contracts.key 
37196      DEBUG main            d.u.i.k.p.i.AbstractProblemLoader Environment load took 255.01ns 
37199      INFO  main            d.u.i.k.p.i.AbstractProblemLoader Creating init config 
40333      DEBUG main            d.u.i.k.p.i.AbstractProblemLoader Init config took 3.13s 
40356      INFO  main            d.u.i.k.p.i.AbstractProblemLoader Replaying proof constructor_contracts.key 
40358      DEBUG main            d.u.i.k.p.i.IntermediateProofReplayer Proof replay took 7.1ns 
41171      INFO  main            d.u.i.k.p.r.p.TestFile    ... finished proof: closed. 
41351      INFO  main            d.u.i.k.p.i.AbstractProblemLoader Loading environment from /home/runner/work/key/key/key.core/../key.ui/examples/heap/simple/constructor_contracts.key.proof 
41354      DEBUG main            d.u.i.k.p.i.AbstractProblemLoader Environment load took 2.93ms 
41356      INFO  main            d.u.i.k.p.i.AbstractProblemLoader Creating init config 
44453      DEBUG main            d.u.i.k.p.i.AbstractProblemLoader Init config took 3.1s 
44479      INFO  main            d.u.i.k.p.i.AbstractProblemLoader Replaying proof constructor_contracts.key.proof 
44581      DEBUG main            d.u.i.k.p.i.IntermediateProofReplayer Proof replay took 97.14ms 
44583      DEBUG main            d.u.i.k.p.r.p.TestFile    ... success: reloaded. 
44585      INFO  main            d.u.i.k.p.r.p.TestFile    Now processing file /home/runner/work/key/key/key.core/../key.ui/examples/heap/simple/dependencies.key 
44585      INFO  main            d.u.i.k.p.i.AbstractProblemLoader Loading environment from /home/runner/work/key/key/key.core/../key.ui/examples/heap/simple/dependencies.key 
44586      DEBUG main            d.u.i.k.p.i.AbstractProblemLoader Environment load took 245.12ns 
44587      INFO  main            d.u.i.k.p.i.AbstractProblemLoader Creating init config 
47467      DEBUG main            d.u.i.k.p.i.AbstractProblemLoader Init config took 2.88s 
47489      INFO  main            d.u.i.k.p.i.AbstractProblemLoader Replaying proof dependencies.key 
47491      DEBUG main            d.u.i.k.p.i.IntermediateProofReplayer Proof replay took 8ns 
47597      INFO  main            d.u.i.k.p.r.p.TestFile    ... finished proof: closed. 
47796      INFO  main            d.u.i.k.p.i.AbstractProblemLoader Loading environment from /home/runner/work/key/key/key.core/../key.ui/examples/heap/simple/dependencies.key.proof 
47796      DEBUG main            d.u.i.k.p.i.AbstractProblemLoader Environment load took 139.11ns 
47798      INFO  main            d.u.i.k.p.i.AbstractProblemLoader Creating init config 
50461      DEBUG main            d.u.i.k.p.i.AbstractProblemLoader Init config took 2.66s 
50481      INFO  main            d.u.i.k.p.i.AbstractProblemLoader Replaying proof dependencies.key.proof 
50489      DEBUG main            d.u.i.k.p.i.IntermediateProofReplayer Proof replay took 5.82ms 
50490      DEBUG main            d.u.i.k.p.r.p.TestFile    ... success: reloaded. 
50491      INFO  main            d.u.i.k.p.r.p.TestFile    Now processing file /home/runner/work/key/key/key.core/../key.ui/examples/heap/simple/dependency_contracts.key 
50491      INFO  main            d.u.i.k.p.i.AbstractProblemLoader Loading environment from /home/runner/work/key/key/key.core/../key.ui/examples/heap/simple/dependency_contracts.key 
50491      DEBUG main            d.u.i.k.p.i.AbstractProblemLoader Environment load took 227.91ns 
50493      INFO  main            d.u.i.k.p.i.AbstractProblemLoader Creating init config 
53564      DEBUG main            d.u.i.k.p.i.AbstractProblemLoader Init config took 3.07s 
53586      INFO  main            d.u.i.k.p.i.AbstractProblemLoader Replaying proof dependency_contracts.key 
53588      DEBUG main            d.u.i.k.p.i.IntermediateProofReplayer Proof replay took 7.2ns 
54998      INFO  main            d.u.i.k.p.r.p.TestFile    ... finished proof: closed. 
55262      INFO  main            d.u.i.k.p.i.AbstractProblemLoader Loading environment from /home/runner/work/key/key/key.core/../key.ui/examples/heap/simple/dependency_contracts.key.proof 
55263      DEBUG main            d.u.i.k.p.i.AbstractProblemLoader Environment load took 147.41ns 
55265      INFO  main            d.u.i.k.p.i.AbstractProblemLoader Creating init config 
58278      DEBUG main            d.u.i.k.p.i.AbstractProblemLoader Init config took 3.01s 
58298      INFO  main            d.u.i.k.p.i.AbstractProblemLoader Replaying proof dependency_contracts.key.proof 
58502      DEBUG main            d.u.i.k.p.i.IntermediateProofReplayer Proof replay took 195.35ms 
58505      DEBUG main            d.u.i.k.p.r.p.TestFile    ... success: reloaded. 
58508      INFO  main            d.u.i.k.p.r.p.TestFile    Now processing file /home/runner/work/key/key/key.core/../key.ui/examples/heap/simple/invariant_preservation.key 
58509      INFO  main            d.u.i.k.p.i.AbstractProblemLoader Loading environment from /home/runner/work/key/key/key.core/../key.ui/examples/heap/simple/invariant_preservation.key 
58511      DEBUG main            d.u.i.k.p.i.AbstractProblemLoader Environment load took 2.44ms 
58515      INFO  main            d.u.i.k.p.i.AbstractProblemLoader Creating init config 
61481      DEBUG main            d.u.i.k.p.i.AbstractProblemLoader Init config took 2.97s 
61523      INFO  main            d.u.i.k.p.i.AbstractProblemLoader Replaying proof invariant_preservation.key 
61525      DEBUG main            d.u.i.k.p.i.IntermediateProofReplayer Proof replay took 8.5ns 
61729      INFO  main            d.u.i.k.p.r.p.TestFile    ... finished proof: closed. 
61998      INFO  main            d.u.i.k.p.i.AbstractProblemLoader Loading environment from /home/runner/work/key/key/key.core/../key.ui/examples/heap/simple/invariant_preservation.key.proof 
61998      DEBUG main            d.u.i.k.p.i.AbstractProblemLoader Environment load took 136.51ns 
62001      INFO  main            d.u.i.k.p.i.AbstractProblemLoader Creating init config 
64876      DEBUG main            d.u.i.k.p.i.AbstractProblemLoader Init config took 2.87s 
64895      INFO  main            d.u.i.k.p.i.AbstractProblemLoader Replaying proof invariant_preservation.key.proof 
64926      DEBUG main            d.u.i.k.p.i.IntermediateProofReplayer Proof replay took 28.92ms 
64928      DEBUG main            d.u.i.k.p.r.p.TestFile    ... success: reloaded. 
64930      INFO  main            d.u.i.k.p.r.p.TestFile    Now processing file /home/runner/work/key/key/key.core/../key.ui/examples/heap/simple/locsets.key 
64930      INFO  main            d.u.i.k.p.i.AbstractProblemLoader Loading environment from /home/runner/work/key/key/key.core/../key.ui/examples/heap/simple/locsets.key 
64931      DEBUG main            d.u.i.k.p.i.AbstractProblemLoader Environment load took 859.78ns 
64933      INFO  main            d.u.i.k.p.i.AbstractProblemLoader Creating init config 
67669      DEBUG main            d.u.i.k.p.i.AbstractProblemLoader Init config took 2.74s 
67685      INFO  main            d.u.i.k.p.i.AbstractProblemLoader Replaying proof locsets.key 
67687      DEBUG main            d.u.i.k.p.i.IntermediateProofReplayer Proof replay took 8.4ns 
67792      INFO  main            d.u.i.k.p.r.p.TestFile    ... finished proof: closed. 
68032      INFO  main            d.u.i.k.p.i.AbstractProblemLoader Loading environment from /home/runner/work/key/key/key.core/../key.ui/examples/heap/simple/locsets.key.proof 
68032      DEBUG main            d.u.i.k.p.i.AbstractProblemLoader Environment load took 123.21ns 
68033      INFO  main            d.u.i.k.p.i.AbstractProblemLoader Creating init config 
70725      DEBUG main            d.u.i.k.p.i.AbstractProblemLoader Init config took 2.69s 
70759      INFO  main            d.u.i.k.p.i.AbstractProblemLoader Replaying proof locsets.key.proof 
70763      DEBUG main            d.u.i.k.p.i.IntermediateProofReplayer Proof replay took 2.09ms 
70764      DEBUG main            d.u.i.k.p.r.p.TestFile    ... success: reloaded. 
70765      INFO  main            d.u.i.k.p.r.p.TestFile    Now processing file /home/runner/work/key/key/key.core/../key.ui/examples/heap/simple/loop1.key 
70766      INFO  main            d.u.i.k.p.i.AbstractProblemLoader Loading environment from /home/runner/work/key/key/key.core/../key.ui/examples/heap/simple/loop1.key 
70766      DEBUG main            d.u.i.k.p.i.AbstractProblemLoader Environment load took 236.62ns 
70768      INFO  main            d.u.i.k.p.i.AbstractProblemLoader Creating init config 
73795      DEBUG main            d.u.i.k.p.i.AbstractProblemLoader Init config took 3.03s 
73813      INFO  main            d.u.i.k.p.i.AbstractProblemLoader Replaying proof loop1.key 
73814      DEBUG main            d.u.i.k.p.i.IntermediateProofReplayer Proof replay took 8.5ns 
74017      INFO  main            d.u.i.k.p.r.p.TestFile    ... finished proof: closed. 
74269      INFO  main            d.u.i.k.p.i.AbstractProblemLoader Loading environment from /home/runner/work/key/key/key.core/../key.ui/examples/heap/simple/loop1.key.proof 
74269      DEBUG main            d.u.i.k.p.i.AbstractProblemLoader Environment load took 133.31ns 
74271      INFO  main            d.u.i.k.p.i.AbstractProblemLoader Creating init config 
77213      DEBUG main            d.u.i.k.p.i.AbstractProblemLoader Init config took 2.94s 
77236      INFO  main            d.u.i.k.p.i.AbstractProblemLoader Replaying proof loop1.key.proof 
77292      DEBUG main            d.u.i.k.p.i.IntermediateProofReplayer Proof replay took 53.77ms 
77294      DEBUG main            d.u.i.k.p.r.p.TestFile    ... success: reloaded. 
77295      INFO  main            d.u.i.k.p.r.p.TestFile    Now processing file /home/runner/work/key/key/key.core/../key.ui/examples/heap/simple/loop2.key 
77295      INFO  main            d.u.i.k.p.i.AbstractProblemLoader Loading environment from /home/runner/work/key/key/key.core/../key.ui/examples/heap/simple/loop2.key 
77295      DEBUG main            d.u.i.k.p.i.AbstractProblemLoader Environment load took 118.01ns 
77296      INFO  main            d.u.i.k.p.i.AbstractProblemLoader Creating init config 
80324      DEBUG main            d.u.i.k.p.i.AbstractProblemLoader Init config took 3.03s 
80343      INFO  main            d.u.i.k.p.i.AbstractProblemLoader Replaying proof loop2.key 
80346      DEBUG main            d.u.i.k.p.i.IntermediateProofReplayer Proof replay took 8.2ns 
80951      INFO  main            d.u.i.k.p.r.p.TestFile    ... finished proof: closed. 
81200      INFO  main            d.u.i.k.p.i.AbstractProblemLoader Loading environment from /home/runner/work/key/key/key.core/../key.ui/examples/heap/simple/loop2.key.proof 
81201      DEBUG main            d.u.i.k.p.i.AbstractProblemLoader Environment load took 811.25ns 
81203      INFO  main            d.u.i.k.p.i.AbstractProblemLoader Creating init config 
84115      DEBUG main            d.u.i.k.p.i.AbstractProblemLoader Init config took 2.91s 
84133      INFO  main            d.u.i.k.p.i.AbstractProblemLoader Replaying proof loop2.key.proof 
84227      DEBUG main            d.u.i.k.p.i.IntermediateProofReplayer Proof replay took 89.62ms 
84229      DEBUG main            d.u.i.k.p.r.p.TestFile    ... success: reloaded. 
84230      INFO  main            d.u.i.k.p.r.p.TestFile    Now processing file /home/runner/work/key/key/key.core/../key.ui/examples/heap/simple/modifies_datagroup.key 
84231      INFO  main            d.u.i.k.p.i.AbstractProblemLoader Loading environment from /home/runner/work/key/key/key.core/../key.ui/examples/heap/simple/modifies_datagroup.key 
84231      DEBUG main            d.u.i.k.p.i.AbstractProblemLoader Environment load took 272.62ns 
84232      INFO  main            d.u.i.k.p.i.AbstractProblemLoader Creating init config 
86968      DEBUG main            d.u.i.k.p.i.AbstractProblemLoader Init config took 2.74s 
86984      INFO  main            d.u.i.k.p.i.AbstractProblemLoader Replaying proof modifies_datagroup.key 
86986      DEBUG main            d.u.i.k.p.i.IntermediateProofReplayer Proof replay took 6.7ns 
87090      INFO  main            d.u.i.k.p.r.p.TestFile    ... finished proof: closed. 
87340      INFO  main            d.u.i.k.p.i.AbstractProblemLoader Loading environment from /home/runner/work/key/key/key.core/../key.ui/examples/heap/simple/modifies_datagroup.key.proof 
87340      DEBUG main            d.u.i.k.p.i.AbstractProblemLoader Environment load took 145.31ns 
87341      INFO  main            d.u.i.k.p.i.AbstractProblemLoader Creating init config 
90007      DEBUG main            d.u.i.k.p.i.AbstractProblemLoader Init config took 2.67s 
90024      INFO  main            d.u.i.k.p.i.AbstractProblemLoader Replaying proof modifies_datagroup.key.proof 
90029      DEBUG main            d.u.i.k.p.i.IntermediateProofReplayer Proof replay took 3.27ms 
90030      DEBUG main            d.u.i.k.p.r.p.TestFile    ... success: reloaded. 
90031      INFO  main            d.u.i.k.p.r.p.TestFile    Now processing file /home/runner/work/key/key/key.core/../key.ui/examples/heap/simple/modifies.key 
90031      INFO  main            d.u.i.k.p.i.AbstractProblemLoader Loading environment from /home/runner/work/key/key/key.core/../key.ui/examples/heap/simple/modifies.key 
90031      DEBUG main            d.u.i.k.p.i.AbstractProblemLoader Environment load took 103.61ns 
90033      INFO  main            d.u.i.k.p.i.AbstractProblemLoader Creating init config 
92684      DEBUG main            d.u.i.k.p.i.AbstractProblemLoader Init config took 2.65s 
92701      INFO  main            d.u.i.k.p.i.AbstractProblemLoader Replaying proof modifies.key 
92703      DEBUG main            d.u.i.k.p.i.IntermediateProofReplayer Proof replay took 8.1ns 
92805      INFO  main            d.u.i.k.p.r.p.TestFile    ... finished proof: closed. 
93131      INFO  main            d.u.i.k.p.i.AbstractProblemLoader Loading environment from /home/runner/work/key/key/key.core/../key.ui/examples/heap/simple/modifies.key.proof 
93131      DEBUG main            d.u.i.k.p.i.AbstractProblemLoader Environment load took 176.31ns 
93133      INFO  main            d.u.i.k.p.i.AbstractProblemLoader Creating init config 
95812      DEBUG main            d.u.i.k.p.i.AbstractProblemLoader Init config took 2.68s 
95831      INFO  main            d.u.i.k.p.i.AbstractProblemLoader Replaying proof modifies.key.proof 
95843      DEBUG main            d.u.i.k.p.i.IntermediateProofReplayer Proof replay took 10.42ms 
95844      DEBUG main            d.u.i.k.p.r.p.TestFile    ... success: reloaded. 
95845      INFO  main            d.u.i.k.p.r.p.TestFile    Now processing file /home/runner/work/key/key/key.core/../key.ui/examples/heap/simple/object_creation.key 
95845      INFO  main            d.u.i.k.p.i.AbstractProblemLoader Loading environment from /home/runner/work/key/key/key.core/../key.ui/examples/heap/simple/object_creation.key 
95845      DEBUG main            d.u.i.k.p.i.AbstractProblemLoader Environment load took 90.31ns 
95846      INFO  main            d.u.i.k.p.i.AbstractProblemLoader Creating init config 
98608      DEBUG main            d.u.i.k.p.i.AbstractProblemLoader Init config took 2.76s 
98626      INFO  main            d.u.i.k.p.i.AbstractProblemLoader Replaying proof object_creation.key 
98628      DEBUG main            d.u.i.k.p.i.IntermediateProofReplayer Proof replay took 8.1ns 
98832      INFO  main            d.u.i.k.p.r.p.TestFile    ... finished proof: closed. 
99087      INFO  main            d.u.i.k.p.i.AbstractProblemLoader Loading environment from /home/runner/work/key/key/key.core/../key.ui/examples/heap/simple/object_creation.key.proof 
99087      DEBUG main            d.u.i.k.p.i.AbstractProblemLoader Environment load took 138.21ns 
99088      INFO  main            d.u.i.k.p.i.AbstractProblemLoader Creating init config 
101791     DEBUG main            d.u.i.k.p.i.AbstractProblemLoader Init config took 2.7s 
101809     INFO  main            d.u.i.k.p.i.AbstractProblemLoader Replaying proof object_creation.key.proof 
101855     DEBUG main            d.u.i.k.p.i.IntermediateProofReplayer Proof replay took 43.43ms 
101857     DEBUG main            d.u.i.k.p.r.p.TestFile    ... success: reloaded. 
101858     INFO  main            d.u.i.k.p.r.p.TestFile    Now processing file /home/runner/work/key/key/key.core/../key.ui/examples/heap/simple/operation_contracts.key 
101858     INFO  main            d.u.i.k.p.i.AbstractProblemLoader Loading environment from /home/runner/work/key/key/key.core/../key.ui/examples/heap/simple/operation_contracts.key 
101858     DEBUG main            d.u.i.k.p.i.AbstractProblemLoader Environment load took 242.12ns 
101860     INFO  main            d.u.i.k.p.i.AbstractProblemLoader Creating init config 
104916     DEBUG main            d.u.i.k.p.i.AbstractProblemLoader Init config took 3.06s 
104935     INFO  main            d.u.i.k.p.i.AbstractProblemLoader Replaying proof operation_contracts.key 
104937     DEBUG main            d.u.i.k.p.i.IntermediateProofReplayer Proof replay took 6.8ns 
105856     INFO  main            d.u.i.k.p.r.p.TestFile    ... finished proof: closed. 
106130     INFO  main            d.u.i.k.p.i.AbstractProblemLoader Loading environment from /home/runner/work/key/key/key.core/../key.ui/examples/heap/simple/operation_contracts.key.proof 
106130     DEBUG main            d.u.i.k.p.i.AbstractProblemLoader Environment load took 132.21ns 
106132     INFO  main            d.u.i.k.p.i.AbstractProblemLoader Creating init config 
109128     DEBUG main            d.u.i.k.p.i.AbstractProblemLoader Init config took 3s 
109146     INFO  main            d.u.i.k.p.i.AbstractProblemLoader Replaying proof operation_contracts.key.proof 
109254     DEBUG main            d.u.i.k.p.i.IntermediateProofReplayer Proof replay took 100.41ms 
109256     DEBUG main            d.u.i.k.p.r.p.TestFile    ... success: reloaded. 
109257     INFO  main            d.u.i.k.p.r.p.TestFile    Now processing file /home/runner/work/key/key/key.core/../key.ui/examples/heap/simple/select_store.key 
109258     INFO  main            d.u.i.k.p.i.AbstractProblemLoader Loading environment from /home/runner/work/key/key/key.core/../key.ui/examples/heap/simple/select_store.key 
109258     DEBUG main            d.u.i.k.p.i.AbstractProblemLoader Environment load took 242.42ns 
109259     INFO  main            d.u.i.k.p.i.AbstractProblemLoader Creating init config 
112058     DEBUG main            d.u.i.k.p.i.AbstractProblemLoader Init config took 2.8s 
112076     INFO  main            d.u.i.k.p.i.AbstractProblemLoader Replaying proof select_store.key 
112078     DEBUG main            d.u.i.k.p.i.IntermediateProofReplayer Proof replay took 17.5ns 
112184     INFO  main            d.u.i.k.p.r.p.TestFile    ... finished proof: closed. 
112528     INFO  main            d.u.i.k.p.i.AbstractProblemLoader Loading environment from /home/runner/work/key/key/key.core/../key.ui/examples/heap/simple/select_store.key.proof 
112529     DEBUG main            d.u.i.k.p.i.AbstractProblemLoader Environment load took 170.91ns 
112530     INFO  main            d.u.i.k.p.i.AbstractProblemLoader Creating init config 
115195     DEBUG main            d.u.i.k.p.i.AbstractProblemLoader Init config took 2.66s 
115212     INFO  main            d.u.i.k.p.i.AbstractProblemLoader Replaying proof select_store.key.proof 
115216     DEBUG main            d.u.i.k.p.i.IntermediateProofReplayer Proof replay took 2.3ms 
115217     DEBUG main            d.u.i.k.p.r.p.TestFile    ... success: reloaded. 
115218     INFO  main            d.u.i.k.p.r.p.TestFile    Now processing file /home/runner/work/key/key/key.core/../key.ui/examples/heap/simple/selection_sort.key 
115218     INFO  main            d.u.i.k.p.i.AbstractProblemLoader Loading environment from /home/runner/work/key/key/key.core/../key.ui/examples/heap/simple/selection_sort.key 
115218     DEBUG main            d.u.i.k.p.i.AbstractProblemLoader Environment load took 106.21ns 
115220     INFO  main            d.u.i.k.p.i.AbstractProblemLoader Creating init config 
118291     DEBUG main            d.u.i.k.p.i.AbstractProblemLoader Init config took 3.07s 
118308     INFO  main            d.u.i.k.p.i.AbstractProblemLoader Replaying proof selection_sort.key 
118311     DEBUG main            d.u.i.k.p.i.IntermediateProofReplayer Proof replay took 6.8ns 
122252     INFO  main            d.u.i.k.p.r.p.TestFile    ... finished proof: closed. 
122556     INFO  main            d.u.i.k.p.i.AbstractProblemLoader Loading environment from /home/runner/work/key/key/key.core/../key.ui/examples/heap/simple/selection_sort.key.proof 
122557     DEBUG main            d.u.i.k.p.i.AbstractProblemLoader Environment load took 497.53ns 
122559     INFO  main            d.u.i.k.p.i.AbstractProblemLoader Creating init config 
125550     DEBUG main            d.u.i.k.p.i.AbstractProblemLoader Init config took 2.99s 
125568     INFO  main            d.u.i.k.p.i.AbstractProblemLoader Replaying proof selection_sort.key.proof 
126053     DEBUG main            d.u.i.k.p.i.IntermediateProofReplayer Proof replay took 463.65ms 
126056     DEBUG main            d.u.i.k.p.r.p.TestFile    ... success: reloaded. 
126060     INFO  main            d.u.i.k.p.r.p.TestFile    Now processing file /home/runner/work/key/key/key.core/../key.ui/examples/heap/simple/seq.key 
126061     INFO  main            d.u.i.k.p.i.AbstractProblemLoader Loading environment from /home/runner/work/key/key/key.core/../key.ui/examples/heap/simple/seq.key 
126061     DEBUG main            d.u.i.k.p.i.AbstractProblemLoader Environment load took 108.11ns 
126062     INFO  main            d.u.i.k.p.i.AbstractProblemLoader Creating init config 
128832     DEBUG main            d.u.i.k.p.i.AbstractProblemLoader Init config took 2.77s 
128848     INFO  main            d.u.i.k.p.i.AbstractProblemLoader Replaying proof seq.key 
128849     DEBUG main            d.u.i.k.p.i.IntermediateProofReplayer Proof replay took 7ns 
129355     INFO  main            d.u.i.k.p.r.p.TestFile    ... finished proof: closed. 
129669     INFO  main            d.u.i.k.p.i.AbstractProblemLoader Loading environment from /home/runner/work/key/key/key.core/../key.ui/examples/heap/simple/seq.key.proof 
129669     DEBUG main            d.u.i.k.p.i.AbstractProblemLoader Environment load took 465.33ns 
129671     INFO  main            d.u.i.k.p.i.AbstractProblemLoader Creating init config 
132297     DEBUG main            d.u.i.k.p.i.AbstractProblemLoader Init config took 2.63s 
132316     INFO  main            d.u.i.k.p.i.AbstractProblemLoader Replaying proof seq.key.proof 
132361     DEBUG main            d.u.i.k.p.i.IntermediateProofReplayer Proof replay took 33.96ms 
132363     DEBUG main            d.u.i.k.p.r.p.TestFile    ... success: reloaded. 
132363     INFO  main            d.u.i.k.p.r.p.TestFile    Now processing file /home/runner/work/key/key/key.core/../key.ui/examples/heap/simple/oldForParams.key 
132364     INFO  main            d.u.i.k.p.i.AbstractProblemLoader Loading environment from /home/runner/work/key/key/key.core/../key.ui/examples/heap/simple/oldForParams.key 
132364     DEBUG main            d.u.i.k.p.i.AbstractProblemLoader Environment load took 86ns 
132365     INFO  main            d.u.i.k.p.i.AbstractProblemLoader Creating init config 
135312     DEBUG main            d.u.i.k.p.i.AbstractProblemLoader Init config took 2.95s 
135390     INFO  main            d.u.i.k.p.i.AbstractProblemLoader Replaying proof OldForParameters[OldForParameters::method(int)].JML operation contract.0 
135392     DEBUG main            d.u.i.k.p.i.IntermediateProofReplayer Proof replay took 7ns 
135595     INFO  main            d.u.i.k.p.r.p.TestFile    ... finished proof: closed. 
135894     INFO  main            d.u.i.k.p.i.AbstractProblemLoader Loading environment from /home/runner/work/key/key/key.core/../key.ui/examples/heap/simple/oldForParams.key.proof 
135894     DEBUG main            d.u.i.k.p.i.AbstractProblemLoader Environment load took 128.51ns 
135895     INFO  main            d.u.i.k.p.i.AbstractProblemLoader Creating init config 
138747     DEBUG main            d.u.i.k.p.i.AbstractProblemLoader Init config took 2.85s 
138792     INFO  main            d.u.i.k.p.i.AbstractProblemLoader Replaying proof OldForParameters[OldForParameters::method(int)].JML operation contract.0 
138831     DEBUG main            d.u.i.k.p.i.IntermediateProofReplayer Proof replay took 36.73ms 
138832     DEBUG main            d.u.i.k.p.r.p.TestFile    ... success: reloaded. 
138834     INFO  main            d.u.i.k.p.r.p.TestFile    Now processing file /home/runner/work/key/key/key.core/../key.ui/examples/heap/simple/parse_lmtd.key 
138834     INFO  main            d.u.i.k.p.i.AbstractProblemLoader Loading environment from /home/runner/work/key/key/key.core/../key.ui/examples/heap/simple/parse_lmtd.key 
138834     DEBUG main            d.u.i.k.p.i.AbstractProblemLoader Environment load took 109.11ns 
138835     INFO  main            d.u.i.k.p.i.AbstractProblemLoader Creating init config 
141721     DEBUG main            d.u.i.k.p.i.AbstractProblemLoader Init config took 2.89s 
141768     INFO  main            d.u.i.k.p.i.AbstractProblemLoader Replaying proof ParseLmtd[ParseLmtd::simple(int)].JML normal_behavior operation contract.0 
141769     DEBUG main            d.u.i.k.p.i.IntermediateProofReplayer Proof replay took 6.2ns 
141971     INFO  main            d.u.i.k.p.r.p.TestFile    ... finished proof: closed. 
142335     INFO  main            d.u.i.k.p.i.AbstractProblemLoader Loading environment from /home/runner/work/key/key/key.core/../key.ui/examples/heap/simple/parse_lmtd.key.proof 
142335     DEBUG main            d.u.i.k.p.i.AbstractProblemLoader Environment load took 129.71ns 
142336     INFO  main            d.u.i.k.p.i.AbstractProblemLoader Creating init config 
145197     DEBUG main            d.u.i.k.p.i.AbstractProblemLoader Init config took 2.86s 
145247     INFO  main            d.u.i.k.p.i.AbstractProblemLoader Replaying proof ParseLmtd[ParseLmtd::simple(int)].JML normal_behavior operation contract.0 
145268     DEBUG main            d.u.i.k.p.i.IntermediateProofReplayer Proof replay took 18.98ms 
145269     DEBUG main            d.u.i.k.p.r.p.TestFile    ... success: reloaded. 
145270     INFO  main            d.u.i.k.p.r.p.TestFile    Now processing file /home/runner/work/key/key/key.core/../key.ui/examples/heap/strictly_pure/strictlyPureMethod.key 
145271     INFO  main            d.u.i.k.p.i.AbstractProblemLoader Loading environment from /home/runner/work/key/key/key.core/../key.ui/examples/heap/strictly_pure/strictlyPureMethod.key 
145271     DEBUG main            d.u.i.k.p.i.AbstractProblemLoader Environment load took 224.31ns 
145272     INFO  main            d.u.i.k.p.i.AbstractProblemLoader Creating init config 
148090     DEBUG main            d.u.i.k.p.i.AbstractProblemLoader Init config took 2.82s 
148133     INFO  main            d.u.i.k.p.i.AbstractProblemLoader Replaying proof StrictlyPure[StrictlyPure::strictlyPureMethod()].JML operation contract.0 
148135     DEBUG main            d.u.i.k.p.i.IntermediateProofReplayer Proof replay took 6.6ns 
148342     INFO  main            d.u.i.k.p.r.p.TestFile    ... finished proof: closed. 
148629     INFO  main            d.u.i.k.p.i.AbstractProblemLoader Loading environment from /home/runner/work/key/key/key.core/../key.ui/examples/heap/strictly_pure/strictlyPureMethod.key.proof 
148629     DEBUG main            d.u.i.k.p.i.AbstractProblemLoader Environment load took 124.11ns 
148630     INFO  main            d.u.i.k.p.i.AbstractProblemLoader Creating init config 
151311     DEBUG main            d.u.i.k.p.i.AbstractProblemLoader Init config took 2.68s 
151352     INFO  main            d.u.i.k.p.i.AbstractProblemLoader Replaying proof StrictlyPure[StrictlyPure::strictlyPureMethod()].JML operation contract.0 
151405     DEBUG main            d.u.i.k.p.i.IntermediateProofReplayer Proof replay took 50.36ms 
151405     DEBUG main            d.u.i.k.p.r.p.TestFile    ... success: reloaded. 
151406     INFO  main            d.u.i.k.p.r.p.TestFile    Now processing file /home/runner/work/key/key/key.core/../key.ui/examples/heap/strictly_pure/useStrictlyPureMethod.key 
151407     INFO  main            d.u.i.k.p.i.AbstractProblemLoader Loading environment from /home/runner/work/key/key/key.core/../key.ui/examples/heap/strictly_pure/useStrictlyPureMethod.key 
151407     DEBUG main            d.u.i.k.p.i.AbstractProblemLoader Environment load took 136.41ns 
151408     INFO  main            d.u.i.k.p.i.AbstractProblemLoader Creating init config 
154198     DEBUG main            d.u.i.k.p.i.AbstractProblemLoader Init config took 2.79s 
154238     INFO  main            d.u.i.k.p.i.AbstractProblemLoader Replaying proof StrictlyPure[StrictlyPure::useStrictlyPureMethod(StrictlyPureClass)].JML operation contract.0 
154239     DEBUG main            d.u.i.k.p.i.IntermediateProofReplayer Proof replay took 7ns 
154545     INFO  main            d.u.i.k.p.r.p.TestFile    ... finished proof: closed. 
154829     INFO  main            d.u.i.k.p.i.AbstractProblemLoader Loading environment from /home/runner/work/key/key/key.core/../key.ui/examples/heap/strictly_pure/useStrictlyPureMethod.key.proof 
154829     DEBUG main            d.u.i.k.p.i.AbstractProblemLoader Environment load took 123.71ns 
154830     INFO  main            d.u.i.k.p.i.AbstractProblemLoader Creating init config 
157512     DEBUG main            d.u.i.k.p.i.AbstractProblemLoader Init config took 2.68s 
157553     INFO  main            d.u.i.k.p.i.AbstractProblemLoader Replaying proof StrictlyPure[StrictlyPure::useStrictlyPureMethod(StrictlyPureClass)].JML operation contract.0 
157606     DEBUG main            d.u.i.k.p.i.IntermediateProofReplayer Proof replay took 49.22ms 
157607     DEBUG main            d.u.i.k.p.r.p.TestFile    ... success: reloaded. 
157608     INFO  main            d.u.i.k.p.r.p.TestFile    Now processing file /home/runner/work/key/key/key.core/../key.ui/examples/heap/Wellfounded/ackermann.key 
157608     INFO  main            d.u.i.k.p.i.AbstractProblemLoader Loading environment from /home/runner/work/key/key/key.core/../key.ui/examples/heap/Wellfounded/ackermann.key 
157608     DEBUG main            d.u.i.k.p.i.AbstractProblemLoader Environment load took 103.71ns 
157609     INFO  main            d.u.i.k.p.i.AbstractProblemLoader Creating init config 
160395     DEBUG main            d.u.i.k.p.i.AbstractProblemLoader Init config took 2.79s 
160435     INFO  main            d.u.i.k.p.i.AbstractProblemLoader Replaying proof Ackermann[Ackermann::a(int,int)].JML normal_behavior operation contract.0 
160439     DEBUG main            d.u.i.k.p.i.IntermediateProofReplayer Proof replay took 6ns 
160845     INFO  main            d.u.i.k.p.r.p.TestFile    ... finished proof: closed. 
161262     INFO  main            d.u.i.k.p.i.AbstractProblemLoader Loading environment from /home/runner/work/key/key/key.core/../key.ui/examples/heap/Wellfounded/ackermann.key.proof 
161262     DEBUG main            d.u.i.k.p.i.AbstractProblemLoader Environment load took 118.21ns 
161263     INFO  main            d.u.i.k.p.i.AbstractProblemLoader Creating init config 
164097     DEBUG main            d.u.i.k.p.i.AbstractProblemLoader Init config took 2.83s 
164149     INFO  main            d.u.i.k.p.i.AbstractProblemLoader Replaying proof Ackermann[Ackermann::a(int,int)].JML normal_behavior operation contract.0 
164206     DEBUG main            d.u.i.k.p.i.IntermediateProofReplayer Proof replay took 53.53ms 
164207     DEBUG main            d.u.i.k.p.r.p.TestFile    ... success: reloaded. 
164208     INFO  main            d.u.i.k.p.r.p.TestFile    Now processing file /home/runner/work/key/key/key.core/../key.ui/examples/standard_key/unicode_test.key 
164208     INFO  main            d.u.i.k.p.i.AbstractProblemLoader Loading environment from /home/runner/work/key/key/key.core/../key.ui/examples/standard_key/unicode_test.key 
164208     DEBUG main            d.u.i.k.p.i.AbstractProblemLoader Environment load took 111.41ns 
164210     INFO  main            d.u.i.k.p.i.AbstractProblemLoader Creating init config 
166901     DEBUG main            d.u.i.k.p.i.AbstractProblemLoader Init config took 2.69s 
166917     INFO  main            d.u.i.k.p.i.AbstractProblemLoader Replaying proof unicode_test.key 
166918     DEBUG main            d.u.i.k.p.i.IntermediateProofReplayer Proof replay took 7.3ns 
167020     INFO  main            d.u.i.k.p.r.p.TestFile    ... finished proof: closed. 
167327     INFO  main            d.u.i.k.p.i.AbstractProblemLoader Loading environment from /home/runner/work/key/key/key.core/../key.ui/examples/standard_key/unicode_test.key.proof 
167327     DEBUG main            d.u.i.k.p.i.AbstractProblemLoader Environment load took 121.91ns 
167328     INFO  main            d.u.i.k.p.i.AbstractProblemLoader Creating init config 
169989     DEBUG main            d.u.i.k.p.i.AbstractProblemLoader Init config took 2.66s 
170004     INFO  main            d.u.i.k.p.i.AbstractProblemLoader Replaying proof unicode_test.key.proof 
170006     DEBUG main            d.u.i.k.p.i.IntermediateProofReplayer Proof replay took 373.43ns 
170006     DEBUG main            d.u.i.k.p.r.p.TestFile    ... success: reloaded. 
170007     INFO  main            d.u.i.k.p.r.p.TestFile    Now processing file /home/runner/work/key/key/key.core/../key.ui/examples/heap/strictlyModular/mayExpand.key 
170007     INFO  main            d.u.i.k.p.i.AbstractProblemLoader Loading environment from /home/runner/work/key/key/key.core/../key.ui/examples/heap/strictlyModular/mayExpand.key 
170008     DEBUG main            d.u.i.k.p.i.AbstractProblemLoader Environment load took 430.93ns 
170009     INFO  main            d.u.i.k.p.i.AbstractProblemLoader Creating init config 
172757     DEBUG main            d.u.i.k.p.i.AbstractProblemLoader Init config took 2.75s 
172801     INFO  main            d.u.i.k.p.i.AbstractProblemLoader Replaying proof Modular[Modular::m()].JML operation contract.0 
172803     DEBUG main            d.u.i.k.p.i.IntermediateProofReplayer Proof replay took 6.4ns 
172905     INFO  main            d.u.i.k.p.r.p.TestFile    ... finished proof: closed. 
173210     INFO  main            d.u.i.k.p.i.AbstractProblemLoader Loading environment from /home/runner/work/key/key/key.core/../key.ui/examples/heap/strictlyModular/mayExpand.key.proof 
173210     DEBUG main            d.u.i.k.p.i.AbstractProblemLoader Environment load took 112.61ns 
173211     INFO  main            d.u.i.k.p.i.AbstractProblemLoader Creating init config 
175848     DEBUG main            d.u.i.k.p.i.AbstractProblemLoader Init config took 2.64s 
175899     INFO  main            d.u.i.k.p.i.AbstractProblemLoader Replaying proof Modular[Modular::m()].JML operation contract.0 
175915     DEBUG main            d.u.i.k.p.i.IntermediateProofReplayer Proof replay took 13.61ms 
175916     DEBUG main            d.u.i.k.p.r.p.TestFile    ... success: reloaded. 
175917     INFO  main            d.u.i.k.p.r.p.TestFile    Now processing file /home/runner/work/key/key/key.core/../key.ui/examples/heap/strictlyModular/modularOnly.key 
175918     INFO  main            d.u.i.k.p.i.AbstractProblemLoader Loading environment from /home/runner/work/key/key/key.core/../key.ui/examples/heap/strictlyModular/modularOnly.key 
175918     DEBUG main            d.u.i.k.p.i.AbstractProblemLoader Environment load took 211.81ns 
175919     INFO  main            d.u.i.k.p.i.AbstractProblemLoader Creating init config 
178646     DEBUG main            d.u.i.k.p.i.AbstractProblemLoader Init config took 2.73s 
178685     INFO  main            d.u.i.k.p.i.AbstractProblemLoader Replaying proof Modular[Modular::m()].JML operation contract.0 
178686     DEBUG main            d.u.i.k.p.i.IntermediateProofReplayer Proof replay took 6.6ns 
178790     INFO  main            d.u.i.k.p.r.p.TestFile    ... finished proof: open goal(s) 
2083378    INFO  Test worker     d.u.i.k.p.r.RunAllProofsTestUnit Returning from test simpleTests 
2083381    INFO  Test worker     d.u.i.k.p.r.RunAllProofsTestUnit Running test SmansEtAl 
372        INFO  Timeout watchdog d.u.i.k.p.r.p.ForkedTestFileRunner Timeout watcher launched (2000 secs.) 
389        WARN  main            d.u.i.k.s.ProofSettings   The settings in /home/runner/.key/proof-settings.props are *not* read. 
438        INFO  main            d.u.i.k.p.r.p.TestFile    Now processing file /home/runner/work/key/key/key.core/../key.ui/examples/heap/SmansEtAl/ArrayList_add.key 
580        INFO  main            d.u.i.k.p.i.AbstractProblemLoader Loading environment from /home/runner/work/key/key/key.core/../key.ui/examples/heap/SmansEtAl/ArrayList_add.key 
599        DEBUG main            d.u.i.k.p.i.AbstractProblemLoader Environment load took 2.49ms 
856        INFO  main            d.u.i.k.p.i.AbstractProblemLoader Creating init config 
1836       DEBUG main            d.u.i.k.j.TypeConverter   No LDT found for Meta 
1837       DEBUG main            d.u.i.k.j.TypeConverter   No LDT found for Meta 
1839       DEBUG main            d.u.i.k.j.TypeConverter   No LDT found for Meta 
1840       DEBUG main            d.u.i.k.j.TypeConverter   No LDT found for Meta 
3350       DEBUG main            d.u.i.k.j.TypeConverter   No LDT found for JavaBigintExpression 
9568       DEBUG main            d.u.i.k.p.i.AbstractProblemLoader Init config took 8.71s 
9708       INFO  main            d.u.i.k.p.i.AbstractProblemLoader Replaying proof ArrayList[ArrayList::add(java.lang.Object)].JML normal_behavior operation contract.0 
9744       DEBUG main            d.u.i.k.p.i.IntermediateProofReplayer Proof replay took 35.6ns 
17620      INFO  main            d.u.i.k.p.r.p.TestFile    ... finished proof: closed. 
17866      INFO  main            d.u.i.k.p.i.AbstractProblemLoader Loading environment from /home/runner/work/key/key/key.core/../key.ui/examples/heap/SmansEtAl/ArrayList_add.key.proof 
17867      DEBUG main            d.u.i.k.p.i.AbstractProblemLoader Environment load took 1.02ms 
17875      INFO  main            d.u.i.k.p.i.AbstractProblemLoader Creating init config 
21283      DEBUG main            d.u.i.k.p.i.AbstractProblemLoader Init config took 3.41s 
21349      INFO  main            d.u.i.k.p.i.AbstractProblemLoader Replaying proof ArrayList[ArrayList::add(java.lang.Object)].JML normal_behavior operation contract.0 
22140      DEBUG main            d.u.i.k.p.i.IntermediateProofReplayer Proof replay took 762.13ms 
22151      DEBUG main            d.u.i.k.p.r.p.TestFile    ... success: reloaded. 
22154      INFO  main            d.u.i.k.p.r.p.TestFile    Now processing file /home/runner/work/key/key/key.core/../key.ui/examples/heap/SmansEtAl/ArrayList_ArrayList.key 
22154      INFO  main            d.u.i.k.p.i.AbstractProblemLoader Loading environment from /home/runner/work/key/key/key.core/../key.ui/examples/heap/SmansEtAl/ArrayList_ArrayList.key 
22154      DEBUG main            d.u.i.k.p.i.AbstractProblemLoader Environment load took 265.62ns 
22156      INFO  main            d.u.i.k.p.i.AbstractProblemLoader Creating init config 
25380      DEBUG main            d.u.i.k.p.i.AbstractProblemLoader Init config took 3.22s 
25436      INFO  main            d.u.i.k.p.i.AbstractProblemLoader Replaying proof ArrayList[ArrayList::ArrayList()].JML normal_behavior operation contract.0 
25444      DEBUG main            d.u.i.k.p.i.IntermediateProofReplayer Proof replay took 6.4ns 
26657      INFO  main            d.u.i.k.p.r.p.TestFile    ... finished proof: closed. 
26849      INFO  main            d.u.i.k.p.i.AbstractProblemLoader Loading environment from /home/runner/work/key/key/key.core/../key.ui/examples/heap/SmansEtAl/ArrayList_ArrayList.key.proof 
26850      DEBUG main            d.u.i.k.p.i.AbstractProblemLoader Environment load took 141.71ns 
26851      INFO  main            d.u.i.k.p.i.AbstractProblemLoader Creating init config 
30052      DEBUG main            d.u.i.k.p.i.AbstractProblemLoader Init config took 3.2s 
30105      INFO  main            d.u.i.k.p.i.AbstractProblemLoader Replaying proof ArrayList[ArrayList::ArrayList()].JML normal_behavior operation contract.0 
30241      DEBUG main            d.u.i.k.p.i.IntermediateProofReplayer Proof replay took 128.54ms 
30243      DEBUG main            d.u.i.k.p.r.p.TestFile    ... success: reloaded. 
30244      INFO  main            d.u.i.k.p.r.p.TestFile    Now processing file /home/runner/work/key/key/key.core/../key.ui/examples/heap/SmansEtAl/ArrayList_footprint.key 
30245      INFO  main            d.u.i.k.p.i.AbstractProblemLoader Loading environment from /home/runner/work/key/key/key.core/../key.ui/examples/heap/SmansEtAl/ArrayList_footprint.key 
30245      DEBUG main            d.u.i.k.p.i.AbstractProblemLoader Environment load took 244.81ns 
30246      INFO  main            d.u.i.k.p.i.AbstractProblemLoader Creating init config 
33448      DEBUG main            d.u.i.k.p.i.AbstractProblemLoader Init config took 3.2s 
33501      INFO  main            d.u.i.k.p.i.AbstractProblemLoader Replaying proof ArrayList[ArrayList::$footprint()].JML accessible clause.0 
33503      DEBUG main            d.u.i.k.p.i.IntermediateProofReplayer Proof replay took 5.8ns 
33606      INFO  main            d.u.i.k.p.r.p.TestFile    ... finished proof: closed. 
33785      INFO  main            d.u.i.k.p.i.AbstractProblemLoader Loading environment from /home/runner/work/key/key/key.core/../key.ui/examples/heap/SmansEtAl/ArrayList_footprint.key.proof 
33785      DEBUG main            d.u.i.k.p.i.AbstractProblemLoader Environment load took 133.31ns 
33787      INFO  main            d.u.i.k.p.i.AbstractProblemLoader Creating init config 
36907      DEBUG main            d.u.i.k.p.i.AbstractProblemLoader Init config took 3.12s 
36955      INFO  main            d.u.i.k.p.i.AbstractProblemLoader Replaying proof ArrayList[ArrayList::$footprint()].JML accessible clause.0 
36965      DEBUG main            d.u.i.k.p.i.IntermediateProofReplayer Proof replay took 8.25ms 
36966      DEBUG main            d.u.i.k.p.r.p.TestFile    ... success: reloaded. 
36967      INFO  main            d.u.i.k.p.r.p.TestFile    Now processing file /home/runner/work/key/key/key.core/../key.ui/examples/heap/SmansEtAl/ArrayList_get_dep.key 
36968      INFO  main            d.u.i.k.p.i.AbstractProblemLoader Loading environment from /home/runner/work/key/key/key.core/../key.ui/examples/heap/SmansEtAl/ArrayList_get_dep.key 
36968      DEBUG main            d.u.i.k.p.i.AbstractProblemLoader Environment load took 170.71ns 
36969      INFO  main            d.u.i.k.p.i.AbstractProblemLoader Creating init config 
40058      DEBUG main            d.u.i.k.p.i.AbstractProblemLoader Init config took 3.09s 
40160      INFO  main            d.u.i.k.p.i.AbstractProblemLoader Replaying proof ArrayList[ArrayList::get(int)].JML accessible clause.0 
40162      DEBUG main            d.u.i.k.p.i.IntermediateProofReplayer Proof replay took 7ns 
40466      INFO  main            d.u.i.k.p.r.p.TestFile    ... finished proof: closed. 
40645      INFO  main            d.u.i.k.p.i.AbstractProblemLoader Loading environment from /home/runner/work/key/key/key.core/../key.ui/examples/heap/SmansEtAl/ArrayList_get_dep.key.proof 
40645      DEBUG main            d.u.i.k.p.i.AbstractProblemLoader Environment load took 457.33ns 
40647      INFO  main            d.u.i.k.p.i.AbstractProblemLoader Creating init config 
43871      DEBUG main            d.u.i.k.p.i.AbstractProblemLoader Init config took 3.22s 
43937      INFO  main            d.u.i.k.p.i.AbstractProblemLoader Replaying proof ArrayList[ArrayList::get(int)].JML accessible clause.0 
43993      DEBUG main            d.u.i.k.p.i.IntermediateProofReplayer Proof replay took 51.23ms 
43995      DEBUG main            d.u.i.k.p.r.p.TestFile    ... success: reloaded. 
43996      INFO  main            d.u.i.k.p.r.p.TestFile    Now processing file /home/runner/work/key/key/key.core/../key.ui/examples/heap/SmansEtAl/ArrayList_get.key 
43996      INFO  main            d.u.i.k.p.i.AbstractProblemLoader Loading environment from /home/runner/work/key/key/key.core/../key.ui/examples/heap/SmansEtAl/ArrayList_get.key 
43997      DEBUG main            d.u.i.k.p.i.AbstractProblemLoader Environment load took 239.11ns 
43998      INFO  main            d.u.i.k.p.i.AbstractProblemLoader Creating init config 
47084      DEBUG main            d.u.i.k.p.i.AbstractProblemLoader Init config took 3.09s 
47136      INFO  main            d.u.i.k.p.i.AbstractProblemLoader Replaying proof ArrayList[ArrayList::get(int)].JML normal_behavior operation contract.0 
47139      DEBUG main            d.u.i.k.p.i.IntermediateProofReplayer Proof replay took 7.2ns 
47343      INFO  main            d.u.i.k.p.r.p.TestFile    ... finished proof: closed. 
47535      INFO  main            d.u.i.k.p.i.AbstractProblemLoader Loading environment from /home/runner/work/key/key/key.core/../key.ui/examples/heap/SmansEtAl/ArrayList_get.key.proof 
47535      DEBUG main            d.u.i.k.p.i.AbstractProblemLoader Environment load took 129.91ns 
47537      INFO  main            d.u.i.k.p.i.AbstractProblemLoader Creating init config 
50624      DEBUG main            d.u.i.k.p.i.AbstractProblemLoader Init config took 3.09s 
50671      INFO  main            d.u.i.k.p.i.AbstractProblemLoader Replaying proof ArrayList[ArrayList::get(int)].JML normal_behavior operation contract.0 
50699      DEBUG main            d.u.i.k.p.i.IntermediateProofReplayer Proof replay took 25.79ms 
50700      DEBUG main            d.u.i.k.p.r.p.TestFile    ... success: reloaded. 
50702      INFO  main            d.u.i.k.p.r.p.TestFile    Now processing file /home/runner/work/key/key/key.core/../key.ui/examples/heap/SmansEtAl/ArrayList_inv.key 
50702      INFO  main            d.u.i.k.p.i.AbstractProblemLoader Loading environment from /home/runner/work/key/key/key.core/../key.ui/examples/heap/SmansEtAl/ArrayList_inv.key 
50702      DEBUG main            d.u.i.k.p.i.AbstractProblemLoader Environment load took 135.71ns 
50703      INFO  main            d.u.i.k.p.i.AbstractProblemLoader Creating init config 
53785      DEBUG main            d.u.i.k.p.i.AbstractProblemLoader Init config took 3.08s 
53829      INFO  main            d.u.i.k.p.i.AbstractProblemLoader Replaying proof ArrayList[java.lang.Object::<inv>()].JML accessible clause.0 
53831      DEBUG main            d.u.i.k.p.i.IntermediateProofReplayer Proof replay took 6.8ns 
53933      INFO  main            d.u.i.k.p.r.p.TestFile    ... finished proof: closed. 
54121      INFO  main            d.u.i.k.p.i.AbstractProblemLoader Loading environment from /home/runner/work/key/key/key.core/../key.ui/examples/heap/SmansEtAl/ArrayList_inv.key.proof 
54122      DEBUG main            d.u.i.k.p.i.AbstractProblemLoader Environment load took 122.91ns 
54122      INFO  main            d.u.i.k.p.i.AbstractProblemLoader Creating init config 
57175      DEBUG main            d.u.i.k.p.i.AbstractProblemLoader Init config took 3.05s 
57220      INFO  main            d.u.i.k.p.i.AbstractProblemLoader Replaying proof ArrayList[java.lang.Object::<inv>()].JML accessible clause.0 
57231      DEBUG main            d.u.i.k.p.i.IntermediateProofReplayer Proof replay took 9.11ms 
57233      DEBUG main            d.u.i.k.p.r.p.TestFile    ... success: reloaded. 
57234      INFO  main            d.u.i.k.p.r.p.TestFile    Now processing file /home/runner/work/key/key/key.core/../key.ui/examples/heap/SmansEtAl/ArrayList_size_dep.key 
57234      INFO  main            d.u.i.k.p.i.AbstractProblemLoader Loading environment from /home/runner/work/key/key/key.core/../key.ui/examples/heap/SmansEtAl/ArrayList_size_dep.key 
57234      DEBUG main            d.u.i.k.p.i.AbstractProblemLoader Environment load took 114.71ns 
57235      INFO  main            d.u.i.k.p.i.AbstractProblemLoader Creating init config 
60368      DEBUG main            d.u.i.k.p.i.AbstractProblemLoader Init config took 3.13s 
60419      INFO  main            d.u.i.k.p.i.AbstractProblemLoader Replaying proof ArrayList[ArrayList::size()].JML accessible clause.0 
60421      DEBUG main            d.u.i.k.p.i.IntermediateProofReplayer Proof replay took 7.3ns 
60523      INFO  main            d.u.i.k.p.r.p.TestFile    ... finished proof: closed. 
60709      INFO  main            d.u.i.k.p.i.AbstractProblemLoader Loading environment from /home/runner/work/key/key/key.core/../key.ui/examples/heap/SmansEtAl/ArrayList_size_dep.key.proof 
60710      DEBUG main            d.u.i.k.p.i.AbstractProblemLoader Environment load took 136.11ns 
60711      INFO  main            d.u.i.k.p.i.AbstractProblemLoader Creating init config 
63740      DEBUG main            d.u.i.k.p.i.AbstractProblemLoader Init config took 3.03s 
63788      INFO  main            d.u.i.k.p.i.AbstractProblemLoader Replaying proof ArrayList[ArrayList::size()].JML accessible clause.0 
63803      DEBUG main            d.u.i.k.p.i.IntermediateProofReplayer Proof replay took 12.66ms 
63804      DEBUG main            d.u.i.k.p.r.p.TestFile    ... success: reloaded. 
63806      INFO  main            d.u.i.k.p.r.p.TestFile    Now processing file /home/runner/work/key/key/key.core/../key.ui/examples/heap/SmansEtAl/ArrayList_size.key 
63806      INFO  main            d.u.i.k.p.i.AbstractProblemLoader Loading environment from /home/runner/work/key/key/key.core/../key.ui/examples/heap/SmansEtAl/ArrayList_size.key 
63806      DEBUG main            d.u.i.k.p.i.AbstractProblemLoader Environment load took 115.41ns 
63813      INFO  main            d.u.i.k.p.i.AbstractProblemLoader Creating init config 
66852      DEBUG main            d.u.i.k.p.i.AbstractProblemLoader Init config took 3.04s 
66897      INFO  main            d.u.i.k.p.i.AbstractProblemLoader Replaying proof ArrayList[ArrayList::size()].JML normal_behavior operation contract.0 
66899      DEBUG main            d.u.i.k.p.i.IntermediateProofReplayer Proof replay took 7.6ns 
67003      INFO  main            d.u.i.k.p.r.p.TestFile    ... finished proof: closed. 
67207      INFO  main            d.u.i.k.p.i.AbstractProblemLoader Loading environment from /home/runner/work/key/key/key.core/../key.ui/examples/heap/SmansEtAl/ArrayList_size.key.proof 
67208      DEBUG main            d.u.i.k.p.i.AbstractProblemLoader Environment load took 128.11ns 
67213      INFO  main            d.u.i.k.p.i.AbstractProblemLoader Creating init config 
70228      DEBUG main            d.u.i.k.p.i.AbstractProblemLoader Init config took 3.01s 
70271      INFO  main            d.u.i.k.p.i.AbstractProblemLoader Replaying proof ArrayList[ArrayList::size()].JML normal_behavior operation contract.0 
70285      DEBUG main            d.u.i.k.p.i.IntermediateProofReplayer Proof replay took 12.02ms 
70287      DEBUG main            d.u.i.k.p.r.p.TestFile    ... success: reloaded. 
70288      INFO  main            d.u.i.k.p.r.p.TestFile    Now processing file /home/runner/work/key/key/key.core/../key.ui/examples/heap/SmansEtAl/Cell_Cell.key 
70289      INFO  main            d.u.i.k.p.i.AbstractProblemLoader Loading environment from /home/runner/work/key/key/key.core/../key.ui/examples/heap/SmansEtAl/Cell_Cell.key 
70289      DEBUG main            d.u.i.k.p.i.AbstractProblemLoader Environment load took 298.72ns 
70290      INFO  main            d.u.i.k.p.i.AbstractProblemLoader Creating init config 
73313      DEBUG main            d.u.i.k.p.i.AbstractProblemLoader Init config took 3.02s 
73356      INFO  main            d.u.i.k.p.i.AbstractProblemLoader Replaying proof Cell[Cell::Cell()].JML normal_behavior operation contract.0 
73358      DEBUG main            d.u.i.k.p.i.IntermediateProofReplayer Proof replay took 7.6ns 
73561      INFO  main            d.u.i.k.p.r.p.TestFile    ... finished proof: closed. 
73770      INFO  main            d.u.i.k.p.i.AbstractProblemLoader Loading environment from /home/runner/work/key/key/key.core/../key.ui/examples/heap/SmansEtAl/Cell_Cell.key.proof 
73771      DEBUG main            d.u.i.k.p.i.AbstractProblemLoader Environment load took 144.31ns 
73772      INFO  main            d.u.i.k.p.i.AbstractProblemLoader Creating init config 
76800      DEBUG main            d.u.i.k.p.i.AbstractProblemLoader Init config took 3.03s 
76840      INFO  main            d.u.i.k.p.i.AbstractProblemLoader Replaying proof Cell[Cell::Cell()].JML normal_behavior operation contract.0 
76874      DEBUG main            d.u.i.k.p.i.IntermediateProofReplayer Proof replay took 31.49ms 
76875      DEBUG main            d.u.i.k.p.r.p.TestFile    ... success: reloaded. 
76877      INFO  main            d.u.i.k.p.r.p.TestFile    Now processing file /home/runner/work/key/key/key.core/../key.ui/examples/heap/SmansEtAl/Cell_footprint.key 
76877      INFO  main            d.u.i.k.p.i.AbstractProblemLoader Loading environment from /home/runner/work/key/key/key.core/../key.ui/examples/heap/SmansEtAl/Cell_footprint.key 
76877      DEBUG main            d.u.i.k.p.i.AbstractProblemLoader Environment load took 206.51ns 
76878      INFO  main            d.u.i.k.p.i.AbstractProblemLoader Creating init config 
79938      DEBUG main            d.u.i.k.p.i.AbstractProblemLoader Init config took 3.06s 
79974      INFO  main            d.u.i.k.p.i.AbstractProblemLoader Replaying proof Cell[Cell::$footprint()].JML accessible clause.0 
79976      DEBUG main            d.u.i.k.p.i.IntermediateProofReplayer Proof replay took 23.4ns 
80079      INFO  main            d.u.i.k.p.r.p.TestFile    ... finished proof: closed. 
80293      INFO  main            d.u.i.k.p.i.AbstractProblemLoader Loading environment from /home/runner/work/key/key/key.core/../key.ui/examples/heap/SmansEtAl/Cell_footprint.key.proof 
80293      DEBUG main            d.u.i.k.p.i.AbstractProblemLoader Environment load took 132.91ns 
80294      INFO  main            d.u.i.k.p.i.AbstractProblemLoader Creating init config 
83330      DEBUG main            d.u.i.k.p.i.AbstractProblemLoader Init config took 3.04s 
83371      INFO  main            d.u.i.k.p.i.AbstractProblemLoader Replaying proof Cell[Cell::$footprint()].JML accessible clause.0 
83376      DEBUG main            d.u.i.k.p.i.IntermediateProofReplayer Proof replay took 3.31ms 
83377      DEBUG main            d.u.i.k.p.r.p.TestFile    ... success: reloaded. 
83378      INFO  main            d.u.i.k.p.r.p.TestFile    Now processing file /home/runner/work/key/key/key.core/../key.ui/examples/heap/SmansEtAl/Cell_getX_dep.key 
83378      INFO  main            d.u.i.k.p.i.AbstractProblemLoader Loading environment from /home/runner/work/key/key/key.core/../key.ui/examples/heap/SmansEtAl/Cell_getX_dep.key 
83379      DEBUG main            d.u.i.k.p.i.AbstractProblemLoader Environment load took 132.11ns 
83380      INFO  main            d.u.i.k.p.i.AbstractProblemLoader Creating init config 
86448      DEBUG main            d.u.i.k.p.i.AbstractProblemLoader Init config took 3.07s 
86503      INFO  main            d.u.i.k.p.i.AbstractProblemLoader Replaying proof Cell[Cell::getX()].JML accessible clause.0 
86505      DEBUG main            d.u.i.k.p.i.IntermediateProofReplayer Proof replay took 8.4ns 
86609      INFO  main            d.u.i.k.p.r.p.TestFile    ... finished proof: closed. 
86849      INFO  main            d.u.i.k.p.i.AbstractProblemLoader Loading environment from /home/runner/work/key/key/key.core/../key.ui/examples/heap/SmansEtAl/Cell_getX_dep.key.proof 
86849      DEBUG main            d.u.i.k.p.i.AbstractProblemLoader Environment load took 131.61ns 
86850      INFO  main            d.u.i.k.p.i.AbstractProblemLoader Creating init config 
89823      DEBUG main            d.u.i.k.p.i.AbstractProblemLoader Init config took 2.97s 
89862      INFO  main            d.u.i.k.p.i.AbstractProblemLoader Replaying proof Cell[Cell::getX()].JML accessible clause.0 
89876      DEBUG main            d.u.i.k.p.i.IntermediateProofReplayer Proof replay took 12.14ms 
89877      DEBUG main            d.u.i.k.p.r.p.TestFile    ... success: reloaded. 
89879      INFO  main            d.u.i.k.p.r.p.TestFile    Now processing file /home/runner/work/key/key/key.core/../key.ui/examples/heap/SmansEtAl/Cell_getX.key 
89879      INFO  main            d.u.i.k.p.i.AbstractProblemLoader Loading environment from /home/runner/work/key/key/key.core/../key.ui/examples/heap/SmansEtAl/Cell_getX.key 
89879      DEBUG main            d.u.i.k.p.i.AbstractProblemLoader Environment load took 104.71ns 
89880      INFO  main            d.u.i.k.p.i.AbstractProblemLoader Creating init config 
92933      DEBUG main            d.u.i.k.p.i.AbstractProblemLoader Init config took 3.05s 
92978      INFO  main            d.u.i.k.p.i.AbstractProblemLoader Replaying proof Cell[Cell::getX()].JML normal_behavior operation contract.0 
92979      DEBUG main            d.u.i.k.p.i.IntermediateProofReplayer Proof replay took 7ns 
93082      INFO  main            d.u.i.k.p.r.p.TestFile    ... finished proof: closed. 
93305      INFO  main            d.u.i.k.p.i.AbstractProblemLoader Loading environment from /home/runner/work/key/key/key.core/../key.ui/examples/heap/SmansEtAl/Cell_getX.key.proof 
93305      DEBUG main            d.u.i.k.p.i.AbstractProblemLoader Environment load took 135.4ns 
93306      INFO  main            d.u.i.k.p.i.AbstractProblemLoader Creating init config 
96302      DEBUG main            d.u.i.k.p.i.AbstractProblemLoader Init config took 3s 
96341      INFO  main            d.u.i.k.p.i.AbstractProblemLoader Replaying proof Cell[Cell::getX()].JML normal_behavior operation contract.0 
96353      DEBUG main            d.u.i.k.p.i.IntermediateProofReplayer Proof replay took 10.6ms 
96354      DEBUG main            d.u.i.k.p.r.p.TestFile    ... success: reloaded. 
96355      INFO  main            d.u.i.k.p.r.p.TestFile    Now processing file /home/runner/work/key/key/key.core/../key.ui/examples/heap/SmansEtAl/Cell_inv.key 
96356      INFO  main            d.u.i.k.p.i.AbstractProblemLoader Loading environment from /home/runner/work/key/key/key.core/../key.ui/examples/heap/SmansEtAl/Cell_inv.key 
96356      DEBUG main            d.u.i.k.p.i.AbstractProblemLoader Environment load took 283.52ns 
96357      INFO  main            d.u.i.k.p.i.AbstractProblemLoader Creating init config 
99421      DEBUG main            d.u.i.k.p.i.AbstractProblemLoader Init config took 3.06s 
99457      INFO  main            d.u.i.k.p.i.AbstractProblemLoader Replaying proof Cell[java.lang.Object::<inv>()].JML accessible clause.0 
99458      DEBUG main            d.u.i.k.p.i.IntermediateProofReplayer Proof replay took 6.3ns 
99561      INFO  main            d.u.i.k.p.r.p.TestFile    ... finished proof: closed. 
99792      INFO  main            d.u.i.k.p.i.AbstractProblemLoader Loading environment from /home/runner/work/key/key/key.core/../key.ui/examples/heap/SmansEtAl/Cell_inv.key.proof 
99792      DEBUG main            d.u.i.k.p.i.AbstractProblemLoader Environment load took 129.61ns 
99793      INFO  main            d.u.i.k.p.i.AbstractProblemLoader Creating init config 
102739     DEBUG main            d.u.i.k.p.i.AbstractProblemLoader Init config took 2.95s 
102778     INFO  main            d.u.i.k.p.i.AbstractProblemLoader Replaying proof Cell[java.lang.Object::<inv>()].JML accessible clause.0 
102781     DEBUG main            d.u.i.k.p.i.IntermediateProofReplayer Proof replay took 1.49ms 
102782     DEBUG main            d.u.i.k.p.r.p.TestFile    ... success: reloaded. 
102783     INFO  main            d.u.i.k.p.r.p.TestFile    Now processing file /home/runner/work/key/key/key.core/../key.ui/examples/heap/SmansEtAl/Cell_setX.key 
102783     INFO  main            d.u.i.k.p.i.AbstractProblemLoader Loading environment from /home/runner/work/key/key/key.core/../key.ui/examples/heap/SmansEtAl/Cell_setX.key 
102784     DEBUG main            d.u.i.k.p.i.AbstractProblemLoader Environment load took 107.71ns 
102785     INFO  main            d.u.i.k.p.i.AbstractProblemLoader Creating init config 
105826     DEBUG main            d.u.i.k.p.i.AbstractProblemLoader Init config took 3.04s 
105863     INFO  main            d.u.i.k.p.i.AbstractProblemLoader Replaying proof Cell[Cell::setX(int)].JML normal_behavior operation contract.0 
105865     DEBUG main            d.u.i.k.p.i.IntermediateProofReplayer Proof replay took 7.2ns 
105967     INFO  main            d.u.i.k.p.r.p.TestFile    ... finished proof: closed. 
106208     INFO  main            d.u.i.k.p.i.AbstractProblemLoader Loading environment from /home/runner/work/key/key/key.core/../key.ui/examples/heap/SmansEtAl/Cell_setX.key.proof 
106208     DEBUG main            d.u.i.k.p.i.AbstractProblemLoader Environment load took 129.01ns 
106209     INFO  main            d.u.i.k.p.i.AbstractProblemLoader Creating init config 
109108     DEBUG main            d.u.i.k.p.i.AbstractProblemLoader Init config took 2.9s 
109146     INFO  main            d.u.i.k.p.i.AbstractProblemLoader Replaying proof Cell[Cell::setX(int)].JML normal_behavior operation contract.0 
109182     DEBUG main            d.u.i.k.p.i.IntermediateProofReplayer Proof replay took 33.48ms 
109183     DEBUG main            d.u.i.k.p.r.p.TestFile    ... success: reloaded. 
109184     INFO  main            d.u.i.k.p.r.p.TestFile    Now processing file /home/runner/work/key/key/key.core/../key.ui/examples/heap/SmansEtAl/CellClient_m.key 
109184     INFO  main            d.u.i.k.p.i.AbstractProblemLoader Loading environment from /home/runner/work/key/key/key.core/../key.ui/examples/heap/SmansEtAl/CellClient_m.key 
109184     DEBUG main            d.u.i.k.p.i.AbstractProblemLoader Environment load took 101.2ns 
109185     INFO  main            d.u.i.k.p.i.AbstractProblemLoader Creating init config 
112158     DEBUG main            d.u.i.k.p.i.AbstractProblemLoader Init config took 2.97s 
112215     INFO  main            d.u.i.k.p.i.AbstractProblemLoader Replaying proof CellClient[CellClient::m()].JML operation contract.0 
112217     DEBUG main            d.u.i.k.p.i.IntermediateProofReplayer Proof replay took 8.3ns 
112723     INFO  main            d.u.i.k.p.r.p.TestFile    ... finished proof: closed. 
112986     INFO  main            d.u.i.k.p.i.AbstractProblemLoader Loading environment from /home/runner/work/key/key/key.core/../key.ui/examples/heap/SmansEtAl/CellClient_m.key.proof 
112987     DEBUG main            d.u.i.k.p.i.AbstractProblemLoader Environment load took 472.53ns 
112988     INFO  main            d.u.i.k.p.i.AbstractProblemLoader Creating init config 
115879     DEBUG main            d.u.i.k.p.i.AbstractProblemLoader Init config took 2.89s 
115917     INFO  main            d.u.i.k.p.i.AbstractProblemLoader Replaying proof CellClient[CellClient::m()].JML operation contract.0 
116013     DEBUG main            d.u.i.k.p.i.IntermediateProofReplayer Proof replay took 92.76ms 
116014     DEBUG main            d.u.i.k.p.r.p.TestFile    ... success: reloaded. 
116016     INFO  main            d.u.i.k.p.r.p.TestFile    Now processing file /home/runner/work/key/key/key.core/../key.ui/examples/heap/SmansEtAl/Iterator_footprint.key 
116016     INFO  main            d.u.i.k.p.i.AbstractProblemLoader Loading environment from /home/runner/work/key/key/key.core/../key.ui/examples/heap/SmansEtAl/Iterator_footprint.key 
116016     DEBUG main            d.u.i.k.p.i.AbstractProblemLoader Environment load took 289.31ns 
116017     INFO  main            d.u.i.k.p.i.AbstractProblemLoader Creating init config 
119063     DEBUG main            d.u.i.k.p.i.AbstractProblemLoader Init config took 3.05s 
119104     INFO  main            d.u.i.k.p.i.AbstractProblemLoader Replaying proof Iterator[Iterator::$footprint()].JML accessible clause.0 
119105     DEBUG main            d.u.i.k.p.i.IntermediateProofReplayer Proof replay took 9.3ns 
119210     INFO  main            d.u.i.k.p.r.p.TestFile    ... finished proof: closed. 
119466     INFO  main            d.u.i.k.p.i.AbstractProblemLoader Loading environment from /home/runner/work/key/key/key.core/../key.ui/examples/heap/SmansEtAl/Iterator_footprint.key.proof 
119466     DEBUG main            d.u.i.k.p.i.AbstractProblemLoader Environment load took 139.21ns 
119468     INFO  main            d.u.i.k.p.i.AbstractProblemLoader Creating init config 
122381     DEBUG main            d.u.i.k.p.i.AbstractProblemLoader Init config took 2.91s 
122421     INFO  main            d.u.i.k.p.i.AbstractProblemLoader Replaying proof Iterator[Iterator::$footprint()].JML accessible clause.0 
122429     DEBUG main            d.u.i.k.p.i.IntermediateProofReplayer Proof replay took 5.63ms 
122430     DEBUG main            d.u.i.k.p.r.p.TestFile    ... success: reloaded. 
122431     INFO  main            d.u.i.k.p.r.p.TestFile    Now processing file /home/runner/work/key/key/key.core/../key.ui/examples/heap/SmansEtAl/Iterator_hasNext_dep.key 
122431     INFO  main            d.u.i.k.p.i.AbstractProblemLoader Loading environment from /home/runner/work/key/key/key.core/../key.ui/examples/heap/SmansEtAl/Iterator_hasNext_dep.key 
122431     DEBUG main            d.u.i.k.p.i.AbstractProblemLoader Environment load took 90ns 
122432     INFO  main            d.u.i.k.p.i.AbstractProblemLoader Creating init config 
125395     DEBUG main            d.u.i.k.p.i.AbstractProblemLoader Init config took 2.96s 
125435     INFO  main            d.u.i.k.p.i.AbstractProblemLoader Replaying proof Iterator[Iterator::hasNext()].JML accessible clause.0 
125437     DEBUG main            d.u.i.k.p.i.IntermediateProofReplayer Proof replay took 18.3ns 
126155     INFO  main            d.u.i.k.p.r.p.TestFile    ... finished proof: closed. 
126425     INFO  main            d.u.i.k.p.i.AbstractProblemLoader Loading environment from /home/runner/work/key/key/key.core/../key.ui/examples/heap/SmansEtAl/Iterator_hasNext_dep.key.proof 
126425     DEBUG main            d.u.i.k.p.i.AbstractProblemLoader Environment load took 515.13ns 
126427     INFO  main            d.u.i.k.p.i.AbstractProblemLoader Creating init config 
129404     DEBUG main            d.u.i.k.p.i.AbstractProblemLoader Init config took 2.98s 
129450     INFO  main            d.u.i.k.p.i.AbstractProblemLoader Replaying proof Iterator[Iterator::hasNext()].JML accessible clause.0 
129526     DEBUG main            d.u.i.k.p.i.IntermediateProofReplayer Proof replay took 71.12ms 
129528     DEBUG main            d.u.i.k.p.r.p.TestFile    ... success: reloaded. 
129532     INFO  main            d.u.i.k.p.r.p.TestFile    Now processing file /home/runner/work/key/key/key.core/../key.ui/examples/heap/SmansEtAl/Iterator_hasNext.key 
129533     INFO  main            d.u.i.k.p.i.AbstractProblemLoader Loading environment from /home/runner/work/key/key/key.core/../key.ui/examples/heap/SmansEtAl/Iterator_hasNext.key 
129533     DEBUG main            d.u.i.k.p.i.AbstractProblemLoader Environment load took 270.81ns 
129534     INFO  main            d.u.i.k.p.i.AbstractProblemLoader Creating init config 
132539     DEBUG main            d.u.i.k.p.i.AbstractProblemLoader Init config took 3s 
132580     INFO  main            d.u.i.k.p.i.AbstractProblemLoader Replaying proof Iterator[Iterator::hasNext()].JML normal_behavior operation contract.0 
132582     DEBUG main            d.u.i.k.p.i.IntermediateProofReplayer Proof replay took 8ns 
133208     INFO  main            d.u.i.k.p.r.p.TestFile    ... finished proof: closed. 
133507     INFO  main            d.u.i.k.p.i.AbstractProblemLoader Loading environment from /home/runner/work/key/key/key.core/../key.ui/examples/heap/SmansEtAl/Iterator_hasNext.key.proof 
133508     DEBUG main            d.u.i.k.p.i.AbstractProblemLoader Environment load took 583.72ns 
133509     INFO  main            d.u.i.k.p.i.AbstractProblemLoader Creating init config 
136487     DEBUG main            d.u.i.k.p.i.AbstractProblemLoader Init config took 2.98s 
136533     INFO  main            d.u.i.k.p.i.AbstractProblemLoader Replaying proof Iterator[Iterator::hasNext()].JML normal_behavior operation contract.0 
136638     DEBUG main            d.u.i.k.p.i.IntermediateProofReplayer Proof replay took 98.04ms 
136639     DEBUG main            d.u.i.k.p.r.p.TestFile    ... success: reloaded. 
136640     INFO  main            d.u.i.k.p.r.p.TestFile    Now processing file /home/runner/work/key/key/key.core/../key.ui/examples/heap/SmansEtAl/Iterator_inv.key 
136640     INFO  main            d.u.i.k.p.i.AbstractProblemLoader Loading environment from /home/runner/work/key/key/key.core/../key.ui/examples/heap/SmansEtAl/Iterator_inv.key 
136640     DEBUG main            d.u.i.k.p.i.AbstractProblemLoader Environment load took 136.21ns 
136641     INFO  main            d.u.i.k.p.i.AbstractProblemLoader Creating init config 
139690     DEBUG main            d.u.i.k.p.i.AbstractProblemLoader Init config took 3.05s 
139733     INFO  main            d.u.i.k.p.i.AbstractProblemLoader Replaying proof Iterator[java.lang.Object::<inv>()].JML accessible clause.0 
139735     DEBUG main            d.u.i.k.p.i.IntermediateProofReplayer Proof replay took 6.9ns 
139938     INFO  main            d.u.i.k.p.r.p.TestFile    ... finished proof: closed. 
140251     INFO  main            d.u.i.k.p.i.AbstractProblemLoader Loading environment from /home/runner/work/key/key/key.core/../key.ui/examples/heap/SmansEtAl/Iterator_inv.key.proof 
140251     DEBUG main            d.u.i.k.p.i.AbstractProblemLoader Environment load took 124.81ns 
140252     INFO  main            d.u.i.k.p.i.AbstractProblemLoader Creating init config 
143246     DEBUG main            d.u.i.k.p.i.AbstractProblemLoader Init config took 2.99s 
143289     INFO  main            d.u.i.k.p.i.AbstractProblemLoader Replaying proof Iterator[java.lang.Object::<inv>()].JML accessible clause.0 
143315     DEBUG main            d.u.i.k.p.i.IntermediateProofReplayer Proof replay took 21.83ms 
143320     DEBUG main            d.u.i.k.p.r.p.TestFile    ... success: reloaded. 
143321     INFO  main            d.u.i.k.p.r.p.TestFile    Now processing file /home/runner/work/key/key/key.core/../key.ui/examples/heap/SmansEtAl/Iterator_Iterator.key 
143321     INFO  main            d.u.i.k.p.i.AbstractProblemLoader Loading environment from /home/runner/work/key/key/key.core/../key.ui/examples/heap/SmansEtAl/Iterator_Iterator.key 
143321     DEBUG main            d.u.i.k.p.i.AbstractProblemLoader Environment load took 118.11ns 
143322     INFO  main            d.u.i.k.p.i.AbstractProblemLoader Creating init config 
146401     DEBUG main            d.u.i.k.p.i.AbstractProblemLoader Init config took 3.08s 
146442     INFO  main            d.u.i.k.p.i.AbstractProblemLoader Replaying proof Iterator[Iterator::Iterator(ArrayList)].JML normal_behavior operation contract.0 
146443     DEBUG main            d.u.i.k.p.i.IntermediateProofReplayer Proof replay took 7.4ns 
147856     INFO  main            d.u.i.k.p.r.p.TestFile    ... finished proof: closed. 
148172     INFO  main            d.u.i.k.p.i.AbstractProblemLoader Loading environment from /home/runner/work/key/key/key.core/../key.ui/examples/heap/SmansEtAl/Iterator_Iterator.key.proof 
148172     DEBUG main            d.u.i.k.p.i.AbstractProblemLoader Environment load took 131.91ns 
148174     INFO  main            d.u.i.k.p.i.AbstractProblemLoader Creating init config 
151193     DEBUG main            d.u.i.k.p.i.AbstractProblemLoader Init config took 3.02s 
151234     INFO  main            d.u.i.k.p.i.AbstractProblemLoader Replaying proof Iterator[Iterator::Iterator(ArrayList)].JML normal_behavior operation contract.0 
151396     DEBUG main            d.u.i.k.p.i.IntermediateProofReplayer Proof replay took 150.07ms 
151398     DEBUG main            d.u.i.k.p.r.p.TestFile    ... success: reloaded. 
151399     INFO  main            d.u.i.k.p.r.p.TestFile    Now processing file /home/runner/work/key/key/key.core/../key.ui/examples/heap/SmansEtAl/Iterator_list_dep.key 
151400     INFO  main            d.u.i.k.p.i.AbstractProblemLoader Loading environment from /home/runner/work/key/key/key.core/../key.ui/examples/heap/SmansEtAl/Iterator_list_dep.key 
151400     DEBUG main            d.u.i.k.p.i.AbstractProblemLoader Environment load took 239.61ns 
151401     INFO  main            d.u.i.k.p.i.AbstractProblemLoader Creating init config 
154425     DEBUG main            d.u.i.k.p.i.AbstractProblemLoader Init config took 3.02s 
154465     INFO  main            d.u.i.k.p.i.AbstractProblemLoader Replaying proof Iterator[Iterator::list()].JML accessible clause.0 
154467     DEBUG main            d.u.i.k.p.i.IntermediateProofReplayer Proof replay took 6.8ns 
154669     INFO  main            d.u.i.k.p.r.p.TestFile    ... finished proof: closed. 
154941     INFO  main            d.u.i.k.p.i.AbstractProblemLoader Loading environment from /home/runner/work/key/key/key.core/../key.ui/examples/heap/SmansEtAl/Iterator_list_dep.key.proof 
154941     DEBUG main            d.u.i.k.p.i.AbstractProblemLoader Environment load took 117.01ns 
154942     INFO  main            d.u.i.k.p.i.AbstractProblemLoader Creating init config 
157930     DEBUG main            d.u.i.k.p.i.AbstractProblemLoader Init config took 2.99s 
157968     INFO  main            d.u.i.k.p.i.AbstractProblemLoader Replaying proof Iterator[Iterator::list()].JML accessible clause.0 
157986     DEBUG main            d.u.i.k.p.i.IntermediateProofReplayer Proof replay took 16.37ms 
157988     DEBUG main            d.u.i.k.p.r.p.TestFile    ... success: reloaded. 
157989     INFO  main            d.u.i.k.p.r.p.TestFile    Now processing file /home/runner/work/key/key/key.core/../key.ui/examples/heap/SmansEtAl/Iterator_list.key 
157989     INFO  main            d.u.i.k.p.i.AbstractProblemLoader Loading environment from /home/runner/work/key/key/key.core/../key.ui/examples/heap/SmansEtAl/Iterator_list.key 
157989     DEBUG main            d.u.i.k.p.i.AbstractProblemLoader Environment load took 100.2ns 
157990     INFO  main            d.u.i.k.p.i.AbstractProblemLoader Creating init config 
161062     DEBUG main            d.u.i.k.p.i.AbstractProblemLoader Init config took 3.07s 
161102     INFO  main            d.u.i.k.p.i.AbstractProblemLoader Replaying proof Iterator[Iterator::list()].JML normal_behavior operation contract.0 
161104     DEBUG main            d.u.i.k.p.i.IntermediateProofReplayer Proof replay took 7.2ns 
161206     INFO  main            d.u.i.k.p.r.p.TestFile    ... finished proof: closed. 
161511     INFO  main            d.u.i.k.p.i.AbstractProblemLoader Loading environment from /home/runner/work/key/key/key.core/../key.ui/examples/heap/SmansEtAl/Iterator_list.key.proof 
161511     DEBUG main            d.u.i.k.p.i.AbstractProblemLoader Environment load took 141.01ns 
161512     INFO  main            d.u.i.k.p.i.AbstractProblemLoader Creating init config 
164465     DEBUG main            d.u.i.k.p.i.AbstractProblemLoader Init config took 2.95s 
164518     INFO  main            d.u.i.k.p.i.AbstractProblemLoader Replaying proof Iterator[Iterator::list()].JML normal_behavior operation contract.0 
164533     DEBUG main            d.u.i.k.p.i.IntermediateProofReplayer Proof replay took 13.23ms 
164534     DEBUG main            d.u.i.k.p.r.p.TestFile    ... success: reloaded. 
164535     INFO  main            d.u.i.k.p.r.p.TestFile    Now processing file /home/runner/work/key/key/key.core/../key.ui/examples/heap/SmansEtAl/Iterator_next.key 
164536     INFO  main            d.u.i.k.p.i.AbstractProblemLoader Loading environment from /home/runner/work/key/key/key.core/../key.ui/examples/heap/SmansEtAl/Iterator_next.key 
164536     DEBUG main            d.u.i.k.p.i.AbstractProblemLoader Environment load took 264.61ns 
164537     INFO  main            d.u.i.k.p.i.AbstractProblemLoader Creating init config 
167538     DEBUG main            d.u.i.k.p.i.AbstractProblemLoader Init config took 3s 
167577     INFO  main            d.u.i.k.p.i.AbstractProblemLoader Replaying proof Iterator[Iterator::next()].JML normal_behavior operation contract.0 
167578     DEBUG main            d.u.i.k.p.i.IntermediateProofReplayer Proof replay took 6.7ns 
170405     INFO  main            d.u.i.k.p.r.p.TestFile    ... finished proof: closed. 
170737     INFO  main            d.u.i.k.p.i.AbstractProblemLoader Loading environment from /home/runner/work/key/key/key.core/../key.ui/examples/heap/SmansEtAl/Iterator_next.key.proof 
170738     DEBUG main            d.u.i.k.p.i.AbstractProblemLoader Environment load took 470.32ns 
170740     INFO  main            d.u.i.k.p.i.AbstractProblemLoader Creating init config 
173629     DEBUG main            d.u.i.k.p.i.AbstractProblemLoader Init config took 2.89s 
173669     INFO  main            d.u.i.k.p.i.AbstractProblemLoader Replaying proof Iterator[Iterator::next()].JML normal_behavior operation contract.0 
173922     DEBUG main            d.u.i.k.p.i.IntermediateProofReplayer Proof replay took 236.71ms 
173926     DEBUG main            d.u.i.k.p.r.p.TestFile    ... success: reloaded. 
173927     INFO  main            d.u.i.k.p.r.p.TestFile    Now processing file /home/runner/work/key/key/key.core/../key.ui/examples/heap/SmansEtAl/Stack_footprint.key 
173927     INFO  main            d.u.i.k.p.i.AbstractProblemLoader Loading environment from /home/runner/work/key/key/key.core/../key.ui/examples/heap/SmansEtAl/Stack_footprint.key 
173928     DEBUG main            d.u.i.k.p.i.AbstractProblemLoader Environment load took 206.71ns 
173929     INFO  main            d.u.i.k.p.i.AbstractProblemLoader Creating init config 
176939     DEBUG main            d.u.i.k.p.i.AbstractProblemLoader Init config took 3.01s 
176977     INFO  main            d.u.i.k.p.i.AbstractProblemLoader Replaying proof Stack[Stack::$footprint()].JML accessible clause.0 
176978     DEBUG main            d.u.i.k.p.i.IntermediateProofReplayer Proof replay took 7.5ns 
177182     INFO  main            d.u.i.k.p.r.p.TestFile    ... finished proof: closed. 
177493     INFO  main            d.u.i.k.p.i.AbstractProblemLoader Loading environment from /home/runner/work/key/key/key.core/../key.ui/examples/heap/SmansEtAl/Stack_footprint.key.proof 
177493     DEBUG main            d.u.i.k.p.i.AbstractProblemLoader Environment load took 114.91ns 
177494     INFO  main            d.u.i.k.p.i.AbstractProblemLoader Creating init config 
180378     DEBUG main            d.u.i.k.p.i.AbstractProblemLoader Init config took 2.88s 
180421     INFO  main            d.u.i.k.p.i.AbstractProblemLoader Replaying proof Stack[Stack::$footprint()].JML accessible clause.0 
180445     DEBUG main            d.u.i.k.p.i.IntermediateProofReplayer Proof replay took 21.15ms 
180446     DEBUG main            d.u.i.k.p.r.p.TestFile    ... success: reloaded. 
180447     INFO  main            d.u.i.k.p.r.p.TestFile    Now processing file /home/runner/work/key/key/key.core/../key.ui/examples/heap/SmansEtAl/Stack_inv.key 
180447     INFO  main            d.u.i.k.p.i.AbstractProblemLoader Loading environment from /home/runner/work/key/key/key.core/../key.ui/examples/heap/SmansEtAl/Stack_inv.key 
180447     DEBUG main            d.u.i.k.p.i.AbstractProblemLoader Environment load took 86.4ns 
180448     INFO  main            d.u.i.k.p.i.AbstractProblemLoader Creating init config 
183416     DEBUG main            d.u.i.k.p.i.AbstractProblemLoader Init config took 2.97s 
183451     INFO  main            d.u.i.k.p.i.AbstractProblemLoader Replaying proof Stack[java.lang.Object::<inv>()].JML accessible clause.0 
183453     DEBUG main            d.u.i.k.p.i.IntermediateProofReplayer Proof replay took 5.8ns 
183555     INFO  main            d.u.i.k.p.r.p.TestFile    ... finished proof: closed. 
183862     INFO  main            d.u.i.k.p.i.AbstractProblemLoader Loading environment from /home/runner/work/key/key/key.core/../key.ui/examples/heap/SmansEtAl/Stack_inv.key.proof 
183862     DEBUG main            d.u.i.k.p.i.AbstractProblemLoader Environment load took 120.21ns 
183863     INFO  main            d.u.i.k.p.i.AbstractProblemLoader Creating init config 
186746     DEBUG main            d.u.i.k.p.i.AbstractProblemLoader Init config took 2.88s 
186781     INFO  main            d.u.i.k.p.i.AbstractProblemLoader Replaying proof Stack[java.lang.Object::<inv>()].JML accessible clause.0 
186791     DEBUG main            d.u.i.k.p.i.IntermediateProofReplayer Proof replay took 8.35ms 
186792     DEBUG main            d.u.i.k.p.r.p.TestFile    ... success: reloaded. 
186793     INFO  main            d.u.i.k.p.r.p.TestFile    Now processing file /home/runner/work/key/key/key.core/../key.ui/examples/heap/SmansEtAl/Stack_push.key 
186794     INFO  main            d.u.i.k.p.i.AbstractProblemLoader Loading environment from /home/runner/work/key/key/key.core/../key.ui/examples/heap/SmansEtAl/Stack_push.key 
186794     DEBUG main            d.u.i.k.p.i.AbstractProblemLoader Environment load took 217.81ns 
186795     INFO  main            d.u.i.k.p.i.AbstractProblemLoader Creating init config 
189765     DEBUG main            d.u.i.k.p.i.AbstractProblemLoader Init config took 2.97s 
189806     INFO  main            d.u.i.k.p.i.AbstractProblemLoader Replaying proof Stack[Stack::push(java.lang.Object)].JML normal_behavior operation contract.0 
189808     DEBUG main            d.u.i.k.p.i.IntermediateProofReplayer Proof replay took 7.6ns 
190618     INFO  main            d.u.i.k.p.r.p.TestFile    ... finished proof: closed. 
190946     INFO  main            d.u.i.k.p.i.AbstractProblemLoader Loading environment from /home/runner/work/key/key/key.core/../key.ui/examples/heap/SmansEtAl/Stack_push.key.proof 
190946     DEBUG main            d.u.i.k.p.i.AbstractProblemLoader Environment load took 514.72ns 
190948     INFO  main            d.u.i.k.p.i.AbstractProblemLoader Creating init config 
193841     DEBUG main            d.u.i.k.p.i.AbstractProblemLoader Init config took 2.89s 
193878     INFO  main            d.u.i.k.p.i.AbstractProblemLoader Replaying proof Stack[Stack::push(java.lang.Object)].JML normal_behavior operation contract.0 
193974     DEBUG main            d.u.i.k.p.i.IntermediateProofReplayer Proof replay took 92.55ms 
193975     DEBUG main            d.u.i.k.p.r.p.TestFile    ... success: reloaded. 
193976     INFO  main            d.u.i.k.p.r.p.TestFile    Now processing file /home/runner/work/key/key/key.core/../key.ui/examples/heap/SmansEtAl/Stack_size.key 
193977     INFO  main            d.u.i.k.p.i.AbstractProblemLoader Loading environment from /home/runner/work/key/key/key.core/../key.ui/examples/heap/SmansEtAl/Stack_size.key 
193977     DEBUG main            d.u.i.k.p.i.AbstractProblemLoader Environment load took 268.31ns 
193978     INFO  main            d.u.i.k.p.i.AbstractProblemLoader Creating init config 
196928     DEBUG main            d.u.i.k.p.i.AbstractProblemLoader Init config took 2.95s 
196988     INFO  main            d.u.i.k.p.i.AbstractProblemLoader Replaying proof Stack[Stack::size()].JML accessible clause.0 
196989     DEBUG main            d.u.i.k.p.i.IntermediateProofReplayer Proof replay took 8.5ns 
197292     INFO  main            d.u.i.k.p.r.p.TestFile    ... finished proof: closed. 
197663     INFO  main            d.u.i.k.p.i.AbstractProblemLoader Loading environment from /home/runner/work/key/key/key.core/../key.ui/examples/heap/SmansEtAl/Stack_size.key.proof 
197663     DEBUG main            d.u.i.k.p.i.AbstractProblemLoader Environment load took 109.5ns 
197665     INFO  main            d.u.i.k.p.i.AbstractProblemLoader Creating init config 
200626     DEBUG main            d.u.i.k.p.i.AbstractProblemLoader Init config took 2.96s 
200664     INFO  main            d.u.i.k.p.i.AbstractProblemLoader Replaying proof Stack[Stack::size()].JML accessible clause.0 
200705     DEBUG main            d.u.i.k.p.i.IntermediateProofReplayer Proof replay took 37.7ms 
200706     DEBUG main            d.u.i.k.p.r.p.TestFile    ... success: reloaded. 
200707     INFO  main            d.u.i.k.p.r.p.TestFile    Now processing file /home/runner/work/key/key/key.core/../key.ui/examples/heap/SmansEtAl/Stack_Stack.key 
200707     INFO  main            d.u.i.k.p.i.AbstractProblemLoader Loading environment from /home/runner/work/key/key/key.core/../key.ui/examples/heap/SmansEtAl/Stack_Stack.key 
200708     DEBUG main            d.u.i.k.p.i.AbstractProblemLoader Environment load took 223.91ns 
200709     INFO  main            d.u.i.k.p.i.AbstractProblemLoader Creating init config 
203717     DEBUG main            d.u.i.k.p.i.AbstractProblemLoader Init config took 3.01s 
203754     INFO  main            d.u.i.k.p.i.AbstractProblemLoader Replaying proof Stack[Stack::Stack()].JML normal_behavior operation contract.0 
203756     DEBUG main            d.u.i.k.p.i.IntermediateProofReplayer Proof replay took 7.2ns 
204913     INFO  main            d.u.i.k.p.r.p.TestFile    ... finished proof: closed. 
205256     INFO  main            d.u.i.k.p.i.AbstractProblemLoader Loading environment from /home/runner/work/key/key/key.core/../key.ui/examples/heap/SmansEtAl/Stack_Stack.key.proof 
205257     DEBUG main            d.u.i.k.p.i.AbstractProblemLoader Environment load took 474.12ns 
205258     INFO  main            d.u.i.k.p.i.AbstractProblemLoader Creating init config 
208149     DEBUG main            d.u.i.k.p.i.AbstractProblemLoader Init config took 2.89s 
208188     INFO  main            d.u.i.k.p.i.AbstractProblemLoader Replaying proof Stack[Stack::Stack()].JML normal_behavior operation contract.0 
208350     DEBUG main            d.u.i.k.p.i.IntermediateProofReplayer Proof replay took 154.85ms 
208351     DEBUG main            d.u.i.k.p.r.p.TestFile    ... success: reloaded. 
208352     INFO  main            d.u.i.k.p.r.p.TestFile    Now processing file /home/runner/work/key/key/key.core/../key.ui/examples/heap/SmansEtAl/Stack_switchContents.key 
208352     INFO  main            d.u.i.k.p.i.AbstractProblemLoader Loading environment from /home/runner/work/key/key/key.core/../key.ui/examples/heap/SmansEtAl/Stack_switchContents.key 
208352     DEBUG main            d.u.i.k.p.i.AbstractProblemLoader Environment load took 93.7ns 
208353     INFO  main            d.u.i.k.p.i.AbstractProblemLoader Creating init config 
211308     DEBUG main            d.u.i.k.p.i.AbstractProblemLoader Init config took 2.96s 
211347     INFO  main            d.u.i.k.p.i.AbstractProblemLoader Replaying proof Stack[Stack::switchContents(Stack)].JML normal_behavior operation contract.0 
211349     DEBUG main            d.u.i.k.p.i.IntermediateProofReplayer Proof replay took 6.6ns 
216200     INFO  main            d.u.i.k.p.r.p.TestFile    ... finished proof: closed. 
216574     INFO  main            d.u.i.k.p.i.AbstractProblemLoader Loading environment from /home/runner/work/key/key/key.core/../key.ui/examples/heap/SmansEtAl/Stack_switchContents.key.proof 
216574     DEBUG main            d.u.i.k.p.i.AbstractProblemLoader Environment load took 524.42ns 
216577     INFO  main            d.u.i.k.p.i.AbstractProblemLoader Creating init config 
219472     DEBUG main            d.u.i.k.p.i.AbstractProblemLoader Init config took 2.89s 
219511     INFO  main            d.u.i.k.p.i.AbstractProblemLoader Replaying proof Stack[Stack::switchContents(Stack)].JML normal_behavior operation contract.0 
219822     DEBUG main            d.u.i.k.p.i.IntermediateProofReplayer Proof replay took 292.79ms 
219823     DEBUG main            d.u.i.k.p.r.p.TestFile    ... success: reloaded. 
2303430    INFO  Test worker     d.u.i.k.p.r.RunAllProofsTestUnit Returning from test SmansEtAl 
2303431    INFO  Test worker     d.u.i.k.p.r.RunAllProofsTestUnit Running test VACID0 
362        INFO  Timeout watchdog d.u.i.k.p.r.p.ForkedTestFileRunner Timeout watcher launched (2000 secs.) 
379        WARN  main            d.u.i.k.s.ProofSettings   The settings in /home/runner/.key/proof-settings.props are *not* read. 
432        INFO  main            d.u.i.k.p.r.p.TestFile    Now processing file /home/runner/work/key/key/key.core/../key.ui/examples/heap/vacid0_01_SparseArray/Harness_sparseArrayTestHarness1.key 
578        INFO  main            d.u.i.k.p.i.AbstractProblemLoader Loading environment from /home/runner/work/key/key/key.core/../key.ui/examples/heap/vacid0_01_SparseArray/Harness_sparseArrayTestHarness1.key 
598        DEBUG main            d.u.i.k.p.i.AbstractProblemLoader Environment load took 2.56ms 
837        INFO  main            d.u.i.k.p.i.AbstractProblemLoader Creating init config 
1837       DEBUG main            d.u.i.k.j.TypeConverter   No LDT found for Meta 
1837       DEBUG main            d.u.i.k.j.TypeConverter   No LDT found for Meta 
1838       DEBUG main            d.u.i.k.j.TypeConverter   No LDT found for Meta 
1838       DEBUG main            d.u.i.k.j.TypeConverter   No LDT found for Meta 
3428       DEBUG main            d.u.i.k.j.TypeConverter   No LDT found for JavaBigintExpression 
8992       DEBUG main            d.u.i.k.p.i.AbstractProblemLoader Init config took 8.16s 
9120       INFO  main            d.u.i.k.p.i.AbstractProblemLoader Replaying proof Harness[Harness::sparseArrayTestHarness1()].JML normal_behavior operation contract.0 
9157       DEBUG main            d.u.i.k.p.i.IntermediateProofReplayer Proof replay took 36.3ns 
10795      INFO  main            d.u.i.k.p.r.p.TestFile    ... finished proof: closed. 
10945      INFO  main            d.u.i.k.p.i.AbstractProblemLoader Loading environment from /home/runner/work/key/key/key.core/../key.ui/examples/heap/vacid0_01_SparseArray/Harness_sparseArrayTestHarness1.key.proof 
10946      DEBUG main            d.u.i.k.p.i.AbstractProblemLoader Environment load took 537.52ns 
10948      INFO  main            d.u.i.k.p.i.AbstractProblemLoader Creating init config 
14086      DEBUG main            d.u.i.k.p.i.AbstractProblemLoader Init config took 3.14s 
14148      INFO  main            d.u.i.k.p.i.AbstractProblemLoader Replaying proof Harness[Harness::sparseArrayTestHarness1()].JML normal_behavior operation contract.0 
14308      DEBUG main            d.u.i.k.p.i.IntermediateProofReplayer Proof replay took 148.34ms 
14318      DEBUG main            d.u.i.k.p.r.p.TestFile    ... success: reloaded. 
14320      INFO  main            d.u.i.k.p.r.p.TestFile    Now processing file /home/runner/work/key/key/key.core/../key.ui/examples/heap/vacid0_01_SparseArray/Harness_sparseArrayTestHarness2.key 
14321      INFO  main            d.u.i.k.p.i.AbstractProblemLoader Loading environment from /home/runner/work/key/key/key.core/../key.ui/examples/heap/vacid0_01_SparseArray/Harness_sparseArrayTestHarness2.key 
14322      DEBUG main            d.u.i.k.p.i.AbstractProblemLoader Environment load took 857.74ns 
14326      INFO  main            d.u.i.k.p.i.AbstractProblemLoader Creating init config 
17485      DEBUG main            d.u.i.k.p.i.AbstractProblemLoader Init config took 3.16s 
17543      INFO  main            d.u.i.k.p.i.AbstractProblemLoader Replaying proof Harness[Harness::sparseArrayTestHarness2()].JML normal_behavior operation contract.0 
17546      DEBUG main            d.u.i.k.p.i.IntermediateProofReplayer Proof replay took 25.1ns 
30152      INFO  main            d.u.i.k.p.r.p.TestFile    ... finished proof: closed. 
30369      INFO  main            d.u.i.k.p.i.AbstractProblemLoader Loading environment from /home/runner/work/key/key/key.core/../key.ui/examples/heap/vacid0_01_SparseArray/Harness_sparseArrayTestHarness2.key.proof 
30369      DEBUG main            d.u.i.k.p.i.AbstractProblemLoader Environment load took 525.72ns 
30372      INFO  main            d.u.i.k.p.i.AbstractProblemLoader Creating init config 
33436      DEBUG main            d.u.i.k.p.i.AbstractProblemLoader Init config took 3.06s 
33488      INFO  main            d.u.i.k.p.i.AbstractProblemLoader Replaying proof Harness[Harness::sparseArrayTestHarness2()].JML normal_behavior operation contract.0 
34659      DEBUG main            d.u.i.k.p.i.IntermediateProofReplayer Proof replay took 1.12s 
34662      DEBUG main            d.u.i.k.p.r.p.TestFile    ... success: reloaded. 
34663      INFO  main            d.u.i.k.p.r.p.TestFile    Now processing file /home/runner/work/key/key/key.core/../key.ui/examples/heap/vacid0_01_SparseArray/MemoryAllocator_alloc_unsigned.key 
34664      INFO  main            d.u.i.k.p.i.AbstractProblemLoader Loading environment from /home/runner/work/key/key/key.core/../key.ui/examples/heap/vacid0_01_SparseArray/MemoryAllocator_alloc_unsigned.key 
34664      DEBUG main            d.u.i.k.p.i.AbstractProblemLoader Environment load took 272.81ns 
34665      INFO  main            d.u.i.k.p.i.AbstractProblemLoader Creating init config 
37767      DEBUG main            d.u.i.k.p.i.AbstractProblemLoader Init config took 3.1s 
37814      INFO  main            d.u.i.k.p.i.AbstractProblemLoader Replaying proof MemoryAllocator[MemoryAllocator::alloc_unsigned(int)].JML normal_behavior operation contract.0 
37816      DEBUG main            d.u.i.k.p.i.IntermediateProofReplayer Proof replay took 6.6ns 
38822      INFO  main            d.u.i.k.p.r.p.TestFile    ... finished proof: closed. 
39058      INFO  main            d.u.i.k.p.i.AbstractProblemLoader Loading environment from /home/runner/work/key/key/key.core/../key.ui/examples/heap/vacid0_01_SparseArray/MemoryAllocator_alloc_unsigned.key.proof 
39058      DEBUG main            d.u.i.k.p.i.AbstractProblemLoader Environment load took 480.12ns 
39060      INFO  main            d.u.i.k.p.i.AbstractProblemLoader Creating init config 
42009      DEBUG main            d.u.i.k.p.i.AbstractProblemLoader Init config took 2.95s 
42057      INFO  main            d.u.i.k.p.i.AbstractProblemLoader Replaying proof MemoryAllocator[MemoryAllocator::alloc_unsigned(int)].JML normal_behavior operation contract.0 
42257      DEBUG main            d.u.i.k.p.i.IntermediateProofReplayer Proof replay took 194.01ms 
42258      DEBUG main            d.u.i.k.p.r.p.TestFile    ... success: reloaded. 
42260      INFO  main            d.u.i.k.p.r.p.TestFile    Now processing file /home/runner/work/key/key/key.core/../key.ui/examples/heap/vacid0_01_SparseArray/MemoryAllocator_alloc.key 
42260      INFO  main            d.u.i.k.p.i.AbstractProblemLoader Loading environment from /home/runner/work/key/key/key.core/../key.ui/examples/heap/vacid0_01_SparseArray/MemoryAllocator_alloc.key 
42261      DEBUG main            d.u.i.k.p.i.AbstractProblemLoader Environment load took 243.71ns 
42262      INFO  main            d.u.i.k.p.i.AbstractProblemLoader Creating init config 
45213      DEBUG main            d.u.i.k.p.i.AbstractProblemLoader Init config took 2.95s 
45260      INFO  main            d.u.i.k.p.i.AbstractProblemLoader Replaying proof MemoryAllocator[MemoryAllocator::alloc(int)].JML normal_behavior operation contract.0 
45262      DEBUG main            d.u.i.k.p.i.IntermediateProofReplayer Proof replay took 6.1ns 
45885      INFO  main            d.u.i.k.p.r.p.TestFile    ... finished proof: closed. 
46054      INFO  main            d.u.i.k.p.i.AbstractProblemLoader Loading environment from /home/runner/work/key/key/key.core/../key.ui/examples/heap/vacid0_01_SparseArray/MemoryAllocator_alloc.key.proof 
46055      DEBUG main            d.u.i.k.p.i.AbstractProblemLoader Environment load took 1.1ms 
46057      INFO  main            d.u.i.k.p.i.AbstractProblemLoader Creating init config 
48951      DEBUG main            d.u.i.k.p.i.AbstractProblemLoader Init config took 2.89s 
49013      INFO  main            d.u.i.k.p.i.AbstractProblemLoader Replaying proof MemoryAllocator[MemoryAllocator::alloc(int)].JML normal_behavior operation contract.0 
49134      DEBUG main            d.u.i.k.p.i.IntermediateProofReplayer Proof replay took 115.13ms 
49135      DEBUG main            d.u.i.k.p.r.p.TestFile    ... success: reloaded. 
49137      INFO  main            d.u.i.k.p.r.p.TestFile    Now processing file /home/runner/work/key/key/key.core/../key.ui/examples/heap/vacid0_01_SparseArray/SparseArray_get_dep.key 
49137      INFO  main            d.u.i.k.p.i.AbstractProblemLoader Loading environment from /home/runner/work/key/key/key.core/../key.ui/examples/heap/vacid0_01_SparseArray/SparseArray_get_dep.key 
49137      DEBUG main            d.u.i.k.p.i.AbstractProblemLoader Environment load took 301.81ns 
49138      INFO  main            d.u.i.k.p.i.AbstractProblemLoader Creating init config 
52110      DEBUG main            d.u.i.k.p.i.AbstractProblemLoader Init config took 2.97s 
52182      INFO  main            d.u.i.k.p.i.AbstractProblemLoader Replaying proof SparseArray[SparseArray::get(int)].JML accessible clause.0 
52191      DEBUG main            d.u.i.k.p.i.IntermediateProofReplayer Proof replay took 6.4ns 
54740      INFO  main            d.u.i.k.p.r.p.TestFile    ... finished proof: closed. 
54962      INFO  main            d.u.i.k.p.i.AbstractProblemLoader Loading environment from /home/runner/work/key/key/key.core/../key.ui/examples/heap/vacid0_01_SparseArray/SparseArray_get_dep.key.proof 
54963      DEBUG main            d.u.i.k.p.i.AbstractProblemLoader Environment load took 530.22ns 
54964      INFO  main            d.u.i.k.p.i.AbstractProblemLoader Creating init config 
57890      DEBUG main            d.u.i.k.p.i.AbstractProblemLoader Init config took 2.93s 
57967      INFO  main            d.u.i.k.p.i.AbstractProblemLoader Replaying proof SparseArray[SparseArray::get(int)].JML accessible clause.0 
58188      DEBUG main            d.u.i.k.p.i.IntermediateProofReplayer Proof replay took 206.83ms 
58189      DEBUG main            d.u.i.k.p.r.p.TestFile    ... success: reloaded. 
58190      INFO  main            d.u.i.k.p.r.p.TestFile    Now processing file /home/runner/work/key/key/key.core/../key.ui/examples/heap/vacid0_01_SparseArray/SparseArray_get.key 
58191      INFO  main            d.u.i.k.p.i.AbstractProblemLoader Loading environment from /home/runner/work/key/key/key.core/../key.ui/examples/heap/vacid0_01_SparseArray/SparseArray_get.key 
58191      DEBUG main            d.u.i.k.p.i.AbstractProblemLoader Environment load took 648.32ns 
58192      INFO  main            d.u.i.k.p.i.AbstractProblemLoader Creating init config 
61160      DEBUG main            d.u.i.k.p.i.AbstractProblemLoader Init config took 2.97s 
61228      INFO  main            d.u.i.k.p.i.AbstractProblemLoader Replaying proof SparseArray[SparseArray::get(int)].JML normal_behavior operation contract.0 
61230      DEBUG main            d.u.i.k.p.i.IntermediateProofReplayer Proof replay took 6.1ns 
63661      INFO  main            d.u.i.k.p.r.p.TestFile    ... finished proof: closed. 
63871      INFO  main            d.u.i.k.p.i.AbstractProblemLoader Loading environment from /home/runner/work/key/key/key.core/../key.ui/examples/heap/vacid0_01_SparseArray/SparseArray_get.key.proof 
63872      DEBUG main            d.u.i.k.p.i.AbstractProblemLoader Environment load took 504.42ns 
63873      INFO  main            d.u.i.k.p.i.AbstractProblemLoader Creating init config 
66832      DEBUG main            d.u.i.k.p.i.AbstractProblemLoader Init config took 2.96s 
66928      INFO  main            d.u.i.k.p.i.AbstractProblemLoader Replaying proof SparseArray[SparseArray::get(int)].JML normal_behavior operation contract.0 
67135      DEBUG main            d.u.i.k.p.i.IntermediateProofReplayer Proof replay took 195.3ms 
67136      DEBUG main            d.u.i.k.p.r.p.TestFile    ... success: reloaded. 
67138      INFO  main            d.u.i.k.p.r.p.TestFile    Now processing file /home/runner/work/key/key/key.core/../key.ui/examples/heap/vacid0_01_SparseArray/SparseArray_inv.key 
67139      INFO  main            d.u.i.k.p.i.AbstractProblemLoader Loading environment from /home/runner/work/key/key/key.core/../key.ui/examples/heap/vacid0_01_SparseArray/SparseArray_inv.key 
67139      DEBUG main            d.u.i.k.p.i.AbstractProblemLoader Environment load took 286.41ns 
67140      INFO  main            d.u.i.k.p.i.AbstractProblemLoader Creating init config 
69987      DEBUG main            d.u.i.k.p.i.AbstractProblemLoader Init config took 2.85s 
70066      INFO  main            d.u.i.k.p.i.AbstractProblemLoader Replaying proof SparseArray[java.lang.Object::<inv>()].JML accessible clause.0 
70068      DEBUG main            d.u.i.k.p.i.IntermediateProofReplayer Proof replay took 5.3ns 
72109      INFO  main            d.u.i.k.p.r.p.TestFile    ... finished proof: closed. 
72368      INFO  main            d.u.i.k.p.i.AbstractProblemLoader Loading environment from /home/runner/work/key/key/key.core/../key.ui/examples/heap/vacid0_01_SparseArray/SparseArray_inv.key.proof 
72369      DEBUG main            d.u.i.k.p.i.AbstractProblemLoader Environment load took 484.42ns 
72370      INFO  main            d.u.i.k.p.i.AbstractProblemLoader Creating init config 
75257      DEBUG main            d.u.i.k.p.i.AbstractProblemLoader Init config took 2.89s 
75318      INFO  main            d.u.i.k.p.i.AbstractProblemLoader Replaying proof SparseArray[java.lang.Object::<inv>()].JML accessible clause.0 
75391      DEBUG main            d.u.i.k.p.i.IntermediateProofReplayer Proof replay took 67.71ms 
75392      DEBUG main            d.u.i.k.p.r.p.TestFile    ... success: reloaded. 
75393      INFO  main            d.u.i.k.p.r.p.TestFile    Now processing file /home/runner/work/key/key/key.core/../key.ui/examples/heap/vacid0_01_SparseArray/SparseArray_SparseArray.key 
75394      INFO  main            d.u.i.k.p.i.AbstractProblemLoader Loading environment from /home/runner/work/key/key/key.core/../key.ui/examples/heap/vacid0_01_SparseArray/SparseArray_SparseArray.key 
75394      DEBUG main            d.u.i.k.p.i.AbstractProblemLoader Environment load took 230.41ns 
75395      INFO  main            d.u.i.k.p.i.AbstractProblemLoader Creating init config 
78248      DEBUG main            d.u.i.k.p.i.AbstractProblemLoader Init config took 2.85s 
78309      INFO  main            d.u.i.k.p.i.AbstractProblemLoader Replaying proof SparseArray[SparseArray::SparseArray(int)].JML normal_behavior operation contract.0 
78310      DEBUG main            d.u.i.k.p.i.IntermediateProofReplayer Proof replay took 6.6ns 
82045      INFO  main            d.u.i.k.p.r.p.TestFile    ... finished proof: closed. 
82302      INFO  main            d.u.i.k.p.i.AbstractProblemLoader Loading environment from /home/runner/work/key/key/key.core/../key.ui/examples/heap/vacid0_01_SparseArray/SparseArray_SparseArray.key.proof 
82303      DEBUG main            d.u.i.k.p.i.AbstractProblemLoader Environment load took 1.2ms 
82307      INFO  main            d.u.i.k.p.i.AbstractProblemLoader Creating init config 
85172      DEBUG main            d.u.i.k.p.i.AbstractProblemLoader Init config took 2.86s 
85255      INFO  main            d.u.i.k.p.i.AbstractProblemLoader Replaying proof SparseArray[SparseArray::SparseArray(int)].JML normal_behavior operation contract.0 
85618      DEBUG main            d.u.i.k.p.i.IntermediateProofReplayer Proof replay took 350.47ms 
85620      DEBUG main            d.u.i.k.p.r.p.TestFile    ... success: reloaded. 
2389234    INFO  Test worker     d.u.i.k.p.r.RunAllProofsTestUnit Returning from test VACID0 
2389235    INFO  Test worker     d.u.i.k.p.r.RunAllProofsTestUnit Running test VSTTE10 
368        INFO  Timeout watchdog d.u.i.k.p.r.p.ForkedTestFileRunner Timeout watcher launched (2000 secs.) 
371        WARN  main            d.u.i.k.s.ProofSettings   The settings in /home/runner/.key/proof-settings.props are *not* read. 
408        INFO  main            d.u.i.k.p.r.p.TestFile    Now processing file /home/runner/work/key/key/key.core/../key.ui/examples/heap/vstte10_01_SumAndMax/SumAndMax_sumAndMax.key 
529        INFO  main            d.u.i.k.p.i.AbstractProblemLoader Loading environment from /home/runner/work/key/key/key.core/../key.ui/examples/heap/vstte10_01_SumAndMax/SumAndMax_sumAndMax.key 
547        DEBUG main            d.u.i.k.p.i.AbstractProblemLoader Environment load took 2.51ms 
796        INFO  main            d.u.i.k.p.i.AbstractProblemLoader Creating init config 
1791       DEBUG main            d.u.i.k.j.TypeConverter   No LDT found for Meta 
1796       DEBUG main            d.u.i.k.j.TypeConverter   No LDT found for Meta 
1799       DEBUG main            d.u.i.k.j.TypeConverter   No LDT found for Meta 
1799       DEBUG main            d.u.i.k.j.TypeConverter   No LDT found for Meta 
3270       DEBUG main            d.u.i.k.j.TypeConverter   No LDT found for JavaBigintExpression 
9104       DEBUG main            d.u.i.k.p.i.AbstractProblemLoader Init config took 8.31s 
9277       INFO  main            d.u.i.k.p.i.AbstractProblemLoader Replaying proof SumAndMax[SumAndMax::sumAndMax([I)].JML normal_behavior operation contract.0 
9320       DEBUG main            d.u.i.k.p.i.IntermediateProofReplayer Proof replay took 35.3ns 
14929      INFO  main            d.u.i.k.p.r.p.TestFile    ... finished proof: closed. 
15113      INFO  main            d.u.i.k.p.i.AbstractProblemLoader Loading environment from /home/runner/work/key/key/key.core/../key.ui/examples/heap/vstte10_01_SumAndMax/SumAndMax_sumAndMax.key.proof 
15115      DEBUG main            d.u.i.k.p.i.AbstractProblemLoader Environment load took 2.32ms 
15120      INFO  main            d.u.i.k.p.i.AbstractProblemLoader Creating init config 
18641      DEBUG main            d.u.i.k.p.i.AbstractProblemLoader Init config took 3.52s 
18713      INFO  main            d.u.i.k.p.i.AbstractProblemLoader Replaying proof SumAndMax[SumAndMax::sumAndMax([I)].JML normal_behavior operation contract.0 
19248      DEBUG main            d.u.i.k.p.i.IntermediateProofReplayer Proof replay took 511.39ms 
19257      DEBUG main            d.u.i.k.p.r.p.TestFile    ... success: reloaded. 
19259      INFO  main            d.u.i.k.p.r.p.TestFile    Now processing file /home/runner/work/key/key/key.core/../key.ui/examples/heap/vstte10_03_LinkedList/Node_cons.key 
19259      INFO  main            d.u.i.k.p.i.AbstractProblemLoader Loading environment from /home/runner/work/key/key/key.core/../key.ui/examples/heap/vstte10_03_LinkedList/Node_cons.key 
19260      DEBUG main            d.u.i.k.p.i.AbstractProblemLoader Environment load took 263.21ns 
19261      INFO  main            d.u.i.k.p.i.AbstractProblemLoader Creating init config 
22618      DEBUG main            d.u.i.k.p.i.AbstractProblemLoader Init config took 3.36s 
22687      INFO  main            d.u.i.k.p.i.AbstractProblemLoader Replaying proof Node[Node::cons(int,Node)].JML normal_behavior operation contract.0 
22692      DEBUG main            d.u.i.k.p.i.IntermediateProofReplayer Proof replay took 17.1ns 
24505      INFO  main            d.u.i.k.p.r.p.TestFile    ... finished proof: closed. 
24689      INFO  main            d.u.i.k.p.i.AbstractProblemLoader Loading environment from /home/runner/work/key/key/key.core/../key.ui/examples/heap/vstte10_03_LinkedList/Node_cons.key.proof 
24690      DEBUG main            d.u.i.k.p.i.AbstractProblemLoader Environment load took 468.92ns 
24695      INFO  main            d.u.i.k.p.i.AbstractProblemLoader Creating init config 
27820      DEBUG main            d.u.i.k.p.i.AbstractProblemLoader Init config took 3.13s 
27882      INFO  main            d.u.i.k.p.i.AbstractProblemLoader Replaying proof Node[Node::cons(int,Node)].JML normal_behavior operation contract.0 
28130      DEBUG main            d.u.i.k.p.i.IntermediateProofReplayer Proof replay took 233.01ms 
28135      DEBUG main            d.u.i.k.p.r.p.TestFile    ... success: reloaded. 
28138      INFO  main            d.u.i.k.p.r.p.TestFile    Now processing file /home/runner/work/key/key/key.core/../key.ui/examples/heap/vstte10_03_LinkedList/Node_inv.key 
28138      INFO  main            d.u.i.k.p.i.AbstractProblemLoader Loading environment from /home/runner/work/key/key/key.core/../key.ui/examples/heap/vstte10_03_LinkedList/Node_inv.key 
28138      DEBUG main            d.u.i.k.p.i.AbstractProblemLoader Environment load took 257.41ns 
28141      INFO  main            d.u.i.k.p.i.AbstractProblemLoader Creating init config 
31300      DEBUG main            d.u.i.k.p.i.AbstractProblemLoader Init config took 3.16s 
31363      INFO  main            d.u.i.k.p.i.AbstractProblemLoader Replaying proof Node[java.lang.Object::<inv>()].JML accessible clause.0 
31365      DEBUG main            d.u.i.k.p.i.IntermediateProofReplayer Proof replay took 16.3ns 
31769      INFO  main            d.u.i.k.p.r.p.TestFile    ... finished proof: closed. 
31921      INFO  main            d.u.i.k.p.i.AbstractProblemLoader Loading environment from /home/runner/work/key/key/key.core/../key.ui/examples/heap/vstte10_03_LinkedList/Node_inv.key.proof 
31921      DEBUG main            d.u.i.k.p.i.AbstractProblemLoader Environment load took 142.41ns 
31922      INFO  main            d.u.i.k.p.i.AbstractProblemLoader Creating init config 
34957      DEBUG main            d.u.i.k.p.i.AbstractProblemLoader Init config took 3.04s 
35014      INFO  main            d.u.i.k.p.i.AbstractProblemLoader Replaying proof Node[java.lang.Object::<inv>()].JML accessible clause.0 
35051      DEBUG main            d.u.i.k.p.i.IntermediateProofReplayer Proof replay took 31.82ms 
35053      DEBUG main            d.u.i.k.p.r.p.TestFile    ... success: reloaded. 
35054      INFO  main            d.u.i.k.p.r.p.TestFile    Now processing file /home/runner/work/key/key/key.core/../key.ui/examples/heap/vstte10_03_LinkedList/Node_search.key 
35055      INFO  main            d.u.i.k.p.i.AbstractProblemLoader Loading environment from /home/runner/work/key/key/key.core/../key.ui/examples/heap/vstte10_03_LinkedList/Node_search.key 
35055      DEBUG main            d.u.i.k.p.i.AbstractProblemLoader Environment load took 120.2ns 
35056      INFO  main            d.u.i.k.p.i.AbstractProblemLoader Creating init config 
38262      DEBUG main            d.u.i.k.p.i.AbstractProblemLoader Init config took 3.21s 
38330      INFO  main            d.u.i.k.p.i.AbstractProblemLoader Replaying proof Node[Node::search()].JML normal_behavior operation contract.0 
38332      DEBUG main            d.u.i.k.p.i.IntermediateProofReplayer Proof replay took 6.9ns 
45091      INFO  main            d.u.i.k.p.r.p.TestFile    ... finished proof: closed. 
45415      INFO  main            d.u.i.k.p.i.AbstractProblemLoader Loading environment from /home/runner/work/key/key/key.core/../key.ui/examples/heap/vstte10_03_LinkedList/Node_search.key.proof 
45415      DEBUG main            d.u.i.k.p.i.AbstractProblemLoader Environment load took 565.12ns 
45418      INFO  main            d.u.i.k.p.i.AbstractProblemLoader Creating init config 
48561      DEBUG main            d.u.i.k.p.i.AbstractProblemLoader Init config took 3.14s 
48636      INFO  main            d.u.i.k.p.i.AbstractProblemLoader Replaying proof Node[Node::search()].JML normal_behavior operation contract.0 
49158      DEBUG main            d.u.i.k.p.i.IntermediateProofReplayer Proof replay took 475.77ms 
49161      DEBUG main            d.u.i.k.p.r.p.TestFile    ... success: reloaded. 
49162      INFO  main            d.u.i.k.p.r.p.TestFile    Now processing file /home/runner/work/key/key/key.core/../key.ui/examples/heap/vstte10_04_Queens/Queens_isConsistent.key 
49163      INFO  main            d.u.i.k.p.i.AbstractProblemLoader Loading environment from /home/runner/work/key/key/key.core/../key.ui/examples/heap/vstte10_04_Queens/Queens_isConsistent.key 
49163      DEBUG main            d.u.i.k.p.i.AbstractProblemLoader Environment load took 253.31ns 
49164      INFO  main            d.u.i.k.p.i.AbstractProblemLoader Creating init config 
52667      DEBUG main            d.u.i.k.p.i.AbstractProblemLoader Init config took 3.5s 
52715      INFO  main            d.u.i.k.p.i.AbstractProblemLoader Replaying proof Queens[Queens::isConsistent([I,int)].JML normal_behavior operation contract.0 
52717      DEBUG main            d.u.i.k.p.i.IntermediateProofReplayer Proof replay took 5.8ns 
54637      INFO  main            d.u.i.k.p.r.p.TestFile    ... finished proof: closed. 
54853      INFO  main            d.u.i.k.p.i.AbstractProblemLoader Loading environment from /home/runner/work/key/key/key.core/../key.ui/examples/heap/vstte10_04_Queens/Queens_isConsistent.key.proof 
54854      DEBUG main            d.u.i.k.p.i.AbstractProblemLoader Environment load took 440.82ns 
54855      INFO  main            d.u.i.k.p.i.AbstractProblemLoader Creating init config 
58057      DEBUG main            d.u.i.k.p.i.AbstractProblemLoader Init config took 3.2s 
58103      INFO  main            d.u.i.k.p.i.AbstractProblemLoader Replaying proof Queens[Queens::isConsistent([I,int)].JML normal_behavior operation contract.0 
58379      DEBUG main            d.u.i.k.p.i.IntermediateProofReplayer Proof replay took 266.42ms 
58380      DEBUG main            d.u.i.k.p.r.p.TestFile    ... success: reloaded. 
58382      INFO  main            d.u.i.k.p.r.p.TestFile    Now processing file /home/runner/work/key/key/key.core/../key.ui/examples/heap/vstte10_04_Queens/Queens_nQueens.key 
58382      INFO  main            d.u.i.k.p.i.AbstractProblemLoader Loading environment from /home/runner/work/key/key/key.core/../key.ui/examples/heap/vstte10_04_Queens/Queens_nQueens.key 
58383      DEBUG main            d.u.i.k.p.i.AbstractProblemLoader Environment load took 270.51ns 
58384      INFO  main            d.u.i.k.p.i.AbstractProblemLoader Creating init config 
61616      DEBUG main            d.u.i.k.p.i.AbstractProblemLoader Init config took 3.23s 
61688      INFO  main            d.u.i.k.p.i.AbstractProblemLoader Replaying proof Queens[Queens::nQueens(int)].JML normal_behavior operation contract.0 
61689      DEBUG main            d.u.i.k.p.i.IntermediateProofReplayer Proof replay took 6.1ns 
75373      INFO  main            d.u.i.k.p.r.p.TestFile    ... finished proof: closed. 
75654      INFO  main            d.u.i.k.p.i.AbstractProblemLoader Loading environment from /home/runner/work/key/key/key.core/../key.ui/examples/heap/vstte10_04_Queens/Queens_nQueens.key.proof 
75654      DEBUG main            d.u.i.k.p.i.AbstractProblemLoader Environment load took 518.82ns 
75656      INFO  main            d.u.i.k.p.i.AbstractProblemLoader Creating init config 
78760      DEBUG main            d.u.i.k.p.i.AbstractProblemLoader Init config took 3.1s 
78808      INFO  main            d.u.i.k.p.i.AbstractProblemLoader Replaying proof Queens[Queens::nQueens(int)].JML normal_behavior operation contract.0 
79248      DEBUG main            d.u.i.k.p.i.IntermediateProofReplayer Proof replay took 421.05ms 
79250      DEBUG main            d.u.i.k.p.r.p.TestFile    ... success: reloaded. 
79251      INFO  main            d.u.i.k.p.r.p.TestFile    Now processing file /home/runner/work/key/key/key.core/../key.ui/examples/heap/vstte10_05_Queue/AmortizedQueue_AmortizedQueue.key 
79251      INFO  main            d.u.i.k.p.i.AbstractProblemLoader Loading environment from /home/runner/work/key/key/key.core/../key.ui/examples/heap/vstte10_05_Queue/AmortizedQueue_AmortizedQueue.key 
79251      DEBUG main            d.u.i.k.p.i.AbstractProblemLoader Environment load took 118.3ns 
79252      INFO  main            d.u.i.k.p.i.AbstractProblemLoader Creating init config 
82516      DEBUG main            d.u.i.k.p.i.AbstractProblemLoader Init config took 3.26s 
82575      INFO  main            d.u.i.k.p.i.AbstractProblemLoader Replaying proof AmortizedQueue[AmortizedQueue::AmortizedQueue()].JML normal_behavior operation contract.0 
82577      DEBUG main            d.u.i.k.p.i.IntermediateProofReplayer Proof replay took 7.1ns 
84088      INFO  main            d.u.i.k.p.r.p.TestFile    ... finished proof: closed. 
84358      INFO  main            d.u.i.k.p.i.AbstractProblemLoader Loading environment from /home/runner/work/key/key/key.core/../key.ui/examples/heap/vstte10_05_Queue/AmortizedQueue_AmortizedQueue.key.proof 
84359      DEBUG main            d.u.i.k.p.i.AbstractProblemLoader Environment load took 513.92ns 
84361      INFO  main            d.u.i.k.p.i.AbstractProblemLoader Creating init config 
87429      DEBUG main            d.u.i.k.p.i.AbstractProblemLoader Init config took 3.07s 
87488      INFO  main            d.u.i.k.p.i.AbstractProblemLoader Replaying proof AmortizedQueue[AmortizedQueue::AmortizedQueue()].JML normal_behavior operation contract.0 
87686      DEBUG main            d.u.i.k.p.i.IntermediateProofReplayer Proof replay took 190.5ms 
87687      DEBUG main            d.u.i.k.p.r.p.TestFile    ... success: reloaded. 
87688      INFO  main            d.u.i.k.p.r.p.TestFile    Now processing file /home/runner/work/key/key/key.core/../key.ui/examples/heap/vstte10_05_Queue/AmortizedQueue_front.key 
87689      INFO  main            d.u.i.k.p.i.AbstractProblemLoader Loading environment from /home/runner/work/key/key/key.core/../key.ui/examples/heap/vstte10_05_Queue/AmortizedQueue_front.key 
87689      DEBUG main            d.u.i.k.p.i.AbstractProblemLoader Environment load took 282.31ns 
87690      INFO  main            d.u.i.k.p.i.AbstractProblemLoader Creating init config 
90815      DEBUG main            d.u.i.k.p.i.AbstractProblemLoader Init config took 3.12s 
90863      INFO  main            d.u.i.k.p.i.AbstractProblemLoader Replaying proof AmortizedQueue[AmortizedQueue::front()].JML normal_behavior operation contract.0 
90865      DEBUG main            d.u.i.k.p.i.IntermediateProofReplayer Proof replay took 7ns 
91371      INFO  main            d.u.i.k.p.r.p.TestFile    ... finished proof: closed. 
91605      INFO  main            d.u.i.k.p.i.AbstractProblemLoader Loading environment from /home/runner/work/key/key/key.core/../key.ui/examples/heap/vstte10_05_Queue/AmortizedQueue_front.key.proof 
91606      DEBUG main            d.u.i.k.p.i.AbstractProblemLoader Environment load took 503.82ns 
91607      INFO  main            d.u.i.k.p.i.AbstractProblemLoader Creating init config 
94659      DEBUG main            d.u.i.k.p.i.AbstractProblemLoader Init config took 3.05s 
94706      INFO  main            d.u.i.k.p.i.AbstractProblemLoader Replaying proof AmortizedQueue[AmortizedQueue::front()].JML normal_behavior operation contract.0 
94749      DEBUG main            d.u.i.k.p.i.IntermediateProofReplayer Proof replay took 39.2ms 
94750      DEBUG main            d.u.i.k.p.r.p.TestFile    ... success: reloaded. 
94751      INFO  main            d.u.i.k.p.r.p.TestFile    Now processing file /home/runner/work/key/key/key.core/../key.ui/examples/heap/vstte10_05_Queue/LinkedList_concat.key 
94751      INFO  main            d.u.i.k.p.i.AbstractProblemLoader Loading environment from /home/runner/work/key/key/key.core/../key.ui/examples/heap/vstte10_05_Queue/LinkedList_concat.key 
94752      DEBUG main            d.u.i.k.p.i.AbstractProblemLoader Environment load took 159.71ns 
94753      INFO  main            d.u.i.k.p.i.AbstractProblemLoader Creating init config 
97885      DEBUG main            d.u.i.k.p.i.AbstractProblemLoader Init config took 3.13s 
97937      INFO  main            d.u.i.k.p.i.AbstractProblemLoader Replaying proof LinkedList[LinkedList::concat(LinkedList)].JML normal_behavior operation contract.0 
97938      DEBUG main            d.u.i.k.p.i.IntermediateProofReplayer Proof replay took 6.9ns 
106549     INFO  main            d.u.i.k.p.r.p.TestFile    ... finished proof: closed. 
106841     INFO  main            d.u.i.k.p.i.AbstractProblemLoader Loading environment from /home/runner/work/key/key/key.core/../key.ui/examples/heap/vstte10_05_Queue/LinkedList_concat.key.proof 
106842     DEBUG main            d.u.i.k.p.i.AbstractProblemLoader Environment load took 518.32ns 
106845     INFO  main            d.u.i.k.p.i.AbstractProblemLoader Creating init config 
109934     DEBUG main            d.u.i.k.p.i.AbstractProblemLoader Init config took 3.09s 
109984     INFO  main            d.u.i.k.p.i.AbstractProblemLoader Replaying proof LinkedList[LinkedList::concat(LinkedList)].JML normal_behavior operation contract.0 
110485     DEBUG main            d.u.i.k.p.i.IntermediateProofReplayer Proof replay took 473.38ms 
110488     DEBUG main            d.u.i.k.p.r.p.TestFile    ... success: reloaded. 
110490     INFO  main            d.u.i.k.p.r.p.TestFile    Now processing file /home/runner/work/key/key/key.core/../key.ui/examples/heap/vstte10_05_Queue/LinkedList_cons.key 
110490     INFO  main            d.u.i.k.p.i.AbstractProblemLoader Loading environment from /home/runner/work/key/key/key.core/../key.ui/examples/heap/vstte10_05_Queue/LinkedList_cons.key 
110490     DEBUG main            d.u.i.k.p.i.AbstractProblemLoader Environment load took 281.41ns 
110492     INFO  main            d.u.i.k.p.i.AbstractProblemLoader Creating init config 
113627     DEBUG main            d.u.i.k.p.i.AbstractProblemLoader Init config took 3.14s 
113676     INFO  main            d.u.i.k.p.i.AbstractProblemLoader Replaying proof LinkedList[LinkedList::cons(int)].JML normal_behavior operation contract.0 
113678     DEBUG main            d.u.i.k.p.i.IntermediateProofReplayer Proof replay took 7ns 
116087     INFO  main            d.u.i.k.p.r.p.TestFile    ... finished proof: closed. 
116347     INFO  main            d.u.i.k.p.i.AbstractProblemLoader Loading environment from /home/runner/work/key/key/key.core/../key.ui/examples/heap/vstte10_05_Queue/LinkedList_cons.key.proof 
116347     DEBUG main            d.u.i.k.p.i.AbstractProblemLoader Environment load took 475.92ns 
116349     INFO  main            d.u.i.k.p.i.AbstractProblemLoader Creating init config 
119400     DEBUG main            d.u.i.k.p.i.AbstractProblemLoader Init config took 3.05s 
119451     INFO  main            d.u.i.k.p.i.AbstractProblemLoader Replaying proof LinkedList[LinkedList::cons(int)].JML normal_behavior operation contract.0 
119654     DEBUG main            d.u.i.k.p.i.IntermediateProofReplayer Proof replay took 193.37ms 
119655     DEBUG main            d.u.i.k.p.r.p.TestFile    ... success: reloaded. 
119656     INFO  main            d.u.i.k.p.r.p.TestFile    Now processing file /home/runner/work/key/key/key.core/../key.ui/examples/heap/vstte10_05_Queue/LinkedList_head.key 
119657     INFO  main            d.u.i.k.p.i.AbstractProblemLoader Loading environment from /home/runner/work/key/key/key.core/../key.ui/examples/heap/vstte10_05_Queue/LinkedList_head.key 
119657     DEBUG main            d.u.i.k.p.i.AbstractProblemLoader Environment load took 117.6ns 
119658     INFO  main            d.u.i.k.p.i.AbstractProblemLoader Creating init config 
122770     DEBUG main            d.u.i.k.p.i.AbstractProblemLoader Init config took 3.11s 
122845     INFO  main            d.u.i.k.p.i.AbstractProblemLoader Replaying proof LinkedList[LinkedList::head()].JML normal_behavior operation contract.0 
122847     DEBUG main            d.u.i.k.p.i.IntermediateProofReplayer Proof replay took 6.8ns 
122949     INFO  main            d.u.i.k.p.r.p.TestFile    ... finished proof: closed. 
123181     INFO  main            d.u.i.k.p.i.AbstractProblemLoader Loading environment from /home/runner/work/key/key/key.core/../key.ui/examples/heap/vstte10_05_Queue/LinkedList_head.key.proof 
123182     DEBUG main            d.u.i.k.p.i.AbstractProblemLoader Environment load took 134.21ns 
123183     INFO  main            d.u.i.k.p.i.AbstractProblemLoader Creating init config 
126337     DEBUG main            d.u.i.k.p.i.AbstractProblemLoader Init config took 3.15s 
126401     INFO  main            d.u.i.k.p.i.AbstractProblemLoader Replaying proof LinkedList[LinkedList::head()].JML normal_behavior operation contract.0 
126414     DEBUG main            d.u.i.k.p.i.IntermediateProofReplayer Proof replay took 10.97ms 
126415     DEBUG main            d.u.i.k.p.r.p.TestFile    ... success: reloaded. 
126416     INFO  main            d.u.i.k.p.r.p.TestFile    Now processing file /home/runner/work/key/key/key.core/../key.ui/examples/heap/vstte10_05_Queue/LinkedList_inv.key 
126417     INFO  main            d.u.i.k.p.i.AbstractProblemLoader Loading environment from /home/runner/work/key/key/key.core/../key.ui/examples/heap/vstte10_05_Queue/LinkedList_inv.key 
126417     DEBUG main            d.u.i.k.p.i.AbstractProblemLoader Environment load took 107.4ns 
126418     INFO  main            d.u.i.k.p.i.AbstractProblemLoader Creating init config 
129509     DEBUG main            d.u.i.k.p.i.AbstractProblemLoader Init config took 3.09s 
129556     INFO  main            d.u.i.k.p.i.AbstractProblemLoader Replaying proof LinkedList[java.lang.Object::<inv>()].JML accessible clause.0 
129558     DEBUG main            d.u.i.k.p.i.IntermediateProofReplayer Proof replay took 6ns 
129862     INFO  main            d.u.i.k.p.r.p.TestFile    ... finished proof: closed. 
130113     INFO  main            d.u.i.k.p.i.AbstractProblemLoader Loading environment from /home/runner/work/key/key/key.core/../key.ui/examples/heap/vstte10_05_Queue/LinkedList_inv.key.proof 
130113     DEBUG main            d.u.i.k.p.i.AbstractProblemLoader Environment load took 135.71ns 
130114     INFO  main            d.u.i.k.p.i.AbstractProblemLoader Creating init config 
133202     DEBUG main            d.u.i.k.p.i.AbstractProblemLoader Init config took 3.09s 
133247     INFO  main            d.u.i.k.p.i.AbstractProblemLoader Replaying proof LinkedList[java.lang.Object::<inv>()].JML accessible clause.0 
133267     DEBUG main            d.u.i.k.p.i.IntermediateProofReplayer Proof replay took 17.65ms 
133268     DEBUG main            d.u.i.k.p.r.p.TestFile    ... success: reloaded. 
133269     INFO  main            d.u.i.k.p.r.p.TestFile    Now processing file /home/runner/work/key/key/key.core/../key.ui/examples/heap/vstte10_05_Queue/LinkedList_length.key 
133269     INFO  main            d.u.i.k.p.i.AbstractProblemLoader Loading environment from /home/runner/work/key/key/key.core/../key.ui/examples/heap/vstte10_05_Queue/LinkedList_length.key 
133269     DEBUG main            d.u.i.k.p.i.AbstractProblemLoader Environment load took 109.2ns 
133270     INFO  main            d.u.i.k.p.i.AbstractProblemLoader Creating init config 
136310     DEBUG main            d.u.i.k.p.i.AbstractProblemLoader Init config took 3.04s 
136373     INFO  main            d.u.i.k.p.i.AbstractProblemLoader Replaying proof LinkedList[LinkedList::length()].JML normal_behavior operation contract.0 
136375     DEBUG main            d.u.i.k.p.i.IntermediateProofReplayer Proof replay took 6ns 
136477     INFO  main            d.u.i.k.p.r.p.TestFile    ... finished proof: closed. 
136714     INFO  main            d.u.i.k.p.i.AbstractProblemLoader Loading environment from /home/runner/work/key/key/key.core/../key.ui/examples/heap/vstte10_05_Queue/LinkedList_length.key.proof 
136714     DEBUG main            d.u.i.k.p.i.AbstractProblemLoader Environment load took 133.41ns 
136715     INFO  main            d.u.i.k.p.i.AbstractProblemLoader Creating init config 
139746     DEBUG main            d.u.i.k.p.i.AbstractProblemLoader Init config took 3.03s 
139793     INFO  main            d.u.i.k.p.i.AbstractProblemLoader Replaying proof LinkedList[LinkedList::length()].JML normal_behavior operation contract.0 
139805     DEBUG main            d.u.i.k.p.i.IntermediateProofReplayer Proof replay took 10.38ms 
139806     DEBUG main            d.u.i.k.p.r.p.TestFile    ... success: reloaded. 
139807     INFO  main            d.u.i.k.p.r.p.TestFile    Now processing file /home/runner/work/key/key/key.core/../key.ui/examples/heap/vstte10_05_Queue/LinkedList_LinkedList1.key 
139808     INFO  main            d.u.i.k.p.i.AbstractProblemLoader Loading environment from /home/runner/work/key/key/key.core/../key.ui/examples/heap/vstte10_05_Queue/LinkedList_LinkedList1.key 
139808     DEBUG main            d.u.i.k.p.i.AbstractProblemLoader Environment load took 153.61ns 
139809     INFO  main            d.u.i.k.p.i.AbstractProblemLoader Creating init config 
142938     DEBUG main            d.u.i.k.p.i.AbstractProblemLoader Init config took 3.13s 
142987     INFO  main            d.u.i.k.p.i.AbstractProblemLoader Replaying proof LinkedList[LinkedList::LinkedList(int,LinkedList)].JML normal_behavior operation contract.0 
142989     DEBUG main            d.u.i.k.p.i.IntermediateProofReplayer Proof replay took 5.8ns 
144915     INFO  main            d.u.i.k.p.r.p.TestFile    ... finished proof: closed. 
145206     INFO  main            d.u.i.k.p.i.AbstractProblemLoader Loading environment from /home/runner/work/key/key/key.core/../key.ui/examples/heap/vstte10_05_Queue/LinkedList_LinkedList1.key.proof 
145206     DEBUG main            d.u.i.k.p.i.AbstractProblemLoader Environment load took 520.72ns 
145210     INFO  main            d.u.i.k.p.i.AbstractProblemLoader Creating init config 
148222     DEBUG main            d.u.i.k.p.i.AbstractProblemLoader Init config took 3.01s 
148268     INFO  main            d.u.i.k.p.i.AbstractProblemLoader Replaying proof LinkedList[LinkedList::LinkedList(int,LinkedList)].JML normal_behavior operation contract.0 
148453     DEBUG main            d.u.i.k.p.i.IntermediateProofReplayer Proof replay took 178.75ms 
148454     DEBUG main            d.u.i.k.p.r.p.TestFile    ... success: reloaded. 
148455     INFO  main            d.u.i.k.p.r.p.TestFile    Now processing file /home/runner/work/key/key/key.core/../key.ui/examples/heap/vstte10_05_Queue/LinkedList_LinkedList2.key 
148456     INFO  main            d.u.i.k.p.i.AbstractProblemLoader Loading environment from /home/runner/work/key/key/key.core/../key.ui/examples/heap/vstte10_05_Queue/LinkedList_LinkedList2.key 
148456     DEBUG main            d.u.i.k.p.i.AbstractProblemLoader Environment load took 247.01ns 
148457     INFO  main            d.u.i.k.p.i.AbstractProblemLoader Creating init config 
151583     DEBUG main            d.u.i.k.p.i.AbstractProblemLoader Init config took 3.13s 
151631     INFO  main            d.u.i.k.p.i.AbstractProblemLoader Replaying proof LinkedList[LinkedList::LinkedList(int,LinkedList)].JML normal_behavior operation contract.0 
151633     DEBUG main            d.u.i.k.p.i.IntermediateProofReplayer Proof replay took 6.7ns 
153547     INFO  main            d.u.i.k.p.r.p.TestFile    ... finished proof: closed. 
153835     INFO  main            d.u.i.k.p.i.AbstractProblemLoader Loading environment from /home/runner/work/key/key/key.core/../key.ui/examples/heap/vstte10_05_Queue/LinkedList_LinkedList2.key.proof 
153837     DEBUG main            d.u.i.k.p.i.AbstractProblemLoader Environment load took 1.25ms 
153838     INFO  main            d.u.i.k.p.i.AbstractProblemLoader Creating init config 
156835     DEBUG main            d.u.i.k.p.i.AbstractProblemLoader Init config took 3s 
156882     INFO  main            d.u.i.k.p.i.AbstractProblemLoader Replaying proof LinkedList[LinkedList::LinkedList(int,LinkedList)].JML normal_behavior operation contract.0 
157067     DEBUG main            d.u.i.k.p.i.IntermediateProofReplayer Proof replay took 177.44ms 
157070     DEBUG main            d.u.i.k.p.r.p.TestFile    ... success: reloaded. 
157072     INFO  main            d.u.i.k.p.r.p.TestFile    Now processing file /home/runner/work/key/key/key.core/../key.ui/examples/heap/vstte10_05_Queue/LinkedList_LinkedList3.key 
157072     INFO  main            d.u.i.k.p.i.AbstractProblemLoader Loading environment from /home/runner/work/key/key/key.core/../key.ui/examples/heap/vstte10_05_Queue/LinkedList_LinkedList3.key 
157072     DEBUG main            d.u.i.k.p.i.AbstractProblemLoader Environment load took 124.2ns 
157073     INFO  main            d.u.i.k.p.i.AbstractProblemLoader Creating init config 
160172     DEBUG main            d.u.i.k.p.i.AbstractProblemLoader Init config took 3.1s 
160219     INFO  main            d.u.i.k.p.i.AbstractProblemLoader Replaying proof LinkedList[LinkedList::LinkedList(int,LinkedList)].JML normal_behavior operation contract.0 
160221     DEBUG main            d.u.i.k.p.i.IntermediateProofReplayer Proof replay took 5.5ns 
175340     INFO  main            d.u.i.k.p.r.p.TestFile    ... finished proof: closed. 
175731     INFO  main            d.u.i.k.p.i.AbstractProblemLoader Loading environment from /home/runner/work/key/key/key.core/../key.ui/examples/heap/vstte10_05_Queue/LinkedList_LinkedList3.key.proof 
175732     DEBUG main            d.u.i.k.p.i.AbstractProblemLoader Environment load took 481.72ns 
175739     INFO  main            d.u.i.k.p.i.AbstractProblemLoader Creating init config 
178832     DEBUG main            d.u.i.k.p.i.AbstractProblemLoader Init config took 3.09s 
178908     INFO  main            d.u.i.k.p.i.AbstractProblemLoader Replaying proof LinkedList[LinkedList::LinkedList(int,LinkedList)].JML normal_behavior operation contract.0 
180110     DEBUG main            d.u.i.k.p.i.IntermediateProofReplayer Proof replay took 1.11s 
180117     DEBUG main            d.u.i.k.p.r.p.TestFile    ... success: reloaded. 
180118     INFO  main            d.u.i.k.p.r.p.TestFile    Now processing file /home/runner/work/key/key/key.core/../key.ui/examples/heap/vstte10_05_Queue/LinkedList_reverse.key 
180118     INFO  main            d.u.i.k.p.i.AbstractProblemLoader Loading environment from /home/runner/work/key/key/key.core/../key.ui/examples/heap/vstte10_05_Queue/LinkedList_reverse.key 
180118     DEBUG main            d.u.i.k.p.i.AbstractProblemLoader Environment load took 115ns 
180119     INFO  main            d.u.i.k.p.i.AbstractProblemLoader Creating init config 
183252     DEBUG main            d.u.i.k.p.i.AbstractProblemLoader Init config took 3.13s 
183304     INFO  main            d.u.i.k.p.i.AbstractProblemLoader Replaying proof LinkedList[LinkedList::reverse()].JML normal_behavior operation contract.0 
183306     DEBUG main            d.u.i.k.p.i.IntermediateProofReplayer Proof replay took 6.4ns 
193004     INFO  main            d.u.i.k.p.r.p.TestFile    ... finished proof: closed. 
193375     INFO  main            d.u.i.k.p.i.AbstractProblemLoader Loading environment from /home/runner/work/key/key/key.core/../key.ui/examples/heap/vstte10_05_Queue/LinkedList_reverse.key.proof 
193375     DEBUG main            d.u.i.k.p.i.AbstractProblemLoader Environment load took 1.41ms 
193378     INFO  main            d.u.i.k.p.i.AbstractProblemLoader Creating init config 
196325     DEBUG main            d.u.i.k.p.i.AbstractProblemLoader Init config took 2.95s 
196373     INFO  main            d.u.i.k.p.i.AbstractProblemLoader Replaying proof LinkedList[LinkedList::reverse()].JML normal_behavior operation contract.0 
196903     DEBUG main            d.u.i.k.p.i.IntermediateProofReplayer Proof replay took 502.17ms 
196906     DEBUG main            d.u.i.k.p.r.p.TestFile    ... success: reloaded. 
196907     INFO  main            d.u.i.k.p.r.p.TestFile    Now processing file /home/runner/work/key/key/key.core/../key.ui/examples/heap/vstte10_05_Queue/LinkedList_tail.key 
196907     INFO  main            d.u.i.k.p.i.AbstractProblemLoader Loading environment from /home/runner/work/key/key/key.core/../key.ui/examples/heap/vstte10_05_Queue/LinkedList_tail.key 
196907     DEBUG main            d.u.i.k.p.i.AbstractProblemLoader Environment load took 107.5ns 
196908     INFO  main            d.u.i.k.p.i.AbstractProblemLoader Creating init config 
200049     DEBUG main            d.u.i.k.p.i.AbstractProblemLoader Init config took 3.14s 
200098     INFO  main            d.u.i.k.p.i.AbstractProblemLoader Replaying proof LinkedList[LinkedList::tail()].JML normal_behavior operation contract.0 
200100     DEBUG main            d.u.i.k.p.i.IntermediateProofReplayer Proof replay took 49.9ns 
200705     INFO  main            d.u.i.k.p.r.p.TestFile    ... finished proof: closed. 
200985     INFO  main            d.u.i.k.p.i.AbstractProblemLoader Loading environment from /home/runner/work/key/key/key.core/../key.ui/examples/heap/vstte10_05_Queue/LinkedList_tail.key.proof 
200986     DEBUG main            d.u.i.k.p.i.AbstractProblemLoader Environment load took 470.02ns 
200987     INFO  main            d.u.i.k.p.i.AbstractProblemLoader Creating init config 
204112     DEBUG main            d.u.i.k.p.i.AbstractProblemLoader Init config took 3.12s 
204159     INFO  main            d.u.i.k.p.i.AbstractProblemLoader Replaying proof LinkedList[LinkedList::tail()].JML normal_behavior operation contract.0 
204237     DEBUG main            d.u.i.k.p.i.IntermediateProofReplayer Proof replay took 74.43ms 
204238     DEBUG main            d.u.i.k.p.r.p.TestFile    ... success: reloaded. 
2593674    INFO  Test worker     d.u.i.k.p.r.RunAllProofsTestUnit Returning from test VSTTE10 
2593675    INFO  Test worker     d.u.i.k.p.r.RunAllProofsTestUnit Running test WeideEtAl 
408        INFO  Timeout watchdog d.u.i.k.p.r.p.ForkedTestFileRunner Timeout watcher launched (2000 secs.) 
421        WARN  main            d.u.i.k.s.ProofSettings   The settings in /home/runner/.key/proof-settings.props are *not* read. 
453        INFO  main            d.u.i.k.p.r.p.TestFile    Now processing file /home/runner/work/key/key/key.core/../key.ui/examples/heap/WeideEtAl_01_AddAndMultiply/AddAndMultiply_add.key 
597        INFO  main            d.u.i.k.p.i.AbstractProblemLoader Loading environment from /home/runner/work/key/key/key.core/../key.ui/examples/heap/WeideEtAl_01_AddAndMultiply/AddAndMultiply_add.key 
620        DEBUG main            d.u.i.k.p.i.AbstractProblemLoader Environment load took 3.57ms 
877        INFO  main            d.u.i.k.p.i.AbstractProblemLoader Creating init config 
1912       DEBUG main            d.u.i.k.j.TypeConverter   No LDT found for Meta 
1913       DEBUG main            d.u.i.k.j.TypeConverter   No LDT found for Meta 
1915       DEBUG main            d.u.i.k.j.TypeConverter   No LDT found for Meta 
1915       DEBUG main            d.u.i.k.j.TypeConverter   No LDT found for Meta 
3360       DEBUG main            d.u.i.k.j.TypeConverter   No LDT found for JavaBigintExpression 
9043       DEBUG main            d.u.i.k.p.i.AbstractProblemLoader Init config took 8.17s 
9210       INFO  main            d.u.i.k.p.i.AbstractProblemLoader Replaying proof AddAndMultiply[AddAndMultiply::add(int,int)].JML normal_behavior operation contract.0 
9247       DEBUG main            d.u.i.k.p.i.IntermediateProofReplayer Proof replay took 36ns 
10989      INFO  main            d.u.i.k.p.r.p.TestFile    ... finished proof: closed. 
11151      INFO  main            d.u.i.k.p.i.AbstractProblemLoader Loading environment from /home/runner/work/key/key/key.core/../key.ui/examples/heap/WeideEtAl_01_AddAndMultiply/AddAndMultiply_add.key.proof 
11161      DEBUG main            d.u.i.k.p.i.AbstractProblemLoader Environment load took 9.67ms 
11163      INFO  main            d.u.i.k.p.i.AbstractProblemLoader Creating init config 
14409      DEBUG main            d.u.i.k.p.i.AbstractProblemLoader Init config took 3.25s 
14498      INFO  main            d.u.i.k.p.i.AbstractProblemLoader Replaying proof AddAndMultiply[AddAndMultiply::add(int,int)].JML normal_behavior operation contract.0 
14736      DEBUG main            d.u.i.k.p.i.IntermediateProofReplayer Proof replay took 216.39ms 
14743      DEBUG main            d.u.i.k.p.r.p.TestFile    ... success: reloaded. 
14744      INFO  main            d.u.i.k.p.r.p.TestFile    Now processing file /home/runner/work/key/key/key.core/../key.ui/examples/heap/WeideEtAl_01_AddAndMultiply/AddAndMultiply_mul.key 
14745      INFO  main            d.u.i.k.p.i.AbstractProblemLoader Loading environment from /home/runner/work/key/key/key.core/../key.ui/examples/heap/WeideEtAl_01_AddAndMultiply/AddAndMultiply_mul.key 
14745      DEBUG main            d.u.i.k.p.i.AbstractProblemLoader Environment load took 292.81ns 
14747      INFO  main            d.u.i.k.p.i.AbstractProblemLoader Creating init config 
17749      DEBUG main            d.u.i.k.p.i.AbstractProblemLoader Init config took 3s 
17810      INFO  main            d.u.i.k.p.i.AbstractProblemLoader Replaying proof AddAndMultiply[AddAndMultiply::mul(int,int)].JML normal_behavior operation contract.0 
17813      DEBUG main            d.u.i.k.p.i.IntermediateProofReplayer Proof replay took 7.1ns 
18340      INFO  main            d.u.i.k.p.r.p.TestFile    ... finished proof: closed. 
18502      INFO  main            d.u.i.k.p.i.AbstractProblemLoader Loading environment from /home/runner/work/key/key/key.core/../key.ui/examples/heap/WeideEtAl_01_AddAndMultiply/AddAndMultiply_mul.key.proof 
18502      DEBUG main            d.u.i.k.p.i.AbstractProblemLoader Environment load took 139.6ns 
18504      INFO  main            d.u.i.k.p.i.AbstractProblemLoader Creating init config 
21518      DEBUG main            d.u.i.k.p.i.AbstractProblemLoader Init config took 3.01s 
21575      INFO  main            d.u.i.k.p.i.AbstractProblemLoader Replaying proof AddAndMultiply[AddAndMultiply::mul(int,int)].JML normal_behavior operation contract.0 
21674      DEBUG main            d.u.i.k.p.i.IntermediateProofReplayer Proof replay took 93.44ms 
21675      DEBUG main            d.u.i.k.p.r.p.TestFile    ... success: reloaded. 
21676      INFO  main            d.u.i.k.p.r.p.TestFile    Now processing file /home/runner/work/key/key/key.core/../key.ui/examples/heap/WeideEtAl_02_BinarySearch/BinarySearch_search.key 
21677      INFO  main            d.u.i.k.p.i.AbstractProblemLoader Loading environment from /home/runner/work/key/key/key.core/../key.ui/examples/heap/WeideEtAl_02_BinarySearch/BinarySearch_search.key 
21677      DEBUG main            d.u.i.k.p.i.AbstractProblemLoader Environment load took 291.51ns 
21679      INFO  main            d.u.i.k.p.i.AbstractProblemLoader Creating init config 
24759      DEBUG main            d.u.i.k.p.i.AbstractProblemLoader Init config took 3.08s 
24810      INFO  main            d.u.i.k.p.i.AbstractProblemLoader Replaying proof BinarySearch[BinarySearch::search([I,int)].JML normal_behavior operation contract.0 
24816      DEBUG main            d.u.i.k.p.i.IntermediateProofReplayer Proof replay took 6.5ns 
28277      INFO  main            d.u.i.k.p.r.p.TestFile    ... finished proof: closed. 
28488      INFO  main            d.u.i.k.p.i.AbstractProblemLoader Loading environment from /home/runner/work/key/key/key.core/../key.ui/examples/heap/WeideEtAl_02_BinarySearch/BinarySearch_search.key.proof 
28489      DEBUG main            d.u.i.k.p.i.AbstractProblemLoader Environment load took 494.62ns 
28491      INFO  main            d.u.i.k.p.i.AbstractProblemLoader Creating init config 
31356      DEBUG main            d.u.i.k.p.i.AbstractProblemLoader Init config took 2.87s 
31406      INFO  main            d.u.i.k.p.i.AbstractProblemLoader Replaying proof BinarySearch[BinarySearch::search([I,int)].JML normal_behavior operation contract.0 
31857      DEBUG main            d.u.i.k.p.i.IntermediateProofReplayer Proof replay took 432.35ms 
31859      DEBUG main            d.u.i.k.p.r.p.TestFile    ... success: reloaded. 
2625726    INFO  Test worker     d.u.i.k.p.r.RunAllProofsTestUnit Returning from test WeideEtAl 
2625727    INFO  Test worker     d.u.i.k.p.r.RunAllProofsTestUnit Running test arithmetic 
454        INFO  Timeout watchdog d.u.i.k.p.r.p.ForkedTestFileRunner Timeout watcher launched (2000 secs.) 
468        WARN  main            d.u.i.k.s.ProofSettings   The settings in /home/runner/.key/proof-settings.props are *not* read. 
499        INFO  main            d.u.i.k.p.r.p.TestFile    Now processing file /home/runner/work/key/key/key.core/../key.ui/examples/standard_key/arith/binomial1.key 
612        INFO  main            d.u.i.k.p.i.AbstractProblemLoader Loading environment from /home/runner/work/key/key/key.core/../key.ui/examples/standard_key/arith/binomial1.key 
631        DEBUG main            d.u.i.k.p.i.AbstractProblemLoader Environment load took 2.44ms 
901        INFO  main            d.u.i.k.p.i.AbstractProblemLoader Creating init config 
1811       DEBUG main            d.u.i.k.j.TypeConverter   No LDT found for Meta 
1812       DEBUG main            d.u.i.k.j.TypeConverter   No LDT found for Meta 
1813       DEBUG main            d.u.i.k.j.TypeConverter   No LDT found for Meta 
1813       DEBUG main            d.u.i.k.j.TypeConverter   No LDT found for Meta 
3470       DEBUG main            d.u.i.k.j.TypeConverter   No LDT found for JavaBigintExpression 
9264       DEBUG main            d.u.i.k.p.i.AbstractProblemLoader Init config took 8.36s 
9334       INFO  main            d.u.i.k.p.i.AbstractProblemLoader Replaying proof binomial1.key 
9374       DEBUG main            d.u.i.k.p.i.IntermediateProofReplayer Proof replay took 38.3ns 
9745       INFO  main            d.u.i.k.p.r.p.TestFile    ... finished proof: closed. 
9861       INFO  main            d.u.i.k.p.i.AbstractProblemLoader Loading environment from /home/runner/work/key/key/key.core/../key.ui/examples/standard_key/arith/binomial1.key.proof 
9861       DEBUG main            d.u.i.k.p.i.AbstractProblemLoader Environment load took 166.51ns 
9871       INFO  main            d.u.i.k.p.i.AbstractProblemLoader Creating init config 
12948      DEBUG main            d.u.i.k.p.i.AbstractProblemLoader Init config took 3.08s 
12991      INFO  main            d.u.i.k.p.i.AbstractProblemLoader Replaying proof binomial1.key.proof 
13006      DEBUG main            d.u.i.k.p.i.IntermediateProofReplayer Proof replay took 9.88ms 
13018      DEBUG main            d.u.i.k.p.r.p.TestFile    ... success: reloaded. 
13020      INFO  main            d.u.i.k.p.r.p.TestFile    Now processing file /home/runner/work/key/key/key.core/../key.ui/examples/standard_key/arith/binomial2.key 
13020      INFO  main            d.u.i.k.p.i.AbstractProblemLoader Loading environment from /home/runner/work/key/key/key.core/../key.ui/examples/standard_key/arith/binomial2.key 
13020      DEBUG main            d.u.i.k.p.i.AbstractProblemLoader Environment load took 92.1ns 
13022      INFO  main            d.u.i.k.p.i.AbstractProblemLoader Creating init config 
16131      DEBUG main            d.u.i.k.p.i.AbstractProblemLoader Init config took 3.11s 
16170      INFO  main            d.u.i.k.p.i.AbstractProblemLoader Replaying proof binomial2.key 
16176      DEBUG main            d.u.i.k.p.i.IntermediateProofReplayer Proof replay took 7.2ns 
16282      INFO  main            d.u.i.k.p.r.p.TestFile    ... finished proof: closed. 
16426      INFO  main            d.u.i.k.p.i.AbstractProblemLoader Loading environment from /home/runner/work/key/key/key.core/../key.ui/examples/standard_key/arith/binomial2.key.proof 
16428      DEBUG main            d.u.i.k.p.i.AbstractProblemLoader Environment load took 1.93ms 
16430      INFO  main            d.u.i.k.p.i.AbstractProblemLoader Creating init config 
19423      DEBUG main            d.u.i.k.p.i.AbstractProblemLoader Init config took 2.99s 
19446      INFO  main            d.u.i.k.p.i.AbstractProblemLoader Replaying proof binomial2.key.proof 
19456      DEBUG main            d.u.i.k.p.i.IntermediateProofReplayer Proof replay took 7.2ms 
19457      DEBUG main            d.u.i.k.p.r.p.TestFile    ... success: reloaded. 
19458      INFO  main            d.u.i.k.p.r.p.TestFile    Now processing file /home/runner/work/key/key/key.core/../key.ui/examples/standard_key/arith/check_jdiv.key 
19459      INFO  main            d.u.i.k.p.i.AbstractProblemLoader Loading environment from /home/runner/work/key/key/key.core/../key.ui/examples/standard_key/arith/check_jdiv.key 
19459      DEBUG main            d.u.i.k.p.i.AbstractProblemLoader Environment load took 109.31ns 
19461      INFO  main            d.u.i.k.p.i.AbstractProblemLoader Creating init config 
22425      DEBUG main            d.u.i.k.p.i.AbstractProblemLoader Init config took 2.96s 
22446      INFO  main            d.u.i.k.p.i.AbstractProblemLoader Replaying proof check_jdiv.key 
22450      DEBUG main            d.u.i.k.p.i.IntermediateProofReplayer Proof replay took 6.9ns 
28251      INFO  main            d.u.i.k.p.r.p.TestFile    ... finished proof: closed. 
28505      INFO  main            d.u.i.k.p.i.AbstractProblemLoader Loading environment from /home/runner/work/key/key/key.core/../key.ui/examples/standard_key/arith/check_jdiv.key.proof 
28505      DEBUG main            d.u.i.k.p.i.AbstractProblemLoader Environment load took 488.13ns 
28514      INFO  main            d.u.i.k.p.i.AbstractProblemLoader Creating init config 
31442      DEBUG main            d.u.i.k.p.i.AbstractProblemLoader Init config took 2.93s 
31464      INFO  main            d.u.i.k.p.i.AbstractProblemLoader Replaying proof check_jdiv.key.proof 
31754      DEBUG main            d.u.i.k.p.i.IntermediateProofReplayer Proof replay took 251.24ms 
31757      DEBUG main            d.u.i.k.p.r.p.TestFile    ... success: reloaded. 
31758      INFO  main            d.u.i.k.p.r.p.TestFile    Now processing file /home/runner/work/key/key/key.core/../key.ui/examples/standard_key/arith/check_jdiv_concrete.key 
31758      INFO  main            d.u.i.k.p.i.AbstractProblemLoader Loading environment from /home/runner/work/key/key/key.core/../key.ui/examples/standard_key/arith/check_jdiv_concrete.key 
31759      DEBUG main            d.u.i.k.p.i.AbstractProblemLoader Environment load took 229.41ns 
31760      INFO  main            d.u.i.k.p.i.AbstractProblemLoader Creating init config 
34670      DEBUG main            d.u.i.k.p.i.AbstractProblemLoader Init config took 2.91s 
34697      INFO  main            d.u.i.k.p.i.AbstractProblemLoader Replaying proof check_jdiv_concrete.key 
34701      DEBUG main            d.u.i.k.p.i.IntermediateProofReplayer Proof replay took 5.8ns 
34804      INFO  main            d.u.i.k.p.r.p.TestFile    ... finished proof: closed. 
35056      INFO  main            d.u.i.k.p.i.AbstractProblemLoader Loading environment from /home/runner/work/key/key/key.core/../key.ui/examples/standard_key/arith/check_jdiv_concrete.key.proof 
35056      DEBUG main            d.u.i.k.p.i.AbstractProblemLoader Environment load took 137.71ns 
35058      INFO  main            d.u.i.k.p.i.AbstractProblemLoader Creating init config 
37897      DEBUG main            d.u.i.k.p.i.AbstractProblemLoader Init config took 2.84s 
37919      INFO  main            d.u.i.k.p.i.AbstractProblemLoader Replaying proof check_jdiv_concrete.key.proof 
37923      DEBUG main            d.u.i.k.p.i.IntermediateProofReplayer Proof replay took 2.4ms 
37924      DEBUG main            d.u.i.k.p.r.p.TestFile    ... success: reloaded. 
37925      INFO  main            d.u.i.k.p.r.p.TestFile    Now processing file /home/runner/work/key/key/key.core/../key.ui/examples/standard_key/arith/check_jdiv_instantiated.key 
37925      INFO  main            d.u.i.k.p.i.AbstractProblemLoader Loading environment from /home/runner/work/key/key/key.core/../key.ui/examples/standard_key/arith/check_jdiv_instantiated.key 
37926      DEBUG main            d.u.i.k.p.i.AbstractProblemLoader Environment load took 159.31ns 
37927      INFO  main            d.u.i.k.p.i.AbstractProblemLoader Creating init config 
40820      DEBUG main            d.u.i.k.p.i.AbstractProblemLoader Init config took 2.89s 
40843      INFO  main            d.u.i.k.p.i.AbstractProblemLoader Replaying proof check_jdiv_instantiated.key 
40845      DEBUG main            d.u.i.k.p.i.IntermediateProofReplayer Proof replay took 7ns 
44410      INFO  main            d.u.i.k.p.r.p.TestFile    ... finished proof: closed. 
44661      INFO  main            d.u.i.k.p.i.AbstractProblemLoader Loading environment from /home/runner/work/key/key/key.core/../key.ui/examples/standard_key/arith/check_jdiv_instantiated.key.proof 
44662      DEBUG main            d.u.i.k.p.i.AbstractProblemLoader Environment load took 477.13ns 
44665      INFO  main            d.u.i.k.p.i.AbstractProblemLoader Creating init config 
47518      DEBUG main            d.u.i.k.p.i.AbstractProblemLoader Init config took 2.85s 
47550      INFO  main            d.u.i.k.p.i.AbstractProblemLoader Replaying proof check_jdiv_instantiated.key.proof 
47715      DEBUG main            d.u.i.k.p.i.IntermediateProofReplayer Proof replay took 128.74ms 
47718      DEBUG main            d.u.i.k.p.r.p.TestFile    ... success: reloaded. 
47720      INFO  main            d.u.i.k.p.r.p.TestFile    Now processing file /home/runner/work/key/key/key.core/../key.ui/examples/standard_key/arith/check_jmod.key 
47720      INFO  main            d.u.i.k.p.i.AbstractProblemLoader Loading environment from /home/runner/work/key/key/key.core/../key.ui/examples/standard_key/arith/check_jmod.key 
47721      DEBUG main            d.u.i.k.p.i.AbstractProblemLoader Environment load took 691.84ns 
47722      INFO  main            d.u.i.k.p.i.AbstractProblemLoader Creating init config 
50512      DEBUG main            d.u.i.k.p.i.AbstractProblemLoader Init config took 2.79s 
50532      INFO  main            d.u.i.k.p.i.AbstractProblemLoader Replaying proof check_jmod.key 
50535      DEBUG main            d.u.i.k.p.i.IntermediateProofReplayer Proof replay took 6.8ns 
51143      INFO  main            d.u.i.k.p.r.p.TestFile    ... finished proof: closed. 
51383      INFO  main            d.u.i.k.p.i.AbstractProblemLoader Loading environment from /home/runner/work/key/key/key.core/../key.ui/examples/standard_key/arith/check_jmod.key.proof 
51384      DEBUG main            d.u.i.k.p.i.AbstractProblemLoader Environment load took 546.73ns 
51386      INFO  main            d.u.i.k.p.i.AbstractProblemLoader Creating init config 
54127      DEBUG main            d.u.i.k.p.i.AbstractProblemLoader Init config took 2.74s 
54144      INFO  main            d.u.i.k.p.i.AbstractProblemLoader Replaying proof check_jmod.key.proof 
54172      DEBUG main            d.u.i.k.p.i.IntermediateProofReplayer Proof replay took 22.84ms 
54173      DEBUG main            d.u.i.k.p.r.p.TestFile    ... success: reloaded. 
54174      INFO  main            d.u.i.k.p.r.p.TestFile    Now processing file /home/runner/work/key/key/key.core/../key.ui/examples/standard_key/arith/complexExpressions.key 
54175      INFO  main            d.u.i.k.p.i.AbstractProblemLoader Loading environment from /home/runner/work/key/key/key.core/../key.ui/examples/standard_key/arith/complexExpressions.key 
54175      DEBUG main            d.u.i.k.p.i.AbstractProblemLoader Environment load took 309.12ns 
54176      INFO  main            d.u.i.k.p.i.AbstractProblemLoader Creating init config 
56990      DEBUG main            d.u.i.k.p.i.AbstractProblemLoader Init config took 2.81s 
57012      INFO  main            d.u.i.k.p.i.AbstractProblemLoader Replaying proof complexExpressions.key 
57014      DEBUG main            d.u.i.k.p.i.IntermediateProofReplayer Proof replay took 7.4ns 
57228      INFO  main            d.u.i.k.p.r.p.TestFile    ... finished proof: closed. 
57456      INFO  main            d.u.i.k.p.i.AbstractProblemLoader Loading environment from /home/runner/work/key/key/key.core/../key.ui/examples/standard_key/arith/complexExpressions.key.proof 
57457      DEBUG main            d.u.i.k.p.i.AbstractProblemLoader Environment load took 134.81ns 
57459      INFO  main            d.u.i.k.p.i.AbstractProblemLoader Creating init config 
60232      DEBUG main            d.u.i.k.p.i.AbstractProblemLoader Init config took 2.77s 
60252      INFO  main            d.u.i.k.p.i.AbstractProblemLoader Replaying proof complexExpressions.key.proof 
60267      DEBUG main            d.u.i.k.p.i.IntermediateProofReplayer Proof replay took 12.37ms 
60268      DEBUG main            d.u.i.k.p.r.p.TestFile    ... success: reloaded. 
60268      INFO  main            d.u.i.k.p.r.p.TestFile    Now processing file /home/runner/work/key/key/key.core/../key.ui/examples/standard_key/arith/compound_unaryMinus.key 
60269      INFO  main            d.u.i.k.p.i.AbstractProblemLoader Loading environment from /home/runner/work/key/key/key.core/../key.ui/examples/standard_key/arith/compound_unaryMinus.key 
60269      DEBUG main            d.u.i.k.p.i.AbstractProblemLoader Environment load took 108.71ns 
60270      INFO  main            d.u.i.k.p.i.AbstractProblemLoader Creating init config 
63079      DEBUG main            d.u.i.k.p.i.AbstractProblemLoader Init config took 2.81s 
63119      INFO  main            d.u.i.k.p.i.AbstractProblemLoader Replaying proof compound_unaryMinus.key 
63120      DEBUG main            d.u.i.k.p.i.IntermediateProofReplayer Proof replay took 7.6ns 
63224      INFO  main            d.u.i.k.p.r.p.TestFile    ... finished proof: closed. 
63446      INFO  main            d.u.i.k.p.i.AbstractProblemLoader Loading environment from /home/runner/work/key/key/key.core/../key.ui/examples/standard_key/arith/compound_unaryMinus.key.proof 
63446      DEBUG main            d.u.i.k.p.i.AbstractProblemLoader Environment load took 137.51ns 
63447      INFO  main            d.u.i.k.p.i.AbstractProblemLoader Creating init config 
66196      DEBUG main            d.u.i.k.p.i.AbstractProblemLoader Init config took 2.75s 
66216      INFO  main            d.u.i.k.p.i.AbstractProblemLoader Replaying proof compound_unaryMinus.key.proof 
66224      DEBUG main            d.u.i.k.p.i.IntermediateProofReplayer Proof replay took 6.61ms 
66225      DEBUG main            d.u.i.k.p.r.p.TestFile    ... success: reloaded. 
66226      INFO  main            d.u.i.k.p.r.p.TestFile    Now processing file /home/runner/work/key/key/key.core/../key.ui/examples/standard_key/arith/computation.key 
66226      INFO  main            d.u.i.k.p.i.AbstractProblemLoader Loading environment from /home/runner/work/key/key/key.core/../key.ui/examples/standard_key/arith/computation.key 
66226      DEBUG main            d.u.i.k.p.i.AbstractProblemLoader Environment load took 96.11ns 
66227      INFO  main            d.u.i.k.p.i.AbstractProblemLoader Creating init config 
69009      DEBUG main            d.u.i.k.p.i.AbstractProblemLoader Init config took 2.78s 
69029      INFO  main            d.u.i.k.p.i.AbstractProblemLoader Replaying proof computation.key 
69031      DEBUG main            d.u.i.k.p.i.IntermediateProofReplayer Proof replay took 6.4ns 
70550      INFO  main            d.u.i.k.p.r.p.TestFile    ... finished proof: closed. 
70805      INFO  main            d.u.i.k.p.i.AbstractProblemLoader Loading environment from /home/runner/work/key/key/key.core/../key.ui/examples/standard_key/arith/computation.key.proof 
70806      DEBUG main            d.u.i.k.p.i.AbstractProblemLoader Environment load took 517.22ns 
70808      INFO  main            d.u.i.k.p.i.AbstractProblemLoader Creating init config 
73630      DEBUG main            d.u.i.k.p.i.AbstractProblemLoader Init config took 2.82s 
73652      INFO  main            d.u.i.k.p.i.AbstractProblemLoader Replaying proof computation.key.proof 
73734      DEBUG main            d.u.i.k.p.i.IntermediateProofReplayer Proof replay took 69.4ms 
73735      DEBUG main            d.u.i.k.p.r.p.TestFile    ... success: reloaded. 
73737      INFO  main            d.u.i.k.p.r.p.TestFile    Now processing file /home/runner/work/key/key/key.core/../key.ui/examples/standard_key/arith/cubicSum.key 
73737      INFO  main            d.u.i.k.p.i.AbstractProblemLoader Loading environment from /home/runner/work/key/key/key.core/../key.ui/examples/standard_key/arith/cubicSum.key 
73737      DEBUG main            d.u.i.k.p.i.AbstractProblemLoader Environment load took 271.01ns 
73741      INFO  main            d.u.i.k.p.i.AbstractProblemLoader Creating init config 
76658      DEBUG main            d.u.i.k.p.i.AbstractProblemLoader Init config took 2.92s 
76682      INFO  main            d.u.i.k.p.i.AbstractProblemLoader Replaying proof cubicSum.key 
76685      DEBUG main            d.u.i.k.p.i.IntermediateProofReplayer Proof replay took 7.1ns 
77717      INFO  main            d.u.i.k.p.r.p.TestFile    ... finished proof: closed. 
78001      INFO  main            d.u.i.k.p.i.AbstractProblemLoader Loading environment from /home/runner/work/key/key/key.core/../key.ui/examples/standard_key/arith/cubicSum.key.proof 
78002      DEBUG main            d.u.i.k.p.i.AbstractProblemLoader Environment load took 492.03ns 
78003      INFO  main            d.u.i.k.p.i.AbstractProblemLoader Creating init config 
80884      DEBUG main            d.u.i.k.p.i.AbstractProblemLoader Init config took 2.88s 
80902      INFO  main            d.u.i.k.p.i.AbstractProblemLoader Replaying proof cubicSum.key.proof 
81005      DEBUG main            d.u.i.k.p.i.IntermediateProofReplayer Proof replay took 99.03ms 
81006      DEBUG main            d.u.i.k.p.r.p.TestFile    ... success: reloaded. 
81007      INFO  main            d.u.i.k.p.r.p.TestFile    Now processing file /home/runner/work/key/key/key.core/../key.ui/examples/standard_key/arith/divByZero.key 
81008      INFO  main            d.u.i.k.p.i.AbstractProblemLoader Loading environment from /home/runner/work/key/key/key.core/../key.ui/examples/standard_key/arith/divByZero.key 
81008      DEBUG main            d.u.i.k.p.i.AbstractProblemLoader Environment load took 108.91ns 
81009      INFO  main            d.u.i.k.p.i.AbstractProblemLoader Creating init config 
83754      DEBUG main            d.u.i.k.p.i.AbstractProblemLoader Init config took 2.75s 
83772      INFO  main            d.u.i.k.p.i.AbstractProblemLoader Replaying proof divByZero.key 
83780      DEBUG main            d.u.i.k.p.i.IntermediateProofReplayer Proof replay took 7.5ns 
83983      INFO  main            d.u.i.k.p.r.p.TestFile    ... finished proof: closed. 
84290      INFO  main            d.u.i.k.p.i.AbstractProblemLoader Loading environment from /home/runner/work/key/key/key.core/../key.ui/examples/standard_key/arith/divByZero.key.proof 
84290      DEBUG main            d.u.i.k.p.i.AbstractProblemLoader Environment load took 128.31ns 
84292      INFO  main            d.u.i.k.p.i.AbstractProblemLoader Creating init config 
87126      DEBUG main            d.u.i.k.p.i.AbstractProblemLoader Init config took 2.83s 
87143      INFO  main            d.u.i.k.p.i.AbstractProblemLoader Replaying proof divByZero.key.proof 
87174      DEBUG main            d.u.i.k.p.i.IntermediateProofReplayer Proof replay took 28.11ms 
87175      DEBUG main            d.u.i.k.p.r.p.TestFile    ... success: reloaded. 
87176      INFO  main            d.u.i.k.p.r.p.TestFile    Now processing file /home/runner/work/key/key/key.core/../key.ui/examples/standard_key/arith/divisionAssoc.key 
87177      INFO  main            d.u.i.k.p.i.AbstractProblemLoader Loading environment from /home/runner/work/key/key/key.core/../key.ui/examples/standard_key/arith/divisionAssoc.key 
87177      DEBUG main            d.u.i.k.p.i.AbstractProblemLoader Environment load took 234.31ns 
87178      INFO  main            d.u.i.k.p.i.AbstractProblemLoader Creating init config 
89995      DEBUG main            d.u.i.k.p.i.AbstractProblemLoader Init config took 2.82s 
90011      INFO  main            d.u.i.k.p.i.AbstractProblemLoader Replaying proof divisionAssoc.key 
90013      DEBUG main            d.u.i.k.p.i.IntermediateProofReplayer Proof replay took 23.9ns 
90818      INFO  main            d.u.i.k.p.r.p.TestFile    ... finished proof: closed. 
91058      INFO  main            d.u.i.k.p.i.AbstractProblemLoader Loading environment from /home/runner/work/key/key/key.core/../key.ui/examples/standard_key/arith/divisionAssoc.key.proof 
91058      DEBUG main            d.u.i.k.p.i.AbstractProblemLoader Environment load took 502.93ns 
91060      INFO  main            d.u.i.k.p.i.AbstractProblemLoader Creating init config 
93756      DEBUG main            d.u.i.k.p.i.AbstractProblemLoader Init config took 2.7s 
93772      INFO  main            d.u.i.k.p.i.AbstractProblemLoader Replaying proof divisionAssoc.key.proof 
93816      DEBUG main            d.u.i.k.p.i.IntermediateProofReplayer Proof replay took 38.59ms 
93818      DEBUG main            d.u.i.k.p.r.p.TestFile    ... success: reloaded. 
93819      INFO  main            d.u.i.k.p.r.p.TestFile    Now processing file /home/runner/work/key/key/key.core/../key.ui/examples/standard_key/arith/divisionBy2.key 
93819      INFO  main            d.u.i.k.p.i.AbstractProblemLoader Loading environment from /home/runner/work/key/key/key.core/../key.ui/examples/standard_key/arith/divisionBy2.key 
93820      DEBUG main            d.u.i.k.p.i.AbstractProblemLoader Environment load took 232.51ns 
93821      INFO  main            d.u.i.k.p.i.AbstractProblemLoader Creating init config 
96546      DEBUG main            d.u.i.k.p.i.AbstractProblemLoader Init config took 2.72s 
96561      INFO  main            d.u.i.k.p.i.AbstractProblemLoader Replaying proof divisionBy2.key 
96562      DEBUG main            d.u.i.k.p.i.IntermediateProofReplayer Proof replay took 6.4ns 
96665      INFO  main            d.u.i.k.p.r.p.TestFile    ... finished proof: closed. 
96906      INFO  main            d.u.i.k.p.i.AbstractProblemLoader Loading environment from /home/runner/work/key/key/key.core/../key.ui/examples/standard_key/arith/divisionBy2.key.proof 
96906      DEBUG main            d.u.i.k.p.i.AbstractProblemLoader Environment load took 132.51ns 
96908      INFO  main            d.u.i.k.p.i.AbstractProblemLoader Creating init config 
99560      DEBUG main            d.u.i.k.p.i.AbstractProblemLoader Init config took 2.65s 
99576      INFO  main            d.u.i.k.p.i.AbstractProblemLoader Replaying proof divisionBy2.key.proof 
99582      DEBUG main            d.u.i.k.p.i.IntermediateProofReplayer Proof replay took 3.58ms 
99583      DEBUG main            d.u.i.k.p.r.p.TestFile    ... success: reloaded. 
99584      INFO  main            d.u.i.k.p.r.p.TestFile    Now processing file /home/runner/work/key/key/key.core/../key.ui/examples/standard_key/arith/euclidean/gcdHelp-post.key 
99584      INFO  main            d.u.i.k.p.i.AbstractProblemLoader Loading environment from /home/runner/work/key/key/key.core/../key.ui/examples/standard_key/arith/euclidean/gcdHelp-post.key 
99585      DEBUG main            d.u.i.k.p.i.AbstractProblemLoader Environment load took 247.31ns 
99586      INFO  main            d.u.i.k.p.i.AbstractProblemLoader Creating init config 
102583     DEBUG main            d.u.i.k.p.i.AbstractProblemLoader Init config took 3s 
102600     INFO  main            d.u.i.k.p.i.AbstractProblemLoader Replaying proof gcdHelp-post.key 
102602     DEBUG main            d.u.i.k.p.i.IntermediateProofReplayer Proof replay took 8.2ns 
106116     INFO  main            d.u.i.k.p.r.p.TestFile    ... finished proof: closed. 
106361     INFO  main            d.u.i.k.p.i.AbstractProblemLoader Loading environment from /home/runner/work/key/key/key.core/../key.ui/examples/standard_key/arith/euclidean/gcdHelp-post.key.proof 
106362     DEBUG main            d.u.i.k.p.i.AbstractProblemLoader Environment load took 452.92ns 
106364     INFO  main            d.u.i.k.p.i.AbstractProblemLoader Creating init config 
109122     DEBUG main            d.u.i.k.p.i.AbstractProblemLoader Init config took 2.76s 
109139     INFO  main            d.u.i.k.p.i.AbstractProblemLoader Replaying proof gcdHelp-post.key.proof 
109287     DEBUG main            d.u.i.k.p.i.IntermediateProofReplayer Proof replay took 139.21ms 
109289     DEBUG main            d.u.i.k.p.r.p.TestFile    ... success: reloaded. 
109291     INFO  main            d.u.i.k.p.r.p.TestFile    Now processing file /home/runner/work/key/key/key.core/../key.ui/examples/standard_key/arith/gemplusDecimal/add.key 
109291     INFO  main            d.u.i.k.p.i.AbstractProblemLoader Loading environment from /home/runner/work/key/key/key.core/../key.ui/examples/standard_key/arith/gemplusDecimal/add.key 
109291     DEBUG main            d.u.i.k.p.i.AbstractProblemLoader Environment load took 273.72ns 
109294     INFO  main            d.u.i.k.p.i.AbstractProblemLoader Creating init config 
112165     DEBUG main            d.u.i.k.p.i.AbstractProblemLoader Init config took 2.87s 
112183     INFO  main            d.u.i.k.p.i.AbstractProblemLoader Replaying proof add.key 
112185     DEBUG main            d.u.i.k.p.i.IntermediateProofReplayer Proof replay took 7.1ns 
157409     INFO  main            d.u.i.k.p.r.p.TestFile    ... finished proof: closed. 
157824     INFO  main            d.u.i.k.p.i.AbstractProblemLoader Loading environment from /home/runner/work/key/key/key.core/../key.ui/examples/standard_key/arith/gemplusDecimal/add.key.proof 
157824     DEBUG main            d.u.i.k.p.i.AbstractProblemLoader Environment load took 574.33ns 
157837     INFO  main            d.u.i.k.p.i.AbstractProblemLoader Creating init config 
160635     DEBUG main            d.u.i.k.p.i.AbstractProblemLoader Init config took 2.8s 
160653     INFO  main            d.u.i.k.p.i.AbstractProblemLoader Replaying proof add.key.proof 
162896     DEBUG main            d.u.i.k.p.i.IntermediateProofReplayer Proof replay took 2.11s 
162906     DEBUG main            d.u.i.k.p.r.p.TestFile    ... success: reloaded. 
162907     INFO  main            d.u.i.k.p.r.p.TestFile    Now processing file /home/runner/work/key/key/key.core/../key.ui/examples/standard_key/arith/jdivevenodd.key 
162908     INFO  main            d.u.i.k.p.i.AbstractProblemLoader Loading environment from /home/runner/work/key/key/key.core/../key.ui/examples/standard_key/arith/jdivevenodd.key 
162908     DEBUG main            d.u.i.k.p.i.AbstractProblemLoader Environment load took 116.11ns 
162909     INFO  main            d.u.i.k.p.i.AbstractProblemLoader Creating init config 
165672     DEBUG main            d.u.i.k.p.i.AbstractProblemLoader Init config took 2.76s 
165687     INFO  main            d.u.i.k.p.i.AbstractProblemLoader Replaying proof jdivevenodd.key 
165688     DEBUG main            d.u.i.k.p.i.IntermediateProofReplayer Proof replay took 7.2ns 
165894     INFO  main            d.u.i.k.p.r.p.TestFile    ... finished proof: closed. 
166302     INFO  main            d.u.i.k.p.i.AbstractProblemLoader Loading environment from /home/runner/work/key/key/key.core/../key.ui/examples/standard_key/arith/jdivevenodd.key.proof 
166302     DEBUG main            d.u.i.k.p.i.AbstractProblemLoader Environment load took 132.81ns 
166304     INFO  main            d.u.i.k.p.i.AbstractProblemLoader Creating init config 
168919     DEBUG main            d.u.i.k.p.i.AbstractProblemLoader Init config took 2.62s 
168935     INFO  main            d.u.i.k.p.i.AbstractProblemLoader Replaying proof jdivevenodd.key.proof 
168945     DEBUG main            d.u.i.k.p.i.IntermediateProofReplayer Proof replay took 7.69ms 
168946     DEBUG main            d.u.i.k.p.r.p.TestFile    ... success: reloaded. 
168947     INFO  main            d.u.i.k.p.r.p.TestFile    Now processing file /home/runner/work/key/key/key.core/../key.ui/examples/standard_key/arith/median.key 
168948     INFO  main            d.u.i.k.p.i.AbstractProblemLoader Loading environment from /home/runner/work/key/key/key.core/../key.ui/examples/standard_key/arith/median.key 
168948     DEBUG main            d.u.i.k.p.i.AbstractProblemLoader Environment load took 232.81ns 
168949     INFO  main            d.u.i.k.p.i.AbstractProblemLoader Creating init config 
171637     DEBUG main            d.u.i.k.p.i.AbstractProblemLoader Init config took 2.69s 
171653     INFO  main            d.u.i.k.p.i.AbstractProblemLoader Replaying proof median.key 
171655     DEBUG main            d.u.i.k.p.i.IntermediateProofReplayer Proof replay took 5.3ns 
187074     INFO  main            d.u.i.k.p.r.p.TestFile    ... finished proof: closed. 
187416     INFO  main            d.u.i.k.p.i.AbstractProblemLoader Loading environment from /home/runner/work/key/key/key.core/../key.ui/examples/standard_key/arith/median.key.proof 
187416     DEBUG main            d.u.i.k.p.i.AbstractProblemLoader Environment load took 514.83ns 
187420     INFO  main            d.u.i.k.p.i.AbstractProblemLoader Creating init config 
190104     DEBUG main            d.u.i.k.p.i.AbstractProblemLoader Init config took 2.68s 
190134     INFO  main            d.u.i.k.p.i.AbstractProblemLoader Replaying proof median.key.proof 
190703     DEBUG main            d.u.i.k.p.i.IntermediateProofReplayer Proof replay took 511.85ms 
190708     DEBUG main            d.u.i.k.p.r.p.TestFile    ... success: reloaded. 
190710     INFO  main            d.u.i.k.p.r.p.TestFile    Now processing file /home/runner/work/key/key/key.core/../key.ui/examples/standard_key/arith/mod1.key 
190710     INFO  main            d.u.i.k.p.i.AbstractProblemLoader Loading environment from /home/runner/work/key/key/key.core/../key.ui/examples/standard_key/arith/mod1.key 
190710     DEBUG main            d.u.i.k.p.i.AbstractProblemLoader Environment load took 240.33ns 
190711     INFO  main            d.u.i.k.p.i.AbstractProblemLoader Creating init config 
193522     DEBUG main            d.u.i.k.p.i.AbstractProblemLoader Init config took 2.81s 
193537     INFO  main            d.u.i.k.p.i.AbstractProblemLoader Replaying proof mod1.key 
193538     DEBUG main            d.u.i.k.p.i.IntermediateProofReplayer Proof replay took 4.9ns 
193641     INFO  main            d.u.i.k.p.r.p.TestFile    ... finished proof: closed. 
193982     INFO  main            d.u.i.k.p.i.AbstractProblemLoader Loading environment from /home/runner/work/key/key/key.core/../key.ui/examples/standard_key/arith/mod1.key.proof 
193982     DEBUG main            d.u.i.k.p.i.AbstractProblemLoader Environment load took 120.61ns 
193983     INFO  main            d.u.i.k.p.i.AbstractProblemLoader Creating init config 
196636     DEBUG main            d.u.i.k.p.i.AbstractProblemLoader Init config took 2.65s 
196658     INFO  main            d.u.i.k.p.i.AbstractProblemLoader Replaying proof mod1.key.proof 
196661     DEBUG main            d.u.i.k.p.i.IntermediateProofReplayer Proof replay took 1.62ms 
196662     DEBUG main            d.u.i.k.p.r.p.TestFile    ... success: reloaded. 
196663     INFO  main            d.u.i.k.p.r.p.TestFile    Now processing file /home/runner/work/key/key/key.core/../key.ui/examples/standard_key/arith/mod2.key 
196664     INFO  main            d.u.i.k.p.i.AbstractProblemLoader Loading environment from /home/runner/work/key/key/key.core/../key.ui/examples/standard_key/arith/mod2.key 
196664     DEBUG main            d.u.i.k.p.i.AbstractProblemLoader Environment load took 268.21ns 
196665     INFO  main            d.u.i.k.p.i.AbstractProblemLoader Creating init config 
199361     DEBUG main            d.u.i.k.p.i.AbstractProblemLoader Init config took 2.7s 
199375     INFO  main            d.u.i.k.p.i.AbstractProblemLoader Replaying proof mod2.key 
199377     DEBUG main            d.u.i.k.p.i.IntermediateProofReplayer Proof replay took 6.9ns 
199481     INFO  main            d.u.i.k.p.r.p.TestFile    ... finished proof: closed. 
199737     INFO  main            d.u.i.k.p.i.AbstractProblemLoader Loading environment from /home/runner/work/key/key/key.core/../key.ui/examples/standard_key/arith/mod2.key.proof 
199737     DEBUG main            d.u.i.k.p.i.AbstractProblemLoader Environment load took 122.52ns 
199738     INFO  main            d.u.i.k.p.i.AbstractProblemLoader Creating init config 
202335     DEBUG main            d.u.i.k.p.i.AbstractProblemLoader Init config took 2.6s 
202349     INFO  main            d.u.i.k.p.i.AbstractProblemLoader Replaying proof mod2.key.proof 
202352     DEBUG main            d.u.i.k.p.i.IntermediateProofReplayer Proof replay took 1.14ms 
202353     DEBUG main            d.u.i.k.p.r.p.TestFile    ... success: reloaded. 
202354     INFO  main            d.u.i.k.p.r.p.TestFile    Now processing file /home/runner/work/key/key/key.core/../key.ui/examples/standard_key/arith/mod7.key 
202354     INFO  main            d.u.i.k.p.i.AbstractProblemLoader Loading environment from /home/runner/work/key/key/key.core/../key.ui/examples/standard_key/arith/mod7.key 
202354     DEBUG main            d.u.i.k.p.i.AbstractProblemLoader Environment load took 91.61ns 
202355     INFO  main            d.u.i.k.p.i.AbstractProblemLoader Creating init config 
205097     DEBUG main            d.u.i.k.p.i.AbstractProblemLoader Init config took 2.74s 
205112     INFO  main            d.u.i.k.p.i.AbstractProblemLoader Replaying proof mod7.key 
205113     DEBUG main            d.u.i.k.p.i.IntermediateProofReplayer Proof replay took 6.7ns 
205217     INFO  main            d.u.i.k.p.r.p.TestFile    ... finished proof: closed. 
205478     INFO  main            d.u.i.k.p.i.AbstractProblemLoader Loading environment from /home/runner/work/key/key/key.core/../key.ui/examples/standard_key/arith/mod7.key.proof 
205478     DEBUG main            d.u.i.k.p.i.AbstractProblemLoader Environment load took 117.31ns 
205479     INFO  main            d.u.i.k.p.i.AbstractProblemLoader Creating init config 
208132     DEBUG main            d.u.i.k.p.i.AbstractProblemLoader Init config took 2.65s 
208146     INFO  main            d.u.i.k.p.i.AbstractProblemLoader Replaying proof mod7.key.proof 
208151     DEBUG main            d.u.i.k.p.i.IntermediateProofReplayer Proof replay took 3.09ms 
208152     DEBUG main            d.u.i.k.p.r.p.TestFile    ... success: reloaded. 
208153     INFO  main            d.u.i.k.p.r.p.TestFile    Now processing file /home/runner/work/key/key/key.core/../key.ui/examples/standard_key/arith/overflow_hija.key 
208153     INFO  main            d.u.i.k.p.i.AbstractProblemLoader Loading environment from /home/runner/work/key/key/key.core/../key.ui/examples/standard_key/arith/overflow_hija.key 
208153     DEBUG main            d.u.i.k.p.i.AbstractProblemLoader Environment load took 87.41ns 
208155     INFO  main            d.u.i.k.p.i.AbstractProblemLoader Creating init config 
210870     DEBUG main            d.u.i.k.p.i.AbstractProblemLoader Init config took 2.72s 
210889     INFO  main            d.u.i.k.p.i.AbstractProblemLoader Replaying proof overflow_hija.key 
210891     DEBUG main            d.u.i.k.p.i.IntermediateProofReplayer Proof replay took 21.7ns 
215869     INFO  main            d.u.i.k.p.r.p.TestFile    ... finished proof: closed. 
216194     INFO  main            d.u.i.k.p.i.AbstractProblemLoader Loading environment from /home/runner/work/key/key/key.core/../key.ui/examples/standard_key/arith/overflow_hija.key.proof 
216195     DEBUG main            d.u.i.k.p.i.AbstractProblemLoader Environment load took 426.43ns 
216197     INFO  main            d.u.i.k.p.i.AbstractProblemLoader Creating init config 
218892     DEBUG main            d.u.i.k.p.i.AbstractProblemLoader Init config took 2.7s 
218911     INFO  main            d.u.i.k.p.i.AbstractProblemLoader Replaying proof overflow_hija.key.proof 
219071     DEBUG main            d.u.i.k.p.i.IntermediateProofReplayer Proof replay took 148.96ms 
219074     DEBUG main            d.u.i.k.p.r.p.TestFile    ... success: reloaded. 
219075     INFO  main            d.u.i.k.p.r.p.TestFile    Now processing file /home/runner/work/key/key/key.core/../key.ui/examples/standard_key/arith/poly_division0.key 
219075     INFO  main            d.u.i.k.p.i.AbstractProblemLoader Loading environment from /home/runner/work/key/key/key.core/../key.ui/examples/standard_key/arith/poly_division0.key 
219076     DEBUG main            d.u.i.k.p.i.AbstractProblemLoader Environment load took 221.82ns 
219077     INFO  main            d.u.i.k.p.i.AbstractProblemLoader Creating init config 
221768     DEBUG main            d.u.i.k.p.i.AbstractProblemLoader Init config took 2.69s 
221782     INFO  main            d.u.i.k.p.i.AbstractProblemLoader Replaying proof poly_division0.key 
221784     DEBUG main            d.u.i.k.p.i.IntermediateProofReplayer Proof replay took 6.3ns 
221890     INFO  main            d.u.i.k.p.r.p.TestFile    ... finished proof: closed. 
222238     INFO  main            d.u.i.k.p.i.AbstractProblemLoader Loading environment from /home/runner/work/key/key/key.core/../key.ui/examples/standard_key/arith/poly_division0.key.proof 
222239     DEBUG main            d.u.i.k.p.i.AbstractProblemLoader Environment load took 115.11ns 
222240     INFO  main            d.u.i.k.p.i.AbstractProblemLoader Creating init config 
224875     DEBUG main            d.u.i.k.p.i.AbstractProblemLoader Init config took 2.64s 
224890     INFO  main            d.u.i.k.p.i.AbstractProblemLoader Replaying proof poly_division0.key.proof 
224896     DEBUG main            d.u.i.k.p.i.IntermediateProofReplayer Proof replay took 3.82ms 
224897     DEBUG main            d.u.i.k.p.r.p.TestFile    ... success: reloaded. 
224898     INFO  main            d.u.i.k.p.r.p.TestFile    Now processing file /home/runner/work/key/key/key.core/../key.ui/examples/standard_key/arith/poly_division1.key 
224898     INFO  main            d.u.i.k.p.i.AbstractProblemLoader Loading environment from /home/runner/work/key/key/key.core/../key.ui/examples/standard_key/arith/poly_division1.key 
224898     DEBUG main            d.u.i.k.p.i.AbstractProblemLoader Environment load took 100.11ns 
224899     INFO  main            d.u.i.k.p.i.AbstractProblemLoader Creating init config 
227597     DEBUG main            d.u.i.k.p.i.AbstractProblemLoader Init config took 2.7s 
227611     INFO  main            d.u.i.k.p.i.AbstractProblemLoader Replaying proof poly_division1.key 
227612     DEBUG main            d.u.i.k.p.i.IntermediateProofReplayer Proof replay took 6.4ns 
227714     INFO  main            d.u.i.k.p.r.p.TestFile    ... finished proof: closed. 
228006     INFO  main            d.u.i.k.p.i.AbstractProblemLoader Loading environment from /home/runner/work/key/key/key.core/../key.ui/examples/standard_key/arith/poly_division1.key.proof 
228006     DEBUG main            d.u.i.k.p.i.AbstractProblemLoader Environment load took 151.21ns 
228008     INFO  main            d.u.i.k.p.i.AbstractProblemLoader Creating init config 
230679     DEBUG main            d.u.i.k.p.i.AbstractProblemLoader Init config took 2.67s 
230693     INFO  main            d.u.i.k.p.i.AbstractProblemLoader Replaying proof poly_division1.key.proof 
230698     DEBUG main            d.u.i.k.p.i.IntermediateProofReplayer Proof replay took 3.24ms 
230699     DEBUG main            d.u.i.k.p.r.p.TestFile    ... success: reloaded. 
230699     INFO  main            d.u.i.k.p.r.p.TestFile    Now processing file /home/runner/work/key/key/key.core/../key.ui/examples/standard_key/inEqSimp/division.key 
230699     INFO  main            d.u.i.k.p.i.AbstractProblemLoader Loading environment from /home/runner/work/key/key/key.core/../key.ui/examples/standard_key/inEqSimp/division.key 
230699     DEBUG main            d.u.i.k.p.i.AbstractProblemLoader Environment load took 78.8ns 
230700     INFO  main            d.u.i.k.p.i.AbstractProblemLoader Creating init config 
233445     DEBUG main            d.u.i.k.p.i.AbstractProblemLoader Init config took 2.74s 
233460     INFO  main            d.u.i.k.p.i.AbstractProblemLoader Replaying proof division.key 
233462     DEBUG main            d.u.i.k.p.i.IntermediateProofReplayer Proof replay took 6.6ns 
235677     INFO  main            d.u.i.k.p.r.p.TestFile    ... finished proof: closed. 
235994     INFO  main            d.u.i.k.p.i.AbstractProblemLoader Loading environment from /home/runner/work/key/key/key.core/../key.ui/examples/standard_key/inEqSimp/division.key.proof 
235995     DEBUG main            d.u.i.k.p.i.AbstractProblemLoader Environment load took 452.03ns 
235996     INFO  main            d.u.i.k.p.i.AbstractProblemLoader Creating init config 
238662     DEBUG main            d.u.i.k.p.i.AbstractProblemLoader Init config took 2.67s 
238677     INFO  main            d.u.i.k.p.i.AbstractProblemLoader Replaying proof division.key.proof 
238741     DEBUG main            d.u.i.k.p.i.IntermediateProofReplayer Proof replay took 55.3ms 
238743     DEBUG main            d.u.i.k.p.r.p.TestFile    ... success: reloaded. 
238744     INFO  main            d.u.i.k.p.r.p.TestFile    Now processing file /home/runner/work/key/key/key.core/../key.ui/examples/standard_key/inEqSimp/inequations0.key 
238744     INFO  main            d.u.i.k.p.i.AbstractProblemLoader Loading environment from /home/runner/work/key/key/key.core/../key.ui/examples/standard_key/inEqSimp/inequations0.key 
238744     DEBUG main            d.u.i.k.p.i.AbstractProblemLoader Environment load took 223.22ns 
238746     INFO  main            d.u.i.k.p.i.AbstractProblemLoader Creating init config 
241515     DEBUG main            d.u.i.k.p.i.AbstractProblemLoader Init config took 2.77s 
241529     INFO  main            d.u.i.k.p.i.AbstractProblemLoader Replaying proof inequations0.key 
241530     DEBUG main            d.u.i.k.p.i.IntermediateProofReplayer Proof replay took 56.2ns 
241633     INFO  main            d.u.i.k.p.r.p.TestFile    ... finished proof: closed. 
241968     INFO  main            d.u.i.k.p.i.AbstractProblemLoader Loading environment from /home/runner/work/key/key/key.core/../key.ui/examples/standard_key/inEqSimp/inequations0.key.proof 
241968     DEBUG main            d.u.i.k.p.i.AbstractProblemLoader Environment load took 117.31ns 
241969     INFO  main            d.u.i.k.p.i.AbstractProblemLoader Creating init config 
244664     DEBUG main            d.u.i.k.p.i.AbstractProblemLoader Init config took 2.69s 
244680     INFO  main            d.u.i.k.p.i.AbstractProblemLoader Replaying proof inequations0.key.proof 
244683     DEBUG main            d.u.i.k.p.i.IntermediateProofReplayer Proof replay took 1.71ms 
244685     DEBUG main            d.u.i.k.p.r.p.TestFile    ... success: reloaded. 
244687     INFO  main            d.u.i.k.p.r.p.TestFile    Now processing file /home/runner/work/key/key/key.core/../key.ui/examples/standard_key/inEqSimp/inequations1.key 
244688     INFO  main            d.u.i.k.p.i.AbstractProblemLoader Loading environment from /home/runner/work/key/key/key.core/../key.ui/examples/standard_key/inEqSimp/inequations1.key 
244693     DEBUG main            d.u.i.k.p.i.AbstractProblemLoader Environment load took 5.17ms 
244695     INFO  main            d.u.i.k.p.i.AbstractProblemLoader Creating init config 
247424     DEBUG main            d.u.i.k.p.i.AbstractProblemLoader Init config took 2.73s 
247439     INFO  main            d.u.i.k.p.i.AbstractProblemLoader Replaying proof inequations1.key 
247440     DEBUG main            d.u.i.k.p.i.IntermediateProofReplayer Proof replay took 2.8ns 
247543     INFO  main            d.u.i.k.p.r.p.TestFile    ... finished proof: closed. 
247843     INFO  main            d.u.i.k.p.i.AbstractProblemLoader Loading environment from /home/runner/work/key/key/key.core/../key.ui/examples/standard_key/inEqSimp/inequations1.key.proof 
247843     DEBUG main            d.u.i.k.p.i.AbstractProblemLoader Environment load took 93.11ns 
247844     INFO  main            d.u.i.k.p.i.AbstractProblemLoader Creating init config 
250513     DEBUG main            d.u.i.k.p.i.AbstractProblemLoader Init config took 2.67s 
250528     INFO  main            d.u.i.k.p.i.AbstractProblemLoader Replaying proof inequations1.key.proof 
250530     DEBUG main            d.u.i.k.p.i.IntermediateProofReplayer Proof replay took 952.16ns 
250531     DEBUG main            d.u.i.k.p.r.p.TestFile    ... success: reloaded. 
250532     INFO  main            d.u.i.k.p.r.p.TestFile    Now processing file /home/runner/work/key/key/key.core/../key.ui/examples/standard_key/inEqSimp/inequations2.key 
250532     INFO  main            d.u.i.k.p.i.AbstractProblemLoader Loading environment from /home/runner/work/key/key/key.core/../key.ui/examples/standard_key/inEqSimp/inequations2.key 
250532     DEBUG main            d.u.i.k.p.i.AbstractProblemLoader Environment load took 78.31ns 
250533     INFO  main            d.u.i.k.p.i.AbstractProblemLoader Creating init config 
253237     DEBUG main            d.u.i.k.p.i.AbstractProblemLoader Init config took 2.7s 
253251     INFO  main            d.u.i.k.p.i.AbstractProblemLoader Replaying proof inequations2.key 
253252     DEBUG main            d.u.i.k.p.i.IntermediateProofReplayer Proof replay took 3ns 
253354     INFO  main            d.u.i.k.p.r.p.TestFile    ... finished proof: closed. 
253669     INFO  main            d.u.i.k.p.i.AbstractProblemLoader Loading environment from /home/runner/work/key/key/key.core/../key.ui/examples/standard_key/inEqSimp/inequations2.key.proof 
253669     DEBUG main            d.u.i.k.p.i.AbstractProblemLoader Environment load took 96.11ns 
253670     INFO  main            d.u.i.k.p.i.AbstractProblemLoader Creating init config 
256323     DEBUG main            d.u.i.k.p.i.AbstractProblemLoader Init config took 2.65s 
256337     INFO  main            d.u.i.k.p.i.AbstractProblemLoader Replaying proof inequations2.key.proof 
256340     DEBUG main            d.u.i.k.p.i.IntermediateProofReplayer Proof replay took 1.06ms 
256341     DEBUG main            d.u.i.k.p.r.p.TestFile    ... success: reloaded. 
256342     INFO  main            d.u.i.k.p.r.p.TestFile    Now processing file /home/runner/work/key/key/key.core/../key.ui/examples/standard_key/inEqSimp/linApprox.key 
256342     INFO  main            d.u.i.k.p.i.AbstractProblemLoader Loading environment from /home/runner/work/key/key/key.core/../key.ui/examples/standard_key/inEqSimp/linApprox.key 
256342     DEBUG main            d.u.i.k.p.i.AbstractProblemLoader Environment load took 182.31ns 
256343     INFO  main            d.u.i.k.p.i.AbstractProblemLoader Creating init config 
259040     DEBUG main            d.u.i.k.p.i.AbstractProblemLoader Init config took 2.7s 
259054     INFO  main            d.u.i.k.p.i.AbstractProblemLoader Replaying proof linApprox.key 
259055     DEBUG main            d.u.i.k.p.i.IntermediateProofReplayer Proof replay took 3.3ns 
259157     INFO  main            d.u.i.k.p.r.p.TestFile    ... finished proof: closed. 
259465     INFO  main            d.u.i.k.p.i.AbstractProblemLoader Loading environment from /home/runner/work/key/key/key.core/../key.ui/examples/standard_key/inEqSimp/linApprox.key.proof 
259465     DEBUG main            d.u.i.k.p.i.AbstractProblemLoader Environment load took 101.41ns 
259466     INFO  main            d.u.i.k.p.i.AbstractProblemLoader Creating init config 
262080     DEBUG main            d.u.i.k.p.i.AbstractProblemLoader Init config took 2.61s 
262094     INFO  main            d.u.i.k.p.i.AbstractProblemLoader Replaying proof linApprox.key.proof 
262097     DEBUG main            d.u.i.k.p.i.IntermediateProofReplayer Proof replay took 1.26ms 
262097     DEBUG main            d.u.i.k.p.r.p.TestFile    ... success: reloaded. 
262098     INFO  main            d.u.i.k.p.r.p.TestFile    Now processing file /home/runner/work/key/key/key.core/../key.ui/examples/standard_key/inEqSimp/nonLinInEqExample0.key 
262098     INFO  main            d.u.i.k.p.i.AbstractProblemLoader Loading environment from /home/runner/work/key/key/key.core/../key.ui/examples/standard_key/inEqSimp/nonLinInEqExample0.key 
262099     DEBUG main            d.u.i.k.p.i.AbstractProblemLoader Environment load took 85.81ns 
262100     INFO  main            d.u.i.k.p.i.AbstractProblemLoader Creating init config 
264725     DEBUG main            d.u.i.k.p.i.AbstractProblemLoader Init config took 2.63s 
264739     INFO  main            d.u.i.k.p.i.AbstractProblemLoader Replaying proof nonLinInEqExample0.key 
264740     DEBUG main            d.u.i.k.p.i.IntermediateProofReplayer Proof replay took 3.8ns 
264842     INFO  main            d.u.i.k.p.r.p.TestFile    ... finished proof: closed. 
265159     INFO  main            d.u.i.k.p.i.AbstractProblemLoader Loading environment from /home/runner/work/key/key/key.core/../key.ui/examples/standard_key/inEqSimp/nonLinInEqExample0.key.proof 
265159     DEBUG main            d.u.i.k.p.i.AbstractProblemLoader Environment load took 448.83ns 
265160     INFO  main            d.u.i.k.p.i.AbstractProblemLoader Creating init config 
267773     DEBUG main            d.u.i.k.p.i.AbstractProblemLoader Init config took 2.61s 
267788     INFO  main            d.u.i.k.p.i.AbstractProblemLoader Replaying proof nonLinInEqExample0.key.proof 
267791     DEBUG main            d.u.i.k.p.i.IntermediateProofReplayer Proof replay took 596.44ns 
267792     DEBUG main            d.u.i.k.p.r.p.TestFile    ... success: reloaded. 
267793     INFO  main            d.u.i.k.p.r.p.TestFile    Now processing file /home/runner/work/key/key/key.core/../key.ui/examples/standard_key/inEqSimp/nonLinInEqExample2.key 
267794     INFO  main            d.u.i.k.p.i.AbstractProblemLoader Loading environment from /home/runner/work/key/key/key.core/../key.ui/examples/standard_key/inEqSimp/nonLinInEqExample2.key 
267794     DEBUG main            d.u.i.k.p.i.AbstractProblemLoader Environment load took 211.21ns 
267795     INFO  main            d.u.i.k.p.i.AbstractProblemLoader Creating init config 
270492     DEBUG main            d.u.i.k.p.i.AbstractProblemLoader Init config took 2.7s 
270506     INFO  main            d.u.i.k.p.i.AbstractProblemLoader Replaying proof nonLinInEqExample2.key 
270507     DEBUG main            d.u.i.k.p.i.IntermediateProofReplayer Proof replay took 3.2ns 
270814     INFO  main            d.u.i.k.p.r.p.TestFile    ... finished proof: closed. 
271156     INFO  main            d.u.i.k.p.i.AbstractProblemLoader Loading environment from /home/runner/work/key/key/key.core/../key.ui/examples/standard_key/inEqSimp/nonLinInEqExample2.key.proof 
271157     DEBUG main            d.u.i.k.p.i.AbstractProblemLoader Environment load took 1.24ms 
271159     INFO  main            d.u.i.k.p.i.AbstractProblemLoader Creating init config 
273772     DEBUG main            d.u.i.k.p.i.AbstractProblemLoader Init config took 2.61s 
273787     INFO  main            d.u.i.k.p.i.AbstractProblemLoader Replaying proof nonLinInEqExample2.key.proof 
273812     DEBUG main            d.u.i.k.p.i.IntermediateProofReplayer Proof replay took 21.24ms 
273813     DEBUG main            d.u.i.k.p.r.p.TestFile    ... success: reloaded. 
273814     INFO  main            d.u.i.k.p.r.p.TestFile    Now processing file /home/runner/work/key/key/key.core/../key.ui/examples/standard_key/inEqSimp/nonLinInEqExample3.key 
273814     INFO  main            d.u.i.k.p.i.AbstractProblemLoader Loading environment from /home/runner/work/key/key/key.core/../key.ui/examples/standard_key/inEqSimp/nonLinInEqExample3.key 
273814     DEBUG main            d.u.i.k.p.i.AbstractProblemLoader Environment load took 87.51ns 
273815     INFO  main            d.u.i.k.p.i.AbstractProblemLoader Creating init config 
276480     DEBUG main            d.u.i.k.p.i.AbstractProblemLoader Init config took 2.66s 
276494     INFO  main            d.u.i.k.p.i.AbstractProblemLoader Replaying proof nonLinInEqExample3.key 
276496     DEBUG main            d.u.i.k.p.i.IntermediateProofReplayer Proof replay took 3.7ns 
276698     INFO  main            d.u.i.k.p.r.p.TestFile    ... finished proof: closed. 
277057     INFO  main            d.u.i.k.p.i.AbstractProblemLoader Loading environment from /home/runner/work/key/key/key.core/../key.ui/examples/standard_key/inEqSimp/nonLinInEqExample3.key.proof 
277057     DEBUG main            d.u.i.k.p.i.AbstractProblemLoader Environment load took 99.71ns 
277058     INFO  main            d.u.i.k.p.i.AbstractProblemLoader Creating init config 
279669     DEBUG main            d.u.i.k.p.i.AbstractProblemLoader Init config took 2.61s 
279684     INFO  main            d.u.i.k.p.i.AbstractProblemLoader Replaying proof nonLinInEqExample3.key.proof 
279698     DEBUG main            d.u.i.k.p.i.IntermediateProofReplayer Proof replay took 11.51ms 
279699     DEBUG main            d.u.i.k.p.r.p.TestFile    ... success: reloaded. 
279699     INFO  main            d.u.i.k.p.r.p.TestFile    Now processing file /home/runner/work/key/key/key.core/../key.ui/examples/standard_key/inEqSimp/nonLinInEqExample4.key 
279699     INFO  main            d.u.i.k.p.i.AbstractProblemLoader Loading environment from /home/runner/work/key/key/key.core/../key.ui/examples/standard_key/inEqSimp/nonLinInEqExample4.key 
279700     DEBUG main            d.u.i.k.p.i.AbstractProblemLoader Environment load took 52.8ns 
279701     INFO  main            d.u.i.k.p.i.AbstractProblemLoader Creating init config 
282429     DEBUG main            d.u.i.k.p.i.AbstractProblemLoader Init config took 2.73s 
282443     INFO  main            d.u.i.k.p.i.AbstractProblemLoader Replaying proof nonLinInEqExample4.key 
282445     DEBUG main            d.u.i.k.p.i.IntermediateProofReplayer Proof replay took 3.5ns 
282547     INFO  main            d.u.i.k.p.r.p.TestFile    ... finished proof: closed. 
282894     INFO  main            d.u.i.k.p.i.AbstractProblemLoader Loading environment from /home/runner/work/key/key/key.core/../key.ui/examples/standard_key/inEqSimp/nonLinInEqExample4.key.proof 
282894     DEBUG main            d.u.i.k.p.i.AbstractProblemLoader Environment load took 108.21ns 
282895     INFO  main            d.u.i.k.p.i.AbstractProblemLoader Creating init config 
285480     DEBUG main            d.u.i.k.p.i.AbstractProblemLoader Init config took 2.58s 
285495     INFO  main            d.u.i.k.p.i.AbstractProblemLoader Replaying proof nonLinInEqExample4.key.proof 
285508     DEBUG main            d.u.i.k.p.i.IntermediateProofReplayer Proof replay took 9.11ms 
285509     DEBUG main            d.u.i.k.p.r.p.TestFile    ... success: reloaded. 
285510     INFO  main            d.u.i.k.p.r.p.TestFile    Now processing file /home/runner/work/key/key/key.core/../key.ui/examples/standard_key/inEqSimp/quadraticInEq.key 
285510     INFO  main            d.u.i.k.p.i.AbstractProblemLoader Loading environment from /home/runner/work/key/key/key.core/../key.ui/examples/standard_key/inEqSimp/quadraticInEq.key 
285510     DEBUG main            d.u.i.k.p.i.AbstractProblemLoader Environment load took 101.01ns 
285512     INFO  main            d.u.i.k.p.i.AbstractProblemLoader Creating init config 
288214     DEBUG main            d.u.i.k.p.i.AbstractProblemLoader Init config took 2.7s 
288228     INFO  main            d.u.i.k.p.i.AbstractProblemLoader Replaying proof quadraticInEq.key 
288230     DEBUG main            d.u.i.k.p.i.IntermediateProofReplayer Proof replay took 3.4ns 
288535     INFO  main            d.u.i.k.p.r.p.TestFile    ... finished proof: closed. 
288895     INFO  main            d.u.i.k.p.i.AbstractProblemLoader Loading environment from /home/runner/work/key/key/key.core/../key.ui/examples/standard_key/inEqSimp/quadraticInEq.key.proof 
288895     DEBUG main            d.u.i.k.p.i.AbstractProblemLoader Environment load took 109.01ns 
288896     INFO  main            d.u.i.k.p.i.AbstractProblemLoader Creating init config 
291507     DEBUG main            d.u.i.k.p.i.AbstractProblemLoader Init config took 2.61s 
291522     INFO  main            d.u.i.k.p.i.AbstractProblemLoader Replaying proof quadraticInEq.key.proof 
291556     DEBUG main            d.u.i.k.p.i.IntermediateProofReplayer Proof replay took 29.16ms 
291557     DEBUG main            d.u.i.k.p.r.p.TestFile    ... success: reloaded. 
291558     INFO  main            d.u.i.k.p.r.p.TestFile    Now processing file /home/runner/work/key/key/key.core/../key.ui/examples/standard_key/inEqSimp/quadraticInEq10.key 
291558     INFO  main            d.u.i.k.p.i.AbstractProblemLoader Loading environment from /home/runner/work/key/key/key.core/../key.ui/examples/standard_key/inEqSimp/quadraticInEq10.key 
291558     DEBUG main            d.u.i.k.p.i.AbstractProblemLoader Environment load took 87.61ns 
291559     INFO  main            d.u.i.k.p.i.AbstractProblemLoader Creating init config 
294201     DEBUG main            d.u.i.k.p.i.AbstractProblemLoader Init config took 2.64s 
294216     INFO  main            d.u.i.k.p.i.AbstractProblemLoader Replaying proof quadraticInEq10.key 
294218     DEBUG main            d.u.i.k.p.i.IntermediateProofReplayer Proof replay took 4ns 
294421     INFO  main            d.u.i.k.p.r.p.TestFile    ... finished proof: closed. 
294794     INFO  main            d.u.i.k.p.i.AbstractProblemLoader Loading environment from /home/runner/work/key/key/key.core/../key.ui/examples/standard_key/inEqSimp/quadraticInEq10.key.proof 
294794     DEBUG main            d.u.i.k.p.i.AbstractProblemLoader Environment load took 154.21ns 
294795     INFO  main            d.u.i.k.p.i.AbstractProblemLoader Creating init config 
297390     DEBUG main            d.u.i.k.p.i.AbstractProblemLoader Init config took 2.59s 
297404     INFO  main            d.u.i.k.p.i.AbstractProblemLoader Replaying proof quadraticInEq10.key.proof 
297414     DEBUG main            d.u.i.k.p.i.IntermediateProofReplayer Proof replay took 8ms 
297415     DEBUG main            d.u.i.k.p.r.p.TestFile    ... success: reloaded. 
297416     INFO  main            d.u.i.k.p.r.p.TestFile    Now processing file /home/runner/work/key/key/key.core/../key.ui/examples/standard_key/inEqSimp/quadraticInEq13.key 
297416     INFO  main            d.u.i.k.p.i.AbstractProblemLoader Loading environment from /home/runner/work/key/key/key.core/../key.ui/examples/standard_key/inEqSimp/quadraticInEq13.key 
297416     DEBUG main            d.u.i.k.p.i.AbstractProblemLoader Environment load took 87.81ns 
297417     INFO  main            d.u.i.k.p.i.AbstractProblemLoader Creating init config 
300099     DEBUG main            d.u.i.k.p.i.AbstractProblemLoader Init config took 2.68s 
300114     INFO  main            d.u.i.k.p.i.AbstractProblemLoader Replaying proof quadraticInEq13.key 
300116     DEBUG main            d.u.i.k.p.i.IntermediateProofReplayer Proof replay took 3.8ns 
300325     INFO  main            d.u.i.k.p.r.p.TestFile    ... finished proof: closed. 
300705     INFO  main            d.u.i.k.p.i.AbstractProblemLoader Loading environment from /home/runner/work/key/key/key.core/../key.ui/examples/standard_key/inEqSimp/quadraticInEq13.key.proof 
300705     DEBUG main            d.u.i.k.p.i.AbstractProblemLoader Environment load took 97.61ns 
300706     INFO  main            d.u.i.k.p.i.AbstractProblemLoader Creating init config 
303332     DEBUG main            d.u.i.k.p.i.AbstractProblemLoader Init config took 2.63s 
303353     INFO  main            d.u.i.k.p.i.AbstractProblemLoader Replaying proof quadraticInEq13.key.proof 
303364     DEBUG main            d.u.i.k.p.i.IntermediateProofReplayer Proof replay took 9.01ms 
303365     DEBUG main            d.u.i.k.p.r.p.TestFile    ... success: reloaded. 
303366     INFO  main            d.u.i.k.p.r.p.TestFile    Now processing file /home/runner/work/key/key/key.core/../key.ui/examples/standard_key/inEqSimp/quadraticInEq14.key 
303366     INFO  main            d.u.i.k.p.i.AbstractProblemLoader Loading environment from /home/runner/work/key/key/key.core/../key.ui/examples/standard_key/inEqSimp/quadraticInEq14.key 
303366     DEBUG main            d.u.i.k.p.i.AbstractProblemLoader Environment load took 50.6ns 
303367     INFO  main            d.u.i.k.p.i.AbstractProblemLoader Creating init config 
306041     DEBUG main            d.u.i.k.p.i.AbstractProblemLoader Init config took 2.67s 
306056     INFO  main            d.u.i.k.p.i.AbstractProblemLoader Replaying proof quadraticInEq14.key 
306057     DEBUG main            d.u.i.k.p.i.IntermediateProofReplayer Proof replay took 3.5ns 
306362     INFO  main            d.u.i.k.p.r.p.TestFile    ... finished proof: closed. 
306751     INFO  main            d.u.i.k.p.i.AbstractProblemLoader Loading environment from /home/runner/work/key/key/key.core/../key.ui/examples/standard_key/inEqSimp/quadraticInEq14.key.proof 
306751     DEBUG main            d.u.i.k.p.i.AbstractProblemLoader Environment load took 92.31ns 
306753     INFO  main            d.u.i.k.p.i.AbstractProblemLoader Creating init config 
309327     DEBUG main            d.u.i.k.p.i.AbstractProblemLoader Init config took 2.57s 
309341     INFO  main            d.u.i.k.p.i.AbstractProblemLoader Replaying proof quadraticInEq14.key.proof 
309356     DEBUG main            d.u.i.k.p.i.IntermediateProofReplayer Proof replay took 11.65ms 
309357     DEBUG main            d.u.i.k.p.r.p.TestFile    ... success: reloaded. 
309359     INFO  main            d.u.i.k.p.r.p.TestFile    Now processing file /home/runner/work/key/key/key.core/../key.ui/examples/standard_key/inEqSimp/quadraticInEq2.key 
309359     INFO  main            d.u.i.k.p.i.AbstractProblemLoader Loading environment from /home/runner/work/key/key/key.core/../key.ui/examples/standard_key/inEqSimp/quadraticInEq2.key 
309359     DEBUG main            d.u.i.k.p.i.AbstractProblemLoader Environment load took 73.1ns 
309360     INFO  main            d.u.i.k.p.i.AbstractProblemLoader Creating init config 
312016     DEBUG main            d.u.i.k.p.i.AbstractProblemLoader Init config took 2.66s 
312030     INFO  main            d.u.i.k.p.i.AbstractProblemLoader Replaying proof quadraticInEq2.key 
312032     DEBUG main            d.u.i.k.p.i.IntermediateProofReplayer Proof replay took 3.7ns 
312136     INFO  main            d.u.i.k.p.r.p.TestFile    ... finished proof: closed. 
312515     INFO  main            d.u.i.k.p.i.AbstractProblemLoader Loading environment from /home/runner/work/key/key/key.core/../key.ui/examples/standard_key/inEqSimp/quadraticInEq2.key.proof 
312515     DEBUG main            d.u.i.k.p.i.AbstractProblemLoader Environment load took 100.81ns 
312516     INFO  main            d.u.i.k.p.i.AbstractProblemLoader Creating init config 
315073     DEBUG main            d.u.i.k.p.i.AbstractProblemLoader Init config took 2.56s 
315088     INFO  main            d.u.i.k.p.i.AbstractProblemLoader Replaying proof quadraticInEq2.key.proof 
315091     DEBUG main            d.u.i.k.p.i.IntermediateProofReplayer Proof replay took 1.77ms 
315091     DEBUG main            d.u.i.k.p.r.p.TestFile    ... success: reloaded. 
315092     INFO  main            d.u.i.k.p.r.p.TestFile    Now processing file /home/runner/work/key/key/key.core/../key.ui/examples/standard_key/inEqSimp/quadraticInEq3.key 
315092     INFO  main            d.u.i.k.p.i.AbstractProblemLoader Loading environment from /home/runner/work/key/key/key.core/../key.ui/examples/standard_key/inEqSimp/quadraticInEq3.key 
315092     DEBUG main            d.u.i.k.p.i.AbstractProblemLoader Environment load took 45.6ns 
315093     INFO  main            d.u.i.k.p.i.AbstractProblemLoader Creating init config 
317746     DEBUG main            d.u.i.k.p.i.AbstractProblemLoader Init config took 2.65s 
317761     INFO  main            d.u.i.k.p.i.AbstractProblemLoader Replaying proof quadraticInEq3.key 
317763     DEBUG main            d.u.i.k.p.i.IntermediateProofReplayer Proof replay took 3.7ns 
317868     INFO  main            d.u.i.k.p.r.p.TestFile    ... finished proof: closed. 
318240     INFO  main            d.u.i.k.p.i.AbstractProblemLoader Loading environment from /home/runner/work/key/key/key.core/../key.ui/examples/standard_key/inEqSimp/quadraticInEq3.key.proof 
318240     DEBUG main            d.u.i.k.p.i.AbstractProblemLoader Environment load took 92.61ns 
318241     INFO  main            d.u.i.k.p.i.AbstractProblemLoader Creating init config 
320846     DEBUG main            d.u.i.k.p.i.AbstractProblemLoader Init config took 2.61s 
320860     INFO  main            d.u.i.k.p.i.AbstractProblemLoader Replaying proof quadraticInEq3.key.proof 
320866     DEBUG main            d.u.i.k.p.i.IntermediateProofReplayer Proof replay took 4.83ms 
320867     DEBUG main            d.u.i.k.p.r.p.TestFile    ... success: reloaded. 
320868     INFO  main            d.u.i.k.p.r.p.TestFile    Now processing file /home/runner/work/key/key/key.core/../key.ui/examples/standard_key/inEqSimp/quadraticInEq4.key 
320868     INFO  main            d.u.i.k.p.i.AbstractProblemLoader Loading environment from /home/runner/work/key/key/key.core/../key.ui/examples/standard_key/inEqSimp/quadraticInEq4.key 
320868     DEBUG main            d.u.i.k.p.i.AbstractProblemLoader Environment load took 77.2ns 
320869     INFO  main            d.u.i.k.p.i.AbstractProblemLoader Creating init config 
323523     DEBUG main            d.u.i.k.p.i.AbstractProblemLoader Init config took 2.65s 
323538     INFO  main            d.u.i.k.p.i.AbstractProblemLoader Replaying proof quadraticInEq4.key 
323540     DEBUG main            d.u.i.k.p.i.IntermediateProofReplayer Proof replay took 3.6ns 
323645     INFO  main            d.u.i.k.p.r.p.TestFile    ... finished proof: closed. 
324032     INFO  main            d.u.i.k.p.i.AbstractProblemLoader Loading environment from /home/runner/work/key/key/key.core/../key.ui/examples/standard_key/inEqSimp/quadraticInEq4.key.proof 
324032     DEBUG main            d.u.i.k.p.i.AbstractProblemLoader Environment load took 99.71ns 
324033     INFO  main            d.u.i.k.p.i.AbstractProblemLoader Creating init config 
326641     DEBUG main            d.u.i.k.p.i.AbstractProblemLoader Init config took 2.61s 
326655     INFO  main            d.u.i.k.p.i.AbstractProblemLoader Replaying proof quadraticInEq4.key.proof 
326658     DEBUG main            d.u.i.k.p.i.IntermediateProofReplayer Proof replay took 2.31ms 
326659     DEBUG main            d.u.i.k.p.r.p.TestFile    ... success: reloaded. 
326660     INFO  main            d.u.i.k.p.r.p.TestFile    Now processing file /home/runner/work/key/key/key.core/../key.ui/examples/standard_key/inEqSimp/quadraticInEq5.key 
326660     INFO  main            d.u.i.k.p.i.AbstractProblemLoader Loading environment from /home/runner/work/key/key/key.core/../key.ui/examples/standard_key/inEqSimp/quadraticInEq5.key 
326660     DEBUG main            d.u.i.k.p.i.AbstractProblemLoader Environment load took 99.81ns 
326661     INFO  main            d.u.i.k.p.i.AbstractProblemLoader Creating init config 
329331     DEBUG main            d.u.i.k.p.i.AbstractProblemLoader Init config took 2.67s 
329345     INFO  main            d.u.i.k.p.i.AbstractProblemLoader Replaying proof quadraticInEq5.key 
329346     DEBUG main            d.u.i.k.p.i.IntermediateProofReplayer Proof replay took 4ns 
329448     INFO  main            d.u.i.k.p.r.p.TestFile    ... finished proof: closed. 
329825     INFO  main            d.u.i.k.p.i.AbstractProblemLoader Loading environment from /home/runner/work/key/key/key.core/../key.ui/examples/standard_key/inEqSimp/quadraticInEq5.key.proof 
329825     DEBUG main            d.u.i.k.p.i.AbstractProblemLoader Environment load took 106.91ns 
329826     INFO  main            d.u.i.k.p.i.AbstractProblemLoader Creating init config 
332445     DEBUG main            d.u.i.k.p.i.AbstractProblemLoader Init config took 2.62s 
332460     INFO  main            d.u.i.k.p.i.AbstractProblemLoader Replaying proof quadraticInEq5.key.proof 
332464     DEBUG main            d.u.i.k.p.i.IntermediateProofReplayer Proof replay took 2.66ms 
332465     DEBUG main            d.u.i.k.p.r.p.TestFile    ... success: reloaded. 
332466     INFO  main            d.u.i.k.p.r.p.TestFile    Now processing file /home/runner/work/key/key/key.core/../key.ui/examples/standard_key/inEqSimp/quadraticInEq6.key 
332466     INFO  main            d.u.i.k.p.i.AbstractProblemLoader Loading environment from /home/runner/work/key/key/key.core/../key.ui/examples/standard_key/inEqSimp/quadraticInEq6.key 
332466     DEBUG main            d.u.i.k.p.i.AbstractProblemLoader Environment load took 94.81ns 
332467     INFO  main            d.u.i.k.p.i.AbstractProblemLoader Creating init config 
335209     DEBUG main            d.u.i.k.p.i.AbstractProblemLoader Init config took 2.74s 
335224     INFO  main            d.u.i.k.p.i.AbstractProblemLoader Replaying proof quadraticInEq6.key 
335226     DEBUG main            d.u.i.k.p.i.IntermediateProofReplayer Proof replay took 3.6ns 
335328     INFO  main            d.u.i.k.p.r.p.TestFile    ... finished proof: closed. 
335717     INFO  main            d.u.i.k.p.i.AbstractProblemLoader Loading environment from /home/runner/work/key/key/key.core/../key.ui/examples/standard_key/inEqSimp/quadraticInEq6.key.proof 
335717     DEBUG main            d.u.i.k.p.i.AbstractProblemLoader Environment load took 93.01ns 
335718     INFO  main            d.u.i.k.p.i.AbstractProblemLoader Creating init config 
338314     DEBUG main            d.u.i.k.p.i.AbstractProblemLoader Init config took 2.6s 
338331     INFO  main            d.u.i.k.p.i.AbstractProblemLoader Replaying proof quadraticInEq6.key.proof 
338336     DEBUG main            d.u.i.k.p.i.IntermediateProofReplayer Proof replay took 3.36ms 
338337     DEBUG main            d.u.i.k.p.r.p.TestFile    ... success: reloaded. 
338338     INFO  main            d.u.i.k.p.r.p.TestFile    Now processing file /home/runner/work/key/key/key.core/../key.ui/examples/standard_key/inEqSimp/quadraticInEq7.key 
338338     INFO  main            d.u.i.k.p.i.AbstractProblemLoader Loading environment from /home/runner/work/key/key/key.core/../key.ui/examples/standard_key/inEqSimp/quadraticInEq7.key 
338338     DEBUG main            d.u.i.k.p.i.AbstractProblemLoader Environment load took 100.61ns 
338339     INFO  main            d.u.i.k.p.i.AbstractProblemLoader Creating init config 
341042     DEBUG main            d.u.i.k.p.i.AbstractProblemLoader Init config took 2.7s 
341056     INFO  main            d.u.i.k.p.i.AbstractProblemLoader Replaying proof quadraticInEq7.key 
341058     DEBUG main            d.u.i.k.p.i.IntermediateProofReplayer Proof replay took 3.7ns 
341160     INFO  main            d.u.i.k.p.r.p.TestFile    ... finished proof: closed. 
341565     INFO  main            d.u.i.k.p.i.AbstractProblemLoader Loading environment from /home/runner/work/key/key/key.core/../key.ui/examples/standard_key/inEqSimp/quadraticInEq7.key.proof 
341565     DEBUG main            d.u.i.k.p.i.AbstractProblemLoader Environment load took 92.61ns 
341566     INFO  main            d.u.i.k.p.i.AbstractProblemLoader Creating init config 
344278     DEBUG main            d.u.i.k.p.i.AbstractProblemLoader Init config took 2.71s 
344293     INFO  main            d.u.i.k.p.i.AbstractProblemLoader Replaying proof quadraticInEq7.key.proof 
344296     DEBUG main            d.u.i.k.p.i.IntermediateProofReplayer Proof replay took 1.56ms 
344296     DEBUG main            d.u.i.k.p.r.p.TestFile    ... success: reloaded. 
344297     INFO  main            d.u.i.k.p.r.p.TestFile    Now processing file /home/runner/work/key/key/key.core/../key.ui/examples/standard_key/inEqSimp/quadraticInEq8.key 
344297     INFO  main            d.u.i.k.p.i.AbstractProblemLoader Loading environment from /home/runner/work/key/key/key.core/../key.ui/examples/standard_key/inEqSimp/quadraticInEq8.key 
344297     DEBUG main            d.u.i.k.p.i.AbstractProblemLoader Environment load took 73.31ns 
344298     INFO  main            d.u.i.k.p.i.AbstractProblemLoader Creating init config 
346994     DEBUG main            d.u.i.k.p.i.AbstractProblemLoader Init config took 2.7s 
347008     INFO  main            d.u.i.k.p.i.AbstractProblemLoader Replaying proof quadraticInEq8.key 
347010     DEBUG main            d.u.i.k.p.i.IntermediateProofReplayer Proof replay took 3.2ns 
347113     INFO  main            d.u.i.k.p.r.p.TestFile    ... finished proof: closed. 
347520     INFO  main            d.u.i.k.p.i.AbstractProblemLoader Loading environment from /home/runner/work/key/key/key.core/../key.ui/examples/standard_key/inEqSimp/quadraticInEq8.key.proof 
347520     DEBUG main            d.u.i.k.p.i.AbstractProblemLoader Environment load took 108.01ns 
347521     INFO  main            d.u.i.k.p.i.AbstractProblemLoader Creating init config 
350176     DEBUG main            d.u.i.k.p.i.AbstractProblemLoader Init config took 2.65s 
350190     INFO  main            d.u.i.k.p.i.AbstractProblemLoader Replaying proof quadraticInEq8.key.proof 
350196     DEBUG main            d.u.i.k.p.i.IntermediateProofReplayer Proof replay took 3.85ms 
350196     DEBUG main            d.u.i.k.p.r.p.TestFile    ... success: reloaded. 
350197     INFO  main            d.u.i.k.p.r.p.TestFile    Now processing file /home/runner/work/key/key/key.core/../key.ui/examples/standard_key/inEqSimp/simplify0.key 
350197     INFO  main            d.u.i.k.p.i.AbstractProblemLoader Loading environment from /home/runner/work/key/key/key.core/../key.ui/examples/standard_key/inEqSimp/simplify0.key 
350197     DEBUG main            d.u.i.k.p.i.AbstractProblemLoader Environment load took 49.7ns 
350198     INFO  main            d.u.i.k.p.i.AbstractProblemLoader Creating init config 
352842     DEBUG main            d.u.i.k.p.i.AbstractProblemLoader Init config took 2.64s 
352858     INFO  main            d.u.i.k.p.i.AbstractProblemLoader Replaying proof simplify0.key 
352859     DEBUG main            d.u.i.k.p.i.IntermediateProofReplayer Proof replay took 2.8ns 
352961     INFO  main            d.u.i.k.p.r.p.TestFile    ... finished proof: closed. 
353362     INFO  main            d.u.i.k.p.i.AbstractProblemLoader Loading environment from /home/runner/work/key/key/key.core/../key.ui/examples/standard_key/inEqSimp/simplify0.key.proof 
353362     DEBUG main            d.u.i.k.p.i.AbstractProblemLoader Environment load took 99.01ns 
353364     INFO  main            d.u.i.k.p.i.AbstractProblemLoader Creating init config 
355960     DEBUG main            d.u.i.k.p.i.AbstractProblemLoader Init config took 2.6s 
355975     INFO  main            d.u.i.k.p.i.AbstractProblemLoader Replaying proof simplify0.key.proof 
355977     DEBUG main            d.u.i.k.p.i.IntermediateProofReplayer Proof replay took 782.75ns 
355978     DEBUG main            d.u.i.k.p.r.p.TestFile    ... success: reloaded. 
355979     INFO  main            d.u.i.k.p.r.p.TestFile    Now processing file /home/runner/work/key/key/key.core/../key.ui/examples/standard_key/inEqSimp/simplify1.key 
355979     INFO  main            d.u.i.k.p.i.AbstractProblemLoader Loading environment from /home/runner/work/key/key/key.core/../key.ui/examples/standard_key/inEqSimp/simplify1.key 
355979     DEBUG main            d.u.i.k.p.i.AbstractProblemLoader Environment load took 50.2ns 
355980     INFO  main            d.u.i.k.p.i.AbstractProblemLoader Creating init config 
358609     DEBUG main            d.u.i.k.p.i.AbstractProblemLoader Init config took 2.63s 
358623     INFO  main            d.u.i.k.p.i.AbstractProblemLoader Replaying proof simplify1.key 
358624     DEBUG main            d.u.i.k.p.i.IntermediateProofReplayer Proof replay took 3.9ns 
358726     INFO  main            d.u.i.k.p.r.p.TestFile    ... finished proof: closed. 
359130     INFO  main            d.u.i.k.p.i.AbstractProblemLoader Loading environment from /home/runner/work/key/key/key.core/../key.ui/examples/standard_key/inEqSimp/simplify1.key.proof 
359130     DEBUG main            d.u.i.k.p.i.AbstractProblemLoader Environment load took 84.51ns 
359131     INFO  main            d.u.i.k.p.i.AbstractProblemLoader Creating init config 
361750     DEBUG main            d.u.i.k.p.i.AbstractProblemLoader Init config took 2.62s 
361764     INFO  main            d.u.i.k.p.i.AbstractProblemLoader Replaying proof simplify1.key.proof 
361766     DEBUG main            d.u.i.k.p.i.IntermediateProofReplayer Proof replay took 848.37ns 
361766     DEBUG main            d.u.i.k.p.r.p.TestFile    ... success: reloaded. 
361767     INFO  main            d.u.i.k.p.r.p.TestFile    Now processing file /home/runner/work/key/key/key.core/../key.ui/examples/standard_key/inEqSimp/simplify2.key 
361767     INFO  main            d.u.i.k.p.i.AbstractProblemLoader Loading environment from /home/runner/work/key/key/key.core/../key.ui/examples/standard_key/inEqSimp/simplify2.key 
361767     DEBUG main            d.u.i.k.p.i.AbstractProblemLoader Environment load took 48.3ns 
361768     INFO  main            d.u.i.k.p.i.AbstractProblemLoader Creating init config 
364384     DEBUG main            d.u.i.k.p.i.AbstractProblemLoader Init config took 2.62s 
364398     INFO  main            d.u.i.k.p.i.AbstractProblemLoader Replaying proof simplify2.key 
364400     DEBUG main            d.u.i.k.p.i.IntermediateProofReplayer Proof replay took 4.2ns 
364608     INFO  main            d.u.i.k.p.r.p.TestFile    ... finished proof: closed. 
365024     INFO  main            d.u.i.k.p.i.AbstractProblemLoader Loading environment from /home/runner/work/key/key/key.core/../key.ui/examples/standard_key/inEqSimp/simplify2.key.proof 
365024     DEBUG main            d.u.i.k.p.i.AbstractProblemLoader Environment load took 80.61ns 
365025     INFO  main            d.u.i.k.p.i.AbstractProblemLoader Creating init config 
367618     DEBUG main            d.u.i.k.p.i.AbstractProblemLoader Init config took 2.59s 
367632     INFO  main            d.u.i.k.p.i.AbstractProblemLoader Replaying proof simplify2.key.proof 
367640     DEBUG main            d.u.i.k.p.i.IntermediateProofReplayer Proof replay took 6.47ms 
367641     DEBUG main            d.u.i.k.p.r.p.TestFile    ... success: reloaded. 
367641     INFO  main            d.u.i.k.p.r.p.TestFile    Now processing file /home/runner/work/key/key/key.core/../key.ui/examples/standard_key/inEqSimp/simplify3.key 
367642     INFO  main            d.u.i.k.p.i.AbstractProblemLoader Loading environment from /home/runner/work/key/key/key.core/../key.ui/examples/standard_key/inEqSimp/simplify3.key 
367642     DEBUG main            d.u.i.k.p.i.AbstractProblemLoader Environment load took 45ns 
367643     INFO  main            d.u.i.k.p.i.AbstractProblemLoader Creating init config 
370280     DEBUG main            d.u.i.k.p.i.AbstractProblemLoader Init config took 2.64s 
370295     INFO  main            d.u.i.k.p.i.AbstractProblemLoader Replaying proof simplify3.key 
370296     DEBUG main            d.u.i.k.p.i.IntermediateProofReplayer Proof replay took 3.5ns 
370398     INFO  main            d.u.i.k.p.r.p.TestFile    ... finished proof: closed. 
370836     INFO  main            d.u.i.k.p.i.AbstractProblemLoader Loading environment from /home/runner/work/key/key/key.core/../key.ui/examples/standard_key/inEqSimp/simplify3.key.proof 
370836     DEBUG main            d.u.i.k.p.i.AbstractProblemLoader Environment load took 90.51ns 
370837     INFO  main            d.u.i.k.p.i.AbstractProblemLoader Creating init config 
373463     DEBUG main            d.u.i.k.p.i.AbstractProblemLoader Init config took 2.63s 
373477     INFO  main            d.u.i.k.p.i.AbstractProblemLoader Replaying proof simplify3.key.proof 
373480     DEBUG main            d.u.i.k.p.i.IntermediateProofReplayer Proof replay took 1.52ms 
373481     DEBUG main            d.u.i.k.p.r.p.TestFile    ... success: reloaded. 
373481     INFO  main            d.u.i.k.p.r.p.TestFile    Now processing file /home/runner/work/key/key/key.core/../key.ui/examples/standard_key/inEqSimp/simplify4.key 
373482     INFO  main            d.u.i.k.p.i.AbstractProblemLoader Loading environment from /home/runner/work/key/key/key.core/../key.ui/examples/standard_key/inEqSimp/simplify4.key 
373482     DEBUG main            d.u.i.k.p.i.AbstractProblemLoader Environment load took 43.5ns 
373483     INFO  main            d.u.i.k.p.i.AbstractProblemLoader Creating init config 
376154     DEBUG main            d.u.i.k.p.i.AbstractProblemLoader Init config took 2.67s 
376169     INFO  main            d.u.i.k.p.i.AbstractProblemLoader Replaying proof simplify4.key 
376170     DEBUG main            d.u.i.k.p.i.IntermediateProofReplayer Proof replay took 2.7ns 
376272     INFO  main            d.u.i.k.p.r.p.TestFile    ... finished proof: closed. 
376704     INFO  main            d.u.i.k.p.i.AbstractProblemLoader Loading environment from /home/runner/work/key/key/key.core/../key.ui/examples/standard_key/inEqSimp/simplify4.key.proof 
376704     DEBUG main            d.u.i.k.p.i.AbstractProblemLoader Environment load took 94.31ns 
376706     INFO  main            d.u.i.k.p.i.AbstractProblemLoader Creating init config 
379277     DEBUG main            d.u.i.k.p.i.AbstractProblemLoader Init config took 2.57s 
379293     INFO  main            d.u.i.k.p.i.AbstractProblemLoader Replaying proof simplify4.key.proof 
379300     DEBUG main            d.u.i.k.p.i.IntermediateProofReplayer Proof replay took 5.38ms 
379301     DEBUG main            d.u.i.k.p.r.p.TestFile    ... success: reloaded. 
379302     INFO  main            d.u.i.k.p.r.p.TestFile    Now processing file /home/runner/work/key/key/key.core/../key.ui/examples/standard_key/inEqSimp/simplify5.key 
379302     INFO  main            d.u.i.k.p.i.AbstractProblemLoader Loading environment from /home/runner/work/key/key/key.core/../key.ui/examples/standard_key/inEqSimp/simplify5.key 
379302     DEBUG main            d.u.i.k.p.i.AbstractProblemLoader Environment load took 67ns 
379303     INFO  main            d.u.i.k.p.i.AbstractProblemLoader Creating init config 
382025     DEBUG main            d.u.i.k.p.i.AbstractProblemLoader Init config took 2.72s 
382040     INFO  main            d.u.i.k.p.i.AbstractProblemLoader Replaying proof simplify5.key 
382042     DEBUG main            d.u.i.k.p.i.IntermediateProofReplayer Proof replay took 3.1ns 
382648     INFO  main            d.u.i.k.p.r.p.TestFile    ... finished proof: closed. 
383106     INFO  main            d.u.i.k.p.i.AbstractProblemLoader Loading environment from /home/runner/work/key/key/key.core/../key.ui/examples/standard_key/inEqSimp/simplify5.key.proof 
383106     DEBUG main            d.u.i.k.p.i.AbstractProblemLoader Environment load took 525.83ns 
383108     INFO  main            d.u.i.k.p.i.AbstractProblemLoader Creating init config 
385773     DEBUG main            d.u.i.k.p.i.AbstractProblemLoader Init config took 2.66s 
385787     INFO  main            d.u.i.k.p.i.AbstractProblemLoader Replaying proof simplify5.key.proof 
385843     DEBUG main            d.u.i.k.p.i.IntermediateProofReplayer Proof replay took 50.27ms 
385844     DEBUG main            d.u.i.k.p.r.p.TestFile    ... success: reloaded. 
385850     INFO  main            d.u.i.k.p.r.p.TestFile    Now processing file /home/runner/work/key/key/key.core/../key.ui/examples/standard_key/inEqSimp/subsumptionExample.key 
385851     INFO  main            d.u.i.k.p.i.AbstractProblemLoader Loading environment from /home/runner/work/key/key/key.core/../key.ui/examples/standard_key/inEqSimp/subsumptionExample.key 
385852     DEBUG main            d.u.i.k.p.i.AbstractProblemLoader Environment load took 112.91ns 
385853     INFO  main            d.u.i.k.p.i.AbstractProblemLoader Creating init config 
388498     DEBUG main            d.u.i.k.p.i.AbstractProblemLoader Init config took 2.65s 
388511     INFO  main            d.u.i.k.p.i.AbstractProblemLoader Replaying proof subsumptionExample.key 
388512     DEBUG main            d.u.i.k.p.i.IntermediateProofReplayer Proof replay took 3.1ns 
388616     INFO  main            d.u.i.k.p.r.p.TestFile    ... finished proof: closed. 
389067     INFO  main            d.u.i.k.p.i.AbstractProblemLoader Loading environment from /home/runner/work/key/key/key.core/../key.ui/examples/standard_key/inEqSimp/subsumptionExample.key.proof 
389067     DEBUG main            d.u.i.k.p.i.AbstractProblemLoader Environment load took 81.91ns 
389068     INFO  main            d.u.i.k.p.i.AbstractProblemLoader Creating init config 
391645     DEBUG main            d.u.i.k.p.i.AbstractProblemLoader Init config took 2.58s 
391672     INFO  main            d.u.i.k.p.i.AbstractProblemLoader Replaying proof subsumptionExample.key.proof 
391674     DEBUG main            d.u.i.k.p.i.IntermediateProofReplayer Proof replay took 632.72ns 
391674     DEBUG main            d.u.i.k.p.r.p.TestFile    ... success: reloaded. 
391675     INFO  main            d.u.i.k.p.r.p.TestFile    Now processing file /home/runner/work/key/key/key.core/../key.ui/examples/standard_key/polySimp/simplify0.key 
391675     INFO  main            d.u.i.k.p.i.AbstractProblemLoader Loading environment from /home/runner/work/key/key/key.core/../key.ui/examples/standard_key/polySimp/simplify0.key 
391675     DEBUG main            d.u.i.k.p.i.AbstractProblemLoader Environment load took 69.5ns 
391676     INFO  main            d.u.i.k.p.i.AbstractProblemLoader Creating init config 
394331     DEBUG main            d.u.i.k.p.i.AbstractProblemLoader Init config took 2.65s 
394346     INFO  main            d.u.i.k.p.i.AbstractProblemLoader Replaying proof simplify0.key 
394347     DEBUG main            d.u.i.k.p.i.IntermediateProofReplayer Proof replay took 3.4ns 
394550     INFO  main            d.u.i.k.p.r.p.TestFile    ... finished proof: closed. 
395120     INFO  main            d.u.i.k.p.i.AbstractProblemLoader Loading environment from /home/runner/work/key/key/key.core/../key.ui/examples/standard_key/polySimp/simplify0.key.proof 
395120     DEBUG main            d.u.i.k.p.i.AbstractProblemLoader Environment load took 91.01ns 
395122     INFO  main            d.u.i.k.p.i.AbstractProblemLoader Creating init config 
397760     DEBUG main            d.u.i.k.p.i.AbstractProblemLoader Init config took 2.64s 
397776     INFO  main            d.u.i.k.p.i.AbstractProblemLoader Replaying proof simplify0.key.proof 
397783     DEBUG main            d.u.i.k.p.i.IntermediateProofReplayer Proof replay took 4.5ms 
397784     DEBUG main            d.u.i.k.p.r.p.TestFile    ... success: reloaded. 
397784     INFO  main            d.u.i.k.p.r.p.TestFile    Now processing file /home/runner/work/key/key/key.core/../key.ui/examples/standard_key/polySimp/simplify1.key 
397784     INFO  main            d.u.i.k.p.i.AbstractProblemLoader Loading environment from /home/runner/work/key/key/key.core/../key.ui/examples/standard_key/polySimp/simplify1.key 
397784     DEBUG main            d.u.i.k.p.i.AbstractProblemLoader Environment load took 90.21ns 
397785     INFO  main            d.u.i.k.p.i.AbstractProblemLoader Creating init config 
400455     DEBUG main            d.u.i.k.p.i.AbstractProblemLoader Init config took 2.67s 
400470     INFO  main            d.u.i.k.p.i.AbstractProblemLoader Replaying proof simplify1.key 
400471     DEBUG main            d.u.i.k.p.i.IntermediateProofReplayer Proof replay took 3.2ns 
400777     INFO  main            d.u.i.k.p.r.p.TestFile    ... finished proof: closed. 
401272     INFO  main            d.u.i.k.p.i.AbstractProblemLoader Loading environment from /home/runner/work/key/key/key.core/../key.ui/examples/standard_key/polySimp/simplify1.key.proof 
401273     DEBUG main            d.u.i.k.p.i.AbstractProblemLoader Environment load took 110.31ns 
401274     INFO  main            d.u.i.k.p.i.AbstractProblemLoader Creating init config 
404051     DEBUG main            d.u.i.k.p.i.AbstractProblemLoader Init config took 2.78s 
404067     INFO  main            d.u.i.k.p.i.AbstractProblemLoader Replaying proof simplify1.key.proof 
404077     DEBUG main            d.u.i.k.p.i.IntermediateProofReplayer Proof replay took 6.94ms 
404078     DEBUG main            d.u.i.k.p.r.p.TestFile    ... success: reloaded. 
404079     INFO  main            d.u.i.k.p.r.p.TestFile    Now processing file /home/runner/work/key/key/key.core/../key.ui/examples/standard_key/polySimp/simplify10.key 
404080     INFO  main            d.u.i.k.p.i.AbstractProblemLoader Loading environment from /home/runner/work/key/key/key.core/../key.ui/examples/standard_key/polySimp/simplify10.key 
404080     DEBUG main            d.u.i.k.p.i.AbstractProblemLoader Environment load took 205.11ns 
404081     INFO  main            d.u.i.k.p.i.AbstractProblemLoader Creating init config 
407081     DEBUG main            d.u.i.k.p.i.AbstractProblemLoader Init config took 3s 
407097     INFO  main            d.u.i.k.p.i.AbstractProblemLoader Replaying proof simplify10.key 
407099     DEBUG main            d.u.i.k.p.i.IntermediateProofReplayer Proof replay took 3ns 
407407     INFO  main            d.u.i.k.p.r.p.TestFile    ... finished proof: closed. 
407864     INFO  main            d.u.i.k.p.i.AbstractProblemLoader Loading environment from /home/runner/work/key/key/key.core/../key.ui/examples/standard_key/polySimp/simplify10.key.proof 
407864     DEBUG main            d.u.i.k.p.i.AbstractProblemLoader Environment load took 99.91ns 
407865     INFO  main            d.u.i.k.p.i.AbstractProblemLoader Creating init config 
410475     DEBUG main            d.u.i.k.p.i.AbstractProblemLoader Init config took 2.61s 
410494     INFO  main            d.u.i.k.p.i.AbstractProblemLoader Replaying proof simplify10.key.proof 
410505     DEBUG main            d.u.i.k.p.i.IntermediateProofReplayer Proof replay took 8.8ms 
410507     DEBUG main            d.u.i.k.p.r.p.TestFile    ... success: reloaded. 
410507     INFO  main            d.u.i.k.p.r.p.TestFile    Now processing file /home/runner/work/key/key/key.core/../key.ui/examples/standard_key/polySimp/simplify11.key 
410508     INFO  main            d.u.i.k.p.i.AbstractProblemLoader Loading environment from /home/runner/work/key/key/key.core/../key.ui/examples/standard_key/polySimp/simplify11.key 
410508     DEBUG main            d.u.i.k.p.i.AbstractProblemLoader Environment load took 48.6ns 
410509     INFO  main            d.u.i.k.p.i.AbstractProblemLoader Creating init config 
413221     DEBUG main            d.u.i.k.p.i.AbstractProblemLoader Init config took 2.71s 
413236     INFO  main            d.u.i.k.p.i.AbstractProblemLoader Replaying proof simplify11.key 
413237     DEBUG main            d.u.i.k.p.i.IntermediateProofReplayer Proof replay took 3.1ns 
413439     INFO  main            d.u.i.k.p.r.p.TestFile    ... finished proof: closed. 
413926     INFO  main            d.u.i.k.p.i.AbstractProblemLoader Loading environment from /home/runner/work/key/key/key.core/../key.ui/examples/standard_key/polySimp/simplify11.key.proof 
413926     DEBUG main            d.u.i.k.p.i.AbstractProblemLoader Environment load took 89.51ns 
413927     INFO  main            d.u.i.k.p.i.AbstractProblemLoader Creating init config 
416536     DEBUG main            d.u.i.k.p.i.AbstractProblemLoader Init config took 2.61s 
416551     INFO  main            d.u.i.k.p.i.AbstractProblemLoader Replaying proof simplify11.key.proof 
416560     DEBUG main            d.u.i.k.p.i.IntermediateProofReplayer Proof replay took 7.46ms 
416561     DEBUG main            d.u.i.k.p.r.p.TestFile    ... success: reloaded. 
416562     INFO  main            d.u.i.k.p.r.p.TestFile    Now processing file /home/runner/work/key/key/key.core/../key.ui/examples/standard_key/polySimp/simplify12.key 
416562     INFO  main            d.u.i.k.p.i.AbstractProblemLoader Loading environment from /home/runner/work/key/key/key.core/../key.ui/examples/standard_key/polySimp/simplify12.key 
416562     DEBUG main            d.u.i.k.p.i.AbstractProblemLoader Environment load took 108.71ns 
416563     INFO  main            d.u.i.k.p.i.AbstractProblemLoader Creating init config 
419189     DEBUG main            d.u.i.k.p.i.AbstractProblemLoader Init config took 2.63s 
419202     INFO  main            d.u.i.k.p.i.AbstractProblemLoader Replaying proof simplify12.key 
419203     DEBUG main            d.u.i.k.p.i.IntermediateProofReplayer Proof replay took 3.3ns 
419305     INFO  main            d.u.i.k.p.r.p.TestFile    ... finished proof: closed. 
419782     INFO  main            d.u.i.k.p.i.AbstractProblemLoader Loading environment from /home/runner/work/key/key/key.core/../key.ui/examples/standard_key/polySimp/simplify12.key.proof 
419782     DEBUG main            d.u.i.k.p.i.AbstractProblemLoader Environment load took 86.3ns 
419783     INFO  main            d.u.i.k.p.i.AbstractProblemLoader Creating init config 
422325     DEBUG main            d.u.i.k.p.i.AbstractProblemLoader Init config took 2.54s 
422338     INFO  main            d.u.i.k.p.i.AbstractProblemLoader Replaying proof simplify12.key.proof 
422344     DEBUG main            d.u.i.k.p.i.IntermediateProofReplayer Proof replay took 3.61ms 
422345     DEBUG main            d.u.i.k.p.r.p.TestFile    ... success: reloaded. 
422345     INFO  main            d.u.i.k.p.r.p.TestFile    Now processing file /home/runner/work/key/key/key.core/../key.ui/examples/standard_key/polySimp/simplify13.key 
422345     INFO  main            d.u.i.k.p.i.AbstractProblemLoader Loading environment from /home/runner/work/key/key/key.core/../key.ui/examples/standard_key/polySimp/simplify13.key 
422345     DEBUG main            d.u.i.k.p.i.AbstractProblemLoader Environment load took 67.91ns 
422346     INFO  main            d.u.i.k.p.i.AbstractProblemLoader Creating init config 
424944     DEBUG main            d.u.i.k.p.i.AbstractProblemLoader Init config took 2.6s 
424959     INFO  main            d.u.i.k.p.i.AbstractProblemLoader Replaying proof simplify13.key 
424960     DEBUG main            d.u.i.k.p.i.IntermediateProofReplayer Proof replay took 3.4ns 
425062     INFO  main            d.u.i.k.p.r.p.TestFile    ... finished proof: closed. 
425548     INFO  main            d.u.i.k.p.i.AbstractProblemLoader Loading environment from /home/runner/work/key/key/key.core/../key.ui/examples/standard_key/polySimp/simplify13.key.proof 
425548     DEBUG main            d.u.i.k.p.i.AbstractProblemLoader Environment load took 81ns 
425549     INFO  main            d.u.i.k.p.i.AbstractProblemLoader Creating init config 
428116     DEBUG main            d.u.i.k.p.i.AbstractProblemLoader Init config took 2.57s 
428132     INFO  main            d.u.i.k.p.i.AbstractProblemLoader Replaying proof simplify13.key.proof 
428136     DEBUG main            d.u.i.k.p.i.IntermediateProofReplayer Proof replay took 2.4ms 
428137     DEBUG main            d.u.i.k.p.r.p.TestFile    ... success: reloaded. 
428137     INFO  main            d.u.i.k.p.r.p.TestFile    Now processing file /home/runner/work/key/key/key.core/../key.ui/examples/standard_key/polySimp/simplify14.key 
428137     INFO  main            d.u.i.k.p.i.AbstractProblemLoader Loading environment from /home/runner/work/key/key/key.core/../key.ui/examples/standard_key/polySimp/simplify14.key 
428138     DEBUG main            d.u.i.k.p.i.AbstractProblemLoader Environment load took 66.1ns 
428138     INFO  main            d.u.i.k.p.i.AbstractProblemLoader Creating init config 
430713     DEBUG main            d.u.i.k.p.i.AbstractProblemLoader Init config took 2.57s 
430727     INFO  main            d.u.i.k.p.i.AbstractProblemLoader Replaying proof simplify14.key 
430728     DEBUG main            d.u.i.k.p.i.IntermediateProofReplayer Proof replay took 3.2ns 
430830     INFO  main            d.u.i.k.p.r.p.TestFile    ... finished proof: closed. 
431337     INFO  main            d.u.i.k.p.i.AbstractProblemLoader Loading environment from /home/runner/work/key/key/key.core/../key.ui/examples/standard_key/polySimp/simplify14.key.proof 
431338     DEBUG main            d.u.i.k.p.i.AbstractProblemLoader Environment load took 92.01ns 
431339     INFO  main            d.u.i.k.p.i.AbstractProblemLoader Creating init config 
433912     DEBUG main            d.u.i.k.p.i.AbstractProblemLoader Init config took 2.57s 
433928     INFO  main            d.u.i.k.p.i.AbstractProblemLoader Replaying proof simplify14.key.proof 
433930     DEBUG main            d.u.i.k.p.i.IntermediateProofReplayer Proof replay took 507.83ns 
433931     DEBUG main            d.u.i.k.p.r.p.TestFile    ... success: reloaded. 
433932     INFO  main            d.u.i.k.p.r.p.TestFile    Now processing file /home/runner/work/key/key/key.core/../key.ui/examples/standard_key/polySimp/simplify15.key 
433932     INFO  main            d.u.i.k.p.i.AbstractProblemLoader Loading environment from /home/runner/work/key/key/key.core/../key.ui/examples/standard_key/polySimp/simplify15.key 
433932     DEBUG main            d.u.i.k.p.i.AbstractProblemLoader Environment load took 86.31ns 
433933     INFO  main            d.u.i.k.p.i.AbstractProblemLoader Creating init config 
436516     DEBUG main            d.u.i.k.p.i.AbstractProblemLoader Init config took 2.58s 
436530     INFO  main            d.u.i.k.p.i.AbstractProblemLoader Replaying proof simplify15.key 
436531     DEBUG main            d.u.i.k.p.i.IntermediateProofReplayer Proof replay took 3.2ns 
436632     INFO  main            d.u.i.k.p.r.p.TestFile    ... finished proof: closed. 
437122     INFO  main            d.u.i.k.p.i.AbstractProblemLoader Loading environment from /home/runner/work/key/key/key.core/../key.ui/examples/standard_key/polySimp/simplify15.key.proof 
437122     DEBUG main            d.u.i.k.p.i.AbstractProblemLoader Environment load took 88.91ns 
437123     INFO  main            d.u.i.k.p.i.AbstractProblemLoader Creating init config 
439711     DEBUG main            d.u.i.k.p.i.AbstractProblemLoader Init config took 2.59s 
439726     INFO  main            d.u.i.k.p.i.AbstractProblemLoader Replaying proof simplify15.key.proof 
439728     DEBUG main            d.u.i.k.p.i.IntermediateProofReplayer Proof replay took 324.02ns 
439729     DEBUG main            d.u.i.k.p.r.p.TestFile    ... success: reloaded. 
439729     INFO  main            d.u.i.k.p.r.p.TestFile    Now processing file /home/runner/work/key/key/key.core/../key.ui/examples/standard_key/polySimp/simplify16.key 
439729     INFO  main            d.u.i.k.p.i.AbstractProblemLoader Loading environment from /home/runner/work/key/key/key.core/../key.ui/examples/standard_key/polySimp/simplify16.key 
439729     DEBUG main            d.u.i.k.p.i.AbstractProblemLoader Environment load took 57.2ns 
439730     INFO  main            d.u.i.k.p.i.AbstractProblemLoader Creating init config 
442401     DEBUG main            d.u.i.k.p.i.AbstractProblemLoader Init config took 2.67s 
442416     INFO  main            d.u.i.k.p.i.AbstractProblemLoader Replaying proof simplify16.key 
442417     DEBUG main            d.u.i.k.p.i.IntermediateProofReplayer Proof replay took 3.7ns 
442519     INFO  main            d.u.i.k.p.r.p.TestFile    ... finished proof: closed. 
443019     INFO  main            d.u.i.k.p.i.AbstractProblemLoader Loading environment from /home/runner/work/key/key/key.core/../key.ui/examples/standard_key/polySimp/simplify16.key.proof 
443019     DEBUG main            d.u.i.k.p.i.AbstractProblemLoader Environment load took 87.71ns 
443020     INFO  main            d.u.i.k.p.i.AbstractProblemLoader Creating init config 
445676     DEBUG main            d.u.i.k.p.i.AbstractProblemLoader Init config took 2.66s 
445690     INFO  main            d.u.i.k.p.i.AbstractProblemLoader Replaying proof simplify16.key.proof 
445691     DEBUG main            d.u.i.k.p.i.IntermediateProofReplayer Proof replay took 225.71ns 
445692     DEBUG main            d.u.i.k.p.r.p.TestFile    ... success: reloaded. 
445692     INFO  main            d.u.i.k.p.r.p.TestFile    Now processing file /home/runner/work/key/key/key.core/../key.ui/examples/standard_key/polySimp/simplify17.key 
445693     INFO  main            d.u.i.k.p.i.AbstractProblemLoader Loading environment from /home/runner/work/key/key/key.core/../key.ui/examples/standard_key/polySimp/simplify17.key 
445693     DEBUG main            d.u.i.k.p.i.AbstractProblemLoader Environment load took 48.2ns 
445694     INFO  main            d.u.i.k.p.i.AbstractProblemLoader Creating init config 
448387     DEBUG main            d.u.i.k.p.i.AbstractProblemLoader Init config took 2.69s 
448401     INFO  main            d.u.i.k.p.i.AbstractProblemLoader Replaying proof simplify17.key 
448402     DEBUG main            d.u.i.k.p.i.IntermediateProofReplayer Proof replay took 3.2ns 
448504     INFO  main            d.u.i.k.p.r.p.TestFile    ... finished proof: closed. 
449016     INFO  main            d.u.i.k.p.i.AbstractProblemLoader Loading environment from /home/runner/work/key/key/key.core/../key.ui/examples/standard_key/polySimp/simplify17.key.proof 
449016     DEBUG main            d.u.i.k.p.i.AbstractProblemLoader Environment load took 89.71ns 
449017     INFO  main            d.u.i.k.p.i.AbstractProblemLoader Creating init config 
451635     DEBUG main            d.u.i.k.p.i.AbstractProblemLoader Init config took 2.62s 
451650     INFO  main            d.u.i.k.p.i.AbstractProblemLoader Replaying proof simplify17.key.proof 
451654     DEBUG main            d.u.i.k.p.i.IntermediateProofReplayer Proof replay took 2.7ms 
451655     DEBUG main            d.u.i.k.p.r.p.TestFile    ... success: reloaded. 
451655     INFO  main            d.u.i.k.p.r.p.TestFile    Now processing file /home/runner/work/key/key/key.core/../key.ui/examples/standard_key/polySimp/simplify18.key 
451655     INFO  main            d.u.i.k.p.i.AbstractProblemLoader Loading environment from /home/runner/work/key/key/key.core/../key.ui/examples/standard_key/polySimp/simplify18.key 
451655     DEBUG main            d.u.i.k.p.i.AbstractProblemLoader Environment load took 46.1ns 
451656     INFO  main            d.u.i.k.p.i.AbstractProblemLoader Creating init config 
454393     DEBUG main            d.u.i.k.p.i.AbstractProblemLoader Init config took 2.74s 
454408     INFO  main            d.u.i.k.p.i.AbstractProblemLoader Replaying proof simplify18.key 
454409     DEBUG main            d.u.i.k.p.i.IntermediateProofReplayer Proof replay took 3.4ns 
454612     INFO  main            d.u.i.k.p.r.p.TestFile    ... finished proof: closed. 
455134     INFO  main            d.u.i.k.p.i.AbstractProblemLoader Loading environment from /home/runner/work/key/key/key.core/../key.ui/examples/standard_key/polySimp/simplify18.key.proof 
455134     DEBUG main            d.u.i.k.p.i.AbstractProblemLoader Environment load took 88.41ns 
455135     INFO  main            d.u.i.k.p.i.AbstractProblemLoader Creating init config 
457781     DEBUG main            d.u.i.k.p.i.AbstractProblemLoader Init config took 2.65s 
457796     INFO  main            d.u.i.k.p.i.AbstractProblemLoader Replaying proof simplify18.key.proof 
457804     DEBUG main            d.u.i.k.p.i.IntermediateProofReplayer Proof replay took 6.58ms 
457805     DEBUG main            d.u.i.k.p.r.p.TestFile    ... success: reloaded. 
457806     INFO  main            d.u.i.k.p.r.p.TestFile    Now processing file /home/runner/work/key/key/key.core/../key.ui/examples/standard_key/polySimp/simplify19.key 
457806     INFO  main            d.u.i.k.p.i.AbstractProblemLoader Loading environment from /home/runner/work/key/key/key.core/../key.ui/examples/standard_key/polySimp/simplify19.key 
457806     DEBUG main            d.u.i.k.p.i.AbstractProblemLoader Environment load took 47.1ns 
457807     INFO  main            d.u.i.k.p.i.AbstractProblemLoader Creating init config 
460477     DEBUG main            d.u.i.k.p.i.AbstractProblemLoader Init config took 2.67s 
460492     INFO  main            d.u.i.k.p.i.AbstractProblemLoader Replaying proof simplify19.key 
460493     DEBUG main            d.u.i.k.p.i.IntermediateProofReplayer Proof replay took 3.5ns 
463714     INFO  main            d.u.i.k.p.r.p.TestFile    ... finished proof: closed. 
464286     INFO  main            d.u.i.k.p.i.AbstractProblemLoader Loading environment from /home/runner/work/key/key/key.core/../key.ui/examples/standard_key/polySimp/simplify19.key.proof 
464286     DEBUG main            d.u.i.k.p.i.AbstractProblemLoader Environment load took 436.43ns 
464288     INFO  main            d.u.i.k.p.i.AbstractProblemLoader Creating init config 
466944     DEBUG main            d.u.i.k.p.i.AbstractProblemLoader Init config took 2.66s 
466959     INFO  main            d.u.i.k.p.i.AbstractProblemLoader Replaying proof simplify19.key.proof 
467074     DEBUG main            d.u.i.k.p.i.IntermediateProofReplayer Proof replay took 101.23ms 
467076     DEBUG main            d.u.i.k.p.r.p.TestFile    ... success: reloaded. 
467076     INFO  main            d.u.i.k.p.r.p.TestFile    Now processing file /home/runner/work/key/key/key.core/../key.ui/examples/standard_key/polySimp/simplify2.key 
467077     INFO  main            d.u.i.k.p.i.AbstractProblemLoader Loading environment from /home/runner/work/key/key/key.core/../key.ui/examples/standard_key/polySimp/simplify2.key 
467077     DEBUG main            d.u.i.k.p.i.AbstractProblemLoader Environment load took 111.81ns 
467078     INFO  main            d.u.i.k.p.i.AbstractProblemLoader Creating init config 
469753     DEBUG main            d.u.i.k.p.i.AbstractProblemLoader Init config took 2.68s 
469767     INFO  main            d.u.i.k.p.i.AbstractProblemLoader Replaying proof simplify2.key 
469768     DEBUG main            d.u.i.k.p.i.IntermediateProofReplayer Proof replay took 3.7ns 
469870     INFO  main            d.u.i.k.p.r.p.TestFile    ... finished proof: closed. 
470439     INFO  main            d.u.i.k.p.i.AbstractProblemLoader Loading environment from /home/runner/work/key/key/key.core/../key.ui/examples/standard_key/polySimp/simplify2.key.proof 
470439     DEBUG main            d.u.i.k.p.i.AbstractProblemLoader Environment load took 84.01ns 
470440     INFO  main            d.u.i.k.p.i.AbstractProblemLoader Creating init config 
473032     DEBUG main            d.u.i.k.p.i.AbstractProblemLoader Init config took 2.59s 
473047     INFO  main            d.u.i.k.p.i.AbstractProblemLoader Replaying proof simplify2.key.proof 
473049     DEBUG main            d.u.i.k.p.i.IntermediateProofReplayer Proof replay took 568.24ns 
473050     DEBUG main            d.u.i.k.p.r.p.TestFile    ... success: reloaded. 
473050     INFO  main            d.u.i.k.p.r.p.TestFile    Now processing file /home/runner/work/key/key/key.core/../key.ui/examples/standard_key/polySimp/simplify20.key 
473051     INFO  main            d.u.i.k.p.i.AbstractProblemLoader Loading environment from /home/runner/work/key/key/key.core/../key.ui/examples/standard_key/polySimp/simplify20.key 
473051     DEBUG main            d.u.i.k.p.i.AbstractProblemLoader Environment load took 46.9ns 
473052     INFO  main            d.u.i.k.p.i.AbstractProblemLoader Creating init config 
475691     DEBUG main            d.u.i.k.p.i.AbstractProblemLoader Init config took 2.64s 
475705     INFO  main            d.u.i.k.p.i.AbstractProblemLoader Replaying proof simplify20.key 
475706     DEBUG main            d.u.i.k.p.i.IntermediateProofReplayer Proof replay took 3.1ns 
476411     INFO  main            d.u.i.k.p.r.p.TestFile    ... finished proof: closed. 
476990     INFO  main            d.u.i.k.p.i.AbstractProblemLoader Loading environment from /home/runner/work/key/key/key.core/../key.ui/examples/standard_key/polySimp/simplify20.key.proof 
476990     DEBUG main            d.u.i.k.p.i.AbstractProblemLoader Environment load took 394.03ns 
476992     INFO  main            d.u.i.k.p.i.AbstractProblemLoader Creating init config 
479535     DEBUG main            d.u.i.k.p.i.AbstractProblemLoader Init config took 2.54s 
479550     INFO  main            d.u.i.k.p.i.AbstractProblemLoader Replaying proof simplify20.key.proof 
479581     DEBUG main            d.u.i.k.p.i.IntermediateProofReplayer Proof replay took 26.35ms 
479582     DEBUG main            d.u.i.k.p.r.p.TestFile    ... success: reloaded. 
479583     INFO  main            d.u.i.k.p.r.p.TestFile    Now processing file /home/runner/work/key/key/key.core/../key.ui/examples/standard_key/polySimp/simplify21.key 
479583     INFO  main            d.u.i.k.p.i.AbstractProblemLoader Loading environment from /home/runner/work/key/key/key.core/../key.ui/examples/standard_key/polySimp/simplify21.key 
479583     DEBUG main            d.u.i.k.p.i.AbstractProblemLoader Environment load took 86.2ns 
479586     INFO  main            d.u.i.k.p.i.AbstractProblemLoader Creating init config 
482201     DEBUG main            d.u.i.k.p.i.AbstractProblemLoader Init config took 2.61s 
482216     INFO  main            d.u.i.k.p.i.AbstractProblemLoader Replaying proof simplify21.key 
482217     DEBUG main            d.u.i.k.p.i.IntermediateProofReplayer Proof replay took 3.6ns 
482823     INFO  main            d.u.i.k.p.r.p.TestFile    ... finished proof: closed. 
483418     INFO  main            d.u.i.k.p.i.AbstractProblemLoader Loading environment from /home/runner/work/key/key/key.core/../key.ui/examples/standard_key/polySimp/simplify21.key.proof 
483418     DEBUG main            d.u.i.k.p.i.AbstractProblemLoader Environment load took 91.21ns 
483420     INFO  main            d.u.i.k.p.i.AbstractProblemLoader Creating init config 
485941     DEBUG main            d.u.i.k.p.i.AbstractProblemLoader Init config took 2.52s 
485959     INFO  main            d.u.i.k.p.i.AbstractProblemLoader Replaying proof simplify21.key.proof 
485984     DEBUG main            d.u.i.k.p.i.IntermediateProofReplayer Proof replay took 20.78ms 
485986     DEBUG main            d.u.i.k.p.r.p.TestFile    ... success: reloaded. 
485987     INFO  main            d.u.i.k.p.r.p.TestFile    Now processing file /home/runner/work/key/key/key.core/../key.ui/examples/standard_key/polySimp/simplify22.key 
485987     INFO  main            d.u.i.k.p.i.AbstractProblemLoader Loading environment from /home/runner/work/key/key/key.core/../key.ui/examples/standard_key/polySimp/simplify22.key 
485987     DEBUG main            d.u.i.k.p.i.AbstractProblemLoader Environment load took 81.91ns 
485988     INFO  main            d.u.i.k.p.i.AbstractProblemLoader Creating init config 
488594     DEBUG main            d.u.i.k.p.i.AbstractProblemLoader Init config took 2.61s 
488608     INFO  main            d.u.i.k.p.i.AbstractProblemLoader Replaying proof simplify22.key 
488609     DEBUG main            d.u.i.k.p.i.IntermediateProofReplayer Proof replay took 3.6ns 
488712     INFO  main            d.u.i.k.p.r.p.TestFile    ... finished proof: closed. 
489273     INFO  main            d.u.i.k.p.i.AbstractProblemLoader Loading environment from /home/runner/work/key/key/key.core/../key.ui/examples/standard_key/polySimp/simplify22.key.proof 
489274     DEBUG main            d.u.i.k.p.i.AbstractProblemLoader Environment load took 87.5ns 
489274     INFO  main            d.u.i.k.p.i.AbstractProblemLoader Creating init config 
491879     DEBUG main            d.u.i.k.p.i.AbstractProblemLoader Init config took 2.6s 
491893     INFO  main            d.u.i.k.p.i.AbstractProblemLoader Replaying proof simplify22.key.proof 
491897     DEBUG main            d.u.i.k.p.i.IntermediateProofReplayer Proof replay took 2.21ms 
491898     DEBUG main            d.u.i.k.p.r.p.TestFile    ... success: reloaded. 
491898     INFO  main            d.u.i.k.p.r.p.TestFile    Now processing file /home/runner/work/key/key/key.core/../key.ui/examples/standard_key/polySimp/simplify23.key 
491898     INFO  main            d.u.i.k.p.i.AbstractProblemLoader Loading environment from /home/runner/work/key/key/key.core/../key.ui/examples/standard_key/polySimp/simplify23.key 
491899     DEBUG main            d.u.i.k.p.i.AbstractProblemLoader Environment load took 83.71ns 
491899     INFO  main            d.u.i.k.p.i.AbstractProblemLoader Creating init config 
494539     DEBUG main            d.u.i.k.p.i.AbstractProblemLoader Init config took 2.64s 
494553     INFO  main            d.u.i.k.p.i.AbstractProblemLoader Replaying proof simplify23.key 
494554     DEBUG main            d.u.i.k.p.i.IntermediateProofReplayer Proof replay took 3.4ns 
494657     INFO  main            d.u.i.k.p.r.p.TestFile    ... finished proof: closed. 
495203     INFO  main            d.u.i.k.p.i.AbstractProblemLoader Loading environment from /home/runner/work/key/key/key.core/../key.ui/examples/standard_key/polySimp/simplify23.key.proof 
495203     DEBUG main            d.u.i.k.p.i.AbstractProblemLoader Environment load took 84.7ns 
495204     INFO  main            d.u.i.k.p.i.AbstractProblemLoader Creating init config 
497822     DEBUG main            d.u.i.k.p.i.AbstractProblemLoader Init config took 2.62s 
497837     INFO  main            d.u.i.k.p.i.AbstractProblemLoader Replaying proof simplify23.key.proof 
497844     DEBUG main            d.u.i.k.p.i.IntermediateProofReplayer Proof replay took 5.95ms 
497845     DEBUG main            d.u.i.k.p.r.p.TestFile    ... success: reloaded. 
497846     INFO  main            d.u.i.k.p.r.p.TestFile    Now processing file /home/runner/work/key/key/key.core/../key.ui/examples/standard_key/polySimp/simplify24.key 
497846     INFO  main            d.u.i.k.p.i.AbstractProblemLoader Loading environment from /home/runner/work/key/key/key.core/../key.ui/examples/standard_key/polySimp/simplify24.key 
497846     DEBUG main            d.u.i.k.p.i.AbstractProblemLoader Environment load took 73.5ns 
497847     INFO  main            d.u.i.k.p.i.AbstractProblemLoader Creating init config 
500459     DEBUG main            d.u.i.k.p.i.AbstractProblemLoader Init config took 2.61s 
500472     INFO  main            d.u.i.k.p.i.AbstractProblemLoader Replaying proof simplify24.key 
500473     DEBUG main            d.u.i.k.p.i.IntermediateProofReplayer Proof replay took 3.3ns 
500575     INFO  main            d.u.i.k.p.r.p.TestFile    ... finished proof: closed. 
501145     INFO  main            d.u.i.k.p.i.AbstractProblemLoader Loading environment from /home/runner/work/key/key/key.core/../key.ui/examples/standard_key/polySimp/simplify24.key.proof 
501145     DEBUG main            d.u.i.k.p.i.AbstractProblemLoader Environment load took 102.61ns 
501146     INFO  main            d.u.i.k.p.i.AbstractProblemLoader Creating init config 
503765     DEBUG main            d.u.i.k.p.i.AbstractProblemLoader Init config took 2.62s 
503779     INFO  main            d.u.i.k.p.i.AbstractProblemLoader Replaying proof simplify24.key.proof 
503782     DEBUG main            d.u.i.k.p.i.IntermediateProofReplayer Proof replay took 937.26ns 
503782     DEBUG main            d.u.i.k.p.r.p.TestFile    ... success: reloaded. 
503783     INFO  main            d.u.i.k.p.r.p.TestFile    Now processing file /home/runner/work/key/key/key.core/../key.ui/examples/standard_key/polySimp/simplify25.key 
503783     INFO  main            d.u.i.k.p.i.AbstractProblemLoader Loading environment from /home/runner/work/key/key/key.core/../key.ui/examples/standard_key/polySimp/simplify25.key 
503783     DEBUG main            d.u.i.k.p.i.AbstractProblemLoader Environment load took 77.31ns 
503784     INFO  main            d.u.i.k.p.i.AbstractProblemLoader Creating init config 
506439     DEBUG main            d.u.i.k.p.i.AbstractProblemLoader Init config took 2.66s 
506455     INFO  main            d.u.i.k.p.i.AbstractProblemLoader Replaying proof simplify25.key 
506456     DEBUG main            d.u.i.k.p.i.IntermediateProofReplayer Proof replay took 3.4ns 
506558     INFO  main            d.u.i.k.p.r.p.TestFile    ... finished proof: closed. 
507110     INFO  main            d.u.i.k.p.i.AbstractProblemLoader Loading environment from /home/runner/work/key/key/key.core/../key.ui/examples/standard_key/polySimp/simplify25.key.proof 
507110     DEBUG main            d.u.i.k.p.i.AbstractProblemLoader Environment load took 85.11ns 
507111     INFO  main            d.u.i.k.p.i.AbstractProblemLoader Creating init config 
509704     DEBUG main            d.u.i.k.p.i.AbstractProblemLoader Init config took 2.59s 
509718     INFO  main            d.u.i.k.p.i.AbstractProblemLoader Replaying proof simplify25.key.proof 
509721     DEBUG main            d.u.i.k.p.i.IntermediateProofReplayer Proof replay took 1.35ms 
509721     DEBUG main            d.u.i.k.p.r.p.TestFile    ... success: reloaded. 
509722     INFO  main            d.u.i.k.p.r.p.TestFile    Now processing file /home/runner/work/key/key/key.core/../key.ui/examples/standard_key/polySimp/simplify3.key 
509722     INFO  main            d.u.i.k.p.i.AbstractProblemLoader Loading environment from /home/runner/work/key/key/key.core/../key.ui/examples/standard_key/polySimp/simplify3.key 
509723     DEBUG main            d.u.i.k.p.i.AbstractProblemLoader Environment load took 47.5ns 
509724     INFO  main            d.u.i.k.p.i.AbstractProblemLoader Creating init config 
512351     DEBUG main            d.u.i.k.p.i.AbstractProblemLoader Init config took 2.63s 
512364     INFO  main            d.u.i.k.p.i.AbstractProblemLoader Replaying proof simplify3.key 
512365     DEBUG main            d.u.i.k.p.i.IntermediateProofReplayer Proof replay took 4ns 
512467     INFO  main            d.u.i.k.p.r.p.TestFile    ... finished proof: closed. 
513030     INFO  main            d.u.i.k.p.i.AbstractProblemLoader Loading environment from /home/runner/work/key/key/key.core/../key.ui/examples/standard_key/polySimp/simplify3.key.proof 
513030     DEBUG main            d.u.i.k.p.i.AbstractProblemLoader Environment load took 96.2ns 
513031     INFO  main            d.u.i.k.p.i.AbstractProblemLoader Creating init config 
515666     DEBUG main            d.u.i.k.p.i.AbstractProblemLoader Init config took 2.63s 
515680     INFO  main            d.u.i.k.p.i.AbstractProblemLoader Replaying proof simplify3.key.proof 
515682     DEBUG main            d.u.i.k.p.i.IntermediateProofReplayer Proof replay took 549.13ns 
515682     DEBUG main            d.u.i.k.p.r.p.TestFile    ... success: reloaded. 
515683     INFO  main            d.u.i.k.p.r.p.TestFile    Now processing file /home/runner/work/key/key/key.core/../key.ui/examples/standard_key/polySimp/simplify4.key 
515683     INFO  main            d.u.i.k.p.i.AbstractProblemLoader Loading environment from /home/runner/work/key/key/key.core/../key.ui/examples/standard_key/polySimp/simplify4.key 
515683     DEBUG main            d.u.i.k.p.i.AbstractProblemLoader Environment load took 44.8ns 
515684     INFO  main            d.u.i.k.p.i.AbstractProblemLoader Creating init config 
518330     DEBUG main            d.u.i.k.p.i.AbstractProblemLoader Init config took 2.65s 
518345     INFO  main            d.u.i.k.p.i.AbstractProblemLoader Replaying proof simplify4.key 
518346     DEBUG main            d.u.i.k.p.i.IntermediateProofReplayer Proof replay took 4.1ns 
518448     INFO  main            d.u.i.k.p.r.p.TestFile    ... finished proof: closed. 
519028     INFO  main            d.u.i.k.p.i.AbstractProblemLoader Loading environment from /home/runner/work/key/key/key.core/../key.ui/examples/standard_key/polySimp/simplify4.key.proof 
519028     DEBUG main            d.u.i.k.p.i.AbstractProblemLoader Environment load took 85.11ns 
519029     INFO  main            d.u.i.k.p.i.AbstractProblemLoader Creating init config 
521637     DEBUG main            d.u.i.k.p.i.AbstractProblemLoader Init config took 2.61s 
521650     INFO  main            d.u.i.k.p.i.AbstractProblemLoader Replaying proof simplify4.key.proof 
521652     DEBUG main            d.u.i.k.p.i.IntermediateProofReplayer Proof replay took 625.63ns 
521653     DEBUG main            d.u.i.k.p.r.p.TestFile    ... success: reloaded. 
521653     INFO  main            d.u.i.k.p.r.p.TestFile    Now processing file /home/runner/work/key/key/key.core/../key.ui/examples/standard_key/polySimp/simplify5.key 
521653     INFO  main            d.u.i.k.p.i.AbstractProblemLoader Loading environment from /home/runner/work/key/key/key.core/../key.ui/examples/standard_key/polySimp/simplify5.key 
521653     DEBUG main            d.u.i.k.p.i.AbstractProblemLoader Environment load took 64.3ns 
521654     INFO  main            d.u.i.k.p.i.AbstractProblemLoader Creating init config 
524328     DEBUG main            d.u.i.k.p.i.AbstractProblemLoader Init config took 2.67s 
524341     INFO  main            d.u.i.k.p.i.AbstractProblemLoader Replaying proof simplify5.key 
524342     DEBUG main            d.u.i.k.p.i.IntermediateProofReplayer Proof replay took 3.1ns 
524445     INFO  main            d.u.i.k.p.r.p.TestFile    ... finished proof: closed. 
525017     INFO  main            d.u.i.k.p.i.AbstractProblemLoader Loading environment from /home/runner/work/key/key/key.core/../key.ui/examples/standard_key/polySimp/simplify5.key.proof 
525017     DEBUG main            d.u.i.k.p.i.AbstractProblemLoader Environment load took 81.5ns 
525018     INFO  main            d.u.i.k.p.i.AbstractProblemLoader Creating init config 
527576     DEBUG main            d.u.i.k.p.i.AbstractProblemLoader Init config took 2.56s 
527589     INFO  main            d.u.i.k.p.i.AbstractProblemLoader Replaying proof simplify5.key.proof 
527593     DEBUG main            d.u.i.k.p.i.IntermediateProofReplayer Proof replay took 2.26ms 
527594     DEBUG main            d.u.i.k.p.r.p.TestFile    ... success: reloaded. 
527594     INFO  main            d.u.i.k.p.r.p.TestFile    Now processing file /home/runner/work/key/key/key.core/../key.ui/examples/standard_key/polySimp/simplify6.key 
527594     INFO  main            d.u.i.k.p.i.AbstractProblemLoader Loading environment from /home/runner/work/key/key/key.core/../key.ui/examples/standard_key/polySimp/simplify6.key 
527594     DEBUG main            d.u.i.k.p.i.AbstractProblemLoader Environment load took 44.3ns 
527595     INFO  main            d.u.i.k.p.i.AbstractProblemLoader Creating init config 
530171     DEBUG main            d.u.i.k.p.i.AbstractProblemLoader Init config took 2.58s 
530185     INFO  main            d.u.i.k.p.i.AbstractProblemLoader Replaying proof simplify6.key 
530186     DEBUG main            d.u.i.k.p.i.IntermediateProofReplayer Proof replay took 3.5ns 
530288     INFO  main            d.u.i.k.p.r.p.TestFile    ... finished proof: closed. 
530865     INFO  main            d.u.i.k.p.i.AbstractProblemLoader Loading environment from /home/runner/work/key/key/key.core/../key.ui/examples/standard_key/polySimp/simplify6.key.proof 
530865     DEBUG main            d.u.i.k.p.i.AbstractProblemLoader Environment load took 81.91ns 
530866     INFO  main            d.u.i.k.p.i.AbstractProblemLoader Creating init config 
533415     DEBUG main            d.u.i.k.p.i.AbstractProblemLoader Init config took 2.55s 
533430     INFO  main            d.u.i.k.p.i.AbstractProblemLoader Replaying proof simplify6.key.proof 
533431     DEBUG main            d.u.i.k.p.i.IntermediateProofReplayer Proof replay took 153.91ns 
533432     DEBUG main            d.u.i.k.p.r.p.TestFile    ... success: reloaded. 
533433     INFO  main            d.u.i.k.p.r.p.TestFile    Now processing file /home/runner/work/key/key/key.core/../key.ui/examples/standard_key/polySimp/simplify7.key 
533433     INFO  main            d.u.i.k.p.i.AbstractProblemLoader Loading environment from /home/runner/work/key/key/key.core/../key.ui/examples/standard_key/polySimp/simplify7.key 
533433     DEBUG main            d.u.i.k.p.i.AbstractProblemLoader Environment load took 61.4ns 
533434     INFO  main            d.u.i.k.p.i.AbstractProblemLoader Creating init config 
536078     DEBUG main            d.u.i.k.p.i.AbstractProblemLoader Init config took 2.64s 
536092     INFO  main            d.u.i.k.p.i.AbstractProblemLoader Replaying proof simplify7.key 
536094     DEBUG main            d.u.i.k.p.i.IntermediateProofReplayer Proof replay took 3.6ns 
536195     INFO  main            d.u.i.k.p.r.p.TestFile    ... finished proof: closed. 
536797     INFO  main            d.u.i.k.p.i.AbstractProblemLoader Loading environment from /home/runner/work/key/key/key.core/../key.ui/examples/standard_key/polySimp/simplify7.key.proof 
536797     DEBUG main            d.u.i.k.p.i.AbstractProblemLoader Environment load took 86.7ns 
536798     INFO  main            d.u.i.k.p.i.AbstractProblemLoader Creating init config 
539376     DEBUG main            d.u.i.k.p.i.AbstractProblemLoader Init config took 2.58s 
539391     INFO  main            d.u.i.k.p.i.AbstractProblemLoader Replaying proof simplify7.key.proof 
539392     DEBUG main            d.u.i.k.p.i.IntermediateProofReplayer Proof replay took 279.22ns 
539393     DEBUG main            d.u.i.k.p.r.p.TestFile    ... success: reloaded. 
539393     INFO  main            d.u.i.k.p.r.p.TestFile    Now processing file /home/runner/work/key/key/key.core/../key.ui/examples/standard_key/polySimp/simplify8.key 
539394     INFO  main            d.u.i.k.p.i.AbstractProblemLoader Loading environment from /home/runner/work/key/key/key.core/../key.ui/examples/standard_key/polySimp/simplify8.key 
539394     DEBUG main            d.u.i.k.p.i.AbstractProblemLoader Environment load took 47.3ns 
539397     INFO  main            d.u.i.k.p.i.AbstractProblemLoader Creating init config 
542009     DEBUG main            d.u.i.k.p.i.AbstractProblemLoader Init config took 2.61s 
542023     INFO  main            d.u.i.k.p.i.AbstractProblemLoader Replaying proof simplify8.key 
542024     DEBUG main            d.u.i.k.p.i.IntermediateProofReplayer Proof replay took 3.5ns 
546451     INFO  main            d.u.i.k.p.r.p.TestFile    ... finished proof: closed. 
547058     INFO  main            d.u.i.k.p.i.AbstractProblemLoader Loading environment from /home/runner/work/key/key/key.core/../key.ui/examples/standard_key/polySimp/simplify8.key.proof 
547058     DEBUG main            d.u.i.k.p.i.AbstractProblemLoader Environment load took 117.81ns 
547061     INFO  main            d.u.i.k.p.i.AbstractProblemLoader Creating init config 
549634     DEBUG main            d.u.i.k.p.i.AbstractProblemLoader Init config took 2.57s 
549650     INFO  main            d.u.i.k.p.i.AbstractProblemLoader Replaying proof simplify8.key.proof 
549694     DEBUG main            d.u.i.k.p.i.IntermediateProofReplayer Proof replay took 39.16ms 
549696     DEBUG main            d.u.i.k.p.r.p.TestFile    ... success: reloaded. 
549696     INFO  main            d.u.i.k.p.r.p.TestFile    Now processing file /home/runner/work/key/key/key.core/../key.ui/examples/standard_key/polySimp/simplify9.key 
549696     INFO  main            d.u.i.k.p.i.AbstractProblemLoader Loading environment from /home/runner/work/key/key/key.core/../key.ui/examples/standard_key/polySimp/simplify9.key 
549696     DEBUG main            d.u.i.k.p.i.AbstractProblemLoader Environment load took 46.9ns 
549698     INFO  main            d.u.i.k.p.i.AbstractProblemLoader Creating init config 
552345     DEBUG main            d.u.i.k.p.i.AbstractProblemLoader Init config took 2.65s 
552359     INFO  main            d.u.i.k.p.i.AbstractProblemLoader Replaying proof simplify9.key 
552360     DEBUG main            d.u.i.k.p.i.IntermediateProofReplayer Proof replay took 3.9ns 
552564     INFO  main            d.u.i.k.p.r.p.TestFile    ... finished proof: closed. 
553212     INFO  main            d.u.i.k.p.i.AbstractProblemLoader Loading environment from /home/runner/work/key/key/key.core/../key.ui/examples/standard_key/polySimp/simplify9.key.proof 
553212     DEBUG main            d.u.i.k.p.i.AbstractProblemLoader Environment load took 87.41ns 
553213     INFO  main            d.u.i.k.p.i.AbstractProblemLoader Creating init config 
555798     DEBUG main            d.u.i.k.p.i.AbstractProblemLoader Init config took 2.58s 
555814     INFO  main            d.u.i.k.p.i.AbstractProblemLoader Replaying proof simplify9.key.proof 
555819     DEBUG main            d.u.i.k.p.i.IntermediateProofReplayer Proof replay took 3.29ms 
555820     DEBUG main            d.u.i.k.p.r.p.TestFile    ... success: reloaded. 
3181746    INFO  Test worker     d.u.i.k.p.r.RunAllProofsTestUnit Returning from test arithmetic 
3181747    INFO  Test worker     d.u.i.k.p.r.RunAllProofsTestUnit Running test arrays 
358        INFO  Timeout watchdog d.u.i.k.p.r.p.ForkedTestFileRunner Timeout watcher launched (2000 secs.) 
369        WARN  main            d.u.i.k.s.ProofSettings   The settings in /home/runner/.key/proof-settings.props are *not* read. 
397        INFO  main            d.u.i.k.p.r.p.TestFile    Now processing file /home/runner/work/key/key/key.core/../key.ui/examples/standard_key/arrays/arrayStoreException/array2DimPrim.key 
536        INFO  main            d.u.i.k.p.i.AbstractProblemLoader Loading environment from /home/runner/work/key/key/key.core/../key.ui/examples/standard_key/arrays/arrayStoreException/array2DimPrim.key 
554        DEBUG main            d.u.i.k.p.i.AbstractProblemLoader Environment load took 2.42ms 
826        INFO  main            d.u.i.k.p.i.AbstractProblemLoader Creating init config 
1685       DEBUG main            d.u.i.k.j.TypeConverter   No LDT found for Meta 
1685       DEBUG main            d.u.i.k.j.TypeConverter   No LDT found for Meta 
1686       DEBUG main            d.u.i.k.j.TypeConverter   No LDT found for Meta 
1687       DEBUG main            d.u.i.k.j.TypeConverter   No LDT found for Meta 
3379       DEBUG main            d.u.i.k.j.TypeConverter   No LDT found for JavaBigintExpression 
8885       DEBUG main            d.u.i.k.p.i.AbstractProblemLoader Init config took 8.06s 
8971       INFO  main            d.u.i.k.p.i.AbstractProblemLoader Replaying proof array2DimPrim.key 
9020       DEBUG main            d.u.i.k.p.i.IntermediateProofReplayer Proof replay took 38.8ns 
13153      INFO  main            d.u.i.k.p.r.p.TestFile    ... finished proof: closed. 
13384      INFO  main            d.u.i.k.p.i.AbstractProblemLoader Loading environment from /home/runner/work/key/key/key.core/../key.ui/examples/standard_key/arrays/arrayStoreException/array2DimPrim.key.proof 
13385      DEBUG main            d.u.i.k.p.i.AbstractProblemLoader Environment load took 506.42ns 
13389      INFO  main            d.u.i.k.p.i.AbstractProblemLoader Creating init config 
16486      DEBUG main            d.u.i.k.p.i.AbstractProblemLoader Init config took 3.1s 
16523      INFO  main            d.u.i.k.p.i.AbstractProblemLoader Replaying proof array2DimPrim.key.proof 
16994      DEBUG main            d.u.i.k.p.i.IntermediateProofReplayer Proof replay took 453.69ms 
17016      DEBUG main            d.u.i.k.p.r.p.TestFile    ... success: reloaded. 
17023      INFO  main            d.u.i.k.p.r.p.TestFile    Now processing file /home/runner/work/key/key/key.core/../key.ui/examples/standard_key/arrays/arrayStoreException/arrayStoreKnownDynType.key 
17023      INFO  main            d.u.i.k.p.i.AbstractProblemLoader Loading environment from /home/runner/work/key/key/key.core/../key.ui/examples/standard_key/arrays/arrayStoreException/arrayStoreKnownDynType.key 
17024      DEBUG main            d.u.i.k.p.i.AbstractProblemLoader Environment load took 262.01ns 
17029      INFO  main            d.u.i.k.p.i.AbstractProblemLoader Creating init config 
20013      DEBUG main            d.u.i.k.p.i.AbstractProblemLoader Init config took 2.98s 
20050      INFO  main            d.u.i.k.p.i.AbstractProblemLoader Replaying proof arrayStoreKnownDynType.key 
20056      DEBUG main            d.u.i.k.p.i.IntermediateProofReplayer Proof replay took 6.9ns 
20362      INFO  main            d.u.i.k.p.r.p.TestFile    ... finished proof: closed. 
20625      INFO  main            d.u.i.k.p.i.AbstractProblemLoader Loading environment from /home/runner/work/key/key/key.core/../key.ui/examples/standard_key/arrays/arrayStoreException/arrayStoreKnownDynType.key.proof 
20628      DEBUG main            d.u.i.k.p.i.AbstractProblemLoader Environment load took 2.38ms 
20630      INFO  main            d.u.i.k.p.i.AbstractProblemLoader Creating init config 
23505      DEBUG main            d.u.i.k.p.i.AbstractProblemLoader Init config took 2.88s 
23530      INFO  main            d.u.i.k.p.i.AbstractProblemLoader Replaying proof arrayStoreKnownDynType.key.proof 
23569      DEBUG main            d.u.i.k.p.i.IntermediateProofReplayer Proof replay took 35.88ms 
23571      DEBUG main            d.u.i.k.p.r.p.TestFile    ... success: reloaded. 
23572      INFO  main            d.u.i.k.p.r.p.TestFile    Now processing file /home/runner/work/key/key/key.core/../key.ui/examples/standard_key/arrays/arrayStoreException/reverseArray.key 
23573      INFO  main            d.u.i.k.p.i.AbstractProblemLoader Loading environment from /home/runner/work/key/key/key.core/../key.ui/examples/standard_key/arrays/arrayStoreException/reverseArray.key 
23573      DEBUG main            d.u.i.k.p.i.AbstractProblemLoader Environment load took 193.91ns 
23574      INFO  main            d.u.i.k.p.i.AbstractProblemLoader Creating init config 
26404      DEBUG main            d.u.i.k.p.i.AbstractProblemLoader Init config took 2.83s 
26430      INFO  main            d.u.i.k.p.i.AbstractProblemLoader Replaying proof reverseArray.key 
26432      DEBUG main            d.u.i.k.p.i.IntermediateProofReplayer Proof replay took 6.1ns 
27041      INFO  main            d.u.i.k.p.r.p.TestFile    ... finished proof: closed. 
27232      INFO  main            d.u.i.k.p.i.AbstractProblemLoader Loading environment from /home/runner/work/key/key/key.core/../key.ui/examples/standard_key/arrays/arrayStoreException/reverseArray.key.proof 
27233      DEBUG main            d.u.i.k.p.i.AbstractProblemLoader Environment load took 451.63ns 
27237      INFO  main            d.u.i.k.p.i.AbstractProblemLoader Creating init config 
30101      DEBUG main            d.u.i.k.p.i.AbstractProblemLoader Init config took 2.86s 
30126      INFO  main            d.u.i.k.p.i.AbstractProblemLoader Replaying proof reverseArray.key.proof 
30235      DEBUG main            d.u.i.k.p.i.IntermediateProofReplayer Proof replay took 103.67ms 
30237      DEBUG main            d.u.i.k.p.r.p.TestFile    ... success: reloaded. 
30239      INFO  main            d.u.i.k.p.r.p.TestFile    Now processing file /home/runner/work/key/key/key.core/../key.ui/examples/standard_key/arrays/arrayStoreException/throwArrayStoreException.key 
30239      INFO  main            d.u.i.k.p.i.AbstractProblemLoader Loading environment from /home/runner/work/key/key/key.core/../key.ui/examples/standard_key/arrays/arrayStoreException/throwArrayStoreException.key 
30239      DEBUG main            d.u.i.k.p.i.AbstractProblemLoader Environment load took 242.71ns 
30241      INFO  main            d.u.i.k.p.i.AbstractProblemLoader Creating init config 
33086      DEBUG main            d.u.i.k.p.i.AbstractProblemLoader Init config took 2.85s 
33110      INFO  main            d.u.i.k.p.i.AbstractProblemLoader Replaying proof throwArrayStoreException.key 
33112      DEBUG main            d.u.i.k.p.i.IntermediateProofReplayer Proof replay took 6.7ns 
33617      INFO  main            d.u.i.k.p.r.p.TestFile    ... finished proof: closed. 
33829      INFO  main            d.u.i.k.p.i.AbstractProblemLoader Loading environment from /home/runner/work/key/key/key.core/../key.ui/examples/standard_key/arrays/arrayStoreException/throwArrayStoreException.key.proof 
33830      DEBUG main            d.u.i.k.p.i.AbstractProblemLoader Environment load took 1.2ms 
33832      INFO  main            d.u.i.k.p.i.AbstractProblemLoader Creating init config 
36640      DEBUG main            d.u.i.k.p.i.AbstractProblemLoader Init config took 2.81s 
36674      INFO  main            d.u.i.k.p.i.AbstractProblemLoader Replaying proof throwArrayStoreException.key.proof 
36752      DEBUG main            d.u.i.k.p.i.IntermediateProofReplayer Proof replay took 72.01ms 
36754      DEBUG main            d.u.i.k.p.r.p.TestFile    ... success: reloaded. 
36755      INFO  main            d.u.i.k.p.r.p.TestFile    Now processing file /home/runner/work/key/key/key.core/../key.ui/examples/standard_key/arrays/creation/arrayCreation1.key 
36756      INFO  main            d.u.i.k.p.i.AbstractProblemLoader Loading environment from /home/runner/work/key/key/key.core/../key.ui/examples/standard_key/arrays/creation/arrayCreation1.key 
36756      DEBUG main            d.u.i.k.p.i.AbstractProblemLoader Environment load took 223.71ns 
36757      INFO  main            d.u.i.k.p.i.AbstractProblemLoader Creating init config 
39558      DEBUG main            d.u.i.k.p.i.AbstractProblemLoader Init config took 2.8s 
39582      INFO  main            d.u.i.k.p.i.AbstractProblemLoader Replaying proof arrayCreation1.key 
39584      DEBUG main            d.u.i.k.p.i.IntermediateProofReplayer Proof replay took 7ns 
39789      INFO  main            d.u.i.k.p.r.p.TestFile    ... finished proof: closed. 
39976      INFO  main            d.u.i.k.p.i.AbstractProblemLoader Loading environment from /home/runner/work/key/key/key.core/../key.ui/examples/standard_key/arrays/creation/arrayCreation1.key.proof 
39981      DEBUG main            d.u.i.k.p.i.AbstractProblemLoader Environment load took 5.15ms 
39983      INFO  main            d.u.i.k.p.i.AbstractProblemLoader Creating init config 
42742      DEBUG main            d.u.i.k.p.i.AbstractProblemLoader Init config took 2.76s 
42764      INFO  main            d.u.i.k.p.i.AbstractProblemLoader Replaying proof arrayCreation1.key.proof 
42788      DEBUG main            d.u.i.k.p.i.IntermediateProofReplayer Proof replay took 20.72ms 
42789      DEBUG main            d.u.i.k.p.r.p.TestFile    ... success: reloaded. 
42790      INFO  main            d.u.i.k.p.r.p.TestFile    Now processing file /home/runner/work/key/key/key.core/../key.ui/examples/standard_key/arrays/arrayStoreException/array2Dim.key 
42791      INFO  main            d.u.i.k.p.i.AbstractProblemLoader Loading environment from /home/runner/work/key/key/key.core/../key.ui/examples/standard_key/arrays/arrayStoreException/array2Dim.key 
42791      DEBUG main            d.u.i.k.p.i.AbstractProblemLoader Environment load took 268.92ns 
42792      INFO  main            d.u.i.k.p.i.AbstractProblemLoader Creating init config 
45637      DEBUG main            d.u.i.k.p.i.AbstractProblemLoader Init config took 2.84s 
45660      INFO  main            d.u.i.k.p.i.AbstractProblemLoader Replaying proof array2Dim.key 
45663      DEBUG main            d.u.i.k.p.i.IntermediateProofReplayer Proof replay took 7.2ns 
49425      INFO  main            d.u.i.k.p.r.p.TestFile    ... finished proof: open goal(s) 
49718      INFO  main            d.u.i.k.p.r.p.TestFile    Now processing file /home/runner/work/key/key/key.core/../key.ui/examples/standard_key/arrays/arrayStoreException/array2DimClose.key 
49718      INFO  main            d.u.i.k.p.i.AbstractProblemLoader Loading environment from /home/runner/work/key/key/key.core/../key.ui/examples/standard_key/arrays/arrayStoreException/array2DimClose.key 
49718      DEBUG main            d.u.i.k.p.i.AbstractProblemLoader Environment load took 88.41ns 
49720      INFO  main            d.u.i.k.p.i.AbstractProblemLoader Creating init config 
52421      DEBUG main            d.u.i.k.p.i.AbstractProblemLoader Init config took 2.7s 
52443      INFO  main            d.u.i.k.p.i.AbstractProblemLoader Replaying proof array2DimClose.key 
52446      DEBUG main            d.u.i.k.p.i.IntermediateProofReplayer Proof replay took 16.6ns 
54910      INFO  main            d.u.i.k.p.r.p.TestFile    ... finished proof: open goal(s) 
55324      INFO  main            d.u.i.k.p.r.p.TestFile    Now processing file /home/runner/work/key/key/key.core/../key.ui/examples/standard_key/arrays/arrayStoreException/throwASEForPrim.key 
55324      INFO  main            d.u.i.k.p.i.AbstractProblemLoader Loading environment from /home/runner/work/key/key/key.core/../key.ui/examples/standard_key/arrays/arrayStoreException/throwASEForPrim.key 
55325      DEBUG main            d.u.i.k.p.i.AbstractProblemLoader Environment load took 83.2ns 
55326      INFO  main            d.u.i.k.p.i.AbstractProblemLoader Creating init config 
58043      DEBUG main            d.u.i.k.p.i.AbstractProblemLoader Init config took 2.72s 
58064      INFO  main            d.u.i.k.p.i.AbstractProblemLoader Replaying proof throwASEForPrim.key 
58066      DEBUG main            d.u.i.k.p.i.IntermediateProofReplayer Proof replay took 6.3ns 
62927      INFO  main            d.u.i.k.p.r.p.TestFile    ... finished proof: open goal(s) 
3245206    INFO  Test worker     d.u.i.k.p.r.RunAllProofsTestUnit Returning from test arrays 
3245207    INFO  Test worker     d.u.i.k.p.r.RunAllProofsTestUnit Running test javadl 
384        INFO  Timeout watchdog d.u.i.k.p.r.p.ForkedTestFileRunner Timeout watcher launched (2000 secs.) 
417        WARN  main            d.u.i.k.s.ProofSettings   The settings in /home/runner/.key/proof-settings.props are *not* read. 
467        INFO  main            d.u.i.k.p.r.p.TestFile    Now processing file /home/runner/work/key/key/key.core/../key.ui/examples/standard_key/instanceCreation/instanceCreation1.key 
623        INFO  main            d.u.i.k.p.i.AbstractProblemLoader Loading environment from /home/runner/work/key/key/key.core/../key.ui/examples/standard_key/instanceCreation/instanceCreation1.key 
642        DEBUG main            d.u.i.k.p.i.AbstractProblemLoader Environment load took 2.12ms 
920        INFO  main            d.u.i.k.p.i.AbstractProblemLoader Creating init config 
1844       DEBUG main            d.u.i.k.j.TypeConverter   No LDT found for Meta 
1845       DEBUG main            d.u.i.k.j.TypeConverter   No LDT found for Meta 
1846       DEBUG main            d.u.i.k.j.TypeConverter   No LDT found for Meta 
1846       DEBUG main            d.u.i.k.j.TypeConverter   No LDT found for Meta 
3193       DEBUG main            d.u.i.k.j.TypeConverter   No LDT found for JavaBigintExpression 
9370       DEBUG main            d.u.i.k.p.i.AbstractProblemLoader Init config took 8.45s 
9451       INFO  main            d.u.i.k.p.i.AbstractProblemLoader Replaying proof instanceCreation1.key 
9492       DEBUG main            d.u.i.k.p.i.IntermediateProofReplayer Proof replay took 40.8ns 
10568      INFO  main            d.u.i.k.p.r.p.TestFile    ... finished proof: closed. 
10701      INFO  main            d.u.i.k.p.i.AbstractProblemLoader Loading environment from /home/runner/work/key/key/key.core/../key.ui/examples/standard_key/instanceCreation/instanceCreation1.key.proof 
10704      DEBUG main            d.u.i.k.p.i.AbstractProblemLoader Environment load took 2.99ms 
10710      INFO  main            d.u.i.k.p.i.AbstractProblemLoader Creating init config 
13898      DEBUG main            d.u.i.k.p.i.AbstractProblemLoader Init config took 3.19s 
13952      INFO  main            d.u.i.k.p.i.AbstractProblemLoader Replaying proof instanceCreation1.key.proof 
14050      DEBUG main            d.u.i.k.p.i.IntermediateProofReplayer Proof replay took 86.66ms 
14064      DEBUG main            d.u.i.k.p.r.p.TestFile    ... success: reloaded. 
14066      INFO  main            d.u.i.k.p.r.p.TestFile    Now processing file /home/runner/work/key/key/key.core/../key.ui/examples/standard_key/instanceCreation/instanceCreation2.key 
14066      INFO  main            d.u.i.k.p.i.AbstractProblemLoader Loading environment from /home/runner/work/key/key/key.core/../key.ui/examples/standard_key/instanceCreation/instanceCreation2.key 
14079      DEBUG main            d.u.i.k.p.i.AbstractProblemLoader Environment load took 13.23ms 
14084      INFO  main            d.u.i.k.p.i.AbstractProblemLoader Creating init config 
17453      DEBUG main            d.u.i.k.p.i.AbstractProblemLoader Init config took 3.37s 
17501      INFO  main            d.u.i.k.p.i.AbstractProblemLoader Replaying proof instanceCreation2.key 
17504      DEBUG main            d.u.i.k.p.i.IntermediateProofReplayer Proof replay took 6.9ns 
18111      INFO  main            d.u.i.k.p.r.p.TestFile    ... finished proof: closed. 
18288      INFO  main            d.u.i.k.p.i.AbstractProblemLoader Loading environment from /home/runner/work/key/key/key.core/../key.ui/examples/standard_key/instanceCreation/instanceCreation2.key.proof 
18296      DEBUG main            d.u.i.k.p.i.AbstractProblemLoader Environment load took 8.23ms 
18298      INFO  main            d.u.i.k.p.i.AbstractProblemLoader Creating init config 
21392      DEBUG main            d.u.i.k.p.i.AbstractProblemLoader Init config took 3.09s 
21422      INFO  main            d.u.i.k.p.i.AbstractProblemLoader Replaying proof instanceCreation2.key.proof 
21557      DEBUG main            d.u.i.k.p.i.IntermediateProofReplayer Proof replay took 119.85ms 
21559      DEBUG main            d.u.i.k.p.r.p.TestFile    ... success: reloaded. 
21560      INFO  main            d.u.i.k.p.r.p.TestFile    Now processing file /home/runner/work/key/key/key.core/../key.ui/examples/standard_key/instanceCreation/interfacesAndAbstractClassesHaveNoInstances.key 
21561      INFO  main            d.u.i.k.p.i.AbstractProblemLoader Loading environment from /home/runner/work/key/key/key.core/../key.ui/examples/standard_key/instanceCreation/interfacesAndAbstractClassesHaveNoInstances.key 
21561      DEBUG main            d.u.i.k.p.i.AbstractProblemLoader Environment load took 260.11ns 
21563      INFO  main            d.u.i.k.p.i.AbstractProblemLoader Creating init config 
24677      DEBUG main            d.u.i.k.p.i.AbstractProblemLoader Init config took 3.11s 
24703      INFO  main            d.u.i.k.p.i.AbstractProblemLoader Replaying proof interfacesAndAbstractClassesHaveNoInstances.key 
24704      DEBUG main            d.u.i.k.p.i.IntermediateProofReplayer Proof replay took 6.9ns 
24811      INFO  main            d.u.i.k.p.r.p.TestFile    ... finished proof: closed. 
24980      INFO  main            d.u.i.k.p.i.AbstractProblemLoader Loading environment from /home/runner/work/key/key/key.core/../key.ui/examples/standard_key/instanceCreation/interfacesAndAbstractClassesHaveNoInstances.key.proof 
24981      DEBUG main            d.u.i.k.p.i.AbstractProblemLoader Environment load took 135.41ns 
24982      INFO  main            d.u.i.k.p.i.AbstractProblemLoader Creating init config 
27912      DEBUG main            d.u.i.k.p.i.AbstractProblemLoader Init config took 2.93s 
27934      INFO  main            d.u.i.k.p.i.AbstractProblemLoader Replaying proof interfacesAndAbstractClassesHaveNoInstances.key.proof 
27937      DEBUG main            d.u.i.k.p.i.IntermediateProofReplayer Proof replay took 1.28ms 
27939      DEBUG main            d.u.i.k.p.r.p.TestFile    ... success: reloaded. 
27940      INFO  main            d.u.i.k.p.r.p.TestFile    Now processing file /home/runner/work/key/key/key.core/../key.ui/examples/standard_key/instanceCreation/successiveCreatedObjectsAreDistinct.key 
27940      INFO  main            d.u.i.k.p.i.AbstractProblemLoader Loading environment from /home/runner/work/key/key/key.core/../key.ui/examples/standard_key/instanceCreation/successiveCreatedObjectsAreDistinct.key 
27940      DEBUG main            d.u.i.k.p.i.AbstractProblemLoader Environment load took 120.21ns 
27941      INFO  main            d.u.i.k.p.i.AbstractProblemLoader Creating init config 
30828      DEBUG main            d.u.i.k.p.i.AbstractProblemLoader Init config took 2.89s 
30852      INFO  main            d.u.i.k.p.i.AbstractProblemLoader Replaying proof successiveCreatedObjectsAreDistinct.key 
30854      DEBUG main            d.u.i.k.p.i.IntermediateProofReplayer Proof replay took 6.5ns 
31158      INFO  main            d.u.i.k.p.r.p.TestFile    ... finished proof: closed. 
31371      INFO  main            d.u.i.k.p.i.AbstractProblemLoader Loading environment from /home/runner/work/key/key/key.core/../key.ui/examples/standard_key/instanceCreation/successiveCreatedObjectsAreDistinct.key.proof 
31371      DEBUG main            d.u.i.k.p.i.AbstractProblemLoader Environment load took 459.02ns 
31373      INFO  main            d.u.i.k.p.i.AbstractProblemLoader Creating init config 
34388      DEBUG main            d.u.i.k.p.i.AbstractProblemLoader Init config took 3.02s 
34413      INFO  main            d.u.i.k.p.i.AbstractProblemLoader Replaying proof successiveCreatedObjectsAreDistinct.key.proof 
34480      DEBUG main            d.u.i.k.p.i.IntermediateProofReplayer Proof replay took 62.86ms 
34481      DEBUG main            d.u.i.k.p.r.p.TestFile    ... success: reloaded. 
34482      INFO  main            d.u.i.k.p.r.p.TestFile    Now processing file /home/runner/work/key/key/key.core/../key.ui/examples/standard_key/instanceCreation/testOverloadingConstructors.key 
34483      INFO  main            d.u.i.k.p.i.AbstractProblemLoader Loading environment from /home/runner/work/key/key/key.core/../key.ui/examples/standard_key/instanceCreation/testOverloadingConstructors.key 
34483      DEBUG main            d.u.i.k.p.i.AbstractProblemLoader Environment load took 245.11ns 
34484      INFO  main            d.u.i.k.p.i.AbstractProblemLoader Creating init config 
37541      DEBUG main            d.u.i.k.p.i.AbstractProblemLoader Init config took 3.06s 
37565      INFO  main            d.u.i.k.p.i.AbstractProblemLoader Replaying proof testOverloadingConstructors.key 
37567      DEBUG main            d.u.i.k.p.i.IntermediateProofReplayer Proof replay took 6.4ns 
37871      INFO  main            d.u.i.k.p.r.p.TestFile    ... finished proof: closed. 
38065      INFO  main            d.u.i.k.p.i.AbstractProblemLoader Loading environment from /home/runner/work/key/key/key.core/../key.ui/examples/standard_key/instanceCreation/testOverloadingConstructors.key.proof 
38065      DEBUG main            d.u.i.k.p.i.AbstractProblemLoader Environment load took 167.61ns 
38066      INFO  main            d.u.i.k.p.i.AbstractProblemLoader Creating init config 
40949      DEBUG main            d.u.i.k.p.i.AbstractProblemLoader Init config took 2.88s 
40971      INFO  main            d.u.i.k.p.i.AbstractProblemLoader Replaying proof testOverloadingConstructors.key.proof 
41017      DEBUG main            d.u.i.k.p.i.IntermediateProofReplayer Proof replay took 43.06ms 
41018      DEBUG main            d.u.i.k.p.r.p.TestFile    ... success: reloaded. 
41019      INFO  main            d.u.i.k.p.r.p.TestFile    Now processing file /home/runner/work/key/key/key.core/../key.ui/examples/standard_key/java_dl/SimpleAttributes.key 
41020      INFO  main            d.u.i.k.p.i.AbstractProblemLoader Loading environment from /home/runner/work/key/key/key.core/../key.ui/examples/standard_key/java_dl/SimpleAttributes.key 
41020      DEBUG main            d.u.i.k.p.i.AbstractProblemLoader Environment load took 238.71ns 
41021      INFO  main            d.u.i.k.p.i.AbstractProblemLoader Creating init config 
43956      DEBUG main            d.u.i.k.p.i.AbstractProblemLoader Init config took 2.93s 
43981      INFO  main            d.u.i.k.p.i.AbstractProblemLoader Replaying proof SimpleAttributes.key 
43983      DEBUG main            d.u.i.k.p.i.IntermediateProofReplayer Proof replay took 6.9ns 
44191      INFO  main            d.u.i.k.p.r.p.TestFile    ... finished proof: closed. 
44384      INFO  main            d.u.i.k.p.i.AbstractProblemLoader Loading environment from /home/runner/work/key/key/key.core/../key.ui/examples/standard_key/java_dl/SimpleAttributes.key.proof 
44384      DEBUG main            d.u.i.k.p.i.AbstractProblemLoader Environment load took 140.71ns 
44386      INFO  main            d.u.i.k.p.i.AbstractProblemLoader Creating init config 
47277      DEBUG main            d.u.i.k.p.i.AbstractProblemLoader Init config took 2.89s 
47300      INFO  main            d.u.i.k.p.i.AbstractProblemLoader Replaying proof SimpleAttributes.key.proof 
47333      DEBUG main            d.u.i.k.p.i.IntermediateProofReplayer Proof replay took 22.41ms 
47334      DEBUG main            d.u.i.k.p.r.p.TestFile    ... success: reloaded. 
47335      INFO  main            d.u.i.k.p.r.p.TestFile    Now processing file /home/runner/work/key/key/key.core/../key.ui/examples/standard_key/java_dl/arrayMax.key 
47336      INFO  main            d.u.i.k.p.i.AbstractProblemLoader Loading environment from /home/runner/work/key/key/key.core/../key.ui/examples/standard_key/java_dl/arrayMax.key 
47336      DEBUG main            d.u.i.k.p.i.AbstractProblemLoader Environment load took 256.71ns 
47338      INFO  main            d.u.i.k.p.i.AbstractProblemLoader Creating init config 
50325      DEBUG main            d.u.i.k.p.i.AbstractProblemLoader Init config took 2.99s 
50348      INFO  main            d.u.i.k.p.i.AbstractProblemLoader Replaying proof arrayMax.key 
50351      DEBUG main            d.u.i.k.p.i.IntermediateProofReplayer Proof replay took 6.8ns 
51863      INFO  main            d.u.i.k.p.r.p.TestFile    ... finished proof: closed. 
52113      INFO  main            d.u.i.k.p.i.AbstractProblemLoader Loading environment from /home/runner/work/key/key/key.core/../key.ui/examples/standard_key/java_dl/arrayMax.key.proof 
52114      DEBUG main            d.u.i.k.p.i.AbstractProblemLoader Environment load took 501.72ns 
52116      INFO  main            d.u.i.k.p.i.AbstractProblemLoader Creating init config 
55003      DEBUG main            d.u.i.k.p.i.AbstractProblemLoader Init config took 2.89s 
55025      INFO  main            d.u.i.k.p.i.AbstractProblemLoader Replaying proof arrayMax.key.proof 
55218      DEBUG main            d.u.i.k.p.i.IntermediateProofReplayer Proof replay took 185.75ms 
55220      DEBUG main            d.u.i.k.p.r.p.TestFile    ... success: reloaded. 
55221      INFO  main            d.u.i.k.p.r.p.TestFile    Now processing file /home/runner/work/key/key/key.core/../key.ui/examples/standard_key/java_dl/arrayUpdateSimp.key 
55222      INFO  main            d.u.i.k.p.i.AbstractProblemLoader Loading environment from /home/runner/work/key/key/key.core/../key.ui/examples/standard_key/java_dl/arrayUpdateSimp.key 
55222      DEBUG main            d.u.i.k.p.i.AbstractProblemLoader Environment load took 227.31ns 
55228      INFO  main            d.u.i.k.p.i.AbstractProblemLoader Creating init config 
55256      WARN  main            d.u.i.k.j.r.KeYCrossReferenceNameInfo Datatype java.io.PrintStream declared twice: Once in FILE:/home/runner/work/key/key/key.core/../key.ui/examples/standard_key/java_dl/./classpath/PrintStream.java and once in URL:file:/home/runner/work/key/key/key.core/build/resources/main/de/uka/ilkd/key/java/JavaRedux/java/io/PrintStream.java, Keeping one from URL:file:/home/runner/work/key/key/key.core/build/resources/main/de/uka/ilkd/key/java/JavaRedux/java/io/PrintStream.java 
55257      WARN  main            d.u.i.k.j.r.KeYCrossReferenceNameInfo Datatype java.lang.System declared twice: Once in FILE:/home/runner/work/key/key/key.core/../key.ui/examples/standard_key/java_dl/./classpath/System.java and once in URL:file:/home/runner/work/key/key/key.core/build/resources/main/de/uka/ilkd/key/java/JavaRedux/java/lang/System.java, Keeping one from URL:file:/home/runner/work/key/key/key.core/build/resources/main/de/uka/ilkd/key/java/JavaRedux/java/lang/System.java 
55257      WARN  main            d.u.i.k.j.r.KeYCrossReferenceNameInfo Datatype java.io.InputStream declared twice: Once in FILE:/home/runner/work/key/key/key.core/../key.ui/examples/standard_key/java_dl/./classpath/InputStream.java and once in URL:file:/home/runner/work/key/key/key.core/build/resources/main/de/uka/ilkd/key/java/JavaRedux/java/io/InputStream.java, Keeping one from URL:file:/home/runner/work/key/key/key.core/build/resources/main/de/uka/ilkd/key/java/JavaRedux/java/io/InputStream.java 
55264      DEBUG main            d.u.i.k.j.r.ClassFileDeclarationBuilder Parsing: package java.io; public class Closeable { } 
55264      DEBUG main            r.s.KeYCrossReferenceSourceInfo Dynamically created class: java.io.Closeable 
58306      DEBUG main            d.u.i.k.p.i.AbstractProblemLoader Init config took 3.08s 
58329      INFO  main            d.u.i.k.p.i.AbstractProblemLoader Replaying proof arrayUpdateSimp.key 
58331      DEBUG main            d.u.i.k.p.i.IntermediateProofReplayer Proof replay took 7.6ns 
58438      INFO  main            d.u.i.k.p.r.p.TestFile    ... finished proof: closed. 
58673      INFO  main            d.u.i.k.p.i.AbstractProblemLoader Loading environment from /home/runner/work/key/key/key.core/../key.ui/examples/standard_key/java_dl/arrayUpdateSimp.key.proof 
58673      DEBUG main            d.u.i.k.p.i.AbstractProblemLoader Environment load took 137.91ns 
58678      INFO  main            d.u.i.k.p.i.AbstractProblemLoader Creating init config 
58705      WARN  main            d.u.i.k.j.r.KeYCrossReferenceNameInfo Datatype java.io.PrintStream declared twice: Once in FILE:/home/runner/work/key/key/key.core/../key.ui/examples/standard_key/java_dl/classpath/PrintStream.java and once in URL:file:/home/runner/work/key/key/key.core/build/resources/main/de/uka/ilkd/key/java/JavaRedux/java/io/PrintStream.java, Keeping one from URL:file:/home/runner/work/key/key/key.core/build/resources/main/de/uka/ilkd/key/java/JavaRedux/java/io/PrintStream.java 
58705      WARN  main            d.u.i.k.j.r.KeYCrossReferenceNameInfo Datatype java.lang.System declared twice: Once in FILE:/home/runner/work/key/key/key.core/../key.ui/examples/standard_key/java_dl/classpath/System.java and once in URL:file:/home/runner/work/key/key/key.core/build/resources/main/de/uka/ilkd/key/java/JavaRedux/java/lang/System.java, Keeping one from URL:file:/home/runner/work/key/key/key.core/build/resources/main/de/uka/ilkd/key/java/JavaRedux/java/lang/System.java 
58706      WARN  main            d.u.i.k.j.r.KeYCrossReferenceNameInfo Datatype java.io.InputStream declared twice: Once in FILE:/home/runner/work/key/key/key.core/../key.ui/examples/standard_key/java_dl/classpath/InputStream.java and once in URL:file:/home/runner/work/key/key/key.core/build/resources/main/de/uka/ilkd/key/java/JavaRedux/java/io/InputStream.java, Keeping one from URL:file:/home/runner/work/key/key/key.core/build/resources/main/de/uka/ilkd/key/java/JavaRedux/java/io/InputStream.java 
58710      DEBUG main            d.u.i.k.j.r.ClassFileDeclarationBuilder Parsing: package java.io; public class Closeable { } 
58710      DEBUG main            r.s.KeYCrossReferenceSourceInfo Dynamically created class: java.io.Closeable 
61608      DEBUG main            d.u.i.k.p.i.AbstractProblemLoader Init config took 2.93s 
61632      INFO  main            d.u.i.k.p.i.AbstractProblemLoader Replaying proof arrayUpdateSimp.key.proof 
61634      DEBUG main            d.u.i.k.p.i.IntermediateProofReplayer Proof replay took 624.43ns 
61636      DEBUG main            d.u.i.k.p.r.p.TestFile    ... success: reloaded. 
61637      INFO  main            d.u.i.k.p.r.p.TestFile    Now processing file /home/runner/work/key/key/key.core/../key.ui/examples/standard_key/java_dl/attributes.key 
61637      INFO  main            d.u.i.k.p.i.AbstractProblemLoader Loading environment from /home/runner/work/key/key/key.core/../key.ui/examples/standard_key/java_dl/attributes.key 
61637      DEBUG main            d.u.i.k.p.i.AbstractProblemLoader Environment load took 102ns 
61639      INFO  main            d.u.i.k.p.i.AbstractProblemLoader Creating init config 
64553      DEBUG main            d.u.i.k.p.i.AbstractProblemLoader Init config took 2.91s 
64574      INFO  main            d.u.i.k.p.i.AbstractProblemLoader Replaying proof attributes.key 
64576      DEBUG main            d.u.i.k.p.i.IntermediateProofReplayer Proof replay took 7.1ns 
64782      INFO  main            d.u.i.k.p.r.p.TestFile    ... finished proof: closed. 
65044      INFO  main            d.u.i.k.p.i.AbstractProblemLoader Loading environment from /home/runner/work/key/key/key.core/../key.ui/examples/standard_key/java_dl/attributes.key.proof 
65044      DEBUG main            d.u.i.k.p.i.AbstractProblemLoader Environment load took 127.51ns 
65045      INFO  main            d.u.i.k.p.i.AbstractProblemLoader Creating init config 
67853      DEBUG main            d.u.i.k.p.i.AbstractProblemLoader Init config took 2.81s 
67877      INFO  main            d.u.i.k.p.i.AbstractProblemLoader Replaying proof attributes.key.proof 
67931      DEBUG main            d.u.i.k.p.i.IntermediateProofReplayer Proof replay took 51.29ms 
67932      DEBUG main            d.u.i.k.p.r.p.TestFile    ... success: reloaded. 
67934      INFO  main            d.u.i.k.p.r.p.TestFile    Now processing file /home/runner/work/key/key/key.core/../key.ui/examples/standard_key/java_dl/break.key 
67935      INFO  main            d.u.i.k.p.i.AbstractProblemLoader Loading environment from /home/runner/work/key/key/key.core/../key.ui/examples/standard_key/java_dl/break.key 
67935      DEBUG main            d.u.i.k.p.i.AbstractProblemLoader Environment load took 234.31ns 
67936      INFO  main            d.u.i.k.p.i.AbstractProblemLoader Creating init config 
68001      WARN  main            d.u.i.k.j.r.KeYCrossReferenceNameInfo Datatype java.io.PrintStream declared twice: Once in FILE:/home/runner/work/key/key/key.core/../key.ui/examples/standard_key/java_dl/classpath/PrintStream.java and once in URL:file:/home/runner/work/key/key/key.core/build/resources/main/de/uka/ilkd/key/java/JavaRedux/java/io/PrintStream.java, Keeping one from URL:file:/home/runner/work/key/key/key.core/build/resources/main/de/uka/ilkd/key/java/JavaRedux/java/io/PrintStream.java 
68008      WARN  main            d.u.i.k.j.r.KeYCrossReferenceNameInfo Datatype java.lang.System declared twice: Once in FILE:/home/runner/work/key/key/key.core/../key.ui/examples/standard_key/java_dl/classpath/System.java and once in URL:file:/home/runner/work/key/key/key.core/build/resources/main/de/uka/ilkd/key/java/JavaRedux/java/lang/System.java, Keeping one from URL:file:/home/runner/work/key/key/key.core/build/resources/main/de/uka/ilkd/key/java/JavaRedux/java/lang/System.java 
68008      WARN  main            d.u.i.k.j.r.KeYCrossReferenceNameInfo Datatype java.io.InputStream declared twice: Once in FILE:/home/runner/work/key/key/key.core/../key.ui/examples/standard_key/java_dl/classpath/InputStream.java and once in URL:file:/home/runner/work/key/key/key.core/build/resources/main/de/uka/ilkd/key/java/JavaRedux/java/io/InputStream.java, Keeping one from URL:file:/home/runner/work/key/key/key.core/build/resources/main/de/uka/ilkd/key/java/JavaRedux/java/io/InputStream.java 
68013      DEBUG main            d.u.i.k.j.r.ClassFileDeclarationBuilder Parsing: package java.io; public class Closeable { } 
68013      DEBUG main            r.s.KeYCrossReferenceSourceInfo Dynamically created class: java.io.Closeable 
70862      DEBUG main            d.u.i.k.p.i.AbstractProblemLoader Init config took 2.93s 
70882      INFO  main            d.u.i.k.p.i.AbstractProblemLoader Replaying proof break.key 
70883      DEBUG main            d.u.i.k.p.i.IntermediateProofReplayer Proof replay took 7.2ns 
70987      INFO  main            d.u.i.k.p.r.p.TestFile    ... finished proof: closed. 
71205      INFO  main            d.u.i.k.p.i.AbstractProblemLoader Loading environment from /home/runner/work/key/key/key.core/../key.ui/examples/standard_key/java_dl/break.key.proof 
71205      DEBUG main            d.u.i.k.p.i.AbstractProblemLoader Environment load took 123.11ns 
71206      INFO  main            d.u.i.k.p.i.AbstractProblemLoader Creating init config 
71249      WARN  main            d.u.i.k.j.r.KeYCrossReferenceNameInfo Datatype java.io.PrintStream declared twice: Once in FILE:/home/runner/work/key/key/key.core/../key.ui/examples/standard_key/java_dl/classpath/PrintStream.java and once in URL:file:/home/runner/work/key/key/key.core/build/resources/main/de/uka/ilkd/key/java/JavaRedux/java/io/PrintStream.java, Keeping one from URL:file:/home/runner/work/key/key/key.core/build/resources/main/de/uka/ilkd/key/java/JavaRedux/java/io/PrintStream.java 
71249      WARN  main            d.u.i.k.j.r.KeYCrossReferenceNameInfo Datatype java.lang.System declared twice: Once in FILE:/home/runner/work/key/key/key.core/../key.ui/examples/standard_key/java_dl/classpath/System.java and once in URL:file:/home/runner/work/key/key/key.core/build/resources/main/de/uka/ilkd/key/java/JavaRedux/java/lang/System.java, Keeping one from URL:file:/home/runner/work/key/key/key.core/build/resources/main/de/uka/ilkd/key/java/JavaRedux/java/lang/System.java 
71249      WARN  main            d.u.i.k.j.r.KeYCrossReferenceNameInfo Datatype java.io.InputStream declared twice: Once in FILE:/home/runner/work/key/key/key.core/../key.ui/examples/standard_key/java_dl/classpath/InputStream.java and once in URL:file:/home/runner/work/key/key/key.core/build/resources/main/de/uka/ilkd/key/java/JavaRedux/java/io/InputStream.java, Keeping one from URL:file:/home/runner/work/key/key/key.core/build/resources/main/de/uka/ilkd/key/java/JavaRedux/java/io/InputStream.java 
71254      DEBUG main            d.u.i.k.j.r.ClassFileDeclarationBuilder Parsing: package java.io; public class Closeable { } 
71254      DEBUG main            r.s.KeYCrossReferenceSourceInfo Dynamically created class: java.io.Closeable 
74028      DEBUG main            d.u.i.k.p.i.AbstractProblemLoader Init config took 2.82s 
74047      INFO  main            d.u.i.k.p.i.AbstractProblemLoader Replaying proof break.key.proof 
74056      DEBUG main            d.u.i.k.p.i.IntermediateProofReplayer Proof replay took 7.47ms 
74057      DEBUG main            d.u.i.k.p.r.p.TestFile    ... success: reloaded. 
74058      INFO  main            d.u.i.k.p.r.p.TestFile    Now processing file /home/runner/work/key/key/key.core/../key.ui/examples/standard_key/java_dl/char.key 
74059      INFO  main            d.u.i.k.p.i.AbstractProblemLoader Loading environment from /home/runner/work/key/key/key.core/../key.ui/examples/standard_key/java_dl/char.key 
74059      DEBUG main            d.u.i.k.p.i.AbstractProblemLoader Environment load took 102.61ns 
74060      INFO  main            d.u.i.k.p.i.AbstractProblemLoader Creating init config 
76840      DEBUG main            d.u.i.k.p.i.AbstractProblemLoader Init config took 2.78s 
76857      INFO  main            d.u.i.k.p.i.AbstractProblemLoader Replaying proof char.key 
76859      DEBUG main            d.u.i.k.p.i.IntermediateProofReplayer Proof replay took 7ns 
76967      INFO  main            d.u.i.k.p.r.p.TestFile    ... finished proof: closed. 
77181      INFO  main            d.u.i.k.p.i.AbstractProblemLoader Loading environment from /home/runner/work/key/key/key.core/../key.ui/examples/standard_key/java_dl/char.key.proof 
77181      DEBUG main            d.u.i.k.p.i.AbstractProblemLoader Environment load took 130ns 
77183      INFO  main            d.u.i.k.p.i.AbstractProblemLoader Creating init config 
79952      DEBUG main            d.u.i.k.p.i.AbstractProblemLoader Init config took 2.77s 
79970      INFO  main            d.u.i.k.p.i.AbstractProblemLoader Replaying proof char.key.proof 
79975      DEBUG main            d.u.i.k.p.i.IntermediateProofReplayer Proof replay took 2.17ms 
79975      DEBUG main            d.u.i.k.p.r.p.TestFile    ... success: reloaded. 
79976      INFO  main            d.u.i.k.p.r.p.TestFile    Now processing file /home/runner/work/key/key/key.core/../key.ui/examples/standard_key/java_dl/compileTimeConstants.key 
79976      INFO  main            d.u.i.k.p.i.AbstractProblemLoader Loading environment from /home/runner/work/key/key/key.core/../key.ui/examples/standard_key/java_dl/compileTimeConstants.key 
79976      DEBUG main            d.u.i.k.p.i.AbstractProblemLoader Environment load took 84.3ns 
79977      INFO  main            d.u.i.k.p.i.AbstractProblemLoader Creating init config 
82817      DEBUG main            d.u.i.k.p.i.AbstractProblemLoader Init config took 2.84s 
82835      INFO  main            d.u.i.k.p.i.AbstractProblemLoader Replaying proof compileTimeConstants.key 
82836      DEBUG main            d.u.i.k.p.i.IntermediateProofReplayer Proof replay took 6.5ns 
82939      INFO  main            d.u.i.k.p.r.p.TestFile    ... finished proof: closed. 
83193      INFO  main            d.u.i.k.p.i.AbstractProblemLoader Loading environment from /home/runner/work/key/key/key.core/../key.ui/examples/standard_key/java_dl/compileTimeConstants.key.proof 
83193      DEBUG main            d.u.i.k.p.i.AbstractProblemLoader Environment load took 133.71ns 
83195      INFO  main            d.u.i.k.p.i.AbstractProblemLoader Creating init config 
85967      DEBUG main            d.u.i.k.p.i.AbstractProblemLoader Init config took 2.77s 
85985      INFO  main            d.u.i.k.p.i.AbstractProblemLoader Replaying proof compileTimeConstants.key.proof 
86001      DEBUG main            d.u.i.k.p.i.IntermediateProofReplayer Proof replay took 13.05ms 
86003      DEBUG main            d.u.i.k.p.r.p.TestFile    ... success: reloaded. 
86004      INFO  main            d.u.i.k.p.r.p.TestFile    Now processing file /home/runner/work/key/key/key.core/../key.ui/examples/standard_key/java_dl/constructorException/test.key 
86004      INFO  main            d.u.i.k.p.i.AbstractProblemLoader Loading environment from /home/runner/work/key/key/key.core/../key.ui/examples/standard_key/java_dl/constructorException/test.key 
86005      DEBUG main            d.u.i.k.p.i.AbstractProblemLoader Environment load took 217.71ns 
86006      INFO  main            d.u.i.k.p.i.AbstractProblemLoader Creating init config 
88972      DEBUG main            d.u.i.k.p.i.AbstractProblemLoader Init config took 2.97s 
89058      INFO  main            d.u.i.k.p.i.AbstractProblemLoader Replaying proof Test[Test::Test(int)].JML operation contract.0 
89059      DEBUG main            d.u.i.k.p.i.IntermediateProofReplayer Proof replay took 7ns 
89364      INFO  main            d.u.i.k.p.r.p.TestFile    ... finished proof: closed. 
89672      INFO  main            d.u.i.k.p.i.AbstractProblemLoader Loading environment from /home/runner/work/key/key/key.core/../key.ui/examples/standard_key/java_dl/constructorException/test.key.proof 
89672      DEBUG main            d.u.i.k.p.i.AbstractProblemLoader Environment load took 130.51ns 
89673      INFO  main            d.u.i.k.p.i.AbstractProblemLoader Creating init config 
92453      DEBUG main            d.u.i.k.p.i.AbstractProblemLoader Init config took 2.78s 
92521      INFO  main            d.u.i.k.p.i.AbstractProblemLoader Replaying proof Test[Test::Test(int)].JML operation contract.0 
92569      DEBUG main            d.u.i.k.p.i.IntermediateProofReplayer Proof replay took 44.94ms 
92570      DEBUG main            d.u.i.k.p.r.p.TestFile    ... success: reloaded. 
92571      INFO  main            d.u.i.k.p.r.p.TestFile    Now processing file /home/runner/work/key/key/key.core/../key.ui/examples/standard_key/java_dl/constructorException/regressionTestBug1333.key 
92571      INFO  main            d.u.i.k.p.i.AbstractProblemLoader Loading environment from /home/runner/work/key/key/key.core/../key.ui/examples/standard_key/java_dl/constructorException/regressionTestBug1333.key 
92572      DEBUG main            d.u.i.k.p.i.AbstractProblemLoader Environment load took 205.51ns 
92573      INFO  main            d.u.i.k.p.i.AbstractProblemLoader Creating init config 
95553      DEBUG main            d.u.i.k.p.i.AbstractProblemLoader Init config took 2.98s 
95597      INFO  main            d.u.i.k.p.i.AbstractProblemLoader Replaying proof False[False::False()].JML normal_behavior operation contract.0 
95600      DEBUG main            d.u.i.k.p.i.IntermediateProofReplayer Proof replay took 7.6ns 
95707      INFO  main            d.u.i.k.p.r.p.TestFile    ... finished proof: open goal(s) 
95944      INFO  main            d.u.i.k.p.r.p.TestFile    Now processing file /home/runner/work/key/key/key.core/../key.ui/examples/standard_key/java_dl/continue1.key 
95945      INFO  main            d.u.i.k.p.i.AbstractProblemLoader Loading environment from /home/runner/work/key/key/key.core/../key.ui/examples/standard_key/java_dl/continue1.key 
95945      DEBUG main            d.u.i.k.p.i.AbstractProblemLoader Environment load took 72.8ns 
95946      INFO  main            d.u.i.k.p.i.AbstractProblemLoader Creating init config 
95970      WARN  main            d.u.i.k.j.r.KeYCrossReferenceNameInfo Datatype java.io.PrintStream declared twice: Once in FILE:/home/runner/work/key/key/key.core/../key.ui/examples/standard_key/java_dl/classpath/PrintStream.java and once in URL:file:/home/runner/work/key/key/key.core/build/resources/main/de/uka/ilkd/key/java/JavaRedux/java/io/PrintStream.java, Keeping one from URL:file:/home/runner/work/key/key/key.core/build/resources/main/de/uka/ilkd/key/java/JavaRedux/java/io/PrintStream.java 
95971      WARN  main            d.u.i.k.j.r.KeYCrossReferenceNameInfo Datatype java.lang.System declared twice: Once in FILE:/home/runner/work/key/key/key.core/../key.ui/examples/standard_key/java_dl/classpath/System.java and once in URL:file:/home/runner/work/key/key/key.core/build/resources/main/de/uka/ilkd/key/java/JavaRedux/java/lang/System.java, Keeping one from URL:file:/home/runner/work/key/key/key.core/build/resources/main/de/uka/ilkd/key/java/JavaRedux/java/lang/System.java 
95971      WARN  main            d.u.i.k.j.r.KeYCrossReferenceNameInfo Datatype java.io.InputStream declared twice: Once in FILE:/home/runner/work/key/key/key.core/../key.ui/examples/standard_key/java_dl/classpath/InputStream.java and once in URL:file:/home/runner/work/key/key/key.core/build/resources/main/de/uka/ilkd/key/java/JavaRedux/java/io/InputStream.java, Keeping one from URL:file:/home/runner/work/key/key/key.core/build/resources/main/de/uka/ilkd/key/java/JavaRedux/java/io/InputStream.java 
95975      DEBUG main            d.u.i.k.j.r.ClassFileDeclarationBuilder Parsing: package java.io; public class Closeable { } 
95975      DEBUG main            r.s.KeYCrossReferenceSourceInfo Dynamically created class: java.io.Closeable 
98771      DEBUG main            d.u.i.k.p.i.AbstractProblemLoader Init config took 2.82s 
98789      INFO  main            d.u.i.k.p.i.AbstractProblemLoader Replaying proof continue1.key 
98791      DEBUG main            d.u.i.k.p.i.IntermediateProofReplayer Proof replay took 7ns 
98893      INFO  main            d.u.i.k.p.r.p.TestFile    ... finished proof: closed. 
99132      INFO  main            d.u.i.k.p.i.AbstractProblemLoader Loading environment from /home/runner/work/key/key/key.core/../key.ui/examples/standard_key/java_dl/continue1.key.proof 
99132      DEBUG main            d.u.i.k.p.i.AbstractProblemLoader Environment load took 143.81ns 
99135      INFO  main            d.u.i.k.p.i.AbstractProblemLoader Creating init config 
99161      WARN  main            d.u.i.k.j.r.KeYCrossReferenceNameInfo Datatype java.io.PrintStream declared twice: Once in FILE:/home/runner/work/key/key/key.core/../key.ui/examples/standard_key/java_dl/classpath/PrintStream.java and once in URL:file:/home/runner/work/key/key/key.core/build/resources/main/de/uka/ilkd/key/java/JavaRedux/java/io/PrintStream.java, Keeping one from URL:file:/home/runner/work/key/key/key.core/build/resources/main/de/uka/ilkd/key/java/JavaRedux/java/io/PrintStream.java 
99162      WARN  main            d.u.i.k.j.r.KeYCrossReferenceNameInfo Datatype java.lang.System declared twice: Once in FILE:/home/runner/work/key/key/key.core/../key.ui/examples/standard_key/java_dl/classpath/System.java and once in URL:file:/home/runner/work/key/key/key.core/build/resources/main/de/uka/ilkd/key/java/JavaRedux/java/lang/System.java, Keeping one from URL:file:/home/runner/work/key/key/key.core/build/resources/main/de/uka/ilkd/key/java/JavaRedux/java/lang/System.java 
99162      WARN  main            d.u.i.k.j.r.KeYCrossReferenceNameInfo Datatype java.io.InputStream declared twice: Once in FILE:/home/runner/work/key/key/key.core/../key.ui/examples/standard_key/java_dl/classpath/InputStream.java and once in URL:file:/home/runner/work/key/key/key.core/build/resources/main/de/uka/ilkd/key/java/JavaRedux/java/io/InputStream.java, Keeping one from URL:file:/home/runner/work/key/key/key.core/build/resources/main/de/uka/ilkd/key/java/JavaRedux/java/io/InputStream.java 
99166      DEBUG main            d.u.i.k.j.r.ClassFileDeclarationBuilder Parsing: package java.io; public class Closeable { } 
99166      DEBUG main            r.s.KeYCrossReferenceSourceInfo Dynamically created class: java.io.Closeable 
101870     DEBUG main            d.u.i.k.p.i.AbstractProblemLoader Init config took 2.74s 
101887     INFO  main            d.u.i.k.p.i.AbstractProblemLoader Replaying proof continue1.key.proof 
101906     DEBUG main            d.u.i.k.p.i.IntermediateProofReplayer Proof replay took 16.44ms 
101907     DEBUG main            d.u.i.k.p.r.p.TestFile    ... success: reloaded. 
101909     INFO  main            d.u.i.k.p.r.p.TestFile    Now processing file /home/runner/work/key/key/key.core/../key.ui/examples/standard_key/java_dl/continue2.key 
101909     INFO  main            d.u.i.k.p.i.AbstractProblemLoader Loading environment from /home/runner/work/key/key/key.core/../key.ui/examples/standard_key/java_dl/continue2.key 
101909     DEBUG main            d.u.i.k.p.i.AbstractProblemLoader Environment load took 143.51ns 
101910     INFO  main            d.u.i.k.p.i.AbstractProblemLoader Creating init config 
101934     WARN  main            d.u.i.k.j.r.KeYCrossReferenceNameInfo Datatype java.io.PrintStream declared twice: Once in FILE:/home/runner/work/key/key/key.core/../key.ui/examples/standard_key/java_dl/classpath/PrintStream.java and once in URL:file:/home/runner/work/key/key/key.core/build/resources/main/de/uka/ilkd/key/java/JavaRedux/java/io/PrintStream.java, Keeping one from URL:file:/home/runner/work/key/key/key.core/build/resources/main/de/uka/ilkd/key/java/JavaRedux/java/io/PrintStream.java 
101934     WARN  main            d.u.i.k.j.r.KeYCrossReferenceNameInfo Datatype java.lang.System declared twice: Once in FILE:/home/runner/work/key/key/key.core/../key.ui/examples/standard_key/java_dl/classpath/System.java and once in URL:file:/home/runner/work/key/key/key.core/build/resources/main/de/uka/ilkd/key/java/JavaRedux/java/lang/System.java, Keeping one from URL:file:/home/runner/work/key/key/key.core/build/resources/main/de/uka/ilkd/key/java/JavaRedux/java/lang/System.java 
101934     WARN  main            d.u.i.k.j.r.KeYCrossReferenceNameInfo Datatype java.io.InputStream declared twice: Once in FILE:/home/runner/work/key/key/key.core/../key.ui/examples/standard_key/java_dl/classpath/InputStream.java and once in URL:file:/home/runner/work/key/key/key.core/build/resources/main/de/uka/ilkd/key/java/JavaRedux/java/io/InputStream.java, Keeping one from URL:file:/home/runner/work/key/key/key.core/build/resources/main/de/uka/ilkd/key/java/JavaRedux/java/io/InputStream.java 
101938     DEBUG main            d.u.i.k.j.r.ClassFileDeclarationBuilder Parsing: package java.io; public class Closeable { } 
101938     DEBUG main            r.s.KeYCrossReferenceSourceInfo Dynamically created class: java.io.Closeable 
104788     DEBUG main            d.u.i.k.p.i.AbstractProblemLoader Init config took 2.88s 
104805     INFO  main            d.u.i.k.p.i.AbstractProblemLoader Replaying proof continue2.key 
104807     DEBUG main            d.u.i.k.p.i.IntermediateProofReplayer Proof replay took 8.5ns 
105114     INFO  main            d.u.i.k.p.r.p.TestFile    ... finished proof: closed. 
105366     INFO  main            d.u.i.k.p.i.AbstractProblemLoader Loading environment from /home/runner/work/key/key/key.core/../key.ui/examples/standard_key/java_dl/continue2.key.proof 
105366     DEBUG main            d.u.i.k.p.i.AbstractProblemLoader Environment load took 457.12ns 
105368     INFO  main            d.u.i.k.p.i.AbstractProblemLoader Creating init config 
105422     WARN  main            d.u.i.k.j.r.KeYCrossReferenceNameInfo Datatype java.io.PrintStream declared twice: Once in FILE:/home/runner/work/key/key/key.core/../key.ui/examples/standard_key/java_dl/classpath/PrintStream.java and once in URL:file:/home/runner/work/key/key/key.core/build/resources/main/de/uka/ilkd/key/java/JavaRedux/java/io/PrintStream.java, Keeping one from URL:file:/home/runner/work/key/key/key.core/build/resources/main/de/uka/ilkd/key/java/JavaRedux/java/io/PrintStream.java 
105429     WARN  main            d.u.i.k.j.r.KeYCrossReferenceNameInfo Datatype java.lang.System declared twice: Once in FILE:/home/runner/work/key/key/key.core/../key.ui/examples/standard_key/java_dl/classpath/System.java and once in URL:file:/home/runner/work/key/key/key.core/build/resources/main/de/uka/ilkd/key/java/JavaRedux/java/lang/System.java, Keeping one from URL:file:/home/runner/work/key/key/key.core/build/resources/main/de/uka/ilkd/key/java/JavaRedux/java/lang/System.java 
105430     WARN  main            d.u.i.k.j.r.KeYCrossReferenceNameInfo Datatype java.io.InputStream declared twice: Once in FILE:/home/runner/work/key/key/key.core/../key.ui/examples/standard_key/java_dl/classpath/InputStream.java and once in URL:file:/home/runner/work/key/key/key.core/build/resources/main/de/uka/ilkd/key/java/JavaRedux/java/io/InputStream.java, Keeping one from URL:file:/home/runner/work/key/key/key.core/build/resources/main/de/uka/ilkd/key/java/JavaRedux/java/io/InputStream.java 
105443     DEBUG main            d.u.i.k.j.r.ClassFileDeclarationBuilder Parsing: package java.io; public class Closeable { } 
105444     DEBUG main            r.s.KeYCrossReferenceSourceInfo Dynamically created class: java.io.Closeable 
108242     DEBUG main            d.u.i.k.p.i.AbstractProblemLoader Init config took 2.87s 
108259     INFO  main            d.u.i.k.p.i.AbstractProblemLoader Replaying proof continue2.key.proof 
108334     DEBUG main            d.u.i.k.p.i.IntermediateProofReplayer Proof replay took 72.77ms 
108336     DEBUG main            d.u.i.k.p.r.p.TestFile    ... success: reloaded. 
108338     INFO  main            d.u.i.k.p.r.p.TestFile    Now processing file /home/runner/work/key/key/key.core/../key.ui/examples/standard_key/java_dl/complexAssignment.key 
108338     INFO  main            d.u.i.k.p.i.AbstractProblemLoader Loading environment from /home/runner/work/key/key/key.core/../key.ui/examples/standard_key/java_dl/complexAssignment.key 
108338     DEBUG main            d.u.i.k.p.i.AbstractProblemLoader Environment load took 106.7ns 
108339     INFO  main            d.u.i.k.p.i.AbstractProblemLoader Creating init config 
111087     DEBUG main            d.u.i.k.p.i.AbstractProblemLoader Init config took 2.75s 
111104     INFO  main            d.u.i.k.p.i.AbstractProblemLoader Replaying proof complexAssignment.key 
111106     DEBUG main            d.u.i.k.p.i.IntermediateProofReplayer Proof replay took 8.5ns 
111209     INFO  main            d.u.i.k.p.r.p.TestFile    ... finished proof: closed. 
111473     INFO  main            d.u.i.k.p.i.AbstractProblemLoader Loading environment from /home/runner/work/key/key/key.core/../key.ui/examples/standard_key/java_dl/complexAssignment.key.proof 
111473     DEBUG main            d.u.i.k.p.i.AbstractProblemLoader Environment load took 125.51ns 
111474     INFO  main            d.u.i.k.p.i.AbstractProblemLoader Creating init config 
114131     DEBUG main            d.u.i.k.p.i.AbstractProblemLoader Init config took 2.66s 
114146     INFO  main            d.u.i.k.p.i.AbstractProblemLoader Replaying proof complexAssignment.key.proof 
114154     DEBUG main            d.u.i.k.p.i.IntermediateProofReplayer Proof replay took 5.47ms 
114155     DEBUG main            d.u.i.k.p.r.p.TestFile    ... success: reloaded. 
114155     INFO  main            d.u.i.k.p.r.p.TestFile    Now processing file /home/runner/work/key/key/key.core/../key.ui/examples/standard_key/java_dl/danglingElseSolution1.key 
114155     INFO  main            d.u.i.k.p.i.AbstractProblemLoader Loading environment from /home/runner/work/key/key/key.core/../key.ui/examples/standard_key/java_dl/danglingElseSolution1.key 
114156     DEBUG main            d.u.i.k.p.i.AbstractProblemLoader Environment load took 103.7ns 
114157     INFO  main            d.u.i.k.p.i.AbstractProblemLoader Creating init config 
116903     DEBUG main            d.u.i.k.p.i.AbstractProblemLoader Init config took 2.75s 
116922     INFO  main            d.u.i.k.p.i.AbstractProblemLoader Replaying proof danglingElseSolution1.key 
116925     DEBUG main            d.u.i.k.p.i.IntermediateProofReplayer Proof replay took 7.1ns 
117028     INFO  main            d.u.i.k.p.r.p.TestFile    ... finished proof: closed. 
117366     INFO  main            d.u.i.k.p.i.AbstractProblemLoader Loading environment from /home/runner/work/key/key/key.core/../key.ui/examples/standard_key/java_dl/danglingElseSolution1.key.proof 
117366     DEBUG main            d.u.i.k.p.i.AbstractProblemLoader Environment load took 129.71ns 
117367     INFO  main            d.u.i.k.p.i.AbstractProblemLoader Creating init config 
120012     DEBUG main            d.u.i.k.p.i.AbstractProblemLoader Init config took 2.64s 
120029     INFO  main            d.u.i.k.p.i.AbstractProblemLoader Replaying proof danglingElseSolution1.key.proof 
120049     DEBUG main            d.u.i.k.p.i.IntermediateProofReplayer Proof replay took 18.19ms 
120050     DEBUG main            d.u.i.k.p.r.p.TestFile    ... success: reloaded. 
120051     INFO  main            d.u.i.k.p.r.p.TestFile    Now processing file /home/runner/work/key/key/key.core/../key.ui/examples/standard_key/java_dl/danglingElseSolution2.key 
120051     INFO  main            d.u.i.k.p.i.AbstractProblemLoader Loading environment from /home/runner/work/key/key/key.core/../key.ui/examples/standard_key/java_dl/danglingElseSolution2.key 
120051     DEBUG main            d.u.i.k.p.i.AbstractProblemLoader Environment load took 93.1ns 
120052     INFO  main            d.u.i.k.p.i.AbstractProblemLoader Creating init config 
122795     DEBUG main            d.u.i.k.p.i.AbstractProblemLoader Init config took 2.74s 
122811     INFO  main            d.u.i.k.p.i.AbstractProblemLoader Replaying proof danglingElseSolution2.key 
122813     DEBUG main            d.u.i.k.p.i.IntermediateProofReplayer Proof replay took 7.4ns 
122918     INFO  main            d.u.i.k.p.r.p.TestFile    ... finished proof: closed. 
123254     INFO  main            d.u.i.k.p.i.AbstractProblemLoader Loading environment from /home/runner/work/key/key/key.core/../key.ui/examples/standard_key/java_dl/danglingElseSolution2.key.proof 
123255     DEBUG main            d.u.i.k.p.i.AbstractProblemLoader Environment load took 125.41ns 
123256     INFO  main            d.u.i.k.p.i.AbstractProblemLoader Creating init config 
125984     DEBUG main            d.u.i.k.p.i.AbstractProblemLoader Init config took 2.73s 
126001     INFO  main            d.u.i.k.p.i.AbstractProblemLoader Replaying proof danglingElseSolution2.key.proof 
126010     DEBUG main            d.u.i.k.p.i.IntermediateProofReplayer Proof replay took 6.98ms 
126011     DEBUG main            d.u.i.k.p.r.p.TestFile    ... success: reloaded. 
126012     INFO  main            d.u.i.k.p.r.p.TestFile    Now processing file /home/runner/work/key/key/key.core/../key.ui/examples/standard_key/java_dl/deepNonNull/deepNonNull0.key 
126012     INFO  main            d.u.i.k.p.i.AbstractProblemLoader Loading environment from /home/runner/work/key/key/key.core/../key.ui/examples/standard_key/java_dl/deepNonNull/deepNonNull0.key 
126012     DEBUG main            d.u.i.k.p.i.AbstractProblemLoader Environment load took 183.51ns 
126013     INFO  main            d.u.i.k.p.i.AbstractProblemLoader Creating init config 
128795     DEBUG main            d.u.i.k.p.i.AbstractProblemLoader Init config took 2.78s 
128838     INFO  main            d.u.i.k.p.i.AbstractProblemLoader Replaying proof Arrays[Arrays::get()].JML operation contract.0 
128840     DEBUG main            d.u.i.k.p.i.IntermediateProofReplayer Proof replay took 6.1ns 
129042     INFO  main            d.u.i.k.p.r.p.TestFile    ... finished proof: closed. 
129327     INFO  main            d.u.i.k.p.i.AbstractProblemLoader Loading environment from /home/runner/work/key/key/key.core/../key.ui/examples/standard_key/java_dl/deepNonNull/deepNonNull0.key.proof 
129328     DEBUG main            d.u.i.k.p.i.AbstractProblemLoader Environment load took 142.91ns 
129332     INFO  main            d.u.i.k.p.i.AbstractProblemLoader Creating init config 
132016     DEBUG main            d.u.i.k.p.i.AbstractProblemLoader Init config took 2.68s 
132068     INFO  main            d.u.i.k.p.i.AbstractProblemLoader Replaying proof Arrays[Arrays::get()].JML operation contract.0 
132093     DEBUG main            d.u.i.k.p.i.IntermediateProofReplayer Proof replay took 18.08ms 
132095     DEBUG main            d.u.i.k.p.r.p.TestFile    ... success: reloaded. 
132095     INFO  main            d.u.i.k.p.r.p.TestFile    Now processing file /home/runner/work/key/key/key.core/../key.ui/examples/standard_key/java_dl/deepNonNull/deepNonNull1.key 
132096     INFO  main            d.u.i.k.p.i.AbstractProblemLoader Loading environment from /home/runner/work/key/key/key.core/../key.ui/examples/standard_key/java_dl/deepNonNull/deepNonNull1.key 
132096     DEBUG main            d.u.i.k.p.i.AbstractProblemLoader Environment load took 206.81ns 
132097     INFO  main            d.u.i.k.p.i.AbstractProblemLoader Creating init config 
134909     DEBUG main            d.u.i.k.p.i.AbstractProblemLoader Init config took 2.81s 
134950     INFO  main            d.u.i.k.p.i.AbstractProblemLoader Replaying proof Arrays[Arrays::head()].JML operation contract.0 
134952     DEBUG main            d.u.i.k.p.i.IntermediateProofReplayer Proof replay took 8.3ns 
135154     INFO  main            d.u.i.k.p.r.p.TestFile    ... finished proof: closed. 
135417     INFO  main            d.u.i.k.p.i.AbstractProblemLoader Loading environment from /home/runner/work/key/key/key.core/../key.ui/examples/standard_key/java_dl/deepNonNull/deepNonNull1.key.proof 
135417     DEBUG main            d.u.i.k.p.i.AbstractProblemLoader Environment load took 429.62ns 
135419     INFO  main            d.u.i.k.p.i.AbstractProblemLoader Creating init config 
138174     DEBUG main            d.u.i.k.p.i.AbstractProblemLoader Init config took 2.76s 
138230     INFO  main            d.u.i.k.p.i.AbstractProblemLoader Replaying proof Arrays[Arrays::head()].JML operation contract.0 
138260     DEBUG main            d.u.i.k.p.i.IntermediateProofReplayer Proof replay took 27.44ms 
138261     DEBUG main            d.u.i.k.p.r.p.TestFile    ... success: reloaded. 
138262     INFO  main            d.u.i.k.p.r.p.TestFile    Now processing file /home/runner/work/key/key/key.core/../key.ui/examples/standard_key/java_dl/deepNonNull/deepNonNull2.key 
138262     INFO  main            d.u.i.k.p.i.AbstractProblemLoader Loading environment from /home/runner/work/key/key/key.core/../key.ui/examples/standard_key/java_dl/deepNonNull/deepNonNull2.key 
138262     DEBUG main            d.u.i.k.p.i.AbstractProblemLoader Environment load took 95.9ns 
138263     INFO  main            d.u.i.k.p.i.AbstractProblemLoader Creating init config 
141101     DEBUG main            d.u.i.k.p.i.AbstractProblemLoader Init config took 2.84s 
141150     INFO  main            d.u.i.k.p.i.AbstractProblemLoader Replaying proof Arrays[Arrays::unprovable(java.lang.Object)].JML operation contract.0 
141152     DEBUG main            d.u.i.k.p.i.IntermediateProofReplayer Proof replay took 7.6ns 
141260     INFO  main            d.u.i.k.p.r.p.TestFile    ... finished proof: open goal(s) 
141553     INFO  main            d.u.i.k.p.r.p.TestFile    Now processing file /home/runner/work/key/key/key.core/../key.ui/examples/standard_key/java_dl/deepNonNull/deepNonNull3.key 
141553     INFO  main            d.u.i.k.p.i.AbstractProblemLoader Loading environment from /home/runner/work/key/key/key.core/../key.ui/examples/standard_key/java_dl/deepNonNull/deepNonNull3.key 
141553     DEBUG main            d.u.i.k.p.i.AbstractProblemLoader Environment load took 78.1ns 
141554     INFO  main            d.u.i.k.p.i.AbstractProblemLoader Creating init config 
144361     DEBUG main            d.u.i.k.p.i.AbstractProblemLoader Init config took 2.81s 
144401     INFO  main            d.u.i.k.p.i.AbstractProblemLoader Replaying proof Arrays[Arrays::head([[[[Ljava.lang.Object)].JML operation contract.0 
144402     DEBUG main            d.u.i.k.p.i.IntermediateProofReplayer Proof replay took 6.8ns 
145340     INFO  main            d.u.i.k.p.r.p.TestFile    ... finished proof: closed. 
145636     INFO  main            d.u.i.k.p.i.AbstractProblemLoader Loading environment from /home/runner/work/key/key/key.core/../key.ui/examples/standard_key/java_dl/deepNonNull/deepNonNull3.key.proof 
145637     DEBUG main            d.u.i.k.p.i.AbstractProblemLoader Environment load took 172.21ns 
145638     INFO  main            d.u.i.k.p.i.AbstractProblemLoader Creating init config 
148308     DEBUG main            d.u.i.k.p.i.AbstractProblemLoader Init config took 2.67s 
148366     INFO  main            d.u.i.k.p.i.AbstractProblemLoader Replaying proof Arrays[Arrays::head([[[[Ljava.lang.Object)].JML operation contract.0 
148436     DEBUG main            d.u.i.k.p.i.IntermediateProofReplayer Proof replay took 64.31ms 
148437     DEBUG main            d.u.i.k.p.r.p.TestFile    ... success: reloaded. 
148437     INFO  main            d.u.i.k.p.r.p.TestFile    Now processing file /home/runner/work/key/key/key.core/../key.ui/examples/standard_key/java_dl/exceptions.key 
148438     INFO  main            d.u.i.k.p.i.AbstractProblemLoader Loading environment from /home/runner/work/key/key/key.core/../key.ui/examples/standard_key/java_dl/exceptions.key 
148439     DEBUG main            d.u.i.k.p.i.AbstractProblemLoader Environment load took 932.53ns 
148440     INFO  main            d.u.i.k.p.i.AbstractProblemLoader Creating init config 
148464     WARN  main            d.u.i.k.j.r.KeYCrossReferenceNameInfo Datatype java.io.PrintStream declared twice: Once in FILE:/home/runner/work/key/key/key.core/../key.ui/examples/standard_key/java_dl/classpath/PrintStream.java and once in URL:file:/home/runner/work/key/key/key.core/build/resources/main/de/uka/ilkd/key/java/JavaRedux/java/io/PrintStream.java, Keeping one from URL:file:/home/runner/work/key/key/key.core/build/resources/main/de/uka/ilkd/key/java/JavaRedux/java/io/PrintStream.java 
148464     WARN  main            d.u.i.k.j.r.KeYCrossReferenceNameInfo Datatype java.lang.System declared twice: Once in FILE:/home/runner/work/key/key/key.core/../key.ui/examples/standard_key/java_dl/classpath/System.java and once in URL:file:/home/runner/work/key/key/key.core/build/resources/main/de/uka/ilkd/key/java/JavaRedux/java/lang/System.java, Keeping one from URL:file:/home/runner/work/key/key/key.core/build/resources/main/de/uka/ilkd/key/java/JavaRedux/java/lang/System.java 
148470     WARN  main            d.u.i.k.j.r.KeYCrossReferenceNameInfo Datatype java.io.InputStream declared twice: Once in FILE:/home/runner/work/key/key/key.core/../key.ui/examples/standard_key/java_dl/classpath/InputStream.java and once in URL:file:/home/runner/work/key/key/key.core/build/resources/main/de/uka/ilkd/key/java/JavaRedux/java/io/InputStream.java, Keeping one from URL:file:/home/runner/work/key/key/key.core/build/resources/main/de/uka/ilkd/key/java/JavaRedux/java/io/InputStream.java 
148475     DEBUG main            d.u.i.k.j.r.ClassFileDeclarationBuilder Parsing: package java.io; public class Closeable { } 
148476     DEBUG main            r.s.KeYCrossReferenceSourceInfo Dynamically created class: java.io.Closeable 
151165     DEBUG main            d.u.i.k.p.i.AbstractProblemLoader Init config took 2.72s 
151186     INFO  main            d.u.i.k.p.i.AbstractProblemLoader Replaying proof exceptions.key 
151188     DEBUG main            d.u.i.k.p.i.IntermediateProofReplayer Proof replay took 7.3ns 
151390     INFO  main            d.u.i.k.p.r.p.TestFile    ... finished proof: closed. 
151681     INFO  main            d.u.i.k.p.i.AbstractProblemLoader Loading environment from /home/runner/work/key/key/key.core/../key.ui/examples/standard_key/java_dl/exceptions.key.proof 
151681     DEBUG main            d.u.i.k.p.i.AbstractProblemLoader Environment load took 111ns 
151683     INFO  main            d.u.i.k.p.i.AbstractProblemLoader Creating init config 
151710     WARN  main            d.u.i.k.j.r.KeYCrossReferenceNameInfo Datatype java.io.PrintStream declared twice: Once in FILE:/home/runner/work/key/key/key.core/../key.ui/examples/standard_key/java_dl/classpath/PrintStream.java and once in URL:file:/home/runner/work/key/key/key.core/build/resources/main/de/uka/ilkd/key/java/JavaRedux/java/io/PrintStream.java, Keeping one from URL:file:/home/runner/work/key/key/key.core/build/resources/main/de/uka/ilkd/key/java/JavaRedux/java/io/PrintStream.java 
151710     WARN  main            d.u.i.k.j.r.KeYCrossReferenceNameInfo Datatype java.lang.System declared twice: Once in FILE:/home/runner/work/key/key/key.core/../key.ui/examples/standard_key/java_dl/classpath/System.java and once in URL:file:/home/runner/work/key/key/key.core/build/resources/main/de/uka/ilkd/key/java/JavaRedux/java/lang/System.java, Keeping one from URL:file:/home/runner/work/key/key/key.core/build/resources/main/de/uka/ilkd/key/java/JavaRedux/java/lang/System.java 
151711     WARN  main            d.u.i.k.j.r.KeYCrossReferenceNameInfo Datatype java.io.InputStream declared twice: Once in FILE:/home/runner/work/key/key/key.core/../key.ui/examples/standard_key/java_dl/classpath/InputStream.java and once in URL:file:/home/runner/work/key/key/key.core/build/resources/main/de/uka/ilkd/key/java/JavaRedux/java/io/InputStream.java, Keeping one from URL:file:/home/runner/work/key/key/key.core/build/resources/main/de/uka/ilkd/key/java/JavaRedux/java/io/InputStream.java 
151714     DEBUG main            d.u.i.k.j.r.ClassFileDeclarationBuilder Parsing: package java.io; public class Closeable { } 
151714     DEBUG main            r.s.KeYCrossReferenceSourceInfo Dynamically created class: java.io.Closeable 
154389     DEBUG main            d.u.i.k.p.i.AbstractProblemLoader Init config took 2.71s 
154405     INFO  main            d.u.i.k.p.i.AbstractProblemLoader Replaying proof exceptions.key.proof 
154448     DEBUG main            d.u.i.k.p.i.IntermediateProofReplayer Proof replay took 39.86ms 
154453     DEBUG main            d.u.i.k.p.r.p.TestFile    ... success: reloaded. 
154454     INFO  main            d.u.i.k.p.r.p.TestFile    Now processing file /home/runner/work/key/key/key.core/../key.ui/examples/standard_key/java_dl/exceptions1.key 
154454     INFO  main            d.u.i.k.p.i.AbstractProblemLoader Loading environment from /home/runner/work/key/key/key.core/../key.ui/examples/standard_key/java_dl/exceptions1.key 
154454     DEBUG main            d.u.i.k.p.i.AbstractProblemLoader Environment load took 193.81ns 
154455     INFO  main            d.u.i.k.p.i.AbstractProblemLoader Creating init config 
157179     DEBUG main            d.u.i.k.p.i.AbstractProblemLoader Init config took 2.72s 
157194     INFO  main            d.u.i.k.p.i.AbstractProblemLoader Replaying proof exceptions1.key 
157197     DEBUG main            d.u.i.k.p.i.IntermediateProofReplayer Proof replay took 8.3ns 
157402     INFO  main            d.u.i.k.p.r.p.TestFile    ... finished proof: closed. 
157711     INFO  main            d.u.i.k.p.i.AbstractProblemLoader Loading environment from /home/runner/work/key/key/key.core/../key.ui/examples/standard_key/java_dl/exceptions1.key.proof 
157711     DEBUG main            d.u.i.k.p.i.AbstractProblemLoader Environment load took 95.6ns 
157712     INFO  main            d.u.i.k.p.i.AbstractProblemLoader Creating init config 
160338     DEBUG main            d.u.i.k.p.i.AbstractProblemLoader Init config took 2.63s 
160355     INFO  main            d.u.i.k.p.i.AbstractProblemLoader Replaying proof exceptions1.key.proof 
160381     DEBUG main            d.u.i.k.p.i.IntermediateProofReplayer Proof replay took 23.62ms 
160382     DEBUG main            d.u.i.k.p.r.p.TestFile    ... success: reloaded. 
160383     INFO  main            d.u.i.k.p.r.p.TestFile    Now processing file /home/runner/work/key/key/key.core/../key.ui/examples/standard_key/java_dl/exceptions2.key 
160383     INFO  main            d.u.i.k.p.i.AbstractProblemLoader Loading environment from /home/runner/work/key/key/key.core/../key.ui/examples/standard_key/java_dl/exceptions2.key 
160384     DEBUG main            d.u.i.k.p.i.AbstractProblemLoader Environment load took 187.41ns 
160385     INFO  main            d.u.i.k.p.i.AbstractProblemLoader Creating init config 
163049     DEBUG main            d.u.i.k.p.i.AbstractProblemLoader Init config took 2.66s 
163065     INFO  main            d.u.i.k.p.i.AbstractProblemLoader Replaying proof exceptions2.key 
163068     DEBUG main            d.u.i.k.p.i.IntermediateProofReplayer Proof replay took 8.3ns 
163271     INFO  main            d.u.i.k.p.r.p.TestFile    ... finished proof: closed. 
163584     INFO  main            d.u.i.k.p.i.AbstractProblemLoader Loading environment from /home/runner/work/key/key/key.core/../key.ui/examples/standard_key/java_dl/exceptions2.key.proof 
163584     DEBUG main            d.u.i.k.p.i.AbstractProblemLoader Environment load took 94.4ns 
163585     INFO  main            d.u.i.k.p.i.AbstractProblemLoader Creating init config 
166189     DEBUG main            d.u.i.k.p.i.AbstractProblemLoader Init config took 2.6s 
166209     INFO  main            d.u.i.k.p.i.AbstractProblemLoader Replaying proof exceptions2.key.proof 
166236     DEBUG main            d.u.i.k.p.i.IntermediateProofReplayer Proof replay took 24.99ms 
166237     DEBUG main            d.u.i.k.p.r.p.TestFile    ... success: reloaded. 
166238     INFO  main            d.u.i.k.p.r.p.TestFile    Now processing file /home/runner/work/key/key/key.core/../key.ui/examples/standard_key/java_dl/exceptions3.key 
166239     INFO  main            d.u.i.k.p.i.AbstractProblemLoader Loading environment from /home/runner/work/key/key/key.core/../key.ui/examples/standard_key/java_dl/exceptions3.key 
166239     DEBUG main            d.u.i.k.p.i.AbstractProblemLoader Environment load took 195.41ns 
166240     INFO  main            d.u.i.k.p.i.AbstractProblemLoader Creating init config 
166262     WARN  main            d.u.i.k.j.r.KeYCrossReferenceNameInfo Datatype java.io.PrintStream declared twice: Once in FILE:/home/runner/work/key/key/key.core/../key.ui/examples/standard_key/java_dl/classpath/PrintStream.java and once in URL:file:/home/runner/work/key/key/key.core/build/resources/main/de/uka/ilkd/key/java/JavaRedux/java/io/PrintStream.java, Keeping one from URL:file:/home/runner/work/key/key/key.core/build/resources/main/de/uka/ilkd/key/java/JavaRedux/java/io/PrintStream.java 
166263     WARN  main            d.u.i.k.j.r.KeYCrossReferenceNameInfo Datatype java.lang.System declared twice: Once in FILE:/home/runner/work/key/key/key.core/../key.ui/examples/standard_key/java_dl/classpath/System.java and once in URL:file:/home/runner/work/key/key/key.core/build/resources/main/de/uka/ilkd/key/java/JavaRedux/java/lang/System.java, Keeping one from URL:file:/home/runner/work/key/key/key.core/build/resources/main/de/uka/ilkd/key/java/JavaRedux/java/lang/System.java 
166263     WARN  main            d.u.i.k.j.r.KeYCrossReferenceNameInfo Datatype java.io.InputStream declared twice: Once in FILE:/home/runner/work/key/key/key.core/../key.ui/examples/standard_key/java_dl/classpath/InputStream.java and once in URL:file:/home/runner/work/key/key/key.core/build/resources/main/de/uka/ilkd/key/java/JavaRedux/java/io/InputStream.java, Keeping one from URL:file:/home/runner/work/key/key/key.core/build/resources/main/de/uka/ilkd/key/java/JavaRedux/java/io/InputStream.java 
166266     DEBUG main            d.u.i.k.j.r.ClassFileDeclarationBuilder Parsing: package java.io; public class Closeable { } 
166267     DEBUG main            r.s.KeYCrossReferenceSourceInfo Dynamically created class: java.io.Closeable 
168974     DEBUG main            d.u.i.k.p.i.AbstractProblemLoader Init config took 2.73s 
168990     INFO  main            d.u.i.k.p.i.AbstractProblemLoader Replaying proof exceptions3.key 
168992     DEBUG main            d.u.i.k.p.i.IntermediateProofReplayer Proof replay took 13.4ns 
169095     INFO  main            d.u.i.k.p.r.p.TestFile    ... finished proof: closed. 
169399     INFO  main            d.u.i.k.p.i.AbstractProblemLoader Loading environment from /home/runner/work/key/key/key.core/../key.ui/examples/standard_key/java_dl/exceptions3.key.proof 
169399     DEBUG main            d.u.i.k.p.i.AbstractProblemLoader Environment load took 97.61ns 
169400     INFO  main            d.u.i.k.p.i.AbstractProblemLoader Creating init config 
169424     WARN  main            d.u.i.k.j.r.KeYCrossReferenceNameInfo Datatype java.io.PrintStream declared twice: Once in FILE:/home/runner/work/key/key/key.core/../key.ui/examples/standard_key/java_dl/classpath/PrintStream.java and once in URL:file:/home/runner/work/key/key/key.core/build/resources/main/de/uka/ilkd/key/java/JavaRedux/java/io/PrintStream.java, Keeping one from URL:file:/home/runner/work/key/key/key.core/build/resources/main/de/uka/ilkd/key/java/JavaRedux/java/io/PrintStream.java 
169425     WARN  main            d.u.i.k.j.r.KeYCrossReferenceNameInfo Datatype java.lang.System declared twice: Once in FILE:/home/runner/work/key/key/key.core/../key.ui/examples/standard_key/java_dl/classpath/System.java and once in URL:file:/home/runner/work/key/key/key.core/build/resources/main/de/uka/ilkd/key/java/JavaRedux/java/lang/System.java, Keeping one from URL:file:/home/runner/work/key/key/key.core/build/resources/main/de/uka/ilkd/key/java/JavaRedux/java/lang/System.java 
169425     WARN  main            d.u.i.k.j.r.KeYCrossReferenceNameInfo Datatype java.io.InputStream declared twice: Once in FILE:/home/runner/work/key/key/key.core/../key.ui/examples/standard_key/java_dl/classpath/InputStream.java and once in URL:file:/home/runner/work/key/key/key.core/build/resources/main/de/uka/ilkd/key/java/JavaRedux/java/io/InputStream.java, Keeping one from URL:file:/home/runner/work/key/key/key.core/build/resources/main/de/uka/ilkd/key/java/JavaRedux/java/io/InputStream.java 
169429     DEBUG main            d.u.i.k.j.r.ClassFileDeclarationBuilder Parsing: package java.io; public class Closeable { } 
169429     DEBUG main            r.s.KeYCrossReferenceSourceInfo Dynamically created class: java.io.Closeable 
172170     DEBUG main            d.u.i.k.p.i.AbstractProblemLoader Init config took 2.77s 
172187     INFO  main            d.u.i.k.p.i.AbstractProblemLoader Replaying proof exceptions3.key.proof 
172192     DEBUG main            d.u.i.k.p.i.IntermediateProofReplayer Proof replay took 3.27ms 
172193     DEBUG main            d.u.i.k.p.r.p.TestFile    ... success: reloaded. 
172194     INFO  main            d.u.i.k.p.r.p.TestFile    Now processing file /home/runner/work/key/key/key.core/../key.ui/examples/standard_key/java_dl/exchange.key 
172195     INFO  main            d.u.i.k.p.i.AbstractProblemLoader Loading environment from /home/runner/work/key/key/key.core/../key.ui/examples/standard_key/java_dl/exchange.key 
172195     DEBUG main            d.u.i.k.p.i.AbstractProblemLoader Environment load took 230.01ns 
172196     INFO  main            d.u.i.k.p.i.AbstractProblemLoader Creating init config 
174865     DEBUG main            d.u.i.k.p.i.AbstractProblemLoader Init config took 2.67s 
174882     INFO  main            d.u.i.k.p.i.AbstractProblemLoader Replaying proof exchange.key 
174884     DEBUG main            d.u.i.k.p.i.IntermediateProofReplayer Proof replay took 8ns 
174986     INFO  main            d.u.i.k.p.r.p.TestFile    ... finished proof: closed. 
175305     INFO  main            d.u.i.k.p.i.AbstractProblemLoader Loading environment from /home/runner/work/key/key/key.core/../key.ui/examples/standard_key/java_dl/exchange.key.proof 
175305     DEBUG main            d.u.i.k.p.i.AbstractProblemLoader Environment load took 99ns 
175306     INFO  main            d.u.i.k.p.i.AbstractProblemLoader Creating init config 
177918     DEBUG main            d.u.i.k.p.i.AbstractProblemLoader Init config took 2.61s 
177934     INFO  main            d.u.i.k.p.i.AbstractProblemLoader Replaying proof exchange.key.proof 
177939     DEBUG main            d.u.i.k.p.i.IntermediateProofReplayer Proof replay took 2.63ms 
177939     DEBUG main            d.u.i.k.p.r.p.TestFile    ... success: reloaded. 
177940     INFO  main            d.u.i.k.p.r.p.TestFile    Now processing file /home/runner/work/key/key/key.core/../key.ui/examples/standard_key/java_dl/if.key 
177940     INFO  main            d.u.i.k.p.i.AbstractProblemLoader Loading environment from /home/runner/work/key/key/key.core/../key.ui/examples/standard_key/java_dl/if.key 
177940     DEBUG main            d.u.i.k.p.i.AbstractProblemLoader Environment load took 84.5ns 
177941     INFO  main            d.u.i.k.p.i.AbstractProblemLoader Creating init config 
180611     DEBUG main            d.u.i.k.p.i.AbstractProblemLoader Init config took 2.67s 
180626     INFO  main            d.u.i.k.p.i.AbstractProblemLoader Replaying proof if.key 
180627     DEBUG main            d.u.i.k.p.i.IntermediateProofReplayer Proof replay took 9.9ns 
180729     INFO  main            d.u.i.k.p.r.p.TestFile    ... finished proof: closed. 
181057     INFO  main            d.u.i.k.p.i.AbstractProblemLoader Loading environment from /home/runner/work/key/key/key.core/../key.ui/examples/standard_key/java_dl/if.key.proof 
181057     DEBUG main            d.u.i.k.p.i.AbstractProblemLoader Environment load took 86.5ns 
181058     INFO  main            d.u.i.k.p.i.AbstractProblemLoader Creating init config 
183688     DEBUG main            d.u.i.k.p.i.AbstractProblemLoader Init config took 2.63s 
183704     INFO  main            d.u.i.k.p.i.AbstractProblemLoader Replaying proof if.key.proof 
183708     DEBUG main            d.u.i.k.p.i.IntermediateProofReplayer Proof replay took 2.51ms 
183709     DEBUG main            d.u.i.k.p.r.p.TestFile    ... success: reloaded. 
183709     INFO  main            d.u.i.k.p.r.p.TestFile    Now processing file /home/runner/work/key/key/key.core/../key.ui/examples/standard_key/java_dl/incrementcounter.key 
183709     INFO  main            d.u.i.k.p.i.AbstractProblemLoader Loading environment from /home/runner/work/key/key/key.core/../key.ui/examples/standard_key/java_dl/incrementcounter.key 
183709     DEBUG main            d.u.i.k.p.i.AbstractProblemLoader Environment load took 82.9ns 
183710     INFO  main            d.u.i.k.p.i.AbstractProblemLoader Creating init config 
186397     DEBUG main            d.u.i.k.p.i.AbstractProblemLoader Init config took 2.69s 
186413     INFO  main            d.u.i.k.p.i.AbstractProblemLoader Replaying proof incrementcounter.key 
186415     DEBUG main            d.u.i.k.p.i.IntermediateProofReplayer Proof replay took 8.3ns 
186517     INFO  main            d.u.i.k.p.r.p.TestFile    ... finished proof: closed. 
186851     INFO  main            d.u.i.k.p.i.AbstractProblemLoader Loading environment from /home/runner/work/key/key/key.core/../key.ui/examples/standard_key/java_dl/incrementcounter.key.proof 
186852     DEBUG main            d.u.i.k.p.i.AbstractProblemLoader Environment load took 88.7ns 
186853     INFO  main            d.u.i.k.p.i.AbstractProblemLoader Creating init config 
189451     DEBUG main            d.u.i.k.p.i.AbstractProblemLoader Init config took 2.6s 
189467     INFO  main            d.u.i.k.p.i.AbstractProblemLoader Replaying proof incrementcounter.key.proof 
189470     DEBUG main            d.u.i.k.p.i.IntermediateProofReplayer Proof replay took 1.89ms 
189471     DEBUG main            d.u.i.k.p.r.p.TestFile    ... success: reloaded. 
189471     INFO  main            d.u.i.k.p.r.p.TestFile    Now processing file /home/runner/work/key/key/key.core/../key.ui/examples/standard_key/java_dl/danglingElse.key 
189472     INFO  main            d.u.i.k.p.i.AbstractProblemLoader Loading environment from /home/runner/work/key/key/key.core/../key.ui/examples/standard_key/java_dl/danglingElse.key 
189472     DEBUG main            d.u.i.k.p.i.AbstractProblemLoader Environment load took 92.6ns 
189473     INFO  main            d.u.i.k.p.i.AbstractProblemLoader Creating init config 
192106     DEBUG main            d.u.i.k.p.i.AbstractProblemLoader Init config took 2.63s 
192121     INFO  main            d.u.i.k.p.i.AbstractProblemLoader Replaying proof danglingElse.key 
192123     DEBUG main            d.u.i.k.p.i.IntermediateProofReplayer Proof replay took 18.5ns 
192226     INFO  main            d.u.i.k.p.r.p.TestFile    ... finished proof: open goal(s) 
192560     INFO  main            d.u.i.k.p.r.p.TestFile    Now processing file /home/runner/work/key/key/key.core/../key.ui/examples/standard_key/java_dl/iteratedAssignment.key 
192560     INFO  main            d.u.i.k.p.i.AbstractProblemLoader Loading environment from /home/runner/work/key/key/key.core/../key.ui/examples/standard_key/java_dl/iteratedAssignment.key 
192561     DEBUG main            d.u.i.k.p.i.AbstractProblemLoader Environment load took 83.4ns 
192562     INFO  main            d.u.i.k.p.i.AbstractProblemLoader Creating init config 
195244     DEBUG main            d.u.i.k.p.i.AbstractProblemLoader Init config took 2.68s 
195261     INFO  main            d.u.i.k.p.i.AbstractProblemLoader Replaying proof iteratedAssignment.key 
195263     DEBUG main            d.u.i.k.p.i.IntermediateProofReplayer Proof replay took 8.2ns 
195674     INFO  main            d.u.i.k.p.r.p.TestFile    ... finished proof: closed. 
196022     INFO  main            d.u.i.k.p.i.AbstractProblemLoader Loading environment from /home/runner/work/key/key/key.core/../key.ui/examples/standard_key/java_dl/iteratedAssignment.key.proof 
196023     DEBUG main            d.u.i.k.p.i.AbstractProblemLoader Environment load took 372.31ns 
196024     INFO  main            d.u.i.k.p.i.AbstractProblemLoader Creating init config 
198741     DEBUG main            d.u.i.k.p.i.AbstractProblemLoader Init config took 2.72s 
198759     INFO  main            d.u.i.k.p.i.AbstractProblemLoader Replaying proof iteratedAssignment.key.proof 
198825     DEBUG main            d.u.i.k.p.i.IntermediateProofReplayer Proof replay took 62.39ms 
198829     DEBUG main            d.u.i.k.p.r.p.TestFile    ... success: reloaded. 
198830     INFO  main            d.u.i.k.p.r.p.TestFile    Now processing file /home/runner/work/key/key/key.core/../key.ui/examples/standard_key/java_dl/assert/assert1.key 
198831     INFO  main            d.u.i.k.p.i.AbstractProblemLoader Loading environment from /home/runner/work/key/key/key.core/../key.ui/examples/standard_key/java_dl/assert/assert1.key 
198831     DEBUG main            d.u.i.k.p.i.AbstractProblemLoader Environment load took 216.21ns 
198832     INFO  main            d.u.i.k.p.i.AbstractProblemLoader Creating init config 
201570     DEBUG main            d.u.i.k.p.i.AbstractProblemLoader Init config took 2.74s 
201609     INFO  main            d.u.i.k.p.i.AbstractProblemLoader Replaying proof C[C::foo()].JML normal_behavior operation contract.0 
201611     DEBUG main            d.u.i.k.p.i.IntermediateProofReplayer Proof replay took 7.4ns 
201814     INFO  main            d.u.i.k.p.r.p.TestFile    ... finished proof: open goal(s) 
202176     INFO  main            d.u.i.k.p.r.p.TestFile    Now processing file /home/runner/work/key/key/key.core/../key.ui/examples/standard_key/java_dl/assert/assert2.key 
202176     INFO  main            d.u.i.k.p.i.AbstractProblemLoader Loading environment from /home/runner/work/key/key/key.core/../key.ui/examples/standard_key/java_dl/assert/assert2.key 
202176     DEBUG main            d.u.i.k.p.i.AbstractProblemLoader Environment load took 74.6ns 
202177     INFO  main            d.u.i.k.p.i.AbstractProblemLoader Creating init config 
204837     DEBUG main            d.u.i.k.p.i.AbstractProblemLoader Init config took 2.66s 
204880     INFO  main            d.u.i.k.p.i.AbstractProblemLoader Replaying proof C[C::bar()].JML exceptional_behavior operation contract.0 
204883     DEBUG main            d.u.i.k.p.i.IntermediateProofReplayer Proof replay took 8.5ns 
205085     INFO  main            d.u.i.k.p.r.p.TestFile    ... finished proof: closed. 
205437     INFO  main            d.u.i.k.p.i.AbstractProblemLoader Loading environment from /home/runner/work/key/key/key.core/../key.ui/examples/standard_key/java_dl/assert/assert2.key.proof 
205437     DEBUG main            d.u.i.k.p.i.AbstractProblemLoader Environment load took 86.7ns 
205438     INFO  main            d.u.i.k.p.i.AbstractProblemLoader Creating init config 
208134     DEBUG main            d.u.i.k.p.i.AbstractProblemLoader Init config took 2.7s 
208170     INFO  main            d.u.i.k.p.i.AbstractProblemLoader Replaying proof C[C::bar()].JML exceptional_behavior operation contract.0 
208205     DEBUG main            d.u.i.k.p.i.IntermediateProofReplayer Proof replay took 32.6ms 
208206     DEBUG main            d.u.i.k.p.r.p.TestFile    ... success: reloaded. 
208207     INFO  main            d.u.i.k.p.r.p.TestFile    Now processing file /home/runner/work/key/key/key.core/../key.ui/examples/standard_key/java_dl/assert/assert3.key 
208207     INFO  main            d.u.i.k.p.i.AbstractProblemLoader Loading environment from /home/runner/work/key/key/key.core/../key.ui/examples/standard_key/java_dl/assert/assert3.key 
208207     DEBUG main            d.u.i.k.p.i.AbstractProblemLoader Environment load took 71.8ns 
208208     INFO  main            d.u.i.k.p.i.AbstractProblemLoader Creating init config 
210929     DEBUG main            d.u.i.k.p.i.AbstractProblemLoader Init config took 2.72s 
210968     INFO  main            d.u.i.k.p.i.AbstractProblemLoader Replaying proof C[C::foo()].JML normal_behavior operation contract.0 
210970     DEBUG main            d.u.i.k.p.i.IntermediateProofReplayer Proof replay took 7.5ns 
211073     INFO  main            d.u.i.k.p.r.p.TestFile    ... finished proof: open goal(s) 
211425     INFO  main            d.u.i.k.p.r.p.TestFile    Now processing file /home/runner/work/key/key/key.core/../key.ui/examples/standard_key/java_dl/java5/vararg.key 
211426     INFO  main            d.u.i.k.p.i.AbstractProblemLoader Loading environment from /home/runner/work/key/key/key.core/../key.ui/examples/standard_key/java_dl/java5/vararg.key 
211426     DEBUG main            d.u.i.k.p.i.AbstractProblemLoader Environment load took 60.2ns 
211427     INFO  main            d.u.i.k.p.i.AbstractProblemLoader Creating init config 
212401     DEBUG main            d.u.i.k.j.r.ClassPreparationMethodBuilder clPrepBuilder: Inner Class detected. Reject building class initialisation methods. 
214526     DEBUG main            d.u.i.k.p.i.AbstractProblemLoader Init config took 3.1s 
214560     INFO  main            d.u.i.k.p.i.AbstractProblemLoader Replaying proof vararg.key 
214561     DEBUG main            d.u.i.k.p.i.IntermediateProofReplayer Proof replay took 9.1ns 
215971     INFO  main            d.u.i.k.p.r.p.TestFile    ... finished proof: closed. 
216401     INFO  main            d.u.i.k.p.i.AbstractProblemLoader Loading environment from /home/runner/work/key/key/key.core/../key.ui/examples/standard_key/java_dl/java5/vararg.key.proof 
216401     DEBUG main            d.u.i.k.p.i.AbstractProblemLoader Environment load took 351.71ns 
216403     INFO  main            d.u.i.k.p.i.AbstractProblemLoader Creating init config 
217428     DEBUG main            d.u.i.k.j.r.ClassPreparationMethodBuilder clPrepBuilder: Inner Class detected. Reject building class initialisation methods. 
219491     DEBUG main            d.u.i.k.p.i.AbstractProblemLoader Init config took 3.09s 
219535     INFO  main            d.u.i.k.p.i.AbstractProblemLoader Replaying proof vararg.key.proof 
219849     DEBUG main            d.u.i.k.p.i.IntermediateProofReplayer Proof replay took 297.02ms 
219851     DEBUG main            d.u.i.k.p.r.p.TestFile    ... success: reloaded. 
219852     INFO  main            d.u.i.k.p.r.p.TestFile    Now processing file /home/runner/work/key/key/key.core/../key.ui/examples/standard_key/java_dl/java5/for_Array.key 
219852     INFO  main            d.u.i.k.p.i.AbstractProblemLoader Loading environment from /home/runner/work/key/key/key.core/../key.ui/examples/standard_key/java_dl/java5/for_Array.key 
219852     DEBUG main            d.u.i.k.p.i.AbstractProblemLoader Environment load took 184.31ns 
219853     INFO  main            d.u.i.k.p.i.AbstractProblemLoader Creating init config 
220874     DEBUG main            d.u.i.k.j.r.ClassPreparationMethodBuilder clPrepBuilder: Inner Class detected. Reject building class initialisation methods. 
222910     DEBUG main            d.u.i.k.p.i.AbstractProblemLoader Init config took 3.06s 
222971     INFO  main            d.u.i.k.p.i.AbstractProblemLoader Replaying proof For[For::sum([I)].JML operation contract.0 
222973     DEBUG main            d.u.i.k.p.i.IntermediateProofReplayer Proof replay took 8.5ns 
223380     INFO  main            d.u.i.k.p.r.p.TestFile    ... finished proof: closed. 
223825     INFO  main            d.u.i.k.p.i.AbstractProblemLoader Loading environment from /home/runner/work/key/key/key.core/../key.ui/examples/standard_key/java_dl/java5/for_Array.key.proof 
223825     DEBUG main            d.u.i.k.p.i.AbstractProblemLoader Environment load took 315.21ns 
223826     INFO  main            d.u.i.k.p.i.AbstractProblemLoader Creating init config 
224779     DEBUG main            d.u.i.k.j.r.ClassPreparationMethodBuilder clPrepBuilder: Inner Class detected. Reject building class initialisation methods. 
226769     DEBUG main            d.u.i.k.p.i.AbstractProblemLoader Init config took 2.94s 
226821     INFO  main            d.u.i.k.p.i.AbstractProblemLoader Replaying proof For[For::sum([I)].JML operation contract.0 
226891     DEBUG main            d.u.i.k.p.i.IntermediateProofReplayer Proof replay took 67.12ms 
226892     DEBUG main            d.u.i.k.p.r.p.TestFile    ... success: reloaded. 
226893     INFO  main            d.u.i.k.p.r.p.TestFile    Now processing file /home/runner/work/key/key/key.core/../key.ui/examples/standard_key/java_dl/java5/for_Iterable.key 
226894     INFO  main            d.u.i.k.p.i.AbstractProblemLoader Loading environment from /home/runner/work/key/key/key.core/../key.ui/examples/standard_key/java_dl/java5/for_Iterable.key 
226894     DEBUG main            d.u.i.k.p.i.AbstractProblemLoader Environment load took 99.2ns 
226895     INFO  main            d.u.i.k.p.i.AbstractProblemLoader Creating init config 
227831     DEBUG main            d.u.i.k.j.r.ClassPreparationMethodBuilder clPrepBuilder: Inner Class detected. Reject building class initialisation methods. 
229788     DEBUG main            d.u.i.k.p.i.AbstractProblemLoader Init config took 2.89s 
229869     INFO  main            d.u.i.k.p.i.AbstractProblemLoader Replaying proof For[For::infiniteLoop(For)].JML operation contract.0 
229870     DEBUG main            d.u.i.k.p.i.IntermediateProofReplayer Proof replay took 7.2ns 
230075     INFO  main            d.u.i.k.p.r.p.TestFile    ... finished proof: closed. 
230455     INFO  main            d.u.i.k.p.i.AbstractProblemLoader Loading environment from /home/runner/work/key/key/key.core/../key.ui/examples/standard_key/java_dl/java5/for_Iterable.key.proof 
230455     DEBUG main            d.u.i.k.p.i.AbstractProblemLoader Environment load took 86.8ns 
230456     INFO  main            d.u.i.k.p.i.AbstractProblemLoader Creating init config 
231390     DEBUG main            d.u.i.k.j.r.ClassPreparationMethodBuilder clPrepBuilder: Inner Class detected. Reject building class initialisation methods. 
233350     DEBUG main            d.u.i.k.p.i.AbstractProblemLoader Init config took 2.89s 
233404     INFO  main            d.u.i.k.p.i.AbstractProblemLoader Replaying proof For[For::infiniteLoop(For)].JML operation contract.0 
233447     DEBUG main            d.u.i.k.p.i.IntermediateProofReplayer Proof replay took 40.66ms 
233448     DEBUG main            d.u.i.k.p.r.p.TestFile    ... success: reloaded. 
233449     INFO  main            d.u.i.k.p.r.p.TestFile    Now processing file /home/runner/work/key/key/key.core/../key.ui/examples/standard_key/java_dl/java5/for_ReferenceArray.key 
233449     INFO  main            d.u.i.k.p.i.AbstractProblemLoader Loading environment from /home/runner/work/key/key/key.core/../key.ui/examples/standard_key/java_dl/java5/for_ReferenceArray.key 
233449     DEBUG main            d.u.i.k.p.i.AbstractProblemLoader Environment load took 68ns 
233450     INFO  main            d.u.i.k.p.i.AbstractProblemLoader Creating init config 
234409     DEBUG main            d.u.i.k.j.r.ClassPreparationMethodBuilder clPrepBuilder: Inner Class detected. Reject building class initialisation methods. 
236371     DEBUG main            d.u.i.k.p.i.AbstractProblemLoader Init config took 2.92s 
236426     INFO  main            d.u.i.k.p.i.AbstractProblemLoader Replaying proof ForReferenceArray[ForReferenceArray::foo([Ljava.lang.Object)].JML operation contract.0 
236429     DEBUG main            d.u.i.k.p.i.IntermediateProofReplayer Proof replay took 8.2ns 
236736     INFO  main            d.u.i.k.p.r.p.TestFile    ... finished proof: closed. 
237138     INFO  main            d.u.i.k.p.i.AbstractProblemLoader Loading environment from /home/runner/work/key/key/key.core/../key.ui/examples/standard_key/java_dl/java5/for_ReferenceArray.key.proof 
237138     DEBUG main            d.u.i.k.p.i.AbstractProblemLoader Environment load took 103.3ns 
237139     INFO  main            d.u.i.k.p.i.AbstractProblemLoader Creating init config 
238083     DEBUG main            d.u.i.k.j.r.ClassPreparationMethodBuilder clPrepBuilder: Inner Class detected. Reject building class initialisation methods. 
240020     DEBUG main            d.u.i.k.p.i.AbstractProblemLoader Init config took 2.88s 
240072     INFO  main            d.u.i.k.p.i.AbstractProblemLoader Replaying proof ForReferenceArray[ForReferenceArray::foo([Ljava.lang.Object)].JML operation contract.0 
240120     DEBUG main            d.u.i.k.p.i.IntermediateProofReplayer Proof replay took 45.66ms 
240121     DEBUG main            d.u.i.k.p.r.p.TestFile    ... success: reloaded. 
240122     INFO  main            d.u.i.k.p.r.p.TestFile    Now processing file /home/runner/work/key/key/key.core/../key.ui/examples/standard_key/java_dl/jml-bigint/cast.key 
240122     INFO  main            d.u.i.k.p.i.AbstractProblemLoader Loading environment from /home/runner/work/key/key/key.core/../key.ui/examples/standard_key/java_dl/jml-bigint/cast.key 
240123     DEBUG main            d.u.i.k.p.i.AbstractProblemLoader Environment load took 114.31ns 
240123     INFO  main            d.u.i.k.p.i.AbstractProblemLoader Creating init config 
242944     DEBUG main            d.u.i.k.p.i.AbstractProblemLoader Init config took 2.82s 
242983     INFO  main            d.u.i.k.p.i.AbstractProblemLoader Replaying proof Mult[Mult::cast()].JML operation contract.0 
242985     DEBUG main            d.u.i.k.p.i.IntermediateProofReplayer Proof replay took 8ns 
243087     INFO  main            d.u.i.k.p.r.p.TestFile    ... finished proof: closed. 
243508     INFO  main            d.u.i.k.p.i.AbstractProblemLoader Loading environment from /home/runner/work/key/key/key.core/../key.ui/examples/standard_key/java_dl/jml-bigint/cast.key.proof 
243508     DEBUG main            d.u.i.k.p.i.AbstractProblemLoader Environment load took 95.3ns 
243509     INFO  main            d.u.i.k.p.i.AbstractProblemLoader Creating init config 
246436     DEBUG main            d.u.i.k.p.i.AbstractProblemLoader Init config took 2.93s 
246475     INFO  main            d.u.i.k.p.i.AbstractProblemLoader Replaying proof Mult[Mult::cast()].JML operation contract.0 
246487     DEBUG main            d.u.i.k.p.i.IntermediateProofReplayer Proof replay took 10.49ms 
246488     DEBUG main            d.u.i.k.p.r.p.TestFile    ... success: reloaded. 
246488     INFO  main            d.u.i.k.p.r.p.TestFile    Now processing file /home/runner/work/key/key/key.core/../key.ui/examples/standard_key/java_dl/jml-free/loopInvFree.key 
246489     INFO  main            d.u.i.k.p.i.AbstractProblemLoader Loading environment from /home/runner/work/key/key/key.core/../key.ui/examples/standard_key/java_dl/jml-free/loopInvFree.key 
246489     DEBUG main            d.u.i.k.p.i.AbstractProblemLoader Environment load took 85.6ns 
246490     INFO  main            d.u.i.k.p.i.AbstractProblemLoader Creating init config 
249384     DEBUG main            d.u.i.k.p.i.AbstractProblemLoader Init config took 2.89s 
249423     INFO  main            d.u.i.k.p.i.AbstractProblemLoader Replaying proof LoopInvFree[LoopInvFree::test()].JML operation contract.0 
249430     DEBUG main            d.u.i.k.p.i.IntermediateProofReplayer Proof replay took 8.2ns 
249633     INFO  main            d.u.i.k.p.r.p.TestFile    ... finished proof: closed. 
250042     INFO  main            d.u.i.k.p.i.AbstractProblemLoader Loading environment from /home/runner/work/key/key/key.core/../key.ui/examples/standard_key/java_dl/jml-free/loopInvFree.key.proof 
250042     DEBUG main            d.u.i.k.p.i.AbstractProblemLoader Environment load took 89.7ns 
250043     INFO  main            d.u.i.k.p.i.AbstractProblemLoader Creating init config 
252877     DEBUG main            d.u.i.k.p.i.AbstractProblemLoader Init config took 2.83s 
252914     INFO  main            d.u.i.k.p.i.AbstractProblemLoader Replaying proof LoopInvFree[LoopInvFree::test()].JML operation contract.0 
252950     DEBUG main            d.u.i.k.p.i.IntermediateProofReplayer Proof replay took 33.36ms 
252951     DEBUG main            d.u.i.k.p.r.p.TestFile    ... success: reloaded. 
252952     INFO  main            d.u.i.k.p.r.p.TestFile    Now processing file /home/runner/work/key/key/key.core/../key.ui/examples/standard_key/java_dl/jml-free/ensuresFree.key 
252952     INFO  main            d.u.i.k.p.i.AbstractProblemLoader Loading environment from /home/runner/work/key/key/key.core/../key.ui/examples/standard_key/java_dl/jml-free/ensuresFree.key 
252953     DEBUG main            d.u.i.k.p.i.AbstractProblemLoader Environment load took 186.51ns 
252953     INFO  main            d.u.i.k.p.i.AbstractProblemLoader Creating init config 
255815     DEBUG main            d.u.i.k.p.i.AbstractProblemLoader Init config took 2.86s 
255851     INFO  main            d.u.i.k.p.i.AbstractProblemLoader Replaying proof EnsuresFree[EnsuresFree::test()].JML operation contract.0 
255853     DEBUG main            d.u.i.k.p.i.IntermediateProofReplayer Proof replay took 7.3ns 
255954     INFO  main            d.u.i.k.p.r.p.TestFile    ... finished proof: closed. 
256356     INFO  main            d.u.i.k.p.i.AbstractProblemLoader Loading environment from /home/runner/work/key/key/key.core/../key.ui/examples/standard_key/java_dl/jml-free/ensuresFree.key.proof 
256356     DEBUG main            d.u.i.k.p.i.AbstractProblemLoader Environment load took 85ns 
256357     INFO  main            d.u.i.k.p.i.AbstractProblemLoader Creating init config 
259138     DEBUG main            d.u.i.k.p.i.AbstractProblemLoader Init config took 2.78s 
259177     INFO  main            d.u.i.k.p.i.AbstractProblemLoader Replaying proof EnsuresFree[EnsuresFree::test()].JML operation contract.0 
259194     DEBUG main            d.u.i.k.p.i.IntermediateProofReplayer Proof replay took 15.73ms 
259195     DEBUG main            d.u.i.k.p.r.p.TestFile    ... success: reloaded. 
259196     INFO  main            d.u.i.k.p.r.p.TestFile    Now processing file /home/runner/work/key/key/key.core/../key.ui/examples/standard_key/java_dl/jml-information-flow.key 
259197     INFO  main            d.u.i.k.p.i.AbstractProblemLoader Loading environment from /home/runner/work/key/key/key.core/../key.ui/examples/standard_key/java_dl/jml-information-flow.key 
259197     DEBUG main            d.u.i.k.p.i.AbstractProblemLoader Environment load took 177.51ns 
259202     INFO  main            d.u.i.k.p.i.AbstractProblemLoader Creating init config 
262242     DEBUG main            d.u.i.k.p.i.AbstractProblemLoader Init config took 3.04s 
262261     INFO  main            d.u.i.k.p.i.AbstractProblemLoader Replaying proof jml-information-flow.key 
262262     DEBUG main            d.u.i.k.p.i.IntermediateProofReplayer Proof replay took 8.2ns 
385601     INFO  main            d.u.i.k.p.r.p.TestFile    ... finished proof: closed. 
386231     INFO  main            d.u.i.k.p.i.AbstractProblemLoader Loading environment from /home/runner/work/key/key/key.core/../key.ui/examples/standard_key/java_dl/jml-information-flow.key.proof 
386231     DEBUG main            d.u.i.k.p.i.AbstractProblemLoader Environment load took 397.41ns 
386241     INFO  main            d.u.i.k.p.i.AbstractProblemLoader Creating init config 
389032     DEBUG main            d.u.i.k.p.i.AbstractProblemLoader Init config took 2.79s 
389052     INFO  main            d.u.i.k.p.i.AbstractProblemLoader Replaying proof jml-information-flow.key.proof 
392106     DEBUG main            d.u.i.k.p.i.IntermediateProofReplayer Proof replay took 2.94s 
392117     DEBUG main            d.u.i.k.p.r.p.TestFile    ... success: reloaded. 
392118     INFO  main            d.u.i.k.p.r.p.TestFile    Now processing file /home/runner/work/key/key/key.core/../key.ui/examples/standard_key/java_dl/jml-min/min-unprovable1.key 
392118     INFO  main            d.u.i.k.p.i.AbstractProblemLoader Loading environment from /home/runner/work/key/key/key.core/../key.ui/examples/standard_key/java_dl/jml-min/min-unprovable1.key 
392118     DEBUG main            d.u.i.k.p.i.AbstractProblemLoader Environment load took 86ns 
392119     INFO  main            d.u.i.k.p.i.AbstractProblemLoader Creating init config 
395122     DEBUG main            d.u.i.k.p.i.AbstractProblemLoader Init config took 3s 
395158     INFO  main            d.u.i.k.p.i.AbstractProblemLoader Replaying proof Min[Min::foo()].JML operation contract.0 
395159     DEBUG main            d.u.i.k.p.i.IntermediateProofReplayer Proof replay took 7.1ns 
395262     INFO  main            d.u.i.k.p.r.p.TestFile    ... finished proof: open goal(s) 
395847     INFO  main            d.u.i.k.p.r.p.TestFile    Now processing file /home/runner/work/key/key/key.core/../key.ui/examples/standard_key/java_dl/jml-min/min-unprovable2.key 
395847     INFO  main            d.u.i.k.p.i.AbstractProblemLoader Loading environment from /home/runner/work/key/key/key.core/../key.ui/examples/standard_key/java_dl/jml-min/min-unprovable2.key 
395847     DEBUG main            d.u.i.k.p.i.AbstractProblemLoader Environment load took 50.4ns 
395849     INFO  main            d.u.i.k.p.i.AbstractProblemLoader Creating init config 
398574     DEBUG main            d.u.i.k.p.i.AbstractProblemLoader Init config took 2.72s 
398611     INFO  main            d.u.i.k.p.i.AbstractProblemLoader Replaying proof Min[Min::foo2()].JML operation contract.0 
398612     DEBUG main            d.u.i.k.p.i.IntermediateProofReplayer Proof replay took 18.5ns 
398715     INFO  main            d.u.i.k.p.r.p.TestFile    ... finished proof: open goal(s) 
399147     INFO  main            d.u.i.k.p.r.p.TestFile    Now processing file /home/runner/work/key/key/key.core/../key.ui/examples/standard_key/java_dl/methodCall.key 
399147     INFO  main            d.u.i.k.p.i.AbstractProblemLoader Loading environment from /home/runner/work/key/key/key.core/../key.ui/examples/standard_key/java_dl/methodCall.key 
399147     DEBUG main            d.u.i.k.p.i.AbstractProblemLoader Environment load took 46.9ns 
399148     INFO  main            d.u.i.k.p.i.AbstractProblemLoader Creating init config 
401910     DEBUG main            d.u.i.k.p.i.AbstractProblemLoader Init config took 2.76s 
401927     INFO  main            d.u.i.k.p.i.AbstractProblemLoader Replaying proof methodCall.key 
401929     DEBUG main            d.u.i.k.p.i.IntermediateProofReplayer Proof replay took 7.9ns 
402032     INFO  main            d.u.i.k.p.r.p.TestFile    ... finished proof: closed. 
402440     INFO  main            d.u.i.k.p.i.AbstractProblemLoader Loading environment from /home/runner/work/key/key/key.core/../key.ui/examples/standard_key/java_dl/methodCall.key.proof 
402440     DEBUG main            d.u.i.k.p.i.AbstractProblemLoader Environment load took 93.5ns 
402441     INFO  main            d.u.i.k.p.i.AbstractProblemLoader Creating init config 
405080     DEBUG main            d.u.i.k.p.i.AbstractProblemLoader Init config took 2.64s 
405095     INFO  main            d.u.i.k.p.i.AbstractProblemLoader Replaying proof methodCall.key.proof 
405098     DEBUG main            d.u.i.k.p.i.IntermediateProofReplayer Proof replay took 1.46ms 
405099     DEBUG main            d.u.i.k.p.r.p.TestFile    ... success: reloaded. 
405100     INFO  main            d.u.i.k.p.r.p.TestFile    Now processing file /home/runner/work/key/key/key.core/../key.ui/examples/standard_key/java_dl/methodCall1.key 
405100     INFO  main            d.u.i.k.p.i.AbstractProblemLoader Loading environment from /home/runner/work/key/key/key.core/../key.ui/examples/standard_key/java_dl/methodCall1.key 
405100     DEBUG main            d.u.i.k.p.i.AbstractProblemLoader Environment load took 43.8ns 
405101     INFO  main            d.u.i.k.p.i.AbstractProblemLoader Creating init config 
407794     DEBUG main            d.u.i.k.p.i.AbstractProblemLoader Init config took 2.69s 
407810     INFO  main            d.u.i.k.p.i.AbstractProblemLoader Replaying proof methodCall1.key 
407812     DEBUG main            d.u.i.k.p.i.IntermediateProofReplayer Proof replay took 8.2ns 
407914     INFO  main            d.u.i.k.p.r.p.TestFile    ... finished proof: closed. 
408352     INFO  main            d.u.i.k.p.i.AbstractProblemLoader Loading environment from /home/runner/work/key/key/key.core/../key.ui/examples/standard_key/java_dl/methodCall1.key.proof 
408352     DEBUG main            d.u.i.k.p.i.AbstractProblemLoader Environment load took 77.3ns 
408353     INFO  main            d.u.i.k.p.i.AbstractProblemLoader Creating init config 
411033     DEBUG main            d.u.i.k.p.i.AbstractProblemLoader Init config took 2.68s 
411050     INFO  main            d.u.i.k.p.i.AbstractProblemLoader Replaying proof methodCall1.key.proof 
411062     DEBUG main            d.u.i.k.p.i.IntermediateProofReplayer Proof replay took 10.23ms 
411063     DEBUG main            d.u.i.k.p.r.p.TestFile    ... success: reloaded. 
411063     INFO  main            d.u.i.k.p.r.p.TestFile    Now processing file /home/runner/work/key/key/key.core/../key.ui/examples/standard_key/java_dl/methodCall1box.key 
411063     INFO  main            d.u.i.k.p.i.AbstractProblemLoader Loading environment from /home/runner/work/key/key/key.core/../key.ui/examples/standard_key/java_dl/methodCall1box.key 
411064     DEBUG main            d.u.i.k.p.i.AbstractProblemLoader Environment load took 85.6ns 
411064     INFO  main            d.u.i.k.p.i.AbstractProblemLoader Creating init config 
413793     DEBUG main            d.u.i.k.p.i.AbstractProblemLoader Init config took 2.73s 
413809     INFO  main            d.u.i.k.p.i.AbstractProblemLoader Replaying proof methodCall1box.key 
413810     DEBUG main            d.u.i.k.p.i.IntermediateProofReplayer Proof replay took 8.5ns 
413913     INFO  main            d.u.i.k.p.r.p.TestFile    ... finished proof: closed. 
414354     INFO  main            d.u.i.k.p.i.AbstractProblemLoader Loading environment from /home/runner/work/key/key/key.core/../key.ui/examples/standard_key/java_dl/methodCall1box.key.proof 
414354     DEBUG main            d.u.i.k.p.i.AbstractProblemLoader Environment load took 77.71ns 
414355     INFO  main            d.u.i.k.p.i.AbstractProblemLoader Creating init config 
417028     DEBUG main            d.u.i.k.p.i.AbstractProblemLoader Init config took 2.67s 
417043     INFO  main            d.u.i.k.p.i.AbstractProblemLoader Replaying proof methodCall1box.key.proof 
417056     DEBUG main            d.u.i.k.p.i.IntermediateProofReplayer Proof replay took 10.88ms 
417057     DEBUG main            d.u.i.k.p.r.p.TestFile    ... success: reloaded. 
417058     INFO  main            d.u.i.k.p.r.p.TestFile    Now processing file /home/runner/work/key/key/key.core/../key.ui/examples/standard_key/java_dl/methodCall3.key 
417058     INFO  main            d.u.i.k.p.i.AbstractProblemLoader Loading environment from /home/runner/work/key/key/key.core/../key.ui/examples/standard_key/java_dl/methodCall3.key 
417058     DEBUG main            d.u.i.k.p.i.AbstractProblemLoader Environment load took 45.7ns 
417059     INFO  main            d.u.i.k.p.i.AbstractProblemLoader Creating init config 
419761     DEBUG main            d.u.i.k.p.i.AbstractProblemLoader Init config took 2.7s 
419777     INFO  main            d.u.i.k.p.i.AbstractProblemLoader Replaying proof methodCall3.key 
419778     DEBUG main            d.u.i.k.p.i.IntermediateProofReplayer Proof replay took 8ns 
419880     INFO  main            d.u.i.k.p.r.p.TestFile    ... finished proof: closed. 
420329     INFO  main            d.u.i.k.p.i.AbstractProblemLoader Loading environment from /home/runner/work/key/key/key.core/../key.ui/examples/standard_key/java_dl/methodCall3.key.proof 
420329     DEBUG main            d.u.i.k.p.i.AbstractProblemLoader Environment load took 85.91ns 
420330     INFO  main            d.u.i.k.p.i.AbstractProblemLoader Creating init config 
423023     DEBUG main            d.u.i.k.p.i.AbstractProblemLoader Init config took 2.69s 
423039     INFO  main            d.u.i.k.p.i.AbstractProblemLoader Replaying proof methodCall3.key.proof 
423049     DEBUG main            d.u.i.k.p.i.IntermediateProofReplayer Proof replay took 7.25ms 
423050     DEBUG main            d.u.i.k.p.r.p.TestFile    ... success: reloaded. 
423051     INFO  main            d.u.i.k.p.r.p.TestFile    Now processing file /home/runner/work/key/key/key.core/../key.ui/examples/standard_key/java_dl/polishFlagSort.key 
423051     INFO  main            d.u.i.k.p.i.AbstractProblemLoader Loading environment from /home/runner/work/key/key/key.core/../key.ui/examples/standard_key/java_dl/polishFlagSort.key 
423051     DEBUG main            d.u.i.k.p.i.AbstractProblemLoader Environment load took 71.01ns 
423052     INFO  main            d.u.i.k.p.i.AbstractProblemLoader Creating init config 
425831     DEBUG main            d.u.i.k.p.i.AbstractProblemLoader Init config took 2.78s 
425848     INFO  main            d.u.i.k.p.i.AbstractProblemLoader Replaying proof polishFlagSort.key 
425850     DEBUG main            d.u.i.k.p.i.IntermediateProofReplayer Proof replay took 7.8ns 
428358     INFO  main            d.u.i.k.p.r.p.TestFile    ... finished proof: closed. 
428875     INFO  main            d.u.i.k.p.i.AbstractProblemLoader Loading environment from /home/runner/work/key/key/key.core/../key.ui/examples/standard_key/java_dl/polishFlagSort.key.proof 
428875     DEBUG main            d.u.i.k.p.i.AbstractProblemLoader Environment load took 91.71ns 
428877     INFO  main            d.u.i.k.p.i.AbstractProblemLoader Creating init config 
431613     DEBUG main            d.u.i.k.p.i.AbstractProblemLoader Init config took 2.74s 
431630     INFO  main            d.u.i.k.p.i.AbstractProblemLoader Replaying proof polishFlagSort.key.proof 
431903     DEBUG main            d.u.i.k.p.i.IntermediateProofReplayer Proof replay took 261.93ms 
431905     DEBUG main            d.u.i.k.p.r.p.TestFile    ... success: reloaded. 
431906     INFO  main            d.u.i.k.p.r.p.TestFile    Now processing file /home/runner/work/key/key/key.core/../key.ui/examples/standard_key/java_dl/postConditionTaclets1.key 
431906     INFO  main            d.u.i.k.p.i.AbstractProblemLoader Loading environment from /home/runner/work/key/key/key.core/../key.ui/examples/standard_key/java_dl/postConditionTaclets1.key 
431906     DEBUG main            d.u.i.k.p.i.AbstractProblemLoader Environment load took 64.91ns 
431907     INFO  main            d.u.i.k.p.i.AbstractProblemLoader Creating init config 
434590     DEBUG main            d.u.i.k.p.i.AbstractProblemLoader Init config took 2.68s 
434605     INFO  main            d.u.i.k.p.i.AbstractProblemLoader Replaying proof postConditionTaclets1.key 
434607     DEBUG main            d.u.i.k.p.i.IntermediateProofReplayer Proof replay took 7.6ns 
434711     INFO  main            d.u.i.k.p.r.p.TestFile    ... finished proof: closed. 
435211     INFO  main            d.u.i.k.p.i.AbstractProblemLoader Loading environment from /home/runner/work/key/key/key.core/../key.ui/examples/standard_key/java_dl/postConditionTaclets1.key.proof 
435211     DEBUG main            d.u.i.k.p.i.AbstractProblemLoader Environment load took 88.11ns 
435213     INFO  main            d.u.i.k.p.i.AbstractProblemLoader Creating init config 
437795     DEBUG main            d.u.i.k.p.i.AbstractProblemLoader Init config took 2.58s 
437811     INFO  main            d.u.i.k.p.i.AbstractProblemLoader Replaying proof postConditionTaclets1.key.proof 
437813     DEBUG main            d.u.i.k.p.i.IntermediateProofReplayer Proof replay took 310.13ns 
437814     DEBUG main            d.u.i.k.p.r.p.TestFile    ... success: reloaded. 
437815     INFO  main            d.u.i.k.p.r.p.TestFile    Now processing file /home/runner/work/key/key/key.core/../key.ui/examples/standard_key/java_dl/postConditionTaclets2.key 
437815     INFO  main            d.u.i.k.p.i.AbstractProblemLoader Loading environment from /home/runner/work/key/key/key.core/../key.ui/examples/standard_key/java_dl/postConditionTaclets2.key 
437815     DEBUG main            d.u.i.k.p.i.AbstractProblemLoader Environment load took 82.51ns 
437816     INFO  main            d.u.i.k.p.i.AbstractProblemLoader Creating init config 
440433     DEBUG main            d.u.i.k.p.i.AbstractProblemLoader Init config took 2.62s 
440449     INFO  main            d.u.i.k.p.i.AbstractProblemLoader Replaying proof postConditionTaclets2.key 
440450     DEBUG main            d.u.i.k.p.i.IntermediateProofReplayer Proof replay took 8.1ns 
440553     INFO  main            d.u.i.k.p.r.p.TestFile    ... finished proof: closed. 
441029     INFO  main            d.u.i.k.p.i.AbstractProblemLoader Loading environment from /home/runner/work/key/key/key.core/../key.ui/examples/standard_key/java_dl/postConditionTaclets2.key.proof 
441029     DEBUG main            d.u.i.k.p.i.AbstractProblemLoader Environment load took 112.91ns 
441030     INFO  main            d.u.i.k.p.i.AbstractProblemLoader Creating init config 
443698     DEBUG main            d.u.i.k.p.i.AbstractProblemLoader Init config took 2.67s 
443714     INFO  main            d.u.i.k.p.i.AbstractProblemLoader Replaying proof postConditionTaclets2.key.proof 
443716     DEBUG main            d.u.i.k.p.i.IntermediateProofReplayer Proof replay took 529.63ns 
443717     DEBUG main            d.u.i.k.p.r.p.TestFile    ... success: reloaded. 
443717     INFO  main            d.u.i.k.p.r.p.TestFile    Now processing file /home/runner/work/key/key/key.core/../key.ui/examples/standard_key/java_dl/quantifiedQuery.key 
443717     INFO  main            d.u.i.k.p.i.AbstractProblemLoader Loading environment from /home/runner/work/key/key/key.core/../key.ui/examples/standard_key/java_dl/quantifiedQuery.key 
443717     DEBUG main            d.u.i.k.p.i.AbstractProblemLoader Environment load took 49.2ns 
443719     INFO  main            d.u.i.k.p.i.AbstractProblemLoader Creating init config 
446450     DEBUG main            d.u.i.k.p.i.AbstractProblemLoader Init config took 2.73s 
446466     INFO  main            d.u.i.k.p.i.AbstractProblemLoader Replaying proof quantifiedQuery.key 
446468     DEBUG main            d.u.i.k.p.i.IntermediateProofReplayer Proof replay took 8.7ns 
446570     INFO  main            d.u.i.k.p.r.p.TestFile    ... finished proof: closed. 
447028     INFO  main            d.u.i.k.p.i.AbstractProblemLoader Loading environment from /home/runner/work/key/key/key.core/../key.ui/examples/standard_key/java_dl/quantifiedQuery.key.proof 
447028     DEBUG main            d.u.i.k.p.i.AbstractProblemLoader Environment load took 90.2ns 
447030     INFO  main            d.u.i.k.p.i.AbstractProblemLoader Creating init config 
449673     DEBUG main            d.u.i.k.p.i.AbstractProblemLoader Init config took 2.64s 
449688     INFO  main            d.u.i.k.p.i.AbstractProblemLoader Replaying proof quantifiedQuery.key.proof 
449706     DEBUG main            d.u.i.k.p.i.IntermediateProofReplayer Proof replay took 15.69ms 
449707     DEBUG main            d.u.i.k.p.r.p.TestFile    ... success: reloaded. 
449708     INFO  main            d.u.i.k.p.r.p.TestFile    Now processing file /home/runner/work/key/key/key.core/../key.ui/examples/standard_key/java_dl/recursion/triangular.key 
449708     INFO  main            d.u.i.k.p.i.AbstractProblemLoader Loading environment from /home/runner/work/key/key/key.core/../key.ui/examples/standard_key/java_dl/recursion/triangular.key 
449708     DEBUG main            d.u.i.k.p.i.AbstractProblemLoader Environment load took 51.2ns 
449709     INFO  main            d.u.i.k.p.i.AbstractProblemLoader Creating init config 
452372     DEBUG main            d.u.i.k.p.i.AbstractProblemLoader Init config took 2.66s 
452434     INFO  main            d.u.i.k.p.i.AbstractProblemLoader Replaying proof Triangular[Triangular::tria(int)].JML normal_behavior operation contract.0 
452436     DEBUG main            d.u.i.k.p.i.IntermediateProofReplayer Proof replay took 8.1ns 
452640     INFO  main            d.u.i.k.p.r.p.TestFile    ... finished proof: closed. 
453118     INFO  main            d.u.i.k.p.i.AbstractProblemLoader Loading environment from /home/runner/work/key/key/key.core/../key.ui/examples/standard_key/java_dl/recursion/triangular.key.proof 
453118     DEBUG main            d.u.i.k.p.i.AbstractProblemLoader Environment load took 87.91ns 
453119     INFO  main            d.u.i.k.p.i.AbstractProblemLoader Creating init config 
455810     DEBUG main            d.u.i.k.p.i.AbstractProblemLoader Init config took 2.69s 
455846     INFO  main            d.u.i.k.p.i.AbstractProblemLoader Replaying proof Triangular[Triangular::tria(int)].JML normal_behavior operation contract.0 
455873     DEBUG main            d.u.i.k.p.i.IntermediateProofReplayer Proof replay took 24.42ms 
455873     DEBUG main            d.u.i.k.p.r.p.TestFile    ... success: reloaded. 
455874     INFO  main            d.u.i.k.p.r.p.TestFile    Now processing file /home/runner/work/key/key/key.core/../key.ui/examples/standard_key/java_dl/reverseArray.key 
455874     INFO  main            d.u.i.k.p.i.AbstractProblemLoader Loading environment from /home/runner/work/key/key/key.core/../key.ui/examples/standard_key/java_dl/reverseArray.key 
455874     DEBUG main            d.u.i.k.p.i.AbstractProblemLoader Environment load took 51.9ns 
455876     INFO  main            d.u.i.k.p.i.AbstractProblemLoader Creating init config 
455899     WARN  main            d.u.i.k.j.r.KeYCrossReferenceNameInfo Datatype java.io.PrintStream declared twice: Once in FILE:/home/runner/work/key/key/key.core/../key.ui/examples/standard_key/java_dl/./classpath/PrintStream.java and once in URL:file:/home/runner/work/key/key/key.core/build/resources/main/de/uka/ilkd/key/java/JavaRedux/java/io/PrintStream.java, Keeping one from URL:file:/home/runner/work/key/key/key.core/build/resources/main/de/uka/ilkd/key/java/JavaRedux/java/io/PrintStream.java 
455899     WARN  main            d.u.i.k.j.r.KeYCrossReferenceNameInfo Datatype java.lang.System declared twice: Once in FILE:/home/runner/work/key/key/key.core/../key.ui/examples/standard_key/java_dl/./classpath/System.java and once in URL:file:/home/runner/work/key/key/key.core/build/resources/main/de/uka/ilkd/key/java/JavaRedux/java/lang/System.java, Keeping one from URL:file:/home/runner/work/key/key/key.core/build/resources/main/de/uka/ilkd/key/java/JavaRedux/java/lang/System.java 
455899     WARN  main            d.u.i.k.j.r.KeYCrossReferenceNameInfo Datatype java.io.InputStream declared twice: Once in FILE:/home/runner/work/key/key/key.core/../key.ui/examples/standard_key/java_dl/./classpath/InputStream.java and once in URL:file:/home/runner/work/key/key/key.core/build/resources/main/de/uka/ilkd/key/java/JavaRedux/java/io/InputStream.java, Keeping one from URL:file:/home/runner/work/key/key/key.core/build/resources/main/de/uka/ilkd/key/java/JavaRedux/java/io/InputStream.java 
455903     DEBUG main            d.u.i.k.j.r.ClassFileDeclarationBuilder Parsing: package java.io; public class Closeable { } 
455903     DEBUG main            r.s.KeYCrossReferenceSourceInfo Dynamically created class: java.io.Closeable 
458752     DEBUG main            d.u.i.k.p.i.AbstractProblemLoader Init config took 2.88s 
458769     INFO  main            d.u.i.k.p.i.AbstractProblemLoader Replaying proof reverseArray.key 
458771     DEBUG main            d.u.i.k.p.i.IntermediateProofReplayer Proof replay took 7.7ns 
463631     INFO  main            d.u.i.k.p.r.p.TestFile    ... finished proof: closed. 
464190     INFO  main            d.u.i.k.p.i.AbstractProblemLoader Loading environment from /home/runner/work/key/key/key.core/../key.ui/examples/standard_key/java_dl/reverseArray.key.proof 
464190     DEBUG main            d.u.i.k.p.i.AbstractProblemLoader Environment load took 336.02ns 
464192     INFO  main            d.u.i.k.p.i.AbstractProblemLoader Creating init config 
464222     WARN  main            d.u.i.k.j.r.KeYCrossReferenceNameInfo Datatype java.io.PrintStream declared twice: Once in FILE:/home/runner/work/key/key/key.core/../key.ui/examples/standard_key/java_dl/classpath/PrintStream.java and once in URL:file:/home/runner/work/key/key/key.core/build/resources/main/de/uka/ilkd/key/java/JavaRedux/java/io/PrintStream.java, Keeping one from URL:file:/home/runner/work/key/key/key.core/build/resources/main/de/uka/ilkd/key/java/JavaRedux/java/io/PrintStream.java 
464222     WARN  main            d.u.i.k.j.r.KeYCrossReferenceNameInfo Datatype java.lang.System declared twice: Once in FILE:/home/runner/work/key/key/key.core/../key.ui/examples/standard_key/java_dl/classpath/System.java and once in URL:file:/home/runner/work/key/key/key.core/build/resources/main/de/uka/ilkd/key/java/JavaRedux/java/lang/System.java, Keeping one from URL:file:/home/runner/work/key/key/key.core/build/resources/main/de/uka/ilkd/key/java/JavaRedux/java/lang/System.java 
464222     WARN  main            d.u.i.k.j.r.KeYCrossReferenceNameInfo Datatype java.io.InputStream declared twice: Once in FILE:/home/runner/work/key/key/key.core/../key.ui/examples/standard_key/java_dl/classpath/InputStream.java and once in URL:file:/home/runner/work/key/key/key.core/build/resources/main/de/uka/ilkd/key/java/JavaRedux/java/io/InputStream.java, Keeping one from URL:file:/home/runner/work/key/key/key.core/build/resources/main/de/uka/ilkd/key/java/JavaRedux/java/io/InputStream.java 
464226     DEBUG main            d.u.i.k.j.r.ClassFileDeclarationBuilder Parsing: package java.io; public class Closeable { } 
464227     DEBUG main            r.s.KeYCrossReferenceSourceInfo Dynamically created class: java.io.Closeable 
467115     DEBUG main            d.u.i.k.p.i.AbstractProblemLoader Init config took 2.92s 
467140     INFO  main            d.u.i.k.p.i.AbstractProblemLoader Replaying proof reverseArray.key.proof 
467652     DEBUG main            d.u.i.k.p.i.IntermediateProofReplayer Proof replay took 498.79ms 
467654     DEBUG main            d.u.i.k.p.r.p.TestFile    ... success: reloaded. 
467655     INFO  main            d.u.i.k.p.r.p.TestFile    Now processing file /home/runner/work/key/key/key.core/../key.ui/examples/standard_key/java_dl/reverseArray2.key 
467655     INFO  main            d.u.i.k.p.i.AbstractProblemLoader Loading environment from /home/runner/work/key/key/key.core/../key.ui/examples/standard_key/java_dl/reverseArray2.key 
467655     DEBUG main            d.u.i.k.p.i.AbstractProblemLoader Environment load took 117.81ns 
467657     INFO  main            d.u.i.k.p.i.AbstractProblemLoader Creating init config 
467680     WARN  main            d.u.i.k.j.r.KeYCrossReferenceNameInfo Datatype java.io.PrintStream declared twice: Once in FILE:/home/runner/work/key/key/key.core/../key.ui/examples/standard_key/java_dl/classpath/PrintStream.java and once in URL:file:/home/runner/work/key/key/key.core/build/resources/main/de/uka/ilkd/key/java/JavaRedux/java/io/PrintStream.java, Keeping one from URL:file:/home/runner/work/key/key/key.core/build/resources/main/de/uka/ilkd/key/java/JavaRedux/java/io/PrintStream.java 
467680     WARN  main            d.u.i.k.j.r.KeYCrossReferenceNameInfo Datatype java.lang.System declared twice: Once in FILE:/home/runner/work/key/key/key.core/../key.ui/examples/standard_key/java_dl/classpath/System.java and once in URL:file:/home/runner/work/key/key/key.core/build/resources/main/de/uka/ilkd/key/java/JavaRedux/java/lang/System.java, Keeping one from URL:file:/home/runner/work/key/key/key.core/build/resources/main/de/uka/ilkd/key/java/JavaRedux/java/lang/System.java 
467680     WARN  main            d.u.i.k.j.r.KeYCrossReferenceNameInfo Datatype java.io.InputStream declared twice: Once in FILE:/home/runner/work/key/key/key.core/../key.ui/examples/standard_key/java_dl/classpath/InputStream.java and once in URL:file:/home/runner/work/key/key/key.core/build/resources/main/de/uka/ilkd/key/java/JavaRedux/java/io/InputStream.java, Keeping one from URL:file:/home/runner/work/key/key/key.core/build/resources/main/de/uka/ilkd/key/java/JavaRedux/java/io/InputStream.java 
467684     DEBUG main            d.u.i.k.j.r.ClassFileDeclarationBuilder Parsing: package java.io; public class Closeable { } 
467684     DEBUG main            r.s.KeYCrossReferenceSourceInfo Dynamically created class: java.io.Closeable 
470702     DEBUG main            d.u.i.k.p.i.AbstractProblemLoader Init config took 3.04s 
470719     INFO  main            d.u.i.k.p.i.AbstractProblemLoader Replaying proof reverseArray2.key 
470721     DEBUG main            d.u.i.k.p.i.IntermediateProofReplayer Proof replay took 42.8ns 
472229     INFO  main            d.u.i.k.p.r.p.TestFile    ... finished proof: closed. 
472841     INFO  main            d.u.i.k.p.i.AbstractProblemLoader Loading environment from /home/runner/work/key/key/key.core/../key.ui/examples/standard_key/java_dl/reverseArray2.key.proof 
472841     DEBUG main            d.u.i.k.p.i.AbstractProblemLoader Environment load took 97.31ns 
472843     INFO  main            d.u.i.k.p.i.AbstractProblemLoader Creating init config 
472866     WARN  main            d.u.i.k.j.r.KeYCrossReferenceNameInfo Datatype java.io.PrintStream declared twice: Once in FILE:/home/runner/work/key/key/key.core/../key.ui/examples/standard_key/java_dl/classpath/PrintStream.java and once in URL:file:/home/runner/work/key/key/key.core/build/resources/main/de/uka/ilkd/key/java/JavaRedux/java/io/PrintStream.java, Keeping one from URL:file:/home/runner/work/key/key/key.core/build/resources/main/de/uka/ilkd/key/java/JavaRedux/java/io/PrintStream.java 
472867     WARN  main            d.u.i.k.j.r.KeYCrossReferenceNameInfo Datatype java.lang.System declared twice: Once in FILE:/home/runner/work/key/key/key.core/../key.ui/examples/standard_key/java_dl/classpath/System.java and once in URL:file:/home/runner/work/key/key/key.core/build/resources/main/de/uka/ilkd/key/java/JavaRedux/java/lang/System.java, Keeping one from URL:file:/home/runner/work/key/key/key.core/build/resources/main/de/uka/ilkd/key/java/JavaRedux/java/lang/System.java 
472867     WARN  main            d.u.i.k.j.r.KeYCrossReferenceNameInfo Datatype java.io.InputStream declared twice: Once in FILE:/home/runner/work/key/key/key.core/../key.ui/examples/standard_key/java_dl/classpath/InputStream.java and once in URL:file:/home/runner/work/key/key/key.core/build/resources/main/de/uka/ilkd/key/java/JavaRedux/java/io/InputStream.java, Keeping one from URL:file:/home/runner/work/key/key/key.core/build/resources/main/de/uka/ilkd/key/java/JavaRedux/java/io/InputStream.java 
472871     DEBUG main            d.u.i.k.j.r.ClassFileDeclarationBuilder Parsing: package java.io; public class Closeable { } 
472871     DEBUG main            r.s.KeYCrossReferenceSourceInfo Dynamically created class: java.io.Closeable 
475643     DEBUG main            d.u.i.k.p.i.AbstractProblemLoader Init config took 2.8s 
475661     INFO  main            d.u.i.k.p.i.AbstractProblemLoader Replaying proof reverseArray2.key.proof 
475833     DEBUG main            d.u.i.k.p.i.IntermediateProofReplayer Proof replay took 166.82ms 
475834     DEBUG main            d.u.i.k.p.r.p.TestFile    ... success: reloaded. 
475835     INFO  main            d.u.i.k.p.r.p.TestFile    Now processing file /home/runner/work/key/key/key.core/../key.ui/examples/standard_key/java_dl/simpleAssignment.key 
475835     INFO  main            d.u.i.k.p.i.AbstractProblemLoader Loading environment from /home/runner/work/key/key/key.core/../key.ui/examples/standard_key/java_dl/simpleAssignment.key 
475836     DEBUG main            d.u.i.k.p.i.AbstractProblemLoader Environment load took 71.1ns 
475836     INFO  main            d.u.i.k.p.i.AbstractProblemLoader Creating init config 
478559     DEBUG main            d.u.i.k.p.i.AbstractProblemLoader Init config took 2.72s 
478575     INFO  main            d.u.i.k.p.i.AbstractProblemLoader Replaying proof simpleAssignment.key 
478577     DEBUG main            d.u.i.k.p.i.IntermediateProofReplayer Proof replay took 3.9ns 
478678     INFO  main            d.u.i.k.p.r.p.TestFile    ... finished proof: closed. 
479251     INFO  main            d.u.i.k.p.i.AbstractProblemLoader Loading environment from /home/runner/work/key/key/key.core/../key.ui/examples/standard_key/java_dl/simpleAssignment.key.proof 
479252     DEBUG main            d.u.i.k.p.i.AbstractProblemLoader Environment load took 83.41ns 
479253     INFO  main            d.u.i.k.p.i.AbstractProblemLoader Creating init config 
481937     DEBUG main            d.u.i.k.p.i.AbstractProblemLoader Init config took 2.68s 
481952     INFO  main            d.u.i.k.p.i.AbstractProblemLoader Replaying proof simpleAssignment.key.proof 
481954     DEBUG main            d.u.i.k.p.i.IntermediateProofReplayer Proof replay took 585.83ns 
481955     DEBUG main            d.u.i.k.p.r.p.TestFile    ... success: reloaded. 
481955     INFO  main            d.u.i.k.p.r.p.TestFile    Now processing file /home/runner/work/key/key/key.core/../key.ui/examples/standard_key/java_dl/simpleAssignment2.key 
481956     INFO  main            d.u.i.k.p.i.AbstractProblemLoader Loading environment from /home/runner/work/key/key/key.core/../key.ui/examples/standard_key/java_dl/simpleAssignment2.key 
481956     DEBUG main            d.u.i.k.p.i.AbstractProblemLoader Environment load took 48.2ns 
481957     INFO  main            d.u.i.k.p.i.AbstractProblemLoader Creating init config 
484672     DEBUG main            d.u.i.k.p.i.AbstractProblemLoader Init config took 2.72s 
484687     INFO  main            d.u.i.k.p.i.AbstractProblemLoader Replaying proof simpleAssignment2.key 
484688     DEBUG main            d.u.i.k.p.i.IntermediateProofReplayer Proof replay took 2.7ns 
484793     INFO  main            d.u.i.k.p.r.p.TestFile    ... finished proof: closed. 
485301     INFO  main            d.u.i.k.p.i.AbstractProblemLoader Loading environment from /home/runner/work/key/key/key.core/../key.ui/examples/standard_key/java_dl/simpleAssignment2.key.proof 
485301     DEBUG main            d.u.i.k.p.i.AbstractProblemLoader Environment load took 102.4ns 
485302     INFO  main            d.u.i.k.p.i.AbstractProblemLoader Creating init config 
487981     DEBUG main            d.u.i.k.p.i.AbstractProblemLoader Init config took 2.68s 
487996     INFO  main            d.u.i.k.p.i.AbstractProblemLoader Replaying proof simpleAssignment2.key.proof 
487998     DEBUG main            d.u.i.k.p.i.IntermediateProofReplayer Proof replay took 413.52ns 
487998     DEBUG main            d.u.i.k.p.r.p.TestFile    ... success: reloaded. 
487999     INFO  main            d.u.i.k.p.r.p.TestFile    Now processing file /home/runner/work/key/key/key.core/../key.ui/examples/standard_key/java_dl/splittingWithQueries.key 
487999     INFO  main            d.u.i.k.p.i.AbstractProblemLoader Loading environment from /home/runner/work/key/key/key.core/../key.ui/examples/standard_key/java_dl/splittingWithQueries.key 
487999     DEBUG main            d.u.i.k.p.i.AbstractProblemLoader Environment load took 48.4ns 
488000     INFO  main            d.u.i.k.p.i.AbstractProblemLoader Creating init config 
490716     DEBUG main            d.u.i.k.p.i.AbstractProblemLoader Init config took 2.72s 
490731     INFO  main            d.u.i.k.p.i.AbstractProblemLoader Replaying proof splittingWithQueries.key 
490732     DEBUG main            d.u.i.k.p.i.IntermediateProofReplayer Proof replay took 3.1ns 
490835     INFO  main            d.u.i.k.p.r.p.TestFile    ... finished proof: closed. 
491354     INFO  main            d.u.i.k.p.i.AbstractProblemLoader Loading environment from /home/runner/work/key/key/key.core/../key.ui/examples/standard_key/java_dl/splittingWithQueries.key.proof 
491354     DEBUG main            d.u.i.k.p.i.AbstractProblemLoader Environment load took 95.81ns 
491356     INFO  main            d.u.i.k.p.i.AbstractProblemLoader Creating init config 
493999     DEBUG main            d.u.i.k.p.i.AbstractProblemLoader Init config took 2.64s 
494019     INFO  main            d.u.i.k.p.i.AbstractProblemLoader Replaying proof splittingWithQueries.key.proof 
494021     DEBUG main            d.u.i.k.p.i.IntermediateProofReplayer Proof replay took 1.35ms 
494023     DEBUG main            d.u.i.k.p.r.p.TestFile    ... success: reloaded. 
494026     INFO  main            d.u.i.k.p.r.p.TestFile    Now processing file /home/runner/work/key/key/key.core/../key.ui/examples/standard_key/java_dl/strassen/strassen.key 
494026     INFO  main            d.u.i.k.p.i.AbstractProblemLoader Loading environment from /home/runner/work/key/key/key.core/../key.ui/examples/standard_key/java_dl/strassen/strassen.key 
494026     DEBUG main            d.u.i.k.p.i.AbstractProblemLoader Environment load took 77.9ns 
494027     INFO  main            d.u.i.k.p.i.AbstractProblemLoader Creating init config 
496834     DEBUG main            d.u.i.k.p.i.AbstractProblemLoader Init config took 2.81s 
496873     INFO  main            d.u.i.k.p.i.AbstractProblemLoader Replaying proof Matrix22[Matrix22::strassen(Matrix22,Matrix22)].JML normal_behavior operation contract.0 
496874     DEBUG main            d.u.i.k.p.i.IntermediateProofReplayer Proof replay took 2.9ns 
502118     INFO  main            d.u.i.k.p.r.p.TestFile    ... finished proof: closed. 
502776     INFO  main            d.u.i.k.p.i.AbstractProblemLoader Loading environment from /home/runner/work/key/key/key.core/../key.ui/examples/standard_key/java_dl/strassen/strassen.key.proof 
502776     DEBUG main            d.u.i.k.p.i.AbstractProblemLoader Environment load took 331.62ns 
502778     INFO  main            d.u.i.k.p.i.AbstractProblemLoader Creating init config 
505517     DEBUG main            d.u.i.k.p.i.AbstractProblemLoader Init config took 2.74s 
505556     INFO  main            d.u.i.k.p.i.AbstractProblemLoader Replaying proof Matrix22[Matrix22::strassen(Matrix22,Matrix22)].JML normal_behavior operation contract.0 
505997     DEBUG main            d.u.i.k.p.i.IntermediateProofReplayer Proof replay took 429.81ms 
505999     DEBUG main            d.u.i.k.p.r.p.TestFile    ... success: reloaded. 
505999     INFO  main            d.u.i.k.p.r.p.TestFile    Now processing file /home/runner/work/key/key/key.core/../key.ui/examples/standard_key/java_dl/symmArray.key 
506000     INFO  main            d.u.i.k.p.i.AbstractProblemLoader Loading environment from /home/runner/work/key/key/key.core/../key.ui/examples/standard_key/java_dl/symmArray.key 
506000     DEBUG main            d.u.i.k.p.i.AbstractProblemLoader Environment load took 82.1ns 
506003     INFO  main            d.u.i.k.p.i.AbstractProblemLoader Creating init config 
508801     DEBUG main            d.u.i.k.p.i.AbstractProblemLoader Init config took 2.8s 
508818     INFO  main            d.u.i.k.p.i.AbstractProblemLoader Replaying proof symmArray.key 
508819     DEBUG main            d.u.i.k.p.i.IntermediateProofReplayer Proof replay took 3.1ns 
593907     INFO  main            d.u.i.k.p.r.p.TestFile    ... finished proof: closed. 
594547     INFO  main            d.u.i.k.p.i.AbstractProblemLoader Loading environment from /home/runner/work/key/key/key.core/../key.ui/examples/standard_key/java_dl/symmArray.key.proof 
594548     DEBUG main            d.u.i.k.p.i.AbstractProblemLoader Environment load took 375.72ns 
594554     INFO  main            d.u.i.k.p.i.AbstractProblemLoader Creating init config 
597246     DEBUG main            d.u.i.k.p.i.AbstractProblemLoader Init config took 2.69s 
597264     INFO  main            d.u.i.k.p.i.AbstractProblemLoader Replaying proof symmArray.key.proof 
598178     DEBUG main            d.u.i.k.p.i.IntermediateProofReplayer Proof replay took 856.85ms 
598184     DEBUG main            d.u.i.k.p.r.p.TestFile    ... success: reloaded. 
598185     INFO  main            d.u.i.k.p.r.p.TestFile    Now processing file /home/runner/work/key/key/key.core/../key.ui/examples/standard_key/java_dl/testcontext.key 
598185     INFO  main            d.u.i.k.p.i.AbstractProblemLoader Loading environment from /home/runner/work/key/key/key.core/../key.ui/examples/standard_key/java_dl/testcontext.key 
598185     DEBUG main            d.u.i.k.p.i.AbstractProblemLoader Environment load took 84.5ns 
598186     INFO  main            d.u.i.k.p.i.AbstractProblemLoader Creating init config 
598208     WARN  main            d.u.i.k.j.r.KeYCrossReferenceNameInfo Datatype java.io.PrintStream declared twice: Once in FILE:/home/runner/work/key/key/key.core/../key.ui/examples/standard_key/java_dl/classpath/PrintStream.java and once in URL:file:/home/runner/work/key/key/key.core/build/resources/main/de/uka/ilkd/key/java/JavaRedux/java/io/PrintStream.java, Keeping one from URL:file:/home/runner/work/key/key/key.core/build/resources/main/de/uka/ilkd/key/java/JavaRedux/java/io/PrintStream.java 
598209     WARN  main            d.u.i.k.j.r.KeYCrossReferenceNameInfo Datatype java.lang.System declared twice: Once in FILE:/home/runner/work/key/key/key.core/../key.ui/examples/standard_key/java_dl/classpath/System.java and once in URL:file:/home/runner/work/key/key/key.core/build/resources/main/de/uka/ilkd/key/java/JavaRedux/java/lang/System.java, Keeping one from URL:file:/home/runner/work/key/key/key.core/build/resources/main/de/uka/ilkd/key/java/JavaRedux/java/lang/System.java 
598209     WARN  main            d.u.i.k.j.r.KeYCrossReferenceNameInfo Datatype java.io.InputStream declared twice: Once in FILE:/home/runner/work/key/key/key.core/../key.ui/examples/standard_key/java_dl/classpath/InputStream.java and once in URL:file:/home/runner/work/key/key/key.core/build/resources/main/de/uka/ilkd/key/java/JavaRedux/java/io/InputStream.java, Keeping one from URL:file:/home/runner/work/key/key/key.core/build/resources/main/de/uka/ilkd/key/java/JavaRedux/java/io/InputStream.java 
598212     DEBUG main            d.u.i.k.j.r.ClassFileDeclarationBuilder Parsing: package java.io; public class Closeable { } 
598213     DEBUG main            r.s.KeYCrossReferenceSourceInfo Dynamically created class: java.io.Closeable 
601010     DEBUG main            d.u.i.k.p.i.AbstractProblemLoader Init config took 2.82s 
601026     INFO  main            d.u.i.k.p.i.AbstractProblemLoader Replaying proof testcontext.key 
601027     DEBUG main            d.u.i.k.p.i.IntermediateProofReplayer Proof replay took 2.6ns 
601334     INFO  main            d.u.i.k.p.r.p.TestFile    ... finished proof: closed. 
602023     INFO  main            d.u.i.k.p.i.AbstractProblemLoader Loading environment from /home/runner/work/key/key/key.core/../key.ui/examples/standard_key/java_dl/testcontext.key.proof 
602023     DEBUG main            d.u.i.k.p.i.AbstractProblemLoader Environment load took 88.2ns 
602024     INFO  main            d.u.i.k.p.i.AbstractProblemLoader Creating init config 
602047     WARN  main            d.u.i.k.j.r.KeYCrossReferenceNameInfo Datatype java.io.PrintStream declared twice: Once in FILE:/home/runner/work/key/key/key.core/../key.ui/examples/standard_key/java_dl/classpath/PrintStream.java and once in URL:file:/home/runner/work/key/key/key.core/build/resources/main/de/uka/ilkd/key/java/JavaRedux/java/io/PrintStream.java, Keeping one from URL:file:/home/runner/work/key/key/key.core/build/resources/main/de/uka/ilkd/key/java/JavaRedux/java/io/PrintStream.java 
602047     WARN  main            d.u.i.k.j.r.KeYCrossReferenceNameInfo Datatype java.lang.System declared twice: Once in FILE:/home/runner/work/key/key/key.core/../key.ui/examples/standard_key/java_dl/classpath/System.java and once in URL:file:/home/runner/work/key/key/key.core/build/resources/main/de/uka/ilkd/key/java/JavaRedux/java/lang/System.java, Keeping one from URL:file:/home/runner/work/key/key/key.core/build/resources/main/de/uka/ilkd/key/java/JavaRedux/java/lang/System.java 
602047     WARN  main            d.u.i.k.j.r.KeYCrossReferenceNameInfo Datatype java.io.InputStream declared twice: Once in FILE:/home/runner/work/key/key/key.core/../key.ui/examples/standard_key/java_dl/classpath/InputStream.java and once in URL:file:/home/runner/work/key/key/key.core/build/resources/main/de/uka/ilkd/key/java/JavaRedux/java/io/InputStream.java, Keeping one from URL:file:/home/runner/work/key/key/key.core/build/resources/main/de/uka/ilkd/key/java/JavaRedux/java/io/InputStream.java 
602051     DEBUG main            d.u.i.k.j.r.ClassFileDeclarationBuilder Parsing: package java.io; public class Closeable { } 
602051     DEBUG main            r.s.KeYCrossReferenceSourceInfo Dynamically created class: java.io.Closeable 
604677     DEBUG main            d.u.i.k.p.i.AbstractProblemLoader Init config took 2.65s 
604693     INFO  main            d.u.i.k.p.i.AbstractProblemLoader Replaying proof testcontext.key.proof 
604737     DEBUG main            d.u.i.k.p.i.IntermediateProofReplayer Proof replay took 41.59ms 
604738     DEBUG main            d.u.i.k.p.r.p.TestFile    ... success: reloaded. 
604738     INFO  main            d.u.i.k.p.r.p.TestFile    Now processing file /home/runner/work/key/key/key.core/../key.ui/examples/standard_key/staticInitialisation/cascadeStaticInitialisation.key 
604739     INFO  main            d.u.i.k.p.i.AbstractProblemLoader Loading environment from /home/runner/work/key/key/key.core/../key.ui/examples/standard_key/staticInitialisation/cascadeStaticInitialisation.key 
604739     DEBUG main            d.u.i.k.p.i.AbstractProblemLoader Environment load took 49.91ns 
604741     INFO  main            d.u.i.k.p.i.AbstractProblemLoader Creating init config 
604761     WARN  main            d.u.i.k.j.r.KeYCrossReferenceNameInfo Datatype java.io.PrintStream declared twice: Once in FILE:/home/runner/work/key/key/key.core/../key.ui/examples/standard_key/staticInitialisation/classpath/PrintStream.java and once in URL:file:/home/runner/work/key/key/key.core/build/resources/main/de/uka/ilkd/key/java/JavaRedux/java/io/PrintStream.java, Keeping one from URL:file:/home/runner/work/key/key/key.core/build/resources/main/de/uka/ilkd/key/java/JavaRedux/java/io/PrintStream.java 
604762     WARN  main            d.u.i.k.j.r.KeYCrossReferenceNameInfo Datatype java.lang.System declared twice: Once in FILE:/home/runner/work/key/key/key.core/../key.ui/examples/standard_key/staticInitialisation/classpath/System.java and once in URL:file:/home/runner/work/key/key/key.core/build/resources/main/de/uka/ilkd/key/java/JavaRedux/java/lang/System.java, Keeping one from URL:file:/home/runner/work/key/key/key.core/build/resources/main/de/uka/ilkd/key/java/JavaRedux/java/lang/System.java 
607464     DEBUG main            d.u.i.k.p.i.AbstractProblemLoader Init config took 2.72s 
607480     INFO  main            d.u.i.k.p.i.AbstractProblemLoader Replaying proof cascadeStaticInitialisation.key 
607481     DEBUG main            d.u.i.k.p.i.IntermediateProofReplayer Proof replay took 2.5ns 
608194     INFO  main            d.u.i.k.p.r.p.TestFile    ... finished proof: closed. 
608802     INFO  main            d.u.i.k.p.i.AbstractProblemLoader Loading environment from /home/runner/work/key/key/key.core/../key.ui/examples/standard_key/staticInitialisation/cascadeStaticInitialisation.key.proof 
608802     DEBUG main            d.u.i.k.p.i.AbstractProblemLoader Environment load took 102.21ns 
608803     INFO  main            d.u.i.k.p.i.AbstractProblemLoader Creating init config 
608826     WARN  main            d.u.i.k.j.r.KeYCrossReferenceNameInfo Datatype java.io.PrintStream declared twice: Once in FILE:/home/runner/work/key/key/key.core/../key.ui/examples/standard_key/staticInitialisation/classpath/PrintStream.java and once in URL:file:/home/runner/work/key/key/key.core/build/resources/main/de/uka/ilkd/key/java/JavaRedux/java/io/PrintStream.java, Keeping one from URL:file:/home/runner/work/key/key/key.core/build/resources/main/de/uka/ilkd/key/java/JavaRedux/java/io/PrintStream.java 
608826     WARN  main            d.u.i.k.j.r.KeYCrossReferenceNameInfo Datatype java.lang.System declared twice: Once in FILE:/home/runner/work/key/key/key.core/../key.ui/examples/standard_key/staticInitialisation/classpath/System.java and once in URL:file:/home/runner/work/key/key/key.core/build/resources/main/de/uka/ilkd/key/java/JavaRedux/java/lang/System.java, Keeping one from URL:file:/home/runner/work/key/key/key.core/build/resources/main/de/uka/ilkd/key/java/JavaRedux/java/lang/System.java 
611565     DEBUG main            d.u.i.k.p.i.AbstractProblemLoader Init config took 2.76s 
611581     INFO  main            d.u.i.k.p.i.AbstractProblemLoader Replaying proof cascadeStaticInitialisation.key.proof 
611704     DEBUG main            d.u.i.k.p.i.IntermediateProofReplayer Proof replay took 119.73ms 
611705     DEBUG main            d.u.i.k.p.r.p.TestFile    ... success: reloaded. 
611706     INFO  main            d.u.i.k.p.r.p.TestFile    Now processing file /home/runner/work/key/key/key.core/../key.ui/examples/standard_key/staticInitialisation/erroneousClassImpliesErroneousSubclass.key 
611706     INFO  main            d.u.i.k.p.i.AbstractProblemLoader Loading environment from /home/runner/work/key/key/key.core/../key.ui/examples/standard_key/staticInitialisation/erroneousClassImpliesErroneousSubclass.key 
611706     DEBUG main            d.u.i.k.p.i.AbstractProblemLoader Environment load took 54.6ns 
611707     INFO  main            d.u.i.k.p.i.AbstractProblemLoader Creating init config 
611729     WARN  main            d.u.i.k.j.r.KeYCrossReferenceNameInfo Datatype java.io.PrintStream declared twice: Once in FILE:/home/runner/work/key/key/key.core/../key.ui/examples/standard_key/staticInitialisation/classpath/PrintStream.java and once in URL:file:/home/runner/work/key/key/key.core/build/resources/main/de/uka/ilkd/key/java/JavaRedux/java/io/PrintStream.java, Keeping one from URL:file:/home/runner/work/key/key/key.core/build/resources/main/de/uka/ilkd/key/java/JavaRedux/java/io/PrintStream.java 
611729     WARN  main            d.u.i.k.j.r.KeYCrossReferenceNameInfo Datatype java.lang.System declared twice: Once in FILE:/home/runner/work/key/key/key.core/../key.ui/examples/standard_key/staticInitialisation/classpath/System.java and once in URL:file:/home/runner/work/key/key/key.core/build/resources/main/de/uka/ilkd/key/java/JavaRedux/java/lang/System.java, Keeping one from URL:file:/home/runner/work/key/key/key.core/build/resources/main/de/uka/ilkd/key/java/JavaRedux/java/lang/System.java 
614430     DEBUG main            d.u.i.k.p.i.AbstractProblemLoader Init config took 2.72s 
614445     INFO  main            d.u.i.k.p.i.AbstractProblemLoader Replaying proof erroneousClassImpliesErroneousSubclass.key 
614446     DEBUG main            d.u.i.k.p.i.IntermediateProofReplayer Proof replay took 3.1ns 
614548     INFO  main            d.u.i.k.p.r.p.TestFile    ... finished proof: closed. 
615136     INFO  main            d.u.i.k.p.i.AbstractProblemLoader Loading environment from /home/runner/work/key/key/key.core/../key.ui/examples/standard_key/staticInitialisation/erroneousClassImpliesErroneousSubclass.key.proof 
615136     DEBUG main            d.u.i.k.p.i.AbstractProblemLoader Environment load took 85.21ns 
615137     INFO  main            d.u.i.k.p.i.AbstractProblemLoader Creating init config 
615158     WARN  main            d.u.i.k.j.r.KeYCrossReferenceNameInfo Datatype java.io.PrintStream declared twice: Once in FILE:/home/runner/work/key/key/key.core/../key.ui/examples/standard_key/staticInitialisation/classpath/PrintStream.java and once in URL:file:/home/runner/work/key/key/key.core/build/resources/main/de/uka/ilkd/key/java/JavaRedux/java/io/PrintStream.java, Keeping one from URL:file:/home/runner/work/key/key/key.core/build/resources/main/de/uka/ilkd/key/java/JavaRedux/java/io/PrintStream.java 
615158     WARN  main            d.u.i.k.j.r.KeYCrossReferenceNameInfo Datatype java.lang.System declared twice: Once in FILE:/home/runner/work/key/key/key.core/../key.ui/examples/standard_key/staticInitialisation/classpath/System.java and once in URL:file:/home/runner/work/key/key/key.core/build/resources/main/de/uka/ilkd/key/java/JavaRedux/java/lang/System.java, Keeping one from URL:file:/home/runner/work/key/key/key.core/build/resources/main/de/uka/ilkd/key/java/JavaRedux/java/lang/System.java 
617814     DEBUG main            d.u.i.k.p.i.AbstractProblemLoader Init config took 2.68s 
617828     INFO  main            d.u.i.k.p.i.AbstractProblemLoader Replaying proof erroneousClassImpliesErroneousSubclass.key.proof 
617830     DEBUG main            d.u.i.k.p.i.IntermediateProofReplayer Proof replay took 508.53ns 
617831     DEBUG main            d.u.i.k.p.r.p.TestFile    ... success: reloaded. 
617831     INFO  main            d.u.i.k.p.r.p.TestFile    Now processing file /home/runner/work/key/key/key.core/../key.ui/examples/standard_key/staticInitialisation/initializedSubclassImpliesInitializedSuperclass.key 
617832     INFO  main            d.u.i.k.p.i.AbstractProblemLoader Loading environment from /home/runner/work/key/key/key.core/../key.ui/examples/standard_key/staticInitialisation/initializedSubclassImpliesInitializedSuperclass.key 
617832     DEBUG main            d.u.i.k.p.i.AbstractProblemLoader Environment load took 76.7ns 
617833     INFO  main            d.u.i.k.p.i.AbstractProblemLoader Creating init config 
617853     WARN  main            d.u.i.k.j.r.KeYCrossReferenceNameInfo Datatype java.io.PrintStream declared twice: Once in FILE:/home/runner/work/key/key/key.core/../key.ui/examples/standard_key/staticInitialisation/classpath/PrintStream.java and once in URL:file:/home/runner/work/key/key/key.core/build/resources/main/de/uka/ilkd/key/java/JavaRedux/java/io/PrintStream.java, Keeping one from URL:file:/home/runner/work/key/key/key.core/build/resources/main/de/uka/ilkd/key/java/JavaRedux/java/io/PrintStream.java 
617853     WARN  main            d.u.i.k.j.r.KeYCrossReferenceNameInfo Datatype java.lang.System declared twice: Once in FILE:/home/runner/work/key/key/key.core/../key.ui/examples/standard_key/staticInitialisation/classpath/System.java and once in URL:file:/home/runner/work/key/key/key.core/build/resources/main/de/uka/ilkd/key/java/JavaRedux/java/lang/System.java, Keeping one from URL:file:/home/runner/work/key/key/key.core/build/resources/main/de/uka/ilkd/key/java/JavaRedux/java/lang/System.java 
620486     DEBUG main            d.u.i.k.p.i.AbstractProblemLoader Init config took 2.65s 
620501     INFO  main            d.u.i.k.p.i.AbstractProblemLoader Replaying proof initializedSubclassImpliesInitializedSuperclass.key 
620502     DEBUG main            d.u.i.k.p.i.IntermediateProofReplayer Proof replay took 3.7ns 
620604     INFO  main            d.u.i.k.p.r.p.TestFile    ... finished proof: closed. 
621176     INFO  main            d.u.i.k.p.i.AbstractProblemLoader Loading environment from /home/runner/work/key/key/key.core/../key.ui/examples/standard_key/staticInitialisation/initializedSubclassImpliesInitializedSuperclass.key.proof 
621176     DEBUG main            d.u.i.k.p.i.AbstractProblemLoader Environment load took 84.31ns 
621177     INFO  main            d.u.i.k.p.i.AbstractProblemLoader Creating init config 
621199     WARN  main            d.u.i.k.j.r.KeYCrossReferenceNameInfo Datatype java.io.PrintStream declared twice: Once in FILE:/home/runner/work/key/key/key.core/../key.ui/examples/standard_key/staticInitialisation/classpath/PrintStream.java and once in URL:file:/home/runner/work/key/key/key.core/build/resources/main/de/uka/ilkd/key/java/JavaRedux/java/io/PrintStream.java, Keeping one from URL:file:/home/runner/work/key/key/key.core/build/resources/main/de/uka/ilkd/key/java/JavaRedux/java/io/PrintStream.java 
621200     WARN  main            d.u.i.k.j.r.KeYCrossReferenceNameInfo Datatype java.lang.System declared twice: Once in FILE:/home/runner/work/key/key/key.core/../key.ui/examples/standard_key/staticInitialisation/classpath/System.java and once in URL:file:/home/runner/work/key/key/key.core/build/resources/main/de/uka/ilkd/key/java/JavaRedux/java/lang/System.java, Keeping one from URL:file:/home/runner/work/key/key/key.core/build/resources/main/de/uka/ilkd/key/java/JavaRedux/java/lang/System.java 
623893     DEBUG main            d.u.i.k.p.i.AbstractProblemLoader Init config took 2.72s 
623908     INFO  main            d.u.i.k.p.i.AbstractProblemLoader Replaying proof initializedSubclassImpliesInitializedSuperclass.key.proof 
623909     DEBUG main            d.u.i.k.p.i.IntermediateProofReplayer Proof replay took 342.54ns 
623911     DEBUG main            d.u.i.k.p.r.p.TestFile    ... success: reloaded. 
623911     INFO  main            d.u.i.k.p.r.p.TestFile    Now processing file /home/runner/work/key/key/key.core/../key.ui/examples/standard_key/staticInitialisation/localDeclared.key 
623911     INFO  main            d.u.i.k.p.i.AbstractProblemLoader Loading environment from /home/runner/work/key/key/key.core/../key.ui/examples/standard_key/staticInitialisation/localDeclared.key 
623911     DEBUG main            d.u.i.k.p.i.AbstractProblemLoader Environment load took 70.21ns 
623913     INFO  main            d.u.i.k.p.i.AbstractProblemLoader Creating init config 
623934     WARN  main            d.u.i.k.j.r.KeYCrossReferenceNameInfo Datatype java.io.PrintStream declared twice: Once in FILE:/home/runner/work/key/key/key.core/../key.ui/examples/standard_key/staticInitialisation/classpath/PrintStream.java and once in URL:file:/home/runner/work/key/key/key.core/build/resources/main/de/uka/ilkd/key/java/JavaRedux/java/io/PrintStream.java, Keeping one from URL:file:/home/runner/work/key/key/key.core/build/resources/main/de/uka/ilkd/key/java/JavaRedux/java/io/PrintStream.java 
623934     WARN  main            d.u.i.k.j.r.KeYCrossReferenceNameInfo Datatype java.lang.System declared twice: Once in FILE:/home/runner/work/key/key/key.core/../key.ui/examples/standard_key/staticInitialisation/classpath/System.java and once in URL:file:/home/runner/work/key/key/key.core/build/resources/main/de/uka/ilkd/key/java/JavaRedux/java/lang/System.java, Keeping one from URL:file:/home/runner/work/key/key/key.core/build/resources/main/de/uka/ilkd/key/java/JavaRedux/java/lang/System.java 
626588     DEBUG main            d.u.i.k.p.i.AbstractProblemLoader Init config took 2.67s 
626603     INFO  main            d.u.i.k.p.i.AbstractProblemLoader Replaying proof localDeclared.key 
626604     DEBUG main            d.u.i.k.p.i.IntermediateProofReplayer Proof replay took 3.6ns 
626908     INFO  main            d.u.i.k.p.r.p.TestFile    ... finished proof: closed. 
627495     INFO  main            d.u.i.k.p.i.AbstractProblemLoader Loading environment from /home/runner/work/key/key/key.core/../key.ui/examples/standard_key/staticInitialisation/localDeclared.key.proof 
627495     DEBUG main            d.u.i.k.p.i.AbstractProblemLoader Environment load took 128.31ns 
627496     INFO  main            d.u.i.k.p.i.AbstractProblemLoader Creating init config 
627521     WARN  main            d.u.i.k.j.r.KeYCrossReferenceNameInfo Datatype java.io.PrintStream declared twice: Once in FILE:/home/runner/work/key/key/key.core/../key.ui/examples/standard_key/staticInitialisation/classpath/PrintStream.java and once in URL:file:/home/runner/work/key/key/key.core/build/resources/main/de/uka/ilkd/key/java/JavaRedux/java/io/PrintStream.java, Keeping one from URL:file:/home/runner/work/key/key/key.core/build/resources/main/de/uka/ilkd/key/java/JavaRedux/java/io/PrintStream.java 
627522     WARN  main            d.u.i.k.j.r.KeYCrossReferenceNameInfo Datatype java.lang.System declared twice: Once in FILE:/home/runner/work/key/key/key.core/../key.ui/examples/standard_key/staticInitialisation/classpath/System.java and once in URL:file:/home/runner/work/key/key/key.core/build/resources/main/de/uka/ilkd/key/java/JavaRedux/java/lang/System.java, Keeping one from URL:file:/home/runner/work/key/key/key.core/build/resources/main/de/uka/ilkd/key/java/JavaRedux/java/lang/System.java 
630257     DEBUG main            d.u.i.k.p.i.AbstractProblemLoader Init config took 2.76s 
630273     INFO  main            d.u.i.k.p.i.AbstractProblemLoader Replaying proof localDeclared.key.proof 
630322     DEBUG main            d.u.i.k.p.i.IntermediateProofReplayer Proof replay took 47.14ms 
630323     DEBUG main            d.u.i.k.p.r.p.TestFile    ... success: reloaded. 
630324     INFO  main            d.u.i.k.p.r.p.TestFile    Now processing file /home/runner/work/key/key/key.core/../key.ui/examples/standard_key/staticInitialisation/localDeclaredMethod.key 
630324     INFO  main            d.u.i.k.p.i.AbstractProblemLoader Loading environment from /home/runner/work/key/key/key.core/../key.ui/examples/standard_key/staticInitialisation/localDeclaredMethod.key 
630324     DEBUG main            d.u.i.k.p.i.AbstractProblemLoader Environment load took 111.41ns 
630326     INFO  main            d.u.i.k.p.i.AbstractProblemLoader Creating init config 
630347     WARN  main            d.u.i.k.j.r.KeYCrossReferenceNameInfo Datatype java.io.PrintStream declared twice: Once in FILE:/home/runner/work/key/key/key.core/../key.ui/examples/standard_key/staticInitialisation/classpath/PrintStream.java and once in URL:file:/home/runner/work/key/key/key.core/build/resources/main/de/uka/ilkd/key/java/JavaRedux/java/io/PrintStream.java, Keeping one from URL:file:/home/runner/work/key/key/key.core/build/resources/main/de/uka/ilkd/key/java/JavaRedux/java/io/PrintStream.java 
630347     WARN  main            d.u.i.k.j.r.KeYCrossReferenceNameInfo Datatype java.lang.System declared twice: Once in FILE:/home/runner/work/key/key/key.core/../key.ui/examples/standard_key/staticInitialisation/classpath/System.java and once in URL:file:/home/runner/work/key/key/key.core/build/resources/main/de/uka/ilkd/key/java/JavaRedux/java/lang/System.java, Keeping one from URL:file:/home/runner/work/key/key/key.core/build/resources/main/de/uka/ilkd/key/java/JavaRedux/java/lang/System.java 
633125     DEBUG main            d.u.i.k.p.i.AbstractProblemLoader Init config took 2.8s 
633141     INFO  main            d.u.i.k.p.i.AbstractProblemLoader Replaying proof localDeclaredMethod.key 
633143     DEBUG main            d.u.i.k.p.i.IntermediateProofReplayer Proof replay took 2.7ns 
633449     INFO  main            d.u.i.k.p.r.p.TestFile    ... finished proof: closed. 
634072     INFO  main            d.u.i.k.p.i.AbstractProblemLoader Loading environment from /home/runner/work/key/key/key.core/../key.ui/examples/standard_key/staticInitialisation/localDeclaredMethod.key.proof 
634072     DEBUG main            d.u.i.k.p.i.AbstractProblemLoader Environment load took 107.81ns 
634073     INFO  main            d.u.i.k.p.i.AbstractProblemLoader Creating init config 
634096     WARN  main            d.u.i.k.j.r.KeYCrossReferenceNameInfo Datatype java.io.PrintStream declared twice: Once in FILE:/home/runner/work/key/key/key.core/../key.ui/examples/standard_key/staticInitialisation/classpath/PrintStream.java and once in URL:file:/home/runner/work/key/key/key.core/build/resources/main/de/uka/ilkd/key/java/JavaRedux/java/io/PrintStream.java, Keeping one from URL:file:/home/runner/work/key/key/key.core/build/resources/main/de/uka/ilkd/key/java/JavaRedux/java/io/PrintStream.java 
634096     WARN  main            d.u.i.k.j.r.KeYCrossReferenceNameInfo Datatype java.lang.System declared twice: Once in FILE:/home/runner/work/key/key/key.core/../key.ui/examples/standard_key/staticInitialisation/classpath/System.java and once in URL:file:/home/runner/work/key/key/key.core/build/resources/main/de/uka/ilkd/key/java/JavaRedux/java/lang/System.java, Keeping one from URL:file:/home/runner/work/key/key/key.core/build/resources/main/de/uka/ilkd/key/java/JavaRedux/java/lang/System.java 
636876     DEBUG main            d.u.i.k.p.i.AbstractProblemLoader Init config took 2.8s 
636891     INFO  main            d.u.i.k.p.i.AbstractProblemLoader Replaying proof localDeclaredMethod.key.proof 
636937     DEBUG main            d.u.i.k.p.i.IntermediateProofReplayer Proof replay took 43.82ms 
636938     DEBUG main            d.u.i.k.p.r.p.TestFile    ... success: reloaded. 
636939     INFO  main            d.u.i.k.p.r.p.TestFile    Now processing file /home/runner/work/key/key/key.core/../key.ui/examples/standard_key/staticInitialisation/objectOfErroneousClass.key 
636939     INFO  main            d.u.i.k.p.i.AbstractProblemLoader Loading environment from /home/runner/work/key/key/key.core/../key.ui/examples/standard_key/staticInitialisation/objectOfErroneousClass.key 
636939     DEBUG main            d.u.i.k.p.i.AbstractProblemLoader Environment load took 102.31ns 
636941     INFO  main            d.u.i.k.p.i.AbstractProblemLoader Creating init config 
636962     WARN  main            d.u.i.k.j.r.KeYCrossReferenceNameInfo Datatype java.io.PrintStream declared twice: Once in FILE:/home/runner/work/key/key/key.core/../key.ui/examples/standard_key/staticInitialisation/classpath/PrintStream.java and once in URL:file:/home/runner/work/key/key/key.core/build/resources/main/de/uka/ilkd/key/java/JavaRedux/java/io/PrintStream.java, Keeping one from URL:file:/home/runner/work/key/key/key.core/build/resources/main/de/uka/ilkd/key/java/JavaRedux/java/io/PrintStream.java 
636962     WARN  main            d.u.i.k.j.r.KeYCrossReferenceNameInfo Datatype java.lang.System declared twice: Once in FILE:/home/runner/work/key/key/key.core/../key.ui/examples/standard_key/staticInitialisation/classpath/System.java and once in URL:file:/home/runner/work/key/key/key.core/build/resources/main/de/uka/ilkd/key/java/JavaRedux/java/lang/System.java, Keeping one from URL:file:/home/runner/work/key/key/key.core/build/resources/main/de/uka/ilkd/key/java/JavaRedux/java/lang/System.java 
639710     DEBUG main            d.u.i.k.p.i.AbstractProblemLoader Init config took 2.77s 
639726     INFO  main            d.u.i.k.p.i.AbstractProblemLoader Replaying proof objectOfErroneousClass.key 
639729     DEBUG main            d.u.i.k.p.i.IntermediateProofReplayer Proof replay took 3.3ns 
653500     INFO  main            d.u.i.k.p.r.p.TestFile    ... finished proof: closed. 
654166     INFO  main            d.u.i.k.p.i.AbstractProblemLoader Loading environment from /home/runner/work/key/key/key.core/../key.ui/examples/standard_key/staticInitialisation/objectOfErroneousClass.key.proof 
654166     DEBUG main            d.u.i.k.p.i.AbstractProblemLoader Environment load took 358.32ns 
654170     INFO  main            d.u.i.k.p.i.AbstractProblemLoader Creating init config 
654192     WARN  main            d.u.i.k.j.r.KeYCrossReferenceNameInfo Datatype java.io.PrintStream declared twice: Once in FILE:/home/runner/work/key/key/key.core/../key.ui/examples/standard_key/staticInitialisation/classpath/PrintStream.java and once in URL:file:/home/runner/work/key/key/key.core/build/resources/main/de/uka/ilkd/key/java/JavaRedux/java/io/PrintStream.java, Keeping one from URL:file:/home/runner/work/key/key/key.core/build/resources/main/de/uka/ilkd/key/java/JavaRedux/java/io/PrintStream.java 
654193     WARN  main            d.u.i.k.j.r.KeYCrossReferenceNameInfo Datatype java.lang.System declared twice: Once in FILE:/home/runner/work/key/key/key.core/../key.ui/examples/standard_key/staticInitialisation/classpath/System.java and once in URL:file:/home/runner/work/key/key/key.core/build/resources/main/de/uka/ilkd/key/java/JavaRedux/java/lang/System.java, Keeping one from URL:file:/home/runner/work/key/key/key.core/build/resources/main/de/uka/ilkd/key/java/JavaRedux/java/lang/System.java 
656796     DEBUG main            d.u.i.k.p.i.AbstractProblemLoader Init config took 2.63s 
656813     INFO  main            d.u.i.k.p.i.AbstractProblemLoader Replaying proof objectOfErroneousClass.key.proof 
658420     DEBUG main            d.u.i.k.p.i.IntermediateProofReplayer Proof replay took 1.57s 
658424     DEBUG main            d.u.i.k.p.r.p.TestFile    ... success: reloaded. 
658425     INFO  main            d.u.i.k.p.r.p.TestFile    Now processing file /home/runner/work/key/key/key.core/../key.ui/examples/standard_key/staticInitialisation/staticInitialisersAreNonSimple.key 
658425     INFO  main            d.u.i.k.p.i.AbstractProblemLoader Loading environment from /home/runner/work/key/key/key.core/../key.ui/examples/standard_key/staticInitialisation/staticInitialisersAreNonSimple.key 
658425     DEBUG main            d.u.i.k.p.i.AbstractProblemLoader Environment load took 77.91ns 
658427     INFO  main            d.u.i.k.p.i.AbstractProblemLoader Creating init config 
658448     WARN  main            d.u.i.k.j.r.KeYCrossReferenceNameInfo Datatype java.io.PrintStream declared twice: Once in FILE:/home/runner/work/key/key/key.core/../key.ui/examples/standard_key/staticInitialisation/classpath/PrintStream.java and once in URL:file:/home/runner/work/key/key/key.core/build/resources/main/de/uka/ilkd/key/java/JavaRedux/java/io/PrintStream.java, Keeping one from URL:file:/home/runner/work/key/key/key.core/build/resources/main/de/uka/ilkd/key/java/JavaRedux/java/io/PrintStream.java 
658448     WARN  main            d.u.i.k.j.r.KeYCrossReferenceNameInfo Datatype java.lang.System declared twice: Once in FILE:/home/runner/work/key/key/key.core/../key.ui/examples/standard_key/staticInitialisation/classpath/System.java and once in URL:file:/home/runner/work/key/key/key.core/build/resources/main/de/uka/ilkd/key/java/JavaRedux/java/lang/System.java, Keeping one from URL:file:/home/runner/work/key/key/key.core/build/resources/main/de/uka/ilkd/key/java/JavaRedux/java/lang/System.java 
661187     DEBUG main            d.u.i.k.p.i.AbstractProblemLoader Init config took 2.76s 
661203     INFO  main            d.u.i.k.p.i.AbstractProblemLoader Replaying proof staticInitialisersAreNonSimple.key 
661204     DEBUG main            d.u.i.k.p.i.IntermediateProofReplayer Proof replay took 3.6ns 
661609     INFO  main            d.u.i.k.p.r.p.TestFile    ... finished proof: closed. 
662314     INFO  main            d.u.i.k.p.i.AbstractProblemLoader Loading environment from /home/runner/work/key/key/key.core/../key.ui/examples/standard_key/staticInitialisation/staticInitialisersAreNonSimple.key.proof 
662314     DEBUG main            d.u.i.k.p.i.AbstractProblemLoader Environment load took 85.61ns 
662316     INFO  main            d.u.i.k.p.i.AbstractProblemLoader Creating init config 
662340     WARN  main            d.u.i.k.j.r.KeYCrossReferenceNameInfo Datatype java.io.PrintStream declared twice: Once in FILE:/home/runner/work/key/key/key.core/../key.ui/examples/standard_key/staticInitialisation/classpath/PrintStream.java and once in URL:file:/home/runner/work/key/key/key.core/build/resources/main/de/uka/ilkd/key/java/JavaRedux/java/io/PrintStream.java, Keeping one from URL:file:/home/runner/work/key/key/key.core/build/resources/main/de/uka/ilkd/key/java/JavaRedux/java/io/PrintStream.java 
662340     WARN  main            d.u.i.k.j.r.KeYCrossReferenceNameInfo Datatype java.lang.System declared twice: Once in FILE:/home/runner/work/key/key/key.core/../key.ui/examples/standard_key/staticInitialisation/classpath/System.java and once in URL:file:/home/runner/work/key/key/key.core/build/resources/main/de/uka/ilkd/key/java/JavaRedux/java/lang/System.java, Keeping one from URL:file:/home/runner/work/key/key/key.core/build/resources/main/de/uka/ilkd/key/java/JavaRedux/java/lang/System.java 
664968     DEBUG main            d.u.i.k.p.i.AbstractProblemLoader Init config took 2.65s 
664983     INFO  main            d.u.i.k.p.i.AbstractProblemLoader Replaying proof staticInitialisersAreNonSimple.key.proof 
665048     DEBUG main            d.u.i.k.p.i.IntermediateProofReplayer Proof replay took 63.3ms 
665050     DEBUG main            d.u.i.k.p.r.p.TestFile    ... success: reloaded. 
665051     INFO  main            d.u.i.k.p.r.p.TestFile    Now processing file /home/runner/work/key/key/key.core/../key.ui/examples/standard_key/types/disjoint.key 
665051     INFO  main            d.u.i.k.p.i.AbstractProblemLoader Loading environment from /home/runner/work/key/key/key.core/../key.ui/examples/standard_key/types/disjoint.key 
665051     DEBUG main            d.u.i.k.p.i.AbstractProblemLoader Environment load took 46.7ns 
665052     INFO  main            d.u.i.k.p.i.AbstractProblemLoader Creating init config 
667700     DEBUG main            d.u.i.k.p.i.AbstractProblemLoader Init config took 2.65s 
667714     INFO  main            d.u.i.k.p.i.AbstractProblemLoader Replaying proof disjoint.key 
667715     DEBUG main            d.u.i.k.p.i.IntermediateProofReplayer Proof replay took 2.5ns 
667817     INFO  main            d.u.i.k.p.r.p.TestFile    ... finished proof: closed. 
668412     INFO  main            d.u.i.k.p.i.AbstractProblemLoader Loading environment from /home/runner/work/key/key/key.core/../key.ui/examples/standard_key/types/disjoint.key.proof 
668412     DEBUG main            d.u.i.k.p.i.AbstractProblemLoader Environment load took 147.81ns 
668413     INFO  main            d.u.i.k.p.i.AbstractProblemLoader Creating init config 
670987     DEBUG main            d.u.i.k.p.i.AbstractProblemLoader Init config took 2.57s 
671001     INFO  main            d.u.i.k.p.i.AbstractProblemLoader Replaying proof disjoint.key.proof 
671003     DEBUG main            d.u.i.k.p.i.IntermediateProofReplayer Proof replay took 289.12ns 
671004     DEBUG main            d.u.i.k.p.r.p.TestFile    ... success: reloaded. 
671004     INFO  main            d.u.i.k.p.r.p.TestFile    Now processing file /home/runner/work/key/key/key.core/../key.ui/examples/../../key.core/src/test/resources/testcase/classpath/classpath.key 
671004     INFO  main            d.u.i.k.p.i.AbstractProblemLoader Loading environment from /home/runner/work/key/key/key.core/../key.ui/examples/../../key.core/src/test/resources/testcase/classpath/classpath.key 
671004     DEBUG main            d.u.i.k.p.i.AbstractProblemLoader Environment load took 164.21ns 
671005     INFO  main            d.u.i.k.p.i.AbstractProblemLoader Creating init config 
671030     WARN  main            d.u.i.k.j.r.KeYCrossReferenceNameInfo Datatype cp.C declared twice: Once in FILE:/home/runner/work/key/key/key.core/../key.ui/examples/../../key.core/src/test/resources/testcase/classpath/classpath/C.class and once in FILE:/home/runner/work/key/key/key.core/../key.ui/examples/../../key.core/src/test/resources/testcase/classpath/classpath/C.jml, Keeping one from FILE:/home/runner/work/key/key/key.core/../key.ui/examples/../../key.core/src/test/resources/testcase/classpath/classpath/C.jml 
671034     DEBUG main            d.u.i.k.j.r.ClassFileDeclarationBuilder Parsing: package cp; public class Unresolved1 { } 
671034     DEBUG main            r.s.KeYCrossReferenceSourceInfo Dynamically created class: cp.Unresolved1 
671034     DEBUG main            d.u.i.k.j.r.ClassFileDeclarationBuilder Parsing: package cp; public class Unresolved2 { } 
671034     DEBUG main            r.s.KeYCrossReferenceSourceInfo Dynamically created class: cp.Unresolved2 
673901     DEBUG main            d.u.i.k.p.i.AbstractProblemLoader Init config took 2.9s 
673918     INFO  main            d.u.i.k.p.i.AbstractProblemLoader Replaying proof classpath.key 
673920     DEBUG main            d.u.i.k.p.i.IntermediateProofReplayer Proof replay took 3.1ns 
674026     INFO  main            d.u.i.k.p.r.p.TestFile    ... finished proof: closed. 
674647     INFO  main            d.u.i.k.p.i.AbstractProblemLoader Loading environment from /home/runner/work/key/key/key.core/../key.ui/examples/../../key.core/src/test/resources/testcase/classpath/classpath.key.proof 
674647     DEBUG main            d.u.i.k.p.i.AbstractProblemLoader Environment load took 98.51ns 
674649     INFO  main            d.u.i.k.p.i.AbstractProblemLoader Creating init config 
674682     WARN  main            d.u.i.k.j.r.KeYCrossReferenceNameInfo Datatype cp.C declared twice: Once in FILE:/home/runner/work/key/key/key.core/../key.ui/examples/../../key.core/src/test/resources/testcase/classpath/classpath/C.class and once in FILE:/home/runner/work/key/key/key.core/../key.ui/examples/../../key.core/src/test/resources/testcase/classpath/classpath/C.jml, Keeping one from FILE:/home/runner/work/key/key/key.core/../key.ui/examples/../../key.core/src/test/resources/testcase/classpath/classpath/C.jml 
674686     DEBUG main            d.u.i.k.j.r.ClassFileDeclarationBuilder Parsing: package cp; public class Unresolved1 { } 
674686     DEBUG main            r.s.KeYCrossReferenceSourceInfo Dynamically created class: cp.Unresolved1 
674686     DEBUG main            d.u.i.k.j.r.ClassFileDeclarationBuilder Parsing: package cp; public class Unresolved2 { } 
674686     DEBUG main            r.s.KeYCrossReferenceSourceInfo Dynamically created class: cp.Unresolved2 
677499     DEBUG main            d.u.i.k.p.i.AbstractProblemLoader Init config took 2.85s 
677516     INFO  main            d.u.i.k.p.i.AbstractProblemLoader Replaying proof classpath.key.proof 
677519     DEBUG main            d.u.i.k.p.i.IntermediateProofReplayer Proof replay took 517.53ns 
677519     DEBUG main            d.u.i.k.p.r.p.TestFile    ... success: reloaded. 
677520     INFO  main            d.u.i.k.p.r.p.TestFile    Now processing file /home/runner/work/key/key/key.core/../key.ui/examples/heap/inconsistent_represents/MyClass_m.key 
677520     INFO  main            d.u.i.k.p.i.AbstractProblemLoader Loading environment from /home/runner/work/key/key/key.core/../key.ui/examples/heap/inconsistent_represents/MyClass_m.key 
677520     DEBUG main            d.u.i.k.p.i.AbstractProblemLoader Environment load took 65.8ns 
677521     INFO  main            d.u.i.k.p.i.AbstractProblemLoader Creating init config 
680309     DEBUG main            d.u.i.k.p.i.AbstractProblemLoader Init config took 2.79s 
680349     INFO  main            d.u.i.k.p.i.AbstractProblemLoader Replaying proof MyClass[MyClass::m()].JML operation contract.0 
680351     DEBUG main            d.u.i.k.p.i.IntermediateProofReplayer Proof replay took 3.2ns 
680454     INFO  main            d.u.i.k.p.r.p.TestFile    ... finished proof: open goal(s) 
681104     INFO  main            d.u.i.k.p.r.p.TestFile    Now processing file /home/runner/work/key/key/key.core/../key.ui/examples/heap/inconsistent_represents/MyClass_n.key 
681105     INFO  main            d.u.i.k.p.i.AbstractProblemLoader Loading environment from /home/runner/work/key/key/key.core/../key.ui/examples/heap/inconsistent_represents/MyClass_n.key 
681105     DEBUG main            d.u.i.k.p.i.AbstractProblemLoader Environment load took 60.9ns 
681106     INFO  main            d.u.i.k.p.i.AbstractProblemLoader Creating init config 
683883     DEBUG main            d.u.i.k.p.i.AbstractProblemLoader Init config took 2.78s 
683921     INFO  main            d.u.i.k.p.i.AbstractProblemLoader Replaying proof MyClass[MyClass::n()].JML operation contract.0 
683922     DEBUG main            d.u.i.k.p.i.IntermediateProofReplayer Proof replay took 3.6ns 
684026     INFO  main            d.u.i.k.p.r.p.TestFile    ... finished proof: open goal(s) 
3930067    INFO  Test worker     d.u.i.k.p.r.RunAllProofsTestUnit Returning from test javadl 
3930074    INFO  Test worker     d.u.i.k.p.r.RunAllProofsTestUnit Running test FOL 
405        INFO  Timeout watchdog d.u.i.k.p.r.p.ForkedTestFileRunner Timeout watcher launched (2000 secs.) 
416        WARN  main            d.u.i.k.s.ProofSettings   The settings in /home/runner/.key/proof-settings.props are *not* read. 
454        INFO  main            d.u.i.k.p.r.p.TestFile    Now processing file /home/runner/work/key/key/key.core/../key.ui/examples/standard_key/pred_log/count.key 
580        INFO  main            d.u.i.k.p.i.AbstractProblemLoader Loading environment from /home/runner/work/key/key/key.core/../key.ui/examples/standard_key/pred_log/count.key 
599        DEBUG main            d.u.i.k.p.i.AbstractProblemLoader Environment load took 2.64ms 
877        INFO  main            d.u.i.k.p.i.AbstractProblemLoader Creating init config 
1800       DEBUG main            d.u.i.k.j.TypeConverter   No LDT found for Meta 
1804       DEBUG main            d.u.i.k.j.TypeConverter   No LDT found for Meta 
1806       DEBUG main            d.u.i.k.j.TypeConverter   No LDT found for Meta 
1806       DEBUG main            d.u.i.k.j.TypeConverter   No LDT found for Meta 
3111       DEBUG main            d.u.i.k.j.TypeConverter   No LDT found for JavaBigintExpression 
8705       DEBUG main            d.u.i.k.p.i.AbstractProblemLoader Init config took 7.83s 
8768       INFO  main            d.u.i.k.p.i.AbstractProblemLoader Replaying proof count.key 
8804       DEBUG main            d.u.i.k.p.i.IntermediateProofReplayer Proof replay took 37.4ns 
8983       INFO  main            d.u.i.k.p.r.p.TestFile    ... finished proof: closed. 
9094       INFO  main            d.u.i.k.p.i.AbstractProblemLoader Loading environment from /home/runner/work/key/key/key.core/../key.ui/examples/standard_key/pred_log/count.key.proof 
9095       DEBUG main            d.u.i.k.p.i.AbstractProblemLoader Environment load took 1.11ms 
9102       INFO  main            d.u.i.k.p.i.AbstractProblemLoader Creating init config 
12294      DEBUG main            d.u.i.k.p.i.AbstractProblemLoader Init config took 3.19s 
12349      INFO  main            d.u.i.k.p.i.AbstractProblemLoader Replaying proof count.key.proof 
12368      DEBUG main            d.u.i.k.p.i.IntermediateProofReplayer Proof replay took 10.56ms 
12381      DEBUG main            d.u.i.k.p.r.p.TestFile    ... success: reloaded. 
12383      INFO  main            d.u.i.k.p.r.p.TestFile    Now processing file /home/runner/work/key/key/key.core/../key.ui/examples/standard_key/pred_log/count2.key 
12383      INFO  main            d.u.i.k.p.i.AbstractProblemLoader Loading environment from /home/runner/work/key/key/key.core/../key.ui/examples/standard_key/pred_log/count2.key 
12383      DEBUG main            d.u.i.k.p.i.AbstractProblemLoader Environment load took 134.71ns 
12386      INFO  main            d.u.i.k.p.i.AbstractProblemLoader Creating init config 
15482      DEBUG main            d.u.i.k.p.i.AbstractProblemLoader Init config took 3.1s 
15512      INFO  main            d.u.i.k.p.i.AbstractProblemLoader Replaying proof count2.key 
15520      DEBUG main            d.u.i.k.p.i.IntermediateProofReplayer Proof replay took 7ns 
15633      INFO  main            d.u.i.k.p.r.p.TestFile    ... finished proof: closed. 
15775      INFO  main            d.u.i.k.p.i.AbstractProblemLoader Loading environment from /home/runner/work/key/key/key.core/../key.ui/examples/standard_key/pred_log/count2.key.proof 
15776      DEBUG main            d.u.i.k.p.i.AbstractProblemLoader Environment load took 126.41ns 
15778      INFO  main            d.u.i.k.p.i.AbstractProblemLoader Creating init config 
18664      DEBUG main            d.u.i.k.p.i.AbstractProblemLoader Init config took 2.89s 
18688      INFO  main            d.u.i.k.p.i.AbstractProblemLoader Replaying proof count2.key.proof 
18692      DEBUG main            d.u.i.k.p.i.IntermediateProofReplayer Proof replay took 2.11ms 
18693      DEBUG main            d.u.i.k.p.r.p.TestFile    ... success: reloaded. 
18694      INFO  main            d.u.i.k.p.r.p.TestFile    Now processing file /home/runner/work/key/key/key.core/../key.ui/examples/standard_key/pred_log/count3.key 
18694      INFO  main            d.u.i.k.p.i.AbstractProblemLoader Loading environment from /home/runner/work/key/key/key.core/../key.ui/examples/standard_key/pred_log/count3.key 
18694      DEBUG main            d.u.i.k.p.i.AbstractProblemLoader Environment load took 94.81ns 
18695      INFO  main            d.u.i.k.p.i.AbstractProblemLoader Creating init config 
21623      DEBUG main            d.u.i.k.p.i.AbstractProblemLoader Init config took 2.93s 
21646      INFO  main            d.u.i.k.p.i.AbstractProblemLoader Replaying proof count3.key 
21648      DEBUG main            d.u.i.k.p.i.IntermediateProofReplayer Proof replay took 6.9ns 
21757      INFO  main            d.u.i.k.p.r.p.TestFile    ... finished proof: closed. 
21899      INFO  main            d.u.i.k.p.i.AbstractProblemLoader Loading environment from /home/runner/work/key/key/key.core/../key.ui/examples/standard_key/pred_log/count3.key.proof 
21900      DEBUG main            d.u.i.k.p.i.AbstractProblemLoader Environment load took 130.11ns 
21901      INFO  main            d.u.i.k.p.i.AbstractProblemLoader Creating init config 
24759      DEBUG main            d.u.i.k.p.i.AbstractProblemLoader Init config took 2.86s 
24781      INFO  main            d.u.i.k.p.i.AbstractProblemLoader Replaying proof count3.key.proof 
24785      DEBUG main            d.u.i.k.p.i.IntermediateProofReplayer Proof replay took 2.01ms 
24786      DEBUG main            d.u.i.k.p.r.p.TestFile    ... success: reloaded. 
24787      INFO  main            d.u.i.k.p.r.p.TestFile    Now processing file /home/runner/work/key/key/key.core/../key.ui/examples/standard_key/pred_log/equalities.key 
24787      INFO  main            d.u.i.k.p.i.AbstractProblemLoader Loading environment from /home/runner/work/key/key/key.core/../key.ui/examples/standard_key/pred_log/equalities.key 
24787      DEBUG main            d.u.i.k.p.i.AbstractProblemLoader Environment load took 98.91ns 
24788      INFO  main            d.u.i.k.p.i.AbstractProblemLoader Creating init config 
27623      DEBUG main            d.u.i.k.p.i.AbstractProblemLoader Init config took 2.84s 
27643      INFO  main            d.u.i.k.p.i.AbstractProblemLoader Replaying proof equalities.key 
27645      DEBUG main            d.u.i.k.p.i.IntermediateProofReplayer Proof replay took 7ns 
27748      INFO  main            d.u.i.k.p.r.p.TestFile    ... finished proof: closed. 
27900      INFO  main            d.u.i.k.p.i.AbstractProblemLoader Loading environment from /home/runner/work/key/key/key.core/../key.ui/examples/standard_key/pred_log/equalities.key.proof 
27900      DEBUG main            d.u.i.k.p.i.AbstractProblemLoader Environment load took 122.51ns 
27902      INFO  main            d.u.i.k.p.i.AbstractProblemLoader Creating init config 
30738      DEBUG main            d.u.i.k.p.i.AbstractProblemLoader Init config took 2.84s 
30758      INFO  main            d.u.i.k.p.i.AbstractProblemLoader Replaying proof equalities.key.proof 
30761      DEBUG main            d.u.i.k.p.i.IntermediateProofReplayer Proof replay took 1.42ms 
30762      DEBUG main            d.u.i.k.p.r.p.TestFile    ... success: reloaded. 
30763      INFO  main            d.u.i.k.p.r.p.TestFile    Now processing file /home/runner/work/key/key/key.core/../key.ui/examples/standard_key/pred_log/equalities2.key 
30763      INFO  main            d.u.i.k.p.i.AbstractProblemLoader Loading environment from /home/runner/work/key/key/key.core/../key.ui/examples/standard_key/pred_log/equalities2.key 
30763      DEBUG main            d.u.i.k.p.i.AbstractProblemLoader Environment load took 93.11ns 
30764      INFO  main            d.u.i.k.p.i.AbstractProblemLoader Creating init config 
33567      DEBUG main            d.u.i.k.p.i.AbstractProblemLoader Init config took 2.8s 
33586      INFO  main            d.u.i.k.p.i.AbstractProblemLoader Replaying proof equalities2.key 
33588      DEBUG main            d.u.i.k.p.i.IntermediateProofReplayer Proof replay took 6.2ns 
33691      INFO  main            d.u.i.k.p.r.p.TestFile    ... finished proof: closed. 
33861      INFO  main            d.u.i.k.p.i.AbstractProblemLoader Loading environment from /home/runner/work/key/key/key.core/../key.ui/examples/standard_key/pred_log/equalities2.key.proof 
33861      DEBUG main            d.u.i.k.p.i.AbstractProblemLoader Environment load took 128.1ns 
33863      INFO  main            d.u.i.k.p.i.AbstractProblemLoader Creating init config 
36675      DEBUG main            d.u.i.k.p.i.AbstractProblemLoader Init config took 2.81s 
36695      INFO  main            d.u.i.k.p.i.AbstractProblemLoader Replaying proof equalities2.key.proof 
36700      DEBUG main            d.u.i.k.p.i.IntermediateProofReplayer Proof replay took 3.32ms 
36702      DEBUG main            d.u.i.k.p.r.p.TestFile    ... success: reloaded. 
36702      INFO  main            d.u.i.k.p.r.p.TestFile    Now processing file /home/runner/work/key/key/key.core/../key.ui/examples/standard_key/pred_log/equalities3.key 
36703      INFO  main            d.u.i.k.p.i.AbstractProblemLoader Loading environment from /home/runner/work/key/key/key.core/../key.ui/examples/standard_key/pred_log/equalities3.key 
36703      DEBUG main            d.u.i.k.p.i.AbstractProblemLoader Environment load took 201.11ns 
36704      INFO  main            d.u.i.k.p.i.AbstractProblemLoader Creating init config 
39488      DEBUG main            d.u.i.k.p.i.AbstractProblemLoader Init config took 2.78s 
39506      INFO  main            d.u.i.k.p.i.AbstractProblemLoader Replaying proof equalities3.key 
39507      DEBUG main            d.u.i.k.p.i.IntermediateProofReplayer Proof replay took 7.2ns 
39613      INFO  main            d.u.i.k.p.r.p.TestFile    ... finished proof: closed. 
39780      INFO  main            d.u.i.k.p.i.AbstractProblemLoader Loading environment from /home/runner/work/key/key/key.core/../key.ui/examples/standard_key/pred_log/equalities3.key.proof 
39781      DEBUG main            d.u.i.k.p.i.AbstractProblemLoader Environment load took 135.91ns 
39782      INFO  main            d.u.i.k.p.i.AbstractProblemLoader Creating init config 
42586      DEBUG main            d.u.i.k.p.i.AbstractProblemLoader Init config took 2.8s 
42606      INFO  main            d.u.i.k.p.i.AbstractProblemLoader Replaying proof equalities3.key.proof 
42613      DEBUG main            d.u.i.k.p.i.IntermediateProofReplayer Proof replay took 4.39ms 
42614      DEBUG main            d.u.i.k.p.r.p.TestFile    ... success: reloaded. 
42615      INFO  main            d.u.i.k.p.r.p.TestFile    Now processing file /home/runner/work/key/key/key.core/../key.ui/examples/standard_key/pred_log/functions.key 
42616      INFO  main            d.u.i.k.p.i.AbstractProblemLoader Loading environment from /home/runner/work/key/key/key.core/../key.ui/examples/standard_key/pred_log/functions.key 
42616      DEBUG main            d.u.i.k.p.i.AbstractProblemLoader Environment load took 184.61ns 
42617      INFO  main            d.u.i.k.p.i.AbstractProblemLoader Creating init config 
45400      DEBUG main            d.u.i.k.p.i.AbstractProblemLoader Init config took 2.78s 
45418      INFO  main            d.u.i.k.p.i.AbstractProblemLoader Replaying proof functions.key 
45420      DEBUG main            d.u.i.k.p.i.IntermediateProofReplayer Proof replay took 7.7ns 
45523      INFO  main            d.u.i.k.p.r.p.TestFile    ... finished proof: closed. 
45692      INFO  main            d.u.i.k.p.i.AbstractProblemLoader Loading environment from /home/runner/work/key/key/key.core/../key.ui/examples/standard_key/pred_log/functions.key.proof 
45692      DEBUG main            d.u.i.k.p.i.AbstractProblemLoader Environment load took 135.01ns 
45693      INFO  main            d.u.i.k.p.i.AbstractProblemLoader Creating init config 
48506      DEBUG main            d.u.i.k.p.i.AbstractProblemLoader Init config took 2.81s 
48524      INFO  main            d.u.i.k.p.i.AbstractProblemLoader Replaying proof functions.key.proof 
48528      DEBUG main            d.u.i.k.p.i.IntermediateProofReplayer Proof replay took 1.99ms 
48529      DEBUG main            d.u.i.k.p.r.p.TestFile    ... success: reloaded. 
48530      INFO  main            d.u.i.k.p.r.p.TestFile    Now processing file /home/runner/work/key/key/key.core/../key.ui/examples/standard_key/pred_log/mv1.key 
48530      INFO  main            d.u.i.k.p.i.AbstractProblemLoader Loading environment from /home/runner/work/key/key/key.core/../key.ui/examples/standard_key/pred_log/mv1.key 
48530      DEBUG main            d.u.i.k.p.i.AbstractProblemLoader Environment load took 94.31ns 
48531      INFO  main            d.u.i.k.p.i.AbstractProblemLoader Creating init config 
51391      DEBUG main            d.u.i.k.p.i.AbstractProblemLoader Init config took 2.86s 
51409      INFO  main            d.u.i.k.p.i.AbstractProblemLoader Replaying proof mv1.key 
51410      DEBUG main            d.u.i.k.p.i.IntermediateProofReplayer Proof replay took 22.2ns 
51513      INFO  main            d.u.i.k.p.r.p.TestFile    ... finished proof: closed. 
51695      INFO  main            d.u.i.k.p.i.AbstractProblemLoader Loading environment from /home/runner/work/key/key/key.core/../key.ui/examples/standard_key/pred_log/mv1.key.proof 
51695      DEBUG main            d.u.i.k.p.i.AbstractProblemLoader Environment load took 128.41ns 
51697      INFO  main            d.u.i.k.p.i.AbstractProblemLoader Creating init config 
54470      DEBUG main            d.u.i.k.p.i.AbstractProblemLoader Init config took 2.77s 
54496      INFO  main            d.u.i.k.p.i.AbstractProblemLoader Replaying proof mv1.key.proof 
54501      DEBUG main            d.u.i.k.p.i.IntermediateProofReplayer Proof replay took 884.65ns 
54502      DEBUG main            d.u.i.k.p.r.p.TestFile    ... success: reloaded. 
54503      INFO  main            d.u.i.k.p.r.p.TestFile    Now processing file /home/runner/work/key/key/key.core/../key.ui/examples/standard_key/pred_log/mv2.key 
54505      INFO  main            d.u.i.k.p.i.AbstractProblemLoader Loading environment from /home/runner/work/key/key/key.core/../key.ui/examples/standard_key/pred_log/mv2.key 
54515      DEBUG main            d.u.i.k.p.i.AbstractProblemLoader Environment load took 9.32ms 
54516      INFO  main            d.u.i.k.p.i.AbstractProblemLoader Creating init config 
57307      DEBUG main            d.u.i.k.p.i.AbstractProblemLoader Init config took 2.79s 
57324      INFO  main            d.u.i.k.p.i.AbstractProblemLoader Replaying proof mv2.key 
57325      DEBUG main            d.u.i.k.p.i.IntermediateProofReplayer Proof replay took 6.9ns 
57428      INFO  main            d.u.i.k.p.r.p.TestFile    ... finished proof: closed. 
57614      INFO  main            d.u.i.k.p.i.AbstractProblemLoader Loading environment from /home/runner/work/key/key/key.core/../key.ui/examples/standard_key/pred_log/mv2.key.proof 
57615      DEBUG main            d.u.i.k.p.i.AbstractProblemLoader Environment load took 129.31ns 
57617      INFO  main            d.u.i.k.p.i.AbstractProblemLoader Creating init config 
60398      DEBUG main            d.u.i.k.p.i.AbstractProblemLoader Init config took 2.78s 
60416      INFO  main            d.u.i.k.p.i.AbstractProblemLoader Replaying proof mv2.key.proof 
60425      DEBUG main            d.u.i.k.p.i.IntermediateProofReplayer Proof replay took 4.94ms 
60426      DEBUG main            d.u.i.k.p.r.p.TestFile    ... success: reloaded. 
60427      INFO  main            d.u.i.k.p.r.p.TestFile    Now processing file /home/runner/work/key/key/key.core/../key.ui/examples/standard_key/pred_log/quantifiers.key 
60428      INFO  main            d.u.i.k.p.i.AbstractProblemLoader Loading environment from /home/runner/work/key/key/key.core/../key.ui/examples/standard_key/pred_log/quantifiers.key 
60428      DEBUG main            d.u.i.k.p.i.AbstractProblemLoader Environment load took 254.32ns 
60429      INFO  main            d.u.i.k.p.i.AbstractProblemLoader Creating init config 
63171      DEBUG main            d.u.i.k.p.i.AbstractProblemLoader Init config took 2.74s 
63187      INFO  main            d.u.i.k.p.i.AbstractProblemLoader Replaying proof quantifiers.key 
63188      DEBUG main            d.u.i.k.p.i.IntermediateProofReplayer Proof replay took 7.6ns 
63294      INFO  main            d.u.i.k.p.r.p.TestFile    ... finished proof: closed. 
63562      INFO  main            d.u.i.k.p.i.AbstractProblemLoader Loading environment from /home/runner/work/key/key/key.core/../key.ui/examples/standard_key/pred_log/quantifiers.key.proof 
63562      DEBUG main            d.u.i.k.p.i.AbstractProblemLoader Environment load took 122.21ns 
63564      INFO  main            d.u.i.k.p.i.AbstractProblemLoader Creating init config 
66258      DEBUG main            d.u.i.k.p.i.AbstractProblemLoader Init config took 2.69s 
66274      INFO  main            d.u.i.k.p.i.AbstractProblemLoader Replaying proof quantifiers.key.proof 
66278      DEBUG main            d.u.i.k.p.i.IntermediateProofReplayer Proof replay took 1.84ms 
66279      DEBUG main            d.u.i.k.p.r.p.TestFile    ... success: reloaded. 
66279      INFO  main            d.u.i.k.p.r.p.TestFile    Now processing file /home/runner/work/key/key/key.core/../key.ui/examples/standard_key/pred_log/simpleEps.key 
66280      INFO  main            d.u.i.k.p.i.AbstractProblemLoader Loading environment from /home/runner/work/key/key/key.core/../key.ui/examples/standard_key/pred_log/simpleEps.key 
66280      DEBUG main            d.u.i.k.p.i.AbstractProblemLoader Environment load took 181.61ns 
66281      INFO  main            d.u.i.k.p.i.AbstractProblemLoader Creating init config 
69057      DEBUG main            d.u.i.k.p.i.AbstractProblemLoader Init config took 2.78s 
69073      INFO  main            d.u.i.k.p.i.AbstractProblemLoader Replaying proof simpleEps.key 
69075      DEBUG main            d.u.i.k.p.i.IntermediateProofReplayer Proof replay took 7ns 
69181      INFO  main            d.u.i.k.p.r.p.TestFile    ... finished proof: closed. 
69376      INFO  main            d.u.i.k.p.i.AbstractProblemLoader Loading environment from /home/runner/work/key/key/key.core/../key.ui/examples/standard_key/pred_log/simpleEps.key.proof 
69377      DEBUG main            d.u.i.k.p.i.AbstractProblemLoader Environment load took 151.01ns 
69378      INFO  main            d.u.i.k.p.i.AbstractProblemLoader Creating init config 
72128      DEBUG main            d.u.i.k.p.i.AbstractProblemLoader Init config took 2.75s 
72145      INFO  main            d.u.i.k.p.i.AbstractProblemLoader Replaying proof simpleEps.key.proof 
72148      DEBUG main            d.u.i.k.p.i.IntermediateProofReplayer Proof replay took 1.04ms 
72149      DEBUG main            d.u.i.k.p.r.p.TestFile    ... success: reloaded. 
72149      INFO  main            d.u.i.k.p.r.p.TestFile    Now processing file /home/runner/work/key/key/key.core/../key.ui/examples/standard_key/pred_log/steam1.key 
72150      INFO  main            d.u.i.k.p.i.AbstractProblemLoader Loading environment from /home/runner/work/key/key/key.core/../key.ui/examples/standard_key/pred_log/steam1.key 
72150      DEBUG main            d.u.i.k.p.i.AbstractProblemLoader Environment load took 214.11ns 
72152      INFO  main            d.u.i.k.p.i.AbstractProblemLoader Creating init config 
74908      DEBUG main            d.u.i.k.p.i.AbstractProblemLoader Init config took 2.76s 
74927      INFO  main            d.u.i.k.p.i.AbstractProblemLoader Replaying proof steam1.key 
74929      DEBUG main            d.u.i.k.p.i.IntermediateProofReplayer Proof replay took 8ns 
75338      INFO  main            d.u.i.k.p.r.p.TestFile    ... finished proof: closed. 
75547      INFO  main            d.u.i.k.p.i.AbstractProblemLoader Loading environment from /home/runner/work/key/key/key.core/../key.ui/examples/standard_key/pred_log/steam1.key.proof 
75551      DEBUG main            d.u.i.k.p.i.AbstractProblemLoader Environment load took 4.38ms 
75553      INFO  main            d.u.i.k.p.i.AbstractProblemLoader Creating init config 
78318      DEBUG main            d.u.i.k.p.i.AbstractProblemLoader Init config took 2.77s 
78342      INFO  main            d.u.i.k.p.i.AbstractProblemLoader Replaying proof steam1.key.proof 
78389      DEBUG main            d.u.i.k.p.i.IntermediateProofReplayer Proof replay took 41.88ms 
78392      DEBUG main            d.u.i.k.p.r.p.TestFile    ... success: reloaded. 
78392      INFO  main            d.u.i.k.p.r.p.TestFile    Now processing file /home/runner/work/key/key/key.core/../key.ui/examples/standard_key/pred_log/tptp/PUZ/PUZ001p1.key 
78392      INFO  main            d.u.i.k.p.i.AbstractProblemLoader Loading environment from /home/runner/work/key/key/key.core/../key.ui/examples/standard_key/pred_log/tptp/PUZ/PUZ001p1.key 
78393      DEBUG main            d.u.i.k.p.i.AbstractProblemLoader Environment load took 92.2ns 
78394      INFO  main            d.u.i.k.p.i.AbstractProblemLoader Creating init config 
81174      DEBUG main            d.u.i.k.p.i.AbstractProblemLoader Init config took 2.78s 
81192      INFO  main            d.u.i.k.p.i.AbstractProblemLoader Replaying proof PUZ001p1.key 
81193      DEBUG main            d.u.i.k.p.i.IntermediateProofReplayer Proof replay took 7.7ns 
84539      INFO  main            d.u.i.k.p.r.p.TestFile    ... finished proof: closed. 
84778      INFO  main            d.u.i.k.p.i.AbstractProblemLoader Loading environment from /home/runner/work/key/key/key.core/../key.ui/examples/standard_key/pred_log/tptp/PUZ/PUZ001p1.key.proof 
84780      DEBUG main            d.u.i.k.p.i.AbstractProblemLoader Environment load took 1.84ms 
84782      INFO  main            d.u.i.k.p.i.AbstractProblemLoader Creating init config 
87463      DEBUG main            d.u.i.k.p.i.AbstractProblemLoader Init config took 2.68s 
87483      INFO  main            d.u.i.k.p.i.AbstractProblemLoader Replaying proof PUZ001p1.key.proof 
87597      DEBUG main            d.u.i.k.p.i.IntermediateProofReplayer Proof replay took 105.89ms 
87599      DEBUG main            d.u.i.k.p.r.p.TestFile    ... success: reloaded. 
87600      INFO  main            d.u.i.k.p.r.p.TestFile    Now processing file /home/runner/work/key/key/key.core/../key.ui/examples/standard_key/pred_log/tptp/PUZ/PUZ001p1-eq.key 
87600      INFO  main            d.u.i.k.p.i.AbstractProblemLoader Loading environment from /home/runner/work/key/key/key.core/../key.ui/examples/standard_key/pred_log/tptp/PUZ/PUZ001p1-eq.key 
87600      DEBUG main            d.u.i.k.p.i.AbstractProblemLoader Environment load took 181.11ns 
87602      INFO  main            d.u.i.k.p.i.AbstractProblemLoader Creating init config 
90372      DEBUG main            d.u.i.k.p.i.AbstractProblemLoader Init config took 2.77s 
90388      INFO  main            d.u.i.k.p.i.AbstractProblemLoader Replaying proof PUZ001p1-eq.key 
90390      DEBUG main            d.u.i.k.p.i.IntermediateProofReplayer Proof replay took 6.8ns 
90594      INFO  main            d.u.i.k.p.r.p.TestFile    ... finished proof: closed. 
90846      INFO  main            d.u.i.k.p.i.AbstractProblemLoader Loading environment from /home/runner/work/key/key/key.core/../key.ui/examples/standard_key/pred_log/tptp/PUZ/PUZ001p1-eq.key.proof 
90847      DEBUG main            d.u.i.k.p.i.AbstractProblemLoader Environment load took 736.15ns 
90848      INFO  main            d.u.i.k.p.i.AbstractProblemLoader Creating init config 
93498      DEBUG main            d.u.i.k.p.i.AbstractProblemLoader Init config took 2.65s 
93515      INFO  main            d.u.i.k.p.i.AbstractProblemLoader Replaying proof PUZ001p1-eq.key.proof 
93541      DEBUG main            d.u.i.k.p.i.IntermediateProofReplayer Proof replay took 20.15ms 
93542      DEBUG main            d.u.i.k.p.r.p.TestFile    ... success: reloaded. 
93543      INFO  main            d.u.i.k.p.r.p.TestFile    Now processing file /home/runner/work/key/key/key.core/../key.ui/examples/standard_key/pred_log/tptp/PUZ/PUZ031p1.key 
93543      INFO  main            d.u.i.k.p.i.AbstractProblemLoader Loading environment from /home/runner/work/key/key/key.core/../key.ui/examples/standard_key/pred_log/tptp/PUZ/PUZ031p1.key 
93543      DEBUG main            d.u.i.k.p.i.AbstractProblemLoader Environment load took 99.31ns 
93544      INFO  main            d.u.i.k.p.i.AbstractProblemLoader Creating init config 
96327      DEBUG main            d.u.i.k.p.i.AbstractProblemLoader Init config took 2.78s 
96344      INFO  main            d.u.i.k.p.i.AbstractProblemLoader Replaying proof PUZ031p1.key 
96345      DEBUG main            d.u.i.k.p.i.IntermediateProofReplayer Proof replay took 8.5ns 
105488     INFO  main            d.u.i.k.p.r.p.TestFile    ... finished proof: closed. 
105736     INFO  main            d.u.i.k.p.i.AbstractProblemLoader Loading environment from /home/runner/work/key/key/key.core/../key.ui/examples/standard_key/pred_log/tptp/PUZ/PUZ031p1.key.proof 
105736     DEBUG main            d.u.i.k.p.i.AbstractProblemLoader Environment load took 143.81ns 
105738     INFO  main            d.u.i.k.p.i.AbstractProblemLoader Creating init config 
108465     DEBUG main            d.u.i.k.p.i.AbstractProblemLoader Init config took 2.73s 
108484     INFO  main            d.u.i.k.p.i.AbstractProblemLoader Replaying proof PUZ031p1.key.proof 
108566     DEBUG main            d.u.i.k.p.i.IntermediateProofReplayer Proof replay took 76.99ms 
108568     DEBUG main            d.u.i.k.p.r.p.TestFile    ... success: reloaded. 
108569     INFO  main            d.u.i.k.p.r.p.TestFile    Now processing file /home/runner/work/key/key/key.core/../key.ui/examples/standard_key/pred_log/tptp/SET/SET027p3.key 
108569     INFO  main            d.u.i.k.p.i.AbstractProblemLoader Loading environment from /home/runner/work/key/key/key.core/../key.ui/examples/standard_key/pred_log/tptp/SET/SET027p3.key 
108569     DEBUG main            d.u.i.k.p.i.AbstractProblemLoader Environment load took 205.91ns 
108571     INFO  main            d.u.i.k.p.i.AbstractProblemLoader Creating init config 
111339     DEBUG main            d.u.i.k.p.i.AbstractProblemLoader Init config took 2.77s 
111355     INFO  main            d.u.i.k.p.i.AbstractProblemLoader Replaying proof SET027p3.key 
111356     DEBUG main            d.u.i.k.p.i.IntermediateProofReplayer Proof replay took 7.4ns 
111459     INFO  main            d.u.i.k.p.r.p.TestFile    ... finished proof: closed. 
111702     INFO  main            d.u.i.k.p.i.AbstractProblemLoader Loading environment from /home/runner/work/key/key/key.core/../key.ui/examples/standard_key/pred_log/tptp/SET/SET027p3.key.proof 
111702     DEBUG main            d.u.i.k.p.i.AbstractProblemLoader Environment load took 125.11ns 
111703     INFO  main            d.u.i.k.p.i.AbstractProblemLoader Creating init config 
114391     DEBUG main            d.u.i.k.p.i.AbstractProblemLoader Init config took 2.69s 
114407     INFO  main            d.u.i.k.p.i.AbstractProblemLoader Replaying proof SET027p3.key.proof 
114412     DEBUG main            d.u.i.k.p.i.IntermediateProofReplayer Proof replay took 3.3ms 
114414     DEBUG main            d.u.i.k.p.r.p.TestFile    ... success: reloaded. 
114414     INFO  main            d.u.i.k.p.r.p.TestFile    Now processing file /home/runner/work/key/key/key.core/../key.ui/examples/standard_key/pred_log/tptp/SET/SET043p1.key 
114415     INFO  main            d.u.i.k.p.i.AbstractProblemLoader Loading environment from /home/runner/work/key/key/key.core/../key.ui/examples/standard_key/pred_log/tptp/SET/SET043p1.key 
114415     DEBUG main            d.u.i.k.p.i.AbstractProblemLoader Environment load took 185.11ns 
114416     INFO  main            d.u.i.k.p.i.AbstractProblemLoader Creating init config 
117209     DEBUG main            d.u.i.k.p.i.AbstractProblemLoader Init config took 2.79s 
117224     INFO  main            d.u.i.k.p.i.AbstractProblemLoader Replaying proof SET043p1.key 
117226     DEBUG main            d.u.i.k.p.i.IntermediateProofReplayer Proof replay took 7.4ns 
117329     INFO  main            d.u.i.k.p.r.p.TestFile    ... finished proof: closed. 
117570     INFO  main            d.u.i.k.p.i.AbstractProblemLoader Loading environment from /home/runner/work/key/key/key.core/../key.ui/examples/standard_key/pred_log/tptp/SET/SET043p1.key.proof 
117570     DEBUG main            d.u.i.k.p.i.AbstractProblemLoader Environment load took 161.61ns 
117572     INFO  main            d.u.i.k.p.i.AbstractProblemLoader Creating init config 
120297     DEBUG main            d.u.i.k.p.i.AbstractProblemLoader Init config took 2.73s 
120313     INFO  main            d.u.i.k.p.i.AbstractProblemLoader Replaying proof SET043p1.key.proof 
120316     DEBUG main            d.u.i.k.p.i.IntermediateProofReplayer Proof replay took 1.26ms 
120317     DEBUG main            d.u.i.k.p.r.p.TestFile    ... success: reloaded. 
120318     INFO  main            d.u.i.k.p.r.p.TestFile    Now processing file /home/runner/work/key/key/key.core/../key.ui/examples/standard_key/pred_log/tptp/SET/SET045p1.key 
120318     INFO  main            d.u.i.k.p.i.AbstractProblemLoader Loading environment from /home/runner/work/key/key/key.core/../key.ui/examples/standard_key/pred_log/tptp/SET/SET045p1.key 
120318     DEBUG main            d.u.i.k.p.i.AbstractProblemLoader Environment load took 139.11ns 
120319     INFO  main            d.u.i.k.p.i.AbstractProblemLoader Creating init config 
123064     DEBUG main            d.u.i.k.p.i.AbstractProblemLoader Init config took 2.74s 
123079     INFO  main            d.u.i.k.p.i.AbstractProblemLoader Replaying proof SET045p1.key 
123080     DEBUG main            d.u.i.k.p.i.IntermediateProofReplayer Proof replay took 7.4ns 
123182     INFO  main            d.u.i.k.p.r.p.TestFile    ... finished proof: closed. 
123501     INFO  main            d.u.i.k.p.i.AbstractProblemLoader Loading environment from /home/runner/work/key/key/key.core/../key.ui/examples/standard_key/pred_log/tptp/SET/SET045p1.key.proof 
123501     DEBUG main            d.u.i.k.p.i.AbstractProblemLoader Environment load took 106.31ns 
123502     INFO  main            d.u.i.k.p.i.AbstractProblemLoader Creating init config 
126142     DEBUG main            d.u.i.k.p.i.AbstractProblemLoader Init config took 2.64s 
126159     INFO  main            d.u.i.k.p.i.AbstractProblemLoader Replaying proof SET045p1.key.proof 
126164     DEBUG main            d.u.i.k.p.i.IntermediateProofReplayer Proof replay took 2.93ms 
126165     DEBUG main            d.u.i.k.p.r.p.TestFile    ... success: reloaded. 
126166     INFO  main            d.u.i.k.p.r.p.TestFile    Now processing file /home/runner/work/key/key/key.core/../key.ui/examples/standard_key/pred_log/tptp/SET/SET062p3.key 
126166     INFO  main            d.u.i.k.p.i.AbstractProblemLoader Loading environment from /home/runner/work/key/key/key.core/../key.ui/examples/standard_key/pred_log/tptp/SET/SET062p3.key 
126167     DEBUG main            d.u.i.k.p.i.AbstractProblemLoader Environment load took 218.21ns 
126168     INFO  main            d.u.i.k.p.i.AbstractProblemLoader Creating init config 
128869     DEBUG main            d.u.i.k.p.i.AbstractProblemLoader Init config took 2.7s 
128884     INFO  main            d.u.i.k.p.i.AbstractProblemLoader Replaying proof SET062p3.key 
128885     DEBUG main            d.u.i.k.p.i.IntermediateProofReplayer Proof replay took 6.7ns 
128989     INFO  main            d.u.i.k.p.r.p.TestFile    ... finished proof: closed. 
129273     INFO  main            d.u.i.k.p.i.AbstractProblemLoader Loading environment from /home/runner/work/key/key/key.core/../key.ui/examples/standard_key/pred_log/tptp/SET/SET062p3.key.proof 
129273     DEBUG main            d.u.i.k.p.i.AbstractProblemLoader Environment load took 113.41ns 
129275     INFO  main            d.u.i.k.p.i.AbstractProblemLoader Creating init config 
131895     DEBUG main            d.u.i.k.p.i.AbstractProblemLoader Init config took 2.62s 
131913     INFO  main            d.u.i.k.p.i.AbstractProblemLoader Replaying proof SET062p3.key.proof 
131917     DEBUG main            d.u.i.k.p.i.IntermediateProofReplayer Proof replay took 2.12ms 
131918     DEBUG main            d.u.i.k.p.r.p.TestFile    ... success: reloaded. 
131919     INFO  main            d.u.i.k.p.r.p.TestFile    Now processing file /home/runner/work/key/key/key.core/../key.ui/examples/standard_key/pred_log/tptp/SET/SET063p3.key 
131921     INFO  main            d.u.i.k.p.i.AbstractProblemLoader Loading environment from /home/runner/work/key/key/key.core/../key.ui/examples/standard_key/pred_log/tptp/SET/SET063p3.key 
131921     DEBUG main            d.u.i.k.p.i.AbstractProblemLoader Environment load took 207.11ns 
131922     INFO  main            d.u.i.k.p.i.AbstractProblemLoader Creating init config 
134632     DEBUG main            d.u.i.k.p.i.AbstractProblemLoader Init config took 2.71s 
134649     INFO  main            d.u.i.k.p.i.AbstractProblemLoader Replaying proof SET063p3.key 
134650     DEBUG main            d.u.i.k.p.i.IntermediateProofReplayer Proof replay took 7.5ns 
134753     INFO  main            d.u.i.k.p.r.p.TestFile    ... finished proof: closed. 
134998     INFO  main            d.u.i.k.p.i.AbstractProblemLoader Loading environment from /home/runner/work/key/key/key.core/../key.ui/examples/standard_key/pred_log/tptp/SET/SET063p3.key.proof 
134998     DEBUG main            d.u.i.k.p.i.AbstractProblemLoader Environment load took 122.91ns 
134999     INFO  main            d.u.i.k.p.i.AbstractProblemLoader Creating init config 
137660     DEBUG main            d.u.i.k.p.i.AbstractProblemLoader Init config took 2.66s 
137676     INFO  main            d.u.i.k.p.i.AbstractProblemLoader Replaying proof SET063p3.key.proof 
137681     DEBUG main            d.u.i.k.p.i.IntermediateProofReplayer Proof replay took 3.12ms 
137682     DEBUG main            d.u.i.k.p.r.p.TestFile    ... success: reloaded. 
137682     INFO  main            d.u.i.k.p.r.p.TestFile    Now processing file /home/runner/work/key/key/key.core/../key.ui/examples/standard_key/pred_log/tptp/SYN/SYN036p2.key 
137683     INFO  main            d.u.i.k.p.i.AbstractProblemLoader Loading environment from /home/runner/work/key/key/key.core/../key.ui/examples/standard_key/pred_log/tptp/SYN/SYN036p2.key 
137683     DEBUG main            d.u.i.k.p.i.AbstractProblemLoader Environment load took 98.6ns 
137684     INFO  main            d.u.i.k.p.i.AbstractProblemLoader Creating init config 
140454     DEBUG main            d.u.i.k.p.i.AbstractProblemLoader Init config took 2.77s 
140470     INFO  main            d.u.i.k.p.i.AbstractProblemLoader Replaying proof SYN036p2.key 
140471     DEBUG main            d.u.i.k.p.i.IntermediateProofReplayer Proof replay took 8.3ns 
140779     INFO  main            d.u.i.k.p.r.p.TestFile    ... finished proof: closed. 
141127     INFO  main            d.u.i.k.p.i.AbstractProblemLoader Loading environment from /home/runner/work/key/key/key.core/../key.ui/examples/standard_key/pred_log/tptp/SYN/SYN036p2.key.proof 
141127     DEBUG main            d.u.i.k.p.i.AbstractProblemLoader Environment load took 546.53ns 
141129     INFO  main            d.u.i.k.p.i.AbstractProblemLoader Creating init config 
143774     DEBUG main            d.u.i.k.p.i.AbstractProblemLoader Init config took 2.65s 
143789     INFO  main            d.u.i.k.p.i.AbstractProblemLoader Replaying proof SYN036p2.key.proof 
143864     DEBUG main            d.u.i.k.p.i.IntermediateProofReplayer Proof replay took 64.55ms 
143866     DEBUG main            d.u.i.k.p.r.p.TestFile    ... success: reloaded. 
143867     INFO  main            d.u.i.k.p.r.p.TestFile    Now processing file /home/runner/work/key/key/key.core/../key.ui/examples/standard_key/pred_log/tptp/SYN/SYN550p1.key 
143868     INFO  main            d.u.i.k.p.i.AbstractProblemLoader Loading environment from /home/runner/work/key/key/key.core/../key.ui/examples/standard_key/pred_log/tptp/SYN/SYN550p1.key 
143868     DEBUG main            d.u.i.k.p.i.AbstractProblemLoader Environment load took 188.01ns 
143869     INFO  main            d.u.i.k.p.i.AbstractProblemLoader Creating init config 
146567     DEBUG main            d.u.i.k.p.i.AbstractProblemLoader Init config took 2.7s 
146583     INFO  main            d.u.i.k.p.i.AbstractProblemLoader Replaying proof SYN550p1.key 
146584     DEBUG main            d.u.i.k.p.i.IntermediateProofReplayer Proof replay took 7.4ns 
149726     INFO  main            d.u.i.k.p.r.p.TestFile    ... finished proof: closed. 
150004     INFO  main            d.u.i.k.p.i.AbstractProblemLoader Loading environment from /home/runner/work/key/key/key.core/../key.ui/examples/standard_key/pred_log/tptp/SYN/SYN550p1.key.proof 
150004     DEBUG main            d.u.i.k.p.i.AbstractProblemLoader Environment load took 116.21ns 
150006     INFO  main            d.u.i.k.p.i.AbstractProblemLoader Creating init config 
152681     DEBUG main            d.u.i.k.p.i.AbstractProblemLoader Init config took 2.68s 
152696     INFO  main            d.u.i.k.p.i.AbstractProblemLoader Replaying proof SYN550p1.key.proof 
152770     DEBUG main            d.u.i.k.p.i.IntermediateProofReplayer Proof replay took 68.36ms 
152772     DEBUG main            d.u.i.k.p.r.p.TestFile    ... success: reloaded. 
152772     INFO  main            d.u.i.k.p.r.p.TestFile    Now processing file /home/runner/work/key/key/key.core/../key.ui/examples/standard_key/prop_log/reallySimple.key 
152772     INFO  main            d.u.i.k.p.i.AbstractProblemLoader Loading environment from /home/runner/work/key/key/key.core/../key.ui/examples/standard_key/prop_log/reallySimple.key 
152773     DEBUG main            d.u.i.k.p.i.AbstractProblemLoader Environment load took 79.41ns 
152773     INFO  main            d.u.i.k.p.i.AbstractProblemLoader Creating init config 
155450     DEBUG main            d.u.i.k.p.i.AbstractProblemLoader Init config took 2.68s 
155464     INFO  main            d.u.i.k.p.i.AbstractProblemLoader Replaying proof reallySimple.key 
155469     DEBUG main            d.u.i.k.p.i.IntermediateProofReplayer Proof replay took 9.1ns 
155572     INFO  main            d.u.i.k.p.r.p.TestFile    ... finished proof: open goal(s) 
155852     INFO  main            d.u.i.k.p.r.p.TestFile    Now processing file /home/runner/work/key/key/key.core/../key.ui/examples/standard_key/pred_log/sameName1.key 
155853     INFO  main            d.u.i.k.p.i.AbstractProblemLoader Loading environment from /home/runner/work/key/key/key.core/../key.ui/examples/standard_key/pred_log/sameName1.key 
155853     DEBUG main            d.u.i.k.p.i.AbstractProblemLoader Environment load took 62.5ns 
155854     INFO  main            d.u.i.k.p.i.AbstractProblemLoader Creating init config 
158482     DEBUG main            d.u.i.k.p.i.AbstractProblemLoader Init config took 2.63s 
158497     INFO  main            d.u.i.k.p.i.AbstractProblemLoader Replaying proof sameName1.key 
158498     DEBUG main            d.u.i.k.p.i.IntermediateProofReplayer Proof replay took 7.2ns 
158601     INFO  main            d.u.i.k.p.r.p.TestFile    ... finished proof: open goal(s) 
158855     INFO  main            d.u.i.k.p.r.p.TestFile    Now processing file /home/runner/work/key/key/key.core/../key.ui/examples/standard_key/pred_log/jbyteIfEx.key 
158855     INFO  main            d.u.i.k.p.i.AbstractProblemLoader Loading environment from /home/runner/work/key/key/key.core/../key.ui/examples/standard_key/pred_log/jbyteIfEx.key 
158855     DEBUG main            d.u.i.k.p.i.AbstractProblemLoader Environment load took 77.9ns 
158856     INFO  main            d.u.i.k.p.i.AbstractProblemLoader Creating init config 
161510     DEBUG main            d.u.i.k.p.i.AbstractProblemLoader Init config took 2.65s 
161525     INFO  main            d.u.i.k.p.i.AbstractProblemLoader Replaying proof jbyteIfEx.key 
161526     DEBUG main            d.u.i.k.p.i.IntermediateProofReplayer Proof replay took 8.5ns 
161629     INFO  main            d.u.i.k.p.r.p.TestFile    ... finished proof: closed. 
161895     INFO  main            d.u.i.k.p.i.AbstractProblemLoader Loading environment from /home/runner/work/key/key/key.core/../key.ui/examples/standard_key/pred_log/jbyteIfEx.key.proof 
161895     DEBUG main            d.u.i.k.p.i.AbstractProblemLoader Environment load took 118.01ns 
161896     INFO  main            d.u.i.k.p.i.AbstractProblemLoader Creating init config 
164567     DEBUG main            d.u.i.k.p.i.AbstractProblemLoader Init config took 2.67s 
164582     INFO  main            d.u.i.k.p.i.AbstractProblemLoader Replaying proof jbyteIfEx.key.proof 
164587     DEBUG main            d.u.i.k.p.i.IntermediateProofReplayer Proof replay took 3.32ms 
164588     DEBUG main            d.u.i.k.p.r.p.TestFile    ... success: reloaded. 
164589     INFO  main            d.u.i.k.p.r.p.TestFile    Now processing file /home/runner/work/key/key/key.core/../key.ui/examples/standard_key/prop_log/allClausesLength4.key 
164589     INFO  main            d.u.i.k.p.i.AbstractProblemLoader Loading environment from /home/runner/work/key/key/key.core/../key.ui/examples/standard_key/prop_log/allClausesLength4.key 
164589     DEBUG main            d.u.i.k.p.i.AbstractProblemLoader Environment load took 94.41ns 
164590     INFO  main            d.u.i.k.p.i.AbstractProblemLoader Creating init config 
167314     DEBUG main            d.u.i.k.p.i.AbstractProblemLoader Init config took 2.72s 
167330     INFO  main            d.u.i.k.p.i.AbstractProblemLoader Replaying proof allClausesLength4.key 
167331     DEBUG main            d.u.i.k.p.i.IntermediateProofReplayer Proof replay took 6.8ns 
167434     INFO  main            d.u.i.k.p.r.p.TestFile    ... finished proof: closed. 
167709     INFO  main            d.u.i.k.p.i.AbstractProblemLoader Loading environment from /home/runner/work/key/key/key.core/../key.ui/examples/standard_key/prop_log/allClausesLength4.key.proof 
167710     DEBUG main            d.u.i.k.p.i.AbstractProblemLoader Environment load took 122.11ns 
167711     INFO  main            d.u.i.k.p.i.AbstractProblemLoader Creating init config 
170325     DEBUG main            d.u.i.k.p.i.AbstractProblemLoader Init config took 2.61s 
170339     INFO  main            d.u.i.k.p.i.AbstractProblemLoader Replaying proof allClausesLength4.key.proof 
170351     DEBUG main            d.u.i.k.p.i.IntermediateProofReplayer Proof replay took 8.98ms 
170352     DEBUG main            d.u.i.k.p.r.p.TestFile    ... success: reloaded. 
170352     INFO  main            d.u.i.k.p.r.p.TestFile    Now processing file /home/runner/work/key/key/key.core/../key.ui/examples/standard_key/prop_log/allClausesLength5.key 
170352     INFO  main            d.u.i.k.p.i.AbstractProblemLoader Loading environment from /home/runner/work/key/key/key.core/../key.ui/examples/standard_key/prop_log/allClausesLength5.key 
170352     DEBUG main            d.u.i.k.p.i.AbstractProblemLoader Environment load took 72.31ns 
170354     INFO  main            d.u.i.k.p.i.AbstractProblemLoader Creating init config 
173037     DEBUG main            d.u.i.k.p.i.AbstractProblemLoader Init config took 2.68s 
173053     INFO  main            d.u.i.k.p.i.AbstractProblemLoader Replaying proof allClausesLength5.key 
173055     DEBUG main            d.u.i.k.p.i.IntermediateProofReplayer Proof replay took 6.8ns 
173359     INFO  main            d.u.i.k.p.r.p.TestFile    ... finished proof: closed. 
173710     INFO  main            d.u.i.k.p.i.AbstractProblemLoader Loading environment from /home/runner/work/key/key/key.core/../key.ui/examples/standard_key/prop_log/allClausesLength5.key.proof 
173710     DEBUG main            d.u.i.k.p.i.AbstractProblemLoader Environment load took 367.82ns 
173712     INFO  main            d.u.i.k.p.i.AbstractProblemLoader Creating init config 
176384     DEBUG main            d.u.i.k.p.i.AbstractProblemLoader Init config took 2.67s 
176399     INFO  main            d.u.i.k.p.i.AbstractProblemLoader Replaying proof allClausesLength5.key.proof 
176434     DEBUG main            d.u.i.k.p.i.IntermediateProofReplayer Proof replay took 30.42ms 
176440     DEBUG main            d.u.i.k.p.r.p.TestFile    ... success: reloaded. 
176441     INFO  main            d.u.i.k.p.r.p.TestFile    Now processing file /home/runner/work/key/key/key.core/../key.ui/examples/standard_key/prop_log/doubleNeg.key 
176441     INFO  main            d.u.i.k.p.i.AbstractProblemLoader Loading environment from /home/runner/work/key/key/key.core/../key.ui/examples/standard_key/prop_log/doubleNeg.key 
176441     DEBUG main            d.u.i.k.p.i.AbstractProblemLoader Environment load took 170.51ns 
176443     INFO  main            d.u.i.k.p.i.AbstractProblemLoader Creating init config 
179180     DEBUG main            d.u.i.k.p.i.AbstractProblemLoader Init config took 2.74s 
179195     INFO  main            d.u.i.k.p.i.AbstractProblemLoader Replaying proof doubleNeg.key 
179196     DEBUG main            d.u.i.k.p.i.IntermediateProofReplayer Proof replay took 6.5ns 
179300     INFO  main            d.u.i.k.p.r.p.TestFile    ... finished proof: closed. 
179592     INFO  main            d.u.i.k.p.i.AbstractProblemLoader Loading environment from /home/runner/work/key/key/key.core/../key.ui/examples/standard_key/prop_log/doubleNeg.key.proof 
179592     DEBUG main            d.u.i.k.p.i.AbstractProblemLoader Environment load took 94.41ns 
179593     INFO  main            d.u.i.k.p.i.AbstractProblemLoader Creating init config 
182194     DEBUG main            d.u.i.k.p.i.AbstractProblemLoader Init config took 2.6s 
182208     INFO  main            d.u.i.k.p.i.AbstractProblemLoader Replaying proof doubleNeg.key.proof 
182210     DEBUG main            d.u.i.k.p.i.IntermediateProofReplayer Proof replay took 439.23ns 
182211     DEBUG main            d.u.i.k.p.r.p.TestFile    ... success: reloaded. 
182212     INFO  main            d.u.i.k.p.r.p.TestFile    Now processing file /home/runner/work/key/key/key.core/../key.ui/examples/standard_key/prop_log/liarsville.key 
182212     INFO  main            d.u.i.k.p.i.AbstractProblemLoader Loading environment from /home/runner/work/key/key/key.core/../key.ui/examples/standard_key/prop_log/liarsville.key 
182212     DEBUG main            d.u.i.k.p.i.AbstractProblemLoader Environment load took 82.81ns 
182213     INFO  main            d.u.i.k.p.i.AbstractProblemLoader Creating init config 
184848     DEBUG main            d.u.i.k.p.i.AbstractProblemLoader Init config took 2.63s 
184863     INFO  main            d.u.i.k.p.i.AbstractProblemLoader Replaying proof liarsville.key 
184864     DEBUG main            d.u.i.k.p.i.IntermediateProofReplayer Proof replay took 7ns 
184968     INFO  main            d.u.i.k.p.r.p.TestFile    ... finished proof: closed. 
185258     INFO  main            d.u.i.k.p.i.AbstractProblemLoader Loading environment from /home/runner/work/key/key/key.core/../key.ui/examples/standard_key/prop_log/liarsville.key.proof 
185258     DEBUG main            d.u.i.k.p.i.AbstractProblemLoader Environment load took 99.21ns 
185259     INFO  main            d.u.i.k.p.i.AbstractProblemLoader Creating init config 
187919     DEBUG main            d.u.i.k.p.i.AbstractProblemLoader Init config took 2.66s 
187934     INFO  main            d.u.i.k.p.i.AbstractProblemLoader Replaying proof liarsville.key.proof 
187938     DEBUG main            d.u.i.k.p.i.IntermediateProofReplayer Proof replay took 2.69ms 
187939     DEBUG main            d.u.i.k.p.r.p.TestFile    ... success: reloaded. 
187940     INFO  main            d.u.i.k.p.r.p.TestFile    Now processing file /home/runner/work/key/key/key.core/../key.ui/examples/standard_key/prop_log/simplest.key 
187940     INFO  main            d.u.i.k.p.i.AbstractProblemLoader Loading environment from /home/runner/work/key/key/key.core/../key.ui/examples/standard_key/prop_log/simplest.key 
187940     DEBUG main            d.u.i.k.p.i.AbstractProblemLoader Environment load took 53.1ns 
187941     INFO  main            d.u.i.k.p.i.AbstractProblemLoader Creating init config 
190639     DEBUG main            d.u.i.k.p.i.AbstractProblemLoader Init config took 2.7s 
190653     INFO  main            d.u.i.k.p.i.AbstractProblemLoader Replaying proof simplest.key 
190654     DEBUG main            d.u.i.k.p.i.IntermediateProofReplayer Proof replay took 7.9ns 
190756     INFO  main            d.u.i.k.p.r.p.TestFile    ... finished proof: closed. 
191061     INFO  main            d.u.i.k.p.i.AbstractProblemLoader Loading environment from /home/runner/work/key/key/key.core/../key.ui/examples/standard_key/prop_log/simplest.key.proof 
191061     DEBUG main            d.u.i.k.p.i.AbstractProblemLoader Environment load took 102.81ns 
191062     INFO  main            d.u.i.k.p.i.AbstractProblemLoader Creating init config 
193695     DEBUG main            d.u.i.k.p.i.AbstractProblemLoader Init config took 2.63s 
193708     INFO  main            d.u.i.k.p.i.AbstractProblemLoader Replaying proof simplest.key.proof 
193709     DEBUG main            d.u.i.k.p.i.IntermediateProofReplayer Proof replay took 360.42ns 
193710     DEBUG main            d.u.i.k.p.r.p.TestFile    ... success: reloaded. 
193710     INFO  main            d.u.i.k.p.r.p.TestFile    Now processing file /home/runner/work/key/key/key.core/../key.ui/examples/standard_key/prop_log/contraposition.key 
193710     INFO  main            d.u.i.k.p.i.AbstractProblemLoader Loading environment from /home/runner/work/key/key/key.core/../key.ui/examples/standard_key/prop_log/contraposition.key 
193710     DEBUG main            d.u.i.k.p.i.AbstractProblemLoader Environment load took 46.6ns 
193713     INFO  main            d.u.i.k.p.i.AbstractProblemLoader Creating init config 
196343     DEBUG main            d.u.i.k.p.i.AbstractProblemLoader Init config took 2.63s 
196358     INFO  main            d.u.i.k.p.i.AbstractProblemLoader Replaying proof contraposition.key 
196359     DEBUG main            d.u.i.k.p.i.IntermediateProofReplayer Proof replay took 7.7ns 
196462     INFO  main            d.u.i.k.p.r.p.TestFile    ... finished proof: closed. 
196769     INFO  main            d.u.i.k.p.i.AbstractProblemLoader Loading environment from /home/runner/work/key/key/key.core/../key.ui/examples/standard_key/prop_log/contraposition.key.proof 
196769     DEBUG main            d.u.i.k.p.i.AbstractProblemLoader Environment load took 102.61ns 
196770     INFO  main            d.u.i.k.p.i.AbstractProblemLoader Creating init config 
199454     DEBUG main            d.u.i.k.p.i.AbstractProblemLoader Init config took 2.68s 
199469     INFO  main            d.u.i.k.p.i.AbstractProblemLoader Replaying proof contraposition.key.proof 
199470     DEBUG main            d.u.i.k.p.i.IntermediateProofReplayer Proof replay took 424.33ns 
199471     DEBUG main            d.u.i.k.p.r.p.TestFile    ... success: reloaded. 
199472     INFO  main            d.u.i.k.p.r.p.TestFile    Now processing file /home/runner/work/key/key/key.core/../key.ui/examples/standard_key/quantifiers/elimination0.key 
199472     INFO  main            d.u.i.k.p.i.AbstractProblemLoader Loading environment from /home/runner/work/key/key/key.core/../key.ui/examples/standard_key/quantifiers/elimination0.key 
199472     DEBUG main            d.u.i.k.p.i.AbstractProblemLoader Environment load took 56.3ns 
199473     INFO  main            d.u.i.k.p.i.AbstractProblemLoader Creating init config 
202232     DEBUG main            d.u.i.k.p.i.AbstractProblemLoader Init config took 2.76s 
202246     INFO  main            d.u.i.k.p.i.AbstractProblemLoader Replaying proof elimination0.key 
202248     DEBUG main            d.u.i.k.p.i.IntermediateProofReplayer Proof replay took 7.8ns 
202350     INFO  main            d.u.i.k.p.r.p.TestFile    ... finished proof: closed. 
202667     INFO  main            d.u.i.k.p.i.AbstractProblemLoader Loading environment from /home/runner/work/key/key/key.core/../key.ui/examples/standard_key/quantifiers/elimination0.key.proof 
202667     DEBUG main            d.u.i.k.p.i.AbstractProblemLoader Environment load took 120.91ns 
202668     INFO  main            d.u.i.k.p.i.AbstractProblemLoader Creating init config 
205343     DEBUG main            d.u.i.k.p.i.AbstractProblemLoader Init config took 2.67s 
205358     INFO  main            d.u.i.k.p.i.AbstractProblemLoader Replaying proof elimination0.key.proof 
205360     DEBUG main            d.u.i.k.p.i.IntermediateProofReplayer Proof replay took 954.36ns 
205361     DEBUG main            d.u.i.k.p.r.p.TestFile    ... success: reloaded. 
205362     INFO  main            d.u.i.k.p.r.p.TestFile    Now processing file /home/runner/work/key/key/key.core/../key.ui/examples/standard_key/quantifiers/heuristic_PUZ001p1-eq.key 
205362     INFO  main            d.u.i.k.p.i.AbstractProblemLoader Loading environment from /home/runner/work/key/key/key.core/../key.ui/examples/standard_key/quantifiers/heuristic_PUZ001p1-eq.key 
205362     DEBUG main            d.u.i.k.p.i.AbstractProblemLoader Environment load took 88.31ns 
205363     INFO  main            d.u.i.k.p.i.AbstractProblemLoader Creating init config 
208139     DEBUG main            d.u.i.k.p.i.AbstractProblemLoader Init config took 2.78s 
208155     INFO  main            d.u.i.k.p.i.AbstractProblemLoader Replaying proof heuristic_PUZ001p1-eq.key 
208157     DEBUG main            d.u.i.k.p.i.IntermediateProofReplayer Proof replay took 7.3ns 
208259     INFO  main            d.u.i.k.p.r.p.TestFile    ... finished proof: closed. 
208626     INFO  main            d.u.i.k.p.i.AbstractProblemLoader Loading environment from /home/runner/work/key/key/key.core/../key.ui/examples/standard_key/quantifiers/heuristic_PUZ001p1-eq.key.proof 
208626     DEBUG main            d.u.i.k.p.i.AbstractProblemLoader Environment load took 126.41ns 
208628     INFO  main            d.u.i.k.p.i.AbstractProblemLoader Creating init config 
211341     DEBUG main            d.u.i.k.p.i.AbstractProblemLoader Init config took 2.71s 
211357     INFO  main            d.u.i.k.p.i.AbstractProblemLoader Replaying proof heuristic_PUZ001p1-eq.key.proof 
211365     DEBUG main            d.u.i.k.p.i.IntermediateProofReplayer Proof replay took 6.49ms 
211366     DEBUG main            d.u.i.k.p.r.p.TestFile    ... success: reloaded. 
211367     INFO  main            d.u.i.k.p.r.p.TestFile    Now processing file /home/runner/work/key/key/key.core/../key.ui/examples/standard_key/quantifiers/heuristic_PUZ001p1.key 
211368     INFO  main            d.u.i.k.p.i.AbstractProblemLoader Loading environment from /home/runner/work/key/key/key.core/../key.ui/examples/standard_key/quantifiers/heuristic_PUZ001p1.key 
211368     DEBUG main            d.u.i.k.p.i.AbstractProblemLoader Environment load took 94.5ns 
211369     INFO  main            d.u.i.k.p.i.AbstractProblemLoader Creating init config 
214149     DEBUG main            d.u.i.k.p.i.AbstractProblemLoader Init config took 2.78s 
214165     INFO  main            d.u.i.k.p.i.AbstractProblemLoader Replaying proof heuristic_PUZ001p1.key 
214167     DEBUG main            d.u.i.k.p.i.IntermediateProofReplayer Proof replay took 7.3ns 
215574     INFO  main            d.u.i.k.p.r.p.TestFile    ... finished proof: closed. 
215921     INFO  main            d.u.i.k.p.i.AbstractProblemLoader Loading environment from /home/runner/work/key/key/key.core/../key.ui/examples/standard_key/quantifiers/heuristic_PUZ001p1.key.proof 
215921     DEBUG main            d.u.i.k.p.i.AbstractProblemLoader Environment load took 374.82ns 
215923     INFO  main            d.u.i.k.p.i.AbstractProblemLoader Creating init config 
218597     DEBUG main            d.u.i.k.p.i.AbstractProblemLoader Init config took 2.67s 
218621     INFO  main            d.u.i.k.p.i.AbstractProblemLoader Replaying proof heuristic_PUZ001p1.key.proof 
218654     DEBUG main            d.u.i.k.p.i.IntermediateProofReplayer Proof replay took 29.88ms 
218655     DEBUG main            d.u.i.k.p.r.p.TestFile    ... success: reloaded. 
218656     INFO  main            d.u.i.k.p.r.p.TestFile    Now processing file /home/runner/work/key/key/key.core/../key.ui/examples/standard_key/quantifiers/heuristic_PUZ031p1.key 
218656     INFO  main            d.u.i.k.p.i.AbstractProblemLoader Loading environment from /home/runner/work/key/key/key.core/../key.ui/examples/standard_key/quantifiers/heuristic_PUZ031p1.key 
218657     DEBUG main            d.u.i.k.p.i.AbstractProblemLoader Environment load took 86.11ns 
218658     INFO  main            d.u.i.k.p.i.AbstractProblemLoader Creating init config 
221410     DEBUG main            d.u.i.k.p.i.AbstractProblemLoader Init config took 2.75s 
221426     INFO  main            d.u.i.k.p.i.AbstractProblemLoader Replaying proof heuristic_PUZ031p1.key 
221428     DEBUG main            d.u.i.k.p.i.IntermediateProofReplayer Proof replay took 6.5ns 
226771     INFO  main            d.u.i.k.p.r.p.TestFile    ... finished proof: closed. 
227144     INFO  main            d.u.i.k.p.i.AbstractProblemLoader Loading environment from /home/runner/work/key/key/key.core/../key.ui/examples/standard_key/quantifiers/heuristic_PUZ031p1.key.proof 
227147     DEBUG main            d.u.i.k.p.i.AbstractProblemLoader Environment load took 3.26ms 
227149     INFO  main            d.u.i.k.p.i.AbstractProblemLoader Creating init config 
229820     DEBUG main            d.u.i.k.p.i.AbstractProblemLoader Init config took 2.67s 
229837     INFO  main            d.u.i.k.p.i.AbstractProblemLoader Replaying proof heuristic_PUZ031p1.key.proof 
229872     DEBUG main            d.u.i.k.p.i.IntermediateProofReplayer Proof replay took 32.19ms 
229874     DEBUG main            d.u.i.k.p.r.p.TestFile    ... success: reloaded. 
229875     INFO  main            d.u.i.k.p.r.p.TestFile    Now processing file /home/runner/work/key/key/key.core/../key.ui/examples/standard_key/quantifiers/heuristic_SYN036p2.key 
229875     INFO  main            d.u.i.k.p.i.AbstractProblemLoader Loading environment from /home/runner/work/key/key/key.core/../key.ui/examples/standard_key/quantifiers/heuristic_SYN036p2.key 
229875     DEBUG main            d.u.i.k.p.i.AbstractProblemLoader Environment load took 85.61ns 
229876     INFO  main            d.u.i.k.p.i.AbstractProblemLoader Creating init config 
232541     DEBUG main            d.u.i.k.p.i.AbstractProblemLoader Init config took 2.66s 
232556     INFO  main            d.u.i.k.p.i.AbstractProblemLoader Replaying proof heuristic_SYN036p2.key 
232557     DEBUG main            d.u.i.k.p.i.IntermediateProofReplayer Proof replay took 7.2ns 
232762     INFO  main            d.u.i.k.p.r.p.TestFile    ... finished proof: closed. 
233208     INFO  main            d.u.i.k.p.i.AbstractProblemLoader Loading environment from /home/runner/work/key/key/key.core/../key.ui/examples/standard_key/quantifiers/heuristic_SYN036p2.key.proof 
233208     DEBUG main            d.u.i.k.p.i.AbstractProblemLoader Environment load took 162.51ns 
233209     INFO  main            d.u.i.k.p.i.AbstractProblemLoader Creating init config 
235790     DEBUG main            d.u.i.k.p.i.AbstractProblemLoader Init config took 2.58s 
235805     INFO  main            d.u.i.k.p.i.AbstractProblemLoader Replaying proof heuristic_SYN036p2.key.proof 
235853     DEBUG main            d.u.i.k.p.i.IntermediateProofReplayer Proof replay took 42.91ms 
235854     DEBUG main            d.u.i.k.p.r.p.TestFile    ... success: reloaded. 
235855     INFO  main            d.u.i.k.p.r.p.TestFile    Now processing file /home/runner/work/key/key/key.core/../key.ui/examples/standard_key/quantifiers/injectivity.key 
235856     INFO  main            d.u.i.k.p.i.AbstractProblemLoader Loading environment from /home/runner/work/key/key/key.core/../key.ui/examples/standard_key/quantifiers/injectivity.key 
235856     DEBUG main            d.u.i.k.p.i.AbstractProblemLoader Environment load took 86.11ns 
235857     INFO  main            d.u.i.k.p.i.AbstractProblemLoader Creating init config 
238558     DEBUG main            d.u.i.k.p.i.AbstractProblemLoader Init config took 2.7s 
238573     INFO  main            d.u.i.k.p.i.AbstractProblemLoader Replaying proof injectivity.key 
238575     DEBUG main            d.u.i.k.p.i.IntermediateProofReplayer Proof replay took 6.6ns 
238680     INFO  main            d.u.i.k.p.r.p.TestFile    ... finished proof: closed. 
239048     INFO  main            d.u.i.k.p.i.AbstractProblemLoader Loading environment from /home/runner/work/key/key/key.core/../key.ui/examples/standard_key/quantifiers/injectivity.key.proof 
239048     DEBUG main            d.u.i.k.p.i.AbstractProblemLoader Environment load took 102.01ns 
239050     INFO  main            d.u.i.k.p.i.AbstractProblemLoader Creating init config 
241655     DEBUG main            d.u.i.k.p.i.AbstractProblemLoader Init config took 2.61s 
241670     INFO  main            d.u.i.k.p.i.AbstractProblemLoader Replaying proof injectivity.key.proof 
241673     DEBUG main            d.u.i.k.p.i.IntermediateProofReplayer Proof replay took 1.08ms 
241673     DEBUG main            d.u.i.k.p.r.p.TestFile    ... success: reloaded. 
241674     INFO  main            d.u.i.k.p.r.p.TestFile    Now processing file /home/runner/work/key/key/key.core/../key.ui/examples/standard_key/quantifiers/normalisation0.key 
241674     INFO  main            d.u.i.k.p.i.AbstractProblemLoader Loading environment from /home/runner/work/key/key/key.core/../key.ui/examples/standard_key/quantifiers/normalisation0.key 
241674     DEBUG main            d.u.i.k.p.i.AbstractProblemLoader Environment load took 71.1ns 
241676     INFO  main            d.u.i.k.p.i.AbstractProblemLoader Creating init config 
244351     DEBUG main            d.u.i.k.p.i.AbstractProblemLoader Init config took 2.68s 
244366     INFO  main            d.u.i.k.p.i.AbstractProblemLoader Replaying proof normalisation0.key 
244367     DEBUG main            d.u.i.k.p.i.IntermediateProofReplayer Proof replay took 7.4ns 
244475     INFO  main            d.u.i.k.p.r.p.TestFile    ... finished proof: closed. 
244834     INFO  main            d.u.i.k.p.i.AbstractProblemLoader Loading environment from /home/runner/work/key/key/key.core/../key.ui/examples/standard_key/quantifiers/normalisation0.key.proof 
244834     DEBUG main            d.u.i.k.p.i.AbstractProblemLoader Environment load took 111.41ns 
244836     INFO  main            d.u.i.k.p.i.AbstractProblemLoader Creating init config 
247471     DEBUG main            d.u.i.k.p.i.AbstractProblemLoader Init config took 2.64s 
247487     INFO  main            d.u.i.k.p.i.AbstractProblemLoader Replaying proof normalisation0.key.proof 
247489     DEBUG main            d.u.i.k.p.i.IntermediateProofReplayer Proof replay took 1.09ms 
247490     DEBUG main            d.u.i.k.p.r.p.TestFile    ... success: reloaded. 
247491     INFO  main            d.u.i.k.p.r.p.TestFile    Now processing file /home/runner/work/key/key/key.core/../key.ui/examples/standard_key/quantifiers/normalisation1.key 
247491     INFO  main            d.u.i.k.p.i.AbstractProblemLoader Loading environment from /home/runner/work/key/key/key.core/../key.ui/examples/standard_key/quantifiers/normalisation1.key 
247491     DEBUG main            d.u.i.k.p.i.AbstractProblemLoader Environment load took 67.2ns 
247492     INFO  main            d.u.i.k.p.i.AbstractProblemLoader Creating init config 
250173     DEBUG main            d.u.i.k.p.i.AbstractProblemLoader Init config took 2.68s 
250191     INFO  main            d.u.i.k.p.i.AbstractProblemLoader Replaying proof normalisation1.key 
250193     DEBUG main            d.u.i.k.p.i.IntermediateProofReplayer Proof replay took 8.8ns 
250300     INFO  main            d.u.i.k.p.r.p.TestFile    ... finished proof: closed. 
250669     INFO  main            d.u.i.k.p.i.AbstractProblemLoader Loading environment from /home/runner/work/key/key/key.core/../key.ui/examples/standard_key/quantifiers/normalisation1.key.proof 
250669     DEBUG main            d.u.i.k.p.i.AbstractProblemLoader Environment load took 85.5ns 
250670     INFO  main            d.u.i.k.p.i.AbstractProblemLoader Creating init config 
253273     DEBUG main            d.u.i.k.p.i.AbstractProblemLoader Init config took 2.6s 
253288     INFO  main            d.u.i.k.p.i.AbstractProblemLoader Replaying proof normalisation1.key.proof 
253290     DEBUG main            d.u.i.k.p.i.IntermediateProofReplayer Proof replay took 810.85ns 
253291     DEBUG main            d.u.i.k.p.r.p.TestFile    ... success: reloaded. 
253302     INFO  main            d.u.i.k.p.r.p.TestFile    Now processing file /home/runner/work/key/key/key.core/../key.ui/examples/standard_key/quantifiers/normalisation2.key 
253303     INFO  main            d.u.i.k.p.i.AbstractProblemLoader Loading environment from /home/runner/work/key/key/key.core/../key.ui/examples/standard_key/quantifiers/normalisation2.key 
253303     DEBUG main            d.u.i.k.p.i.AbstractProblemLoader Environment load took 77.31ns 
253304     INFO  main            d.u.i.k.p.i.AbstractProblemLoader Creating init config 
255959     DEBUG main            d.u.i.k.p.i.AbstractProblemLoader Init config took 2.66s 
255974     INFO  main            d.u.i.k.p.i.AbstractProblemLoader Replaying proof normalisation2.key 
255976     DEBUG main            d.u.i.k.p.i.IntermediateProofReplayer Proof replay took 7.8ns 
256080     INFO  main            d.u.i.k.p.r.p.TestFile    ... finished proof: closed. 
256429     INFO  main            d.u.i.k.p.i.AbstractProblemLoader Loading environment from /home/runner/work/key/key/key.core/../key.ui/examples/standard_key/quantifiers/normalisation2.key.proof 
256429     DEBUG main            d.u.i.k.p.i.AbstractProblemLoader Environment load took 99.5ns 
256430     INFO  main            d.u.i.k.p.i.AbstractProblemLoader Creating init config 
259037     DEBUG main            d.u.i.k.p.i.AbstractProblemLoader Init config took 2.61s 
259053     INFO  main            d.u.i.k.p.i.AbstractProblemLoader Replaying proof normalisation2.key.proof 
259056     DEBUG main            d.u.i.k.p.i.IntermediateProofReplayer Proof replay took 1.17ms 
259056     DEBUG main            d.u.i.k.p.r.p.TestFile    ... success: reloaded. 
259057     INFO  main            d.u.i.k.p.r.p.TestFile    Now processing file /home/runner/work/key/key/key.core/../key.ui/examples/standard_key/quantifiers/normalisation3.key 
259057     INFO  main            d.u.i.k.p.i.AbstractProblemLoader Loading environment from /home/runner/work/key/key/key.core/../key.ui/examples/standard_key/quantifiers/normalisation3.key 
259057     DEBUG main            d.u.i.k.p.i.AbstractProblemLoader Environment load took 78ns 
259058     INFO  main            d.u.i.k.p.i.AbstractProblemLoader Creating init config 
261724     DEBUG main            d.u.i.k.p.i.AbstractProblemLoader Init config took 2.67s 
261740     INFO  main            d.u.i.k.p.i.AbstractProblemLoader Replaying proof normalisation3.key 
261741     DEBUG main            d.u.i.k.p.i.IntermediateProofReplayer Proof replay took 7.1ns 
261843     INFO  main            d.u.i.k.p.r.p.TestFile    ... finished proof: closed. 
262220     INFO  main            d.u.i.k.p.i.AbstractProblemLoader Loading environment from /home/runner/work/key/key/key.core/../key.ui/examples/standard_key/quantifiers/normalisation3.key.proof 
262220     DEBUG main            d.u.i.k.p.i.AbstractProblemLoader Environment load took 99.61ns 
262221     INFO  main            d.u.i.k.p.i.AbstractProblemLoader Creating init config 
264842     DEBUG main            d.u.i.k.p.i.AbstractProblemLoader Init config took 2.62s 
264857     INFO  main            d.u.i.k.p.i.AbstractProblemLoader Replaying proof normalisation3.key.proof 
264860     DEBUG main            d.u.i.k.p.i.IntermediateProofReplayer Proof replay took 1.31ms 
264861     DEBUG main            d.u.i.k.p.r.p.TestFile    ... success: reloaded. 
264861     INFO  main            d.u.i.k.p.r.p.TestFile    Now processing file /home/runner/work/key/key/key.core/../key.ui/examples/standard_key/quantifiers/normalisation4.key 
264861     INFO  main            d.u.i.k.p.i.AbstractProblemLoader Loading environment from /home/runner/work/key/key/key.core/../key.ui/examples/standard_key/quantifiers/normalisation4.key 
264862     DEBUG main            d.u.i.k.p.i.AbstractProblemLoader Environment load took 97.7ns 
264863     INFO  main            d.u.i.k.p.i.AbstractProblemLoader Creating init config 
267546     DEBUG main            d.u.i.k.p.i.AbstractProblemLoader Init config took 2.68s 
267561     INFO  main            d.u.i.k.p.i.AbstractProblemLoader Replaying proof normalisation4.key 
267562     DEBUG main            d.u.i.k.p.i.IntermediateProofReplayer Proof replay took 7.5ns 
267665     INFO  main            d.u.i.k.p.r.p.TestFile    ... finished proof: closed. 
268116     INFO  main            d.u.i.k.p.i.AbstractProblemLoader Loading environment from /home/runner/work/key/key/key.core/../key.ui/examples/standard_key/quantifiers/normalisation4.key.proof 
268116     DEBUG main            d.u.i.k.p.i.AbstractProblemLoader Environment load took 94.41ns 
268117     INFO  main            d.u.i.k.p.i.AbstractProblemLoader Creating init config 
270730     DEBUG main            d.u.i.k.p.i.AbstractProblemLoader Init config took 2.61s 
270746     INFO  main            d.u.i.k.p.i.AbstractProblemLoader Replaying proof normalisation4.key.proof 
270749     DEBUG main            d.u.i.k.p.i.IntermediateProofReplayer Proof replay took 2.18ms 
270750     DEBUG main            d.u.i.k.p.r.p.TestFile    ... success: reloaded. 
270751     INFO  main            d.u.i.k.p.r.p.TestFile    Now processing file /home/runner/work/key/key/key.core/../key.ui/examples/standard_key/quantifiers/normalisation5.key 
270751     INFO  main            d.u.i.k.p.i.AbstractProblemLoader Loading environment from /home/runner/work/key/key/key.core/../key.ui/examples/standard_key/quantifiers/normalisation5.key 
270751     DEBUG main            d.u.i.k.p.i.AbstractProblemLoader Environment load took 68.9ns 
270752     INFO  main            d.u.i.k.p.i.AbstractProblemLoader Creating init config 
273429     DEBUG main            d.u.i.k.p.i.AbstractProblemLoader Init config took 2.68s 
273443     INFO  main            d.u.i.k.p.i.AbstractProblemLoader Replaying proof normalisation5.key 
273444     DEBUG main            d.u.i.k.p.i.IntermediateProofReplayer Proof replay took 7.1ns 
273547     INFO  main            d.u.i.k.p.r.p.TestFile    ... finished proof: closed. 
273929     INFO  main            d.u.i.k.p.i.AbstractProblemLoader Loading environment from /home/runner/work/key/key/key.core/../key.ui/examples/standard_key/quantifiers/normalisation5.key.proof 
273930     DEBUG main            d.u.i.k.p.i.AbstractProblemLoader Environment load took 90.7ns 
273930     INFO  main            d.u.i.k.p.i.AbstractProblemLoader Creating init config 
276582     DEBUG main            d.u.i.k.p.i.AbstractProblemLoader Init config took 2.65s 
276597     INFO  main            d.u.i.k.p.i.AbstractProblemLoader Replaying proof normalisation5.key.proof 
276600     DEBUG main            d.u.i.k.p.i.IntermediateProofReplayer Proof replay took 1.38ms 
276601     DEBUG main            d.u.i.k.p.r.p.TestFile    ... success: reloaded. 
276602     INFO  main            d.u.i.k.p.r.p.TestFile    Now processing file /home/runner/work/key/key/key.core/../key.ui/examples/standard_key/quantifiers/normalisation6.key 
276602     INFO  main            d.u.i.k.p.i.AbstractProblemLoader Loading environment from /home/runner/work/key/key/key.core/../key.ui/examples/standard_key/quantifiers/normalisation6.key 
276602     DEBUG main            d.u.i.k.p.i.AbstractProblemLoader Environment load took 99ns 
276603     INFO  main            d.u.i.k.p.i.AbstractProblemLoader Creating init config 
279325     DEBUG main            d.u.i.k.p.i.AbstractProblemLoader Init config took 2.72s 
279341     INFO  main            d.u.i.k.p.i.AbstractProblemLoader Replaying proof normalisation6.key 
279342     DEBUG main            d.u.i.k.p.i.IntermediateProofReplayer Proof replay took 6.5ns 
279444     INFO  main            d.u.i.k.p.r.p.TestFile    ... finished proof: closed. 
279845     INFO  main            d.u.i.k.p.i.AbstractProblemLoader Loading environment from /home/runner/work/key/key/key.core/../key.ui/examples/standard_key/quantifiers/normalisation6.key.proof 
279846     DEBUG main            d.u.i.k.p.i.AbstractProblemLoader Environment load took 97.21ns 
279847     INFO  main            d.u.i.k.p.i.AbstractProblemLoader Creating init config 
282537     DEBUG main            d.u.i.k.p.i.AbstractProblemLoader Init config took 2.69s 
282552     INFO  main            d.u.i.k.p.i.AbstractProblemLoader Replaying proof normalisation6.key.proof 
282555     DEBUG main            d.u.i.k.p.i.IntermediateProofReplayer Proof replay took 1.28ms 
282556     DEBUG main            d.u.i.k.p.r.p.TestFile    ... success: reloaded. 
282557     INFO  main            d.u.i.k.p.r.p.TestFile    Now processing file /home/runner/work/key/key/key.core/../key.ui/examples/standard_key/quantifiers/normalisation7.key 
282557     INFO  main            d.u.i.k.p.i.AbstractProblemLoader Loading environment from /home/runner/work/key/key/key.core/../key.ui/examples/standard_key/quantifiers/normalisation7.key 
282557     DEBUG main            d.u.i.k.p.i.AbstractProblemLoader Environment load took 86.91ns 
282558     INFO  main            d.u.i.k.p.i.AbstractProblemLoader Creating init config 
285284     DEBUG main            d.u.i.k.p.i.AbstractProblemLoader Init config took 2.73s 
285300     INFO  main            d.u.i.k.p.i.AbstractProblemLoader Replaying proof normalisation7.key 
285302     DEBUG main            d.u.i.k.p.i.IntermediateProofReplayer Proof replay took 6.7ns 
285404     INFO  main            d.u.i.k.p.r.p.TestFile    ... finished proof: closed. 
285804     INFO  main            d.u.i.k.p.i.AbstractProblemLoader Loading environment from /home/runner/work/key/key/key.core/../key.ui/examples/standard_key/quantifiers/normalisation7.key.proof 
285804     DEBUG main            d.u.i.k.p.i.AbstractProblemLoader Environment load took 113.31ns 
285805     INFO  main            d.u.i.k.p.i.AbstractProblemLoader Creating init config 
288389     DEBUG main            d.u.i.k.p.i.AbstractProblemLoader Init config took 2.58s 
288404     INFO  main            d.u.i.k.p.i.AbstractProblemLoader Replaying proof normalisation7.key.proof 
288406     DEBUG main            d.u.i.k.p.i.IntermediateProofReplayer Proof replay took 1.02ms 
288407     DEBUG main            d.u.i.k.p.r.p.TestFile    ... success: reloaded. 
288408     INFO  main            d.u.i.k.p.r.p.TestFile    Now processing file /home/runner/work/key/key/key.core/../key.ui/examples/standard_key/quantifiers/normalisation8.key 
288408     INFO  main            d.u.i.k.p.i.AbstractProblemLoader Loading environment from /home/runner/work/key/key/key.core/../key.ui/examples/standard_key/quantifiers/normalisation8.key 
288408     DEBUG main            d.u.i.k.p.i.AbstractProblemLoader Environment load took 48ns 
288409     INFO  main            d.u.i.k.p.i.AbstractProblemLoader Creating init config 
291037     DEBUG main            d.u.i.k.p.i.AbstractProblemLoader Init config took 2.63s 
291052     INFO  main            d.u.i.k.p.i.AbstractProblemLoader Replaying proof normalisation8.key 
291054     DEBUG main            d.u.i.k.p.i.IntermediateProofReplayer Proof replay took 7.6ns 
291155     INFO  main            d.u.i.k.p.r.p.TestFile    ... finished proof: closed. 
291556     INFO  main            d.u.i.k.p.i.AbstractProblemLoader Loading environment from /home/runner/work/key/key/key.core/../key.ui/examples/standard_key/quantifiers/normalisation8.key.proof 
291556     DEBUG main            d.u.i.k.p.i.AbstractProblemLoader Environment load took 89.7ns 
291557     INFO  main            d.u.i.k.p.i.AbstractProblemLoader Creating init config 
294179     DEBUG main            d.u.i.k.p.i.AbstractProblemLoader Init config took 2.62s 
294195     INFO  main            d.u.i.k.p.i.AbstractProblemLoader Replaying proof normalisation8.key.proof 
294199     DEBUG main            d.u.i.k.p.i.IntermediateProofReplayer Proof replay took 2.6ms 
294200     DEBUG main            d.u.i.k.p.r.p.TestFile    ... success: reloaded. 
294200     INFO  main            d.u.i.k.p.r.p.TestFile    Now processing file /home/runner/work/key/key/key.core/../key.ui/examples/standard_key/quantifiers/normalisation9.key 
294201     INFO  main            d.u.i.k.p.i.AbstractProblemLoader Loading environment from /home/runner/work/key/key/key.core/../key.ui/examples/standard_key/quantifiers/normalisation9.key 
294201     DEBUG main            d.u.i.k.p.i.AbstractProblemLoader Environment load took 63.9ns 
294202     INFO  main            d.u.i.k.p.i.AbstractProblemLoader Creating init config 
296912     DEBUG main            d.u.i.k.p.i.AbstractProblemLoader Init config took 2.71s 
296926     INFO  main            d.u.i.k.p.i.AbstractProblemLoader Replaying proof normalisation9.key 
296928     DEBUG main            d.u.i.k.p.i.IntermediateProofReplayer Proof replay took 7ns 
297030     INFO  main            d.u.i.k.p.r.p.TestFile    ... finished proof: closed. 
297440     INFO  main            d.u.i.k.p.i.AbstractProblemLoader Loading environment from /home/runner/work/key/key/key.core/../key.ui/examples/standard_key/quantifiers/normalisation9.key.proof 
297440     DEBUG main            d.u.i.k.p.i.AbstractProblemLoader Environment load took 89.81ns 
297442     INFO  main            d.u.i.k.p.i.AbstractProblemLoader Creating init config 
300078     DEBUG main            d.u.i.k.p.i.AbstractProblemLoader Init config took 2.64s 
300096     INFO  main            d.u.i.k.p.i.AbstractProblemLoader Replaying proof normalisation9.key.proof 
300100     DEBUG main            d.u.i.k.p.i.IntermediateProofReplayer Proof replay took 2.44ms 
300101     DEBUG main            d.u.i.k.p.r.p.TestFile    ... success: reloaded. 
300102     INFO  main            d.u.i.k.p.r.p.TestFile    Now processing file /home/runner/work/key/key/key.core/../key.ui/examples/standard_key/quantifiers/normalisation10.key 
300102     INFO  main            d.u.i.k.p.i.AbstractProblemLoader Loading environment from /home/runner/work/key/key/key.core/../key.ui/examples/standard_key/quantifiers/normalisation10.key 
300102     DEBUG main            d.u.i.k.p.i.AbstractProblemLoader Environment load took 174.51ns 
300104     INFO  main            d.u.i.k.p.i.AbstractProblemLoader Creating init config 
302782     DEBUG main            d.u.i.k.p.i.AbstractProblemLoader Init config took 2.68s 
302797     INFO  main            d.u.i.k.p.i.AbstractProblemLoader Replaying proof normalisation10.key 
302799     DEBUG main            d.u.i.k.p.i.IntermediateProofReplayer Proof replay took 31.8ns 
302901     INFO  main            d.u.i.k.p.r.p.TestFile    ... finished proof: closed. 
303308     INFO  main            d.u.i.k.p.i.AbstractProblemLoader Loading environment from /home/runner/work/key/key/key.core/../key.ui/examples/standard_key/quantifiers/normalisation10.key.proof 
303308     DEBUG main            d.u.i.k.p.i.AbstractProblemLoader Environment load took 97.11ns 
303310     INFO  main            d.u.i.k.p.i.AbstractProblemLoader Creating init config 
305924     DEBUG main            d.u.i.k.p.i.AbstractProblemLoader Init config took 2.61s 
305940     INFO  main            d.u.i.k.p.i.AbstractProblemLoader Replaying proof normalisation10.key.proof 
305944     DEBUG main            d.u.i.k.p.i.IntermediateProofReplayer Proof replay took 3.15ms 
305945     DEBUG main            d.u.i.k.p.r.p.TestFile    ... success: reloaded. 
305946     INFO  main            d.u.i.k.p.r.p.TestFile    Now processing file /home/runner/work/key/key/key.core/../key.ui/examples/standard_key/quantifiers/normalisation12.key 
305946     INFO  main            d.u.i.k.p.i.AbstractProblemLoader Loading environment from /home/runner/work/key/key/key.core/../key.ui/examples/standard_key/quantifiers/normalisation12.key 
305946     DEBUG main            d.u.i.k.p.i.AbstractProblemLoader Environment load took 46.1ns 
305947     INFO  main            d.u.i.k.p.i.AbstractProblemLoader Creating init config 
308605     DEBUG main            d.u.i.k.p.i.AbstractProblemLoader Init config took 2.66s 
308619     INFO  main            d.u.i.k.p.i.AbstractProblemLoader Replaying proof normalisation12.key 
308621     DEBUG main            d.u.i.k.p.i.IntermediateProofReplayer Proof replay took 7.1ns 
308723     INFO  main            d.u.i.k.p.r.p.TestFile    ... finished proof: closed. 
309151     INFO  main            d.u.i.k.p.i.AbstractProblemLoader Loading environment from /home/runner/work/key/key/key.core/../key.ui/examples/standard_key/quantifiers/normalisation12.key.proof 
309151     DEBUG main            d.u.i.k.p.i.AbstractProblemLoader Environment load took 112.81ns 
309152     INFO  main            d.u.i.k.p.i.AbstractProblemLoader Creating init config 
311798     DEBUG main            d.u.i.k.p.i.AbstractProblemLoader Init config took 2.65s 
311813     INFO  main            d.u.i.k.p.i.AbstractProblemLoader Replaying proof normalisation12.key.proof 
311815     DEBUG main            d.u.i.k.p.i.IntermediateProofReplayer Proof replay took 899.45ns 
311816     DEBUG main            d.u.i.k.p.r.p.TestFile    ... success: reloaded. 
311817     INFO  main            d.u.i.k.p.r.p.TestFile    Now processing file /home/runner/work/key/key/key.core/../key.ui/examples/standard_key/quantifiers/normalisation13.key 
311817     INFO  main            d.u.i.k.p.i.AbstractProblemLoader Loading environment from /home/runner/work/key/key/key.core/../key.ui/examples/standard_key/quantifiers/normalisation13.key 
311817     DEBUG main            d.u.i.k.p.i.AbstractProblemLoader Environment load took 54.5ns 
311818     INFO  main            d.u.i.k.p.i.AbstractProblemLoader Creating init config 
314521     DEBUG main            d.u.i.k.p.i.AbstractProblemLoader Init config took 2.7s 
314536     INFO  main            d.u.i.k.p.i.AbstractProblemLoader Replaying proof normalisation13.key 
314537     DEBUG main            d.u.i.k.p.i.IntermediateProofReplayer Proof replay took 5.9ns 
314640     INFO  main            d.u.i.k.p.r.p.TestFile    ... finished proof: closed. 
315060     INFO  main            d.u.i.k.p.i.AbstractProblemLoader Loading environment from /home/runner/work/key/key/key.core/../key.ui/examples/standard_key/quantifiers/normalisation13.key.proof 
315060     DEBUG main            d.u.i.k.p.i.AbstractProblemLoader Environment load took 110.41ns 
315061     INFO  main            d.u.i.k.p.i.AbstractProblemLoader Creating init config 
317649     DEBUG main            d.u.i.k.p.i.AbstractProblemLoader Init config took 2.59s 
317664     INFO  main            d.u.i.k.p.i.AbstractProblemLoader Replaying proof normalisation13.key.proof 
317666     DEBUG main            d.u.i.k.p.i.IntermediateProofReplayer Proof replay took 495.53ns 
317667     DEBUG main            d.u.i.k.p.r.p.TestFile    ... success: reloaded. 
317667     INFO  main            d.u.i.k.p.r.p.TestFile    Now processing file /home/runner/work/key/key/key.core/../key.ui/examples/standard_key/quantifiers/triggers0.key 
317668     INFO  main            d.u.i.k.p.i.AbstractProblemLoader Loading environment from /home/runner/work/key/key/key.core/../key.ui/examples/standard_key/quantifiers/triggers0.key 
317668     DEBUG main            d.u.i.k.p.i.AbstractProblemLoader Environment load took 101.2ns 
317668     INFO  main            d.u.i.k.p.i.AbstractProblemLoader Creating init config 
320310     DEBUG main            d.u.i.k.p.i.AbstractProblemLoader Init config took 2.64s 
320325     INFO  main            d.u.i.k.p.i.AbstractProblemLoader Replaying proof triggers0.key 
320326     DEBUG main            d.u.i.k.p.i.IntermediateProofReplayer Proof replay took 7.1ns 
320428     INFO  main            d.u.i.k.p.r.p.TestFile    ... finished proof: closed. 
320851     INFO  main            d.u.i.k.p.i.AbstractProblemLoader Loading environment from /home/runner/work/key/key/key.core/../key.ui/examples/standard_key/quantifiers/triggers0.key.proof 
320851     DEBUG main            d.u.i.k.p.i.AbstractProblemLoader Environment load took 87.31ns 
320852     INFO  main            d.u.i.k.p.i.AbstractProblemLoader Creating init config 
323492     DEBUG main            d.u.i.k.p.i.AbstractProblemLoader Init config took 2.64s 
323506     INFO  main            d.u.i.k.p.i.AbstractProblemLoader Replaying proof triggers0.key.proof 
323508     DEBUG main            d.u.i.k.p.i.IntermediateProofReplayer Proof replay took 961.35ns 
323509     DEBUG main            d.u.i.k.p.r.p.TestFile    ... success: reloaded. 
4253771    INFO  Test worker     d.u.i.k.p.r.RunAllProofsTestUnit Returning from test FOL 
4253773    INFO  Test worker     d.u.i.k.p.r.RunAllProofsTestUnit Running test strings 
346        INFO  Timeout watchdog d.u.i.k.p.r.p.ForkedTestFileRunner Timeout watcher launched (2000 secs.) 
366        WARN  main            d.u.i.k.s.ProofSettings   The settings in /home/runner/.key/proof-settings.props are *not* read. 
415        INFO  main            d.u.i.k.p.r.p.TestFile    Now processing file /home/runner/work/key/key/key.core/../key.ui/examples/standard_key/strings/charAt0.key 
559        INFO  main            d.u.i.k.p.i.AbstractProblemLoader Loading environment from /home/runner/work/key/key/key.core/../key.ui/examples/standard_key/strings/charAt0.key 
584        DEBUG main            d.u.i.k.p.i.AbstractProblemLoader Environment load took 2.27ms 
886        INFO  main            d.u.i.k.p.i.AbstractProblemLoader Creating init config 
1968       DEBUG main            d.u.i.k.j.TypeConverter   No LDT found for Meta 
1969       DEBUG main            d.u.i.k.j.TypeConverter   No LDT found for Meta 
1972       DEBUG main            d.u.i.k.j.TypeConverter   No LDT found for Meta 
1973       DEBUG main            d.u.i.k.j.TypeConverter   No LDT found for Meta 
3865       DEBUG main            d.u.i.k.j.TypeConverter   No LDT found for JavaBigintExpression 
8784       DEBUG main            d.u.i.k.p.i.AbstractProblemLoader Init config took 7.9s 
8846       INFO  main            d.u.i.k.p.i.AbstractProblemLoader Replaying proof charAt0.key 
8882       DEBUG main            d.u.i.k.p.i.IntermediateProofReplayer Proof replay took 42.1ns 
9277       INFO  main            d.u.i.k.p.r.p.TestFile    ... finished proof: closed. 
9406       INFO  main            d.u.i.k.p.i.AbstractProblemLoader Loading environment from /home/runner/work/key/key/key.core/../key.ui/examples/standard_key/strings/charAt0.key.proof 
9408       DEBUG main            d.u.i.k.p.i.AbstractProblemLoader Environment load took 2.06ms 
9414       INFO  main            d.u.i.k.p.i.AbstractProblemLoader Creating init config 
12465      DEBUG main            d.u.i.k.p.i.AbstractProblemLoader Init config took 3.05s 
12522      INFO  main            d.u.i.k.p.i.AbstractProblemLoader Replaying proof charAt0.key.proof 
12541      DEBUG main            d.u.i.k.p.i.IntermediateProofReplayer Proof replay took 13.62ms 
12554      DEBUG main            d.u.i.k.p.r.p.TestFile    ... success: reloaded. 
12555      INFO  main            d.u.i.k.p.r.p.TestFile    Now processing file /home/runner/work/key/key/key.core/../key.ui/examples/standard_key/strings/charAt1.key 
12555      INFO  main            d.u.i.k.p.i.AbstractProblemLoader Loading environment from /home/runner/work/key/key/key.core/../key.ui/examples/standard_key/strings/charAt1.key 
12556      DEBUG main            d.u.i.k.p.i.AbstractProblemLoader Environment load took 224.41ns 
12557      INFO  main            d.u.i.k.p.i.AbstractProblemLoader Creating init config 
15278      DEBUG main            d.u.i.k.p.i.AbstractProblemLoader Init config took 2.72s 
15307      INFO  main            d.u.i.k.p.i.AbstractProblemLoader Replaying proof charAt1.key 
15309      DEBUG main            d.u.i.k.p.i.IntermediateProofReplayer Proof replay took 6.9ns 
15617      INFO  main            d.u.i.k.p.r.p.TestFile    ... finished proof: closed. 
15763      INFO  main            d.u.i.k.p.i.AbstractProblemLoader Loading environment from /home/runner/work/key/key/key.core/../key.ui/examples/standard_key/strings/charAt1.key.proof 
15763      DEBUG main            d.u.i.k.p.i.AbstractProblemLoader Environment load took 393.92ns 
15766      INFO  main            d.u.i.k.p.i.AbstractProblemLoader Creating init config 
18471      DEBUG main            d.u.i.k.p.i.AbstractProblemLoader Init config took 2.71s 
18498      INFO  main            d.u.i.k.p.i.AbstractProblemLoader Replaying proof charAt1.key.proof 
18512      DEBUG main            d.u.i.k.p.i.IntermediateProofReplayer Proof replay took 11.31ms 
18513      DEBUG main            d.u.i.k.p.r.p.TestFile    ... success: reloaded. 
18514      INFO  main            d.u.i.k.p.r.p.TestFile    Now processing file /home/runner/work/key/key/key.core/../key.ui/examples/standard_key/strings/concat1.key 
18515      INFO  main            d.u.i.k.p.i.AbstractProblemLoader Loading environment from /home/runner/work/key/key/key.core/../key.ui/examples/standard_key/strings/concat1.key 
18515      DEBUG main            d.u.i.k.p.i.AbstractProblemLoader Environment load took 222.11ns 
18517      INFO  main            d.u.i.k.p.i.AbstractProblemLoader Creating init config 
21227      DEBUG main            d.u.i.k.p.i.AbstractProblemLoader Init config took 2.71s 
21276      INFO  main            d.u.i.k.p.i.AbstractProblemLoader Replaying proof concat1.key 
21283      DEBUG main            d.u.i.k.p.i.IntermediateProofReplayer Proof replay took 6.5ns 
21386      INFO  main            d.u.i.k.p.r.p.TestFile    ... finished proof: closed. 
21527      INFO  main            d.u.i.k.p.i.AbstractProblemLoader Loading environment from /home/runner/work/key/key/key.core/../key.ui/examples/standard_key/strings/concat1.key.proof 
21527      DEBUG main            d.u.i.k.p.i.AbstractProblemLoader Environment load took 144.81ns 
21529      INFO  main            d.u.i.k.p.i.AbstractProblemLoader Creating init config 
24132      DEBUG main            d.u.i.k.p.i.AbstractProblemLoader Init config took 2.6s 
24159      INFO  main            d.u.i.k.p.i.AbstractProblemLoader Replaying proof concat1.key.proof 
24166      DEBUG main            d.u.i.k.p.i.IntermediateProofReplayer Proof replay took 1.77ms 
24167      DEBUG main            d.u.i.k.p.r.p.TestFile    ... success: reloaded. 
24170      INFO  main            d.u.i.k.p.r.p.TestFile    Now processing file /home/runner/work/key/key/key.core/../key.ui/examples/standard_key/strings/concat2.key 
24171      INFO  main            d.u.i.k.p.i.AbstractProblemLoader Loading environment from /home/runner/work/key/key/key.core/../key.ui/examples/standard_key/strings/concat2.key 
24171      DEBUG main            d.u.i.k.p.i.AbstractProblemLoader Environment load took 228.31ns 
24173      INFO  main            d.u.i.k.p.i.AbstractProblemLoader Creating init config 
26813      DEBUG main            d.u.i.k.p.i.AbstractProblemLoader Init config took 2.64s 
26834      INFO  main            d.u.i.k.p.i.AbstractProblemLoader Replaying proof concat2.key 
26836      DEBUG main            d.u.i.k.p.i.IntermediateProofReplayer Proof replay took 5.3ns 
26940      INFO  main            d.u.i.k.p.r.p.TestFile    ... finished proof: closed. 
27101      INFO  main            d.u.i.k.p.i.AbstractProblemLoader Loading environment from /home/runner/work/key/key/key.core/../key.ui/examples/standard_key/strings/concat2.key.proof 
27101      DEBUG main            d.u.i.k.p.i.AbstractProblemLoader Environment load took 142.21ns 
27106      INFO  main            d.u.i.k.p.i.AbstractProblemLoader Creating init config 
29686      DEBUG main            d.u.i.k.p.i.AbstractProblemLoader Init config took 2.58s 
29706      INFO  main            d.u.i.k.p.i.AbstractProblemLoader Replaying proof concat2.key.proof 
29715      DEBUG main            d.u.i.k.p.i.IntermediateProofReplayer Proof replay took 6.19ms 
29716      DEBUG main            d.u.i.k.p.r.p.TestFile    ... success: reloaded. 
29717      INFO  main            d.u.i.k.p.r.p.TestFile    Now processing file /home/runner/work/key/key/key.core/../key.ui/examples/standard_key/strings/deriveLength1.key 
29717      INFO  main            d.u.i.k.p.i.AbstractProblemLoader Loading environment from /home/runner/work/key/key/key.core/../key.ui/examples/standard_key/strings/deriveLength1.key 
29718      DEBUG main            d.u.i.k.p.i.AbstractProblemLoader Environment load took 192.51ns 
29719      INFO  main            d.u.i.k.p.i.AbstractProblemLoader Creating init config 
32300      DEBUG main            d.u.i.k.p.i.AbstractProblemLoader Init config took 2.58s 
32322      INFO  main            d.u.i.k.p.i.AbstractProblemLoader Replaying proof deriveLength1.key 
32324      DEBUG main            d.u.i.k.p.i.IntermediateProofReplayer Proof replay took 6.7ns 
32430      INFO  main            d.u.i.k.p.r.p.TestFile    ... finished proof: closed. 
32593      INFO  main            d.u.i.k.p.i.AbstractProblemLoader Loading environment from /home/runner/work/key/key/key.core/../key.ui/examples/standard_key/strings/deriveLength1.key.proof 
32593      DEBUG main            d.u.i.k.p.i.AbstractProblemLoader Environment load took 507.12ns 
32595      INFO  main            d.u.i.k.p.i.AbstractProblemLoader Creating init config 
35159      DEBUG main            d.u.i.k.p.i.AbstractProblemLoader Init config took 2.56s 
35179      INFO  main            d.u.i.k.p.i.AbstractProblemLoader Replaying proof deriveLength1.key.proof 
35201      DEBUG main            d.u.i.k.p.i.IntermediateProofReplayer Proof replay took 18.98ms 
35204      DEBUG main            d.u.i.k.p.r.p.TestFile    ... success: reloaded. 
35205      INFO  main            d.u.i.k.p.r.p.TestFile    Now processing file /home/runner/work/key/key/key.core/../key.ui/examples/standard_key/strings/emptyStringLengthZero.key 
35206      INFO  main            d.u.i.k.p.i.AbstractProblemLoader Loading environment from /home/runner/work/key/key/key.core/../key.ui/examples/standard_key/strings/emptyStringLengthZero.key 
35206      DEBUG main            d.u.i.k.p.i.AbstractProblemLoader Environment load took 583.43ns 
35208      INFO  main            d.u.i.k.p.i.AbstractProblemLoader Creating init config 
37771      DEBUG main            d.u.i.k.p.i.AbstractProblemLoader Init config took 2.56s 
37789      INFO  main            d.u.i.k.p.i.AbstractProblemLoader Replaying proof emptyStringLengthZero.key 
37791      DEBUG main            d.u.i.k.p.i.IntermediateProofReplayer Proof replay took 7.4ns 
37895      INFO  main            d.u.i.k.p.r.p.TestFile    ... finished proof: closed. 
38068      INFO  main            d.u.i.k.p.i.AbstractProblemLoader Loading environment from /home/runner/work/key/key/key.core/../key.ui/examples/standard_key/strings/emptyStringLengthZero.key.proof 
38068      DEBUG main            d.u.i.k.p.i.AbstractProblemLoader Environment load took 143.11ns 
38069      INFO  main            d.u.i.k.p.i.AbstractProblemLoader Creating init config 
40545      DEBUG main            d.u.i.k.p.i.AbstractProblemLoader Init config took 2.48s 
40562      INFO  main            d.u.i.k.p.i.AbstractProblemLoader Replaying proof emptyStringLengthZero.key.proof 
40567      DEBUG main            d.u.i.k.p.i.IntermediateProofReplayer Proof replay took 2.92ms 
40568      DEBUG main            d.u.i.k.p.r.p.TestFile    ... success: reloaded. 
40568      INFO  main            d.u.i.k.p.r.p.TestFile    Now processing file /home/runner/work/key/key/key.core/../key.ui/examples/standard_key/strings/implicitBooleanStringConversion.key 
40569      INFO  main            d.u.i.k.p.i.AbstractProblemLoader Loading environment from /home/runner/work/key/key/key.core/../key.ui/examples/standard_key/strings/implicitBooleanStringConversion.key 
40569      DEBUG main            d.u.i.k.p.i.AbstractProblemLoader Environment load took 111.11ns 
40570      INFO  main            d.u.i.k.p.i.AbstractProblemLoader Creating init config 
43116      DEBUG main            d.u.i.k.p.i.AbstractProblemLoader Init config took 2.55s 
43136      INFO  main            d.u.i.k.p.i.AbstractProblemLoader Replaying proof implicitBooleanStringConversion.key 
43138      DEBUG main            d.u.i.k.p.i.IntermediateProofReplayer Proof replay took 7.9ns 
44048      INFO  main            d.u.i.k.p.r.p.TestFile    ... finished proof: closed. 
44323      INFO  main            d.u.i.k.p.i.AbstractProblemLoader Loading environment from /home/runner/work/key/key/key.core/../key.ui/examples/standard_key/strings/implicitBooleanStringConversion.key.proof 
44323      DEBUG main            d.u.i.k.p.i.AbstractProblemLoader Environment load took 369.32ns 
44326      INFO  main            d.u.i.k.p.i.AbstractProblemLoader Creating init config 
46881      DEBUG main            d.u.i.k.p.i.AbstractProblemLoader Init config took 2.55s 
46901      INFO  main            d.u.i.k.p.i.AbstractProblemLoader Replaying proof implicitBooleanStringConversion.key.proof 
46973      DEBUG main            d.u.i.k.p.i.IntermediateProofReplayer Proof replay took 66.81ms 
46975      DEBUG main            d.u.i.k.p.r.p.TestFile    ... success: reloaded. 
46975      INFO  main            d.u.i.k.p.r.p.TestFile    Now processing file /home/runner/work/key/key/key.core/../key.ui/examples/standard_key/strings/implicitBooleanStringConversion2.key 
46976      INFO  main            d.u.i.k.p.i.AbstractProblemLoader Loading environment from /home/runner/work/key/key/key.core/../key.ui/examples/standard_key/strings/implicitBooleanStringConversion2.key 
46976      DEBUG main            d.u.i.k.p.i.AbstractProblemLoader Environment load took 234.31ns 
46977      INFO  main            d.u.i.k.p.i.AbstractProblemLoader Creating init config 
49571      DEBUG main            d.u.i.k.p.i.AbstractProblemLoader Init config took 2.59s 
49589      INFO  main            d.u.i.k.p.i.AbstractProblemLoader Replaying proof implicitBooleanStringConversion2.key 
49591      DEBUG main            d.u.i.k.p.i.IntermediateProofReplayer Proof replay took 6.7ns 
49995      INFO  main            d.u.i.k.p.r.p.TestFile    ... finished proof: closed. 
50246      INFO  main            d.u.i.k.p.i.AbstractProblemLoader Loading environment from /home/runner/work/key/key/key.core/../key.ui/examples/standard_key/strings/implicitBooleanStringConversion2.key.proof 
50246      DEBUG main            d.u.i.k.p.i.AbstractProblemLoader Environment load took 127.71ns 
50247      INFO  main            d.u.i.k.p.i.AbstractProblemLoader Creating init config 
52699      DEBUG main            d.u.i.k.p.i.AbstractProblemLoader Init config took 2.45s 
52717      INFO  main            d.u.i.k.p.i.AbstractProblemLoader Replaying proof implicitBooleanStringConversion2.key.proof 
52740      DEBUG main            d.u.i.k.p.i.IntermediateProofReplayer Proof replay took 20.18ms 
52742      DEBUG main            d.u.i.k.p.r.p.TestFile    ... success: reloaded. 
52742      INFO  main            d.u.i.k.p.r.p.TestFile    Now processing file /home/runner/work/key/key/key.core/../key.ui/examples/standard_key/strings/implicitIntStringConversion.key 
52743      INFO  main            d.u.i.k.p.i.AbstractProblemLoader Loading environment from /home/runner/work/key/key/key.core/../key.ui/examples/standard_key/strings/implicitIntStringConversion.key 
52743      DEBUG main            d.u.i.k.p.i.AbstractProblemLoader Environment load took 83.6ns 
52744      INFO  main            d.u.i.k.p.i.AbstractProblemLoader Creating init config 
55280      DEBUG main            d.u.i.k.p.i.AbstractProblemLoader Init config took 2.54s 
55298      INFO  main            d.u.i.k.p.i.AbstractProblemLoader Replaying proof implicitIntStringConversion.key 
55300      DEBUG main            d.u.i.k.p.i.IntermediateProofReplayer Proof replay took 6.5ns 
55904      INFO  main            d.u.i.k.p.r.p.TestFile    ... finished proof: closed. 
56126      INFO  main            d.u.i.k.p.i.AbstractProblemLoader Loading environment from /home/runner/work/key/key/key.core/../key.ui/examples/standard_key/strings/implicitIntStringConversion.key.proof 
56127      DEBUG main            d.u.i.k.p.i.AbstractProblemLoader Environment load took 384.12ns 
56128      INFO  main            d.u.i.k.p.i.AbstractProblemLoader Creating init config 
58575      DEBUG main            d.u.i.k.p.i.AbstractProblemLoader Init config took 2.45s 
58594      INFO  main            d.u.i.k.p.i.AbstractProblemLoader Replaying proof implicitIntStringConversion.key.proof 
58653      DEBUG main            d.u.i.k.p.i.IntermediateProofReplayer Proof replay took 52.4ms 
58655      DEBUG main            d.u.i.k.p.r.p.TestFile    ... success: reloaded. 
58656      INFO  main            d.u.i.k.p.r.p.TestFile    Now processing file /home/runner/work/key/key/key.core/../key.ui/examples/standard_key/strings/implicitNullStringConversion.key 
58656      INFO  main            d.u.i.k.p.i.AbstractProblemLoader Loading environment from /home/runner/work/key/key/key.core/../key.ui/examples/standard_key/strings/implicitNullStringConversion.key 
58657      DEBUG main            d.u.i.k.p.i.AbstractProblemLoader Environment load took 753.54ns 
58658      INFO  main            d.u.i.k.p.i.AbstractProblemLoader Creating init config 
61196      DEBUG main            d.u.i.k.p.i.AbstractProblemLoader Init config took 2.54s 
61214      INFO  main            d.u.i.k.p.i.AbstractProblemLoader Replaying proof implicitNullStringConversion.key 
61216      DEBUG main            d.u.i.k.p.i.IntermediateProofReplayer Proof replay took 7.5ns 
61522      INFO  main            d.u.i.k.p.r.p.TestFile    ... finished proof: closed. 
61750      INFO  main            d.u.i.k.p.i.AbstractProblemLoader Loading environment from /home/runner/work/key/key/key.core/../key.ui/examples/standard_key/strings/implicitNullStringConversion.key.proof 
61750      DEBUG main            d.u.i.k.p.i.AbstractProblemLoader Environment load took 150.81ns 
61752      INFO  main            d.u.i.k.p.i.AbstractProblemLoader Creating init config 
64157      DEBUG main            d.u.i.k.p.i.AbstractProblemLoader Init config took 2.41s 
64176      INFO  main            d.u.i.k.p.i.AbstractProblemLoader Replaying proof implicitNullStringConversion.key.proof 
64198      DEBUG main            d.u.i.k.p.i.IntermediateProofReplayer Proof replay took 19ms 
64199      DEBUG main            d.u.i.k.p.r.p.TestFile    ... success: reloaded. 
64199      INFO  main            d.u.i.k.p.r.p.TestFile    Now processing file /home/runner/work/key/key/key.core/../key.ui/examples/standard_key/strings/implicitNullStringConversion2.key 
64200      INFO  main            d.u.i.k.p.i.AbstractProblemLoader Loading environment from /home/runner/work/key/key/key.core/../key.ui/examples/standard_key/strings/implicitNullStringConversion2.key 
64200      DEBUG main            d.u.i.k.p.i.AbstractProblemLoader Environment load took 93.91ns 
64200      INFO  main            d.u.i.k.p.i.AbstractProblemLoader Creating init config 
66732      DEBUG main            d.u.i.k.p.i.AbstractProblemLoader Init config took 2.53s 
66749      INFO  main            d.u.i.k.p.i.AbstractProblemLoader Replaying proof implicitNullStringConversion2.key 
66750      DEBUG main            d.u.i.k.p.i.IntermediateProofReplayer Proof replay took 6.9ns 
66958      INFO  main            d.u.i.k.p.r.p.TestFile    ... finished proof: closed. 
67192      INFO  main            d.u.i.k.p.i.AbstractProblemLoader Loading environment from /home/runner/work/key/key/key.core/../key.ui/examples/standard_key/strings/implicitNullStringConversion2.key.proof 
67193      DEBUG main            d.u.i.k.p.i.AbstractProblemLoader Environment load took 130.41ns 
67194      INFO  main            d.u.i.k.p.i.AbstractProblemLoader Creating init config 
69598      DEBUG main            d.u.i.k.p.i.AbstractProblemLoader Init config took 2.4s 
69615      INFO  main            d.u.i.k.p.i.AbstractProblemLoader Replaying proof implicitNullStringConversion2.key.proof 
69632      DEBUG main            d.u.i.k.p.i.IntermediateProofReplayer Proof replay took 14.13ms 
69633      DEBUG main            d.u.i.k.p.r.p.TestFile    ... success: reloaded. 
69634      INFO  main            d.u.i.k.p.r.p.TestFile    Now processing file /home/runner/work/key/key/key.core/../key.ui/examples/standard_key/strings/implicitObjectStringConversion.key 
69635      INFO  main            d.u.i.k.p.i.AbstractProblemLoader Loading environment from /home/runner/work/key/key/key.core/../key.ui/examples/standard_key/strings/implicitObjectStringConversion.key 
69635      DEBUG main            d.u.i.k.p.i.AbstractProblemLoader Environment load took 215.51ns 
69636      INFO  main            d.u.i.k.p.i.AbstractProblemLoader Creating init config 
72421      DEBUG main            d.u.i.k.p.i.AbstractProblemLoader Init config took 2.78s 
72439      INFO  main            d.u.i.k.p.i.AbstractProblemLoader Replaying proof implicitObjectStringConversion.key 
72441      DEBUG main            d.u.i.k.p.i.IntermediateProofReplayer Proof replay took 7.8ns 
73048      INFO  main            d.u.i.k.p.r.p.TestFile    ... finished proof: closed. 
73276      INFO  main            d.u.i.k.p.i.AbstractProblemLoader Loading environment from /home/runner/work/key/key/key.core/../key.ui/examples/standard_key/strings/implicitObjectStringConversion.key.proof 
73276      DEBUG main            d.u.i.k.p.i.AbstractProblemLoader Environment load took 405.82ns 
73278      INFO  main            d.u.i.k.p.i.AbstractProblemLoader Creating init config 
76004      DEBUG main            d.u.i.k.p.i.AbstractProblemLoader Init config took 2.73s 
76024      INFO  main            d.u.i.k.p.i.AbstractProblemLoader Replaying proof implicitObjectStringConversion.key.proof 
76083      DEBUG main            d.u.i.k.p.i.IntermediateProofReplayer Proof replay took 53.76ms 
76084      DEBUG main            d.u.i.k.p.r.p.TestFile    ... success: reloaded. 
76086      INFO  main            d.u.i.k.p.r.p.TestFile    Now processing file /home/runner/work/key/key/key.core/../key.ui/examples/standard_key/strings/literalEquality.key 
76086      INFO  main            d.u.i.k.p.i.AbstractProblemLoader Loading environment from /home/runner/work/key/key/key.core/../key.ui/examples/standard_key/strings/literalEquality.key 
76086      DEBUG main            d.u.i.k.p.i.AbstractProblemLoader Environment load took 185.01ns 
76087      INFO  main            d.u.i.k.p.i.AbstractProblemLoader Creating init config 
78611      DEBUG main            d.u.i.k.p.i.AbstractProblemLoader Init config took 2.52s 
78628      INFO  main            d.u.i.k.p.i.AbstractProblemLoader Replaying proof literalEquality.key 
78629      DEBUG main            d.u.i.k.p.i.IntermediateProofReplayer Proof replay took 6.5ns 
78732      INFO  main            d.u.i.k.p.r.p.TestFile    ... finished proof: closed. 
78979      INFO  main            d.u.i.k.p.i.AbstractProblemLoader Loading environment from /home/runner/work/key/key/key.core/../key.ui/examples/standard_key/strings/literalEquality.key.proof 
78979      DEBUG main            d.u.i.k.p.i.AbstractProblemLoader Environment load took 189.61ns 
78980      INFO  main            d.u.i.k.p.i.AbstractProblemLoader Creating init config 
81501      DEBUG main            d.u.i.k.p.i.AbstractProblemLoader Init config took 2.52s 
81523      INFO  main            d.u.i.k.p.i.AbstractProblemLoader Replaying proof literalEquality.key.proof 
81530      DEBUG main            d.u.i.k.p.i.IntermediateProofReplayer Proof replay took 2.54ms 
81530      DEBUG main            d.u.i.k.p.r.p.TestFile    ... success: reloaded. 
81531      INFO  main            d.u.i.k.p.r.p.TestFile    Now processing file /home/runner/work/key/key/key.core/../key.ui/examples/standard_key/strings/replace0.key 
81532      INFO  main            d.u.i.k.p.i.AbstractProblemLoader Loading environment from /home/runner/work/key/key/key.core/../key.ui/examples/standard_key/strings/replace0.key 
81532      DEBUG main            d.u.i.k.p.i.AbstractProblemLoader Environment load took 188.21ns 
81533      INFO  main            d.u.i.k.p.i.AbstractProblemLoader Creating init config 
84074      DEBUG main            d.u.i.k.p.i.AbstractProblemLoader Init config took 2.54s 
84089      INFO  main            d.u.i.k.p.i.AbstractProblemLoader Replaying proof replace0.key 
84091      DEBUG main            d.u.i.k.p.i.IntermediateProofReplayer Proof replay took 7.9ns 
84193      INFO  main            d.u.i.k.p.r.p.TestFile    ... finished proof: closed. 
84410      INFO  main            d.u.i.k.p.i.AbstractProblemLoader Loading environment from /home/runner/work/key/key/key.core/../key.ui/examples/standard_key/strings/replace0.key.proof 
84411      DEBUG main            d.u.i.k.p.i.AbstractProblemLoader Environment load took 140.31ns 
84413      INFO  main            d.u.i.k.p.i.AbstractProblemLoader Creating init config 
86879      DEBUG main            d.u.i.k.p.i.AbstractProblemLoader Init config took 2.47s 
86896      INFO  main            d.u.i.k.p.i.AbstractProblemLoader Replaying proof replace0.key.proof 
86900      DEBUG main            d.u.i.k.p.i.IntermediateProofReplayer Proof replay took 2.77ms 
86901      DEBUG main            d.u.i.k.p.r.p.TestFile    ... success: reloaded. 
86902      INFO  main            d.u.i.k.p.r.p.TestFile    Now processing file /home/runner/work/key/key/key.core/../key.ui/examples/standard_key/strings/replace1.key 
86903      INFO  main            d.u.i.k.p.i.AbstractProblemLoader Loading environment from /home/runner/work/key/key/key.core/../key.ui/examples/standard_key/strings/replace1.key 
86903      DEBUG main            d.u.i.k.p.i.AbstractProblemLoader Environment load took 207.61ns 
86904      INFO  main            d.u.i.k.p.i.AbstractProblemLoader Creating init config 
89413      DEBUG main            d.u.i.k.p.i.AbstractProblemLoader Init config took 2.51s 
89428      INFO  main            d.u.i.k.p.i.AbstractProblemLoader Replaying proof replace1.key 
89430      DEBUG main            d.u.i.k.p.i.IntermediateProofReplayer Proof replay took 6.9ns 
89533      INFO  main            d.u.i.k.p.r.p.TestFile    ... finished proof: closed. 
89769      INFO  main            d.u.i.k.p.i.AbstractProblemLoader Loading environment from /home/runner/work/key/key/key.core/../key.ui/examples/standard_key/strings/replace1.key.proof 
89769      DEBUG main            d.u.i.k.p.i.AbstractProblemLoader Environment load took 132.51ns 
89770      INFO  main            d.u.i.k.p.i.AbstractProblemLoader Creating init config 
92259      DEBUG main            d.u.i.k.p.i.AbstractProblemLoader Init config took 2.49s 
92274      INFO  main            d.u.i.k.p.i.AbstractProblemLoader Replaying proof replace1.key.proof 
92279      DEBUG main            d.u.i.k.p.i.IntermediateProofReplayer Proof replay took 3.56ms 
92280      DEBUG main            d.u.i.k.p.r.p.TestFile    ... success: reloaded. 
92281      INFO  main            d.u.i.k.p.r.p.TestFile    Now processing file /home/runner/work/key/key/key.core/../key.ui/examples/standard_key/strings/simpleAssignment.key 
92281      INFO  main            d.u.i.k.p.i.AbstractProblemLoader Loading environment from /home/runner/work/key/key/key.core/../key.ui/examples/standard_key/strings/simpleAssignment.key 
92281      DEBUG main            d.u.i.k.p.i.AbstractProblemLoader Environment load took 106.6ns 
92282      INFO  main            d.u.i.k.p.i.AbstractProblemLoader Creating init config 
94881      DEBUG main            d.u.i.k.p.i.AbstractProblemLoader Init config took 2.6s 
94898      INFO  main            d.u.i.k.p.i.AbstractProblemLoader Replaying proof simpleAssignment.key 
94899      DEBUG main            d.u.i.k.p.i.IntermediateProofReplayer Proof replay took 7.3ns 
95004      INFO  main            d.u.i.k.p.r.p.TestFile    ... finished proof: closed. 
95300      INFO  main            d.u.i.k.p.i.AbstractProblemLoader Loading environment from /home/runner/work/key/key/key.core/../key.ui/examples/standard_key/strings/simpleAssignment.key.proof 
95300      DEBUG main            d.u.i.k.p.i.AbstractProblemLoader Environment load took 126.11ns 
95301      INFO  main            d.u.i.k.p.i.AbstractProblemLoader Creating init config 
97770      DEBUG main            d.u.i.k.p.i.AbstractProblemLoader Init config took 2.47s 
97786      INFO  main            d.u.i.k.p.i.AbstractProblemLoader Replaying proof simpleAssignment.key.proof 
97789      DEBUG main            d.u.i.k.p.i.IntermediateProofReplayer Proof replay took 1.25ms 
97790      DEBUG main            d.u.i.k.p.r.p.TestFile    ... success: reloaded. 
97791      INFO  main            d.u.i.k.p.r.p.TestFile    Now processing file /home/runner/work/key/key/key.core/../key.ui/examples/standard_key/strings/simpleLengthComp.key 
97791      INFO  main            d.u.i.k.p.i.AbstractProblemLoader Loading environment from /home/runner/work/key/key/key.core/../key.ui/examples/standard_key/strings/simpleLengthComp.key 
97791      DEBUG main            d.u.i.k.p.i.AbstractProblemLoader Environment load took 106.2ns 
97792      INFO  main            d.u.i.k.p.i.AbstractProblemLoader Creating init config 
100318     DEBUG main            d.u.i.k.p.i.AbstractProblemLoader Init config took 2.53s 
100334     INFO  main            d.u.i.k.p.i.AbstractProblemLoader Replaying proof simpleLengthComp.key 
100337     DEBUG main            d.u.i.k.p.i.IntermediateProofReplayer Proof replay took 6.7ns 
100541     INFO  main            d.u.i.k.p.r.p.TestFile    ... finished proof: closed. 
100786     INFO  main            d.u.i.k.p.i.AbstractProblemLoader Loading environment from /home/runner/work/key/key/key.core/../key.ui/examples/standard_key/strings/simpleLengthComp.key.proof 
100786     DEBUG main            d.u.i.k.p.i.AbstractProblemLoader Environment load took 178.21ns 
100787     INFO  main            d.u.i.k.p.i.AbstractProblemLoader Creating init config 
103249     DEBUG main            d.u.i.k.p.i.AbstractProblemLoader Init config took 2.46s 
103266     INFO  main            d.u.i.k.p.i.AbstractProblemLoader Replaying proof simpleLengthComp.key.proof 
103289     DEBUG main            d.u.i.k.p.i.IntermediateProofReplayer Proof replay took 20.94ms 
103291     DEBUG main            d.u.i.k.p.r.p.TestFile    ... success: reloaded. 
103293     INFO  main            d.u.i.k.p.r.p.TestFile    Now processing file /home/runner/work/key/key/key.core/../key.ui/examples/standard_key/strings/stringCompileTimeConstant1.key 
103293     INFO  main            d.u.i.k.p.i.AbstractProblemLoader Loading environment from /home/runner/work/key/key/key.core/../key.ui/examples/standard_key/strings/stringCompileTimeConstant1.key 
103293     DEBUG main            d.u.i.k.p.i.AbstractProblemLoader Environment load took 98.11ns 
103294     INFO  main            d.u.i.k.p.i.AbstractProblemLoader Creating init config 
105828     DEBUG main            d.u.i.k.p.i.AbstractProblemLoader Init config took 2.53s 
105844     INFO  main            d.u.i.k.p.i.AbstractProblemLoader Replaying proof stringCompileTimeConstant1.key 
105845     DEBUG main            d.u.i.k.p.i.IntermediateProofReplayer Proof replay took 7.1ns 
105947     INFO  main            d.u.i.k.p.r.p.TestFile    ... finished proof: closed. 
106251     INFO  main            d.u.i.k.p.i.AbstractProblemLoader Loading environment from /home/runner/work/key/key/key.core/../key.ui/examples/standard_key/strings/stringCompileTimeConstant1.key.proof 
106251     DEBUG main            d.u.i.k.p.i.AbstractProblemLoader Environment load took 132.81ns 
106253     INFO  main            d.u.i.k.p.i.AbstractProblemLoader Creating init config 
108816     DEBUG main            d.u.i.k.p.i.AbstractProblemLoader Init config took 2.56s 
108834     INFO  main            d.u.i.k.p.i.AbstractProblemLoader Replaying proof stringCompileTimeConstant1.key.proof 
108841     DEBUG main            d.u.i.k.p.i.IntermediateProofReplayer Proof replay took 4.32ms 
108842     DEBUG main            d.u.i.k.p.r.p.TestFile    ... success: reloaded. 
108842     INFO  main            d.u.i.k.p.r.p.TestFile    Now processing file /home/runner/work/key/key/key.core/../key.ui/examples/standard_key/strings/stringCompileTimeConstant2.key 
108843     INFO  main            d.u.i.k.p.i.AbstractProblemLoader Loading environment from /home/runner/work/key/key/key.core/../key.ui/examples/standard_key/strings/stringCompileTimeConstant2.key 
108843     DEBUG main            d.u.i.k.p.i.AbstractProblemLoader Environment load took 115ns 
108844     INFO  main            d.u.i.k.p.i.AbstractProblemLoader Creating init config 
111632     DEBUG main            d.u.i.k.p.i.AbstractProblemLoader Init config took 2.79s 
111649     INFO  main            d.u.i.k.p.i.AbstractProblemLoader Replaying proof stringCompileTimeConstant2.key 
111652     DEBUG main            d.u.i.k.p.i.IntermediateProofReplayer Proof replay took 24.2ns 
114563     INFO  main            d.u.i.k.p.r.p.TestFile    ... finished proof: closed. 
114851     INFO  main            d.u.i.k.p.i.AbstractProblemLoader Loading environment from /home/runner/work/key/key/key.core/../key.ui/examples/standard_key/strings/stringCompileTimeConstant2.key.proof 
114852     DEBUG main            d.u.i.k.p.i.AbstractProblemLoader Environment load took 392.32ns 
114853     INFO  main            d.u.i.k.p.i.AbstractProblemLoader Creating init config 
117567     DEBUG main            d.u.i.k.p.i.AbstractProblemLoader Init config took 2.71s 
117586     INFO  main            d.u.i.k.p.i.AbstractProblemLoader Replaying proof stringCompileTimeConstant2.key.proof 
117827     DEBUG main            d.u.i.k.p.i.IntermediateProofReplayer Proof replay took 230.18ms 
117828     DEBUG main            d.u.i.k.p.r.p.TestFile    ... success: reloaded. 
117830     INFO  main            d.u.i.k.p.r.p.TestFile    Now processing file /home/runner/work/key/key/key.core/../key.ui/examples/standard_key/strings/stringEquality1.key 
117830     INFO  main            d.u.i.k.p.i.AbstractProblemLoader Loading environment from /home/runner/work/key/key/key.core/../key.ui/examples/standard_key/strings/stringEquality1.key 
117830     DEBUG main            d.u.i.k.p.i.AbstractProblemLoader Environment load took 186.61ns 
117832     INFO  main            d.u.i.k.p.i.AbstractProblemLoader Creating init config 
120419     DEBUG main            d.u.i.k.p.i.AbstractProblemLoader Init config took 2.59s 
120434     INFO  main            d.u.i.k.p.i.AbstractProblemLoader Replaying proof stringEquality1.key 
120435     DEBUG main            d.u.i.k.p.i.IntermediateProofReplayer Proof replay took 18.7ns 
120538     INFO  main            d.u.i.k.p.r.p.TestFile    ... finished proof: closed. 
120852     INFO  main            d.u.i.k.p.i.AbstractProblemLoader Loading environment from /home/runner/work/key/key/key.core/../key.ui/examples/standard_key/strings/stringEquality1.key.proof 
120852     DEBUG main            d.u.i.k.p.i.AbstractProblemLoader Environment load took 118.2ns 
120853     INFO  main            d.u.i.k.p.i.AbstractProblemLoader Creating init config 
123357     DEBUG main            d.u.i.k.p.i.AbstractProblemLoader Init config took 2.5s 
123372     INFO  main            d.u.i.k.p.i.AbstractProblemLoader Replaying proof stringEquality1.key.proof 
123378     DEBUG main            d.u.i.k.p.i.IntermediateProofReplayer Proof replay took 4.01ms 
123379     DEBUG main            d.u.i.k.p.r.p.TestFile    ... success: reloaded. 
123380     INFO  main            d.u.i.k.p.r.p.TestFile    Now processing file /home/runner/work/key/key/key.core/../key.ui/examples/standard_key/strings/stringEquality2.key 
123380     INFO  main            d.u.i.k.p.i.AbstractProblemLoader Loading environment from /home/runner/work/key/key/key.core/../key.ui/examples/standard_key/strings/stringEquality2.key 
123380     DEBUG main            d.u.i.k.p.i.AbstractProblemLoader Environment load took 96.7ns 
123381     INFO  main            d.u.i.k.p.i.AbstractProblemLoader Creating init config 
125900     DEBUG main            d.u.i.k.p.i.AbstractProblemLoader Init config took 2.52s 
125915     INFO  main            d.u.i.k.p.i.AbstractProblemLoader Replaying proof stringEquality2.key 
125916     DEBUG main            d.u.i.k.p.i.IntermediateProofReplayer Proof replay took 7.5ns 
126320     INFO  main            d.u.i.k.p.r.p.TestFile    ... finished proof: closed. 
126630     INFO  main            d.u.i.k.p.i.AbstractProblemLoader Loading environment from /home/runner/work/key/key/key.core/../key.ui/examples/standard_key/strings/stringEquality2.key.proof 
126631     DEBUG main            d.u.i.k.p.i.AbstractProblemLoader Environment load took 488.82ns 
126632     INFO  main            d.u.i.k.p.i.AbstractProblemLoader Creating init config 
129016     DEBUG main            d.u.i.k.p.i.AbstractProblemLoader Init config took 2.38s 
129031     INFO  main            d.u.i.k.p.i.AbstractProblemLoader Replaying proof stringEquality2.key.proof 
129055     DEBUG main            d.u.i.k.p.i.IntermediateProofReplayer Proof replay took 20.66ms 
129057     DEBUG main            d.u.i.k.p.r.p.TestFile    ... success: reloaded. 
129057     INFO  main            d.u.i.k.p.r.p.TestFile    Now processing file /home/runner/work/key/key/key.core/../key.ui/examples/standard_key/strings/substring0.key 
129058     INFO  main            d.u.i.k.p.i.AbstractProblemLoader Loading environment from /home/runner/work/key/key/key.core/../key.ui/examples/standard_key/strings/substring0.key 
129058     DEBUG main            d.u.i.k.p.i.AbstractProblemLoader Environment load took 176.11ns 
129059     INFO  main            d.u.i.k.p.i.AbstractProblemLoader Creating init config 
131517     DEBUG main            d.u.i.k.p.i.AbstractProblemLoader Init config took 2.46s 
131535     INFO  main            d.u.i.k.p.i.AbstractProblemLoader Replaying proof substring0.key 
131536     DEBUG main            d.u.i.k.p.i.IntermediateProofReplayer Proof replay took 8ns 
131639     INFO  main            d.u.i.k.p.r.p.TestFile    ... finished proof: closed. 
131922     INFO  main            d.u.i.k.p.i.AbstractProblemLoader Loading environment from /home/runner/work/key/key/key.core/../key.ui/examples/standard_key/strings/substring0.key.proof 
131923     DEBUG main            d.u.i.k.p.i.AbstractProblemLoader Environment load took 118.91ns 
131924     INFO  main            d.u.i.k.p.i.AbstractProblemLoader Creating init config 
134335     DEBUG main            d.u.i.k.p.i.AbstractProblemLoader Init config took 2.41s 
134351     INFO  main            d.u.i.k.p.i.AbstractProblemLoader Replaying proof substring0.key.proof 
134353     DEBUG main            d.u.i.k.p.i.IntermediateProofReplayer Proof replay took 462.52ns 
134354     DEBUG main            d.u.i.k.p.r.p.TestFile    ... success: reloaded. 
134355     INFO  main            d.u.i.k.p.r.p.TestFile    Now processing file /home/runner/work/key/key/key.core/../key.ui/examples/standard_key/strings/substring1.key 
134355     INFO  main            d.u.i.k.p.i.AbstractProblemLoader Loading environment from /home/runner/work/key/key/key.core/../key.ui/examples/standard_key/strings/substring1.key 
134355     DEBUG main            d.u.i.k.p.i.AbstractProblemLoader Environment load took 88ns 
134356     INFO  main            d.u.i.k.p.i.AbstractProblemLoader Creating init config 
136896     DEBUG main            d.u.i.k.p.i.AbstractProblemLoader Init config took 2.54s 
136916     INFO  main            d.u.i.k.p.i.AbstractProblemLoader Replaying proof substring1.key 
136919     DEBUG main            d.u.i.k.p.i.IntermediateProofReplayer Proof replay took 10.1ns 
137021     INFO  main            d.u.i.k.p.r.p.TestFile    ... finished proof: closed. 
137301     INFO  main            d.u.i.k.p.i.AbstractProblemLoader Loading environment from /home/runner/work/key/key/key.core/../key.ui/examples/standard_key/strings/substring1.key.proof 
137301     DEBUG main            d.u.i.k.p.i.AbstractProblemLoader Environment load took 113.81ns 
137302     INFO  main            d.u.i.k.p.i.AbstractProblemLoader Creating init config 
139773     DEBUG main            d.u.i.k.p.i.AbstractProblemLoader Init config took 2.47s 
139787     INFO  main            d.u.i.k.p.i.AbstractProblemLoader Replaying proof substring1.key.proof 
139789     DEBUG main            d.u.i.k.p.i.IntermediateProofReplayer Proof replay took 493.72ns 
139790     DEBUG main            d.u.i.k.p.r.p.TestFile    ... success: reloaded. 
139791     INFO  main            d.u.i.k.p.r.p.TestFile    Now processing file /home/runner/work/key/key/key.core/../key.ui/examples/standard_key/strings/substring2.key 
139791     INFO  main            d.u.i.k.p.i.AbstractProblemLoader Loading environment from /home/runner/work/key/key/key.core/../key.ui/examples/standard_key/strings/substring2.key 
139791     DEBUG main            d.u.i.k.p.i.AbstractProblemLoader Environment load took 95.31ns 
139792     INFO  main            d.u.i.k.p.i.AbstractProblemLoader Creating init config 
142360     DEBUG main            d.u.i.k.p.i.AbstractProblemLoader Init config took 2.57s 
142374     INFO  main            d.u.i.k.p.i.AbstractProblemLoader Replaying proof substring2.key 
142376     DEBUG main            d.u.i.k.p.i.IntermediateProofReplayer Proof replay took 7.7ns 
142478     INFO  main            d.u.i.k.p.r.p.TestFile    ... finished proof: closed. 
142762     INFO  main            d.u.i.k.p.i.AbstractProblemLoader Loading environment from /home/runner/work/key/key/key.core/../key.ui/examples/standard_key/strings/substring2.key.proof 
142763     DEBUG main            d.u.i.k.p.i.AbstractProblemLoader Environment load took 116.5ns 
142764     INFO  main            d.u.i.k.p.i.AbstractProblemLoader Creating init config 
145261     DEBUG main            d.u.i.k.p.i.AbstractProblemLoader Init config took 2.5s 
145276     INFO  main            d.u.i.k.p.i.AbstractProblemLoader Replaying proof substring2.key.proof 
145279     DEBUG main            d.u.i.k.p.i.IntermediateProofReplayer Proof replay took 860.34ns 
145280     DEBUG main            d.u.i.k.p.r.p.TestFile    ... success: reloaded. 
145280     INFO  main            d.u.i.k.p.r.p.TestFile    Now processing file /home/runner/work/key/key/key.core/../key.ui/examples/standard_key/strings/substring3.key 
145281     INFO  main            d.u.i.k.p.i.AbstractProblemLoader Loading environment from /home/runner/work/key/key/key.core/../key.ui/examples/standard_key/strings/substring3.key 
145281     DEBUG main            d.u.i.k.p.i.AbstractProblemLoader Environment load took 177.31ns 
145282     INFO  main            d.u.i.k.p.i.AbstractProblemLoader Creating init config 
147770     DEBUG main            d.u.i.k.p.i.AbstractProblemLoader Init config took 2.49s 
147785     INFO  main            d.u.i.k.p.i.AbstractProblemLoader Replaying proof substring3.key 
147787     DEBUG main            d.u.i.k.p.i.IntermediateProofReplayer Proof replay took 8ns 
147889     INFO  main            d.u.i.k.p.r.p.TestFile    ... finished proof: closed. 
148203     INFO  main            d.u.i.k.p.i.AbstractProblemLoader Loading environment from /home/runner/work/key/key/key.core/../key.ui/examples/standard_key/strings/substring3.key.proof 
148203     DEBUG main            d.u.i.k.p.i.AbstractProblemLoader Environment load took 121.31ns 
148204     INFO  main            d.u.i.k.p.i.AbstractProblemLoader Creating init config 
150555     DEBUG main            d.u.i.k.p.i.AbstractProblemLoader Init config took 2.35s 
150569     INFO  main            d.u.i.k.p.i.AbstractProblemLoader Replaying proof substring3.key.proof 
150573     DEBUG main            d.u.i.k.p.i.IntermediateProofReplayer Proof replay took 1.79ms 
150574     DEBUG main            d.u.i.k.p.r.p.TestFile    ... success: reloaded. 
150575     INFO  main            d.u.i.k.p.r.p.TestFile    Now processing file /home/runner/work/key/key/key.core/../key.ui/examples/standard_key/strings/substring4.key 
150577     INFO  main            d.u.i.k.p.i.AbstractProblemLoader Loading environment from /home/runner/work/key/key/key.core/../key.ui/examples/standard_key/strings/substring4.key 
150578     DEBUG main            d.u.i.k.p.i.AbstractProblemLoader Environment load took 194.01ns 
150579     INFO  main            d.u.i.k.p.i.AbstractProblemLoader Creating init config 
153024     DEBUG main            d.u.i.k.p.i.AbstractProblemLoader Init config took 2.44s 
153039     INFO  main            d.u.i.k.p.i.AbstractProblemLoader Replaying proof substring4.key 
153040     DEBUG main            d.u.i.k.p.i.IntermediateProofReplayer Proof replay took 7.7ns 
153144     INFO  main            d.u.i.k.p.r.p.TestFile    ... finished proof: closed. 
153444     INFO  main            d.u.i.k.p.i.AbstractProblemLoader Loading environment from /home/runner/work/key/key/key.core/../key.ui/examples/standard_key/strings/substring4.key.proof 
153444     DEBUG main            d.u.i.k.p.i.AbstractProblemLoader Environment load took 125.41ns 
153445     INFO  main            d.u.i.k.p.i.AbstractProblemLoader Creating init config 
155883     DEBUG main            d.u.i.k.p.i.AbstractProblemLoader Init config took 2.44s 
155899     INFO  main            d.u.i.k.p.i.AbstractProblemLoader Replaying proof substring4.key.proof 
155907     DEBUG main            d.u.i.k.p.i.IntermediateProofReplayer Proof replay took 4.45ms 
155908     DEBUG main            d.u.i.k.p.r.p.TestFile    ... success: reloaded. 
155909     INFO  main            d.u.i.k.p.r.p.TestFile    Now processing file /home/runner/work/key/key/key.core/../key.ui/examples/standard_key/strings/substring5.key 
155910     INFO  main            d.u.i.k.p.i.AbstractProblemLoader Loading environment from /home/runner/work/key/key/key.core/../key.ui/examples/standard_key/strings/substring5.key 
155910     DEBUG main            d.u.i.k.p.i.AbstractProblemLoader Environment load took 135.41ns 
155911     INFO  main            d.u.i.k.p.i.AbstractProblemLoader Creating init config 
158362     DEBUG main            d.u.i.k.p.i.AbstractProblemLoader Init config took 2.45s 
158377     INFO  main            d.u.i.k.p.i.AbstractProblemLoader Replaying proof substring5.key 
158378     DEBUG main            d.u.i.k.p.i.IntermediateProofReplayer Proof replay took 7.5ns 
158681     INFO  main            d.u.i.k.p.r.p.TestFile    ... finished proof: closed. 
158989     INFO  main            d.u.i.k.p.i.AbstractProblemLoader Loading environment from /home/runner/work/key/key/key.core/../key.ui/examples/standard_key/strings/substring5.key.proof 
158989     DEBUG main            d.u.i.k.p.i.AbstractProblemLoader Environment load took 110.61ns 
158990     INFO  main            d.u.i.k.p.i.AbstractProblemLoader Creating init config 
161356     DEBUG main            d.u.i.k.p.i.AbstractProblemLoader Init config took 2.37s 
161371     INFO  main            d.u.i.k.p.i.AbstractProblemLoader Replaying proof substring5.key.proof 
161399     DEBUG main            d.u.i.k.p.i.IntermediateProofReplayer Proof replay took 23.09ms 
161400     DEBUG main            d.u.i.k.p.r.p.TestFile    ... success: reloaded. 
4415365    INFO  Test worker     d.u.i.k.p.r.RunAllProofsTestUnit Returning from test strings 
4415367    INFO  Test worker     d.u.i.k.p.r.RunAllProofsTestUnit Running test simple_info_flow 
403        INFO  Timeout watchdog d.u.i.k.p.r.p.ForkedTestFileRunner Timeout watcher launched (2000 secs.) 
428        WARN  main            d.u.i.k.s.ProofSettings   The settings in /home/runner/.key/proof-settings.props are *not* read. 
476        INFO  main            d.u.i.k.p.r.p.TestFile    Now processing file /home/runner/work/key/key/key.core/../key.ui/examples/heap/information_flow/UpdateAbstraction_ex7_1_insecure.key 
636        INFO  main            d.u.i.k.p.i.AbstractProblemLoader Loading environment from /home/runner/work/key/key/key.core/../key.ui/examples/heap/information_flow/UpdateAbstraction_ex7_1_insecure.key 
668        DEBUG main            d.u.i.k.p.i.AbstractProblemLoader Environment load took 2.29ms 
938        INFO  main            d.u.i.k.p.i.AbstractProblemLoader Creating init config 
1882       DEBUG main            d.u.i.k.j.TypeConverter   No LDT found for Meta 
1882       DEBUG main            d.u.i.k.j.TypeConverter   No LDT found for Meta 
1884       DEBUG main            d.u.i.k.j.TypeConverter   No LDT found for Meta 
1884       DEBUG main            d.u.i.k.j.TypeConverter   No LDT found for Meta 
3455       DEBUG main            d.u.i.k.j.TypeConverter   No LDT found for JavaBigintExpression 
9772       DEBUG main            d.u.i.k.p.i.AbstractProblemLoader Init config took 8.83s 
9898       INFO  main            d.u.i.k.p.i.AbstractProblemLoader Replaying proof UpdateAbstraction[UpdateAbstraction::ex7_1_insecure()].JML operation contract.0 
9971       DEBUG main            d.u.i.k.p.i.IntermediateProofReplayer Proof replay took 37.3ns 
10612      INFO  main            d.u.i.k.p.r.p.TestFile    ... finished proof: open goal(s) 
10734      INFO  main            d.u.i.k.p.r.p.TestFile    Now processing file /home/runner/work/key/key/key.core/../key.ui/examples/heap/information_flow/UpdateAbstraction_ex7_2_insecure.key 
10737      INFO  main            d.u.i.k.p.i.AbstractProblemLoader Loading environment from /home/runner/work/key/key/key.core/../key.ui/examples/heap/information_flow/UpdateAbstraction_ex7_2_insecure.key 
10738      DEBUG main            d.u.i.k.p.i.AbstractProblemLoader Environment load took 285.41ns 
10740      INFO  main            d.u.i.k.p.i.AbstractProblemLoader Creating init config 
14286      DEBUG main            d.u.i.k.p.i.AbstractProblemLoader Init config took 3.55s 
14354      INFO  main            d.u.i.k.p.i.AbstractProblemLoader Replaying proof UpdateAbstraction[UpdateAbstraction::ex7_2_insecure()].JML operation contract.0 
14360      DEBUG main            d.u.i.k.p.i.IntermediateProofReplayer Proof replay took 6.2ns 
14771      INFO  main            d.u.i.k.p.r.p.TestFile    ... finished proof: open goal(s) 
4430468    INFO  Test worker     d.u.i.k.p.r.RunAllProofsTestUnit Returning from test simple_info_flow 
4430469    INFO  Test worker     d.u.i.k.p.r.RunAllProofsTestUnit Running test modelMethods 
380        INFO  Timeout watchdog d.u.i.k.p.r.p.ForkedTestFileRunner Timeout watcher launched (2000 secs.) 
399        WARN  main            d.u.i.k.s.ProofSettings   The settings in /home/runner/.key/proof-settings.props are *not* read. 
433        INFO  main            d.u.i.k.p.r.p.TestFile    Now processing file /home/runner/work/key/key/key.core/../key.ui/examples/heap/model_methods/Cell_footprint_acc.key 
555        INFO  main            d.u.i.k.p.i.AbstractProblemLoader Loading environment from /home/runner/work/key/key/key.core/../key.ui/examples/heap/model_methods/Cell_footprint_acc.key 
574        DEBUG main            d.u.i.k.p.i.AbstractProblemLoader Environment load took 2.12ms 
817        INFO  main            d.u.i.k.p.i.AbstractProblemLoader Creating init config 
1844       DEBUG main            d.u.i.k.j.TypeConverter   No LDT found for Meta 
1845       DEBUG main            d.u.i.k.j.TypeConverter   No LDT found for Meta 
1846       DEBUG main            d.u.i.k.j.TypeConverter   No LDT found for Meta 
1846       DEBUG main            d.u.i.k.j.TypeConverter   No LDT found for Meta 
3529       DEBUG main            d.u.i.k.j.TypeConverter   No LDT found for JavaBigintExpression 
9547       DEBUG main            d.u.i.k.p.i.AbstractProblemLoader Init config took 8.73s 
9679       INFO  main            d.u.i.k.p.i.AbstractProblemLoader Replaying proof Cell[Cell::footprint()].JML accessible clause.0 
9714       DEBUG main            d.u.i.k.p.i.IntermediateProofReplayer Proof replay took 34.7ns 
10162      INFO  main            d.u.i.k.p.r.p.TestFile    ... finished proof: closed. 
10281      INFO  main            d.u.i.k.p.i.AbstractProblemLoader Loading environment from /home/runner/work/key/key/key.core/../key.ui/examples/heap/model_methods/Cell_footprint_acc.key.proof 
10282      DEBUG main            d.u.i.k.p.i.AbstractProblemLoader Environment load took 518.92ns 
10284      INFO  main            d.u.i.k.p.i.AbstractProblemLoader Creating init config 
13474      DEBUG main            d.u.i.k.p.i.AbstractProblemLoader Init config took 3.19s 
13558      INFO  main            d.u.i.k.p.i.AbstractProblemLoader Replaying proof Cell[Cell::footprint()].JML accessible clause.0 
13581      DEBUG main            d.u.i.k.p.i.IntermediateProofReplayer Proof replay took 17.58ms 
13588      DEBUG main            d.u.i.k.p.r.p.TestFile    ... success: reloaded. 
13590      INFO  main            d.u.i.k.p.r.p.TestFile    Now processing file /home/runner/work/key/key/key.core/../key.ui/examples/heap/model_methods/Cell_footprint.key 
13590      INFO  main            d.u.i.k.p.i.AbstractProblemLoader Loading environment from /home/runner/work/key/key/key.core/../key.ui/examples/heap/model_methods/Cell_footprint.key 
13591      DEBUG main            d.u.i.k.p.i.AbstractProblemLoader Environment load took 281.51ns 
13592      INFO  main            d.u.i.k.p.i.AbstractProblemLoader Creating init config 
16703      DEBUG main            d.u.i.k.p.i.AbstractProblemLoader Init config took 3.11s 
16787      INFO  main            d.u.i.k.p.i.AbstractProblemLoader Replaying proof Cell[Cell::footprint()].JML model_behavior operation contract.0 
16790      DEBUG main            d.u.i.k.p.i.IntermediateProofReplayer Proof replay took 6.2ns 
16892      INFO  main            d.u.i.k.p.r.p.TestFile    ... finished proof: closed. 
17033      INFO  main            d.u.i.k.p.i.AbstractProblemLoader Loading environment from /home/runner/work/key/key/key.core/../key.ui/examples/heap/model_methods/Cell_footprint.key.proof 
17033      DEBUG main            d.u.i.k.p.i.AbstractProblemLoader Environment load took 120.81ns 
17034      INFO  main            d.u.i.k.p.i.AbstractProblemLoader Creating init config 
20127      DEBUG main            d.u.i.k.p.i.AbstractProblemLoader Init config took 3.09s 
20190      INFO  main            d.u.i.k.p.i.AbstractProblemLoader Replaying proof Cell[Cell::footprint()].JML model_behavior operation contract.0 
20202      DEBUG main            d.u.i.k.p.i.IntermediateProofReplayer Proof replay took 9.01ms 
20203      DEBUG main            d.u.i.k.p.r.p.TestFile    ... success: reloaded. 
20205      INFO  main            d.u.i.k.p.r.p.TestFile    Now processing file /home/runner/work/key/key/key.core/../key.ui/examples/heap/model_methods/Cell_get_acc.key 
20205      INFO  main            d.u.i.k.p.i.AbstractProblemLoader Loading environment from /home/runner/work/key/key/key.core/../key.ui/examples/heap/model_methods/Cell_get_acc.key 
20205      DEBUG main            d.u.i.k.p.i.AbstractProblemLoader Environment load took 208.21ns 
20207      INFO  main            d.u.i.k.p.i.AbstractProblemLoader Creating init config 
23239      DEBUG main            d.u.i.k.p.i.AbstractProblemLoader Init config took 3.03s 
23307      INFO  main            d.u.i.k.p.i.AbstractProblemLoader Replaying proof Cell[Cell::get()].JML accessible clause.0 
23309      DEBUG main            d.u.i.k.p.i.IntermediateProofReplayer Proof replay took 5.8ns 
23520      INFO  main            d.u.i.k.p.r.p.TestFile    ... finished proof: closed. 
23673      INFO  main            d.u.i.k.p.i.AbstractProblemLoader Loading environment from /home/runner/work/key/key/key.core/../key.ui/examples/heap/model_methods/Cell_get_acc.key.proof 
23676      DEBUG main            d.u.i.k.p.i.AbstractProblemLoader Environment load took 3.35ms 
23678      INFO  main            d.u.i.k.p.i.AbstractProblemLoader Creating init config 
26691      DEBUG main            d.u.i.k.p.i.AbstractProblemLoader Init config took 3.01s 
26756      INFO  main            d.u.i.k.p.i.AbstractProblemLoader Replaying proof Cell[Cell::get()].JML accessible clause.0 
26791      DEBUG main            d.u.i.k.p.i.IntermediateProofReplayer Proof replay took 32.15ms 
26793      DEBUG main            d.u.i.k.p.r.p.TestFile    ... success: reloaded. 
26794      INFO  main            d.u.i.k.p.r.p.TestFile    Now processing file /home/runner/work/key/key/key.core/../key.ui/examples/heap/model_methods/Cell_get.key 
26795      INFO  main            d.u.i.k.p.i.AbstractProblemLoader Loading environment from /home/runner/work/key/key/key.core/../key.ui/examples/heap/model_methods/Cell_get.key 
26795      DEBUG main            d.u.i.k.p.i.AbstractProblemLoader Environment load took 223.01ns 
26796      INFO  main            d.u.i.k.p.i.AbstractProblemLoader Creating init config 
29773      DEBUG main            d.u.i.k.p.i.AbstractProblemLoader Init config took 2.98s 
29839      INFO  main            d.u.i.k.p.i.AbstractProblemLoader Replaying proof Cell[Cell::get()].JML operation contract.0 
29842      DEBUG main            d.u.i.k.p.i.IntermediateProofReplayer Proof replay took 6.8ns 
29944      INFO  main            d.u.i.k.p.r.p.TestFile    ... finished proof: closed. 
30104      INFO  main            d.u.i.k.p.i.AbstractProblemLoader Loading environment from /home/runner/work/key/key/key.core/../key.ui/examples/heap/model_methods/Cell_get.key.proof 
30104      DEBUG main            d.u.i.k.p.i.AbstractProblemLoader Environment load took 133.21ns 
30105      INFO  main            d.u.i.k.p.i.AbstractProblemLoader Creating init config 
33010      DEBUG main            d.u.i.k.p.i.AbstractProblemLoader Init config took 2.91s 
33061      INFO  main            d.u.i.k.p.i.AbstractProblemLoader Replaying proof Cell[Cell::get()].JML operation contract.0 
33086      DEBUG main            d.u.i.k.p.i.IntermediateProofReplayer Proof replay took 22.07ms 
33087      DEBUG main            d.u.i.k.p.r.p.TestFile    ... success: reloaded. 
33090      INFO  main            d.u.i.k.p.r.p.TestFile    Now processing file /home/runner/work/key/key/key.core/../key.ui/examples/heap/model_methods/Cell_post_set.key 
33090      INFO  main            d.u.i.k.p.i.AbstractProblemLoader Loading environment from /home/runner/work/key/key/key.core/../key.ui/examples/heap/model_methods/Cell_post_set.key 
33091      DEBUG main            d.u.i.k.p.i.AbstractProblemLoader Environment load took 232.91ns 
33093      INFO  main            d.u.i.k.p.i.AbstractProblemLoader Creating init config 
36074      DEBUG main            d.u.i.k.p.i.AbstractProblemLoader Init config took 2.98s 
36127      INFO  main            d.u.i.k.p.i.AbstractProblemLoader Replaying proof Cell[Cell::post_set(int)].JML model_behavior operation contract.0 
36130      DEBUG main            d.u.i.k.p.i.IntermediateProofReplayer Proof replay took 6.8ns 
36232      INFO  main            d.u.i.k.p.r.p.TestFile    ... finished proof: closed. 
36418      INFO  main            d.u.i.k.p.i.AbstractProblemLoader Loading environment from /home/runner/work/key/key/key.core/../key.ui/examples/heap/model_methods/Cell_post_set.key.proof 
36418      DEBUG main            d.u.i.k.p.i.AbstractProblemLoader Environment load took 145.9ns 
36419      INFO  main            d.u.i.k.p.i.AbstractProblemLoader Creating init config 
39322      DEBUG main            d.u.i.k.p.i.AbstractProblemLoader Init config took 2.9s 
39376      INFO  main            d.u.i.k.p.i.AbstractProblemLoader Replaying proof Cell[Cell::post_set(int)].JML model_behavior operation contract.0 
39383      DEBUG main            d.u.i.k.p.i.IntermediateProofReplayer Proof replay took 5.26ms 
39384      DEBUG main            d.u.i.k.p.r.p.TestFile    ... success: reloaded. 
39385      INFO  main            d.u.i.k.p.r.p.TestFile    Now processing file /home/runner/work/key/key/key.core/../key.ui/examples/heap/model_methods/Cell_set.key 
39386      INFO  main            d.u.i.k.p.i.AbstractProblemLoader Loading environment from /home/runner/work/key/key/key.core/../key.ui/examples/heap/model_methods/Cell_set.key 
39386      DEBUG main            d.u.i.k.p.i.AbstractProblemLoader Environment load took 209.51ns 
39387      INFO  main            d.u.i.k.p.i.AbstractProblemLoader Creating init config 
42286      DEBUG main            d.u.i.k.p.i.AbstractProblemLoader Init config took 2.9s 
42336      INFO  main            d.u.i.k.p.i.AbstractProblemLoader Replaying proof Cell[Cell::set(int)].JML operation contract.0 
42338      DEBUG main            d.u.i.k.p.i.IntermediateProofReplayer Proof replay took 6.7ns 
49023      INFO  main            d.u.i.k.p.r.p.TestFile    ... finished proof: closed. 
49277      INFO  main            d.u.i.k.p.i.AbstractProblemLoader Loading environment from /home/runner/work/key/key/key.core/../key.ui/examples/heap/model_methods/Cell_set.key.proof 
49278      DEBUG main            d.u.i.k.p.i.AbstractProblemLoader Environment load took 406.22ns 
49280      INFO  main            d.u.i.k.p.i.AbstractProblemLoader Creating init config 
52165      DEBUG main            d.u.i.k.p.i.AbstractProblemLoader Init config took 2.89s 
52215      INFO  main            d.u.i.k.p.i.AbstractProblemLoader Replaying proof Cell[Cell::set(int)].JML operation contract.0 
52739      DEBUG main            d.u.i.k.p.i.IntermediateProofReplayer Proof replay took 507.76ms 
52741      DEBUG main            d.u.i.k.p.r.p.TestFile    ... success: reloaded. 
52743      INFO  main            d.u.i.k.p.r.p.TestFile    Now processing file /home/runner/work/key/key/key.core/../key.ui/examples/heap/model_methods/CellTest_callSet.key 
52743      INFO  main            d.u.i.k.p.i.AbstractProblemLoader Loading environment from /home/runner/work/key/key/key.core/../key.ui/examples/heap/model_methods/CellTest_callSet.key 
52743      DEBUG main            d.u.i.k.p.i.AbstractProblemLoader Environment load took 243.31ns 
52744      INFO  main            d.u.i.k.p.i.AbstractProblemLoader Creating init config 
55665      DEBUG main            d.u.i.k.p.i.AbstractProblemLoader Init config took 2.92s 
55716      INFO  main            d.u.i.k.p.i.AbstractProblemLoader Replaying proof CellTest[CellTest::callSet(Cell,int)].JML operation contract.0 
55718      DEBUG main            d.u.i.k.p.i.IntermediateProofReplayer Proof replay took 6.2ns 
55921      INFO  main            d.u.i.k.p.r.p.TestFile    ... finished proof: closed. 
56110      INFO  main            d.u.i.k.p.i.AbstractProblemLoader Loading environment from /home/runner/work/key/key/key.core/../key.ui/examples/heap/model_methods/CellTest_callSet.key.proof 
56110      DEBUG main            d.u.i.k.p.i.AbstractProblemLoader Environment load took 142.7ns 
56112      INFO  main            d.u.i.k.p.i.AbstractProblemLoader Creating init config 
59004      DEBUG main            d.u.i.k.p.i.AbstractProblemLoader Init config took 2.89s 
59054      INFO  main            d.u.i.k.p.i.AbstractProblemLoader Replaying proof CellTest[CellTest::callSet(Cell,int)].JML operation contract.0 
59099      DEBUG main            d.u.i.k.p.i.IntermediateProofReplayer Proof replay took 43.09ms 
59101      DEBUG main            d.u.i.k.p.r.p.TestFile    ... success: reloaded. 
59102      INFO  main            d.u.i.k.p.r.p.TestFile    Now processing file /home/runner/work/key/key/key.core/../key.ui/examples/heap/model_methods/CellTest_test2.key 
59102      INFO  main            d.u.i.k.p.i.AbstractProblemLoader Loading environment from /home/runner/work/key/key/key.core/../key.ui/examples/heap/model_methods/CellTest_test2.key 
59103      DEBUG main            d.u.i.k.p.i.AbstractProblemLoader Environment load took 194.31ns 
59104      INFO  main            d.u.i.k.p.i.AbstractProblemLoader Creating init config 
62061      DEBUG main            d.u.i.k.p.i.AbstractProblemLoader Init config took 2.96s 
62117      INFO  main            d.u.i.k.p.i.AbstractProblemLoader Replaying proof CellTest[CellTest::test2(Cell)].JML operation contract.0 
62119      DEBUG main            d.u.i.k.p.i.IntermediateProofReplayer Proof replay took 7.3ns 
62426      INFO  main            d.u.i.k.p.r.p.TestFile    ... finished proof: closed. 
62634      INFO  main            d.u.i.k.p.i.AbstractProblemLoader Loading environment from /home/runner/work/key/key/key.core/../key.ui/examples/heap/model_methods/CellTest_test2.key.proof 
62634      DEBUG main            d.u.i.k.p.i.AbstractProblemLoader Environment load took 133.61ns 
62638      INFO  main            d.u.i.k.p.i.AbstractProblemLoader Creating init config 
65514      DEBUG main            d.u.i.k.p.i.AbstractProblemLoader Init config took 2.88s 
65563      INFO  main            d.u.i.k.p.i.AbstractProblemLoader Replaying proof CellTest[CellTest::test2(Cell)].JML operation contract.0 
65639      DEBUG main            d.u.i.k.p.i.IntermediateProofReplayer Proof replay took 72.33ms 
65640      DEBUG main            d.u.i.k.p.r.p.TestFile    ... success: reloaded. 
65641      INFO  main            d.u.i.k.p.r.p.TestFile    Now processing file /home/runner/work/key/key/key.core/../key.ui/examples/heap/model_methods/CellTest_test.key 
65642      INFO  main            d.u.i.k.p.i.AbstractProblemLoader Loading environment from /home/runner/work/key/key/key.core/../key.ui/examples/heap/model_methods/CellTest_test.key 
65642      DEBUG main            d.u.i.k.p.i.AbstractProblemLoader Environment load took 170.81ns 
65643      INFO  main            d.u.i.k.p.i.AbstractProblemLoader Creating init config 
68560      DEBUG main            d.u.i.k.p.i.AbstractProblemLoader Init config took 2.92s 
68627      INFO  main            d.u.i.k.p.i.AbstractProblemLoader Replaying proof CellTest[CellTest::test(Recell)].JML operation contract.0 
68628      DEBUG main            d.u.i.k.p.i.IntermediateProofReplayer Proof replay took 7.1ns 
70644      INFO  main            d.u.i.k.p.r.p.TestFile    ... finished proof: closed. 
70882      INFO  main            d.u.i.k.p.i.AbstractProblemLoader Loading environment from /home/runner/work/key/key/key.core/../key.ui/examples/heap/model_methods/CellTest_test.key.proof 
70882      DEBUG main            d.u.i.k.p.i.AbstractProblemLoader Environment load took 126.11ns 
70883      INFO  main            d.u.i.k.p.i.AbstractProblemLoader Creating init config 
73715      DEBUG main            d.u.i.k.p.i.AbstractProblemLoader Init config took 2.83s 
73780      INFO  main            d.u.i.k.p.i.AbstractProblemLoader Replaying proof CellTest[CellTest::test(Recell)].JML operation contract.0 
74170      DEBUG main            d.u.i.k.p.i.IntermediateProofReplayer Proof replay took 376.87ms 
74172      DEBUG main            d.u.i.k.p.r.p.TestFile    ... success: reloaded. 
74173      INFO  main            d.u.i.k.p.r.p.TestFile    Now processing file /home/runner/work/key/key/key.core/../key.ui/examples/heap/model_methods/Coll1_add.key 
74173      INFO  main            d.u.i.k.p.i.AbstractProblemLoader Loading environment from /home/runner/work/key/key/key.core/../key.ui/examples/heap/model_methods/Coll1_add.key 
74173      DEBUG main            d.u.i.k.p.i.AbstractProblemLoader Environment load took 222.61ns 
74175      INFO  main            d.u.i.k.p.i.AbstractProblemLoader Creating init config 
77074      DEBUG main            d.u.i.k.p.i.AbstractProblemLoader Init config took 2.9s 
77121      INFO  main            d.u.i.k.p.i.AbstractProblemLoader Replaying proof Coll1[Coll::add(int)].JML operation contract.0 
77123      DEBUG main            d.u.i.k.p.i.IntermediateProofReplayer Proof replay took 7ns 
77229      INFO  main            d.u.i.k.p.r.p.TestFile    ... finished proof: closed. 
77440      INFO  main            d.u.i.k.p.i.AbstractProblemLoader Loading environment from /home/runner/work/key/key/key.core/../key.ui/examples/heap/model_methods/Coll1_add.key.proof 
77440      DEBUG main            d.u.i.k.p.i.AbstractProblemLoader Environment load took 131.2ns 
77441      INFO  main            d.u.i.k.p.i.AbstractProblemLoader Creating init config 
80240      DEBUG main            d.u.i.k.p.i.AbstractProblemLoader Init config took 2.8s 
80302      INFO  main            d.u.i.k.p.i.AbstractProblemLoader Replaying proof Coll1[Coll::add(int)].JML operation contract.0 
80315      DEBUG main            d.u.i.k.p.i.IntermediateProofReplayer Proof replay took 10.63ms 
80317      DEBUG main            d.u.i.k.p.r.p.TestFile    ... success: reloaded. 
80320      INFO  main            d.u.i.k.p.r.p.TestFile    Now processing file /home/runner/work/key/key/key.core/../key.ui/examples/heap/model_methods/Coll1_Coll1_add_pre.key 
80320      INFO  main            d.u.i.k.p.i.AbstractProblemLoader Loading environment from /home/runner/work/key/key/key.core/../key.ui/examples/heap/model_methods/Coll1_Coll1_add_pre.key 
80320      DEBUG main            d.u.i.k.p.i.AbstractProblemLoader Environment load took 108.9ns 
80321      INFO  main            d.u.i.k.p.i.AbstractProblemLoader Creating init config 
83196      DEBUG main            d.u.i.k.p.i.AbstractProblemLoader Init config took 2.87s 
83240      INFO  main            d.u.i.k.p.i.AbstractProblemLoader Replaying proof Coll1[Coll1::add_pre(int)].JML model_behavior operation contract.0 
83242      DEBUG main            d.u.i.k.p.i.IntermediateProofReplayer Proof replay took 7.2ns 
83344      INFO  main            d.u.i.k.p.r.p.TestFile    ... finished proof: closed. 
83574      INFO  main            d.u.i.k.p.i.AbstractProblemLoader Loading environment from /home/runner/work/key/key/key.core/../key.ui/examples/heap/model_methods/Coll1_Coll1_add_pre.key.proof 
83574      DEBUG main            d.u.i.k.p.i.AbstractProblemLoader Environment load took 146.31ns 
83575      INFO  main            d.u.i.k.p.i.AbstractProblemLoader Creating init config 
86379      DEBUG main            d.u.i.k.p.i.AbstractProblemLoader Init config took 2.8s 
86429      INFO  main            d.u.i.k.p.i.AbstractProblemLoader Replaying proof Coll1[Coll1::add_pre(int)].JML model_behavior operation contract.0 
86434      DEBUG main            d.u.i.k.p.i.IntermediateProofReplayer Proof replay took 1.65ms 
86436      DEBUG main            d.u.i.k.p.r.p.TestFile    ... success: reloaded. 
86440      INFO  main            d.u.i.k.p.r.p.TestFile    Now processing file /home/runner/work/key/key/key.core/../key.ui/examples/heap/model_methods/Coll1_Coll_add_pre.key 
86440      INFO  main            d.u.i.k.p.i.AbstractProblemLoader Loading environment from /home/runner/work/key/key/key.core/../key.ui/examples/heap/model_methods/Coll1_Coll_add_pre.key 
86440      DEBUG main            d.u.i.k.p.i.AbstractProblemLoader Environment load took 148.81ns 
86441      INFO  main            d.u.i.k.p.i.AbstractProblemLoader Creating init config 
89339      DEBUG main            d.u.i.k.p.i.AbstractProblemLoader Init config took 2.9s 
89383      INFO  main            d.u.i.k.p.i.AbstractProblemLoader Replaying proof Coll1[Coll::add_pre(int)].JML model_behavior operation contract.0 
89384      DEBUG main            d.u.i.k.p.i.IntermediateProofReplayer Proof replay took 6.8ns 
89488      INFO  main            d.u.i.k.p.r.p.TestFile    ... finished proof: closed. 
89705      INFO  main            d.u.i.k.p.i.AbstractProblemLoader Loading environment from /home/runner/work/key/key/key.core/../key.ui/examples/heap/model_methods/Coll1_Coll_add_pre.key.proof 
89705      DEBUG main            d.u.i.k.p.i.AbstractProblemLoader Environment load took 126.11ns 
89706      INFO  main            d.u.i.k.p.i.AbstractProblemLoader Creating init config 
92541      DEBUG main            d.u.i.k.p.i.AbstractProblemLoader Init config took 2.83s 
92586      INFO  main            d.u.i.k.p.i.AbstractProblemLoader Replaying proof Coll1[Coll::add_pre(int)].JML model_behavior operation contract.0 
92590      DEBUG main            d.u.i.k.p.i.IntermediateProofReplayer Proof replay took 2.31ms 
92591      DEBUG main            d.u.i.k.p.r.p.TestFile    ... success: reloaded. 
92592      INFO  main            d.u.i.k.p.r.p.TestFile    Now processing file /home/runner/work/key/key/key.core/../key.ui/examples/heap/model_methods/Coll2_add.key 
92592      INFO  main            d.u.i.k.p.i.AbstractProblemLoader Loading environment from /home/runner/work/key/key/key.core/../key.ui/examples/heap/model_methods/Coll2_add.key 
92592      DEBUG main            d.u.i.k.p.i.AbstractProblemLoader Environment load took 123ns 
92593      INFO  main            d.u.i.k.p.i.AbstractProblemLoader Creating init config 
95392      DEBUG main            d.u.i.k.p.i.AbstractProblemLoader Init config took 2.8s 
95464      INFO  main            d.u.i.k.p.i.AbstractProblemLoader Replaying proof Coll2[Coll::add(int)].JML operation contract.0 
95466      DEBUG main            d.u.i.k.p.i.IntermediateProofReplayer Proof replay took 6.9ns 
95573      INFO  main            d.u.i.k.p.r.p.TestFile    ... finished proof: closed. 
95814      INFO  main            d.u.i.k.p.i.AbstractProblemLoader Loading environment from /home/runner/work/key/key/key.core/../key.ui/examples/heap/model_methods/Coll2_add.key.proof 
95814      DEBUG main            d.u.i.k.p.i.AbstractProblemLoader Environment load took 126.7ns 
95815      INFO  main            d.u.i.k.p.i.AbstractProblemLoader Creating init config 
98700      DEBUG main            d.u.i.k.p.i.AbstractProblemLoader Init config took 2.89s 
98745      INFO  main            d.u.i.k.p.i.AbstractProblemLoader Replaying proof Coll2[Coll::add(int)].JML operation contract.0 
98757      DEBUG main            d.u.i.k.p.i.IntermediateProofReplayer Proof replay took 6.51ms 
98758      DEBUG main            d.u.i.k.p.r.p.TestFile    ... success: reloaded. 
98759      INFO  main            d.u.i.k.p.r.p.TestFile    Now processing file /home/runner/work/key/key/key.core/../key.ui/examples/heap/model_methods/Coll2_Coll2_add_pre.key 
98760      INFO  main            d.u.i.k.p.i.AbstractProblemLoader Loading environment from /home/runner/work/key/key/key.core/../key.ui/examples/heap/model_methods/Coll2_Coll2_add_pre.key 
98760      DEBUG main            d.u.i.k.p.i.AbstractProblemLoader Environment load took 200.51ns 
98761      INFO  main            d.u.i.k.p.i.AbstractProblemLoader Creating init config 
101575     DEBUG main            d.u.i.k.p.i.AbstractProblemLoader Init config took 2.81s 
101618     INFO  main            d.u.i.k.p.i.AbstractProblemLoader Replaying proof Coll2[Coll2::add_pre(int)].JML model_behavior operation contract.0 
101620     DEBUG main            d.u.i.k.p.i.IntermediateProofReplayer Proof replay took 7.5ns 
101724     INFO  main            d.u.i.k.p.r.p.TestFile    ... finished proof: closed. 
101956     INFO  main            d.u.i.k.p.i.AbstractProblemLoader Loading environment from /home/runner/work/key/key/key.core/../key.ui/examples/heap/model_methods/Coll2_Coll2_add_pre.key.proof 
101956     DEBUG main            d.u.i.k.p.i.AbstractProblemLoader Environment load took 130.21ns 
101957     INFO  main            d.u.i.k.p.i.AbstractProblemLoader Creating init config 
104707     DEBUG main            d.u.i.k.p.i.AbstractProblemLoader Init config took 2.75s 
104748     INFO  main            d.u.i.k.p.i.AbstractProblemLoader Replaying proof Coll2[Coll2::add_pre(int)].JML model_behavior operation contract.0 
104751     DEBUG main            d.u.i.k.p.i.IntermediateProofReplayer Proof replay took 1.49ms 
104752     DEBUG main            d.u.i.k.p.r.p.TestFile    ... success: reloaded. 
104753     INFO  main            d.u.i.k.p.r.p.TestFile    Now processing file /home/runner/work/key/key/key.core/../key.ui/examples/heap/model_methods/Coll2_Coll_add_pre.key 
104753     INFO  main            d.u.i.k.p.i.AbstractProblemLoader Loading environment from /home/runner/work/key/key/key.core/../key.ui/examples/heap/model_methods/Coll2_Coll_add_pre.key 
104753     DEBUG main            d.u.i.k.p.i.AbstractProblemLoader Environment load took 108.61ns 
104754     INFO  main            d.u.i.k.p.i.AbstractProblemLoader Creating init config 
107531     DEBUG main            d.u.i.k.p.i.AbstractProblemLoader Init config took 2.78s 
107571     INFO  main            d.u.i.k.p.i.AbstractProblemLoader Replaying proof Coll2[Coll::add_pre(int)].JML model_behavior operation contract.0 
107573     DEBUG main            d.u.i.k.p.i.IntermediateProofReplayer Proof replay took 6.4ns 
107675     INFO  main            d.u.i.k.p.r.p.TestFile    ... finished proof: closed. 
107920     INFO  main            d.u.i.k.p.i.AbstractProblemLoader Loading environment from /home/runner/work/key/key/key.core/../key.ui/examples/heap/model_methods/Coll2_Coll_add_pre.key.proof 
107920     DEBUG main            d.u.i.k.p.i.AbstractProblemLoader Environment load took 128.81ns 
107921     INFO  main            d.u.i.k.p.i.AbstractProblemLoader Creating init config 
110670     DEBUG main            d.u.i.k.p.i.AbstractProblemLoader Init config took 2.75s 
110733     INFO  main            d.u.i.k.p.i.AbstractProblemLoader Replaying proof Coll2[Coll::add_pre(int)].JML model_behavior operation contract.0 
110737     DEBUG main            d.u.i.k.p.i.IntermediateProofReplayer Proof replay took 2.14ms 
110738     DEBUG main            d.u.i.k.p.r.p.TestFile    ... success: reloaded. 
110739     INFO  main            d.u.i.k.p.r.p.TestFile    Now processing file /home/runner/work/key/key/key.core/../key.ui/examples/heap/model_methods/Coll_add.key 
110739     INFO  main            d.u.i.k.p.i.AbstractProblemLoader Loading environment from /home/runner/work/key/key/key.core/../key.ui/examples/heap/model_methods/Coll_add.key 
110739     DEBUG main            d.u.i.k.p.i.AbstractProblemLoader Environment load took 90.1ns 
110740     INFO  main            d.u.i.k.p.i.AbstractProblemLoader Creating init config 
113556     DEBUG main            d.u.i.k.p.i.AbstractProblemLoader Init config took 2.82s 
113601     INFO  main            d.u.i.k.p.i.AbstractProblemLoader Replaying proof Coll[Coll::add(int)].JML operation contract.0 
113602     DEBUG main            d.u.i.k.p.i.IntermediateProofReplayer Proof replay took 7.5ns 
113704     INFO  main            d.u.i.k.p.r.p.TestFile    ... finished proof: closed. 
113953     INFO  main            d.u.i.k.p.i.AbstractProblemLoader Loading environment from /home/runner/work/key/key/key.core/../key.ui/examples/heap/model_methods/Coll_add.key.proof 
113953     DEBUG main            d.u.i.k.p.i.AbstractProblemLoader Environment load took 130.31ns 
113954     INFO  main            d.u.i.k.p.i.AbstractProblemLoader Creating init config 
116727     DEBUG main            d.u.i.k.p.i.AbstractProblemLoader Init config took 2.77s 
116771     INFO  main            d.u.i.k.p.i.AbstractProblemLoader Replaying proof Coll[Coll::add(int)].JML operation contract.0 
116775     DEBUG main            d.u.i.k.p.i.IntermediateProofReplayer Proof replay took 2.12ms 
116776     DEBUG main            d.u.i.k.p.r.p.TestFile    ... success: reloaded. 
116777     INFO  main            d.u.i.k.p.r.p.TestFile    Now processing file /home/runner/work/key/key/key.core/../key.ui/examples/heap/model_methods/Coll_add_pre.key 
116778     INFO  main            d.u.i.k.p.i.AbstractProblemLoader Loading environment from /home/runner/work/key/key/key.core/../key.ui/examples/heap/model_methods/Coll_add_pre.key 
116778     DEBUG main            d.u.i.k.p.i.AbstractProblemLoader Environment load took 195.11ns 
116779     INFO  main            d.u.i.k.p.i.AbstractProblemLoader Creating init config 
119655     DEBUG main            d.u.i.k.p.i.AbstractProblemLoader Init config took 2.88s 
119698     INFO  main            d.u.i.k.p.i.AbstractProblemLoader Replaying proof Coll[Coll::add_pre(int)].JML model_behavior operation contract.0 
119699     DEBUG main            d.u.i.k.p.i.IntermediateProofReplayer Proof replay took 6.8ns 
119802     INFO  main            d.u.i.k.p.r.p.TestFile    ... finished proof: closed. 
120056     INFO  main            d.u.i.k.p.i.AbstractProblemLoader Loading environment from /home/runner/work/key/key/key.core/../key.ui/examples/heap/model_methods/Coll_add_pre.key.proof 
120056     DEBUG main            d.u.i.k.p.i.AbstractProblemLoader Environment load took 210.61ns 
120057     INFO  main            d.u.i.k.p.i.AbstractProblemLoader Creating init config 
122832     DEBUG main            d.u.i.k.p.i.AbstractProblemLoader Init config took 2.77s 
122883     INFO  main            d.u.i.k.p.i.AbstractProblemLoader Replaying proof Coll[Coll::add_pre(int)].JML model_behavior operation contract.0 
122888     DEBUG main            d.u.i.k.p.i.IntermediateProofReplayer Proof replay took 3.03ms 
122889     DEBUG main            d.u.i.k.p.r.p.TestFile    ... success: reloaded. 
122890     INFO  main            d.u.i.k.p.r.p.TestFile    Now processing file /home/runner/work/key/key/key.core/../key.ui/examples/heap/model_methods/Indirect_callAdd.key 
122890     INFO  main            d.u.i.k.p.i.AbstractProblemLoader Loading environment from /home/runner/work/key/key/key.core/../key.ui/examples/heap/model_methods/Indirect_callAdd.key 
122890     DEBUG main            d.u.i.k.p.i.AbstractProblemLoader Environment load took 102.7ns 
122891     INFO  main            d.u.i.k.p.i.AbstractProblemLoader Creating init config 
125797     DEBUG main            d.u.i.k.p.i.AbstractProblemLoader Init config took 2.91s 
125860     INFO  main            d.u.i.k.p.i.AbstractProblemLoader Replaying proof Indirect[Indirect::callAdd(Coll,int)].JML operation contract.0 
125863     DEBUG main            d.u.i.k.p.i.IntermediateProofReplayer Proof replay took 7.1ns 
125964     INFO  main            d.u.i.k.p.r.p.TestFile    ... finished proof: closed. 
126235     INFO  main            d.u.i.k.p.i.AbstractProblemLoader Loading environment from /home/runner/work/key/key/key.core/../key.ui/examples/heap/model_methods/Indirect_callAdd.key.proof 
126235     DEBUG main            d.u.i.k.p.i.AbstractProblemLoader Environment load took 120.5ns 
126237     INFO  main            d.u.i.k.p.i.AbstractProblemLoader Creating init config 
129035     DEBUG main            d.u.i.k.p.i.AbstractProblemLoader Init config took 2.8s 
129079     INFO  main            d.u.i.k.p.i.AbstractProblemLoader Replaying proof Indirect[Indirect::callAdd(Coll,int)].JML operation contract.0 
129104     DEBUG main            d.u.i.k.p.i.IntermediateProofReplayer Proof replay took 23.41ms 
129105     DEBUG main            d.u.i.k.p.r.p.TestFile    ... success: reloaded. 
129106     INFO  main            d.u.i.k.p.r.p.TestFile    Now processing file /home/runner/work/key/key/key.core/../key.ui/examples/heap/model_methods/Indirect_test.key 
129107     INFO  main            d.u.i.k.p.i.AbstractProblemLoader Loading environment from /home/runner/work/key/key/key.core/../key.ui/examples/heap/model_methods/Indirect_test.key 
129107     DEBUG main            d.u.i.k.p.i.AbstractProblemLoader Environment load took 84.7ns 
129108     INFO  main            d.u.i.k.p.i.AbstractProblemLoader Creating init config 
132035     DEBUG main            d.u.i.k.p.i.AbstractProblemLoader Init config took 2.93s 
132086     INFO  main            d.u.i.k.p.i.AbstractProblemLoader Replaying proof Indirect[Indirect::test(Coll1,Coll2)].JML operation contract.0 
132089     DEBUG main            d.u.i.k.p.i.IntermediateProofReplayer Proof replay took 9ns 
132393     INFO  main            d.u.i.k.p.r.p.TestFile    ... finished proof: closed. 
132659     INFO  main            d.u.i.k.p.i.AbstractProblemLoader Loading environment from /home/runner/work/key/key/key.core/../key.ui/examples/heap/model_methods/Indirect_test.key.proof 
132659     DEBUG main            d.u.i.k.p.i.AbstractProblemLoader Environment load took 125.5ns 
132660     INFO  main            d.u.i.k.p.i.AbstractProblemLoader Creating init config 
135437     DEBUG main            d.u.i.k.p.i.AbstractProblemLoader Init config took 2.78s 
135479     INFO  main            d.u.i.k.p.i.AbstractProblemLoader Replaying proof Indirect[Indirect::test(Coll1,Coll2)].JML operation contract.0 
135552     DEBUG main            d.u.i.k.p.i.IntermediateProofReplayer Proof replay took 70.27ms 
135554     DEBUG main            d.u.i.k.p.r.p.TestFile    ... success: reloaded. 
135555     INFO  main            d.u.i.k.p.r.p.TestFile    Now processing file /home/runner/work/key/key/key.core/../key.ui/examples/heap/model_methods/Recell_Cell_footprint.key 
135555     INFO  main            d.u.i.k.p.i.AbstractProblemLoader Loading environment from /home/runner/work/key/key/key.core/../key.ui/examples/heap/model_methods/Recell_Cell_footprint.key 
135555     DEBUG main            d.u.i.k.p.i.AbstractProblemLoader Environment load took 241.51ns 
135556     INFO  main            d.u.i.k.p.i.AbstractProblemLoader Creating init config 
138465     DEBUG main            d.u.i.k.p.i.AbstractProblemLoader Init config took 2.91s 
138514     INFO  main            d.u.i.k.p.i.AbstractProblemLoader Replaying proof Recell[Cell::footprint()].JML model_behavior operation contract.0 
138516     DEBUG main            d.u.i.k.p.i.IntermediateProofReplayer Proof replay took 6.2ns 
138618     INFO  main            d.u.i.k.p.r.p.TestFile    ... finished proof: closed. 
138893     INFO  main            d.u.i.k.p.i.AbstractProblemLoader Loading environment from /home/runner/work/key/key/key.core/../key.ui/examples/heap/model_methods/Recell_Cell_footprint.key.proof 
138893     DEBUG main            d.u.i.k.p.i.AbstractProblemLoader Environment load took 121.7ns 
138894     INFO  main            d.u.i.k.p.i.AbstractProblemLoader Creating init config 
141755     DEBUG main            d.u.i.k.p.i.AbstractProblemLoader Init config took 2.86s 
141796     INFO  main            d.u.i.k.p.i.AbstractProblemLoader Replaying proof Recell[Cell::footprint()].JML model_behavior operation contract.0 
141800     DEBUG main            d.u.i.k.p.i.IntermediateProofReplayer Proof replay took 2.74ms 
141801     DEBUG main            d.u.i.k.p.r.p.TestFile    ... success: reloaded. 
141802     INFO  main            d.u.i.k.p.r.p.TestFile    Now processing file /home/runner/work/key/key/key.core/../key.ui/examples/heap/model_methods/Recell_Cell_post_set.key 
141802     INFO  main            d.u.i.k.p.i.AbstractProblemLoader Loading environment from /home/runner/work/key/key/key.core/../key.ui/examples/heap/model_methods/Recell_Cell_post_set.key 
141802     DEBUG main            d.u.i.k.p.i.AbstractProblemLoader Environment load took 64.3ns 
141803     INFO  main            d.u.i.k.p.i.AbstractProblemLoader Creating init config 
144711     DEBUG main            d.u.i.k.p.i.AbstractProblemLoader Init config took 2.91s 
144760     INFO  main            d.u.i.k.p.i.AbstractProblemLoader Replaying proof Recell[Cell::post_set(int)].JML model_behavior operation contract.0 
144761     DEBUG main            d.u.i.k.p.i.IntermediateProofReplayer Proof replay took 8ns 
144864     INFO  main            d.u.i.k.p.r.p.TestFile    ... finished proof: closed. 
145167     INFO  main            d.u.i.k.p.i.AbstractProblemLoader Loading environment from /home/runner/work/key/key/key.core/../key.ui/examples/heap/model_methods/Recell_Cell_post_set.key.proof 
145167     DEBUG main            d.u.i.k.p.i.AbstractProblemLoader Environment load took 118.31ns 
145168     INFO  main            d.u.i.k.p.i.AbstractProblemLoader Creating init config 
148015     DEBUG main            d.u.i.k.p.i.AbstractProblemLoader Init config took 2.85s 
148059     INFO  main            d.u.i.k.p.i.AbstractProblemLoader Replaying proof Recell[Cell::post_set(int)].JML model_behavior operation contract.0 
148065     DEBUG main            d.u.i.k.p.i.IntermediateProofReplayer Proof replay took 4.04ms 
148065     DEBUG main            d.u.i.k.p.r.p.TestFile    ... success: reloaded. 
148067     INFO  main            d.u.i.k.p.r.p.TestFile    Now processing file /home/runner/work/key/key/key.core/../key.ui/examples/heap/model_methods/Recell_footprint_acc.key 
148067     INFO  main            d.u.i.k.p.i.AbstractProblemLoader Loading environment from /home/runner/work/key/key/key.core/../key.ui/examples/heap/model_methods/Recell_footprint_acc.key 
148067     DEBUG main            d.u.i.k.p.i.AbstractProblemLoader Environment load took 67.1ns 
148068     INFO  main            d.u.i.k.p.i.AbstractProblemLoader Creating init config 
151009     DEBUG main            d.u.i.k.p.i.AbstractProblemLoader Init config took 2.94s 
151052     INFO  main            d.u.i.k.p.i.AbstractProblemLoader Replaying proof Recell[Cell::footprint()].JML accessible clause.0 
151054     DEBUG main            d.u.i.k.p.i.IntermediateProofReplayer Proof replay took 5.7ns 
151161     INFO  main            d.u.i.k.p.r.p.TestFile    ... finished proof: closed. 
151452     INFO  main            d.u.i.k.p.i.AbstractProblemLoader Loading environment from /home/runner/work/key/key/key.core/../key.ui/examples/heap/model_methods/Recell_footprint_acc.key.proof 
151452     DEBUG main            d.u.i.k.p.i.AbstractProblemLoader Environment load took 122.81ns 
151453     INFO  main            d.u.i.k.p.i.AbstractProblemLoader Creating init config 
154241     DEBUG main            d.u.i.k.p.i.AbstractProblemLoader Init config took 2.79s 
154282     INFO  main            d.u.i.k.p.i.AbstractProblemLoader Replaying proof Recell[Cell::footprint()].JML accessible clause.0 
154302     DEBUG main            d.u.i.k.p.i.IntermediateProofReplayer Proof replay took 17.82ms 
154303     DEBUG main            d.u.i.k.p.r.p.TestFile    ... success: reloaded. 
154304     INFO  main            d.u.i.k.p.r.p.TestFile    Now processing file /home/runner/work/key/key/key.core/../key.ui/examples/heap/model_methods/Recell_get_acc.key 
154305     INFO  main            d.u.i.k.p.i.AbstractProblemLoader Loading environment from /home/runner/work/key/key/key.core/../key.ui/examples/heap/model_methods/Recell_get_acc.key 
154305     DEBUG main            d.u.i.k.p.i.AbstractProblemLoader Environment load took 100.5ns 
154306     INFO  main            d.u.i.k.p.i.AbstractProblemLoader Creating init config 
157134     DEBUG main            d.u.i.k.p.i.AbstractProblemLoader Init config took 2.83s 
157176     INFO  main            d.u.i.k.p.i.AbstractProblemLoader Replaying proof Recell[Cell::get()].JML accessible clause.0 
157178     DEBUG main            d.u.i.k.p.i.IntermediateProofReplayer Proof replay took 24.2ns 
157286     INFO  main            d.u.i.k.p.r.p.TestFile    ... finished proof: closed. 
157594     INFO  main            d.u.i.k.p.i.AbstractProblemLoader Loading environment from /home/runner/work/key/key/key.core/../key.ui/examples/heap/model_methods/Recell_get_acc.key.proof 
157594     DEBUG main            d.u.i.k.p.i.AbstractProblemLoader Environment load took 120.41ns 
157596     INFO  main            d.u.i.k.p.i.AbstractProblemLoader Creating init config 
160340     DEBUG main            d.u.i.k.p.i.AbstractProblemLoader Init config took 2.74s 
160383     INFO  main            d.u.i.k.p.i.AbstractProblemLoader Replaying proof Recell[Cell::get()].JML accessible clause.0 
160402     DEBUG main            d.u.i.k.p.i.IntermediateProofReplayer Proof replay took 16.85ms 
160403     DEBUG main            d.u.i.k.p.r.p.TestFile    ... success: reloaded. 
160404     INFO  main            d.u.i.k.p.r.p.TestFile    Now processing file /home/runner/work/key/key/key.core/../key.ui/examples/heap/model_methods/Recell_get.key 
160404     INFO  main            d.u.i.k.p.i.AbstractProblemLoader Loading environment from /home/runner/work/key/key/key.core/../key.ui/examples/heap/model_methods/Recell_get.key 
160405     DEBUG main            d.u.i.k.p.i.AbstractProblemLoader Environment load took 177.51ns 
160406     INFO  main            d.u.i.k.p.i.AbstractProblemLoader Creating init config 
163200     DEBUG main            d.u.i.k.p.i.AbstractProblemLoader Init config took 2.79s 
163244     INFO  main            d.u.i.k.p.i.AbstractProblemLoader Replaying proof Recell[Cell::get()].JML operation contract.0 
163245     DEBUG main            d.u.i.k.p.i.IntermediateProofReplayer Proof replay took 6.8ns 
163347     INFO  main            d.u.i.k.p.r.p.TestFile    ... finished proof: closed. 
163649     INFO  main            d.u.i.k.p.i.AbstractProblemLoader Loading environment from /home/runner/work/key/key/key.core/../key.ui/examples/heap/model_methods/Recell_get.key.proof 
163649     DEBUG main            d.u.i.k.p.i.AbstractProblemLoader Environment load took 112.4ns 
163650     INFO  main            d.u.i.k.p.i.AbstractProblemLoader Creating init config 
166353     DEBUG main            d.u.i.k.p.i.AbstractProblemLoader Init config took 2.7s 
166396     INFO  main            d.u.i.k.p.i.AbstractProblemLoader Replaying proof Recell[Cell::get()].JML operation contract.0 
166406     DEBUG main            d.u.i.k.p.i.IntermediateProofReplayer Proof replay took 7.88ms 
166407     DEBUG main            d.u.i.k.p.r.p.TestFile    ... success: reloaded. 
166408     INFO  main            d.u.i.k.p.r.p.TestFile    Now processing file /home/runner/work/key/key/key.core/../key.ui/examples/heap/model_methods/Recell_Recell_footprint.key 
166408     INFO  main            d.u.i.k.p.i.AbstractProblemLoader Loading environment from /home/runner/work/key/key/key.core/../key.ui/examples/heap/model_methods/Recell_Recell_footprint.key 
166408     DEBUG main            d.u.i.k.p.i.AbstractProblemLoader Environment load took 172.71ns 
166409     INFO  main            d.u.i.k.p.i.AbstractProblemLoader Creating init config 
169232     DEBUG main            d.u.i.k.p.i.AbstractProblemLoader Init config took 2.82s 
169274     INFO  main            d.u.i.k.p.i.AbstractProblemLoader Replaying proof Recell[Recell::footprint()].JML model_behavior operation contract.0 
169276     DEBUG main            d.u.i.k.p.i.IntermediateProofReplayer Proof replay took 7.5ns 
169380     INFO  main            d.u.i.k.p.r.p.TestFile    ... finished proof: closed. 
169703     INFO  main            d.u.i.k.p.i.AbstractProblemLoader Loading environment from /home/runner/work/key/key/key.core/../key.ui/examples/heap/model_methods/Recell_Recell_footprint.key.proof 
169703     DEBUG main            d.u.i.k.p.i.AbstractProblemLoader Environment load took 129.3ns 
169704     INFO  main            d.u.i.k.p.i.AbstractProblemLoader Creating init config 
172476     DEBUG main            d.u.i.k.p.i.AbstractProblemLoader Init config took 2.77s 
172517     INFO  main            d.u.i.k.p.i.AbstractProblemLoader Replaying proof Recell[Recell::footprint()].JML model_behavior operation contract.0 
172520     DEBUG main            d.u.i.k.p.i.IntermediateProofReplayer Proof replay took 1.46ms 
172521     DEBUG main            d.u.i.k.p.r.p.TestFile    ... success: reloaded. 
172522     INFO  main            d.u.i.k.p.r.p.TestFile    Now processing file /home/runner/work/key/key/key.core/../key.ui/examples/heap/model_methods/Recell_Recell_post_set.key 
172522     INFO  main            d.u.i.k.p.i.AbstractProblemLoader Loading environment from /home/runner/work/key/key/key.core/../key.ui/examples/heap/model_methods/Recell_Recell_post_set.key 
172522     DEBUG main            d.u.i.k.p.i.AbstractProblemLoader Environment load took 256.41ns 
172523     INFO  main            d.u.i.k.p.i.AbstractProblemLoader Creating init config 
175268     DEBUG main            d.u.i.k.p.i.AbstractProblemLoader Init config took 2.74s 
175308     INFO  main            d.u.i.k.p.i.AbstractProblemLoader Replaying proof Recell[Recell::post_set(int)].JML model_behavior operation contract.0 
175310     DEBUG main            d.u.i.k.p.i.IntermediateProofReplayer Proof replay took 7ns 
175412     INFO  main            d.u.i.k.p.r.p.TestFile    ... finished proof: closed. 
175728     INFO  main            d.u.i.k.p.i.AbstractProblemLoader Loading environment from /home/runner/work/key/key/key.core/../key.ui/examples/heap/model_methods/Recell_Recell_post_set.key.proof 
175728     DEBUG main            d.u.i.k.p.i.AbstractProblemLoader Environment load took 114.1ns 
175729     INFO  main            d.u.i.k.p.i.AbstractProblemLoader Creating init config 
178484     DEBUG main            d.u.i.k.p.i.AbstractProblemLoader Init config took 2.75s 
178525     INFO  main            d.u.i.k.p.i.AbstractProblemLoader Replaying proof Recell[Recell::post_set(int)].JML model_behavior operation contract.0 
178529     DEBUG main            d.u.i.k.p.i.IntermediateProofReplayer Proof replay took 2.21ms 
178530     DEBUG main            d.u.i.k.p.r.p.TestFile    ... success: reloaded. 
178531     INFO  main            d.u.i.k.p.r.p.TestFile    Now processing file /home/runner/work/key/key/key.core/../key.ui/examples/heap/model_methods/Recell_set.key 
178531     INFO  main            d.u.i.k.p.i.AbstractProblemLoader Loading environment from /home/runner/work/key/key/key.core/../key.ui/examples/heap/model_methods/Recell_set.key 
178532     DEBUG main            d.u.i.k.p.i.AbstractProblemLoader Environment load took 184.11ns 
178532     INFO  main            d.u.i.k.p.i.AbstractProblemLoader Creating init config 
181414     DEBUG main            d.u.i.k.p.i.AbstractProblemLoader Init config took 2.88s 
181457     INFO  main            d.u.i.k.p.i.AbstractProblemLoader Replaying proof Recell[Cell::set(int)].JML operation contract.0 
181459     DEBUG main            d.u.i.k.p.i.IntermediateProofReplayer Proof replay took 8.1ns 
188460     INFO  main            d.u.i.k.p.r.p.TestFile    ... finished proof: closed. 
188818     INFO  main            d.u.i.k.p.i.AbstractProblemLoader Loading environment from /home/runner/work/key/key/key.core/../key.ui/examples/heap/model_methods/Recell_set.key.proof 
188818     DEBUG main            d.u.i.k.p.i.AbstractProblemLoader Environment load took 358.11ns 
188820     INFO  main            d.u.i.k.p.i.AbstractProblemLoader Creating init config 
191587     DEBUG main            d.u.i.k.p.i.AbstractProblemLoader Init config took 2.77s 
191628     INFO  main            d.u.i.k.p.i.AbstractProblemLoader Replaying proof Recell[Cell::set(int)].JML operation contract.0 
192054     DEBUG main            d.u.i.k.p.i.IntermediateProofReplayer Proof replay took 406.82ms 
192055     DEBUG main            d.u.i.k.p.r.p.TestFile    ... success: reloaded. 
192056     INFO  main            d.u.i.k.p.r.p.TestFile    Now processing file /home/runner/work/key/key/key.core/../key.ui/examples/heap/model_methods/Recell_undo.key 
192057     INFO  main            d.u.i.k.p.i.AbstractProblemLoader Loading environment from /home/runner/work/key/key/key.core/../key.ui/examples/heap/model_methods/Recell_undo.key 
192057     DEBUG main            d.u.i.k.p.i.AbstractProblemLoader Environment load took 190.51ns 
192058     INFO  main            d.u.i.k.p.i.AbstractProblemLoader Creating init config 
194883     DEBUG main            d.u.i.k.p.i.AbstractProblemLoader Init config took 2.83s 
194924     INFO  main            d.u.i.k.p.i.AbstractProblemLoader Replaying proof Recell[Recell::undo()].JML operation contract.0 
194925     DEBUG main            d.u.i.k.p.i.IntermediateProofReplayer Proof replay took 7.2ns 
195128     INFO  main            d.u.i.k.p.r.p.TestFile    ... finished proof: closed. 
195466     INFO  main            d.u.i.k.p.i.AbstractProblemLoader Loading environment from /home/runner/work/key/key/key.core/../key.ui/examples/heap/model_methods/Recell_undo.key.proof 
195466     DEBUG main            d.u.i.k.p.i.AbstractProblemLoader Environment load took 107.9ns 
195468     INFO  main            d.u.i.k.p.i.AbstractProblemLoader Creating init config 
198143     DEBUG main            d.u.i.k.p.i.AbstractProblemLoader Init config took 2.68s 
198185     INFO  main            d.u.i.k.p.i.AbstractProblemLoader Replaying proof Recell[Recell::undo()].JML operation contract.0 
198230     DEBUG main            d.u.i.k.p.i.IntermediateProofReplayer Proof replay took 42.26ms 
198231     DEBUG main            d.u.i.k.p.r.p.TestFile    ... success: reloaded. 
4628894    INFO  Test worker     d.u.i.k.p.r.RunAllProofsTestUnit Returning from test modelMethods 
4628895    INFO  Test worker     d.u.i.k.p.r.RunAllProofsTestUnit Running test permissionHeap 
433        INFO  Timeout watchdog d.u.i.k.p.r.p.ForkedTestFileRunner Timeout watcher launched (2000 secs.) 
449        WARN  main            d.u.i.k.s.ProofSettings   The settings in /home/runner/.key/proof-settings.props are *not* read. 
480        INFO  main            d.u.i.k.p.r.p.TestFile    Now processing file /home/runner/work/key/key/key.core/../key.ui/examples/heap/permissions/permissions_method0.key 
615        INFO  main            d.u.i.k.p.i.AbstractProblemLoader Loading environment from /home/runner/work/key/key/key.core/../key.ui/examples/heap/permissions/permissions_method0.key 
644        DEBUG main            d.u.i.k.p.i.AbstractProblemLoader Environment load took 2.18ms 
897        INFO  main            d.u.i.k.p.i.AbstractProblemLoader Creating init config 
1908       DEBUG main            d.u.i.k.j.TypeConverter   No LDT found for Meta 
1911       DEBUG main            d.u.i.k.j.TypeConverter   No LDT found for Meta 
1915       DEBUG main            d.u.i.k.j.TypeConverter   No LDT found for Meta 
1915       DEBUG main            d.u.i.k.j.TypeConverter   No LDT found for Meta 
3372       DEBUG main            d.u.i.k.j.TypeConverter   No LDT found for JavaBigintExpression 
9035       DEBUG main            d.u.i.k.p.i.AbstractProblemLoader Init config took 8.14s 
9249       INFO  main            d.u.i.k.p.i.AbstractProblemLoader Replaying proof MyClass[MyClass::method0()].JML normal_behavior operation contract.0 
9288       DEBUG main            d.u.i.k.p.i.IntermediateProofReplayer Proof replay took 30.5ns 
10457      INFO  main            d.u.i.k.p.r.p.TestFile    ... finished proof: closed. 
10625      INFO  main            d.u.i.k.p.i.AbstractProblemLoader Loading environment from /home/runner/work/key/key/key.core/../key.ui/examples/heap/permissions/permissions_method0.key.proof 
10626      DEBUG main            d.u.i.k.p.i.AbstractProblemLoader Environment load took 889.93ns 
10629      INFO  main            d.u.i.k.p.i.AbstractProblemLoader Creating init config 
13744      DEBUG main            d.u.i.k.p.i.AbstractProblemLoader Init config took 3.12s 
13828      INFO  main            d.u.i.k.p.i.AbstractProblemLoader Replaying proof MyClass[MyClass::method0()].JML normal_behavior operation contract.0 
13927      DEBUG main            d.u.i.k.p.i.IntermediateProofReplayer Proof replay took 92.61ms 
13934      DEBUG main            d.u.i.k.p.r.p.TestFile    ... success: reloaded. 
13936      INFO  main            d.u.i.k.p.r.p.TestFile    Now processing file /home/runner/work/key/key/key.core/../key.ui/examples/heap/permissions/permissions_method1.key 
13936      INFO  main            d.u.i.k.p.i.AbstractProblemLoader Loading environment from /home/runner/work/key/key/key.core/../key.ui/examples/heap/permissions/permissions_method1.key 
13936      DEBUG main            d.u.i.k.p.i.AbstractProblemLoader Environment load took 229.81ns 
13938      INFO  main            d.u.i.k.p.i.AbstractProblemLoader Creating init config 
17022      DEBUG main            d.u.i.k.p.i.AbstractProblemLoader Init config took 3.08s 
17118      INFO  main            d.u.i.k.p.i.AbstractProblemLoader Replaying proof MyClass[MyClass::method1()].JML normal_behavior operation contract.0 
17126      DEBUG main            d.u.i.k.p.i.IntermediateProofReplayer Proof replay took 7.2ns 
17532      INFO  main            d.u.i.k.p.r.p.TestFile    ... finished proof: closed. 
17690      INFO  main            d.u.i.k.p.i.AbstractProblemLoader Loading environment from /home/runner/work/key/key/key.core/../key.ui/examples/heap/permissions/permissions_method1.key.proof 
17690      DEBUG main            d.u.i.k.p.i.AbstractProblemLoader Environment load took 608.32ns 
17692      INFO  main            d.u.i.k.p.i.AbstractProblemLoader Creating init config 
20741      DEBUG main            d.u.i.k.p.i.AbstractProblemLoader Init config took 3.05s 
20809      INFO  main            d.u.i.k.p.i.AbstractProblemLoader Replaying proof MyClass[MyClass::method1()].JML normal_behavior operation contract.0 
20865      DEBUG main            d.u.i.k.p.i.IntermediateProofReplayer Proof replay took 52.32ms 
20866      DEBUG main            d.u.i.k.p.r.p.TestFile    ... success: reloaded. 
20868      INFO  main            d.u.i.k.p.r.p.TestFile    Now processing file /home/runner/work/key/key/key.core/../key.ui/examples/heap/permissions/permissions_method3.key 
20868      INFO  main            d.u.i.k.p.i.AbstractProblemLoader Loading environment from /home/runner/work/key/key/key.core/../key.ui/examples/heap/permissions/permissions_method3.key 
20869      DEBUG main            d.u.i.k.p.i.AbstractProblemLoader Environment load took 213.01ns 
20870      INFO  main            d.u.i.k.p.i.AbstractProblemLoader Creating init config 
23837      DEBUG main            d.u.i.k.p.i.AbstractProblemLoader Init config took 2.97s 
23891      INFO  main            d.u.i.k.p.i.AbstractProblemLoader Replaying proof MyClass[MyClass::method3()].JML normal_behavior operation contract.0 
23893      DEBUG main            d.u.i.k.p.i.IntermediateProofReplayer Proof replay took 6.8ns 
25308      INFO  main            d.u.i.k.p.r.p.TestFile    ... finished proof: closed. 
25485      INFO  main            d.u.i.k.p.i.AbstractProblemLoader Loading environment from /home/runner/work/key/key/key.core/../key.ui/examples/heap/permissions/permissions_method3.key.proof 
25489      DEBUG main            d.u.i.k.p.i.AbstractProblemLoader Environment load took 3.08ms 
25490      INFO  main            d.u.i.k.p.i.AbstractProblemLoader Creating init config 
28418      DEBUG main            d.u.i.k.p.i.AbstractProblemLoader Init config took 2.93s 
28479      INFO  main            d.u.i.k.p.i.AbstractProblemLoader Replaying proof MyClass[MyClass::method3()].JML normal_behavior operation contract.0 
28669      DEBUG main            d.u.i.k.p.i.IntermediateProofReplayer Proof replay took 182.92ms 
28670      DEBUG main            d.u.i.k.p.r.p.TestFile    ... success: reloaded. 
28672      INFO  main            d.u.i.k.p.r.p.TestFile    Now processing file /home/runner/work/key/key/key.core/../key.ui/examples/heap/permissions/permissions_setAB.key 
28672      INFO  main            d.u.i.k.p.i.AbstractProblemLoader Loading environment from /home/runner/work/key/key/key.core/../key.ui/examples/heap/permissions/permissions_setAB.key 
28672      DEBUG main            d.u.i.k.p.i.AbstractProblemLoader Environment load took 226.01ns 
28674      INFO  main            d.u.i.k.p.i.AbstractProblemLoader Creating init config 
31590      DEBUG main            d.u.i.k.p.i.AbstractProblemLoader Init config took 2.92s 
31640      INFO  main            d.u.i.k.p.i.AbstractProblemLoader Replaying proof MyClass[MyClass::setAB()].JML normal_behavior operation contract.0 
31643      DEBUG main            d.u.i.k.p.i.IntermediateProofReplayer Proof replay took 7.4ns 
33167      INFO  main            d.u.i.k.p.r.p.TestFile    ... finished proof: closed. 
33381      INFO  main            d.u.i.k.p.i.AbstractProblemLoader Loading environment from /home/runner/work/key/key/key.core/../key.ui/examples/heap/permissions/permissions_setAB.key.proof 
33382      DEBUG main            d.u.i.k.p.i.AbstractProblemLoader Environment load took 383.71ns 
33383      INFO  main            d.u.i.k.p.i.AbstractProblemLoader Creating init config 
36170      DEBUG main            d.u.i.k.p.i.AbstractProblemLoader Init config took 2.79s 
36220      INFO  main            d.u.i.k.p.i.AbstractProblemLoader Replaying proof MyClass[MyClass::setAB()].JML normal_behavior operation contract.0 
36374      DEBUG main            d.u.i.k.p.i.IntermediateProofReplayer Proof replay took 148.97ms 
36376      DEBUG main            d.u.i.k.p.r.p.TestFile    ... success: reloaded. 
36377      INFO  main            d.u.i.k.p.r.p.TestFile    Now processing file /home/runner/work/key/key/key.core/../key.ui/examples/heap/permissions/permissionProperties.key 
36378      INFO  main            d.u.i.k.p.i.AbstractProblemLoader Loading environment from /home/runner/work/key/key/key.core/../key.ui/examples/heap/permissions/permissionProperties.key 
36378      DEBUG main            d.u.i.k.p.i.AbstractProblemLoader Environment load took 229.11ns 
36380      INFO  main            d.u.i.k.p.i.AbstractProblemLoader Creating init config 
36512      DEBUG main            d.u.i.k.j.TypeConverter   No LDT found for Meta 
36512      DEBUG main            d.u.i.k.j.TypeConverter   No LDT found for Meta 
36513      DEBUG main            d.u.i.k.j.TypeConverter   No LDT found for Meta 
36513      DEBUG main            d.u.i.k.j.TypeConverter   No LDT found for Meta 
37159      DEBUG main            d.u.i.k.j.TypeConverter   No LDT found for JavaBigintExpression 
40060      DEBUG main            d.u.i.k.p.i.AbstractProblemLoader Init config took 3.68s 
40082      INFO  main            d.u.i.k.p.i.AbstractProblemLoader Replaying proof permissionProperties.key 
40084      DEBUG main            d.u.i.k.p.i.IntermediateProofReplayer Proof replay took 6.9ns 
40189      INFO  main            d.u.i.k.p.r.p.TestFile    ... finished proof: closed. 
40365      INFO  main            d.u.i.k.p.i.AbstractProblemLoader Loading environment from /home/runner/work/key/key/key.core/../key.ui/examples/heap/permissions/permissionProperties.key.proof 
40365      DEBUG main            d.u.i.k.p.i.AbstractProblemLoader Environment load took 485.72ns 
40367      INFO  main            d.u.i.k.p.i.AbstractProblemLoader Creating init config 
43052      DEBUG main            d.u.i.k.p.i.AbstractProblemLoader Init config took 2.68s 
43073      INFO  main            d.u.i.k.p.i.AbstractProblemLoader Replaying proof permissionProperties.key.proof 
43089      DEBUG main            d.u.i.k.p.i.IntermediateProofReplayer Proof replay took 12.77ms 
43090      DEBUG main            d.u.i.k.p.r.p.TestFile    ... success: reloaded. 
43091      INFO  main            d.u.i.k.p.r.p.TestFile    Now processing file /home/runner/work/key/key/key.core/../key.ui/examples/heap/permissions/threads/AFilter_AFilter.key 
43092      INFO  main            d.u.i.k.p.i.AbstractProblemLoader Loading environment from /home/runner/work/key/key/key.core/../key.ui/examples/heap/permissions/threads/AFilter_AFilter.key 
43092      DEBUG main            d.u.i.k.p.i.AbstractProblemLoader Environment load took 213.01ns 
43093      INFO  main            d.u.i.k.p.i.AbstractProblemLoader Creating init config 
43235      DEBUG main            d.u.i.k.j.TypeConverter   No LDT found for Meta 
43236      DEBUG main            d.u.i.k.j.TypeConverter   No LDT found for Meta 
43237      DEBUG main            d.u.i.k.j.TypeConverter   No LDT found for Meta 
43237      DEBUG main            d.u.i.k.j.TypeConverter   No LDT found for Meta 
43928      DEBUG main            d.u.i.k.j.TypeConverter   No LDT found for JavaBigintExpression 
49811      DEBUG main            d.u.i.k.p.i.AbstractProblemLoader Init config took 6.72s 
49939      INFO  main            d.u.i.k.p.i.AbstractProblemLoader Replaying proof AFilter[AFilter::AFilter(Sampler,Buffer)].JML normal_behavior operation contract.0 
49942      DEBUG main            d.u.i.k.p.i.IntermediateProofReplayer Proof replay took 7.7ns 
51047      INFO  main            d.u.i.k.p.r.p.TestFile    ... finished proof: closed. 
51383      INFO  main            d.u.i.k.p.i.AbstractProblemLoader Loading environment from /home/runner/work/key/key/key.core/../key.ui/examples/heap/permissions/threads/AFilter_AFilter.key.proof 
51384      DEBUG main            d.u.i.k.p.i.AbstractProblemLoader Environment load took 366.91ns 
51385      INFO  main            d.u.i.k.p.i.AbstractProblemLoader Creating init config 
56483      DEBUG main            d.u.i.k.p.i.AbstractProblemLoader Init config took 5.1s 
56613      INFO  main            d.u.i.k.p.i.AbstractProblemLoader Replaying proof AFilter[AFilter::AFilter(Sampler,Buffer)].JML normal_behavior operation contract.0 
56743      DEBUG main            d.u.i.k.p.i.IntermediateProofReplayer Proof replay took 125.86ms 
56745      DEBUG main            d.u.i.k.p.r.p.TestFile    ... success: reloaded. 
56746      INFO  main            d.u.i.k.p.r.p.TestFile    Now processing file /home/runner/work/key/key/key.core/../key.ui/examples/heap/permissions/threads/AFilter_initPost_accessible.key 
56746      INFO  main            d.u.i.k.p.i.AbstractProblemLoader Loading environment from /home/runner/work/key/key/key.core/../key.ui/examples/heap/permissions/threads/AFilter_initPost_accessible.key 
56747      DEBUG main            d.u.i.k.p.i.AbstractProblemLoader Environment load took 190.41ns 
56748      INFO  main            d.u.i.k.p.i.AbstractProblemLoader Creating init config 
61834      DEBUG main            d.u.i.k.p.i.AbstractProblemLoader Init config took 5.09s 
61942      INFO  main            d.u.i.k.p.i.AbstractProblemLoader Replaying proof AFilter[ThreadSpec2::initPost()].JML accessible clause.0 
61944      DEBUG main            d.u.i.k.p.i.IntermediateProofReplayer Proof replay took 7.9ns 
62046      INFO  main            d.u.i.k.p.r.p.TestFile    ... finished proof: closed. 
62356      INFO  main            d.u.i.k.p.i.AbstractProblemLoader Loading environment from /home/runner/work/key/key/key.core/../key.ui/examples/heap/permissions/threads/AFilter_initPost_accessible.key.proof 
62357      DEBUG main            d.u.i.k.p.i.AbstractProblemLoader Environment load took 146.91ns 
62358      INFO  main            d.u.i.k.p.i.AbstractProblemLoader Creating init config 
67438      DEBUG main            d.u.i.k.p.i.AbstractProblemLoader Init config took 5.08s 
67542      INFO  main            d.u.i.k.p.i.AbstractProblemLoader Replaying proof AFilter[ThreadSpec2::initPost()].JML accessible clause.0 
67554      DEBUG main            d.u.i.k.p.i.IntermediateProofReplayer Proof replay took 10.23ms 
67555      DEBUG main            d.u.i.k.p.r.p.TestFile    ... success: reloaded. 
67556      INFO  main            d.u.i.k.p.r.p.TestFile    Now processing file /home/runner/work/key/key/key.core/../key.ui/examples/heap/permissions/threads/AFilter_inv_accessible1.key 
67556      INFO  main            d.u.i.k.p.i.AbstractProblemLoader Loading environment from /home/runner/work/key/key/key.core/../key.ui/examples/heap/permissions/threads/AFilter_inv_accessible1.key 
67557      DEBUG main            d.u.i.k.p.i.AbstractProblemLoader Environment load took 126.61ns 
67558      INFO  main            d.u.i.k.p.i.AbstractProblemLoader Creating init config 
72516      DEBUG main            d.u.i.k.p.i.AbstractProblemLoader Init config took 4.96s 
72619      INFO  main            d.u.i.k.p.i.AbstractProblemLoader Replaying proof AFilter[java.lang.Object::<inv>()].JML accessible clause.0 
72621      DEBUG main            d.u.i.k.p.i.IntermediateProofReplayer Proof replay took 7ns 
72723      INFO  main            d.u.i.k.p.r.p.TestFile    ... finished proof: closed. 
72958      INFO  main            d.u.i.k.p.i.AbstractProblemLoader Loading environment from /home/runner/work/key/key/key.core/../key.ui/examples/heap/permissions/threads/AFilter_inv_accessible1.key.proof 
72958      DEBUG main            d.u.i.k.p.i.AbstractProblemLoader Environment load took 155.41ns 
72960      INFO  main            d.u.i.k.p.i.AbstractProblemLoader Creating init config 
77971      DEBUG main            d.u.i.k.p.i.AbstractProblemLoader Init config took 5.01s 
78092      INFO  main            d.u.i.k.p.i.AbstractProblemLoader Replaying proof AFilter[java.lang.Object::<inv>()].JML accessible clause.0 
78096      DEBUG main            d.u.i.k.p.i.IntermediateProofReplayer Proof replay took 2.24ms 
78097      DEBUG main            d.u.i.k.p.r.p.TestFile    ... success: reloaded. 
78098      INFO  main            d.u.i.k.p.r.p.TestFile    Now processing file /home/runner/work/key/key/key.core/../key.ui/examples/heap/permissions/threads/AFilter_inv_accessible2.key 
78098      INFO  main            d.u.i.k.p.i.AbstractProblemLoader Loading environment from /home/runner/work/key/key/key.core/../key.ui/examples/heap/permissions/threads/AFilter_inv_accessible2.key 
78098      DEBUG main            d.u.i.k.p.i.AbstractProblemLoader Environment load took 101.21ns 
78099      INFO  main            d.u.i.k.p.i.AbstractProblemLoader Creating init config 
83175      DEBUG main            d.u.i.k.p.i.AbstractProblemLoader Init config took 5.07s 
83276      INFO  main            d.u.i.k.p.i.AbstractProblemLoader Replaying proof AFilter[java.lang.Object::<inv>()].JML accessible clause.1 
83278      DEBUG main            d.u.i.k.p.i.IntermediateProofReplayer Proof replay took 6.1ns 
83380      INFO  main            d.u.i.k.p.r.p.TestFile    ... finished proof: closed. 
83623      INFO  main            d.u.i.k.p.i.AbstractProblemLoader Loading environment from /home/runner/work/key/key/key.core/../key.ui/examples/heap/permissions/threads/AFilter_inv_accessible2.key.proof 
83627      DEBUG main            d.u.i.k.p.i.AbstractProblemLoader Environment load took 147.41ns 
83628      INFO  main            d.u.i.k.p.i.AbstractProblemLoader Creating init config 
88604      DEBUG main            d.u.i.k.p.i.AbstractProblemLoader Init config took 4.98s 
88707      INFO  main            d.u.i.k.p.i.AbstractProblemLoader Replaying proof AFilter[java.lang.Object::<inv>()].JML accessible clause.1 
88710      DEBUG main            d.u.i.k.p.i.IntermediateProofReplayer Proof replay took 2.12ms 
88712      DEBUG main            d.u.i.k.p.r.p.TestFile    ... success: reloaded. 
88713      INFO  main            d.u.i.k.p.r.p.TestFile    Now processing file /home/runner/work/key/key/key.core/../key.ui/examples/heap/permissions/threads/AFilter_joinTransfer_accessible.key 
88713      INFO  main            d.u.i.k.p.i.AbstractProblemLoader Loading environment from /home/runner/work/key/key/key.core/../key.ui/examples/heap/permissions/threads/AFilter_joinTransfer_accessible.key 
88713      DEBUG main            d.u.i.k.p.i.AbstractProblemLoader Environment load took 108.81ns 
88714      INFO  main            d.u.i.k.p.i.AbstractProblemLoader Creating init config 
93655      DEBUG main            d.u.i.k.p.i.AbstractProblemLoader Init config took 4.94s 
93754      INFO  main            d.u.i.k.p.i.AbstractProblemLoader Replaying proof AFilter[ThreadSpec2::joinTransfer()].JML accessible clause.0 
93756      DEBUG main            d.u.i.k.p.i.IntermediateProofReplayer Proof replay took 7.7ns 
97468      INFO  main            d.u.i.k.p.r.p.TestFile    ... finished proof: closed. 
97743      INFO  main            d.u.i.k.p.i.AbstractProblemLoader Loading environment from /home/runner/work/key/key/key.core/../key.ui/examples/heap/permissions/threads/AFilter_joinTransfer_accessible.key.proof 
97747      DEBUG main            d.u.i.k.p.i.AbstractProblemLoader Environment load took 3.98ms 
97748      INFO  main            d.u.i.k.p.i.AbstractProblemLoader Creating init config 
102659     DEBUG main            d.u.i.k.p.i.AbstractProblemLoader Init config took 4.91s 
102759     INFO  main            d.u.i.k.p.i.AbstractProblemLoader Replaying proof AFilter[ThreadSpec2::joinTransfer()].JML accessible clause.0 
103054     DEBUG main            d.u.i.k.p.i.IntermediateProofReplayer Proof replay took 284.32ms 
103056     DEBUG main            d.u.i.k.p.r.p.TestFile    ... success: reloaded. 
103057     INFO  main            d.u.i.k.p.r.p.TestFile    Now processing file /home/runner/work/key/key/key.core/../key.ui/examples/heap/permissions/threads/AFilter_joinTransfer_contract.key 
103058     INFO  main            d.u.i.k.p.i.AbstractProblemLoader Loading environment from /home/runner/work/key/key/key.core/../key.ui/examples/heap/permissions/threads/AFilter_joinTransfer_contract.key 
103058     DEBUG main            d.u.i.k.p.i.AbstractProblemLoader Environment load took 202.41ns 
103059     INFO  main            d.u.i.k.p.i.AbstractProblemLoader Creating init config 
108008     DEBUG main            d.u.i.k.p.i.AbstractProblemLoader Init config took 4.95s 
108109     INFO  main            d.u.i.k.p.i.AbstractProblemLoader Replaying proof AFilter[ThreadSpec2::joinTransfer()].JML model_behavior operation contract.0 
108111     DEBUG main            d.u.i.k.p.i.IntermediateProofReplayer Proof replay took 9.4ns 
108216     INFO  main            d.u.i.k.p.r.p.TestFile    ... finished proof: closed. 
108472     INFO  main            d.u.i.k.p.i.AbstractProblemLoader Loading environment from /home/runner/work/key/key/key.core/../key.ui/examples/heap/permissions/threads/AFilter_joinTransfer_contract.key.proof 
108472     DEBUG main            d.u.i.k.p.i.AbstractProblemLoader Environment load took 140.21ns 
108473     INFO  main            d.u.i.k.p.i.AbstractProblemLoader Creating init config 
113466     DEBUG main            d.u.i.k.p.i.AbstractProblemLoader Init config took 4.99s 
113577     INFO  main            d.u.i.k.p.i.AbstractProblemLoader Replaying proof AFilter[ThreadSpec2::joinTransfer()].JML model_behavior operation contract.0 
113586     DEBUG main            d.u.i.k.p.i.IntermediateProofReplayer Proof replay took 7.6ms 
113587     DEBUG main            d.u.i.k.p.r.p.TestFile    ... success: reloaded. 
113589     INFO  main            d.u.i.k.p.r.p.TestFile    Now processing file /home/runner/work/key/key/key.core/../key.ui/examples/heap/permissions/threads/AFilter_postJoin_accessible.key 
113589     INFO  main            d.u.i.k.p.i.AbstractProblemLoader Loading environment from /home/runner/work/key/key/key.core/../key.ui/examples/heap/permissions/threads/AFilter_postJoin_accessible.key 
113589     DEBUG main            d.u.i.k.p.i.AbstractProblemLoader Environment load took 143.71ns 
113590     INFO  main            d.u.i.k.p.i.AbstractProblemLoader Creating init config 
118625     DEBUG main            d.u.i.k.p.i.AbstractProblemLoader Init config took 5.04s 
118719     INFO  main            d.u.i.k.p.i.AbstractProblemLoader Replaying proof AFilter[ThreadSpec2::postJoin(java.lang.Object)].JML accessible clause.0 
118721     DEBUG main            d.u.i.k.p.i.IntermediateProofReplayer Proof replay took 7.9ns 
118823     INFO  main            d.u.i.k.p.r.p.TestFile    ... finished proof: closed. 
119088     INFO  main            d.u.i.k.p.i.AbstractProblemLoader Loading environment from /home/runner/work/key/key/key.core/../key.ui/examples/heap/permissions/threads/AFilter_postJoin_accessible.key.proof 
119088     DEBUG main            d.u.i.k.p.i.AbstractProblemLoader Environment load took 134.61ns 
119089     INFO  main            d.u.i.k.p.i.AbstractProblemLoader Creating init config 
124041     DEBUG main            d.u.i.k.p.i.AbstractProblemLoader Init config took 4.95s 
124142     INFO  main            d.u.i.k.p.i.AbstractProblemLoader Replaying proof AFilter[ThreadSpec2::postJoin(java.lang.Object)].JML accessible clause.0 
124156     DEBUG main            d.u.i.k.p.i.IntermediateProofReplayer Proof replay took 8.32ms 
124157     DEBUG main            d.u.i.k.p.r.p.TestFile    ... success: reloaded. 
124159     INFO  main            d.u.i.k.p.r.p.TestFile    Now processing file /home/runner/work/key/key/key.core/../key.ui/examples/heap/permissions/threads/AFilter_preStart_accessible.key 
124159     INFO  main            d.u.i.k.p.i.AbstractProblemLoader Loading environment from /home/runner/work/key/key/key.core/../key.ui/examples/heap/permissions/threads/AFilter_preStart_accessible.key 
124159     DEBUG main            d.u.i.k.p.i.AbstractProblemLoader Environment load took 206.11ns 
124165     INFO  main            d.u.i.k.p.i.AbstractProblemLoader Creating init config 
129272     DEBUG main            d.u.i.k.p.i.AbstractProblemLoader Init config took 5.11s 
129368     INFO  main            d.u.i.k.p.i.AbstractProblemLoader Replaying proof AFilter[ThreadSpec2::preStart(java.lang.Object)].JML accessible clause.0 
129370     DEBUG main            d.u.i.k.p.i.IntermediateProofReplayer Proof replay took 8.6ns 
129674     INFO  main            d.u.i.k.p.r.p.TestFile    ... finished proof: closed. 
129958     INFO  main            d.u.i.k.p.i.AbstractProblemLoader Loading environment from /home/runner/work/key/key/key.core/../key.ui/examples/heap/permissions/threads/AFilter_preStart_accessible.key.proof 
129959     DEBUG main            d.u.i.k.p.i.AbstractProblemLoader Environment load took 384.42ns 
129960     INFO  main            d.u.i.k.p.i.AbstractProblemLoader Creating init config 
134847     DEBUG main            d.u.i.k.p.i.AbstractProblemLoader Init config took 4.89s 
134961     INFO  main            d.u.i.k.p.i.AbstractProblemLoader Replaying proof AFilter[ThreadSpec2::preStart(java.lang.Object)].JML accessible clause.0 
135002     DEBUG main            d.u.i.k.p.i.IntermediateProofReplayer Proof replay took 32.38ms 
135003     DEBUG main            d.u.i.k.p.r.p.TestFile    ... success: reloaded. 
135005     INFO  main            d.u.i.k.p.r.p.TestFile    Now processing file /home/runner/work/key/key/key.core/../key.ui/examples/heap/permissions/threads/AFilter_startTransfer_accessible.key 
135005     INFO  main            d.u.i.k.p.i.AbstractProblemLoader Loading environment from /home/runner/work/key/key/key.core/../key.ui/examples/heap/permissions/threads/AFilter_startTransfer_accessible.key 
135005     DEBUG main            d.u.i.k.p.i.AbstractProblemLoader Environment load took 103.7ns 
135006     INFO  main            d.u.i.k.p.i.AbstractProblemLoader Creating init config 
140140     DEBUG main            d.u.i.k.p.i.AbstractProblemLoader Init config took 5.13s 
140237     INFO  main            d.u.i.k.p.i.AbstractProblemLoader Replaying proof AFilter[ThreadSpec2::startTransfer()].JML accessible clause.0 
140239     DEBUG main            d.u.i.k.p.i.IntermediateProofReplayer Proof replay took 8.7ns 
147065     INFO  main            d.u.i.k.p.r.p.TestFile    ... finished proof: closed. 
147370     INFO  main            d.u.i.k.p.i.AbstractProblemLoader Loading environment from /home/runner/work/key/key/key.core/../key.ui/examples/heap/permissions/threads/AFilter_startTransfer_accessible.key.proof 
147370     DEBUG main            d.u.i.k.p.i.AbstractProblemLoader Environment load took 211.81ns 
147371     INFO  main            d.u.i.k.p.i.AbstractProblemLoader Creating init config 
152350     DEBUG main            d.u.i.k.p.i.AbstractProblemLoader Init config took 4.98s 
152460     INFO  main            d.u.i.k.p.i.AbstractProblemLoader Replaying proof AFilter[ThreadSpec2::startTransfer()].JML accessible clause.0 
152840     DEBUG main            d.u.i.k.p.i.IntermediateProofReplayer Proof replay took 365.29ms 
152841     DEBUG main            d.u.i.k.p.r.p.TestFile    ... success: reloaded. 
152842     INFO  main            d.u.i.k.p.r.p.TestFile    Now processing file /home/runner/work/key/key/key.core/../key.ui/examples/heap/permissions/threads/AFilter_startTransfer_contract.key 
152842     INFO  main            d.u.i.k.p.i.AbstractProblemLoader Loading environment from /home/runner/work/key/key/key.core/../key.ui/examples/heap/permissions/threads/AFilter_startTransfer_contract.key 
152843     DEBUG main            d.u.i.k.p.i.AbstractProblemLoader Environment load took 109.91ns 
152844     INFO  main            d.u.i.k.p.i.AbstractProblemLoader Creating init config 
157951     DEBUG main            d.u.i.k.p.i.AbstractProblemLoader Init config took 5.11s 
158065     INFO  main            d.u.i.k.p.i.AbstractProblemLoader Replaying proof AFilter[ThreadSpec2::startTransfer()].JML model_behavior operation contract.0 
158066     DEBUG main            d.u.i.k.p.i.IntermediateProofReplayer Proof replay took 7.4ns 
158471     INFO  main            d.u.i.k.p.r.p.TestFile    ... finished proof: closed. 
158765     INFO  main            d.u.i.k.p.i.AbstractProblemLoader Loading environment from /home/runner/work/key/key/key.core/../key.ui/examples/heap/permissions/threads/AFilter_startTransfer_contract.key.proof 
158766     DEBUG main            d.u.i.k.p.i.AbstractProblemLoader Environment load took 374.32ns 
158767     INFO  main            d.u.i.k.p.i.AbstractProblemLoader Creating init config 
163774     DEBUG main            d.u.i.k.p.i.AbstractProblemLoader Init config took 5.01s 
163871     INFO  main            d.u.i.k.p.i.AbstractProblemLoader Replaying proof AFilter[ThreadSpec2::startTransfer()].JML model_behavior operation contract.0 
163918     DEBUG main            d.u.i.k.p.i.IntermediateProofReplayer Proof replay took 42.32ms 
163919     DEBUG main            d.u.i.k.p.r.p.TestFile    ... success: reloaded. 
163920     INFO  main            d.u.i.k.p.r.p.TestFile    Now processing file /home/runner/work/key/key/key.core/../key.ui/examples/heap/permissions/threads/AFilter_stateInv_accessible.key 
163920     INFO  main            d.u.i.k.p.i.AbstractProblemLoader Loading environment from /home/runner/work/key/key/key.core/../key.ui/examples/heap/permissions/threads/AFilter_stateInv_accessible.key 
163921     DEBUG main            d.u.i.k.p.i.AbstractProblemLoader Environment load took 94ns 
163921     INFO  main            d.u.i.k.p.i.AbstractProblemLoader Creating init config 
168946     DEBUG main            d.u.i.k.p.i.AbstractProblemLoader Init config took 5.02s 
169058     INFO  main            d.u.i.k.p.i.AbstractProblemLoader Replaying proof AFilter[ThreadSpec2::stateInv()].JML accessible clause.0 
169061     DEBUG main            d.u.i.k.p.i.IntermediateProofReplayer Proof replay took 7.6ns 
169364     INFO  main            d.u.i.k.p.r.p.TestFile    ... finished proof: closed. 
169663     INFO  main            d.u.i.k.p.i.AbstractProblemLoader Loading environment from /home/runner/work/key/key/key.core/../key.ui/examples/heap/permissions/threads/AFilter_stateInv_accessible.key.proof 
169663     DEBUG main            d.u.i.k.p.i.AbstractProblemLoader Environment load took 128.51ns 
169664     INFO  main            d.u.i.k.p.i.AbstractProblemLoader Creating init config 
174535     DEBUG main            d.u.i.k.p.i.AbstractProblemLoader Init config took 4.87s 
174627     INFO  main            d.u.i.k.p.i.AbstractProblemLoader Replaying proof AFilter[ThreadSpec2::stateInv()].JML accessible clause.0 
174660     DEBUG main            d.u.i.k.p.i.IntermediateProofReplayer Proof replay took 29.15ms 
174661     DEBUG main            d.u.i.k.p.r.p.TestFile    ... success: reloaded. 
174662     INFO  main            d.u.i.k.p.r.p.TestFile    Now processing file /home/runner/work/key/key/key.core/../key.ui/examples/heap/permissions/threads/AFilter_staticPermissions_accessible.key 
174662     INFO  main            d.u.i.k.p.i.AbstractProblemLoader Loading environment from /home/runner/work/key/key/key.core/../key.ui/examples/heap/permissions/threads/AFilter_staticPermissions_accessible.key 
174662     DEBUG main            d.u.i.k.p.i.AbstractProblemLoader Environment load took 105.4ns 
174663     INFO  main            d.u.i.k.p.i.AbstractProblemLoader Creating init config 
179671     DEBUG main            d.u.i.k.p.i.AbstractProblemLoader Init config took 5.01s 
179766     INFO  main            d.u.i.k.p.i.AbstractProblemLoader Replaying proof AFilter[ThreadSpec2::staticPermissions()].JML accessible clause.0 
179767     DEBUG main            d.u.i.k.p.i.IntermediateProofReplayer Proof replay took 7.4ns 
179869     INFO  main            d.u.i.k.p.r.p.TestFile    ... finished proof: closed. 
180166     INFO  main            d.u.i.k.p.i.AbstractProblemLoader Loading environment from /home/runner/work/key/key/key.core/../key.ui/examples/heap/permissions/threads/AFilter_staticPermissions_accessible.key.proof 
180166     DEBUG main            d.u.i.k.p.i.AbstractProblemLoader Environment load took 121.41ns 
180167     INFO  main            d.u.i.k.p.i.AbstractProblemLoader Creating init config 
185080     DEBUG main            d.u.i.k.p.i.AbstractProblemLoader Init config took 4.91s 
185173     INFO  main            d.u.i.k.p.i.AbstractProblemLoader Replaying proof AFilter[ThreadSpec2::staticPermissions()].JML accessible clause.0 
185182     DEBUG main            d.u.i.k.p.i.IntermediateProofReplayer Proof replay took 7.56ms 
185183     DEBUG main            d.u.i.k.p.r.p.TestFile    ... success: reloaded. 
185183     INFO  main            d.u.i.k.p.r.p.TestFile    Now processing file /home/runner/work/key/key/key.core/../key.ui/examples/heap/permissions/threads/AFilter_workingPermissions_accessible.key 
185184     INFO  main            d.u.i.k.p.i.AbstractProblemLoader Loading environment from /home/runner/work/key/key/key.core/../key.ui/examples/heap/permissions/threads/AFilter_workingPermissions_accessible.key 
185184     DEBUG main            d.u.i.k.p.i.AbstractProblemLoader Environment load took 99.11ns 
185185     INFO  main            d.u.i.k.p.i.AbstractProblemLoader Creating init config 
190204     DEBUG main            d.u.i.k.p.i.AbstractProblemLoader Init config took 5.02s 
190297     INFO  main            d.u.i.k.p.i.AbstractProblemLoader Replaying proof AFilter[ThreadSpec2::workingPermissions()].JML accessible clause.0 
190298     DEBUG main            d.u.i.k.p.i.IntermediateProofReplayer Proof replay took 7ns 
190401     INFO  main            d.u.i.k.p.r.p.TestFile    ... finished proof: closed. 
190707     INFO  main            d.u.i.k.p.i.AbstractProblemLoader Loading environment from /home/runner/work/key/key/key.core/../key.ui/examples/heap/permissions/threads/AFilter_workingPermissions_accessible.key.proof 
190708     DEBUG main            d.u.i.k.p.i.AbstractProblemLoader Environment load took 125ns 
190709     INFO  main            d.u.i.k.p.i.AbstractProblemLoader Creating init config 
195577     DEBUG main            d.u.i.k.p.i.AbstractProblemLoader Init config took 4.87s 
195675     INFO  main            d.u.i.k.p.i.AbstractProblemLoader Replaying proof AFilter[ThreadSpec2::workingPermissions()].JML accessible clause.0 
195684     DEBUG main            d.u.i.k.p.i.IntermediateProofReplayer Proof replay took 7.2ms 
195685     DEBUG main            d.u.i.k.p.r.p.TestFile    ... success: reloaded. 
195686     INFO  main            d.u.i.k.p.r.p.TestFile    Now processing file /home/runner/work/key/key/key.core/../key.ui/examples/heap/permissions/threads/BFilter_BFilter.key 
195686     INFO  main            d.u.i.k.p.i.AbstractProblemLoader Loading environment from /home/runner/work/key/key/key.core/../key.ui/examples/heap/permissions/threads/BFilter_BFilter.key 
195686     DEBUG main            d.u.i.k.p.i.AbstractProblemLoader Environment load took 55.2ns 
195687     INFO  main            d.u.i.k.p.i.AbstractProblemLoader Creating init config 
200747     DEBUG main            d.u.i.k.p.i.AbstractProblemLoader Init config took 5.06s 
200858     INFO  main            d.u.i.k.p.i.AbstractProblemLoader Replaying proof BFilter[BFilter::BFilter(Sampler,Buffer)].JML normal_behavior operation contract.0 
200860     DEBUG main            d.u.i.k.p.i.IntermediateProofReplayer Proof replay took 9ns 
201903     INFO  main            d.u.i.k.p.r.p.TestFile    ... finished proof: closed. 
202237     INFO  main            d.u.i.k.p.i.AbstractProblemLoader Loading environment from /home/runner/work/key/key/key.core/../key.ui/examples/heap/permissions/threads/BFilter_BFilter.key.proof 
202238     DEBUG main            d.u.i.k.p.i.AbstractProblemLoader Environment load took 754.34ns 
202239     INFO  main            d.u.i.k.p.i.AbstractProblemLoader Creating init config 
207156     DEBUG main            d.u.i.k.p.i.AbstractProblemLoader Init config took 4.92s 
207245     INFO  main            d.u.i.k.p.i.AbstractProblemLoader Replaying proof BFilter[BFilter::BFilter(Sampler,Buffer)].JML normal_behavior operation contract.0 
207360     DEBUG main            d.u.i.k.p.i.IntermediateProofReplayer Proof replay took 110.32ms 
207361     DEBUG main            d.u.i.k.p.r.p.TestFile    ... success: reloaded. 
207362     INFO  main            d.u.i.k.p.r.p.TestFile    Now processing file /home/runner/work/key/key/key.core/../key.ui/examples/heap/permissions/threads/BFilter_initPost_accessible.key 
207362     INFO  main            d.u.i.k.p.i.AbstractProblemLoader Loading environment from /home/runner/work/key/key/key.core/../key.ui/examples/heap/permissions/threads/BFilter_initPost_accessible.key 
207362     DEBUG main            d.u.i.k.p.i.AbstractProblemLoader Environment load took 127.61ns 
207363     INFO  main            d.u.i.k.p.i.AbstractProblemLoader Creating init config 
212346     DEBUG main            d.u.i.k.p.i.AbstractProblemLoader Init config took 4.98s 
212453     INFO  main            d.u.i.k.p.i.AbstractProblemLoader Replaying proof BFilter[ThreadSpec2::initPost()].JML accessible clause.0 
212455     DEBUG main            d.u.i.k.p.i.IntermediateProofReplayer Proof replay took 7.8ns 
212558     INFO  main            d.u.i.k.p.r.p.TestFile    ... finished proof: closed. 
212897     INFO  main            d.u.i.k.p.i.AbstractProblemLoader Loading environment from /home/runner/work/key/key/key.core/../key.ui/examples/heap/permissions/threads/BFilter_initPost_accessible.key.proof 
212897     DEBUG main            d.u.i.k.p.i.AbstractProblemLoader Environment load took 133.11ns 
212898     INFO  main            d.u.i.k.p.i.AbstractProblemLoader Creating init config 
217743     DEBUG main            d.u.i.k.p.i.AbstractProblemLoader Init config took 4.85s 
217839     INFO  main            d.u.i.k.p.i.AbstractProblemLoader Replaying proof BFilter[ThreadSpec2::initPost()].JML accessible clause.0 
217849     DEBUG main            d.u.i.k.p.i.IntermediateProofReplayer Proof replay took 8.62ms 
217850     DEBUG main            d.u.i.k.p.r.p.TestFile    ... success: reloaded. 
217851     INFO  main            d.u.i.k.p.r.p.TestFile    Now processing file /home/runner/work/key/key/key.core/../key.ui/examples/heap/permissions/threads/BFilter_inv_accessible1.key 
217852     INFO  main            d.u.i.k.p.i.AbstractProblemLoader Loading environment from /home/runner/work/key/key/key.core/../key.ui/examples/heap/permissions/threads/BFilter_inv_accessible1.key 
217852     DEBUG main            d.u.i.k.p.i.AbstractProblemLoader Environment load took 93.7ns 
217853     INFO  main            d.u.i.k.p.i.AbstractProblemLoader Creating init config 
222716     DEBUG main            d.u.i.k.p.i.AbstractProblemLoader Init config took 4.86s 
222811     INFO  main            d.u.i.k.p.i.AbstractProblemLoader Replaying proof BFilter[java.lang.Object::<inv>()].JML accessible clause.0 
222813     DEBUG main            d.u.i.k.p.i.IntermediateProofReplayer Proof replay took 7.4ns 
222914     INFO  main            d.u.i.k.p.r.p.TestFile    ... finished proof: closed. 
223247     INFO  main            d.u.i.k.p.i.AbstractProblemLoader Loading environment from /home/runner/work/key/key/key.core/../key.ui/examples/heap/permissions/threads/BFilter_inv_accessible1.key.proof 
223247     DEBUG main            d.u.i.k.p.i.AbstractProblemLoader Environment load took 121.31ns 
223248     INFO  main            d.u.i.k.p.i.AbstractProblemLoader Creating init config 
228054     DEBUG main            d.u.i.k.p.i.AbstractProblemLoader Init config took 4.81s 
228149     INFO  main            d.u.i.k.p.i.AbstractProblemLoader Replaying proof BFilter[java.lang.Object::<inv>()].JML accessible clause.0 
228152     DEBUG main            d.u.i.k.p.i.IntermediateProofReplayer Proof replay took 1.49ms 
228153     DEBUG main            d.u.i.k.p.r.p.TestFile    ... success: reloaded. 
228155     INFO  main            d.u.i.k.p.r.p.TestFile    Now processing file /home/runner/work/key/key/key.core/../key.ui/examples/heap/permissions/threads/BFilter_inv_accessible2.key 
228155     INFO  main            d.u.i.k.p.i.AbstractProblemLoader Loading environment from /home/runner/work/key/key/key.core/../key.ui/examples/heap/permissions/threads/BFilter_inv_accessible2.key 
228155     DEBUG main            d.u.i.k.p.i.AbstractProblemLoader Environment load took 88.6ns 
228156     INFO  main            d.u.i.k.p.i.AbstractProblemLoader Creating init config 
233084     DEBUG main            d.u.i.k.p.i.AbstractProblemLoader Init config took 4.93s 
233178     INFO  main            d.u.i.k.p.i.AbstractProblemLoader Replaying proof BFilter[java.lang.Object::<inv>()].JML accessible clause.1 
233186     DEBUG main            d.u.i.k.p.i.IntermediateProofReplayer Proof replay took 8ns 
233288     INFO  main            d.u.i.k.p.r.p.TestFile    ... finished proof: closed. 
233616     INFO  main            d.u.i.k.p.i.AbstractProblemLoader Loading environment from /home/runner/work/key/key/key.core/../key.ui/examples/heap/permissions/threads/BFilter_inv_accessible2.key.proof 
233616     DEBUG main            d.u.i.k.p.i.AbstractProblemLoader Environment load took 113.91ns 
233617     INFO  main            d.u.i.k.p.i.AbstractProblemLoader Creating init config 
238467     DEBUG main            d.u.i.k.p.i.AbstractProblemLoader Init config took 4.85s 
238561     INFO  main            d.u.i.k.p.i.AbstractProblemLoader Replaying proof BFilter[java.lang.Object::<inv>()].JML accessible clause.1 
238564     DEBUG main            d.u.i.k.p.i.IntermediateProofReplayer Proof replay took 1.54ms 
238565     DEBUG main            d.u.i.k.p.r.p.TestFile    ... success: reloaded. 
238566     INFO  main            d.u.i.k.p.r.p.TestFile    Now processing file /home/runner/work/key/key/key.core/../key.ui/examples/heap/permissions/threads/BFilter_joinTransfer_accessible.key 
238566     INFO  main            d.u.i.k.p.i.AbstractProblemLoader Loading environment from /home/runner/work/key/key/key.core/../key.ui/examples/heap/permissions/threads/BFilter_joinTransfer_accessible.key 
238566     DEBUG main            d.u.i.k.p.i.AbstractProblemLoader Environment load took 60.11ns 
238567     INFO  main            d.u.i.k.p.i.AbstractProblemLoader Creating init config 
243547     DEBUG main            d.u.i.k.p.i.AbstractProblemLoader Init config took 4.98s 
243639     INFO  main            d.u.i.k.p.i.AbstractProblemLoader Replaying proof BFilter[ThreadSpec2::joinTransfer()].JML accessible clause.0 
243642     DEBUG main            d.u.i.k.p.i.IntermediateProofReplayer Proof replay took 8.1ns 
247072     INFO  main            d.u.i.k.p.r.p.TestFile    ... finished proof: closed. 
247414     INFO  main            d.u.i.k.p.i.AbstractProblemLoader Loading environment from /home/runner/work/key/key/key.core/../key.ui/examples/heap/permissions/threads/BFilter_joinTransfer_accessible.key.proof 
247414     DEBUG main            d.u.i.k.p.i.AbstractProblemLoader Environment load took 345.16ns 
247415     INFO  main            d.u.i.k.p.i.AbstractProblemLoader Creating init config 
252337     DEBUG main            d.u.i.k.p.i.AbstractProblemLoader Init config took 4.92s 
252444     INFO  main            d.u.i.k.p.i.AbstractProblemLoader Replaying proof BFilter[ThreadSpec2::joinTransfer()].JML accessible clause.0 
252676     DEBUG main            d.u.i.k.p.i.IntermediateProofReplayer Proof replay took 222.34ms 
252677     DEBUG main            d.u.i.k.p.r.p.TestFile    ... success: reloaded. 
252678     INFO  main            d.u.i.k.p.r.p.TestFile    Now processing file /home/runner/work/key/key/key.core/../key.ui/examples/heap/permissions/threads/BFilter_joinTransfer_contract.key 
252678     INFO  main            d.u.i.k.p.i.AbstractProblemLoader Loading environment from /home/runner/work/key/key/key.core/../key.ui/examples/heap/permissions/threads/BFilter_joinTransfer_contract.key 
252679     DEBUG main            d.u.i.k.p.i.AbstractProblemLoader Environment load took 97.71ns 
252680     INFO  main            d.u.i.k.p.i.AbstractProblemLoader Creating init config 
257575     DEBUG main            d.u.i.k.p.i.AbstractProblemLoader Init config took 4.9s 
257672     INFO  main            d.u.i.k.p.i.AbstractProblemLoader Replaying proof BFilter[ThreadSpec2::joinTransfer()].JML model_behavior operation contract.0 
257673     DEBUG main            d.u.i.k.p.i.IntermediateProofReplayer Proof replay took 7.3ns 
257776     INFO  main            d.u.i.k.p.r.p.TestFile    ... finished proof: closed. 
258139     INFO  main            d.u.i.k.p.i.AbstractProblemLoader Loading environment from /home/runner/work/key/key/key.core/../key.ui/examples/heap/permissions/threads/BFilter_joinTransfer_contract.key.proof 
258139     DEBUG main            d.u.i.k.p.i.AbstractProblemLoader Environment load took 145.01ns 
258140     INFO  main            d.u.i.k.p.i.AbstractProblemLoader Creating init config 
263061     DEBUG main            d.u.i.k.p.i.AbstractProblemLoader Init config took 4.92s 
263164     INFO  main            d.u.i.k.p.i.AbstractProblemLoader Replaying proof BFilter[ThreadSpec2::joinTransfer()].JML model_behavior operation contract.0 
263174     DEBUG main            d.u.i.k.p.i.IntermediateProofReplayer Proof replay took 7.61ms 
263175     DEBUG main            d.u.i.k.p.r.p.TestFile    ... success: reloaded. 
263177     INFO  main            d.u.i.k.p.r.p.TestFile    Now processing file /home/runner/work/key/key/key.core/../key.ui/examples/heap/permissions/threads/BFilter_postJoin_accessible.key 
263177     INFO  main            d.u.i.k.p.i.AbstractProblemLoader Loading environment from /home/runner/work/key/key/key.core/../key.ui/examples/heap/permissions/threads/BFilter_postJoin_accessible.key 
263177     DEBUG main            d.u.i.k.p.i.AbstractProblemLoader Environment load took 207.12ns 
263179     INFO  main            d.u.i.k.p.i.AbstractProblemLoader Creating init config 
268134     DEBUG main            d.u.i.k.p.i.AbstractProblemLoader Init config took 4.96s 
268230     INFO  main            d.u.i.k.p.i.AbstractProblemLoader Replaying proof BFilter[ThreadSpec2::postJoin(java.lang.Object)].JML accessible clause.0 
268232     DEBUG main            d.u.i.k.p.i.IntermediateProofReplayer Proof replay took 7.3ns 
268334     INFO  main            d.u.i.k.p.r.p.TestFile    ... finished proof: closed. 
268679     INFO  main            d.u.i.k.p.i.AbstractProblemLoader Loading environment from /home/runner/work/key/key/key.core/../key.ui/examples/heap/permissions/threads/BFilter_postJoin_accessible.key.proof 
268679     DEBUG main            d.u.i.k.p.i.AbstractProblemLoader Environment load took 156.31ns 
268680     INFO  main            d.u.i.k.p.i.AbstractProblemLoader Creating init config 
273452     DEBUG main            d.u.i.k.p.i.AbstractProblemLoader Init config took 4.77s 
273541     INFO  main            d.u.i.k.p.i.AbstractProblemLoader Replaying proof BFilter[ThreadSpec2::postJoin(java.lang.Object)].JML accessible clause.0 
273552     DEBUG main            d.u.i.k.p.i.IntermediateProofReplayer Proof replay took 5.05ms 
273553     DEBUG main            d.u.i.k.p.r.p.TestFile    ... success: reloaded. 
273554     INFO  main            d.u.i.k.p.r.p.TestFile    Now processing file /home/runner/work/key/key/key.core/../key.ui/examples/heap/permissions/threads/BFilter_preStart_accessible.key 
273555     INFO  main            d.u.i.k.p.i.AbstractProblemLoader Loading environment from /home/runner/work/key/key/key.core/../key.ui/examples/heap/permissions/threads/BFilter_preStart_accessible.key 
273555     DEBUG main            d.u.i.k.p.i.AbstractProblemLoader Environment load took 177.11ns 
273557     INFO  main            d.u.i.k.p.i.AbstractProblemLoader Creating init config 
278449     DEBUG main            d.u.i.k.p.i.AbstractProblemLoader Init config took 4.89s 
278540     INFO  main            d.u.i.k.p.i.AbstractProblemLoader Replaying proof BFilter[ThreadSpec2::preStart(java.lang.Object)].JML accessible clause.0 
278541     DEBUG main            d.u.i.k.p.i.IntermediateProofReplayer Proof replay took 8.2ns 
278845     INFO  main            d.u.i.k.p.r.p.TestFile    ... finished proof: closed. 
279212     INFO  main            d.u.i.k.p.i.AbstractProblemLoader Loading environment from /home/runner/work/key/key/key.core/../key.ui/examples/heap/permissions/threads/BFilter_preStart_accessible.key.proof 
279213     DEBUG main            d.u.i.k.p.i.AbstractProblemLoader Environment load took 123.01ns 
279214     INFO  main            d.u.i.k.p.i.AbstractProblemLoader Creating init config 
283994     DEBUG main            d.u.i.k.p.i.AbstractProblemLoader Init config took 4.78s 
284084     INFO  main            d.u.i.k.p.i.AbstractProblemLoader Replaying proof BFilter[ThreadSpec2::preStart(java.lang.Object)].JML accessible clause.0 
284107     DEBUG main            d.u.i.k.p.i.IntermediateProofReplayer Proof replay took 20.28ms 
284108     DEBUG main            d.u.i.k.p.r.p.TestFile    ... success: reloaded. 
284109     INFO  main            d.u.i.k.p.r.p.TestFile    Now processing file /home/runner/work/key/key/key.core/../key.ui/examples/heap/permissions/threads/BFilter_startTransfer_accessible.key 
284109     INFO  main            d.u.i.k.p.i.AbstractProblemLoader Loading environment from /home/runner/work/key/key/key.core/../key.ui/examples/heap/permissions/threads/BFilter_startTransfer_accessible.key 
284109     DEBUG main            d.u.i.k.p.i.AbstractProblemLoader Environment load took 81.61ns 
284110     INFO  main            d.u.i.k.p.i.AbstractProblemLoader Creating init config 
289072     DEBUG main            d.u.i.k.p.i.AbstractProblemLoader Init config took 4.96s 
289166     INFO  main            d.u.i.k.p.i.AbstractProblemLoader Replaying proof BFilter[ThreadSpec2::startTransfer()].JML accessible clause.0 
289167     DEBUG main            d.u.i.k.p.i.IntermediateProofReplayer Proof replay took 9.1ns 
295591     INFO  main            d.u.i.k.p.r.p.TestFile    ... finished proof: closed. 
295982     INFO  main            d.u.i.k.p.i.AbstractProblemLoader Loading environment from /home/runner/work/key/key/key.core/../key.ui/examples/heap/permissions/threads/BFilter_startTransfer_accessible.key.proof 
295983     DEBUG main            d.u.i.k.p.i.AbstractProblemLoader Environment load took 375.42ns 
295984     INFO  main            d.u.i.k.p.i.AbstractProblemLoader Creating init config 
300914     DEBUG main            d.u.i.k.p.i.AbstractProblemLoader Init config took 4.93s 
301012     INFO  main            d.u.i.k.p.i.AbstractProblemLoader Replaying proof BFilter[ThreadSpec2::startTransfer()].JML accessible clause.0 
301398     DEBUG main            d.u.i.k.p.i.IntermediateProofReplayer Proof replay took 373.97ms 
301399     DEBUG main            d.u.i.k.p.r.p.TestFile    ... success: reloaded. 
301400     INFO  main            d.u.i.k.p.r.p.TestFile    Now processing file /home/runner/work/key/key/key.core/../key.ui/examples/heap/permissions/threads/BFilter_startTransfer_contract.key 
301401     INFO  main            d.u.i.k.p.i.AbstractProblemLoader Loading environment from /home/runner/work/key/key/key.core/../key.ui/examples/heap/permissions/threads/BFilter_startTransfer_contract.key 
301401     DEBUG main            d.u.i.k.p.i.AbstractProblemLoader Environment load took 201.41ns 
301402     INFO  main            d.u.i.k.p.i.AbstractProblemLoader Creating init config 
306433     DEBUG main            d.u.i.k.p.i.AbstractProblemLoader Init config took 5.03s 
306530     INFO  main            d.u.i.k.p.i.AbstractProblemLoader Replaying proof BFilter[ThreadSpec2::startTransfer()].JML model_behavior operation contract.0 
306533     DEBUG main            d.u.i.k.p.i.IntermediateProofReplayer Proof replay took 9.1ns 
307840     INFO  main            d.u.i.k.p.r.p.TestFile    ... finished proof: closed. 
308210     INFO  main            d.u.i.k.p.i.AbstractProblemLoader Loading environment from /home/runner/work/key/key/key.core/../key.ui/examples/heap/permissions/threads/BFilter_startTransfer_contract.key.proof 
308211     DEBUG main            d.u.i.k.p.i.AbstractProblemLoader Environment load took 292.82ns 
308212     INFO  main            d.u.i.k.p.i.AbstractProblemLoader Creating init config 
313081     DEBUG main            d.u.i.k.p.i.AbstractProblemLoader Init config took 4.87s 
313174     INFO  main            d.u.i.k.p.i.AbstractProblemLoader Replaying proof BFilter[ThreadSpec2::startTransfer()].JML model_behavior operation contract.0 
313277     DEBUG main            d.u.i.k.p.i.IntermediateProofReplayer Proof replay took 97.1ms 
313279     DEBUG main            d.u.i.k.p.r.p.TestFile    ... success: reloaded. 
313280     INFO  main            d.u.i.k.p.r.p.TestFile    Now processing file /home/runner/work/key/key/key.core/../key.ui/examples/heap/permissions/threads/BFilter_stateInv_accessible.key 
313280     INFO  main            d.u.i.k.p.i.AbstractProblemLoader Loading environment from /home/runner/work/key/key/key.core/../key.ui/examples/heap/permissions/threads/BFilter_stateInv_accessible.key 
313280     DEBUG main            d.u.i.k.p.i.AbstractProblemLoader Environment load took 74.11ns 
313281     INFO  main            d.u.i.k.p.i.AbstractProblemLoader Creating init config 
318213     DEBUG main            d.u.i.k.p.i.AbstractProblemLoader Init config took 4.93s 
318306     INFO  main            d.u.i.k.p.i.AbstractProblemLoader Replaying proof BFilter[ThreadSpec2::stateInv()].JML accessible clause.0 
318308     DEBUG main            d.u.i.k.p.i.IntermediateProofReplayer Proof replay took 8.4ns 
318611     INFO  main            d.u.i.k.p.r.p.TestFile    ... finished proof: closed. 
319010     INFO  main            d.u.i.k.p.i.AbstractProblemLoader Loading environment from /home/runner/work/key/key/key.core/../key.ui/examples/heap/permissions/threads/BFilter_stateInv_accessible.key.proof 
319010     DEBUG main            d.u.i.k.p.i.AbstractProblemLoader Environment load took 117.7ns 
319011     INFO  main            d.u.i.k.p.i.AbstractProblemLoader Creating init config 
323813     DEBUG main            d.u.i.k.p.i.AbstractProblemLoader Init config took 4.8s 
323909     INFO  main            d.u.i.k.p.i.AbstractProblemLoader Replaying proof BFilter[ThreadSpec2::stateInv()].JML accessible clause.0 
323943     DEBUG main            d.u.i.k.p.i.IntermediateProofReplayer Proof replay took 30.94ms 
323944     DEBUG main            d.u.i.k.p.r.p.TestFile    ... success: reloaded. 
323945     INFO  main            d.u.i.k.p.r.p.TestFile    Now processing file /home/runner/work/key/key/key.core/../key.ui/examples/heap/permissions/threads/BFilter_staticPermissions_accessible.key 
323945     INFO  main            d.u.i.k.p.i.AbstractProblemLoader Loading environment from /home/runner/work/key/key/key.core/../key.ui/examples/heap/permissions/threads/BFilter_staticPermissions_accessible.key 
323945     DEBUG main            d.u.i.k.p.i.AbstractProblemLoader Environment load took 56.2ns 
323946     INFO  main            d.u.i.k.p.i.AbstractProblemLoader Creating init config 
328887     DEBUG main            d.u.i.k.p.i.AbstractProblemLoader Init config took 4.94s 
328980     INFO  main            d.u.i.k.p.i.AbstractProblemLoader Replaying proof BFilter[ThreadSpec2::staticPermissions()].JML accessible clause.0 
328981     DEBUG main            d.u.i.k.p.i.IntermediateProofReplayer Proof replay took 8.1ns 
329084     INFO  main            d.u.i.k.p.r.p.TestFile    ... finished proof: closed. 
329471     INFO  main            d.u.i.k.p.i.AbstractProblemLoader Loading environment from /home/runner/work/key/key/key.core/../key.ui/examples/heap/permissions/threads/BFilter_staticPermissions_accessible.key.proof 
329471     DEBUG main            d.u.i.k.p.i.AbstractProblemLoader Environment load took 100.91ns 
329472     INFO  main            d.u.i.k.p.i.AbstractProblemLoader Creating init config 
334221     DEBUG main            d.u.i.k.p.i.AbstractProblemLoader Init config took 4.75s 
334311     INFO  main            d.u.i.k.p.i.AbstractProblemLoader Replaying proof BFilter[ThreadSpec2::staticPermissions()].JML accessible clause.0 
334321     DEBUG main            d.u.i.k.p.i.IntermediateProofReplayer Proof replay took 7.49ms 
334321     DEBUG main            d.u.i.k.p.r.p.TestFile    ... success: reloaded. 
334322     INFO  main            d.u.i.k.p.r.p.TestFile    Now processing file /home/runner/work/key/key/key.core/../key.ui/examples/heap/permissions/threads/BFilter_workingPermissions_accessible.key 
334323     INFO  main            d.u.i.k.p.i.AbstractProblemLoader Loading environment from /home/runner/work/key/key/key.core/../key.ui/examples/heap/permissions/threads/BFilter_workingPermissions_accessible.key 
334323     DEBUG main            d.u.i.k.p.i.AbstractProblemLoader Environment load took 132.61ns 
334324     INFO  main            d.u.i.k.p.i.AbstractProblemLoader Creating init config 
339258     DEBUG main            d.u.i.k.p.i.AbstractProblemLoader Init config took 4.93s 
339369     INFO  main            d.u.i.k.p.i.AbstractProblemLoader Replaying proof BFilter[ThreadSpec2::workingPermissions()].JML accessible clause.0 
339370     DEBUG main            d.u.i.k.p.i.IntermediateProofReplayer Proof replay took 6.8ns 
339473     INFO  main            d.u.i.k.p.r.p.TestFile    ... finished proof: closed. 
339876     INFO  main            d.u.i.k.p.i.AbstractProblemLoader Loading environment from /home/runner/work/key/key/key.core/../key.ui/examples/heap/permissions/threads/BFilter_workingPermissions_accessible.key.proof 
339876     DEBUG main            d.u.i.k.p.i.AbstractProblemLoader Environment load took 119.51ns 
339877     INFO  main            d.u.i.k.p.i.AbstractProblemLoader Creating init config 
344650     DEBUG main            d.u.i.k.p.i.AbstractProblemLoader Init config took 4.77s 
344744     INFO  main            d.u.i.k.p.i.AbstractProblemLoader Replaying proof BFilter[ThreadSpec2::workingPermissions()].JML accessible clause.0 
344753     DEBUG main            d.u.i.k.p.i.IntermediateProofReplayer Proof replay took 6.91ms 
344754     DEBUG main            d.u.i.k.p.r.p.TestFile    ... success: reloaded. 
344755     INFO  main            d.u.i.k.p.r.p.TestFile    Now processing file /home/runner/work/key/key/key.core/../key.ui/examples/heap/permissions/threads/Fib_Fib.key 
344756     INFO  main            d.u.i.k.p.i.AbstractProblemLoader Loading environment from /home/runner/work/key/key/key.core/../key.ui/examples/heap/permissions/threads/Fib_Fib.key 
344756     DEBUG main            d.u.i.k.p.i.AbstractProblemLoader Environment load took 174.01ns 
344757     INFO  main            d.u.i.k.p.i.AbstractProblemLoader Creating init config 
349703     DEBUG main            d.u.i.k.p.i.AbstractProblemLoader Init config took 4.95s 
349798     INFO  main            d.u.i.k.p.i.AbstractProblemLoader Replaying proof Fib[Fib::Fib(int)].JML normal_behavior operation contract.0 
349800     DEBUG main            d.u.i.k.p.i.IntermediateProofReplayer Proof replay took 6.6ns 
350504     INFO  main            d.u.i.k.p.r.p.TestFile    ... finished proof: closed. 
350986     INFO  main            d.u.i.k.p.i.AbstractProblemLoader Loading environment from /home/runner/work/key/key/key.core/../key.ui/examples/heap/permissions/threads/Fib_Fib.key.proof 
350986     DEBUG main            d.u.i.k.p.i.AbstractProblemLoader Environment load took 129.71ns 
350988     INFO  main            d.u.i.k.p.i.AbstractProblemLoader Creating init config 
355942     DEBUG main            d.u.i.k.p.i.AbstractProblemLoader Init config took 4.95s 
356036     INFO  main            d.u.i.k.p.i.AbstractProblemLoader Replaying proof Fib[Fib::Fib(int)].JML normal_behavior operation contract.0 
356122     DEBUG main            d.u.i.k.p.i.IntermediateProofReplayer Proof replay took 79.5ms 
356124     DEBUG main            d.u.i.k.p.r.p.TestFile    ... success: reloaded. 
356125     INFO  main            d.u.i.k.p.r.p.TestFile    Now processing file /home/runner/work/key/key/key.core/../key.ui/examples/heap/permissions/threads/Fib_initPost_accessible.key 
356125     INFO  main            d.u.i.k.p.i.AbstractProblemLoader Loading environment from /home/runner/work/key/key/key.core/../key.ui/examples/heap/permissions/threads/Fib_initPost_accessible.key 
356125     DEBUG main            d.u.i.k.p.i.AbstractProblemLoader Environment load took 90.11ns 
356126     INFO  main            d.u.i.k.p.i.AbstractProblemLoader Creating init config 
361141     DEBUG main            d.u.i.k.p.i.AbstractProblemLoader Init config took 5.01s 
361253     INFO  main            d.u.i.k.p.i.AbstractProblemLoader Replaying proof Fib[ThreadSpec::initPost()].JML accessible clause.0 
361255     DEBUG main            d.u.i.k.p.i.IntermediateProofReplayer Proof replay took 7.3ns 
361357     INFO  main            d.u.i.k.p.r.p.TestFile    ... finished proof: closed. 
361773     INFO  main            d.u.i.k.p.i.AbstractProblemLoader Loading environment from /home/runner/work/key/key/key.core/../key.ui/examples/heap/permissions/threads/Fib_initPost_accessible.key.proof 
361774     DEBUG main            d.u.i.k.p.i.AbstractProblemLoader Environment load took 109.61ns 
361775     INFO  main            d.u.i.k.p.i.AbstractProblemLoader Creating init config 
366724     DEBUG main            d.u.i.k.p.i.AbstractProblemLoader Init config took 4.95s 
366822     INFO  main            d.u.i.k.p.i.AbstractProblemLoader Replaying proof Fib[ThreadSpec::initPost()].JML accessible clause.0 
366828     DEBUG main            d.u.i.k.p.i.IntermediateProofReplayer Proof replay took 4.43ms 
366829     DEBUG main            d.u.i.k.p.r.p.TestFile    ... success: reloaded. 
366830     INFO  main            d.u.i.k.p.r.p.TestFile    Now processing file /home/runner/work/key/key/key.core/../key.ui/examples/heap/permissions/threads/Fib_inv1_accessible.key 
366830     INFO  main            d.u.i.k.p.i.AbstractProblemLoader Loading environment from /home/runner/work/key/key/key.core/../key.ui/examples/heap/permissions/threads/Fib_inv1_accessible.key 
366830     DEBUG main            d.u.i.k.p.i.AbstractProblemLoader Environment load took 103.41ns 
366831     INFO  main            d.u.i.k.p.i.AbstractProblemLoader Creating init config 
371883     DEBUG main            d.u.i.k.p.i.AbstractProblemLoader Init config took 5.05s 
371976     INFO  main            d.u.i.k.p.i.AbstractProblemLoader Replaying proof Fib[java.lang.Object::<inv>()].JML accessible clause.0 
371978     DEBUG main            d.u.i.k.p.i.IntermediateProofReplayer Proof replay took 8ns 
372079     INFO  main            d.u.i.k.p.r.p.TestFile    ... finished proof: closed. 
372504     INFO  main            d.u.i.k.p.i.AbstractProblemLoader Loading environment from /home/runner/work/key/key/key.core/../key.ui/examples/heap/permissions/threads/Fib_inv1_accessible.key.proof 
372504     DEBUG main            d.u.i.k.p.i.AbstractProblemLoader Environment load took 106.61ns 
372505     INFO  main            d.u.i.k.p.i.AbstractProblemLoader Creating init config 
377453     DEBUG main            d.u.i.k.p.i.AbstractProblemLoader Init config took 4.95s 
377549     INFO  main            d.u.i.k.p.i.AbstractProblemLoader Replaying proof Fib[java.lang.Object::<inv>()].JML accessible clause.0 
377552     DEBUG main            d.u.i.k.p.i.IntermediateProofReplayer Proof replay took 1.58ms 
377553     DEBUG main            d.u.i.k.p.r.p.TestFile    ... success: reloaded. 
377554     INFO  main            d.u.i.k.p.r.p.TestFile    Now processing file /home/runner/work/key/key/key.core/../key.ui/examples/heap/permissions/threads/Fib_inv2_accessible.key 
377554     INFO  main            d.u.i.k.p.i.AbstractProblemLoader Loading environment from /home/runner/work/key/key/key.core/../key.ui/examples/heap/permissions/threads/Fib_inv2_accessible.key 
377554     DEBUG main            d.u.i.k.p.i.AbstractProblemLoader Environment load took 82.6ns 
377555     INFO  main            d.u.i.k.p.i.AbstractProblemLoader Creating init config 
382512     DEBUG main            d.u.i.k.p.i.AbstractProblemLoader Init config took 4.96s 
382625     INFO  main            d.u.i.k.p.i.AbstractProblemLoader Replaying proof Fib[java.lang.Object::<inv>()].JML accessible clause.1 
382627     DEBUG main            d.u.i.k.p.i.IntermediateProofReplayer Proof replay took 19.5ns 
382729     INFO  main            d.u.i.k.p.r.p.TestFile    ... finished proof: closed. 
383148     INFO  main            d.u.i.k.p.i.AbstractProblemLoader Loading environment from /home/runner/work/key/key/key.core/../key.ui/examples/heap/permissions/threads/Fib_inv2_accessible.key.proof 
383148     DEBUG main            d.u.i.k.p.i.AbstractProblemLoader Environment load took 88.21ns 
383149     INFO  main            d.u.i.k.p.i.AbstractProblemLoader Creating init config 
387964     DEBUG main            d.u.i.k.p.i.AbstractProblemLoader Init config took 4.82s 
388059     INFO  main            d.u.i.k.p.i.AbstractProblemLoader Replaying proof Fib[java.lang.Object::<inv>()].JML accessible clause.1 
388062     DEBUG main            d.u.i.k.p.i.IntermediateProofReplayer Proof replay took 1.56ms 
388063     DEBUG main            d.u.i.k.p.r.p.TestFile    ... success: reloaded. 
388064     INFO  main            d.u.i.k.p.r.p.TestFile    Now processing file /home/runner/work/key/key/key.core/../key.ui/examples/heap/permissions/threads/Fib_joinTransfer_accessible.key 
388064     INFO  main            d.u.i.k.p.i.AbstractProblemLoader Loading environment from /home/runner/work/key/key/key.core/../key.ui/examples/heap/permissions/threads/Fib_joinTransfer_accessible.key 
388064     DEBUG main            d.u.i.k.p.i.AbstractProblemLoader Environment load took 56.8ns 
388065     INFO  main            d.u.i.k.p.i.AbstractProblemLoader Creating init config 
392982     DEBUG main            d.u.i.k.p.i.AbstractProblemLoader Init config took 4.92s 
393076     INFO  main            d.u.i.k.p.i.AbstractProblemLoader Replaying proof Fib[ThreadSpec::joinTransfer()].JML accessible clause.0 
393077     DEBUG main            d.u.i.k.p.i.IntermediateProofReplayer Proof replay took 7.7ns 
393279     INFO  main            d.u.i.k.p.r.p.TestFile    ... finished proof: closed. 
393708     INFO  main            d.u.i.k.p.i.AbstractProblemLoader Loading environment from /home/runner/work/key/key/key.core/../key.ui/examples/heap/permissions/threads/Fib_joinTransfer_accessible.key.proof 
393708     DEBUG main            d.u.i.k.p.i.AbstractProblemLoader Environment load took 114.71ns 
393709     INFO  main            d.u.i.k.p.i.AbstractProblemLoader Creating init config 
398573     DEBUG main            d.u.i.k.p.i.AbstractProblemLoader Init config took 4.86s 
398667     INFO  main            d.u.i.k.p.i.AbstractProblemLoader Replaying proof Fib[ThreadSpec::joinTransfer()].JML accessible clause.0 
398689     DEBUG main            d.u.i.k.p.i.IntermediateProofReplayer Proof replay took 19.73ms 
398690     DEBUG main            d.u.i.k.p.r.p.TestFile    ... success: reloaded. 
398691     INFO  main            d.u.i.k.p.r.p.TestFile    Now processing file /home/runner/work/key/key/key.core/../key.ui/examples/heap/permissions/threads/Fib_joinTransfer_contract.key 
398692     INFO  main            d.u.i.k.p.i.AbstractProblemLoader Loading environment from /home/runner/work/key/key/key.core/../key.ui/examples/heap/permissions/threads/Fib_joinTransfer_contract.key 
398692     DEBUG main            d.u.i.k.p.i.AbstractProblemLoader Environment load took 181.01ns 
398693     INFO  main            d.u.i.k.p.i.AbstractProblemLoader Creating init config 
403661     DEBUG main            d.u.i.k.p.i.AbstractProblemLoader Init config took 4.97s 
403756     INFO  main            d.u.i.k.p.i.AbstractProblemLoader Replaying proof Fib[ThreadSpec::joinTransfer()].JML model_behavior operation contract.0 
403758     DEBUG main            d.u.i.k.p.i.IntermediateProofReplayer Proof replay took 7.5ns 
403860     INFO  main            d.u.i.k.p.r.p.TestFile    ... finished proof: closed. 
404297     INFO  main            d.u.i.k.p.i.AbstractProblemLoader Loading environment from /home/runner/work/key/key/key.core/../key.ui/examples/heap/permissions/threads/Fib_joinTransfer_contract.key.proof 
404297     DEBUG main            d.u.i.k.p.i.AbstractProblemLoader Environment load took 132.91ns 
404298     INFO  main            d.u.i.k.p.i.AbstractProblemLoader Creating init config 
409122     DEBUG main            d.u.i.k.p.i.AbstractProblemLoader Init config took 4.82s 
409217     INFO  main            d.u.i.k.p.i.AbstractProblemLoader Replaying proof Fib[ThreadSpec::joinTransfer()].JML model_behavior operation contract.0 
409225     DEBUG main            d.u.i.k.p.i.IntermediateProofReplayer Proof replay took 6.19ms 
409226     DEBUG main            d.u.i.k.p.r.p.TestFile    ... success: reloaded. 
409227     INFO  main            d.u.i.k.p.r.p.TestFile    Now processing file /home/runner/work/key/key/key.core/../key.ui/examples/heap/permissions/threads/Fib_postJoin_accessible.key 
409227     INFO  main            d.u.i.k.p.i.AbstractProblemLoader Loading environment from /home/runner/work/key/key/key.core/../key.ui/examples/heap/permissions/threads/Fib_postJoin_accessible.key 
409227     DEBUG main            d.u.i.k.p.i.AbstractProblemLoader Environment load took 101.71ns 
409228     INFO  main            d.u.i.k.p.i.AbstractProblemLoader Creating init config 
414177     DEBUG main            d.u.i.k.p.i.AbstractProblemLoader Init config took 4.95s 
414271     INFO  main            d.u.i.k.p.i.AbstractProblemLoader Replaying proof Fib[ThreadSpec::postJoin(java.lang.Object)].JML accessible clause.0 
414273     DEBUG main            d.u.i.k.p.i.IntermediateProofReplayer Proof replay took 8.3ns 
414375     INFO  main            d.u.i.k.p.r.p.TestFile    ... finished proof: closed. 
414816     INFO  main            d.u.i.k.p.i.AbstractProblemLoader Loading environment from /home/runner/work/key/key/key.core/../key.ui/examples/heap/permissions/threads/Fib_postJoin_accessible.key.proof 
414816     DEBUG main            d.u.i.k.p.i.AbstractProblemLoader Environment load took 121.71ns 
414817     INFO  main            d.u.i.k.p.i.AbstractProblemLoader Creating init config 
419653     DEBUG main            d.u.i.k.p.i.AbstractProblemLoader Init config took 4.84s 
419746     INFO  main            d.u.i.k.p.i.AbstractProblemLoader Replaying proof Fib[ThreadSpec::postJoin(java.lang.Object)].JML accessible clause.0 
419752     DEBUG main            d.u.i.k.p.i.IntermediateProofReplayer Proof replay took 4.56ms 
419752     DEBUG main            d.u.i.k.p.r.p.TestFile    ... success: reloaded. 
419753     INFO  main            d.u.i.k.p.r.p.TestFile    Now processing file /home/runner/work/key/key/key.core/../key.ui/examples/heap/permissions/threads/Fib_preStart_accessible.key 
419753     INFO  main            d.u.i.k.p.i.AbstractProblemLoader Loading environment from /home/runner/work/key/key/key.core/../key.ui/examples/heap/permissions/threads/Fib_preStart_accessible.key 
419754     DEBUG main            d.u.i.k.p.i.AbstractProblemLoader Environment load took 52.2ns 
419754     INFO  main            d.u.i.k.p.i.AbstractProblemLoader Creating init config 
424738     DEBUG main            d.u.i.k.p.i.AbstractProblemLoader Init config took 4.98s 
424832     INFO  main            d.u.i.k.p.i.AbstractProblemLoader Replaying proof Fib[ThreadSpec::preStart(java.lang.Object)].JML accessible clause.0 
424834     DEBUG main            d.u.i.k.p.i.IntermediateProofReplayer Proof replay took 8.6ns 
424936     INFO  main            d.u.i.k.p.r.p.TestFile    ... finished proof: closed. 
425394     INFO  main            d.u.i.k.p.i.AbstractProblemLoader Loading environment from /home/runner/work/key/key/key.core/../key.ui/examples/heap/permissions/threads/Fib_preStart_accessible.key.proof 
425394     DEBUG main            d.u.i.k.p.i.AbstractProblemLoader Environment load took 95.51ns 
425395     INFO  main            d.u.i.k.p.i.AbstractProblemLoader Creating init config 
430223     DEBUG main            d.u.i.k.p.i.AbstractProblemLoader Init config took 4.83s 
430329     INFO  main            d.u.i.k.p.i.AbstractProblemLoader Replaying proof Fib[ThreadSpec::preStart(java.lang.Object)].JML accessible clause.0 
430335     DEBUG main            d.u.i.k.p.i.IntermediateProofReplayer Proof replay took 4.82ms 
430336     DEBUG main            d.u.i.k.p.r.p.TestFile    ... success: reloaded. 
430337     INFO  main            d.u.i.k.p.r.p.TestFile    Now processing file /home/runner/work/key/key/key.core/../key.ui/examples/heap/permissions/threads/Fib_startTransfer_accessible.key 
430337     INFO  main            d.u.i.k.p.i.AbstractProblemLoader Loading environment from /home/runner/work/key/key/key.core/../key.ui/examples/heap/permissions/threads/Fib_startTransfer_accessible.key 
430338     DEBUG main            d.u.i.k.p.i.AbstractProblemLoader Environment load took 389.43ns 
430338     INFO  main            d.u.i.k.p.i.AbstractProblemLoader Creating init config 
435273     DEBUG main            d.u.i.k.p.i.AbstractProblemLoader Init config took 4.93s 
435360     INFO  main            d.u.i.k.p.i.AbstractProblemLoader Replaying proof Fib[ThreadSpec::startTransfer()].JML accessible clause.0 
435362     DEBUG main            d.u.i.k.p.i.IntermediateProofReplayer Proof replay took 7.7ns 
435564     INFO  main            d.u.i.k.p.r.p.TestFile    ... finished proof: closed. 
436027     INFO  main            d.u.i.k.p.i.AbstractProblemLoader Loading environment from /home/runner/work/key/key/key.core/../key.ui/examples/heap/permissions/threads/Fib_startTransfer_accessible.key.proof 
436027     DEBUG main            d.u.i.k.p.i.AbstractProblemLoader Environment load took 99.41ns 
436028     INFO  main            d.u.i.k.p.i.AbstractProblemLoader Creating init config 
440913     DEBUG main            d.u.i.k.p.i.AbstractProblemLoader Init config took 4.89s 
441002     INFO  main            d.u.i.k.p.i.AbstractProblemLoader Replaying proof Fib[ThreadSpec::startTransfer()].JML accessible clause.0 
441025     DEBUG main            d.u.i.k.p.i.IntermediateProofReplayer Proof replay took 20.4ms 
441026     DEBUG main            d.u.i.k.p.r.p.TestFile    ... success: reloaded. 
441027     INFO  main            d.u.i.k.p.r.p.TestFile    Now processing file /home/runner/work/key/key/key.core/../key.ui/examples/heap/permissions/threads/Fib_startTransfer_contract.key 
441027     INFO  main            d.u.i.k.p.i.AbstractProblemLoader Loading environment from /home/runner/work/key/key/key.core/../key.ui/examples/heap/permissions/threads/Fib_startTransfer_contract.key 
441027     DEBUG main            d.u.i.k.p.i.AbstractProblemLoader Environment load took 74.5ns 
441028     INFO  main            d.u.i.k.p.i.AbstractProblemLoader Creating init config 
445959     DEBUG main            d.u.i.k.p.i.AbstractProblemLoader Init config took 4.93s 
446067     INFO  main            d.u.i.k.p.i.AbstractProblemLoader Replaying proof Fib[ThreadSpec::startTransfer()].JML model_behavior operation contract.0 
446068     DEBUG main            d.u.i.k.p.i.IntermediateProofReplayer Proof replay took 8.1ns 
446172     INFO  main            d.u.i.k.p.r.p.TestFile    ... finished proof: closed. 
446700     INFO  main            d.u.i.k.p.i.AbstractProblemLoader Loading environment from /home/runner/work/key/key/key.core/../key.ui/examples/heap/permissions/threads/Fib_startTransfer_contract.key.proof 
446700     DEBUG main            d.u.i.k.p.i.AbstractProblemLoader Environment load took 91.11ns 
446700     INFO  main            d.u.i.k.p.i.AbstractProblemLoader Creating init config 
451584     DEBUG main            d.u.i.k.p.i.AbstractProblemLoader Init config took 4.88s 
451676     INFO  main            d.u.i.k.p.i.AbstractProblemLoader Replaying proof Fib[ThreadSpec::startTransfer()].JML model_behavior operation contract.0 
451684     DEBUG main            d.u.i.k.p.i.IntermediateProofReplayer Proof replay took 6.66ms 
451685     DEBUG main            d.u.i.k.p.r.p.TestFile    ... success: reloaded. 
451686     INFO  main            d.u.i.k.p.r.p.TestFile    Now processing file /home/runner/work/key/key/key.core/../key.ui/examples/heap/permissions/threads/Fib_workingPermissions_accessible.key 
451686     INFO  main            d.u.i.k.p.i.AbstractProblemLoader Loading environment from /home/runner/work/key/key/key.core/../key.ui/examples/heap/permissions/threads/Fib_workingPermissions_accessible.key 
451686     DEBUG main            d.u.i.k.p.i.AbstractProblemLoader Environment load took 91.81ns 
451687     INFO  main            d.u.i.k.p.i.AbstractProblemLoader Creating init config 
456539     DEBUG main            d.u.i.k.p.i.AbstractProblemLoader Init config took 4.85s 
456625     INFO  main            d.u.i.k.p.i.AbstractProblemLoader Replaying proof Fib[ThreadSpec::workingPermissions()].JML accessible clause.0 
456628     DEBUG main            d.u.i.k.p.i.IntermediateProofReplayer Proof replay took 8.8ns 
456730     INFO  main            d.u.i.k.p.r.p.TestFile    ... finished proof: closed. 
457204     INFO  main            d.u.i.k.p.i.AbstractProblemLoader Loading environment from /home/runner/work/key/key/key.core/../key.ui/examples/heap/permissions/threads/Fib_workingPermissions_accessible.key.proof 
457204     DEBUG main            d.u.i.k.p.i.AbstractProblemLoader Environment load took 136.71ns 
457204     INFO  main            d.u.i.k.p.i.AbstractProblemLoader Creating init config 
461937     DEBUG main            d.u.i.k.p.i.AbstractProblemLoader Init config took 4.73s 
462023     INFO  main            d.u.i.k.p.i.AbstractProblemLoader Replaying proof Fib[ThreadSpec::workingPermissions()].JML accessible clause.0 
462026     DEBUG main            d.u.i.k.p.i.IntermediateProofReplayer Proof replay took 1.87ms 
462027     DEBUG main            d.u.i.k.p.r.p.TestFile    ... success: reloaded. 
462028     INFO  main            d.u.i.k.p.r.p.TestFile    Now processing file /home/runner/work/key/key/key.core/../key.ui/examples/heap/permissions/threads/Plotter_initPost_accessible.key 
462028     INFO  main            d.u.i.k.p.i.AbstractProblemLoader Loading environment from /home/runner/work/key/key/key.core/../key.ui/examples/heap/permissions/threads/Plotter_initPost_accessible.key 
462028     DEBUG main            d.u.i.k.p.i.AbstractProblemLoader Environment load took 49ns 
462029     INFO  main            d.u.i.k.p.i.AbstractProblemLoader Creating init config 
466818     DEBUG main            d.u.i.k.p.i.AbstractProblemLoader Init config took 4.79s 
466912     INFO  main            d.u.i.k.p.i.AbstractProblemLoader Replaying proof Plotter[ThreadSpec2::initPost()].JML accessible clause.0 
466914     DEBUG main            d.u.i.k.p.i.IntermediateProofReplayer Proof replay took 8.3ns 
467015     INFO  main            d.u.i.k.p.r.p.TestFile    ... finished proof: closed. 
467517     INFO  main            d.u.i.k.p.i.AbstractProblemLoader Loading environment from /home/runner/work/key/key/key.core/../key.ui/examples/heap/permissions/threads/Plotter_initPost_accessible.key.proof 
467517     DEBUG main            d.u.i.k.p.i.AbstractProblemLoader Environment load took 95.91ns 
467518     INFO  main            d.u.i.k.p.i.AbstractProblemLoader Creating init config 
472369     DEBUG main            d.u.i.k.p.i.AbstractProblemLoader Init config took 4.85s 
472457     INFO  main            d.u.i.k.p.i.AbstractProblemLoader Replaying proof Plotter[ThreadSpec2::initPost()].JML accessible clause.0 
472467     DEBUG main            d.u.i.k.p.i.IntermediateProofReplayer Proof replay took 9ms 
472468     DEBUG main            d.u.i.k.p.r.p.TestFile    ... success: reloaded. 
472469     INFO  main            d.u.i.k.p.r.p.TestFile    Now processing file /home/runner/work/key/key/key.core/../key.ui/examples/heap/permissions/threads/Plotter_inv_accessible1.key 
472469     INFO  main            d.u.i.k.p.i.AbstractProblemLoader Loading environment from /home/runner/work/key/key/key.core/../key.ui/examples/heap/permissions/threads/Plotter_inv_accessible1.key 
472469     DEBUG main            d.u.i.k.p.i.AbstractProblemLoader Environment load took 42.3ns 
472470     INFO  main            d.u.i.k.p.i.AbstractProblemLoader Creating init config 
477290     DEBUG main            d.u.i.k.p.i.AbstractProblemLoader Init config took 4.82s 
477376     INFO  main            d.u.i.k.p.i.AbstractProblemLoader Replaying proof Plotter[java.lang.Object::<inv>()].JML accessible clause.0 
477378     DEBUG main            d.u.i.k.p.i.IntermediateProofReplayer Proof replay took 7.7ns 
477480     INFO  main            d.u.i.k.p.r.p.TestFile    ... finished proof: closed. 
477974     INFO  main            d.u.i.k.p.i.AbstractProblemLoader Loading environment from /home/runner/work/key/key/key.core/../key.ui/examples/heap/permissions/threads/Plotter_inv_accessible1.key.proof 
477974     DEBUG main            d.u.i.k.p.i.AbstractProblemLoader Environment load took 93.31ns 
477976     INFO  main            d.u.i.k.p.i.AbstractProblemLoader Creating init config 
482691     DEBUG main            d.u.i.k.p.i.AbstractProblemLoader Init config took 4.71s 
482781     INFO  main            d.u.i.k.p.i.AbstractProblemLoader Replaying proof Plotter[java.lang.Object::<inv>()].JML accessible clause.0 
482785     DEBUG main            d.u.i.k.p.i.IntermediateProofReplayer Proof replay took 3.15ms 
482786     DEBUG main            d.u.i.k.p.r.p.TestFile    ... success: reloaded. 
482787     INFO  main            d.u.i.k.p.r.p.TestFile    Now processing file /home/runner/work/key/key/key.core/../key.ui/examples/heap/permissions/threads/Plotter_inv_accessible2.key 
482787     INFO  main            d.u.i.k.p.i.AbstractProblemLoader Loading environment from /home/runner/work/key/key/key.core/../key.ui/examples/heap/permissions/threads/Plotter_inv_accessible2.key 
482787     DEBUG main            d.u.i.k.p.i.AbstractProblemLoader Environment load took 50.1ns 
482788     INFO  main            d.u.i.k.p.i.AbstractProblemLoader Creating init config 
487675     DEBUG main            d.u.i.k.p.i.AbstractProblemLoader Init config took 4.89s 
487764     INFO  main            d.u.i.k.p.i.AbstractProblemLoader Replaying proof Plotter[java.lang.Object::<inv>()].JML accessible clause.1 
487766     DEBUG main            d.u.i.k.p.i.IntermediateProofReplayer Proof replay took 8.5ns 
487868     INFO  main            d.u.i.k.p.r.p.TestFile    ... finished proof: closed. 
488359     INFO  main            d.u.i.k.p.i.AbstractProblemLoader Loading environment from /home/runner/work/key/key/key.core/../key.ui/examples/heap/permissions/threads/Plotter_inv_accessible2.key.proof 
488359     DEBUG main            d.u.i.k.p.i.AbstractProblemLoader Environment load took 89.21ns 
488360     INFO  main            d.u.i.k.p.i.AbstractProblemLoader Creating init config 
493143     DEBUG main            d.u.i.k.p.i.AbstractProblemLoader Init config took 4.78s 
493233     INFO  main            d.u.i.k.p.i.AbstractProblemLoader Replaying proof Plotter[java.lang.Object::<inv>()].JML accessible clause.1 
493236     DEBUG main            d.u.i.k.p.i.IntermediateProofReplayer Proof replay took 1.3ms 
493237     DEBUG main            d.u.i.k.p.r.p.TestFile    ... success: reloaded. 
493237     INFO  main            d.u.i.k.p.r.p.TestFile    Now processing file /home/runner/work/key/key/key.core/../key.ui/examples/heap/permissions/threads/Plotter_joinTransfer_contract.key 
493238     INFO  main            d.u.i.k.p.i.AbstractProblemLoader Loading environment from /home/runner/work/key/key/key.core/../key.ui/examples/heap/permissions/threads/Plotter_joinTransfer_contract.key 
493238     DEBUG main            d.u.i.k.p.i.AbstractProblemLoader Environment load took 106.91ns 
493239     INFO  main            d.u.i.k.p.i.AbstractProblemLoader Creating init config 
498267     DEBUG main            d.u.i.k.p.i.AbstractProblemLoader Init config took 5.03s 
498363     INFO  main            d.u.i.k.p.i.AbstractProblemLoader Replaying proof Plotter[ThreadSpec2::joinTransfer()].JML model_behavior operation contract.0 
498365     DEBUG main            d.u.i.k.p.i.IntermediateProofReplayer Proof replay took 7.9ns 
498468     INFO  main            d.u.i.k.p.r.p.TestFile    ... finished proof: closed. 
498976     INFO  main            d.u.i.k.p.i.AbstractProblemLoader Loading environment from /home/runner/work/key/key/key.core/../key.ui/examples/heap/permissions/threads/Plotter_joinTransfer_contract.key.proof 
498977     DEBUG main            d.u.i.k.p.i.AbstractProblemLoader Environment load took 96.61ns 
498977     INFO  main            d.u.i.k.p.i.AbstractProblemLoader Creating init config 
503817     DEBUG main            d.u.i.k.p.i.AbstractProblemLoader Init config took 4.84s 
503908     INFO  main            d.u.i.k.p.i.AbstractProblemLoader Replaying proof Plotter[ThreadSpec2::joinTransfer()].JML model_behavior operation contract.0 
503916     DEBUG main            d.u.i.k.p.i.IntermediateProofReplayer Proof replay took 7.2ms 
503917     DEBUG main            d.u.i.k.p.r.p.TestFile    ... success: reloaded. 
503918     INFO  main            d.u.i.k.p.r.p.TestFile    Now processing file /home/runner/work/key/key/key.core/../key.ui/examples/heap/permissions/threads/Plotter_Plotter.key 
503918     INFO  main            d.u.i.k.p.i.AbstractProblemLoader Loading environment from /home/runner/work/key/key/key.core/../key.ui/examples/heap/permissions/threads/Plotter_Plotter.key 
503918     DEBUG main            d.u.i.k.p.i.AbstractProblemLoader Environment load took 48.1ns 
503919     INFO  main            d.u.i.k.p.i.AbstractProblemLoader Creating init config 
508682     DEBUG main            d.u.i.k.p.i.AbstractProblemLoader Init config took 4.76s 
508796     INFO  main            d.u.i.k.p.i.AbstractProblemLoader Replaying proof Plotter[Plotter::Plotter(AFilter,BFilter,Buffer)].JML normal_behavior operation contract.0 
508797     DEBUG main            d.u.i.k.p.i.IntermediateProofReplayer Proof replay took 7.6ns 
510604     INFO  main            d.u.i.k.p.r.p.TestFile    ... finished proof: closed. 
511115     INFO  main            d.u.i.k.p.i.AbstractProblemLoader Loading environment from /home/runner/work/key/key/key.core/../key.ui/examples/heap/permissions/threads/Plotter_Plotter.key.proof 
511115     DEBUG main            d.u.i.k.p.i.AbstractProblemLoader Environment load took 140.91ns 
511116     INFO  main            d.u.i.k.p.i.AbstractProblemLoader Creating init config 
515915     DEBUG main            d.u.i.k.p.i.AbstractProblemLoader Init config took 4.8s 
516005     INFO  main            d.u.i.k.p.i.AbstractProblemLoader Replaying proof Plotter[Plotter::Plotter(AFilter,BFilter,Buffer)].JML normal_behavior operation contract.0 
516172     DEBUG main            d.u.i.k.p.i.IntermediateProofReplayer Proof replay took 161.52ms 
516174     DEBUG main            d.u.i.k.p.r.p.TestFile    ... success: reloaded. 
516174     INFO  main            d.u.i.k.p.r.p.TestFile    Now processing file /home/runner/work/key/key/key.core/../key.ui/examples/heap/permissions/threads/Plotter_postJoin_accessible.key 
516175     INFO  main            d.u.i.k.p.i.AbstractProblemLoader Loading environment from /home/runner/work/key/key/key.core/../key.ui/examples/heap/permissions/threads/Plotter_postJoin_accessible.key 
516175     DEBUG main            d.u.i.k.p.i.AbstractProblemLoader Environment load took 86.01ns 
516176     INFO  main            d.u.i.k.p.i.AbstractProblemLoader Creating init config 
521007     DEBUG main            d.u.i.k.p.i.AbstractProblemLoader Init config took 4.83s 
521098     INFO  main            d.u.i.k.p.i.AbstractProblemLoader Replaying proof Plotter[ThreadSpec2::postJoin(java.lang.Object)].JML accessible clause.0 
521100     DEBUG main            d.u.i.k.p.i.IntermediateProofReplayer Proof replay took 22.8ns 
521202     INFO  main            d.u.i.k.p.r.p.TestFile    ... finished proof: closed. 
521710     INFO  main            d.u.i.k.p.i.AbstractProblemLoader Loading environment from /home/runner/work/key/key/key.core/../key.ui/examples/heap/permissions/threads/Plotter_postJoin_accessible.key.proof 
521710     DEBUG main            d.u.i.k.p.i.AbstractProblemLoader Environment load took 85.21ns 
521711     INFO  main            d.u.i.k.p.i.AbstractProblemLoader Creating init config 
526480     DEBUG main            d.u.i.k.p.i.AbstractProblemLoader Init config took 4.77s 
526568     INFO  main            d.u.i.k.p.i.AbstractProblemLoader Replaying proof Plotter[ThreadSpec2::postJoin(java.lang.Object)].JML accessible clause.0 
526580     DEBUG main            d.u.i.k.p.i.IntermediateProofReplayer Proof replay took 9.6ms 
526580     DEBUG main            d.u.i.k.p.r.p.TestFile    ... success: reloaded. 
526581     INFO  main            d.u.i.k.p.r.p.TestFile    Now processing file /home/runner/work/key/key/key.core/../key.ui/examples/heap/permissions/threads/Plotter_preStart_accessible.key 
526581     INFO  main            d.u.i.k.p.i.AbstractProblemLoader Loading environment from /home/runner/work/key/key/key.core/../key.ui/examples/heap/permissions/threads/Plotter_preStart_accessible.key 
526581     DEBUG main            d.u.i.k.p.i.AbstractProblemLoader Environment load took 43.6ns 
526582     INFO  main            d.u.i.k.p.i.AbstractProblemLoader Creating init config 
531442     DEBUG main            d.u.i.k.p.i.AbstractProblemLoader Init config took 4.86s 
531533     INFO  main            d.u.i.k.p.i.AbstractProblemLoader Replaying proof Plotter[ThreadSpec2::preStart(java.lang.Object)].JML accessible clause.0 
531535     DEBUG main            d.u.i.k.p.i.IntermediateProofReplayer Proof replay took 6.9ns 
532641     INFO  main            d.u.i.k.p.r.p.TestFile    ... finished proof: closed. 
533195     INFO  main            d.u.i.k.p.i.AbstractProblemLoader Loading environment from /home/runner/work/key/key/key.core/../key.ui/examples/heap/permissions/threads/Plotter_preStart_accessible.key.proof 
533195     DEBUG main            d.u.i.k.p.i.AbstractProblemLoader Environment load took 99.41ns 
533196     INFO  main            d.u.i.k.p.i.AbstractProblemLoader Creating init config 
537944     DEBUG main            d.u.i.k.p.i.AbstractProblemLoader Init config took 4.75s 
538035     INFO  main            d.u.i.k.p.i.AbstractProblemLoader Replaying proof Plotter[ThreadSpec2::preStart(java.lang.Object)].JML accessible clause.0 
538089     DEBUG main            d.u.i.k.p.i.IntermediateProofReplayer Proof replay took 50.52ms 
538090     DEBUG main            d.u.i.k.p.r.p.TestFile    ... success: reloaded. 
538091     INFO  main            d.u.i.k.p.r.p.TestFile    Now processing file /home/runner/work/key/key/key.core/../key.ui/examples/heap/permissions/threads/Plotter_stateInv_accessible.key 
538091     INFO  main            d.u.i.k.p.i.AbstractProblemLoader Loading environment from /home/runner/work/key/key/key.core/../key.ui/examples/heap/permissions/threads/Plotter_stateInv_accessible.key 
538091     DEBUG main            d.u.i.k.p.i.AbstractProblemLoader Environment load took 64.2ns 
538092     INFO  main            d.u.i.k.p.i.AbstractProblemLoader Creating init config 
542889     DEBUG main            d.u.i.k.p.i.AbstractProblemLoader Init config took 4.8s 
542979     INFO  main            d.u.i.k.p.i.AbstractProblemLoader Replaying proof Plotter[ThreadSpec2::stateInv()].JML accessible clause.0 
542981     DEBUG main            d.u.i.k.p.i.IntermediateProofReplayer Proof replay took 7.4ns 
551232     INFO  main            d.u.i.k.p.r.p.TestFile    ... finished proof: closed. 
551796     INFO  main            d.u.i.k.p.i.AbstractProblemLoader Loading environment from /home/runner/work/key/key/key.core/../key.ui/examples/heap/permissions/threads/Plotter_stateInv_accessible.key.proof 
551796     DEBUG main            d.u.i.k.p.i.AbstractProblemLoader Environment load took 94.91ns 
551798     INFO  main            d.u.i.k.p.i.AbstractProblemLoader Creating init config 
556585     DEBUG main            d.u.i.k.p.i.AbstractProblemLoader Init config took 4.79s 
556674     INFO  main            d.u.i.k.p.i.AbstractProblemLoader Replaying proof Plotter[ThreadSpec2::stateInv()].JML accessible clause.0 
557096     DEBUG main            d.u.i.k.p.i.IntermediateProofReplayer Proof replay took 405.35ms 
557098     DEBUG main            d.u.i.k.p.r.p.TestFile    ... success: reloaded. 
557099     INFO  main            d.u.i.k.p.r.p.TestFile    Now processing file /home/runner/work/key/key/key.core/../key.ui/examples/heap/permissions/threads/Plotter_staticPermissions_accessible.key 
557100     INFO  main            d.u.i.k.p.i.AbstractProblemLoader Loading environment from /home/runner/work/key/key/key.core/../key.ui/examples/heap/permissions/threads/Plotter_staticPermissions_accessible.key 
557100     DEBUG main            d.u.i.k.p.i.AbstractProblemLoader Environment load took 78.2ns 
557101     INFO  main            d.u.i.k.p.i.AbstractProblemLoader Creating init config 
562099     DEBUG main            d.u.i.k.p.i.AbstractProblemLoader Init config took 5s 
562193     INFO  main            d.u.i.k.p.i.AbstractProblemLoader Replaying proof Plotter[ThreadSpec2::staticPermissions()].JML accessible clause.0 
562195     DEBUG main            d.u.i.k.p.i.IntermediateProofReplayer Proof replay took 41.3ns 
563126     INFO  main            d.u.i.k.p.r.p.TestFile    ... finished proof: closed. 
563658     INFO  main            d.u.i.k.p.i.AbstractProblemLoader Loading environment from /home/runner/work/key/key/key.core/../key.ui/examples/heap/permissions/threads/Plotter_staticPermissions_accessible.key.proof 
563659     DEBUG main            d.u.i.k.p.i.AbstractProblemLoader Environment load took 84.5ns 
563660     INFO  main            d.u.i.k.p.i.AbstractProblemLoader Creating init config 
568557     DEBUG main            d.u.i.k.p.i.AbstractProblemLoader Init config took 4.9s 
568650     INFO  main            d.u.i.k.p.i.AbstractProblemLoader Replaying proof Plotter[ThreadSpec2::staticPermissions()].JML accessible clause.0 
568722     DEBUG main            d.u.i.k.p.i.IntermediateProofReplayer Proof replay took 68.11ms 
568723     DEBUG main            d.u.i.k.p.r.p.TestFile    ... success: reloaded. 
568724     INFO  main            d.u.i.k.p.r.p.TestFile    Now processing file /home/runner/work/key/key/key.core/../key.ui/examples/heap/permissions/threads/Plotter_workingPermissions_accessible.key 
568725     INFO  main            d.u.i.k.p.i.AbstractProblemLoader Loading environment from /home/runner/work/key/key/key.core/../key.ui/examples/heap/permissions/threads/Plotter_workingPermissions_accessible.key 
568725     DEBUG main            d.u.i.k.p.i.AbstractProblemLoader Environment load took 109.11ns 
568726     INFO  main            d.u.i.k.p.i.AbstractProblemLoader Creating init config 
573697     DEBUG main            d.u.i.k.p.i.AbstractProblemLoader Init config took 4.97s 
573813     INFO  main            d.u.i.k.p.i.AbstractProblemLoader Replaying proof Plotter[ThreadSpec2::workingPermissions()].JML accessible clause.0 
573814     DEBUG main            d.u.i.k.p.i.IntermediateProofReplayer Proof replay took 2.6ns 
574016     INFO  main            d.u.i.k.p.r.p.TestFile    ... finished proof: closed. 
574570     INFO  main            d.u.i.k.p.i.AbstractProblemLoader Loading environment from /home/runner/work/key/key/key.core/../key.ui/examples/heap/permissions/threads/Plotter_workingPermissions_accessible.key.proof 
574570     DEBUG main            d.u.i.k.p.i.AbstractProblemLoader Environment load took 76ns 
574571     INFO  main            d.u.i.k.p.i.AbstractProblemLoader Creating init config 
579511     DEBUG main            d.u.i.k.p.i.AbstractProblemLoader Init config took 4.94s 
579602     INFO  main            d.u.i.k.p.i.AbstractProblemLoader Replaying proof Plotter[ThreadSpec2::workingPermissions()].JML accessible clause.0 
579616     DEBUG main            d.u.i.k.p.i.IntermediateProofReplayer Proof replay took 11.79ms 
579616     DEBUG main            d.u.i.k.p.r.p.TestFile    ... success: reloaded. 
579617     INFO  main            d.u.i.k.p.r.p.TestFile    Now processing file /home/runner/work/key/key/key.core/../key.ui/examples/heap/permissions/threads/Sampler_initPost_accessible.key 
579617     INFO  main            d.u.i.k.p.i.AbstractProblemLoader Loading environment from /home/runner/work/key/key/key.core/../key.ui/examples/heap/permissions/threads/Sampler_initPost_accessible.key 
579617     DEBUG main            d.u.i.k.p.i.AbstractProblemLoader Environment load took 112.81ns 
579618     INFO  main            d.u.i.k.p.i.AbstractProblemLoader Creating init config 
584558     DEBUG main            d.u.i.k.p.i.AbstractProblemLoader Init config took 4.94s 
584678     INFO  main            d.u.i.k.p.i.AbstractProblemLoader Replaying proof Sampler[ThreadSpec2::initPost()].JML accessible clause.0 
584680     DEBUG main            d.u.i.k.p.i.IntermediateProofReplayer Proof replay took 2.6ns 
584781     INFO  main            d.u.i.k.p.r.p.TestFile    ... finished proof: closed. 
585338     INFO  main            d.u.i.k.p.i.AbstractProblemLoader Loading environment from /home/runner/work/key/key/key.core/../key.ui/examples/heap/permissions/threads/Sampler_initPost_accessible.key.proof 
585338     DEBUG main            d.u.i.k.p.i.AbstractProblemLoader Environment load took 80.5ns 
585339     INFO  main            d.u.i.k.p.i.AbstractProblemLoader Creating init config 
590231     DEBUG main            d.u.i.k.p.i.AbstractProblemLoader Init config took 4.89s 
590329     INFO  main            d.u.i.k.p.i.AbstractProblemLoader Replaying proof Sampler[ThreadSpec2::initPost()].JML accessible clause.0 
590335     DEBUG main            d.u.i.k.p.i.IntermediateProofReplayer Proof replay took 4.8ms 
590336     DEBUG main            d.u.i.k.p.r.p.TestFile    ... success: reloaded. 
590337     INFO  main            d.u.i.k.p.r.p.TestFile    Now processing file /home/runner/work/key/key/key.core/../key.ui/examples/heap/permissions/threads/Sampler_inv_accessible1.key 
590337     INFO  main            d.u.i.k.p.i.AbstractProblemLoader Loading environment from /home/runner/work/key/key/key.core/../key.ui/examples/heap/permissions/threads/Sampler_inv_accessible1.key 
590337     DEBUG main            d.u.i.k.p.i.AbstractProblemLoader Environment load took 46.1ns 
590338     INFO  main            d.u.i.k.p.i.AbstractProblemLoader Creating init config 
595237     DEBUG main            d.u.i.k.p.i.AbstractProblemLoader Init config took 4.9s 
595325     INFO  main            d.u.i.k.p.i.AbstractProblemLoader Replaying proof Sampler[java.lang.Object::<inv>()].JML accessible clause.0 
595326     DEBUG main            d.u.i.k.p.i.IntermediateProofReplayer Proof replay took 2.6ns 
595427     INFO  main            d.u.i.k.p.r.p.TestFile    ... finished proof: closed. 
595988     INFO  main            d.u.i.k.p.i.AbstractProblemLoader Loading environment from /home/runner/work/key/key/key.core/../key.ui/examples/heap/permissions/threads/Sampler_inv_accessible1.key.proof 
595988     DEBUG main            d.u.i.k.p.i.AbstractProblemLoader Environment load took 80.3ns 
595989     INFO  main            d.u.i.k.p.i.AbstractProblemLoader Creating init config 
600716     DEBUG main            d.u.i.k.p.i.AbstractProblemLoader Init config took 4.73s 
600819     INFO  main            d.u.i.k.p.i.AbstractProblemLoader Replaying proof Sampler[java.lang.Object::<inv>()].JML accessible clause.0 
600822     DEBUG main            d.u.i.k.p.i.IntermediateProofReplayer Proof replay took 1.25ms 
600823     DEBUG main            d.u.i.k.p.r.p.TestFile    ... success: reloaded. 
600823     INFO  main            d.u.i.k.p.r.p.TestFile    Now processing file /home/runner/work/key/key/key.core/../key.ui/examples/heap/permissions/threads/Sampler_inv_accessible2.key 
600824     INFO  main            d.u.i.k.p.i.AbstractProblemLoader Loading environment from /home/runner/work/key/key/key.core/../key.ui/examples/heap/permissions/threads/Sampler_inv_accessible2.key 
600824     DEBUG main            d.u.i.k.p.i.AbstractProblemLoader Environment load took 47.6ns 
600824     INFO  main            d.u.i.k.p.i.AbstractProblemLoader Creating init config 
605638     DEBUG main            d.u.i.k.p.i.AbstractProblemLoader Init config took 4.81s 
605730     INFO  main            d.u.i.k.p.i.AbstractProblemLoader Replaying proof Sampler[java.lang.Object::<inv>()].JML accessible clause.1 
605731     DEBUG main            d.u.i.k.p.i.IntermediateProofReplayer Proof replay took 3.1ns 
605833     INFO  main            d.u.i.k.p.r.p.TestFile    ... finished proof: closed. 
606388     INFO  main            d.u.i.k.p.i.AbstractProblemLoader Loading environment from /home/runner/work/key/key/key.core/../key.ui/examples/heap/permissions/threads/Sampler_inv_accessible2.key.proof 
606388     DEBUG main            d.u.i.k.p.i.AbstractProblemLoader Environment load took 84.11ns 
606389     INFO  main            d.u.i.k.p.i.AbstractProblemLoader Creating init config 
611332     DEBUG main            d.u.i.k.p.i.AbstractProblemLoader Init config took 4.94s 
611439     INFO  main            d.u.i.k.p.i.AbstractProblemLoader Replaying proof Sampler[java.lang.Object::<inv>()].JML accessible clause.1 
611442     DEBUG main            d.u.i.k.p.i.IntermediateProofReplayer Proof replay took 1.42ms 
611443     DEBUG main            d.u.i.k.p.r.p.TestFile    ... success: reloaded. 
611444     INFO  main            d.u.i.k.p.r.p.TestFile    Now processing file /home/runner/work/key/key/key.core/../key.ui/examples/heap/permissions/threads/Sampler_joinTransfer_accessible.key 
611444     INFO  main            d.u.i.k.p.i.AbstractProblemLoader Loading environment from /home/runner/work/key/key/key.core/../key.ui/examples/heap/permissions/threads/Sampler_joinTransfer_accessible.key 
611444     DEBUG main            d.u.i.k.p.i.AbstractProblemLoader Environment load took 89.31ns 
611445     INFO  main            d.u.i.k.p.i.AbstractProblemLoader Creating init config 
616322     DEBUG main            d.u.i.k.p.i.AbstractProblemLoader Init config took 4.88s 
616421     INFO  main            d.u.i.k.p.i.AbstractProblemLoader Replaying proof Sampler[ThreadSpec2::joinTransfer()].JML accessible clause.0 
616423     DEBUG main            d.u.i.k.p.i.IntermediateProofReplayer Proof replay took 2.6ns 
619974     INFO  main            d.u.i.k.p.r.p.TestFile    ... finished proof: closed. 
620568     INFO  main            d.u.i.k.p.i.AbstractProblemLoader Loading environment from /home/runner/work/key/key/key.core/../key.ui/examples/heap/permissions/threads/Sampler_joinTransfer_accessible.key.proof 
620569     DEBUG main            d.u.i.k.p.i.AbstractProblemLoader Environment load took 325.12ns 
620570     INFO  main            d.u.i.k.p.i.AbstractProblemLoader Creating init config 
625306     DEBUG main            d.u.i.k.p.i.AbstractProblemLoader Init config took 4.74s 
625394     INFO  main            d.u.i.k.p.i.AbstractProblemLoader Replaying proof Sampler[ThreadSpec2::joinTransfer()].JML accessible clause.0 
625897     DEBUG main            d.u.i.k.p.i.IntermediateProofReplayer Proof replay took 491.28ms 
625898     DEBUG main            d.u.i.k.p.r.p.TestFile    ... success: reloaded. 
625899     INFO  main            d.u.i.k.p.r.p.TestFile    Now processing file /home/runner/work/key/key/key.core/../key.ui/examples/heap/permissions/threads/Sampler_joinTransfer_contract.key 
625899     INFO  main            d.u.i.k.p.i.AbstractProblemLoader Loading environment from /home/runner/work/key/key/key.core/../key.ui/examples/heap/permissions/threads/Sampler_joinTransfer_contract.key 
625899     DEBUG main            d.u.i.k.p.i.AbstractProblemLoader Environment load took 55.7ns 
625900     INFO  main            d.u.i.k.p.i.AbstractProblemLoader Creating init config 
630834     DEBUG main            d.u.i.k.p.i.AbstractProblemLoader Init config took 4.93s 
630924     INFO  main            d.u.i.k.p.i.AbstractProblemLoader Replaying proof Sampler[ThreadSpec2::joinTransfer()].JML model_behavior operation contract.0 
630925     DEBUG main            d.u.i.k.p.i.IntermediateProofReplayer Proof replay took 3.3ns 
631027     INFO  main            d.u.i.k.p.r.p.TestFile    ... finished proof: closed. 
631614     INFO  main            d.u.i.k.p.i.AbstractProblemLoader Loading environment from /home/runner/work/key/key/key.core/../key.ui/examples/heap/permissions/threads/Sampler_joinTransfer_contract.key.proof 
631614     DEBUG main            d.u.i.k.p.i.AbstractProblemLoader Environment load took 77.3ns 
631614     INFO  main            d.u.i.k.p.i.AbstractProblemLoader Creating init config 
636573     DEBUG main            d.u.i.k.p.i.AbstractProblemLoader Init config took 4.96s 
636667     INFO  main            d.u.i.k.p.i.AbstractProblemLoader Replaying proof Sampler[ThreadSpec2::joinTransfer()].JML model_behavior operation contract.0 
636675     DEBUG main            d.u.i.k.p.i.IntermediateProofReplayer Proof replay took 6.8ms 
636676     DEBUG main            d.u.i.k.p.r.p.TestFile    ... success: reloaded. 
636677     INFO  main            d.u.i.k.p.r.p.TestFile    Now processing file /home/runner/work/key/key/key.core/../key.ui/examples/heap/permissions/threads/Sampler_postJoin_accessible.key 
636677     INFO  main            d.u.i.k.p.i.AbstractProblemLoader Loading environment from /home/runner/work/key/key/key.core/../key.ui/examples/heap/permissions/threads/Sampler_postJoin_accessible.key 
636677     DEBUG main            d.u.i.k.p.i.AbstractProblemLoader Environment load took 38.9ns 
636678     INFO  main            d.u.i.k.p.i.AbstractProblemLoader Creating init config 
641638     DEBUG main            d.u.i.k.p.i.AbstractProblemLoader Init config took 4.96s 
641731     INFO  main            d.u.i.k.p.i.AbstractProblemLoader Replaying proof Sampler[ThreadSpec2::postJoin(java.lang.Object)].JML accessible clause.0 
641732     DEBUG main            d.u.i.k.p.i.IntermediateProofReplayer Proof replay took 3.3ns 
641834     INFO  main            d.u.i.k.p.r.p.TestFile    ... finished proof: closed. 
642431     INFO  main            d.u.i.k.p.i.AbstractProblemLoader Loading environment from /home/runner/work/key/key/key.core/../key.ui/examples/heap/permissions/threads/Sampler_postJoin_accessible.key.proof 
642431     DEBUG main            d.u.i.k.p.i.AbstractProblemLoader Environment load took 77.1ns 
642432     INFO  main            d.u.i.k.p.i.AbstractProblemLoader Creating init config 
647279     DEBUG main            d.u.i.k.p.i.AbstractProblemLoader Init config took 4.85s 
647369     INFO  main            d.u.i.k.p.i.AbstractProblemLoader Replaying proof Sampler[ThreadSpec2::postJoin(java.lang.Object)].JML accessible clause.0 
647378     DEBUG main            d.u.i.k.p.i.IntermediateProofReplayer Proof replay took 7.65ms 
647379     DEBUG main            d.u.i.k.p.r.p.TestFile    ... success: reloaded. 
647380     INFO  main            d.u.i.k.p.r.p.TestFile    Now processing file /home/runner/work/key/key/key.core/../key.ui/examples/heap/permissions/threads/Sampler_preStart_accessible.key 
647380     INFO  main            d.u.i.k.p.i.AbstractProblemLoader Loading environment from /home/runner/work/key/key/key.core/../key.ui/examples/heap/permissions/threads/Sampler_preStart_accessible.key 
647380     DEBUG main            d.u.i.k.p.i.AbstractProblemLoader Environment load took 45.9ns 
647381     INFO  main            d.u.i.k.p.i.AbstractProblemLoader Creating init config 
652187     DEBUG main            d.u.i.k.p.i.AbstractProblemLoader Init config took 4.81s 
652300     INFO  main            d.u.i.k.p.i.AbstractProblemLoader Replaying proof Sampler[ThreadSpec2::preStart(java.lang.Object)].JML accessible clause.0 
652301     DEBUG main            d.u.i.k.p.i.IntermediateProofReplayer Proof replay took 2.6ns 
652403     INFO  main            d.u.i.k.p.r.p.TestFile    ... finished proof: closed. 
653004     INFO  main            d.u.i.k.p.i.AbstractProblemLoader Loading environment from /home/runner/work/key/key/key.core/../key.ui/examples/heap/permissions/threads/Sampler_preStart_accessible.key.proof 
653004     DEBUG main            d.u.i.k.p.i.AbstractProblemLoader Environment load took 81.91ns 
653005     INFO  main            d.u.i.k.p.i.AbstractProblemLoader Creating init config 
657774     DEBUG main            d.u.i.k.p.i.AbstractProblemLoader Init config took 4.77s 
657863     INFO  main            d.u.i.k.p.i.AbstractProblemLoader Replaying proof Sampler[ThreadSpec2::preStart(java.lang.Object)].JML accessible clause.0 
657872     DEBUG main            d.u.i.k.p.i.IntermediateProofReplayer Proof replay took 7.37ms 
657873     DEBUG main            d.u.i.k.p.r.p.TestFile    ... success: reloaded. 
657873     INFO  main            d.u.i.k.p.r.p.TestFile    Now processing file /home/runner/work/key/key/key.core/../key.ui/examples/heap/permissions/threads/Sampler_run.key 
657874     INFO  main            d.u.i.k.p.i.AbstractProblemLoader Loading environment from /home/runner/work/key/key/key.core/../key.ui/examples/heap/permissions/threads/Sampler_run.key 
657874     DEBUG main            d.u.i.k.p.i.AbstractProblemLoader Environment load took 46.9ns 
657874     INFO  main            d.u.i.k.p.i.AbstractProblemLoader Creating init config 
662914     DEBUG main            d.u.i.k.p.i.AbstractProblemLoader Init config took 5.04s 
663007     INFO  main            d.u.i.k.p.i.AbstractProblemLoader Replaying proof Sampler[ThreadSpec2::run()].JML normal_behavior operation contract.0 
663009     DEBUG main            d.u.i.k.p.i.IntermediateProofReplayer Proof replay took 3.1ns 
663211     INFO  main            d.u.i.k.p.r.p.TestFile    ... finished proof: closed. 
663819     INFO  main            d.u.i.k.p.i.AbstractProblemLoader Loading environment from /home/runner/work/key/key/key.core/../key.ui/examples/heap/permissions/threads/Sampler_run.key.proof 
663819     DEBUG main            d.u.i.k.p.i.AbstractProblemLoader Environment load took 78.9ns 
663820     INFO  main            d.u.i.k.p.i.AbstractProblemLoader Creating init config 
668876     DEBUG main            d.u.i.k.p.i.AbstractProblemLoader Init config took 5.06s 
668969     INFO  main            d.u.i.k.p.i.AbstractProblemLoader Replaying proof Sampler[ThreadSpec2::run()].JML normal_behavior operation contract.0 
668999     DEBUG main            d.u.i.k.p.i.IntermediateProofReplayer Proof replay took 28.21ms 
669000     DEBUG main            d.u.i.k.p.r.p.TestFile    ... success: reloaded. 
669001     INFO  main            d.u.i.k.p.r.p.TestFile    Now processing file /home/runner/work/key/key/key.core/../key.ui/examples/heap/permissions/threads/Sampler_Sampler.key 
669001     INFO  main            d.u.i.k.p.i.AbstractProblemLoader Loading environment from /home/runner/work/key/key/key.core/../key.ui/examples/heap/permissions/threads/Sampler_Sampler.key 
669001     DEBUG main            d.u.i.k.p.i.AbstractProblemLoader Environment load took 70.9ns 
669002     INFO  main            d.u.i.k.p.i.AbstractProblemLoader Creating init config 
673984     DEBUG main            d.u.i.k.p.i.AbstractProblemLoader Init config took 4.98s 
674073     INFO  main            d.u.i.k.p.i.AbstractProblemLoader Replaying proof Sampler[Sampler::Sampler(Buffer)].JML normal_behavior operation contract.0 
674074     DEBUG main            d.u.i.k.p.i.IntermediateProofReplayer Proof replay took 2.7ns 
674677     INFO  main            d.u.i.k.p.r.p.TestFile    ... finished proof: closed. 
675313     INFO  main            d.u.i.k.p.i.AbstractProblemLoader Loading environment from /home/runner/work/key/key/key.core/../key.ui/examples/heap/permissions/threads/Sampler_Sampler.key.proof 
675313     DEBUG main            d.u.i.k.p.i.AbstractProblemLoader Environment load took 80.2ns 
675314     INFO  main            d.u.i.k.p.i.AbstractProblemLoader Creating init config 
680177     DEBUG main            d.u.i.k.p.i.AbstractProblemLoader Init config took 4.86s 
680269     INFO  main            d.u.i.k.p.i.AbstractProblemLoader Replaying proof Sampler[Sampler::Sampler(Buffer)].JML normal_behavior operation contract.0 
680338     DEBUG main            d.u.i.k.p.i.IntermediateProofReplayer Proof replay took 66.4ms 
680339     DEBUG main            d.u.i.k.p.r.p.TestFile    ... success: reloaded. 
680340     INFO  main            d.u.i.k.p.r.p.TestFile    Now processing file /home/runner/work/key/key/key.core/../key.ui/examples/heap/permissions/threads/Sampler_startTransfer_accessible.key 
680340     INFO  main            d.u.i.k.p.i.AbstractProblemLoader Loading environment from /home/runner/work/key/key/key.core/../key.ui/examples/heap/permissions/threads/Sampler_startTransfer_accessible.key 
680340     DEBUG main            d.u.i.k.p.i.AbstractProblemLoader Environment load took 83.8ns 
680341     INFO  main            d.u.i.k.p.i.AbstractProblemLoader Creating init config 
685140     DEBUG main            d.u.i.k.p.i.AbstractProblemLoader Init config took 4.8s 
685245     INFO  main            d.u.i.k.p.i.AbstractProblemLoader Replaying proof Sampler[ThreadSpec2::startTransfer()].JML accessible clause.0 
685246     DEBUG main            d.u.i.k.p.i.IntermediateProofReplayer Proof replay took 2.9ns 
688987     INFO  main            d.u.i.k.p.r.p.TestFile    ... finished proof: closed. 
689602     INFO  main            d.u.i.k.p.i.AbstractProblemLoader Loading environment from /home/runner/work/key/key/key.core/../key.ui/examples/heap/permissions/threads/Sampler_startTransfer_accessible.key.proof 
689603     DEBUG main            d.u.i.k.p.i.AbstractProblemLoader Environment load took 138.91ns 
689604     INFO  main            d.u.i.k.p.i.AbstractProblemLoader Creating init config 
694335     DEBUG main            d.u.i.k.p.i.AbstractProblemLoader Init config took 4.73s 
694446     INFO  main            d.u.i.k.p.i.AbstractProblemLoader Replaying proof Sampler[ThreadSpec2::startTransfer()].JML accessible clause.0 
694840     DEBUG main            d.u.i.k.p.i.IntermediateProofReplayer Proof replay took 383.69ms 
694842     DEBUG main            d.u.i.k.p.r.p.TestFile    ... success: reloaded. 
694843     INFO  main            d.u.i.k.p.r.p.TestFile    Now processing file /home/runner/work/key/key/key.core/../key.ui/examples/heap/permissions/threads/Sampler_startTransfer_contract.key 
694843     INFO  main            d.u.i.k.p.i.AbstractProblemLoader Loading environment from /home/runner/work/key/key/key.core/../key.ui/examples/heap/permissions/threads/Sampler_startTransfer_contract.key 
694843     DEBUG main            d.u.i.k.p.i.AbstractProblemLoader Environment load took 46.4ns 
694844     INFO  main            d.u.i.k.p.i.AbstractProblemLoader Creating init config 
699724     DEBUG main            d.u.i.k.p.i.AbstractProblemLoader Init config took 4.88s 
699818     INFO  main            d.u.i.k.p.i.AbstractProblemLoader Replaying proof Sampler[ThreadSpec2::startTransfer()].JML model_behavior operation contract.0 
699820     DEBUG main            d.u.i.k.p.i.IntermediateProofReplayer Proof replay took 3.5ns 
699924     INFO  main            d.u.i.k.p.r.p.TestFile    ... finished proof: closed. 
700541     INFO  main            d.u.i.k.p.i.AbstractProblemLoader Loading environment from /home/runner/work/key/key/key.core/../key.ui/examples/heap/permissions/threads/Sampler_startTransfer_contract.key.proof 
700541     DEBUG main            d.u.i.k.p.i.AbstractProblemLoader Environment load took 80.6ns 
700542     INFO  main            d.u.i.k.p.i.AbstractProblemLoader Creating init config 
705346     DEBUG main            d.u.i.k.p.i.AbstractProblemLoader Init config took 4.8s 
705435     INFO  main            d.u.i.k.p.i.AbstractProblemLoader Replaying proof Sampler[ThreadSpec2::startTransfer()].JML model_behavior operation contract.0 
705442     DEBUG main            d.u.i.k.p.i.IntermediateProofReplayer Proof replay took 6.25ms 
705443     DEBUG main            d.u.i.k.p.r.p.TestFile    ... success: reloaded. 
705444     INFO  main            d.u.i.k.p.r.p.TestFile    Now processing file /home/runner/work/key/key/key.core/../key.ui/examples/heap/permissions/threads/Sampler_stateInv_accessible.key 
705444     INFO  main            d.u.i.k.p.i.AbstractProblemLoader Loading environment from /home/runner/work/key/key/key.core/../key.ui/examples/heap/permissions/threads/Sampler_stateInv_accessible.key 
705444     DEBUG main            d.u.i.k.p.i.AbstractProblemLoader Environment load took 83.6ns 
705445     INFO  main            d.u.i.k.p.i.AbstractProblemLoader Creating init config 
710296     DEBUG main            d.u.i.k.p.i.AbstractProblemLoader Init config took 4.85s 
710398     INFO  main            d.u.i.k.p.i.AbstractProblemLoader Replaying proof Sampler[ThreadSpec2::stateInv()].JML accessible clause.0 
710400     DEBUG main            d.u.i.k.p.i.IntermediateProofReplayer Proof replay took 2.7ns 
710502     INFO  main            d.u.i.k.p.r.p.TestFile    ... finished proof: closed. 
711121     INFO  main            d.u.i.k.p.i.AbstractProblemLoader Loading environment from /home/runner/work/key/key/key.core/../key.ui/examples/heap/permissions/threads/Sampler_stateInv_accessible.key.proof 
711121     DEBUG main            d.u.i.k.p.i.AbstractProblemLoader Environment load took 77.9ns 
711121     INFO  main            d.u.i.k.p.i.AbstractProblemLoader Creating init config 
715951     DEBUG main            d.u.i.k.p.i.AbstractProblemLoader Init config took 4.83s 
716039     INFO  main            d.u.i.k.p.i.AbstractProblemLoader Replaying proof Sampler[ThreadSpec2::stateInv()].JML accessible clause.0 
716046     DEBUG main            d.u.i.k.p.i.IntermediateProofReplayer Proof replay took 5.23ms 
716047     DEBUG main            d.u.i.k.p.r.p.TestFile    ... success: reloaded. 
716048     INFO  main            d.u.i.k.p.r.p.TestFile    Now processing file /home/runner/work/key/key/key.core/../key.ui/examples/heap/permissions/threads/Sampler_staticPermissions_accessible.key 
716048     INFO  main            d.u.i.k.p.i.AbstractProblemLoader Loading environment from /home/runner/work/key/key/key.core/../key.ui/examples/heap/permissions/threads/Sampler_staticPermissions_accessible.key 
716048     DEBUG main            d.u.i.k.p.i.AbstractProblemLoader Environment load took 45.5ns 
716049     INFO  main            d.u.i.k.p.i.AbstractProblemLoader Creating init config 
720917     DEBUG main            d.u.i.k.p.i.AbstractProblemLoader Init config took 4.87s 
721025     INFO  main            d.u.i.k.p.i.AbstractProblemLoader Replaying proof Sampler[ThreadSpec2::staticPermissions()].JML accessible clause.0 
721027     DEBUG main            d.u.i.k.p.i.IntermediateProofReplayer Proof replay took 2.9ns 
721132     INFO  main            d.u.i.k.p.r.p.TestFile    ... finished proof: closed. 
721771     INFO  main            d.u.i.k.p.i.AbstractProblemLoader Loading environment from /home/runner/work/key/key/key.core/../key.ui/examples/heap/permissions/threads/Sampler_staticPermissions_accessible.key.proof 
721771     DEBUG main            d.u.i.k.p.i.AbstractProblemLoader Environment load took 75.9ns 
721772     INFO  main            d.u.i.k.p.i.AbstractProblemLoader Creating init config 
726623     DEBUG main            d.u.i.k.p.i.AbstractProblemLoader Init config took 4.85s 
726734     INFO  main            d.u.i.k.p.i.AbstractProblemLoader Replaying proof Sampler[ThreadSpec2::staticPermissions()].JML accessible clause.0 
726739     DEBUG main            d.u.i.k.p.i.IntermediateProofReplayer Proof replay took 3.28ms 
726740     DEBUG main            d.u.i.k.p.r.p.TestFile    ... success: reloaded. 
726741     INFO  main            d.u.i.k.p.r.p.TestFile    Now processing file /home/runner/work/key/key/key.core/../key.ui/examples/heap/permissions/threads/Sampler_workingPermissions_accessible.key 
726741     INFO  main            d.u.i.k.p.i.AbstractProblemLoader Loading environment from /home/runner/work/key/key/key.core/../key.ui/examples/heap/permissions/threads/Sampler_workingPermissions_accessible.key 
726741     DEBUG main            d.u.i.k.p.i.AbstractProblemLoader Environment load took 62.5ns 
726742     INFO  main            d.u.i.k.p.i.AbstractProblemLoader Creating init config 
731698     DEBUG main            d.u.i.k.p.i.AbstractProblemLoader Init config took 4.96s 
731789     INFO  main            d.u.i.k.p.i.AbstractProblemLoader Replaying proof Sampler[ThreadSpec2::workingPermissions()].JML accessible clause.0 
731790     DEBUG main            d.u.i.k.p.i.IntermediateProofReplayer Proof replay took 2.4ns 
731892     INFO  main            d.u.i.k.p.r.p.TestFile    ... finished proof: closed. 
732529     INFO  main            d.u.i.k.p.i.AbstractProblemLoader Loading environment from /home/runner/work/key/key/key.core/../key.ui/examples/heap/permissions/threads/Sampler_workingPermissions_accessible.key.proof 
732529     DEBUG main            d.u.i.k.p.i.AbstractProblemLoader Environment load took 79.5ns 
732530     INFO  main            d.u.i.k.p.i.AbstractProblemLoader Creating init config 
737406     DEBUG main            d.u.i.k.p.i.AbstractProblemLoader Init config took 4.88s 
737509     INFO  main            d.u.i.k.p.i.AbstractProblemLoader Replaying proof Sampler[ThreadSpec2::workingPermissions()].JML accessible clause.0 
737513     DEBUG main            d.u.i.k.p.i.IntermediateProofReplayer Proof replay took 3.65ms 
737514     DEBUG main            d.u.i.k.p.r.p.TestFile    ... success: reloaded. 
737515     INFO  main            d.u.i.k.p.r.p.TestFile    Now processing file /home/runner/work/key/key/key.core/../key.ui/examples/heap/permissions/mulleretal/ReadWrite_doRead_contract.key 
737515     INFO  main            d.u.i.k.p.i.AbstractProblemLoader Loading environment from /home/runner/work/key/key/key.core/../key.ui/examples/heap/permissions/mulleretal/ReadWrite_doRead_contract.key 
737515     DEBUG main            d.u.i.k.p.i.AbstractProblemLoader Environment load took 63.1ns 
737516     INFO  main            d.u.i.k.p.i.AbstractProblemLoader Creating init config 
740411     DEBUG main            d.u.i.k.p.i.AbstractProblemLoader Init config took 2.89s 
740447     INFO  main            d.u.i.k.p.i.AbstractProblemLoader Replaying proof ReadWrite[ReadWrite::doRead()].JML normal_behavior operation contract.0 
740450     DEBUG main            d.u.i.k.p.i.IntermediateProofReplayer Proof replay took 3.3ns 
742058     INFO  main            d.u.i.k.p.r.p.TestFile    ... finished proof: closed. 
742738     INFO  main            d.u.i.k.p.i.AbstractProblemLoader Loading environment from /home/runner/work/key/key/key.core/../key.ui/examples/heap/permissions/mulleretal/ReadWrite_doRead_contract.key.proof 
742738     DEBUG main            d.u.i.k.p.i.AbstractProblemLoader Environment load took 368.92ns 
742739     INFO  main            d.u.i.k.p.i.AbstractProblemLoader Creating init config 
745465     DEBUG main            d.u.i.k.p.i.AbstractProblemLoader Init config took 2.73s 
745501     INFO  main            d.u.i.k.p.i.AbstractProblemLoader Replaying proof ReadWrite[ReadWrite::doRead()].JML normal_behavior operation contract.0 
745822     DEBUG main            d.u.i.k.p.i.IntermediateProofReplayer Proof replay took 314.76ms 
745823     DEBUG main            d.u.i.k.p.r.p.TestFile    ... success: reloaded. 
745824     INFO  main            d.u.i.k.p.r.p.TestFile    Now processing file /home/runner/work/key/key/key.core/../key.ui/examples/heap/permissions/mulleretal/ReadWrite_doWrite_contract.key 
745824     INFO  main            d.u.i.k.p.i.AbstractProblemLoader Loading environment from /home/runner/work/key/key/key.core/../key.ui/examples/heap/permissions/mulleretal/ReadWrite_doWrite_contract.key 
745824     DEBUG main            d.u.i.k.p.i.AbstractProblemLoader Environment load took 86.2ns 
745825     INFO  main            d.u.i.k.p.i.AbstractProblemLoader Creating init config 
748602     DEBUG main            d.u.i.k.p.i.AbstractProblemLoader Init config took 2.78s 
748638     INFO  main            d.u.i.k.p.i.AbstractProblemLoader Replaying proof ReadWrite[ReadWrite::doWrite()].JML normal_behavior operation contract.0 
748639     DEBUG main            d.u.i.k.p.i.IntermediateProofReplayer Proof replay took 3ns 
750251     INFO  main            d.u.i.k.p.r.p.TestFile    ... finished proof: closed. 
750924     INFO  main            d.u.i.k.p.i.AbstractProblemLoader Loading environment from /home/runner/work/key/key/key.core/../key.ui/examples/heap/permissions/mulleretal/ReadWrite_doWrite_contract.key.proof 
750925     DEBUG main            d.u.i.k.p.i.AbstractProblemLoader Environment load took 335.42ns 
750926     INFO  main            d.u.i.k.p.i.AbstractProblemLoader Creating init config 
753632     DEBUG main            d.u.i.k.p.i.AbstractProblemLoader Init config took 2.71s 
753671     INFO  main            d.u.i.k.p.i.AbstractProblemLoader Replaying proof ReadWrite[ReadWrite::doWrite()].JML normal_behavior operation contract.0 
754016     DEBUG main            d.u.i.k.p.i.IntermediateProofReplayer Proof replay took 339.17ms 
754017     DEBUG main            d.u.i.k.p.r.p.TestFile    ... success: reloaded. 
754018     INFO  main            d.u.i.k.p.r.p.TestFile    Now processing file /home/runner/work/key/key/key.core/../key.ui/examples/heap/permissions/mulleretal/ReadWrite_read_contract.key 
754018     INFO  main            d.u.i.k.p.i.AbstractProblemLoader Loading environment from /home/runner/work/key/key/key.core/../key.ui/examples/heap/permissions/mulleretal/ReadWrite_read_contract.key 
754018     DEBUG main            d.u.i.k.p.i.AbstractProblemLoader Environment load took 79.9ns 
754019     INFO  main            d.u.i.k.p.i.AbstractProblemLoader Creating init config 
756875     DEBUG main            d.u.i.k.p.i.AbstractProblemLoader Init config took 2.86s 
756913     INFO  main            d.u.i.k.p.i.AbstractProblemLoader Replaying proof ReadWrite[ReadWrite::read()].JML normal_behavior operation contract.0 
756914     DEBUG main            d.u.i.k.p.i.IntermediateProofReplayer Proof replay took 3ns 
757016     INFO  main            d.u.i.k.p.r.p.TestFile    ... finished proof: closed. 
757669     INFO  main            d.u.i.k.p.i.AbstractProblemLoader Loading environment from /home/runner/work/key/key/key.core/../key.ui/examples/heap/permissions/mulleretal/ReadWrite_read_contract.key.proof 
757669     DEBUG main            d.u.i.k.p.i.AbstractProblemLoader Environment load took 83.1ns 
757670     INFO  main            d.u.i.k.p.i.AbstractProblemLoader Creating init config 
760436     DEBUG main            d.u.i.k.p.i.AbstractProblemLoader Init config took 2.77s 
760474     INFO  main            d.u.i.k.p.i.AbstractProblemLoader Replaying proof ReadWrite[ReadWrite::read()].JML normal_behavior operation contract.0 
760481     DEBUG main            d.u.i.k.p.i.IntermediateProofReplayer Proof replay took 4.93ms 
760481     DEBUG main            d.u.i.k.p.r.p.TestFile    ... success: reloaded. 
760482     INFO  main            d.u.i.k.p.r.p.TestFile    Now processing file /home/runner/work/key/key/key.core/../key.ui/examples/heap/permissions/mulleretal/ReadWrite_write_contract.key 
760482     INFO  main            d.u.i.k.p.i.AbstractProblemLoader Loading environment from /home/runner/work/key/key/key.core/../key.ui/examples/heap/permissions/mulleretal/ReadWrite_write_contract.key 
760482     DEBUG main            d.u.i.k.p.i.AbstractProblemLoader Environment load took 56.1ns 
760483     INFO  main            d.u.i.k.p.i.AbstractProblemLoader Creating init config 
763241     DEBUG main            d.u.i.k.p.i.AbstractProblemLoader Init config took 2.76s 
763278     INFO  main            d.u.i.k.p.i.AbstractProblemLoader Replaying proof ReadWrite[ReadWrite::write()].JML normal_behavior operation contract.0 
763280     DEBUG main            d.u.i.k.p.i.IntermediateProofReplayer Proof replay took 3.6ns 
763382     INFO  main            d.u.i.k.p.r.p.TestFile    ... finished proof: closed. 
764038     INFO  main            d.u.i.k.p.i.AbstractProblemLoader Loading environment from /home/runner/work/key/key/key.core/../key.ui/examples/heap/permissions/mulleretal/ReadWrite_write_contract.key.proof 
764038     DEBUG main            d.u.i.k.p.i.AbstractProblemLoader Environment load took 69.7ns 
764039     INFO  main            d.u.i.k.p.i.AbstractProblemLoader Creating init config 
766757     DEBUG main            d.u.i.k.p.i.AbstractProblemLoader Init config took 2.72s 
766795     INFO  main            d.u.i.k.p.i.AbstractProblemLoader Replaying proof ReadWrite[ReadWrite::write()].JML normal_behavior operation contract.0 
766816     DEBUG main            d.u.i.k.p.i.IntermediateProofReplayer Proof replay took 19.47ms 
766816     DEBUG main            d.u.i.k.p.r.p.TestFile    ... success: reloaded. 
766817     INFO  main            d.u.i.k.p.r.p.TestFile    Now processing file /home/runner/work/key/key/key.core/../key.ui/examples/heap/permissions/mulleretal/ReadWrite_inv1_accessible.key 
766817     INFO  main            d.u.i.k.p.i.AbstractProblemLoader Loading environment from /home/runner/work/key/key/key.core/../key.ui/examples/heap/permissions/mulleretal/ReadWrite_inv1_accessible.key 
766817     DEBUG main            d.u.i.k.p.i.AbstractProblemLoader Environment load took 45.9ns 
766818     INFO  main            d.u.i.k.p.i.AbstractProblemLoader Creating init config 
769593     DEBUG main            d.u.i.k.p.i.AbstractProblemLoader Init config took 2.77s 
769628     INFO  main            d.u.i.k.p.i.AbstractProblemLoader Replaying proof ReadWrite[java.lang.Object::<inv>()].JML accessible clause.0 
769629     DEBUG main            d.u.i.k.p.i.IntermediateProofReplayer Proof replay took 2.5ns 
769731     INFO  main            d.u.i.k.p.r.p.TestFile    ... finished proof: closed. 
770392     INFO  main            d.u.i.k.p.i.AbstractProblemLoader Loading environment from /home/runner/work/key/key/key.core/../key.ui/examples/heap/permissions/mulleretal/ReadWrite_inv1_accessible.key.proof 
770392     DEBUG main            d.u.i.k.p.i.AbstractProblemLoader Environment load took 79.1ns 
770393     INFO  main            d.u.i.k.p.i.AbstractProblemLoader Creating init config 
773175     DEBUG main            d.u.i.k.p.i.AbstractProblemLoader Init config took 2.78s 
773212     INFO  main            d.u.i.k.p.i.AbstractProblemLoader Replaying proof ReadWrite[java.lang.Object::<inv>()].JML accessible clause.0 
773214     DEBUG main            d.u.i.k.p.i.IntermediateProofReplayer Proof replay took 1.35ms 
773215     DEBUG main            d.u.i.k.p.r.p.TestFile    ... success: reloaded. 
773215     INFO  main            d.u.i.k.p.r.p.TestFile    Now processing file /home/runner/work/key/key/key.core/../key.ui/examples/heap/permissions/mulleretal/ReadWrite_inv2_accessible.key 
773216     INFO  main            d.u.i.k.p.i.AbstractProblemLoader Loading environment from /home/runner/work/key/key/key.core/../key.ui/examples/heap/permissions/mulleretal/ReadWrite_inv2_accessible.key 
773216     DEBUG main            d.u.i.k.p.i.AbstractProblemLoader Environment load took 44.3ns 
773216     INFO  main            d.u.i.k.p.i.AbstractProblemLoader Creating init config 
776055     DEBUG main            d.u.i.k.p.i.AbstractProblemLoader Init config took 2.84s 
776090     INFO  main            d.u.i.k.p.i.AbstractProblemLoader Replaying proof ReadWrite[java.lang.Object::<inv>()].JML accessible clause.1 
776091     DEBUG main            d.u.i.k.p.i.IntermediateProofReplayer Proof replay took 2.4ns 
776196     INFO  main            d.u.i.k.p.r.p.TestFile    ... finished proof: closed. 
776871     INFO  main            d.u.i.k.p.i.AbstractProblemLoader Loading environment from /home/runner/work/key/key/key.core/../key.ui/examples/heap/permissions/mulleretal/ReadWrite_inv2_accessible.key.proof 
776871     DEBUG main            d.u.i.k.p.i.AbstractProblemLoader Environment load took 78.7ns 
776872     INFO  main            d.u.i.k.p.i.AbstractProblemLoader Creating init config 
779728     DEBUG main            d.u.i.k.p.i.AbstractProblemLoader Init config took 2.86s 
779771     INFO  main            d.u.i.k.p.i.AbstractProblemLoader Replaying proof ReadWrite[java.lang.Object::<inv>()].JML accessible clause.1 
779774     DEBUG main            d.u.i.k.p.i.IntermediateProofReplayer Proof replay took 1.69ms 
779775     DEBUG main            d.u.i.k.p.r.p.TestFile    ... success: reloaded. 
779775     INFO  main            d.u.i.k.p.r.p.TestFile    Now processing file /home/runner/work/key/key/key.core/../key.ui/examples/heap/permissions/lockspec/Counter_lockConsistent_contract.key 
779775     INFO  main            d.u.i.k.p.i.AbstractProblemLoader Loading environment from /home/runner/work/key/key/key.core/../key.ui/examples/heap/permissions/lockspec/Counter_lockConsistent_contract.key 
779776     DEBUG main            d.u.i.k.p.i.AbstractProblemLoader Environment load took 74.7ns 
779776     INFO  main            d.u.i.k.p.i.AbstractProblemLoader Creating init config 
783458     DEBUG main            d.u.i.k.p.i.AbstractProblemLoader Init config took 3.68s 
783522     INFO  main            d.u.i.k.p.i.AbstractProblemLoader Replaying proof Counter[LockSpec::lockConsistent()].JML model_behavior operation contract.0 
783523     DEBUG main            d.u.i.k.p.i.IntermediateProofReplayer Proof replay took 2.9ns 
784630     INFO  main            d.u.i.k.p.r.p.TestFile    ... finished proof: closed. 
785303     INFO  main            d.u.i.k.p.i.AbstractProblemLoader Loading environment from /home/runner/work/key/key/key.core/../key.ui/examples/heap/permissions/lockspec/Counter_lockConsistent_contract.key.proof 
785303     DEBUG main            d.u.i.k.p.i.AbstractProblemLoader Environment load took 138.01ns 
785304     INFO  main            d.u.i.k.p.i.AbstractProblemLoader Creating init config 
788678     DEBUG main            d.u.i.k.p.i.AbstractProblemLoader Init config took 3.37s 
788745     INFO  main            d.u.i.k.p.i.AbstractProblemLoader Replaying proof Counter[LockSpec::lockConsistent()].JML model_behavior operation contract.0 
788957     DEBUG main            d.u.i.k.p.i.IntermediateProofReplayer Proof replay took 201.55ms 
788958     DEBUG main            d.u.i.k.p.r.p.TestFile    ... success: reloaded. 
788959     INFO  main            d.u.i.k.p.r.p.TestFile    Now processing file /home/runner/work/key/key/key.core/../key.ui/examples/heap/permissions/lockspec/Counter_increase_contract.key 
788959     INFO  main            d.u.i.k.p.i.AbstractProblemLoader Loading environment from /home/runner/work/key/key/key.core/../key.ui/examples/heap/permissions/lockspec/Counter_increase_contract.key 
788959     DEBUG main            d.u.i.k.p.i.AbstractProblemLoader Environment load took 172.11ns 
788960     INFO  main            d.u.i.k.p.i.AbstractProblemLoader Creating init config 
792427     DEBUG main            d.u.i.k.p.i.AbstractProblemLoader Init config took 3.47s 
792482     INFO  main            d.u.i.k.p.i.AbstractProblemLoader Replaying proof Counter[Counter::increase()].JML normal_behavior operation contract.0 
792489     DEBUG main            d.u.i.k.p.i.IntermediateProofReplayer Proof replay took 2.5ns 
794810     INFO  main            d.u.i.k.p.r.p.TestFile    ... finished proof: closed. 
795523     INFO  main            d.u.i.k.p.i.AbstractProblemLoader Loading environment from /home/runner/work/key/key/key.core/../key.ui/examples/heap/permissions/lockspec/Counter_increase_contract.key.proof 
795523     DEBUG main            d.u.i.k.p.i.AbstractProblemLoader Environment load took 316.11ns 
795524     INFO  main            d.u.i.k.p.i.AbstractProblemLoader Creating init config 
799015     DEBUG main            d.u.i.k.p.i.AbstractProblemLoader Init config took 3.49s 
799077     INFO  main            d.u.i.k.p.i.AbstractProblemLoader Replaying proof Counter[Counter::increase()].JML normal_behavior operation contract.0 
799358     DEBUG main            d.u.i.k.p.i.IntermediateProofReplayer Proof replay took 260.75ms 
799361     DEBUG main            d.u.i.k.p.r.p.TestFile    ... success: reloaded. 
799361     INFO  main            d.u.i.k.p.r.p.TestFile    Now processing file /home/runner/work/key/key/key.core/../key.ui/examples/heap/permissions/lockspec/Counter_fp_accessible.key 
799362     INFO  main            d.u.i.k.p.i.AbstractProblemLoader Loading environment from /home/runner/work/key/key/key.core/../key.ui/examples/heap/permissions/lockspec/Counter_fp_accessible.key 
799362     DEBUG main            d.u.i.k.p.i.AbstractProblemLoader Environment load took 78ns 
799363     INFO  main            d.u.i.k.p.i.AbstractProblemLoader Creating init config 
802809     DEBUG main            d.u.i.k.p.i.AbstractProblemLoader Init config took 3.45s 
802876     INFO  main            d.u.i.k.p.i.AbstractProblemLoader Replaying proof Counter[LockSpec::fp()].JML accessible clause.0 
802878     DEBUG main            d.u.i.k.p.i.IntermediateProofReplayer Proof replay took 2.9ns 
802980     INFO  main            d.u.i.k.p.r.p.TestFile    ... finished proof: closed. 
803646     INFO  main            d.u.i.k.p.i.AbstractProblemLoader Loading environment from /home/runner/work/key/key/key.core/../key.ui/examples/heap/permissions/lockspec/Counter_fp_accessible.key.proof 
803646     DEBUG main            d.u.i.k.p.i.AbstractProblemLoader Environment load took 77.4ns 
803646     INFO  main            d.u.i.k.p.i.AbstractProblemLoader Creating init config 
806912     DEBUG main            d.u.i.k.p.i.AbstractProblemLoader Init config took 3.27s 
806977     INFO  main            d.u.i.k.p.i.AbstractProblemLoader Replaying proof Counter[LockSpec::fp()].JML accessible clause.0 
806987     DEBUG main            d.u.i.k.p.i.IntermediateProofReplayer Proof replay took 8.22ms 
806988     DEBUG main            d.u.i.k.p.r.p.TestFile    ... success: reloaded. 
806989     INFO  main            d.u.i.k.p.r.p.TestFile    Now processing file /home/runner/work/key/key/key.core/../key.ui/examples/heap/permissions/lockspec/Counter_fpLock_accessible.key 
806989     INFO  main            d.u.i.k.p.i.AbstractProblemLoader Loading environment from /home/runner/work/key/key/key.core/../key.ui/examples/heap/permissions/lockspec/Counter_fpLock_accessible.key 
806989     DEBUG main            d.u.i.k.p.i.AbstractProblemLoader Environment load took 158.71ns 
806990     INFO  main            d.u.i.k.p.i.AbstractProblemLoader Creating init config 
810419     DEBUG main            d.u.i.k.p.i.AbstractProblemLoader Init config took 3.43s 
810478     INFO  main            d.u.i.k.p.i.AbstractProblemLoader Replaying proof Counter[LockSpec::fpLock()].JML accessible clause.0 
810480     DEBUG main            d.u.i.k.p.i.IntermediateProofReplayer Proof replay took 3.3ns 
810584     INFO  main            d.u.i.k.p.r.p.TestFile    ... finished proof: closed. 
811272     INFO  main            d.u.i.k.p.i.AbstractProblemLoader Loading environment from /home/runner/work/key/key/key.core/../key.ui/examples/heap/permissions/lockspec/Counter_fpLock_accessible.key.proof 
811272     DEBUG main            d.u.i.k.p.i.AbstractProblemLoader Environment load took 80.5ns 
811273     INFO  main            d.u.i.k.p.i.AbstractProblemLoader Creating init config 
814623     DEBUG main            d.u.i.k.p.i.AbstractProblemLoader Init config took 3.35s 
814690     INFO  main            d.u.i.k.p.i.AbstractProblemLoader Replaying proof Counter[LockSpec::fpLock()].JML accessible clause.0 
814700     DEBUG main            d.u.i.k.p.i.IntermediateProofReplayer Proof replay took 8.58ms 
814701     DEBUG main            d.u.i.k.p.r.p.TestFile    ... success: reloaded. 
814702     INFO  main            d.u.i.k.p.r.p.TestFile    Now processing file /home/runner/work/key/key/key.core/../key.ui/examples/heap/permissions/lockspec/Counter_fpPerm_accessible.key 
814702     INFO  main            d.u.i.k.p.i.AbstractProblemLoader Loading environment from /home/runner/work/key/key/key.core/../key.ui/examples/heap/permissions/lockspec/Counter_fpPerm_accessible.key 
814702     DEBUG main            d.u.i.k.p.i.AbstractProblemLoader Environment load took 159.81ns 
814703     INFO  main            d.u.i.k.p.i.AbstractProblemLoader Creating init config 
818196     DEBUG main            d.u.i.k.p.i.AbstractProblemLoader Init config took 3.49s 
818282     INFO  main            d.u.i.k.p.i.AbstractProblemLoader Replaying proof Counter[LockSpec::fpPerm()].JML accessible clause.0 
818284     DEBUG main            d.u.i.k.p.i.IntermediateProofReplayer Proof replay took 3.1ns 
818386     INFO  main            d.u.i.k.p.r.p.TestFile    ... finished proof: closed. 
819089     INFO  main            d.u.i.k.p.i.AbstractProblemLoader Loading environment from /home/runner/work/key/key/key.core/../key.ui/examples/heap/permissions/lockspec/Counter_fpPerm_accessible.key.proof 
819089     DEBUG main            d.u.i.k.p.i.AbstractProblemLoader Environment load took 79.7ns 
819090     INFO  main            d.u.i.k.p.i.AbstractProblemLoader Creating init config 
822403     DEBUG main            d.u.i.k.p.i.AbstractProblemLoader Init config took 3.31s 
822465     INFO  main            d.u.i.k.p.i.AbstractProblemLoader Replaying proof Counter[LockSpec::fpPerm()].JML accessible clause.0 
822474     DEBUG main            d.u.i.k.p.i.IntermediateProofReplayer Proof replay took 7.3ms 
822475     DEBUG main            d.u.i.k.p.r.p.TestFile    ... success: reloaded. 
822475     INFO  main            d.u.i.k.p.r.p.TestFile    Now processing file /home/runner/work/key/key/key.core/../key.ui/examples/heap/permissions/lockspec/Counter_inv_accessible1.key 
822476     INFO  main            d.u.i.k.p.i.AbstractProblemLoader Loading environment from /home/runner/work/key/key/key.core/../key.ui/examples/heap/permissions/lockspec/Counter_inv_accessible1.key 
822476     DEBUG main            d.u.i.k.p.i.AbstractProblemLoader Environment load took 199.21ns 
822477     INFO  main            d.u.i.k.p.i.AbstractProblemLoader Creating init config 
825936     DEBUG main            d.u.i.k.p.i.AbstractProblemLoader Init config took 3.46s 
825995     INFO  main            d.u.i.k.p.i.AbstractProblemLoader Replaying proof Counter[java.lang.Object::<inv>()].JML accessible clause.0 
825996     DEBUG main            d.u.i.k.p.i.IntermediateProofReplayer Proof replay took 2.8ns 
826098     INFO  main            d.u.i.k.p.r.p.TestFile    ... finished proof: closed. 
826800     INFO  main            d.u.i.k.p.i.AbstractProblemLoader Loading environment from /home/runner/work/key/key/key.core/../key.ui/examples/heap/permissions/lockspec/Counter_inv_accessible1.key.proof 
826800     DEBUG main            d.u.i.k.p.i.AbstractProblemLoader Environment load took 95.1ns 
826801     INFO  main            d.u.i.k.p.i.AbstractProblemLoader Creating init config 
830228     DEBUG main            d.u.i.k.p.i.AbstractProblemLoader Init config took 3.43s 
830294     INFO  main            d.u.i.k.p.i.AbstractProblemLoader Replaying proof Counter[java.lang.Object::<inv>()].JML accessible clause.0 
830306     DEBUG main            d.u.i.k.p.i.IntermediateProofReplayer Proof replay took 10.16ms 
830307     DEBUG main            d.u.i.k.p.r.p.TestFile    ... success: reloaded. 
830308     INFO  main            d.u.i.k.p.r.p.TestFile    Now processing file /home/runner/work/key/key/key.core/../key.ui/examples/heap/permissions/lockspec/Counter_inv_accessible2.key 
830308     INFO  main            d.u.i.k.p.i.AbstractProblemLoader Loading environment from /home/runner/work/key/key/key.core/../key.ui/examples/heap/permissions/lockspec/Counter_inv_accessible2.key 
830308     DEBUG main            d.u.i.k.p.i.AbstractProblemLoader Environment load took 163.21ns 
830309     INFO  main            d.u.i.k.p.i.AbstractProblemLoader Creating init config 
833726     DEBUG main            d.u.i.k.p.i.AbstractProblemLoader Init config took 3.42s 
833790     INFO  main            d.u.i.k.p.i.AbstractProblemLoader Replaying proof Counter[java.lang.Object::<inv>()].JML accessible clause.1 
833792     DEBUG main            d.u.i.k.p.i.IntermediateProofReplayer Proof replay took 2.8ns 
833893     INFO  main            d.u.i.k.p.r.p.TestFile    ... finished proof: closed. 
834598     INFO  main            d.u.i.k.p.i.AbstractProblemLoader Loading environment from /home/runner/work/key/key/key.core/../key.ui/examples/heap/permissions/lockspec/Counter_inv_accessible2.key.proof 
834599     DEBUG main            d.u.i.k.p.i.AbstractProblemLoader Environment load took 93.8ns 
834600     INFO  main            d.u.i.k.p.i.AbstractProblemLoader Creating init config 
837900     DEBUG main            d.u.i.k.p.i.AbstractProblemLoader Init config took 3.3s 
837967     INFO  main            d.u.i.k.p.i.AbstractProblemLoader Replaying proof Counter[java.lang.Object::<inv>()].JML accessible clause.1 
837993     DEBUG main            d.u.i.k.p.i.IntermediateProofReplayer Proof replay took 24.15ms 
837994     DEBUG main            d.u.i.k.p.r.p.TestFile    ... success: reloaded. 
837995     INFO  main            d.u.i.k.p.r.p.TestFile    Now processing file /home/runner/work/key/key/key.core/../key.ui/examples/heap/permissions/lockspec/Counter_lockRef_accessible.key 
837996     INFO  main            d.u.i.k.p.i.AbstractProblemLoader Loading environment from /home/runner/work/key/key/key.core/../key.ui/examples/heap/permissions/lockspec/Counter_lockRef_accessible.key 
837996     DEBUG main            d.u.i.k.p.i.AbstractProblemLoader Environment load took 132.71ns 
837998     INFO  main            d.u.i.k.p.i.AbstractProblemLoader Creating init config 
841477     DEBUG main            d.u.i.k.p.i.AbstractProblemLoader Init config took 3.48s 
841535     INFO  main            d.u.i.k.p.i.AbstractProblemLoader Replaying proof Counter[LockSpec::lockRef()].JML accessible clause.0 
841536     DEBUG main            d.u.i.k.p.i.IntermediateProofReplayer Proof replay took 2.5ns 
841739     INFO  main            d.u.i.k.p.r.p.TestFile    ... finished proof: closed. 
842456     INFO  main            d.u.i.k.p.i.AbstractProblemLoader Loading environment from /home/runner/work/key/key/key.core/../key.ui/examples/heap/permissions/lockspec/Counter_lockRef_accessible.key.proof 
842456     DEBUG main            d.u.i.k.p.i.AbstractProblemLoader Environment load took 81.6ns 
842457     INFO  main            d.u.i.k.p.i.AbstractProblemLoader Creating init config 
845775     DEBUG main            d.u.i.k.p.i.AbstractProblemLoader Init config took 3.32s 
845840     INFO  main            d.u.i.k.p.i.AbstractProblemLoader Replaying proof Counter[LockSpec::lockRef()].JML accessible clause.0 
845874     DEBUG main            d.u.i.k.p.i.IntermediateProofReplayer Proof replay took 31.37ms 
845874     DEBUG main            d.u.i.k.p.r.p.TestFile    ... success: reloaded. 
845875     INFO  main            d.u.i.k.p.r.p.TestFile    Now processing file /home/runner/work/key/key/key.core/../key.ui/examples/heap/permissions/lockspec/Counter_lockRef_contract1.key 
845876     INFO  main            d.u.i.k.p.i.AbstractProblemLoader Loading environment from /home/runner/work/key/key/key.core/../key.ui/examples/heap/permissions/lockspec/Counter_lockRef_contract1.key 
845876     DEBUG main            d.u.i.k.p.i.AbstractProblemLoader Environment load took 106.6ns 
845877     INFO  main            d.u.i.k.p.i.AbstractProblemLoader Creating init config 
849239     DEBUG main            d.u.i.k.p.i.AbstractProblemLoader Init config took 3.36s 
849300     INFO  main            d.u.i.k.p.i.AbstractProblemLoader Replaying proof Counter[LockSpec::lockRef()].JML model_behavior operation contract.0 
849302     DEBUG main            d.u.i.k.p.i.IntermediateProofReplayer Proof replay took 2.6ns 
849403     INFO  main            d.u.i.k.p.r.p.TestFile    ... finished proof: closed. 
850130     INFO  main            d.u.i.k.p.i.AbstractProblemLoader Loading environment from /home/runner/work/key/key/key.core/../key.ui/examples/heap/permissions/lockspec/Counter_lockRef_contract1.key.proof 
850131     DEBUG main            d.u.i.k.p.i.AbstractProblemLoader Environment load took 80.9ns 
850131     INFO  main            d.u.i.k.p.i.AbstractProblemLoader Creating init config 
853506     DEBUG main            d.u.i.k.p.i.AbstractProblemLoader Init config took 3.37s 
853572     INFO  main            d.u.i.k.p.i.AbstractProblemLoader Replaying proof Counter[LockSpec::lockRef()].JML model_behavior operation contract.0 
853577     DEBUG main            d.u.i.k.p.i.IntermediateProofReplayer Proof replay took 3.65ms 
853577     DEBUG main            d.u.i.k.p.r.p.TestFile    ... success: reloaded. 
853578     INFO  main            d.u.i.k.p.r.p.TestFile    Now processing file /home/runner/work/key/key/key.core/../key.ui/examples/heap/permissions/lockspec/Counter_lockRef_contract2.key 
853578     INFO  main            d.u.i.k.p.i.AbstractProblemLoader Loading environment from /home/runner/work/key/key/key.core/../key.ui/examples/heap/permissions/lockspec/Counter_lockRef_contract2.key 
853578     DEBUG main            d.u.i.k.p.i.AbstractProblemLoader Environment load took 100.8ns 
853579     INFO  main            d.u.i.k.p.i.AbstractProblemLoader Creating init config 
857017     DEBUG main            d.u.i.k.p.i.AbstractProblemLoader Init config took 3.44s 
857078     INFO  main            d.u.i.k.p.i.AbstractProblemLoader Replaying proof Counter[Counter::lockRef()].JML model_behavior operation contract.0 
857079     DEBUG main            d.u.i.k.p.i.IntermediateProofReplayer Proof replay took 3.1ns 
857181     INFO  main            d.u.i.k.p.r.p.TestFile    ... finished proof: closed. 
857924     INFO  main            d.u.i.k.p.i.AbstractProblemLoader Loading environment from /home/runner/work/key/key/key.core/../key.ui/examples/heap/permissions/lockspec/Counter_lockRef_contract2.key.proof 
857925     DEBUG main            d.u.i.k.p.i.AbstractProblemLoader Environment load took 72ns 
857925     INFO  main            d.u.i.k.p.i.AbstractProblemLoader Creating init config 
861310     DEBUG main            d.u.i.k.p.i.AbstractProblemLoader Init config took 3.38s 
861431     INFO  main            d.u.i.k.p.i.AbstractProblemLoader Replaying proof Counter[Counter::lockRef()].JML model_behavior operation contract.0 
861436     DEBUG main            d.u.i.k.p.i.IntermediateProofReplayer Proof replay took 3.56ms 
861443     DEBUG main            d.u.i.k.p.r.p.TestFile    ... success: reloaded. 
861444     INFO  main            d.u.i.k.p.r.p.TestFile    Now processing file /home/runner/work/key/key/key.core/../key.ui/examples/heap/permissions/lockspec/Counter_lockState_accessible.key 
861444     INFO  main            d.u.i.k.p.i.AbstractProblemLoader Loading environment from /home/runner/work/key/key/key.core/../key.ui/examples/heap/permissions/lockspec/Counter_lockState_accessible.key 
861445     DEBUG main            d.u.i.k.p.i.AbstractProblemLoader Environment load took 163.31ns 
861445     INFO  main            d.u.i.k.p.i.AbstractProblemLoader Creating init config 
864906     DEBUG main            d.u.i.k.p.i.AbstractProblemLoader Init config took 3.46s 
864984     INFO  main            d.u.i.k.p.i.AbstractProblemLoader Replaying proof Counter[LockSpec::lockState(boolean)].JML accessible clause.0 
864985     DEBUG main            d.u.i.k.p.i.IntermediateProofReplayer Proof replay took 2.5ns 
865188     INFO  main            d.u.i.k.p.r.p.TestFile    ... finished proof: closed. 
865920     INFO  main            d.u.i.k.p.i.AbstractProblemLoader Loading environment from /home/runner/work/key/key/key.core/../key.ui/examples/heap/permissions/lockspec/Counter_lockState_accessible.key.proof 
865920     DEBUG main            d.u.i.k.p.i.AbstractProblemLoader Environment load took 77.1ns 
865921     INFO  main            d.u.i.k.p.i.AbstractProblemLoader Creating init config 
869391     DEBUG main            d.u.i.k.p.i.AbstractProblemLoader Init config took 3.47s 
869483     INFO  main            d.u.i.k.p.i.AbstractProblemLoader Replaying proof Counter[LockSpec::lockState(boolean)].JML accessible clause.0 
869528     DEBUG main            d.u.i.k.p.i.IntermediateProofReplayer Proof replay took 42.42ms 
869529     DEBUG main            d.u.i.k.p.r.p.TestFile    ... success: reloaded. 
869530     INFO  main            d.u.i.k.p.r.p.TestFile    Now processing file /home/runner/work/key/key/key.core/../key.ui/examples/heap/permissions/lockspec/Counter_lockStatus_accessible.key 
869532     INFO  main            d.u.i.k.p.i.AbstractProblemLoader Loading environment from /home/runner/work/key/key/key.core/../key.ui/examples/heap/permissions/lockspec/Counter_lockStatus_accessible.key 
869533     DEBUG main            d.u.i.k.p.i.AbstractProblemLoader Environment load took 185.31ns 
869533     INFO  main            d.u.i.k.p.i.AbstractProblemLoader Creating init config 
872995     DEBUG main            d.u.i.k.p.i.AbstractProblemLoader Init config took 3.46s 
873052     INFO  main            d.u.i.k.p.i.AbstractProblemLoader Replaying proof Counter[LockSpec::lockStatus(boolean)].JML accessible clause.0 
873053     DEBUG main            d.u.i.k.p.i.IntermediateProofReplayer Proof replay took 2.8ns 
873155     INFO  main            d.u.i.k.p.r.p.TestFile    ... finished proof: closed. 
873898     INFO  main            d.u.i.k.p.i.AbstractProblemLoader Loading environment from /home/runner/work/key/key/key.core/../key.ui/examples/heap/permissions/lockspec/Counter_lockStatus_accessible.key.proof 
873898     DEBUG main            d.u.i.k.p.i.AbstractProblemLoader Environment load took 79.8ns 
873899     INFO  main            d.u.i.k.p.i.AbstractProblemLoader Creating init config 
877245     DEBUG main            d.u.i.k.p.i.AbstractProblemLoader Init config took 3.35s 
877318     INFO  main            d.u.i.k.p.i.AbstractProblemLoader Replaying proof Counter[LockSpec::lockStatus(boolean)].JML accessible clause.0 
877337     DEBUG main            d.u.i.k.p.i.IntermediateProofReplayer Proof replay took 16.52ms 
877338     DEBUG main            d.u.i.k.p.r.p.TestFile    ... success: reloaded. 
877338     INFO  main            d.u.i.k.p.r.p.TestFile    Now processing file /home/runner/work/key/key/key.core/../key.ui/examples/heap/permissions/lockspec/Counter_lockTransfer_accessible.key 
877339     INFO  main            d.u.i.k.p.i.AbstractProblemLoader Loading environment from /home/runner/work/key/key/key.core/../key.ui/examples/heap/permissions/lockspec/Counter_lockTransfer_accessible.key 
877339     DEBUG main            d.u.i.k.p.i.AbstractProblemLoader Environment load took 162.71ns 
877340     INFO  main            d.u.i.k.p.i.AbstractProblemLoader Creating init config 
880748     DEBUG main            d.u.i.k.p.i.AbstractProblemLoader Init config took 3.41s 
880804     INFO  main            d.u.i.k.p.i.AbstractProblemLoader Replaying proof Counter[LockSpec::lockTransfer()].JML accessible clause.0 
880805     DEBUG main            d.u.i.k.p.i.IntermediateProofReplayer Proof replay took 2.7ns 
881208     INFO  main            d.u.i.k.p.r.p.TestFile    ... finished proof: closed. 
881949     INFO  main            d.u.i.k.p.i.AbstractProblemLoader Loading environment from /home/runner/work/key/key/key.core/../key.ui/examples/heap/permissions/lockspec/Counter_lockTransfer_accessible.key.proof 
881949     DEBUG main            d.u.i.k.p.i.AbstractProblemLoader Environment load took 78.1ns 
881950     INFO  main            d.u.i.k.p.i.AbstractProblemLoader Creating init config 
885325     DEBUG main            d.u.i.k.p.i.AbstractProblemLoader Init config took 3.38s 
885401     INFO  main            d.u.i.k.p.i.AbstractProblemLoader Replaying proof Counter[LockSpec::lockTransfer()].JML accessible clause.0 
885473     DEBUG main            d.u.i.k.p.i.IntermediateProofReplayer Proof replay took 68.74ms 
885474     DEBUG main            d.u.i.k.p.r.p.TestFile    ... success: reloaded. 
885475     INFO  main            d.u.i.k.p.r.p.TestFile    Now processing file /home/runner/work/key/key/key.core/../key.ui/examples/heap/permissions/lockspec/Counter_unlockTransfer_accessible.key 
885476     INFO  main            d.u.i.k.p.i.AbstractProblemLoader Loading environment from /home/runner/work/key/key/key.core/../key.ui/examples/heap/permissions/lockspec/Counter_unlockTransfer_accessible.key 
885476     DEBUG main            d.u.i.k.p.i.AbstractProblemLoader Environment load took 186.71ns 
885477     INFO  main            d.u.i.k.p.i.AbstractProblemLoader Creating init config 
888969     DEBUG main            d.u.i.k.p.i.AbstractProblemLoader Init config took 3.49s 
889025     INFO  main            d.u.i.k.p.i.AbstractProblemLoader Replaying proof Counter[LockSpec::unlockTransfer()].JML accessible clause.0 
889027     DEBUG main            d.u.i.k.p.i.IntermediateProofReplayer Proof replay took 3ns 
889430     INFO  main            d.u.i.k.p.r.p.TestFile    ... finished proof: closed. 
890218     INFO  main            d.u.i.k.p.i.AbstractProblemLoader Loading environment from /home/runner/work/key/key/key.core/../key.ui/examples/heap/permissions/lockspec/Counter_unlockTransfer_accessible.key.proof 
890218     DEBUG main            d.u.i.k.p.i.AbstractProblemLoader Environment load took 77.7ns 
890219     INFO  main            d.u.i.k.p.i.AbstractProblemLoader Creating init config 
893588     DEBUG main            d.u.i.k.p.i.AbstractProblemLoader Init config took 3.37s 
893654     INFO  main            d.u.i.k.p.i.AbstractProblemLoader Replaying proof Counter[LockSpec::unlockTransfer()].JML accessible clause.0 
893728     DEBUG main            d.u.i.k.p.i.IntermediateProofReplayer Proof replay took 69.81ms 
893729     DEBUG main            d.u.i.k.p.r.p.TestFile    ... success: reloaded. 
893730     INFO  main            d.u.i.k.p.r.p.TestFile    Now processing file /home/runner/work/key/key/key.core/../key.ui/examples/heap/permissions/threads/Plotter_startTransfer_contract.proof 
893731     INFO  main            d.u.i.k.p.i.AbstractProblemLoader Loading environment from /home/runner/work/key/key/key.core/../key.ui/examples/heap/permissions/threads/Plotter_startTransfer_contract.proof 
893731     DEBUG main            d.u.i.k.p.i.AbstractProblemLoader Environment load took 222.31ns 
893732     INFO  main            d.u.i.k.p.i.AbstractProblemLoader Creating init config 
898954     DEBUG main            d.u.i.k.p.i.AbstractProblemLoader Init config took 5.22s 
899086     INFO  main            d.u.i.k.p.i.AbstractProblemLoader Replaying proof Plotter[ThreadSpec2::startTransfer()].JML model_behavior operation contract.0 
899171     DEBUG main            d.u.i.k.p.i.IntermediateProofReplayer Proof replay took 77.04ms 
899172     INFO  main            d.u.i.k.p.r.p.TestFile    ... success: loaded 
899173     INFO  main            d.u.i.k.p.r.p.TestFile    Now processing file /home/runner/work/key/key/key.core/../key.ui/examples/heap/permissions/threads/Plotter_startTransfer_accessible.proof 
899174     INFO  main            d.u.i.k.p.i.AbstractProblemLoader Loading environment from /home/runner/work/key/key/key.core/../key.ui/examples/heap/permissions/threads/Plotter_startTransfer_accessible.proof 
899174     DEBUG main            d.u.i.k.p.i.AbstractProblemLoader Environment load took 173.41ns 
899175     INFO  main            d.u.i.k.p.i.AbstractProblemLoader Creating init config 
904388     DEBUG main            d.u.i.k.p.i.AbstractProblemLoader Init config took 5.21s 
904507     INFO  main            d.u.i.k.p.i.AbstractProblemLoader Replaying proof Plotter[ThreadSpec2::startTransfer()].JML accessible clause.0 
904627     DEBUG main            d.u.i.k.p.i.IntermediateProofReplayer Proof replay took 109.42ms 
904628     INFO  main            d.u.i.k.p.r.p.TestFile    ... success: loaded 
904629     INFO  main            d.u.i.k.p.r.p.TestFile    Now processing file /home/runner/work/key/key/key.core/../key.ui/examples/heap/permissions/threads/Plotter_joinTransfer_accessible.proof 
904630     INFO  main            d.u.i.k.p.i.AbstractProblemLoader Loading environment from /home/runner/work/key/key/key.core/../key.ui/examples/heap/permissions/threads/Plotter_joinTransfer_accessible.proof 
904630     DEBUG main            d.u.i.k.p.i.AbstractProblemLoader Environment load took 181.21ns 
904631     INFO  main            d.u.i.k.p.i.AbstractProblemLoader Creating init config 
909938     DEBUG main            d.u.i.k.p.i.AbstractProblemLoader Init config took 5.31s 
910032     INFO  main            d.u.i.k.p.i.AbstractProblemLoader Replaying proof Plotter[ThreadSpec2::joinTransfer()].JML accessible clause.0 
910043     WARN  main            d.u.i.k.p.i.IntermediateProofReplayer Proof contains wrong number of \assumes instatiations for Definition_axiom_for_stateInv_in_Plotter 
910051     WARN  main            d.u.i.k.p.i.IntermediateProofReplayer Proof contains wrong number of \assumes instatiations for Definition_axiom_for_stateInv_in_Plotter 
910063     WARN  main            d.u.i.k.p.i.IntermediateProofReplayer Proof contains wrong number of \assumes instatiations for Definition_axiom_for_workingPermissions_in_Plotter 
910064     WARN  main            d.u.i.k.p.i.IntermediateProofReplayer Proof contains wrong number of \assumes instatiations for Definition_axiom_for_staticPermissions_in_Plotter 
910065     WARN  main            d.u.i.k.p.i.IntermediateProofReplayer Proof contains wrong number of \assumes instatiations for Definition_axiom_for_joinTransfer_in_Plotter 
910066     WARN  main            d.u.i.k.p.i.IntermediateProofReplayer Proof contains wrong number of \assumes instatiations for Definition_axiom_for_stateInv_in_BFilter 
910068     WARN  main            d.u.i.k.p.i.IntermediateProofReplayer Proof contains wrong number of \assumes instatiations for Definition_axiom_for_stateInv_in_AFilter 
910069     WARN  main            d.u.i.k.p.i.IntermediateProofReplayer Proof contains wrong number of \assumes instatiations for Definition_axiom_for_stateInv_in_BFilter 
910074     WARN  main            d.u.i.k.p.i.IntermediateProofReplayer Proof contains wrong number of \assumes instatiations for Definition_axiom_for_stateInv_in_AFilter 
910076     WARN  main            d.u.i.k.p.i.IntermediateProofReplayer Proof contains wrong number of \assumes instatiations for Definition_axiom_for_staticPermissions_in_AFilter 
910083     WARN  main            d.u.i.k.p.i.IntermediateProofReplayer Proof contains wrong number of \assumes instatiations for Definition_axiom_for_staticPermissions_in_Plotter 
910084     WARN  main            d.u.i.k.p.i.IntermediateProofReplayer Proof contains wrong number of \assumes instatiations for Definition_axiom_for_staticPermissions_in_BFilter 
910084     WARN  main            d.u.i.k.p.i.IntermediateProofReplayer Proof contains wrong number of \assumes instatiations for Definition_axiom_for_workingPermissions_in_Plotter 
910085     WARN  main            d.u.i.k.p.i.IntermediateProofReplayer Proof contains wrong number of \assumes instatiations for Definition_axiom_for_stateInv_in_Sampler 
910086     WARN  main            d.u.i.k.p.i.IntermediateProofReplayer Proof contains wrong number of \assumes instatiations for Definition_axiom_for_stateInv_in_Sampler 
910087     WARN  main            d.u.i.k.p.i.IntermediateProofReplayer Proof contains wrong number of \assumes instatiations for Definition_axiom_for_staticPermissions_in_Sampler 
910087     WARN  main            d.u.i.k.p.i.IntermediateProofReplayer Proof contains wrong number of \assumes instatiations for Definition_axiom_for_staticPermissions_in_BFilter 
910088     WARN  main            d.u.i.k.p.i.IntermediateProofReplayer Proof contains wrong number of \assumes instatiations for Definition_axiom_for_staticPermissions_in_AFilter 
910089     WARN  main            d.u.i.k.p.i.IntermediateProofReplayer Proof contains wrong number of \assumes instatiations for Definition_axiom_for_staticPermissions_in_Sampler 
910089     WARN  main            d.u.i.k.p.i.IntermediateProofReplayer Proof contains wrong number of \assumes instatiations for Definition_axiom_for_staticPermissions_in_Sampler 
910090     WARN  main            d.u.i.k.p.i.IntermediateProofReplayer Proof contains wrong number of \assumes instatiations for Definition_axiom_for_staticPermissions_in_Sampler 
910090     WARN  main            d.u.i.k.p.i.IntermediateProofReplayer Proof contains wrong number of \assumes instatiations for Definition_axiom_for_joinTransfer_in_Plotter 
910157     DEBUG main            d.u.i.k.p.i.IntermediateProofReplayer Proof replay took 117.72ms 
910158     INFO  main            d.u.i.k.p.r.p.TestFile    ... success: loaded 
5539611    INFO  Test worker     d.u.i.k.p.r.RunAllProofsTestUnit Returning from test permissionHeap 
5539612    INFO  Test worker     d.u.i.k.p.r.RunAllProofsTestUnit Running test completionScopes 
406        INFO  Timeout watchdog d.u.i.k.p.r.p.ForkedTestFileRunner Timeout watcher launched (2000 secs.) 
419        WARN  main            d.u.i.k.s.ProofSettings   The settings in /home/runner/.key/proof-settings.props are *not* read. 
470        INFO  main            d.u.i.k.p.r.p.TestFile    Now processing file /home/runner/work/key/key/key.core/../key.ui/examples/completionscopes/testCcatchReturnVal.key 
615        INFO  main            d.u.i.k.p.i.AbstractProblemLoader Loading environment from /home/runner/work/key/key/key.core/../key.ui/examples/completionscopes/testCcatchReturnVal.key 
634        DEBUG main            d.u.i.k.p.i.AbstractProblemLoader Environment load took 2.49ms 
877        INFO  main            d.u.i.k.p.i.AbstractProblemLoader Creating init config 
1785       DEBUG main            d.u.i.k.j.TypeConverter   No LDT found for Meta 
1785       DEBUG main            d.u.i.k.j.TypeConverter   No LDT found for Meta 
1786       DEBUG main            d.u.i.k.j.TypeConverter   No LDT found for Meta 
1786       DEBUG main            d.u.i.k.j.TypeConverter   No LDT found for Meta 
3644       DEBUG main            d.u.i.k.j.TypeConverter   No LDT found for JavaBigintExpression 
8900       DEBUG main            d.u.i.k.p.i.AbstractProblemLoader Init config took 8.02s 
9108       INFO  main            d.u.i.k.p.i.AbstractProblemLoader Replaying proof CompletionScopes[CompletionScopes::testCcatchReturnVal()].JML normal_behavior operation contract.0 
9149       DEBUG main            d.u.i.k.p.i.IntermediateProofReplayer Proof replay took 35.5ns 
9716       INFO  main            d.u.i.k.p.r.p.TestFile    ... finished proof: closed. 
9846       INFO  main            d.u.i.k.p.i.AbstractProblemLoader Loading environment from /home/runner/work/key/key/key.core/../key.ui/examples/completionscopes/testCcatchReturnVal.key.proof 
9847       DEBUG main            d.u.i.k.p.i.AbstractProblemLoader Environment load took 541.92ns 
9849       INFO  main            d.u.i.k.p.i.AbstractProblemLoader Creating init config 
12962      DEBUG main            d.u.i.k.p.i.AbstractProblemLoader Init config took 3.11s 
13046      INFO  main            d.u.i.k.p.i.AbstractProblemLoader Replaying proof CompletionScopes[CompletionScopes::testCcatchReturnVal()].JML normal_behavior operation contract.0 
13079      DEBUG main            d.u.i.k.p.i.IntermediateProofReplayer Proof replay took 27.11ms 
13086      DEBUG main            d.u.i.k.p.r.p.TestFile    ... success: reloaded. 
13087      INFO  main            d.u.i.k.p.r.p.TestFile    Now processing file /home/runner/work/key/key/key.core/../key.ui/examples/completionscopes/testMultCcatchClauses.key 
13088      INFO  main            d.u.i.k.p.i.AbstractProblemLoader Loading environment from /home/runner/work/key/key/key.core/../key.ui/examples/completionscopes/testMultCcatchClauses.key 
13088      DEBUG main            d.u.i.k.p.i.AbstractProblemLoader Environment load took 220.51ns 
13090      INFO  main            d.u.i.k.p.i.AbstractProblemLoader Creating init config 
16006      DEBUG main            d.u.i.k.p.i.AbstractProblemLoader Init config took 2.92s 
16092      INFO  main            d.u.i.k.p.i.AbstractProblemLoader Replaying proof CompletionScopes[CompletionScopes::testMultCcatchClauses()].JML normal_behavior operation contract.0 
16095      DEBUG main            d.u.i.k.p.i.IntermediateProofReplayer Proof replay took 7.2ns 
16601      INFO  main            d.u.i.k.p.r.p.TestFile    ... finished proof: closed. 
16753      INFO  main            d.u.i.k.p.i.AbstractProblemLoader Loading environment from /home/runner/work/key/key/key.core/../key.ui/examples/completionscopes/testMultCcatchClauses.key.proof 
16753      DEBUG main            d.u.i.k.p.i.AbstractProblemLoader Environment load took 174.51ns 
16754      INFO  main            d.u.i.k.p.i.AbstractProblemLoader Creating init config 
19700      DEBUG main            d.u.i.k.p.i.AbstractProblemLoader Init config took 2.95s 
19812      INFO  main            d.u.i.k.p.i.AbstractProblemLoader Replaying proof CompletionScopes[CompletionScopes::testMultCcatchClauses()].JML normal_behavior operation contract.0 
19905      DEBUG main            d.u.i.k.p.i.IntermediateProofReplayer Proof replay took 83.17ms 
19907      DEBUG main            d.u.i.k.p.r.p.TestFile    ... success: reloaded. 
19908      INFO  main            d.u.i.k.p.r.p.TestFile    Now processing file /home/runner/work/key/key/key.core/../key.ui/examples/completionscopes/testNestedExec.key 
19908      INFO  main            d.u.i.k.p.i.AbstractProblemLoader Loading environment from /home/runner/work/key/key/key.core/../key.ui/examples/completionscopes/testNestedExec.key 
19909      DEBUG main            d.u.i.k.p.i.AbstractProblemLoader Environment load took 220.11ns 
19910      INFO  main            d.u.i.k.p.i.AbstractProblemLoader Creating init config 
22783      DEBUG main            d.u.i.k.p.i.AbstractProblemLoader Init config took 2.87s 
22842      INFO  main            d.u.i.k.p.i.AbstractProblemLoader Replaying proof CompletionScopes[CompletionScopes::testMultCcatchClauses()].JML normal_behavior operation contract.0 
22846      DEBUG main            d.u.i.k.p.i.IntermediateProofReplayer Proof replay took 6.8ns 
23153      INFO  main            d.u.i.k.p.r.p.TestFile    ... finished proof: closed. 
23313      INFO  main            d.u.i.k.p.i.AbstractProblemLoader Loading environment from /home/runner/work/key/key/key.core/../key.ui/examples/completionscopes/testNestedExec.key.proof 
23314      DEBUG main            d.u.i.k.p.i.AbstractProblemLoader Environment load took 518.72ns 
23322      INFO  main            d.u.i.k.p.i.AbstractProblemLoader Creating init config 
26154      DEBUG main            d.u.i.k.p.i.AbstractProblemLoader Init config took 2.83s 
26205      INFO  main            d.u.i.k.p.i.AbstractProblemLoader Replaying proof CompletionScopes[CompletionScopes::testMultCcatchClauses()].JML normal_behavior operation contract.0 
26268      DEBUG main            d.u.i.k.p.i.IntermediateProofReplayer Proof replay took 59.22ms 
26269      DEBUG main            d.u.i.k.p.r.p.TestFile    ... success: reloaded. 
26270      INFO  main            d.u.i.k.p.r.p.TestFile    Now processing file /home/runner/work/key/key/key.core/../key.ui/examples/completionscopes/testCcatchBreakLabel.key 
26271      INFO  main            d.u.i.k.p.i.AbstractProblemLoader Loading environment from /home/runner/work/key/key/key.core/../key.ui/examples/completionscopes/testCcatchBreakLabel.key 
26271      DEBUG main            d.u.i.k.p.i.AbstractProblemLoader Environment load took 190.31ns 
26272      INFO  main            d.u.i.k.p.i.AbstractProblemLoader Creating init config 
29005      DEBUG main            d.u.i.k.p.i.AbstractProblemLoader Init config took 2.73s 
29053      INFO  main            d.u.i.k.p.i.AbstractProblemLoader Replaying proof CompletionScopes[CompletionScopes::testBreakLabel()].JML normal_behavior operation contract.0 
29055      DEBUG main            d.u.i.k.p.i.IntermediateProofReplayer Proof replay took 6.1ns 
29072      DEBUG Thread-10       d.u.i.k.l.o.ProgramSV     Match failed: Former match of  SchemaVariable incompatible with  the current match. 
29158      INFO  main            d.u.i.k.p.r.p.TestFile    ... finished proof: closed. 
29328      INFO  main            d.u.i.k.p.i.AbstractProblemLoader Loading environment from /home/runner/work/key/key/key.core/../key.ui/examples/completionscopes/testCcatchBreakLabel.key.proof 
29329      DEBUG main            d.u.i.k.p.i.AbstractProblemLoader Environment load took 140.6ns 
29330      INFO  main            d.u.i.k.p.i.AbstractProblemLoader Creating init config 
32168      DEBUG main            d.u.i.k.p.i.AbstractProblemLoader Init config took 2.84s 
32218      INFO  main            d.u.i.k.p.i.AbstractProblemLoader Replaying proof CompletionScopes[CompletionScopes::testBreakLabel()].JML normal_behavior operation contract.0 
32232      DEBUG main            d.u.i.k.p.i.IntermediateProofReplayer Proof replay took 9.79ms 
32233      DEBUG main            d.u.i.k.p.r.p.TestFile    ... success: reloaded. 
32234      INFO  main            d.u.i.k.p.r.p.TestFile    Now processing file /home/runner/work/key/key/key.core/../key.ui/examples/completionscopes/testCcatchContinueLabel.key 
32235      INFO  main            d.u.i.k.p.i.AbstractProblemLoader Loading environment from /home/runner/work/key/key/key.core/../key.ui/examples/completionscopes/testCcatchContinueLabel.key 
32235      DEBUG main            d.u.i.k.p.i.AbstractProblemLoader Environment load took 126.31ns 
32236      INFO  main            d.u.i.k.p.i.AbstractProblemLoader Creating init config 
35012      DEBUG main            d.u.i.k.p.i.AbstractProblemLoader Init config took 2.78s 
35059      INFO  main            d.u.i.k.p.i.AbstractProblemLoader Replaying proof CompletionScopes[CompletionScopes::testContinueLabel()].JML normal_behavior operation contract.0 
35061      DEBUG main            d.u.i.k.p.i.IntermediateProofReplayer Proof replay took 6.1ns 
35080      DEBUG Thread-13       d.u.i.k.l.o.ProgramSV     Match failed: Former match of  SchemaVariable incompatible with  the current match. 
35164      INFO  main            d.u.i.k.p.r.p.TestFile    ... finished proof: closed. 
35332      INFO  main            d.u.i.k.p.i.AbstractProblemLoader Loading environment from /home/runner/work/key/key/key.core/../key.ui/examples/completionscopes/testCcatchContinueLabel.key.proof 
35332      DEBUG main            d.u.i.k.p.i.AbstractProblemLoader Environment load took 174.71ns 
35333      INFO  main            d.u.i.k.p.i.AbstractProblemLoader Creating init config 
38034      DEBUG main            d.u.i.k.p.i.AbstractProblemLoader Init config took 2.7s 
38080      INFO  main            d.u.i.k.p.i.AbstractProblemLoader Replaying proof CompletionScopes[CompletionScopes::testContinueLabel()].JML normal_behavior operation contract.0 
38089      DEBUG main            d.u.i.k.p.i.IntermediateProofReplayer Proof replay took 6.62ms 
38090      DEBUG main            d.u.i.k.p.r.p.TestFile    ... success: reloaded. 
38091      INFO  main            d.u.i.k.p.r.p.TestFile    Now processing file /home/runner/work/key/key/key.core/../key.ui/examples/completionscopes/testCcatchBreakLabelWildcard.key 
38091      INFO  main            d.u.i.k.p.i.AbstractProblemLoader Loading environment from /home/runner/work/key/key/key.core/../key.ui/examples/completionscopes/testCcatchBreakLabelWildcard.key 
38092      DEBUG main            d.u.i.k.p.i.AbstractProblemLoader Environment load took 203.61ns 
38093      INFO  main            d.u.i.k.p.i.AbstractProblemLoader Creating init config 
40817      DEBUG main            d.u.i.k.p.i.AbstractProblemLoader Init config took 2.72s 
40867      INFO  main            d.u.i.k.p.i.AbstractProblemLoader Replaying proof CompletionScopes[CompletionScopes::testBreakLabelWildcard()].JML normal_behavior operation contract.0 
40870      DEBUG main            d.u.i.k.p.i.IntermediateProofReplayer Proof replay took 6.7ns 
40892      DEBUG Thread-16       d.u.i.k.l.o.ProgramSV     Match failed: Former match of  SchemaVariable incompatible with  the current match. 
40893      DEBUG Thread-16       d.u.i.k.l.o.ProgramSV     Match failed: Former match of  SchemaVariable incompatible with  the current match. 
40978      INFO  main            d.u.i.k.p.r.p.TestFile    ... finished proof: closed. 
41165      INFO  main            d.u.i.k.p.i.AbstractProblemLoader Loading environment from /home/runner/work/key/key/key.core/../key.ui/examples/completionscopes/testCcatchBreakLabelWildcard.key.proof 
41165      DEBUG main            d.u.i.k.p.i.AbstractProblemLoader Environment load took 131.21ns 
41166      INFO  main            d.u.i.k.p.i.AbstractProblemLoader Creating init config 
43860      DEBUG main            d.u.i.k.p.i.AbstractProblemLoader Init config took 2.69s 
43916      INFO  main            d.u.i.k.p.i.AbstractProblemLoader Replaying proof CompletionScopes[CompletionScopes::testBreakLabelWildcard()].JML normal_behavior operation contract.0 
43924      DEBUG main            d.u.i.k.p.i.IntermediateProofReplayer Proof replay took 6.52ms 
43925      DEBUG main            d.u.i.k.p.r.p.TestFile    ... success: reloaded. 
43926      INFO  main            d.u.i.k.p.r.p.TestFile    Now processing file /home/runner/work/key/key/key.core/../key.ui/examples/completionscopes/testCcatchContinueLabelWildcard.key 
43927      INFO  main            d.u.i.k.p.i.AbstractProblemLoader Loading environment from /home/runner/work/key/key/key.core/../key.ui/examples/completionscopes/testCcatchContinueLabelWildcard.key 
43927      DEBUG main            d.u.i.k.p.i.AbstractProblemLoader Environment load took 140.91ns 
43928      INFO  main            d.u.i.k.p.i.AbstractProblemLoader Creating init config 
46680      DEBUG main            d.u.i.k.p.i.AbstractProblemLoader Init config took 2.75s 
46726      INFO  main            d.u.i.k.p.i.AbstractProblemLoader Replaying proof CompletionScopes[CompletionScopes::testContinueLabelWildcard()].JML normal_behavior operation contract.0 
46728      DEBUG main            d.u.i.k.p.i.IntermediateProofReplayer Proof replay took 6.8ns 
46746      DEBUG Thread-19       d.u.i.k.l.o.ProgramSV     Match failed: Former match of  SchemaVariable incompatible with  the current match. 
46747      DEBUG Thread-19       d.u.i.k.l.o.ProgramSV     Match failed: Former match of  SchemaVariable incompatible with  the current match. 
46831      INFO  main            d.u.i.k.p.r.p.TestFile    ... finished proof: closed. 
47030      INFO  main            d.u.i.k.p.i.AbstractProblemLoader Loading environment from /home/runner/work/key/key/key.core/../key.ui/examples/completionscopes/testCcatchContinueLabelWildcard.key.proof 
47030      DEBUG main            d.u.i.k.p.i.AbstractProblemLoader Environment load took 133.5ns 
47031      INFO  main            d.u.i.k.p.i.AbstractProblemLoader Creating init config 
49670      DEBUG main            d.u.i.k.p.i.AbstractProblemLoader Init config took 2.64s 
49730      INFO  main            d.u.i.k.p.i.AbstractProblemLoader Replaying proof CompletionScopes[CompletionScopes::testContinueLabelWildcard()].JML normal_behavior operation contract.0 
49739      DEBUG main            d.u.i.k.p.i.IntermediateProofReplayer Proof replay took 7.05ms 
49739      DEBUG main            d.u.i.k.p.r.p.TestFile    ... success: reloaded. 
49740      INFO  main            d.u.i.k.p.r.p.TestFile    Now processing file /home/runner/work/key/key/key.core/../key.ui/examples/completionscopes/testCcatchBreakLabelNonmatchingNested.key 
49741      INFO  main            d.u.i.k.p.i.AbstractProblemLoader Loading environment from /home/runner/work/key/key/key.core/../key.ui/examples/completionscopes/testCcatchBreakLabelNonmatchingNested.key 
49741      DEBUG main            d.u.i.k.p.i.AbstractProblemLoader Environment load took 102.2ns 
49742      INFO  main            d.u.i.k.p.i.AbstractProblemLoader Creating init config 
52426      DEBUG main            d.u.i.k.p.i.AbstractProblemLoader Init config took 2.68s 
52469      INFO  main            d.u.i.k.p.i.AbstractProblemLoader Replaying proof CompletionScopes[CompletionScopes::testBreakLabelNonmatchingNested()].JML normal_behavior operation contract.0 
52470      DEBUG main            d.u.i.k.p.i.IntermediateProofReplayer Proof replay took 6.8ns 
52487      DEBUG Thread-22       d.u.i.k.l.o.ProgramSV     Match failed: Former match of  SchemaVariable incompatible with  the current match. 
52489      DEBUG Thread-22       d.u.i.k.l.o.ProgramSV     Match failed: Former match of  SchemaVariable incompatible with  the current match. 
52573      INFO  main            d.u.i.k.p.r.p.TestFile    ... finished proof: closed. 
52749      INFO  main            d.u.i.k.p.i.AbstractProblemLoader Loading environment from /home/runner/work/key/key/key.core/../key.ui/examples/completionscopes/testCcatchBreakLabelNonmatchingNested.key.proof 
52749      DEBUG main            d.u.i.k.p.i.AbstractProblemLoader Environment load took 131.6ns 
52751      INFO  main            d.u.i.k.p.i.AbstractProblemLoader Creating init config 
55417      DEBUG main            d.u.i.k.p.i.AbstractProblemLoader Init config took 2.67s 
55478      INFO  main            d.u.i.k.p.i.AbstractProblemLoader Replaying proof CompletionScopes[CompletionScopes::testBreakLabelNonmatchingNested()].JML normal_behavior operation contract.0 
55495      DEBUG main            d.u.i.k.p.i.IntermediateProofReplayer Proof replay took 8.07ms 
55496      DEBUG main            d.u.i.k.p.r.p.TestFile    ... success: reloaded. 
5595299    INFO  Test worker     d.u.i.k.p.r.RunAllProofsTestUnit Returning from test completionScopes 
5595300    INFO  Test worker     d.u.i.k.p.r.RunAllProofsTestUnit Running test reload_examples 
407        INFO  Timeout watchdog d.u.i.k.p.r.p.ForkedTestFileRunner Timeout watcher launched (2000 secs.) 
422        WARN  main            d.u.i.k.s.ProofSettings   The settings in /home/runner/.key/proof-settings.props are *not* read. 
472        INFO  main            d.u.i.k.p.r.p.TestFile    Now processing file /home/runner/work/key/key/key.core/../key.ui/examples/firstTouch/05-ReverseArray/reverseArray.key 
625        INFO  main            d.u.i.k.p.i.AbstractProblemLoader Loading environment from /home/runner/work/key/key/key.core/../key.ui/examples/firstTouch/05-ReverseArray/reverseArray.key 
649        DEBUG main            d.u.i.k.p.i.AbstractProblemLoader Environment load took 2.5ms 
930        INFO  main            d.u.i.k.p.i.AbstractProblemLoader Creating init config 
1993       DEBUG main            d.u.i.k.j.TypeConverter   No LDT found for Meta 
1993       DEBUG main            d.u.i.k.j.TypeConverter   No LDT found for Meta 
1994       DEBUG main            d.u.i.k.j.TypeConverter   No LDT found for Meta 
1995       DEBUG main            d.u.i.k.j.TypeConverter   No LDT found for Meta 
3505       DEBUG main            d.u.i.k.j.TypeConverter   No LDT found for JavaBigintExpression 
9331       DEBUG main            d.u.i.k.p.i.AbstractProblemLoader Init config took 8.4s 
9445       INFO  main            d.u.i.k.p.i.AbstractProblemLoader Replaying proof ReverseArray[ReverseArray::reverse()].JML normal_behavior operation contract.0 
9499       DEBUG main            d.u.i.k.p.i.IntermediateProofReplayer Proof replay took 37.5ns 
21259      INFO  main            d.u.i.k.p.r.p.TestFile    ... finished proof: closed. 
21512      INFO  main            d.u.i.k.p.i.AbstractProblemLoader Loading environment from /home/runner/work/key/key/key.core/../key.ui/examples/firstTouch/05-ReverseArray/reverseArray.key.proof 
21513      DEBUG main            d.u.i.k.p.i.AbstractProblemLoader Environment load took 963.84ns 
21519      INFO  main            d.u.i.k.p.i.AbstractProblemLoader Creating init config 
24680      DEBUG main            d.u.i.k.p.i.AbstractProblemLoader Init config took 3.16s 
24729      INFO  main            d.u.i.k.p.i.AbstractProblemLoader Replaying proof ReverseArray[ReverseArray::reverse()].JML normal_behavior operation contract.0 
25279      DEBUG main            d.u.i.k.p.i.IntermediateProofReplayer Proof replay took 499.39ms 
25290      DEBUG main            d.u.i.k.p.r.p.TestFile    ... success: reloaded. 
25292      INFO  main            d.u.i.k.p.r.p.TestFile    Now processing file /home/runner/work/key/key/key.core/../key.ui/examples/standard_key/arith/saveProofTest.key.proof 
25292      INFO  main            d.u.i.k.p.i.AbstractProblemLoader Loading environment from /home/runner/work/key/key/key.core/../key.ui/examples/standard_key/arith/saveProofTest.key.proof 
25293      DEBUG main            d.u.i.k.p.i.AbstractProblemLoader Environment load took 271.41ns 
25294      INFO  main            d.u.i.k.p.i.AbstractProblemLoader Creating init config 
28063      DEBUG main            d.u.i.k.p.i.AbstractProblemLoader Init config took 2.77s 
28093      INFO  main            d.u.i.k.p.i.AbstractProblemLoader Replaying proof saveProofTest.key.proof 
28108      DEBUG main            d.u.i.k.p.i.IntermediateProofReplayer Proof replay took 2.67ms 
28109      INFO  main            d.u.i.k.p.r.p.TestFile    ... success: loaded 
28110      INFO  main            d.u.i.k.p.r.p.TestFile    Now processing file /home/runner/work/key/key/key.core/../key.ui/examples/heap/permutedSum/perm.proof 
28111      INFO  main            d.u.i.k.p.i.AbstractProblemLoader Loading environment from /home/runner/work/key/key/key.core/../key.ui/examples/heap/permutedSum/perm.proof 
28111      DEBUG main            d.u.i.k.p.i.AbstractProblemLoader Environment load took 210.71ns 
28114      INFO  main            d.u.i.k.p.i.AbstractProblemLoader Creating init config 
31152      DEBUG main            d.u.i.k.p.i.AbstractProblemLoader Init config took 3.04s 
31257      INFO  main            d.u.i.k.p.i.AbstractProblemLoader Replaying proof Perm[Perm::foo()].JML normal_behavior operation contract.0 
32022      DEBUG main            d.u.i.k.p.i.IntermediateProofReplayer Proof replay took 717.16ms 
32024      INFO  main            d.u.i.k.p.r.p.TestFile    ... success: loaded 
32026      INFO  main            d.u.i.k.p.r.p.TestFile    Now processing file /home/runner/work/key/key/key.core/../key.ui/examples/firstTouch/05-ReverseArray/reverseArray.proof 
32026      INFO  main            d.u.i.k.p.i.AbstractProblemLoader Loading environment from /home/runner/work/key/key/key.core/../key.ui/examples/firstTouch/05-ReverseArray/reverseArray.proof 
32027      DEBUG main            d.u.i.k.p.i.AbstractProblemLoader Environment load took 223.81ns 
32029      INFO  main            d.u.i.k.p.i.AbstractProblemLoader Creating init config 
35034      DEBUG main            d.u.i.k.p.i.AbstractProblemLoader Init config took 3s 
35080      INFO  main            d.u.i.k.p.i.AbstractProblemLoader Replaying proof ReverseArray[ReverseArray::reverse()].JML normal_behavior operation contract.0 
35595      DEBUG main            d.u.i.k.p.i.IntermediateProofReplayer Proof replay took 477.66ms 
35599      INFO  main            d.u.i.k.p.r.p.TestFile    ... success: loaded 
35600      INFO  main            d.u.i.k.p.r.p.TestFile    Now processing file /home/runner/work/key/key/key.core/../key.ui/examples/heap/verifyThis15_1_RelaxedPrefix/relax.proof 
35600      INFO  main            d.u.i.k.p.i.AbstractProblemLoader Loading environment from /home/runner/work/key/key/key.core/../key.ui/examples/heap/verifyThis15_1_RelaxedPrefix/relax.proof 
35601      DEBUG main            d.u.i.k.p.i.AbstractProblemLoader Environment load took 203.41ns 
35603      INFO  main            d.u.i.k.p.i.AbstractProblemLoader Creating init config 
38573      DEBUG main            d.u.i.k.p.i.AbstractProblemLoader Init config took 2.97s 
38623      INFO  main            d.u.i.k.p.i.AbstractProblemLoader Replaying proof Relaxed[Relaxed::isRelaxedPrefix([I,[I)].JML operation contract.0 
39018      DEBUG main            d.u.i.k.p.i.IntermediateProofReplayer Proof replay took 377.48ms 
39019      INFO  main            d.u.i.k.p.r.p.TestFile    ... success: loaded 
39021      INFO  main            d.u.i.k.p.r.p.TestFile    Now processing file /home/runner/work/key/key/key.core/../key.ui/examples/heap/verifyThis15_3_DLL/doUndo.proof 
39021      INFO  main            d.u.i.k.p.i.AbstractProblemLoader Loading environment from /home/runner/work/key/key/key.core/../key.ui/examples/heap/verifyThis15_3_DLL/doUndo.proof 
39021      DEBUG main            d.u.i.k.p.i.AbstractProblemLoader Environment load took 202.61ns 
39024      INFO  main            d.u.i.k.p.i.AbstractProblemLoader Creating init config 
40116      DEBUG main            d.u.i.k.j.r.ClassPreparationMethodBuilder clPrepBuilder: Inner Class detected. Reject building class initialisation methods. 
42234      DEBUG main            d.u.i.k.p.i.AbstractProblemLoader Init config took 3.21s 
42329      INFO  main            d.u.i.k.p.i.AbstractProblemLoader Replaying proof DoubleLinkedList[DoubleLinkedList::doUndo(DoubleLinkedList.Node,int)].JML normal_behavior operation contract.0 
42813      DEBUG main            d.u.i.k.p.i.IntermediateProofReplayer Proof replay took 452.54ms 
42815      INFO  main            d.u.i.k.p.r.p.TestFile    ... success: loaded 
42817      INFO  main            d.u.i.k.p.r.p.TestFile    Now processing file /home/runner/work/key/key/key.core/../key.ui/examples/heap/verifyThis15_2_ParallelGcd/parallelGcd.proof 
42817      INFO  main            d.u.i.k.p.i.AbstractProblemLoader Loading environment from /home/runner/work/key/key/key.core/../key.ui/examples/heap/verifyThis15_2_ParallelGcd/parallelGcd.proof 
42818      DEBUG main            d.u.i.k.p.i.AbstractProblemLoader Environment load took 285.91ns 
42819      INFO  main            d.u.i.k.p.i.AbstractProblemLoader Creating init config 
45901      DEBUG main            d.u.i.k.p.i.AbstractProblemLoader Init config took 3.08s 
45957      INFO  main            d.u.i.k.p.i.AbstractProblemLoader Replaying proof ParallelGcd[ParallelGcd::parallelGcd(int,int,[Z)].JML behavior operation contract.0 
46516      DEBUG main            d.u.i.k.p.i.IntermediateProofReplayer Proof replay took 544.39ms 
46517      INFO  main            d.u.i.k.p.r.p.TestFile    ... success: loaded 
5642005    INFO  Test worker     d.u.i.k.p.r.RunAllProofsTestUnit Returning from test reload_examples 
5642007    INFO  Test worker     d.u.i.k.p.r.RunAllProofsTestUnit Running test proofLoadRepair 
417        INFO  Timeout watchdog d.u.i.k.p.r.p.ForkedTestFileRunner Timeout watcher launched (2000 secs.) 
440        WARN  main            d.u.i.k.s.ProofSettings   The settings in /home/runner/.key/proof-settings.props are *not* read. 
475        INFO  main            d.u.i.k.p.r.p.TestFile    Now processing file /home/runner/work/key/key/key.core/../key.ui/examples/proofLoadRepair/disjConj-manipulated.proof 
610        INFO  main            d.u.i.k.p.i.AbstractProblemLoader Loading environment from /home/runner/work/key/key/key.core/../key.ui/examples/proofLoadRepair/disjConj-manipulated.proof 
634        DEBUG main            d.u.i.k.p.i.AbstractProblemLoader Environment load took 2.85ms 
885        INFO  main            d.u.i.k.p.i.AbstractProblemLoader Creating init config 
2019       DEBUG main            d.u.i.k.j.TypeConverter   No LDT found for Meta 
2020       DEBUG main            d.u.i.k.j.TypeConverter   No LDT found for Meta 
2023       DEBUG main            d.u.i.k.j.TypeConverter   No LDT found for Meta 
2023       DEBUG main            d.u.i.k.j.TypeConverter   No LDT found for Meta 
3597       DEBUG main            d.u.i.k.j.TypeConverter   No LDT found for JavaBigintExpression 
9081       DEBUG main            d.u.i.k.p.i.AbstractProblemLoader Init config took 8.2s 
9141       INFO  main            d.u.i.k.p.i.AbstractProblemLoader Replaying proof disjConj-manipulated.proof 
9188       WARN  main            d.u.i.k.p.i.IntermediateProofReplayer Proof contains wrong number of \assumes instatiations for andLeft 
9189       WARN  main            d.u.i.k.p.i.IntermediateProofReplayer Proof contains wrong number of \assumes instatiations for replace_known_right 
9192       WARN  main            d.u.i.k.p.i.IntermediateProofReplayer Proof contains wrong number of \assumes instatiations for close 
9193       DEBUG main            d.u.i.k.p.i.IntermediateProofReplayer Proof replay took 14.64ms 
9198       INFO  main            d.u.i.k.p.r.p.TestFile    ... success: loaded 
9202       INFO  main            d.u.i.k.p.r.p.TestFile    Now processing file /home/runner/work/key/key/key.core/../key.ui/examples/proofLoadRepair/insufficient-manipulated.proof 
9202       INFO  main            d.u.i.k.p.i.AbstractProblemLoader Loading environment from /home/runner/work/key/key/key.core/../key.ui/examples/proofLoadRepair/insufficient-manipulated.proof 
9203       DEBUG main            d.u.i.k.p.i.AbstractProblemLoader Environment load took 265.11ns 
9207       INFO  main            d.u.i.k.p.i.AbstractProblemLoader Creating init config 
12244      DEBUG main            d.u.i.k.p.i.AbstractProblemLoader Init config took 3.04s 
12274      INFO  main            d.u.i.k.p.i.AbstractProblemLoader Replaying proof insufficient-manipulated.proof 
12289      WARN  main            d.u.i.k.p.i.IntermediateProofReplayer Proof contains wrong number of \assumes instatiations for applyEq 
12299      DEBUG main            d.u.i.k.p.i.IntermediateProofReplayer Proof replay took 11.06ms 
12302      INFO  main            d.u.i.k.p.r.p.TestFile    ... success: loading failed 
12304      INFO  main            d.u.i.k.p.r.p.TestFile    Now processing file /home/runner/work/key/key/key.core/../key.ui/examples/../../key.core/src/test/resources/testcase/issues/1716/incorrectPolarity.proof 
12304      INFO  main            d.u.i.k.p.i.AbstractProblemLoader Loading environment from /home/runner/work/key/key/key.core/../key.ui/examples/../../key.core/src/test/resources/testcase/issues/1716/incorrectPolarity.proof 
12304      DEBUG main            d.u.i.k.p.i.AbstractProblemLoader Environment load took 210.51ns 
12306      INFO  main            d.u.i.k.p.i.AbstractProblemLoader Creating init config 
15300      DEBUG main            d.u.i.k.p.i.AbstractProblemLoader Init config took 2.99s 
15329      INFO  main            d.u.i.k.p.i.AbstractProblemLoader Replaying proof incorrectPolarity.proof 
15332      DEBUG main            d.u.i.k.p.i.IntermediateProofReplayer Proof replay took 214.61ns 
15332      INFO  main            d.u.i.k.p.r.p.TestFile    ... success: loading failed 
15333      INFO  main            d.u.i.k.p.r.p.TestFile    Now processing file /home/runner/work/key/key/key.core/../key.ui/examples/../../key.core/src/test/resources/testcase/issues/1716/incorrectPolarity2.proof 
15334      INFO  main            d.u.i.k.p.i.AbstractProblemLoader Loading environment from /home/runner/work/key/key/key.core/../key.ui/examples/../../key.core/src/test/resources/testcase/issues/1716/incorrectPolarity2.proof 
15334      DEBUG main            d.u.i.k.p.i.AbstractProblemLoader Environment load took 210.61ns 
15335      INFO  main            d.u.i.k.p.i.AbstractProblemLoader Creating init config 
18151      DEBUG main            d.u.i.k.p.i.AbstractProblemLoader Init config took 2.82s 
18178      INFO  main            d.u.i.k.p.i.AbstractProblemLoader Replaying proof incorrectPolarity2.proof 
18180      DEBUG main            d.u.i.k.p.i.IntermediateProofReplayer Proof replay took 358.61ns 
18181      INFO  main            d.u.i.k.p.r.p.TestFile    ... success: loading failed 
18182      INFO  main            d.u.i.k.p.r.p.TestFile    Now processing file /home/runner/work/key/key/key.core/../key.ui/examples/../../key.core/src/test/resources/testcase/issues/1716/incorrectPolarity3.proof 
18182      INFO  main            d.u.i.k.p.i.AbstractProblemLoader Loading environment from /home/runner/work/key/key/key.core/../key.ui/examples/../../key.core/src/test/resources/testcase/issues/1716/incorrectPolarity3.proof 
18182      DEBUG main            d.u.i.k.p.i.AbstractProblemLoader Environment load took 123.31ns 
18184      INFO  main            d.u.i.k.p.i.AbstractProblemLoader Creating init config 
20882      DEBUG main            d.u.i.k.p.i.AbstractProblemLoader Init config took 2.7s 
20905      INFO  main            d.u.i.k.p.i.AbstractProblemLoader Replaying proof incorrectPolarity3.proof 
20909      DEBUG main            d.u.i.k.p.i.IntermediateProofReplayer Proof replay took 1.08ms 
20909      INFO  main            d.u.i.k.p.r.p.TestFile    ... success: loading failed 
5663105    INFO  Test worker     d.u.i.k.p.r.RunAllProofsTestUnit Returning from test proofLoadRepair 
5663106    INFO  Test worker     d.u.i.k.p.r.RunAllProofsTestUnit Running test switch 
370        INFO  Timeout watchdog d.u.i.k.p.r.p.ForkedTestFileRunner Timeout watcher launched (2000 secs.) 
374        WARN  main            d.u.i.k.s.ProofSettings   The settings in /home/runner/.key/proof-settings.props are *not* read. 
424        INFO  main            d.u.i.k.p.r.p.TestFile    Now processing file /home/runner/work/key/key/key.core/../key.ui/examples/standard_key/java_dl/switch/labeled_case.key 
566        INFO  main            d.u.i.k.p.i.AbstractProblemLoader Loading environment from /home/runner/work/key/key/key.core/../key.ui/examples/standard_key/java_dl/switch/labeled_case.key 
590        DEBUG main            d.u.i.k.p.i.AbstractProblemLoader Environment load took 2.18ms 
818        INFO  main            d.u.i.k.p.i.AbstractProblemLoader Creating init config 
1831       DEBUG main            d.u.i.k.j.TypeConverter   No LDT found for Meta 
1834       DEBUG main            d.u.i.k.j.TypeConverter   No LDT found for Meta 
1837       DEBUG main            d.u.i.k.j.TypeConverter   No LDT found for Meta 
1838       DEBUG main            d.u.i.k.j.TypeConverter   No LDT found for Meta 
3568       DEBUG main            d.u.i.k.j.TypeConverter   No LDT found for JavaBigintExpression 
9280       DEBUG main            d.u.i.k.p.i.AbstractProblemLoader Init config took 8.46s 
9507       INFO  main            d.u.i.k.p.i.AbstractProblemLoader Replaying proof LabeledCase[LabeledCase::m(int)].JML normal_behavior operation contract.0 
9552       DEBUG main            d.u.i.k.p.i.IntermediateProofReplayer Proof replay took 38.4ns 
10282      INFO  main            d.u.i.k.p.r.p.TestFile    ... finished proof: closed. 
10425      INFO  main            d.u.i.k.p.i.AbstractProblemLoader Loading environment from /home/runner/work/key/key/key.core/../key.ui/examples/standard_key/java_dl/switch/labeled_case.key.proof 
10428      DEBUG main            d.u.i.k.p.i.AbstractProblemLoader Environment load took 2.71ms 
10430      INFO  main            d.u.i.k.p.i.AbstractProblemLoader Creating init config 
13722      DEBUG main            d.u.i.k.p.i.AbstractProblemLoader Init config took 3.29s 
13786      INFO  main            d.u.i.k.p.i.AbstractProblemLoader Replaying proof LabeledCase[LabeledCase::m(int)].JML normal_behavior operation contract.0 
13846      DEBUG main            d.u.i.k.p.i.IntermediateProofReplayer Proof replay took 54.92ms 
13861      DEBUG main            d.u.i.k.p.r.p.TestFile    ... success: reloaded. 
13865      INFO  main            d.u.i.k.p.r.p.TestFile    Now processing file /home/runner/work/key/key/key.core/../key.ui/examples/standard_key/java_dl/switch/empty_switch.key 
13865      INFO  main            d.u.i.k.p.i.AbstractProblemLoader Loading environment from /home/runner/work/key/key/key.core/../key.ui/examples/standard_key/java_dl/switch/empty_switch.key 
13866      DEBUG main            d.u.i.k.p.i.AbstractProblemLoader Environment load took 244.91ns 
13867      INFO  main            d.u.i.k.p.i.AbstractProblemLoader Creating init config 
16844      DEBUG main            d.u.i.k.p.i.AbstractProblemLoader Init config took 2.98s 
16873      INFO  main            d.u.i.k.p.i.AbstractProblemLoader Replaying proof empty_switch.key 
16876      DEBUG main            d.u.i.k.p.i.IntermediateProofReplayer Proof replay took 6.7ns 
16980      INFO  main            d.u.i.k.p.r.p.TestFile    ... finished proof: closed. 
17120      INFO  main            d.u.i.k.p.i.AbstractProblemLoader Loading environment from /home/runner/work/key/key/key.core/../key.ui/examples/standard_key/java_dl/switch/empty_switch.key.proof 
17120      DEBUG main            d.u.i.k.p.i.AbstractProblemLoader Environment load took 164.71ns 
17121      INFO  main            d.u.i.k.p.i.AbstractProblemLoader Creating init config 
20011      DEBUG main            d.u.i.k.p.i.AbstractProblemLoader Init config took 2.89s 
20037      INFO  main            d.u.i.k.p.i.AbstractProblemLoader Replaying proof empty_switch.key.proof 
20042      DEBUG main            d.u.i.k.p.i.IntermediateProofReplayer Proof replay took 1.8ms 
20043      DEBUG main            d.u.i.k.p.r.p.TestFile    ... success: reloaded. 
20044      INFO  main            d.u.i.k.p.r.p.TestFile    Now processing file /home/runner/work/key/key/key.core/../key.ui/examples/standard_key/java_dl/switch/empty_switch_null.key 
20044      INFO  main            d.u.i.k.p.i.AbstractProblemLoader Loading environment from /home/runner/work/key/key/key.core/../key.ui/examples/standard_key/java_dl/switch/empty_switch_null.key 
20044      DEBUG main            d.u.i.k.p.i.AbstractProblemLoader Environment load took 221.81ns 
20046      INFO  main            d.u.i.k.p.i.AbstractProblemLoader Creating init config 
22939      DEBUG main            d.u.i.k.p.i.AbstractProblemLoader Init config took 2.89s 
22964      INFO  main            d.u.i.k.p.i.AbstractProblemLoader Replaying proof empty_switch_null.key 
22966      DEBUG main            d.u.i.k.p.i.IntermediateProofReplayer Proof replay took 7.1ns 
23273      INFO  main            d.u.i.k.p.r.p.TestFile    ... finished proof: closed. 
23421      INFO  main            d.u.i.k.p.i.AbstractProblemLoader Loading environment from /home/runner/work/key/key/key.core/../key.ui/examples/standard_key/java_dl/switch/empty_switch_null.key.proof 
23422      DEBUG main            d.u.i.k.p.i.AbstractProblemLoader Environment load took 446.92ns 
23427      INFO  main            d.u.i.k.p.i.AbstractProblemLoader Creating init config 
26213      DEBUG main            d.u.i.k.p.i.AbstractProblemLoader Init config took 2.79s 
26237      INFO  main            d.u.i.k.p.i.AbstractProblemLoader Replaying proof empty_switch_null.key.proof 
26269      DEBUG main            d.u.i.k.p.i.IntermediateProofReplayer Proof replay took 30.04ms 
26271      DEBUG main            d.u.i.k.p.r.p.TestFile    ... success: reloaded. 
26272      INFO  main            d.u.i.k.p.r.p.TestFile    Now processing file /home/runner/work/key/key/key.core/../key.ui/examples/standard_key/java_dl/switch/empty_switch_null_catch.key 
26272      INFO  main            d.u.i.k.p.i.AbstractProblemLoader Loading environment from /home/runner/work/key/key/key.core/../key.ui/examples/standard_key/java_dl/switch/empty_switch_null_catch.key 
26272      DEBUG main            d.u.i.k.p.i.AbstractProblemLoader Environment load took 221.61ns 
26273      INFO  main            d.u.i.k.p.i.AbstractProblemLoader Creating init config 
29100      DEBUG main            d.u.i.k.p.i.AbstractProblemLoader Init config took 2.83s 
29125      INFO  main            d.u.i.k.p.i.AbstractProblemLoader Replaying proof empty_switch_null_catch.key 
29129      DEBUG main            d.u.i.k.p.i.IntermediateProofReplayer Proof replay took 5.6ns 
29333      INFO  main            d.u.i.k.p.r.p.TestFile    ... finished proof: closed. 
29506      INFO  main            d.u.i.k.p.i.AbstractProblemLoader Loading environment from /home/runner/work/key/key/key.core/../key.ui/examples/standard_key/java_dl/switch/empty_switch_null_catch.key.proof 
29507      DEBUG main            d.u.i.k.p.i.AbstractProblemLoader Environment load took 142.1ns 
29508      INFO  main            d.u.i.k.p.i.AbstractProblemLoader Creating init config 
32268      DEBUG main            d.u.i.k.p.i.AbstractProblemLoader Init config took 2.76s 
32291      INFO  main            d.u.i.k.p.i.AbstractProblemLoader Replaying proof empty_switch_null_catch.key.proof 
32325      DEBUG main            d.u.i.k.p.i.IntermediateProofReplayer Proof replay took 30.8ms 
32326      DEBUG main            d.u.i.k.p.r.p.TestFile    ... success: reloaded. 
32326      INFO  main            d.u.i.k.p.r.p.TestFile    Now processing file /home/runner/work/key/key/key.core/../key.ui/examples/standard_key/java_dl/switch/empty_switch_array_out_of_bounds.key 
32327      INFO  main            d.u.i.k.p.i.AbstractProblemLoader Loading environment from /home/runner/work/key/key/key.core/../key.ui/examples/standard_key/java_dl/switch/empty_switch_array_out_of_bounds.key 
32327      DEBUG main            d.u.i.k.p.i.AbstractProblemLoader Environment load took 210.91ns 
32328      INFO  main            d.u.i.k.p.i.AbstractProblemLoader Creating init config 
35167      DEBUG main            d.u.i.k.p.i.AbstractProblemLoader Init config took 2.84s 
35189      INFO  main            d.u.i.k.p.i.AbstractProblemLoader Replaying proof empty_switch_array_out_of_bounds.key 
35199      DEBUG main            d.u.i.k.p.i.IntermediateProofReplayer Proof replay took 7.1ns 
35511      INFO  main            d.u.i.k.p.r.p.TestFile    ... finished proof: closed. 
35718      INFO  main            d.u.i.k.p.i.AbstractProblemLoader Loading environment from /home/runner/work/key/key/key.core/../key.ui/examples/standard_key/java_dl/switch/empty_switch_array_out_of_bounds.key.proof 
35719      DEBUG main            d.u.i.k.p.i.AbstractProblemLoader Environment load took 599.22ns 
35720      INFO  main            d.u.i.k.p.i.AbstractProblemLoader Creating init config 
38451      DEBUG main            d.u.i.k.p.i.AbstractProblemLoader Init config took 2.73s 
38472      INFO  main            d.u.i.k.p.i.AbstractProblemLoader Replaying proof empty_switch_array_out_of_bounds.key.proof 
38520      DEBUG main            d.u.i.k.p.i.IntermediateProofReplayer Proof replay took 45.02ms 
38521      DEBUG main            d.u.i.k.p.r.p.TestFile    ... success: reloaded. 
38522      INFO  main            d.u.i.k.p.r.p.TestFile    Now processing file /home/runner/work/key/key/key.core/../key.ui/examples/standard_key/java_dl/switch/empty_switch_array_out_of_bounds_catch.key 
38523      INFO  main            d.u.i.k.p.i.AbstractProblemLoader Loading environment from /home/runner/work/key/key/key.core/../key.ui/examples/standard_key/java_dl/switch/empty_switch_array_out_of_bounds_catch.key 
38523      DEBUG main            d.u.i.k.p.i.AbstractProblemLoader Environment load took 214.91ns 
38524      INFO  main            d.u.i.k.p.i.AbstractProblemLoader Creating init config 
41308      DEBUG main            d.u.i.k.p.i.AbstractProblemLoader Init config took 2.78s 
41329      INFO  main            d.u.i.k.p.i.AbstractProblemLoader Replaying proof empty_switch_array_out_of_bounds_catch.key 
41333      DEBUG main            d.u.i.k.p.i.IntermediateProofReplayer Proof replay took 7.3ns 
41536      INFO  main            d.u.i.k.p.r.p.TestFile    ... finished proof: closed. 
41721      INFO  main            d.u.i.k.p.i.AbstractProblemLoader Loading environment from /home/runner/work/key/key/key.core/../key.ui/examples/standard_key/java_dl/switch/empty_switch_array_out_of_bounds_catch.key.proof 
41721      DEBUG main            d.u.i.k.p.i.AbstractProblemLoader Environment load took 137.31ns 
41722      INFO  main            d.u.i.k.p.i.AbstractProblemLoader Creating init config 
44414      DEBUG main            d.u.i.k.p.i.AbstractProblemLoader Init config took 2.69s 
44436      INFO  main            d.u.i.k.p.i.AbstractProblemLoader Replaying proof empty_switch_array_out_of_bounds_catch.key.proof 
44472      DEBUG main            d.u.i.k.p.i.IntermediateProofReplayer Proof replay took 33.48ms 
44474      DEBUG main            d.u.i.k.p.r.p.TestFile    ... success: reloaded. 
44475      INFO  main            d.u.i.k.p.r.p.TestFile    Now processing file /home/runner/work/key/key/key.core/../key.ui/examples/standard_key/java_dl/switch/switch_in_switch.key 
44476      INFO  main            d.u.i.k.p.i.AbstractProblemLoader Loading environment from /home/runner/work/key/key/key.core/../key.ui/examples/standard_key/java_dl/switch/switch_in_switch.key 
44476      DEBUG main            d.u.i.k.p.i.AbstractProblemLoader Environment load took 201.91ns 
44477      INFO  main            d.u.i.k.p.i.AbstractProblemLoader Creating init config 
47328      DEBUG main            d.u.i.k.p.i.AbstractProblemLoader Init config took 2.85s 
47386      INFO  main            d.u.i.k.p.i.AbstractProblemLoader Replaying proof SwitchInSwitch[SwitchInSwitch::m(int)].JML normal_behavior operation contract.0 
47388      DEBUG main            d.u.i.k.p.i.IntermediateProofReplayer Proof replay took 7.3ns 
52198      INFO  main            d.u.i.k.p.r.p.TestFile    ... finished proof: closed. 
52454      INFO  main            d.u.i.k.p.i.AbstractProblemLoader Loading environment from /home/runner/work/key/key/key.core/../key.ui/examples/standard_key/java_dl/switch/switch_in_switch.key.proof 
52454      DEBUG main            d.u.i.k.p.i.AbstractProblemLoader Environment load took 382.81ns 
52456      INFO  main            d.u.i.k.p.i.AbstractProblemLoader Creating init config 
55310      DEBUG main            d.u.i.k.p.i.AbstractProblemLoader Init config took 2.85s 
55360      INFO  main            d.u.i.k.p.i.AbstractProblemLoader Replaying proof SwitchInSwitch[SwitchInSwitch::m(int)].JML normal_behavior operation contract.0 
55739      DEBUG main            d.u.i.k.p.i.IntermediateProofReplayer Proof replay took 352.61ms 
55742      DEBUG main            d.u.i.k.p.r.p.TestFile    ... success: reloaded. 
55743      INFO  main            d.u.i.k.p.r.p.TestFile    Now processing file /home/runner/work/key/key/key.core/../key.ui/examples/standard_key/java_dl/switch/while_and_switch.key 
55743      INFO  main            d.u.i.k.p.i.AbstractProblemLoader Loading environment from /home/runner/work/key/key/key.core/../key.ui/examples/standard_key/java_dl/switch/while_and_switch.key 
55743      DEBUG main            d.u.i.k.p.i.AbstractProblemLoader Environment load took 215.51ns 
55744      INFO  main            d.u.i.k.p.i.AbstractProblemLoader Creating init config 
58576      DEBUG main            d.u.i.k.p.i.AbstractProblemLoader Init config took 2.83s 
58622      INFO  main            d.u.i.k.p.i.AbstractProblemLoader Replaying proof WhileAndSwitch[WhileAndSwitch::m(int)].JML normal_behavior operation contract.0 
58625      DEBUG main            d.u.i.k.p.i.IntermediateProofReplayer Proof replay took 7.4ns 
59434      INFO  main            d.u.i.k.p.r.p.TestFile    ... finished proof: closed. 
59646      INFO  main            d.u.i.k.p.i.AbstractProblemLoader Loading environment from /home/runner/work/key/key/key.core/../key.ui/examples/standard_key/java_dl/switch/while_and_switch.key.proof 
59646      DEBUG main            d.u.i.k.p.i.AbstractProblemLoader Environment load took 375.22ns 
59648      INFO  main            d.u.i.k.p.i.AbstractProblemLoader Creating init config 
62413      DEBUG main            d.u.i.k.p.i.AbstractProblemLoader Init config took 2.77s 
62464      INFO  main            d.u.i.k.p.i.AbstractProblemLoader Replaying proof WhileAndSwitch[WhileAndSwitch::m(int)].JML normal_behavior operation contract.0 
62573      DEBUG main            d.u.i.k.p.i.IntermediateProofReplayer Proof replay took 102.87ms 
62574      DEBUG main            d.u.i.k.p.r.p.TestFile    ... success: reloaded. 
62575      INFO  main            d.u.i.k.p.r.p.TestFile    Now processing file /home/runner/work/key/key/key.core/../key.ui/examples/standard_key/java_dl/switch/large_switch.key 
62575      INFO  main            d.u.i.k.p.i.AbstractProblemLoader Loading environment from /home/runner/work/key/key/key.core/../key.ui/examples/standard_key/java_dl/switch/large_switch.key 
62575      DEBUG main            d.u.i.k.p.i.AbstractProblemLoader Environment load took 63.1ns 
62576      INFO  main            d.u.i.k.p.i.AbstractProblemLoader Creating init config 
65448      DEBUG main            d.u.i.k.p.i.AbstractProblemLoader Init config took 2.87s 
65489      INFO  main            d.u.i.k.p.i.AbstractProblemLoader Replaying proof LargeSwitch[LargeSwitch::m(int)].JML normal_behavior operation contract.0 
65490      DEBUG main            d.u.i.k.p.i.IntermediateProofReplayer Proof replay took 6.2ns 
66936      INFO  main            d.u.i.k.p.r.p.TestFile    ... finished proof: closed. 
67170      INFO  main            d.u.i.k.p.i.AbstractProblemLoader Loading environment from /home/runner/work/key/key/key.core/../key.ui/examples/standard_key/java_dl/switch/large_switch.key.proof 
67170      DEBUG main            d.u.i.k.p.i.AbstractProblemLoader Environment load took 147.01ns 
67172      INFO  main            d.u.i.k.p.i.AbstractProblemLoader Creating init config 
70028      DEBUG main            d.u.i.k.p.i.AbstractProblemLoader Init config took 2.86s 
70075      INFO  main            d.u.i.k.p.i.AbstractProblemLoader Replaying proof LargeSwitch[LargeSwitch::m(int)].JML normal_behavior operation contract.0 
70406      DEBUG main            d.u.i.k.p.i.IntermediateProofReplayer Proof replay took 315.42ms 
70408      DEBUG main            d.u.i.k.p.r.p.TestFile    ... success: reloaded. 
5733715    INFO  Test worker     d.u.i.k.p.r.RunAllProofsTestUnit Returning from test switch 
5733716    INFO  Test worker     d.u.i.k.p.r.RunAllProofsTestUnit Running test redux 
378        INFO  Timeout watchdog d.u.i.k.p.r.p.ForkedTestFileRunner Timeout watcher launched (2000 secs.) 
398        WARN  main            d.u.i.k.s.ProofSettings   The settings in /home/runner/.key/proof-settings.props are *not* read. 
430        INFO  main            d.u.i.k.p.r.p.TestFile    Now processing file /home/runner/work/key/key/key.core/../key.ui/examples/redux/arrays/Arrays.copyOf.key 
554        INFO  main            d.u.i.k.p.i.AbstractProblemLoader Loading environment from /home/runner/work/key/key/key.core/../key.ui/examples/redux/arrays/Arrays.copyOf.key 
573        DEBUG main            d.u.i.k.p.i.AbstractProblemLoader Environment load took 2.41ms 
810        INFO  main            d.u.i.k.p.i.AbstractProblemLoader Creating init config 
1887       DEBUG main            d.u.i.k.j.TypeConverter   No LDT found for Meta 
1889       DEBUG main            d.u.i.k.j.TypeConverter   No LDT found for Meta 
1892       DEBUG main            d.u.i.k.j.TypeConverter   No LDT found for Meta 
1892       DEBUG main            d.u.i.k.j.TypeConverter   No LDT found for Meta 
3323       DEBUG main            d.u.i.k.j.TypeConverter   No LDT found for JavaBigintExpression 
9697       DEBUG main            d.u.i.k.p.i.AbstractProblemLoader Init config took 8.89s 
9826       INFO  main            d.u.i.k.p.i.AbstractProblemLoader Replaying proof Arrays[Arrays::copyOf([I,int)].JML normal_behavior operation contract.0 
9862       DEBUG main            d.u.i.k.p.i.IntermediateProofReplayer Proof replay took 35.6ns 
15092      INFO  main            d.u.i.k.p.r.p.TestFile    ... finished proof: closed. 
15303      INFO  main            d.u.i.k.p.i.AbstractProblemLoader Loading environment from /home/runner/work/key/key/key.core/../key.ui/examples/redux/arrays/Arrays.copyOf.key.proof 
15304      DEBUG main            d.u.i.k.p.i.AbstractProblemLoader Environment load took 413.92ns 
15307      INFO  main            d.u.i.k.p.i.AbstractProblemLoader Creating init config 
18998      DEBUG main            d.u.i.k.p.i.AbstractProblemLoader Init config took 3.69s 
19059      INFO  main            d.u.i.k.p.i.AbstractProblemLoader Replaying proof Arrays[Arrays::copyOf([I,int)].JML normal_behavior operation contract.0 
19489      DEBUG main            d.u.i.k.p.i.IntermediateProofReplayer Proof replay took 410.94ms 
19498      DEBUG main            d.u.i.k.p.r.p.TestFile    ... success: reloaded. 
19500      INFO  main            d.u.i.k.p.r.p.TestFile    Now processing file /home/runner/work/key/key/key.core/../key.ui/examples/redux/arrays/Arrays.copyOf.float.key 
19501      INFO  main            d.u.i.k.p.i.AbstractProblemLoader Loading environment from /home/runner/work/key/key/key.core/../key.ui/examples/redux/arrays/Arrays.copyOf.float.key 
19501      DEBUG main            d.u.i.k.p.i.AbstractProblemLoader Environment load took 208.31ns 
19506      INFO  main            d.u.i.k.p.i.AbstractProblemLoader Creating init config 
23046      DEBUG main            d.u.i.k.p.i.AbstractProblemLoader Init config took 3.54s 
23103      INFO  main            d.u.i.k.p.i.AbstractProblemLoader Replaying proof Arrays[Arrays::copyOf([F,int)].JML normal_behavior operation contract.0 
23105      DEBUG main            d.u.i.k.p.i.IntermediateProofReplayer Proof replay took 7.1ns 
23137      DEBUG main            d.u.i.k.m.s.ProofScriptEngine [1] goal: 0, source line: 6, command: 'macro autopilot' 
28006      DEBUG main            d.u.i.k.m.s.ProofScriptEngine [2] goal: 17, source line: 7, command: 'smt solver=Z3' 
28106      INFO  main            d.u.i.k.m.s.SMTCommand    Finished run on goal 17 in 61ms, result is valid 
28107      DEBUG main            d.u.i.k.m.s.ProofScriptEngine [3] goal: 309, source line: 8, command: 'tryclose' 
29963      INFO  main            d.u.i.k.p.r.p.TestFile    ... finished proof: closed. 
30283      INFO  main            d.u.i.k.p.i.AbstractProblemLoader Loading environment from /home/runner/work/key/key/key.core/../key.ui/examples/redux/arrays/Arrays.copyOf.float.key.proof 
30285      DEBUG main            d.u.i.k.p.i.AbstractProblemLoader Environment load took 2.28ms 
30293      INFO  main            d.u.i.k.p.i.AbstractProblemLoader Creating init config 
33843      DEBUG main            d.u.i.k.p.i.AbstractProblemLoader Init config took 3.55s 
33909      INFO  main            d.u.i.k.p.i.AbstractProblemLoader Replaying proof Arrays[Arrays::copyOf([F,int)].JML normal_behavior operation contract.0 
34004      INFO  main            d.u.i.k.s.SMTFocusResults Analyzing unsat core: (L_6) 
34541      DEBUG main            d.u.i.k.p.i.IntermediateProofReplayer Proof replay took 604.45ms 
34543      DEBUG main            d.u.i.k.p.r.p.TestFile    ... success: reloaded. 
34544      INFO  main            d.u.i.k.p.r.p.TestFile    Now processing file /home/runner/work/key/key/key.core/../key.ui/examples/redux/arrays/Arrays.copyOfRange.key 
34544      INFO  main            d.u.i.k.p.i.AbstractProblemLoader Loading environment from /home/runner/work/key/key/key.core/../key.ui/examples/redux/arrays/Arrays.copyOfRange.key 
34545      DEBUG main            d.u.i.k.p.i.AbstractProblemLoader Environment load took 192.81ns 
34546      INFO  main            d.u.i.k.p.i.AbstractProblemLoader Creating init config 
38144      DEBUG main            d.u.i.k.p.i.AbstractProblemLoader Init config took 3.6s 
38192      INFO  main            d.u.i.k.p.i.AbstractProblemLoader Replaying proof Arrays[Arrays::copyOfRange([I,int,int)].JML normal_behavior operation contract.0 
38193      DEBUG main            d.u.i.k.p.i.IntermediateProofReplayer Proof replay took 5.7ns 
43075      INFO  main            d.u.i.k.p.r.p.TestFile    ... finished proof: closed. 
43351      INFO  main            d.u.i.k.p.i.AbstractProblemLoader Loading environment from /home/runner/work/key/key/key.core/../key.ui/examples/redux/arrays/Arrays.copyOfRange.key.proof 
43358      DEBUG main            d.u.i.k.p.i.AbstractProblemLoader Environment load took 6.78ms 
43361      INFO  main            d.u.i.k.p.i.AbstractProblemLoader Creating init config 
46881      DEBUG main            d.u.i.k.p.i.AbstractProblemLoader Init config took 3.52s 
46933      INFO  main            d.u.i.k.p.i.AbstractProblemLoader Replaying proof Arrays[Arrays::copyOfRange([I,int,int)].JML normal_behavior operation contract.0 
47327      DEBUG main            d.u.i.k.p.i.IntermediateProofReplayer Proof replay took 375.69ms 
47329      DEBUG main            d.u.i.k.p.r.p.TestFile    ... success: reloaded. 
47330      INFO  main            d.u.i.k.p.r.p.TestFile    Now processing file /home/runner/work/key/key/key.core/../key.ui/examples/redux/arrays/Arrays.copyOfRange.float.key 
47331      INFO  main            d.u.i.k.p.i.AbstractProblemLoader Loading environment from /home/runner/work/key/key/key.core/../key.ui/examples/redux/arrays/Arrays.copyOfRange.float.key 
47331      DEBUG main            d.u.i.k.p.i.AbstractProblemLoader Environment load took 226.71ns 
47332      INFO  main            d.u.i.k.p.i.AbstractProblemLoader Creating init config 
50765      DEBUG main            d.u.i.k.p.i.AbstractProblemLoader Init config took 3.43s 
50813      INFO  main            d.u.i.k.p.i.AbstractProblemLoader Replaying proof Arrays[Arrays::copyOfRange([F,int,int)].JML normal_behavior operation contract.0 
50814      DEBUG main            d.u.i.k.p.i.IntermediateProofReplayer Proof replay took 6.1ns 
50815      DEBUG main            d.u.i.k.m.s.ProofScriptEngine [1] goal: 0, source line: 6, command: 'macro autopilot' 
57303      DEBUG main            d.u.i.k.m.s.ProofScriptEngine [2] goal: 27, source line: 7, command: 'smt solver=Z3' 
57343      INFO  main            d.u.i.k.m.s.SMTCommand    Finished run on goal 27 in 33ms, result is valid 
57343      DEBUG main            d.u.i.k.m.s.ProofScriptEngine [3] goal: 375, source line: 8, command: 'tryclose' 
60975      INFO  main            d.u.i.k.p.r.p.TestFile    ... finished proof: closed. 
61200      INFO  main            d.u.i.k.p.i.AbstractProblemLoader Loading environment from /home/runner/work/key/key/key.core/../key.ui/examples/redux/arrays/Arrays.copyOfRange.float.key.proof 
61200      DEBUG main            d.u.i.k.p.i.AbstractProblemLoader Environment load took 147.51ns 
61203      INFO  main            d.u.i.k.p.i.AbstractProblemLoader Creating init config 
64580      DEBUG main            d.u.i.k.p.i.AbstractProblemLoader Init config took 3.38s 
64644      INFO  main            d.u.i.k.p.i.AbstractProblemLoader Replaying proof Arrays[Arrays::copyOfRange([F,int,int)].JML normal_behavior operation contract.0 
64725      INFO  main            d.u.i.k.s.SMTFocusResults Analyzing unsat core: (L_8) 
65435      DEBUG main            d.u.i.k.p.i.IntermediateProofReplayer Proof replay took 763.13ms 
65437      DEBUG main            d.u.i.k.p.r.p.TestFile    ... success: reloaded. 
65438      INFO  main            d.u.i.k.p.r.p.TestFile    Now processing file /home/runner/work/key/key/key.core/../key.ui/examples/redux/arrays/Arrays.equals.key 
65438      INFO  main            d.u.i.k.p.i.AbstractProblemLoader Loading environment from /home/runner/work/key/key/key.core/../key.ui/examples/redux/arrays/Arrays.equals.key 
65438      DEBUG main            d.u.i.k.p.i.AbstractProblemLoader Environment load took 100.7ns 
65439      INFO  main            d.u.i.k.p.i.AbstractProblemLoader Creating init config 
69001      DEBUG main            d.u.i.k.p.i.AbstractProblemLoader Init config took 3.56s 
69043      INFO  main            d.u.i.k.p.i.AbstractProblemLoader Replaying proof Arrays[Arrays::equals([B,[B)].JML normal_behavior operation contract.0 
69045      DEBUG main            d.u.i.k.p.i.IntermediateProofReplayer Proof replay took 6.2ns 
69652      INFO  main            d.u.i.k.p.r.p.TestFile    ... finished proof: closed. 
69936      INFO  main            d.u.i.k.p.i.AbstractProblemLoader Loading environment from /home/runner/work/key/key/key.core/../key.ui/examples/redux/arrays/Arrays.equals.key.proof 
69936      DEBUG main            d.u.i.k.p.i.AbstractProblemLoader Environment load took 547.23ns 
69938      INFO  main            d.u.i.k.p.i.AbstractProblemLoader Creating init config 
73300      DEBUG main            d.u.i.k.p.i.AbstractProblemLoader Init config took 3.36s 
73344      INFO  main            d.u.i.k.p.i.AbstractProblemLoader Replaying proof Arrays[Arrays::equals([B,[B)].JML normal_behavior operation contract.0 
73482      DEBUG main            d.u.i.k.p.i.IntermediateProofReplayer Proof replay took 133.67ms 
73483      DEBUG main            d.u.i.k.p.r.p.TestFile    ... success: reloaded. 
73484      INFO  main            d.u.i.k.p.r.p.TestFile    Now processing file /home/runner/work/key/key/key.core/../key.ui/examples/redux/arrays/Arrays.fill.key 
73484      INFO  main            d.u.i.k.p.i.AbstractProblemLoader Loading environment from /home/runner/work/key/key/key.core/../key.ui/examples/redux/arrays/Arrays.fill.key 
73485      DEBUG main            d.u.i.k.p.i.AbstractProblemLoader Environment load took 216.61ns 
73485      INFO  main            d.u.i.k.p.i.AbstractProblemLoader Creating init config 
76787      DEBUG main            d.u.i.k.p.i.AbstractProblemLoader Init config took 3.3s 
76828      INFO  main            d.u.i.k.p.i.AbstractProblemLoader Replaying proof Arrays[Arrays::fill([I,int)].JML normal_behavior operation contract.0 
76830      DEBUG main            d.u.i.k.p.i.IntermediateProofReplayer Proof replay took 8.2ns 
77036      INFO  main            d.u.i.k.p.r.p.TestFile    ... finished proof: closed. 
77219      INFO  main            d.u.i.k.p.i.AbstractProblemLoader Loading environment from /home/runner/work/key/key/key.core/../key.ui/examples/redux/arrays/Arrays.fill.key.proof 
77219      DEBUG main            d.u.i.k.p.i.AbstractProblemLoader Environment load took 144.61ns 
77220      INFO  main            d.u.i.k.p.i.AbstractProblemLoader Creating init config 
80568      DEBUG main            d.u.i.k.p.i.AbstractProblemLoader Init config took 3.35s 
80609      INFO  main            d.u.i.k.p.i.AbstractProblemLoader Replaying proof Arrays[Arrays::fill([I,int)].JML normal_behavior operation contract.0 
80636      DEBUG main            d.u.i.k.p.i.IntermediateProofReplayer Proof replay took 25.37ms 
80637      DEBUG main            d.u.i.k.p.r.p.TestFile    ... success: reloaded. 
80638      INFO  main            d.u.i.k.p.r.p.TestFile    Now processing file /home/runner/work/key/key/key.core/../key.ui/examples/redux/arrays/Arrays.fill.float.key 
80638      INFO  main            d.u.i.k.p.i.AbstractProblemLoader Loading environment from /home/runner/work/key/key/key.core/../key.ui/examples/redux/arrays/Arrays.fill.float.key 
80638      DEBUG main            d.u.i.k.p.i.AbstractProblemLoader Environment load took 70ns 
80639      INFO  main            d.u.i.k.p.i.AbstractProblemLoader Creating init config 
84032      DEBUG main            d.u.i.k.p.i.AbstractProblemLoader Init config took 3.39s 
84072      INFO  main            d.u.i.k.p.i.AbstractProblemLoader Replaying proof Arrays[Arrays::fill([F,float)].JML normal_behavior operation contract.0 
84074      DEBUG main            d.u.i.k.p.i.IntermediateProofReplayer Proof replay took 7ns 
84276      INFO  main            d.u.i.k.p.r.p.TestFile    ... finished proof: closed. 
84465      INFO  main            d.u.i.k.p.i.AbstractProblemLoader Loading environment from /home/runner/work/key/key/key.core/../key.ui/examples/redux/arrays/Arrays.fill.float.key.proof 
84465      DEBUG main            d.u.i.k.p.i.AbstractProblemLoader Environment load took 414.02ns 
84467      INFO  main            d.u.i.k.p.i.AbstractProblemLoader Creating init config 
87775      DEBUG main            d.u.i.k.p.i.AbstractProblemLoader Init config took 3.31s 
87821      INFO  main            d.u.i.k.p.i.AbstractProblemLoader Replaying proof Arrays[Arrays::fill([F,float)].JML normal_behavior operation contract.0 
87862      DEBUG main            d.u.i.k.p.i.IntermediateProofReplayer Proof replay took 36.81ms 
87863      DEBUG main            d.u.i.k.p.r.p.TestFile    ... success: reloaded. 
87864      INFO  main            d.u.i.k.p.r.p.TestFile    Now processing file /home/runner/work/key/key/key.core/../key.ui/examples/redux/arrays/Arrays.fillFromTo.key 
87865      INFO  main            d.u.i.k.p.i.AbstractProblemLoader Loading environment from /home/runner/work/key/key/key.core/../key.ui/examples/redux/arrays/Arrays.fillFromTo.key 
87865      DEBUG main            d.u.i.k.p.i.AbstractProblemLoader Environment load took 214.31ns 
87866      INFO  main            d.u.i.k.p.i.AbstractProblemLoader Creating init config 
91252      DEBUG main            d.u.i.k.p.i.AbstractProblemLoader Init config took 3.39s 
91293      INFO  main            d.u.i.k.p.i.AbstractProblemLoader Replaying proof Arrays[Arrays::fill([I,int,int,int)].JML normal_behavior operation contract.0 
91294      DEBUG main            d.u.i.k.p.i.IntermediateProofReplayer Proof replay took 7ns 
91899      INFO  main            d.u.i.k.p.r.p.TestFile    ... finished proof: closed. 
92144      INFO  main            d.u.i.k.p.i.AbstractProblemLoader Loading environment from /home/runner/work/key/key/key.core/../key.ui/examples/redux/arrays/Arrays.fillFromTo.key.proof 
92145      DEBUG main            d.u.i.k.p.i.AbstractProblemLoader Environment load took 389.52ns 
92146      INFO  main            d.u.i.k.p.i.AbstractProblemLoader Creating init config 
95492      DEBUG main            d.u.i.k.p.i.AbstractProblemLoader Init config took 3.35s 
95533      INFO  main            d.u.i.k.p.i.AbstractProblemLoader Replaying proof Arrays[Arrays::fill([I,int,int,int)].JML normal_behavior operation contract.0 
95653      DEBUG main            d.u.i.k.p.i.IntermediateProofReplayer Proof replay took 116.4ms 
95655      DEBUG main            d.u.i.k.p.r.p.TestFile    ... success: reloaded. 
95656      INFO  main            d.u.i.k.p.r.p.TestFile    Now processing file /home/runner/work/key/key/key.core/../key.ui/examples/redux/arrays/Arrays.fillFromTo.float.key 
95656      INFO  main            d.u.i.k.p.i.AbstractProblemLoader Loading environment from /home/runner/work/key/key/key.core/../key.ui/examples/redux/arrays/Arrays.fillFromTo.float.key 
95656      DEBUG main            d.u.i.k.p.i.AbstractProblemLoader Environment load took 191.31ns 
95657      INFO  main            d.u.i.k.p.i.AbstractProblemLoader Creating init config 
99130      DEBUG main            d.u.i.k.p.i.AbstractProblemLoader Init config took 3.47s 
99170      INFO  main            d.u.i.k.p.i.AbstractProblemLoader Replaying proof Arrays[Arrays::fill([F,int,int,float)].JML normal_behavior operation contract.0 
99171      DEBUG main            d.u.i.k.p.i.IntermediateProofReplayer Proof replay took 7.4ns 
99879      INFO  main            d.u.i.k.p.r.p.TestFile    ... finished proof: closed. 
100134     INFO  main            d.u.i.k.p.i.AbstractProblemLoader Loading environment from /home/runner/work/key/key/key.core/../key.ui/examples/redux/arrays/Arrays.fillFromTo.float.key.proof 
100135     DEBUG main            d.u.i.k.p.i.AbstractProblemLoader Environment load took 717.84ns 
100136     INFO  main            d.u.i.k.p.i.AbstractProblemLoader Creating init config 
103515     DEBUG main            d.u.i.k.p.i.AbstractProblemLoader Init config took 3.38s 
103554     INFO  main            d.u.i.k.p.i.AbstractProblemLoader Replaying proof Arrays[Arrays::fill([F,int,int,float)].JML normal_behavior operation contract.0 
103661     DEBUG main            d.u.i.k.p.i.IntermediateProofReplayer Proof replay took 102.05ms 
103662     DEBUG main            d.u.i.k.p.r.p.TestFile    ... success: reloaded. 
103663     INFO  main            d.u.i.k.p.r.p.TestFile    Now processing file /home/runner/work/key/key/key.core/../key.ui/examples/redux/arrays/ArrayCopy.arraycopy.normal.0.key 
103664     INFO  main            d.u.i.k.p.i.AbstractProblemLoader Loading environment from /home/runner/work/key/key/key.core/../key.ui/examples/redux/arrays/ArrayCopy.arraycopy.normal.0.key 
103664     DEBUG main            d.u.i.k.p.i.AbstractProblemLoader Environment load took 184.61ns 
103665     INFO  main            d.u.i.k.p.i.AbstractProblemLoader Creating init config 
107027     DEBUG main            d.u.i.k.p.i.AbstractProblemLoader Init config took 3.36s 
107065     INFO  main            d.u.i.k.p.i.AbstractProblemLoader Replaying proof ArrayCopy[ArrayCopy::arraycopy(java.lang.Object,int,java.lang.Object,int,int)].JML normal_behavior operation contract.0 
107066     DEBUG main            d.u.i.k.p.i.IntermediateProofReplayer Proof replay took 6.8ns 
113709     INFO  main            d.u.i.k.p.r.p.TestFile    ... finished proof: closed. 
113961     INFO  main            d.u.i.k.p.i.AbstractProblemLoader Loading environment from /home/runner/work/key/key/key.core/../key.ui/examples/redux/arrays/ArrayCopy.arraycopy.normal.0.key.proof 
113962     DEBUG main            d.u.i.k.p.i.AbstractProblemLoader Environment load took 161.91ns 
113964     INFO  main            d.u.i.k.p.i.AbstractProblemLoader Creating init config 
117289     DEBUG main            d.u.i.k.p.i.AbstractProblemLoader Init config took 3.33s 
117328     INFO  main            d.u.i.k.p.i.AbstractProblemLoader Replaying proof ArrayCopy[ArrayCopy::arraycopy(java.lang.Object,int,java.lang.Object,int,int)].JML normal_behavior operation contract.0 
118039     DEBUG main            d.u.i.k.p.i.IntermediateProofReplayer Proof replay took 692.85ms 
118041     DEBUG main            d.u.i.k.p.r.p.TestFile    ... success: reloaded. 
118042     INFO  main            d.u.i.k.p.r.p.TestFile    Now processing file /home/runner/work/key/key/key.core/../key.ui/examples/redux/arrays/ArrayCopy.arraycopy.exceptional.0.key 
118042     INFO  main            d.u.i.k.p.i.AbstractProblemLoader Loading environment from /home/runner/work/key/key/key.core/../key.ui/examples/redux/arrays/ArrayCopy.arraycopy.exceptional.0.key 
118043     DEBUG main            d.u.i.k.p.i.AbstractProblemLoader Environment load took 192.91ns 
118044     INFO  main            d.u.i.k.p.i.AbstractProblemLoader Creating init config 
121479     DEBUG main            d.u.i.k.p.i.AbstractProblemLoader Init config took 3.44s 
121516     INFO  main            d.u.i.k.p.i.AbstractProblemLoader Replaying proof ArrayCopy[ArrayCopy::arraycopy(java.lang.Object,int,java.lang.Object,int,int)].JML exceptional_behavior operation contract.0 
121517     DEBUG main            d.u.i.k.p.i.IntermediateProofReplayer Proof replay took 6ns 
121920     INFO  main            d.u.i.k.p.r.p.TestFile    ... finished proof: closed. 
122139     INFO  main            d.u.i.k.p.i.AbstractProblemLoader Loading environment from /home/runner/work/key/key/key.core/../key.ui/examples/redux/arrays/ArrayCopy.arraycopy.exceptional.0.key.proof 
122139     DEBUG main            d.u.i.k.p.i.AbstractProblemLoader Environment load took 142.51ns 
122140     INFO  main            d.u.i.k.p.i.AbstractProblemLoader Creating init config 
125451     DEBUG main            d.u.i.k.p.i.AbstractProblemLoader Init config took 3.31s 
125508     INFO  main            d.u.i.k.p.i.AbstractProblemLoader Replaying proof ArrayCopy[ArrayCopy::arraycopy(java.lang.Object,int,java.lang.Object,int,int)].JML exceptional_behavior operation contract.0 
125613     DEBUG main            d.u.i.k.p.i.IntermediateProofReplayer Proof replay took 101.66ms 
125614     DEBUG main            d.u.i.k.p.r.p.TestFile    ... success: reloaded. 
125615     INFO  main            d.u.i.k.p.r.p.TestFile    Now processing file /home/runner/work/key/key/key.core/../key.ui/examples/redux/arrays/ArrayCopy.arraycopy.exceptional.1.key 
125615     INFO  main            d.u.i.k.p.i.AbstractProblemLoader Loading environment from /home/runner/work/key/key/key.core/../key.ui/examples/redux/arrays/ArrayCopy.arraycopy.exceptional.1.key 
125615     DEBUG main            d.u.i.k.p.i.AbstractProblemLoader Environment load took 115.11ns 
125616     INFO  main            d.u.i.k.p.i.AbstractProblemLoader Creating init config 
128954     DEBUG main            d.u.i.k.p.i.AbstractProblemLoader Init config took 3.34s 
128991     INFO  main            d.u.i.k.p.i.AbstractProblemLoader Replaying proof ArrayCopy[ArrayCopy::arraycopy(java.lang.Object,int,java.lang.Object,int,int)].JML exceptional_behavior operation contract.1 
128993     DEBUG main            d.u.i.k.p.i.IntermediateProofReplayer Proof replay took 17.9ns 
135553     INFO  main            d.u.i.k.p.r.p.TestFile    ... finished proof: closed. 
135810     INFO  main            d.u.i.k.p.i.AbstractProblemLoader Loading environment from /home/runner/work/key/key/key.core/../key.ui/examples/redux/arrays/ArrayCopy.arraycopy.exceptional.1.key.proof 
135810     DEBUG main            d.u.i.k.p.i.AbstractProblemLoader Environment load took 426.72ns 
135814     INFO  main            d.u.i.k.p.i.AbstractProblemLoader Creating init config 
139091     DEBUG main            d.u.i.k.p.i.AbstractProblemLoader Init config took 3.28s 
139128     INFO  main            d.u.i.k.p.i.AbstractProblemLoader Replaying proof ArrayCopy[ArrayCopy::arraycopy(java.lang.Object,int,java.lang.Object,int,int)].JML exceptional_behavior operation contract.1 
140395     DEBUG main            d.u.i.k.p.i.IntermediateProofReplayer Proof replay took 1.25s 
140397     DEBUG main            d.u.i.k.p.r.p.TestFile    ... success: reloaded. 
5874301    INFO  Test worker     d.u.i.k.p.r.RunAllProofsTestUnit Returning from test redux 
]]></system-out>
  <system-err><![CDATA[]]></system-err>
</testsuite>
