<?xml version="1.0" encoding="UTF-8"?>
<testsuite name="de.uka.ilkd.key.proof.proverules.ProveRulesTest" tests="196" skipped="0" failures="0" errors="0" timestamp="2023-03-13T14:35:45" hostname="fv-az298-723" time="931.643">
  <properties/>
  <testcase name="eqTermCut" classname="de.uka.ilkd.key.proof.proverules.ProveRulesTest" time="5.873"/>
  <testcase name="equivAllRight" classname="de.uka.ilkd.key.proof.proverules.ProveRulesTest" time="5.254"/>
  <testcase name="irrflConcrete1" classname="de.uka.ilkd.key.proof.proverules.ProveRulesTest" time="4.948"/>
  <testcase name="irrflConcrete2" classname="de.uka.ilkd.key.proof.proverules.ProveRulesTest" time="4.875"/>
  <testcase name="cancel_gtPos" classname="de.uka.ilkd.key.proof.proverules.ProveRulesTest" time="4.976"/>
  <testcase name="cancel_gtNeg" classname="de.uka.ilkd.key.proof.proverules.ProveRulesTest" time="4.832"/>
  <testcase name="moduloIntIsInInt" classname="de.uka.ilkd.key.proof.proverules.ProveRulesTest" time="4.762"/>
  <testcase name="moduloLongIsInLong" classname="de.uka.ilkd.key.proof.proverules.ProveRulesTest" time="4.742"/>
  <testcase name="moduloShortIsInShort" classname="de.uka.ilkd.key.proof.proverules.ProveRulesTest" time="4.747"/>
  <testcase name="moduloByteIsInByte" classname="de.uka.ilkd.key.proof.proverules.ProveRulesTest" time="4.708"/>
  <testcase name="moduloCharIsInChar" classname="de.uka.ilkd.key.proof.proverules.ProveRulesTest" time="4.749"/>
  <testcase name="div_unique1" classname="de.uka.ilkd.key.proof.proverules.ProveRulesTest" time="4.794"/>
  <testcase name="div_unique2" classname="de.uka.ilkd.key.proof.proverules.ProveRulesTest" time="4.809"/>
  <testcase name="div_exists" classname="de.uka.ilkd.key.proof.proverules.ProveRulesTest" time="5.095"/>
  <testcase name="div_one" classname="de.uka.ilkd.key.proof.proverules.ProveRulesTest" time="4.703"/>
  <testcase name="jdiv_one" classname="de.uka.ilkd.key.proof.proverules.ProveRulesTest" time="4.719"/>
  <testcase name="div_zero" classname="de.uka.ilkd.key.proof.proverules.ProveRulesTest" time="4.732"/>
  <testcase name="divResZero1" classname="de.uka.ilkd.key.proof.proverules.ProveRulesTest" time="4.654"/>
  <testcase name="divResZero2" classname="de.uka.ilkd.key.proof.proverules.ProveRulesTest" time="4.683"/>
  <testcase name="divResOne1" classname="de.uka.ilkd.key.proof.proverules.ProveRulesTest" time="4.669"/>
  <testcase name="divResOne2" classname="de.uka.ilkd.key.proof.proverules.ProveRulesTest" time="4.65"/>
  <testcase name="div_cancel1" classname="de.uka.ilkd.key.proof.proverules.ProveRulesTest" time="4.674"/>
  <testcase name="div_cancel2" classname="de.uka.ilkd.key.proof.proverules.ProveRulesTest" time="4.669"/>
  <testcase name="divAddMultDenom" classname="de.uka.ilkd.key.proof.proverules.ProveRulesTest" time="4.679"/>
  <testcase name="divMinus" classname="de.uka.ilkd.key.proof.proverules.ProveRulesTest" time="4.753"/>
  <testcase name="divMinusDenom" classname="de.uka.ilkd.key.proof.proverules.ProveRulesTest" time="4.73"/>
  <testcase name="divLeastDPos" classname="de.uka.ilkd.key.proof.proverules.ProveRulesTest" time="4.607"/>
  <testcase name="divLeastDNeg" classname="de.uka.ilkd.key.proof.proverules.ProveRulesTest" time="4.718"/>
  <testcase name="divGreatestDPos" classname="de.uka.ilkd.key.proof.proverules.ProveRulesTest" time="4.624"/>
  <testcase name="divGreatestDNeg" classname="de.uka.ilkd.key.proof.proverules.ProveRulesTest" time="4.628"/>
  <testcase name="divIncreasingPos" classname="de.uka.ilkd.key.proof.proverules.ProveRulesTest" time="4.59"/>
  <testcase name="divIncreasingNeg" classname="de.uka.ilkd.key.proof.proverules.ProveRulesTest" time="4.575"/>
  <testcase name="jdiv_zero" classname="de.uka.ilkd.key.proof.proverules.ProveRulesTest" time="4.566"/>
  <testcase name="jdivPulloutMinusNum" classname="de.uka.ilkd.key.proof.proverules.ProveRulesTest" time="4.648"/>
  <testcase name="jdivPulloutMinusDenom" classname="de.uka.ilkd.key.proof.proverules.ProveRulesTest" time="4.809"/>
  <testcase name="jdiv_uniquePosPos" classname="de.uka.ilkd.key.proof.proverules.ProveRulesTest" time="4.653"/>
  <testcase name="jdiv_uniquePosNeg" classname="de.uka.ilkd.key.proof.proverules.ProveRulesTest" time="4.645"/>
  <testcase name="jdiv_uniqueNegPos" classname="de.uka.ilkd.key.proof.proverules.ProveRulesTest" time="4.642"/>
  <testcase name="jdiv_uniqueNegNeg" classname="de.uka.ilkd.key.proof.proverules.ProveRulesTest" time="4.613"/>
  <testcase name="jdivMultDenom1" classname="de.uka.ilkd.key.proof.proverules.ProveRulesTest" time="4.721"/>
  <testcase name="jdivMultDenom2" classname="de.uka.ilkd.key.proof.proverules.ProveRulesTest" time="4.629"/>
  <testcase name="mod_geZero" classname="de.uka.ilkd.key.proof.proverules.ProveRulesTest" time="4.664"/>
  <testcase name="mod_lessDenom" classname="de.uka.ilkd.key.proof.proverules.ProveRulesTest" time="4.592"/>
  <testcase name="jmod_NumPos" classname="de.uka.ilkd.key.proof.proverules.ProveRulesTest" time="4.631"/>
  <testcase name="jmod_NumNeg" classname="de.uka.ilkd.key.proof.proverules.ProveRulesTest" time="4.585"/>
  <testcase name="jmod_geZero" classname="de.uka.ilkd.key.proof.proverules.ProveRulesTest" time="4.636"/>
  <testcase name="jmodNumZero" classname="de.uka.ilkd.key.proof.proverules.ProveRulesTest" time="4.633"/>
  <testcase name="jmod_pulloutminusNum" classname="de.uka.ilkd.key.proof.proverules.ProveRulesTest" time="4.648"/>
  <testcase name="jmod_pulloutminusDenom" classname="de.uka.ilkd.key.proof.proverules.ProveRulesTest" time="4.641"/>
  <testcase name="jmodUnique1" classname="de.uka.ilkd.key.proof.proverules.ProveRulesTest" time="4.805"/>
  <testcase name="jmodUnique2" classname="de.uka.ilkd.key.proof.proverules.ProveRulesTest" time="4.837"/>
  <testcase name="intDivRem" classname="de.uka.ilkd.key.proof.proverules.ProveRulesTest" time="4.623"/>
  <testcase name="jmodjmod" classname="de.uka.ilkd.key.proof.proverules.ProveRulesTest" time="4.719"/>
  <testcase name="jmodDivisible" classname="de.uka.ilkd.key.proof.proverules.ProveRulesTest" time="4.642"/>
  <testcase name="jmodDivisibleRep" classname="de.uka.ilkd.key.proof.proverules.ProveRulesTest" time="4.57"/>
  <testcase name="jdivAddMultDenom" classname="de.uka.ilkd.key.proof.proverules.ProveRulesTest" time="5.049"/>
  <testcase name="jmodAltZero" classname="de.uka.ilkd.key.proof.proverules.ProveRulesTest" time="4.65"/>
  <testcase name="jmodAddMultDenomZero" classname="de.uka.ilkd.key.proof.proverules.ProveRulesTest" time="4.594"/>
  <testcase name="polyDiv_zero" classname="de.uka.ilkd.key.proof.proverules.ProveRulesTest" time="4.653"/>
  <testcase name="polyMod_ltdivDenom" classname="de.uka.ilkd.key.proof.proverules.ProveRulesTest" time="4.751"/>
  <testcase name="bsum_empty" classname="de.uka.ilkd.key.proof.proverules.ProveRulesTest" time="4.631"/>
  <testcase name="bsum_induction_upper" classname="de.uka.ilkd.key.proof.proverules.ProveRulesTest" time="4.661"/>
  <testcase name="bsum_induction_lower" classname="de.uka.ilkd.key.proof.proverules.ProveRulesTest" time="4.638"/>
  <testcase name="bsum_num_of_bounds" classname="de.uka.ilkd.key.proof.proverules.ProveRulesTest" time="4.587"/>
  <testcase name="bsum_num_of_bounds2" classname="de.uka.ilkd.key.proof.proverules.ProveRulesTest" time="4.671"/>
  <testcase name="bsum_induction_upper2" classname="de.uka.ilkd.key.proof.proverules.ProveRulesTest" time="4.579"/>
  <testcase name="bsum_induction_upper_concrete" classname="de.uka.ilkd.key.proof.proverules.ProveRulesTest" time="4.593"/>
  <testcase name="bsum_induction_upper_concrete_2" classname="de.uka.ilkd.key.proof.proverules.ProveRulesTest" time="4.626"/>
  <testcase name="bsum_induction_upper2_concrete" classname="de.uka.ilkd.key.proof.proverules.ProveRulesTest" time="4.597"/>
  <testcase name="bsum_induction_lower_concrete" classname="de.uka.ilkd.key.proof.proverules.ProveRulesTest" time="4.593"/>
  <testcase name="bsum_induction_lower2" classname="de.uka.ilkd.key.proof.proverules.ProveRulesTest" time="4.537"/>
  <testcase name="bsum_induction_lower2_concrete" classname="de.uka.ilkd.key.proof.proverules.ProveRulesTest" time="4.577"/>
  <testcase name="bsum_positive" classname="de.uka.ilkd.key.proof.proverules.ProveRulesTest" time="4.684"/>
  <testcase name="bsum_upper_bound" classname="de.uka.ilkd.key.proof.proverules.ProveRulesTest" time="4.671"/>
  <testcase name="bsum_lower_bound" classname="de.uka.ilkd.key.proof.proverules.ProveRulesTest" time="4.643"/>
  <testcase name="bsum_positive_lower_bound_element" classname="de.uka.ilkd.key.proof.proverules.ProveRulesTest" time="4.625"/>
  <testcase name="bsum_sub_same_index" classname="de.uka.ilkd.key.proof.proverules.ProveRulesTest" time="4.6"/>
  <testcase name="bsum_less_same_index" classname="de.uka.ilkd.key.proof.proverules.ProveRulesTest" time="4.66"/>
  <testcase name="bsum_equal_except_one_index" classname="de.uka.ilkd.key.proof.proverules.ProveRulesTest" time="4.694"/>
  <testcase name="bsum_num_of_is_max" classname="de.uka.ilkd.key.proof.proverules.ProveRulesTest" time="4.598"/>
  <testcase name="bsum_num_of_is_max2" classname="de.uka.ilkd.key.proof.proverules.ProveRulesTest" time="4.745"/>
  <testcase name="bsum_num_of_is_max3" classname="de.uka.ilkd.key.proof.proverules.ProveRulesTest" time="4.696"/>
  <testcase name="bsum_num_of_is_max4" classname="de.uka.ilkd.key.proof.proverules.ProveRulesTest" time="4.629"/>
  <testcase name="bsum_num_of_lt_max" classname="de.uka.ilkd.key.proof.proverules.ProveRulesTest" time="4.576"/>
  <testcase name="bsum_num_of_lt_max2" classname="de.uka.ilkd.key.proof.proverules.ProveRulesTest" time="4.556"/>
  <testcase name="bsum_num_of_lt_max3" classname="de.uka.ilkd.key.proof.proverules.ProveRulesTest" time="4.658"/>
  <testcase name="bsum_num_of_lt_max4" classname="de.uka.ilkd.key.proof.proverules.ProveRulesTest" time="4.539"/>
  <testcase name="bsum_num_of_gt0" classname="de.uka.ilkd.key.proof.proverules.ProveRulesTest" time="4.563"/>
  <testcase name="bsum_num_of_gt0_alt" classname="de.uka.ilkd.key.proof.proverules.ProveRulesTest" time="4.554"/>
  <testcase name="bsum_add_concrete" classname="de.uka.ilkd.key.proof.proverules.ProveRulesTest" time="4.5"/>
  <testcase name="bprod_all_positive" classname="de.uka.ilkd.key.proof.proverules.ProveRulesTest" time="4.568"/>
  <testcase name="bprod_split" classname="de.uka.ilkd.key.proof.proverules.ProveRulesTest" time="4.633"/>
  <testcase name="powConcrete0" classname="de.uka.ilkd.key.proof.proverules.ProveRulesTest" time="4.508"/>
  <testcase name="powConcrete1" classname="de.uka.ilkd.key.proof.proverules.ProveRulesTest" time="4.571"/>
  <testcase name="powSplitFactor" classname="de.uka.ilkd.key.proof.proverules.ProveRulesTest" time="4.586"/>
  <testcase name="powAdd" classname="de.uka.ilkd.key.proof.proverules.ProveRulesTest" time="4.534"/>
  <testcase name="powMono" classname="de.uka.ilkd.key.proof.proverules.ProveRulesTest" time="4.517"/>
  <testcase name="powMonoConcrete" classname="de.uka.ilkd.key.proof.proverules.ProveRulesTest" time="4.488"/>
  <testcase name="powMonoConcreteRight" classname="de.uka.ilkd.key.proof.proverules.ProveRulesTest" time="4.549"/>
  <testcase name="powPositive" classname="de.uka.ilkd.key.proof.proverules.ProveRulesTest" time="4.507"/>
  <testcase name="powPositiveConcrete" classname="de.uka.ilkd.key.proof.proverules.ProveRulesTest" time="4.602"/>
  <testcase name="powGeq1Concrete" classname="de.uka.ilkd.key.proof.proverules.ProveRulesTest" time="4.619"/>
  <testcase name="pow2InIntLower" classname="de.uka.ilkd.key.proof.proverules.ProveRulesTest" time="4.576"/>
  <testcase name="pow2InIntUpper" classname="de.uka.ilkd.key.proof.proverules.ProveRulesTest" time="4.576"/>
  <testcase name="logSelfConcrete" classname="de.uka.ilkd.key.proof.proverules.ProveRulesTest" time="4.591"/>
  <testcase name="log1Concrete" classname="de.uka.ilkd.key.proof.proverules.ProveRulesTest" time="4.547"/>
  <testcase name="logProduct" classname="de.uka.ilkd.key.proof.proverules.ProveRulesTest" time="4.62"/>
  <testcase name="logTimesBaseConcrete" classname="de.uka.ilkd.key.proof.proverules.ProveRulesTest" time="4.592"/>
  <testcase name="logProdIdentity" classname="de.uka.ilkd.key.proof.proverules.ProveRulesTest" time="4.598"/>
  <testcase name="logProdIdentityConcrete" classname="de.uka.ilkd.key.proof.proverules.ProveRulesTest" time="4.582"/>
  <testcase name="logPowIdentity" classname="de.uka.ilkd.key.proof.proverules.ProveRulesTest" time="4.544"/>
  <testcase name="logPowIdentityConcrete" classname="de.uka.ilkd.key.proof.proverules.ProveRulesTest" time="4.544"/>
  <testcase name="logPositive" classname="de.uka.ilkd.key.proof.proverules.ProveRulesTest" time="4.644"/>
  <testcase name="logPositiveConcrete" classname="de.uka.ilkd.key.proof.proverules.ProveRulesTest" time="4.555"/>
  <testcase name="logMono" classname="de.uka.ilkd.key.proof.proverules.ProveRulesTest" time="4.663"/>
  <testcase name="logMonoConcrete" classname="de.uka.ilkd.key.proof.proverules.ProveRulesTest" time="4.506"/>
  <testcase name="powLogLess" classname="de.uka.ilkd.key.proof.proverules.ProveRulesTest" time="4.642"/>
  <testcase name="powLogMore2" classname="de.uka.ilkd.key.proof.proverules.ProveRulesTest" time="4.637"/>
  <testcase name="logLessThanPow" classname="de.uka.ilkd.key.proof.proverules.ProveRulesTest" time="4.716"/>
  <testcase name="logLessThanPowConcrete" classname="de.uka.ilkd.key.proof.proverules.ProveRulesTest" time="4.535"/>
  <testcase name="logSqueeze" classname="de.uka.ilkd.key.proof.proverules.ProveRulesTest" time="4.558"/>
  <testcase name="ifthenelse_equals" classname="de.uka.ilkd.key.proof.proverules.ProveRulesTest" time="4.595"/>
  <testcase name="ifthenelse_equals_1" classname="de.uka.ilkd.key.proof.proverules.ProveRulesTest" time="4.451"/>
  <testcase name="ifthenelse_equals_2" classname="de.uka.ilkd.key.proof.proverules.ProveRulesTest" time="4.525"/>
  <testcase name="disjointWithSingleton1" classname="de.uka.ilkd.key.proof.proverules.ProveRulesTest" time="4.589"/>
  <testcase name="disjointWithSingleton2" classname="de.uka.ilkd.key.proof.proverules.ProveRulesTest" time="4.549"/>
  <testcase name="disjointArrayRanges" classname="de.uka.ilkd.key.proof.proverules.ProveRulesTest" time="4.573"/>
  <testcase name="disjointArrayRangeAllFields1" classname="de.uka.ilkd.key.proof.proverules.ProveRulesTest" time="4.58"/>
  <testcase name="disjointArrayRangeAllFields2" classname="de.uka.ilkd.key.proof.proverules.ProveRulesTest" time="4.554"/>
  <testcase name="seqSelfDefinition" classname="de.uka.ilkd.key.proof.proverules.ProveRulesTest" time="4.539"/>
  <testcase name="seqOutsideValue" classname="de.uka.ilkd.key.proof.proverules.ProveRulesTest" time="4.547"/>
  <testcase name="castedGetAny" classname="de.uka.ilkd.key.proof.proverules.ProveRulesTest" time="4.581"/>
  <testcase name="seqGetAlphaCast" classname="de.uka.ilkd.key.proof.proverules.ProveRulesTest" time="4.556"/>
  <testcase name="getOfSeqSingleton" classname="de.uka.ilkd.key.proof.proverules.ProveRulesTest" time="4.584"/>
  <testcase name="getOfSeqSingletonConcrete" classname="de.uka.ilkd.key.proof.proverules.ProveRulesTest" time="4.628"/>
  <testcase name="getOfSeqConcat" classname="de.uka.ilkd.key.proof.proverules.ProveRulesTest" time="4.559"/>
  <testcase name="getOfSeqSub" classname="de.uka.ilkd.key.proof.proverules.ProveRulesTest" time="4.528"/>
  <testcase name="getOfSeqReverse" classname="de.uka.ilkd.key.proof.proverules.ProveRulesTest" time="4.564"/>
  <testcase name="lenOfSeqEmpty" classname="de.uka.ilkd.key.proof.proverules.ProveRulesTest" time="4.568"/>
  <testcase name="lenOfSeqSingleton" classname="de.uka.ilkd.key.proof.proverules.ProveRulesTest" time="4.589"/>
  <testcase name="lenOfSeqConcat" classname="de.uka.ilkd.key.proof.proverules.ProveRulesTest" time="4.546"/>
  <testcase name="lenOfSeqSub" classname="de.uka.ilkd.key.proof.proverules.ProveRulesTest" time="4.465"/>
  <testcase name="lenOfSeqReverse" classname="de.uka.ilkd.key.proof.proverules.ProveRulesTest" time="4.51"/>
  <testcase name="equalityToSeqGetAndSeqLenLeft" classname="de.uka.ilkd.key.proof.proverules.ProveRulesTest" time="4.556"/>
  <testcase name="equalityToSeqGetAndSeqLenRight" classname="de.uka.ilkd.key.proof.proverules.ProveRulesTest" time="4.512"/>
  <testcase name="getOfSeqSingletonEQ" classname="de.uka.ilkd.key.proof.proverules.ProveRulesTest" time="4.458"/>
  <testcase name="getOfSeqConcatEQ" classname="de.uka.ilkd.key.proof.proverules.ProveRulesTest" time="4.607"/>
  <testcase name="getOfSeqSubEQ" classname="de.uka.ilkd.key.proof.proverules.ProveRulesTest" time="4.452"/>
  <testcase name="getOfSeqReverseEQ" classname="de.uka.ilkd.key.proof.proverules.ProveRulesTest" time="4.435"/>
  <testcase name="lenOfSeqEmptyEQ" classname="de.uka.ilkd.key.proof.proverules.ProveRulesTest" time="4.636"/>
  <testcase name="lenOfSeqSingletonEQ" classname="de.uka.ilkd.key.proof.proverules.ProveRulesTest" time="4.395"/>
  <testcase name="lenOfSeqConcatEQ" classname="de.uka.ilkd.key.proof.proverules.ProveRulesTest" time="4.409"/>
  <testcase name="lenOfSeqSubEQ" classname="de.uka.ilkd.key.proof.proverules.ProveRulesTest" time="4.544"/>
  <testcase name="lenOfSeqReverseEQ" classname="de.uka.ilkd.key.proof.proverules.ProveRulesTest" time="4.555"/>
  <testcase name="getOfSeqDefEQ" classname="de.uka.ilkd.key.proof.proverules.ProveRulesTest" time="4.413"/>
  <testcase name="lenOfSeqDefEQ" classname="de.uka.ilkd.key.proof.proverules.ProveRulesTest" time="4.467"/>
  <testcase name="seqConcatWithSeqEmpty1" classname="de.uka.ilkd.key.proof.proverules.ProveRulesTest" time="4.359"/>
  <testcase name="seqConcatWithSeqEmpty2" classname="de.uka.ilkd.key.proof.proverules.ProveRulesTest" time="4.386"/>
  <testcase name="seqReverseOfSeqEmpty" classname="de.uka.ilkd.key.proof.proverules.ProveRulesTest" time="4.473"/>
  <testcase name="subSeqComplete" classname="de.uka.ilkd.key.proof.proverules.ProveRulesTest" time="4.39"/>
  <testcase name="subSeqTailR" classname="de.uka.ilkd.key.proof.proverules.ProveRulesTest" time="4.495"/>
  <testcase name="subSeqTailL" classname="de.uka.ilkd.key.proof.proverules.ProveRulesTest" time="4.461"/>
  <testcase name="subSeqTailEQR" classname="de.uka.ilkd.key.proof.proverules.ProveRulesTest" time="4.459"/>
  <testcase name="subSeqTailEQL" classname="de.uka.ilkd.key.proof.proverules.ProveRulesTest" time="4.474"/>
  <testcase name="seqDef_split" classname="de.uka.ilkd.key.proof.proverules.ProveRulesTest" time="4.52"/>
  <testcase name="seqDef_induction_upper" classname="de.uka.ilkd.key.proof.proverules.ProveRulesTest" time="4.588"/>
  <testcase name="seqDef_induction_upper_concrete" classname="de.uka.ilkd.key.proof.proverules.ProveRulesTest" time="4.513"/>
  <testcase name="seqDef_induction_lower" classname="de.uka.ilkd.key.proof.proverules.ProveRulesTest" time="4.64"/>
  <testcase name="seqDef_induction_lower_concrete" classname="de.uka.ilkd.key.proof.proverules.ProveRulesTest" time="4.596"/>
  <testcase name="seqDef_split_in_three" classname="de.uka.ilkd.key.proof.proverules.ProveRulesTest" time="4.988"/>
  <testcase name="seqDef_empty" classname="de.uka.ilkd.key.proof.proverules.ProveRulesTest" time="4.412"/>
  <testcase name="seqDef_one_summand" classname="de.uka.ilkd.key.proof.proverules.ProveRulesTest" time="4.455"/>
  <testcase name="seqDef_lower_equals_upper" classname="de.uka.ilkd.key.proof.proverules.ProveRulesTest" time="4.55"/>
  <testcase name="seqDefOfSeq" classname="de.uka.ilkd.key.proof.proverules.ProveRulesTest" time="4.582"/>
  <testcase name="seqSelfDefinitionEQ2" classname="de.uka.ilkd.key.proof.proverules.ProveRulesTest" time="4.558"/>
  <testcase name="indexOfSeqSingleton" classname="de.uka.ilkd.key.proof.proverules.ProveRulesTest" time="4.498"/>
  <testcase name="indexOfSeqConcatFirst" classname="de.uka.ilkd.key.proof.proverules.ProveRulesTest" time="4.559"/>
  <testcase name="indexOfSeqConcatSecond" classname="de.uka.ilkd.key.proof.proverules.ProveRulesTest" time="4.633"/>
  <testcase name="indexOfSeqSub" classname="de.uka.ilkd.key.proof.proverules.ProveRulesTest" time="4.624"/>
  <testcase name="lenOfArray2seq" classname="de.uka.ilkd.key.proof.proverules.ProveRulesTest" time="4.474"/>
  <testcase name="getAnyOfArray2seq" classname="de.uka.ilkd.key.proof.proverules.ProveRulesTest" time="4.432"/>
  <testcase name="getOfArray2seq" classname="de.uka.ilkd.key.proof.proverules.ProveRulesTest" time="4.527"/>
  <testcase name="getAnyOfNPermInv" classname="de.uka.ilkd.key.proof.proverules.ProveRulesTest" time="4.555"/>
  <testcase name="seqNPermRange" classname="de.uka.ilkd.key.proof.proverules.ProveRulesTest" time="4.691"/>
  <testcase name="seqPermTrans" classname="de.uka.ilkd.key.proof.proverules.ProveRulesTest" time="4.657"/>
  <testcase name="seqPermRefl" classname="de.uka.ilkd.key.proof.proverules.ProveRulesTest" time="4.617"/>
  <testcase name="seqPermSplit" classname="de.uka.ilkd.key.proof.proverules.ProveRulesTest" time="4.601"/>
  <testcase name="seqNPermRight" classname="de.uka.ilkd.key.proof.proverules.ProveRulesTest" time="5.144"/>
  <testcase name="seqPermFromSwap" classname="de.uka.ilkd.key.proof.proverules.ProveRulesTest" time="4.714"/>
  <testcase name="seqPermTransAlt0" classname="de.uka.ilkd.key.proof.proverules.ProveRulesTest" time="4.726"/>
  <testcase name="seqPermTransAlt1" classname="de.uka.ilkd.key.proof.proverules.ProveRulesTest" time="4.507"/>
  <testcase name="seqPermTransAlt2" classname="de.uka.ilkd.key.proof.proverules.ProveRulesTest" time="4.562"/>
  <testcase name="seqPermTransAlt3" classname="de.uka.ilkd.key.proof.proverules.ProveRulesTest" time="4.623"/>
  <testcase name="schiffl_lemma_2" classname="de.uka.ilkd.key.proof.proverules.ProveRulesTest" time="28.827"/>
  <testcase name="schiffl_thm_1" classname="de.uka.ilkd.key.proof.proverules.ProveRulesTest" time="5.792"/>
  <testcase name="eqSameSeq" classname="de.uka.ilkd.key.proof.proverules.ProveRulesTest" time="4.786"/>
  <system-out><![CDATA[14:35:33,039 |-INFO in ch.qos.logback.classic.LoggerContext[default] - This is logback-classic version 1.4.5
14:35:33,073 |-INFO in ch.qos.logback.classic.LoggerContext[default] - Could NOT find resource [logback-test.xml]
14:35:33,100 |-INFO in ch.qos.logback.classic.LoggerContext[default] - Found resource [logback.xml] at [file:/home/runner/work/key/key/key.core/build/resources/test/logback.xml]
14:35:33,240 |-INFO in ch.qos.logback.core.model.processor.AppenderModelHandler - Processing appender named [STDOUT]
14:35:33,241 |-INFO in ch.qos.logback.core.model.processor.AppenderModelHandler - About to instantiate appender of type [ch.qos.logback.core.ConsoleAppender]
14:35:33,258 |-WARN in ch.qos.logback.core.model.processor.ImplicitModelHandler - Ignoring unknown property [file] in [ch.qos.logback.core.ConsoleAppender]
14:35:33,258 |-WARN in ch.qos.logback.core.model.processor.ImplicitModelHandler - Ignoring unknown property [append] in [ch.qos.logback.core.ConsoleAppender]
14:35:33,259 |-INFO in ch.qos.logback.core.model.processor.ImplicitModelHandler - Assuming default type [ch.qos.logback.classic.encoder.PatternLayoutEncoder] for [encoder] property
14:35:33,285 |-INFO in ch.qos.logback.classic.model.processor.RootLoggerModelHandler - Setting level of ROOT logger to WARN
14:35:33,291 |-INFO in ch.qos.logback.core.model.processor.AppenderRefModelHandler - Attaching appender named [STDOUT] to Logger[ROOT]
14:35:33,292 |-INFO in ch.qos.logback.core.model.processor.DefaultProcessor@7c22d4f - End of configuration.
14:35:33,293 |-INFO in ch.qos.logback.classic.joran.JoranConfigurator@5f59185e - Registering current configuration as safe fallback point

786        WARN  Test worker     d.u.i.k.s.ProofSettings   No proof-settings could be loaded, using defaults java.io.FileNotFoundException: /home/runner/.key/proof-settings.props (No such file or directory)
	at java.base/java.io.FileInputStream.open0(Native Method)

]]></system-out>
  <system-err><![CDATA[#2 = split-prop
de.uka.ilkd.key.macros.scripts.MacroCommand$Parameters@1d271570
#2 = allRight
de.uka.ilkd.key.macros.scripts.RuleCommand$Parameters@5b22a9a4
#2 = allRight
de.uka.ilkd.key.macros.scripts.RuleCommand$Parameters@632e009c
#2 = split-prop
de.uka.ilkd.key.macros.scripts.MacroCommand$Parameters@662920ae
#2 = seqPermDefLeft
de.uka.ilkd.key.macros.scripts.RuleCommand$Parameters@3e9635d8
#2 = andLeft
de.uka.ilkd.key.macros.scripts.RuleCommand$Parameters@38574fcd
#2 = exLeft
de.uka.ilkd.key.macros.scripts.RuleCommand$Parameters@10ec4d23
#2 = split-prop
de.uka.ilkd.key.macros.scripts.MacroCommand$Parameters@692bfc26
#2 = seqNPermRange
de.uka.ilkd.key.macros.scripts.RuleCommand$Parameters@218fc60c
var = iv
de.uka.ilkd.key.macros.scripts.InstantiateCommand$Parameters@19fd77b8
occ = 1
de.uka.ilkd.key.macros.scripts.InstantiateCommand$Parameters@19fd77b8
with = v_x_0
de.uka.ilkd.key.macros.scripts.InstantiateCommand$Parameters@19fd77b8
#2 = impLeft
de.uka.ilkd.key.macros.scripts.RuleCommand$Parameters@c66a8b9
#2 = branch
de.uka.ilkd.key.macros.scripts.TryCloseCommand$TryCloseArguments@24245789
#2 = andLeft
de.uka.ilkd.key.macros.scripts.RuleCommand$Parameters@2e13124b
#2 = andLeft
de.uka.ilkd.key.macros.scripts.RuleCommand$Parameters@1a34e23c
var = iv
de.uka.ilkd.key.macros.scripts.InstantiateCommand$Parameters@46f40151
occ = 1
de.uka.ilkd.key.macros.scripts.InstantiateCommand$Parameters@46f40151
with = v_y_0
de.uka.ilkd.key.macros.scripts.InstantiateCommand$Parameters@46f40151
#2 = impLeft
de.uka.ilkd.key.macros.scripts.RuleCommand$Parameters@4e899355
#2 = branch
de.uka.ilkd.key.macros.scripts.TryCloseCommand$TryCloseArguments@2046609d
#2 = andLeft
de.uka.ilkd.key.macros.scripts.RuleCommand$Parameters@6f1454d7
#2 = andLeft
de.uka.ilkd.key.macros.scripts.RuleCommand$Parameters@5f6c16eb
#2 = seqNPermDefLeft
de.uka.ilkd.key.macros.scripts.RuleCommand$Parameters@50545b27
var = iv
de.uka.ilkd.key.macros.scripts.InstantiateCommand$Parameters@72e88e92
occ = 2
de.uka.ilkd.key.macros.scripts.InstantiateCommand$Parameters@72e88e92
with = v_x_0
de.uka.ilkd.key.macros.scripts.InstantiateCommand$Parameters@72e88e92
#2 = impLeft
de.uka.ilkd.key.macros.scripts.RuleCommand$Parameters@63cf8b55
#2 = branch
de.uka.ilkd.key.macros.scripts.TryCloseCommand$TryCloseArguments@f33d8bd
#2 = exLeft
de.uka.ilkd.key.macros.scripts.RuleCommand$Parameters@7e811c5e
#2 = andLeft
de.uka.ilkd.key.macros.scripts.RuleCommand$Parameters@73ad10c2
#2 = andLeft
de.uka.ilkd.key.macros.scripts.RuleCommand$Parameters@411aa589
var = iv
de.uka.ilkd.key.macros.scripts.InstantiateCommand$Parameters@18b2cddd
occ = 2
de.uka.ilkd.key.macros.scripts.InstantiateCommand$Parameters@18b2cddd
#2 = hide
de.uka.ilkd.key.macros.scripts.InstantiateCommand$Parameters@18b2cddd
with = v_y_0
de.uka.ilkd.key.macros.scripts.InstantiateCommand$Parameters@18b2cddd
#2 = impLeft
de.uka.ilkd.key.macros.scripts.RuleCommand$Parameters@2075b83
#2 = branch
de.uka.ilkd.key.macros.scripts.TryCloseCommand$TryCloseArguments@475c80ae
#2 = exLeft
de.uka.ilkd.key.macros.scripts.RuleCommand$Parameters@113e67df
#2 = andLeft
de.uka.ilkd.key.macros.scripts.RuleCommand$Parameters@cebba96
#2 = andLeft
de.uka.ilkd.key.macros.scripts.RuleCommand$Parameters@1d3ad28c
var = iv
de.uka.ilkd.key.macros.scripts.InstantiateCommand$Parameters@4845d035
occ = 1
de.uka.ilkd.key.macros.scripts.InstantiateCommand$Parameters@4845d035
with = jv_0
de.uka.ilkd.key.macros.scripts.InstantiateCommand$Parameters@4845d035
#2 = impLeft
de.uka.ilkd.key.macros.scripts.RuleCommand$Parameters@683af88c
#2 = branch
de.uka.ilkd.key.macros.scripts.TryCloseCommand$TryCloseArguments@2533f22c
#2 = andLeft
de.uka.ilkd.key.macros.scripts.RuleCommand$Parameters@754489fd
#2 = andLeft
de.uka.ilkd.key.macros.scripts.RuleCommand$Parameters@46f714ca
#2 = castAdd
de.uka.ilkd.key.macros.scripts.RuleCommand$Parameters@3ae781f1
formula = equals(any::seqGet(s_0,jv_0),v_x_0)
de.uka.ilkd.key.macros.scripts.RuleCommand$Parameters@3ae781f1
occ = 0
de.uka.ilkd.key.macros.scripts.RuleCommand$Parameters@3ae781f1
var = iv
de.uka.ilkd.key.macros.scripts.InstantiateCommand$Parameters@7dec8e8a
occ = 1
de.uka.ilkd.key.macros.scripts.InstantiateCommand$Parameters@7dec8e8a
#2 = hide
de.uka.ilkd.key.macros.scripts.InstantiateCommand$Parameters@7dec8e8a
with = jv_1
de.uka.ilkd.key.macros.scripts.InstantiateCommand$Parameters@7dec8e8a
#2 = impLeft
de.uka.ilkd.key.macros.scripts.RuleCommand$Parameters@185d16e8
#2 = branch
de.uka.ilkd.key.macros.scripts.TryCloseCommand$TryCloseArguments@6d083963
#2 = andLeft
de.uka.ilkd.key.macros.scripts.RuleCommand$Parameters@75e276f4
#2 = andLeft
de.uka.ilkd.key.macros.scripts.RuleCommand$Parameters@5d8ec5b0
#2 = castAdd
de.uka.ilkd.key.macros.scripts.RuleCommand$Parameters@5d84c518
formula = equals(any::seqGet(s_0,jv_1),v_y_0)
de.uka.ilkd.key.macros.scripts.RuleCommand$Parameters@5d84c518
occ = 0
de.uka.ilkd.key.macros.scripts.RuleCommand$Parameters@5d84c518
var = iv
de.uka.ilkd.key.macros.scripts.InstantiateCommand$Parameters@1ed2b998
with = v_x_0
de.uka.ilkd.key.macros.scripts.InstantiateCommand$Parameters@1ed2b998
#2 = impLeft
de.uka.ilkd.key.macros.scripts.RuleCommand$Parameters@725c1162
#2 = branch
de.uka.ilkd.key.macros.scripts.TryCloseCommand$TryCloseArguments@5ac35c93
var = iv
de.uka.ilkd.key.macros.scripts.InstantiateCommand$Parameters@4291447d
with = v_y_0
de.uka.ilkd.key.macros.scripts.InstantiateCommand$Parameters@4291447d
#2 = impLeft
de.uka.ilkd.key.macros.scripts.RuleCommand$Parameters@74431e4b
#2 = branch
de.uka.ilkd.key.macros.scripts.TryCloseCommand$TryCloseArguments@269d1f46
#2 = equals(v_x_0,v_y_0)
de.uka.ilkd.key.macros.scripts.CutCommand$Parameters@6b0d6ff9
var = v_r
de.uka.ilkd.key.macros.scripts.InstantiateCommand$Parameters@1c45799c
#2 = hide
de.uka.ilkd.key.macros.scripts.InstantiateCommand$Parameters@1c45799c
with = seqSwap(s_0,v_x_0,jv_0)
de.uka.ilkd.key.macros.scripts.InstantiateCommand$Parameters@1c45799c
#2 = andRight
de.uka.ilkd.key.macros.scripts.RuleCommand$Parameters@61b5b673
#2 = andRight
de.uka.ilkd.key.macros.scripts.RuleCommand$Parameters@41a49e3d
#2 = andRight
de.uka.ilkd.key.macros.scripts.RuleCommand$Parameters@40164f35
#2 = andRight
de.uka.ilkd.key.macros.scripts.RuleCommand$Parameters@1d32e89a
#2 = lenOfSwap
de.uka.ilkd.key.macros.scripts.RuleCommand$Parameters@37a4d4a4
#2 = branch
de.uka.ilkd.key.macros.scripts.TryCloseCommand$TryCloseArguments@3dd88cf2
#2 = seqNPermSwapNPerm
de.uka.ilkd.key.macros.scripts.RuleCommand$Parameters@5bf3cd93
var = iv
de.uka.ilkd.key.macros.scripts.InstantiateCommand$Parameters@58d4ee4d
occ = 1
de.uka.ilkd.key.macros.scripts.InstantiateCommand$Parameters@58d4ee4d
#2 = hide
de.uka.ilkd.key.macros.scripts.InstantiateCommand$Parameters@58d4ee4d
with = v_x_0
de.uka.ilkd.key.macros.scripts.InstantiateCommand$Parameters@58d4ee4d
var = jv
de.uka.ilkd.key.macros.scripts.InstantiateCommand$Parameters@6ea2b512
#2 = hide
de.uka.ilkd.key.macros.scripts.InstantiateCommand$Parameters@6ea2b512
with = jv_0
de.uka.ilkd.key.macros.scripts.InstantiateCommand$Parameters@6ea2b512
#2 = impLeft
de.uka.ilkd.key.macros.scripts.RuleCommand$Parameters@4ff5d133
#2 = branch
de.uka.ilkd.key.macros.scripts.TryCloseCommand$TryCloseArguments@2a1af9c3
#2 = branch
de.uka.ilkd.key.macros.scripts.TryCloseCommand$TryCloseArguments@2f3364c1
#2 = allRight
de.uka.ilkd.key.macros.scripts.RuleCommand$Parameters@11bfbc1e
#2 = impRight
de.uka.ilkd.key.macros.scripts.RuleCommand$Parameters@7ed8b2b2
#2 = andLeft
de.uka.ilkd.key.macros.scripts.RuleCommand$Parameters@2ea16ff9
var = iv
de.uka.ilkd.key.macros.scripts.InstantiateCommand$Parameters@769cfb75
with = v_iv_0
de.uka.ilkd.key.macros.scripts.InstantiateCommand$Parameters@769cfb75
#2 = impLeft
de.uka.ilkd.key.macros.scripts.RuleCommand$Parameters@7eb011c4
#2 = branch
de.uka.ilkd.key.macros.scripts.TryCloseCommand$TryCloseArguments@4d1c37cb
#2 = getOfSwap
de.uka.ilkd.key.macros.scripts.RuleCommand$Parameters@6d9a89cf
#2 = ifthenelse_negated
de.uka.ilkd.key.macros.scripts.RuleCommand$Parameters@3fba9c95
#2 = ifthenelse_split
de.uka.ilkd.key.macros.scripts.RuleCommand$Parameters@1ff0c0c1
occ = 0
de.uka.ilkd.key.macros.scripts.RuleCommand$Parameters@1ff0c0c1
#2 = andLeft
de.uka.ilkd.key.macros.scripts.RuleCommand$Parameters@52eca6d1
#2 = andLeft
de.uka.ilkd.key.macros.scripts.RuleCommand$Parameters@6c63ba60
#2 = andLeft
de.uka.ilkd.key.macros.scripts.RuleCommand$Parameters@7bbaf889
#2 = ifthenelse_split
de.uka.ilkd.key.macros.scripts.RuleCommand$Parameters@afbed24
occ = 0
de.uka.ilkd.key.macros.scripts.RuleCommand$Parameters@afbed24
#2 = branch
de.uka.ilkd.key.macros.scripts.TryCloseCommand$TryCloseArguments@7e207300
#2 = ifthenelse_split
de.uka.ilkd.key.macros.scripts.RuleCommand$Parameters@4028ca69
occ = 0
de.uka.ilkd.key.macros.scripts.RuleCommand$Parameters@4028ca69
#2 = branch
de.uka.ilkd.key.macros.scripts.TryCloseCommand$TryCloseArguments@83f1c5
#2 = branch
de.uka.ilkd.key.macros.scripts.TryCloseCommand$TryCloseArguments@1c318434
#2 = branch
de.uka.ilkd.key.macros.scripts.TryCloseCommand$TryCloseArguments@7d6fe840
#2 = getOfSwap
de.uka.ilkd.key.macros.scripts.RuleCommand$Parameters@2afb18ba
#2 = ifthenelse_negated
de.uka.ilkd.key.macros.scripts.RuleCommand$Parameters@14018bb8
#2 = ifthenelse_split
de.uka.ilkd.key.macros.scripts.RuleCommand$Parameters@13145dc6
occ = 0
de.uka.ilkd.key.macros.scripts.RuleCommand$Parameters@13145dc6
#2 = andLeft
de.uka.ilkd.key.macros.scripts.RuleCommand$Parameters@77062c6c
#2 = andLeft
de.uka.ilkd.key.macros.scripts.RuleCommand$Parameters@2db54db9
#2 = andLeft
de.uka.ilkd.key.macros.scripts.RuleCommand$Parameters@3e56ffb8
#2 = ifthenelse_split
de.uka.ilkd.key.macros.scripts.RuleCommand$Parameters@3909a54e
occ = 0
de.uka.ilkd.key.macros.scripts.RuleCommand$Parameters@3909a54e
#2 = branch
de.uka.ilkd.key.macros.scripts.TryCloseCommand$TryCloseArguments@6f4d1f18
#2 = branch
de.uka.ilkd.key.macros.scripts.TryCloseCommand$TryCloseArguments@6f5975b7
#2 = branch
de.uka.ilkd.key.macros.scripts.TryCloseCommand$TryCloseArguments@19b9bc74
#2 = getOfSwap
de.uka.ilkd.key.macros.scripts.RuleCommand$Parameters@56b01c23
#2 = ifthenelse_negated
de.uka.ilkd.key.macros.scripts.RuleCommand$Parameters@7099396f
#2 = ifthenelse_split
de.uka.ilkd.key.macros.scripts.RuleCommand$Parameters@9b5c53d
occ = 0
de.uka.ilkd.key.macros.scripts.RuleCommand$Parameters@9b5c53d
#2 = andLeft
de.uka.ilkd.key.macros.scripts.RuleCommand$Parameters@4a822275
#2 = andLeft
de.uka.ilkd.key.macros.scripts.RuleCommand$Parameters@3b7412b0
#2 = andLeft
de.uka.ilkd.key.macros.scripts.RuleCommand$Parameters@7b5dd0f6
#2 = ifthenelse_split
de.uka.ilkd.key.macros.scripts.RuleCommand$Parameters@6027bcbf
occ = 0
de.uka.ilkd.key.macros.scripts.RuleCommand$Parameters@6027bcbf
#2 = branch
de.uka.ilkd.key.macros.scripts.TryCloseCommand$TryCloseArguments@7e77ba1e
#2 = branch
de.uka.ilkd.key.macros.scripts.TryCloseCommand$TryCloseArguments@1ef01665
#2 = branch
de.uka.ilkd.key.macros.scripts.TryCloseCommand$TryCloseArguments@25b93e6a
#2 = equals(int::cast(any::seqGet(s_0,v_x_0)),int::cast(any::seqGet(s_0,v_y_0)))
de.uka.ilkd.key.macros.scripts.CutCommand$Parameters@500dc22
#2 = seqNPermInjective
de.uka.ilkd.key.macros.scripts.RuleCommand$Parameters@51043f58
var = iv
de.uka.ilkd.key.macros.scripts.InstantiateCommand$Parameters@373bbb1e
#2 = hide
de.uka.ilkd.key.macros.scripts.InstantiateCommand$Parameters@373bbb1e
with = v_x_0
de.uka.ilkd.key.macros.scripts.InstantiateCommand$Parameters@373bbb1e
var = jv
de.uka.ilkd.key.macros.scripts.InstantiateCommand$Parameters@1de039d0
#2 = hide
de.uka.ilkd.key.macros.scripts.InstantiateCommand$Parameters@1de039d0
with = v_y_0
de.uka.ilkd.key.macros.scripts.InstantiateCommand$Parameters@1de039d0
#2 = impLeft
de.uka.ilkd.key.macros.scripts.RuleCommand$Parameters@33e60976
#2 = branch
de.uka.ilkd.key.macros.scripts.TryCloseCommand$TryCloseArguments@75c87c70
#2 = branch
de.uka.ilkd.key.macros.scripts.TryCloseCommand$TryCloseArguments@48c75993
#2 = equals(int::cast(any::seqGet(s_0,v_x_0)),v_x_0)
de.uka.ilkd.key.macros.scripts.CutCommand$Parameters@3055e51a
var = v_r
de.uka.ilkd.key.macros.scripts.InstantiateCommand$Parameters@3e496d42
#2 = hide
de.uka.ilkd.key.macros.scripts.InstantiateCommand$Parameters@3e496d42
with = seqSwap(s_0,v_y_0,jv_1)
de.uka.ilkd.key.macros.scripts.InstantiateCommand$Parameters@3e496d42
#2 = andRight
de.uka.ilkd.key.macros.scripts.RuleCommand$Parameters@54c4f428
#2 = andRight
de.uka.ilkd.key.macros.scripts.RuleCommand$Parameters@31ef0c61
#2 = andRight
de.uka.ilkd.key.macros.scripts.RuleCommand$Parameters@52501de
#2 = andRight
de.uka.ilkd.key.macros.scripts.RuleCommand$Parameters@7fc6f09a
#2 = branch
de.uka.ilkd.key.macros.scripts.TryCloseCommand$TryCloseArguments@590f68b
#2 = seqNPermSwapNPerm
de.uka.ilkd.key.macros.scripts.RuleCommand$Parameters@734fcd2b
var = iv
de.uka.ilkd.key.macros.scripts.InstantiateCommand$Parameters@5f85d5c5
#2 = hide
de.uka.ilkd.key.macros.scripts.InstantiateCommand$Parameters@5f85d5c5
with = v_y_0
de.uka.ilkd.key.macros.scripts.InstantiateCommand$Parameters@5f85d5c5
var = jv
de.uka.ilkd.key.macros.scripts.InstantiateCommand$Parameters@5a082130
#2 = hide
de.uka.ilkd.key.macros.scripts.InstantiateCommand$Parameters@5a082130
with = jv_1
de.uka.ilkd.key.macros.scripts.InstantiateCommand$Parameters@5a082130
#2 = branch
de.uka.ilkd.key.macros.scripts.TryCloseCommand$TryCloseArguments@63e97d00
#2 = allRight
de.uka.ilkd.key.macros.scripts.RuleCommand$Parameters@636be6f8
#2 = impRight
de.uka.ilkd.key.macros.scripts.RuleCommand$Parameters@4028770e
#2 = andLeft
de.uka.ilkd.key.macros.scripts.RuleCommand$Parameters@1a1cf274
var = iv
de.uka.ilkd.key.macros.scripts.InstantiateCommand$Parameters@218a4858
with = v_iv_0
de.uka.ilkd.key.macros.scripts.InstantiateCommand$Parameters@218a4858
#2 = impLeft
de.uka.ilkd.key.macros.scripts.RuleCommand$Parameters@3e24a278
#2 = branch
de.uka.ilkd.key.macros.scripts.TryCloseCommand$TryCloseArguments@5d5b40dc
#2 = getOfSwap
de.uka.ilkd.key.macros.scripts.RuleCommand$Parameters@1cf838ab
#2 = ifthenelse_negated
de.uka.ilkd.key.macros.scripts.RuleCommand$Parameters@4996cd36
#2 = ifthenelse_split
de.uka.ilkd.key.macros.scripts.RuleCommand$Parameters@e1d4922
occ = 0
de.uka.ilkd.key.macros.scripts.RuleCommand$Parameters@e1d4922
#2 = andLeft
de.uka.ilkd.key.macros.scripts.RuleCommand$Parameters@bce6e65
#2 = andLeft
de.uka.ilkd.key.macros.scripts.RuleCommand$Parameters@33def1a3
#2 = andLeft
de.uka.ilkd.key.macros.scripts.RuleCommand$Parameters@543225a3
#2 = ifthenelse_split
de.uka.ilkd.key.macros.scripts.RuleCommand$Parameters@1025956f
occ = 0
de.uka.ilkd.key.macros.scripts.RuleCommand$Parameters@1025956f
#2 = branch
de.uka.ilkd.key.macros.scripts.TryCloseCommand$TryCloseArguments@204762a
#2 = ifthenelse_split
de.uka.ilkd.key.macros.scripts.RuleCommand$Parameters@315158da
occ = 0
de.uka.ilkd.key.macros.scripts.RuleCommand$Parameters@315158da
#2 = branch
de.uka.ilkd.key.macros.scripts.TryCloseCommand$TryCloseArguments@a4437c9
var = iv
de.uka.ilkd.key.macros.scripts.InstantiateCommand$Parameters@49969a19
with = v_y_0
de.uka.ilkd.key.macros.scripts.InstantiateCommand$Parameters@49969a19
#2 = impLeft
de.uka.ilkd.key.macros.scripts.RuleCommand$Parameters@17806593
#2 = branch
de.uka.ilkd.key.macros.scripts.TryCloseCommand$TryCloseArguments@3a2bc4f4
#2 = branch
de.uka.ilkd.key.macros.scripts.TryCloseCommand$TryCloseArguments@18375a8b
#2 = branch
de.uka.ilkd.key.macros.scripts.TryCloseCommand$TryCloseArguments@698cfabe
#2 = branch
de.uka.ilkd.key.macros.scripts.TryCloseCommand$TryCloseArguments@348665b4
#2 = getOfSwap
de.uka.ilkd.key.macros.scripts.RuleCommand$Parameters@26b2e1be
#2 = ifthenelse_negated
de.uka.ilkd.key.macros.scripts.RuleCommand$Parameters@6aba310e
#2 = ifthenelse_split
de.uka.ilkd.key.macros.scripts.RuleCommand$Parameters@3208928f
occ = 0
de.uka.ilkd.key.macros.scripts.RuleCommand$Parameters@3208928f
#2 = branch
de.uka.ilkd.key.macros.scripts.TryCloseCommand$TryCloseArguments@5c38ebee
#2 = branch
de.uka.ilkd.key.macros.scripts.TryCloseCommand$TryCloseArguments@5f1860f3
#2 = branch
de.uka.ilkd.key.macros.scripts.TryCloseCommand$TryCloseArguments@28d453c8
#2 = equals(int::cast(any::seqGet(s_0,v_y_0)),v_y_0)
de.uka.ilkd.key.macros.scripts.CutCommand$Parameters@44576a9c
var = v_r
de.uka.ilkd.key.macros.scripts.InstantiateCommand$Parameters@7468bafb
#2 = hide
de.uka.ilkd.key.macros.scripts.InstantiateCommand$Parameters@7468bafb
with = seqSwap(s_0,v_x_0,jv_0)
de.uka.ilkd.key.macros.scripts.InstantiateCommand$Parameters@7468bafb
#2 = andRight
de.uka.ilkd.key.macros.scripts.RuleCommand$Parameters@7b978aaf
#2 = andRight
de.uka.ilkd.key.macros.scripts.RuleCommand$Parameters@40919eda
#2 = andRight
de.uka.ilkd.key.macros.scripts.RuleCommand$Parameters@406a48dc
#2 = andRight
de.uka.ilkd.key.macros.scripts.RuleCommand$Parameters@43137c3b
#2 = branch
de.uka.ilkd.key.macros.scripts.TryCloseCommand$TryCloseArguments@66602d68
#2 = seqNPermSwapNPerm
de.uka.ilkd.key.macros.scripts.RuleCommand$Parameters@11b5a7e9
var = iv
de.uka.ilkd.key.macros.scripts.InstantiateCommand$Parameters@21d61268
#2 = hide
de.uka.ilkd.key.macros.scripts.InstantiateCommand$Parameters@21d61268
with = v_x_0
de.uka.ilkd.key.macros.scripts.InstantiateCommand$Parameters@21d61268
var = jv
de.uka.ilkd.key.macros.scripts.InstantiateCommand$Parameters@1c1d6bb5
#2 = hide
de.uka.ilkd.key.macros.scripts.InstantiateCommand$Parameters@1c1d6bb5
with = jv_0
de.uka.ilkd.key.macros.scripts.InstantiateCommand$Parameters@1c1d6bb5
#2 = impLeft
de.uka.ilkd.key.macros.scripts.RuleCommand$Parameters@459682bf
#2 = branch
de.uka.ilkd.key.macros.scripts.TryCloseCommand$TryCloseArguments@56cd776f
#2 = branch
de.uka.ilkd.key.macros.scripts.TryCloseCommand$TryCloseArguments@1641399c
#2 = allRight
de.uka.ilkd.key.macros.scripts.RuleCommand$Parameters@374f4e20
#2 = impRight
de.uka.ilkd.key.macros.scripts.RuleCommand$Parameters@27e3447d
#2 = andLeft
de.uka.ilkd.key.macros.scripts.RuleCommand$Parameters@1da3696d
var = iv
de.uka.ilkd.key.macros.scripts.InstantiateCommand$Parameters@1167b473
with = v_iv_0
de.uka.ilkd.key.macros.scripts.InstantiateCommand$Parameters@1167b473
#2 = impLeft
de.uka.ilkd.key.macros.scripts.RuleCommand$Parameters@47b7f58c
#2 = branch
de.uka.ilkd.key.macros.scripts.TryCloseCommand$TryCloseArguments@6be08515
#2 = getOfSwap
de.uka.ilkd.key.macros.scripts.RuleCommand$Parameters@3697e8e5
#2 = ifthenelse_negated
de.uka.ilkd.key.macros.scripts.RuleCommand$Parameters@68481cd5
#2 = ifthenelse_split
de.uka.ilkd.key.macros.scripts.RuleCommand$Parameters@138a21c7
occ = 0
de.uka.ilkd.key.macros.scripts.RuleCommand$Parameters@138a21c7
#2 = andLeft
de.uka.ilkd.key.macros.scripts.RuleCommand$Parameters@a7ac1c3
#2 = andLeft
de.uka.ilkd.key.macros.scripts.RuleCommand$Parameters@4dc91e53
#2 = andLeft
de.uka.ilkd.key.macros.scripts.RuleCommand$Parameters@7f5a8ea0
#2 = ifthenelse_split
de.uka.ilkd.key.macros.scripts.RuleCommand$Parameters@7a642c9e
occ = 0
de.uka.ilkd.key.macros.scripts.RuleCommand$Parameters@7a642c9e
#2 = branch
de.uka.ilkd.key.macros.scripts.TryCloseCommand$TryCloseArguments@48b0a304
#2 = ifthenelse_split
de.uka.ilkd.key.macros.scripts.RuleCommand$Parameters@4d41a93b
occ = 0
de.uka.ilkd.key.macros.scripts.RuleCommand$Parameters@4d41a93b
#2 = branch
de.uka.ilkd.key.macros.scripts.TryCloseCommand$TryCloseArguments@3af9e1e7
#2 = branch
de.uka.ilkd.key.macros.scripts.TryCloseCommand$TryCloseArguments@1df19a23
#2 = branch
de.uka.ilkd.key.macros.scripts.TryCloseCommand$TryCloseArguments@2a2c7cf0
#2 = getOfSwap
de.uka.ilkd.key.macros.scripts.RuleCommand$Parameters@59019b5e
#2 = ifthenelse_negated
de.uka.ilkd.key.macros.scripts.RuleCommand$Parameters@1ce0b2f2
#2 = ifthenelse_split
de.uka.ilkd.key.macros.scripts.RuleCommand$Parameters@4c6a8814
occ = 0
de.uka.ilkd.key.macros.scripts.RuleCommand$Parameters@4c6a8814
#2 = branch
de.uka.ilkd.key.macros.scripts.TryCloseCommand$TryCloseArguments@df6b131
#2 = branch
de.uka.ilkd.key.macros.scripts.TryCloseCommand$TryCloseArguments@4e87e40d
#2 = getOfSwap
de.uka.ilkd.key.macros.scripts.RuleCommand$Parameters@5ab925a2
#2 = ifthenelse_negated
de.uka.ilkd.key.macros.scripts.RuleCommand$Parameters@46ad4880
#2 = ifthenelse_split
de.uka.ilkd.key.macros.scripts.RuleCommand$Parameters@4caaa26e
occ = 0
de.uka.ilkd.key.macros.scripts.RuleCommand$Parameters@4caaa26e
#2 = branch
de.uka.ilkd.key.macros.scripts.TryCloseCommand$TryCloseArguments@2b1d642e
#2 = branch
de.uka.ilkd.key.macros.scripts.TryCloseCommand$TryCloseArguments@18ea42fd
#2 = equals(int::cast(any::seqGet(s_0,v_x_0)),v_y_0)
de.uka.ilkd.key.macros.scripts.CutCommand$Parameters@5c4cb4dd
var = v_r
de.uka.ilkd.key.macros.scripts.InstantiateCommand$Parameters@24563eec
#2 = hide
de.uka.ilkd.key.macros.scripts.InstantiateCommand$Parameters@24563eec
with = seqSwap(seqSwap(s_0,jv_0,v_x_0),jv_0,v_y_0)
de.uka.ilkd.key.macros.scripts.InstantiateCommand$Parameters@24563eec
#2 = andRight
de.uka.ilkd.key.macros.scripts.RuleCommand$Parameters@70364b18
#2 = andRight
de.uka.ilkd.key.macros.scripts.RuleCommand$Parameters@7b407c35
#2 = andRight
de.uka.ilkd.key.macros.scripts.RuleCommand$Parameters@b48c8f3
#2 = andRight
de.uka.ilkd.key.macros.scripts.RuleCommand$Parameters@5c2336cf
#2 = branch
de.uka.ilkd.key.macros.scripts.TryCloseCommand$TryCloseArguments@71948a11
#2 = seqNPermSwapNPerm
de.uka.ilkd.key.macros.scripts.RuleCommand$Parameters@c3e5f7
var = iv
de.uka.ilkd.key.macros.scripts.InstantiateCommand$Parameters@5382eb09
#2 = hide
de.uka.ilkd.key.macros.scripts.InstantiateCommand$Parameters@5382eb09
with = jv_0
de.uka.ilkd.key.macros.scripts.InstantiateCommand$Parameters@5382eb09
var = jv
de.uka.ilkd.key.macros.scripts.InstantiateCommand$Parameters@5a2a77e8
#2 = hide
de.uka.ilkd.key.macros.scripts.InstantiateCommand$Parameters@5a2a77e8
with = v_x_0
de.uka.ilkd.key.macros.scripts.InstantiateCommand$Parameters@5a2a77e8
#2 = impLeft
de.uka.ilkd.key.macros.scripts.RuleCommand$Parameters@6531f912
#2 = branch
de.uka.ilkd.key.macros.scripts.TryCloseCommand$TryCloseArguments@45bdfdf3
#2 = seqNPermSwapNPerm
de.uka.ilkd.key.macros.scripts.RuleCommand$Parameters@7b129ce1
formula = seqNPerm(seqSwap(s_0,jv_0,v_x_0))
de.uka.ilkd.key.macros.scripts.RuleCommand$Parameters@7b129ce1
var = iv
de.uka.ilkd.key.macros.scripts.InstantiateCommand$Parameters@68b622fb
#2 = hide
de.uka.ilkd.key.macros.scripts.InstantiateCommand$Parameters@68b622fb
with = jv_0
de.uka.ilkd.key.macros.scripts.InstantiateCommand$Parameters@68b622fb
var = jv
de.uka.ilkd.key.macros.scripts.InstantiateCommand$Parameters@f8e0063
#2 = hide
de.uka.ilkd.key.macros.scripts.InstantiateCommand$Parameters@f8e0063
with = v_y_0
de.uka.ilkd.key.macros.scripts.InstantiateCommand$Parameters@f8e0063
#2 = impLeft
de.uka.ilkd.key.macros.scripts.RuleCommand$Parameters@7daad7a5
#2 = branch
de.uka.ilkd.key.macros.scripts.TryCloseCommand$TryCloseArguments@78329a11
#2 = branch
de.uka.ilkd.key.macros.scripts.TryCloseCommand$TryCloseArguments@46d4a9e3
#2 = allRight
de.uka.ilkd.key.macros.scripts.RuleCommand$Parameters@309ba449
#2 = impRight
de.uka.ilkd.key.macros.scripts.RuleCommand$Parameters@7f56ca14
#2 = andLeft
de.uka.ilkd.key.macros.scripts.RuleCommand$Parameters@7ca95c13
var = iv
de.uka.ilkd.key.macros.scripts.InstantiateCommand$Parameters@4e09d0ee
with = v_iv_0
de.uka.ilkd.key.macros.scripts.InstantiateCommand$Parameters@4e09d0ee
#2 = impLeft
de.uka.ilkd.key.macros.scripts.RuleCommand$Parameters@7cebbdf1
#2 = branch
de.uka.ilkd.key.macros.scripts.TryCloseCommand$TryCloseArguments@2a0fac1
#2 = getOfSwap
de.uka.ilkd.key.macros.scripts.RuleCommand$Parameters@74d679e5
#2 = ifthenelse_negated
de.uka.ilkd.key.macros.scripts.RuleCommand$Parameters@11424783
#2 = ifthenelse_split
de.uka.ilkd.key.macros.scripts.RuleCommand$Parameters@257608a
occ = 0
de.uka.ilkd.key.macros.scripts.RuleCommand$Parameters@257608a
#2 = andLeft
de.uka.ilkd.key.macros.scripts.RuleCommand$Parameters@63de8080
#2 = andLeft
de.uka.ilkd.key.macros.scripts.RuleCommand$Parameters@6fbdce89
#2 = andLeft
de.uka.ilkd.key.macros.scripts.RuleCommand$Parameters@5cd07593
#2 = ifthenelse_split
de.uka.ilkd.key.macros.scripts.RuleCommand$Parameters@5d983106
occ = 0
de.uka.ilkd.key.macros.scripts.RuleCommand$Parameters@5d983106
#2 = getOfSwap
de.uka.ilkd.key.macros.scripts.RuleCommand$Parameters@66d9d891
#2 = ifthenelse_negated
de.uka.ilkd.key.macros.scripts.RuleCommand$Parameters@7ad5c54d
#2 = ifthenelse_split
de.uka.ilkd.key.macros.scripts.RuleCommand$Parameters@2411385d
occ = 0
de.uka.ilkd.key.macros.scripts.RuleCommand$Parameters@2411385d
#2 = andLeft
de.uka.ilkd.key.macros.scripts.RuleCommand$Parameters@3368f476
#2 = andLeft
de.uka.ilkd.key.macros.scripts.RuleCommand$Parameters@1c80560a
#2 = andLeft
de.uka.ilkd.key.macros.scripts.RuleCommand$Parameters@410c0c78
#2 = ifthenelse_split
de.uka.ilkd.key.macros.scripts.RuleCommand$Parameters@77577132
occ = 0
de.uka.ilkd.key.macros.scripts.RuleCommand$Parameters@77577132
#2 = branch
de.uka.ilkd.key.macros.scripts.TryCloseCommand$TryCloseArguments@5ecb888d
#2 = ifthenelse_split
de.uka.ilkd.key.macros.scripts.RuleCommand$Parameters@7729662c
occ = 0
de.uka.ilkd.key.macros.scripts.RuleCommand$Parameters@7729662c
#2 = branch
de.uka.ilkd.key.macros.scripts.TryCloseCommand$TryCloseArguments@8a57895
#2 = branch
de.uka.ilkd.key.macros.scripts.TryCloseCommand$TryCloseArguments@6fbda864
#2 = branch
de.uka.ilkd.key.macros.scripts.TryCloseCommand$TryCloseArguments@f8f67e9
#2 = ifthenelse_split
de.uka.ilkd.key.macros.scripts.RuleCommand$Parameters@2b1f59b8
#2 = getOfSwap
de.uka.ilkd.key.macros.scripts.RuleCommand$Parameters@2949bbe5
#2 = ifthenelse_negated
de.uka.ilkd.key.macros.scripts.RuleCommand$Parameters@78cae5ed
#2 = ifthenelse_split
de.uka.ilkd.key.macros.scripts.RuleCommand$Parameters@2600c96
occ = 0
de.uka.ilkd.key.macros.scripts.RuleCommand$Parameters@2600c96
#2 = andLeft
de.uka.ilkd.key.macros.scripts.RuleCommand$Parameters@35f596d6
#2 = andLeft
de.uka.ilkd.key.macros.scripts.RuleCommand$Parameters@43a0efa3
#2 = andLeft
de.uka.ilkd.key.macros.scripts.RuleCommand$Parameters@74e51012
#2 = ifthenelse_split
de.uka.ilkd.key.macros.scripts.RuleCommand$Parameters@780f1e0d
occ = 0
de.uka.ilkd.key.macros.scripts.RuleCommand$Parameters@780f1e0d
#2 = branch
de.uka.ilkd.key.macros.scripts.TryCloseCommand$TryCloseArguments@6e4a8e9b
#2 = branch
de.uka.ilkd.key.macros.scripts.TryCloseCommand$TryCloseArguments@111c1c13
#2 = branch
de.uka.ilkd.key.macros.scripts.TryCloseCommand$TryCloseArguments@1ceff6e0
#2 = getOfSwap
de.uka.ilkd.key.macros.scripts.RuleCommand$Parameters@7e8a2456
#2 = ifthenelse_negated
de.uka.ilkd.key.macros.scripts.RuleCommand$Parameters@744529dd
#2 = ifthenelse_split
de.uka.ilkd.key.macros.scripts.RuleCommand$Parameters@6f49d658
occ = 0
de.uka.ilkd.key.macros.scripts.RuleCommand$Parameters@6f49d658
#2 = andLeft
de.uka.ilkd.key.macros.scripts.RuleCommand$Parameters@12ada7dd
#2 = andLeft
de.uka.ilkd.key.macros.scripts.RuleCommand$Parameters@25600198
#2 = andLeft
de.uka.ilkd.key.macros.scripts.RuleCommand$Parameters@53341b49
#2 = ifthenelse_split
de.uka.ilkd.key.macros.scripts.RuleCommand$Parameters@14111259
occ = 0
de.uka.ilkd.key.macros.scripts.RuleCommand$Parameters@14111259
#2 = branch
de.uka.ilkd.key.macros.scripts.TryCloseCommand$TryCloseArguments@da593e6
#2 = ifthenelse_split
de.uka.ilkd.key.macros.scripts.RuleCommand$Parameters@377c77ee
occ = 0
de.uka.ilkd.key.macros.scripts.RuleCommand$Parameters@377c77ee
#2 = branch
de.uka.ilkd.key.macros.scripts.TryCloseCommand$TryCloseArguments@789ae1b6
#2 = branch
de.uka.ilkd.key.macros.scripts.TryCloseCommand$TryCloseArguments@368f43f0
#2 = branch
de.uka.ilkd.key.macros.scripts.TryCloseCommand$TryCloseArguments@6247d644
#2 = branch
de.uka.ilkd.key.macros.scripts.TryCloseCommand$TryCloseArguments@3a61e009
#2 = getOfSwap
de.uka.ilkd.key.macros.scripts.RuleCommand$Parameters@11557213
#2 = ifthenelse_negated
de.uka.ilkd.key.macros.scripts.RuleCommand$Parameters@1da7e1b6
#2 = ifthenelse_split
de.uka.ilkd.key.macros.scripts.RuleCommand$Parameters@1b218485
occ = 0
de.uka.ilkd.key.macros.scripts.RuleCommand$Parameters@1b218485
#2 = andLeft
de.uka.ilkd.key.macros.scripts.RuleCommand$Parameters@69f0f6d
#2 = andLeft
de.uka.ilkd.key.macros.scripts.RuleCommand$Parameters@52d03f35
#2 = andLeft
de.uka.ilkd.key.macros.scripts.RuleCommand$Parameters@7df76ae3
#2 = ifthenelse_split
de.uka.ilkd.key.macros.scripts.RuleCommand$Parameters@2e0dcbff
occ = 0
de.uka.ilkd.key.macros.scripts.RuleCommand$Parameters@2e0dcbff
#2 = branch
de.uka.ilkd.key.macros.scripts.TryCloseCommand$TryCloseArguments@3d6bfe8d
#2 = ifthenelse_split
de.uka.ilkd.key.macros.scripts.RuleCommand$Parameters@50c58006
occ = 0
de.uka.ilkd.key.macros.scripts.RuleCommand$Parameters@50c58006
#2 = getOfSwap
de.uka.ilkd.key.macros.scripts.RuleCommand$Parameters@6d1570a4
#2 = ifthenelse_negated
de.uka.ilkd.key.macros.scripts.RuleCommand$Parameters@72775aca
#2 = ifthenelse_split
de.uka.ilkd.key.macros.scripts.RuleCommand$Parameters@e4e2132
occ = 0
de.uka.ilkd.key.macros.scripts.RuleCommand$Parameters@e4e2132
#2 = branch
de.uka.ilkd.key.macros.scripts.TryCloseCommand$TryCloseArguments@362d91de
#2 = branch
de.uka.ilkd.key.macros.scripts.TryCloseCommand$TryCloseArguments@63f5aff2
#2 = branch
de.uka.ilkd.key.macros.scripts.TryCloseCommand$TryCloseArguments@3b974f5e
#2 = branch
de.uka.ilkd.key.macros.scripts.TryCloseCommand$TryCloseArguments@df23db2
#2 = getOfSwap
de.uka.ilkd.key.macros.scripts.RuleCommand$Parameters@15571cf5
#2 = ifthenelse_negated
de.uka.ilkd.key.macros.scripts.RuleCommand$Parameters@46f1871a
#2 = ifthenelse_split
de.uka.ilkd.key.macros.scripts.RuleCommand$Parameters@70e3eb8c
occ = 0
de.uka.ilkd.key.macros.scripts.RuleCommand$Parameters@70e3eb8c
#2 = branch
de.uka.ilkd.key.macros.scripts.TryCloseCommand$TryCloseArguments@3e0ebe98
#2 = branch
de.uka.ilkd.key.macros.scripts.TryCloseCommand$TryCloseArguments@6bf36e26
#2 = equals(int::seqGet(s_0,v_y_0),v_x_0)
de.uka.ilkd.key.macros.scripts.CutCommand$Parameters@471a2b7f
#2 = branch
de.uka.ilkd.key.macros.scripts.TryCloseCommand$TryCloseArguments@d4159b5
#2 = seqNPermSwapNPerm
de.uka.ilkd.key.macros.scripts.RuleCommand$Parameters@55c57185
var = iv
de.uka.ilkd.key.macros.scripts.InstantiateCommand$Parameters@1238e8fd
#2 = hide
de.uka.ilkd.key.macros.scripts.InstantiateCommand$Parameters@1238e8fd
with = jv_1
de.uka.ilkd.key.macros.scripts.InstantiateCommand$Parameters@1238e8fd
var = jv
de.uka.ilkd.key.macros.scripts.InstantiateCommand$Parameters@32efb41c
#2 = hide
de.uka.ilkd.key.macros.scripts.InstantiateCommand$Parameters@32efb41c
with = v_y_0
de.uka.ilkd.key.macros.scripts.InstantiateCommand$Parameters@32efb41c
#2 = impLeft
de.uka.ilkd.key.macros.scripts.RuleCommand$Parameters@2ec785ee
#2 = branch
de.uka.ilkd.key.macros.scripts.TryCloseCommand$TryCloseArguments@228fee9e
#2 = seqNPermSwapNPerm
de.uka.ilkd.key.macros.scripts.RuleCommand$Parameters@1df2735e
formula = seqNPerm(seqSwap(s_0,jv_1,v_y_0))
de.uka.ilkd.key.macros.scripts.RuleCommand$Parameters@1df2735e
var = iv
de.uka.ilkd.key.macros.scripts.InstantiateCommand$Parameters@6acbc920
#2 = hide
de.uka.ilkd.key.macros.scripts.InstantiateCommand$Parameters@6acbc920
with = jv_1
de.uka.ilkd.key.macros.scripts.InstantiateCommand$Parameters@6acbc920
var = jv
de.uka.ilkd.key.macros.scripts.InstantiateCommand$Parameters@1e67293c
#2 = hide
de.uka.ilkd.key.macros.scripts.InstantiateCommand$Parameters@1e67293c
with = v_x_0
de.uka.ilkd.key.macros.scripts.InstantiateCommand$Parameters@1e67293c
#2 = impLeft
de.uka.ilkd.key.macros.scripts.RuleCommand$Parameters@34429d36
#2 = branch
de.uka.ilkd.key.macros.scripts.TryCloseCommand$TryCloseArguments@24a86194
#2 = branch
de.uka.ilkd.key.macros.scripts.TryCloseCommand$TryCloseArguments@66ee2925
#2 = branch
de.uka.ilkd.key.macros.scripts.TryCloseCommand$TryCloseArguments@60ea4d39
#2 = seqNPermSwapNPerm
de.uka.ilkd.key.macros.scripts.RuleCommand$Parameters@10793e50
formula = seqNPerm(s_0)
de.uka.ilkd.key.macros.scripts.RuleCommand$Parameters@10793e50
var = iv
de.uka.ilkd.key.macros.scripts.InstantiateCommand$Parameters@35453a90
#2 = hide
de.uka.ilkd.key.macros.scripts.InstantiateCommand$Parameters@35453a90
with = v_x_0
de.uka.ilkd.key.macros.scripts.InstantiateCommand$Parameters@35453a90
var = jv
de.uka.ilkd.key.macros.scripts.InstantiateCommand$Parameters@113f509
#2 = hide
de.uka.ilkd.key.macros.scripts.InstantiateCommand$Parameters@113f509
with = jv_0
de.uka.ilkd.key.macros.scripts.InstantiateCommand$Parameters@113f509
#2 = impLeft
de.uka.ilkd.key.macros.scripts.RuleCommand$Parameters@fc01bd9
#2 = branch
de.uka.ilkd.key.macros.scripts.TryCloseCommand$TryCloseArguments@7d547686
#2 = seqNPermSwapNPerm
de.uka.ilkd.key.macros.scripts.RuleCommand$Parameters@7eb73cf8
formula = seqNPerm(seqSwap(s_0,v_x_0,jv_0))
de.uka.ilkd.key.macros.scripts.RuleCommand$Parameters@7eb73cf8
var = iv
de.uka.ilkd.key.macros.scripts.InstantiateCommand$Parameters@23d08e0a
#2 = hide
de.uka.ilkd.key.macros.scripts.InstantiateCommand$Parameters@23d08e0a
with = v_y_0
de.uka.ilkd.key.macros.scripts.InstantiateCommand$Parameters@23d08e0a
var = jv
de.uka.ilkd.key.macros.scripts.InstantiateCommand$Parameters@338bb603
#2 = hide
de.uka.ilkd.key.macros.scripts.InstantiateCommand$Parameters@338bb603
with = jv_1
de.uka.ilkd.key.macros.scripts.InstantiateCommand$Parameters@338bb603
var = v_r
de.uka.ilkd.key.macros.scripts.InstantiateCommand$Parameters@4b8faf9
#2 = hide
de.uka.ilkd.key.macros.scripts.InstantiateCommand$Parameters@4b8faf9
with = seqSwap(seqSwap(s_0,v_x_0,jv_0),v_y_0,jv_1)
de.uka.ilkd.key.macros.scripts.InstantiateCommand$Parameters@4b8faf9
#2 = branch
de.uka.ilkd.key.macros.scripts.TryCloseCommand$TryCloseArguments@1841c5ad
#2 = split-prop
de.uka.ilkd.key.macros.scripts.MacroCommand$Parameters@4c89bc58
#2 = schiffl_lemma_2
de.uka.ilkd.key.macros.scripts.RuleCommand$Parameters@5e4370e4
formula = seqPerm(f_s,f_t)
de.uka.ilkd.key.macros.scripts.RuleCommand$Parameters@5e4370e4
var = x
de.uka.ilkd.key.macros.scripts.InstantiateCommand$Parameters@785624a
#2 = hide
de.uka.ilkd.key.macros.scripts.InstantiateCommand$Parameters@785624a
with = f_x
de.uka.ilkd.key.macros.scripts.InstantiateCommand$Parameters@785624a
var = y
de.uka.ilkd.key.macros.scripts.InstantiateCommand$Parameters@65d8a5eb
#2 = hide
de.uka.ilkd.key.macros.scripts.InstantiateCommand$Parameters@65d8a5eb
with = f_y
de.uka.ilkd.key.macros.scripts.InstantiateCommand$Parameters@65d8a5eb
#2 = impLeft
de.uka.ilkd.key.macros.scripts.RuleCommand$Parameters@26d7640d
#2 = branch
de.uka.ilkd.key.macros.scripts.TryCloseCommand$TryCloseArguments@780d9f92
#2 = exLeft
de.uka.ilkd.key.macros.scripts.RuleCommand$Parameters@439fabbe
#2 = split-prop
de.uka.ilkd.key.macros.scripts.MacroCommand$Parameters@26d75ff8
#2 = seqPermDef
de.uka.ilkd.key.macros.scripts.RuleCommand$Parameters@d505d9c
occ = 1
de.uka.ilkd.key.macros.scripts.RuleCommand$Parameters@d505d9c
#2 = andRight
de.uka.ilkd.key.macros.scripts.RuleCommand$Parameters@3abca535
#2 = branch
de.uka.ilkd.key.macros.scripts.TryCloseCommand$TryCloseArguments@fc95f79
var = s
de.uka.ilkd.key.macros.scripts.InstantiateCommand$Parameters@2a78c847
#2 = hide
de.uka.ilkd.key.macros.scripts.InstantiateCommand$Parameters@2a78c847
with = r_0
de.uka.ilkd.key.macros.scripts.InstantiateCommand$Parameters@2a78c847
#2 = andRight
de.uka.ilkd.key.macros.scripts.RuleCommand$Parameters@4bc1c7b3
#2 = branch
de.uka.ilkd.key.macros.scripts.TryCloseCommand$TryCloseArguments@52d3153f
#2 = allRight
de.uka.ilkd.key.macros.scripts.RuleCommand$Parameters@363805fb
#2 = impRight
de.uka.ilkd.key.macros.scripts.RuleCommand$Parameters@3ebb924e
var = iv
de.uka.ilkd.key.macros.scripts.InstantiateCommand$Parameters@34d16ecc
#2 = hide
de.uka.ilkd.key.macros.scripts.InstantiateCommand$Parameters@34d16ecc
with = iv_0
de.uka.ilkd.key.macros.scripts.InstantiateCommand$Parameters@34d16ecc
#2 = impLeft
de.uka.ilkd.key.macros.scripts.RuleCommand$Parameters@4ca73921
#2 = branch
de.uka.ilkd.key.macros.scripts.TryCloseCommand$TryCloseArguments@5e9cd7f4
#2 = andLeft
de.uka.ilkd.key.macros.scripts.RuleCommand$Parameters@5319abae
#2 = seqNPermRange
de.uka.ilkd.key.macros.scripts.RuleCommand$Parameters@3769e124
var = iv
de.uka.ilkd.key.macros.scripts.InstantiateCommand$Parameters@76e095ba
#2 = hide
de.uka.ilkd.key.macros.scripts.InstantiateCommand$Parameters@76e095ba
with = iv_0
de.uka.ilkd.key.macros.scripts.InstantiateCommand$Parameters@76e095ba
#2 = impLeft
de.uka.ilkd.key.macros.scripts.RuleCommand$Parameters@176cce5e
#2 = branch
de.uka.ilkd.key.macros.scripts.TryCloseCommand$TryCloseArguments@4542b548
#2 = andLeft
de.uka.ilkd.key.macros.scripts.RuleCommand$Parameters@d6813b0
#2 = andLeft
de.uka.ilkd.key.macros.scripts.RuleCommand$Parameters@2b4874b4
#2 = seqNPermRange
de.uka.ilkd.key.macros.scripts.RuleCommand$Parameters@a3cface
var = iv
de.uka.ilkd.key.macros.scripts.InstantiateCommand$Parameters@58a4d69
#2 = hide
de.uka.ilkd.key.macros.scripts.InstantiateCommand$Parameters@58a4d69
with = f_x
de.uka.ilkd.key.macros.scripts.InstantiateCommand$Parameters@58a4d69
#2 = impLeft
de.uka.ilkd.key.macros.scripts.RuleCommand$Parameters@3e3c7aee
#2 = branch
de.uka.ilkd.key.macros.scripts.TryCloseCommand$TryCloseArguments@44577933
#2 = andLeft
de.uka.ilkd.key.macros.scripts.RuleCommand$Parameters@5386a77
#2 = andLeft
de.uka.ilkd.key.macros.scripts.RuleCommand$Parameters@46fd5aa0
#2 = seqNPermRange
de.uka.ilkd.key.macros.scripts.RuleCommand$Parameters@7e0ae2e2
var = iv
de.uka.ilkd.key.macros.scripts.InstantiateCommand$Parameters@de763d5
#2 = hide
de.uka.ilkd.key.macros.scripts.InstantiateCommand$Parameters@de763d5
with = f_y
de.uka.ilkd.key.macros.scripts.InstantiateCommand$Parameters@de763d5
#2 = impLeft
de.uka.ilkd.key.macros.scripts.RuleCommand$Parameters@4ad2b272
#2 = branch
de.uka.ilkd.key.macros.scripts.TryCloseCommand$TryCloseArguments@40e5bccd
#2 = andLeft
de.uka.ilkd.key.macros.scripts.RuleCommand$Parameters@5db0653a
#2 = andLeft
de.uka.ilkd.key.macros.scripts.RuleCommand$Parameters@7853e93a
#2 = getOfSeqDef
de.uka.ilkd.key.macros.scripts.RuleCommand$Parameters@612902ab
occ = 0
de.uka.ilkd.key.macros.scripts.RuleCommand$Parameters@612902ab
#2 = getOfSeqDef
de.uka.ilkd.key.macros.scripts.RuleCommand$Parameters@6543d8d
#2 = ifthenelse_split
de.uka.ilkd.key.macros.scripts.RuleCommand$Parameters@6154eda
occ = 0
de.uka.ilkd.key.macros.scripts.RuleCommand$Parameters@6154eda
#2 = andLeft
de.uka.ilkd.key.macros.scripts.RuleCommand$Parameters@590f03ed
occ = 0
de.uka.ilkd.key.macros.scripts.RuleCommand$Parameters@590f03ed
#2 = sub_zero_2
de.uka.ilkd.key.macros.scripts.RuleCommand$Parameters@ed13cfb
occ = 0
de.uka.ilkd.key.macros.scripts.RuleCommand$Parameters@ed13cfb
#2 = ifthenelse_split
de.uka.ilkd.key.macros.scripts.RuleCommand$Parameters@77b7fb0f
occ = 2
de.uka.ilkd.key.macros.scripts.RuleCommand$Parameters@77b7fb0f
#2 = andLeft
de.uka.ilkd.key.macros.scripts.RuleCommand$Parameters@23a99b1e
#2 = sub_zero_2
de.uka.ilkd.key.macros.scripts.RuleCommand$Parameters@919ed8f
occ = 0
de.uka.ilkd.key.macros.scripts.RuleCommand$Parameters@919ed8f
#2 = add_zero_right
de.uka.ilkd.key.macros.scripts.RuleCommand$Parameters@6f0b45f3
occ = 0
de.uka.ilkd.key.macros.scripts.RuleCommand$Parameters@6f0b45f3
#2 = add_zero_right
de.uka.ilkd.key.macros.scripts.RuleCommand$Parameters@954267
occ = 0
de.uka.ilkd.key.macros.scripts.RuleCommand$Parameters@954267
#2 = add_zero_right
de.uka.ilkd.key.macros.scripts.RuleCommand$Parameters@189c88c9
occ = 0
de.uka.ilkd.key.macros.scripts.RuleCommand$Parameters@189c88c9
#2 = add_zero_right
de.uka.ilkd.key.macros.scripts.RuleCommand$Parameters@5eaf7bc0
occ = 0
de.uka.ilkd.key.macros.scripts.RuleCommand$Parameters@5eaf7bc0
#2 = add_zero_right
de.uka.ilkd.key.macros.scripts.RuleCommand$Parameters@6b3e993b
occ = 0
de.uka.ilkd.key.macros.scripts.RuleCommand$Parameters@6b3e993b
#2 = add_zero_right
de.uka.ilkd.key.macros.scripts.RuleCommand$Parameters@41126841
occ = 0
de.uka.ilkd.key.macros.scripts.RuleCommand$Parameters@41126841
#2 = ifthenelse_split
de.uka.ilkd.key.macros.scripts.RuleCommand$Parameters@3db46a6a
occ = 0
de.uka.ilkd.key.macros.scripts.RuleCommand$Parameters@3db46a6a
#2 = ifthenelse_split
de.uka.ilkd.key.macros.scripts.RuleCommand$Parameters@550ae2d1
occ = 0
de.uka.ilkd.key.macros.scripts.RuleCommand$Parameters@550ae2d1
#2 = branch
de.uka.ilkd.key.macros.scripts.TryCloseCommand$TryCloseArguments@11eae02b
#2 = branch
de.uka.ilkd.key.macros.scripts.TryCloseCommand$TryCloseArguments@1ddceffb
#2 = ifthenelse_split
de.uka.ilkd.key.macros.scripts.RuleCommand$Parameters@41efaebf
occ = 0
de.uka.ilkd.key.macros.scripts.RuleCommand$Parameters@41efaebf
#2 = branch
de.uka.ilkd.key.macros.scripts.TryCloseCommand$TryCloseArguments@7650e664
#2 = ifthenelse_split
de.uka.ilkd.key.macros.scripts.RuleCommand$Parameters@54403053
occ = 0
de.uka.ilkd.key.macros.scripts.RuleCommand$Parameters@54403053
#2 = seqNPermInjective
de.uka.ilkd.key.macros.scripts.RuleCommand$Parameters@34c8aa59
var = iv
de.uka.ilkd.key.macros.scripts.InstantiateCommand$Parameters@3d5dc340
#2 = hide
de.uka.ilkd.key.macros.scripts.InstantiateCommand$Parameters@3d5dc340
with = iv_0
de.uka.ilkd.key.macros.scripts.InstantiateCommand$Parameters@3d5dc340
var = jv
de.uka.ilkd.key.macros.scripts.InstantiateCommand$Parameters@61fa7bc
#2 = hide
de.uka.ilkd.key.macros.scripts.InstantiateCommand$Parameters@61fa7bc
with = f_y
de.uka.ilkd.key.macros.scripts.InstantiateCommand$Parameters@61fa7bc
#2 = impLeft
de.uka.ilkd.key.macros.scripts.RuleCommand$Parameters@2e1cda5d
#2 = branch
de.uka.ilkd.key.macros.scripts.TryCloseCommand$TryCloseArguments@64112755
#2 = branch
de.uka.ilkd.key.macros.scripts.TryCloseCommand$TryCloseArguments@317e1605
#2 = ifthenelse_split
de.uka.ilkd.key.macros.scripts.RuleCommand$Parameters@737e6d2d
occ = 0
de.uka.ilkd.key.macros.scripts.RuleCommand$Parameters@737e6d2d
#2 = seqNPermInjective
de.uka.ilkd.key.macros.scripts.RuleCommand$Parameters@ea0d45b
var = iv
de.uka.ilkd.key.macros.scripts.InstantiateCommand$Parameters@7f9f2a3e
#2 = hide
de.uka.ilkd.key.macros.scripts.InstantiateCommand$Parameters@7f9f2a3e
with = iv_0
de.uka.ilkd.key.macros.scripts.InstantiateCommand$Parameters@7f9f2a3e
var = jv
de.uka.ilkd.key.macros.scripts.InstantiateCommand$Parameters@477733ea
#2 = hide
de.uka.ilkd.key.macros.scripts.InstantiateCommand$Parameters@477733ea
with = f_x
de.uka.ilkd.key.macros.scripts.InstantiateCommand$Parameters@477733ea
#2 = impLeft
de.uka.ilkd.key.macros.scripts.RuleCommand$Parameters@2ec6b024
#2 = branch
de.uka.ilkd.key.macros.scripts.TryCloseCommand$TryCloseArguments@4662aa9b
#2 = branch
de.uka.ilkd.key.macros.scripts.TryCloseCommand$TryCloseArguments@176f46bc
#2 = branch
de.uka.ilkd.key.macros.scripts.TryCloseCommand$TryCloseArguments@3033e8e6
#2 = branch
de.uka.ilkd.key.macros.scripts.TryCloseCommand$TryCloseArguments@2504fa0e
#2 = branch
de.uka.ilkd.key.macros.scripts.TryCloseCommand$TryCloseArguments@f2175d7
]]></system-err>
</testsuite>
