<?xml version="1.0" encoding="UTF-8"?>
<testsuite name="de.uka.ilkd.key.java.TestContextStatementBlock" tests="1" skipped="0" failures="0" errors="0" timestamp="2023-05-11T10:04:31" hostname="fv-az448-277" time="1.097">
  <properties/>
  <testcase name="testContextTermInstantiation()" classname="de.uka.ilkd.key.java.TestContextStatementBlock" time="1.097"/>
  <system-out><![CDATA[23515      INFO  Test worker     d.u.i.k.n.KeyIO           Parsing took 0 ms 
23515      DEBUG Test worker     d.u.i.k.n.KeyIO           Load declarations of de.uka.ilkd.key.nparser.KeyAst$File:  D:\a\key\key\key.core\src\test\resources\testcase\testrules.key:9#1 
23515      INFO  Test worker     d.u.i.k.n.KeyIO           MODE: declarations took 0 ms 
23515      DEBUG Test worker     d.u.i.k.n.KeyIO           MODE: 2nd degree decls took 0 
23624      DEBUG Test worker     d.u.i.k.n.KeyIO           MODE: taclets took 109ms 
]]></system-out>
  <system-err><![CDATA[]]></system-err>
</testsuite>
