<?xml version="1.0" encoding="UTF-8"?>
<testsuite name="de.uka.ilkd.key.rule.merge.PredicateAbstractionLatticeTests" tests="3" skipped="0" failures="0" errors="0" timestamp="2023-05-11T10:12:28" hostname="fv-az448-277" time="5.489">
  <properties/>
  <testcase name="testToAndFromString()" classname="de.uka.ilkd.key.rule.merge.PredicateAbstractionLatticeTests" time="2.693"/>
  <testcase name="testCreateSignLatticeWithPredicates()" classname="de.uka.ilkd.key.rule.merge.PredicateAbstractionLatticeTests" time="2.796"/>
  <testcase name="testTrivialPredicatesLattice()" classname="de.uka.ilkd.key.rule.merge.PredicateAbstractionLatticeTests" time="0.0"/>
  <system-out><![CDATA[499893     INFO  Test worker     d.u.i.k.p.i.AbstractProblemLoader Loading environment from src\test\resources\testcase\merge\dummy.key 
499893     DEBUG Test worker     d.u.i.k.p.i.AbstractProblemLoader Environment load took 119.1ns 
499908     INFO  Test worker     d.u.i.k.p.i.AbstractProblemLoader Creating init config 
502567     DEBUG Test worker     d.u.i.k.p.i.AbstractProblemLoader Init config took 2.67s 
502583     INFO  Test worker     d.u.i.k.p.i.AbstractProblemLoader Replaying proof dummy.key 
502598     DEBUG Test worker     d.u.i.k.p.i.IntermediateProofReplayer Proof replay took 9.3ns 
502598     INFO  Test worker     d.u.i.k.p.i.AbstractProblemLoader Loading environment from src\test\resources\testcase\merge\dummy.key 
502598     DEBUG Test worker     d.u.i.k.p.i.AbstractProblemLoader Environment load took 369.1ns 
502598     INFO  Test worker     d.u.i.k.p.i.AbstractProblemLoader Creating init config 
505367     DEBUG Test worker     d.u.i.k.p.i.AbstractProblemLoader Init config took 2.76s 
505383     INFO  Test worker     d.u.i.k.p.i.AbstractProblemLoader Replaying proof dummy.key 
505383     DEBUG Test worker     d.u.i.k.p.i.IntermediateProofReplayer Proof replay took 8.5ns 
]]></system-out>
  <system-err><![CDATA[]]></system-err>
</testsuite>
