<?xml version="1.0" encoding="UTF-8"?>
<testsuite name="de.uka.ilkd.key.parser.TestDeclParser" tests="14" skipped="2" failures="0" errors="0" timestamp="2023-05-11T10:07:24" hostname="fv-az448-277" time="10.42">
  <properties/>
  <testcase name="testGenericSortDecl1()" classname="de.uka.ilkd.key.parser.TestDeclParser" time="1.055"/>
  <testcase name="testGenericSortDecl2()" classname="de.uka.ilkd.key.parser.TestDeclParser" time="0.81"/>
  <testcase name="testGenericSortDecl3()" classname="de.uka.ilkd.key.parser.TestDeclParser" time="0.896"/>
  <testcase name="testGenericSortDecl4()" classname="de.uka.ilkd.key.parser.TestDeclParser" time="0.884"/>
  <testcase name="testGenericSortDecl5()" classname="de.uka.ilkd.key.parser.TestDeclParser" time="0.0">
    <skipped/>
  </testcase>
  <testcase name="testGenericSortDecl6()" classname="de.uka.ilkd.key.parser.TestDeclParser" time="0.811"/>
  <testcase name="testSortDecl()" classname="de.uka.ilkd.key.parser.TestDeclParser" time="0.883"/>
  <testcase name="testProxySortDecl()" classname="de.uka.ilkd.key.parser.TestDeclParser" time="0.813"/>
  <testcase name="testArrayDecl()" classname="de.uka.ilkd.key.parser.TestDeclParser" time="0.89"/>
  <testcase name="testAmbiguousDecls()" classname="de.uka.ilkd.key.parser.TestDeclParser" time="0.001">
    <skipped/>
  </testcase>
  <testcase name="testHeurDecl()" classname="de.uka.ilkd.key.parser.TestDeclParser" time="0.803"/>
  <testcase name="testFunctionDecl()" classname="de.uka.ilkd.key.parser.TestDeclParser" time="0.887"/>
  <testcase name="testPredicateDecl()" classname="de.uka.ilkd.key.parser.TestDeclParser" time="0.874"/>
  <testcase name="testSVDecl()" classname="de.uka.ilkd.key.parser.TestDeclParser" time="0.81"/>
  <system-out><![CDATA[197123     INFO  Test worker     d.u.i.k.n.KeyIO           Parsing took 0 ms 
197123     DEBUG Test worker     d.u.i.k.n.KeyIO           Load declarations of de.uka.ilkd.key.nparser.KeyAst$File:  <unknown>:1#1 
197123     INFO  Test worker     d.u.i.k.n.KeyIO           MODE: declarations took 0 ms 
197123     DEBUG Test worker     d.u.i.k.n.KeyIO           MODE: 2nd degree decls took 0 
197123     DEBUG Test worker     d.u.i.k.n.KeyIO           MODE: taclets took 0ms 
197936     INFO  Test worker     d.u.i.k.n.KeyIO           Parsing took 0 ms 
197936     DEBUG Test worker     d.u.i.k.n.KeyIO           Load declarations of de.uka.ilkd.key.nparser.KeyAst$File:  <unknown>:1#1 
197936     INFO  Test worker     d.u.i.k.n.KeyIO           MODE: declarations took 0 ms 
197936     DEBUG Test worker     d.u.i.k.n.KeyIO           MODE: 2nd degree decls took 0 
197936     DEBUG Test worker     d.u.i.k.n.KeyIO           MODE: taclets took 0ms 
198842     INFO  Test worker     d.u.i.k.n.KeyIO           Parsing took 0 ms 
198842     DEBUG Test worker     d.u.i.k.n.KeyIO           Load declarations of de.uka.ilkd.key.nparser.KeyAst$File:  <unknown>:1#1 
198842     INFO  Test worker     d.u.i.k.n.KeyIO           MODE: declarations took 0 ms 
198842     DEBUG Test worker     d.u.i.k.n.KeyIO           MODE: 2nd degree decls took 0 
198842     DEBUG Test worker     d.u.i.k.n.KeyIO           MODE: taclets took 0ms 
199733     INFO  Test worker     d.u.i.k.n.KeyIO           Parsing took 0 ms 
199733     DEBUG Test worker     d.u.i.k.n.KeyIO           Load declarations of de.uka.ilkd.key.nparser.KeyAst$File:  <unknown>:1#1 
199733     INFO  Test worker     d.u.i.k.n.KeyIO           MODE: declarations took 0 ms 
199733     DEBUG Test worker     d.u.i.k.n.KeyIO           MODE: 2nd degree decls took 0 
199733     DEBUG Test worker     d.u.i.k.n.KeyIO           MODE: taclets took 0ms 
200546     INFO  Test worker     d.u.i.k.n.KeyIO           Parsing took 0 ms 
200546     DEBUG Test worker     d.u.i.k.n.KeyIO           Load declarations of de.uka.ilkd.key.nparser.KeyAst$File:  <unknown>:1#1 
200546     INFO  Test worker     d.u.i.k.n.KeyIO           MODE: declarations took 0 ms 
200546     DEBUG Test worker     d.u.i.k.n.KeyIO           MODE: 2nd degree decls took 0 
200546     DEBUG Test worker     d.u.i.k.n.KeyIO           MODE: taclets took 0ms 
201422     INFO  Test worker     d.u.i.k.n.KeyIO           Parsing took 0 ms 
201422     DEBUG Test worker     d.u.i.k.n.KeyIO           Load declarations of de.uka.ilkd.key.nparser.KeyAst$File:  <unknown>:1#1 
201422     INFO  Test worker     d.u.i.k.n.KeyIO           MODE: declarations took 0 ms 
201422     DEBUG Test worker     d.u.i.k.n.KeyIO           MODE: 2nd degree decls took 0 
201422     DEBUG Test worker     d.u.i.k.n.KeyIO           MODE: taclets took 0ms 
202235     INFO  Test worker     d.u.i.k.n.KeyIO           Parsing took 0 ms 
202235     DEBUG Test worker     d.u.i.k.n.KeyIO           Load declarations of de.uka.ilkd.key.nparser.KeyAst$File:  <unknown>:1#1 
202235     INFO  Test worker     d.u.i.k.n.KeyIO           MODE: declarations took 0 ms 
202235     DEBUG Test worker     d.u.i.k.n.KeyIO           MODE: 2nd degree decls took 0 
202235     DEBUG Test worker     d.u.i.k.n.KeyIO           MODE: taclets took 0ms 
203111     INFO  Test worker     d.u.i.k.n.KeyIO           Parsing took 0 ms 
203111     DEBUG Test worker     d.u.i.k.n.KeyIO           Load declarations of de.uka.ilkd.key.nparser.KeyAst$File:  <unknown>:1#1 
203111     INFO  Test worker     d.u.i.k.n.KeyIO           MODE: declarations took 0 ms 
203111     DEBUG Test worker     d.u.i.k.n.KeyIO           MODE: 2nd degree decls took 0 
203127     DEBUG Test worker     d.u.i.k.n.KeyIO           MODE: taclets took 0ms 
203924     INFO  Test worker     d.u.i.k.n.KeyIO           Parsing took 0 ms 
203924     DEBUG Test worker     d.u.i.k.n.KeyIO           Load declarations of de.uka.ilkd.key.nparser.KeyAst$File:  <unknown>:1#1 
203924     INFO  Test worker     d.u.i.k.n.KeyIO           MODE: declarations took 0 ms 
203924     DEBUG Test worker     d.u.i.k.n.KeyIO           MODE: 2nd degree decls took 0 
203924     DEBUG Test worker     d.u.i.k.n.KeyIO           MODE: taclets took 0ms 
204816     INFO  Test worker     d.u.i.k.n.KeyIO           Parsing took 0 ms 
204816     DEBUG Test worker     d.u.i.k.n.KeyIO           Load declarations of de.uka.ilkd.key.nparser.KeyAst$File:  <unknown>:1#1 
204816     INFO  Test worker     d.u.i.k.n.KeyIO           MODE: declarations took 0 ms 
204816     DEBUG Test worker     d.u.i.k.n.KeyIO           MODE: 2nd degree decls took 0 
204816     DEBUG Test worker     d.u.i.k.n.KeyIO           MODE: taclets took 0ms 
205691     INFO  Test worker     d.u.i.k.n.KeyIO           Parsing took 0 ms 
205691     DEBUG Test worker     d.u.i.k.n.KeyIO           Load declarations of de.uka.ilkd.key.nparser.KeyAst$File:  <unknown>:1#1 
205691     INFO  Test worker     d.u.i.k.n.KeyIO           MODE: declarations took 0 ms 
205691     DEBUG Test worker     d.u.i.k.n.KeyIO           MODE: 2nd degree decls took 0 
205691     DEBUG Test worker     d.u.i.k.n.KeyIO           MODE: taclets took 0ms 
206504     INFO  Test worker     d.u.i.k.n.KeyIO           Parsing took 0 ms 
206504     DEBUG Test worker     d.u.i.k.n.KeyIO           Load declarations of de.uka.ilkd.key.nparser.KeyAst$File:  <unknown>:1#1 
206504     INFO  Test worker     d.u.i.k.n.KeyIO           MODE: declarations took 0 ms 
206504     DEBUG Test worker     d.u.i.k.n.KeyIO           MODE: 2nd degree decls took 0 
206504     DEBUG Test worker     d.u.i.k.n.KeyIO           MODE: taclets took 0ms 
]]></system-out>
  <system-err><![CDATA[]]></system-err>
</testsuite>
