<?xml version="1.0" encoding="UTF-8"?>
<testsuite name="de.uka.ilkd.key.rule.loop.LoopScopeInvRuleTests" tests="1" skipped="0" failures="0" errors="0" timestamp="2023-05-11T10:11:06" hostname="fv-az448-277" time="4.586">
  <properties/>
  <testcase name="testDoAutomaticProofOfBenchmarkWithLabeledBreaksAndContinues()" classname="de.uka.ilkd.key.rule.loop.LoopScopeInvRuleTests" time="4.586"/>
  <system-out><![CDATA[417865     INFO  Test worker     d.u.i.k.p.i.AbstractProblemLoader Loading environment from src\test\resources\testcase\loopScopeInvRule\Test.key 
417865     DEBUG Test worker     d.u.i.k.p.i.AbstractProblemLoader Environment load took 139.1ns 
417865     INFO  Test worker     d.u.i.k.p.i.AbstractProblemLoader Creating init config 
418006     DEBUG Test worker     d.u.i.k.j.TypeConverter   No LDT found for Meta 
418006     DEBUG Test worker     d.u.i.k.j.TypeConverter   No LDT found for Meta 
418006     DEBUG Test worker     d.u.i.k.j.TypeConverter   No LDT found for Meta 
418006     DEBUG Test worker     d.u.i.k.j.TypeConverter   No LDT found for Meta 
418741     DEBUG Test worker     d.u.i.k.j.TypeConverter   No LDT found for JavaBigintExpression 
421882     DEBUG Test worker     d.u.i.k.p.i.AbstractProblemLoader Init config took 4.01s 
421913     INFO  Test worker     d.u.i.k.p.i.AbstractProblemLoader Replaying proof Test[Test::loopScopeRuleBenchmark(int,boolean)].JML normal_behavior operation contract.0 
421929     DEBUG Test worker     d.u.i.k.p.i.IntermediateProofReplayer Proof replay took 16.7ns 
]]></system-out>
  <system-err><![CDATA[]]></system-err>
</testsuite>
