<?xml version="1.0" encoding="UTF-8"?>
<testsuite name="de.uka.ilkd.key.logic.TestTermLabelManager" tests="21" skipped="0" failures="0" errors="0" timestamp="2023-05-11T10:05:50" hostname="fv-az448-277" time="51.768">
  <properties/>
  <testcase name="testInstantiateLabels_directChildPolicies_allRules()" classname="de.uka.ilkd.key.logic.TestTermLabelManager" time="3.837"/>
  <testcase name="testInstantiateLabels_childAndGrandchildPolicies_ruleSpecific()" classname="de.uka.ilkd.key.logic.TestTermLabelManager" time="2.649"/>
  <testcase name="testParseLabel()" classname="de.uka.ilkd.key.logic.TestTermLabelManager" time="2.65"/>
  <testcase name="testrefactorGoal_childrenAndGrandchildren_ruleSpecific()" classname="de.uka.ilkd.key.logic.TestTermLabelManager" time="2.692"/>
  <testcase name="testrefactorGoal_directChildren_allRules()" classname="de.uka.ilkd.key.logic.TestTermLabelManager" time="2.666"/>
  <testcase name="testInstantiateLabels_childAndGrandchildPolicies_allRules()" classname="de.uka.ilkd.key.logic.TestTermLabelManager" time="2.642"/>
  <testcase name="testInstantiateLabels_taclet()" classname="de.uka.ilkd.key.logic.TestTermLabelManager" time="2.698"/>
  <testcase name="testrefactorGoal_none_ruleSpecific()" classname="de.uka.ilkd.key.logic.TestTermLabelManager" time="2.696"/>
  <testcase name="testInstantiateLabels_updates_ruleSpecific()" classname="de.uka.ilkd.key.logic.TestTermLabelManager" time="2.649"/>
  <testcase name="testrefactorGoal_sequent_ruleSpecific()" classname="de.uka.ilkd.key.logic.TestTermLabelManager" time="2.662"/>
  <testcase name="testInstantiateLabels_updates_allRules()" classname="de.uka.ilkd.key.logic.TestTermLabelManager" time="2.637"/>
  <testcase name="testrefactorGoal_sequent_allRules()" classname="de.uka.ilkd.key.logic.TestTermLabelManager" time="2.663"/>
  <testcase name="testrefactorGoal_childrenAndGrandchildren_allRules()" classname="de.uka.ilkd.key.logic.TestTermLabelManager" time="2.652"/>
  <testcase name="testGetTermLabelManager()" classname="de.uka.ilkd.key.logic.TestTermLabelManager" time="0.005"/>
  <testcase name="testInstantiateLabels_applicationTermPolicies()" classname="de.uka.ilkd.key.logic.TestTermLabelManager" time="2.662"/>
  <testcase name="testInstantiateLabels_modalityTermPolicies()" classname="de.uka.ilkd.key.logic.TestTermLabelManager" time="2.664"/>
  <testcase name="testrefactorGoal_none_allRules()" classname="de.uka.ilkd.key.logic.TestTermLabelManager" time="2.657"/>
  <testcase name="testInstantiateLabels_null()" classname="de.uka.ilkd.key.logic.TestTermLabelManager" time="0.001"/>
  <testcase name="testrefactorGoal_directChildren_ruleSpecific()" classname="de.uka.ilkd.key.logic.TestTermLabelManager" time="2.64"/>
  <testcase name="testInstantiateLabels_directChildPolicies_ruleSpecific()" classname="de.uka.ilkd.key.logic.TestTermLabelManager" time="2.676"/>
  <testcase name="testGetSupportedTermLabelNames()" classname="de.uka.ilkd.key.logic.TestTermLabelManager" time="2.654"/>
  <system-out><![CDATA[102058     INFO  Test worker     d.u.i.k.p.i.AbstractProblemLoader Loading environment from src\test\resources\testcase\termLabels\flatSteps\FlatSteps.java 
102058     DEBUG Test worker     d.u.i.k.p.i.AbstractProblemLoader Environment load took 224.2ns 
102058     INFO  Test worker     d.u.i.k.p.i.AbstractProblemLoader Creating init config 
102214     DEBUG Test worker     d.u.i.k.j.TypeConverter   No LDT found for Meta 
102214     DEBUG Test worker     d.u.i.k.j.TypeConverter   No LDT found for Meta 
102214     DEBUG Test worker     d.u.i.k.j.TypeConverter   No LDT found for Meta 
102214     DEBUG Test worker     d.u.i.k.j.TypeConverter   No LDT found for Meta 
102793     DEBUG Test worker     d.u.i.k.j.TypeConverter   No LDT found for JavaBigintExpression 
105889     DEBUG Test worker     d.u.i.k.p.i.AbstractProblemLoader Init config took 3.83s 
105889     INFO  Test worker     d.u.i.k.p.i.AbstractProblemLoader Loading environment from src\test\resources\testcase\termLabels\flatSteps\FlatSteps.java 
105889     DEBUG Test worker     d.u.i.k.p.i.AbstractProblemLoader Environment load took 499.8ns 
105905     INFO  Test worker     d.u.i.k.p.i.AbstractProblemLoader Creating init config 
108531     DEBUG Test worker     d.u.i.k.p.i.AbstractProblemLoader Init config took 2.64s 
108546     INFO  Test worker     d.u.i.k.p.i.AbstractProblemLoader Loading environment from src\test\resources\testcase\termLabels\flatSteps\FlatSteps.java 
108546     DEBUG Test worker     d.u.i.k.p.i.AbstractProblemLoader Environment load took 260.4ns 
108546     INFO  Test worker     d.u.i.k.p.i.AbstractProblemLoader Creating init config 
111189     DEBUG Test worker     d.u.i.k.p.i.AbstractProblemLoader Init config took 2.64s 
111189     INFO  Test worker     d.u.i.k.p.i.AbstractProblemLoader Loading environment from src\test\resources\testcase\termLabels\flatSteps\FlatSteps.java 
111189     DEBUG Test worker     d.u.i.k.p.i.AbstractProblemLoader Environment load took 544.2ns 
111204     INFO  Test worker     d.u.i.k.p.i.AbstractProblemLoader Creating init config 
113862     DEBUG Test worker     d.u.i.k.p.i.AbstractProblemLoader Init config took 2.67s 
113894     INFO  Test worker     d.u.i.k.p.i.AbstractProblemLoader Loading environment from src\test\resources\testcase\termLabels\flatSteps\FlatSteps.java 
113894     DEBUG Test worker     d.u.i.k.p.i.AbstractProblemLoader Environment load took 542.6ns 
113894     INFO  Test worker     d.u.i.k.p.i.AbstractProblemLoader Creating init config 
116551     DEBUG Test worker     d.u.i.k.p.i.AbstractProblemLoader Init config took 2.65s 
116551     INFO  Test worker     d.u.i.k.p.i.AbstractProblemLoader Loading environment from src\test\resources\testcase\termLabels\flatSteps\FlatSteps.java 
116551     DEBUG Test worker     d.u.i.k.p.i.AbstractProblemLoader Environment load took 515.2ns 
116566     INFO  Test worker     d.u.i.k.p.i.AbstractProblemLoader Creating init config 
119192     DEBUG Test worker     d.u.i.k.p.i.AbstractProblemLoader Init config took 2.63s 
119207     INFO  Test worker     d.u.i.k.p.i.AbstractProblemLoader Loading environment from src\test\resources\testcase\termLabels\flatSteps\FlatSteps.java 
119207     DEBUG Test worker     d.u.i.k.p.i.AbstractProblemLoader Environment load took 507.2ns 
119207     INFO  Test worker     d.u.i.k.p.i.AbstractProblemLoader Creating init config 
121881     DEBUG Test worker     d.u.i.k.p.i.AbstractProblemLoader Init config took 2.68s 
121897     INFO  Test worker     d.u.i.k.p.i.AbstractProblemLoader Loading environment from src\test\resources\testcase\termLabels\flatSteps\FlatSteps.java 
121897     DEBUG Test worker     d.u.i.k.p.i.AbstractProblemLoader Environment load took 461.6ns 
121897     INFO  Test worker     d.u.i.k.p.i.AbstractProblemLoader Creating init config 
124586     DEBUG Test worker     d.u.i.k.p.i.AbstractProblemLoader Init config took 2.68s 
124586     INFO  Test worker     d.u.i.k.p.i.AbstractProblemLoader Loading environment from src\test\resources\testcase\termLabels\flatSteps\FlatSteps.java 
124586     DEBUG Test worker     d.u.i.k.p.i.AbstractProblemLoader Environment load took 186.7ns 
124586     INFO  Test worker     d.u.i.k.p.i.AbstractProblemLoader Creating init config 
127243     DEBUG Test worker     d.u.i.k.p.i.AbstractProblemLoader Init config took 2.64s 
127243     INFO  Test worker     d.u.i.k.p.i.AbstractProblemLoader Loading environment from src\test\resources\testcase\termLabels\flatSteps\FlatSteps.java 
127243     DEBUG Test worker     d.u.i.k.p.i.AbstractProblemLoader Environment load took 163.7ns 
127243     INFO  Test worker     d.u.i.k.p.i.AbstractProblemLoader Creating init config 
129885     DEBUG Test worker     d.u.i.k.p.i.AbstractProblemLoader Init config took 2.65s 
129901     INFO  Test worker     d.u.i.k.p.i.AbstractProblemLoader Loading environment from src\test\resources\testcase\termLabels\flatSteps\FlatSteps.java 
129901     DEBUG Test worker     d.u.i.k.p.i.AbstractProblemLoader Environment load took 170.6ns 
129901     INFO  Test worker     d.u.i.k.p.i.AbstractProblemLoader Creating init config 
132542     DEBUG Test worker     d.u.i.k.p.i.AbstractProblemLoader Init config took 2.64s 
132542     INFO  Test worker     d.u.i.k.p.i.AbstractProblemLoader Loading environment from src\test\resources\testcase\termLabels\flatSteps\FlatSteps.java 
132542     DEBUG Test worker     d.u.i.k.p.i.AbstractProblemLoader Environment load took 483.8ns 
132558     INFO  Test worker     d.u.i.k.p.i.AbstractProblemLoader Creating init config 
135201     DEBUG Test worker     d.u.i.k.p.i.AbstractProblemLoader Init config took 2.65s 
135217     INFO  Test worker     d.u.i.k.p.i.AbstractProblemLoader Loading environment from src\test\resources\testcase\termLabels\flatSteps\FlatSteps.java 
135217     DEBUG Test worker     d.u.i.k.p.i.AbstractProblemLoader Environment load took 174.8ns 
135217     INFO  Test worker     d.u.i.k.p.i.AbstractProblemLoader Creating init config 
137843     DEBUG Test worker     d.u.i.k.p.i.AbstractProblemLoader Init config took 2.64s 
137858     INFO  Test worker     d.u.i.k.p.i.AbstractProblemLoader Loading environment from src\test\resources\testcase\termLabels\flatSteps\FlatSteps.java 
137858     DEBUG Test worker     d.u.i.k.p.i.AbstractProblemLoader Environment load took 506ns 
137858     INFO  Test worker     d.u.i.k.p.i.AbstractProblemLoader Creating init config 
140516     DEBUG Test worker     d.u.i.k.p.i.AbstractProblemLoader Init config took 2.66s 
140532     INFO  Test worker     d.u.i.k.p.i.AbstractProblemLoader Loading environment from src\test\resources\testcase\termLabels\flatSteps\FlatSteps.java 
140532     DEBUG Test worker     d.u.i.k.p.i.AbstractProblemLoader Environment load took 279.3ns 
140532     INFO  Test worker     d.u.i.k.p.i.AbstractProblemLoader Creating init config 
143174     DEBUG Test worker     d.u.i.k.p.i.AbstractProblemLoader Init config took 2.65s 
143190     INFO  Test worker     d.u.i.k.p.i.AbstractProblemLoader Loading environment from src\test\resources\testcase\termLabels\flatSteps\FlatSteps.java 
143190     DEBUG Test worker     d.u.i.k.p.i.AbstractProblemLoader Environment load took 172.8ns 
143190     INFO  Test worker     d.u.i.k.p.i.AbstractProblemLoader Creating init config 
145832     DEBUG Test worker     d.u.i.k.p.i.AbstractProblemLoader Init config took 2.65s 
145848     INFO  Test worker     d.u.i.k.p.i.AbstractProblemLoader Loading environment from src\test\resources\testcase\termLabels\flatSteps\FlatSteps.java 
145848     DEBUG Test worker     d.u.i.k.p.i.AbstractProblemLoader Environment load took 510.4ns 
145848     INFO  Test worker     d.u.i.k.p.i.AbstractProblemLoader Creating init config 
148489     DEBUG Test worker     d.u.i.k.p.i.AbstractProblemLoader Init config took 2.64s 
148505     INFO  Test worker     d.u.i.k.p.i.AbstractProblemLoader Loading environment from src\test\resources\testcase\termLabels\flatSteps\FlatSteps.java 
148505     DEBUG Test worker     d.u.i.k.p.i.AbstractProblemLoader Environment load took 515.5ns 
148505     INFO  Test worker     d.u.i.k.p.i.AbstractProblemLoader Creating init config 
151177     DEBUG Test worker     d.u.i.k.p.i.AbstractProblemLoader Init config took 2.67s 
151177     INFO  Test worker     d.u.i.k.p.i.AbstractProblemLoader Loading environment from src\test\resources\testcase\termLabels\flatSteps\FlatSteps.java 
151177     DEBUG Test worker     d.u.i.k.p.i.AbstractProblemLoader Environment load took 619ns 
151177     INFO  Test worker     d.u.i.k.p.i.AbstractProblemLoader Creating init config 
153820     DEBUG Test worker     d.u.i.k.p.i.AbstractProblemLoader Init config took 2.64s 
]]></system-out>
  <system-err><![CDATA[]]></system-err>
</testsuite>
