<?xml version="1.0" encoding="UTF-8"?>
<testsuite name="de.uka.ilkd.key.logic.TestClashFreeSubst" tests="14" skipped="2" failures="0" errors="0" timestamp="2023-05-11T10:04:44" hostname="fv-az448-277" time="45.418">
  <properties/>
  <testcase name="testMultiShareBound()" classname="de.uka.ilkd.key.logic.TestClashFreeSubst" time="0.868"/>
  <testcase name="testClash()" classname="de.uka.ilkd.key.logic.TestClashFreeSubst" time="0.872"/>
  <testcase name="testShare()" classname="de.uka.ilkd.key.logic.TestClashFreeSubst" time="0.853"/>
  <testcase name="testSubst()" classname="de.uka.ilkd.key.logic.TestClashFreeSubst" time="0.851"/>
  <testcase name="testWary0()" classname="de.uka.ilkd.key.logic.TestClashFreeSubst" time="0.857"/>
  <testcase name="testWary1()" classname="de.uka.ilkd.key.logic.TestClashFreeSubst" time="0.856"/>
  <testcase name="testWary2()" classname="de.uka.ilkd.key.logic.TestClashFreeSubst" time="0.832"/>
  <testcase name="testClashInSubstTerm()" classname="de.uka.ilkd.key.logic.TestClashFreeSubst" time="0.841"/>
  <testcase name="testShareWary()" classname="de.uka.ilkd.key.logic.TestClashFreeSubst" time="0.852"/>
  <testcase name="testMultiSubst()" classname="de.uka.ilkd.key.logic.TestClashFreeSubst" time="0.829"/>
  <testcase name="xtestMultiClash()" classname="de.uka.ilkd.key.logic.TestClashFreeSubst" time="0.0">
    <skipped/>
  </testcase>
  <testcase name="testSubstInSubstTerm()" classname="de.uka.ilkd.key.logic.TestClashFreeSubst" time="0.841"/>
  <testcase name="testSubstWary()" classname="de.uka.ilkd.key.logic.TestClashFreeSubst" time="0.822"/>
  <testcase name="xtestMultiClash1()" classname="de.uka.ilkd.key.logic.TestClashFreeSubst" time="0.0">
    <skipped/>
  </testcase>
  <system-out><![CDATA[35521      INFO  Test worker     d.u.i.k.n.KeyIO           Parsing took 0 ms 
35521      DEBUG Test worker     d.u.i.k.n.KeyIO           Load declarations of de.uka.ilkd.key.nparser.KeyAst$File:  <unknown>:1#1 
35521      INFO  Test worker     d.u.i.k.n.KeyIO           MODE: declarations took 0 ms 
35521      DEBUG Test worker     d.u.i.k.n.KeyIO           MODE: 2nd degree decls took 0 
36381      INFO  Test worker     d.u.i.k.n.KeyIO           Parsing took 0 ms 
36381      DEBUG Test worker     d.u.i.k.n.KeyIO           Load declarations of de.uka.ilkd.key.nparser.KeyAst$File:  <unknown>:1#1 
36397      INFO  Test worker     d.u.i.k.n.KeyIO           MODE: declarations took 16 ms 
36397      DEBUG Test worker     d.u.i.k.n.KeyIO           MODE: 2nd degree decls took 0 
39210      INFO  Test worker     d.u.i.k.n.KeyIO           Parsing took 0 ms 
39210      DEBUG Test worker     d.u.i.k.n.KeyIO           Load declarations of de.uka.ilkd.key.nparser.KeyAst$File:  <unknown>:1#1 
39210      INFO  Test worker     d.u.i.k.n.KeyIO           MODE: declarations took 0 ms 
39210      DEBUG Test worker     d.u.i.k.n.KeyIO           MODE: 2nd degree decls took 0 
40070      INFO  Test worker     d.u.i.k.n.KeyIO           Parsing took 0 ms 
40070      DEBUG Test worker     d.u.i.k.n.KeyIO           Load declarations of de.uka.ilkd.key.nparser.KeyAst$File:  <unknown>:1#1 
40070      INFO  Test worker     d.u.i.k.n.KeyIO           MODE: declarations took 0 ms 
40070      DEBUG Test worker     d.u.i.k.n.KeyIO           MODE: 2nd degree decls took 0 
42807      INFO  Test worker     d.u.i.k.n.KeyIO           Parsing took 0 ms 
42822      DEBUG Test worker     d.u.i.k.n.KeyIO           Load declarations of de.uka.ilkd.key.nparser.KeyAst$File:  <unknown>:1#1 
42822      INFO  Test worker     d.u.i.k.n.KeyIO           MODE: declarations took 0 ms 
42822      DEBUG Test worker     d.u.i.k.n.KeyIO           MODE: 2nd degree decls took 0 
43667      INFO  Test worker     d.u.i.k.n.KeyIO           Parsing took 0 ms 
43667      DEBUG Test worker     d.u.i.k.n.KeyIO           Load declarations of de.uka.ilkd.key.nparser.KeyAst$File:  <unknown>:1#1 
43667      INFO  Test worker     d.u.i.k.n.KeyIO           MODE: declarations took 0 ms 
43667      DEBUG Test worker     d.u.i.k.n.KeyIO           MODE: 2nd degree decls took 0 
46434      INFO  Test worker     d.u.i.k.n.KeyIO           Parsing took 0 ms 
46434      DEBUG Test worker     d.u.i.k.n.KeyIO           Load declarations of de.uka.ilkd.key.nparser.KeyAst$File:  <unknown>:1#1 
46434      INFO  Test worker     d.u.i.k.n.KeyIO           MODE: declarations took 0 ms 
46434      DEBUG Test worker     d.u.i.k.n.KeyIO           MODE: 2nd degree decls took 0 
47278      INFO  Test worker     d.u.i.k.n.KeyIO           Parsing took 0 ms 
47278      DEBUG Test worker     d.u.i.k.n.KeyIO           Load declarations of de.uka.ilkd.key.nparser.KeyAst$File:  <unknown>:1#1 
47278      INFO  Test worker     d.u.i.k.n.KeyIO           MODE: declarations took 0 ms 
47278      DEBUG Test worker     d.u.i.k.n.KeyIO           MODE: 2nd degree decls took 0 
49982      INFO  Test worker     d.u.i.k.n.KeyIO           Parsing took 0 ms 
49982      DEBUG Test worker     d.u.i.k.n.KeyIO           Load declarations of de.uka.ilkd.key.nparser.KeyAst$File:  <unknown>:1#1 
49982      INFO  Test worker     d.u.i.k.n.KeyIO           MODE: declarations took 0 ms 
49982      DEBUG Test worker     d.u.i.k.n.KeyIO           MODE: 2nd degree decls took 0 
50828      INFO  Test worker     d.u.i.k.n.KeyIO           Parsing took 0 ms 
50828      DEBUG Test worker     d.u.i.k.n.KeyIO           Load declarations of de.uka.ilkd.key.nparser.KeyAst$File:  <unknown>:1#1 
50828      INFO  Test worker     d.u.i.k.n.KeyIO           MODE: declarations took 0 ms 
50828      DEBUG Test worker     d.u.i.k.n.KeyIO           MODE: 2nd degree decls took 0 
53532      INFO  Test worker     d.u.i.k.n.KeyIO           Parsing took 0 ms 
53532      DEBUG Test worker     d.u.i.k.n.KeyIO           Load declarations of de.uka.ilkd.key.nparser.KeyAst$File:  <unknown>:1#1 
53548      INFO  Test worker     d.u.i.k.n.KeyIO           MODE: declarations took 16 ms 
53548      DEBUG Test worker     d.u.i.k.n.KeyIO           MODE: 2nd degree decls took 0 
54376      INFO  Test worker     d.u.i.k.n.KeyIO           Parsing took 0 ms 
54376      DEBUG Test worker     d.u.i.k.n.KeyIO           Load declarations of de.uka.ilkd.key.nparser.KeyAst$File:  <unknown>:1#1 
54392      INFO  Test worker     d.u.i.k.n.KeyIO           MODE: declarations took 16 ms 
54392      DEBUG Test worker     d.u.i.k.n.KeyIO           MODE: 2nd degree decls took 0 
57096      INFO  Test worker     d.u.i.k.n.KeyIO           Parsing took 0 ms 
57096      DEBUG Test worker     d.u.i.k.n.KeyIO           Load declarations of de.uka.ilkd.key.nparser.KeyAst$File:  <unknown>:1#1 
57096      INFO  Test worker     d.u.i.k.n.KeyIO           MODE: declarations took 0 ms 
57096      DEBUG Test worker     d.u.i.k.n.KeyIO           MODE: 2nd degree decls took 0 
57924      INFO  Test worker     d.u.i.k.n.KeyIO           Parsing took 0 ms 
57924      DEBUG Test worker     d.u.i.k.n.KeyIO           Load declarations of de.uka.ilkd.key.nparser.KeyAst$File:  <unknown>:1#1 
57924      INFO  Test worker     d.u.i.k.n.KeyIO           MODE: declarations took 0 ms 
57924      DEBUG Test worker     d.u.i.k.n.KeyIO           MODE: 2nd degree decls took 0 
60645      INFO  Test worker     d.u.i.k.n.KeyIO           Parsing took 0 ms 
60645      DEBUG Test worker     d.u.i.k.n.KeyIO           Load declarations of de.uka.ilkd.key.nparser.KeyAst$File:  <unknown>:1#1 
60645      INFO  Test worker     d.u.i.k.n.KeyIO           MODE: declarations took 0 ms 
60645      DEBUG Test worker     d.u.i.k.n.KeyIO           MODE: 2nd degree decls took 0 
61473      INFO  Test worker     d.u.i.k.n.KeyIO           Parsing took 0 ms 
61473      DEBUG Test worker     d.u.i.k.n.KeyIO           Load declarations of de.uka.ilkd.key.nparser.KeyAst$File:  <unknown>:1#1 
61473      INFO  Test worker     d.u.i.k.n.KeyIO           MODE: declarations took 0 ms 
61473      DEBUG Test worker     d.u.i.k.n.KeyIO           MODE: 2nd degree decls took 0 
64194      INFO  Test worker     d.u.i.k.n.KeyIO           Parsing took 0 ms 
64194      DEBUG Test worker     d.u.i.k.n.KeyIO           Load declarations of de.uka.ilkd.key.nparser.KeyAst$File:  <unknown>:1#1 
64194      INFO  Test worker     d.u.i.k.n.KeyIO           MODE: declarations took 0 ms 
64194      DEBUG Test worker     d.u.i.k.n.KeyIO           MODE: 2nd degree decls took 0 
65022      INFO  Test worker     d.u.i.k.n.KeyIO           Parsing took 0 ms 
65022      DEBUG Test worker     d.u.i.k.n.KeyIO           Load declarations of de.uka.ilkd.key.nparser.KeyAst$File:  <unknown>:1#1 
65022      INFO  Test worker     d.u.i.k.n.KeyIO           MODE: declarations took 0 ms 
65022      DEBUG Test worker     d.u.i.k.n.KeyIO           MODE: 2nd degree decls took 0 
67712      INFO  Test worker     d.u.i.k.n.KeyIO           Parsing took 0 ms 
67712      DEBUG Test worker     d.u.i.k.n.KeyIO           Load declarations of de.uka.ilkd.key.nparser.KeyAst$File:  <unknown>:1#1 
67712      INFO  Test worker     d.u.i.k.n.KeyIO           MODE: declarations took 0 ms 
67712      DEBUG Test worker     d.u.i.k.n.KeyIO           MODE: 2nd degree decls took 0 
68539      INFO  Test worker     d.u.i.k.n.KeyIO           Parsing took 0 ms 
68539      DEBUG Test worker     d.u.i.k.n.KeyIO           Load declarations of de.uka.ilkd.key.nparser.KeyAst$File:  <unknown>:1#1 
68539      INFO  Test worker     d.u.i.k.n.KeyIO           MODE: declarations took 0 ms 
68539      DEBUG Test worker     d.u.i.k.n.KeyIO           MODE: 2nd degree decls took 0 
73886      INFO  Test worker     d.u.i.k.n.KeyIO           Parsing took 0 ms 
73886      DEBUG Test worker     d.u.i.k.n.KeyIO           Load declarations of de.uka.ilkd.key.nparser.KeyAst$File:  <unknown>:1#1 
73886      INFO  Test worker     d.u.i.k.n.KeyIO           MODE: declarations took 0 ms 
73886      DEBUG Test worker     d.u.i.k.n.KeyIO           MODE: 2nd degree decls took 0 
74715      INFO  Test worker     d.u.i.k.n.KeyIO           Parsing took 0 ms 
74715      DEBUG Test worker     d.u.i.k.n.KeyIO           Load declarations of de.uka.ilkd.key.nparser.KeyAst$File:  <unknown>:1#1 
74715      INFO  Test worker     d.u.i.k.n.KeyIO           MODE: declarations took 0 ms 
74715      DEBUG Test worker     d.u.i.k.n.KeyIO           MODE: 2nd degree decls took 0 
77419      INFO  Test worker     d.u.i.k.n.KeyIO           Parsing took 0 ms 
77419      DEBUG Test worker     d.u.i.k.n.KeyIO           Load declarations of de.uka.ilkd.key.nparser.KeyAst$File:  <unknown>:1#1 
77419      INFO  Test worker     d.u.i.k.n.KeyIO           MODE: declarations took 0 ms 
77419      DEBUG Test worker     d.u.i.k.n.KeyIO           MODE: 2nd degree decls took 0 
78232      INFO  Test worker     d.u.i.k.n.KeyIO           Parsing took 0 ms 
78232      DEBUG Test worker     d.u.i.k.n.KeyIO           Load declarations of de.uka.ilkd.key.nparser.KeyAst$File:  <unknown>:1#1 
78232      INFO  Test worker     d.u.i.k.n.KeyIO           MODE: declarations took 0 ms 
78232      DEBUG Test worker     d.u.i.k.n.KeyIO           MODE: 2nd degree decls took 0 
]]></system-out>
  <system-err><![CDATA[]]></system-err>
</testsuite>
