<?xml version="1.0" encoding="UTF-8"?>
<testsuite name="de.uka.ilkd.key.speclang.njml.NJmlTranslatorTests" tests="5" skipped="0" failures="0" errors="0" timestamp="2023-03-11T21:22:13" hostname="fv-az257-520" time="11.136">
  <properties/>
  <testcase name="testWarnRequires()" classname="de.uka.ilkd.key.speclang.njml.NJmlTranslatorTests" time="0.002"/>
  <testcase name="testContractModifiers()" classname="de.uka.ilkd.key.speclang.njml.NJmlTranslatorTests" time="0.001"/>
  <testcase name="testContractModifiersMultipleAlso()" classname="de.uka.ilkd.key.speclang.njml.NJmlTranslatorTests" time="0.002"/>
  <testcase name="testContractModifiersMultiple()" classname="de.uka.ilkd.key.speclang.njml.NJmlTranslatorTests" time="0.002"/>
  <testcase name="testIgnoreOpenJML()" classname="de.uka.ilkd.key.speclang.njml.NJmlTranslatorTests" time="0.001"/>
  <system-out><![CDATA[]]></system-out>
  <system-err><![CDATA[]]></system-err>
</testsuite>
