<?xml version="1.0" encoding="UTF-8"?>
<testsuite name="de.uka.ilkd.key.testcase.smt.testgen.TestTestgen" tests="1" skipped="0" failures="0" errors="0" timestamp="2023-05-24T08:52:49" hostname="fv-az618-145" time="4.847">
  <properties/>
  <testcase name="testMiddle()" classname="de.uka.ilkd.key.testcase.smt.testgen.TestTestgen" time="4.847"/>
  <system-out><![CDATA[15815      WARN  Test worker     d.u.i.k.t.s.t.TestTestgen Warning: Z3_CE is not installed, tests skipped. 
15815      WARN  Test worker     d.u.i.k.t.s.t.TestTestgen Maybe use JVM system property "z3SolverPath" to define the path to the Z3 command. 
15815      INFO  Test worker     d.u.i.k.p.i.AbstractProblemLoader Loading environment from src\test\resources\testcase\smt\tg\middle.key 
15815      DEBUG Test worker     d.u.i.k.p.i.AbstractProblemLoader Environment load took 297.8ns 
15830      INFO  Test worker     d.u.i.k.p.i.AbstractProblemLoader Creating init config 
19795      DEBUG Test worker     d.u.i.k.p.i.AbstractProblemLoader Init config took 3.96s 
19888      INFO  Test worker     d.u.i.k.p.i.AbstractProblemLoader Replaying proof Middle[Middle::middle(int,int,int)].JML normal_behavior operation contract.0 
19888      DEBUG Test worker     d.u.i.k.p.i.IntermediateProofReplayer Proof replay took 18.2ns 
]]></system-out>
  <system-err><![CDATA[]]></system-err>
</testsuite>
