<?xml version="1.0" encoding="UTF-8"?>
<testsuite name="de.uka.ilkd.key.testcase.smt.ce.TestCE" tests="12" skipped="0" failures="0" errors="0" timestamp="2023-05-24T08:52:34" hostname="fv-az618-145" time="15.31">
  <properties/>
  <testcase name="testOverFlow1()" classname="de.uka.ilkd.key.testcase.smt.ce.TestCE" time="0.3"/>
  <testcase name="testOverFlow2()" classname="de.uka.ilkd.key.testcase.smt.ce.TestCE" time="0.002"/>
  <testcase name="testMiddle()" classname="de.uka.ilkd.key.testcase.smt.ce.TestCE" time="14.968"/>
  <testcase name="testTypes1()" classname="de.uka.ilkd.key.testcase.smt.ce.TestCE" time="0.002"/>
  <testcase name="testTypes2()" classname="de.uka.ilkd.key.testcase.smt.ce.TestCE" time="0.0"/>
  <testcase name="testTypes3()" classname="de.uka.ilkd.key.testcase.smt.ce.TestCE" time="0.001"/>
  <testcase name="testTypes4()" classname="de.uka.ilkd.key.testcase.smt.ce.TestCE" time="0.004"/>
  <testcase name="testTypes5()" classname="de.uka.ilkd.key.testcase.smt.ce.TestCE" time="0.001"/>
  <testcase name="testTypes6()" classname="de.uka.ilkd.key.testcase.smt.ce.TestCE" time="0.003"/>
  <testcase name="testTypes7()" classname="de.uka.ilkd.key.testcase.smt.ce.TestCE" time="0.004"/>
  <testcase name="testTypes8()" classname="de.uka.ilkd.key.testcase.smt.ce.TestCE" time="0.001"/>
  <testcase name="testTypes9()" classname="de.uka.ilkd.key.testcase.smt.ce.TestCE" time="0.0"/>
  <system-out><![CDATA[08:52:34,120 |-INFO in ch.qos.logback.classic.LoggerContext[default] - This is logback-classic version 1.4.6
08:52:34,168 |-INFO in ch.qos.logback.classic.LoggerContext[default] - Could NOT find resource [logback-test.xml]
08:52:34,168 |-INFO in ch.qos.logback.classic.LoggerContext[default] - Found resource [logback.xml] at [file:/D:/a/key/key/key.core.testgen/build/resources/test/logback.xml]
08:52:34,355 |-INFO in ch.qos.logback.core.model.processor.AppenderModelHandler - Processing appender named [STDOUT]
08:52:34,355 |-INFO in ch.qos.logback.core.model.processor.AppenderModelHandler - About to instantiate appender of type [ch.qos.logback.core.ConsoleAppender]
08:52:34,371 |-WARN in ch.qos.logback.core.model.processor.ImplicitModelHandler - Ignoring unknown property [file] in [ch.qos.logback.core.ConsoleAppender]
08:52:34,371 |-WARN in ch.qos.logback.core.model.processor.ImplicitModelHandler - Ignoring unknown property [append] in [ch.qos.logback.core.ConsoleAppender]
08:52:34,371 |-INFO in ch.qos.logback.core.model.processor.ImplicitModelHandler - Assuming default type [ch.qos.logback.classic.encoder.PatternLayoutEncoder] for [encoder] property
08:52:34,402 |-INFO in ch.qos.logback.classic.model.processor.RootLoggerModelHandler - Setting level of ROOT logger to DEBUG
08:52:34,402 |-INFO in ch.qos.logback.core.model.processor.AppenderRefModelHandler - Attaching appender named [STDOUT] to Logger[ROOT]
08:52:34,402 |-INFO in ch.qos.logback.core.model.processor.DefaultProcessor@6bea52d4 - End of configuration.
08:52:34,402 |-INFO in ch.qos.logback.classic.joran.JoranConfigurator@11981797 - Registering current configuration as safe fallback point

749        WARN  Test worker     d.u.i.k.t.s.c.TestCE      Warning: Z3_CE is not installed, tests skipped. 
749        WARN  Test worker     d.u.i.k.t.s.c.TestCE      Maybe use JVM system property "z3SolverPath" to define the path to the Z3 command. 
842        WARN  Test worker     d.u.i.k.s.ProofIndependentSettings The settings in C:\Users\runneradmin\.key\proofIndependentSettings.props are *not* read due to flag 'key.disregardSettings' 
858        INFO  Test worker     d.u.i.k.p.i.AbstractProblemLoader Loading environment from src\test\resources\testcase\smt\ce\middle.key 
874        DEBUG Test worker     d.u.i.k.p.i.AbstractProblemLoader Environment load took 4.46ms 
1309       INFO  Test worker     d.u.i.k.p.i.AbstractProblemLoader Creating init config 
1340       WARN  Test worker     d.u.i.k.s.ProofSettings   The settings in C:\Users\runneradmin\.key\proof-settings.props are *not* read. 
2883       DEBUG Test worker     d.u.i.k.j.TypeConverter   No LDT found for Meta 
2883       DEBUG Test worker     d.u.i.k.j.TypeConverter   No LDT found for Meta 
2883       DEBUG Test worker     d.u.i.k.j.TypeConverter   No LDT found for Meta 
2883       DEBUG Test worker     d.u.i.k.j.TypeConverter   No LDT found for Meta 
5212       DEBUG Test worker     d.u.i.k.j.TypeConverter   No LDT found for JavaBigintExpression 
12235      DEBUG Test worker     d.u.i.k.p.i.AbstractProblemLoader Init config took 10.93s 
12501      INFO  Test worker     d.u.i.k.p.i.AbstractProblemLoader Replaying proof Middle[Middle::middle(int,int,int)].JML normal_behavior operation contract.0 
12579      DEBUG Test worker     d.u.i.k.p.i.IntermediateProofReplayer Proof replay took 72.1ns 
]]></system-out>
  <system-err><![CDATA[ANTLR Tool version 4.12.0 used for code generation does not match the current runtime version 4.13.0
ANTLR Tool version 4.12.0 used for code generation does not match the current runtime version 4.13.0
ANTLR Tool version 4.12.0 used for code generation does not match the current runtime version 4.13.0
ANTLR Tool version 4.12.0 used for code generation does not match the current runtime version 4.13.0
]]></system-err>
</testsuite>
