<?xml version="1.0" encoding="UTF-8"?>
<testsuite name="recoder.testsuite.basic.analysis.GetAllRelatedMethodsTest" tests="1" skipped="1" failures="0" errors="0" timestamp="2023-06-09T14:28:16" hostname="fv-az277-788" time="0.001">
  <properties/>
  <testcase name="testGetAllRelatedMethodsTest" classname="recoder.testsuite.basic.analysis.GetAllRelatedMethodsTest" time="0.001">
    <skipped/>
  </testcase>
  <system-out><![CDATA[]]></system-out>
  <system-err><![CDATA[]]></system-err>
</testsuite>
