<?xml version="1.0" encoding="UTF-8"?>
<testsuite name="de.uka.ilkd.key.testcase.smt.testgen.TestTestgen" tests="1" skipped="0" failures="0" errors="0" timestamp="2023-06-05T13:31:33" hostname="fv-az1113-6" time="7.964">
  <properties/>
  <testcase name="testMiddle()" classname="de.uka.ilkd.key.testcase.smt.testgen.TestTestgen" time="7.964"/>
  <system-out><![CDATA[28988      WARN  Test worker     d.u.i.k.t.s.t.TestTestgen Warning: Z3_CE is not installed, tests skipped. 
28988      WARN  Test worker     d.u.i.k.t.s.t.TestTestgen Maybe use JVM system property "z3SolverPath" to define the path to the Z3 command. 
28988      INFO  Test worker     d.u.i.k.p.i.AbstractProblemLoader Loading environment from src\test\resources\testcase\smt\tg\middle.key 
28988      DEBUG Test worker     d.u.i.k.p.i.AbstractProblemLoader Environment load took 287.2ns 
29003      INFO  Test worker     d.u.i.k.p.i.AbstractProblemLoader Creating init config 
35905      DEBUG Test worker     d.u.i.k.p.i.AbstractProblemLoader Init config took 6.9s 
36030      INFO  Test worker     d.u.i.k.p.i.AbstractProblemLoader Replaying proof Middle[Middle::middle(int,int,int)].JML normal_behavior operation contract.0 
36045      DEBUG Test worker     d.u.i.k.p.i.IntermediateProofReplayer Proof replay took 21.9ns 
]]></system-out>
  <system-err><![CDATA[]]></system-err>
</testsuite>
