<?xml version="1.0" encoding="UTF-8"?>
<testsuite name="de.uka.ilkd.key.logic.TestClashFreeSubst" tests="14" skipped="2" failures="0" errors="0" timestamp="2023-04-13T17:08:10" hostname="fv-az449-78" time="57.349">
  <properties/>
  <testcase name="testMultiShareBound()" classname="de.uka.ilkd.key.logic.TestClashFreeSubst" time="1.162"/>
  <testcase name="testClash()" classname="de.uka.ilkd.key.logic.TestClashFreeSubst" time="1.148"/>
  <testcase name="testShare()" classname="de.uka.ilkd.key.logic.TestClashFreeSubst" time="1.014"/>
  <testcase name="testSubst()" classname="de.uka.ilkd.key.logic.TestClashFreeSubst" time="1.084"/>
  <testcase name="testWary0()" classname="de.uka.ilkd.key.logic.TestClashFreeSubst" time="1.051"/>
  <testcase name="testWary1()" classname="de.uka.ilkd.key.logic.TestClashFreeSubst" time="1.043"/>
  <testcase name="testWary2()" classname="de.uka.ilkd.key.logic.TestClashFreeSubst" time="1.071"/>
  <testcase name="testClashInSubstTerm()" classname="de.uka.ilkd.key.logic.TestClashFreeSubst" time="1.094"/>
  <testcase name="testShareWary()" classname="de.uka.ilkd.key.logic.TestClashFreeSubst" time="0.999"/>
  <testcase name="testMultiSubst()" classname="de.uka.ilkd.key.logic.TestClashFreeSubst" time="1.03"/>
  <testcase name="xtestMultiClash()" classname="de.uka.ilkd.key.logic.TestClashFreeSubst" time="0.0">
    <skipped/>
  </testcase>
  <testcase name="testSubstInSubstTerm()" classname="de.uka.ilkd.key.logic.TestClashFreeSubst" time="1.037"/>
  <testcase name="testSubstWary()" classname="de.uka.ilkd.key.logic.TestClashFreeSubst" time="1.053"/>
  <testcase name="xtestMultiClash1()" classname="de.uka.ilkd.key.logic.TestClashFreeSubst" time="0.0">
    <skipped/>
  </testcase>
  <system-out><![CDATA[42712      INFO  Test worker     d.u.i.k.n.KeyIO           Parsing took 0 ms 
42712      INFO  Test worker     d.u.i.k.n.KeyIO           MODE: declarations took 0 ms 
43869      INFO  Test worker     d.u.i.k.n.KeyIO           Parsing took 0 ms 
43869      INFO  Test worker     d.u.i.k.n.KeyIO           MODE: declarations took 0 ms 
47512      INFO  Test worker     d.u.i.k.n.KeyIO           Parsing took 0 ms 
47543      INFO  Test worker     d.u.i.k.n.KeyIO           MODE: declarations took 31 ms 
48637      INFO  Test worker     d.u.i.k.n.KeyIO           Parsing took 0 ms 
48637      INFO  Test worker     d.u.i.k.n.KeyIO           MODE: declarations took 0 ms 
52313      INFO  Test worker     d.u.i.k.n.KeyIO           Parsing took 0 ms 
52313      INFO  Test worker     d.u.i.k.n.KeyIO           MODE: declarations took 0 ms 
53313      INFO  Test worker     d.u.i.k.n.KeyIO           Parsing took 0 ms 
53313      INFO  Test worker     d.u.i.k.n.KeyIO           MODE: declarations took 0 ms 
56863      INFO  Test worker     d.u.i.k.n.KeyIO           Parsing took 0 ms 
56863      INFO  Test worker     d.u.i.k.n.KeyIO           MODE: declarations took 0 ms 
57941      INFO  Test worker     d.u.i.k.n.KeyIO           Parsing took 0 ms 
57941      INFO  Test worker     d.u.i.k.n.KeyIO           MODE: declarations took 0 ms 
61460      INFO  Test worker     d.u.i.k.n.KeyIO           Parsing took 0 ms 
61460      INFO  Test worker     d.u.i.k.n.KeyIO           MODE: declarations took 0 ms 
62492      INFO  Test worker     d.u.i.k.n.KeyIO           Parsing took 0 ms 
62507      INFO  Test worker     d.u.i.k.n.KeyIO           MODE: declarations took 0 ms 
65916      INFO  Test worker     d.u.i.k.n.KeyIO           Parsing took 0 ms 
65916      INFO  Test worker     d.u.i.k.n.KeyIO           MODE: declarations took 0 ms 
66948      INFO  Test worker     d.u.i.k.n.KeyIO           Parsing took 0 ms 
66948      INFO  Test worker     d.u.i.k.n.KeyIO           MODE: declarations took 0 ms 
70325      INFO  Test worker     d.u.i.k.n.KeyIO           Parsing took 0 ms 
70340      INFO  Test worker     d.u.i.k.n.KeyIO           MODE: declarations took 0 ms 
71388      INFO  Test worker     d.u.i.k.n.KeyIO           Parsing took 0 ms 
71404      INFO  Test worker     d.u.i.k.n.KeyIO           MODE: declarations took 0 ms 
74828      INFO  Test worker     d.u.i.k.n.KeyIO           Parsing took 0 ms 
74828      INFO  Test worker     d.u.i.k.n.KeyIO           MODE: declarations took 0 ms 
75907      INFO  Test worker     d.u.i.k.n.KeyIO           Parsing took 0 ms 
75907      INFO  Test worker     d.u.i.k.n.KeyIO           MODE: declarations took 0 ms 
79316      INFO  Test worker     d.u.i.k.n.KeyIO           Parsing took 0 ms 
79316      INFO  Test worker     d.u.i.k.n.KeyIO           MODE: declarations took 0 ms 
80301      INFO  Test worker     d.u.i.k.n.KeyIO           Parsing took 0 ms 
80301      INFO  Test worker     d.u.i.k.n.KeyIO           MODE: declarations took 0 ms 
83709      INFO  Test worker     d.u.i.k.n.KeyIO           Parsing took 0 ms 
83709      INFO  Test worker     d.u.i.k.n.KeyIO           MODE: declarations took 0 ms 
84725      INFO  Test worker     d.u.i.k.n.KeyIO           Parsing took 0 ms 
84725      INFO  Test worker     d.u.i.k.n.KeyIO           MODE: declarations took 0 ms 
91353      INFO  Test worker     d.u.i.k.n.KeyIO           Parsing took 0 ms 
91353      INFO  Test worker     d.u.i.k.n.KeyIO           MODE: declarations took 0 ms 
92385      INFO  Test worker     d.u.i.k.n.KeyIO           Parsing took 0 ms 
92385      INFO  Test worker     d.u.i.k.n.KeyIO           MODE: declarations took 0 ms 
95699      INFO  Test worker     d.u.i.k.n.KeyIO           Parsing took 0 ms 
95699      INFO  Test worker     d.u.i.k.n.KeyIO           MODE: declarations took 0 ms 
96747      INFO  Test worker     d.u.i.k.n.KeyIO           Parsing took 0 ms 
96747      INFO  Test worker     d.u.i.k.n.KeyIO           MODE: declarations took 0 ms 
]]></system-out>
  <system-err><![CDATA[]]></system-err>
</testsuite>
