<?xml version="1.0" encoding="UTF-8"?>
<testsuite name="de.uka.ilkd.key.parser.TestDeclParser" tests="14" skipped="2" failures="0" errors="0" timestamp="2023-04-13T17:11:29" hostname="fv-az449-78" time="12.921">
  <properties/>
  <testcase name="testGenericSortDecl1()" classname="de.uka.ilkd.key.parser.TestDeclParser" time="1.316"/>
  <testcase name="testGenericSortDecl2()" classname="de.uka.ilkd.key.parser.TestDeclParser" time="0.966"/>
  <testcase name="testGenericSortDecl3()" classname="de.uka.ilkd.key.parser.TestDeclParser" time="1.134"/>
  <testcase name="testGenericSortDecl4()" classname="de.uka.ilkd.key.parser.TestDeclParser" time="0.965"/>
  <testcase name="testGenericSortDecl5()" classname="de.uka.ilkd.key.parser.TestDeclParser" time="0.001">
    <skipped/>
  </testcase>
  <testcase name="testGenericSortDecl6()" classname="de.uka.ilkd.key.parser.TestDeclParser" time="1.042"/>
  <testcase name="testSortDecl()" classname="de.uka.ilkd.key.parser.TestDeclParser" time="1.036"/>
  <testcase name="testProxySortDecl()" classname="de.uka.ilkd.key.parser.TestDeclParser" time="0.977"/>
  <testcase name="testArrayDecl()" classname="de.uka.ilkd.key.parser.TestDeclParser" time="1.066"/>
  <testcase name="testAmbiguousDecls()" classname="de.uka.ilkd.key.parser.TestDeclParser" time="0.0">
    <skipped/>
  </testcase>
  <testcase name="testHeurDecl()" classname="de.uka.ilkd.key.parser.TestDeclParser" time="1.0"/>
  <testcase name="testFunctionDecl()" classname="de.uka.ilkd.key.parser.TestDeclParser" time="1.387"/>
  <testcase name="testPredicateDecl()" classname="de.uka.ilkd.key.parser.TestDeclParser" time="1.05"/>
  <testcase name="testSVDecl()" classname="de.uka.ilkd.key.parser.TestDeclParser" time="0.977"/>
  <system-out><![CDATA[242856     INFO  Test worker     d.u.i.k.n.KeyIO           Parsing took 0 ms 
242856     INFO  Test worker     d.u.i.k.n.KeyIO           MODE: declarations took 0 ms 
243825     INFO  Test worker     d.u.i.k.n.KeyIO           Parsing took 0 ms 
243825     INFO  Test worker     d.u.i.k.n.KeyIO           MODE: declarations took 0 ms 
244967     INFO  Test worker     d.u.i.k.n.KeyIO           Parsing took 0 ms 
244967     INFO  Test worker     d.u.i.k.n.KeyIO           MODE: declarations took 0 ms 
245921     INFO  Test worker     d.u.i.k.n.KeyIO           Parsing took 0 ms 
245921     INFO  Test worker     d.u.i.k.n.KeyIO           MODE: declarations took 0 ms 
246968     INFO  Test worker     d.u.i.k.n.KeyIO           Parsing took 0 ms 
246968     INFO  Test worker     d.u.i.k.n.KeyIO           MODE: declarations took 0 ms 
248015     INFO  Test worker     d.u.i.k.n.KeyIO           Parsing took 0 ms 
248015     INFO  Test worker     d.u.i.k.n.KeyIO           MODE: declarations took 0 ms 
248985     INFO  Test worker     d.u.i.k.n.KeyIO           Parsing took 0 ms 
248985     INFO  Test worker     d.u.i.k.n.KeyIO           MODE: declarations took 0 ms 
250048     INFO  Test worker     d.u.i.k.n.KeyIO           Parsing took 0 ms 
250048     INFO  Test worker     d.u.i.k.n.KeyIO           MODE: declarations took 0 ms 
251033     INFO  Test worker     d.u.i.k.n.KeyIO           Parsing took 0 ms 
251049     INFO  Test worker     d.u.i.k.n.KeyIO           MODE: declarations took 0 ms 
252440     INFO  Test worker     d.u.i.k.n.KeyIO           Parsing took 0 ms 
252440     INFO  Test worker     d.u.i.k.n.KeyIO           MODE: declarations took 0 ms 
253487     INFO  Test worker     d.u.i.k.n.KeyIO           Parsing took 0 ms 
253487     INFO  Test worker     d.u.i.k.n.KeyIO           MODE: declarations took 0 ms 
254457     INFO  Test worker     d.u.i.k.n.KeyIO           Parsing took 0 ms 
254472     INFO  Test worker     d.u.i.k.n.KeyIO           MODE: declarations took 0 ms 
]]></system-out>
  <system-err><![CDATA[]]></system-err>
</testsuite>
