<?xml version="1.0" encoding="UTF-8"?>
<testsuite name="de.uka.ilkd.key.gui.plugins.javac.JavaCompilerCheckFacadeTest" tests="1" skipped="0" failures="0" errors="0" timestamp="2023-06-12T19:03:11" hostname="fv-az479-130" time="2.845">
  <properties/>
  <testcase name="compile1()" classname="de.uka.ilkd.key.gui.plugins.javac.JavaCompilerCheckFacadeTest" time="2.845"/>
  <system-out><![CDATA[D:\a\key\key\key.ui\examples\firstTouch\06-BinarySearch\src
409        INFO  Test worker     d.u.i.k.g.p.j.JavaCompilerCheckFacade Javac check is triggered. To disable use property -PKEY_JAVAC_DISABLE=true 
2789       INFO  Thread-4        d.u.i.k.g.p.j.JavaCompilerCheckFacade Javac check took 2101 ms. 
]]></system-out>
  <system-err><![CDATA[]]></system-err>
</testsuite>
