<?xml version="1.0" encoding="UTF-8"?>
<testsuite name="de.uka.ilkd.key.parser.TestParser" tests="4" skipped="1" failures="0" errors="0" timestamp="2023-02-05T15:38:34" hostname="fv-az248-93" time="3.746">
  <properties/>
  <testcase name="testGenericSort()" classname="de.uka.ilkd.key.parser.TestParser" time="0.001"/>
  <testcase name="testIssue1566()" classname="de.uka.ilkd.key.parser.TestParser" time="2.844"/>
  <testcase name="testIssue39()" classname="de.uka.ilkd.key.parser.TestParser" time="0.899"/>
  <testcase name="testRelativeInclude()" classname="de.uka.ilkd.key.parser.TestParser" time="0.001">
    <skipped/>
  </testcase>
  <system-out><![CDATA[]]></system-out>
  <system-err><![CDATA[]]></system-err>
</testsuite>
