<?xml version="1.0" encoding="UTF-8"?>
<testsuite name="de.uka.ilkd.key.testcase.smt.ce.TestCE" tests="12" skipped="0" failures="0" errors="0" timestamp="2023-06-11T14:50:04" hostname="fv-az405-457" time="22.453">
  <properties/>
  <testcase name="testOverFlow1()" classname="de.uka.ilkd.key.testcase.smt.ce.TestCE" time="0.21"/>
  <testcase name="testOverFlow2()" classname="de.uka.ilkd.key.testcase.smt.ce.TestCE" time="0.002"/>
  <testcase name="testMiddle()" classname="de.uka.ilkd.key.testcase.smt.ce.TestCE" time="22.198"/>
  <testcase name="testTypes1()" classname="de.uka.ilkd.key.testcase.smt.ce.TestCE" time="0.002"/>
  <testcase name="testTypes2()" classname="de.uka.ilkd.key.testcase.smt.ce.TestCE" time="0.001"/>
  <testcase name="testTypes3()" classname="de.uka.ilkd.key.testcase.smt.ce.TestCE" time="0.001"/>
  <testcase name="testTypes4()" classname="de.uka.ilkd.key.testcase.smt.ce.TestCE" time="0.003"/>
  <testcase name="testTypes5()" classname="de.uka.ilkd.key.testcase.smt.ce.TestCE" time="0.002"/>
  <testcase name="testTypes6()" classname="de.uka.ilkd.key.testcase.smt.ce.TestCE" time="0.003"/>
  <testcase name="testTypes7()" classname="de.uka.ilkd.key.testcase.smt.ce.TestCE" time="0.005"/>
  <testcase name="testTypes8()" classname="de.uka.ilkd.key.testcase.smt.ce.TestCE" time="0.001"/>
  <testcase name="testTypes9()" classname="de.uka.ilkd.key.testcase.smt.ce.TestCE" time="0.001"/>
  <system-out><![CDATA[14:50:04,239 |-INFO in ch.qos.logback.classic.LoggerContext[default] - This is logback-classic version 1.4.7
14:50:04,286 |-INFO in ch.qos.logback.classic.LoggerContext[default] - Could NOT find resource [logback-test.xml]
14:50:04,301 |-INFO in ch.qos.logback.classic.LoggerContext[default] - Found resource [logback.xml] at [file:/D:/a/key/key/key.core.testgen/build/resources/test/logback.xml]
14:50:04,576 |-INFO in ch.qos.logback.core.model.processor.AppenderModelHandler - Processing appender named [STDOUT]
14:50:04,576 |-INFO in ch.qos.logback.core.model.processor.AppenderModelHandler - About to instantiate appender of type [ch.qos.logback.core.ConsoleAppender]
14:50:04,592 |-WARN in ch.qos.logback.core.model.processor.ImplicitModelHandler - Ignoring unknown property [file] in [ch.qos.logback.core.ConsoleAppender]
14:50:04,592 |-WARN in ch.qos.logback.core.model.processor.ImplicitModelHandler - Ignoring unknown property [append] in [ch.qos.logback.core.ConsoleAppender]
14:50:04,592 |-INFO in ch.qos.logback.core.model.processor.ImplicitModelHandler - Assuming default type [ch.qos.logback.classic.encoder.PatternLayoutEncoder] for [encoder] property
14:50:04,665 |-INFO in ch.qos.logback.classic.model.processor.RootLoggerModelHandler - Setting level of ROOT logger to DEBUG
14:50:04,681 |-INFO in ch.qos.logback.core.model.processor.AppenderRefModelHandler - Attaching appender named [STDOUT] to Logger[ROOT]
14:50:04,681 |-INFO in ch.qos.logback.core.model.processor.DefaultProcessor@25ad4f71 - End of configuration.
14:50:04,681 |-INFO in ch.qos.logback.classic.joran.JoranConfigurator@49faf066 - Registering current configuration as safe fallback point

903        WARN  Test worker     d.u.i.k.t.s.c.TestCE      Warning: Z3_CE is not installed, tests skipped. 
903        WARN  Test worker     d.u.i.k.t.s.c.TestCE      Maybe use JVM system property "z3SolverPath" to define the path to the Z3 command. 
989        WARN  Test worker     d.u.i.k.s.ProofIndependentSettings The settings in C:\Users\runneradmin\.key\proofIndependentSettings.props are *not* read due to flag 'key.disregardSettings' 
1005       INFO  Test worker     d.u.i.k.p.i.AbstractProblemLoader Loading environment from src\test\resources\testcase\smt\ce\middle.key 
1067       DEBUG Test worker     d.u.i.k.p.i.AbstractProblemLoader Environment load took 8.23ms 
2103       INFO  Test worker     d.u.i.k.p.i.AbstractProblemLoader Creating init config 
2156       WARN  Test worker     d.u.i.k.s.ProofSettings   The settings in C:\Users\runneradmin\.key\proof-settings.props are *not* read. 
4498       DEBUG Test worker     d.u.i.k.j.TypeConverter   No LDT found for Meta 
4498       DEBUG Test worker     d.u.i.k.j.TypeConverter   No LDT found for Meta 
4498       DEBUG Test worker     d.u.i.k.j.TypeConverter   No LDT found for Meta 
4498       DEBUG Test worker     d.u.i.k.j.TypeConverter   No LDT found for Meta 
8092       DEBUG Test worker     d.u.i.k.j.TypeConverter   No LDT found for JavaBigintExpression 
18327      DEBUG Test worker     d.u.i.k.p.i.AbstractProblemLoader Init config took 16.23s 
18655      INFO  Test worker     d.u.i.k.p.i.AbstractProblemLoader Replaying proof Middle[Middle::middle(int,int,int)].JML normal_behavior operation contract.0 
19187      DEBUG Test worker     d.u.i.k.p.i.IntermediateProofReplayer Proof replay took 72ns 
]]></system-out>
  <system-err><![CDATA[]]></system-err>
</testsuite>
