<?xml version="1.0" encoding="UTF-8"?>
<testsuite name="de.uka.ilkd.key.testcase.smt.testgen.TestTestgen" tests="1" skipped="0" failures="0" errors="0" timestamp="2023-06-11T14:50:27" hostname="fv-az405-457" time="7.055">
  <properties/>
  <testcase name="testMiddle()" classname="de.uka.ilkd.key.testcase.smt.testgen.TestTestgen" time="7.055"/>
  <system-out><![CDATA[23190      WARN  Test worker     d.u.i.k.t.s.t.TestTestgen Warning: Z3_CE is not installed, tests skipped. 
23190      WARN  Test worker     d.u.i.k.t.s.t.TestTestgen Maybe use JVM system property "z3SolverPath" to define the path to the Z3 command. 
23533      INFO  Test worker     d.u.i.k.p.i.AbstractProblemLoader Loading environment from src\test\resources\testcase\smt\tg\middle.key 
23533      DEBUG Test worker     d.u.i.k.p.i.AbstractProblemLoader Environment load took 883.5ns 
23549      INFO  Test worker     d.u.i.k.p.i.AbstractProblemLoader Creating init config 
29367      DEBUG Test worker     d.u.i.k.p.i.AbstractProblemLoader Init config took 5.82s 
29492      INFO  Test worker     d.u.i.k.p.i.AbstractProblemLoader Replaying proof Middle[Middle::middle(int,int,int)].JML normal_behavior operation contract.0 
29508      DEBUG Test worker     d.u.i.k.p.i.IntermediateProofReplayer Proof replay took 23.7ns 
]]></system-out>
  <system-err><![CDATA[]]></system-err>
</testsuite>
