<?xml version="1.0" encoding="UTF-8"?>
<testsuite name="recoder.testsuite.fixedbugs.FixedBugs" tests="5" skipped="0" failures="0" errors="0" timestamp="2023-02-15T14:07:42" hostname="fv-az365-162" time="0.037">
  <properties/>
  <testcase name="testBasicReflectionImport" classname="recoder.testsuite.fixedbugs.FixedBugs" time="0.003"/>
  <testcase name="testConstructorStartPosition" classname="recoder.testsuite.fixedbugs.FixedBugs" time="0.013"/>
  <testcase name="testFieldTypes" classname="recoder.testsuite.fixedbugs.FixedBugs" time="0.005"/>
  <testcase name="testComments" classname="recoder.testsuite.fixedbugs.FixedBugs" time="0.004"/>
  <testcase name="testIncorrectFileEnd" classname="recoder.testsuite.fixedbugs.FixedBugs" time="0.01"/>
  <system-out><![CDATA[]]></system-out>
  <system-err><![CDATA[]]></system-err>
</testsuite>
