<?xml version="1.0" encoding="UTF-8"?>
<testsuite name="recoder.testsuite.basic.syntax.WalkPositionTest" tests="1" skipped="0" failures="0" errors="0" timestamp="2023-05-11T00:11:41" hostname="fv-az365-794" time="0.0">
  <properties/>
  <testcase name="testWalkPosition" classname="recoder.testsuite.basic.syntax.WalkPositionTest" time="0.0"/>
  <system-out><![CDATA[]]></system-out>
  <system-err><![CDATA[]]></system-err>
</testsuite>
