<?xml version="1.0" encoding="UTF-8"?>
<testsuite name="de.uka.ilkd.key.speclang.njml.ContractLoadingTests" tests="4" skipped="0" failures="0" errors="0" timestamp="2023-02-15T21:44:19" hostname="fv-az448-883" time="12.238">
  <properties/>
  <testcase name="specMathBigintMathTest()" classname="de.uka.ilkd.key.speclang.njml.ContractLoadingTests" time="3.828"/>
  <testcase name="sumAndMax()" classname="de.uka.ilkd.key.speclang.njml.ContractLoadingTests" time="2.793"/>
  <testcase name="issues1658()" classname="de.uka.ilkd.key.speclang.njml.ContractLoadingTests" time="2.693"/>
  <testcase name="specMathJavaMathTest()" classname="de.uka.ilkd.key.speclang.njml.ContractLoadingTests" time="2.924"/>
  <system-out><![CDATA[]]></system-out>
  <system-err><![CDATA[]]></system-err>
</testsuite>
