<?xml version="1.0" encoding="UTF-8"?>
<testsuite name="de.uka.ilkd.key.testcase.smt.testgen.TestTestgen" tests="1" skipped="0" failures="0" errors="0" timestamp="2023-06-03T10:41:42" hostname="fv-az192-928" time="5.779">
  <properties/>
  <testcase name="testMiddle()" classname="de.uka.ilkd.key.testcase.smt.testgen.TestTestgen" time="5.779"/>
  <system-out><![CDATA[18401      WARN  Test worker     d.u.i.k.t.s.t.TestTestgen Warning: Z3_CE is not installed, tests skipped. 
18401      WARN  Test worker     d.u.i.k.t.s.t.TestTestgen Maybe use JVM system property "z3SolverPath" to define the path to the Z3 command. 
18401      INFO  Test worker     d.u.i.k.p.i.AbstractProblemLoader Loading environment from src\test\resources\testcase\smt\tg\middle.key 
18416      DEBUG Test worker     d.u.i.k.p.i.AbstractProblemLoader Environment load took 661.8ns 
18432      INFO  Test worker     d.u.i.k.p.i.AbstractProblemLoader Creating init config 
23529      DEBUG Test worker     d.u.i.k.p.i.AbstractProblemLoader Init config took 5.11s 
23654      INFO  Test worker     d.u.i.k.p.i.AbstractProblemLoader Replaying proof Middle[Middle::middle(int,int,int)].JML normal_behavior operation contract.0 
23654      DEBUG Test worker     d.u.i.k.p.i.IntermediateProofReplayer Proof replay took 16.3ns 
]]></system-out>
  <system-err><![CDATA[]]></system-err>
</testsuite>
