<?xml version="1.0" encoding="UTF-8"?>
<testsuite name="de.uka.ilkd.key.util.removegenerics.TestMethodDeclaration" tests="6" skipped="0" failures="0" errors="0" timestamp="2023-05-26T22:37:11" hostname="fv-az456-882" time="0.048">
  <properties/>
  <testcase name="testMethodArray()" classname="de.uka.ilkd.key.util.removegenerics.TestMethodDeclaration" time="0.004"/>
  <testcase name="testToArray()" classname="de.uka.ilkd.key.util.removegenerics.TestMethodDeclaration" time="0.009"/>
  <testcase name="testExcplicitTV()" classname="de.uka.ilkd.key.util.removegenerics.TestMethodDeclaration" time="0.004"/>
  <testcase name="testMethod()" classname="de.uka.ilkd.key.util.removegenerics.TestMethodDeclaration" time="0.003"/>
  <testcase name="testGenericMethod()" classname="de.uka.ilkd.key.util.removegenerics.TestMethodDeclaration" time="0.006"/>
  <testcase name="testReturnTypes()" classname="de.uka.ilkd.key.util.removegenerics.TestMethodDeclaration" time="0.005"/>
  <system-out><![CDATA[]]></system-out>
  <system-err><![CDATA[]]></system-err>
</testsuite>
