<?xml version="1.0" encoding="UTF-8"?>
<testsuite name="de.uka.ilkd.key.macros.scripts.meta.RewriteTest" tests="2" skipped="0" failures="0" errors="0" timestamp="2023-04-04T10:40:48" hostname="fv-az221-216" time="4.882">
  <properties/>
  <testcase name="testLessTransitive()" classname="de.uka.ilkd.key.macros.scripts.meta.RewriteTest" time="2.439"/>
  <testcase name="testTransitive()" classname="de.uka.ilkd.key.macros.scripts.meta.RewriteTest" time="2.443"/>
  <system-out><![CDATA[159320     INFO  Test worker     d.u.i.k.m.s.ProofScriptEngine 1: 'rewrite find="f < x" replace="x > f"' 
161769     INFO  Test worker     d.u.i.k.m.s.ProofScriptEngine 1: 'rule impRight' 
161775     INFO  Test worker     d.u.i.k.m.s.ProofScriptEngine 2: 'rule andLeft' 
161777     INFO  Test worker     d.u.i.k.m.s.ProofScriptEngine 3: 'rewrite find="f = x" replace="x = f"' 
]]></system-out>
  <system-err><![CDATA[]]></system-err>
</testsuite>
