<?xml version="1.0" encoding="UTF-8"?>
<testsuite name="de.uka.ilkd.key.parser.TestTermParserHeap" tests="39" skipped="0" failures="0" errors="0" timestamp="2023-04-04T10:42:23" hostname="fv-az221-216" time="91.868">
  <properties/>
  <testcase name="testBracketHeapUpdate()" classname="de.uka.ilkd.key.parser.TestTermParserHeap" time="0.023"/>
  <testcase name="testStore()" classname="de.uka.ilkd.key.parser.TestTermParserHeap" time="0.008"/>
  <testcase name="testUnknownConstant()" classname="de.uka.ilkd.key.parser.TestTermParserHeap" time="0.001"/>
  <testcase name="testAllFieldsSelector()" classname="de.uka.ilkd.key.parser.TestTermParserHeap" time="0.002"/>
  <testcase name="testParsePrettyPrintedSelect()" classname="de.uka.ilkd.key.parser.TestTermParserHeap" time="0.001"/>
  <testcase name="testAccessStaticMembers()" classname="de.uka.ilkd.key.parser.TestTermParserHeap" time="0.003"/>
  <testcase name="testAtOperator_1()" classname="de.uka.ilkd.key.parser.TestTermParserHeap" time="0.001"/>
  <testcase name="testAtOperator_2()" classname="de.uka.ilkd.key.parser.TestTermParserHeap" time="0.001"/>
  <testcase name="testAtOperator_3()" classname="de.uka.ilkd.key.parser.TestTermParserHeap" time="0.001"/>
  <testcase name="testAtOperator_4()" classname="de.uka.ilkd.key.parser.TestTermParserHeap" time="0.004"/>
  <testcase name="testAtOperator_5()" classname="de.uka.ilkd.key.parser.TestTermParserHeap" time="0.002"/>
  <testcase name="testAtOperator_6()" classname="de.uka.ilkd.key.parser.TestTermParserHeap" time="0.004"/>
  <testcase name="testAtOperator_7()" classname="de.uka.ilkd.key.parser.TestTermParserHeap" time="0.002"/>
  <testcase name="testAtOperator_8()" classname="de.uka.ilkd.key.parser.TestTermParserHeap" time="0.002"/>
  <testcase name="testVerifyExceptionIfAtOperatorNotPreceededBySelectTerm()" classname="de.uka.ilkd.key.parser.TestTermParserHeap" time="0.001"/>
  <testcase name="testBugResettingCounter()" classname="de.uka.ilkd.key.parser.TestTermParserHeap" time="0.002"/>
  <testcase name="testLocationSets()" classname="de.uka.ilkd.key.parser.TestTermParserHeap" time="0.009"/>
  <testcase name="testQuantifiedSelect()" classname="de.uka.ilkd.key.parser.TestTermParserHeap" time="0.002"/>
  <testcase name="testGenericObjectProperties()" classname="de.uka.ilkd.key.parser.TestTermParserHeap" time="0.001"/>
  <testcase name="testQueryInheritance_1()" classname="de.uka.ilkd.key.parser.TestTermParserHeap" time="0.002"/>
  <testcase name="testQueryInheritance_2()" classname="de.uka.ilkd.key.parser.TestTermParserHeap" time="0.005"/>
  <testcase name="testQueryInheritance_3()" classname="de.uka.ilkd.key.parser.TestTermParserHeap" time="0.002"/>
  <testcase name="testQueryInheritance_4()" classname="de.uka.ilkd.key.parser.TestTermParserHeap" time="0.001"/>
  <testcase name="testQueryInheritance_5()" classname="de.uka.ilkd.key.parser.TestTermParserHeap" time="0.001"/>
  <testcase name="testQueryInheritance_6()" classname="de.uka.ilkd.key.parser.TestTermParserHeap" time="0.002"/>
  <testcase name="testQueryInheritance_7()" classname="de.uka.ilkd.key.parser.TestTermParserHeap" time="0.001"/>
  <testcase name="testQueryInheritance_8()" classname="de.uka.ilkd.key.parser.TestTermParserHeap" time="0.002"/>
  <testcase name="testQueryInheritance_9()" classname="de.uka.ilkd.key.parser.TestTermParserHeap" time="0.001"/>
  <testcase name="testQueryBasic_10()" classname="de.uka.ilkd.key.parser.TestTermParserHeap" time="0.001"/>
  <testcase name="testQueryBasic_11()" classname="de.uka.ilkd.key.parser.TestTermParserHeap" time="0.002"/>
  <testcase name="testQueryBasic_1()" classname="de.uka.ilkd.key.parser.TestTermParserHeap" time="0.001"/>
  <testcase name="testQueryBasic_2()" classname="de.uka.ilkd.key.parser.TestTermParserHeap" time="0.001"/>
  <testcase name="testQueryBasic_3()" classname="de.uka.ilkd.key.parser.TestTermParserHeap" time="0.001"/>
  <testcase name="testQueryBasic_4()" classname="de.uka.ilkd.key.parser.TestTermParserHeap" time="0.002"/>
  <testcase name="testQueryBasic_5()" classname="de.uka.ilkd.key.parser.TestTermParserHeap" time="0.001"/>
  <testcase name="testQueryBasic_6()" classname="de.uka.ilkd.key.parser.TestTermParserHeap" time="0.003"/>
  <testcase name="testQueryBasic_7()" classname="de.uka.ilkd.key.parser.TestTermParserHeap" time="0.001"/>
  <testcase name="testQueryBasic_8()" classname="de.uka.ilkd.key.parser.TestTermParserHeap" time="0.001"/>
  <testcase name="testQueryBasic_9()" classname="de.uka.ilkd.key.parser.TestTermParserHeap" time="0.001"/>
  <system-out><![CDATA[251884     INFO  Test worker     d.u.i.k.n.KeyIO           Parsing took 0 ms 
251884     INFO  Test worker     d.u.i.k.n.KeyIO           MODE: declarations took 0 ms 
251884     INFO  Test worker     d.u.i.k.n.KeyIO           Parsing took 0 ms 
251884     INFO  Test worker     d.u.i.k.n.KeyIO           MODE: declarations took 0 ms 
251885     INFO  Test worker     d.u.i.k.n.KeyIO           Parsing took 0 ms 
251885     INFO  Test worker     d.u.i.k.n.KeyIO           MODE: declarations took 0 ms 
251885     INFO  Test worker     d.u.i.k.n.KeyIO           Parsing took 0 ms 
251885     INFO  Test worker     d.u.i.k.n.KeyIO           MODE: declarations took 0 ms 
251885     INFO  Test worker     d.u.i.k.n.KeyIO           Parsing took 0 ms 
251885     INFO  Test worker     d.u.i.k.n.KeyIO           MODE: declarations took 0 ms 
254415     INFO  Test worker     d.u.i.k.n.KeyIO           Parsing took 0 ms 
254416     INFO  Test worker     d.u.i.k.n.KeyIO           MODE: declarations took 0 ms 
254416     INFO  Test worker     d.u.i.k.n.KeyIO           Parsing took 0 ms 
254416     INFO  Test worker     d.u.i.k.n.KeyIO           MODE: declarations took 0 ms 
254416     INFO  Test worker     d.u.i.k.n.KeyIO           Parsing took 0 ms 
254416     INFO  Test worker     d.u.i.k.n.KeyIO           MODE: declarations took 0 ms 
254417     INFO  Test worker     d.u.i.k.n.KeyIO           Parsing took 0 ms 
254417     INFO  Test worker     d.u.i.k.n.KeyIO           MODE: declarations took 0 ms 
254417     INFO  Test worker     d.u.i.k.n.KeyIO           Parsing took 0 ms 
254417     INFO  Test worker     d.u.i.k.n.KeyIO           MODE: declarations took 0 ms 
256849     INFO  Test worker     d.u.i.k.n.KeyIO           Parsing took 0 ms 
256849     INFO  Test worker     d.u.i.k.n.KeyIO           MODE: declarations took 0 ms 
256849     INFO  Test worker     d.u.i.k.n.KeyIO           Parsing took 0 ms 
256849     INFO  Test worker     d.u.i.k.n.KeyIO           MODE: declarations took 0 ms 
256849     INFO  Test worker     d.u.i.k.n.KeyIO           Parsing took 0 ms 
256849     INFO  Test worker     d.u.i.k.n.KeyIO           MODE: declarations took 0 ms 
256849     INFO  Test worker     d.u.i.k.n.KeyIO           Parsing took 0 ms 
256849     INFO  Test worker     d.u.i.k.n.KeyIO           MODE: declarations took 0 ms 
256849     INFO  Test worker     d.u.i.k.n.KeyIO           Parsing took 0 ms 
256849     INFO  Test worker     d.u.i.k.n.KeyIO           MODE: declarations took 0 ms 
256849     INFO  Test worker     d.u.i.k.n.KeyIO           Parsing took 0 ms 
256849     INFO  Test worker     d.u.i.k.n.KeyIO           MODE: declarations took 0 ms 
259308     INFO  Test worker     d.u.i.k.n.KeyIO           Parsing took 0 ms 
259309     INFO  Test worker     d.u.i.k.n.KeyIO           MODE: declarations took 0 ms 
259309     INFO  Test worker     d.u.i.k.n.KeyIO           Parsing took 0 ms 
259309     INFO  Test worker     d.u.i.k.n.KeyIO           MODE: declarations took 0 ms 
259309     INFO  Test worker     d.u.i.k.n.KeyIO           Parsing took 0 ms 
259309     INFO  Test worker     d.u.i.k.n.KeyIO           MODE: declarations took 0 ms 
259309     INFO  Test worker     d.u.i.k.n.KeyIO           Parsing took 0 ms 
259309     INFO  Test worker     d.u.i.k.n.KeyIO           MODE: declarations took 0 ms 
259309     INFO  Test worker     d.u.i.k.n.KeyIO           Parsing took 0 ms 
259309     INFO  Test worker     d.u.i.k.n.KeyIO           MODE: declarations took 0 ms 
261751     INFO  Test worker     d.u.i.k.n.KeyIO           Parsing took 0 ms 
261751     INFO  Test worker     d.u.i.k.n.KeyIO           MODE: declarations took 0 ms 
261751     INFO  Test worker     d.u.i.k.n.KeyIO           Parsing took 0 ms 
261751     INFO  Test worker     d.u.i.k.n.KeyIO           MODE: declarations took 0 ms 
261751     INFO  Test worker     d.u.i.k.n.KeyIO           Parsing took 0 ms 
261751     INFO  Test worker     d.u.i.k.n.KeyIO           MODE: declarations took 0 ms 
261751     INFO  Test worker     d.u.i.k.n.KeyIO           Parsing took 0 ms 
261751     INFO  Test worker     d.u.i.k.n.KeyIO           MODE: declarations took 0 ms 
261751     INFO  Test worker     d.u.i.k.n.KeyIO           Parsing took 0 ms 
261751     INFO  Test worker     d.u.i.k.n.KeyIO           MODE: declarations took 0 ms 
264198     INFO  Test worker     d.u.i.k.n.KeyIO           Parsing took 0 ms 
264198     INFO  Test worker     d.u.i.k.n.KeyIO           MODE: declarations took 0 ms 
264198     INFO  Test worker     d.u.i.k.n.KeyIO           Parsing took 0 ms 
264198     INFO  Test worker     d.u.i.k.n.KeyIO           MODE: declarations took 0 ms 
264198     INFO  Test worker     d.u.i.k.n.KeyIO           Parsing took 0 ms 
264198     INFO  Test worker     d.u.i.k.n.KeyIO           MODE: declarations took 0 ms 
264198     INFO  Test worker     d.u.i.k.n.KeyIO           Parsing took 0 ms 
264198     INFO  Test worker     d.u.i.k.n.KeyIO           MODE: declarations took 0 ms 
264198     INFO  Test worker     d.u.i.k.n.KeyIO           Parsing took 0 ms 
264198     INFO  Test worker     d.u.i.k.n.KeyIO           MODE: declarations took 0 ms 
266608     INFO  Test worker     d.u.i.k.n.KeyIO           Parsing took 0 ms 
266608     INFO  Test worker     d.u.i.k.n.KeyIO           MODE: declarations took 0 ms 
266608     INFO  Test worker     d.u.i.k.n.KeyIO           Parsing took 0 ms 
266608     INFO  Test worker     d.u.i.k.n.KeyIO           MODE: declarations took 0 ms 
266608     INFO  Test worker     d.u.i.k.n.KeyIO           Parsing took 0 ms 
266608     INFO  Test worker     d.u.i.k.n.KeyIO           MODE: declarations took 0 ms 
266608     INFO  Test worker     d.u.i.k.n.KeyIO           Parsing took 0 ms 
266609     INFO  Test worker     d.u.i.k.n.KeyIO           MODE: declarations took 1 ms 
266609     INFO  Test worker     d.u.i.k.n.KeyIO           Parsing took 0 ms 
266609     INFO  Test worker     d.u.i.k.n.KeyIO           MODE: declarations took 0 ms 
269023     INFO  Test worker     d.u.i.k.n.KeyIO           Parsing took 0 ms 
269023     INFO  Test worker     d.u.i.k.n.KeyIO           MODE: declarations took 0 ms 
269023     INFO  Test worker     d.u.i.k.n.KeyIO           Parsing took 0 ms 
269023     INFO  Test worker     d.u.i.k.n.KeyIO           MODE: declarations took 0 ms 
269023     INFO  Test worker     d.u.i.k.n.KeyIO           Parsing took 0 ms 
269023     INFO  Test worker     d.u.i.k.n.KeyIO           MODE: declarations took 0 ms 
269023     INFO  Test worker     d.u.i.k.n.KeyIO           Parsing took 0 ms 
269023     INFO  Test worker     d.u.i.k.n.KeyIO           MODE: declarations took 0 ms 
269023     INFO  Test worker     d.u.i.k.n.KeyIO           Parsing took 0 ms 
269023     INFO  Test worker     d.u.i.k.n.KeyIO           MODE: declarations took 0 ms 
271417     INFO  Test worker     d.u.i.k.n.KeyIO           Parsing took 0 ms 
271418     INFO  Test worker     d.u.i.k.n.KeyIO           MODE: declarations took 1 ms 
271418     INFO  Test worker     d.u.i.k.n.KeyIO           Parsing took 0 ms 
271418     INFO  Test worker     d.u.i.k.n.KeyIO           MODE: declarations took 0 ms 
271418     INFO  Test worker     d.u.i.k.n.KeyIO           Parsing took 0 ms 
271418     INFO  Test worker     d.u.i.k.n.KeyIO           MODE: declarations took 0 ms 
271418     INFO  Test worker     d.u.i.k.n.KeyIO           Parsing took 0 ms 
271418     INFO  Test worker     d.u.i.k.n.KeyIO           MODE: declarations took 0 ms 
271418     INFO  Test worker     d.u.i.k.n.KeyIO           Parsing took 0 ms 
271418     INFO  Test worker     d.u.i.k.n.KeyIO           MODE: declarations took 0 ms 
273825     INFO  Test worker     d.u.i.k.n.KeyIO           Parsing took 0 ms 
273825     INFO  Test worker     d.u.i.k.n.KeyIO           MODE: declarations took 0 ms 
273825     INFO  Test worker     d.u.i.k.n.KeyIO           Parsing took 0 ms 
273825     INFO  Test worker     d.u.i.k.n.KeyIO           MODE: declarations took 0 ms 
273825     INFO  Test worker     d.u.i.k.n.KeyIO           Parsing took 0 ms 
273825     INFO  Test worker     d.u.i.k.n.KeyIO           MODE: declarations took 0 ms 
273826     INFO  Test worker     d.u.i.k.n.KeyIO           Parsing took 1 ms 
273826     INFO  Test worker     d.u.i.k.n.KeyIO           MODE: declarations took 0 ms 
273826     INFO  Test worker     d.u.i.k.n.KeyIO           Parsing took 0 ms 
273826     INFO  Test worker     d.u.i.k.n.KeyIO           MODE: declarations took 0 ms 
276246     INFO  Test worker     d.u.i.k.n.KeyIO           Parsing took 0 ms 
276246     INFO  Test worker     d.u.i.k.n.KeyIO           MODE: declarations took 0 ms 
276246     INFO  Test worker     d.u.i.k.n.KeyIO           Parsing took 0 ms 
276246     INFO  Test worker     d.u.i.k.n.KeyIO           MODE: declarations took 0 ms 
276246     INFO  Test worker     d.u.i.k.n.KeyIO           Parsing took 0 ms 
276246     INFO  Test worker     d.u.i.k.n.KeyIO           MODE: declarations took 0 ms 
276246     INFO  Test worker     d.u.i.k.n.KeyIO           Parsing took 0 ms 
276246     INFO  Test worker     d.u.i.k.n.KeyIO           MODE: declarations took 0 ms 
276246     INFO  Test worker     d.u.i.k.n.KeyIO           Parsing took 0 ms 
276246     INFO  Test worker     d.u.i.k.n.KeyIO           MODE: declarations took 0 ms 
278650     INFO  Test worker     d.u.i.k.n.KeyIO           Parsing took 0 ms 
278650     INFO  Test worker     d.u.i.k.n.KeyIO           MODE: declarations took 0 ms 
278651     INFO  Test worker     d.u.i.k.n.KeyIO           Parsing took 1 ms 
278651     INFO  Test worker     d.u.i.k.n.KeyIO           MODE: declarations took 0 ms 
278651     INFO  Test worker     d.u.i.k.n.KeyIO           Parsing took 0 ms 
278651     INFO  Test worker     d.u.i.k.n.KeyIO           MODE: declarations took 0 ms 
278651     INFO  Test worker     d.u.i.k.n.KeyIO           Parsing took 0 ms 
278651     INFO  Test worker     d.u.i.k.n.KeyIO           MODE: declarations took 0 ms 
278651     INFO  Test worker     d.u.i.k.n.KeyIO           Parsing took 0 ms 
278651     INFO  Test worker     d.u.i.k.n.KeyIO           MODE: declarations took 0 ms 
281074     INFO  Test worker     d.u.i.k.n.KeyIO           Parsing took 0 ms 
281074     INFO  Test worker     d.u.i.k.n.KeyIO           MODE: declarations took 0 ms 
281074     INFO  Test worker     d.u.i.k.n.KeyIO           Parsing took 0 ms 
281074     INFO  Test worker     d.u.i.k.n.KeyIO           MODE: declarations took 0 ms 
281074     INFO  Test worker     d.u.i.k.n.KeyIO           Parsing took 0 ms 
281074     INFO  Test worker     d.u.i.k.n.KeyIO           MODE: declarations took 0 ms 
281074     INFO  Test worker     d.u.i.k.n.KeyIO           Parsing took 0 ms 
281074     INFO  Test worker     d.u.i.k.n.KeyIO           MODE: declarations took 0 ms 
281074     INFO  Test worker     d.u.i.k.n.KeyIO           Parsing took 0 ms 
281074     INFO  Test worker     d.u.i.k.n.KeyIO           MODE: declarations took 0 ms 
283488     INFO  Test worker     d.u.i.k.n.KeyIO           Parsing took 1 ms 
283488     INFO  Test worker     d.u.i.k.n.KeyIO           MODE: declarations took 0 ms 
283488     INFO  Test worker     d.u.i.k.n.KeyIO           Parsing took 0 ms 
283488     INFO  Test worker     d.u.i.k.n.KeyIO           MODE: declarations took 0 ms 
283488     INFO  Test worker     d.u.i.k.n.KeyIO           Parsing took 0 ms 
283488     INFO  Test worker     d.u.i.k.n.KeyIO           MODE: declarations took 0 ms 
283488     INFO  Test worker     d.u.i.k.n.KeyIO           Parsing took 0 ms 
283488     INFO  Test worker     d.u.i.k.n.KeyIO           MODE: declarations took 0 ms 
283488     INFO  Test worker     d.u.i.k.n.KeyIO           Parsing took 0 ms 
283488     INFO  Test worker     d.u.i.k.n.KeyIO           MODE: declarations took 0 ms 
285899     INFO  Test worker     d.u.i.k.n.KeyIO           Parsing took 0 ms 
285899     INFO  Test worker     d.u.i.k.n.KeyIO           MODE: declarations took 0 ms 
285899     INFO  Test worker     d.u.i.k.n.KeyIO           Parsing took 0 ms 
285899     INFO  Test worker     d.u.i.k.n.KeyIO           MODE: declarations took 0 ms 
285899     INFO  Test worker     d.u.i.k.n.KeyIO           Parsing took 0 ms 
285899     INFO  Test worker     d.u.i.k.n.KeyIO           MODE: declarations took 0 ms 
285899     INFO  Test worker     d.u.i.k.n.KeyIO           Parsing took 0 ms 
285899     INFO  Test worker     d.u.i.k.n.KeyIO           MODE: declarations took 0 ms 
285899     INFO  Test worker     d.u.i.k.n.KeyIO           Parsing took 0 ms 
285899     INFO  Test worker     d.u.i.k.n.KeyIO           MODE: declarations took 0 ms 
285900     WARN  Test worker     d.u.i.k.n.KeYParser       [syntax-error] <unknown>:1:11: mismatched input '@' expecting {'/', ':=', '.', '(', ')', '{', '[', '@', PARALLEL, OR, AND, IMP, '=', NOT_EQUALS, '%', '*', '-', '+', '>', GREATEREQUAL, '<', LESSEQUAL, LGUILLEMETS, EQV} [@11,11:11='@',<153>,1:11] (termEOF) 
288304     INFO  Test worker     d.u.i.k.n.KeyIO           Parsing took 0 ms 
288304     INFO  Test worker     d.u.i.k.n.KeyIO           MODE: declarations took 0 ms 
288304     INFO  Test worker     d.u.i.k.n.KeyIO           Parsing took 0 ms 
288304     INFO  Test worker     d.u.i.k.n.KeyIO           MODE: declarations took 0 ms 
288304     INFO  Test worker     d.u.i.k.n.KeyIO           Parsing took 0 ms 
288304     INFO  Test worker     d.u.i.k.n.KeyIO           MODE: declarations took 0 ms 
288304     INFO  Test worker     d.u.i.k.n.KeyIO           Parsing took 0 ms 
288304     INFO  Test worker     d.u.i.k.n.KeyIO           MODE: declarations took 0 ms 
288304     INFO  Test worker     d.u.i.k.n.KeyIO           Parsing took 0 ms 
288304     INFO  Test worker     d.u.i.k.n.KeyIO           MODE: declarations took 0 ms 
290726     INFO  Test worker     d.u.i.k.n.KeyIO           Parsing took 0 ms 
290726     INFO  Test worker     d.u.i.k.n.KeyIO           MODE: declarations took 0 ms 
290727     INFO  Test worker     d.u.i.k.n.KeyIO           Parsing took 1 ms 
290727     INFO  Test worker     d.u.i.k.n.KeyIO           MODE: declarations took 0 ms 
290727     INFO  Test worker     d.u.i.k.n.KeyIO           Parsing took 0 ms 
290727     INFO  Test worker     d.u.i.k.n.KeyIO           MODE: declarations took 0 ms 
290727     INFO  Test worker     d.u.i.k.n.KeyIO           Parsing took 0 ms 
290727     INFO  Test worker     d.u.i.k.n.KeyIO           MODE: declarations took 0 ms 
290727     INFO  Test worker     d.u.i.k.n.KeyIO           Parsing took 0 ms 
290727     INFO  Test worker     d.u.i.k.n.KeyIO           MODE: declarations took 0 ms 
293160     INFO  Test worker     d.u.i.k.n.KeyIO           Parsing took 0 ms 
293160     INFO  Test worker     d.u.i.k.n.KeyIO           MODE: declarations took 0 ms 
293160     INFO  Test worker     d.u.i.k.n.KeyIO           Parsing took 0 ms 
293160     INFO  Test worker     d.u.i.k.n.KeyIO           MODE: declarations took 0 ms 
293160     INFO  Test worker     d.u.i.k.n.KeyIO           Parsing took 0 ms 
293160     INFO  Test worker     d.u.i.k.n.KeyIO           MODE: declarations took 0 ms 
293160     INFO  Test worker     d.u.i.k.n.KeyIO           Parsing took 0 ms 
293160     INFO  Test worker     d.u.i.k.n.KeyIO           MODE: declarations took 0 ms 
293160     INFO  Test worker     d.u.i.k.n.KeyIO           Parsing took 0 ms 
293160     INFO  Test worker     d.u.i.k.n.KeyIO           MODE: declarations took 0 ms 
295564     INFO  Test worker     d.u.i.k.n.KeyIO           Parsing took 0 ms 
295565     INFO  Test worker     d.u.i.k.n.KeyIO           MODE: declarations took 0 ms 
295565     INFO  Test worker     d.u.i.k.n.KeyIO           Parsing took 0 ms 
295565     INFO  Test worker     d.u.i.k.n.KeyIO           MODE: declarations took 0 ms 
295565     INFO  Test worker     d.u.i.k.n.KeyIO           Parsing took 0 ms 
295565     INFO  Test worker     d.u.i.k.n.KeyIO           MODE: declarations took 0 ms 
295565     INFO  Test worker     d.u.i.k.n.KeyIO           Parsing took 0 ms 
295565     INFO  Test worker     d.u.i.k.n.KeyIO           MODE: declarations took 0 ms 
295565     INFO  Test worker     d.u.i.k.n.KeyIO           Parsing took 0 ms 
295565     INFO  Test worker     d.u.i.k.n.KeyIO           MODE: declarations took 0 ms 
297962     INFO  Test worker     d.u.i.k.n.KeyIO           Parsing took 0 ms 
297962     INFO  Test worker     d.u.i.k.n.KeyIO           MODE: declarations took 0 ms 
297962     INFO  Test worker     d.u.i.k.n.KeyIO           Parsing took 0 ms 
297962     INFO  Test worker     d.u.i.k.n.KeyIO           MODE: declarations took 0 ms 
297962     INFO  Test worker     d.u.i.k.n.KeyIO           Parsing took 0 ms 
297962     INFO  Test worker     d.u.i.k.n.KeyIO           MODE: declarations took 0 ms 
297962     INFO  Test worker     d.u.i.k.n.KeyIO           Parsing took 0 ms 
297963     INFO  Test worker     d.u.i.k.n.KeyIO           MODE: declarations took 1 ms 
297963     INFO  Test worker     d.u.i.k.n.KeyIO           Parsing took 0 ms 
297963     INFO  Test worker     d.u.i.k.n.KeyIO           MODE: declarations took 0 ms 
300377     INFO  Test worker     d.u.i.k.n.KeyIO           Parsing took 0 ms 
300377     INFO  Test worker     d.u.i.k.n.KeyIO           MODE: declarations took 0 ms 
300380     INFO  Test worker     d.u.i.k.n.KeyIO           Parsing took 0 ms 
300380     INFO  Test worker     d.u.i.k.n.KeyIO           MODE: declarations took 0 ms 
300380     INFO  Test worker     d.u.i.k.n.KeyIO           Parsing took 0 ms 
300380     INFO  Test worker     d.u.i.k.n.KeyIO           MODE: declarations took 0 ms 
300381     INFO  Test worker     d.u.i.k.n.KeyIO           Parsing took 0 ms 
300381     INFO  Test worker     d.u.i.k.n.KeyIO           MODE: declarations took 0 ms 
300381     INFO  Test worker     d.u.i.k.n.KeyIO           Parsing took 0 ms 
300381     INFO  Test worker     d.u.i.k.n.KeyIO           MODE: declarations took 0 ms 
302798     INFO  Test worker     d.u.i.k.n.KeyIO           Parsing took 0 ms 
302798     INFO  Test worker     d.u.i.k.n.KeyIO           MODE: declarations took 0 ms 
302798     INFO  Test worker     d.u.i.k.n.KeyIO           Parsing took 0 ms 
302798     INFO  Test worker     d.u.i.k.n.KeyIO           MODE: declarations took 0 ms 
302798     INFO  Test worker     d.u.i.k.n.KeyIO           Parsing took 0 ms 
302798     INFO  Test worker     d.u.i.k.n.KeyIO           MODE: declarations took 0 ms 
302798     INFO  Test worker     d.u.i.k.n.KeyIO           Parsing took 0 ms 
302798     INFO  Test worker     d.u.i.k.n.KeyIO           MODE: declarations took 0 ms 
302798     INFO  Test worker     d.u.i.k.n.KeyIO           Parsing took 0 ms 
302798     INFO  Test worker     d.u.i.k.n.KeyIO           MODE: declarations took 0 ms 
305210     INFO  Test worker     d.u.i.k.n.KeyIO           Parsing took 0 ms 
305210     INFO  Test worker     d.u.i.k.n.KeyIO           MODE: declarations took 0 ms 
305210     INFO  Test worker     d.u.i.k.n.KeyIO           Parsing took 0 ms 
305210     INFO  Test worker     d.u.i.k.n.KeyIO           MODE: declarations took 0 ms 
305210     INFO  Test worker     d.u.i.k.n.KeyIO           Parsing took 0 ms 
305210     INFO  Test worker     d.u.i.k.n.KeyIO           MODE: declarations took 0 ms 
305210     INFO  Test worker     d.u.i.k.n.KeyIO           Parsing took 0 ms 
305210     INFO  Test worker     d.u.i.k.n.KeyIO           MODE: declarations took 0 ms 
305210     INFO  Test worker     d.u.i.k.n.KeyIO           Parsing took 0 ms 
305210     INFO  Test worker     d.u.i.k.n.KeyIO           MODE: declarations took 0 ms 
307609     INFO  Test worker     d.u.i.k.n.KeyIO           Parsing took 0 ms 
307609     INFO  Test worker     d.u.i.k.n.KeyIO           MODE: declarations took 0 ms 
307609     INFO  Test worker     d.u.i.k.n.KeyIO           Parsing took 0 ms 
307609     INFO  Test worker     d.u.i.k.n.KeyIO           MODE: declarations took 0 ms 
307609     INFO  Test worker     d.u.i.k.n.KeyIO           Parsing took 0 ms 
307609     INFO  Test worker     d.u.i.k.n.KeyIO           MODE: declarations took 0 ms 
307609     INFO  Test worker     d.u.i.k.n.KeyIO           Parsing took 0 ms 
307609     INFO  Test worker     d.u.i.k.n.KeyIO           MODE: declarations took 0 ms 
307609     INFO  Test worker     d.u.i.k.n.KeyIO           Parsing took 0 ms 
307609     INFO  Test worker     d.u.i.k.n.KeyIO           MODE: declarations took 0 ms 
310025     INFO  Test worker     d.u.i.k.n.KeyIO           Parsing took 0 ms 
310025     INFO  Test worker     d.u.i.k.n.KeyIO           MODE: declarations took 0 ms 
310025     INFO  Test worker     d.u.i.k.n.KeyIO           Parsing took 0 ms 
310025     INFO  Test worker     d.u.i.k.n.KeyIO           MODE: declarations took 0 ms 
310025     INFO  Test worker     d.u.i.k.n.KeyIO           Parsing took 0 ms 
310025     INFO  Test worker     d.u.i.k.n.KeyIO           MODE: declarations took 0 ms 
310025     INFO  Test worker     d.u.i.k.n.KeyIO           Parsing took 0 ms 
310025     INFO  Test worker     d.u.i.k.n.KeyIO           MODE: declarations took 0 ms 
310025     INFO  Test worker     d.u.i.k.n.KeyIO           Parsing took 0 ms 
310025     INFO  Test worker     d.u.i.k.n.KeyIO           MODE: declarations took 0 ms 
312451     INFO  Test worker     d.u.i.k.n.KeyIO           Parsing took 0 ms 
312451     INFO  Test worker     d.u.i.k.n.KeyIO           MODE: declarations took 0 ms 
312451     INFO  Test worker     d.u.i.k.n.KeyIO           Parsing took 0 ms 
312451     INFO  Test worker     d.u.i.k.n.KeyIO           MODE: declarations took 0 ms 
312451     INFO  Test worker     d.u.i.k.n.KeyIO           Parsing took 0 ms 
312451     INFO  Test worker     d.u.i.k.n.KeyIO           MODE: declarations took 0 ms 
312451     INFO  Test worker     d.u.i.k.n.KeyIO           Parsing took 0 ms 
312451     INFO  Test worker     d.u.i.k.n.KeyIO           MODE: declarations took 0 ms 
312451     INFO  Test worker     d.u.i.k.n.KeyIO           Parsing took 0 ms 
312451     INFO  Test worker     d.u.i.k.n.KeyIO           MODE: declarations took 0 ms 
314861     INFO  Test worker     d.u.i.k.n.KeyIO           Parsing took 0 ms 
314862     INFO  Test worker     d.u.i.k.n.KeyIO           MODE: declarations took 0 ms 
314862     INFO  Test worker     d.u.i.k.n.KeyIO           Parsing took 0 ms 
314862     INFO  Test worker     d.u.i.k.n.KeyIO           MODE: declarations took 0 ms 
314862     INFO  Test worker     d.u.i.k.n.KeyIO           Parsing took 0 ms 
314862     INFO  Test worker     d.u.i.k.n.KeyIO           MODE: declarations took 0 ms 
314862     INFO  Test worker     d.u.i.k.n.KeyIO           Parsing took 0 ms 
314863     INFO  Test worker     d.u.i.k.n.KeyIO           MODE: declarations took 1 ms 
314863     INFO  Test worker     d.u.i.k.n.KeyIO           Parsing took 0 ms 
314863     INFO  Test worker     d.u.i.k.n.KeyIO           MODE: declarations took 0 ms 
317271     INFO  Test worker     d.u.i.k.n.KeyIO           Parsing took 0 ms 
317271     INFO  Test worker     d.u.i.k.n.KeyIO           MODE: declarations took 0 ms 
317271     INFO  Test worker     d.u.i.k.n.KeyIO           Parsing took 0 ms 
317271     INFO  Test worker     d.u.i.k.n.KeyIO           MODE: declarations took 0 ms 
317271     INFO  Test worker     d.u.i.k.n.KeyIO           Parsing took 0 ms 
317271     INFO  Test worker     d.u.i.k.n.KeyIO           MODE: declarations took 0 ms 
317271     INFO  Test worker     d.u.i.k.n.KeyIO           Parsing took 0 ms 
317271     INFO  Test worker     d.u.i.k.n.KeyIO           MODE: declarations took 0 ms 
317271     INFO  Test worker     d.u.i.k.n.KeyIO           Parsing took 0 ms 
317271     INFO  Test worker     d.u.i.k.n.KeyIO           MODE: declarations took 0 ms 
319669     INFO  Test worker     d.u.i.k.n.KeyIO           Parsing took 0 ms 
319669     INFO  Test worker     d.u.i.k.n.KeyIO           MODE: declarations took 0 ms 
319669     INFO  Test worker     d.u.i.k.n.KeyIO           Parsing took 0 ms 
319670     INFO  Test worker     d.u.i.k.n.KeyIO           MODE: declarations took 0 ms 
319670     INFO  Test worker     d.u.i.k.n.KeyIO           Parsing took 0 ms 
319670     INFO  Test worker     d.u.i.k.n.KeyIO           MODE: declarations took 0 ms 
319670     INFO  Test worker     d.u.i.k.n.KeyIO           Parsing took 0 ms 
319670     INFO  Test worker     d.u.i.k.n.KeyIO           MODE: declarations took 0 ms 
319670     INFO  Test worker     d.u.i.k.n.KeyIO           Parsing took 0 ms 
319670     INFO  Test worker     d.u.i.k.n.KeyIO           MODE: declarations took 0 ms 
322079     INFO  Test worker     d.u.i.k.n.KeyIO           Parsing took 0 ms 
322080     INFO  Test worker     d.u.i.k.n.KeyIO           MODE: declarations took 0 ms 
322080     INFO  Test worker     d.u.i.k.n.KeyIO           Parsing took 0 ms 
322080     INFO  Test worker     d.u.i.k.n.KeyIO           MODE: declarations took 0 ms 
322080     INFO  Test worker     d.u.i.k.n.KeyIO           Parsing took 0 ms 
322080     INFO  Test worker     d.u.i.k.n.KeyIO           MODE: declarations took 0 ms 
322080     INFO  Test worker     d.u.i.k.n.KeyIO           Parsing took 0 ms 
322080     INFO  Test worker     d.u.i.k.n.KeyIO           MODE: declarations took 0 ms 
322080     INFO  Test worker     d.u.i.k.n.KeyIO           Parsing took 0 ms 
322080     INFO  Test worker     d.u.i.k.n.KeyIO           MODE: declarations took 0 ms 
324490     INFO  Test worker     d.u.i.k.n.KeyIO           Parsing took 0 ms 
324490     INFO  Test worker     d.u.i.k.n.KeyIO           MODE: declarations took 0 ms 
324490     INFO  Test worker     d.u.i.k.n.KeyIO           Parsing took 0 ms 
324490     INFO  Test worker     d.u.i.k.n.KeyIO           MODE: declarations took 0 ms 
324490     INFO  Test worker     d.u.i.k.n.KeyIO           Parsing took 0 ms 
324490     INFO  Test worker     d.u.i.k.n.KeyIO           MODE: declarations took 0 ms 
324490     INFO  Test worker     d.u.i.k.n.KeyIO           Parsing took 0 ms 
324490     INFO  Test worker     d.u.i.k.n.KeyIO           MODE: declarations took 0 ms 
324490     INFO  Test worker     d.u.i.k.n.KeyIO           Parsing took 0 ms 
324490     INFO  Test worker     d.u.i.k.n.KeyIO           MODE: declarations took 0 ms 
326897     INFO  Test worker     d.u.i.k.n.KeyIO           Parsing took 0 ms 
326897     INFO  Test worker     d.u.i.k.n.KeyIO           MODE: declarations took 0 ms 
326897     INFO  Test worker     d.u.i.k.n.KeyIO           Parsing took 0 ms 
326897     INFO  Test worker     d.u.i.k.n.KeyIO           MODE: declarations took 0 ms 
326897     INFO  Test worker     d.u.i.k.n.KeyIO           Parsing took 0 ms 
326897     INFO  Test worker     d.u.i.k.n.KeyIO           MODE: declarations took 0 ms 
326897     INFO  Test worker     d.u.i.k.n.KeyIO           Parsing took 0 ms 
326897     INFO  Test worker     d.u.i.k.n.KeyIO           MODE: declarations took 0 ms 
326897     INFO  Test worker     d.u.i.k.n.KeyIO           Parsing took 0 ms 
326897     INFO  Test worker     d.u.i.k.n.KeyIO           MODE: declarations took 0 ms 
329308     INFO  Test worker     d.u.i.k.n.KeyIO           Parsing took 0 ms 
329308     INFO  Test worker     d.u.i.k.n.KeyIO           MODE: declarations took 0 ms 
329308     INFO  Test worker     d.u.i.k.n.KeyIO           Parsing took 0 ms 
329308     INFO  Test worker     d.u.i.k.n.KeyIO           MODE: declarations took 0 ms 
329308     INFO  Test worker     d.u.i.k.n.KeyIO           Parsing took 0 ms 
329308     INFO  Test worker     d.u.i.k.n.KeyIO           MODE: declarations took 0 ms 
329308     INFO  Test worker     d.u.i.k.n.KeyIO           Parsing took 0 ms 
329308     INFO  Test worker     d.u.i.k.n.KeyIO           MODE: declarations took 0 ms 
329308     INFO  Test worker     d.u.i.k.n.KeyIO           Parsing took 0 ms 
329308     INFO  Test worker     d.u.i.k.n.KeyIO           MODE: declarations took 0 ms 
331716     INFO  Test worker     d.u.i.k.n.KeyIO           Parsing took 0 ms 
331717     INFO  Test worker     d.u.i.k.n.KeyIO           MODE: declarations took 1 ms 
331717     INFO  Test worker     d.u.i.k.n.KeyIO           Parsing took 0 ms 
331717     INFO  Test worker     d.u.i.k.n.KeyIO           MODE: declarations took 0 ms 
331717     INFO  Test worker     d.u.i.k.n.KeyIO           Parsing took 0 ms 
331717     INFO  Test worker     d.u.i.k.n.KeyIO           MODE: declarations took 0 ms 
331717     INFO  Test worker     d.u.i.k.n.KeyIO           Parsing took 0 ms 
331717     INFO  Test worker     d.u.i.k.n.KeyIO           MODE: declarations took 0 ms 
331717     INFO  Test worker     d.u.i.k.n.KeyIO           Parsing took 0 ms 
331717     INFO  Test worker     d.u.i.k.n.KeyIO           MODE: declarations took 0 ms 
334125     INFO  Test worker     d.u.i.k.n.KeyIO           Parsing took 0 ms 
334125     INFO  Test worker     d.u.i.k.n.KeyIO           MODE: declarations took 0 ms 
334125     INFO  Test worker     d.u.i.k.n.KeyIO           Parsing took 0 ms 
334126     INFO  Test worker     d.u.i.k.n.KeyIO           MODE: declarations took 1 ms 
334126     INFO  Test worker     d.u.i.k.n.KeyIO           Parsing took 0 ms 
334126     INFO  Test worker     d.u.i.k.n.KeyIO           MODE: declarations took 0 ms 
334126     INFO  Test worker     d.u.i.k.n.KeyIO           Parsing took 0 ms 
334126     INFO  Test worker     d.u.i.k.n.KeyIO           MODE: declarations took 0 ms 
334126     INFO  Test worker     d.u.i.k.n.KeyIO           Parsing took 0 ms 
334126     INFO  Test worker     d.u.i.k.n.KeyIO           MODE: declarations took 0 ms 
336538     INFO  Test worker     d.u.i.k.n.KeyIO           Parsing took 0 ms 
336539     INFO  Test worker     d.u.i.k.n.KeyIO           MODE: declarations took 0 ms 
336539     INFO  Test worker     d.u.i.k.n.KeyIO           Parsing took 0 ms 
336539     INFO  Test worker     d.u.i.k.n.KeyIO           MODE: declarations took 0 ms 
336539     INFO  Test worker     d.u.i.k.n.KeyIO           Parsing took 0 ms 
336539     INFO  Test worker     d.u.i.k.n.KeyIO           MODE: declarations took 0 ms 
336539     INFO  Test worker     d.u.i.k.n.KeyIO           Parsing took 0 ms 
336539     INFO  Test worker     d.u.i.k.n.KeyIO           MODE: declarations took 0 ms 
336539     INFO  Test worker     d.u.i.k.n.KeyIO           Parsing took 0 ms 
336540     INFO  Test worker     d.u.i.k.n.KeyIO           MODE: declarations took 0 ms 
338939     INFO  Test worker     d.u.i.k.n.KeyIO           Parsing took 0 ms 
338939     INFO  Test worker     d.u.i.k.n.KeyIO           MODE: declarations took 0 ms 
338939     INFO  Test worker     d.u.i.k.n.KeyIO           Parsing took 0 ms 
338939     INFO  Test worker     d.u.i.k.n.KeyIO           MODE: declarations took 0 ms 
338939     INFO  Test worker     d.u.i.k.n.KeyIO           Parsing took 0 ms 
338939     INFO  Test worker     d.u.i.k.n.KeyIO           MODE: declarations took 0 ms 
338939     INFO  Test worker     d.u.i.k.n.KeyIO           Parsing took 0 ms 
338939     INFO  Test worker     d.u.i.k.n.KeyIO           MODE: declarations took 0 ms 
338939     INFO  Test worker     d.u.i.k.n.KeyIO           Parsing took 0 ms 
338939     INFO  Test worker     d.u.i.k.n.KeyIO           MODE: declarations took 0 ms 
341342     INFO  Test worker     d.u.i.k.n.KeyIO           Parsing took 0 ms 
341342     INFO  Test worker     d.u.i.k.n.KeyIO           MODE: declarations took 0 ms 
341342     INFO  Test worker     d.u.i.k.n.KeyIO           Parsing took 0 ms 
341342     INFO  Test worker     d.u.i.k.n.KeyIO           MODE: declarations took 0 ms 
341342     INFO  Test worker     d.u.i.k.n.KeyIO           Parsing took 0 ms 
341342     INFO  Test worker     d.u.i.k.n.KeyIO           MODE: declarations took 0 ms 
341342     INFO  Test worker     d.u.i.k.n.KeyIO           Parsing took 0 ms 
341342     INFO  Test worker     d.u.i.k.n.KeyIO           MODE: declarations took 0 ms 
341342     INFO  Test worker     d.u.i.k.n.KeyIO           Parsing took 0 ms 
341343     INFO  Test worker     d.u.i.k.n.KeyIO           MODE: declarations took 0 ms 
343751     INFO  Test worker     d.u.i.k.n.KeyIO           Parsing took 0 ms 
343751     INFO  Test worker     d.u.i.k.n.KeyIO           MODE: declarations took 0 ms 
343751     INFO  Test worker     d.u.i.k.n.KeyIO           Parsing took 0 ms 
343751     INFO  Test worker     d.u.i.k.n.KeyIO           MODE: declarations took 0 ms 
343751     INFO  Test worker     d.u.i.k.n.KeyIO           Parsing took 0 ms 
343751     INFO  Test worker     d.u.i.k.n.KeyIO           MODE: declarations took 0 ms 
343752     INFO  Test worker     d.u.i.k.n.KeyIO           Parsing took 1 ms 
343752     INFO  Test worker     d.u.i.k.n.KeyIO           MODE: declarations took 0 ms 
343752     INFO  Test worker     d.u.i.k.n.KeyIO           Parsing took 0 ms 
343752     INFO  Test worker     d.u.i.k.n.KeyIO           MODE: declarations took 0 ms 
]]></system-out>
  <system-err><![CDATA[]]></system-err>
</testsuite>
