<?xml version="1.0" encoding="UTF-8"?>
<testsuite name="de.uka.ilkd.key.symbolic_execution.testcase.strategy.TestLineBreakpointStopConditionSimpleWithConditions" tests="1" skipped="0" failures="0" errors="0" timestamp="2023-02-02T21:59:05" hostname="fv-az365-916" time="8.201">
  <properties/>
  <testcase name="testBreakpointStopCondition()" classname="de.uka.ilkd.key.symbolic_execution.testcase.strategy.TestLineBreakpointStopConditionSimpleWithConditions" time="8.201"/>
  <system-out><![CDATA[]]></system-out>
  <system-err><![CDATA[]]></system-err>
</testsuite>
