<?xml version="1.0" encoding="UTF-8"?>
<testsuite name="recoder.testsuite.basic.analysis.ReferenceCompletenessTest" tests="1" skipped="0" failures="0" errors="0" timestamp="2023-04-20T13:05:46" hostname="fv-az1246-748" time="0.013">
  <properties/>
  <testcase name="testReferenceCompleteness" classname="recoder.testsuite.basic.analysis.ReferenceCompletenessTest" time="0.013"/>
  <system-out><![CDATA[]]></system-out>
  <system-err><![CDATA[]]></system-err>
</testsuite>
