<?xml version="1.0" encoding="UTF-8"?>
<testsuite name="de.uka.ilkd.key.rule.merge.PredicateAbstractionLatticeTests" tests="3" skipped="0" failures="0" errors="0" timestamp="2023-05-29T21:14:01" hostname="fv-az449-897" time="5.221">
  <properties/>
  <testcase name="testToAndFromString()" classname="de.uka.ilkd.key.rule.merge.PredicateAbstractionLatticeTests" time="2.683"/>
  <testcase name="testCreateSignLatticeWithPredicates()" classname="de.uka.ilkd.key.rule.merge.PredicateAbstractionLatticeTests" time="2.538"/>
  <testcase name="testTrivialPredicatesLattice()" classname="de.uka.ilkd.key.rule.merge.PredicateAbstractionLatticeTests" time="0.0"/>
  <system-out><![CDATA[485589     INFO  Test worker     d.u.i.k.p.i.AbstractProblemLoader Loading environment from src\test\resources\testcase\merge\dummy.key 
485589     DEBUG Test worker     d.u.i.k.p.i.AbstractProblemLoader Environment load took 298ns 
485589     INFO  Test worker     d.u.i.k.p.i.AbstractProblemLoader Creating init config 
488257     DEBUG Test worker     d.u.i.k.p.i.AbstractProblemLoader Init config took 2.67s 
488272     INFO  Test worker     d.u.i.k.p.i.AbstractProblemLoader Replaying proof dummy.key 
488272     DEBUG Test worker     d.u.i.k.p.i.IntermediateProofReplayer Proof replay took 6.7ns 
488272     INFO  Test worker     d.u.i.k.p.i.AbstractProblemLoader Loading environment from src\test\resources\testcase\merge\dummy.key 
488272     DEBUG Test worker     d.u.i.k.p.i.AbstractProblemLoader Environment load took 84.8ns 
488272     INFO  Test worker     d.u.i.k.p.i.AbstractProblemLoader Creating init config 
490795     DEBUG Test worker     d.u.i.k.p.i.AbstractProblemLoader Init config took 2.51s 
490795     INFO  Test worker     d.u.i.k.p.i.AbstractProblemLoader Replaying proof dummy.key 
490795     DEBUG Test worker     d.u.i.k.p.i.IntermediateProofReplayer Proof replay took 7.7ns 
]]></system-out>
  <system-err><![CDATA[]]></system-err>
</testsuite>
