<?xml version="1.0" encoding="UTF-8"?>
<testsuite name="de.uka.ilkd.key.parser.TestDeclParser" tests="14" skipped="2" failures="0" errors="0" timestamp="2023-05-29T21:09:07" hostname="fv-az449-897" time="10.671">
  <properties/>
  <testcase name="testGenericSortDecl1()" classname="de.uka.ilkd.key.parser.TestDeclParser" time="1.019"/>
  <testcase name="testGenericSortDecl2()" classname="de.uka.ilkd.key.parser.TestDeclParser" time="0.806"/>
  <testcase name="testGenericSortDecl3()" classname="de.uka.ilkd.key.parser.TestDeclParser" time="1.092"/>
  <testcase name="testGenericSortDecl4()" classname="de.uka.ilkd.key.parser.TestDeclParser" time="0.883"/>
  <testcase name="testGenericSortDecl5()" classname="de.uka.ilkd.key.parser.TestDeclParser" time="0.0">
    <skipped/>
  </testcase>
  <testcase name="testGenericSortDecl6()" classname="de.uka.ilkd.key.parser.TestDeclParser" time="0.85"/>
  <testcase name="testSortDecl()" classname="de.uka.ilkd.key.parser.TestDeclParser" time="0.926"/>
  <testcase name="testProxySortDecl()" classname="de.uka.ilkd.key.parser.TestDeclParser" time="0.85"/>
  <testcase name="testArrayDecl()" classname="de.uka.ilkd.key.parser.TestDeclParser" time="0.862"/>
  <testcase name="testAmbiguousDecls()" classname="de.uka.ilkd.key.parser.TestDeclParser" time="0.0">
    <skipped/>
  </testcase>
  <testcase name="testHeurDecl()" classname="de.uka.ilkd.key.parser.TestDeclParser" time="0.849"/>
  <testcase name="testFunctionDecl()" classname="de.uka.ilkd.key.parser.TestDeclParser" time="0.862"/>
  <testcase name="testPredicateDecl()" classname="de.uka.ilkd.key.parser.TestDeclParser" time="0.846"/>
  <testcase name="testSVDecl()" classname="de.uka.ilkd.key.parser.TestDeclParser" time="0.823"/>
  <system-out><![CDATA[192584     INFO  Test worker     d.u.i.k.n.KeyIO           Parsing took 0 ms 
192584     DEBUG Test worker     d.u.i.k.n.KeyIO           Load declarations of de.uka.ilkd.key.nparser.KeyAst$File:  <unknown>:1#1 
192584     INFO  Test worker     d.u.i.k.n.KeyIO           MODE: declarations took 0 ms 
192584     DEBUG Test worker     d.u.i.k.n.KeyIO           MODE: 2nd degree decls took 0 
192584     DEBUG Test worker     d.u.i.k.n.KeyIO           MODE: taclets took 0ms 
193381     INFO  Test worker     d.u.i.k.n.KeyIO           Parsing took 0 ms 
193381     DEBUG Test worker     d.u.i.k.n.KeyIO           Load declarations of de.uka.ilkd.key.nparser.KeyAst$File:  <unknown>:1#1 
193381     INFO  Test worker     d.u.i.k.n.KeyIO           MODE: declarations took 0 ms 
193381     DEBUG Test worker     d.u.i.k.n.KeyIO           MODE: 2nd degree decls took 0 
193381     DEBUG Test worker     d.u.i.k.n.KeyIO           MODE: taclets took 0ms 
194473     INFO  Test worker     d.u.i.k.n.KeyIO           Parsing took 0 ms 
194473     DEBUG Test worker     d.u.i.k.n.KeyIO           Load declarations of de.uka.ilkd.key.nparser.KeyAst$File:  <unknown>:1#1 
194473     INFO  Test worker     d.u.i.k.n.KeyIO           MODE: declarations took 0 ms 
194473     DEBUG Test worker     d.u.i.k.n.KeyIO           MODE: 2nd degree decls took 0 
194473     DEBUG Test worker     d.u.i.k.n.KeyIO           MODE: taclets took 0ms 
195350     INFO  Test worker     d.u.i.k.n.KeyIO           Parsing took 0 ms 
195350     DEBUG Test worker     d.u.i.k.n.KeyIO           Load declarations of de.uka.ilkd.key.nparser.KeyAst$File:  <unknown>:1#1 
195350     INFO  Test worker     d.u.i.k.n.KeyIO           MODE: declarations took 0 ms 
195350     DEBUG Test worker     d.u.i.k.n.KeyIO           MODE: 2nd degree decls took 0 
195350     DEBUG Test worker     d.u.i.k.n.KeyIO           MODE: taclets took 0ms 
196202     INFO  Test worker     d.u.i.k.n.KeyIO           Parsing took 0 ms 
196202     DEBUG Test worker     d.u.i.k.n.KeyIO           Load declarations of de.uka.ilkd.key.nparser.KeyAst$File:  <unknown>:1#1 
196202     INFO  Test worker     d.u.i.k.n.KeyIO           MODE: declarations took 0 ms 
196202     DEBUG Test worker     d.u.i.k.n.KeyIO           MODE: 2nd degree decls took 0 
196202     DEBUG Test worker     d.u.i.k.n.KeyIO           MODE: taclets took 0ms 
197124     INFO  Test worker     d.u.i.k.n.KeyIO           Parsing took 0 ms 
197124     DEBUG Test worker     d.u.i.k.n.KeyIO           Load declarations of de.uka.ilkd.key.nparser.KeyAst$File:  <unknown>:1#1 
197124     INFO  Test worker     d.u.i.k.n.KeyIO           MODE: declarations took 0 ms 
197124     DEBUG Test worker     d.u.i.k.n.KeyIO           MODE: 2nd degree decls took 0 
197124     DEBUG Test worker     d.u.i.k.n.KeyIO           MODE: taclets took 0ms 
197984     INFO  Test worker     d.u.i.k.n.KeyIO           Parsing took 0 ms 
197984     DEBUG Test worker     d.u.i.k.n.KeyIO           Load declarations of de.uka.ilkd.key.nparser.KeyAst$File:  <unknown>:1#1 
197984     INFO  Test worker     d.u.i.k.n.KeyIO           MODE: declarations took 0 ms 
197984     DEBUG Test worker     d.u.i.k.n.KeyIO           MODE: 2nd degree decls took 0 
197984     DEBUG Test worker     d.u.i.k.n.KeyIO           MODE: taclets took 0ms 
198851     INFO  Test worker     d.u.i.k.n.KeyIO           Parsing took 0 ms 
198851     DEBUG Test worker     d.u.i.k.n.KeyIO           Load declarations of de.uka.ilkd.key.nparser.KeyAst$File:  <unknown>:1#1 
198851     INFO  Test worker     d.u.i.k.n.KeyIO           MODE: declarations took 0 ms 
198851     DEBUG Test worker     d.u.i.k.n.KeyIO           MODE: 2nd degree decls took 0 
198851     DEBUG Test worker     d.u.i.k.n.KeyIO           MODE: taclets took 0ms 
199695     INFO  Test worker     d.u.i.k.n.KeyIO           Parsing took 0 ms 
199695     DEBUG Test worker     d.u.i.k.n.KeyIO           Load declarations of de.uka.ilkd.key.nparser.KeyAst$File:  <unknown>:1#1 
199695     INFO  Test worker     d.u.i.k.n.KeyIO           MODE: declarations took 0 ms 
199695     DEBUG Test worker     d.u.i.k.n.KeyIO           MODE: 2nd degree decls took 0 
199695     DEBUG Test worker     d.u.i.k.n.KeyIO           MODE: taclets took 0ms 
200555     INFO  Test worker     d.u.i.k.n.KeyIO           Parsing took 0 ms 
200555     DEBUG Test worker     d.u.i.k.n.KeyIO           Load declarations of de.uka.ilkd.key.nparser.KeyAst$File:  <unknown>:1#1 
200555     INFO  Test worker     d.u.i.k.n.KeyIO           MODE: declarations took 0 ms 
200555     DEBUG Test worker     d.u.i.k.n.KeyIO           MODE: 2nd degree decls took 0 
200555     DEBUG Test worker     d.u.i.k.n.KeyIO           MODE: taclets took 0ms 
201403     INFO  Test worker     d.u.i.k.n.KeyIO           Parsing took 0 ms 
201403     DEBUG Test worker     d.u.i.k.n.KeyIO           Load declarations of de.uka.ilkd.key.nparser.KeyAst$File:  <unknown>:1#1 
201403     INFO  Test worker     d.u.i.k.n.KeyIO           MODE: declarations took 0 ms 
201403     DEBUG Test worker     d.u.i.k.n.KeyIO           MODE: 2nd degree decls took 0 
201403     DEBUG Test worker     d.u.i.k.n.KeyIO           MODE: taclets took 0ms 
202236     INFO  Test worker     d.u.i.k.n.KeyIO           Parsing took 0 ms 
202236     DEBUG Test worker     d.u.i.k.n.KeyIO           Load declarations of de.uka.ilkd.key.nparser.KeyAst$File:  <unknown>:1#1 
202236     INFO  Test worker     d.u.i.k.n.KeyIO           MODE: declarations took 0 ms 
202236     DEBUG Test worker     d.u.i.k.n.KeyIO           MODE: 2nd degree decls took 0 
202236     DEBUG Test worker     d.u.i.k.n.KeyIO           MODE: taclets took 0ms 
]]></system-out>
  <system-err><![CDATA[]]></system-err>
</testsuite>
