<?xml version="1.0" encoding="UTF-8"?>
<testsuite name="de.uka.ilkd.key.rule.metaconstruct.TestProgramMetaConstructs" tests="7" skipped="1" failures="0" errors="0" timestamp="2023-05-29T21:14:06" hostname="fv-az449-897" time="0.025">
  <properties/>
  <testcase name="testForInitUnfoldTransformer1()" classname="de.uka.ilkd.key.rule.metaconstruct.TestProgramMetaConstructs" time="0.003"/>
  <testcase name="testForInitUnfoldTransformer2()" classname="de.uka.ilkd.key.rule.metaconstruct.TestProgramMetaConstructs" time="0.002"/>
  <testcase name="testForInitUnfoldTransformer3()" classname="de.uka.ilkd.key.rule.metaconstruct.TestProgramMetaConstructs" time="0.002"/>
  <testcase name="testBugId183()" classname="de.uka.ilkd.key.rule.metaconstruct.TestProgramMetaConstructs" time="0.011"/>
  <testcase name="testASTWalker()" classname="de.uka.ilkd.key.rule.metaconstruct.TestProgramMetaConstructs" time="0.0">
    <skipped/>
  </testcase>
  <testcase name="testDoBreak()" classname="de.uka.ilkd.key.rule.metaconstruct.TestProgramMetaConstructs" time="0.003"/>
  <testcase name="testTypeOf()" classname="de.uka.ilkd.key.rule.metaconstruct.TestProgramMetaConstructs" time="0.002"/>
  <system-out><![CDATA[]]></system-out>
  <system-err><![CDATA[]]></system-err>
</testsuite>
