<?xml version="1.0" encoding="UTF-8"?>
<testsuite name="de.uka.ilkd.key.logic.TestTermLabelManager" tests="21" skipped="0" failures="0" errors="0" timestamp="2023-05-29T21:07:34" hostname="fv-az449-897" time="51.173">
  <properties/>
  <testcase name="testInstantiateLabels_directChildPolicies_allRules()" classname="de.uka.ilkd.key.logic.TestTermLabelManager" time="3.729"/>
  <testcase name="testInstantiateLabels_childAndGrandchildPolicies_ruleSpecific()" classname="de.uka.ilkd.key.logic.TestTermLabelManager" time="2.697"/>
  <testcase name="testParseLabel()" classname="de.uka.ilkd.key.logic.TestTermLabelManager" time="2.902"/>
  <testcase name="testrefactorGoal_childrenAndGrandchildren_ruleSpecific()" classname="de.uka.ilkd.key.logic.TestTermLabelManager" time="2.662"/>
  <testcase name="testrefactorGoal_directChildren_allRules()" classname="de.uka.ilkd.key.logic.TestTermLabelManager" time="2.688"/>
  <testcase name="testInstantiateLabels_childAndGrandchildPolicies_allRules()" classname="de.uka.ilkd.key.logic.TestTermLabelManager" time="2.611"/>
  <testcase name="testInstantiateLabels_taclet()" classname="de.uka.ilkd.key.logic.TestTermLabelManager" time="2.568"/>
  <testcase name="testrefactorGoal_none_ruleSpecific()" classname="de.uka.ilkd.key.logic.TestTermLabelManager" time="2.606"/>
  <testcase name="testInstantiateLabels_updates_ruleSpecific()" classname="de.uka.ilkd.key.logic.TestTermLabelManager" time="2.602"/>
  <testcase name="testrefactorGoal_sequent_ruleSpecific()" classname="de.uka.ilkd.key.logic.TestTermLabelManager" time="2.587"/>
  <testcase name="testInstantiateLabels_updates_allRules()" classname="de.uka.ilkd.key.logic.TestTermLabelManager" time="2.681"/>
  <testcase name="testrefactorGoal_sequent_allRules()" classname="de.uka.ilkd.key.logic.TestTermLabelManager" time="2.606"/>
  <testcase name="testrefactorGoal_childrenAndGrandchildren_allRules()" classname="de.uka.ilkd.key.logic.TestTermLabelManager" time="2.628"/>
  <testcase name="testGetTermLabelManager()" classname="de.uka.ilkd.key.logic.TestTermLabelManager" time="0.003"/>
  <testcase name="testInstantiateLabels_applicationTermPolicies()" classname="de.uka.ilkd.key.logic.TestTermLabelManager" time="2.652"/>
  <testcase name="testInstantiateLabels_modalityTermPolicies()" classname="de.uka.ilkd.key.logic.TestTermLabelManager" time="2.607"/>
  <testcase name="testrefactorGoal_none_allRules()" classname="de.uka.ilkd.key.logic.TestTermLabelManager" time="2.578"/>
  <testcase name="testInstantiateLabels_null()" classname="de.uka.ilkd.key.logic.TestTermLabelManager" time="0.001"/>
  <testcase name="testrefactorGoal_directChildren_ruleSpecific()" classname="de.uka.ilkd.key.logic.TestTermLabelManager" time="2.588"/>
  <testcase name="testInstantiateLabels_directChildPolicies_ruleSpecific()" classname="de.uka.ilkd.key.logic.TestTermLabelManager" time="2.582"/>
  <testcase name="testGetSupportedTermLabelNames()" classname="de.uka.ilkd.key.logic.TestTermLabelManager" time="2.589"/>
  <system-out><![CDATA[98370      INFO  Test worker     d.u.i.k.p.i.AbstractProblemLoader Loading environment from src\test\resources\testcase\termLabels\flatSteps\FlatSteps.java 
98370      DEBUG Test worker     d.u.i.k.p.i.AbstractProblemLoader Environment load took 194.4ns 
98370      INFO  Test worker     d.u.i.k.p.i.AbstractProblemLoader Creating init config 
98534      DEBUG Test worker     d.u.i.k.j.TypeConverter   No LDT found for Meta 
98534      DEBUG Test worker     d.u.i.k.j.TypeConverter   No LDT found for Meta 
98535      DEBUG Test worker     d.u.i.k.j.TypeConverter   No LDT found for Meta 
98535      DEBUG Test worker     d.u.i.k.j.TypeConverter   No LDT found for Meta 
99127      DEBUG Test worker     d.u.i.k.j.TypeConverter   No LDT found for JavaBigintExpression 
102084     DEBUG Test worker     d.u.i.k.p.i.AbstractProblemLoader Init config took 3.71s 
102084     INFO  Test worker     d.u.i.k.p.i.AbstractProblemLoader Loading environment from src\test\resources\testcase\termLabels\flatSteps\FlatSteps.java 
102084     DEBUG Test worker     d.u.i.k.p.i.AbstractProblemLoader Environment load took 469.8ns 
102084     INFO  Test worker     d.u.i.k.p.i.AbstractProblemLoader Creating init config 
104785     DEBUG Test worker     d.u.i.k.p.i.AbstractProblemLoader Init config took 2.69s 
104785     INFO  Test worker     d.u.i.k.p.i.AbstractProblemLoader Loading environment from src\test\resources\testcase\termLabels\flatSteps\FlatSteps.java 
104785     DEBUG Test worker     d.u.i.k.p.i.AbstractProblemLoader Environment load took 195.4ns 
104785     INFO  Test worker     d.u.i.k.p.i.AbstractProblemLoader Creating init config 
107684     DEBUG Test worker     d.u.i.k.p.i.AbstractProblemLoader Init config took 2.89s 
107684     INFO  Test worker     d.u.i.k.p.i.AbstractProblemLoader Loading environment from src\test\resources\testcase\termLabels\flatSteps\FlatSteps.java 
107684     DEBUG Test worker     d.u.i.k.p.i.AbstractProblemLoader Environment load took 180.4ns 
107684     INFO  Test worker     d.u.i.k.p.i.AbstractProblemLoader Creating init config 
110343     DEBUG Test worker     d.u.i.k.p.i.AbstractProblemLoader Init config took 2.65s 
110358     INFO  Test worker     d.u.i.k.p.i.AbstractProblemLoader Loading environment from src\test\resources\testcase\termLabels\flatSteps\FlatSteps.java 
110358     DEBUG Test worker     d.u.i.k.p.i.AbstractProblemLoader Environment load took 224.4ns 
110358     INFO  Test worker     d.u.i.k.p.i.AbstractProblemLoader Creating init config 
113019     DEBUG Test worker     d.u.i.k.p.i.AbstractProblemLoader Init config took 2.66s 
113035     INFO  Test worker     d.u.i.k.p.i.AbstractProblemLoader Loading environment from src\test\resources\testcase\termLabels\flatSteps\FlatSteps.java 
113035     DEBUG Test worker     d.u.i.k.p.i.AbstractProblemLoader Environment load took 2.37ms 
113035     INFO  Test worker     d.u.i.k.p.i.AbstractProblemLoader Creating init config 
115640     DEBUG Test worker     d.u.i.k.p.i.AbstractProblemLoader Init config took 2.6s 
115640     INFO  Test worker     d.u.i.k.p.i.AbstractProblemLoader Loading environment from src\test\resources\testcase\termLabels\flatSteps\FlatSteps.java 
115640     DEBUG Test worker     d.u.i.k.p.i.AbstractProblemLoader Environment load took 714.3ns 
115640     INFO  Test worker     d.u.i.k.p.i.AbstractProblemLoader Creating init config 
118215     DEBUG Test worker     d.u.i.k.p.i.AbstractProblemLoader Init config took 2.57s 
118215     INFO  Test worker     d.u.i.k.p.i.AbstractProblemLoader Loading environment from src\test\resources\testcase\termLabels\flatSteps\FlatSteps.java 
118215     DEBUG Test worker     d.u.i.k.p.i.AbstractProblemLoader Environment load took 407ns 
118230     INFO  Test worker     d.u.i.k.p.i.AbstractProblemLoader Creating init config 
120810     DEBUG Test worker     d.u.i.k.p.i.AbstractProblemLoader Init config took 2.59s 
120841     INFO  Test worker     d.u.i.k.p.i.AbstractProblemLoader Loading environment from src\test\resources\testcase\termLabels\flatSteps\FlatSteps.java 
120841     DEBUG Test worker     d.u.i.k.p.i.AbstractProblemLoader Environment load took 159.7ns 
120841     INFO  Test worker     d.u.i.k.p.i.AbstractProblemLoader Creating init config 
123409     DEBUG Test worker     d.u.i.k.p.i.AbstractProblemLoader Init config took 2.58s 
123424     INFO  Test worker     d.u.i.k.p.i.AbstractProblemLoader Loading environment from src\test\resources\testcase\termLabels\flatSteps\FlatSteps.java 
123424     DEBUG Test worker     d.u.i.k.p.i.AbstractProblemLoader Environment load took 1.28ms 
123424     INFO  Test worker     d.u.i.k.p.i.AbstractProblemLoader Creating init config 
126001     DEBUG Test worker     d.u.i.k.p.i.AbstractProblemLoader Init config took 2.57s 
126048     INFO  Test worker     d.u.i.k.p.i.AbstractProblemLoader Loading environment from src\test\resources\testcase\termLabels\flatSteps\FlatSteps.java 
126048     DEBUG Test worker     d.u.i.k.p.i.AbstractProblemLoader Environment load took 219ns 
126048     INFO  Test worker     d.u.i.k.p.i.AbstractProblemLoader Creating init config 
128693     DEBUG Test worker     d.u.i.k.p.i.AbstractProblemLoader Init config took 2.65s 
128693     INFO  Test worker     d.u.i.k.p.i.AbstractProblemLoader Loading environment from src\test\resources\testcase\termLabels\flatSteps\FlatSteps.java 
128693     DEBUG Test worker     d.u.i.k.p.i.AbstractProblemLoader Environment load took 140.5ns 
128693     INFO  Test worker     d.u.i.k.p.i.AbstractProblemLoader Creating init config 
131288     DEBUG Test worker     d.u.i.k.p.i.AbstractProblemLoader Init config took 2.59s 
131319     INFO  Test worker     d.u.i.k.p.i.AbstractProblemLoader Loading environment from src\test\resources\testcase\termLabels\flatSteps\FlatSteps.java 
131319     DEBUG Test worker     d.u.i.k.p.i.AbstractProblemLoader Environment load took 214ns 
131319     INFO  Test worker     d.u.i.k.p.i.AbstractProblemLoader Creating init config 
133915     DEBUG Test worker     d.u.i.k.p.i.AbstractProblemLoader Init config took 2.59s 
133931     INFO  Test worker     d.u.i.k.p.i.AbstractProblemLoader Loading environment from src\test\resources\testcase\termLabels\flatSteps\FlatSteps.java 
133931     DEBUG Test worker     d.u.i.k.p.i.AbstractProblemLoader Environment load took 139.9ns 
133931     INFO  Test worker     d.u.i.k.p.i.AbstractProblemLoader Creating init config 
136568     DEBUG Test worker     d.u.i.k.p.i.AbstractProblemLoader Init config took 2.65s 
136584     INFO  Test worker     d.u.i.k.p.i.AbstractProblemLoader Loading environment from src\test\resources\testcase\termLabels\flatSteps\FlatSteps.java 
136584     DEBUG Test worker     d.u.i.k.p.i.AbstractProblemLoader Environment load took 165.3ns 
136584     INFO  Test worker     d.u.i.k.p.i.AbstractProblemLoader Creating init config 
139190     DEBUG Test worker     d.u.i.k.p.i.AbstractProblemLoader Init config took 2.61s 
139206     INFO  Test worker     d.u.i.k.p.i.AbstractProblemLoader Loading environment from src\test\resources\testcase\termLabels\flatSteps\FlatSteps.java 
139206     DEBUG Test worker     d.u.i.k.p.i.AbstractProblemLoader Environment load took 137.1ns 
139206     INFO  Test worker     d.u.i.k.p.i.AbstractProblemLoader Creating init config 
141771     DEBUG Test worker     d.u.i.k.p.i.AbstractProblemLoader Init config took 2.57s 
141787     INFO  Test worker     d.u.i.k.p.i.AbstractProblemLoader Loading environment from src\test\resources\testcase\termLabels\flatSteps\FlatSteps.java 
141787     DEBUG Test worker     d.u.i.k.p.i.AbstractProblemLoader Environment load took 179.9ns 
141787     INFO  Test worker     d.u.i.k.p.i.AbstractProblemLoader Creating init config 
144357     DEBUG Test worker     d.u.i.k.p.i.AbstractProblemLoader Init config took 2.57s 
144372     INFO  Test worker     d.u.i.k.p.i.AbstractProblemLoader Loading environment from src\test\resources\testcase\termLabels\flatSteps\FlatSteps.java 
144372     DEBUG Test worker     d.u.i.k.p.i.AbstractProblemLoader Environment load took 168ns 
144372     INFO  Test worker     d.u.i.k.p.i.AbstractProblemLoader Creating init config 
146949     DEBUG Test worker     d.u.i.k.p.i.AbstractProblemLoader Init config took 2.58s 
146949     INFO  Test worker     d.u.i.k.p.i.AbstractProblemLoader Loading environment from src\test\resources\testcase\termLabels\flatSteps\FlatSteps.java 
146949     DEBUG Test worker     d.u.i.k.p.i.AbstractProblemLoader Environment load took 654.6ns 
146949     INFO  Test worker     d.u.i.k.p.i.AbstractProblemLoader Creating init config 
149528     DEBUG Test worker     d.u.i.k.p.i.AbstractProblemLoader Init config took 2.57s 
]]></system-out>
  <system-err><![CDATA[]]></system-err>
</testsuite>
