<?xml version="1.0" encoding="UTF-8"?>
<testsuite name="de.uka.ilkd.key.parser.TestTermParserSorts" tests="2" skipped="0" failures="0" errors="0" timestamp="2023-05-29T21:12:18" hostname="fv-az449-897" time="2.609">
  <properties/>
  <testcase name="testParseIntegerArgs()" classname="de.uka.ilkd.key.parser.TestTermParserSorts" time="0.013"/>
  <testcase name="testParseSequencePrettySyntax()" classname="de.uka.ilkd.key.parser.TestTermParserSorts" time="0.002"/>
  <system-out><![CDATA[382678     INFO  Test worker     d.u.i.k.n.KeyIO           Parsing took 0 ms 
382678     DEBUG Test worker     d.u.i.k.n.KeyIO           Load declarations of de.uka.ilkd.key.nparser.KeyAst$File:  <unknown>:1#1 
382678     INFO  Test worker     d.u.i.k.n.KeyIO           MODE: declarations took 0 ms 
382678     DEBUG Test worker     d.u.i.k.n.KeyIO           MODE: 2nd degree decls took 0 
382678     INFO  Test worker     d.u.i.k.n.KeyIO           Parsing took 0 ms 
382678     DEBUG Test worker     d.u.i.k.n.KeyIO           Load declarations of de.uka.ilkd.key.nparser.KeyAst$File:  <unknown>:1#1 
382678     INFO  Test worker     d.u.i.k.n.KeyIO           MODE: declarations took 0 ms 
382678     DEBUG Test worker     d.u.i.k.n.KeyIO           MODE: 2nd degree decls took 0 
382678     INFO  Test worker     d.u.i.k.n.KeyIO           Parsing took 0 ms 
382678     DEBUG Test worker     d.u.i.k.n.KeyIO           Load declarations of de.uka.ilkd.key.nparser.KeyAst$File:  <unknown>:1#1 
382678     INFO  Test worker     d.u.i.k.n.KeyIO           MODE: declarations took 0 ms 
382678     DEBUG Test worker     d.u.i.k.n.KeyIO           MODE: 2nd degree decls took 0 
385295     INFO  Test worker     d.u.i.k.n.KeyIO           Parsing took 0 ms 
385295     DEBUG Test worker     d.u.i.k.n.KeyIO           Load declarations of de.uka.ilkd.key.nparser.KeyAst$File:  <unknown>:1#1 
385295     INFO  Test worker     d.u.i.k.n.KeyIO           MODE: declarations took 0 ms 
385295     DEBUG Test worker     d.u.i.k.n.KeyIO           MODE: 2nd degree decls took 0 
385295     INFO  Test worker     d.u.i.k.n.KeyIO           Parsing took 0 ms 
385295     DEBUG Test worker     d.u.i.k.n.KeyIO           Load declarations of de.uka.ilkd.key.nparser.KeyAst$File:  <unknown>:1#1 
385295     INFO  Test worker     d.u.i.k.n.KeyIO           MODE: declarations took 0 ms 
385295     DEBUG Test worker     d.u.i.k.n.KeyIO           MODE: 2nd degree decls took 0 
385295     INFO  Test worker     d.u.i.k.n.KeyIO           Parsing took 0 ms 
385295     DEBUG Test worker     d.u.i.k.n.KeyIO           Load declarations of de.uka.ilkd.key.nparser.KeyAst$File:  <unknown>:1#1 
385295     INFO  Test worker     d.u.i.k.n.KeyIO           MODE: declarations took 0 ms 
385295     DEBUG Test worker     d.u.i.k.n.KeyIO           MODE: 2nd degree decls took 0 
]]></system-out>
  <system-err><![CDATA[]]></system-err>
</testsuite>
