<?xml version="1.0" encoding="UTF-8"?>
<testsuite name="de.uka.ilkd.key.proof.TestOneStepSimplifier" tests="1" skipped="0" failures="0" errors="0" timestamp="2023-05-29T21:12:21" hostname="fv-az449-897" time="3.585">
  <properties/>
  <testcase name="loadWithRestriction()" classname="de.uka.ilkd.key.proof.TestOneStepSimplifier" time="3.585"/>
  <system-out><![CDATA[385358     INFO  Test worker     d.u.i.k.p.i.AbstractProblemLoader Loading environment from src\test\resources\testcase\ossRestriction.proof 
385358     DEBUG Test worker     d.u.i.k.p.i.AbstractProblemLoader Environment load took 116.4ns 
385358     INFO  Test worker     d.u.i.k.p.i.AbstractProblemLoader Creating init config 
385483     DEBUG Test worker     d.u.i.k.j.TypeConverter   No LDT found for Meta 
385483     DEBUG Test worker     d.u.i.k.j.TypeConverter   No LDT found for Meta 
385483     DEBUG Test worker     d.u.i.k.j.TypeConverter   No LDT found for Meta 
385483     DEBUG Test worker     d.u.i.k.j.TypeConverter   No LDT found for Meta 
385999     DEBUG Test worker     d.u.i.k.j.TypeConverter   No LDT found for JavaBigintExpression 
388904     DEBUG Test worker     d.u.i.k.p.i.AbstractProblemLoader Init config took 3.54s 
388920     INFO  Test worker     d.u.i.k.p.i.AbstractProblemLoader Replaying proof ossRestriction.proof 
388951     DEBUG Test worker     d.u.i.k.p.i.IntermediateProofReplayer Proof replay took 779.3ns 
]]></system-out>
  <system-err><![CDATA[]]></system-err>
</testsuite>
