<?xml version="1.0" encoding="UTF-8"?>
<testsuite name="de.uka.ilkd.key.util.TestProofStarter" tests="2" skipped="0" failures="0" errors="0" timestamp="2023-05-29T21:18:09" hostname="fv-az449-897" time="43.612">
  <properties/>
  <testcase name="testDirectProofWithOneStepSimplification()" classname="de.uka.ilkd.key.util.TestProofStarter" time="22.771"/>
  <testcase name="testDirectProof()" classname="de.uka.ilkd.key.util.TestProofStarter" time="20.841"/>
  <system-out><![CDATA[733223     INFO  Test worker     d.u.i.k.p.i.AbstractProblemLoader Loading environment from src\test\resources\testcase\proofStarter\CC\project.key 
733223     DEBUG Test worker     d.u.i.k.p.i.AbstractProblemLoader Environment load took 132.6ns 
733225     INFO  Test worker     d.u.i.k.p.i.AbstractProblemLoader Creating init config 
735963     DEBUG Test worker     d.u.i.k.p.i.AbstractProblemLoader Init config took 2.75s 
736057     INFO  Test worker     d.u.i.k.p.i.AbstractProblemLoader Replaying proof CC[CC::calcCoinIndex([I,[I)].JML normal_behavior operation contract.0 
736073     DEBUG Test worker     d.u.i.k.p.i.IntermediateProofReplayer Proof replay took 1.6ns 
755959     INFO  Test worker     d.u.i.k.p.i.AbstractProblemLoader Loading environment from src\test\resources\testcase\proofStarter\CC\project.key 
755959     DEBUG Test worker     d.u.i.k.p.i.AbstractProblemLoader Environment load took 106.5ns 
755959     INFO  Test worker     d.u.i.k.p.i.AbstractProblemLoader Creating init config 
758712     DEBUG Test worker     d.u.i.k.p.i.AbstractProblemLoader Init config took 2.76s 
758743     INFO  Test worker     d.u.i.k.p.i.AbstractProblemLoader Replaying proof CC[CC::calcCoinIndex([I,[I)].JML normal_behavior operation contract.0 
758759     DEBUG Test worker     d.u.i.k.p.i.IntermediateProofReplayer Proof replay took 1.2ns 
]]></system-out>
  <system-err><![CDATA[]]></system-err>
</testsuite>
