<?xml version="1.0" encoding="UTF-8"?>
<testsuite name="de.uka.ilkd.key.parser.TestTermParser" tests="47" skipped="4" failures="0" errors="0" timestamp="2023-04-11T16:46:40" hostname="fv-az456-458" time="3.589">
  <properties/>
  <testcase name="testNotEqual()" classname="de.uka.ilkd.key.parser.TestTermParser" time="0.002"/>
  <testcase name="testProgramVariables()" classname="de.uka.ilkd.key.parser.TestTermParser" time="0.054"/>
  <testcase name="testAttributeWithSpecifiedSortOnObject()" classname="de.uka.ilkd.key.parser.TestTermParser" time="0.006"/>
  <testcase name="testCast()" classname="de.uka.ilkd.key.parser.TestTermParser" time="0.004"/>
  <testcase name="testJavaQueryAndAttribute_all()" classname="de.uka.ilkd.key.parser.TestTermParser" time="0.0">
    <skipped/>
  </testcase>
  <testcase name="test10()" classname="de.uka.ilkd.key.parser.TestTermParser" time="0.004"/>
  <testcase name="test11()" classname="de.uka.ilkd.key.parser.TestTermParser" time="0.008"/>
  <testcase name="test12()" classname="de.uka.ilkd.key.parser.TestTermParser" time="0.001">
    <skipped/>
  </testcase>
  <testcase name="test13()" classname="de.uka.ilkd.key.parser.TestTermParser" time="0.008"/>
  <testcase name="test14()" classname="de.uka.ilkd.key.parser.TestTermParser" time="0.003"/>
  <testcase name="test1a()" classname="de.uka.ilkd.key.parser.TestTermParser" time="0.002"/>
  <testcase name="testJavaAttributeAccess_4()" classname="de.uka.ilkd.key.parser.TestTermParser" time="0.003"/>
  <testcase name="testAttributeOnObject()" classname="de.uka.ilkd.key.parser.TestTermParser" time="0.005"/>
  <testcase name="testNegativeLiteralParsing1()" classname="de.uka.ilkd.key.parser.TestTermParser" time="0.001"/>
  <testcase name="testNegativeLiteralParsing2()" classname="de.uka.ilkd.key.parser.TestTermParser" time="0.002"/>
  <testcase name="testNegativeLiteralParsing3()" classname="de.uka.ilkd.key.parser.TestTermParser" time="0.002"/>
  <testcase name="xtestParsingArrayWithSpaces()" classname="de.uka.ilkd.key.parser.TestTermParser" time="0.0">
    <skipped/>
  </testcase>
  <testcase name="testAmbigiousFuncVarPred()" classname="de.uka.ilkd.key.parser.TestTermParser" time="0.002"/>
  <testcase name="test1()" classname="de.uka.ilkd.key.parser.TestTermParser" time="0.003"/>
  <testcase name="test2()" classname="de.uka.ilkd.key.parser.TestTermParser" time="0.001"/>
  <testcase name="test3()" classname="de.uka.ilkd.key.parser.TestTermParser" time="0.003"/>
  <testcase name="test5()" classname="de.uka.ilkd.key.parser.TestTermParser" time="0.003"/>
  <testcase name="test6()" classname="de.uka.ilkd.key.parser.TestTermParser" time="0.002"/>
  <testcase name="test7()" classname="de.uka.ilkd.key.parser.TestTermParser" time="0.002"/>
  <testcase name="test8()" classname="de.uka.ilkd.key.parser.TestTermParser" time="0.002"/>
  <testcase name="test9()" classname="de.uka.ilkd.key.parser.TestTermParser" time="0.002"/>
  <testcase name="testBindingUpdateTerm()" classname="de.uka.ilkd.key.parser.TestTermParser" time="0.002"/>
  <testcase name="testJavaStaticQuery()" classname="de.uka.ilkd.key.parser.TestTermParser" time="0.004"/>
  <testcase name="testInfix1()" classname="de.uka.ilkd.key.parser.TestTermParser" time="0.002"/>
  <testcase name="testInfix2()" classname="de.uka.ilkd.key.parser.TestTermParser" time="0.003"/>
  <testcase name="testInfix3()" classname="de.uka.ilkd.key.parser.TestTermParser" time="0.003"/>
  <testcase name="testInfix4()" classname="de.uka.ilkd.key.parser.TestTermParser" time="0.002"/>
  <testcase name="testIfThenElse()" classname="de.uka.ilkd.key.parser.TestTermParser" time="0.002"/>
  <testcase name="testJavaAttributeAccessBoth_1()" classname="de.uka.ilkd.key.parser.TestTermParser" time="0.003"/>
  <testcase name="testJavaAttributeAccessBoth_2()" classname="de.uka.ilkd.key.parser.TestTermParser" time="0.006"/>
  <testcase name="testJavaAttributeAccessBoth_3()" classname="de.uka.ilkd.key.parser.TestTermParser" time="0.004"/>
  <testcase name="testBindingUpdateTerm_1()" classname="de.uka.ilkd.key.parser.TestTermParser" time="0.002"/>
  <testcase name="testBindingUpdateTerm_3()" classname="de.uka.ilkd.key.parser.TestTermParser" time="0.004"/>
  <testcase name="testBindingUpdateTerm_4()" classname="de.uka.ilkd.key.parser.TestTermParser" time="0.002"/>
  <testcase name="testBindingUpdateTerm_5()" classname="de.uka.ilkd.key.parser.TestTermParser" time="0.002"/>
  <testcase name="testBindingUpdateTerm_6()" classname="de.uka.ilkd.key.parser.TestTermParser" time="0.004"/>
  <testcase name="testBindingUpdateTerm_7()" classname="de.uka.ilkd.key.parser.TestTermParser" time="0.002"/>
  <testcase name="testBindingUpdateTerm_8()" classname="de.uka.ilkd.key.parser.TestTermParser" time="0.003"/>
  <testcase name="testParsingArray()" classname="de.uka.ilkd.key.parser.TestTermParser" time="0.025"/>
  <testcase name="xtestBindingUpdateTermOldBindingAlternative()" classname="de.uka.ilkd.key.parser.TestTermParser" time="0.001">
    <skipped/>
  </testcase>
  <testcase name="testJavaStaticQueryWithParameter()" classname="de.uka.ilkd.key.parser.TestTermParser" time="0.005"/>
  <testcase name="testParsingArrayCombination()" classname="de.uka.ilkd.key.parser.TestTermParser" time="0.016"/>
  <system-out><![CDATA[353317     INFO  Test worker     d.u.i.k.n.KeyIO           Parsing took 0 ms 
353317     INFO  Test worker     d.u.i.k.n.KeyIO           MODE: declarations took 0 ms 
353333     WARN  Test worker     d.u.i.k.j.r.KeYCrossReferenceNameInfo Datatype T declared twice: Once in UNKNOWN:unknown and once in UNKNOWN:unknown, Keeping one from UNKNOWN:unknown 
353396     INFO  Test worker     d.u.i.k.n.KeyIO           Parsing took 0 ms 
353396     INFO  Test worker     d.u.i.k.n.KeyIO           MODE: declarations took 0 ms 
353443     WARN  Test worker     d.u.i.k.j.r.KeYCrossReferenceNameInfo Datatype T declared twice: Once in UNKNOWN:unknown and once in UNKNOWN:unknown, Keeping one from UNKNOWN:unknown 
353521     INFO  Test worker     d.u.i.k.n.KeyIO           Parsing took 0 ms 
353521     INFO  Test worker     d.u.i.k.n.KeyIO           MODE: declarations took 0 ms 
353521     WARN  Test worker     d.u.i.k.j.r.KeYCrossReferenceNameInfo Datatype T declared twice: Once in UNKNOWN:unknown and once in UNKNOWN:unknown, Keeping one from UNKNOWN:unknown 
353583     INFO  Test worker     d.u.i.k.n.KeyIO           Parsing took 0 ms 
353583     INFO  Test worker     d.u.i.k.n.KeyIO           MODE: declarations took 0 ms 
353599     WARN  Test worker     d.u.i.k.j.r.KeYCrossReferenceNameInfo Datatype T declared twice: Once in UNKNOWN:unknown and once in UNKNOWN:unknown, Keeping one from UNKNOWN:unknown 
353662     WARN  Test worker     d.u.i.k.j.r.KeYCrossReferenceNameInfo Datatype T declared twice: Once in UNKNOWN:unknown and once in UNKNOWN:unknown, Keeping one from UNKNOWN:unknown 
353740     INFO  Test worker     d.u.i.k.n.KeyIO           Parsing took 0 ms 
353740     INFO  Test worker     d.u.i.k.n.KeyIO           MODE: declarations took 0 ms 
353740     INFO  Test worker     d.u.i.k.p.TestTermParser  Out: \<{
  int x = 1;
  {
    int s = 2;
  }
}\> (equals(x,x)) 
353740     WARN  Test worker     d.u.i.k.j.r.KeYCrossReferenceNameInfo Datatype T declared twice: Once in UNKNOWN:unknown and once in UNKNOWN:unknown, Keeping one from UNKNOWN:unknown 
353802     INFO  Test worker     d.u.i.k.n.KeyIO           Parsing took 0 ms 
353802     INFO  Test worker     d.u.i.k.n.KeyIO           MODE: declarations took 0 ms 
353802     INFO  Test worker     d.u.i.k.p.TestTermParser  Out: \[{
  int x = 2;
  {
    String s = ""}";
  }
}\] (true) 
353818     WARN  Test worker     d.u.i.k.j.r.KeYCrossReferenceNameInfo Datatype T declared twice: Once in UNKNOWN:unknown and once in UNKNOWN:unknown, Keeping one from UNKNOWN:unknown 
353896     WARN  Test worker     d.u.i.k.j.r.KeYCrossReferenceNameInfo Datatype T declared twice: Once in UNKNOWN:unknown and once in UNKNOWN:unknown, Keeping one from UNKNOWN:unknown 
353974     INFO  Test worker     d.u.i.k.n.KeyIO           Parsing took 0 ms 
353974     INFO  Test worker     d.u.i.k.n.KeyIO           MODE: declarations took 0 ms 
353974     WARN  Test worker     d.u.i.k.j.r.KeYCrossReferenceNameInfo Datatype T declared twice: Once in UNKNOWN:unknown and once in UNKNOWN:unknown, Keeping one from UNKNOWN:unknown 
354052     INFO  Test worker     d.u.i.k.n.KeyIO           Parsing took 0 ms 
354052     INFO  Test worker     d.u.i.k.n.KeyIO           MODE: declarations took 0 ms 
354052     INFO  Test worker     d.u.i.k.p.TestTermParser  Out: \<{
  int[] i;
}\> (diamond(true)) 
354052     WARN  Test worker     d.u.i.k.j.r.KeYCrossReferenceNameInfo Datatype T declared twice: Once in UNKNOWN:unknown and once in UNKNOWN:unknown, Keeping one from UNKNOWN:unknown 
354130     INFO  Test worker     d.u.i.k.n.KeyIO           Parsing took 0 ms 
354130     INFO  Test worker     d.u.i.k.n.KeyIO           MODE: declarations took 0 ms 
354130     WARN  Test worker     d.u.i.k.j.r.KeYCrossReferenceNameInfo Datatype T declared twice: Once in UNKNOWN:unknown and once in UNKNOWN:unknown, Keeping one from UNKNOWN:unknown 
354208     INFO  Test worker     d.u.i.k.n.KeyIO           Parsing took 0 ms 
354208     INFO  Test worker     d.u.i.k.n.KeyIO           MODE: declarations took 0 ms 
354208     WARN  Test worker     d.u.i.k.j.r.KeYCrossReferenceNameInfo Datatype T declared twice: Once in UNKNOWN:unknown and once in UNKNOWN:unknown, Keeping one from UNKNOWN:unknown 
354287     INFO  Test worker     d.u.i.k.n.KeyIO           Parsing took 0 ms 
354287     INFO  Test worker     d.u.i.k.n.KeyIO           MODE: declarations took 0 ms 
354287     WARN  Test worker     d.u.i.k.j.r.KeYCrossReferenceNameInfo Datatype T declared twice: Once in UNKNOWN:unknown and once in UNKNOWN:unknown, Keeping one from UNKNOWN:unknown 
354428     INFO  Test worker     d.u.i.k.n.KeyIO           Parsing took 0 ms 
354428     INFO  Test worker     d.u.i.k.n.KeyIO           MODE: declarations took 0 ms 
354428     WARN  Test worker     d.u.i.k.j.r.KeYCrossReferenceNameInfo Datatype T declared twice: Once in UNKNOWN:unknown and once in UNKNOWN:unknown, Keeping one from UNKNOWN:unknown 
354521     INFO  Test worker     d.u.i.k.n.KeyIO           Parsing took 0 ms 
354521     INFO  Test worker     d.u.i.k.n.KeyIO           MODE: declarations took 0 ms 
354521     WARN  Test worker     d.u.i.k.j.r.KeYCrossReferenceNameInfo Datatype T declared twice: Once in UNKNOWN:unknown and once in UNKNOWN:unknown, Keeping one from UNKNOWN:unknown 
354600     INFO  Test worker     d.u.i.k.n.KeyIO           Parsing took 0 ms 
354600     INFO  Test worker     d.u.i.k.n.KeyIO           MODE: declarations took 0 ms 
354600     WARN  Test worker     d.u.i.k.j.r.KeYCrossReferenceNameInfo Datatype T declared twice: Once in UNKNOWN:unknown and once in UNKNOWN:unknown, Keeping one from UNKNOWN:unknown 
354678     WARN  Test worker     d.u.i.k.j.r.KeYCrossReferenceNameInfo Datatype T declared twice: Once in UNKNOWN:unknown and once in UNKNOWN:unknown, Keeping one from UNKNOWN:unknown 
354741     INFO  Test worker     d.u.i.k.n.KeyIO           Parsing took 0 ms 
354741     INFO  Test worker     d.u.i.k.n.KeyIO           MODE: declarations took 0 ms 
354741     WARN  Test worker     d.u.i.k.j.r.KeYCrossReferenceNameInfo Datatype T declared twice: Once in UNKNOWN:unknown and once in UNKNOWN:unknown, Keeping one from UNKNOWN:unknown 
354819     INFO  Test worker     d.u.i.k.n.KeyIO           Parsing took 0 ms 
354819     INFO  Test worker     d.u.i.k.n.KeyIO           MODE: declarations took 0 ms 
354819     WARN  Test worker     d.u.i.k.j.r.KeYCrossReferenceNameInfo Datatype T declared twice: Once in UNKNOWN:unknown and once in UNKNOWN:unknown, Keeping one from UNKNOWN:unknown 
354897     INFO  Test worker     d.u.i.k.n.KeyIO           Parsing took 0 ms 
354897     INFO  Test worker     d.u.i.k.n.KeyIO           MODE: declarations took 0 ms 
354897     WARN  Test worker     d.u.i.k.j.r.KeYCrossReferenceNameInfo Datatype T declared twice: Once in UNKNOWN:unknown and once in UNKNOWN:unknown, Keeping one from UNKNOWN:unknown 
354959     INFO  Test worker     d.u.i.k.n.KeyIO           Parsing took 0 ms 
354959     INFO  Test worker     d.u.i.k.n.KeyIO           MODE: declarations took 0 ms 
354959     WARN  Test worker     d.u.i.k.j.r.KeYCrossReferenceNameInfo Datatype T declared twice: Once in UNKNOWN:unknown and once in UNKNOWN:unknown, Keeping one from UNKNOWN:unknown 
355038     INFO  Test worker     d.u.i.k.n.KeyIO           Parsing took 0 ms 
355038     INFO  Test worker     d.u.i.k.n.KeyIO           MODE: declarations took 0 ms 
355038     WARN  Test worker     d.u.i.k.j.r.KeYCrossReferenceNameInfo Datatype T declared twice: Once in UNKNOWN:unknown and once in UNKNOWN:unknown, Keeping one from UNKNOWN:unknown 
355100     INFO  Test worker     d.u.i.k.n.KeyIO           Parsing took 0 ms 
355100     INFO  Test worker     d.u.i.k.n.KeyIO           MODE: declarations took 0 ms 
355116     WARN  Test worker     d.u.i.k.j.r.KeYCrossReferenceNameInfo Datatype T declared twice: Once in UNKNOWN:unknown and once in UNKNOWN:unknown, Keeping one from UNKNOWN:unknown 
355178     INFO  Test worker     d.u.i.k.n.KeyIO           Parsing took 0 ms 
355178     INFO  Test worker     d.u.i.k.n.KeyIO           MODE: declarations took 0 ms 
355178     WARN  Test worker     d.u.i.k.j.r.KeYCrossReferenceNameInfo Datatype T declared twice: Once in UNKNOWN:unknown and once in UNKNOWN:unknown, Keeping one from UNKNOWN:unknown 
355256     INFO  Test worker     d.u.i.k.n.KeyIO           Parsing took 0 ms 
355256     INFO  Test worker     d.u.i.k.n.KeyIO           MODE: declarations took 0 ms 
355256     WARN  Test worker     d.u.i.k.j.r.KeYCrossReferenceNameInfo Datatype T declared twice: Once in UNKNOWN:unknown and once in UNKNOWN:unknown, Keeping one from UNKNOWN:unknown 
355334     INFO  Test worker     d.u.i.k.n.KeyIO           Parsing took 0 ms 
355334     INFO  Test worker     d.u.i.k.n.KeyIO           MODE: declarations took 0 ms 
355334     WARN  Test worker     d.u.i.k.j.r.KeYCrossReferenceNameInfo Datatype T declared twice: Once in UNKNOWN:unknown and once in UNKNOWN:unknown, Keeping one from UNKNOWN:unknown 
355398     INFO  Test worker     d.u.i.k.n.KeyIO           Parsing took 0 ms 
355398     INFO  Test worker     d.u.i.k.n.KeyIO           MODE: declarations took 0 ms 
355398     WARN  Test worker     d.u.i.k.j.r.KeYCrossReferenceNameInfo Datatype T declared twice: Once in UNKNOWN:unknown and once in UNKNOWN:unknown, Keeping one from UNKNOWN:unknown 
355475     INFO  Test worker     d.u.i.k.n.KeyIO           Parsing took 0 ms 
355475     INFO  Test worker     d.u.i.k.n.KeyIO           MODE: declarations took 0 ms 
355475     WARN  Test worker     d.u.i.k.j.r.KeYCrossReferenceNameInfo Datatype T declared twice: Once in UNKNOWN:unknown and once in UNKNOWN:unknown, Keeping one from UNKNOWN:unknown 
355538     INFO  Test worker     d.u.i.k.n.KeyIO           Parsing took 0 ms 
355538     INFO  Test worker     d.u.i.k.n.KeyIO           MODE: declarations took 0 ms 
355553     WARN  Test worker     d.u.i.k.j.r.KeYCrossReferenceNameInfo Datatype T declared twice: Once in UNKNOWN:unknown and once in UNKNOWN:unknown, Keeping one from UNKNOWN:unknown 
355616     INFO  Test worker     d.u.i.k.n.KeyIO           Parsing took 0 ms 
355616     INFO  Test worker     d.u.i.k.n.KeyIO           MODE: declarations took 0 ms 
355616     WARN  Test worker     d.u.i.k.j.r.KeYCrossReferenceNameInfo Datatype T declared twice: Once in UNKNOWN:unknown and once in UNKNOWN:unknown, Keeping one from UNKNOWN:unknown 
355694     INFO  Test worker     d.u.i.k.n.KeyIO           Parsing took 0 ms 
355694     INFO  Test worker     d.u.i.k.n.KeyIO           MODE: declarations took 0 ms 
355694     WARN  Test worker     d.u.i.k.j.r.KeYCrossReferenceNameInfo Datatype T declared twice: Once in UNKNOWN:unknown and once in UNKNOWN:unknown, Keeping one from UNKNOWN:unknown 
355772     INFO  Test worker     d.u.i.k.n.KeyIO           Parsing took 0 ms 
355772     INFO  Test worker     d.u.i.k.n.KeyIO           MODE: declarations took 0 ms 
355772     WARN  Test worker     d.u.i.k.j.r.KeYCrossReferenceNameInfo Datatype T declared twice: Once in UNKNOWN:unknown and once in UNKNOWN:unknown, Keeping one from UNKNOWN:unknown 
355835     INFO  Test worker     d.u.i.k.n.KeyIO           Parsing took 0 ms 
355835     INFO  Test worker     d.u.i.k.n.KeyIO           MODE: declarations took 0 ms 
355835     WARN  Test worker     d.u.i.k.j.r.KeYCrossReferenceNameInfo Datatype T declared twice: Once in UNKNOWN:unknown and once in UNKNOWN:unknown, Keeping one from UNKNOWN:unknown 
355913     INFO  Test worker     d.u.i.k.n.KeyIO           Parsing took 0 ms 
355913     INFO  Test worker     d.u.i.k.n.KeyIO           MODE: declarations took 0 ms 
355913     WARN  Test worker     d.u.i.k.j.r.KeYCrossReferenceNameInfo Datatype T declared twice: Once in UNKNOWN:unknown and once in UNKNOWN:unknown, Keeping one from UNKNOWN:unknown 
355975     INFO  Test worker     d.u.i.k.n.KeyIO           Parsing took 0 ms 
355975     INFO  Test worker     d.u.i.k.n.KeyIO           MODE: declarations took 0 ms 
355975     WARN  Test worker     d.u.i.k.j.r.KeYCrossReferenceNameInfo Datatype T declared twice: Once in UNKNOWN:unknown and once in UNKNOWN:unknown, Keeping one from UNKNOWN:unknown 
356053     INFO  Test worker     d.u.i.k.n.KeyIO           Parsing took 0 ms 
356053     INFO  Test worker     d.u.i.k.n.KeyIO           MODE: declarations took 0 ms 
356053     WARN  Test worker     d.u.i.k.j.r.KeYCrossReferenceNameInfo Datatype T declared twice: Once in UNKNOWN:unknown and once in UNKNOWN:unknown, Keeping one from UNKNOWN:unknown 
356116     INFO  Test worker     d.u.i.k.n.KeyIO           Parsing took 0 ms 
356116     INFO  Test worker     d.u.i.k.n.KeyIO           MODE: declarations took 0 ms 
356116     WARN  Test worker     d.u.i.k.j.r.KeYCrossReferenceNameInfo Datatype T declared twice: Once in UNKNOWN:unknown and once in UNKNOWN:unknown, Keeping one from UNKNOWN:unknown 
356178     INFO  Test worker     d.u.i.k.n.KeyIO           Parsing took 0 ms 
356194     INFO  Test worker     d.u.i.k.n.KeyIO           MODE: declarations took 16 ms 
356194     WARN  Test worker     d.u.i.k.j.r.KeYCrossReferenceNameInfo Datatype T declared twice: Once in UNKNOWN:unknown and once in UNKNOWN:unknown, Keeping one from UNKNOWN:unknown 
356256     INFO  Test worker     d.u.i.k.n.KeyIO           Parsing took 0 ms 
356256     INFO  Test worker     d.u.i.k.n.KeyIO           MODE: declarations took 0 ms 
356256     WARN  Test worker     d.u.i.k.j.r.KeYCrossReferenceNameInfo Datatype T declared twice: Once in UNKNOWN:unknown and once in UNKNOWN:unknown, Keeping one from UNKNOWN:unknown 
356335     INFO  Test worker     d.u.i.k.n.KeyIO           Parsing took 0 ms 
356335     INFO  Test worker     d.u.i.k.n.KeyIO           MODE: declarations took 0 ms 
356335     WARN  Test worker     d.u.i.k.j.r.KeYCrossReferenceNameInfo Datatype T declared twice: Once in UNKNOWN:unknown and once in UNKNOWN:unknown, Keeping one from UNKNOWN:unknown 
356399     INFO  Test worker     d.u.i.k.n.KeyIO           Parsing took 0 ms 
356399     INFO  Test worker     d.u.i.k.n.KeyIO           MODE: declarations took 0 ms 
356413     WARN  Test worker     d.u.i.k.j.r.KeYCrossReferenceNameInfo Datatype T declared twice: Once in UNKNOWN:unknown and once in UNKNOWN:unknown, Keeping one from UNKNOWN:unknown 
356491     INFO  Test worker     d.u.i.k.n.KeyIO           Parsing took 0 ms 
356491     INFO  Test worker     d.u.i.k.n.KeyIO           MODE: declarations took 0 ms 
356491     WARN  Test worker     d.u.i.k.j.r.KeYCrossReferenceNameInfo Datatype T declared twice: Once in UNKNOWN:unknown and once in UNKNOWN:unknown, Keeping one from UNKNOWN:unknown 
356570     INFO  Test worker     d.u.i.k.n.KeyIO           Parsing took 0 ms 
356585     INFO  Test worker     d.u.i.k.n.KeyIO           MODE: declarations took 15 ms 
356585     WARN  Test worker     d.u.i.k.j.r.KeYCrossReferenceNameInfo Datatype T declared twice: Once in UNKNOWN:unknown and once in UNKNOWN:unknown, Keeping one from UNKNOWN:unknown 
356648     INFO  Test worker     d.u.i.k.n.KeyIO           Parsing took 0 ms 
356648     INFO  Test worker     d.u.i.k.n.KeyIO           MODE: declarations took 0 ms 
356679     WARN  Test worker     d.u.i.k.j.r.KeYCrossReferenceNameInfo Datatype T declared twice: Once in UNKNOWN:unknown and once in UNKNOWN:unknown, Keeping one from UNKNOWN:unknown 
356757     WARN  Test worker     d.u.i.k.j.r.KeYCrossReferenceNameInfo Datatype T declared twice: Once in UNKNOWN:unknown and once in UNKNOWN:unknown, Keeping one from UNKNOWN:unknown 
356820     INFO  Test worker     d.u.i.k.n.KeyIO           Parsing took 0 ms 
356820     INFO  Test worker     d.u.i.k.n.KeyIO           MODE: declarations took 0 ms 
356835     WARN  Test worker     d.u.i.k.j.r.KeYCrossReferenceNameInfo Datatype T declared twice: Once in UNKNOWN:unknown and once in UNKNOWN:unknown, Keeping one from UNKNOWN:unknown 
356898     INFO  Test worker     d.u.i.k.n.KeyIO           Parsing took 0 ms 
356898     INFO  Test worker     d.u.i.k.n.KeyIO           MODE: declarations took 0 ms 
]]></system-out>
  <system-err><![CDATA[]]></system-err>
</testsuite>
