<?xml version="1.0" encoding="UTF-8"?>
<testsuite name="de.uka.ilkd.key.smt.newsmt2.MasterHandlerTest" tests="48" skipped="24" failures="0" errors="0" timestamp="2023-04-11T16:52:51" hostname="fv-az456-458" time="83.774">
  <properties/>
  <testcase name="[1] bool1.props" classname="de.uka.ilkd.key.smt.newsmt2.MasterHandlerTest" time="0.017">
    <skipped/>
  </testcase>
  <testcase name="[2] bool2.props" classname="de.uka.ilkd.key.smt.newsmt2.MasterHandlerTest" time="0.014">
    <skipped/>
  </testcase>
  <testcase name="[3] bool3.props" classname="de.uka.ilkd.key.smt.newsmt2.MasterHandlerTest" time="0.015">
    <skipped/>
  </testcase>
  <testcase name="[4] cast1.props" classname="de.uka.ilkd.key.smt.newsmt2.MasterHandlerTest" time="0.014">
    <skipped/>
  </testcase>
  <testcase name="[5] cast2.props" classname="de.uka.ilkd.key.smt.newsmt2.MasterHandlerTest" time="0.014">
    <skipped/>
  </testcase>
  <testcase name="[6] cast3.props" classname="de.uka.ilkd.key.smt.newsmt2.MasterHandlerTest" time="0.014">
    <skipped/>
  </testcase>
  <testcase name="[7] ex1.props" classname="de.uka.ilkd.key.smt.newsmt2.MasterHandlerTest" time="0.015">
    <skipped/>
  </testcase>
  <testcase name="[8] ex2.props" classname="de.uka.ilkd.key.smt.newsmt2.MasterHandlerTest" time="0.013">
    <skipped/>
  </testcase>
  <testcase name="[9] float.eq.props" classname="de.uka.ilkd.key.smt.newsmt2.MasterHandlerTest" time="0.014">
    <skipped/>
  </testcase>
  <testcase name="[10] float.sinDouble.props" classname="de.uka.ilkd.key.smt.newsmt2.MasterHandlerTest" time="0.015">
    <skipped/>
  </testcase>
  <testcase name="[11] float.sqrt1.props" classname="de.uka.ilkd.key.smt.newsmt2.MasterHandlerTest" time="0.015">
    <skipped/>
  </testcase>
  <testcase name="[12] float.sqrt2.props" classname="de.uka.ilkd.key.smt.newsmt2.MasterHandlerTest" time="0.013">
    <skipped/>
  </testcase>
  <testcase name="[13] float1.props" classname="de.uka.ilkd.key.smt.newsmt2.MasterHandlerTest" time="0.012">
    <skipped/>
  </testcase>
  <testcase name="[14] float2.props" classname="de.uka.ilkd.key.smt.newsmt2.MasterHandlerTest" time="0.014">
    <skipped/>
  </testcase>
  <testcase name="[15] heap1.props" classname="de.uka.ilkd.key.smt.newsmt2.MasterHandlerTest" time="0.014">
    <skipped/>
  </testcase>
  <testcase name="[16] int1.props" classname="de.uka.ilkd.key.smt.newsmt2.MasterHandlerTest" time="0.014">
    <skipped/>
  </testcase>
  <testcase name="[17] ite1.props" classname="de.uka.ilkd.key.smt.newsmt2.MasterHandlerTest" time="0.014">
    <skipped/>
  </testcase>
  <testcase name="[18] quant1.props" classname="de.uka.ilkd.key.smt.newsmt2.MasterHandlerTest" time="0.014">
    <skipped/>
  </testcase>
  <testcase name="[19] quant2.props" classname="de.uka.ilkd.key.smt.newsmt2.MasterHandlerTest" time="0.014">
    <skipped/>
  </testcase>
  <testcase name="[20] types1.props" classname="de.uka.ilkd.key.smt.newsmt2.MasterHandlerTest" time="0.015">
    <skipped/>
  </testcase>
  <testcase name="[21] types2.props" classname="de.uka.ilkd.key.smt.newsmt2.MasterHandlerTest" time="0.015">
    <skipped/>
  </testcase>
  <testcase name="[22] uninterpreted1.props" classname="de.uka.ilkd.key.smt.newsmt2.MasterHandlerTest" time="0.013">
    <skipped/>
  </testcase>
  <testcase name="[23] upd1.props" classname="de.uka.ilkd.key.smt.newsmt2.MasterHandlerTest" time="0.014">
    <skipped/>
  </testcase>
  <testcase name="[24] upd2.props" classname="de.uka.ilkd.key.smt.newsmt2.MasterHandlerTest" time="0.014">
    <skipped/>
  </testcase>
  <testcase name="[1] bool1.props" classname="de.uka.ilkd.key.smt.newsmt2.MasterHandlerTest" time="0.003"/>
  <testcase name="[2] bool2.props" classname="de.uka.ilkd.key.smt.newsmt2.MasterHandlerTest" time="0.001"/>
  <testcase name="[3] bool3.props" classname="de.uka.ilkd.key.smt.newsmt2.MasterHandlerTest" time="0.002"/>
  <testcase name="[4] cast1.props" classname="de.uka.ilkd.key.smt.newsmt2.MasterHandlerTest" time="0.003"/>
  <testcase name="[5] cast2.props" classname="de.uka.ilkd.key.smt.newsmt2.MasterHandlerTest" time="0.002"/>
  <testcase name="[6] cast3.props" classname="de.uka.ilkd.key.smt.newsmt2.MasterHandlerTest" time="0.001"/>
  <testcase name="[7] ex1.props" classname="de.uka.ilkd.key.smt.newsmt2.MasterHandlerTest" time="0.001"/>
  <testcase name="[8] ex2.props" classname="de.uka.ilkd.key.smt.newsmt2.MasterHandlerTest" time="0.001"/>
  <testcase name="[9] float.eq.props" classname="de.uka.ilkd.key.smt.newsmt2.MasterHandlerTest" time="0.002"/>
  <testcase name="[10] float.sinDouble.props" classname="de.uka.ilkd.key.smt.newsmt2.MasterHandlerTest" time="0.002"/>
  <testcase name="[11] float.sqrt1.props" classname="de.uka.ilkd.key.smt.newsmt2.MasterHandlerTest" time="0.002"/>
  <testcase name="[12] float.sqrt2.props" classname="de.uka.ilkd.key.smt.newsmt2.MasterHandlerTest" time="0.001"/>
  <testcase name="[13] float1.props" classname="de.uka.ilkd.key.smt.newsmt2.MasterHandlerTest" time="0.001"/>
  <testcase name="[14] float2.props" classname="de.uka.ilkd.key.smt.newsmt2.MasterHandlerTest" time="0.002"/>
  <testcase name="[15] heap1.props" classname="de.uka.ilkd.key.smt.newsmt2.MasterHandlerTest" time="0.002"/>
  <testcase name="[16] int1.props" classname="de.uka.ilkd.key.smt.newsmt2.MasterHandlerTest" time="0.003"/>
  <testcase name="[17] ite1.props" classname="de.uka.ilkd.key.smt.newsmt2.MasterHandlerTest" time="0.001"/>
  <testcase name="[18] quant1.props" classname="de.uka.ilkd.key.smt.newsmt2.MasterHandlerTest" time="0.001"/>
  <testcase name="[19] quant2.props" classname="de.uka.ilkd.key.smt.newsmt2.MasterHandlerTest" time="0.001"/>
  <testcase name="[20] types1.props" classname="de.uka.ilkd.key.smt.newsmt2.MasterHandlerTest" time="0.002"/>
  <testcase name="[21] types2.props" classname="de.uka.ilkd.key.smt.newsmt2.MasterHandlerTest" time="0.002"/>
  <testcase name="[22] uninterpreted1.props" classname="de.uka.ilkd.key.smt.newsmt2.MasterHandlerTest" time="0.007"/>
  <testcase name="[23] upd1.props" classname="de.uka.ilkd.key.smt.newsmt2.MasterHandlerTest" time="0.003"/>
  <testcase name="[24] upd2.props" classname="de.uka.ilkd.key.smt.newsmt2.MasterHandlerTest" time="0.001"/>
  <system-out><![CDATA[707460     INFO  Test worker     d.u.i.k.s.n.MasterHandlerTest Test case has been marked ignore 
707460     INFO  Test worker     d.u.i.k.s.n.MasterHandlerTest Test case has been marked ignore 
707460     INFO  Test worker     d.u.i.k.s.n.MasterHandlerTest Test case has been marked ignore 
707460     INFO  Test worker     d.u.i.k.s.n.MasterHandlerTest Test case has been marked ignore 
790291     INFO  Test worker     d.u.i.k.s.n.MasterHandlerTest Test case has been marked ignore 
790291     INFO  Test worker     d.u.i.k.s.n.MasterHandlerTest Test case has been marked ignore 
790291     INFO  Test worker     d.u.i.k.s.n.MasterHandlerTest Test case has been marked ignore 
790291     INFO  Test worker     d.u.i.k.s.n.MasterHandlerTest Test case has been marked ignore 
807973     INFO  Test worker     d.u.i.k.s.n.MasterHandlerTest SMT2 for bool1.props  saved in: C:\Users\RUNNER~1\AppData\Local\Temp\SMT_key_bool1.props10012488896265309496.smt2 
807989     INFO  Test worker     d.u.i.k.s.n.MasterHandlerTest SMT2 for bool2.props  saved in: C:\Users\RUNNER~1\AppData\Local\Temp\SMT_key_bool2.props2073804134964770527.smt2 
807989     INFO  Test worker     d.u.i.k.s.n.MasterHandlerTest SMT2 for bool3.props  saved in: C:\Users\RUNNER~1\AppData\Local\Temp\SMT_key_bool3.props12461548305467399178.smt2 
807989     INFO  Test worker     d.u.i.k.s.n.MasterHandlerTest SMT2 for cast1.props  saved in: C:\Users\RUNNER~1\AppData\Local\Temp\SMT_key_cast1.props8099255653806046378.smt2 
807989     INFO  Test worker     d.u.i.k.s.n.MasterHandlerTest SMT2 for cast2.props  saved in: C:\Users\RUNNER~1\AppData\Local\Temp\SMT_key_cast2.props17313615846958254551.smt2 
807989     INFO  Test worker     d.u.i.k.s.n.MasterHandlerTest SMT2 for cast3.props  saved in: C:\Users\RUNNER~1\AppData\Local\Temp\SMT_key_cast3.props1943381004597881692.smt2 
807989     INFO  Test worker     d.u.i.k.s.n.MasterHandlerTest SMT2 for ex1.props  saved in: C:\Users\RUNNER~1\AppData\Local\Temp\SMT_key_ex1.props55565279833616026.smt2 
807989     INFO  Test worker     d.u.i.k.s.n.MasterHandlerTest SMT2 for ex2.props  saved in: C:\Users\RUNNER~1\AppData\Local\Temp\SMT_key_ex2.props13253315949350900468.smt2 
807989     INFO  Test worker     d.u.i.k.s.n.MasterHandlerTest SMT2 for float.eq.props  saved in: C:\Users\RUNNER~1\AppData\Local\Temp\SMT_key_float.eq.props15827190422521488307.smt2 
808004     INFO  Test worker     d.u.i.k.s.n.MasterHandlerTest SMT2 for float.sinDouble.props  saved in: C:\Users\RUNNER~1\AppData\Local\Temp\SMT_key_float.sinDouble.props707789850372178342.smt2 
808004     INFO  Test worker     d.u.i.k.s.n.MasterHandlerTest SMT2 for float.sqrt1.props  saved in: C:\Users\RUNNER~1\AppData\Local\Temp\SMT_key_float.sqrt1.props11434883959314730574.smt2 
808004     INFO  Test worker     d.u.i.k.s.n.MasterHandlerTest SMT2 for float.sqrt2.props  saved in: C:\Users\RUNNER~1\AppData\Local\Temp\SMT_key_float.sqrt2.props17704662123792247975.smt2 
808004     INFO  Test worker     d.u.i.k.s.n.MasterHandlerTest SMT2 for float1.props  saved in: C:\Users\RUNNER~1\AppData\Local\Temp\SMT_key_float1.props9819604795437130823.smt2 
808004     INFO  Test worker     d.u.i.k.s.n.MasterHandlerTest SMT2 for float2.props  saved in: C:\Users\RUNNER~1\AppData\Local\Temp\SMT_key_float2.props2796149152864108121.smt2 
808004     INFO  Test worker     d.u.i.k.s.n.MasterHandlerTest SMT2 for heap1.props  saved in: C:\Users\RUNNER~1\AppData\Local\Temp\SMT_key_heap1.props14024604689728854836.smt2 
808004     INFO  Test worker     d.u.i.k.s.n.MasterHandlerTest SMT2 for int1.props  saved in: C:\Users\RUNNER~1\AppData\Local\Temp\SMT_key_int1.props13317271260827809718.smt2 
808004     INFO  Test worker     d.u.i.k.s.n.MasterHandlerTest SMT2 for ite1.props  saved in: C:\Users\RUNNER~1\AppData\Local\Temp\SMT_key_ite1.props15084178394020886836.smt2 
808020     INFO  Test worker     d.u.i.k.s.n.MasterHandlerTest SMT2 for quant1.props  saved in: C:\Users\RUNNER~1\AppData\Local\Temp\SMT_key_quant1.props11047003151577761928.smt2 
808020     INFO  Test worker     d.u.i.k.s.n.MasterHandlerTest SMT2 for quant2.props  saved in: C:\Users\RUNNER~1\AppData\Local\Temp\SMT_key_quant2.props374197495573302896.smt2 
808020     INFO  Test worker     d.u.i.k.s.n.MasterHandlerTest SMT2 for types1.props  saved in: C:\Users\RUNNER~1\AppData\Local\Temp\SMT_key_types1.props10104343110727044339.smt2 
808020     INFO  Test worker     d.u.i.k.s.n.MasterHandlerTest SMT2 for types2.props  saved in: C:\Users\RUNNER~1\AppData\Local\Temp\SMT_key_types2.props2381540922770135646.smt2 
808020     INFO  Test worker     d.u.i.k.s.n.MasterHandlerTest SMT2 for uninterpreted1.props  saved in: C:\Users\RUNNER~1\AppData\Local\Temp\SMT_key_uninterpreted1.props6003854232888196874.smt2 
808036     INFO  Test worker     d.u.i.k.s.n.MasterHandlerTest SMT2 for upd1.props  saved in: C:\Users\RUNNER~1\AppData\Local\Temp\SMT_key_upd1.props6861177062093639565.smt2 
808036     INFO  Test worker     d.u.i.k.s.n.MasterHandlerTest SMT2 for upd2.props  saved in: C:\Users\RUNNER~1\AppData\Local\Temp\SMT_key_upd2.props8926708232649972.smt2 
]]></system-out>
  <system-err><![CDATA[]]></system-err>
</testsuite>
