<?xml version="1.0" encoding="UTF-8"?>
<testsuite name="de.uka.ilkd.key.logic.TestClashFreeSubst" tests="14" skipped="2" failures="0" errors="0" timestamp="2023-04-11T16:41:32" hostname="fv-az456-458" time="57.111">
  <properties/>
  <testcase name="testMultiShareBound()" classname="de.uka.ilkd.key.logic.TestClashFreeSubst" time="1.138"/>
  <testcase name="testClash()" classname="de.uka.ilkd.key.logic.TestClashFreeSubst" time="1.074"/>
  <testcase name="testShare()" classname="de.uka.ilkd.key.logic.TestClashFreeSubst" time="1.04"/>
  <testcase name="testSubst()" classname="de.uka.ilkd.key.logic.TestClashFreeSubst" time="1.058"/>
  <testcase name="testWary0()" classname="de.uka.ilkd.key.logic.TestClashFreeSubst" time="1.04"/>
  <testcase name="testWary1()" classname="de.uka.ilkd.key.logic.TestClashFreeSubst" time="1.033"/>
  <testcase name="testWary2()" classname="de.uka.ilkd.key.logic.TestClashFreeSubst" time="1.077"/>
  <testcase name="testClashInSubstTerm()" classname="de.uka.ilkd.key.logic.TestClashFreeSubst" time="1.036"/>
  <testcase name="testShareWary()" classname="de.uka.ilkd.key.logic.TestClashFreeSubst" time="1.053"/>
  <testcase name="testMultiSubst()" classname="de.uka.ilkd.key.logic.TestClashFreeSubst" time="1.021"/>
  <testcase name="xtestMultiClash()" classname="de.uka.ilkd.key.logic.TestClashFreeSubst" time="0.0">
    <skipped/>
  </testcase>
  <testcase name="testSubstInSubstTerm()" classname="de.uka.ilkd.key.logic.TestClashFreeSubst" time="1.011"/>
  <testcase name="testSubstWary()" classname="de.uka.ilkd.key.logic.TestClashFreeSubst" time="1.05"/>
  <testcase name="xtestMultiClash1()" classname="de.uka.ilkd.key.logic.TestClashFreeSubst" time="0.001">
    <skipped/>
  </testcase>
  <system-out><![CDATA[44743      INFO  Test worker     d.u.i.k.n.KeyIO           Parsing took 0 ms 
44743      INFO  Test worker     d.u.i.k.n.KeyIO           MODE: declarations took 0 ms 
45868      INFO  Test worker     d.u.i.k.n.KeyIO           Parsing took 0 ms 
45868      INFO  Test worker     d.u.i.k.n.KeyIO           MODE: declarations took 0 ms 
49667      INFO  Test worker     d.u.i.k.n.KeyIO           Parsing took 0 ms 
49667      INFO  Test worker     d.u.i.k.n.KeyIO           MODE: declarations took 0 ms 
50730      INFO  Test worker     d.u.i.k.n.KeyIO           Parsing took 0 ms 
50730      INFO  Test worker     d.u.i.k.n.KeyIO           MODE: declarations took 0 ms 
54217      INFO  Test worker     d.u.i.k.n.KeyIO           Parsing took 0 ms 
54217      INFO  Test worker     d.u.i.k.n.KeyIO           MODE: declarations took 0 ms 
55249      INFO  Test worker     d.u.i.k.n.KeyIO           Parsing took 0 ms 
55249      INFO  Test worker     d.u.i.k.n.KeyIO           MODE: declarations took 0 ms 
58720      INFO  Test worker     d.u.i.k.n.KeyIO           Parsing took 0 ms 
58720      INFO  Test worker     d.u.i.k.n.KeyIO           MODE: declarations took 0 ms 
59766      INFO  Test worker     d.u.i.k.n.KeyIO           Parsing took 0 ms 
59766      INFO  Test worker     d.u.i.k.n.KeyIO           MODE: declarations took 0 ms 
63143      INFO  Test worker     d.u.i.k.n.KeyIO           Parsing took 0 ms 
63143      INFO  Test worker     d.u.i.k.n.KeyIO           MODE: declarations took 0 ms 
64176      INFO  Test worker     d.u.i.k.n.KeyIO           Parsing took 0 ms 
64176      INFO  Test worker     d.u.i.k.n.KeyIO           MODE: declarations took 0 ms 
67598      INFO  Test worker     d.u.i.k.n.KeyIO           Parsing took 0 ms 
67598      INFO  Test worker     d.u.i.k.n.KeyIO           MODE: declarations took 0 ms 
68630      INFO  Test worker     d.u.i.k.n.KeyIO           Parsing took 0 ms 
68630      INFO  Test worker     d.u.i.k.n.KeyIO           MODE: declarations took 0 ms 
72148      INFO  Test worker     d.u.i.k.n.KeyIO           Parsing took 0 ms 
72148      INFO  Test worker     d.u.i.k.n.KeyIO           MODE: declarations took 0 ms 
73211      INFO  Test worker     d.u.i.k.n.KeyIO           Parsing took 0 ms 
73211      INFO  Test worker     d.u.i.k.n.KeyIO           MODE: declarations took 0 ms 
76590      INFO  Test worker     d.u.i.k.n.KeyIO           Parsing took 0 ms 
76590      INFO  Test worker     d.u.i.k.n.KeyIO           MODE: declarations took 0 ms 
77605      INFO  Test worker     d.u.i.k.n.KeyIO           Parsing took 0 ms 
77605      INFO  Test worker     d.u.i.k.n.KeyIO           MODE: declarations took 0 ms 
81060      INFO  Test worker     d.u.i.k.n.KeyIO           Parsing took 0 ms 
81076      INFO  Test worker     d.u.i.k.n.KeyIO           MODE: declarations took 0 ms 
82107      INFO  Test worker     d.u.i.k.n.KeyIO           Parsing took 0 ms 
82107      INFO  Test worker     d.u.i.k.n.KeyIO           MODE: declarations took 0 ms 
85562      INFO  Test worker     d.u.i.k.n.KeyIO           Parsing took 0 ms 
85562      INFO  Test worker     d.u.i.k.n.KeyIO           MODE: declarations took 0 ms 
86579      INFO  Test worker     d.u.i.k.n.KeyIO           Parsing took 0 ms 
86579      INFO  Test worker     d.u.i.k.n.KeyIO           MODE: declarations took 0 ms 
93176      INFO  Test worker     d.u.i.k.n.KeyIO           Parsing took 0 ms 
93176      INFO  Test worker     d.u.i.k.n.KeyIO           MODE: declarations took 0 ms 
94176      INFO  Test worker     d.u.i.k.n.KeyIO           Parsing took 0 ms 
94176      INFO  Test worker     d.u.i.k.n.KeyIO           MODE: declarations took 0 ms 
97537      INFO  Test worker     d.u.i.k.n.KeyIO           Parsing took 0 ms 
97537      INFO  Test worker     d.u.i.k.n.KeyIO           MODE: declarations took 0 ms 
98569      INFO  Test worker     d.u.i.k.n.KeyIO           Parsing took 0 ms 
98569      INFO  Test worker     d.u.i.k.n.KeyIO           MODE: declarations took 0 ms 
]]></system-out>
  <system-err><![CDATA[]]></system-err>
</testsuite>
