<?xml version="1.0" encoding="UTF-8"?>
<testsuite name="de.uka.ilkd.key.parser.TestTermParserHeap" tests="39" skipped="0" failures="0" errors="0" timestamp="2023-04-11T16:46:48" hostname="fv-az456-458" time="127.705">
  <properties/>
  <testcase name="testBracketHeapUpdate()" classname="de.uka.ilkd.key.parser.TestTermParserHeap" time="0.034"/>
  <testcase name="testStore()" classname="de.uka.ilkd.key.parser.TestTermParserHeap" time="0.011"/>
  <testcase name="testUnknownConstant()" classname="de.uka.ilkd.key.parser.TestTermParserHeap" time="0.007"/>
  <testcase name="testAllFieldsSelector()" classname="de.uka.ilkd.key.parser.TestTermParserHeap" time="0.001"/>
  <testcase name="testParsePrettyPrintedSelect()" classname="de.uka.ilkd.key.parser.TestTermParserHeap" time="0.004"/>
  <testcase name="testAccessStaticMembers()" classname="de.uka.ilkd.key.parser.TestTermParserHeap" time="0.018"/>
  <testcase name="testAtOperator_1()" classname="de.uka.ilkd.key.parser.TestTermParserHeap" time="0.001"/>
  <testcase name="testAtOperator_2()" classname="de.uka.ilkd.key.parser.TestTermParserHeap" time="0.079"/>
  <testcase name="testAtOperator_3()" classname="de.uka.ilkd.key.parser.TestTermParserHeap" time="0.003"/>
  <testcase name="testAtOperator_4()" classname="de.uka.ilkd.key.parser.TestTermParserHeap" time="0.005"/>
  <testcase name="testAtOperator_5()" classname="de.uka.ilkd.key.parser.TestTermParserHeap" time="0.003"/>
  <testcase name="testAtOperator_6()" classname="de.uka.ilkd.key.parser.TestTermParserHeap" time="0.007"/>
  <testcase name="testAtOperator_7()" classname="de.uka.ilkd.key.parser.TestTermParserHeap" time="0.009"/>
  <testcase name="testAtOperator_8()" classname="de.uka.ilkd.key.parser.TestTermParserHeap" time="0.006"/>
  <testcase name="testVerifyExceptionIfAtOperatorNotPreceededBySelectTerm()" classname="de.uka.ilkd.key.parser.TestTermParserHeap" time="0.004"/>
  <testcase name="testBugResettingCounter()" classname="de.uka.ilkd.key.parser.TestTermParserHeap" time="0.003"/>
  <testcase name="testLocationSets()" classname="de.uka.ilkd.key.parser.TestTermParserHeap" time="0.003"/>
  <testcase name="testQuantifiedSelect()" classname="de.uka.ilkd.key.parser.TestTermParserHeap" time="0.005"/>
  <testcase name="testGenericObjectProperties()" classname="de.uka.ilkd.key.parser.TestTermParserHeap" time="0.004"/>
  <testcase name="testQueryInheritance_1()" classname="de.uka.ilkd.key.parser.TestTermParserHeap" time="0.002"/>
  <testcase name="testQueryInheritance_2()" classname="de.uka.ilkd.key.parser.TestTermParserHeap" time="0.004"/>
  <testcase name="testQueryInheritance_3()" classname="de.uka.ilkd.key.parser.TestTermParserHeap" time="0.004"/>
  <testcase name="testQueryInheritance_4()" classname="de.uka.ilkd.key.parser.TestTermParserHeap" time="0.003"/>
  <testcase name="testQueryInheritance_5()" classname="de.uka.ilkd.key.parser.TestTermParserHeap" time="0.001"/>
  <testcase name="testQueryInheritance_6()" classname="de.uka.ilkd.key.parser.TestTermParserHeap" time="0.003"/>
  <testcase name="testQueryInheritance_7()" classname="de.uka.ilkd.key.parser.TestTermParserHeap" time="0.003"/>
  <testcase name="testQueryInheritance_8()" classname="de.uka.ilkd.key.parser.TestTermParserHeap" time="0.003"/>
  <testcase name="testQueryInheritance_9()" classname="de.uka.ilkd.key.parser.TestTermParserHeap" time="0.003"/>
  <testcase name="testQueryBasic_10()" classname="de.uka.ilkd.key.parser.TestTermParserHeap" time="0.002"/>
  <testcase name="testQueryBasic_11()" classname="de.uka.ilkd.key.parser.TestTermParserHeap" time="0.002"/>
  <testcase name="testQueryBasic_1()" classname="de.uka.ilkd.key.parser.TestTermParserHeap" time="0.003"/>
  <testcase name="testQueryBasic_2()" classname="de.uka.ilkd.key.parser.TestTermParserHeap" time="0.003"/>
  <testcase name="testQueryBasic_3()" classname="de.uka.ilkd.key.parser.TestTermParserHeap" time="0.007"/>
  <testcase name="testQueryBasic_4()" classname="de.uka.ilkd.key.parser.TestTermParserHeap" time="0.003"/>
  <testcase name="testQueryBasic_5()" classname="de.uka.ilkd.key.parser.TestTermParserHeap" time="0.005"/>
  <testcase name="testQueryBasic_6()" classname="de.uka.ilkd.key.parser.TestTermParserHeap" time="0.002"/>
  <testcase name="testQueryBasic_7()" classname="de.uka.ilkd.key.parser.TestTermParserHeap" time="0.005"/>
  <testcase name="testQueryBasic_8()" classname="de.uka.ilkd.key.parser.TestTermParserHeap" time="0.003"/>
  <testcase name="testQueryBasic_9()" classname="de.uka.ilkd.key.parser.TestTermParserHeap" time="0.005"/>
  <system-out><![CDATA[360588     INFO  Test worker     d.u.i.k.n.KeyIO           Parsing took 0 ms 
360588     INFO  Test worker     d.u.i.k.n.KeyIO           MODE: declarations took 0 ms 
360588     INFO  Test worker     d.u.i.k.n.KeyIO           Parsing took 0 ms 
360588     INFO  Test worker     d.u.i.k.n.KeyIO           MODE: declarations took 0 ms 
360588     INFO  Test worker     d.u.i.k.n.KeyIO           Parsing took 0 ms 
360588     INFO  Test worker     d.u.i.k.n.KeyIO           MODE: declarations took 0 ms 
360588     INFO  Test worker     d.u.i.k.n.KeyIO           Parsing took 0 ms 
360588     INFO  Test worker     d.u.i.k.n.KeyIO           MODE: declarations took 0 ms 
360588     INFO  Test worker     d.u.i.k.n.KeyIO           Parsing took 0 ms 
360588     INFO  Test worker     d.u.i.k.n.KeyIO           MODE: declarations took 0 ms 
364106     INFO  Test worker     d.u.i.k.n.KeyIO           Parsing took 0 ms 
364106     INFO  Test worker     d.u.i.k.n.KeyIO           MODE: declarations took 0 ms 
364106     INFO  Test worker     d.u.i.k.n.KeyIO           Parsing took 0 ms 
364106     INFO  Test worker     d.u.i.k.n.KeyIO           MODE: declarations took 0 ms 
364106     INFO  Test worker     d.u.i.k.n.KeyIO           Parsing took 0 ms 
364106     INFO  Test worker     d.u.i.k.n.KeyIO           MODE: declarations took 0 ms 
364106     INFO  Test worker     d.u.i.k.n.KeyIO           Parsing took 0 ms 
364106     INFO  Test worker     d.u.i.k.n.KeyIO           MODE: declarations took 0 ms 
364106     INFO  Test worker     d.u.i.k.n.KeyIO           Parsing took 0 ms 
364106     INFO  Test worker     d.u.i.k.n.KeyIO           MODE: declarations took 0 ms 
367608     INFO  Test worker     d.u.i.k.n.KeyIO           Parsing took 0 ms 
367608     INFO  Test worker     d.u.i.k.n.KeyIO           MODE: declarations took 0 ms 
367608     INFO  Test worker     d.u.i.k.n.KeyIO           Parsing took 0 ms 
367608     INFO  Test worker     d.u.i.k.n.KeyIO           MODE: declarations took 0 ms 
367608     INFO  Test worker     d.u.i.k.n.KeyIO           Parsing took 0 ms 
367608     INFO  Test worker     d.u.i.k.n.KeyIO           MODE: declarations took 0 ms 
367608     INFO  Test worker     d.u.i.k.n.KeyIO           Parsing took 0 ms 
367608     INFO  Test worker     d.u.i.k.n.KeyIO           MODE: declarations took 0 ms 
367608     INFO  Test worker     d.u.i.k.n.KeyIO           Parsing took 0 ms 
367608     INFO  Test worker     d.u.i.k.n.KeyIO           MODE: declarations took 0 ms 
367624     INFO  Test worker     d.u.i.k.n.KeyIO           Parsing took 0 ms 
367624     INFO  Test worker     d.u.i.k.n.KeyIO           MODE: declarations took 0 ms 
371032     INFO  Test worker     d.u.i.k.n.KeyIO           Parsing took 0 ms 
371032     INFO  Test worker     d.u.i.k.n.KeyIO           MODE: declarations took 0 ms 
371032     INFO  Test worker     d.u.i.k.n.KeyIO           Parsing took 0 ms 
371032     INFO  Test worker     d.u.i.k.n.KeyIO           MODE: declarations took 0 ms 
371032     INFO  Test worker     d.u.i.k.n.KeyIO           Parsing took 0 ms 
371032     INFO  Test worker     d.u.i.k.n.KeyIO           MODE: declarations took 0 ms 
371032     INFO  Test worker     d.u.i.k.n.KeyIO           Parsing took 0 ms 
371032     INFO  Test worker     d.u.i.k.n.KeyIO           MODE: declarations took 0 ms 
371032     INFO  Test worker     d.u.i.k.n.KeyIO           Parsing took 0 ms 
371032     INFO  Test worker     d.u.i.k.n.KeyIO           MODE: declarations took 0 ms 
374455     INFO  Test worker     d.u.i.k.n.KeyIO           Parsing took 0 ms 
374455     INFO  Test worker     d.u.i.k.n.KeyIO           MODE: declarations took 0 ms 
374455     INFO  Test worker     d.u.i.k.n.KeyIO           Parsing took 0 ms 
374455     INFO  Test worker     d.u.i.k.n.KeyIO           MODE: declarations took 0 ms 
374455     INFO  Test worker     d.u.i.k.n.KeyIO           Parsing took 0 ms 
374455     INFO  Test worker     d.u.i.k.n.KeyIO           MODE: declarations took 0 ms 
374455     INFO  Test worker     d.u.i.k.n.KeyIO           Parsing took 0 ms 
374455     INFO  Test worker     d.u.i.k.n.KeyIO           MODE: declarations took 0 ms 
374455     INFO  Test worker     d.u.i.k.n.KeyIO           Parsing took 0 ms 
374455     INFO  Test worker     d.u.i.k.n.KeyIO           MODE: declarations took 0 ms 
377864     INFO  Test worker     d.u.i.k.n.KeyIO           Parsing took 0 ms 
377864     INFO  Test worker     d.u.i.k.n.KeyIO           MODE: declarations took 0 ms 
377864     INFO  Test worker     d.u.i.k.n.KeyIO           Parsing took 0 ms 
377864     INFO  Test worker     d.u.i.k.n.KeyIO           MODE: declarations took 0 ms 
377864     INFO  Test worker     d.u.i.k.n.KeyIO           Parsing took 0 ms 
377864     INFO  Test worker     d.u.i.k.n.KeyIO           MODE: declarations took 0 ms 
377864     INFO  Test worker     d.u.i.k.n.KeyIO           Parsing took 0 ms 
377864     INFO  Test worker     d.u.i.k.n.KeyIO           MODE: declarations took 0 ms 
377864     INFO  Test worker     d.u.i.k.n.KeyIO           Parsing took 0 ms 
377864     INFO  Test worker     d.u.i.k.n.KeyIO           MODE: declarations took 0 ms 
381350     INFO  Test worker     d.u.i.k.n.KeyIO           Parsing took 0 ms 
381350     INFO  Test worker     d.u.i.k.n.KeyIO           MODE: declarations took 0 ms 
381350     INFO  Test worker     d.u.i.k.n.KeyIO           Parsing took 0 ms 
381350     INFO  Test worker     d.u.i.k.n.KeyIO           MODE: declarations took 0 ms 
381350     INFO  Test worker     d.u.i.k.n.KeyIO           Parsing took 0 ms 
381350     INFO  Test worker     d.u.i.k.n.KeyIO           MODE: declarations took 0 ms 
381350     INFO  Test worker     d.u.i.k.n.KeyIO           Parsing took 0 ms 
381350     INFO  Test worker     d.u.i.k.n.KeyIO           MODE: declarations took 0 ms 
381350     INFO  Test worker     d.u.i.k.n.KeyIO           Parsing took 0 ms 
381350     INFO  Test worker     d.u.i.k.n.KeyIO           MODE: declarations took 0 ms 
384821     INFO  Test worker     d.u.i.k.n.KeyIO           Parsing took 0 ms 
384821     INFO  Test worker     d.u.i.k.n.KeyIO           MODE: declarations took 0 ms 
384883     INFO  Test worker     d.u.i.k.n.KeyIO           Parsing took 0 ms 
384883     INFO  Test worker     d.u.i.k.n.KeyIO           MODE: declarations took 0 ms 
384883     INFO  Test worker     d.u.i.k.n.KeyIO           Parsing took 0 ms 
384883     INFO  Test worker     d.u.i.k.n.KeyIO           MODE: declarations took 0 ms 
384883     INFO  Test worker     d.u.i.k.n.KeyIO           Parsing took 0 ms 
384883     INFO  Test worker     d.u.i.k.n.KeyIO           MODE: declarations took 0 ms 
384883     INFO  Test worker     d.u.i.k.n.KeyIO           Parsing took 0 ms 
384899     INFO  Test worker     d.u.i.k.n.KeyIO           MODE: declarations took 0 ms 
388275     INFO  Test worker     d.u.i.k.n.KeyIO           Parsing took 0 ms 
388275     INFO  Test worker     d.u.i.k.n.KeyIO           MODE: declarations took 0 ms 
388275     INFO  Test worker     d.u.i.k.n.KeyIO           Parsing took 0 ms 
388275     INFO  Test worker     d.u.i.k.n.KeyIO           MODE: declarations took 0 ms 
388275     INFO  Test worker     d.u.i.k.n.KeyIO           Parsing took 0 ms 
388275     INFO  Test worker     d.u.i.k.n.KeyIO           MODE: declarations took 0 ms 
388275     INFO  Test worker     d.u.i.k.n.KeyIO           Parsing took 0 ms 
388275     INFO  Test worker     d.u.i.k.n.KeyIO           MODE: declarations took 0 ms 
388275     INFO  Test worker     d.u.i.k.n.KeyIO           Parsing took 0 ms 
388275     INFO  Test worker     d.u.i.k.n.KeyIO           MODE: declarations took 0 ms 
391621     INFO  Test worker     d.u.i.k.n.KeyIO           Parsing took 0 ms 
391621     INFO  Test worker     d.u.i.k.n.KeyIO           MODE: declarations took 0 ms 
391621     INFO  Test worker     d.u.i.k.n.KeyIO           Parsing took 0 ms 
391621     INFO  Test worker     d.u.i.k.n.KeyIO           MODE: declarations took 0 ms 
391621     INFO  Test worker     d.u.i.k.n.KeyIO           Parsing took 0 ms 
391621     INFO  Test worker     d.u.i.k.n.KeyIO           MODE: declarations took 0 ms 
391621     INFO  Test worker     d.u.i.k.n.KeyIO           Parsing took 0 ms 
391621     INFO  Test worker     d.u.i.k.n.KeyIO           MODE: declarations took 0 ms 
391621     INFO  Test worker     d.u.i.k.n.KeyIO           Parsing took 0 ms 
391621     INFO  Test worker     d.u.i.k.n.KeyIO           MODE: declarations took 0 ms 
394919     INFO  Test worker     d.u.i.k.n.KeyIO           Parsing took 0 ms 
394919     INFO  Test worker     d.u.i.k.n.KeyIO           MODE: declarations took 0 ms 
394919     INFO  Test worker     d.u.i.k.n.KeyIO           Parsing took 0 ms 
394919     INFO  Test worker     d.u.i.k.n.KeyIO           MODE: declarations took 0 ms 
394919     INFO  Test worker     d.u.i.k.n.KeyIO           Parsing took 0 ms 
394919     INFO  Test worker     d.u.i.k.n.KeyIO           MODE: declarations took 0 ms 
394919     INFO  Test worker     d.u.i.k.n.KeyIO           Parsing took 0 ms 
394919     INFO  Test worker     d.u.i.k.n.KeyIO           MODE: declarations took 0 ms 
394919     INFO  Test worker     d.u.i.k.n.KeyIO           Parsing took 0 ms 
394919     INFO  Test worker     d.u.i.k.n.KeyIO           MODE: declarations took 0 ms 
398264     INFO  Test worker     d.u.i.k.n.KeyIO           Parsing took 0 ms 
398264     INFO  Test worker     d.u.i.k.n.KeyIO           MODE: declarations took 0 ms 
398264     INFO  Test worker     d.u.i.k.n.KeyIO           Parsing took 0 ms 
398280     INFO  Test worker     d.u.i.k.n.KeyIO           MODE: declarations took 0 ms 
398280     INFO  Test worker     d.u.i.k.n.KeyIO           Parsing took 0 ms 
398280     INFO  Test worker     d.u.i.k.n.KeyIO           MODE: declarations took 0 ms 
398280     INFO  Test worker     d.u.i.k.n.KeyIO           Parsing took 0 ms 
398280     INFO  Test worker     d.u.i.k.n.KeyIO           MODE: declarations took 0 ms 
398280     INFO  Test worker     d.u.i.k.n.KeyIO           Parsing took 0 ms 
398280     INFO  Test worker     d.u.i.k.n.KeyIO           MODE: declarations took 0 ms 
401611     INFO  Test worker     d.u.i.k.n.KeyIO           Parsing took 0 ms 
401611     INFO  Test worker     d.u.i.k.n.KeyIO           MODE: declarations took 0 ms 
401611     INFO  Test worker     d.u.i.k.n.KeyIO           Parsing took 0 ms 
401611     INFO  Test worker     d.u.i.k.n.KeyIO           MODE: declarations took 0 ms 
401611     INFO  Test worker     d.u.i.k.n.KeyIO           Parsing took 0 ms 
401611     INFO  Test worker     d.u.i.k.n.KeyIO           MODE: declarations took 0 ms 
401611     INFO  Test worker     d.u.i.k.n.KeyIO           Parsing took 0 ms 
401611     INFO  Test worker     d.u.i.k.n.KeyIO           MODE: declarations took 0 ms 
401611     INFO  Test worker     d.u.i.k.n.KeyIO           Parsing took 0 ms 
401611     INFO  Test worker     d.u.i.k.n.KeyIO           MODE: declarations took 0 ms 
404942     INFO  Test worker     d.u.i.k.n.KeyIO           Parsing took 0 ms 
404942     INFO  Test worker     d.u.i.k.n.KeyIO           MODE: declarations took 0 ms 
404942     INFO  Test worker     d.u.i.k.n.KeyIO           Parsing took 0 ms 
404942     INFO  Test worker     d.u.i.k.n.KeyIO           MODE: declarations took 0 ms 
404942     INFO  Test worker     d.u.i.k.n.KeyIO           Parsing took 0 ms 
404942     INFO  Test worker     d.u.i.k.n.KeyIO           MODE: declarations took 0 ms 
404942     INFO  Test worker     d.u.i.k.n.KeyIO           Parsing took 0 ms 
404942     INFO  Test worker     d.u.i.k.n.KeyIO           MODE: declarations took 0 ms 
404942     INFO  Test worker     d.u.i.k.n.KeyIO           Parsing took 0 ms 
404942     INFO  Test worker     d.u.i.k.n.KeyIO           MODE: declarations took 0 ms 
408257     INFO  Test worker     d.u.i.k.n.KeyIO           Parsing took 0 ms 
408257     INFO  Test worker     d.u.i.k.n.KeyIO           MODE: declarations took 0 ms 
408257     INFO  Test worker     d.u.i.k.n.KeyIO           Parsing took 0 ms 
408257     INFO  Test worker     d.u.i.k.n.KeyIO           MODE: declarations took 0 ms 
408257     INFO  Test worker     d.u.i.k.n.KeyIO           Parsing took 0 ms 
408257     INFO  Test worker     d.u.i.k.n.KeyIO           MODE: declarations took 0 ms 
408257     INFO  Test worker     d.u.i.k.n.KeyIO           Parsing took 0 ms 
408257     INFO  Test worker     d.u.i.k.n.KeyIO           MODE: declarations took 0 ms 
408257     INFO  Test worker     d.u.i.k.n.KeyIO           Parsing took 0 ms 
408257     INFO  Test worker     d.u.i.k.n.KeyIO           MODE: declarations took 0 ms 
408257     WARN  Test worker     d.u.i.k.n.KeYParser       [syntax-error] <unknown>:1:11: mismatched input '@' expecting {'/', ':=', '.', '(', ')', '{', '[', '@', PARALLEL, OR, AND, IMP, '=', NOT_EQUALS, '%', '*', '-', '+', '>', GREATEREQUAL, '<', LESSEQUAL, LGUILLEMETS, EQV} [@11,11:11='@',<153>,1:11] (termEOF) 
411572     INFO  Test worker     d.u.i.k.n.KeyIO           Parsing took 0 ms 
411572     INFO  Test worker     d.u.i.k.n.KeyIO           MODE: declarations took 0 ms 
411572     INFO  Test worker     d.u.i.k.n.KeyIO           Parsing took 0 ms 
411572     INFO  Test worker     d.u.i.k.n.KeyIO           MODE: declarations took 0 ms 
411572     INFO  Test worker     d.u.i.k.n.KeyIO           Parsing took 0 ms 
411572     INFO  Test worker     d.u.i.k.n.KeyIO           MODE: declarations took 0 ms 
411572     INFO  Test worker     d.u.i.k.n.KeyIO           Parsing took 0 ms 
411572     INFO  Test worker     d.u.i.k.n.KeyIO           MODE: declarations took 0 ms 
411572     INFO  Test worker     d.u.i.k.n.KeyIO           Parsing took 0 ms 
411572     INFO  Test worker     d.u.i.k.n.KeyIO           MODE: declarations took 0 ms 
414809     INFO  Test worker     d.u.i.k.n.KeyIO           Parsing took 0 ms 
414809     INFO  Test worker     d.u.i.k.n.KeyIO           MODE: declarations took 0 ms 
414809     INFO  Test worker     d.u.i.k.n.KeyIO           Parsing took 0 ms 
414809     INFO  Test worker     d.u.i.k.n.KeyIO           MODE: declarations took 0 ms 
414809     INFO  Test worker     d.u.i.k.n.KeyIO           Parsing took 0 ms 
414809     INFO  Test worker     d.u.i.k.n.KeyIO           MODE: declarations took 0 ms 
414809     INFO  Test worker     d.u.i.k.n.KeyIO           Parsing took 0 ms 
414809     INFO  Test worker     d.u.i.k.n.KeyIO           MODE: declarations took 0 ms 
414809     INFO  Test worker     d.u.i.k.n.KeyIO           Parsing took 0 ms 
414809     INFO  Test worker     d.u.i.k.n.KeyIO           MODE: declarations took 0 ms 
418170     INFO  Test worker     d.u.i.k.n.KeyIO           Parsing took 0 ms 
418170     INFO  Test worker     d.u.i.k.n.KeyIO           MODE: declarations took 0 ms 
418170     INFO  Test worker     d.u.i.k.n.KeyIO           Parsing took 0 ms 
418170     INFO  Test worker     d.u.i.k.n.KeyIO           MODE: declarations took 0 ms 
418170     INFO  Test worker     d.u.i.k.n.KeyIO           Parsing took 0 ms 
418170     INFO  Test worker     d.u.i.k.n.KeyIO           MODE: declarations took 0 ms 
418170     INFO  Test worker     d.u.i.k.n.KeyIO           Parsing took 0 ms 
418170     INFO  Test worker     d.u.i.k.n.KeyIO           MODE: declarations took 0 ms 
418170     INFO  Test worker     d.u.i.k.n.KeyIO           Parsing took 0 ms 
418170     INFO  Test worker     d.u.i.k.n.KeyIO           MODE: declarations took 0 ms 
421547     INFO  Test worker     d.u.i.k.n.KeyIO           Parsing took 0 ms 
421547     INFO  Test worker     d.u.i.k.n.KeyIO           MODE: declarations took 0 ms 
421547     INFO  Test worker     d.u.i.k.n.KeyIO           Parsing took 0 ms 
421547     INFO  Test worker     d.u.i.k.n.KeyIO           MODE: declarations took 0 ms 
421547     INFO  Test worker     d.u.i.k.n.KeyIO           Parsing took 0 ms 
421547     INFO  Test worker     d.u.i.k.n.KeyIO           MODE: declarations took 0 ms 
421547     INFO  Test worker     d.u.i.k.n.KeyIO           Parsing took 0 ms 
421547     INFO  Test worker     d.u.i.k.n.KeyIO           MODE: declarations took 0 ms 
421547     INFO  Test worker     d.u.i.k.n.KeyIO           Parsing took 0 ms 
421547     INFO  Test worker     d.u.i.k.n.KeyIO           MODE: declarations took 0 ms 
425080     INFO  Test worker     d.u.i.k.n.KeyIO           Parsing took 0 ms 
425080     INFO  Test worker     d.u.i.k.n.KeyIO           MODE: declarations took 0 ms 
425080     INFO  Test worker     d.u.i.k.n.KeyIO           Parsing took 0 ms 
425080     INFO  Test worker     d.u.i.k.n.KeyIO           MODE: declarations took 0 ms 
425080     INFO  Test worker     d.u.i.k.n.KeyIO           Parsing took 0 ms 
425080     INFO  Test worker     d.u.i.k.n.KeyIO           MODE: declarations took 0 ms 
425080     INFO  Test worker     d.u.i.k.n.KeyIO           Parsing took 0 ms 
425080     INFO  Test worker     d.u.i.k.n.KeyIO           MODE: declarations took 0 ms 
425080     INFO  Test worker     d.u.i.k.n.KeyIO           Parsing took 0 ms 
425080     INFO  Test worker     d.u.i.k.n.KeyIO           MODE: declarations took 0 ms 
428425     INFO  Test worker     d.u.i.k.n.KeyIO           Parsing took 0 ms 
428425     INFO  Test worker     d.u.i.k.n.KeyIO           MODE: declarations took 0 ms 
428425     INFO  Test worker     d.u.i.k.n.KeyIO           Parsing took 0 ms 
428425     INFO  Test worker     d.u.i.k.n.KeyIO           MODE: declarations took 0 ms 
428425     INFO  Test worker     d.u.i.k.n.KeyIO           Parsing took 0 ms 
428425     INFO  Test worker     d.u.i.k.n.KeyIO           MODE: declarations took 0 ms 
428425     INFO  Test worker     d.u.i.k.n.KeyIO           Parsing took 0 ms 
428425     INFO  Test worker     d.u.i.k.n.KeyIO           MODE: declarations took 0 ms 
428425     INFO  Test worker     d.u.i.k.n.KeyIO           Parsing took 0 ms 
428425     INFO  Test worker     d.u.i.k.n.KeyIO           MODE: declarations took 0 ms 
431724     INFO  Test worker     d.u.i.k.n.KeyIO           Parsing took 0 ms 
431724     INFO  Test worker     d.u.i.k.n.KeyIO           MODE: declarations took 0 ms 
431724     INFO  Test worker     d.u.i.k.n.KeyIO           Parsing took 0 ms 
431724     INFO  Test worker     d.u.i.k.n.KeyIO           MODE: declarations took 0 ms 
431724     INFO  Test worker     d.u.i.k.n.KeyIO           Parsing took 0 ms 
431724     INFO  Test worker     d.u.i.k.n.KeyIO           MODE: declarations took 0 ms 
431724     INFO  Test worker     d.u.i.k.n.KeyIO           Parsing took 0 ms 
431724     INFO  Test worker     d.u.i.k.n.KeyIO           MODE: declarations took 0 ms 
431724     INFO  Test worker     d.u.i.k.n.KeyIO           Parsing took 0 ms 
431724     INFO  Test worker     d.u.i.k.n.KeyIO           MODE: declarations took 0 ms 
435007     INFO  Test worker     d.u.i.k.n.KeyIO           Parsing took 0 ms 
435007     INFO  Test worker     d.u.i.k.n.KeyIO           MODE: declarations took 0 ms 
435007     INFO  Test worker     d.u.i.k.n.KeyIO           Parsing took 0 ms 
435007     INFO  Test worker     d.u.i.k.n.KeyIO           MODE: declarations took 0 ms 
435007     INFO  Test worker     d.u.i.k.n.KeyIO           Parsing took 0 ms 
435007     INFO  Test worker     d.u.i.k.n.KeyIO           MODE: declarations took 0 ms 
435007     INFO  Test worker     d.u.i.k.n.KeyIO           Parsing took 0 ms 
435007     INFO  Test worker     d.u.i.k.n.KeyIO           MODE: declarations took 0 ms 
435007     INFO  Test worker     d.u.i.k.n.KeyIO           Parsing took 0 ms 
435007     INFO  Test worker     d.u.i.k.n.KeyIO           MODE: declarations took 0 ms 
438384     INFO  Test worker     d.u.i.k.n.KeyIO           Parsing took 0 ms 
438384     INFO  Test worker     d.u.i.k.n.KeyIO           MODE: declarations took 0 ms 
438384     INFO  Test worker     d.u.i.k.n.KeyIO           Parsing took 0 ms 
438384     INFO  Test worker     d.u.i.k.n.KeyIO           MODE: declarations took 0 ms 
438384     INFO  Test worker     d.u.i.k.n.KeyIO           Parsing took 0 ms 
438384     INFO  Test worker     d.u.i.k.n.KeyIO           MODE: declarations took 0 ms 
438384     INFO  Test worker     d.u.i.k.n.KeyIO           Parsing took 0 ms 
438384     INFO  Test worker     d.u.i.k.n.KeyIO           MODE: declarations took 0 ms 
438384     INFO  Test worker     d.u.i.k.n.KeyIO           Parsing took 0 ms 
438384     INFO  Test worker     d.u.i.k.n.KeyIO           MODE: declarations took 0 ms 
441683     INFO  Test worker     d.u.i.k.n.KeyIO           Parsing took 0 ms 
441683     INFO  Test worker     d.u.i.k.n.KeyIO           MODE: declarations took 0 ms 
441683     INFO  Test worker     d.u.i.k.n.KeyIO           Parsing took 0 ms 
441683     INFO  Test worker     d.u.i.k.n.KeyIO           MODE: declarations took 0 ms 
441683     INFO  Test worker     d.u.i.k.n.KeyIO           Parsing took 0 ms 
441683     INFO  Test worker     d.u.i.k.n.KeyIO           MODE: declarations took 0 ms 
441683     INFO  Test worker     d.u.i.k.n.KeyIO           Parsing took 0 ms 
441683     INFO  Test worker     d.u.i.k.n.KeyIO           MODE: declarations took 0 ms 
441683     INFO  Test worker     d.u.i.k.n.KeyIO           Parsing took 0 ms 
441683     INFO  Test worker     d.u.i.k.n.KeyIO           MODE: declarations took 0 ms 
444982     INFO  Test worker     d.u.i.k.n.KeyIO           Parsing took 0 ms 
444982     INFO  Test worker     d.u.i.k.n.KeyIO           MODE: declarations took 0 ms 
444982     INFO  Test worker     d.u.i.k.n.KeyIO           Parsing took 0 ms 
444982     INFO  Test worker     d.u.i.k.n.KeyIO           MODE: declarations took 0 ms 
444982     INFO  Test worker     d.u.i.k.n.KeyIO           Parsing took 0 ms 
444982     INFO  Test worker     d.u.i.k.n.KeyIO           MODE: declarations took 0 ms 
444982     INFO  Test worker     d.u.i.k.n.KeyIO           Parsing took 0 ms 
444982     INFO  Test worker     d.u.i.k.n.KeyIO           MODE: declarations took 0 ms 
444982     INFO  Test worker     d.u.i.k.n.KeyIO           Parsing took 0 ms 
444982     INFO  Test worker     d.u.i.k.n.KeyIO           MODE: declarations took 0 ms 
448296     INFO  Test worker     d.u.i.k.n.KeyIO           Parsing took 0 ms 
448296     INFO  Test worker     d.u.i.k.n.KeyIO           MODE: declarations took 0 ms 
448296     INFO  Test worker     d.u.i.k.n.KeyIO           Parsing took 0 ms 
448296     INFO  Test worker     d.u.i.k.n.KeyIO           MODE: declarations took 0 ms 
448296     INFO  Test worker     d.u.i.k.n.KeyIO           Parsing took 0 ms 
448296     INFO  Test worker     d.u.i.k.n.KeyIO           MODE: declarations took 0 ms 
448296     INFO  Test worker     d.u.i.k.n.KeyIO           Parsing took 0 ms 
448296     INFO  Test worker     d.u.i.k.n.KeyIO           MODE: declarations took 0 ms 
448296     INFO  Test worker     d.u.i.k.n.KeyIO           Parsing took 0 ms 
448296     INFO  Test worker     d.u.i.k.n.KeyIO           MODE: declarations took 0 ms 
451688     INFO  Test worker     d.u.i.k.n.KeyIO           Parsing took 0 ms 
451688     INFO  Test worker     d.u.i.k.n.KeyIO           MODE: declarations took 0 ms 
451688     INFO  Test worker     d.u.i.k.n.KeyIO           Parsing took 0 ms 
451688     INFO  Test worker     d.u.i.k.n.KeyIO           MODE: declarations took 0 ms 
451688     INFO  Test worker     d.u.i.k.n.KeyIO           Parsing took 0 ms 
451688     INFO  Test worker     d.u.i.k.n.KeyIO           MODE: declarations took 0 ms 
451688     INFO  Test worker     d.u.i.k.n.KeyIO           Parsing took 0 ms 
451688     INFO  Test worker     d.u.i.k.n.KeyIO           MODE: declarations took 0 ms 
451688     INFO  Test worker     d.u.i.k.n.KeyIO           Parsing took 0 ms 
451688     INFO  Test worker     d.u.i.k.n.KeyIO           MODE: declarations took 0 ms 
454972     INFO  Test worker     d.u.i.k.n.KeyIO           Parsing took 0 ms 
454972     INFO  Test worker     d.u.i.k.n.KeyIO           MODE: declarations took 0 ms 
454972     INFO  Test worker     d.u.i.k.n.KeyIO           Parsing took 0 ms 
454972     INFO  Test worker     d.u.i.k.n.KeyIO           MODE: declarations took 0 ms 
454972     INFO  Test worker     d.u.i.k.n.KeyIO           Parsing took 0 ms 
454972     INFO  Test worker     d.u.i.k.n.KeyIO           MODE: declarations took 0 ms 
454972     INFO  Test worker     d.u.i.k.n.KeyIO           Parsing took 0 ms 
454972     INFO  Test worker     d.u.i.k.n.KeyIO           MODE: declarations took 0 ms 
454972     INFO  Test worker     d.u.i.k.n.KeyIO           Parsing took 0 ms 
454972     INFO  Test worker     d.u.i.k.n.KeyIO           MODE: declarations took 0 ms 
458364     INFO  Test worker     d.u.i.k.n.KeyIO           Parsing took 0 ms 
458364     INFO  Test worker     d.u.i.k.n.KeyIO           MODE: declarations took 0 ms 
458364     INFO  Test worker     d.u.i.k.n.KeyIO           Parsing took 0 ms 
458364     INFO  Test worker     d.u.i.k.n.KeyIO           MODE: declarations took 0 ms 
458364     INFO  Test worker     d.u.i.k.n.KeyIO           Parsing took 0 ms 
458364     INFO  Test worker     d.u.i.k.n.KeyIO           MODE: declarations took 0 ms 
458364     INFO  Test worker     d.u.i.k.n.KeyIO           Parsing took 0 ms 
458364     INFO  Test worker     d.u.i.k.n.KeyIO           MODE: declarations took 0 ms 
458364     INFO  Test worker     d.u.i.k.n.KeyIO           Parsing took 0 ms 
458364     INFO  Test worker     d.u.i.k.n.KeyIO           MODE: declarations took 0 ms 
461725     INFO  Test worker     d.u.i.k.n.KeyIO           Parsing took 0 ms 
461725     INFO  Test worker     d.u.i.k.n.KeyIO           MODE: declarations took 0 ms 
461725     INFO  Test worker     d.u.i.k.n.KeyIO           Parsing took 0 ms 
461725     INFO  Test worker     d.u.i.k.n.KeyIO           MODE: declarations took 0 ms 
461725     INFO  Test worker     d.u.i.k.n.KeyIO           Parsing took 0 ms 
461725     INFO  Test worker     d.u.i.k.n.KeyIO           MODE: declarations took 0 ms 
461725     INFO  Test worker     d.u.i.k.n.KeyIO           Parsing took 0 ms 
461725     INFO  Test worker     d.u.i.k.n.KeyIO           MODE: declarations took 0 ms 
461725     INFO  Test worker     d.u.i.k.n.KeyIO           Parsing took 0 ms 
461725     INFO  Test worker     d.u.i.k.n.KeyIO           MODE: declarations took 0 ms 
465070     INFO  Test worker     d.u.i.k.n.KeyIO           Parsing took 0 ms 
465070     INFO  Test worker     d.u.i.k.n.KeyIO           MODE: declarations took 0 ms 
465070     INFO  Test worker     d.u.i.k.n.KeyIO           Parsing took 0 ms 
465070     INFO  Test worker     d.u.i.k.n.KeyIO           MODE: declarations took 0 ms 
465070     INFO  Test worker     d.u.i.k.n.KeyIO           Parsing took 0 ms 
465070     INFO  Test worker     d.u.i.k.n.KeyIO           MODE: declarations took 0 ms 
465070     INFO  Test worker     d.u.i.k.n.KeyIO           Parsing took 0 ms 
465070     INFO  Test worker     d.u.i.k.n.KeyIO           MODE: declarations took 0 ms 
465070     INFO  Test worker     d.u.i.k.n.KeyIO           Parsing took 0 ms 
465070     INFO  Test worker     d.u.i.k.n.KeyIO           MODE: declarations took 0 ms 
468448     INFO  Test worker     d.u.i.k.n.KeyIO           Parsing took 0 ms 
468448     INFO  Test worker     d.u.i.k.n.KeyIO           MODE: declarations took 0 ms 
468448     INFO  Test worker     d.u.i.k.n.KeyIO           Parsing took 0 ms 
468448     INFO  Test worker     d.u.i.k.n.KeyIO           MODE: declarations took 0 ms 
468448     INFO  Test worker     d.u.i.k.n.KeyIO           Parsing took 0 ms 
468448     INFO  Test worker     d.u.i.k.n.KeyIO           MODE: declarations took 0 ms 
468448     INFO  Test worker     d.u.i.k.n.KeyIO           Parsing took 0 ms 
468448     INFO  Test worker     d.u.i.k.n.KeyIO           MODE: declarations took 0 ms 
468448     INFO  Test worker     d.u.i.k.n.KeyIO           Parsing took 0 ms 
468448     INFO  Test worker     d.u.i.k.n.KeyIO           MODE: declarations took 0 ms 
471700     INFO  Test worker     d.u.i.k.n.KeyIO           Parsing took 0 ms 
471700     INFO  Test worker     d.u.i.k.n.KeyIO           MODE: declarations took 0 ms 
471700     INFO  Test worker     d.u.i.k.n.KeyIO           Parsing took 0 ms 
471700     INFO  Test worker     d.u.i.k.n.KeyIO           MODE: declarations took 0 ms 
471700     INFO  Test worker     d.u.i.k.n.KeyIO           Parsing took 0 ms 
471700     INFO  Test worker     d.u.i.k.n.KeyIO           MODE: declarations took 0 ms 
471700     INFO  Test worker     d.u.i.k.n.KeyIO           Parsing took 0 ms 
471700     INFO  Test worker     d.u.i.k.n.KeyIO           MODE: declarations took 0 ms 
471700     INFO  Test worker     d.u.i.k.n.KeyIO           Parsing took 0 ms 
471700     INFO  Test worker     d.u.i.k.n.KeyIO           MODE: declarations took 0 ms 
474921     INFO  Test worker     d.u.i.k.n.KeyIO           Parsing took 0 ms 
474937     INFO  Test worker     d.u.i.k.n.KeyIO           MODE: declarations took 0 ms 
474937     INFO  Test worker     d.u.i.k.n.KeyIO           Parsing took 0 ms 
474937     INFO  Test worker     d.u.i.k.n.KeyIO           MODE: declarations took 0 ms 
474937     INFO  Test worker     d.u.i.k.n.KeyIO           Parsing took 0 ms 
474937     INFO  Test worker     d.u.i.k.n.KeyIO           MODE: declarations took 0 ms 
474937     INFO  Test worker     d.u.i.k.n.KeyIO           Parsing took 0 ms 
474937     INFO  Test worker     d.u.i.k.n.KeyIO           MODE: declarations took 0 ms 
474937     INFO  Test worker     d.u.i.k.n.KeyIO           Parsing took 0 ms 
474937     INFO  Test worker     d.u.i.k.n.KeyIO           MODE: declarations took 0 ms 
478267     INFO  Test worker     d.u.i.k.n.KeyIO           Parsing took 0 ms 
478267     INFO  Test worker     d.u.i.k.n.KeyIO           MODE: declarations took 0 ms 
478267     INFO  Test worker     d.u.i.k.n.KeyIO           Parsing took 0 ms 
478267     INFO  Test worker     d.u.i.k.n.KeyIO           MODE: declarations took 0 ms 
478267     INFO  Test worker     d.u.i.k.n.KeyIO           Parsing took 0 ms 
478267     INFO  Test worker     d.u.i.k.n.KeyIO           MODE: declarations took 0 ms 
478267     INFO  Test worker     d.u.i.k.n.KeyIO           Parsing took 0 ms 
478267     INFO  Test worker     d.u.i.k.n.KeyIO           MODE: declarations took 0 ms 
478267     INFO  Test worker     d.u.i.k.n.KeyIO           Parsing took 0 ms 
478267     INFO  Test worker     d.u.i.k.n.KeyIO           MODE: declarations took 0 ms 
481644     INFO  Test worker     d.u.i.k.n.KeyIO           Parsing took 0 ms 
481644     INFO  Test worker     d.u.i.k.n.KeyIO           MODE: declarations took 0 ms 
481644     INFO  Test worker     d.u.i.k.n.KeyIO           Parsing took 0 ms 
481644     INFO  Test worker     d.u.i.k.n.KeyIO           MODE: declarations took 0 ms 
481644     INFO  Test worker     d.u.i.k.n.KeyIO           Parsing took 0 ms 
481644     INFO  Test worker     d.u.i.k.n.KeyIO           MODE: declarations took 0 ms 
481644     INFO  Test worker     d.u.i.k.n.KeyIO           Parsing took 0 ms 
481644     INFO  Test worker     d.u.i.k.n.KeyIO           MODE: declarations took 0 ms 
481644     INFO  Test worker     d.u.i.k.n.KeyIO           Parsing took 0 ms 
481644     INFO  Test worker     d.u.i.k.n.KeyIO           MODE: declarations took 0 ms 
484943     INFO  Test worker     d.u.i.k.n.KeyIO           Parsing took 0 ms 
484943     INFO  Test worker     d.u.i.k.n.KeyIO           MODE: declarations took 0 ms 
484943     INFO  Test worker     d.u.i.k.n.KeyIO           Parsing took 0 ms 
484943     INFO  Test worker     d.u.i.k.n.KeyIO           MODE: declarations took 0 ms 
484943     INFO  Test worker     d.u.i.k.n.KeyIO           Parsing took 0 ms 
484943     INFO  Test worker     d.u.i.k.n.KeyIO           MODE: declarations took 0 ms 
484943     INFO  Test worker     d.u.i.k.n.KeyIO           Parsing took 0 ms 
484943     INFO  Test worker     d.u.i.k.n.KeyIO           MODE: declarations took 0 ms 
484943     INFO  Test worker     d.u.i.k.n.KeyIO           Parsing took 0 ms 
484943     INFO  Test worker     d.u.i.k.n.KeyIO           MODE: declarations took 0 ms 
488288     INFO  Test worker     d.u.i.k.n.KeyIO           Parsing took 0 ms 
488288     INFO  Test worker     d.u.i.k.n.KeyIO           MODE: declarations took 0 ms 
488288     INFO  Test worker     d.u.i.k.n.KeyIO           Parsing took 0 ms 
488288     INFO  Test worker     d.u.i.k.n.KeyIO           MODE: declarations took 0 ms 
488288     INFO  Test worker     d.u.i.k.n.KeyIO           Parsing took 0 ms 
488288     INFO  Test worker     d.u.i.k.n.KeyIO           MODE: declarations took 0 ms 
488288     INFO  Test worker     d.u.i.k.n.KeyIO           Parsing took 0 ms 
488288     INFO  Test worker     d.u.i.k.n.KeyIO           MODE: declarations took 0 ms 
488288     INFO  Test worker     d.u.i.k.n.KeyIO           Parsing took 0 ms 
488288     INFO  Test worker     d.u.i.k.n.KeyIO           MODE: declarations took 0 ms 
]]></system-out>
  <system-err><![CDATA[]]></system-err>
</testsuite>
