<?xml version="1.0" encoding="UTF-8"?>
<testsuite name="de.uka.ilkd.key.parser.TestDeclParser" tests="14" skipped="2" failures="0" errors="0" timestamp="2023-04-11T16:44:54" hostname="fv-az456-458" time="13.092">
  <properties/>
  <testcase name="testGenericSortDecl1()" classname="de.uka.ilkd.key.parser.TestDeclParser" time="1.215"/>
  <testcase name="testGenericSortDecl2()" classname="de.uka.ilkd.key.parser.TestDeclParser" time="1.175"/>
  <testcase name="testGenericSortDecl3()" classname="de.uka.ilkd.key.parser.TestDeclParser" time="1.104"/>
  <testcase name="testGenericSortDecl4()" classname="de.uka.ilkd.key.parser.TestDeclParser" time="1.004"/>
  <testcase name="testGenericSortDecl5()" classname="de.uka.ilkd.key.parser.TestDeclParser" time="0.0">
    <skipped/>
  </testcase>
  <testcase name="testGenericSortDecl6()" classname="de.uka.ilkd.key.parser.TestDeclParser" time="1.066"/>
  <testcase name="testSortDecl()" classname="de.uka.ilkd.key.parser.TestDeclParser" time="1.089"/>
  <testcase name="testProxySortDecl()" classname="de.uka.ilkd.key.parser.TestDeclParser" time="1.001"/>
  <testcase name="testArrayDecl()" classname="de.uka.ilkd.key.parser.TestDeclParser" time="1.084"/>
  <testcase name="testAmbiguousDecls()" classname="de.uka.ilkd.key.parser.TestDeclParser" time="0.0">
    <skipped/>
  </testcase>
  <testcase name="testHeurDecl()" classname="de.uka.ilkd.key.parser.TestDeclParser" time="1.095"/>
  <testcase name="testFunctionDecl()" classname="de.uka.ilkd.key.parser.TestDeclParser" time="1.113"/>
  <testcase name="testPredicateDecl()" classname="de.uka.ilkd.key.parser.TestDeclParser" time="1.012"/>
  <testcase name="testSVDecl()" classname="de.uka.ilkd.key.parser.TestDeclParser" time="1.132"/>
  <system-out><![CDATA[247710     INFO  Test worker     d.u.i.k.n.KeyIO           Parsing took 0 ms 
247710     INFO  Test worker     d.u.i.k.n.KeyIO           MODE: declarations took 0 ms 
248898     INFO  Test worker     d.u.i.k.n.KeyIO           Parsing took 0 ms 
248898     INFO  Test worker     d.u.i.k.n.KeyIO           MODE: declarations took 0 ms 
249992     INFO  Test worker     d.u.i.k.n.KeyIO           Parsing took 0 ms 
249992     INFO  Test worker     d.u.i.k.n.KeyIO           MODE: declarations took 0 ms 
251009     INFO  Test worker     d.u.i.k.n.KeyIO           Parsing took 0 ms 
251009     INFO  Test worker     d.u.i.k.n.KeyIO           MODE: declarations took 0 ms 
252057     INFO  Test worker     d.u.i.k.n.KeyIO           Parsing took 0 ms 
252057     INFO  Test worker     d.u.i.k.n.KeyIO           MODE: declarations took 0 ms 
253152     INFO  Test worker     d.u.i.k.n.KeyIO           Parsing took 0 ms 
253152     INFO  Test worker     d.u.i.k.n.KeyIO           MODE: declarations took 0 ms 
254152     INFO  Test worker     d.u.i.k.n.KeyIO           Parsing took 0 ms 
254152     INFO  Test worker     d.u.i.k.n.KeyIO           MODE: declarations took 0 ms 
255247     INFO  Test worker     d.u.i.k.n.KeyIO           Parsing took 0 ms 
255247     INFO  Test worker     d.u.i.k.n.KeyIO           MODE: declarations took 0 ms 
256341     INFO  Test worker     d.u.i.k.n.KeyIO           Parsing took 0 ms 
256341     INFO  Test worker     d.u.i.k.n.KeyIO           MODE: declarations took 0 ms 
257452     INFO  Test worker     d.u.i.k.n.KeyIO           Parsing took 0 ms 
257452     INFO  Test worker     d.u.i.k.n.KeyIO           MODE: declarations took 0 ms 
258467     INFO  Test worker     d.u.i.k.n.KeyIO           Parsing took 0 ms 
258467     INFO  Test worker     d.u.i.k.n.KeyIO           MODE: declarations took 0 ms 
259593     INFO  Test worker     d.u.i.k.n.KeyIO           Parsing took 0 ms 
259593     INFO  Test worker     d.u.i.k.n.KeyIO           MODE: declarations took 0 ms 
]]></system-out>
  <system-err><![CDATA[]]></system-err>
</testsuite>
