<?xml version="1.0" encoding="UTF-8"?>
<testsuite name="de.uka.ilkd.key.nparser.ParseLDTsTests" tests="2" skipped="0" failures="0" errors="0" timestamp="2023-04-11T16:44:41" hostname="fv-az456-458" time="1.209">
  <properties/>
  <testcase name="testLDT()" classname="de.uka.ilkd.key.nparser.ParseLDTsTests" time="0.024"/>
  <testcase name="testSR()" classname="de.uka.ilkd.key.nparser.ParseLDTsTests" time="1.184"/>
  <system-out><![CDATA[234173     INFO  Test worker     d.u.i.k.n.KeyIO           Parsing took 16 ms 
234173     INFO  Test worker     d.u.i.k.n.KeyIO           MODE: declarations took 0 ms 
234610     INFO  Test worker     d.u.i.k.n.KeyIO           Parsing took 422 ms 
234610     INFO  Test worker     d.u.i.k.n.KeyIO           MODE: declarations took 0 ms 
]]></system-out>
  <system-err><![CDATA[]]></system-err>
</testsuite>
