<?xml version="1.0" encoding="UTF-8"?>
<testsuite name="de.uka.ilkd.key.parser.TestTermParserSorts" tests="2" skipped="0" failures="0" errors="0" timestamp="2023-04-11T16:48:59" hostname="fv-az456-458" time="3.334">
  <properties/>
  <testcase name="testParseIntegerArgs()" classname="de.uka.ilkd.key.parser.TestTermParserSorts" time="0.018"/>
  <testcase name="testParseSequencePrettySyntax()" classname="de.uka.ilkd.key.parser.TestTermParserSorts" time="0.004"/>
  <system-out><![CDATA[491681     INFO  Test worker     d.u.i.k.n.KeyIO           Parsing took 0 ms 
491681     INFO  Test worker     d.u.i.k.n.KeyIO           MODE: declarations took 0 ms 
491681     INFO  Test worker     d.u.i.k.n.KeyIO           Parsing took 0 ms 
491681     INFO  Test worker     d.u.i.k.n.KeyIO           MODE: declarations took 0 ms 
491681     INFO  Test worker     d.u.i.k.n.KeyIO           Parsing took 0 ms 
491681     INFO  Test worker     d.u.i.k.n.KeyIO           MODE: declarations took 0 ms 
495011     INFO  Test worker     d.u.i.k.n.KeyIO           Parsing took 0 ms 
495011     INFO  Test worker     d.u.i.k.n.KeyIO           MODE: declarations took 0 ms 
495011     INFO  Test worker     d.u.i.k.n.KeyIO           Parsing took 0 ms 
495011     INFO  Test worker     d.u.i.k.n.KeyIO           MODE: declarations took 0 ms 
495011     INFO  Test worker     d.u.i.k.n.KeyIO           Parsing took 0 ms 
495011     INFO  Test worker     d.u.i.k.n.KeyIO           MODE: declarations took 0 ms 
]]></system-out>
  <system-err><![CDATA[]]></system-err>
</testsuite>
