<?xml version="1.0" encoding="UTF-8"?>
<testsuite name="de.uka.ilkd.key.rule.TestApplyTaclet" tests="29" skipped="0" failures="0" errors="0" timestamp="2023-04-11T16:49:26" hostname="fv-az456-458" time="4.776">
  <properties/>
  <testcase name="testCatchList()" classname="de.uka.ilkd.key.rule.TestApplyTaclet" time="1.296"/>
  <testcase name="testAntecTacletWithoutIf()" classname="de.uka.ilkd.key.rule.TestApplyTaclet" time="0.084"/>
  <testcase name="testAddExistingFormulaTwoInAntec2()" classname="de.uka.ilkd.key.rule.TestApplyTaclet" time="0.083"/>
  <testcase name="testAddExistingFormulaTwoInAntec()" classname="de.uka.ilkd.key.rule.TestApplyTaclet" time="0.103"/>
  <testcase name="testAddExistingFormulaTwoInSucc2()" classname="de.uka.ilkd.key.rule.TestApplyTaclet" time="0.081"/>
  <testcase name="testTacletWithIf()" classname="de.uka.ilkd.key.rule.TestApplyTaclet" time="0.081"/>
  <testcase name="testRemoveEmptyBlock()" classname="de.uka.ilkd.key.rule.TestApplyTaclet" time="0.079"/>
  <testcase name="testBugBrokenApply()" classname="de.uka.ilkd.key.rule.TestApplyTaclet" time="0.086"/>
  <testcase name="testCompleteContextAddBug()" classname="de.uka.ilkd.key.rule.TestApplyTaclet" time="0.082"/>
  <testcase name="testBugID176()" classname="de.uka.ilkd.key.rule.TestApplyTaclet" time="0.08"/>
  <testcase name="testBugID177()" classname="de.uka.ilkd.key.rule.TestApplyTaclet" time="0.077"/>
  <testcase name="testBugID188()" classname="de.uka.ilkd.key.rule.TestApplyTaclet" time="0.08"/>
  <testcase name="testSuccTacletWithoutIf()" classname="de.uka.ilkd.key.rule.TestApplyTaclet" time="0.078"/>
  <testcase name="testRewriteTacletWithoutIf()" classname="de.uka.ilkd.key.rule.TestApplyTaclet" time="0.072"/>
  <testcase name="testSuccTacletAllRight()" classname="de.uka.ilkd.key.rule.TestApplyTaclet" time="0.074"/>
  <testcase name="testTacletVariableCollector()" classname="de.uka.ilkd.key.rule.TestApplyTaclet" time="0.088"/>
  <testcase name="testIncompleteSuccTacletApp()" classname="de.uka.ilkd.key.rule.TestApplyTaclet" time="0.076"/>
  <testcase name="testAddExistingFormulaSucc()" classname="de.uka.ilkd.key.rule.TestApplyTaclet" time="0.105"/>
  <testcase name="testAddExistingFormulaTwoInSucc()" classname="de.uka.ilkd.key.rule.TestApplyTaclet" time="0.075"/>
  <testcase name="testIncompleteNoFindTacletApp()" classname="de.uka.ilkd.key.rule.TestApplyTaclet" time="0.078"/>
  <testcase name="testNoFindTacletWithoutIf()" classname="de.uka.ilkd.key.rule.TestApplyTaclet" time="0.077"/>
  <testcase name="testModalityLevel0()" classname="de.uka.ilkd.key.rule.TestApplyTaclet" time="0.988"/>
  <testcase name="testModalityLevel1()" classname="de.uka.ilkd.key.rule.TestApplyTaclet" time="0.106"/>
  <testcase name="testModalityLevel2()" classname="de.uka.ilkd.key.rule.TestApplyTaclet" time="0.071"/>
  <testcase name="testContextAdding()" classname="de.uka.ilkd.key.rule.TestApplyTaclet" time="0.085"/>
  <testcase name="testAddingRule()" classname="de.uka.ilkd.key.rule.TestApplyTaclet" time="0.076"/>
  <testcase name="testBugEmptyBlock()" classname="de.uka.ilkd.key.rule.TestApplyTaclet" time="0.187"/>
  <testcase name="testAddExistingFormulaAntec()" classname="de.uka.ilkd.key.rule.TestApplyTaclet" time="0.237"/>
  <testcase name="testPrgTacletApp()" classname="de.uka.ilkd.key.rule.TestApplyTaclet" time="0.073"/>
  <system-out><![CDATA[520164     INFO  Test worker     d.u.i.k.n.KeyIO           Parsing took 0 ms 
520164     INFO  Test worker     d.u.i.k.n.KeyIO           MODE: declarations took 0 ms 
]]></system-out>
  <system-err><![CDATA[]]></system-err>
</testsuite>
