<?xml version="1.0" encoding="UTF-8"?>
<testsuite name="de.uka.ilkd.key.taclettranslation.TestTacletTranslator" tests="5" skipped="0" failures="0" errors="0" timestamp="2023-04-11T16:56:31" hostname="fv-az456-458" time="0.053">
  <properties/>
  <testcase name="testPropositional1()" classname="de.uka.ilkd.key.taclettranslation.TestTacletTranslator" time="0.021"/>
  <testcase name="testPropositional2()" classname="de.uka.ilkd.key.taclettranslation.TestTacletTranslator" time="0.004"/>
  <testcase name="testNegativePolarity()" classname="de.uka.ilkd.key.taclettranslation.TestTacletTranslator" time="0.004"/>
  <testcase name="testNoPolarity()" classname="de.uka.ilkd.key.taclettranslation.TestTacletTranslator" time="0.021"/>
  <testcase name="testPositivePolarity()" classname="de.uka.ilkd.key.taclettranslation.TestTacletTranslator" time="0.003"/>
  <system-out><![CDATA[944337     INFO  Test worker     d.u.i.k.n.KeyIO           Parsing took 0 ms 
944337     INFO  Test worker     d.u.i.k.n.KeyIO           MODE: declarations took 0 ms 
944352     INFO  Test worker     d.u.i.k.n.KeyIO           Parsing took 0 ms 
944352     INFO  Test worker     d.u.i.k.n.KeyIO           MODE: declarations took 0 ms 
944352     INFO  Test worker     d.u.i.k.n.KeyIO           Parsing took 0 ms 
944352     INFO  Test worker     d.u.i.k.n.KeyIO           MODE: declarations took 0 ms 
944368     INFO  Test worker     d.u.i.k.n.KeyIO           Parsing took 0 ms 
944383     INFO  Test worker     d.u.i.k.n.KeyIO           MODE: declarations took 15 ms 
944383     INFO  Test worker     d.u.i.k.n.KeyIO           Parsing took 0 ms 
944383     INFO  Test worker     d.u.i.k.n.KeyIO           MODE: declarations took 0 ms 
]]></system-out>
  <system-err><![CDATA[]]></system-err>
</testsuite>
