<?xml version="1.0" encoding="UTF-8"?>
<testsuite name="de.uka.ilkd.key.smt.newsmt2.ProveSMTLemmasTest" tests="25" skipped="0" failures="0" errors="0" timestamp="2023-05-31T12:26:50" hostname="fv-az811-346" time="107.476">
  <properties/>
  <testcase name="[1] jmod.dl, &#10;\forall int divNum; \forall int divDenom;&#10;  jmod(divNum,divDenom) =&#10;    divNum + jdiv(divNum,divDenom)*(-1)*divDenom&#10;" classname="de.uka.ilkd.key.smt.newsmt2.ProveSMTLemmasTest" time="4.314"/>
  <testcase name="[2] seqSub.dl, &#13;&#10;    \forall Seq seq;&#13;&#10;    \forall int from;&#13;&#10;    \forall int to;&#13;&#10;    \forall int idx;&#13;&#10;        any::seqGet(seqSub(seq, from, to)&lt;&lt;Trigger&gt;&gt;, idx)&#13;&#10;      = \if(0 &lt;= idx &amp; idx &lt; (to - from))&#13;&#10;        \then(any::seqGet(seq, idx + from))&#13;&#10;        \else(seqGetOutside)&#13;&#10;" classname="de.uka.ilkd.key.smt.newsmt2.ProveSMTLemmasTest" time="4.317"/>
  <testcase name="[3] seqGetOutside.dl, &#13;&#10;    \forall int i; \forall Seq s; ( i &lt; 0 | i &gt;= seqLen(s) -&gt; any::seqGet(s, i)&lt;&lt;Trigger&gt;&gt; = seqGetOutside )&#13;&#10;" classname="de.uka.ilkd.key.smt.newsmt2.ProveSMTLemmasTest" time="4.282"/>
  <testcase name="[4] singleton.dl, &#10;  \forall Object o; \forall Field f; \forall Object o2; \forall Field f2;&#10;    ( elementOf(o,f, singleton(o2,f2))&lt;&lt;Trigger&gt;&gt; &lt;-&gt;&#10;      o = o2 &amp; f = f2 )&#10;" classname="de.uka.ilkd.key.smt.newsmt2.ProveSMTLemmasTest" time="4.258"/>
  <testcase name="[5] create.dl, &#13;&#10;  \forall Heap h; \forall Object o; \forall Object o2; \forall Field f;&#13;&#10;      any::select(create(h, o), o2, f)&lt;&lt;Trigger&gt;&gt; =&#13;&#10;         \if(o = o2 &amp; o != null &amp; f = java.lang.Object::&lt;created&gt;)&#13;&#10;         \then(TRUE)&#13;&#10;         \else(any::select(h, o2, f))&#13;&#10;" classname="de.uka.ilkd.key.smt.newsmt2.ProveSMTLemmasTest" time="4.255"/>
  <testcase name="[6] allFields.dl, &#13;&#10;  \forall Object o; \forall Field f; \forall Object o2;&#13;&#10;    ( elementOf(o,f, allFields(o2))&lt;&lt;Trigger&gt;&gt; &lt;-&gt;&#13;&#10;       o = o2 )&#13;&#10;" classname="de.uka.ilkd.key.smt.newsmt2.ProveSMTLemmasTest" time="4.287"/>
  <testcase name="[7] seqEmpty.dl, &#13;&#10;    seqLen(seqEmpty) = 0&#13;&#10;&#10;" classname="de.uka.ilkd.key.smt.newsmt2.ProveSMTLemmasTest" time="4.28"/>
  <testcase name="[8] union.dl, &#10;  \forall Object o; \forall Field f; \forall LocSet l1; \forall LocSet l2;&#10;     ( elementOf(o, f, union(l1, l2))&lt;&lt;Trigger&gt;&gt; &lt;-&gt; elementOf(o,f,l1) | elementOf(o,f,l2) )&#10;" classname="de.uka.ilkd.key.smt.newsmt2.ProveSMTLemmasTest" time="4.255"/>
  <testcase name="[9] seqConcat.dl.2, &#13;&#10;    \forall Seq s1; \forall Seq s2; seqLen(seqConcat(s1,s2)&lt;&lt;Trigger&gt;&gt;) = seqLen(s1) + seqLen(s2)&#13;&#10;&#10;" classname="de.uka.ilkd.key.smt.newsmt2.ProveSMTLemmasTest" time="4.264"/>
  <testcase name="[10] wellFormed.dl, &#13;&#10;  \forall Heap h; \forall Object o; \forall Field f; (wellFormed(h) -&gt;&#13;&#10;      boolean::select(h, (java.lang.Object::select(h, o, f))&lt;&lt;Trigger&gt;&gt;, java.lang.Object::&lt;created&gt;) = TRUE&#13;&#10;    | (java.lang.Object::select(h, o, f)) = null)&#13;&#10;" classname="de.uka.ilkd.key.smt.newsmt2.ProveSMTLemmasTest" time="4.239"/>
  <testcase name="[11] jdiv.dl, &#10;\forall int divNum; \forall int divDenom;&#10;  jdiv(divNum,divDenom) =&#10;         \if (divNum &gt;= 0)&#10;         \then (div(divNum,divDenom))&#10;         \else (div(divNum*(-1),divDenom)*(-1))&#10;" classname="de.uka.ilkd.key.smt.newsmt2.ProveSMTLemmasTest" time="4.297"/>
  <testcase name="[12] empty.dl, &#10;  \forall Object o; \forall Field f; ( elementOf(o,f,empty)&lt;&lt;Trigger&gt;&gt; &lt;-&gt; false )&#10;" classname="de.uka.ilkd.key.smt.newsmt2.ProveSMTLemmasTest" time="4.297"/>
  <testcase name="[13] allLocs.dl, &#10;  \forall Object o; \forall Field f; ( elementOf(o,f,allLocs)&lt;&lt;Trigger&gt;&gt; &lt;-&gt; true )&#10;" classname="de.uka.ilkd.key.smt.newsmt2.ProveSMTLemmasTest" time="4.26"/>
  <testcase name="[14] arrayRange.dl, &#13;&#10;  \forall Object o; \forall Object o2; \forall Field f; \forall int lo; \forall int hi;&#13;&#10;    (elementOf(o,f, arrayRange(o2, lo, hi))&lt;&lt;Trigger&gt;&gt; &lt;-&gt;&#13;&#10;      o = o2 &amp; \exists int iv; (f = arr(iv) &amp; lo &lt;= iv &amp; iv &lt;= hi))&#13;&#10;" classname="de.uka.ilkd.key.smt.newsmt2.ProveSMTLemmasTest" time="4.294"/>
  <testcase name="[15] seqConcat.dl, &#13;&#10;    \forall int i; \forall Seq s1; \forall Seq s2; ( 0 &lt;= i &amp; i &lt; seqLen(s1) + seqLen(s2) -&gt;&#13;&#10;        any::seqGet(seqConcat(s1, s2), i) =&#13;&#10;            \if (i &lt; seqLen(s1)) \then (any::seqGet(s1, i)) \else (any::seqGet(s2, i-seqLen(s1))))&#13;&#10;&#10;" classname="de.uka.ilkd.key.smt.newsmt2.ProveSMTLemmasTest" time="4.317"/>
  <testcase name="[16] seqLen.dl, &#13;&#10;    \forall Seq s; seqLen(s)&lt;&lt;Trigger&gt;&gt; &gt;= 0&#13;&#10;" classname="de.uka.ilkd.key.smt.newsmt2.ProveSMTLemmasTest" time="4.36"/>
  <testcase name="[17] length.dl, &#13;&#10;    \forall Object o; length(o) &gt;= 0&#13;&#10;" classname="de.uka.ilkd.key.smt.newsmt2.ProveSMTLemmasTest" time="4.353"/>
  <testcase name="[18] freshLocs.dl, &#10;  \forall Heap h; \forall Object o; \forall Field f;&#10;     ( elementOf(o,f,freshLocs(h))&lt;&lt;Trigger&gt;&gt; &lt;-&gt;&#10;        o != null &amp; !boolean::select(h,o,java.lang.Object::&lt;created&gt;)=TRUE )&#10;" classname="de.uka.ilkd.key.smt.newsmt2.ProveSMTLemmasTest" time="4.312"/>
  <testcase name="[19] anon.dl, &#13;&#10;    \forall Heap h; \forall Object o; \forall Field f; \forall Heap h2; \forall LocSet ls;&#13;&#10;      any::select(anon(h, ls, h2), o, f)&lt;&lt;Trigger&gt;&gt; =&#13;&#10;         \if(elementOf(o, f, ls) &amp; f != java.lang.Object::&lt;created&gt;&#13;&#10;           | elementOf(o, f, freshLocs(h)))&#13;&#10;         \then(any::select(h2, o, f))&#13;&#10;         \else(any::select(h, o, f))&#13;&#10;" classname="de.uka.ilkd.key.smt.newsmt2.ProveSMTLemmasTest" time="4.383"/>
  <testcase name="[20] memset.dl, &#13;&#10;    \forall Heap h; \forall LocSet s; \forall any x; \forall Object o; \forall Field f;&#13;&#10;      any::select(memset(h, s, x), o, f)&lt;&lt;Trigger&gt;&gt; =&#13;&#10;         \if(elementOf(o, f, s) &amp; f != java.lang.Object::&lt;created&gt;)&#13;&#10;         \then(x)&#13;&#10;         \else(any::select(h, o, f))&#13;&#10;" classname="de.uka.ilkd.key.smt.newsmt2.ProveSMTLemmasTest" time="4.342"/>
  <testcase name="[21] store.dl, &#13;&#10;    \forall Heap h; \forall Object o; \forall Field f; \forall Object o2; \forall Field f2; \forall any v;&#13;&#10;      any::select(store(h,o,f,v), o2, f2)&lt;&lt;Trigger&gt;&gt; =&#13;&#10;         \if(o = o2 &amp; f = f2 &amp; f != java.lang.Object::&lt;created&gt;)&#13;&#10;         \then(v)&#13;&#10;         \else(any::select(h, o2, f2))&#13;&#10;" classname="de.uka.ilkd.key.smt.newsmt2.ProveSMTLemmasTest" time="4.318"/>
  <testcase name="[22] seqSub.dl.2, &#13;&#10;    \forall Seq seq;&#13;&#10;    \forall int from;&#13;&#10;    \forall int to;&#13;&#10;        seqLen(seqSub(seq, from, to)&lt;&lt;Trigger&gt;&gt;)&#13;&#10;      = \if(from &lt; to)\then(to - from)\else(0)&#13;&#10;" classname="de.uka.ilkd.key.smt.newsmt2.ProveSMTLemmasTest" time="4.304"/>
  <testcase name="[23] seqSingleton.dl, &#13;&#10;    \forall any x; any::seqGet(seqSingleton(x)&lt;&lt;Trigger&gt;&gt;, 0) = x&#13;&#10;&#10;" classname="de.uka.ilkd.key.smt.newsmt2.ProveSMTLemmasTest" time="4.295"/>
  <testcase name="[24] seqSingleton.dl.2, &#13;&#10;    \forall any x; seqLen(seqSingleton(x)&lt;&lt;Trigger&gt;&gt;) = 1&#13;&#10;&#10;" classname="de.uka.ilkd.key.smt.newsmt2.ProveSMTLemmasTest" time="4.272"/>
  <testcase name="[25] null.dl, &#10;     \forall any x; ((Null::instance(x))&lt;&lt;Trigger&gt;&gt; = TRUE -&gt; x = null) &#10;" classname="de.uka.ilkd.key.smt.newsmt2.ProveSMTLemmasTest" time="4.319"/>
  <system-out><![CDATA[984711     INFO  Test worker     d.u.i.k.s.n.ProveSMTLemmasTest Now processing file D:\a\key\key\key.core\build\resources\test\de\uka\ilkd\key\smt\newsmt2\SMT_lemma_jmod.dl.proof 
984711     INFO  Test worker     d.u.i.k.p.i.AbstractProblemLoader Loading environment from D:\a\key\key\key.core\build\resources\test\de\uka\ilkd\key\smt\newsmt2\SMT_lemma_jmod.dl.proof 
984711     DEBUG Test worker     d.u.i.k.p.i.AbstractProblemLoader Environment load took 81.9ns 
984711     INFO  Test worker     d.u.i.k.p.i.AbstractProblemLoader Creating init config 
988873     DEBUG Test worker     d.u.i.k.p.i.AbstractProblemLoader Init config took 4.17s 
988889     INFO  Test worker     d.u.i.k.p.i.AbstractProblemLoader Replaying proof SMT_lemma_jmod.dl.proof 
988904     DEBUG Test worker     d.u.i.k.p.i.IntermediateProofReplayer Proof replay took 4.8ms 
989014     INFO  Test worker     d.u.i.k.s.n.ProveSMTLemmasTest Now processing file C:\Users\RUNNER~1\AppData\Local\Temp\SMT_lemma_seqSub.dl_16446164202761059342.key 
989014     INFO  Test worker     d.u.i.k.p.i.AbstractProblemLoader Loading environment from C:\Users\RUNNER~1\AppData\Local\Temp\SMT_lemma_seqSub.dl_16446164202761059342.key 
989014     DEBUG Test worker     d.u.i.k.p.i.AbstractProblemLoader Environment load took 204.5ns 
989014     INFO  Test worker     d.u.i.k.p.i.AbstractProblemLoader Creating init config 
993200     DEBUG Test worker     d.u.i.k.p.i.AbstractProblemLoader Init config took 4.19s 
993216     INFO  Test worker     d.u.i.k.p.i.AbstractProblemLoader Replaying proof SMT_lemma_seqSub.dl_16446164202761059342.key 
993216     DEBUG Test worker     d.u.i.k.p.i.IntermediateProofReplayer Proof replay took 10ns 
993331     INFO  Test worker     d.u.i.k.s.n.ProveSMTLemmasTest Now processing file D:\a\key\key\key.core\build\resources\test\de\uka\ilkd\key\smt\newsmt2\SMT_lemma_seqGetOutside.dl.proof 
993331     INFO  Test worker     d.u.i.k.p.i.AbstractProblemLoader Loading environment from D:\a\key\key\key.core\build\resources\test\de\uka\ilkd\key\smt\newsmt2\SMT_lemma_seqGetOutside.dl.proof 
993331     DEBUG Test worker     d.u.i.k.p.i.AbstractProblemLoader Environment load took 338.6ns 
993331     INFO  Test worker     d.u.i.k.p.i.AbstractProblemLoader Creating init config 
997457     DEBUG Test worker     d.u.i.k.p.i.AbstractProblemLoader Init config took 4.13s 
997473     INFO  Test worker     d.u.i.k.p.i.AbstractProblemLoader Replaying proof SMT_lemma_seqGetOutside.dl.proof 
997504     DEBUG Test worker     d.u.i.k.p.i.IntermediateProofReplayer Proof replay took 19.41ms 
997613     INFO  Test worker     d.u.i.k.s.n.ProveSMTLemmasTest Now processing file C:\Users\RUNNER~1\AppData\Local\Temp\SMT_lemma_singleton.dl_10963702316124132812.key 
997613     INFO  Test worker     d.u.i.k.p.i.AbstractProblemLoader Loading environment from C:\Users\RUNNER~1\AppData\Local\Temp\SMT_lemma_singleton.dl_10963702316124132812.key 
997613     DEBUG Test worker     d.u.i.k.p.i.AbstractProblemLoader Environment load took 215.2ns 
997613     INFO  Test worker     d.u.i.k.p.i.AbstractProblemLoader Creating init config 
1001727    DEBUG Test worker     d.u.i.k.p.i.AbstractProblemLoader Init config took 4.11s 
1001762    INFO  Test worker     d.u.i.k.p.i.AbstractProblemLoader Replaying proof SMT_lemma_singleton.dl_10963702316124132812.key 
1001762    DEBUG Test worker     d.u.i.k.p.i.IntermediateProofReplayer Proof replay took 10.2ns 
1001871    INFO  Test worker     d.u.i.k.s.n.ProveSMTLemmasTest Now processing file C:\Users\RUNNER~1\AppData\Local\Temp\SMT_lemma_create.dl_12832533300830956623.key 
1001871    INFO  Test worker     d.u.i.k.p.i.AbstractProblemLoader Loading environment from C:\Users\RUNNER~1\AppData\Local\Temp\SMT_lemma_create.dl_12832533300830956623.key 
1001871    DEBUG Test worker     d.u.i.k.p.i.AbstractProblemLoader Environment load took 325.5ns 
1001871    INFO  Test worker     d.u.i.k.p.i.AbstractProblemLoader Creating init config 
1005993    DEBUG Test worker     d.u.i.k.p.i.AbstractProblemLoader Init config took 4.13s 
1006008    INFO  Test worker     d.u.i.k.p.i.AbstractProblemLoader Replaying proof SMT_lemma_create.dl_12832533300830956623.key 
1006008    DEBUG Test worker     d.u.i.k.p.i.IntermediateProofReplayer Proof replay took 10.4ns 
1006126    INFO  Test worker     d.u.i.k.s.n.ProveSMTLemmasTest Now processing file C:\Users\RUNNER~1\AppData\Local\Temp\SMT_lemma_allFields.dl_15433132312581203035.key 
1006126    INFO  Test worker     d.u.i.k.p.i.AbstractProblemLoader Loading environment from C:\Users\RUNNER~1\AppData\Local\Temp\SMT_lemma_allFields.dl_15433132312581203035.key 
1006126    DEBUG Test worker     d.u.i.k.p.i.AbstractProblemLoader Environment load took 228.6ns 
1006126    INFO  Test worker     d.u.i.k.p.i.AbstractProblemLoader Creating init config 
1010287    DEBUG Test worker     d.u.i.k.p.i.AbstractProblemLoader Init config took 4.16s 
1010302    INFO  Test worker     d.u.i.k.p.i.AbstractProblemLoader Replaying proof SMT_lemma_allFields.dl_15433132312581203035.key 
1010302    DEBUG Test worker     d.u.i.k.p.i.IntermediateProofReplayer Proof replay took 9.8ns 
1010413    INFO  Test worker     d.u.i.k.s.n.ProveSMTLemmasTest Now processing file C:\Users\RUNNER~1\AppData\Local\Temp\SMT_lemma_seqEmpty.dl_4425904262067125330.key 
1010413    INFO  Test worker     d.u.i.k.p.i.AbstractProblemLoader Loading environment from C:\Users\RUNNER~1\AppData\Local\Temp\SMT_lemma_seqEmpty.dl_4425904262067125330.key 
1010413    DEBUG Test worker     d.u.i.k.p.i.AbstractProblemLoader Environment load took 238.8ns 
1010413    INFO  Test worker     d.u.i.k.p.i.AbstractProblemLoader Creating init config 
1014552    DEBUG Test worker     d.u.i.k.p.i.AbstractProblemLoader Init config took 4.13s 
1014584    INFO  Test worker     d.u.i.k.p.i.AbstractProblemLoader Replaying proof SMT_lemma_seqEmpty.dl_4425904262067125330.key 
1014584    DEBUG Test worker     d.u.i.k.p.i.IntermediateProofReplayer Proof replay took 39.5ns 
1014693    INFO  Test worker     d.u.i.k.s.n.ProveSMTLemmasTest Now processing file C:\Users\RUNNER~1\AppData\Local\Temp\SMT_lemma_union.dl_18034390276454649293.key 
1014693    INFO  Test worker     d.u.i.k.p.i.AbstractProblemLoader Loading environment from C:\Users\RUNNER~1\AppData\Local\Temp\SMT_lemma_union.dl_18034390276454649293.key 
1014693    DEBUG Test worker     d.u.i.k.p.i.AbstractProblemLoader Environment load took 248.2ns 
1014693    INFO  Test worker     d.u.i.k.p.i.AbstractProblemLoader Creating init config 
1018807    DEBUG Test worker     d.u.i.k.p.i.AbstractProblemLoader Init config took 4.12s 
1018822    INFO  Test worker     d.u.i.k.p.i.AbstractProblemLoader Replaying proof SMT_lemma_union.dl_18034390276454649293.key 
1018838    DEBUG Test worker     d.u.i.k.p.i.IntermediateProofReplayer Proof replay took 9.3ns 
1018948    INFO  Test worker     d.u.i.k.s.n.ProveSMTLemmasTest Now processing file C:\Users\RUNNER~1\AppData\Local\Temp\SMT_lemma_seqConcat.dl.2_4038612246505317279.key 
1018948    INFO  Test worker     d.u.i.k.p.i.AbstractProblemLoader Loading environment from C:\Users\RUNNER~1\AppData\Local\Temp\SMT_lemma_seqConcat.dl.2_4038612246505317279.key 
1018948    DEBUG Test worker     d.u.i.k.p.i.AbstractProblemLoader Environment load took 216.7ns 
1018948    INFO  Test worker     d.u.i.k.p.i.AbstractProblemLoader Creating init config 
1023081    DEBUG Test worker     d.u.i.k.p.i.AbstractProblemLoader Init config took 4.14s 
1023097    INFO  Test worker     d.u.i.k.p.i.AbstractProblemLoader Replaying proof SMT_lemma_seqConcat.dl.2_4038612246505317279.key 
1023097    DEBUG Test worker     d.u.i.k.p.i.IntermediateProofReplayer Proof replay took 9.9ns 
1023212    INFO  Test worker     d.u.i.k.s.n.ProveSMTLemmasTest Now processing file C:\Users\RUNNER~1\AppData\Local\Temp\SMT_lemma_wellFormed.dl_5801630641356321195.key 
1023212    INFO  Test worker     d.u.i.k.p.i.AbstractProblemLoader Loading environment from C:\Users\RUNNER~1\AppData\Local\Temp\SMT_lemma_wellFormed.dl_5801630641356321195.key 
1023212    DEBUG Test worker     d.u.i.k.p.i.AbstractProblemLoader Environment load took 390.4ns 
1023212    INFO  Test worker     d.u.i.k.p.i.AbstractProblemLoader Creating init config 
1027327    DEBUG Test worker     d.u.i.k.p.i.AbstractProblemLoader Init config took 4.11s 
1027343    INFO  Test worker     d.u.i.k.p.i.AbstractProblemLoader Replaying proof SMT_lemma_wellFormed.dl_5801630641356321195.key 
1027343    DEBUG Test worker     d.u.i.k.p.i.IntermediateProofReplayer Proof replay took 9.1ns 
1027452    INFO  Test worker     d.u.i.k.s.n.ProveSMTLemmasTest Now processing file D:\a\key\key\key.core\build\resources\test\de\uka\ilkd\key\smt\newsmt2\SMT_lemma_jdiv.dl.proof 
1027452    INFO  Test worker     d.u.i.k.p.i.AbstractProblemLoader Loading environment from D:\a\key\key\key.core\build\resources\test\de\uka\ilkd\key\smt\newsmt2\SMT_lemma_jdiv.dl.proof 
1027452    DEBUG Test worker     d.u.i.k.p.i.AbstractProblemLoader Environment load took 357.2ns 
1027452    INFO  Test worker     d.u.i.k.p.i.AbstractProblemLoader Creating init config 
1031608    DEBUG Test worker     d.u.i.k.p.i.AbstractProblemLoader Init config took 4.16s 
1031623    INFO  Test worker     d.u.i.k.p.i.AbstractProblemLoader Replaying proof SMT_lemma_jdiv.dl.proof 
1031639    DEBUG Test worker     d.u.i.k.p.i.IntermediateProofReplayer Proof replay took 1.93ms 
1031749    INFO  Test worker     d.u.i.k.s.n.ProveSMTLemmasTest Now processing file C:\Users\RUNNER~1\AppData\Local\Temp\SMT_lemma_empty.dl_8471501342636142800.key 
1031749    INFO  Test worker     d.u.i.k.p.i.AbstractProblemLoader Loading environment from C:\Users\RUNNER~1\AppData\Local\Temp\SMT_lemma_empty.dl_8471501342636142800.key 
1031749    DEBUG Test worker     d.u.i.k.p.i.AbstractProblemLoader Environment load took 212.4ns 
1031749    INFO  Test worker     d.u.i.k.p.i.AbstractProblemLoader Creating init config 
1035905    DEBUG Test worker     d.u.i.k.p.i.AbstractProblemLoader Init config took 4.15s 
1035936    INFO  Test worker     d.u.i.k.p.i.AbstractProblemLoader Replaying proof SMT_lemma_empty.dl_8471501342636142800.key 
1035936    DEBUG Test worker     d.u.i.k.p.i.IntermediateProofReplayer Proof replay took 10.9ns 
1036046    INFO  Test worker     d.u.i.k.s.n.ProveSMTLemmasTest Now processing file C:\Users\RUNNER~1\AppData\Local\Temp\SMT_lemma_allLocs.dl_14086235447747641494.key 
1036046    INFO  Test worker     d.u.i.k.p.i.AbstractProblemLoader Loading environment from C:\Users\RUNNER~1\AppData\Local\Temp\SMT_lemma_allLocs.dl_14086235447747641494.key 
1036046    DEBUG Test worker     d.u.i.k.p.i.AbstractProblemLoader Environment load took 236.8ns 
1036046    INFO  Test worker     d.u.i.k.p.i.AbstractProblemLoader Creating init config 
1040164    DEBUG Test worker     d.u.i.k.p.i.AbstractProblemLoader Init config took 4.13s 
1040180    INFO  Test worker     d.u.i.k.p.i.AbstractProblemLoader Replaying proof SMT_lemma_allLocs.dl_14086235447747641494.key 
1040180    DEBUG Test worker     d.u.i.k.p.i.IntermediateProofReplayer Proof replay took 10.4ns 
1040306    INFO  Test worker     d.u.i.k.s.n.ProveSMTLemmasTest Now processing file C:\Users\RUNNER~1\AppData\Local\Temp\SMT_lemma_arrayRange.dl_9423753348773559535.key 
1040306    INFO  Test worker     d.u.i.k.p.i.AbstractProblemLoader Loading environment from C:\Users\RUNNER~1\AppData\Local\Temp\SMT_lemma_arrayRange.dl_9423753348773559535.key 
1040306    DEBUG Test worker     d.u.i.k.p.i.AbstractProblemLoader Environment load took 213.2ns 
1040306    INFO  Test worker     d.u.i.k.p.i.AbstractProblemLoader Creating init config 
1044468    DEBUG Test worker     d.u.i.k.p.i.AbstractProblemLoader Init config took 4.17s 
1044484    INFO  Test worker     d.u.i.k.p.i.AbstractProblemLoader Replaying proof SMT_lemma_arrayRange.dl_9423753348773559535.key 
1044484    DEBUG Test worker     d.u.i.k.p.i.IntermediateProofReplayer Proof replay took 11.4ns 
1044600    INFO  Test worker     d.u.i.k.s.n.ProveSMTLemmasTest Now processing file C:\Users\RUNNER~1\AppData\Local\Temp\SMT_lemma_seqConcat.dl_1209773679779081855.key 
1044600    INFO  Test worker     d.u.i.k.p.i.AbstractProblemLoader Loading environment from C:\Users\RUNNER~1\AppData\Local\Temp\SMT_lemma_seqConcat.dl_1209773679779081855.key 
1044600    DEBUG Test worker     d.u.i.k.p.i.AbstractProblemLoader Environment load took 245.4ns 
1044600    INFO  Test worker     d.u.i.k.p.i.AbstractProblemLoader Creating init config 
1048785    DEBUG Test worker     d.u.i.k.p.i.AbstractProblemLoader Init config took 4.19s 
1048801    INFO  Test worker     d.u.i.k.p.i.AbstractProblemLoader Replaying proof SMT_lemma_seqConcat.dl_1209773679779081855.key 
1048801    DEBUG Test worker     d.u.i.k.p.i.IntermediateProofReplayer Proof replay took 11.4ns 
1048917    INFO  Test worker     d.u.i.k.s.n.ProveSMTLemmasTest Now processing file C:\Users\RUNNER~1\AppData\Local\Temp\SMT_lemma_seqLen.dl_11683584906362450979.key 
1048917    INFO  Test worker     d.u.i.k.p.i.AbstractProblemLoader Loading environment from C:\Users\RUNNER~1\AppData\Local\Temp\SMT_lemma_seqLen.dl_11683584906362450979.key 
1048917    DEBUG Test worker     d.u.i.k.p.i.AbstractProblemLoader Environment load took 1.77ms 
1048917    INFO  Test worker     d.u.i.k.p.i.AbstractProblemLoader Creating init config 
1053138    DEBUG Test worker     d.u.i.k.p.i.AbstractProblemLoader Init config took 4.22s 
1053153    INFO  Test worker     d.u.i.k.p.i.AbstractProblemLoader Replaying proof SMT_lemma_seqLen.dl_11683584906362450979.key 
1053153    DEBUG Test worker     d.u.i.k.p.i.IntermediateProofReplayer Proof replay took 11.7ns 
1053278    INFO  Test worker     d.u.i.k.s.n.ProveSMTLemmasTest Now processing file C:\Users\RUNNER~1\AppData\Local\Temp\SMT_lemma_length.dl_13387187650724335468.key 
1053278    INFO  Test worker     d.u.i.k.p.i.AbstractProblemLoader Loading environment from C:\Users\RUNNER~1\AppData\Local\Temp\SMT_lemma_length.dl_13387187650724335468.key 
1053278    DEBUG Test worker     d.u.i.k.p.i.AbstractProblemLoader Environment load took 262ns 
1053278    INFO  Test worker     d.u.i.k.p.i.AbstractProblemLoader Creating init config 
1057501    DEBUG Test worker     d.u.i.k.p.i.AbstractProblemLoader Init config took 4.22s 
1057516    INFO  Test worker     d.u.i.k.p.i.AbstractProblemLoader Replaying proof SMT_lemma_length.dl_13387187650724335468.key 
1057516    DEBUG Test worker     d.u.i.k.p.i.IntermediateProofReplayer Proof replay took 10.7ns 
1057631    INFO  Test worker     d.u.i.k.s.n.ProveSMTLemmasTest Now processing file C:\Users\RUNNER~1\AppData\Local\Temp\SMT_lemma_freshLocs.dl_7900123103981350113.key 
1057631    INFO  Test worker     d.u.i.k.p.i.AbstractProblemLoader Loading environment from C:\Users\RUNNER~1\AppData\Local\Temp\SMT_lemma_freshLocs.dl_7900123103981350113.key 
1057631    DEBUG Test worker     d.u.i.k.p.i.AbstractProblemLoader Environment load took 252.5ns 
1057631    INFO  Test worker     d.u.i.k.p.i.AbstractProblemLoader Creating init config 
1061818    DEBUG Test worker     d.u.i.k.p.i.AbstractProblemLoader Init config took 4.19s 
1061833    INFO  Test worker     d.u.i.k.p.i.AbstractProblemLoader Replaying proof SMT_lemma_freshLocs.dl_7900123103981350113.key 
1061833    DEBUG Test worker     d.u.i.k.p.i.IntermediateProofReplayer Proof replay took 10.3ns 
1061943    INFO  Test worker     d.u.i.k.s.n.ProveSMTLemmasTest Now processing file C:\Users\RUNNER~1\AppData\Local\Temp\SMT_lemma_anon.dl_2547837939530864847.key 
1061943    INFO  Test worker     d.u.i.k.p.i.AbstractProblemLoader Loading environment from C:\Users\RUNNER~1\AppData\Local\Temp\SMT_lemma_anon.dl_2547837939530864847.key 
1061943    DEBUG Test worker     d.u.i.k.p.i.AbstractProblemLoader Environment load took 382.9ns 
1061943    INFO  Test worker     d.u.i.k.p.i.AbstractProblemLoader Creating init config 
1066200    DEBUG Test worker     d.u.i.k.p.i.AbstractProblemLoader Init config took 4.25s 
1066216    INFO  Test worker     d.u.i.k.p.i.AbstractProblemLoader Replaying proof SMT_lemma_anon.dl_2547837939530864847.key 
1066216    DEBUG Test worker     d.u.i.k.p.i.IntermediateProofReplayer Proof replay took 10.8ns 
1066326    INFO  Test worker     d.u.i.k.s.n.ProveSMTLemmasTest Now processing file C:\Users\RUNNER~1\AppData\Local\Temp\SMT_lemma_memset.dl_6225995933296518268.key 
1066326    INFO  Test worker     d.u.i.k.p.i.AbstractProblemLoader Loading environment from C:\Users\RUNNER~1\AppData\Local\Temp\SMT_lemma_memset.dl_6225995933296518268.key 
1066326    DEBUG Test worker     d.u.i.k.p.i.AbstractProblemLoader Environment load took 391.8ns 
1066326    INFO  Test worker     d.u.i.k.p.i.AbstractProblemLoader Creating init config 
1070538    DEBUG Test worker     d.u.i.k.p.i.AbstractProblemLoader Init config took 4.21s 
1070553    INFO  Test worker     d.u.i.k.p.i.AbstractProblemLoader Replaying proof SMT_lemma_memset.dl_6225995933296518268.key 
1070553    DEBUG Test worker     d.u.i.k.p.i.IntermediateProofReplayer Proof replay took 10.8ns 
1070668    INFO  Test worker     d.u.i.k.s.n.ProveSMTLemmasTest Now processing file C:\Users\RUNNER~1\AppData\Local\Temp\SMT_lemma_store.dl_18092107568027473265.key 
1070668    INFO  Test worker     d.u.i.k.p.i.AbstractProblemLoader Loading environment from C:\Users\RUNNER~1\AppData\Local\Temp\SMT_lemma_store.dl_18092107568027473265.key 
1070668    DEBUG Test worker     d.u.i.k.p.i.AbstractProblemLoader Environment load took 234.5ns 
1070668    INFO  Test worker     d.u.i.k.p.i.AbstractProblemLoader Creating init config 
1074854    DEBUG Test worker     d.u.i.k.p.i.AbstractProblemLoader Init config took 4.19s 
1074869    INFO  Test worker     d.u.i.k.p.i.AbstractProblemLoader Replaying proof SMT_lemma_store.dl_18092107568027473265.key 
1074869    DEBUG Test worker     d.u.i.k.p.i.IntermediateProofReplayer Proof replay took 17.4ns 
1074986    INFO  Test worker     d.u.i.k.s.n.ProveSMTLemmasTest Now processing file C:\Users\RUNNER~1\AppData\Local\Temp\SMT_lemma_seqSub.dl.2_5256718079462808635.key 
1074986    INFO  Test worker     d.u.i.k.p.i.AbstractProblemLoader Loading environment from C:\Users\RUNNER~1\AppData\Local\Temp\SMT_lemma_seqSub.dl.2_5256718079462808635.key 
1074986    DEBUG Test worker     d.u.i.k.p.i.AbstractProblemLoader Environment load took 231.9ns 
1074986    INFO  Test worker     d.u.i.k.p.i.AbstractProblemLoader Creating init config 
1079165    DEBUG Test worker     d.u.i.k.p.i.AbstractProblemLoader Init config took 4.17s 
1079165    INFO  Test worker     d.u.i.k.p.i.AbstractProblemLoader Replaying proof SMT_lemma_seqSub.dl.2_5256718079462808635.key 
1079181    DEBUG Test worker     d.u.i.k.p.i.IntermediateProofReplayer Proof replay took 9ns 
1079290    INFO  Test worker     d.u.i.k.s.n.ProveSMTLemmasTest Now processing file C:\Users\RUNNER~1\AppData\Local\Temp\SMT_lemma_seqSingleton.dl_13472776235013810015.key 
1079290    INFO  Test worker     d.u.i.k.p.i.AbstractProblemLoader Loading environment from C:\Users\RUNNER~1\AppData\Local\Temp\SMT_lemma_seqSingleton.dl_13472776235013810015.key 
1079290    DEBUG Test worker     d.u.i.k.p.i.AbstractProblemLoader Environment load took 226.7ns 
1079290    INFO  Test worker     d.u.i.k.p.i.AbstractProblemLoader Creating init config 
1083444    DEBUG Test worker     d.u.i.k.p.i.AbstractProblemLoader Init config took 4.16s 
1083460    INFO  Test worker     d.u.i.k.p.i.AbstractProblemLoader Replaying proof SMT_lemma_seqSingleton.dl_13472776235013810015.key 
1083460    DEBUG Test worker     d.u.i.k.p.i.IntermediateProofReplayer Proof replay took 9.9ns 
1083585    INFO  Test worker     d.u.i.k.s.n.ProveSMTLemmasTest Now processing file C:\Users\RUNNER~1\AppData\Local\Temp\SMT_lemma_seqSingleton.dl.2_1257708253077620051.key 
1083585    INFO  Test worker     d.u.i.k.p.i.AbstractProblemLoader Loading environment from C:\Users\RUNNER~1\AppData\Local\Temp\SMT_lemma_seqSingleton.dl.2_1257708253077620051.key 
1083585    DEBUG Test worker     d.u.i.k.p.i.AbstractProblemLoader Environment load took 231.2ns 
1083585    INFO  Test worker     d.u.i.k.p.i.AbstractProblemLoader Creating init config 
1087728    DEBUG Test worker     d.u.i.k.p.i.AbstractProblemLoader Init config took 4.15s 
1087743    INFO  Test worker     d.u.i.k.p.i.AbstractProblemLoader Replaying proof SMT_lemma_seqSingleton.dl.2_1257708253077620051.key 
1087743    DEBUG Test worker     d.u.i.k.p.i.IntermediateProofReplayer Proof replay took 10.9ns 
1087857    INFO  Test worker     d.u.i.k.s.n.ProveSMTLemmasTest Now processing file C:\Users\RUNNER~1\AppData\Local\Temp\SMT_lemma_null.dl_12796774483574445975.key 
1087857    INFO  Test worker     d.u.i.k.p.i.AbstractProblemLoader Loading environment from C:\Users\RUNNER~1\AppData\Local\Temp\SMT_lemma_null.dl_12796774483574445975.key 
1087857    DEBUG Test worker     d.u.i.k.p.i.AbstractProblemLoader Environment load took 323.9ns 
1087857    INFO  Test worker     d.u.i.k.p.i.AbstractProblemLoader Creating init config 
1092051    DEBUG Test worker     d.u.i.k.p.i.AbstractProblemLoader Init config took 4.19s 
1092066    INFO  Test worker     d.u.i.k.p.i.AbstractProblemLoader Replaying proof SMT_lemma_null.dl_12796774483574445975.key 
1092066    DEBUG Test worker     d.u.i.k.p.i.IntermediateProofReplayer Proof replay took 12.9ns 
]]></system-out>
  <system-err><![CDATA[]]></system-err>
</testsuite>
