<?xml version="1.0" encoding="UTF-8"?>
<testsuite name="de.uka.ilkd.key.rule.merge.PredicateAbstractionLatticeTests" tests="3" skipped="0" failures="0" errors="0" timestamp="2023-05-31T12:23:14" hostname="fv-az811-346" time="8.458">
  <properties/>
  <testcase name="testToAndFromString()" classname="de.uka.ilkd.key.rule.merge.PredicateAbstractionLatticeTests" time="4.281"/>
  <testcase name="testCreateSignLatticeWithPredicates()" classname="de.uka.ilkd.key.rule.merge.PredicateAbstractionLatticeTests" time="4.177"/>
  <testcase name="testTrivialPredicatesLattice()" classname="de.uka.ilkd.key.rule.merge.PredicateAbstractionLatticeTests" time="0.0"/>
  <system-out><![CDATA[768685     INFO  Test worker     d.u.i.k.p.i.AbstractProblemLoader Loading environment from src\test\resources\testcase\merge\dummy.key 
768685     DEBUG Test worker     d.u.i.k.p.i.AbstractProblemLoader Environment load took 261.9ns 
768685     INFO  Test worker     d.u.i.k.p.i.AbstractProblemLoader Creating init config 
772951     DEBUG Test worker     d.u.i.k.p.i.AbstractProblemLoader Init config took 4.26s 
772967     INFO  Test worker     d.u.i.k.p.i.AbstractProblemLoader Replaying proof dummy.key 
772967     DEBUG Test worker     d.u.i.k.p.i.IntermediateProofReplayer Proof replay took 8.8ns 
772967     INFO  Test worker     d.u.i.k.p.i.AbstractProblemLoader Loading environment from src\test\resources\testcase\merge\dummy.key 
772967     DEBUG Test worker     d.u.i.k.p.i.AbstractProblemLoader Environment load took 155ns 
772967     INFO  Test worker     d.u.i.k.p.i.AbstractProblemLoader Creating init config 
777129     DEBUG Test worker     d.u.i.k.p.i.AbstractProblemLoader Init config took 4.15s 
777144     INFO  Test worker     d.u.i.k.p.i.AbstractProblemLoader Replaying proof dummy.key 
777144     DEBUG Test worker     d.u.i.k.p.i.IntermediateProofReplayer Proof replay took 10.1ns 
]]></system-out>
  <system-err><![CDATA[]]></system-err>
</testsuite>
