<?xml version="1.0" encoding="UTF-8"?>
<testsuite name="de.uka.ilkd.key.rule.loop.LoopScopeInvRuleTests" tests="1" skipped="0" failures="0" errors="0" timestamp="2023-05-31T12:21:33" hostname="fv-az811-346" time="6.195">
  <properties/>
  <testcase name="testDoAutomaticProofOfBenchmarkWithLabeledBreaksAndContinues()" classname="de.uka.ilkd.key.rule.loop.LoopScopeInvRuleTests" time="6.195"/>
  <system-out><![CDATA[667782     INFO  Test worker     d.u.i.k.p.i.AbstractProblemLoader Loading environment from src\test\resources\testcase\loopScopeInvRule\Test.key 
667782     DEBUG Test worker     d.u.i.k.p.i.AbstractProblemLoader Environment load took 523ns 
667797     INFO  Test worker     d.u.i.k.p.i.AbstractProblemLoader Creating init config 
667954     DEBUG Test worker     d.u.i.k.j.TypeConverter   No LDT found for Meta 
667954     DEBUG Test worker     d.u.i.k.j.TypeConverter   No LDT found for Meta 
667954     DEBUG Test worker     d.u.i.k.j.TypeConverter   No LDT found for Meta 
667954     DEBUG Test worker     d.u.i.k.j.TypeConverter   No LDT found for Meta 
668735     DEBUG Test worker     d.u.i.k.j.TypeConverter   No LDT found for JavaBigintExpression 
673302     DEBUG Test worker     d.u.i.k.p.i.AbstractProblemLoader Init config took 5.51s 
673337     INFO  Test worker     d.u.i.k.p.i.AbstractProblemLoader Replaying proof Test[Test::loopScopeRuleBenchmark(int,boolean)].JML normal_behavior operation contract.0 
673337     DEBUG Test worker     d.u.i.k.p.i.IntermediateProofReplayer Proof replay took 89.4ns 
]]></system-out>
  <system-err><![CDATA[]]></system-err>
</testsuite>
