<?xml version="1.0" encoding="UTF-8"?>
<testsuite name="de.uka.ilkd.key.parser.TestTermParserSorts" tests="2" skipped="0" failures="0" errors="0" timestamp="2023-05-31T12:20:55" hostname="fv-az811-346" time="4.152">
  <properties/>
  <testcase name="testParseIntegerArgs()" classname="de.uka.ilkd.key.parser.TestTermParserSorts" time="0.016"/>
  <testcase name="testParseSequencePrettySyntax()" classname="de.uka.ilkd.key.parser.TestTermParserSorts" time="0.003"/>
  <system-out><![CDATA[629821     INFO  Test worker     d.u.i.k.n.KeyIO           Parsing took 0 ms 
629821     DEBUG Test worker     d.u.i.k.n.KeyIO           Load declarations of de.uka.ilkd.key.nparser.KeyAst$File:  <unknown>:1#1 
629821     INFO  Test worker     d.u.i.k.n.KeyIO           MODE: declarations took 0 ms 
629821     DEBUG Test worker     d.u.i.k.n.KeyIO           MODE: 2nd degree decls took 0 
629821     INFO  Test worker     d.u.i.k.n.KeyIO           Parsing took 0 ms 
629821     DEBUG Test worker     d.u.i.k.n.KeyIO           Load declarations of de.uka.ilkd.key.nparser.KeyAst$File:  <unknown>:1#1 
629821     INFO  Test worker     d.u.i.k.n.KeyIO           MODE: declarations took 0 ms 
629821     DEBUG Test worker     d.u.i.k.n.KeyIO           MODE: 2nd degree decls took 0 
629821     INFO  Test worker     d.u.i.k.n.KeyIO           Parsing took 0 ms 
629821     DEBUG Test worker     d.u.i.k.n.KeyIO           Load declarations of de.uka.ilkd.key.nparser.KeyAst$File:  <unknown>:1#1 
629821     INFO  Test worker     d.u.i.k.n.KeyIO           MODE: declarations took 0 ms 
629821     DEBUG Test worker     d.u.i.k.n.KeyIO           MODE: 2nd degree decls took 0 
633970     INFO  Test worker     d.u.i.k.n.KeyIO           Parsing took 0 ms 
633970     DEBUG Test worker     d.u.i.k.n.KeyIO           Load declarations of de.uka.ilkd.key.nparser.KeyAst$File:  <unknown>:1#1 
633985     INFO  Test worker     d.u.i.k.n.KeyIO           MODE: declarations took 15 ms 
633985     DEBUG Test worker     d.u.i.k.n.KeyIO           MODE: 2nd degree decls took 0 
633985     INFO  Test worker     d.u.i.k.n.KeyIO           Parsing took 0 ms 
633985     DEBUG Test worker     d.u.i.k.n.KeyIO           Load declarations of de.uka.ilkd.key.nparser.KeyAst$File:  <unknown>:1#1 
633985     INFO  Test worker     d.u.i.k.n.KeyIO           MODE: declarations took 0 ms 
633985     DEBUG Test worker     d.u.i.k.n.KeyIO           MODE: 2nd degree decls took 0 
633985     INFO  Test worker     d.u.i.k.n.KeyIO           Parsing took 0 ms 
633985     DEBUG Test worker     d.u.i.k.n.KeyIO           Load declarations of de.uka.ilkd.key.nparser.KeyAst$File:  <unknown>:1#1 
633985     INFO  Test worker     d.u.i.k.n.KeyIO           MODE: declarations took 0 ms 
633985     DEBUG Test worker     d.u.i.k.n.KeyIO           MODE: 2nd degree decls took 0 
]]></system-out>
  <system-err><![CDATA[]]></system-err>
</testsuite>
