<?xml version="1.0" encoding="UTF-8"?>
<testsuite name="de.uka.ilkd.key.logic.TestClashFreeSubst" tests="14" skipped="2" failures="0" errors="0" timestamp="2023-05-31T12:11:23" hostname="fv-az811-346" time="74.862">
  <properties/>
  <testcase name="testMultiShareBound()" classname="de.uka.ilkd.key.logic.TestClashFreeSubst" time="1.385"/>
  <testcase name="testClash()" classname="de.uka.ilkd.key.logic.TestClashFreeSubst" time="1.463"/>
  <testcase name="testShare()" classname="de.uka.ilkd.key.logic.TestClashFreeSubst" time="1.335"/>
  <testcase name="testSubst()" classname="de.uka.ilkd.key.logic.TestClashFreeSubst" time="1.371"/>
  <testcase name="testWary0()" classname="de.uka.ilkd.key.logic.TestClashFreeSubst" time="1.365"/>
  <testcase name="testWary1()" classname="de.uka.ilkd.key.logic.TestClashFreeSubst" time="1.411"/>
  <testcase name="testWary2()" classname="de.uka.ilkd.key.logic.TestClashFreeSubst" time="1.329"/>
  <testcase name="testClashInSubstTerm()" classname="de.uka.ilkd.key.logic.TestClashFreeSubst" time="1.508"/>
  <testcase name="testShareWary()" classname="de.uka.ilkd.key.logic.TestClashFreeSubst" time="1.32"/>
  <testcase name="testMultiSubst()" classname="de.uka.ilkd.key.logic.TestClashFreeSubst" time="1.348"/>
  <testcase name="xtestMultiClash()" classname="de.uka.ilkd.key.logic.TestClashFreeSubst" time="0.0">
    <skipped/>
  </testcase>
  <testcase name="testSubstInSubstTerm()" classname="de.uka.ilkd.key.logic.TestClashFreeSubst" time="1.835"/>
  <testcase name="testSubstWary()" classname="de.uka.ilkd.key.logic.TestClashFreeSubst" time="1.394"/>
  <testcase name="xtestMultiClash1()" classname="de.uka.ilkd.key.logic.TestClashFreeSubst" time="0.0">
    <skipped/>
  </testcase>
  <system-out><![CDATA[57546      INFO  Test worker     d.u.i.k.n.KeyIO           Parsing took 0 ms 
57546      DEBUG Test worker     d.u.i.k.n.KeyIO           Load declarations of de.uka.ilkd.key.nparser.KeyAst$File:  <unknown>:1#1 
57546      INFO  Test worker     d.u.i.k.n.KeyIO           MODE: declarations took 0 ms 
57546      DEBUG Test worker     d.u.i.k.n.KeyIO           MODE: 2nd degree decls took 0 
58909      INFO  Test worker     d.u.i.k.n.KeyIO           Parsing took 0 ms 
58909      DEBUG Test worker     d.u.i.k.n.KeyIO           Load declarations of de.uka.ilkd.key.nparser.KeyAst$File:  <unknown>:1#1 
58924      INFO  Test worker     d.u.i.k.n.KeyIO           MODE: declarations took 15 ms 
58924      DEBUG Test worker     d.u.i.k.n.KeyIO           MODE: 2nd degree decls took 0 
63490      INFO  Test worker     d.u.i.k.n.KeyIO           Parsing took 0 ms 
63490      DEBUG Test worker     d.u.i.k.n.KeyIO           Load declarations of de.uka.ilkd.key.nparser.KeyAst$File:  <unknown>:1#1 
63490      INFO  Test worker     d.u.i.k.n.KeyIO           MODE: declarations took 0 ms 
63490      DEBUG Test worker     d.u.i.k.n.KeyIO           MODE: 2nd degree decls took 0 
64941      INFO  Test worker     d.u.i.k.n.KeyIO           Parsing took 0 ms 
64941      DEBUG Test worker     d.u.i.k.n.KeyIO           Load declarations of de.uka.ilkd.key.nparser.KeyAst$File:  <unknown>:1#1 
64941      INFO  Test worker     d.u.i.k.n.KeyIO           MODE: declarations took 0 ms 
64941      DEBUG Test worker     d.u.i.k.n.KeyIO           MODE: 2nd degree decls took 0 
69494      INFO  Test worker     d.u.i.k.n.KeyIO           Parsing took 0 ms 
69494      DEBUG Test worker     d.u.i.k.n.KeyIO           Load declarations of de.uka.ilkd.key.nparser.KeyAst$File:  <unknown>:1#1 
69494      INFO  Test worker     d.u.i.k.n.KeyIO           MODE: declarations took 0 ms 
69494      DEBUG Test worker     d.u.i.k.n.KeyIO           MODE: 2nd degree decls took 0 
70818      INFO  Test worker     d.u.i.k.n.KeyIO           Parsing took 0 ms 
70818      DEBUG Test worker     d.u.i.k.n.KeyIO           Load declarations of de.uka.ilkd.key.nparser.KeyAst$File:  <unknown>:1#1 
70818      INFO  Test worker     d.u.i.k.n.KeyIO           MODE: declarations took 0 ms 
70818      DEBUG Test worker     d.u.i.k.n.KeyIO           MODE: 2nd degree decls took 0 
75221      INFO  Test worker     d.u.i.k.n.KeyIO           Parsing took 0 ms 
75221      DEBUG Test worker     d.u.i.k.n.KeyIO           Load declarations of de.uka.ilkd.key.nparser.KeyAst$File:  <unknown>:1#1 
75221      INFO  Test worker     d.u.i.k.n.KeyIO           MODE: declarations took 0 ms 
75221      DEBUG Test worker     d.u.i.k.n.KeyIO           MODE: 2nd degree decls took 0 
76581      INFO  Test worker     d.u.i.k.n.KeyIO           Parsing took 0 ms 
76581      DEBUG Test worker     d.u.i.k.n.KeyIO           Load declarations of de.uka.ilkd.key.nparser.KeyAst$File:  <unknown>:1#1 
76581      INFO  Test worker     d.u.i.k.n.KeyIO           MODE: declarations took 0 ms 
76581      DEBUG Test worker     d.u.i.k.n.KeyIO           MODE: 2nd degree decls took 0 
81093      INFO  Test worker     d.u.i.k.n.KeyIO           Parsing took 0 ms 
81093      DEBUG Test worker     d.u.i.k.n.KeyIO           Load declarations of de.uka.ilkd.key.nparser.KeyAst$File:  <unknown>:1#1 
81093      INFO  Test worker     d.u.i.k.n.KeyIO           MODE: declarations took 0 ms 
81093      DEBUG Test worker     d.u.i.k.n.KeyIO           MODE: 2nd degree decls took 0 
82444      INFO  Test worker     d.u.i.k.n.KeyIO           Parsing took 0 ms 
82444      DEBUG Test worker     d.u.i.k.n.KeyIO           Load declarations of de.uka.ilkd.key.nparser.KeyAst$File:  <unknown>:1#1 
82444      INFO  Test worker     d.u.i.k.n.KeyIO           MODE: declarations took 0 ms 
82444      DEBUG Test worker     d.u.i.k.n.KeyIO           MODE: 2nd degree decls took 0 
86869      INFO  Test worker     d.u.i.k.n.KeyIO           Parsing took 0 ms 
86869      DEBUG Test worker     d.u.i.k.n.KeyIO           Load declarations of de.uka.ilkd.key.nparser.KeyAst$File:  <unknown>:1#1 
86869      INFO  Test worker     d.u.i.k.n.KeyIO           MODE: declarations took 0 ms 
86869      DEBUG Test worker     d.u.i.k.n.KeyIO           MODE: 2nd degree decls took 0 
88263      INFO  Test worker     d.u.i.k.n.KeyIO           Parsing took 0 ms 
88263      DEBUG Test worker     d.u.i.k.n.KeyIO           Load declarations of de.uka.ilkd.key.nparser.KeyAst$File:  <unknown>:1#1 
88279      INFO  Test worker     d.u.i.k.n.KeyIO           MODE: declarations took 0 ms 
88279      DEBUG Test worker     d.u.i.k.n.KeyIO           MODE: 2nd degree decls took 0 
92630      INFO  Test worker     d.u.i.k.n.KeyIO           Parsing took 0 ms 
92630      DEBUG Test worker     d.u.i.k.n.KeyIO           Load declarations of de.uka.ilkd.key.nparser.KeyAst$File:  <unknown>:1#1 
92630      INFO  Test worker     d.u.i.k.n.KeyIO           MODE: declarations took 0 ms 
92630      DEBUG Test worker     d.u.i.k.n.KeyIO           MODE: 2nd degree decls took 0 
93947      INFO  Test worker     d.u.i.k.n.KeyIO           Parsing took 0 ms 
93947      DEBUG Test worker     d.u.i.k.n.KeyIO           Load declarations of de.uka.ilkd.key.nparser.KeyAst$File:  <unknown>:1#1 
93947      INFO  Test worker     d.u.i.k.n.KeyIO           MODE: declarations took 0 ms 
93947      DEBUG Test worker     d.u.i.k.n.KeyIO           MODE: 2nd degree decls took 0 
98491      INFO  Test worker     d.u.i.k.n.KeyIO           Parsing took 0 ms 
98491      DEBUG Test worker     d.u.i.k.n.KeyIO           Load declarations of de.uka.ilkd.key.nparser.KeyAst$File:  <unknown>:1#1 
98491      INFO  Test worker     d.u.i.k.n.KeyIO           MODE: declarations took 0 ms 
98491      DEBUG Test worker     d.u.i.k.n.KeyIO           MODE: 2nd degree decls took 0 
99999      INFO  Test worker     d.u.i.k.n.KeyIO           Parsing took 0 ms 
99999      DEBUG Test worker     d.u.i.k.n.KeyIO           Load declarations of de.uka.ilkd.key.nparser.KeyAst$File:  <unknown>:1#1 
99999      INFO  Test worker     d.u.i.k.n.KeyIO           MODE: declarations took 0 ms 
100000     DEBUG Test worker     d.u.i.k.n.KeyIO           MODE: 2nd degree decls took 0 
104318     INFO  Test worker     d.u.i.k.n.KeyIO           Parsing took 0 ms 
104318     DEBUG Test worker     d.u.i.k.n.KeyIO           Load declarations of de.uka.ilkd.key.nparser.KeyAst$File:  <unknown>:1#1 
104318     INFO  Test worker     d.u.i.k.n.KeyIO           MODE: declarations took 0 ms 
104318     DEBUG Test worker     d.u.i.k.n.KeyIO           MODE: 2nd degree decls took 0 
105633     INFO  Test worker     d.u.i.k.n.KeyIO           Parsing took 0 ms 
105633     DEBUG Test worker     d.u.i.k.n.KeyIO           Load declarations of de.uka.ilkd.key.nparser.KeyAst$File:  <unknown>:1#1 
105649     INFO  Test worker     d.u.i.k.n.KeyIO           MODE: declarations took 16 ms 
105649     DEBUG Test worker     d.u.i.k.n.KeyIO           MODE: 2nd degree decls took 0 
110022     INFO  Test worker     d.u.i.k.n.KeyIO           Parsing took 0 ms 
110022     DEBUG Test worker     d.u.i.k.n.KeyIO           Load declarations of de.uka.ilkd.key.nparser.KeyAst$File:  <unknown>:1#1 
110022     INFO  Test worker     d.u.i.k.n.KeyIO           MODE: declarations took 0 ms 
110022     DEBUG Test worker     d.u.i.k.n.KeyIO           MODE: 2nd degree decls took 0 
111360     INFO  Test worker     d.u.i.k.n.KeyIO           Parsing took 0 ms 
111360     DEBUG Test worker     d.u.i.k.n.KeyIO           Load declarations of de.uka.ilkd.key.nparser.KeyAst$File:  <unknown>:1#1 
111360     INFO  Test worker     d.u.i.k.n.KeyIO           MODE: declarations took 0 ms 
111360     DEBUG Test worker     d.u.i.k.n.KeyIO           MODE: 2nd degree decls took 0 
120301     INFO  Test worker     d.u.i.k.n.KeyIO           Parsing took 0 ms 
120308     DEBUG Test worker     d.u.i.k.n.KeyIO           Load declarations of de.uka.ilkd.key.nparser.KeyAst$File:  <unknown>:1#1 
120325     INFO  Test worker     d.u.i.k.n.KeyIO           MODE: declarations took 17 ms 
120325     DEBUG Test worker     d.u.i.k.n.KeyIO           MODE: 2nd degree decls took 0 
122115     INFO  Test worker     d.u.i.k.n.KeyIO           Parsing took 0 ms 
122115     DEBUG Test worker     d.u.i.k.n.KeyIO           Load declarations of de.uka.ilkd.key.nparser.KeyAst$File:  <unknown>:1#1 
122115     INFO  Test worker     d.u.i.k.n.KeyIO           MODE: declarations took 0 ms 
122115     DEBUG Test worker     d.u.i.k.n.KeyIO           MODE: 2nd degree decls took 0 
126494     INFO  Test worker     d.u.i.k.n.KeyIO           Parsing took 0 ms 
126494     DEBUG Test worker     d.u.i.k.n.KeyIO           Load declarations of de.uka.ilkd.key.nparser.KeyAst$File:  <unknown>:1#1 
126494     INFO  Test worker     d.u.i.k.n.KeyIO           MODE: declarations took 0 ms 
126494     DEBUG Test worker     d.u.i.k.n.KeyIO           MODE: 2nd degree decls took 0 
127891     INFO  Test worker     d.u.i.k.n.KeyIO           Parsing took 0 ms 
127891     DEBUG Test worker     d.u.i.k.n.KeyIO           Load declarations of de.uka.ilkd.key.nparser.KeyAst$File:  <unknown>:1#1 
127891     INFO  Test worker     d.u.i.k.n.KeyIO           MODE: declarations took 0 ms 
127891     DEBUG Test worker     d.u.i.k.n.KeyIO           MODE: 2nd degree decls took 0 
]]></system-out>
  <system-err><![CDATA[]]></system-err>
</testsuite>
