<?xml version="1.0" encoding="UTF-8"?>
<testsuite name="de.uka.ilkd.key.logic.TestTermLabelManager" tests="21" skipped="0" failures="0" errors="0" timestamp="2023-05-31T12:13:13" hostname="fv-az811-346" time="81.254">
  <properties/>
  <testcase name="testInstantiateLabels_directChildPolicies_allRules()" classname="de.uka.ilkd.key.logic.TestTermLabelManager" time="5.848"/>
  <testcase name="testInstantiateLabels_childAndGrandchildPolicies_ruleSpecific()" classname="de.uka.ilkd.key.logic.TestTermLabelManager" time="4.23"/>
  <testcase name="testParseLabel()" classname="de.uka.ilkd.key.logic.TestTermLabelManager" time="4.402"/>
  <testcase name="testrefactorGoal_childrenAndGrandchildren_ruleSpecific()" classname="de.uka.ilkd.key.logic.TestTermLabelManager" time="4.596"/>
  <testcase name="testrefactorGoal_directChildren_allRules()" classname="de.uka.ilkd.key.logic.TestTermLabelManager" time="4.255"/>
  <testcase name="testInstantiateLabels_childAndGrandchildPolicies_allRules()" classname="de.uka.ilkd.key.logic.TestTermLabelManager" time="4.259"/>
  <testcase name="testInstantiateLabels_taclet()" classname="de.uka.ilkd.key.logic.TestTermLabelManager" time="4.215"/>
  <testcase name="testrefactorGoal_none_ruleSpecific()" classname="de.uka.ilkd.key.logic.TestTermLabelManager" time="4.122"/>
  <testcase name="testInstantiateLabels_updates_ruleSpecific()" classname="de.uka.ilkd.key.logic.TestTermLabelManager" time="4.067"/>
  <testcase name="testrefactorGoal_sequent_ruleSpecific()" classname="de.uka.ilkd.key.logic.TestTermLabelManager" time="4.135"/>
  <testcase name="testInstantiateLabels_updates_allRules()" classname="de.uka.ilkd.key.logic.TestTermLabelManager" time="4.091"/>
  <testcase name="testrefactorGoal_sequent_allRules()" classname="de.uka.ilkd.key.logic.TestTermLabelManager" time="4.107"/>
  <testcase name="testrefactorGoal_childrenAndGrandchildren_allRules()" classname="de.uka.ilkd.key.logic.TestTermLabelManager" time="4.128"/>
  <testcase name="testGetTermLabelManager()" classname="de.uka.ilkd.key.logic.TestTermLabelManager" time="0.003"/>
  <testcase name="testInstantiateLabels_applicationTermPolicies()" classname="de.uka.ilkd.key.logic.TestTermLabelManager" time="4.109"/>
  <testcase name="testInstantiateLabels_modalityTermPolicies()" classname="de.uka.ilkd.key.logic.TestTermLabelManager" time="4.093"/>
  <testcase name="testrefactorGoal_none_allRules()" classname="de.uka.ilkd.key.logic.TestTermLabelManager" time="4.091"/>
  <testcase name="testInstantiateLabels_null()" classname="de.uka.ilkd.key.logic.TestTermLabelManager" time="0.001"/>
  <testcase name="testrefactorGoal_directChildren_ruleSpecific()" classname="de.uka.ilkd.key.logic.TestTermLabelManager" time="4.122"/>
  <testcase name="testInstantiateLabels_directChildPolicies_ruleSpecific()" classname="de.uka.ilkd.key.logic.TestTermLabelManager" time="4.114"/>
  <testcase name="testGetSupportedTermLabelNames()" classname="de.uka.ilkd.key.logic.TestTermLabelManager" time="4.256"/>
  <system-out><![CDATA[167270     INFO  Test worker     d.u.i.k.p.i.AbstractProblemLoader Loading environment from src\test\resources\testcase\termLabels\flatSteps\FlatSteps.java 
167270     DEBUG Test worker     d.u.i.k.p.i.AbstractProblemLoader Environment load took 308.4ns 
167270     INFO  Test worker     d.u.i.k.p.i.AbstractProblemLoader Creating init config 
167552     DEBUG Test worker     d.u.i.k.j.TypeConverter   No LDT found for Meta 
167552     DEBUG Test worker     d.u.i.k.j.TypeConverter   No LDT found for Meta 
167552     DEBUG Test worker     d.u.i.k.j.TypeConverter   No LDT found for Meta 
167552     DEBUG Test worker     d.u.i.k.j.TypeConverter   No LDT found for Meta 
168379     DEBUG Test worker     d.u.i.k.j.TypeConverter   No LDT found for JavaBigintExpression 
173085     DEBUG Test worker     d.u.i.k.p.i.AbstractProblemLoader Init config took 5.83s 
173101     INFO  Test worker     d.u.i.k.p.i.AbstractProblemLoader Loading environment from src\test\resources\testcase\termLabels\flatSteps\FlatSteps.java 
173101     DEBUG Test worker     d.u.i.k.p.i.AbstractProblemLoader Environment load took 283.5ns 
173101     INFO  Test worker     d.u.i.k.p.i.AbstractProblemLoader Creating init config 
177331     DEBUG Test worker     d.u.i.k.p.i.AbstractProblemLoader Init config took 4.23s 
177347     INFO  Test worker     d.u.i.k.p.i.AbstractProblemLoader Loading environment from src\test\resources\testcase\termLabels\flatSteps\FlatSteps.java 
177347     DEBUG Test worker     d.u.i.k.p.i.AbstractProblemLoader Environment load took 230.5ns 
177347     INFO  Test worker     d.u.i.k.p.i.AbstractProblemLoader Creating init config 
181733     DEBUG Test worker     d.u.i.k.p.i.AbstractProblemLoader Init config took 4.39s 
181733     INFO  Test worker     d.u.i.k.p.i.AbstractProblemLoader Loading environment from src\test\resources\testcase\termLabels\flatSteps\FlatSteps.java 
181733     DEBUG Test worker     d.u.i.k.p.i.AbstractProblemLoader Environment load took 254.8ns 
181733     INFO  Test worker     d.u.i.k.p.i.AbstractProblemLoader Creating init config 
186313     DEBUG Test worker     d.u.i.k.p.i.AbstractProblemLoader Init config took 4.58s 
186344     INFO  Test worker     d.u.i.k.p.i.AbstractProblemLoader Loading environment from src\test\resources\testcase\termLabels\flatSteps\FlatSteps.java 
186344     DEBUG Test worker     d.u.i.k.p.i.AbstractProblemLoader Environment load took 226.4ns 
186344     INFO  Test worker     d.u.i.k.p.i.AbstractProblemLoader Creating init config 
190585     DEBUG Test worker     d.u.i.k.p.i.AbstractProblemLoader Init config took 4.24s 
190585     INFO  Test worker     d.u.i.k.p.i.AbstractProblemLoader Loading environment from src\test\resources\testcase\termLabels\flatSteps\FlatSteps.java 
190585     DEBUG Test worker     d.u.i.k.p.i.AbstractProblemLoader Environment load took 642.4ns 
190600     INFO  Test worker     d.u.i.k.p.i.AbstractProblemLoader Creating init config 
194845     DEBUG Test worker     d.u.i.k.p.i.AbstractProblemLoader Init config took 4.26s 
194861     INFO  Test worker     d.u.i.k.p.i.AbstractProblemLoader Loading environment from src\test\resources\testcase\termLabels\flatSteps\FlatSteps.java 
194861     DEBUG Test worker     d.u.i.k.p.i.AbstractProblemLoader Environment load took 614.5ns 
194861     INFO  Test worker     d.u.i.k.p.i.AbstractProblemLoader Creating init config 
199061     DEBUG Test worker     d.u.i.k.p.i.AbstractProblemLoader Init config took 4.2s 
199061     INFO  Test worker     d.u.i.k.p.i.AbstractProblemLoader Loading environment from src\test\resources\testcase\termLabels\flatSteps\FlatSteps.java 
199061     DEBUG Test worker     d.u.i.k.p.i.AbstractProblemLoader Environment load took 448.2ns 
199077     INFO  Test worker     d.u.i.k.p.i.AbstractProblemLoader Creating init config 
203167     DEBUG Test worker     d.u.i.k.p.i.AbstractProblemLoader Init config took 4.1s 
203183     INFO  Test worker     d.u.i.k.p.i.AbstractProblemLoader Loading environment from src\test\resources\testcase\termLabels\flatSteps\FlatSteps.java 
203183     DEBUG Test worker     d.u.i.k.p.i.AbstractProblemLoader Environment load took 950.5ns 
203183     INFO  Test worker     d.u.i.k.p.i.AbstractProblemLoader Creating init config 
207250     DEBUG Test worker     d.u.i.k.p.i.AbstractProblemLoader Init config took 4.06s 
207250     INFO  Test worker     d.u.i.k.p.i.AbstractProblemLoader Loading environment from src\test\resources\testcase\termLabels\flatSteps\FlatSteps.java 
207250     DEBUG Test worker     d.u.i.k.p.i.AbstractProblemLoader Environment load took 222.4ns 
207266     INFO  Test worker     d.u.i.k.p.i.AbstractProblemLoader Creating init config 
211370     DEBUG Test worker     d.u.i.k.p.i.AbstractProblemLoader Init config took 4.11s 
211386     INFO  Test worker     d.u.i.k.p.i.AbstractProblemLoader Loading environment from src\test\resources\testcase\termLabels\flatSteps\FlatSteps.java 
211386     DEBUG Test worker     d.u.i.k.p.i.AbstractProblemLoader Environment load took 176.2ns 
211386     INFO  Test worker     d.u.i.k.p.i.AbstractProblemLoader Creating init config 
215477     DEBUG Test worker     d.u.i.k.p.i.AbstractProblemLoader Init config took 4.09s 
215477     INFO  Test worker     d.u.i.k.p.i.AbstractProblemLoader Loading environment from src\test\resources\testcase\termLabels\flatSteps\FlatSteps.java 
215477     DEBUG Test worker     d.u.i.k.p.i.AbstractProblemLoader Environment load took 580.9ns 
215477     INFO  Test worker     d.u.i.k.p.i.AbstractProblemLoader Creating init config 
219584     DEBUG Test worker     d.u.i.k.p.i.AbstractProblemLoader Init config took 4.1s 
219600     INFO  Test worker     d.u.i.k.p.i.AbstractProblemLoader Loading environment from src\test\resources\testcase\termLabels\flatSteps\FlatSteps.java 
219600     DEBUG Test worker     d.u.i.k.p.i.AbstractProblemLoader Environment load took 210.2ns 
219600     INFO  Test worker     d.u.i.k.p.i.AbstractProblemLoader Creating init config 
223713     DEBUG Test worker     d.u.i.k.p.i.AbstractProblemLoader Init config took 4.11s 
223729     INFO  Test worker     d.u.i.k.p.i.AbstractProblemLoader Loading environment from src\test\resources\testcase\termLabels\flatSteps\FlatSteps.java 
223729     DEBUG Test worker     d.u.i.k.p.i.AbstractProblemLoader Environment load took 204.9ns 
223729     INFO  Test worker     d.u.i.k.p.i.AbstractProblemLoader Creating init config 
227826     DEBUG Test worker     d.u.i.k.p.i.AbstractProblemLoader Init config took 4.09s 
227826     INFO  Test worker     d.u.i.k.p.i.AbstractProblemLoader Loading environment from src\test\resources\testcase\termLabels\flatSteps\FlatSteps.java 
227826     DEBUG Test worker     d.u.i.k.p.i.AbstractProblemLoader Environment load took 220.4ns 
227826     INFO  Test worker     d.u.i.k.p.i.AbstractProblemLoader Creating init config 
231903     DEBUG Test worker     d.u.i.k.p.i.AbstractProblemLoader Init config took 4.08s 
231921     INFO  Test worker     d.u.i.k.p.i.AbstractProblemLoader Loading environment from src\test\resources\testcase\termLabels\flatSteps\FlatSteps.java 
231921     DEBUG Test worker     d.u.i.k.p.i.AbstractProblemLoader Environment load took 231ns 
231923     INFO  Test worker     d.u.i.k.p.i.AbstractProblemLoader Creating init config 
236010     DEBUG Test worker     d.u.i.k.p.i.AbstractProblemLoader Init config took 4.09s 
236026     INFO  Test worker     d.u.i.k.p.i.AbstractProblemLoader Loading environment from src\test\resources\testcase\termLabels\flatSteps\FlatSteps.java 
236026     DEBUG Test worker     d.u.i.k.p.i.AbstractProblemLoader Environment load took 882.7ns 
236026     INFO  Test worker     d.u.i.k.p.i.AbstractProblemLoader Creating init config 
240137     DEBUG Test worker     d.u.i.k.p.i.AbstractProblemLoader Init config took 4.1s 
240137     INFO  Test worker     d.u.i.k.p.i.AbstractProblemLoader Loading environment from src\test\resources\testcase\termLabels\flatSteps\FlatSteps.java 
240137     DEBUG Test worker     d.u.i.k.p.i.AbstractProblemLoader Environment load took 566.7ns 
240137     INFO  Test worker     d.u.i.k.p.i.AbstractProblemLoader Creating init config 
244251     DEBUG Test worker     d.u.i.k.p.i.AbstractProblemLoader Init config took 4.11s 
244267     INFO  Test worker     d.u.i.k.p.i.AbstractProblemLoader Loading environment from src\test\resources\testcase\termLabels\flatSteps\FlatSteps.java 
244267     DEBUG Test worker     d.u.i.k.p.i.AbstractProblemLoader Environment load took 456.7ns 
244267     INFO  Test worker     d.u.i.k.p.i.AbstractProblemLoader Creating init config 
248491     DEBUG Test worker     d.u.i.k.p.i.AbstractProblemLoader Init config took 4.23s 
]]></system-out>
  <system-err><![CDATA[]]></system-err>
</testsuite>
