<?xml version="1.0" encoding="UTF-8"?>
<testsuite name="de.uka.ilkd.key.parser.TestDeclParser" tests="14" skipped="2" failures="0" errors="0" timestamp="2023-05-31T12:15:36" hostname="fv-az811-346" time="15.589">
  <properties/>
  <testcase name="testGenericSortDecl1()" classname="de.uka.ilkd.key.parser.TestDeclParser" time="1.335"/>
  <testcase name="testGenericSortDecl2()" classname="de.uka.ilkd.key.parser.TestDeclParser" time="1.296"/>
  <testcase name="testGenericSortDecl3()" classname="de.uka.ilkd.key.parser.TestDeclParser" time="1.285"/>
  <testcase name="testGenericSortDecl4()" classname="de.uka.ilkd.key.parser.TestDeclParser" time="1.319"/>
  <testcase name="testGenericSortDecl5()" classname="de.uka.ilkd.key.parser.TestDeclParser" time="0.0">
    <skipped/>
  </testcase>
  <testcase name="testGenericSortDecl6()" classname="de.uka.ilkd.key.parser.TestDeclParser" time="1.278"/>
  <testcase name="testSortDecl()" classname="de.uka.ilkd.key.parser.TestDeclParser" time="1.28"/>
  <testcase name="testProxySortDecl()" classname="de.uka.ilkd.key.parser.TestDeclParser" time="1.278"/>
  <testcase name="testArrayDecl()" classname="de.uka.ilkd.key.parser.TestDeclParser" time="1.31"/>
  <testcase name="testAmbiguousDecls()" classname="de.uka.ilkd.key.parser.TestDeclParser" time="0.0">
    <skipped/>
  </testcase>
  <testcase name="testHeurDecl()" classname="de.uka.ilkd.key.parser.TestDeclParser" time="1.328"/>
  <testcase name="testFunctionDecl()" classname="de.uka.ilkd.key.parser.TestDeclParser" time="1.293"/>
  <testcase name="testPredicateDecl()" classname="de.uka.ilkd.key.parser.TestDeclParser" time="1.292"/>
  <testcase name="testSVDecl()" classname="de.uka.ilkd.key.parser.TestDeclParser" time="1.292"/>
  <system-out><![CDATA[312002     INFO  Test worker     d.u.i.k.n.KeyIO           Parsing took 0 ms 
312002     DEBUG Test worker     d.u.i.k.n.KeyIO           Load declarations of de.uka.ilkd.key.nparser.KeyAst$File:  <unknown>:1#1 
312002     INFO  Test worker     d.u.i.k.n.KeyIO           MODE: declarations took 0 ms 
312002     DEBUG Test worker     d.u.i.k.n.KeyIO           MODE: 2nd degree decls took 0 
312002     DEBUG Test worker     d.u.i.k.n.KeyIO           MODE: taclets took 0ms 
313291     INFO  Test worker     d.u.i.k.n.KeyIO           Parsing took 0 ms 
313291     DEBUG Test worker     d.u.i.k.n.KeyIO           Load declarations of de.uka.ilkd.key.nparser.KeyAst$File:  <unknown>:1#1 
313291     INFO  Test worker     d.u.i.k.n.KeyIO           MODE: declarations took 0 ms 
313291     DEBUG Test worker     d.u.i.k.n.KeyIO           MODE: 2nd degree decls took 0 
313291     DEBUG Test worker     d.u.i.k.n.KeyIO           MODE: taclets took 0ms 
314582     INFO  Test worker     d.u.i.k.n.KeyIO           Parsing took 0 ms 
314582     DEBUG Test worker     d.u.i.k.n.KeyIO           Load declarations of de.uka.ilkd.key.nparser.KeyAst$File:  <unknown>:1#1 
314582     INFO  Test worker     d.u.i.k.n.KeyIO           MODE: declarations took 0 ms 
314582     DEBUG Test worker     d.u.i.k.n.KeyIO           MODE: 2nd degree decls took 0 
314582     DEBUG Test worker     d.u.i.k.n.KeyIO           MODE: taclets took 0ms 
315902     INFO  Test worker     d.u.i.k.n.KeyIO           Parsing took 15 ms 
315902     DEBUG Test worker     d.u.i.k.n.KeyIO           Load declarations of de.uka.ilkd.key.nparser.KeyAst$File:  <unknown>:1#1 
315902     INFO  Test worker     d.u.i.k.n.KeyIO           MODE: declarations took 0 ms 
315902     DEBUG Test worker     d.u.i.k.n.KeyIO           MODE: 2nd degree decls took 0 
315902     DEBUG Test worker     d.u.i.k.n.KeyIO           MODE: taclets took 0ms 
317174     INFO  Test worker     d.u.i.k.n.KeyIO           Parsing took 0 ms 
317174     DEBUG Test worker     d.u.i.k.n.KeyIO           Load declarations of de.uka.ilkd.key.nparser.KeyAst$File:  <unknown>:1#1 
317174     INFO  Test worker     d.u.i.k.n.KeyIO           MODE: declarations took 0 ms 
317174     DEBUG Test worker     d.u.i.k.n.KeyIO           MODE: 2nd degree decls took 0 
317174     DEBUG Test worker     d.u.i.k.n.KeyIO           MODE: taclets took 0ms 
318464     INFO  Test worker     d.u.i.k.n.KeyIO           Parsing took 0 ms 
318464     DEBUG Test worker     d.u.i.k.n.KeyIO           Load declarations of de.uka.ilkd.key.nparser.KeyAst$File:  <unknown>:1#1 
318464     INFO  Test worker     d.u.i.k.n.KeyIO           MODE: declarations took 0 ms 
318464     DEBUG Test worker     d.u.i.k.n.KeyIO           MODE: 2nd degree decls took 0 
318464     DEBUG Test worker     d.u.i.k.n.KeyIO           MODE: taclets took 0ms 
319729     INFO  Test worker     d.u.i.k.n.KeyIO           Parsing took 0 ms 
319729     DEBUG Test worker     d.u.i.k.n.KeyIO           Load declarations of de.uka.ilkd.key.nparser.KeyAst$File:  <unknown>:1#1 
319745     INFO  Test worker     d.u.i.k.n.KeyIO           MODE: declarations took 16 ms 
319745     DEBUG Test worker     d.u.i.k.n.KeyIO           MODE: 2nd degree decls took 0 
319745     DEBUG Test worker     d.u.i.k.n.KeyIO           MODE: taclets took 0ms 
321012     INFO  Test worker     d.u.i.k.n.KeyIO           Parsing took 0 ms 
321012     DEBUG Test worker     d.u.i.k.n.KeyIO           Load declarations of de.uka.ilkd.key.nparser.KeyAst$File:  <unknown>:1#1 
321012     INFO  Test worker     d.u.i.k.n.KeyIO           MODE: declarations took 0 ms 
321012     DEBUG Test worker     d.u.i.k.n.KeyIO           MODE: 2nd degree decls took 0 
321043     DEBUG Test worker     d.u.i.k.n.KeyIO           MODE: taclets took 0ms 
322373     INFO  Test worker     d.u.i.k.n.KeyIO           Parsing took 0 ms 
322373     DEBUG Test worker     d.u.i.k.n.KeyIO           Load declarations of de.uka.ilkd.key.nparser.KeyAst$File:  <unknown>:1#1 
322373     INFO  Test worker     d.u.i.k.n.KeyIO           MODE: declarations took 0 ms 
322373     DEBUG Test worker     d.u.i.k.n.KeyIO           MODE: 2nd degree decls took 0 
322373     DEBUG Test worker     d.u.i.k.n.KeyIO           MODE: taclets took 0ms 
323658     INFO  Test worker     d.u.i.k.n.KeyIO           Parsing took 0 ms 
323658     DEBUG Test worker     d.u.i.k.n.KeyIO           Load declarations of de.uka.ilkd.key.nparser.KeyAst$File:  <unknown>:1#1 
323658     INFO  Test worker     d.u.i.k.n.KeyIO           MODE: declarations took 0 ms 
323658     DEBUG Test worker     d.u.i.k.n.KeyIO           MODE: 2nd degree decls took 0 
323658     DEBUG Test worker     d.u.i.k.n.KeyIO           MODE: taclets took 0ms 
324941     INFO  Test worker     d.u.i.k.n.KeyIO           Parsing took 0 ms 
324941     DEBUG Test worker     d.u.i.k.n.KeyIO           Load declarations of de.uka.ilkd.key.nparser.KeyAst$File:  <unknown>:1#1 
324941     INFO  Test worker     d.u.i.k.n.KeyIO           MODE: declarations took 0 ms 
324941     DEBUG Test worker     d.u.i.k.n.KeyIO           MODE: 2nd degree decls took 0 
324941     DEBUG Test worker     d.u.i.k.n.KeyIO           MODE: taclets took 0ms 
326237     INFO  Test worker     d.u.i.k.n.KeyIO           Parsing took 0 ms 
326237     DEBUG Test worker     d.u.i.k.n.KeyIO           Load declarations of de.uka.ilkd.key.nparser.KeyAst$File:  <unknown>:1#1 
326237     INFO  Test worker     d.u.i.k.n.KeyIO           MODE: declarations took 0 ms 
326237     DEBUG Test worker     d.u.i.k.n.KeyIO           MODE: 2nd degree decls took 0 
326237     DEBUG Test worker     d.u.i.k.n.KeyIO           MODE: taclets took 0ms 
]]></system-out>
  <system-err><![CDATA[]]></system-err>
</testsuite>
