<?xml version="1.0" encoding="UTF-8"?>
<testsuite name="de.uka.ilkd.key.java.TestJavaCardDLJavaExtensions" tests="2" skipped="0" failures="0" errors="0" timestamp="2023-03-06T12:40:14" hostname="fv-az988-527" time="5.852">
  <properties/>
  <testcase name="testTypeNotInScopeShouldNotBeFound()" classname="de.uka.ilkd.key.java.TestJavaCardDLJavaExtensions" time="2.906"/>
  <testcase name="testMethodFrameRedirectsScope()" classname="de.uka.ilkd.key.java.TestJavaCardDLJavaExtensions" time="2.945"/>
  <system-out><![CDATA[]]></system-out>
  <system-err><![CDATA[]]></system-err>
</testsuite>
