<?xml version="1.0" encoding="UTF-8"?>
<testsuite name="de.uka.ilkd.key.proof.runallproofs.RunAllProofsFunctional" tests="34" skipped="0" failures="0" errors="0" timestamp="2023-05-27T17:27:44" hostname="fv-az1250-23" time="7413.834">
  <properties/>
  <testcase name="newBook" classname="de.uka.ilkd.key.proof.runallproofs.RunAllProofsFunctional" time="88.951"/>
  <testcase name="oldBook" classname="de.uka.ilkd.key.proof.runallproofs.RunAllProofsFunctional" time="25.926"/>
  <testcase name="comprehensions" classname="de.uka.ilkd.key.proof.runallproofs.RunAllProofsFunctional" time="93.132"/>
  <testcase name="performance" classname="de.uka.ilkd.key.proof.runallproofs.RunAllProofsFunctional" time="326.141"/>
  <testcase name="performancePOConstruction" classname="de.uka.ilkd.key.proof.runallproofs.RunAllProofsFunctional" time="110.29"/>
  <testcase name="applicationRestrictions" classname="de.uka.ilkd.key.proof.runallproofs.RunAllProofsFunctional" time="67.484"/>
  <testcase name="blockContracts" classname="de.uka.ilkd.key.proof.runallproofs.RunAllProofsFunctional" time="188.53"/>
  <testcase name="jmlAsserts" classname="de.uka.ilkd.key.proof.runallproofs.RunAllProofsFunctional" time="128.033"/>
  <testcase name="javaCard" classname="de.uka.ilkd.key.proof.runallproofs.RunAllProofsFunctional" time="181.542"/>
  <testcase name="list" classname="de.uka.ilkd.key.proof.runallproofs.RunAllProofsFunctional" time="376.952"/>
  <testcase name="list_ghost" classname="de.uka.ilkd.key.proof.runallproofs.RunAllProofsFunctional" time="93.636"/>
  <testcase name="list_recursive" classname="de.uka.ilkd.key.proof.runallproofs.RunAllProofsFunctional" time="34.744"/>
  <testcase name="list_seq" classname="de.uka.ilkd.key.proof.runallproofs.RunAllProofsFunctional" time="234.407"/>
  <testcase name="observer" classname="de.uka.ilkd.key.proof.runallproofs.RunAllProofsFunctional" time="136.56"/>
  <testcase name="removeDups" classname="de.uka.ilkd.key.proof.runallproofs.RunAllProofsFunctional" time="200.65"/>
  <testcase name="quicksort" classname="de.uka.ilkd.key.proof.runallproofs.RunAllProofsFunctional" time="158.712"/>
  <testcase name="simpleTests" classname="de.uka.ilkd.key.proof.runallproofs.RunAllProofsFunctional" time="229.015"/>
  <testcase name="SmansEtAl" classname="de.uka.ilkd.key.proof.runallproofs.RunAllProofsFunctional" time="276.767"/>
  <testcase name="VACID0" classname="de.uka.ilkd.key.proof.runallproofs.RunAllProofsFunctional" time="110.15"/>
  <testcase name="VSTTE10" classname="de.uka.ilkd.key.proof.runallproofs.RunAllProofsFunctional" time="251.612"/>
  <testcase name="WeideEtAl" classname="de.uka.ilkd.key.proof.runallproofs.RunAllProofsFunctional" time="41.231"/>
  <testcase name="arithmetic" classname="de.uka.ilkd.key.proof.runallproofs.RunAllProofsFunctional" time="682.397"/>
  <testcase name="arrays" classname="de.uka.ilkd.key.proof.runallproofs.RunAllProofsFunctional" time="77.115"/>
  <testcase name="javadl" classname="de.uka.ilkd.key.proof.runallproofs.RunAllProofsFunctional" time="895.976"/>
  <testcase name="FOL" classname="de.uka.ilkd.key.proof.runallproofs.RunAllProofsFunctional" time="381.626"/>
  <testcase name="strings" classname="de.uka.ilkd.key.proof.runallproofs.RunAllProofsFunctional" time="207.395"/>
  <testcase name="simple_info_flow" classname="de.uka.ilkd.key.proof.runallproofs.RunAllProofsFunctional" time="18.86"/>
  <testcase name="modelMethods" classname="de.uka.ilkd.key.proof.runallproofs.RunAllProofsFunctional" time="246.001"/>
  <testcase name="permissionHeap" classname="de.uka.ilkd.key.proof.runallproofs.RunAllProofsFunctional" time="1126.934"/>
  <testcase name="completionScopes" classname="de.uka.ilkd.key.proof.runallproofs.RunAllProofsFunctional" time="70.63"/>
  <testcase name="reload_examples" classname="de.uka.ilkd.key.proof.runallproofs.RunAllProofsFunctional" time="59.512"/>
  <testcase name="proofLoadRepair" classname="de.uka.ilkd.key.proof.runallproofs.RunAllProofsFunctional" time="27.348"/>
  <testcase name="switch" classname="de.uka.ilkd.key.proof.runallproofs.RunAllProofsFunctional" time="86.645"/>
  <testcase name="redux" classname="de.uka.ilkd.key.proof.runallproofs.RunAllProofsFunctional" time="178.897"/>
  <system-out><![CDATA[894        INFO  Test worker     d.u.i.k.p.r.RunAllProofsTestUnit Running test newBook 
548        INFO  Timeout watchdog d.u.i.k.p.r.p.ForkedTestFileRunner Timeout watcher launched (2000 secs.) 
568        WARN  main            d.u.i.k.s.ProofSettings   No proof-settings could be loaded, using defaults java.io.FileNotFoundException: /home/runner/.key/proof-settings.props (No such file or directory)
	at java.base/java.io.FileInputStream.open0(Native Method)

627        INFO  main            d.u.i.k.p.r.p.TestFile    Now processing file /home/runner/work/key/key/key.core/../key.ui/examples/newBook/09.list_modelfield/ArrayList.add.key 
870        INFO  main            d.u.i.k.p.i.AbstractProblemLoader Loading environment from /home/runner/work/key/key/key.core/../key.ui/examples/newBook/09.list_modelfield/ArrayList.add.key 
902        DEBUG main            d.u.i.k.p.i.AbstractProblemLoader Environment load took 8.2ms 
1279       INFO  main            d.u.i.k.p.i.AbstractProblemLoader Creating init config 
2617       DEBUG main            d.u.i.k.j.TypeConverter   No LDT found for Meta 
2619       DEBUG main            d.u.i.k.j.TypeConverter   No LDT found for Meta 
2621       DEBUG main            d.u.i.k.j.TypeConverter   No LDT found for Meta 
2622       DEBUG main            d.u.i.k.j.TypeConverter   No LDT found for Meta 
4766       DEBUG main            d.u.i.k.j.TypeConverter   No LDT found for JavaBigintExpression 
12064      DEBUG main            d.u.i.k.p.i.AbstractProblemLoader Init config took 10.79s 
12302      INFO  main            d.u.i.k.p.i.AbstractProblemLoader Replaying proof ArrayList[List::add(int)].JML normal_behavior operation contract.0 
12363      DEBUG main            d.u.i.k.p.i.IntermediateProofReplayer Proof replay took 41ns 
39914      INFO  main            d.u.i.k.p.r.p.TestFile    ... finished proof: closed. 
40219      INFO  main            d.u.i.k.p.i.AbstractProblemLoader Loading environment from /home/runner/work/key/key/key.core/../key.ui/examples/newBook/09.list_modelfield/ArrayList.add.key.proof 
40219      DEBUG main            d.u.i.k.p.i.AbstractProblemLoader Environment load took 202.8ns 
40226      INFO  main            d.u.i.k.p.i.AbstractProblemLoader Creating init config 
44222      DEBUG main            d.u.i.k.p.i.AbstractProblemLoader Init config took 4s 
44324      INFO  main            d.u.i.k.p.i.AbstractProblemLoader Replaying proof ArrayList[List::add(int)].JML normal_behavior operation contract.0 
45742      DEBUG main            d.u.i.k.p.i.IntermediateProofReplayer Proof replay took 1.33s 
45760      DEBUG main            d.u.i.k.p.r.p.TestFile    ... success: reloaded. 
45762      INFO  main            d.u.i.k.p.r.p.TestFile    Now processing file /home/runner/work/key/key/key.core/../key.ui/examples/newBook/09.list_modelfield/ArrayList.remFirst.key 
45762      INFO  main            d.u.i.k.p.i.AbstractProblemLoader Loading environment from /home/runner/work/key/key/key.core/../key.ui/examples/newBook/09.list_modelfield/ArrayList.remFirst.key 
45763      DEBUG main            d.u.i.k.p.i.AbstractProblemLoader Environment load took 108.1ns 
45766      INFO  main            d.u.i.k.p.i.AbstractProblemLoader Creating init config 
49645      DEBUG main            d.u.i.k.p.i.AbstractProblemLoader Init config took 3.88s 
49758      INFO  main            d.u.i.k.p.i.AbstractProblemLoader Replaying proof ArrayList[List::remFirst()].JML normal_behavior operation contract.0 
49761      DEBUG main            d.u.i.k.p.i.IntermediateProofReplayer Proof replay took 6.9ns 
55926      INFO  main            d.u.i.k.p.r.p.TestFile    ... finished proof: closed. 
56223      INFO  main            d.u.i.k.p.i.AbstractProblemLoader Loading environment from /home/runner/work/key/key/key.core/../key.ui/examples/newBook/09.list_modelfield/ArrayList.remFirst.key.proof 
56223      DEBUG main            d.u.i.k.p.i.AbstractProblemLoader Environment load took 234.8ns 
56226      INFO  main            d.u.i.k.p.i.AbstractProblemLoader Creating init config 
59951      DEBUG main            d.u.i.k.p.i.AbstractProblemLoader Init config took 3.73s 
60045      INFO  main            d.u.i.k.p.i.AbstractProblemLoader Replaying proof ArrayList[List::remFirst()].JML normal_behavior operation contract.0 
60670      DEBUG main            d.u.i.k.p.i.IntermediateProofReplayer Proof replay took 596.61ms 
60672      DEBUG main            d.u.i.k.p.r.p.TestFile    ... success: reloaded. 
60674      INFO  main            d.u.i.k.p.r.p.TestFile    Now processing file /home/runner/work/key/key/key.core/../key.ui/examples/newBook/09.list_modelfield/ArrayList.empty.key 
60674      INFO  main            d.u.i.k.p.i.AbstractProblemLoader Loading environment from /home/runner/work/key/key/key.core/../key.ui/examples/newBook/09.list_modelfield/ArrayList.empty.key 
60674      DEBUG main            d.u.i.k.p.i.AbstractProblemLoader Environment load took 96.1ns 
60675      INFO  main            d.u.i.k.p.i.AbstractProblemLoader Creating init config 
64310      DEBUG main            d.u.i.k.p.i.AbstractProblemLoader Init config took 3.63s 
64413      INFO  main            d.u.i.k.p.i.AbstractProblemLoader Replaying proof ArrayList[List::empty()].JML normal_behavior operation contract.0 
64418      DEBUG main            d.u.i.k.p.i.IntermediateProofReplayer Proof replay took 7ns 
66025      INFO  main            d.u.i.k.p.r.p.TestFile    ... finished proof: closed. 
66238      INFO  main            d.u.i.k.p.i.AbstractProblemLoader Loading environment from /home/runner/work/key/key/key.core/../key.ui/examples/newBook/09.list_modelfield/ArrayList.empty.key.proof 
66242      DEBUG main            d.u.i.k.p.i.AbstractProblemLoader Environment load took 3.88ms 
66247      INFO  main            d.u.i.k.p.i.AbstractProblemLoader Creating init config 
69967      DEBUG main            d.u.i.k.p.i.AbstractProblemLoader Init config took 3.72s 
70035      INFO  main            d.u.i.k.p.i.AbstractProblemLoader Replaying proof ArrayList[List::empty()].JML normal_behavior operation contract.0 
70163      DEBUG main            d.u.i.k.p.i.IntermediateProofReplayer Proof replay took 119.12ms 
70164      DEBUG main            d.u.i.k.p.r.p.TestFile    ... success: reloaded. 
70165      INFO  main            d.u.i.k.p.r.p.TestFile    Now processing file /home/runner/work/key/key/key.core/../key.ui/examples/newBook/09.list_modelfield/ArrayList.size.key 
70166      INFO  main            d.u.i.k.p.i.AbstractProblemLoader Loading environment from /home/runner/work/key/key/key.core/../key.ui/examples/newBook/09.list_modelfield/ArrayList.size.key 
70166      DEBUG main            d.u.i.k.p.i.AbstractProblemLoader Environment load took 91.8ns 
70167      INFO  main            d.u.i.k.p.i.AbstractProblemLoader Creating init config 
74085      DEBUG main            d.u.i.k.p.i.AbstractProblemLoader Init config took 3.92s 
74195      INFO  main            d.u.i.k.p.i.AbstractProblemLoader Replaying proof ArrayList[List::size()].JML normal_behavior operation contract.0 
74197      DEBUG main            d.u.i.k.p.i.IntermediateProofReplayer Proof replay took 7.2ns 
74902      INFO  main            d.u.i.k.p.r.p.TestFile    ... finished proof: closed. 
75145      INFO  main            d.u.i.k.p.i.AbstractProblemLoader Loading environment from /home/runner/work/key/key/key.core/../key.ui/examples/newBook/09.list_modelfield/ArrayList.size.key.proof 
75147      DEBUG main            d.u.i.k.p.i.AbstractProblemLoader Environment load took 1.27ms 
75149      INFO  main            d.u.i.k.p.i.AbstractProblemLoader Creating init config 
78911      DEBUG main            d.u.i.k.p.i.AbstractProblemLoader Init config took 3.76s 
78972      INFO  main            d.u.i.k.p.i.AbstractProblemLoader Replaying proof ArrayList[List::size()].JML normal_behavior operation contract.0 
79055      DEBUG main            d.u.i.k.p.i.IntermediateProofReplayer Proof replay took 78.92ms 
79056      DEBUG main            d.u.i.k.p.r.p.TestFile    ... success: reloaded. 
79057      INFO  main            d.u.i.k.p.r.p.TestFile    Now processing file /home/runner/work/key/key/key.core/../key.ui/examples/newBook/09.list_modelfield/ArrayList.get.key 
79058      INFO  main            d.u.i.k.p.i.AbstractProblemLoader Loading environment from /home/runner/work/key/key/key.core/../key.ui/examples/newBook/09.list_modelfield/ArrayList.get.key 
79058      DEBUG main            d.u.i.k.p.i.AbstractProblemLoader Environment load took 113.3ns 
79059      INFO  main            d.u.i.k.p.i.AbstractProblemLoader Creating init config 
82817      DEBUG main            d.u.i.k.p.i.AbstractProblemLoader Init config took 3.76s 
82880      INFO  main            d.u.i.k.p.i.AbstractProblemLoader Replaying proof ArrayList[List::get(int)].JML normal_behavior operation contract.0 
82883      DEBUG main            d.u.i.k.p.i.IntermediateProofReplayer Proof replay took 7.2ns 
84416      INFO  main            d.u.i.k.p.r.p.TestFile    ... finished proof: closed. 
84742      INFO  main            d.u.i.k.p.i.AbstractProblemLoader Loading environment from /home/runner/work/key/key/key.core/../key.ui/examples/newBook/09.list_modelfield/ArrayList.get.key.proof 
84749      DEBUG main            d.u.i.k.p.i.AbstractProblemLoader Environment load took 7.23ms 
84751      INFO  main            d.u.i.k.p.i.AbstractProblemLoader Creating init config 
88439      DEBUG main            d.u.i.k.p.i.AbstractProblemLoader Init config took 3.69s 
88499      INFO  main            d.u.i.k.p.i.AbstractProblemLoader Replaying proof ArrayList[List::get(int)].JML normal_behavior operation contract.0 
88616      DEBUG main            d.u.i.k.p.i.IntermediateProofReplayer Proof replay took 110.21ms 
88617      DEBUG main            d.u.i.k.p.r.p.TestFile    ... success: reloaded. 
89835      INFO  Test worker     d.u.i.k.p.r.RunAllProofsTestUnit Returning from test newBook 
89841      INFO  Test worker     d.u.i.k.p.r.RunAllProofsTestUnit Running test oldBook 
503        INFO  Timeout watchdog d.u.i.k.p.r.p.ForkedTestFileRunner Timeout watcher launched (2000 secs.) 
539        WARN  main            d.u.i.k.s.ProofSettings   The settings in /home/runner/.key/proof-settings.props are *not* read. 
608        INFO  main            d.u.i.k.p.r.p.TestFile    Now processing file /home/runner/work/key/key/key.core/../key.ui/examples/standard_key/BookExamples/02FirstOrderLogic/Ex2.58.key 
780        INFO  main            d.u.i.k.p.i.AbstractProblemLoader Loading environment from /home/runner/work/key/key/key.core/../key.ui/examples/standard_key/BookExamples/02FirstOrderLogic/Ex2.58.key 
813        DEBUG main            d.u.i.k.p.i.AbstractProblemLoader Environment load took 4.61ms 
1178       INFO  main            d.u.i.k.p.i.AbstractProblemLoader Creating init config 
2656       DEBUG main            d.u.i.k.j.TypeConverter   No LDT found for Meta 
2658       DEBUG main            d.u.i.k.j.TypeConverter   No LDT found for Meta 
2664       DEBUG main            d.u.i.k.j.TypeConverter   No LDT found for Meta 
2665       DEBUG main            d.u.i.k.j.TypeConverter   No LDT found for Meta 
4634       DEBUG main            d.u.i.k.j.TypeConverter   No LDT found for JavaBigintExpression 
12443      DEBUG main            d.u.i.k.p.i.AbstractProblemLoader Init config took 11.26s 
12651      INFO  main            d.u.i.k.p.i.AbstractProblemLoader Replaying proof Ex2.58.key 
12760      DEBUG main            d.u.i.k.p.i.IntermediateProofReplayer Proof replay took 47.6ns 
13086      INFO  main            d.u.i.k.p.r.p.TestFile    ... finished proof: closed. 
13265      INFO  main            d.u.i.k.p.i.AbstractProblemLoader Loading environment from /home/runner/work/key/key/key.core/../key.ui/examples/standard_key/BookExamples/02FirstOrderLogic/Ex2.58.key.proof 
13267      DEBUG main            d.u.i.k.p.i.AbstractProblemLoader Environment load took 1.12ms 
13272      INFO  main            d.u.i.k.p.i.AbstractProblemLoader Creating init config 
17124      DEBUG main            d.u.i.k.p.i.AbstractProblemLoader Init config took 3.85s 
17182      INFO  main            d.u.i.k.p.i.AbstractProblemLoader Replaying proof Ex2.58.key.proof 
17191      DEBUG main            d.u.i.k.p.i.IntermediateProofReplayer Proof replay took 3.69ms 
17205      DEBUG main            d.u.i.k.p.r.p.TestFile    ... success: reloaded. 
17206      INFO  main            d.u.i.k.p.r.p.TestFile    Now processing file /home/runner/work/key/key/key.core/../key.ui/examples/standard_key/BookExamples/03DynamicLogic/Sect3.3.1.key 
17207      INFO  main            d.u.i.k.p.i.AbstractProblemLoader Loading environment from /home/runner/work/key/key/key.core/../key.ui/examples/standard_key/BookExamples/03DynamicLogic/Sect3.3.1.key 
17207      DEBUG main            d.u.i.k.p.i.AbstractProblemLoader Environment load took 100.2ns 
17211      INFO  main            d.u.i.k.p.i.AbstractProblemLoader Creating init config 
20929      DEBUG main            d.u.i.k.p.i.AbstractProblemLoader Init config took 3.72s 
21004      INFO  main            d.u.i.k.p.i.AbstractProblemLoader Replaying proof Sect3.3.1.key 
21009      DEBUG main            d.u.i.k.p.i.IntermediateProofReplayer Proof replay took 8.2ns 
21717      INFO  main            d.u.i.k.p.r.p.TestFile    ... finished proof: closed. 
21887      INFO  main            d.u.i.k.p.i.AbstractProblemLoader Loading environment from /home/runner/work/key/key/key.core/../key.ui/examples/standard_key/BookExamples/03DynamicLogic/Sect3.3.1.key.proof 
21887      DEBUG main            d.u.i.k.p.i.AbstractProblemLoader Environment load took 244.1ns 
21898      INFO  main            d.u.i.k.p.i.AbstractProblemLoader Creating init config 
25527      DEBUG main            d.u.i.k.p.i.AbstractProblemLoader Init config took 3.63s 
25561      INFO  main            d.u.i.k.p.i.AbstractProblemLoader Replaying proof Sect3.3.1.key.proof 
25638      DEBUG main            d.u.i.k.p.i.IntermediateProofReplayer Proof replay took 69.39ms 
25648      DEBUG main            d.u.i.k.p.r.p.TestFile    ... success: reloaded. 
115765     INFO  Test worker     d.u.i.k.p.r.RunAllProofsTestUnit Returning from test oldBook 
115767     INFO  Test worker     d.u.i.k.p.r.RunAllProofsTestUnit Running test comprehensions 
586        INFO  Timeout watchdog d.u.i.k.p.r.p.ForkedTestFileRunner Timeout watcher launched (2000 secs.) 
611        WARN  main            d.u.i.k.s.ProofSettings   The settings in /home/runner/.key/proof-settings.props are *not* read. 
650        INFO  main            d.u.i.k.p.r.p.TestFile    Now processing file /home/runner/work/key/key/key.core/../key.ui/examples/heap/comprehensions/general_sum.key 
801        INFO  main            d.u.i.k.p.i.AbstractProblemLoader Loading environment from /home/runner/work/key/key/key.core/../key.ui/examples/heap/comprehensions/general_sum.key 
832        DEBUG main            d.u.i.k.p.i.AbstractProblemLoader Environment load took 3.21ms 
1145       INFO  main            d.u.i.k.p.i.AbstractProblemLoader Creating init config 
2397       DEBUG main            d.u.i.k.j.TypeConverter   No LDT found for Meta 
2400       DEBUG main            d.u.i.k.j.TypeConverter   No LDT found for Meta 
2403       DEBUG main            d.u.i.k.j.TypeConverter   No LDT found for Meta 
2403       DEBUG main            d.u.i.k.j.TypeConverter   No LDT found for Meta 
4324       DEBUG main            d.u.i.k.j.TypeConverter   No LDT found for JavaBigintExpression 
11921      DEBUG main            d.u.i.k.p.i.AbstractProblemLoader Init config took 10.78s 
12130      INFO  main            d.u.i.k.p.i.AbstractProblemLoader Replaying proof GSum[GSum::doNothing()].JML operation contract.0 
12188      DEBUG main            d.u.i.k.p.i.IntermediateProofReplayer Proof replay took 39.6ns 
12733      INFO  main            d.u.i.k.p.r.p.TestFile    ... finished proof: closed. 
12861      INFO  main            d.u.i.k.p.i.AbstractProblemLoader Loading environment from /home/runner/work/key/key/key.core/../key.ui/examples/heap/comprehensions/general_sum.key.proof 
12861      DEBUG main            d.u.i.k.p.i.AbstractProblemLoader Environment load took 171.3ns 
12865      INFO  main            d.u.i.k.p.i.AbstractProblemLoader Creating init config 
16971      DEBUG main            d.u.i.k.p.i.AbstractProblemLoader Init config took 4.11s 
17082      INFO  main            d.u.i.k.p.i.AbstractProblemLoader Replaying proof GSum[GSum::doNothing()].JML operation contract.0 
17106      DEBUG main            d.u.i.k.p.i.IntermediateProofReplayer Proof replay took 17.34ms 
17116      DEBUG main            d.u.i.k.p.r.p.TestFile    ... success: reloaded. 
17118      INFO  main            d.u.i.k.p.r.p.TestFile    Now processing file /home/runner/work/key/key/key.core/../key.ui/examples/heap/comprehensions/sum0.key 
17119      INFO  main            d.u.i.k.p.i.AbstractProblemLoader Loading environment from /home/runner/work/key/key/key.core/../key.ui/examples/heap/comprehensions/sum0.key 
17119      DEBUG main            d.u.i.k.p.i.AbstractProblemLoader Environment load took 498.3ns 
17122      INFO  main            d.u.i.k.p.i.AbstractProblemLoader Creating init config 
20908      DEBUG main            d.u.i.k.p.i.AbstractProblemLoader Init config took 3.79s 
20999      INFO  main            d.u.i.k.p.i.AbstractProblemLoader Replaying proof Sum[Sum::sum0([I)].JML normal_behavior operation contract.0 
21004      DEBUG main            d.u.i.k.p.i.IntermediateProofReplayer Proof replay took 7.1ns 
21181      DEBUG Thread-4        d.u.i.k.l.l.OriginTermLabel commonFileName is null! 
21182      DEBUG Thread-4        d.u.i.k.l.l.OriginTermLabel commonFileName is null! 
21437      DEBUG Thread-4        d.u.i.k.l.l.OriginTermLabel commonFileName is null! 
21438      DEBUG Thread-4        d.u.i.k.l.l.OriginTermLabel commonFileName is null! 
21695      DEBUG Thread-4        d.u.i.k.l.l.OriginTermLabel commonFileName is null! 
21914      INFO  main            d.u.i.k.p.r.p.TestFile    ... finished proof: closed. 
22114      INFO  main            d.u.i.k.p.i.AbstractProblemLoader Loading environment from /home/runner/work/key/key/key.core/../key.ui/examples/heap/comprehensions/sum0.key.proof 
22114      DEBUG main            d.u.i.k.p.i.AbstractProblemLoader Environment load took 211.7ns 
22117      INFO  main            d.u.i.k.p.i.AbstractProblemLoader Creating init config 
25948      DEBUG main            d.u.i.k.p.i.AbstractProblemLoader Init config took 3.83s 
26017      INFO  main            d.u.i.k.p.i.AbstractProblemLoader Replaying proof Sum[Sum::sum0([I)].JML normal_behavior operation contract.0 
26057      DEBUG main            d.u.i.k.l.l.OriginTermLabel commonFileName is null! 
26059      DEBUG main            d.u.i.k.l.l.OriginTermLabel commonFileName is null! 
26138      DEBUG main            d.u.i.k.l.l.OriginTermLabel commonFileName is null! 
26210      DEBUG main            d.u.i.k.l.l.OriginTermLabel commonFileName is null! 
26211      DEBUG main            d.u.i.k.l.l.OriginTermLabel commonFileName is null! 
26216      DEBUG main            d.u.i.k.p.i.IntermediateProofReplayer Proof replay took 192.34ms 
26218      DEBUG main            d.u.i.k.p.r.p.TestFile    ... success: reloaded. 
26220      INFO  main            d.u.i.k.p.r.p.TestFile    Now processing file /home/runner/work/key/key/key.core/../key.ui/examples/heap/comprehensions/sum1.key 
26221      INFO  main            d.u.i.k.p.i.AbstractProblemLoader Loading environment from /home/runner/work/key/key/key.core/../key.ui/examples/heap/comprehensions/sum1.key 
26222      DEBUG main            d.u.i.k.p.i.AbstractProblemLoader Environment load took 589.1ns 
26224      INFO  main            d.u.i.k.p.i.AbstractProblemLoader Creating init config 
30058      DEBUG main            d.u.i.k.p.i.AbstractProblemLoader Init config took 3.83s 
30125      INFO  main            d.u.i.k.p.i.AbstractProblemLoader Replaying proof Sum[Sum::sum1([I)].JML normal_behavior operation contract.0 
30127      DEBUG main            d.u.i.k.p.i.IntermediateProofReplayer Proof replay took 8.1ns 
30210      DEBUG Thread-7        d.u.i.k.l.l.OriginTermLabel commonFileName is null! 
30211      DEBUG Thread-7        d.u.i.k.l.l.OriginTermLabel commonFileName is null! 
30448      DEBUG Thread-7        d.u.i.k.l.l.OriginTermLabel commonFileName is null! 
30449      DEBUG Thread-7        d.u.i.k.l.l.OriginTermLabel commonFileName is null! 
30653      DEBUG Thread-7        d.u.i.k.l.l.OriginTermLabel commonFileName is null! 
30936      INFO  main            d.u.i.k.p.r.p.TestFile    ... finished proof: closed. 
31159      INFO  main            d.u.i.k.p.i.AbstractProblemLoader Loading environment from /home/runner/work/key/key/key.core/../key.ui/examples/heap/comprehensions/sum1.key.proof 
31160      DEBUG main            d.u.i.k.p.i.AbstractProblemLoader Environment load took 966.21ns 
31162      INFO  main            d.u.i.k.p.i.AbstractProblemLoader Creating init config 
34814      DEBUG main            d.u.i.k.p.i.AbstractProblemLoader Init config took 3.65s 
34875      INFO  main            d.u.i.k.p.i.AbstractProblemLoader Replaying proof Sum[Sum::sum1([I)].JML normal_behavior operation contract.0 
34919      DEBUG main            d.u.i.k.l.l.OriginTermLabel commonFileName is null! 
34920      DEBUG main            d.u.i.k.l.l.OriginTermLabel commonFileName is null! 
34984      DEBUG main            d.u.i.k.l.l.OriginTermLabel commonFileName is null! 
35037      DEBUG main            d.u.i.k.l.l.OriginTermLabel commonFileName is null! 
35038      DEBUG main            d.u.i.k.l.l.OriginTermLabel commonFileName is null! 
35044      DEBUG main            d.u.i.k.p.i.IntermediateProofReplayer Proof replay took 162.6ms 
35045      DEBUG main            d.u.i.k.p.r.p.TestFile    ... success: reloaded. 
35046      INFO  main            d.u.i.k.p.r.p.TestFile    Now processing file /home/runner/work/key/key/key.core/../key.ui/examples/heap/comprehensions/sum2.key 
35049      INFO  main            d.u.i.k.p.i.AbstractProblemLoader Loading environment from /home/runner/work/key/key/key.core/../key.ui/examples/heap/comprehensions/sum2.key 
35049      DEBUG main            d.u.i.k.p.i.AbstractProblemLoader Environment load took 429.7ns 
35051      INFO  main            d.u.i.k.p.i.AbstractProblemLoader Creating init config 
38642      DEBUG main            d.u.i.k.p.i.AbstractProblemLoader Init config took 3.59s 
38710      INFO  main            d.u.i.k.p.i.AbstractProblemLoader Replaying proof Sum[Sum::sum2([I)].JML normal_behavior operation contract.0 
38712      DEBUG main            d.u.i.k.p.i.IntermediateProofReplayer Proof replay took 25.3ns 
38778      DEBUG Thread-10       d.u.i.k.l.l.OriginTermLabel commonFileName is null! 
38779      DEBUG Thread-10       d.u.i.k.l.l.OriginTermLabel commonFileName is null! 
38950      DEBUG Thread-10       d.u.i.k.l.l.OriginTermLabel commonFileName is null! 
38950      DEBUG Thread-10       d.u.i.k.l.l.OriginTermLabel commonFileName is null! 
39073      DEBUG Thread-10       d.u.i.k.l.l.OriginTermLabel commonFileName is null! 
39317      INFO  main            d.u.i.k.p.r.p.TestFile    ... finished proof: closed. 
39545      INFO  main            d.u.i.k.p.i.AbstractProblemLoader Loading environment from /home/runner/work/key/key/key.core/../key.ui/examples/heap/comprehensions/sum2.key.proof 
39546      DEBUG main            d.u.i.k.p.i.AbstractProblemLoader Environment load took 902.5ns 
39549      INFO  main            d.u.i.k.p.i.AbstractProblemLoader Creating init config 
43198      DEBUG main            d.u.i.k.p.i.AbstractProblemLoader Init config took 3.65s 
43289      INFO  main            d.u.i.k.p.i.AbstractProblemLoader Replaying proof Sum[Sum::sum2([I)].JML normal_behavior operation contract.0 
43331      DEBUG main            d.u.i.k.l.l.OriginTermLabel commonFileName is null! 
43331      DEBUG main            d.u.i.k.l.l.OriginTermLabel commonFileName is null! 
43378      DEBUG main            d.u.i.k.l.l.OriginTermLabel commonFileName is null! 
43415      DEBUG main            d.u.i.k.l.l.OriginTermLabel commonFileName is null! 
43415      DEBUG main            d.u.i.k.l.l.OriginTermLabel commonFileName is null! 
43418      DEBUG main            d.u.i.k.p.i.IntermediateProofReplayer Proof replay took 121.24ms 
43420      DEBUG main            d.u.i.k.p.r.p.TestFile    ... success: reloaded. 
43421      INFO  main            d.u.i.k.p.r.p.TestFile    Now processing file /home/runner/work/key/key/key.core/../key.ui/examples/heap/comprehensions/sum3.key 
43421      INFO  main            d.u.i.k.p.i.AbstractProblemLoader Loading environment from /home/runner/work/key/key/key.core/../key.ui/examples/heap/comprehensions/sum3.key 
43421      DEBUG main            d.u.i.k.p.i.AbstractProblemLoader Environment load took 87.8ns 
43422      INFO  main            d.u.i.k.p.i.AbstractProblemLoader Creating init config 
46899      DEBUG main            d.u.i.k.p.i.AbstractProblemLoader Init config took 3.48s 
46965      INFO  main            d.u.i.k.p.i.AbstractProblemLoader Replaying proof Sum[Sum::sum3([I)].JML normal_behavior operation contract.0 
46966      DEBUG main            d.u.i.k.p.i.IntermediateProofReplayer Proof replay took 7.7ns 
47066      DEBUG Thread-13       d.u.i.k.l.l.OriginTermLabel commonFileName is null! 
47066      DEBUG Thread-13       d.u.i.k.l.l.OriginTermLabel commonFileName is null! 
47244      DEBUG Thread-13       d.u.i.k.l.l.OriginTermLabel commonFileName is null! 
47245      DEBUG Thread-13       d.u.i.k.l.l.OriginTermLabel commonFileName is null! 
47391      DEBUG Thread-13       d.u.i.k.l.l.OriginTermLabel commonFileName is null! 
47572      INFO  main            d.u.i.k.p.r.p.TestFile    ... finished proof: closed. 
47770      INFO  main            d.u.i.k.p.i.AbstractProblemLoader Loading environment from /home/runner/work/key/key/key.core/../key.ui/examples/heap/comprehensions/sum3.key.proof 
47770      DEBUG main            d.u.i.k.p.i.AbstractProblemLoader Environment load took 185.7ns 
47771      INFO  main            d.u.i.k.p.i.AbstractProblemLoader Creating init config 
51337      DEBUG main            d.u.i.k.p.i.AbstractProblemLoader Init config took 3.57s 
51399      INFO  main            d.u.i.k.p.i.AbstractProblemLoader Replaying proof Sum[Sum::sum3([I)].JML normal_behavior operation contract.0 
51434      DEBUG main            d.u.i.k.l.l.OriginTermLabel commonFileName is null! 
51434      DEBUG main            d.u.i.k.l.l.OriginTermLabel commonFileName is null! 
51483      DEBUG main            d.u.i.k.l.l.OriginTermLabel commonFileName is null! 
51513      DEBUG main            d.u.i.k.l.l.OriginTermLabel commonFileName is null! 
51513      DEBUG main            d.u.i.k.l.l.OriginTermLabel commonFileName is null! 
51517      DEBUG main            d.u.i.k.p.i.IntermediateProofReplayer Proof replay took 114.23ms 
51519      DEBUG main            d.u.i.k.p.r.p.TestFile    ... success: reloaded. 
51519      INFO  main            d.u.i.k.p.r.p.TestFile    Now processing file /home/runner/work/key/key/key.core/../key.ui/examples/heap/comprehensions/segsum.key 
51520      INFO  main            d.u.i.k.p.i.AbstractProblemLoader Loading environment from /home/runner/work/key/key/key.core/../key.ui/examples/heap/comprehensions/segsum.key 
51520      DEBUG main            d.u.i.k.p.i.AbstractProblemLoader Environment load took 76.6ns 
51521      INFO  main            d.u.i.k.p.i.AbstractProblemLoader Creating init config 
55130      DEBUG main            d.u.i.k.p.i.AbstractProblemLoader Init config took 3.61s 
55186      INFO  main            d.u.i.k.p.i.AbstractProblemLoader Replaying proof SegSum[SegSum::segSum([I,int,int)].JML normal_behavior operation contract.0 
55188      DEBUG main            d.u.i.k.p.i.IntermediateProofReplayer Proof replay took 9.1ns 
55796      INFO  main            d.u.i.k.p.r.p.TestFile    ... finished proof: closed. 
56068      INFO  main            d.u.i.k.p.i.AbstractProblemLoader Loading environment from /home/runner/work/key/key/key.core/../key.ui/examples/heap/comprehensions/segsum.key.proof 
56069      DEBUG main            d.u.i.k.p.i.AbstractProblemLoader Environment load took 157.2ns 
56070      INFO  main            d.u.i.k.p.i.AbstractProblemLoader Creating init config 
59644      DEBUG main            d.u.i.k.p.i.AbstractProblemLoader Init config took 3.57s 
59707      INFO  main            d.u.i.k.p.i.AbstractProblemLoader Replaying proof SegSum[SegSum::segSum([I,int,int)].JML normal_behavior operation contract.0 
59844      DEBUG main            d.u.i.k.p.i.IntermediateProofReplayer Proof replay took 129.96ms 
59853      DEBUG main            d.u.i.k.p.r.p.TestFile    ... success: reloaded. 
59857      INFO  main            d.u.i.k.p.r.p.TestFile    Now processing file /home/runner/work/key/key/key.core/../key.ui/examples/heap/comprehensions/bsum_negative.key 
59857      INFO  main            d.u.i.k.p.i.AbstractProblemLoader Loading environment from /home/runner/work/key/key/key.core/../key.ui/examples/heap/comprehensions/bsum_negative.key 
59858      DEBUG main            d.u.i.k.p.i.AbstractProblemLoader Environment load took 162.3ns 
59859      INFO  main            d.u.i.k.p.i.AbstractProblemLoader Creating init config 
63328      DEBUG main            d.u.i.k.p.i.AbstractProblemLoader Init config took 3.47s 
63354      INFO  main            d.u.i.k.p.i.AbstractProblemLoader Replaying proof bsum_negative.key 
63355      DEBUG main            d.u.i.k.p.i.IntermediateProofReplayer Proof replay took 19ns 
63462      INFO  main            d.u.i.k.p.r.p.TestFile    ... finished proof: closed. 
63719      INFO  main            d.u.i.k.p.i.AbstractProblemLoader Loading environment from /home/runner/work/key/key/key.core/../key.ui/examples/heap/comprehensions/bsum_negative.key.proof 
63719      DEBUG main            d.u.i.k.p.i.AbstractProblemLoader Environment load took 152.7ns 
63720      INFO  main            d.u.i.k.p.i.AbstractProblemLoader Creating init config 
67106      DEBUG main            d.u.i.k.p.i.AbstractProblemLoader Init config took 3.39s 
67130      INFO  main            d.u.i.k.p.i.AbstractProblemLoader Replaying proof bsum_negative.key.proof 
67138      DEBUG main            d.u.i.k.p.i.IntermediateProofReplayer Proof replay took 2.52ms 
67140      DEBUG main            d.u.i.k.p.r.p.TestFile    ... success: reloaded. 
67142      INFO  main            d.u.i.k.p.r.p.TestFile    Now processing file /home/runner/work/key/key/key.core/../key.ui/examples/heap/comprehensions/bsum_neg2.key 
67143      INFO  main            d.u.i.k.p.i.AbstractProblemLoader Loading environment from /home/runner/work/key/key/key.core/../key.ui/examples/heap/comprehensions/bsum_neg2.key 
67143      DEBUG main            d.u.i.k.p.i.AbstractProblemLoader Environment load took 705.3ns 
67145      INFO  main            d.u.i.k.p.i.AbstractProblemLoader Creating init config 
70623      DEBUG main            d.u.i.k.p.i.AbstractProblemLoader Init config took 3.48s 
70645      INFO  main            d.u.i.k.p.i.AbstractProblemLoader Replaying proof bsum_neg2.key 
70648      DEBUG main            d.u.i.k.p.i.IntermediateProofReplayer Proof replay took 9.1ns 
70751      INFO  main            d.u.i.k.p.r.p.TestFile    ... finished proof: closed. 
70975      INFO  main            d.u.i.k.p.i.AbstractProblemLoader Loading environment from /home/runner/work/key/key/key.core/../key.ui/examples/heap/comprehensions/bsum_neg2.key.proof 
70975      DEBUG main            d.u.i.k.p.i.AbstractProblemLoader Environment load took 203.3ns 
70977      INFO  main            d.u.i.k.p.i.AbstractProblemLoader Creating init config 
74298      DEBUG main            d.u.i.k.p.i.AbstractProblemLoader Init config took 3.32s 
74324      INFO  main            d.u.i.k.p.i.AbstractProblemLoader Replaying proof bsum_neg2.key.proof 
74327      DEBUG main            d.u.i.k.p.i.IntermediateProofReplayer Proof replay took 1.06ms 
74328      DEBUG main            d.u.i.k.p.r.p.TestFile    ... success: reloaded. 
74328      INFO  main            d.u.i.k.p.r.p.TestFile    Now processing file /home/runner/work/key/key/key.core/../key.ui/examples/heap/comprehensions/bsumSplit.key 
74329      INFO  main            d.u.i.k.p.i.AbstractProblemLoader Loading environment from /home/runner/work/key/key/key.core/../key.ui/examples/heap/comprehensions/bsumSplit.key 
74329      DEBUG main            d.u.i.k.p.i.AbstractProblemLoader Environment load took 98.6ns 
74330      INFO  main            d.u.i.k.p.i.AbstractProblemLoader Creating init config 
77778      DEBUG main            d.u.i.k.p.i.AbstractProblemLoader Init config took 3.45s 
77802      INFO  main            d.u.i.k.p.i.AbstractProblemLoader Replaying proof bsumSplit.key 
77805      DEBUG main            d.u.i.k.p.i.IntermediateProofReplayer Proof replay took 9.2ns 
77907      INFO  main            d.u.i.k.p.r.p.TestFile    ... finished proof: closed. 
78142      INFO  main            d.u.i.k.p.i.AbstractProblemLoader Loading environment from /home/runner/work/key/key/key.core/../key.ui/examples/heap/comprehensions/bsumSplit.key.proof 
78143      DEBUG main            d.u.i.k.p.i.AbstractProblemLoader Environment load took 1.13ms 
78144      INFO  main            d.u.i.k.p.i.AbstractProblemLoader Creating init config 
81524      DEBUG main            d.u.i.k.p.i.AbstractProblemLoader Init config took 3.38s 
81550      INFO  main            d.u.i.k.p.i.AbstractProblemLoader Replaying proof bsumSplit.key.proof 
81557      DEBUG main            d.u.i.k.p.i.IntermediateProofReplayer Proof replay took 4.06ms 
81559      DEBUG main            d.u.i.k.p.r.p.TestFile    ... success: reloaded. 
81560      INFO  main            d.u.i.k.p.r.p.TestFile    Now processing file /home/runner/work/key/key/key.core/../key.ui/examples/heap/comprehensions/bprodSplit.key 
81560      INFO  main            d.u.i.k.p.i.AbstractProblemLoader Loading environment from /home/runner/work/key/key/key.core/../key.ui/examples/heap/comprehensions/bprodSplit.key 
81560      DEBUG main            d.u.i.k.p.i.AbstractProblemLoader Environment load took 90.1ns 
81562      INFO  main            d.u.i.k.p.i.AbstractProblemLoader Creating init config 
85034      DEBUG main            d.u.i.k.p.i.AbstractProblemLoader Init config took 3.47s 
85055      INFO  main            d.u.i.k.p.i.AbstractProblemLoader Replaying proof bprodSplit.key 
85057      DEBUG main            d.u.i.k.p.i.IntermediateProofReplayer Proof replay took 9.6ns 
85159      INFO  main            d.u.i.k.p.r.p.TestFile    ... finished proof: closed. 
85402      INFO  main            d.u.i.k.p.i.AbstractProblemLoader Loading environment from /home/runner/work/key/key/key.core/../key.ui/examples/heap/comprehensions/bprodSplit.key.proof 
85402      DEBUG main            d.u.i.k.p.i.AbstractProblemLoader Environment load took 140.5ns 
85403      INFO  main            d.u.i.k.p.i.AbstractProblemLoader Creating init config 
88761      DEBUG main            d.u.i.k.p.i.AbstractProblemLoader Init config took 3.36s 
88781      INFO  main            d.u.i.k.p.i.AbstractProblemLoader Replaying proof bprodSplit.key.proof 
88785      DEBUG main            d.u.i.k.p.i.IntermediateProofReplayer Proof replay took 2.26ms 
88786      DEBUG main            d.u.i.k.p.r.p.TestFile    ... success: reloaded. 
88787      INFO  main            d.u.i.k.p.r.p.TestFile    Now processing file /home/runner/work/key/key/key.core/../key.ui/examples/heap/comprehensions/bsumSplitInvalid.key 
88787      INFO  main            d.u.i.k.p.i.AbstractProblemLoader Loading environment from /home/runner/work/key/key/key.core/../key.ui/examples/heap/comprehensions/bsumSplitInvalid.key 
88788      DEBUG main            d.u.i.k.p.i.AbstractProblemLoader Environment load took 161.2ns 
88789      INFO  main            d.u.i.k.p.i.AbstractProblemLoader Creating init config 
92303      DEBUG main            d.u.i.k.p.i.AbstractProblemLoader Init config took 3.51s 
92324      INFO  main            d.u.i.k.p.i.AbstractProblemLoader Replaying proof bsumSplitInvalid.key 
92326      DEBUG main            d.u.i.k.p.i.IntermediateProofReplayer Proof replay took 8.3ns 
92428      INFO  main            d.u.i.k.p.r.p.TestFile    ... finished proof: open goal(s) 
208897     INFO  Test worker     d.u.i.k.p.r.RunAllProofsTestUnit Returning from test comprehensions 
208906     INFO  Test worker     d.u.i.k.p.r.RunAllProofsTestUnit Running test performance 
537        INFO  Timeout watchdog d.u.i.k.p.r.p.ForkedTestFileRunner Timeout watcher launched (2000 secs.) 
570        WARN  main            d.u.i.k.s.ProofSettings   The settings in /home/runner/.key/proof-settings.props are *not* read. 
616        INFO  main            d.u.i.k.p.r.p.TestFile    Now processing file /home/runner/work/key/key/key.core/../key.ui/examples/performance-test/Disjoint(Disjoint__disjoint_08()).JML_operation_contract.0.key 
812        INFO  main            d.u.i.k.p.i.AbstractProblemLoader Loading environment from /home/runner/work/key/key/key.core/../key.ui/examples/performance-test/Disjoint(Disjoint__disjoint_08()).JML_operation_contract.0.key 
837        DEBUG main            d.u.i.k.p.i.AbstractProblemLoader Environment load took 3.34ms 
1178       INFO  main            d.u.i.k.p.i.AbstractProblemLoader Creating init config 
2577       DEBUG main            d.u.i.k.j.TypeConverter   No LDT found for Meta 
2578       DEBUG main            d.u.i.k.j.TypeConverter   No LDT found for Meta 
2582       DEBUG main            d.u.i.k.j.TypeConverter   No LDT found for Meta 
2582       DEBUG main            d.u.i.k.j.TypeConverter   No LDT found for Meta 
4262       DEBUG main            d.u.i.k.j.TypeConverter   No LDT found for JavaBigintExpression 
12706      DEBUG main            d.u.i.k.j.r.ClassPreparationMethodBuilder clPrepBuilder: Inner Class detected. Reject building class initialisation methods. 
24391      DEBUG main            d.u.i.k.p.i.AbstractProblemLoader Init config took 23.21s 
24746      INFO  main            d.u.i.k.p.i.AbstractProblemLoader Replaying proof Disjoint[Disjoint::disjoint_8()].JML operation contract.0 
24865      DEBUG main            d.u.i.k.p.i.IntermediateProofReplayer Proof replay took 555.6ns 
29042      INFO  main            d.u.i.k.p.r.p.TestFile    ... finished proof: closed. 
29419      INFO  main            d.u.i.k.p.i.AbstractProblemLoader Loading environment from /home/runner/work/key/key/key.core/../key.ui/examples/performance-test/Disjoint(Disjoint__disjoint_08()).JML_operation_contract.0.key.proof 
29419      DEBUG main            d.u.i.k.p.i.AbstractProblemLoader Environment load took 262.4ns 
29425      INFO  main            d.u.i.k.p.i.AbstractProblemLoader Creating init config 
34082      DEBUG main            d.u.i.k.j.r.ClassPreparationMethodBuilder clPrepBuilder: Inner Class detected. Reject building class initialisation methods. 
44406      DEBUG main            d.u.i.k.p.i.AbstractProblemLoader Init config took 14.98s 
44588      INFO  main            d.u.i.k.p.i.AbstractProblemLoader Replaying proof Disjoint[Disjoint::disjoint_8()].JML operation contract.0 
45108      DEBUG main            d.u.i.k.p.i.IntermediateProofReplayer Proof replay took 504.92ms 
45120      DEBUG main            d.u.i.k.p.r.p.TestFile    ... success: reloaded. 
45123      INFO  main            d.u.i.k.p.r.p.TestFile    Now processing file /home/runner/work/key/key/key.core/../key.ui/examples/performance-test/Disjoint(Disjoint__disjoint2_08()).JML_operation_contract.0.key 
45124      INFO  main            d.u.i.k.p.i.AbstractProblemLoader Loading environment from /home/runner/work/key/key/key.core/../key.ui/examples/performance-test/Disjoint(Disjoint__disjoint2_08()).JML_operation_contract.0.key 
45124      DEBUG main            d.u.i.k.p.i.AbstractProblemLoader Environment load took 397.7ns 
45126      INFO  main            d.u.i.k.p.i.AbstractProblemLoader Creating init config 
49835      DEBUG main            d.u.i.k.j.r.ClassPreparationMethodBuilder clPrepBuilder: Inner Class detected. Reject building class initialisation methods. 
59873      DEBUG main            d.u.i.k.p.i.AbstractProblemLoader Init config took 14.75s 
60033      INFO  main            d.u.i.k.p.i.AbstractProblemLoader Replaying proof Disjoint[Disjoint::disjoint2_8()].JML operation contract.0 
60037      DEBUG main            d.u.i.k.p.i.IntermediateProofReplayer Proof replay took 27.7ns 
61678      INFO  main            d.u.i.k.p.r.p.TestFile    ... finished proof: closed. 
62102      INFO  main            d.u.i.k.p.i.AbstractProblemLoader Loading environment from /home/runner/work/key/key/key.core/../key.ui/examples/performance-test/Disjoint(Disjoint__disjoint2_08()).JML_operation_contract.0.key.proof 
62103      DEBUG main            d.u.i.k.p.i.AbstractProblemLoader Environment load took 874.41ns 
62105      INFO  main            d.u.i.k.p.i.AbstractProblemLoader Creating init config 
66495      DEBUG main            d.u.i.k.j.r.ClassPreparationMethodBuilder clPrepBuilder: Inner Class detected. Reject building class initialisation methods. 
76588      DEBUG main            d.u.i.k.p.i.AbstractProblemLoader Init config took 14.48s 
76740      INFO  main            d.u.i.k.p.i.AbstractProblemLoader Replaying proof Disjoint[Disjoint::disjoint2_8()].JML operation contract.0 
76891      DEBUG main            d.u.i.k.p.i.IntermediateProofReplayer Proof replay took 143.5ms 
76897      DEBUG main            d.u.i.k.p.r.p.TestFile    ... success: reloaded. 
76910      INFO  main            d.u.i.k.p.r.p.TestFile    Now processing file /home/runner/work/key/key/key.core/../key.ui/examples/performance-test/AccessChain1(AccessChain1__foo_08()).JML_operation_contract.0.key 
76912      INFO  main            d.u.i.k.p.i.AbstractProblemLoader Loading environment from /home/runner/work/key/key/key.core/../key.ui/examples/performance-test/AccessChain1(AccessChain1__foo_08()).JML_operation_contract.0.key 
76913      DEBUG main            d.u.i.k.p.i.AbstractProblemLoader Environment load took 1.3ms 
76918      INFO  main            d.u.i.k.p.i.AbstractProblemLoader Creating init config 
81358      DEBUG main            d.u.i.k.j.r.ClassPreparationMethodBuilder clPrepBuilder: Inner Class detected. Reject building class initialisation methods. 
91648      DEBUG main            d.u.i.k.p.i.AbstractProblemLoader Init config took 14.73s 
91793      INFO  main            d.u.i.k.p.i.AbstractProblemLoader Replaying proof AccessChain1[AccessChain1::foo_8()].JML operation contract.0 
91795      DEBUG main            d.u.i.k.p.i.IntermediateProofReplayer Proof replay took 14ns 
95931      INFO  main            d.u.i.k.p.r.p.TestFile    ... finished proof: closed. 
96523      INFO  main            d.u.i.k.p.i.AbstractProblemLoader Loading environment from /home/runner/work/key/key/key.core/../key.ui/examples/performance-test/AccessChain1(AccessChain1__foo_08()).JML_operation_contract.0.key.proof 
96528      DEBUG main            d.u.i.k.p.i.AbstractProblemLoader Environment load took 5.33ms 
96536      INFO  main            d.u.i.k.p.i.AbstractProblemLoader Creating init config 
100868     DEBUG main            d.u.i.k.j.r.ClassPreparationMethodBuilder clPrepBuilder: Inner Class detected. Reject building class initialisation methods. 
110916     DEBUG main            d.u.i.k.p.i.AbstractProblemLoader Init config took 14.38s 
111074     INFO  main            d.u.i.k.p.i.AbstractProblemLoader Replaying proof AccessChain1[AccessChain1::foo_8()].JML operation contract.0 
111791     DEBUG main            d.u.i.k.p.i.IntermediateProofReplayer Proof replay took 698.29ms 
111796     DEBUG main            d.u.i.k.p.r.p.TestFile    ... success: reloaded. 
111799     INFO  main            d.u.i.k.p.r.p.TestFile    Now processing file /home/runner/work/key/key/key.core/../key.ui/examples/performance-test/AccessChain4(AccessChain4__foo_08()).JML_operation_contract.0.key 
111800     INFO  main            d.u.i.k.p.i.AbstractProblemLoader Loading environment from /home/runner/work/key/key/key.core/../key.ui/examples/performance-test/AccessChain4(AccessChain4__foo_08()).JML_operation_contract.0.key 
111800     DEBUG main            d.u.i.k.p.i.AbstractProblemLoader Environment load took 182.9ns 
111803     INFO  main            d.u.i.k.p.i.AbstractProblemLoader Creating init config 
116159     DEBUG main            d.u.i.k.j.r.ClassPreparationMethodBuilder clPrepBuilder: Inner Class detected. Reject building class initialisation methods. 
126169     DEBUG main            d.u.i.k.p.i.AbstractProblemLoader Init config took 14.37s 
126314     INFO  main            d.u.i.k.p.i.AbstractProblemLoader Replaying proof AccessChain4[AccessChain4::foo_8()].JML operation contract.0 
126317     DEBUG main            d.u.i.k.p.i.IntermediateProofReplayer Proof replay took 30.9ns 
136481     INFO  main            d.u.i.k.p.r.p.TestFile    ... finished proof: closed. 
137023     INFO  main            d.u.i.k.p.i.AbstractProblemLoader Loading environment from /home/runner/work/key/key/key.core/../key.ui/examples/performance-test/AccessChain4(AccessChain4__foo_08()).JML_operation_contract.0.key.proof 
137023     DEBUG main            d.u.i.k.p.i.AbstractProblemLoader Environment load took 177.1ns 
137030     INFO  main            d.u.i.k.p.i.AbstractProblemLoader Creating init config 
141241     DEBUG main            d.u.i.k.j.r.ClassPreparationMethodBuilder clPrepBuilder: Inner Class detected. Reject building class initialisation methods. 
151401     DEBUG main            d.u.i.k.p.i.AbstractProblemLoader Init config took 14.37s 
151593     INFO  main            d.u.i.k.p.i.AbstractProblemLoader Replaying proof AccessChain4[AccessChain4::foo_8()].JML operation contract.0 
152789     DEBUG main            d.u.i.k.p.i.IntermediateProofReplayer Proof replay took 1.16s 
152795     DEBUG main            d.u.i.k.p.r.p.TestFile    ... success: reloaded. 
152802     INFO  main            d.u.i.k.p.r.p.TestFile    Now processing file /home/runner/work/key/key/key.core/../key.ui/examples/performance-test/Disjoint(Disjoint__xZero_08()).JML_operation_contract.0.key 
152802     INFO  main            d.u.i.k.p.i.AbstractProblemLoader Loading environment from /home/runner/work/key/key/key.core/../key.ui/examples/performance-test/Disjoint(Disjoint__xZero_08()).JML_operation_contract.0.key 
152808     DEBUG main            d.u.i.k.p.i.AbstractProblemLoader Environment load took 5.25ms 
152809     INFO  main            d.u.i.k.p.i.AbstractProblemLoader Creating init config 
157393     DEBUG main            d.u.i.k.j.r.ClassPreparationMethodBuilder clPrepBuilder: Inner Class detected. Reject building class initialisation methods. 
167729     DEBUG main            d.u.i.k.p.i.AbstractProblemLoader Init config took 14.92s 
167870     INFO  main            d.u.i.k.p.i.AbstractProblemLoader Replaying proof Disjoint[Disjoint::xZero_8()].JML operation contract.0 
167872     DEBUG main            d.u.i.k.p.i.IntermediateProofReplayer Proof replay took 14.6ns 
169495     INFO  main            d.u.i.k.p.r.p.TestFile    ... finished proof: closed. 
170009     INFO  main            d.u.i.k.p.i.AbstractProblemLoader Loading environment from /home/runner/work/key/key/key.core/../key.ui/examples/performance-test/Disjoint(Disjoint__xZero_08()).JML_operation_contract.0.key.proof 
170009     DEBUG main            d.u.i.k.p.i.AbstractProblemLoader Environment load took 316.6ns 
170011     INFO  main            d.u.i.k.p.i.AbstractProblemLoader Creating init config 
174342     DEBUG main            d.u.i.k.j.r.ClassPreparationMethodBuilder clPrepBuilder: Inner Class detected. Reject building class initialisation methods. 
184228     DEBUG main            d.u.i.k.p.i.AbstractProblemLoader Init config took 14.22s 
184364     INFO  main            d.u.i.k.p.i.AbstractProblemLoader Replaying proof Disjoint[Disjoint::xZero_8()].JML operation contract.0 
184651     DEBUG main            d.u.i.k.p.i.IntermediateProofReplayer Proof replay took 276.74ms 
184652     DEBUG main            d.u.i.k.p.r.p.TestFile    ... success: reloaded. 
184655     INFO  main            d.u.i.k.p.r.p.TestFile    Now processing file /home/runner/work/key/key/key.core/../key.ui/examples/performance-test/Dynamic(Dynamic__foo_08()).JML_operation_contract.0.key 
184655     INFO  main            d.u.i.k.p.i.AbstractProblemLoader Loading environment from /home/runner/work/key/key/key.core/../key.ui/examples/performance-test/Dynamic(Dynamic__foo_08()).JML_operation_contract.0.key 
184655     DEBUG main            d.u.i.k.p.i.AbstractProblemLoader Environment load took 143.3ns 
184656     INFO  main            d.u.i.k.p.i.AbstractProblemLoader Creating init config 
189014     DEBUG main            d.u.i.k.j.r.ClassPreparationMethodBuilder clPrepBuilder: Inner Class detected. Reject building class initialisation methods. 
198960     DEBUG main            d.u.i.k.p.i.AbstractProblemLoader Init config took 14.3s 
199088     INFO  main            d.u.i.k.p.i.AbstractProblemLoader Replaying proof Dynamic[Dynamic::foo_8()].JML operation contract.0 
199091     DEBUG main            d.u.i.k.p.i.IntermediateProofReplayer Proof replay took 13.8ns 
207874     INFO  main            d.u.i.k.p.r.p.TestFile    ... finished proof: closed. 
208429     INFO  main            d.u.i.k.p.i.AbstractProblemLoader Loading environment from /home/runner/work/key/key/key.core/../key.ui/examples/performance-test/Dynamic(Dynamic__foo_08()).JML_operation_contract.0.key.proof 
208429     DEBUG main            d.u.i.k.p.i.AbstractProblemLoader Environment load took 341.3ns 
208433     INFO  main            d.u.i.k.p.i.AbstractProblemLoader Creating init config 
212526     DEBUG main            d.u.i.k.j.r.ClassPreparationMethodBuilder clPrepBuilder: Inner Class detected. Reject building class initialisation methods. 
222340     DEBUG main            d.u.i.k.p.i.AbstractProblemLoader Init config took 13.91s 
222475     INFO  main            d.u.i.k.p.i.AbstractProblemLoader Replaying proof Dynamic[Dynamic::foo_8()].JML operation contract.0 
223190     DEBUG main            d.u.i.k.p.i.IntermediateProofReplayer Proof replay took 685.18ms 
223193     DEBUG main            d.u.i.k.p.r.p.TestFile    ... success: reloaded. 
223195     INFO  main            d.u.i.k.p.r.p.TestFile    Now processing file /home/runner/work/key/key/key.core/../key.ui/examples/performance-test/DynamicGhost(DynamicGhost__dynamicGhost_08()).JML_normal_behavior_operation_contract.0.key 
223196     INFO  main            d.u.i.k.p.i.AbstractProblemLoader Loading environment from /home/runner/work/key/key/key.core/../key.ui/examples/performance-test/DynamicGhost(DynamicGhost__dynamicGhost_08()).JML_normal_behavior_operation_contract.0.key 
223196     DEBUG main            d.u.i.k.p.i.AbstractProblemLoader Environment load took 152.6ns 
223197     INFO  main            d.u.i.k.p.i.AbstractProblemLoader Creating init config 
227438     DEBUG main            d.u.i.k.j.r.ClassPreparationMethodBuilder clPrepBuilder: Inner Class detected. Reject building class initialisation methods. 
237223     DEBUG main            d.u.i.k.p.i.AbstractProblemLoader Init config took 14.03s 
237372     INFO  main            d.u.i.k.p.i.AbstractProblemLoader Replaying proof DynamicGhost[DynamicGhost::dynamicGhost_8()].JML normal_behavior operation contract.0 
237375     DEBUG main            d.u.i.k.p.i.IntermediateProofReplayer Proof replay took 16.1ns 
244422     INFO  main            d.u.i.k.p.r.p.TestFile    ... finished proof: closed. 
245015     INFO  main            d.u.i.k.p.i.AbstractProblemLoader Loading environment from /home/runner/work/key/key/key.core/../key.ui/examples/performance-test/DynamicGhost(DynamicGhost__dynamicGhost_08()).JML_normal_behavior_operation_contract.0.key.proof 
245016     DEBUG main            d.u.i.k.p.i.AbstractProblemLoader Environment load took 883.4ns 
245019     INFO  main            d.u.i.k.p.i.AbstractProblemLoader Creating init config 
249173     DEBUG main            d.u.i.k.j.r.ClassPreparationMethodBuilder clPrepBuilder: Inner Class detected. Reject building class initialisation methods. 
259084     DEBUG main            d.u.i.k.p.i.AbstractProblemLoader Init config took 14.07s 
259218     INFO  main            d.u.i.k.p.i.AbstractProblemLoader Replaying proof DynamicGhost[DynamicGhost::dynamicGhost_8()].JML normal_behavior operation contract.0 
259982     DEBUG main            d.u.i.k.p.i.IntermediateProofReplayer Proof replay took 701.34ms 
259986     DEBUG main            d.u.i.k.p.r.p.TestFile    ... success: reloaded. 
259988     INFO  main            d.u.i.k.p.r.p.TestFile    Now processing file /home/runner/work/key/key/key.core/../key.ui/examples/performance-test/GhostFrame(GhostFrame__foo_08()).JML_operation_contract.0.key 
259989     INFO  main            d.u.i.k.p.i.AbstractProblemLoader Loading environment from /home/runner/work/key/key/key.core/../key.ui/examples/performance-test/GhostFrame(GhostFrame__foo_08()).JML_operation_contract.0.key 
259992     DEBUG main            d.u.i.k.p.i.AbstractProblemLoader Environment load took 3.11ms 
259995     INFO  main            d.u.i.k.p.i.AbstractProblemLoader Creating init config 
264269     DEBUG main            d.u.i.k.j.r.ClassPreparationMethodBuilder clPrepBuilder: Inner Class detected. Reject building class initialisation methods. 
274240     DEBUG main            d.u.i.k.p.i.AbstractProblemLoader Init config took 14.25s 
274373     INFO  main            d.u.i.k.p.i.AbstractProblemLoader Replaying proof GhostFrame[GhostFrame::foo_8()].JML operation contract.0 
274375     DEBUG main            d.u.i.k.p.i.IntermediateProofReplayer Proof replay took 16.6ns 
277449     INFO  main            d.u.i.k.p.r.p.TestFile    ... finished proof: closed. 
278083     INFO  main            d.u.i.k.p.i.AbstractProblemLoader Loading environment from /home/runner/work/key/key/key.core/../key.ui/examples/performance-test/GhostFrame(GhostFrame__foo_08()).JML_operation_contract.0.key.proof 
278084     DEBUG main            d.u.i.k.p.i.AbstractProblemLoader Environment load took 840.1ns 
278094     INFO  main            d.u.i.k.p.i.AbstractProblemLoader Creating init config 
282175     DEBUG main            d.u.i.k.j.r.ClassPreparationMethodBuilder clPrepBuilder: Inner Class detected. Reject building class initialisation methods. 
291737     DEBUG main            d.u.i.k.p.i.AbstractProblemLoader Init config took 13.64s 
291863     INFO  main            d.u.i.k.p.i.AbstractProblemLoader Replaying proof GhostFrame[GhostFrame::foo_8()].JML operation contract.0 
292275     DEBUG main            d.u.i.k.p.i.IntermediateProofReplayer Proof replay took 398.98ms 
292277     DEBUG main            d.u.i.k.p.r.p.TestFile    ... success: reloaded. 
292279     INFO  main            d.u.i.k.p.r.p.TestFile    Now processing file /home/runner/work/key/key/key.core/../key.ui/examples/performance-test/Modelfield(Modelfield__foo_08()).JML_operation_contract.0.key 
292280     INFO  main            d.u.i.k.p.i.AbstractProblemLoader Loading environment from /home/runner/work/key/key/key.core/../key.ui/examples/performance-test/Modelfield(Modelfield__foo_08()).JML_operation_contract.0.key 
292280     DEBUG main            d.u.i.k.p.i.AbstractProblemLoader Environment load took 227ns 
292281     INFO  main            d.u.i.k.p.i.AbstractProblemLoader Creating init config 
296415     DEBUG main            d.u.i.k.j.r.ClassPreparationMethodBuilder clPrepBuilder: Inner Class detected. Reject building class initialisation methods. 
306037     DEBUG main            d.u.i.k.p.i.AbstractProblemLoader Init config took 13.76s 
306173     INFO  main            d.u.i.k.p.i.AbstractProblemLoader Replaying proof Modelfield[Modelfield::foo_8()].JML operation contract.0 
306175     DEBUG main            d.u.i.k.p.i.IntermediateProofReplayer Proof replay took 6.8ns 
311102     INFO  main            d.u.i.k.p.r.p.TestFile    ... finished proof: closed. 
311712     INFO  main            d.u.i.k.p.i.AbstractProblemLoader Loading environment from /home/runner/work/key/key/key.core/../key.ui/examples/performance-test/Modelfield(Modelfield__foo_08()).JML_operation_contract.0.key.proof 
311713     DEBUG main            d.u.i.k.p.i.AbstractProblemLoader Environment load took 1.26ms 
311723     INFO  main            d.u.i.k.p.i.AbstractProblemLoader Creating init config 
315677     DEBUG main            d.u.i.k.j.r.ClassPreparationMethodBuilder clPrepBuilder: Inner Class detected. Reject building class initialisation methods. 
325242     DEBUG main            d.u.i.k.p.i.AbstractProblemLoader Init config took 13.52s 
325411     INFO  main            d.u.i.k.p.i.AbstractProblemLoader Replaying proof Modelfield[Modelfield::foo_8()].JML operation contract.0 
325878     DEBUG main            d.u.i.k.p.i.IntermediateProofReplayer Proof replay took 450.44ms 
325880     DEBUG main            d.u.i.k.p.r.p.TestFile    ... success: reloaded. 
535047     INFO  Test worker     d.u.i.k.p.r.RunAllProofsTestUnit Returning from test performance 
535049     INFO  Test worker     d.u.i.k.p.r.RunAllProofsTestUnit Running test performancePOConstruction 
506        INFO  Timeout watchdog d.u.i.k.p.r.p.ForkedTestFileRunner Timeout watcher launched (2000 secs.) 
524        WARN  main            d.u.i.k.s.ProofSettings   The settings in /home/runner/.key/proof-settings.props are *not* read. 
572        INFO  main            d.u.i.k.p.r.p.TestFile    Now processing file /home/runner/work/key/key/key.core/../key.ui/examples/performance-test/Test(Test__a0(int)).JML_normal_behavior_operation_contract.0.key 
716        INFO  main            d.u.i.k.p.i.AbstractProblemLoader Loading environment from /home/runner/work/key/key/key.core/../key.ui/examples/performance-test/Test(Test__a0(int)).JML_normal_behavior_operation_contract.0.key 
739        DEBUG main            d.u.i.k.p.i.AbstractProblemLoader Environment load took 2.81ms 
1077       INFO  main            d.u.i.k.p.i.AbstractProblemLoader Creating init config 
2367       DEBUG main            d.u.i.k.j.TypeConverter   No LDT found for Meta 
2368       DEBUG main            d.u.i.k.j.TypeConverter   No LDT found for Meta 
2369       DEBUG main            d.u.i.k.j.TypeConverter   No LDT found for Meta 
2370       DEBUG main            d.u.i.k.j.TypeConverter   No LDT found for Meta 
4606       DEBUG main            d.u.i.k.j.TypeConverter   No LDT found for JavaBigintExpression 
13077      DEBUG main            d.u.i.k.j.r.ClassPreparationMethodBuilder clPrepBuilder: Inner Class detected. Reject building class initialisation methods. 
25551      DEBUG main            d.u.i.k.p.i.AbstractProblemLoader Init config took 24.47s 
27266      INFO  main            d.u.i.k.p.i.AbstractProblemLoader Replaying proof Test[Test::a0(int)].JML normal_behavior operation contract.0 
27395      DEBUG main            d.u.i.k.p.i.IntermediateProofReplayer Proof replay took 40.6ns 
27876      INFO  main            d.u.i.k.p.r.p.TestFile    ... finished proof: closed. 
28143      INFO  main            d.u.i.k.p.i.AbstractProblemLoader Loading environment from /home/runner/work/key/key/key.core/../key.ui/examples/performance-test/Test(Test__a0(int)).JML_normal_behavior_operation_contract.0.key.proof 
28147      DEBUG main            d.u.i.k.p.i.AbstractProblemLoader Environment load took 4.59ms 
28150      INFO  main            d.u.i.k.p.i.AbstractProblemLoader Creating init config 
32844      DEBUG main            d.u.i.k.j.r.ClassPreparationMethodBuilder clPrepBuilder: Inner Class detected. Reject building class initialisation methods. 
43429      DEBUG main            d.u.i.k.p.i.AbstractProblemLoader Init config took 15.28s 
44897      INFO  main            d.u.i.k.p.i.AbstractProblemLoader Replaying proof Test[Test::a0(int)].JML normal_behavior operation contract.0 
44931      DEBUG main            d.u.i.k.p.i.IntermediateProofReplayer Proof replay took 27.63ms 
44946      DEBUG main            d.u.i.k.p.r.p.TestFile    ... success: reloaded. 
44950      INFO  main            d.u.i.k.p.r.p.TestFile    Now processing file /home/runner/work/key/key/key.core/../key.ui/examples/performance-test/Test(Test__a1(int)).JML_normal_behavior_operation_contract.0.key 
44951      INFO  main            d.u.i.k.p.i.AbstractProblemLoader Loading environment from /home/runner/work/key/key/key.core/../key.ui/examples/performance-test/Test(Test__a1(int)).JML_normal_behavior_operation_contract.0.key 
44951      DEBUG main            d.u.i.k.p.i.AbstractProblemLoader Environment load took 346.1ns 
44954      INFO  main            d.u.i.k.p.i.AbstractProblemLoader Creating init config 
49485      DEBUG main            d.u.i.k.j.r.ClassPreparationMethodBuilder clPrepBuilder: Inner Class detected. Reject building class initialisation methods. 
59674      DEBUG main            d.u.i.k.p.i.AbstractProblemLoader Init config took 14.72s 
61057      INFO  main            d.u.i.k.p.i.AbstractProblemLoader Replaying proof Test[Test::a1(int)].JML normal_behavior operation contract.0 
61062      DEBUG main            d.u.i.k.p.i.IntermediateProofReplayer Proof replay took 7.5ns 
61680      INFO  main            d.u.i.k.p.r.p.TestFile    ... finished proof: closed. 
62130      INFO  main            d.u.i.k.p.i.AbstractProblemLoader Loading environment from /home/runner/work/key/key/key.core/../key.ui/examples/performance-test/Test(Test__a1(int)).JML_normal_behavior_operation_contract.0.key.proof 
62133      DEBUG main            d.u.i.k.p.i.AbstractProblemLoader Environment load took 2.98ms 
62135      INFO  main            d.u.i.k.p.i.AbstractProblemLoader Creating init config 
66586      DEBUG main            d.u.i.k.j.r.ClassPreparationMethodBuilder clPrepBuilder: Inner Class detected. Reject building class initialisation methods. 
76655      DEBUG main            d.u.i.k.p.i.AbstractProblemLoader Init config took 14.52s 
77974      INFO  main            d.u.i.k.p.i.AbstractProblemLoader Replaying proof Test[Test::a1(int)].JML normal_behavior operation contract.0 
78058      DEBUG main            d.u.i.k.p.i.IntermediateProofReplayer Proof replay took 77.99ms 
78061      DEBUG main            d.u.i.k.p.r.p.TestFile    ... success: reloaded. 
78063      INFO  main            d.u.i.k.p.r.p.TestFile    Now processing file /home/runner/work/key/key/key.core/../key.ui/examples/performance-test/Test(Test__f1(int)).JML_normal_behavior_operation_contract.0.key 
78075      INFO  main            d.u.i.k.p.i.AbstractProblemLoader Loading environment from /home/runner/work/key/key/key.core/../key.ui/examples/performance-test/Test(Test__f1(int)).JML_normal_behavior_operation_contract.0.key 
78076      DEBUG main            d.u.i.k.p.i.AbstractProblemLoader Environment load took 514.2ns 
78079      INFO  main            d.u.i.k.p.i.AbstractProblemLoader Creating init config 
82409      DEBUG main            d.u.i.k.j.r.ClassPreparationMethodBuilder clPrepBuilder: Inner Class detected. Reject building class initialisation methods. 
92150      DEBUG main            d.u.i.k.p.i.AbstractProblemLoader Init config took 14.07s 
93496      INFO  main            d.u.i.k.p.i.AbstractProblemLoader Replaying proof Test[Test::f1(int)].JML normal_behavior operation contract.0 
93498      DEBUG main            d.u.i.k.p.i.IntermediateProofReplayer Proof replay took 7.2ns 
93906      INFO  main            d.u.i.k.p.r.p.TestFile    ... finished proof: closed. 
94354      INFO  main            d.u.i.k.p.i.AbstractProblemLoader Loading environment from /home/runner/work/key/key/key.core/../key.ui/examples/performance-test/Test(Test__f1(int)).JML_normal_behavior_operation_contract.0.key.proof 
94355      DEBUG main            d.u.i.k.p.i.AbstractProblemLoader Environment load took 870.9ns 
94357      INFO  main            d.u.i.k.p.i.AbstractProblemLoader Creating init config 
98710      DEBUG main            d.u.i.k.j.r.ClassPreparationMethodBuilder clPrepBuilder: Inner Class detected. Reject building class initialisation methods. 
108628     DEBUG main            d.u.i.k.p.i.AbstractProblemLoader Init config took 14.27s 
109962     INFO  main            d.u.i.k.p.i.AbstractProblemLoader Replaying proof Test[Test::f1(int)].JML normal_behavior operation contract.0 
110060     DEBUG main            d.u.i.k.p.i.IntermediateProofReplayer Proof replay took 93.73ms 
110062     DEBUG main            d.u.i.k.p.r.p.TestFile    ... success: reloaded. 
645338     INFO  Test worker     d.u.i.k.p.r.RunAllProofsTestUnit Returning from test performancePOConstruction 
645339     INFO  Test worker     d.u.i.k.p.r.RunAllProofsTestUnit Running test applicationRestrictions 
523        INFO  Timeout watchdog d.u.i.k.p.r.p.ForkedTestFileRunner Timeout watcher launched (2000 secs.) 
547        WARN  main            d.u.i.k.s.ProofSettings   The settings in /home/runner/.key/proof-settings.props are *not* read. 
594        INFO  main            d.u.i.k.p.r.p.TestFile    Now processing file /home/runner/work/key/key/key.core/../key.ui/examples/heap/polarity_tests/wellformed1.key 
743        INFO  main            d.u.i.k.p.i.AbstractProblemLoader Loading environment from /home/runner/work/key/key/key.core/../key.ui/examples/heap/polarity_tests/wellformed1.key 
767        DEBUG main            d.u.i.k.p.i.AbstractProblemLoader Environment load took 2.78ms 
1135       INFO  main            d.u.i.k.p.i.AbstractProblemLoader Creating init config 
2328       DEBUG main            d.u.i.k.j.TypeConverter   No LDT found for Meta 
2329       DEBUG main            d.u.i.k.j.TypeConverter   No LDT found for Meta 
2331       DEBUG main            d.u.i.k.j.TypeConverter   No LDT found for Meta 
2331       DEBUG main            d.u.i.k.j.TypeConverter   No LDT found for Meta 
4928       DEBUG main            d.u.i.k.j.TypeConverter   No LDT found for JavaBigintExpression 
11775      DEBUG main            d.u.i.k.p.i.AbstractProblemLoader Init config took 10.64s 
11879      INFO  main            d.u.i.k.p.i.AbstractProblemLoader Replaying proof wellformed1.key 
11932      DEBUG main            d.u.i.k.p.i.IntermediateProofReplayer Proof replay took 114.4ns 
12097      INFO  main            d.u.i.k.p.r.p.TestFile    ... finished proof: closed. 
12213      INFO  main            d.u.i.k.p.i.AbstractProblemLoader Loading environment from /home/runner/work/key/key/key.core/../key.ui/examples/heap/polarity_tests/wellformed1.key.proof 
12214      DEBUG main            d.u.i.k.p.i.AbstractProblemLoader Environment load took 681.9ns 
12219      INFO  main            d.u.i.k.p.i.AbstractProblemLoader Creating init config 
16225      DEBUG main            d.u.i.k.p.i.AbstractProblemLoader Init config took 4.01s 
16286      INFO  main            d.u.i.k.p.i.AbstractProblemLoader Replaying proof wellformed1.key.proof 
16299      DEBUG main            d.u.i.k.p.i.IntermediateProofReplayer Proof replay took 4.5ms 
16318      DEBUG main            d.u.i.k.p.r.p.TestFile    ... success: reloaded. 
16323      INFO  main            d.u.i.k.p.r.p.TestFile    Now processing file /home/runner/work/key/key/key.core/../key.ui/examples/heap/polarity_tests/wellformed2.key 
16323      INFO  main            d.u.i.k.p.i.AbstractProblemLoader Loading environment from /home/runner/work/key/key/key.core/../key.ui/examples/heap/polarity_tests/wellformed2.key 
16324      DEBUG main            d.u.i.k.p.i.AbstractProblemLoader Environment load took 786.5ns 
16329      INFO  main            d.u.i.k.p.i.AbstractProblemLoader Creating init config 
20099      DEBUG main            d.u.i.k.p.i.AbstractProblemLoader Init config took 3.77s 
20136      INFO  main            d.u.i.k.p.i.AbstractProblemLoader Replaying proof wellformed2.key 
20139      DEBUG main            d.u.i.k.p.i.IntermediateProofReplayer Proof replay took 8ns 
20246      INFO  main            d.u.i.k.p.r.p.TestFile    ... finished proof: open goal(s) 
20409      INFO  main            d.u.i.k.p.r.p.TestFile    Now processing file /home/runner/work/key/key/key.core/../key.ui/examples/heap/polarity_tests/wellformed3.key 
20410      INFO  main            d.u.i.k.p.i.AbstractProblemLoader Loading environment from /home/runner/work/key/key/key.core/../key.ui/examples/heap/polarity_tests/wellformed3.key 
20410      DEBUG main            d.u.i.k.p.i.AbstractProblemLoader Environment load took 92.3ns 
20411      INFO  main            d.u.i.k.p.i.AbstractProblemLoader Creating init config 
23868      DEBUG main            d.u.i.k.p.i.AbstractProblemLoader Init config took 3.46s 
23900      INFO  main            d.u.i.k.p.i.AbstractProblemLoader Replaying proof wellformed3.key 
23903      DEBUG main            d.u.i.k.p.i.IntermediateProofReplayer Proof replay took 7.1ns 
24007      INFO  main            d.u.i.k.p.r.p.TestFile    ... finished proof: closed. 
24144      INFO  main            d.u.i.k.p.i.AbstractProblemLoader Loading environment from /home/runner/work/key/key/key.core/../key.ui/examples/heap/polarity_tests/wellformed3.key.proof 
24145      DEBUG main            d.u.i.k.p.i.AbstractProblemLoader Environment load took 606ns 
24147      INFO  main            d.u.i.k.p.i.AbstractProblemLoader Creating init config 
27710      DEBUG main            d.u.i.k.p.i.AbstractProblemLoader Init config took 3.56s 
27741      INFO  main            d.u.i.k.p.i.AbstractProblemLoader Replaying proof wellformed3.key.proof 
27753      DEBUG main            d.u.i.k.p.i.IntermediateProofReplayer Proof replay took 6.58ms 
27755      DEBUG main            d.u.i.k.p.r.p.TestFile    ... success: reloaded. 
27756      INFO  main            d.u.i.k.p.r.p.TestFile    Now processing file /home/runner/work/key/key/key.core/../key.ui/examples/heap/polarity_tests/wellformed4.key 
27757      INFO  main            d.u.i.k.p.i.AbstractProblemLoader Loading environment from /home/runner/work/key/key/key.core/../key.ui/examples/heap/polarity_tests/wellformed4.key 
27757      DEBUG main            d.u.i.k.p.i.AbstractProblemLoader Environment load took 133.6ns 
27761      INFO  main            d.u.i.k.p.i.AbstractProblemLoader Creating init config 
31119      DEBUG main            d.u.i.k.p.i.AbstractProblemLoader Init config took 3.36s 
31144      INFO  main            d.u.i.k.p.i.AbstractProblemLoader Replaying proof wellformed4.key 
31146      DEBUG main            d.u.i.k.p.i.IntermediateProofReplayer Proof replay took 6.8ns 
31250      INFO  main            d.u.i.k.p.r.p.TestFile    ... finished proof: open goal(s) 
31426      INFO  main            d.u.i.k.p.r.p.TestFile    Now processing file /home/runner/work/key/key/key.core/../key.ui/examples/heap/polarity_tests/wellformed5.key 
31426      INFO  main            d.u.i.k.p.i.AbstractProblemLoader Loading environment from /home/runner/work/key/key/key.core/../key.ui/examples/heap/polarity_tests/wellformed5.key 
31427      DEBUG main            d.u.i.k.p.i.AbstractProblemLoader Environment load took 81.2ns 
31429      INFO  main            d.u.i.k.p.i.AbstractProblemLoader Creating init config 
34888      DEBUG main            d.u.i.k.p.i.AbstractProblemLoader Init config took 3.46s 
34914      INFO  main            d.u.i.k.p.i.AbstractProblemLoader Replaying proof wellformed5.key 
34916      DEBUG main            d.u.i.k.p.i.IntermediateProofReplayer Proof replay took 7.5ns 
35022      INFO  main            d.u.i.k.p.r.p.TestFile    ... finished proof: closed. 
35188      INFO  main            d.u.i.k.p.i.AbstractProblemLoader Loading environment from /home/runner/work/key/key/key.core/../key.ui/examples/heap/polarity_tests/wellformed5.key.proof 
35188      DEBUG main            d.u.i.k.p.i.AbstractProblemLoader Environment load took 144.4ns 
35190      INFO  main            d.u.i.k.p.i.AbstractProblemLoader Creating init config 
38562      DEBUG main            d.u.i.k.p.i.AbstractProblemLoader Init config took 3.37s 
38586      INFO  main            d.u.i.k.p.i.AbstractProblemLoader Replaying proof wellformed5.key.proof 
38590      DEBUG main            d.u.i.k.p.i.IntermediateProofReplayer Proof replay took 1.23ms 
38591      DEBUG main            d.u.i.k.p.r.p.TestFile    ... success: reloaded. 
38592      INFO  main            d.u.i.k.p.r.p.TestFile    Now processing file /home/runner/work/key/key/key.core/../key.ui/examples/heap/polarity_tests/wellformed6.key 
38593      INFO  main            d.u.i.k.p.i.AbstractProblemLoader Loading environment from /home/runner/work/key/key/key.core/../key.ui/examples/heap/polarity_tests/wellformed6.key 
38594      DEBUG main            d.u.i.k.p.i.AbstractProblemLoader Environment load took 655.5ns 
38597      INFO  main            d.u.i.k.p.i.AbstractProblemLoader Creating init config 
41990      DEBUG main            d.u.i.k.p.i.AbstractProblemLoader Init config took 3.39s 
42012      INFO  main            d.u.i.k.p.i.AbstractProblemLoader Replaying proof wellformed6.key 
42014      DEBUG main            d.u.i.k.p.i.IntermediateProofReplayer Proof replay took 6.6ns 
42118      INFO  main            d.u.i.k.p.r.p.TestFile    ... finished proof: open goal(s) 
42308      INFO  main            d.u.i.k.p.r.p.TestFile    Now processing file /home/runner/work/key/key/key.core/../key.ui/examples/heap/polarity_tests/wellformed7.key 
42308      INFO  main            d.u.i.k.p.i.AbstractProblemLoader Loading environment from /home/runner/work/key/key/key.core/../key.ui/examples/heap/polarity_tests/wellformed7.key 
42308      DEBUG main            d.u.i.k.p.i.AbstractProblemLoader Environment load took 81.3ns 
42309      INFO  main            d.u.i.k.p.i.AbstractProblemLoader Creating init config 
45581      DEBUG main            d.u.i.k.p.i.AbstractProblemLoader Init config took 3.27s 
45604      INFO  main            d.u.i.k.p.i.AbstractProblemLoader Replaying proof wellformed7.key 
45606      DEBUG main            d.u.i.k.p.i.IntermediateProofReplayer Proof replay took 7.2ns 
45710      INFO  main            d.u.i.k.p.r.p.TestFile    ... finished proof: closed. 
45884      INFO  main            d.u.i.k.p.i.AbstractProblemLoader Loading environment from /home/runner/work/key/key/key.core/../key.ui/examples/heap/polarity_tests/wellformed7.key.proof 
45888      DEBUG main            d.u.i.k.p.i.AbstractProblemLoader Environment load took 4.64ms 
45890      INFO  main            d.u.i.k.p.i.AbstractProblemLoader Creating init config 
49186      DEBUG main            d.u.i.k.p.i.AbstractProblemLoader Init config took 3.29s 
49212      INFO  main            d.u.i.k.p.i.AbstractProblemLoader Replaying proof wellformed7.key.proof 
49219      DEBUG main            d.u.i.k.p.i.IntermediateProofReplayer Proof replay took 2.06ms 
49221      DEBUG main            d.u.i.k.p.r.p.TestFile    ... success: reloaded. 
49222      INFO  main            d.u.i.k.p.r.p.TestFile    Now processing file /home/runner/work/key/key/key.core/../key.ui/examples/heap/polarity_tests/wellformed8.key 
49222      INFO  main            d.u.i.k.p.i.AbstractProblemLoader Loading environment from /home/runner/work/key/key/key.core/../key.ui/examples/heap/polarity_tests/wellformed8.key 
49223      DEBUG main            d.u.i.k.p.i.AbstractProblemLoader Environment load took 279.6ns 
49224      INFO  main            d.u.i.k.p.i.AbstractProblemLoader Creating init config 
52550      DEBUG main            d.u.i.k.p.i.AbstractProblemLoader Init config took 3.33s 
52572      INFO  main            d.u.i.k.p.i.AbstractProblemLoader Replaying proof wellformed8.key 
52574      DEBUG main            d.u.i.k.p.i.IntermediateProofReplayer Proof replay took 9.6ns 
52677      INFO  main            d.u.i.k.p.r.p.TestFile    ... finished proof: open goal(s) 
52871      INFO  main            d.u.i.k.p.r.p.TestFile    Now processing file /home/runner/work/key/key/key.core/../key.ui/examples/heap/polarity_tests/wellformed9.key 
52872      INFO  main            d.u.i.k.p.i.AbstractProblemLoader Loading environment from /home/runner/work/key/key/key.core/../key.ui/examples/heap/polarity_tests/wellformed9.key 
52873      DEBUG main            d.u.i.k.p.i.AbstractProblemLoader Environment load took 940.4ns 
52874      INFO  main            d.u.i.k.p.i.AbstractProblemLoader Creating init config 
56247      DEBUG main            d.u.i.k.p.i.AbstractProblemLoader Init config took 3.37s 
56272      INFO  main            d.u.i.k.p.i.AbstractProblemLoader Replaying proof wellformed9.key 
56275      DEBUG main            d.u.i.k.p.i.IntermediateProofReplayer Proof replay took 9.8ns 
56382      INFO  main            d.u.i.k.p.r.p.TestFile    ... finished proof: closed. 
56566      INFO  main            d.u.i.k.p.i.AbstractProblemLoader Loading environment from /home/runner/work/key/key/key.core/../key.ui/examples/heap/polarity_tests/wellformed9.key.proof 
56566      DEBUG main            d.u.i.k.p.i.AbstractProblemLoader Environment load took 143ns 
56568      INFO  main            d.u.i.k.p.i.AbstractProblemLoader Creating init config 
59838      DEBUG main            d.u.i.k.p.i.AbstractProblemLoader Init config took 3.27s 
59860      INFO  main            d.u.i.k.p.i.AbstractProblemLoader Replaying proof wellformed9.key.proof 
59864      DEBUG main            d.u.i.k.p.i.IntermediateProofReplayer Proof replay took 1.86ms 
59865      DEBUG main            d.u.i.k.p.r.p.TestFile    ... success: reloaded. 
59866      INFO  main            d.u.i.k.p.r.p.TestFile    Now processing file /home/runner/work/key/key/key.core/../key.ui/examples/heap/polarity_tests/wellformed10.key 
59867      INFO  main            d.u.i.k.p.i.AbstractProblemLoader Loading environment from /home/runner/work/key/key/key.core/../key.ui/examples/heap/polarity_tests/wellformed10.key 
59867      DEBUG main            d.u.i.k.p.i.AbstractProblemLoader Environment load took 139.4ns 
59868      INFO  main            d.u.i.k.p.i.AbstractProblemLoader Creating init config 
63154      DEBUG main            d.u.i.k.p.i.AbstractProblemLoader Init config took 3.29s 
63177      INFO  main            d.u.i.k.p.i.AbstractProblemLoader Replaying proof wellformed10.key 
63179      DEBUG main            d.u.i.k.p.i.IntermediateProofReplayer Proof replay took 9.3ns 
63282      INFO  main            d.u.i.k.p.r.p.TestFile    ... finished proof: open goal(s) 
63501      INFO  main            d.u.i.k.p.r.p.TestFile    Now processing file /home/runner/work/key/key/key.core/../key.ui/examples/heap/polarity_tests/wellformed11.key 
63501      INFO  main            d.u.i.k.p.i.AbstractProblemLoader Loading environment from /home/runner/work/key/key/key.core/../key.ui/examples/heap/polarity_tests/wellformed11.key 
63501      DEBUG main            d.u.i.k.p.i.AbstractProblemLoader Environment load took 111.1ns 
63503      INFO  main            d.u.i.k.p.i.AbstractProblemLoader Creating init config 
66912      DEBUG main            d.u.i.k.p.i.AbstractProblemLoader Init config took 3.41s 
66936      INFO  main            d.u.i.k.p.i.AbstractProblemLoader Replaying proof wellformed11.key 
66938      DEBUG main            d.u.i.k.p.i.IntermediateProofReplayer Proof replay took 9.1ns 
67042      INFO  main            d.u.i.k.p.r.p.TestFile    ... finished proof: open goal(s) 
712822     INFO  Test worker     d.u.i.k.p.r.RunAllProofsTestUnit Returning from test applicationRestrictions 
712824     INFO  Test worker     d.u.i.k.p.r.RunAllProofsTestUnit Running test blockContracts 
449        INFO  Timeout watchdog d.u.i.k.p.r.p.ForkedTestFileRunner Timeout watcher launched (2000 secs.) 
492        WARN  main            d.u.i.k.s.ProofSettings   The settings in /home/runner/.key/proof-settings.props are *not* read. 
568        INFO  main            d.u.i.k.p.r.p.TestFile    Now processing file /home/runner/work/key/key/key.core/../key.ui/examples/heap/block_contracts/Simple__add.key 
757        INFO  main            d.u.i.k.p.i.AbstractProblemLoader Loading environment from /home/runner/work/key/key/key.core/../key.ui/examples/heap/block_contracts/Simple__add.key 
785        DEBUG main            d.u.i.k.p.i.AbstractProblemLoader Environment load took 2.7ms 
1153       INFO  main            d.u.i.k.p.i.AbstractProblemLoader Creating init config 
2476       DEBUG main            d.u.i.k.j.TypeConverter   No LDT found for Meta 
2478       DEBUG main            d.u.i.k.j.TypeConverter   No LDT found for Meta 
2482       DEBUG main            d.u.i.k.j.TypeConverter   No LDT found for Meta 
2482       DEBUG main            d.u.i.k.j.TypeConverter   No LDT found for Meta 
4609       DEBUG main            d.u.i.k.j.TypeConverter   No LDT found for JavaBigintExpression 
12482      DEBUG main            d.u.i.k.p.i.AbstractProblemLoader Init config took 11.33s 
12664      INFO  main            d.u.i.k.p.i.AbstractProblemLoader Replaying proof Simple[Simple::add(int,int)].JML operation contract.0 
12777      DEBUG main            d.u.i.k.p.i.IntermediateProofReplayer Proof replay took 468.8ns 
13914      INFO  main            d.u.i.k.p.r.p.TestFile    ... finished proof: closed. 
14064      INFO  main            d.u.i.k.p.i.AbstractProblemLoader Loading environment from /home/runner/work/key/key/key.core/../key.ui/examples/heap/block_contracts/Simple__add.key.proof 
14066      DEBUG main            d.u.i.k.p.i.AbstractProblemLoader Environment load took 1.27ms 
14071      INFO  main            d.u.i.k.p.i.AbstractProblemLoader Creating init config 
18792      DEBUG main            d.u.i.k.p.i.AbstractProblemLoader Init config took 4.72s 
18904      INFO  main            d.u.i.k.p.i.AbstractProblemLoader Replaying proof Simple[Simple::add(int,int)].JML operation contract.0 
19014      DEBUG main            d.u.i.k.p.i.IntermediateProofReplayer Proof replay took 104.43ms 
19024      DEBUG main            d.u.i.k.p.r.p.TestFile    ... success: reloaded. 
19032      INFO  main            d.u.i.k.p.r.p.TestFile    Now processing file /home/runner/work/key/key/key.core/../key.ui/examples/heap/block_contracts/Simple__addAbsoluteValues.key 
19033      INFO  main            d.u.i.k.p.i.AbstractProblemLoader Loading environment from /home/runner/work/key/key/key.core/../key.ui/examples/heap/block_contracts/Simple__addAbsoluteValues.key 
19033      DEBUG main            d.u.i.k.p.i.AbstractProblemLoader Environment load took 394.7ns 
19038      INFO  main            d.u.i.k.p.i.AbstractProblemLoader Creating init config 
23442      DEBUG main            d.u.i.k.p.i.AbstractProblemLoader Init config took 4.4s 
23530      INFO  main            d.u.i.k.p.i.AbstractProblemLoader Replaying proof Simple[Simple::addAbsoluteValues(int,int)].JML normal_behavior operation contract.0 
23534      DEBUG main            d.u.i.k.p.i.IntermediateProofReplayer Proof replay took 15.6ns 
25065      INFO  main            d.u.i.k.p.r.p.TestFile    ... finished proof: closed. 
25301      INFO  main            d.u.i.k.p.i.AbstractProblemLoader Loading environment from /home/runner/work/key/key/key.core/../key.ui/examples/heap/block_contracts/Simple__addAbsoluteValues.key.proof 
25305      DEBUG main            d.u.i.k.p.i.AbstractProblemLoader Environment load took 4.63ms 
25308      INFO  main            d.u.i.k.p.i.AbstractProblemLoader Creating init config 
29495      DEBUG main            d.u.i.k.p.i.AbstractProblemLoader Init config took 4.19s 
29572      INFO  main            d.u.i.k.p.i.AbstractProblemLoader Replaying proof Simple[Simple::addAbsoluteValues(int,int)].JML normal_behavior operation contract.0 
29858      DEBUG main            d.u.i.k.p.i.IntermediateProofReplayer Proof replay took 274.42ms 
29861      DEBUG main            d.u.i.k.p.r.p.TestFile    ... success: reloaded. 
29864      INFO  main            d.u.i.k.p.r.p.TestFile    Now processing file /home/runner/work/key/key/key.core/../key.ui/examples/heap/block_contracts/Simple__addWithJump.key 
29864      INFO  main            d.u.i.k.p.i.AbstractProblemLoader Loading environment from /home/runner/work/key/key/key.core/../key.ui/examples/heap/block_contracts/Simple__addWithJump.key 
29864      DEBUG main            d.u.i.k.p.i.AbstractProblemLoader Environment load took 190ns 
29866      INFO  main            d.u.i.k.p.i.AbstractProblemLoader Creating init config 
33985      DEBUG main            d.u.i.k.p.i.AbstractProblemLoader Init config took 4.12s 
34051      INFO  main            d.u.i.k.p.i.AbstractProblemLoader Replaying proof Simple[Simple::addWithJump(int,int,int)].JML operation contract.0 
34054      DEBUG main            d.u.i.k.p.i.IntermediateProofReplayer Proof replay took 28.8ns 
34259      INFO  main            d.u.i.k.p.r.p.TestFile    ... finished proof: closed. 
34488      INFO  main            d.u.i.k.p.i.AbstractProblemLoader Loading environment from /home/runner/work/key/key/key.core/../key.ui/examples/heap/block_contracts/Simple__addWithJump.key.proof 
34489      DEBUG main            d.u.i.k.p.i.AbstractProblemLoader Environment load took 639.8ns 
34491      INFO  main            d.u.i.k.p.i.AbstractProblemLoader Creating init config 
38592      DEBUG main            d.u.i.k.p.i.AbstractProblemLoader Init config took 4.1s 
38649      INFO  main            d.u.i.k.p.i.AbstractProblemLoader Replaying proof Simple[Simple::addWithJump(int,int,int)].JML operation contract.0 
38703      DEBUG main            d.u.i.k.p.i.IntermediateProofReplayer Proof replay took 50.42ms 
38704      DEBUG main            d.u.i.k.p.r.p.TestFile    ... success: reloaded. 
38707      INFO  main            d.u.i.k.p.r.p.TestFile    Now processing file /home/runner/work/key/key/key.core/../key.ui/examples/heap/block_contracts/Simple__addWithTwoBlockContracts.key 
38707      INFO  main            d.u.i.k.p.i.AbstractProblemLoader Loading environment from /home/runner/work/key/key/key.core/../key.ui/examples/heap/block_contracts/Simple__addWithTwoBlockContracts.key 
38707      DEBUG main            d.u.i.k.p.i.AbstractProblemLoader Environment load took 428ns 
38709      INFO  main            d.u.i.k.p.i.AbstractProblemLoader Creating init config 
42718      DEBUG main            d.u.i.k.p.i.AbstractProblemLoader Init config took 4.01s 
42775      INFO  main            d.u.i.k.p.i.AbstractProblemLoader Replaying proof Simple[Simple::addWithTwoBlockContracts(int,int,int)].JML operation contract.0 
42778      DEBUG main            d.u.i.k.p.i.IntermediateProofReplayer Proof replay took 12.7ns 
43083      INFO  main            d.u.i.k.p.r.p.TestFile    ... finished proof: closed. 
43342      INFO  main            d.u.i.k.p.i.AbstractProblemLoader Loading environment from /home/runner/work/key/key/key.core/../key.ui/examples/heap/block_contracts/Simple__addWithTwoBlockContracts.key.proof 
43343      DEBUG main            d.u.i.k.p.i.AbstractProblemLoader Environment load took 1.05ms 
43345      INFO  main            d.u.i.k.p.i.AbstractProblemLoader Creating init config 
47565      DEBUG main            d.u.i.k.p.i.AbstractProblemLoader Init config took 4.22s 
47635      INFO  main            d.u.i.k.p.i.AbstractProblemLoader Replaying proof Simple[Simple::addWithTwoBlockContracts(int,int,int)].JML operation contract.0 
47720      DEBUG main            d.u.i.k.p.i.IntermediateProofReplayer Proof replay took 80.22ms 
47722      DEBUG main            d.u.i.k.p.r.p.TestFile    ... success: reloaded. 
47725      INFO  main            d.u.i.k.p.r.p.TestFile    Now processing file /home/runner/work/key/key/key.core/../key.ui/examples/heap/block_contracts/Simple__generateByteArray.key 
47726      INFO  main            d.u.i.k.p.i.AbstractProblemLoader Loading environment from /home/runner/work/key/key/key.core/../key.ui/examples/heap/block_contracts/Simple__generateByteArray.key 
47727      DEBUG main            d.u.i.k.p.i.AbstractProblemLoader Environment load took 944.3ns 
47729      INFO  main            d.u.i.k.p.i.AbstractProblemLoader Creating init config 
51857      DEBUG main            d.u.i.k.p.i.AbstractProblemLoader Init config took 4.13s 
51921      INFO  main            d.u.i.k.p.i.AbstractProblemLoader Replaying proof Simple[Simple::generateByteArray()].JML normal_behavior operation contract.0 
51926      DEBUG main            d.u.i.k.p.i.IntermediateProofReplayer Proof replay took 14.8ns 
54243      INFO  main            d.u.i.k.p.r.p.TestFile    ... finished proof: closed. 
54704      INFO  main            d.u.i.k.p.i.AbstractProblemLoader Loading environment from /home/runner/work/key/key/key.core/../key.ui/examples/heap/block_contracts/Simple__generateByteArray.key.proof 
54705      DEBUG main            d.u.i.k.p.i.AbstractProblemLoader Environment load took 795.2ns 
54707      INFO  main            d.u.i.k.p.i.AbstractProblemLoader Creating init config 
58686      DEBUG main            d.u.i.k.p.i.AbstractProblemLoader Init config took 3.98s 
58754      INFO  main            d.u.i.k.p.i.AbstractProblemLoader Replaying proof Simple[Simple::generateByteArray()].JML normal_behavior operation contract.0 
59062      DEBUG main            d.u.i.k.p.i.IntermediateProofReplayer Proof replay took 293.25ms 
59064      DEBUG main            d.u.i.k.p.r.p.TestFile    ... success: reloaded. 
59065      INFO  main            d.u.i.k.p.r.p.TestFile    Now processing file /home/runner/work/key/key/key.core/../key.ui/examples/heap/block_contracts/Simple__getLength.key 
59066      INFO  main            d.u.i.k.p.i.AbstractProblemLoader Loading environment from /home/runner/work/key/key/key.core/../key.ui/examples/heap/block_contracts/Simple__getLength.key 
59066      DEBUG main            d.u.i.k.p.i.AbstractProblemLoader Environment load took 274.1ns 
59067      INFO  main            d.u.i.k.p.i.AbstractProblemLoader Creating init config 
63208      DEBUG main            d.u.i.k.p.i.AbstractProblemLoader Init config took 4.14s 
63263      INFO  main            d.u.i.k.p.i.AbstractProblemLoader Replaying proof Simple[Simple::getLength()].JML normal_behavior operation contract.0 
63265      DEBUG main            d.u.i.k.p.i.IntermediateProofReplayer Proof replay took 13.1ns 
63369      INFO  main            d.u.i.k.p.r.p.TestFile    ... finished proof: closed. 
63657      INFO  main            d.u.i.k.p.i.AbstractProblemLoader Loading environment from /home/runner/work/key/key/key.core/../key.ui/examples/heap/block_contracts/Simple__getLength.key.proof 
63657      DEBUG main            d.u.i.k.p.i.AbstractProblemLoader Environment load took 166.7ns 
63660      INFO  main            d.u.i.k.p.i.AbstractProblemLoader Creating init config 
67732      DEBUG main            d.u.i.k.p.i.AbstractProblemLoader Init config took 4.07s 
67790      INFO  main            d.u.i.k.p.i.AbstractProblemLoader Replaying proof Simple[Simple::getLength()].JML normal_behavior operation contract.0 
67802      DEBUG main            d.u.i.k.p.i.IntermediateProofReplayer Proof replay took 9.64ms 
67803      DEBUG main            d.u.i.k.p.r.p.TestFile    ... success: reloaded. 
67805      INFO  main            d.u.i.k.p.r.p.TestFile    Now processing file /home/runner/work/key/key/key.core/../key.ui/examples/heap/block_contracts/Simple__square.key 
67805      INFO  main            d.u.i.k.p.i.AbstractProblemLoader Loading environment from /home/runner/work/key/key/key.core/../key.ui/examples/heap/block_contracts/Simple__square.key 
67806      DEBUG main            d.u.i.k.p.i.AbstractProblemLoader Environment load took 216.7ns 
67807      INFO  main            d.u.i.k.p.i.AbstractProblemLoader Creating init config 
71861      DEBUG main            d.u.i.k.p.i.AbstractProblemLoader Init config took 4.05s 
71920      INFO  main            d.u.i.k.p.i.AbstractProblemLoader Replaying proof Simple[Simple::square(int)].JML operation contract.0 
71923      DEBUG main            d.u.i.k.p.i.IntermediateProofReplayer Proof replay took 15.2ns 
72431      INFO  main            d.u.i.k.p.r.p.TestFile    ... finished proof: closed. 
72691      INFO  main            d.u.i.k.p.i.AbstractProblemLoader Loading environment from /home/runner/work/key/key/key.core/../key.ui/examples/heap/block_contracts/Simple__square.key.proof 
72691      DEBUG main            d.u.i.k.p.i.AbstractProblemLoader Environment load took 291ns 
72693      INFO  main            d.u.i.k.p.i.AbstractProblemLoader Creating init config 
76627      DEBUG main            d.u.i.k.p.i.AbstractProblemLoader Init config took 3.93s 
76681      INFO  main            d.u.i.k.p.i.AbstractProblemLoader Replaying proof Simple[Simple::square(int)].JML operation contract.0 
76784      DEBUG main            d.u.i.k.p.i.IntermediateProofReplayer Proof replay took 98.8ms 
76786      DEBUG main            d.u.i.k.p.r.p.TestFile    ... success: reloaded. 
76788      INFO  main            d.u.i.k.p.r.p.TestFile    Now processing file /home/runner/work/key/key/key.core/../key.ui/examples/heap/block_contracts/Simple__unnecessaryBlockContract.key 
76788      INFO  main            d.u.i.k.p.i.AbstractProblemLoader Loading environment from /home/runner/work/key/key/key.core/../key.ui/examples/heap/block_contracts/Simple__unnecessaryBlockContract.key 
76789      DEBUG main            d.u.i.k.p.i.AbstractProblemLoader Environment load took 728.5ns 
76790      INFO  main            d.u.i.k.p.i.AbstractProblemLoader Creating init config 
80992      DEBUG main            d.u.i.k.p.i.AbstractProblemLoader Init config took 4.2s 
81050      INFO  main            d.u.i.k.p.i.AbstractProblemLoader Replaying proof Simple[Simple::unnecessaryBlockContract()].JML operation contract.0 
81052      DEBUG main            d.u.i.k.p.i.IntermediateProofReplayer Proof replay took 16.2ns 
81155      INFO  main            d.u.i.k.p.r.p.TestFile    ... finished proof: closed. 
81450      INFO  main            d.u.i.k.p.i.AbstractProblemLoader Loading environment from /home/runner/work/key/key/key.core/../key.ui/examples/heap/block_contracts/Simple__unnecessaryBlockContract.key.proof 
81450      DEBUG main            d.u.i.k.p.i.AbstractProblemLoader Environment load took 685ns 
81453      INFO  main            d.u.i.k.p.i.AbstractProblemLoader Creating init config 
85429      DEBUG main            d.u.i.k.p.i.AbstractProblemLoader Init config took 3.98s 
85485      INFO  main            d.u.i.k.p.i.AbstractProblemLoader Replaying proof Simple[Simple::unnecessaryBlockContract()].JML operation contract.0 
85512      DEBUG main            d.u.i.k.p.i.IntermediateProofReplayer Proof replay took 24.87ms 
85513      DEBUG main            d.u.i.k.p.r.p.TestFile    ... success: reloaded. 
85515      INFO  main            d.u.i.k.p.r.p.TestFile    Now processing file /home/runner/work/key/key/key.core/../key.ui/examples/heap/block_contracts/Simple__unnecessaryLoopInvariant.key 
85515      INFO  main            d.u.i.k.p.i.AbstractProblemLoader Loading environment from /home/runner/work/key/key/key.core/../key.ui/examples/heap/block_contracts/Simple__unnecessaryLoopInvariant.key 
85515      DEBUG main            d.u.i.k.p.i.AbstractProblemLoader Environment load took 168.2ns 
85517      INFO  main            d.u.i.k.p.i.AbstractProblemLoader Creating init config 
89472      DEBUG main            d.u.i.k.p.i.AbstractProblemLoader Init config took 3.96s 
89526      INFO  main            d.u.i.k.p.i.AbstractProblemLoader Replaying proof Simple[Simple::unnecessaryLoopInvariant()].JML operation contract.0 
89529      DEBUG main            d.u.i.k.p.i.IntermediateProofReplayer Proof replay took 13.9ns 
89634      INFO  main            d.u.i.k.p.r.p.TestFile    ... finished proof: closed. 
89915      INFO  main            d.u.i.k.p.i.AbstractProblemLoader Loading environment from /home/runner/work/key/key/key.core/../key.ui/examples/heap/block_contracts/Simple__unnecessaryLoopInvariant.key.proof 
89915      DEBUG main            d.u.i.k.p.i.AbstractProblemLoader Environment load took 141.6ns 
89920      INFO  main            d.u.i.k.p.i.AbstractProblemLoader Creating init config 
93850      DEBUG main            d.u.i.k.p.i.AbstractProblemLoader Init config took 3.93s 
93919      INFO  main            d.u.i.k.p.i.AbstractProblemLoader Replaying proof Simple[Simple::unnecessaryLoopInvariant()].JML operation contract.0 
93934      DEBUG main            d.u.i.k.p.i.IntermediateProofReplayer Proof replay took 12.28ms 
93935      DEBUG main            d.u.i.k.p.r.p.TestFile    ... success: reloaded. 
93937      INFO  main            d.u.i.k.p.r.p.TestFile    Now processing file /home/runner/work/key/key/key.core/../key.ui/examples/standard_key/java_dl/jml-assert/assert.key 
93938      INFO  main            d.u.i.k.p.i.AbstractProblemLoader Loading environment from /home/runner/work/key/key/key.core/../key.ui/examples/standard_key/java_dl/jml-assert/assert.key 
93938      DEBUG main            d.u.i.k.p.i.AbstractProblemLoader Environment load took 357.5ns 
93939      INFO  main            d.u.i.k.p.i.AbstractProblemLoader Creating init config 
97589      DEBUG main            d.u.i.k.p.i.AbstractProblemLoader Init config took 3.65s 
97646      INFO  main            d.u.i.k.p.i.AbstractProblemLoader Replaying proof Assert[Assert::createArray(int)].JML normal_behavior operation contract.0 
97649      DEBUG main            d.u.i.k.p.i.IntermediateProofReplayer Proof replay took 9.2ns 
97952      INFO  main            d.u.i.k.p.r.p.TestFile    ... finished proof: closed. 
98230      INFO  main            d.u.i.k.p.i.AbstractProblemLoader Loading environment from /home/runner/work/key/key/key.core/../key.ui/examples/standard_key/java_dl/jml-assert/assert.key.proof 
98230      DEBUG main            d.u.i.k.p.i.AbstractProblemLoader Environment load took 158.3ns 
98232      INFO  main            d.u.i.k.p.i.AbstractProblemLoader Creating init config 
101755     DEBUG main            d.u.i.k.p.i.AbstractProblemLoader Init config took 3.52s 
101814     INFO  main            d.u.i.k.p.i.AbstractProblemLoader Replaying proof Assert[Assert::createArray(int)].JML normal_behavior operation contract.0 
101869     DEBUG main            d.u.i.k.p.i.IntermediateProofReplayer Proof replay took 51.36ms 
101871     DEBUG main            d.u.i.k.p.r.p.TestFile    ... success: reloaded. 
101873     INFO  main            d.u.i.k.p.r.p.TestFile    Now processing file /home/runner/work/key/key/key.core/../key.ui/examples/standard_key/java_dl/jml-assert/assert_assume_order.key 
101873     INFO  main            d.u.i.k.p.i.AbstractProblemLoader Loading environment from /home/runner/work/key/key/key.core/../key.ui/examples/standard_key/java_dl/jml-assert/assert_assume_order.key 
101874     DEBUG main            d.u.i.k.p.i.AbstractProblemLoader Environment load took 395.3ns 
101875     INFO  main            d.u.i.k.p.i.AbstractProblemLoader Creating init config 
105601     DEBUG main            d.u.i.k.p.i.AbstractProblemLoader Init config took 3.73s 
105664     INFO  main            d.u.i.k.p.i.AbstractProblemLoader Replaying proof AssertAssume[AssertAssume::singleAssumeAssert(int)].JML normal_behavior operation contract.0 
105667     DEBUG main            d.u.i.k.p.i.IntermediateProofReplayer Proof replay took 9.1ns 
105770     INFO  main            d.u.i.k.p.r.p.TestFile    ... finished proof: closed. 
106115     INFO  main            d.u.i.k.p.i.AbstractProblemLoader Loading environment from /home/runner/work/key/key/key.core/../key.ui/examples/standard_key/java_dl/jml-assert/assert_assume_order.key.proof 
106115     DEBUG main            d.u.i.k.p.i.AbstractProblemLoader Environment load took 162.7ns 
106118     INFO  main            d.u.i.k.p.i.AbstractProblemLoader Creating init config 
109783     DEBUG main            d.u.i.k.p.i.AbstractProblemLoader Init config took 3.66s 
109832     INFO  main            d.u.i.k.p.i.AbstractProblemLoader Replaying proof AssertAssume[AssertAssume::singleAssumeAssert(int)].JML normal_behavior operation contract.0 
109843     DEBUG main            d.u.i.k.p.i.IntermediateProofReplayer Proof replay took 9.54ms 
109845     DEBUG main            d.u.i.k.p.r.p.TestFile    ... success: reloaded. 
109847     INFO  main            d.u.i.k.p.r.p.TestFile    Now processing file /home/runner/work/key/key/key.core/../key.ui/examples/heap/block_loop_contracts/SimpleVariants/sum_onBlock_external.key 
109848     INFO  main            d.u.i.k.p.i.AbstractProblemLoader Loading environment from /home/runner/work/key/key/key.core/../key.ui/examples/heap/block_loop_contracts/SimpleVariants/sum_onBlock_external.key 
109848     DEBUG main            d.u.i.k.p.i.AbstractProblemLoader Environment load took 188.6ns 
109849     INFO  main            d.u.i.k.p.i.AbstractProblemLoader Creating init config 
113675     DEBUG main            d.u.i.k.p.i.AbstractProblemLoader Init config took 3.83s 
113727     INFO  main            d.u.i.k.p.i.AbstractProblemLoader Replaying proof LoopContractExamplesAll[LoopContractExamplesAll::sum_loopContract_onBlock([I)].JML normal_behavior operation contract.0 
113730     DEBUG main            d.u.i.k.p.i.IntermediateProofReplayer Proof replay took 14.4ns 
113932     INFO  main            d.u.i.k.p.r.p.TestFile    ... finished proof: closed. 
114239     INFO  main            d.u.i.k.p.i.AbstractProblemLoader Loading environment from /home/runner/work/key/key/key.core/../key.ui/examples/heap/block_loop_contracts/SimpleVariants/sum_onBlock_external.key.proof 
114239     DEBUG main            d.u.i.k.p.i.AbstractProblemLoader Environment load took 142.2ns 
114240     INFO  main            d.u.i.k.p.i.AbstractProblemLoader Creating init config 
118018     DEBUG main            d.u.i.k.p.i.AbstractProblemLoader Init config took 3.78s 
118072     INFO  main            d.u.i.k.p.i.AbstractProblemLoader Replaying proof LoopContractExamplesAll[LoopContractExamplesAll::sum_loopContract_onBlock([I)].JML normal_behavior operation contract.0 
118124     DEBUG main            d.u.i.k.p.i.IntermediateProofReplayer Proof replay took 48.58ms 
118125     DEBUG main            d.u.i.k.p.r.p.TestFile    ... success: reloaded. 
118127     INFO  main            d.u.i.k.p.r.p.TestFile    Now processing file /home/runner/work/key/key/key.core/../key.ui/examples/heap/block_loop_contracts/SimpleVariants/sum_onBlock_internal.key 
118128     INFO  main            d.u.i.k.p.i.AbstractProblemLoader Loading environment from /home/runner/work/key/key/key.core/../key.ui/examples/heap/block_loop_contracts/SimpleVariants/sum_onBlock_internal.key 
118128     DEBUG main            d.u.i.k.p.i.AbstractProblemLoader Environment load took 407.91ns 
118130     INFO  main            d.u.i.k.p.i.AbstractProblemLoader Creating init config 
122065     DEBUG main            d.u.i.k.p.i.AbstractProblemLoader Init config took 3.93s 
122113     INFO  main            d.u.i.k.p.i.AbstractProblemLoader Replaying proof LoopContractExamplesAll[LoopContractExamplesAll::sum_loopContract_onBlock([I)].JML normal_behavior operation contract.0 
122116     DEBUG main            d.u.i.k.p.i.IntermediateProofReplayer Proof replay took 32.1ns 
123027     INFO  main            d.u.i.k.p.r.p.TestFile    ... finished proof: closed. 
123376     INFO  main            d.u.i.k.p.i.AbstractProblemLoader Loading environment from /home/runner/work/key/key/key.core/../key.ui/examples/heap/block_loop_contracts/SimpleVariants/sum_onBlock_internal.key.proof 
123376     DEBUG main            d.u.i.k.p.i.AbstractProblemLoader Environment load took 595.41ns 
123379     INFO  main            d.u.i.k.p.i.AbstractProblemLoader Creating init config 
127228     DEBUG main            d.u.i.k.p.i.AbstractProblemLoader Init config took 3.85s 
127275     INFO  main            d.u.i.k.p.i.AbstractProblemLoader Replaying proof LoopContractExamplesAll[LoopContractExamplesAll::sum_loopContract_onBlock([I)].JML normal_behavior operation contract.0 
127573     DEBUG main            d.u.i.k.p.i.IntermediateProofReplayer Proof replay took 288.33ms 
127575     DEBUG main            d.u.i.k.p.r.p.TestFile    ... success: reloaded. 
127576     INFO  main            d.u.i.k.p.r.p.TestFile    Now processing file /home/runner/work/key/key/key.core/../key.ui/examples/heap/block_loop_contracts/SimpleVariants/sum_onBlock_loop.key 
127577     INFO  main            d.u.i.k.p.i.AbstractProblemLoader Loading environment from /home/runner/work/key/key/key.core/../key.ui/examples/heap/block_loop_contracts/SimpleVariants/sum_onBlock_loop.key 
127577     DEBUG main            d.u.i.k.p.i.AbstractProblemLoader Environment load took 283.4ns 
127578     INFO  main            d.u.i.k.p.i.AbstractProblemLoader Creating init config 
131549     DEBUG main            d.u.i.k.p.i.AbstractProblemLoader Init config took 3.97s 
131599     INFO  main            d.u.i.k.p.i.AbstractProblemLoader Replaying proof LoopContractExamplesAll[LoopContractExamplesAll::sum_loopContract_onBlock([I)].JML normal_behavior loop contract.0 
131602     DEBUG main            d.u.i.k.p.i.IntermediateProofReplayer Proof replay took 14.4ns 
132745     INFO  main            d.u.i.k.p.r.p.TestFile    ... finished proof: closed. 
133118     INFO  main            d.u.i.k.p.i.AbstractProblemLoader Loading environment from /home/runner/work/key/key/key.core/../key.ui/examples/heap/block_loop_contracts/SimpleVariants/sum_onBlock_loop.key.proof 
133119     DEBUG main            d.u.i.k.p.i.AbstractProblemLoader Environment load took 148.3ns 
133120     INFO  main            d.u.i.k.p.i.AbstractProblemLoader Creating init config 
136994     DEBUG main            d.u.i.k.p.i.AbstractProblemLoader Init config took 3.87s 
137045     INFO  main            d.u.i.k.p.i.AbstractProblemLoader Replaying proof LoopContractExamplesAll[LoopContractExamplesAll::sum_loopContract_onBlock([I)].JML normal_behavior loop contract.0 
137327     DEBUG main            d.u.i.k.p.i.IntermediateProofReplayer Proof replay took 276.78ms 
137328     DEBUG main            d.u.i.k.p.r.p.TestFile    ... success: reloaded. 
137330     INFO  main            d.u.i.k.p.r.p.TestFile    Now processing file /home/runner/work/key/key/key.core/../key.ui/examples/heap/block_loop_contracts/SimpleVariants/sum_onLoop_external.key 
137330     INFO  main            d.u.i.k.p.i.AbstractProblemLoader Loading environment from /home/runner/work/key/key/key.core/../key.ui/examples/heap/block_loop_contracts/SimpleVariants/sum_onLoop_external.key 
137331     DEBUG main            d.u.i.k.p.i.AbstractProblemLoader Environment load took 282.3ns 
137332     INFO  main            d.u.i.k.p.i.AbstractProblemLoader Creating init config 
141170     DEBUG main            d.u.i.k.p.i.AbstractProblemLoader Init config took 3.84s 
141245     INFO  main            d.u.i.k.p.i.AbstractProblemLoader Replaying proof LoopContractExamplesAll[LoopContractExamplesAll::sum_loopContract_onLoop([I)].JML normal_behavior operation contract.0 
141247     DEBUG main            d.u.i.k.p.i.IntermediateProofReplayer Proof replay took 39.9ns 
141451     INFO  main            d.u.i.k.p.r.p.TestFile    ... finished proof: closed. 
141993     INFO  main            d.u.i.k.p.i.AbstractProblemLoader Loading environment from /home/runner/work/key/key/key.core/../key.ui/examples/heap/block_loop_contracts/SimpleVariants/sum_onLoop_external.key.proof 
141994     DEBUG main            d.u.i.k.p.i.AbstractProblemLoader Environment load took 787.31ns 
141995     INFO  main            d.u.i.k.p.i.AbstractProblemLoader Creating init config 
145862     DEBUG main            d.u.i.k.p.i.AbstractProblemLoader Init config took 3.87s 
145909     INFO  main            d.u.i.k.p.i.AbstractProblemLoader Replaying proof LoopContractExamplesAll[LoopContractExamplesAll::sum_loopContract_onLoop([I)].JML normal_behavior operation contract.0 
145947     DEBUG main            d.u.i.k.p.i.IntermediateProofReplayer Proof replay took 34.83ms 
145949     DEBUG main            d.u.i.k.p.r.p.TestFile    ... success: reloaded. 
145950     INFO  main            d.u.i.k.p.r.p.TestFile    Now processing file /home/runner/work/key/key/key.core/../key.ui/examples/heap/block_loop_contracts/SimpleVariants/sum_onLoop_internal.key 
145951     INFO  main            d.u.i.k.p.i.AbstractProblemLoader Loading environment from /home/runner/work/key/key/key.core/../key.ui/examples/heap/block_loop_contracts/SimpleVariants/sum_onLoop_internal.key 
145951     DEBUG main            d.u.i.k.p.i.AbstractProblemLoader Environment load took 323.9ns 
145953     INFO  main            d.u.i.k.p.i.AbstractProblemLoader Creating init config 
149842     DEBUG main            d.u.i.k.p.i.AbstractProblemLoader Init config took 3.89s 
149888     INFO  main            d.u.i.k.p.i.AbstractProblemLoader Replaying proof LoopContractExamplesAll[LoopContractExamplesAll::sum_loopContract_onLoop([I)].JML normal_behavior operation contract.0 
149894     DEBUG main            d.u.i.k.p.i.IntermediateProofReplayer Proof replay took 17.3ns 
150799     INFO  main            d.u.i.k.p.r.p.TestFile    ... finished proof: closed. 
151216     INFO  main            d.u.i.k.p.i.AbstractProblemLoader Loading environment from /home/runner/work/key/key/key.core/../key.ui/examples/heap/block_loop_contracts/SimpleVariants/sum_onLoop_internal.key.proof 
151216     DEBUG main            d.u.i.k.p.i.AbstractProblemLoader Environment load took 891.51ns 
151218     INFO  main            d.u.i.k.p.i.AbstractProblemLoader Creating init config 
155051     DEBUG main            d.u.i.k.p.i.AbstractProblemLoader Init config took 3.83s 
155112     INFO  main            d.u.i.k.p.i.AbstractProblemLoader Replaying proof LoopContractExamplesAll[LoopContractExamplesAll::sum_loopContract_onLoop([I)].JML normal_behavior operation contract.0 
155382     DEBUG main            d.u.i.k.p.i.IntermediateProofReplayer Proof replay took 261.73ms 
155384     DEBUG main            d.u.i.k.p.r.p.TestFile    ... success: reloaded. 
155387     INFO  main            d.u.i.k.p.r.p.TestFile    Now processing file /home/runner/work/key/key/key.core/../key.ui/examples/heap/block_loop_contracts/SimpleVariants/sum_onLoop_loop.key 
155387     INFO  main            d.u.i.k.p.i.AbstractProblemLoader Loading environment from /home/runner/work/key/key/key.core/../key.ui/examples/heap/block_loop_contracts/SimpleVariants/sum_onLoop_loop.key 
155388     DEBUG main            d.u.i.k.p.i.AbstractProblemLoader Environment load took 347.7ns 
155390     INFO  main            d.u.i.k.p.i.AbstractProblemLoader Creating init config 
159208     DEBUG main            d.u.i.k.p.i.AbstractProblemLoader Init config took 3.82s 
159280     INFO  main            d.u.i.k.p.i.AbstractProblemLoader Replaying proof LoopContractExamplesAll[LoopContractExamplesAll::sum_loopContract_onLoop([I)].JML normal_behavior loop contract.0 
159282     DEBUG main            d.u.i.k.p.i.IntermediateProofReplayer Proof replay took 14.3ns 
160287     INFO  main            d.u.i.k.p.r.p.TestFile    ... finished proof: closed. 
160707     INFO  main            d.u.i.k.p.i.AbstractProblemLoader Loading environment from /home/runner/work/key/key/key.core/../key.ui/examples/heap/block_loop_contracts/SimpleVariants/sum_onLoop_loop.key.proof 
160708     DEBUG main            d.u.i.k.p.i.AbstractProblemLoader Environment load took 973.91ns 
160709     INFO  main            d.u.i.k.p.i.AbstractProblemLoader Creating init config 
164465     DEBUG main            d.u.i.k.p.i.AbstractProblemLoader Init config took 3.76s 
164538     INFO  main            d.u.i.k.p.i.AbstractProblemLoader Replaying proof LoopContractExamplesAll[LoopContractExamplesAll::sum_loopContract_onLoop([I)].JML normal_behavior loop contract.0 
164827     DEBUG main            d.u.i.k.p.i.IntermediateProofReplayer Proof replay took 280.62ms 
164828     DEBUG main            d.u.i.k.p.r.p.TestFile    ... success: reloaded. 
164830     INFO  main            d.u.i.k.p.r.p.TestFile    Now processing file /home/runner/work/key/key/key.core/../key.ui/examples/heap/block_loop_contracts/Free/blockContracts0.key 
164830     INFO  main            d.u.i.k.p.i.AbstractProblemLoader Loading environment from /home/runner/work/key/key/key.core/../key.ui/examples/heap/block_loop_contracts/Free/blockContracts0.key 
164831     DEBUG main            d.u.i.k.p.i.AbstractProblemLoader Environment load took 286.4ns 
164832     INFO  main            d.u.i.k.p.i.AbstractProblemLoader Creating init config 
168092     DEBUG main            d.u.i.k.p.i.AbstractProblemLoader Init config took 3.26s 
168141     INFO  main            d.u.i.k.p.i.AbstractProblemLoader Replaying proof FreeConditions[FreeConditions::blockContract0()].JML normal_behavior operation contract.0 
168143     DEBUG main            d.u.i.k.p.i.IntermediateProofReplayer Proof replay took 17.8ns 
168247     INFO  main            d.u.i.k.p.r.p.TestFile    ... finished proof: closed. 
168648     INFO  main            d.u.i.k.p.i.AbstractProblemLoader Loading environment from /home/runner/work/key/key/key.core/../key.ui/examples/heap/block_loop_contracts/Free/blockContracts0.key.proof 
168648     DEBUG main            d.u.i.k.p.i.AbstractProblemLoader Environment load took 135.6ns 
168650     INFO  main            d.u.i.k.p.i.AbstractProblemLoader Creating init config 
171789     DEBUG main            d.u.i.k.p.i.AbstractProblemLoader Init config took 3.14s 
171831     INFO  main            d.u.i.k.p.i.AbstractProblemLoader Replaying proof FreeConditions[FreeConditions::blockContract0()].JML normal_behavior operation contract.0 
171857     DEBUG main            d.u.i.k.p.i.IntermediateProofReplayer Proof replay took 24.48ms 
171858     DEBUG main            d.u.i.k.p.r.p.TestFile    ... success: reloaded. 
171859     INFO  main            d.u.i.k.p.r.p.TestFile    Now processing file /home/runner/work/key/key/key.core/../key.ui/examples/heap/block_loop_contracts/Free/blockContracts1.key 
171860     INFO  main            d.u.i.k.p.i.AbstractProblemLoader Loading environment from /home/runner/work/key/key/key.core/../key.ui/examples/heap/block_loop_contracts/Free/blockContracts1.key 
171860     DEBUG main            d.u.i.k.p.i.AbstractProblemLoader Environment load took 206.5ns 
171861     INFO  main            d.u.i.k.p.i.AbstractProblemLoader Creating init config 
175154     DEBUG main            d.u.i.k.p.i.AbstractProblemLoader Init config took 3.29s 
175197     INFO  main            d.u.i.k.p.i.AbstractProblemLoader Replaying proof FreeConditions[FreeConditions::blockContract1()].JML normal_behavior operation contract.0 
175200     DEBUG main            d.u.i.k.p.i.IntermediateProofReplayer Proof replay took 15.3ns 
175304     INFO  main            d.u.i.k.p.r.p.TestFile    ... finished proof: closed. 
175668     INFO  main            d.u.i.k.p.i.AbstractProblemLoader Loading environment from /home/runner/work/key/key/key.core/../key.ui/examples/heap/block_loop_contracts/Free/blockContracts1.key.proof 
175668     DEBUG main            d.u.i.k.p.i.AbstractProblemLoader Environment load took 136.8ns 
175670     INFO  main            d.u.i.k.p.i.AbstractProblemLoader Creating init config 
178889     DEBUG main            d.u.i.k.p.i.AbstractProblemLoader Init config took 3.22s 
178939     INFO  main            d.u.i.k.p.i.AbstractProblemLoader Replaying proof FreeConditions[FreeConditions::blockContract1()].JML normal_behavior operation contract.0 
178967     DEBUG main            d.u.i.k.p.i.IntermediateProofReplayer Proof replay took 24.6ms 
178968     DEBUG main            d.u.i.k.p.r.p.TestFile    ... success: reloaded. 
178970     INFO  main            d.u.i.k.p.r.p.TestFile    Now processing file /home/runner/work/key/key/key.core/../key.ui/examples/heap/block_loop_contracts/Finally/block_finally.key 
178970     INFO  main            d.u.i.k.p.i.AbstractProblemLoader Loading environment from /home/runner/work/key/key/key.core/../key.ui/examples/heap/block_loop_contracts/Finally/block_finally.key 
178970     DEBUG main            d.u.i.k.p.i.AbstractProblemLoader Environment load took 123.8ns 
178971     INFO  main            d.u.i.k.p.i.AbstractProblemLoader Creating init config 
182363     DEBUG main            d.u.i.k.p.i.AbstractProblemLoader Init config took 3.39s 
182410     INFO  main            d.u.i.k.p.i.AbstractProblemLoader Replaying proof AuxiliaryContractsFinally[AuxiliaryContractsFinally::breakThrowContinueBlockContract(java.lang.Exception)].JML block contract.0 
182412     DEBUG main            d.u.i.k.p.i.IntermediateProofReplayer Proof replay took 15.9ns 
183117     INFO  main            d.u.i.k.p.r.p.TestFile    ... finished proof: open goal(s) 
183541     INFO  main            d.u.i.k.p.r.p.TestFile    Now processing file /home/runner/work/key/key/key.core/../key.ui/examples/heap/block_loop_contracts/Finally/loop_finally.key 
183542     INFO  main            d.u.i.k.p.i.AbstractProblemLoader Loading environment from /home/runner/work/key/key/key.core/../key.ui/examples/heap/block_loop_contracts/Finally/loop_finally.key 
183542     DEBUG main            d.u.i.k.p.i.AbstractProblemLoader Environment load took 109.6ns 
183543     INFO  main            d.u.i.k.p.i.AbstractProblemLoader Creating init config 
186793     DEBUG main            d.u.i.k.p.i.AbstractProblemLoader Init config took 3.25s 
186841     INFO  main            d.u.i.k.p.i.AbstractProblemLoader Replaying proof AuxiliaryContractsFinally[AuxiliaryContractsFinally::breakThrowContinueLoopContract(java.lang.Exception)].JML normal_behavior loop contract.0 
186843     DEBUG main            d.u.i.k.p.i.IntermediateProofReplayer Proof replay took 14.5ns 
187878     INFO  main            d.u.i.k.p.r.p.TestFile    ... finished proof: open goal(s) 
901353     INFO  Test worker     d.u.i.k.p.r.RunAllProofsTestUnit Returning from test blockContracts 
901355     INFO  Test worker     d.u.i.k.p.r.RunAllProofsTestUnit Running test jmlAsserts 
494        INFO  Timeout watchdog d.u.i.k.p.r.p.ForkedTestFileRunner Timeout watcher launched (2000 secs.) 
537        WARN  main            d.u.i.k.s.ProofSettings   The settings in /home/runner/.key/proof-settings.props are *not* read. 
597        INFO  main            d.u.i.k.p.r.p.TestFile    Now processing file /home/runner/work/key/key/key.core/../key.ui/examples/standard_key/java_dl/jml-assert/assert.key 
800        INFO  main            d.u.i.k.p.i.AbstractProblemLoader Loading environment from /home/runner/work/key/key/key.core/../key.ui/examples/standard_key/java_dl/jml-assert/assert.key 
822        DEBUG main            d.u.i.k.p.i.AbstractProblemLoader Environment load took 3.05ms 
1166       INFO  main            d.u.i.k.p.i.AbstractProblemLoader Creating init config 
2412       DEBUG main            d.u.i.k.j.TypeConverter   No LDT found for Meta 
2413       DEBUG main            d.u.i.k.j.TypeConverter   No LDT found for Meta 
2417       DEBUG main            d.u.i.k.j.TypeConverter   No LDT found for Meta 
2418       DEBUG main            d.u.i.k.j.TypeConverter   No LDT found for Meta 
4365       DEBUG main            d.u.i.k.j.TypeConverter   No LDT found for JavaBigintExpression 
11664      DEBUG main            d.u.i.k.p.i.AbstractProblemLoader Init config took 10.5s 
11841      INFO  main            d.u.i.k.p.i.AbstractProblemLoader Replaying proof Assert[Assert::createArray(int)].JML normal_behavior operation contract.0 
11888      DEBUG main            d.u.i.k.p.i.IntermediateProofReplayer Proof replay took 38.7ns 
13130      INFO  main            d.u.i.k.p.r.p.TestFile    ... finished proof: closed. 
13297      INFO  main            d.u.i.k.p.i.AbstractProblemLoader Loading environment from /home/runner/work/key/key/key.core/../key.ui/examples/standard_key/java_dl/jml-assert/assert.key.proof 
13301      DEBUG main            d.u.i.k.p.i.AbstractProblemLoader Environment load took 3.76ms 
13304      INFO  main            d.u.i.k.p.i.AbstractProblemLoader Creating init config 
17498      DEBUG main            d.u.i.k.p.i.AbstractProblemLoader Init config took 4.19s 
17608      INFO  main            d.u.i.k.p.i.AbstractProblemLoader Replaying proof Assert[Assert::createArray(int)].JML normal_behavior operation contract.0 
17734      DEBUG main            d.u.i.k.p.i.IntermediateProofReplayer Proof replay took 117.32ms 
17746      DEBUG main            d.u.i.k.p.r.p.TestFile    ... success: reloaded. 
17754      INFO  main            d.u.i.k.p.r.p.TestFile    Now processing file /home/runner/work/key/key/key.core/../key.ui/examples/heap/block_loop_contracts/Free/assertions0.key 
17755      INFO  main            d.u.i.k.p.i.AbstractProblemLoader Loading environment from /home/runner/work/key/key/key.core/../key.ui/examples/heap/block_loop_contracts/Free/assertions0.key 
17755      DEBUG main            d.u.i.k.p.i.AbstractProblemLoader Environment load took 178.2ns 
17760      INFO  main            d.u.i.k.p.i.AbstractProblemLoader Creating init config 
21821      DEBUG main            d.u.i.k.p.i.AbstractProblemLoader Init config took 4.06s 
21928      INFO  main            d.u.i.k.p.i.AbstractProblemLoader Replaying proof FreeConditions[FreeConditions::assertions0()].JML normal_behavior operation contract.0 
21939      DEBUG main            d.u.i.k.p.i.IntermediateProofReplayer Proof replay took 18ns 
22143      INFO  main            d.u.i.k.p.r.p.TestFile    ... finished proof: closed. 
22325      INFO  main            d.u.i.k.p.i.AbstractProblemLoader Loading environment from /home/runner/work/key/key/key.core/../key.ui/examples/heap/block_loop_contracts/Free/assertions0.key.proof 
22331      DEBUG main            d.u.i.k.p.i.AbstractProblemLoader Environment load took 6.32ms 
22334      INFO  main            d.u.i.k.p.i.AbstractProblemLoader Creating init config 
25985      DEBUG main            d.u.i.k.p.i.AbstractProblemLoader Init config took 3.65s 
26057      INFO  main            d.u.i.k.p.i.AbstractProblemLoader Replaying proof FreeConditions[FreeConditions::assertions0()].JML normal_behavior operation contract.0 
26092      DEBUG main            d.u.i.k.p.i.IntermediateProofReplayer Proof replay took 31.36ms 
26094      DEBUG main            d.u.i.k.p.r.p.TestFile    ... success: reloaded. 
26096      INFO  main            d.u.i.k.p.r.p.TestFile    Now processing file /home/runner/work/key/key/key.core/../key.ui/examples/heap/block_loop_contracts/Free/assertions1.key 
26096      INFO  main            d.u.i.k.p.i.AbstractProblemLoader Loading environment from /home/runner/work/key/key/key.core/../key.ui/examples/heap/block_loop_contracts/Free/assertions1.key 
26097      DEBUG main            d.u.i.k.p.i.AbstractProblemLoader Environment load took 428.5ns 
26098      INFO  main            d.u.i.k.p.i.AbstractProblemLoader Creating init config 
29793      DEBUG main            d.u.i.k.p.i.AbstractProblemLoader Init config took 3.69s 
29854      INFO  main            d.u.i.k.p.i.AbstractProblemLoader Replaying proof FreeConditions[FreeConditions::assertions1()].JML normal_behavior operation contract.0 
29857      DEBUG main            d.u.i.k.p.i.IntermediateProofReplayer Proof replay took 27.7ns 
29959      INFO  main            d.u.i.k.p.r.p.TestFile    ... finished proof: closed. 
30168      INFO  main            d.u.i.k.p.i.AbstractProblemLoader Loading environment from /home/runner/work/key/key/key.core/../key.ui/examples/heap/block_loop_contracts/Free/assertions1.key.proof 
30170      DEBUG main            d.u.i.k.p.i.AbstractProblemLoader Environment load took 1.86ms 
30173      INFO  main            d.u.i.k.p.i.AbstractProblemLoader Creating init config 
33803      DEBUG main            d.u.i.k.p.i.AbstractProblemLoader Init config took 3.63s 
33870      INFO  main            d.u.i.k.p.i.AbstractProblemLoader Replaying proof FreeConditions[FreeConditions::assertions1()].JML normal_behavior operation contract.0 
33883      DEBUG main            d.u.i.k.p.i.IntermediateProofReplayer Proof replay took 10.19ms 
33885      DEBUG main            d.u.i.k.p.r.p.TestFile    ... success: reloaded. 
33887      INFO  main            d.u.i.k.p.r.p.TestFile    Now processing file /home/runner/work/key/key/key.core/../key.ui/examples/standard_key/java_dl/jml-assert/recursion-assert.key 
33887      INFO  main            d.u.i.k.p.i.AbstractProblemLoader Loading environment from /home/runner/work/key/key/key.core/../key.ui/examples/standard_key/java_dl/jml-assert/recursion-assert.key 
33888      DEBUG main            d.u.i.k.p.i.AbstractProblemLoader Environment load took 283.5ns 
33889      INFO  main            d.u.i.k.p.i.AbstractProblemLoader Creating init config 
37736      DEBUG main            d.u.i.k.p.i.AbstractProblemLoader Init config took 3.85s 
37806      INFO  main            d.u.i.k.p.i.AbstractProblemLoader Replaying proof RecursiveMethod[RecursiveMethod::fac1(int)].JML normal_behavior operation contract.0 
37809      DEBUG main            d.u.i.k.p.i.IntermediateProofReplayer Proof replay took 6.6ns 
38113      INFO  main            d.u.i.k.p.r.p.TestFile    ... finished proof: closed. 
38344      INFO  main            d.u.i.k.p.i.AbstractProblemLoader Loading environment from /home/runner/work/key/key/key.core/../key.ui/examples/standard_key/java_dl/jml-assert/recursion-assert.key.proof 
38346      DEBUG main            d.u.i.k.p.i.AbstractProblemLoader Environment load took 1.56ms 
38350      INFO  main            d.u.i.k.p.i.AbstractProblemLoader Creating init config 
42223      DEBUG main            d.u.i.k.p.i.AbstractProblemLoader Init config took 3.87s 
42300      INFO  main            d.u.i.k.p.i.AbstractProblemLoader Replaying proof RecursiveMethod[RecursiveMethod::fac1(int)].JML normal_behavior operation contract.0 
42357      DEBUG main            d.u.i.k.p.i.IntermediateProofReplayer Proof replay took 53.23ms 
42359      DEBUG main            d.u.i.k.p.r.p.TestFile    ... success: reloaded. 
42360      INFO  main            d.u.i.k.p.r.p.TestFile    Now processing file /home/runner/work/key/key/key.core/../key.ui/examples/standard_key/java_dl/jml-assert/recursion-assume.key 
42362      INFO  main            d.u.i.k.p.i.AbstractProblemLoader Loading environment from /home/runner/work/key/key/key.core/../key.ui/examples/standard_key/java_dl/jml-assert/recursion-assume.key 
42362      DEBUG main            d.u.i.k.p.i.AbstractProblemLoader Environment load took 311.4ns 
42364      INFO  main            d.u.i.k.p.i.AbstractProblemLoader Creating init config 
46128      DEBUG main            d.u.i.k.p.i.AbstractProblemLoader Init config took 3.76s 
46187      INFO  main            d.u.i.k.p.i.AbstractProblemLoader Replaying proof RecursiveMethod[RecursiveMethod::fac2(int)].JML normal_behavior operation contract.0 
46189      DEBUG main            d.u.i.k.p.i.IntermediateProofReplayer Proof replay took 6.7ns 
46493      INFO  main            d.u.i.k.p.r.p.TestFile    ... finished proof: closed. 
46751      INFO  main            d.u.i.k.p.i.AbstractProblemLoader Loading environment from /home/runner/work/key/key/key.core/../key.ui/examples/standard_key/java_dl/jml-assert/recursion-assume.key.proof 
46753      DEBUG main            d.u.i.k.p.i.AbstractProblemLoader Environment load took 2.04ms 
46755      INFO  main            d.u.i.k.p.i.AbstractProblemLoader Creating init config 
50530      DEBUG main            d.u.i.k.p.i.AbstractProblemLoader Init config took 3.78s 
50591      INFO  main            d.u.i.k.p.i.AbstractProblemLoader Replaying proof RecursiveMethod[RecursiveMethod::fac2(int)].JML normal_behavior operation contract.0 
50642      DEBUG main            d.u.i.k.p.i.IntermediateProofReplayer Proof replay took 47.7ms 
50644      DEBUG main            d.u.i.k.p.r.p.TestFile    ... success: reloaded. 
50645      INFO  main            d.u.i.k.p.r.p.TestFile    Now processing file /home/runner/work/key/key/key.core/../key.ui/examples/standard_key/java_dl/jml-assert/quantor-assert.key 
50646      INFO  main            d.u.i.k.p.i.AbstractProblemLoader Loading environment from /home/runner/work/key/key/key.core/../key.ui/examples/standard_key/java_dl/jml-assert/quantor-assert.key 
50646      DEBUG main            d.u.i.k.p.i.AbstractProblemLoader Environment load took 322.4ns 
50647      INFO  main            d.u.i.k.p.i.AbstractProblemLoader Creating init config 
54513      DEBUG main            d.u.i.k.p.i.AbstractProblemLoader Init config took 3.87s 
54570      INFO  main            d.u.i.k.p.i.AbstractProblemLoader Replaying proof Quantor[Quantor::square1(int)].JML normal_behavior operation contract.0 
54572      DEBUG main            d.u.i.k.p.i.IntermediateProofReplayer Proof replay took 7.9ns 
54675      INFO  main            d.u.i.k.p.r.p.TestFile    ... finished proof: closed. 
54914      INFO  main            d.u.i.k.p.i.AbstractProblemLoader Loading environment from /home/runner/work/key/key/key.core/../key.ui/examples/standard_key/java_dl/jml-assert/quantor-assert.key.proof 
54915      DEBUG main            d.u.i.k.p.i.AbstractProblemLoader Environment load took 796.7ns 
54917      INFO  main            d.u.i.k.p.i.AbstractProblemLoader Creating init config 
58561      DEBUG main            d.u.i.k.p.i.AbstractProblemLoader Init config took 3.64s 
58631      INFO  main            d.u.i.k.p.i.AbstractProblemLoader Replaying proof Quantor[Quantor::square1(int)].JML normal_behavior operation contract.0 
58652      DEBUG main            d.u.i.k.p.i.IntermediateProofReplayer Proof replay took 17.85ms 
58653      DEBUG main            d.u.i.k.p.r.p.TestFile    ... success: reloaded. 
58654      INFO  main            d.u.i.k.p.r.p.TestFile    Now processing file /home/runner/work/key/key/key.core/../key.ui/examples/standard_key/java_dl/jml-assert/quantor-assume.key 
58655      INFO  main            d.u.i.k.p.i.AbstractProblemLoader Loading environment from /home/runner/work/key/key/key.core/../key.ui/examples/standard_key/java_dl/jml-assert/quantor-assume.key 
58655      DEBUG main            d.u.i.k.p.i.AbstractProblemLoader Environment load took 265.4ns 
58656      INFO  main            d.u.i.k.p.i.AbstractProblemLoader Creating init config 
62391      DEBUG main            d.u.i.k.p.i.AbstractProblemLoader Init config took 3.73s 
62448      INFO  main            d.u.i.k.p.i.AbstractProblemLoader Replaying proof Quantor[Quantor::square2(int)].JML normal_behavior operation contract.0 
62450      DEBUG main            d.u.i.k.p.i.IntermediateProofReplayer Proof replay took 8.5ns 
62553      INFO  main            d.u.i.k.p.r.p.TestFile    ... finished proof: closed. 
62812      INFO  main            d.u.i.k.p.i.AbstractProblemLoader Loading environment from /home/runner/work/key/key/key.core/../key.ui/examples/standard_key/java_dl/jml-assert/quantor-assume.key.proof 
62813      DEBUG main            d.u.i.k.p.i.AbstractProblemLoader Environment load took 762.4ns 
62814      INFO  main            d.u.i.k.p.i.AbstractProblemLoader Creating init config 
66383      DEBUG main            d.u.i.k.p.i.AbstractProblemLoader Init config took 3.57s 
66437      INFO  main            d.u.i.k.p.i.AbstractProblemLoader Replaying proof Quantor[Quantor::square2(int)].JML normal_behavior operation contract.0 
66454      DEBUG main            d.u.i.k.p.i.IntermediateProofReplayer Proof replay took 14.63ms 
66455      DEBUG main            d.u.i.k.p.r.p.TestFile    ... success: reloaded. 
66457      INFO  main            d.u.i.k.p.r.p.TestFile    Now processing file /home/runner/work/key/key/key.core/../key.ui/examples/standard_key/java_dl/jml-assert/model-methods-static-static.key 
66457      INFO  main            d.u.i.k.p.i.AbstractProblemLoader Loading environment from /home/runner/work/key/key/key.core/../key.ui/examples/standard_key/java_dl/jml-assert/model-methods-static-static.key 
66457      DEBUG main            d.u.i.k.p.i.AbstractProblemLoader Environment load took 253.1ns 
66459      INFO  main            d.u.i.k.p.i.AbstractProblemLoader Creating init config 
70184      DEBUG main            d.u.i.k.p.i.AbstractProblemLoader Init config took 3.73s 
70239      INFO  main            d.u.i.k.p.i.AbstractProblemLoader Replaying proof ModelMethods[ModelMethods::test1()].JML normal_behavior operation contract.0 
70240      DEBUG main            d.u.i.k.p.i.IntermediateProofReplayer Proof replay took 8.7ns 
70343      INFO  main            d.u.i.k.p.r.p.TestFile    ... finished proof: closed. 
70685      INFO  main            d.u.i.k.p.i.AbstractProblemLoader Loading environment from /home/runner/work/key/key/key.core/../key.ui/examples/standard_key/java_dl/jml-assert/model-methods-static-static.key.proof 
70688      DEBUG main            d.u.i.k.p.i.AbstractProblemLoader Environment load took 2.54ms 
70692      INFO  main            d.u.i.k.p.i.AbstractProblemLoader Creating init config 
74340      DEBUG main            d.u.i.k.p.i.AbstractProblemLoader Init config took 3.65s 
74399      INFO  main            d.u.i.k.p.i.AbstractProblemLoader Replaying proof ModelMethods[ModelMethods::test1()].JML normal_behavior operation contract.0 
74410      DEBUG main            d.u.i.k.p.i.IntermediateProofReplayer Proof replay took 7.95ms 
74411      DEBUG main            d.u.i.k.p.r.p.TestFile    ... success: reloaded. 
74412      INFO  main            d.u.i.k.p.r.p.TestFile    Now processing file /home/runner/work/key/key/key.core/../key.ui/examples/standard_key/java_dl/jml-assert/model-methods-instance-static.key 
74412      INFO  main            d.u.i.k.p.i.AbstractProblemLoader Loading environment from /home/runner/work/key/key/key.core/../key.ui/examples/standard_key/java_dl/jml-assert/model-methods-instance-static.key 
74413      DEBUG main            d.u.i.k.p.i.AbstractProblemLoader Environment load took 123.7ns 
74414      INFO  main            d.u.i.k.p.i.AbstractProblemLoader Creating init config 
78010      DEBUG main            d.u.i.k.p.i.AbstractProblemLoader Init config took 3.6s 
78090      INFO  main            d.u.i.k.p.i.AbstractProblemLoader Replaying proof ModelMethods[ModelMethods::test2()].JML normal_behavior operation contract.0 
78092      DEBUG main            d.u.i.k.p.i.IntermediateProofReplayer Proof replay took 7ns 
78194      INFO  main            d.u.i.k.p.r.p.TestFile    ... finished proof: closed. 
78455      INFO  main            d.u.i.k.p.i.AbstractProblemLoader Loading environment from /home/runner/work/key/key/key.core/../key.ui/examples/standard_key/java_dl/jml-assert/model-methods-instance-static.key.proof 
78456      DEBUG main            d.u.i.k.p.i.AbstractProblemLoader Environment load took 171.4ns 
78457      INFO  main            d.u.i.k.p.i.AbstractProblemLoader Creating init config 
82063      DEBUG main            d.u.i.k.p.i.AbstractProblemLoader Init config took 3.61s 
82116      INFO  main            d.u.i.k.p.i.AbstractProblemLoader Replaying proof ModelMethods[ModelMethods::test2()].JML normal_behavior operation contract.0 
82129      DEBUG main            d.u.i.k.p.i.IntermediateProofReplayer Proof replay took 10.42ms 
82130      DEBUG main            d.u.i.k.p.r.p.TestFile    ... success: reloaded. 
82131      INFO  main            d.u.i.k.p.r.p.TestFile    Now processing file /home/runner/work/key/key/key.core/../key.ui/examples/standard_key/java_dl/jml-assert/model-methods-instance-instance.key 
82132      INFO  main            d.u.i.k.p.i.AbstractProblemLoader Loading environment from /home/runner/work/key/key/key.core/../key.ui/examples/standard_key/java_dl/jml-assert/model-methods-instance-instance.key 
82132      DEBUG main            d.u.i.k.p.i.AbstractProblemLoader Environment load took 147.2ns 
82133      INFO  main            d.u.i.k.p.i.AbstractProblemLoader Creating init config 
85747      DEBUG main            d.u.i.k.p.i.AbstractProblemLoader Init config took 3.61s 
85802      INFO  main            d.u.i.k.p.i.AbstractProblemLoader Replaying proof ModelMethods[ModelMethods::test3()].JML normal_behavior operation contract.0 
85805      DEBUG main            d.u.i.k.p.i.IntermediateProofReplayer Proof replay took 7.4ns 
85907      INFO  main            d.u.i.k.p.r.p.TestFile    ... finished proof: closed. 
86197      INFO  main            d.u.i.k.p.i.AbstractProblemLoader Loading environment from /home/runner/work/key/key/key.core/../key.ui/examples/standard_key/java_dl/jml-assert/model-methods-instance-instance.key.proof 
86197      DEBUG main            d.u.i.k.p.i.AbstractProblemLoader Environment load took 152.7ns 
86199      INFO  main            d.u.i.k.p.i.AbstractProblemLoader Creating init config 
89743      DEBUG main            d.u.i.k.p.i.AbstractProblemLoader Init config took 3.54s 
89798      INFO  main            d.u.i.k.p.i.AbstractProblemLoader Replaying proof ModelMethods[ModelMethods::test3()].JML normal_behavior operation contract.0 
89816      DEBUG main            d.u.i.k.p.i.IntermediateProofReplayer Proof replay took 15.12ms 
89818      DEBUG main            d.u.i.k.p.r.p.TestFile    ... success: reloaded. 
89819      INFO  main            d.u.i.k.p.r.p.TestFile    Now processing file /home/runner/work/key/key/key.core/../key.ui/examples/standard_key/java_dl/jml-assert/model-methods-static-instance.key 
89820      INFO  main            d.u.i.k.p.i.AbstractProblemLoader Loading environment from /home/runner/work/key/key/key.core/../key.ui/examples/standard_key/java_dl/jml-assert/model-methods-static-instance.key 
89820      DEBUG main            d.u.i.k.p.i.AbstractProblemLoader Environment load took 371ns 
89822      INFO  main            d.u.i.k.p.i.AbstractProblemLoader Creating init config 
93399      DEBUG main            d.u.i.k.p.i.AbstractProblemLoader Init config took 3.58s 
93452      INFO  main            d.u.i.k.p.i.AbstractProblemLoader Replaying proof ModelMethods[ModelMethods::test4()].JML normal_behavior operation contract.0 
93454      DEBUG main            d.u.i.k.p.i.IntermediateProofReplayer Proof replay took 8.5ns 
93657      INFO  main            d.u.i.k.p.r.p.TestFile    ... finished proof: closed. 
93956      INFO  main            d.u.i.k.p.i.AbstractProblemLoader Loading environment from /home/runner/work/key/key/key.core/../key.ui/examples/standard_key/java_dl/jml-assert/model-methods-static-instance.key.proof 
93957      DEBUG main            d.u.i.k.p.i.AbstractProblemLoader Environment load took 1.21ms 
93960      INFO  main            d.u.i.k.p.i.AbstractProblemLoader Creating init config 
97580      DEBUG main            d.u.i.k.p.i.AbstractProblemLoader Init config took 3.62s 
97639      INFO  main            d.u.i.k.p.i.AbstractProblemLoader Replaying proof ModelMethods[ModelMethods::test4()].JML normal_behavior operation contract.0 
97678      DEBUG main            d.u.i.k.p.i.IntermediateProofReplayer Proof replay took 35.76ms 
97680      DEBUG main            d.u.i.k.p.r.p.TestFile    ... success: reloaded. 
97681      INFO  main            d.u.i.k.p.r.p.TestFile    Now processing file /home/runner/work/key/key/key.core/../key.ui/examples/standard_key/java_dl/jml-assert/assert-old/inc-field.key 
97682      INFO  main            d.u.i.k.p.i.AbstractProblemLoader Loading environment from /home/runner/work/key/key/key.core/../key.ui/examples/standard_key/java_dl/jml-assert/assert-old/inc-field.key 
97683      DEBUG main            d.u.i.k.p.i.AbstractProblemLoader Environment load took 966.81ns 
97684      INFO  main            d.u.i.k.p.i.AbstractProblemLoader Creating init config 
101219     DEBUG main            d.u.i.k.p.i.AbstractProblemLoader Init config took 3.53s 
101268     INFO  main            d.u.i.k.p.i.AbstractProblemLoader Replaying proof Inc[Inc::inc_field()].JML normal_behavior operation contract.0 
101270     DEBUG main            d.u.i.k.p.i.IntermediateProofReplayer Proof replay took 7.7ns 
101473     INFO  main            d.u.i.k.p.r.p.TestFile    ... finished proof: closed. 
101746     INFO  main            d.u.i.k.p.i.AbstractProblemLoader Loading environment from /home/runner/work/key/key/key.core/../key.ui/examples/standard_key/java_dl/jml-assert/assert-old/inc-field.key.proof 
101747     DEBUG main            d.u.i.k.p.i.AbstractProblemLoader Environment load took 438.2ns 
101748     INFO  main            d.u.i.k.p.i.AbstractProblemLoader Creating init config 
105147     DEBUG main            d.u.i.k.p.i.AbstractProblemLoader Init config took 3.4s 
105200     INFO  main            d.u.i.k.p.i.AbstractProblemLoader Replaying proof Inc[Inc::inc_field()].JML normal_behavior operation contract.0 
105261     DEBUG main            d.u.i.k.p.i.IntermediateProofReplayer Proof replay took 57.31ms 
105262     DEBUG main            d.u.i.k.p.r.p.TestFile    ... success: reloaded. 
105263     INFO  main            d.u.i.k.p.r.p.TestFile    Now processing file /home/runner/work/key/key/key.core/../key.ui/examples/standard_key/java_dl/jml-assert/assert-old/inc-parameter.key 
105264     INFO  main            d.u.i.k.p.i.AbstractProblemLoader Loading environment from /home/runner/work/key/key/key.core/../key.ui/examples/standard_key/java_dl/jml-assert/assert-old/inc-parameter.key 
105264     DEBUG main            d.u.i.k.p.i.AbstractProblemLoader Environment load took 231ns 
105265     INFO  main            d.u.i.k.p.i.AbstractProblemLoader Creating init config 
108709     DEBUG main            d.u.i.k.p.i.AbstractProblemLoader Init config took 3.44s 
108764     INFO  main            d.u.i.k.p.i.AbstractProblemLoader Replaying proof Inc[Inc::inc_parameter(int)].JML normal_behavior operation contract.0 
108765     DEBUG main            d.u.i.k.p.i.IntermediateProofReplayer Proof replay took 8.3ns 
108868     INFO  main            d.u.i.k.p.r.p.TestFile    ... finished proof: closed. 
109180     INFO  main            d.u.i.k.p.i.AbstractProblemLoader Loading environment from /home/runner/work/key/key/key.core/../key.ui/examples/standard_key/java_dl/jml-assert/assert-old/inc-parameter.key.proof 
109180     DEBUG main            d.u.i.k.p.i.AbstractProblemLoader Environment load took 168.8ns 
109181     INFO  main            d.u.i.k.p.i.AbstractProblemLoader Creating init config 
112671     DEBUG main            d.u.i.k.p.i.AbstractProblemLoader Init config took 3.49s 
112718     INFO  main            d.u.i.k.p.i.AbstractProblemLoader Replaying proof Inc[Inc::inc_parameter(int)].JML normal_behavior operation contract.0 
112736     DEBUG main            d.u.i.k.p.i.IntermediateProofReplayer Proof replay took 15.74ms 
112738     DEBUG main            d.u.i.k.p.r.p.TestFile    ... success: reloaded. 
112739     INFO  main            d.u.i.k.p.r.p.TestFile    Now processing file /home/runner/work/key/key/key.core/../key.ui/examples/standard_key/java_dl/jml-assert/assert-old/inc-parameter-field.key 
112739     INFO  main            d.u.i.k.p.i.AbstractProblemLoader Loading environment from /home/runner/work/key/key/key.core/../key.ui/examples/standard_key/java_dl/jml-assert/assert-old/inc-parameter-field.key 
112739     DEBUG main            d.u.i.k.p.i.AbstractProblemLoader Environment load took 267.8ns 
112741     INFO  main            d.u.i.k.p.i.AbstractProblemLoader Creating init config 
116220     DEBUG main            d.u.i.k.p.i.AbstractProblemLoader Init config took 3.48s 
116282     INFO  main            d.u.i.k.p.i.AbstractProblemLoader Replaying proof Inc[Inc::inc_parameter_field(Inc)].JML normal_behavior operation contract.0 
116286     DEBUG main            d.u.i.k.p.i.IntermediateProofReplayer Proof replay took 7.8ns 
116589     INFO  main            d.u.i.k.p.r.p.TestFile    ... finished proof: closed. 
116905     INFO  main            d.u.i.k.p.i.AbstractProblemLoader Loading environment from /home/runner/work/key/key/key.core/../key.ui/examples/standard_key/java_dl/jml-assert/assert-old/inc-parameter-field.key.proof 
116906     DEBUG main            d.u.i.k.p.i.AbstractProblemLoader Environment load took 951.81ns 
116907     INFO  main            d.u.i.k.p.i.AbstractProblemLoader Creating init config 
120249     DEBUG main            d.u.i.k.p.i.AbstractProblemLoader Init config took 3.34s 
120294     INFO  main            d.u.i.k.p.i.AbstractProblemLoader Replaying proof Inc[Inc::inc_parameter_field(Inc)].JML normal_behavior operation contract.0 
120339     DEBUG main            d.u.i.k.p.i.IntermediateProofReplayer Proof replay took 41.57ms 
120340     DEBUG main            d.u.i.k.p.r.p.TestFile    ... success: reloaded. 
120342     INFO  main            d.u.i.k.p.r.p.TestFile    Now processing file /home/runner/work/key/key/key.core/../key.ui/examples/standard_key/java_dl/jml-assert/assert-old/inc-ghost-field.key 
120342     INFO  main            d.u.i.k.p.i.AbstractProblemLoader Loading environment from /home/runner/work/key/key/key.core/../key.ui/examples/standard_key/java_dl/jml-assert/assert-old/inc-ghost-field.key 
120343     DEBUG main            d.u.i.k.p.i.AbstractProblemLoader Environment load took 279.3ns 
120344     INFO  main            d.u.i.k.p.i.AbstractProblemLoader Creating init config 
123733     DEBUG main            d.u.i.k.p.i.AbstractProblemLoader Init config took 3.39s 
123777     INFO  main            d.u.i.k.p.i.AbstractProblemLoader Replaying proof Inc[Inc::inc_ghost_field()].JML normal_behavior operation contract.0 
123779     DEBUG main            d.u.i.k.p.i.IntermediateProofReplayer Proof replay took 7.1ns 
123984     INFO  main            d.u.i.k.p.r.p.TestFile    ... finished proof: closed. 
124297     INFO  main            d.u.i.k.p.i.AbstractProblemLoader Loading environment from /home/runner/work/key/key/key.core/../key.ui/examples/standard_key/java_dl/jml-assert/assert-old/inc-ghost-field.key.proof 
124297     DEBUG main            d.u.i.k.p.i.AbstractProblemLoader Environment load took 145.6ns 
124299     INFO  main            d.u.i.k.p.i.AbstractProblemLoader Creating init config 
127703     DEBUG main            d.u.i.k.p.i.AbstractProblemLoader Init config took 3.4s 
127748     INFO  main            d.u.i.k.p.i.AbstractProblemLoader Replaying proof Inc[Inc::inc_ghost_field()].JML normal_behavior operation contract.0 
127782     DEBUG main            d.u.i.k.p.i.IntermediateProofReplayer Proof replay took 31.31ms 
127783     DEBUG main            d.u.i.k.p.r.p.TestFile    ... success: reloaded. 
1029387    INFO  Test worker     d.u.i.k.p.r.RunAllProofsTestUnit Returning from test jmlAsserts 
1029392    INFO  Test worker     d.u.i.k.p.r.RunAllProofsTestUnit Running test javaCard 
509        INFO  Timeout watchdog d.u.i.k.p.r.p.ForkedTestFileRunner Timeout watcher launched (2000 secs.) 
533        WARN  main            d.u.i.k.s.ProofSettings   The settings in /home/runner/.key/proof-settings.props are *not* read. 
606        INFO  main            d.u.i.k.p.r.p.TestFile    Now processing file /home/runner/work/key/key/key.core/../key.ui/examples/heap/javacard/updateBalance0.key 
770        INFO  main            d.u.i.k.p.i.AbstractProblemLoader Loading environment from /home/runner/work/key/key/key.core/../key.ui/examples/heap/javacard/updateBalance0.key 
795        DEBUG main            d.u.i.k.p.i.AbstractProblemLoader Environment load took 2.4ms 
1126       INFO  main            d.u.i.k.p.i.AbstractProblemLoader Creating init config 
2686       DEBUG main            d.u.i.k.j.TypeConverter   No LDT found for Meta 
2686       DEBUG main            d.u.i.k.j.TypeConverter   No LDT found for Meta 
2691       DEBUG main            d.u.i.k.j.TypeConverter   No LDT found for Meta 
2692       DEBUG main            d.u.i.k.j.TypeConverter   No LDT found for Meta 
4688       DEBUG main            d.u.i.k.j.TypeConverter   No LDT found for JavaBigintExpression 
9321       DEBUG main            d.u.i.k.p.i.AbstractProblemLoader Init config took 8.19s 
9501       INFO  main            d.u.i.k.p.i.AbstractProblemLoader Replaying proof Examples[Examples::updateBalance(short)].JML normal_behavior operation contract.0 
9551       DEBUG main            d.u.i.k.p.i.IntermediateProofReplayer Proof replay took 37.4ns 
11614      INFO  main            d.u.i.k.p.r.p.TestFile    ... finished proof: closed. 
11764      INFO  main            d.u.i.k.p.i.AbstractProblemLoader Loading environment from /home/runner/work/key/key/key.core/../key.ui/examples/heap/javacard/updateBalance0.key.proof 
11773      DEBUG main            d.u.i.k.p.i.AbstractProblemLoader Environment load took 9.46ms 
11777      INFO  main            d.u.i.k.p.i.AbstractProblemLoader Creating init config 
14321      DEBUG main            d.u.i.k.p.i.AbstractProblemLoader Init config took 2.54s 
14424      INFO  main            d.u.i.k.p.i.AbstractProblemLoader Replaying proof Examples[Examples::updateBalance(short)].JML normal_behavior operation contract.0 
14717      DEBUG main            d.u.i.k.p.i.IntermediateProofReplayer Proof replay took 278.58ms 
14732      DEBUG main            d.u.i.k.p.r.p.TestFile    ... success: reloaded. 
14740      INFO  main            d.u.i.k.p.r.p.TestFile    Now processing file /home/runner/work/key/key/key.core/../key.ui/examples/heap/javacard/updateBalance1.key 
14740      INFO  main            d.u.i.k.p.i.AbstractProblemLoader Loading environment from /home/runner/work/key/key/key.core/../key.ui/examples/heap/javacard/updateBalance1.key 
14741      DEBUG main            d.u.i.k.p.i.AbstractProblemLoader Environment load took 325.4ns 
14744      INFO  main            d.u.i.k.p.i.AbstractProblemLoader Creating init config 
17279      DEBUG main            d.u.i.k.p.i.AbstractProblemLoader Init config took 2.53s 
17351      INFO  main            d.u.i.k.p.i.AbstractProblemLoader Replaying proof Examples[Examples::updateBalance(short)].JML normal_behavior operation contract.1 
17356      DEBUG main            d.u.i.k.p.i.IntermediateProofReplayer Proof replay took 9ns 
18362      INFO  main            d.u.i.k.p.r.p.TestFile    ... finished proof: closed. 
18549      INFO  main            d.u.i.k.p.i.AbstractProblemLoader Loading environment from /home/runner/work/key/key/key.core/../key.ui/examples/heap/javacard/updateBalance1.key.proof 
18549      DEBUG main            d.u.i.k.p.i.AbstractProblemLoader Environment load took 609ns 
18551      INFO  main            d.u.i.k.p.i.AbstractProblemLoader Creating init config 
20888      DEBUG main            d.u.i.k.p.i.AbstractProblemLoader Init config took 2.34s 
20975      INFO  main            d.u.i.k.p.i.AbstractProblemLoader Replaying proof Examples[Examples::updateBalance(short)].JML normal_behavior operation contract.1 
21186      DEBUG main            d.u.i.k.p.i.IntermediateProofReplayer Proof replay took 196.38ms 
21191      DEBUG main            d.u.i.k.p.r.p.TestFile    ... success: reloaded. 
21197      INFO  main            d.u.i.k.p.r.p.TestFile    Now processing file /home/runner/work/key/key/key.core/../key.ui/examples/heap/javacard/setArray1.key 
21198      INFO  main            d.u.i.k.p.i.AbstractProblemLoader Loading environment from /home/runner/work/key/key/key.core/../key.ui/examples/heap/javacard/setArray1.key 
21198      DEBUG main            d.u.i.k.p.i.AbstractProblemLoader Environment load took 179.5ns 
21200      INFO  main            d.u.i.k.p.i.AbstractProblemLoader Creating init config 
23428      DEBUG main            d.u.i.k.p.i.AbstractProblemLoader Init config took 2.23s 
23484      INFO  main            d.u.i.k.p.i.AbstractProblemLoader Replaying proof Examples[Examples::setArray1([B)].JML normal_behavior operation contract.0 
23487      DEBUG main            d.u.i.k.p.i.IntermediateProofReplayer Proof replay took 9.9ns 
25093      INFO  main            d.u.i.k.p.r.p.TestFile    ... finished proof: closed. 
25230      INFO  main            d.u.i.k.p.i.AbstractProblemLoader Loading environment from /home/runner/work/key/key/key.core/../key.ui/examples/heap/javacard/setArray1.key.proof 
25231      DEBUG main            d.u.i.k.p.i.AbstractProblemLoader Environment load took 805.21ns 
25233      INFO  main            d.u.i.k.p.i.AbstractProblemLoader Creating init config 
27372      DEBUG main            d.u.i.k.p.i.AbstractProblemLoader Init config took 2.14s 
27430      INFO  main            d.u.i.k.p.i.AbstractProblemLoader Replaying proof Examples[Examples::setArray1([B)].JML normal_behavior operation contract.0 
27708      DEBUG main            d.u.i.k.p.i.IntermediateProofReplayer Proof replay took 269.9ms 
27711      DEBUG main            d.u.i.k.p.r.p.TestFile    ... success: reloaded. 
27714      INFO  main            d.u.i.k.p.r.p.TestFile    Now processing file /home/runner/work/key/key/key.core/../key.ui/examples/heap/javacard/setArray2.key 
27715      INFO  main            d.u.i.k.p.i.AbstractProblemLoader Loading environment from /home/runner/work/key/key/key.core/../key.ui/examples/heap/javacard/setArray2.key 
27715      DEBUG main            d.u.i.k.p.i.AbstractProblemLoader Environment load took 302.4ns 
27717      INFO  main            d.u.i.k.p.i.AbstractProblemLoader Creating init config 
29877      DEBUG main            d.u.i.k.p.i.AbstractProblemLoader Init config took 2.16s 
29931      INFO  main            d.u.i.k.p.i.AbstractProblemLoader Replaying proof Examples[Examples::setArray2([B)].JML normal_behavior operation contract.0 
29935      DEBUG main            d.u.i.k.p.i.IntermediateProofReplayer Proof replay took 8.3ns 
31592      INFO  main            d.u.i.k.p.r.p.TestFile    ... finished proof: closed. 
31764      INFO  main            d.u.i.k.p.i.AbstractProblemLoader Loading environment from /home/runner/work/key/key/key.core/../key.ui/examples/heap/javacard/setArray2.key.proof 
31765      DEBUG main            d.u.i.k.p.i.AbstractProblemLoader Environment load took 651ns 
31767      INFO  main            d.u.i.k.p.i.AbstractProblemLoader Creating init config 
33906      DEBUG main            d.u.i.k.p.i.AbstractProblemLoader Init config took 2.14s 
33965      INFO  main            d.u.i.k.p.i.AbstractProblemLoader Replaying proof Examples[Examples::setArray2([B)].JML normal_behavior operation contract.0 
34242      DEBUG main            d.u.i.k.p.i.IntermediateProofReplayer Proof replay took 269ms 
34245      DEBUG main            d.u.i.k.p.r.p.TestFile    ... success: reloaded. 
34247      INFO  main            d.u.i.k.p.r.p.TestFile    Now processing file /home/runner/work/key/key/key.core/../key.ui/examples/heap/javacard/arrayFillNonAtomic.key 
34248      INFO  main            d.u.i.k.p.i.AbstractProblemLoader Loading environment from /home/runner/work/key/key/key.core/../key.ui/examples/heap/javacard/arrayFillNonAtomic.key 
34248      DEBUG main            d.u.i.k.p.i.AbstractProblemLoader Environment load took 304.3ns 
34250      INFO  main            d.u.i.k.p.i.AbstractProblemLoader Creating init config 
36439      DEBUG main            d.u.i.k.p.i.AbstractProblemLoader Init config took 2.19s 
36516      INFO  main            d.u.i.k.p.i.AbstractProblemLoader Replaying proof javacard.framework.Util[javacard.framework.Util::arrayFillNonAtomic([B,short,short,byte)].JML behavior operation contract.0.transaction_inactive 
36518      DEBUG main            d.u.i.k.p.i.IntermediateProofReplayer Proof replay took 6.9ns 
37705      DEBUG Thread-13       d.u.i.k.l.o.ProgramSV     Match failed: Former match of  SchemaVariable incompatible with  the current match. 
37706      DEBUG Thread-13       d.u.i.k.l.o.ProgramSV     Match failed: Former match of  SchemaVariable incompatible with  the current match. 
39706      DEBUG Thread-13       d.u.i.k.l.o.ProgramSV     Match failed: Former match of  SchemaVariable incompatible with  the current match. 
39706      DEBUG Thread-13       d.u.i.k.l.o.ProgramSV     Match failed: Former match of  SchemaVariable incompatible with  the current match. 
42067      INFO  main            d.u.i.k.p.r.p.TestFile    ... finished proof: closed. 
42361      INFO  main            d.u.i.k.p.i.AbstractProblemLoader Loading environment from /home/runner/work/key/key/key.core/../key.ui/examples/heap/javacard/arrayFillNonAtomic.key.proof 
42361      DEBUG main            d.u.i.k.p.i.AbstractProblemLoader Environment load took 178.1ns 
42363      INFO  main            d.u.i.k.p.i.AbstractProblemLoader Creating init config 
44472      DEBUG main            d.u.i.k.p.i.AbstractProblemLoader Init config took 2.11s 
44546      INFO  main            d.u.i.k.p.i.AbstractProblemLoader Replaying proof javacard.framework.Util[javacard.framework.Util::arrayFillNonAtomic([B,short,short,byte)].JML behavior operation contract.0.transaction_inactive 
45526      DEBUG main            d.u.i.k.p.i.IntermediateProofReplayer Proof replay took 956.93ms 
45528      DEBUG main            d.u.i.k.p.r.p.TestFile    ... success: reloaded. 
45529      INFO  main            d.u.i.k.p.r.p.TestFile    Now processing file /home/runner/work/key/key/key.core/../key.ui/examples/heap/coincidence_count/project.key 
45530      INFO  main            d.u.i.k.p.i.AbstractProblemLoader Loading environment from /home/runner/work/key/key/key.core/../key.ui/examples/heap/coincidence_count/project.key 
45530      DEBUG main            d.u.i.k.p.i.AbstractProblemLoader Environment load took 275.8ns 
45531      INFO  main            d.u.i.k.p.i.AbstractProblemLoader Creating init config 
50137      DEBUG main            d.u.i.k.p.i.AbstractProblemLoader Init config took 4.61s 
50202      INFO  main            d.u.i.k.p.i.AbstractProblemLoader Replaying proof CC[CC::calcCoinIndex([I,[I)].JML normal_behavior operation contract.0 
50211      DEBUG main            d.u.i.k.p.i.IntermediateProofReplayer Proof replay took 8.1ns 
76237      INFO  main            d.u.i.k.p.r.p.TestFile    ... finished proof: closed. 
76660      INFO  main            d.u.i.k.p.i.AbstractProblemLoader Loading environment from /home/runner/work/key/key/key.core/../key.ui/examples/heap/coincidence_count/project.key.proof 
76660      DEBUG main            d.u.i.k.p.i.AbstractProblemLoader Environment load took 789.5ns 
76665      INFO  main            d.u.i.k.p.i.AbstractProblemLoader Creating init config 
80194      DEBUG main            d.u.i.k.p.i.AbstractProblemLoader Init config took 3.53s 
80250      INFO  main            d.u.i.k.p.i.AbstractProblemLoader Replaying proof CC[CC::calcCoinIndex([I,[I)].JML normal_behavior operation contract.0 
81349      DEBUG main            d.u.i.k.p.i.IntermediateProofReplayer Proof replay took 1.01s 
81356      DEBUG main            d.u.i.k.p.r.p.TestFile    ... success: reloaded. 
81358      INFO  main            d.u.i.k.p.r.p.TestFile    Now processing file /home/runner/work/key/key/key.core/../key.ui/examples/heap/verifyThis11_1_Maximum/project.key 
81359      INFO  main            d.u.i.k.p.i.AbstractProblemLoader Loading environment from /home/runner/work/key/key/key.core/../key.ui/examples/heap/verifyThis11_1_Maximum/project.key 
81360      DEBUG main            d.u.i.k.p.i.AbstractProblemLoader Environment load took 488.6ns 
81363      INFO  main            d.u.i.k.p.i.AbstractProblemLoader Creating init config 
84938      DEBUG main            d.u.i.k.p.i.AbstractProblemLoader Init config took 3.57s 
85007      INFO  main            d.u.i.k.p.i.AbstractProblemLoader Replaying proof Maximum[Maximum::maxIndex([I)].JML normal_behavior operation contract.0 
85010      DEBUG main            d.u.i.k.p.i.IntermediateProofReplayer Proof replay took 8.5ns 
86320      INFO  main            d.u.i.k.p.r.p.TestFile    ... finished proof: closed. 
86646      INFO  main            d.u.i.k.p.i.AbstractProblemLoader Loading environment from /home/runner/work/key/key/key.core/../key.ui/examples/heap/verifyThis11_1_Maximum/project.key.proof 
86647      DEBUG main            d.u.i.k.p.i.AbstractProblemLoader Environment load took 646.61ns 
86648      INFO  main            d.u.i.k.p.i.AbstractProblemLoader Creating init config 
90044      DEBUG main            d.u.i.k.p.i.AbstractProblemLoader Init config took 3.4s 
90114      INFO  main            d.u.i.k.p.i.AbstractProblemLoader Replaying proof Maximum[Maximum::maxIndex([I)].JML normal_behavior operation contract.0 
90300      DEBUG main            d.u.i.k.p.i.IntermediateProofReplayer Proof replay took 175.69ms 
90301      DEBUG main            d.u.i.k.p.r.p.TestFile    ... success: reloaded. 
90303      INFO  main            d.u.i.k.p.r.p.TestFile    Now processing file /home/runner/work/key/key/key.core/../key.ui/examples/heap/fm12_01_LRS/lcp.key 
90303      INFO  main            d.u.i.k.p.i.AbstractProblemLoader Loading environment from /home/runner/work/key/key/key.core/../key.ui/examples/heap/fm12_01_LRS/lcp.key 
90303      DEBUG main            d.u.i.k.p.i.AbstractProblemLoader Environment load took 328.2ns 
90305      INFO  main            d.u.i.k.p.i.AbstractProblemLoader Creating init config 
94786      DEBUG main            d.u.i.k.p.i.AbstractProblemLoader Init config took 4.48s 
94871      INFO  main            d.u.i.k.p.i.AbstractProblemLoader Replaying proof LCP[LCP::lcp([I,int,int)].JML normal_behavior operation contract.0 
94877      DEBUG main            d.u.i.k.p.i.IntermediateProofReplayer Proof replay took 7.9ns 
96290      INFO  main            d.u.i.k.p.r.p.TestFile    ... finished proof: closed. 
96657      INFO  main            d.u.i.k.p.i.AbstractProblemLoader Loading environment from /home/runner/work/key/key/key.core/../key.ui/examples/heap/fm12_01_LRS/lcp.key.proof 
96658      DEBUG main            d.u.i.k.p.i.AbstractProblemLoader Environment load took 589.11ns 
96659      INFO  main            d.u.i.k.p.i.AbstractProblemLoader Creating init config 
100564     DEBUG main            d.u.i.k.p.i.AbstractProblemLoader Init config took 3.9s 
100636     INFO  main            d.u.i.k.p.i.AbstractProblemLoader Replaying proof LCP[LCP::lcp([I,int,int)].JML normal_behavior operation contract.0 
100869     DEBUG main            d.u.i.k.p.i.IntermediateProofReplayer Proof replay took 225.41ms 
100871     DEBUG main            d.u.i.k.p.r.p.TestFile    ... success: reloaded. 
100873     INFO  main            d.u.i.k.p.r.p.TestFile    Now processing file /home/runner/work/key/key/key.core/../key.ui/examples/heap/SemanticSlicing/project.key 
100873     INFO  main            d.u.i.k.p.i.AbstractProblemLoader Loading environment from /home/runner/work/key/key/key.core/../key.ui/examples/heap/SemanticSlicing/project.key 
100873     DEBUG main            d.u.i.k.p.i.AbstractProblemLoader Environment load took 269.5ns 
100875     INFO  main            d.u.i.k.p.i.AbstractProblemLoader Creating init config 
104398     DEBUG main            d.u.i.k.p.i.AbstractProblemLoader Init config took 3.52s 
104470     INFO  main            d.u.i.k.p.i.AbstractProblemLoader Replaying proof unsatcore_after.competition.postcond5.scope333.LRS[unsatcore_after.competition.postcond5.scope333.LRS::doLRS()].JML operation contract.0 
104473     DEBUG main            d.u.i.k.p.i.IntermediateProofReplayer Proof replay took 6.8ns 
109756     INFO  main            d.u.i.k.p.r.p.TestFile    ... finished proof: closed. 
110124     INFO  main            d.u.i.k.p.i.AbstractProblemLoader Loading environment from /home/runner/work/key/key/key.core/../key.ui/examples/heap/SemanticSlicing/project.key.proof 
110124     DEBUG main            d.u.i.k.p.i.AbstractProblemLoader Environment load took 133.8ns 
110126     INFO  main            d.u.i.k.p.i.AbstractProblemLoader Creating init config 
113578     DEBUG main            d.u.i.k.p.i.AbstractProblemLoader Init config took 3.45s 
113647     INFO  main            d.u.i.k.p.i.AbstractProblemLoader Replaying proof unsatcore_after.competition.postcond5.scope333.LRS[unsatcore_after.competition.postcond5.scope333.LRS::doLRS()].JML operation contract.0 
114451     DEBUG main            d.u.i.k.p.i.IntermediateProofReplayer Proof replay took 786.57ms 
114453     DEBUG main            d.u.i.k.p.r.p.TestFile    ... success: reloaded. 
114454     INFO  main            d.u.i.k.p.r.p.TestFile    Now processing file /home/runner/work/key/key/key.core/../key.ui/examples/heap/information_flow/ArrayList_contains.key 
114455     INFO  main            d.u.i.k.p.i.AbstractProblemLoader Loading environment from /home/runner/work/key/key/key.core/../key.ui/examples/heap/information_flow/ArrayList_contains.key 
114455     DEBUG main            d.u.i.k.p.i.AbstractProblemLoader Environment load took 145.5ns 
114456     INFO  main            d.u.i.k.p.i.AbstractProblemLoader Creating init config 
118200     DEBUG main            d.u.i.k.p.i.AbstractProblemLoader Init config took 3.74s 
118257     INFO  main            d.u.i.k.p.i.AbstractProblemLoader Replaying proof ArrayList[ArrayList::get(int)].JML normal_behavior operation contract.0 
118259     DEBUG main            d.u.i.k.p.i.IntermediateProofReplayer Proof replay took 7.9ns 
118663     INFO  main            d.u.i.k.p.r.p.TestFile    ... finished proof: closed. 
119015     INFO  main            d.u.i.k.p.i.AbstractProblemLoader Loading environment from /home/runner/work/key/key/key.core/../key.ui/examples/heap/information_flow/ArrayList_contains.key.proof 
119016     DEBUG main            d.u.i.k.p.i.AbstractProblemLoader Environment load took 847.51ns 
119017     INFO  main            d.u.i.k.p.i.AbstractProblemLoader Creating init config 
122700     DEBUG main            d.u.i.k.p.i.AbstractProblemLoader Init config took 3.68s 
122757     INFO  main            d.u.i.k.p.i.AbstractProblemLoader Replaying proof ArrayList[ArrayList::get(int)].JML normal_behavior operation contract.0 
122819     DEBUG main            d.u.i.k.p.i.IntermediateProofReplayer Proof replay took 58.85ms 
122821     DEBUG main            d.u.i.k.p.r.p.TestFile    ... success: reloaded. 
122822     INFO  main            d.u.i.k.p.r.p.TestFile    Now processing file /home/runner/work/key/key/key.core/../key.ui/examples/heap/information_flow/ArrayList_get.key 
122822     INFO  main            d.u.i.k.p.i.AbstractProblemLoader Loading environment from /home/runner/work/key/key/key.core/../key.ui/examples/heap/information_flow/ArrayList_get.key 
122822     DEBUG main            d.u.i.k.p.i.AbstractProblemLoader Environment load took 291.7ns 
122824     INFO  main            d.u.i.k.p.i.AbstractProblemLoader Creating init config 
126459     DEBUG main            d.u.i.k.p.i.AbstractProblemLoader Init config took 3.64s 
126509     INFO  main            d.u.i.k.p.i.AbstractProblemLoader Replaying proof ArrayList[ArrayList::contains(java.lang.Object)].JML normal_behavior operation contract.0 
126511     DEBUG main            d.u.i.k.p.i.IntermediateProofReplayer Proof replay took 7.5ns 
127759     INFO  main            d.u.i.k.p.r.p.TestFile    ... finished proof: closed. 
128162     INFO  main            d.u.i.k.p.i.AbstractProblemLoader Loading environment from /home/runner/work/key/key/key.core/../key.ui/examples/heap/information_flow/ArrayList_get.key.proof 
128163     DEBUG main            d.u.i.k.p.i.AbstractProblemLoader Environment load took 699.21ns 
128164     INFO  main            d.u.i.k.p.i.AbstractProblemLoader Creating init config 
131672     DEBUG main            d.u.i.k.p.i.AbstractProblemLoader Init config took 3.51s 
131720     INFO  main            d.u.i.k.p.i.AbstractProblemLoader Replaying proof ArrayList[ArrayList::contains(java.lang.Object)].JML normal_behavior operation contract.0 
131910     DEBUG main            d.u.i.k.p.i.IntermediateProofReplayer Proof replay took 183.4ms 
131912     DEBUG main            d.u.i.k.p.r.p.TestFile    ... success: reloaded. 
131913     INFO  main            d.u.i.k.p.r.p.TestFile    Now processing file /home/runner/work/key/key/key.core/../key.ui/examples/heap/information_flow/ArrayList_size.key 
131913     INFO  main            d.u.i.k.p.i.AbstractProblemLoader Loading environment from /home/runner/work/key/key/key.core/../key.ui/examples/heap/information_flow/ArrayList_size.key 
131913     DEBUG main            d.u.i.k.p.i.AbstractProblemLoader Environment load took 217.3ns 
131915     INFO  main            d.u.i.k.p.i.AbstractProblemLoader Creating init config 
135607     DEBUG main            d.u.i.k.p.i.AbstractProblemLoader Init config took 3.69s 
135655     INFO  main            d.u.i.k.p.i.AbstractProblemLoader Replaying proof ArrayList[ArrayList::size()].JML normal_behavior operation contract.0 
135656     DEBUG main            d.u.i.k.p.i.IntermediateProofReplayer Proof replay took 8.3ns 
135761     INFO  main            d.u.i.k.p.r.p.TestFile    ... finished proof: closed. 
136127     INFO  main            d.u.i.k.p.i.AbstractProblemLoader Loading environment from /home/runner/work/key/key/key.core/../key.ui/examples/heap/information_flow/ArrayList_size.key.proof 
136128     DEBUG main            d.u.i.k.p.i.AbstractProblemLoader Environment load took 170.4ns 
136131     INFO  main            d.u.i.k.p.i.AbstractProblemLoader Creating init config 
139863     DEBUG main            d.u.i.k.p.i.AbstractProblemLoader Init config took 3.73s 
139912     INFO  main            d.u.i.k.p.i.AbstractProblemLoader Replaying proof ArrayList[ArrayList::size()].JML normal_behavior operation contract.0 
139930     DEBUG main            d.u.i.k.p.i.IntermediateProofReplayer Proof replay took 16.43ms 
139932     DEBUG main            d.u.i.k.p.r.p.TestFile    ... success: reloaded. 
139933     INFO  main            d.u.i.k.p.r.p.TestFile    Now processing file /home/runner/work/key/key/key.core/../key.ui/examples/heap/information_flow/UpdateAbstraction_ex7_3_secure.key 
139933     INFO  main            d.u.i.k.p.i.AbstractProblemLoader Loading environment from /home/runner/work/key/key/key.core/../key.ui/examples/heap/information_flow/UpdateAbstraction_ex7_3_secure.key 
139933     DEBUG main            d.u.i.k.p.i.AbstractProblemLoader Environment load took 351.2ns 
139935     INFO  main            d.u.i.k.p.i.AbstractProblemLoader Creating init config 
143645     DEBUG main            d.u.i.k.p.i.AbstractProblemLoader Init config took 3.71s 
143688     INFO  main            d.u.i.k.p.i.AbstractProblemLoader Replaying proof UpdateAbstraction[UpdateAbstraction::ex7_3_secure()].JML operation contract.0 
143690     DEBUG main            d.u.i.k.p.i.IntermediateProofReplayer Proof replay took 7.5ns 
143893     INFO  main            d.u.i.k.p.r.p.TestFile    ... finished proof: closed. 
144261     INFO  main            d.u.i.k.p.i.AbstractProblemLoader Loading environment from /home/runner/work/key/key/key.core/../key.ui/examples/heap/information_flow/UpdateAbstraction_ex7_3_secure.key.proof 
144261     DEBUG main            d.u.i.k.p.i.AbstractProblemLoader Environment load took 242.4ns 
144262     INFO  main            d.u.i.k.p.i.AbstractProblemLoader Creating init config 
147866     DEBUG main            d.u.i.k.p.i.AbstractProblemLoader Init config took 3.6s 
147909     INFO  main            d.u.i.k.p.i.AbstractProblemLoader Replaying proof UpdateAbstraction[UpdateAbstraction::ex7_3_secure()].JML operation contract.0 
147944     DEBUG main            d.u.i.k.p.i.IntermediateProofReplayer Proof replay took 33.32ms 
147945     DEBUG main            d.u.i.k.p.r.p.TestFile    ... success: reloaded. 
147946     INFO  main            d.u.i.k.p.r.p.TestFile    Now processing file /home/runner/work/key/key/key.core/../key.ui/examples/heap/information_flow/UpdateAbstraction_ex7_4_secure.key 
147947     INFO  main            d.u.i.k.p.i.AbstractProblemLoader Loading environment from /home/runner/work/key/key/key.core/../key.ui/examples/heap/information_flow/UpdateAbstraction_ex7_4_secure.key 
147947     DEBUG main            d.u.i.k.p.i.AbstractProblemLoader Environment load took 105.2ns 
147948     INFO  main            d.u.i.k.p.i.AbstractProblemLoader Creating init config 
151534     DEBUG main            d.u.i.k.p.i.AbstractProblemLoader Init config took 3.59s 
151579     INFO  main            d.u.i.k.p.i.AbstractProblemLoader Replaying proof UpdateAbstraction[UpdateAbstraction::ex7_4_secure()].JML operation contract.0 
151581     DEBUG main            d.u.i.k.p.i.IntermediateProofReplayer Proof replay took 7.5ns 
151884     INFO  main            d.u.i.k.p.r.p.TestFile    ... finished proof: closed. 
152295     INFO  main            d.u.i.k.p.i.AbstractProblemLoader Loading environment from /home/runner/work/key/key/key.core/../key.ui/examples/heap/information_flow/UpdateAbstraction_ex7_4_secure.key.proof 
152295     DEBUG main            d.u.i.k.p.i.AbstractProblemLoader Environment load took 180.4ns 
152298     INFO  main            d.u.i.k.p.i.AbstractProblemLoader Creating init config 
155763     DEBUG main            d.u.i.k.p.i.AbstractProblemLoader Init config took 3.46s 
155835     INFO  main            d.u.i.k.p.i.AbstractProblemLoader Replaying proof UpdateAbstraction[UpdateAbstraction::ex7_4_secure()].JML operation contract.0 
155892     DEBUG main            d.u.i.k.p.i.IntermediateProofReplayer Proof replay took 53.23ms 
155894     DEBUG main            d.u.i.k.p.r.p.TestFile    ... success: reloaded. 
155897     INFO  main            d.u.i.k.p.r.p.TestFile    Now processing file /home/runner/work/key/key/key.core/../key.ui/examples/heap/information_flow/UpdateAbstraction_ex7_5_secure.key 
155897     INFO  main            d.u.i.k.p.i.AbstractProblemLoader Loading environment from /home/runner/work/key/key/key.core/../key.ui/examples/heap/information_flow/UpdateAbstraction_ex7_5_secure.key 
155898     DEBUG main            d.u.i.k.p.i.AbstractProblemLoader Environment load took 438.4ns 
155899     INFO  main            d.u.i.k.p.i.AbstractProblemLoader Creating init config 
159518     DEBUG main            d.u.i.k.p.i.AbstractProblemLoader Init config took 3.62s 
159564     INFO  main            d.u.i.k.p.i.AbstractProblemLoader Replaying proof UpdateAbstraction[UpdateAbstraction::ex7_5_secure()].JML operation contract.0 
159565     DEBUG main            d.u.i.k.p.i.IntermediateProofReplayer Proof replay took 8.2ns 
159670     INFO  main            d.u.i.k.p.r.p.TestFile    ... finished proof: closed. 
160049     INFO  main            d.u.i.k.p.i.AbstractProblemLoader Loading environment from /home/runner/work/key/key/key.core/../key.ui/examples/heap/information_flow/UpdateAbstraction_ex7_5_secure.key.proof 
160050     DEBUG main            d.u.i.k.p.i.AbstractProblemLoader Environment load took 158.2ns 
160051     INFO  main            d.u.i.k.p.i.AbstractProblemLoader Creating init config 
163702     DEBUG main            d.u.i.k.p.i.AbstractProblemLoader Init config took 3.65s 
163773     INFO  main            d.u.i.k.p.i.AbstractProblemLoader Replaying proof UpdateAbstraction[UpdateAbstraction::ex7_5_secure()].JML operation contract.0 
163800     DEBUG main            d.u.i.k.p.i.IntermediateProofReplayer Proof replay took 24.49ms 
163801     DEBUG main            d.u.i.k.p.r.p.TestFile    ... success: reloaded. 
163802     INFO  main            d.u.i.k.p.r.p.TestFile    Now processing file /home/runner/work/key/key/key.core/../key.ui/examples/heap/information_flow/UpdateAbstraction_ex7_6_secure.key 
163802     INFO  main            d.u.i.k.p.i.AbstractProblemLoader Loading environment from /home/runner/work/key/key/key.core/../key.ui/examples/heap/information_flow/UpdateAbstraction_ex7_6_secure.key 
163802     DEBUG main            d.u.i.k.p.i.AbstractProblemLoader Environment load took 160.5ns 
163804     INFO  main            d.u.i.k.p.i.AbstractProblemLoader Creating init config 
167418     DEBUG main            d.u.i.k.p.i.AbstractProblemLoader Init config took 3.61s 
167461     INFO  main            d.u.i.k.p.i.AbstractProblemLoader Replaying proof UpdateAbstraction[UpdateAbstraction::ex7_6_secure()].JML operation contract.0 
167463     DEBUG main            d.u.i.k.p.i.IntermediateProofReplayer Proof replay took 7.5ns 
167870     INFO  main            d.u.i.k.p.r.p.TestFile    ... finished proof: closed. 
168304     INFO  main            d.u.i.k.p.i.AbstractProblemLoader Loading environment from /home/runner/work/key/key/key.core/../key.ui/examples/heap/information_flow/UpdateAbstraction_ex7_6_secure.key.proof 
168305     DEBUG main            d.u.i.k.p.i.AbstractProblemLoader Environment load took 606.4ns 
168306     INFO  main            d.u.i.k.p.i.AbstractProblemLoader Creating init config 
171890     DEBUG main            d.u.i.k.p.i.AbstractProblemLoader Init config took 3.58s 
171940     INFO  main            d.u.i.k.p.i.AbstractProblemLoader Replaying proof UpdateAbstraction[UpdateAbstraction::ex7_6_secure()].JML operation contract.0 
172018     DEBUG main            d.u.i.k.p.i.IntermediateProofReplayer Proof replay took 73.51ms 
172019     DEBUG main            d.u.i.k.p.r.p.TestFile    ... success: reloaded. 
172020     INFO  main            d.u.i.k.p.r.p.TestFile    Now processing file /home/runner/work/key/key/key.core/../key.ui/examples/heap/information_flow/UpdateAbstraction_ex9_secure.key 
172021     INFO  main            d.u.i.k.p.i.AbstractProblemLoader Loading environment from /home/runner/work/key/key/key.core/../key.ui/examples/heap/information_flow/UpdateAbstraction_ex9_secure.key 
172021     DEBUG main            d.u.i.k.p.i.AbstractProblemLoader Environment load took 297.7ns 
172022     INFO  main            d.u.i.k.p.i.AbstractProblemLoader Creating init config 
175581     DEBUG main            d.u.i.k.p.i.AbstractProblemLoader Init config took 3.56s 
175626     INFO  main            d.u.i.k.p.i.AbstractProblemLoader Replaying proof UpdateAbstraction[UpdateAbstraction::ex9_secure()].JML operation contract.0 
175630     DEBUG main            d.u.i.k.p.i.IntermediateProofReplayer Proof replay took 8.6ns 
177035     INFO  main            d.u.i.k.p.r.p.TestFile    ... finished proof: closed. 
177466     INFO  main            d.u.i.k.p.i.AbstractProblemLoader Loading environment from /home/runner/work/key/key/key.core/../key.ui/examples/heap/information_flow/UpdateAbstraction_ex9_secure.key.proof 
177469     DEBUG main            d.u.i.k.p.i.AbstractProblemLoader Environment load took 891.11ns 
177470     INFO  main            d.u.i.k.p.i.AbstractProblemLoader Creating init config 
181027     DEBUG main            d.u.i.k.p.i.AbstractProblemLoader Init config took 3.56s 
181072     INFO  main            d.u.i.k.p.i.AbstractProblemLoader Replaying proof UpdateAbstraction[UpdateAbstraction::ex9_secure()].JML operation contract.0 
181298     DEBUG main            d.u.i.k.p.i.IntermediateProofReplayer Proof replay took 220.84ms 
181299     DEBUG main            d.u.i.k.p.r.p.TestFile    ... success: reloaded. 
1210932    INFO  Test worker     d.u.i.k.p.r.RunAllProofsTestUnit Returning from test javaCard 
1210934    INFO  Test worker     d.u.i.k.p.r.RunAllProofsTestUnit Running test list 
513        INFO  Timeout watchdog d.u.i.k.p.r.p.ForkedTestFileRunner Timeout watcher launched (2000 secs.) 
546        WARN  main            d.u.i.k.s.ProofSettings   The settings in /home/runner/.key/proof-settings.props are *not* read. 
608        INFO  main            d.u.i.k.p.r.p.TestFile    Now processing file /home/runner/work/key/key/key.core/../key.ui/examples/heap/list/ArrayList_add.key 
847        INFO  main            d.u.i.k.p.i.AbstractProblemLoader Loading environment from /home/runner/work/key/key/key.core/../key.ui/examples/heap/list/ArrayList_add.key 
871        DEBUG main            d.u.i.k.p.i.AbstractProblemLoader Environment load took 3.21ms 
1224       INFO  main            d.u.i.k.p.i.AbstractProblemLoader Creating init config 
2780       DEBUG main            d.u.i.k.j.TypeConverter   No LDT found for Meta 
2780       DEBUG main            d.u.i.k.j.TypeConverter   No LDT found for Meta 
2781       DEBUG main            d.u.i.k.j.TypeConverter   No LDT found for Meta 
2782       DEBUG main            d.u.i.k.j.TypeConverter   No LDT found for Meta 
5134       DEBUG main            d.u.i.k.j.TypeConverter   No LDT found for JavaBigintExpression 
9932       DEBUG main            d.u.i.k.j.r.ClassPreparationMethodBuilder clPrepBuilder: Inner Class detected. Reject building class initialisation methods. 
13930      DEBUG main            d.u.i.k.p.i.AbstractProblemLoader Init config took 12.71s 
14230      INFO  main            d.u.i.k.p.i.AbstractProblemLoader Replaying proof ArrayList[List::add(java.lang.Object)].JML normal_behavior operation contract.0 
14323      DEBUG main            d.u.i.k.p.i.IntermediateProofReplayer Proof replay took 77.4ns 
22555      INFO  main            d.u.i.k.p.r.p.TestFile    ... finished proof: closed. 
22837      INFO  main            d.u.i.k.p.i.AbstractProblemLoader Loading environment from /home/runner/work/key/key/key.core/../key.ui/examples/heap/list/ArrayList_add.key.proof 
22837      DEBUG main            d.u.i.k.p.i.AbstractProblemLoader Environment load took 352.11ns 
22841      INFO  main            d.u.i.k.p.i.AbstractProblemLoader Creating init config 
24375      DEBUG main            d.u.i.k.j.r.ClassPreparationMethodBuilder clPrepBuilder: Inner Class detected. Reject building class initialisation methods. 
27595      DEBUG main            d.u.i.k.p.i.AbstractProblemLoader Init config took 4.75s 
27715      INFO  main            d.u.i.k.p.i.AbstractProblemLoader Replaying proof ArrayList[List::add(java.lang.Object)].JML normal_behavior operation contract.0 
28580      DEBUG main            d.u.i.k.p.i.IntermediateProofReplayer Proof replay took 826.55ms 
28593      DEBUG main            d.u.i.k.p.r.p.TestFile    ... success: reloaded. 
28596      INFO  main            d.u.i.k.p.r.p.TestFile    Now processing file /home/runner/work/key/key/key.core/../key.ui/examples/heap/list/ArrayList_ArrayList.key 
28596      INFO  main            d.u.i.k.p.i.AbstractProblemLoader Loading environment from /home/runner/work/key/key/key.core/../key.ui/examples/heap/list/ArrayList_ArrayList.key 
28597      DEBUG main            d.u.i.k.p.i.AbstractProblemLoader Environment load took 578.3ns 
28599      INFO  main            d.u.i.k.p.i.AbstractProblemLoader Creating init config 
30103      DEBUG main            d.u.i.k.j.r.ClassPreparationMethodBuilder clPrepBuilder: Inner Class detected. Reject building class initialisation methods. 
33297      DEBUG main            d.u.i.k.p.i.AbstractProblemLoader Init config took 4.7s 
33388      INFO  main            d.u.i.k.p.i.AbstractProblemLoader Replaying proof ArrayList[ArrayList::ArrayList()].JML normal_behavior operation contract.0 
33393      DEBUG main            d.u.i.k.p.i.IntermediateProofReplayer Proof replay took 32.3ns 
35619      INFO  main            d.u.i.k.p.r.p.TestFile    ... finished proof: closed. 
35881      INFO  main            d.u.i.k.p.i.AbstractProblemLoader Loading environment from /home/runner/work/key/key/key.core/../key.ui/examples/heap/list/ArrayList_ArrayList.key.proof 
35881      DEBUG main            d.u.i.k.p.i.AbstractProblemLoader Environment load took 658.1ns 
35888      INFO  main            d.u.i.k.p.i.AbstractProblemLoader Creating init config 
37474      DEBUG main            d.u.i.k.j.r.ClassPreparationMethodBuilder clPrepBuilder: Inner Class detected. Reject building class initialisation methods. 
40652      DEBUG main            d.u.i.k.p.i.AbstractProblemLoader Init config took 4.76s 
40739      INFO  main            d.u.i.k.p.i.AbstractProblemLoader Replaying proof ArrayList[ArrayList::ArrayList()].JML normal_behavior operation contract.0 
41029      DEBUG main            d.u.i.k.p.i.IntermediateProofReplayer Proof replay took 273.44ms 
41033      DEBUG main            d.u.i.k.p.r.p.TestFile    ... success: reloaded. 
41035      INFO  main            d.u.i.k.p.r.p.TestFile    Now processing file /home/runner/work/key/key/key.core/../key.ui/examples/heap/list/ArrayList_concatenate.key 
41035      INFO  main            d.u.i.k.p.i.AbstractProblemLoader Loading environment from /home/runner/work/key/key/key.core/../key.ui/examples/heap/list/ArrayList_concatenate.key 
41036      DEBUG main            d.u.i.k.p.i.AbstractProblemLoader Environment load took 255.1ns 
41039      INFO  main            d.u.i.k.p.i.AbstractProblemLoader Creating init config 
42599      DEBUG main            d.u.i.k.j.r.ClassPreparationMethodBuilder clPrepBuilder: Inner Class detected. Reject building class initialisation methods. 
45734      DEBUG main            d.u.i.k.p.i.AbstractProblemLoader Init config took 4.7s 
45820      INFO  main            d.u.i.k.p.i.AbstractProblemLoader Replaying proof ArrayList[List::concatenate(List)].JML normal_behavior operation contract.0 
45823      DEBUG main            d.u.i.k.p.i.IntermediateProofReplayer Proof replay took 7.6ns 
81101      INFO  main            d.u.i.k.p.r.p.TestFile    ... finished proof: closed. 
81443      INFO  main            d.u.i.k.p.i.AbstractProblemLoader Loading environment from /home/runner/work/key/key/key.core/../key.ui/examples/heap/list/ArrayList_concatenate.key.proof 
81444      DEBUG main            d.u.i.k.p.i.AbstractProblemLoader Environment load took 652.01ns 
81452      INFO  main            d.u.i.k.p.i.AbstractProblemLoader Creating init config 
82891      DEBUG main            d.u.i.k.j.r.ClassPreparationMethodBuilder clPrepBuilder: Inner Class detected. Reject building class initialisation methods. 
85923      DEBUG main            d.u.i.k.p.i.AbstractProblemLoader Init config took 4.47s 
86021      INFO  main            d.u.i.k.p.i.AbstractProblemLoader Replaying proof ArrayList[List::concatenate(List)].JML normal_behavior operation contract.0 
88351      DEBUG main            d.u.i.k.p.i.IntermediateProofReplayer Proof replay took 2.24s 
88356      DEBUG main            d.u.i.k.p.r.p.TestFile    ... success: reloaded. 
88358      INFO  main            d.u.i.k.p.r.p.TestFile    Now processing file /home/runner/work/key/key/key.core/../key.ui/examples/heap/list/ArrayList_contains_dep.key 
88359      INFO  main            d.u.i.k.p.i.AbstractProblemLoader Loading environment from /home/runner/work/key/key/key.core/../key.ui/examples/heap/list/ArrayList_contains_dep.key 
88359      DEBUG main            d.u.i.k.p.i.AbstractProblemLoader Environment load took 305.2ns 
88360      INFO  main            d.u.i.k.p.i.AbstractProblemLoader Creating init config 
89952      DEBUG main            d.u.i.k.j.r.ClassPreparationMethodBuilder clPrepBuilder: Inner Class detected. Reject building class initialisation methods. 
93080      DEBUG main            d.u.i.k.p.i.AbstractProblemLoader Init config took 4.72s 
93161      INFO  main            d.u.i.k.p.i.AbstractProblemLoader Replaying proof ArrayList[List::contains(java.lang.Object)].JML accessible clause.0 
93170      DEBUG main            d.u.i.k.p.i.IntermediateProofReplayer Proof replay took 7.6ns 
97235      INFO  main            d.u.i.k.p.r.p.TestFile    ... finished proof: closed. 
97558      INFO  main            d.u.i.k.p.i.AbstractProblemLoader Loading environment from /home/runner/work/key/key/key.core/../key.ui/examples/heap/list/ArrayList_contains_dep.key.proof 
97559      DEBUG main            d.u.i.k.p.i.AbstractProblemLoader Environment load took 632.71ns 
97561      INFO  main            d.u.i.k.p.i.AbstractProblemLoader Creating init config 
98960      DEBUG main            d.u.i.k.j.r.ClassPreparationMethodBuilder clPrepBuilder: Inner Class detected. Reject building class initialisation methods. 
102030     DEBUG main            d.u.i.k.p.i.AbstractProblemLoader Init config took 4.47s 
102105     INFO  main            d.u.i.k.p.i.AbstractProblemLoader Replaying proof ArrayList[List::contains(java.lang.Object)].JML accessible clause.0 
102616     DEBUG main            d.u.i.k.p.i.IntermediateProofReplayer Proof replay took 496.74ms 
102619     DEBUG main            d.u.i.k.p.r.p.TestFile    ... success: reloaded. 
102620     INFO  main            d.u.i.k.p.r.p.TestFile    Now processing file /home/runner/work/key/key/key.core/../key.ui/examples/heap/list/ArrayList_enlarge.key 
102621     INFO  main            d.u.i.k.p.i.AbstractProblemLoader Loading environment from /home/runner/work/key/key/key.core/../key.ui/examples/heap/list/ArrayList_enlarge.key 
102621     DEBUG main            d.u.i.k.p.i.AbstractProblemLoader Environment load took 232.1ns 
102623     INFO  main            d.u.i.k.p.i.AbstractProblemLoader Creating init config 
104082     DEBUG main            d.u.i.k.j.r.ClassPreparationMethodBuilder clPrepBuilder: Inner Class detected. Reject building class initialisation methods. 
107114     DEBUG main            d.u.i.k.p.i.AbstractProblemLoader Init config took 4.49s 
107215     INFO  main            d.u.i.k.p.i.AbstractProblemLoader Replaying proof ArrayList[ArrayList::enlarge()].JML normal_behavior operation contract.0 
107218     DEBUG main            d.u.i.k.p.i.IntermediateProofReplayer Proof replay took 7ns 
110775     INFO  main            d.u.i.k.p.r.p.TestFile    ... finished proof: closed. 
111054     INFO  main            d.u.i.k.p.i.AbstractProblemLoader Loading environment from /home/runner/work/key/key/key.core/../key.ui/examples/heap/list/ArrayList_enlarge.key.proof 
111056     DEBUG main            d.u.i.k.p.i.AbstractProblemLoader Environment load took 2.36ms 
111058     INFO  main            d.u.i.k.p.i.AbstractProblemLoader Creating init config 
112406     DEBUG main            d.u.i.k.j.r.ClassPreparationMethodBuilder clPrepBuilder: Inner Class detected. Reject building class initialisation methods. 
115446     DEBUG main            d.u.i.k.p.i.AbstractProblemLoader Init config took 4.39s 
115550     INFO  main            d.u.i.k.p.i.AbstractProblemLoader Replaying proof ArrayList[ArrayList::enlarge()].JML normal_behavior operation contract.0 
115972     DEBUG main            d.u.i.k.p.i.IntermediateProofReplayer Proof replay took 410.06ms 
115975     DEBUG main            d.u.i.k.p.r.p.TestFile    ... success: reloaded. 
115977     INFO  main            d.u.i.k.p.r.p.TestFile    Now processing file /home/runner/work/key/key/key.core/../key.ui/examples/heap/list/ArrayList_footprint.key 
115978     INFO  main            d.u.i.k.p.i.AbstractProblemLoader Loading environment from /home/runner/work/key/key/key.core/../key.ui/examples/heap/list/ArrayList_footprint.key 
115978     DEBUG main            d.u.i.k.p.i.AbstractProblemLoader Environment load took 310.2ns 
115979     INFO  main            d.u.i.k.p.i.AbstractProblemLoader Creating init config 
117472     DEBUG main            d.u.i.k.j.r.ClassPreparationMethodBuilder clPrepBuilder: Inner Class detected. Reject building class initialisation methods. 
120486     DEBUG main            d.u.i.k.p.i.AbstractProblemLoader Init config took 4.51s 
120574     INFO  main            d.u.i.k.p.i.AbstractProblemLoader Replaying proof List[List::$footprint()].JML accessible clause.0 
120580     DEBUG main            d.u.i.k.p.i.IntermediateProofReplayer Proof replay took 6.9ns 
120682     INFO  main            d.u.i.k.p.r.p.TestFile    ... finished proof: closed. 
120984     INFO  main            d.u.i.k.p.i.AbstractProblemLoader Loading environment from /home/runner/work/key/key/key.core/../key.ui/examples/heap/list/ArrayList_footprint.key.proof 
120984     DEBUG main            d.u.i.k.p.i.AbstractProblemLoader Environment load took 148.2ns 
120985     INFO  main            d.u.i.k.p.i.AbstractProblemLoader Creating init config 
122379     DEBUG main            d.u.i.k.j.r.ClassPreparationMethodBuilder clPrepBuilder: Inner Class detected. Reject building class initialisation methods. 
125380     DEBUG main            d.u.i.k.p.i.AbstractProblemLoader Init config took 4.39s 
125447     INFO  main            d.u.i.k.p.i.AbstractProblemLoader Replaying proof List[List::$footprint()].JML accessible clause.0 
125452     DEBUG main            d.u.i.k.p.i.IntermediateProofReplayer Proof replay took 1.55ms 
125454     DEBUG main            d.u.i.k.p.r.p.TestFile    ... success: reloaded. 
125455     INFO  main            d.u.i.k.p.r.p.TestFile    Now processing file /home/runner/work/key/key/key.core/../key.ui/examples/heap/list/ArrayList_get_dep.key 
125456     INFO  main            d.u.i.k.p.i.AbstractProblemLoader Loading environment from /home/runner/work/key/key/key.core/../key.ui/examples/heap/list/ArrayList_get_dep.key 
125456     DEBUG main            d.u.i.k.p.i.AbstractProblemLoader Environment load took 287.8ns 
125457     INFO  main            d.u.i.k.p.i.AbstractProblemLoader Creating init config 
126848     DEBUG main            d.u.i.k.j.r.ClassPreparationMethodBuilder clPrepBuilder: Inner Class detected. Reject building class initialisation methods. 
129844     DEBUG main            d.u.i.k.p.i.AbstractProblemLoader Init config took 4.39s 
129912     INFO  main            d.u.i.k.p.i.AbstractProblemLoader Replaying proof ArrayList[List::get(int)].JML accessible clause.0 
129914     DEBUG main            d.u.i.k.p.i.IntermediateProofReplayer Proof replay took 7.4ns 
130628     INFO  main            d.u.i.k.p.r.p.TestFile    ... finished proof: closed. 
130907     INFO  main            d.u.i.k.p.i.AbstractProblemLoader Loading environment from /home/runner/work/key/key/key.core/../key.ui/examples/heap/list/ArrayList_get_dep.key.proof 
130908     DEBUG main            d.u.i.k.p.i.AbstractProblemLoader Environment load took 644ns 
130914     INFO  main            d.u.i.k.p.i.AbstractProblemLoader Creating init config 
132299     DEBUG main            d.u.i.k.j.r.ClassPreparationMethodBuilder clPrepBuilder: Inner Class detected. Reject building class initialisation methods. 
135222     DEBUG main            d.u.i.k.p.i.AbstractProblemLoader Init config took 4.31s 
135289     INFO  main            d.u.i.k.p.i.AbstractProblemLoader Replaying proof ArrayList[List::get(int)].JML accessible clause.0 
135372     DEBUG main            d.u.i.k.p.i.IntermediateProofReplayer Proof replay took 77.16ms 
135373     DEBUG main            d.u.i.k.p.r.p.TestFile    ... success: reloaded. 
135376     INFO  main            d.u.i.k.p.r.p.TestFile    Now processing file /home/runner/work/key/key/key.core/../key.ui/examples/heap/list/ArrayList_get_exceptional.key 
135376     INFO  main            d.u.i.k.p.i.AbstractProblemLoader Loading environment from /home/runner/work/key/key/key.core/../key.ui/examples/heap/list/ArrayList_get_exceptional.key 
135377     DEBUG main            d.u.i.k.p.i.AbstractProblemLoader Environment load took 381.7ns 
135378     INFO  main            d.u.i.k.p.i.AbstractProblemLoader Creating init config 
136801     DEBUG main            d.u.i.k.j.r.ClassPreparationMethodBuilder clPrepBuilder: Inner Class detected. Reject building class initialisation methods. 
139750     DEBUG main            d.u.i.k.p.i.AbstractProblemLoader Init config took 4.37s 
139820     INFO  main            d.u.i.k.p.i.AbstractProblemLoader Replaying proof ArrayList[List::get(int)].JML exceptional_behavior operation contract.0 
139822     DEBUG main            d.u.i.k.p.i.IntermediateProofReplayer Proof replay took 6.4ns 
141562     INFO  main            d.u.i.k.p.r.p.TestFile    ... finished proof: closed. 
141861     INFO  main            d.u.i.k.p.i.AbstractProblemLoader Loading environment from /home/runner/work/key/key/key.core/../key.ui/examples/heap/list/ArrayList_get_exceptional.key.proof 
141861     DEBUG main            d.u.i.k.p.i.AbstractProblemLoader Environment load took 150.3ns 
141863     INFO  main            d.u.i.k.p.i.AbstractProblemLoader Creating init config 
143250     DEBUG main            d.u.i.k.j.r.ClassPreparationMethodBuilder clPrepBuilder: Inner Class detected. Reject building class initialisation methods. 
146207     DEBUG main            d.u.i.k.p.i.AbstractProblemLoader Init config took 4.34s 
146275     INFO  main            d.u.i.k.p.i.AbstractProblemLoader Replaying proof ArrayList[List::get(int)].JML exceptional_behavior operation contract.0 
146517     DEBUG main            d.u.i.k.p.i.IntermediateProofReplayer Proof replay took 231.95ms 
146518     DEBUG main            d.u.i.k.p.r.p.TestFile    ... success: reloaded. 
146520     INFO  main            d.u.i.k.p.r.p.TestFile    Now processing file /home/runner/work/key/key/key.core/../key.ui/examples/heap/list/ArrayList_get_normal.key 
146520     INFO  main            d.u.i.k.p.i.AbstractProblemLoader Loading environment from /home/runner/work/key/key/key.core/../key.ui/examples/heap/list/ArrayList_get_normal.key 
146520     DEBUG main            d.u.i.k.p.i.AbstractProblemLoader Environment load took 135.8ns 
146521     INFO  main            d.u.i.k.p.i.AbstractProblemLoader Creating init config 
147902     DEBUG main            d.u.i.k.j.r.ClassPreparationMethodBuilder clPrepBuilder: Inner Class detected. Reject building class initialisation methods. 
150841     DEBUG main            d.u.i.k.p.i.AbstractProblemLoader Init config took 4.32s 
150905     INFO  main            d.u.i.k.p.i.AbstractProblemLoader Replaying proof ArrayList[List::get(int)].JML normal_behavior operation contract.0 
150907     DEBUG main            d.u.i.k.p.i.IntermediateProofReplayer Proof replay took 6.9ns 
151514     INFO  main            d.u.i.k.p.r.p.TestFile    ... finished proof: closed. 
151822     INFO  main            d.u.i.k.p.i.AbstractProblemLoader Loading environment from /home/runner/work/key/key/key.core/../key.ui/examples/heap/list/ArrayList_get_normal.key.proof 
151823     DEBUG main            d.u.i.k.p.i.AbstractProblemLoader Environment load took 286.4ns 
151824     INFO  main            d.u.i.k.p.i.AbstractProblemLoader Creating init config 
153146     DEBUG main            d.u.i.k.j.r.ClassPreparationMethodBuilder clPrepBuilder: Inner Class detected. Reject building class initialisation methods. 
156124     DEBUG main            d.u.i.k.p.i.AbstractProblemLoader Init config took 4.3s 
156193     INFO  main            d.u.i.k.p.i.AbstractProblemLoader Replaying proof ArrayList[List::get(int)].JML normal_behavior operation contract.0 
156277     DEBUG main            d.u.i.k.p.i.IntermediateProofReplayer Proof replay took 79.66ms 
156279     DEBUG main            d.u.i.k.p.r.p.TestFile    ... success: reloaded. 
156281     INFO  main            d.u.i.k.p.r.p.TestFile    Now processing file /home/runner/work/key/key/key.core/../key.ui/examples/heap/list/ArrayList_inv.key 
156282     INFO  main            d.u.i.k.p.i.AbstractProblemLoader Loading environment from /home/runner/work/key/key/key.core/../key.ui/examples/heap/list/ArrayList_inv.key 
156282     DEBUG main            d.u.i.k.p.i.AbstractProblemLoader Environment load took 485.2ns 
156283     INFO  main            d.u.i.k.p.i.AbstractProblemLoader Creating init config 
157679     DEBUG main            d.u.i.k.j.r.ClassPreparationMethodBuilder clPrepBuilder: Inner Class detected. Reject building class initialisation methods. 
160654     DEBUG main            d.u.i.k.p.i.AbstractProblemLoader Init config took 4.37s 
160721     INFO  main            d.u.i.k.p.i.AbstractProblemLoader Replaying proof ArrayList[java.lang.Object::<inv>()].JML accessible clause.0 
160724     DEBUG main            d.u.i.k.p.i.IntermediateProofReplayer Proof replay took 7.5ns 
161329     INFO  main            d.u.i.k.p.r.p.TestFile    ... finished proof: closed. 
161611     INFO  main            d.u.i.k.p.i.AbstractProblemLoader Loading environment from /home/runner/work/key/key/key.core/../key.ui/examples/heap/list/ArrayList_inv.key.proof 
161611     DEBUG main            d.u.i.k.p.i.AbstractProblemLoader Environment load took 163.7ns 
161613     INFO  main            d.u.i.k.p.i.AbstractProblemLoader Creating init config 
162968     DEBUG main            d.u.i.k.j.r.ClassPreparationMethodBuilder clPrepBuilder: Inner Class detected. Reject building class initialisation methods. 
165851     DEBUG main            d.u.i.k.p.i.AbstractProblemLoader Init config took 4.24s 
165912     INFO  main            d.u.i.k.p.i.AbstractProblemLoader Replaying proof ArrayList[java.lang.Object::<inv>()].JML accessible clause.0 
165963     DEBUG main            d.u.i.k.p.i.IntermediateProofReplayer Proof replay took 45.26ms 
165964     DEBUG main            d.u.i.k.p.r.p.TestFile    ... success: reloaded. 
165966     INFO  main            d.u.i.k.p.r.p.TestFile    Now processing file /home/runner/work/key/key/key.core/../key.ui/examples/heap/list/ArrayList_iterator.key 
165967     INFO  main            d.u.i.k.p.i.AbstractProblemLoader Loading environment from /home/runner/work/key/key/key.core/../key.ui/examples/heap/list/ArrayList_iterator.key 
165967     DEBUG main            d.u.i.k.p.i.AbstractProblemLoader Environment load took 312.1ns 
165968     INFO  main            d.u.i.k.p.i.AbstractProblemLoader Creating init config 
167382     DEBUG main            d.u.i.k.j.r.ClassPreparationMethodBuilder clPrepBuilder: Inner Class detected. Reject building class initialisation methods. 
170246     DEBUG main            d.u.i.k.p.i.AbstractProblemLoader Init config took 4.28s 
170337     INFO  main            d.u.i.k.p.i.AbstractProblemLoader Replaying proof ArrayList[List::iterator()].JML normal_behavior operation contract.0 
170339     DEBUG main            d.u.i.k.p.i.IntermediateProofReplayer Proof replay took 7.1ns 
171045     INFO  main            d.u.i.k.p.r.p.TestFile    ... finished proof: closed. 
171459     INFO  main            d.u.i.k.p.i.AbstractProblemLoader Loading environment from /home/runner/work/key/key/key.core/../key.ui/examples/heap/list/ArrayList_iterator.key.proof 
171459     DEBUG main            d.u.i.k.p.i.AbstractProblemLoader Environment load took 626.3ns 
171462     INFO  main            d.u.i.k.p.i.AbstractProblemLoader Creating init config 
172792     DEBUG main            d.u.i.k.j.r.ClassPreparationMethodBuilder clPrepBuilder: Inner Class detected. Reject building class initialisation methods. 
175740     DEBUG main            d.u.i.k.p.i.AbstractProblemLoader Init config took 4.28s 
175810     INFO  main            d.u.i.k.p.i.AbstractProblemLoader Replaying proof ArrayList[List::iterator()].JML normal_behavior operation contract.0 
175914     DEBUG main            d.u.i.k.p.i.IntermediateProofReplayer Proof replay took 98.26ms 
175916     DEBUG main            d.u.i.k.p.r.p.TestFile    ... success: reloaded. 
175919     INFO  main            d.u.i.k.p.r.p.TestFile    Now processing file /home/runner/work/key/key/key.core/../key.ui/examples/heap/list/ArrayList_size_dep.key 
175920     INFO  main            d.u.i.k.p.i.AbstractProblemLoader Loading environment from /home/runner/work/key/key/key.core/../key.ui/examples/heap/list/ArrayList_size_dep.key 
175920     DEBUG main            d.u.i.k.p.i.AbstractProblemLoader Environment load took 291.2ns 
175921     INFO  main            d.u.i.k.p.i.AbstractProblemLoader Creating init config 
177367     DEBUG main            d.u.i.k.j.r.ClassPreparationMethodBuilder clPrepBuilder: Inner Class detected. Reject building class initialisation methods. 
180508     DEBUG main            d.u.i.k.p.i.AbstractProblemLoader Init config took 4.59s 
180576     INFO  main            d.u.i.k.p.i.AbstractProblemLoader Replaying proof ArrayList[List::size()].JML accessible clause.0 
180578     DEBUG main            d.u.i.k.p.i.IntermediateProofReplayer Proof replay took 7.4ns 
180882     INFO  main            d.u.i.k.p.r.p.TestFile    ... finished proof: closed. 
181215     INFO  main            d.u.i.k.p.i.AbstractProblemLoader Loading environment from /home/runner/work/key/key/key.core/../key.ui/examples/heap/list/ArrayList_size_dep.key.proof 
181216     DEBUG main            d.u.i.k.p.i.AbstractProblemLoader Environment load took 633.4ns 
181217     INFO  main            d.u.i.k.p.i.AbstractProblemLoader Creating init config 
182583     DEBUG main            d.u.i.k.j.r.ClassPreparationMethodBuilder clPrepBuilder: Inner Class detected. Reject building class initialisation methods. 
185523     DEBUG main            d.u.i.k.p.i.AbstractProblemLoader Init config took 4.31s 
185587     INFO  main            d.u.i.k.p.i.AbstractProblemLoader Replaying proof ArrayList[List::size()].JML accessible clause.0 
185615     DEBUG main            d.u.i.k.p.i.IntermediateProofReplayer Proof replay took 24.4ms 
185616     DEBUG main            d.u.i.k.p.r.p.TestFile    ... success: reloaded. 
185618     INFO  main            d.u.i.k.p.r.p.TestFile    Now processing file /home/runner/work/key/key/key.core/../key.ui/examples/heap/list/ArrayList_size.key 
185618     INFO  main            d.u.i.k.p.i.AbstractProblemLoader Loading environment from /home/runner/work/key/key/key.core/../key.ui/examples/heap/list/ArrayList_size.key 
185618     DEBUG main            d.u.i.k.p.i.AbstractProblemLoader Environment load took 214.9ns 
185619     INFO  main            d.u.i.k.p.i.AbstractProblemLoader Creating init config 
187025     DEBUG main            d.u.i.k.j.r.ClassPreparationMethodBuilder clPrepBuilder: Inner Class detected. Reject building class initialisation methods. 
190122     DEBUG main            d.u.i.k.p.i.AbstractProblemLoader Init config took 4.5s 
190191     INFO  main            d.u.i.k.p.i.AbstractProblemLoader Replaying proof ArrayList[List::size()].JML normal_behavior operation contract.0 
190193     DEBUG main            d.u.i.k.p.i.IntermediateProofReplayer Proof replay took 8.6ns 
190597     INFO  main            d.u.i.k.p.r.p.TestFile    ... finished proof: closed. 
190918     INFO  main            d.u.i.k.p.i.AbstractProblemLoader Loading environment from /home/runner/work/key/key/key.core/../key.ui/examples/heap/list/ArrayList_size.key.proof 
190919     DEBUG main            d.u.i.k.p.i.AbstractProblemLoader Environment load took 615.7ns 
190920     INFO  main            d.u.i.k.p.i.AbstractProblemLoader Creating init config 
192248     DEBUG main            d.u.i.k.j.r.ClassPreparationMethodBuilder clPrepBuilder: Inner Class detected. Reject building class initialisation methods. 
195153     DEBUG main            d.u.i.k.p.i.AbstractProblemLoader Init config took 4.23s 
195215     INFO  main            d.u.i.k.p.i.AbstractProblemLoader Replaying proof ArrayList[List::size()].JML normal_behavior operation contract.0 
195255     DEBUG main            d.u.i.k.p.i.IntermediateProofReplayer Proof replay took 37.29ms 
195257     DEBUG main            d.u.i.k.p.r.p.TestFile    ... success: reloaded. 
195258     INFO  main            d.u.i.k.p.r.p.TestFile    Now processing file /home/runner/work/key/key/key.core/../key.ui/examples/heap/list/ArrayList.ArrayListIterator_ArrayListIterator.key 
195259     INFO  main            d.u.i.k.p.i.AbstractProblemLoader Loading environment from /home/runner/work/key/key/key.core/../key.ui/examples/heap/list/ArrayList.ArrayListIterator_ArrayListIterator.key 
195259     DEBUG main            d.u.i.k.p.i.AbstractProblemLoader Environment load took 180.6ns 
195260     INFO  main            d.u.i.k.p.i.AbstractProblemLoader Creating init config 
196599     DEBUG main            d.u.i.k.j.r.ClassPreparationMethodBuilder clPrepBuilder: Inner Class detected. Reject building class initialisation methods. 
199537     DEBUG main            d.u.i.k.p.i.AbstractProblemLoader Init config took 4.28s 
199622     INFO  main            d.u.i.k.p.i.AbstractProblemLoader Replaying proof ArrayList.ArrayListIterator[ArrayList.ArrayListIterator::ArrayListIterator(ArrayList)].JML normal_behavior operation contract.0 
199625     DEBUG main            d.u.i.k.p.i.IntermediateProofReplayer Proof replay took 7.1ns 
200530     INFO  main            d.u.i.k.p.r.p.TestFile    ... finished proof: closed. 
200853     INFO  main            d.u.i.k.p.i.AbstractProblemLoader Loading environment from /home/runner/work/key/key/key.core/../key.ui/examples/heap/list/ArrayList.ArrayListIterator_ArrayListIterator.key.proof 
200853     DEBUG main            d.u.i.k.p.i.AbstractProblemLoader Environment load took 193.1ns 
200855     INFO  main            d.u.i.k.p.i.AbstractProblemLoader Creating init config 
202171     DEBUG main            d.u.i.k.j.r.ClassPreparationMethodBuilder clPrepBuilder: Inner Class detected. Reject building class initialisation methods. 
204999     DEBUG main            d.u.i.k.p.i.AbstractProblemLoader Init config took 4.14s 
205089     INFO  main            d.u.i.k.p.i.AbstractProblemLoader Replaying proof ArrayList.ArrayListIterator[ArrayList.ArrayListIterator::ArrayListIterator(ArrayList)].JML normal_behavior operation contract.0 
205205     DEBUG main            d.u.i.k.p.i.IntermediateProofReplayer Proof replay took 109.6ms 
205206     DEBUG main            d.u.i.k.p.r.p.TestFile    ... success: reloaded. 
205208     INFO  main            d.u.i.k.p.r.p.TestFile    Now processing file /home/runner/work/key/key/key.core/../key.ui/examples/heap/list/ArrayList.ArrayListIterator_hasNext_dep.key 
205208     INFO  main            d.u.i.k.p.i.AbstractProblemLoader Loading environment from /home/runner/work/key/key/key.core/../key.ui/examples/heap/list/ArrayList.ArrayListIterator_hasNext_dep.key 
205208     DEBUG main            d.u.i.k.p.i.AbstractProblemLoader Environment load took 189.4ns 
205209     INFO  main            d.u.i.k.p.i.AbstractProblemLoader Creating init config 
206566     DEBUG main            d.u.i.k.j.r.ClassPreparationMethodBuilder clPrepBuilder: Inner Class detected. Reject building class initialisation methods. 
209523     DEBUG main            d.u.i.k.p.i.AbstractProblemLoader Init config took 4.31s 
209605     INFO  main            d.u.i.k.p.i.AbstractProblemLoader Replaying proof ArrayList.ArrayListIterator[ListIterator::hasNext()].JML accessible clause.0 
209611     DEBUG main            d.u.i.k.p.i.IntermediateProofReplayer Proof replay took 6.8ns 
210115     INFO  main            d.u.i.k.p.r.p.TestFile    ... finished proof: closed. 
210474     INFO  main            d.u.i.k.p.i.AbstractProblemLoader Loading environment from /home/runner/work/key/key/key.core/../key.ui/examples/heap/list/ArrayList.ArrayListIterator_hasNext_dep.key.proof 
210474     DEBUG main            d.u.i.k.p.i.AbstractProblemLoader Environment load took 595.7ns 
210476     INFO  main            d.u.i.k.p.i.AbstractProblemLoader Creating init config 
211801     DEBUG main            d.u.i.k.j.r.ClassPreparationMethodBuilder clPrepBuilder: Inner Class detected. Reject building class initialisation methods. 
214793     DEBUG main            d.u.i.k.p.i.AbstractProblemLoader Init config took 4.32s 
214863     INFO  main            d.u.i.k.p.i.AbstractProblemLoader Replaying proof ArrayList.ArrayListIterator[ListIterator::hasNext()].JML accessible clause.0 
214915     DEBUG main            d.u.i.k.p.i.IntermediateProofReplayer Proof replay took 49.04ms 
214917     DEBUG main            d.u.i.k.p.r.p.TestFile    ... success: reloaded. 
214918     INFO  main            d.u.i.k.p.r.p.TestFile    Now processing file /home/runner/work/key/key/key.core/../key.ui/examples/heap/list/ArrayList.ArrayListIterator_hasNext.key 
214919     INFO  main            d.u.i.k.p.i.AbstractProblemLoader Loading environment from /home/runner/work/key/key/key.core/../key.ui/examples/heap/list/ArrayList.ArrayListIterator_hasNext.key 
214919     DEBUG main            d.u.i.k.p.i.AbstractProblemLoader Environment load took 278.2ns 
214921     INFO  main            d.u.i.k.p.i.AbstractProblemLoader Creating init config 
216235     DEBUG main            d.u.i.k.j.r.ClassPreparationMethodBuilder clPrepBuilder: Inner Class detected. Reject building class initialisation methods. 
219138     DEBUG main            d.u.i.k.p.i.AbstractProblemLoader Init config took 4.22s 
219209     INFO  main            d.u.i.k.p.i.AbstractProblemLoader Replaying proof ArrayList.ArrayListIterator[ListIterator::hasNext()].JML normal_behavior operation contract.0 
219211     DEBUG main            d.u.i.k.p.i.IntermediateProofReplayer Proof replay took 7.3ns 
219714     INFO  main            d.u.i.k.p.r.p.TestFile    ... finished proof: closed. 
220078     INFO  main            d.u.i.k.p.i.AbstractProblemLoader Loading environment from /home/runner/work/key/key/key.core/../key.ui/examples/heap/list/ArrayList.ArrayListIterator_hasNext.key.proof 
220080     DEBUG main            d.u.i.k.p.i.AbstractProblemLoader Environment load took 1.74ms 
220084     INFO  main            d.u.i.k.p.i.AbstractProblemLoader Creating init config 
221417     DEBUG main            d.u.i.k.j.r.ClassPreparationMethodBuilder clPrepBuilder: Inner Class detected. Reject building class initialisation methods. 
224263     DEBUG main            d.u.i.k.p.i.AbstractProblemLoader Init config took 4.18s 
224351     INFO  main            d.u.i.k.p.i.AbstractProblemLoader Replaying proof ArrayList.ArrayListIterator[ListIterator::hasNext()].JML normal_behavior operation contract.0 
224410     DEBUG main            d.u.i.k.p.i.IntermediateProofReplayer Proof replay took 53.96ms 
224412     DEBUG main            d.u.i.k.p.r.p.TestFile    ... success: reloaded. 
224413     INFO  main            d.u.i.k.p.r.p.TestFile    Now processing file /home/runner/work/key/key/key.core/../key.ui/examples/heap/list/ArrayList.ArrayListIterator_inv.key 
224413     INFO  main            d.u.i.k.p.i.AbstractProblemLoader Loading environment from /home/runner/work/key/key/key.core/../key.ui/examples/heap/list/ArrayList.ArrayListIterator_inv.key 
224413     DEBUG main            d.u.i.k.p.i.AbstractProblemLoader Environment load took 128.3ns 
224414     INFO  main            d.u.i.k.p.i.AbstractProblemLoader Creating init config 
225731     DEBUG main            d.u.i.k.j.r.ClassPreparationMethodBuilder clPrepBuilder: Inner Class detected. Reject building class initialisation methods. 
228640     DEBUG main            d.u.i.k.p.i.AbstractProblemLoader Init config took 4.23s 
228707     INFO  main            d.u.i.k.p.i.AbstractProblemLoader Replaying proof ArrayList.ArrayListIterator[java.lang.Object::<inv>()].JML accessible clause.0 
228709     DEBUG main            d.u.i.k.p.i.IntermediateProofReplayer Proof replay took 7.1ns 
230314     INFO  main            d.u.i.k.p.r.p.TestFile    ... finished proof: closed. 
230675     INFO  main            d.u.i.k.p.i.AbstractProblemLoader Loading environment from /home/runner/work/key/key/key.core/../key.ui/examples/heap/list/ArrayList.ArrayListIterator_inv.key.proof 
230676     DEBUG main            d.u.i.k.p.i.AbstractProblemLoader Environment load took 1.33ms 
230678     INFO  main            d.u.i.k.p.i.AbstractProblemLoader Creating init config 
231987     DEBUG main            d.u.i.k.j.r.ClassPreparationMethodBuilder clPrepBuilder: Inner Class detected. Reject building class initialisation methods. 
234823     DEBUG main            d.u.i.k.p.i.AbstractProblemLoader Init config took 4.15s 
234890     INFO  main            d.u.i.k.p.i.AbstractProblemLoader Replaying proof ArrayList.ArrayListIterator[java.lang.Object::<inv>()].JML accessible clause.0 
235003     DEBUG main            d.u.i.k.p.i.IntermediateProofReplayer Proof replay took 106.72ms 
235005     DEBUG main            d.u.i.k.p.r.p.TestFile    ... success: reloaded. 
235006     INFO  main            d.u.i.k.p.r.p.TestFile    Now processing file /home/runner/work/key/key/key.core/../key.ui/examples/heap/list/ArrayList.ArrayListIterator_list.key 
235007     INFO  main            d.u.i.k.p.i.AbstractProblemLoader Loading environment from /home/runner/work/key/key/key.core/../key.ui/examples/heap/list/ArrayList.ArrayListIterator_list.key 
235007     DEBUG main            d.u.i.k.p.i.AbstractProblemLoader Environment load took 71.8ns 
235008     INFO  main            d.u.i.k.p.i.AbstractProblemLoader Creating init config 
236389     DEBUG main            d.u.i.k.j.r.ClassPreparationMethodBuilder clPrepBuilder: Inner Class detected. Reject building class initialisation methods. 
239264     DEBUG main            d.u.i.k.p.i.AbstractProblemLoader Init config took 4.26s 
239319     INFO  main            d.u.i.k.p.i.AbstractProblemLoader Replaying proof ListIterator[ListIterator::$list()].JML accessible clause.0 
239321     DEBUG main            d.u.i.k.p.i.IntermediateProofReplayer Proof replay took 7.8ns 
239423     INFO  main            d.u.i.k.p.r.p.TestFile    ... finished proof: closed. 
239790     INFO  main            d.u.i.k.p.i.AbstractProblemLoader Loading environment from /home/runner/work/key/key/key.core/../key.ui/examples/heap/list/ArrayList.ArrayListIterator_list.key.proof 
239790     DEBUG main            d.u.i.k.p.i.AbstractProblemLoader Environment load took 137.2ns 
239791     INFO  main            d.u.i.k.p.i.AbstractProblemLoader Creating init config 
241094     DEBUG main            d.u.i.k.j.r.ClassPreparationMethodBuilder clPrepBuilder: Inner Class detected. Reject building class initialisation methods. 
243934     DEBUG main            d.u.i.k.p.i.AbstractProblemLoader Init config took 4.14s 
243986     INFO  main            d.u.i.k.p.i.AbstractProblemLoader Replaying proof ListIterator[ListIterator::$list()].JML accessible clause.0 
243989     DEBUG main            d.u.i.k.p.i.IntermediateProofReplayer Proof replay took 1.23ms 
243990     DEBUG main            d.u.i.k.p.r.p.TestFile    ... success: reloaded. 
243991     INFO  main            d.u.i.k.p.r.p.TestFile    Now processing file /home/runner/work/key/key/key.core/../key.ui/examples/heap/list/ArrayList.ArrayListIterator_next_exceptional.key 
243991     INFO  main            d.u.i.k.p.i.AbstractProblemLoader Loading environment from /home/runner/work/key/key/key.core/../key.ui/examples/heap/list/ArrayList.ArrayListIterator_next_exceptional.key 
243991     DEBUG main            d.u.i.k.p.i.AbstractProblemLoader Environment load took 185.1ns 
243992     INFO  main            d.u.i.k.p.i.AbstractProblemLoader Creating init config 
245328     DEBUG main            d.u.i.k.j.r.ClassPreparationMethodBuilder clPrepBuilder: Inner Class detected. Reject building class initialisation methods. 
248257     DEBUG main            d.u.i.k.p.i.AbstractProblemLoader Init config took 4.27s 
248326     INFO  main            d.u.i.k.p.i.AbstractProblemLoader Replaying proof ArrayList.ArrayListIterator[ListIterator::next()].JML exceptional_behavior operation contract.0 
248328     DEBUG main            d.u.i.k.p.i.IntermediateProofReplayer Proof replay took 7.1ns 
249536     INFO  main            d.u.i.k.p.r.p.TestFile    ... finished proof: closed. 
249985     INFO  main            d.u.i.k.p.i.AbstractProblemLoader Loading environment from /home/runner/work/key/key/key.core/../key.ui/examples/heap/list/ArrayList.ArrayListIterator_next_exceptional.key.proof 
249986     DEBUG main            d.u.i.k.p.i.AbstractProblemLoader Environment load took 168ns 
249987     INFO  main            d.u.i.k.p.i.AbstractProblemLoader Creating init config 
251297     DEBUG main            d.u.i.k.j.r.ClassPreparationMethodBuilder clPrepBuilder: Inner Class detected. Reject building class initialisation methods. 
254101     DEBUG main            d.u.i.k.p.i.AbstractProblemLoader Init config took 4.11s 
254168     INFO  main            d.u.i.k.p.i.AbstractProblemLoader Replaying proof ArrayList.ArrayListIterator[ListIterator::next()].JML exceptional_behavior operation contract.0 
254329     DEBUG main            d.u.i.k.p.i.IntermediateProofReplayer Proof replay took 154.54ms 
254331     DEBUG main            d.u.i.k.p.r.p.TestFile    ... success: reloaded. 
254333     INFO  main            d.u.i.k.p.r.p.TestFile    Now processing file /home/runner/work/key/key/key.core/../key.ui/examples/heap/list/ArrayList.ArrayListIterator_next_normal.key 
254333     INFO  main            d.u.i.k.p.i.AbstractProblemLoader Loading environment from /home/runner/work/key/key/key.core/../key.ui/examples/heap/list/ArrayList.ArrayListIterator_next_normal.key 
254333     DEBUG main            d.u.i.k.p.i.AbstractProblemLoader Environment load took 263ns 
254335     INFO  main            d.u.i.k.p.i.AbstractProblemLoader Creating init config 
255713     DEBUG main            d.u.i.k.j.r.ClassPreparationMethodBuilder clPrepBuilder: Inner Class detected. Reject building class initialisation methods. 
258523     DEBUG main            d.u.i.k.p.i.AbstractProblemLoader Init config took 4.19s 
258589     INFO  main            d.u.i.k.p.i.AbstractProblemLoader Replaying proof ArrayList.ArrayListIterator[ListIterator::next()].JML normal_behavior operation contract.0 
258591     DEBUG main            d.u.i.k.p.i.IntermediateProofReplayer Proof replay took 6.9ns 
259802     INFO  main            d.u.i.k.p.r.p.TestFile    ... finished proof: closed. 
260205     INFO  main            d.u.i.k.p.i.AbstractProblemLoader Loading environment from /home/runner/work/key/key/key.core/../key.ui/examples/heap/list/ArrayList.ArrayListIterator_next_normal.key.proof 
260205     DEBUG main            d.u.i.k.p.i.AbstractProblemLoader Environment load took 273.2ns 
260207     INFO  main            d.u.i.k.p.i.AbstractProblemLoader Creating init config 
261555     DEBUG main            d.u.i.k.j.r.ClassPreparationMethodBuilder clPrepBuilder: Inner Class detected. Reject building class initialisation methods. 
264453     DEBUG main            d.u.i.k.p.i.AbstractProblemLoader Init config took 4.25s 
264527     INFO  main            d.u.i.k.p.i.AbstractProblemLoader Replaying proof ArrayList.ArrayListIterator[ListIterator::next()].JML normal_behavior operation contract.0 
264704     DEBUG main            d.u.i.k.p.i.IntermediateProofReplayer Proof replay took 169.23ms 
264706     DEBUG main            d.u.i.k.p.r.p.TestFile    ... success: reloaded. 
264707     INFO  main            d.u.i.k.p.r.p.TestFile    Now processing file /home/runner/work/key/key/key.core/../key.ui/examples/heap/list/ArrayList.ArrayListIterator_pos.key 
264708     INFO  main            d.u.i.k.p.i.AbstractProblemLoader Loading environment from /home/runner/work/key/key/key.core/../key.ui/examples/heap/list/ArrayList.ArrayListIterator_pos.key 
264708     DEBUG main            d.u.i.k.p.i.AbstractProblemLoader Environment load took 140.3ns 
264709     INFO  main            d.u.i.k.p.i.AbstractProblemLoader Creating init config 
266060     DEBUG main            d.u.i.k.j.r.ClassPreparationMethodBuilder clPrepBuilder: Inner Class detected. Reject building class initialisation methods. 
268956     DEBUG main            d.u.i.k.p.i.AbstractProblemLoader Init config took 4.25s 
269015     INFO  main            d.u.i.k.p.i.AbstractProblemLoader Replaying proof ListIterator[ListIterator::$pos()].JML accessible clause.0 
269019     DEBUG main            d.u.i.k.p.i.IntermediateProofReplayer Proof replay took 7.7ns 
269123     INFO  main            d.u.i.k.p.r.p.TestFile    ... finished proof: closed. 
269543     INFO  main            d.u.i.k.p.i.AbstractProblemLoader Loading environment from /home/runner/work/key/key/key.core/../key.ui/examples/heap/list/ArrayList.ArrayListIterator_pos.key.proof 
269543     DEBUG main            d.u.i.k.p.i.AbstractProblemLoader Environment load took 136.7ns 
269545     INFO  main            d.u.i.k.p.i.AbstractProblemLoader Creating init config 
270798     DEBUG main            d.u.i.k.j.r.ClassPreparationMethodBuilder clPrepBuilder: Inner Class detected. Reject building class initialisation methods. 
273503     DEBUG main            d.u.i.k.p.i.AbstractProblemLoader Init config took 3.96s 
273553     INFO  main            d.u.i.k.p.i.AbstractProblemLoader Replaying proof ListIterator[ListIterator::$pos()].JML accessible clause.0 
273556     DEBUG main            d.u.i.k.p.i.IntermediateProofReplayer Proof replay took 1.04ms 
273557     DEBUG main            d.u.i.k.p.r.p.TestFile    ... success: reloaded. 
273558     INFO  main            d.u.i.k.p.r.p.TestFile    Now processing file /home/runner/work/key/key/key.core/../key.ui/examples/heap/list/Client_m.key 
273559     INFO  main            d.u.i.k.p.i.AbstractProblemLoader Loading environment from /home/runner/work/key/key/key.core/../key.ui/examples/heap/list/Client_m.key 
273559     DEBUG main            d.u.i.k.p.i.AbstractProblemLoader Environment load took 124.3ns 
273560     INFO  main            d.u.i.k.p.i.AbstractProblemLoader Creating init config 
274910     DEBUG main            d.u.i.k.j.r.ClassPreparationMethodBuilder clPrepBuilder: Inner Class detected. Reject building class initialisation methods. 
277843     DEBUG main            d.u.i.k.p.i.AbstractProblemLoader Init config took 4.28s 
277899     INFO  main            d.u.i.k.p.i.AbstractProblemLoader Replaying proof Client[Client::m(List)].JML normal_behavior operation contract.0 
277901     DEBUG main            d.u.i.k.p.i.IntermediateProofReplayer Proof replay took 8ns 
278309     INFO  main            d.u.i.k.p.r.p.TestFile    ... finished proof: closed. 
278728     INFO  main            d.u.i.k.p.i.AbstractProblemLoader Loading environment from /home/runner/work/key/key/key.core/../key.ui/examples/heap/list/Client_m.key.proof 
278729     DEBUG main            d.u.i.k.p.i.AbstractProblemLoader Environment load took 717.7ns 
278731     INFO  main            d.u.i.k.p.i.AbstractProblemLoader Creating init config 
280060     DEBUG main            d.u.i.k.j.r.ClassPreparationMethodBuilder clPrepBuilder: Inner Class detected. Reject building class initialisation methods. 
282985     DEBUG main            d.u.i.k.p.i.AbstractProblemLoader Init config took 4.25s 
283041     INFO  main            d.u.i.k.p.i.AbstractProblemLoader Replaying proof Client[Client::m(List)].JML normal_behavior operation contract.0 
283132     DEBUG main            d.u.i.k.p.i.IntermediateProofReplayer Proof replay took 81.13ms 
283138     DEBUG main            d.u.i.k.p.r.p.TestFile    ... success: reloaded. 
283140     INFO  main            d.u.i.k.p.r.p.TestFile    Now processing file /home/runner/work/key/key/key.core/../key.ui/examples/heap/list/Client_n.key 
283140     INFO  main            d.u.i.k.p.i.AbstractProblemLoader Loading environment from /home/runner/work/key/key/key.core/../key.ui/examples/heap/list/Client_n.key 
283142     DEBUG main            d.u.i.k.p.i.AbstractProblemLoader Environment load took 290.9ns 
283147     INFO  main            d.u.i.k.p.i.AbstractProblemLoader Creating init config 
284476     DEBUG main            d.u.i.k.j.r.ClassPreparationMethodBuilder clPrepBuilder: Inner Class detected. Reject building class initialisation methods. 
287322     DEBUG main            d.u.i.k.p.i.AbstractProblemLoader Init config took 4.18s 
287371     INFO  main            d.u.i.k.p.i.AbstractProblemLoader Replaying proof Client[Client::n(List)].JML normal_behavior operation contract.0 
287373     DEBUG main            d.u.i.k.p.i.IntermediateProofReplayer Proof replay took 6.9ns 
287479     INFO  main            d.u.i.k.p.r.p.TestFile    ... finished proof: closed. 
287901     INFO  main            d.u.i.k.p.i.AbstractProblemLoader Loading environment from /home/runner/work/key/key/key.core/../key.ui/examples/heap/list/Client_n.key.proof 
287901     DEBUG main            d.u.i.k.p.i.AbstractProblemLoader Environment load took 143.4ns 
287903     INFO  main            d.u.i.k.p.i.AbstractProblemLoader Creating init config 
289256     DEBUG main            d.u.i.k.j.r.ClassPreparationMethodBuilder clPrepBuilder: Inner Class detected. Reject building class initialisation methods. 
292051     DEBUG main            d.u.i.k.p.i.AbstractProblemLoader Init config took 4.15s 
292105     INFO  main            d.u.i.k.p.i.AbstractProblemLoader Replaying proof Client[Client::n(List)].JML normal_behavior operation contract.0 
292129     DEBUG main            d.u.i.k.p.i.IntermediateProofReplayer Proof replay took 22.24ms 
292131     DEBUG main            d.u.i.k.p.r.p.TestFile    ... success: reloaded. 
292132     INFO  main            d.u.i.k.p.r.p.TestFile    Now processing file /home/runner/work/key/key/key.core/../key.ui/examples/heap/list/LinkedList_get_exceptional.key 
292132     INFO  main            d.u.i.k.p.i.AbstractProblemLoader Loading environment from /home/runner/work/key/key/key.core/../key.ui/examples/heap/list/LinkedList_get_exceptional.key 
292132     DEBUG main            d.u.i.k.p.i.AbstractProblemLoader Environment load took 207.6ns 
292133     INFO  main            d.u.i.k.p.i.AbstractProblemLoader Creating init config 
293430     DEBUG main            d.u.i.k.j.r.ClassPreparationMethodBuilder clPrepBuilder: Inner Class detected. Reject building class initialisation methods. 
296405     DEBUG main            d.u.i.k.p.i.AbstractProblemLoader Init config took 4.27s 
296468     INFO  main            d.u.i.k.p.i.AbstractProblemLoader Replaying proof LinkedList[List::get(int)].JML exceptional_behavior operation contract.0 
296470     DEBUG main            d.u.i.k.p.i.IntermediateProofReplayer Proof replay took 8.4ns 
299579     INFO  main            d.u.i.k.p.r.p.TestFile    ... finished proof: closed. 
300018     INFO  main            d.u.i.k.p.i.AbstractProblemLoader Loading environment from /home/runner/work/key/key/key.core/../key.ui/examples/heap/list/LinkedList_get_exceptional.key.proof 
300018     DEBUG main            d.u.i.k.p.i.AbstractProblemLoader Environment load took 127.2ns 
300020     INFO  main            d.u.i.k.p.i.AbstractProblemLoader Creating init config 
301352     DEBUG main            d.u.i.k.j.r.ClassPreparationMethodBuilder clPrepBuilder: Inner Class detected. Reject building class initialisation methods. 
304211     DEBUG main            d.u.i.k.p.i.AbstractProblemLoader Init config took 4.19s 
304274     INFO  main            d.u.i.k.p.i.AbstractProblemLoader Replaying proof LinkedList[List::get(int)].JML exceptional_behavior operation contract.0 
304643     DEBUG main            d.u.i.k.p.i.IntermediateProofReplayer Proof replay took 356.94ms 
304645     DEBUG main            d.u.i.k.p.r.p.TestFile    ... success: reloaded. 
304646     INFO  main            d.u.i.k.p.r.p.TestFile    Now processing file /home/runner/work/key/key/key.core/../key.ui/examples/heap/list/LinkedList_get_normal.key 
304646     INFO  main            d.u.i.k.p.i.AbstractProblemLoader Loading environment from /home/runner/work/key/key/key.core/../key.ui/examples/heap/list/LinkedList_get_normal.key 
304647     DEBUG main            d.u.i.k.p.i.AbstractProblemLoader Environment load took 141.4ns 
304648     INFO  main            d.u.i.k.p.i.AbstractProblemLoader Creating init config 
305946     DEBUG main            d.u.i.k.j.r.ClassPreparationMethodBuilder clPrepBuilder: Inner Class detected. Reject building class initialisation methods. 
308851     DEBUG main            d.u.i.k.p.i.AbstractProblemLoader Init config took 4.2s 
308938     INFO  main            d.u.i.k.p.i.AbstractProblemLoader Replaying proof LinkedList[List::get(int)].JML normal_behavior operation contract.0 
308940     DEBUG main            d.u.i.k.p.i.IntermediateProofReplayer Proof replay took 8ns 
318486     INFO  main            d.u.i.k.p.r.p.TestFile    ... finished proof: closed. 
319070     INFO  main            d.u.i.k.p.i.AbstractProblemLoader Loading environment from /home/runner/work/key/key/key.core/../key.ui/examples/heap/list/LinkedList_get_normal.key.proof 
319070     DEBUG main            d.u.i.k.p.i.AbstractProblemLoader Environment load took 755.9ns 
319073     INFO  main            d.u.i.k.p.i.AbstractProblemLoader Creating init config 
320413     DEBUG main            d.u.i.k.j.r.ClassPreparationMethodBuilder clPrepBuilder: Inner Class detected. Reject building class initialisation methods. 
323309     DEBUG main            d.u.i.k.p.i.AbstractProblemLoader Init config took 4.24s 
323373     INFO  main            d.u.i.k.p.i.AbstractProblemLoader Replaying proof LinkedList[List::get(int)].JML normal_behavior operation contract.0 
323969     DEBUG main            d.u.i.k.p.i.IntermediateProofReplayer Proof replay took 557.95ms 
323973     DEBUG main            d.u.i.k.p.r.p.TestFile    ... success: reloaded. 
323974     INFO  main            d.u.i.k.p.r.p.TestFile    Now processing file /home/runner/work/key/key/key.core/../key.ui/examples/heap/list/LinkedList_LinkedList.key 
323975     INFO  main            d.u.i.k.p.i.AbstractProblemLoader Loading environment from /home/runner/work/key/key/key.core/../key.ui/examples/heap/list/LinkedList_LinkedList.key 
323975     DEBUG main            d.u.i.k.p.i.AbstractProblemLoader Environment load took 262.2ns 
323976     INFO  main            d.u.i.k.p.i.AbstractProblemLoader Creating init config 
325336     DEBUG main            d.u.i.k.j.r.ClassPreparationMethodBuilder clPrepBuilder: Inner Class detected. Reject building class initialisation methods. 
328271     DEBUG main            d.u.i.k.p.i.AbstractProblemLoader Init config took 4.29s 
328330     INFO  main            d.u.i.k.p.i.AbstractProblemLoader Replaying proof LinkedList[LinkedList::LinkedList()].JML normal_behavior operation contract.0 
328332     DEBUG main            d.u.i.k.p.i.IntermediateProofReplayer Proof replay took 8ns 
329137     INFO  main            d.u.i.k.p.r.p.TestFile    ... finished proof: closed. 
329589     INFO  main            d.u.i.k.p.i.AbstractProblemLoader Loading environment from /home/runner/work/key/key/key.core/../key.ui/examples/heap/list/LinkedList_LinkedList.key.proof 
329590     DEBUG main            d.u.i.k.p.i.AbstractProblemLoader Environment load took 212.9ns 
329593     INFO  main            d.u.i.k.p.i.AbstractProblemLoader Creating init config 
330967     DEBUG main            d.u.i.k.j.r.ClassPreparationMethodBuilder clPrepBuilder: Inner Class detected. Reject building class initialisation methods. 
333868     DEBUG main            d.u.i.k.p.i.AbstractProblemLoader Init config took 4.27s 
333929     INFO  main            d.u.i.k.p.i.AbstractProblemLoader Replaying proof LinkedList[LinkedList::LinkedList()].JML normal_behavior operation contract.0 
334028     DEBUG main            d.u.i.k.p.i.IntermediateProofReplayer Proof replay took 93.76ms 
334029     DEBUG main            d.u.i.k.p.r.p.TestFile    ... success: reloaded. 
334031     INFO  main            d.u.i.k.p.r.p.TestFile    Now processing file /home/runner/work/key/key/key.core/../key.ui/examples/heap/list/LinkedList_size_dep.key 
334031     INFO  main            d.u.i.k.p.i.AbstractProblemLoader Loading environment from /home/runner/work/key/key/key.core/../key.ui/examples/heap/list/LinkedList_size_dep.key 
334032     DEBUG main            d.u.i.k.p.i.AbstractProblemLoader Environment load took 169ns 
334033     INFO  main            d.u.i.k.p.i.AbstractProblemLoader Creating init config 
335374     DEBUG main            d.u.i.k.j.r.ClassPreparationMethodBuilder clPrepBuilder: Inner Class detected. Reject building class initialisation methods. 
338221     DEBUG main            d.u.i.k.p.i.AbstractProblemLoader Init config took 4.19s 
338278     INFO  main            d.u.i.k.p.i.AbstractProblemLoader Replaying proof LinkedList[List::size()].JML accessible clause.0 
338280     DEBUG main            d.u.i.k.p.i.IntermediateProofReplayer Proof replay took 8.1ns 
338985     INFO  main            d.u.i.k.p.r.p.TestFile    ... finished proof: closed. 
339407     INFO  main            d.u.i.k.p.i.AbstractProblemLoader Loading environment from /home/runner/work/key/key/key.core/../key.ui/examples/heap/list/LinkedList_size_dep.key.proof 
339407     DEBUG main            d.u.i.k.p.i.AbstractProblemLoader Environment load took 127.1ns 
339409     INFO  main            d.u.i.k.p.i.AbstractProblemLoader Creating init config 
340715     DEBUG main            d.u.i.k.j.r.ClassPreparationMethodBuilder clPrepBuilder: Inner Class detected. Reject building class initialisation methods. 
343598     DEBUG main            d.u.i.k.p.i.AbstractProblemLoader Init config took 4.19s 
343656     INFO  main            d.u.i.k.p.i.AbstractProblemLoader Replaying proof LinkedList[List::size()].JML accessible clause.0 
343706     DEBUG main            d.u.i.k.p.i.IntermediateProofReplayer Proof replay took 45.94ms 
343707     DEBUG main            d.u.i.k.p.r.p.TestFile    ... success: reloaded. 
343708     INFO  main            d.u.i.k.p.r.p.TestFile    Now processing file /home/runner/work/key/key/key.core/../key.ui/examples/heap/list/LinkedList_size.key 
343708     INFO  main            d.u.i.k.p.i.AbstractProblemLoader Loading environment from /home/runner/work/key/key/key.core/../key.ui/examples/heap/list/LinkedList_size.key 
343709     DEBUG main            d.u.i.k.p.i.AbstractProblemLoader Environment load took 132.3ns 
343710     INFO  main            d.u.i.k.p.i.AbstractProblemLoader Creating init config 
345067     DEBUG main            d.u.i.k.j.r.ClassPreparationMethodBuilder clPrepBuilder: Inner Class detected. Reject building class initialisation methods. 
348047     DEBUG main            d.u.i.k.p.i.AbstractProblemLoader Init config took 4.34s 
348110     INFO  main            d.u.i.k.p.i.AbstractProblemLoader Replaying proof LinkedList[List::size()].JML normal_behavior operation contract.0 
348113     DEBUG main            d.u.i.k.p.i.IntermediateProofReplayer Proof replay took 7.1ns 
348817     INFO  main            d.u.i.k.p.r.p.TestFile    ... finished proof: closed. 
349273     INFO  main            d.u.i.k.p.i.AbstractProblemLoader Loading environment from /home/runner/work/key/key/key.core/../key.ui/examples/heap/list/LinkedList_size.key.proof 
349273     DEBUG main            d.u.i.k.p.i.AbstractProblemLoader Environment load took 137.2ns 
349275     INFO  main            d.u.i.k.p.i.AbstractProblemLoader Creating init config 
350635     DEBUG main            d.u.i.k.j.r.ClassPreparationMethodBuilder clPrepBuilder: Inner Class detected. Reject building class initialisation methods. 
353549     DEBUG main            d.u.i.k.p.i.AbstractProblemLoader Init config took 4.27s 
353612     INFO  main            d.u.i.k.p.i.AbstractProblemLoader Replaying proof LinkedList[List::size()].JML normal_behavior operation contract.0 
353655     DEBUG main            d.u.i.k.p.i.IntermediateProofReplayer Proof replay took 39.91ms 
353656     DEBUG main            d.u.i.k.p.r.p.TestFile    ... success: reloaded. 
353657     INFO  main            d.u.i.k.p.r.p.TestFile    Now processing file /home/runner/work/key/key/key.core/../key.ui/examples/heap/list/MySet_footprint.key 
353658     INFO  main            d.u.i.k.p.i.AbstractProblemLoader Loading environment from /home/runner/work/key/key/key.core/../key.ui/examples/heap/list/MySet_footprint.key 
353658     DEBUG main            d.u.i.k.p.i.AbstractProblemLoader Environment load took 128.3ns 
353662     INFO  main            d.u.i.k.p.i.AbstractProblemLoader Creating init config 
355052     DEBUG main            d.u.i.k.j.r.ClassPreparationMethodBuilder clPrepBuilder: Inner Class detected. Reject building class initialisation methods. 
357940     DEBUG main            d.u.i.k.p.i.AbstractProblemLoader Init config took 4.28s 
358030     INFO  main            d.u.i.k.p.i.AbstractProblemLoader Replaying proof MySet[MySet::$footprint()].JML accessible clause.0 
358032     DEBUG main            d.u.i.k.p.i.IntermediateProofReplayer Proof replay took 8.4ns 
358438     INFO  main            d.u.i.k.p.r.p.TestFile    ... finished proof: closed. 
358895     INFO  main            d.u.i.k.p.i.AbstractProblemLoader Loading environment from /home/runner/work/key/key/key.core/../key.ui/examples/heap/list/MySet_footprint.key.proof 
358895     DEBUG main            d.u.i.k.p.i.AbstractProblemLoader Environment load took 124.7ns 
358897     INFO  main            d.u.i.k.p.i.AbstractProblemLoader Creating init config 
360201     DEBUG main            d.u.i.k.j.r.ClassPreparationMethodBuilder clPrepBuilder: Inner Class detected. Reject building class initialisation methods. 
363075     DEBUG main            d.u.i.k.p.i.AbstractProblemLoader Init config took 4.18s 
363154     INFO  main            d.u.i.k.p.i.AbstractProblemLoader Replaying proof MySet[MySet::$footprint()].JML accessible clause.0 
363187     DEBUG main            d.u.i.k.p.i.IntermediateProofReplayer Proof replay took 30.04ms 
363189     DEBUG main            d.u.i.k.p.r.p.TestFile    ... success: reloaded. 
363190     INFO  main            d.u.i.k.p.r.p.TestFile    Now processing file /home/runner/work/key/key/key.core/../key.ui/examples/heap/list/MySet_MySet.key 
363190     INFO  main            d.u.i.k.p.i.AbstractProblemLoader Loading environment from /home/runner/work/key/key/key.core/../key.ui/examples/heap/list/MySet_MySet.key 
363190     DEBUG main            d.u.i.k.p.i.AbstractProblemLoader Environment load took 125.8ns 
363192     INFO  main            d.u.i.k.p.i.AbstractProblemLoader Creating init config 
364528     DEBUG main            d.u.i.k.j.r.ClassPreparationMethodBuilder clPrepBuilder: Inner Class detected. Reject building class initialisation methods. 
367526     DEBUG main            d.u.i.k.p.i.AbstractProblemLoader Init config took 4.33s 
367592     INFO  main            d.u.i.k.p.i.AbstractProblemLoader Replaying proof MySet[MySet::MySet()].JML normal_behavior operation contract.0 
367594     DEBUG main            d.u.i.k.p.i.IntermediateProofReplayer Proof replay took 8.7ns 
371309     INFO  main            d.u.i.k.p.r.p.TestFile    ... finished proof: closed. 
371849     INFO  main            d.u.i.k.p.i.AbstractProblemLoader Loading environment from /home/runner/work/key/key/key.core/../key.ui/examples/heap/list/MySet_MySet.key.proof 
371849     DEBUG main            d.u.i.k.p.i.AbstractProblemLoader Environment load took 147.1ns 
371851     INFO  main            d.u.i.k.p.i.AbstractProblemLoader Creating init config 
373259     DEBUG main            d.u.i.k.j.r.ClassPreparationMethodBuilder clPrepBuilder: Inner Class detected. Reject building class initialisation methods. 
376186     DEBUG main            d.u.i.k.p.i.AbstractProblemLoader Init config took 4.33s 
376251     INFO  main            d.u.i.k.p.i.AbstractProblemLoader Replaying proof MySet[MySet::MySet()].JML normal_behavior operation contract.0 
376668     DEBUG main            d.u.i.k.p.i.IntermediateProofReplayer Proof replay took 399.32ms 
376670     DEBUG main            d.u.i.k.p.r.p.TestFile    ... success: reloaded. 
1587885    INFO  Test worker     d.u.i.k.p.r.RunAllProofsTestUnit Returning from test list 
1587888    INFO  Test worker     d.u.i.k.p.r.RunAllProofsTestUnit Running test list_ghost 
531        INFO  Timeout watchdog d.u.i.k.p.r.p.ForkedTestFileRunner Timeout watcher launched (2000 secs.) 
562        WARN  main            d.u.i.k.s.ProofSettings   The settings in /home/runner/.key/proof-settings.props are *not* read. 
628        INFO  main            d.u.i.k.p.r.p.TestFile    Now processing file /home/runner/work/key/key/key.core/../key.ui/examples/heap/list_ghost/ArrayList_add.key 
804        INFO  main            d.u.i.k.p.i.AbstractProblemLoader Loading environment from /home/runner/work/key/key/key.core/../key.ui/examples/heap/list_ghost/ArrayList_add.key 
830        DEBUG main            d.u.i.k.p.i.AbstractProblemLoader Environment load took 2.91ms 
1152       INFO  main            d.u.i.k.p.i.AbstractProblemLoader Creating init config 
2774       DEBUG main            d.u.i.k.j.TypeConverter   No LDT found for Meta 
2775       DEBUG main            d.u.i.k.j.TypeConverter   No LDT found for Meta 
2777       DEBUG main            d.u.i.k.j.TypeConverter   No LDT found for Meta 
2777       DEBUG main            d.u.i.k.j.TypeConverter   No LDT found for Meta 
5242       DEBUG main            d.u.i.k.j.TypeConverter   No LDT found for JavaBigintExpression 
12737      DEBUG main            d.u.i.k.p.i.AbstractProblemLoader Init config took 11.59s 
12994      INFO  main            d.u.i.k.p.i.AbstractProblemLoader Replaying proof ArrayList[List::add(java.lang.Object)].JML normal_behavior operation contract.0 
13049      DEBUG main            d.u.i.k.p.i.IntermediateProofReplayer Proof replay took 51.4ns 
20548      INFO  main            d.u.i.k.p.r.p.TestFile    ... finished proof: closed. 
20801      INFO  main            d.u.i.k.p.i.AbstractProblemLoader Loading environment from /home/runner/work/key/key/key.core/../key.ui/examples/heap/list_ghost/ArrayList_add.key.proof 
20802      DEBUG main            d.u.i.k.p.i.AbstractProblemLoader Environment load took 612.6ns 
20806      INFO  main            d.u.i.k.p.i.AbstractProblemLoader Creating init config 
24709      DEBUG main            d.u.i.k.p.i.AbstractProblemLoader Init config took 3.9s 
24819      INFO  main            d.u.i.k.p.i.AbstractProblemLoader Replaying proof ArrayList[List::add(java.lang.Object)].JML normal_behavior operation contract.0 
25603      DEBUG main            d.u.i.k.p.i.IntermediateProofReplayer Proof replay took 744.79ms 
25615      DEBUG main            d.u.i.k.p.r.p.TestFile    ... success: reloaded. 
25623      INFO  main            d.u.i.k.p.r.p.TestFile    Now processing file /home/runner/work/key/key/key.core/../key.ui/examples/heap/list_ghost/ArrayList_ArrayList.key 
25623      INFO  main            d.u.i.k.p.i.AbstractProblemLoader Loading environment from /home/runner/work/key/key/key.core/../key.ui/examples/heap/list_ghost/ArrayList_ArrayList.key 
25624      DEBUG main            d.u.i.k.p.i.AbstractProblemLoader Environment load took 308.3ns 
25630      INFO  main            d.u.i.k.p.i.AbstractProblemLoader Creating init config 
29359      DEBUG main            d.u.i.k.p.i.AbstractProblemLoader Init config took 3.73s 
29449      INFO  main            d.u.i.k.p.i.AbstractProblemLoader Replaying proof ArrayList[ArrayList::ArrayList()].JML normal_behavior operation contract.0 
29453      DEBUG main            d.u.i.k.p.i.IntermediateProofReplayer Proof replay took 7.5ns 
31167      INFO  main            d.u.i.k.p.r.p.TestFile    ... finished proof: closed. 
31368      INFO  main            d.u.i.k.p.i.AbstractProblemLoader Loading environment from /home/runner/work/key/key/key.core/../key.ui/examples/heap/list_ghost/ArrayList_ArrayList.key.proof 
31370      DEBUG main            d.u.i.k.p.i.AbstractProblemLoader Environment load took 1.47ms 
31373      INFO  main            d.u.i.k.p.i.AbstractProblemLoader Creating init config 
35087      DEBUG main            d.u.i.k.p.i.AbstractProblemLoader Init config took 3.71s 
35160      INFO  main            d.u.i.k.p.i.AbstractProblemLoader Replaying proof ArrayList[ArrayList::ArrayList()].JML normal_behavior operation contract.0 
35388      DEBUG main            d.u.i.k.p.i.IntermediateProofReplayer Proof replay took 217.13ms 
35390      DEBUG main            d.u.i.k.p.r.p.TestFile    ... success: reloaded. 
35392      INFO  main            d.u.i.k.p.r.p.TestFile    Now processing file /home/runner/work/key/key/key.core/../key.ui/examples/heap/list_ghost/ArrayList_enlarge.key 
35392      INFO  main            d.u.i.k.p.i.AbstractProblemLoader Loading environment from /home/runner/work/key/key/key.core/../key.ui/examples/heap/list_ghost/ArrayList_enlarge.key 
35393      DEBUG main            d.u.i.k.p.i.AbstractProblemLoader Environment load took 327ns 
35395      INFO  main            d.u.i.k.p.i.AbstractProblemLoader Creating init config 
39219      DEBUG main            d.u.i.k.p.i.AbstractProblemLoader Init config took 3.82s 
39294      INFO  main            d.u.i.k.p.i.AbstractProblemLoader Replaying proof ArrayList[ArrayList::enlarge()].JML normal_behavior operation contract.0 
39297      DEBUG main            d.u.i.k.p.i.IntermediateProofReplayer Proof replay took 7.6ns 
42512      INFO  main            d.u.i.k.p.r.p.TestFile    ... finished proof: closed. 
42764      INFO  main            d.u.i.k.p.i.AbstractProblemLoader Loading environment from /home/runner/work/key/key/key.core/../key.ui/examples/heap/list_ghost/ArrayList_enlarge.key.proof 
42765      DEBUG main            d.u.i.k.p.i.AbstractProblemLoader Environment load took 769.8ns 
42768      INFO  main            d.u.i.k.p.i.AbstractProblemLoader Creating init config 
46330      DEBUG main            d.u.i.k.p.i.AbstractProblemLoader Init config took 3.56s 
46395      INFO  main            d.u.i.k.p.i.AbstractProblemLoader Replaying proof ArrayList[ArrayList::enlarge()].JML normal_behavior operation contract.0 
46873      DEBUG main            d.u.i.k.p.i.IntermediateProofReplayer Proof replay took 464.53ms 
46876      DEBUG main            d.u.i.k.p.r.p.TestFile    ... success: reloaded. 
46877      INFO  main            d.u.i.k.p.r.p.TestFile    Now processing file /home/runner/work/key/key/key.core/../key.ui/examples/heap/list_ghost/ArrayList_get_dep.key 
46878      INFO  main            d.u.i.k.p.i.AbstractProblemLoader Loading environment from /home/runner/work/key/key/key.core/../key.ui/examples/heap/list_ghost/ArrayList_get_dep.key 
46878      DEBUG main            d.u.i.k.p.i.AbstractProblemLoader Environment load took 345.2ns 
46880      INFO  main            d.u.i.k.p.i.AbstractProblemLoader Creating init config 
50422      DEBUG main            d.u.i.k.p.i.AbstractProblemLoader Init config took 3.54s 
50491      INFO  main            d.u.i.k.p.i.AbstractProblemLoader Replaying proof ArrayList[List::get(int)].JML accessible clause.0 
50493      DEBUG main            d.u.i.k.p.i.IntermediateProofReplayer Proof replay took 7.5ns 
51002      INFO  main            d.u.i.k.p.r.p.TestFile    ... finished proof: closed. 
51233      INFO  main            d.u.i.k.p.i.AbstractProblemLoader Loading environment from /home/runner/work/key/key/key.core/../key.ui/examples/heap/list_ghost/ArrayList_get_dep.key.proof 
51235      DEBUG main            d.u.i.k.p.i.AbstractProblemLoader Environment load took 1.26ms 
51236      INFO  main            d.u.i.k.p.i.AbstractProblemLoader Creating init config 
54616      DEBUG main            d.u.i.k.p.i.AbstractProblemLoader Init config took 3.38s 
54704      INFO  main            d.u.i.k.p.i.AbstractProblemLoader Replaying proof ArrayList[List::get(int)].JML accessible clause.0 
54793      DEBUG main            d.u.i.k.p.i.IntermediateProofReplayer Proof replay took 80.86ms 
54794      DEBUG main            d.u.i.k.p.r.p.TestFile    ... success: reloaded. 
54797      INFO  main            d.u.i.k.p.r.p.TestFile    Now processing file /home/runner/work/key/key/key.core/../key.ui/examples/heap/list_ghost/ArrayList_get_exceptional.key 
54797      INFO  main            d.u.i.k.p.i.AbstractProblemLoader Loading environment from /home/runner/work/key/key/key.core/../key.ui/examples/heap/list_ghost/ArrayList_get_exceptional.key 
54798      DEBUG main            d.u.i.k.p.i.AbstractProblemLoader Environment load took 137.6ns 
54799      INFO  main            d.u.i.k.p.i.AbstractProblemLoader Creating init config 
58287      DEBUG main            d.u.i.k.p.i.AbstractProblemLoader Init config took 3.49s 
58361      INFO  main            d.u.i.k.p.i.AbstractProblemLoader Replaying proof ArrayList[List::get(int)].JML exceptional_behavior operation contract.0 
58365      DEBUG main            d.u.i.k.p.i.IntermediateProofReplayer Proof replay took 8.7ns 
59471      INFO  main            d.u.i.k.p.r.p.TestFile    ... finished proof: closed. 
59716      INFO  main            d.u.i.k.p.i.AbstractProblemLoader Loading environment from /home/runner/work/key/key/key.core/../key.ui/examples/heap/list_ghost/ArrayList_get_exceptional.key.proof 
59717      DEBUG main            d.u.i.k.p.i.AbstractProblemLoader Environment load took 151.8ns 
59721      INFO  main            d.u.i.k.p.i.AbstractProblemLoader Creating init config 
63226      DEBUG main            d.u.i.k.p.i.AbstractProblemLoader Init config took 3.51s 
63307      INFO  main            d.u.i.k.p.i.AbstractProblemLoader Replaying proof ArrayList[List::get(int)].JML exceptional_behavior operation contract.0 
63512      DEBUG main            d.u.i.k.p.i.IntermediateProofReplayer Proof replay took 197.03ms 
63514      DEBUG main            d.u.i.k.p.r.p.TestFile    ... success: reloaded. 
63515      INFO  main            d.u.i.k.p.r.p.TestFile    Now processing file /home/runner/work/key/key/key.core/../key.ui/examples/heap/list_ghost/ArrayList_get_normal.key 
63516      INFO  main            d.u.i.k.p.i.AbstractProblemLoader Loading environment from /home/runner/work/key/key/key.core/../key.ui/examples/heap/list_ghost/ArrayList_get_normal.key 
63516      DEBUG main            d.u.i.k.p.i.AbstractProblemLoader Environment load took 363.6ns 
63517      INFO  main            d.u.i.k.p.i.AbstractProblemLoader Creating init config 
67231      DEBUG main            d.u.i.k.p.i.AbstractProblemLoader Init config took 3.71s 
67303      INFO  main            d.u.i.k.p.i.AbstractProblemLoader Replaying proof ArrayList[List::get(int)].JML normal_behavior operation contract.0 
67306      DEBUG main            d.u.i.k.p.i.IntermediateProofReplayer Proof replay took 6.8ns 
67710      INFO  main            d.u.i.k.p.r.p.TestFile    ... finished proof: closed. 
67967      INFO  main            d.u.i.k.p.i.AbstractProblemLoader Loading environment from /home/runner/work/key/key/key.core/../key.ui/examples/heap/list_ghost/ArrayList_get_normal.key.proof 
67968      DEBUG main            d.u.i.k.p.i.AbstractProblemLoader Environment load took 558ns 
67972      INFO  main            d.u.i.k.p.i.AbstractProblemLoader Creating init config 
71432      DEBUG main            d.u.i.k.p.i.AbstractProblemLoader Init config took 3.46s 
71499      INFO  main            d.u.i.k.p.i.AbstractProblemLoader Replaying proof ArrayList[List::get(int)].JML normal_behavior operation contract.0 
71565      DEBUG main            d.u.i.k.p.i.IntermediateProofReplayer Proof replay took 61.08ms 
71567      DEBUG main            d.u.i.k.p.r.p.TestFile    ... success: reloaded. 
71569      INFO  main            d.u.i.k.p.r.p.TestFile    Now processing file /home/runner/work/key/key/key.core/../key.ui/examples/heap/list_ghost/ArrayList_inv.key 
71569      INFO  main            d.u.i.k.p.i.AbstractProblemLoader Loading environment from /home/runner/work/key/key/key.core/../key.ui/examples/heap/list_ghost/ArrayList_inv.key 
71570      DEBUG main            d.u.i.k.p.i.AbstractProblemLoader Environment load took 280.2ns 
71571      INFO  main            d.u.i.k.p.i.AbstractProblemLoader Creating init config 
75124      DEBUG main            d.u.i.k.p.i.AbstractProblemLoader Init config took 3.55s 
75184      INFO  main            d.u.i.k.p.i.AbstractProblemLoader Replaying proof ArrayList[java.lang.Object::<inv>()].JML accessible clause.0 
75187      DEBUG main            d.u.i.k.p.i.IntermediateProofReplayer Proof replay took 11ns 
75390      INFO  main            d.u.i.k.p.r.p.TestFile    ... finished proof: closed. 
75629      INFO  main            d.u.i.k.p.i.AbstractProblemLoader Loading environment from /home/runner/work/key/key/key.core/../key.ui/examples/heap/list_ghost/ArrayList_inv.key.proof 
75629      DEBUG main            d.u.i.k.p.i.AbstractProblemLoader Environment load took 299.6ns 
75630      INFO  main            d.u.i.k.p.i.AbstractProblemLoader Creating init config 
78943      DEBUG main            d.u.i.k.p.i.AbstractProblemLoader Init config took 3.31s 
79008      INFO  main            d.u.i.k.p.i.AbstractProblemLoader Replaying proof ArrayList[java.lang.Object::<inv>()].JML accessible clause.0 
79025      DEBUG main            d.u.i.k.p.i.IntermediateProofReplayer Proof replay took 11.83ms 
79027      DEBUG main            d.u.i.k.p.r.p.TestFile    ... success: reloaded. 
79029      INFO  main            d.u.i.k.p.r.p.TestFile    Now processing file /home/runner/work/key/key/key.core/../key.ui/examples/heap/list_ghost/ArrayList_size_dep.key 
79029      INFO  main            d.u.i.k.p.i.AbstractProblemLoader Loading environment from /home/runner/work/key/key/key.core/../key.ui/examples/heap/list_ghost/ArrayList_size_dep.key 
79030      DEBUG main            d.u.i.k.p.i.AbstractProblemLoader Environment load took 297.6ns 
79032      INFO  main            d.u.i.k.p.i.AbstractProblemLoader Creating init config 
82502      DEBUG main            d.u.i.k.p.i.AbstractProblemLoader Init config took 3.47s 
82553      INFO  main            d.u.i.k.p.i.AbstractProblemLoader Replaying proof ArrayList[List::size()].JML accessible clause.0 
82555      DEBUG main            d.u.i.k.p.i.IntermediateProofReplayer Proof replay took 6.7ns 
82760      INFO  main            d.u.i.k.p.r.p.TestFile    ... finished proof: closed. 
82979      INFO  main            d.u.i.k.p.i.AbstractProblemLoader Loading environment from /home/runner/work/key/key/key.core/../key.ui/examples/heap/list_ghost/ArrayList_size_dep.key.proof 
82979      DEBUG main            d.u.i.k.p.i.AbstractProblemLoader Environment load took 174.5ns 
82981      INFO  main            d.u.i.k.p.i.AbstractProblemLoader Creating init config 
86311      DEBUG main            d.u.i.k.p.i.AbstractProblemLoader Init config took 3.33s 
86364      INFO  main            d.u.i.k.p.i.AbstractProblemLoader Replaying proof ArrayList[List::size()].JML accessible clause.0 
86382      DEBUG main            d.u.i.k.p.i.IntermediateProofReplayer Proof replay took 14.54ms 
86383      DEBUG main            d.u.i.k.p.r.p.TestFile    ... success: reloaded. 
86385      INFO  main            d.u.i.k.p.r.p.TestFile    Now processing file /home/runner/work/key/key/key.core/../key.ui/examples/heap/list_ghost/ArrayList_size.key 
86385      INFO  main            d.u.i.k.p.i.AbstractProblemLoader Loading environment from /home/runner/work/key/key/key.core/../key.ui/examples/heap/list_ghost/ArrayList_size.key 
86386      DEBUG main            d.u.i.k.p.i.AbstractProblemLoader Environment load took 309.2ns 
86387      INFO  main            d.u.i.k.p.i.AbstractProblemLoader Creating init config 
89662      DEBUG main            d.u.i.k.p.i.AbstractProblemLoader Init config took 3.27s 
89735      INFO  main            d.u.i.k.p.i.AbstractProblemLoader Replaying proof ArrayList[List::size()].JML normal_behavior operation contract.0 
89736      DEBUG main            d.u.i.k.p.i.IntermediateProofReplayer Proof replay took 7.1ns 
89840      INFO  main            d.u.i.k.p.r.p.TestFile    ... finished proof: closed. 
90106      INFO  main            d.u.i.k.p.i.AbstractProblemLoader Loading environment from /home/runner/work/key/key/key.core/../key.ui/examples/heap/list_ghost/ArrayList_size.key.proof 
90107      DEBUG main            d.u.i.k.p.i.AbstractProblemLoader Environment load took 724.7ns 
90109      INFO  main            d.u.i.k.p.i.AbstractProblemLoader Creating init config 
93311      DEBUG main            d.u.i.k.p.i.AbstractProblemLoader Init config took 3.2s 
93365      INFO  main            d.u.i.k.p.i.AbstractProblemLoader Replaying proof ArrayList[List::size()].JML normal_behavior operation contract.0 
93382      DEBUG main            d.u.i.k.p.i.IntermediateProofReplayer Proof replay took 14.83ms 
93383      DEBUG main            d.u.i.k.p.r.p.TestFile    ... success: reloaded. 
1681523    INFO  Test worker     d.u.i.k.p.r.RunAllProofsTestUnit Returning from test list_ghost 
1681527    INFO  Test worker     d.u.i.k.p.r.RunAllProofsTestUnit Running test list_recursive 
546        INFO  Timeout watchdog d.u.i.k.p.r.p.ForkedTestFileRunner Timeout watcher launched (2000 secs.) 
570        WARN  main            d.u.i.k.s.ProofSettings   The settings in /home/runner/.key/proof-settings.props are *not* read. 
637        INFO  main            d.u.i.k.p.r.p.TestFile    Now processing file /home/runner/work/key/key/key.core/../key.ui/examples/heap/list_recursiveSpec/ListOperationsNonNull_getNextNN_normal_behavior.key 
809        INFO  main            d.u.i.k.p.i.AbstractProblemLoader Loading environment from /home/runner/work/key/key/key.core/../key.ui/examples/heap/list_recursiveSpec/ListOperationsNonNull_getNextNN_normal_behavior.key 
833        DEBUG main            d.u.i.k.p.i.AbstractProblemLoader Environment load took 3.05ms 
1185       INFO  main            d.u.i.k.p.i.AbstractProblemLoader Creating init config 
2634       DEBUG main            d.u.i.k.j.TypeConverter   No LDT found for Meta 
2635       DEBUG main            d.u.i.k.j.TypeConverter   No LDT found for Meta 
2640       DEBUG main            d.u.i.k.j.TypeConverter   No LDT found for Meta 
2640       DEBUG main            d.u.i.k.j.TypeConverter   No LDT found for Meta 
4563       DEBUG main            d.u.i.k.j.TypeConverter   No LDT found for JavaBigintExpression 
13128      DEBUG main            d.u.i.k.p.i.AbstractProblemLoader Init config took 11.94s 
13392      INFO  main            d.u.i.k.p.i.AbstractProblemLoader Replaying proof ListOperationsNonNull[ListOperationsNonNull::getNextNN(ListNN,int)].JML normal_behavior operation contract.0 
13453      DEBUG main            d.u.i.k.p.i.IntermediateProofReplayer Proof replay took 47.9ns 
15403      INFO  main            d.u.i.k.p.r.p.TestFile    ... finished proof: closed. 
15674      INFO  main            d.u.i.k.p.i.AbstractProblemLoader Loading environment from /home/runner/work/key/key/key.core/../key.ui/examples/heap/list_recursiveSpec/ListOperationsNonNull_getNextNN_normal_behavior.key.proof 
15678      DEBUG main            d.u.i.k.p.i.AbstractProblemLoader Environment load took 4.18ms 
15682      INFO  main            d.u.i.k.p.i.AbstractProblemLoader Creating init config 
20250      DEBUG main            d.u.i.k.p.i.AbstractProblemLoader Init config took 4.57s 
20377      INFO  main            d.u.i.k.p.i.AbstractProblemLoader Replaying proof ListOperationsNonNull[ListOperationsNonNull::getNextNN(ListNN,int)].JML normal_behavior operation contract.0 
20657      DEBUG main            d.u.i.k.p.i.IntermediateProofReplayer Proof replay took 259.18ms 
20668      DEBUG main            d.u.i.k.p.r.p.TestFile    ... success: reloaded. 
20676      INFO  main            d.u.i.k.p.r.p.TestFile    Now processing file /home/runner/work/key/key/key.core/../key.ui/examples/heap/list_recursiveSpec/ListOperationsNonNull_setValueAt_normal_behavior.key 
20676      INFO  main            d.u.i.k.p.i.AbstractProblemLoader Loading environment from /home/runner/work/key/key/key.core/../key.ui/examples/heap/list_recursiveSpec/ListOperationsNonNull_setValueAt_normal_behavior.key 
20677      DEBUG main            d.u.i.k.p.i.AbstractProblemLoader Environment load took 281.8ns 
20682      INFO  main            d.u.i.k.p.i.AbstractProblemLoader Creating init config 
25214      DEBUG main            d.u.i.k.p.i.AbstractProblemLoader Init config took 4.53s 
25310      INFO  main            d.u.i.k.p.i.AbstractProblemLoader Replaying proof ListOperationsNonNull[ListOperationsNonNull::setValueAt_NN(ListNN,int,int)].JML normal_behavior operation contract.0 
25314      DEBUG main            d.u.i.k.p.i.IntermediateProofReplayer Proof replay took 8.7ns 
25360      DEBUG main            d.u.i.k.m.s.ProofScriptEngine 1: 'macro autopilot' on goal 0 (script from line 51) 
29643      DEBUG main            d.u.i.k.m.s.ProofScriptEngine 2: 'macro simp-upd' on goal 79 (script from line 52) 
29655      DEBUG main            d.u.i.k.m.s.ProofScriptEngine 3: 'rule observerDependencyEQ' on goal 1451 (script from line 53) 
29678      DEBUG main            d.u.i.k.m.s.ProofScriptEngine 4: 'tryclose' on goal 1452 (script from line 54) 
29726      INFO  main            d.u.i.k.p.r.p.TestFile    ... finished proof: closed. 
29957      INFO  main            d.u.i.k.p.i.AbstractProblemLoader Loading environment from /home/runner/work/key/key/key.core/../key.ui/examples/heap/list_recursiveSpec/ListOperationsNonNull_setValueAt_normal_behavior.key.proof 
29958      DEBUG main            d.u.i.k.p.i.AbstractProblemLoader Environment load took 1.56ms 
29962      INFO  main            d.u.i.k.p.i.AbstractProblemLoader Creating init config 
34256      DEBUG main            d.u.i.k.p.i.AbstractProblemLoader Init config took 4.29s 
34340      INFO  main            d.u.i.k.p.i.AbstractProblemLoader Replaying proof ListOperationsNonNull[ListOperationsNonNull::setValueAt_NN(ListNN,int,int)].JML normal_behavior operation contract.0 
34509      DEBUG main            d.u.i.k.p.i.IntermediateProofReplayer Proof replay took 161.1ms 
34510      DEBUG main            d.u.i.k.p.r.p.TestFile    ... success: reloaded. 
1716269    INFO  Test worker     d.u.i.k.p.r.RunAllProofsTestUnit Returning from test list_recursive 
1716270    INFO  Test worker     d.u.i.k.p.r.RunAllProofsTestUnit Running test list_seq 
528        INFO  Timeout watchdog d.u.i.k.p.r.p.ForkedTestFileRunner Timeout watcher launched (2000 secs.) 
546        WARN  main            d.u.i.k.s.ProofSettings   The settings in /home/runner/.key/proof-settings.props are *not* read. 
620        INFO  main            d.u.i.k.p.r.p.TestFile    Now processing file /home/runner/work/key/key/key.core/../key.ui/examples/heap/list_seq/SimplifiedLinkedList.remove.key 
806        INFO  main            d.u.i.k.p.i.AbstractProblemLoader Loading environment from /home/runner/work/key/key/key.core/../key.ui/examples/heap/list_seq/SimplifiedLinkedList.remove.key 
831        DEBUG main            d.u.i.k.p.i.AbstractProblemLoader Environment load took 2.75ms 
1170       INFO  main            d.u.i.k.p.i.AbstractProblemLoader Creating init config 
2513       DEBUG main            d.u.i.k.j.TypeConverter   No LDT found for Meta 
2514       DEBUG main            d.u.i.k.j.TypeConverter   No LDT found for Meta 
2515       DEBUG main            d.u.i.k.j.TypeConverter   No LDT found for Meta 
2515       DEBUG main            d.u.i.k.j.TypeConverter   No LDT found for Meta 
4462       DEBUG main            d.u.i.k.j.TypeConverter   No LDT found for JavaBigintExpression 
12924      DEBUG main            d.u.i.k.p.i.AbstractProblemLoader Init config took 11.75s 
13257      INFO  main            d.u.i.k.p.i.AbstractProblemLoader Replaying proof SimplifiedLinkedList[SimplifiedLinkedList::remove(int)].JML normal_behavior operation contract.0 
13375      DEBUG main            d.u.i.k.p.i.IntermediateProofReplayer Proof replay took 121.1ns 
120412     INFO  main            d.u.i.k.p.r.p.TestFile    ... finished proof: closed. 
121003     INFO  main            d.u.i.k.p.i.AbstractProblemLoader Loading environment from /home/runner/work/key/key/key.core/../key.ui/examples/heap/list_seq/SimplifiedLinkedList.remove.key.proof 
121003     DEBUG main            d.u.i.k.p.i.AbstractProblemLoader Environment load took 670.2ns 
121025     INFO  main            d.u.i.k.p.i.AbstractProblemLoader Creating init config 
125618     DEBUG main            d.u.i.k.p.i.AbstractProblemLoader Init config took 4.59s 
125772     INFO  main            d.u.i.k.p.i.AbstractProblemLoader Replaying proof SimplifiedLinkedList[SimplifiedLinkedList::remove(int)].JML normal_behavior operation contract.0 
129973     DEBUG main            d.u.i.k.p.i.IntermediateProofReplayer Proof replay took 3.79s 
129996     DEBUG main            d.u.i.k.p.r.p.TestFile    ... success: reloaded. 
129998     INFO  main            d.u.i.k.p.r.p.TestFile    Now processing file /home/runner/work/key/key/key.core/../key.ui/examples/heap/list_seq/ArrayList.ArrayList.key 
129999     INFO  main            d.u.i.k.p.i.AbstractProblemLoader Loading environment from /home/runner/work/key/key/key.core/../key.ui/examples/heap/list_seq/ArrayList.ArrayList.key 
129999     DEBUG main            d.u.i.k.p.i.AbstractProblemLoader Environment load took 325.6ns 
130001     INFO  main            d.u.i.k.p.i.AbstractProblemLoader Creating init config 
134468     DEBUG main            d.u.i.k.p.i.AbstractProblemLoader Init config took 4.47s 
134607     INFO  main            d.u.i.k.p.i.AbstractProblemLoader Replaying proof ArrayList[ArrayList::ArrayList()].JML normal_behavior operation contract.0 
134611     DEBUG main            d.u.i.k.p.i.IntermediateProofReplayer Proof replay took 6.6ns 
135819     INFO  main            d.u.i.k.p.r.p.TestFile    ... finished proof: closed. 
136133     INFO  main            d.u.i.k.p.i.AbstractProblemLoader Loading environment from /home/runner/work/key/key/key.core/../key.ui/examples/heap/list_seq/ArrayList.ArrayList.key.proof 
136134     DEBUG main            d.u.i.k.p.i.AbstractProblemLoader Environment load took 624.6ns 
136137     INFO  main            d.u.i.k.p.i.AbstractProblemLoader Creating init config 
140435     DEBUG main            d.u.i.k.p.i.AbstractProblemLoader Init config took 4.3s 
140570     INFO  main            d.u.i.k.p.i.AbstractProblemLoader Replaying proof ArrayList[ArrayList::ArrayList()].JML normal_behavior operation contract.0 
140741     DEBUG main            d.u.i.k.p.i.IntermediateProofReplayer Proof replay took 162.47ms 
140744     DEBUG main            d.u.i.k.p.r.p.TestFile    ... success: reloaded. 
140746     INFO  main            d.u.i.k.p.r.p.TestFile    Now processing file /home/runner/work/key/key/key.core/../key.ui/examples/heap/list_seq/ArrayList.add.key 
140747     INFO  main            d.u.i.k.p.i.AbstractProblemLoader Loading environment from /home/runner/work/key/key/key.core/../key.ui/examples/heap/list_seq/ArrayList.add.key 
140747     DEBUG main            d.u.i.k.p.i.AbstractProblemLoader Environment load took 198ns 
140749     INFO  main            d.u.i.k.p.i.AbstractProblemLoader Creating init config 
145032     DEBUG main            d.u.i.k.p.i.AbstractProblemLoader Init config took 4.28s 
145183     INFO  main            d.u.i.k.p.i.AbstractProblemLoader Replaying proof ArrayList[List::add(java.lang.Object)].JML normal_behavior operation contract.0 
145185     DEBUG main            d.u.i.k.p.i.IntermediateProofReplayer Proof replay took 7.5ns 
149905     INFO  main            d.u.i.k.p.r.p.TestFile    ... finished proof: closed. 
150147     INFO  main            d.u.i.k.p.i.AbstractProblemLoader Loading environment from /home/runner/work/key/key/key.core/../key.ui/examples/heap/list_seq/ArrayList.add.key.proof 
150149     DEBUG main            d.u.i.k.p.i.AbstractProblemLoader Environment load took 1.26ms 
150154     INFO  main            d.u.i.k.p.i.AbstractProblemLoader Creating init config 
154279     DEBUG main            d.u.i.k.p.i.AbstractProblemLoader Init config took 4.12s 
154390     INFO  main            d.u.i.k.p.i.AbstractProblemLoader Replaying proof ArrayList[List::add(java.lang.Object)].JML normal_behavior operation contract.0 
154778     DEBUG main            d.u.i.k.p.i.IntermediateProofReplayer Proof replay took 371.69ms 
154780     DEBUG main            d.u.i.k.p.r.p.TestFile    ... success: reloaded. 
154782     INFO  main            d.u.i.k.p.r.p.TestFile    Now processing file /home/runner/work/key/key/key.core/../key.ui/examples/heap/list_seq/ArrayList.contains.key 
154782     INFO  main            d.u.i.k.p.i.AbstractProblemLoader Loading environment from /home/runner/work/key/key/key.core/../key.ui/examples/heap/list_seq/ArrayList.contains.key 
154782     DEBUG main            d.u.i.k.p.i.AbstractProblemLoader Environment load took 253.6ns 
154784     INFO  main            d.u.i.k.p.i.AbstractProblemLoader Creating init config 
158909     DEBUG main            d.u.i.k.p.i.AbstractProblemLoader Init config took 4.13s 
159009     INFO  main            d.u.i.k.p.i.AbstractProblemLoader Replaying proof ArrayList[List::contains(java.lang.Object)].JML normal_behavior operation contract.0 
159012     DEBUG main            d.u.i.k.p.i.IntermediateProofReplayer Proof replay took 6.4ns 
161220     INFO  main            d.u.i.k.p.r.p.TestFile    ... finished proof: closed. 
161506     INFO  main            d.u.i.k.p.i.AbstractProblemLoader Loading environment from /home/runner/work/key/key/key.core/../key.ui/examples/heap/list_seq/ArrayList.contains.key.proof 
161507     DEBUG main            d.u.i.k.p.i.AbstractProblemLoader Environment load took 239.1ns 
161508     INFO  main            d.u.i.k.p.i.AbstractProblemLoader Creating init config 
165624     DEBUG main            d.u.i.k.p.i.AbstractProblemLoader Init config took 4.12s 
165724     INFO  main            d.u.i.k.p.i.AbstractProblemLoader Replaying proof ArrayList[List::contains(java.lang.Object)].JML normal_behavior operation contract.0 
165987     DEBUG main            d.u.i.k.p.i.IntermediateProofReplayer Proof replay took 253.75ms 
165989     DEBUG main            d.u.i.k.p.r.p.TestFile    ... success: reloaded. 
165990     INFO  main            d.u.i.k.p.r.p.TestFile    Now processing file /home/runner/work/key/key/key.core/../key.ui/examples/heap/list_seq/ArrayList.enlarge.key 
165990     INFO  main            d.u.i.k.p.i.AbstractProblemLoader Loading environment from /home/runner/work/key/key/key.core/../key.ui/examples/heap/list_seq/ArrayList.enlarge.key 
165991     DEBUG main            d.u.i.k.p.i.AbstractProblemLoader Environment load took 530.6ns 
165993     INFO  main            d.u.i.k.p.i.AbstractProblemLoader Creating init config 
170112     DEBUG main            d.u.i.k.p.i.AbstractProblemLoader Init config took 4.12s 
170236     INFO  main            d.u.i.k.p.i.AbstractProblemLoader Replaying proof ArrayList[ArrayList::enlarge()].JML normal_behavior operation contract.0 
170239     DEBUG main            d.u.i.k.p.i.IntermediateProofReplayer Proof replay took 8.3ns 
173118     INFO  main            d.u.i.k.p.r.p.TestFile    ... finished proof: closed. 
173395     INFO  main            d.u.i.k.p.i.AbstractProblemLoader Loading environment from /home/runner/work/key/key/key.core/../key.ui/examples/heap/list_seq/ArrayList.enlarge.key.proof 
173398     DEBUG main            d.u.i.k.p.i.AbstractProblemLoader Environment load took 2.18ms 
173399     INFO  main            d.u.i.k.p.i.AbstractProblemLoader Creating init config 
177450     DEBUG main            d.u.i.k.p.i.AbstractProblemLoader Init config took 4.05s 
177546     INFO  main            d.u.i.k.p.i.AbstractProblemLoader Replaying proof ArrayList[ArrayList::enlarge()].JML normal_behavior operation contract.0 
177901     DEBUG main            d.u.i.k.p.i.IntermediateProofReplayer Proof replay took 343.73ms 
177903     DEBUG main            d.u.i.k.p.r.p.TestFile    ... success: reloaded. 
177904     INFO  main            d.u.i.k.p.r.p.TestFile    Now processing file /home/runner/work/key/key/key.core/../key.ui/examples/heap/list_seq/ArrayList.get.key 
177905     INFO  main            d.u.i.k.p.i.AbstractProblemLoader Loading environment from /home/runner/work/key/key/key.core/../key.ui/examples/heap/list_seq/ArrayList.get.key 
177906     DEBUG main            d.u.i.k.p.i.AbstractProblemLoader Environment load took 382.1ns 
177907     INFO  main            d.u.i.k.p.i.AbstractProblemLoader Creating init config 
181996     DEBUG main            d.u.i.k.p.i.AbstractProblemLoader Init config took 4.09s 
182138     INFO  main            d.u.i.k.p.i.AbstractProblemLoader Replaying proof ArrayList[List::get(int)].JML normal_behavior operation contract.0 
182140     DEBUG main            d.u.i.k.p.i.IntermediateProofReplayer Proof replay took 7.1ns 
182849     INFO  main            d.u.i.k.p.r.p.TestFile    ... finished proof: closed. 
183127     INFO  main            d.u.i.k.p.i.AbstractProblemLoader Loading environment from /home/runner/work/key/key/key.core/../key.ui/examples/heap/list_seq/ArrayList.get.key.proof 
183127     DEBUG main            d.u.i.k.p.i.AbstractProblemLoader Environment load took 178.5ns 
183128     INFO  main            d.u.i.k.p.i.AbstractProblemLoader Creating init config 
187302     DEBUG main            d.u.i.k.p.i.AbstractProblemLoader Init config took 4.17s 
187408     INFO  main            d.u.i.k.p.i.AbstractProblemLoader Replaying proof ArrayList[List::get(int)].JML normal_behavior operation contract.0 
187480     DEBUG main            d.u.i.k.p.i.IntermediateProofReplayer Proof replay took 67.06ms 
187484     DEBUG main            d.u.i.k.p.r.p.TestFile    ... success: reloaded. 
187485     INFO  main            d.u.i.k.p.r.p.TestFile    Now processing file /home/runner/work/key/key/key.core/../key.ui/examples/heap/list_seq/ArrayList.newArray.key 
187486     INFO  main            d.u.i.k.p.i.AbstractProblemLoader Loading environment from /home/runner/work/key/key/key.core/../key.ui/examples/heap/list_seq/ArrayList.newArray.key 
187487     DEBUG main            d.u.i.k.p.i.AbstractProblemLoader Environment load took 345.8ns 
187488     INFO  main            d.u.i.k.p.i.AbstractProblemLoader Creating init config 
191714     DEBUG main            d.u.i.k.p.i.AbstractProblemLoader Init config took 4.23s 
191821     INFO  main            d.u.i.k.p.i.AbstractProblemLoader Replaying proof ArrayList[ArrayList::newArray(int)].JML normal_behavior operation contract.0 
191822     DEBUG main            d.u.i.k.p.i.IntermediateProofReplayer Proof replay took 7.2ns 
192228     INFO  main            d.u.i.k.p.r.p.TestFile    ... finished proof: closed. 
192522     INFO  main            d.u.i.k.p.i.AbstractProblemLoader Loading environment from /home/runner/work/key/key/key.core/../key.ui/examples/heap/list_seq/ArrayList.newArray.key.proof 
192522     DEBUG main            d.u.i.k.p.i.AbstractProblemLoader Environment load took 550.9ns 
192524     INFO  main            d.u.i.k.p.i.AbstractProblemLoader Creating init config 
196694     DEBUG main            d.u.i.k.p.i.AbstractProblemLoader Init config took 4.17s 
196813     INFO  main            d.u.i.k.p.i.AbstractProblemLoader Replaying proof ArrayList[ArrayList::newArray(int)].JML normal_behavior operation contract.0 
196885     DEBUG main            d.u.i.k.p.i.IntermediateProofReplayer Proof replay took 67.82ms 
196887     DEBUG main            d.u.i.k.p.r.p.TestFile    ... success: reloaded. 
196888     INFO  main            d.u.i.k.p.r.p.TestFile    Now processing file /home/runner/work/key/key/key.core/../key.ui/examples/heap/list_seq/ArrayList.remove.0.key 
196889     INFO  main            d.u.i.k.p.i.AbstractProblemLoader Loading environment from /home/runner/work/key/key/key.core/../key.ui/examples/heap/list_seq/ArrayList.remove.0.key 
196889     DEBUG main            d.u.i.k.p.i.AbstractProblemLoader Environment load took 325ns 
196891     INFO  main            d.u.i.k.p.i.AbstractProblemLoader Creating init config 
201065     DEBUG main            d.u.i.k.p.i.AbstractProblemLoader Init config took 4.17s 
201160     INFO  main            d.u.i.k.p.i.AbstractProblemLoader Replaying proof ArrayList[List::remove(java.lang.Object)].JML normal_behavior operation contract.0 
201162     DEBUG main            d.u.i.k.p.i.IntermediateProofReplayer Proof replay took 7.8ns 
203916     INFO  main            d.u.i.k.p.r.p.TestFile    ... finished proof: closed. 
204219     INFO  main            d.u.i.k.p.i.AbstractProblemLoader Loading environment from /home/runner/work/key/key/key.core/../key.ui/examples/heap/list_seq/ArrayList.remove.0.key.proof 
204219     DEBUG main            d.u.i.k.p.i.AbstractProblemLoader Environment load took 167.3ns 
204221     INFO  main            d.u.i.k.p.i.AbstractProblemLoader Creating init config 
208175     DEBUG main            d.u.i.k.p.i.AbstractProblemLoader Init config took 3.95s 
208281     INFO  main            d.u.i.k.p.i.AbstractProblemLoader Replaying proof ArrayList[List::remove(java.lang.Object)].JML normal_behavior operation contract.0 
208786     DEBUG main            d.u.i.k.p.i.IntermediateProofReplayer Proof replay took 494.52ms 
208788     DEBUG main            d.u.i.k.p.r.p.TestFile    ... success: reloaded. 
208789     INFO  main            d.u.i.k.p.r.p.TestFile    Now processing file /home/runner/work/key/key/key.core/../key.ui/examples/heap/list_seq/ArrayList.remove.1.key 
208789     INFO  main            d.u.i.k.p.i.AbstractProblemLoader Loading environment from /home/runner/work/key/key/key.core/../key.ui/examples/heap/list_seq/ArrayList.remove.1.key 
208790     DEBUG main            d.u.i.k.p.i.AbstractProblemLoader Environment load took 293.3ns 
208791     INFO  main            d.u.i.k.p.i.AbstractProblemLoader Creating init config 
212756     DEBUG main            d.u.i.k.p.i.AbstractProblemLoader Init config took 3.96s 
212851     INFO  main            d.u.i.k.p.i.AbstractProblemLoader Replaying proof ArrayList[List::remove(java.lang.Object)].JML normal_behavior operation contract.1 
212854     DEBUG main            d.u.i.k.p.i.IntermediateProofReplayer Proof replay took 7.8ns 
228411     INFO  main            d.u.i.k.p.r.p.TestFile    ... finished proof: closed. 
228779     INFO  main            d.u.i.k.p.i.AbstractProblemLoader Loading environment from /home/runner/work/key/key/key.core/../key.ui/examples/heap/list_seq/ArrayList.remove.1.key.proof 
228779     DEBUG main            d.u.i.k.p.i.AbstractProblemLoader Environment load took 643.7ns 
228782     INFO  main            d.u.i.k.p.i.AbstractProblemLoader Creating init config 
232805     DEBUG main            d.u.i.k.p.i.AbstractProblemLoader Init config took 4.02s 
232899     INFO  main            d.u.i.k.p.i.AbstractProblemLoader Replaying proof ArrayList[List::remove(java.lang.Object)].JML normal_behavior operation contract.1 
234143     DEBUG main            d.u.i.k.p.i.IntermediateProofReplayer Proof replay took 1.2s 
234147     DEBUG main            d.u.i.k.p.r.p.TestFile    ... success: reloaded. 
1950676    INFO  Test worker     d.u.i.k.p.r.RunAllProofsTestUnit Returning from test list_seq 
1950678    INFO  Test worker     d.u.i.k.p.r.RunAllProofsTestUnit Running test observer 
489        INFO  Timeout watchdog d.u.i.k.p.r.p.ForkedTestFileRunner Timeout watcher launched (2000 secs.) 
499        WARN  main            d.u.i.k.s.ProofSettings   The settings in /home/runner/.key/proof-settings.props are *not* read. 
562        INFO  main            d.u.i.k.p.r.p.TestFile    Now processing file /home/runner/work/key/key/key.core/../key.ui/examples/heap/observer/ExampleObserver_ExampleObserver.key 
729        INFO  main            d.u.i.k.p.i.AbstractProblemLoader Loading environment from /home/runner/work/key/key/key.core/../key.ui/examples/heap/observer/ExampleObserver_ExampleObserver.key 
752        DEBUG main            d.u.i.k.p.i.AbstractProblemLoader Environment load took 2.45ms 
1069       INFO  main            d.u.i.k.p.i.AbstractProblemLoader Creating init config 
2701       DEBUG main            d.u.i.k.j.TypeConverter   No LDT found for Meta 
2701       DEBUG main            d.u.i.k.j.TypeConverter   No LDT found for Meta 
2705       DEBUG main            d.u.i.k.j.TypeConverter   No LDT found for Meta 
2705       DEBUG main            d.u.i.k.j.TypeConverter   No LDT found for Meta 
4872       DEBUG main            d.u.i.k.j.TypeConverter   No LDT found for JavaBigintExpression 
12137      DEBUG main            d.u.i.k.p.i.AbstractProblemLoader Init config took 11.07s 
12349      INFO  main            d.u.i.k.p.i.AbstractProblemLoader Replaying proof ExampleObserver[ExampleObserver::ExampleObserver(ExampleSubject)].JML normal_behavior operation contract.0 
12405      DEBUG main            d.u.i.k.p.i.IntermediateProofReplayer Proof replay took 43.8ns 
13849      INFO  main            d.u.i.k.p.r.p.TestFile    ... finished proof: closed. 
14093      INFO  main            d.u.i.k.p.i.AbstractProblemLoader Loading environment from /home/runner/work/key/key/key.core/../key.ui/examples/heap/observer/ExampleObserver_ExampleObserver.key.proof 
14094      DEBUG main            d.u.i.k.p.i.AbstractProblemLoader Environment load took 733.9ns 
14099      INFO  main            d.u.i.k.p.i.AbstractProblemLoader Creating init config 
18217      DEBUG main            d.u.i.k.p.i.AbstractProblemLoader Init config took 4.12s 
18309      INFO  main            d.u.i.k.p.i.AbstractProblemLoader Replaying proof ExampleObserver[ExampleObserver::ExampleObserver(ExampleSubject)].JML normal_behavior operation contract.0 
18479      DEBUG main            d.u.i.k.p.i.IntermediateProofReplayer Proof replay took 156.92ms 
18496      DEBUG main            d.u.i.k.p.r.p.TestFile    ... success: reloaded. 
18503      INFO  main            d.u.i.k.p.r.p.TestFile    Now processing file /home/runner/work/key/key/key.core/../key.ui/examples/heap/observer/ExampleObserver_inv.key 
18506      INFO  main            d.u.i.k.p.i.AbstractProblemLoader Loading environment from /home/runner/work/key/key/key.core/../key.ui/examples/heap/observer/ExampleObserver_inv.key 
18506      DEBUG main            d.u.i.k.p.i.AbstractProblemLoader Environment load took 165.3ns 
18511      INFO  main            d.u.i.k.p.i.AbstractProblemLoader Creating init config 
22547      DEBUG main            d.u.i.k.p.i.AbstractProblemLoader Init config took 4.04s 
22652      INFO  main            d.u.i.k.p.i.AbstractProblemLoader Replaying proof ExampleObserver[java.lang.Object::<inv>()].JML accessible clause.0 
22661      DEBUG main            d.u.i.k.p.i.IntermediateProofReplayer Proof replay took 8.1ns 
22867      INFO  main            d.u.i.k.p.r.p.TestFile    ... finished proof: closed. 
23040      INFO  main            d.u.i.k.p.i.AbstractProblemLoader Loading environment from /home/runner/work/key/key/key.core/../key.ui/examples/heap/observer/ExampleObserver_inv.key.proof 
23041      DEBUG main            d.u.i.k.p.i.AbstractProblemLoader Environment load took 1.25ms 
23044      INFO  main            d.u.i.k.p.i.AbstractProblemLoader Creating init config 
26854      DEBUG main            d.u.i.k.p.i.AbstractProblemLoader Init config took 3.81s 
26933      INFO  main            d.u.i.k.p.i.AbstractProblemLoader Replaying proof ExampleObserver[java.lang.Object::<inv>()].JML accessible clause.0 
26955      DEBUG main            d.u.i.k.p.i.IntermediateProofReplayer Proof replay took 18.11ms 
26957      DEBUG main            d.u.i.k.p.r.p.TestFile    ... success: reloaded. 
26959      INFO  main            d.u.i.k.p.r.p.TestFile    Now processing file /home/runner/work/key/key/key.core/../key.ui/examples/heap/observer/ExampleObserver_subject.key 
26959      INFO  main            d.u.i.k.p.i.AbstractProblemLoader Loading environment from /home/runner/work/key/key/key.core/../key.ui/examples/heap/observer/ExampleObserver_subject.key 
26960      DEBUG main            d.u.i.k.p.i.AbstractProblemLoader Environment load took 297.3ns 
26961      INFO  main            d.u.i.k.p.i.AbstractProblemLoader Creating init config 
30773      DEBUG main            d.u.i.k.p.i.AbstractProblemLoader Init config took 3.81s 
30862      INFO  main            d.u.i.k.p.i.AbstractProblemLoader Replaying proof Observer[Observer::$subject()].JML accessible clause.0 
30865      DEBUG main            d.u.i.k.p.i.IntermediateProofReplayer Proof replay took 7.8ns 
30968      INFO  main            d.u.i.k.p.r.p.TestFile    ... finished proof: closed. 
31152      INFO  main            d.u.i.k.p.i.AbstractProblemLoader Loading environment from /home/runner/work/key/key/key.core/../key.ui/examples/heap/observer/ExampleObserver_subject.key.proof 
31152      DEBUG main            d.u.i.k.p.i.AbstractProblemLoader Environment load took 185.3ns 
31154      INFO  main            d.u.i.k.p.i.AbstractProblemLoader Creating init config 
35035      DEBUG main            d.u.i.k.p.i.AbstractProblemLoader Init config took 3.88s 
35101      INFO  main            d.u.i.k.p.i.AbstractProblemLoader Replaying proof Observer[Observer::$subject()].JML accessible clause.0 
35112      DEBUG main            d.u.i.k.p.i.IntermediateProofReplayer Proof replay took 3.3ms 
35113      DEBUG main            d.u.i.k.p.r.p.TestFile    ... success: reloaded. 
35116      INFO  main            d.u.i.k.p.r.p.TestFile    Now processing file /home/runner/work/key/key/key.core/../key.ui/examples/heap/observer/ExampleObserver_update.key 
35116      INFO  main            d.u.i.k.p.i.AbstractProblemLoader Loading environment from /home/runner/work/key/key/key.core/../key.ui/examples/heap/observer/ExampleObserver_update.key 
35116      DEBUG main            d.u.i.k.p.i.AbstractProblemLoader Environment load took 189.5ns 
35118      INFO  main            d.u.i.k.p.i.AbstractProblemLoader Creating init config 
38990      DEBUG main            d.u.i.k.p.i.AbstractProblemLoader Init config took 3.87s 
39065      INFO  main            d.u.i.k.p.i.AbstractProblemLoader Replaying proof ExampleObserver[Observer::update()].JML normal_behavior operation contract.0 
39067      DEBUG main            d.u.i.k.p.i.IntermediateProofReplayer Proof replay took 7ns 
39474      INFO  main            d.u.i.k.p.r.p.TestFile    ... finished proof: closed. 
39708      INFO  main            d.u.i.k.p.i.AbstractProblemLoader Loading environment from /home/runner/work/key/key/key.core/../key.ui/examples/heap/observer/ExampleObserver_update.key.proof 
39709      DEBUG main            d.u.i.k.p.i.AbstractProblemLoader Environment load took 645.4ns 
39710      INFO  main            d.u.i.k.p.i.AbstractProblemLoader Creating init config 
43715      DEBUG main            d.u.i.k.p.i.AbstractProblemLoader Init config took 4s 
43796      INFO  main            d.u.i.k.p.i.AbstractProblemLoader Replaying proof ExampleObserver[Observer::update()].JML normal_behavior operation contract.0 
43896      DEBUG main            d.u.i.k.p.i.IntermediateProofReplayer Proof replay took 94.47ms 
43902      DEBUG main            d.u.i.k.p.r.p.TestFile    ... success: reloaded. 
43905      INFO  main            d.u.i.k.p.r.p.TestFile    Now processing file /home/runner/work/key/key/key.core/../key.ui/examples/heap/observer/ExampleObserver_upToDate.key 
43906      INFO  main            d.u.i.k.p.i.AbstractProblemLoader Loading environment from /home/runner/work/key/key/key.core/../key.ui/examples/heap/observer/ExampleObserver_upToDate.key 
43906      DEBUG main            d.u.i.k.p.i.AbstractProblemLoader Environment load took 306.6ns 
43908      INFO  main            d.u.i.k.p.i.AbstractProblemLoader Creating init config 
47982      DEBUG main            d.u.i.k.p.i.AbstractProblemLoader Init config took 4.07s 
48049      INFO  main            d.u.i.k.p.i.AbstractProblemLoader Replaying proof ExampleObserver[Observer::$upToDate()].JML accessible clause.0 
48052      DEBUG main            d.u.i.k.p.i.IntermediateProofReplayer Proof replay took 6.5ns 
48255      INFO  main            d.u.i.k.p.r.p.TestFile    ... finished proof: closed. 
48577      INFO  main            d.u.i.k.p.i.AbstractProblemLoader Loading environment from /home/runner/work/key/key/key.core/../key.ui/examples/heap/observer/ExampleObserver_upToDate.key.proof 
48578      DEBUG main            d.u.i.k.p.i.AbstractProblemLoader Environment load took 1.05ms 
48580      INFO  main            d.u.i.k.p.i.AbstractProblemLoader Creating init config 
52329      DEBUG main            d.u.i.k.p.i.AbstractProblemLoader Init config took 3.75s 
52393      INFO  main            d.u.i.k.p.i.AbstractProblemLoader Replaying proof ExampleObserver[Observer::$upToDate()].JML accessible clause.0 
52419      DEBUG main            d.u.i.k.p.i.IntermediateProofReplayer Proof replay took 22.41ms 
52420      DEBUG main            d.u.i.k.p.r.p.TestFile    ... success: reloaded. 
52421      INFO  main            d.u.i.k.p.r.p.TestFile    Now processing file /home/runner/work/key/key/key.core/../key.ui/examples/heap/observer/ExampleObserver_value.key 
52423      INFO  main            d.u.i.k.p.i.AbstractProblemLoader Loading environment from /home/runner/work/key/key/key.core/../key.ui/examples/heap/observer/ExampleObserver_value.key 
52424      DEBUG main            d.u.i.k.p.i.AbstractProblemLoader Environment load took 305.7ns 
52425      INFO  main            d.u.i.k.p.i.AbstractProblemLoader Creating init config 
56074      DEBUG main            d.u.i.k.p.i.AbstractProblemLoader Init config took 3.65s 
56134      INFO  main            d.u.i.k.p.i.AbstractProblemLoader Replaying proof ExampleObserver[ExampleObserver::value()].JML normal_behavior operation contract.0 
56137      DEBUG main            d.u.i.k.p.i.IntermediateProofReplayer Proof replay took 7.8ns 
56244      INFO  main            d.u.i.k.p.r.p.TestFile    ... finished proof: closed. 
56459      INFO  main            d.u.i.k.p.i.AbstractProblemLoader Loading environment from /home/runner/work/key/key/key.core/../key.ui/examples/heap/observer/ExampleObserver_value.key.proof 
56459      DEBUG main            d.u.i.k.p.i.AbstractProblemLoader Environment load took 161.5ns 
56461      INFO  main            d.u.i.k.p.i.AbstractProblemLoader Creating init config 
60078      DEBUG main            d.u.i.k.p.i.AbstractProblemLoader Init config took 3.62s 
60152      INFO  main            d.u.i.k.p.i.AbstractProblemLoader Replaying proof ExampleObserver[ExampleObserver::value()].JML normal_behavior operation contract.0 
60184      DEBUG main            d.u.i.k.p.i.IntermediateProofReplayer Proof replay took 28.45ms 
60185      DEBUG main            d.u.i.k.p.r.p.TestFile    ... success: reloaded. 
60188      INFO  main            d.u.i.k.p.r.p.TestFile    Now processing file /home/runner/work/key/key/key.core/../key.ui/examples/heap/observer/ExampleSubject_addObserver.key 
60189      INFO  main            d.u.i.k.p.i.AbstractProblemLoader Loading environment from /home/runner/work/key/key/key.core/../key.ui/examples/heap/observer/ExampleSubject_addObserver.key 
60189      DEBUG main            d.u.i.k.p.i.AbstractProblemLoader Environment load took 294.39ns 
60191      INFO  main            d.u.i.k.p.i.AbstractProblemLoader Creating init config 
63945      DEBUG main            d.u.i.k.p.i.AbstractProblemLoader Init config took 3.75s 
64013      INFO  main            d.u.i.k.p.i.AbstractProblemLoader Replaying proof ExampleSubject[Subject::addObserver(Observer)].JML normal_behavior operation contract.0 
64015      DEBUG main            d.u.i.k.p.i.IntermediateProofReplayer Proof replay took 7.6ns 
72009      INFO  main            d.u.i.k.p.r.p.TestFile    ... finished proof: closed. 
72347      INFO  main            d.u.i.k.p.i.AbstractProblemLoader Loading environment from /home/runner/work/key/key/key.core/../key.ui/examples/heap/observer/ExampleSubject_addObserver.key.proof 
72347      DEBUG main            d.u.i.k.p.i.AbstractProblemLoader Environment load took 257.54ns 
72349      INFO  main            d.u.i.k.p.i.AbstractProblemLoader Creating init config 
75982      DEBUG main            d.u.i.k.p.i.AbstractProblemLoader Init config took 3.63s 
76043      INFO  main            d.u.i.k.p.i.AbstractProblemLoader Replaying proof ExampleSubject[Subject::addObserver(Observer)].JML normal_behavior operation contract.0 
76823      DEBUG main            d.u.i.k.p.i.IntermediateProofReplayer Proof replay took 751.67ms 
76827      DEBUG main            d.u.i.k.p.r.p.TestFile    ... success: reloaded. 
76829      INFO  main            d.u.i.k.p.r.p.TestFile    Now processing file /home/runner/work/key/key/key.core/../key.ui/examples/heap/observer/ExampleSubject_change.key 
76829      INFO  main            d.u.i.k.p.i.AbstractProblemLoader Loading environment from /home/runner/work/key/key/key.core/../key.ui/examples/heap/observer/ExampleSubject_change.key 
76829      DEBUG main            d.u.i.k.p.i.AbstractProblemLoader Environment load took 333.1ns 
76831      INFO  main            d.u.i.k.p.i.AbstractProblemLoader Creating init config 
80694      DEBUG main            d.u.i.k.p.i.AbstractProblemLoader Init config took 3.86s 
80761      INFO  main            d.u.i.k.p.i.AbstractProblemLoader Replaying proof ExampleSubject[ExampleSubject::change()].JML normal_behavior operation contract.0 
80763      DEBUG main            d.u.i.k.p.i.IntermediateProofReplayer Proof replay took 20.5ns 
81470      INFO  main            d.u.i.k.p.r.p.TestFile    ... finished proof: closed. 
81775      INFO  main            d.u.i.k.p.i.AbstractProblemLoader Loading environment from /home/runner/work/key/key/key.core/../key.ui/examples/heap/observer/ExampleSubject_change.key.proof 
81776      DEBUG main            d.u.i.k.p.i.AbstractProblemLoader Environment load took 744.91ns 
81778      INFO  main            d.u.i.k.p.i.AbstractProblemLoader Creating init config 
85690      DEBUG main            d.u.i.k.p.i.AbstractProblemLoader Init config took 3.91s 
85756      INFO  main            d.u.i.k.p.i.AbstractProblemLoader Replaying proof ExampleSubject[ExampleSubject::change()].JML normal_behavior operation contract.0 
85854      DEBUG main            d.u.i.k.p.i.IntermediateProofReplayer Proof replay took 92.26ms 
85857      DEBUG main            d.u.i.k.p.r.p.TestFile    ... success: reloaded. 
85861      INFO  main            d.u.i.k.p.r.p.TestFile    Now processing file /home/runner/work/key/key/key.core/../key.ui/examples/heap/observer/ExampleSubject_ExampleSubject.key 
85864      INFO  main            d.u.i.k.p.i.AbstractProblemLoader Loading environment from /home/runner/work/key/key/key.core/../key.ui/examples/heap/observer/ExampleSubject_ExampleSubject.key 
85865      DEBUG main            d.u.i.k.p.i.AbstractProblemLoader Environment load took 301.31ns 
85866      INFO  main            d.u.i.k.p.i.AbstractProblemLoader Creating init config 
89512      DEBUG main            d.u.i.k.p.i.AbstractProblemLoader Init config took 3.65s 
89568      INFO  main            d.u.i.k.p.i.AbstractProblemLoader Replaying proof ExampleSubject[ExampleSubject::ExampleSubject()].JML normal_behavior operation contract.0 
89571      DEBUG main            d.u.i.k.p.i.IntermediateProofReplayer Proof replay took 7.3ns 
91081      INFO  main            d.u.i.k.p.r.p.TestFile    ... finished proof: closed. 
91384      INFO  main            d.u.i.k.p.i.AbstractProblemLoader Loading environment from /home/runner/work/key/key/key.core/../key.ui/examples/heap/observer/ExampleSubject_ExampleSubject.key.proof 
91390      DEBUG main            d.u.i.k.p.i.AbstractProblemLoader Environment load took 5.92ms 
91392      INFO  main            d.u.i.k.p.i.AbstractProblemLoader Creating init config 
95035      DEBUG main            d.u.i.k.p.i.AbstractProblemLoader Init config took 3.64s 
95104      INFO  main            d.u.i.k.p.i.AbstractProblemLoader Replaying proof ExampleSubject[ExampleSubject::ExampleSubject()].JML normal_behavior operation contract.0 
95320      DEBUG main            d.u.i.k.p.i.IntermediateProofReplayer Proof replay took 207.37ms 
95322      DEBUG main            d.u.i.k.p.r.p.TestFile    ... success: reloaded. 
95324      INFO  main            d.u.i.k.p.r.p.TestFile    Now processing file /home/runner/work/key/key/key.core/../key.ui/examples/heap/observer/ExampleSubject_footprint.key 
95325      INFO  main            d.u.i.k.p.i.AbstractProblemLoader Loading environment from /home/runner/work/key/key/key.core/../key.ui/examples/heap/observer/ExampleSubject_footprint.key 
95325      DEBUG main            d.u.i.k.p.i.AbstractProblemLoader Environment load took 265.78ns 
95326      INFO  main            d.u.i.k.p.i.AbstractProblemLoader Creating init config 
98989      DEBUG main            d.u.i.k.p.i.AbstractProblemLoader Init config took 3.66s 
99043      INFO  main            d.u.i.k.p.i.AbstractProblemLoader Replaying proof ExampleSubject[Subject::$footprint()].JML accessible clause.0 
99045      DEBUG main            d.u.i.k.p.i.IntermediateProofReplayer Proof replay took 7ns 
99252      INFO  main            d.u.i.k.p.r.p.TestFile    ... finished proof: closed. 
99521      INFO  main            d.u.i.k.p.i.AbstractProblemLoader Loading environment from /home/runner/work/key/key/key.core/../key.ui/examples/heap/observer/ExampleSubject_footprint.key.proof 
99522      DEBUG main            d.u.i.k.p.i.AbstractProblemLoader Environment load took 819.21ns 
99523      INFO  main            d.u.i.k.p.i.AbstractProblemLoader Creating init config 
103169     DEBUG main            d.u.i.k.p.i.AbstractProblemLoader Init config took 3.64s 
103233     INFO  main            d.u.i.k.p.i.AbstractProblemLoader Replaying proof ExampleSubject[Subject::$footprint()].JML accessible clause.0 
103255     DEBUG main            d.u.i.k.p.i.IntermediateProofReplayer Proof replay took 16.85ms 
103257     DEBUG main            d.u.i.k.p.r.p.TestFile    ... success: reloaded. 
103259     INFO  main            d.u.i.k.p.r.p.TestFile    Now processing file /home/runner/work/key/key/key.core/../key.ui/examples/heap/observer/ExampleSubject_inv.key 
103260     INFO  main            d.u.i.k.p.i.AbstractProblemLoader Loading environment from /home/runner/work/key/key/key.core/../key.ui/examples/heap/observer/ExampleSubject_inv.key 
103260     DEBUG main            d.u.i.k.p.i.AbstractProblemLoader Environment load took 270.2ns 
103262     INFO  main            d.u.i.k.p.i.AbstractProblemLoader Creating init config 
106881     DEBUG main            d.u.i.k.p.i.AbstractProblemLoader Init config took 3.62s 
106936     INFO  main            d.u.i.k.p.i.AbstractProblemLoader Replaying proof ExampleSubject[java.lang.Object::<inv>()].JML accessible clause.0 
106938     DEBUG main            d.u.i.k.p.i.IntermediateProofReplayer Proof replay took 7.6ns 
108647     INFO  main            d.u.i.k.p.r.p.TestFile    ... finished proof: closed. 
108944     INFO  main            d.u.i.k.p.i.AbstractProblemLoader Loading environment from /home/runner/work/key/key/key.core/../key.ui/examples/heap/observer/ExampleSubject_inv.key.proof 
108946     DEBUG main            d.u.i.k.p.i.AbstractProblemLoader Environment load took 1.17ms 
108948     INFO  main            d.u.i.k.p.i.AbstractProblemLoader Creating init config 
112508     DEBUG main            d.u.i.k.p.i.AbstractProblemLoader Init config took 3.56s 
112565     INFO  main            d.u.i.k.p.i.AbstractProblemLoader Replaying proof ExampleSubject[java.lang.Object::<inv>()].JML accessible clause.0 
112700     DEBUG main            d.u.i.k.p.i.IntermediateProofReplayer Proof replay took 111.36ms 
112702     DEBUG main            d.u.i.k.p.r.p.TestFile    ... success: reloaded. 
112704     INFO  main            d.u.i.k.p.r.p.TestFile    Now processing file /home/runner/work/key/key/key.core/../key.ui/examples/heap/observer/ExampleSubject_notifyObservers.key 
112705     INFO  main            d.u.i.k.p.i.AbstractProblemLoader Loading environment from /home/runner/work/key/key/key.core/../key.ui/examples/heap/observer/ExampleSubject_notifyObservers.key 
112705     DEBUG main            d.u.i.k.p.i.AbstractProblemLoader Environment load took 280.6ns 
112706     INFO  main            d.u.i.k.p.i.AbstractProblemLoader Creating init config 
116378     DEBUG main            d.u.i.k.p.i.AbstractProblemLoader Init config took 3.67s 
116432     INFO  main            d.u.i.k.p.i.AbstractProblemLoader Replaying proof Subject[Subject::notifyObservers()].JML normal_behavior operation contract.0 
116434     DEBUG main            d.u.i.k.p.i.IntermediateProofReplayer Proof replay took 7ns 
116540     INFO  main            d.u.i.k.p.r.p.TestFile    ... finished proof: closed. 
116839     INFO  main            d.u.i.k.p.i.AbstractProblemLoader Loading environment from /home/runner/work/key/key/key.core/../key.ui/examples/heap/observer/ExampleSubject_notifyObservers.key.proof 
116840     DEBUG main            d.u.i.k.p.i.AbstractProblemLoader Environment load took 143.6ns 
116841     INFO  main            d.u.i.k.p.i.AbstractProblemLoader Creating init config 
120483     DEBUG main            d.u.i.k.p.i.AbstractProblemLoader Init config took 3.64s 
120553     INFO  main            d.u.i.k.p.i.AbstractProblemLoader Replaying proof Subject[Subject::notifyObservers()].JML normal_behavior operation contract.0 
120558     DEBUG main            d.u.i.k.p.i.IntermediateProofReplayer Proof replay took 3.11ms 
120559     DEBUG main            d.u.i.k.p.r.p.TestFile    ... success: reloaded. 
120561     INFO  main            d.u.i.k.p.r.p.TestFile    Now processing file /home/runner/work/key/key/key.core/../key.ui/examples/heap/observer/ExampleSubject_value_dep.key 
120562     INFO  main            d.u.i.k.p.i.AbstractProblemLoader Loading environment from /home/runner/work/key/key/key.core/../key.ui/examples/heap/observer/ExampleSubject_value_dep.key 
120562     DEBUG main            d.u.i.k.p.i.AbstractProblemLoader Environment load took 155.2ns 
120565     INFO  main            d.u.i.k.p.i.AbstractProblemLoader Creating init config 
124245     DEBUG main            d.u.i.k.p.i.AbstractProblemLoader Init config took 3.68s 
124305     INFO  main            d.u.i.k.p.i.AbstractProblemLoader Replaying proof ExampleSubject[ExampleSubject::value()].JML accessible clause.0 
124307     DEBUG main            d.u.i.k.p.i.IntermediateProofReplayer Proof replay took 7.1ns 
124410     INFO  main            d.u.i.k.p.r.p.TestFile    ... finished proof: closed. 
124702     INFO  main            d.u.i.k.p.i.AbstractProblemLoader Loading environment from /home/runner/work/key/key/key.core/../key.ui/examples/heap/observer/ExampleSubject_value_dep.key.proof 
124702     DEBUG main            d.u.i.k.p.i.AbstractProblemLoader Environment load took 168.7ns 
124703     INFO  main            d.u.i.k.p.i.AbstractProblemLoader Creating init config 
128350     DEBUG main            d.u.i.k.p.i.AbstractProblemLoader Init config took 3.65s 
128416     INFO  main            d.u.i.k.p.i.AbstractProblemLoader Replaying proof ExampleSubject[ExampleSubject::value()].JML accessible clause.0 
128434     DEBUG main            d.u.i.k.p.i.IntermediateProofReplayer Proof replay took 15.19ms 
128435     DEBUG main            d.u.i.k.p.r.p.TestFile    ... success: reloaded. 
128440     INFO  main            d.u.i.k.p.r.p.TestFile    Now processing file /home/runner/work/key/key/key.core/../key.ui/examples/heap/observer/ExampleSubject_value.key 
128440     INFO  main            d.u.i.k.p.i.AbstractProblemLoader Loading environment from /home/runner/work/key/key/key.core/../key.ui/examples/heap/observer/ExampleSubject_value.key 
128440     DEBUG main            d.u.i.k.p.i.AbstractProblemLoader Environment load took 156.1ns 
128442     INFO  main            d.u.i.k.p.i.AbstractProblemLoader Creating init config 
132174     DEBUG main            d.u.i.k.p.i.AbstractProblemLoader Init config took 3.73s 
132244     INFO  main            d.u.i.k.p.i.AbstractProblemLoader Replaying proof ExampleSubject[ExampleSubject::value()].JML normal_behavior operation contract.0 
132246     DEBUG main            d.u.i.k.p.i.IntermediateProofReplayer Proof replay took 7.6ns 
132352     INFO  main            d.u.i.k.p.r.p.TestFile    ... finished proof: closed. 
132669     INFO  main            d.u.i.k.p.i.AbstractProblemLoader Loading environment from /home/runner/work/key/key/key.core/../key.ui/examples/heap/observer/ExampleSubject_value.key.proof 
132669     DEBUG main            d.u.i.k.p.i.AbstractProblemLoader Environment load took 266ns 
132670     INFO  main            d.u.i.k.p.i.AbstractProblemLoader Creating init config 
136239     DEBUG main            d.u.i.k.p.i.AbstractProblemLoader Init config took 3.57s 
136296     INFO  main            d.u.i.k.p.i.AbstractProblemLoader Replaying proof ExampleSubject[ExampleSubject::value()].JML normal_behavior operation contract.0 
136312     DEBUG main            d.u.i.k.p.i.IntermediateProofReplayer Proof replay took 13.36ms 
136313     DEBUG main            d.u.i.k.p.r.p.TestFile    ... success: reloaded. 
2087237    INFO  Test worker     d.u.i.k.p.r.RunAllProofsTestUnit Returning from test observer 
2087239    INFO  Test worker     d.u.i.k.p.r.RunAllProofsTestUnit Running test removeDups 
526        INFO  Timeout watchdog d.u.i.k.p.r.p.ForkedTestFileRunner Timeout watcher launched (2000 secs.) 
561        WARN  main            d.u.i.k.s.ProofSettings   The settings in /home/runner/.key/proof-settings.props are *not* read. 
630        INFO  main            d.u.i.k.p.r.p.TestFile    Now processing file /home/runner/work/key/key/key.core/../key.ui/examples/heap/removeDups/arrayPart.key 
815        INFO  main            d.u.i.k.p.i.AbstractProblemLoader Loading environment from /home/runner/work/key/key/key.core/../key.ui/examples/heap/removeDups/arrayPart.key 
839        DEBUG main            d.u.i.k.p.i.AbstractProblemLoader Environment load took 3.03ms 
1186       INFO  main            d.u.i.k.p.i.AbstractProblemLoader Creating init config 
2626       DEBUG main            d.u.i.k.j.TypeConverter   No LDT found for Meta 
2627       DEBUG main            d.u.i.k.j.TypeConverter   No LDT found for Meta 
2632       DEBUG main            d.u.i.k.j.TypeConverter   No LDT found for Meta 
2632       DEBUG main            d.u.i.k.j.TypeConverter   No LDT found for Meta 
4793       DEBUG main            d.u.i.k.j.TypeConverter   No LDT found for JavaBigintExpression 
11675      DEBUG main            d.u.i.k.p.i.AbstractProblemLoader Init config took 10.49s 
11923      INFO  main            d.u.i.k.p.i.AbstractProblemLoader Replaying proof RemoveDup[RemoveDup::arrayPart([I,int)].JML normal_behavior operation contract.0 
11978      DEBUG main            d.u.i.k.p.i.IntermediateProofReplayer Proof replay took 41.3ns 
15983      INFO  main            d.u.i.k.p.r.p.TestFile    ... finished proof: closed. 
16203      INFO  main            d.u.i.k.p.i.AbstractProblemLoader Loading environment from /home/runner/work/key/key/key.core/../key.ui/examples/heap/removeDups/arrayPart.key.proof 
16204      DEBUG main            d.u.i.k.p.i.AbstractProblemLoader Environment load took 566.8ns 
16207      INFO  main            d.u.i.k.p.i.AbstractProblemLoader Creating init config 
20238      DEBUG main            d.u.i.k.p.i.AbstractProblemLoader Init config took 4.03s 
20348      INFO  main            d.u.i.k.p.i.AbstractProblemLoader Replaying proof RemoveDup[RemoveDup::arrayPart([I,int)].JML normal_behavior operation contract.0 
20800      DEBUG main            d.u.i.k.p.i.IntermediateProofReplayer Proof replay took 423.01ms 
20812      DEBUG main            d.u.i.k.p.r.p.TestFile    ... success: reloaded. 
20817      INFO  main            d.u.i.k.p.r.p.TestFile    Now processing file /home/runner/work/key/key/key.core/../key.ui/examples/heap/removeDups/contains.key 
20818      INFO  main            d.u.i.k.p.i.AbstractProblemLoader Loading environment from /home/runner/work/key/key/key.core/../key.ui/examples/heap/removeDups/contains.key 
20818      DEBUG main            d.u.i.k.p.i.AbstractProblemLoader Environment load took 310.8ns 
20822      INFO  main            d.u.i.k.p.i.AbstractProblemLoader Creating init config 
24681      DEBUG main            d.u.i.k.p.i.AbstractProblemLoader Init config took 3.86s 
24774      INFO  main            d.u.i.k.p.i.AbstractProblemLoader Replaying proof RemoveDup[RemoveDup::contains([I,int,int)].JML normal_behavior operation contract.0 
24777      DEBUG main            d.u.i.k.p.i.IntermediateProofReplayer Proof replay took 8.6ns 
25684      INFO  main            d.u.i.k.p.r.p.TestFile    ... finished proof: closed. 
25893      INFO  main            d.u.i.k.p.i.AbstractProblemLoader Loading environment from /home/runner/work/key/key/key.core/../key.ui/examples/heap/removeDups/contains.key.proof 
25893      DEBUG main            d.u.i.k.p.i.AbstractProblemLoader Environment load took 170.8ns 
25903      INFO  main            d.u.i.k.p.i.AbstractProblemLoader Creating init config 
29483      DEBUG main            d.u.i.k.p.i.AbstractProblemLoader Init config took 3.58s 
29547      INFO  main            d.u.i.k.p.i.AbstractProblemLoader Replaying proof RemoveDup[RemoveDup::contains([I,int,int)].JML normal_behavior operation contract.0 
29677      DEBUG main            d.u.i.k.p.i.IntermediateProofReplayer Proof replay took 123.94ms 
29678      DEBUG main            d.u.i.k.p.r.p.TestFile    ... success: reloaded. 
29680      INFO  main            d.u.i.k.p.r.p.TestFile    Now processing file /home/runner/work/key/key/key.core/../key.ui/examples/heap/removeDups/removeDup.key 
29680      INFO  main            d.u.i.k.p.i.AbstractProblemLoader Loading environment from /home/runner/work/key/key/key.core/../key.ui/examples/heap/removeDups/removeDup.key 
29681      DEBUG main            d.u.i.k.p.i.AbstractProblemLoader Environment load took 332.6ns 
29683      INFO  main            d.u.i.k.p.i.AbstractProblemLoader Creating init config 
33291      DEBUG main            d.u.i.k.p.i.AbstractProblemLoader Init config took 3.61s 
33361      INFO  main            d.u.i.k.p.i.AbstractProblemLoader Replaying proof RemoveDup[RemoveDup::removeDup([I)].JML normal_behavior operation contract.0 
33366      DEBUG main            d.u.i.k.p.i.IntermediateProofReplayer Proof replay took 6.8ns 
64948      INFO  main            d.u.i.k.p.r.p.TestFile    ... finished proof: closed. 
65263      INFO  main            d.u.i.k.p.i.AbstractProblemLoader Loading environment from /home/runner/work/key/key/key.core/../key.ui/examples/heap/removeDups/removeDup.key.proof 
65264      DEBUG main            d.u.i.k.p.i.AbstractProblemLoader Environment load took 681.8ns 
65269      INFO  main            d.u.i.k.p.i.AbstractProblemLoader Creating init config 
68786      DEBUG main            d.u.i.k.p.i.AbstractProblemLoader Init config took 3.52s 
68846      INFO  main            d.u.i.k.p.i.AbstractProblemLoader Replaying proof RemoveDup[RemoveDup::removeDup([I)].JML normal_behavior operation contract.0 
70688      DEBUG main            d.u.i.k.p.i.IntermediateProofReplayer Proof replay took 1.77s 
70694      DEBUG main            d.u.i.k.p.r.p.TestFile    ... success: reloaded. 
70696      INFO  main            d.u.i.k.p.r.p.TestFile    Now processing file /home/runner/work/key/key/key.core/../key.ui/examples/heap/saddleback_search/Saddleback_search.key 
70697      INFO  main            d.u.i.k.p.i.AbstractProblemLoader Loading environment from /home/runner/work/key/key/key.core/../key.ui/examples/heap/saddleback_search/Saddleback_search.key 
70701      DEBUG main            d.u.i.k.p.i.AbstractProblemLoader Environment load took 4.37ms 
70703      INFO  main            d.u.i.k.p.i.AbstractProblemLoader Creating init config 
74512      DEBUG main            d.u.i.k.p.i.AbstractProblemLoader Init config took 3.81s 
74570      INFO  main            d.u.i.k.p.i.AbstractProblemLoader Replaying proof Saddleback[Saddleback::search([[I,int)].JML normal_behavior operation contract.0 
74582      DEBUG main            d.u.i.k.p.i.IntermediateProofReplayer Proof replay took 6.9ns 
193768     INFO  main            d.u.i.k.p.r.p.TestFile    ... finished proof: closed. 
194334     INFO  main            d.u.i.k.p.i.AbstractProblemLoader Loading environment from /home/runner/work/key/key/key.core/../key.ui/examples/heap/saddleback_search/Saddleback_search.key.proof 
194334     DEBUG main            d.u.i.k.p.i.AbstractProblemLoader Environment load took 327.7ns 
194366     INFO  main            d.u.i.k.p.i.AbstractProblemLoader Creating init config 
197795     DEBUG main            d.u.i.k.p.i.AbstractProblemLoader Init config took 3.43s 
197881     INFO  main            d.u.i.k.p.i.AbstractProblemLoader Replaying proof Saddleback[Saddleback::search([[I,int)].JML normal_behavior operation contract.0 
200400     DEBUG main            d.u.i.k.p.i.IntermediateProofReplayer Proof replay took 2.31s 
200411     DEBUG main            d.u.i.k.p.r.p.TestFile    ... success: reloaded. 
2287889    INFO  Test worker     d.u.i.k.p.r.RunAllProofsTestUnit Returning from test removeDups 
2287891    INFO  Test worker     d.u.i.k.p.r.RunAllProofsTestUnit Running test quicksort 
545        INFO  Timeout watchdog d.u.i.k.p.r.p.ForkedTestFileRunner Timeout watcher launched (2000 secs.) 
565        WARN  main            d.u.i.k.s.ProofSettings   The settings in /home/runner/.key/proof-settings.props are *not* read. 
623        INFO  main            d.u.i.k.p.r.p.TestFile    Now processing file /home/runner/work/key/key/key.core/../key.ui/examples/heap/quicksort/toplevel.key 
826        INFO  main            d.u.i.k.p.i.AbstractProblemLoader Loading environment from /home/runner/work/key/key/key.core/../key.ui/examples/heap/quicksort/toplevel.key 
851        DEBUG main            d.u.i.k.p.i.AbstractProblemLoader Environment load took 2.45ms 
1181       INFO  main            d.u.i.k.p.i.AbstractProblemLoader Creating init config 
2555       DEBUG main            d.u.i.k.j.TypeConverter   No LDT found for Meta 
2559       DEBUG main            d.u.i.k.j.TypeConverter   No LDT found for Meta 
2561       DEBUG main            d.u.i.k.j.TypeConverter   No LDT found for Meta 
2561       DEBUG main            d.u.i.k.j.TypeConverter   No LDT found for Meta 
4404       DEBUG main            d.u.i.k.j.TypeConverter   No LDT found for JavaBigintExpression 
11243      DEBUG main            d.u.i.k.p.i.AbstractProblemLoader Init config took 10.06s 
11425      INFO  main            d.u.i.k.p.i.AbstractProblemLoader Replaying proof Quicksort[Quicksort::sort([I)].JML normal_behavior operation contract.0 
11471      DEBUG main            d.u.i.k.p.i.IntermediateProofReplayer Proof replay took 37ns 
13217      INFO  main            d.u.i.k.p.r.p.TestFile    ... finished proof: closed. 
13411      INFO  main            d.u.i.k.p.i.AbstractProblemLoader Loading environment from /home/runner/work/key/key/key.core/../key.ui/examples/heap/quicksort/toplevel.key.proof 
13419      DEBUG main            d.u.i.k.p.i.AbstractProblemLoader Environment load took 7.63ms 
13422      INFO  main            d.u.i.k.p.i.AbstractProblemLoader Creating init config 
17529      DEBUG main            d.u.i.k.p.i.AbstractProblemLoader Init config took 4.11s 
17632      INFO  main            d.u.i.k.p.i.AbstractProblemLoader Replaying proof Quicksort[Quicksort::sort([I)].JML normal_behavior operation contract.0 
17838      DEBUG main            d.u.i.k.p.i.IntermediateProofReplayer Proof replay took 196.29ms 
17847      DEBUG main            d.u.i.k.p.r.p.TestFile    ... success: reloaded. 
17850      INFO  main            d.u.i.k.p.r.p.TestFile    Now processing file /home/runner/work/key/key/key.core/../key.ui/examples/heap/quicksort/sort.key 
17850      INFO  main            d.u.i.k.p.i.AbstractProblemLoader Loading environment from /home/runner/work/key/key/key.core/../key.ui/examples/heap/quicksort/sort.key 
17851      DEBUG main            d.u.i.k.p.i.AbstractProblemLoader Environment load took 360.4ns 
17853      INFO  main            d.u.i.k.p.i.AbstractProblemLoader Creating init config 
21724      DEBUG main            d.u.i.k.p.i.AbstractProblemLoader Init config took 3.87s 
21804      INFO  main            d.u.i.k.p.i.AbstractProblemLoader Replaying proof Quicksort[Quicksort::sort([I,int,int)].JML normal_behavior operation contract.0 
21808      DEBUG main            d.u.i.k.p.i.IntermediateProofReplayer Proof replay took 8ns 
21849      DEBUG main            d.u.i.k.m.s.ProofScriptEngine 1: 'script 'sort.script'' on goal 0 (script from line 7) 
21849      INFO  main            d.u.i.k.m.s.ProofScriptCommand Included script /home/runner/work/key/key/key.core/../key.ui/examples/heap/quicksort/sort.script 
21852      DEBUG main            d.u.i.k.m.s.ProofScriptEngine 1: 'macro autopilot-prep' on goal 0 (script from line 1) 
23397      DEBUG main            d.u.i.k.m.s.ProofScriptEngine 2: 'select formula="{heapAtPre:=heap || exc:=null || heap:=heapAfter_sort_0}
   seq ...' on goal 358 (script from line 7) 
23398      DEBUG main            d.u.i.k.m.s.ProofScriptEngine 3: 'macro simp-upd' on goal 358 (script from line 9) 
23475      DEBUG main            d.u.i.k.m.s.ProofScriptEngine 4: 'let   @seqPre="seqDef{int u;}(0, array.length, array[u])"
    @seqSplit="seqDef ...' on goal 369 (script from line 14) 
23504      DEBUG main            d.u.i.k.m.s.ProofScriptEngine 5: 'rule seqPermSym 
  formula="seqPerm(@seqSplit, @seqPre)"' on goal 369 (script from line 17) 
23534      DEBUG main            d.u.i.k.m.s.ProofScriptEngine 6: 'rule seqPermSym
  formula="seqPerm(@seqSort, @seqSplit)"' on goal 370 (script from line 20) 
23536      DEBUG main            d.u.i.k.m.s.ProofScriptEngine 7: 'rule seqPermSym
  formula="seqPerm(@seqSort0, @seqSort)"' on goal 371 (script from line 23) 
23538      DEBUG main            d.u.i.k.m.s.ProofScriptEngine 8: 'rule seqPermTrans
  formula="seqPerm(@seqPre, @seqSplit)"' on goal 372 (script from line 26) 
23540      DEBUG main            d.u.i.k.m.s.ProofScriptEngine 9: 'rule seqPermTrans
  formula="seqPerm(@seqPre, @seqSort)"' on goal 373 (script from line 29) 
23541      DEBUG main            d.u.i.k.m.s.ProofScriptEngine 10: 'rule seqPermSym
  formula="seqPerm(@seqPre, @seqSort0)"' on goal 374 (script from line 32) 
23542      DEBUG main            d.u.i.k.m.s.ProofScriptEngine 11: 'tryclose' on goal 375 (script from line 36) 
62031      INFO  main            d.u.i.k.p.r.p.TestFile    ... finished proof: closed. 
62430      INFO  main            d.u.i.k.p.i.AbstractProblemLoader Loading environment from /home/runner/work/key/key/key.core/../key.ui/examples/heap/quicksort/sort.key.proof 
62430      DEBUG main            d.u.i.k.p.i.AbstractProblemLoader Environment load took 434.7ns 
62452      INFO  main            d.u.i.k.p.i.AbstractProblemLoader Creating init config 
66139      DEBUG main            d.u.i.k.p.i.AbstractProblemLoader Init config took 3.69s 
66225      INFO  main            d.u.i.k.p.i.AbstractProblemLoader Replaying proof Quicksort[Quicksort::sort([I,int,int)].JML normal_behavior operation contract.0 
68656      DEBUG main            d.u.i.k.p.i.IntermediateProofReplayer Proof replay took 2.27s 
68692      DEBUG main            d.u.i.k.p.r.p.TestFile    ... success: reloaded. 
68710      INFO  main            d.u.i.k.p.r.p.TestFile    Now processing file /home/runner/work/key/key/key.core/../key.ui/examples/heap/quicksort/split.key 
68711      INFO  main            d.u.i.k.p.i.AbstractProblemLoader Loading environment from /home/runner/work/key/key/key.core/../key.ui/examples/heap/quicksort/split.key 
68711      DEBUG main            d.u.i.k.p.i.AbstractProblemLoader Environment load took 163.5ns 
68713      INFO  main            d.u.i.k.p.i.AbstractProblemLoader Creating init config 
72769      DEBUG main            d.u.i.k.p.i.AbstractProblemLoader Init config took 4.06s 
72867      INFO  main            d.u.i.k.p.i.AbstractProblemLoader Replaying proof Quicksort[Quicksort::split([I,int,int)].JML normal_behavior operation contract.0 
72872      DEBUG main            d.u.i.k.p.i.IntermediateProofReplayer Proof replay took 7.5ns 
72873      DEBUG main            d.u.i.k.m.s.ProofScriptEngine 1: 'macro autopilot-prep' on goal 0 (script from line 15) 
74662      DEBUG main            d.u.i.k.m.s.ProofScriptEngine 2: 'tryclose' on goal 520 (script from line 18) 
131313     DEBUG main            d.u.i.k.m.s.ProofScriptEngine 3: 'macro simp-upd' on goal 495 (script from line 24) 
131454     DEBUG main            d.u.i.k.m.s.ProofScriptEngine 4: 'rule seqPermFromSwap' on goal 495 (script from line 25) 
131473     DEBUG main            d.u.i.k.m.s.ProofScriptEngine 5: 'rule andRight' on goal 40829 (script from line 26) 
131479     DEBUG main            d.u.i.k.m.s.ProofScriptEngine 6: 'auto' on goal 40830 (script from line 28) 
131515     DEBUG main            d.u.i.k.m.s.ProofScriptEngine 7: 'instantiate hide var=iv with=i_0' on goal 40831 (script from line 30) 
131519     DEBUG main            d.u.i.k.m.s.ProofScriptEngine 8: 'instantiate hide var=jv with=j_0' on goal 40836 (script from line 31) 
131522     DEBUG main            d.u.i.k.m.s.ProofScriptEngine 9: 'auto' on goal 40837 (script from line 32) 
140823     DEBUG main            d.u.i.k.m.s.ProofScriptEngine 10: 'macro simp-upd' on goal 190 (script from line 35) 
140925     DEBUG main            d.u.i.k.m.s.ProofScriptEngine 11: 'rule seqPermFromSwap' on goal 46168 (script from line 36) 
140927     DEBUG main            d.u.i.k.m.s.ProofScriptEngine 12: 'rule andRight' on goal 46169 (script from line 37) 
140931     DEBUG main            d.u.i.k.m.s.ProofScriptEngine 13: 'auto' on goal 46170 (script from line 39) 
140950     DEBUG main            d.u.i.k.m.s.ProofScriptEngine 14: 'instantiate hide var=iv with=i_0' on goal 46171 (script from line 41) 
140952     DEBUG main            d.u.i.k.m.s.ProofScriptEngine 15: 'instantiate hide var=jv with=to' on goal 46176 (script from line 42) 
140955     DEBUG main            d.u.i.k.m.s.ProofScriptEngine 16: 'auto' on goal 46177 (script from line 43) 
148792     INFO  main            d.u.i.k.p.r.p.TestFile    ... finished proof: closed. 
149511     INFO  main            d.u.i.k.p.i.AbstractProblemLoader Loading environment from /home/runner/work/key/key/key.core/../key.ui/examples/heap/quicksort/split.key.proof 
149512     DEBUG main            d.u.i.k.p.i.AbstractProblemLoader Environment load took 574.4ns 
149525     INFO  main            d.u.i.k.p.i.AbstractProblemLoader Creating init config 
153202     DEBUG main            d.u.i.k.p.i.AbstractProblemLoader Init config took 3.68s 
153266     INFO  main            d.u.i.k.p.i.AbstractProblemLoader Replaying proof Quicksort[Quicksort::split([I,int,int)].JML normal_behavior operation contract.0 
157277     DEBUG main            d.u.i.k.p.i.IntermediateProofReplayer Proof replay took 3.73s 
157359     DEBUG main            d.u.i.k.p.r.p.TestFile    ... success: reloaded. 
2446601    INFO  Test worker     d.u.i.k.p.r.RunAllProofsTestUnit Returning from test quicksort 
2446605    INFO  Test worker     d.u.i.k.p.r.RunAllProofsTestUnit Running test simpleTests 
536        INFO  Timeout watchdog d.u.i.k.p.r.p.ForkedTestFileRunner Timeout watcher launched (2000 secs.) 
564        WARN  main            d.u.i.k.s.ProofSettings   The settings in /home/runner/.key/proof-settings.props are *not* read. 
616        INFO  main            d.u.i.k.p.r.p.TestFile    Now processing file /home/runner/work/key/key/key.core/../key.ui/examples/heap/simple/anonymise_datagroup.key 
783        INFO  main            d.u.i.k.p.i.AbstractProblemLoader Loading environment from /home/runner/work/key/key/key.core/../key.ui/examples/heap/simple/anonymise_datagroup.key 
804        DEBUG main            d.u.i.k.p.i.AbstractProblemLoader Environment load took 2.92ms 
1216       INFO  main            d.u.i.k.p.i.AbstractProblemLoader Creating init config 
2591       DEBUG main            d.u.i.k.j.TypeConverter   No LDT found for Meta 
2593       DEBUG main            d.u.i.k.j.TypeConverter   No LDT found for Meta 
2598       DEBUG main            d.u.i.k.j.TypeConverter   No LDT found for Meta 
2598       DEBUG main            d.u.i.k.j.TypeConverter   No LDT found for Meta 
4582       DEBUG main            d.u.i.k.j.TypeConverter   No LDT found for JavaBigintExpression 
12020      DEBUG main            d.u.i.k.p.i.AbstractProblemLoader Init config took 10.8s 
12122      INFO  main            d.u.i.k.p.i.AbstractProblemLoader Replaying proof anonymise_datagroup.key 
12178      DEBUG main            d.u.i.k.p.i.IntermediateProofReplayer Proof replay took 43.5ns 
12573      INFO  main            d.u.i.k.p.r.p.TestFile    ... finished proof: closed. 
12744      INFO  main            d.u.i.k.p.i.AbstractProblemLoader Loading environment from /home/runner/work/key/key/key.core/../key.ui/examples/heap/simple/anonymise_datagroup.key.proof 
12746      DEBUG main            d.u.i.k.p.i.AbstractProblemLoader Environment load took 1.07ms 
12751      INFO  main            d.u.i.k.p.i.AbstractProblemLoader Creating init config 
16602      DEBUG main            d.u.i.k.p.i.AbstractProblemLoader Init config took 3.85s 
16646      INFO  main            d.u.i.k.p.i.AbstractProblemLoader Replaying proof anonymise_datagroup.key.proof 
16673      DEBUG main            d.u.i.k.p.i.IntermediateProofReplayer Proof replay took 17.75ms 
16692      DEBUG main            d.u.i.k.p.r.p.TestFile    ... success: reloaded. 
16696      INFO  main            d.u.i.k.p.r.p.TestFile    Now processing file /home/runner/work/key/key/key.core/../key.ui/examples/heap/simple/array_creation.key 
16696      INFO  main            d.u.i.k.p.i.AbstractProblemLoader Loading environment from /home/runner/work/key/key/key.core/../key.ui/examples/heap/simple/array_creation.key 
16696      DEBUG main            d.u.i.k.p.i.AbstractProblemLoader Environment load took 136.7ns 
16701      INFO  main            d.u.i.k.p.i.AbstractProblemLoader Creating init config 
20519      DEBUG main            d.u.i.k.p.i.AbstractProblemLoader Init config took 3.82s 
20563      INFO  main            d.u.i.k.p.i.AbstractProblemLoader Replaying proof array_creation.key 
20573      DEBUG main            d.u.i.k.p.i.IntermediateProofReplayer Proof replay took 10ns 
21785      INFO  main            d.u.i.k.p.r.p.TestFile    ... finished proof: closed. 
21975      INFO  main            d.u.i.k.p.i.AbstractProblemLoader Loading environment from /home/runner/work/key/key/key.core/../key.ui/examples/heap/simple/array_creation.key.proof 
21975      DEBUG main            d.u.i.k.p.i.AbstractProblemLoader Environment load took 207.1ns 
21977      INFO  main            d.u.i.k.p.i.AbstractProblemLoader Creating init config 
25770      DEBUG main            d.u.i.k.p.i.AbstractProblemLoader Init config took 3.79s 
25808      INFO  main            d.u.i.k.p.i.AbstractProblemLoader Replaying proof array_creation.key.proof 
26026      DEBUG main            d.u.i.k.p.i.IntermediateProofReplayer Proof replay took 208.24ms 
26029      DEBUG main            d.u.i.k.p.r.p.TestFile    ... success: reloaded. 
26032      INFO  main            d.u.i.k.p.r.p.TestFile    Now processing file /home/runner/work/key/key/key.core/../key.ui/examples/heap/simple/arrays_with_disjoint_sorts.key 
26032      INFO  main            d.u.i.k.p.i.AbstractProblemLoader Loading environment from /home/runner/work/key/key/key.core/../key.ui/examples/heap/simple/arrays_with_disjoint_sorts.key 
26032      DEBUG main            d.u.i.k.p.i.AbstractProblemLoader Environment load took 142ns 
26037      INFO  main            d.u.i.k.p.i.AbstractProblemLoader Creating init config 
29802      DEBUG main            d.u.i.k.p.i.AbstractProblemLoader Init config took 3.77s 
29836      INFO  main            d.u.i.k.p.i.AbstractProblemLoader Replaying proof arrays_with_disjoint_sorts.key 
29839      DEBUG main            d.u.i.k.p.i.IntermediateProofReplayer Proof replay took 7.4ns 
30146      INFO  main            d.u.i.k.p.r.p.TestFile    ... finished proof: closed. 
30428      INFO  main            d.u.i.k.p.i.AbstractProblemLoader Loading environment from /home/runner/work/key/key/key.core/../key.ui/examples/heap/simple/arrays_with_disjoint_sorts.key.proof 
30428      DEBUG main            d.u.i.k.p.i.AbstractProblemLoader Environment load took 189.6ns 
30430      INFO  main            d.u.i.k.p.i.AbstractProblemLoader Creating init config 
34219      DEBUG main            d.u.i.k.p.i.AbstractProblemLoader Init config took 3.79s 
34250      INFO  main            d.u.i.k.p.i.AbstractProblemLoader Replaying proof arrays_with_disjoint_sorts.key.proof 
34282      DEBUG main            d.u.i.k.p.i.IntermediateProofReplayer Proof replay took 28.1ms 
34283      DEBUG main            d.u.i.k.p.r.p.TestFile    ... success: reloaded. 
34285      INFO  main            d.u.i.k.p.r.p.TestFile    Now processing file /home/runner/work/key/key/key.core/../key.ui/examples/heap/simple/arrays.key 
34285      INFO  main            d.u.i.k.p.i.AbstractProblemLoader Loading environment from /home/runner/work/key/key/key.core/../key.ui/examples/heap/simple/arrays.key 
34285      DEBUG main            d.u.i.k.p.i.AbstractProblemLoader Environment load took 286.2ns 
34287      INFO  main            d.u.i.k.p.i.AbstractProblemLoader Creating init config 
37863      DEBUG main            d.u.i.k.p.i.AbstractProblemLoader Init config took 3.58s 
37901      INFO  main            d.u.i.k.p.i.AbstractProblemLoader Replaying proof arrays.key 
37914      DEBUG main            d.u.i.k.p.i.IntermediateProofReplayer Proof replay took 9.2ns 
38118      INFO  main            d.u.i.k.p.r.p.TestFile    ... finished proof: closed. 
38346      INFO  main            d.u.i.k.p.i.AbstractProblemLoader Loading environment from /home/runner/work/key/key/key.core/../key.ui/examples/heap/simple/arrays.key.proof 
38346      DEBUG main            d.u.i.k.p.i.AbstractProblemLoader Environment load took 560ns 
38351      INFO  main            d.u.i.k.p.i.AbstractProblemLoader Creating init config 
41826      DEBUG main            d.u.i.k.p.i.AbstractProblemLoader Init config took 3.48s 
41855      INFO  main            d.u.i.k.p.i.AbstractProblemLoader Replaying proof arrays.key.proof 
41884      DEBUG main            d.u.i.k.p.i.IntermediateProofReplayer Proof replay took 25.44ms 
41885      DEBUG main            d.u.i.k.p.r.p.TestFile    ... success: reloaded. 
41887      INFO  main            d.u.i.k.p.r.p.TestFile    Now processing file /home/runner/work/key/key/key.core/../key.ui/examples/heap/simple/attributes.key 
41887      INFO  main            d.u.i.k.p.i.AbstractProblemLoader Loading environment from /home/runner/work/key/key/key.core/../key.ui/examples/heap/simple/attributes.key 
41887      DEBUG main            d.u.i.k.p.i.AbstractProblemLoader Environment load took 131ns 
41888      INFO  main            d.u.i.k.p.i.AbstractProblemLoader Creating init config 
45386      DEBUG main            d.u.i.k.p.i.AbstractProblemLoader Init config took 3.5s 
45417      INFO  main            d.u.i.k.p.i.AbstractProblemLoader Replaying proof attributes.key 
45424      DEBUG main            d.u.i.k.p.i.IntermediateProofReplayer Proof replay took 7.7ns 
45527      INFO  main            d.u.i.k.p.r.p.TestFile    ... finished proof: closed. 
45727      INFO  main            d.u.i.k.p.i.AbstractProblemLoader Loading environment from /home/runner/work/key/key/key.core/../key.ui/examples/heap/simple/attributes.key.proof 
45727      DEBUG main            d.u.i.k.p.i.AbstractProblemLoader Environment load took 155.7ns 
45732      INFO  main            d.u.i.k.p.i.AbstractProblemLoader Creating init config 
49177      DEBUG main            d.u.i.k.p.i.AbstractProblemLoader Init config took 3.45s 
49205      INFO  main            d.u.i.k.p.i.AbstractProblemLoader Replaying proof attributes.key.proof 
49210      DEBUG main            d.u.i.k.p.i.IntermediateProofReplayer Proof replay took 2.18ms 
49211      DEBUG main            d.u.i.k.p.r.p.TestFile    ... success: reloaded. 
49212      INFO  main            d.u.i.k.p.r.p.TestFile    Now processing file /home/runner/work/key/key/key.core/../key.ui/examples/heap/simple/constructor_contracts.key 
49213      INFO  main            d.u.i.k.p.i.AbstractProblemLoader Loading environment from /home/runner/work/key/key/key.core/../key.ui/examples/heap/simple/constructor_contracts.key 
49214      DEBUG main            d.u.i.k.p.i.AbstractProblemLoader Environment load took 925ns 
49218      INFO  main            d.u.i.k.p.i.AbstractProblemLoader Creating init config 
53482      DEBUG main            d.u.i.k.p.i.AbstractProblemLoader Init config took 4.26s 
53519      INFO  main            d.u.i.k.p.i.AbstractProblemLoader Replaying proof constructor_contracts.key 
53521      DEBUG main            d.u.i.k.p.i.IntermediateProofReplayer Proof replay took 9.5ns 
54433      INFO  main            d.u.i.k.p.r.p.TestFile    ... finished proof: closed. 
54674      INFO  main            d.u.i.k.p.i.AbstractProblemLoader Loading environment from /home/runner/work/key/key/key.core/../key.ui/examples/heap/simple/constructor_contracts.key.proof 
54675      DEBUG main            d.u.i.k.p.i.AbstractProblemLoader Environment load took 251.5ns 
54677      INFO  main            d.u.i.k.p.i.AbstractProblemLoader Creating init config 
58885      DEBUG main            d.u.i.k.p.i.AbstractProblemLoader Init config took 4.21s 
58912      INFO  main            d.u.i.k.p.i.AbstractProblemLoader Replaying proof constructor_contracts.key.proof 
59077      DEBUG main            d.u.i.k.p.i.IntermediateProofReplayer Proof replay took 158.81ms 
59079      DEBUG main            d.u.i.k.p.r.p.TestFile    ... success: reloaded. 
59082      INFO  main            d.u.i.k.p.r.p.TestFile    Now processing file /home/runner/work/key/key/key.core/../key.ui/examples/heap/simple/dependencies.key 
59082      INFO  main            d.u.i.k.p.i.AbstractProblemLoader Loading environment from /home/runner/work/key/key/key.core/../key.ui/examples/heap/simple/dependencies.key 
59082      DEBUG main            d.u.i.k.p.i.AbstractProblemLoader Environment load took 256.3ns 
59084      INFO  main            d.u.i.k.p.i.AbstractProblemLoader Creating init config 
62668      DEBUG main            d.u.i.k.p.i.AbstractProblemLoader Init config took 3.58s 
62694      INFO  main            d.u.i.k.p.i.AbstractProblemLoader Replaying proof dependencies.key 
62696      DEBUG main            d.u.i.k.p.i.IntermediateProofReplayer Proof replay took 8.2ns 
62799      INFO  main            d.u.i.k.p.r.p.TestFile    ... finished proof: closed. 
63046      INFO  main            d.u.i.k.p.i.AbstractProblemLoader Loading environment from /home/runner/work/key/key/key.core/../key.ui/examples/heap/simple/dependencies.key.proof 
63051      DEBUG main            d.u.i.k.p.i.AbstractProblemLoader Environment load took 4.43ms 
63053      INFO  main            d.u.i.k.p.i.AbstractProblemLoader Creating init config 
66671      DEBUG main            d.u.i.k.p.i.AbstractProblemLoader Init config took 3.62s 
66696      INFO  main            d.u.i.k.p.i.AbstractProblemLoader Replaying proof dependencies.key.proof 
66707      DEBUG main            d.u.i.k.p.i.IntermediateProofReplayer Proof replay took 8.1ms 
66709      DEBUG main            d.u.i.k.p.r.p.TestFile    ... success: reloaded. 
66710      INFO  main            d.u.i.k.p.r.p.TestFile    Now processing file /home/runner/work/key/key/key.core/../key.ui/examples/heap/simple/dependency_contracts.key 
66710      INFO  main            d.u.i.k.p.i.AbstractProblemLoader Loading environment from /home/runner/work/key/key/key.core/../key.ui/examples/heap/simple/dependency_contracts.key 
66711      DEBUG main            d.u.i.k.p.i.AbstractProblemLoader Environment load took 362.8ns 
66713      INFO  main            d.u.i.k.p.i.AbstractProblemLoader Creating init config 
70449      DEBUG main            d.u.i.k.p.i.AbstractProblemLoader Init config took 3.74s 
70479      INFO  main            d.u.i.k.p.i.AbstractProblemLoader Replaying proof dependency_contracts.key 
70482      DEBUG main            d.u.i.k.p.i.IntermediateProofReplayer Proof replay took 9.6ns 
72293      INFO  main            d.u.i.k.p.r.p.TestFile    ... finished proof: closed. 
72592      INFO  main            d.u.i.k.p.i.AbstractProblemLoader Loading environment from /home/runner/work/key/key/key.core/../key.ui/examples/heap/simple/dependency_contracts.key.proof 
72593      DEBUG main            d.u.i.k.p.i.AbstractProblemLoader Environment load took 712.5ns 
72596      INFO  main            d.u.i.k.p.i.AbstractProblemLoader Creating init config 
76483      DEBUG main            d.u.i.k.p.i.AbstractProblemLoader Init config took 3.89s 
76509      INFO  main            d.u.i.k.p.i.AbstractProblemLoader Replaying proof dependency_contracts.key.proof 
76758      DEBUG main            d.u.i.k.p.i.IntermediateProofReplayer Proof replay took 238.38ms 
76761      DEBUG main            d.u.i.k.p.r.p.TestFile    ... success: reloaded. 
76763      INFO  main            d.u.i.k.p.r.p.TestFile    Now processing file /home/runner/work/key/key/key.core/../key.ui/examples/heap/simple/invariant_preservation.key 
76764      INFO  main            d.u.i.k.p.i.AbstractProblemLoader Loading environment from /home/runner/work/key/key/key.core/../key.ui/examples/heap/simple/invariant_preservation.key 
76764      DEBUG main            d.u.i.k.p.i.AbstractProblemLoader Environment load took 305.4ns 
76766      INFO  main            d.u.i.k.p.i.AbstractProblemLoader Creating init config 
80601      DEBUG main            d.u.i.k.p.i.AbstractProblemLoader Init config took 3.83s 
80627      INFO  main            d.u.i.k.p.i.AbstractProblemLoader Replaying proof invariant_preservation.key 
80630      DEBUG main            d.u.i.k.p.i.IntermediateProofReplayer Proof replay took 20.3ns 
80834      INFO  main            d.u.i.k.p.r.p.TestFile    ... finished proof: closed. 
81118      INFO  main            d.u.i.k.p.i.AbstractProblemLoader Loading environment from /home/runner/work/key/key/key.core/../key.ui/examples/heap/simple/invariant_preservation.key.proof 
81118      DEBUG main            d.u.i.k.p.i.AbstractProblemLoader Environment load took 401.6ns 
81121      INFO  main            d.u.i.k.p.i.AbstractProblemLoader Creating init config 
85083      DEBUG main            d.u.i.k.p.i.AbstractProblemLoader Init config took 3.96s 
85106      INFO  main            d.u.i.k.p.i.AbstractProblemLoader Replaying proof invariant_preservation.key.proof 
85145      DEBUG main            d.u.i.k.p.i.IntermediateProofReplayer Proof replay took 36.09ms 
85148      DEBUG main            d.u.i.k.p.r.p.TestFile    ... success: reloaded. 
85149      INFO  main            d.u.i.k.p.r.p.TestFile    Now processing file /home/runner/work/key/key/key.core/../key.ui/examples/heap/simple/locsets.key 
85149      INFO  main            d.u.i.k.p.i.AbstractProblemLoader Loading environment from /home/runner/work/key/key/key.core/../key.ui/examples/heap/simple/locsets.key 
85150      DEBUG main            d.u.i.k.p.i.AbstractProblemLoader Environment load took 113.8ns 
85151      INFO  main            d.u.i.k.p.i.AbstractProblemLoader Creating init config 
88708      DEBUG main            d.u.i.k.p.i.AbstractProblemLoader Init config took 3.56s 
88740      INFO  main            d.u.i.k.p.i.AbstractProblemLoader Replaying proof locsets.key 
88745      DEBUG main            d.u.i.k.p.i.IntermediateProofReplayer Proof replay took 9ns 
88848      INFO  main            d.u.i.k.p.r.p.TestFile    ... finished proof: closed. 
89102      INFO  main            d.u.i.k.p.i.AbstractProblemLoader Loading environment from /home/runner/work/key/key/key.core/../key.ui/examples/heap/simple/locsets.key.proof 
89103      DEBUG main            d.u.i.k.p.i.AbstractProblemLoader Environment load took 1.05ms 
89104      INFO  main            d.u.i.k.p.i.AbstractProblemLoader Creating init config 
92451      DEBUG main            d.u.i.k.p.i.AbstractProblemLoader Init config took 3.35s 
92473      INFO  main            d.u.i.k.p.i.AbstractProblemLoader Replaying proof locsets.key.proof 
92478      DEBUG main            d.u.i.k.p.i.IntermediateProofReplayer Proof replay took 3.33ms 
92479      DEBUG main            d.u.i.k.p.r.p.TestFile    ... success: reloaded. 
92480      INFO  main            d.u.i.k.p.r.p.TestFile    Now processing file /home/runner/work/key/key/key.core/../key.ui/examples/heap/simple/loop1.key 
92481      INFO  main            d.u.i.k.p.i.AbstractProblemLoader Loading environment from /home/runner/work/key/key/key.core/../key.ui/examples/heap/simple/loop1.key 
92481      DEBUG main            d.u.i.k.p.i.AbstractProblemLoader Environment load took 239.5ns 
92483      INFO  main            d.u.i.k.p.i.AbstractProblemLoader Creating init config 
96137      DEBUG main            d.u.i.k.p.i.AbstractProblemLoader Init config took 3.65s 
96163      INFO  main            d.u.i.k.p.i.AbstractProblemLoader Replaying proof loop1.key 
96165      DEBUG main            d.u.i.k.p.i.IntermediateProofReplayer Proof replay took 10.1ns 
96468      INFO  main            d.u.i.k.p.r.p.TestFile    ... finished proof: closed. 
96713      INFO  main            d.u.i.k.p.i.AbstractProblemLoader Loading environment from /home/runner/work/key/key/key.core/../key.ui/examples/heap/simple/loop1.key.proof 
96714      DEBUG main            d.u.i.k.p.i.AbstractProblemLoader Environment load took 635.6ns 
96715      INFO  main            d.u.i.k.p.i.AbstractProblemLoader Creating init config 
100376     DEBUG main            d.u.i.k.p.i.AbstractProblemLoader Init config took 3.66s 
100398     INFO  main            d.u.i.k.p.i.AbstractProblemLoader Replaying proof loop1.key.proof 
100470     DEBUG main            d.u.i.k.p.i.IntermediateProofReplayer Proof replay took 69.63ms 
100472     DEBUG main            d.u.i.k.p.r.p.TestFile    ... success: reloaded. 
100474     INFO  main            d.u.i.k.p.r.p.TestFile    Now processing file /home/runner/work/key/key/key.core/../key.ui/examples/heap/simple/loop2.key 
100474     INFO  main            d.u.i.k.p.i.AbstractProblemLoader Loading environment from /home/runner/work/key/key/key.core/../key.ui/examples/heap/simple/loop2.key 
100474     DEBUG main            d.u.i.k.p.i.AbstractProblemLoader Environment load took 254.5ns 
100476     INFO  main            d.u.i.k.p.i.AbstractProblemLoader Creating init config 
104290     DEBUG main            d.u.i.k.p.i.AbstractProblemLoader Init config took 3.81s 
104317     INFO  main            d.u.i.k.p.i.AbstractProblemLoader Replaying proof loop2.key 
104321     DEBUG main            d.u.i.k.p.i.IntermediateProofReplayer Proof replay took 9.1ns 
105131     INFO  main            d.u.i.k.p.r.p.TestFile    ... finished proof: closed. 
105430     INFO  main            d.u.i.k.p.i.AbstractProblemLoader Loading environment from /home/runner/work/key/key/key.core/../key.ui/examples/heap/simple/loop2.key.proof 
105431     DEBUG main            d.u.i.k.p.i.AbstractProblemLoader Environment load took 612.5ns 
105433     INFO  main            d.u.i.k.p.i.AbstractProblemLoader Creating init config 
109075     DEBUG main            d.u.i.k.p.i.AbstractProblemLoader Init config took 3.64s 
109100     INFO  main            d.u.i.k.p.i.AbstractProblemLoader Replaying proof loop2.key.proof 
109242     DEBUG main            d.u.i.k.p.i.IntermediateProofReplayer Proof replay took 136.04ms 
109245     DEBUG main            d.u.i.k.p.r.p.TestFile    ... success: reloaded. 
109247     INFO  main            d.u.i.k.p.r.p.TestFile    Now processing file /home/runner/work/key/key/key.core/../key.ui/examples/heap/simple/modifies_datagroup.key 
109247     INFO  main            d.u.i.k.p.i.AbstractProblemLoader Loading environment from /home/runner/work/key/key/key.core/../key.ui/examples/heap/simple/modifies_datagroup.key 
109248     DEBUG main            d.u.i.k.p.i.AbstractProblemLoader Environment load took 270ns 
109249     INFO  main            d.u.i.k.p.i.AbstractProblemLoader Creating init config 
112727     DEBUG main            d.u.i.k.p.i.AbstractProblemLoader Init config took 3.48s 
112752     INFO  main            d.u.i.k.p.i.AbstractProblemLoader Replaying proof modifies_datagroup.key 
112753     DEBUG main            d.u.i.k.p.i.IntermediateProofReplayer Proof replay took 10ns 
112856     INFO  main            d.u.i.k.p.r.p.TestFile    ... finished proof: closed. 
113190     INFO  main            d.u.i.k.p.i.AbstractProblemLoader Loading environment from /home/runner/work/key/key/key.core/../key.ui/examples/heap/simple/modifies_datagroup.key.proof 
113190     DEBUG main            d.u.i.k.p.i.AbstractProblemLoader Environment load took 178ns 
113192     INFO  main            d.u.i.k.p.i.AbstractProblemLoader Creating init config 
116733     DEBUG main            d.u.i.k.p.i.AbstractProblemLoader Init config took 3.54s 
116752     INFO  main            d.u.i.k.p.i.AbstractProblemLoader Replaying proof modifies_datagroup.key.proof 
116758     DEBUG main            d.u.i.k.p.i.IntermediateProofReplayer Proof replay took 4.05ms 
116762     DEBUG main            d.u.i.k.p.r.p.TestFile    ... success: reloaded. 
116763     INFO  main            d.u.i.k.p.r.p.TestFile    Now processing file /home/runner/work/key/key/key.core/../key.ui/examples/heap/simple/modifies.key 
116764     INFO  main            d.u.i.k.p.i.AbstractProblemLoader Loading environment from /home/runner/work/key/key/key.core/../key.ui/examples/heap/simple/modifies.key 
116764     DEBUG main            d.u.i.k.p.i.AbstractProblemLoader Environment load took 223.5ns 
116767     INFO  main            d.u.i.k.p.i.AbstractProblemLoader Creating init config 
120195     DEBUG main            d.u.i.k.p.i.AbstractProblemLoader Init config took 3.43s 
120217     INFO  main            d.u.i.k.p.i.AbstractProblemLoader Replaying proof modifies.key 
120221     DEBUG main            d.u.i.k.p.i.IntermediateProofReplayer Proof replay took 9.9ns 
120324     INFO  main            d.u.i.k.p.r.p.TestFile    ... finished proof: closed. 
120631     INFO  main            d.u.i.k.p.i.AbstractProblemLoader Loading environment from /home/runner/work/key/key/key.core/../key.ui/examples/heap/simple/modifies.key.proof 
120633     DEBUG main            d.u.i.k.p.i.AbstractProblemLoader Environment load took 1.96ms 
120641     INFO  main            d.u.i.k.p.i.AbstractProblemLoader Creating init config 
123892     DEBUG main            d.u.i.k.p.i.AbstractProblemLoader Init config took 3.25s 
123910     INFO  main            d.u.i.k.p.i.AbstractProblemLoader Replaying proof modifies.key.proof 
123926     DEBUG main            d.u.i.k.p.i.IntermediateProofReplayer Proof replay took 13.86ms 
123928     DEBUG main            d.u.i.k.p.r.p.TestFile    ... success: reloaded. 
123928     INFO  main            d.u.i.k.p.r.p.TestFile    Now processing file /home/runner/work/key/key/key.core/../key.ui/examples/heap/simple/object_creation.key 
123929     INFO  main            d.u.i.k.p.i.AbstractProblemLoader Loading environment from /home/runner/work/key/key/key.core/../key.ui/examples/heap/simple/object_creation.key 
123929     DEBUG main            d.u.i.k.p.i.AbstractProblemLoader Environment load took 246.2ns 
123931     INFO  main            d.u.i.k.p.i.AbstractProblemLoader Creating init config 
127184     DEBUG main            d.u.i.k.p.i.AbstractProblemLoader Init config took 3.25s 
127203     INFO  main            d.u.i.k.p.i.AbstractProblemLoader Replaying proof object_creation.key 
127205     DEBUG main            d.u.i.k.p.i.IntermediateProofReplayer Proof replay took 8.4ns 
127510     INFO  main            d.u.i.k.p.r.p.TestFile    ... finished proof: closed. 
127824     INFO  main            d.u.i.k.p.i.AbstractProblemLoader Loading environment from /home/runner/work/key/key/key.core/../key.ui/examples/heap/simple/object_creation.key.proof 
127824     DEBUG main            d.u.i.k.p.i.AbstractProblemLoader Environment load took 727.2ns 
127826     INFO  main            d.u.i.k.p.i.AbstractProblemLoader Creating init config 
131162     DEBUG main            d.u.i.k.p.i.AbstractProblemLoader Init config took 3.34s 
131181     INFO  main            d.u.i.k.p.i.AbstractProblemLoader Replaying proof object_creation.key.proof 
131242     DEBUG main            d.u.i.k.p.i.IntermediateProofReplayer Proof replay took 57.67ms 
131244     DEBUG main            d.u.i.k.p.r.p.TestFile    ... success: reloaded. 
131245     INFO  main            d.u.i.k.p.r.p.TestFile    Now processing file /home/runner/work/key/key/key.core/../key.ui/examples/heap/simple/operation_contracts.key 
131245     INFO  main            d.u.i.k.p.i.AbstractProblemLoader Loading environment from /home/runner/work/key/key/key.core/../key.ui/examples/heap/simple/operation_contracts.key 
131245     DEBUG main            d.u.i.k.p.i.AbstractProblemLoader Environment load took 169.5ns 
131248     INFO  main            d.u.i.k.p.i.AbstractProblemLoader Creating init config 
134999     DEBUG main            d.u.i.k.p.i.AbstractProblemLoader Init config took 3.75s 
135019     INFO  main            d.u.i.k.p.i.AbstractProblemLoader Replaying proof operation_contracts.key 
135022     DEBUG main            d.u.i.k.p.i.IntermediateProofReplayer Proof replay took 8.2ns 
136233     INFO  main            d.u.i.k.p.r.p.TestFile    ... finished proof: closed. 
136703     INFO  main            d.u.i.k.p.i.AbstractProblemLoader Loading environment from /home/runner/work/key/key/key.core/../key.ui/examples/heap/simple/operation_contracts.key.proof 
136703     DEBUG main            d.u.i.k.p.i.AbstractProblemLoader Environment load took 143.1ns 
136705     INFO  main            d.u.i.k.p.i.AbstractProblemLoader Creating init config 
140450     DEBUG main            d.u.i.k.p.i.AbstractProblemLoader Init config took 3.74s 
140470     INFO  main            d.u.i.k.p.i.AbstractProblemLoader Replaying proof operation_contracts.key.proof 
140623     DEBUG main            d.u.i.k.p.i.IntermediateProofReplayer Proof replay took 145.42ms 
140626     DEBUG main            d.u.i.k.p.r.p.TestFile    ... success: reloaded. 
140628     INFO  main            d.u.i.k.p.r.p.TestFile    Now processing file /home/runner/work/key/key/key.core/../key.ui/examples/heap/simple/select_store.key 
140628     INFO  main            d.u.i.k.p.i.AbstractProblemLoader Loading environment from /home/runner/work/key/key/key.core/../key.ui/examples/heap/simple/select_store.key 
140628     DEBUG main            d.u.i.k.p.i.AbstractProblemLoader Environment load took 252.7ns 
140630     INFO  main            d.u.i.k.p.i.AbstractProblemLoader Creating init config 
144049     DEBUG main            d.u.i.k.p.i.AbstractProblemLoader Init config took 3.42s 
144068     INFO  main            d.u.i.k.p.i.AbstractProblemLoader Replaying proof select_store.key 
144070     DEBUG main            d.u.i.k.p.i.IntermediateProofReplayer Proof replay took 17.7ns 
144172     INFO  main            d.u.i.k.p.r.p.TestFile    ... finished proof: closed. 
144517     INFO  main            d.u.i.k.p.i.AbstractProblemLoader Loading environment from /home/runner/work/key/key/key.core/../key.ui/examples/heap/simple/select_store.key.proof 
144517     DEBUG main            d.u.i.k.p.i.AbstractProblemLoader Environment load took 207.2ns 
144519     INFO  main            d.u.i.k.p.i.AbstractProblemLoader Creating init config 
147686     DEBUG main            d.u.i.k.p.i.AbstractProblemLoader Init config took 3.17s 
147703     INFO  main            d.u.i.k.p.i.AbstractProblemLoader Replaying proof select_store.key.proof 
147710     DEBUG main            d.u.i.k.p.i.IntermediateProofReplayer Proof replay took 4.19ms 
147711     DEBUG main            d.u.i.k.p.r.p.TestFile    ... success: reloaded. 
147712     INFO  main            d.u.i.k.p.r.p.TestFile    Now processing file /home/runner/work/key/key/key.core/../key.ui/examples/heap/simple/selection_sort.key 
147712     INFO  main            d.u.i.k.p.i.AbstractProblemLoader Loading environment from /home/runner/work/key/key/key.core/../key.ui/examples/heap/simple/selection_sort.key 
147712     DEBUG main            d.u.i.k.p.i.AbstractProblemLoader Environment load took 142ns 
147714     INFO  main            d.u.i.k.p.i.AbstractProblemLoader Creating init config 
151350     DEBUG main            d.u.i.k.p.i.AbstractProblemLoader Init config took 3.64s 
151370     INFO  main            d.u.i.k.p.i.AbstractProblemLoader Replaying proof selection_sort.key 
151373     DEBUG main            d.u.i.k.p.i.IntermediateProofReplayer Proof replay took 7.5ns 
156746     INFO  main            d.u.i.k.p.r.p.TestFile    ... finished proof: closed. 
157147     INFO  main            d.u.i.k.p.i.AbstractProblemLoader Loading environment from /home/runner/work/key/key/key.core/../key.ui/examples/heap/simple/selection_sort.key.proof 
157148     DEBUG main            d.u.i.k.p.i.AbstractProblemLoader Environment load took 647ns 
157150     INFO  main            d.u.i.k.p.i.AbstractProblemLoader Creating init config 
160847     DEBUG main            d.u.i.k.p.i.AbstractProblemLoader Init config took 3.7s 
160867     INFO  main            d.u.i.k.p.i.AbstractProblemLoader Replaying proof selection_sort.key.proof 
161509     DEBUG main            d.u.i.k.p.i.IntermediateProofReplayer Proof replay took 616.25ms 
161513     DEBUG main            d.u.i.k.p.r.p.TestFile    ... success: reloaded. 
161515     INFO  main            d.u.i.k.p.r.p.TestFile    Now processing file /home/runner/work/key/key/key.core/../key.ui/examples/heap/simple/seq.key 
161515     INFO  main            d.u.i.k.p.i.AbstractProblemLoader Loading environment from /home/runner/work/key/key/key.core/../key.ui/examples/heap/simple/seq.key 
161516     DEBUG main            d.u.i.k.p.i.AbstractProblemLoader Environment load took 317.7ns 
161517     INFO  main            d.u.i.k.p.i.AbstractProblemLoader Creating init config 
164827     DEBUG main            d.u.i.k.p.i.AbstractProblemLoader Init config took 3.31s 
164844     INFO  main            d.u.i.k.p.i.AbstractProblemLoader Replaying proof seq.key 
164846     DEBUG main            d.u.i.k.p.i.IntermediateProofReplayer Proof replay took 8.3ns 
165453     INFO  main            d.u.i.k.p.r.p.TestFile    ... finished proof: closed. 
165867     INFO  main            d.u.i.k.p.i.AbstractProblemLoader Loading environment from /home/runner/work/key/key/key.core/../key.ui/examples/heap/simple/seq.key.proof 
165867     DEBUG main            d.u.i.k.p.i.AbstractProblemLoader Environment load took 591.7ns 
165869     INFO  main            d.u.i.k.p.i.AbstractProblemLoader Creating init config 
169242     DEBUG main            d.u.i.k.p.i.AbstractProblemLoader Init config took 3.37s 
169261     INFO  main            d.u.i.k.p.i.AbstractProblemLoader Replaying proof seq.key.proof 
169307     DEBUG main            d.u.i.k.p.i.IntermediateProofReplayer Proof replay took 40.85ms 
169309     DEBUG main            d.u.i.k.p.r.p.TestFile    ... success: reloaded. 
169309     INFO  main            d.u.i.k.p.r.p.TestFile    Now processing file /home/runner/work/key/key/key.core/../key.ui/examples/heap/simple/oldForParams.key 
169310     INFO  main            d.u.i.k.p.i.AbstractProblemLoader Loading environment from /home/runner/work/key/key/key.core/../key.ui/examples/heap/simple/oldForParams.key 
169310     DEBUG main            d.u.i.k.p.i.AbstractProblemLoader Environment load took 296.9ns 
169311     INFO  main            d.u.i.k.p.i.AbstractProblemLoader Creating init config 
173056     DEBUG main            d.u.i.k.p.i.AbstractProblemLoader Init config took 3.74s 
173144     INFO  main            d.u.i.k.p.i.AbstractProblemLoader Replaying proof OldForParameters[OldForParameters::method(int)].JML operation contract.0 
173148     DEBUG main            d.u.i.k.p.i.IntermediateProofReplayer Proof replay took 10.9ns 
173452     INFO  main            d.u.i.k.p.r.p.TestFile    ... finished proof: closed. 
173837     INFO  main            d.u.i.k.p.i.AbstractProblemLoader Loading environment from /home/runner/work/key/key/key.core/../key.ui/examples/heap/simple/oldForParams.key.proof 
173839     DEBUG main            d.u.i.k.p.i.AbstractProblemLoader Environment load took 1.07ms 
173840     INFO  main            d.u.i.k.p.i.AbstractProblemLoader Creating init config 
177473     DEBUG main            d.u.i.k.p.i.AbstractProblemLoader Init config took 3.63s 
177532     INFO  main            d.u.i.k.p.i.AbstractProblemLoader Replaying proof OldForParameters[OldForParameters::method(int)].JML operation contract.0 
177595     DEBUG main            d.u.i.k.p.i.IntermediateProofReplayer Proof replay took 57.05ms 
177597     DEBUG main            d.u.i.k.p.r.p.TestFile    ... success: reloaded. 
177598     INFO  main            d.u.i.k.p.r.p.TestFile    Now processing file /home/runner/work/key/key/key.core/../key.ui/examples/heap/simple/parse_lmtd.key 
177599     INFO  main            d.u.i.k.p.i.AbstractProblemLoader Loading environment from /home/runner/work/key/key/key.core/../key.ui/examples/heap/simple/parse_lmtd.key 
177599     DEBUG main            d.u.i.k.p.i.AbstractProblemLoader Environment load took 107.8ns 
177600     INFO  main            d.u.i.k.p.i.AbstractProblemLoader Creating init config 
181412     DEBUG main            d.u.i.k.p.i.AbstractProblemLoader Init config took 3.81s 
181467     INFO  main            d.u.i.k.p.i.AbstractProblemLoader Replaying proof ParseLmtd[ParseLmtd::simple(int)].JML normal_behavior operation contract.0 
181468     DEBUG main            d.u.i.k.p.i.IntermediateProofReplayer Proof replay took 7.2ns 
181674     INFO  main            d.u.i.k.p.r.p.TestFile    ... finished proof: closed. 
182038     INFO  main            d.u.i.k.p.i.AbstractProblemLoader Loading environment from /home/runner/work/key/key/key.core/../key.ui/examples/heap/simple/parse_lmtd.key.proof 
182039     DEBUG main            d.u.i.k.p.i.AbstractProblemLoader Environment load took 840.3ns 
182040     INFO  main            d.u.i.k.p.i.AbstractProblemLoader Creating init config 
185699     DEBUG main            d.u.i.k.p.i.AbstractProblemLoader Init config took 3.66s 
185753     INFO  main            d.u.i.k.p.i.AbstractProblemLoader Replaying proof ParseLmtd[ParseLmtd::simple(int)].JML normal_behavior operation contract.0 
185795     DEBUG main            d.u.i.k.p.i.IntermediateProofReplayer Proof replay took 38.4ms 
185798     DEBUG main            d.u.i.k.p.r.p.TestFile    ... success: reloaded. 
185800     INFO  main            d.u.i.k.p.r.p.TestFile    Now processing file /home/runner/work/key/key/key.core/../key.ui/examples/heap/strictly_pure/strictlyPureMethod.key 
185800     INFO  main            d.u.i.k.p.i.AbstractProblemLoader Loading environment from /home/runner/work/key/key/key.core/../key.ui/examples/heap/strictly_pure/strictlyPureMethod.key 
185801     DEBUG main            d.u.i.k.p.i.AbstractProblemLoader Environment load took 494.2ns 
185802     INFO  main            d.u.i.k.p.i.AbstractProblemLoader Creating init config 
189345     DEBUG main            d.u.i.k.p.i.AbstractProblemLoader Init config took 3.54s 
189393     INFO  main            d.u.i.k.p.i.AbstractProblemLoader Replaying proof StrictlyPure[StrictlyPure::strictlyPureMethod()].JML operation contract.0 
189395     DEBUG main            d.u.i.k.p.i.IntermediateProofReplayer Proof replay took 26ns 
189603     INFO  main            d.u.i.k.p.r.p.TestFile    ... finished proof: closed. 
189965     INFO  main            d.u.i.k.p.i.AbstractProblemLoader Loading environment from /home/runner/work/key/key/key.core/../key.ui/examples/heap/strictly_pure/strictlyPureMethod.key.proof 
189966     DEBUG main            d.u.i.k.p.i.AbstractProblemLoader Environment load took 156.3ns 
189967     INFO  main            d.u.i.k.p.i.AbstractProblemLoader Creating init config 
193316     DEBUG main            d.u.i.k.p.i.AbstractProblemLoader Init config took 3.35s 
193366     INFO  main            d.u.i.k.p.i.AbstractProblemLoader Replaying proof StrictlyPure[StrictlyPure::strictlyPureMethod()].JML operation contract.0 
193419     DEBUG main            d.u.i.k.p.i.IntermediateProofReplayer Proof replay took 49.92ms 
193421     DEBUG main            d.u.i.k.p.r.p.TestFile    ... success: reloaded. 
193423     INFO  main            d.u.i.k.p.r.p.TestFile    Now processing file /home/runner/work/key/key/key.core/../key.ui/examples/heap/strictly_pure/useStrictlyPureMethod.key 
193423     INFO  main            d.u.i.k.p.i.AbstractProblemLoader Loading environment from /home/runner/work/key/key/key.core/../key.ui/examples/heap/strictly_pure/useStrictlyPureMethod.key 
193424     DEBUG main            d.u.i.k.p.i.AbstractProblemLoader Environment load took 137.6ns 
193425     INFO  main            d.u.i.k.p.i.AbstractProblemLoader Creating init config 
197803     DEBUG main            d.u.i.k.p.i.AbstractProblemLoader Init config took 4.38s 
197852     INFO  main            d.u.i.k.p.i.AbstractProblemLoader Replaying proof StrictlyPure[StrictlyPure::useStrictlyPureMethod(StrictlyPureClass)].JML operation contract.0 
197854     DEBUG main            d.u.i.k.p.i.IntermediateProofReplayer Proof replay took 8.1ns 
198157     INFO  main            d.u.i.k.p.r.p.TestFile    ... finished proof: closed. 
198556     INFO  main            d.u.i.k.p.i.AbstractProblemLoader Loading environment from /home/runner/work/key/key/key.core/../key.ui/examples/heap/strictly_pure/useStrictlyPureMethod.key.proof 
198556     DEBUG main            d.u.i.k.p.i.AbstractProblemLoader Environment load took 532.5ns 
198558     INFO  main            d.u.i.k.p.i.AbstractProblemLoader Creating init config 
202055     DEBUG main            d.u.i.k.p.i.AbstractProblemLoader Init config took 3.5s 
202110     INFO  main            d.u.i.k.p.i.AbstractProblemLoader Replaying proof StrictlyPure[StrictlyPure::useStrictlyPureMethod(StrictlyPureClass)].JML operation contract.0 
202235     DEBUG main            d.u.i.k.p.i.IntermediateProofReplayer Proof replay took 111.97ms 
202236     DEBUG main            d.u.i.k.p.r.p.TestFile    ... success: reloaded. 
202238     INFO  main            d.u.i.k.p.r.p.TestFile    Now processing file /home/runner/work/key/key/key.core/../key.ui/examples/heap/Wellfounded/ackermann.key 
202239     INFO  main            d.u.i.k.p.i.AbstractProblemLoader Loading environment from /home/runner/work/key/key/key.core/../key.ui/examples/heap/Wellfounded/ackermann.key 
202239     DEBUG main            d.u.i.k.p.i.AbstractProblemLoader Environment load took 405.2ns 
202240     INFO  main            d.u.i.k.p.i.AbstractProblemLoader Creating init config 
205762     DEBUG main            d.u.i.k.p.i.AbstractProblemLoader Init config took 3.52s 
205825     INFO  main            d.u.i.k.p.i.AbstractProblemLoader Replaying proof Ackermann[Ackermann::a(int,int)].JML normal_behavior operation contract.0 
205828     DEBUG main            d.u.i.k.p.i.IntermediateProofReplayer Proof replay took 25ns 
206236     INFO  main            d.u.i.k.p.r.p.TestFile    ... finished proof: closed. 
206676     INFO  main            d.u.i.k.p.i.AbstractProblemLoader Loading environment from /home/runner/work/key/key/key.core/../key.ui/examples/heap/Wellfounded/ackermann.key.proof 
206676     DEBUG main            d.u.i.k.p.i.AbstractProblemLoader Environment load took 118ns 
206677     INFO  main            d.u.i.k.p.i.AbstractProblemLoader Creating init config 
210109     DEBUG main            d.u.i.k.p.i.AbstractProblemLoader Init config took 3.43s 
210154     INFO  main            d.u.i.k.p.i.AbstractProblemLoader Replaying proof Ackermann[Ackermann::a(int,int)].JML normal_behavior operation contract.0 
210224     DEBUG main            d.u.i.k.p.i.IntermediateProofReplayer Proof replay took 66.06ms 
210226     DEBUG main            d.u.i.k.p.r.p.TestFile    ... success: reloaded. 
210229     INFO  main            d.u.i.k.p.r.p.TestFile    Now processing file /home/runner/work/key/key/key.core/../key.ui/examples/standard_key/unicode_test.key 
210230     INFO  main            d.u.i.k.p.i.AbstractProblemLoader Loading environment from /home/runner/work/key/key/key.core/../key.ui/examples/standard_key/unicode_test.key 
210230     DEBUG main            d.u.i.k.p.i.AbstractProblemLoader Environment load took 284.9ns 
210234     INFO  main            d.u.i.k.p.i.AbstractProblemLoader Creating init config 
213582     DEBUG main            d.u.i.k.p.i.AbstractProblemLoader Init config took 3.35s 
213600     INFO  main            d.u.i.k.p.i.AbstractProblemLoader Replaying proof unicode_test.key 
213602     DEBUG main            d.u.i.k.p.i.IntermediateProofReplayer Proof replay took 53.4ns 
213704     INFO  main            d.u.i.k.p.r.p.TestFile    ... finished proof: closed. 
214077     INFO  main            d.u.i.k.p.i.AbstractProblemLoader Loading environment from /home/runner/work/key/key/key.core/../key.ui/examples/standard_key/unicode_test.key.proof 
214077     DEBUG main            d.u.i.k.p.i.AbstractProblemLoader Environment load took 131.6ns 
214078     INFO  main            d.u.i.k.p.i.AbstractProblemLoader Creating init config 
217300     DEBUG main            d.u.i.k.p.i.AbstractProblemLoader Init config took 3.22s 
217318     INFO  main            d.u.i.k.p.i.AbstractProblemLoader Replaying proof unicode_test.key.proof 
217321     DEBUG main            d.u.i.k.p.i.IntermediateProofReplayer Proof replay took 484.4ns 
217322     DEBUG main            d.u.i.k.p.r.p.TestFile    ... success: reloaded. 
217323     INFO  main            d.u.i.k.p.r.p.TestFile    Now processing file /home/runner/work/key/key/key.core/../key.ui/examples/heap/strictlyModular/mayExpand.key 
217323     INFO  main            d.u.i.k.p.i.AbstractProblemLoader Loading environment from /home/runner/work/key/key/key.core/../key.ui/examples/heap/strictlyModular/mayExpand.key 
217324     DEBUG main            d.u.i.k.p.i.AbstractProblemLoader Environment load took 444.8ns 
217325     INFO  main            d.u.i.k.p.i.AbstractProblemLoader Creating init config 
220678     DEBUG main            d.u.i.k.p.i.AbstractProblemLoader Init config took 3.35s 
220726     INFO  main            d.u.i.k.p.i.AbstractProblemLoader Replaying proof Modular[Modular::m()].JML operation contract.0 
220728     DEBUG main            d.u.i.k.p.i.IntermediateProofReplayer Proof replay took 8ns 
220831     INFO  main            d.u.i.k.p.r.p.TestFile    ... finished proof: closed. 
221220     INFO  main            d.u.i.k.p.i.AbstractProblemLoader Loading environment from /home/runner/work/key/key/key.core/../key.ui/examples/heap/strictlyModular/mayExpand.key.proof 
221220     DEBUG main            d.u.i.k.p.i.AbstractProblemLoader Environment load took 128.4ns 
221222     INFO  main            d.u.i.k.p.i.AbstractProblemLoader Creating init config 
224614     DEBUG main            d.u.i.k.p.i.AbstractProblemLoader Init config took 3.39s 
224664     INFO  main            d.u.i.k.p.i.AbstractProblemLoader Replaying proof Modular[Modular::m()].JML operation contract.0 
224686     DEBUG main            d.u.i.k.p.i.IntermediateProofReplayer Proof replay took 18.91ms 
224687     DEBUG main            d.u.i.k.p.r.p.TestFile    ... success: reloaded. 
224689     INFO  main            d.u.i.k.p.r.p.TestFile    Now processing file /home/runner/work/key/key/key.core/../key.ui/examples/heap/strictlyModular/modularOnly.key 
224689     INFO  main            d.u.i.k.p.i.AbstractProblemLoader Loading environment from /home/runner/work/key/key/key.core/../key.ui/examples/heap/strictlyModular/modularOnly.key 
224689     DEBUG main            d.u.i.k.p.i.AbstractProblemLoader Environment load took 123.9ns 
224690     INFO  main            d.u.i.k.p.i.AbstractProblemLoader Creating init config 
228172     DEBUG main            d.u.i.k.p.i.AbstractProblemLoader Init config took 3.48s 
228216     INFO  main            d.u.i.k.p.i.AbstractProblemLoader Replaying proof Modular[Modular::m()].JML operation contract.0 
228217     DEBUG main            d.u.i.k.p.i.IntermediateProofReplayer Proof replay took 8.6ns 
228321     INFO  main            d.u.i.k.p.r.p.TestFile    ... finished proof: open goal(s) 
2675618    INFO  Test worker     d.u.i.k.p.r.RunAllProofsTestUnit Returning from test simpleTests 
2675620    INFO  Test worker     d.u.i.k.p.r.RunAllProofsTestUnit Running test SmansEtAl 
595        INFO  Timeout watchdog d.u.i.k.p.r.p.ForkedTestFileRunner Timeout watcher launched (2000 secs.) 
617        WARN  main            d.u.i.k.s.ProofSettings   The settings in /home/runner/.key/proof-settings.props are *not* read. 
679        INFO  main            d.u.i.k.p.r.p.TestFile    Now processing file /home/runner/work/key/key/key.core/../key.ui/examples/heap/SmansEtAl/ArrayList_add.key 
837        INFO  main            d.u.i.k.p.i.AbstractProblemLoader Loading environment from /home/runner/work/key/key/key.core/../key.ui/examples/heap/SmansEtAl/ArrayList_add.key 
860        DEBUG main            d.u.i.k.p.i.AbstractProblemLoader Environment load took 2.46ms 
1171       INFO  main            d.u.i.k.p.i.AbstractProblemLoader Creating init config 
2678       DEBUG main            d.u.i.k.j.TypeConverter   No LDT found for Meta 
2679       DEBUG main            d.u.i.k.j.TypeConverter   No LDT found for Meta 
2681       DEBUG main            d.u.i.k.j.TypeConverter   No LDT found for Meta 
2681       DEBUG main            d.u.i.k.j.TypeConverter   No LDT found for Meta 
4929       DEBUG main            d.u.i.k.j.TypeConverter   No LDT found for JavaBigintExpression 
11703      DEBUG main            d.u.i.k.p.i.AbstractProblemLoader Init config took 10.53s 
11972      INFO  main            d.u.i.k.p.i.AbstractProblemLoader Replaying proof ArrayList[ArrayList::add(java.lang.Object)].JML normal_behavior operation contract.0 
12031      DEBUG main            d.u.i.k.p.i.IntermediateProofReplayer Proof replay took 43.4ns 
22733      INFO  main            d.u.i.k.p.r.p.TestFile    ... finished proof: closed. 
23002      INFO  main            d.u.i.k.p.i.AbstractProblemLoader Loading environment from /home/runner/work/key/key/key.core/../key.ui/examples/heap/SmansEtAl/ArrayList_add.key.proof 
23003      DEBUG main            d.u.i.k.p.i.AbstractProblemLoader Environment load took 587.3ns 
23011      INFO  main            d.u.i.k.p.i.AbstractProblemLoader Creating init config 
27166      DEBUG main            d.u.i.k.p.i.AbstractProblemLoader Init config took 4.15s 
27250      INFO  main            d.u.i.k.p.i.AbstractProblemLoader Replaying proof ArrayList[ArrayList::add(java.lang.Object)].JML normal_behavior operation contract.0 
28389      DEBUG main            d.u.i.k.p.i.IntermediateProofReplayer Proof replay took 1.1s 
28402      DEBUG main            d.u.i.k.p.r.p.TestFile    ... success: reloaded. 
28405      INFO  main            d.u.i.k.p.r.p.TestFile    Now processing file /home/runner/work/key/key/key.core/../key.ui/examples/heap/SmansEtAl/ArrayList_ArrayList.key 
28405      INFO  main            d.u.i.k.p.i.AbstractProblemLoader Loading environment from /home/runner/work/key/key/key.core/../key.ui/examples/heap/SmansEtAl/ArrayList_ArrayList.key 
28406      DEBUG main            d.u.i.k.p.i.AbstractProblemLoader Environment load took 303ns 
28410      INFO  main            d.u.i.k.p.i.AbstractProblemLoader Creating init config 
32408      DEBUG main            d.u.i.k.p.i.AbstractProblemLoader Init config took 4s 
32495      INFO  main            d.u.i.k.p.i.AbstractProblemLoader Replaying proof ArrayList[ArrayList::ArrayList()].JML normal_behavior operation contract.0 
32499      DEBUG main            d.u.i.k.p.i.IntermediateProofReplayer Proof replay took 7.6ns 
33916      INFO  main            d.u.i.k.p.r.p.TestFile    ... finished proof: closed. 
34177      INFO  main            d.u.i.k.p.i.AbstractProblemLoader Loading environment from /home/runner/work/key/key/key.core/../key.ui/examples/heap/SmansEtAl/ArrayList_ArrayList.key.proof 
34178      DEBUG main            d.u.i.k.p.i.AbstractProblemLoader Environment load took 637.5ns 
34180      INFO  main            d.u.i.k.p.i.AbstractProblemLoader Creating init config 
37932      DEBUG main            d.u.i.k.p.i.AbstractProblemLoader Init config took 3.75s 
38006      INFO  main            d.u.i.k.p.i.AbstractProblemLoader Replaying proof ArrayList[ArrayList::ArrayList()].JML normal_behavior operation contract.0 
38229      DEBUG main            d.u.i.k.p.i.IntermediateProofReplayer Proof replay took 209.32ms 
38231      DEBUG main            d.u.i.k.p.r.p.TestFile    ... success: reloaded. 
38237      INFO  main            d.u.i.k.p.r.p.TestFile    Now processing file /home/runner/work/key/key/key.core/../key.ui/examples/heap/SmansEtAl/ArrayList_footprint.key 
38237      INFO  main            d.u.i.k.p.i.AbstractProblemLoader Loading environment from /home/runner/work/key/key/key.core/../key.ui/examples/heap/SmansEtAl/ArrayList_footprint.key 
38238      DEBUG main            d.u.i.k.p.i.AbstractProblemLoader Environment load took 343.4ns 
38240      INFO  main            d.u.i.k.p.i.AbstractProblemLoader Creating init config 
42066      DEBUG main            d.u.i.k.p.i.AbstractProblemLoader Init config took 3.83s 
42137      INFO  main            d.u.i.k.p.i.AbstractProblemLoader Replaying proof ArrayList[ArrayList::$footprint()].JML accessible clause.0 
42140      DEBUG main            d.u.i.k.p.i.IntermediateProofReplayer Proof replay took 7.7ns 
42244      INFO  main            d.u.i.k.p.r.p.TestFile    ... finished proof: closed. 
42445      INFO  main            d.u.i.k.p.i.AbstractProblemLoader Loading environment from /home/runner/work/key/key/key.core/../key.ui/examples/heap/SmansEtAl/ArrayList_footprint.key.proof 
42446      DEBUG main            d.u.i.k.p.i.AbstractProblemLoader Environment load took 816.5ns 
42448      INFO  main            d.u.i.k.p.i.AbstractProblemLoader Creating init config 
46019      DEBUG main            d.u.i.k.p.i.AbstractProblemLoader Init config took 3.57s 
46084      INFO  main            d.u.i.k.p.i.AbstractProblemLoader Replaying proof ArrayList[ArrayList::$footprint()].JML accessible clause.0 
46102      DEBUG main            d.u.i.k.p.i.IntermediateProofReplayer Proof replay took 14.25ms 
46103      DEBUG main            d.u.i.k.p.r.p.TestFile    ... success: reloaded. 
46105      INFO  main            d.u.i.k.p.r.p.TestFile    Now processing file /home/runner/work/key/key/key.core/../key.ui/examples/heap/SmansEtAl/ArrayList_get_dep.key 
46106      INFO  main            d.u.i.k.p.i.AbstractProblemLoader Loading environment from /home/runner/work/key/key/key.core/../key.ui/examples/heap/SmansEtAl/ArrayList_get_dep.key 
46107      DEBUG main            d.u.i.k.p.i.AbstractProblemLoader Environment load took 1.27ms 
46110      INFO  main            d.u.i.k.p.i.AbstractProblemLoader Creating init config 
50020      DEBUG main            d.u.i.k.p.i.AbstractProblemLoader Init config took 3.91s 
50085      INFO  main            d.u.i.k.p.i.AbstractProblemLoader Replaying proof ArrayList[ArrayList::get(int)].JML accessible clause.0 
50088      DEBUG main            d.u.i.k.p.i.IntermediateProofReplayer Proof replay took 7.4ns 
50495      INFO  main            d.u.i.k.p.r.p.TestFile    ... finished proof: closed. 
50834      INFO  main            d.u.i.k.p.i.AbstractProblemLoader Loading environment from /home/runner/work/key/key/key.core/../key.ui/examples/heap/SmansEtAl/ArrayList_get_dep.key.proof 
50835      DEBUG main            d.u.i.k.p.i.AbstractProblemLoader Environment load took 547.5ns 
50837      INFO  main            d.u.i.k.p.i.AbstractProblemLoader Creating init config 
54592      DEBUG main            d.u.i.k.p.i.AbstractProblemLoader Init config took 3.75s 
54655      INFO  main            d.u.i.k.p.i.AbstractProblemLoader Replaying proof ArrayList[ArrayList::get(int)].JML accessible clause.0 
54738      DEBUG main            d.u.i.k.p.i.IntermediateProofReplayer Proof replay took 77.51ms 
54740      DEBUG main            d.u.i.k.p.r.p.TestFile    ... success: reloaded. 
54741      INFO  main            d.u.i.k.p.r.p.TestFile    Now processing file /home/runner/work/key/key/key.core/../key.ui/examples/heap/SmansEtAl/ArrayList_get.key 
54742      INFO  main            d.u.i.k.p.i.AbstractProblemLoader Loading environment from /home/runner/work/key/key/key.core/../key.ui/examples/heap/SmansEtAl/ArrayList_get.key 
54742      DEBUG main            d.u.i.k.p.i.AbstractProblemLoader Environment load took 141.6ns 
54743      INFO  main            d.u.i.k.p.i.AbstractProblemLoader Creating init config 
58619      DEBUG main            d.u.i.k.p.i.AbstractProblemLoader Init config took 3.88s 
58691      INFO  main            d.u.i.k.p.i.AbstractProblemLoader Replaying proof ArrayList[ArrayList::get(int)].JML normal_behavior operation contract.0 
58696      DEBUG main            d.u.i.k.p.i.IntermediateProofReplayer Proof replay took 7.8ns 
58899      INFO  main            d.u.i.k.p.r.p.TestFile    ... finished proof: closed. 
59124      INFO  main            d.u.i.k.p.i.AbstractProblemLoader Loading environment from /home/runner/work/key/key/key.core/../key.ui/examples/heap/SmansEtAl/ArrayList_get.key.proof 
59125      DEBUG main            d.u.i.k.p.i.AbstractProblemLoader Environment load took 595.3ns 
59126      INFO  main            d.u.i.k.p.i.AbstractProblemLoader Creating init config 
62742      DEBUG main            d.u.i.k.p.i.AbstractProblemLoader Init config took 3.62s 
62801      INFO  main            d.u.i.k.p.i.AbstractProblemLoader Replaying proof ArrayList[ArrayList::get(int)].JML normal_behavior operation contract.0 
62842      DEBUG main            d.u.i.k.p.i.IntermediateProofReplayer Proof replay took 37.13ms 
62843      DEBUG main            d.u.i.k.p.r.p.TestFile    ... success: reloaded. 
62845      INFO  main            d.u.i.k.p.r.p.TestFile    Now processing file /home/runner/work/key/key/key.core/../key.ui/examples/heap/SmansEtAl/ArrayList_inv.key 
62845      INFO  main            d.u.i.k.p.i.AbstractProblemLoader Loading environment from /home/runner/work/key/key/key.core/../key.ui/examples/heap/SmansEtAl/ArrayList_inv.key 
62846      DEBUG main            d.u.i.k.p.i.AbstractProblemLoader Environment load took 287.2ns 
62847      INFO  main            d.u.i.k.p.i.AbstractProblemLoader Creating init config 
66604      DEBUG main            d.u.i.k.p.i.AbstractProblemLoader Init config took 3.76s 
66683      INFO  main            d.u.i.k.p.i.AbstractProblemLoader Replaying proof ArrayList[java.lang.Object::<inv>()].JML accessible clause.0 
66687      DEBUG main            d.u.i.k.p.i.IntermediateProofReplayer Proof replay took 7.9ns 
66792      INFO  main            d.u.i.k.p.r.p.TestFile    ... finished proof: closed. 
67043      INFO  main            d.u.i.k.p.i.AbstractProblemLoader Loading environment from /home/runner/work/key/key/key.core/../key.ui/examples/heap/SmansEtAl/ArrayList_inv.key.proof 
67043      DEBUG main            d.u.i.k.p.i.AbstractProblemLoader Environment load took 149.7ns 
67045      INFO  main            d.u.i.k.p.i.AbstractProblemLoader Creating init config 
70581      DEBUG main            d.u.i.k.p.i.AbstractProblemLoader Init config took 3.54s 
70634      INFO  main            d.u.i.k.p.i.AbstractProblemLoader Replaying proof ArrayList[java.lang.Object::<inv>()].JML accessible clause.0 
70649      DEBUG main            d.u.i.k.p.i.IntermediateProofReplayer Proof replay took 11.62ms 
70650      DEBUG main            d.u.i.k.p.r.p.TestFile    ... success: reloaded. 
70652      INFO  main            d.u.i.k.p.r.p.TestFile    Now processing file /home/runner/work/key/key/key.core/../key.ui/examples/heap/SmansEtAl/ArrayList_size_dep.key 
70652      INFO  main            d.u.i.k.p.i.AbstractProblemLoader Loading environment from /home/runner/work/key/key/key.core/../key.ui/examples/heap/SmansEtAl/ArrayList_size_dep.key 
70652      DEBUG main            d.u.i.k.p.i.AbstractProblemLoader Environment load took 124.5ns 
70653      INFO  main            d.u.i.k.p.i.AbstractProblemLoader Creating init config 
74367      DEBUG main            d.u.i.k.p.i.AbstractProblemLoader Init config took 3.71s 
74426      INFO  main            d.u.i.k.p.i.AbstractProblemLoader Replaying proof ArrayList[ArrayList::size()].JML accessible clause.0 
74430      DEBUG main            d.u.i.k.p.i.IntermediateProofReplayer Proof replay took 7ns 
74638      INFO  main            d.u.i.k.p.r.p.TestFile    ... finished proof: closed. 
74887      INFO  main            d.u.i.k.p.i.AbstractProblemLoader Loading environment from /home/runner/work/key/key/key.core/../key.ui/examples/heap/SmansEtAl/ArrayList_size_dep.key.proof 
74888      DEBUG main            d.u.i.k.p.i.AbstractProblemLoader Environment load took 641.7ns 
74890      INFO  main            d.u.i.k.p.i.AbstractProblemLoader Creating init config 
78535      DEBUG main            d.u.i.k.p.i.AbstractProblemLoader Init config took 3.64s 
78596      INFO  main            d.u.i.k.p.i.AbstractProblemLoader Replaying proof ArrayList[ArrayList::size()].JML accessible clause.0 
78621      DEBUG main            d.u.i.k.p.i.IntermediateProofReplayer Proof replay took 21.82ms 
78622      DEBUG main            d.u.i.k.p.r.p.TestFile    ... success: reloaded. 
78625      INFO  main            d.u.i.k.p.r.p.TestFile    Now processing file /home/runner/work/key/key/key.core/../key.ui/examples/heap/SmansEtAl/ArrayList_size.key 
78626      INFO  main            d.u.i.k.p.i.AbstractProblemLoader Loading environment from /home/runner/work/key/key/key.core/../key.ui/examples/heap/SmansEtAl/ArrayList_size.key 
78627      DEBUG main            d.u.i.k.p.i.AbstractProblemLoader Environment load took 625.4ns 
78630      INFO  main            d.u.i.k.p.i.AbstractProblemLoader Creating init config 
82504      DEBUG main            d.u.i.k.p.i.AbstractProblemLoader Init config took 3.87s 
82554      INFO  main            d.u.i.k.p.i.AbstractProblemLoader Replaying proof ArrayList[ArrayList::size()].JML normal_behavior operation contract.0 
82556      DEBUG main            d.u.i.k.p.i.IntermediateProofReplayer Proof replay took 8.1ns 
82660      INFO  main            d.u.i.k.p.r.p.TestFile    ... finished proof: closed. 
82929      INFO  main            d.u.i.k.p.i.AbstractProblemLoader Loading environment from /home/runner/work/key/key/key.core/../key.ui/examples/heap/SmansEtAl/ArrayList_size.key.proof 
82930      DEBUG main            d.u.i.k.p.i.AbstractProblemLoader Environment load took 1.33ms 
82932      INFO  main            d.u.i.k.p.i.AbstractProblemLoader Creating init config 
86713      DEBUG main            d.u.i.k.p.i.AbstractProblemLoader Init config took 3.78s 
86773      INFO  main            d.u.i.k.p.i.AbstractProblemLoader Replaying proof ArrayList[ArrayList::size()].JML normal_behavior operation contract.0 
86796      DEBUG main            d.u.i.k.p.i.IntermediateProofReplayer Proof replay took 19.49ms 
86798      DEBUG main            d.u.i.k.p.r.p.TestFile    ... success: reloaded. 
86800      INFO  main            d.u.i.k.p.r.p.TestFile    Now processing file /home/runner/work/key/key/key.core/../key.ui/examples/heap/SmansEtAl/Cell_Cell.key 
86801      INFO  main            d.u.i.k.p.i.AbstractProblemLoader Loading environment from /home/runner/work/key/key/key.core/../key.ui/examples/heap/SmansEtAl/Cell_Cell.key 
86801      DEBUG main            d.u.i.k.p.i.AbstractProblemLoader Environment load took 274.5ns 
86802      INFO  main            d.u.i.k.p.i.AbstractProblemLoader Creating init config 
90579      DEBUG main            d.u.i.k.p.i.AbstractProblemLoader Init config took 3.78s 
90626      INFO  main            d.u.i.k.p.i.AbstractProblemLoader Replaying proof Cell[Cell::Cell()].JML normal_behavior operation contract.0 
90628      DEBUG main            d.u.i.k.p.i.IntermediateProofReplayer Proof replay took 8.5ns 
90831      INFO  main            d.u.i.k.p.r.p.TestFile    ... finished proof: closed. 
91214      INFO  main            d.u.i.k.p.i.AbstractProblemLoader Loading environment from /home/runner/work/key/key/key.core/../key.ui/examples/heap/SmansEtAl/Cell_Cell.key.proof 
91215      DEBUG main            d.u.i.k.p.i.AbstractProblemLoader Environment load took 526.6ns 
91224      INFO  main            d.u.i.k.p.i.AbstractProblemLoader Creating init config 
94941      DEBUG main            d.u.i.k.p.i.AbstractProblemLoader Init config took 3.72s 
94988      INFO  main            d.u.i.k.p.i.AbstractProblemLoader Replaying proof Cell[Cell::Cell()].JML normal_behavior operation contract.0 
95043      DEBUG main            d.u.i.k.p.i.IntermediateProofReplayer Proof replay took 51.31ms 
95046      DEBUG main            d.u.i.k.p.r.p.TestFile    ... success: reloaded. 
95047      INFO  main            d.u.i.k.p.r.p.TestFile    Now processing file /home/runner/work/key/key/key.core/../key.ui/examples/heap/SmansEtAl/Cell_footprint.key 
95048      INFO  main            d.u.i.k.p.i.AbstractProblemLoader Loading environment from /home/runner/work/key/key/key.core/../key.ui/examples/heap/SmansEtAl/Cell_footprint.key 
95048      DEBUG main            d.u.i.k.p.i.AbstractProblemLoader Environment load took 288.3ns 
95049      INFO  main            d.u.i.k.p.i.AbstractProblemLoader Creating init config 
98633      DEBUG main            d.u.i.k.p.i.AbstractProblemLoader Init config took 3.58s 
98682      INFO  main            d.u.i.k.p.i.AbstractProblemLoader Replaying proof Cell[Cell::$footprint()].JML accessible clause.0 
98685      DEBUG main            d.u.i.k.p.i.IntermediateProofReplayer Proof replay took 8.2ns 
98787      INFO  main            d.u.i.k.p.r.p.TestFile    ... finished proof: closed. 
99052      INFO  main            d.u.i.k.p.i.AbstractProblemLoader Loading environment from /home/runner/work/key/key/key.core/../key.ui/examples/heap/SmansEtAl/Cell_footprint.key.proof 
99053      DEBUG main            d.u.i.k.p.i.AbstractProblemLoader Environment load took 163.7ns 
99054      INFO  main            d.u.i.k.p.i.AbstractProblemLoader Creating init config 
102755     DEBUG main            d.u.i.k.p.i.AbstractProblemLoader Init config took 3.7s 
102802     INFO  main            d.u.i.k.p.i.AbstractProblemLoader Replaying proof Cell[Cell::$footprint()].JML accessible clause.0 
102809     DEBUG main            d.u.i.k.p.i.IntermediateProofReplayer Proof replay took 5ms 
102810     DEBUG main            d.u.i.k.p.r.p.TestFile    ... success: reloaded. 
102812     INFO  main            d.u.i.k.p.r.p.TestFile    Now processing file /home/runner/work/key/key/key.core/../key.ui/examples/heap/SmansEtAl/Cell_getX_dep.key 
102812     INFO  main            d.u.i.k.p.i.AbstractProblemLoader Loading environment from /home/runner/work/key/key/key.core/../key.ui/examples/heap/SmansEtAl/Cell_getX_dep.key 
102812     DEBUG main            d.u.i.k.p.i.AbstractProblemLoader Environment load took 140.5ns 
102813     INFO  main            d.u.i.k.p.i.AbstractProblemLoader Creating init config 
106776     DEBUG main            d.u.i.k.p.i.AbstractProblemLoader Init config took 3.96s 
106832     INFO  main            d.u.i.k.p.i.AbstractProblemLoader Replaying proof Cell[Cell::getX()].JML accessible clause.0 
106834     DEBUG main            d.u.i.k.p.i.IntermediateProofReplayer Proof replay took 7.5ns 
106937     INFO  main            d.u.i.k.p.r.p.TestFile    ... finished proof: closed. 
107216     INFO  main            d.u.i.k.p.i.AbstractProblemLoader Loading environment from /home/runner/work/key/key/key.core/../key.ui/examples/heap/SmansEtAl/Cell_getX_dep.key.proof 
107216     DEBUG main            d.u.i.k.p.i.AbstractProblemLoader Environment load took 145ns 
107219     INFO  main            d.u.i.k.p.i.AbstractProblemLoader Creating init config 
110871     DEBUG main            d.u.i.k.p.i.AbstractProblemLoader Init config took 3.65s 
110920     INFO  main            d.u.i.k.p.i.AbstractProblemLoader Replaying proof Cell[Cell::getX()].JML accessible clause.0 
110939     DEBUG main            d.u.i.k.p.i.IntermediateProofReplayer Proof replay took 15.52ms 
110940     DEBUG main            d.u.i.k.p.r.p.TestFile    ... success: reloaded. 
110942     INFO  main            d.u.i.k.p.r.p.TestFile    Now processing file /home/runner/work/key/key/key.core/../key.ui/examples/heap/SmansEtAl/Cell_getX.key 
110943     INFO  main            d.u.i.k.p.i.AbstractProblemLoader Loading environment from /home/runner/work/key/key/key.core/../key.ui/examples/heap/SmansEtAl/Cell_getX.key 
110943     DEBUG main            d.u.i.k.p.i.AbstractProblemLoader Environment load took 266.59ns 
110947     INFO  main            d.u.i.k.p.i.AbstractProblemLoader Creating init config 
114734     DEBUG main            d.u.i.k.p.i.AbstractProblemLoader Init config took 3.79s 
114797     INFO  main            d.u.i.k.p.i.AbstractProblemLoader Replaying proof Cell[Cell::getX()].JML normal_behavior operation contract.0 
114800     DEBUG main            d.u.i.k.p.i.IntermediateProofReplayer Proof replay took 8.9ns 
114902     INFO  main            d.u.i.k.p.r.p.TestFile    ... finished proof: closed. 
115231     INFO  main            d.u.i.k.p.i.AbstractProblemLoader Loading environment from /home/runner/work/key/key/key.core/../key.ui/examples/heap/SmansEtAl/Cell_getX.key.proof 
115231     DEBUG main            d.u.i.k.p.i.AbstractProblemLoader Environment load took 608.61ns 
115233     INFO  main            d.u.i.k.p.i.AbstractProblemLoader Creating init config 
118955     DEBUG main            d.u.i.k.p.i.AbstractProblemLoader Init config took 3.72s 
119020     INFO  main            d.u.i.k.p.i.AbstractProblemLoader Replaying proof Cell[Cell::getX()].JML normal_behavior operation contract.0 
119039     DEBUG main            d.u.i.k.p.i.IntermediateProofReplayer Proof replay took 16.08ms 
119040     DEBUG main            d.u.i.k.p.r.p.TestFile    ... success: reloaded. 
119042     INFO  main            d.u.i.k.p.r.p.TestFile    Now processing file /home/runner/work/key/key/key.core/../key.ui/examples/heap/SmansEtAl/Cell_inv.key 
119043     INFO  main            d.u.i.k.p.i.AbstractProblemLoader Loading environment from /home/runner/work/key/key/key.core/../key.ui/examples/heap/SmansEtAl/Cell_inv.key 
119043     DEBUG main            d.u.i.k.p.i.AbstractProblemLoader Environment load took 373ns 
119044     INFO  main            d.u.i.k.p.i.AbstractProblemLoader Creating init config 
122770     DEBUG main            d.u.i.k.p.i.AbstractProblemLoader Init config took 3.73s 
122842     INFO  main            d.u.i.k.p.i.AbstractProblemLoader Replaying proof Cell[java.lang.Object::<inv>()].JML accessible clause.0 
122844     DEBUG main            d.u.i.k.p.i.IntermediateProofReplayer Proof replay took 8.5ns 
122947     INFO  main            d.u.i.k.p.r.p.TestFile    ... finished proof: closed. 
123257     INFO  main            d.u.i.k.p.i.AbstractProblemLoader Loading environment from /home/runner/work/key/key/key.core/../key.ui/examples/heap/SmansEtAl/Cell_inv.key.proof 
123257     DEBUG main            d.u.i.k.p.i.AbstractProblemLoader Environment load took 141.5ns 
123258     INFO  main            d.u.i.k.p.i.AbstractProblemLoader Creating init config 
126923     DEBUG main            d.u.i.k.p.i.AbstractProblemLoader Init config took 3.66s 
126981     INFO  main            d.u.i.k.p.i.AbstractProblemLoader Replaying proof Cell[java.lang.Object::<inv>()].JML accessible clause.0 
126987     DEBUG main            d.u.i.k.p.i.IntermediateProofReplayer Proof replay took 2.08ms 
126988     DEBUG main            d.u.i.k.p.r.p.TestFile    ... success: reloaded. 
126990     INFO  main            d.u.i.k.p.r.p.TestFile    Now processing file /home/runner/work/key/key/key.core/../key.ui/examples/heap/SmansEtAl/Cell_setX.key 
126990     INFO  main            d.u.i.k.p.i.AbstractProblemLoader Loading environment from /home/runner/work/key/key/key.core/../key.ui/examples/heap/SmansEtAl/Cell_setX.key 
126990     DEBUG main            d.u.i.k.p.i.AbstractProblemLoader Environment load took 115.2ns 
126991     INFO  main            d.u.i.k.p.i.AbstractProblemLoader Creating init config 
130741     DEBUG main            d.u.i.k.p.i.AbstractProblemLoader Init config took 3.75s 
130788     INFO  main            d.u.i.k.p.i.AbstractProblemLoader Replaying proof Cell[Cell::setX(int)].JML normal_behavior operation contract.0 
130790     DEBUG main            d.u.i.k.p.i.IntermediateProofReplayer Proof replay took 6.8ns 
130993     INFO  main            d.u.i.k.p.r.p.TestFile    ... finished proof: closed. 
131329     INFO  main            d.u.i.k.p.i.AbstractProblemLoader Loading environment from /home/runner/work/key/key/key.core/../key.ui/examples/heap/SmansEtAl/Cell_setX.key.proof 
131329     DEBUG main            d.u.i.k.p.i.AbstractProblemLoader Environment load took 139.81ns 
131332     INFO  main            d.u.i.k.p.i.AbstractProblemLoader Creating init config 
135079     DEBUG main            d.u.i.k.p.i.AbstractProblemLoader Init config took 3.75s 
135139     INFO  main            d.u.i.k.p.i.AbstractProblemLoader Replaying proof Cell[Cell::setX(int)].JML normal_behavior operation contract.0 
135167     DEBUG main            d.u.i.k.p.i.IntermediateProofReplayer Proof replay took 25.48ms 
135168     DEBUG main            d.u.i.k.p.r.p.TestFile    ... success: reloaded. 
135169     INFO  main            d.u.i.k.p.r.p.TestFile    Now processing file /home/runner/work/key/key/key.core/../key.ui/examples/heap/SmansEtAl/CellClient_m.key 
135170     INFO  main            d.u.i.k.p.i.AbstractProblemLoader Loading environment from /home/runner/work/key/key/key.core/../key.ui/examples/heap/SmansEtAl/CellClient_m.key 
135170     DEBUG main            d.u.i.k.p.i.AbstractProblemLoader Environment load took 234.21ns 
135171     INFO  main            d.u.i.k.p.i.AbstractProblemLoader Creating init config 
138835     DEBUG main            d.u.i.k.p.i.AbstractProblemLoader Init config took 3.66s 
138883     INFO  main            d.u.i.k.p.i.AbstractProblemLoader Replaying proof CellClient[CellClient::m()].JML operation contract.0 
138885     DEBUG main            d.u.i.k.p.i.IntermediateProofReplayer Proof replay took 7.6ns 
139590     INFO  main            d.u.i.k.p.r.p.TestFile    ... finished proof: closed. 
139954     INFO  main            d.u.i.k.p.i.AbstractProblemLoader Loading environment from /home/runner/work/key/key/key.core/../key.ui/examples/heap/SmansEtAl/CellClient_m.key.proof 
139954     DEBUG main            d.u.i.k.p.i.AbstractProblemLoader Environment load took 628.9ns 
139956     INFO  main            d.u.i.k.p.i.AbstractProblemLoader Creating init config 
143557     DEBUG main            d.u.i.k.p.i.AbstractProblemLoader Init config took 3.6s 
143607     INFO  main            d.u.i.k.p.i.AbstractProblemLoader Replaying proof CellClient[CellClient::m()].JML operation contract.0 
143749     DEBUG main            d.u.i.k.p.i.IntermediateProofReplayer Proof replay took 136.2ms 
143751     DEBUG main            d.u.i.k.p.r.p.TestFile    ... success: reloaded. 
143752     INFO  main            d.u.i.k.p.r.p.TestFile    Now processing file /home/runner/work/key/key/key.core/../key.ui/examples/heap/SmansEtAl/Iterator_footprint.key 
143752     INFO  main            d.u.i.k.p.i.AbstractProblemLoader Loading environment from /home/runner/work/key/key/key.core/../key.ui/examples/heap/SmansEtAl/Iterator_footprint.key 
143753     DEBUG main            d.u.i.k.p.i.AbstractProblemLoader Environment load took 254.7ns 
143754     INFO  main            d.u.i.k.p.i.AbstractProblemLoader Creating init config 
147558     DEBUG main            d.u.i.k.p.i.AbstractProblemLoader Init config took 3.8s 
147607     INFO  main            d.u.i.k.p.i.AbstractProblemLoader Replaying proof Iterator[Iterator::$footprint()].JML accessible clause.0 
147610     DEBUG main            d.u.i.k.p.i.IntermediateProofReplayer Proof replay took 7.9ns 
147715     INFO  main            d.u.i.k.p.r.p.TestFile    ... finished proof: closed. 
148060     INFO  main            d.u.i.k.p.i.AbstractProblemLoader Loading environment from /home/runner/work/key/key/key.core/../key.ui/examples/heap/SmansEtAl/Iterator_footprint.key.proof 
148061     DEBUG main            d.u.i.k.p.i.AbstractProblemLoader Environment load took 585.4ns 
148062     INFO  main            d.u.i.k.p.i.AbstractProblemLoader Creating init config 
151857     DEBUG main            d.u.i.k.p.i.AbstractProblemLoader Init config took 3.8s 
151914     INFO  main            d.u.i.k.p.i.AbstractProblemLoader Replaying proof Iterator[Iterator::$footprint()].JML accessible clause.0 
151926     DEBUG main            d.u.i.k.p.i.IntermediateProofReplayer Proof replay took 8.57ms 
151927     DEBUG main            d.u.i.k.p.r.p.TestFile    ... success: reloaded. 
151929     INFO  main            d.u.i.k.p.r.p.TestFile    Now processing file /home/runner/work/key/key/key.core/../key.ui/examples/heap/SmansEtAl/Iterator_hasNext_dep.key 
151929     INFO  main            d.u.i.k.p.i.AbstractProblemLoader Loading environment from /home/runner/work/key/key/key.core/../key.ui/examples/heap/SmansEtAl/Iterator_hasNext_dep.key 
151929     DEBUG main            d.u.i.k.p.i.AbstractProblemLoader Environment load took 116.2ns 
151930     INFO  main            d.u.i.k.p.i.AbstractProblemLoader Creating init config 
155886     DEBUG main            d.u.i.k.p.i.AbstractProblemLoader Init config took 3.96s 
155935     INFO  main            d.u.i.k.p.i.AbstractProblemLoader Replaying proof Iterator[Iterator::hasNext()].JML accessible clause.0 
155937     DEBUG main            d.u.i.k.p.i.IntermediateProofReplayer Proof replay took 8.9ns 
157077     INFO  main            d.u.i.k.p.r.p.TestFile    ... finished proof: closed. 
157494     INFO  main            d.u.i.k.p.i.AbstractProblemLoader Loading environment from /home/runner/work/key/key/key.core/../key.ui/examples/heap/SmansEtAl/Iterator_hasNext_dep.key.proof 
157499     DEBUG main            d.u.i.k.p.i.AbstractProblemLoader Environment load took 6.09ms 
157501     INFO  main            d.u.i.k.p.i.AbstractProblemLoader Creating init config 
161471     DEBUG main            d.u.i.k.p.i.AbstractProblemLoader Init config took 3.97s 
161522     INFO  main            d.u.i.k.p.i.AbstractProblemLoader Replaying proof Iterator[Iterator::hasNext()].JML accessible clause.0 
161663     DEBUG main            d.u.i.k.p.i.IntermediateProofReplayer Proof replay took 133.32ms 
161669     DEBUG main            d.u.i.k.p.r.p.TestFile    ... success: reloaded. 
161676     INFO  main            d.u.i.k.p.r.p.TestFile    Now processing file /home/runner/work/key/key/key.core/../key.ui/examples/heap/SmansEtAl/Iterator_hasNext.key 
161677     INFO  main            d.u.i.k.p.i.AbstractProblemLoader Loading environment from /home/runner/work/key/key/key.core/../key.ui/examples/heap/SmansEtAl/Iterator_hasNext.key 
161677     DEBUG main            d.u.i.k.p.i.AbstractProblemLoader Environment load took 268.2ns 
161679     INFO  main            d.u.i.k.p.i.AbstractProblemLoader Creating init config 
165500     DEBUG main            d.u.i.k.p.i.AbstractProblemLoader Init config took 3.82s 
165551     INFO  main            d.u.i.k.p.i.AbstractProblemLoader Replaying proof Iterator[Iterator::hasNext()].JML normal_behavior operation contract.0 
165554     DEBUG main            d.u.i.k.p.i.IntermediateProofReplayer Proof replay took 9ns 
166508     INFO  main            d.u.i.k.p.r.p.TestFile    ... finished proof: closed. 
166956     INFO  main            d.u.i.k.p.i.AbstractProblemLoader Loading environment from /home/runner/work/key/key/key.core/../key.ui/examples/heap/SmansEtAl/Iterator_hasNext.key.proof 
166960     DEBUG main            d.u.i.k.p.i.AbstractProblemLoader Environment load took 4.48ms 
166962     INFO  main            d.u.i.k.p.i.AbstractProblemLoader Creating init config 
170763     DEBUG main            d.u.i.k.p.i.AbstractProblemLoader Init config took 3.8s 
170817     INFO  main            d.u.i.k.p.i.AbstractProblemLoader Replaying proof Iterator[Iterator::hasNext()].JML normal_behavior operation contract.0 
170935     DEBUG main            d.u.i.k.p.i.IntermediateProofReplayer Proof replay took 109.63ms 
170937     DEBUG main            d.u.i.k.p.r.p.TestFile    ... success: reloaded. 
170939     INFO  main            d.u.i.k.p.r.p.TestFile    Now processing file /home/runner/work/key/key/key.core/../key.ui/examples/heap/SmansEtAl/Iterator_inv.key 
170940     INFO  main            d.u.i.k.p.i.AbstractProblemLoader Loading environment from /home/runner/work/key/key/key.core/../key.ui/examples/heap/SmansEtAl/Iterator_inv.key 
170940     DEBUG main            d.u.i.k.p.i.AbstractProblemLoader Environment load took 406.19ns 
170941     INFO  main            d.u.i.k.p.i.AbstractProblemLoader Creating init config 
174802     DEBUG main            d.u.i.k.p.i.AbstractProblemLoader Init config took 3.86s 
174855     INFO  main            d.u.i.k.p.i.AbstractProblemLoader Replaying proof Iterator[java.lang.Object::<inv>()].JML accessible clause.0 
174858     DEBUG main            d.u.i.k.p.i.IntermediateProofReplayer Proof replay took 10.5ns 
175161     INFO  main            d.u.i.k.p.r.p.TestFile    ... finished proof: closed. 
175571     INFO  main            d.u.i.k.p.i.AbstractProblemLoader Loading environment from /home/runner/work/key/key/key.core/../key.ui/examples/heap/SmansEtAl/Iterator_inv.key.proof 
175572     DEBUG main            d.u.i.k.p.i.AbstractProblemLoader Environment load took 683.08ns 
175573     INFO  main            d.u.i.k.p.i.AbstractProblemLoader Creating init config 
179604     DEBUG main            d.u.i.k.p.i.AbstractProblemLoader Init config took 4.03s 
179656     INFO  main            d.u.i.k.p.i.AbstractProblemLoader Replaying proof Iterator[java.lang.Object::<inv>()].JML accessible clause.0 
179690     DEBUG main            d.u.i.k.p.i.IntermediateProofReplayer Proof replay took 29.87ms 
179692     DEBUG main            d.u.i.k.p.r.p.TestFile    ... success: reloaded. 
179693     INFO  main            d.u.i.k.p.r.p.TestFile    Now processing file /home/runner/work/key/key/key.core/../key.ui/examples/heap/SmansEtAl/Iterator_Iterator.key 
179693     INFO  main            d.u.i.k.p.i.AbstractProblemLoader Loading environment from /home/runner/work/key/key/key.core/../key.ui/examples/heap/SmansEtAl/Iterator_Iterator.key 
179693     DEBUG main            d.u.i.k.p.i.AbstractProblemLoader Environment load took 124.9ns 
179694     INFO  main            d.u.i.k.p.i.AbstractProblemLoader Creating init config 
183540     DEBUG main            d.u.i.k.p.i.AbstractProblemLoader Init config took 3.85s 
183614     INFO  main            d.u.i.k.p.i.AbstractProblemLoader Replaying proof Iterator[Iterator::Iterator(ArrayList)].JML normal_behavior operation contract.0 
183617     DEBUG main            d.u.i.k.p.i.IntermediateProofReplayer Proof replay took 10.1ns 
186099     INFO  main            d.u.i.k.p.r.p.TestFile    ... finished proof: closed. 
186513     INFO  main            d.u.i.k.p.i.AbstractProblemLoader Loading environment from /home/runner/work/key/key/key.core/../key.ui/examples/heap/SmansEtAl/Iterator_Iterator.key.proof 
186513     DEBUG main            d.u.i.k.p.i.AbstractProblemLoader Environment load took 576ns 
186516     INFO  main            d.u.i.k.p.i.AbstractProblemLoader Creating init config 
190347     DEBUG main            d.u.i.k.p.i.AbstractProblemLoader Init config took 3.83s 
190403     INFO  main            d.u.i.k.p.i.AbstractProblemLoader Replaying proof Iterator[Iterator::Iterator(ArrayList)].JML normal_behavior operation contract.0 
190694     DEBUG main            d.u.i.k.p.i.IntermediateProofReplayer Proof replay took 272.16ms 
190697     DEBUG main            d.u.i.k.p.r.p.TestFile    ... success: reloaded. 
190698     INFO  main            d.u.i.k.p.r.p.TestFile    Now processing file /home/runner/work/key/key/key.core/../key.ui/examples/heap/SmansEtAl/Iterator_list_dep.key 
190699     INFO  main            d.u.i.k.p.i.AbstractProblemLoader Loading environment from /home/runner/work/key/key/key.core/../key.ui/examples/heap/SmansEtAl/Iterator_list_dep.key 
190699     DEBUG main            d.u.i.k.p.i.AbstractProblemLoader Environment load took 324ns 
190700     INFO  main            d.u.i.k.p.i.AbstractProblemLoader Creating init config 
194674     DEBUG main            d.u.i.k.p.i.AbstractProblemLoader Init config took 3.97s 
194745     INFO  main            d.u.i.k.p.i.AbstractProblemLoader Replaying proof Iterator[Iterator::list()].JML accessible clause.0 
194747     DEBUG main            d.u.i.k.p.i.IntermediateProofReplayer Proof replay took 7.5ns 
194849     INFO  main            d.u.i.k.p.r.p.TestFile    ... finished proof: closed. 
195244     INFO  main            d.u.i.k.p.i.AbstractProblemLoader Loading environment from /home/runner/work/key/key/key.core/../key.ui/examples/heap/SmansEtAl/Iterator_list_dep.key.proof 
195244     DEBUG main            d.u.i.k.p.i.AbstractProblemLoader Environment load took 566.54ns 
195247     INFO  main            d.u.i.k.p.i.AbstractProblemLoader Creating init config 
199002     DEBUG main            d.u.i.k.p.i.AbstractProblemLoader Init config took 3.76s 
199061     INFO  main            d.u.i.k.p.i.AbstractProblemLoader Replaying proof Iterator[Iterator::list()].JML accessible clause.0 
199091     DEBUG main            d.u.i.k.p.i.IntermediateProofReplayer Proof replay took 26.32ms 
199093     DEBUG main            d.u.i.k.p.r.p.TestFile    ... success: reloaded. 
199094     INFO  main            d.u.i.k.p.r.p.TestFile    Now processing file /home/runner/work/key/key/key.core/../key.ui/examples/heap/SmansEtAl/Iterator_list.key 
199094     INFO  main            d.u.i.k.p.i.AbstractProblemLoader Loading environment from /home/runner/work/key/key/key.core/../key.ui/examples/heap/SmansEtAl/Iterator_list.key 
199094     DEBUG main            d.u.i.k.p.i.AbstractProblemLoader Environment load took 75.81ns 
199096     INFO  main            d.u.i.k.p.i.AbstractProblemLoader Creating init config 
202942     DEBUG main            d.u.i.k.p.i.AbstractProblemLoader Init config took 3.85s 
203019     INFO  main            d.u.i.k.p.i.AbstractProblemLoader Replaying proof Iterator[Iterator::list()].JML normal_behavior operation contract.0 
203029     DEBUG main            d.u.i.k.p.i.IntermediateProofReplayer Proof replay took 9ns 
203132     INFO  main            d.u.i.k.p.r.p.TestFile    ... finished proof: closed. 
203520     INFO  main            d.u.i.k.p.i.AbstractProblemLoader Loading environment from /home/runner/work/key/key/key.core/../key.ui/examples/heap/SmansEtAl/Iterator_list.key.proof 
203520     DEBUG main            d.u.i.k.p.i.AbstractProblemLoader Environment load took 134.4ns 
203521     INFO  main            d.u.i.k.p.i.AbstractProblemLoader Creating init config 
207457     DEBUG main            d.u.i.k.p.i.AbstractProblemLoader Init config took 3.94s 
207528     INFO  main            d.u.i.k.p.i.AbstractProblemLoader Replaying proof Iterator[Iterator::list()].JML normal_behavior operation contract.0 
207561     DEBUG main            d.u.i.k.p.i.IntermediateProofReplayer Proof replay took 25.95ms 
207564     DEBUG main            d.u.i.k.p.r.p.TestFile    ... success: reloaded. 
207566     INFO  main            d.u.i.k.p.r.p.TestFile    Now processing file /home/runner/work/key/key/key.core/../key.ui/examples/heap/SmansEtAl/Iterator_next.key 
207567     INFO  main            d.u.i.k.p.i.AbstractProblemLoader Loading environment from /home/runner/work/key/key/key.core/../key.ui/examples/heap/SmansEtAl/Iterator_next.key 
207567     DEBUG main            d.u.i.k.p.i.AbstractProblemLoader Environment load took 265.39ns 
207568     INFO  main            d.u.i.k.p.i.AbstractProblemLoader Creating init config 
211750     DEBUG main            d.u.i.k.p.i.AbstractProblemLoader Init config took 4.18s 
211799     INFO  main            d.u.i.k.p.i.AbstractProblemLoader Replaying proof Iterator[Iterator::next()].JML normal_behavior operation contract.0 
211801     DEBUG main            d.u.i.k.p.i.IntermediateProofReplayer Proof replay took 7.8ns 
216324     INFO  main            d.u.i.k.p.r.p.TestFile    ... finished proof: closed. 
216809     INFO  main            d.u.i.k.p.i.AbstractProblemLoader Loading environment from /home/runner/work/key/key/key.core/../key.ui/examples/heap/SmansEtAl/Iterator_next.key.proof 
216810     DEBUG main            d.u.i.k.p.i.AbstractProblemLoader Environment load took 271ns 
216812     INFO  main            d.u.i.k.p.i.AbstractProblemLoader Creating init config 
220387     DEBUG main            d.u.i.k.p.i.AbstractProblemLoader Init config took 3.58s 
220445     INFO  main            d.u.i.k.p.i.AbstractProblemLoader Replaying proof Iterator[Iterator::next()].JML normal_behavior operation contract.0 
220805     DEBUG main            d.u.i.k.p.i.IntermediateProofReplayer Proof replay took 337.34ms 
220808     DEBUG main            d.u.i.k.p.r.p.TestFile    ... success: reloaded. 
220809     INFO  main            d.u.i.k.p.r.p.TestFile    Now processing file /home/runner/work/key/key/key.core/../key.ui/examples/heap/SmansEtAl/Stack_footprint.key 
220810     INFO  main            d.u.i.k.p.i.AbstractProblemLoader Loading environment from /home/runner/work/key/key/key.core/../key.ui/examples/heap/SmansEtAl/Stack_footprint.key 
220810     DEBUG main            d.u.i.k.p.i.AbstractProblemLoader Environment load took 283.3ns 
220811     INFO  main            d.u.i.k.p.i.AbstractProblemLoader Creating init config 
224338     DEBUG main            d.u.i.k.p.i.AbstractProblemLoader Init config took 3.53s 
224384     INFO  main            d.u.i.k.p.i.AbstractProblemLoader Replaying proof Stack[Stack::$footprint()].JML accessible clause.0 
224386     DEBUG main            d.u.i.k.p.i.IntermediateProofReplayer Proof replay took 7.9ns 
224693     INFO  main            d.u.i.k.p.r.p.TestFile    ... finished proof: closed. 
225099     INFO  main            d.u.i.k.p.i.AbstractProblemLoader Loading environment from /home/runner/work/key/key/key.core/../key.ui/examples/heap/SmansEtAl/Stack_footprint.key.proof 
225100     DEBUG main            d.u.i.k.p.i.AbstractProblemLoader Environment load took 532.9ns 
225101     INFO  main            d.u.i.k.p.i.AbstractProblemLoader Creating init config 
228648     DEBUG main            d.u.i.k.p.i.AbstractProblemLoader Init config took 3.55s 
228694     INFO  main            d.u.i.k.p.i.AbstractProblemLoader Replaying proof Stack[Stack::$footprint()].JML accessible clause.0 
228736     DEBUG main            d.u.i.k.p.i.IntermediateProofReplayer Proof replay took 36.76ms 
228738     DEBUG main            d.u.i.k.p.r.p.TestFile    ... success: reloaded. 
228742     INFO  main            d.u.i.k.p.r.p.TestFile    Now processing file /home/runner/work/key/key/key.core/../key.ui/examples/heap/SmansEtAl/Stack_inv.key 
228743     INFO  main            d.u.i.k.p.i.AbstractProblemLoader Loading environment from /home/runner/work/key/key/key.core/../key.ui/examples/heap/SmansEtAl/Stack_inv.key 
228743     DEBUG main            d.u.i.k.p.i.AbstractProblemLoader Environment load took 301ns 
228744     INFO  main            d.u.i.k.p.i.AbstractProblemLoader Creating init config 
232404     DEBUG main            d.u.i.k.p.i.AbstractProblemLoader Init config took 3.66s 
232454     INFO  main            d.u.i.k.p.i.AbstractProblemLoader Replaying proof Stack[java.lang.Object::<inv>()].JML accessible clause.0 
232456     DEBUG main            d.u.i.k.p.i.IntermediateProofReplayer Proof replay took 7.9ns 
232562     INFO  main            d.u.i.k.p.r.p.TestFile    ... finished proof: closed. 
233059     INFO  main            d.u.i.k.p.i.AbstractProblemLoader Loading environment from /home/runner/work/key/key/key.core/../key.ui/examples/heap/SmansEtAl/Stack_inv.key.proof 
233059     DEBUG main            d.u.i.k.p.i.AbstractProblemLoader Environment load took 131.1ns 
233060     INFO  main            d.u.i.k.p.i.AbstractProblemLoader Creating init config 
236718     DEBUG main            d.u.i.k.p.i.AbstractProblemLoader Init config took 3.66s 
236767     INFO  main            d.u.i.k.p.i.AbstractProblemLoader Replaying proof Stack[java.lang.Object::<inv>()].JML accessible clause.0 
236787     DEBUG main            d.u.i.k.p.i.IntermediateProofReplayer Proof replay took 12.38ms 
236788     DEBUG main            d.u.i.k.p.r.p.TestFile    ... success: reloaded. 
236789     INFO  main            d.u.i.k.p.r.p.TestFile    Now processing file /home/runner/work/key/key/key.core/../key.ui/examples/heap/SmansEtAl/Stack_push.key 
236789     INFO  main            d.u.i.k.p.i.AbstractProblemLoader Loading environment from /home/runner/work/key/key/key.core/../key.ui/examples/heap/SmansEtAl/Stack_push.key 
236790     DEBUG main            d.u.i.k.p.i.AbstractProblemLoader Environment load took 116.2ns 
236791     INFO  main            d.u.i.k.p.i.AbstractProblemLoader Creating init config 
240518     DEBUG main            d.u.i.k.p.i.AbstractProblemLoader Init config took 3.73s 
240565     INFO  main            d.u.i.k.p.i.AbstractProblemLoader Replaying proof Stack[Stack::push(java.lang.Object)].JML normal_behavior operation contract.0 
240567     DEBUG main            d.u.i.k.p.i.IntermediateProofReplayer Proof replay took 8.4ns 
241574     INFO  main            d.u.i.k.p.r.p.TestFile    ... finished proof: closed. 
242045     INFO  main            d.u.i.k.p.i.AbstractProblemLoader Loading environment from /home/runner/work/key/key/key.core/../key.ui/examples/heap/SmansEtAl/Stack_push.key.proof 
242046     DEBUG main            d.u.i.k.p.i.AbstractProblemLoader Environment load took 903.1ns 
242048     INFO  main            d.u.i.k.p.i.AbstractProblemLoader Creating init config 
245473     DEBUG main            d.u.i.k.p.i.AbstractProblemLoader Init config took 3.42s 
245518     INFO  main            d.u.i.k.p.i.AbstractProblemLoader Replaying proof Stack[Stack::push(java.lang.Object)].JML normal_behavior operation contract.0 
245675     DEBUG main            d.u.i.k.p.i.IntermediateProofReplayer Proof replay took 147.48ms 
245678     DEBUG main            d.u.i.k.p.r.p.TestFile    ... success: reloaded. 
245681     INFO  main            d.u.i.k.p.r.p.TestFile    Now processing file /home/runner/work/key/key/key.core/../key.ui/examples/heap/SmansEtAl/Stack_size.key 
245682     INFO  main            d.u.i.k.p.i.AbstractProblemLoader Loading environment from /home/runner/work/key/key/key.core/../key.ui/examples/heap/SmansEtAl/Stack_size.key 
245682     DEBUG main            d.u.i.k.p.i.AbstractProblemLoader Environment load took 157.2ns 
245683     INFO  main            d.u.i.k.p.i.AbstractProblemLoader Creating init config 
249052     DEBUG main            d.u.i.k.p.i.AbstractProblemLoader Init config took 3.37s 
249095     INFO  main            d.u.i.k.p.i.AbstractProblemLoader Replaying proof Stack[Stack::size()].JML accessible clause.0 
249096     DEBUG main            d.u.i.k.p.i.IntermediateProofReplayer Proof replay took 9.9ns 
249400     INFO  main            d.u.i.k.p.r.p.TestFile    ... finished proof: closed. 
249807     INFO  main            d.u.i.k.p.i.AbstractProblemLoader Loading environment from /home/runner/work/key/key/key.core/../key.ui/examples/heap/SmansEtAl/Stack_size.key.proof 
249807     DEBUG main            d.u.i.k.p.i.AbstractProblemLoader Environment load took 147.9ns 
249809     INFO  main            d.u.i.k.p.i.AbstractProblemLoader Creating init config 
253161     DEBUG main            d.u.i.k.p.i.AbstractProblemLoader Init config took 3.35s 
253204     INFO  main            d.u.i.k.p.i.AbstractProblemLoader Replaying proof Stack[Stack::size()].JML accessible clause.0 
253261     DEBUG main            d.u.i.k.p.i.IntermediateProofReplayer Proof replay took 53.28ms 
253263     DEBUG main            d.u.i.k.p.r.p.TestFile    ... success: reloaded. 
253264     INFO  main            d.u.i.k.p.r.p.TestFile    Now processing file /home/runner/work/key/key/key.core/../key.ui/examples/heap/SmansEtAl/Stack_Stack.key 
253265     INFO  main            d.u.i.k.p.i.AbstractProblemLoader Loading environment from /home/runner/work/key/key/key.core/../key.ui/examples/heap/SmansEtAl/Stack_Stack.key 
253265     DEBUG main            d.u.i.k.p.i.AbstractProblemLoader Environment load took 262.9ns 
253266     INFO  main            d.u.i.k.p.i.AbstractProblemLoader Creating init config 
256775     DEBUG main            d.u.i.k.p.i.AbstractProblemLoader Init config took 3.51s 
256820     INFO  main            d.u.i.k.p.i.AbstractProblemLoader Replaying proof Stack[Stack::Stack()].JML normal_behavior operation contract.0 
256822     DEBUG main            d.u.i.k.p.i.IntermediateProofReplayer Proof replay took 7.2ns 
258350     INFO  main            d.u.i.k.p.r.p.TestFile    ... finished proof: closed. 
258770     INFO  main            d.u.i.k.p.i.AbstractProblemLoader Loading environment from /home/runner/work/key/key/key.core/../key.ui/examples/heap/SmansEtAl/Stack_Stack.key.proof 
258770     DEBUG main            d.u.i.k.p.i.AbstractProblemLoader Environment load took 548.7ns 
258772     INFO  main            d.u.i.k.p.i.AbstractProblemLoader Creating init config 
262115     DEBUG main            d.u.i.k.p.i.AbstractProblemLoader Init config took 3.34s 
262166     INFO  main            d.u.i.k.p.i.AbstractProblemLoader Replaying proof Stack[Stack::Stack()].JML normal_behavior operation contract.0 
262383     DEBUG main            d.u.i.k.p.i.IntermediateProofReplayer Proof replay took 206.01ms 
262385     DEBUG main            d.u.i.k.p.r.p.TestFile    ... success: reloaded. 
262386     INFO  main            d.u.i.k.p.r.p.TestFile    Now processing file /home/runner/work/key/key/key.core/../key.ui/examples/heap/SmansEtAl/Stack_switchContents.key 
262387     INFO  main            d.u.i.k.p.i.AbstractProblemLoader Loading environment from /home/runner/work/key/key/key.core/../key.ui/examples/heap/SmansEtAl/Stack_switchContents.key 
262387     DEBUG main            d.u.i.k.p.i.AbstractProblemLoader Environment load took 246.8ns 
262388     INFO  main            d.u.i.k.p.i.AbstractProblemLoader Creating init config 
265855     DEBUG main            d.u.i.k.p.i.AbstractProblemLoader Init config took 3.47s 
265900     INFO  main            d.u.i.k.p.i.AbstractProblemLoader Replaying proof Stack[Stack::switchContents(Stack)].JML normal_behavior operation contract.0 
265902     DEBUG main            d.u.i.k.p.i.IntermediateProofReplayer Proof replay took 7ns 
272200     INFO  main            d.u.i.k.p.r.p.TestFile    ... finished proof: closed. 
272665     INFO  main            d.u.i.k.p.i.AbstractProblemLoader Loading environment from /home/runner/work/key/key/key.core/../key.ui/examples/heap/SmansEtAl/Stack_switchContents.key.proof 
272666     DEBUG main            d.u.i.k.p.i.AbstractProblemLoader Environment load took 598.2ns 
272668     INFO  main            d.u.i.k.p.i.AbstractProblemLoader Creating init config 
276077     DEBUG main            d.u.i.k.p.i.AbstractProblemLoader Init config took 3.41s 
276125     INFO  main            d.u.i.k.p.i.AbstractProblemLoader Replaying proof Stack[Stack::switchContents(Stack)].JML normal_behavior operation contract.0 
276507     DEBUG main            d.u.i.k.p.i.IntermediateProofReplayer Proof replay took 362.89ms 
276510     DEBUG main            d.u.i.k.p.r.p.TestFile    ... success: reloaded. 
2952386    INFO  Test worker     d.u.i.k.p.r.RunAllProofsTestUnit Returning from test SmansEtAl 
2952387    INFO  Test worker     d.u.i.k.p.r.RunAllProofsTestUnit Running test VACID0 
474        INFO  Timeout watchdog d.u.i.k.p.r.p.ForkedTestFileRunner Timeout watcher launched (2000 secs.) 
529        WARN  main            d.u.i.k.s.ProofSettings   The settings in /home/runner/.key/proof-settings.props are *not* read. 
590        INFO  main            d.u.i.k.p.r.p.TestFile    Now processing file /home/runner/work/key/key/key.core/../key.ui/examples/heap/vacid0_01_SparseArray/Harness_sparseArrayTestHarness1.key 
743        INFO  main            d.u.i.k.p.i.AbstractProblemLoader Loading environment from /home/runner/work/key/key/key.core/../key.ui/examples/heap/vacid0_01_SparseArray/Harness_sparseArrayTestHarness1.key 
766        DEBUG main            d.u.i.k.p.i.AbstractProblemLoader Environment load took 2.86ms 
1117       INFO  main            d.u.i.k.p.i.AbstractProblemLoader Creating init config 
2529       DEBUG main            d.u.i.k.j.TypeConverter   No LDT found for Meta 
2530       DEBUG main            d.u.i.k.j.TypeConverter   No LDT found for Meta 
2568       DEBUG main            d.u.i.k.j.TypeConverter   No LDT found for Meta 
2569       DEBUG main            d.u.i.k.j.TypeConverter   No LDT found for Meta 
4696       DEBUG main            d.u.i.k.j.TypeConverter   No LDT found for JavaBigintExpression 
12098      DEBUG main            d.u.i.k.p.i.AbstractProblemLoader Init config took 10.98s 
12313      INFO  main            d.u.i.k.p.i.AbstractProblemLoader Replaying proof Harness[Harness::sparseArrayTestHarness1()].JML normal_behavior operation contract.0 
12363      DEBUG main            d.u.i.k.p.i.IntermediateProofReplayer Proof replay took 45.7ns 
14719      INFO  main            d.u.i.k.p.r.p.TestFile    ... finished proof: closed. 
14911      INFO  main            d.u.i.k.p.i.AbstractProblemLoader Loading environment from /home/runner/work/key/key/key.core/../key.ui/examples/heap/vacid0_01_SparseArray/Harness_sparseArrayTestHarness1.key.proof 
14914      DEBUG main            d.u.i.k.p.i.AbstractProblemLoader Environment load took 3.69ms 
14917      INFO  main            d.u.i.k.p.i.AbstractProblemLoader Creating init config 
18933      DEBUG main            d.u.i.k.p.i.AbstractProblemLoader Init config took 4.02s 
19010      INFO  main            d.u.i.k.p.i.AbstractProblemLoader Replaying proof Harness[Harness::sparseArrayTestHarness1()].JML normal_behavior operation contract.0 
19305      DEBUG main            d.u.i.k.p.i.IntermediateProofReplayer Proof replay took 283.84ms 
19316      DEBUG main            d.u.i.k.p.r.p.TestFile    ... success: reloaded. 
19319      INFO  main            d.u.i.k.p.r.p.TestFile    Now processing file /home/runner/work/key/key/key.core/../key.ui/examples/heap/vacid0_01_SparseArray/Harness_sparseArrayTestHarness2.key 
19320      INFO  main            d.u.i.k.p.i.AbstractProblemLoader Loading environment from /home/runner/work/key/key/key.core/../key.ui/examples/heap/vacid0_01_SparseArray/Harness_sparseArrayTestHarness2.key 
19320      DEBUG main            d.u.i.k.p.i.AbstractProblemLoader Environment load took 338.3ns 
19325      INFO  main            d.u.i.k.p.i.AbstractProblemLoader Creating init config 
23320      DEBUG main            d.u.i.k.p.i.AbstractProblemLoader Init config took 3.99s 
23396      INFO  main            d.u.i.k.p.i.AbstractProblemLoader Replaying proof Harness[Harness::sparseArrayTestHarness2()].JML normal_behavior operation contract.0 
23400      DEBUG main            d.u.i.k.p.i.IntermediateProofReplayer Proof replay took 24.8ns 
40102      INFO  main            d.u.i.k.p.r.p.TestFile    ... finished proof: closed. 
40446      INFO  main            d.u.i.k.p.i.AbstractProblemLoader Loading environment from /home/runner/work/key/key/key.core/../key.ui/examples/heap/vacid0_01_SparseArray/Harness_sparseArrayTestHarness2.key.proof 
40447      DEBUG main            d.u.i.k.p.i.AbstractProblemLoader Environment load took 709.7ns 
40456      INFO  main            d.u.i.k.p.i.AbstractProblemLoader Creating init config 
44343      DEBUG main            d.u.i.k.p.i.AbstractProblemLoader Init config took 3.89s 
44433      INFO  main            d.u.i.k.p.i.AbstractProblemLoader Replaying proof Harness[Harness::sparseArrayTestHarness2()].JML normal_behavior operation contract.0 
45883      DEBUG main            d.u.i.k.p.i.IntermediateProofReplayer Proof replay took 1.38s 
45887      DEBUG main            d.u.i.k.p.r.p.TestFile    ... success: reloaded. 
45889      INFO  main            d.u.i.k.p.r.p.TestFile    Now processing file /home/runner/work/key/key/key.core/../key.ui/examples/heap/vacid0_01_SparseArray/MemoryAllocator_alloc_unsigned.key 
45890      INFO  main            d.u.i.k.p.i.AbstractProblemLoader Loading environment from /home/runner/work/key/key/key.core/../key.ui/examples/heap/vacid0_01_SparseArray/MemoryAllocator_alloc_unsigned.key 
45890      DEBUG main            d.u.i.k.p.i.AbstractProblemLoader Environment load took 285.8ns 
45892      INFO  main            d.u.i.k.p.i.AbstractProblemLoader Creating init config 
49745      DEBUG main            d.u.i.k.p.i.AbstractProblemLoader Init config took 3.85s 
49812      INFO  main            d.u.i.k.p.i.AbstractProblemLoader Replaying proof MemoryAllocator[MemoryAllocator::alloc_unsigned(int)].JML normal_behavior operation contract.0 
49815      DEBUG main            d.u.i.k.p.i.IntermediateProofReplayer Proof replay took 6.9ns 
51428      INFO  main            d.u.i.k.p.r.p.TestFile    ... finished proof: closed. 
51728      INFO  main            d.u.i.k.p.i.AbstractProblemLoader Loading environment from /home/runner/work/key/key/key.core/../key.ui/examples/heap/vacid0_01_SparseArray/MemoryAllocator_alloc_unsigned.key.proof 
51730      DEBUG main            d.u.i.k.p.i.AbstractProblemLoader Environment load took 2.04ms 
51732      INFO  main            d.u.i.k.p.i.AbstractProblemLoader Creating init config 
55421      DEBUG main            d.u.i.k.p.i.AbstractProblemLoader Init config took 3.69s 
55478      INFO  main            d.u.i.k.p.i.AbstractProblemLoader Replaying proof MemoryAllocator[MemoryAllocator::alloc_unsigned(int)].JML normal_behavior operation contract.0 
55729      DEBUG main            d.u.i.k.p.i.IntermediateProofReplayer Proof replay took 243.5ms 
55731      DEBUG main            d.u.i.k.p.r.p.TestFile    ... success: reloaded. 
55733      INFO  main            d.u.i.k.p.r.p.TestFile    Now processing file /home/runner/work/key/key/key.core/../key.ui/examples/heap/vacid0_01_SparseArray/MemoryAllocator_alloc.key 
55734      INFO  main            d.u.i.k.p.i.AbstractProblemLoader Loading environment from /home/runner/work/key/key/key.core/../key.ui/examples/heap/vacid0_01_SparseArray/MemoryAllocator_alloc.key 
55734      DEBUG main            d.u.i.k.p.i.AbstractProblemLoader Environment load took 441.9ns 
55735      INFO  main            d.u.i.k.p.i.AbstractProblemLoader Creating init config 
59373      DEBUG main            d.u.i.k.p.i.AbstractProblemLoader Init config took 3.64s 
59446      INFO  main            d.u.i.k.p.i.AbstractProblemLoader Replaying proof MemoryAllocator[MemoryAllocator::alloc(int)].JML normal_behavior operation contract.0 
59449      DEBUG main            d.u.i.k.p.i.IntermediateProofReplayer Proof replay took 6.9ns 
60254      INFO  main            d.u.i.k.p.r.p.TestFile    ... finished proof: closed. 
60523      INFO  main            d.u.i.k.p.i.AbstractProblemLoader Loading environment from /home/runner/work/key/key/key.core/../key.ui/examples/heap/vacid0_01_SparseArray/MemoryAllocator_alloc.key.proof 
60524      DEBUG main            d.u.i.k.p.i.AbstractProblemLoader Environment load took 536.3ns 
60526      INFO  main            d.u.i.k.p.i.AbstractProblemLoader Creating init config 
64154      DEBUG main            d.u.i.k.p.i.AbstractProblemLoader Init config took 3.63s 
64210      INFO  main            d.u.i.k.p.i.AbstractProblemLoader Replaying proof MemoryAllocator[MemoryAllocator::alloc(int)].JML normal_behavior operation contract.0 
64384      DEBUG main            d.u.i.k.p.i.IntermediateProofReplayer Proof replay took 166.39ms 
64385      DEBUG main            d.u.i.k.p.r.p.TestFile    ... success: reloaded. 
64387      INFO  main            d.u.i.k.p.r.p.TestFile    Now processing file /home/runner/work/key/key/key.core/../key.ui/examples/heap/vacid0_01_SparseArray/SparseArray_get_dep.key 
64388      INFO  main            d.u.i.k.p.i.AbstractProblemLoader Loading environment from /home/runner/work/key/key/key.core/../key.ui/examples/heap/vacid0_01_SparseArray/SparseArray_get_dep.key 
64388      DEBUG main            d.u.i.k.p.i.AbstractProblemLoader Environment load took 356.2ns 
64389      INFO  main            d.u.i.k.p.i.AbstractProblemLoader Creating init config 
68110      DEBUG main            d.u.i.k.p.i.AbstractProblemLoader Init config took 3.72s 
68211      INFO  main            d.u.i.k.p.i.AbstractProblemLoader Replaying proof SparseArray[SparseArray::get(int)].JML accessible clause.0 
68215      DEBUG main            d.u.i.k.p.i.IntermediateProofReplayer Proof replay took 7.1ns 
71838      INFO  main            d.u.i.k.p.r.p.TestFile    ... finished proof: closed. 
72111      INFO  main            d.u.i.k.p.i.AbstractProblemLoader Loading environment from /home/runner/work/key/key/key.core/../key.ui/examples/heap/vacid0_01_SparseArray/SparseArray_get_dep.key.proof 
72111      DEBUG main            d.u.i.k.p.i.AbstractProblemLoader Environment load took 539.8ns 
72113      INFO  main            d.u.i.k.p.i.AbstractProblemLoader Creating init config 
75590      DEBUG main            d.u.i.k.p.i.AbstractProblemLoader Init config took 3.48s 
75670      INFO  main            d.u.i.k.p.i.AbstractProblemLoader Replaying proof SparseArray[SparseArray::get(int)].JML accessible clause.0 
75972      DEBUG main            d.u.i.k.p.i.IntermediateProofReplayer Proof replay took 287.28ms 
75974      DEBUG main            d.u.i.k.p.r.p.TestFile    ... success: reloaded. 
75976      INFO  main            d.u.i.k.p.r.p.TestFile    Now processing file /home/runner/work/key/key/key.core/../key.ui/examples/heap/vacid0_01_SparseArray/SparseArray_get.key 
75976      INFO  main            d.u.i.k.p.i.AbstractProblemLoader Loading environment from /home/runner/work/key/key/key.core/../key.ui/examples/heap/vacid0_01_SparseArray/SparseArray_get.key 
75977      DEBUG main            d.u.i.k.p.i.AbstractProblemLoader Environment load took 302.6ns 
75978      INFO  main            d.u.i.k.p.i.AbstractProblemLoader Creating init config 
79479      DEBUG main            d.u.i.k.p.i.AbstractProblemLoader Init config took 3.5s 
79568      INFO  main            d.u.i.k.p.i.AbstractProblemLoader Replaying proof SparseArray[SparseArray::get(int)].JML normal_behavior operation contract.0 
79571      DEBUG main            d.u.i.k.p.i.IntermediateProofReplayer Proof replay took 8.3ns 
82882      INFO  main            d.u.i.k.p.r.p.TestFile    ... finished proof: closed. 
83164      INFO  main            d.u.i.k.p.i.AbstractProblemLoader Loading environment from /home/runner/work/key/key/key.core/../key.ui/examples/heap/vacid0_01_SparseArray/SparseArray_get.key.proof 
83165      DEBUG main            d.u.i.k.p.i.AbstractProblemLoader Environment load took 538.5ns 
83169      INFO  main            d.u.i.k.p.i.AbstractProblemLoader Creating init config 
86733      DEBUG main            d.u.i.k.p.i.AbstractProblemLoader Init config took 3.56s 
86812      INFO  main            d.u.i.k.p.i.AbstractProblemLoader Replaying proof SparseArray[SparseArray::get(int)].JML normal_behavior operation contract.0 
87065      DEBUG main            d.u.i.k.p.i.IntermediateProofReplayer Proof replay took 241.27ms 
87067      DEBUG main            d.u.i.k.p.r.p.TestFile    ... success: reloaded. 
87068      INFO  main            d.u.i.k.p.r.p.TestFile    Now processing file /home/runner/work/key/key/key.core/../key.ui/examples/heap/vacid0_01_SparseArray/SparseArray_inv.key 
87069      INFO  main            d.u.i.k.p.i.AbstractProblemLoader Loading environment from /home/runner/work/key/key/key.core/../key.ui/examples/heap/vacid0_01_SparseArray/SparseArray_inv.key 
87069      DEBUG main            d.u.i.k.p.i.AbstractProblemLoader Environment load took 243.3ns 
87070      INFO  main            d.u.i.k.p.i.AbstractProblemLoader Creating init config 
90607      DEBUG main            d.u.i.k.p.i.AbstractProblemLoader Init config took 3.54s 
90679      INFO  main            d.u.i.k.p.i.AbstractProblemLoader Replaying proof SparseArray[java.lang.Object::<inv>()].JML accessible clause.0 
90681      DEBUG main            d.u.i.k.p.i.IntermediateProofReplayer Proof replay took 7.8ns 
93216      INFO  main            d.u.i.k.p.r.p.TestFile    ... finished proof: closed. 
93517      INFO  main            d.u.i.k.p.i.AbstractProblemLoader Loading environment from /home/runner/work/key/key/key.core/../key.ui/examples/heap/vacid0_01_SparseArray/SparseArray_inv.key.proof 
93518      DEBUG main            d.u.i.k.p.i.AbstractProblemLoader Environment load took 915.3ns 
93520      INFO  main            d.u.i.k.p.i.AbstractProblemLoader Creating init config 
97048      DEBUG main            d.u.i.k.p.i.AbstractProblemLoader Init config took 3.53s 
97124      INFO  main            d.u.i.k.p.i.AbstractProblemLoader Replaying proof SparseArray[java.lang.Object::<inv>()].JML accessible clause.0 
97229      DEBUG main            d.u.i.k.p.i.IntermediateProofReplayer Proof replay took 98.07ms 
97230      DEBUG main            d.u.i.k.p.r.p.TestFile    ... success: reloaded. 
97232      INFO  main            d.u.i.k.p.r.p.TestFile    Now processing file /home/runner/work/key/key/key.core/../key.ui/examples/heap/vacid0_01_SparseArray/SparseArray_SparseArray.key 
97232      INFO  main            d.u.i.k.p.i.AbstractProblemLoader Loading environment from /home/runner/work/key/key/key.core/../key.ui/examples/heap/vacid0_01_SparseArray/SparseArray_SparseArray.key 
97233      DEBUG main            d.u.i.k.p.i.AbstractProblemLoader Environment load took 299ns 
97234      INFO  main            d.u.i.k.p.i.AbstractProblemLoader Creating init config 
100764     DEBUG main            d.u.i.k.p.i.AbstractProblemLoader Init config took 3.53s 
100837     INFO  main            d.u.i.k.p.i.AbstractProblemLoader Replaying proof SparseArray[SparseArray::SparseArray(int)].JML normal_behavior operation contract.0 
100839     DEBUG main            d.u.i.k.p.i.IntermediateProofReplayer Proof replay took 7.9ns 
105636     INFO  main            d.u.i.k.p.r.p.TestFile    ... finished proof: closed. 
105911     INFO  main            d.u.i.k.p.i.AbstractProblemLoader Loading environment from /home/runner/work/key/key/key.core/../key.ui/examples/heap/vacid0_01_SparseArray/SparseArray_SparseArray.key.proof 
105914     DEBUG main            d.u.i.k.p.i.AbstractProblemLoader Environment load took 1.38ms 
105918     INFO  main            d.u.i.k.p.i.AbstractProblemLoader Creating init config 
109388     DEBUG main            d.u.i.k.p.i.AbstractProblemLoader Init config took 3.47s 
109484     INFO  main            d.u.i.k.p.i.AbstractProblemLoader Replaying proof SparseArray[SparseArray::SparseArray(int)].JML normal_behavior operation contract.0 
109913     DEBUG main            d.u.i.k.p.i.IntermediateProofReplayer Proof replay took 415.2ms 
109916     DEBUG main            d.u.i.k.p.r.p.TestFile    ... success: reloaded. 
3062535    INFO  Test worker     d.u.i.k.p.r.RunAllProofsTestUnit Returning from test VACID0 
3062537    INFO  Test worker     d.u.i.k.p.r.RunAllProofsTestUnit Running test VSTTE10 
556        INFO  Timeout watchdog d.u.i.k.p.r.p.ForkedTestFileRunner Timeout watcher launched (2000 secs.) 
578        WARN  main            d.u.i.k.s.ProofSettings   The settings in /home/runner/.key/proof-settings.props are *not* read. 
631        INFO  main            d.u.i.k.p.r.p.TestFile    Now processing file /home/runner/work/key/key/key.core/../key.ui/examples/heap/vstte10_01_SumAndMax/SumAndMax_sumAndMax.key 
820        INFO  main            d.u.i.k.p.i.AbstractProblemLoader Loading environment from /home/runner/work/key/key/key.core/../key.ui/examples/heap/vstte10_01_SumAndMax/SumAndMax_sumAndMax.key 
863        DEBUG main            d.u.i.k.p.i.AbstractProblemLoader Environment load took 4.54ms 
1197       INFO  main            d.u.i.k.p.i.AbstractProblemLoader Creating init config 
2515       DEBUG main            d.u.i.k.j.TypeConverter   No LDT found for Meta 
2516       DEBUG main            d.u.i.k.j.TypeConverter   No LDT found for Meta 
2519       DEBUG main            d.u.i.k.j.TypeConverter   No LDT found for Meta 
2520       DEBUG main            d.u.i.k.j.TypeConverter   No LDT found for Meta 
4432       DEBUG main            d.u.i.k.j.TypeConverter   No LDT found for JavaBigintExpression 
11429      DEBUG main            d.u.i.k.p.i.AbstractProblemLoader Init config took 10.23s 
11622      INFO  main            d.u.i.k.p.i.AbstractProblemLoader Replaying proof SumAndMax[SumAndMax::sumAndMax([I)].JML normal_behavior operation contract.0 
11683      DEBUG main            d.u.i.k.p.i.IntermediateProofReplayer Proof replay took 76.4ns 
19346      INFO  main            d.u.i.k.p.r.p.TestFile    ... finished proof: closed. 
19594      INFO  main            d.u.i.k.p.i.AbstractProblemLoader Loading environment from /home/runner/work/key/key/key.core/../key.ui/examples/heap/vstte10_01_SumAndMax/SumAndMax_sumAndMax.key.proof 
19599      DEBUG main            d.u.i.k.p.i.AbstractProblemLoader Environment load took 4.98ms 
19604      INFO  main            d.u.i.k.p.i.AbstractProblemLoader Creating init config 
23581      DEBUG main            d.u.i.k.p.i.AbstractProblemLoader Init config took 3.98s 
23674      INFO  main            d.u.i.k.p.i.AbstractProblemLoader Replaying proof SumAndMax[SumAndMax::sumAndMax([I)].JML normal_behavior operation contract.0 
24548      DEBUG main            d.u.i.k.p.i.IntermediateProofReplayer Proof replay took 822.95ms 
24593      DEBUG main            d.u.i.k.p.r.p.TestFile    ... success: reloaded. 
24603      INFO  main            d.u.i.k.p.r.p.TestFile    Now processing file /home/runner/work/key/key/key.core/../key.ui/examples/heap/vstte10_03_LinkedList/Node_cons.key 
24604      INFO  main            d.u.i.k.p.i.AbstractProblemLoader Loading environment from /home/runner/work/key/key/key.core/../key.ui/examples/heap/vstte10_03_LinkedList/Node_cons.key 
24604      DEBUG main            d.u.i.k.p.i.AbstractProblemLoader Environment load took 330.41ns 
24609      INFO  main            d.u.i.k.p.i.AbstractProblemLoader Creating init config 
28670      DEBUG main            d.u.i.k.p.i.AbstractProblemLoader Init config took 4.06s 
28759      INFO  main            d.u.i.k.p.i.AbstractProblemLoader Replaying proof Node[Node::cons(int,Node)].JML normal_behavior operation contract.0 
28764      DEBUG main            d.u.i.k.p.i.IntermediateProofReplayer Proof replay took 8.6ns 
31001      INFO  main            d.u.i.k.p.r.p.TestFile    ... finished proof: closed. 
31283      INFO  main            d.u.i.k.p.i.AbstractProblemLoader Loading environment from /home/runner/work/key/key/key.core/../key.ui/examples/heap/vstte10_03_LinkedList/Node_cons.key.proof 
31284      DEBUG main            d.u.i.k.p.i.AbstractProblemLoader Environment load took 529.6ns 
31286      INFO  main            d.u.i.k.p.i.AbstractProblemLoader Creating init config 
35065      DEBUG main            d.u.i.k.p.i.AbstractProblemLoader Init config took 3.78s 
35137      INFO  main            d.u.i.k.p.i.AbstractProblemLoader Replaying proof Node[Node::cons(int,Node)].JML normal_behavior operation contract.0 
35510      DEBUG main            d.u.i.k.p.i.IntermediateProofReplayer Proof replay took 358.22ms 
35512      DEBUG main            d.u.i.k.p.r.p.TestFile    ... success: reloaded. 
35515      INFO  main            d.u.i.k.p.r.p.TestFile    Now processing file /home/runner/work/key/key/key.core/../key.ui/examples/heap/vstte10_03_LinkedList/Node_inv.key 
35515      INFO  main            d.u.i.k.p.i.AbstractProblemLoader Loading environment from /home/runner/work/key/key/key.core/../key.ui/examples/heap/vstte10_03_LinkedList/Node_inv.key 
35515      DEBUG main            d.u.i.k.p.i.AbstractProblemLoader Environment load took 273.6ns 
35518      INFO  main            d.u.i.k.p.i.AbstractProblemLoader Creating init config 
39174      DEBUG main            d.u.i.k.p.i.AbstractProblemLoader Init config took 3.66s 
39247      INFO  main            d.u.i.k.p.i.AbstractProblemLoader Replaying proof Node[java.lang.Object::<inv>()].JML accessible clause.0 
39251      DEBUG main            d.u.i.k.p.i.IntermediateProofReplayer Proof replay took 14.7ns 
39783      INFO  main            d.u.i.k.p.r.p.TestFile    ... finished proof: closed. 
39968      INFO  main            d.u.i.k.p.i.AbstractProblemLoader Loading environment from /home/runner/work/key/key/key.core/../key.ui/examples/heap/vstte10_03_LinkedList/Node_inv.key.proof 
39968      DEBUG main            d.u.i.k.p.i.AbstractProblemLoader Environment load took 307.5ns 
39972      INFO  main            d.u.i.k.p.i.AbstractProblemLoader Creating init config 
43503      DEBUG main            d.u.i.k.p.i.AbstractProblemLoader Init config took 3.53s 
43585      INFO  main            d.u.i.k.p.i.AbstractProblemLoader Replaying proof Node[java.lang.Object::<inv>()].JML accessible clause.0 
43625      DEBUG main            d.u.i.k.p.i.IntermediateProofReplayer Proof replay took 35.49ms 
43627      DEBUG main            d.u.i.k.p.r.p.TestFile    ... success: reloaded. 
43628      INFO  main            d.u.i.k.p.r.p.TestFile    Now processing file /home/runner/work/key/key/key.core/../key.ui/examples/heap/vstte10_03_LinkedList/Node_search.key 
43629      INFO  main            d.u.i.k.p.i.AbstractProblemLoader Loading environment from /home/runner/work/key/key/key.core/../key.ui/examples/heap/vstte10_03_LinkedList/Node_search.key 
43629      DEBUG main            d.u.i.k.p.i.AbstractProblemLoader Environment load took 266.3ns 
43630      INFO  main            d.u.i.k.p.i.AbstractProblemLoader Creating init config 
47368      DEBUG main            d.u.i.k.p.i.AbstractProblemLoader Init config took 3.74s 
47436      INFO  main            d.u.i.k.p.i.AbstractProblemLoader Replaying proof Node[Node::search()].JML normal_behavior operation contract.0 
47439      DEBUG main            d.u.i.k.p.i.IntermediateProofReplayer Proof replay took 7.5ns 
56112      INFO  main            d.u.i.k.p.r.p.TestFile    ... finished proof: closed. 
56439      INFO  main            d.u.i.k.p.i.AbstractProblemLoader Loading environment from /home/runner/work/key/key/key.core/../key.ui/examples/heap/vstte10_03_LinkedList/Node_search.key.proof 
56439      DEBUG main            d.u.i.k.p.i.AbstractProblemLoader Environment load took 718.41ns 
56443      INFO  main            d.u.i.k.p.i.AbstractProblemLoader Creating init config 
60063      DEBUG main            d.u.i.k.p.i.AbstractProblemLoader Init config took 3.62s 
60127      INFO  main            d.u.i.k.p.i.AbstractProblemLoader Replaying proof Node[Node::search()].JML normal_behavior operation contract.0 
60937      DEBUG main            d.u.i.k.p.i.IntermediateProofReplayer Proof replay took 758.12ms 
60940      DEBUG main            d.u.i.k.p.r.p.TestFile    ... success: reloaded. 
60942      INFO  main            d.u.i.k.p.r.p.TestFile    Now processing file /home/runner/work/key/key/key.core/../key.ui/examples/heap/vstte10_04_Queens/Queens_isConsistent.key 
60942      INFO  main            d.u.i.k.p.i.AbstractProblemLoader Loading environment from /home/runner/work/key/key/key.core/../key.ui/examples/heap/vstte10_04_Queens/Queens_isConsistent.key 
60943      DEBUG main            d.u.i.k.p.i.AbstractProblemLoader Environment load took 331.1ns 
60945      INFO  main            d.u.i.k.p.i.AbstractProblemLoader Creating init config 
64911      DEBUG main            d.u.i.k.p.i.AbstractProblemLoader Init config took 3.97s 
64981      INFO  main            d.u.i.k.p.i.AbstractProblemLoader Replaying proof Queens[Queens::isConsistent([I,int)].JML normal_behavior operation contract.0 
64985      DEBUG main            d.u.i.k.p.i.IntermediateProofReplayer Proof replay took 7.1ns 
67624      INFO  main            d.u.i.k.p.r.p.TestFile    ... finished proof: closed. 
67922      INFO  main            d.u.i.k.p.i.AbstractProblemLoader Loading environment from /home/runner/work/key/key/key.core/../key.ui/examples/heap/vstte10_04_Queens/Queens_isConsistent.key.proof 
67925      DEBUG main            d.u.i.k.p.i.AbstractProblemLoader Environment load took 3.24ms 
67927      INFO  main            d.u.i.k.p.i.AbstractProblemLoader Creating init config 
71588      DEBUG main            d.u.i.k.p.i.AbstractProblemLoader Init config took 3.66s 
71677      INFO  main            d.u.i.k.p.i.AbstractProblemLoader Replaying proof Queens[Queens::isConsistent([I,int)].JML normal_behavior operation contract.0 
72136      DEBUG main            d.u.i.k.p.i.IntermediateProofReplayer Proof replay took 444.81ms 
72138      DEBUG main            d.u.i.k.p.r.p.TestFile    ... success: reloaded. 
72140      INFO  main            d.u.i.k.p.r.p.TestFile    Now processing file /home/runner/work/key/key/key.core/../key.ui/examples/heap/vstte10_04_Queens/Queens_nQueens.key 
72141      INFO  main            d.u.i.k.p.i.AbstractProblemLoader Loading environment from /home/runner/work/key/key/key.core/../key.ui/examples/heap/vstte10_04_Queens/Queens_nQueens.key 
72142      DEBUG main            d.u.i.k.p.i.AbstractProblemLoader Environment load took 322.2ns 
72143      INFO  main            d.u.i.k.p.i.AbstractProblemLoader Creating init config 
75749      DEBUG main            d.u.i.k.p.i.AbstractProblemLoader Init config took 3.61s 
75814      INFO  main            d.u.i.k.p.i.AbstractProblemLoader Replaying proof Queens[Queens::nQueens(int)].JML normal_behavior operation contract.0 
75816      DEBUG main            d.u.i.k.p.i.IntermediateProofReplayer Proof replay took 7.2ns 
93457      INFO  main            d.u.i.k.p.r.p.TestFile    ... finished proof: closed. 
93792      INFO  main            d.u.i.k.p.i.AbstractProblemLoader Loading environment from /home/runner/work/key/key/key.core/../key.ui/examples/heap/vstte10_04_Queens/Queens_nQueens.key.proof 
93792      DEBUG main            d.u.i.k.p.i.AbstractProblemLoader Environment load took 239.9ns 
93794      INFO  main            d.u.i.k.p.i.AbstractProblemLoader Creating init config 
97482      DEBUG main            d.u.i.k.p.i.AbstractProblemLoader Init config took 3.69s 
97544      INFO  main            d.u.i.k.p.i.AbstractProblemLoader Replaying proof Queens[Queens::nQueens(int)].JML normal_behavior operation contract.0 
98202      DEBUG main            d.u.i.k.p.i.IntermediateProofReplayer Proof replay took 634.83ms 
98205      DEBUG main            d.u.i.k.p.r.p.TestFile    ... success: reloaded. 
98206      INFO  main            d.u.i.k.p.r.p.TestFile    Now processing file /home/runner/work/key/key/key.core/../key.ui/examples/heap/vstte10_05_Queue/AmortizedQueue_AmortizedQueue.key 
98207      INFO  main            d.u.i.k.p.i.AbstractProblemLoader Loading environment from /home/runner/work/key/key/key.core/../key.ui/examples/heap/vstte10_05_Queue/AmortizedQueue_AmortizedQueue.key 
98207      DEBUG main            d.u.i.k.p.i.AbstractProblemLoader Environment load took 284.7ns 
98209      INFO  main            d.u.i.k.p.i.AbstractProblemLoader Creating init config 
102139     DEBUG main            d.u.i.k.p.i.AbstractProblemLoader Init config took 3.93s 
102206     INFO  main            d.u.i.k.p.i.AbstractProblemLoader Replaying proof AmortizedQueue[AmortizedQueue::AmortizedQueue()].JML normal_behavior operation contract.0 
102210     DEBUG main            d.u.i.k.p.i.IntermediateProofReplayer Proof replay took 8.4ns 
104318     INFO  main            d.u.i.k.p.r.p.TestFile    ... finished proof: closed. 
104590     INFO  main            d.u.i.k.p.i.AbstractProblemLoader Loading environment from /home/runner/work/key/key/key.core/../key.ui/examples/heap/vstte10_05_Queue/AmortizedQueue_AmortizedQueue.key.proof 
104590     DEBUG main            d.u.i.k.p.i.AbstractProblemLoader Environment load took 545.3ns 
104592     INFO  main            d.u.i.k.p.i.AbstractProblemLoader Creating init config 
108305     DEBUG main            d.u.i.k.p.i.AbstractProblemLoader Init config took 3.71s 
108377     INFO  main            d.u.i.k.p.i.AbstractProblemLoader Replaying proof AmortizedQueue[AmortizedQueue::AmortizedQueue()].JML normal_behavior operation contract.0 
108649     DEBUG main            d.u.i.k.p.i.IntermediateProofReplayer Proof replay took 263.43ms 
108650     DEBUG main            d.u.i.k.p.r.p.TestFile    ... success: reloaded. 
108653     INFO  main            d.u.i.k.p.r.p.TestFile    Now processing file /home/runner/work/key/key/key.core/../key.ui/examples/heap/vstte10_05_Queue/AmortizedQueue_front.key 
108653     INFO  main            d.u.i.k.p.i.AbstractProblemLoader Loading environment from /home/runner/work/key/key/key.core/../key.ui/examples/heap/vstte10_05_Queue/AmortizedQueue_front.key 
108654     DEBUG main            d.u.i.k.p.i.AbstractProblemLoader Environment load took 286.8ns 
108655     INFO  main            d.u.i.k.p.i.AbstractProblemLoader Creating init config 
112415     DEBUG main            d.u.i.k.p.i.AbstractProblemLoader Init config took 3.76s 
112473     INFO  main            d.u.i.k.p.i.AbstractProblemLoader Replaying proof AmortizedQueue[AmortizedQueue::front()].JML normal_behavior operation contract.0 
112476     DEBUG main            d.u.i.k.p.i.IntermediateProofReplayer Proof replay took 7.5ns 
113079     INFO  main            d.u.i.k.p.r.p.TestFile    ... finished proof: closed. 
113373     INFO  main            d.u.i.k.p.i.AbstractProblemLoader Loading environment from /home/runner/work/key/key/key.core/../key.ui/examples/heap/vstte10_05_Queue/AmortizedQueue_front.key.proof 
113374     DEBUG main            d.u.i.k.p.i.AbstractProblemLoader Environment load took 613.61ns 
113375     INFO  main            d.u.i.k.p.i.AbstractProblemLoader Creating init config 
117029     DEBUG main            d.u.i.k.p.i.AbstractProblemLoader Init config took 3.65s 
117117     INFO  main            d.u.i.k.p.i.AbstractProblemLoader Replaying proof AmortizedQueue[AmortizedQueue::front()].JML normal_behavior operation contract.0 
117175     DEBUG main            d.u.i.k.p.i.IntermediateProofReplayer Proof replay took 54.36ms 
117177     DEBUG main            d.u.i.k.p.r.p.TestFile    ... success: reloaded. 
117178     INFO  main            d.u.i.k.p.r.p.TestFile    Now processing file /home/runner/work/key/key/key.core/../key.ui/examples/heap/vstte10_05_Queue/LinkedList_concat.key 
117179     INFO  main            d.u.i.k.p.i.AbstractProblemLoader Loading environment from /home/runner/work/key/key/key.core/../key.ui/examples/heap/vstte10_05_Queue/LinkedList_concat.key 
117179     DEBUG main            d.u.i.k.p.i.AbstractProblemLoader Environment load took 259.3ns 
117181     INFO  main            d.u.i.k.p.i.AbstractProblemLoader Creating init config 
120793     DEBUG main            d.u.i.k.p.i.AbstractProblemLoader Init config took 3.61s 
120853     INFO  main            d.u.i.k.p.i.AbstractProblemLoader Replaying proof LinkedList[LinkedList::concat(LinkedList)].JML normal_behavior operation contract.0 
120856     DEBUG main            d.u.i.k.p.i.IntermediateProofReplayer Proof replay took 7.3ns 
132402     INFO  main            d.u.i.k.p.r.p.TestFile    ... finished proof: closed. 
132783     INFO  main            d.u.i.k.p.i.AbstractProblemLoader Loading environment from /home/runner/work/key/key/key.core/../key.ui/examples/heap/vstte10_05_Queue/LinkedList_concat.key.proof 
132783     DEBUG main            d.u.i.k.p.i.AbstractProblemLoader Environment load took 289.4ns 
132786     INFO  main            d.u.i.k.p.i.AbstractProblemLoader Creating init config 
136312     DEBUG main            d.u.i.k.p.i.AbstractProblemLoader Init config took 3.53s 
136389     INFO  main            d.u.i.k.p.i.AbstractProblemLoader Replaying proof LinkedList[LinkedList::concat(LinkedList)].JML normal_behavior operation contract.0 
137044     DEBUG main            d.u.i.k.p.i.IntermediateProofReplayer Proof replay took 621.77ms 
137047     DEBUG main            d.u.i.k.p.r.p.TestFile    ... success: reloaded. 
137049     INFO  main            d.u.i.k.p.r.p.TestFile    Now processing file /home/runner/work/key/key/key.core/../key.ui/examples/heap/vstte10_05_Queue/LinkedList_cons.key 
137049     INFO  main            d.u.i.k.p.i.AbstractProblemLoader Loading environment from /home/runner/work/key/key/key.core/../key.ui/examples/heap/vstte10_05_Queue/LinkedList_cons.key 
137050     DEBUG main            d.u.i.k.p.i.AbstractProblemLoader Environment load took 326.4ns 
137051     INFO  main            d.u.i.k.p.i.AbstractProblemLoader Creating init config 
140588     DEBUG main            d.u.i.k.p.i.AbstractProblemLoader Init config took 3.54s 
140651     INFO  main            d.u.i.k.p.i.AbstractProblemLoader Replaying proof LinkedList[LinkedList::cons(int)].JML normal_behavior operation contract.0 
140653     DEBUG main            d.u.i.k.p.i.IntermediateProofReplayer Proof replay took 7.1ns 
143863     INFO  main            d.u.i.k.p.r.p.TestFile    ... finished proof: closed. 
144173     INFO  main            d.u.i.k.p.i.AbstractProblemLoader Loading environment from /home/runner/work/key/key/key.core/../key.ui/examples/heap/vstte10_05_Queue/LinkedList_cons.key.proof 
144174     DEBUG main            d.u.i.k.p.i.AbstractProblemLoader Environment load took 547ns 
144175     INFO  main            d.u.i.k.p.i.AbstractProblemLoader Creating init config 
147681     DEBUG main            d.u.i.k.p.i.AbstractProblemLoader Init config took 3.51s 
147750     INFO  main            d.u.i.k.p.i.AbstractProblemLoader Replaying proof LinkedList[LinkedList::cons(int)].JML normal_behavior operation contract.0 
148026     DEBUG main            d.u.i.k.p.i.IntermediateProofReplayer Proof replay took 261.25ms 
148028     DEBUG main            d.u.i.k.p.r.p.TestFile    ... success: reloaded. 
148029     INFO  main            d.u.i.k.p.r.p.TestFile    Now processing file /home/runner/work/key/key/key.core/../key.ui/examples/heap/vstte10_05_Queue/LinkedList_head.key 
148030     INFO  main            d.u.i.k.p.i.AbstractProblemLoader Loading environment from /home/runner/work/key/key/key.core/../key.ui/examples/heap/vstte10_05_Queue/LinkedList_head.key 
148030     DEBUG main            d.u.i.k.p.i.AbstractProblemLoader Environment load took 133.1ns 
148031     INFO  main            d.u.i.k.p.i.AbstractProblemLoader Creating init config 
151636     DEBUG main            d.u.i.k.p.i.AbstractProblemLoader Init config took 3.6s 
151715     INFO  main            d.u.i.k.p.i.AbstractProblemLoader Replaying proof LinkedList[LinkedList::head()].JML normal_behavior operation contract.0 
151718     DEBUG main            d.u.i.k.p.i.IntermediateProofReplayer Proof replay took 7ns 
151921     INFO  main            d.u.i.k.p.r.p.TestFile    ... finished proof: closed. 
152214     INFO  main            d.u.i.k.p.i.AbstractProblemLoader Loading environment from /home/runner/work/key/key/key.core/../key.ui/examples/heap/vstte10_05_Queue/LinkedList_head.key.proof 
152214     DEBUG main            d.u.i.k.p.i.AbstractProblemLoader Environment load took 144.8ns 
152216     INFO  main            d.u.i.k.p.i.AbstractProblemLoader Creating init config 
155662     DEBUG main            d.u.i.k.p.i.AbstractProblemLoader Init config took 3.45s 
155718     INFO  main            d.u.i.k.p.i.AbstractProblemLoader Replaying proof LinkedList[LinkedList::head()].JML normal_behavior operation contract.0 
155735     DEBUG main            d.u.i.k.p.i.IntermediateProofReplayer Proof replay took 15.12ms 
155737     DEBUG main            d.u.i.k.p.r.p.TestFile    ... success: reloaded. 
155738     INFO  main            d.u.i.k.p.r.p.TestFile    Now processing file /home/runner/work/key/key/key.core/../key.ui/examples/heap/vstte10_05_Queue/LinkedList_inv.key 
155738     INFO  main            d.u.i.k.p.i.AbstractProblemLoader Loading environment from /home/runner/work/key/key/key.core/../key.ui/examples/heap/vstte10_05_Queue/LinkedList_inv.key 
155738     DEBUG main            d.u.i.k.p.i.AbstractProblemLoader Environment load took 158.5ns 
155740     INFO  main            d.u.i.k.p.i.AbstractProblemLoader Creating init config 
159351     DEBUG main            d.u.i.k.p.i.AbstractProblemLoader Init config took 3.61s 
159431     INFO  main            d.u.i.k.p.i.AbstractProblemLoader Replaying proof LinkedList[java.lang.Object::<inv>()].JML accessible clause.0 
159433     DEBUG main            d.u.i.k.p.i.IntermediateProofReplayer Proof replay took 6.6ns 
159837     INFO  main            d.u.i.k.p.r.p.TestFile    ... finished proof: closed. 
160139     INFO  main            d.u.i.k.p.i.AbstractProblemLoader Loading environment from /home/runner/work/key/key/key.core/../key.ui/examples/heap/vstte10_05_Queue/LinkedList_inv.key.proof 
160139     DEBUG main            d.u.i.k.p.i.AbstractProblemLoader Environment load took 264.5ns 
160141     INFO  main            d.u.i.k.p.i.AbstractProblemLoader Creating init config 
163587     DEBUG main            d.u.i.k.p.i.AbstractProblemLoader Init config took 3.45s 
163655     INFO  main            d.u.i.k.p.i.AbstractProblemLoader Replaying proof LinkedList[java.lang.Object::<inv>()].JML accessible clause.0 
163686     DEBUG main            d.u.i.k.p.i.IntermediateProofReplayer Proof replay took 27.29ms 
163687     DEBUG main            d.u.i.k.p.r.p.TestFile    ... success: reloaded. 
163689     INFO  main            d.u.i.k.p.r.p.TestFile    Now processing file /home/runner/work/key/key/key.core/../key.ui/examples/heap/vstte10_05_Queue/LinkedList_length.key 
163689     INFO  main            d.u.i.k.p.i.AbstractProblemLoader Loading environment from /home/runner/work/key/key/key.core/../key.ui/examples/heap/vstte10_05_Queue/LinkedList_length.key 
163689     DEBUG main            d.u.i.k.p.i.AbstractProblemLoader Environment load took 190.2ns 
163691     INFO  main            d.u.i.k.p.i.AbstractProblemLoader Creating init config 
167384     DEBUG main            d.u.i.k.p.i.AbstractProblemLoader Init config took 3.69s 
167441     INFO  main            d.u.i.k.p.i.AbstractProblemLoader Replaying proof LinkedList[LinkedList::length()].JML normal_behavior operation contract.0 
167444     DEBUG main            d.u.i.k.p.i.IntermediateProofReplayer Proof replay took 8ns 
167646     INFO  main            d.u.i.k.p.r.p.TestFile    ... finished proof: closed. 
167943     INFO  main            d.u.i.k.p.i.AbstractProblemLoader Loading environment from /home/runner/work/key/key/key.core/../key.ui/examples/heap/vstte10_05_Queue/LinkedList_length.key.proof 
167943     DEBUG main            d.u.i.k.p.i.AbstractProblemLoader Environment load took 150.8ns 
167945     INFO  main            d.u.i.k.p.i.AbstractProblemLoader Creating init config 
171447     DEBUG main            d.u.i.k.p.i.AbstractProblemLoader Init config took 3.5s 
171505     INFO  main            d.u.i.k.p.i.AbstractProblemLoader Replaying proof LinkedList[LinkedList::length()].JML normal_behavior operation contract.0 
171522     DEBUG main            d.u.i.k.p.i.IntermediateProofReplayer Proof replay took 14.95ms 
171523     DEBUG main            d.u.i.k.p.r.p.TestFile    ... success: reloaded. 
171524     INFO  main            d.u.i.k.p.r.p.TestFile    Now processing file /home/runner/work/key/key/key.core/../key.ui/examples/heap/vstte10_05_Queue/LinkedList_LinkedList1.key 
171525     INFO  main            d.u.i.k.p.i.AbstractProblemLoader Loading environment from /home/runner/work/key/key/key.core/../key.ui/examples/heap/vstte10_05_Queue/LinkedList_LinkedList1.key 
171525     DEBUG main            d.u.i.k.p.i.AbstractProblemLoader Environment load took 302.2ns 
171526     INFO  main            d.u.i.k.p.i.AbstractProblemLoader Creating init config 
175062     DEBUG main            d.u.i.k.p.i.AbstractProblemLoader Init config took 3.54s 
175152     INFO  main            d.u.i.k.p.i.AbstractProblemLoader Replaying proof LinkedList[LinkedList::LinkedList(int,LinkedList)].JML normal_behavior operation contract.0 
175154     DEBUG main            d.u.i.k.p.i.IntermediateProofReplayer Proof replay took 7.5ns 
177667     INFO  main            d.u.i.k.p.r.p.TestFile    ... finished proof: closed. 
178045     INFO  main            d.u.i.k.p.i.AbstractProblemLoader Loading environment from /home/runner/work/key/key/key.core/../key.ui/examples/heap/vstte10_05_Queue/LinkedList_LinkedList1.key.proof 
178045     DEBUG main            d.u.i.k.p.i.AbstractProblemLoader Environment load took 229.9ns 
178046     INFO  main            d.u.i.k.p.i.AbstractProblemLoader Creating init config 
181628     DEBUG main            d.u.i.k.p.i.AbstractProblemLoader Init config took 3.58s 
181686     INFO  main            d.u.i.k.p.i.AbstractProblemLoader Replaying proof LinkedList[LinkedList::LinkedList(int,LinkedList)].JML normal_behavior operation contract.0 
181944     DEBUG main            d.u.i.k.p.i.IntermediateProofReplayer Proof replay took 249.83ms 
181946     DEBUG main            d.u.i.k.p.r.p.TestFile    ... success: reloaded. 
181948     INFO  main            d.u.i.k.p.r.p.TestFile    Now processing file /home/runner/work/key/key/key.core/../key.ui/examples/heap/vstte10_05_Queue/LinkedList_LinkedList2.key 
181949     INFO  main            d.u.i.k.p.i.AbstractProblemLoader Loading environment from /home/runner/work/key/key/key.core/../key.ui/examples/heap/vstte10_05_Queue/LinkedList_LinkedList2.key 
181949     DEBUG main            d.u.i.k.p.i.AbstractProblemLoader Environment load took 239.1ns 
181950     INFO  main            d.u.i.k.p.i.AbstractProblemLoader Creating init config 
185712     DEBUG main            d.u.i.k.p.i.AbstractProblemLoader Init config took 3.76s 
185774     INFO  main            d.u.i.k.p.i.AbstractProblemLoader Replaying proof LinkedList[LinkedList::LinkedList(int,LinkedList)].JML normal_behavior operation contract.0 
185776     DEBUG main            d.u.i.k.p.i.IntermediateProofReplayer Proof replay took 8.2ns 
188490     INFO  main            d.u.i.k.p.r.p.TestFile    ... finished proof: closed. 
188859     INFO  main            d.u.i.k.p.i.AbstractProblemLoader Loading environment from /home/runner/work/key/key/key.core/../key.ui/examples/heap/vstte10_05_Queue/LinkedList_LinkedList2.key.proof 
188859     DEBUG main            d.u.i.k.p.i.AbstractProblemLoader Environment load took 438.8ns 
188861     INFO  main            d.u.i.k.p.i.AbstractProblemLoader Creating init config 
192361     DEBUG main            d.u.i.k.p.i.AbstractProblemLoader Init config took 3.5s 
192419     INFO  main            d.u.i.k.p.i.AbstractProblemLoader Replaying proof LinkedList[LinkedList::LinkedList(int,LinkedList)].JML normal_behavior operation contract.0 
192693     DEBUG main            d.u.i.k.p.i.IntermediateProofReplayer Proof replay took 265.69ms 
192695     DEBUG main            d.u.i.k.p.r.p.TestFile    ... success: reloaded. 
192696     INFO  main            d.u.i.k.p.r.p.TestFile    Now processing file /home/runner/work/key/key/key.core/../key.ui/examples/heap/vstte10_05_Queue/LinkedList_LinkedList3.key 
192697     INFO  main            d.u.i.k.p.i.AbstractProblemLoader Loading environment from /home/runner/work/key/key/key.core/../key.ui/examples/heap/vstte10_05_Queue/LinkedList_LinkedList3.key 
192697     DEBUG main            d.u.i.k.p.i.AbstractProblemLoader Environment load took 110.8ns 
192698     INFO  main            d.u.i.k.p.i.AbstractProblemLoader Creating init config 
196445     DEBUG main            d.u.i.k.p.i.AbstractProblemLoader Init config took 3.75s 
196504     INFO  main            d.u.i.k.p.i.AbstractProblemLoader Replaying proof LinkedList[LinkedList::LinkedList(int,LinkedList)].JML normal_behavior operation contract.0 
196507     DEBUG main            d.u.i.k.p.i.IntermediateProofReplayer Proof replay took 7.6ns 
216336     INFO  main            d.u.i.k.p.r.p.TestFile    ... finished proof: closed. 
216795     INFO  main            d.u.i.k.p.i.AbstractProblemLoader Loading environment from /home/runner/work/key/key/key.core/../key.ui/examples/heap/vstte10_05_Queue/LinkedList_LinkedList3.key.proof 
216795     DEBUG main            d.u.i.k.p.i.AbstractProblemLoader Environment load took 312.6ns 
216802     INFO  main            d.u.i.k.p.i.AbstractProblemLoader Creating init config 
220444     DEBUG main            d.u.i.k.p.i.AbstractProblemLoader Init config took 3.64s 
220534     INFO  main            d.u.i.k.p.i.AbstractProblemLoader Replaying proof LinkedList[LinkedList::LinkedList(int,LinkedList)].JML normal_behavior operation contract.0 
222266     DEBUG main            d.u.i.k.p.i.IntermediateProofReplayer Proof replay took 1.62s 
222273     DEBUG main            d.u.i.k.p.r.p.TestFile    ... success: reloaded. 
222275     INFO  main            d.u.i.k.p.r.p.TestFile    Now processing file /home/runner/work/key/key/key.core/../key.ui/examples/heap/vstte10_05_Queue/LinkedList_reverse.key 
222276     INFO  main            d.u.i.k.p.i.AbstractProblemLoader Loading environment from /home/runner/work/key/key/key.core/../key.ui/examples/heap/vstte10_05_Queue/LinkedList_reverse.key 
222276     DEBUG main            d.u.i.k.p.i.AbstractProblemLoader Environment load took 136.7ns 
222277     INFO  main            d.u.i.k.p.i.AbstractProblemLoader Creating init config 
225859     DEBUG main            d.u.i.k.p.i.AbstractProblemLoader Init config took 3.58s 
225910     INFO  main            d.u.i.k.p.i.AbstractProblemLoader Replaying proof LinkedList[LinkedList::reverse()].JML normal_behavior operation contract.0 
225912     DEBUG main            d.u.i.k.p.i.IntermediateProofReplayer Proof replay took 7.7ns 
238963     INFO  main            d.u.i.k.p.r.p.TestFile    ... finished proof: closed. 
239385     INFO  main            d.u.i.k.p.i.AbstractProblemLoader Loading environment from /home/runner/work/key/key/key.core/../key.ui/examples/heap/vstte10_05_Queue/LinkedList_reverse.key.proof 
239385     DEBUG main            d.u.i.k.p.i.AbstractProblemLoader Environment load took 618.6ns 
239388     INFO  main            d.u.i.k.p.i.AbstractProblemLoader Creating init config 
242610     DEBUG main            d.u.i.k.p.i.AbstractProblemLoader Init config took 3.22s 
242662     INFO  main            d.u.i.k.p.i.AbstractProblemLoader Replaying proof LinkedList[LinkedList::reverse()].JML normal_behavior operation contract.0 
243369     DEBUG main            d.u.i.k.p.i.IntermediateProofReplayer Proof replay took 677.9ms 
243372     DEBUG main            d.u.i.k.p.r.p.TestFile    ... success: reloaded. 
243373     INFO  main            d.u.i.k.p.r.p.TestFile    Now processing file /home/runner/work/key/key/key.core/../key.ui/examples/heap/vstte10_05_Queue/LinkedList_tail.key 
243373     INFO  main            d.u.i.k.p.i.AbstractProblemLoader Loading environment from /home/runner/work/key/key/key.core/../key.ui/examples/heap/vstte10_05_Queue/LinkedList_tail.key 
243373     DEBUG main            d.u.i.k.p.i.AbstractProblemLoader Environment load took 135.1ns 
243374     INFO  main            d.u.i.k.p.i.AbstractProblemLoader Creating init config 
246842     DEBUG main            d.u.i.k.p.i.AbstractProblemLoader Init config took 3.47s 
246899     INFO  main            d.u.i.k.p.i.AbstractProblemLoader Replaying proof LinkedList[LinkedList::tail()].JML normal_behavior operation contract.0 
246901     DEBUG main            d.u.i.k.p.i.IntermediateProofReplayer Proof replay took 62.5ns 
247610     INFO  main            d.u.i.k.p.r.p.TestFile    ... finished proof: closed. 
247970     INFO  main            d.u.i.k.p.i.AbstractProblemLoader Loading environment from /home/runner/work/key/key/key.core/../key.ui/examples/heap/vstte10_05_Queue/LinkedList_tail.key.proof 
247970     DEBUG main            d.u.i.k.p.i.AbstractProblemLoader Environment load took 273ns 
247972     INFO  main            d.u.i.k.p.i.AbstractProblemLoader Creating init config 
251234     DEBUG main            d.u.i.k.p.i.AbstractProblemLoader Init config took 3.26s 
251285     INFO  main            d.u.i.k.p.i.AbstractProblemLoader Replaying proof LinkedList[LinkedList::tail()].JML normal_behavior operation contract.0 
251381     DEBUG main            d.u.i.k.p.i.IntermediateProofReplayer Proof replay took 92.64ms 
251382     DEBUG main            d.u.i.k.p.r.p.TestFile    ... success: reloaded. 
3314148    INFO  Test worker     d.u.i.k.p.r.RunAllProofsTestUnit Returning from test VSTTE10 
3314150    INFO  Test worker     d.u.i.k.p.r.RunAllProofsTestUnit Running test WeideEtAl 
526        INFO  Timeout watchdog d.u.i.k.p.r.p.ForkedTestFileRunner Timeout watcher launched (2000 secs.) 
545        WARN  main            d.u.i.k.s.ProofSettings   The settings in /home/runner/.key/proof-settings.props are *not* read. 
586        INFO  main            d.u.i.k.p.r.p.TestFile    Now processing file /home/runner/work/key/key/key.core/../key.ui/examples/heap/WeideEtAl_01_AddAndMultiply/AddAndMultiply_add.key 
728        INFO  main            d.u.i.k.p.i.AbstractProblemLoader Loading environment from /home/runner/work/key/key/key.core/../key.ui/examples/heap/WeideEtAl_01_AddAndMultiply/AddAndMultiply_add.key 
751        DEBUG main            d.u.i.k.p.i.AbstractProblemLoader Environment load took 2.83ms 
1121       INFO  main            d.u.i.k.p.i.AbstractProblemLoader Creating init config 
2412       DEBUG main            d.u.i.k.j.TypeConverter   No LDT found for Meta 
2413       DEBUG main            d.u.i.k.j.TypeConverter   No LDT found for Meta 
2419       DEBUG main            d.u.i.k.j.TypeConverter   No LDT found for Meta 
2419       DEBUG main            d.u.i.k.j.TypeConverter   No LDT found for Meta 
4470       DEBUG main            d.u.i.k.j.TypeConverter   No LDT found for JavaBigintExpression 
11749      DEBUG main            d.u.i.k.p.i.AbstractProblemLoader Init config took 10.63s 
11993      INFO  main            d.u.i.k.p.i.AbstractProblemLoader Replaying proof AddAndMultiply[AddAndMultiply::add(int,int)].JML normal_behavior operation contract.0 
12045      DEBUG main            d.u.i.k.p.i.IntermediateProofReplayer Proof replay took 38.6ns 
14444      INFO  main            d.u.i.k.p.r.p.TestFile    ... finished proof: closed. 
14724      INFO  main            d.u.i.k.p.i.AbstractProblemLoader Loading environment from /home/runner/work/key/key/key.core/../key.ui/examples/heap/WeideEtAl_01_AddAndMultiply/AddAndMultiply_add.key.proof 
14724      DEBUG main            d.u.i.k.p.i.AbstractProblemLoader Environment load took 181.1ns 
14735      INFO  main            d.u.i.k.p.i.AbstractProblemLoader Creating init config 
18606      DEBUG main            d.u.i.k.p.i.AbstractProblemLoader Init config took 3.87s 
18726      INFO  main            d.u.i.k.p.i.AbstractProblemLoader Replaying proof AddAndMultiply[AddAndMultiply::add(int,int)].JML normal_behavior operation contract.0 
19016      DEBUG main            d.u.i.k.p.i.IntermediateProofReplayer Proof replay took 260.65ms 
19025      DEBUG main            d.u.i.k.p.r.p.TestFile    ... success: reloaded. 
19028      INFO  main            d.u.i.k.p.r.p.TestFile    Now processing file /home/runner/work/key/key/key.core/../key.ui/examples/heap/WeideEtAl_01_AddAndMultiply/AddAndMultiply_mul.key 
19028      INFO  main            d.u.i.k.p.i.AbstractProblemLoader Loading environment from /home/runner/work/key/key/key.core/../key.ui/examples/heap/WeideEtAl_01_AddAndMultiply/AddAndMultiply_mul.key 
19029      DEBUG main            d.u.i.k.p.i.AbstractProblemLoader Environment load took 302.2ns 
19031      INFO  main            d.u.i.k.p.i.AbstractProblemLoader Creating init config 
22944      DEBUG main            d.u.i.k.p.i.AbstractProblemLoader Init config took 3.91s 
23046      INFO  main            d.u.i.k.p.i.AbstractProblemLoader Replaying proof AddAndMultiply[AddAndMultiply::mul(int,int)].JML normal_behavior operation contract.0 
23052      DEBUG main            d.u.i.k.p.i.IntermediateProofReplayer Proof replay took 9.1ns 
23761      INFO  main            d.u.i.k.p.r.p.TestFile    ... finished proof: closed. 
23944      INFO  main            d.u.i.k.p.i.AbstractProblemLoader Loading environment from /home/runner/work/key/key/key.core/../key.ui/examples/heap/WeideEtAl_01_AddAndMultiply/AddAndMultiply_mul.key.proof 
23944      DEBUG main            d.u.i.k.p.i.AbstractProblemLoader Environment load took 596.4ns 
23946      INFO  main            d.u.i.k.p.i.AbstractProblemLoader Creating init config 
27509      DEBUG main            d.u.i.k.p.i.AbstractProblemLoader Init config took 3.56s 
27574      INFO  main            d.u.i.k.p.i.AbstractProblemLoader Replaying proof AddAndMultiply[AddAndMultiply::mul(int,int)].JML normal_behavior operation contract.0 
27724      DEBUG main            d.u.i.k.p.i.IntermediateProofReplayer Proof replay took 143.4ms 
27726      DEBUG main            d.u.i.k.p.r.p.TestFile    ... success: reloaded. 
27727      INFO  main            d.u.i.k.p.r.p.TestFile    Now processing file /home/runner/work/key/key/key.core/../key.ui/examples/heap/WeideEtAl_02_BinarySearch/BinarySearch_search.key 
27728      INFO  main            d.u.i.k.p.i.AbstractProblemLoader Loading environment from /home/runner/work/key/key/key.core/../key.ui/examples/heap/WeideEtAl_02_BinarySearch/BinarySearch_search.key 
27728      DEBUG main            d.u.i.k.p.i.AbstractProblemLoader Environment load took 271.4ns 
27730      INFO  main            d.u.i.k.p.i.AbstractProblemLoader Creating init config 
31457      DEBUG main            d.u.i.k.p.i.AbstractProblemLoader Init config took 3.73s 
31525      INFO  main            d.u.i.k.p.i.AbstractProblemLoader Replaying proof BinarySearch[BinarySearch::search([I,int)].JML normal_behavior operation contract.0 
31531      DEBUG main            d.u.i.k.p.i.IntermediateProofReplayer Proof replay took 7.6ns 
36363      INFO  main            d.u.i.k.p.r.p.TestFile    ... finished proof: closed. 
36619      INFO  main            d.u.i.k.p.i.AbstractProblemLoader Loading environment from /home/runner/work/key/key/key.core/../key.ui/examples/heap/WeideEtAl_02_BinarySearch/BinarySearch_search.key.proof 
36620      DEBUG main            d.u.i.k.p.i.AbstractProblemLoader Environment load took 641.3ns 
36622      INFO  main            d.u.i.k.p.i.AbstractProblemLoader Creating init config 
40364      DEBUG main            d.u.i.k.p.i.AbstractProblemLoader Init config took 3.74s 
40422      INFO  main            d.u.i.k.p.i.AbstractProblemLoader Replaying proof BinarySearch[BinarySearch::search([I,int)].JML normal_behavior operation contract.0 
40975      DEBUG main            d.u.i.k.p.i.IntermediateProofReplayer Proof replay took 531.91ms 
40978      DEBUG main            d.u.i.k.p.r.p.TestFile    ... success: reloaded. 
3355380    INFO  Test worker     d.u.i.k.p.r.RunAllProofsTestUnit Returning from test WeideEtAl 
3355382    INFO  Test worker     d.u.i.k.p.r.RunAllProofsTestUnit Running test arithmetic 
541        INFO  Timeout watchdog d.u.i.k.p.r.p.ForkedTestFileRunner Timeout watcher launched (2000 secs.) 
563        WARN  main            d.u.i.k.s.ProofSettings   The settings in /home/runner/.key/proof-settings.props are *not* read. 
623        INFO  main            d.u.i.k.p.r.p.TestFile    Now processing file /home/runner/work/key/key/key.core/../key.ui/examples/standard_key/arith/binomial1.key 
794        INFO  main            d.u.i.k.p.i.AbstractProblemLoader Loading environment from /home/runner/work/key/key/key.core/../key.ui/examples/standard_key/arith/binomial1.key 
817        DEBUG main            d.u.i.k.p.i.AbstractProblemLoader Environment load took 2.61ms 
1170       INFO  main            d.u.i.k.p.i.AbstractProblemLoader Creating init config 
2412       DEBUG main            d.u.i.k.j.TypeConverter   No LDT found for Meta 
2412       DEBUG main            d.u.i.k.j.TypeConverter   No LDT found for Meta 
2415       DEBUG main            d.u.i.k.j.TypeConverter   No LDT found for Meta 
2415       DEBUG main            d.u.i.k.j.TypeConverter   No LDT found for Meta 
4520       DEBUG main            d.u.i.k.j.TypeConverter   No LDT found for JavaBigintExpression 
11450      DEBUG main            d.u.i.k.p.i.AbstractProblemLoader Init config took 10.28s 
11533      INFO  main            d.u.i.k.p.i.AbstractProblemLoader Replaying proof binomial1.key 
11580      DEBUG main            d.u.i.k.p.i.IntermediateProofReplayer Proof replay took 41.7ns 
11971      INFO  main            d.u.i.k.p.r.p.TestFile    ... finished proof: closed. 
12112      INFO  main            d.u.i.k.p.i.AbstractProblemLoader Loading environment from /home/runner/work/key/key/key.core/../key.ui/examples/standard_key/arith/binomial1.key.proof 
12112      DEBUG main            d.u.i.k.p.i.AbstractProblemLoader Environment load took 205ns 
12119      INFO  main            d.u.i.k.p.i.AbstractProblemLoader Creating init config 
15663      DEBUG main            d.u.i.k.p.i.AbstractProblemLoader Init config took 3.54s 
15724      INFO  main            d.u.i.k.p.i.AbstractProblemLoader Replaying proof binomial1.key.proof 
15744      DEBUG main            d.u.i.k.p.i.IntermediateProofReplayer Proof replay took 13.36ms 
15759      DEBUG main            d.u.i.k.p.r.p.TestFile    ... success: reloaded. 
15761      INFO  main            d.u.i.k.p.r.p.TestFile    Now processing file /home/runner/work/key/key/key.core/../key.ui/examples/standard_key/arith/binomial2.key 
15761      INFO  main            d.u.i.k.p.i.AbstractProblemLoader Loading environment from /home/runner/work/key/key/key.core/../key.ui/examples/standard_key/arith/binomial2.key 
15762      DEBUG main            d.u.i.k.p.i.AbstractProblemLoader Environment load took 285.4ns 
15764      INFO  main            d.u.i.k.p.i.AbstractProblemLoader Creating init config 
19644      DEBUG main            d.u.i.k.p.i.AbstractProblemLoader Init config took 3.88s 
19687      INFO  main            d.u.i.k.p.i.AbstractProblemLoader Replaying proof binomial2.key 
19692      DEBUG main            d.u.i.k.p.i.IntermediateProofReplayer Proof replay took 8.1ns 
19896      INFO  main            d.u.i.k.p.r.p.TestFile    ... finished proof: closed. 
20083      INFO  main            d.u.i.k.p.i.AbstractProblemLoader Loading environment from /home/runner/work/key/key/key.core/../key.ui/examples/standard_key/arith/binomial2.key.proof 
20084      DEBUG main            d.u.i.k.p.i.AbstractProblemLoader Environment load took 662.4ns 
20087      INFO  main            d.u.i.k.p.i.AbstractProblemLoader Creating init config 
23781      DEBUG main            d.u.i.k.p.i.AbstractProblemLoader Init config took 3.69s 
23820      INFO  main            d.u.i.k.p.i.AbstractProblemLoader Replaying proof binomial2.key.proof 
23852      DEBUG main            d.u.i.k.p.i.IntermediateProofReplayer Proof replay took 26.11ms 
23856      DEBUG main            d.u.i.k.p.r.p.TestFile    ... success: reloaded. 
23861      INFO  main            d.u.i.k.p.r.p.TestFile    Now processing file /home/runner/work/key/key/key.core/../key.ui/examples/standard_key/arith/check_jdiv.key 
23863      INFO  main            d.u.i.k.p.i.AbstractProblemLoader Loading environment from /home/runner/work/key/key/key.core/../key.ui/examples/standard_key/arith/check_jdiv.key 
23866      DEBUG main            d.u.i.k.p.i.AbstractProblemLoader Environment load took 2.75ms 
23869      INFO  main            d.u.i.k.p.i.AbstractProblemLoader Creating init config 
27403      DEBUG main            d.u.i.k.p.i.AbstractProblemLoader Init config took 3.53s 
27433      INFO  main            d.u.i.k.p.i.AbstractProblemLoader Replaying proof check_jdiv.key 
27440      DEBUG main            d.u.i.k.p.i.IntermediateProofReplayer Proof replay took 8ns 
35211      INFO  main            d.u.i.k.p.r.p.TestFile    ... finished proof: closed. 
35497      INFO  main            d.u.i.k.p.i.AbstractProblemLoader Loading environment from /home/runner/work/key/key/key.core/../key.ui/examples/standard_key/arith/check_jdiv.key.proof 
35497      DEBUG main            d.u.i.k.p.i.AbstractProblemLoader Environment load took 566.1ns 
35506      INFO  main            d.u.i.k.p.i.AbstractProblemLoader Creating init config 
38874      DEBUG main            d.u.i.k.p.i.AbstractProblemLoader Init config took 3.37s 
38920      INFO  main            d.u.i.k.p.i.AbstractProblemLoader Replaying proof check_jdiv.key.proof 
39456      DEBUG main            d.u.i.k.p.i.IntermediateProofReplayer Proof replay took 470.32ms 
39461      DEBUG main            d.u.i.k.p.r.p.TestFile    ... success: reloaded. 
39463      INFO  main            d.u.i.k.p.r.p.TestFile    Now processing file /home/runner/work/key/key/key.core/../key.ui/examples/standard_key/arith/check_jdiv_concrete.key 
39464      INFO  main            d.u.i.k.p.i.AbstractProblemLoader Loading environment from /home/runner/work/key/key/key.core/../key.ui/examples/standard_key/arith/check_jdiv_concrete.key 
39464      DEBUG main            d.u.i.k.p.i.AbstractProblemLoader Environment load took 389ns 
39466      INFO  main            d.u.i.k.p.i.AbstractProblemLoader Creating init config 
42888      DEBUG main            d.u.i.k.p.i.AbstractProblemLoader Init config took 3.42s 
42920      INFO  main            d.u.i.k.p.i.AbstractProblemLoader Replaying proof check_jdiv_concrete.key 
42925      DEBUG main            d.u.i.k.p.i.IntermediateProofReplayer Proof replay took 7.5ns 
43028      INFO  main            d.u.i.k.p.r.p.TestFile    ... finished proof: closed. 
43291      INFO  main            d.u.i.k.p.i.AbstractProblemLoader Loading environment from /home/runner/work/key/key/key.core/../key.ui/examples/standard_key/arith/check_jdiv_concrete.key.proof 
43292      DEBUG main            d.u.i.k.p.i.AbstractProblemLoader Environment load took 642.8ns 
43295      INFO  main            d.u.i.k.p.i.AbstractProblemLoader Creating init config 
46606      DEBUG main            d.u.i.k.p.i.AbstractProblemLoader Init config took 3.31s 
46632      INFO  main            d.u.i.k.p.i.AbstractProblemLoader Replaying proof check_jdiv_concrete.key.proof 
46638      DEBUG main            d.u.i.k.p.i.IntermediateProofReplayer Proof replay took 3.72ms 
46640      DEBUG main            d.u.i.k.p.r.p.TestFile    ... success: reloaded. 
46641      INFO  main            d.u.i.k.p.r.p.TestFile    Now processing file /home/runner/work/key/key/key.core/../key.ui/examples/standard_key/arith/check_jdiv_instantiated.key 
46641      INFO  main            d.u.i.k.p.i.AbstractProblemLoader Loading environment from /home/runner/work/key/key/key.core/../key.ui/examples/standard_key/arith/check_jdiv_instantiated.key 
46642      DEBUG main            d.u.i.k.p.i.AbstractProblemLoader Environment load took 139.9ns 
46644      INFO  main            d.u.i.k.p.i.AbstractProblemLoader Creating init config 
49978      DEBUG main            d.u.i.k.p.i.AbstractProblemLoader Init config took 3.33s 
50006      INFO  main            d.u.i.k.p.i.AbstractProblemLoader Replaying proof check_jdiv_instantiated.key 
50009      DEBUG main            d.u.i.k.p.i.IntermediateProofReplayer Proof replay took 7.8ns 
54706      INFO  main            d.u.i.k.p.r.p.TestFile    ... finished proof: closed. 
54978      INFO  main            d.u.i.k.p.i.AbstractProblemLoader Loading environment from /home/runner/work/key/key/key.core/../key.ui/examples/standard_key/arith/check_jdiv_instantiated.key.proof 
54978      DEBUG main            d.u.i.k.p.i.AbstractProblemLoader Environment load took 557.1ns 
54981      INFO  main            d.u.i.k.p.i.AbstractProblemLoader Creating init config 
58198      DEBUG main            d.u.i.k.p.i.AbstractProblemLoader Init config took 3.22s 
58236      INFO  main            d.u.i.k.p.i.AbstractProblemLoader Replaying proof check_jdiv_instantiated.key.proof 
58512      DEBUG main            d.u.i.k.p.i.IntermediateProofReplayer Proof replay took 241.58ms 
58515      DEBUG main            d.u.i.k.p.r.p.TestFile    ... success: reloaded. 
58517      INFO  main            d.u.i.k.p.r.p.TestFile    Now processing file /home/runner/work/key/key/key.core/../key.ui/examples/standard_key/arith/check_jmod.key 
58518      INFO  main            d.u.i.k.p.i.AbstractProblemLoader Loading environment from /home/runner/work/key/key/key.core/../key.ui/examples/standard_key/arith/check_jmod.key 
58518      DEBUG main            d.u.i.k.p.i.AbstractProblemLoader Environment load took 206.5ns 
58520      INFO  main            d.u.i.k.p.i.AbstractProblemLoader Creating init config 
61781      DEBUG main            d.u.i.k.p.i.AbstractProblemLoader Init config took 3.26s 
61806      INFO  main            d.u.i.k.p.i.AbstractProblemLoader Replaying proof check_jmod.key 
61809      DEBUG main            d.u.i.k.p.i.IntermediateProofReplayer Proof replay took 7.1ns 
62616      INFO  main            d.u.i.k.p.r.p.TestFile    ... finished proof: closed. 
62939      INFO  main            d.u.i.k.p.i.AbstractProblemLoader Loading environment from /home/runner/work/key/key/key.core/../key.ui/examples/standard_key/arith/check_jmod.key.proof 
62940      DEBUG main            d.u.i.k.p.i.AbstractProblemLoader Environment load took 585.3ns 
62941      INFO  main            d.u.i.k.p.i.AbstractProblemLoader Creating init config 
66259      DEBUG main            d.u.i.k.p.i.AbstractProblemLoader Init config took 3.32s 
66283      INFO  main            d.u.i.k.p.i.AbstractProblemLoader Replaying proof check_jmod.key.proof 
66331      DEBUG main            d.u.i.k.p.i.IntermediateProofReplayer Proof replay took 41.25ms 
66332      DEBUG main            d.u.i.k.p.r.p.TestFile    ... success: reloaded. 
66334      INFO  main            d.u.i.k.p.r.p.TestFile    Now processing file /home/runner/work/key/key/key.core/../key.ui/examples/standard_key/arith/complexExpressions.key 
66335      INFO  main            d.u.i.k.p.i.AbstractProblemLoader Loading environment from /home/runner/work/key/key/key.core/../key.ui/examples/standard_key/arith/complexExpressions.key 
66335      DEBUG main            d.u.i.k.p.i.AbstractProblemLoader Environment load took 144.1ns 
66336      INFO  main            d.u.i.k.p.i.AbstractProblemLoader Creating init config 
69659      DEBUG main            d.u.i.k.p.i.AbstractProblemLoader Init config took 3.32s 
69688      INFO  main            d.u.i.k.p.i.AbstractProblemLoader Replaying proof complexExpressions.key 
69690      DEBUG main            d.u.i.k.p.i.IntermediateProofReplayer Proof replay took 7.7ns 
69901      INFO  main            d.u.i.k.p.r.p.TestFile    ... finished proof: closed. 
70128      INFO  main            d.u.i.k.p.i.AbstractProblemLoader Loading environment from /home/runner/work/key/key/key.core/../key.ui/examples/standard_key/arith/complexExpressions.key.proof 
70128      DEBUG main            d.u.i.k.p.i.AbstractProblemLoader Environment load took 145.5ns 
70131      INFO  main            d.u.i.k.p.i.AbstractProblemLoader Creating init config 
73282      DEBUG main            d.u.i.k.p.i.AbstractProblemLoader Init config took 3.15s 
73308      INFO  main            d.u.i.k.p.i.AbstractProblemLoader Replaying proof complexExpressions.key.proof 
73325      DEBUG main            d.u.i.k.p.i.IntermediateProofReplayer Proof replay took 13.34ms 
73327      DEBUG main            d.u.i.k.p.r.p.TestFile    ... success: reloaded. 
73328      INFO  main            d.u.i.k.p.r.p.TestFile    Now processing file /home/runner/work/key/key/key.core/../key.ui/examples/standard_key/arith/compound_unaryMinus.key 
73328      INFO  main            d.u.i.k.p.i.AbstractProblemLoader Loading environment from /home/runner/work/key/key/key.core/../key.ui/examples/standard_key/arith/compound_unaryMinus.key 
73330      DEBUG main            d.u.i.k.p.i.AbstractProblemLoader Environment load took 311.1ns 
73331      INFO  main            d.u.i.k.p.i.AbstractProblemLoader Creating init config 
76597      DEBUG main            d.u.i.k.p.i.AbstractProblemLoader Init config took 3.27s 
76619      INFO  main            d.u.i.k.p.i.AbstractProblemLoader Replaying proof compound_unaryMinus.key 
76621      DEBUG main            d.u.i.k.p.i.IntermediateProofReplayer Proof replay took 7.4ns 
76726      INFO  main            d.u.i.k.p.r.p.TestFile    ... finished proof: closed. 
76979      INFO  main            d.u.i.k.p.i.AbstractProblemLoader Loading environment from /home/runner/work/key/key/key.core/../key.ui/examples/standard_key/arith/compound_unaryMinus.key.proof 
76979      DEBUG main            d.u.i.k.p.i.AbstractProblemLoader Environment load took 156.1ns 
76981      INFO  main            d.u.i.k.p.i.AbstractProblemLoader Creating init config 
80135      DEBUG main            d.u.i.k.p.i.AbstractProblemLoader Init config took 3.15s 
80158      INFO  main            d.u.i.k.p.i.AbstractProblemLoader Replaying proof compound_unaryMinus.key.proof 
80165      DEBUG main            d.u.i.k.p.i.IntermediateProofReplayer Proof replay took 4.41ms 
80166      DEBUG main            d.u.i.k.p.r.p.TestFile    ... success: reloaded. 
80167      INFO  main            d.u.i.k.p.r.p.TestFile    Now processing file /home/runner/work/key/key/key.core/../key.ui/examples/standard_key/arith/computation.key 
80169      INFO  main            d.u.i.k.p.i.AbstractProblemLoader Loading environment from /home/runner/work/key/key/key.core/../key.ui/examples/standard_key/arith/computation.key 
80170      DEBUG main            d.u.i.k.p.i.AbstractProblemLoader Environment load took 785.11ns 
80177      INFO  main            d.u.i.k.p.i.AbstractProblemLoader Creating init config 
83384      DEBUG main            d.u.i.k.p.i.AbstractProblemLoader Init config took 3.21s 
83406      INFO  main            d.u.i.k.p.i.AbstractProblemLoader Replaying proof computation.key 
83410      DEBUG main            d.u.i.k.p.i.IntermediateProofReplayer Proof replay took 7.2ns 
85374      INFO  main            d.u.i.k.p.r.p.TestFile    ... finished proof: closed. 
85677      INFO  main            d.u.i.k.p.i.AbstractProblemLoader Loading environment from /home/runner/work/key/key/key.core/../key.ui/examples/standard_key/arith/computation.key.proof 
85678      DEBUG main            d.u.i.k.p.i.AbstractProblemLoader Environment load took 609.9ns 
85679      INFO  main            d.u.i.k.p.i.AbstractProblemLoader Creating init config 
88826      DEBUG main            d.u.i.k.p.i.AbstractProblemLoader Init config took 3.15s 
88857      INFO  main            d.u.i.k.p.i.AbstractProblemLoader Replaying proof computation.key.proof 
88973      DEBUG main            d.u.i.k.p.i.IntermediateProofReplayer Proof replay took 100.6ms 
88975      DEBUG main            d.u.i.k.p.r.p.TestFile    ... success: reloaded. 
88977      INFO  main            d.u.i.k.p.r.p.TestFile    Now processing file /home/runner/work/key/key/key.core/../key.ui/examples/standard_key/arith/cubicSum.key 
88977      INFO  main            d.u.i.k.p.i.AbstractProblemLoader Loading environment from /home/runner/work/key/key/key.core/../key.ui/examples/standard_key/arith/cubicSum.key 
88978      DEBUG main            d.u.i.k.p.i.AbstractProblemLoader Environment load took 320.7ns 
88979      INFO  main            d.u.i.k.p.i.AbstractProblemLoader Creating init config 
92291      DEBUG main            d.u.i.k.p.i.AbstractProblemLoader Init config took 3.31s 
92314      INFO  main            d.u.i.k.p.i.AbstractProblemLoader Replaying proof cubicSum.key 
92317      DEBUG main            d.u.i.k.p.i.IntermediateProofReplayer Proof replay took 7ns 
93831      INFO  main            d.u.i.k.p.r.p.TestFile    ... finished proof: closed. 
94191      INFO  main            d.u.i.k.p.i.AbstractProblemLoader Loading environment from /home/runner/work/key/key/key.core/../key.ui/examples/standard_key/arith/cubicSum.key.proof 
94193      DEBUG main            d.u.i.k.p.i.AbstractProblemLoader Environment load took 1.2ms 
94194      INFO  main            d.u.i.k.p.i.AbstractProblemLoader Creating init config 
97579      DEBUG main            d.u.i.k.p.i.AbstractProblemLoader Init config took 3.38s 
97600      INFO  main            d.u.i.k.p.i.AbstractProblemLoader Replaying proof cubicSum.key.proof 
97772      DEBUG main            d.u.i.k.p.i.IntermediateProofReplayer Proof replay took 167.76ms 
97774      DEBUG main            d.u.i.k.p.r.p.TestFile    ... success: reloaded. 
97776      INFO  main            d.u.i.k.p.r.p.TestFile    Now processing file /home/runner/work/key/key/key.core/../key.ui/examples/standard_key/arith/divByZero.key 
97776      INFO  main            d.u.i.k.p.i.AbstractProblemLoader Loading environment from /home/runner/work/key/key/key.core/../key.ui/examples/standard_key/arith/divByZero.key 
97776      DEBUG main            d.u.i.k.p.i.AbstractProblemLoader Environment load took 256.4ns 
97778      INFO  main            d.u.i.k.p.i.AbstractProblemLoader Creating init config 
101102     DEBUG main            d.u.i.k.p.i.AbstractProblemLoader Init config took 3.32s 
101123     INFO  main            d.u.i.k.p.i.AbstractProblemLoader Replaying proof divByZero.key 
101126     DEBUG main            d.u.i.k.p.i.IntermediateProofReplayer Proof replay took 6.9ns 
101328     INFO  main            d.u.i.k.p.r.p.TestFile    ... finished proof: closed. 
101621     INFO  main            d.u.i.k.p.i.AbstractProblemLoader Loading environment from /home/runner/work/key/key/key.core/../key.ui/examples/standard_key/arith/divByZero.key.proof 
101621     DEBUG main            d.u.i.k.p.i.AbstractProblemLoader Environment load took 152.3ns 
101623     INFO  main            d.u.i.k.p.i.AbstractProblemLoader Creating init config 
104863     DEBUG main            d.u.i.k.p.i.AbstractProblemLoader Init config took 3.24s 
104884     INFO  main            d.u.i.k.p.i.AbstractProblemLoader Replaying proof divByZero.key.proof 
104926     DEBUG main            d.u.i.k.p.i.IntermediateProofReplayer Proof replay took 38.15ms 
104928     DEBUG main            d.u.i.k.p.r.p.TestFile    ... success: reloaded. 
104929     INFO  main            d.u.i.k.p.r.p.TestFile    Now processing file /home/runner/work/key/key/key.core/../key.ui/examples/standard_key/arith/divisionAssoc.key 
104930     INFO  main            d.u.i.k.p.i.AbstractProblemLoader Loading environment from /home/runner/work/key/key/key.core/../key.ui/examples/standard_key/arith/divisionAssoc.key 
104930     DEBUG main            d.u.i.k.p.i.AbstractProblemLoader Environment load took 263.8ns 
104931     INFO  main            d.u.i.k.p.i.AbstractProblemLoader Creating init config 
108135     DEBUG main            d.u.i.k.p.i.AbstractProblemLoader Init config took 3.2s 
108156     INFO  main            d.u.i.k.p.i.AbstractProblemLoader Replaying proof divisionAssoc.key 
108171     DEBUG main            d.u.i.k.p.i.IntermediateProofReplayer Proof replay took 7.9ns 
109182     INFO  main            d.u.i.k.p.r.p.TestFile    ... finished proof: closed. 
109480     INFO  main            d.u.i.k.p.i.AbstractProblemLoader Loading environment from /home/runner/work/key/key/key.core/../key.ui/examples/standard_key/arith/divisionAssoc.key.proof 
109480     DEBUG main            d.u.i.k.p.i.AbstractProblemLoader Environment load took 158.9ns 
109482     INFO  main            d.u.i.k.p.i.AbstractProblemLoader Creating init config 
112715     DEBUG main            d.u.i.k.p.i.AbstractProblemLoader Init config took 3.23s 
112734     INFO  main            d.u.i.k.p.i.AbstractProblemLoader Replaying proof divisionAssoc.key.proof 
112790     DEBUG main            d.u.i.k.p.i.IntermediateProofReplayer Proof replay took 49.06ms 
112792     DEBUG main            d.u.i.k.p.r.p.TestFile    ... success: reloaded. 
112793     INFO  main            d.u.i.k.p.r.p.TestFile    Now processing file /home/runner/work/key/key/key.core/../key.ui/examples/standard_key/arith/divisionBy2.key 
112793     INFO  main            d.u.i.k.p.i.AbstractProblemLoader Loading environment from /home/runner/work/key/key/key.core/../key.ui/examples/standard_key/arith/divisionBy2.key 
112793     DEBUG main            d.u.i.k.p.i.AbstractProblemLoader Environment load took 135.2ns 
112795     INFO  main            d.u.i.k.p.i.AbstractProblemLoader Creating init config 
116185     DEBUG main            d.u.i.k.p.i.AbstractProblemLoader Init config took 3.39s 
116202     INFO  main            d.u.i.k.p.i.AbstractProblemLoader Replaying proof divisionBy2.key 
116204     DEBUG main            d.u.i.k.p.i.IntermediateProofReplayer Proof replay took 7.9ns 
116307     INFO  main            d.u.i.k.p.r.p.TestFile    ... finished proof: closed. 
116601     INFO  main            d.u.i.k.p.i.AbstractProblemLoader Loading environment from /home/runner/work/key/key/key.core/../key.ui/examples/standard_key/arith/divisionBy2.key.proof 
116601     DEBUG main            d.u.i.k.p.i.AbstractProblemLoader Environment load took 174.4ns 
116603     INFO  main            d.u.i.k.p.i.AbstractProblemLoader Creating init config 
119845     DEBUG main            d.u.i.k.p.i.AbstractProblemLoader Init config took 3.24s 
119862     INFO  main            d.u.i.k.p.i.AbstractProblemLoader Replaying proof divisionBy2.key.proof 
119871     DEBUG main            d.u.i.k.p.i.IntermediateProofReplayer Proof replay took 6.38ms 
119872     DEBUG main            d.u.i.k.p.r.p.TestFile    ... success: reloaded. 
119873     INFO  main            d.u.i.k.p.r.p.TestFile    Now processing file /home/runner/work/key/key/key.core/../key.ui/examples/standard_key/arith/euclidean/gcdHelp-post.key 
119873     INFO  main            d.u.i.k.p.i.AbstractProblemLoader Loading environment from /home/runner/work/key/key/key.core/../key.ui/examples/standard_key/arith/euclidean/gcdHelp-post.key 
119873     DEBUG main            d.u.i.k.p.i.AbstractProblemLoader Environment load took 136.7ns 
119875     INFO  main            d.u.i.k.p.i.AbstractProblemLoader Creating init config 
123284     DEBUG main            d.u.i.k.p.i.AbstractProblemLoader Init config took 3.41s 
123303     INFO  main            d.u.i.k.p.i.AbstractProblemLoader Replaying proof gcdHelp-post.key 
123306     DEBUG main            d.u.i.k.p.i.IntermediateProofReplayer Proof replay took 8ns 
128181     INFO  main            d.u.i.k.p.r.p.TestFile    ... finished proof: closed. 
128536     INFO  main            d.u.i.k.p.i.AbstractProblemLoader Loading environment from /home/runner/work/key/key/key.core/../key.ui/examples/standard_key/arith/euclidean/gcdHelp-post.key.proof 
128537     DEBUG main            d.u.i.k.p.i.AbstractProblemLoader Environment load took 256.5ns 
128540     INFO  main            d.u.i.k.p.i.AbstractProblemLoader Creating init config 
131834     DEBUG main            d.u.i.k.p.i.AbstractProblemLoader Init config took 3.29s 
131859     INFO  main            d.u.i.k.p.i.AbstractProblemLoader Replaying proof gcdHelp-post.key.proof 
132088     DEBUG main            d.u.i.k.p.i.IntermediateProofReplayer Proof replay took 216.39ms 
132090     DEBUG main            d.u.i.k.p.r.p.TestFile    ... success: reloaded. 
132092     INFO  main            d.u.i.k.p.r.p.TestFile    Now processing file /home/runner/work/key/key/key.core/../key.ui/examples/standard_key/arith/gemplusDecimal/add.key 
132092     INFO  main            d.u.i.k.p.i.AbstractProblemLoader Loading environment from /home/runner/work/key/key/key.core/../key.ui/examples/standard_key/arith/gemplusDecimal/add.key 
132093     DEBUG main            d.u.i.k.p.i.AbstractProblemLoader Environment load took 359.6ns 
132096     INFO  main            d.u.i.k.p.i.AbstractProblemLoader Creating init config 
135399     DEBUG main            d.u.i.k.p.i.AbstractProblemLoader Init config took 3.3s 
135424     INFO  main            d.u.i.k.p.i.AbstractProblemLoader Replaying proof add.key 
135426     DEBUG main            d.u.i.k.p.i.IntermediateProofReplayer Proof replay took 6.1ns 
194581     INFO  main            d.u.i.k.p.r.p.TestFile    ... finished proof: closed. 
195100     INFO  main            d.u.i.k.p.i.AbstractProblemLoader Loading environment from /home/runner/work/key/key/key.core/../key.ui/examples/standard_key/arith/gemplusDecimal/add.key.proof 
195100     DEBUG main            d.u.i.k.p.i.AbstractProblemLoader Environment load took 570.31ns 
195110     INFO  main            d.u.i.k.p.i.AbstractProblemLoader Creating init config 
198288     DEBUG main            d.u.i.k.p.i.AbstractProblemLoader Init config took 3.18s 
198308     INFO  main            d.u.i.k.p.i.AbstractProblemLoader Replaying proof add.key.proof 
201119     DEBUG main            d.u.i.k.p.i.IntermediateProofReplayer Proof replay took 2.68s 
201128     DEBUG main            d.u.i.k.p.r.p.TestFile    ... success: reloaded. 
201129     INFO  main            d.u.i.k.p.r.p.TestFile    Now processing file /home/runner/work/key/key/key.core/../key.ui/examples/standard_key/arith/jdivevenodd.key 
201129     INFO  main            d.u.i.k.p.i.AbstractProblemLoader Loading environment from /home/runner/work/key/key/key.core/../key.ui/examples/standard_key/arith/jdivevenodd.key 
201129     DEBUG main            d.u.i.k.p.i.AbstractProblemLoader Environment load took 124.3ns 
201131     INFO  main            d.u.i.k.p.i.AbstractProblemLoader Creating init config 
204343     DEBUG main            d.u.i.k.p.i.AbstractProblemLoader Init config took 3.21s 
204359     INFO  main            d.u.i.k.p.i.AbstractProblemLoader Replaying proof jdivevenodd.key 
204361     DEBUG main            d.u.i.k.p.i.IntermediateProofReplayer Proof replay took 6.4ns 
204567     INFO  main            d.u.i.k.p.r.p.TestFile    ... finished proof: closed. 
205065     INFO  main            d.u.i.k.p.i.AbstractProblemLoader Loading environment from /home/runner/work/key/key/key.core/../key.ui/examples/standard_key/arith/jdivevenodd.key.proof 
205066     DEBUG main            d.u.i.k.p.i.AbstractProblemLoader Environment load took 579.5ns 
205068     INFO  main            d.u.i.k.p.i.AbstractProblemLoader Creating init config 
208158     DEBUG main            d.u.i.k.p.i.AbstractProblemLoader Init config took 3.09s 
208176     INFO  main            d.u.i.k.p.i.AbstractProblemLoader Replaying proof jdivevenodd.key.proof 
208190     DEBUG main            d.u.i.k.p.i.IntermediateProofReplayer Proof replay took 11.07ms 
208192     DEBUG main            d.u.i.k.p.r.p.TestFile    ... success: reloaded. 
208198     INFO  main            d.u.i.k.p.r.p.TestFile    Now processing file /home/runner/work/key/key/key.core/../key.ui/examples/standard_key/arith/median.key 
208199     INFO  main            d.u.i.k.p.i.AbstractProblemLoader Loading environment from /home/runner/work/key/key/key.core/../key.ui/examples/standard_key/arith/median.key 
208199     DEBUG main            d.u.i.k.p.i.AbstractProblemLoader Environment load took 316.8ns 
208201     INFO  main            d.u.i.k.p.i.AbstractProblemLoader Creating init config 
211444     DEBUG main            d.u.i.k.p.i.AbstractProblemLoader Init config took 3.24s 
211462     INFO  main            d.u.i.k.p.i.AbstractProblemLoader Replaying proof median.key 
211465     DEBUG main            d.u.i.k.p.i.IntermediateProofReplayer Proof replay took 7ns 
232286     INFO  main            d.u.i.k.p.r.p.TestFile    ... finished proof: closed. 
232746     INFO  main            d.u.i.k.p.i.AbstractProblemLoader Loading environment from /home/runner/work/key/key/key.core/../key.ui/examples/standard_key/arith/median.key.proof 
232750     DEBUG main            d.u.i.k.p.i.AbstractProblemLoader Environment load took 5.75ms 
232755     INFO  main            d.u.i.k.p.i.AbstractProblemLoader Creating init config 
235919     DEBUG main            d.u.i.k.p.i.AbstractProblemLoader Init config took 3.16s 
235953     INFO  main            d.u.i.k.p.i.AbstractProblemLoader Replaying proof median.key.proof 
236853     DEBUG main            d.u.i.k.p.i.IntermediateProofReplayer Proof replay took 843.89ms 
236857     DEBUG main            d.u.i.k.p.r.p.TestFile    ... success: reloaded. 
236858     INFO  main            d.u.i.k.p.r.p.TestFile    Now processing file /home/runner/work/key/key/key.core/../key.ui/examples/standard_key/arith/mod1.key 
236858     INFO  main            d.u.i.k.p.i.AbstractProblemLoader Loading environment from /home/runner/work/key/key/key.core/../key.ui/examples/standard_key/arith/mod1.key 
236858     DEBUG main            d.u.i.k.p.i.AbstractProblemLoader Environment load took 106.9ns 
236859     INFO  main            d.u.i.k.p.i.AbstractProblemLoader Creating init config 
240101     DEBUG main            d.u.i.k.p.i.AbstractProblemLoader Init config took 3.24s 
240119     INFO  main            d.u.i.k.p.i.AbstractProblemLoader Replaying proof mod1.key 
240123     DEBUG main            d.u.i.k.p.i.IntermediateProofReplayer Proof replay took 7.2ns 
240226     INFO  main            d.u.i.k.p.r.p.TestFile    ... finished proof: closed. 
240629     INFO  main            d.u.i.k.p.i.AbstractProblemLoader Loading environment from /home/runner/work/key/key/key.core/../key.ui/examples/standard_key/arith/mod1.key.proof 
240629     DEBUG main            d.u.i.k.p.i.AbstractProblemLoader Environment load took 133.3ns 
240631     INFO  main            d.u.i.k.p.i.AbstractProblemLoader Creating init config 
243755     DEBUG main            d.u.i.k.p.i.AbstractProblemLoader Init config took 3.12s 
243770     INFO  main            d.u.i.k.p.i.AbstractProblemLoader Replaying proof mod1.key.proof 
243776     DEBUG main            d.u.i.k.p.i.IntermediateProofReplayer Proof replay took 4.04ms 
243777     DEBUG main            d.u.i.k.p.r.p.TestFile    ... success: reloaded. 
243778     INFO  main            d.u.i.k.p.r.p.TestFile    Now processing file /home/runner/work/key/key/key.core/../key.ui/examples/standard_key/arith/mod2.key 
243779     INFO  main            d.u.i.k.p.i.AbstractProblemLoader Loading environment from /home/runner/work/key/key/key.core/../key.ui/examples/standard_key/arith/mod2.key 
243779     DEBUG main            d.u.i.k.p.i.AbstractProblemLoader Environment load took 141.1ns 
243780     INFO  main            d.u.i.k.p.i.AbstractProblemLoader Creating init config 
247007     DEBUG main            d.u.i.k.p.i.AbstractProblemLoader Init config took 3.23s 
247022     INFO  main            d.u.i.k.p.i.AbstractProblemLoader Replaying proof mod2.key 
247024     DEBUG main            d.u.i.k.p.i.IntermediateProofReplayer Proof replay took 6.1ns 
247127     INFO  main            d.u.i.k.p.r.p.TestFile    ... finished proof: closed. 
247434     INFO  main            d.u.i.k.p.i.AbstractProblemLoader Loading environment from /home/runner/work/key/key/key.core/../key.ui/examples/standard_key/arith/mod2.key.proof 
247434     DEBUG main            d.u.i.k.p.i.AbstractProblemLoader Environment load took 123.3ns 
247435     INFO  main            d.u.i.k.p.i.AbstractProblemLoader Creating init config 
250506     DEBUG main            d.u.i.k.p.i.AbstractProblemLoader Init config took 3.07s 
250521     INFO  main            d.u.i.k.p.i.AbstractProblemLoader Replaying proof mod2.key.proof 
250525     DEBUG main            d.u.i.k.p.i.IntermediateProofReplayer Proof replay took 1.75ms 
250526     DEBUG main            d.u.i.k.p.r.p.TestFile    ... success: reloaded. 
250527     INFO  main            d.u.i.k.p.r.p.TestFile    Now processing file /home/runner/work/key/key/key.core/../key.ui/examples/standard_key/arith/mod7.key 
250528     INFO  main            d.u.i.k.p.i.AbstractProblemLoader Loading environment from /home/runner/work/key/key/key.core/../key.ui/examples/standard_key/arith/mod7.key 
250528     DEBUG main            d.u.i.k.p.i.AbstractProblemLoader Environment load took 115.8ns 
250529     INFO  main            d.u.i.k.p.i.AbstractProblemLoader Creating init config 
253699     DEBUG main            d.u.i.k.p.i.AbstractProblemLoader Init config took 3.17s 
253714     INFO  main            d.u.i.k.p.i.AbstractProblemLoader Replaying proof mod7.key 
253716     DEBUG main            d.u.i.k.p.i.IntermediateProofReplayer Proof replay took 7ns 
253822     INFO  main            d.u.i.k.p.r.p.TestFile    ... finished proof: closed. 
254122     INFO  main            d.u.i.k.p.i.AbstractProblemLoader Loading environment from /home/runner/work/key/key/key.core/../key.ui/examples/standard_key/arith/mod7.key.proof 
254122     DEBUG main            d.u.i.k.p.i.AbstractProblemLoader Environment load took 111.9ns 
254123     INFO  main            d.u.i.k.p.i.AbstractProblemLoader Creating init config 
257221     DEBUG main            d.u.i.k.p.i.AbstractProblemLoader Init config took 3.1s 
257237     INFO  main            d.u.i.k.p.i.AbstractProblemLoader Replaying proof mod7.key.proof 
257244     DEBUG main            d.u.i.k.p.i.IntermediateProofReplayer Proof replay took 4.52ms 
257246     DEBUG main            d.u.i.k.p.r.p.TestFile    ... success: reloaded. 
257246     INFO  main            d.u.i.k.p.r.p.TestFile    Now processing file /home/runner/work/key/key/key.core/../key.ui/examples/standard_key/arith/overflow_hija.key 
257247     INFO  main            d.u.i.k.p.i.AbstractProblemLoader Loading environment from /home/runner/work/key/key/key.core/../key.ui/examples/standard_key/arith/overflow_hija.key 
257247     DEBUG main            d.u.i.k.p.i.AbstractProblemLoader Environment load took 144.7ns 
257249     INFO  main            d.u.i.k.p.i.AbstractProblemLoader Creating init config 
260428     DEBUG main            d.u.i.k.p.i.AbstractProblemLoader Init config took 3.18s 
260459     INFO  main            d.u.i.k.p.i.AbstractProblemLoader Replaying proof overflow_hija.key 
260463     DEBUG main            d.u.i.k.p.i.IntermediateProofReplayer Proof replay took 6.8ns 
266691     INFO  main            d.u.i.k.p.r.p.TestFile    ... finished proof: closed. 
267074     INFO  main            d.u.i.k.p.i.AbstractProblemLoader Loading environment from /home/runner/work/key/key/key.core/../key.ui/examples/standard_key/arith/overflow_hija.key.proof 
267075     DEBUG main            d.u.i.k.p.i.AbstractProblemLoader Environment load took 512.9ns 
267077     INFO  main            d.u.i.k.p.i.AbstractProblemLoader Creating init config 
270182     DEBUG main            d.u.i.k.p.i.AbstractProblemLoader Init config took 3.1s 
270203     INFO  main            d.u.i.k.p.i.AbstractProblemLoader Replaying proof overflow_hija.key.proof 
270420     DEBUG main            d.u.i.k.p.i.IntermediateProofReplayer Proof replay took 205.72ms 
270423     DEBUG main            d.u.i.k.p.r.p.TestFile    ... success: reloaded. 
270424     INFO  main            d.u.i.k.p.r.p.TestFile    Now processing file /home/runner/work/key/key/key.core/../key.ui/examples/standard_key/arith/poly_division0.key 
270424     INFO  main            d.u.i.k.p.i.AbstractProblemLoader Loading environment from /home/runner/work/key/key/key.core/../key.ui/examples/standard_key/arith/poly_division0.key 
270425     DEBUG main            d.u.i.k.p.i.AbstractProblemLoader Environment load took 294.4ns 
270426     INFO  main            d.u.i.k.p.i.AbstractProblemLoader Creating init config 
273564     DEBUG main            d.u.i.k.p.i.AbstractProblemLoader Init config took 3.14s 
273581     INFO  main            d.u.i.k.p.i.AbstractProblemLoader Replaying proof poly_division0.key 
273582     DEBUG main            d.u.i.k.p.i.IntermediateProofReplayer Proof replay took 7.6ns 
273686     INFO  main            d.u.i.k.p.r.p.TestFile    ... finished proof: closed. 
274103     INFO  main            d.u.i.k.p.i.AbstractProblemLoader Loading environment from /home/runner/work/key/key/key.core/../key.ui/examples/standard_key/arith/poly_division0.key.proof 
274103     DEBUG main            d.u.i.k.p.i.AbstractProblemLoader Environment load took 163.1ns 
274105     INFO  main            d.u.i.k.p.i.AbstractProblemLoader Creating init config 
277187     DEBUG main            d.u.i.k.p.i.AbstractProblemLoader Init config took 3.08s 
277208     INFO  main            d.u.i.k.p.i.AbstractProblemLoader Replaying proof poly_division0.key.proof 
277216     DEBUG main            d.u.i.k.p.i.IntermediateProofReplayer Proof replay took 5.87ms 
277217     DEBUG main            d.u.i.k.p.r.p.TestFile    ... success: reloaded. 
277218     INFO  main            d.u.i.k.p.r.p.TestFile    Now processing file /home/runner/work/key/key/key.core/../key.ui/examples/standard_key/arith/poly_division1.key 
277218     INFO  main            d.u.i.k.p.i.AbstractProblemLoader Loading environment from /home/runner/work/key/key/key.core/../key.ui/examples/standard_key/arith/poly_division1.key 
277219     DEBUG main            d.u.i.k.p.i.AbstractProblemLoader Environment load took 97.4ns 
277220     INFO  main            d.u.i.k.p.i.AbstractProblemLoader Creating init config 
280390     DEBUG main            d.u.i.k.p.i.AbstractProblemLoader Init config took 3.17s 
280407     INFO  main            d.u.i.k.p.i.AbstractProblemLoader Replaying proof poly_division1.key 
280408     DEBUG main            d.u.i.k.p.i.IntermediateProofReplayer Proof replay took 6.9ns 
280510     INFO  main            d.u.i.k.p.r.p.TestFile    ... finished proof: closed. 
280868     INFO  main            d.u.i.k.p.i.AbstractProblemLoader Loading environment from /home/runner/work/key/key/key.core/../key.ui/examples/standard_key/arith/poly_division1.key.proof 
280868     DEBUG main            d.u.i.k.p.i.AbstractProblemLoader Environment load took 238.2ns 
280869     INFO  main            d.u.i.k.p.i.AbstractProblemLoader Creating init config 
283931     DEBUG main            d.u.i.k.p.i.AbstractProblemLoader Init config took 3.06s 
283947     INFO  main            d.u.i.k.p.i.AbstractProblemLoader Replaying proof poly_division1.key.proof 
283954     DEBUG main            d.u.i.k.p.i.IntermediateProofReplayer Proof replay took 4.96ms 
283955     DEBUG main            d.u.i.k.p.r.p.TestFile    ... success: reloaded. 
283955     INFO  main            d.u.i.k.p.r.p.TestFile    Now processing file /home/runner/work/key/key/key.core/../key.ui/examples/standard_key/inEqSimp/division.key 
283956     INFO  main            d.u.i.k.p.i.AbstractProblemLoader Loading environment from /home/runner/work/key/key/key.core/../key.ui/examples/standard_key/inEqSimp/division.key 
283956     DEBUG main            d.u.i.k.p.i.AbstractProblemLoader Environment load took 126.6ns 
283957     INFO  main            d.u.i.k.p.i.AbstractProblemLoader Creating init config 
287146     DEBUG main            d.u.i.k.p.i.AbstractProblemLoader Init config took 3.19s 
287162     INFO  main            d.u.i.k.p.i.AbstractProblemLoader Replaying proof division.key 
287165     DEBUG main            d.u.i.k.p.i.IntermediateProofReplayer Proof replay took 6.9ns 
289991     INFO  main            d.u.i.k.p.r.p.TestFile    ... finished proof: closed. 
290368     INFO  main            d.u.i.k.p.i.AbstractProblemLoader Loading environment from /home/runner/work/key/key/key.core/../key.ui/examples/standard_key/inEqSimp/division.key.proof 
290368     DEBUG main            d.u.i.k.p.i.AbstractProblemLoader Environment load took 658.7ns 
290370     INFO  main            d.u.i.k.p.i.AbstractProblemLoader Creating init config 
293454     DEBUG main            d.u.i.k.p.i.AbstractProblemLoader Init config took 3.08s 
293474     INFO  main            d.u.i.k.p.i.AbstractProblemLoader Replaying proof division.key.proof 
293579     DEBUG main            d.u.i.k.p.i.IntermediateProofReplayer Proof replay took 96.15ms 
293582     DEBUG main            d.u.i.k.p.r.p.TestFile    ... success: reloaded. 
293583     INFO  main            d.u.i.k.p.r.p.TestFile    Now processing file /home/runner/work/key/key/key.core/../key.ui/examples/standard_key/inEqSimp/inequations0.key 
293584     INFO  main            d.u.i.k.p.i.AbstractProblemLoader Loading environment from /home/runner/work/key/key/key.core/../key.ui/examples/standard_key/inEqSimp/inequations0.key 
293584     DEBUG main            d.u.i.k.p.i.AbstractProblemLoader Environment load took 231.1ns 
293585     INFO  main            d.u.i.k.p.i.AbstractProblemLoader Creating init config 
296725     DEBUG main            d.u.i.k.p.i.AbstractProblemLoader Init config took 3.14s 
296741     INFO  main            d.u.i.k.p.i.AbstractProblemLoader Replaying proof inequations0.key 
296743     DEBUG main            d.u.i.k.p.i.IntermediateProofReplayer Proof replay took 46.6ns 
296845     INFO  main            d.u.i.k.p.r.p.TestFile    ... finished proof: closed. 
297231     INFO  main            d.u.i.k.p.i.AbstractProblemLoader Loading environment from /home/runner/work/key/key/key.core/../key.ui/examples/standard_key/inEqSimp/inequations0.key.proof 
297232     DEBUG main            d.u.i.k.p.i.AbstractProblemLoader Environment load took 163.1ns 
297233     INFO  main            d.u.i.k.p.i.AbstractProblemLoader Creating init config 
300307     DEBUG main            d.u.i.k.p.i.AbstractProblemLoader Init config took 3.07s 
300323     INFO  main            d.u.i.k.p.i.AbstractProblemLoader Replaying proof inequations0.key.proof 
300332     DEBUG main            d.u.i.k.p.i.IntermediateProofReplayer Proof replay took 2.63ms 
300334     DEBUG main            d.u.i.k.p.r.p.TestFile    ... success: reloaded. 
300336     INFO  main            d.u.i.k.p.r.p.TestFile    Now processing file /home/runner/work/key/key/key.core/../key.ui/examples/standard_key/inEqSimp/inequations1.key 
300339     INFO  main            d.u.i.k.p.i.AbstractProblemLoader Loading environment from /home/runner/work/key/key/key.core/../key.ui/examples/standard_key/inEqSimp/inequations1.key 
300343     DEBUG main            d.u.i.k.p.i.AbstractProblemLoader Environment load took 3.87ms 
300344     INFO  main            d.u.i.k.p.i.AbstractProblemLoader Creating init config 
303499     DEBUG main            d.u.i.k.p.i.AbstractProblemLoader Init config took 3.15s 
303515     INFO  main            d.u.i.k.p.i.AbstractProblemLoader Replaying proof inequations1.key 
303516     DEBUG main            d.u.i.k.p.i.IntermediateProofReplayer Proof replay took 4.3ns 
303619     INFO  main            d.u.i.k.p.r.p.TestFile    ... finished proof: closed. 
303997     INFO  main            d.u.i.k.p.i.AbstractProblemLoader Loading environment from /home/runner/work/key/key/key.core/../key.ui/examples/standard_key/inEqSimp/inequations1.key.proof 
303998     DEBUG main            d.u.i.k.p.i.AbstractProblemLoader Environment load took 110.3ns 
303999     INFO  main            d.u.i.k.p.i.AbstractProblemLoader Creating init config 
307118     DEBUG main            d.u.i.k.p.i.AbstractProblemLoader Init config took 3.12s 
307136     INFO  main            d.u.i.k.p.i.AbstractProblemLoader Replaying proof inequations1.key.proof 
307140     DEBUG main            d.u.i.k.p.i.IntermediateProofReplayer Proof replay took 1.42ms 
307141     DEBUG main            d.u.i.k.p.r.p.TestFile    ... success: reloaded. 
307141     INFO  main            d.u.i.k.p.r.p.TestFile    Now processing file /home/runner/work/key/key/key.core/../key.ui/examples/standard_key/inEqSimp/inequations2.key 
307142     INFO  main            d.u.i.k.p.i.AbstractProblemLoader Loading environment from /home/runner/work/key/key/key.core/../key.ui/examples/standard_key/inEqSimp/inequations2.key 
307142     DEBUG main            d.u.i.k.p.i.AbstractProblemLoader Environment load took 322.8ns 
307143     INFO  main            d.u.i.k.p.i.AbstractProblemLoader Creating init config 
310278     DEBUG main            d.u.i.k.p.i.AbstractProblemLoader Init config took 3.13s 
310294     INFO  main            d.u.i.k.p.i.AbstractProblemLoader Replaying proof inequations2.key 
310296     DEBUG main            d.u.i.k.p.i.IntermediateProofReplayer Proof replay took 3.3ns 
310398     INFO  main            d.u.i.k.p.r.p.TestFile    ... finished proof: closed. 
310751     INFO  main            d.u.i.k.p.i.AbstractProblemLoader Loading environment from /home/runner/work/key/key/key.core/../key.ui/examples/standard_key/inEqSimp/inequations2.key.proof 
310751     DEBUG main            d.u.i.k.p.i.AbstractProblemLoader Environment load took 133.7ns 
310752     INFO  main            d.u.i.k.p.i.AbstractProblemLoader Creating init config 
313920     DEBUG main            d.u.i.k.p.i.AbstractProblemLoader Init config took 3.17s 
313936     INFO  main            d.u.i.k.p.i.AbstractProblemLoader Replaying proof inequations2.key.proof 
313939     DEBUG main            d.u.i.k.p.i.IntermediateProofReplayer Proof replay took 1.56ms 
313940     DEBUG main            d.u.i.k.p.r.p.TestFile    ... success: reloaded. 
313940     INFO  main            d.u.i.k.p.r.p.TestFile    Now processing file /home/runner/work/key/key/key.core/../key.ui/examples/standard_key/inEqSimp/linApprox.key 
313941     INFO  main            d.u.i.k.p.i.AbstractProblemLoader Loading environment from /home/runner/work/key/key/key.core/../key.ui/examples/standard_key/inEqSimp/linApprox.key 
313941     DEBUG main            d.u.i.k.p.i.AbstractProblemLoader Environment load took 114.8ns 
313942     INFO  main            d.u.i.k.p.i.AbstractProblemLoader Creating init config 
317168     DEBUG main            d.u.i.k.p.i.AbstractProblemLoader Init config took 3.23s 
317184     INFO  main            d.u.i.k.p.i.AbstractProblemLoader Replaying proof linApprox.key 
317186     DEBUG main            d.u.i.k.p.i.IntermediateProofReplayer Proof replay took 3.9ns 
317290     INFO  main            d.u.i.k.p.r.p.TestFile    ... finished proof: closed. 
317689     INFO  main            d.u.i.k.p.i.AbstractProblemLoader Loading environment from /home/runner/work/key/key/key.core/../key.ui/examples/standard_key/inEqSimp/linApprox.key.proof 
317689     DEBUG main            d.u.i.k.p.i.AbstractProblemLoader Environment load took 108.1ns 
317690     INFO  main            d.u.i.k.p.i.AbstractProblemLoader Creating init config 
320791     DEBUG main            d.u.i.k.p.i.AbstractProblemLoader Init config took 3.1s 
320807     INFO  main            d.u.i.k.p.i.AbstractProblemLoader Replaying proof linApprox.key.proof 
320811     DEBUG main            d.u.i.k.p.i.IntermediateProofReplayer Proof replay took 2.3ms 
320812     DEBUG main            d.u.i.k.p.r.p.TestFile    ... success: reloaded. 
320813     INFO  main            d.u.i.k.p.r.p.TestFile    Now processing file /home/runner/work/key/key/key.core/../key.ui/examples/standard_key/inEqSimp/nonLinInEqExample0.key 
320813     INFO  main            d.u.i.k.p.i.AbstractProblemLoader Loading environment from /home/runner/work/key/key/key.core/../key.ui/examples/standard_key/inEqSimp/nonLinInEqExample0.key 
320814     DEBUG main            d.u.i.k.p.i.AbstractProblemLoader Environment load took 106.4ns 
320815     INFO  main            d.u.i.k.p.i.AbstractProblemLoader Creating init config 
323944     DEBUG main            d.u.i.k.p.i.AbstractProblemLoader Init config took 3.13s 
323960     INFO  main            d.u.i.k.p.i.AbstractProblemLoader Replaying proof nonLinInEqExample0.key 
323962     DEBUG main            d.u.i.k.p.i.IntermediateProofReplayer Proof replay took 4.3ns 
324065     INFO  main            d.u.i.k.p.r.p.TestFile    ... finished proof: closed. 
324471     INFO  main            d.u.i.k.p.i.AbstractProblemLoader Loading environment from /home/runner/work/key/key/key.core/../key.ui/examples/standard_key/inEqSimp/nonLinInEqExample0.key.proof 
324471     DEBUG main            d.u.i.k.p.i.AbstractProblemLoader Environment load took 105ns 
324473     INFO  main            d.u.i.k.p.i.AbstractProblemLoader Creating init config 
327533     DEBUG main            d.u.i.k.p.i.AbstractProblemLoader Init config took 3.06s 
327549     INFO  main            d.u.i.k.p.i.AbstractProblemLoader Replaying proof nonLinInEqExample0.key.proof 
327552     DEBUG main            d.u.i.k.p.i.IntermediateProofReplayer Proof replay took 824ns 
327553     DEBUG main            d.u.i.k.p.r.p.TestFile    ... success: reloaded. 
327554     INFO  main            d.u.i.k.p.r.p.TestFile    Now processing file /home/runner/work/key/key/key.core/../key.ui/examples/standard_key/inEqSimp/nonLinInEqExample2.key 
327554     INFO  main            d.u.i.k.p.i.AbstractProblemLoader Loading environment from /home/runner/work/key/key/key.core/../key.ui/examples/standard_key/inEqSimp/nonLinInEqExample2.key 
327554     DEBUG main            d.u.i.k.p.i.AbstractProblemLoader Environment load took 145.7ns 
327555     INFO  main            d.u.i.k.p.i.AbstractProblemLoader Creating init config 
330800     DEBUG main            d.u.i.k.p.i.AbstractProblemLoader Init config took 3.24s 
330816     INFO  main            d.u.i.k.p.i.AbstractProblemLoader Replaying proof nonLinInEqExample2.key 
330818     DEBUG main            d.u.i.k.p.i.IntermediateProofReplayer Proof replay took 4.2ns 
331223     INFO  main            d.u.i.k.p.r.p.TestFile    ... finished proof: closed. 
331631     INFO  main            d.u.i.k.p.i.AbstractProblemLoader Loading environment from /home/runner/work/key/key/key.core/../key.ui/examples/standard_key/inEqSimp/nonLinInEqExample2.key.proof 
331632     DEBUG main            d.u.i.k.p.i.AbstractProblemLoader Environment load took 565.9ns 
331633     INFO  main            d.u.i.k.p.i.AbstractProblemLoader Creating init config 
334773     DEBUG main            d.u.i.k.p.i.AbstractProblemLoader Init config took 3.14s 
334788     INFO  main            d.u.i.k.p.i.AbstractProblemLoader Replaying proof nonLinInEqExample2.key.proof 
334839     DEBUG main            d.u.i.k.p.i.IntermediateProofReplayer Proof replay took 46.73ms 
334840     DEBUG main            d.u.i.k.p.r.p.TestFile    ... success: reloaded. 
334841     INFO  main            d.u.i.k.p.r.p.TestFile    Now processing file /home/runner/work/key/key/key.core/../key.ui/examples/standard_key/inEqSimp/nonLinInEqExample3.key 
334842     INFO  main            d.u.i.k.p.i.AbstractProblemLoader Loading environment from /home/runner/work/key/key/key.core/../key.ui/examples/standard_key/inEqSimp/nonLinInEqExample3.key 
334842     DEBUG main            d.u.i.k.p.i.AbstractProblemLoader Environment load took 101.8ns 
334843     INFO  main            d.u.i.k.p.i.AbstractProblemLoader Creating init config 
337987     DEBUG main            d.u.i.k.p.i.AbstractProblemLoader Init config took 3.14s 
338003     INFO  main            d.u.i.k.p.i.AbstractProblemLoader Replaying proof nonLinInEqExample3.key 
338005     DEBUG main            d.u.i.k.p.i.IntermediateProofReplayer Proof replay took 3.9ns 
338308     INFO  main            d.u.i.k.p.r.p.TestFile    ... finished proof: closed. 
338729     INFO  main            d.u.i.k.p.i.AbstractProblemLoader Loading environment from /home/runner/work/key/key/key.core/../key.ui/examples/standard_key/inEqSimp/nonLinInEqExample3.key.proof 
338729     DEBUG main            d.u.i.k.p.i.AbstractProblemLoader Environment load took 531ns 
338730     INFO  main            d.u.i.k.p.i.AbstractProblemLoader Creating init config 
341823     DEBUG main            d.u.i.k.p.i.AbstractProblemLoader Init config took 3.09s 
341838     INFO  main            d.u.i.k.p.i.AbstractProblemLoader Replaying proof nonLinInEqExample3.key.proof 
341857     DEBUG main            d.u.i.k.p.i.IntermediateProofReplayer Proof replay took 16.14ms 
341858     DEBUG main            d.u.i.k.p.r.p.TestFile    ... success: reloaded. 
341859     INFO  main            d.u.i.k.p.r.p.TestFile    Now processing file /home/runner/work/key/key/key.core/../key.ui/examples/standard_key/inEqSimp/nonLinInEqExample4.key 
341859     INFO  main            d.u.i.k.p.i.AbstractProblemLoader Loading environment from /home/runner/work/key/key/key.core/../key.ui/examples/standard_key/inEqSimp/nonLinInEqExample4.key 
341860     DEBUG main            d.u.i.k.p.i.AbstractProblemLoader Environment load took 91.2ns 
341861     INFO  main            d.u.i.k.p.i.AbstractProblemLoader Creating init config 
345234     DEBUG main            d.u.i.k.p.i.AbstractProblemLoader Init config took 3.37s 
345251     INFO  main            d.u.i.k.p.i.AbstractProblemLoader Replaying proof nonLinInEqExample4.key 
345253     DEBUG main            d.u.i.k.p.i.IntermediateProofReplayer Proof replay took 3.8ns 
345362     INFO  main            d.u.i.k.p.r.p.TestFile    ... finished proof: closed. 
345839     INFO  main            d.u.i.k.p.i.AbstractProblemLoader Loading environment from /home/runner/work/key/key/key.core/../key.ui/examples/standard_key/inEqSimp/nonLinInEqExample4.key.proof 
345839     DEBUG main            d.u.i.k.p.i.AbstractProblemLoader Environment load took 117.2ns 
345840     INFO  main            d.u.i.k.p.i.AbstractProblemLoader Creating init config 
349098     DEBUG main            d.u.i.k.p.i.AbstractProblemLoader Init config took 3.26s 
349115     INFO  main            d.u.i.k.p.i.AbstractProblemLoader Replaying proof nonLinInEqExample4.key.proof 
349125     DEBUG main            d.u.i.k.p.i.IntermediateProofReplayer Proof replay took 7.6ms 
349127     DEBUG main            d.u.i.k.p.r.p.TestFile    ... success: reloaded. 
349128     INFO  main            d.u.i.k.p.r.p.TestFile    Now processing file /home/runner/work/key/key/key.core/../key.ui/examples/standard_key/inEqSimp/quadraticInEq.key 
349129     INFO  main            d.u.i.k.p.i.AbstractProblemLoader Loading environment from /home/runner/work/key/key/key.core/../key.ui/examples/standard_key/inEqSimp/quadraticInEq.key 
349129     DEBUG main            d.u.i.k.p.i.AbstractProblemLoader Environment load took 251.5ns 
349131     INFO  main            d.u.i.k.p.i.AbstractProblemLoader Creating init config 
352411     DEBUG main            d.u.i.k.p.i.AbstractProblemLoader Init config took 3.28s 
352428     INFO  main            d.u.i.k.p.i.AbstractProblemLoader Replaying proof quadraticInEq.key 
352430     DEBUG main            d.u.i.k.p.i.IntermediateProofReplayer Proof replay took 4.2ns 
352936     INFO  main            d.u.i.k.p.r.p.TestFile    ... finished proof: closed. 
353392     INFO  main            d.u.i.k.p.i.AbstractProblemLoader Loading environment from /home/runner/work/key/key/key.core/../key.ui/examples/standard_key/inEqSimp/quadraticInEq.key.proof 
353392     DEBUG main            d.u.i.k.p.i.AbstractProblemLoader Environment load took 566.5ns 
353394     INFO  main            d.u.i.k.p.i.AbstractProblemLoader Creating init config 
356642     DEBUG main            d.u.i.k.p.i.AbstractProblemLoader Init config took 3.25s 
356660     INFO  main            d.u.i.k.p.i.AbstractProblemLoader Replaying proof quadraticInEq.key.proof 
356714     DEBUG main            d.u.i.k.p.i.IntermediateProofReplayer Proof replay took 48.89ms 
356717     DEBUG main            d.u.i.k.p.r.p.TestFile    ... success: reloaded. 
356719     INFO  main            d.u.i.k.p.r.p.TestFile    Now processing file /home/runner/work/key/key/key.core/../key.ui/examples/standard_key/inEqSimp/quadraticInEq10.key 
356720     INFO  main            d.u.i.k.p.i.AbstractProblemLoader Loading environment from /home/runner/work/key/key/key.core/../key.ui/examples/standard_key/inEqSimp/quadraticInEq10.key 
356720     DEBUG main            d.u.i.k.p.i.AbstractProblemLoader Environment load took 205ns 
356722     INFO  main            d.u.i.k.p.i.AbstractProblemLoader Creating init config 
360055     DEBUG main            d.u.i.k.p.i.AbstractProblemLoader Init config took 3.33s 
360072     INFO  main            d.u.i.k.p.i.AbstractProblemLoader Replaying proof quadraticInEq10.key 
360074     DEBUG main            d.u.i.k.p.i.IntermediateProofReplayer Proof replay took 5.6ns 
360377     INFO  main            d.u.i.k.p.r.p.TestFile    ... finished proof: closed. 
360867     INFO  main            d.u.i.k.p.i.AbstractProblemLoader Loading environment from /home/runner/work/key/key/key.core/../key.ui/examples/standard_key/inEqSimp/quadraticInEq10.key.proof 
360868     DEBUG main            d.u.i.k.p.i.AbstractProblemLoader Environment load took 1.01ms 
360871     INFO  main            d.u.i.k.p.i.AbstractProblemLoader Creating init config 
364030     DEBUG main            d.u.i.k.p.i.AbstractProblemLoader Init config took 3.16s 
364047     INFO  main            d.u.i.k.p.i.AbstractProblemLoader Replaying proof quadraticInEq10.key.proof 
364063     DEBUG main            d.u.i.k.p.i.IntermediateProofReplayer Proof replay took 13.88ms 
364066     DEBUG main            d.u.i.k.p.r.p.TestFile    ... success: reloaded. 
364067     INFO  main            d.u.i.k.p.r.p.TestFile    Now processing file /home/runner/work/key/key/key.core/../key.ui/examples/standard_key/inEqSimp/quadraticInEq13.key 
364067     INFO  main            d.u.i.k.p.i.AbstractProblemLoader Loading environment from /home/runner/work/key/key/key.core/../key.ui/examples/standard_key/inEqSimp/quadraticInEq13.key 
364068     DEBUG main            d.u.i.k.p.i.AbstractProblemLoader Environment load took 239.6ns 
364069     INFO  main            d.u.i.k.p.i.AbstractProblemLoader Creating init config 
367241     DEBUG main            d.u.i.k.p.i.AbstractProblemLoader Init config took 3.17s 
367256     INFO  main            d.u.i.k.p.i.AbstractProblemLoader Replaying proof quadraticInEq13.key 
367258     DEBUG main            d.u.i.k.p.i.IntermediateProofReplayer Proof replay took 3.8ns 
367563     INFO  main            d.u.i.k.p.r.p.TestFile    ... finished proof: closed. 
368020     INFO  main            d.u.i.k.p.i.AbstractProblemLoader Loading environment from /home/runner/work/key/key/key.core/../key.ui/examples/standard_key/inEqSimp/quadraticInEq13.key.proof 
368020     DEBUG main            d.u.i.k.p.i.AbstractProblemLoader Environment load took 117.7ns 
368022     INFO  main            d.u.i.k.p.i.AbstractProblemLoader Creating init config 
371121     DEBUG main            d.u.i.k.p.i.AbstractProblemLoader Init config took 3.1s 
371136     INFO  main            d.u.i.k.p.i.AbstractProblemLoader Replaying proof quadraticInEq13.key.proof 
371153     DEBUG main            d.u.i.k.p.i.IntermediateProofReplayer Proof replay took 13.55ms 
371154     DEBUG main            d.u.i.k.p.r.p.TestFile    ... success: reloaded. 
371155     INFO  main            d.u.i.k.p.r.p.TestFile    Now processing file /home/runner/work/key/key/key.core/../key.ui/examples/standard_key/inEqSimp/quadraticInEq14.key 
371155     INFO  main            d.u.i.k.p.i.AbstractProblemLoader Loading environment from /home/runner/work/key/key/key.core/../key.ui/examples/standard_key/inEqSimp/quadraticInEq14.key 
371155     DEBUG main            d.u.i.k.p.i.AbstractProblemLoader Environment load took 78.5ns 
371157     INFO  main            d.u.i.k.p.i.AbstractProblemLoader Creating init config 
374326     DEBUG main            d.u.i.k.p.i.AbstractProblemLoader Init config took 3.17s 
374342     INFO  main            d.u.i.k.p.i.AbstractProblemLoader Replaying proof quadraticInEq14.key 
374345     DEBUG main            d.u.i.k.p.i.IntermediateProofReplayer Proof replay took 4.3ns 
374749     INFO  main            d.u.i.k.p.r.p.TestFile    ... finished proof: closed. 
375213     INFO  main            d.u.i.k.p.i.AbstractProblemLoader Loading environment from /home/runner/work/key/key/key.core/../key.ui/examples/standard_key/inEqSimp/quadraticInEq14.key.proof 
375214     DEBUG main            d.u.i.k.p.i.AbstractProblemLoader Environment load took 509.6ns 
375215     INFO  main            d.u.i.k.p.i.AbstractProblemLoader Creating init config 
378338     DEBUG main            d.u.i.k.p.i.AbstractProblemLoader Init config took 3.12s 
378355     INFO  main            d.u.i.k.p.i.AbstractProblemLoader Replaying proof quadraticInEq14.key.proof 
378376     DEBUG main            d.u.i.k.p.i.IntermediateProofReplayer Proof replay took 17.69ms 
378377     DEBUG main            d.u.i.k.p.r.p.TestFile    ... success: reloaded. 
378379     INFO  main            d.u.i.k.p.r.p.TestFile    Now processing file /home/runner/work/key/key/key.core/../key.ui/examples/standard_key/inEqSimp/quadraticInEq2.key 
378380     INFO  main            d.u.i.k.p.i.AbstractProblemLoader Loading environment from /home/runner/work/key/key/key.core/../key.ui/examples/standard_key/inEqSimp/quadraticInEq2.key 
378380     DEBUG main            d.u.i.k.p.i.AbstractProblemLoader Environment load took 105ns 
378381     INFO  main            d.u.i.k.p.i.AbstractProblemLoader Creating init config 
381639     DEBUG main            d.u.i.k.p.i.AbstractProblemLoader Init config took 3.26s 
381654     INFO  main            d.u.i.k.p.i.AbstractProblemLoader Replaying proof quadraticInEq2.key 
381656     DEBUG main            d.u.i.k.p.i.IntermediateProofReplayer Proof replay took 4.6ns 
381758     INFO  main            d.u.i.k.p.r.p.TestFile    ... finished proof: closed. 
382269     INFO  main            d.u.i.k.p.i.AbstractProblemLoader Loading environment from /home/runner/work/key/key/key.core/../key.ui/examples/standard_key/inEqSimp/quadraticInEq2.key.proof 
382269     DEBUG main            d.u.i.k.p.i.AbstractProblemLoader Environment load took 116.9ns 
382270     INFO  main            d.u.i.k.p.i.AbstractProblemLoader Creating init config 
385446     DEBUG main            d.u.i.k.p.i.AbstractProblemLoader Init config took 3.18s 
385463     INFO  main            d.u.i.k.p.i.AbstractProblemLoader Replaying proof quadraticInEq2.key.proof 
385467     DEBUG main            d.u.i.k.p.i.IntermediateProofReplayer Proof replay took 2.92ms 
385468     DEBUG main            d.u.i.k.p.r.p.TestFile    ... success: reloaded. 
385469     INFO  main            d.u.i.k.p.r.p.TestFile    Now processing file /home/runner/work/key/key/key.core/../key.ui/examples/standard_key/inEqSimp/quadraticInEq3.key 
385470     INFO  main            d.u.i.k.p.i.AbstractProblemLoader Loading environment from /home/runner/work/key/key/key.core/../key.ui/examples/standard_key/inEqSimp/quadraticInEq3.key 
385470     DEBUG main            d.u.i.k.p.i.AbstractProblemLoader Environment load took 52.7ns 
385471     INFO  main            d.u.i.k.p.i.AbstractProblemLoader Creating init config 
388668     DEBUG main            d.u.i.k.p.i.AbstractProblemLoader Init config took 3.2s 
388685     INFO  main            d.u.i.k.p.i.AbstractProblemLoader Replaying proof quadraticInEq3.key 
388688     DEBUG main            d.u.i.k.p.i.IntermediateProofReplayer Proof replay took 3.7ns 
388790     INFO  main            d.u.i.k.p.r.p.TestFile    ... finished proof: closed. 
389285     INFO  main            d.u.i.k.p.i.AbstractProblemLoader Loading environment from /home/runner/work/key/key/key.core/../key.ui/examples/standard_key/inEqSimp/quadraticInEq3.key.proof 
389285     DEBUG main            d.u.i.k.p.i.AbstractProblemLoader Environment load took 155.2ns 
389286     INFO  main            d.u.i.k.p.i.AbstractProblemLoader Creating init config 
392399     DEBUG main            d.u.i.k.p.i.AbstractProblemLoader Init config took 3.11s 
392414     INFO  main            d.u.i.k.p.i.AbstractProblemLoader Replaying proof quadraticInEq3.key.proof 
392423     DEBUG main            d.u.i.k.p.i.IntermediateProofReplayer Proof replay took 6.35ms 
392424     DEBUG main            d.u.i.k.p.r.p.TestFile    ... success: reloaded. 
392425     INFO  main            d.u.i.k.p.r.p.TestFile    Now processing file /home/runner/work/key/key/key.core/../key.ui/examples/standard_key/inEqSimp/quadraticInEq4.key 
392426     INFO  main            d.u.i.k.p.i.AbstractProblemLoader Loading environment from /home/runner/work/key/key/key.core/../key.ui/examples/standard_key/inEqSimp/quadraticInEq4.key 
392426     DEBUG main            d.u.i.k.p.i.AbstractProblemLoader Environment load took 107.3ns 
392427     INFO  main            d.u.i.k.p.i.AbstractProblemLoader Creating init config 
395528     DEBUG main            d.u.i.k.p.i.AbstractProblemLoader Init config took 3.1s 
395543     INFO  main            d.u.i.k.p.i.AbstractProblemLoader Replaying proof quadraticInEq4.key 
395545     DEBUG main            d.u.i.k.p.i.IntermediateProofReplayer Proof replay took 3.9ns 
395648     INFO  main            d.u.i.k.p.r.p.TestFile    ... finished proof: closed. 
396239     INFO  main            d.u.i.k.p.i.AbstractProblemLoader Loading environment from /home/runner/work/key/key/key.core/../key.ui/examples/standard_key/inEqSimp/quadraticInEq4.key.proof 
396239     DEBUG main            d.u.i.k.p.i.AbstractProblemLoader Environment load took 112.9ns 
396241     INFO  main            d.u.i.k.p.i.AbstractProblemLoader Creating init config 
399351     DEBUG main            d.u.i.k.p.i.AbstractProblemLoader Init config took 3.11s 
399366     INFO  main            d.u.i.k.p.i.AbstractProblemLoader Replaying proof quadraticInEq4.key.proof 
399371     DEBUG main            d.u.i.k.p.i.IntermediateProofReplayer Proof replay took 3.75ms 
399372     DEBUG main            d.u.i.k.p.r.p.TestFile    ... success: reloaded. 
399373     INFO  main            d.u.i.k.p.r.p.TestFile    Now processing file /home/runner/work/key/key/key.core/../key.ui/examples/standard_key/inEqSimp/quadraticInEq5.key 
399374     INFO  main            d.u.i.k.p.i.AbstractProblemLoader Loading environment from /home/runner/work/key/key/key.core/../key.ui/examples/standard_key/inEqSimp/quadraticInEq5.key 
399374     DEBUG main            d.u.i.k.p.i.AbstractProblemLoader Environment load took 120.2ns 
399375     INFO  main            d.u.i.k.p.i.AbstractProblemLoader Creating init config 
402542     DEBUG main            d.u.i.k.p.i.AbstractProblemLoader Init config took 3.17s 
402558     INFO  main            d.u.i.k.p.i.AbstractProblemLoader Replaying proof quadraticInEq5.key 
402561     DEBUG main            d.u.i.k.p.i.IntermediateProofReplayer Proof replay took 3.9ns 
402663     INFO  main            d.u.i.k.p.r.p.TestFile    ... finished proof: closed. 
403184     INFO  main            d.u.i.k.p.i.AbstractProblemLoader Loading environment from /home/runner/work/key/key/key.core/../key.ui/examples/standard_key/inEqSimp/quadraticInEq5.key.proof 
403184     DEBUG main            d.u.i.k.p.i.AbstractProblemLoader Environment load took 110.6ns 
403185     INFO  main            d.u.i.k.p.i.AbstractProblemLoader Creating init config 
406448     DEBUG main            d.u.i.k.p.i.AbstractProblemLoader Init config took 3.26s 
406464     INFO  main            d.u.i.k.p.i.AbstractProblemLoader Replaying proof quadraticInEq5.key.proof 
406471     DEBUG main            d.u.i.k.p.i.IntermediateProofReplayer Proof replay took 4.09ms 
406472     DEBUG main            d.u.i.k.p.r.p.TestFile    ... success: reloaded. 
406472     INFO  main            d.u.i.k.p.r.p.TestFile    Now processing file /home/runner/work/key/key/key.core/../key.ui/examples/standard_key/inEqSimp/quadraticInEq6.key 
406473     INFO  main            d.u.i.k.p.i.AbstractProblemLoader Loading environment from /home/runner/work/key/key/key.core/../key.ui/examples/standard_key/inEqSimp/quadraticInEq6.key 
406473     DEBUG main            d.u.i.k.p.i.AbstractProblemLoader Environment load took 87.5ns 
406474     INFO  main            d.u.i.k.p.i.AbstractProblemLoader Creating init config 
409907     DEBUG main            d.u.i.k.p.i.AbstractProblemLoader Init config took 3.43s 
409925     INFO  main            d.u.i.k.p.i.AbstractProblemLoader Replaying proof quadraticInEq6.key 
409927     DEBUG main            d.u.i.k.p.i.IntermediateProofReplayer Proof replay took 4.8ns 
410029     INFO  main            d.u.i.k.p.r.p.TestFile    ... finished proof: closed. 
410571     INFO  main            d.u.i.k.p.i.AbstractProblemLoader Loading environment from /home/runner/work/key/key/key.core/../key.ui/examples/standard_key/inEqSimp/quadraticInEq6.key.proof 
410571     DEBUG main            d.u.i.k.p.i.AbstractProblemLoader Environment load took 116.2ns 
410572     INFO  main            d.u.i.k.p.i.AbstractProblemLoader Creating init config 
413941     DEBUG main            d.u.i.k.p.i.AbstractProblemLoader Init config took 3.37s 
413960     INFO  main            d.u.i.k.p.i.AbstractProblemLoader Replaying proof quadraticInEq6.key.proof 
413967     DEBUG main            d.u.i.k.p.i.IntermediateProofReplayer Proof replay took 5.18ms 
413969     DEBUG main            d.u.i.k.p.r.p.TestFile    ... success: reloaded. 
413971     INFO  main            d.u.i.k.p.r.p.TestFile    Now processing file /home/runner/work/key/key/key.core/../key.ui/examples/standard_key/inEqSimp/quadraticInEq7.key 
413971     INFO  main            d.u.i.k.p.i.AbstractProblemLoader Loading environment from /home/runner/work/key/key/key.core/../key.ui/examples/standard_key/inEqSimp/quadraticInEq7.key 
413972     DEBUG main            d.u.i.k.p.i.AbstractProblemLoader Environment load took 471.6ns 
413973     INFO  main            d.u.i.k.p.i.AbstractProblemLoader Creating init config 
417316     DEBUG main            d.u.i.k.p.i.AbstractProblemLoader Init config took 3.34s 
417333     INFO  main            d.u.i.k.p.i.AbstractProblemLoader Replaying proof quadraticInEq7.key 
417335     DEBUG main            d.u.i.k.p.i.IntermediateProofReplayer Proof replay took 4.6ns 
417450     INFO  main            d.u.i.k.p.r.p.TestFile    ... finished proof: closed. 
418017     INFO  main            d.u.i.k.p.i.AbstractProblemLoader Loading environment from /home/runner/work/key/key/key.core/../key.ui/examples/standard_key/inEqSimp/quadraticInEq7.key.proof 
418017     DEBUG main            d.u.i.k.p.i.AbstractProblemLoader Environment load took 248ns 
418019     INFO  main            d.u.i.k.p.i.AbstractProblemLoader Creating init config 
421387     DEBUG main            d.u.i.k.p.i.AbstractProblemLoader Init config took 3.37s 
421404     INFO  main            d.u.i.k.p.i.AbstractProblemLoader Replaying proof quadraticInEq7.key.proof 
421410     DEBUG main            d.u.i.k.p.i.IntermediateProofReplayer Proof replay took 2.2ms 
421411     DEBUG main            d.u.i.k.p.r.p.TestFile    ... success: reloaded. 
421412     INFO  main            d.u.i.k.p.r.p.TestFile    Now processing file /home/runner/work/key/key/key.core/../key.ui/examples/standard_key/inEqSimp/quadraticInEq8.key 
421413     INFO  main            d.u.i.k.p.i.AbstractProblemLoader Loading environment from /home/runner/work/key/key/key.core/../key.ui/examples/standard_key/inEqSimp/quadraticInEq8.key 
421413     DEBUG main            d.u.i.k.p.i.AbstractProblemLoader Environment load took 132.5ns 
421414     INFO  main            d.u.i.k.p.i.AbstractProblemLoader Creating init config 
424805     DEBUG main            d.u.i.k.p.i.AbstractProblemLoader Init config took 3.39s 
424824     INFO  main            d.u.i.k.p.i.AbstractProblemLoader Replaying proof quadraticInEq8.key 
424826     DEBUG main            d.u.i.k.p.i.IntermediateProofReplayer Proof replay took 3.9ns 
425029     INFO  main            d.u.i.k.p.r.p.TestFile    ... finished proof: closed. 
425662     INFO  main            d.u.i.k.p.i.AbstractProblemLoader Loading environment from /home/runner/work/key/key/key.core/../key.ui/examples/standard_key/inEqSimp/quadraticInEq8.key.proof 
425662     DEBUG main            d.u.i.k.p.i.AbstractProblemLoader Environment load took 532.6ns 
425664     INFO  main            d.u.i.k.p.i.AbstractProblemLoader Creating init config 
429238     DEBUG main            d.u.i.k.p.i.AbstractProblemLoader Init config took 3.57s 
429255     INFO  main            d.u.i.k.p.i.AbstractProblemLoader Replaying proof quadraticInEq8.key.proof 
429265     DEBUG main            d.u.i.k.p.i.IntermediateProofReplayer Proof replay took 7.61ms 
429266     DEBUG main            d.u.i.k.p.r.p.TestFile    ... success: reloaded. 
429267     INFO  main            d.u.i.k.p.r.p.TestFile    Now processing file /home/runner/work/key/key/key.core/../key.ui/examples/standard_key/inEqSimp/simplify0.key 
429267     INFO  main            d.u.i.k.p.i.AbstractProblemLoader Loading environment from /home/runner/work/key/key/key.core/../key.ui/examples/standard_key/inEqSimp/simplify0.key 
429268     DEBUG main            d.u.i.k.p.i.AbstractProblemLoader Environment load took 214.6ns 
429269     INFO  main            d.u.i.k.p.i.AbstractProblemLoader Creating init config 
432612     DEBUG main            d.u.i.k.p.i.AbstractProblemLoader Init config took 3.34s 
432632     INFO  main            d.u.i.k.p.i.AbstractProblemLoader Replaying proof simplify0.key 
432637     DEBUG main            d.u.i.k.p.i.IntermediateProofReplayer Proof replay took 5.3ns 
432739     INFO  main            d.u.i.k.p.r.p.TestFile    ... finished proof: closed. 
433289     INFO  main            d.u.i.k.p.i.AbstractProblemLoader Loading environment from /home/runner/work/key/key/key.core/../key.ui/examples/standard_key/inEqSimp/simplify0.key.proof 
433289     DEBUG main            d.u.i.k.p.i.AbstractProblemLoader Environment load took 147.3ns 
433291     INFO  main            d.u.i.k.p.i.AbstractProblemLoader Creating init config 
436905     DEBUG main            d.u.i.k.p.i.AbstractProblemLoader Init config took 3.61s 
436923     INFO  main            d.u.i.k.p.i.AbstractProblemLoader Replaying proof simplify0.key.proof 
436926     DEBUG main            d.u.i.k.p.i.IntermediateProofReplayer Proof replay took 1.18ms 
436928     DEBUG main            d.u.i.k.p.r.p.TestFile    ... success: reloaded. 
436928     INFO  main            d.u.i.k.p.r.p.TestFile    Now processing file /home/runner/work/key/key/key.core/../key.ui/examples/standard_key/inEqSimp/simplify1.key 
436928     INFO  main            d.u.i.k.p.i.AbstractProblemLoader Loading environment from /home/runner/work/key/key/key.core/../key.ui/examples/standard_key/inEqSimp/simplify1.key 
436928     DEBUG main            d.u.i.k.p.i.AbstractProblemLoader Environment load took 56.9ns 
436929     INFO  main            d.u.i.k.p.i.AbstractProblemLoader Creating init config 
440311     DEBUG main            d.u.i.k.p.i.AbstractProblemLoader Init config took 3.38s 
440340     INFO  main            d.u.i.k.p.i.AbstractProblemLoader Replaying proof simplify1.key 
440341     DEBUG main            d.u.i.k.p.i.IntermediateProofReplayer Proof replay took 4.3ns 
440445     INFO  main            d.u.i.k.p.r.p.TestFile    ... finished proof: closed. 
441022     INFO  main            d.u.i.k.p.i.AbstractProblemLoader Loading environment from /home/runner/work/key/key/key.core/../key.ui/examples/standard_key/inEqSimp/simplify1.key.proof 
441022     DEBUG main            d.u.i.k.p.i.AbstractProblemLoader Environment load took 99.7ns 
441023     INFO  main            d.u.i.k.p.i.AbstractProblemLoader Creating init config 
444427     DEBUG main            d.u.i.k.p.i.AbstractProblemLoader Init config took 3.4s 
444464     INFO  main            d.u.i.k.p.i.AbstractProblemLoader Replaying proof simplify1.key.proof 
444467     DEBUG main            d.u.i.k.p.i.IntermediateProofReplayer Proof replay took 1.16ms 
444468     DEBUG main            d.u.i.k.p.r.p.TestFile    ... success: reloaded. 
444469     INFO  main            d.u.i.k.p.r.p.TestFile    Now processing file /home/runner/work/key/key/key.core/../key.ui/examples/standard_key/inEqSimp/simplify2.key 
444469     INFO  main            d.u.i.k.p.i.AbstractProblemLoader Loading environment from /home/runner/work/key/key/key.core/../key.ui/examples/standard_key/inEqSimp/simplify2.key 
444469     DEBUG main            d.u.i.k.p.i.AbstractProblemLoader Environment load took 67.2ns 
444471     INFO  main            d.u.i.k.p.i.AbstractProblemLoader Creating init config 
448047     DEBUG main            d.u.i.k.p.i.AbstractProblemLoader Init config took 3.58s 
448066     INFO  main            d.u.i.k.p.i.AbstractProblemLoader Replaying proof simplify2.key 
448067     DEBUG main            d.u.i.k.p.i.IntermediateProofReplayer Proof replay took 15.2ns 
448270     INFO  main            d.u.i.k.p.r.p.TestFile    ... finished proof: closed. 
448835     INFO  main            d.u.i.k.p.i.AbstractProblemLoader Loading environment from /home/runner/work/key/key/key.core/../key.ui/examples/standard_key/inEqSimp/simplify2.key.proof 
448835     DEBUG main            d.u.i.k.p.i.AbstractProblemLoader Environment load took 113ns 
448837     INFO  main            d.u.i.k.p.i.AbstractProblemLoader Creating init config 
452172     DEBUG main            d.u.i.k.p.i.AbstractProblemLoader Init config took 3.34s 
452189     INFO  main            d.u.i.k.p.i.AbstractProblemLoader Replaying proof simplify2.key.proof 
452202     DEBUG main            d.u.i.k.p.i.IntermediateProofReplayer Proof replay took 9.79ms 
452203     DEBUG main            d.u.i.k.p.r.p.TestFile    ... success: reloaded. 
452203     INFO  main            d.u.i.k.p.r.p.TestFile    Now processing file /home/runner/work/key/key/key.core/../key.ui/examples/standard_key/inEqSimp/simplify3.key 
452203     INFO  main            d.u.i.k.p.i.AbstractProblemLoader Loading environment from /home/runner/work/key/key/key.core/../key.ui/examples/standard_key/inEqSimp/simplify3.key 
452204     DEBUG main            d.u.i.k.p.i.AbstractProblemLoader Environment load took 69.4ns 
452205     INFO  main            d.u.i.k.p.i.AbstractProblemLoader Creating init config 
455586     DEBUG main            d.u.i.k.p.i.AbstractProblemLoader Init config took 3.38s 
455609     INFO  main            d.u.i.k.p.i.AbstractProblemLoader Replaying proof simplify3.key 
455610     DEBUG main            d.u.i.k.p.i.IntermediateProofReplayer Proof replay took 5.8ns 
455712     INFO  main            d.u.i.k.p.r.p.TestFile    ... finished proof: closed. 
456308     INFO  main            d.u.i.k.p.i.AbstractProblemLoader Loading environment from /home/runner/work/key/key/key.core/../key.ui/examples/standard_key/inEqSimp/simplify3.key.proof 
456308     DEBUG main            d.u.i.k.p.i.AbstractProblemLoader Environment load took 239ns 
456310     INFO  main            d.u.i.k.p.i.AbstractProblemLoader Creating init config 
459656     DEBUG main            d.u.i.k.p.i.AbstractProblemLoader Init config took 3.35s 
459675     INFO  main            d.u.i.k.p.i.AbstractProblemLoader Replaying proof simplify3.key.proof 
459679     DEBUG main            d.u.i.k.p.i.IntermediateProofReplayer Proof replay took 2.05ms 
459681     DEBUG main            d.u.i.k.p.r.p.TestFile    ... success: reloaded. 
459682     INFO  main            d.u.i.k.p.r.p.TestFile    Now processing file /home/runner/work/key/key/key.core/../key.ui/examples/standard_key/inEqSimp/simplify4.key 
459682     INFO  main            d.u.i.k.p.i.AbstractProblemLoader Loading environment from /home/runner/work/key/key/key.core/../key.ui/examples/standard_key/inEqSimp/simplify4.key 
459682     DEBUG main            d.u.i.k.p.i.AbstractProblemLoader Environment load took 65.5ns 
459684     INFO  main            d.u.i.k.p.i.AbstractProblemLoader Creating init config 
463103     DEBUG main            d.u.i.k.p.i.AbstractProblemLoader Init config took 3.42s 
463126     INFO  main            d.u.i.k.p.i.AbstractProblemLoader Replaying proof simplify4.key 
463128     DEBUG main            d.u.i.k.p.i.IntermediateProofReplayer Proof replay took 5.9ns 
463334     INFO  main            d.u.i.k.p.r.p.TestFile    ... finished proof: closed. 
463929     INFO  main            d.u.i.k.p.i.AbstractProblemLoader Loading environment from /home/runner/work/key/key/key.core/../key.ui/examples/standard_key/inEqSimp/simplify4.key.proof 
463929     DEBUG main            d.u.i.k.p.i.AbstractProblemLoader Environment load took 159.5ns 
463931     INFO  main            d.u.i.k.p.i.AbstractProblemLoader Creating init config 
467339     DEBUG main            d.u.i.k.p.i.AbstractProblemLoader Init config took 3.41s 
467357     INFO  main            d.u.i.k.p.i.AbstractProblemLoader Replaying proof simplify4.key.proof 
467370     DEBUG main            d.u.i.k.p.i.IntermediateProofReplayer Proof replay took 8.33ms 
467371     DEBUG main            d.u.i.k.p.r.p.TestFile    ... success: reloaded. 
467372     INFO  main            d.u.i.k.p.r.p.TestFile    Now processing file /home/runner/work/key/key/key.core/../key.ui/examples/standard_key/inEqSimp/simplify5.key 
467372     INFO  main            d.u.i.k.p.i.AbstractProblemLoader Loading environment from /home/runner/work/key/key/key.core/../key.ui/examples/standard_key/inEqSimp/simplify5.key 
467372     DEBUG main            d.u.i.k.p.i.AbstractProblemLoader Environment load took 113.9ns 
467373     INFO  main            d.u.i.k.p.i.AbstractProblemLoader Creating init config 
470822     DEBUG main            d.u.i.k.p.i.AbstractProblemLoader Init config took 3.45s 
470842     INFO  main            d.u.i.k.p.i.AbstractProblemLoader Replaying proof simplify5.key 
470844     DEBUG main            d.u.i.k.p.i.IntermediateProofReplayer Proof replay took 3.8ns 
471750     INFO  main            d.u.i.k.p.r.p.TestFile    ... finished proof: closed. 
472452     INFO  main            d.u.i.k.p.i.AbstractProblemLoader Loading environment from /home/runner/work/key/key/key.core/../key.ui/examples/standard_key/inEqSimp/simplify5.key.proof 
472452     DEBUG main            d.u.i.k.p.i.AbstractProblemLoader Environment load took 379.5ns 
472455     INFO  main            d.u.i.k.p.i.AbstractProblemLoader Creating init config 
475876     DEBUG main            d.u.i.k.p.i.AbstractProblemLoader Init config took 3.42s 
475894     INFO  main            d.u.i.k.p.i.AbstractProblemLoader Replaying proof simplify5.key.proof 
475957     DEBUG main            d.u.i.k.p.i.IntermediateProofReplayer Proof replay took 58.58ms 
475959     DEBUG main            d.u.i.k.p.r.p.TestFile    ... success: reloaded. 
475960     INFO  main            d.u.i.k.p.r.p.TestFile    Now processing file /home/runner/work/key/key/key.core/../key.ui/examples/standard_key/inEqSimp/subsumptionExample.key 
475960     INFO  main            d.u.i.k.p.i.AbstractProblemLoader Loading environment from /home/runner/work/key/key/key.core/../key.ui/examples/standard_key/inEqSimp/subsumptionExample.key 
475963     DEBUG main            d.u.i.k.p.i.AbstractProblemLoader Environment load took 2.92ms 
475964     INFO  main            d.u.i.k.p.i.AbstractProblemLoader Creating init config 
479370     DEBUG main            d.u.i.k.p.i.AbstractProblemLoader Init config took 3.41s 
479388     INFO  main            d.u.i.k.p.i.AbstractProblemLoader Replaying proof subsumptionExample.key 
479389     DEBUG main            d.u.i.k.p.i.IntermediateProofReplayer Proof replay took 3.4ns 
479492     INFO  main            d.u.i.k.p.r.p.TestFile    ... finished proof: closed. 
480118     INFO  main            d.u.i.k.p.i.AbstractProblemLoader Loading environment from /home/runner/work/key/key/key.core/../key.ui/examples/standard_key/inEqSimp/subsumptionExample.key.proof 
480118     DEBUG main            d.u.i.k.p.i.AbstractProblemLoader Environment load took 91.1ns 
480119     INFO  main            d.u.i.k.p.i.AbstractProblemLoader Creating init config 
483431     DEBUG main            d.u.i.k.p.i.AbstractProblemLoader Init config took 3.31s 
483449     INFO  main            d.u.i.k.p.i.AbstractProblemLoader Replaying proof subsumptionExample.key.proof 
483451     DEBUG main            d.u.i.k.p.i.IntermediateProofReplayer Proof replay took 791.2ns 
483452     DEBUG main            d.u.i.k.p.r.p.TestFile    ... success: reloaded. 
483453     INFO  main            d.u.i.k.p.r.p.TestFile    Now processing file /home/runner/work/key/key/key.core/../key.ui/examples/standard_key/polySimp/simplify0.key 
483453     INFO  main            d.u.i.k.p.i.AbstractProblemLoader Loading environment from /home/runner/work/key/key/key.core/../key.ui/examples/standard_key/polySimp/simplify0.key 
483453     DEBUG main            d.u.i.k.p.i.AbstractProblemLoader Environment load took 97.3ns 
483454     INFO  main            d.u.i.k.p.i.AbstractProblemLoader Creating init config 
486777     DEBUG main            d.u.i.k.p.i.AbstractProblemLoader Init config took 3.32s 
486813     INFO  main            d.u.i.k.p.i.AbstractProblemLoader Replaying proof simplify0.key 
486814     DEBUG main            d.u.i.k.p.i.IntermediateProofReplayer Proof replay took 3.1ns 
487119     INFO  main            d.u.i.k.p.r.p.TestFile    ... finished proof: closed. 
487777     INFO  main            d.u.i.k.p.i.AbstractProblemLoader Loading environment from /home/runner/work/key/key/key.core/../key.ui/examples/standard_key/polySimp/simplify0.key.proof 
487777     DEBUG main            d.u.i.k.p.i.AbstractProblemLoader Environment load took 94.8ns 
487778     INFO  main            d.u.i.k.p.i.AbstractProblemLoader Creating init config 
491037     DEBUG main            d.u.i.k.p.i.AbstractProblemLoader Init config took 3.26s 
491055     INFO  main            d.u.i.k.p.i.AbstractProblemLoader Replaying proof simplify0.key.proof 
491064     DEBUG main            d.u.i.k.p.i.IntermediateProofReplayer Proof replay took 6.71ms 
491066     DEBUG main            d.u.i.k.p.r.p.TestFile    ... success: reloaded. 
491067     INFO  main            d.u.i.k.p.r.p.TestFile    Now processing file /home/runner/work/key/key/key.core/../key.ui/examples/standard_key/polySimp/simplify1.key 
491067     INFO  main            d.u.i.k.p.i.AbstractProblemLoader Loading environment from /home/runner/work/key/key/key.core/../key.ui/examples/standard_key/polySimp/simplify1.key 
491067     DEBUG main            d.u.i.k.p.i.AbstractProblemLoader Environment load took 92.8ns 
491068     INFO  main            d.u.i.k.p.i.AbstractProblemLoader Creating init config 
494491     DEBUG main            d.u.i.k.p.i.AbstractProblemLoader Init config took 3.42s 
494508     INFO  main            d.u.i.k.p.i.AbstractProblemLoader Replaying proof simplify1.key 
494510     DEBUG main            d.u.i.k.p.i.IntermediateProofReplayer Proof replay took 3.2ns 
495015     INFO  main            d.u.i.k.p.r.p.TestFile    ... finished proof: closed. 
495682     INFO  main            d.u.i.k.p.i.AbstractProblemLoader Loading environment from /home/runner/work/key/key/key.core/../key.ui/examples/standard_key/polySimp/simplify1.key.proof 
495682     DEBUG main            d.u.i.k.p.i.AbstractProblemLoader Environment load took 99.9ns 
495684     INFO  main            d.u.i.k.p.i.AbstractProblemLoader Creating init config 
498976     DEBUG main            d.u.i.k.p.i.AbstractProblemLoader Init config took 3.29s 
499000     INFO  main            d.u.i.k.p.i.AbstractProblemLoader Replaying proof simplify1.key.proof 
499013     DEBUG main            d.u.i.k.p.i.IntermediateProofReplayer Proof replay took 10.09ms 
499014     DEBUG main            d.u.i.k.p.r.p.TestFile    ... success: reloaded. 
499015     INFO  main            d.u.i.k.p.r.p.TestFile    Now processing file /home/runner/work/key/key/key.core/../key.ui/examples/standard_key/polySimp/simplify10.key 
499015     INFO  main            d.u.i.k.p.i.AbstractProblemLoader Loading environment from /home/runner/work/key/key/key.core/../key.ui/examples/standard_key/polySimp/simplify10.key 
499015     DEBUG main            d.u.i.k.p.i.AbstractProblemLoader Environment load took 55.6ns 
499017     INFO  main            d.u.i.k.p.i.AbstractProblemLoader Creating init config 
502368     DEBUG main            d.u.i.k.p.i.AbstractProblemLoader Init config took 3.35s 
502386     INFO  main            d.u.i.k.p.i.AbstractProblemLoader Replaying proof simplify10.key 
502387     DEBUG main            d.u.i.k.p.i.IntermediateProofReplayer Proof replay took 3.7ns 
502691     INFO  main            d.u.i.k.p.r.p.TestFile    ... finished proof: closed. 
503378     INFO  main            d.u.i.k.p.i.AbstractProblemLoader Loading environment from /home/runner/work/key/key/key.core/../key.ui/examples/standard_key/polySimp/simplify10.key.proof 
503378     DEBUG main            d.u.i.k.p.i.AbstractProblemLoader Environment load took 118.8ns 
503380     INFO  main            d.u.i.k.p.i.AbstractProblemLoader Creating init config 
506703     DEBUG main            d.u.i.k.p.i.AbstractProblemLoader Init config took 3.32s 
506723     INFO  main            d.u.i.k.p.i.AbstractProblemLoader Replaying proof simplify10.key.proof 
506739     DEBUG main            d.u.i.k.p.i.IntermediateProofReplayer Proof replay took 12.77ms 
506740     DEBUG main            d.u.i.k.p.r.p.TestFile    ... success: reloaded. 
506741     INFO  main            d.u.i.k.p.r.p.TestFile    Now processing file /home/runner/work/key/key/key.core/../key.ui/examples/standard_key/polySimp/simplify11.key 
506741     INFO  main            d.u.i.k.p.i.AbstractProblemLoader Loading environment from /home/runner/work/key/key/key.core/../key.ui/examples/standard_key/polySimp/simplify11.key 
506741     DEBUG main            d.u.i.k.p.i.AbstractProblemLoader Environment load took 55.9ns 
506743     INFO  main            d.u.i.k.p.i.AbstractProblemLoader Creating init config 
510190     DEBUG main            d.u.i.k.p.i.AbstractProblemLoader Init config took 3.45s 
510211     INFO  main            d.u.i.k.p.i.AbstractProblemLoader Replaying proof simplify11.key 
510212     DEBUG main            d.u.i.k.p.i.IntermediateProofReplayer Proof replay took 4ns 
510515     INFO  main            d.u.i.k.p.r.p.TestFile    ... finished proof: closed. 
511245     INFO  main            d.u.i.k.p.i.AbstractProblemLoader Loading environment from /home/runner/work/key/key/key.core/../key.ui/examples/standard_key/polySimp/simplify11.key.proof 
511245     DEBUG main            d.u.i.k.p.i.AbstractProblemLoader Environment load took 118.1ns 
511247     INFO  main            d.u.i.k.p.i.AbstractProblemLoader Creating init config 
514540     DEBUG main            d.u.i.k.p.i.AbstractProblemLoader Init config took 3.29s 
514559     INFO  main            d.u.i.k.p.i.AbstractProblemLoader Replaying proof simplify11.key.proof 
514573     DEBUG main            d.u.i.k.p.i.IntermediateProofReplayer Proof replay took 11.26ms 
514575     DEBUG main            d.u.i.k.p.r.p.TestFile    ... success: reloaded. 
514575     INFO  main            d.u.i.k.p.r.p.TestFile    Now processing file /home/runner/work/key/key/key.core/../key.ui/examples/standard_key/polySimp/simplify12.key 
514575     INFO  main            d.u.i.k.p.i.AbstractProblemLoader Loading environment from /home/runner/work/key/key/key.core/../key.ui/examples/standard_key/polySimp/simplify12.key 
514576     DEBUG main            d.u.i.k.p.i.AbstractProblemLoader Environment load took 57ns 
514577     INFO  main            d.u.i.k.p.i.AbstractProblemLoader Creating init config 
517984     DEBUG main            d.u.i.k.p.i.AbstractProblemLoader Init config took 3.41s 
518009     INFO  main            d.u.i.k.p.i.AbstractProblemLoader Replaying proof simplify12.key 
518011     DEBUG main            d.u.i.k.p.i.IntermediateProofReplayer Proof replay took 3.7ns 
518215     INFO  main            d.u.i.k.p.r.p.TestFile    ... finished proof: closed. 
518878     INFO  main            d.u.i.k.p.i.AbstractProblemLoader Loading environment from /home/runner/work/key/key/key.core/../key.ui/examples/standard_key/polySimp/simplify12.key.proof 
518878     DEBUG main            d.u.i.k.p.i.AbstractProblemLoader Environment load took 106ns 
518879     INFO  main            d.u.i.k.p.i.AbstractProblemLoader Creating init config 
522209     DEBUG main            d.u.i.k.p.i.AbstractProblemLoader Init config took 3.33s 
522229     INFO  main            d.u.i.k.p.i.AbstractProblemLoader Replaying proof simplify12.key.proof 
522237     DEBUG main            d.u.i.k.p.i.IntermediateProofReplayer Proof replay took 5.76ms 
522238     DEBUG main            d.u.i.k.p.r.p.TestFile    ... success: reloaded. 
522238     INFO  main            d.u.i.k.p.r.p.TestFile    Now processing file /home/runner/work/key/key/key.core/../key.ui/examples/standard_key/polySimp/simplify13.key 
522239     INFO  main            d.u.i.k.p.i.AbstractProblemLoader Loading environment from /home/runner/work/key/key/key.core/../key.ui/examples/standard_key/polySimp/simplify13.key 
522239     DEBUG main            d.u.i.k.p.i.AbstractProblemLoader Environment load took 66.9ns 
522240     INFO  main            d.u.i.k.p.i.AbstractProblemLoader Creating init config 
525721     DEBUG main            d.u.i.k.p.i.AbstractProblemLoader Init config took 3.48s 
525737     INFO  main            d.u.i.k.p.i.AbstractProblemLoader Replaying proof simplify13.key 
525742     DEBUG main            d.u.i.k.p.i.IntermediateProofReplayer Proof replay took 4.1ns 
525844     INFO  main            d.u.i.k.p.r.p.TestFile    ... finished proof: closed. 
526534     INFO  main            d.u.i.k.p.i.AbstractProblemLoader Loading environment from /home/runner/work/key/key/key.core/../key.ui/examples/standard_key/polySimp/simplify13.key.proof 
526534     DEBUG main            d.u.i.k.p.i.AbstractProblemLoader Environment load took 103.1ns 
526536     INFO  main            d.u.i.k.p.i.AbstractProblemLoader Creating init config 
529823     DEBUG main            d.u.i.k.p.i.AbstractProblemLoader Init config took 3.29s 
529840     INFO  main            d.u.i.k.p.i.AbstractProblemLoader Replaying proof simplify13.key.proof 
529845     DEBUG main            d.u.i.k.p.i.IntermediateProofReplayer Proof replay took 3.75ms 
529847     DEBUG main            d.u.i.k.p.r.p.TestFile    ... success: reloaded. 
529847     INFO  main            d.u.i.k.p.r.p.TestFile    Now processing file /home/runner/work/key/key/key.core/../key.ui/examples/standard_key/polySimp/simplify14.key 
529847     INFO  main            d.u.i.k.p.i.AbstractProblemLoader Loading environment from /home/runner/work/key/key/key.core/../key.ui/examples/standard_key/polySimp/simplify14.key 
529848     DEBUG main            d.u.i.k.p.i.AbstractProblemLoader Environment load took 57.4ns 
529849     INFO  main            d.u.i.k.p.i.AbstractProblemLoader Creating init config 
533188     DEBUG main            d.u.i.k.p.i.AbstractProblemLoader Init config took 3.34s 
533213     INFO  main            d.u.i.k.p.i.AbstractProblemLoader Replaying proof simplify14.key 
533215     DEBUG main            d.u.i.k.p.i.IntermediateProofReplayer Proof replay took 3.7ns 
533317     INFO  main            d.u.i.k.p.r.p.TestFile    ... finished proof: closed. 
533991     INFO  main            d.u.i.k.p.i.AbstractProblemLoader Loading environment from /home/runner/work/key/key/key.core/../key.ui/examples/standard_key/polySimp/simplify14.key.proof 
533991     DEBUG main            d.u.i.k.p.i.AbstractProblemLoader Environment load took 104.2ns 
533992     INFO  main            d.u.i.k.p.i.AbstractProblemLoader Creating init config 
537223     DEBUG main            d.u.i.k.p.i.AbstractProblemLoader Init config took 3.23s 
537241     INFO  main            d.u.i.k.p.i.AbstractProblemLoader Replaying proof simplify14.key.proof 
537245     DEBUG main            d.u.i.k.p.i.IntermediateProofReplayer Proof replay took 714.4ns 
537247     DEBUG main            d.u.i.k.p.r.p.TestFile    ... success: reloaded. 
537247     INFO  main            d.u.i.k.p.r.p.TestFile    Now processing file /home/runner/work/key/key/key.core/../key.ui/examples/standard_key/polySimp/simplify15.key 
537248     INFO  main            d.u.i.k.p.i.AbstractProblemLoader Loading environment from /home/runner/work/key/key/key.core/../key.ui/examples/standard_key/polySimp/simplify15.key 
537248     DEBUG main            d.u.i.k.p.i.AbstractProblemLoader Environment load took 57.6ns 
537250     INFO  main            d.u.i.k.p.i.AbstractProblemLoader Creating init config 
540560     DEBUG main            d.u.i.k.p.i.AbstractProblemLoader Init config took 3.31s 
540576     INFO  main            d.u.i.k.p.i.AbstractProblemLoader Replaying proof simplify15.key 
540578     DEBUG main            d.u.i.k.p.i.IntermediateProofReplayer Proof replay took 4.3ns 
540679     INFO  main            d.u.i.k.p.r.p.TestFile    ... finished proof: closed. 
541369     INFO  main            d.u.i.k.p.i.AbstractProblemLoader Loading environment from /home/runner/work/key/key/key.core/../key.ui/examples/standard_key/polySimp/simplify15.key.proof 
541369     DEBUG main            d.u.i.k.p.i.AbstractProblemLoader Environment load took 153.5ns 
541370     INFO  main            d.u.i.k.p.i.AbstractProblemLoader Creating init config 
544564     DEBUG main            d.u.i.k.p.i.AbstractProblemLoader Init config took 3.19s 
544580     INFO  main            d.u.i.k.p.i.AbstractProblemLoader Replaying proof simplify15.key.proof 
544582     DEBUG main            d.u.i.k.p.i.IntermediateProofReplayer Proof replay took 414.5ns 
544583     DEBUG main            d.u.i.k.p.r.p.TestFile    ... success: reloaded. 
544583     INFO  main            d.u.i.k.p.r.p.TestFile    Now processing file /home/runner/work/key/key/key.core/../key.ui/examples/standard_key/polySimp/simplify16.key 
544584     INFO  main            d.u.i.k.p.i.AbstractProblemLoader Loading environment from /home/runner/work/key/key/key.core/../key.ui/examples/standard_key/polySimp/simplify16.key 
544584     DEBUG main            d.u.i.k.p.i.AbstractProblemLoader Environment load took 89.6ns 
544585     INFO  main            d.u.i.k.p.i.AbstractProblemLoader Creating init config 
547781     DEBUG main            d.u.i.k.p.i.AbstractProblemLoader Init config took 3.2s 
547797     INFO  main            d.u.i.k.p.i.AbstractProblemLoader Replaying proof simplify16.key 
547798     DEBUG main            d.u.i.k.p.i.IntermediateProofReplayer Proof replay took 3.6ns 
547899     INFO  main            d.u.i.k.p.r.p.TestFile    ... finished proof: closed. 
548550     INFO  main            d.u.i.k.p.i.AbstractProblemLoader Loading environment from /home/runner/work/key/key/key.core/../key.ui/examples/standard_key/polySimp/simplify16.key.proof 
548551     DEBUG main            d.u.i.k.p.i.AbstractProblemLoader Environment load took 90.5ns 
548552     INFO  main            d.u.i.k.p.i.AbstractProblemLoader Creating init config 
551703     DEBUG main            d.u.i.k.p.i.AbstractProblemLoader Init config took 3.15s 
551720     INFO  main            d.u.i.k.p.i.AbstractProblemLoader Replaying proof simplify16.key.proof 
551722     DEBUG main            d.u.i.k.p.i.IntermediateProofReplayer Proof replay took 299.5ns 
551723     DEBUG main            d.u.i.k.p.r.p.TestFile    ... success: reloaded. 
551724     INFO  main            d.u.i.k.p.r.p.TestFile    Now processing file /home/runner/work/key/key/key.core/../key.ui/examples/standard_key/polySimp/simplify17.key 
551724     INFO  main            d.u.i.k.p.i.AbstractProblemLoader Loading environment from /home/runner/work/key/key/key.core/../key.ui/examples/standard_key/polySimp/simplify17.key 
551724     DEBUG main            d.u.i.k.p.i.AbstractProblemLoader Environment load took 85.9ns 
551725     INFO  main            d.u.i.k.p.i.AbstractProblemLoader Creating init config 
554938     DEBUG main            d.u.i.k.p.i.AbstractProblemLoader Init config took 3.21s 
554953     INFO  main            d.u.i.k.p.i.AbstractProblemLoader Replaying proof simplify17.key 
554955     DEBUG main            d.u.i.k.p.i.IntermediateProofReplayer Proof replay took 3.5ns 
555058     INFO  main            d.u.i.k.p.r.p.TestFile    ... finished proof: closed. 
555720     INFO  main            d.u.i.k.p.i.AbstractProblemLoader Loading environment from /home/runner/work/key/key/key.core/../key.ui/examples/standard_key/polySimp/simplify17.key.proof 
555720     DEBUG main            d.u.i.k.p.i.AbstractProblemLoader Environment load took 143.5ns 
555721     INFO  main            d.u.i.k.p.i.AbstractProblemLoader Creating init config 
558885     DEBUG main            d.u.i.k.p.i.AbstractProblemLoader Init config took 3.16s 
558900     INFO  main            d.u.i.k.p.i.AbstractProblemLoader Replaying proof simplify17.key.proof 
558905     DEBUG main            d.u.i.k.p.i.IntermediateProofReplayer Proof replay took 3.95ms 
558906     DEBUG main            d.u.i.k.p.r.p.TestFile    ... success: reloaded. 
558907     INFO  main            d.u.i.k.p.r.p.TestFile    Now processing file /home/runner/work/key/key/key.core/../key.ui/examples/standard_key/polySimp/simplify18.key 
558907     INFO  main            d.u.i.k.p.i.AbstractProblemLoader Loading environment from /home/runner/work/key/key/key.core/../key.ui/examples/standard_key/polySimp/simplify18.key 
558907     DEBUG main            d.u.i.k.p.i.AbstractProblemLoader Environment load took 54.4ns 
558908     INFO  main            d.u.i.k.p.i.AbstractProblemLoader Creating init config 
561984     DEBUG main            d.u.i.k.p.i.AbstractProblemLoader Init config took 3.08s 
562001     INFO  main            d.u.i.k.p.i.AbstractProblemLoader Replaying proof simplify18.key 
562002     DEBUG main            d.u.i.k.p.i.IntermediateProofReplayer Proof replay took 3.1ns 
562205     INFO  main            d.u.i.k.p.r.p.TestFile    ... finished proof: closed. 
562917     INFO  main            d.u.i.k.p.i.AbstractProblemLoader Loading environment from /home/runner/work/key/key/key.core/../key.ui/examples/standard_key/polySimp/simplify18.key.proof 
562917     DEBUG main            d.u.i.k.p.i.AbstractProblemLoader Environment load took 101.6ns 
562918     INFO  main            d.u.i.k.p.i.AbstractProblemLoader Creating init config 
566102     DEBUG main            d.u.i.k.p.i.AbstractProblemLoader Init config took 3.18s 
566118     INFO  main            d.u.i.k.p.i.AbstractProblemLoader Replaying proof simplify18.key.proof 
566130     DEBUG main            d.u.i.k.p.i.IntermediateProofReplayer Proof replay took 10.07ms 
566131     DEBUG main            d.u.i.k.p.r.p.TestFile    ... success: reloaded. 
566132     INFO  main            d.u.i.k.p.r.p.TestFile    Now processing file /home/runner/work/key/key/key.core/../key.ui/examples/standard_key/polySimp/simplify19.key 
566132     INFO  main            d.u.i.k.p.i.AbstractProblemLoader Loading environment from /home/runner/work/key/key/key.core/../key.ui/examples/standard_key/polySimp/simplify19.key 
566132     DEBUG main            d.u.i.k.p.i.AbstractProblemLoader Environment load took 80.3ns 
566133     INFO  main            d.u.i.k.p.i.AbstractProblemLoader Creating init config 
569250     DEBUG main            d.u.i.k.p.i.AbstractProblemLoader Init config took 3.12s 
569286     INFO  main            d.u.i.k.p.i.AbstractProblemLoader Replaying proof simplify19.key 
569288     DEBUG main            d.u.i.k.p.i.IntermediateProofReplayer Proof replay took 3.2ns 
573561     INFO  main            d.u.i.k.p.r.p.TestFile    ... finished proof: closed. 
574255     INFO  main            d.u.i.k.p.i.AbstractProblemLoader Loading environment from /home/runner/work/key/key/key.core/../key.ui/examples/standard_key/polySimp/simplify19.key.proof 
574255     DEBUG main            d.u.i.k.p.i.AbstractProblemLoader Environment load took 96.8ns 
574257     INFO  main            d.u.i.k.p.i.AbstractProblemLoader Creating init config 
577433     DEBUG main            d.u.i.k.p.i.AbstractProblemLoader Init config took 3.18s 
577451     INFO  main            d.u.i.k.p.i.AbstractProblemLoader Replaying proof simplify19.key.proof 
577624     DEBUG main            d.u.i.k.p.i.IntermediateProofReplayer Proof replay took 158.68ms 
577625     DEBUG main            d.u.i.k.p.r.p.TestFile    ... success: reloaded. 
577626     INFO  main            d.u.i.k.p.r.p.TestFile    Now processing file /home/runner/work/key/key/key.core/../key.ui/examples/standard_key/polySimp/simplify2.key 
577626     INFO  main            d.u.i.k.p.i.AbstractProblemLoader Loading environment from /home/runner/work/key/key/key.core/../key.ui/examples/standard_key/polySimp/simplify2.key 
577626     DEBUG main            d.u.i.k.p.i.AbstractProblemLoader Environment load took 420.1ns 
577627     INFO  main            d.u.i.k.p.i.AbstractProblemLoader Creating init config 
580760     DEBUG main            d.u.i.k.p.i.AbstractProblemLoader Init config took 3.13s 
580776     INFO  main            d.u.i.k.p.i.AbstractProblemLoader Replaying proof simplify2.key 
580778     DEBUG main            d.u.i.k.p.i.IntermediateProofReplayer Proof replay took 2.7ns 
580880     INFO  main            d.u.i.k.p.r.p.TestFile    ... finished proof: closed. 
581626     INFO  main            d.u.i.k.p.i.AbstractProblemLoader Loading environment from /home/runner/work/key/key/key.core/../key.ui/examples/standard_key/polySimp/simplify2.key.proof 
581626     DEBUG main            d.u.i.k.p.i.AbstractProblemLoader Environment load took 90.5ns 
581627     INFO  main            d.u.i.k.p.i.AbstractProblemLoader Creating init config 
584686     DEBUG main            d.u.i.k.p.i.AbstractProblemLoader Init config took 3.06s 
584702     INFO  main            d.u.i.k.p.i.AbstractProblemLoader Replaying proof simplify2.key.proof 
584704     DEBUG main            d.u.i.k.p.i.IntermediateProofReplayer Proof replay took 666.4ns 
584705     DEBUG main            d.u.i.k.p.r.p.TestFile    ... success: reloaded. 
584706     INFO  main            d.u.i.k.p.r.p.TestFile    Now processing file /home/runner/work/key/key/key.core/../key.ui/examples/standard_key/polySimp/simplify20.key 
584706     INFO  main            d.u.i.k.p.i.AbstractProblemLoader Loading environment from /home/runner/work/key/key/key.core/../key.ui/examples/standard_key/polySimp/simplify20.key 
584706     DEBUG main            d.u.i.k.p.i.AbstractProblemLoader Environment load took 55.1ns 
584707     INFO  main            d.u.i.k.p.i.AbstractProblemLoader Creating init config 
587748     DEBUG main            d.u.i.k.p.i.AbstractProblemLoader Init config took 3.04s 
587763     INFO  main            d.u.i.k.p.i.AbstractProblemLoader Replaying proof simplify20.key 
587764     DEBUG main            d.u.i.k.p.i.IntermediateProofReplayer Proof replay took 3.1ns 
588670     INFO  main            d.u.i.k.p.r.p.TestFile    ... finished proof: closed. 
589348     INFO  main            d.u.i.k.p.i.AbstractProblemLoader Loading environment from /home/runner/work/key/key/key.core/../key.ui/examples/standard_key/polySimp/simplify20.key.proof 
589349     DEBUG main            d.u.i.k.p.i.AbstractProblemLoader Environment load took 556.2ns 
589351     INFO  main            d.u.i.k.p.i.AbstractProblemLoader Creating init config 
592373     DEBUG main            d.u.i.k.p.i.AbstractProblemLoader Init config took 3.02s 
592391     INFO  main            d.u.i.k.p.i.AbstractProblemLoader Replaying proof simplify20.key.proof 
592438     DEBUG main            d.u.i.k.p.i.IntermediateProofReplayer Proof replay took 41.52ms 
592440     DEBUG main            d.u.i.k.p.r.p.TestFile    ... success: reloaded. 
592440     INFO  main            d.u.i.k.p.r.p.TestFile    Now processing file /home/runner/work/key/key/key.core/../key.ui/examples/standard_key/polySimp/simplify21.key 
592441     INFO  main            d.u.i.k.p.i.AbstractProblemLoader Loading environment from /home/runner/work/key/key/key.core/../key.ui/examples/standard_key/polySimp/simplify21.key 
592441     DEBUG main            d.u.i.k.p.i.AbstractProblemLoader Environment load took 71.9ns 
592445     INFO  main            d.u.i.k.p.i.AbstractProblemLoader Creating init config 
595596     DEBUG main            d.u.i.k.p.i.AbstractProblemLoader Init config took 3.15s 
595613     INFO  main            d.u.i.k.p.i.AbstractProblemLoader Replaying proof simplify21.key 
595614     DEBUG main            d.u.i.k.p.i.IntermediateProofReplayer Proof replay took 3.7ns 
596524     INFO  main            d.u.i.k.p.r.p.TestFile    ... finished proof: closed. 
597212     INFO  main            d.u.i.k.p.i.AbstractProblemLoader Loading environment from /home/runner/work/key/key/key.core/../key.ui/examples/standard_key/polySimp/simplify21.key.proof 
597213     DEBUG main            d.u.i.k.p.i.AbstractProblemLoader Environment load took 189.5ns 
597215     INFO  main            d.u.i.k.p.i.AbstractProblemLoader Creating init config 
600276     DEBUG main            d.u.i.k.p.i.AbstractProblemLoader Init config took 3.06s 
600296     INFO  main            d.u.i.k.p.i.AbstractProblemLoader Replaying proof simplify21.key.proof 
600331     DEBUG main            d.u.i.k.p.i.IntermediateProofReplayer Proof replay took 30.41ms 
600333     DEBUG main            d.u.i.k.p.r.p.TestFile    ... success: reloaded. 
600334     INFO  main            d.u.i.k.p.r.p.TestFile    Now processing file /home/runner/work/key/key/key.core/../key.ui/examples/standard_key/polySimp/simplify22.key 
600334     INFO  main            d.u.i.k.p.i.AbstractProblemLoader Loading environment from /home/runner/work/key/key/key.core/../key.ui/examples/standard_key/polySimp/simplify22.key 
600334     DEBUG main            d.u.i.k.p.i.AbstractProblemLoader Environment load took 56ns 
600335     INFO  main            d.u.i.k.p.i.AbstractProblemLoader Creating init config 
603410     DEBUG main            d.u.i.k.p.i.AbstractProblemLoader Init config took 3.07s 
603424     INFO  main            d.u.i.k.p.i.AbstractProblemLoader Replaying proof simplify22.key 
603425     DEBUG main            d.u.i.k.p.i.IntermediateProofReplayer Proof replay took 2.6ns 
603527     INFO  main            d.u.i.k.p.r.p.TestFile    ... finished proof: closed. 
604206     INFO  main            d.u.i.k.p.i.AbstractProblemLoader Loading environment from /home/runner/work/key/key/key.core/../key.ui/examples/standard_key/polySimp/simplify22.key.proof 
604206     DEBUG main            d.u.i.k.p.i.AbstractProblemLoader Environment load took 85.2ns 
604207     INFO  main            d.u.i.k.p.i.AbstractProblemLoader Creating init config 
607271     DEBUG main            d.u.i.k.p.i.AbstractProblemLoader Init config took 3.06s 
607285     INFO  main            d.u.i.k.p.i.AbstractProblemLoader Replaying proof simplify22.key.proof 
607290     DEBUG main            d.u.i.k.p.i.IntermediateProofReplayer Proof replay took 2.81ms 
607291     DEBUG main            d.u.i.k.p.r.p.TestFile    ... success: reloaded. 
607291     INFO  main            d.u.i.k.p.r.p.TestFile    Now processing file /home/runner/work/key/key/key.core/../key.ui/examples/standard_key/polySimp/simplify23.key 
607292     INFO  main            d.u.i.k.p.i.AbstractProblemLoader Loading environment from /home/runner/work/key/key/key.core/../key.ui/examples/standard_key/polySimp/simplify23.key 
607292     DEBUG main            d.u.i.k.p.i.AbstractProblemLoader Environment load took 96.3ns 
607293     INFO  main            d.u.i.k.p.i.AbstractProblemLoader Creating init config 
610332     DEBUG main            d.u.i.k.p.i.AbstractProblemLoader Init config took 3.04s 
610346     INFO  main            d.u.i.k.p.i.AbstractProblemLoader Replaying proof simplify23.key 
610347     DEBUG main            d.u.i.k.p.i.IntermediateProofReplayer Proof replay took 2.5ns 
610549     INFO  main            d.u.i.k.p.r.p.TestFile    ... finished proof: closed. 
611240     INFO  main            d.u.i.k.p.i.AbstractProblemLoader Loading environment from /home/runner/work/key/key/key.core/../key.ui/examples/standard_key/polySimp/simplify23.key.proof 
611240     DEBUG main            d.u.i.k.p.i.AbstractProblemLoader Environment load took 90.1ns 
611242     INFO  main            d.u.i.k.p.i.AbstractProblemLoader Creating init config 
614357     DEBUG main            d.u.i.k.p.i.AbstractProblemLoader Init config took 3.12s 
614376     INFO  main            d.u.i.k.p.i.AbstractProblemLoader Replaying proof simplify23.key.proof 
614386     DEBUG main            d.u.i.k.p.i.IntermediateProofReplayer Proof replay took 7.79ms 
614388     DEBUG main            d.u.i.k.p.r.p.TestFile    ... success: reloaded. 
614388     INFO  main            d.u.i.k.p.r.p.TestFile    Now processing file /home/runner/work/key/key/key.core/../key.ui/examples/standard_key/polySimp/simplify24.key 
614388     INFO  main            d.u.i.k.p.i.AbstractProblemLoader Loading environment from /home/runner/work/key/key/key.core/../key.ui/examples/standard_key/polySimp/simplify24.key 
614388     DEBUG main            d.u.i.k.p.i.AbstractProblemLoader Environment load took 96.2ns 
614389     INFO  main            d.u.i.k.p.i.AbstractProblemLoader Creating init config 
617432     DEBUG main            d.u.i.k.p.i.AbstractProblemLoader Init config took 3.04s 
617447     INFO  main            d.u.i.k.p.i.AbstractProblemLoader Replaying proof simplify24.key 
617448     DEBUG main            d.u.i.k.p.i.IntermediateProofReplayer Proof replay took 2.9ns 
617550     INFO  main            d.u.i.k.p.r.p.TestFile    ... finished proof: closed. 
618228     INFO  main            d.u.i.k.p.i.AbstractProblemLoader Loading environment from /home/runner/work/key/key/key.core/../key.ui/examples/standard_key/polySimp/simplify24.key.proof 
618228     DEBUG main            d.u.i.k.p.i.AbstractProblemLoader Environment load took 117.7ns 
618229     INFO  main            d.u.i.k.p.i.AbstractProblemLoader Creating init config 
621228     DEBUG main            d.u.i.k.p.i.AbstractProblemLoader Init config took 3s 
621246     INFO  main            d.u.i.k.p.i.AbstractProblemLoader Replaying proof simplify24.key.proof 
621249     DEBUG main            d.u.i.k.p.i.IntermediateProofReplayer Proof replay took 1.52ms 
621250     DEBUG main            d.u.i.k.p.r.p.TestFile    ... success: reloaded. 
621250     INFO  main            d.u.i.k.p.r.p.TestFile    Now processing file /home/runner/work/key/key/key.core/../key.ui/examples/standard_key/polySimp/simplify25.key 
621250     INFO  main            d.u.i.k.p.i.AbstractProblemLoader Loading environment from /home/runner/work/key/key/key.core/../key.ui/examples/standard_key/polySimp/simplify25.key 
621250     DEBUG main            d.u.i.k.p.i.AbstractProblemLoader Environment load took 81ns 
621251     INFO  main            d.u.i.k.p.i.AbstractProblemLoader Creating init config 
624379     DEBUG main            d.u.i.k.p.i.AbstractProblemLoader Init config took 3.13s 
624397     INFO  main            d.u.i.k.p.i.AbstractProblemLoader Replaying proof simplify25.key 
624398     DEBUG main            d.u.i.k.p.i.IntermediateProofReplayer Proof replay took 2.7ns 
624501     INFO  main            d.u.i.k.p.r.p.TestFile    ... finished proof: closed. 
625170     INFO  main            d.u.i.k.p.i.AbstractProblemLoader Loading environment from /home/runner/work/key/key/key.core/../key.ui/examples/standard_key/polySimp/simplify25.key.proof 
625170     DEBUG main            d.u.i.k.p.i.AbstractProblemLoader Environment load took 84.1ns 
625172     INFO  main            d.u.i.k.p.i.AbstractProblemLoader Creating init config 
628289     DEBUG main            d.u.i.k.p.i.AbstractProblemLoader Init config took 3.12s 
628304     INFO  main            d.u.i.k.p.i.AbstractProblemLoader Replaying proof simplify25.key.proof 
628308     DEBUG main            d.u.i.k.p.i.IntermediateProofReplayer Proof replay took 1.95ms 
628309     DEBUG main            d.u.i.k.p.r.p.TestFile    ... success: reloaded. 
628309     INFO  main            d.u.i.k.p.r.p.TestFile    Now processing file /home/runner/work/key/key/key.core/../key.ui/examples/standard_key/polySimp/simplify3.key 
628310     INFO  main            d.u.i.k.p.i.AbstractProblemLoader Loading environment from /home/runner/work/key/key/key.core/../key.ui/examples/standard_key/polySimp/simplify3.key 
628310     DEBUG main            d.u.i.k.p.i.AbstractProblemLoader Environment load took 52.6ns 
628311     INFO  main            d.u.i.k.p.i.AbstractProblemLoader Creating init config 
631399     DEBUG main            d.u.i.k.p.i.AbstractProblemLoader Init config took 3.09s 
631413     INFO  main            d.u.i.k.p.i.AbstractProblemLoader Replaying proof simplify3.key 
631414     DEBUG main            d.u.i.k.p.i.IntermediateProofReplayer Proof replay took 3.3ns 
631516     INFO  main            d.u.i.k.p.r.p.TestFile    ... finished proof: closed. 
632223     INFO  main            d.u.i.k.p.i.AbstractProblemLoader Loading environment from /home/runner/work/key/key/key.core/../key.ui/examples/standard_key/polySimp/simplify3.key.proof 
632223     DEBUG main            d.u.i.k.p.i.AbstractProblemLoader Environment load took 78.3ns 
632224     INFO  main            d.u.i.k.p.i.AbstractProblemLoader Creating init config 
635265     DEBUG main            d.u.i.k.p.i.AbstractProblemLoader Init config took 3.04s 
635282     INFO  main            d.u.i.k.p.i.AbstractProblemLoader Replaying proof simplify3.key.proof 
635286     DEBUG main            d.u.i.k.p.i.IntermediateProofReplayer Proof replay took 1.35ms 
635287     DEBUG main            d.u.i.k.p.r.p.TestFile    ... success: reloaded. 
635288     INFO  main            d.u.i.k.p.r.p.TestFile    Now processing file /home/runner/work/key/key/key.core/../key.ui/examples/standard_key/polySimp/simplify4.key 
635288     INFO  main            d.u.i.k.p.i.AbstractProblemLoader Loading environment from /home/runner/work/key/key/key.core/../key.ui/examples/standard_key/polySimp/simplify4.key 
635288     DEBUG main            d.u.i.k.p.i.AbstractProblemLoader Environment load took 53.2ns 
635289     INFO  main            d.u.i.k.p.i.AbstractProblemLoader Creating init config 
638440     DEBUG main            d.u.i.k.p.i.AbstractProblemLoader Init config took 3.15s 
638455     INFO  main            d.u.i.k.p.i.AbstractProblemLoader Replaying proof simplify4.key 
638457     DEBUG main            d.u.i.k.p.i.IntermediateProofReplayer Proof replay took 14.5ns 
638559     INFO  main            d.u.i.k.p.r.p.TestFile    ... finished proof: closed. 
639260     INFO  main            d.u.i.k.p.i.AbstractProblemLoader Loading environment from /home/runner/work/key/key/key.core/../key.ui/examples/standard_key/polySimp/simplify4.key.proof 
639260     DEBUG main            d.u.i.k.p.i.AbstractProblemLoader Environment load took 88ns 
639263     INFO  main            d.u.i.k.p.i.AbstractProblemLoader Creating init config 
642219     DEBUG main            d.u.i.k.p.i.AbstractProblemLoader Init config took 2.96s 
642233     INFO  main            d.u.i.k.p.i.AbstractProblemLoader Replaying proof simplify4.key.proof 
642235     DEBUG main            d.u.i.k.p.i.IntermediateProofReplayer Proof replay took 777.4ns 
642236     DEBUG main            d.u.i.k.p.r.p.TestFile    ... success: reloaded. 
642237     INFO  main            d.u.i.k.p.r.p.TestFile    Now processing file /home/runner/work/key/key/key.core/../key.ui/examples/standard_key/polySimp/simplify5.key 
642237     INFO  main            d.u.i.k.p.i.AbstractProblemLoader Loading environment from /home/runner/work/key/key/key.core/../key.ui/examples/standard_key/polySimp/simplify5.key 
642237     DEBUG main            d.u.i.k.p.i.AbstractProblemLoader Environment load took 82.2ns 
642238     INFO  main            d.u.i.k.p.i.AbstractProblemLoader Creating init config 
645234     DEBUG main            d.u.i.k.p.i.AbstractProblemLoader Init config took 3s 
645248     INFO  main            d.u.i.k.p.i.AbstractProblemLoader Replaying proof simplify5.key 
645249     DEBUG main            d.u.i.k.p.i.IntermediateProofReplayer Proof replay took 2.8ns 
645352     INFO  main            d.u.i.k.p.r.p.TestFile    ... finished proof: closed. 
646065     INFO  main            d.u.i.k.p.i.AbstractProblemLoader Loading environment from /home/runner/work/key/key/key.core/../key.ui/examples/standard_key/polySimp/simplify5.key.proof 
646065     DEBUG main            d.u.i.k.p.i.AbstractProblemLoader Environment load took 81.3ns 
646066     INFO  main            d.u.i.k.p.i.AbstractProblemLoader Creating init config 
648999     DEBUG main            d.u.i.k.p.i.AbstractProblemLoader Init config took 2.93s 
649019     INFO  main            d.u.i.k.p.i.AbstractProblemLoader Replaying proof simplify5.key.proof 
649026     DEBUG main            d.u.i.k.p.i.IntermediateProofReplayer Proof replay took 4.21ms 
649027     DEBUG main            d.u.i.k.p.r.p.TestFile    ... success: reloaded. 
649027     INFO  main            d.u.i.k.p.r.p.TestFile    Now processing file /home/runner/work/key/key/key.core/../key.ui/examples/standard_key/polySimp/simplify6.key 
649027     INFO  main            d.u.i.k.p.i.AbstractProblemLoader Loading environment from /home/runner/work/key/key/key.core/../key.ui/examples/standard_key/polySimp/simplify6.key 
649027     DEBUG main            d.u.i.k.p.i.AbstractProblemLoader Environment load took 57.1ns 
649028     INFO  main            d.u.i.k.p.i.AbstractProblemLoader Creating init config 
652039     DEBUG main            d.u.i.k.p.i.AbstractProblemLoader Init config took 3.01s 
652056     INFO  main            d.u.i.k.p.i.AbstractProblemLoader Replaying proof simplify6.key 
652057     DEBUG main            d.u.i.k.p.i.IntermediateProofReplayer Proof replay took 3.3ns 
652159     INFO  main            d.u.i.k.p.r.p.TestFile    ... finished proof: closed. 
652866     INFO  main            d.u.i.k.p.i.AbstractProblemLoader Loading environment from /home/runner/work/key/key/key.core/../key.ui/examples/standard_key/polySimp/simplify6.key.proof 
652866     DEBUG main            d.u.i.k.p.i.AbstractProblemLoader Environment load took 96ns 
652867     INFO  main            d.u.i.k.p.i.AbstractProblemLoader Creating init config 
655929     DEBUG main            d.u.i.k.p.i.AbstractProblemLoader Init config took 3.06s 
655945     INFO  main            d.u.i.k.p.i.AbstractProblemLoader Replaying proof simplify6.key.proof 
655947     DEBUG main            d.u.i.k.p.i.IntermediateProofReplayer Proof replay took 213.6ns 
655947     DEBUG main            d.u.i.k.p.r.p.TestFile    ... success: reloaded. 
655948     INFO  main            d.u.i.k.p.r.p.TestFile    Now processing file /home/runner/work/key/key/key.core/../key.ui/examples/standard_key/polySimp/simplify7.key 
655948     INFO  main            d.u.i.k.p.i.AbstractProblemLoader Loading environment from /home/runner/work/key/key/key.core/../key.ui/examples/standard_key/polySimp/simplify7.key 
655948     DEBUG main            d.u.i.k.p.i.AbstractProblemLoader Environment load took 55.3ns 
655949     INFO  main            d.u.i.k.p.i.AbstractProblemLoader Creating init config 
659078     DEBUG main            d.u.i.k.p.i.AbstractProblemLoader Init config took 3.13s 
659101     INFO  main            d.u.i.k.p.i.AbstractProblemLoader Replaying proof simplify7.key 
659102     DEBUG main            d.u.i.k.p.i.IntermediateProofReplayer Proof replay took 18.2ns 
659204     INFO  main            d.u.i.k.p.r.p.TestFile    ... finished proof: closed. 
659932     INFO  main            d.u.i.k.p.i.AbstractProblemLoader Loading environment from /home/runner/work/key/key/key.core/../key.ui/examples/standard_key/polySimp/simplify7.key.proof 
659932     DEBUG main            d.u.i.k.p.i.AbstractProblemLoader Environment load took 88.4ns 
659933     INFO  main            d.u.i.k.p.i.AbstractProblemLoader Creating init config 
662966     DEBUG main            d.u.i.k.p.i.AbstractProblemLoader Init config took 3.03s 
662996     INFO  main            d.u.i.k.p.i.AbstractProblemLoader Replaying proof simplify7.key.proof 
662999     DEBUG main            d.u.i.k.p.i.IntermediateProofReplayer Proof replay took 356.1ns 
663000     DEBUG main            d.u.i.k.p.r.p.TestFile    ... success: reloaded. 
663000     INFO  main            d.u.i.k.p.r.p.TestFile    Now processing file /home/runner/work/key/key/key.core/../key.ui/examples/standard_key/polySimp/simplify8.key 
663001     INFO  main            d.u.i.k.p.i.AbstractProblemLoader Loading environment from /home/runner/work/key/key/key.core/../key.ui/examples/standard_key/polySimp/simplify8.key 
663001     DEBUG main            d.u.i.k.p.i.AbstractProblemLoader Environment load took 53.9ns 
663007     INFO  main            d.u.i.k.p.i.AbstractProblemLoader Creating init config 
666114     DEBUG main            d.u.i.k.p.i.AbstractProblemLoader Init config took 3.11s 
666131     INFO  main            d.u.i.k.p.i.AbstractProblemLoader Replaying proof simplify8.key 
666134     DEBUG main            d.u.i.k.p.i.IntermediateProofReplayer Proof replay took 3.1ns 
671220     INFO  main            d.u.i.k.p.r.p.TestFile    ... finished proof: closed. 
671949     INFO  main            d.u.i.k.p.i.AbstractProblemLoader Loading environment from /home/runner/work/key/key/key.core/../key.ui/examples/standard_key/polySimp/simplify8.key.proof 
671949     DEBUG main            d.u.i.k.p.i.AbstractProblemLoader Environment load took 83.7ns 
671952     INFO  main            d.u.i.k.p.i.AbstractProblemLoader Creating init config 
674979     DEBUG main            d.u.i.k.p.i.AbstractProblemLoader Init config took 3.03s 
674998     INFO  main            d.u.i.k.p.i.AbstractProblemLoader Replaying proof simplify8.key.proof 
675058     DEBUG main            d.u.i.k.p.i.IntermediateProofReplayer Proof replay took 54.27ms 
675060     DEBUG main            d.u.i.k.p.r.p.TestFile    ... success: reloaded. 
675061     INFO  main            d.u.i.k.p.r.p.TestFile    Now processing file /home/runner/work/key/key/key.core/../key.ui/examples/standard_key/polySimp/simplify9.key 
675061     INFO  main            d.u.i.k.p.i.AbstractProblemLoader Loading environment from /home/runner/work/key/key/key.core/../key.ui/examples/standard_key/polySimp/simplify9.key 
675061     DEBUG main            d.u.i.k.p.i.AbstractProblemLoader Environment load took 63.2ns 
675063     INFO  main            d.u.i.k.p.i.AbstractProblemLoader Creating init config 
678102     DEBUG main            d.u.i.k.p.i.AbstractProblemLoader Init config took 3.04s 
678118     INFO  main            d.u.i.k.p.i.AbstractProblemLoader Replaying proof simplify9.key 
678120     DEBUG main            d.u.i.k.p.i.IntermediateProofReplayer Proof replay took 3.1ns 
678326     INFO  main            d.u.i.k.p.r.p.TestFile    ... finished proof: closed. 
679128     INFO  main            d.u.i.k.p.i.AbstractProblemLoader Loading environment from /home/runner/work/key/key/key.core/../key.ui/examples/standard_key/polySimp/simplify9.key.proof 
679128     DEBUG main            d.u.i.k.p.i.AbstractProblemLoader Environment load took 201.9ns 
679130     INFO  main            d.u.i.k.p.i.AbstractProblemLoader Creating init config 
682137     DEBUG main            d.u.i.k.p.i.AbstractProblemLoader Init config took 3.01s 
682154     INFO  main            d.u.i.k.p.i.AbstractProblemLoader Replaying proof simplify9.key.proof 
682161     DEBUG main            d.u.i.k.p.i.IntermediateProofReplayer Proof replay took 4.62ms 
682162     DEBUG main            d.u.i.k.p.r.p.TestFile    ... success: reloaded. 
4037778    INFO  Test worker     d.u.i.k.p.r.RunAllProofsTestUnit Returning from test arithmetic 
4037780    INFO  Test worker     d.u.i.k.p.r.RunAllProofsTestUnit Running test arrays 
547        INFO  Timeout watchdog d.u.i.k.p.r.p.ForkedTestFileRunner Timeout watcher launched (2000 secs.) 
579        WARN  main            d.u.i.k.s.ProofSettings   The settings in /home/runner/.key/proof-settings.props are *not* read. 
618        INFO  main            d.u.i.k.p.r.p.TestFile    Now processing file /home/runner/work/key/key/key.core/../key.ui/examples/standard_key/arrays/arrayStoreException/array2DimPrim.key 
761        INFO  main            d.u.i.k.p.i.AbstractProblemLoader Loading environment from /home/runner/work/key/key/key.core/../key.ui/examples/standard_key/arrays/arrayStoreException/array2DimPrim.key 
785        DEBUG main            d.u.i.k.p.i.AbstractProblemLoader Environment load took 2.71ms 
1157       INFO  main            d.u.i.k.p.i.AbstractProblemLoader Creating init config 
2500       DEBUG main            d.u.i.k.j.TypeConverter   No LDT found for Meta 
2501       DEBUG main            d.u.i.k.j.TypeConverter   No LDT found for Meta 
2506       DEBUG main            d.u.i.k.j.TypeConverter   No LDT found for Meta 
2506       DEBUG main            d.u.i.k.j.TypeConverter   No LDT found for Meta 
4328       DEBUG main            d.u.i.k.j.TypeConverter   No LDT found for JavaBigintExpression 
10594      DEBUG main            d.u.i.k.p.i.AbstractProblemLoader Init config took 9.44s 
10701      INFO  main            d.u.i.k.p.i.AbstractProblemLoader Replaying proof array2DimPrim.key 
10758      DEBUG main            d.u.i.k.p.i.IntermediateProofReplayer Proof replay took 41.1ns 
16309      INFO  main            d.u.i.k.p.r.p.TestFile    ... finished proof: closed. 
16574      INFO  main            d.u.i.k.p.i.AbstractProblemLoader Loading environment from /home/runner/work/key/key/key.core/../key.ui/examples/standard_key/arrays/arrayStoreException/array2DimPrim.key.proof 
16575      DEBUG main            d.u.i.k.p.i.AbstractProblemLoader Environment load took 893.41ns 
16583      INFO  main            d.u.i.k.p.i.AbstractProblemLoader Creating init config 
20109      DEBUG main            d.u.i.k.p.i.AbstractProblemLoader Init config took 3.53s 
20151      INFO  main            d.u.i.k.p.i.AbstractProblemLoader Replaying proof array2DimPrim.key.proof 
20719      DEBUG main            d.u.i.k.p.i.IntermediateProofReplayer Proof replay took 544.75ms 
20737      DEBUG main            d.u.i.k.p.r.p.TestFile    ... success: reloaded. 
20739      INFO  main            d.u.i.k.p.r.p.TestFile    Now processing file /home/runner/work/key/key/key.core/../key.ui/examples/standard_key/arrays/arrayStoreException/arrayStoreKnownDynType.key 
20740      INFO  main            d.u.i.k.p.i.AbstractProblemLoader Loading environment from /home/runner/work/key/key/key.core/../key.ui/examples/standard_key/arrays/arrayStoreException/arrayStoreKnownDynType.key 
20740      DEBUG main            d.u.i.k.p.i.AbstractProblemLoader Environment load took 262.5ns 
20742      INFO  main            d.u.i.k.p.i.AbstractProblemLoader Creating init config 
24042      DEBUG main            d.u.i.k.p.i.AbstractProblemLoader Init config took 3.3s 
24092      INFO  main            d.u.i.k.p.i.AbstractProblemLoader Replaying proof arrayStoreKnownDynType.key 
24099      DEBUG main            d.u.i.k.p.i.IntermediateProofReplayer Proof replay took 7.2ns 
24404      INFO  main            d.u.i.k.p.r.p.TestFile    ... finished proof: closed. 
24736      INFO  main            d.u.i.k.p.i.AbstractProblemLoader Loading environment from /home/runner/work/key/key/key.core/../key.ui/examples/standard_key/arrays/arrayStoreException/arrayStoreKnownDynType.key.proof 
24738      DEBUG main            d.u.i.k.p.i.AbstractProblemLoader Environment load took 2.36ms 
24740      INFO  main            d.u.i.k.p.i.AbstractProblemLoader Creating init config 
28240      DEBUG main            d.u.i.k.p.i.AbstractProblemLoader Init config took 3.5s 
28273      INFO  main            d.u.i.k.p.i.AbstractProblemLoader Replaying proof arrayStoreKnownDynType.key.proof 
28349      DEBUG main            d.u.i.k.p.i.IntermediateProofReplayer Proof replay took 71.19ms 
28351      DEBUG main            d.u.i.k.p.r.p.TestFile    ... success: reloaded. 
28352      INFO  main            d.u.i.k.p.r.p.TestFile    Now processing file /home/runner/work/key/key/key.core/../key.ui/examples/standard_key/arrays/arrayStoreException/reverseArray.key 
28353      INFO  main            d.u.i.k.p.i.AbstractProblemLoader Loading environment from /home/runner/work/key/key/key.core/../key.ui/examples/standard_key/arrays/arrayStoreException/reverseArray.key 
28353      DEBUG main            d.u.i.k.p.i.AbstractProblemLoader Environment load took 286.3ns 
28355      INFO  main            d.u.i.k.p.i.AbstractProblemLoader Creating init config 
31979      DEBUG main            d.u.i.k.p.i.AbstractProblemLoader Init config took 3.62s 
32019      INFO  main            d.u.i.k.p.i.AbstractProblemLoader Replaying proof reverseArray.key 
32025      DEBUG main            d.u.i.k.p.i.IntermediateProofReplayer Proof replay took 10.5ns 
32933      INFO  main            d.u.i.k.p.r.p.TestFile    ... finished proof: closed. 
33182      INFO  main            d.u.i.k.p.i.AbstractProblemLoader Loading environment from /home/runner/work/key/key/key.core/../key.ui/examples/standard_key/arrays/arrayStoreException/reverseArray.key.proof 
33182      DEBUG main            d.u.i.k.p.i.AbstractProblemLoader Environment load took 533.4ns 
33185      INFO  main            d.u.i.k.p.i.AbstractProblemLoader Creating init config 
36525      DEBUG main            d.u.i.k.p.i.AbstractProblemLoader Init config took 3.34s 
36556      INFO  main            d.u.i.k.p.i.AbstractProblemLoader Replaying proof reverseArray.key.proof 
36761      DEBUG main            d.u.i.k.p.i.IntermediateProofReplayer Proof replay took 172.79ms 
36764      DEBUG main            d.u.i.k.p.r.p.TestFile    ... success: reloaded. 
36765      INFO  main            d.u.i.k.p.r.p.TestFile    Now processing file /home/runner/work/key/key/key.core/../key.ui/examples/standard_key/arrays/arrayStoreException/throwArrayStoreException.key 
36766      INFO  main            d.u.i.k.p.i.AbstractProblemLoader Loading environment from /home/runner/work/key/key/key.core/../key.ui/examples/standard_key/arrays/arrayStoreException/throwArrayStoreException.key 
36766      DEBUG main            d.u.i.k.p.i.AbstractProblemLoader Environment load took 330.1ns 
36768      INFO  main            d.u.i.k.p.i.AbstractProblemLoader Creating init config 
40159      DEBUG main            d.u.i.k.p.i.AbstractProblemLoader Init config took 3.39s 
40190      INFO  main            d.u.i.k.p.i.AbstractProblemLoader Replaying proof throwArrayStoreException.key 
40192      DEBUG main            d.u.i.k.p.i.IntermediateProofReplayer Proof replay took 7.3ns 
40797      INFO  main            d.u.i.k.p.r.p.TestFile    ... finished proof: closed. 
41087      INFO  main            d.u.i.k.p.i.AbstractProblemLoader Loading environment from /home/runner/work/key/key/key.core/../key.ui/examples/standard_key/arrays/arrayStoreException/throwArrayStoreException.key.proof 
41088      DEBUG main            d.u.i.k.p.i.AbstractProblemLoader Environment load took 755.6ns 
41090      INFO  main            d.u.i.k.p.i.AbstractProblemLoader Creating init config 
44604      DEBUG main            d.u.i.k.p.i.AbstractProblemLoader Init config took 3.51s 
44634      INFO  main            d.u.i.k.p.i.AbstractProblemLoader Replaying proof throwArrayStoreException.key.proof 
44746      DEBUG main            d.u.i.k.p.i.IntermediateProofReplayer Proof replay took 105.92ms 
44748      DEBUG main            d.u.i.k.p.r.p.TestFile    ... success: reloaded. 
44749      INFO  main            d.u.i.k.p.r.p.TestFile    Now processing file /home/runner/work/key/key/key.core/../key.ui/examples/standard_key/arrays/creation/arrayCreation1.key 
44750      INFO  main            d.u.i.k.p.i.AbstractProblemLoader Loading environment from /home/runner/work/key/key/key.core/../key.ui/examples/standard_key/arrays/creation/arrayCreation1.key 
44750      DEBUG main            d.u.i.k.p.i.AbstractProblemLoader Environment load took 253.5ns 
44751      INFO  main            d.u.i.k.p.i.AbstractProblemLoader Creating init config 
47917      DEBUG main            d.u.i.k.p.i.AbstractProblemLoader Init config took 3.17s 
47946      INFO  main            d.u.i.k.p.i.AbstractProblemLoader Replaying proof arrayCreation1.key 
47948      DEBUG main            d.u.i.k.p.i.IntermediateProofReplayer Proof replay took 7.9ns 
48153      INFO  main            d.u.i.k.p.r.p.TestFile    ... finished proof: closed. 
48388      INFO  main            d.u.i.k.p.i.AbstractProblemLoader Loading environment from /home/runner/work/key/key/key.core/../key.ui/examples/standard_key/arrays/creation/arrayCreation1.key.proof 
48394      DEBUG main            d.u.i.k.p.i.AbstractProblemLoader Environment load took 5.55ms 
48395      INFO  main            d.u.i.k.p.i.AbstractProblemLoader Creating init config 
51520      DEBUG main            d.u.i.k.p.i.AbstractProblemLoader Init config took 3.12s 
51548      INFO  main            d.u.i.k.p.i.AbstractProblemLoader Replaying proof arrayCreation1.key.proof 
51581      DEBUG main            d.u.i.k.p.i.IntermediateProofReplayer Proof replay took 30.36ms 
51583      DEBUG main            d.u.i.k.p.r.p.TestFile    ... success: reloaded. 
51584      INFO  main            d.u.i.k.p.r.p.TestFile    Now processing file /home/runner/work/key/key/key.core/../key.ui/examples/standard_key/arrays/arrayStoreException/array2Dim.key 
51585      INFO  main            d.u.i.k.p.i.AbstractProblemLoader Loading environment from /home/runner/work/key/key/key.core/../key.ui/examples/standard_key/arrays/arrayStoreException/array2Dim.key 
51585      DEBUG main            d.u.i.k.p.i.AbstractProblemLoader Environment load took 275.8ns 
51587      INFO  main            d.u.i.k.p.i.AbstractProblemLoader Creating init config 
54832      DEBUG main            d.u.i.k.p.i.AbstractProblemLoader Init config took 3.24s 
54860      INFO  main            d.u.i.k.p.i.AbstractProblemLoader Replaying proof array2Dim.key 
54863      DEBUG main            d.u.i.k.p.i.IntermediateProofReplayer Proof replay took 15.7ns 
59792      INFO  main            d.u.i.k.p.r.p.TestFile    ... finished proof: open goal(s) 
60157      INFO  main            d.u.i.k.p.r.p.TestFile    Now processing file /home/runner/work/key/key/key.core/../key.ui/examples/standard_key/arrays/arrayStoreException/array2DimClose.key 
60159      INFO  main            d.u.i.k.p.i.AbstractProblemLoader Loading environment from /home/runner/work/key/key/key.core/../key.ui/examples/standard_key/arrays/arrayStoreException/array2DimClose.key 
60160      DEBUG main            d.u.i.k.p.i.AbstractProblemLoader Environment load took 288.1ns 
60162      INFO  main            d.u.i.k.p.i.AbstractProblemLoader Creating init config 
63276      DEBUG main            d.u.i.k.p.i.AbstractProblemLoader Init config took 3.11s 
63312      INFO  main            d.u.i.k.p.i.AbstractProblemLoader Replaying proof array2DimClose.key 
63317      DEBUG main            d.u.i.k.p.i.IntermediateProofReplayer Proof replay took 18ns 
66714      INFO  main            d.u.i.k.p.r.p.TestFile    ... finished proof: open goal(s) 
67183      INFO  main            d.u.i.k.p.r.p.TestFile    Now processing file /home/runner/work/key/key/key.core/../key.ui/examples/standard_key/arrays/arrayStoreException/throwASEForPrim.key 
67185      INFO  main            d.u.i.k.p.i.AbstractProblemLoader Loading environment from /home/runner/work/key/key/key.core/../key.ui/examples/standard_key/arrays/arrayStoreException/throwASEForPrim.key 
67185      DEBUG main            d.u.i.k.p.i.AbstractProblemLoader Environment load took 104.5ns 
67190      INFO  main            d.u.i.k.p.i.AbstractProblemLoader Creating init config 
70210      DEBUG main            d.u.i.k.p.i.AbstractProblemLoader Init config took 3.02s 
70239      INFO  main            d.u.i.k.p.i.AbstractProblemLoader Replaying proof throwASEForPrim.key 
70243      DEBUG main            d.u.i.k.p.i.IntermediateProofReplayer Proof replay took 7.7ns 
76456      INFO  main            d.u.i.k.p.r.p.TestFile    ... finished proof: open goal(s) 
4114892    INFO  Test worker     d.u.i.k.p.r.RunAllProofsTestUnit Returning from test arrays 
4114893    INFO  Test worker     d.u.i.k.p.r.RunAllProofsTestUnit Running test javadl 
534        INFO  Timeout watchdog d.u.i.k.p.r.p.ForkedTestFileRunner Timeout watcher launched (2000 secs.) 
553        WARN  main            d.u.i.k.s.ProofSettings   The settings in /home/runner/.key/proof-settings.props are *not* read. 
609        INFO  main            d.u.i.k.p.r.p.TestFile    Now processing file /home/runner/work/key/key/key.core/../key.ui/examples/standard_key/instanceCreation/instanceCreation1.key 
762        INFO  main            d.u.i.k.p.i.AbstractProblemLoader Loading environment from /home/runner/work/key/key/key.core/../key.ui/examples/standard_key/instanceCreation/instanceCreation1.key 
798        DEBUG main            d.u.i.k.p.i.AbstractProblemLoader Environment load took 2.43ms 
1178       INFO  main            d.u.i.k.p.i.AbstractProblemLoader Creating init config 
2566       DEBUG main            d.u.i.k.j.TypeConverter   No LDT found for Meta 
2567       DEBUG main            d.u.i.k.j.TypeConverter   No LDT found for Meta 
2572       DEBUG main            d.u.i.k.j.TypeConverter   No LDT found for Meta 
2573       DEBUG main            d.u.i.k.j.TypeConverter   No LDT found for Meta 
4283       DEBUG main            d.u.i.k.j.TypeConverter   No LDT found for JavaBigintExpression 
10822      DEBUG main            d.u.i.k.p.i.AbstractProblemLoader Init config took 9.64s 
10947      INFO  main            d.u.i.k.p.i.AbstractProblemLoader Replaying proof instanceCreation1.key 
11001      DEBUG main            d.u.i.k.p.i.IntermediateProofReplayer Proof replay took 52.8ns 
12577      INFO  main            d.u.i.k.p.r.p.TestFile    ... finished proof: closed. 
12752      INFO  main            d.u.i.k.p.i.AbstractProblemLoader Loading environment from /home/runner/work/key/key/key.core/../key.ui/examples/standard_key/instanceCreation/instanceCreation1.key.proof 
12753      DEBUG main            d.u.i.k.p.i.AbstractProblemLoader Environment load took 1.45ms 
12762      INFO  main            d.u.i.k.p.i.AbstractProblemLoader Creating init config 
16432      DEBUG main            d.u.i.k.p.i.AbstractProblemLoader Init config took 3.67s 
16487      INFO  main            d.u.i.k.p.i.AbstractProblemLoader Replaying proof instanceCreation1.key.proof 
16590      DEBUG main            d.u.i.k.p.i.IntermediateProofReplayer Proof replay took 94.89ms 
16606      DEBUG main            d.u.i.k.p.r.p.TestFile    ... success: reloaded. 
16607      INFO  main            d.u.i.k.p.r.p.TestFile    Now processing file /home/runner/work/key/key/key.core/../key.ui/examples/standard_key/instanceCreation/instanceCreation2.key 
16611      INFO  main            d.u.i.k.p.i.AbstractProblemLoader Loading environment from /home/runner/work/key/key/key.core/../key.ui/examples/standard_key/instanceCreation/instanceCreation2.key 
16611      DEBUG main            d.u.i.k.p.i.AbstractProblemLoader Environment load took 286.3ns 
16614      INFO  main            d.u.i.k.p.i.AbstractProblemLoader Creating init config 
20274      DEBUG main            d.u.i.k.p.i.AbstractProblemLoader Init config took 3.66s 
20312      INFO  main            d.u.i.k.p.i.AbstractProblemLoader Replaying proof instanceCreation2.key 
20316      DEBUG main            d.u.i.k.p.i.IntermediateProofReplayer Proof replay took 7.3ns 
21024      INFO  main            d.u.i.k.p.r.p.TestFile    ... finished proof: closed. 
21260      INFO  main            d.u.i.k.p.i.AbstractProblemLoader Loading environment from /home/runner/work/key/key/key.core/../key.ui/examples/standard_key/instanceCreation/instanceCreation2.key.proof 
21269      DEBUG main            d.u.i.k.p.i.AbstractProblemLoader Environment load took 9.15ms 
21272      INFO  main            d.u.i.k.p.i.AbstractProblemLoader Creating init config 
24931      DEBUG main            d.u.i.k.p.i.AbstractProblemLoader Init config took 3.66s 
24971      INFO  main            d.u.i.k.p.i.AbstractProblemLoader Replaying proof instanceCreation2.key.proof 
25095      DEBUG main            d.u.i.k.p.i.IntermediateProofReplayer Proof replay took 114.83ms 
25097      DEBUG main            d.u.i.k.p.r.p.TestFile    ... success: reloaded. 
25099      INFO  main            d.u.i.k.p.r.p.TestFile    Now processing file /home/runner/work/key/key/key.core/../key.ui/examples/standard_key/instanceCreation/interfacesAndAbstractClassesHaveNoInstances.key 
25099      INFO  main            d.u.i.k.p.i.AbstractProblemLoader Loading environment from /home/runner/work/key/key/key.core/../key.ui/examples/standard_key/instanceCreation/interfacesAndAbstractClassesHaveNoInstances.key 
25099      DEBUG main            d.u.i.k.p.i.AbstractProblemLoader Environment load took 287.8ns 
25101      INFO  main            d.u.i.k.p.i.AbstractProblemLoader Creating init config 
28705      DEBUG main            d.u.i.k.p.i.AbstractProblemLoader Init config took 3.6s 
28734      INFO  main            d.u.i.k.p.i.AbstractProblemLoader Replaying proof interfacesAndAbstractClassesHaveNoInstances.key 
28736      DEBUG main            d.u.i.k.p.i.IntermediateProofReplayer Proof replay took 7.8ns 
28846      INFO  main            d.u.i.k.p.r.p.TestFile    ... finished proof: closed. 
29050      INFO  main            d.u.i.k.p.i.AbstractProblemLoader Loading environment from /home/runner/work/key/key/key.core/../key.ui/examples/standard_key/instanceCreation/interfacesAndAbstractClassesHaveNoInstances.key.proof 
29050      DEBUG main            d.u.i.k.p.i.AbstractProblemLoader Environment load took 162.3ns 
29052      INFO  main            d.u.i.k.p.i.AbstractProblemLoader Creating init config 
32399      DEBUG main            d.u.i.k.p.i.AbstractProblemLoader Init config took 3.35s 
32429      INFO  main            d.u.i.k.p.i.AbstractProblemLoader Replaying proof interfacesAndAbstractClassesHaveNoInstances.key.proof 
32433      DEBUG main            d.u.i.k.p.i.IntermediateProofReplayer Proof replay took 1.55ms 
32435      DEBUG main            d.u.i.k.p.r.p.TestFile    ... success: reloaded. 
32437      INFO  main            d.u.i.k.p.r.p.TestFile    Now processing file /home/runner/work/key/key/key.core/../key.ui/examples/standard_key/instanceCreation/successiveCreatedObjectsAreDistinct.key 
32438      INFO  main            d.u.i.k.p.i.AbstractProblemLoader Loading environment from /home/runner/work/key/key/key.core/../key.ui/examples/standard_key/instanceCreation/successiveCreatedObjectsAreDistinct.key 
32439      DEBUG main            d.u.i.k.p.i.AbstractProblemLoader Environment load took 254.3ns 
32440      INFO  main            d.u.i.k.p.i.AbstractProblemLoader Creating init config 
35745      DEBUG main            d.u.i.k.p.i.AbstractProblemLoader Init config took 3.3s 
35773      INFO  main            d.u.i.k.p.i.AbstractProblemLoader Replaying proof successiveCreatedObjectsAreDistinct.key 
35777      DEBUG main            d.u.i.k.p.i.IntermediateProofReplayer Proof replay took 6.1ns 
36286      INFO  main            d.u.i.k.p.r.p.TestFile    ... finished proof: closed. 
36488      INFO  main            d.u.i.k.p.i.AbstractProblemLoader Loading environment from /home/runner/work/key/key/key.core/../key.ui/examples/standard_key/instanceCreation/successiveCreatedObjectsAreDistinct.key.proof 
36488      DEBUG main            d.u.i.k.p.i.AbstractProblemLoader Environment load took 222ns 
36490      INFO  main            d.u.i.k.p.i.AbstractProblemLoader Creating init config 
39814      DEBUG main            d.u.i.k.p.i.AbstractProblemLoader Init config took 3.32s 
39848      INFO  main            d.u.i.k.p.i.AbstractProblemLoader Replaying proof successiveCreatedObjectsAreDistinct.key.proof 
39933      DEBUG main            d.u.i.k.p.i.IntermediateProofReplayer Proof replay took 79.9ms 
39936      DEBUG main            d.u.i.k.p.r.p.TestFile    ... success: reloaded. 
39939      INFO  main            d.u.i.k.p.r.p.TestFile    Now processing file /home/runner/work/key/key/key.core/../key.ui/examples/standard_key/instanceCreation/testOverloadingConstructors.key 
39940      INFO  main            d.u.i.k.p.i.AbstractProblemLoader Loading environment from /home/runner/work/key/key/key.core/../key.ui/examples/standard_key/instanceCreation/testOverloadingConstructors.key 
39940      DEBUG main            d.u.i.k.p.i.AbstractProblemLoader Environment load took 136.1ns 
39941      INFO  main            d.u.i.k.p.i.AbstractProblemLoader Creating init config 
43220      DEBUG main            d.u.i.k.p.i.AbstractProblemLoader Init config took 3.28s 
43245      INFO  main            d.u.i.k.p.i.AbstractProblemLoader Replaying proof testOverloadingConstructors.key 
43247      DEBUG main            d.u.i.k.p.i.IntermediateProofReplayer Proof replay took 5ns 
43651      INFO  main            d.u.i.k.p.r.p.TestFile    ... finished proof: closed. 
43859      INFO  main            d.u.i.k.p.i.AbstractProblemLoader Loading environment from /home/runner/work/key/key/key.core/../key.ui/examples/standard_key/instanceCreation/testOverloadingConstructors.key.proof 
43863      DEBUG main            d.u.i.k.p.i.AbstractProblemLoader Environment load took 3.35ms 
43864      INFO  main            d.u.i.k.p.i.AbstractProblemLoader Creating init config 
47018      DEBUG main            d.u.i.k.p.i.AbstractProblemLoader Init config took 3.15s 
47045      INFO  main            d.u.i.k.p.i.AbstractProblemLoader Replaying proof testOverloadingConstructors.key.proof 
47115      DEBUG main            d.u.i.k.p.i.IntermediateProofReplayer Proof replay took 65.26ms 
47117      DEBUG main            d.u.i.k.p.r.p.TestFile    ... success: reloaded. 
47119      INFO  main            d.u.i.k.p.r.p.TestFile    Now processing file /home/runner/work/key/key/key.core/../key.ui/examples/standard_key/java_dl/SimpleAttributes.key 
47119      INFO  main            d.u.i.k.p.i.AbstractProblemLoader Loading environment from /home/runner/work/key/key/key.core/../key.ui/examples/standard_key/java_dl/SimpleAttributes.key 
47119      DEBUG main            d.u.i.k.p.i.AbstractProblemLoader Environment load took 311.9ns 
47121      INFO  main            d.u.i.k.p.i.AbstractProblemLoader Creating init config 
50316      DEBUG main            d.u.i.k.p.i.AbstractProblemLoader Init config took 3.2s 
50340      INFO  main            d.u.i.k.p.i.AbstractProblemLoader Replaying proof SimpleAttributes.key 
50342      DEBUG main            d.u.i.k.p.i.IntermediateProofReplayer Proof replay took 6.9ns 
50548      INFO  main            d.u.i.k.p.r.p.TestFile    ... finished proof: closed. 
50770      INFO  main            d.u.i.k.p.i.AbstractProblemLoader Loading environment from /home/runner/work/key/key/key.core/../key.ui/examples/standard_key/java_dl/SimpleAttributes.key.proof 
50770      DEBUG main            d.u.i.k.p.i.AbstractProblemLoader Environment load took 183.3ns 
50771      INFO  main            d.u.i.k.p.i.AbstractProblemLoader Creating init config 
54032      DEBUG main            d.u.i.k.p.i.AbstractProblemLoader Init config took 3.26s 
54059      INFO  main            d.u.i.k.p.i.AbstractProblemLoader Replaying proof SimpleAttributes.key.proof 
54096      DEBUG main            d.u.i.k.p.i.IntermediateProofReplayer Proof replay took 31.68ms 
54107      DEBUG main            d.u.i.k.p.r.p.TestFile    ... success: reloaded. 
54108      INFO  main            d.u.i.k.p.r.p.TestFile    Now processing file /home/runner/work/key/key/key.core/../key.ui/examples/standard_key/java_dl/arrayMax.key 
54109      INFO  main            d.u.i.k.p.i.AbstractProblemLoader Loading environment from /home/runner/work/key/key/key.core/../key.ui/examples/standard_key/java_dl/arrayMax.key 
54109      DEBUG main            d.u.i.k.p.i.AbstractProblemLoader Environment load took 272.2ns 
54112      INFO  main            d.u.i.k.p.i.AbstractProblemLoader Creating init config 
57349      DEBUG main            d.u.i.k.p.i.AbstractProblemLoader Init config took 3.24s 
57382      INFO  main            d.u.i.k.p.i.AbstractProblemLoader Replaying proof arrayMax.key 
57386      DEBUG main            d.u.i.k.p.i.IntermediateProofReplayer Proof replay took 7.7ns 
59202      INFO  main            d.u.i.k.p.r.p.TestFile    ... finished proof: closed. 
59477      INFO  main            d.u.i.k.p.i.AbstractProblemLoader Loading environment from /home/runner/work/key/key/key.core/../key.ui/examples/standard_key/java_dl/arrayMax.key.proof 
59478      DEBUG main            d.u.i.k.p.i.AbstractProblemLoader Environment load took 325.6ns 
59480      INFO  main            d.u.i.k.p.i.AbstractProblemLoader Creating init config 
62663      DEBUG main            d.u.i.k.p.i.AbstractProblemLoader Init config took 3.18s 
62688      INFO  main            d.u.i.k.p.i.AbstractProblemLoader Replaying proof arrayMax.key.proof 
62961      DEBUG main            d.u.i.k.p.i.IntermediateProofReplayer Proof replay took 263.98ms 
62963      DEBUG main            d.u.i.k.p.r.p.TestFile    ... success: reloaded. 
62964      INFO  main            d.u.i.k.p.r.p.TestFile    Now processing file /home/runner/work/key/key/key.core/../key.ui/examples/standard_key/java_dl/arrayUpdateSimp.key 
62965      INFO  main            d.u.i.k.p.i.AbstractProblemLoader Loading environment from /home/runner/work/key/key/key.core/../key.ui/examples/standard_key/java_dl/arrayUpdateSimp.key 
62965      DEBUG main            d.u.i.k.p.i.AbstractProblemLoader Environment load took 336.1ns 
62968      INFO  main            d.u.i.k.p.i.AbstractProblemLoader Creating init config 
63005      WARN  main            d.u.i.k.j.r.KeYCrossReferenceNameInfo Datatype java.io.InputStream declared twice: Once in FILE:/home/runner/work/key/key/key.core/../key.ui/examples/standard_key/java_dl/./classpath/InputStream.java and once in URL:file:/home/runner/work/key/key/key.core/build/resources/main/de/uka/ilkd/key/java/JavaRedux/java/io/InputStream.java, Keeping one from URL:file:/home/runner/work/key/key/key.core/build/resources/main/de/uka/ilkd/key/java/JavaRedux/java/io/InputStream.java 
63006      WARN  main            d.u.i.k.j.r.KeYCrossReferenceNameInfo Datatype java.lang.System declared twice: Once in FILE:/home/runner/work/key/key/key.core/../key.ui/examples/standard_key/java_dl/./classpath/System.java and once in URL:file:/home/runner/work/key/key/key.core/build/resources/main/de/uka/ilkd/key/java/JavaRedux/java/lang/System.java, Keeping one from URL:file:/home/runner/work/key/key/key.core/build/resources/main/de/uka/ilkd/key/java/JavaRedux/java/lang/System.java 
63006      WARN  main            d.u.i.k.j.r.KeYCrossReferenceNameInfo Datatype java.io.PrintStream declared twice: Once in FILE:/home/runner/work/key/key/key.core/../key.ui/examples/standard_key/java_dl/./classpath/PrintStream.java and once in URL:file:/home/runner/work/key/key/key.core/build/resources/main/de/uka/ilkd/key/java/JavaRedux/java/io/PrintStream.java, Keeping one from URL:file:/home/runner/work/key/key/key.core/build/resources/main/de/uka/ilkd/key/java/JavaRedux/java/io/PrintStream.java 
63013      DEBUG main            d.u.i.k.j.r.ClassFileDeclarationBuilder Parsing: package java.io; public class Closeable { } 
63013      DEBUG main            r.s.KeYCrossReferenceSourceInfo Dynamically created class: java.io.Closeable 
66367      DEBUG main            d.u.i.k.p.i.AbstractProblemLoader Init config took 3.4s 
66392      INFO  main            d.u.i.k.p.i.AbstractProblemLoader Replaying proof arrayUpdateSimp.key 
66394      DEBUG main            d.u.i.k.p.i.IntermediateProofReplayer Proof replay took 6.9ns 
66498      INFO  main            d.u.i.k.p.r.p.TestFile    ... finished proof: closed. 
66824      INFO  main            d.u.i.k.p.i.AbstractProblemLoader Loading environment from /home/runner/work/key/key/key.core/../key.ui/examples/standard_key/java_dl/arrayUpdateSimp.key.proof 
66825      DEBUG main            d.u.i.k.p.i.AbstractProblemLoader Environment load took 816.31ns 
66831      INFO  main            d.u.i.k.p.i.AbstractProblemLoader Creating init config 
66869      WARN  main            d.u.i.k.j.r.KeYCrossReferenceNameInfo Datatype java.io.InputStream declared twice: Once in FILE:/home/runner/work/key/key/key.core/../key.ui/examples/standard_key/java_dl/classpath/InputStream.java and once in URL:file:/home/runner/work/key/key/key.core/build/resources/main/de/uka/ilkd/key/java/JavaRedux/java/io/InputStream.java, Keeping one from URL:file:/home/runner/work/key/key/key.core/build/resources/main/de/uka/ilkd/key/java/JavaRedux/java/io/InputStream.java 
66870      WARN  main            d.u.i.k.j.r.KeYCrossReferenceNameInfo Datatype java.lang.System declared twice: Once in FILE:/home/runner/work/key/key/key.core/../key.ui/examples/standard_key/java_dl/classpath/System.java and once in URL:file:/home/runner/work/key/key/key.core/build/resources/main/de/uka/ilkd/key/java/JavaRedux/java/lang/System.java, Keeping one from URL:file:/home/runner/work/key/key/key.core/build/resources/main/de/uka/ilkd/key/java/JavaRedux/java/lang/System.java 
66870      WARN  main            d.u.i.k.j.r.KeYCrossReferenceNameInfo Datatype java.io.PrintStream declared twice: Once in FILE:/home/runner/work/key/key/key.core/../key.ui/examples/standard_key/java_dl/classpath/PrintStream.java and once in URL:file:/home/runner/work/key/key/key.core/build/resources/main/de/uka/ilkd/key/java/JavaRedux/java/io/PrintStream.java, Keeping one from URL:file:/home/runner/work/key/key/key.core/build/resources/main/de/uka/ilkd/key/java/JavaRedux/java/io/PrintStream.java 
66875      DEBUG main            d.u.i.k.j.r.ClassFileDeclarationBuilder Parsing: package java.io; public class Closeable { } 
66875      DEBUG main            r.s.KeYCrossReferenceSourceInfo Dynamically created class: java.io.Closeable 
70068      DEBUG main            d.u.i.k.p.i.AbstractProblemLoader Init config took 3.24s 
70095      INFO  main            d.u.i.k.p.i.AbstractProblemLoader Replaying proof arrayUpdateSimp.key.proof 
70098      DEBUG main            d.u.i.k.p.i.IntermediateProofReplayer Proof replay took 875ns 
70101      DEBUG main            d.u.i.k.p.r.p.TestFile    ... success: reloaded. 
70102      INFO  main            d.u.i.k.p.r.p.TestFile    Now processing file /home/runner/work/key/key/key.core/../key.ui/examples/standard_key/java_dl/attributes.key 
70102      INFO  main            d.u.i.k.p.i.AbstractProblemLoader Loading environment from /home/runner/work/key/key/key.core/../key.ui/examples/standard_key/java_dl/attributes.key 
70103      DEBUG main            d.u.i.k.p.i.AbstractProblemLoader Environment load took 241ns 
70104      INFO  main            d.u.i.k.p.i.AbstractProblemLoader Creating init config 
73380      DEBUG main            d.u.i.k.p.i.AbstractProblemLoader Init config took 3.28s 
73432      INFO  main            d.u.i.k.p.i.AbstractProblemLoader Replaying proof attributes.key 
73434      DEBUG main            d.u.i.k.p.i.IntermediateProofReplayer Proof replay took 6.8ns 
73637      INFO  main            d.u.i.k.p.r.p.TestFile    ... finished proof: closed. 
73959      INFO  main            d.u.i.k.p.i.AbstractProblemLoader Loading environment from /home/runner/work/key/key/key.core/../key.ui/examples/standard_key/java_dl/attributes.key.proof 
73960      DEBUG main            d.u.i.k.p.i.AbstractProblemLoader Environment load took 137.2ns 
73961      INFO  main            d.u.i.k.p.i.AbstractProblemLoader Creating init config 
77589      DEBUG main            d.u.i.k.p.i.AbstractProblemLoader Init config took 3.63s 
77620      INFO  main            d.u.i.k.p.i.AbstractProblemLoader Replaying proof attributes.key.proof 
77690      DEBUG main            d.u.i.k.p.i.IntermediateProofReplayer Proof replay took 64.7ms 
77700      DEBUG main            d.u.i.k.p.r.p.TestFile    ... success: reloaded. 
77701      INFO  main            d.u.i.k.p.r.p.TestFile    Now processing file /home/runner/work/key/key/key.core/../key.ui/examples/standard_key/java_dl/break.key 
77702      INFO  main            d.u.i.k.p.i.AbstractProblemLoader Loading environment from /home/runner/work/key/key/key.core/../key.ui/examples/standard_key/java_dl/break.key 
77702      DEBUG main            d.u.i.k.p.i.AbstractProblemLoader Environment load took 311.6ns 
77704      INFO  main            d.u.i.k.p.i.AbstractProblemLoader Creating init config 
77781      WARN  main            d.u.i.k.j.r.KeYCrossReferenceNameInfo Datatype java.io.InputStream declared twice: Once in FILE:/home/runner/work/key/key/key.core/../key.ui/examples/standard_key/java_dl/classpath/InputStream.java and once in URL:file:/home/runner/work/key/key/key.core/build/resources/main/de/uka/ilkd/key/java/JavaRedux/java/io/InputStream.java, Keeping one from URL:file:/home/runner/work/key/key/key.core/build/resources/main/de/uka/ilkd/key/java/JavaRedux/java/io/InputStream.java 
77790      WARN  main            d.u.i.k.j.r.KeYCrossReferenceNameInfo Datatype java.lang.System declared twice: Once in FILE:/home/runner/work/key/key/key.core/../key.ui/examples/standard_key/java_dl/classpath/System.java and once in URL:file:/home/runner/work/key/key/key.core/build/resources/main/de/uka/ilkd/key/java/JavaRedux/java/lang/System.java, Keeping one from URL:file:/home/runner/work/key/key/key.core/build/resources/main/de/uka/ilkd/key/java/JavaRedux/java/lang/System.java 
77790      WARN  main            d.u.i.k.j.r.KeYCrossReferenceNameInfo Datatype java.io.PrintStream declared twice: Once in FILE:/home/runner/work/key/key/key.core/../key.ui/examples/standard_key/java_dl/classpath/PrintStream.java and once in URL:file:/home/runner/work/key/key/key.core/build/resources/main/de/uka/ilkd/key/java/JavaRedux/java/io/PrintStream.java, Keeping one from URL:file:/home/runner/work/key/key/key.core/build/resources/main/de/uka/ilkd/key/java/JavaRedux/java/io/PrintStream.java 
77794      DEBUG main            d.u.i.k.j.r.ClassFileDeclarationBuilder Parsing: package java.io; public class Closeable { } 
77802      DEBUG main            r.s.KeYCrossReferenceSourceInfo Dynamically created class: java.io.Closeable 
81128      DEBUG main            d.u.i.k.p.i.AbstractProblemLoader Init config took 3.42s 
81147      INFO  main            d.u.i.k.p.i.AbstractProblemLoader Replaying proof break.key 
81149      DEBUG main            d.u.i.k.p.i.IntermediateProofReplayer Proof replay took 7.8ns 
81255      INFO  main            d.u.i.k.p.r.p.TestFile    ... finished proof: closed. 
81507      INFO  main            d.u.i.k.p.i.AbstractProblemLoader Loading environment from /home/runner/work/key/key/key.core/../key.ui/examples/standard_key/java_dl/break.key.proof 
81507      DEBUG main            d.u.i.k.p.i.AbstractProblemLoader Environment load took 139.3ns 
81508      INFO  main            d.u.i.k.p.i.AbstractProblemLoader Creating init config 
81539      WARN  main            d.u.i.k.j.r.KeYCrossReferenceNameInfo Datatype java.io.InputStream declared twice: Once in FILE:/home/runner/work/key/key/key.core/../key.ui/examples/standard_key/java_dl/classpath/InputStream.java and once in URL:file:/home/runner/work/key/key/key.core/build/resources/main/de/uka/ilkd/key/java/JavaRedux/java/io/InputStream.java, Keeping one from URL:file:/home/runner/work/key/key/key.core/build/resources/main/de/uka/ilkd/key/java/JavaRedux/java/io/InputStream.java 
81539      WARN  main            d.u.i.k.j.r.KeYCrossReferenceNameInfo Datatype java.lang.System declared twice: Once in FILE:/home/runner/work/key/key/key.core/../key.ui/examples/standard_key/java_dl/classpath/System.java and once in URL:file:/home/runner/work/key/key/key.core/build/resources/main/de/uka/ilkd/key/java/JavaRedux/java/lang/System.java, Keeping one from URL:file:/home/runner/work/key/key/key.core/build/resources/main/de/uka/ilkd/key/java/JavaRedux/java/lang/System.java 
81539      WARN  main            d.u.i.k.j.r.KeYCrossReferenceNameInfo Datatype java.io.PrintStream declared twice: Once in FILE:/home/runner/work/key/key/key.core/../key.ui/examples/standard_key/java_dl/classpath/PrintStream.java and once in URL:file:/home/runner/work/key/key/key.core/build/resources/main/de/uka/ilkd/key/java/JavaRedux/java/io/PrintStream.java, Keeping one from URL:file:/home/runner/work/key/key/key.core/build/resources/main/de/uka/ilkd/key/java/JavaRedux/java/io/PrintStream.java 
81543      DEBUG main            d.u.i.k.j.r.ClassFileDeclarationBuilder Parsing: package java.io; public class Closeable { } 
81543      DEBUG main            r.s.KeYCrossReferenceSourceInfo Dynamically created class: java.io.Closeable 
84524      DEBUG main            d.u.i.k.p.i.AbstractProblemLoader Init config took 3.02s 
84548      INFO  main            d.u.i.k.p.i.AbstractProblemLoader Replaying proof break.key.proof 
84561      DEBUG main            d.u.i.k.p.i.IntermediateProofReplayer Proof replay took 9.96ms 
84562      DEBUG main            d.u.i.k.p.r.p.TestFile    ... success: reloaded. 
84564      INFO  main            d.u.i.k.p.r.p.TestFile    Now processing file /home/runner/work/key/key/key.core/../key.ui/examples/standard_key/java_dl/char.key 
84564      INFO  main            d.u.i.k.p.i.AbstractProblemLoader Loading environment from /home/runner/work/key/key/key.core/../key.ui/examples/standard_key/java_dl/char.key 
84564      DEBUG main            d.u.i.k.p.i.AbstractProblemLoader Environment load took 219.3ns 
84566      INFO  main            d.u.i.k.p.i.AbstractProblemLoader Creating init config 
87701      DEBUG main            d.u.i.k.p.i.AbstractProblemLoader Init config took 3.14s 
87721      INFO  main            d.u.i.k.p.i.AbstractProblemLoader Replaying proof char.key 
87723      DEBUG main            d.u.i.k.p.i.IntermediateProofReplayer Proof replay took 8.2ns 
87825      INFO  main            d.u.i.k.p.r.p.TestFile    ... finished proof: closed. 
88116      INFO  main            d.u.i.k.p.i.AbstractProblemLoader Loading environment from /home/runner/work/key/key/key.core/../key.ui/examples/standard_key/java_dl/char.key.proof 
88117      DEBUG main            d.u.i.k.p.i.AbstractProblemLoader Environment load took 470.4ns 
88119      INFO  main            d.u.i.k.p.i.AbstractProblemLoader Creating init config 
91217      DEBUG main            d.u.i.k.p.i.AbstractProblemLoader Init config took 3.1s 
91237      INFO  main            d.u.i.k.p.i.AbstractProblemLoader Replaying proof char.key.proof 
91242      DEBUG main            d.u.i.k.p.i.IntermediateProofReplayer Proof replay took 3.21ms 
91243      DEBUG main            d.u.i.k.p.r.p.TestFile    ... success: reloaded. 
91244      INFO  main            d.u.i.k.p.r.p.TestFile    Now processing file /home/runner/work/key/key/key.core/../key.ui/examples/standard_key/java_dl/compileTimeConstants.key 
91244      INFO  main            d.u.i.k.p.i.AbstractProblemLoader Loading environment from /home/runner/work/key/key/key.core/../key.ui/examples/standard_key/java_dl/compileTimeConstants.key 
91245      DEBUG main            d.u.i.k.p.i.AbstractProblemLoader Environment load took 144.2ns 
91246      INFO  main            d.u.i.k.p.i.AbstractProblemLoader Creating init config 
94447      DEBUG main            d.u.i.k.p.i.AbstractProblemLoader Init config took 3.2s 
94468      INFO  main            d.u.i.k.p.i.AbstractProblemLoader Replaying proof compileTimeConstants.key 
94470      DEBUG main            d.u.i.k.p.i.IntermediateProofReplayer Proof replay took 7.6ns 
94573      INFO  main            d.u.i.k.p.r.p.TestFile    ... finished proof: closed. 
94836      INFO  main            d.u.i.k.p.i.AbstractProblemLoader Loading environment from /home/runner/work/key/key/key.core/../key.ui/examples/standard_key/java_dl/compileTimeConstants.key.proof 
94836      DEBUG main            d.u.i.k.p.i.AbstractProblemLoader Environment load took 223.6ns 
94838      INFO  main            d.u.i.k.p.i.AbstractProblemLoader Creating init config 
97971      DEBUG main            d.u.i.k.p.i.AbstractProblemLoader Init config took 3.13s 
97992      INFO  main            d.u.i.k.p.i.AbstractProblemLoader Replaying proof compileTimeConstants.key.proof 
98008      DEBUG main            d.u.i.k.p.i.IntermediateProofReplayer Proof replay took 13.42ms 
98019      DEBUG main            d.u.i.k.p.r.p.TestFile    ... success: reloaded. 
98020      INFO  main            d.u.i.k.p.r.p.TestFile    Now processing file /home/runner/work/key/key/key.core/../key.ui/examples/standard_key/java_dl/constructorException/test.key 
98021      INFO  main            d.u.i.k.p.i.AbstractProblemLoader Loading environment from /home/runner/work/key/key/key.core/../key.ui/examples/standard_key/java_dl/constructorException/test.key 
98021      DEBUG main            d.u.i.k.p.i.AbstractProblemLoader Environment load took 214.7ns 
98022      INFO  main            d.u.i.k.p.i.AbstractProblemLoader Creating init config 
101217     DEBUG main            d.u.i.k.p.i.AbstractProblemLoader Init config took 3.19s 
101320     INFO  main            d.u.i.k.p.i.AbstractProblemLoader Replaying proof Test[Test::Test(int)].JML operation contract.0 
101321     DEBUG main            d.u.i.k.p.i.IntermediateProofReplayer Proof replay took 7.5ns 
101628     INFO  main            d.u.i.k.p.r.p.TestFile    ... finished proof: closed. 
101915     INFO  main            d.u.i.k.p.i.AbstractProblemLoader Loading environment from /home/runner/work/key/key/key.core/../key.ui/examples/standard_key/java_dl/constructorException/test.key.proof 
101917     DEBUG main            d.u.i.k.p.i.AbstractProblemLoader Environment load took 2.23ms 
101919     INFO  main            d.u.i.k.p.i.AbstractProblemLoader Creating init config 
105094     DEBUG main            d.u.i.k.p.i.AbstractProblemLoader Init config took 3.17s 
105147     INFO  main            d.u.i.k.p.i.AbstractProblemLoader Replaying proof Test[Test::Test(int)].JML operation contract.0 
105214     DEBUG main            d.u.i.k.p.i.IntermediateProofReplayer Proof replay took 64.91ms 
105216     DEBUG main            d.u.i.k.p.r.p.TestFile    ... success: reloaded. 
105217     INFO  main            d.u.i.k.p.r.p.TestFile    Now processing file /home/runner/work/key/key/key.core/../key.ui/examples/standard_key/java_dl/constructorException/regressionTestBug1333.key 
105218     INFO  main            d.u.i.k.p.i.AbstractProblemLoader Loading environment from /home/runner/work/key/key/key.core/../key.ui/examples/standard_key/java_dl/constructorException/regressionTestBug1333.key 
105218     DEBUG main            d.u.i.k.p.i.AbstractProblemLoader Environment load took 257.9ns 
105219     INFO  main            d.u.i.k.p.i.AbstractProblemLoader Creating init config 
108431     DEBUG main            d.u.i.k.p.i.AbstractProblemLoader Init config took 3.21s 
108484     INFO  main            d.u.i.k.p.i.AbstractProblemLoader Replaying proof False[False::False()].JML normal_behavior operation contract.0 
108487     DEBUG main            d.u.i.k.p.i.IntermediateProofReplayer Proof replay took 7.5ns 
108592     INFO  main            d.u.i.k.p.r.p.TestFile    ... finished proof: open goal(s) 
108889     INFO  main            d.u.i.k.p.r.p.TestFile    Now processing file /home/runner/work/key/key/key.core/../key.ui/examples/standard_key/java_dl/continue1.key 
108889     INFO  main            d.u.i.k.p.i.AbstractProblemLoader Loading environment from /home/runner/work/key/key/key.core/../key.ui/examples/standard_key/java_dl/continue1.key 
108889     DEBUG main            d.u.i.k.p.i.AbstractProblemLoader Environment load took 91ns 
108890     INFO  main            d.u.i.k.p.i.AbstractProblemLoader Creating init config 
108919     WARN  main            d.u.i.k.j.r.KeYCrossReferenceNameInfo Datatype java.io.InputStream declared twice: Once in FILE:/home/runner/work/key/key/key.core/../key.ui/examples/standard_key/java_dl/classpath/InputStream.java and once in URL:file:/home/runner/work/key/key/key.core/build/resources/main/de/uka/ilkd/key/java/JavaRedux/java/io/InputStream.java, Keeping one from URL:file:/home/runner/work/key/key/key.core/build/resources/main/de/uka/ilkd/key/java/JavaRedux/java/io/InputStream.java 
108919     WARN  main            d.u.i.k.j.r.KeYCrossReferenceNameInfo Datatype java.lang.System declared twice: Once in FILE:/home/runner/work/key/key/key.core/../key.ui/examples/standard_key/java_dl/classpath/System.java and once in URL:file:/home/runner/work/key/key/key.core/build/resources/main/de/uka/ilkd/key/java/JavaRedux/java/lang/System.java, Keeping one from URL:file:/home/runner/work/key/key/key.core/build/resources/main/de/uka/ilkd/key/java/JavaRedux/java/lang/System.java 
108919     WARN  main            d.u.i.k.j.r.KeYCrossReferenceNameInfo Datatype java.io.PrintStream declared twice: Once in FILE:/home/runner/work/key/key/key.core/../key.ui/examples/standard_key/java_dl/classpath/PrintStream.java and once in URL:file:/home/runner/work/key/key/key.core/build/resources/main/de/uka/ilkd/key/java/JavaRedux/java/io/PrintStream.java, Keeping one from URL:file:/home/runner/work/key/key/key.core/build/resources/main/de/uka/ilkd/key/java/JavaRedux/java/io/PrintStream.java 
108922     DEBUG main            d.u.i.k.j.r.ClassFileDeclarationBuilder Parsing: package java.io; public class Closeable { } 
108923     DEBUG main            r.s.KeYCrossReferenceSourceInfo Dynamically created class: java.io.Closeable 
111934     DEBUG main            d.u.i.k.p.i.AbstractProblemLoader Init config took 3.04s 
111957     INFO  main            d.u.i.k.p.i.AbstractProblemLoader Replaying proof continue1.key 
111959     DEBUG main            d.u.i.k.p.i.IntermediateProofReplayer Proof replay took 8.6ns 
112161     INFO  main            d.u.i.k.p.r.p.TestFile    ... finished proof: closed. 
112418     INFO  main            d.u.i.k.p.i.AbstractProblemLoader Loading environment from /home/runner/work/key/key/key.core/../key.ui/examples/standard_key/java_dl/continue1.key.proof 
112418     DEBUG main            d.u.i.k.p.i.AbstractProblemLoader Environment load took 135.9ns 
112420     INFO  main            d.u.i.k.p.i.AbstractProblemLoader Creating init config 
112450     WARN  main            d.u.i.k.j.r.KeYCrossReferenceNameInfo Datatype java.io.InputStream declared twice: Once in FILE:/home/runner/work/key/key/key.core/../key.ui/examples/standard_key/java_dl/classpath/InputStream.java and once in URL:file:/home/runner/work/key/key/key.core/build/resources/main/de/uka/ilkd/key/java/JavaRedux/java/io/InputStream.java, Keeping one from URL:file:/home/runner/work/key/key/key.core/build/resources/main/de/uka/ilkd/key/java/JavaRedux/java/io/InputStream.java 
112450     WARN  main            d.u.i.k.j.r.KeYCrossReferenceNameInfo Datatype java.lang.System declared twice: Once in FILE:/home/runner/work/key/key/key.core/../key.ui/examples/standard_key/java_dl/classpath/System.java and once in URL:file:/home/runner/work/key/key/key.core/build/resources/main/de/uka/ilkd/key/java/JavaRedux/java/lang/System.java, Keeping one from URL:file:/home/runner/work/key/key/key.core/build/resources/main/de/uka/ilkd/key/java/JavaRedux/java/lang/System.java 
112450     WARN  main            d.u.i.k.j.r.KeYCrossReferenceNameInfo Datatype java.io.PrintStream declared twice: Once in FILE:/home/runner/work/key/key/key.core/../key.ui/examples/standard_key/java_dl/classpath/PrintStream.java and once in URL:file:/home/runner/work/key/key/key.core/build/resources/main/de/uka/ilkd/key/java/JavaRedux/java/io/PrintStream.java, Keeping one from URL:file:/home/runner/work/key/key/key.core/build/resources/main/de/uka/ilkd/key/java/JavaRedux/java/io/PrintStream.java 
112454     DEBUG main            d.u.i.k.j.r.ClassFileDeclarationBuilder Parsing: package java.io; public class Closeable { } 
112454     DEBUG main            r.s.KeYCrossReferenceSourceInfo Dynamically created class: java.io.Closeable 
115521     DEBUG main            d.u.i.k.p.i.AbstractProblemLoader Init config took 3.1s 
115538     INFO  main            d.u.i.k.p.i.AbstractProblemLoader Replaying proof continue1.key.proof 
115560     DEBUG main            d.u.i.k.p.i.IntermediateProofReplayer Proof replay took 19.32ms 
115562     DEBUG main            d.u.i.k.p.r.p.TestFile    ... success: reloaded. 
115563     INFO  main            d.u.i.k.p.r.p.TestFile    Now processing file /home/runner/work/key/key/key.core/../key.ui/examples/standard_key/java_dl/continue2.key 
115563     INFO  main            d.u.i.k.p.i.AbstractProblemLoader Loading environment from /home/runner/work/key/key/key.core/../key.ui/examples/standard_key/java_dl/continue2.key 
115563     DEBUG main            d.u.i.k.p.i.AbstractProblemLoader Environment load took 156.2ns 
115565     INFO  main            d.u.i.k.p.i.AbstractProblemLoader Creating init config 
115591     WARN  main            d.u.i.k.j.r.KeYCrossReferenceNameInfo Datatype java.io.InputStream declared twice: Once in FILE:/home/runner/work/key/key/key.core/../key.ui/examples/standard_key/java_dl/classpath/InputStream.java and once in URL:file:/home/runner/work/key/key/key.core/build/resources/main/de/uka/ilkd/key/java/JavaRedux/java/io/InputStream.java, Keeping one from URL:file:/home/runner/work/key/key/key.core/build/resources/main/de/uka/ilkd/key/java/JavaRedux/java/io/InputStream.java 
115591     WARN  main            d.u.i.k.j.r.KeYCrossReferenceNameInfo Datatype java.lang.System declared twice: Once in FILE:/home/runner/work/key/key/key.core/../key.ui/examples/standard_key/java_dl/classpath/System.java and once in URL:file:/home/runner/work/key/key/key.core/build/resources/main/de/uka/ilkd/key/java/JavaRedux/java/lang/System.java, Keeping one from URL:file:/home/runner/work/key/key/key.core/build/resources/main/de/uka/ilkd/key/java/JavaRedux/java/lang/System.java 
115591     WARN  main            d.u.i.k.j.r.KeYCrossReferenceNameInfo Datatype java.io.PrintStream declared twice: Once in FILE:/home/runner/work/key/key/key.core/../key.ui/examples/standard_key/java_dl/classpath/PrintStream.java and once in URL:file:/home/runner/work/key/key/key.core/build/resources/main/de/uka/ilkd/key/java/JavaRedux/java/io/PrintStream.java, Keeping one from URL:file:/home/runner/work/key/key/key.core/build/resources/main/de/uka/ilkd/key/java/JavaRedux/java/io/PrintStream.java 
115595     DEBUG main            d.u.i.k.j.r.ClassFileDeclarationBuilder Parsing: package java.io; public class Closeable { } 
115595     DEBUG main            r.s.KeYCrossReferenceSourceInfo Dynamically created class: java.io.Closeable 
118600     DEBUG main            d.u.i.k.p.i.AbstractProblemLoader Init config took 3.04s 
118617     INFO  main            d.u.i.k.p.i.AbstractProblemLoader Replaying proof continue2.key 
118620     DEBUG main            d.u.i.k.p.i.IntermediateProofReplayer Proof replay took 6.7ns 
118928     INFO  main            d.u.i.k.p.r.p.TestFile    ... finished proof: closed. 
119256     INFO  main            d.u.i.k.p.i.AbstractProblemLoader Loading environment from /home/runner/work/key/key/key.core/../key.ui/examples/standard_key/java_dl/continue2.key.proof 
119257     DEBUG main            d.u.i.k.p.i.AbstractProblemLoader Environment load took 646.8ns 
119258     INFO  main            d.u.i.k.p.i.AbstractProblemLoader Creating init config 
119286     WARN  main            d.u.i.k.j.r.KeYCrossReferenceNameInfo Datatype java.io.InputStream declared twice: Once in FILE:/home/runner/work/key/key/key.core/../key.ui/examples/standard_key/java_dl/classpath/InputStream.java and once in URL:file:/home/runner/work/key/key/key.core/build/resources/main/de/uka/ilkd/key/java/JavaRedux/java/io/InputStream.java, Keeping one from URL:file:/home/runner/work/key/key/key.core/build/resources/main/de/uka/ilkd/key/java/JavaRedux/java/io/InputStream.java 
119287     WARN  main            d.u.i.k.j.r.KeYCrossReferenceNameInfo Datatype java.lang.System declared twice: Once in FILE:/home/runner/work/key/key/key.core/../key.ui/examples/standard_key/java_dl/classpath/System.java and once in URL:file:/home/runner/work/key/key/key.core/build/resources/main/de/uka/ilkd/key/java/JavaRedux/java/lang/System.java, Keeping one from URL:file:/home/runner/work/key/key/key.core/build/resources/main/de/uka/ilkd/key/java/JavaRedux/java/lang/System.java 
119287     WARN  main            d.u.i.k.j.r.KeYCrossReferenceNameInfo Datatype java.io.PrintStream declared twice: Once in FILE:/home/runner/work/key/key/key.core/../key.ui/examples/standard_key/java_dl/classpath/PrintStream.java and once in URL:file:/home/runner/work/key/key/key.core/build/resources/main/de/uka/ilkd/key/java/JavaRedux/java/io/PrintStream.java, Keeping one from URL:file:/home/runner/work/key/key/key.core/build/resources/main/de/uka/ilkd/key/java/JavaRedux/java/io/PrintStream.java 
119290     DEBUG main            d.u.i.k.j.r.ClassFileDeclarationBuilder Parsing: package java.io; public class Closeable { } 
119291     DEBUG main            r.s.KeYCrossReferenceSourceInfo Dynamically created class: java.io.Closeable 
122430     DEBUG main            d.u.i.k.p.i.AbstractProblemLoader Init config took 3.17s 
122448     INFO  main            d.u.i.k.p.i.AbstractProblemLoader Replaying proof continue2.key.proof 
122521     DEBUG main            d.u.i.k.p.i.IntermediateProofReplayer Proof replay took 69.88ms 
122524     DEBUG main            d.u.i.k.p.r.p.TestFile    ... success: reloaded. 
122526     INFO  main            d.u.i.k.p.r.p.TestFile    Now processing file /home/runner/work/key/key/key.core/../key.ui/examples/standard_key/java_dl/complexAssignment.key 
122526     INFO  main            d.u.i.k.p.i.AbstractProblemLoader Loading environment from /home/runner/work/key/key/key.core/../key.ui/examples/standard_key/java_dl/complexAssignment.key 
122526     DEBUG main            d.u.i.k.p.i.AbstractProblemLoader Environment load took 109.1ns 
122527     INFO  main            d.u.i.k.p.i.AbstractProblemLoader Creating init config 
125465     DEBUG main            d.u.i.k.p.i.AbstractProblemLoader Init config took 2.94s 
125482     INFO  main            d.u.i.k.p.i.AbstractProblemLoader Replaying proof complexAssignment.key 
125484     DEBUG main            d.u.i.k.p.i.IntermediateProofReplayer Proof replay took 6.1ns 
125586     INFO  main            d.u.i.k.p.r.p.TestFile    ... finished proof: closed. 
125879     INFO  main            d.u.i.k.p.i.AbstractProblemLoader Loading environment from /home/runner/work/key/key/key.core/../key.ui/examples/standard_key/java_dl/complexAssignment.key.proof 
125879     DEBUG main            d.u.i.k.p.i.AbstractProblemLoader Environment load took 116.5ns 
125880     INFO  main            d.u.i.k.p.i.AbstractProblemLoader Creating init config 
128785     DEBUG main            d.u.i.k.p.i.AbstractProblemLoader Init config took 2.9s 
128804     INFO  main            d.u.i.k.p.i.AbstractProblemLoader Replaying proof complexAssignment.key.proof 
128820     DEBUG main            d.u.i.k.p.i.IntermediateProofReplayer Proof replay took 11.96ms 
128821     DEBUG main            d.u.i.k.p.r.p.TestFile    ... success: reloaded. 
128821     INFO  main            d.u.i.k.p.r.p.TestFile    Now processing file /home/runner/work/key/key/key.core/../key.ui/examples/standard_key/java_dl/danglingElseSolution1.key 
128822     INFO  main            d.u.i.k.p.i.AbstractProblemLoader Loading environment from /home/runner/work/key/key/key.core/../key.ui/examples/standard_key/java_dl/danglingElseSolution1.key 
128822     DEBUG main            d.u.i.k.p.i.AbstractProblemLoader Environment load took 130.3ns 
128823     INFO  main            d.u.i.k.p.i.AbstractProblemLoader Creating init config 
131832     DEBUG main            d.u.i.k.p.i.AbstractProblemLoader Init config took 3.01s 
131851     INFO  main            d.u.i.k.p.i.AbstractProblemLoader Replaying proof danglingElseSolution1.key 
131852     DEBUG main            d.u.i.k.p.i.IntermediateProofReplayer Proof replay took 6.9ns 
131955     INFO  main            d.u.i.k.p.r.p.TestFile    ... finished proof: closed. 
132272     INFO  main            d.u.i.k.p.i.AbstractProblemLoader Loading environment from /home/runner/work/key/key/key.core/../key.ui/examples/standard_key/java_dl/danglingElseSolution1.key.proof 
132272     DEBUG main            d.u.i.k.p.i.AbstractProblemLoader Environment load took 114.7ns 
132273     INFO  main            d.u.i.k.p.i.AbstractProblemLoader Creating init config 
135177     DEBUG main            d.u.i.k.p.i.AbstractProblemLoader Init config took 2.9s 
135196     INFO  main            d.u.i.k.p.i.AbstractProblemLoader Replaying proof danglingElseSolution1.key.proof 
135210     DEBUG main            d.u.i.k.p.i.IntermediateProofReplayer Proof replay took 10.08ms 
135212     DEBUG main            d.u.i.k.p.r.p.TestFile    ... success: reloaded. 
135213     INFO  main            d.u.i.k.p.r.p.TestFile    Now processing file /home/runner/work/key/key/key.core/../key.ui/examples/standard_key/java_dl/danglingElseSolution2.key 
135214     INFO  main            d.u.i.k.p.i.AbstractProblemLoader Loading environment from /home/runner/work/key/key/key.core/../key.ui/examples/standard_key/java_dl/danglingElseSolution2.key 
135215     DEBUG main            d.u.i.k.p.i.AbstractProblemLoader Environment load took 205.5ns 
135216     INFO  main            d.u.i.k.p.i.AbstractProblemLoader Creating init config 
138181     DEBUG main            d.u.i.k.p.i.AbstractProblemLoader Init config took 2.97s 
138200     INFO  main            d.u.i.k.p.i.AbstractProblemLoader Replaying proof danglingElseSolution2.key 
138202     DEBUG main            d.u.i.k.p.i.IntermediateProofReplayer Proof replay took 7.4ns 
138307     INFO  main            d.u.i.k.p.r.p.TestFile    ... finished proof: closed. 
138623     INFO  main            d.u.i.k.p.i.AbstractProblemLoader Loading environment from /home/runner/work/key/key/key.core/../key.ui/examples/standard_key/java_dl/danglingElseSolution2.key.proof 
138623     DEBUG main            d.u.i.k.p.i.AbstractProblemLoader Environment load took 132.9ns 
138624     INFO  main            d.u.i.k.p.i.AbstractProblemLoader Creating init config 
141625     DEBUG main            d.u.i.k.p.i.AbstractProblemLoader Init config took 3s 
141644     INFO  main            d.u.i.k.p.i.AbstractProblemLoader Replaying proof danglingElseSolution2.key.proof 
141660     DEBUG main            d.u.i.k.p.i.IntermediateProofReplayer Proof replay took 9.5ms 
141662     DEBUG main            d.u.i.k.p.r.p.TestFile    ... success: reloaded. 
141662     INFO  main            d.u.i.k.p.r.p.TestFile    Now processing file /home/runner/work/key/key/key.core/../key.ui/examples/standard_key/java_dl/deepNonNull/deepNonNull0.key 
141663     INFO  main            d.u.i.k.p.i.AbstractProblemLoader Loading environment from /home/runner/work/key/key/key.core/../key.ui/examples/standard_key/java_dl/deepNonNull/deepNonNull0.key 
141663     DEBUG main            d.u.i.k.p.i.AbstractProblemLoader Environment load took 200ns 
141664     INFO  main            d.u.i.k.p.i.AbstractProblemLoader Creating init config 
144847     DEBUG main            d.u.i.k.p.i.AbstractProblemLoader Init config took 3.18s 
144917     INFO  main            d.u.i.k.p.i.AbstractProblemLoader Replaying proof Arrays[Arrays::get()].JML operation contract.0 
144919     DEBUG main            d.u.i.k.p.i.IntermediateProofReplayer Proof replay took 6.7ns 
145222     INFO  main            d.u.i.k.p.r.p.TestFile    ... finished proof: closed. 
145582     INFO  main            d.u.i.k.p.i.AbstractProblemLoader Loading environment from /home/runner/work/key/key/key.core/../key.ui/examples/standard_key/java_dl/deepNonNull/deepNonNull0.key.proof 
145587     DEBUG main            d.u.i.k.p.i.AbstractProblemLoader Environment load took 4.86ms 
145589     INFO  main            d.u.i.k.p.i.AbstractProblemLoader Creating init config 
148698     DEBUG main            d.u.i.k.p.i.AbstractProblemLoader Init config took 3.11s 
148748     INFO  main            d.u.i.k.p.i.AbstractProblemLoader Replaying proof Arrays[Arrays::get()].JML operation contract.0 
148773     DEBUG main            d.u.i.k.p.i.IntermediateProofReplayer Proof replay took 21.96ms 
148774     DEBUG main            d.u.i.k.p.r.p.TestFile    ... success: reloaded. 
148775     INFO  main            d.u.i.k.p.r.p.TestFile    Now processing file /home/runner/work/key/key/key.core/../key.ui/examples/standard_key/java_dl/deepNonNull/deepNonNull1.key 
148776     INFO  main            d.u.i.k.p.i.AbstractProblemLoader Loading environment from /home/runner/work/key/key/key.core/../key.ui/examples/standard_key/java_dl/deepNonNull/deepNonNull1.key 
148776     DEBUG main            d.u.i.k.p.i.AbstractProblemLoader Environment load took 305.7ns 
148789     INFO  main            d.u.i.k.p.i.AbstractProblemLoader Creating init config 
151893     DEBUG main            d.u.i.k.p.i.AbstractProblemLoader Init config took 3.1s 
151944     INFO  main            d.u.i.k.p.i.AbstractProblemLoader Replaying proof Arrays[Arrays::head()].JML operation contract.0 
151946     DEBUG main            d.u.i.k.p.i.IntermediateProofReplayer Proof replay took 7.2ns 
152149     INFO  main            d.u.i.k.p.r.p.TestFile    ... finished proof: closed. 
152545     INFO  main            d.u.i.k.p.i.AbstractProblemLoader Loading environment from /home/runner/work/key/key/key.core/../key.ui/examples/standard_key/java_dl/deepNonNull/deepNonNull1.key.proof 
152545     DEBUG main            d.u.i.k.p.i.AbstractProblemLoader Environment load took 747.8ns 
152547     INFO  main            d.u.i.k.p.i.AbstractProblemLoader Creating init config 
155588     DEBUG main            d.u.i.k.p.i.AbstractProblemLoader Init config took 3.04s 
155642     INFO  main            d.u.i.k.p.i.AbstractProblemLoader Replaying proof Arrays[Arrays::head()].JML operation contract.0 
155669     DEBUG main            d.u.i.k.p.i.IntermediateProofReplayer Proof replay took 24.69ms 
155670     DEBUG main            d.u.i.k.p.r.p.TestFile    ... success: reloaded. 
155671     INFO  main            d.u.i.k.p.r.p.TestFile    Now processing file /home/runner/work/key/key/key.core/../key.ui/examples/standard_key/java_dl/deepNonNull/deepNonNull2.key 
155671     INFO  main            d.u.i.k.p.i.AbstractProblemLoader Loading environment from /home/runner/work/key/key/key.core/../key.ui/examples/standard_key/java_dl/deepNonNull/deepNonNull2.key 
155671     DEBUG main            d.u.i.k.p.i.AbstractProblemLoader Environment load took 104.7ns 
155672     INFO  main            d.u.i.k.p.i.AbstractProblemLoader Creating init config 
158702     DEBUG main            d.u.i.k.p.i.AbstractProblemLoader Init config took 3.03s 
158745     INFO  main            d.u.i.k.p.i.AbstractProblemLoader Replaying proof Arrays[Arrays::unprovable(java.lang.Object)].JML operation contract.0 
158746     DEBUG main            d.u.i.k.p.i.IntermediateProofReplayer Proof replay took 23.8ns 
158853     INFO  main            d.u.i.k.p.r.p.TestFile    ... finished proof: open goal(s) 
159220     INFO  main            d.u.i.k.p.r.p.TestFile    Now processing file /home/runner/work/key/key/key.core/../key.ui/examples/standard_key/java_dl/deepNonNull/deepNonNull3.key 
159220     INFO  main            d.u.i.k.p.i.AbstractProblemLoader Loading environment from /home/runner/work/key/key/key.core/../key.ui/examples/standard_key/java_dl/deepNonNull/deepNonNull3.key 
159221     DEBUG main            d.u.i.k.p.i.AbstractProblemLoader Environment load took 120.5ns 
159222     INFO  main            d.u.i.k.p.i.AbstractProblemLoader Creating init config 
162201     DEBUG main            d.u.i.k.p.i.AbstractProblemLoader Init config took 2.98s 
162251     INFO  main            d.u.i.k.p.i.AbstractProblemLoader Replaying proof Arrays[Arrays::head([[[[Ljava.lang.Object)].JML operation contract.0 
162253     DEBUG main            d.u.i.k.p.i.IntermediateProofReplayer Proof replay took 7.1ns 
163566     INFO  main            d.u.i.k.p.r.p.TestFile    ... finished proof: closed. 
163923     INFO  main            d.u.i.k.p.i.AbstractProblemLoader Loading environment from /home/runner/work/key/key/key.core/../key.ui/examples/standard_key/java_dl/deepNonNull/deepNonNull3.key.proof 
163924     DEBUG main            d.u.i.k.p.i.AbstractProblemLoader Environment load took 923.5ns 
163927     INFO  main            d.u.i.k.p.i.AbstractProblemLoader Creating init config 
167074     DEBUG main            d.u.i.k.p.i.AbstractProblemLoader Init config took 3.15s 
167128     INFO  main            d.u.i.k.p.i.AbstractProblemLoader Replaying proof Arrays[Arrays::head([[[[Ljava.lang.Object)].JML operation contract.0 
167221     DEBUG main            d.u.i.k.p.i.IntermediateProofReplayer Proof replay took 86.47ms 
167222     DEBUG main            d.u.i.k.p.r.p.TestFile    ... success: reloaded. 
167238     INFO  main            d.u.i.k.p.r.p.TestFile    Now processing file /home/runner/work/key/key/key.core/../key.ui/examples/standard_key/java_dl/exceptions.key 
167239     INFO  main            d.u.i.k.p.i.AbstractProblemLoader Loading environment from /home/runner/work/key/key/key.core/../key.ui/examples/standard_key/java_dl/exceptions.key 
167239     DEBUG main            d.u.i.k.p.i.AbstractProblemLoader Environment load took 145.1ns 
167240     INFO  main            d.u.i.k.p.i.AbstractProblemLoader Creating init config 
167280     WARN  main            d.u.i.k.j.r.KeYCrossReferenceNameInfo Datatype java.io.InputStream declared twice: Once in FILE:/home/runner/work/key/key/key.core/../key.ui/examples/standard_key/java_dl/classpath/InputStream.java and once in URL:file:/home/runner/work/key/key/key.core/build/resources/main/de/uka/ilkd/key/java/JavaRedux/java/io/InputStream.java, Keeping one from URL:file:/home/runner/work/key/key/key.core/build/resources/main/de/uka/ilkd/key/java/JavaRedux/java/io/InputStream.java 
167280     WARN  main            d.u.i.k.j.r.KeYCrossReferenceNameInfo Datatype java.lang.System declared twice: Once in FILE:/home/runner/work/key/key/key.core/../key.ui/examples/standard_key/java_dl/classpath/System.java and once in URL:file:/home/runner/work/key/key/key.core/build/resources/main/de/uka/ilkd/key/java/JavaRedux/java/lang/System.java, Keeping one from URL:file:/home/runner/work/key/key/key.core/build/resources/main/de/uka/ilkd/key/java/JavaRedux/java/lang/System.java 
167281     WARN  main            d.u.i.k.j.r.KeYCrossReferenceNameInfo Datatype java.io.PrintStream declared twice: Once in FILE:/home/runner/work/key/key/key.core/../key.ui/examples/standard_key/java_dl/classpath/PrintStream.java and once in URL:file:/home/runner/work/key/key/key.core/build/resources/main/de/uka/ilkd/key/java/JavaRedux/java/io/PrintStream.java, Keeping one from URL:file:/home/runner/work/key/key/key.core/build/resources/main/de/uka/ilkd/key/java/JavaRedux/java/io/PrintStream.java 
167284     DEBUG main            d.u.i.k.j.r.ClassFileDeclarationBuilder Parsing: package java.io; public class Closeable { } 
167284     DEBUG main            r.s.KeYCrossReferenceSourceInfo Dynamically created class: java.io.Closeable 
170248     DEBUG main            d.u.i.k.p.i.AbstractProblemLoader Init config took 3.01s 
170264     INFO  main            d.u.i.k.p.i.AbstractProblemLoader Replaying proof exceptions.key 
170266     DEBUG main            d.u.i.k.p.i.IntermediateProofReplayer Proof replay took 7.5ns 
170469     INFO  main            d.u.i.k.p.r.p.TestFile    ... finished proof: closed. 
170818     INFO  main            d.u.i.k.p.i.AbstractProblemLoader Loading environment from /home/runner/work/key/key/key.core/../key.ui/examples/standard_key/java_dl/exceptions.key.proof 
170818     DEBUG main            d.u.i.k.p.i.AbstractProblemLoader Environment load took 107.6ns 
170819     INFO  main            d.u.i.k.p.i.AbstractProblemLoader Creating init config 
170849     WARN  main            d.u.i.k.j.r.KeYCrossReferenceNameInfo Datatype java.io.InputStream declared twice: Once in FILE:/home/runner/work/key/key/key.core/../key.ui/examples/standard_key/java_dl/classpath/InputStream.java and once in URL:file:/home/runner/work/key/key/key.core/build/resources/main/de/uka/ilkd/key/java/JavaRedux/java/io/InputStream.java, Keeping one from URL:file:/home/runner/work/key/key/key.core/build/resources/main/de/uka/ilkd/key/java/JavaRedux/java/io/InputStream.java 
170849     WARN  main            d.u.i.k.j.r.KeYCrossReferenceNameInfo Datatype java.lang.System declared twice: Once in FILE:/home/runner/work/key/key/key.core/../key.ui/examples/standard_key/java_dl/classpath/System.java and once in URL:file:/home/runner/work/key/key/key.core/build/resources/main/de/uka/ilkd/key/java/JavaRedux/java/lang/System.java, Keeping one from URL:file:/home/runner/work/key/key/key.core/build/resources/main/de/uka/ilkd/key/java/JavaRedux/java/lang/System.java 
170850     WARN  main            d.u.i.k.j.r.KeYCrossReferenceNameInfo Datatype java.io.PrintStream declared twice: Once in FILE:/home/runner/work/key/key/key.core/../key.ui/examples/standard_key/java_dl/classpath/PrintStream.java and once in URL:file:/home/runner/work/key/key/key.core/build/resources/main/de/uka/ilkd/key/java/JavaRedux/java/io/PrintStream.java, Keeping one from URL:file:/home/runner/work/key/key/key.core/build/resources/main/de/uka/ilkd/key/java/JavaRedux/java/io/PrintStream.java 
170853     DEBUG main            d.u.i.k.j.r.ClassFileDeclarationBuilder Parsing: package java.io; public class Closeable { } 
170853     DEBUG main            r.s.KeYCrossReferenceSourceInfo Dynamically created class: java.io.Closeable 
173897     DEBUG main            d.u.i.k.p.i.AbstractProblemLoader Init config took 3.08s 
173912     INFO  main            d.u.i.k.p.i.AbstractProblemLoader Replaying proof exceptions.key.proof 
173963     DEBUG main            d.u.i.k.p.i.IntermediateProofReplayer Proof replay took 46.19ms 
173965     DEBUG main            d.u.i.k.p.r.p.TestFile    ... success: reloaded. 
173966     INFO  main            d.u.i.k.p.r.p.TestFile    Now processing file /home/runner/work/key/key/key.core/../key.ui/examples/standard_key/java_dl/exceptions1.key 
173966     INFO  main            d.u.i.k.p.i.AbstractProblemLoader Loading environment from /home/runner/work/key/key/key.core/../key.ui/examples/standard_key/java_dl/exceptions1.key 
173966     DEBUG main            d.u.i.k.p.i.AbstractProblemLoader Environment load took 200.9ns 
173967     INFO  main            d.u.i.k.p.i.AbstractProblemLoader Creating init config 
176998     DEBUG main            d.u.i.k.p.i.AbstractProblemLoader Init config took 3.03s 
177020     INFO  main            d.u.i.k.p.i.AbstractProblemLoader Replaying proof exceptions1.key 
177024     DEBUG main            d.u.i.k.p.i.IntermediateProofReplayer Proof replay took 9.5ns 
177227     INFO  main            d.u.i.k.p.r.p.TestFile    ... finished proof: closed. 
177604     INFO  main            d.u.i.k.p.i.AbstractProblemLoader Loading environment from /home/runner/work/key/key/key.core/../key.ui/examples/standard_key/java_dl/exceptions1.key.proof 
177605     DEBUG main            d.u.i.k.p.i.AbstractProblemLoader Environment load took 594.2ns 
177606     INFO  main            d.u.i.k.p.i.AbstractProblemLoader Creating init config 
180526     DEBUG main            d.u.i.k.p.i.AbstractProblemLoader Init config took 2.92s 
180544     INFO  main            d.u.i.k.p.i.AbstractProblemLoader Replaying proof exceptions1.key.proof 
180579     DEBUG main            d.u.i.k.p.i.IntermediateProofReplayer Proof replay took 31.71ms 
180581     DEBUG main            d.u.i.k.p.r.p.TestFile    ... success: reloaded. 
180582     INFO  main            d.u.i.k.p.r.p.TestFile    Now processing file /home/runner/work/key/key/key.core/../key.ui/examples/standard_key/java_dl/exceptions2.key 
180582     INFO  main            d.u.i.k.p.i.AbstractProblemLoader Loading environment from /home/runner/work/key/key/key.core/../key.ui/examples/standard_key/java_dl/exceptions2.key 
180583     DEBUG main            d.u.i.k.p.i.AbstractProblemLoader Environment load took 210.2ns 
180584     INFO  main            d.u.i.k.p.i.AbstractProblemLoader Creating init config 
183756     DEBUG main            d.u.i.k.p.i.AbstractProblemLoader Init config took 3.17s 
183780     INFO  main            d.u.i.k.p.i.AbstractProblemLoader Replaying proof exceptions2.key 
183783     DEBUG main            d.u.i.k.p.i.IntermediateProofReplayer Proof replay took 10.5ns 
183987     INFO  main            d.u.i.k.p.r.p.TestFile    ... finished proof: closed. 
184368     INFO  main            d.u.i.k.p.i.AbstractProblemLoader Loading environment from /home/runner/work/key/key/key.core/../key.ui/examples/standard_key/java_dl/exceptions2.key.proof 
184368     DEBUG main            d.u.i.k.p.i.AbstractProblemLoader Environment load took 137.7ns 
184370     INFO  main            d.u.i.k.p.i.AbstractProblemLoader Creating init config 
187334     DEBUG main            d.u.i.k.p.i.AbstractProblemLoader Init config took 2.96s 
187352     INFO  main            d.u.i.k.p.i.AbstractProblemLoader Replaying proof exceptions2.key.proof 
187391     DEBUG main            d.u.i.k.p.i.IntermediateProofReplayer Proof replay took 35.61ms 
187392     DEBUG main            d.u.i.k.p.r.p.TestFile    ... success: reloaded. 
187393     INFO  main            d.u.i.k.p.r.p.TestFile    Now processing file /home/runner/work/key/key/key.core/../key.ui/examples/standard_key/java_dl/exceptions3.key 
187394     INFO  main            d.u.i.k.p.i.AbstractProblemLoader Loading environment from /home/runner/work/key/key/key.core/../key.ui/examples/standard_key/java_dl/exceptions3.key 
187394     DEBUG main            d.u.i.k.p.i.AbstractProblemLoader Environment load took 161.1ns 
187395     INFO  main            d.u.i.k.p.i.AbstractProblemLoader Creating init config 
187437     WARN  main            d.u.i.k.j.r.KeYCrossReferenceNameInfo Datatype java.io.InputStream declared twice: Once in FILE:/home/runner/work/key/key/key.core/../key.ui/examples/standard_key/java_dl/classpath/InputStream.java and once in URL:file:/home/runner/work/key/key/key.core/build/resources/main/de/uka/ilkd/key/java/JavaRedux/java/io/InputStream.java, Keeping one from URL:file:/home/runner/work/key/key/key.core/build/resources/main/de/uka/ilkd/key/java/JavaRedux/java/io/InputStream.java 
187437     WARN  main            d.u.i.k.j.r.KeYCrossReferenceNameInfo Datatype java.lang.System declared twice: Once in FILE:/home/runner/work/key/key/key.core/../key.ui/examples/standard_key/java_dl/classpath/System.java and once in URL:file:/home/runner/work/key/key/key.core/build/resources/main/de/uka/ilkd/key/java/JavaRedux/java/lang/System.java, Keeping one from URL:file:/home/runner/work/key/key/key.core/build/resources/main/de/uka/ilkd/key/java/JavaRedux/java/lang/System.java 
187438     WARN  main            d.u.i.k.j.r.KeYCrossReferenceNameInfo Datatype java.io.PrintStream declared twice: Once in FILE:/home/runner/work/key/key/key.core/../key.ui/examples/standard_key/java_dl/classpath/PrintStream.java and once in URL:file:/home/runner/work/key/key/key.core/build/resources/main/de/uka/ilkd/key/java/JavaRedux/java/io/PrintStream.java, Keeping one from URL:file:/home/runner/work/key/key/key.core/build/resources/main/de/uka/ilkd/key/java/JavaRedux/java/io/PrintStream.java 
187442     DEBUG main            d.u.i.k.j.r.ClassFileDeclarationBuilder Parsing: package java.io; public class Closeable { } 
187442     DEBUG main            r.s.KeYCrossReferenceSourceInfo Dynamically created class: java.io.Closeable 
190443     DEBUG main            d.u.i.k.p.i.AbstractProblemLoader Init config took 3.05s 
190461     INFO  main            d.u.i.k.p.i.AbstractProblemLoader Replaying proof exceptions3.key 
190462     DEBUG main            d.u.i.k.p.i.IntermediateProofReplayer Proof replay took 9.3ns 
190566     INFO  main            d.u.i.k.p.r.p.TestFile    ... finished proof: closed. 
190953     INFO  main            d.u.i.k.p.i.AbstractProblemLoader Loading environment from /home/runner/work/key/key/key.core/../key.ui/examples/standard_key/java_dl/exceptions3.key.proof 
190953     DEBUG main            d.u.i.k.p.i.AbstractProblemLoader Environment load took 112ns 
190955     INFO  main            d.u.i.k.p.i.AbstractProblemLoader Creating init config 
190987     WARN  main            d.u.i.k.j.r.KeYCrossReferenceNameInfo Datatype java.io.InputStream declared twice: Once in FILE:/home/runner/work/key/key/key.core/../key.ui/examples/standard_key/java_dl/classpath/InputStream.java and once in URL:file:/home/runner/work/key/key/key.core/build/resources/main/de/uka/ilkd/key/java/JavaRedux/java/io/InputStream.java, Keeping one from URL:file:/home/runner/work/key/key/key.core/build/resources/main/de/uka/ilkd/key/java/JavaRedux/java/io/InputStream.java 
190987     WARN  main            d.u.i.k.j.r.KeYCrossReferenceNameInfo Datatype java.lang.System declared twice: Once in FILE:/home/runner/work/key/key/key.core/../key.ui/examples/standard_key/java_dl/classpath/System.java and once in URL:file:/home/runner/work/key/key/key.core/build/resources/main/de/uka/ilkd/key/java/JavaRedux/java/lang/System.java, Keeping one from URL:file:/home/runner/work/key/key/key.core/build/resources/main/de/uka/ilkd/key/java/JavaRedux/java/lang/System.java 
190988     WARN  main            d.u.i.k.j.r.KeYCrossReferenceNameInfo Datatype java.io.PrintStream declared twice: Once in FILE:/home/runner/work/key/key/key.core/../key.ui/examples/standard_key/java_dl/classpath/PrintStream.java and once in URL:file:/home/runner/work/key/key/key.core/build/resources/main/de/uka/ilkd/key/java/JavaRedux/java/io/PrintStream.java, Keeping one from URL:file:/home/runner/work/key/key/key.core/build/resources/main/de/uka/ilkd/key/java/JavaRedux/java/io/PrintStream.java 
190991     DEBUG main            d.u.i.k.j.r.ClassFileDeclarationBuilder Parsing: package java.io; public class Closeable { } 
190991     DEBUG main            r.s.KeYCrossReferenceSourceInfo Dynamically created class: java.io.Closeable 
194107     DEBUG main            d.u.i.k.p.i.AbstractProblemLoader Init config took 3.15s 
194124     INFO  main            d.u.i.k.p.i.AbstractProblemLoader Replaying proof exceptions3.key.proof 
194132     DEBUG main            d.u.i.k.p.i.IntermediateProofReplayer Proof replay took 5.08ms 
194133     DEBUG main            d.u.i.k.p.r.p.TestFile    ... success: reloaded. 
194134     INFO  main            d.u.i.k.p.r.p.TestFile    Now processing file /home/runner/work/key/key/key.core/../key.ui/examples/standard_key/java_dl/exchange.key 
194135     INFO  main            d.u.i.k.p.i.AbstractProblemLoader Loading environment from /home/runner/work/key/key/key.core/../key.ui/examples/standard_key/java_dl/exchange.key 
194135     DEBUG main            d.u.i.k.p.i.AbstractProblemLoader Environment load took 80.3ns 
194136     INFO  main            d.u.i.k.p.i.AbstractProblemLoader Creating init config 
197276     DEBUG main            d.u.i.k.p.i.AbstractProblemLoader Init config took 3.14s 
197294     INFO  main            d.u.i.k.p.i.AbstractProblemLoader Replaying proof exchange.key 
197296     DEBUG main            d.u.i.k.p.i.IntermediateProofReplayer Proof replay took 9.8ns 
197399     INFO  main            d.u.i.k.p.r.p.TestFile    ... finished proof: closed. 
197810     INFO  main            d.u.i.k.p.i.AbstractProblemLoader Loading environment from /home/runner/work/key/key/key.core/../key.ui/examples/standard_key/java_dl/exchange.key.proof 
197810     DEBUG main            d.u.i.k.p.i.AbstractProblemLoader Environment load took 127.2ns 
197812     INFO  main            d.u.i.k.p.i.AbstractProblemLoader Creating init config 
200927     DEBUG main            d.u.i.k.p.i.AbstractProblemLoader Init config took 3.11s 
200945     INFO  main            d.u.i.k.p.i.AbstractProblemLoader Replaying proof exchange.key.proof 
200951     DEBUG main            d.u.i.k.p.i.IntermediateProofReplayer Proof replay took 3.85ms 
200952     DEBUG main            d.u.i.k.p.r.p.TestFile    ... success: reloaded. 
200953     INFO  main            d.u.i.k.p.r.p.TestFile    Now processing file /home/runner/work/key/key/key.core/../key.ui/examples/standard_key/java_dl/if.key 
200954     INFO  main            d.u.i.k.p.i.AbstractProblemLoader Loading environment from /home/runner/work/key/key/key.core/../key.ui/examples/standard_key/java_dl/if.key 
200954     DEBUG main            d.u.i.k.p.i.AbstractProblemLoader Environment load took 225.8ns 
200955     INFO  main            d.u.i.k.p.i.AbstractProblemLoader Creating init config 
204152     DEBUG main            d.u.i.k.p.i.AbstractProblemLoader Init config took 3.2s 
204169     INFO  main            d.u.i.k.p.i.AbstractProblemLoader Replaying proof if.key 
204171     DEBUG main            d.u.i.k.p.i.IntermediateProofReplayer Proof replay took 8.6ns 
204274     INFO  main            d.u.i.k.p.r.p.TestFile    ... finished proof: closed. 
204671     INFO  main            d.u.i.k.p.i.AbstractProblemLoader Loading environment from /home/runner/work/key/key/key.core/../key.ui/examples/standard_key/java_dl/if.key.proof 
204671     DEBUG main            d.u.i.k.p.i.AbstractProblemLoader Environment load took 154.2ns 
204672     INFO  main            d.u.i.k.p.i.AbstractProblemLoader Creating init config 
207589     DEBUG main            d.u.i.k.p.i.AbstractProblemLoader Init config took 2.92s 
207621     INFO  main            d.u.i.k.p.i.AbstractProblemLoader Replaying proof if.key.proof 
207626     DEBUG main            d.u.i.k.p.i.IntermediateProofReplayer Proof replay took 2.93ms 
207627     DEBUG main            d.u.i.k.p.r.p.TestFile    ... success: reloaded. 
207627     INFO  main            d.u.i.k.p.r.p.TestFile    Now processing file /home/runner/work/key/key/key.core/../key.ui/examples/standard_key/java_dl/incrementcounter.key 
207628     INFO  main            d.u.i.k.p.i.AbstractProblemLoader Loading environment from /home/runner/work/key/key/key.core/../key.ui/examples/standard_key/java_dl/incrementcounter.key 
207628     DEBUG main            d.u.i.k.p.i.AbstractProblemLoader Environment load took 205.4ns 
207629     INFO  main            d.u.i.k.p.i.AbstractProblemLoader Creating init config 
210688     DEBUG main            d.u.i.k.p.i.AbstractProblemLoader Init config took 3.06s 
210706     INFO  main            d.u.i.k.p.i.AbstractProblemLoader Replaying proof incrementcounter.key 
210708     DEBUG main            d.u.i.k.p.i.IntermediateProofReplayer Proof replay took 9ns 
210810     INFO  main            d.u.i.k.p.r.p.TestFile    ... finished proof: closed. 
211204     INFO  main            d.u.i.k.p.i.AbstractProblemLoader Loading environment from /home/runner/work/key/key/key.core/../key.ui/examples/standard_key/java_dl/incrementcounter.key.proof 
211204     DEBUG main            d.u.i.k.p.i.AbstractProblemLoader Environment load took 132.4ns 
211205     INFO  main            d.u.i.k.p.i.AbstractProblemLoader Creating init config 
214105     DEBUG main            d.u.i.k.p.i.AbstractProblemLoader Init config took 2.9s 
214121     INFO  main            d.u.i.k.p.i.AbstractProblemLoader Replaying proof incrementcounter.key.proof 
214125     DEBUG main            d.u.i.k.p.i.IntermediateProofReplayer Proof replay took 2.01ms 
214126     DEBUG main            d.u.i.k.p.r.p.TestFile    ... success: reloaded. 
214126     INFO  main            d.u.i.k.p.r.p.TestFile    Now processing file /home/runner/work/key/key/key.core/../key.ui/examples/standard_key/java_dl/danglingElse.key 
214127     INFO  main            d.u.i.k.p.i.AbstractProblemLoader Loading environment from /home/runner/work/key/key/key.core/../key.ui/examples/standard_key/java_dl/danglingElse.key 
214127     DEBUG main            d.u.i.k.p.i.AbstractProblemLoader Environment load took 163.8ns 
214129     INFO  main            d.u.i.k.p.i.AbstractProblemLoader Creating init config 
217130     DEBUG main            d.u.i.k.p.i.AbstractProblemLoader Init config took 3s 
217147     INFO  main            d.u.i.k.p.i.AbstractProblemLoader Replaying proof danglingElse.key 
217150     DEBUG main            d.u.i.k.p.i.IntermediateProofReplayer Proof replay took 9.2ns 
217253     INFO  main            d.u.i.k.p.r.p.TestFile    ... finished proof: open goal(s) 
217664     INFO  main            d.u.i.k.p.r.p.TestFile    Now processing file /home/runner/work/key/key/key.core/../key.ui/examples/standard_key/java_dl/iteratedAssignment.key 
217664     INFO  main            d.u.i.k.p.i.AbstractProblemLoader Loading environment from /home/runner/work/key/key/key.core/../key.ui/examples/standard_key/java_dl/iteratedAssignment.key 
217664     DEBUG main            d.u.i.k.p.i.AbstractProblemLoader Environment load took 96.5ns 
217669     INFO  main            d.u.i.k.p.i.AbstractProblemLoader Creating init config 
220686     DEBUG main            d.u.i.k.p.i.AbstractProblemLoader Init config took 3.02s 
220702     INFO  main            d.u.i.k.p.i.AbstractProblemLoader Replaying proof iteratedAssignment.key 
220706     DEBUG main            d.u.i.k.p.i.IntermediateProofReplayer Proof replay took 8.4ns 
221112     INFO  main            d.u.i.k.p.r.p.TestFile    ... finished proof: closed. 
221540     INFO  main            d.u.i.k.p.i.AbstractProblemLoader Loading environment from /home/runner/work/key/key/key.core/../key.ui/examples/standard_key/java_dl/iteratedAssignment.key.proof 
221540     DEBUG main            d.u.i.k.p.i.AbstractProblemLoader Environment load took 443.7ns 
221542     INFO  main            d.u.i.k.p.i.AbstractProblemLoader Creating init config 
224528     DEBUG main            d.u.i.k.p.i.AbstractProblemLoader Init config took 2.99s 
224545     INFO  main            d.u.i.k.p.i.AbstractProblemLoader Replaying proof iteratedAssignment.key.proof 
224622     DEBUG main            d.u.i.k.p.i.IntermediateProofReplayer Proof replay took 73.49ms 
224623     DEBUG main            d.u.i.k.p.r.p.TestFile    ... success: reloaded. 
224626     INFO  main            d.u.i.k.p.r.p.TestFile    Now processing file /home/runner/work/key/key/key.core/../key.ui/examples/standard_key/java_dl/assert/assert1.key 
224627     INFO  main            d.u.i.k.p.i.AbstractProblemLoader Loading environment from /home/runner/work/key/key/key.core/../key.ui/examples/standard_key/java_dl/assert/assert1.key 
224627     DEBUG main            d.u.i.k.p.i.AbstractProblemLoader Environment load took 174.7ns 
224628     INFO  main            d.u.i.k.p.i.AbstractProblemLoader Creating init config 
227630     DEBUG main            d.u.i.k.p.i.AbstractProblemLoader Init config took 3s 
227676     INFO  main            d.u.i.k.p.i.AbstractProblemLoader Replaying proof C[C::foo()].JML normal_behavior operation contract.0 
227679     DEBUG main            d.u.i.k.p.i.IntermediateProofReplayer Proof replay took 7.5ns 
227882     INFO  main            d.u.i.k.p.r.p.TestFile    ... finished proof: open goal(s) 
228331     INFO  main            d.u.i.k.p.r.p.TestFile    Now processing file /home/runner/work/key/key/key.core/../key.ui/examples/standard_key/java_dl/assert/assert2.key 
228331     INFO  main            d.u.i.k.p.i.AbstractProblemLoader Loading environment from /home/runner/work/key/key/key.core/../key.ui/examples/standard_key/java_dl/assert/assert2.key 
228331     DEBUG main            d.u.i.k.p.i.AbstractProblemLoader Environment load took 80.7ns 
228333     INFO  main            d.u.i.k.p.i.AbstractProblemLoader Creating init config 
231363     DEBUG main            d.u.i.k.p.i.AbstractProblemLoader Init config took 3.03s 
231414     INFO  main            d.u.i.k.p.i.AbstractProblemLoader Replaying proof C[C::bar()].JML exceptional_behavior operation contract.0 
231417     DEBUG main            d.u.i.k.p.i.IntermediateProofReplayer Proof replay took 7.8ns 
231619     INFO  main            d.u.i.k.p.r.p.TestFile    ... finished proof: closed. 
232025     INFO  main            d.u.i.k.p.i.AbstractProblemLoader Loading environment from /home/runner/work/key/key/key.core/../key.ui/examples/standard_key/java_dl/assert/assert2.key.proof 
232025     DEBUG main            d.u.i.k.p.i.AbstractProblemLoader Environment load took 105.9ns 
232026     INFO  main            d.u.i.k.p.i.AbstractProblemLoader Creating init config 
235015     DEBUG main            d.u.i.k.p.i.AbstractProblemLoader Init config took 2.99s 
235059     INFO  main            d.u.i.k.p.i.AbstractProblemLoader Replaying proof C[C::bar()].JML exceptional_behavior operation contract.0 
235105     DEBUG main            d.u.i.k.p.i.IntermediateProofReplayer Proof replay took 42.93ms 
235106     DEBUG main            d.u.i.k.p.r.p.TestFile    ... success: reloaded. 
235107     INFO  main            d.u.i.k.p.r.p.TestFile    Now processing file /home/runner/work/key/key/key.core/../key.ui/examples/standard_key/java_dl/assert/assert3.key 
235108     INFO  main            d.u.i.k.p.i.AbstractProblemLoader Loading environment from /home/runner/work/key/key/key.core/../key.ui/examples/standard_key/java_dl/assert/assert3.key 
235108     DEBUG main            d.u.i.k.p.i.AbstractProblemLoader Environment load took 110.3ns 
235109     INFO  main            d.u.i.k.p.i.AbstractProblemLoader Creating init config 
238080     DEBUG main            d.u.i.k.p.i.AbstractProblemLoader Init config took 2.97s 
238121     INFO  main            d.u.i.k.p.i.AbstractProblemLoader Replaying proof C[C::foo()].JML normal_behavior operation contract.0 
238124     DEBUG main            d.u.i.k.p.i.IntermediateProofReplayer Proof replay took 8ns 
238227     INFO  main            d.u.i.k.p.r.p.TestFile    ... finished proof: open goal(s) 
238642     INFO  main            d.u.i.k.p.r.p.TestFile    Now processing file /home/runner/work/key/key/key.core/../key.ui/examples/standard_key/java_dl/java5/vararg.key 
238643     INFO  main            d.u.i.k.p.i.AbstractProblemLoader Loading environment from /home/runner/work/key/key/key.core/../key.ui/examples/standard_key/java_dl/java5/vararg.key 
238643     DEBUG main            d.u.i.k.p.i.AbstractProblemLoader Environment load took 180.6ns 
238645     INFO  main            d.u.i.k.p.i.AbstractProblemLoader Creating init config 
239734     DEBUG main            d.u.i.k.j.r.ClassPreparationMethodBuilder clPrepBuilder: Inner Class detected. Reject building class initialisation methods. 
242266     DEBUG main            d.u.i.k.p.i.AbstractProblemLoader Init config took 3.62s 
242297     INFO  main            d.u.i.k.p.i.AbstractProblemLoader Replaying proof vararg.key 
242299     DEBUG main            d.u.i.k.p.i.IntermediateProofReplayer Proof replay took 7.9ns 
244013     INFO  main            d.u.i.k.p.r.p.TestFile    ... finished proof: closed. 
244496     INFO  main            d.u.i.k.p.i.AbstractProblemLoader Loading environment from /home/runner/work/key/key/key.core/../key.ui/examples/standard_key/java_dl/java5/vararg.key.proof 
244496     DEBUG main            d.u.i.k.p.i.AbstractProblemLoader Environment load took 520.5ns 
244499     INFO  main            d.u.i.k.p.i.AbstractProblemLoader Creating init config 
245559     DEBUG main            d.u.i.k.j.r.ClassPreparationMethodBuilder clPrepBuilder: Inner Class detected. Reject building class initialisation methods. 
247803     DEBUG main            d.u.i.k.p.i.AbstractProblemLoader Init config took 3.3s 
247837     INFO  main            d.u.i.k.p.i.AbstractProblemLoader Replaying proof vararg.key.proof 
248228     DEBUG main            d.u.i.k.p.i.IntermediateProofReplayer Proof replay took 372.2ms 
248230     DEBUG main            d.u.i.k.p.r.p.TestFile    ... success: reloaded. 
248230     INFO  main            d.u.i.k.p.r.p.TestFile    Now processing file /home/runner/work/key/key/key.core/../key.ui/examples/standard_key/java_dl/java5/for_Array.key 
248230     INFO  main            d.u.i.k.p.i.AbstractProblemLoader Loading environment from /home/runner/work/key/key/key.core/../key.ui/examples/standard_key/java_dl/java5/for_Array.key 
248231     DEBUG main            d.u.i.k.p.i.AbstractProblemLoader Environment load took 66.3ns 
248231     INFO  main            d.u.i.k.p.i.AbstractProblemLoader Creating init config 
249284     DEBUG main            d.u.i.k.j.r.ClassPreparationMethodBuilder clPrepBuilder: Inner Class detected. Reject building class initialisation methods. 
251556     DEBUG main            d.u.i.k.p.i.AbstractProblemLoader Init config took 3.32s 
251621     INFO  main            d.u.i.k.p.i.AbstractProblemLoader Replaying proof For[For::sum([I)].JML operation contract.0 
251625     DEBUG main            d.u.i.k.p.i.IntermediateProofReplayer Proof replay took 8.3ns 
252137     INFO  main            d.u.i.k.p.r.p.TestFile    ... finished proof: closed. 
252656     INFO  main            d.u.i.k.p.i.AbstractProblemLoader Loading environment from /home/runner/work/key/key/key.core/../key.ui/examples/standard_key/java_dl/java5/for_Array.key.proof 
252656     DEBUG main            d.u.i.k.p.i.AbstractProblemLoader Environment load took 382.8ns 
252657     INFO  main            d.u.i.k.p.i.AbstractProblemLoader Creating init config 
253672     DEBUG main            d.u.i.k.j.r.ClassPreparationMethodBuilder clPrepBuilder: Inner Class detected. Reject building class initialisation methods. 
256021     DEBUG main            d.u.i.k.p.i.AbstractProblemLoader Init config took 3.36s 
256082     INFO  main            d.u.i.k.p.i.AbstractProblemLoader Replaying proof For[For::sum([I)].JML operation contract.0 
256184     DEBUG main            d.u.i.k.p.i.IntermediateProofReplayer Proof replay took 98.23ms 
256185     DEBUG main            d.u.i.k.p.r.p.TestFile    ... success: reloaded. 
256186     INFO  main            d.u.i.k.p.r.p.TestFile    Now processing file /home/runner/work/key/key/key.core/../key.ui/examples/standard_key/java_dl/java5/for_Iterable.key 
256187     INFO  main            d.u.i.k.p.i.AbstractProblemLoader Loading environment from /home/runner/work/key/key/key.core/../key.ui/examples/standard_key/java_dl/java5/for_Iterable.key 
256187     DEBUG main            d.u.i.k.p.i.AbstractProblemLoader Environment load took 231.7ns 
256188     INFO  main            d.u.i.k.p.i.AbstractProblemLoader Creating init config 
257252     DEBUG main            d.u.i.k.j.r.ClassPreparationMethodBuilder clPrepBuilder: Inner Class detected. Reject building class initialisation methods. 
259589     DEBUG main            d.u.i.k.p.i.AbstractProblemLoader Init config took 3.4s 
259688     INFO  main            d.u.i.k.p.i.AbstractProblemLoader Replaying proof For[For::infiniteLoop(For)].JML operation contract.0 
259690     DEBUG main            d.u.i.k.p.i.IntermediateProofReplayer Proof replay took 8.1ns 
259893     INFO  main            d.u.i.k.p.r.p.TestFile    ... finished proof: closed. 
260359     INFO  main            d.u.i.k.p.i.AbstractProblemLoader Loading environment from /home/runner/work/key/key/key.core/../key.ui/examples/standard_key/java_dl/java5/for_Iterable.key.proof 
260360     DEBUG main            d.u.i.k.p.i.AbstractProblemLoader Environment load took 419.8ns 
260361     INFO  main            d.u.i.k.p.i.AbstractProblemLoader Creating init config 
261359     DEBUG main            d.u.i.k.j.r.ClassPreparationMethodBuilder clPrepBuilder: Inner Class detected. Reject building class initialisation methods. 
263567     DEBUG main            d.u.i.k.p.i.AbstractProblemLoader Init config took 3.21s 
263636     INFO  main            d.u.i.k.p.i.AbstractProblemLoader Replaying proof For[For::infiniteLoop(For)].JML operation contract.0 
263703     DEBUG main            d.u.i.k.p.i.IntermediateProofReplayer Proof replay took 63.16ms 
263704     DEBUG main            d.u.i.k.p.r.p.TestFile    ... success: reloaded. 
263705     INFO  main            d.u.i.k.p.r.p.TestFile    Now processing file /home/runner/work/key/key/key.core/../key.ui/examples/standard_key/java_dl/java5/for_ReferenceArray.key 
263705     INFO  main            d.u.i.k.p.i.AbstractProblemLoader Loading environment from /home/runner/work/key/key/key.core/../key.ui/examples/standard_key/java_dl/java5/for_ReferenceArray.key 
263705     DEBUG main            d.u.i.k.p.i.AbstractProblemLoader Environment load took 115.2ns 
263706     INFO  main            d.u.i.k.p.i.AbstractProblemLoader Creating init config 
264724     DEBUG main            d.u.i.k.j.r.ClassPreparationMethodBuilder clPrepBuilder: Inner Class detected. Reject building class initialisation methods. 
267060     DEBUG main            d.u.i.k.p.i.AbstractProblemLoader Init config took 3.35s 
267124     INFO  main            d.u.i.k.p.i.AbstractProblemLoader Replaying proof ForReferenceArray[ForReferenceArray::foo([Ljava.lang.Object)].JML operation contract.0 
267128     DEBUG main            d.u.i.k.p.i.IntermediateProofReplayer Proof replay took 8.2ns 
267430     INFO  main            d.u.i.k.p.r.p.TestFile    ... finished proof: closed. 
267944     INFO  main            d.u.i.k.p.i.AbstractProblemLoader Loading environment from /home/runner/work/key/key/key.core/../key.ui/examples/standard_key/java_dl/java5/for_ReferenceArray.key.proof 
267945     DEBUG main            d.u.i.k.p.i.AbstractProblemLoader Environment load took 475ns 
267946     INFO  main            d.u.i.k.p.i.AbstractProblemLoader Creating init config 
268962     DEBUG main            d.u.i.k.j.r.ClassPreparationMethodBuilder clPrepBuilder: Inner Class detected. Reject building class initialisation methods. 
271268     DEBUG main            d.u.i.k.p.i.AbstractProblemLoader Init config took 3.32s 
271337     INFO  main            d.u.i.k.p.i.AbstractProblemLoader Replaying proof ForReferenceArray[ForReferenceArray::foo([Ljava.lang.Object)].JML operation contract.0 
271425     DEBUG main            d.u.i.k.p.i.IntermediateProofReplayer Proof replay took 83.5ms 
271426     DEBUG main            d.u.i.k.p.r.p.TestFile    ... success: reloaded. 
271427     INFO  main            d.u.i.k.p.r.p.TestFile    Now processing file /home/runner/work/key/key/key.core/../key.ui/examples/standard_key/java_dl/jml-bigint/cast.key 
271428     INFO  main            d.u.i.k.p.i.AbstractProblemLoader Loading environment from /home/runner/work/key/key/key.core/../key.ui/examples/standard_key/java_dl/jml-bigint/cast.key 
271428     DEBUG main            d.u.i.k.p.i.AbstractProblemLoader Environment load took 232.7ns 
271429     INFO  main            d.u.i.k.p.i.AbstractProblemLoader Creating init config 
274642     DEBUG main            d.u.i.k.p.i.AbstractProblemLoader Init config took 3.21s 
274717     INFO  main            d.u.i.k.p.i.AbstractProblemLoader Replaying proof Mult[Mult::cast()].JML operation contract.0 
274720     DEBUG main            d.u.i.k.p.i.IntermediateProofReplayer Proof replay took 7.2ns 
274822     INFO  main            d.u.i.k.p.r.p.TestFile    ... finished proof: closed. 
275409     INFO  main            d.u.i.k.p.i.AbstractProblemLoader Loading environment from /home/runner/work/key/key/key.core/../key.ui/examples/standard_key/java_dl/jml-bigint/cast.key.proof 
275409     DEBUG main            d.u.i.k.p.i.AbstractProblemLoader Environment load took 104.6ns 
275411     INFO  main            d.u.i.k.p.i.AbstractProblemLoader Creating init config 
278597     DEBUG main            d.u.i.k.p.i.AbstractProblemLoader Init config took 3.19s 
278644     INFO  main            d.u.i.k.p.i.AbstractProblemLoader Replaying proof Mult[Mult::cast()].JML operation contract.0 
278660     DEBUG main            d.u.i.k.p.i.IntermediateProofReplayer Proof replay took 13.28ms 
278661     DEBUG main            d.u.i.k.p.r.p.TestFile    ... success: reloaded. 
278662     INFO  main            d.u.i.k.p.r.p.TestFile    Now processing file /home/runner/work/key/key/key.core/../key.ui/examples/standard_key/java_dl/jml-free/loopInvFree.key 
278663     INFO  main            d.u.i.k.p.i.AbstractProblemLoader Loading environment from /home/runner/work/key/key/key.core/../key.ui/examples/standard_key/java_dl/jml-free/loopInvFree.key 
278663     DEBUG main            d.u.i.k.p.i.AbstractProblemLoader Environment load took 220ns 
278664     INFO  main            d.u.i.k.p.i.AbstractProblemLoader Creating init config 
281751     DEBUG main            d.u.i.k.p.i.AbstractProblemLoader Init config took 3.09s 
281802     INFO  main            d.u.i.k.p.i.AbstractProblemLoader Replaying proof LoopInvFree[LoopInvFree::test()].JML operation contract.0 
281806     DEBUG main            d.u.i.k.p.i.IntermediateProofReplayer Proof replay took 8.8ns 
282008     INFO  main            d.u.i.k.p.r.p.TestFile    ... finished proof: closed. 
282515     INFO  main            d.u.i.k.p.i.AbstractProblemLoader Loading environment from /home/runner/work/key/key/key.core/../key.ui/examples/standard_key/java_dl/jml-free/loopInvFree.key.proof 
282516     DEBUG main            d.u.i.k.p.i.AbstractProblemLoader Environment load took 106.9ns 
282517     INFO  main            d.u.i.k.p.i.AbstractProblemLoader Creating init config 
285823     DEBUG main            d.u.i.k.p.i.AbstractProblemLoader Init config took 3.31s 
285868     INFO  main            d.u.i.k.p.i.AbstractProblemLoader Replaying proof LoopInvFree[LoopInvFree::test()].JML operation contract.0 
285919     DEBUG main            d.u.i.k.p.i.IntermediateProofReplayer Proof replay took 48.19ms 
285920     DEBUG main            d.u.i.k.p.r.p.TestFile    ... success: reloaded. 
285921     INFO  main            d.u.i.k.p.r.p.TestFile    Now processing file /home/runner/work/key/key/key.core/../key.ui/examples/standard_key/java_dl/jml-free/ensuresFree.key 
285921     INFO  main            d.u.i.k.p.i.AbstractProblemLoader Loading environment from /home/runner/work/key/key/key.core/../key.ui/examples/standard_key/java_dl/jml-free/ensuresFree.key 
285922     DEBUG main            d.u.i.k.p.i.AbstractProblemLoader Environment load took 133.1ns 
285923     INFO  main            d.u.i.k.p.i.AbstractProblemLoader Creating init config 
289252     DEBUG main            d.u.i.k.p.i.AbstractProblemLoader Init config took 3.33s 
289299     INFO  main            d.u.i.k.p.i.AbstractProblemLoader Replaying proof EnsuresFree[EnsuresFree::test()].JML operation contract.0 
289301     DEBUG main            d.u.i.k.p.i.IntermediateProofReplayer Proof replay took 7.4ns 
289403     INFO  main            d.u.i.k.p.r.p.TestFile    ... finished proof: closed. 
289897     INFO  main            d.u.i.k.p.i.AbstractProblemLoader Loading environment from /home/runner/work/key/key/key.core/../key.ui/examples/standard_key/java_dl/jml-free/ensuresFree.key.proof 
289897     DEBUG main            d.u.i.k.p.i.AbstractProblemLoader Environment load took 91.3ns 
289899     INFO  main            d.u.i.k.p.i.AbstractProblemLoader Creating init config 
293030     DEBUG main            d.u.i.k.p.i.AbstractProblemLoader Init config took 3.13s 
293071     INFO  main            d.u.i.k.p.i.AbstractProblemLoader Replaying proof EnsuresFree[EnsuresFree::test()].JML operation contract.0 
293092     DEBUG main            d.u.i.k.p.i.IntermediateProofReplayer Proof replay took 18.89ms 
293093     DEBUG main            d.u.i.k.p.r.p.TestFile    ... success: reloaded. 
293094     INFO  main            d.u.i.k.p.r.p.TestFile    Now processing file /home/runner/work/key/key/key.core/../key.ui/examples/standard_key/java_dl/jml-information-flow.key 
293094     INFO  main            d.u.i.k.p.i.AbstractProblemLoader Loading environment from /home/runner/work/key/key/key.core/../key.ui/examples/standard_key/java_dl/jml-information-flow.key 
293094     DEBUG main            d.u.i.k.p.i.AbstractProblemLoader Environment load took 90.1ns 
293102     INFO  main            d.u.i.k.p.i.AbstractProblemLoader Creating init config 
296385     DEBUG main            d.u.i.k.p.i.AbstractProblemLoader Init config took 3.28s 
296413     INFO  main            d.u.i.k.p.i.AbstractProblemLoader Replaying proof jml-information-flow.key 
296415     DEBUG main            d.u.i.k.p.i.IntermediateProofReplayer Proof replay took 9.5ns 
494352     INFO  main            d.u.i.k.p.r.p.TestFile    ... finished proof: closed. 
495156     INFO  main            d.u.i.k.p.i.AbstractProblemLoader Loading environment from /home/runner/work/key/key/key.core/../key.ui/examples/standard_key/java_dl/jml-information-flow.key.proof 
495157     DEBUG main            d.u.i.k.p.i.AbstractProblemLoader Environment load took 420.5ns 
495168     INFO  main            d.u.i.k.p.i.AbstractProblemLoader Creating init config 
498609     DEBUG main            d.u.i.k.p.i.AbstractProblemLoader Init config took 3.44s 
498643     INFO  main            d.u.i.k.p.i.AbstractProblemLoader Replaying proof jml-information-flow.key.proof 
502985     DEBUG main            d.u.i.k.p.i.IntermediateProofReplayer Proof replay took 4.14s 
502995     DEBUG main            d.u.i.k.p.r.p.TestFile    ... success: reloaded. 
502996     INFO  main            d.u.i.k.p.r.p.TestFile    Now processing file /home/runner/work/key/key/key.core/../key.ui/examples/standard_key/java_dl/jml-min/min-unprovable1.key 
502996     INFO  main            d.u.i.k.p.i.AbstractProblemLoader Loading environment from /home/runner/work/key/key/key.core/../key.ui/examples/standard_key/java_dl/jml-min/min-unprovable1.key 
502997     DEBUG main            d.u.i.k.p.i.AbstractProblemLoader Environment load took 90.3ns 
502998     INFO  main            d.u.i.k.p.i.AbstractProblemLoader Creating init config 
506536     DEBUG main            d.u.i.k.p.i.AbstractProblemLoader Init config took 3.54s 
506579     INFO  main            d.u.i.k.p.i.AbstractProblemLoader Replaying proof Min[Min::foo()].JML operation contract.0 
506581     DEBUG main            d.u.i.k.p.i.IntermediateProofReplayer Proof replay took 9.3ns 
506685     INFO  main            d.u.i.k.p.r.p.TestFile    ... finished proof: open goal(s) 
507421     INFO  main            d.u.i.k.p.r.p.TestFile    Now processing file /home/runner/work/key/key/key.core/../key.ui/examples/standard_key/java_dl/jml-min/min-unprovable2.key 
507422     INFO  main            d.u.i.k.p.i.AbstractProblemLoader Loading environment from /home/runner/work/key/key/key.core/../key.ui/examples/standard_key/java_dl/jml-min/min-unprovable2.key 
507422     DEBUG main            d.u.i.k.p.i.AbstractProblemLoader Environment load took 58.9ns 
507423     INFO  main            d.u.i.k.p.i.AbstractProblemLoader Creating init config 
510586     DEBUG main            d.u.i.k.p.i.AbstractProblemLoader Init config took 3.16s 
510636     INFO  main            d.u.i.k.p.i.AbstractProblemLoader Replaying proof Min[Min::foo2()].JML operation contract.0 
510638     DEBUG main            d.u.i.k.p.i.IntermediateProofReplayer Proof replay took 25.4ns 
510740     INFO  main            d.u.i.k.p.r.p.TestFile    ... finished proof: open goal(s) 
511274     INFO  main            d.u.i.k.p.r.p.TestFile    Now processing file /home/runner/work/key/key/key.core/../key.ui/examples/standard_key/java_dl/methodCall.key 
511274     INFO  main            d.u.i.k.p.i.AbstractProblemLoader Loading environment from /home/runner/work/key/key/key.core/../key.ui/examples/standard_key/java_dl/methodCall.key 
511274     DEBUG main            d.u.i.k.p.i.AbstractProblemLoader Environment load took 66.3ns 
511275     INFO  main            d.u.i.k.p.i.AbstractProblemLoader Creating init config 
514553     DEBUG main            d.u.i.k.p.i.AbstractProblemLoader Init config took 3.28s 
514570     INFO  main            d.u.i.k.p.i.AbstractProblemLoader Replaying proof methodCall.key 
514572     DEBUG main            d.u.i.k.p.i.IntermediateProofReplayer Proof replay took 7.6ns 
514677     INFO  main            d.u.i.k.p.r.p.TestFile    ... finished proof: closed. 
515219     INFO  main            d.u.i.k.p.i.AbstractProblemLoader Loading environment from /home/runner/work/key/key/key.core/../key.ui/examples/standard_key/java_dl/methodCall.key.proof 
515219     DEBUG main            d.u.i.k.p.i.AbstractProblemLoader Environment load took 157.8ns 
515221     INFO  main            d.u.i.k.p.i.AbstractProblemLoader Creating init config 
518575     DEBUG main            d.u.i.k.p.i.AbstractProblemLoader Init config took 3.35s 
518591     INFO  main            d.u.i.k.p.i.AbstractProblemLoader Replaying proof methodCall.key.proof 
518596     DEBUG main            d.u.i.k.p.i.IntermediateProofReplayer Proof replay took 2.48ms 
518597     DEBUG main            d.u.i.k.p.r.p.TestFile    ... success: reloaded. 
518598     INFO  main            d.u.i.k.p.r.p.TestFile    Now processing file /home/runner/work/key/key/key.core/../key.ui/examples/standard_key/java_dl/methodCall1.key 
518598     INFO  main            d.u.i.k.p.i.AbstractProblemLoader Loading environment from /home/runner/work/key/key/key.core/../key.ui/examples/standard_key/java_dl/methodCall1.key 
518598     DEBUG main            d.u.i.k.p.i.AbstractProblemLoader Environment load took 71.8ns 
518599     INFO  main            d.u.i.k.p.i.AbstractProblemLoader Creating init config 
521836     DEBUG main            d.u.i.k.p.i.AbstractProblemLoader Init config took 3.24s 
521852     INFO  main            d.u.i.k.p.i.AbstractProblemLoader Replaying proof methodCall1.key 
521854     DEBUG main            d.u.i.k.p.i.IntermediateProofReplayer Proof replay took 8ns 
521958     INFO  main            d.u.i.k.p.r.p.TestFile    ... finished proof: closed. 
522503     INFO  main            d.u.i.k.p.i.AbstractProblemLoader Loading environment from /home/runner/work/key/key/key.core/../key.ui/examples/standard_key/java_dl/methodCall1.key.proof 
522504     DEBUG main            d.u.i.k.p.i.AbstractProblemLoader Environment load took 115ns 
522505     INFO  main            d.u.i.k.p.i.AbstractProblemLoader Creating init config 
525655     DEBUG main            d.u.i.k.p.i.AbstractProblemLoader Init config took 3.15s 
525675     INFO  main            d.u.i.k.p.i.AbstractProblemLoader Replaying proof methodCall1.key.proof 
525692     DEBUG main            d.u.i.k.p.i.IntermediateProofReplayer Proof replay took 14.92ms 
525693     DEBUG main            d.u.i.k.p.r.p.TestFile    ... success: reloaded. 
525694     INFO  main            d.u.i.k.p.r.p.TestFile    Now processing file /home/runner/work/key/key/key.core/../key.ui/examples/standard_key/java_dl/methodCall1box.key 
525694     INFO  main            d.u.i.k.p.i.AbstractProblemLoader Loading environment from /home/runner/work/key/key/key.core/../key.ui/examples/standard_key/java_dl/methodCall1box.key 
525694     DEBUG main            d.u.i.k.p.i.AbstractProblemLoader Environment load took 101.2ns 
525695     INFO  main            d.u.i.k.p.i.AbstractProblemLoader Creating init config 
528905     DEBUG main            d.u.i.k.p.i.AbstractProblemLoader Init config took 3.21s 
528921     INFO  main            d.u.i.k.p.i.AbstractProblemLoader Replaying proof methodCall1box.key 
528923     DEBUG main            d.u.i.k.p.i.IntermediateProofReplayer Proof replay took 9.6ns 
529025     INFO  main            d.u.i.k.p.r.p.TestFile    ... finished proof: closed. 
529588     INFO  main            d.u.i.k.p.i.AbstractProblemLoader Loading environment from /home/runner/work/key/key/key.core/../key.ui/examples/standard_key/java_dl/methodCall1box.key.proof 
529588     DEBUG main            d.u.i.k.p.i.AbstractProblemLoader Environment load took 195.6ns 
529589     INFO  main            d.u.i.k.p.i.AbstractProblemLoader Creating init config 
532673     DEBUG main            d.u.i.k.p.i.AbstractProblemLoader Init config took 3.08s 
532697     INFO  main            d.u.i.k.p.i.AbstractProblemLoader Replaying proof methodCall1box.key.proof 
532718     DEBUG main            d.u.i.k.p.i.IntermediateProofReplayer Proof replay took 17.31ms 
532719     DEBUG main            d.u.i.k.p.r.p.TestFile    ... success: reloaded. 
532720     INFO  main            d.u.i.k.p.r.p.TestFile    Now processing file /home/runner/work/key/key/key.core/../key.ui/examples/standard_key/java_dl/methodCall3.key 
532720     INFO  main            d.u.i.k.p.i.AbstractProblemLoader Loading environment from /home/runner/work/key/key/key.core/../key.ui/examples/standard_key/java_dl/methodCall3.key 
532720     DEBUG main            d.u.i.k.p.i.AbstractProblemLoader Environment load took 64.5ns 
532721     INFO  main            d.u.i.k.p.i.AbstractProblemLoader Creating init config 
535857     DEBUG main            d.u.i.k.p.i.AbstractProblemLoader Init config took 3.14s 
535874     INFO  main            d.u.i.k.p.i.AbstractProblemLoader Replaying proof methodCall3.key 
535876     DEBUG main            d.u.i.k.p.i.IntermediateProofReplayer Proof replay took 8.5ns 
535979     INFO  main            d.u.i.k.p.r.p.TestFile    ... finished proof: closed. 
536561     INFO  main            d.u.i.k.p.i.AbstractProblemLoader Loading environment from /home/runner/work/key/key/key.core/../key.ui/examples/standard_key/java_dl/methodCall3.key.proof 
536562     DEBUG main            d.u.i.k.p.i.AbstractProblemLoader Environment load took 143.2ns 
536563     INFO  main            d.u.i.k.p.i.AbstractProblemLoader Creating init config 
539753     DEBUG main            d.u.i.k.p.i.AbstractProblemLoader Init config took 3.19s 
539771     INFO  main            d.u.i.k.p.i.AbstractProblemLoader Replaying proof methodCall3.key.proof 
539783     DEBUG main            d.u.i.k.p.i.IntermediateProofReplayer Proof replay took 8.79ms 
539784     DEBUG main            d.u.i.k.p.r.p.TestFile    ... success: reloaded. 
539785     INFO  main            d.u.i.k.p.r.p.TestFile    Now processing file /home/runner/work/key/key/key.core/../key.ui/examples/standard_key/java_dl/polishFlagSort.key 
539786     INFO  main            d.u.i.k.p.i.AbstractProblemLoader Loading environment from /home/runner/work/key/key/key.core/../key.ui/examples/standard_key/java_dl/polishFlagSort.key 
539786     DEBUG main            d.u.i.k.p.i.AbstractProblemLoader Environment load took 72.6ns 
539788     INFO  main            d.u.i.k.p.i.AbstractProblemLoader Creating init config 
543028     DEBUG main            d.u.i.k.p.i.AbstractProblemLoader Init config took 3.24s 
543045     INFO  main            d.u.i.k.p.i.AbstractProblemLoader Replaying proof polishFlagSort.key 
543046     DEBUG main            d.u.i.k.p.i.IntermediateProofReplayer Proof replay took 6.8ns 
546464     INFO  main            d.u.i.k.p.r.p.TestFile    ... finished proof: closed. 
547093     INFO  main            d.u.i.k.p.i.AbstractProblemLoader Loading environment from /home/runner/work/key/key/key.core/../key.ui/examples/standard_key/java_dl/polishFlagSort.key.proof 
547094     DEBUG main            d.u.i.k.p.i.AbstractProblemLoader Environment load took 498ns 
547096     INFO  main            d.u.i.k.p.i.AbstractProblemLoader Creating init config 
550238     DEBUG main            d.u.i.k.p.i.AbstractProblemLoader Init config took 3.14s 
550258     INFO  main            d.u.i.k.p.i.AbstractProblemLoader Replaying proof polishFlagSort.key.proof 
550636     DEBUG main            d.u.i.k.p.i.IntermediateProofReplayer Proof replay took 362.52ms 
550638     DEBUG main            d.u.i.k.p.r.p.TestFile    ... success: reloaded. 
550639     INFO  main            d.u.i.k.p.r.p.TestFile    Now processing file /home/runner/work/key/key/key.core/../key.ui/examples/standard_key/java_dl/postConditionTaclets1.key 
550640     INFO  main            d.u.i.k.p.i.AbstractProblemLoader Loading environment from /home/runner/work/key/key/key.core/../key.ui/examples/standard_key/java_dl/postConditionTaclets1.key 
550640     DEBUG main            d.u.i.k.p.i.AbstractProblemLoader Environment load took 280.5ns 
550641     INFO  main            d.u.i.k.p.i.AbstractProblemLoader Creating init config 
553835     DEBUG main            d.u.i.k.p.i.AbstractProblemLoader Init config took 3.19s 
553851     INFO  main            d.u.i.k.p.i.AbstractProblemLoader Replaying proof postConditionTaclets1.key 
553853     DEBUG main            d.u.i.k.p.i.IntermediateProofReplayer Proof replay took 8.3ns 
553959     INFO  main            d.u.i.k.p.r.p.TestFile    ... finished proof: closed. 
554625     INFO  main            d.u.i.k.p.i.AbstractProblemLoader Loading environment from /home/runner/work/key/key/key.core/../key.ui/examples/standard_key/java_dl/postConditionTaclets1.key.proof 
554626     DEBUG main            d.u.i.k.p.i.AbstractProblemLoader Environment load took 636.1ns 
554629     INFO  main            d.u.i.k.p.i.AbstractProblemLoader Creating init config 
557755     DEBUG main            d.u.i.k.p.i.AbstractProblemLoader Init config took 3.13s 
557775     INFO  main            d.u.i.k.p.i.AbstractProblemLoader Replaying proof postConditionTaclets1.key.proof 
557777     DEBUG main            d.u.i.k.p.i.IntermediateProofReplayer Proof replay took 340.9ns 
557778     DEBUG main            d.u.i.k.p.r.p.TestFile    ... success: reloaded. 
557779     INFO  main            d.u.i.k.p.r.p.TestFile    Now processing file /home/runner/work/key/key/key.core/../key.ui/examples/standard_key/java_dl/postConditionTaclets2.key 
557779     INFO  main            d.u.i.k.p.i.AbstractProblemLoader Loading environment from /home/runner/work/key/key/key.core/../key.ui/examples/standard_key/java_dl/postConditionTaclets2.key 
557779     DEBUG main            d.u.i.k.p.i.AbstractProblemLoader Environment load took 95.3ns 
557780     INFO  main            d.u.i.k.p.i.AbstractProblemLoader Creating init config 
560924     DEBUG main            d.u.i.k.p.i.AbstractProblemLoader Init config took 3.14s 
560945     INFO  main            d.u.i.k.p.i.AbstractProblemLoader Replaying proof postConditionTaclets2.key 
560947     DEBUG main            d.u.i.k.p.i.IntermediateProofReplayer Proof replay took 7.8ns 
561049     INFO  main            d.u.i.k.p.r.p.TestFile    ... finished proof: closed. 
561625     INFO  main            d.u.i.k.p.i.AbstractProblemLoader Loading environment from /home/runner/work/key/key/key.core/../key.ui/examples/standard_key/java_dl/postConditionTaclets2.key.proof 
561625     DEBUG main            d.u.i.k.p.i.AbstractProblemLoader Environment load took 104.9ns 
561628     INFO  main            d.u.i.k.p.i.AbstractProblemLoader Creating init config 
564637     DEBUG main            d.u.i.k.p.i.AbstractProblemLoader Init config took 3.01s 
564660     INFO  main            d.u.i.k.p.i.AbstractProblemLoader Replaying proof postConditionTaclets2.key.proof 
564663     DEBUG main            d.u.i.k.p.i.IntermediateProofReplayer Proof replay took 600.2ns 
564664     DEBUG main            d.u.i.k.p.r.p.TestFile    ... success: reloaded. 
564665     INFO  main            d.u.i.k.p.r.p.TestFile    Now processing file /home/runner/work/key/key/key.core/../key.ui/examples/standard_key/java_dl/quantifiedQuery.key 
564665     INFO  main            d.u.i.k.p.i.AbstractProblemLoader Loading environment from /home/runner/work/key/key/key.core/../key.ui/examples/standard_key/java_dl/quantifiedQuery.key 
564665     DEBUG main            d.u.i.k.p.i.AbstractProblemLoader Environment load took 61ns 
564667     INFO  main            d.u.i.k.p.i.AbstractProblemLoader Creating init config 
567796     DEBUG main            d.u.i.k.p.i.AbstractProblemLoader Init config took 3.13s 
567813     INFO  main            d.u.i.k.p.i.AbstractProblemLoader Replaying proof quantifiedQuery.key 
567815     DEBUG main            d.u.i.k.p.i.IntermediateProofReplayer Proof replay took 24.6ns 
567920     INFO  main            d.u.i.k.p.r.p.TestFile    ... finished proof: closed. 
568507     INFO  main            d.u.i.k.p.i.AbstractProblemLoader Loading environment from /home/runner/work/key/key/key.core/../key.ui/examples/standard_key/java_dl/quantifiedQuery.key.proof 
568507     DEBUG main            d.u.i.k.p.i.AbstractProblemLoader Environment load took 88.4ns 
568508     INFO  main            d.u.i.k.p.i.AbstractProblemLoader Creating init config 
571570     DEBUG main            d.u.i.k.p.i.AbstractProblemLoader Init config took 3.06s 
571587     INFO  main            d.u.i.k.p.i.AbstractProblemLoader Replaying proof quantifiedQuery.key.proof 
571598     DEBUG main            d.u.i.k.p.i.IntermediateProofReplayer Proof replay took 9.5ms 
571599     DEBUG main            d.u.i.k.p.r.p.TestFile    ... success: reloaded. 
571600     INFO  main            d.u.i.k.p.r.p.TestFile    Now processing file /home/runner/work/key/key/key.core/../key.ui/examples/standard_key/java_dl/recursion/triangular.key 
571600     INFO  main            d.u.i.k.p.i.AbstractProblemLoader Loading environment from /home/runner/work/key/key/key.core/../key.ui/examples/standard_key/java_dl/recursion/triangular.key 
571601     DEBUG main            d.u.i.k.p.i.AbstractProblemLoader Environment load took 60.3ns 
571602     INFO  main            d.u.i.k.p.i.AbstractProblemLoader Creating init config 
574674     DEBUG main            d.u.i.k.p.i.AbstractProblemLoader Init config took 3.07s 
574716     INFO  main            d.u.i.k.p.i.AbstractProblemLoader Replaying proof Triangular[Triangular::tria(int)].JML normal_behavior operation contract.0 
574718     DEBUG main            d.u.i.k.p.i.IntermediateProofReplayer Proof replay took 11.4ns 
574920     INFO  main            d.u.i.k.p.r.p.TestFile    ... finished proof: closed. 
575494     INFO  main            d.u.i.k.p.i.AbstractProblemLoader Loading environment from /home/runner/work/key/key/key.core/../key.ui/examples/standard_key/java_dl/recursion/triangular.key.proof 
575494     DEBUG main            d.u.i.k.p.i.AbstractProblemLoader Environment load took 85.9ns 
575495     INFO  main            d.u.i.k.p.i.AbstractProblemLoader Creating init config 
578654     DEBUG main            d.u.i.k.p.i.AbstractProblemLoader Init config took 3.16s 
578697     INFO  main            d.u.i.k.p.i.AbstractProblemLoader Replaying proof Triangular[Triangular::tria(int)].JML normal_behavior operation contract.0 
578737     DEBUG main            d.u.i.k.p.i.IntermediateProofReplayer Proof replay took 37.63ms 
578738     DEBUG main            d.u.i.k.p.r.p.TestFile    ... success: reloaded. 
578739     INFO  main            d.u.i.k.p.r.p.TestFile    Now processing file /home/runner/work/key/key/key.core/../key.ui/examples/standard_key/java_dl/reverseArray.key 
578739     INFO  main            d.u.i.k.p.i.AbstractProblemLoader Loading environment from /home/runner/work/key/key/key.core/../key.ui/examples/standard_key/java_dl/reverseArray.key 
578739     DEBUG main            d.u.i.k.p.i.AbstractProblemLoader Environment load took 91.7ns 
578742     INFO  main            d.u.i.k.p.i.AbstractProblemLoader Creating init config 
578770     WARN  main            d.u.i.k.j.r.KeYCrossReferenceNameInfo Datatype java.io.InputStream declared twice: Once in FILE:/home/runner/work/key/key/key.core/../key.ui/examples/standard_key/java_dl/./classpath/InputStream.java and once in URL:file:/home/runner/work/key/key/key.core/build/resources/main/de/uka/ilkd/key/java/JavaRedux/java/io/InputStream.java, Keeping one from URL:file:/home/runner/work/key/key/key.core/build/resources/main/de/uka/ilkd/key/java/JavaRedux/java/io/InputStream.java 
578770     WARN  main            d.u.i.k.j.r.KeYCrossReferenceNameInfo Datatype java.lang.System declared twice: Once in FILE:/home/runner/work/key/key/key.core/../key.ui/examples/standard_key/java_dl/./classpath/System.java and once in URL:file:/home/runner/work/key/key/key.core/build/resources/main/de/uka/ilkd/key/java/JavaRedux/java/lang/System.java, Keeping one from URL:file:/home/runner/work/key/key/key.core/build/resources/main/de/uka/ilkd/key/java/JavaRedux/java/lang/System.java 
578770     WARN  main            d.u.i.k.j.r.KeYCrossReferenceNameInfo Datatype java.io.PrintStream declared twice: Once in FILE:/home/runner/work/key/key/key.core/../key.ui/examples/standard_key/java_dl/./classpath/PrintStream.java and once in URL:file:/home/runner/work/key/key/key.core/build/resources/main/de/uka/ilkd/key/java/JavaRedux/java/io/PrintStream.java, Keeping one from URL:file:/home/runner/work/key/key/key.core/build/resources/main/de/uka/ilkd/key/java/JavaRedux/java/io/PrintStream.java 
578773     DEBUG main            d.u.i.k.j.r.ClassFileDeclarationBuilder Parsing: package java.io; public class Closeable { } 
578773     DEBUG main            r.s.KeYCrossReferenceSourceInfo Dynamically created class: java.io.Closeable 
582076     DEBUG main            d.u.i.k.p.i.AbstractProblemLoader Init config took 3.33s 
582095     INFO  main            d.u.i.k.p.i.AbstractProblemLoader Replaying proof reverseArray.key 
582097     DEBUG main            d.u.i.k.p.i.IntermediateProofReplayer Proof replay took 8.9ns 
588700     INFO  main            d.u.i.k.p.r.p.TestFile    ... finished proof: closed. 
589381     INFO  main            d.u.i.k.p.i.AbstractProblemLoader Loading environment from /home/runner/work/key/key/key.core/../key.ui/examples/standard_key/java_dl/reverseArray.key.proof 
589381     DEBUG main            d.u.i.k.p.i.AbstractProblemLoader Environment load took 104.8ns 
589384     INFO  main            d.u.i.k.p.i.AbstractProblemLoader Creating init config 
589412     WARN  main            d.u.i.k.j.r.KeYCrossReferenceNameInfo Datatype java.io.InputStream declared twice: Once in FILE:/home/runner/work/key/key/key.core/../key.ui/examples/standard_key/java_dl/classpath/InputStream.java and once in URL:file:/home/runner/work/key/key/key.core/build/resources/main/de/uka/ilkd/key/java/JavaRedux/java/io/InputStream.java, Keeping one from URL:file:/home/runner/work/key/key/key.core/build/resources/main/de/uka/ilkd/key/java/JavaRedux/java/io/InputStream.java 
589412     WARN  main            d.u.i.k.j.r.KeYCrossReferenceNameInfo Datatype java.lang.System declared twice: Once in FILE:/home/runner/work/key/key/key.core/../key.ui/examples/standard_key/java_dl/classpath/System.java and once in URL:file:/home/runner/work/key/key/key.core/build/resources/main/de/uka/ilkd/key/java/JavaRedux/java/lang/System.java, Keeping one from URL:file:/home/runner/work/key/key/key.core/build/resources/main/de/uka/ilkd/key/java/JavaRedux/java/lang/System.java 
589413     WARN  main            d.u.i.k.j.r.KeYCrossReferenceNameInfo Datatype java.io.PrintStream declared twice: Once in FILE:/home/runner/work/key/key/key.core/../key.ui/examples/standard_key/java_dl/classpath/PrintStream.java and once in URL:file:/home/runner/work/key/key/key.core/build/resources/main/de/uka/ilkd/key/java/JavaRedux/java/io/PrintStream.java, Keeping one from URL:file:/home/runner/work/key/key/key.core/build/resources/main/de/uka/ilkd/key/java/JavaRedux/java/io/PrintStream.java 
589416     DEBUG main            d.u.i.k.j.r.ClassFileDeclarationBuilder Parsing: package java.io; public class Closeable { } 
589416     DEBUG main            r.s.KeYCrossReferenceSourceInfo Dynamically created class: java.io.Closeable 
592794     DEBUG main            d.u.i.k.p.i.AbstractProblemLoader Init config took 3.41s 
592817     INFO  main            d.u.i.k.p.i.AbstractProblemLoader Replaying proof reverseArray.key.proof 
593491     DEBUG main            d.u.i.k.p.i.IntermediateProofReplayer Proof replay took 658.07ms 
593493     DEBUG main            d.u.i.k.p.r.p.TestFile    ... success: reloaded. 
593494     INFO  main            d.u.i.k.p.r.p.TestFile    Now processing file /home/runner/work/key/key/key.core/../key.ui/examples/standard_key/java_dl/reverseArray2.key 
593495     INFO  main            d.u.i.k.p.i.AbstractProblemLoader Loading environment from /home/runner/work/key/key/key.core/../key.ui/examples/standard_key/java_dl/reverseArray2.key 
593495     DEBUG main            d.u.i.k.p.i.AbstractProblemLoader Environment load took 107.6ns 
593498     INFO  main            d.u.i.k.p.i.AbstractProblemLoader Creating init config 
593524     WARN  main            d.u.i.k.j.r.KeYCrossReferenceNameInfo Datatype java.io.InputStream declared twice: Once in FILE:/home/runner/work/key/key/key.core/../key.ui/examples/standard_key/java_dl/classpath/InputStream.java and once in URL:file:/home/runner/work/key/key/key.core/build/resources/main/de/uka/ilkd/key/java/JavaRedux/java/io/InputStream.java, Keeping one from URL:file:/home/runner/work/key/key/key.core/build/resources/main/de/uka/ilkd/key/java/JavaRedux/java/io/InputStream.java 
593524     WARN  main            d.u.i.k.j.r.KeYCrossReferenceNameInfo Datatype java.lang.System declared twice: Once in FILE:/home/runner/work/key/key/key.core/../key.ui/examples/standard_key/java_dl/classpath/System.java and once in URL:file:/home/runner/work/key/key/key.core/build/resources/main/de/uka/ilkd/key/java/JavaRedux/java/lang/System.java, Keeping one from URL:file:/home/runner/work/key/key/key.core/build/resources/main/de/uka/ilkd/key/java/JavaRedux/java/lang/System.java 
593524     WARN  main            d.u.i.k.j.r.KeYCrossReferenceNameInfo Datatype java.io.PrintStream declared twice: Once in FILE:/home/runner/work/key/key/key.core/../key.ui/examples/standard_key/java_dl/classpath/PrintStream.java and once in URL:file:/home/runner/work/key/key/key.core/build/resources/main/de/uka/ilkd/key/java/JavaRedux/java/io/PrintStream.java, Keeping one from URL:file:/home/runner/work/key/key/key.core/build/resources/main/de/uka/ilkd/key/java/JavaRedux/java/io/PrintStream.java 
593527     DEBUG main            d.u.i.k.j.r.ClassFileDeclarationBuilder Parsing: package java.io; public class Closeable { } 
593527     DEBUG main            r.s.KeYCrossReferenceSourceInfo Dynamically created class: java.io.Closeable 
596735     DEBUG main            d.u.i.k.p.i.AbstractProblemLoader Init config took 3.24s 
596753     INFO  main            d.u.i.k.p.i.AbstractProblemLoader Replaying proof reverseArray2.key 
596755     DEBUG main            d.u.i.k.p.i.IntermediateProofReplayer Proof replay took 43.3ns 
598762     INFO  main            d.u.i.k.p.r.p.TestFile    ... finished proof: closed. 
599537     INFO  main            d.u.i.k.p.i.AbstractProblemLoader Loading environment from /home/runner/work/key/key/key.core/../key.ui/examples/standard_key/java_dl/reverseArray2.key.proof 
599538     DEBUG main            d.u.i.k.p.i.AbstractProblemLoader Environment load took 417.6ns 
599541     INFO  main            d.u.i.k.p.i.AbstractProblemLoader Creating init config 
599572     WARN  main            d.u.i.k.j.r.KeYCrossReferenceNameInfo Datatype java.io.InputStream declared twice: Once in FILE:/home/runner/work/key/key/key.core/../key.ui/examples/standard_key/java_dl/classpath/InputStream.java and once in URL:file:/home/runner/work/key/key/key.core/build/resources/main/de/uka/ilkd/key/java/JavaRedux/java/io/InputStream.java, Keeping one from URL:file:/home/runner/work/key/key/key.core/build/resources/main/de/uka/ilkd/key/java/JavaRedux/java/io/InputStream.java 
599572     WARN  main            d.u.i.k.j.r.KeYCrossReferenceNameInfo Datatype java.lang.System declared twice: Once in FILE:/home/runner/work/key/key/key.core/../key.ui/examples/standard_key/java_dl/classpath/System.java and once in URL:file:/home/runner/work/key/key/key.core/build/resources/main/de/uka/ilkd/key/java/JavaRedux/java/lang/System.java, Keeping one from URL:file:/home/runner/work/key/key/key.core/build/resources/main/de/uka/ilkd/key/java/JavaRedux/java/lang/System.java 
599572     WARN  main            d.u.i.k.j.r.KeYCrossReferenceNameInfo Datatype java.io.PrintStream declared twice: Once in FILE:/home/runner/work/key/key/key.core/../key.ui/examples/standard_key/java_dl/classpath/PrintStream.java and once in URL:file:/home/runner/work/key/key/key.core/build/resources/main/de/uka/ilkd/key/java/JavaRedux/java/io/PrintStream.java, Keeping one from URL:file:/home/runner/work/key/key/key.core/build/resources/main/de/uka/ilkd/key/java/JavaRedux/java/io/PrintStream.java 
599577     DEBUG main            d.u.i.k.j.r.ClassFileDeclarationBuilder Parsing: package java.io; public class Closeable { } 
599577     DEBUG main            r.s.KeYCrossReferenceSourceInfo Dynamically created class: java.io.Closeable 
602783     DEBUG main            d.u.i.k.p.i.AbstractProblemLoader Init config took 3.24s 
602804     INFO  main            d.u.i.k.p.i.AbstractProblemLoader Replaying proof reverseArray2.key.proof 
603038     DEBUG main            d.u.i.k.p.i.IntermediateProofReplayer Proof replay took 227.7ms 
603040     DEBUG main            d.u.i.k.p.r.p.TestFile    ... success: reloaded. 
603041     INFO  main            d.u.i.k.p.r.p.TestFile    Now processing file /home/runner/work/key/key/key.core/../key.ui/examples/standard_key/java_dl/simpleAssignment.key 
603041     INFO  main            d.u.i.k.p.i.AbstractProblemLoader Loading environment from /home/runner/work/key/key/key.core/../key.ui/examples/standard_key/java_dl/simpleAssignment.key 
603041     DEBUG main            d.u.i.k.p.i.AbstractProblemLoader Environment load took 101.7ns 
603042     INFO  main            d.u.i.k.p.i.AbstractProblemLoader Creating init config 
606161     DEBUG main            d.u.i.k.p.i.AbstractProblemLoader Init config took 3.12s 
606177     INFO  main            d.u.i.k.p.i.AbstractProblemLoader Replaying proof simpleAssignment.key 
606180     DEBUG main            d.u.i.k.p.i.IntermediateProofReplayer Proof replay took 3.5ns 
606282     INFO  main            d.u.i.k.p.r.p.TestFile    ... finished proof: closed. 
606980     INFO  main            d.u.i.k.p.i.AbstractProblemLoader Loading environment from /home/runner/work/key/key/key.core/../key.ui/examples/standard_key/java_dl/simpleAssignment.key.proof 
606980     DEBUG main            d.u.i.k.p.i.AbstractProblemLoader Environment load took 97ns 
606981     INFO  main            d.u.i.k.p.i.AbstractProblemLoader Creating init config 
610062     DEBUG main            d.u.i.k.p.i.AbstractProblemLoader Init config took 3.08s 
610078     INFO  main            d.u.i.k.p.i.AbstractProblemLoader Replaying proof simpleAssignment.key.proof 
610082     DEBUG main            d.u.i.k.p.i.IntermediateProofReplayer Proof replay took 831.4ns 
610083     DEBUG main            d.u.i.k.p.r.p.TestFile    ... success: reloaded. 
610083     INFO  main            d.u.i.k.p.r.p.TestFile    Now processing file /home/runner/work/key/key/key.core/../key.ui/examples/standard_key/java_dl/simpleAssignment2.key 
610083     INFO  main            d.u.i.k.p.i.AbstractProblemLoader Loading environment from /home/runner/work/key/key/key.core/../key.ui/examples/standard_key/java_dl/simpleAssignment2.key 
610083     DEBUG main            d.u.i.k.p.i.AbstractProblemLoader Environment load took 56.5ns 
610084     INFO  main            d.u.i.k.p.i.AbstractProblemLoader Creating init config 
613190     DEBUG main            d.u.i.k.p.i.AbstractProblemLoader Init config took 3.11s 
613207     INFO  main            d.u.i.k.p.i.AbstractProblemLoader Replaying proof simpleAssignment2.key 
613210     DEBUG main            d.u.i.k.p.i.IntermediateProofReplayer Proof replay took 3.6ns 
613313     INFO  main            d.u.i.k.p.r.p.TestFile    ... finished proof: closed. 
613941     INFO  main            d.u.i.k.p.i.AbstractProblemLoader Loading environment from /home/runner/work/key/key/key.core/../key.ui/examples/standard_key/java_dl/simpleAssignment2.key.proof 
613941     DEBUG main            d.u.i.k.p.i.AbstractProblemLoader Environment load took 86.3ns 
613943     INFO  main            d.u.i.k.p.i.AbstractProblemLoader Creating init config 
617030     DEBUG main            d.u.i.k.p.i.AbstractProblemLoader Init config took 3.09s 
617046     INFO  main            d.u.i.k.p.i.AbstractProblemLoader Replaying proof simpleAssignment2.key.proof 
617048     DEBUG main            d.u.i.k.p.i.IntermediateProofReplayer Proof replay took 539.2ns 
617049     DEBUG main            d.u.i.k.p.r.p.TestFile    ... success: reloaded. 
617049     INFO  main            d.u.i.k.p.r.p.TestFile    Now processing file /home/runner/work/key/key/key.core/../key.ui/examples/standard_key/java_dl/splittingWithQueries.key 
617049     INFO  main            d.u.i.k.p.i.AbstractProblemLoader Loading environment from /home/runner/work/key/key/key.core/../key.ui/examples/standard_key/java_dl/splittingWithQueries.key 
617049     DEBUG main            d.u.i.k.p.i.AbstractProblemLoader Environment load took 58.7ns 
617050     INFO  main            d.u.i.k.p.i.AbstractProblemLoader Creating init config 
620200     DEBUG main            d.u.i.k.p.i.AbstractProblemLoader Init config took 3.15s 
620214     INFO  main            d.u.i.k.p.i.AbstractProblemLoader Replaying proof splittingWithQueries.key 
620220     DEBUG main            d.u.i.k.p.i.IntermediateProofReplayer Proof replay took 3.1ns 
620322     INFO  main            d.u.i.k.p.r.p.TestFile    ... finished proof: closed. 
620954     INFO  main            d.u.i.k.p.i.AbstractProblemLoader Loading environment from /home/runner/work/key/key/key.core/../key.ui/examples/standard_key/java_dl/splittingWithQueries.key.proof 
620954     DEBUG main            d.u.i.k.p.i.AbstractProblemLoader Environment load took 125.3ns 
620955     INFO  main            d.u.i.k.p.i.AbstractProblemLoader Creating init config 
624090     DEBUG main            d.u.i.k.p.i.AbstractProblemLoader Init config took 3.14s 
624108     INFO  main            d.u.i.k.p.i.AbstractProblemLoader Replaying proof splittingWithQueries.key.proof 
624112     DEBUG main            d.u.i.k.p.i.IntermediateProofReplayer Proof replay took 2.03ms 
624113     DEBUG main            d.u.i.k.p.r.p.TestFile    ... success: reloaded. 
624114     INFO  main            d.u.i.k.p.r.p.TestFile    Now processing file /home/runner/work/key/key/key.core/../key.ui/examples/standard_key/java_dl/strassen/strassen.key 
624114     INFO  main            d.u.i.k.p.i.AbstractProblemLoader Loading environment from /home/runner/work/key/key/key.core/../key.ui/examples/standard_key/java_dl/strassen/strassen.key 
624114     DEBUG main            d.u.i.k.p.i.AbstractProblemLoader Environment load took 90.2ns 
624115     INFO  main            d.u.i.k.p.i.AbstractProblemLoader Creating init config 
627427     DEBUG main            d.u.i.k.p.i.AbstractProblemLoader Init config took 3.31s 
627476     INFO  main            d.u.i.k.p.i.AbstractProblemLoader Replaying proof Matrix22[Matrix22::strassen(Matrix22,Matrix22)].JML normal_behavior operation contract.0 
627478     DEBUG main            d.u.i.k.p.i.IntermediateProofReplayer Proof replay took 3.2ns 
634550     INFO  main            d.u.i.k.p.r.p.TestFile    ... finished proof: closed. 
635401     INFO  main            d.u.i.k.p.i.AbstractProblemLoader Loading environment from /home/runner/work/key/key/key.core/../key.ui/examples/standard_key/java_dl/strassen/strassen.key.proof 
635401     DEBUG main            d.u.i.k.p.i.AbstractProblemLoader Environment load took 464.7ns 
635403     INFO  main            d.u.i.k.p.i.AbstractProblemLoader Creating init config 
638713     DEBUG main            d.u.i.k.p.i.AbstractProblemLoader Init config took 3.31s 
638762     INFO  main            d.u.i.k.p.i.AbstractProblemLoader Replaying proof Matrix22[Matrix22::strassen(Matrix22,Matrix22)].JML normal_behavior operation contract.0 
639351     DEBUG main            d.u.i.k.p.i.IntermediateProofReplayer Proof replay took 575.44ms 
639354     DEBUG main            d.u.i.k.p.r.p.TestFile    ... success: reloaded. 
639356     INFO  main            d.u.i.k.p.r.p.TestFile    Now processing file /home/runner/work/key/key/key.core/../key.ui/examples/standard_key/java_dl/symmArray.key 
639357     INFO  main            d.u.i.k.p.i.AbstractProblemLoader Loading environment from /home/runner/work/key/key/key.core/../key.ui/examples/standard_key/java_dl/symmArray.key 
639357     DEBUG main            d.u.i.k.p.i.AbstractProblemLoader Environment load took 245.1ns 
639361     INFO  main            d.u.i.k.p.i.AbstractProblemLoader Creating init config 
642628     DEBUG main            d.u.i.k.p.i.AbstractProblemLoader Init config took 3.27s 
642646     INFO  main            d.u.i.k.p.i.AbstractProblemLoader Replaying proof symmArray.key 
642647     DEBUG main            d.u.i.k.p.i.IntermediateProofReplayer Proof replay took 3ns 
783511     INFO  main            d.u.i.k.p.r.p.TestFile    ... finished proof: closed. 
784351     INFO  main            d.u.i.k.p.i.AbstractProblemLoader Loading environment from /home/runner/work/key/key/key.core/../key.ui/examples/standard_key/java_dl/symmArray.key.proof 
784351     DEBUG main            d.u.i.k.p.i.AbstractProblemLoader Environment load took 214ns 
784358     INFO  main            d.u.i.k.p.i.AbstractProblemLoader Creating init config 
787596     DEBUG main            d.u.i.k.p.i.AbstractProblemLoader Init config took 3.24s 
787616     INFO  main            d.u.i.k.p.i.AbstractProblemLoader Replaying proof symmArray.key.proof 
788965     DEBUG main            d.u.i.k.p.i.IntermediateProofReplayer Proof replay took 1.28s 
788971     DEBUG main            d.u.i.k.p.r.p.TestFile    ... success: reloaded. 
788972     INFO  main            d.u.i.k.p.r.p.TestFile    Now processing file /home/runner/work/key/key/key.core/../key.ui/examples/standard_key/java_dl/testcontext.key 
788972     INFO  main            d.u.i.k.p.i.AbstractProblemLoader Loading environment from /home/runner/work/key/key/key.core/../key.ui/examples/standard_key/java_dl/testcontext.key 
788973     DEBUG main            d.u.i.k.p.i.AbstractProblemLoader Environment load took 107ns 
788974     INFO  main            d.u.i.k.p.i.AbstractProblemLoader Creating init config 
789000     WARN  main            d.u.i.k.j.r.KeYCrossReferenceNameInfo Datatype java.io.InputStream declared twice: Once in FILE:/home/runner/work/key/key/key.core/../key.ui/examples/standard_key/java_dl/classpath/InputStream.java and once in URL:file:/home/runner/work/key/key/key.core/build/resources/main/de/uka/ilkd/key/java/JavaRedux/java/io/InputStream.java, Keeping one from URL:file:/home/runner/work/key/key/key.core/build/resources/main/de/uka/ilkd/key/java/JavaRedux/java/io/InputStream.java 
789001     WARN  main            d.u.i.k.j.r.KeYCrossReferenceNameInfo Datatype java.lang.System declared twice: Once in FILE:/home/runner/work/key/key/key.core/../key.ui/examples/standard_key/java_dl/classpath/System.java and once in URL:file:/home/runner/work/key/key/key.core/build/resources/main/de/uka/ilkd/key/java/JavaRedux/java/lang/System.java, Keeping one from URL:file:/home/runner/work/key/key/key.core/build/resources/main/de/uka/ilkd/key/java/JavaRedux/java/lang/System.java 
789001     WARN  main            d.u.i.k.j.r.KeYCrossReferenceNameInfo Datatype java.io.PrintStream declared twice: Once in FILE:/home/runner/work/key/key/key.core/../key.ui/examples/standard_key/java_dl/classpath/PrintStream.java and once in URL:file:/home/runner/work/key/key/key.core/build/resources/main/de/uka/ilkd/key/java/JavaRedux/java/io/PrintStream.java, Keeping one from URL:file:/home/runner/work/key/key/key.core/build/resources/main/de/uka/ilkd/key/java/JavaRedux/java/io/PrintStream.java 
789004     DEBUG main            d.u.i.k.j.r.ClassFileDeclarationBuilder Parsing: package java.io; public class Closeable { } 
789004     DEBUG main            r.s.KeYCrossReferenceSourceInfo Dynamically created class: java.io.Closeable 
792191     DEBUG main            d.u.i.k.p.i.AbstractProblemLoader Init config took 3.22s 
792210     INFO  main            d.u.i.k.p.i.AbstractProblemLoader Replaying proof testcontext.key 
792212     DEBUG main            d.u.i.k.p.i.IntermediateProofReplayer Proof replay took 3.3ns 
792617     INFO  main            d.u.i.k.p.r.p.TestFile    ... finished proof: closed. 
793464     INFO  main            d.u.i.k.p.i.AbstractProblemLoader Loading environment from /home/runner/work/key/key/key.core/../key.ui/examples/standard_key/java_dl/testcontext.key.proof 
793464     DEBUG main            d.u.i.k.p.i.AbstractProblemLoader Environment load took 106.6ns 
793469     INFO  main            d.u.i.k.p.i.AbstractProblemLoader Creating init config 
793498     WARN  main            d.u.i.k.j.r.KeYCrossReferenceNameInfo Datatype java.io.InputStream declared twice: Once in FILE:/home/runner/work/key/key/key.core/../key.ui/examples/standard_key/java_dl/classpath/InputStream.java and once in URL:file:/home/runner/work/key/key/key.core/build/resources/main/de/uka/ilkd/key/java/JavaRedux/java/io/InputStream.java, Keeping one from URL:file:/home/runner/work/key/key/key.core/build/resources/main/de/uka/ilkd/key/java/JavaRedux/java/io/InputStream.java 
793499     WARN  main            d.u.i.k.j.r.KeYCrossReferenceNameInfo Datatype java.lang.System declared twice: Once in FILE:/home/runner/work/key/key/key.core/../key.ui/examples/standard_key/java_dl/classpath/System.java and once in URL:file:/home/runner/work/key/key/key.core/build/resources/main/de/uka/ilkd/key/java/JavaRedux/java/lang/System.java, Keeping one from URL:file:/home/runner/work/key/key/key.core/build/resources/main/de/uka/ilkd/key/java/JavaRedux/java/lang/System.java 
793499     WARN  main            d.u.i.k.j.r.KeYCrossReferenceNameInfo Datatype java.io.PrintStream declared twice: Once in FILE:/home/runner/work/key/key/key.core/../key.ui/examples/standard_key/java_dl/classpath/PrintStream.java and once in URL:file:/home/runner/work/key/key/key.core/build/resources/main/de/uka/ilkd/key/java/JavaRedux/java/io/PrintStream.java, Keeping one from URL:file:/home/runner/work/key/key/key.core/build/resources/main/de/uka/ilkd/key/java/JavaRedux/java/io/PrintStream.java 
793502     DEBUG main            d.u.i.k.j.r.ClassFileDeclarationBuilder Parsing: package java.io; public class Closeable { } 
793503     DEBUG main            r.s.KeYCrossReferenceSourceInfo Dynamically created class: java.io.Closeable 
796756     DEBUG main            d.u.i.k.p.i.AbstractProblemLoader Init config took 3.29s 
796774     INFO  main            d.u.i.k.p.i.AbstractProblemLoader Replaying proof testcontext.key.proof 
796837     DEBUG main            d.u.i.k.p.i.IntermediateProofReplayer Proof replay took 59.91ms 
796839     DEBUG main            d.u.i.k.p.r.p.TestFile    ... success: reloaded. 
796840     INFO  main            d.u.i.k.p.r.p.TestFile    Now processing file /home/runner/work/key/key/key.core/../key.ui/examples/standard_key/staticInitialisation/cascadeStaticInitialisation.key 
796840     INFO  main            d.u.i.k.p.i.AbstractProblemLoader Loading environment from /home/runner/work/key/key/key.core/../key.ui/examples/standard_key/staticInitialisation/cascadeStaticInitialisation.key 
796840     DEBUG main            d.u.i.k.p.i.AbstractProblemLoader Environment load took 75.1ns 
796843     INFO  main            d.u.i.k.p.i.AbstractProblemLoader Creating init config 
796870     WARN  main            d.u.i.k.j.r.KeYCrossReferenceNameInfo Datatype java.lang.System declared twice: Once in FILE:/home/runner/work/key/key/key.core/../key.ui/examples/standard_key/staticInitialisation/classpath/System.java and once in URL:file:/home/runner/work/key/key/key.core/build/resources/main/de/uka/ilkd/key/java/JavaRedux/java/lang/System.java, Keeping one from URL:file:/home/runner/work/key/key/key.core/build/resources/main/de/uka/ilkd/key/java/JavaRedux/java/lang/System.java 
796870     WARN  main            d.u.i.k.j.r.KeYCrossReferenceNameInfo Datatype java.io.PrintStream declared twice: Once in FILE:/home/runner/work/key/key/key.core/../key.ui/examples/standard_key/staticInitialisation/classpath/PrintStream.java and once in URL:file:/home/runner/work/key/key/key.core/build/resources/main/de/uka/ilkd/key/java/JavaRedux/java/io/PrintStream.java, Keeping one from URL:file:/home/runner/work/key/key/key.core/build/resources/main/de/uka/ilkd/key/java/JavaRedux/java/io/PrintStream.java 
800076     DEBUG main            d.u.i.k.p.i.AbstractProblemLoader Init config took 3.23s 
800118     INFO  main            d.u.i.k.p.i.AbstractProblemLoader Replaying proof cascadeStaticInitialisation.key 
800131     DEBUG main            d.u.i.k.p.i.IntermediateProofReplayer Proof replay took 3.3ns 
801037     INFO  main            d.u.i.k.p.r.p.TestFile    ... finished proof: closed. 
801819     INFO  main            d.u.i.k.p.i.AbstractProblemLoader Loading environment from /home/runner/work/key/key/key.core/../key.ui/examples/standard_key/staticInitialisation/cascadeStaticInitialisation.key.proof 
801819     DEBUG main            d.u.i.k.p.i.AbstractProblemLoader Environment load took 270.8ns 
801821     INFO  main            d.u.i.k.p.i.AbstractProblemLoader Creating init config 
801849     WARN  main            d.u.i.k.j.r.KeYCrossReferenceNameInfo Datatype java.lang.System declared twice: Once in FILE:/home/runner/work/key/key/key.core/../key.ui/examples/standard_key/staticInitialisation/classpath/System.java and once in URL:file:/home/runner/work/key/key/key.core/build/resources/main/de/uka/ilkd/key/java/JavaRedux/java/lang/System.java, Keeping one from URL:file:/home/runner/work/key/key/key.core/build/resources/main/de/uka/ilkd/key/java/JavaRedux/java/lang/System.java 
801849     WARN  main            d.u.i.k.j.r.KeYCrossReferenceNameInfo Datatype java.io.PrintStream declared twice: Once in FILE:/home/runner/work/key/key/key.core/../key.ui/examples/standard_key/staticInitialisation/classpath/PrintStream.java and once in URL:file:/home/runner/work/key/key/key.core/build/resources/main/de/uka/ilkd/key/java/JavaRedux/java/io/PrintStream.java, Keeping one from URL:file:/home/runner/work/key/key/key.core/build/resources/main/de/uka/ilkd/key/java/JavaRedux/java/io/PrintStream.java 
805094     DEBUG main            d.u.i.k.p.i.AbstractProblemLoader Init config took 3.27s 
805113     INFO  main            d.u.i.k.p.i.AbstractProblemLoader Replaying proof cascadeStaticInitialisation.key.proof 
805270     DEBUG main            d.u.i.k.p.i.IntermediateProofReplayer Proof replay took 153.17ms 
805272     DEBUG main            d.u.i.k.p.r.p.TestFile    ... success: reloaded. 
805272     INFO  main            d.u.i.k.p.r.p.TestFile    Now processing file /home/runner/work/key/key/key.core/../key.ui/examples/standard_key/staticInitialisation/erroneousClassImpliesErroneousSubclass.key 
805273     INFO  main            d.u.i.k.p.i.AbstractProblemLoader Loading environment from /home/runner/work/key/key/key.core/../key.ui/examples/standard_key/staticInitialisation/erroneousClassImpliesErroneousSubclass.key 
805273     DEBUG main            d.u.i.k.p.i.AbstractProblemLoader Environment load took 113ns 
805274     INFO  main            d.u.i.k.p.i.AbstractProblemLoader Creating init config 
805320     WARN  main            d.u.i.k.j.r.KeYCrossReferenceNameInfo Datatype java.lang.System declared twice: Once in FILE:/home/runner/work/key/key/key.core/../key.ui/examples/standard_key/staticInitialisation/classpath/System.java and once in URL:file:/home/runner/work/key/key/key.core/build/resources/main/de/uka/ilkd/key/java/JavaRedux/java/lang/System.java, Keeping one from URL:file:/home/runner/work/key/key/key.core/build/resources/main/de/uka/ilkd/key/java/JavaRedux/java/lang/System.java 
805320     WARN  main            d.u.i.k.j.r.KeYCrossReferenceNameInfo Datatype java.io.PrintStream declared twice: Once in FILE:/home/runner/work/key/key/key.core/../key.ui/examples/standard_key/staticInitialisation/classpath/PrintStream.java and once in URL:file:/home/runner/work/key/key/key.core/build/resources/main/de/uka/ilkd/key/java/JavaRedux/java/io/PrintStream.java, Keeping one from URL:file:/home/runner/work/key/key/key.core/build/resources/main/de/uka/ilkd/key/java/JavaRedux/java/io/PrintStream.java 
808649     DEBUG main            d.u.i.k.p.i.AbstractProblemLoader Init config took 3.37s 
808666     INFO  main            d.u.i.k.p.i.AbstractProblemLoader Replaying proof erroneousClassImpliesErroneousSubclass.key 
808668     DEBUG main            d.u.i.k.p.i.IntermediateProofReplayer Proof replay took 3.8ns 
808770     INFO  main            d.u.i.k.p.r.p.TestFile    ... finished proof: closed. 
809524     INFO  main            d.u.i.k.p.i.AbstractProblemLoader Loading environment from /home/runner/work/key/key/key.core/../key.ui/examples/standard_key/staticInitialisation/erroneousClassImpliesErroneousSubclass.key.proof 
809524     DEBUG main            d.u.i.k.p.i.AbstractProblemLoader Environment load took 103.2ns 
809525     INFO  main            d.u.i.k.p.i.AbstractProblemLoader Creating init config 
809553     WARN  main            d.u.i.k.j.r.KeYCrossReferenceNameInfo Datatype java.lang.System declared twice: Once in FILE:/home/runner/work/key/key/key.core/../key.ui/examples/standard_key/staticInitialisation/classpath/System.java and once in URL:file:/home/runner/work/key/key/key.core/build/resources/main/de/uka/ilkd/key/java/JavaRedux/java/lang/System.java, Keeping one from URL:file:/home/runner/work/key/key/key.core/build/resources/main/de/uka/ilkd/key/java/JavaRedux/java/lang/System.java 
809553     WARN  main            d.u.i.k.j.r.KeYCrossReferenceNameInfo Datatype java.io.PrintStream declared twice: Once in FILE:/home/runner/work/key/key/key.core/../key.ui/examples/standard_key/staticInitialisation/classpath/PrintStream.java and once in URL:file:/home/runner/work/key/key/key.core/build/resources/main/de/uka/ilkd/key/java/JavaRedux/java/io/PrintStream.java, Keeping one from URL:file:/home/runner/work/key/key/key.core/build/resources/main/de/uka/ilkd/key/java/JavaRedux/java/io/PrintStream.java 
812649     DEBUG main            d.u.i.k.p.i.AbstractProblemLoader Init config took 3.12s 
812665     INFO  main            d.u.i.k.p.i.AbstractProblemLoader Replaying proof erroneousClassImpliesErroneousSubclass.key.proof 
812667     DEBUG main            d.u.i.k.p.i.IntermediateProofReplayer Proof replay took 643.51ns 
812668     DEBUG main            d.u.i.k.p.r.p.TestFile    ... success: reloaded. 
812669     INFO  main            d.u.i.k.p.r.p.TestFile    Now processing file /home/runner/work/key/key/key.core/../key.ui/examples/standard_key/staticInitialisation/initializedSubclassImpliesInitializedSuperclass.key 
812669     INFO  main            d.u.i.k.p.i.AbstractProblemLoader Loading environment from /home/runner/work/key/key/key.core/../key.ui/examples/standard_key/staticInitialisation/initializedSubclassImpliesInitializedSuperclass.key 
812669     DEBUG main            d.u.i.k.p.i.AbstractProblemLoader Environment load took 93.9ns 
812671     INFO  main            d.u.i.k.p.i.AbstractProblemLoader Creating init config 
812696     WARN  main            d.u.i.k.j.r.KeYCrossReferenceNameInfo Datatype java.lang.System declared twice: Once in FILE:/home/runner/work/key/key/key.core/../key.ui/examples/standard_key/staticInitialisation/classpath/System.java and once in URL:file:/home/runner/work/key/key/key.core/build/resources/main/de/uka/ilkd/key/java/JavaRedux/java/lang/System.java, Keeping one from URL:file:/home/runner/work/key/key/key.core/build/resources/main/de/uka/ilkd/key/java/JavaRedux/java/lang/System.java 
812696     WARN  main            d.u.i.k.j.r.KeYCrossReferenceNameInfo Datatype java.io.PrintStream declared twice: Once in FILE:/home/runner/work/key/key/key.core/../key.ui/examples/standard_key/staticInitialisation/classpath/PrintStream.java and once in URL:file:/home/runner/work/key/key/key.core/build/resources/main/de/uka/ilkd/key/java/JavaRedux/java/io/PrintStream.java, Keeping one from URL:file:/home/runner/work/key/key/key.core/build/resources/main/de/uka/ilkd/key/java/JavaRedux/java/io/PrintStream.java 
815947     DEBUG main            d.u.i.k.p.i.AbstractProblemLoader Init config took 3.28s 
815964     INFO  main            d.u.i.k.p.i.AbstractProblemLoader Replaying proof initializedSubclassImpliesInitializedSuperclass.key 
815965     DEBUG main            d.u.i.k.p.i.IntermediateProofReplayer Proof replay took 3.2ns 
816068     INFO  main            d.u.i.k.p.r.p.TestFile    ... finished proof: closed. 
816773     INFO  main            d.u.i.k.p.i.AbstractProblemLoader Loading environment from /home/runner/work/key/key/key.core/../key.ui/examples/standard_key/staticInitialisation/initializedSubclassImpliesInitializedSuperclass.key.proof 
816773     DEBUG main            d.u.i.k.p.i.AbstractProblemLoader Environment load took 106.4ns 
816774     INFO  main            d.u.i.k.p.i.AbstractProblemLoader Creating init config 
816805     WARN  main            d.u.i.k.j.r.KeYCrossReferenceNameInfo Datatype java.lang.System declared twice: Once in FILE:/home/runner/work/key/key/key.core/../key.ui/examples/standard_key/staticInitialisation/classpath/System.java and once in URL:file:/home/runner/work/key/key/key.core/build/resources/main/de/uka/ilkd/key/java/JavaRedux/java/lang/System.java, Keeping one from URL:file:/home/runner/work/key/key/key.core/build/resources/main/de/uka/ilkd/key/java/JavaRedux/java/lang/System.java 
816805     WARN  main            d.u.i.k.j.r.KeYCrossReferenceNameInfo Datatype java.io.PrintStream declared twice: Once in FILE:/home/runner/work/key/key/key.core/../key.ui/examples/standard_key/staticInitialisation/classpath/PrintStream.java and once in URL:file:/home/runner/work/key/key/key.core/build/resources/main/de/uka/ilkd/key/java/JavaRedux/java/io/PrintStream.java, Keeping one from URL:file:/home/runner/work/key/key/key.core/build/resources/main/de/uka/ilkd/key/java/JavaRedux/java/io/PrintStream.java 
820103     DEBUG main            d.u.i.k.p.i.AbstractProblemLoader Init config took 3.33s 
820140     INFO  main            d.u.i.k.p.i.AbstractProblemLoader Replaying proof initializedSubclassImpliesInitializedSuperclass.key.proof 
820143     DEBUG main            d.u.i.k.p.i.IntermediateProofReplayer Proof replay took 484.81ns 
820144     DEBUG main            d.u.i.k.p.r.p.TestFile    ... success: reloaded. 
820145     INFO  main            d.u.i.k.p.r.p.TestFile    Now processing file /home/runner/work/key/key/key.core/../key.ui/examples/standard_key/staticInitialisation/localDeclared.key 
820145     INFO  main            d.u.i.k.p.i.AbstractProblemLoader Loading environment from /home/runner/work/key/key/key.core/../key.ui/examples/standard_key/staticInitialisation/localDeclared.key 
820146     DEBUG main            d.u.i.k.p.i.AbstractProblemLoader Environment load took 101.3ns 
820148     INFO  main            d.u.i.k.p.i.AbstractProblemLoader Creating init config 
820174     WARN  main            d.u.i.k.j.r.KeYCrossReferenceNameInfo Datatype java.lang.System declared twice: Once in FILE:/home/runner/work/key/key/key.core/../key.ui/examples/standard_key/staticInitialisation/classpath/System.java and once in URL:file:/home/runner/work/key/key/key.core/build/resources/main/de/uka/ilkd/key/java/JavaRedux/java/lang/System.java, Keeping one from URL:file:/home/runner/work/key/key/key.core/build/resources/main/de/uka/ilkd/key/java/JavaRedux/java/lang/System.java 
820174     WARN  main            d.u.i.k.j.r.KeYCrossReferenceNameInfo Datatype java.io.PrintStream declared twice: Once in FILE:/home/runner/work/key/key/key.core/../key.ui/examples/standard_key/staticInitialisation/classpath/PrintStream.java and once in URL:file:/home/runner/work/key/key/key.core/build/resources/main/de/uka/ilkd/key/java/JavaRedux/java/io/PrintStream.java, Keeping one from URL:file:/home/runner/work/key/key/key.core/build/resources/main/de/uka/ilkd/key/java/JavaRedux/java/io/PrintStream.java 
823663     DEBUG main            d.u.i.k.p.i.AbstractProblemLoader Init config took 3.52s 
823685     INFO  main            d.u.i.k.p.i.AbstractProblemLoader Replaying proof localDeclared.key 
823687     DEBUG main            d.u.i.k.p.i.IntermediateProofReplayer Proof replay took 3.4ns 
824090     INFO  main            d.u.i.k.p.r.p.TestFile    ... finished proof: closed. 
824893     INFO  main            d.u.i.k.p.i.AbstractProblemLoader Loading environment from /home/runner/work/key/key/key.core/../key.ui/examples/standard_key/staticInitialisation/localDeclared.key.proof 
824893     DEBUG main            d.u.i.k.p.i.AbstractProblemLoader Environment load took 113.8ns 
824896     INFO  main            d.u.i.k.p.i.AbstractProblemLoader Creating init config 
824922     WARN  main            d.u.i.k.j.r.KeYCrossReferenceNameInfo Datatype java.lang.System declared twice: Once in FILE:/home/runner/work/key/key/key.core/../key.ui/examples/standard_key/staticInitialisation/classpath/System.java and once in URL:file:/home/runner/work/key/key/key.core/build/resources/main/de/uka/ilkd/key/java/JavaRedux/java/lang/System.java, Keeping one from URL:file:/home/runner/work/key/key/key.core/build/resources/main/de/uka/ilkd/key/java/JavaRedux/java/lang/System.java 
824923     WARN  main            d.u.i.k.j.r.KeYCrossReferenceNameInfo Datatype java.io.PrintStream declared twice: Once in FILE:/home/runner/work/key/key/key.core/../key.ui/examples/standard_key/staticInitialisation/classpath/PrintStream.java and once in URL:file:/home/runner/work/key/key/key.core/build/resources/main/de/uka/ilkd/key/java/JavaRedux/java/io/PrintStream.java, Keeping one from URL:file:/home/runner/work/key/key/key.core/build/resources/main/de/uka/ilkd/key/java/JavaRedux/java/io/PrintStream.java 
828048     DEBUG main            d.u.i.k.p.i.AbstractProblemLoader Init config took 3.15s 
828078     INFO  main            d.u.i.k.p.i.AbstractProblemLoader Replaying proof localDeclared.key.proof 
828147     DEBUG main            d.u.i.k.p.i.IntermediateProofReplayer Proof replay took 64.33ms 
828149     DEBUG main            d.u.i.k.p.r.p.TestFile    ... success: reloaded. 
828150     INFO  main            d.u.i.k.p.r.p.TestFile    Now processing file /home/runner/work/key/key/key.core/../key.ui/examples/standard_key/staticInitialisation/localDeclaredMethod.key 
828150     INFO  main            d.u.i.k.p.i.AbstractProblemLoader Loading environment from /home/runner/work/key/key/key.core/../key.ui/examples/standard_key/staticInitialisation/localDeclaredMethod.key 
828150     DEBUG main            d.u.i.k.p.i.AbstractProblemLoader Environment load took 252.3ns 
828152     INFO  main            d.u.i.k.p.i.AbstractProblemLoader Creating init config 
828178     WARN  main            d.u.i.k.j.r.KeYCrossReferenceNameInfo Datatype java.lang.System declared twice: Once in FILE:/home/runner/work/key/key/key.core/../key.ui/examples/standard_key/staticInitialisation/classpath/System.java and once in URL:file:/home/runner/work/key/key/key.core/build/resources/main/de/uka/ilkd/key/java/JavaRedux/java/lang/System.java, Keeping one from URL:file:/home/runner/work/key/key/key.core/build/resources/main/de/uka/ilkd/key/java/JavaRedux/java/lang/System.java 
828178     WARN  main            d.u.i.k.j.r.KeYCrossReferenceNameInfo Datatype java.io.PrintStream declared twice: Once in FILE:/home/runner/work/key/key/key.core/../key.ui/examples/standard_key/staticInitialisation/classpath/PrintStream.java and once in URL:file:/home/runner/work/key/key/key.core/build/resources/main/de/uka/ilkd/key/java/JavaRedux/java/io/PrintStream.java, Keeping one from URL:file:/home/runner/work/key/key/key.core/build/resources/main/de/uka/ilkd/key/java/JavaRedux/java/io/PrintStream.java 
831368     DEBUG main            d.u.i.k.p.i.AbstractProblemLoader Init config took 3.22s 
831386     INFO  main            d.u.i.k.p.i.AbstractProblemLoader Replaying proof localDeclaredMethod.key 
831387     DEBUG main            d.u.i.k.p.i.IntermediateProofReplayer Proof replay took 3.6ns 
831791     INFO  main            d.u.i.k.p.r.p.TestFile    ... finished proof: closed. 
832545     INFO  main            d.u.i.k.p.i.AbstractProblemLoader Loading environment from /home/runner/work/key/key/key.core/../key.ui/examples/standard_key/staticInitialisation/localDeclaredMethod.key.proof 
832545     DEBUG main            d.u.i.k.p.i.AbstractProblemLoader Environment load took 123ns 
832547     INFO  main            d.u.i.k.p.i.AbstractProblemLoader Creating init config 
832573     WARN  main            d.u.i.k.j.r.KeYCrossReferenceNameInfo Datatype java.lang.System declared twice: Once in FILE:/home/runner/work/key/key/key.core/../key.ui/examples/standard_key/staticInitialisation/classpath/System.java and once in URL:file:/home/runner/work/key/key/key.core/build/resources/main/de/uka/ilkd/key/java/JavaRedux/java/lang/System.java, Keeping one from URL:file:/home/runner/work/key/key/key.core/build/resources/main/de/uka/ilkd/key/java/JavaRedux/java/lang/System.java 
832573     WARN  main            d.u.i.k.j.r.KeYCrossReferenceNameInfo Datatype java.io.PrintStream declared twice: Once in FILE:/home/runner/work/key/key/key.core/../key.ui/examples/standard_key/staticInitialisation/classpath/PrintStream.java and once in URL:file:/home/runner/work/key/key/key.core/build/resources/main/de/uka/ilkd/key/java/JavaRedux/java/io/PrintStream.java, Keeping one from URL:file:/home/runner/work/key/key/key.core/build/resources/main/de/uka/ilkd/key/java/JavaRedux/java/io/PrintStream.java 
835669     DEBUG main            d.u.i.k.p.i.AbstractProblemLoader Init config took 3.12s 
835688     INFO  main            d.u.i.k.p.i.AbstractProblemLoader Replaying proof localDeclaredMethod.key.proof 
835754     DEBUG main            d.u.i.k.p.i.IntermediateProofReplayer Proof replay took 62.75ms 
835756     DEBUG main            d.u.i.k.p.r.p.TestFile    ... success: reloaded. 
835757     INFO  main            d.u.i.k.p.r.p.TestFile    Now processing file /home/runner/work/key/key/key.core/../key.ui/examples/standard_key/staticInitialisation/objectOfErroneousClass.key 
835758     INFO  main            d.u.i.k.p.i.AbstractProblemLoader Loading environment from /home/runner/work/key/key/key.core/../key.ui/examples/standard_key/staticInitialisation/objectOfErroneousClass.key 
835758     DEBUG main            d.u.i.k.p.i.AbstractProblemLoader Environment load took 292.9ns 
835759     INFO  main            d.u.i.k.p.i.AbstractProblemLoader Creating init config 
835788     WARN  main            d.u.i.k.j.r.KeYCrossReferenceNameInfo Datatype java.lang.System declared twice: Once in FILE:/home/runner/work/key/key/key.core/../key.ui/examples/standard_key/staticInitialisation/classpath/System.java and once in URL:file:/home/runner/work/key/key/key.core/build/resources/main/de/uka/ilkd/key/java/JavaRedux/java/lang/System.java, Keeping one from URL:file:/home/runner/work/key/key/key.core/build/resources/main/de/uka/ilkd/key/java/JavaRedux/java/lang/System.java 
835789     WARN  main            d.u.i.k.j.r.KeYCrossReferenceNameInfo Datatype java.io.PrintStream declared twice: Once in FILE:/home/runner/work/key/key/key.core/../key.ui/examples/standard_key/staticInitialisation/classpath/PrintStream.java and once in URL:file:/home/runner/work/key/key/key.core/build/resources/main/de/uka/ilkd/key/java/JavaRedux/java/io/PrintStream.java, Keeping one from URL:file:/home/runner/work/key/key/key.core/build/resources/main/de/uka/ilkd/key/java/JavaRedux/java/io/PrintStream.java 
838949     DEBUG main            d.u.i.k.p.i.AbstractProblemLoader Init config took 3.19s 
838967     INFO  main            d.u.i.k.p.i.AbstractProblemLoader Replaying proof objectOfErroneousClass.key 
838971     DEBUG main            d.u.i.k.p.i.IntermediateProofReplayer Proof replay took 3.4ns 
858461     INFO  main            d.u.i.k.p.r.p.TestFile    ... finished proof: closed. 
859283     INFO  main            d.u.i.k.p.i.AbstractProblemLoader Loading environment from /home/runner/work/key/key/key.core/../key.ui/examples/standard_key/staticInitialisation/objectOfErroneousClass.key.proof 
859284     DEBUG main            d.u.i.k.p.i.AbstractProblemLoader Environment load took 411.7ns 
859288     INFO  main            d.u.i.k.p.i.AbstractProblemLoader Creating init config 
859315     WARN  main            d.u.i.k.j.r.KeYCrossReferenceNameInfo Datatype java.lang.System declared twice: Once in FILE:/home/runner/work/key/key/key.core/../key.ui/examples/standard_key/staticInitialisation/classpath/System.java and once in URL:file:/home/runner/work/key/key/key.core/build/resources/main/de/uka/ilkd/key/java/JavaRedux/java/lang/System.java, Keeping one from URL:file:/home/runner/work/key/key/key.core/build/resources/main/de/uka/ilkd/key/java/JavaRedux/java/lang/System.java 
859316     WARN  main            d.u.i.k.j.r.KeYCrossReferenceNameInfo Datatype java.io.PrintStream declared twice: Once in FILE:/home/runner/work/key/key/key.core/../key.ui/examples/standard_key/staticInitialisation/classpath/PrintStream.java and once in URL:file:/home/runner/work/key/key/key.core/build/resources/main/de/uka/ilkd/key/java/JavaRedux/java/io/PrintStream.java, Keeping one from URL:file:/home/runner/work/key/key/key.core/build/resources/main/de/uka/ilkd/key/java/JavaRedux/java/io/PrintStream.java 
862568     DEBUG main            d.u.i.k.p.i.AbstractProblemLoader Init config took 3.28s 
862587     INFO  main            d.u.i.k.p.i.AbstractProblemLoader Replaying proof objectOfErroneousClass.key.proof 
864682     DEBUG main            d.u.i.k.p.i.IntermediateProofReplayer Proof replay took 2.06s 
864686     DEBUG main            d.u.i.k.p.r.p.TestFile    ... success: reloaded. 
864687     INFO  main            d.u.i.k.p.r.p.TestFile    Now processing file /home/runner/work/key/key/key.core/../key.ui/examples/standard_key/staticInitialisation/staticInitialisersAreNonSimple.key 
864687     INFO  main            d.u.i.k.p.i.AbstractProblemLoader Loading environment from /home/runner/work/key/key/key.core/../key.ui/examples/standard_key/staticInitialisation/staticInitialisersAreNonSimple.key 
864687     DEBUG main            d.u.i.k.p.i.AbstractProblemLoader Environment load took 60.6ns 
864689     INFO  main            d.u.i.k.p.i.AbstractProblemLoader Creating init config 
864715     WARN  main            d.u.i.k.j.r.KeYCrossReferenceNameInfo Datatype java.lang.System declared twice: Once in FILE:/home/runner/work/key/key/key.core/../key.ui/examples/standard_key/staticInitialisation/classpath/System.java and once in URL:file:/home/runner/work/key/key/key.core/build/resources/main/de/uka/ilkd/key/java/JavaRedux/java/lang/System.java, Keeping one from URL:file:/home/runner/work/key/key/key.core/build/resources/main/de/uka/ilkd/key/java/JavaRedux/java/lang/System.java 
864716     WARN  main            d.u.i.k.j.r.KeYCrossReferenceNameInfo Datatype java.io.PrintStream declared twice: Once in FILE:/home/runner/work/key/key/key.core/../key.ui/examples/standard_key/staticInitialisation/classpath/PrintStream.java and once in URL:file:/home/runner/work/key/key/key.core/build/resources/main/de/uka/ilkd/key/java/JavaRedux/java/io/PrintStream.java, Keeping one from URL:file:/home/runner/work/key/key/key.core/build/resources/main/de/uka/ilkd/key/java/JavaRedux/java/io/PrintStream.java 
867925     DEBUG main            d.u.i.k.p.i.AbstractProblemLoader Init config took 3.24s 
867942     INFO  main            d.u.i.k.p.i.AbstractProblemLoader Replaying proof staticInitialisersAreNonSimple.key 
867943     DEBUG main            d.u.i.k.p.i.IntermediateProofReplayer Proof replay took 3ns 
868347     INFO  main            d.u.i.k.p.r.p.TestFile    ... finished proof: closed. 
869240     INFO  main            d.u.i.k.p.i.AbstractProblemLoader Loading environment from /home/runner/work/key/key/key.core/../key.ui/examples/standard_key/staticInitialisation/staticInitialisersAreNonSimple.key.proof 
869240     DEBUG main            d.u.i.k.p.i.AbstractProblemLoader Environment load took 166.6ns 
869242     INFO  main            d.u.i.k.p.i.AbstractProblemLoader Creating init config 
869266     WARN  main            d.u.i.k.j.r.KeYCrossReferenceNameInfo Datatype java.lang.System declared twice: Once in FILE:/home/runner/work/key/key/key.core/../key.ui/examples/standard_key/staticInitialisation/classpath/System.java and once in URL:file:/home/runner/work/key/key/key.core/build/resources/main/de/uka/ilkd/key/java/JavaRedux/java/lang/System.java, Keeping one from URL:file:/home/runner/work/key/key/key.core/build/resources/main/de/uka/ilkd/key/java/JavaRedux/java/lang/System.java 
869267     WARN  main            d.u.i.k.j.r.KeYCrossReferenceNameInfo Datatype java.io.PrintStream declared twice: Once in FILE:/home/runner/work/key/key/key.core/../key.ui/examples/standard_key/staticInitialisation/classpath/PrintStream.java and once in URL:file:/home/runner/work/key/key/key.core/build/resources/main/de/uka/ilkd/key/java/JavaRedux/java/io/PrintStream.java, Keeping one from URL:file:/home/runner/work/key/key/key.core/build/resources/main/de/uka/ilkd/key/java/JavaRedux/java/io/PrintStream.java 
872379     DEBUG main            d.u.i.k.p.i.AbstractProblemLoader Init config took 3.14s 
872398     INFO  main            d.u.i.k.p.i.AbstractProblemLoader Replaying proof staticInitialisersAreNonSimple.key.proof 
872488     DEBUG main            d.u.i.k.p.i.IntermediateProofReplayer Proof replay took 87.63ms 
872490     DEBUG main            d.u.i.k.p.r.p.TestFile    ... success: reloaded. 
872491     INFO  main            d.u.i.k.p.r.p.TestFile    Now processing file /home/runner/work/key/key/key.core/../key.ui/examples/standard_key/types/disjoint.key 
872491     INFO  main            d.u.i.k.p.i.AbstractProblemLoader Loading environment from /home/runner/work/key/key/key.core/../key.ui/examples/standard_key/types/disjoint.key 
872492     DEBUG main            d.u.i.k.p.i.AbstractProblemLoader Environment load took 117.2ns 
872492     INFO  main            d.u.i.k.p.i.AbstractProblemLoader Creating init config 
875697     DEBUG main            d.u.i.k.p.i.AbstractProblemLoader Init config took 3.2s 
875712     INFO  main            d.u.i.k.p.i.AbstractProblemLoader Replaying proof disjoint.key 
875714     DEBUG main            d.u.i.k.p.i.IntermediateProofReplayer Proof replay took 34.2ns 
875816     INFO  main            d.u.i.k.p.r.p.TestFile    ... finished proof: closed. 
876589     INFO  main            d.u.i.k.p.i.AbstractProblemLoader Loading environment from /home/runner/work/key/key/key.core/../key.ui/examples/standard_key/types/disjoint.key.proof 
876589     DEBUG main            d.u.i.k.p.i.AbstractProblemLoader Environment load took 139.6ns 
876590     INFO  main            d.u.i.k.p.i.AbstractProblemLoader Creating init config 
879761     DEBUG main            d.u.i.k.p.i.AbstractProblemLoader Init config took 3.17s 
879779     INFO  main            d.u.i.k.p.i.AbstractProblemLoader Replaying proof disjoint.key.proof 
879781     DEBUG main            d.u.i.k.p.i.IntermediateProofReplayer Proof replay took 344.3ns 
879782     DEBUG main            d.u.i.k.p.r.p.TestFile    ... success: reloaded. 
879782     INFO  main            d.u.i.k.p.r.p.TestFile    Now processing file /home/runner/work/key/key/key.core/../key.ui/examples/../../key.core/src/test/resources/testcase/classpath/classpath.key 
879782     INFO  main            d.u.i.k.p.i.AbstractProblemLoader Loading environment from /home/runner/work/key/key/key.core/../key.ui/examples/../../key.core/src/test/resources/testcase/classpath/classpath.key 
879783     DEBUG main            d.u.i.k.p.i.AbstractProblemLoader Environment load took 170.5ns 
879784     INFO  main            d.u.i.k.p.i.AbstractProblemLoader Creating init config 
879815     WARN  main            d.u.i.k.j.r.KeYCrossReferenceNameInfo Datatype cp.C declared twice: Once in FILE:/home/runner/work/key/key/key.core/../key.ui/examples/../../key.core/src/test/resources/testcase/classpath/classpath/C.class and once in FILE:/home/runner/work/key/key/key.core/../key.ui/examples/../../key.core/src/test/resources/testcase/classpath/classpath/C.jml, Keeping one from FILE:/home/runner/work/key/key/key.core/../key.ui/examples/../../key.core/src/test/resources/testcase/classpath/classpath/C.jml 
879819     DEBUG main            d.u.i.k.j.r.ClassFileDeclarationBuilder Parsing: package cp; public class Unresolved1 { } 
879819     DEBUG main            r.s.KeYCrossReferenceSourceInfo Dynamically created class: cp.Unresolved1 
879819     DEBUG main            d.u.i.k.j.r.ClassFileDeclarationBuilder Parsing: package cp; public class Unresolved2 { } 
879820     DEBUG main            r.s.KeYCrossReferenceSourceInfo Dynamically created class: cp.Unresolved2 
883149     DEBUG main            d.u.i.k.p.i.AbstractProblemLoader Init config took 3.37s 
883168     INFO  main            d.u.i.k.p.i.AbstractProblemLoader Replaying proof classpath.key 
883170     DEBUG main            d.u.i.k.p.i.IntermediateProofReplayer Proof replay took 3.6ns 
883283     INFO  main            d.u.i.k.p.r.p.TestFile    ... finished proof: closed. 
884048     INFO  main            d.u.i.k.p.i.AbstractProblemLoader Loading environment from /home/runner/work/key/key/key.core/../key.ui/examples/../../key.core/src/test/resources/testcase/classpath/classpath.key.proof 
884048     DEBUG main            d.u.i.k.p.i.AbstractProblemLoader Environment load took 87.7ns 
884049     INFO  main            d.u.i.k.p.i.AbstractProblemLoader Creating init config 
884100     WARN  main            d.u.i.k.j.r.KeYCrossReferenceNameInfo Datatype cp.C declared twice: Once in FILE:/home/runner/work/key/key/key.core/../key.ui/examples/../../key.core/src/test/resources/testcase/classpath/classpath/C.class and once in FILE:/home/runner/work/key/key/key.core/../key.ui/examples/../../key.core/src/test/resources/testcase/classpath/classpath/C.jml, Keeping one from FILE:/home/runner/work/key/key/key.core/../key.ui/examples/../../key.core/src/test/resources/testcase/classpath/classpath/C.jml 
884113     DEBUG main            d.u.i.k.j.r.ClassFileDeclarationBuilder Parsing: package cp; public class Unresolved1 { } 
884114     DEBUG main            r.s.KeYCrossReferenceSourceInfo Dynamically created class: cp.Unresolved1 
884114     DEBUG main            d.u.i.k.j.r.ClassFileDeclarationBuilder Parsing: package cp; public class Unresolved2 { } 
884114     DEBUG main            r.s.KeYCrossReferenceSourceInfo Dynamically created class: cp.Unresolved2 
887330     DEBUG main            d.u.i.k.p.i.AbstractProblemLoader Init config took 3.28s 
887352     INFO  main            d.u.i.k.p.i.AbstractProblemLoader Replaying proof classpath.key.proof 
887356     DEBUG main            d.u.i.k.p.i.IntermediateProofReplayer Proof replay took 680.71ns 
887364     DEBUG main            d.u.i.k.p.r.p.TestFile    ... success: reloaded. 
887365     INFO  main            d.u.i.k.p.r.p.TestFile    Now processing file /home/runner/work/key/key/key.core/../key.ui/examples/heap/inconsistent_represents/MyClass_m.key 
887365     INFO  main            d.u.i.k.p.i.AbstractProblemLoader Loading environment from /home/runner/work/key/key/key.core/../key.ui/examples/heap/inconsistent_represents/MyClass_m.key 
887366     DEBUG main            d.u.i.k.p.i.AbstractProblemLoader Environment load took 185.5ns 
887367     INFO  main            d.u.i.k.p.i.AbstractProblemLoader Creating init config 
890548     DEBUG main            d.u.i.k.p.i.AbstractProblemLoader Init config took 3.18s 
890595     INFO  main            d.u.i.k.p.i.AbstractProblemLoader Replaying proof MyClass[MyClass::m()].JML operation contract.0 
890596     DEBUG main            d.u.i.k.p.i.IntermediateProofReplayer Proof replay took 3.2ns 
890699     INFO  main            d.u.i.k.p.r.p.TestFile    ... finished proof: open goal(s) 
891575     INFO  main            d.u.i.k.p.r.p.TestFile    Now processing file /home/runner/work/key/key/key.core/../key.ui/examples/heap/inconsistent_represents/MyClass_n.key 
891578     INFO  main            d.u.i.k.p.i.AbstractProblemLoader Loading environment from /home/runner/work/key/key/key.core/../key.ui/examples/heap/inconsistent_represents/MyClass_n.key 
891578     DEBUG main            d.u.i.k.p.i.AbstractProblemLoader Environment load took 210.4ns 
891580     INFO  main            d.u.i.k.p.i.AbstractProblemLoader Creating init config 
894792     DEBUG main            d.u.i.k.p.i.AbstractProblemLoader Init config took 3.21s 
894837     INFO  main            d.u.i.k.p.i.AbstractProblemLoader Replaying proof MyClass[MyClass::n()].JML operation contract.0 
894839     DEBUG main            d.u.i.k.p.i.IntermediateProofReplayer Proof replay took 3.4ns 
894941     INFO  main            d.u.i.k.p.r.p.TestFile    ... finished proof: open goal(s) 
5010868    INFO  Test worker     d.u.i.k.p.r.RunAllProofsTestUnit Returning from test javadl 
5010870    INFO  Test worker     d.u.i.k.p.r.RunAllProofsTestUnit Running test FOL 
507        INFO  Timeout watchdog d.u.i.k.p.r.p.ForkedTestFileRunner Timeout watcher launched (2000 secs.) 
525        WARN  main            d.u.i.k.s.ProofSettings   The settings in /home/runner/.key/proof-settings.props are *not* read. 
586        INFO  main            d.u.i.k.p.r.p.TestFile    Now processing file /home/runner/work/key/key/key.core/../key.ui/examples/standard_key/pred_log/count.key 
746        INFO  main            d.u.i.k.p.i.AbstractProblemLoader Loading environment from /home/runner/work/key/key/key.core/../key.ui/examples/standard_key/pred_log/count.key 
771        DEBUG main            d.u.i.k.p.i.AbstractProblemLoader Environment load took 2.4ms 
1101       INFO  main            d.u.i.k.p.i.AbstractProblemLoader Creating init config 
2331       DEBUG main            d.u.i.k.j.TypeConverter   No LDT found for Meta 
2332       DEBUG main            d.u.i.k.j.TypeConverter   No LDT found for Meta 
2334       DEBUG main            d.u.i.k.j.TypeConverter   No LDT found for Meta 
2335       DEBUG main            d.u.i.k.j.TypeConverter   No LDT found for Meta 
4051       DEBUG main            d.u.i.k.j.TypeConverter   No LDT found for JavaBigintExpression 
10647      DEBUG main            d.u.i.k.p.i.AbstractProblemLoader Init config took 9.54s 
10755      INFO  main            d.u.i.k.p.i.AbstractProblemLoader Replaying proof count.key 
10805      DEBUG main            d.u.i.k.p.i.IntermediateProofReplayer Proof replay took 40.3ns 
11104      INFO  main            d.u.i.k.p.r.p.TestFile    ... finished proof: closed. 
11231      INFO  main            d.u.i.k.p.i.AbstractProblemLoader Loading environment from /home/runner/work/key/key/key.core/../key.ui/examples/standard_key/pred_log/count.key.proof 
11231      DEBUG main            d.u.i.k.p.i.AbstractProblemLoader Environment load took 691.8ns 
11236      INFO  main            d.u.i.k.p.i.AbstractProblemLoader Creating init config 
14964      DEBUG main            d.u.i.k.p.i.AbstractProblemLoader Init config took 3.73s 
15007      INFO  main            d.u.i.k.p.i.AbstractProblemLoader Replaying proof count.key.proof 
15019      DEBUG main            d.u.i.k.p.i.IntermediateProofReplayer Proof replay took 7.21ms 
15033      DEBUG main            d.u.i.k.p.r.p.TestFile    ... success: reloaded. 
15035      INFO  main            d.u.i.k.p.r.p.TestFile    Now processing file /home/runner/work/key/key/key.core/../key.ui/examples/standard_key/pred_log/count2.key 
15035      INFO  main            d.u.i.k.p.i.AbstractProblemLoader Loading environment from /home/runner/work/key/key/key.core/../key.ui/examples/standard_key/pred_log/count2.key 
15036      DEBUG main            d.u.i.k.p.i.AbstractProblemLoader Environment load took 251.3ns 
15038      INFO  main            d.u.i.k.p.i.AbstractProblemLoader Creating init config 
18623      DEBUG main            d.u.i.k.p.i.AbstractProblemLoader Init config took 3.59s 
18660      INFO  main            d.u.i.k.p.i.AbstractProblemLoader Replaying proof count2.key 
18667      DEBUG main            d.u.i.k.p.i.IntermediateProofReplayer Proof replay took 8.3ns 
18771      INFO  main            d.u.i.k.p.r.p.TestFile    ... finished proof: closed. 
18942      INFO  main            d.u.i.k.p.i.AbstractProblemLoader Loading environment from /home/runner/work/key/key/key.core/../key.ui/examples/standard_key/pred_log/count2.key.proof 
18943      DEBUG main            d.u.i.k.p.i.AbstractProblemLoader Environment load took 888.51ns 
18953      INFO  main            d.u.i.k.p.i.AbstractProblemLoader Creating init config 
22387      DEBUG main            d.u.i.k.p.i.AbstractProblemLoader Init config took 3.43s 
22421      INFO  main            d.u.i.k.p.i.AbstractProblemLoader Replaying proof count2.key.proof 
22430      DEBUG main            d.u.i.k.p.i.IntermediateProofReplayer Proof replay took 5.4ms 
22434      DEBUG main            d.u.i.k.p.r.p.TestFile    ... success: reloaded. 
22436      INFO  main            d.u.i.k.p.r.p.TestFile    Now processing file /home/runner/work/key/key/key.core/../key.ui/examples/standard_key/pred_log/count3.key 
22436      INFO  main            d.u.i.k.p.i.AbstractProblemLoader Loading environment from /home/runner/work/key/key/key.core/../key.ui/examples/standard_key/pred_log/count3.key 
22437      DEBUG main            d.u.i.k.p.i.AbstractProblemLoader Environment load took 141.8ns 
22439      INFO  main            d.u.i.k.p.i.AbstractProblemLoader Creating init config 
25887      DEBUG main            d.u.i.k.p.i.AbstractProblemLoader Init config took 3.45s 
25916      INFO  main            d.u.i.k.p.i.AbstractProblemLoader Replaying proof count3.key 
25919      DEBUG main            d.u.i.k.p.i.IntermediateProofReplayer Proof replay took 8.1ns 
26022      INFO  main            d.u.i.k.p.r.p.TestFile    ... finished proof: closed. 
26236      INFO  main            d.u.i.k.p.i.AbstractProblemLoader Loading environment from /home/runner/work/key/key/key.core/../key.ui/examples/standard_key/pred_log/count3.key.proof 
26237      DEBUG main            d.u.i.k.p.i.AbstractProblemLoader Environment load took 904ns 
26239      INFO  main            d.u.i.k.p.i.AbstractProblemLoader Creating init config 
29619      DEBUG main            d.u.i.k.p.i.AbstractProblemLoader Init config took 3.38s 
29651      INFO  main            d.u.i.k.p.i.AbstractProblemLoader Replaying proof count3.key.proof 
29662      DEBUG main            d.u.i.k.p.i.IntermediateProofReplayer Proof replay took 5.88ms 
29667      DEBUG main            d.u.i.k.p.r.p.TestFile    ... success: reloaded. 
29670      INFO  main            d.u.i.k.p.r.p.TestFile    Now processing file /home/runner/work/key/key/key.core/../key.ui/examples/standard_key/pred_log/equalities.key 
29670      INFO  main            d.u.i.k.p.i.AbstractProblemLoader Loading environment from /home/runner/work/key/key/key.core/../key.ui/examples/standard_key/pred_log/equalities.key 
29670      DEBUG main            d.u.i.k.p.i.AbstractProblemLoader Environment load took 116.9ns 
29673      INFO  main            d.u.i.k.p.i.AbstractProblemLoader Creating init config 
33061      DEBUG main            d.u.i.k.p.i.AbstractProblemLoader Init config took 3.39s 
33087      INFO  main            d.u.i.k.p.i.AbstractProblemLoader Replaying proof equalities.key 
33089      DEBUG main            d.u.i.k.p.i.IntermediateProofReplayer Proof replay took 9ns 
33192      INFO  main            d.u.i.k.p.r.p.TestFile    ... finished proof: closed. 
33407      INFO  main            d.u.i.k.p.i.AbstractProblemLoader Loading environment from /home/runner/work/key/key/key.core/../key.ui/examples/standard_key/pred_log/equalities.key.proof 
33407      DEBUG main            d.u.i.k.p.i.AbstractProblemLoader Environment load took 141.2ns 
33409      INFO  main            d.u.i.k.p.i.AbstractProblemLoader Creating init config 
36696      DEBUG main            d.u.i.k.p.i.AbstractProblemLoader Init config took 3.29s 
36723      INFO  main            d.u.i.k.p.i.AbstractProblemLoader Replaying proof equalities.key.proof 
36733      DEBUG main            d.u.i.k.p.i.IntermediateProofReplayer Proof replay took 7.81ms 
36735      DEBUG main            d.u.i.k.p.r.p.TestFile    ... success: reloaded. 
36735      INFO  main            d.u.i.k.p.r.p.TestFile    Now processing file /home/runner/work/key/key/key.core/../key.ui/examples/standard_key/pred_log/equalities2.key 
36736      INFO  main            d.u.i.k.p.i.AbstractProblemLoader Loading environment from /home/runner/work/key/key/key.core/../key.ui/examples/standard_key/pred_log/equalities2.key 
36736      DEBUG main            d.u.i.k.p.i.AbstractProblemLoader Environment load took 145ns 
36737      INFO  main            d.u.i.k.p.i.AbstractProblemLoader Creating init config 
40076      DEBUG main            d.u.i.k.p.i.AbstractProblemLoader Init config took 3.34s 
40101      INFO  main            d.u.i.k.p.i.AbstractProblemLoader Replaying proof equalities2.key 
40103      DEBUG main            d.u.i.k.p.i.IntermediateProofReplayer Proof replay took 9.5ns 
40206      INFO  main            d.u.i.k.p.r.p.TestFile    ... finished proof: closed. 
40400      INFO  main            d.u.i.k.p.i.AbstractProblemLoader Loading environment from /home/runner/work/key/key/key.core/../key.ui/examples/standard_key/pred_log/equalities2.key.proof 
40400      DEBUG main            d.u.i.k.p.i.AbstractProblemLoader Environment load took 426.5ns 
40402      INFO  main            d.u.i.k.p.i.AbstractProblemLoader Creating init config 
43765      DEBUG main            d.u.i.k.p.i.AbstractProblemLoader Init config took 3.36s 
43794      INFO  main            d.u.i.k.p.i.AbstractProblemLoader Replaying proof equalities2.key.proof 
43802      DEBUG main            d.u.i.k.p.i.IntermediateProofReplayer Proof replay took 4.52ms 
43803      DEBUG main            d.u.i.k.p.r.p.TestFile    ... success: reloaded. 
43804      INFO  main            d.u.i.k.p.r.p.TestFile    Now processing file /home/runner/work/key/key/key.core/../key.ui/examples/standard_key/pred_log/equalities3.key 
43805      INFO  main            d.u.i.k.p.i.AbstractProblemLoader Loading environment from /home/runner/work/key/key/key.core/../key.ui/examples/standard_key/pred_log/equalities3.key 
43805      DEBUG main            d.u.i.k.p.i.AbstractProblemLoader Environment load took 236ns 
43806      INFO  main            d.u.i.k.p.i.AbstractProblemLoader Creating init config 
47181      DEBUG main            d.u.i.k.p.i.AbstractProblemLoader Init config took 3.37s 
47211      INFO  main            d.u.i.k.p.i.AbstractProblemLoader Replaying proof equalities3.key 
47213      DEBUG main            d.u.i.k.p.i.IntermediateProofReplayer Proof replay took 9.2ns 
47317      INFO  main            d.u.i.k.p.r.p.TestFile    ... finished proof: closed. 
47533      INFO  main            d.u.i.k.p.i.AbstractProblemLoader Loading environment from /home/runner/work/key/key/key.core/../key.ui/examples/standard_key/pred_log/equalities3.key.proof 
47534      DEBUG main            d.u.i.k.p.i.AbstractProblemLoader Environment load took 549.4ns 
47536      INFO  main            d.u.i.k.p.i.AbstractProblemLoader Creating init config 
50799      DEBUG main            d.u.i.k.p.i.AbstractProblemLoader Init config took 3.26s 
50822      INFO  main            d.u.i.k.p.i.AbstractProblemLoader Replaying proof equalities3.key.proof 
50831      DEBUG main            d.u.i.k.p.i.IntermediateProofReplayer Proof replay took 6.55ms 
50833      DEBUG main            d.u.i.k.p.r.p.TestFile    ... success: reloaded. 
50834      INFO  main            d.u.i.k.p.r.p.TestFile    Now processing file /home/runner/work/key/key/key.core/../key.ui/examples/standard_key/pred_log/functions.key 
50834      INFO  main            d.u.i.k.p.i.AbstractProblemLoader Loading environment from /home/runner/work/key/key/key.core/../key.ui/examples/standard_key/pred_log/functions.key 
50834      DEBUG main            d.u.i.k.p.i.AbstractProblemLoader Environment load took 222.8ns 
50836      INFO  main            d.u.i.k.p.i.AbstractProblemLoader Creating init config 
54151      DEBUG main            d.u.i.k.p.i.AbstractProblemLoader Init config took 3.32s 
54188      INFO  main            d.u.i.k.p.i.AbstractProblemLoader Replaying proof functions.key 
54191      DEBUG main            d.u.i.k.p.i.IntermediateProofReplayer Proof replay took 8.1ns 
54294      INFO  main            d.u.i.k.p.r.p.TestFile    ... finished proof: closed. 
54586      INFO  main            d.u.i.k.p.i.AbstractProblemLoader Loading environment from /home/runner/work/key/key/key.core/../key.ui/examples/standard_key/pred_log/functions.key.proof 
54587      DEBUG main            d.u.i.k.p.i.AbstractProblemLoader Environment load took 861.71ns 
54588      INFO  main            d.u.i.k.p.i.AbstractProblemLoader Creating init config 
57743      DEBUG main            d.u.i.k.p.i.AbstractProblemLoader Init config took 3.16s 
57766      INFO  main            d.u.i.k.p.i.AbstractProblemLoader Replaying proof functions.key.proof 
57771      DEBUG main            d.u.i.k.p.i.IntermediateProofReplayer Proof replay took 2.57ms 
57772      DEBUG main            d.u.i.k.p.r.p.TestFile    ... success: reloaded. 
57773      INFO  main            d.u.i.k.p.r.p.TestFile    Now processing file /home/runner/work/key/key/key.core/../key.ui/examples/standard_key/pred_log/mv1.key 
57773      INFO  main            d.u.i.k.p.i.AbstractProblemLoader Loading environment from /home/runner/work/key/key/key.core/../key.ui/examples/standard_key/pred_log/mv1.key 
57773      DEBUG main            d.u.i.k.p.i.AbstractProblemLoader Environment load took 121.8ns 
57774      INFO  main            d.u.i.k.p.i.AbstractProblemLoader Creating init config 
60969      DEBUG main            d.u.i.k.p.i.AbstractProblemLoader Init config took 3.19s 
60987      INFO  main            d.u.i.k.p.i.AbstractProblemLoader Replaying proof mv1.key 
60989      DEBUG main            d.u.i.k.p.i.IntermediateProofReplayer Proof replay took 7.3ns 
61093      INFO  main            d.u.i.k.p.r.p.TestFile    ... finished proof: closed. 
61300      INFO  main            d.u.i.k.p.i.AbstractProblemLoader Loading environment from /home/runner/work/key/key/key.core/../key.ui/examples/standard_key/pred_log/mv1.key.proof 
61300      DEBUG main            d.u.i.k.p.i.AbstractProblemLoader Environment load took 195.5ns 
61301      INFO  main            d.u.i.k.p.i.AbstractProblemLoader Creating init config 
64460      DEBUG main            d.u.i.k.p.i.AbstractProblemLoader Init config took 3.16s 
64480      INFO  main            d.u.i.k.p.i.AbstractProblemLoader Replaying proof mv1.key.proof 
64483      DEBUG main            d.u.i.k.p.i.IntermediateProofReplayer Proof replay took 1.15ms 
64484      DEBUG main            d.u.i.k.p.r.p.TestFile    ... success: reloaded. 
64485      INFO  main            d.u.i.k.p.r.p.TestFile    Now processing file /home/runner/work/key/key/key.core/../key.ui/examples/standard_key/pred_log/mv2.key 
64485      INFO  main            d.u.i.k.p.i.AbstractProblemLoader Loading environment from /home/runner/work/key/key/key.core/../key.ui/examples/standard_key/pred_log/mv2.key 
64485      DEBUG main            d.u.i.k.p.i.AbstractProblemLoader Environment load took 105.4ns 
64486      INFO  main            d.u.i.k.p.i.AbstractProblemLoader Creating init config 
67745      DEBUG main            d.u.i.k.p.i.AbstractProblemLoader Init config took 3.26s 
67768      INFO  main            d.u.i.k.p.i.AbstractProblemLoader Replaying proof mv2.key 
67770      DEBUG main            d.u.i.k.p.i.IntermediateProofReplayer Proof replay took 7.8ns 
67873      INFO  main            d.u.i.k.p.r.p.TestFile    ... finished proof: closed. 
68133      INFO  main            d.u.i.k.p.i.AbstractProblemLoader Loading environment from /home/runner/work/key/key/key.core/../key.ui/examples/standard_key/pred_log/mv2.key.proof 
68134      DEBUG main            d.u.i.k.p.i.AbstractProblemLoader Environment load took 228.6ns 
68135      INFO  main            d.u.i.k.p.i.AbstractProblemLoader Creating init config 
71284      DEBUG main            d.u.i.k.p.i.AbstractProblemLoader Init config took 3.15s 
71305      INFO  main            d.u.i.k.p.i.AbstractProblemLoader Replaying proof mv2.key.proof 
71309      DEBUG main            d.u.i.k.p.i.IntermediateProofReplayer Proof replay took 2.23ms 
71310      DEBUG main            d.u.i.k.p.r.p.TestFile    ... success: reloaded. 
71311      INFO  main            d.u.i.k.p.r.p.TestFile    Now processing file /home/runner/work/key/key/key.core/../key.ui/examples/standard_key/pred_log/quantifiers.key 
71312      INFO  main            d.u.i.k.p.i.AbstractProblemLoader Loading environment from /home/runner/work/key/key/key.core/../key.ui/examples/standard_key/pred_log/quantifiers.key 
71312      DEBUG main            d.u.i.k.p.i.AbstractProblemLoader Environment load took 318.9ns 
71313      INFO  main            d.u.i.k.p.i.AbstractProblemLoader Creating init config 
74642      DEBUG main            d.u.i.k.p.i.AbstractProblemLoader Init config took 3.33s 
74660      INFO  main            d.u.i.k.p.i.AbstractProblemLoader Replaying proof quantifiers.key 
74662      DEBUG main            d.u.i.k.p.i.IntermediateProofReplayer Proof replay took 9.3ns 
74766      INFO  main            d.u.i.k.p.r.p.TestFile    ... finished proof: closed. 
75015      INFO  main            d.u.i.k.p.i.AbstractProblemLoader Loading environment from /home/runner/work/key/key/key.core/../key.ui/examples/standard_key/pred_log/quantifiers.key.proof 
75016      DEBUG main            d.u.i.k.p.i.AbstractProblemLoader Environment load took 140.3ns 
75021      INFO  main            d.u.i.k.p.i.AbstractProblemLoader Creating init config 
78443      DEBUG main            d.u.i.k.p.i.AbstractProblemLoader Init config took 3.42s 
78463      INFO  main            d.u.i.k.p.i.AbstractProblemLoader Replaying proof quantifiers.key.proof 
78468      DEBUG main            d.u.i.k.p.i.IntermediateProofReplayer Proof replay took 2.4ms 
78469      DEBUG main            d.u.i.k.p.r.p.TestFile    ... success: reloaded. 
78470      INFO  main            d.u.i.k.p.r.p.TestFile    Now processing file /home/runner/work/key/key/key.core/../key.ui/examples/standard_key/pred_log/simpleEps.key 
78470      INFO  main            d.u.i.k.p.i.AbstractProblemLoader Loading environment from /home/runner/work/key/key/key.core/../key.ui/examples/standard_key/pred_log/simpleEps.key 
78470      DEBUG main            d.u.i.k.p.i.AbstractProblemLoader Environment load took 176.3ns 
78472      INFO  main            d.u.i.k.p.i.AbstractProblemLoader Creating init config 
81836      DEBUG main            d.u.i.k.p.i.AbstractProblemLoader Init config took 3.36s 
81859      INFO  main            d.u.i.k.p.i.AbstractProblemLoader Replaying proof simpleEps.key 
81861      DEBUG main            d.u.i.k.p.i.IntermediateProofReplayer Proof replay took 9.6ns 
81972      INFO  main            d.u.i.k.p.r.p.TestFile    ... finished proof: closed. 
82230      INFO  main            d.u.i.k.p.i.AbstractProblemLoader Loading environment from /home/runner/work/key/key/key.core/../key.ui/examples/standard_key/pred_log/simpleEps.key.proof 
82231      DEBUG main            d.u.i.k.p.i.AbstractProblemLoader Environment load took 248ns 
82232      INFO  main            d.u.i.k.p.i.AbstractProblemLoader Creating init config 
85523      DEBUG main            d.u.i.k.p.i.AbstractProblemLoader Init config took 3.29s 
85542      INFO  main            d.u.i.k.p.i.AbstractProblemLoader Replaying proof simpleEps.key.proof 
85546      DEBUG main            d.u.i.k.p.i.IntermediateProofReplayer Proof replay took 1.56ms 
85547      DEBUG main            d.u.i.k.p.r.p.TestFile    ... success: reloaded. 
85548      INFO  main            d.u.i.k.p.r.p.TestFile    Now processing file /home/runner/work/key/key/key.core/../key.ui/examples/standard_key/pred_log/steam1.key 
85549      INFO  main            d.u.i.k.p.i.AbstractProblemLoader Loading environment from /home/runner/work/key/key/key.core/../key.ui/examples/standard_key/pred_log/steam1.key 
85549      DEBUG main            d.u.i.k.p.i.AbstractProblemLoader Environment load took 230.3ns 
85552      INFO  main            d.u.i.k.p.i.AbstractProblemLoader Creating init config 
88812      DEBUG main            d.u.i.k.p.i.AbstractProblemLoader Init config took 3.26s 
88837      INFO  main            d.u.i.k.p.i.AbstractProblemLoader Replaying proof steam1.key 
88839      DEBUG main            d.u.i.k.p.i.IntermediateProofReplayer Proof replay took 10ns 
89251      INFO  main            d.u.i.k.p.r.p.TestFile    ... finished proof: closed. 
89568      INFO  main            d.u.i.k.p.i.AbstractProblemLoader Loading environment from /home/runner/work/key/key/key.core/../key.ui/examples/standard_key/pred_log/steam1.key.proof 
89571      DEBUG main            d.u.i.k.p.i.AbstractProblemLoader Environment load took 2.78ms 
89574      INFO  main            d.u.i.k.p.i.AbstractProblemLoader Creating init config 
92830      DEBUG main            d.u.i.k.p.i.AbstractProblemLoader Init config took 3.26s 
92858      INFO  main            d.u.i.k.p.i.AbstractProblemLoader Replaying proof steam1.key.proof 
92889      DEBUG main            d.u.i.k.p.i.IntermediateProofReplayer Proof replay took 26.48ms 
92892      DEBUG main            d.u.i.k.p.r.p.TestFile    ... success: reloaded. 
92893      INFO  main            d.u.i.k.p.r.p.TestFile    Now processing file /home/runner/work/key/key/key.core/../key.ui/examples/standard_key/pred_log/tptp/PUZ/PUZ001p1.key 
92894      INFO  main            d.u.i.k.p.i.AbstractProblemLoader Loading environment from /home/runner/work/key/key/key.core/../key.ui/examples/standard_key/pred_log/tptp/PUZ/PUZ001p1.key 
92894      DEBUG main            d.u.i.k.p.i.AbstractProblemLoader Environment load took 230.7ns 
92896      INFO  main            d.u.i.k.p.i.AbstractProblemLoader Creating init config 
96024      DEBUG main            d.u.i.k.p.i.AbstractProblemLoader Init config took 3.13s 
96044      INFO  main            d.u.i.k.p.i.AbstractProblemLoader Replaying proof PUZ001p1.key 
96045      DEBUG main            d.u.i.k.p.i.IntermediateProofReplayer Proof replay took 17.4ns 
99868      INFO  main            d.u.i.k.p.r.p.TestFile    ... finished proof: closed. 
100170     INFO  main            d.u.i.k.p.i.AbstractProblemLoader Loading environment from /home/runner/work/key/key/key.core/../key.ui/examples/standard_key/pred_log/tptp/PUZ/PUZ001p1.key.proof 
100170     DEBUG main            d.u.i.k.p.i.AbstractProblemLoader Environment load took 156.8ns 
100175     INFO  main            d.u.i.k.p.i.AbstractProblemLoader Creating init config 
103389     DEBUG main            d.u.i.k.p.i.AbstractProblemLoader Init config took 3.21s 
103409     INFO  main            d.u.i.k.p.i.AbstractProblemLoader Replaying proof PUZ001p1.key.proof 
103666     DEBUG main            d.u.i.k.p.i.IntermediateProofReplayer Proof replay took 245.53ms 
103668     DEBUG main            d.u.i.k.p.r.p.TestFile    ... success: reloaded. 
103669     INFO  main            d.u.i.k.p.r.p.TestFile    Now processing file /home/runner/work/key/key/key.core/../key.ui/examples/standard_key/pred_log/tptp/PUZ/PUZ001p1-eq.key 
103670     INFO  main            d.u.i.k.p.i.AbstractProblemLoader Loading environment from /home/runner/work/key/key/key.core/../key.ui/examples/standard_key/pred_log/tptp/PUZ/PUZ001p1-eq.key 
103670     DEBUG main            d.u.i.k.p.i.AbstractProblemLoader Environment load took 133.2ns 
103672     INFO  main            d.u.i.k.p.i.AbstractProblemLoader Creating init config 
106953     DEBUG main            d.u.i.k.p.i.AbstractProblemLoader Init config took 3.28s 
106970     INFO  main            d.u.i.k.p.i.AbstractProblemLoader Replaying proof PUZ001p1-eq.key 
106972     DEBUG main            d.u.i.k.p.i.IntermediateProofReplayer Proof replay took 17.8ns 
107176     INFO  main            d.u.i.k.p.r.p.TestFile    ... finished proof: closed. 
107474     INFO  main            d.u.i.k.p.i.AbstractProblemLoader Loading environment from /home/runner/work/key/key/key.core/../key.ui/examples/standard_key/pred_log/tptp/PUZ/PUZ001p1-eq.key.proof 
107479     DEBUG main            d.u.i.k.p.i.AbstractProblemLoader Environment load took 4.65ms 
107481     INFO  main            d.u.i.k.p.i.AbstractProblemLoader Creating init config 
110707     DEBUG main            d.u.i.k.p.i.AbstractProblemLoader Init config took 3.23s 
110726     INFO  main            d.u.i.k.p.i.AbstractProblemLoader Replaying proof PUZ001p1-eq.key.proof 
110745     DEBUG main            d.u.i.k.p.i.IntermediateProofReplayer Proof replay took 15.99ms 
110747     DEBUG main            d.u.i.k.p.r.p.TestFile    ... success: reloaded. 
110748     INFO  main            d.u.i.k.p.r.p.TestFile    Now processing file /home/runner/work/key/key/key.core/../key.ui/examples/standard_key/pred_log/tptp/PUZ/PUZ031p1.key 
110748     INFO  main            d.u.i.k.p.i.AbstractProblemLoader Loading environment from /home/runner/work/key/key/key.core/../key.ui/examples/standard_key/pred_log/tptp/PUZ/PUZ031p1.key 
110748     DEBUG main            d.u.i.k.p.i.AbstractProblemLoader Environment load took 256.2ns 
110750     INFO  main            d.u.i.k.p.i.AbstractProblemLoader Creating init config 
114107     DEBUG main            d.u.i.k.p.i.AbstractProblemLoader Init config took 3.36s 
114127     INFO  main            d.u.i.k.p.i.AbstractProblemLoader Replaying proof PUZ031p1.key 
114128     DEBUG main            d.u.i.k.p.i.IntermediateProofReplayer Proof replay took 10.1ns 
125282     INFO  main            d.u.i.k.p.r.p.TestFile    ... finished proof: closed. 
125578     INFO  main            d.u.i.k.p.i.AbstractProblemLoader Loading environment from /home/runner/work/key/key/key.core/../key.ui/examples/standard_key/pred_log/tptp/PUZ/PUZ031p1.key.proof 
125579     DEBUG main            d.u.i.k.p.i.AbstractProblemLoader Environment load took 1.03ms 
125581     INFO  main            d.u.i.k.p.i.AbstractProblemLoader Creating init config 
128742     DEBUG main            d.u.i.k.p.i.AbstractProblemLoader Init config took 3.16s 
128761     INFO  main            d.u.i.k.p.i.AbstractProblemLoader Replaying proof PUZ031p1.key.proof 
128836     DEBUG main            d.u.i.k.p.i.IntermediateProofReplayer Proof replay took 69.25ms 
128838     DEBUG main            d.u.i.k.p.r.p.TestFile    ... success: reloaded. 
128839     INFO  main            d.u.i.k.p.r.p.TestFile    Now processing file /home/runner/work/key/key/key.core/../key.ui/examples/standard_key/pred_log/tptp/SET/SET027p3.key 
128839     INFO  main            d.u.i.k.p.i.AbstractProblemLoader Loading environment from /home/runner/work/key/key/key.core/../key.ui/examples/standard_key/pred_log/tptp/SET/SET027p3.key 
128840     DEBUG main            d.u.i.k.p.i.AbstractProblemLoader Environment load took 227.2ns 
128841     INFO  main            d.u.i.k.p.i.AbstractProblemLoader Creating init config 
132082     DEBUG main            d.u.i.k.p.i.AbstractProblemLoader Init config took 3.24s 
132099     INFO  main            d.u.i.k.p.i.AbstractProblemLoader Replaying proof SET027p3.key 
132101     DEBUG main            d.u.i.k.p.i.IntermediateProofReplayer Proof replay took 8.9ns 
132230     INFO  main            d.u.i.k.p.r.p.TestFile    ... finished proof: closed. 
132522     INFO  main            d.u.i.k.p.i.AbstractProblemLoader Loading environment from /home/runner/work/key/key/key.core/../key.ui/examples/standard_key/pred_log/tptp/SET/SET027p3.key.proof 
132522     DEBUG main            d.u.i.k.p.i.AbstractProblemLoader Environment load took 133.6ns 
132526     INFO  main            d.u.i.k.p.i.AbstractProblemLoader Creating init config 
135696     DEBUG main            d.u.i.k.p.i.AbstractProblemLoader Init config took 3.17s 
135715     INFO  main            d.u.i.k.p.i.AbstractProblemLoader Replaying proof SET027p3.key.proof 
135722     DEBUG main            d.u.i.k.p.i.IntermediateProofReplayer Proof replay took 4.96ms 
135724     DEBUG main            d.u.i.k.p.r.p.TestFile    ... success: reloaded. 
135725     INFO  main            d.u.i.k.p.r.p.TestFile    Now processing file /home/runner/work/key/key/key.core/../key.ui/examples/standard_key/pred_log/tptp/SET/SET043p1.key 
135725     INFO  main            d.u.i.k.p.i.AbstractProblemLoader Loading environment from /home/runner/work/key/key/key.core/../key.ui/examples/standard_key/pred_log/tptp/SET/SET043p1.key 
135725     DEBUG main            d.u.i.k.p.i.AbstractProblemLoader Environment load took 254.6ns 
135727     INFO  main            d.u.i.k.p.i.AbstractProblemLoader Creating init config 
138981     DEBUG main            d.u.i.k.p.i.AbstractProblemLoader Init config took 3.25s 
139001     INFO  main            d.u.i.k.p.i.AbstractProblemLoader Replaying proof SET043p1.key 
139002     DEBUG main            d.u.i.k.p.i.IntermediateProofReplayer Proof replay took 8.7ns 
139105     INFO  main            d.u.i.k.p.r.p.TestFile    ... finished proof: closed. 
139405     INFO  main            d.u.i.k.p.i.AbstractProblemLoader Loading environment from /home/runner/work/key/key/key.core/../key.ui/examples/standard_key/pred_log/tptp/SET/SET043p1.key.proof 
139407     DEBUG main            d.u.i.k.p.i.AbstractProblemLoader Environment load took 1.95ms 
139409     INFO  main            d.u.i.k.p.i.AbstractProblemLoader Creating init config 
142568     DEBUG main            d.u.i.k.p.i.AbstractProblemLoader Init config took 3.16s 
142586     INFO  main            d.u.i.k.p.i.AbstractProblemLoader Replaying proof SET043p1.key.proof 
142591     DEBUG main            d.u.i.k.p.i.IntermediateProofReplayer Proof replay took 1.92ms 
142592     DEBUG main            d.u.i.k.p.r.p.TestFile    ... success: reloaded. 
142593     INFO  main            d.u.i.k.p.r.p.TestFile    Now processing file /home/runner/work/key/key/key.core/../key.ui/examples/standard_key/pred_log/tptp/SET/SET045p1.key 
142593     INFO  main            d.u.i.k.p.i.AbstractProblemLoader Loading environment from /home/runner/work/key/key/key.core/../key.ui/examples/standard_key/pred_log/tptp/SET/SET045p1.key 
142593     DEBUG main            d.u.i.k.p.i.AbstractProblemLoader Environment load took 221.3ns 
142595     INFO  main            d.u.i.k.p.i.AbstractProblemLoader Creating init config 
145864     DEBUG main            d.u.i.k.p.i.AbstractProblemLoader Init config took 3.27s 
145883     INFO  main            d.u.i.k.p.i.AbstractProblemLoader Replaying proof SET045p1.key 
145884     DEBUG main            d.u.i.k.p.i.IntermediateProofReplayer Proof replay took 10.5ns 
145993     INFO  main            d.u.i.k.p.r.p.TestFile    ... finished proof: closed. 
146366     INFO  main            d.u.i.k.p.i.AbstractProblemLoader Loading environment from /home/runner/work/key/key/key.core/../key.ui/examples/standard_key/pred_log/tptp/SET/SET045p1.key.proof 
146366     DEBUG main            d.u.i.k.p.i.AbstractProblemLoader Environment load took 624.5ns 
146368     INFO  main            d.u.i.k.p.i.AbstractProblemLoader Creating init config 
149604     DEBUG main            d.u.i.k.p.i.AbstractProblemLoader Init config took 3.24s 
149620     INFO  main            d.u.i.k.p.i.AbstractProblemLoader Replaying proof SET045p1.key.proof 
149626     DEBUG main            d.u.i.k.p.i.IntermediateProofReplayer Proof replay took 3.97ms 
149627     DEBUG main            d.u.i.k.p.r.p.TestFile    ... success: reloaded. 
149628     INFO  main            d.u.i.k.p.r.p.TestFile    Now processing file /home/runner/work/key/key/key.core/../key.ui/examples/standard_key/pred_log/tptp/SET/SET062p3.key 
149628     INFO  main            d.u.i.k.p.i.AbstractProblemLoader Loading environment from /home/runner/work/key/key/key.core/../key.ui/examples/standard_key/pred_log/tptp/SET/SET062p3.key 
149629     DEBUG main            d.u.i.k.p.i.AbstractProblemLoader Environment load took 219.8ns 
149630     INFO  main            d.u.i.k.p.i.AbstractProblemLoader Creating init config 
152946     DEBUG main            d.u.i.k.p.i.AbstractProblemLoader Init config took 3.32s 
152966     INFO  main            d.u.i.k.p.i.AbstractProblemLoader Replaying proof SET062p3.key 
152970     DEBUG main            d.u.i.k.p.i.IntermediateProofReplayer Proof replay took 9ns 
153075     INFO  main            d.u.i.k.p.r.p.TestFile    ... finished proof: closed. 
153378     INFO  main            d.u.i.k.p.i.AbstractProblemLoader Loading environment from /home/runner/work/key/key/key.core/../key.ui/examples/standard_key/pred_log/tptp/SET/SET062p3.key.proof 
153380     DEBUG main            d.u.i.k.p.i.AbstractProblemLoader Environment load took 1.09ms 
153383     INFO  main            d.u.i.k.p.i.AbstractProblemLoader Creating init config 
156559     DEBUG main            d.u.i.k.p.i.AbstractProblemLoader Init config took 3.18s 
156577     INFO  main            d.u.i.k.p.i.AbstractProblemLoader Replaying proof SET062p3.key.proof 
156585     DEBUG main            d.u.i.k.p.i.IntermediateProofReplayer Proof replay took 5.45ms 
156587     DEBUG main            d.u.i.k.p.r.p.TestFile    ... success: reloaded. 
156588     INFO  main            d.u.i.k.p.r.p.TestFile    Now processing file /home/runner/work/key/key/key.core/../key.ui/examples/standard_key/pred_log/tptp/SET/SET063p3.key 
156588     INFO  main            d.u.i.k.p.i.AbstractProblemLoader Loading environment from /home/runner/work/key/key/key.core/../key.ui/examples/standard_key/pred_log/tptp/SET/SET063p3.key 
156588     DEBUG main            d.u.i.k.p.i.AbstractProblemLoader Environment load took 183.9ns 
156590     INFO  main            d.u.i.k.p.i.AbstractProblemLoader Creating init config 
159818     DEBUG main            d.u.i.k.p.i.AbstractProblemLoader Init config took 3.23s 
159837     INFO  main            d.u.i.k.p.i.AbstractProblemLoader Replaying proof SET063p3.key 
159840     DEBUG main            d.u.i.k.p.i.IntermediateProofReplayer Proof replay took 10.2ns 
159943     INFO  main            d.u.i.k.p.r.p.TestFile    ... finished proof: closed. 
160271     INFO  main            d.u.i.k.p.i.AbstractProblemLoader Loading environment from /home/runner/work/key/key/key.core/../key.ui/examples/standard_key/pred_log/tptp/SET/SET063p3.key.proof 
160271     DEBUG main            d.u.i.k.p.i.AbstractProblemLoader Environment load took 134.7ns 
160273     INFO  main            d.u.i.k.p.i.AbstractProblemLoader Creating init config 
163476     DEBUG main            d.u.i.k.p.i.AbstractProblemLoader Init config took 3.2s 
163498     INFO  main            d.u.i.k.p.i.AbstractProblemLoader Replaying proof SET063p3.key.proof 
163510     DEBUG main            d.u.i.k.p.i.IntermediateProofReplayer Proof replay took 7.19ms 
163511     DEBUG main            d.u.i.k.p.r.p.TestFile    ... success: reloaded. 
163512     INFO  main            d.u.i.k.p.r.p.TestFile    Now processing file /home/runner/work/key/key/key.core/../key.ui/examples/standard_key/pred_log/tptp/SYN/SYN036p2.key 
163512     INFO  main            d.u.i.k.p.i.AbstractProblemLoader Loading environment from /home/runner/work/key/key/key.core/../key.ui/examples/standard_key/pred_log/tptp/SYN/SYN036p2.key 
163512     DEBUG main            d.u.i.k.p.i.AbstractProblemLoader Environment load took 85.1ns 
163514     INFO  main            d.u.i.k.p.i.AbstractProblemLoader Creating init config 
166707     DEBUG main            d.u.i.k.p.i.AbstractProblemLoader Init config took 3.19s 
166725     INFO  main            d.u.i.k.p.i.AbstractProblemLoader Replaying proof SYN036p2.key 
166727     DEBUG main            d.u.i.k.p.i.IntermediateProofReplayer Proof replay took 8.8ns 
167141     INFO  main            d.u.i.k.p.r.p.TestFile    ... finished proof: closed. 
167499     INFO  main            d.u.i.k.p.i.AbstractProblemLoader Loading environment from /home/runner/work/key/key/key.core/../key.ui/examples/standard_key/pred_log/tptp/SYN/SYN036p2.key.proof 
167499     DEBUG main            d.u.i.k.p.i.AbstractProblemLoader Environment load took 447.3ns 
167503     INFO  main            d.u.i.k.p.i.AbstractProblemLoader Creating init config 
170691     DEBUG main            d.u.i.k.p.i.AbstractProblemLoader Init config took 3.19s 
170709     INFO  main            d.u.i.k.p.i.AbstractProblemLoader Replaying proof SYN036p2.key.proof 
170823     DEBUG main            d.u.i.k.p.i.IntermediateProofReplayer Proof replay took 103.17ms 
170824     DEBUG main            d.u.i.k.p.r.p.TestFile    ... success: reloaded. 
170825     INFO  main            d.u.i.k.p.r.p.TestFile    Now processing file /home/runner/work/key/key/key.core/../key.ui/examples/standard_key/pred_log/tptp/SYN/SYN550p1.key 
170825     INFO  main            d.u.i.k.p.i.AbstractProblemLoader Loading environment from /home/runner/work/key/key/key.core/../key.ui/examples/standard_key/pred_log/tptp/SYN/SYN550p1.key 
170825     DEBUG main            d.u.i.k.p.i.AbstractProblemLoader Environment load took 97.6ns 
170827     INFO  main            d.u.i.k.p.i.AbstractProblemLoader Creating init config 
174139     DEBUG main            d.u.i.k.p.i.AbstractProblemLoader Init config took 3.31s 
174156     INFO  main            d.u.i.k.p.i.AbstractProblemLoader Replaying proof SYN550p1.key 
174158     DEBUG main            d.u.i.k.p.i.IntermediateProofReplayer Proof replay took 9.3ns 
177911     INFO  main            d.u.i.k.p.r.p.TestFile    ... finished proof: closed. 
178279     INFO  main            d.u.i.k.p.i.AbstractProblemLoader Loading environment from /home/runner/work/key/key/key.core/../key.ui/examples/standard_key/pred_log/tptp/SYN/SYN550p1.key.proof 
178279     DEBUG main            d.u.i.k.p.i.AbstractProblemLoader Environment load took 430.9ns 
178281     INFO  main            d.u.i.k.p.i.AbstractProblemLoader Creating init config 
181403     DEBUG main            d.u.i.k.p.i.AbstractProblemLoader Init config took 3.12s 
181422     INFO  main            d.u.i.k.p.i.AbstractProblemLoader Replaying proof SYN550p1.key.proof 
181550     DEBUG main            d.u.i.k.p.i.IntermediateProofReplayer Proof replay took 114.37ms 
181552     DEBUG main            d.u.i.k.p.r.p.TestFile    ... success: reloaded. 
181555     INFO  main            d.u.i.k.p.r.p.TestFile    Now processing file /home/runner/work/key/key/key.core/../key.ui/examples/standard_key/prop_log/reallySimple.key 
181556     INFO  main            d.u.i.k.p.i.AbstractProblemLoader Loading environment from /home/runner/work/key/key/key.core/../key.ui/examples/standard_key/prop_log/reallySimple.key 
181556     DEBUG main            d.u.i.k.p.i.AbstractProblemLoader Environment load took 346.1ns 
181557     INFO  main            d.u.i.k.p.i.AbstractProblemLoader Creating init config 
184826     DEBUG main            d.u.i.k.p.i.AbstractProblemLoader Init config took 3.27s 
184842     INFO  main            d.u.i.k.p.i.AbstractProblemLoader Replaying proof reallySimple.key 
184844     DEBUG main            d.u.i.k.p.i.IntermediateProofReplayer Proof replay took 8.5ns 
184947     INFO  main            d.u.i.k.p.r.p.TestFile    ... finished proof: open goal(s) 
185299     INFO  main            d.u.i.k.p.r.p.TestFile    Now processing file /home/runner/work/key/key/key.core/../key.ui/examples/standard_key/pred_log/sameName1.key 
185299     INFO  main            d.u.i.k.p.i.AbstractProblemLoader Loading environment from /home/runner/work/key/key/key.core/../key.ui/examples/standard_key/pred_log/sameName1.key 
185299     DEBUG main            d.u.i.k.p.i.AbstractProblemLoader Environment load took 71ns 
185301     INFO  main            d.u.i.k.p.i.AbstractProblemLoader Creating init config 
188554     DEBUG main            d.u.i.k.p.i.AbstractProblemLoader Init config took 3.25s 
188571     INFO  main            d.u.i.k.p.i.AbstractProblemLoader Replaying proof sameName1.key 
188572     DEBUG main            d.u.i.k.p.i.IntermediateProofReplayer Proof replay took 9.8ns 
188675     INFO  main            d.u.i.k.p.r.p.TestFile    ... finished proof: open goal(s) 
189004     INFO  main            d.u.i.k.p.r.p.TestFile    Now processing file /home/runner/work/key/key/key.core/../key.ui/examples/standard_key/pred_log/jbyteIfEx.key 
189004     INFO  main            d.u.i.k.p.i.AbstractProblemLoader Loading environment from /home/runner/work/key/key/key.core/../key.ui/examples/standard_key/pred_log/jbyteIfEx.key 
189004     DEBUG main            d.u.i.k.p.i.AbstractProblemLoader Environment load took 90.8ns 
189005     INFO  main            d.u.i.k.p.i.AbstractProblemLoader Creating init config 
192098     DEBUG main            d.u.i.k.p.i.AbstractProblemLoader Init config took 3.09s 
192116     INFO  main            d.u.i.k.p.i.AbstractProblemLoader Replaying proof jbyteIfEx.key 
192118     DEBUG main            d.u.i.k.p.i.IntermediateProofReplayer Proof replay took 9.2ns 
192222     INFO  main            d.u.i.k.p.r.p.TestFile    ... finished proof: closed. 
192555     INFO  main            d.u.i.k.p.i.AbstractProblemLoader Loading environment from /home/runner/work/key/key/key.core/../key.ui/examples/standard_key/pred_log/jbyteIfEx.key.proof 
192555     DEBUG main            d.u.i.k.p.i.AbstractProblemLoader Environment load took 124.7ns 
192556     INFO  main            d.u.i.k.p.i.AbstractProblemLoader Creating init config 
195695     DEBUG main            d.u.i.k.p.i.AbstractProblemLoader Init config took 3.14s 
195712     INFO  main            d.u.i.k.p.i.AbstractProblemLoader Replaying proof jbyteIfEx.key.proof 
195719     DEBUG main            d.u.i.k.p.i.IntermediateProofReplayer Proof replay took 4.87ms 
195720     DEBUG main            d.u.i.k.p.r.p.TestFile    ... success: reloaded. 
195721     INFO  main            d.u.i.k.p.r.p.TestFile    Now processing file /home/runner/work/key/key/key.core/../key.ui/examples/standard_key/prop_log/allClausesLength4.key 
195722     INFO  main            d.u.i.k.p.i.AbstractProblemLoader Loading environment from /home/runner/work/key/key/key.core/../key.ui/examples/standard_key/prop_log/allClausesLength4.key 
195722     DEBUG main            d.u.i.k.p.i.AbstractProblemLoader Environment load took 112.5ns 
195723     INFO  main            d.u.i.k.p.i.AbstractProblemLoader Creating init config 
198880     DEBUG main            d.u.i.k.p.i.AbstractProblemLoader Init config took 3.16s 
198898     INFO  main            d.u.i.k.p.i.AbstractProblemLoader Replaying proof allClausesLength4.key 
198899     DEBUG main            d.u.i.k.p.i.IntermediateProofReplayer Proof replay took 8.4ns 
199103     INFO  main            d.u.i.k.p.r.p.TestFile    ... finished proof: closed. 
199450     INFO  main            d.u.i.k.p.i.AbstractProblemLoader Loading environment from /home/runner/work/key/key/key.core/../key.ui/examples/standard_key/prop_log/allClausesLength4.key.proof 
199450     DEBUG main            d.u.i.k.p.i.AbstractProblemLoader Environment load took 186.3ns 
199452     INFO  main            d.u.i.k.p.i.AbstractProblemLoader Creating init config 
202579     DEBUG main            d.u.i.k.p.i.AbstractProblemLoader Init config took 3.13s 
202612     INFO  main            d.u.i.k.p.i.AbstractProblemLoader Replaying proof allClausesLength4.key.proof 
202633     DEBUG main            d.u.i.k.p.i.IntermediateProofReplayer Proof replay took 16.43ms 
202635     DEBUG main            d.u.i.k.p.r.p.TestFile    ... success: reloaded. 
202636     INFO  main            d.u.i.k.p.r.p.TestFile    Now processing file /home/runner/work/key/key/key.core/../key.ui/examples/standard_key/prop_log/allClausesLength5.key 
202636     INFO  main            d.u.i.k.p.i.AbstractProblemLoader Loading environment from /home/runner/work/key/key/key.core/../key.ui/examples/standard_key/prop_log/allClausesLength5.key 
202637     DEBUG main            d.u.i.k.p.i.AbstractProblemLoader Environment load took 170.7ns 
202638     INFO  main            d.u.i.k.p.i.AbstractProblemLoader Creating init config 
205857     DEBUG main            d.u.i.k.p.i.AbstractProblemLoader Init config took 3.22s 
205875     INFO  main            d.u.i.k.p.i.AbstractProblemLoader Replaying proof allClausesLength5.key 
205876     DEBUG main            d.u.i.k.p.i.IntermediateProofReplayer Proof replay took 9ns 
206183     INFO  main            d.u.i.k.p.r.p.TestFile    ... finished proof: closed. 
206563     INFO  main            d.u.i.k.p.i.AbstractProblemLoader Loading environment from /home/runner/work/key/key/key.core/../key.ui/examples/standard_key/prop_log/allClausesLength5.key.proof 
206563     DEBUG main            d.u.i.k.p.i.AbstractProblemLoader Environment load took 490.2ns 
206565     INFO  main            d.u.i.k.p.i.AbstractProblemLoader Creating init config 
209747     DEBUG main            d.u.i.k.p.i.AbstractProblemLoader Init config took 3.18s 
209767     INFO  main            d.u.i.k.p.i.AbstractProblemLoader Replaying proof allClausesLength5.key.proof 
209813     DEBUG main            d.u.i.k.p.i.IntermediateProofReplayer Proof replay took 40.74ms 
209815     DEBUG main            d.u.i.k.p.r.p.TestFile    ... success: reloaded. 
209816     INFO  main            d.u.i.k.p.r.p.TestFile    Now processing file /home/runner/work/key/key/key.core/../key.ui/examples/standard_key/prop_log/doubleNeg.key 
209816     INFO  main            d.u.i.k.p.i.AbstractProblemLoader Loading environment from /home/runner/work/key/key/key.core/../key.ui/examples/standard_key/prop_log/doubleNeg.key 
209816     DEBUG main            d.u.i.k.p.i.AbstractProblemLoader Environment load took 97.5ns 
209818     INFO  main            d.u.i.k.p.i.AbstractProblemLoader Creating init config 
212971     DEBUG main            d.u.i.k.p.i.AbstractProblemLoader Init config took 3.15s 
212987     INFO  main            d.u.i.k.p.i.AbstractProblemLoader Replaying proof doubleNeg.key 
212988     DEBUG main            d.u.i.k.p.i.IntermediateProofReplayer Proof replay took 7.8ns 
213091     INFO  main            d.u.i.k.p.r.p.TestFile    ... finished proof: closed. 
213454     INFO  main            d.u.i.k.p.i.AbstractProblemLoader Loading environment from /home/runner/work/key/key/key.core/../key.ui/examples/standard_key/prop_log/doubleNeg.key.proof 
213454     DEBUG main            d.u.i.k.p.i.AbstractProblemLoader Environment load took 128.4ns 
213455     INFO  main            d.u.i.k.p.i.AbstractProblemLoader Creating init config 
216514     DEBUG main            d.u.i.k.p.i.AbstractProblemLoader Init config took 3.06s 
216532     INFO  main            d.u.i.k.p.i.AbstractProblemLoader Replaying proof doubleNeg.key.proof 
216535     DEBUG main            d.u.i.k.p.i.IntermediateProofReplayer Proof replay took 481.8ns 
216537     DEBUG main            d.u.i.k.p.r.p.TestFile    ... success: reloaded. 
216538     INFO  main            d.u.i.k.p.r.p.TestFile    Now processing file /home/runner/work/key/key/key.core/../key.ui/examples/standard_key/prop_log/liarsville.key 
216538     INFO  main            d.u.i.k.p.i.AbstractProblemLoader Loading environment from /home/runner/work/key/key/key.core/../key.ui/examples/standard_key/prop_log/liarsville.key 
216538     DEBUG main            d.u.i.k.p.i.AbstractProblemLoader Environment load took 199ns 
216539     INFO  main            d.u.i.k.p.i.AbstractProblemLoader Creating init config 
219685     DEBUG main            d.u.i.k.p.i.AbstractProblemLoader Init config took 3.15s 
219702     INFO  main            d.u.i.k.p.i.AbstractProblemLoader Replaying proof liarsville.key 
219703     DEBUG main            d.u.i.k.p.i.IntermediateProofReplayer Proof replay took 8.4ns 
219809     INFO  main            d.u.i.k.p.r.p.TestFile    ... finished proof: closed. 
220189     INFO  main            d.u.i.k.p.i.AbstractProblemLoader Loading environment from /home/runner/work/key/key/key.core/../key.ui/examples/standard_key/prop_log/liarsville.key.proof 
220189     DEBUG main            d.u.i.k.p.i.AbstractProblemLoader Environment load took 149ns 
220191     INFO  main            d.u.i.k.p.i.AbstractProblemLoader Creating init config 
223405     DEBUG main            d.u.i.k.p.i.AbstractProblemLoader Init config took 3.21s 
223422     INFO  main            d.u.i.k.p.i.AbstractProblemLoader Replaying proof liarsville.key.proof 
223426     DEBUG main            d.u.i.k.p.i.IntermediateProofReplayer Proof replay took 1.68ms 
223428     DEBUG main            d.u.i.k.p.r.p.TestFile    ... success: reloaded. 
223428     INFO  main            d.u.i.k.p.r.p.TestFile    Now processing file /home/runner/work/key/key/key.core/../key.ui/examples/standard_key/prop_log/simplest.key 
223428     INFO  main            d.u.i.k.p.i.AbstractProblemLoader Loading environment from /home/runner/work/key/key/key.core/../key.ui/examples/standard_key/prop_log/simplest.key 
223428     DEBUG main            d.u.i.k.p.i.AbstractProblemLoader Environment load took 68ns 
223430     INFO  main            d.u.i.k.p.i.AbstractProblemLoader Creating init config 
226565     DEBUG main            d.u.i.k.p.i.AbstractProblemLoader Init config took 3.14s 
226581     INFO  main            d.u.i.k.p.i.AbstractProblemLoader Replaying proof simplest.key 
226582     DEBUG main            d.u.i.k.p.i.IntermediateProofReplayer Proof replay took 8.9ns 
226686     INFO  main            d.u.i.k.p.r.p.TestFile    ... finished proof: closed. 
227081     INFO  main            d.u.i.k.p.i.AbstractProblemLoader Loading environment from /home/runner/work/key/key/key.core/../key.ui/examples/standard_key/prop_log/simplest.key.proof 
227081     DEBUG main            d.u.i.k.p.i.AbstractProblemLoader Environment load took 156.8ns 
227082     INFO  main            d.u.i.k.p.i.AbstractProblemLoader Creating init config 
230167     DEBUG main            d.u.i.k.p.i.AbstractProblemLoader Init config took 3.09s 
230183     INFO  main            d.u.i.k.p.i.AbstractProblemLoader Replaying proof simplest.key.proof 
230184     DEBUG main            d.u.i.k.p.i.IntermediateProofReplayer Proof replay took 106.3ns 
230185     DEBUG main            d.u.i.k.p.r.p.TestFile    ... success: reloaded. 
230185     INFO  main            d.u.i.k.p.r.p.TestFile    Now processing file /home/runner/work/key/key/key.core/../key.ui/examples/standard_key/prop_log/contraposition.key 
230186     INFO  main            d.u.i.k.p.i.AbstractProblemLoader Loading environment from /home/runner/work/key/key/key.core/../key.ui/examples/standard_key/prop_log/contraposition.key 
230186     DEBUG main            d.u.i.k.p.i.AbstractProblemLoader Environment load took 93.7ns 
230187     INFO  main            d.u.i.k.p.i.AbstractProblemLoader Creating init config 
233339     DEBUG main            d.u.i.k.p.i.AbstractProblemLoader Init config took 3.15s 
233354     INFO  main            d.u.i.k.p.i.AbstractProblemLoader Replaying proof contraposition.key 
233355     DEBUG main            d.u.i.k.p.i.IntermediateProofReplayer Proof replay took 9ns 
233461     INFO  main            d.u.i.k.p.r.p.TestFile    ... finished proof: closed. 
233842     INFO  main            d.u.i.k.p.i.AbstractProblemLoader Loading environment from /home/runner/work/key/key/key.core/../key.ui/examples/standard_key/prop_log/contraposition.key.proof 
233842     DEBUG main            d.u.i.k.p.i.AbstractProblemLoader Environment load took 144.1ns 
233843     INFO  main            d.u.i.k.p.i.AbstractProblemLoader Creating init config 
236941     DEBUG main            d.u.i.k.p.i.AbstractProblemLoader Init config took 3.1s 
236956     INFO  main            d.u.i.k.p.i.AbstractProblemLoader Replaying proof contraposition.key.proof 
236960     DEBUG main            d.u.i.k.p.i.IntermediateProofReplayer Proof replay took 2.6ms 
236962     DEBUG main            d.u.i.k.p.r.p.TestFile    ... success: reloaded. 
236962     INFO  main            d.u.i.k.p.r.p.TestFile    Now processing file /home/runner/work/key/key/key.core/../key.ui/examples/standard_key/quantifiers/elimination0.key 
236963     INFO  main            d.u.i.k.p.i.AbstractProblemLoader Loading environment from /home/runner/work/key/key/key.core/../key.ui/examples/standard_key/quantifiers/elimination0.key 
236963     DEBUG main            d.u.i.k.p.i.AbstractProblemLoader Environment load took 327.4ns 
236965     INFO  main            d.u.i.k.p.i.AbstractProblemLoader Creating init config 
240214     DEBUG main            d.u.i.k.p.i.AbstractProblemLoader Init config took 3.25s 
240231     INFO  main            d.u.i.k.p.i.AbstractProblemLoader Replaying proof elimination0.key 
240234     DEBUG main            d.u.i.k.p.i.IntermediateProofReplayer Proof replay took 8.3ns 
240337     INFO  main            d.u.i.k.p.r.p.TestFile    ... finished proof: closed. 
240744     INFO  main            d.u.i.k.p.i.AbstractProblemLoader Loading environment from /home/runner/work/key/key/key.core/../key.ui/examples/standard_key/quantifiers/elimination0.key.proof 
240744     DEBUG main            d.u.i.k.p.i.AbstractProblemLoader Environment load took 124.8ns 
240745     INFO  main            d.u.i.k.p.i.AbstractProblemLoader Creating init config 
243857     DEBUG main            d.u.i.k.p.i.AbstractProblemLoader Init config took 3.11s 
243873     INFO  main            d.u.i.k.p.i.AbstractProblemLoader Replaying proof elimination0.key.proof 
243875     DEBUG main            d.u.i.k.p.i.IntermediateProofReplayer Proof replay took 1.3ms 
243876     DEBUG main            d.u.i.k.p.r.p.TestFile    ... success: reloaded. 
243878     INFO  main            d.u.i.k.p.r.p.TestFile    Now processing file /home/runner/work/key/key/key.core/../key.ui/examples/standard_key/quantifiers/heuristic_PUZ001p1-eq.key 
243878     INFO  main            d.u.i.k.p.i.AbstractProblemLoader Loading environment from /home/runner/work/key/key/key.core/../key.ui/examples/standard_key/quantifiers/heuristic_PUZ001p1-eq.key 
243878     DEBUG main            d.u.i.k.p.i.AbstractProblemLoader Environment load took 90.6ns 
243879     INFO  main            d.u.i.k.p.i.AbstractProblemLoader Creating init config 
247016     DEBUG main            d.u.i.k.p.i.AbstractProblemLoader Init config took 3.14s 
247034     INFO  main            d.u.i.k.p.i.AbstractProblemLoader Replaying proof heuristic_PUZ001p1-eq.key 
247037     DEBUG main            d.u.i.k.p.i.IntermediateProofReplayer Proof replay took 8ns 
247240     INFO  main            d.u.i.k.p.r.p.TestFile    ... finished proof: closed. 
247653     INFO  main            d.u.i.k.p.i.AbstractProblemLoader Loading environment from /home/runner/work/key/key/key.core/../key.ui/examples/standard_key/quantifiers/heuristic_PUZ001p1-eq.key.proof 
247653     DEBUG main            d.u.i.k.p.i.AbstractProblemLoader Environment load took 111.3ns 
247655     INFO  main            d.u.i.k.p.i.AbstractProblemLoader Creating init config 
250663     DEBUG main            d.u.i.k.p.i.AbstractProblemLoader Init config took 3.01s 
250681     INFO  main            d.u.i.k.p.i.AbstractProblemLoader Replaying proof heuristic_PUZ001p1-eq.key.proof 
250694     DEBUG main            d.u.i.k.p.i.IntermediateProofReplayer Proof replay took 10.37ms 
250695     DEBUG main            d.u.i.k.p.r.p.TestFile    ... success: reloaded. 
250696     INFO  main            d.u.i.k.p.r.p.TestFile    Now processing file /home/runner/work/key/key/key.core/../key.ui/examples/standard_key/quantifiers/heuristic_PUZ001p1.key 
250696     INFO  main            d.u.i.k.p.i.AbstractProblemLoader Loading environment from /home/runner/work/key/key/key.core/../key.ui/examples/standard_key/quantifiers/heuristic_PUZ001p1.key 
250696     DEBUG main            d.u.i.k.p.i.AbstractProblemLoader Environment load took 94.5ns 
250698     INFO  main            d.u.i.k.p.i.AbstractProblemLoader Creating init config 
253849     DEBUG main            d.u.i.k.p.i.AbstractProblemLoader Init config took 3.15s 
253867     INFO  main            d.u.i.k.p.i.AbstractProblemLoader Replaying proof heuristic_PUZ001p1.key 
253869     DEBUG main            d.u.i.k.p.i.IntermediateProofReplayer Proof replay took 8.6ns 
255684     INFO  main            d.u.i.k.p.r.p.TestFile    ... finished proof: closed. 
256097     INFO  main            d.u.i.k.p.i.AbstractProblemLoader Loading environment from /home/runner/work/key/key/key.core/../key.ui/examples/standard_key/quantifiers/heuristic_PUZ001p1.key.proof 
256099     DEBUG main            d.u.i.k.p.i.AbstractProblemLoader Environment load took 1.83ms 
256101     INFO  main            d.u.i.k.p.i.AbstractProblemLoader Creating init config 
259193     DEBUG main            d.u.i.k.p.i.AbstractProblemLoader Init config took 3.09s 
259211     INFO  main            d.u.i.k.p.i.AbstractProblemLoader Replaying proof heuristic_PUZ001p1.key.proof 
259265     DEBUG main            d.u.i.k.p.i.IntermediateProofReplayer Proof replay took 48.64ms 
259266     DEBUG main            d.u.i.k.p.r.p.TestFile    ... success: reloaded. 
259267     INFO  main            d.u.i.k.p.r.p.TestFile    Now processing file /home/runner/work/key/key/key.core/../key.ui/examples/standard_key/quantifiers/heuristic_PUZ031p1.key 
259268     INFO  main            d.u.i.k.p.i.AbstractProblemLoader Loading environment from /home/runner/work/key/key/key.core/../key.ui/examples/standard_key/quantifiers/heuristic_PUZ031p1.key 
259268     DEBUG main            d.u.i.k.p.i.AbstractProblemLoader Environment load took 105ns 
259269     INFO  main            d.u.i.k.p.i.AbstractProblemLoader Creating init config 
262417     DEBUG main            d.u.i.k.p.i.AbstractProblemLoader Init config took 3.15s 
262434     INFO  main            d.u.i.k.p.i.AbstractProblemLoader Replaying proof heuristic_PUZ031p1.key 
262435     DEBUG main            d.u.i.k.p.i.IntermediateProofReplayer Proof replay took 8.3ns 
268702     INFO  main            d.u.i.k.p.r.p.TestFile    ... finished proof: closed. 
269187     INFO  main            d.u.i.k.p.i.AbstractProblemLoader Loading environment from /home/runner/work/key/key/key.core/../key.ui/examples/standard_key/quantifiers/heuristic_PUZ031p1.key.proof 
269190     DEBUG main            d.u.i.k.p.i.AbstractProblemLoader Environment load took 3.33ms 
269192     INFO  main            d.u.i.k.p.i.AbstractProblemLoader Creating init config 
272289     DEBUG main            d.u.i.k.p.i.AbstractProblemLoader Init config took 3.1s 
272308     INFO  main            d.u.i.k.p.i.AbstractProblemLoader Replaying proof heuristic_PUZ031p1.key.proof 
272363     DEBUG main            d.u.i.k.p.i.IntermediateProofReplayer Proof replay took 50.26ms 
272365     DEBUG main            d.u.i.k.p.r.p.TestFile    ... success: reloaded. 
272366     INFO  main            d.u.i.k.p.r.p.TestFile    Now processing file /home/runner/work/key/key/key.core/../key.ui/examples/standard_key/quantifiers/heuristic_SYN036p2.key 
272367     INFO  main            d.u.i.k.p.i.AbstractProblemLoader Loading environment from /home/runner/work/key/key/key.core/../key.ui/examples/standard_key/quantifiers/heuristic_SYN036p2.key 
272367     DEBUG main            d.u.i.k.p.i.AbstractProblemLoader Environment load took 205.8ns 
272368     INFO  main            d.u.i.k.p.i.AbstractProblemLoader Creating init config 
275541     DEBUG main            d.u.i.k.p.i.AbstractProblemLoader Init config took 3.17s 
275557     INFO  main            d.u.i.k.p.i.AbstractProblemLoader Replaying proof heuristic_SYN036p2.key 
275561     DEBUG main            d.u.i.k.p.i.IntermediateProofReplayer Proof replay took 9.9ns 
275869     INFO  main            d.u.i.k.p.r.p.TestFile    ... finished proof: closed. 
276345     INFO  main            d.u.i.k.p.i.AbstractProblemLoader Loading environment from /home/runner/work/key/key/key.core/../key.ui/examples/standard_key/quantifiers/heuristic_SYN036p2.key.proof 
276345     DEBUG main            d.u.i.k.p.i.AbstractProblemLoader Environment load took 382ns 
276347     INFO  main            d.u.i.k.p.i.AbstractProblemLoader Creating init config 
279333     DEBUG main            d.u.i.k.p.i.AbstractProblemLoader Init config took 2.99s 
279352     INFO  main            d.u.i.k.p.i.AbstractProblemLoader Replaying proof heuristic_SYN036p2.key.proof 
279430     DEBUG main            d.u.i.k.p.i.IntermediateProofReplayer Proof replay took 68.92ms 
279431     DEBUG main            d.u.i.k.p.r.p.TestFile    ... success: reloaded. 
279432     INFO  main            d.u.i.k.p.r.p.TestFile    Now processing file /home/runner/work/key/key/key.core/../key.ui/examples/standard_key/quantifiers/injectivity.key 
279432     INFO  main            d.u.i.k.p.i.AbstractProblemLoader Loading environment from /home/runner/work/key/key/key.core/../key.ui/examples/standard_key/quantifiers/injectivity.key 
279432     DEBUG main            d.u.i.k.p.i.AbstractProblemLoader Environment load took 105.6ns 
279434     INFO  main            d.u.i.k.p.i.AbstractProblemLoader Creating init config 
282548     DEBUG main            d.u.i.k.p.i.AbstractProblemLoader Init config took 3.11s 
282563     INFO  main            d.u.i.k.p.i.AbstractProblemLoader Replaying proof injectivity.key 
282565     DEBUG main            d.u.i.k.p.i.IntermediateProofReplayer Proof replay took 9.2ns 
282667     INFO  main            d.u.i.k.p.r.p.TestFile    ... finished proof: closed. 
283106     INFO  main            d.u.i.k.p.i.AbstractProblemLoader Loading environment from /home/runner/work/key/key/key.core/../key.ui/examples/standard_key/quantifiers/injectivity.key.proof 
283106     DEBUG main            d.u.i.k.p.i.AbstractProblemLoader Environment load took 199.9ns 
283107     INFO  main            d.u.i.k.p.i.AbstractProblemLoader Creating init config 
286176     DEBUG main            d.u.i.k.p.i.AbstractProblemLoader Init config took 3.07s 
286192     INFO  main            d.u.i.k.p.i.AbstractProblemLoader Replaying proof injectivity.key.proof 
286196     DEBUG main            d.u.i.k.p.i.IntermediateProofReplayer Proof replay took 2.29ms 
286197     DEBUG main            d.u.i.k.p.r.p.TestFile    ... success: reloaded. 
286198     INFO  main            d.u.i.k.p.r.p.TestFile    Now processing file /home/runner/work/key/key/key.core/../key.ui/examples/standard_key/quantifiers/normalisation0.key 
286198     INFO  main            d.u.i.k.p.i.AbstractProblemLoader Loading environment from /home/runner/work/key/key/key.core/../key.ui/examples/standard_key/quantifiers/normalisation0.key 
286198     DEBUG main            d.u.i.k.p.i.AbstractProblemLoader Environment load took 121.6ns 
286200     INFO  main            d.u.i.k.p.i.AbstractProblemLoader Creating init config 
289285     DEBUG main            d.u.i.k.p.i.AbstractProblemLoader Init config took 3.09s 
289300     INFO  main            d.u.i.k.p.i.AbstractProblemLoader Replaying proof normalisation0.key 
289302     DEBUG main            d.u.i.k.p.i.IntermediateProofReplayer Proof replay took 8.3ns 
289404     INFO  main            d.u.i.k.p.r.p.TestFile    ... finished proof: closed. 
289869     INFO  main            d.u.i.k.p.i.AbstractProblemLoader Loading environment from /home/runner/work/key/key/key.core/../key.ui/examples/standard_key/quantifiers/normalisation0.key.proof 
289869     DEBUG main            d.u.i.k.p.i.AbstractProblemLoader Environment load took 131.3ns 
289871     INFO  main            d.u.i.k.p.i.AbstractProblemLoader Creating init config 
292847     DEBUG main            d.u.i.k.p.i.AbstractProblemLoader Init config took 2.98s 
292862     INFO  main            d.u.i.k.p.i.AbstractProblemLoader Replaying proof normalisation0.key.proof 
292866     DEBUG main            d.u.i.k.p.i.IntermediateProofReplayer Proof replay took 1.62ms 
292868     DEBUG main            d.u.i.k.p.r.p.TestFile    ... success: reloaded. 
292869     INFO  main            d.u.i.k.p.r.p.TestFile    Now processing file /home/runner/work/key/key/key.core/../key.ui/examples/standard_key/quantifiers/normalisation1.key 
292869     INFO  main            d.u.i.k.p.i.AbstractProblemLoader Loading environment from /home/runner/work/key/key/key.core/../key.ui/examples/standard_key/quantifiers/normalisation1.key 
292869     DEBUG main            d.u.i.k.p.i.AbstractProblemLoader Environment load took 115.6ns 
292870     INFO  main            d.u.i.k.p.i.AbstractProblemLoader Creating init config 
295982     DEBUG main            d.u.i.k.p.i.AbstractProblemLoader Init config took 3.11s 
296002     INFO  main            d.u.i.k.p.i.AbstractProblemLoader Replaying proof normalisation1.key 
296004     DEBUG main            d.u.i.k.p.i.IntermediateProofReplayer Proof replay took 9.2ns 
296115     INFO  main            d.u.i.k.p.r.p.TestFile    ... finished proof: closed. 
296589     INFO  main            d.u.i.k.p.i.AbstractProblemLoader Loading environment from /home/runner/work/key/key/key.core/../key.ui/examples/standard_key/quantifiers/normalisation1.key.proof 
296589     DEBUG main            d.u.i.k.p.i.AbstractProblemLoader Environment load took 129.4ns 
296591     INFO  main            d.u.i.k.p.i.AbstractProblemLoader Creating init config 
299636     DEBUG main            d.u.i.k.p.i.AbstractProblemLoader Init config took 3.05s 
299655     INFO  main            d.u.i.k.p.i.AbstractProblemLoader Replaying proof normalisation1.key.proof 
299658     DEBUG main            d.u.i.k.p.i.IntermediateProofReplayer Proof replay took 1.56ms 
299659     DEBUG main            d.u.i.k.p.r.p.TestFile    ... success: reloaded. 
299660     INFO  main            d.u.i.k.p.r.p.TestFile    Now processing file /home/runner/work/key/key/key.core/../key.ui/examples/standard_key/quantifiers/normalisation2.key 
299660     INFO  main            d.u.i.k.p.i.AbstractProblemLoader Loading environment from /home/runner/work/key/key/key.core/../key.ui/examples/standard_key/quantifiers/normalisation2.key 
299660     DEBUG main            d.u.i.k.p.i.AbstractProblemLoader Environment load took 77.6ns 
299674     INFO  main            d.u.i.k.p.i.AbstractProblemLoader Creating init config 
302805     DEBUG main            d.u.i.k.p.i.AbstractProblemLoader Init config took 3.13s 
302822     INFO  main            d.u.i.k.p.i.AbstractProblemLoader Replaying proof normalisation2.key 
302824     DEBUG main            d.u.i.k.p.i.IntermediateProofReplayer Proof replay took 8.8ns 
302926     INFO  main            d.u.i.k.p.r.p.TestFile    ... finished proof: closed. 
303365     INFO  main            d.u.i.k.p.i.AbstractProblemLoader Loading environment from /home/runner/work/key/key/key.core/../key.ui/examples/standard_key/quantifiers/normalisation2.key.proof 
303365     DEBUG main            d.u.i.k.p.i.AbstractProblemLoader Environment load took 102.8ns 
303367     INFO  main            d.u.i.k.p.i.AbstractProblemLoader Creating init config 
306445     DEBUG main            d.u.i.k.p.i.AbstractProblemLoader Init config took 3.08s 
306464     INFO  main            d.u.i.k.p.i.AbstractProblemLoader Replaying proof normalisation2.key.proof 
306469     DEBUG main            d.u.i.k.p.i.IntermediateProofReplayer Proof replay took 2.19ms 
306469     DEBUG main            d.u.i.k.p.r.p.TestFile    ... success: reloaded. 
306470     INFO  main            d.u.i.k.p.r.p.TestFile    Now processing file /home/runner/work/key/key/key.core/../key.ui/examples/standard_key/quantifiers/normalisation3.key 
306471     INFO  main            d.u.i.k.p.i.AbstractProblemLoader Loading environment from /home/runner/work/key/key/key.core/../key.ui/examples/standard_key/quantifiers/normalisation3.key 
306471     DEBUG main            d.u.i.k.p.i.AbstractProblemLoader Environment load took 105.5ns 
306472     INFO  main            d.u.i.k.p.i.AbstractProblemLoader Creating init config 
309589     DEBUG main            d.u.i.k.p.i.AbstractProblemLoader Init config took 3.12s 
309606     INFO  main            d.u.i.k.p.i.AbstractProblemLoader Replaying proof normalisation3.key 
309608     DEBUG main            d.u.i.k.p.i.IntermediateProofReplayer Proof replay took 9.3ns 
309710     INFO  main            d.u.i.k.p.r.p.TestFile    ... finished proof: closed. 
310137     INFO  main            d.u.i.k.p.i.AbstractProblemLoader Loading environment from /home/runner/work/key/key/key.core/../key.ui/examples/standard_key/quantifiers/normalisation3.key.proof 
310137     DEBUG main            d.u.i.k.p.i.AbstractProblemLoader Environment load took 95ns 
310138     INFO  main            d.u.i.k.p.i.AbstractProblemLoader Creating init config 
313200     DEBUG main            d.u.i.k.p.i.AbstractProblemLoader Init config took 3.06s 
313218     INFO  main            d.u.i.k.p.i.AbstractProblemLoader Replaying proof normalisation3.key.proof 
313222     DEBUG main            d.u.i.k.p.i.IntermediateProofReplayer Proof replay took 1.81ms 
313223     DEBUG main            d.u.i.k.p.r.p.TestFile    ... success: reloaded. 
313224     INFO  main            d.u.i.k.p.r.p.TestFile    Now processing file /home/runner/work/key/key/key.core/../key.ui/examples/standard_key/quantifiers/normalisation4.key 
313224     INFO  main            d.u.i.k.p.i.AbstractProblemLoader Loading environment from /home/runner/work/key/key/key.core/../key.ui/examples/standard_key/quantifiers/normalisation4.key 
313224     DEBUG main            d.u.i.k.p.i.AbstractProblemLoader Environment load took 87.5ns 
313225     INFO  main            d.u.i.k.p.i.AbstractProblemLoader Creating init config 
316300     DEBUG main            d.u.i.k.p.i.AbstractProblemLoader Init config took 3.07s 
316315     INFO  main            d.u.i.k.p.i.AbstractProblemLoader Replaying proof normalisation4.key 
316317     DEBUG main            d.u.i.k.p.i.IntermediateProofReplayer Proof replay took 9.6ns 
316419     INFO  main            d.u.i.k.p.r.p.TestFile    ... finished proof: closed. 
316910     INFO  main            d.u.i.k.p.i.AbstractProblemLoader Loading environment from /home/runner/work/key/key/key.core/../key.ui/examples/standard_key/quantifiers/normalisation4.key.proof 
316910     DEBUG main            d.u.i.k.p.i.AbstractProblemLoader Environment load took 114.8ns 
316911     INFO  main            d.u.i.k.p.i.AbstractProblemLoader Creating init config 
319986     DEBUG main            d.u.i.k.p.i.AbstractProblemLoader Init config took 3.07s 
320010     INFO  main            d.u.i.k.p.i.AbstractProblemLoader Replaying proof normalisation4.key.proof 
320015     DEBUG main            d.u.i.k.p.i.IntermediateProofReplayer Proof replay took 3.02ms 
320020     DEBUG main            d.u.i.k.p.r.p.TestFile    ... success: reloaded. 
320021     INFO  main            d.u.i.k.p.r.p.TestFile    Now processing file /home/runner/work/key/key/key.core/../key.ui/examples/standard_key/quantifiers/normalisation5.key 
320021     INFO  main            d.u.i.k.p.i.AbstractProblemLoader Loading environment from /home/runner/work/key/key/key.core/../key.ui/examples/standard_key/quantifiers/normalisation5.key 
320022     DEBUG main            d.u.i.k.p.i.AbstractProblemLoader Environment load took 336.3ns 
320023     INFO  main            d.u.i.k.p.i.AbstractProblemLoader Creating init config 
323118     DEBUG main            d.u.i.k.p.i.AbstractProblemLoader Init config took 3.1s 
323134     INFO  main            d.u.i.k.p.i.AbstractProblemLoader Replaying proof normalisation5.key 
323136     DEBUG main            d.u.i.k.p.i.IntermediateProofReplayer Proof replay took 8.9ns 
323238     INFO  main            d.u.i.k.p.r.p.TestFile    ... finished proof: closed. 
323789     INFO  main            d.u.i.k.p.i.AbstractProblemLoader Loading environment from /home/runner/work/key/key/key.core/../key.ui/examples/standard_key/quantifiers/normalisation5.key.proof 
323789     DEBUG main            d.u.i.k.p.i.AbstractProblemLoader Environment load took 101.2ns 
323791     INFO  main            d.u.i.k.p.i.AbstractProblemLoader Creating init config 
326903     DEBUG main            d.u.i.k.p.i.AbstractProblemLoader Init config took 3.11s 
326921     INFO  main            d.u.i.k.p.i.AbstractProblemLoader Replaying proof normalisation5.key.proof 
326925     DEBUG main            d.u.i.k.p.i.IntermediateProofReplayer Proof replay took 2.14ms 
326926     DEBUG main            d.u.i.k.p.r.p.TestFile    ... success: reloaded. 
326927     INFO  main            d.u.i.k.p.r.p.TestFile    Now processing file /home/runner/work/key/key/key.core/../key.ui/examples/standard_key/quantifiers/normalisation6.key 
326928     INFO  main            d.u.i.k.p.i.AbstractProblemLoader Loading environment from /home/runner/work/key/key/key.core/../key.ui/examples/standard_key/quantifiers/normalisation6.key 
326928     DEBUG main            d.u.i.k.p.i.AbstractProblemLoader Environment load took 199ns 
326929     INFO  main            d.u.i.k.p.i.AbstractProblemLoader Creating init config 
330048     DEBUG main            d.u.i.k.p.i.AbstractProblemLoader Init config took 3.12s 
330064     INFO  main            d.u.i.k.p.i.AbstractProblemLoader Replaying proof normalisation6.key 
330066     DEBUG main            d.u.i.k.p.i.IntermediateProofReplayer Proof replay took 9.8ns 
330168     INFO  main            d.u.i.k.p.r.p.TestFile    ... finished proof: closed. 
330649     INFO  main            d.u.i.k.p.i.AbstractProblemLoader Loading environment from /home/runner/work/key/key/key.core/../key.ui/examples/standard_key/quantifiers/normalisation6.key.proof 
330649     DEBUG main            d.u.i.k.p.i.AbstractProblemLoader Environment load took 106.4ns 
330650     INFO  main            d.u.i.k.p.i.AbstractProblemLoader Creating init config 
333699     DEBUG main            d.u.i.k.p.i.AbstractProblemLoader Init config took 3.05s 
333715     INFO  main            d.u.i.k.p.i.AbstractProblemLoader Replaying proof normalisation6.key.proof 
333719     DEBUG main            d.u.i.k.p.i.IntermediateProofReplayer Proof replay took 1.56ms 
333720     DEBUG main            d.u.i.k.p.r.p.TestFile    ... success: reloaded. 
333721     INFO  main            d.u.i.k.p.r.p.TestFile    Now processing file /home/runner/work/key/key/key.core/../key.ui/examples/standard_key/quantifiers/normalisation7.key 
333721     INFO  main            d.u.i.k.p.i.AbstractProblemLoader Loading environment from /home/runner/work/key/key/key.core/../key.ui/examples/standard_key/quantifiers/normalisation7.key 
333721     DEBUG main            d.u.i.k.p.i.AbstractProblemLoader Environment load took 97.1ns 
333722     INFO  main            d.u.i.k.p.i.AbstractProblemLoader Creating init config 
336779     DEBUG main            d.u.i.k.p.i.AbstractProblemLoader Init config took 3.06s 
336795     INFO  main            d.u.i.k.p.i.AbstractProblemLoader Replaying proof normalisation7.key 
336797     DEBUG main            d.u.i.k.p.i.IntermediateProofReplayer Proof replay took 8.7ns 
336899     INFO  main            d.u.i.k.p.r.p.TestFile    ... finished proof: closed. 
337390     INFO  main            d.u.i.k.p.i.AbstractProblemLoader Loading environment from /home/runner/work/key/key/key.core/../key.ui/examples/standard_key/quantifiers/normalisation7.key.proof 
337390     DEBUG main            d.u.i.k.p.i.AbstractProblemLoader Environment load took 109.3ns 
337391     INFO  main            d.u.i.k.p.i.AbstractProblemLoader Creating init config 
340410     DEBUG main            d.u.i.k.p.i.AbstractProblemLoader Init config took 3.02s 
340429     INFO  main            d.u.i.k.p.i.AbstractProblemLoader Replaying proof normalisation7.key.proof 
340433     DEBUG main            d.u.i.k.p.i.IntermediateProofReplayer Proof replay took 1.56ms 
340434     DEBUG main            d.u.i.k.p.r.p.TestFile    ... success: reloaded. 
340435     INFO  main            d.u.i.k.p.r.p.TestFile    Now processing file /home/runner/work/key/key/key.core/../key.ui/examples/standard_key/quantifiers/normalisation8.key 
340435     INFO  main            d.u.i.k.p.i.AbstractProblemLoader Loading environment from /home/runner/work/key/key/key.core/../key.ui/examples/standard_key/quantifiers/normalisation8.key 
340435     DEBUG main            d.u.i.k.p.i.AbstractProblemLoader Environment load took 232.2ns 
340437     INFO  main            d.u.i.k.p.i.AbstractProblemLoader Creating init config 
343476     DEBUG main            d.u.i.k.p.i.AbstractProblemLoader Init config took 3.04s 
343493     INFO  main            d.u.i.k.p.i.AbstractProblemLoader Replaying proof normalisation8.key 
343495     DEBUG main            d.u.i.k.p.i.IntermediateProofReplayer Proof replay took 8.9ns 
343598     INFO  main            d.u.i.k.p.r.p.TestFile    ... finished proof: closed. 
344082     INFO  main            d.u.i.k.p.i.AbstractProblemLoader Loading environment from /home/runner/work/key/key/key.core/../key.ui/examples/standard_key/quantifiers/normalisation8.key.proof 
344082     DEBUG main            d.u.i.k.p.i.AbstractProblemLoader Environment load took 108.1ns 
344084     INFO  main            d.u.i.k.p.i.AbstractProblemLoader Creating init config 
347040     DEBUG main            d.u.i.k.p.i.AbstractProblemLoader Init config took 2.96s 
347055     INFO  main            d.u.i.k.p.i.AbstractProblemLoader Replaying proof normalisation8.key.proof 
347060     DEBUG main            d.u.i.k.p.i.IntermediateProofReplayer Proof replay took 3.36ms 
347061     DEBUG main            d.u.i.k.p.r.p.TestFile    ... success: reloaded. 
347062     INFO  main            d.u.i.k.p.r.p.TestFile    Now processing file /home/runner/work/key/key/key.core/../key.ui/examples/standard_key/quantifiers/normalisation9.key 
347063     INFO  main            d.u.i.k.p.i.AbstractProblemLoader Loading environment from /home/runner/work/key/key/key.core/../key.ui/examples/standard_key/quantifiers/normalisation9.key 
347063     DEBUG main            d.u.i.k.p.i.AbstractProblemLoader Environment load took 212ns 
347064     INFO  main            d.u.i.k.p.i.AbstractProblemLoader Creating init config 
350174     DEBUG main            d.u.i.k.p.i.AbstractProblemLoader Init config took 3.11s 
350190     INFO  main            d.u.i.k.p.i.AbstractProblemLoader Replaying proof normalisation9.key 
350192     DEBUG main            d.u.i.k.p.i.IntermediateProofReplayer Proof replay took 8.9ns 
350294     INFO  main            d.u.i.k.p.r.p.TestFile    ... finished proof: closed. 
350792     INFO  main            d.u.i.k.p.i.AbstractProblemLoader Loading environment from /home/runner/work/key/key/key.core/../key.ui/examples/standard_key/quantifiers/normalisation9.key.proof 
350793     DEBUG main            d.u.i.k.p.i.AbstractProblemLoader Environment load took 186.7ns 
350794     INFO  main            d.u.i.k.p.i.AbstractProblemLoader Creating init config 
353842     DEBUG main            d.u.i.k.p.i.AbstractProblemLoader Init config took 3.05s 
353858     INFO  main            d.u.i.k.p.i.AbstractProblemLoader Replaying proof normalisation9.key.proof 
353863     DEBUG main            d.u.i.k.p.i.IntermediateProofReplayer Proof replay took 3.35ms 
353864     DEBUG main            d.u.i.k.p.r.p.TestFile    ... success: reloaded. 
353865     INFO  main            d.u.i.k.p.r.p.TestFile    Now processing file /home/runner/work/key/key/key.core/../key.ui/examples/standard_key/quantifiers/normalisation10.key 
353866     INFO  main            d.u.i.k.p.i.AbstractProblemLoader Loading environment from /home/runner/work/key/key/key.core/../key.ui/examples/standard_key/quantifiers/normalisation10.key 
353866     DEBUG main            d.u.i.k.p.i.AbstractProblemLoader Environment load took 115.9ns 
353867     INFO  main            d.u.i.k.p.i.AbstractProblemLoader Creating init config 
356972     DEBUG main            d.u.i.k.p.i.AbstractProblemLoader Init config took 3.11s 
356989     INFO  main            d.u.i.k.p.i.AbstractProblemLoader Replaying proof normalisation10.key 
356992     DEBUG main            d.u.i.k.p.i.IntermediateProofReplayer Proof replay took 15.6ns 
357094     INFO  main            d.u.i.k.p.r.p.TestFile    ... finished proof: closed. 
357620     INFO  main            d.u.i.k.p.i.AbstractProblemLoader Loading environment from /home/runner/work/key/key/key.core/../key.ui/examples/standard_key/quantifiers/normalisation10.key.proof 
357620     DEBUG main            d.u.i.k.p.i.AbstractProblemLoader Environment load took 105.1ns 
357621     INFO  main            d.u.i.k.p.i.AbstractProblemLoader Creating init config 
360610     DEBUG main            d.u.i.k.p.i.AbstractProblemLoader Init config took 2.99s 
360626     INFO  main            d.u.i.k.p.i.AbstractProblemLoader Replaying proof normalisation10.key.proof 
360631     DEBUG main            d.u.i.k.p.i.IntermediateProofReplayer Proof replay took 3.88ms 
360632     DEBUG main            d.u.i.k.p.r.p.TestFile    ... success: reloaded. 
360633     INFO  main            d.u.i.k.p.r.p.TestFile    Now processing file /home/runner/work/key/key/key.core/../key.ui/examples/standard_key/quantifiers/normalisation12.key 
360634     INFO  main            d.u.i.k.p.i.AbstractProblemLoader Loading environment from /home/runner/work/key/key/key.core/../key.ui/examples/standard_key/quantifiers/normalisation12.key 
360634     DEBUG main            d.u.i.k.p.i.AbstractProblemLoader Environment load took 122.2ns 
360635     INFO  main            d.u.i.k.p.i.AbstractProblemLoader Creating init config 
363778     DEBUG main            d.u.i.k.p.i.AbstractProblemLoader Init config took 3.14s 
363794     INFO  main            d.u.i.k.p.i.AbstractProblemLoader Replaying proof normalisation12.key 
363797     DEBUG main            d.u.i.k.p.i.IntermediateProofReplayer Proof replay took 10.2ns 
363899     INFO  main            d.u.i.k.p.r.p.TestFile    ... finished proof: closed. 
364425     INFO  main            d.u.i.k.p.i.AbstractProblemLoader Loading environment from /home/runner/work/key/key/key.core/../key.ui/examples/standard_key/quantifiers/normalisation12.key.proof 
364425     DEBUG main            d.u.i.k.p.i.AbstractProblemLoader Environment load took 116.7ns 
364427     INFO  main            d.u.i.k.p.i.AbstractProblemLoader Creating init config 
367574     DEBUG main            d.u.i.k.p.i.AbstractProblemLoader Init config took 3.15s 
367591     INFO  main            d.u.i.k.p.i.AbstractProblemLoader Replaying proof normalisation12.key.proof 
367597     DEBUG main            d.u.i.k.p.i.IntermediateProofReplayer Proof replay took 1.24ms 
367598     DEBUG main            d.u.i.k.p.r.p.TestFile    ... success: reloaded. 
367599     INFO  main            d.u.i.k.p.r.p.TestFile    Now processing file /home/runner/work/key/key/key.core/../key.ui/examples/standard_key/quantifiers/normalisation13.key 
367600     INFO  main            d.u.i.k.p.i.AbstractProblemLoader Loading environment from /home/runner/work/key/key/key.core/../key.ui/examples/standard_key/quantifiers/normalisation13.key 
367600     DEBUG main            d.u.i.k.p.i.AbstractProblemLoader Environment load took 199.5ns 
367601     INFO  main            d.u.i.k.p.i.AbstractProblemLoader Creating init config 
370718     DEBUG main            d.u.i.k.p.i.AbstractProblemLoader Init config took 3.12s 
370734     INFO  main            d.u.i.k.p.i.AbstractProblemLoader Replaying proof normalisation13.key 
370736     DEBUG main            d.u.i.k.p.i.IntermediateProofReplayer Proof replay took 9.1ns 
370840     INFO  main            d.u.i.k.p.r.p.TestFile    ... finished proof: closed. 
371374     INFO  main            d.u.i.k.p.i.AbstractProblemLoader Loading environment from /home/runner/work/key/key/key.core/../key.ui/examples/standard_key/quantifiers/normalisation13.key.proof 
371374     DEBUG main            d.u.i.k.p.i.AbstractProblemLoader Environment load took 96.4ns 
371375     INFO  main            d.u.i.k.p.i.AbstractProblemLoader Creating init config 
374413     DEBUG main            d.u.i.k.p.i.AbstractProblemLoader Init config took 3.04s 
374432     INFO  main            d.u.i.k.p.i.AbstractProblemLoader Replaying proof normalisation13.key.proof 
374435     DEBUG main            d.u.i.k.p.i.IntermediateProofReplayer Proof replay took 867.71ns 
374436     DEBUG main            d.u.i.k.p.r.p.TestFile    ... success: reloaded. 
374437     INFO  main            d.u.i.k.p.r.p.TestFile    Now processing file /home/runner/work/key/key/key.core/../key.ui/examples/standard_key/quantifiers/triggers0.key 
374437     INFO  main            d.u.i.k.p.i.AbstractProblemLoader Loading environment from /home/runner/work/key/key/key.core/../key.ui/examples/standard_key/quantifiers/triggers0.key 
374437     DEBUG main            d.u.i.k.p.i.AbstractProblemLoader Environment load took 79.6ns 
374439     INFO  main            d.u.i.k.p.i.AbstractProblemLoader Creating init config 
377636     DEBUG main            d.u.i.k.p.i.AbstractProblemLoader Init config took 3.2s 
377652     INFO  main            d.u.i.k.p.i.AbstractProblemLoader Replaying proof triggers0.key 
377654     DEBUG main            d.u.i.k.p.i.IntermediateProofReplayer Proof replay took 8.9ns 
377757     INFO  main            d.u.i.k.p.r.p.TestFile    ... finished proof: closed. 
378289     INFO  main            d.u.i.k.p.i.AbstractProblemLoader Loading environment from /home/runner/work/key/key/key.core/../key.ui/examples/standard_key/quantifiers/triggers0.key.proof 
378289     DEBUG main            d.u.i.k.p.i.AbstractProblemLoader Environment load took 150.6ns 
378290     INFO  main            d.u.i.k.p.i.AbstractProblemLoader Creating init config 
381351     DEBUG main            d.u.i.k.p.i.AbstractProblemLoader Init config took 3.06s 
381367     INFO  main            d.u.i.k.p.i.AbstractProblemLoader Replaying proof triggers0.key.proof 
381370     DEBUG main            d.u.i.k.p.i.IntermediateProofReplayer Proof replay took 1.33ms 
381371     DEBUG main            d.u.i.k.p.r.p.TestFile    ... success: reloaded. 
5392495    INFO  Test worker     d.u.i.k.p.r.RunAllProofsTestUnit Returning from test FOL 
5392496    INFO  Test worker     d.u.i.k.p.r.RunAllProofsTestUnit Running test strings 
524        INFO  Timeout watchdog d.u.i.k.p.r.p.ForkedTestFileRunner Timeout watcher launched (2000 secs.) 
551        WARN  main            d.u.i.k.s.ProofSettings   The settings in /home/runner/.key/proof-settings.props are *not* read. 
615        INFO  main            d.u.i.k.p.r.p.TestFile    Now processing file /home/runner/work/key/key/key.core/../key.ui/examples/standard_key/strings/charAt0.key 
802        INFO  main            d.u.i.k.p.i.AbstractProblemLoader Loading environment from /home/runner/work/key/key/key.core/../key.ui/examples/standard_key/strings/charAt0.key 
831        DEBUG main            d.u.i.k.p.i.AbstractProblemLoader Environment load took 3.07ms 
1164       INFO  main            d.u.i.k.p.i.AbstractProblemLoader Creating init config 
2587       DEBUG main            d.u.i.k.j.TypeConverter   No LDT found for Meta 
2588       DEBUG main            d.u.i.k.j.TypeConverter   No LDT found for Meta 
2590       DEBUG main            d.u.i.k.j.TypeConverter   No LDT found for Meta 
2591       DEBUG main            d.u.i.k.j.TypeConverter   No LDT found for Meta 
4430       DEBUG main            d.u.i.k.j.TypeConverter   No LDT found for JavaBigintExpression 
11442      DEBUG main            d.u.i.k.p.i.AbstractProblemLoader Init config took 10.28s 
11570      INFO  main            d.u.i.k.p.i.AbstractProblemLoader Replaying proof charAt0.key 
11626      DEBUG main            d.u.i.k.p.i.IntermediateProofReplayer Proof replay took 41ns 
12132      INFO  main            d.u.i.k.p.r.p.TestFile    ... finished proof: closed. 
12263      INFO  main            d.u.i.k.p.i.AbstractProblemLoader Loading environment from /home/runner/work/key/key/key.core/../key.ui/examples/standard_key/strings/charAt0.key.proof 
12264      DEBUG main            d.u.i.k.p.i.AbstractProblemLoader Environment load took 762.21ns 
12269      INFO  main            d.u.i.k.p.i.AbstractProblemLoader Creating init config 
15925      DEBUG main            d.u.i.k.p.i.AbstractProblemLoader Init config took 3.66s 
15977      INFO  main            d.u.i.k.p.i.AbstractProblemLoader Replaying proof charAt0.key.proof 
16008      DEBUG main            d.u.i.k.p.i.IntermediateProofReplayer Proof replay took 21.45ms 
16023      DEBUG main            d.u.i.k.p.r.p.TestFile    ... success: reloaded. 
16025      INFO  main            d.u.i.k.p.r.p.TestFile    Now processing file /home/runner/work/key/key/key.core/../key.ui/examples/standard_key/strings/charAt1.key 
16025      INFO  main            d.u.i.k.p.i.AbstractProblemLoader Loading environment from /home/runner/work/key/key/key.core/../key.ui/examples/standard_key/strings/charAt1.key 
16025      DEBUG main            d.u.i.k.p.i.AbstractProblemLoader Environment load took 242ns 
16028      INFO  main            d.u.i.k.p.i.AbstractProblemLoader Creating init config 
19632      DEBUG main            d.u.i.k.p.i.AbstractProblemLoader Init config took 3.6s 
19669      INFO  main            d.u.i.k.p.i.AbstractProblemLoader Replaying proof charAt1.key 
19672      DEBUG main            d.u.i.k.p.i.IntermediateProofReplayer Proof replay took 7.5ns 
19980      INFO  main            d.u.i.k.p.r.p.TestFile    ... finished proof: closed. 
20170      INFO  main            d.u.i.k.p.i.AbstractProblemLoader Loading environment from /home/runner/work/key/key/key.core/../key.ui/examples/standard_key/strings/charAt1.key.proof 
20170      DEBUG main            d.u.i.k.p.i.AbstractProblemLoader Environment load took 180.8ns 
20177      INFO  main            d.u.i.k.p.i.AbstractProblemLoader Creating init config 
23643      DEBUG main            d.u.i.k.p.i.AbstractProblemLoader Init config took 3.47s 
23674      INFO  main            d.u.i.k.p.i.AbstractProblemLoader Replaying proof charAt1.key.proof 
23694      DEBUG main            d.u.i.k.p.i.IntermediateProofReplayer Proof replay took 15.49ms 
23695      DEBUG main            d.u.i.k.p.r.p.TestFile    ... success: reloaded. 
23696      INFO  main            d.u.i.k.p.r.p.TestFile    Now processing file /home/runner/work/key/key/key.core/../key.ui/examples/standard_key/strings/concat1.key 
23697      INFO  main            d.u.i.k.p.i.AbstractProblemLoader Loading environment from /home/runner/work/key/key/key.core/../key.ui/examples/standard_key/strings/concat1.key 
23697      DEBUG main            d.u.i.k.p.i.AbstractProblemLoader Environment load took 233.3ns 
23699      INFO  main            d.u.i.k.p.i.AbstractProblemLoader Creating init config 
27054      DEBUG main            d.u.i.k.p.i.AbstractProblemLoader Init config took 3.35s 
27080      INFO  main            d.u.i.k.p.i.AbstractProblemLoader Replaying proof concat1.key 
27082      DEBUG main            d.u.i.k.p.i.IntermediateProofReplayer Proof replay took 8.3ns 
27185      INFO  main            d.u.i.k.p.r.p.TestFile    ... finished proof: closed. 
27356      INFO  main            d.u.i.k.p.i.AbstractProblemLoader Loading environment from /home/runner/work/key/key/key.core/../key.ui/examples/standard_key/strings/concat1.key.proof 
27359      DEBUG main            d.u.i.k.p.i.AbstractProblemLoader Environment load took 2.8ms 
27361      INFO  main            d.u.i.k.p.i.AbstractProblemLoader Creating init config 
30748      DEBUG main            d.u.i.k.p.i.AbstractProblemLoader Init config took 3.39s 
30774      INFO  main            d.u.i.k.p.i.AbstractProblemLoader Replaying proof concat1.key.proof 
30779      DEBUG main            d.u.i.k.p.i.IntermediateProofReplayer Proof replay took 1.94ms 
30780      DEBUG main            d.u.i.k.p.r.p.TestFile    ... success: reloaded. 
30781      INFO  main            d.u.i.k.p.r.p.TestFile    Now processing file /home/runner/work/key/key/key.core/../key.ui/examples/standard_key/strings/concat2.key 
30782      INFO  main            d.u.i.k.p.i.AbstractProblemLoader Loading environment from /home/runner/work/key/key/key.core/../key.ui/examples/standard_key/strings/concat2.key 
30782      DEBUG main            d.u.i.k.p.i.AbstractProblemLoader Environment load took 260ns 
30784      INFO  main            d.u.i.k.p.i.AbstractProblemLoader Creating init config 
34082      DEBUG main            d.u.i.k.p.i.AbstractProblemLoader Init config took 3.3s 
34106      INFO  main            d.u.i.k.p.i.AbstractProblemLoader Replaying proof concat2.key 
34108      DEBUG main            d.u.i.k.p.i.IntermediateProofReplayer Proof replay took 6.9ns 
34212      INFO  main            d.u.i.k.p.r.p.TestFile    ... finished proof: closed. 
34407      INFO  main            d.u.i.k.p.i.AbstractProblemLoader Loading environment from /home/runner/work/key/key/key.core/../key.ui/examples/standard_key/strings/concat2.key.proof 
34408      DEBUG main            d.u.i.k.p.i.AbstractProblemLoader Environment load took 638ns 
34409      INFO  main            d.u.i.k.p.i.AbstractProblemLoader Creating init config 
37655      DEBUG main            d.u.i.k.p.i.AbstractProblemLoader Init config took 3.25s 
37694      INFO  main            d.u.i.k.p.i.AbstractProblemLoader Replaying proof concat2.key.proof 
37724      DEBUG main            d.u.i.k.p.i.IntermediateProofReplayer Proof replay took 22.81ms 
37726      DEBUG main            d.u.i.k.p.r.p.TestFile    ... success: reloaded. 
37728      INFO  main            d.u.i.k.p.r.p.TestFile    Now processing file /home/runner/work/key/key/key.core/../key.ui/examples/standard_key/strings/deriveLength1.key 
37728      INFO  main            d.u.i.k.p.i.AbstractProblemLoader Loading environment from /home/runner/work/key/key/key.core/../key.ui/examples/standard_key/strings/deriveLength1.key 
37728      DEBUG main            d.u.i.k.p.i.AbstractProblemLoader Environment load took 157.4ns 
37729      INFO  main            d.u.i.k.p.i.AbstractProblemLoader Creating init config 
41041      DEBUG main            d.u.i.k.p.i.AbstractProblemLoader Init config took 3.31s 
41066      INFO  main            d.u.i.k.p.i.AbstractProblemLoader Replaying proof deriveLength1.key 
41068      DEBUG main            d.u.i.k.p.i.IntermediateProofReplayer Proof replay took 6.9ns 
41272      INFO  main            d.u.i.k.p.r.p.TestFile    ... finished proof: closed. 
41559      INFO  main            d.u.i.k.p.i.AbstractProblemLoader Loading environment from /home/runner/work/key/key/key.core/../key.ui/examples/standard_key/strings/deriveLength1.key.proof 
41563      DEBUG main            d.u.i.k.p.i.AbstractProblemLoader Environment load took 4.03ms 
41565      INFO  main            d.u.i.k.p.i.AbstractProblemLoader Creating init config 
44890      DEBUG main            d.u.i.k.p.i.AbstractProblemLoader Init config took 3.33s 
44917      INFO  main            d.u.i.k.p.i.AbstractProblemLoader Replaying proof deriveLength1.key.proof 
44945      DEBUG main            d.u.i.k.p.i.IntermediateProofReplayer Proof replay took 20.17ms 
44950      DEBUG main            d.u.i.k.p.r.p.TestFile    ... success: reloaded. 
44951      INFO  main            d.u.i.k.p.r.p.TestFile    Now processing file /home/runner/work/key/key/key.core/../key.ui/examples/standard_key/strings/emptyStringLengthZero.key 
44952      INFO  main            d.u.i.k.p.i.AbstractProblemLoader Loading environment from /home/runner/work/key/key/key.core/../key.ui/examples/standard_key/strings/emptyStringLengthZero.key 
44952      DEBUG main            d.u.i.k.p.i.AbstractProblemLoader Environment load took 136.2ns 
44953      INFO  main            d.u.i.k.p.i.AbstractProblemLoader Creating init config 
48334      DEBUG main            d.u.i.k.p.i.AbstractProblemLoader Init config took 3.38s 
48362      INFO  main            d.u.i.k.p.i.AbstractProblemLoader Replaying proof emptyStringLengthZero.key 
48364      DEBUG main            d.u.i.k.p.i.IntermediateProofReplayer Proof replay took 8ns 
48472      INFO  main            d.u.i.k.p.r.p.TestFile    ... finished proof: closed. 
48772      INFO  main            d.u.i.k.p.i.AbstractProblemLoader Loading environment from /home/runner/work/key/key/key.core/../key.ui/examples/standard_key/strings/emptyStringLengthZero.key.proof 
48773      DEBUG main            d.u.i.k.p.i.AbstractProblemLoader Environment load took 733.61ns 
48775      INFO  main            d.u.i.k.p.i.AbstractProblemLoader Creating init config 
52006      DEBUG main            d.u.i.k.p.i.AbstractProblemLoader Init config took 3.23s 
52029      INFO  main            d.u.i.k.p.i.AbstractProblemLoader Replaying proof emptyStringLengthZero.key.proof 
52047      DEBUG main            d.u.i.k.p.i.IntermediateProofReplayer Proof replay took 14.84ms 
52049      DEBUG main            d.u.i.k.p.r.p.TestFile    ... success: reloaded. 
52050      INFO  main            d.u.i.k.p.r.p.TestFile    Now processing file /home/runner/work/key/key/key.core/../key.ui/examples/standard_key/strings/implicitBooleanStringConversion.key 
52051      INFO  main            d.u.i.k.p.i.AbstractProblemLoader Loading environment from /home/runner/work/key/key/key.core/../key.ui/examples/standard_key/strings/implicitBooleanStringConversion.key 
52052      DEBUG main            d.u.i.k.p.i.AbstractProblemLoader Environment load took 1.18ms 
52054      INFO  main            d.u.i.k.p.i.AbstractProblemLoader Creating init config 
55472      DEBUG main            d.u.i.k.p.i.AbstractProblemLoader Init config took 3.42s 
55501      INFO  main            d.u.i.k.p.i.AbstractProblemLoader Replaying proof implicitBooleanStringConversion.key 
55504      DEBUG main            d.u.i.k.p.i.IntermediateProofReplayer Proof replay took 9ns 
56917      INFO  main            d.u.i.k.p.r.p.TestFile    ... finished proof: closed. 
57163      INFO  main            d.u.i.k.p.i.AbstractProblemLoader Loading environment from /home/runner/work/key/key/key.core/../key.ui/examples/standard_key/strings/implicitBooleanStringConversion.key.proof 
57163      DEBUG main            d.u.i.k.p.i.AbstractProblemLoader Environment load took 455.6ns 
57165      INFO  main            d.u.i.k.p.i.AbstractProblemLoader Creating init config 
60499      DEBUG main            d.u.i.k.p.i.AbstractProblemLoader Init config took 3.33s 
60525      INFO  main            d.u.i.k.p.i.AbstractProblemLoader Replaying proof implicitBooleanStringConversion.key.proof 
60640      DEBUG main            d.u.i.k.p.i.IntermediateProofReplayer Proof replay took 106.87ms 
60642      DEBUG main            d.u.i.k.p.r.p.TestFile    ... success: reloaded. 
60643      INFO  main            d.u.i.k.p.r.p.TestFile    Now processing file /home/runner/work/key/key/key.core/../key.ui/examples/standard_key/strings/implicitBooleanStringConversion2.key 
60643      INFO  main            d.u.i.k.p.i.AbstractProblemLoader Loading environment from /home/runner/work/key/key/key.core/../key.ui/examples/standard_key/strings/implicitBooleanStringConversion2.key 
60643      DEBUG main            d.u.i.k.p.i.AbstractProblemLoader Environment load took 223.7ns 
60645      INFO  main            d.u.i.k.p.i.AbstractProblemLoader Creating init config 
63893      DEBUG main            d.u.i.k.p.i.AbstractProblemLoader Init config took 3.25s 
63916      INFO  main            d.u.i.k.p.i.AbstractProblemLoader Replaying proof implicitBooleanStringConversion2.key 
63918      DEBUG main            d.u.i.k.p.i.IntermediateProofReplayer Proof replay took 12.6ns 
64422      INFO  main            d.u.i.k.p.r.p.TestFile    ... finished proof: closed. 
64690      INFO  main            d.u.i.k.p.i.AbstractProblemLoader Loading environment from /home/runner/work/key/key/key.core/../key.ui/examples/standard_key/strings/implicitBooleanStringConversion2.key.proof 
64690      DEBUG main            d.u.i.k.p.i.AbstractProblemLoader Environment load took 511.4ns 
64692      INFO  main            d.u.i.k.p.i.AbstractProblemLoader Creating init config 
68005      DEBUG main            d.u.i.k.p.i.AbstractProblemLoader Init config took 3.31s 
68029      INFO  main            d.u.i.k.p.i.AbstractProblemLoader Replaying proof implicitBooleanStringConversion2.key.proof 
68065      DEBUG main            d.u.i.k.p.i.IntermediateProofReplayer Proof replay took 31.68ms 
68066      DEBUG main            d.u.i.k.p.r.p.TestFile    ... success: reloaded. 
68067      INFO  main            d.u.i.k.p.r.p.TestFile    Now processing file /home/runner/work/key/key/key.core/../key.ui/examples/standard_key/strings/implicitIntStringConversion.key 
68068      INFO  main            d.u.i.k.p.i.AbstractProblemLoader Loading environment from /home/runner/work/key/key/key.core/../key.ui/examples/standard_key/strings/implicitIntStringConversion.key 
68068      DEBUG main            d.u.i.k.p.i.AbstractProblemLoader Environment load took 122.8ns 
68069      INFO  main            d.u.i.k.p.i.AbstractProblemLoader Creating init config 
71311      DEBUG main            d.u.i.k.p.i.AbstractProblemLoader Init config took 3.24s 
71331      INFO  main            d.u.i.k.p.i.AbstractProblemLoader Replaying proof implicitIntStringConversion.key 
71332      DEBUG main            d.u.i.k.p.i.IntermediateProofReplayer Proof replay took 7.1ns 
72337      INFO  main            d.u.i.k.p.r.p.TestFile    ... finished proof: closed. 
72615      INFO  main            d.u.i.k.p.i.AbstractProblemLoader Loading environment from /home/runner/work/key/key/key.core/../key.ui/examples/standard_key/strings/implicitIntStringConversion.key.proof 
72616      DEBUG main            d.u.i.k.p.i.AbstractProblemLoader Environment load took 565.4ns 
72618      INFO  main            d.u.i.k.p.i.AbstractProblemLoader Creating init config 
75869      DEBUG main            d.u.i.k.p.i.AbstractProblemLoader Init config took 3.25s 
75892      INFO  main            d.u.i.k.p.i.AbstractProblemLoader Replaying proof implicitIntStringConversion.key.proof 
75961      DEBUG main            d.u.i.k.p.i.IntermediateProofReplayer Proof replay took 61.17ms 
75962      DEBUG main            d.u.i.k.p.r.p.TestFile    ... success: reloaded. 
75964      INFO  main            d.u.i.k.p.r.p.TestFile    Now processing file /home/runner/work/key/key/key.core/../key.ui/examples/standard_key/strings/implicitNullStringConversion.key 
75965      INFO  main            d.u.i.k.p.i.AbstractProblemLoader Loading environment from /home/runner/work/key/key/key.core/../key.ui/examples/standard_key/strings/implicitNullStringConversion.key 
75965      DEBUG main            d.u.i.k.p.i.AbstractProblemLoader Environment load took 252.7ns 
75967      INFO  main            d.u.i.k.p.i.AbstractProblemLoader Creating init config 
79163      DEBUG main            d.u.i.k.p.i.AbstractProblemLoader Init config took 3.2s 
79183      INFO  main            d.u.i.k.p.i.AbstractProblemLoader Replaying proof implicitNullStringConversion.key 
79186      DEBUG main            d.u.i.k.p.i.IntermediateProofReplayer Proof replay took 8ns 
79591      INFO  main            d.u.i.k.p.r.p.TestFile    ... finished proof: closed. 
79853      INFO  main            d.u.i.k.p.i.AbstractProblemLoader Loading environment from /home/runner/work/key/key/key.core/../key.ui/examples/standard_key/strings/implicitNullStringConversion.key.proof 
79854      DEBUG main            d.u.i.k.p.i.AbstractProblemLoader Environment load took 468ns 
79855      INFO  main            d.u.i.k.p.i.AbstractProblemLoader Creating init config 
82981      DEBUG main            d.u.i.k.p.i.AbstractProblemLoader Init config took 3.13s 
83015      INFO  main            d.u.i.k.p.i.AbstractProblemLoader Replaying proof implicitNullStringConversion.key.proof 
83052      DEBUG main            d.u.i.k.p.i.IntermediateProofReplayer Proof replay took 32.44ms 
83054      DEBUG main            d.u.i.k.p.r.p.TestFile    ... success: reloaded. 
83055      INFO  main            d.u.i.k.p.r.p.TestFile    Now processing file /home/runner/work/key/key/key.core/../key.ui/examples/standard_key/strings/implicitNullStringConversion2.key 
83055      INFO  main            d.u.i.k.p.i.AbstractProblemLoader Loading environment from /home/runner/work/key/key/key.core/../key.ui/examples/standard_key/strings/implicitNullStringConversion2.key 
83056      DEBUG main            d.u.i.k.p.i.AbstractProblemLoader Environment load took 227.2ns 
83057      INFO  main            d.u.i.k.p.i.AbstractProblemLoader Creating init config 
86299      DEBUG main            d.u.i.k.p.i.AbstractProblemLoader Init config took 3.24s 
86320      INFO  main            d.u.i.k.p.i.AbstractProblemLoader Replaying proof implicitNullStringConversion2.key 
86322      DEBUG main            d.u.i.k.p.i.IntermediateProofReplayer Proof replay took 8.7ns 
86625      INFO  main            d.u.i.k.p.r.p.TestFile    ... finished proof: closed. 
86880      INFO  main            d.u.i.k.p.i.AbstractProblemLoader Loading environment from /home/runner/work/key/key/key.core/../key.ui/examples/standard_key/strings/implicitNullStringConversion2.key.proof 
86881      DEBUG main            d.u.i.k.p.i.AbstractProblemLoader Environment load took 587.1ns 
86882      INFO  main            d.u.i.k.p.i.AbstractProblemLoader Creating init config 
90130      DEBUG main            d.u.i.k.p.i.AbstractProblemLoader Init config took 3.25s 
90149      INFO  main            d.u.i.k.p.i.AbstractProblemLoader Replaying proof implicitNullStringConversion2.key.proof 
90176      DEBUG main            d.u.i.k.p.i.IntermediateProofReplayer Proof replay took 23.75ms 
90183      DEBUG main            d.u.i.k.p.r.p.TestFile    ... success: reloaded. 
90184      INFO  main            d.u.i.k.p.r.p.TestFile    Now processing file /home/runner/work/key/key/key.core/../key.ui/examples/standard_key/strings/implicitObjectStringConversion.key 
90184      INFO  main            d.u.i.k.p.i.AbstractProblemLoader Loading environment from /home/runner/work/key/key/key.core/../key.ui/examples/standard_key/strings/implicitObjectStringConversion.key 
90184      DEBUG main            d.u.i.k.p.i.AbstractProblemLoader Environment load took 126.3ns 
90186      INFO  main            d.u.i.k.p.i.AbstractProblemLoader Creating init config 
93588      DEBUG main            d.u.i.k.p.i.AbstractProblemLoader Init config took 3.4s 
93608      INFO  main            d.u.i.k.p.i.AbstractProblemLoader Replaying proof implicitObjectStringConversion.key 
93610      DEBUG main            d.u.i.k.p.i.IntermediateProofReplayer Proof replay took 8.1ns 
94622      INFO  main            d.u.i.k.p.r.p.TestFile    ... finished proof: closed. 
94887      INFO  main            d.u.i.k.p.i.AbstractProblemLoader Loading environment from /home/runner/work/key/key/key.core/../key.ui/examples/standard_key/strings/implicitObjectStringConversion.key.proof 
94890      DEBUG main            d.u.i.k.p.i.AbstractProblemLoader Environment load took 2.21ms 
94891      INFO  main            d.u.i.k.p.i.AbstractProblemLoader Creating init config 
98329      DEBUG main            d.u.i.k.p.i.AbstractProblemLoader Init config took 3.44s 
98362      INFO  main            d.u.i.k.p.i.AbstractProblemLoader Replaying proof implicitObjectStringConversion.key.proof 
98445      DEBUG main            d.u.i.k.p.i.IntermediateProofReplayer Proof replay took 77.21ms 
98448      DEBUG main            d.u.i.k.p.r.p.TestFile    ... success: reloaded. 
98449      INFO  main            d.u.i.k.p.r.p.TestFile    Now processing file /home/runner/work/key/key/key.core/../key.ui/examples/standard_key/strings/literalEquality.key 
98450      INFO  main            d.u.i.k.p.i.AbstractProblemLoader Loading environment from /home/runner/work/key/key/key.core/../key.ui/examples/standard_key/strings/literalEquality.key 
98450      DEBUG main            d.u.i.k.p.i.AbstractProblemLoader Environment load took 374.1ns 
98452      INFO  main            d.u.i.k.p.i.AbstractProblemLoader Creating init config 
101692     DEBUG main            d.u.i.k.p.i.AbstractProblemLoader Init config took 3.24s 
101711     INFO  main            d.u.i.k.p.i.AbstractProblemLoader Replaying proof literalEquality.key 
101712     DEBUG main            d.u.i.k.p.i.IntermediateProofReplayer Proof replay took 8ns 
101814     INFO  main            d.u.i.k.p.r.p.TestFile    ... finished proof: closed. 
102080     INFO  main            d.u.i.k.p.i.AbstractProblemLoader Loading environment from /home/runner/work/key/key/key.core/../key.ui/examples/standard_key/strings/literalEquality.key.proof 
102081     DEBUG main            d.u.i.k.p.i.AbstractProblemLoader Environment load took 149.6ns 
102082     INFO  main            d.u.i.k.p.i.AbstractProblemLoader Creating init config 
105249     DEBUG main            d.u.i.k.p.i.AbstractProblemLoader Init config took 3.17s 
105267     INFO  main            d.u.i.k.p.i.AbstractProblemLoader Replaying proof literalEquality.key.proof 
105272     DEBUG main            d.u.i.k.p.i.IntermediateProofReplayer Proof replay took 2.53ms 
105273     DEBUG main            d.u.i.k.p.r.p.TestFile    ... success: reloaded. 
105274     INFO  main            d.u.i.k.p.r.p.TestFile    Now processing file /home/runner/work/key/key/key.core/../key.ui/examples/standard_key/strings/replace0.key 
105275     INFO  main            d.u.i.k.p.i.AbstractProblemLoader Loading environment from /home/runner/work/key/key/key.core/../key.ui/examples/standard_key/strings/replace0.key 
105275     DEBUG main            d.u.i.k.p.i.AbstractProblemLoader Environment load took 173.9ns 
105276     INFO  main            d.u.i.k.p.i.AbstractProblemLoader Creating init config 
108475     DEBUG main            d.u.i.k.p.i.AbstractProblemLoader Init config took 3.2s 
108491     INFO  main            d.u.i.k.p.i.AbstractProblemLoader Replaying proof replace0.key 
108493     DEBUG main            d.u.i.k.p.i.IntermediateProofReplayer Proof replay took 7.5ns 
108596     INFO  main            d.u.i.k.p.r.p.TestFile    ... finished proof: closed. 
108882     INFO  main            d.u.i.k.p.i.AbstractProblemLoader Loading environment from /home/runner/work/key/key/key.core/../key.ui/examples/standard_key/strings/replace0.key.proof 
108882     DEBUG main            d.u.i.k.p.i.AbstractProblemLoader Environment load took 176.3ns 
108884     INFO  main            d.u.i.k.p.i.AbstractProblemLoader Creating init config 
112021     DEBUG main            d.u.i.k.p.i.AbstractProblemLoader Init config took 3.14s 
112040     INFO  main            d.u.i.k.p.i.AbstractProblemLoader Replaying proof replace0.key.proof 
112046     DEBUG main            d.u.i.k.p.i.IntermediateProofReplayer Proof replay took 3.76ms 
112047     DEBUG main            d.u.i.k.p.r.p.TestFile    ... success: reloaded. 
112048     INFO  main            d.u.i.k.p.r.p.TestFile    Now processing file /home/runner/work/key/key/key.core/../key.ui/examples/standard_key/strings/replace1.key 
112048     INFO  main            d.u.i.k.p.i.AbstractProblemLoader Loading environment from /home/runner/work/key/key/key.core/../key.ui/examples/standard_key/strings/replace1.key 
112049     DEBUG main            d.u.i.k.p.i.AbstractProblemLoader Environment load took 203.6ns 
112050     INFO  main            d.u.i.k.p.i.AbstractProblemLoader Creating init config 
115246     DEBUG main            d.u.i.k.p.i.AbstractProblemLoader Init config took 3.2s 
115263     INFO  main            d.u.i.k.p.i.AbstractProblemLoader Replaying proof replace1.key 
115265     DEBUG main            d.u.i.k.p.i.IntermediateProofReplayer Proof replay took 7.9ns 
115368     INFO  main            d.u.i.k.p.r.p.TestFile    ... finished proof: closed. 
115660     INFO  main            d.u.i.k.p.i.AbstractProblemLoader Loading environment from /home/runner/work/key/key/key.core/../key.ui/examples/standard_key/strings/replace1.key.proof 
115660     DEBUG main            d.u.i.k.p.i.AbstractProblemLoader Environment load took 166.4ns 
115661     INFO  main            d.u.i.k.p.i.AbstractProblemLoader Creating init config 
118854     DEBUG main            d.u.i.k.p.i.AbstractProblemLoader Init config took 3.19s 
118872     INFO  main            d.u.i.k.p.i.AbstractProblemLoader Replaying proof replace1.key.proof 
118880     DEBUG main            d.u.i.k.p.i.IntermediateProofReplayer Proof replay took 6ms 
118881     DEBUG main            d.u.i.k.p.r.p.TestFile    ... success: reloaded. 
118883     INFO  main            d.u.i.k.p.r.p.TestFile    Now processing file /home/runner/work/key/key/key.core/../key.ui/examples/standard_key/strings/simpleAssignment.key 
118883     INFO  main            d.u.i.k.p.i.AbstractProblemLoader Loading environment from /home/runner/work/key/key/key.core/../key.ui/examples/standard_key/strings/simpleAssignment.key 
118883     DEBUG main            d.u.i.k.p.i.AbstractProblemLoader Environment load took 130.6ns 
118885     INFO  main            d.u.i.k.p.i.AbstractProblemLoader Creating init config 
122119     DEBUG main            d.u.i.k.p.i.AbstractProblemLoader Init config took 3.23s 
122138     INFO  main            d.u.i.k.p.i.AbstractProblemLoader Replaying proof simpleAssignment.key 
122140     DEBUG main            d.u.i.k.p.i.IntermediateProofReplayer Proof replay took 9.6ns 
122244     INFO  main            d.u.i.k.p.r.p.TestFile    ... finished proof: closed. 
122594     INFO  main            d.u.i.k.p.i.AbstractProblemLoader Loading environment from /home/runner/work/key/key/key.core/../key.ui/examples/standard_key/strings/simpleAssignment.key.proof 
122594     DEBUG main            d.u.i.k.p.i.AbstractProblemLoader Environment load took 148.2ns 
122596     INFO  main            d.u.i.k.p.i.AbstractProblemLoader Creating init config 
125631     DEBUG main            d.u.i.k.p.i.AbstractProblemLoader Init config took 3.04s 
125648     INFO  main            d.u.i.k.p.i.AbstractProblemLoader Replaying proof simpleAssignment.key.proof 
125653     DEBUG main            d.u.i.k.p.i.IntermediateProofReplayer Proof replay took 1.59ms 
125654     DEBUG main            d.u.i.k.p.r.p.TestFile    ... success: reloaded. 
125655     INFO  main            d.u.i.k.p.r.p.TestFile    Now processing file /home/runner/work/key/key/key.core/../key.ui/examples/standard_key/strings/simpleLengthComp.key 
125655     INFO  main            d.u.i.k.p.i.AbstractProblemLoader Loading environment from /home/runner/work/key/key/key.core/../key.ui/examples/standard_key/strings/simpleLengthComp.key 
125655     DEBUG main            d.u.i.k.p.i.AbstractProblemLoader Environment load took 268.6ns 
125657     INFO  main            d.u.i.k.p.i.AbstractProblemLoader Creating init config 
128977     DEBUG main            d.u.i.k.p.i.AbstractProblemLoader Init config took 3.32s 
129002     INFO  main            d.u.i.k.p.i.AbstractProblemLoader Replaying proof simpleLengthComp.key 
129008     DEBUG main            d.u.i.k.p.i.IntermediateProofReplayer Proof replay took 9.2ns 
129312     INFO  main            d.u.i.k.p.r.p.TestFile    ... finished proof: closed. 
129630     INFO  main            d.u.i.k.p.i.AbstractProblemLoader Loading environment from /home/runner/work/key/key/key.core/../key.ui/examples/standard_key/strings/simpleLengthComp.key.proof 
129630     DEBUG main            d.u.i.k.p.i.AbstractProblemLoader Environment load took 338.8ns 
129632     INFO  main            d.u.i.k.p.i.AbstractProblemLoader Creating init config 
132880     DEBUG main            d.u.i.k.p.i.AbstractProblemLoader Init config took 3.25s 
132898     INFO  main            d.u.i.k.p.i.AbstractProblemLoader Replaying proof simpleLengthComp.key.proof 
132937     DEBUG main            d.u.i.k.p.i.IntermediateProofReplayer Proof replay took 36.35ms 
132938     DEBUG main            d.u.i.k.p.r.p.TestFile    ... success: reloaded. 
132940     INFO  main            d.u.i.k.p.r.p.TestFile    Now processing file /home/runner/work/key/key/key.core/../key.ui/examples/standard_key/strings/stringCompileTimeConstant1.key 
132940     INFO  main            d.u.i.k.p.i.AbstractProblemLoader Loading environment from /home/runner/work/key/key/key.core/../key.ui/examples/standard_key/strings/stringCompileTimeConstant1.key 
132940     DEBUG main            d.u.i.k.p.i.AbstractProblemLoader Environment load took 189.9ns 
132941     INFO  main            d.u.i.k.p.i.AbstractProblemLoader Creating init config 
136172     DEBUG main            d.u.i.k.p.i.AbstractProblemLoader Init config took 3.23s 
136192     INFO  main            d.u.i.k.p.i.AbstractProblemLoader Replaying proof stringCompileTimeConstant1.key 
136194     DEBUG main            d.u.i.k.p.i.IntermediateProofReplayer Proof replay took 8.8ns 
136298     INFO  main            d.u.i.k.p.r.p.TestFile    ... finished proof: closed. 
136628     INFO  main            d.u.i.k.p.i.AbstractProblemLoader Loading environment from /home/runner/work/key/key/key.core/../key.ui/examples/standard_key/strings/stringCompileTimeConstant1.key.proof 
136629     DEBUG main            d.u.i.k.p.i.AbstractProblemLoader Environment load took 135ns 
136630     INFO  main            d.u.i.k.p.i.AbstractProblemLoader Creating init config 
139795     DEBUG main            d.u.i.k.p.i.AbstractProblemLoader Init config took 3.16s 
139813     INFO  main            d.u.i.k.p.i.AbstractProblemLoader Replaying proof stringCompileTimeConstant1.key.proof 
139820     DEBUG main            d.u.i.k.p.i.IntermediateProofReplayer Proof replay took 4.24ms 
139821     DEBUG main            d.u.i.k.p.r.p.TestFile    ... success: reloaded. 
139822     INFO  main            d.u.i.k.p.r.p.TestFile    Now processing file /home/runner/work/key/key/key.core/../key.ui/examples/standard_key/strings/stringCompileTimeConstant2.key 
139822     INFO  main            d.u.i.k.p.i.AbstractProblemLoader Loading environment from /home/runner/work/key/key/key.core/../key.ui/examples/standard_key/strings/stringCompileTimeConstant2.key 
139822     DEBUG main            d.u.i.k.p.i.AbstractProblemLoader Environment load took 126.3ns 
139823     INFO  main            d.u.i.k.p.i.AbstractProblemLoader Creating init config 
143276     DEBUG main            d.u.i.k.p.i.AbstractProblemLoader Init config took 3.45s 
143295     INFO  main            d.u.i.k.p.i.AbstractProblemLoader Replaying proof stringCompileTimeConstant2.key 
143297     DEBUG main            d.u.i.k.p.i.IntermediateProofReplayer Proof replay took 8.2ns 
147240     INFO  main            d.u.i.k.p.r.p.TestFile    ... finished proof: closed. 
147600     INFO  main            d.u.i.k.p.i.AbstractProblemLoader Loading environment from /home/runner/work/key/key/key.core/../key.ui/examples/standard_key/strings/stringCompileTimeConstant2.key.proof 
147602     DEBUG main            d.u.i.k.p.i.AbstractProblemLoader Environment load took 1.77ms 
147604     INFO  main            d.u.i.k.p.i.AbstractProblemLoader Creating init config 
150962     DEBUG main            d.u.i.k.p.i.AbstractProblemLoader Init config took 3.36s 
150982     INFO  main            d.u.i.k.p.i.AbstractProblemLoader Replaying proof stringCompileTimeConstant2.key.proof 
151361     DEBUG main            d.u.i.k.p.i.IntermediateProofReplayer Proof replay took 360.59ms 
151363     DEBUG main            d.u.i.k.p.r.p.TestFile    ... success: reloaded. 
151364     INFO  main            d.u.i.k.p.r.p.TestFile    Now processing file /home/runner/work/key/key/key.core/../key.ui/examples/standard_key/strings/stringEquality1.key 
151365     INFO  main            d.u.i.k.p.i.AbstractProblemLoader Loading environment from /home/runner/work/key/key/key.core/../key.ui/examples/standard_key/strings/stringEquality1.key 
151365     DEBUG main            d.u.i.k.p.i.AbstractProblemLoader Environment load took 227ns 
151367     INFO  main            d.u.i.k.p.i.AbstractProblemLoader Creating init config 
154574     DEBUG main            d.u.i.k.p.i.AbstractProblemLoader Init config took 3.21s 
154590     INFO  main            d.u.i.k.p.i.AbstractProblemLoader Replaying proof stringEquality1.key 
154592     DEBUG main            d.u.i.k.p.i.IntermediateProofReplayer Proof replay took 24.4ns 
154694     INFO  main            d.u.i.k.p.r.p.TestFile    ... finished proof: closed. 
155068     INFO  main            d.u.i.k.p.i.AbstractProblemLoader Loading environment from /home/runner/work/key/key/key.core/../key.ui/examples/standard_key/strings/stringEquality1.key.proof 
155068     DEBUG main            d.u.i.k.p.i.AbstractProblemLoader Environment load took 129.8ns 
155070     INFO  main            d.u.i.k.p.i.AbstractProblemLoader Creating init config 
158194     DEBUG main            d.u.i.k.p.i.AbstractProblemLoader Init config took 3.12s 
158211     INFO  main            d.u.i.k.p.i.AbstractProblemLoader Replaying proof stringEquality1.key.proof 
158221     DEBUG main            d.u.i.k.p.i.IntermediateProofReplayer Proof replay took 5.96ms 
158222     DEBUG main            d.u.i.k.p.r.p.TestFile    ... success: reloaded. 
158223     INFO  main            d.u.i.k.p.r.p.TestFile    Now processing file /home/runner/work/key/key/key.core/../key.ui/examples/standard_key/strings/stringEquality2.key 
158223     INFO  main            d.u.i.k.p.i.AbstractProblemLoader Loading environment from /home/runner/work/key/key/key.core/../key.ui/examples/standard_key/strings/stringEquality2.key 
158224     DEBUG main            d.u.i.k.p.i.AbstractProblemLoader Environment load took 229.8ns 
158225     INFO  main            d.u.i.k.p.i.AbstractProblemLoader Creating init config 
161528     DEBUG main            d.u.i.k.p.i.AbstractProblemLoader Init config took 3.3s 
161547     INFO  main            d.u.i.k.p.i.AbstractProblemLoader Replaying proof stringEquality2.key 
161548     DEBUG main            d.u.i.k.p.i.IntermediateProofReplayer Proof replay took 8.4ns 
162153     INFO  main            d.u.i.k.p.r.p.TestFile    ... finished proof: closed. 
162532     INFO  main            d.u.i.k.p.i.AbstractProblemLoader Loading environment from /home/runner/work/key/key/key.core/../key.ui/examples/standard_key/strings/stringEquality2.key.proof 
162533     DEBUG main            d.u.i.k.p.i.AbstractProblemLoader Environment load took 603.5ns 
162535     INFO  main            d.u.i.k.p.i.AbstractProblemLoader Creating init config 
165852     DEBUG main            d.u.i.k.p.i.AbstractProblemLoader Init config took 3.32s 
165868     INFO  main            d.u.i.k.p.i.AbstractProblemLoader Replaying proof stringEquality2.key.proof 
165909     DEBUG main            d.u.i.k.p.i.IntermediateProofReplayer Proof replay took 34.77ms 
165911     DEBUG main            d.u.i.k.p.r.p.TestFile    ... success: reloaded. 
165912     INFO  main            d.u.i.k.p.r.p.TestFile    Now processing file /home/runner/work/key/key/key.core/../key.ui/examples/standard_key/strings/substring0.key 
165912     INFO  main            d.u.i.k.p.i.AbstractProblemLoader Loading environment from /home/runner/work/key/key/key.core/../key.ui/examples/standard_key/strings/substring0.key 
165912     DEBUG main            d.u.i.k.p.i.AbstractProblemLoader Environment load took 120.1ns 
165913     INFO  main            d.u.i.k.p.i.AbstractProblemLoader Creating init config 
169148     DEBUG main            d.u.i.k.p.i.AbstractProblemLoader Init config took 3.23s 
169166     INFO  main            d.u.i.k.p.i.AbstractProblemLoader Replaying proof substring0.key 
169170     DEBUG main            d.u.i.k.p.i.IntermediateProofReplayer Proof replay took 10.1ns 
169274     INFO  main            d.u.i.k.p.r.p.TestFile    ... finished proof: closed. 
169626     INFO  main            d.u.i.k.p.i.AbstractProblemLoader Loading environment from /home/runner/work/key/key/key.core/../key.ui/examples/standard_key/strings/substring0.key.proof 
169627     DEBUG main            d.u.i.k.p.i.AbstractProblemLoader Environment load took 123.5ns 
169628     INFO  main            d.u.i.k.p.i.AbstractProblemLoader Creating init config 
172746     DEBUG main            d.u.i.k.p.i.AbstractProblemLoader Init config took 3.12s 
172764     INFO  main            d.u.i.k.p.i.AbstractProblemLoader Replaying proof substring0.key.proof 
172766     DEBUG main            d.u.i.k.p.i.IntermediateProofReplayer Proof replay took 555.4ns 
172768     DEBUG main            d.u.i.k.p.r.p.TestFile    ... success: reloaded. 
172768     INFO  main            d.u.i.k.p.r.p.TestFile    Now processing file /home/runner/work/key/key/key.core/../key.ui/examples/standard_key/strings/substring1.key 
172769     INFO  main            d.u.i.k.p.i.AbstractProblemLoader Loading environment from /home/runner/work/key/key/key.core/../key.ui/examples/standard_key/strings/substring1.key 
172769     DEBUG main            d.u.i.k.p.i.AbstractProblemLoader Environment load took 131.2ns 
172770     INFO  main            d.u.i.k.p.i.AbstractProblemLoader Creating init config 
175958     DEBUG main            d.u.i.k.p.i.AbstractProblemLoader Init config took 3.19s 
175975     INFO  main            d.u.i.k.p.i.AbstractProblemLoader Replaying proof substring1.key 
175976     DEBUG main            d.u.i.k.p.i.IntermediateProofReplayer Proof replay took 21.1ns 
176078     INFO  main            d.u.i.k.p.r.p.TestFile    ... finished proof: closed. 
176426     INFO  main            d.u.i.k.p.i.AbstractProblemLoader Loading environment from /home/runner/work/key/key/key.core/../key.ui/examples/standard_key/strings/substring1.key.proof 
176426     DEBUG main            d.u.i.k.p.i.AbstractProblemLoader Environment load took 119.8ns 
176427     INFO  main            d.u.i.k.p.i.AbstractProblemLoader Creating init config 
179507     DEBUG main            d.u.i.k.p.i.AbstractProblemLoader Init config took 3.08s 
179523     INFO  main            d.u.i.k.p.i.AbstractProblemLoader Replaying proof substring1.key.proof 
179526     DEBUG main            d.u.i.k.p.i.IntermediateProofReplayer Proof replay took 566.1ns 
179526     DEBUG main            d.u.i.k.p.r.p.TestFile    ... success: reloaded. 
179527     INFO  main            d.u.i.k.p.r.p.TestFile    Now processing file /home/runner/work/key/key/key.core/../key.ui/examples/standard_key/strings/substring2.key 
179527     INFO  main            d.u.i.k.p.i.AbstractProblemLoader Loading environment from /home/runner/work/key/key/key.core/../key.ui/examples/standard_key/strings/substring2.key 
179527     DEBUG main            d.u.i.k.p.i.AbstractProblemLoader Environment load took 100.1ns 
179528     INFO  main            d.u.i.k.p.i.AbstractProblemLoader Creating init config 
182634     DEBUG main            d.u.i.k.p.i.AbstractProblemLoader Init config took 3.11s 
182677     INFO  main            d.u.i.k.p.i.AbstractProblemLoader Replaying proof substring2.key 
182678     DEBUG main            d.u.i.k.p.i.IntermediateProofReplayer Proof replay took 9ns 
182782     INFO  main            d.u.i.k.p.r.p.TestFile    ... finished proof: closed. 
183123     INFO  main            d.u.i.k.p.i.AbstractProblemLoader Loading environment from /home/runner/work/key/key/key.core/../key.ui/examples/standard_key/strings/substring2.key.proof 
183123     DEBUG main            d.u.i.k.p.i.AbstractProblemLoader Environment load took 157.8ns 
183124     INFO  main            d.u.i.k.p.i.AbstractProblemLoader Creating init config 
186147     DEBUG main            d.u.i.k.p.i.AbstractProblemLoader Init config took 3.02s 
186164     INFO  main            d.u.i.k.p.i.AbstractProblemLoader Replaying proof substring2.key.proof 
186167     DEBUG main            d.u.i.k.p.i.IntermediateProofReplayer Proof replay took 1.06ms 
186168     DEBUG main            d.u.i.k.p.r.p.TestFile    ... success: reloaded. 
186169     INFO  main            d.u.i.k.p.r.p.TestFile    Now processing file /home/runner/work/key/key/key.core/../key.ui/examples/standard_key/strings/substring3.key 
186170     INFO  main            d.u.i.k.p.i.AbstractProblemLoader Loading environment from /home/runner/work/key/key/key.core/../key.ui/examples/standard_key/strings/substring3.key 
186170     DEBUG main            d.u.i.k.p.i.AbstractProblemLoader Environment load took 226.2ns 
186171     INFO  main            d.u.i.k.p.i.AbstractProblemLoader Creating init config 
189408     DEBUG main            d.u.i.k.p.i.AbstractProblemLoader Init config took 3.24s 
189424     INFO  main            d.u.i.k.p.i.AbstractProblemLoader Replaying proof substring3.key 
189425     DEBUG main            d.u.i.k.p.i.IntermediateProofReplayer Proof replay took 9.1ns 
189533     INFO  main            d.u.i.k.p.r.p.TestFile    ... finished proof: closed. 
189914     INFO  main            d.u.i.k.p.i.AbstractProblemLoader Loading environment from /home/runner/work/key/key/key.core/../key.ui/examples/standard_key/strings/substring3.key.proof 
189914     DEBUG main            d.u.i.k.p.i.AbstractProblemLoader Environment load took 125.2ns 
189916     INFO  main            d.u.i.k.p.i.AbstractProblemLoader Creating init config 
193123     DEBUG main            d.u.i.k.p.i.AbstractProblemLoader Init config took 3.21s 
193140     INFO  main            d.u.i.k.p.i.AbstractProblemLoader Replaying proof substring3.key.proof 
193146     DEBUG main            d.u.i.k.p.i.IntermediateProofReplayer Proof replay took 3.43ms 
193147     DEBUG main            d.u.i.k.p.r.p.TestFile    ... success: reloaded. 
193152     INFO  main            d.u.i.k.p.r.p.TestFile    Now processing file /home/runner/work/key/key/key.core/../key.ui/examples/standard_key/strings/substring4.key 
193153     INFO  main            d.u.i.k.p.i.AbstractProblemLoader Loading environment from /home/runner/work/key/key/key.core/../key.ui/examples/standard_key/strings/substring4.key 
193155     DEBUG main            d.u.i.k.p.i.AbstractProblemLoader Environment load took 2.54ms 
193158     INFO  main            d.u.i.k.p.i.AbstractProblemLoader Creating init config 
196317     DEBUG main            d.u.i.k.p.i.AbstractProblemLoader Init config took 3.16s 
196333     INFO  main            d.u.i.k.p.i.AbstractProblemLoader Replaying proof substring4.key 
196335     DEBUG main            d.u.i.k.p.i.IntermediateProofReplayer Proof replay took 7.6ns 
196437     INFO  main            d.u.i.k.p.r.p.TestFile    ... finished proof: closed. 
196817     INFO  main            d.u.i.k.p.i.AbstractProblemLoader Loading environment from /home/runner/work/key/key/key.core/../key.ui/examples/standard_key/strings/substring4.key.proof 
196817     DEBUG main            d.u.i.k.p.i.AbstractProblemLoader Environment load took 115.4ns 
196819     INFO  main            d.u.i.k.p.i.AbstractProblemLoader Creating init config 
199983     DEBUG main            d.u.i.k.p.i.AbstractProblemLoader Init config took 3.16s 
199999     INFO  main            d.u.i.k.p.i.AbstractProblemLoader Replaying proof substring4.key.proof 
200005     DEBUG main            d.u.i.k.p.i.IntermediateProofReplayer Proof replay took 3.14ms 
200006     DEBUG main            d.u.i.k.p.r.p.TestFile    ... success: reloaded. 
200006     INFO  main            d.u.i.k.p.r.p.TestFile    Now processing file /home/runner/work/key/key/key.core/../key.ui/examples/standard_key/strings/substring5.key 
200007     INFO  main            d.u.i.k.p.i.AbstractProblemLoader Loading environment from /home/runner/work/key/key/key.core/../key.ui/examples/standard_key/strings/substring5.key 
200007     DEBUG main            d.u.i.k.p.i.AbstractProblemLoader Environment load took 108.2ns 
200008     INFO  main            d.u.i.k.p.i.AbstractProblemLoader Creating init config 
203197     DEBUG main            d.u.i.k.p.i.AbstractProblemLoader Init config took 3.19s 
203218     INFO  main            d.u.i.k.p.i.AbstractProblemLoader Replaying proof substring5.key 
203221     DEBUG main            d.u.i.k.p.i.IntermediateProofReplayer Proof replay took 9.1ns 
203625     INFO  main            d.u.i.k.p.r.p.TestFile    ... finished proof: closed. 
204010     INFO  main            d.u.i.k.p.i.AbstractProblemLoader Loading environment from /home/runner/work/key/key/key.core/../key.ui/examples/standard_key/strings/substring5.key.proof 
204010     DEBUG main            d.u.i.k.p.i.AbstractProblemLoader Environment load took 504.9ns 
204012     INFO  main            d.u.i.k.p.i.AbstractProblemLoader Creating init config 
207079     DEBUG main            d.u.i.k.p.i.AbstractProblemLoader Init config took 3.07s 
207098     INFO  main            d.u.i.k.p.i.AbstractProblemLoader Replaying proof substring5.key.proof 
207123     DEBUG main            d.u.i.k.p.i.IntermediateProofReplayer Proof replay took 20.51ms 
207124     DEBUG main            d.u.i.k.p.r.p.TestFile    ... success: reloaded. 
5599890    INFO  Test worker     d.u.i.k.p.r.RunAllProofsTestUnit Returning from test strings 
5599891    INFO  Test worker     d.u.i.k.p.r.RunAllProofsTestUnit Running test simple_info_flow 
501        INFO  Timeout watchdog d.u.i.k.p.r.p.ForkedTestFileRunner Timeout watcher launched (2000 secs.) 
522        WARN  main            d.u.i.k.s.ProofSettings   The settings in /home/runner/.key/proof-settings.props are *not* read. 
573        INFO  main            d.u.i.k.p.r.p.TestFile    Now processing file /home/runner/work/key/key/key.core/../key.ui/examples/heap/information_flow/UpdateAbstraction_ex7_1_insecure.key 
760        INFO  main            d.u.i.k.p.i.AbstractProblemLoader Loading environment from /home/runner/work/key/key/key.core/../key.ui/examples/heap/information_flow/UpdateAbstraction_ex7_1_insecure.key 
785        DEBUG main            d.u.i.k.p.i.AbstractProblemLoader Environment load took 2.97ms 
1080       INFO  main            d.u.i.k.p.i.AbstractProblemLoader Creating init config 
2667       DEBUG main            d.u.i.k.j.TypeConverter   No LDT found for Meta 
2667       DEBUG main            d.u.i.k.j.TypeConverter   No LDT found for Meta 
2672       DEBUG main            d.u.i.k.j.TypeConverter   No LDT found for Meta 
2672       DEBUG main            d.u.i.k.j.TypeConverter   No LDT found for Meta 
5104       DEBUG main            d.u.i.k.j.TypeConverter   No LDT found for JavaBigintExpression 
12302      DEBUG main            d.u.i.k.p.i.AbstractProblemLoader Init config took 11.22s 
12567      INFO  main            d.u.i.k.p.i.AbstractProblemLoader Replaying proof UpdateAbstraction[UpdateAbstraction::ex7_1_insecure()].JML operation contract.0 
12684      DEBUG main            d.u.i.k.p.i.IntermediateProofReplayer Proof replay took 47.7ns 
13655      INFO  main            d.u.i.k.p.r.p.TestFile    ... finished proof: open goal(s) 
13798      INFO  main            d.u.i.k.p.r.p.TestFile    Now processing file /home/runner/work/key/key/key.core/../key.ui/examples/heap/information_flow/UpdateAbstraction_ex7_2_insecure.key 
13799      INFO  main            d.u.i.k.p.i.AbstractProblemLoader Loading environment from /home/runner/work/key/key/key.core/../key.ui/examples/heap/information_flow/UpdateAbstraction_ex7_2_insecure.key 
13799      DEBUG main            d.u.i.k.p.i.AbstractProblemLoader Environment load took 252.3ns 
13802      INFO  main            d.u.i.k.p.i.AbstractProblemLoader Creating init config 
17939      DEBUG main            d.u.i.k.p.i.AbstractProblemLoader Init config took 4.14s 
18048      INFO  main            d.u.i.k.p.i.AbstractProblemLoader Replaying proof UpdateAbstraction[UpdateAbstraction::ex7_2_insecure()].JML operation contract.0 
18051      DEBUG main            d.u.i.k.p.i.IntermediateProofReplayer Proof replay took 8.3ns 
18463      INFO  main            d.u.i.k.p.r.p.TestFile    ... finished proof: open goal(s) 
5618749    INFO  Test worker     d.u.i.k.p.r.RunAllProofsTestUnit Returning from test simple_info_flow 
5618750    INFO  Test worker     d.u.i.k.p.r.RunAllProofsTestUnit Running test modelMethods 
510        INFO  Timeout watchdog d.u.i.k.p.r.p.ForkedTestFileRunner Timeout watcher launched (2000 secs.) 
542        WARN  main            d.u.i.k.s.ProofSettings   The settings in /home/runner/.key/proof-settings.props are *not* read. 
604        INFO  main            d.u.i.k.p.r.p.TestFile    Now processing file /home/runner/work/key/key/key.core/../key.ui/examples/heap/model_methods/Cell_footprint_acc.key 
773        INFO  main            d.u.i.k.p.i.AbstractProblemLoader Loading environment from /home/runner/work/key/key/key.core/../key.ui/examples/heap/model_methods/Cell_footprint_acc.key 
795        DEBUG main            d.u.i.k.p.i.AbstractProblemLoader Environment load took 2.72ms 
1106       INFO  main            d.u.i.k.p.i.AbstractProblemLoader Creating init config 
2534       DEBUG main            d.u.i.k.j.TypeConverter   No LDT found for Meta 
2535       DEBUG main            d.u.i.k.j.TypeConverter   No LDT found for Meta 
2540       DEBUG main            d.u.i.k.j.TypeConverter   No LDT found for Meta 
2541       DEBUG main            d.u.i.k.j.TypeConverter   No LDT found for Meta 
4278       DEBUG main            d.u.i.k.j.TypeConverter   No LDT found for JavaBigintExpression 
11264      DEBUG main            d.u.i.k.p.i.AbstractProblemLoader Init config took 10.16s 
11532      INFO  main            d.u.i.k.p.i.AbstractProblemLoader Replaying proof Cell[Cell::footprint()].JML accessible clause.0 
11606      DEBUG main            d.u.i.k.p.i.IntermediateProofReplayer Proof replay took 41.1ns 
12211      INFO  main            d.u.i.k.p.r.p.TestFile    ... finished proof: closed. 
12359      INFO  main            d.u.i.k.p.i.AbstractProblemLoader Loading environment from /home/runner/work/key/key/key.core/../key.ui/examples/heap/model_methods/Cell_footprint_acc.key.proof 
12359      DEBUG main            d.u.i.k.p.i.AbstractProblemLoader Environment load took 589.3ns 
12362      INFO  main            d.u.i.k.p.i.AbstractProblemLoader Creating init config 
16307      DEBUG main            d.u.i.k.p.i.AbstractProblemLoader Init config took 3.95s 
16406      INFO  main            d.u.i.k.p.i.AbstractProblemLoader Replaying proof Cell[Cell::footprint()].JML accessible clause.0 
16434      DEBUG main            d.u.i.k.p.i.IntermediateProofReplayer Proof replay took 21.77ms 
16444      DEBUG main            d.u.i.k.p.r.p.TestFile    ... success: reloaded. 
16446      INFO  main            d.u.i.k.p.r.p.TestFile    Now processing file /home/runner/work/key/key/key.core/../key.ui/examples/heap/model_methods/Cell_footprint.key 
16447      INFO  main            d.u.i.k.p.i.AbstractProblemLoader Loading environment from /home/runner/work/key/key/key.core/../key.ui/examples/heap/model_methods/Cell_footprint.key 
16447      DEBUG main            d.u.i.k.p.i.AbstractProblemLoader Environment load took 249.2ns 
16449      INFO  main            d.u.i.k.p.i.AbstractProblemLoader Creating init config 
20281      DEBUG main            d.u.i.k.p.i.AbstractProblemLoader Init config took 3.83s 
20407      INFO  main            d.u.i.k.p.i.AbstractProblemLoader Replaying proof Cell[Cell::footprint()].JML model_behavior operation contract.0 
20413      DEBUG main            d.u.i.k.p.i.IntermediateProofReplayer Proof replay took 8.8ns 
20517      INFO  main            d.u.i.k.p.r.p.TestFile    ... finished proof: closed. 
20700      INFO  main            d.u.i.k.p.i.AbstractProblemLoader Loading environment from /home/runner/work/key/key/key.core/../key.ui/examples/heap/model_methods/Cell_footprint.key.proof 
20701      DEBUG main            d.u.i.k.p.i.AbstractProblemLoader Environment load took 1.29ms 
20704      INFO  main            d.u.i.k.p.i.AbstractProblemLoader Creating init config 
24459      DEBUG main            d.u.i.k.p.i.AbstractProblemLoader Init config took 3.75s 
24538      INFO  main            d.u.i.k.p.i.AbstractProblemLoader Replaying proof Cell[Cell::footprint()].JML model_behavior operation contract.0 
24553      DEBUG main            d.u.i.k.p.i.IntermediateProofReplayer Proof replay took 11.37ms 
24555      DEBUG main            d.u.i.k.p.r.p.TestFile    ... success: reloaded. 
24557      INFO  main            d.u.i.k.p.r.p.TestFile    Now processing file /home/runner/work/key/key/key.core/../key.ui/examples/heap/model_methods/Cell_get_acc.key 
24558      INFO  main            d.u.i.k.p.i.AbstractProblemLoader Loading environment from /home/runner/work/key/key/key.core/../key.ui/examples/heap/model_methods/Cell_get_acc.key 
24558      DEBUG main            d.u.i.k.p.i.AbstractProblemLoader Environment load took 381.9ns 
24560      INFO  main            d.u.i.k.p.i.AbstractProblemLoader Creating init config 
28366      DEBUG main            d.u.i.k.p.i.AbstractProblemLoader Init config took 3.81s 
28451      INFO  main            d.u.i.k.p.i.AbstractProblemLoader Replaying proof Cell[Cell::get()].JML accessible clause.0 
28454      DEBUG main            d.u.i.k.p.i.IntermediateProofReplayer Proof replay took 8.1ns 
28766      INFO  main            d.u.i.k.p.r.p.TestFile    ... finished proof: closed. 
28964      INFO  main            d.u.i.k.p.i.AbstractProblemLoader Loading environment from /home/runner/work/key/key/key.core/../key.ui/examples/heap/model_methods/Cell_get_acc.key.proof 
28967      DEBUG main            d.u.i.k.p.i.AbstractProblemLoader Environment load took 3.35ms 
28969      INFO  main            d.u.i.k.p.i.AbstractProblemLoader Creating init config 
32605      DEBUG main            d.u.i.k.p.i.AbstractProblemLoader Init config took 3.64s 
32673      INFO  main            d.u.i.k.p.i.AbstractProblemLoader Replaying proof Cell[Cell::get()].JML accessible clause.0 
32725      DEBUG main            d.u.i.k.p.i.IntermediateProofReplayer Proof replay took 47.78ms 
32727      DEBUG main            d.u.i.k.p.r.p.TestFile    ... success: reloaded. 
32729      INFO  main            d.u.i.k.p.r.p.TestFile    Now processing file /home/runner/work/key/key/key.core/../key.ui/examples/heap/model_methods/Cell_get.key 
32729      INFO  main            d.u.i.k.p.i.AbstractProblemLoader Loading environment from /home/runner/work/key/key/key.core/../key.ui/examples/heap/model_methods/Cell_get.key 
32729      DEBUG main            d.u.i.k.p.i.AbstractProblemLoader Environment load took 244.3ns 
32731      INFO  main            d.u.i.k.p.i.AbstractProblemLoader Creating init config 
36437      DEBUG main            d.u.i.k.p.i.AbstractProblemLoader Init config took 3.71s 
36516      INFO  main            d.u.i.k.p.i.AbstractProblemLoader Replaying proof Cell[Cell::get()].JML operation contract.0 
36524      DEBUG main            d.u.i.k.p.i.IntermediateProofReplayer Proof replay took 10.8ns 
36629      INFO  main            d.u.i.k.p.r.p.TestFile    ... finished proof: closed. 
36838      INFO  main            d.u.i.k.p.i.AbstractProblemLoader Loading environment from /home/runner/work/key/key/key.core/../key.ui/examples/heap/model_methods/Cell_get.key.proof 
36838      DEBUG main            d.u.i.k.p.i.AbstractProblemLoader Environment load took 143.1ns 
36841      INFO  main            d.u.i.k.p.i.AbstractProblemLoader Creating init config 
40406      DEBUG main            d.u.i.k.p.i.AbstractProblemLoader Init config took 3.56s 
40482      INFO  main            d.u.i.k.p.i.AbstractProblemLoader Replaying proof Cell[Cell::get()].JML operation contract.0 
40514      DEBUG main            d.u.i.k.p.i.IntermediateProofReplayer Proof replay took 27.92ms 
40516      DEBUG main            d.u.i.k.p.r.p.TestFile    ... success: reloaded. 
40518      INFO  main            d.u.i.k.p.r.p.TestFile    Now processing file /home/runner/work/key/key/key.core/../key.ui/examples/heap/model_methods/Cell_post_set.key 
40518      INFO  main            d.u.i.k.p.i.AbstractProblemLoader Loading environment from /home/runner/work/key/key/key.core/../key.ui/examples/heap/model_methods/Cell_post_set.key 
40518      DEBUG main            d.u.i.k.p.i.AbstractProblemLoader Environment load took 261.2ns 
40520      INFO  main            d.u.i.k.p.i.AbstractProblemLoader Creating init config 
44021      DEBUG main            d.u.i.k.p.i.AbstractProblemLoader Init config took 3.5s 
44092      INFO  main            d.u.i.k.p.i.AbstractProblemLoader Replaying proof Cell[Cell::post_set(int)].JML model_behavior operation contract.0 
44095      DEBUG main            d.u.i.k.p.i.IntermediateProofReplayer Proof replay took 9.3ns 
44197      INFO  main            d.u.i.k.p.r.p.TestFile    ... finished proof: closed. 
44411      INFO  main            d.u.i.k.p.i.AbstractProblemLoader Loading environment from /home/runner/work/key/key/key.core/../key.ui/examples/heap/model_methods/Cell_post_set.key.proof 
44411      DEBUG main            d.u.i.k.p.i.AbstractProblemLoader Environment load took 160.7ns 
44413      INFO  main            d.u.i.k.p.i.AbstractProblemLoader Creating init config 
47860      DEBUG main            d.u.i.k.p.i.AbstractProblemLoader Init config took 3.45s 
47928      INFO  main            d.u.i.k.p.i.AbstractProblemLoader Replaying proof Cell[Cell::post_set(int)].JML model_behavior operation contract.0 
47938      DEBUG main            d.u.i.k.p.i.IntermediateProofReplayer Proof replay took 8.24ms 
47940      DEBUG main            d.u.i.k.p.r.p.TestFile    ... success: reloaded. 
47941      INFO  main            d.u.i.k.p.r.p.TestFile    Now processing file /home/runner/work/key/key/key.core/../key.ui/examples/heap/model_methods/Cell_set.key 
47942      INFO  main            d.u.i.k.p.i.AbstractProblemLoader Loading environment from /home/runner/work/key/key/key.core/../key.ui/examples/heap/model_methods/Cell_set.key 
47942      DEBUG main            d.u.i.k.p.i.AbstractProblemLoader Environment load took 290.9ns 
47943      INFO  main            d.u.i.k.p.i.AbstractProblemLoader Creating init config 
51487      DEBUG main            d.u.i.k.p.i.AbstractProblemLoader Init config took 3.54s 
51553      INFO  main            d.u.i.k.p.i.AbstractProblemLoader Replaying proof Cell[Cell::set(int)].JML operation contract.0 
51555      DEBUG main            d.u.i.k.p.i.IntermediateProofReplayer Proof replay took 22.1ns 
62033      INFO  main            d.u.i.k.p.r.p.TestFile    ... finished proof: closed. 
62320      INFO  main            d.u.i.k.p.i.AbstractProblemLoader Loading environment from /home/runner/work/key/key/key.core/../key.ui/examples/heap/model_methods/Cell_set.key.proof 
62321      DEBUG main            d.u.i.k.p.i.AbstractProblemLoader Environment load took 468.7ns 
62322      INFO  main            d.u.i.k.p.i.AbstractProblemLoader Creating init config 
65917      DEBUG main            d.u.i.k.p.i.AbstractProblemLoader Init config took 3.59s 
65982      INFO  main            d.u.i.k.p.i.AbstractProblemLoader Replaying proof Cell[Cell::set(int)].JML operation contract.0 
66666      DEBUG main            d.u.i.k.p.i.IntermediateProofReplayer Proof replay took 661.49ms 
66668      DEBUG main            d.u.i.k.p.r.p.TestFile    ... success: reloaded. 
66669      INFO  main            d.u.i.k.p.r.p.TestFile    Now processing file /home/runner/work/key/key/key.core/../key.ui/examples/heap/model_methods/CellTest_callSet.key 
66670      INFO  main            d.u.i.k.p.i.AbstractProblemLoader Loading environment from /home/runner/work/key/key/key.core/../key.ui/examples/heap/model_methods/CellTest_callSet.key 
66670      DEBUG main            d.u.i.k.p.i.AbstractProblemLoader Environment load took 252ns 
66672      INFO  main            d.u.i.k.p.i.AbstractProblemLoader Creating init config 
70164      DEBUG main            d.u.i.k.p.i.AbstractProblemLoader Init config took 3.49s 
70225      INFO  main            d.u.i.k.p.i.AbstractProblemLoader Replaying proof CellTest[CellTest::callSet(Cell,int)].JML operation contract.0 
70227      DEBUG main            d.u.i.k.p.i.IntermediateProofReplayer Proof replay took 10.5ns 
70533      INFO  main            d.u.i.k.p.r.p.TestFile    ... finished proof: closed. 
70807      INFO  main            d.u.i.k.p.i.AbstractProblemLoader Loading environment from /home/runner/work/key/key/key.core/../key.ui/examples/heap/model_methods/CellTest_callSet.key.proof 
70808      DEBUG main            d.u.i.k.p.i.AbstractProblemLoader Environment load took 687.5ns 
70810      INFO  main            d.u.i.k.p.i.AbstractProblemLoader Creating init config 
74241      DEBUG main            d.u.i.k.p.i.AbstractProblemLoader Init config took 3.43s 
74313      INFO  main            d.u.i.k.p.i.AbstractProblemLoader Replaying proof CellTest[CellTest::callSet(Cell,int)].JML operation contract.0 
74374      DEBUG main            d.u.i.k.p.i.IntermediateProofReplayer Proof replay took 57.17ms 
74375      DEBUG main            d.u.i.k.p.r.p.TestFile    ... success: reloaded. 
74377      INFO  main            d.u.i.k.p.r.p.TestFile    Now processing file /home/runner/work/key/key/key.core/../key.ui/examples/heap/model_methods/CellTest_test2.key 
74377      INFO  main            d.u.i.k.p.i.AbstractProblemLoader Loading environment from /home/runner/work/key/key/key.core/../key.ui/examples/heap/model_methods/CellTest_test2.key 
74377      DEBUG main            d.u.i.k.p.i.AbstractProblemLoader Environment load took 166.4ns 
74378      INFO  main            d.u.i.k.p.i.AbstractProblemLoader Creating init config 
77836      DEBUG main            d.u.i.k.p.i.AbstractProblemLoader Init config took 3.46s 
77900      INFO  main            d.u.i.k.p.i.AbstractProblemLoader Replaying proof CellTest[CellTest::test2(Cell)].JML operation contract.0 
77902      DEBUG main            d.u.i.k.p.i.IntermediateProofReplayer Proof replay took 9.7ns 
78312      INFO  main            d.u.i.k.p.r.p.TestFile    ... finished proof: closed. 
78568      INFO  main            d.u.i.k.p.i.AbstractProblemLoader Loading environment from /home/runner/work/key/key/key.core/../key.ui/examples/heap/model_methods/CellTest_test2.key.proof 
78569      DEBUG main            d.u.i.k.p.i.AbstractProblemLoader Environment load took 452ns 
78570      INFO  main            d.u.i.k.p.i.AbstractProblemLoader Creating init config 
81921      DEBUG main            d.u.i.k.p.i.AbstractProblemLoader Init config took 3.35s 
81978      INFO  main            d.u.i.k.p.i.AbstractProblemLoader Replaying proof CellTest[CellTest::test2(Cell)].JML operation contract.0 
82079      DEBUG main            d.u.i.k.p.i.IntermediateProofReplayer Proof replay took 97.71ms 
82081      DEBUG main            d.u.i.k.p.r.p.TestFile    ... success: reloaded. 
82083      INFO  main            d.u.i.k.p.r.p.TestFile    Now processing file /home/runner/work/key/key/key.core/../key.ui/examples/heap/model_methods/CellTest_test.key 
82084      INFO  main            d.u.i.k.p.i.AbstractProblemLoader Loading environment from /home/runner/work/key/key/key.core/../key.ui/examples/heap/model_methods/CellTest_test.key 
82084      DEBUG main            d.u.i.k.p.i.AbstractProblemLoader Environment load took 225.3ns 
82085      INFO  main            d.u.i.k.p.i.AbstractProblemLoader Creating init config 
85514      DEBUG main            d.u.i.k.p.i.AbstractProblemLoader Init config took 3.43s 
85584      INFO  main            d.u.i.k.p.i.AbstractProblemLoader Replaying proof CellTest[CellTest::test(Recell)].JML operation contract.0 
85587      DEBUG main            d.u.i.k.p.i.IntermediateProofReplayer Proof replay took 8.9ns 
88441      INFO  main            d.u.i.k.p.r.p.TestFile    ... finished proof: closed. 
88739      INFO  main            d.u.i.k.p.i.AbstractProblemLoader Loading environment from /home/runner/work/key/key/key.core/../key.ui/examples/heap/model_methods/CellTest_test.key.proof 
88740      DEBUG main            d.u.i.k.p.i.AbstractProblemLoader Environment load took 521.9ns 
88742      INFO  main            d.u.i.k.p.i.AbstractProblemLoader Creating init config 
92034      DEBUG main            d.u.i.k.p.i.AbstractProblemLoader Init config took 3.29s 
92101      INFO  main            d.u.i.k.p.i.AbstractProblemLoader Replaying proof CellTest[CellTest::test(Recell)].JML operation contract.0 
92649      DEBUG main            d.u.i.k.p.i.IntermediateProofReplayer Proof replay took 529.24ms 
92651      DEBUG main            d.u.i.k.p.r.p.TestFile    ... success: reloaded. 
92653      INFO  main            d.u.i.k.p.r.p.TestFile    Now processing file /home/runner/work/key/key/key.core/../key.ui/examples/heap/model_methods/Coll1_add.key 
92653      INFO  main            d.u.i.k.p.i.AbstractProblemLoader Loading environment from /home/runner/work/key/key/key.core/../key.ui/examples/heap/model_methods/Coll1_add.key 
92653      DEBUG main            d.u.i.k.p.i.AbstractProblemLoader Environment load took 223.4ns 
92655      INFO  main            d.u.i.k.p.i.AbstractProblemLoader Creating init config 
96040      DEBUG main            d.u.i.k.p.i.AbstractProblemLoader Init config took 3.39s 
96121      INFO  main            d.u.i.k.p.i.AbstractProblemLoader Replaying proof Coll1[Coll::add(int)].JML operation contract.0 
96123      DEBUG main            d.u.i.k.p.i.IntermediateProofReplayer Proof replay took 7.7ns 
96228      INFO  main            d.u.i.k.p.r.p.TestFile    ... finished proof: closed. 
96486      INFO  main            d.u.i.k.p.i.AbstractProblemLoader Loading environment from /home/runner/work/key/key/key.core/../key.ui/examples/heap/model_methods/Coll1_add.key.proof 
96487      DEBUG main            d.u.i.k.p.i.AbstractProblemLoader Environment load took 156.9ns 
96489      INFO  main            d.u.i.k.p.i.AbstractProblemLoader Creating init config 
99921      DEBUG main            d.u.i.k.p.i.AbstractProblemLoader Init config took 3.43s 
99986      INFO  main            d.u.i.k.p.i.AbstractProblemLoader Replaying proof Coll1[Coll::add(int)].JML operation contract.0 
99999      DEBUG main            d.u.i.k.p.i.IntermediateProofReplayer Proof replay took 10.02ms 
100000     DEBUG main            d.u.i.k.p.r.p.TestFile    ... success: reloaded. 
100002     INFO  main            d.u.i.k.p.r.p.TestFile    Now processing file /home/runner/work/key/key/key.core/../key.ui/examples/heap/model_methods/Coll1_Coll1_add_pre.key 
100002     INFO  main            d.u.i.k.p.i.AbstractProblemLoader Loading environment from /home/runner/work/key/key/key.core/../key.ui/examples/heap/model_methods/Coll1_Coll1_add_pre.key 
100002     DEBUG main            d.u.i.k.p.i.AbstractProblemLoader Environment load took 122.3ns 
100003     INFO  main            d.u.i.k.p.i.AbstractProblemLoader Creating init config 
104278     DEBUG main            d.u.i.k.p.i.AbstractProblemLoader Init config took 4.27s 
104370     INFO  main            d.u.i.k.p.i.AbstractProblemLoader Replaying proof Coll1[Coll1::add_pre(int)].JML model_behavior operation contract.0 
104378     DEBUG main            d.u.i.k.p.i.IntermediateProofReplayer Proof replay took 19.2ns 
104481     INFO  main            d.u.i.k.p.r.p.TestFile    ... finished proof: closed. 
104759     INFO  main            d.u.i.k.p.i.AbstractProblemLoader Loading environment from /home/runner/work/key/key/key.core/../key.ui/examples/heap/model_methods/Coll1_Coll1_add_pre.key.proof 
104759     DEBUG main            d.u.i.k.p.i.AbstractProblemLoader Environment load took 148.5ns 
104761     INFO  main            d.u.i.k.p.i.AbstractProblemLoader Creating init config 
108237     DEBUG main            d.u.i.k.p.i.AbstractProblemLoader Init config took 3.48s 
108305     INFO  main            d.u.i.k.p.i.AbstractProblemLoader Replaying proof Coll1[Coll1::add_pre(int)].JML model_behavior operation contract.0 
108312     DEBUG main            d.u.i.k.p.i.IntermediateProofReplayer Proof replay took 3.07ms 
108315     DEBUG main            d.u.i.k.p.r.p.TestFile    ... success: reloaded. 
108320     INFO  main            d.u.i.k.p.r.p.TestFile    Now processing file /home/runner/work/key/key/key.core/../key.ui/examples/heap/model_methods/Coll1_Coll_add_pre.key 
108321     INFO  main            d.u.i.k.p.i.AbstractProblemLoader Loading environment from /home/runner/work/key/key/key.core/../key.ui/examples/heap/model_methods/Coll1_Coll_add_pre.key 
108321     DEBUG main            d.u.i.k.p.i.AbstractProblemLoader Environment load took 211.4ns 
108323     INFO  main            d.u.i.k.p.i.AbstractProblemLoader Creating init config 
111817     DEBUG main            d.u.i.k.p.i.AbstractProblemLoader Init config took 3.49s 
111872     INFO  main            d.u.i.k.p.i.AbstractProblemLoader Replaying proof Coll1[Coll::add_pre(int)].JML model_behavior operation contract.0 
111874     DEBUG main            d.u.i.k.p.i.IntermediateProofReplayer Proof replay took 8.1ns 
111980     INFO  main            d.u.i.k.p.r.p.TestFile    ... finished proof: closed. 
112266     INFO  main            d.u.i.k.p.i.AbstractProblemLoader Loading environment from /home/runner/work/key/key/key.core/../key.ui/examples/heap/model_methods/Coll1_Coll_add_pre.key.proof 
112266     DEBUG main            d.u.i.k.p.i.AbstractProblemLoader Environment load took 143.1ns 
112269     INFO  main            d.u.i.k.p.i.AbstractProblemLoader Creating init config 
115603     DEBUG main            d.u.i.k.p.i.AbstractProblemLoader Init config took 3.33s 
115657     INFO  main            d.u.i.k.p.i.AbstractProblemLoader Replaying proof Coll1[Coll::add_pre(int)].JML model_behavior operation contract.0 
115662     DEBUG main            d.u.i.k.p.i.IntermediateProofReplayer Proof replay took 2.93ms 
115663     DEBUG main            d.u.i.k.p.r.p.TestFile    ... success: reloaded. 
115665     INFO  main            d.u.i.k.p.r.p.TestFile    Now processing file /home/runner/work/key/key/key.core/../key.ui/examples/heap/model_methods/Coll2_add.key 
115665     INFO  main            d.u.i.k.p.i.AbstractProblemLoader Loading environment from /home/runner/work/key/key/key.core/../key.ui/examples/heap/model_methods/Coll2_add.key 
115665     DEBUG main            d.u.i.k.p.i.AbstractProblemLoader Environment load took 236.4ns 
115667     INFO  main            d.u.i.k.p.i.AbstractProblemLoader Creating init config 
119173     DEBUG main            d.u.i.k.p.i.AbstractProblemLoader Init config took 3.51s 
119232     INFO  main            d.u.i.k.p.i.AbstractProblemLoader Replaying proof Coll2[Coll::add(int)].JML operation contract.0 
119234     DEBUG main            d.u.i.k.p.i.IntermediateProofReplayer Proof replay took 9ns 
119340     INFO  main            d.u.i.k.p.r.p.TestFile    ... finished proof: closed. 
119614     INFO  main            d.u.i.k.p.i.AbstractProblemLoader Loading environment from /home/runner/work/key/key/key.core/../key.ui/examples/heap/model_methods/Coll2_add.key.proof 
119616     DEBUG main            d.u.i.k.p.i.AbstractProblemLoader Environment load took 152.3ns 
119617     INFO  main            d.u.i.k.p.i.AbstractProblemLoader Creating init config 
122956     DEBUG main            d.u.i.k.p.i.AbstractProblemLoader Init config took 3.34s 
123012     INFO  main            d.u.i.k.p.i.AbstractProblemLoader Replaying proof Coll2[Coll::add(int)].JML operation contract.0 
123024     DEBUG main            d.u.i.k.p.i.IntermediateProofReplayer Proof replay took 8.6ms 
123025     DEBUG main            d.u.i.k.p.r.p.TestFile    ... success: reloaded. 
123026     INFO  main            d.u.i.k.p.r.p.TestFile    Now processing file /home/runner/work/key/key/key.core/../key.ui/examples/heap/model_methods/Coll2_Coll2_add_pre.key 
123027     INFO  main            d.u.i.k.p.i.AbstractProblemLoader Loading environment from /home/runner/work/key/key/key.core/../key.ui/examples/heap/model_methods/Coll2_Coll2_add_pre.key 
123027     DEBUG main            d.u.i.k.p.i.AbstractProblemLoader Environment load took 252.9ns 
123028     INFO  main            d.u.i.k.p.i.AbstractProblemLoader Creating init config 
126474     DEBUG main            d.u.i.k.p.i.AbstractProblemLoader Init config took 3.45s 
126529     INFO  main            d.u.i.k.p.i.AbstractProblemLoader Replaying proof Coll2[Coll2::add_pre(int)].JML model_behavior operation contract.0 
126531     DEBUG main            d.u.i.k.p.i.IntermediateProofReplayer Proof replay took 8.2ns 
126634     INFO  main            d.u.i.k.p.r.p.TestFile    ... finished proof: closed. 
126934     INFO  main            d.u.i.k.p.i.AbstractProblemLoader Loading environment from /home/runner/work/key/key/key.core/../key.ui/examples/heap/model_methods/Coll2_Coll2_add_pre.key.proof 
126934     DEBUG main            d.u.i.k.p.i.AbstractProblemLoader Environment load took 171.1ns 
126936     INFO  main            d.u.i.k.p.i.AbstractProblemLoader Creating init config 
130211     DEBUG main            d.u.i.k.p.i.AbstractProblemLoader Init config took 3.28s 
130268     INFO  main            d.u.i.k.p.i.AbstractProblemLoader Replaying proof Coll2[Coll2::add_pre(int)].JML model_behavior operation contract.0 
130272     DEBUG main            d.u.i.k.p.i.IntermediateProofReplayer Proof replay took 2.29ms 
130273     DEBUG main            d.u.i.k.p.r.p.TestFile    ... success: reloaded. 
130274     INFO  main            d.u.i.k.p.r.p.TestFile    Now processing file /home/runner/work/key/key/key.core/../key.ui/examples/heap/model_methods/Coll2_Coll_add_pre.key 
130274     INFO  main            d.u.i.k.p.i.AbstractProblemLoader Loading environment from /home/runner/work/key/key/key.core/../key.ui/examples/heap/model_methods/Coll2_Coll_add_pre.key 
130274     DEBUG main            d.u.i.k.p.i.AbstractProblemLoader Environment load took 149.5ns 
130275     INFO  main            d.u.i.k.p.i.AbstractProblemLoader Creating init config 
133564     DEBUG main            d.u.i.k.p.i.AbstractProblemLoader Init config took 3.29s 
133617     INFO  main            d.u.i.k.p.i.AbstractProblemLoader Replaying proof Coll2[Coll::add_pre(int)].JML model_behavior operation contract.0 
133620     DEBUG main            d.u.i.k.p.i.IntermediateProofReplayer Proof replay took 9.4ns 
133721     INFO  main            d.u.i.k.p.r.p.TestFile    ... finished proof: closed. 
134037     INFO  main            d.u.i.k.p.i.AbstractProblemLoader Loading environment from /home/runner/work/key/key/key.core/../key.ui/examples/heap/model_methods/Coll2_Coll_add_pre.key.proof 
134037     DEBUG main            d.u.i.k.p.i.AbstractProblemLoader Environment load took 135.1ns 
134039     INFO  main            d.u.i.k.p.i.AbstractProblemLoader Creating init config 
137188     DEBUG main            d.u.i.k.p.i.AbstractProblemLoader Init config took 3.15s 
137238     INFO  main            d.u.i.k.p.i.AbstractProblemLoader Replaying proof Coll2[Coll::add_pre(int)].JML model_behavior operation contract.0 
137243     DEBUG main            d.u.i.k.p.i.IntermediateProofReplayer Proof replay took 2.69ms 
137244     DEBUG main            d.u.i.k.p.r.p.TestFile    ... success: reloaded. 
137246     INFO  main            d.u.i.k.p.r.p.TestFile    Now processing file /home/runner/work/key/key/key.core/../key.ui/examples/heap/model_methods/Coll_add.key 
137246     INFO  main            d.u.i.k.p.i.AbstractProblemLoader Loading environment from /home/runner/work/key/key/key.core/../key.ui/examples/heap/model_methods/Coll_add.key 
137246     DEBUG main            d.u.i.k.p.i.AbstractProblemLoader Environment load took 161.3ns 
137247     INFO  main            d.u.i.k.p.i.AbstractProblemLoader Creating init config 
140638     DEBUG main            d.u.i.k.p.i.AbstractProblemLoader Init config took 3.39s 
140694     INFO  main            d.u.i.k.p.i.AbstractProblemLoader Replaying proof Coll[Coll::add(int)].JML operation contract.0 
140696     DEBUG main            d.u.i.k.p.i.IntermediateProofReplayer Proof replay took 9.1ns 
140799     INFO  main            d.u.i.k.p.r.p.TestFile    ... finished proof: closed. 
141107     INFO  main            d.u.i.k.p.i.AbstractProblemLoader Loading environment from /home/runner/work/key/key/key.core/../key.ui/examples/heap/model_methods/Coll_add.key.proof 
141107     DEBUG main            d.u.i.k.p.i.AbstractProblemLoader Environment load took 165ns 
141108     INFO  main            d.u.i.k.p.i.AbstractProblemLoader Creating init config 
144422     DEBUG main            d.u.i.k.p.i.AbstractProblemLoader Init config took 3.31s 
144473     INFO  main            d.u.i.k.p.i.AbstractProblemLoader Replaying proof Coll[Coll::add(int)].JML operation contract.0 
144477     DEBUG main            d.u.i.k.p.i.IntermediateProofReplayer Proof replay took 2.94ms 
144478     DEBUG main            d.u.i.k.p.r.p.TestFile    ... success: reloaded. 
144479     INFO  main            d.u.i.k.p.r.p.TestFile    Now processing file /home/runner/work/key/key/key.core/../key.ui/examples/heap/model_methods/Coll_add_pre.key 
144480     INFO  main            d.u.i.k.p.i.AbstractProblemLoader Loading environment from /home/runner/work/key/key/key.core/../key.ui/examples/heap/model_methods/Coll_add_pre.key 
144480     DEBUG main            d.u.i.k.p.i.AbstractProblemLoader Environment load took 76.3ns 
144481     INFO  main            d.u.i.k.p.i.AbstractProblemLoader Creating init config 
147982     DEBUG main            d.u.i.k.p.i.AbstractProblemLoader Init config took 3.5s 
148036     INFO  main            d.u.i.k.p.i.AbstractProblemLoader Replaying proof Coll[Coll::add_pre(int)].JML model_behavior operation contract.0 
148039     DEBUG main            d.u.i.k.p.i.IntermediateProofReplayer Proof replay took 7.4ns 
148141     INFO  main            d.u.i.k.p.r.p.TestFile    ... finished proof: closed. 
148486     INFO  main            d.u.i.k.p.i.AbstractProblemLoader Loading environment from /home/runner/work/key/key/key.core/../key.ui/examples/heap/model_methods/Coll_add_pre.key.proof 
148486     DEBUG main            d.u.i.k.p.i.AbstractProblemLoader Environment load took 188.9ns 
148487     INFO  main            d.u.i.k.p.i.AbstractProblemLoader Creating init config 
151866     DEBUG main            d.u.i.k.p.i.AbstractProblemLoader Init config took 3.38s 
151916     INFO  main            d.u.i.k.p.i.AbstractProblemLoader Replaying proof Coll[Coll::add_pre(int)].JML model_behavior operation contract.0 
151921     DEBUG main            d.u.i.k.p.i.IntermediateProofReplayer Proof replay took 3.28ms 
151922     DEBUG main            d.u.i.k.p.r.p.TestFile    ... success: reloaded. 
151923     INFO  main            d.u.i.k.p.r.p.TestFile    Now processing file /home/runner/work/key/key/key.core/../key.ui/examples/heap/model_methods/Indirect_callAdd.key 
151923     INFO  main            d.u.i.k.p.i.AbstractProblemLoader Loading environment from /home/runner/work/key/key/key.core/../key.ui/examples/heap/model_methods/Indirect_callAdd.key 
151924     DEBUG main            d.u.i.k.p.i.AbstractProblemLoader Environment load took 118.4ns 
151925     INFO  main            d.u.i.k.p.i.AbstractProblemLoader Creating init config 
155418     DEBUG main            d.u.i.k.p.i.AbstractProblemLoader Init config took 3.49s 
155469     INFO  main            d.u.i.k.p.i.AbstractProblemLoader Replaying proof Indirect[Indirect::callAdd(Coll,int)].JML operation contract.0 
155472     DEBUG main            d.u.i.k.p.i.IntermediateProofReplayer Proof replay took 9.5ns 
155675     INFO  main            d.u.i.k.p.r.p.TestFile    ... finished proof: closed. 
156022     INFO  main            d.u.i.k.p.i.AbstractProblemLoader Loading environment from /home/runner/work/key/key/key.core/../key.ui/examples/heap/model_methods/Indirect_callAdd.key.proof 
156022     DEBUG main            d.u.i.k.p.i.AbstractProblemLoader Environment load took 156.6ns 
156024     INFO  main            d.u.i.k.p.i.AbstractProblemLoader Creating init config 
159345     DEBUG main            d.u.i.k.p.i.AbstractProblemLoader Init config took 3.32s 
159399     INFO  main            d.u.i.k.p.i.AbstractProblemLoader Replaying proof Indirect[Indirect::callAdd(Coll,int)].JML operation contract.0 
159431     DEBUG main            d.u.i.k.p.i.IntermediateProofReplayer Proof replay took 28.98ms 
159432     DEBUG main            d.u.i.k.p.r.p.TestFile    ... success: reloaded. 
159433     INFO  main            d.u.i.k.p.r.p.TestFile    Now processing file /home/runner/work/key/key/key.core/../key.ui/examples/heap/model_methods/Indirect_test.key 
159434     INFO  main            d.u.i.k.p.i.AbstractProblemLoader Loading environment from /home/runner/work/key/key/key.core/../key.ui/examples/heap/model_methods/Indirect_test.key 
159434     DEBUG main            d.u.i.k.p.i.AbstractProblemLoader Environment load took 116.2ns 
159435     INFO  main            d.u.i.k.p.i.AbstractProblemLoader Creating init config 
162894     DEBUG main            d.u.i.k.p.i.AbstractProblemLoader Init config took 3.46s 
162955     INFO  main            d.u.i.k.p.i.AbstractProblemLoader Replaying proof Indirect[Indirect::test(Coll1,Coll2)].JML operation contract.0 
162958     DEBUG main            d.u.i.k.p.i.IntermediateProofReplayer Proof replay took 9.9ns 
163262     INFO  main            d.u.i.k.p.r.p.TestFile    ... finished proof: closed. 
163613     INFO  main            d.u.i.k.p.i.AbstractProblemLoader Loading environment from /home/runner/work/key/key/key.core/../key.ui/examples/heap/model_methods/Indirect_test.key.proof 
163614     DEBUG main            d.u.i.k.p.i.AbstractProblemLoader Environment load took 542.2ns 
163615     INFO  main            d.u.i.k.p.i.AbstractProblemLoader Creating init config 
167079     DEBUG main            d.u.i.k.p.i.AbstractProblemLoader Init config took 3.46s 
167132     INFO  main            d.u.i.k.p.i.AbstractProblemLoader Replaying proof Indirect[Indirect::test(Coll1,Coll2)].JML operation contract.0 
167208     DEBUG main            d.u.i.k.p.i.IntermediateProofReplayer Proof replay took 71.55ms 
167209     DEBUG main            d.u.i.k.p.r.p.TestFile    ... success: reloaded. 
167210     INFO  main            d.u.i.k.p.r.p.TestFile    Now processing file /home/runner/work/key/key/key.core/../key.ui/examples/heap/model_methods/Recell_Cell_footprint.key 
167211     INFO  main            d.u.i.k.p.i.AbstractProblemLoader Loading environment from /home/runner/work/key/key/key.core/../key.ui/examples/heap/model_methods/Recell_Cell_footprint.key 
167211     DEBUG main            d.u.i.k.p.i.AbstractProblemLoader Environment load took 132.6ns 
167212     INFO  main            d.u.i.k.p.i.AbstractProblemLoader Creating init config 
170708     DEBUG main            d.u.i.k.p.i.AbstractProblemLoader Init config took 3.5s 
170760     INFO  main            d.u.i.k.p.i.AbstractProblemLoader Replaying proof Recell[Cell::footprint()].JML model_behavior operation contract.0 
170762     DEBUG main            d.u.i.k.p.i.IntermediateProofReplayer Proof replay took 9.6ns 
170868     INFO  main            d.u.i.k.p.r.p.TestFile    ... finished proof: closed. 
171222     INFO  main            d.u.i.k.p.i.AbstractProblemLoader Loading environment from /home/runner/work/key/key/key.core/../key.ui/examples/heap/model_methods/Recell_Cell_footprint.key.proof 
171222     DEBUG main            d.u.i.k.p.i.AbstractProblemLoader Environment load took 138.8ns 
171223     INFO  main            d.u.i.k.p.i.AbstractProblemLoader Creating init config 
174570     DEBUG main            d.u.i.k.p.i.AbstractProblemLoader Init config took 3.35s 
174629     INFO  main            d.u.i.k.p.i.AbstractProblemLoader Replaying proof Recell[Cell::footprint()].JML model_behavior operation contract.0 
174635     DEBUG main            d.u.i.k.p.i.IntermediateProofReplayer Proof replay took 4.08ms 
174636     DEBUG main            d.u.i.k.p.r.p.TestFile    ... success: reloaded. 
174637     INFO  main            d.u.i.k.p.r.p.TestFile    Now processing file /home/runner/work/key/key/key.core/../key.ui/examples/heap/model_methods/Recell_Cell_post_set.key 
174637     INFO  main            d.u.i.k.p.i.AbstractProblemLoader Loading environment from /home/runner/work/key/key/key.core/../key.ui/examples/heap/model_methods/Recell_Cell_post_set.key 
174637     DEBUG main            d.u.i.k.p.i.AbstractProblemLoader Environment load took 75ns 
174638     INFO  main            d.u.i.k.p.i.AbstractProblemLoader Creating init config 
178010     DEBUG main            d.u.i.k.p.i.AbstractProblemLoader Init config took 3.37s 
178061     INFO  main            d.u.i.k.p.i.AbstractProblemLoader Replaying proof Recell[Cell::post_set(int)].JML model_behavior operation contract.0 
178063     DEBUG main            d.u.i.k.p.i.IntermediateProofReplayer Proof replay took 8.8ns 
178165     INFO  main            d.u.i.k.p.r.p.TestFile    ... finished proof: closed. 
178525     INFO  main            d.u.i.k.p.i.AbstractProblemLoader Loading environment from /home/runner/work/key/key/key.core/../key.ui/examples/heap/model_methods/Recell_Cell_post_set.key.proof 
178525     DEBUG main            d.u.i.k.p.i.AbstractProblemLoader Environment load took 133.4ns 
178526     INFO  main            d.u.i.k.p.i.AbstractProblemLoader Creating init config 
181913     DEBUG main            d.u.i.k.p.i.AbstractProblemLoader Init config took 3.39s 
181967     INFO  main            d.u.i.k.p.i.AbstractProblemLoader Replaying proof Recell[Cell::post_set(int)].JML model_behavior operation contract.0 
181974     DEBUG main            d.u.i.k.p.i.IntermediateProofReplayer Proof replay took 5.55ms 
181976     DEBUG main            d.u.i.k.p.r.p.TestFile    ... success: reloaded. 
181977     INFO  main            d.u.i.k.p.r.p.TestFile    Now processing file /home/runner/work/key/key/key.core/../key.ui/examples/heap/model_methods/Recell_footprint_acc.key 
181977     INFO  main            d.u.i.k.p.i.AbstractProblemLoader Loading environment from /home/runner/work/key/key/key.core/../key.ui/examples/heap/model_methods/Recell_footprint_acc.key 
181977     DEBUG main            d.u.i.k.p.i.AbstractProblemLoader Environment load took 72.9ns 
181978     INFO  main            d.u.i.k.p.i.AbstractProblemLoader Creating init config 
185429     DEBUG main            d.u.i.k.p.i.AbstractProblemLoader Init config took 3.45s 
185479     INFO  main            d.u.i.k.p.i.AbstractProblemLoader Replaying proof Recell[Cell::footprint()].JML accessible clause.0 
185481     DEBUG main            d.u.i.k.p.i.IntermediateProofReplayer Proof replay took 7.9ns 
185588     INFO  main            d.u.i.k.p.r.p.TestFile    ... finished proof: closed. 
186000     INFO  main            d.u.i.k.p.i.AbstractProblemLoader Loading environment from /home/runner/work/key/key/key.core/../key.ui/examples/heap/model_methods/Recell_footprint_acc.key.proof 
186000     DEBUG main            d.u.i.k.p.i.AbstractProblemLoader Environment load took 152.4ns 
186001     INFO  main            d.u.i.k.p.i.AbstractProblemLoader Creating init config 
189371     DEBUG main            d.u.i.k.p.i.AbstractProblemLoader Init config took 3.37s 
189437     INFO  main            d.u.i.k.p.i.AbstractProblemLoader Replaying proof Recell[Cell::footprint()].JML accessible clause.0 
189466     DEBUG main            d.u.i.k.p.i.IntermediateProofReplayer Proof replay took 25.4ms 
189468     DEBUG main            d.u.i.k.p.r.p.TestFile    ... success: reloaded. 
189469     INFO  main            d.u.i.k.p.r.p.TestFile    Now processing file /home/runner/work/key/key/key.core/../key.ui/examples/heap/model_methods/Recell_get_acc.key 
189469     INFO  main            d.u.i.k.p.i.AbstractProblemLoader Loading environment from /home/runner/work/key/key/key.core/../key.ui/examples/heap/model_methods/Recell_get_acc.key 
189469     DEBUG main            d.u.i.k.p.i.AbstractProblemLoader Environment load took 105.8ns 
189470     INFO  main            d.u.i.k.p.i.AbstractProblemLoader Creating init config 
192946     DEBUG main            d.u.i.k.p.i.AbstractProblemLoader Init config took 3.48s 
192998     INFO  main            d.u.i.k.p.i.AbstractProblemLoader Replaying proof Recell[Cell::get()].JML accessible clause.0 
193001     DEBUG main            d.u.i.k.p.i.IntermediateProofReplayer Proof replay took 9.2ns 
193205     INFO  main            d.u.i.k.p.r.p.TestFile    ... finished proof: closed. 
193639     INFO  main            d.u.i.k.p.i.AbstractProblemLoader Loading environment from /home/runner/work/key/key/key.core/../key.ui/examples/heap/model_methods/Recell_get_acc.key.proof 
193640     DEBUG main            d.u.i.k.p.i.AbstractProblemLoader Environment load took 1ms 
193641     INFO  main            d.u.i.k.p.i.AbstractProblemLoader Creating init config 
196965     DEBUG main            d.u.i.k.p.i.AbstractProblemLoader Init config took 3.32s 
197019     INFO  main            d.u.i.k.p.i.AbstractProblemLoader Replaying proof Recell[Cell::get()].JML accessible clause.0 
197044     DEBUG main            d.u.i.k.p.i.IntermediateProofReplayer Proof replay took 21.13ms 
197045     DEBUG main            d.u.i.k.p.r.p.TestFile    ... success: reloaded. 
197046     INFO  main            d.u.i.k.p.r.p.TestFile    Now processing file /home/runner/work/key/key/key.core/../key.ui/examples/heap/model_methods/Recell_get.key 
197046     INFO  main            d.u.i.k.p.i.AbstractProblemLoader Loading environment from /home/runner/work/key/key/key.core/../key.ui/examples/heap/model_methods/Recell_get.key 
197046     DEBUG main            d.u.i.k.p.i.AbstractProblemLoader Environment load took 145.5ns 
197047     INFO  main            d.u.i.k.p.i.AbstractProblemLoader Creating init config 
200419     DEBUG main            d.u.i.k.p.i.AbstractProblemLoader Init config took 3.37s 
200473     INFO  main            d.u.i.k.p.i.AbstractProblemLoader Replaying proof Recell[Cell::get()].JML operation contract.0 
200475     DEBUG main            d.u.i.k.p.i.IntermediateProofReplayer Proof replay took 9.1ns 
200578     INFO  main            d.u.i.k.p.r.p.TestFile    ... finished proof: closed. 
200953     INFO  main            d.u.i.k.p.i.AbstractProblemLoader Loading environment from /home/runner/work/key/key/key.core/../key.ui/examples/heap/model_methods/Recell_get.key.proof 
200953     DEBUG main            d.u.i.k.p.i.AbstractProblemLoader Environment load took 127.1ns 
200957     INFO  main            d.u.i.k.p.i.AbstractProblemLoader Creating init config 
204331     DEBUG main            d.u.i.k.p.i.AbstractProblemLoader Init config took 3.37s 
204383     INFO  main            d.u.i.k.p.i.AbstractProblemLoader Replaying proof Recell[Cell::get()].JML operation contract.0 
204402     DEBUG main            d.u.i.k.p.i.IntermediateProofReplayer Proof replay took 14.46ms 
204403     DEBUG main            d.u.i.k.p.r.p.TestFile    ... success: reloaded. 
204405     INFO  main            d.u.i.k.p.r.p.TestFile    Now processing file /home/runner/work/key/key/key.core/../key.ui/examples/heap/model_methods/Recell_Recell_footprint.key 
204405     INFO  main            d.u.i.k.p.i.AbstractProblemLoader Loading environment from /home/runner/work/key/key/key.core/../key.ui/examples/heap/model_methods/Recell_Recell_footprint.key 
204405     DEBUG main            d.u.i.k.p.i.AbstractProblemLoader Environment load took 158.8ns 
204408     INFO  main            d.u.i.k.p.i.AbstractProblemLoader Creating init config 
207878     DEBUG main            d.u.i.k.p.i.AbstractProblemLoader Init config took 3.47s 
207956     INFO  main            d.u.i.k.p.i.AbstractProblemLoader Replaying proof Recell[Recell::footprint()].JML model_behavior operation contract.0 
207958     DEBUG main            d.u.i.k.p.i.IntermediateProofReplayer Proof replay took 8.9ns 
208064     INFO  main            d.u.i.k.p.r.p.TestFile    ... finished proof: closed. 
208484     INFO  main            d.u.i.k.p.i.AbstractProblemLoader Loading environment from /home/runner/work/key/key/key.core/../key.ui/examples/heap/model_methods/Recell_Recell_footprint.key.proof 
208484     DEBUG main            d.u.i.k.p.i.AbstractProblemLoader Environment load took 144.1ns 
208485     INFO  main            d.u.i.k.p.i.AbstractProblemLoader Creating init config 
211847     DEBUG main            d.u.i.k.p.i.AbstractProblemLoader Init config took 3.36s 
211920     INFO  main            d.u.i.k.p.i.AbstractProblemLoader Replaying proof Recell[Recell::footprint()].JML model_behavior operation contract.0 
211924     DEBUG main            d.u.i.k.p.i.IntermediateProofReplayer Proof replay took 1.79ms 
211925     DEBUG main            d.u.i.k.p.r.p.TestFile    ... success: reloaded. 
211926     INFO  main            d.u.i.k.p.r.p.TestFile    Now processing file /home/runner/work/key/key/key.core/../key.ui/examples/heap/model_methods/Recell_Recell_post_set.key 
211927     INFO  main            d.u.i.k.p.i.AbstractProblemLoader Loading environment from /home/runner/work/key/key/key.core/../key.ui/examples/heap/model_methods/Recell_Recell_post_set.key 
211927     DEBUG main            d.u.i.k.p.i.AbstractProblemLoader Environment load took 320.3ns 
211929     INFO  main            d.u.i.k.p.i.AbstractProblemLoader Creating init config 
215401     DEBUG main            d.u.i.k.p.i.AbstractProblemLoader Init config took 3.47s 
215453     INFO  main            d.u.i.k.p.i.AbstractProblemLoader Replaying proof Recell[Recell::post_set(int)].JML model_behavior operation contract.0 
215456     DEBUG main            d.u.i.k.p.i.IntermediateProofReplayer Proof replay took 9.2ns 
215559     INFO  main            d.u.i.k.p.r.p.TestFile    ... finished proof: closed. 
215965     INFO  main            d.u.i.k.p.i.AbstractProblemLoader Loading environment from /home/runner/work/key/key/key.core/../key.ui/examples/heap/model_methods/Recell_Recell_post_set.key.proof 
215966     DEBUG main            d.u.i.k.p.i.AbstractProblemLoader Environment load took 132ns 
215967     INFO  main            d.u.i.k.p.i.AbstractProblemLoader Creating init config 
219321     DEBUG main            d.u.i.k.p.i.AbstractProblemLoader Init config took 3.35s 
219372     INFO  main            d.u.i.k.p.i.AbstractProblemLoader Replaying proof Recell[Recell::post_set(int)].JML model_behavior operation contract.0 
219377     DEBUG main            d.u.i.k.p.i.IntermediateProofReplayer Proof replay took 3.33ms 
219378     DEBUG main            d.u.i.k.p.r.p.TestFile    ... success: reloaded. 
219379     INFO  main            d.u.i.k.p.r.p.TestFile    Now processing file /home/runner/work/key/key/key.core/../key.ui/examples/heap/model_methods/Recell_set.key 
219380     INFO  main            d.u.i.k.p.i.AbstractProblemLoader Loading environment from /home/runner/work/key/key/key.core/../key.ui/examples/heap/model_methods/Recell_set.key 
219380     DEBUG main            d.u.i.k.p.i.AbstractProblemLoader Environment load took 108.1ns 
219381     INFO  main            d.u.i.k.p.i.AbstractProblemLoader Creating init config 
222764     DEBUG main            d.u.i.k.p.i.AbstractProblemLoader Init config took 3.38s 
222813     INFO  main            d.u.i.k.p.i.AbstractProblemLoader Replaying proof Recell[Cell::set(int)].JML operation contract.0 
222816     DEBUG main            d.u.i.k.p.i.IntermediateProofReplayer Proof replay took 10.4ns 
233645     INFO  main            d.u.i.k.p.r.p.TestFile    ... finished proof: closed. 
234087     INFO  main            d.u.i.k.p.i.AbstractProblemLoader Loading environment from /home/runner/work/key/key/key.core/../key.ui/examples/heap/model_methods/Recell_set.key.proof 
234087     DEBUG main            d.u.i.k.p.i.AbstractProblemLoader Environment load took 525.9ns 
234089     INFO  main            d.u.i.k.p.i.AbstractProblemLoader Creating init config 
237449     DEBUG main            d.u.i.k.p.i.AbstractProblemLoader Init config took 3.36s 
237502     INFO  main            d.u.i.k.p.i.AbstractProblemLoader Replaying proof Recell[Cell::set(int)].JML operation contract.0 
238065     DEBUG main            d.u.i.k.p.i.IntermediateProofReplayer Proof replay took 539.15ms 
238066     DEBUG main            d.u.i.k.p.r.p.TestFile    ... success: reloaded. 
238068     INFO  main            d.u.i.k.p.r.p.TestFile    Now processing file /home/runner/work/key/key/key.core/../key.ui/examples/heap/model_methods/Recell_undo.key 
238068     INFO  main            d.u.i.k.p.i.AbstractProblemLoader Loading environment from /home/runner/work/key/key/key.core/../key.ui/examples/heap/model_methods/Recell_undo.key 
238068     DEBUG main            d.u.i.k.p.i.AbstractProblemLoader Environment load took 239.5ns 
238069     INFO  main            d.u.i.k.p.i.AbstractProblemLoader Creating init config 
241551     DEBUG main            d.u.i.k.p.i.AbstractProblemLoader Init config took 3.48s 
241602     INFO  main            d.u.i.k.p.i.AbstractProblemLoader Replaying proof Recell[Recell::undo()].JML operation contract.0 
241604     DEBUG main            d.u.i.k.p.i.IntermediateProofReplayer Proof replay took 10.9ns 
241806     INFO  main            d.u.i.k.p.r.p.TestFile    ... finished proof: closed. 
242206     INFO  main            d.u.i.k.p.i.AbstractProblemLoader Loading environment from /home/runner/work/key/key/key.core/../key.ui/examples/heap/model_methods/Recell_undo.key.proof 
242206     DEBUG main            d.u.i.k.p.i.AbstractProblemLoader Environment load took 130.8ns 
242207     INFO  main            d.u.i.k.p.i.AbstractProblemLoader Creating init config 
245542     DEBUG main            d.u.i.k.p.i.AbstractProblemLoader Init config took 3.33s 
245596     INFO  main            d.u.i.k.p.i.AbstractProblemLoader Replaying proof Recell[Recell::undo()].JML operation contract.0 
245668     DEBUG main            d.u.i.k.p.i.IntermediateProofReplayer Proof replay took 66.14ms 
245669     DEBUG main            d.u.i.k.p.r.p.TestFile    ... success: reloaded. 
5864751    INFO  Test worker     d.u.i.k.p.r.RunAllProofsTestUnit Returning from test modelMethods 
5864752    INFO  Test worker     d.u.i.k.p.r.RunAllProofsTestUnit Running test permissionHeap 
534        INFO  Timeout watchdog d.u.i.k.p.r.p.ForkedTestFileRunner Timeout watcher launched (2000 secs.) 
574        WARN  main            d.u.i.k.s.ProofSettings   The settings in /home/runner/.key/proof-settings.props are *not* read. 
648        INFO  main            d.u.i.k.p.r.p.TestFile    Now processing file /home/runner/work/key/key/key.core/../key.ui/examples/heap/permissions/permissions_method0.key 
839        INFO  main            d.u.i.k.p.i.AbstractProblemLoader Loading environment from /home/runner/work/key/key/key.core/../key.ui/examples/heap/permissions/permissions_method0.key 
863        DEBUG main            d.u.i.k.p.i.AbstractProblemLoader Environment load took 3.08ms 
1195       INFO  main            d.u.i.k.p.i.AbstractProblemLoader Creating init config 
2720       DEBUG main            d.u.i.k.j.TypeConverter   No LDT found for Meta 
2721       DEBUG main            d.u.i.k.j.TypeConverter   No LDT found for Meta 
2726       DEBUG main            d.u.i.k.j.TypeConverter   No LDT found for Meta 
2726       DEBUG main            d.u.i.k.j.TypeConverter   No LDT found for Meta 
5017       DEBUG main            d.u.i.k.j.TypeConverter   No LDT found for JavaBigintExpression 
12001      DEBUG main            d.u.i.k.p.i.AbstractProblemLoader Init config took 10.81s 
12211      INFO  main            d.u.i.k.p.i.AbstractProblemLoader Replaying proof MyClass[MyClass::method0()].JML normal_behavior operation contract.0 
12264      DEBUG main            d.u.i.k.p.i.IntermediateProofReplayer Proof replay took 42.6ns 
13775      INFO  main            d.u.i.k.p.r.p.TestFile    ... finished proof: closed. 
13987      INFO  main            d.u.i.k.p.i.AbstractProblemLoader Loading environment from /home/runner/work/key/key/key.core/../key.ui/examples/heap/permissions/permissions_method0.key.proof 
13990      DEBUG main            d.u.i.k.p.i.AbstractProblemLoader Environment load took 3.63ms 
13997      INFO  main            d.u.i.k.p.i.AbstractProblemLoader Creating init config 
18093      DEBUG main            d.u.i.k.p.i.AbstractProblemLoader Init config took 4.1s 
18215      INFO  main            d.u.i.k.p.i.AbstractProblemLoader Replaying proof MyClass[MyClass::method0()].JML normal_behavior operation contract.0 
18382      DEBUG main            d.u.i.k.p.i.IntermediateProofReplayer Proof replay took 158.5ms 
18393      DEBUG main            d.u.i.k.p.r.p.TestFile    ... success: reloaded. 
18398      INFO  main            d.u.i.k.p.r.p.TestFile    Now processing file /home/runner/work/key/key/key.core/../key.ui/examples/heap/permissions/permissions_method1.key 
18398      INFO  main            d.u.i.k.p.i.AbstractProblemLoader Loading environment from /home/runner/work/key/key/key.core/../key.ui/examples/heap/permissions/permissions_method1.key 
18399      DEBUG main            d.u.i.k.p.i.AbstractProblemLoader Environment load took 264.7ns 
18402      INFO  main            d.u.i.k.p.i.AbstractProblemLoader Creating init config 
22368      DEBUG main            d.u.i.k.p.i.AbstractProblemLoader Init config took 3.97s 
22450      INFO  main            d.u.i.k.p.i.AbstractProblemLoader Replaying proof MyClass[MyClass::method1()].JML normal_behavior operation contract.0 
22454      DEBUG main            d.u.i.k.p.i.IntermediateProofReplayer Proof replay took 8.6ns 
23064      INFO  main            d.u.i.k.p.r.p.TestFile    ... finished proof: closed. 
23265      INFO  main            d.u.i.k.p.i.AbstractProblemLoader Loading environment from /home/runner/work/key/key/key.core/../key.ui/examples/heap/permissions/permissions_method1.key.proof 
23270      DEBUG main            d.u.i.k.p.i.AbstractProblemLoader Environment load took 4.49ms 
23275      INFO  main            d.u.i.k.p.i.AbstractProblemLoader Creating init config 
27176      DEBUG main            d.u.i.k.p.i.AbstractProblemLoader Init config took 3.9s 
27281      INFO  main            d.u.i.k.p.i.AbstractProblemLoader Replaying proof MyClass[MyClass::method1()].JML normal_behavior operation contract.0 
27371      DEBUG main            d.u.i.k.p.i.IntermediateProofReplayer Proof replay took 84.78ms 
27373      DEBUG main            d.u.i.k.p.r.p.TestFile    ... success: reloaded. 
27375      INFO  main            d.u.i.k.p.r.p.TestFile    Now processing file /home/runner/work/key/key/key.core/../key.ui/examples/heap/permissions/permissions_method3.key 
27375      INFO  main            d.u.i.k.p.i.AbstractProblemLoader Loading environment from /home/runner/work/key/key/key.core/../key.ui/examples/heap/permissions/permissions_method3.key 
27375      DEBUG main            d.u.i.k.p.i.AbstractProblemLoader Environment load took 255.3ns 
27379      INFO  main            d.u.i.k.p.i.AbstractProblemLoader Creating init config 
31330      DEBUG main            d.u.i.k.p.i.AbstractProblemLoader Init config took 3.95s 
31399      INFO  main            d.u.i.k.p.i.AbstractProblemLoader Replaying proof MyClass[MyClass::method3()].JML normal_behavior operation contract.0 
31403      DEBUG main            d.u.i.k.p.i.IntermediateProofReplayer Proof replay took 10.2ns 
33713      INFO  main            d.u.i.k.p.r.p.TestFile    ... finished proof: closed. 
33957      INFO  main            d.u.i.k.p.i.AbstractProblemLoader Loading environment from /home/runner/work/key/key/key.core/../key.ui/examples/heap/permissions/permissions_method3.key.proof 
33960      DEBUG main            d.u.i.k.p.i.AbstractProblemLoader Environment load took 3.42ms 
33963      INFO  main            d.u.i.k.p.i.AbstractProblemLoader Creating init config 
37696      DEBUG main            d.u.i.k.p.i.AbstractProblemLoader Init config took 3.73s 
37758      INFO  main            d.u.i.k.p.i.AbstractProblemLoader Replaying proof MyClass[MyClass::method3()].JML normal_behavior operation contract.0 
38070      DEBUG main            d.u.i.k.p.i.IntermediateProofReplayer Proof replay took 300ms 
38072      DEBUG main            d.u.i.k.p.r.p.TestFile    ... success: reloaded. 
38074      INFO  main            d.u.i.k.p.r.p.TestFile    Now processing file /home/runner/work/key/key/key.core/../key.ui/examples/heap/permissions/permissions_setAB.key 
38074      INFO  main            d.u.i.k.p.i.AbstractProblemLoader Loading environment from /home/runner/work/key/key/key.core/../key.ui/examples/heap/permissions/permissions_setAB.key 
38074      DEBUG main            d.u.i.k.p.i.AbstractProblemLoader Environment load took 244.8ns 
38076      INFO  main            d.u.i.k.p.i.AbstractProblemLoader Creating init config 
41798      DEBUG main            d.u.i.k.p.i.AbstractProblemLoader Init config took 3.72s 
41858      INFO  main            d.u.i.k.p.i.AbstractProblemLoader Replaying proof MyClass[MyClass::setAB()].JML normal_behavior operation contract.0 
41861      DEBUG main            d.u.i.k.p.i.IntermediateProofReplayer Proof replay took 8.1ns 
44170      INFO  main            d.u.i.k.p.r.p.TestFile    ... finished proof: closed. 
44450      INFO  main            d.u.i.k.p.i.AbstractProblemLoader Loading environment from /home/runner/work/key/key/key.core/../key.ui/examples/heap/permissions/permissions_setAB.key.proof 
44452      DEBUG main            d.u.i.k.p.i.AbstractProblemLoader Environment load took 2.48ms 
44455      INFO  main            d.u.i.k.p.i.AbstractProblemLoader Creating init config 
48057      DEBUG main            d.u.i.k.p.i.AbstractProblemLoader Init config took 3.6s 
48127      INFO  main            d.u.i.k.p.i.AbstractProblemLoader Replaying proof MyClass[MyClass::setAB()].JML normal_behavior operation contract.0 
48348      DEBUG main            d.u.i.k.p.i.IntermediateProofReplayer Proof replay took 211.79ms 
48350      DEBUG main            d.u.i.k.p.r.p.TestFile    ... success: reloaded. 
48352      INFO  main            d.u.i.k.p.r.p.TestFile    Now processing file /home/runner/work/key/key/key.core/../key.ui/examples/heap/permissions/permissionProperties.key 
48352      INFO  main            d.u.i.k.p.i.AbstractProblemLoader Loading environment from /home/runner/work/key/key/key.core/../key.ui/examples/heap/permissions/permissionProperties.key 
48352      DEBUG main            d.u.i.k.p.i.AbstractProblemLoader Environment load took 228.4ns 
48354      INFO  main            d.u.i.k.p.i.AbstractProblemLoader Creating init config 
48575      DEBUG main            d.u.i.k.j.TypeConverter   No LDT found for Meta 
48576      DEBUG main            d.u.i.k.j.TypeConverter   No LDT found for Meta 
48577      DEBUG main            d.u.i.k.j.TypeConverter   No LDT found for Meta 
48577      DEBUG main            d.u.i.k.j.TypeConverter   No LDT found for Meta 
49547      DEBUG main            d.u.i.k.j.TypeConverter   No LDT found for JavaBigintExpression 
53368      DEBUG main            d.u.i.k.p.i.AbstractProblemLoader Init config took 5.01s 
53400      INFO  main            d.u.i.k.p.i.AbstractProblemLoader Replaying proof permissionProperties.key 
53405      DEBUG main            d.u.i.k.p.i.IntermediateProofReplayer Proof replay took 9.6ns 
53612      INFO  main            d.u.i.k.p.r.p.TestFile    ... finished proof: closed. 
53865      INFO  main            d.u.i.k.p.i.AbstractProblemLoader Loading environment from /home/runner/work/key/key/key.core/../key.ui/examples/heap/permissions/permissionProperties.key.proof 
53869      DEBUG main            d.u.i.k.p.i.AbstractProblemLoader Environment load took 3.57ms 
53871      INFO  main            d.u.i.k.p.i.AbstractProblemLoader Creating init config 
57111      DEBUG main            d.u.i.k.p.i.AbstractProblemLoader Init config took 3.24s 
57138      INFO  main            d.u.i.k.p.i.AbstractProblemLoader Replaying proof permissionProperties.key.proof 
57162      DEBUG main            d.u.i.k.p.i.IntermediateProofReplayer Proof replay took 20.07ms 
57163      DEBUG main            d.u.i.k.p.r.p.TestFile    ... success: reloaded. 
57165      INFO  main            d.u.i.k.p.r.p.TestFile    Now processing file /home/runner/work/key/key/key.core/../key.ui/examples/heap/permissions/threads/AFilter_AFilter.key 
57165      INFO  main            d.u.i.k.p.i.AbstractProblemLoader Loading environment from /home/runner/work/key/key/key.core/../key.ui/examples/heap/permissions/threads/AFilter_AFilter.key 
57165      DEBUG main            d.u.i.k.p.i.AbstractProblemLoader Environment load took 251.4ns 
57167      INFO  main            d.u.i.k.p.i.AbstractProblemLoader Creating init config 
57390      DEBUG main            d.u.i.k.j.TypeConverter   No LDT found for Meta 
57391      DEBUG main            d.u.i.k.j.TypeConverter   No LDT found for Meta 
57392      DEBUG main            d.u.i.k.j.TypeConverter   No LDT found for Meta 
57392      DEBUG main            d.u.i.k.j.TypeConverter   No LDT found for Meta 
58189      DEBUG main            d.u.i.k.j.TypeConverter   No LDT found for JavaBigintExpression 
65211      DEBUG main            d.u.i.k.p.i.AbstractProblemLoader Init config took 8.04s 
65376      INFO  main            d.u.i.k.p.i.AbstractProblemLoader Replaying proof AFilter[AFilter::AFilter(Sampler,Buffer)].JML normal_behavior operation contract.0 
65380      DEBUG main            d.u.i.k.p.i.IntermediateProofReplayer Proof replay took 10ns 
66886      INFO  main            d.u.i.k.p.r.p.TestFile    ... finished proof: closed. 
67331      INFO  main            d.u.i.k.p.i.AbstractProblemLoader Loading environment from /home/runner/work/key/key/key.core/../key.ui/examples/heap/permissions/threads/AFilter_AFilter.key.proof 
67331      DEBUG main            d.u.i.k.p.i.AbstractProblemLoader Environment load took 185.3ns 
67333      INFO  main            d.u.i.k.p.i.AbstractProblemLoader Creating init config 
73597      DEBUG main            d.u.i.k.p.i.AbstractProblemLoader Init config took 6.26s 
73746      INFO  main            d.u.i.k.p.i.AbstractProblemLoader Replaying proof AFilter[AFilter::AFilter(Sampler,Buffer)].JML normal_behavior operation contract.0 
73955      DEBUG main            d.u.i.k.p.i.IntermediateProofReplayer Proof replay took 200.71ms 
73957      DEBUG main            d.u.i.k.p.r.p.TestFile    ... success: reloaded. 
73959      INFO  main            d.u.i.k.p.r.p.TestFile    Now processing file /home/runner/work/key/key/key.core/../key.ui/examples/heap/permissions/threads/AFilter_initPost_accessible.key 
73960      INFO  main            d.u.i.k.p.i.AbstractProblemLoader Loading environment from /home/runner/work/key/key/key.core/../key.ui/examples/heap/permissions/threads/AFilter_initPost_accessible.key 
73960      DEBUG main            d.u.i.k.p.i.AbstractProblemLoader Environment load took 232.4ns 
73962      INFO  main            d.u.i.k.p.i.AbstractProblemLoader Creating init config 
80206      DEBUG main            d.u.i.k.p.i.AbstractProblemLoader Init config took 6.24s 
80342      INFO  main            d.u.i.k.p.i.AbstractProblemLoader Replaying proof AFilter[ThreadSpec2::initPost()].JML accessible clause.0 
80345      DEBUG main            d.u.i.k.p.i.IntermediateProofReplayer Proof replay took 8.7ns 
80448      INFO  main            d.u.i.k.p.r.p.TestFile    ... finished proof: closed. 
80740      INFO  main            d.u.i.k.p.i.AbstractProblemLoader Loading environment from /home/runner/work/key/key/key.core/../key.ui/examples/heap/permissions/threads/AFilter_initPost_accessible.key.proof 
80741      DEBUG main            d.u.i.k.p.i.AbstractProblemLoader Environment load took 156.4ns 
80743      INFO  main            d.u.i.k.p.i.AbstractProblemLoader Creating init config 
87099      DEBUG main            d.u.i.k.p.i.AbstractProblemLoader Init config took 6.36s 
87230      INFO  main            d.u.i.k.p.i.AbstractProblemLoader Replaying proof AFilter[ThreadSpec2::initPost()].JML accessible clause.0 
87275      DEBUG main            d.u.i.k.p.i.IntermediateProofReplayer Proof replay took 42.26ms 
87277      DEBUG main            d.u.i.k.p.r.p.TestFile    ... success: reloaded. 
87279      INFO  main            d.u.i.k.p.r.p.TestFile    Now processing file /home/runner/work/key/key/key.core/../key.ui/examples/heap/permissions/threads/AFilter_inv_accessible1.key 
87279      INFO  main            d.u.i.k.p.i.AbstractProblemLoader Loading environment from /home/runner/work/key/key/key.core/../key.ui/examples/heap/permissions/threads/AFilter_inv_accessible1.key 
87280      DEBUG main            d.u.i.k.p.i.AbstractProblemLoader Environment load took 219.2ns 
87281      INFO  main            d.u.i.k.p.i.AbstractProblemLoader Creating init config 
93565      DEBUG main            d.u.i.k.p.i.AbstractProblemLoader Init config took 6.28s 
93705      INFO  main            d.u.i.k.p.i.AbstractProblemLoader Replaying proof AFilter[java.lang.Object::<inv>()].JML accessible clause.0 
93707      DEBUG main            d.u.i.k.p.i.IntermediateProofReplayer Proof replay took 8.9ns 
93809      INFO  main            d.u.i.k.p.r.p.TestFile    ... finished proof: closed. 
94151      INFO  main            d.u.i.k.p.i.AbstractProblemLoader Loading environment from /home/runner/work/key/key/key.core/../key.ui/examples/heap/permissions/threads/AFilter_inv_accessible1.key.proof 
94151      DEBUG main            d.u.i.k.p.i.AbstractProblemLoader Environment load took 143.1ns 
94152      INFO  main            d.u.i.k.p.i.AbstractProblemLoader Creating init config 
100185     DEBUG main            d.u.i.k.p.i.AbstractProblemLoader Init config took 6.03s 
100341     INFO  main            d.u.i.k.p.i.AbstractProblemLoader Replaying proof AFilter[java.lang.Object::<inv>()].JML accessible clause.0 
100350     DEBUG main            d.u.i.k.p.i.IntermediateProofReplayer Proof replay took 5.27ms 
100353     DEBUG main            d.u.i.k.p.r.p.TestFile    ... success: reloaded. 
100355     INFO  main            d.u.i.k.p.r.p.TestFile    Now processing file /home/runner/work/key/key/key.core/../key.ui/examples/heap/permissions/threads/AFilter_inv_accessible2.key 
100355     INFO  main            d.u.i.k.p.i.AbstractProblemLoader Loading environment from /home/runner/work/key/key/key.core/../key.ui/examples/heap/permissions/threads/AFilter_inv_accessible2.key 
100355     DEBUG main            d.u.i.k.p.i.AbstractProblemLoader Environment load took 138.31ns 
100357     INFO  main            d.u.i.k.p.i.AbstractProblemLoader Creating init config 
106494     DEBUG main            d.u.i.k.p.i.AbstractProblemLoader Init config took 6.14s 
106632     INFO  main            d.u.i.k.p.i.AbstractProblemLoader Replaying proof AFilter[java.lang.Object::<inv>()].JML accessible clause.1 
106635     DEBUG main            d.u.i.k.p.i.IntermediateProofReplayer Proof replay took 29.5ns 
106737     INFO  main            d.u.i.k.p.r.p.TestFile    ... finished proof: closed. 
107027     INFO  main            d.u.i.k.p.i.AbstractProblemLoader Loading environment from /home/runner/work/key/key/key.core/../key.ui/examples/heap/permissions/threads/AFilter_inv_accessible2.key.proof 
107027     DEBUG main            d.u.i.k.p.i.AbstractProblemLoader Environment load took 144.2ns 
107029     INFO  main            d.u.i.k.p.i.AbstractProblemLoader Creating init config 
113083     DEBUG main            d.u.i.k.p.i.AbstractProblemLoader Init config took 6.05s 
113195     INFO  main            d.u.i.k.p.i.AbstractProblemLoader Replaying proof AFilter[java.lang.Object::<inv>()].JML accessible clause.1 
113200     DEBUG main            d.u.i.k.p.i.IntermediateProofReplayer Proof replay took 2.71ms 
113201     DEBUG main            d.u.i.k.p.r.p.TestFile    ... success: reloaded. 
113203     INFO  main            d.u.i.k.p.r.p.TestFile    Now processing file /home/runner/work/key/key/key.core/../key.ui/examples/heap/permissions/threads/AFilter_joinTransfer_accessible.key 
113203     INFO  main            d.u.i.k.p.i.AbstractProblemLoader Loading environment from /home/runner/work/key/key/key.core/../key.ui/examples/heap/permissions/threads/AFilter_joinTransfer_accessible.key 
113203     DEBUG main            d.u.i.k.p.i.AbstractProblemLoader Environment load took 231ns 
113205     INFO  main            d.u.i.k.p.i.AbstractProblemLoader Creating init config 
119407     DEBUG main            d.u.i.k.p.i.AbstractProblemLoader Init config took 6.2s 
119526     INFO  main            d.u.i.k.p.i.AbstractProblemLoader Replaying proof AFilter[ThreadSpec2::joinTransfer()].JML accessible clause.0 
119530     DEBUG main            d.u.i.k.p.i.IntermediateProofReplayer Proof replay took 9.8ns 
124775     INFO  main            d.u.i.k.p.r.p.TestFile    ... finished proof: closed. 
125140     INFO  main            d.u.i.k.p.i.AbstractProblemLoader Loading environment from /home/runner/work/key/key/key.core/../key.ui/examples/heap/permissions/threads/AFilter_joinTransfer_accessible.key.proof 
125141     DEBUG main            d.u.i.k.p.i.AbstractProblemLoader Environment load took 807.6ns 
125143     INFO  main            d.u.i.k.p.i.AbstractProblemLoader Creating init config 
131252     DEBUG main            d.u.i.k.p.i.AbstractProblemLoader Init config took 6.11s 
131364     INFO  main            d.u.i.k.p.i.AbstractProblemLoader Replaying proof AFilter[ThreadSpec2::joinTransfer()].JML accessible clause.0 
131713     DEBUG main            d.u.i.k.p.i.IntermediateProofReplayer Proof replay took 335.76ms 
131715     DEBUG main            d.u.i.k.p.r.p.TestFile    ... success: reloaded. 
131717     INFO  main            d.u.i.k.p.r.p.TestFile    Now processing file /home/runner/work/key/key/key.core/../key.ui/examples/heap/permissions/threads/AFilter_joinTransfer_contract.key 
131718     INFO  main            d.u.i.k.p.i.AbstractProblemLoader Loading environment from /home/runner/work/key/key/key.core/../key.ui/examples/heap/permissions/threads/AFilter_joinTransfer_contract.key 
131718     DEBUG main            d.u.i.k.p.i.AbstractProblemLoader Environment load took 343.7ns 
131720     INFO  main            d.u.i.k.p.i.AbstractProblemLoader Creating init config 
137938     DEBUG main            d.u.i.k.p.i.AbstractProblemLoader Init config took 6.22s 
138087     INFO  main            d.u.i.k.p.i.AbstractProblemLoader Replaying proof AFilter[ThreadSpec2::joinTransfer()].JML model_behavior operation contract.0 
138089     DEBUG main            d.u.i.k.p.i.IntermediateProofReplayer Proof replay took 9.8ns 
138191     INFO  main            d.u.i.k.p.r.p.TestFile    ... finished proof: closed. 
138513     INFO  main            d.u.i.k.p.i.AbstractProblemLoader Loading environment from /home/runner/work/key/key/key.core/../key.ui/examples/heap/permissions/threads/AFilter_joinTransfer_contract.key.proof 
138514     DEBUG main            d.u.i.k.p.i.AbstractProblemLoader Environment load took 167.2ns 
138515     INFO  main            d.u.i.k.p.i.AbstractProblemLoader Creating init config 
144660     DEBUG main            d.u.i.k.p.i.AbstractProblemLoader Init config took 6.15s 
144802     INFO  main            d.u.i.k.p.i.AbstractProblemLoader Replaying proof AFilter[ThreadSpec2::joinTransfer()].JML model_behavior operation contract.0 
144822     DEBUG main            d.u.i.k.p.i.IntermediateProofReplayer Proof replay took 12.15ms 
144823     DEBUG main            d.u.i.k.p.r.p.TestFile    ... success: reloaded. 
144825     INFO  main            d.u.i.k.p.r.p.TestFile    Now processing file /home/runner/work/key/key/key.core/../key.ui/examples/heap/permissions/threads/AFilter_postJoin_accessible.key 
144825     INFO  main            d.u.i.k.p.i.AbstractProblemLoader Loading environment from /home/runner/work/key/key/key.core/../key.ui/examples/heap/permissions/threads/AFilter_postJoin_accessible.key 
144825     DEBUG main            d.u.i.k.p.i.AbstractProblemLoader Environment load took 124.5ns 
144827     INFO  main            d.u.i.k.p.i.AbstractProblemLoader Creating init config 
151249     DEBUG main            d.u.i.k.p.i.AbstractProblemLoader Init config took 6.42s 
151361     INFO  main            d.u.i.k.p.i.AbstractProblemLoader Replaying proof AFilter[ThreadSpec2::postJoin(java.lang.Object)].JML accessible clause.0 
151364     DEBUG main            d.u.i.k.p.i.IntermediateProofReplayer Proof replay took 10.2ns 
151467     INFO  main            d.u.i.k.p.r.p.TestFile    ... finished proof: closed. 
151919     INFO  main            d.u.i.k.p.i.AbstractProblemLoader Loading environment from /home/runner/work/key/key/key.core/../key.ui/examples/heap/permissions/threads/AFilter_postJoin_accessible.key.proof 
151920     DEBUG main            d.u.i.k.p.i.AbstractProblemLoader Environment load took 203.8ns 
151921     INFO  main            d.u.i.k.p.i.AbstractProblemLoader Creating init config 
158161     DEBUG main            d.u.i.k.p.i.AbstractProblemLoader Init config took 6.24s 
158279     INFO  main            d.u.i.k.p.i.AbstractProblemLoader Replaying proof AFilter[ThreadSpec2::postJoin(java.lang.Object)].JML accessible clause.0 
158291     DEBUG main            d.u.i.k.p.i.IntermediateProofReplayer Proof replay took 8.6ms 
158292     DEBUG main            d.u.i.k.p.r.p.TestFile    ... success: reloaded. 
158294     INFO  main            d.u.i.k.p.r.p.TestFile    Now processing file /home/runner/work/key/key/key.core/../key.ui/examples/heap/permissions/threads/AFilter_preStart_accessible.key 
158294     INFO  main            d.u.i.k.p.i.AbstractProblemLoader Loading environment from /home/runner/work/key/key/key.core/../key.ui/examples/heap/permissions/threads/AFilter_preStart_accessible.key 
158294     DEBUG main            d.u.i.k.p.i.AbstractProblemLoader Environment load took 159.7ns 
158296     INFO  main            d.u.i.k.p.i.AbstractProblemLoader Creating init config 
164472     DEBUG main            d.u.i.k.p.i.AbstractProblemLoader Init config took 6.18s 
164590     INFO  main            d.u.i.k.p.i.AbstractProblemLoader Replaying proof AFilter[ThreadSpec2::preStart(java.lang.Object)].JML accessible clause.0 
164592     DEBUG main            d.u.i.k.p.i.IntermediateProofReplayer Proof replay took 9.2ns 
164997     INFO  main            d.u.i.k.p.r.p.TestFile    ... finished proof: closed. 
165377     INFO  main            d.u.i.k.p.i.AbstractProblemLoader Loading environment from /home/runner/work/key/key/key.core/../key.ui/examples/heap/permissions/threads/AFilter_preStart_accessible.key.proof 
165378     DEBUG main            d.u.i.k.p.i.AbstractProblemLoader Environment load took 576.6ns 
165381     INFO  main            d.u.i.k.p.i.AbstractProblemLoader Creating init config 
171532     DEBUG main            d.u.i.k.p.i.AbstractProblemLoader Init config took 6.15s 
171660     INFO  main            d.u.i.k.p.i.AbstractProblemLoader Replaying proof AFilter[ThreadSpec2::preStart(java.lang.Object)].JML accessible clause.0 
171705     DEBUG main            d.u.i.k.p.i.IntermediateProofReplayer Proof replay took 39.77ms 
171707     DEBUG main            d.u.i.k.p.r.p.TestFile    ... success: reloaded. 
171708     INFO  main            d.u.i.k.p.r.p.TestFile    Now processing file /home/runner/work/key/key/key.core/../key.ui/examples/heap/permissions/threads/AFilter_startTransfer_accessible.key 
171709     INFO  main            d.u.i.k.p.i.AbstractProblemLoader Loading environment from /home/runner/work/key/key/key.core/../key.ui/examples/heap/permissions/threads/AFilter_startTransfer_accessible.key 
171709     DEBUG main            d.u.i.k.p.i.AbstractProblemLoader Environment load took 220.7ns 
171710     INFO  main            d.u.i.k.p.i.AbstractProblemLoader Creating init config 
177852     DEBUG main            d.u.i.k.p.i.AbstractProblemLoader Init config took 6.14s 
177988     INFO  main            d.u.i.k.p.i.AbstractProblemLoader Replaying proof AFilter[ThreadSpec2::startTransfer()].JML accessible clause.0 
177990     DEBUG main            d.u.i.k.p.i.IntermediateProofReplayer Proof replay took 10.2ns 
187966     INFO  main            d.u.i.k.p.r.p.TestFile    ... finished proof: closed. 
188367     INFO  main            d.u.i.k.p.i.AbstractProblemLoader Loading environment from /home/runner/work/key/key/key.core/../key.ui/examples/heap/permissions/threads/AFilter_startTransfer_accessible.key.proof 
188367     DEBUG main            d.u.i.k.p.i.AbstractProblemLoader Environment load took 450.8ns 
188369     INFO  main            d.u.i.k.p.i.AbstractProblemLoader Creating init config 
194422     DEBUG main            d.u.i.k.p.i.AbstractProblemLoader Init config took 6.05s 
194541     INFO  main            d.u.i.k.p.i.AbstractProblemLoader Replaying proof AFilter[ThreadSpec2::startTransfer()].JML accessible clause.0 
195056     DEBUG main            d.u.i.k.p.i.IntermediateProofReplayer Proof replay took 495.75ms 
195058     DEBUG main            d.u.i.k.p.r.p.TestFile    ... success: reloaded. 
195060     INFO  main            d.u.i.k.p.r.p.TestFile    Now processing file /home/runner/work/key/key/key.core/../key.ui/examples/heap/permissions/threads/AFilter_startTransfer_contract.key 
195060     INFO  main            d.u.i.k.p.i.AbstractProblemLoader Loading environment from /home/runner/work/key/key/key.core/../key.ui/examples/heap/permissions/threads/AFilter_startTransfer_contract.key 
195060     DEBUG main            d.u.i.k.p.i.AbstractProblemLoader Environment load took 160.2ns 
195061     INFO  main            d.u.i.k.p.i.AbstractProblemLoader Creating init config 
201334     DEBUG main            d.u.i.k.p.i.AbstractProblemLoader Init config took 6.27s 
201483     INFO  main            d.u.i.k.p.i.AbstractProblemLoader Replaying proof AFilter[ThreadSpec2::startTransfer()].JML model_behavior operation contract.0 
201485     DEBUG main            d.u.i.k.p.i.IntermediateProofReplayer Proof replay took 9.3ns 
202090     INFO  main            d.u.i.k.p.r.p.TestFile    ... finished proof: closed. 
202459     INFO  main            d.u.i.k.p.i.AbstractProblemLoader Loading environment from /home/runner/work/key/key/key.core/../key.ui/examples/heap/permissions/threads/AFilter_startTransfer_contract.key.proof 
202459     DEBUG main            d.u.i.k.p.i.AbstractProblemLoader Environment load took 701.3ns 
202461     INFO  main            d.u.i.k.p.i.AbstractProblemLoader Creating init config 
208483     DEBUG main            d.u.i.k.p.i.AbstractProblemLoader Init config took 6.02s 
208628     INFO  main            d.u.i.k.p.i.AbstractProblemLoader Replaying proof AFilter[ThreadSpec2::startTransfer()].JML model_behavior operation contract.0 
208694     DEBUG main            d.u.i.k.p.i.IntermediateProofReplayer Proof replay took 59.95ms 
208696     DEBUG main            d.u.i.k.p.r.p.TestFile    ... success: reloaded. 
208698     INFO  main            d.u.i.k.p.r.p.TestFile    Now processing file /home/runner/work/key/key/key.core/../key.ui/examples/heap/permissions/threads/AFilter_stateInv_accessible.key 
208698     INFO  main            d.u.i.k.p.i.AbstractProblemLoader Loading environment from /home/runner/work/key/key/key.core/../key.ui/examples/heap/permissions/threads/AFilter_stateInv_accessible.key 
208698     DEBUG main            d.u.i.k.p.i.AbstractProblemLoader Environment load took 233.5ns 
208700     INFO  main            d.u.i.k.p.i.AbstractProblemLoader Creating init config 
215009     DEBUG main            d.u.i.k.p.i.AbstractProblemLoader Init config took 6.31s 
215116     INFO  main            d.u.i.k.p.i.AbstractProblemLoader Replaying proof AFilter[ThreadSpec2::stateInv()].JML accessible clause.0 
215118     DEBUG main            d.u.i.k.p.i.IntermediateProofReplayer Proof replay took 8.6ns 
215624     INFO  main            d.u.i.k.p.r.p.TestFile    ... finished proof: closed. 
216001     INFO  main            d.u.i.k.p.i.AbstractProblemLoader Loading environment from /home/runner/work/key/key/key.core/../key.ui/examples/heap/permissions/threads/AFilter_stateInv_accessible.key.proof 
216002     DEBUG main            d.u.i.k.p.i.AbstractProblemLoader Environment load took 414.7ns 
216003     INFO  main            d.u.i.k.p.i.AbstractProblemLoader Creating init config 
222189     DEBUG main            d.u.i.k.p.i.AbstractProblemLoader Init config took 6.19s 
222307     INFO  main            d.u.i.k.p.i.AbstractProblemLoader Replaying proof AFilter[ThreadSpec2::stateInv()].JML accessible clause.0 
222353     DEBUG main            d.u.i.k.p.i.IntermediateProofReplayer Proof replay took 42.23ms 
222355     DEBUG main            d.u.i.k.p.r.p.TestFile    ... success: reloaded. 
222356     INFO  main            d.u.i.k.p.r.p.TestFile    Now processing file /home/runner/work/key/key/key.core/../key.ui/examples/heap/permissions/threads/AFilter_staticPermissions_accessible.key 
222356     INFO  main            d.u.i.k.p.i.AbstractProblemLoader Loading environment from /home/runner/work/key/key/key.core/../key.ui/examples/heap/permissions/threads/AFilter_staticPermissions_accessible.key 
222356     DEBUG main            d.u.i.k.p.i.AbstractProblemLoader Environment load took 81.2ns 
222357     INFO  main            d.u.i.k.p.i.AbstractProblemLoader Creating init config 
228633     DEBUG main            d.u.i.k.p.i.AbstractProblemLoader Init config took 6.28s 
228770     INFO  main            d.u.i.k.p.i.AbstractProblemLoader Replaying proof AFilter[ThreadSpec2::staticPermissions()].JML accessible clause.0 
228772     DEBUG main            d.u.i.k.p.i.IntermediateProofReplayer Proof replay took 8.8ns 
228875     INFO  main            d.u.i.k.p.r.p.TestFile    ... finished proof: closed. 
229263     INFO  main            d.u.i.k.p.i.AbstractProblemLoader Loading environment from /home/runner/work/key/key/key.core/../key.ui/examples/heap/permissions/threads/AFilter_staticPermissions_accessible.key.proof 
229263     DEBUG main            d.u.i.k.p.i.AbstractProblemLoader Environment load took 128.9ns 
229265     INFO  main            d.u.i.k.p.i.AbstractProblemLoader Creating init config 
235463     DEBUG main            d.u.i.k.p.i.AbstractProblemLoader Init config took 6.2s 
235571     INFO  main            d.u.i.k.p.i.AbstractProblemLoader Replaying proof AFilter[ThreadSpec2::staticPermissions()].JML accessible clause.0 
235590     DEBUG main            d.u.i.k.p.i.IntermediateProofReplayer Proof replay took 14.89ms 
235592     DEBUG main            d.u.i.k.p.r.p.TestFile    ... success: reloaded. 
235593     INFO  main            d.u.i.k.p.r.p.TestFile    Now processing file /home/runner/work/key/key/key.core/../key.ui/examples/heap/permissions/threads/AFilter_workingPermissions_accessible.key 
235593     INFO  main            d.u.i.k.p.i.AbstractProblemLoader Loading environment from /home/runner/work/key/key/key.core/../key.ui/examples/heap/permissions/threads/AFilter_workingPermissions_accessible.key 
235594     DEBUG main            d.u.i.k.p.i.AbstractProblemLoader Environment load took 123.5ns 
235595     INFO  main            d.u.i.k.p.i.AbstractProblemLoader Creating init config 
241871     DEBUG main            d.u.i.k.p.i.AbstractProblemLoader Init config took 6.28s 
241981     INFO  main            d.u.i.k.p.i.AbstractProblemLoader Replaying proof AFilter[ThreadSpec2::workingPermissions()].JML accessible clause.0 
241983     DEBUG main            d.u.i.k.p.i.IntermediateProofReplayer Proof replay took 7.9ns 
242085     INFO  main            d.u.i.k.p.r.p.TestFile    ... finished proof: closed. 
242471     INFO  main            d.u.i.k.p.i.AbstractProblemLoader Loading environment from /home/runner/work/key/key/key.core/../key.ui/examples/heap/permissions/threads/AFilter_workingPermissions_accessible.key.proof 
242471     DEBUG main            d.u.i.k.p.i.AbstractProblemLoader Environment load took 132.5ns 
242472     INFO  main            d.u.i.k.p.i.AbstractProblemLoader Creating init config 
248674     DEBUG main            d.u.i.k.p.i.AbstractProblemLoader Init config took 6.2s 
248833     INFO  main            d.u.i.k.p.i.AbstractProblemLoader Replaying proof AFilter[ThreadSpec2::workingPermissions()].JML accessible clause.0 
248849     DEBUG main            d.u.i.k.p.i.IntermediateProofReplayer Proof replay took 10.82ms 
248851     DEBUG main            d.u.i.k.p.r.p.TestFile    ... success: reloaded. 
248852     INFO  main            d.u.i.k.p.r.p.TestFile    Now processing file /home/runner/work/key/key/key.core/../key.ui/examples/heap/permissions/threads/BFilter_BFilter.key 
248853     INFO  main            d.u.i.k.p.i.AbstractProblemLoader Loading environment from /home/runner/work/key/key/key.core/../key.ui/examples/heap/permissions/threads/BFilter_BFilter.key 
248853     DEBUG main            d.u.i.k.p.i.AbstractProblemLoader Environment load took 227.8ns 
248855     INFO  main            d.u.i.k.p.i.AbstractProblemLoader Creating init config 
255095     DEBUG main            d.u.i.k.p.i.AbstractProblemLoader Init config took 6.24s 
255232     INFO  main            d.u.i.k.p.i.AbstractProblemLoader Replaying proof BFilter[BFilter::BFilter(Sampler,Buffer)].JML normal_behavior operation contract.0 
255239     DEBUG main            d.u.i.k.p.i.IntermediateProofReplayer Proof replay took 9.7ns 
256785     INFO  main            d.u.i.k.p.r.p.TestFile    ... finished proof: closed. 
257247     INFO  main            d.u.i.k.p.i.AbstractProblemLoader Loading environment from /home/runner/work/key/key/key.core/../key.ui/examples/heap/permissions/threads/BFilter_BFilter.key.proof 
257248     DEBUG main            d.u.i.k.p.i.AbstractProblemLoader Environment load took 666.4ns 
257249     INFO  main            d.u.i.k.p.i.AbstractProblemLoader Creating init config 
263518     DEBUG main            d.u.i.k.p.i.AbstractProblemLoader Init config took 6.27s 
263628     INFO  main            d.u.i.k.p.i.AbstractProblemLoader Replaying proof BFilter[BFilter::BFilter(Sampler,Buffer)].JML normal_behavior operation contract.0 
263800     DEBUG main            d.u.i.k.p.i.IntermediateProofReplayer Proof replay took 163.87ms 
263802     DEBUG main            d.u.i.k.p.r.p.TestFile    ... success: reloaded. 
263803     INFO  main            d.u.i.k.p.r.p.TestFile    Now processing file /home/runner/work/key/key/key.core/../key.ui/examples/heap/permissions/threads/BFilter_initPost_accessible.key 
263804     INFO  main            d.u.i.k.p.i.AbstractProblemLoader Loading environment from /home/runner/work/key/key/key.core/../key.ui/examples/heap/permissions/threads/BFilter_initPost_accessible.key 
263804     DEBUG main            d.u.i.k.p.i.AbstractProblemLoader Environment load took 356.2ns 
263808     INFO  main            d.u.i.k.p.i.AbstractProblemLoader Creating init config 
270158     DEBUG main            d.u.i.k.p.i.AbstractProblemLoader Init config took 6.35s 
270277     INFO  main            d.u.i.k.p.i.AbstractProblemLoader Replaying proof BFilter[ThreadSpec2::initPost()].JML accessible clause.0 
270279     DEBUG main            d.u.i.k.p.i.IntermediateProofReplayer Proof replay took 9.3ns 
270381     INFO  main            d.u.i.k.p.r.p.TestFile    ... finished proof: closed. 
270791     INFO  main            d.u.i.k.p.i.AbstractProblemLoader Loading environment from /home/runner/work/key/key/key.core/../key.ui/examples/heap/permissions/threads/BFilter_initPost_accessible.key.proof 
270791     DEBUG main            d.u.i.k.p.i.AbstractProblemLoader Environment load took 156.5ns 
270793     INFO  main            d.u.i.k.p.i.AbstractProblemLoader Creating init config 
276982     DEBUG main            d.u.i.k.p.i.AbstractProblemLoader Init config took 6.19s 
277107     INFO  main            d.u.i.k.p.i.AbstractProblemLoader Replaying proof BFilter[ThreadSpec2::initPost()].JML accessible clause.0 
277123     DEBUG main            d.u.i.k.p.i.IntermediateProofReplayer Proof replay took 13.37ms 
277125     DEBUG main            d.u.i.k.p.r.p.TestFile    ... success: reloaded. 
277127     INFO  main            d.u.i.k.p.r.p.TestFile    Now processing file /home/runner/work/key/key/key.core/../key.ui/examples/heap/permissions/threads/BFilter_inv_accessible1.key 
277127     INFO  main            d.u.i.k.p.i.AbstractProblemLoader Loading environment from /home/runner/work/key/key/key.core/../key.ui/examples/heap/permissions/threads/BFilter_inv_accessible1.key 
277127     DEBUG main            d.u.i.k.p.i.AbstractProblemLoader Environment load took 117.2ns 
277128     INFO  main            d.u.i.k.p.i.AbstractProblemLoader Creating init config 
283677     DEBUG main            d.u.i.k.p.i.AbstractProblemLoader Init config took 6.55s 
283796     INFO  main            d.u.i.k.p.i.AbstractProblemLoader Replaying proof BFilter[java.lang.Object::<inv>()].JML accessible clause.0 
283799     DEBUG main            d.u.i.k.p.i.IntermediateProofReplayer Proof replay took 8.4ns 
283901     INFO  main            d.u.i.k.p.r.p.TestFile    ... finished proof: closed. 
284329     INFO  main            d.u.i.k.p.i.AbstractProblemLoader Loading environment from /home/runner/work/key/key/key.core/../key.ui/examples/heap/permissions/threads/BFilter_inv_accessible1.key.proof 
284329     DEBUG main            d.u.i.k.p.i.AbstractProblemLoader Environment load took 137ns 
284331     INFO  main            d.u.i.k.p.i.AbstractProblemLoader Creating init config 
290503     DEBUG main            d.u.i.k.p.i.AbstractProblemLoader Init config took 6.17s 
290621     INFO  main            d.u.i.k.p.i.AbstractProblemLoader Replaying proof BFilter[java.lang.Object::<inv>()].JML accessible clause.0 
290625     DEBUG main            d.u.i.k.p.i.IntermediateProofReplayer Proof replay took 2.05ms 
290626     DEBUG main            d.u.i.k.p.r.p.TestFile    ... success: reloaded. 
290627     INFO  main            d.u.i.k.p.r.p.TestFile    Now processing file /home/runner/work/key/key/key.core/../key.ui/examples/heap/permissions/threads/BFilter_inv_accessible2.key 
290627     INFO  main            d.u.i.k.p.i.AbstractProblemLoader Loading environment from /home/runner/work/key/key/key.core/../key.ui/examples/heap/permissions/threads/BFilter_inv_accessible2.key 
290627     DEBUG main            d.u.i.k.p.i.AbstractProblemLoader Environment load took 98.8ns 
290628     INFO  main            d.u.i.k.p.i.AbstractProblemLoader Creating init config 
296598     DEBUG main            d.u.i.k.p.i.AbstractProblemLoader Init config took 5.97s 
296725     INFO  main            d.u.i.k.p.i.AbstractProblemLoader Replaying proof BFilter[java.lang.Object::<inv>()].JML accessible clause.1 
296728     DEBUG main            d.u.i.k.p.i.IntermediateProofReplayer Proof replay took 8.9ns 
296839     INFO  main            d.u.i.k.p.r.p.TestFile    ... finished proof: closed. 
297247     INFO  main            d.u.i.k.p.i.AbstractProblemLoader Loading environment from /home/runner/work/key/key/key.core/../key.ui/examples/heap/permissions/threads/BFilter_inv_accessible2.key.proof 
297247     DEBUG main            d.u.i.k.p.i.AbstractProblemLoader Environment load took 187.8ns 
297248     INFO  main            d.u.i.k.p.i.AbstractProblemLoader Creating init config 
303522     DEBUG main            d.u.i.k.p.i.AbstractProblemLoader Init config took 6.27s 
303636     INFO  main            d.u.i.k.p.i.AbstractProblemLoader Replaying proof BFilter[java.lang.Object::<inv>()].JML accessible clause.1 
303641     DEBUG main            d.u.i.k.p.i.IntermediateProofReplayer Proof replay took 2.25ms 
303643     DEBUG main            d.u.i.k.p.r.p.TestFile    ... success: reloaded. 
303644     INFO  main            d.u.i.k.p.r.p.TestFile    Now processing file /home/runner/work/key/key/key.core/../key.ui/examples/heap/permissions/threads/BFilter_joinTransfer_accessible.key 
303645     INFO  main            d.u.i.k.p.i.AbstractProblemLoader Loading environment from /home/runner/work/key/key/key.core/../key.ui/examples/heap/permissions/threads/BFilter_joinTransfer_accessible.key 
303645     DEBUG main            d.u.i.k.p.i.AbstractProblemLoader Environment load took 242.9ns 
303646     INFO  main            d.u.i.k.p.i.AbstractProblemLoader Creating init config 
310232     DEBUG main            d.u.i.k.p.i.AbstractProblemLoader Init config took 6.59s 
310364     INFO  main            d.u.i.k.p.i.AbstractProblemLoader Replaying proof BFilter[ThreadSpec2::joinTransfer()].JML accessible clause.0 
310367     DEBUG main            d.u.i.k.p.i.IntermediateProofReplayer Proof replay took 9ns 
315483     INFO  main            d.u.i.k.p.r.p.TestFile    ... finished proof: closed. 
315998     INFO  main            d.u.i.k.p.i.AbstractProblemLoader Loading environment from /home/runner/work/key/key/key.core/../key.ui/examples/heap/permissions/threads/BFilter_joinTransfer_accessible.key.proof 
315998     DEBUG main            d.u.i.k.p.i.AbstractProblemLoader Environment load took 213ns 
316000     INFO  main            d.u.i.k.p.i.AbstractProblemLoader Creating init config 
322311     DEBUG main            d.u.i.k.p.i.AbstractProblemLoader Init config took 6.31s 
322430     INFO  main            d.u.i.k.p.i.AbstractProblemLoader Replaying proof BFilter[ThreadSpec2::joinTransfer()].JML accessible clause.0 
322795     DEBUG main            d.u.i.k.p.i.IntermediateProofReplayer Proof replay took 351.28ms 
322796     DEBUG main            d.u.i.k.p.r.p.TestFile    ... success: reloaded. 
322798     INFO  main            d.u.i.k.p.r.p.TestFile    Now processing file /home/runner/work/key/key/key.core/../key.ui/examples/heap/permissions/threads/BFilter_joinTransfer_contract.key 
322798     INFO  main            d.u.i.k.p.i.AbstractProblemLoader Loading environment from /home/runner/work/key/key/key.core/../key.ui/examples/heap/permissions/threads/BFilter_joinTransfer_contract.key 
322798     DEBUG main            d.u.i.k.p.i.AbstractProblemLoader Environment load took 204.1ns 
322800     INFO  main            d.u.i.k.p.i.AbstractProblemLoader Creating init config 
329133     DEBUG main            d.u.i.k.p.i.AbstractProblemLoader Init config took 6.33s 
329263     INFO  main            d.u.i.k.p.i.AbstractProblemLoader Replaying proof BFilter[ThreadSpec2::joinTransfer()].JML model_behavior operation contract.0 
329265     DEBUG main            d.u.i.k.p.i.IntermediateProofReplayer Proof replay took 7.8ns 
329368     INFO  main            d.u.i.k.p.r.p.TestFile    ... finished proof: closed. 
330024     INFO  main            d.u.i.k.p.i.AbstractProblemLoader Loading environment from /home/runner/work/key/key/key.core/../key.ui/examples/heap/permissions/threads/BFilter_joinTransfer_contract.key.proof 
330024     DEBUG main            d.u.i.k.p.i.AbstractProblemLoader Environment load took 167.1ns 
330025     INFO  main            d.u.i.k.p.i.AbstractProblemLoader Creating init config 
336076     DEBUG main            d.u.i.k.p.i.AbstractProblemLoader Init config took 6.05s 
336190     INFO  main            d.u.i.k.p.i.AbstractProblemLoader Replaying proof BFilter[ThreadSpec2::joinTransfer()].JML model_behavior operation contract.0 
336202     DEBUG main            d.u.i.k.p.i.IntermediateProofReplayer Proof replay took 9.79ms 
336203     DEBUG main            d.u.i.k.p.r.p.TestFile    ... success: reloaded. 
336205     INFO  main            d.u.i.k.p.r.p.TestFile    Now processing file /home/runner/work/key/key/key.core/../key.ui/examples/heap/permissions/threads/BFilter_postJoin_accessible.key 
336205     INFO  main            d.u.i.k.p.i.AbstractProblemLoader Loading environment from /home/runner/work/key/key/key.core/../key.ui/examples/heap/permissions/threads/BFilter_postJoin_accessible.key 
336205     DEBUG main            d.u.i.k.p.i.AbstractProblemLoader Environment load took 328.3ns 
336207     INFO  main            d.u.i.k.p.i.AbstractProblemLoader Creating init config 
342500     DEBUG main            d.u.i.k.p.i.AbstractProblemLoader Init config took 6.29s 
342615     INFO  main            d.u.i.k.p.i.AbstractProblemLoader Replaying proof BFilter[ThreadSpec2::postJoin(java.lang.Object)].JML accessible clause.0 
342617     DEBUG main            d.u.i.k.p.i.IntermediateProofReplayer Proof replay took 7.9ns 
342723     INFO  main            d.u.i.k.p.r.p.TestFile    ... finished proof: closed. 
343207     INFO  main            d.u.i.k.p.i.AbstractProblemLoader Loading environment from /home/runner/work/key/key/key.core/../key.ui/examples/heap/permissions/threads/BFilter_postJoin_accessible.key.proof 
343207     DEBUG main            d.u.i.k.p.i.AbstractProblemLoader Environment load took 120.2ns 
343210     INFO  main            d.u.i.k.p.i.AbstractProblemLoader Creating init config 
349393     DEBUG main            d.u.i.k.p.i.AbstractProblemLoader Init config took 6.18s 
349497     INFO  main            d.u.i.k.p.i.AbstractProblemLoader Replaying proof BFilter[ThreadSpec2::postJoin(java.lang.Object)].JML accessible clause.0 
349507     DEBUG main            d.u.i.k.p.i.IntermediateProofReplayer Proof replay took 6.73ms 
349508     DEBUG main            d.u.i.k.p.r.p.TestFile    ... success: reloaded. 
349510     INFO  main            d.u.i.k.p.r.p.TestFile    Now processing file /home/runner/work/key/key/key.core/../key.ui/examples/heap/permissions/threads/BFilter_preStart_accessible.key 
349510     INFO  main            d.u.i.k.p.i.AbstractProblemLoader Loading environment from /home/runner/work/key/key/key.core/../key.ui/examples/heap/permissions/threads/BFilter_preStart_accessible.key 
349510     DEBUG main            d.u.i.k.p.i.AbstractProblemLoader Environment load took 110.8ns 
349511     INFO  main            d.u.i.k.p.i.AbstractProblemLoader Creating init config 
355737     DEBUG main            d.u.i.k.p.i.AbstractProblemLoader Init config took 6.23s 
355852     INFO  main            d.u.i.k.p.i.AbstractProblemLoader Replaying proof BFilter[ThreadSpec2::preStart(java.lang.Object)].JML accessible clause.0 
355854     DEBUG main            d.u.i.k.p.i.IntermediateProofReplayer Proof replay took 8.2ns 
356257     INFO  main            d.u.i.k.p.r.p.TestFile    ... finished proof: closed. 
356772     INFO  main            d.u.i.k.p.i.AbstractProblemLoader Loading environment from /home/runner/work/key/key/key.core/../key.ui/examples/heap/permissions/threads/BFilter_preStart_accessible.key.proof 
356772     DEBUG main            d.u.i.k.p.i.AbstractProblemLoader Environment load took 128.8ns 
356774     INFO  main            d.u.i.k.p.i.AbstractProblemLoader Creating init config 
362899     DEBUG main            d.u.i.k.p.i.AbstractProblemLoader Init config took 6.13s 
363027     INFO  main            d.u.i.k.p.i.AbstractProblemLoader Replaying proof BFilter[ThreadSpec2::preStart(java.lang.Object)].JML accessible clause.0 
363064     DEBUG main            d.u.i.k.p.i.IntermediateProofReplayer Proof replay took 32.34ms 
363065     DEBUG main            d.u.i.k.p.r.p.TestFile    ... success: reloaded. 
363066     INFO  main            d.u.i.k.p.r.p.TestFile    Now processing file /home/runner/work/key/key/key.core/../key.ui/examples/heap/permissions/threads/BFilter_startTransfer_accessible.key 
363066     INFO  main            d.u.i.k.p.i.AbstractProblemLoader Loading environment from /home/runner/work/key/key/key.core/../key.ui/examples/heap/permissions/threads/BFilter_startTransfer_accessible.key 
363066     DEBUG main            d.u.i.k.p.i.AbstractProblemLoader Environment load took 66.8ns 
363067     INFO  main            d.u.i.k.p.i.AbstractProblemLoader Creating init config 
369293     DEBUG main            d.u.i.k.p.i.AbstractProblemLoader Init config took 6.23s 
369413     INFO  main            d.u.i.k.p.i.AbstractProblemLoader Replaying proof BFilter[ThreadSpec2::startTransfer()].JML accessible clause.0 
369418     DEBUG main            d.u.i.k.p.i.IntermediateProofReplayer Proof replay took 17.9ns 
378831     INFO  main            d.u.i.k.p.r.p.TestFile    ... finished proof: closed. 
379324     INFO  main            d.u.i.k.p.i.AbstractProblemLoader Loading environment from /home/runner/work/key/key/key.core/../key.ui/examples/heap/permissions/threads/BFilter_startTransfer_accessible.key.proof 
379324     DEBUG main            d.u.i.k.p.i.AbstractProblemLoader Environment load took 438.8ns 
379327     INFO  main            d.u.i.k.p.i.AbstractProblemLoader Creating init config 
385446     DEBUG main            d.u.i.k.p.i.AbstractProblemLoader Init config took 6.12s 
385549     INFO  main            d.u.i.k.p.i.AbstractProblemLoader Replaying proof BFilter[ThreadSpec2::startTransfer()].JML accessible clause.0 
385995     DEBUG main            d.u.i.k.p.i.IntermediateProofReplayer Proof replay took 432.37ms 
385997     DEBUG main            d.u.i.k.p.r.p.TestFile    ... success: reloaded. 
385998     INFO  main            d.u.i.k.p.r.p.TestFile    Now processing file /home/runner/work/key/key/key.core/../key.ui/examples/heap/permissions/threads/BFilter_startTransfer_contract.key 
385999     INFO  main            d.u.i.k.p.i.AbstractProblemLoader Loading environment from /home/runner/work/key/key/key.core/../key.ui/examples/heap/permissions/threads/BFilter_startTransfer_contract.key 
385999     DEBUG main            d.u.i.k.p.i.AbstractProblemLoader Environment load took 205.5ns 
386000     INFO  main            d.u.i.k.p.i.AbstractProblemLoader Creating init config 
392052     DEBUG main            d.u.i.k.p.i.AbstractProblemLoader Init config took 6.05s 
392162     INFO  main            d.u.i.k.p.i.AbstractProblemLoader Replaying proof BFilter[ThreadSpec2::startTransfer()].JML model_behavior operation contract.0 
392164     DEBUG main            d.u.i.k.p.i.IntermediateProofReplayer Proof replay took 9.2ns 
393972     INFO  main            d.u.i.k.p.r.p.TestFile    ... finished proof: closed. 
394464     INFO  main            d.u.i.k.p.i.AbstractProblemLoader Loading environment from /home/runner/work/key/key/key.core/../key.ui/examples/heap/permissions/threads/BFilter_startTransfer_contract.key.proof 
394464     DEBUG main            d.u.i.k.p.i.AbstractProblemLoader Environment load took 119.1ns 
394466     INFO  main            d.u.i.k.p.i.AbstractProblemLoader Creating init config 
400589     DEBUG main            d.u.i.k.p.i.AbstractProblemLoader Init config took 6.12s 
400704     INFO  main            d.u.i.k.p.i.AbstractProblemLoader Replaying proof BFilter[ThreadSpec2::startTransfer()].JML model_behavior operation contract.0 
400844     DEBUG main            d.u.i.k.p.i.IntermediateProofReplayer Proof replay took 131.95ms 
400846     DEBUG main            d.u.i.k.p.r.p.TestFile    ... success: reloaded. 
400847     INFO  main            d.u.i.k.p.r.p.TestFile    Now processing file /home/runner/work/key/key/key.core/../key.ui/examples/heap/permissions/threads/BFilter_stateInv_accessible.key 
400848     INFO  main            d.u.i.k.p.i.AbstractProblemLoader Loading environment from /home/runner/work/key/key/key.core/../key.ui/examples/heap/permissions/threads/BFilter_stateInv_accessible.key 
400848     DEBUG main            d.u.i.k.p.i.AbstractProblemLoader Environment load took 93.4ns 
400849     INFO  main            d.u.i.k.p.i.AbstractProblemLoader Creating init config 
407031     DEBUG main            d.u.i.k.p.i.AbstractProblemLoader Init config took 6.18s 
407142     INFO  main            d.u.i.k.p.i.AbstractProblemLoader Replaying proof BFilter[ThreadSpec2::stateInv()].JML accessible clause.0 
407144     DEBUG main            d.u.i.k.p.i.IntermediateProofReplayer Proof replay took 9.1ns 
407547     INFO  main            d.u.i.k.p.r.p.TestFile    ... finished proof: closed. 
408065     INFO  main            d.u.i.k.p.i.AbstractProblemLoader Loading environment from /home/runner/work/key/key/key.core/../key.ui/examples/heap/permissions/threads/BFilter_stateInv_accessible.key.proof 
408065     DEBUG main            d.u.i.k.p.i.AbstractProblemLoader Environment load took 123.4ns 
408066     INFO  main            d.u.i.k.p.i.AbstractProblemLoader Creating init config 
414174     DEBUG main            d.u.i.k.p.i.AbstractProblemLoader Init config took 6.11s 
414289     INFO  main            d.u.i.k.p.i.AbstractProblemLoader Replaying proof BFilter[ThreadSpec2::stateInv()].JML accessible clause.0 
414335     DEBUG main            d.u.i.k.p.i.IntermediateProofReplayer Proof replay took 43.52ms 
414337     DEBUG main            d.u.i.k.p.r.p.TestFile    ... success: reloaded. 
414338     INFO  main            d.u.i.k.p.r.p.TestFile    Now processing file /home/runner/work/key/key/key.core/../key.ui/examples/heap/permissions/threads/BFilter_staticPermissions_accessible.key 
414338     INFO  main            d.u.i.k.p.i.AbstractProblemLoader Loading environment from /home/runner/work/key/key/key.core/../key.ui/examples/heap/permissions/threads/BFilter_staticPermissions_accessible.key 
414338     DEBUG main            d.u.i.k.p.i.AbstractProblemLoader Environment load took 111.2ns 
414339     INFO  main            d.u.i.k.p.i.AbstractProblemLoader Creating init config 
420518     DEBUG main            d.u.i.k.p.i.AbstractProblemLoader Init config took 6.18s 
420633     INFO  main            d.u.i.k.p.i.AbstractProblemLoader Replaying proof BFilter[ThreadSpec2::staticPermissions()].JML accessible clause.0 
420635     DEBUG main            d.u.i.k.p.i.IntermediateProofReplayer Proof replay took 8.7ns 
420737     INFO  main            d.u.i.k.p.r.p.TestFile    ... finished proof: closed. 
421230     INFO  main            d.u.i.k.p.i.AbstractProblemLoader Loading environment from /home/runner/work/key/key/key.core/../key.ui/examples/heap/permissions/threads/BFilter_staticPermissions_accessible.key.proof 
421230     DEBUG main            d.u.i.k.p.i.AbstractProblemLoader Environment load took 587.6ns 
421231     INFO  main            d.u.i.k.p.i.AbstractProblemLoader Creating init config 
427301     DEBUG main            d.u.i.k.p.i.AbstractProblemLoader Init config took 6.07s 
427404     INFO  main            d.u.i.k.p.i.AbstractProblemLoader Replaying proof BFilter[ThreadSpec2::staticPermissions()].JML accessible clause.0 
427415     DEBUG main            d.u.i.k.p.i.IntermediateProofReplayer Proof replay took 9.42ms 
427416     DEBUG main            d.u.i.k.p.r.p.TestFile    ... success: reloaded. 
427419     INFO  main            d.u.i.k.p.r.p.TestFile    Now processing file /home/runner/work/key/key/key.core/../key.ui/examples/heap/permissions/threads/BFilter_workingPermissions_accessible.key 
427419     INFO  main            d.u.i.k.p.i.AbstractProblemLoader Loading environment from /home/runner/work/key/key/key.core/../key.ui/examples/heap/permissions/threads/BFilter_workingPermissions_accessible.key 
427419     DEBUG main            d.u.i.k.p.i.AbstractProblemLoader Environment load took 101.1ns 
427420     INFO  main            d.u.i.k.p.i.AbstractProblemLoader Creating init config 
433607     DEBUG main            d.u.i.k.p.i.AbstractProblemLoader Init config took 6.19s 
433735     INFO  main            d.u.i.k.p.i.AbstractProblemLoader Replaying proof BFilter[ThreadSpec2::workingPermissions()].JML accessible clause.0 
433738     DEBUG main            d.u.i.k.p.i.IntermediateProofReplayer Proof replay took 9.5ns 
433840     INFO  main            d.u.i.k.p.r.p.TestFile    ... finished proof: closed. 
434345     INFO  main            d.u.i.k.p.i.AbstractProblemLoader Loading environment from /home/runner/work/key/key/key.core/../key.ui/examples/heap/permissions/threads/BFilter_workingPermissions_accessible.key.proof 
434345     DEBUG main            d.u.i.k.p.i.AbstractProblemLoader Environment load took 116.7ns 
434346     INFO  main            d.u.i.k.p.i.AbstractProblemLoader Creating init config 
440449     DEBUG main            d.u.i.k.p.i.AbstractProblemLoader Init config took 6.1s 
440554     INFO  main            d.u.i.k.p.i.AbstractProblemLoader Replaying proof BFilter[ThreadSpec2::workingPermissions()].JML accessible clause.0 
440565     DEBUG main            d.u.i.k.p.i.IntermediateProofReplayer Proof replay took 8.74ms 
440566     DEBUG main            d.u.i.k.p.r.p.TestFile    ... success: reloaded. 
440567     INFO  main            d.u.i.k.p.r.p.TestFile    Now processing file /home/runner/work/key/key/key.core/../key.ui/examples/heap/permissions/threads/Fib_Fib.key 
440567     INFO  main            d.u.i.k.p.i.AbstractProblemLoader Loading environment from /home/runner/work/key/key/key.core/../key.ui/examples/heap/permissions/threads/Fib_Fib.key 
440568     DEBUG main            d.u.i.k.p.i.AbstractProblemLoader Environment load took 108.3ns 
440568     INFO  main            d.u.i.k.p.i.AbstractProblemLoader Creating init config 
446710     DEBUG main            d.u.i.k.p.i.AbstractProblemLoader Init config took 6.14s 
446812     INFO  main            d.u.i.k.p.i.AbstractProblemLoader Replaying proof Fib[Fib::Fib(int)].JML normal_behavior operation contract.0 
446814     DEBUG main            d.u.i.k.p.i.IntermediateProofReplayer Proof replay took 7ns 
447618     INFO  main            d.u.i.k.p.r.p.TestFile    ... finished proof: closed. 
448185     INFO  main            d.u.i.k.p.i.AbstractProblemLoader Loading environment from /home/runner/work/key/key/key.core/../key.ui/examples/heap/permissions/threads/Fib_Fib.key.proof 
448185     DEBUG main            d.u.i.k.p.i.AbstractProblemLoader Environment load took 175.1ns 
448187     INFO  main            d.u.i.k.p.i.AbstractProblemLoader Creating init config 
454129     DEBUG main            d.u.i.k.p.i.AbstractProblemLoader Init config took 5.94s 
454238     INFO  main            d.u.i.k.p.i.AbstractProblemLoader Replaying proof Fib[Fib::Fib(int)].JML normal_behavior operation contract.0 
454347     DEBUG main            d.u.i.k.p.i.IntermediateProofReplayer Proof replay took 104.93ms 
454348     DEBUG main            d.u.i.k.p.r.p.TestFile    ... success: reloaded. 
454349     INFO  main            d.u.i.k.p.r.p.TestFile    Now processing file /home/runner/work/key/key/key.core/../key.ui/examples/heap/permissions/threads/Fib_initPost_accessible.key 
454350     INFO  main            d.u.i.k.p.i.AbstractProblemLoader Loading environment from /home/runner/work/key/key/key.core/../key.ui/examples/heap/permissions/threads/Fib_initPost_accessible.key 
454350     DEBUG main            d.u.i.k.p.i.AbstractProblemLoader Environment load took 68.9ns 
454351     INFO  main            d.u.i.k.p.i.AbstractProblemLoader Creating init config 
460372     DEBUG main            d.u.i.k.p.i.AbstractProblemLoader Init config took 6.02s 
460502     INFO  main            d.u.i.k.p.i.AbstractProblemLoader Replaying proof Fib[ThreadSpec::initPost()].JML accessible clause.0 
460504     DEBUG main            d.u.i.k.p.i.IntermediateProofReplayer Proof replay took 7ns 
460605     INFO  main            d.u.i.k.p.r.p.TestFile    ... finished proof: closed. 
461093     INFO  main            d.u.i.k.p.i.AbstractProblemLoader Loading environment from /home/runner/work/key/key/key.core/../key.ui/examples/heap/permissions/threads/Fib_initPost_accessible.key.proof 
461093     DEBUG main            d.u.i.k.p.i.AbstractProblemLoader Environment load took 131.4ns 
461094     INFO  main            d.u.i.k.p.i.AbstractProblemLoader Creating init config 
466835     DEBUG main            d.u.i.k.p.i.AbstractProblemLoader Init config took 5.74s 
466951     INFO  main            d.u.i.k.p.i.AbstractProblemLoader Replaying proof Fib[ThreadSpec::initPost()].JML accessible clause.0 
466958     DEBUG main            d.u.i.k.p.i.IntermediateProofReplayer Proof replay took 5.42ms 
466959     DEBUG main            d.u.i.k.p.r.p.TestFile    ... success: reloaded. 
466961     INFO  main            d.u.i.k.p.r.p.TestFile    Now processing file /home/runner/work/key/key/key.core/../key.ui/examples/heap/permissions/threads/Fib_inv1_accessible.key 
466961     INFO  main            d.u.i.k.p.i.AbstractProblemLoader Loading environment from /home/runner/work/key/key/key.core/../key.ui/examples/heap/permissions/threads/Fib_inv1_accessible.key 
466961     DEBUG main            d.u.i.k.p.i.AbstractProblemLoader Environment load took 117.7ns 
466962     INFO  main            d.u.i.k.p.i.AbstractProblemLoader Creating init config 
472935     DEBUG main            d.u.i.k.p.i.AbstractProblemLoader Init config took 5.97s 
473039     INFO  main            d.u.i.k.p.i.AbstractProblemLoader Replaying proof Fib[java.lang.Object::<inv>()].JML accessible clause.0 
473041     DEBUG main            d.u.i.k.p.i.IntermediateProofReplayer Proof replay took 8.8ns 
473143     INFO  main            d.u.i.k.p.r.p.TestFile    ... finished proof: closed. 
473659     INFO  main            d.u.i.k.p.i.AbstractProblemLoader Loading environment from /home/runner/work/key/key/key.core/../key.ui/examples/heap/permissions/threads/Fib_inv1_accessible.key.proof 
473660     DEBUG main            d.u.i.k.p.i.AbstractProblemLoader Environment load took 97.7ns 
473660     INFO  main            d.u.i.k.p.i.AbstractProblemLoader Creating init config 
479567     DEBUG main            d.u.i.k.p.i.AbstractProblemLoader Init config took 5.91s 
479669     INFO  main            d.u.i.k.p.i.AbstractProblemLoader Replaying proof Fib[java.lang.Object::<inv>()].JML accessible clause.0 
479672     DEBUG main            d.u.i.k.p.i.IntermediateProofReplayer Proof replay took 1.86ms 
479673     DEBUG main            d.u.i.k.p.r.p.TestFile    ... success: reloaded. 
479674     INFO  main            d.u.i.k.p.r.p.TestFile    Now processing file /home/runner/work/key/key/key.core/../key.ui/examples/heap/permissions/threads/Fib_inv2_accessible.key 
479675     INFO  main            d.u.i.k.p.i.AbstractProblemLoader Loading environment from /home/runner/work/key/key/key.core/../key.ui/examples/heap/permissions/threads/Fib_inv2_accessible.key 
479675     DEBUG main            d.u.i.k.p.i.AbstractProblemLoader Environment load took 127.7ns 
479676     INFO  main            d.u.i.k.p.i.AbstractProblemLoader Creating init config 
485610     DEBUG main            d.u.i.k.p.i.AbstractProblemLoader Init config took 5.93s 
485750     INFO  main            d.u.i.k.p.i.AbstractProblemLoader Replaying proof Fib[java.lang.Object::<inv>()].JML accessible clause.1 
485752     DEBUG main            d.u.i.k.p.i.IntermediateProofReplayer Proof replay took 10.2ns 
485854     INFO  main            d.u.i.k.p.r.p.TestFile    ... finished proof: closed. 
486354     INFO  main            d.u.i.k.p.i.AbstractProblemLoader Loading environment from /home/runner/work/key/key/key.core/../key.ui/examples/heap/permissions/threads/Fib_inv2_accessible.key.proof 
486354     DEBUG main            d.u.i.k.p.i.AbstractProblemLoader Environment load took 107.6ns 
486356     INFO  main            d.u.i.k.p.i.AbstractProblemLoader Creating init config 
492413     DEBUG main            d.u.i.k.p.i.AbstractProblemLoader Init config took 6.06s 
492518     INFO  main            d.u.i.k.p.i.AbstractProblemLoader Replaying proof Fib[java.lang.Object::<inv>()].JML accessible clause.1 
492521     DEBUG main            d.u.i.k.p.i.IntermediateProofReplayer Proof replay took 1.81ms 
492523     DEBUG main            d.u.i.k.p.r.p.TestFile    ... success: reloaded. 
492524     INFO  main            d.u.i.k.p.r.p.TestFile    Now processing file /home/runner/work/key/key/key.core/../key.ui/examples/heap/permissions/threads/Fib_joinTransfer_accessible.key 
492524     INFO  main            d.u.i.k.p.i.AbstractProblemLoader Loading environment from /home/runner/work/key/key/key.core/../key.ui/examples/heap/permissions/threads/Fib_joinTransfer_accessible.key 
492524     DEBUG main            d.u.i.k.p.i.AbstractProblemLoader Environment load took 76.2ns 
492525     INFO  main            d.u.i.k.p.i.AbstractProblemLoader Creating init config 
498325     DEBUG main            d.u.i.k.p.i.AbstractProblemLoader Init config took 5.8s 
498455     INFO  main            d.u.i.k.p.i.AbstractProblemLoader Replaying proof Fib[ThreadSpec::joinTransfer()].JML accessible clause.0 
498457     DEBUG main            d.u.i.k.p.i.IntermediateProofReplayer Proof replay took 7.5ns 
498660     INFO  main            d.u.i.k.p.r.p.TestFile    ... finished proof: closed. 
499209     INFO  main            d.u.i.k.p.i.AbstractProblemLoader Loading environment from /home/runner/work/key/key/key.core/../key.ui/examples/heap/permissions/threads/Fib_joinTransfer_accessible.key.proof 
499209     DEBUG main            d.u.i.k.p.i.AbstractProblemLoader Environment load took 108.5ns 
499210     INFO  main            d.u.i.k.p.i.AbstractProblemLoader Creating init config 
505074     DEBUG main            d.u.i.k.p.i.AbstractProblemLoader Init config took 5.86s 
505178     INFO  main            d.u.i.k.p.i.AbstractProblemLoader Replaying proof Fib[ThreadSpec::joinTransfer()].JML accessible clause.0 
505207     DEBUG main            d.u.i.k.p.i.IntermediateProofReplayer Proof replay took 25.81ms 
505208     DEBUG main            d.u.i.k.p.r.p.TestFile    ... success: reloaded. 
505209     INFO  main            d.u.i.k.p.r.p.TestFile    Now processing file /home/runner/work/key/key/key.core/../key.ui/examples/heap/permissions/threads/Fib_joinTransfer_contract.key 
505209     INFO  main            d.u.i.k.p.i.AbstractProblemLoader Loading environment from /home/runner/work/key/key/key.core/../key.ui/examples/heap/permissions/threads/Fib_joinTransfer_contract.key 
505209     DEBUG main            d.u.i.k.p.i.AbstractProblemLoader Environment load took 69.9ns 
505210     INFO  main            d.u.i.k.p.i.AbstractProblemLoader Creating init config 
511773     DEBUG main            d.u.i.k.p.i.AbstractProblemLoader Init config took 6.56s 
511889     INFO  main            d.u.i.k.p.i.AbstractProblemLoader Replaying proof Fib[ThreadSpec::joinTransfer()].JML model_behavior operation contract.0 
511891     DEBUG main            d.u.i.k.p.i.IntermediateProofReplayer Proof replay took 7.1ns 
511993     INFO  main            d.u.i.k.p.r.p.TestFile    ... finished proof: closed. 
512539     INFO  main            d.u.i.k.p.i.AbstractProblemLoader Loading environment from /home/runner/work/key/key/key.core/../key.ui/examples/heap/permissions/threads/Fib_joinTransfer_contract.key.proof 
512539     DEBUG main            d.u.i.k.p.i.AbstractProblemLoader Environment load took 121.3ns 
512540     INFO  main            d.u.i.k.p.i.AbstractProblemLoader Creating init config 
518001     DEBUG main            d.u.i.k.p.i.AbstractProblemLoader Init config took 5.46s 
518101     INFO  main            d.u.i.k.p.i.AbstractProblemLoader Replaying proof Fib[ThreadSpec::joinTransfer()].JML model_behavior operation contract.0 
518111     DEBUG main            d.u.i.k.p.i.IntermediateProofReplayer Proof replay took 7.8ms 
518113     DEBUG main            d.u.i.k.p.r.p.TestFile    ... success: reloaded. 
518114     INFO  main            d.u.i.k.p.r.p.TestFile    Now processing file /home/runner/work/key/key/key.core/../key.ui/examples/heap/permissions/threads/Fib_postJoin_accessible.key 
518115     INFO  main            d.u.i.k.p.i.AbstractProblemLoader Loading environment from /home/runner/work/key/key/key.core/../key.ui/examples/heap/permissions/threads/Fib_postJoin_accessible.key 
518115     DEBUG main            d.u.i.k.p.i.AbstractProblemLoader Environment load took 240.8ns 
518116     INFO  main            d.u.i.k.p.i.AbstractProblemLoader Creating init config 
523662     DEBUG main            d.u.i.k.p.i.AbstractProblemLoader Init config took 5.55s 
523760     INFO  main            d.u.i.k.p.i.AbstractProblemLoader Replaying proof Fib[ThreadSpec::postJoin(java.lang.Object)].JML accessible clause.0 
523761     DEBUG main            d.u.i.k.p.i.IntermediateProofReplayer Proof replay took 8.7ns 
523863     INFO  main            d.u.i.k.p.r.p.TestFile    ... finished proof: closed. 
524391     INFO  main            d.u.i.k.p.i.AbstractProblemLoader Loading environment from /home/runner/work/key/key/key.core/../key.ui/examples/heap/permissions/threads/Fib_postJoin_accessible.key.proof 
524392     DEBUG main            d.u.i.k.p.i.AbstractProblemLoader Environment load took 149.9ns 
524393     INFO  main            d.u.i.k.p.i.AbstractProblemLoader Creating init config 
529840     DEBUG main            d.u.i.k.p.i.AbstractProblemLoader Init config took 5.45s 
529931     INFO  main            d.u.i.k.p.i.AbstractProblemLoader Replaying proof Fib[ThreadSpec::postJoin(java.lang.Object)].JML accessible clause.0 
529939     DEBUG main            d.u.i.k.p.i.IntermediateProofReplayer Proof replay took 6.13ms 
529939     DEBUG main            d.u.i.k.p.r.p.TestFile    ... success: reloaded. 
529941     INFO  main            d.u.i.k.p.r.p.TestFile    Now processing file /home/runner/work/key/key/key.core/../key.ui/examples/heap/permissions/threads/Fib_preStart_accessible.key 
529941     INFO  main            d.u.i.k.p.i.AbstractProblemLoader Loading environment from /home/runner/work/key/key/key.core/../key.ui/examples/heap/permissions/threads/Fib_preStart_accessible.key 
529941     DEBUG main            d.u.i.k.p.i.AbstractProblemLoader Environment load took 93.9ns 
529942     INFO  main            d.u.i.k.p.i.AbstractProblemLoader Creating init config 
535279     DEBUG main            d.u.i.k.p.i.AbstractProblemLoader Init config took 5.34s 
535370     INFO  main            d.u.i.k.p.i.AbstractProblemLoader Replaying proof Fib[ThreadSpec::preStart(java.lang.Object)].JML accessible clause.0 
535372     DEBUG main            d.u.i.k.p.i.IntermediateProofReplayer Proof replay took 8.3ns 
535474     INFO  main            d.u.i.k.p.r.p.TestFile    ... finished proof: closed. 
535981     INFO  main            d.u.i.k.p.i.AbstractProblemLoader Loading environment from /home/runner/work/key/key/key.core/../key.ui/examples/heap/permissions/threads/Fib_preStart_accessible.key.proof 
535981     DEBUG main            d.u.i.k.p.i.AbstractProblemLoader Environment load took 101.4ns 
535982     INFO  main            d.u.i.k.p.i.AbstractProblemLoader Creating init config 
541118     DEBUG main            d.u.i.k.p.i.AbstractProblemLoader Init config took 5.14s 
541235     INFO  main            d.u.i.k.p.i.AbstractProblemLoader Replaying proof Fib[ThreadSpec::preStart(java.lang.Object)].JML accessible clause.0 
541244     DEBUG main            d.u.i.k.p.i.IntermediateProofReplayer Proof replay took 7.4ms 
541245     DEBUG main            d.u.i.k.p.r.p.TestFile    ... success: reloaded. 
541246     INFO  main            d.u.i.k.p.r.p.TestFile    Now processing file /home/runner/work/key/key/key.core/../key.ui/examples/heap/permissions/threads/Fib_startTransfer_accessible.key 
541246     INFO  main            d.u.i.k.p.i.AbstractProblemLoader Loading environment from /home/runner/work/key/key/key.core/../key.ui/examples/heap/permissions/threads/Fib_startTransfer_accessible.key 
541246     DEBUG main            d.u.i.k.p.i.AbstractProblemLoader Environment load took 75.3ns 
541247     INFO  main            d.u.i.k.p.i.AbstractProblemLoader Creating init config 
546605     DEBUG main            d.u.i.k.p.i.AbstractProblemLoader Init config took 5.36s 
546701     INFO  main            d.u.i.k.p.i.AbstractProblemLoader Replaying proof Fib[ThreadSpec::startTransfer()].JML accessible clause.0 
546703     DEBUG main            d.u.i.k.p.i.IntermediateProofReplayer Proof replay took 6.7ns 
546905     INFO  main            d.u.i.k.p.r.p.TestFile    ... finished proof: closed. 
547469     INFO  main            d.u.i.k.p.i.AbstractProblemLoader Loading environment from /home/runner/work/key/key/key.core/../key.ui/examples/heap/permissions/threads/Fib_startTransfer_accessible.key.proof 
547469     DEBUG main            d.u.i.k.p.i.AbstractProblemLoader Environment load took 86.3ns 
547470     INFO  main            d.u.i.k.p.i.AbstractProblemLoader Creating init config 
552703     DEBUG main            d.u.i.k.p.i.AbstractProblemLoader Init config took 5.23s 
552797     INFO  main            d.u.i.k.p.i.AbstractProblemLoader Replaying proof Fib[ThreadSpec::startTransfer()].JML accessible clause.0 
552822     DEBUG main            d.u.i.k.p.i.IntermediateProofReplayer Proof replay took 22.42ms 
552823     DEBUG main            d.u.i.k.p.r.p.TestFile    ... success: reloaded. 
552824     INFO  main            d.u.i.k.p.r.p.TestFile    Now processing file /home/runner/work/key/key/key.core/../key.ui/examples/heap/permissions/threads/Fib_startTransfer_contract.key 
552824     INFO  main            d.u.i.k.p.i.AbstractProblemLoader Loading environment from /home/runner/work/key/key/key.core/../key.ui/examples/heap/permissions/threads/Fib_startTransfer_contract.key 
552824     DEBUG main            d.u.i.k.p.i.AbstractProblemLoader Environment load took 116ns 
552825     INFO  main            d.u.i.k.p.i.AbstractProblemLoader Creating init config 
558194     DEBUG main            d.u.i.k.p.i.AbstractProblemLoader Init config took 5.37s 
558295     INFO  main            d.u.i.k.p.i.AbstractProblemLoader Replaying proof Fib[ThreadSpec::startTransfer()].JML model_behavior operation contract.0 
558297     DEBUG main            d.u.i.k.p.i.IntermediateProofReplayer Proof replay took 6.8ns 
558399     INFO  main            d.u.i.k.p.r.p.TestFile    ... finished proof: closed. 
558959     INFO  main            d.u.i.k.p.i.AbstractProblemLoader Loading environment from /home/runner/work/key/key/key.core/../key.ui/examples/heap/permissions/threads/Fib_startTransfer_contract.key.proof 
558959     DEBUG main            d.u.i.k.p.i.AbstractProblemLoader Environment load took 84.5ns 
558960     INFO  main            d.u.i.k.p.i.AbstractProblemLoader Creating init config 
564199     DEBUG main            d.u.i.k.p.i.AbstractProblemLoader Init config took 5.24s 
564296     INFO  main            d.u.i.k.p.i.AbstractProblemLoader Replaying proof Fib[ThreadSpec::startTransfer()].JML model_behavior operation contract.0 
564306     DEBUG main            d.u.i.k.p.i.IntermediateProofReplayer Proof replay took 8.07ms 
564307     DEBUG main            d.u.i.k.p.r.p.TestFile    ... success: reloaded. 
564308     INFO  main            d.u.i.k.p.r.p.TestFile    Now processing file /home/runner/work/key/key/key.core/../key.ui/examples/heap/permissions/threads/Fib_workingPermissions_accessible.key 
564308     INFO  main            d.u.i.k.p.i.AbstractProblemLoader Loading environment from /home/runner/work/key/key/key.core/../key.ui/examples/heap/permissions/threads/Fib_workingPermissions_accessible.key 
564308     DEBUG main            d.u.i.k.p.i.AbstractProblemLoader Environment load took 119.3ns 
564309     INFO  main            d.u.i.k.p.i.AbstractProblemLoader Creating init config 
569554     DEBUG main            d.u.i.k.p.i.AbstractProblemLoader Init config took 5.25s 
569670     INFO  main            d.u.i.k.p.i.AbstractProblemLoader Replaying proof Fib[ThreadSpec::workingPermissions()].JML accessible clause.0 
569674     DEBUG main            d.u.i.k.p.i.IntermediateProofReplayer Proof replay took 7.8ns 
569775     INFO  main            d.u.i.k.p.r.p.TestFile    ... finished proof: closed. 
570303     INFO  main            d.u.i.k.p.i.AbstractProblemLoader Loading environment from /home/runner/work/key/key/key.core/../key.ui/examples/heap/permissions/threads/Fib_workingPermissions_accessible.key.proof 
570303     DEBUG main            d.u.i.k.p.i.AbstractProblemLoader Environment load took 274.5ns 
570304     INFO  main            d.u.i.k.p.i.AbstractProblemLoader Creating init config 
575430     DEBUG main            d.u.i.k.p.i.AbstractProblemLoader Init config took 5.13s 
575520     INFO  main            d.u.i.k.p.i.AbstractProblemLoader Replaying proof Fib[ThreadSpec::workingPermissions()].JML accessible clause.0 
575523     DEBUG main            d.u.i.k.p.i.IntermediateProofReplayer Proof replay took 1.98ms 
575524     DEBUG main            d.u.i.k.p.r.p.TestFile    ... success: reloaded. 
575525     INFO  main            d.u.i.k.p.r.p.TestFile    Now processing file /home/runner/work/key/key/key.core/../key.ui/examples/heap/permissions/threads/Plotter_initPost_accessible.key 
575525     INFO  main            d.u.i.k.p.i.AbstractProblemLoader Loading environment from /home/runner/work/key/key/key.core/../key.ui/examples/heap/permissions/threads/Plotter_initPost_accessible.key 
575525     DEBUG main            d.u.i.k.p.i.AbstractProblemLoader Environment load took 64.4ns 
575526     INFO  main            d.u.i.k.p.i.AbstractProblemLoader Creating init config 
580732     DEBUG main            d.u.i.k.p.i.AbstractProblemLoader Init config took 5.21s 
580834     INFO  main            d.u.i.k.p.i.AbstractProblemLoader Replaying proof Plotter[ThreadSpec2::initPost()].JML accessible clause.0 
580836     DEBUG main            d.u.i.k.p.i.IntermediateProofReplayer Proof replay took 11.3ns 
581038     INFO  main            d.u.i.k.p.r.p.TestFile    ... finished proof: closed. 
581618     INFO  main            d.u.i.k.p.i.AbstractProblemLoader Loading environment from /home/runner/work/key/key/key.core/../key.ui/examples/heap/permissions/threads/Plotter_initPost_accessible.key.proof 
581618     DEBUG main            d.u.i.k.p.i.AbstractProblemLoader Environment load took 77.1ns 
581619     INFO  main            d.u.i.k.p.i.AbstractProblemLoader Creating init config 
586999     DEBUG main            d.u.i.k.p.i.AbstractProblemLoader Init config took 5.38s 
587107     INFO  main            d.u.i.k.p.i.AbstractProblemLoader Replaying proof Plotter[ThreadSpec2::initPost()].JML accessible clause.0 
587121     DEBUG main            d.u.i.k.p.i.IntermediateProofReplayer Proof replay took 11.41ms 
587121     DEBUG main            d.u.i.k.p.r.p.TestFile    ... success: reloaded. 
587122     INFO  main            d.u.i.k.p.r.p.TestFile    Now processing file /home/runner/work/key/key/key.core/../key.ui/examples/heap/permissions/threads/Plotter_inv_accessible1.key 
587123     INFO  main            d.u.i.k.p.i.AbstractProblemLoader Loading environment from /home/runner/work/key/key/key.core/../key.ui/examples/heap/permissions/threads/Plotter_inv_accessible1.key 
587123     DEBUG main            d.u.i.k.p.i.AbstractProblemLoader Environment load took 51.5ns 
587123     INFO  main            d.u.i.k.p.i.AbstractProblemLoader Creating init config 
593070     DEBUG main            d.u.i.k.p.i.AbstractProblemLoader Init config took 5.95s 
593174     INFO  main            d.u.i.k.p.i.AbstractProblemLoader Replaying proof Plotter[java.lang.Object::<inv>()].JML accessible clause.0 
593176     DEBUG main            d.u.i.k.p.i.IntermediateProofReplayer Proof replay took 7.7ns 
593278     INFO  main            d.u.i.k.p.r.p.TestFile    ... finished proof: closed. 
593869     INFO  main            d.u.i.k.p.i.AbstractProblemLoader Loading environment from /home/runner/work/key/key/key.core/../key.ui/examples/heap/permissions/threads/Plotter_inv_accessible1.key.proof 
593870     DEBUG main            d.u.i.k.p.i.AbstractProblemLoader Environment load took 151.3ns 
593871     INFO  main            d.u.i.k.p.i.AbstractProblemLoader Creating init config 
600080     DEBUG main            d.u.i.k.p.i.AbstractProblemLoader Init config took 6.21s 
600189     INFO  main            d.u.i.k.p.i.AbstractProblemLoader Replaying proof Plotter[java.lang.Object::<inv>()].JML accessible clause.0 
600192     DEBUG main            d.u.i.k.p.i.IntermediateProofReplayer Proof replay took 1.91ms 
600193     DEBUG main            d.u.i.k.p.r.p.TestFile    ... success: reloaded. 
600195     INFO  main            d.u.i.k.p.r.p.TestFile    Now processing file /home/runner/work/key/key/key.core/../key.ui/examples/heap/permissions/threads/Plotter_inv_accessible2.key 
600195     INFO  main            d.u.i.k.p.i.AbstractProblemLoader Loading environment from /home/runner/work/key/key/key.core/../key.ui/examples/heap/permissions/threads/Plotter_inv_accessible2.key 
600195     DEBUG main            d.u.i.k.p.i.AbstractProblemLoader Environment load took 56.8ns 
600196     INFO  main            d.u.i.k.p.i.AbstractProblemLoader Creating init config 
606179     DEBUG main            d.u.i.k.p.i.AbstractProblemLoader Init config took 5.98s 
606274     INFO  main            d.u.i.k.p.i.AbstractProblemLoader Replaying proof Plotter[java.lang.Object::<inv>()].JML accessible clause.1 
606276     DEBUG main            d.u.i.k.p.i.IntermediateProofReplayer Proof replay took 6.5ns 
606377     INFO  main            d.u.i.k.p.r.p.TestFile    ... finished proof: closed. 
606985     INFO  main            d.u.i.k.p.i.AbstractProblemLoader Loading environment from /home/runner/work/key/key/key.core/../key.ui/examples/heap/permissions/threads/Plotter_inv_accessible2.key.proof 
606985     DEBUG main            d.u.i.k.p.i.AbstractProblemLoader Environment load took 179.3ns 
606986     INFO  main            d.u.i.k.p.i.AbstractProblemLoader Creating init config 
612564     DEBUG main            d.u.i.k.p.i.AbstractProblemLoader Init config took 5.58s 
612675     INFO  main            d.u.i.k.p.i.AbstractProblemLoader Replaying proof Plotter[java.lang.Object::<inv>()].JML accessible clause.1 
612679     DEBUG main            d.u.i.k.p.i.IntermediateProofReplayer Proof replay took 1.73ms 
612680     DEBUG main            d.u.i.k.p.r.p.TestFile    ... success: reloaded. 
612681     INFO  main            d.u.i.k.p.r.p.TestFile    Now processing file /home/runner/work/key/key/key.core/../key.ui/examples/heap/permissions/threads/Plotter_joinTransfer_contract.key 
612681     INFO  main            d.u.i.k.p.i.AbstractProblemLoader Loading environment from /home/runner/work/key/key/key.core/../key.ui/examples/heap/permissions/threads/Plotter_joinTransfer_contract.key 
612681     DEBUG main            d.u.i.k.p.i.AbstractProblemLoader Environment load took 67ns 
612682     INFO  main            d.u.i.k.p.i.AbstractProblemLoader Creating init config 
618406     DEBUG main            d.u.i.k.p.i.AbstractProblemLoader Init config took 5.72s 
618510     INFO  main            d.u.i.k.p.i.AbstractProblemLoader Replaying proof Plotter[ThreadSpec2::joinTransfer()].JML model_behavior operation contract.0 
618512     DEBUG main            d.u.i.k.p.i.IntermediateProofReplayer Proof replay took 16.1ns 
618614     INFO  main            d.u.i.k.p.r.p.TestFile    ... finished proof: closed. 
619229     INFO  main            d.u.i.k.p.i.AbstractProblemLoader Loading environment from /home/runner/work/key/key/key.core/../key.ui/examples/heap/permissions/threads/Plotter_joinTransfer_contract.key.proof 
619229     DEBUG main            d.u.i.k.p.i.AbstractProblemLoader Environment load took 78.6ns 
619230     INFO  main            d.u.i.k.p.i.AbstractProblemLoader Creating init config 
625133     DEBUG main            d.u.i.k.p.i.AbstractProblemLoader Init config took 5.9s 
625256     INFO  main            d.u.i.k.p.i.AbstractProblemLoader Replaying proof Plotter[ThreadSpec2::joinTransfer()].JML model_behavior operation contract.0 
625267     DEBUG main            d.u.i.k.p.i.IntermediateProofReplayer Proof replay took 9.7ms 
625268     DEBUG main            d.u.i.k.p.r.p.TestFile    ... success: reloaded. 
625269     INFO  main            d.u.i.k.p.r.p.TestFile    Now processing file /home/runner/work/key/key/key.core/../key.ui/examples/heap/permissions/threads/Plotter_Plotter.key 
625269     INFO  main            d.u.i.k.p.i.AbstractProblemLoader Loading environment from /home/runner/work/key/key/key.core/../key.ui/examples/heap/permissions/threads/Plotter_Plotter.key 
625269     DEBUG main            d.u.i.k.p.i.AbstractProblemLoader Environment load took 52.1ns 
625270     INFO  main            d.u.i.k.p.i.AbstractProblemLoader Creating init config 
631633     DEBUG main            d.u.i.k.p.i.AbstractProblemLoader Init config took 6.36s 
631773     INFO  main            d.u.i.k.p.i.AbstractProblemLoader Replaying proof Plotter[Plotter::Plotter(AFilter,BFilter,Buffer)].JML normal_behavior operation contract.0 
631775     DEBUG main            d.u.i.k.p.i.IntermediateProofReplayer Proof replay took 7.5ns 
634382     INFO  main            d.u.i.k.p.r.p.TestFile    ... finished proof: closed. 
635103     INFO  main            d.u.i.k.p.i.AbstractProblemLoader Loading environment from /home/runner/work/key/key/key.core/../key.ui/examples/heap/permissions/threads/Plotter_Plotter.key.proof 
635103     DEBUG main            d.u.i.k.p.i.AbstractProblemLoader Environment load took 439.4ns 
635104     INFO  main            d.u.i.k.p.i.AbstractProblemLoader Creating init config 
641325     DEBUG main            d.u.i.k.p.i.AbstractProblemLoader Init config took 6.22s 
641445     INFO  main            d.u.i.k.p.i.AbstractProblemLoader Replaying proof Plotter[Plotter::Plotter(AFilter,BFilter,Buffer)].JML normal_behavior operation contract.0 
641705     DEBUG main            d.u.i.k.p.i.IntermediateProofReplayer Proof replay took 254.22ms 
641707     DEBUG main            d.u.i.k.p.r.p.TestFile    ... success: reloaded. 
641708     INFO  main            d.u.i.k.p.r.p.TestFile    Now processing file /home/runner/work/key/key/key.core/../key.ui/examples/heap/permissions/threads/Plotter_postJoin_accessible.key 
641708     INFO  main            d.u.i.k.p.i.AbstractProblemLoader Loading environment from /home/runner/work/key/key/key.core/../key.ui/examples/heap/permissions/threads/Plotter_postJoin_accessible.key 
641708     DEBUG main            d.u.i.k.p.i.AbstractProblemLoader Environment load took 89.2ns 
641709     INFO  main            d.u.i.k.p.i.AbstractProblemLoader Creating init config 
648028     DEBUG main            d.u.i.k.p.i.AbstractProblemLoader Init config took 6.32s 
648156     INFO  main            d.u.i.k.p.i.AbstractProblemLoader Replaying proof Plotter[ThreadSpec2::postJoin(java.lang.Object)].JML accessible clause.0 
648157     DEBUG main            d.u.i.k.p.i.IntermediateProofReplayer Proof replay took 7ns 
648359     INFO  main            d.u.i.k.p.r.p.TestFile    ... finished proof: closed. 
649001     INFO  main            d.u.i.k.p.i.AbstractProblemLoader Loading environment from /home/runner/work/key/key/key.core/../key.ui/examples/heap/permissions/threads/Plotter_postJoin_accessible.key.proof 
649001     DEBUG main            d.u.i.k.p.i.AbstractProblemLoader Environment load took 85.3ns 
649002     INFO  main            d.u.i.k.p.i.AbstractProblemLoader Creating init config 
654897     DEBUG main            d.u.i.k.p.i.AbstractProblemLoader Init config took 5.9s 
654998     INFO  main            d.u.i.k.p.i.AbstractProblemLoader Replaying proof Plotter[ThreadSpec2::postJoin(java.lang.Object)].JML accessible clause.0 
655018     DEBUG main            d.u.i.k.p.i.IntermediateProofReplayer Proof replay took 13.59ms 
655019     DEBUG main            d.u.i.k.p.r.p.TestFile    ... success: reloaded. 
655019     INFO  main            d.u.i.k.p.r.p.TestFile    Now processing file /home/runner/work/key/key/key.core/../key.ui/examples/heap/permissions/threads/Plotter_preStart_accessible.key 
655020     INFO  main            d.u.i.k.p.i.AbstractProblemLoader Loading environment from /home/runner/work/key/key/key.core/../key.ui/examples/heap/permissions/threads/Plotter_preStart_accessible.key 
655020     DEBUG main            d.u.i.k.p.i.AbstractProblemLoader Environment load took 91.6ns 
655021     INFO  main            d.u.i.k.p.i.AbstractProblemLoader Creating init config 
660920     DEBUG main            d.u.i.k.p.i.AbstractProblemLoader Init config took 5.9s 
661025     INFO  main            d.u.i.k.p.i.AbstractProblemLoader Replaying proof Plotter[ThreadSpec2::preStart(java.lang.Object)].JML accessible clause.0 
661028     DEBUG main            d.u.i.k.p.i.IntermediateProofReplayer Proof replay took 8.4ns 
662562     INFO  main            d.u.i.k.p.r.p.TestFile    ... finished proof: closed. 
663246     INFO  main            d.u.i.k.p.i.AbstractProblemLoader Loading environment from /home/runner/work/key/key/key.core/../key.ui/examples/heap/permissions/threads/Plotter_preStart_accessible.key.proof 
663246     DEBUG main            d.u.i.k.p.i.AbstractProblemLoader Environment load took 110.4ns 
663248     INFO  main            d.u.i.k.p.i.AbstractProblemLoader Creating init config 
669348     DEBUG main            d.u.i.k.p.i.AbstractProblemLoader Init config took 6.1s 
669458     INFO  main            d.u.i.k.p.i.AbstractProblemLoader Replaying proof Plotter[ThreadSpec2::preStart(java.lang.Object)].JML accessible clause.0 
669575     DEBUG main            d.u.i.k.p.i.IntermediateProofReplayer Proof replay took 111.91ms 
669577     DEBUG main            d.u.i.k.p.r.p.TestFile    ... success: reloaded. 
669578     INFO  main            d.u.i.k.p.r.p.TestFile    Now processing file /home/runner/work/key/key/key.core/../key.ui/examples/heap/permissions/threads/Plotter_stateInv_accessible.key 
669578     INFO  main            d.u.i.k.p.i.AbstractProblemLoader Loading environment from /home/runner/work/key/key/key.core/../key.ui/examples/heap/permissions/threads/Plotter_stateInv_accessible.key 
669579     DEBUG main            d.u.i.k.p.i.AbstractProblemLoader Environment load took 244.4ns 
669580     INFO  main            d.u.i.k.p.i.AbstractProblemLoader Creating init config 
675953     DEBUG main            d.u.i.k.p.i.AbstractProblemLoader Init config took 6.37s 
676077     INFO  main            d.u.i.k.p.i.AbstractProblemLoader Replaying proof Plotter[ThreadSpec2::stateInv()].JML accessible clause.0 
676080     DEBUG main            d.u.i.k.p.i.IntermediateProofReplayer Proof replay took 8.9ns 
688032     INFO  main            d.u.i.k.p.r.p.TestFile    ... finished proof: closed. 
688720     INFO  main            d.u.i.k.p.i.AbstractProblemLoader Loading environment from /home/runner/work/key/key/key.core/../key.ui/examples/heap/permissions/threads/Plotter_stateInv_accessible.key.proof 
688721     DEBUG main            d.u.i.k.p.i.AbstractProblemLoader Environment load took 109.7ns 
688723     INFO  main            d.u.i.k.p.i.AbstractProblemLoader Creating init config 
694739     DEBUG main            d.u.i.k.p.i.AbstractProblemLoader Init config took 6.02s 
694840     INFO  main            d.u.i.k.p.i.AbstractProblemLoader Replaying proof Plotter[ThreadSpec2::stateInv()].JML accessible clause.0 
695394     DEBUG main            d.u.i.k.p.i.IntermediateProofReplayer Proof replay took 537.41ms 
695396     DEBUG main            d.u.i.k.p.r.p.TestFile    ... success: reloaded. 
695397     INFO  main            d.u.i.k.p.r.p.TestFile    Now processing file /home/runner/work/key/key/key.core/../key.ui/examples/heap/permissions/threads/Plotter_staticPermissions_accessible.key 
695398     INFO  main            d.u.i.k.p.i.AbstractProblemLoader Loading environment from /home/runner/work/key/key/key.core/../key.ui/examples/heap/permissions/threads/Plotter_staticPermissions_accessible.key 
695398     DEBUG main            d.u.i.k.p.i.AbstractProblemLoader Environment load took 100.8ns 
695399     INFO  main            d.u.i.k.p.i.AbstractProblemLoader Creating init config 
701395     DEBUG main            d.u.i.k.p.i.AbstractProblemLoader Init config took 6s 
701529     INFO  main            d.u.i.k.p.i.AbstractProblemLoader Replaying proof Plotter[ThreadSpec2::staticPermissions()].JML accessible clause.0 
701531     DEBUG main            d.u.i.k.p.i.IntermediateProofReplayer Proof replay took 53.3ns 
702835     INFO  main            d.u.i.k.p.r.p.TestFile    ... finished proof: closed. 
703550     INFO  main            d.u.i.k.p.i.AbstractProblemLoader Loading environment from /home/runner/work/key/key/key.core/../key.ui/examples/heap/permissions/threads/Plotter_staticPermissions_accessible.key.proof 
703550     DEBUG main            d.u.i.k.p.i.AbstractProblemLoader Environment load took 96.4ns 
703551     INFO  main            d.u.i.k.p.i.AbstractProblemLoader Creating init config 
709419     DEBUG main            d.u.i.k.p.i.AbstractProblemLoader Init config took 5.87s 
709528     INFO  main            d.u.i.k.p.i.AbstractProblemLoader Replaying proof Plotter[ThreadSpec2::staticPermissions()].JML accessible clause.0 
709601     DEBUG main            d.u.i.k.p.i.IntermediateProofReplayer Proof replay took 68.94ms 
709603     DEBUG main            d.u.i.k.p.r.p.TestFile    ... success: reloaded. 
709604     INFO  main            d.u.i.k.p.r.p.TestFile    Now processing file /home/runner/work/key/key/key.core/../key.ui/examples/heap/permissions/threads/Plotter_workingPermissions_accessible.key 
709604     INFO  main            d.u.i.k.p.i.AbstractProblemLoader Loading environment from /home/runner/work/key/key/key.core/../key.ui/examples/heap/permissions/threads/Plotter_workingPermissions_accessible.key 
709604     DEBUG main            d.u.i.k.p.i.AbstractProblemLoader Environment load took 90.6ns 
709605     INFO  main            d.u.i.k.p.i.AbstractProblemLoader Creating init config 
715484     DEBUG main            d.u.i.k.p.i.AbstractProblemLoader Init config took 5.88s 
715588     INFO  main            d.u.i.k.p.i.AbstractProblemLoader Replaying proof Plotter[ThreadSpec2::workingPermissions()].JML accessible clause.0 
715589     DEBUG main            d.u.i.k.p.i.IntermediateProofReplayer Proof replay took 3.4ns 
715795     INFO  main            d.u.i.k.p.r.p.TestFile    ... finished proof: closed. 
716482     INFO  main            d.u.i.k.p.i.AbstractProblemLoader Loading environment from /home/runner/work/key/key/key.core/../key.ui/examples/heap/permissions/threads/Plotter_workingPermissions_accessible.key.proof 
716482     DEBUG main            d.u.i.k.p.i.AbstractProblemLoader Environment load took 87.9ns 
716483     INFO  main            d.u.i.k.p.i.AbstractProblemLoader Creating init config 
722112     DEBUG main            d.u.i.k.p.i.AbstractProblemLoader Init config took 5.63s 
722208     INFO  main            d.u.i.k.p.i.AbstractProblemLoader Replaying proof Plotter[ThreadSpec2::workingPermissions()].JML accessible clause.0 
722223     DEBUG main            d.u.i.k.p.i.IntermediateProofReplayer Proof replay took 13.72ms 
722224     DEBUG main            d.u.i.k.p.r.p.TestFile    ... success: reloaded. 
722225     INFO  main            d.u.i.k.p.r.p.TestFile    Now processing file /home/runner/work/key/key/key.core/../key.ui/examples/heap/permissions/threads/Sampler_initPost_accessible.key 
722225     INFO  main            d.u.i.k.p.i.AbstractProblemLoader Loading environment from /home/runner/work/key/key/key.core/../key.ui/examples/heap/permissions/threads/Sampler_initPost_accessible.key 
722225     DEBUG main            d.u.i.k.p.i.AbstractProblemLoader Environment load took 104.2ns 
722226     INFO  main            d.u.i.k.p.i.AbstractProblemLoader Creating init config 
728148     DEBUG main            d.u.i.k.p.i.AbstractProblemLoader Init config took 5.92s 
728257     INFO  main            d.u.i.k.p.i.AbstractProblemLoader Replaying proof Sampler[ThreadSpec2::initPost()].JML accessible clause.0 
728259     DEBUG main            d.u.i.k.p.i.IntermediateProofReplayer Proof replay took 3.4ns 
728361     INFO  main            d.u.i.k.p.r.p.TestFile    ... finished proof: closed. 
729049     INFO  main            d.u.i.k.p.i.AbstractProblemLoader Loading environment from /home/runner/work/key/key/key.core/../key.ui/examples/heap/permissions/threads/Sampler_initPost_accessible.key.proof 
729049     DEBUG main            d.u.i.k.p.i.AbstractProblemLoader Environment load took 86ns 
729050     INFO  main            d.u.i.k.p.i.AbstractProblemLoader Creating init config 
735001     DEBUG main            d.u.i.k.p.i.AbstractProblemLoader Init config took 5.95s 
735120     INFO  main            d.u.i.k.p.i.AbstractProblemLoader Replaying proof Sampler[ThreadSpec2::initPost()].JML accessible clause.0 
735135     DEBUG main            d.u.i.k.p.i.IntermediateProofReplayer Proof replay took 11.1ms 
735136     DEBUG main            d.u.i.k.p.r.p.TestFile    ... success: reloaded. 
735138     INFO  main            d.u.i.k.p.r.p.TestFile    Now processing file /home/runner/work/key/key/key.core/../key.ui/examples/heap/permissions/threads/Sampler_inv_accessible1.key 
735139     INFO  main            d.u.i.k.p.i.AbstractProblemLoader Loading environment from /home/runner/work/key/key/key.core/../key.ui/examples/heap/permissions/threads/Sampler_inv_accessible1.key 
735139     DEBUG main            d.u.i.k.p.i.AbstractProblemLoader Environment load took 239.6ns 
735140     INFO  main            d.u.i.k.p.i.AbstractProblemLoader Creating init config 
741144     DEBUG main            d.u.i.k.p.i.AbstractProblemLoader Init config took 6s 
741247     INFO  main            d.u.i.k.p.i.AbstractProblemLoader Replaying proof Sampler[java.lang.Object::<inv>()].JML accessible clause.0 
741249     DEBUG main            d.u.i.k.p.i.IntermediateProofReplayer Proof replay took 3.1ns 
741350     INFO  main            d.u.i.k.p.r.p.TestFile    ... finished proof: closed. 
742064     INFO  main            d.u.i.k.p.i.AbstractProblemLoader Loading environment from /home/runner/work/key/key/key.core/../key.ui/examples/heap/permissions/threads/Sampler_inv_accessible1.key.proof 
742064     DEBUG main            d.u.i.k.p.i.AbstractProblemLoader Environment load took 85.7ns 
742065     INFO  main            d.u.i.k.p.i.AbstractProblemLoader Creating init config 
747980     DEBUG main            d.u.i.k.p.i.AbstractProblemLoader Init config took 5.91s 
748083     INFO  main            d.u.i.k.p.i.AbstractProblemLoader Replaying proof Sampler[java.lang.Object::<inv>()].JML accessible clause.0 
748086     DEBUG main            d.u.i.k.p.i.IntermediateProofReplayer Proof replay took 1.66ms 
748087     DEBUG main            d.u.i.k.p.r.p.TestFile    ... success: reloaded. 
748088     INFO  main            d.u.i.k.p.r.p.TestFile    Now processing file /home/runner/work/key/key/key.core/../key.ui/examples/heap/permissions/threads/Sampler_inv_accessible2.key 
748088     INFO  main            d.u.i.k.p.i.AbstractProblemLoader Loading environment from /home/runner/work/key/key/key.core/../key.ui/examples/heap/permissions/threads/Sampler_inv_accessible2.key 
748089     DEBUG main            d.u.i.k.p.i.AbstractProblemLoader Environment load took 100ns 
748089     INFO  main            d.u.i.k.p.i.AbstractProblemLoader Creating init config 
754118     DEBUG main            d.u.i.k.p.i.AbstractProblemLoader Init config took 6.03s 
754219     INFO  main            d.u.i.k.p.i.AbstractProblemLoader Replaying proof Sampler[java.lang.Object::<inv>()].JML accessible clause.1 
754221     DEBUG main            d.u.i.k.p.i.IntermediateProofReplayer Proof replay took 3.7ns 
754323     INFO  main            d.u.i.k.p.r.p.TestFile    ... finished proof: closed. 
755046     INFO  main            d.u.i.k.p.i.AbstractProblemLoader Loading environment from /home/runner/work/key/key/key.core/../key.ui/examples/heap/permissions/threads/Sampler_inv_accessible2.key.proof 
755046     DEBUG main            d.u.i.k.p.i.AbstractProblemLoader Environment load took 98.3ns 
755047     INFO  main            d.u.i.k.p.i.AbstractProblemLoader Creating init config 
760930     DEBUG main            d.u.i.k.p.i.AbstractProblemLoader Init config took 5.88s 
761041     INFO  main            d.u.i.k.p.i.AbstractProblemLoader Replaying proof Sampler[java.lang.Object::<inv>()].JML accessible clause.1 
761046     DEBUG main            d.u.i.k.p.i.IntermediateProofReplayer Proof replay took 1.95ms 
761047     DEBUG main            d.u.i.k.p.r.p.TestFile    ... success: reloaded. 
761053     INFO  main            d.u.i.k.p.r.p.TestFile    Now processing file /home/runner/work/key/key/key.core/../key.ui/examples/heap/permissions/threads/Sampler_joinTransfer_accessible.key 
761054     INFO  main            d.u.i.k.p.i.AbstractProblemLoader Loading environment from /home/runner/work/key/key/key.core/../key.ui/examples/heap/permissions/threads/Sampler_joinTransfer_accessible.key 
761054     DEBUG main            d.u.i.k.p.i.AbstractProblemLoader Environment load took 227.4ns 
761056     INFO  main            d.u.i.k.p.i.AbstractProblemLoader Creating init config 
767175     DEBUG main            d.u.i.k.p.i.AbstractProblemLoader Init config took 6.12s 
767284     INFO  main            d.u.i.k.p.i.AbstractProblemLoader Replaying proof Sampler[ThreadSpec2::joinTransfer()].JML accessible clause.0 
767286     DEBUG main            d.u.i.k.p.i.IntermediateProofReplayer Proof replay took 3.4ns 
772312     INFO  main            d.u.i.k.p.r.p.TestFile    ... finished proof: closed. 
773046     INFO  main            d.u.i.k.p.i.AbstractProblemLoader Loading environment from /home/runner/work/key/key/key.core/../key.ui/examples/heap/permissions/threads/Sampler_joinTransfer_accessible.key.proof 
773047     DEBUG main            d.u.i.k.p.i.AbstractProblemLoader Environment load took 464.4ns 
773048     INFO  main            d.u.i.k.p.i.AbstractProblemLoader Creating init config 
778727     DEBUG main            d.u.i.k.p.i.AbstractProblemLoader Init config took 5.68s 
778847     INFO  main            d.u.i.k.p.i.AbstractProblemLoader Replaying proof Sampler[ThreadSpec2::joinTransfer()].JML accessible clause.0 
779413     DEBUG main            d.u.i.k.p.i.IntermediateProofReplayer Proof replay took 551.8ms 
779415     DEBUG main            d.u.i.k.p.r.p.TestFile    ... success: reloaded. 
779416     INFO  main            d.u.i.k.p.r.p.TestFile    Now processing file /home/runner/work/key/key/key.core/../key.ui/examples/heap/permissions/threads/Sampler_joinTransfer_contract.key 
779416     INFO  main            d.u.i.k.p.i.AbstractProblemLoader Loading environment from /home/runner/work/key/key/key.core/../key.ui/examples/heap/permissions/threads/Sampler_joinTransfer_contract.key 
779416     DEBUG main            d.u.i.k.p.i.AbstractProblemLoader Environment load took 130.4ns 
779417     INFO  main            d.u.i.k.p.i.AbstractProblemLoader Creating init config 
785267     DEBUG main            d.u.i.k.p.i.AbstractProblemLoader Init config took 5.85s 
785369     INFO  main            d.u.i.k.p.i.AbstractProblemLoader Replaying proof Sampler[ThreadSpec2::joinTransfer()].JML model_behavior operation contract.0 
785371     DEBUG main            d.u.i.k.p.i.IntermediateProofReplayer Proof replay took 3.7ns 
785473     INFO  main            d.u.i.k.p.r.p.TestFile    ... finished proof: closed. 
786220     INFO  main            d.u.i.k.p.i.AbstractProblemLoader Loading environment from /home/runner/work/key/key/key.core/../key.ui/examples/heap/permissions/threads/Sampler_joinTransfer_contract.key.proof 
786220     DEBUG main            d.u.i.k.p.i.AbstractProblemLoader Environment load took 87.4ns 
786221     INFO  main            d.u.i.k.p.i.AbstractProblemLoader Creating init config 
792092     DEBUG main            d.u.i.k.p.i.AbstractProblemLoader Init config took 5.87s 
792194     INFO  main            d.u.i.k.p.i.AbstractProblemLoader Replaying proof Sampler[ThreadSpec2::joinTransfer()].JML model_behavior operation contract.0 
792204     DEBUG main            d.u.i.k.p.i.IntermediateProofReplayer Proof replay took 8.29ms 
792206     DEBUG main            d.u.i.k.p.r.p.TestFile    ... success: reloaded. 
792207     INFO  main            d.u.i.k.p.r.p.TestFile    Now processing file /home/runner/work/key/key/key.core/../key.ui/examples/heap/permissions/threads/Sampler_postJoin_accessible.key 
792207     INFO  main            d.u.i.k.p.i.AbstractProblemLoader Loading environment from /home/runner/work/key/key/key.core/../key.ui/examples/heap/permissions/threads/Sampler_postJoin_accessible.key 
792207     DEBUG main            d.u.i.k.p.i.AbstractProblemLoader Environment load took 97.7ns 
792208     INFO  main            d.u.i.k.p.i.AbstractProblemLoader Creating init config 
798236     DEBUG main            d.u.i.k.p.i.AbstractProblemLoader Init config took 6.03s 
798346     INFO  main            d.u.i.k.p.i.AbstractProblemLoader Replaying proof Sampler[ThreadSpec2::postJoin(java.lang.Object)].JML accessible clause.0 
798347     DEBUG main            d.u.i.k.p.i.IntermediateProofReplayer Proof replay took 3.6ns 
798449     INFO  main            d.u.i.k.p.r.p.TestFile    ... finished proof: closed. 
799217     INFO  main            d.u.i.k.p.i.AbstractProblemLoader Loading environment from /home/runner/work/key/key/key.core/../key.ui/examples/heap/permissions/threads/Sampler_postJoin_accessible.key.proof 
799218     DEBUG main            d.u.i.k.p.i.AbstractProblemLoader Environment load took 107.5ns 
799220     INFO  main            d.u.i.k.p.i.AbstractProblemLoader Creating init config 
805048     DEBUG main            d.u.i.k.p.i.AbstractProblemLoader Init config took 5.83s 
805147     INFO  main            d.u.i.k.p.i.AbstractProblemLoader Replaying proof Sampler[ThreadSpec2::postJoin(java.lang.Object)].JML accessible clause.0 
805160     DEBUG main            d.u.i.k.p.i.IntermediateProofReplayer Proof replay took 10.97ms 
805162     DEBUG main            d.u.i.k.p.r.p.TestFile    ... success: reloaded. 
805163     INFO  main            d.u.i.k.p.r.p.TestFile    Now processing file /home/runner/work/key/key/key.core/../key.ui/examples/heap/permissions/threads/Sampler_preStart_accessible.key 
805163     INFO  main            d.u.i.k.p.i.AbstractProblemLoader Loading environment from /home/runner/work/key/key/key.core/../key.ui/examples/heap/permissions/threads/Sampler_preStart_accessible.key 
805163     DEBUG main            d.u.i.k.p.i.AbstractProblemLoader Environment load took 74.4ns 
805164     INFO  main            d.u.i.k.p.i.AbstractProblemLoader Creating init config 
811118     DEBUG main            d.u.i.k.p.i.AbstractProblemLoader Init config took 5.95s 
811255     INFO  main            d.u.i.k.p.i.AbstractProblemLoader Replaying proof Sampler[ThreadSpec2::preStart(java.lang.Object)].JML accessible clause.0 
811257     DEBUG main            d.u.i.k.p.i.IntermediateProofReplayer Proof replay took 3.2ns 
811359     INFO  main            d.u.i.k.p.r.p.TestFile    ... finished proof: closed. 
812102     INFO  main            d.u.i.k.p.i.AbstractProblemLoader Loading environment from /home/runner/work/key/key/key.core/../key.ui/examples/heap/permissions/threads/Sampler_preStart_accessible.key.proof 
812102     DEBUG main            d.u.i.k.p.i.AbstractProblemLoader Environment load took 70.6ns 
812103     INFO  main            d.u.i.k.p.i.AbstractProblemLoader Creating init config 
817908     DEBUG main            d.u.i.k.p.i.AbstractProblemLoader Init config took 5.8s 
818027     INFO  main            d.u.i.k.p.i.AbstractProblemLoader Replaying proof Sampler[ThreadSpec2::preStart(java.lang.Object)].JML accessible clause.0 
818040     DEBUG main            d.u.i.k.p.i.IntermediateProofReplayer Proof replay took 10.32ms 
818041     DEBUG main            d.u.i.k.p.r.p.TestFile    ... success: reloaded. 
818042     INFO  main            d.u.i.k.p.r.p.TestFile    Now processing file /home/runner/work/key/key/key.core/../key.ui/examples/heap/permissions/threads/Sampler_run.key 
818042     INFO  main            d.u.i.k.p.i.AbstractProblemLoader Loading environment from /home/runner/work/key/key/key.core/../key.ui/examples/heap/permissions/threads/Sampler_run.key 
818042     DEBUG main            d.u.i.k.p.i.AbstractProblemLoader Environment load took 131.3ns 
818043     INFO  main            d.u.i.k.p.i.AbstractProblemLoader Creating init config 
824014     DEBUG main            d.u.i.k.p.i.AbstractProblemLoader Init config took 5.97s 
824124     INFO  main            d.u.i.k.p.i.AbstractProblemLoader Replaying proof Sampler[ThreadSpec2::run()].JML normal_behavior operation contract.0 
824126     DEBUG main            d.u.i.k.p.i.IntermediateProofReplayer Proof replay took 3.3ns 
824329     INFO  main            d.u.i.k.p.r.p.TestFile    ... finished proof: closed. 
825100     INFO  main            d.u.i.k.p.i.AbstractProblemLoader Loading environment from /home/runner/work/key/key/key.core/../key.ui/examples/heap/permissions/threads/Sampler_run.key.proof 
825100     DEBUG main            d.u.i.k.p.i.AbstractProblemLoader Environment load took 115.2ns 
825102     INFO  main            d.u.i.k.p.i.AbstractProblemLoader Creating init config 
831103     DEBUG main            d.u.i.k.p.i.AbstractProblemLoader Init config took 6s 
831220     INFO  main            d.u.i.k.p.i.AbstractProblemLoader Replaying proof Sampler[ThreadSpec2::run()].JML normal_behavior operation contract.0 
831257     DEBUG main            d.u.i.k.p.i.IntermediateProofReplayer Proof replay took 35.19ms 
831258     DEBUG main            d.u.i.k.p.r.p.TestFile    ... success: reloaded. 
831259     INFO  main            d.u.i.k.p.r.p.TestFile    Now processing file /home/runner/work/key/key/key.core/../key.ui/examples/heap/permissions/threads/Sampler_Sampler.key 
831259     INFO  main            d.u.i.k.p.i.AbstractProblemLoader Loading environment from /home/runner/work/key/key/key.core/../key.ui/examples/heap/permissions/threads/Sampler_Sampler.key 
831259     DEBUG main            d.u.i.k.p.i.AbstractProblemLoader Environment load took 116.6ns 
831260     INFO  main            d.u.i.k.p.i.AbstractProblemLoader Creating init config 
837343     DEBUG main            d.u.i.k.p.i.AbstractProblemLoader Init config took 6.08s 
837450     INFO  main            d.u.i.k.p.i.AbstractProblemLoader Replaying proof Sampler[Sampler::Sampler(Buffer)].JML normal_behavior operation contract.0 
837452     DEBUG main            d.u.i.k.p.i.IntermediateProofReplayer Proof replay took 3.2ns 
838155     INFO  main            d.u.i.k.p.r.p.TestFile    ... finished proof: closed. 
838959     INFO  main            d.u.i.k.p.i.AbstractProblemLoader Loading environment from /home/runner/work/key/key/key.core/../key.ui/examples/heap/permissions/threads/Sampler_Sampler.key.proof 
838959     DEBUG main            d.u.i.k.p.i.AbstractProblemLoader Environment load took 86.6ns 
838960     INFO  main            d.u.i.k.p.i.AbstractProblemLoader Creating init config 
845055     DEBUG main            d.u.i.k.p.i.AbstractProblemLoader Init config took 6.1s 
845160     INFO  main            d.u.i.k.p.i.AbstractProblemLoader Replaying proof Sampler[Sampler::Sampler(Buffer)].JML normal_behavior operation contract.0 
845245     DEBUG main            d.u.i.k.p.i.IntermediateProofReplayer Proof replay took 82.28ms 
845247     DEBUG main            d.u.i.k.p.r.p.TestFile    ... success: reloaded. 
845247     INFO  main            d.u.i.k.p.r.p.TestFile    Now processing file /home/runner/work/key/key/key.core/../key.ui/examples/heap/permissions/threads/Sampler_startTransfer_accessible.key 
845248     INFO  main            d.u.i.k.p.i.AbstractProblemLoader Loading environment from /home/runner/work/key/key/key.core/../key.ui/examples/heap/permissions/threads/Sampler_startTransfer_accessible.key 
845248     DEBUG main            d.u.i.k.p.i.AbstractProblemLoader Environment load took 50ns 
845249     INFO  main            d.u.i.k.p.i.AbstractProblemLoader Creating init config 
851205     DEBUG main            d.u.i.k.p.i.AbstractProblemLoader Init config took 5.96s 
851344     INFO  main            d.u.i.k.p.i.AbstractProblemLoader Replaying proof Sampler[ThreadSpec2::startTransfer()].JML accessible clause.0 
851345     DEBUG main            d.u.i.k.p.i.IntermediateProofReplayer Proof replay took 3.9ns 
856710     INFO  main            d.u.i.k.p.r.p.TestFile    ... finished proof: closed. 
857513     INFO  main            d.u.i.k.p.i.AbstractProblemLoader Loading environment from /home/runner/work/key/key/key.core/../key.ui/examples/heap/permissions/threads/Sampler_startTransfer_accessible.key.proof 
857513     DEBUG main            d.u.i.k.p.i.AbstractProblemLoader Environment load took 82.4ns 
857515     INFO  main            d.u.i.k.p.i.AbstractProblemLoader Creating init config 
863414     DEBUG main            d.u.i.k.p.i.AbstractProblemLoader Init config took 5.9s 
863527     INFO  main            d.u.i.k.p.i.AbstractProblemLoader Replaying proof Sampler[ThreadSpec2::startTransfer()].JML accessible clause.0 
864009     DEBUG main            d.u.i.k.p.i.IntermediateProofReplayer Proof replay took 468.86ms 
864010     DEBUG main            d.u.i.k.p.r.p.TestFile    ... success: reloaded. 
864012     INFO  main            d.u.i.k.p.r.p.TestFile    Now processing file /home/runner/work/key/key/key.core/../key.ui/examples/heap/permissions/threads/Sampler_startTransfer_contract.key 
864012     INFO  main            d.u.i.k.p.i.AbstractProblemLoader Loading environment from /home/runner/work/key/key/key.core/../key.ui/examples/heap/permissions/threads/Sampler_startTransfer_contract.key 
864012     DEBUG main            d.u.i.k.p.i.AbstractProblemLoader Environment load took 44.8ns 
864013     INFO  main            d.u.i.k.p.i.AbstractProblemLoader Creating init config 
870019     DEBUG main            d.u.i.k.p.i.AbstractProblemLoader Init config took 6.01s 
870126     INFO  main            d.u.i.k.p.i.AbstractProblemLoader Replaying proof Sampler[ThreadSpec2::startTransfer()].JML model_behavior operation contract.0 
870127     DEBUG main            d.u.i.k.p.i.IntermediateProofReplayer Proof replay took 2.9ns 
870229     INFO  main            d.u.i.k.p.r.p.TestFile    ... finished proof: closed. 
871046     INFO  main            d.u.i.k.p.i.AbstractProblemLoader Loading environment from /home/runner/work/key/key/key.core/../key.ui/examples/heap/permissions/threads/Sampler_startTransfer_contract.key.proof 
871046     DEBUG main            d.u.i.k.p.i.AbstractProblemLoader Environment load took 101.4ns 
871048     INFO  main            d.u.i.k.p.i.AbstractProblemLoader Creating init config 
876982     DEBUG main            d.u.i.k.p.i.AbstractProblemLoader Init config took 5.93s 
877092     INFO  main            d.u.i.k.p.i.AbstractProblemLoader Replaying proof Sampler[ThreadSpec2::startTransfer()].JML model_behavior operation contract.0 
877102     DEBUG main            d.u.i.k.p.i.IntermediateProofReplayer Proof replay took 8.89ms 
877103     DEBUG main            d.u.i.k.p.r.p.TestFile    ... success: reloaded. 
877104     INFO  main            d.u.i.k.p.r.p.TestFile    Now processing file /home/runner/work/key/key/key.core/../key.ui/examples/heap/permissions/threads/Sampler_stateInv_accessible.key 
877105     INFO  main            d.u.i.k.p.i.AbstractProblemLoader Loading environment from /home/runner/work/key/key/key.core/../key.ui/examples/heap/permissions/threads/Sampler_stateInv_accessible.key 
877105     DEBUG main            d.u.i.k.p.i.AbstractProblemLoader Environment load took 94.4ns 
877106     INFO  main            d.u.i.k.p.i.AbstractProblemLoader Creating init config 
883098     DEBUG main            d.u.i.k.p.i.AbstractProblemLoader Init config took 5.99s 
883230     INFO  main            d.u.i.k.p.i.AbstractProblemLoader Replaying proof Sampler[ThreadSpec2::stateInv()].JML accessible clause.0 
883232     DEBUG main            d.u.i.k.p.i.IntermediateProofReplayer Proof replay took 3.9ns 
883333     INFO  main            d.u.i.k.p.r.p.TestFile    ... finished proof: closed. 
884144     INFO  main            d.u.i.k.p.i.AbstractProblemLoader Loading environment from /home/runner/work/key/key/key.core/../key.ui/examples/heap/permissions/threads/Sampler_stateInv_accessible.key.proof 
884144     DEBUG main            d.u.i.k.p.i.AbstractProblemLoader Environment load took 85.5ns 
884145     INFO  main            d.u.i.k.p.i.AbstractProblemLoader Creating init config 
890101     DEBUG main            d.u.i.k.p.i.AbstractProblemLoader Init config took 5.96s 
890209     INFO  main            d.u.i.k.p.i.AbstractProblemLoader Replaying proof Sampler[ThreadSpec2::stateInv()].JML accessible clause.0 
890218     DEBUG main            d.u.i.k.p.i.IntermediateProofReplayer Proof replay took 6.9ms 
890219     DEBUG main            d.u.i.k.p.r.p.TestFile    ... success: reloaded. 
890220     INFO  main            d.u.i.k.p.r.p.TestFile    Now processing file /home/runner/work/key/key/key.core/../key.ui/examples/heap/permissions/threads/Sampler_staticPermissions_accessible.key 
890220     INFO  main            d.u.i.k.p.i.AbstractProblemLoader Loading environment from /home/runner/work/key/key/key.core/../key.ui/examples/heap/permissions/threads/Sampler_staticPermissions_accessible.key 
890220     DEBUG main            d.u.i.k.p.i.AbstractProblemLoader Environment load took 71.7ns 
890222     INFO  main            d.u.i.k.p.i.AbstractProblemLoader Creating init config 
896214     DEBUG main            d.u.i.k.p.i.AbstractProblemLoader Init config took 5.99s 
896342     INFO  main            d.u.i.k.p.i.AbstractProblemLoader Replaying proof Sampler[ThreadSpec2::staticPermissions()].JML accessible clause.0 
896343     DEBUG main            d.u.i.k.p.i.IntermediateProofReplayer Proof replay took 3.7ns 
896446     INFO  main            d.u.i.k.p.r.p.TestFile    ... finished proof: closed. 
897262     INFO  main            d.u.i.k.p.i.AbstractProblemLoader Loading environment from /home/runner/work/key/key/key.core/../key.ui/examples/heap/permissions/threads/Sampler_staticPermissions_accessible.key.proof 
897263     DEBUG main            d.u.i.k.p.i.AbstractProblemLoader Environment load took 92.7ns 
897264     INFO  main            d.u.i.k.p.i.AbstractProblemLoader Creating init config 
903213     DEBUG main            d.u.i.k.p.i.AbstractProblemLoader Init config took 5.95s 
903318     INFO  main            d.u.i.k.p.i.AbstractProblemLoader Replaying proof Sampler[ThreadSpec2::staticPermissions()].JML accessible clause.0 
903324     DEBUG main            d.u.i.k.p.i.IntermediateProofReplayer Proof replay took 3.71ms 
903326     DEBUG main            d.u.i.k.p.r.p.TestFile    ... success: reloaded. 
903328     INFO  main            d.u.i.k.p.r.p.TestFile    Now processing file /home/runner/work/key/key/key.core/../key.ui/examples/heap/permissions/threads/Sampler_workingPermissions_accessible.key 
903328     INFO  main            d.u.i.k.p.i.AbstractProblemLoader Loading environment from /home/runner/work/key/key/key.core/../key.ui/examples/heap/permissions/threads/Sampler_workingPermissions_accessible.key 
903328     DEBUG main            d.u.i.k.p.i.AbstractProblemLoader Environment load took 60.2ns 
903330     INFO  main            d.u.i.k.p.i.AbstractProblemLoader Creating init config 
909402     DEBUG main            d.u.i.k.p.i.AbstractProblemLoader Init config took 6.07s 
909509     INFO  main            d.u.i.k.p.i.AbstractProblemLoader Replaying proof Sampler[ThreadSpec2::workingPermissions()].JML accessible clause.0 
909511     DEBUG main            d.u.i.k.p.i.IntermediateProofReplayer Proof replay took 3.4ns 
909613     INFO  main            d.u.i.k.p.r.p.TestFile    ... finished proof: closed. 
910432     INFO  main            d.u.i.k.p.i.AbstractProblemLoader Loading environment from /home/runner/work/key/key/key.core/../key.ui/examples/heap/permissions/threads/Sampler_workingPermissions_accessible.key.proof 
910432     DEBUG main            d.u.i.k.p.i.AbstractProblemLoader Environment load took 85.4ns 
910433     INFO  main            d.u.i.k.p.i.AbstractProblemLoader Creating init config 
916424     DEBUG main            d.u.i.k.p.i.AbstractProblemLoader Init config took 5.99s 
916527     INFO  main            d.u.i.k.p.i.AbstractProblemLoader Replaying proof Sampler[ThreadSpec2::workingPermissions()].JML accessible clause.0 
916535     DEBUG main            d.u.i.k.p.i.IntermediateProofReplayer Proof replay took 6.34ms 
916536     DEBUG main            d.u.i.k.p.r.p.TestFile    ... success: reloaded. 
916537     INFO  main            d.u.i.k.p.r.p.TestFile    Now processing file /home/runner/work/key/key/key.core/../key.ui/examples/heap/permissions/mulleretal/ReadWrite_doRead_contract.key 
916537     INFO  main            d.u.i.k.p.i.AbstractProblemLoader Loading environment from /home/runner/work/key/key/key.core/../key.ui/examples/heap/permissions/mulleretal/ReadWrite_doRead_contract.key 
916537     DEBUG main            d.u.i.k.p.i.AbstractProblemLoader Environment load took 61.1ns 
916538     INFO  main            d.u.i.k.p.i.AbstractProblemLoader Creating init config 
920049     DEBUG main            d.u.i.k.p.i.AbstractProblemLoader Init config took 3.51s 
920093     INFO  main            d.u.i.k.p.i.AbstractProblemLoader Replaying proof ReadWrite[ReadWrite::doRead()].JML normal_behavior operation contract.0 
920096     DEBUG main            d.u.i.k.p.i.IntermediateProofReplayer Proof replay took 4ns 
922404     INFO  main            d.u.i.k.p.r.p.TestFile    ... finished proof: closed. 
923299     INFO  main            d.u.i.k.p.i.AbstractProblemLoader Loading environment from /home/runner/work/key/key/key.core/../key.ui/examples/heap/permissions/mulleretal/ReadWrite_doRead_contract.key.proof 
923299     DEBUG main            d.u.i.k.p.i.AbstractProblemLoader Environment load took 591.4ns 
923301     INFO  main            d.u.i.k.p.i.AbstractProblemLoader Creating init config 
926742     DEBUG main            d.u.i.k.p.i.AbstractProblemLoader Init config took 3.44s 
926786     INFO  main            d.u.i.k.p.i.AbstractProblemLoader Replaying proof ReadWrite[ReadWrite::doRead()].JML normal_behavior operation contract.0 
927257     DEBUG main            d.u.i.k.p.i.IntermediateProofReplayer Proof replay took 463.43ms 
927258     DEBUG main            d.u.i.k.p.r.p.TestFile    ... success: reloaded. 
927259     INFO  main            d.u.i.k.p.r.p.TestFile    Now processing file /home/runner/work/key/key/key.core/../key.ui/examples/heap/permissions/mulleretal/ReadWrite_doWrite_contract.key 
927259     INFO  main            d.u.i.k.p.i.AbstractProblemLoader Loading environment from /home/runner/work/key/key/key.core/../key.ui/examples/heap/permissions/mulleretal/ReadWrite_doWrite_contract.key 
927259     DEBUG main            d.u.i.k.p.i.AbstractProblemLoader Environment load took 135.9ns 
927260     INFO  main            d.u.i.k.p.i.AbstractProblemLoader Creating init config 
930705     DEBUG main            d.u.i.k.p.i.AbstractProblemLoader Init config took 3.44s 
930749     INFO  main            d.u.i.k.p.i.AbstractProblemLoader Replaying proof ReadWrite[ReadWrite::doWrite()].JML normal_behavior operation contract.0 
930751     DEBUG main            d.u.i.k.p.i.IntermediateProofReplayer Proof replay took 18.8ns 
933094     INFO  main            d.u.i.k.p.r.p.TestFile    ... finished proof: closed. 
934026     INFO  main            d.u.i.k.p.i.AbstractProblemLoader Loading environment from /home/runner/work/key/key/key.core/../key.ui/examples/heap/permissions/mulleretal/ReadWrite_doWrite_contract.key.proof 
934026     DEBUG main            d.u.i.k.p.i.AbstractProblemLoader Environment load took 107.9ns 
934027     INFO  main            d.u.i.k.p.i.AbstractProblemLoader Creating init config 
937476     DEBUG main            d.u.i.k.p.i.AbstractProblemLoader Init config took 3.45s 
937540     INFO  main            d.u.i.k.p.i.AbstractProblemLoader Replaying proof ReadWrite[ReadWrite::doWrite()].JML normal_behavior operation contract.0 
938023     DEBUG main            d.u.i.k.p.i.IntermediateProofReplayer Proof replay took 475.28ms 
938025     DEBUG main            d.u.i.k.p.r.p.TestFile    ... success: reloaded. 
938026     INFO  main            d.u.i.k.p.r.p.TestFile    Now processing file /home/runner/work/key/key/key.core/../key.ui/examples/heap/permissions/mulleretal/ReadWrite_read_contract.key 
938026     INFO  main            d.u.i.k.p.i.AbstractProblemLoader Loading environment from /home/runner/work/key/key/key.core/../key.ui/examples/heap/permissions/mulleretal/ReadWrite_read_contract.key 
938027     DEBUG main            d.u.i.k.p.i.AbstractProblemLoader Environment load took 90.7ns 
938027     INFO  main            d.u.i.k.p.i.AbstractProblemLoader Creating init config 
941504     DEBUG main            d.u.i.k.p.i.AbstractProblemLoader Init config took 3.48s 
941548     INFO  main            d.u.i.k.p.i.AbstractProblemLoader Replaying proof ReadWrite[ReadWrite::read()].JML normal_behavior operation contract.0 
941549     DEBUG main            d.u.i.k.p.i.IntermediateProofReplayer Proof replay took 3.1ns 
941651     INFO  main            d.u.i.k.p.r.p.TestFile    ... finished proof: closed. 
942497     INFO  main            d.u.i.k.p.i.AbstractProblemLoader Loading environment from /home/runner/work/key/key/key.core/../key.ui/examples/heap/permissions/mulleretal/ReadWrite_read_contract.key.proof 
942498     DEBUG main            d.u.i.k.p.i.AbstractProblemLoader Environment load took 78.1ns 
942498     INFO  main            d.u.i.k.p.i.AbstractProblemLoader Creating init config 
945882     DEBUG main            d.u.i.k.p.i.AbstractProblemLoader Init config took 3.38s 
945921     INFO  main            d.u.i.k.p.i.AbstractProblemLoader Replaying proof ReadWrite[ReadWrite::read()].JML normal_behavior operation contract.0 
945932     DEBUG main            d.u.i.k.p.i.IntermediateProofReplayer Proof replay took 7.48ms 
945932     DEBUG main            d.u.i.k.p.r.p.TestFile    ... success: reloaded. 
945933     INFO  main            d.u.i.k.p.r.p.TestFile    Now processing file /home/runner/work/key/key/key.core/../key.ui/examples/heap/permissions/mulleretal/ReadWrite_write_contract.key 
945934     INFO  main            d.u.i.k.p.i.AbstractProblemLoader Loading environment from /home/runner/work/key/key/key.core/../key.ui/examples/heap/permissions/mulleretal/ReadWrite_write_contract.key 
945934     DEBUG main            d.u.i.k.p.i.AbstractProblemLoader Environment load took 100.4ns 
945935     INFO  main            d.u.i.k.p.i.AbstractProblemLoader Creating init config 
949418     DEBUG main            d.u.i.k.p.i.AbstractProblemLoader Init config took 3.48s 
949462     INFO  main            d.u.i.k.p.i.AbstractProblemLoader Replaying proof ReadWrite[ReadWrite::write()].JML normal_behavior operation contract.0 
949464     DEBUG main            d.u.i.k.p.i.IntermediateProofReplayer Proof replay took 3.4ns 
949666     INFO  main            d.u.i.k.p.r.p.TestFile    ... finished proof: closed. 
950535     INFO  main            d.u.i.k.p.i.AbstractProblemLoader Loading environment from /home/runner/work/key/key/key.core/../key.ui/examples/heap/permissions/mulleretal/ReadWrite_write_contract.key.proof 
950536     DEBUG main            d.u.i.k.p.i.AbstractProblemLoader Environment load took 372.2ns 
950537     INFO  main            d.u.i.k.p.i.AbstractProblemLoader Creating init config 
953966     DEBUG main            d.u.i.k.p.i.AbstractProblemLoader Init config took 3.43s 
954011     INFO  main            d.u.i.k.p.i.AbstractProblemLoader Replaying proof ReadWrite[ReadWrite::write()].JML normal_behavior operation contract.0 
954042     DEBUG main            d.u.i.k.p.i.IntermediateProofReplayer Proof replay took 29.05ms 
954043     DEBUG main            d.u.i.k.p.r.p.TestFile    ... success: reloaded. 
954044     INFO  main            d.u.i.k.p.r.p.TestFile    Now processing file /home/runner/work/key/key/key.core/../key.ui/examples/heap/permissions/mulleretal/ReadWrite_inv1_accessible.key 
954044     INFO  main            d.u.i.k.p.i.AbstractProblemLoader Loading environment from /home/runner/work/key/key/key.core/../key.ui/examples/heap/permissions/mulleretal/ReadWrite_inv1_accessible.key 
954044     DEBUG main            d.u.i.k.p.i.AbstractProblemLoader Environment load took 54ns 
954045     INFO  main            d.u.i.k.p.i.AbstractProblemLoader Creating init config 
957562     DEBUG main            d.u.i.k.p.i.AbstractProblemLoader Init config took 3.52s 
957603     INFO  main            d.u.i.k.p.i.AbstractProblemLoader Replaying proof ReadWrite[java.lang.Object::<inv>()].JML accessible clause.0 
957604     DEBUG main            d.u.i.k.p.i.IntermediateProofReplayer Proof replay took 4ns 
957706     INFO  main            d.u.i.k.p.r.p.TestFile    ... finished proof: closed. 
958564     INFO  main            d.u.i.k.p.i.AbstractProblemLoader Loading environment from /home/runner/work/key/key/key.core/../key.ui/examples/heap/permissions/mulleretal/ReadWrite_inv1_accessible.key.proof 
958564     DEBUG main            d.u.i.k.p.i.AbstractProblemLoader Environment load took 115.2ns 
958565     INFO  main            d.u.i.k.p.i.AbstractProblemLoader Creating init config 
961909     DEBUG main            d.u.i.k.p.i.AbstractProblemLoader Init config took 3.34s 
961954     INFO  main            d.u.i.k.p.i.AbstractProblemLoader Replaying proof ReadWrite[java.lang.Object::<inv>()].JML accessible clause.0 
961958     DEBUG main            d.u.i.k.p.i.IntermediateProofReplayer Proof replay took 1.66ms 
961958     DEBUG main            d.u.i.k.p.r.p.TestFile    ... success: reloaded. 
961959     INFO  main            d.u.i.k.p.r.p.TestFile    Now processing file /home/runner/work/key/key/key.core/../key.ui/examples/heap/permissions/mulleretal/ReadWrite_inv2_accessible.key 
961959     INFO  main            d.u.i.k.p.i.AbstractProblemLoader Loading environment from /home/runner/work/key/key/key.core/../key.ui/examples/heap/permissions/mulleretal/ReadWrite_inv2_accessible.key 
961960     DEBUG main            d.u.i.k.p.i.AbstractProblemLoader Environment load took 106.9ns 
961960     INFO  main            d.u.i.k.p.i.AbstractProblemLoader Creating init config 
965378     DEBUG main            d.u.i.k.p.i.AbstractProblemLoader Init config took 3.42s 
965420     INFO  main            d.u.i.k.p.i.AbstractProblemLoader Replaying proof ReadWrite[java.lang.Object::<inv>()].JML accessible clause.1 
965421     DEBUG main            d.u.i.k.p.i.IntermediateProofReplayer Proof replay took 3.1ns 
965523     INFO  main            d.u.i.k.p.r.p.TestFile    ... finished proof: closed. 
966399     INFO  main            d.u.i.k.p.i.AbstractProblemLoader Loading environment from /home/runner/work/key/key/key.core/../key.ui/examples/heap/permissions/mulleretal/ReadWrite_inv2_accessible.key.proof 
966399     DEBUG main            d.u.i.k.p.i.AbstractProblemLoader Environment load took 79.4ns 
966400     INFO  main            d.u.i.k.p.i.AbstractProblemLoader Creating init config 
969745     DEBUG main            d.u.i.k.p.i.AbstractProblemLoader Init config took 3.34s 
969785     INFO  main            d.u.i.k.p.i.AbstractProblemLoader Replaying proof ReadWrite[java.lang.Object::<inv>()].JML accessible clause.1 
969788     DEBUG main            d.u.i.k.p.i.IntermediateProofReplayer Proof replay took 1.75ms 
969789     DEBUG main            d.u.i.k.p.r.p.TestFile    ... success: reloaded. 
969791     INFO  main            d.u.i.k.p.r.p.TestFile    Now processing file /home/runner/work/key/key/key.core/../key.ui/examples/heap/permissions/lockspec/Counter_lockConsistent_contract.key 
969791     INFO  main            d.u.i.k.p.i.AbstractProblemLoader Loading environment from /home/runner/work/key/key/key.core/../key.ui/examples/heap/permissions/lockspec/Counter_lockConsistent_contract.key 
969791     DEBUG main            d.u.i.k.p.i.AbstractProblemLoader Environment load took 85.3ns 
969792     INFO  main            d.u.i.k.p.i.AbstractProblemLoader Creating init config 
973826     DEBUG main            d.u.i.k.p.i.AbstractProblemLoader Init config took 4.03s 
973933     INFO  main            d.u.i.k.p.i.AbstractProblemLoader Replaying proof Counter[LockSpec::lockConsistent()].JML model_behavior operation contract.0 
973935     DEBUG main            d.u.i.k.p.i.IntermediateProofReplayer Proof replay took 3.1ns 
975542     INFO  main            d.u.i.k.p.r.p.TestFile    ... finished proof: closed. 
976463     INFO  main            d.u.i.k.p.i.AbstractProblemLoader Loading environment from /home/runner/work/key/key/key.core/../key.ui/examples/heap/permissions/lockspec/Counter_lockConsistent_contract.key.proof 
976463     DEBUG main            d.u.i.k.p.i.AbstractProblemLoader Environment load took 92.3ns 
976464     INFO  main            d.u.i.k.p.i.AbstractProblemLoader Creating init config 
980436     DEBUG main            d.u.i.k.p.i.AbstractProblemLoader Init config took 3.97s 
980518     INFO  main            d.u.i.k.p.i.AbstractProblemLoader Replaying proof Counter[LockSpec::lockConsistent()].JML model_behavior operation contract.0 
980719     DEBUG main            d.u.i.k.p.i.IntermediateProofReplayer Proof replay took 191.07ms 
980720     DEBUG main            d.u.i.k.p.r.p.TestFile    ... success: reloaded. 
980721     INFO  main            d.u.i.k.p.r.p.TestFile    Now processing file /home/runner/work/key/key/key.core/../key.ui/examples/heap/permissions/lockspec/Counter_increase_contract.key 
980721     INFO  main            d.u.i.k.p.i.AbstractProblemLoader Loading environment from /home/runner/work/key/key/key.core/../key.ui/examples/heap/permissions/lockspec/Counter_increase_contract.key 
980721     DEBUG main            d.u.i.k.p.i.AbstractProblemLoader Environment load took 96.3ns 
980722     INFO  main            d.u.i.k.p.i.AbstractProblemLoader Creating init config 
984743     DEBUG main            d.u.i.k.p.i.AbstractProblemLoader Init config took 4.02s 
984807     INFO  main            d.u.i.k.p.i.AbstractProblemLoader Replaying proof Counter[Counter::increase()].JML normal_behavior operation contract.0 
984814     DEBUG main            d.u.i.k.p.i.IntermediateProofReplayer Proof replay took 3.7ns 
987149     INFO  main            d.u.i.k.p.r.p.TestFile    ... finished proof: closed. 
988051     INFO  main            d.u.i.k.p.i.AbstractProblemLoader Loading environment from /home/runner/work/key/key/key.core/../key.ui/examples/heap/permissions/lockspec/Counter_increase_contract.key.proof 
988051     DEBUG main            d.u.i.k.p.i.AbstractProblemLoader Environment load took 382.7ns 
988053     INFO  main            d.u.i.k.p.i.AbstractProblemLoader Creating init config 
992076     DEBUG main            d.u.i.k.p.i.AbstractProblemLoader Init config took 4.02s 
992150     INFO  main            d.u.i.k.p.i.AbstractProblemLoader Replaying proof Counter[Counter::increase()].JML normal_behavior operation contract.0 
992448     DEBUG main            d.u.i.k.p.i.IntermediateProofReplayer Proof replay took 273.69ms 
992451     DEBUG main            d.u.i.k.p.r.p.TestFile    ... success: reloaded. 
992452     INFO  main            d.u.i.k.p.r.p.TestFile    Now processing file /home/runner/work/key/key/key.core/../key.ui/examples/heap/permissions/lockspec/Counter_fp_accessible.key 
992452     INFO  main            d.u.i.k.p.i.AbstractProblemLoader Loading environment from /home/runner/work/key/key/key.core/../key.ui/examples/heap/permissions/lockspec/Counter_fp_accessible.key 
992452     DEBUG main            d.u.i.k.p.i.AbstractProblemLoader Environment load took 182.3ns 
992453     INFO  main            d.u.i.k.p.i.AbstractProblemLoader Creating init config 
996728     DEBUG main            d.u.i.k.p.i.AbstractProblemLoader Init config took 4.27s 
996798     INFO  main            d.u.i.k.p.i.AbstractProblemLoader Replaying proof Counter[LockSpec::fp()].JML accessible clause.0 
996800     DEBUG main            d.u.i.k.p.i.IntermediateProofReplayer Proof replay took 3.1ns 
996901     INFO  main            d.u.i.k.p.r.p.TestFile    ... finished proof: closed. 
997780     INFO  main            d.u.i.k.p.i.AbstractProblemLoader Loading environment from /home/runner/work/key/key/key.core/../key.ui/examples/heap/permissions/lockspec/Counter_fp_accessible.key.proof 
997780     DEBUG main            d.u.i.k.p.i.AbstractProblemLoader Environment load took 80.9ns 
997781     INFO  main            d.u.i.k.p.i.AbstractProblemLoader Creating init config 
1001764    DEBUG main            d.u.i.k.p.i.AbstractProblemLoader Init config took 3.98s 
1001846    INFO  main            d.u.i.k.p.i.AbstractProblemLoader Replaying proof Counter[LockSpec::fp()].JML accessible clause.0 
1001858    DEBUG main            d.u.i.k.p.i.IntermediateProofReplayer Proof replay took 10.15ms 
1001859    DEBUG main            d.u.i.k.p.r.p.TestFile    ... success: reloaded. 
1001860    INFO  main            d.u.i.k.p.r.p.TestFile    Now processing file /home/runner/work/key/key/key.core/../key.ui/examples/heap/permissions/lockspec/Counter_fpLock_accessible.key 
1001860    INFO  main            d.u.i.k.p.i.AbstractProblemLoader Loading environment from /home/runner/work/key/key/key.core/../key.ui/examples/heap/permissions/lockspec/Counter_fpLock_accessible.key 
1001860    DEBUG main            d.u.i.k.p.i.AbstractProblemLoader Environment load took 102.3ns 
1001861    INFO  main            d.u.i.k.p.i.AbstractProblemLoader Creating init config 
1005872    DEBUG main            d.u.i.k.p.i.AbstractProblemLoader Init config took 4.01s 
1005939    INFO  main            d.u.i.k.p.i.AbstractProblemLoader Replaying proof Counter[LockSpec::fpLock()].JML accessible clause.0 
1005940    DEBUG main            d.u.i.k.p.i.IntermediateProofReplayer Proof replay took 3.2ns 
1006042    INFO  main            d.u.i.k.p.r.p.TestFile    ... finished proof: closed. 
1006930    INFO  main            d.u.i.k.p.i.AbstractProblemLoader Loading environment from /home/runner/work/key/key/key.core/../key.ui/examples/heap/permissions/lockspec/Counter_fpLock_accessible.key.proof 
1006930    DEBUG main            d.u.i.k.p.i.AbstractProblemLoader Environment load took 92.8ns 
1006931    INFO  main            d.u.i.k.p.i.AbstractProblemLoader Creating init config 
1011095    DEBUG main            d.u.i.k.p.i.AbstractProblemLoader Init config took 4.16s 
1011183    INFO  main            d.u.i.k.p.i.AbstractProblemLoader Replaying proof Counter[LockSpec::fpLock()].JML accessible clause.0 
1011199    DEBUG main            d.u.i.k.p.i.IntermediateProofReplayer Proof replay took 11.4ms 
1011200    DEBUG main            d.u.i.k.p.r.p.TestFile    ... success: reloaded. 
1011201    INFO  main            d.u.i.k.p.r.p.TestFile    Now processing file /home/runner/work/key/key/key.core/../key.ui/examples/heap/permissions/lockspec/Counter_fpPerm_accessible.key 
1011201    INFO  main            d.u.i.k.p.i.AbstractProblemLoader Loading environment from /home/runner/work/key/key/key.core/../key.ui/examples/heap/permissions/lockspec/Counter_fpPerm_accessible.key 
1011201    DEBUG main            d.u.i.k.p.i.AbstractProblemLoader Environment load took 198.3ns 
1011202    INFO  main            d.u.i.k.p.i.AbstractProblemLoader Creating init config 
1015513    DEBUG main            d.u.i.k.p.i.AbstractProblemLoader Init config took 4.31s 
1015579    INFO  main            d.u.i.k.p.i.AbstractProblemLoader Replaying proof Counter[LockSpec::fpPerm()].JML accessible clause.0 
1015580    DEBUG main            d.u.i.k.p.i.IntermediateProofReplayer Proof replay took 3.5ns 
1015682    INFO  main            d.u.i.k.p.r.p.TestFile    ... finished proof: closed. 
1016555    INFO  main            d.u.i.k.p.i.AbstractProblemLoader Loading environment from /home/runner/work/key/key/key.core/../key.ui/examples/heap/permissions/lockspec/Counter_fpPerm_accessible.key.proof 
1016555    DEBUG main            d.u.i.k.p.i.AbstractProblemLoader Environment load took 73.8ns 
1016556    INFO  main            d.u.i.k.p.i.AbstractProblemLoader Creating init config 
1020609    DEBUG main            d.u.i.k.p.i.AbstractProblemLoader Init config took 4.05s 
1020690    INFO  main            d.u.i.k.p.i.AbstractProblemLoader Replaying proof Counter[LockSpec::fpPerm()].JML accessible clause.0 
1020702    DEBUG main            d.u.i.k.p.i.IntermediateProofReplayer Proof replay took 9.41ms 
1020704    DEBUG main            d.u.i.k.p.r.p.TestFile    ... success: reloaded. 
1020704    INFO  main            d.u.i.k.p.r.p.TestFile    Now processing file /home/runner/work/key/key/key.core/../key.ui/examples/heap/permissions/lockspec/Counter_inv_accessible1.key 
1020705    INFO  main            d.u.i.k.p.i.AbstractProblemLoader Loading environment from /home/runner/work/key/key/key.core/../key.ui/examples/heap/permissions/lockspec/Counter_inv_accessible1.key 
1020705    DEBUG main            d.u.i.k.p.i.AbstractProblemLoader Environment load took 178.2ns 
1020706    INFO  main            d.u.i.k.p.i.AbstractProblemLoader Creating init config 
1025161    DEBUG main            d.u.i.k.p.i.AbstractProblemLoader Init config took 4.45s 
1025220    INFO  main            d.u.i.k.p.i.AbstractProblemLoader Replaying proof Counter[java.lang.Object::<inv>()].JML accessible clause.0 
1025221    DEBUG main            d.u.i.k.p.i.IntermediateProofReplayer Proof replay took 2.8ns 
1025323    INFO  main            d.u.i.k.p.r.p.TestFile    ... finished proof: closed. 
1026225    INFO  main            d.u.i.k.p.i.AbstractProblemLoader Loading environment from /home/runner/work/key/key/key.core/../key.ui/examples/heap/permissions/lockspec/Counter_inv_accessible1.key.proof 
1026225    DEBUG main            d.u.i.k.p.i.AbstractProblemLoader Environment load took 78.1ns 
1026226    INFO  main            d.u.i.k.p.i.AbstractProblemLoader Creating init config 
1030252    DEBUG main            d.u.i.k.p.i.AbstractProblemLoader Init config took 4.03s 
1030320    INFO  main            d.u.i.k.p.i.AbstractProblemLoader Replaying proof Counter[java.lang.Object::<inv>()].JML accessible clause.0 
1030336    DEBUG main            d.u.i.k.p.i.IntermediateProofReplayer Proof replay took 13.39ms 
1030337    DEBUG main            d.u.i.k.p.r.p.TestFile    ... success: reloaded. 
1030338    INFO  main            d.u.i.k.p.r.p.TestFile    Now processing file /home/runner/work/key/key/key.core/../key.ui/examples/heap/permissions/lockspec/Counter_inv_accessible2.key 
1030338    INFO  main            d.u.i.k.p.i.AbstractProblemLoader Loading environment from /home/runner/work/key/key/key.core/../key.ui/examples/heap/permissions/lockspec/Counter_inv_accessible2.key 
1030338    DEBUG main            d.u.i.k.p.i.AbstractProblemLoader Environment load took 209.1ns 
1030340    INFO  main            d.u.i.k.p.i.AbstractProblemLoader Creating init config 
1034464    DEBUG main            d.u.i.k.p.i.AbstractProblemLoader Init config took 4.12s 
1034529    INFO  main            d.u.i.k.p.i.AbstractProblemLoader Replaying proof Counter[java.lang.Object::<inv>()].JML accessible clause.1 
1034531    DEBUG main            d.u.i.k.p.i.IntermediateProofReplayer Proof replay took 3.8ns 
1034633    INFO  main            d.u.i.k.p.r.p.TestFile    ... finished proof: closed. 
1035563    INFO  main            d.u.i.k.p.i.AbstractProblemLoader Loading environment from /home/runner/work/key/key/key.core/../key.ui/examples/heap/permissions/lockspec/Counter_inv_accessible2.key.proof 
1035563    DEBUG main            d.u.i.k.p.i.AbstractProblemLoader Environment load took 79.7ns 
1035564    INFO  main            d.u.i.k.p.i.AbstractProblemLoader Creating init config 
1039667    DEBUG main            d.u.i.k.p.i.AbstractProblemLoader Init config took 4.1s 
1039742    INFO  main            d.u.i.k.p.i.AbstractProblemLoader Replaying proof Counter[java.lang.Object::<inv>()].JML accessible clause.1 
1039759    DEBUG main            d.u.i.k.p.i.IntermediateProofReplayer Proof replay took 14.42ms 
1039760    DEBUG main            d.u.i.k.p.r.p.TestFile    ... success: reloaded. 
1039761    INFO  main            d.u.i.k.p.r.p.TestFile    Now processing file /home/runner/work/key/key/key.core/../key.ui/examples/heap/permissions/lockspec/Counter_lockRef_accessible.key 
1039762    INFO  main            d.u.i.k.p.i.AbstractProblemLoader Loading environment from /home/runner/work/key/key/key.core/../key.ui/examples/heap/permissions/lockspec/Counter_lockRef_accessible.key 
1039762    DEBUG main            d.u.i.k.p.i.AbstractProblemLoader Environment load took 237ns 
1039763    INFO  main            d.u.i.k.p.i.AbstractProblemLoader Creating init config 
1043959    DEBUG main            d.u.i.k.p.i.AbstractProblemLoader Init config took 4.2s 
1044034    INFO  main            d.u.i.k.p.i.AbstractProblemLoader Replaying proof Counter[LockSpec::lockRef()].JML accessible clause.0 
1044035    DEBUG main            d.u.i.k.p.i.IntermediateProofReplayer Proof replay took 3.4ns 
1044238    INFO  main            d.u.i.k.p.r.p.TestFile    ... finished proof: closed. 
1045176    INFO  main            d.u.i.k.p.i.AbstractProblemLoader Loading environment from /home/runner/work/key/key/key.core/../key.ui/examples/heap/permissions/lockspec/Counter_lockRef_accessible.key.proof 
1045176    DEBUG main            d.u.i.k.p.i.AbstractProblemLoader Environment load took 81.6ns 
1045177    INFO  main            d.u.i.k.p.i.AbstractProblemLoader Creating init config 
1049361    DEBUG main            d.u.i.k.p.i.AbstractProblemLoader Init config took 4.18s 
1049437    INFO  main            d.u.i.k.p.i.AbstractProblemLoader Replaying proof Counter[LockSpec::lockRef()].JML accessible clause.0 
1049480    DEBUG main            d.u.i.k.p.i.IntermediateProofReplayer Proof replay took 39.2ms 
1049481    DEBUG main            d.u.i.k.p.r.p.TestFile    ... success: reloaded. 
1049482    INFO  main            d.u.i.k.p.r.p.TestFile    Now processing file /home/runner/work/key/key/key.core/../key.ui/examples/heap/permissions/lockspec/Counter_lockRef_contract1.key 
1049483    INFO  main            d.u.i.k.p.i.AbstractProblemLoader Loading environment from /home/runner/work/key/key/key.core/../key.ui/examples/heap/permissions/lockspec/Counter_lockRef_contract1.key 
1049484    DEBUG main            d.u.i.k.p.i.AbstractProblemLoader Environment load took 137.7ns 
1049485    INFO  main            d.u.i.k.p.i.AbstractProblemLoader Creating init config 
1053619    DEBUG main            d.u.i.k.p.i.AbstractProblemLoader Init config took 4.13s 
1053684    INFO  main            d.u.i.k.p.i.AbstractProblemLoader Replaying proof Counter[LockSpec::lockRef()].JML model_behavior operation contract.0 
1053686    DEBUG main            d.u.i.k.p.i.IntermediateProofReplayer Proof replay took 3.7ns 
1053787    INFO  main            d.u.i.k.p.r.p.TestFile    ... finished proof: closed. 
1054719    INFO  main            d.u.i.k.p.i.AbstractProblemLoader Loading environment from /home/runner/work/key/key/key.core/../key.ui/examples/heap/permissions/lockspec/Counter_lockRef_contract1.key.proof 
1054719    DEBUG main            d.u.i.k.p.i.AbstractProblemLoader Environment load took 97.5ns 
1054720    INFO  main            d.u.i.k.p.i.AbstractProblemLoader Creating init config 
1058720    DEBUG main            d.u.i.k.p.i.AbstractProblemLoader Init config took 4s 
1058816    INFO  main            d.u.i.k.p.i.AbstractProblemLoader Replaying proof Counter[LockSpec::lockRef()].JML model_behavior operation contract.0 
1058824    DEBUG main            d.u.i.k.p.i.IntermediateProofReplayer Proof replay took 5.69ms 
1058825    DEBUG main            d.u.i.k.p.r.p.TestFile    ... success: reloaded. 
1058826    INFO  main            d.u.i.k.p.r.p.TestFile    Now processing file /home/runner/work/key/key/key.core/../key.ui/examples/heap/permissions/lockspec/Counter_lockRef_contract2.key 
1058826    INFO  main            d.u.i.k.p.i.AbstractProblemLoader Loading environment from /home/runner/work/key/key/key.core/../key.ui/examples/heap/permissions/lockspec/Counter_lockRef_contract2.key 
1058827    DEBUG main            d.u.i.k.p.i.AbstractProblemLoader Environment load took 191ns 
1058828    INFO  main            d.u.i.k.p.i.AbstractProblemLoader Creating init config 
1062899    DEBUG main            d.u.i.k.p.i.AbstractProblemLoader Init config took 4.07s 
1062994    INFO  main            d.u.i.k.p.i.AbstractProblemLoader Replaying proof Counter[Counter::lockRef()].JML model_behavior operation contract.0 
1062995    DEBUG main            d.u.i.k.p.i.IntermediateProofReplayer Proof replay took 3.5ns 
1063099    INFO  main            d.u.i.k.p.r.p.TestFile    ... finished proof: closed. 
1064024    INFO  main            d.u.i.k.p.i.AbstractProblemLoader Loading environment from /home/runner/work/key/key/key.core/../key.ui/examples/heap/permissions/lockspec/Counter_lockRef_contract2.key.proof 
1064024    DEBUG main            d.u.i.k.p.i.AbstractProblemLoader Environment load took 83.2ns 
1064025    INFO  main            d.u.i.k.p.i.AbstractProblemLoader Creating init config 
1068109    DEBUG main            d.u.i.k.p.i.AbstractProblemLoader Init config took 4.08s 
1068190    INFO  main            d.u.i.k.p.i.AbstractProblemLoader Replaying proof Counter[Counter::lockRef()].JML model_behavior operation contract.0 
1068198    DEBUG main            d.u.i.k.p.i.IntermediateProofReplayer Proof replay took 5.87ms 
1068198    DEBUG main            d.u.i.k.p.r.p.TestFile    ... success: reloaded. 
1068199    INFO  main            d.u.i.k.p.r.p.TestFile    Now processing file /home/runner/work/key/key/key.core/../key.ui/examples/heap/permissions/lockspec/Counter_lockState_accessible.key 
1068200    INFO  main            d.u.i.k.p.i.AbstractProblemLoader Loading environment from /home/runner/work/key/key/key.core/../key.ui/examples/heap/permissions/lockspec/Counter_lockState_accessible.key 
1068200    DEBUG main            d.u.i.k.p.i.AbstractProblemLoader Environment load took 184.1ns 
1068201    INFO  main            d.u.i.k.p.i.AbstractProblemLoader Creating init config 
1072351    DEBUG main            d.u.i.k.p.i.AbstractProblemLoader Init config took 4.15s 
1072410    INFO  main            d.u.i.k.p.i.AbstractProblemLoader Replaying proof Counter[LockSpec::lockState(boolean)].JML accessible clause.0 
1072411    DEBUG main            d.u.i.k.p.i.IntermediateProofReplayer Proof replay took 3.4ns 
1072714    INFO  main            d.u.i.k.p.r.p.TestFile    ... finished proof: closed. 
1073639    INFO  main            d.u.i.k.p.i.AbstractProblemLoader Loading environment from /home/runner/work/key/key/key.core/../key.ui/examples/heap/permissions/lockspec/Counter_lockState_accessible.key.proof 
1073639    DEBUG main            d.u.i.k.p.i.AbstractProblemLoader Environment load took 79.4ns 
1073640    INFO  main            d.u.i.k.p.i.AbstractProblemLoader Creating init config 
1077702    DEBUG main            d.u.i.k.p.i.AbstractProblemLoader Init config took 4.06s 
1077777    INFO  main            d.u.i.k.p.i.AbstractProblemLoader Replaying proof Counter[LockSpec::lockState(boolean)].JML accessible clause.0 
1077837    DEBUG main            d.u.i.k.p.i.IntermediateProofReplayer Proof replay took 56.52ms 
1077838    DEBUG main            d.u.i.k.p.r.p.TestFile    ... success: reloaded. 
1077839    INFO  main            d.u.i.k.p.r.p.TestFile    Now processing file /home/runner/work/key/key/key.core/../key.ui/examples/heap/permissions/lockspec/Counter_lockStatus_accessible.key 
1077841    INFO  main            d.u.i.k.p.i.AbstractProblemLoader Loading environment from /home/runner/work/key/key/key.core/../key.ui/examples/heap/permissions/lockspec/Counter_lockStatus_accessible.key 
1077841    DEBUG main            d.u.i.k.p.i.AbstractProblemLoader Environment load took 196.3ns 
1077842    INFO  main            d.u.i.k.p.i.AbstractProblemLoader Creating init config 
1081878    DEBUG main            d.u.i.k.p.i.AbstractProblemLoader Init config took 4.04s 
1081957    INFO  main            d.u.i.k.p.i.AbstractProblemLoader Replaying proof Counter[LockSpec::lockStatus(boolean)].JML accessible clause.0 
1081960    DEBUG main            d.u.i.k.p.i.IntermediateProofReplayer Proof replay took 3.5ns 
1082162    INFO  main            d.u.i.k.p.r.p.TestFile    ... finished proof: closed. 
1083119    INFO  main            d.u.i.k.p.i.AbstractProblemLoader Loading environment from /home/runner/work/key/key/key.core/../key.ui/examples/heap/permissions/lockspec/Counter_lockStatus_accessible.key.proof 
1083119    DEBUG main            d.u.i.k.p.i.AbstractProblemLoader Environment load took 74.1ns 
1083120    INFO  main            d.u.i.k.p.i.AbstractProblemLoader Creating init config 
1087039    DEBUG main            d.u.i.k.p.i.AbstractProblemLoader Init config took 3.92s 
1087112    INFO  main            d.u.i.k.p.i.AbstractProblemLoader Replaying proof Counter[LockSpec::lockStatus(boolean)].JML accessible clause.0 
1087139    DEBUG main            d.u.i.k.p.i.IntermediateProofReplayer Proof replay took 24.05ms 
1087140    DEBUG main            d.u.i.k.p.r.p.TestFile    ... success: reloaded. 
1087141    INFO  main            d.u.i.k.p.r.p.TestFile    Now processing file /home/runner/work/key/key/key.core/../key.ui/examples/heap/permissions/lockspec/Counter_lockTransfer_accessible.key 
1087141    INFO  main            d.u.i.k.p.i.AbstractProblemLoader Loading environment from /home/runner/work/key/key/key.core/../key.ui/examples/heap/permissions/lockspec/Counter_lockTransfer_accessible.key 
1087142    DEBUG main            d.u.i.k.p.i.AbstractProblemLoader Environment load took 241.7ns 
1087142    INFO  main            d.u.i.k.p.i.AbstractProblemLoader Creating init config 
1091084    DEBUG main            d.u.i.k.p.i.AbstractProblemLoader Init config took 3.94s 
1091145    INFO  main            d.u.i.k.p.i.AbstractProblemLoader Replaying proof Counter[LockSpec::lockTransfer()].JML accessible clause.0 
1091146    DEBUG main            d.u.i.k.p.i.IntermediateProofReplayer Proof replay took 3.7ns 
1091649    INFO  main            d.u.i.k.p.r.p.TestFile    ... finished proof: closed. 
1092572    INFO  main            d.u.i.k.p.i.AbstractProblemLoader Loading environment from /home/runner/work/key/key/key.core/../key.ui/examples/heap/permissions/lockspec/Counter_lockTransfer_accessible.key.proof 
1092572    DEBUG main            d.u.i.k.p.i.AbstractProblemLoader Environment load took 80.2ns 
1092573    INFO  main            d.u.i.k.p.i.AbstractProblemLoader Creating init config 
1096441    DEBUG main            d.u.i.k.p.i.AbstractProblemLoader Init config took 3.87s 
1096513    INFO  main            d.u.i.k.p.i.AbstractProblemLoader Replaying proof Counter[LockSpec::lockTransfer()].JML accessible clause.0 
1096589    DEBUG main            d.u.i.k.p.i.IntermediateProofReplayer Proof replay took 71.75ms 
1096591    DEBUG main            d.u.i.k.p.r.p.TestFile    ... success: reloaded. 
1096591    INFO  main            d.u.i.k.p.r.p.TestFile    Now processing file /home/runner/work/key/key/key.core/../key.ui/examples/heap/permissions/lockspec/Counter_unlockTransfer_accessible.key 
1096592    INFO  main            d.u.i.k.p.i.AbstractProblemLoader Loading environment from /home/runner/work/key/key/key.core/../key.ui/examples/heap/permissions/lockspec/Counter_unlockTransfer_accessible.key 
1096592    DEBUG main            d.u.i.k.p.i.AbstractProblemLoader Environment load took 97ns 
1096593    INFO  main            d.u.i.k.p.i.AbstractProblemLoader Creating init config 
1100604    DEBUG main            d.u.i.k.p.i.AbstractProblemLoader Init config took 4.01s 
1100665    INFO  main            d.u.i.k.p.i.AbstractProblemLoader Replaying proof Counter[LockSpec::unlockTransfer()].JML accessible clause.0 
1100667    DEBUG main            d.u.i.k.p.i.IntermediateProofReplayer Proof replay took 3.9ns 
1101172    INFO  main            d.u.i.k.p.r.p.TestFile    ... finished proof: closed. 
1102148    INFO  main            d.u.i.k.p.i.AbstractProblemLoader Loading environment from /home/runner/work/key/key/key.core/../key.ui/examples/heap/permissions/lockspec/Counter_unlockTransfer_accessible.key.proof 
1102148    DEBUG main            d.u.i.k.p.i.AbstractProblemLoader Environment load took 76.3ns 
1102149    INFO  main            d.u.i.k.p.i.AbstractProblemLoader Creating init config 
1106134    DEBUG main            d.u.i.k.p.i.AbstractProblemLoader Init config took 3.99s 
1106208    INFO  main            d.u.i.k.p.i.AbstractProblemLoader Replaying proof Counter[LockSpec::unlockTransfer()].JML accessible clause.0 
1106308    DEBUG main            d.u.i.k.p.i.IntermediateProofReplayer Proof replay took 91.05ms 
1106309    DEBUG main            d.u.i.k.p.r.p.TestFile    ... success: reloaded. 
1106309    INFO  main            d.u.i.k.p.r.p.TestFile    Now processing file /home/runner/work/key/key/key.core/../key.ui/examples/heap/permissions/threads/Plotter_startTransfer_contract.proof 
1106310    INFO  main            d.u.i.k.p.i.AbstractProblemLoader Loading environment from /home/runner/work/key/key/key.core/../key.ui/examples/heap/permissions/threads/Plotter_startTransfer_contract.proof 
1106310    DEBUG main            d.u.i.k.p.i.AbstractProblemLoader Environment load took 94.7ns 
1106311    INFO  main            d.u.i.k.p.i.AbstractProblemLoader Creating init config 
1112602    DEBUG main            d.u.i.k.p.i.AbstractProblemLoader Init config took 6.29s 
1112721    INFO  main            d.u.i.k.p.i.AbstractProblemLoader Replaying proof Plotter[ThreadSpec2::startTransfer()].JML model_behavior operation contract.0 
1112846    DEBUG main            d.u.i.k.p.i.IntermediateProofReplayer Proof replay took 115.99ms 
1112847    INFO  main            d.u.i.k.p.r.p.TestFile    ... success: loaded 
1112848    INFO  main            d.u.i.k.p.r.p.TestFile    Now processing file /home/runner/work/key/key/key.core/../key.ui/examples/heap/permissions/threads/Plotter_startTransfer_accessible.proof 
1112848    INFO  main            d.u.i.k.p.i.AbstractProblemLoader Loading environment from /home/runner/work/key/key/key.core/../key.ui/examples/heap/permissions/threads/Plotter_startTransfer_accessible.proof 
1112848    DEBUG main            d.u.i.k.p.i.AbstractProblemLoader Environment load took 154.4ns 
1112849    INFO  main            d.u.i.k.p.i.AbstractProblemLoader Creating init config 
1119076    DEBUG main            d.u.i.k.p.i.AbstractProblemLoader Init config took 6.23s 
1119187    INFO  main            d.u.i.k.p.i.AbstractProblemLoader Replaying proof Plotter[ThreadSpec2::startTransfer()].JML accessible clause.0 
1119274    DEBUG main            d.u.i.k.p.i.IntermediateProofReplayer Proof replay took 82.26ms 
1119275    INFO  main            d.u.i.k.p.r.p.TestFile    ... success: loaded 
1119276    INFO  main            d.u.i.k.p.r.p.TestFile    Now processing file /home/runner/work/key/key/key.core/../key.ui/examples/heap/permissions/threads/Plotter_joinTransfer_accessible.proof 
1119276    INFO  main            d.u.i.k.p.i.AbstractProblemLoader Loading environment from /home/runner/work/key/key/key.core/../key.ui/examples/heap/permissions/threads/Plotter_joinTransfer_accessible.proof 
1119276    DEBUG main            d.u.i.k.p.i.AbstractProblemLoader Environment load took 55.8ns 
1119277    INFO  main            d.u.i.k.p.i.AbstractProblemLoader Creating init config 
1125342    DEBUG main            d.u.i.k.p.i.AbstractProblemLoader Init config took 6.06s 
1125486    INFO  main            d.u.i.k.p.i.AbstractProblemLoader Replaying proof Plotter[ThreadSpec2::joinTransfer()].JML accessible clause.0 
1125498    WARN  main            d.u.i.k.p.i.IntermediateProofReplayer Proof contains wrong number of \assumes instatiations for Definition_axiom_for_stateInv_in_Plotter 
1125500    WARN  main            d.u.i.k.p.i.IntermediateProofReplayer Proof contains wrong number of \assumes instatiations for Definition_axiom_for_stateInv_in_Plotter 
1125503    WARN  main            d.u.i.k.p.i.IntermediateProofReplayer Proof contains wrong number of \assumes instatiations for Definition_axiom_for_workingPermissions_in_Plotter 
1125504    WARN  main            d.u.i.k.p.i.IntermediateProofReplayer Proof contains wrong number of \assumes instatiations for Definition_axiom_for_staticPermissions_in_Plotter 
1125504    WARN  main            d.u.i.k.p.i.IntermediateProofReplayer Proof contains wrong number of \assumes instatiations for Definition_axiom_for_joinTransfer_in_Plotter 
1125505    WARN  main            d.u.i.k.p.i.IntermediateProofReplayer Proof contains wrong number of \assumes instatiations for Definition_axiom_for_stateInv_in_BFilter 
1125512    WARN  main            d.u.i.k.p.i.IntermediateProofReplayer Proof contains wrong number of \assumes instatiations for Definition_axiom_for_stateInv_in_AFilter 
1125514    WARN  main            d.u.i.k.p.i.IntermediateProofReplayer Proof contains wrong number of \assumes instatiations for Definition_axiom_for_stateInv_in_BFilter 
1125516    WARN  main            d.u.i.k.p.i.IntermediateProofReplayer Proof contains wrong number of \assumes instatiations for Definition_axiom_for_stateInv_in_AFilter 
1125519    WARN  main            d.u.i.k.p.i.IntermediateProofReplayer Proof contains wrong number of \assumes instatiations for Definition_axiom_for_staticPermissions_in_AFilter 
1125519    WARN  main            d.u.i.k.p.i.IntermediateProofReplayer Proof contains wrong number of \assumes instatiations for Definition_axiom_for_staticPermissions_in_Plotter 
1125520    WARN  main            d.u.i.k.p.i.IntermediateProofReplayer Proof contains wrong number of \assumes instatiations for Definition_axiom_for_staticPermissions_in_BFilter 
1125521    WARN  main            d.u.i.k.p.i.IntermediateProofReplayer Proof contains wrong number of \assumes instatiations for Definition_axiom_for_workingPermissions_in_Plotter 
1125522    WARN  main            d.u.i.k.p.i.IntermediateProofReplayer Proof contains wrong number of \assumes instatiations for Definition_axiom_for_stateInv_in_Sampler 
1125523    WARN  main            d.u.i.k.p.i.IntermediateProofReplayer Proof contains wrong number of \assumes instatiations for Definition_axiom_for_stateInv_in_Sampler 
1125525    WARN  main            d.u.i.k.p.i.IntermediateProofReplayer Proof contains wrong number of \assumes instatiations for Definition_axiom_for_staticPermissions_in_Sampler 
1125525    WARN  main            d.u.i.k.p.i.IntermediateProofReplayer Proof contains wrong number of \assumes instatiations for Definition_axiom_for_staticPermissions_in_BFilter 
1125526    WARN  main            d.u.i.k.p.i.IntermediateProofReplayer Proof contains wrong number of \assumes instatiations for Definition_axiom_for_staticPermissions_in_AFilter 
1125527    WARN  main            d.u.i.k.p.i.IntermediateProofReplayer Proof contains wrong number of \assumes instatiations for Definition_axiom_for_staticPermissions_in_Sampler 
1125528    WARN  main            d.u.i.k.p.i.IntermediateProofReplayer Proof contains wrong number of \assumes instatiations for Definition_axiom_for_staticPermissions_in_Sampler 
1125529    WARN  main            d.u.i.k.p.i.IntermediateProofReplayer Proof contains wrong number of \assumes instatiations for Definition_axiom_for_staticPermissions_in_Sampler 
1125530    WARN  main            d.u.i.k.p.i.IntermediateProofReplayer Proof contains wrong number of \assumes instatiations for Definition_axiom_for_joinTransfer_in_Plotter 
1125679    DEBUG main            d.u.i.k.p.i.IntermediateProofReplayer Proof replay took 187.25ms 
1125680    INFO  main            d.u.i.k.p.r.p.TestFile    ... success: loaded 
6991684    INFO  Test worker     d.u.i.k.p.r.RunAllProofsTestUnit Returning from test permissionHeap 
6991688    INFO  Test worker     d.u.i.k.p.r.RunAllProofsTestUnit Running test completionScopes 
425        INFO  Timeout watchdog d.u.i.k.p.r.p.ForkedTestFileRunner Timeout watcher launched (2000 secs.) 
452        WARN  main            d.u.i.k.s.ProofSettings   The settings in /home/runner/.key/proof-settings.props are *not* read. 
517        INFO  main            d.u.i.k.p.r.p.TestFile    Now processing file /home/runner/work/key/key/key.core/../key.ui/examples/completionscopes/testCcatchReturnVal.key 
698        INFO  main            d.u.i.k.p.i.AbstractProblemLoader Loading environment from /home/runner/work/key/key/key.core/../key.ui/examples/completionscopes/testCcatchReturnVal.key 
725        DEBUG main            d.u.i.k.p.i.AbstractProblemLoader Environment load took 2.72ms 
1053       INFO  main            d.u.i.k.p.i.AbstractProblemLoader Creating init config 
2407       DEBUG main            d.u.i.k.j.TypeConverter   No LDT found for Meta 
2407       DEBUG main            d.u.i.k.j.TypeConverter   No LDT found for Meta 
2413       DEBUG main            d.u.i.k.j.TypeConverter   No LDT found for Meta 
2413       DEBUG main            d.u.i.k.j.TypeConverter   No LDT found for Meta 
4310       DEBUG main            d.u.i.k.j.TypeConverter   No LDT found for JavaBigintExpression 
11058      DEBUG main            d.u.i.k.p.i.AbstractProblemLoader Init config took 10s 
11301      INFO  main            d.u.i.k.p.i.AbstractProblemLoader Replaying proof CompletionScopes[CompletionScopes::testCcatchReturnVal()].JML normal_behavior operation contract.0 
11360      DEBUG main            d.u.i.k.p.i.IntermediateProofReplayer Proof replay took 36.9ns 
12065      INFO  main            d.u.i.k.p.r.p.TestFile    ... finished proof: closed. 
12214      INFO  main            d.u.i.k.p.i.AbstractProblemLoader Loading environment from /home/runner/work/key/key/key.core/../key.ui/examples/completionscopes/testCcatchReturnVal.key.proof 
12217      DEBUG main            d.u.i.k.p.i.AbstractProblemLoader Environment load took 2.59ms 
12219      INFO  main            d.u.i.k.p.i.AbstractProblemLoader Creating init config 
16273      DEBUG main            d.u.i.k.p.i.AbstractProblemLoader Init config took 4.05s 
16359      INFO  main            d.u.i.k.p.i.AbstractProblemLoader Replaying proof CompletionScopes[CompletionScopes::testCcatchReturnVal()].JML normal_behavior operation contract.0 
16438      DEBUG main            d.u.i.k.p.i.IntermediateProofReplayer Proof replay took 72.53ms 
16460      DEBUG main            d.u.i.k.p.r.p.TestFile    ... success: reloaded. 
16462      INFO  main            d.u.i.k.p.r.p.TestFile    Now processing file /home/runner/work/key/key/key.core/../key.ui/examples/completionscopes/testMultCcatchClauses.key 
16466      INFO  main            d.u.i.k.p.i.AbstractProblemLoader Loading environment from /home/runner/work/key/key/key.core/../key.ui/examples/completionscopes/testMultCcatchClauses.key 
16466      DEBUG main            d.u.i.k.p.i.AbstractProblemLoader Environment load took 200.1ns 
16468      INFO  main            d.u.i.k.p.i.AbstractProblemLoader Creating init config 
20473      DEBUG main            d.u.i.k.p.i.AbstractProblemLoader Init config took 4s 
20579      INFO  main            d.u.i.k.p.i.AbstractProblemLoader Replaying proof CompletionScopes[CompletionScopes::testMultCcatchClauses()].JML normal_behavior operation contract.0 
20584      DEBUG main            d.u.i.k.p.i.IntermediateProofReplayer Proof replay took 8.4ns 
21292      INFO  main            d.u.i.k.p.r.p.TestFile    ... finished proof: closed. 
21501      INFO  main            d.u.i.k.p.i.AbstractProblemLoader Loading environment from /home/runner/work/key/key/key.core/../key.ui/examples/completionscopes/testMultCcatchClauses.key.proof 
21501      DEBUG main            d.u.i.k.p.i.AbstractProblemLoader Environment load took 507.61ns 
21506      INFO  main            d.u.i.k.p.i.AbstractProblemLoader Creating init config 
25348      DEBUG main            d.u.i.k.p.i.AbstractProblemLoader Init config took 3.84s 
25420      INFO  main            d.u.i.k.p.i.AbstractProblemLoader Replaying proof CompletionScopes[CompletionScopes::testMultCcatchClauses()].JML normal_behavior operation contract.0 
25548      DEBUG main            d.u.i.k.p.i.IntermediateProofReplayer Proof replay took 123.85ms 
25551      DEBUG main            d.u.i.k.p.r.p.TestFile    ... success: reloaded. 
25553      INFO  main            d.u.i.k.p.r.p.TestFile    Now processing file /home/runner/work/key/key/key.core/../key.ui/examples/completionscopes/testNestedExec.key 
25554      INFO  main            d.u.i.k.p.i.AbstractProblemLoader Loading environment from /home/runner/work/key/key/key.core/../key.ui/examples/completionscopes/testNestedExec.key 
25554      DEBUG main            d.u.i.k.p.i.AbstractProblemLoader Environment load took 242.7ns 
25559      INFO  main            d.u.i.k.p.i.AbstractProblemLoader Creating init config 
29343      DEBUG main            d.u.i.k.p.i.AbstractProblemLoader Init config took 3.78s 
29416      INFO  main            d.u.i.k.p.i.AbstractProblemLoader Replaying proof CompletionScopes[CompletionScopes::testMultCcatchClauses()].JML normal_behavior operation contract.0 
29419      DEBUG main            d.u.i.k.p.i.IntermediateProofReplayer Proof replay took 6.9ns 
29824      INFO  main            d.u.i.k.p.r.p.TestFile    ... finished proof: closed. 
30037      INFO  main            d.u.i.k.p.i.AbstractProblemLoader Loading environment from /home/runner/work/key/key/key.core/../key.ui/examples/completionscopes/testNestedExec.key.proof 
30040      DEBUG main            d.u.i.k.p.i.AbstractProblemLoader Environment load took 2.98ms 
30042      INFO  main            d.u.i.k.p.i.AbstractProblemLoader Creating init config 
33666      DEBUG main            d.u.i.k.p.i.AbstractProblemLoader Init config took 3.62s 
33735      INFO  main            d.u.i.k.p.i.AbstractProblemLoader Replaying proof CompletionScopes[CompletionScopes::testMultCcatchClauses()].JML normal_behavior operation contract.0 
33817      DEBUG main            d.u.i.k.p.i.IntermediateProofReplayer Proof replay took 77.16ms 
33819      DEBUG main            d.u.i.k.p.r.p.TestFile    ... success: reloaded. 
33820      INFO  main            d.u.i.k.p.r.p.TestFile    Now processing file /home/runner/work/key/key/key.core/../key.ui/examples/completionscopes/testCcatchBreakLabel.key 
33821      INFO  main            d.u.i.k.p.i.AbstractProblemLoader Loading environment from /home/runner/work/key/key/key.core/../key.ui/examples/completionscopes/testCcatchBreakLabel.key 
33821      DEBUG main            d.u.i.k.p.i.AbstractProblemLoader Environment load took 226.9ns 
33822      INFO  main            d.u.i.k.p.i.AbstractProblemLoader Creating init config 
37372      DEBUG main            d.u.i.k.p.i.AbstractProblemLoader Init config took 3.55s 
37429      INFO  main            d.u.i.k.p.i.AbstractProblemLoader Replaying proof CompletionScopes[CompletionScopes::testBreakLabel()].JML normal_behavior operation contract.0 
37433      DEBUG main            d.u.i.k.p.i.IntermediateProofReplayer Proof replay took 23.5ns 
37462      DEBUG Thread-10       d.u.i.k.l.o.ProgramSV     Match failed: Former match of  SchemaVariable incompatible with  the current match. 
37536      INFO  main            d.u.i.k.p.r.p.TestFile    ... finished proof: closed. 
37728      INFO  main            d.u.i.k.p.i.AbstractProblemLoader Loading environment from /home/runner/work/key/key/key.core/../key.ui/examples/completionscopes/testCcatchBreakLabel.key.proof 
37728      DEBUG main            d.u.i.k.p.i.AbstractProblemLoader Environment load took 140.3ns 
37730      INFO  main            d.u.i.k.p.i.AbstractProblemLoader Creating init config 
41128      DEBUG main            d.u.i.k.p.i.AbstractProblemLoader Init config took 3.4s 
41194      INFO  main            d.u.i.k.p.i.AbstractProblemLoader Replaying proof CompletionScopes[CompletionScopes::testBreakLabel()].JML normal_behavior operation contract.0 
41206      DEBUG main            d.u.i.k.p.i.IntermediateProofReplayer Proof replay took 9.41ms 
41208      DEBUG main            d.u.i.k.p.r.p.TestFile    ... success: reloaded. 
41209      INFO  main            d.u.i.k.p.r.p.TestFile    Now processing file /home/runner/work/key/key/key.core/../key.ui/examples/completionscopes/testCcatchContinueLabel.key 
41210      INFO  main            d.u.i.k.p.i.AbstractProblemLoader Loading environment from /home/runner/work/key/key/key.core/../key.ui/examples/completionscopes/testCcatchContinueLabel.key 
41210      DEBUG main            d.u.i.k.p.i.AbstractProblemLoader Environment load took 212.2ns 
41212      INFO  main            d.u.i.k.p.i.AbstractProblemLoader Creating init config 
44818      DEBUG main            d.u.i.k.p.i.AbstractProblemLoader Init config took 3.61s 
44876      INFO  main            d.u.i.k.p.i.AbstractProblemLoader Replaying proof CompletionScopes[CompletionScopes::testContinueLabel()].JML normal_behavior operation contract.0 
44879      DEBUG main            d.u.i.k.p.i.IntermediateProofReplayer Proof replay took 6.8ns 
44905      DEBUG Thread-13       d.u.i.k.l.o.ProgramSV     Match failed: Former match of  SchemaVariable incompatible with  the current match. 
44984      INFO  main            d.u.i.k.p.r.p.TestFile    ... finished proof: closed. 
45205      INFO  main            d.u.i.k.p.i.AbstractProblemLoader Loading environment from /home/runner/work/key/key/key.core/../key.ui/examples/completionscopes/testCcatchContinueLabel.key.proof 
45206      DEBUG main            d.u.i.k.p.i.AbstractProblemLoader Environment load took 656.8ns 
45208      INFO  main            d.u.i.k.p.i.AbstractProblemLoader Creating init config 
48685      DEBUG main            d.u.i.k.p.i.AbstractProblemLoader Init config took 3.48s 
48749      INFO  main            d.u.i.k.p.i.AbstractProblemLoader Replaying proof CompletionScopes[CompletionScopes::testContinueLabel()].JML normal_behavior operation contract.0 
48762      DEBUG main            d.u.i.k.p.i.IntermediateProofReplayer Proof replay took 10.47ms 
48764      DEBUG main            d.u.i.k.p.r.p.TestFile    ... success: reloaded. 
48765      INFO  main            d.u.i.k.p.r.p.TestFile    Now processing file /home/runner/work/key/key/key.core/../key.ui/examples/completionscopes/testCcatchBreakLabelWildcard.key 
48766      INFO  main            d.u.i.k.p.i.AbstractProblemLoader Loading environment from /home/runner/work/key/key/key.core/../key.ui/examples/completionscopes/testCcatchBreakLabelWildcard.key 
48766      DEBUG main            d.u.i.k.p.i.AbstractProblemLoader Environment load took 140.9ns 
48768      INFO  main            d.u.i.k.p.i.AbstractProblemLoader Creating init config 
52256      DEBUG main            d.u.i.k.p.i.AbstractProblemLoader Init config took 3.49s 
52310      INFO  main            d.u.i.k.p.i.AbstractProblemLoader Replaying proof CompletionScopes[CompletionScopes::testBreakLabelWildcard()].JML normal_behavior operation contract.0 
52313      DEBUG main            d.u.i.k.p.i.IntermediateProofReplayer Proof replay took 6.6ns 
52336      DEBUG Thread-16       d.u.i.k.l.o.ProgramSV     Match failed: Former match of  SchemaVariable incompatible with  the current match. 
52338      DEBUG Thread-16       d.u.i.k.l.o.ProgramSV     Match failed: Former match of  SchemaVariable incompatible with  the current match. 
52415      INFO  main            d.u.i.k.p.r.p.TestFile    ... finished proof: closed. 
52635      INFO  main            d.u.i.k.p.i.AbstractProblemLoader Loading environment from /home/runner/work/key/key/key.core/../key.ui/examples/completionscopes/testCcatchBreakLabelWildcard.key.proof 
52635      DEBUG main            d.u.i.k.p.i.AbstractProblemLoader Environment load took 504.81ns 
52637      INFO  main            d.u.i.k.p.i.AbstractProblemLoader Creating init config 
55939      DEBUG main            d.u.i.k.p.i.AbstractProblemLoader Init config took 3.3s 
56003      INFO  main            d.u.i.k.p.i.AbstractProblemLoader Replaying proof CompletionScopes[CompletionScopes::testBreakLabelWildcard()].JML normal_behavior operation contract.0 
56018      DEBUG main            d.u.i.k.p.i.IntermediateProofReplayer Proof replay took 9.73ms 
56019      DEBUG main            d.u.i.k.p.r.p.TestFile    ... success: reloaded. 
56021      INFO  main            d.u.i.k.p.r.p.TestFile    Now processing file /home/runner/work/key/key/key.core/../key.ui/examples/completionscopes/testCcatchContinueLabelWildcard.key 
56021      INFO  main            d.u.i.k.p.i.AbstractProblemLoader Loading environment from /home/runner/work/key/key/key.core/../key.ui/examples/completionscopes/testCcatchContinueLabelWildcard.key 
56021      DEBUG main            d.u.i.k.p.i.AbstractProblemLoader Environment load took 210.6ns 
56022      INFO  main            d.u.i.k.p.i.AbstractProblemLoader Creating init config 
59375      DEBUG main            d.u.i.k.p.i.AbstractProblemLoader Init config took 3.35s 
59428      INFO  main            d.u.i.k.p.i.AbstractProblemLoader Replaying proof CompletionScopes[CompletionScopes::testContinueLabelWildcard()].JML normal_behavior operation contract.0 
59431      DEBUG main            d.u.i.k.p.i.IntermediateProofReplayer Proof replay took 7.2ns 
59453      DEBUG Thread-19       d.u.i.k.l.o.ProgramSV     Match failed: Former match of  SchemaVariable incompatible with  the current match. 
59454      DEBUG Thread-19       d.u.i.k.l.o.ProgramSV     Match failed: Former match of  SchemaVariable incompatible with  the current match. 
59533      INFO  main            d.u.i.k.p.r.p.TestFile    ... finished proof: closed. 
59729      INFO  main            d.u.i.k.p.i.AbstractProblemLoader Loading environment from /home/runner/work/key/key/key.core/../key.ui/examples/completionscopes/testCcatchContinueLabelWildcard.key.proof 
59729      DEBUG main            d.u.i.k.p.i.AbstractProblemLoader Environment load took 171ns 
59730      INFO  main            d.u.i.k.p.i.AbstractProblemLoader Creating init config 
63037      DEBUG main            d.u.i.k.p.i.AbstractProblemLoader Init config took 3.31s 
63096      INFO  main            d.u.i.k.p.i.AbstractProblemLoader Replaying proof CompletionScopes[CompletionScopes::testContinueLabelWildcard()].JML normal_behavior operation contract.0 
63107      DEBUG main            d.u.i.k.p.i.IntermediateProofReplayer Proof replay took 8.38ms 
63108      DEBUG main            d.u.i.k.p.r.p.TestFile    ... success: reloaded. 
63110      INFO  main            d.u.i.k.p.r.p.TestFile    Now processing file /home/runner/work/key/key/key.core/../key.ui/examples/completionscopes/testCcatchBreakLabelNonmatchingNested.key 
63110      INFO  main            d.u.i.k.p.i.AbstractProblemLoader Loading environment from /home/runner/work/key/key/key.core/../key.ui/examples/completionscopes/testCcatchBreakLabelNonmatchingNested.key 
63110      DEBUG main            d.u.i.k.p.i.AbstractProblemLoader Environment load took 119.8ns 
63111      INFO  main            d.u.i.k.p.i.AbstractProblemLoader Creating init config 
66562      DEBUG main            d.u.i.k.p.i.AbstractProblemLoader Init config took 3.45s 
66615      INFO  main            d.u.i.k.p.i.AbstractProblemLoader Replaying proof CompletionScopes[CompletionScopes::testBreakLabelNonmatchingNested()].JML normal_behavior operation contract.0 
66617      DEBUG main            d.u.i.k.p.i.IntermediateProofReplayer Proof replay took 48.9ns 
66638      DEBUG Thread-22       d.u.i.k.l.o.ProgramSV     Match failed: Former match of  SchemaVariable incompatible with  the current match. 
66640      DEBUG Thread-22       d.u.i.k.l.o.ProgramSV     Match failed: Former match of  SchemaVariable incompatible with  the current match. 
66720      INFO  main            d.u.i.k.p.r.p.TestFile    ... finished proof: closed. 
66955      INFO  main            d.u.i.k.p.i.AbstractProblemLoader Loading environment from /home/runner/work/key/key/key.core/../key.ui/examples/completionscopes/testCcatchBreakLabelNonmatchingNested.key.proof 
66955      DEBUG main            d.u.i.k.p.i.AbstractProblemLoader Environment load took 167.2ns 
66956      INFO  main            d.u.i.k.p.i.AbstractProblemLoader Creating init config 
70346      DEBUG main            d.u.i.k.p.i.AbstractProblemLoader Init config took 3.39s 
70402      INFO  main            d.u.i.k.p.i.AbstractProblemLoader Replaying proof CompletionScopes[CompletionScopes::testBreakLabelNonmatchingNested()].JML normal_behavior operation contract.0 
70413      DEBUG main            d.u.i.k.p.i.IntermediateProofReplayer Proof replay took 9.01ms 
70415      DEBUG main            d.u.i.k.p.r.p.TestFile    ... success: reloaded. 
7062317    INFO  Test worker     d.u.i.k.p.r.RunAllProofsTestUnit Returning from test completionScopes 
7062321    INFO  Test worker     d.u.i.k.p.r.RunAllProofsTestUnit Running test reload_examples 
504        INFO  Timeout watchdog d.u.i.k.p.r.p.ForkedTestFileRunner Timeout watcher launched (2000 secs.) 
522        WARN  main            d.u.i.k.s.ProofSettings   The settings in /home/runner/.key/proof-settings.props are *not* read. 
563        INFO  main            d.u.i.k.p.r.p.TestFile    Now processing file /home/runner/work/key/key/key.core/../key.ui/examples/firstTouch/05-ReverseArray/reverseArray.key 
722        INFO  main            d.u.i.k.p.i.AbstractProblemLoader Loading environment from /home/runner/work/key/key/key.core/../key.ui/examples/firstTouch/05-ReverseArray/reverseArray.key 
746        DEBUG main            d.u.i.k.p.i.AbstractProblemLoader Environment load took 2.59ms 
1094       INFO  main            d.u.i.k.p.i.AbstractProblemLoader Creating init config 
2482       DEBUG main            d.u.i.k.j.TypeConverter   No LDT found for Meta 
2482       DEBUG main            d.u.i.k.j.TypeConverter   No LDT found for Meta 
2487       DEBUG main            d.u.i.k.j.TypeConverter   No LDT found for Meta 
2487       DEBUG main            d.u.i.k.j.TypeConverter   No LDT found for Meta 
4480       DEBUG main            d.u.i.k.j.TypeConverter   No LDT found for JavaBigintExpression 
11816      DEBUG main            d.u.i.k.p.i.AbstractProblemLoader Init config took 10.72s 
12031      INFO  main            d.u.i.k.p.i.AbstractProblemLoader Replaying proof ReverseArray[ReverseArray::reverse()].JML normal_behavior operation contract.0 
12111      DEBUG main            d.u.i.k.p.i.IntermediateProofReplayer Proof replay took 44ns 
27002      INFO  main            d.u.i.k.p.r.p.TestFile    ... finished proof: closed. 
27384      INFO  main            d.u.i.k.p.i.AbstractProblemLoader Loading environment from /home/runner/work/key/key/key.core/../key.ui/examples/firstTouch/05-ReverseArray/reverseArray.key.proof 
27384      DEBUG main            d.u.i.k.p.i.AbstractProblemLoader Environment load took 260.5ns 
27392      INFO  main            d.u.i.k.p.i.AbstractProblemLoader Creating init config 
31169      DEBUG main            d.u.i.k.p.i.AbstractProblemLoader Init config took 3.78s 
31254      INFO  main            d.u.i.k.p.i.AbstractProblemLoader Replaying proof ReverseArray[ReverseArray::reverse()].JML normal_behavior operation contract.0 
32108      DEBUG main            d.u.i.k.p.i.IntermediateProofReplayer Proof replay took 771.65ms 
32121      DEBUG main            d.u.i.k.p.r.p.TestFile    ... success: reloaded. 
32126      INFO  main            d.u.i.k.p.r.p.TestFile    Now processing file /home/runner/work/key/key/key.core/../key.ui/examples/standard_key/arith/saveProofTest.key.proof 
32126      INFO  main            d.u.i.k.p.i.AbstractProblemLoader Loading environment from /home/runner/work/key/key/key.core/../key.ui/examples/standard_key/arith/saveProofTest.key.proof 
32127      DEBUG main            d.u.i.k.p.i.AbstractProblemLoader Environment load took 227.1ns 
32129      INFO  main            d.u.i.k.p.i.AbstractProblemLoader Creating init config 
35579      DEBUG main            d.u.i.k.p.i.AbstractProblemLoader Init config took 3.45s 
35614      INFO  main            d.u.i.k.p.i.AbstractProblemLoader Replaying proof saveProofTest.key.proof 
35631      DEBUG main            d.u.i.k.p.i.IntermediateProofReplayer Proof replay took 12.19ms 
35632      INFO  main            d.u.i.k.p.r.p.TestFile    ... success: loaded 
35634      INFO  main            d.u.i.k.p.r.p.TestFile    Now processing file /home/runner/work/key/key/key.core/../key.ui/examples/heap/permutedSum/perm.proof 
35635      INFO  main            d.u.i.k.p.i.AbstractProblemLoader Loading environment from /home/runner/work/key/key/key.core/../key.ui/examples/heap/permutedSum/perm.proof 
35635      DEBUG main            d.u.i.k.p.i.AbstractProblemLoader Environment load took 274.1ns 
35639      INFO  main            d.u.i.k.p.i.AbstractProblemLoader Creating init config 
39626      DEBUG main            d.u.i.k.p.i.AbstractProblemLoader Init config took 3.99s 
39735      INFO  main            d.u.i.k.p.i.AbstractProblemLoader Replaying proof Perm[Perm::foo()].JML normal_behavior operation contract.0 
40872      DEBUG main            d.u.i.k.p.i.IntermediateProofReplayer Proof replay took 1.08s 
40875      INFO  main            d.u.i.k.p.r.p.TestFile    ... success: loaded 
40877      INFO  main            d.u.i.k.p.r.p.TestFile    Now processing file /home/runner/work/key/key/key.core/../key.ui/examples/firstTouch/05-ReverseArray/reverseArray.proof 
40878      INFO  main            d.u.i.k.p.i.AbstractProblemLoader Loading environment from /home/runner/work/key/key/key.core/../key.ui/examples/firstTouch/05-ReverseArray/reverseArray.proof 
40878      DEBUG main            d.u.i.k.p.i.AbstractProblemLoader Environment load took 255.5ns 
40881      INFO  main            d.u.i.k.p.i.AbstractProblemLoader Creating init config 
44782      DEBUG main            d.u.i.k.p.i.AbstractProblemLoader Init config took 3.9s 
44833      INFO  main            d.u.i.k.p.i.AbstractProblemLoader Replaying proof ReverseArray[ReverseArray::reverse()].JML normal_behavior operation contract.0 
45572      DEBUG main            d.u.i.k.p.i.IntermediateProofReplayer Proof replay took 694.2ms 
45576      INFO  main            d.u.i.k.p.r.p.TestFile    ... success: loaded 
45577      INFO  main            d.u.i.k.p.r.p.TestFile    Now processing file /home/runner/work/key/key/key.core/../key.ui/examples/heap/verifyThis15_1_RelaxedPrefix/relax.proof 
45578      INFO  main            d.u.i.k.p.i.AbstractProblemLoader Loading environment from /home/runner/work/key/key/key.core/../key.ui/examples/heap/verifyThis15_1_RelaxedPrefix/relax.proof 
45578      DEBUG main            d.u.i.k.p.i.AbstractProblemLoader Environment load took 538.1ns 
45581      INFO  main            d.u.i.k.p.i.AbstractProblemLoader Creating init config 
49094      DEBUG main            d.u.i.k.p.i.AbstractProblemLoader Init config took 3.51s 
49158      INFO  main            d.u.i.k.p.i.AbstractProblemLoader Replaying proof Relaxed[Relaxed::isRelaxedPrefix([I,[I)].JML operation contract.0 
49761      DEBUG main            d.u.i.k.p.i.IntermediateProofReplayer Proof replay took 577.72ms 
49762      INFO  main            d.u.i.k.p.r.p.TestFile    ... success: loaded 
49764      INFO  main            d.u.i.k.p.r.p.TestFile    Now processing file /home/runner/work/key/key/key.core/../key.ui/examples/heap/verifyThis15_3_DLL/doUndo.proof 
49765      INFO  main            d.u.i.k.p.i.AbstractProblemLoader Loading environment from /home/runner/work/key/key/key.core/../key.ui/examples/heap/verifyThis15_3_DLL/doUndo.proof 
49765      DEBUG main            d.u.i.k.p.i.AbstractProblemLoader Environment load took 247.8ns 
49768      INFO  main            d.u.i.k.p.i.AbstractProblemLoader Creating init config 
51066      DEBUG main            d.u.i.k.j.r.ClassPreparationMethodBuilder clPrepBuilder: Inner Class detected. Reject building class initialisation methods. 
53827      DEBUG main            d.u.i.k.p.i.AbstractProblemLoader Init config took 4.06s 
53966      INFO  main            d.u.i.k.p.i.AbstractProblemLoader Replaying proof DoubleLinkedList[DoubleLinkedList::doUndo(DoubleLinkedList.Node,int)].JML normal_behavior operation contract.0 
54700      DEBUG main            d.u.i.k.p.i.IntermediateProofReplayer Proof replay took 692.11ms 
54706      INFO  main            d.u.i.k.p.r.p.TestFile    ... success: loaded 
54707      INFO  main            d.u.i.k.p.r.p.TestFile    Now processing file /home/runner/work/key/key/key.core/../key.ui/examples/heap/verifyThis15_2_ParallelGcd/parallelGcd.proof 
54708      INFO  main            d.u.i.k.p.i.AbstractProblemLoader Loading environment from /home/runner/work/key/key/key.core/../key.ui/examples/heap/verifyThis15_2_ParallelGcd/parallelGcd.proof 
54708      DEBUG main            d.u.i.k.p.i.AbstractProblemLoader Environment load took 220.6ns 
54710      INFO  main            d.u.i.k.p.i.AbstractProblemLoader Creating init config 
58428      DEBUG main            d.u.i.k.p.i.AbstractProblemLoader Init config took 3.72s 
58512      INFO  main            d.u.i.k.p.i.AbstractProblemLoader Replaying proof ParallelGcd[ParallelGcd::parallelGcd(int,int,[Z)].JML behavior operation contract.0 
59278      DEBUG main            d.u.i.k.p.i.IntermediateProofReplayer Proof replay took 746.26ms 
59280      INFO  main            d.u.i.k.p.r.p.TestFile    ... success: loaded 
7121832    INFO  Test worker     d.u.i.k.p.r.RunAllProofsTestUnit Returning from test reload_examples 
7121833    INFO  Test worker     d.u.i.k.p.r.RunAllProofsTestUnit Running test proofLoadRepair 
484        INFO  Timeout watchdog d.u.i.k.p.r.p.ForkedTestFileRunner Timeout watcher launched (2000 secs.) 
505        WARN  main            d.u.i.k.s.ProofSettings   The settings in /home/runner/.key/proof-settings.props are *not* read. 
549        INFO  main            d.u.i.k.p.r.p.TestFile    Now processing file /home/runner/work/key/key/key.core/../key.ui/examples/proofLoadRepair/disjConj-manipulated.proof 
694        INFO  main            d.u.i.k.p.i.AbstractProblemLoader Loading environment from /home/runner/work/key/key/key.core/../key.ui/examples/proofLoadRepair/disjConj-manipulated.proof 
716        DEBUG main            d.u.i.k.p.i.AbstractProblemLoader Environment load took 2.46ms 
1114       INFO  main            d.u.i.k.p.i.AbstractProblemLoader Creating init config 
2606       DEBUG main            d.u.i.k.j.TypeConverter   No LDT found for Meta 
2607       DEBUG main            d.u.i.k.j.TypeConverter   No LDT found for Meta 
2611       DEBUG main            d.u.i.k.j.TypeConverter   No LDT found for Meta 
2611       DEBUG main            d.u.i.k.j.TypeConverter   No LDT found for Meta 
4642       DEBUG main            d.u.i.k.j.TypeConverter   No LDT found for JavaBigintExpression 
11911      DEBUG main            d.u.i.k.p.i.AbstractProblemLoader Init config took 10.8s 
12015      INFO  main            d.u.i.k.p.i.AbstractProblemLoader Replaying proof disjConj-manipulated.proof 
12082      WARN  main            d.u.i.k.p.i.IntermediateProofReplayer Proof contains wrong number of \assumes instatiations for andLeft 
12083      WARN  main            d.u.i.k.p.i.IntermediateProofReplayer Proof contains wrong number of \assumes instatiations for replace_known_right 
12087      WARN  main            d.u.i.k.p.i.IntermediateProofReplayer Proof contains wrong number of \assumes instatiations for close 
12088      DEBUG main            d.u.i.k.p.i.IntermediateProofReplayer Proof replay took 17.81ms 
12094      INFO  main            d.u.i.k.p.r.p.TestFile    ... success: loaded 
12099      INFO  main            d.u.i.k.p.r.p.TestFile    Now processing file /home/runner/work/key/key/key.core/../key.ui/examples/proofLoadRepair/insufficient-manipulated.proof 
12099      INFO  main            d.u.i.k.p.i.AbstractProblemLoader Loading environment from /home/runner/work/key/key/key.core/../key.ui/examples/proofLoadRepair/insufficient-manipulated.proof 
12100      DEBUG main            d.u.i.k.p.i.AbstractProblemLoader Environment load took 395.1ns 
12104      INFO  main            d.u.i.k.p.i.AbstractProblemLoader Creating init config 
15914      DEBUG main            d.u.i.k.p.i.AbstractProblemLoader Init config took 3.81s 
15939      INFO  main            d.u.i.k.p.i.AbstractProblemLoader Replaying proof insufficient-manipulated.proof 
15961      WARN  main            d.u.i.k.p.i.IntermediateProofReplayer Proof contains wrong number of \assumes instatiations for applyEq 
15973      DEBUG main            d.u.i.k.p.i.IntermediateProofReplayer Proof replay took 13.94ms 
15977      INFO  main            d.u.i.k.p.r.p.TestFile    ... success: loading failed 
15979      INFO  main            d.u.i.k.p.r.p.TestFile    Now processing file /home/runner/work/key/key/key.core/../key.ui/examples/../../key.core/src/test/resources/testcase/issues/1716/incorrectPolarity.proof 
15979      INFO  main            d.u.i.k.p.i.AbstractProblemLoader Loading environment from /home/runner/work/key/key/key.core/../key.ui/examples/../../key.core/src/test/resources/testcase/issues/1716/incorrectPolarity.proof 
15980      DEBUG main            d.u.i.k.p.i.AbstractProblemLoader Environment load took 377.7ns 
15982      INFO  main            d.u.i.k.p.i.AbstractProblemLoader Creating init config 
19849      DEBUG main            d.u.i.k.p.i.AbstractProblemLoader Init config took 3.87s 
19884      INFO  main            d.u.i.k.p.i.AbstractProblemLoader Replaying proof incorrectPolarity.proof 
19888      DEBUG main            d.u.i.k.p.i.IntermediateProofReplayer Proof replay took 302.4ns 
19888      INFO  main            d.u.i.k.p.r.p.TestFile    ... success: loading failed 
19890      INFO  main            d.u.i.k.p.r.p.TestFile    Now processing file /home/runner/work/key/key/key.core/../key.ui/examples/../../key.core/src/test/resources/testcase/issues/1716/incorrectPolarity2.proof 
19890      INFO  main            d.u.i.k.p.i.AbstractProblemLoader Loading environment from /home/runner/work/key/key/key.core/../key.ui/examples/../../key.core/src/test/resources/testcase/issues/1716/incorrectPolarity2.proof 
19891      DEBUG main            d.u.i.k.p.i.AbstractProblemLoader Environment load took 1.24ms 
19893      INFO  main            d.u.i.k.p.i.AbstractProblemLoader Creating init config 
23479      DEBUG main            d.u.i.k.p.i.AbstractProblemLoader Init config took 3.59s 
23512      INFO  main            d.u.i.k.p.i.AbstractProblemLoader Replaying proof incorrectPolarity2.proof 
23516      DEBUG main            d.u.i.k.p.i.IntermediateProofReplayer Proof replay took 451.8ns 
23516      INFO  main            d.u.i.k.p.r.p.TestFile    ... success: loading failed 
23518      INFO  main            d.u.i.k.p.r.p.TestFile    Now processing file /home/runner/work/key/key/key.core/../key.ui/examples/../../key.core/src/test/resources/testcase/issues/1716/incorrectPolarity3.proof 
23518      INFO  main            d.u.i.k.p.i.AbstractProblemLoader Loading environment from /home/runner/work/key/key/key.core/../key.ui/examples/../../key.core/src/test/resources/testcase/issues/1716/incorrectPolarity3.proof 
23518      DEBUG main            d.u.i.k.p.i.AbstractProblemLoader Environment load took 249.1ns 
23520      INFO  main            d.u.i.k.p.i.AbstractProblemLoader Creating init config 
27081      DEBUG main            d.u.i.k.p.i.AbstractProblemLoader Init config took 3.56s 
27106      INFO  main            d.u.i.k.p.i.AbstractProblemLoader Replaying proof incorrectPolarity3.proof 
27111      DEBUG main            d.u.i.k.p.i.IntermediateProofReplayer Proof replay took 1.36ms 
27111      INFO  main            d.u.i.k.p.r.p.TestFile    ... success: loading failed 
7149180    INFO  Test worker     d.u.i.k.p.r.RunAllProofsTestUnit Returning from test proofLoadRepair 
7149181    INFO  Test worker     d.u.i.k.p.r.RunAllProofsTestUnit Running test switch 
517        INFO  Timeout watchdog d.u.i.k.p.r.p.ForkedTestFileRunner Timeout watcher launched (2000 secs.) 
543        WARN  main            d.u.i.k.s.ProofSettings   The settings in /home/runner/.key/proof-settings.props are *not* read. 
581        INFO  main            d.u.i.k.p.r.p.TestFile    Now processing file /home/runner/work/key/key/key.core/../key.ui/examples/standard_key/java_dl/switch/labeled_case.key 
708        INFO  main            d.u.i.k.p.i.AbstractProblemLoader Loading environment from /home/runner/work/key/key/key.core/../key.ui/examples/standard_key/java_dl/switch/labeled_case.key 
728        DEBUG main            d.u.i.k.p.i.AbstractProblemLoader Environment load took 2.43ms 
1017       INFO  main            d.u.i.k.p.i.AbstractProblemLoader Creating init config 
2418       DEBUG main            d.u.i.k.j.TypeConverter   No LDT found for Meta 
2419       DEBUG main            d.u.i.k.j.TypeConverter   No LDT found for Meta 
2423       DEBUG main            d.u.i.k.j.TypeConverter   No LDT found for Meta 
2423       DEBUG main            d.u.i.k.j.TypeConverter   No LDT found for Meta 
4199       DEBUG main            d.u.i.k.j.TypeConverter   No LDT found for JavaBigintExpression 
11150      DEBUG main            d.u.i.k.p.i.AbstractProblemLoader Init config took 10.13s 
11341      INFO  main            d.u.i.k.p.i.AbstractProblemLoader Replaying proof LabeledCase[LabeledCase::m(int)].JML normal_behavior operation contract.0 
11396      DEBUG main            d.u.i.k.p.i.IntermediateProofReplayer Proof replay took 38.9ns 
12344      INFO  main            d.u.i.k.p.r.p.TestFile    ... finished proof: closed. 
12486      INFO  main            d.u.i.k.p.i.AbstractProblemLoader Loading environment from /home/runner/work/key/key/key.core/../key.ui/examples/standard_key/java_dl/switch/labeled_case.key.proof 
12486      DEBUG main            d.u.i.k.p.i.AbstractProblemLoader Environment load took 475.9ns 
12490      INFO  main            d.u.i.k.p.i.AbstractProblemLoader Creating init config 
16499      DEBUG main            d.u.i.k.p.i.AbstractProblemLoader Init config took 4.01s 
16615      INFO  main            d.u.i.k.p.i.AbstractProblemLoader Replaying proof LabeledCase[LabeledCase::m(int)].JML normal_behavior operation contract.0 
16755      DEBUG main            d.u.i.k.p.i.IntermediateProofReplayer Proof replay took 133.03ms 
16775      DEBUG main            d.u.i.k.p.r.p.TestFile    ... success: reloaded. 
16776      INFO  main            d.u.i.k.p.r.p.TestFile    Now processing file /home/runner/work/key/key/key.core/../key.ui/examples/standard_key/java_dl/switch/empty_switch.key 
16779      INFO  main            d.u.i.k.p.i.AbstractProblemLoader Loading environment from /home/runner/work/key/key/key.core/../key.ui/examples/standard_key/java_dl/switch/empty_switch.key 
16779      DEBUG main            d.u.i.k.p.i.AbstractProblemLoader Environment load took 212ns 
16782      INFO  main            d.u.i.k.p.i.AbstractProblemLoader Creating init config 
20433      DEBUG main            d.u.i.k.p.i.AbstractProblemLoader Init config took 3.65s 
20471      INFO  main            d.u.i.k.p.i.AbstractProblemLoader Replaying proof empty_switch.key 
20474      DEBUG main            d.u.i.k.p.i.IntermediateProofReplayer Proof replay took 7.9ns 
20577      INFO  main            d.u.i.k.p.r.p.TestFile    ... finished proof: closed. 
20747      INFO  main            d.u.i.k.p.i.AbstractProblemLoader Loading environment from /home/runner/work/key/key/key.core/../key.ui/examples/standard_key/java_dl/switch/empty_switch.key.proof 
20748      DEBUG main            d.u.i.k.p.i.AbstractProblemLoader Environment load took 570.71ns 
20752      INFO  main            d.u.i.k.p.i.AbstractProblemLoader Creating init config 
24293      DEBUG main            d.u.i.k.p.i.AbstractProblemLoader Init config took 3.54s 
24344      INFO  main            d.u.i.k.p.i.AbstractProblemLoader Replaying proof empty_switch.key.proof 
24355      DEBUG main            d.u.i.k.p.i.IntermediateProofReplayer Proof replay took 4.85ms 
24356      DEBUG main            d.u.i.k.p.r.p.TestFile    ... success: reloaded. 
24358      INFO  main            d.u.i.k.p.r.p.TestFile    Now processing file /home/runner/work/key/key/key.core/../key.ui/examples/standard_key/java_dl/switch/empty_switch_null.key 
24358      INFO  main            d.u.i.k.p.i.AbstractProblemLoader Loading environment from /home/runner/work/key/key/key.core/../key.ui/examples/standard_key/java_dl/switch/empty_switch_null.key 
24359      DEBUG main            d.u.i.k.p.i.AbstractProblemLoader Environment load took 130.2ns 
24362      INFO  main            d.u.i.k.p.i.AbstractProblemLoader Creating init config 
28009      DEBUG main            d.u.i.k.p.i.AbstractProblemLoader Init config took 3.65s 
28040      INFO  main            d.u.i.k.p.i.AbstractProblemLoader Replaying proof empty_switch_null.key 
28043      DEBUG main            d.u.i.k.p.i.IntermediateProofReplayer Proof replay took 7.9ns 
28248      INFO  main            d.u.i.k.p.r.p.TestFile    ... finished proof: closed. 
28446      INFO  main            d.u.i.k.p.i.AbstractProblemLoader Loading environment from /home/runner/work/key/key/key.core/../key.ui/examples/standard_key/java_dl/switch/empty_switch_null.key.proof 
28448      DEBUG main            d.u.i.k.p.i.AbstractProblemLoader Environment load took 2.22ms 
28452      INFO  main            d.u.i.k.p.i.AbstractProblemLoader Creating init config 
31937      DEBUG main            d.u.i.k.p.i.AbstractProblemLoader Init config took 3.49s 
31963      INFO  main            d.u.i.k.p.i.AbstractProblemLoader Replaying proof empty_switch_null.key.proof 
32006      DEBUG main            d.u.i.k.p.i.IntermediateProofReplayer Proof replay took 39.75ms 
32008      DEBUG main            d.u.i.k.p.r.p.TestFile    ... success: reloaded. 
32009      INFO  main            d.u.i.k.p.r.p.TestFile    Now processing file /home/runner/work/key/key/key.core/../key.ui/examples/standard_key/java_dl/switch/empty_switch_null_catch.key 
32010      INFO  main            d.u.i.k.p.i.AbstractProblemLoader Loading environment from /home/runner/work/key/key/key.core/../key.ui/examples/standard_key/java_dl/switch/empty_switch_null_catch.key 
32010      DEBUG main            d.u.i.k.p.i.AbstractProblemLoader Environment load took 216.3ns 
32011      INFO  main            d.u.i.k.p.i.AbstractProblemLoader Creating init config 
35410      DEBUG main            d.u.i.k.p.i.AbstractProblemLoader Init config took 3.4s 
35454      INFO  main            d.u.i.k.p.i.AbstractProblemLoader Replaying proof empty_switch_null_catch.key 
35457      DEBUG main            d.u.i.k.p.i.IntermediateProofReplayer Proof replay took 5.9ns 
35664      INFO  main            d.u.i.k.p.r.p.TestFile    ... finished proof: closed. 
35857      INFO  main            d.u.i.k.p.i.AbstractProblemLoader Loading environment from /home/runner/work/key/key/key.core/../key.ui/examples/standard_key/java_dl/switch/empty_switch_null_catch.key.proof 
35857      DEBUG main            d.u.i.k.p.i.AbstractProblemLoader Environment load took 204ns 
35859      INFO  main            d.u.i.k.p.i.AbstractProblemLoader Creating init config 
39054      DEBUG main            d.u.i.k.p.i.AbstractProblemLoader Init config took 3.19s 
39082      INFO  main            d.u.i.k.p.i.AbstractProblemLoader Replaying proof empty_switch_null_catch.key.proof 
39127      DEBUG main            d.u.i.k.p.i.IntermediateProofReplayer Proof replay took 40.79ms 
39128      DEBUG main            d.u.i.k.p.r.p.TestFile    ... success: reloaded. 
39129      INFO  main            d.u.i.k.p.r.p.TestFile    Now processing file /home/runner/work/key/key/key.core/../key.ui/examples/standard_key/java_dl/switch/empty_switch_array_out_of_bounds.key 
39130      INFO  main            d.u.i.k.p.i.AbstractProblemLoader Loading environment from /home/runner/work/key/key/key.core/../key.ui/examples/standard_key/java_dl/switch/empty_switch_array_out_of_bounds.key 
39130      DEBUG main            d.u.i.k.p.i.AbstractProblemLoader Environment load took 233.9ns 
39131      INFO  main            d.u.i.k.p.i.AbstractProblemLoader Creating init config 
42590      DEBUG main            d.u.i.k.p.i.AbstractProblemLoader Init config took 3.46s 
42619      INFO  main            d.u.i.k.p.i.AbstractProblemLoader Replaying proof empty_switch_array_out_of_bounds.key 
42624      DEBUG main            d.u.i.k.p.i.IntermediateProofReplayer Proof replay took 7.2ns 
42928      INFO  main            d.u.i.k.p.r.p.TestFile    ... finished proof: closed. 
43174      INFO  main            d.u.i.k.p.i.AbstractProblemLoader Loading environment from /home/runner/work/key/key/key.core/../key.ui/examples/standard_key/java_dl/switch/empty_switch_array_out_of_bounds.key.proof 
43176      DEBUG main            d.u.i.k.p.i.AbstractProblemLoader Environment load took 2.5ms 
43178      INFO  main            d.u.i.k.p.i.AbstractProblemLoader Creating init config 
46581      DEBUG main            d.u.i.k.p.i.AbstractProblemLoader Init config took 3.4s 
46610      INFO  main            d.u.i.k.p.i.AbstractProblemLoader Replaying proof empty_switch_array_out_of_bounds.key.proof 
46724      DEBUG main            d.u.i.k.p.i.IntermediateProofReplayer Proof replay took 107.36ms 
46725      DEBUG main            d.u.i.k.p.r.p.TestFile    ... success: reloaded. 
46727      INFO  main            d.u.i.k.p.r.p.TestFile    Now processing file /home/runner/work/key/key/key.core/../key.ui/examples/standard_key/java_dl/switch/empty_switch_array_out_of_bounds_catch.key 
46728      INFO  main            d.u.i.k.p.i.AbstractProblemLoader Loading environment from /home/runner/work/key/key/key.core/../key.ui/examples/standard_key/java_dl/switch/empty_switch_array_out_of_bounds_catch.key 
46728      DEBUG main            d.u.i.k.p.i.AbstractProblemLoader Environment load took 221.8ns 
46729      INFO  main            d.u.i.k.p.i.AbstractProblemLoader Creating init config 
50049      DEBUG main            d.u.i.k.p.i.AbstractProblemLoader Init config took 3.32s 
50078      INFO  main            d.u.i.k.p.i.AbstractProblemLoader Replaying proof empty_switch_array_out_of_bounds_catch.key 
50081      DEBUG main            d.u.i.k.p.i.IntermediateProofReplayer Proof replay took 7.7ns 
50286      INFO  main            d.u.i.k.p.r.p.TestFile    ... finished proof: closed. 
50502      INFO  main            d.u.i.k.p.i.AbstractProblemLoader Loading environment from /home/runner/work/key/key/key.core/../key.ui/examples/standard_key/java_dl/switch/empty_switch_array_out_of_bounds_catch.key.proof 
50502      DEBUG main            d.u.i.k.p.i.AbstractProblemLoader Environment load took 235.6ns 
50505      INFO  main            d.u.i.k.p.i.AbstractProblemLoader Creating init config 
53932      DEBUG main            d.u.i.k.p.i.AbstractProblemLoader Init config took 3.43s 
53957      INFO  main            d.u.i.k.p.i.AbstractProblemLoader Replaying proof empty_switch_array_out_of_bounds_catch.key.proof 
54001      DEBUG main            d.u.i.k.p.i.IntermediateProofReplayer Proof replay took 40.95ms 
54002      DEBUG main            d.u.i.k.p.r.p.TestFile    ... success: reloaded. 
54004      INFO  main            d.u.i.k.p.r.p.TestFile    Now processing file /home/runner/work/key/key/key.core/../key.ui/examples/standard_key/java_dl/switch/switch_in_switch.key 
54004      INFO  main            d.u.i.k.p.i.AbstractProblemLoader Loading environment from /home/runner/work/key/key/key.core/../key.ui/examples/standard_key/java_dl/switch/switch_in_switch.key 
54004      DEBUG main            d.u.i.k.p.i.AbstractProblemLoader Environment load took 133.8ns 
54005      INFO  main            d.u.i.k.p.i.AbstractProblemLoader Creating init config 
57678      DEBUG main            d.u.i.k.p.i.AbstractProblemLoader Init config took 3.67s 
57745      INFO  main            d.u.i.k.p.i.AbstractProblemLoader Replaying proof SwitchInSwitch[SwitchInSwitch::m(int)].JML normal_behavior operation contract.0 
57747      DEBUG main            d.u.i.k.p.i.IntermediateProofReplayer Proof replay took 9.6ns 
63851      INFO  main            d.u.i.k.p.r.p.TestFile    ... finished proof: closed. 
64195      INFO  main            d.u.i.k.p.i.AbstractProblemLoader Loading environment from /home/runner/work/key/key/key.core/../key.ui/examples/standard_key/java_dl/switch/switch_in_switch.key.proof 
64198      DEBUG main            d.u.i.k.p.i.AbstractProblemLoader Environment load took 2.75ms 
64201      INFO  main            d.u.i.k.p.i.AbstractProblemLoader Creating init config 
67607      DEBUG main            d.u.i.k.p.i.AbstractProblemLoader Init config took 3.41s 
67664      INFO  main            d.u.i.k.p.i.AbstractProblemLoader Replaying proof SwitchInSwitch[SwitchInSwitch::m(int)].JML normal_behavior operation contract.0 
68192      DEBUG main            d.u.i.k.p.i.IntermediateProofReplayer Proof replay took 496.89ms 
68194      DEBUG main            d.u.i.k.p.r.p.TestFile    ... success: reloaded. 
68196      INFO  main            d.u.i.k.p.r.p.TestFile    Now processing file /home/runner/work/key/key/key.core/../key.ui/examples/standard_key/java_dl/switch/while_and_switch.key 
68196      INFO  main            d.u.i.k.p.i.AbstractProblemLoader Loading environment from /home/runner/work/key/key/key.core/../key.ui/examples/standard_key/java_dl/switch/while_and_switch.key 
68197      DEBUG main            d.u.i.k.p.i.AbstractProblemLoader Environment load took 582.5ns 
68198      INFO  main            d.u.i.k.p.i.AbstractProblemLoader Creating init config 
71674      DEBUG main            d.u.i.k.p.i.AbstractProblemLoader Init config took 3.48s 
71732      INFO  main            d.u.i.k.p.i.AbstractProblemLoader Replaying proof WhileAndSwitch[WhileAndSwitch::m(int)].JML normal_behavior operation contract.0 
71735      DEBUG main            d.u.i.k.p.i.IntermediateProofReplayer Proof replay took 8ns 
72741      INFO  main            d.u.i.k.p.r.p.TestFile    ... finished proof: closed. 
72990      INFO  main            d.u.i.k.p.i.AbstractProblemLoader Loading environment from /home/runner/work/key/key/key.core/../key.ui/examples/standard_key/java_dl/switch/while_and_switch.key.proof 
72990      DEBUG main            d.u.i.k.p.i.AbstractProblemLoader Environment load took 154.1ns 
72992      INFO  main            d.u.i.k.p.i.AbstractProblemLoader Creating init config 
76456      DEBUG main            d.u.i.k.p.i.AbstractProblemLoader Init config took 3.46s 
76510      INFO  main            d.u.i.k.p.i.AbstractProblemLoader Replaying proof WhileAndSwitch[WhileAndSwitch::m(int)].JML normal_behavior operation contract.0 
76670      DEBUG main            d.u.i.k.p.i.IntermediateProofReplayer Proof replay took 151.38ms 
76671      DEBUG main            d.u.i.k.p.r.p.TestFile    ... success: reloaded. 
76673      INFO  main            d.u.i.k.p.r.p.TestFile    Now processing file /home/runner/work/key/key/key.core/../key.ui/examples/standard_key/java_dl/switch/large_switch.key 
76673      INFO  main            d.u.i.k.p.i.AbstractProblemLoader Loading environment from /home/runner/work/key/key/key.core/../key.ui/examples/standard_key/java_dl/switch/large_switch.key 
76674      DEBUG main            d.u.i.k.p.i.AbstractProblemLoader Environment load took 216.8ns 
76677      INFO  main            d.u.i.k.p.i.AbstractProblemLoader Creating init config 
80277      DEBUG main            d.u.i.k.p.i.AbstractProblemLoader Init config took 3.6s 
80327      INFO  main            d.u.i.k.p.i.AbstractProblemLoader Replaying proof LargeSwitch[LargeSwitch::m(int)].JML normal_behavior operation contract.0 
80329      DEBUG main            d.u.i.k.p.i.IntermediateProofReplayer Proof replay took 7.8ns 
82141      INFO  main            d.u.i.k.p.r.p.TestFile    ... finished proof: closed. 
82482      INFO  main            d.u.i.k.p.i.AbstractProblemLoader Loading environment from /home/runner/work/key/key/key.core/../key.ui/examples/standard_key/java_dl/switch/large_switch.key.proof 
82483      DEBUG main            d.u.i.k.p.i.AbstractProblemLoader Environment load took 685.91ns 
82486      INFO  main            d.u.i.k.p.i.AbstractProblemLoader Creating init config 
85968      DEBUG main            d.u.i.k.p.i.AbstractProblemLoader Init config took 3.48s 
86016      INFO  main            d.u.i.k.p.i.AbstractProblemLoader Replaying proof LargeSwitch[LargeSwitch::m(int)].JML normal_behavior operation contract.0 
86418      DEBUG main            d.u.i.k.p.i.IntermediateProofReplayer Proof replay took 381.68ms 
86420      DEBUG main            d.u.i.k.p.r.p.TestFile    ... success: reloaded. 
7235825    INFO  Test worker     d.u.i.k.p.r.RunAllProofsTestUnit Returning from test switch 
7235826    INFO  Test worker     d.u.i.k.p.r.RunAllProofsTestUnit Running test redux 
488        INFO  Timeout watchdog d.u.i.k.p.r.p.ForkedTestFileRunner Timeout watcher launched (2000 secs.) 
498        WARN  main            d.u.i.k.s.ProofSettings   The settings in /home/runner/.key/proof-settings.props are *not* read. 
578        INFO  main            d.u.i.k.p.r.p.TestFile    Now processing file /home/runner/work/key/key/key.core/../key.ui/examples/redux/arrays/Arrays.copyOf.key 
756        INFO  main            d.u.i.k.p.i.AbstractProblemLoader Loading environment from /home/runner/work/key/key/key.core/../key.ui/examples/redux/arrays/Arrays.copyOf.key 
786        DEBUG main            d.u.i.k.p.i.AbstractProblemLoader Environment load took 2.65ms 
1089       INFO  main            d.u.i.k.p.i.AbstractProblemLoader Creating init config 
2309       DEBUG main            d.u.i.k.j.TypeConverter   No LDT found for Meta 
2309       DEBUG main            d.u.i.k.j.TypeConverter   No LDT found for Meta 
2311       DEBUG main            d.u.i.k.j.TypeConverter   No LDT found for Meta 
2311       DEBUG main            d.u.i.k.j.TypeConverter   No LDT found for Meta 
4494       DEBUG main            d.u.i.k.j.TypeConverter   No LDT found for JavaBigintExpression 
12412      DEBUG main            d.u.i.k.p.i.AbstractProblemLoader Init config took 11.32s 
12650      INFO  main            d.u.i.k.p.i.AbstractProblemLoader Replaying proof Arrays[Arrays::copyOf([I,int)].JML normal_behavior operation contract.0 
12702      DEBUG main            d.u.i.k.p.i.IntermediateProofReplayer Proof replay took 59.5ns 
20041      INFO  main            d.u.i.k.p.r.p.TestFile    ... finished proof: closed. 
20247      INFO  main            d.u.i.k.p.i.AbstractProblemLoader Loading environment from /home/runner/work/key/key/key.core/../key.ui/examples/redux/arrays/Arrays.copyOf.key.proof 
20247      DEBUG main            d.u.i.k.p.i.AbstractProblemLoader Environment load took 203.4ns 
20254      INFO  main            d.u.i.k.p.i.AbstractProblemLoader Creating init config 
24920      DEBUG main            d.u.i.k.p.i.AbstractProblemLoader Init config took 4.67s 
25025      INFO  main            d.u.i.k.p.i.AbstractProblemLoader Replaying proof Arrays[Arrays::copyOf([I,int)].JML normal_behavior operation contract.0 
25689      DEBUG main            d.u.i.k.p.i.IntermediateProofReplayer Proof replay took 636.29ms 
25701      DEBUG main            d.u.i.k.p.r.p.TestFile    ... success: reloaded. 
25703      INFO  main            d.u.i.k.p.r.p.TestFile    Now processing file /home/runner/work/key/key/key.core/../key.ui/examples/redux/arrays/Arrays.copyOf.float.key 
25703      INFO  main            d.u.i.k.p.i.AbstractProblemLoader Loading environment from /home/runner/work/key/key/key.core/../key.ui/examples/redux/arrays/Arrays.copyOf.float.key 
25704      DEBUG main            d.u.i.k.p.i.AbstractProblemLoader Environment load took 276.6ns 
25706      INFO  main            d.u.i.k.p.i.AbstractProblemLoader Creating init config 
30103      DEBUG main            d.u.i.k.p.i.AbstractProblemLoader Init config took 4.4s 
30181      INFO  main            d.u.i.k.p.i.AbstractProblemLoader Replaying proof Arrays[Arrays::copyOf([F,int)].JML normal_behavior operation contract.0 
30184      DEBUG main            d.u.i.k.p.i.IntermediateProofReplayer Proof replay took 6.1ns 
30222      DEBUG main            d.u.i.k.m.s.ProofScriptEngine 1: 'macro autopilot' on goal 0 (script from line 6) 
37054      DEBUG main            d.u.i.k.m.s.ProofScriptEngine 2: 'smt solver=Z3' on goal 17 (script from line 7) 
37181      INFO  main            d.u.i.k.m.s.SMTCommand    Finished run on goal 17 in 91ms, result is valid 
37184      DEBUG main            d.u.i.k.m.s.ProofScriptEngine 3: 'tryclose' on goal 309 (script from line 8) 
39749      INFO  main            d.u.i.k.p.r.p.TestFile    ... finished proof: closed. 
40078      INFO  main            d.u.i.k.p.i.AbstractProblemLoader Loading environment from /home/runner/work/key/key/key.core/../key.ui/examples/redux/arrays/Arrays.copyOf.float.key.proof 
40078      DEBUG main            d.u.i.k.p.i.AbstractProblemLoader Environment load took 442.7ns 
40090      INFO  main            d.u.i.k.p.i.AbstractProblemLoader Creating init config 
44589      DEBUG main            d.u.i.k.p.i.AbstractProblemLoader Init config took 4.5s 
44670      INFO  main            d.u.i.k.p.i.AbstractProblemLoader Replaying proof Arrays[Arrays::copyOf([F,int)].JML normal_behavior operation contract.0 
44789      INFO  main            d.u.i.k.s.SMTFocusResults Analyzing unsat core: (L_6) 
45602      DEBUG main            d.u.i.k.p.i.IntermediateProofReplayer Proof replay took 899.27ms 
45607      DEBUG main            d.u.i.k.p.r.p.TestFile    ... success: reloaded. 
45611      INFO  main            d.u.i.k.p.r.p.TestFile    Now processing file /home/runner/work/key/key/key.core/../key.ui/examples/redux/arrays/Arrays.copyOfRange.key 
45611      INFO  main            d.u.i.k.p.i.AbstractProblemLoader Loading environment from /home/runner/work/key/key/key.core/../key.ui/examples/redux/arrays/Arrays.copyOfRange.key 
45611      DEBUG main            d.u.i.k.p.i.AbstractProblemLoader Environment load took 267.4ns 
45616      INFO  main            d.u.i.k.p.i.AbstractProblemLoader Creating init config 
50033      DEBUG main            d.u.i.k.p.i.AbstractProblemLoader Init config took 4.42s 
50123      INFO  main            d.u.i.k.p.i.AbstractProblemLoader Replaying proof Arrays[Arrays::copyOfRange([I,int,int)].JML normal_behavior operation contract.0 
50126      DEBUG main            d.u.i.k.p.i.IntermediateProofReplayer Proof replay took 7.5ns 
57195      INFO  main            d.u.i.k.p.r.p.TestFile    ... finished proof: closed. 
57544      INFO  main            d.u.i.k.p.i.AbstractProblemLoader Loading environment from /home/runner/work/key/key/key.core/../key.ui/examples/redux/arrays/Arrays.copyOfRange.key.proof 
57544      DEBUG main            d.u.i.k.p.i.AbstractProblemLoader Environment load took 442ns 
57548      INFO  main            d.u.i.k.p.i.AbstractProblemLoader Creating init config 
61816      DEBUG main            d.u.i.k.p.i.AbstractProblemLoader Init config took 4.27s 
61897      INFO  main            d.u.i.k.p.i.AbstractProblemLoader Replaying proof Arrays[Arrays::copyOfRange([I,int,int)].JML normal_behavior operation contract.0 
62517      DEBUG main            d.u.i.k.p.i.IntermediateProofReplayer Proof replay took 590.43ms 
62520      DEBUG main            d.u.i.k.p.r.p.TestFile    ... success: reloaded. 
62521      INFO  main            d.u.i.k.p.r.p.TestFile    Now processing file /home/runner/work/key/key/key.core/../key.ui/examples/redux/arrays/Arrays.copyOfRange.float.key 
62522      INFO  main            d.u.i.k.p.i.AbstractProblemLoader Loading environment from /home/runner/work/key/key/key.core/../key.ui/examples/redux/arrays/Arrays.copyOfRange.float.key 
62522      DEBUG main            d.u.i.k.p.i.AbstractProblemLoader Environment load took 306.3ns 
62523      INFO  main            d.u.i.k.p.i.AbstractProblemLoader Creating init config 
66659      DEBUG main            d.u.i.k.p.i.AbstractProblemLoader Init config took 4.14s 
66719      INFO  main            d.u.i.k.p.i.AbstractProblemLoader Replaying proof Arrays[Arrays::copyOfRange([F,int,int)].JML normal_behavior operation contract.0 
66721      DEBUG main            d.u.i.k.p.i.IntermediateProofReplayer Proof replay took 8.1ns 
66722      DEBUG main            d.u.i.k.m.s.ProofScriptEngine 1: 'macro autopilot' on goal 0 (script from line 6) 
75239      DEBUG main            d.u.i.k.m.s.ProofScriptEngine 2: 'smt solver=Z3' on goal 27 (script from line 7) 
75280      INFO  main            d.u.i.k.m.s.SMTCommand    Finished run on goal 27 in 36ms, result is valid 
75280      DEBUG main            d.u.i.k.m.s.ProofScriptEngine 3: 'tryclose' on goal 375 (script from line 8) 
80170      INFO  main            d.u.i.k.p.r.p.TestFile    ... finished proof: closed. 
80486      INFO  main            d.u.i.k.p.i.AbstractProblemLoader Loading environment from /home/runner/work/key/key/key.core/../key.ui/examples/redux/arrays/Arrays.copyOfRange.float.key.proof 
80486      DEBUG main            d.u.i.k.p.i.AbstractProblemLoader Environment load took 493.9ns 
80489      INFO  main            d.u.i.k.p.i.AbstractProblemLoader Creating init config 
84664      DEBUG main            d.u.i.k.p.i.AbstractProblemLoader Init config took 4.17s 
84718      INFO  main            d.u.i.k.p.i.AbstractProblemLoader Replaying proof Arrays[Arrays::copyOfRange([F,int,int)].JML normal_behavior operation contract.0 
84803      INFO  main            d.u.i.k.s.SMTFocusResults Analyzing unsat core: (L_8) 
85709      DEBUG main            d.u.i.k.p.i.IntermediateProofReplayer Proof replay took 963.85ms 
85711      DEBUG main            d.u.i.k.p.r.p.TestFile    ... success: reloaded. 
85713      INFO  main            d.u.i.k.p.r.p.TestFile    Now processing file /home/runner/work/key/key/key.core/../key.ui/examples/redux/arrays/Arrays.equals.key 
85713      INFO  main            d.u.i.k.p.i.AbstractProblemLoader Loading environment from /home/runner/work/key/key/key.core/../key.ui/examples/redux/arrays/Arrays.equals.key 
85713      DEBUG main            d.u.i.k.p.i.AbstractProblemLoader Environment load took 209.5ns 
85714      INFO  main            d.u.i.k.p.i.AbstractProblemLoader Creating init config 
89705      DEBUG main            d.u.i.k.p.i.AbstractProblemLoader Init config took 3.99s 
89757      INFO  main            d.u.i.k.p.i.AbstractProblemLoader Replaying proof Arrays[Arrays::equals([B,[B)].JML normal_behavior operation contract.0 
89760      DEBUG main            d.u.i.k.p.i.IntermediateProofReplayer Proof replay took 8.5ns 
90466      INFO  main            d.u.i.k.p.r.p.TestFile    ... finished proof: closed. 
90786      INFO  main            d.u.i.k.p.i.AbstractProblemLoader Loading environment from /home/runner/work/key/key/key.core/../key.ui/examples/redux/arrays/Arrays.equals.key.proof 
90787      DEBUG main            d.u.i.k.p.i.AbstractProblemLoader Environment load took 604.5ns 
90789      INFO  main            d.u.i.k.p.i.AbstractProblemLoader Creating init config 
94873      DEBUG main            d.u.i.k.p.i.AbstractProblemLoader Init config took 4.08s 
94933      INFO  main            d.u.i.k.p.i.AbstractProblemLoader Replaying proof Arrays[Arrays::equals([B,[B)].JML normal_behavior operation contract.0 
95114      DEBUG main            d.u.i.k.p.i.IntermediateProofReplayer Proof replay took 175.93ms 
95115      DEBUG main            d.u.i.k.p.r.p.TestFile    ... success: reloaded. 
95117      INFO  main            d.u.i.k.p.r.p.TestFile    Now processing file /home/runner/work/key/key/key.core/../key.ui/examples/redux/arrays/Arrays.fill.key 
95117      INFO  main            d.u.i.k.p.i.AbstractProblemLoader Loading environment from /home/runner/work/key/key/key.core/../key.ui/examples/redux/arrays/Arrays.fill.key 
95117      DEBUG main            d.u.i.k.p.i.AbstractProblemLoader Environment load took 211.1ns 
95118      INFO  main            d.u.i.k.p.i.AbstractProblemLoader Creating init config 
99239      DEBUG main            d.u.i.k.p.i.AbstractProblemLoader Init config took 4.12s 
99294      INFO  main            d.u.i.k.p.i.AbstractProblemLoader Replaying proof Arrays[Arrays::fill([I,int)].JML normal_behavior operation contract.0 
99295      DEBUG main            d.u.i.k.p.i.IntermediateProofReplayer Proof replay took 7.7ns 
99498      INFO  main            d.u.i.k.p.r.p.TestFile    ... finished proof: closed. 
99760      INFO  main            d.u.i.k.p.i.AbstractProblemLoader Loading environment from /home/runner/work/key/key/key.core/../key.ui/examples/redux/arrays/Arrays.fill.key.proof 
99760      DEBUG main            d.u.i.k.p.i.AbstractProblemLoader Environment load took 144.7ns 
99763      INFO  main            d.u.i.k.p.i.AbstractProblemLoader Creating init config 
103805     DEBUG main            d.u.i.k.p.i.AbstractProblemLoader Init config took 4.04s 
103855     INFO  main            d.u.i.k.p.i.AbstractProblemLoader Replaying proof Arrays[Arrays::fill([I,int)].JML normal_behavior operation contract.0 
103892     DEBUG main            d.u.i.k.p.i.IntermediateProofReplayer Proof replay took 33.55ms 
103893     DEBUG main            d.u.i.k.p.r.p.TestFile    ... success: reloaded. 
103894     INFO  main            d.u.i.k.p.r.p.TestFile    Now processing file /home/runner/work/key/key/key.core/../key.ui/examples/redux/arrays/Arrays.fill.float.key 
103895     INFO  main            d.u.i.k.p.i.AbstractProblemLoader Loading environment from /home/runner/work/key/key/key.core/../key.ui/examples/redux/arrays/Arrays.fill.float.key 
103895     DEBUG main            d.u.i.k.p.i.AbstractProblemLoader Environment load took 254.5ns 
103896     INFO  main            d.u.i.k.p.i.AbstractProblemLoader Creating init config 
108159     DEBUG main            d.u.i.k.p.i.AbstractProblemLoader Init config took 4.26s 
108220     INFO  main            d.u.i.k.p.i.AbstractProblemLoader Replaying proof Arrays[Arrays::fill([F,float)].JML normal_behavior operation contract.0 
108221     DEBUG main            d.u.i.k.p.i.IntermediateProofReplayer Proof replay took 7.8ns 
108527     INFO  main            d.u.i.k.p.r.p.TestFile    ... finished proof: closed. 
108791     INFO  main            d.u.i.k.p.i.AbstractProblemLoader Loading environment from /home/runner/work/key/key/key.core/../key.ui/examples/redux/arrays/Arrays.fill.float.key.proof 
108792     DEBUG main            d.u.i.k.p.i.AbstractProblemLoader Environment load took 510.7ns 
108793     INFO  main            d.u.i.k.p.i.AbstractProblemLoader Creating init config 
112858     DEBUG main            d.u.i.k.p.i.AbstractProblemLoader Init config took 4.06s 
112909     INFO  main            d.u.i.k.p.i.AbstractProblemLoader Replaying proof Arrays[Arrays::fill([F,float)].JML normal_behavior operation contract.0 
112957     DEBUG main            d.u.i.k.p.i.IntermediateProofReplayer Proof replay took 45.02ms 
112958     DEBUG main            d.u.i.k.p.r.p.TestFile    ... success: reloaded. 
112960     INFO  main            d.u.i.k.p.r.p.TestFile    Now processing file /home/runner/work/key/key/key.core/../key.ui/examples/redux/arrays/Arrays.fillFromTo.key 
112960     INFO  main            d.u.i.k.p.i.AbstractProblemLoader Loading environment from /home/runner/work/key/key/key.core/../key.ui/examples/redux/arrays/Arrays.fillFromTo.key 
112961     DEBUG main            d.u.i.k.p.i.AbstractProblemLoader Environment load took 133.6ns 
112962     INFO  main            d.u.i.k.p.i.AbstractProblemLoader Creating init config 
117130     DEBUG main            d.u.i.k.p.i.AbstractProblemLoader Init config took 4.17s 
117182     INFO  main            d.u.i.k.p.i.AbstractProblemLoader Replaying proof Arrays[Arrays::fill([I,int,int,int)].JML normal_behavior operation contract.0 
117184     DEBUG main            d.u.i.k.p.i.IntermediateProofReplayer Proof replay took 8.4ns 
117989     INFO  main            d.u.i.k.p.r.p.TestFile    ... finished proof: closed. 
118320     INFO  main            d.u.i.k.p.i.AbstractProblemLoader Loading environment from /home/runner/work/key/key/key.core/../key.ui/examples/redux/arrays/Arrays.fillFromTo.key.proof 
118320     DEBUG main            d.u.i.k.p.i.AbstractProblemLoader Environment load took 227ns 
118324     INFO  main            d.u.i.k.p.i.AbstractProblemLoader Creating init config 
122477     DEBUG main            d.u.i.k.p.i.AbstractProblemLoader Init config took 4.15s 
122530     INFO  main            d.u.i.k.p.i.AbstractProblemLoader Replaying proof Arrays[Arrays::fill([I,int,int,int)].JML normal_behavior operation contract.0 
122651     DEBUG main            d.u.i.k.p.i.IntermediateProofReplayer Proof replay took 116.11ms 
122652     DEBUG main            d.u.i.k.p.r.p.TestFile    ... success: reloaded. 
122653     INFO  main            d.u.i.k.p.r.p.TestFile    Now processing file /home/runner/work/key/key/key.core/../key.ui/examples/redux/arrays/Arrays.fillFromTo.float.key 
122654     INFO  main            d.u.i.k.p.i.AbstractProblemLoader Loading environment from /home/runner/work/key/key/key.core/../key.ui/examples/redux/arrays/Arrays.fillFromTo.float.key 
122654     DEBUG main            d.u.i.k.p.i.AbstractProblemLoader Environment load took 167.6ns 
122655     INFO  main            d.u.i.k.p.i.AbstractProblemLoader Creating init config 
126703     DEBUG main            d.u.i.k.p.i.AbstractProblemLoader Init config took 4.05s 
126757     INFO  main            d.u.i.k.p.i.AbstractProblemLoader Replaying proof Arrays[Arrays::fill([F,int,int,float)].JML normal_behavior operation contract.0 
126759     DEBUG main            d.u.i.k.p.i.IntermediateProofReplayer Proof replay took 11.8ns 
127670     INFO  main            d.u.i.k.p.r.p.TestFile    ... finished proof: closed. 
127941     INFO  main            d.u.i.k.p.i.AbstractProblemLoader Loading environment from /home/runner/work/key/key/key.core/../key.ui/examples/redux/arrays/Arrays.fillFromTo.float.key.proof 
127941     DEBUG main            d.u.i.k.p.i.AbstractProblemLoader Environment load took 438.2ns 
127942     INFO  main            d.u.i.k.p.i.AbstractProblemLoader Creating init config 
131773     DEBUG main            d.u.i.k.p.i.AbstractProblemLoader Init config took 3.83s 
131819     INFO  main            d.u.i.k.p.i.AbstractProblemLoader Replaying proof Arrays[Arrays::fill([F,int,int,float)].JML normal_behavior operation contract.0 
131979     DEBUG main            d.u.i.k.p.i.IntermediateProofReplayer Proof replay took 153.43ms 
131980     DEBUG main            d.u.i.k.p.r.p.TestFile    ... success: reloaded. 
131982     INFO  main            d.u.i.k.p.r.p.TestFile    Now processing file /home/runner/work/key/key/key.core/../key.ui/examples/redux/arrays/ArrayCopy.arraycopy.normal.0.key 
131982     INFO  main            d.u.i.k.p.i.AbstractProblemLoader Loading environment from /home/runner/work/key/key/key.core/../key.ui/examples/redux/arrays/ArrayCopy.arraycopy.normal.0.key 
131982     DEBUG main            d.u.i.k.p.i.AbstractProblemLoader Environment load took 214.8ns 
131983     INFO  main            d.u.i.k.p.i.AbstractProblemLoader Creating init config 
135729     DEBUG main            d.u.i.k.p.i.AbstractProblemLoader Init config took 3.75s 
135771     INFO  main            d.u.i.k.p.i.AbstractProblemLoader Replaying proof ArrayCopy[ArrayCopy::arraycopy(java.lang.Object,int,java.lang.Object,int,int)].JML normal_behavior operation contract.0 
135773     DEBUG main            d.u.i.k.p.i.IntermediateProofReplayer Proof replay took 7.1ns 
144242     INFO  main            d.u.i.k.p.r.p.TestFile    ... finished proof: closed. 
144591     INFO  main            d.u.i.k.p.i.AbstractProblemLoader Loading environment from /home/runner/work/key/key/key.core/../key.ui/examples/redux/arrays/ArrayCopy.arraycopy.normal.0.key.proof 
144591     DEBUG main            d.u.i.k.p.i.AbstractProblemLoader Environment load took 261.1ns 
144595     INFO  main            d.u.i.k.p.i.AbstractProblemLoader Creating init config 
148588     DEBUG main            d.u.i.k.p.i.AbstractProblemLoader Init config took 3.99s 
148637     INFO  main            d.u.i.k.p.i.AbstractProblemLoader Replaying proof ArrayCopy[ArrayCopy::arraycopy(java.lang.Object,int,java.lang.Object,int,int)].JML normal_behavior operation contract.0 
149532     DEBUG main            d.u.i.k.p.i.IntermediateProofReplayer Proof replay took 875.87ms 
149535     DEBUG main            d.u.i.k.p.r.p.TestFile    ... success: reloaded. 
149537     INFO  main            d.u.i.k.p.r.p.TestFile    Now processing file /home/runner/work/key/key/key.core/../key.ui/examples/redux/arrays/ArrayCopy.arraycopy.exceptional.0.key 
149537     INFO  main            d.u.i.k.p.i.AbstractProblemLoader Loading environment from /home/runner/work/key/key/key.core/../key.ui/examples/redux/arrays/ArrayCopy.arraycopy.exceptional.0.key 
149537     DEBUG main            d.u.i.k.p.i.AbstractProblemLoader Environment load took 238.6ns 
149538     INFO  main            d.u.i.k.p.i.AbstractProblemLoader Creating init config 
153716     DEBUG main            d.u.i.k.p.i.AbstractProblemLoader Init config took 4.18s 
153762     INFO  main            d.u.i.k.p.i.AbstractProblemLoader Replaying proof ArrayCopy[ArrayCopy::arraycopy(java.lang.Object,int,java.lang.Object,int,int)].JML exceptional_behavior operation contract.0 
153764     DEBUG main            d.u.i.k.p.i.IntermediateProofReplayer Proof replay took 6.9ns 
154267     INFO  main            d.u.i.k.p.r.p.TestFile    ... finished proof: closed. 
154525     INFO  main            d.u.i.k.p.i.AbstractProblemLoader Loading environment from /home/runner/work/key/key/key.core/../key.ui/examples/redux/arrays/ArrayCopy.arraycopy.exceptional.0.key.proof 
154525     DEBUG main            d.u.i.k.p.i.AbstractProblemLoader Environment load took 591.7ns 
154526     INFO  main            d.u.i.k.p.i.AbstractProblemLoader Creating init config 
158553     DEBUG main            d.u.i.k.p.i.AbstractProblemLoader Init config took 4.03s 
158601     INFO  main            d.u.i.k.p.i.AbstractProblemLoader Replaying proof ArrayCopy[ArrayCopy::arraycopy(java.lang.Object,int,java.lang.Object,int,int)].JML exceptional_behavior operation contract.0 
158776     DEBUG main            d.u.i.k.p.i.IntermediateProofReplayer Proof replay took 170.64ms 
158777     DEBUG main            d.u.i.k.p.r.p.TestFile    ... success: reloaded. 
158778     INFO  main            d.u.i.k.p.r.p.TestFile    Now processing file /home/runner/work/key/key/key.core/../key.ui/examples/redux/arrays/ArrayCopy.arraycopy.exceptional.1.key 
158778     INFO  main            d.u.i.k.p.i.AbstractProblemLoader Loading environment from /home/runner/work/key/key/key.core/../key.ui/examples/redux/arrays/ArrayCopy.arraycopy.exceptional.1.key 
158778     DEBUG main            d.u.i.k.p.i.AbstractProblemLoader Environment load took 121ns 
158779     INFO  main            d.u.i.k.p.i.AbstractProblemLoader Creating init config 
162880     DEBUG main            d.u.i.k.p.i.AbstractProblemLoader Init config took 4.1s 
162933     INFO  main            d.u.i.k.p.i.AbstractProblemLoader Replaying proof ArrayCopy[ArrayCopy::arraycopy(java.lang.Object,int,java.lang.Object,int,int)].JML exceptional_behavior operation contract.1 
162935     DEBUG main            d.u.i.k.p.i.IntermediateProofReplayer Proof replay took 7.7ns 
171900     INFO  main            d.u.i.k.p.r.p.TestFile    ... finished proof: closed. 
172254     INFO  main            d.u.i.k.p.i.AbstractProblemLoader Loading environment from /home/runner/work/key/key/key.core/../key.ui/examples/redux/arrays/ArrayCopy.arraycopy.exceptional.1.key.proof 
172255     DEBUG main            d.u.i.k.p.i.AbstractProblemLoader Environment load took 241.1ns 
172259     INFO  main            d.u.i.k.p.i.AbstractProblemLoader Creating init config 
176229     DEBUG main            d.u.i.k.p.i.AbstractProblemLoader Init config took 3.97s 
176297     INFO  main            d.u.i.k.p.i.AbstractProblemLoader Replaying proof ArrayCopy[ArrayCopy::arraycopy(java.lang.Object,int,java.lang.Object,int,int)].JML exceptional_behavior operation contract.1 
178658     DEBUG main            d.u.i.k.p.i.IntermediateProofReplayer Proof replay took 2.33s 
178662     DEBUG main            d.u.i.k.p.r.p.TestFile    ... success: reloaded. 
7414722    INFO  Test worker     d.u.i.k.p.r.RunAllProofsTestUnit Returning from test redux 
]]></system-out>
  <system-err><![CDATA[]]></system-err>
</testsuite>
