<?xml version="1.0" encoding="UTF-8"?>
<testsuite name="de.uka.ilkd.key.logic.TestClashFreeSubst" tests="14" skipped="2" failures="0" errors="0" timestamp="2023-04-04T10:38:40" hostname="fv-az221-216" time="40.459">
  <properties/>
  <testcase name="testMultiShareBound()" classname="de.uka.ilkd.key.logic.TestClashFreeSubst" time="0.811"/>
  <testcase name="testClash()" classname="de.uka.ilkd.key.logic.TestClashFreeSubst" time="0.786"/>
  <testcase name="testShare()" classname="de.uka.ilkd.key.logic.TestClashFreeSubst" time="0.748"/>
  <testcase name="testSubst()" classname="de.uka.ilkd.key.logic.TestClashFreeSubst" time="0.74"/>
  <testcase name="testWary0()" classname="de.uka.ilkd.key.logic.TestClashFreeSubst" time="0.762"/>
  <testcase name="testWary1()" classname="de.uka.ilkd.key.logic.TestClashFreeSubst" time="0.736"/>
  <testcase name="testWary2()" classname="de.uka.ilkd.key.logic.TestClashFreeSubst" time="0.738"/>
  <testcase name="testClashInSubstTerm()" classname="de.uka.ilkd.key.logic.TestClashFreeSubst" time="0.744"/>
  <testcase name="testShareWary()" classname="de.uka.ilkd.key.logic.TestClashFreeSubst" time="0.739"/>
  <testcase name="testMultiSubst()" classname="de.uka.ilkd.key.logic.TestClashFreeSubst" time="0.735"/>
  <testcase name="xtestMultiClash()" classname="de.uka.ilkd.key.logic.TestClashFreeSubst" time="0.0">
    <skipped/>
  </testcase>
  <testcase name="testSubstInSubstTerm()" classname="de.uka.ilkd.key.logic.TestClashFreeSubst" time="0.75"/>
  <testcase name="testSubstWary()" classname="de.uka.ilkd.key.logic.TestClashFreeSubst" time="0.732"/>
  <testcase name="xtestMultiClash1()" classname="de.uka.ilkd.key.logic.TestClashFreeSubst" time="0.0">
    <skipped/>
  </testcase>
  <system-out><![CDATA[29324      INFO  Test worker     d.u.i.k.n.KeyIO           Parsing took 0 ms 
29325      INFO  Test worker     d.u.i.k.n.KeyIO           MODE: declarations took 0 ms 
30125      INFO  Test worker     d.u.i.k.n.KeyIO           Parsing took 1 ms 
30126      INFO  Test worker     d.u.i.k.n.KeyIO           MODE: declarations took 0 ms 
32626      INFO  Test worker     d.u.i.k.n.KeyIO           Parsing took 1 ms 
32626      INFO  Test worker     d.u.i.k.n.KeyIO           MODE: declarations took 0 ms 
33407      INFO  Test worker     d.u.i.k.n.KeyIO           Parsing took 0 ms 
33408      INFO  Test worker     d.u.i.k.n.KeyIO           MODE: declarations took 0 ms 
35893      INFO  Test worker     d.u.i.k.n.KeyIO           Parsing took 0 ms 
35893      INFO  Test worker     d.u.i.k.n.KeyIO           MODE: declarations took 0 ms 
36636      INFO  Test worker     d.u.i.k.n.KeyIO           Parsing took 0 ms 
36637      INFO  Test worker     d.u.i.k.n.KeyIO           MODE: declarations took 0 ms 
39118      INFO  Test worker     d.u.i.k.n.KeyIO           Parsing took 0 ms 
39119      INFO  Test worker     d.u.i.k.n.KeyIO           MODE: declarations took 1 ms 
39855      INFO  Test worker     d.u.i.k.n.KeyIO           Parsing took 0 ms 
39856      INFO  Test worker     d.u.i.k.n.KeyIO           MODE: declarations took 1 ms 
42268      INFO  Test worker     d.u.i.k.n.KeyIO           Parsing took 0 ms 
42269      INFO  Test worker     d.u.i.k.n.KeyIO           MODE: declarations took 0 ms 
43012      INFO  Test worker     d.u.i.k.n.KeyIO           Parsing took 0 ms 
43014      INFO  Test worker     d.u.i.k.n.KeyIO           MODE: declarations took 0 ms 
45470      INFO  Test worker     d.u.i.k.n.KeyIO           Parsing took 0 ms 
45470      INFO  Test worker     d.u.i.k.n.KeyIO           MODE: declarations took 0 ms 
46203      INFO  Test worker     d.u.i.k.n.KeyIO           Parsing took 0 ms 
46204      INFO  Test worker     d.u.i.k.n.KeyIO           MODE: declarations took 0 ms 
48607      INFO  Test worker     d.u.i.k.n.KeyIO           Parsing took 0 ms 
48607      INFO  Test worker     d.u.i.k.n.KeyIO           MODE: declarations took 0 ms 
49342      INFO  Test worker     d.u.i.k.n.KeyIO           Parsing took 1 ms 
49342      INFO  Test worker     d.u.i.k.n.KeyIO           MODE: declarations took 0 ms 
51743      INFO  Test worker     d.u.i.k.n.KeyIO           Parsing took 0 ms 
51743      INFO  Test worker     d.u.i.k.n.KeyIO           MODE: declarations took 0 ms 
52483      INFO  Test worker     d.u.i.k.n.KeyIO           Parsing took 0 ms 
52483      INFO  Test worker     d.u.i.k.n.KeyIO           MODE: declarations took 0 ms 
54878      INFO  Test worker     d.u.i.k.n.KeyIO           Parsing took 0 ms 
54878      INFO  Test worker     d.u.i.k.n.KeyIO           MODE: declarations took 0 ms 
55611      INFO  Test worker     d.u.i.k.n.KeyIO           Parsing took 0 ms 
55611      INFO  Test worker     d.u.i.k.n.KeyIO           MODE: declarations took 0 ms 
58012      INFO  Test worker     d.u.i.k.n.KeyIO           Parsing took 0 ms 
58012      INFO  Test worker     d.u.i.k.n.KeyIO           MODE: declarations took 0 ms 
58743      INFO  Test worker     d.u.i.k.n.KeyIO           Parsing took 0 ms 
58744      INFO  Test worker     d.u.i.k.n.KeyIO           MODE: declarations took 1 ms 
63532      INFO  Test worker     d.u.i.k.n.KeyIO           Parsing took 0 ms 
63533      INFO  Test worker     d.u.i.k.n.KeyIO           MODE: declarations took 0 ms 
64277      INFO  Test worker     d.u.i.k.n.KeyIO           Parsing took 0 ms 
64279      INFO  Test worker     d.u.i.k.n.KeyIO           MODE: declarations took 0 ms 
66660      INFO  Test worker     d.u.i.k.n.KeyIO           Parsing took 0 ms 
66660      INFO  Test worker     d.u.i.k.n.KeyIO           MODE: declarations took 0 ms 
67391      INFO  Test worker     d.u.i.k.n.KeyIO           Parsing took 0 ms 
67391      INFO  Test worker     d.u.i.k.n.KeyIO           MODE: declarations took 0 ms 
]]></system-out>
  <system-err><![CDATA[]]></system-err>
</testsuite>
