<?xml version="1.0" encoding="UTF-8"?>
<testsuite name="org.key_project.util.testcase.collection.TestSLListOfString" tests="8" skipped="0" failures="0" errors="0" timestamp="2023-03-03T21:18:29" hostname="fv-az210-508" time="0.014">
  <properties/>
  <testcase name="testToString()" classname="org.key_project.util.testcase.collection.TestSLListOfString" time="0.003"/>
  <testcase name="testRemoveFirst()" classname="org.key_project.util.testcase.collection.TestSLListOfString" time="0.0"/>
  <testcase name="testPrepend()" classname="org.key_project.util.testcase.collection.TestSLListOfString" time="0.001"/>
  <testcase name="testHeadTail()" classname="org.key_project.util.testcase.collection.TestSLListOfString" time="0.0"/>
  <testcase name="testContains()" classname="org.key_project.util.testcase.collection.TestSLListOfString" time="0.001"/>
  <testcase name="testAppend()" classname="org.key_project.util.testcase.collection.TestSLListOfString" time="0.0"/>
  <testcase name="testEquals()" classname="org.key_project.util.testcase.collection.TestSLListOfString" time="0.002"/>
  <testcase name="testRemoveAll()" classname="org.key_project.util.testcase.collection.TestSLListOfString" time="0.0"/>
  <system-out><![CDATA[21:18:29,639 |-INFO in ch.qos.logback.classic.LoggerContext[default] - Could NOT find resource [logback-test.xml]
21:18:29,639 |-INFO in ch.qos.logback.classic.LoggerContext[default] - Found resource [logback.xml] at [file:/home/runner/work/key/key/key.util/build/resources/test/logback.xml]
21:18:29,710 |-INFO in ch.qos.logback.classic.joran.action.ConfigurationAction - debug attribute not set
21:18:29,710 |-INFO in ch.qos.logback.core.joran.action.AppenderAction - About to instantiate appender of type [ch.qos.logback.core.ConsoleAppender]
21:18:29,716 |-INFO in ch.qos.logback.core.joran.action.AppenderAction - Naming appender as [STDOUT]
21:18:29,720 |-ERROR in ch.qos.logback.core.joran.spi.Interpreter@3:15 - no applicable action for [file], current ElementPath  is [[configuration][appender][file]]
21:18:29,720 |-ERROR in ch.qos.logback.core.joran.spi.Interpreter@4:17 - no applicable action for [append], current ElementPath  is [[configuration][appender][append]]
21:18:29,721 |-INFO in ch.qos.logback.core.joran.action.NestedComplexPropertyIA - Assuming default type [ch.qos.logback.classic.encoder.PatternLayoutEncoder] for [encoder] property
21:18:29,741 |-INFO in ch.qos.logback.classic.joran.action.RootLoggerAction - Setting level of ROOT logger to WARN
21:18:29,741 |-INFO in ch.qos.logback.core.joran.action.AppenderRefAction - Attaching appender named [STDOUT] to Logger[ROOT]
21:18:29,741 |-INFO in ch.qos.logback.classic.joran.action.ConfigurationAction - End of configuration.
21:18:29,742 |-INFO in ch.qos.logback.classic.joran.JoranConfigurator@7fd4acee - Registering current configuration as safe fallback point

]]></system-out>
  <system-err><![CDATA[]]></system-err>
</testsuite>
