<?xml version="1.0" encoding="UTF-8"?>
<testsuite name="de.uka.ilkd.key.macros.scripts.TestProofScriptCommand" tests="7" skipped="0" failures="0" errors="0" timestamp="2023-03-08T13:54:09" hostname="fv-az616-295" time="20.072">
  <properties/>
  <testcase name="[1] unhide2.props, /home/runner/work/key/key/key.core/build/resources/test/de/uka/ilkd/key/macros/scripts/cases/unhide2.props" classname="de.uka.ilkd.key.macros.scripts.TestProofScriptCommand" time="2.818"/>
  <testcase name="[2] selectFormula.props, /home/runner/work/key/key/key.core/build/resources/test/de/uka/ilkd/key/macros/scripts/cases/selectFormula.props" classname="de.uka.ilkd.key.macros.scripts.TestProofScriptCommand" time="2.86"/>
  <testcase name="[3] unhide.props, /home/runner/work/key/key/key.core/build/resources/test/de/uka/ilkd/key/macros/scripts/cases/unhide.props" classname="de.uka.ilkd.key.macros.scripts.TestProofScriptCommand" time="2.82"/>
  <testcase name="[4] hide.exc.props, /home/runner/work/key/key/key.core/build/resources/test/de/uka/ilkd/key/macros/scripts/cases/hide.exc.props" classname="de.uka.ilkd.key.macros.scripts.TestProofScriptCommand" time="2.885"/>
  <testcase name="[5] rule.exc.props, /home/runner/work/key/key/key.core/build/resources/test/de/uka/ilkd/key/macros/scripts/cases/rule.exc.props" classname="de.uka.ilkd.key.macros.scripts.TestProofScriptCommand" time="2.917"/>
  <testcase name="[6] andRight.props, /home/runner/work/key/key/key.core/build/resources/test/de/uka/ilkd/key/macros/scripts/cases/andRight.props" classname="de.uka.ilkd.key.macros.scripts.TestProofScriptCommand" time="2.835"/>
  <testcase name="[7] hide.props, /home/runner/work/key/key/key.core/build/resources/test/de/uka/ilkd/key/macros/scripts/cases/hide.props" classname="de.uka.ilkd.key.macros.scripts.TestProofScriptCommand" time="2.931"/>
  <system-out><![CDATA[]]></system-out>
  <system-err><![CDATA[]]></system-err>
</testsuite>
