<?xml version="1.0" encoding="UTF-8"?>
<testsuite name="de.uka.ilkd.key.parser.TestDeclParser" tests="14" skipped="2" failures="0" errors="0" timestamp="2023-05-09T12:39:34" hostname="fv-az792-56" time="11.578">
  <properties/>
  <testcase name="testGenericSortDecl1()" classname="de.uka.ilkd.key.parser.TestDeclParser" time="0.987"/>
  <testcase name="testGenericSortDecl2()" classname="de.uka.ilkd.key.parser.TestDeclParser" time="0.992"/>
  <testcase name="testGenericSortDecl3()" classname="de.uka.ilkd.key.parser.TestDeclParser" time="0.935"/>
  <testcase name="testGenericSortDecl4()" classname="de.uka.ilkd.key.parser.TestDeclParser" time="0.982"/>
  <testcase name="testGenericSortDecl5()" classname="de.uka.ilkd.key.parser.TestDeclParser" time="0.0">
    <skipped/>
  </testcase>
  <testcase name="testGenericSortDecl6()" classname="de.uka.ilkd.key.parser.TestDeclParser" time="0.991"/>
  <testcase name="testSortDecl()" classname="de.uka.ilkd.key.parser.TestDeclParser" time="0.923"/>
  <testcase name="testProxySortDecl()" classname="de.uka.ilkd.key.parser.TestDeclParser" time="0.969"/>
  <testcase name="testArrayDecl()" classname="de.uka.ilkd.key.parser.TestDeclParser" time="0.973"/>
  <testcase name="testAmbiguousDecls()" classname="de.uka.ilkd.key.parser.TestDeclParser" time="0.0">
    <skipped/>
  </testcase>
  <testcase name="testHeurDecl()" classname="de.uka.ilkd.key.parser.TestDeclParser" time="0.978"/>
  <testcase name="testFunctionDecl()" classname="de.uka.ilkd.key.parser.TestDeclParser" time="0.904"/>
  <testcase name="testPredicateDecl()" classname="de.uka.ilkd.key.parser.TestDeclParser" time="0.966"/>
  <testcase name="testSVDecl()" classname="de.uka.ilkd.key.parser.TestDeclParser" time="0.971"/>
  <system-out><![CDATA[212123     INFO  Test worker     d.u.i.k.n.KeyIO           Parsing took 0 ms 
212123     DEBUG Test worker     d.u.i.k.n.KeyIO           Load declarations of de.uka.ilkd.key.nparser.KeyAst$File:  <unknown>:1#1 
212123     INFO  Test worker     d.u.i.k.n.KeyIO           MODE: declarations took 0 ms 
212123     DEBUG Test worker     d.u.i.k.n.KeyIO           MODE: 2nd degree decls took 0 
212123     DEBUG Test worker     d.u.i.k.n.KeyIO           MODE: taclets took 0ms 
213115     INFO  Test worker     d.u.i.k.n.KeyIO           Parsing took 0 ms 
213115     DEBUG Test worker     d.u.i.k.n.KeyIO           Load declarations of de.uka.ilkd.key.nparser.KeyAst$File:  <unknown>:1#1 
213116     INFO  Test worker     d.u.i.k.n.KeyIO           MODE: declarations took 1 ms 
213116     DEBUG Test worker     d.u.i.k.n.KeyIO           MODE: 2nd degree decls took 0 
213116     DEBUG Test worker     d.u.i.k.n.KeyIO           MODE: taclets took 0ms 
214051     INFO  Test worker     d.u.i.k.n.KeyIO           Parsing took 0 ms 
214051     DEBUG Test worker     d.u.i.k.n.KeyIO           Load declarations of de.uka.ilkd.key.nparser.KeyAst$File:  <unknown>:1#1 
214051     INFO  Test worker     d.u.i.k.n.KeyIO           MODE: declarations took 0 ms 
214051     DEBUG Test worker     d.u.i.k.n.KeyIO           MODE: 2nd degree decls took 0 
214051     DEBUG Test worker     d.u.i.k.n.KeyIO           MODE: taclets took 0ms 
215033     INFO  Test worker     d.u.i.k.n.KeyIO           Parsing took 0 ms 
215033     DEBUG Test worker     d.u.i.k.n.KeyIO           Load declarations of de.uka.ilkd.key.nparser.KeyAst$File:  <unknown>:1#1 
215033     INFO  Test worker     d.u.i.k.n.KeyIO           MODE: declarations took 0 ms 
215033     DEBUG Test worker     d.u.i.k.n.KeyIO           MODE: 2nd degree decls took 0 
215033     DEBUG Test worker     d.u.i.k.n.KeyIO           MODE: taclets took 0ms 
216025     INFO  Test worker     d.u.i.k.n.KeyIO           Parsing took 0 ms 
216025     DEBUG Test worker     d.u.i.k.n.KeyIO           Load declarations of de.uka.ilkd.key.nparser.KeyAst$File:  <unknown>:1#1 
216025     INFO  Test worker     d.u.i.k.n.KeyIO           MODE: declarations took 0 ms 
216025     DEBUG Test worker     d.u.i.k.n.KeyIO           MODE: 2nd degree decls took 0 
216025     DEBUG Test worker     d.u.i.k.n.KeyIO           MODE: taclets took 0ms 
216948     INFO  Test worker     d.u.i.k.n.KeyIO           Parsing took 0 ms 
216948     DEBUG Test worker     d.u.i.k.n.KeyIO           Load declarations of de.uka.ilkd.key.nparser.KeyAst$File:  <unknown>:1#1 
216948     INFO  Test worker     d.u.i.k.n.KeyIO           MODE: declarations took 0 ms 
216948     DEBUG Test worker     d.u.i.k.n.KeyIO           MODE: 2nd degree decls took 0 
216948     DEBUG Test worker     d.u.i.k.n.KeyIO           MODE: taclets took 0ms 
217918     INFO  Test worker     d.u.i.k.n.KeyIO           Parsing took 0 ms 
217919     DEBUG Test worker     d.u.i.k.n.KeyIO           Load declarations of de.uka.ilkd.key.nparser.KeyAst$File:  <unknown>:1#1 
217919     INFO  Test worker     d.u.i.k.n.KeyIO           MODE: declarations took 0 ms 
217919     DEBUG Test worker     d.u.i.k.n.KeyIO           MODE: 2nd degree decls took 0 
217919     DEBUG Test worker     d.u.i.k.n.KeyIO           MODE: taclets took 0ms 
218892     INFO  Test worker     d.u.i.k.n.KeyIO           Parsing took 0 ms 
218892     DEBUG Test worker     d.u.i.k.n.KeyIO           Load declarations of de.uka.ilkd.key.nparser.KeyAst$File:  <unknown>:1#1 
218892     INFO  Test worker     d.u.i.k.n.KeyIO           MODE: declarations took 0 ms 
218893     DEBUG Test worker     d.u.i.k.n.KeyIO           MODE: 2nd degree decls took 1 
218893     DEBUG Test worker     d.u.i.k.n.KeyIO           MODE: taclets took 0ms 
219872     INFO  Test worker     d.u.i.k.n.KeyIO           Parsing took 0 ms 
219872     DEBUG Test worker     d.u.i.k.n.KeyIO           Load declarations of de.uka.ilkd.key.nparser.KeyAst$File:  <unknown>:1#1 
219872     INFO  Test worker     d.u.i.k.n.KeyIO           MODE: declarations took 0 ms 
219872     DEBUG Test worker     d.u.i.k.n.KeyIO           MODE: 2nd degree decls took 0 
219872     DEBUG Test worker     d.u.i.k.n.KeyIO           MODE: taclets took 0ms 
220775     INFO  Test worker     d.u.i.k.n.KeyIO           Parsing took 0 ms 
220775     DEBUG Test worker     d.u.i.k.n.KeyIO           Load declarations of de.uka.ilkd.key.nparser.KeyAst$File:  <unknown>:1#1 
220776     INFO  Test worker     d.u.i.k.n.KeyIO           MODE: declarations took 1 ms 
220776     DEBUG Test worker     d.u.i.k.n.KeyIO           MODE: 2nd degree decls took 0 
220776     DEBUG Test worker     d.u.i.k.n.KeyIO           MODE: taclets took 0ms 
221743     INFO  Test worker     d.u.i.k.n.KeyIO           Parsing took 1 ms 
221743     DEBUG Test worker     d.u.i.k.n.KeyIO           Load declarations of de.uka.ilkd.key.nparser.KeyAst$File:  <unknown>:1#1 
221743     INFO  Test worker     d.u.i.k.n.KeyIO           MODE: declarations took 0 ms 
221743     DEBUG Test worker     d.u.i.k.n.KeyIO           MODE: 2nd degree decls took 0 
221743     DEBUG Test worker     d.u.i.k.n.KeyIO           MODE: taclets took 0ms 
222714     INFO  Test worker     d.u.i.k.n.KeyIO           Parsing took 0 ms 
222714     DEBUG Test worker     d.u.i.k.n.KeyIO           Load declarations of de.uka.ilkd.key.nparser.KeyAst$File:  <unknown>:1#1 
222714     INFO  Test worker     d.u.i.k.n.KeyIO           MODE: declarations took 0 ms 
222714     DEBUG Test worker     d.u.i.k.n.KeyIO           MODE: 2nd degree decls took 0 
222714     DEBUG Test worker     d.u.i.k.n.KeyIO           MODE: taclets took 0ms 
]]></system-out>
  <system-err><![CDATA[]]></system-err>
</testsuite>
