<?xml version="1.0" encoding="UTF-8"?>
<testsuite name="de.uka.ilkd.key.proof.TestOneStepSimplifier" tests="1" skipped="0" failures="0" errors="0" timestamp="2023-05-09T12:43:16" hostname="fv-az792-56" time="3.938">
  <properties/>
  <testcase name="loadWithRestriction()" classname="de.uka.ilkd.key.proof.TestOneStepSimplifier" time="3.938"/>
  <system-out><![CDATA[432683     INFO  Test worker     d.u.i.k.p.i.AbstractProblemLoader Loading environment from src/test/resources/testcase/ossRestriction.proof 
432683     DEBUG Test worker     d.u.i.k.p.i.AbstractProblemLoader Environment load took 74.8ns 
432684     INFO  Test worker     d.u.i.k.p.i.AbstractProblemLoader Creating init config 
432807     DEBUG Test worker     d.u.i.k.j.TypeConverter   No LDT found for Meta 
432807     DEBUG Test worker     d.u.i.k.j.TypeConverter   No LDT found for Meta 
432808     DEBUG Test worker     d.u.i.k.j.TypeConverter   No LDT found for Meta 
432808     DEBUG Test worker     d.u.i.k.j.TypeConverter   No LDT found for Meta 
433325     DEBUG Test worker     d.u.i.k.j.TypeConverter   No LDT found for JavaBigintExpression 
436595     DEBUG Test worker     d.u.i.k.p.i.AbstractProblemLoader Init config took 3.91s 
436616     INFO  Test worker     d.u.i.k.p.i.AbstractProblemLoader Replaying proof ossRestriction.proof 
436620     DEBUG Test worker     d.u.i.k.p.i.IntermediateProofReplayer Proof replay took 1.94ms 
]]></system-out>
  <system-err><![CDATA[]]></system-err>
</testsuite>
