<?xml version="1.0" encoding="UTF-8"?>
<testsuite name="de.uka.ilkd.key.taclettranslation.TestTacletTranslator" tests="5" skipped="0" failures="0" errors="0" timestamp="2023-05-09T12:48:50" hostname="fv-az792-56" time="0.014">
  <properties/>
  <testcase name="testPropositional1()" classname="de.uka.ilkd.key.taclettranslation.TestTacletTranslator" time="0.003"/>
  <testcase name="testPropositional2()" classname="de.uka.ilkd.key.taclettranslation.TestTacletTranslator" time="0.001"/>
  <testcase name="testNegativePolarity()" classname="de.uka.ilkd.key.taclettranslation.TestTacletTranslator" time="0.001"/>
  <testcase name="testNoPolarity()" classname="de.uka.ilkd.key.taclettranslation.TestTacletTranslator" time="0.004"/>
  <testcase name="testPositivePolarity()" classname="de.uka.ilkd.key.taclettranslation.TestTacletTranslator" time="0.002"/>
  <system-out><![CDATA[766424     INFO  Test worker     d.u.i.k.n.KeyIO           Parsing took 0 ms 
766424     DEBUG Test worker     d.u.i.k.n.KeyIO           Load declarations of de.uka.ilkd.key.nparser.KeyAst$File:  <unknown>:1#1 
766424     INFO  Test worker     d.u.i.k.n.KeyIO           MODE: declarations took 0 ms 
766424     DEBUG Test worker     d.u.i.k.n.KeyIO           MODE: 2nd degree decls took 0 
766424     DEBUG Test worker     d.u.i.k.n.KeyIO           MODE: taclets took 0ms 
766427     INFO  Test worker     d.u.i.k.n.KeyIO           Parsing took 0 ms 
766427     DEBUG Test worker     d.u.i.k.n.KeyIO           Load declarations of de.uka.ilkd.key.nparser.KeyAst$File:  <unknown>:1#1 
766427     INFO  Test worker     d.u.i.k.n.KeyIO           MODE: declarations took 0 ms 
766427     DEBUG Test worker     d.u.i.k.n.KeyIO           MODE: 2nd degree decls took 0 
766427     DEBUG Test worker     d.u.i.k.n.KeyIO           MODE: taclets took 0ms 
766428     INFO  Test worker     d.u.i.k.n.KeyIO           Parsing took 0 ms 
766428     DEBUG Test worker     d.u.i.k.n.KeyIO           Load declarations of de.uka.ilkd.key.nparser.KeyAst$File:  <unknown>:1#1 
766428     INFO  Test worker     d.u.i.k.n.KeyIO           MODE: declarations took 0 ms 
766428     DEBUG Test worker     d.u.i.k.n.KeyIO           MODE: 2nd degree decls took 0 
766428     DEBUG Test worker     d.u.i.k.n.KeyIO           MODE: taclets took 0ms 
766430     INFO  Test worker     d.u.i.k.n.KeyIO           Parsing took 0 ms 
766430     DEBUG Test worker     d.u.i.k.n.KeyIO           Load declarations of de.uka.ilkd.key.nparser.KeyAst$File:  <unknown>:1#1 
766430     INFO  Test worker     d.u.i.k.n.KeyIO           MODE: declarations took 0 ms 
766430     DEBUG Test worker     d.u.i.k.n.KeyIO           MODE: 2nd degree decls took 0 
766434     DEBUG Test worker     d.u.i.k.n.KeyIO           MODE: taclets took 1ms 
766435     INFO  Test worker     d.u.i.k.n.KeyIO           Parsing took 0 ms 
766435     DEBUG Test worker     d.u.i.k.n.KeyIO           Load declarations of de.uka.ilkd.key.nparser.KeyAst$File:  <unknown>:1#1 
766436     INFO  Test worker     d.u.i.k.n.KeyIO           MODE: declarations took 1 ms 
766436     DEBUG Test worker     d.u.i.k.n.KeyIO           MODE: 2nd degree decls took 0 
766436     DEBUG Test worker     d.u.i.k.n.KeyIO           MODE: taclets took 0ms 
]]></system-out>
  <system-err><![CDATA[]]></system-err>
</testsuite>
