<?xml version="1.0" encoding="UTF-8"?>
<testsuite name="de.uka.ilkd.key.java.TestContextStatementBlock" tests="1" skipped="0" failures="0" errors="0" timestamp="2023-05-09T12:36:26" hostname="fv-az792-56" time="1.224">
  <properties/>
  <testcase name="testContextTermInstantiation()" classname="de.uka.ilkd.key.java.TestContextStatementBlock" time="1.224"/>
  <system-out><![CDATA[23733      INFO  Test worker     d.u.i.k.n.KeyIO           Parsing took 3 ms 
23733      DEBUG Test worker     d.u.i.k.n.KeyIO           Load declarations of de.uka.ilkd.key.nparser.KeyAst$File:  /home/runner/work/key/key/key.core/src/test/resources/testcase/testrules.key:9#1 
23734      INFO  Test worker     d.u.i.k.n.KeyIO           MODE: declarations took 1 ms 
23735      DEBUG Test worker     d.u.i.k.n.KeyIO           MODE: 2nd degree decls took 0 
23863      DEBUG Test worker     d.u.i.k.n.KeyIO           MODE: taclets took 128ms 
]]></system-out>
  <system-err><![CDATA[]]></system-err>
</testsuite>
