<?xml version="1.0" encoding="UTF-8"?>
<testsuite name="de.uka.ilkd.key.macros.scripts.ScriptLineParserTest" tests="1" skipped="0" failures="0" errors="0" timestamp="2023-05-09T12:39:01" hostname="fv-az792-56" time="0.004">
  <properties/>
  <testcase name="test()" classname="de.uka.ilkd.key.macros.scripts.ScriptLineParserTest" time="0.004"/>
  <system-out><![CDATA[178233     INFO  Test worker     d.u.i.k.m.s.ScriptLineParserTest {key1=value1, #3=long defvalue, key2=value two, #literal=macro key1=value1 key2="value two" defval3 "long defvalue", #1=macro, #2=defval3} 
178233     INFO  Test worker     d.u.i.k.m.s.ScriptLineParserTest {#literal=command, #1=command} 
178234     INFO  Test worker     d.u.i.k.m.s.ScriptLineParserTest {with=line breaks in 
 values, #literal=multiline 
 command 
 with="line breaks in 
 values", #1=multiline, #2=command} 
178235     INFO  Test worker     d.u.i.k.m.s.ScriptLineParserTest {#literal=select formula="a;b", formula=a;b, #1=select} 
178236     INFO  Test worker     d.u.i.k.m.s.ScriptLineParserTest {#literal=hyphened-command, #1=hyphened-command} 
]]></system-out>
  <system-err><![CDATA[]]></system-err>
</testsuite>
