<?xml version="1.0" encoding="UTF-8"?>
<testsuite name="de.uka.ilkd.key.logic.TestClashFreeSubst" tests="14" skipped="2" failures="0" errors="0" timestamp="2023-05-09T12:36:41" hostname="fv-az792-56" time="52.053">
  <properties/>
  <testcase name="testMultiShareBound()" classname="de.uka.ilkd.key.logic.TestClashFreeSubst" time="1.028"/>
  <testcase name="testClash()" classname="de.uka.ilkd.key.logic.TestClashFreeSubst" time="0.986"/>
  <testcase name="testShare()" classname="de.uka.ilkd.key.logic.TestClashFreeSubst" time="0.999"/>
  <testcase name="testSubst()" classname="de.uka.ilkd.key.logic.TestClashFreeSubst" time="0.977"/>
  <testcase name="testWary0()" classname="de.uka.ilkd.key.logic.TestClashFreeSubst" time="0.942"/>
  <testcase name="testWary1()" classname="de.uka.ilkd.key.logic.TestClashFreeSubst" time="0.964"/>
  <testcase name="testWary2()" classname="de.uka.ilkd.key.logic.TestClashFreeSubst" time="0.981"/>
  <testcase name="testClashInSubstTerm()" classname="de.uka.ilkd.key.logic.TestClashFreeSubst" time="0.924"/>
  <testcase name="testShareWary()" classname="de.uka.ilkd.key.logic.TestClashFreeSubst" time="0.92"/>
  <testcase name="testMultiSubst()" classname="de.uka.ilkd.key.logic.TestClashFreeSubst" time="0.956"/>
  <testcase name="xtestMultiClash()" classname="de.uka.ilkd.key.logic.TestClashFreeSubst" time="0.0">
    <skipped/>
  </testcase>
  <testcase name="testSubstInSubstTerm()" classname="de.uka.ilkd.key.logic.TestClashFreeSubst" time="0.921"/>
  <testcase name="testSubstWary()" classname="de.uka.ilkd.key.logic.TestClashFreeSubst" time="0.911"/>
  <testcase name="xtestMultiClash1()" classname="de.uka.ilkd.key.logic.TestClashFreeSubst" time="0.0">
    <skipped/>
  </testcase>
  <system-out><![CDATA[37894      INFO  Test worker     d.u.i.k.n.KeyIO           Parsing took 0 ms 
37894      DEBUG Test worker     d.u.i.k.n.KeyIO           Load declarations of de.uka.ilkd.key.nparser.KeyAst$File:  <unknown>:1#1 
37895      INFO  Test worker     d.u.i.k.n.KeyIO           MODE: declarations took 1 ms 
37895      DEBUG Test worker     d.u.i.k.n.KeyIO           MODE: 2nd degree decls took 0 
38916      INFO  Test worker     d.u.i.k.n.KeyIO           Parsing took 0 ms 
38916      DEBUG Test worker     d.u.i.k.n.KeyIO           Load declarations of de.uka.ilkd.key.nparser.KeyAst$File:  <unknown>:1#1 
38917      INFO  Test worker     d.u.i.k.n.KeyIO           MODE: declarations took 1 ms 
38917      DEBUG Test worker     d.u.i.k.n.KeyIO           MODE: 2nd degree decls took 0 
42116      INFO  Test worker     d.u.i.k.n.KeyIO           Parsing took 0 ms 
42116      DEBUG Test worker     d.u.i.k.n.KeyIO           Load declarations of de.uka.ilkd.key.nparser.KeyAst$File:  <unknown>:1#1 
42118      INFO  Test worker     d.u.i.k.n.KeyIO           MODE: declarations took 2 ms 
42118      DEBUG Test worker     d.u.i.k.n.KeyIO           MODE: 2nd degree decls took 0 
43091      INFO  Test worker     d.u.i.k.n.KeyIO           Parsing took 1 ms 
43091      DEBUG Test worker     d.u.i.k.n.KeyIO           Load declarations of de.uka.ilkd.key.nparser.KeyAst$File:  <unknown>:1#1 
43091      INFO  Test worker     d.u.i.k.n.KeyIO           MODE: declarations took 0 ms 
43091      DEBUG Test worker     d.u.i.k.n.KeyIO           MODE: 2nd degree decls took 0 
46227      INFO  Test worker     d.u.i.k.n.KeyIO           Parsing took 0 ms 
46227      DEBUG Test worker     d.u.i.k.n.KeyIO           Load declarations of de.uka.ilkd.key.nparser.KeyAst$File:  <unknown>:1#1 
46229      INFO  Test worker     d.u.i.k.n.KeyIO           MODE: declarations took 2 ms 
46230      DEBUG Test worker     d.u.i.k.n.KeyIO           MODE: 2nd degree decls took 1 
47222      INFO  Test worker     d.u.i.k.n.KeyIO           Parsing took 0 ms 
47223      DEBUG Test worker     d.u.i.k.n.KeyIO           Load declarations of de.uka.ilkd.key.nparser.KeyAst$File:  <unknown>:1#1 
47224      INFO  Test worker     d.u.i.k.n.KeyIO           MODE: declarations took 1 ms 
47224      DEBUG Test worker     d.u.i.k.n.KeyIO           MODE: 2nd degree decls took 0 
50476      INFO  Test worker     d.u.i.k.n.KeyIO           Parsing took 0 ms 
50476      DEBUG Test worker     d.u.i.k.n.KeyIO           Load declarations of de.uka.ilkd.key.nparser.KeyAst$File:  <unknown>:1#1 
50476      INFO  Test worker     d.u.i.k.n.KeyIO           MODE: declarations took 0 ms 
50476      DEBUG Test worker     d.u.i.k.n.KeyIO           MODE: 2nd degree decls took 0 
51451      INFO  Test worker     d.u.i.k.n.KeyIO           Parsing took 1 ms 
51451      DEBUG Test worker     d.u.i.k.n.KeyIO           Load declarations of de.uka.ilkd.key.nparser.KeyAst$File:  <unknown>:1#1 
51451      INFO  Test worker     d.u.i.k.n.KeyIO           MODE: declarations took 0 ms 
51451      DEBUG Test worker     d.u.i.k.n.KeyIO           MODE: 2nd degree decls took 0 
54584      INFO  Test worker     d.u.i.k.n.KeyIO           Parsing took 0 ms 
54584      DEBUG Test worker     d.u.i.k.n.KeyIO           Load declarations of de.uka.ilkd.key.nparser.KeyAst$File:  <unknown>:1#1 
54584      INFO  Test worker     d.u.i.k.n.KeyIO           MODE: declarations took 0 ms 
54584      DEBUG Test worker     d.u.i.k.n.KeyIO           MODE: 2nd degree decls took 0 
55523      INFO  Test worker     d.u.i.k.n.KeyIO           Parsing took 0 ms 
55523      DEBUG Test worker     d.u.i.k.n.KeyIO           Load declarations of de.uka.ilkd.key.nparser.KeyAst$File:  <unknown>:1#1 
55523      INFO  Test worker     d.u.i.k.n.KeyIO           MODE: declarations took 0 ms 
55523      DEBUG Test worker     d.u.i.k.n.KeyIO           MODE: 2nd degree decls took 0 
58627      INFO  Test worker     d.u.i.k.n.KeyIO           Parsing took 0 ms 
58627      DEBUG Test worker     d.u.i.k.n.KeyIO           Load declarations of de.uka.ilkd.key.nparser.KeyAst$File:  <unknown>:1#1 
58627      INFO  Test worker     d.u.i.k.n.KeyIO           MODE: declarations took 0 ms 
58627      DEBUG Test worker     d.u.i.k.n.KeyIO           MODE: 2nd degree decls took 0 
59588      INFO  Test worker     d.u.i.k.n.KeyIO           Parsing took 0 ms 
59588      DEBUG Test worker     d.u.i.k.n.KeyIO           Load declarations of de.uka.ilkd.key.nparser.KeyAst$File:  <unknown>:1#1 
59588      INFO  Test worker     d.u.i.k.n.KeyIO           MODE: declarations took 0 ms 
59588      DEBUG Test worker     d.u.i.k.n.KeyIO           MODE: 2nd degree decls took 0 
62802      INFO  Test worker     d.u.i.k.n.KeyIO           Parsing took 0 ms 
62803      DEBUG Test worker     d.u.i.k.n.KeyIO           Load declarations of de.uka.ilkd.key.nparser.KeyAst$File:  <unknown>:1#1 
62804      INFO  Test worker     d.u.i.k.n.KeyIO           MODE: declarations took 1 ms 
62805      DEBUG Test worker     d.u.i.k.n.KeyIO           MODE: 2nd degree decls took 0 
63773      INFO  Test worker     d.u.i.k.n.KeyIO           Parsing took 0 ms 
63773      DEBUG Test worker     d.u.i.k.n.KeyIO           Load declarations of de.uka.ilkd.key.nparser.KeyAst$File:  <unknown>:1#1 
63773      INFO  Test worker     d.u.i.k.n.KeyIO           MODE: declarations took 0 ms 
63774      DEBUG Test worker     d.u.i.k.n.KeyIO           MODE: 2nd degree decls took 1 
66850      INFO  Test worker     d.u.i.k.n.KeyIO           Parsing took 0 ms 
66850      DEBUG Test worker     d.u.i.k.n.KeyIO           Load declarations of de.uka.ilkd.key.nparser.KeyAst$File:  <unknown>:1#1 
66850      INFO  Test worker     d.u.i.k.n.KeyIO           MODE: declarations took 0 ms 
66850      DEBUG Test worker     d.u.i.k.n.KeyIO           MODE: 2nd degree decls took 0 
67766      INFO  Test worker     d.u.i.k.n.KeyIO           Parsing took 0 ms 
67767      DEBUG Test worker     d.u.i.k.n.KeyIO           Load declarations of de.uka.ilkd.key.nparser.KeyAst$File:  <unknown>:1#1 
67767      INFO  Test worker     d.u.i.k.n.KeyIO           MODE: declarations took 0 ms 
67768      DEBUG Test worker     d.u.i.k.n.KeyIO           MODE: 2nd degree decls took 0 
70842      INFO  Test worker     d.u.i.k.n.KeyIO           Parsing took 0 ms 
70842      DEBUG Test worker     d.u.i.k.n.KeyIO           Load declarations of de.uka.ilkd.key.nparser.KeyAst$File:  <unknown>:1#1 
70842      INFO  Test worker     d.u.i.k.n.KeyIO           MODE: declarations took 0 ms 
70842      DEBUG Test worker     d.u.i.k.n.KeyIO           MODE: 2nd degree decls took 0 
71760      INFO  Test worker     d.u.i.k.n.KeyIO           Parsing took 0 ms 
71760      DEBUG Test worker     d.u.i.k.n.KeyIO           Load declarations of de.uka.ilkd.key.nparser.KeyAst$File:  <unknown>:1#1 
71760      INFO  Test worker     d.u.i.k.n.KeyIO           MODE: declarations took 0 ms 
71760      DEBUG Test worker     d.u.i.k.n.KeyIO           MODE: 2nd degree decls took 0 
74837      INFO  Test worker     d.u.i.k.n.KeyIO           Parsing took 0 ms 
74837      DEBUG Test worker     d.u.i.k.n.KeyIO           Load declarations of de.uka.ilkd.key.nparser.KeyAst$File:  <unknown>:1#1 
74837      INFO  Test worker     d.u.i.k.n.KeyIO           MODE: declarations took 0 ms 
74837      DEBUG Test worker     d.u.i.k.n.KeyIO           MODE: 2nd degree decls took 0 
75790      INFO  Test worker     d.u.i.k.n.KeyIO           Parsing took 0 ms 
75790      DEBUG Test worker     d.u.i.k.n.KeyIO           Load declarations of de.uka.ilkd.key.nparser.KeyAst$File:  <unknown>:1#1 
75790      INFO  Test worker     d.u.i.k.n.KeyIO           MODE: declarations took 0 ms 
75790      DEBUG Test worker     d.u.i.k.n.KeyIO           MODE: 2nd degree decls took 0 
81975      INFO  Test worker     d.u.i.k.n.KeyIO           Parsing took 0 ms 
81976      DEBUG Test worker     d.u.i.k.n.KeyIO           Load declarations of de.uka.ilkd.key.nparser.KeyAst$File:  <unknown>:1#1 
81976      INFO  Test worker     d.u.i.k.n.KeyIO           MODE: declarations took 0 ms 
81976      DEBUG Test worker     d.u.i.k.n.KeyIO           MODE: 2nd degree decls took 0 
82895      INFO  Test worker     d.u.i.k.n.KeyIO           Parsing took 0 ms 
82895      DEBUG Test worker     d.u.i.k.n.KeyIO           Load declarations of de.uka.ilkd.key.nparser.KeyAst$File:  <unknown>:1#1 
82895      INFO  Test worker     d.u.i.k.n.KeyIO           MODE: declarations took 0 ms 
82895      DEBUG Test worker     d.u.i.k.n.KeyIO           MODE: 2nd degree decls took 0 
85958      INFO  Test worker     d.u.i.k.n.KeyIO           Parsing took 1 ms 
85958      DEBUG Test worker     d.u.i.k.n.KeyIO           Load declarations of de.uka.ilkd.key.nparser.KeyAst$File:  <unknown>:1#1 
85958      INFO  Test worker     d.u.i.k.n.KeyIO           MODE: declarations took 0 ms 
85958      DEBUG Test worker     d.u.i.k.n.KeyIO           MODE: 2nd degree decls took 0 
86865      INFO  Test worker     d.u.i.k.n.KeyIO           Parsing took 0 ms 
86866      DEBUG Test worker     d.u.i.k.n.KeyIO           Load declarations of de.uka.ilkd.key.nparser.KeyAst$File:  <unknown>:1#1 
86866      INFO  Test worker     d.u.i.k.n.KeyIO           MODE: declarations took 0 ms 
86866      DEBUG Test worker     d.u.i.k.n.KeyIO           MODE: 2nd degree decls took 0 
]]></system-out>
  <system-err><![CDATA[]]></system-err>
</testsuite>
