<?xml version="1.0" encoding="UTF-8"?>
<testsuite name="de.uka.ilkd.key.rule.merge.PredicateAbstractionLatticeTests" tests="3" skipped="0" failures="0" errors="0" timestamp="2023-05-09T12:44:13" hostname="fv-az792-56" time="5.982">
  <properties/>
  <testcase name="testToAndFromString()" classname="de.uka.ilkd.key.rule.merge.PredicateAbstractionLatticeTests" time="2.973"/>
  <testcase name="testCreateSignLatticeWithPredicates()" classname="de.uka.ilkd.key.rule.merge.PredicateAbstractionLatticeTests" time="3.009"/>
  <testcase name="testTrivialPredicatesLattice()" classname="de.uka.ilkd.key.rule.merge.PredicateAbstractionLatticeTests" time="0.0"/>
  <system-out><![CDATA[489884     INFO  Test worker     d.u.i.k.p.i.AbstractProblemLoader Loading environment from src/test/resources/testcase/merge/dummy.key 
489885     DEBUG Test worker     d.u.i.k.p.i.AbstractProblemLoader Environment load took 82.5ns 
489885     INFO  Test worker     d.u.i.k.p.i.AbstractProblemLoader Creating init config 
492838     DEBUG Test worker     d.u.i.k.p.i.AbstractProblemLoader Init config took 2.95s 
492851     INFO  Test worker     d.u.i.k.p.i.AbstractProblemLoader Replaying proof dummy.key 
492853     DEBUG Test worker     d.u.i.k.p.i.IntermediateProofReplayer Proof replay took 8.1ns 
492858     INFO  Test worker     d.u.i.k.p.i.AbstractProblemLoader Loading environment from src/test/resources/testcase/merge/dummy.key 
492859     DEBUG Test worker     d.u.i.k.p.i.AbstractProblemLoader Environment load took 338.7ns 
492859     INFO  Test worker     d.u.i.k.p.i.AbstractProblemLoader Creating init config 
495850     DEBUG Test worker     d.u.i.k.p.i.AbstractProblemLoader Init config took 2.99s 
495862     INFO  Test worker     d.u.i.k.p.i.AbstractProblemLoader Replaying proof dummy.key 
495864     DEBUG Test worker     d.u.i.k.p.i.IntermediateProofReplayer Proof replay took 8.8ns 
]]></system-out>
  <system-err><![CDATA[]]></system-err>
</testsuite>
