<?xml version="1.0" encoding="UTF-8"?>
<testsuite name="de.uka.ilkd.key.util.TestProofStarter" tests="2" skipped="0" failures="0" errors="0" timestamp="2023-05-09T12:48:50" hostname="fv-az792-56" time="62.378">
  <properties/>
  <testcase name="testDirectProofWithOneStepSimplification()" classname="de.uka.ilkd.key.util.TestProofStarter" time="35.133"/>
  <testcase name="testDirectProof()" classname="de.uka.ilkd.key.util.TestProofStarter" time="27.245"/>
  <system-out><![CDATA[766991     INFO  Test worker     d.u.i.k.p.i.AbstractProblemLoader Loading environment from src/test/resources/testcase/proofStarter/CC/project.key 
766991     DEBUG Test worker     d.u.i.k.p.i.AbstractProblemLoader Environment load took 103.1ns 
766992     INFO  Test worker     d.u.i.k.p.i.AbstractProblemLoader Creating init config 
767166     DEBUG Test worker     d.u.i.k.j.TypeConverter   No LDT found for Meta 
767166     DEBUG Test worker     d.u.i.k.j.TypeConverter   No LDT found for Meta 
767167     DEBUG Test worker     d.u.i.k.j.TypeConverter   No LDT found for Meta 
767167     DEBUG Test worker     d.u.i.k.j.TypeConverter   No LDT found for Meta 
768088     DEBUG Test worker     d.u.i.k.j.TypeConverter   No LDT found for JavaBigintExpression 
773508     DEBUG Test worker     d.u.i.k.p.i.AbstractProblemLoader Init config took 6.52s 
773588     INFO  Test worker     d.u.i.k.p.i.AbstractProblemLoader Replaying proof CC[CC::calcCoinIndex([I,[I)].JML normal_behavior operation contract.0 
773593     DEBUG Test worker     d.u.i.k.p.i.IntermediateProofReplayer Proof replay took 9.9ns 
773619     DEBUG Test worker     d.u.i.k.j.JavaProgramElement Program match failed (pattern true;, source null;) 
773620     DEBUG Test worker     d.u.i.k.j.JavaProgramElement Program match failed (pattern false;, source null;) 
773620     DEBUG Test worker     d.u.i.k.j.JavaProgramElement Program match failed (pattern true;, source null;) 
773620     DEBUG Test worker     d.u.i.k.j.JavaProgramElement Program match failed (pattern false;, source null;) 
773630     DEBUG Test worker     d.u.i.k.j.JavaProgramElement Program match failed (pattern true;, source null;) 
773636     DEBUG Test worker     d.u.i.k.j.JavaProgramElement Program match failed (pattern false;, source null;) 
773637     DEBUG Test worker     d.u.i.k.j.JavaProgramElement Program match failed (pattern true;, source null;) 
773637     DEBUG Test worker     d.u.i.k.j.JavaProgramElement Program match failed (pattern false;, source null;) 
773641     DEBUG Test worker     d.u.i.k.j.JavaProgramElement Program match failed (pattern true;, source null;) 
773641     DEBUG Test worker     d.u.i.k.j.JavaProgramElement Program match failed (pattern false;, source null;) 
773642     DEBUG Test worker     d.u.i.k.j.JavaProgramElement Program match failed (pattern true;, source null;) 
773642     DEBUG Test worker     d.u.i.k.j.JavaProgramElement Program match failed (pattern false;, source null;) 
773660     DEBUG Test worker     d.u.i.k.j.JavaProgramElement Program match failed (pattern true;, source null;) 
773661     DEBUG Test worker     d.u.i.k.j.JavaProgramElement Program match failed (pattern false;, source null;) 
773662     DEBUG Test worker     d.u.i.k.j.JavaProgramElement Program match failed (pattern true;, source null;) 
773662     DEBUG Test worker     d.u.i.k.j.JavaProgramElement Program match failed (pattern false;, source null;) 
773669     DEBUG Test worker     d.u.i.k.j.JavaProgramElement Program match failed (pattern true;, source null;) 
773669     DEBUG Test worker     d.u.i.k.j.JavaProgramElement Program match failed (pattern false;, source null;) 
773670     DEBUG Test worker     d.u.i.k.j.JavaProgramElement Program match failed (pattern true;, source null;) 
773670     DEBUG Test worker     d.u.i.k.j.JavaProgramElement Program match failed (pattern false;, source null;) 
773673     DEBUG Test worker     d.u.i.k.j.JavaProgramElement Program match failed (pattern true;, source null;) 
773674     DEBUG Test worker     d.u.i.k.j.JavaProgramElement Program match failed (pattern false;, source null;) 
773674     DEBUG Test worker     d.u.i.k.j.JavaProgramElement Program match failed (pattern true;, source null;) 
773674     DEBUG Test worker     d.u.i.k.j.JavaProgramElement Program match failed (pattern false;, source null;) 
773705     DEBUG Test worker     d.u.i.k.j.JavaProgramElement Program match failed (pattern true;, source null;) 
773706     DEBUG Test worker     d.u.i.k.j.JavaProgramElement Program match failed (pattern false;, source null;) 
773706     DEBUG Test worker     d.u.i.k.j.JavaProgramElement Program match failed (pattern true;, source null;) 
773706     DEBUG Test worker     d.u.i.k.j.JavaProgramElement Program match failed (pattern false;, source null;) 
773710     DEBUG Test worker     d.u.i.k.j.JavaProgramElement Program match failed (pattern true;, source null;) 
773710     DEBUG Test worker     d.u.i.k.j.JavaProgramElement Program match failed (pattern false;, source null;) 
773711     DEBUG Test worker     d.u.i.k.j.JavaProgramElement Program match failed (pattern true;, source null;) 
773711     DEBUG Test worker     d.u.i.k.j.JavaProgramElement Program match failed (pattern false;, source null;) 
773715     DEBUG Test worker     d.u.i.k.j.JavaProgramElement Program match failed (pattern true;, source null;) 
773715     DEBUG Test worker     d.u.i.k.j.JavaProgramElement Program match failed (pattern false;, source null;) 
773716     DEBUG Test worker     d.u.i.k.j.JavaProgramElement Program match failed (pattern true;, source null;) 
773716     DEBUG Test worker     d.u.i.k.j.JavaProgramElement Program match failed (pattern false;, source null;) 
773885     DEBUG Test worker     d.u.i.k.j.JavaProgramElement Program match failed (pattern true;, source 0) 
773886     DEBUG Test worker     d.u.i.k.j.JavaProgramElement Program match failed (pattern false;, source 0) 
773886     DEBUG Test worker     d.u.i.k.j.JavaProgramElement Program match failed (pattern true;, source 0) 
773886     DEBUG Test worker     d.u.i.k.j.JavaProgramElement Program match failed (pattern false;, source 0) 
773898     DEBUG Test worker     d.u.i.k.j.JavaProgramElement Program match failed (pattern true;, source 0) 
773898     DEBUG Test worker     d.u.i.k.j.JavaProgramElement Program match failed (pattern false;, source 0) 
773898     DEBUG Test worker     d.u.i.k.j.JavaProgramElement Program match failed (pattern true;, source 0) 
773899     DEBUG Test worker     d.u.i.k.j.JavaProgramElement Program match failed (pattern false;, source 0) 
773910     DEBUG Test worker     d.u.i.k.j.JavaProgramElement Program match failed (pattern true;, source 0) 
773910     DEBUG Test worker     d.u.i.k.j.JavaProgramElement Program match failed (pattern false;, source 0) 
773910     DEBUG Test worker     d.u.i.k.j.JavaProgramElement Program match failed (pattern true;, source 0) 
773911     DEBUG Test worker     d.u.i.k.j.JavaProgramElement Program match failed (pattern false;, source 0) 
774040     DEBUG Test worker     d.u.i.k.j.JavaProgramElement Program match failed (pattern true;, source i < _a.length && j < _b.length;) 
774041     DEBUG Test worker     d.u.i.k.j.JavaProgramElement Program match failed (pattern false;, source i < _a.length && j < _b.length;) 
774041     DEBUG Test worker     d.u.i.k.j.JavaProgramElement Program match failed (pattern true;, source i < _a.length && j < _b.length;) 
774041     DEBUG Test worker     d.u.i.k.j.JavaProgramElement Program match failed (pattern false;, source i < _a.length && j < _b.length;) 
774210     DEBUG Test worker     d.u.i.k.j.JavaProgramElement Program match failed (pattern true;, source !i < _a.length;) 
774211     DEBUG Test worker     d.u.i.k.j.JavaProgramElement Program match failed (pattern false;, source !i < _a.length;) 
774211     DEBUG Test worker     d.u.i.k.j.JavaProgramElement Program match failed (pattern true;, source !i < _a.length;) 
774211     DEBUG Test worker     d.u.i.k.j.JavaProgramElement Program match failed (pattern false;, source !i < _a.length;) 
774218     DEBUG Test worker     d.u.i.k.j.JavaProgramElement Program match failed (pattern true;, source i < _a.length;) 
774219     DEBUG Test worker     d.u.i.k.j.JavaProgramElement Program match failed (pattern false;, source i < _a.length;) 
774219     DEBUG Test worker     d.u.i.k.j.JavaProgramElement Program match failed (pattern true;, source i < _a.length;) 
774220     DEBUG Test worker     d.u.i.k.j.JavaProgramElement Program match failed (pattern false;, source i < _a.length;) 
774226     DEBUG Test worker     d.u.i.k.j.JavaProgramElement Program match failed (pattern true;, source i) 
774226     DEBUG Test worker     d.u.i.k.j.JavaProgramElement Program match failed (pattern false;, source i) 
774227     DEBUG Test worker     d.u.i.k.j.JavaProgramElement Program match failed (pattern true;, source i) 
774227     DEBUG Test worker     d.u.i.k.j.JavaProgramElement Program match failed (pattern false;, source i) 
774235     DEBUG Test worker     d.u.i.k.j.JavaProgramElement Program match failed (pattern true;, source _a.length;) 
774235     DEBUG Test worker     d.u.i.k.j.JavaProgramElement Program match failed (pattern false;, source _a.length;) 
774235     DEBUG Test worker     d.u.i.k.j.JavaProgramElement Program match failed (pattern true;, source _a.length;) 
774235     DEBUG Test worker     d.u.i.k.j.JavaProgramElement Program match failed (pattern false;, source _a.length;) 
774239     DEBUG Test worker     d.u.i.k.j.JavaProgramElement Program match failed (pattern true;, source i_1 < i_2;) 
774239     DEBUG Test worker     d.u.i.k.j.JavaProgramElement Program match failed (pattern false;, source i_1 < i_2;) 
774240     DEBUG Test worker     d.u.i.k.j.JavaProgramElement Program match failed (pattern true;, source i_1 < i_2;) 
774240     DEBUG Test worker     d.u.i.k.j.JavaProgramElement Program match failed (pattern false;, source i_1 < i_2;) 
774246     DEBUG Test worker     d.u.i.k.j.JavaProgramElement Program match failed (pattern true;, source i_1 < i_2;) 
774246     DEBUG Test worker     d.u.i.k.j.JavaProgramElement Program match failed (pattern false;, source i_1 < i_2;) 
774247     DEBUG Test worker     d.u.i.k.j.JavaProgramElement Program match failed (pattern true;, source i_1 < i_2;) 
774247     DEBUG Test worker     d.u.i.k.j.JavaProgramElement Program match failed (pattern false;, source i_1 < i_2;) 
774252     DEBUG Test worker     d.u.i.k.j.JavaProgramElement Program match failed (pattern true;, source !b_2;) 
774252     DEBUG Test worker     d.u.i.k.j.JavaProgramElement Program match failed (pattern false;, source !b_2;) 
774252     DEBUG Test worker     d.u.i.k.j.JavaProgramElement Program match failed (pattern true;, source !b_2;) 
774253     DEBUG Test worker     d.u.i.k.j.JavaProgramElement Program match failed (pattern false;, source !b_2;) 
774259     DEBUG Test worker     d.u.i.k.j.JavaProgramElement Program match failed (pattern true;, source !b_2;) 
774259     DEBUG Test worker     d.u.i.k.j.JavaProgramElement Program match failed (pattern false;, source !b_2;) 
774259     DEBUG Test worker     d.u.i.k.j.JavaProgramElement Program match failed (pattern true;, source !b_2;) 
774260     DEBUG Test worker     d.u.i.k.j.JavaProgramElement Program match failed (pattern false;, source !b_2;) 
774261     DEBUG Test worker     d.u.i.k.j.JavaProgramElement Program match failed (pattern true;, source !b_2;) 
774262     DEBUG Test worker     d.u.i.k.j.JavaProgramElement Program match failed (pattern false;, source !b_2;) 
774262     DEBUG Test worker     d.u.i.k.j.JavaProgramElement Program match failed (pattern true;, source !b_2;) 
774262     DEBUG Test worker     d.u.i.k.j.JavaProgramElement Program match failed (pattern false;, source !b_2;) 
774265     DEBUG Test worker     d.u.i.k.j.JavaProgramElement Program match failed (pattern true;, source !b_2;) 
774265     DEBUG Test worker     d.u.i.k.j.JavaProgramElement Program match failed (pattern false;, source !b_2;) 
774265     DEBUG Test worker     d.u.i.k.j.JavaProgramElement Program match failed (pattern true;, source !b_2;) 
774266     DEBUG Test worker     d.u.i.k.j.JavaProgramElement Program match failed (pattern false;, source !b_2;) 
774268     DEBUG Test worker     d.u.i.k.j.JavaProgramElement Program match failed (pattern true;, source !b_2;) 
774268     DEBUG Test worker     d.u.i.k.j.JavaProgramElement Program match failed (pattern false;, source !b_2;) 
774268     DEBUG Test worker     d.u.i.k.j.JavaProgramElement Program match failed (pattern true;, source !b_2;) 
774269     DEBUG Test worker     d.u.i.k.j.JavaProgramElement Program match failed (pattern false;, source !b_2;) 
774274     DEBUG Test worker     d.u.i.k.j.JavaProgramElement Program match failed (pattern true;, source !b_2;) 
774274     DEBUG Test worker     d.u.i.k.j.JavaProgramElement Program match failed (pattern false;, source !b_2;) 
774275     DEBUG Test worker     d.u.i.k.j.JavaProgramElement Program match failed (pattern true;, source !b_2;) 
774275     DEBUG Test worker     d.u.i.k.j.JavaProgramElement Program match failed (pattern false;, source !b_2;) 
774278     DEBUG Test worker     d.u.i.k.j.JavaProgramElement Program match failed (pattern true;, source !b_2;) 
774279     DEBUG Test worker     d.u.i.k.j.JavaProgramElement Program match failed (pattern false;, source !b_2;) 
774279     DEBUG Test worker     d.u.i.k.j.JavaProgramElement Program match failed (pattern true;, source !b_2;) 
774279     DEBUG Test worker     d.u.i.k.j.JavaProgramElement Program match failed (pattern false;, source !b_2;) 
774281     DEBUG Test worker     d.u.i.k.j.JavaProgramElement Program match failed (pattern true;, source !b_2;) 
774281     DEBUG Test worker     d.u.i.k.j.JavaProgramElement Program match failed (pattern false;, source !b_2;) 
774282     DEBUG Test worker     d.u.i.k.j.JavaProgramElement Program match failed (pattern true;, source !b_2;) 
774282     DEBUG Test worker     d.u.i.k.j.JavaProgramElement Program match failed (pattern false;, source !b_2;) 
774301     DEBUG Test worker     d.u.i.k.j.JavaProgramElement Program match failed (pattern false;, source j < _b.length;) 
774302     DEBUG Test worker     d.u.i.k.j.JavaProgramElement Program match failed (pattern true;, source j < _b.length;) 
774302     DEBUG Test worker     d.u.i.k.j.JavaProgramElement Program match failed (pattern false;, source j < _b.length;) 
774302     DEBUG Test worker     d.u.i.k.j.JavaProgramElement Program match failed (pattern true;, source j < _b.length;) 
774302     DEBUG Test worker     d.u.i.k.j.JavaProgramElement Program match failed (pattern true;, source j < _b.length;) 
774303     DEBUG Test worker     d.u.i.k.j.JavaProgramElement Program match failed (pattern false;, source j < _b.length;) 
774303     DEBUG Test worker     d.u.i.k.j.JavaProgramElement Program match failed (pattern true;, source j < _b.length;) 
774303     DEBUG Test worker     d.u.i.k.j.JavaProgramElement Program match failed (pattern false;, source j < _b.length;) 
774307     DEBUG Test worker     d.u.i.k.j.JavaProgramElement Program match failed (pattern true;, source false;) 
774308     DEBUG Test worker     d.u.i.k.j.JavaProgramElement Program match failed (pattern true;, source false;) 
774313     DEBUG Test worker     d.u.i.k.j.JavaProgramElement Program match failed (pattern false;, source j < _b.length;) 
774314     DEBUG Test worker     d.u.i.k.j.JavaProgramElement Program match failed (pattern true;, source j < _b.length;) 
774314     DEBUG Test worker     d.u.i.k.j.JavaProgramElement Program match failed (pattern false;, source j < _b.length;) 
774314     DEBUG Test worker     d.u.i.k.j.JavaProgramElement Program match failed (pattern true;, source j < _b.length;) 
774314     DEBUG Test worker     d.u.i.k.j.JavaProgramElement Program match failed (pattern true;, source j < _b.length;) 
774315     DEBUG Test worker     d.u.i.k.j.JavaProgramElement Program match failed (pattern false;, source j < _b.length;) 
774315     DEBUG Test worker     d.u.i.k.j.JavaProgramElement Program match failed (pattern true;, source j < _b.length;) 
774315     DEBUG Test worker     d.u.i.k.j.JavaProgramElement Program match failed (pattern false;, source j < _b.length;) 
774343     DEBUG Test worker     d.u.i.k.j.JavaProgramElement Program match failed (pattern true;, source j) 
774344     DEBUG Test worker     d.u.i.k.j.JavaProgramElement Program match failed (pattern false;, source j) 
774344     DEBUG Test worker     d.u.i.k.j.JavaProgramElement Program match failed (pattern true;, source j) 
774344     DEBUG Test worker     d.u.i.k.j.JavaProgramElement Program match failed (pattern false;, source j) 
774354     DEBUG Test worker     d.u.i.k.j.JavaProgramElement Program match failed (pattern true;, source _b.length;) 
774355     DEBUG Test worker     d.u.i.k.j.JavaProgramElement Program match failed (pattern false;, source _b.length;) 
774355     DEBUG Test worker     d.u.i.k.j.JavaProgramElement Program match failed (pattern true;, source _b.length;) 
774355     DEBUG Test worker     d.u.i.k.j.JavaProgramElement Program match failed (pattern false;, source _b.length;) 
774359     DEBUG Test worker     d.u.i.k.j.JavaProgramElement Program match failed (pattern true;, source i_3 < i_4;) 
774359     DEBUG Test worker     d.u.i.k.j.JavaProgramElement Program match failed (pattern false;, source i_3 < i_4;) 
774359     DEBUG Test worker     d.u.i.k.j.JavaProgramElement Program match failed (pattern true;, source i_3 < i_4;) 
774359     DEBUG Test worker     d.u.i.k.j.JavaProgramElement Program match failed (pattern false;, source i_3 < i_4;) 
774365     DEBUG Test worker     d.u.i.k.j.JavaProgramElement Program match failed (pattern true;, source i_3 < i_4;) 
774369     DEBUG Test worker     d.u.i.k.j.JavaProgramElement Program match failed (pattern false;, source i_3 < i_4;) 
774369     DEBUG Test worker     d.u.i.k.j.JavaProgramElement Program match failed (pattern true;, source i_3 < i_4;) 
774369     DEBUG Test worker     d.u.i.k.j.JavaProgramElement Program match failed (pattern false;, source i_3 < i_4;) 
774487     DEBUG Test worker     d.u.i.k.j.JavaProgramElement Program match failed (pattern true;, source result) 
774488     DEBUG Test worker     d.u.i.k.j.JavaProgramElement Program match failed (pattern false;, source result) 
774488     DEBUG Test worker     d.u.i.k.j.JavaProgramElement Program match failed (pattern true;, source result) 
774488     DEBUG Test worker     d.u.i.k.j.JavaProgramElement Program match failed (pattern false;, source result) 
774936     DEBUG Test worker     d.u.i.k.j.JavaProgramElement Program match failed (pattern true;, source false;) 
774936     DEBUG Test worker     d.u.i.k.j.JavaProgramElement Program match failed (pattern true;, source false;) 
783181     DEBUG Test worker     d.u.i.k.j.JavaProgramElement Program match failed (pattern true;, source i < _a.length && j < _b.length;) 
783182     DEBUG Test worker     d.u.i.k.j.JavaProgramElement Program match failed (pattern false;, source i < _a.length && j < _b.length;) 
783182     DEBUG Test worker     d.u.i.k.j.JavaProgramElement Program match failed (pattern true;, source i < _a.length && j < _b.length;) 
783182     DEBUG Test worker     d.u.i.k.j.JavaProgramElement Program match failed (pattern false;, source i < _a.length && j < _b.length;) 
783185     DEBUG Test worker     d.u.i.k.j.JavaProgramElement Program match failed (pattern true;, source false;) 
783185     DEBUG Test worker     d.u.i.k.j.JavaProgramElement Program match failed (pattern true;, source false;) 
783307     DEBUG Test worker     d.u.i.k.j.JavaProgramElement Program match failed (pattern true;, source i < _a.length && j < _b.length;) 
783307     DEBUG Test worker     d.u.i.k.j.JavaProgramElement Program match failed (pattern false;, source i < _a.length && j < _b.length;) 
783308     DEBUG Test worker     d.u.i.k.j.JavaProgramElement Program match failed (pattern true;, source i < _a.length && j < _b.length;) 
783308     DEBUG Test worker     d.u.i.k.j.JavaProgramElement Program match failed (pattern false;, source i < _a.length && j < _b.length;) 
783309     DEBUG Test worker     d.u.i.k.j.JavaProgramElement Program match failed (pattern true;, source i < _a.length && j < _b.length;) 
783310     DEBUG Test worker     d.u.i.k.j.JavaProgramElement Program match failed (pattern false;, source i < _a.length && j < _b.length;) 
783310     DEBUG Test worker     d.u.i.k.j.JavaProgramElement Program match failed (pattern true;, source i < _a.length && j < _b.length;) 
783310     DEBUG Test worker     d.u.i.k.j.JavaProgramElement Program match failed (pattern false;, source i < _a.length && j < _b.length;) 
783311     DEBUG Test worker     d.u.i.k.j.JavaProgramElement Program match failed (pattern true;, source i < _a.length && j < _b.length;) 
783312     DEBUG Test worker     d.u.i.k.j.JavaProgramElement Program match failed (pattern false;, source i < _a.length && j < _b.length;) 
783312     DEBUG Test worker     d.u.i.k.j.JavaProgramElement Program match failed (pattern true;, source i < _a.length && j < _b.length;) 
783312     DEBUG Test worker     d.u.i.k.j.JavaProgramElement Program match failed (pattern false;, source i < _a.length && j < _b.length;) 
783467     DEBUG Test worker     d.u.i.k.j.JavaProgramElement Program match failed (pattern true;, source i < _a.length && j < _b.length;) 
783467     DEBUG Test worker     d.u.i.k.j.JavaProgramElement Program match failed (pattern false;, source i < _a.length && j < _b.length;) 
783468     DEBUG Test worker     d.u.i.k.j.JavaProgramElement Program match failed (pattern true;, source i < _a.length && j < _b.length;) 
783468     DEBUG Test worker     d.u.i.k.j.JavaProgramElement Program match failed (pattern false;, source i < _a.length && j < _b.length;) 
783478     DEBUG Test worker     d.u.i.k.j.JavaProgramElement Program match failed (pattern true;, source !i < _a.length;) 
783478     DEBUG Test worker     d.u.i.k.j.JavaProgramElement Program match failed (pattern false;, source !i < _a.length;) 
783479     DEBUG Test worker     d.u.i.k.j.JavaProgramElement Program match failed (pattern true;, source !i < _a.length;) 
783479     DEBUG Test worker     d.u.i.k.j.JavaProgramElement Program match failed (pattern false;, source !i < _a.length;) 
783485     DEBUG Test worker     d.u.i.k.j.JavaProgramElement Program match failed (pattern true;, source i < _a.length;) 
783485     DEBUG Test worker     d.u.i.k.j.JavaProgramElement Program match failed (pattern false;, source i < _a.length;) 
783485     DEBUG Test worker     d.u.i.k.j.JavaProgramElement Program match failed (pattern true;, source i < _a.length;) 
783485     DEBUG Test worker     d.u.i.k.j.JavaProgramElement Program match failed (pattern false;, source i < _a.length;) 
783490     DEBUG Test worker     d.u.i.k.j.JavaProgramElement Program match failed (pattern true;, source i) 
783490     DEBUG Test worker     d.u.i.k.j.JavaProgramElement Program match failed (pattern false;, source i) 
783490     DEBUG Test worker     d.u.i.k.j.JavaProgramElement Program match failed (pattern true;, source i) 
783491     DEBUG Test worker     d.u.i.k.j.JavaProgramElement Program match failed (pattern false;, source i) 
783495     DEBUG Test worker     d.u.i.k.j.JavaProgramElement Program match failed (pattern true;, source _a.length;) 
783495     DEBUG Test worker     d.u.i.k.j.JavaProgramElement Program match failed (pattern false;, source _a.length;) 
783495     DEBUG Test worker     d.u.i.k.j.JavaProgramElement Program match failed (pattern true;, source _a.length;) 
783496     DEBUG Test worker     d.u.i.k.j.JavaProgramElement Program match failed (pattern false;, source _a.length;) 
783498     DEBUG Test worker     d.u.i.k.j.JavaProgramElement Program match failed (pattern true;, source i_1 < i_2;) 
783499     DEBUG Test worker     d.u.i.k.j.JavaProgramElement Program match failed (pattern false;, source i_1 < i_2;) 
783499     DEBUG Test worker     d.u.i.k.j.JavaProgramElement Program match failed (pattern true;, source i_1 < i_2;) 
783499     DEBUG Test worker     d.u.i.k.j.JavaProgramElement Program match failed (pattern false;, source i_1 < i_2;) 
783503     DEBUG Test worker     d.u.i.k.j.JavaProgramElement Program match failed (pattern true;, source i_1 < i_2;) 
783503     DEBUG Test worker     d.u.i.k.j.JavaProgramElement Program match failed (pattern false;, source i_1 < i_2;) 
783503     DEBUG Test worker     d.u.i.k.j.JavaProgramElement Program match failed (pattern true;, source i_1 < i_2;) 
783503     DEBUG Test worker     d.u.i.k.j.JavaProgramElement Program match failed (pattern false;, source i_1 < i_2;) 
783507     DEBUG Test worker     d.u.i.k.j.JavaProgramElement Program match failed (pattern true;, source !b_3;) 
783507     DEBUG Test worker     d.u.i.k.j.JavaProgramElement Program match failed (pattern false;, source !b_3;) 
783507     DEBUG Test worker     d.u.i.k.j.JavaProgramElement Program match failed (pattern true;, source !b_3;) 
783507     DEBUG Test worker     d.u.i.k.j.JavaProgramElement Program match failed (pattern false;, source !b_3;) 
783511     DEBUG Test worker     d.u.i.k.j.JavaProgramElement Program match failed (pattern true;, source !b_3;) 
783511     DEBUG Test worker     d.u.i.k.j.JavaProgramElement Program match failed (pattern false;, source !b_3;) 
783512     DEBUG Test worker     d.u.i.k.j.JavaProgramElement Program match failed (pattern true;, source !b_3;) 
783512     DEBUG Test worker     d.u.i.k.j.JavaProgramElement Program match failed (pattern false;, source !b_3;) 
783513     DEBUG Test worker     d.u.i.k.j.JavaProgramElement Program match failed (pattern true;, source !b_3;) 
783513     DEBUG Test worker     d.u.i.k.j.JavaProgramElement Program match failed (pattern false;, source !b_3;) 
783513     DEBUG Test worker     d.u.i.k.j.JavaProgramElement Program match failed (pattern true;, source !b_3;) 
783514     DEBUG Test worker     d.u.i.k.j.JavaProgramElement Program match failed (pattern false;, source !b_3;) 
783516     DEBUG Test worker     d.u.i.k.j.JavaProgramElement Program match failed (pattern true;, source !b_3;) 
783516     DEBUG Test worker     d.u.i.k.j.JavaProgramElement Program match failed (pattern false;, source !b_3;) 
783516     DEBUG Test worker     d.u.i.k.j.JavaProgramElement Program match failed (pattern true;, source !b_3;) 
783516     DEBUG Test worker     d.u.i.k.j.JavaProgramElement Program match failed (pattern false;, source !b_3;) 
783518     DEBUG Test worker     d.u.i.k.j.JavaProgramElement Program match failed (pattern true;, source !b_3;) 
783518     DEBUG Test worker     d.u.i.k.j.JavaProgramElement Program match failed (pattern false;, source !b_3;) 
783519     DEBUG Test worker     d.u.i.k.j.JavaProgramElement Program match failed (pattern true;, source !b_3;) 
783519     DEBUG Test worker     d.u.i.k.j.JavaProgramElement Program match failed (pattern false;, source !b_3;) 
783523     DEBUG Test worker     d.u.i.k.j.JavaProgramElement Program match failed (pattern true;, source !b_3;) 
783523     DEBUG Test worker     d.u.i.k.j.JavaProgramElement Program match failed (pattern false;, source !b_3;) 
783524     DEBUG Test worker     d.u.i.k.j.JavaProgramElement Program match failed (pattern true;, source !b_3;) 
783524     DEBUG Test worker     d.u.i.k.j.JavaProgramElement Program match failed (pattern false;, source !b_3;) 
783526     DEBUG Test worker     d.u.i.k.j.JavaProgramElement Program match failed (pattern true;, source !b_3;) 
783526     DEBUG Test worker     d.u.i.k.j.JavaProgramElement Program match failed (pattern false;, source !b_3;) 
783526     DEBUG Test worker     d.u.i.k.j.JavaProgramElement Program match failed (pattern true;, source !b_3;) 
783526     DEBUG Test worker     d.u.i.k.j.JavaProgramElement Program match failed (pattern false;, source !b_3;) 
783528     DEBUG Test worker     d.u.i.k.j.JavaProgramElement Program match failed (pattern true;, source !b_3;) 
783528     DEBUG Test worker     d.u.i.k.j.JavaProgramElement Program match failed (pattern false;, source !b_3;) 
783528     DEBUG Test worker     d.u.i.k.j.JavaProgramElement Program match failed (pattern true;, source !b_3;) 
783529     DEBUG Test worker     d.u.i.k.j.JavaProgramElement Program match failed (pattern false;, source !b_3;) 
783545     DEBUG Test worker     d.u.i.k.j.JavaProgramElement Program match failed (pattern true;, source !i < _a.length;) 
783546     DEBUG Test worker     d.u.i.k.j.JavaProgramElement Program match failed (pattern false;, source !i < _a.length;) 
783546     DEBUG Test worker     d.u.i.k.j.JavaProgramElement Program match failed (pattern true;, source !i < _a.length;) 
783546     DEBUG Test worker     d.u.i.k.j.JavaProgramElement Program match failed (pattern false;, source !i < _a.length;) 
783554     DEBUG Test worker     d.u.i.k.j.JavaProgramElement Program match failed (pattern true;, source i < _a.length;) 
783555     DEBUG Test worker     d.u.i.k.j.JavaProgramElement Program match failed (pattern false;, source i < _a.length;) 
783555     DEBUG Test worker     d.u.i.k.j.JavaProgramElement Program match failed (pattern true;, source i < _a.length;) 
783555     DEBUG Test worker     d.u.i.k.j.JavaProgramElement Program match failed (pattern false;, source i < _a.length;) 
783563     DEBUG Test worker     d.u.i.k.j.JavaProgramElement Program match failed (pattern true;, source i) 
783563     DEBUG Test worker     d.u.i.k.j.JavaProgramElement Program match failed (pattern false;, source i) 
783563     DEBUG Test worker     d.u.i.k.j.JavaProgramElement Program match failed (pattern true;, source i) 
783563     DEBUG Test worker     d.u.i.k.j.JavaProgramElement Program match failed (pattern false;, source i) 
783575     DEBUG Test worker     d.u.i.k.j.JavaProgramElement Program match failed (pattern true;, source _a.length;) 
783576     DEBUG Test worker     d.u.i.k.j.JavaProgramElement Program match failed (pattern false;, source _a.length;) 
783576     DEBUG Test worker     d.u.i.k.j.JavaProgramElement Program match failed (pattern true;, source _a.length;) 
783576     DEBUG Test worker     d.u.i.k.j.JavaProgramElement Program match failed (pattern false;, source _a.length;) 
783581     DEBUG Test worker     d.u.i.k.j.JavaProgramElement Program match failed (pattern true;, source i_3 < i_4;) 
783581     DEBUG Test worker     d.u.i.k.j.JavaProgramElement Program match failed (pattern false;, source i_3 < i_4;) 
783581     DEBUG Test worker     d.u.i.k.j.JavaProgramElement Program match failed (pattern true;, source i_3 < i_4;) 
783581     DEBUG Test worker     d.u.i.k.j.JavaProgramElement Program match failed (pattern false;, source i_3 < i_4;) 
783587     DEBUG Test worker     d.u.i.k.j.JavaProgramElement Program match failed (pattern true;, source i_3 < i_4;) 
783588     DEBUG Test worker     d.u.i.k.j.JavaProgramElement Program match failed (pattern false;, source i_3 < i_4;) 
783588     DEBUG Test worker     d.u.i.k.j.JavaProgramElement Program match failed (pattern true;, source i_3 < i_4;) 
783588     DEBUG Test worker     d.u.i.k.j.JavaProgramElement Program match failed (pattern false;, source i_3 < i_4;) 
783595     DEBUG Test worker     d.u.i.k.j.JavaProgramElement Program match failed (pattern true;, source !b_5;) 
783595     DEBUG Test worker     d.u.i.k.j.JavaProgramElement Program match failed (pattern false;, source !b_5;) 
783596     DEBUG Test worker     d.u.i.k.j.JavaProgramElement Program match failed (pattern true;, source !b_5;) 
783596     DEBUG Test worker     d.u.i.k.j.JavaProgramElement Program match failed (pattern false;, source !b_5;) 
783603     DEBUG Test worker     d.u.i.k.j.JavaProgramElement Program match failed (pattern true;, source !b_5;) 
783603     DEBUG Test worker     d.u.i.k.j.JavaProgramElement Program match failed (pattern false;, source !b_5;) 
783603     DEBUG Test worker     d.u.i.k.j.JavaProgramElement Program match failed (pattern true;, source !b_5;) 
783604     DEBUG Test worker     d.u.i.k.j.JavaProgramElement Program match failed (pattern false;, source !b_5;) 
783606     DEBUG Test worker     d.u.i.k.j.JavaProgramElement Program match failed (pattern true;, source !b_5;) 
783606     DEBUG Test worker     d.u.i.k.j.JavaProgramElement Program match failed (pattern false;, source !b_5;) 
783607     DEBUG Test worker     d.u.i.k.j.JavaProgramElement Program match failed (pattern true;, source !b_5;) 
783607     DEBUG Test worker     d.u.i.k.j.JavaProgramElement Program match failed (pattern false;, source !b_5;) 
783609     DEBUG Test worker     d.u.i.k.j.JavaProgramElement Program match failed (pattern true;, source !b_5;) 
783609     DEBUG Test worker     d.u.i.k.j.JavaProgramElement Program match failed (pattern false;, source !b_5;) 
783610     DEBUG Test worker     d.u.i.k.j.JavaProgramElement Program match failed (pattern true;, source !b_5;) 
783610     DEBUG Test worker     d.u.i.k.j.JavaProgramElement Program match failed (pattern false;, source !b_5;) 
783612     DEBUG Test worker     d.u.i.k.j.JavaProgramElement Program match failed (pattern true;, source !b_5;) 
783612     DEBUG Test worker     d.u.i.k.j.JavaProgramElement Program match failed (pattern false;, source !b_5;) 
783612     DEBUG Test worker     d.u.i.k.j.JavaProgramElement Program match failed (pattern true;, source !b_5;) 
783613     DEBUG Test worker     d.u.i.k.j.JavaProgramElement Program match failed (pattern false;, source !b_5;) 
783618     DEBUG Test worker     d.u.i.k.j.JavaProgramElement Program match failed (pattern true;, source !b_5;) 
783619     DEBUG Test worker     d.u.i.k.j.JavaProgramElement Program match failed (pattern false;, source !b_5;) 
783619     DEBUG Test worker     d.u.i.k.j.JavaProgramElement Program match failed (pattern true;, source !b_5;) 
783619     DEBUG Test worker     d.u.i.k.j.JavaProgramElement Program match failed (pattern false;, source !b_5;) 
783621     DEBUG Test worker     d.u.i.k.j.JavaProgramElement Program match failed (pattern true;, source !b_5;) 
783621     DEBUG Test worker     d.u.i.k.j.JavaProgramElement Program match failed (pattern false;, source !b_5;) 
783622     DEBUG Test worker     d.u.i.k.j.JavaProgramElement Program match failed (pattern true;, source !b_5;) 
783622     DEBUG Test worker     d.u.i.k.j.JavaProgramElement Program match failed (pattern false;, source !b_5;) 
783624     DEBUG Test worker     d.u.i.k.j.JavaProgramElement Program match failed (pattern true;, source !b_5;) 
783624     DEBUG Test worker     d.u.i.k.j.JavaProgramElement Program match failed (pattern false;, source !b_5;) 
783625     DEBUG Test worker     d.u.i.k.j.JavaProgramElement Program match failed (pattern true;, source !b_5;) 
783625     DEBUG Test worker     d.u.i.k.j.JavaProgramElement Program match failed (pattern false;, source !b_5;) 
783648     DEBUG Test worker     d.u.i.k.j.JavaProgramElement Program match failed (pattern false;, source j < _b.length;) 
783648     DEBUG Test worker     d.u.i.k.j.JavaProgramElement Program match failed (pattern true;, source j < _b.length;) 
783649     DEBUG Test worker     d.u.i.k.j.JavaProgramElement Program match failed (pattern false;, source j < _b.length;) 
783649     DEBUG Test worker     d.u.i.k.j.JavaProgramElement Program match failed (pattern true;, source j < _b.length;) 
783649     DEBUG Test worker     d.u.i.k.j.JavaProgramElement Program match failed (pattern true;, source j < _b.length;) 
783649     DEBUG Test worker     d.u.i.k.j.JavaProgramElement Program match failed (pattern false;, source j < _b.length;) 
783650     DEBUG Test worker     d.u.i.k.j.JavaProgramElement Program match failed (pattern true;, source j < _b.length;) 
783650     DEBUG Test worker     d.u.i.k.j.JavaProgramElement Program match failed (pattern false;, source j < _b.length;) 
783652     DEBUG Test worker     d.u.i.k.j.JavaProgramElement Program match failed (pattern true;, source false;) 
783652     DEBUG Test worker     d.u.i.k.j.JavaProgramElement Program match failed (pattern true;, source false;) 
783654     DEBUG Test worker     d.u.i.k.j.JavaProgramElement Program match failed (pattern false;, source j < _b.length;) 
783654     DEBUG Test worker     d.u.i.k.j.JavaProgramElement Program match failed (pattern true;, source j < _b.length;) 
783654     DEBUG Test worker     d.u.i.k.j.JavaProgramElement Program match failed (pattern false;, source j < _b.length;) 
783655     DEBUG Test worker     d.u.i.k.j.JavaProgramElement Program match failed (pattern true;, source j < _b.length;) 
783655     DEBUG Test worker     d.u.i.k.j.JavaProgramElement Program match failed (pattern true;, source j < _b.length;) 
783655     DEBUG Test worker     d.u.i.k.j.JavaProgramElement Program match failed (pattern false;, source j < _b.length;) 
783655     DEBUG Test worker     d.u.i.k.j.JavaProgramElement Program match failed (pattern true;, source j < _b.length;) 
783656     DEBUG Test worker     d.u.i.k.j.JavaProgramElement Program match failed (pattern false;, source j < _b.length;) 
783684     DEBUG Test worker     d.u.i.k.j.JavaProgramElement Program match failed (pattern true;, source j) 
783684     DEBUG Test worker     d.u.i.k.j.JavaProgramElement Program match failed (pattern false;, source j) 
783685     DEBUG Test worker     d.u.i.k.j.JavaProgramElement Program match failed (pattern true;, source j) 
783685     DEBUG Test worker     d.u.i.k.j.JavaProgramElement Program match failed (pattern false;, source j) 
783689     DEBUG Test worker     d.u.i.k.j.JavaProgramElement Program match failed (pattern true;, source _b.length;) 
783689     DEBUG Test worker     d.u.i.k.j.JavaProgramElement Program match failed (pattern false;, source _b.length;) 
783690     DEBUG Test worker     d.u.i.k.j.JavaProgramElement Program match failed (pattern true;, source _b.length;) 
783690     DEBUG Test worker     d.u.i.k.j.JavaProgramElement Program match failed (pattern false;, source _b.length;) 
783692     DEBUG Test worker     d.u.i.k.j.JavaProgramElement Program match failed (pattern true;, source i_5 < i_6;) 
783693     DEBUG Test worker     d.u.i.k.j.JavaProgramElement Program match failed (pattern false;, source i_5 < i_6;) 
783693     DEBUG Test worker     d.u.i.k.j.JavaProgramElement Program match failed (pattern true;, source i_5 < i_6;) 
783693     DEBUG Test worker     d.u.i.k.j.JavaProgramElement Program match failed (pattern false;, source i_5 < i_6;) 
783697     DEBUG Test worker     d.u.i.k.j.JavaProgramElement Program match failed (pattern true;, source i_5 < i_6;) 
783697     DEBUG Test worker     d.u.i.k.j.JavaProgramElement Program match failed (pattern false;, source i_5 < i_6;) 
783697     DEBUG Test worker     d.u.i.k.j.JavaProgramElement Program match failed (pattern true;, source i_5 < i_6;) 
783697     DEBUG Test worker     d.u.i.k.j.JavaProgramElement Program match failed (pattern false;, source i_5 < i_6;) 
783751     DEBUG Test worker     d.u.i.k.j.JavaProgramElement Program match failed (pattern false;, source j < _b.length;) 
783752     DEBUG Test worker     d.u.i.k.j.JavaProgramElement Program match failed (pattern true;, source j < _b.length;) 
783752     DEBUG Test worker     d.u.i.k.j.JavaProgramElement Program match failed (pattern false;, source j < _b.length;) 
783752     DEBUG Test worker     d.u.i.k.j.JavaProgramElement Program match failed (pattern true;, source j < _b.length;) 
783752     DEBUG Test worker     d.u.i.k.j.JavaProgramElement Program match failed (pattern true;, source j < _b.length;) 
783753     DEBUG Test worker     d.u.i.k.j.JavaProgramElement Program match failed (pattern false;, source j < _b.length;) 
783753     DEBUG Test worker     d.u.i.k.j.JavaProgramElement Program match failed (pattern true;, source j < _b.length;) 
783753     DEBUG Test worker     d.u.i.k.j.JavaProgramElement Program match failed (pattern false;, source j < _b.length;) 
783760     DEBUG Test worker     d.u.i.k.j.JavaProgramElement Program match failed (pattern true;, source false;) 
783760     DEBUG Test worker     d.u.i.k.j.JavaProgramElement Program match failed (pattern true;, source false;) 
783766     DEBUG Test worker     d.u.i.k.j.JavaProgramElement Program match failed (pattern false;, source j < _b.length;) 
783766     DEBUG Test worker     d.u.i.k.j.JavaProgramElement Program match failed (pattern true;, source j < _b.length;) 
783767     DEBUG Test worker     d.u.i.k.j.JavaProgramElement Program match failed (pattern false;, source j < _b.length;) 
783767     DEBUG Test worker     d.u.i.k.j.JavaProgramElement Program match failed (pattern true;, source j < _b.length;) 
783767     DEBUG Test worker     d.u.i.k.j.JavaProgramElement Program match failed (pattern true;, source j < _b.length;) 
783767     DEBUG Test worker     d.u.i.k.j.JavaProgramElement Program match failed (pattern false;, source j < _b.length;) 
783767     DEBUG Test worker     d.u.i.k.j.JavaProgramElement Program match failed (pattern true;, source j < _b.length;) 
783768     DEBUG Test worker     d.u.i.k.j.JavaProgramElement Program match failed (pattern false;, source j < _b.length;) 
783780     DEBUG Test worker     d.u.i.k.j.JavaProgramElement Program match failed (pattern false;, source j) 
783780     DEBUG Test worker     d.u.i.k.j.JavaProgramElement Program match failed (pattern true;, source j) 
783780     DEBUG Test worker     d.u.i.k.j.JavaProgramElement Program match failed (pattern false;, source j) 
783781     DEBUG Test worker     d.u.i.k.j.JavaProgramElement Program match failed (pattern true;, source j) 
783781     DEBUG Test worker     d.u.i.k.j.JavaProgramElement Program match failed (pattern true;, source j) 
783781     DEBUG Test worker     d.u.i.k.j.JavaProgramElement Program match failed (pattern false;, source j) 
783781     DEBUG Test worker     d.u.i.k.j.JavaProgramElement Program match failed (pattern true;, source j) 
783781     DEBUG Test worker     d.u.i.k.j.JavaProgramElement Program match failed (pattern false;, source j) 
783793     DEBUG Test worker     d.u.i.k.j.JavaProgramElement Program match failed (pattern false;, source _b.length;) 
783793     DEBUG Test worker     d.u.i.k.j.JavaProgramElement Program match failed (pattern true;, source _b.length;) 
783793     DEBUG Test worker     d.u.i.k.j.JavaProgramElement Program match failed (pattern false;, source _b.length;) 
783794     DEBUG Test worker     d.u.i.k.j.JavaProgramElement Program match failed (pattern true;, source _b.length;) 
783794     DEBUG Test worker     d.u.i.k.j.JavaProgramElement Program match failed (pattern true;, source _b.length;) 
783794     DEBUG Test worker     d.u.i.k.j.JavaProgramElement Program match failed (pattern false;, source _b.length;) 
783794     DEBUG Test worker     d.u.i.k.j.JavaProgramElement Program match failed (pattern true;, source _b.length;) 
783795     DEBUG Test worker     d.u.i.k.j.JavaProgramElement Program match failed (pattern false;, source _b.length;) 
783799     DEBUG Test worker     d.u.i.k.j.JavaProgramElement Program match failed (pattern false;, source i_7 < i_8;) 
783800     DEBUG Test worker     d.u.i.k.j.JavaProgramElement Program match failed (pattern true;, source i_7 < i_8;) 
783800     DEBUG Test worker     d.u.i.k.j.JavaProgramElement Program match failed (pattern false;, source i_7 < i_8;) 
783800     DEBUG Test worker     d.u.i.k.j.JavaProgramElement Program match failed (pattern true;, source i_7 < i_8;) 
783800     DEBUG Test worker     d.u.i.k.j.JavaProgramElement Program match failed (pattern true;, source i_7 < i_8;) 
783801     DEBUG Test worker     d.u.i.k.j.JavaProgramElement Program match failed (pattern false;, source i_7 < i_8;) 
783801     DEBUG Test worker     d.u.i.k.j.JavaProgramElement Program match failed (pattern true;, source i_7 < i_8;) 
783801     DEBUG Test worker     d.u.i.k.j.JavaProgramElement Program match failed (pattern false;, source i_7 < i_8;) 
783807     DEBUG Test worker     d.u.i.k.j.JavaProgramElement Program match failed (pattern false;, source i_7 < i_8;) 
783808     DEBUG Test worker     d.u.i.k.j.JavaProgramElement Program match failed (pattern true;, source i_7 < i_8;) 
783808     DEBUG Test worker     d.u.i.k.j.JavaProgramElement Program match failed (pattern false;, source i_7 < i_8;) 
783808     DEBUG Test worker     d.u.i.k.j.JavaProgramElement Program match failed (pattern true;, source i_7 < i_8;) 
783809     DEBUG Test worker     d.u.i.k.j.JavaProgramElement Program match failed (pattern true;, source i_7 < i_8;) 
783809     DEBUG Test worker     d.u.i.k.j.JavaProgramElement Program match failed (pattern false;, source i_7 < i_8;) 
783809     DEBUG Test worker     d.u.i.k.j.JavaProgramElement Program match failed (pattern true;, source i_7 < i_8;) 
783809     DEBUG Test worker     d.u.i.k.j.JavaProgramElement Program match failed (pattern false;, source i_7 < i_8;) 
783886     DEBUG Test worker     d.u.i.k.j.JavaProgramElement Program match failed (pattern true;, source _a[i] < _b[j];) 
783893     DEBUG Test worker     d.u.i.k.j.JavaProgramElement Program match failed (pattern false;, source _a[i] < _b[j];) 
783893     DEBUG Test worker     d.u.i.k.j.JavaProgramElement Program match failed (pattern true;, source _a[i] < _b[j];) 
783893     DEBUG Test worker     d.u.i.k.j.JavaProgramElement Program match failed (pattern false;, source _a[i] < _b[j];) 
783904     DEBUG Test worker     d.u.i.k.j.JavaProgramElement Program match failed (pattern true;, source _a[i];) 
783904     DEBUG Test worker     d.u.i.k.j.JavaProgramElement Program match failed (pattern false;, source _a[i];) 
783905     DEBUG Test worker     d.u.i.k.j.JavaProgramElement Program match failed (pattern true;, source _a[i];) 
783905     DEBUG Test worker     d.u.i.k.j.JavaProgramElement Program match failed (pattern false;, source _a[i];) 
783939     DEBUG Test worker     d.u.i.k.j.JavaProgramElement Program match failed (pattern true;, source _b[j];) 
783939     DEBUG Test worker     d.u.i.k.j.JavaProgramElement Program match failed (pattern false;, source _b[j];) 
783939     DEBUG Test worker     d.u.i.k.j.JavaProgramElement Program match failed (pattern true;, source _b[j];) 
783940     DEBUG Test worker     d.u.i.k.j.JavaProgramElement Program match failed (pattern false;, source _b[j];) 
783947     DEBUG Test worker     d.u.i.k.j.JavaProgramElement Program match failed (pattern true;, source i_9 < i_10;) 
783947     DEBUG Test worker     d.u.i.k.j.JavaProgramElement Program match failed (pattern false;, source i_9 < i_10;) 
783947     DEBUG Test worker     d.u.i.k.j.JavaProgramElement Program match failed (pattern true;, source i_9 < i_10;) 
783948     DEBUG Test worker     d.u.i.k.j.JavaProgramElement Program match failed (pattern false;, source i_9 < i_10;) 
783971     DEBUG Test worker     d.u.i.k.j.JavaProgramElement Program match failed (pattern true;, source i_9 < i_10;) 
783972     DEBUG Test worker     d.u.i.k.j.JavaProgramElement Program match failed (pattern false;, source i_9 < i_10;) 
783972     DEBUG Test worker     d.u.i.k.j.JavaProgramElement Program match failed (pattern true;, source i_9 < i_10;) 
783972     DEBUG Test worker     d.u.i.k.j.JavaProgramElement Program match failed (pattern false;, source i_9 < i_10;) 
784038     DEBUG Test worker     d.u.i.k.j.JavaProgramElement Program match failed (pattern true;, source _b[j] < _a[i];) 
784039     DEBUG Test worker     d.u.i.k.j.JavaProgramElement Program match failed (pattern false;, source _b[j] < _a[i];) 
784039     DEBUG Test worker     d.u.i.k.j.JavaProgramElement Program match failed (pattern true;, source _b[j] < _a[i];) 
784039     DEBUG Test worker     d.u.i.k.j.JavaProgramElement Program match failed (pattern false;, source _b[j] < _a[i];) 
784049     DEBUG Test worker     d.u.i.k.j.JavaProgramElement Program match failed (pattern true;, source _b[j];) 
784049     DEBUG Test worker     d.u.i.k.j.JavaProgramElement Program match failed (pattern false;, source _b[j];) 
784049     DEBUG Test worker     d.u.i.k.j.JavaProgramElement Program match failed (pattern true;, source _b[j];) 
784049     DEBUG Test worker     d.u.i.k.j.JavaProgramElement Program match failed (pattern false;, source _b[j];) 
784080     DEBUG Test worker     d.u.i.k.j.JavaProgramElement Program match failed (pattern true;, source _a[i];) 
784081     DEBUG Test worker     d.u.i.k.j.JavaProgramElement Program match failed (pattern false;, source _a[i];) 
784081     DEBUG Test worker     d.u.i.k.j.JavaProgramElement Program match failed (pattern true;, source _a[i];) 
784081     DEBUG Test worker     d.u.i.k.j.JavaProgramElement Program match failed (pattern false;, source _a[i];) 
784088     DEBUG Test worker     d.u.i.k.j.JavaProgramElement Program match failed (pattern true;, source i_11 < i_12;) 
784089     DEBUG Test worker     d.u.i.k.j.JavaProgramElement Program match failed (pattern false;, source i_11 < i_12;) 
784089     DEBUG Test worker     d.u.i.k.j.JavaProgramElement Program match failed (pattern true;, source i_11 < i_12;) 
784089     DEBUG Test worker     d.u.i.k.j.JavaProgramElement Program match failed (pattern false;, source i_11 < i_12;) 
784113     DEBUG Test worker     d.u.i.k.j.JavaProgramElement Program match failed (pattern true;, source i_11 < i_12;) 
784113     DEBUG Test worker     d.u.i.k.j.JavaProgramElement Program match failed (pattern false;, source i_11 < i_12;) 
784114     DEBUG Test worker     d.u.i.k.j.JavaProgramElement Program match failed (pattern true;, source i_11 < i_12;) 
784114     DEBUG Test worker     d.u.i.k.j.JavaProgramElement Program match failed (pattern false;, source i_11 < i_12;) 
784191     DEBUG Test worker     d.u.i.k.j.JavaProgramElement Program match failed (pattern true;, source (int) (i + 1);) 
784192     DEBUG Test worker     d.u.i.k.j.JavaProgramElement Program match failed (pattern false;, source (int) (i + 1);) 
784192     DEBUG Test worker     d.u.i.k.j.JavaProgramElement Program match failed (pattern true;, source (int) (i + 1);) 
784192     DEBUG Test worker     d.u.i.k.j.JavaProgramElement Program match failed (pattern false;, source (int) (i + 1);) 
784200     DEBUG Test worker     d.u.i.k.j.JavaProgramElement Program match failed (pattern true;, source (i + 1);) 
784200     DEBUG Test worker     d.u.i.k.j.JavaProgramElement Program match failed (pattern false;, source (i + 1);) 
784200     DEBUG Test worker     d.u.i.k.j.JavaProgramElement Program match failed (pattern true;, source (i + 1);) 
784200     DEBUG Test worker     d.u.i.k.j.JavaProgramElement Program match failed (pattern false;, source (i + 1);) 
784207     DEBUG Test worker     d.u.i.k.j.JavaProgramElement Program match failed (pattern true;, source i + 1;) 
784207     DEBUG Test worker     d.u.i.k.j.JavaProgramElement Program match failed (pattern false;, source i + 1;) 
784207     DEBUG Test worker     d.u.i.k.j.JavaProgramElement Program match failed (pattern true;, source i + 1;) 
784208     DEBUG Test worker     d.u.i.k.j.JavaProgramElement Program match failed (pattern false;, source i + 1;) 
784212     DEBUG Test worker     d.u.i.k.j.JavaProgramElement Program match failed (pattern true;, source (int) i_13;) 
784212     DEBUG Test worker     d.u.i.k.j.JavaProgramElement Program match failed (pattern false;, source (int) i_13;) 
784212     DEBUG Test worker     d.u.i.k.j.JavaProgramElement Program match failed (pattern true;, source (int) i_13;) 
784213     DEBUG Test worker     d.u.i.k.j.JavaProgramElement Program match failed (pattern false;, source (int) i_13;) 
784218     DEBUG Test worker     d.u.i.k.j.JavaProgramElement Program match failed (pattern true;, source (int) i_13;) 
784219     DEBUG Test worker     d.u.i.k.j.JavaProgramElement Program match failed (pattern false;, source (int) i_13;) 
784219     DEBUG Test worker     d.u.i.k.j.JavaProgramElement Program match failed (pattern true;, source (int) i_13;) 
784219     DEBUG Test worker     d.u.i.k.j.JavaProgramElement Program match failed (pattern false;, source (int) i_13;) 
784222     DEBUG Test worker     d.u.i.k.j.JavaProgramElement Program match failed (pattern true;, source (int) i_13;) 
784222     DEBUG Test worker     d.u.i.k.j.JavaProgramElement Program match failed (pattern false;, source (int) i_13;) 
784222     DEBUG Test worker     d.u.i.k.j.JavaProgramElement Program match failed (pattern true;, source (int) i_13;) 
784222     DEBUG Test worker     d.u.i.k.j.JavaProgramElement Program match failed (pattern false;, source (int) i_13;) 
784224     DEBUG Test worker     d.u.i.k.j.JavaProgramElement Program match failed (pattern true;, source (int) i_13;) 
784224     DEBUG Test worker     d.u.i.k.j.JavaProgramElement Program match failed (pattern false;, source (int) i_13;) 
784224     DEBUG Test worker     d.u.i.k.j.JavaProgramElement Program match failed (pattern true;, source (int) i_13;) 
784225     DEBUG Test worker     d.u.i.k.j.JavaProgramElement Program match failed (pattern false;, source (int) i_13;) 
784232     DEBUG Test worker     d.u.i.k.j.JavaProgramElement Program match failed (pattern true;, source i_13) 
784232     DEBUG Test worker     d.u.i.k.j.JavaProgramElement Program match failed (pattern false;, source i_13) 
784233     DEBUG Test worker     d.u.i.k.j.JavaProgramElement Program match failed (pattern true;, source i_13) 
784233     DEBUG Test worker     d.u.i.k.j.JavaProgramElement Program match failed (pattern false;, source i_13) 
784246     DEBUG Test worker     d.u.i.k.j.JavaProgramElement Program match failed (pattern true;, source (int) (j + 1);) 
784246     DEBUG Test worker     d.u.i.k.j.JavaProgramElement Program match failed (pattern false;, source (int) (j + 1);) 
784246     DEBUG Test worker     d.u.i.k.j.JavaProgramElement Program match failed (pattern true;, source (int) (j + 1);) 
784246     DEBUG Test worker     d.u.i.k.j.JavaProgramElement Program match failed (pattern false;, source (int) (j + 1);) 
784254     DEBUG Test worker     d.u.i.k.j.JavaProgramElement Program match failed (pattern true;, source (j + 1);) 
784254     DEBUG Test worker     d.u.i.k.j.JavaProgramElement Program match failed (pattern false;, source (j + 1);) 
784254     DEBUG Test worker     d.u.i.k.j.JavaProgramElement Program match failed (pattern true;, source (j + 1);) 
784254     DEBUG Test worker     d.u.i.k.j.JavaProgramElement Program match failed (pattern false;, source (j + 1);) 
784261     DEBUG Test worker     d.u.i.k.j.JavaProgramElement Program match failed (pattern true;, source j + 1;) 
784261     DEBUG Test worker     d.u.i.k.j.JavaProgramElement Program match failed (pattern false;, source j + 1;) 
784262     DEBUG Test worker     d.u.i.k.j.JavaProgramElement Program match failed (pattern true;, source j + 1;) 
784262     DEBUG Test worker     d.u.i.k.j.JavaProgramElement Program match failed (pattern false;, source j + 1;) 
784267     DEBUG Test worker     d.u.i.k.j.JavaProgramElement Program match failed (pattern true;, source (int) i_14;) 
784267     DEBUG Test worker     d.u.i.k.j.JavaProgramElement Program match failed (pattern false;, source (int) i_14;) 
784267     DEBUG Test worker     d.u.i.k.j.JavaProgramElement Program match failed (pattern true;, source (int) i_14;) 
784268     DEBUG Test worker     d.u.i.k.j.JavaProgramElement Program match failed (pattern false;, source (int) i_14;) 
784273     DEBUG Test worker     d.u.i.k.j.JavaProgramElement Program match failed (pattern true;, source (int) i_14;) 
784273     DEBUG Test worker     d.u.i.k.j.JavaProgramElement Program match failed (pattern false;, source (int) i_14;) 
784273     DEBUG Test worker     d.u.i.k.j.JavaProgramElement Program match failed (pattern true;, source (int) i_14;) 
784274     DEBUG Test worker     d.u.i.k.j.JavaProgramElement Program match failed (pattern false;, source (int) i_14;) 
784276     DEBUG Test worker     d.u.i.k.j.JavaProgramElement Program match failed (pattern true;, source (int) i_14;) 
784276     DEBUG Test worker     d.u.i.k.j.JavaProgramElement Program match failed (pattern false;, source (int) i_14;) 
784276     DEBUG Test worker     d.u.i.k.j.JavaProgramElement Program match failed (pattern true;, source (int) i_14;) 
784277     DEBUG Test worker     d.u.i.k.j.JavaProgramElement Program match failed (pattern false;, source (int) i_14;) 
784278     DEBUG Test worker     d.u.i.k.j.JavaProgramElement Program match failed (pattern true;, source (int) i_14;) 
784279     DEBUG Test worker     d.u.i.k.j.JavaProgramElement Program match failed (pattern false;, source (int) i_14;) 
784279     DEBUG Test worker     d.u.i.k.j.JavaProgramElement Program match failed (pattern true;, source (int) i_14;) 
784279     DEBUG Test worker     d.u.i.k.j.JavaProgramElement Program match failed (pattern false;, source (int) i_14;) 
784285     DEBUG Test worker     d.u.i.k.j.JavaProgramElement Program match failed (pattern true;, source i_14) 
784286     DEBUG Test worker     d.u.i.k.j.JavaProgramElement Program match failed (pattern false;, source i_14) 
784286     DEBUG Test worker     d.u.i.k.j.JavaProgramElement Program match failed (pattern true;, source i_14) 
784286     DEBUG Test worker     d.u.i.k.j.JavaProgramElement Program match failed (pattern false;, source i_14) 
784299     DEBUG Test worker     d.u.i.k.j.JavaProgramElement Program match failed (pattern true;, source (int) (result + 1);) 
784299     DEBUG Test worker     d.u.i.k.j.JavaProgramElement Program match failed (pattern false;, source (int) (result + 1);) 
784299     DEBUG Test worker     d.u.i.k.j.JavaProgramElement Program match failed (pattern true;, source (int) (result + 1);) 
784299     DEBUG Test worker     d.u.i.k.j.JavaProgramElement Program match failed (pattern false;, source (int) (result + 1);) 
784307     DEBUG Test worker     d.u.i.k.j.JavaProgramElement Program match failed (pattern true;, source (result + 1);) 
784307     DEBUG Test worker     d.u.i.k.j.JavaProgramElement Program match failed (pattern false;, source (result + 1);) 
784307     DEBUG Test worker     d.u.i.k.j.JavaProgramElement Program match failed (pattern true;, source (result + 1);) 
784307     DEBUG Test worker     d.u.i.k.j.JavaProgramElement Program match failed (pattern false;, source (result + 1);) 
784315     DEBUG Test worker     d.u.i.k.j.JavaProgramElement Program match failed (pattern true;, source result + 1;) 
784316     DEBUG Test worker     d.u.i.k.j.JavaProgramElement Program match failed (pattern false;, source result + 1;) 
784316     DEBUG Test worker     d.u.i.k.j.JavaProgramElement Program match failed (pattern true;, source result + 1;) 
784316     DEBUG Test worker     d.u.i.k.j.JavaProgramElement Program match failed (pattern false;, source result + 1;) 
784321     DEBUG Test worker     d.u.i.k.j.JavaProgramElement Program match failed (pattern true;, source (int) i_15;) 
784321     DEBUG Test worker     d.u.i.k.j.JavaProgramElement Program match failed (pattern false;, source (int) i_15;) 
784321     DEBUG Test worker     d.u.i.k.j.JavaProgramElement Program match failed (pattern true;, source (int) i_15;) 
784321     DEBUG Test worker     d.u.i.k.j.JavaProgramElement Program match failed (pattern false;, source (int) i_15;) 
784327     DEBUG Test worker     d.u.i.k.j.JavaProgramElement Program match failed (pattern true;, source (int) i_15;) 
784327     DEBUG Test worker     d.u.i.k.j.JavaProgramElement Program match failed (pattern false;, source (int) i_15;) 
784327     DEBUG Test worker     d.u.i.k.j.JavaProgramElement Program match failed (pattern true;, source (int) i_15;) 
784327     DEBUG Test worker     d.u.i.k.j.JavaProgramElement Program match failed (pattern false;, source (int) i_15;) 
784330     DEBUG Test worker     d.u.i.k.j.JavaProgramElement Program match failed (pattern true;, source (int) i_15;) 
784330     DEBUG Test worker     d.u.i.k.j.JavaProgramElement Program match failed (pattern false;, source (int) i_15;) 
784330     DEBUG Test worker     d.u.i.k.j.JavaProgramElement Program match failed (pattern true;, source (int) i_15;) 
784330     DEBUG Test worker     d.u.i.k.j.JavaProgramElement Program match failed (pattern false;, source (int) i_15;) 
784335     DEBUG Test worker     d.u.i.k.j.JavaProgramElement Program match failed (pattern true;, source (int) i_15;) 
784335     DEBUG Test worker     d.u.i.k.j.JavaProgramElement Program match failed (pattern false;, source (int) i_15;) 
784335     DEBUG Test worker     d.u.i.k.j.JavaProgramElement Program match failed (pattern true;, source (int) i_15;) 
784336     DEBUG Test worker     d.u.i.k.j.JavaProgramElement Program match failed (pattern false;, source (int) i_15;) 
784342     DEBUG Test worker     d.u.i.k.j.JavaProgramElement Program match failed (pattern true;, source i_15) 
784342     DEBUG Test worker     d.u.i.k.j.JavaProgramElement Program match failed (pattern false;, source i_15) 
784343     DEBUG Test worker     d.u.i.k.j.JavaProgramElement Program match failed (pattern true;, source i_15) 
784343     DEBUG Test worker     d.u.i.k.j.JavaProgramElement Program match failed (pattern false;, source i_15) 
798440     DEBUG Test worker     d.u.i.k.j.JavaProgramElement Program match failed (pattern true;, source (int) (j + 1);) 
798440     DEBUG Test worker     d.u.i.k.j.JavaProgramElement Program match failed (pattern false;, source (int) (j + 1);) 
798440     DEBUG Test worker     d.u.i.k.j.JavaProgramElement Program match failed (pattern true;, source (int) (j + 1);) 
798440     DEBUG Test worker     d.u.i.k.j.JavaProgramElement Program match failed (pattern false;, source (int) (j + 1);) 
798446     DEBUG Test worker     d.u.i.k.j.JavaProgramElement Program match failed (pattern true;, source (j + 1);) 
798446     DEBUG Test worker     d.u.i.k.j.JavaProgramElement Program match failed (pattern false;, source (j + 1);) 
798446     DEBUG Test worker     d.u.i.k.j.JavaProgramElement Program match failed (pattern true;, source (j + 1);) 
798446     DEBUG Test worker     d.u.i.k.j.JavaProgramElement Program match failed (pattern false;, source (j + 1);) 
798451     DEBUG Test worker     d.u.i.k.j.JavaProgramElement Program match failed (pattern true;, source j + 1;) 
798451     DEBUG Test worker     d.u.i.k.j.JavaProgramElement Program match failed (pattern false;, source j + 1;) 
798451     DEBUG Test worker     d.u.i.k.j.JavaProgramElement Program match failed (pattern true;, source j + 1;) 
798451     DEBUG Test worker     d.u.i.k.j.JavaProgramElement Program match failed (pattern false;, source j + 1;) 
798455     DEBUG Test worker     d.u.i.k.j.JavaProgramElement Program match failed (pattern true;, source (int) i_13;) 
798455     DEBUG Test worker     d.u.i.k.j.JavaProgramElement Program match failed (pattern false;, source (int) i_13;) 
798455     DEBUG Test worker     d.u.i.k.j.JavaProgramElement Program match failed (pattern true;, source (int) i_13;) 
798455     DEBUG Test worker     d.u.i.k.j.JavaProgramElement Program match failed (pattern false;, source (int) i_13;) 
798459     DEBUG Test worker     d.u.i.k.j.JavaProgramElement Program match failed (pattern true;, source (int) i_13;) 
798459     DEBUG Test worker     d.u.i.k.j.JavaProgramElement Program match failed (pattern false;, source (int) i_13;) 
798459     DEBUG Test worker     d.u.i.k.j.JavaProgramElement Program match failed (pattern true;, source (int) i_13;) 
798460     DEBUG Test worker     d.u.i.k.j.JavaProgramElement Program match failed (pattern false;, source (int) i_13;) 
798462     DEBUG Test worker     d.u.i.k.j.JavaProgramElement Program match failed (pattern true;, source (int) i_13;) 
798462     DEBUG Test worker     d.u.i.k.j.JavaProgramElement Program match failed (pattern false;, source (int) i_13;) 
798462     DEBUG Test worker     d.u.i.k.j.JavaProgramElement Program match failed (pattern true;, source (int) i_13;) 
798462     DEBUG Test worker     d.u.i.k.j.JavaProgramElement Program match failed (pattern false;, source (int) i_13;) 
798463     DEBUG Test worker     d.u.i.k.j.JavaProgramElement Program match failed (pattern true;, source (int) i_13;) 
798463     DEBUG Test worker     d.u.i.k.j.JavaProgramElement Program match failed (pattern false;, source (int) i_13;) 
798463     DEBUG Test worker     d.u.i.k.j.JavaProgramElement Program match failed (pattern true;, source (int) i_13;) 
798463     DEBUG Test worker     d.u.i.k.j.JavaProgramElement Program match failed (pattern false;, source (int) i_13;) 
798468     DEBUG Test worker     d.u.i.k.j.JavaProgramElement Program match failed (pattern true;, source i_13) 
798468     DEBUG Test worker     d.u.i.k.j.JavaProgramElement Program match failed (pattern false;, source i_13) 
798468     DEBUG Test worker     d.u.i.k.j.JavaProgramElement Program match failed (pattern true;, source i_13) 
798468     DEBUG Test worker     d.u.i.k.j.JavaProgramElement Program match failed (pattern false;, source i_13) 
801292     DEBUG Test worker     d.u.i.k.j.JavaProgramElement Program match failed (pattern true;, source (int) (i + 1);) 
801292     DEBUG Test worker     d.u.i.k.j.JavaProgramElement Program match failed (pattern false;, source (int) (i + 1);) 
801292     DEBUG Test worker     d.u.i.k.j.JavaProgramElement Program match failed (pattern true;, source (int) (i + 1);) 
801292     DEBUG Test worker     d.u.i.k.j.JavaProgramElement Program match failed (pattern false;, source (int) (i + 1);) 
801298     DEBUG Test worker     d.u.i.k.j.JavaProgramElement Program match failed (pattern true;, source (i + 1);) 
801298     DEBUG Test worker     d.u.i.k.j.JavaProgramElement Program match failed (pattern false;, source (i + 1);) 
801298     DEBUG Test worker     d.u.i.k.j.JavaProgramElement Program match failed (pattern true;, source (i + 1);) 
801298     DEBUG Test worker     d.u.i.k.j.JavaProgramElement Program match failed (pattern false;, source (i + 1);) 
801304     DEBUG Test worker     d.u.i.k.j.JavaProgramElement Program match failed (pattern true;, source i + 1;) 
801304     DEBUG Test worker     d.u.i.k.j.JavaProgramElement Program match failed (pattern false;, source i + 1;) 
801304     DEBUG Test worker     d.u.i.k.j.JavaProgramElement Program match failed (pattern true;, source i + 1;) 
801304     DEBUG Test worker     d.u.i.k.j.JavaProgramElement Program match failed (pattern false;, source i + 1;) 
801308     DEBUG Test worker     d.u.i.k.j.JavaProgramElement Program match failed (pattern true;, source (int) i_11;) 
801308     DEBUG Test worker     d.u.i.k.j.JavaProgramElement Program match failed (pattern false;, source (int) i_11;) 
801308     DEBUG Test worker     d.u.i.k.j.JavaProgramElement Program match failed (pattern true;, source (int) i_11;) 
801308     DEBUG Test worker     d.u.i.k.j.JavaProgramElement Program match failed (pattern false;, source (int) i_11;) 
801312     DEBUG Test worker     d.u.i.k.j.JavaProgramElement Program match failed (pattern true;, source (int) i_11;) 
801312     DEBUG Test worker     d.u.i.k.j.JavaProgramElement Program match failed (pattern false;, source (int) i_11;) 
801312     DEBUG Test worker     d.u.i.k.j.JavaProgramElement Program match failed (pattern true;, source (int) i_11;) 
801312     DEBUG Test worker     d.u.i.k.j.JavaProgramElement Program match failed (pattern false;, source (int) i_11;) 
801314     DEBUG Test worker     d.u.i.k.j.JavaProgramElement Program match failed (pattern true;, source (int) i_11;) 
801314     DEBUG Test worker     d.u.i.k.j.JavaProgramElement Program match failed (pattern false;, source (int) i_11;) 
801314     DEBUG Test worker     d.u.i.k.j.JavaProgramElement Program match failed (pattern true;, source (int) i_11;) 
801314     DEBUG Test worker     d.u.i.k.j.JavaProgramElement Program match failed (pattern false;, source (int) i_11;) 
801315     DEBUG Test worker     d.u.i.k.j.JavaProgramElement Program match failed (pattern true;, source (int) i_11;) 
801315     DEBUG Test worker     d.u.i.k.j.JavaProgramElement Program match failed (pattern false;, source (int) i_11;) 
801315     DEBUG Test worker     d.u.i.k.j.JavaProgramElement Program match failed (pattern true;, source (int) i_11;) 
801315     DEBUG Test worker     d.u.i.k.j.JavaProgramElement Program match failed (pattern false;, source (int) i_11;) 
801415     DEBUG Test worker     d.u.i.k.j.JavaProgramElement Program match failed (pattern true;, source i_11) 
801416     DEBUG Test worker     d.u.i.k.j.JavaProgramElement Program match failed (pattern false;, source i_11) 
801416     DEBUG Test worker     d.u.i.k.j.JavaProgramElement Program match failed (pattern true;, source i_11) 
801416     DEBUG Test worker     d.u.i.k.j.JavaProgramElement Program match failed (pattern false;, source i_11) 
801917     DEBUG Test worker     d.u.i.k.j.JavaProgramElement Program match failed (pattern true;, source false;) 
801917     DEBUG Test worker     d.u.i.k.j.JavaProgramElement Program match failed (pattern true;, source false;) 
801921     DEBUG Test worker     d.u.i.k.j.JavaProgramElement Program match failed (pattern true;, source false;) 
801921     DEBUG Test worker     d.u.i.k.j.JavaProgramElement Program match failed (pattern true;, source false;) 
802102     INFO  Test worker     d.u.i.k.p.i.AbstractProblemLoader Loading environment from src/test/resources/testcase/proofStarter/CC/project.key 
802103     DEBUG Test worker     d.u.i.k.p.i.AbstractProblemLoader Environment load took 76.2ns 
802103     INFO  Test worker     d.u.i.k.p.i.AbstractProblemLoader Creating init config 
805188     DEBUG Test worker     d.u.i.k.p.i.AbstractProblemLoader Init config took 3.08s 
805232     INFO  Test worker     d.u.i.k.p.i.AbstractProblemLoader Replaying proof CC[CC::calcCoinIndex([I,[I)].JML normal_behavior operation contract.0 
805233     DEBUG Test worker     d.u.i.k.p.i.IntermediateProofReplayer Proof replay took 76.3ns 
805239     DEBUG Test worker     d.u.i.k.j.JavaProgramElement Program match failed (pattern true;, source null;) 
805239     DEBUG Test worker     d.u.i.k.j.JavaProgramElement Program match failed (pattern false;, source null;) 
805239     DEBUG Test worker     d.u.i.k.j.JavaProgramElement Program match failed (pattern true;, source null;) 
805239     DEBUG Test worker     d.u.i.k.j.JavaProgramElement Program match failed (pattern false;, source null;) 
805246     DEBUG Test worker     d.u.i.k.j.JavaProgramElement Program match failed (pattern true;, source null;) 
805246     DEBUG Test worker     d.u.i.k.j.JavaProgramElement Program match failed (pattern false;, source null;) 
805246     DEBUG Test worker     d.u.i.k.j.JavaProgramElement Program match failed (pattern true;, source null;) 
805246     DEBUG Test worker     d.u.i.k.j.JavaProgramElement Program match failed (pattern false;, source null;) 
805247     DEBUG Test worker     d.u.i.k.j.JavaProgramElement Program match failed (pattern true;, source null;) 
805247     DEBUG Test worker     d.u.i.k.j.JavaProgramElement Program match failed (pattern false;, source null;) 
805247     DEBUG Test worker     d.u.i.k.j.JavaProgramElement Program match failed (pattern true;, source null;) 
805247     DEBUG Test worker     d.u.i.k.j.JavaProgramElement Program match failed (pattern false;, source null;) 
805248     DEBUG Test worker     d.u.i.k.j.JavaProgramElement Program match failed (pattern true;, source null;) 
805248     DEBUG Test worker     d.u.i.k.j.JavaProgramElement Program match failed (pattern false;, source null;) 
805248     DEBUG Test worker     d.u.i.k.j.JavaProgramElement Program match failed (pattern true;, source null;) 
805249     DEBUG Test worker     d.u.i.k.j.JavaProgramElement Program match failed (pattern false;, source null;) 
805254     DEBUG Test worker     d.u.i.k.j.JavaProgramElement Program match failed (pattern true;, source null;) 
805254     DEBUG Test worker     d.u.i.k.j.JavaProgramElement Program match failed (pattern false;, source null;) 
805255     DEBUG Test worker     d.u.i.k.j.JavaProgramElement Program match failed (pattern true;, source null;) 
805255     DEBUG Test worker     d.u.i.k.j.JavaProgramElement Program match failed (pattern false;, source null;) 
805255     DEBUG Test worker     d.u.i.k.j.JavaProgramElement Program match failed (pattern true;, source null;) 
805255     DEBUG Test worker     d.u.i.k.j.JavaProgramElement Program match failed (pattern false;, source null;) 
805255     DEBUG Test worker     d.u.i.k.j.JavaProgramElement Program match failed (pattern true;, source null;) 
805255     DEBUG Test worker     d.u.i.k.j.JavaProgramElement Program match failed (pattern false;, source null;) 
805257     DEBUG Test worker     d.u.i.k.j.JavaProgramElement Program match failed (pattern true;, source null;) 
805257     DEBUG Test worker     d.u.i.k.j.JavaProgramElement Program match failed (pattern false;, source null;) 
805257     DEBUG Test worker     d.u.i.k.j.JavaProgramElement Program match failed (pattern true;, source null;) 
805257     DEBUG Test worker     d.u.i.k.j.JavaProgramElement Program match failed (pattern false;, source null;) 
805270     DEBUG Test worker     d.u.i.k.j.JavaProgramElement Program match failed (pattern true;, source null;) 
805270     DEBUG Test worker     d.u.i.k.j.JavaProgramElement Program match failed (pattern false;, source null;) 
805270     DEBUG Test worker     d.u.i.k.j.JavaProgramElement Program match failed (pattern true;, source null;) 
805270     DEBUG Test worker     d.u.i.k.j.JavaProgramElement Program match failed (pattern false;, source null;) 
805271     DEBUG Test worker     d.u.i.k.j.JavaProgramElement Program match failed (pattern true;, source null;) 
805271     DEBUG Test worker     d.u.i.k.j.JavaProgramElement Program match failed (pattern false;, source null;) 
805271     DEBUG Test worker     d.u.i.k.j.JavaProgramElement Program match failed (pattern true;, source null;) 
805271     DEBUG Test worker     d.u.i.k.j.JavaProgramElement Program match failed (pattern false;, source null;) 
805274     DEBUG Test worker     d.u.i.k.j.JavaProgramElement Program match failed (pattern true;, source null;) 
805274     DEBUG Test worker     d.u.i.k.j.JavaProgramElement Program match failed (pattern false;, source null;) 
805274     DEBUG Test worker     d.u.i.k.j.JavaProgramElement Program match failed (pattern true;, source null;) 
805274     DEBUG Test worker     d.u.i.k.j.JavaProgramElement Program match failed (pattern false;, source null;) 
805360     DEBUG Test worker     d.u.i.k.j.JavaProgramElement Program match failed (pattern true;, source 0) 
805361     DEBUG Test worker     d.u.i.k.j.JavaProgramElement Program match failed (pattern false;, source 0) 
805361     DEBUG Test worker     d.u.i.k.j.JavaProgramElement Program match failed (pattern true;, source 0) 
805361     DEBUG Test worker     d.u.i.k.j.JavaProgramElement Program match failed (pattern false;, source 0) 
805369     DEBUG Test worker     d.u.i.k.j.JavaProgramElement Program match failed (pattern true;, source 0) 
805370     DEBUG Test worker     d.u.i.k.j.JavaProgramElement Program match failed (pattern false;, source 0) 
805370     DEBUG Test worker     d.u.i.k.j.JavaProgramElement Program match failed (pattern true;, source 0) 
805370     DEBUG Test worker     d.u.i.k.j.JavaProgramElement Program match failed (pattern false;, source 0) 
805381     DEBUG Test worker     d.u.i.k.j.JavaProgramElement Program match failed (pattern true;, source 0) 
805381     DEBUG Test worker     d.u.i.k.j.JavaProgramElement Program match failed (pattern false;, source 0) 
805381     DEBUG Test worker     d.u.i.k.j.JavaProgramElement Program match failed (pattern true;, source 0) 
805381     DEBUG Test worker     d.u.i.k.j.JavaProgramElement Program match failed (pattern false;, source 0) 
805577     DEBUG Test worker     d.u.i.k.j.JavaProgramElement Program match failed (pattern true;, source i < _a.length && j < _b.length;) 
805577     DEBUG Test worker     d.u.i.k.j.JavaProgramElement Program match failed (pattern false;, source i < _a.length && j < _b.length;) 
805577     DEBUG Test worker     d.u.i.k.j.JavaProgramElement Program match failed (pattern true;, source i < _a.length && j < _b.length;) 
805577     DEBUG Test worker     d.u.i.k.j.JavaProgramElement Program match failed (pattern false;, source i < _a.length && j < _b.length;) 
805672     DEBUG Test worker     d.u.i.k.j.JavaProgramElement Program match failed (pattern true;, source !i < _a.length;) 
805672     DEBUG Test worker     d.u.i.k.j.JavaProgramElement Program match failed (pattern false;, source !i < _a.length;) 
805672     DEBUG Test worker     d.u.i.k.j.JavaProgramElement Program match failed (pattern true;, source !i < _a.length;) 
805672     DEBUG Test worker     d.u.i.k.j.JavaProgramElement Program match failed (pattern false;, source !i < _a.length;) 
805676     DEBUG Test worker     d.u.i.k.j.JavaProgramElement Program match failed (pattern true;, source i < _a.length;) 
805676     DEBUG Test worker     d.u.i.k.j.JavaProgramElement Program match failed (pattern false;, source i < _a.length;) 
805677     DEBUG Test worker     d.u.i.k.j.JavaProgramElement Program match failed (pattern true;, source i < _a.length;) 
805677     DEBUG Test worker     d.u.i.k.j.JavaProgramElement Program match failed (pattern false;, source i < _a.length;) 
805681     DEBUG Test worker     d.u.i.k.j.JavaProgramElement Program match failed (pattern true;, source i) 
805681     DEBUG Test worker     d.u.i.k.j.JavaProgramElement Program match failed (pattern false;, source i) 
805681     DEBUG Test worker     d.u.i.k.j.JavaProgramElement Program match failed (pattern true;, source i) 
805681     DEBUG Test worker     d.u.i.k.j.JavaProgramElement Program match failed (pattern false;, source i) 
805688     DEBUG Test worker     d.u.i.k.j.JavaProgramElement Program match failed (pattern true;, source _a.length;) 
805688     DEBUG Test worker     d.u.i.k.j.JavaProgramElement Program match failed (pattern false;, source _a.length;) 
805688     DEBUG Test worker     d.u.i.k.j.JavaProgramElement Program match failed (pattern true;, source _a.length;) 
805688     DEBUG Test worker     d.u.i.k.j.JavaProgramElement Program match failed (pattern false;, source _a.length;) 
805690     DEBUG Test worker     d.u.i.k.j.JavaProgramElement Program match failed (pattern true;, source i_1 < i_2;) 
805690     DEBUG Test worker     d.u.i.k.j.JavaProgramElement Program match failed (pattern false;, source i_1 < i_2;) 
805690     DEBUG Test worker     d.u.i.k.j.JavaProgramElement Program match failed (pattern true;, source i_1 < i_2;) 
805690     DEBUG Test worker     d.u.i.k.j.JavaProgramElement Program match failed (pattern false;, source i_1 < i_2;) 
805694     DEBUG Test worker     d.u.i.k.j.JavaProgramElement Program match failed (pattern true;, source i_1 < i_2;) 
805694     DEBUG Test worker     d.u.i.k.j.JavaProgramElement Program match failed (pattern false;, source i_1 < i_2;) 
805694     DEBUG Test worker     d.u.i.k.j.JavaProgramElement Program match failed (pattern true;, source i_1 < i_2;) 
805694     DEBUG Test worker     d.u.i.k.j.JavaProgramElement Program match failed (pattern false;, source i_1 < i_2;) 
805696     DEBUG Test worker     d.u.i.k.j.JavaProgramElement Program match failed (pattern true;, source i_1 < i_2;) 
805696     DEBUG Test worker     d.u.i.k.j.JavaProgramElement Program match failed (pattern false;, source i_1 < i_2;) 
805696     DEBUG Test worker     d.u.i.k.j.JavaProgramElement Program match failed (pattern true;, source i_1 < i_2;) 
805696     DEBUG Test worker     d.u.i.k.j.JavaProgramElement Program match failed (pattern false;, source i_1 < i_2;) 
805697     DEBUG Test worker     d.u.i.k.j.JavaProgramElement Program match failed (pattern true;, source i_1 < i_2;) 
805697     DEBUG Test worker     d.u.i.k.j.JavaProgramElement Program match failed (pattern false;, source i_1 < i_2;) 
805697     DEBUG Test worker     d.u.i.k.j.JavaProgramElement Program match failed (pattern true;, source i_1 < i_2;) 
805697     DEBUG Test worker     d.u.i.k.j.JavaProgramElement Program match failed (pattern false;, source i_1 < i_2;) 
805698     DEBUG Test worker     d.u.i.k.j.JavaProgramElement Program match failed (pattern true;, source i_1 < i_2;) 
805698     DEBUG Test worker     d.u.i.k.j.JavaProgramElement Program match failed (pattern false;, source i_1 < i_2;) 
805698     DEBUG Test worker     d.u.i.k.j.JavaProgramElement Program match failed (pattern true;, source i_1 < i_2;) 
805698     DEBUG Test worker     d.u.i.k.j.JavaProgramElement Program match failed (pattern false;, source i_1 < i_2;) 
805699     DEBUG Test worker     d.u.i.k.j.JavaProgramElement Program match failed (pattern true;, source i_1 < i_2;) 
805699     DEBUG Test worker     d.u.i.k.j.JavaProgramElement Program match failed (pattern false;, source i_1 < i_2;) 
805699     DEBUG Test worker     d.u.i.k.j.JavaProgramElement Program match failed (pattern true;, source i_1 < i_2;) 
805699     DEBUG Test worker     d.u.i.k.j.JavaProgramElement Program match failed (pattern false;, source i_1 < i_2;) 
805700     DEBUG Test worker     d.u.i.k.j.JavaProgramElement Program match failed (pattern true;, source i_1 < i_2;) 
805700     DEBUG Test worker     d.u.i.k.j.JavaProgramElement Program match failed (pattern false;, source i_1 < i_2;) 
805700     DEBUG Test worker     d.u.i.k.j.JavaProgramElement Program match failed (pattern true;, source i_1 < i_2;) 
805700     DEBUG Test worker     d.u.i.k.j.JavaProgramElement Program match failed (pattern false;, source i_1 < i_2;) 
805704     DEBUG Test worker     d.u.i.k.j.JavaProgramElement Program match failed (pattern true;, source !b_2;) 
805704     DEBUG Test worker     d.u.i.k.j.JavaProgramElement Program match failed (pattern false;, source !b_2;) 
805704     DEBUG Test worker     d.u.i.k.j.JavaProgramElement Program match failed (pattern true;, source !b_2;) 
805704     DEBUG Test worker     d.u.i.k.j.JavaProgramElement Program match failed (pattern false;, source !b_2;) 
805707     DEBUG Test worker     d.u.i.k.j.JavaProgramElement Program match failed (pattern true;, source !b_2;) 
805707     DEBUG Test worker     d.u.i.k.j.JavaProgramElement Program match failed (pattern false;, source !b_2;) 
805707     DEBUG Test worker     d.u.i.k.j.JavaProgramElement Program match failed (pattern true;, source !b_2;) 
805707     DEBUG Test worker     d.u.i.k.j.JavaProgramElement Program match failed (pattern false;, source !b_2;) 
805709     DEBUG Test worker     d.u.i.k.j.JavaProgramElement Program match failed (pattern true;, source !b_2;) 
805709     DEBUG Test worker     d.u.i.k.j.JavaProgramElement Program match failed (pattern false;, source !b_2;) 
805709     DEBUG Test worker     d.u.i.k.j.JavaProgramElement Program match failed (pattern true;, source !b_2;) 
805709     DEBUG Test worker     d.u.i.k.j.JavaProgramElement Program match failed (pattern false;, source !b_2;) 
805710     DEBUG Test worker     d.u.i.k.j.JavaProgramElement Program match failed (pattern true;, source !b_2;) 
805710     DEBUG Test worker     d.u.i.k.j.JavaProgramElement Program match failed (pattern false;, source !b_2;) 
805710     DEBUG Test worker     d.u.i.k.j.JavaProgramElement Program match failed (pattern true;, source !b_2;) 
805710     DEBUG Test worker     d.u.i.k.j.JavaProgramElement Program match failed (pattern false;, source !b_2;) 
805711     DEBUG Test worker     d.u.i.k.j.JavaProgramElement Program match failed (pattern true;, source !b_2;) 
805711     DEBUG Test worker     d.u.i.k.j.JavaProgramElement Program match failed (pattern false;, source !b_2;) 
805711     DEBUG Test worker     d.u.i.k.j.JavaProgramElement Program match failed (pattern true;, source !b_2;) 
805711     DEBUG Test worker     d.u.i.k.j.JavaProgramElement Program match failed (pattern false;, source !b_2;) 
805712     DEBUG Test worker     d.u.i.k.j.JavaProgramElement Program match failed (pattern true;, source !b_2;) 
805713     DEBUG Test worker     d.u.i.k.j.JavaProgramElement Program match failed (pattern false;, source !b_2;) 
805713     DEBUG Test worker     d.u.i.k.j.JavaProgramElement Program match failed (pattern true;, source !b_2;) 
805713     DEBUG Test worker     d.u.i.k.j.JavaProgramElement Program match failed (pattern false;, source !b_2;) 
805714     DEBUG Test worker     d.u.i.k.j.JavaProgramElement Program match failed (pattern true;, source !b_2;) 
805714     DEBUG Test worker     d.u.i.k.j.JavaProgramElement Program match failed (pattern false;, source !b_2;) 
805714     DEBUG Test worker     d.u.i.k.j.JavaProgramElement Program match failed (pattern true;, source !b_2;) 
805714     DEBUG Test worker     d.u.i.k.j.JavaProgramElement Program match failed (pattern false;, source !b_2;) 
805715     DEBUG Test worker     d.u.i.k.j.JavaProgramElement Program match failed (pattern true;, source !b_2;) 
805715     DEBUG Test worker     d.u.i.k.j.JavaProgramElement Program match failed (pattern false;, source !b_2;) 
805715     DEBUG Test worker     d.u.i.k.j.JavaProgramElement Program match failed (pattern true;, source !b_2;) 
805715     DEBUG Test worker     d.u.i.k.j.JavaProgramElement Program match failed (pattern false;, source !b_2;) 
805716     DEBUG Test worker     d.u.i.k.j.JavaProgramElement Program match failed (pattern true;, source !b_2;) 
805716     DEBUG Test worker     d.u.i.k.j.JavaProgramElement Program match failed (pattern false;, source !b_2;) 
805716     DEBUG Test worker     d.u.i.k.j.JavaProgramElement Program match failed (pattern true;, source !b_2;) 
805716     DEBUG Test worker     d.u.i.k.j.JavaProgramElement Program match failed (pattern false;, source !b_2;) 
805717     DEBUG Test worker     d.u.i.k.j.JavaProgramElement Program match failed (pattern true;, source !b_2;) 
805717     DEBUG Test worker     d.u.i.k.j.JavaProgramElement Program match failed (pattern false;, source !b_2;) 
805718     DEBUG Test worker     d.u.i.k.j.JavaProgramElement Program match failed (pattern true;, source !b_2;) 
805718     DEBUG Test worker     d.u.i.k.j.JavaProgramElement Program match failed (pattern false;, source !b_2;) 
805718     DEBUG Test worker     d.u.i.k.j.JavaProgramElement Program match failed (pattern true;, source !b_2;) 
805719     DEBUG Test worker     d.u.i.k.j.JavaProgramElement Program match failed (pattern false;, source !b_2;) 
805719     DEBUG Test worker     d.u.i.k.j.JavaProgramElement Program match failed (pattern true;, source !b_2;) 
805719     DEBUG Test worker     d.u.i.k.j.JavaProgramElement Program match failed (pattern false;, source !b_2;) 
805720     DEBUG Test worker     d.u.i.k.j.JavaProgramElement Program match failed (pattern true;, source !b_2;) 
805720     DEBUG Test worker     d.u.i.k.j.JavaProgramElement Program match failed (pattern false;, source !b_2;) 
805720     DEBUG Test worker     d.u.i.k.j.JavaProgramElement Program match failed (pattern true;, source !b_2;) 
805720     DEBUG Test worker     d.u.i.k.j.JavaProgramElement Program match failed (pattern false;, source !b_2;) 
805721     DEBUG Test worker     d.u.i.k.j.JavaProgramElement Program match failed (pattern true;, source !b_2;) 
805721     DEBUG Test worker     d.u.i.k.j.JavaProgramElement Program match failed (pattern false;, source !b_2;) 
805721     DEBUG Test worker     d.u.i.k.j.JavaProgramElement Program match failed (pattern true;, source !b_2;) 
805721     DEBUG Test worker     d.u.i.k.j.JavaProgramElement Program match failed (pattern false;, source !b_2;) 
805722     DEBUG Test worker     d.u.i.k.j.JavaProgramElement Program match failed (pattern true;, source !b_2;) 
805722     DEBUG Test worker     d.u.i.k.j.JavaProgramElement Program match failed (pattern false;, source !b_2;) 
805722     DEBUG Test worker     d.u.i.k.j.JavaProgramElement Program match failed (pattern true;, source !b_2;) 
805722     DEBUG Test worker     d.u.i.k.j.JavaProgramElement Program match failed (pattern false;, source !b_2;) 
805723     DEBUG Test worker     d.u.i.k.j.JavaProgramElement Program match failed (pattern true;, source !b_2;) 
805723     DEBUG Test worker     d.u.i.k.j.JavaProgramElement Program match failed (pattern false;, source !b_2;) 
805723     DEBUG Test worker     d.u.i.k.j.JavaProgramElement Program match failed (pattern true;, source !b_2;) 
805723     DEBUG Test worker     d.u.i.k.j.JavaProgramElement Program match failed (pattern false;, source !b_2;) 
805725     DEBUG Test worker     d.u.i.k.j.JavaProgramElement Program match failed (pattern true;, source !b_2;) 
805725     DEBUG Test worker     d.u.i.k.j.JavaProgramElement Program match failed (pattern false;, source !b_2;) 
805725     DEBUG Test worker     d.u.i.k.j.JavaProgramElement Program match failed (pattern true;, source !b_2;) 
805725     DEBUG Test worker     d.u.i.k.j.JavaProgramElement Program match failed (pattern false;, source !b_2;) 
805730     DEBUG Test worker     d.u.i.k.j.JavaProgramElement Program match failed (pattern true;, source !b_2;) 
805730     DEBUG Test worker     d.u.i.k.j.JavaProgramElement Program match failed (pattern false;, source !b_2;) 
805730     DEBUG Test worker     d.u.i.k.j.JavaProgramElement Program match failed (pattern true;, source !b_2;) 
805730     DEBUG Test worker     d.u.i.k.j.JavaProgramElement Program match failed (pattern false;, source !b_2;) 
805731     DEBUG Test worker     d.u.i.k.j.JavaProgramElement Program match failed (pattern true;, source !b_2;) 
805731     DEBUG Test worker     d.u.i.k.j.JavaProgramElement Program match failed (pattern false;, source !b_2;) 
805731     DEBUG Test worker     d.u.i.k.j.JavaProgramElement Program match failed (pattern true;, source !b_2;) 
805732     DEBUG Test worker     d.u.i.k.j.JavaProgramElement Program match failed (pattern false;, source !b_2;) 
805733     DEBUG Test worker     d.u.i.k.j.JavaProgramElement Program match failed (pattern true;, source !b_2;) 
805733     DEBUG Test worker     d.u.i.k.j.JavaProgramElement Program match failed (pattern false;, source !b_2;) 
805733     DEBUG Test worker     d.u.i.k.j.JavaProgramElement Program match failed (pattern true;, source !b_2;) 
805733     DEBUG Test worker     d.u.i.k.j.JavaProgramElement Program match failed (pattern false;, source !b_2;) 
805757     DEBUG Test worker     d.u.i.k.j.JavaProgramElement Program match failed (pattern false;, source j < _b.length;) 
805758     DEBUG Test worker     d.u.i.k.j.JavaProgramElement Program match failed (pattern true;, source j < _b.length;) 
805758     DEBUG Test worker     d.u.i.k.j.JavaProgramElement Program match failed (pattern false;, source j < _b.length;) 
805758     DEBUG Test worker     d.u.i.k.j.JavaProgramElement Program match failed (pattern true;, source j < _b.length;) 
805758     DEBUG Test worker     d.u.i.k.j.JavaProgramElement Program match failed (pattern true;, source j < _b.length;) 
805758     DEBUG Test worker     d.u.i.k.j.JavaProgramElement Program match failed (pattern false;, source j < _b.length;) 
805758     DEBUG Test worker     d.u.i.k.j.JavaProgramElement Program match failed (pattern true;, source j < _b.length;) 
805758     DEBUG Test worker     d.u.i.k.j.JavaProgramElement Program match failed (pattern false;, source j < _b.length;) 
805760     DEBUG Test worker     d.u.i.k.j.JavaProgramElement Program match failed (pattern true;, source false;) 
805760     DEBUG Test worker     d.u.i.k.j.JavaProgramElement Program match failed (pattern true;, source false;) 
805762     DEBUG Test worker     d.u.i.k.j.JavaProgramElement Program match failed (pattern false;, source j < _b.length;) 
805762     DEBUG Test worker     d.u.i.k.j.JavaProgramElement Program match failed (pattern true;, source j < _b.length;) 
805762     DEBUG Test worker     d.u.i.k.j.JavaProgramElement Program match failed (pattern false;, source j < _b.length;) 
805762     DEBUG Test worker     d.u.i.k.j.JavaProgramElement Program match failed (pattern true;, source j < _b.length;) 
805762     DEBUG Test worker     d.u.i.k.j.JavaProgramElement Program match failed (pattern true;, source j < _b.length;) 
805762     DEBUG Test worker     d.u.i.k.j.JavaProgramElement Program match failed (pattern false;, source j < _b.length;) 
805762     DEBUG Test worker     d.u.i.k.j.JavaProgramElement Program match failed (pattern true;, source j < _b.length;) 
805762     DEBUG Test worker     d.u.i.k.j.JavaProgramElement Program match failed (pattern false;, source j < _b.length;) 
805783     DEBUG Test worker     d.u.i.k.j.JavaProgramElement Program match failed (pattern true;, source j) 
805785     DEBUG Test worker     d.u.i.k.j.JavaProgramElement Program match failed (pattern false;, source j) 
805785     DEBUG Test worker     d.u.i.k.j.JavaProgramElement Program match failed (pattern true;, source j) 
805785     DEBUG Test worker     d.u.i.k.j.JavaProgramElement Program match failed (pattern false;, source j) 
805792     DEBUG Test worker     d.u.i.k.j.JavaProgramElement Program match failed (pattern true;, source _b.length;) 
805792     DEBUG Test worker     d.u.i.k.j.JavaProgramElement Program match failed (pattern false;, source _b.length;) 
805792     DEBUG Test worker     d.u.i.k.j.JavaProgramElement Program match failed (pattern true;, source _b.length;) 
805792     DEBUG Test worker     d.u.i.k.j.JavaProgramElement Program match failed (pattern false;, source _b.length;) 
805794     DEBUG Test worker     d.u.i.k.j.JavaProgramElement Program match failed (pattern true;, source i_3 < i_4;) 
805794     DEBUG Test worker     d.u.i.k.j.JavaProgramElement Program match failed (pattern false;, source i_3 < i_4;) 
805794     DEBUG Test worker     d.u.i.k.j.JavaProgramElement Program match failed (pattern true;, source i_3 < i_4;) 
805794     DEBUG Test worker     d.u.i.k.j.JavaProgramElement Program match failed (pattern false;, source i_3 < i_4;) 
805798     DEBUG Test worker     d.u.i.k.j.JavaProgramElement Program match failed (pattern true;, source i_3 < i_4;) 
805798     DEBUG Test worker     d.u.i.k.j.JavaProgramElement Program match failed (pattern false;, source i_3 < i_4;) 
805798     DEBUG Test worker     d.u.i.k.j.JavaProgramElement Program match failed (pattern true;, source i_3 < i_4;) 
805798     DEBUG Test worker     d.u.i.k.j.JavaProgramElement Program match failed (pattern false;, source i_3 < i_4;) 
805799     DEBUG Test worker     d.u.i.k.j.JavaProgramElement Program match failed (pattern true;, source i_3 < i_4;) 
805800     DEBUG Test worker     d.u.i.k.j.JavaProgramElement Program match failed (pattern false;, source i_3 < i_4;) 
805800     DEBUG Test worker     d.u.i.k.j.JavaProgramElement Program match failed (pattern true;, source i_3 < i_4;) 
805800     DEBUG Test worker     d.u.i.k.j.JavaProgramElement Program match failed (pattern false;, source i_3 < i_4;) 
805800     DEBUG Test worker     d.u.i.k.j.JavaProgramElement Program match failed (pattern true;, source i_3 < i_4;) 
805800     DEBUG Test worker     d.u.i.k.j.JavaProgramElement Program match failed (pattern false;, source i_3 < i_4;) 
805800     DEBUG Test worker     d.u.i.k.j.JavaProgramElement Program match failed (pattern true;, source i_3 < i_4;) 
805800     DEBUG Test worker     d.u.i.k.j.JavaProgramElement Program match failed (pattern false;, source i_3 < i_4;) 
805801     DEBUG Test worker     d.u.i.k.j.JavaProgramElement Program match failed (pattern true;, source i_3 < i_4;) 
805801     DEBUG Test worker     d.u.i.k.j.JavaProgramElement Program match failed (pattern false;, source i_3 < i_4;) 
805801     DEBUG Test worker     d.u.i.k.j.JavaProgramElement Program match failed (pattern true;, source i_3 < i_4;) 
805801     DEBUG Test worker     d.u.i.k.j.JavaProgramElement Program match failed (pattern false;, source i_3 < i_4;) 
805803     DEBUG Test worker     d.u.i.k.j.JavaProgramElement Program match failed (pattern true;, source i_3 < i_4;) 
805803     DEBUG Test worker     d.u.i.k.j.JavaProgramElement Program match failed (pattern false;, source i_3 < i_4;) 
805803     DEBUG Test worker     d.u.i.k.j.JavaProgramElement Program match failed (pattern true;, source i_3 < i_4;) 
805803     DEBUG Test worker     d.u.i.k.j.JavaProgramElement Program match failed (pattern false;, source i_3 < i_4;) 
805804     DEBUG Test worker     d.u.i.k.j.JavaProgramElement Program match failed (pattern true;, source i_3 < i_4;) 
805804     DEBUG Test worker     d.u.i.k.j.JavaProgramElement Program match failed (pattern false;, source i_3 < i_4;) 
805804     DEBUG Test worker     d.u.i.k.j.JavaProgramElement Program match failed (pattern true;, source i_3 < i_4;) 
805804     DEBUG Test worker     d.u.i.k.j.JavaProgramElement Program match failed (pattern false;, source i_3 < i_4;) 
805856     DEBUG Test worker     d.u.i.k.j.JavaProgramElement Program match failed (pattern true;, source result) 
805856     DEBUG Test worker     d.u.i.k.j.JavaProgramElement Program match failed (pattern false;, source result) 
805857     DEBUG Test worker     d.u.i.k.j.JavaProgramElement Program match failed (pattern true;, source result) 
805857     DEBUG Test worker     d.u.i.k.j.JavaProgramElement Program match failed (pattern false;, source result) 
806075     DEBUG Test worker     d.u.i.k.j.JavaProgramElement Program match failed (pattern true;, source false;) 
806075     DEBUG Test worker     d.u.i.k.j.JavaProgramElement Program match failed (pattern true;, source false;) 
810108     DEBUG Test worker     d.u.i.k.j.JavaProgramElement Program match failed (pattern true;, source i < _a.length && j < _b.length;) 
810108     DEBUG Test worker     d.u.i.k.j.JavaProgramElement Program match failed (pattern false;, source i < _a.length && j < _b.length;) 
810108     DEBUG Test worker     d.u.i.k.j.JavaProgramElement Program match failed (pattern true;, source i < _a.length && j < _b.length;) 
810109     DEBUG Test worker     d.u.i.k.j.JavaProgramElement Program match failed (pattern false;, source i < _a.length && j < _b.length;) 
810110     DEBUG Test worker     d.u.i.k.j.JavaProgramElement Program match failed (pattern true;, source false;) 
810110     DEBUG Test worker     d.u.i.k.j.JavaProgramElement Program match failed (pattern true;, source false;) 
810212     DEBUG Test worker     d.u.i.k.j.JavaProgramElement Program match failed (pattern true;, source i < _a.length && j < _b.length;) 
810212     DEBUG Test worker     d.u.i.k.j.JavaProgramElement Program match failed (pattern false;, source i < _a.length && j < _b.length;) 
810212     DEBUG Test worker     d.u.i.k.j.JavaProgramElement Program match failed (pattern true;, source i < _a.length && j < _b.length;) 
810212     DEBUG Test worker     d.u.i.k.j.JavaProgramElement Program match failed (pattern false;, source i < _a.length && j < _b.length;) 
810213     DEBUG Test worker     d.u.i.k.j.JavaProgramElement Program match failed (pattern true;, source i < _a.length && j < _b.length;) 
810213     DEBUG Test worker     d.u.i.k.j.JavaProgramElement Program match failed (pattern false;, source i < _a.length && j < _b.length;) 
810213     DEBUG Test worker     d.u.i.k.j.JavaProgramElement Program match failed (pattern true;, source i < _a.length && j < _b.length;) 
810213     DEBUG Test worker     d.u.i.k.j.JavaProgramElement Program match failed (pattern false;, source i < _a.length && j < _b.length;) 
810333     DEBUG Test worker     d.u.i.k.j.JavaProgramElement Program match failed (pattern true;, source i < _a.length && j < _b.length;) 
810334     DEBUG Test worker     d.u.i.k.j.JavaProgramElement Program match failed (pattern false;, source i < _a.length && j < _b.length;) 
810334     DEBUG Test worker     d.u.i.k.j.JavaProgramElement Program match failed (pattern true;, source i < _a.length && j < _b.length;) 
810334     DEBUG Test worker     d.u.i.k.j.JavaProgramElement Program match failed (pattern false;, source i < _a.length && j < _b.length;) 
810347     DEBUG Test worker     d.u.i.k.j.JavaProgramElement Program match failed (pattern true;, source !i < _a.length;) 
810347     DEBUG Test worker     d.u.i.k.j.JavaProgramElement Program match failed (pattern false;, source !i < _a.length;) 
810347     DEBUG Test worker     d.u.i.k.j.JavaProgramElement Program match failed (pattern true;, source !i < _a.length;) 
810347     DEBUG Test worker     d.u.i.k.j.JavaProgramElement Program match failed (pattern false;, source !i < _a.length;) 
810355     DEBUG Test worker     d.u.i.k.j.JavaProgramElement Program match failed (pattern true;, source i < _a.length;) 
810356     DEBUG Test worker     d.u.i.k.j.JavaProgramElement Program match failed (pattern false;, source i < _a.length;) 
810356     DEBUG Test worker     d.u.i.k.j.JavaProgramElement Program match failed (pattern true;, source i < _a.length;) 
810356     DEBUG Test worker     d.u.i.k.j.JavaProgramElement Program match failed (pattern false;, source i < _a.length;) 
810360     DEBUG Test worker     d.u.i.k.j.JavaProgramElement Program match failed (pattern true;, source i) 
810360     DEBUG Test worker     d.u.i.k.j.JavaProgramElement Program match failed (pattern false;, source i) 
810360     DEBUG Test worker     d.u.i.k.j.JavaProgramElement Program match failed (pattern true;, source i) 
810360     DEBUG Test worker     d.u.i.k.j.JavaProgramElement Program match failed (pattern false;, source i) 
810365     DEBUG Test worker     d.u.i.k.j.JavaProgramElement Program match failed (pattern true;, source _a.length;) 
810365     DEBUG Test worker     d.u.i.k.j.JavaProgramElement Program match failed (pattern false;, source _a.length;) 
810365     DEBUG Test worker     d.u.i.k.j.JavaProgramElement Program match failed (pattern true;, source _a.length;) 
810365     DEBUG Test worker     d.u.i.k.j.JavaProgramElement Program match failed (pattern false;, source _a.length;) 
810367     DEBUG Test worker     d.u.i.k.j.JavaProgramElement Program match failed (pattern true;, source i_1 < i_2;) 
810367     DEBUG Test worker     d.u.i.k.j.JavaProgramElement Program match failed (pattern false;, source i_1 < i_2;) 
810367     DEBUG Test worker     d.u.i.k.j.JavaProgramElement Program match failed (pattern true;, source i_1 < i_2;) 
810367     DEBUG Test worker     d.u.i.k.j.JavaProgramElement Program match failed (pattern false;, source i_1 < i_2;) 
810369     DEBUG Test worker     d.u.i.k.j.JavaProgramElement Program match failed (pattern true;, source i_1 < i_2;) 
810369     DEBUG Test worker     d.u.i.k.j.JavaProgramElement Program match failed (pattern false;, source i_1 < i_2;) 
810369     DEBUG Test worker     d.u.i.k.j.JavaProgramElement Program match failed (pattern true;, source i_1 < i_2;) 
810369     DEBUG Test worker     d.u.i.k.j.JavaProgramElement Program match failed (pattern false;, source i_1 < i_2;) 
810370     DEBUG Test worker     d.u.i.k.j.JavaProgramElement Program match failed (pattern true;, source i_1 < i_2;) 
810370     DEBUG Test worker     d.u.i.k.j.JavaProgramElement Program match failed (pattern false;, source i_1 < i_2;) 
810370     DEBUG Test worker     d.u.i.k.j.JavaProgramElement Program match failed (pattern true;, source i_1 < i_2;) 
810370     DEBUG Test worker     d.u.i.k.j.JavaProgramElement Program match failed (pattern false;, source i_1 < i_2;) 
810371     DEBUG Test worker     d.u.i.k.j.JavaProgramElement Program match failed (pattern true;, source i_1 < i_2;) 
810371     DEBUG Test worker     d.u.i.k.j.JavaProgramElement Program match failed (pattern false;, source i_1 < i_2;) 
810371     DEBUG Test worker     d.u.i.k.j.JavaProgramElement Program match failed (pattern true;, source i_1 < i_2;) 
810371     DEBUG Test worker     d.u.i.k.j.JavaProgramElement Program match failed (pattern false;, source i_1 < i_2;) 
810372     DEBUG Test worker     d.u.i.k.j.JavaProgramElement Program match failed (pattern true;, source i_1 < i_2;) 
810372     DEBUG Test worker     d.u.i.k.j.JavaProgramElement Program match failed (pattern false;, source i_1 < i_2;) 
810372     DEBUG Test worker     d.u.i.k.j.JavaProgramElement Program match failed (pattern true;, source i_1 < i_2;) 
810372     DEBUG Test worker     d.u.i.k.j.JavaProgramElement Program match failed (pattern false;, source i_1 < i_2;) 
810373     DEBUG Test worker     d.u.i.k.j.JavaProgramElement Program match failed (pattern true;, source i_1 < i_2;) 
810373     DEBUG Test worker     d.u.i.k.j.JavaProgramElement Program match failed (pattern false;, source i_1 < i_2;) 
810373     DEBUG Test worker     d.u.i.k.j.JavaProgramElement Program match failed (pattern true;, source i_1 < i_2;) 
810373     DEBUG Test worker     d.u.i.k.j.JavaProgramElement Program match failed (pattern false;, source i_1 < i_2;) 
810374     DEBUG Test worker     d.u.i.k.j.JavaProgramElement Program match failed (pattern true;, source i_1 < i_2;) 
810374     DEBUG Test worker     d.u.i.k.j.JavaProgramElement Program match failed (pattern false;, source i_1 < i_2;) 
810374     DEBUG Test worker     d.u.i.k.j.JavaProgramElement Program match failed (pattern true;, source i_1 < i_2;) 
810374     DEBUG Test worker     d.u.i.k.j.JavaProgramElement Program match failed (pattern false;, source i_1 < i_2;) 
810378     DEBUG Test worker     d.u.i.k.j.JavaProgramElement Program match failed (pattern true;, source !b_3;) 
810378     DEBUG Test worker     d.u.i.k.j.JavaProgramElement Program match failed (pattern false;, source !b_3;) 
810378     DEBUG Test worker     d.u.i.k.j.JavaProgramElement Program match failed (pattern true;, source !b_3;) 
810378     DEBUG Test worker     d.u.i.k.j.JavaProgramElement Program match failed (pattern false;, source !b_3;) 
810379     DEBUG Test worker     d.u.i.k.j.JavaProgramElement Program match failed (pattern true;, source !b_3;) 
810379     DEBUG Test worker     d.u.i.k.j.JavaProgramElement Program match failed (pattern false;, source !b_3;) 
810379     DEBUG Test worker     d.u.i.k.j.JavaProgramElement Program match failed (pattern true;, source !b_3;) 
810379     DEBUG Test worker     d.u.i.k.j.JavaProgramElement Program match failed (pattern false;, source !b_3;) 
810381     DEBUG Test worker     d.u.i.k.j.JavaProgramElement Program match failed (pattern true;, source !b_3;) 
810381     DEBUG Test worker     d.u.i.k.j.JavaProgramElement Program match failed (pattern false;, source !b_3;) 
810381     DEBUG Test worker     d.u.i.k.j.JavaProgramElement Program match failed (pattern true;, source !b_3;) 
810381     DEBUG Test worker     d.u.i.k.j.JavaProgramElement Program match failed (pattern false;, source !b_3;) 
810382     DEBUG Test worker     d.u.i.k.j.JavaProgramElement Program match failed (pattern true;, source !b_3;) 
810382     DEBUG Test worker     d.u.i.k.j.JavaProgramElement Program match failed (pattern false;, source !b_3;) 
810382     DEBUG Test worker     d.u.i.k.j.JavaProgramElement Program match failed (pattern true;, source !b_3;) 
810382     DEBUG Test worker     d.u.i.k.j.JavaProgramElement Program match failed (pattern false;, source !b_3;) 
810383     DEBUG Test worker     d.u.i.k.j.JavaProgramElement Program match failed (pattern true;, source !b_3;) 
810383     DEBUG Test worker     d.u.i.k.j.JavaProgramElement Program match failed (pattern false;, source !b_3;) 
810383     DEBUG Test worker     d.u.i.k.j.JavaProgramElement Program match failed (pattern true;, source !b_3;) 
810383     DEBUG Test worker     d.u.i.k.j.JavaProgramElement Program match failed (pattern false;, source !b_3;) 
810384     DEBUG Test worker     d.u.i.k.j.JavaProgramElement Program match failed (pattern true;, source !b_3;) 
810384     DEBUG Test worker     d.u.i.k.j.JavaProgramElement Program match failed (pattern false;, source !b_3;) 
810384     DEBUG Test worker     d.u.i.k.j.JavaProgramElement Program match failed (pattern true;, source !b_3;) 
810384     DEBUG Test worker     d.u.i.k.j.JavaProgramElement Program match failed (pattern false;, source !b_3;) 
810386     DEBUG Test worker     d.u.i.k.j.JavaProgramElement Program match failed (pattern true;, source !b_3;) 
810386     DEBUG Test worker     d.u.i.k.j.JavaProgramElement Program match failed (pattern false;, source !b_3;) 
810386     DEBUG Test worker     d.u.i.k.j.JavaProgramElement Program match failed (pattern true;, source !b_3;) 
810386     DEBUG Test worker     d.u.i.k.j.JavaProgramElement Program match failed (pattern false;, source !b_3;) 
810387     DEBUG Test worker     d.u.i.k.j.JavaProgramElement Program match failed (pattern true;, source !b_3;) 
810387     DEBUG Test worker     d.u.i.k.j.JavaProgramElement Program match failed (pattern false;, source !b_3;) 
810387     DEBUG Test worker     d.u.i.k.j.JavaProgramElement Program match failed (pattern true;, source !b_3;) 
810387     DEBUG Test worker     d.u.i.k.j.JavaProgramElement Program match failed (pattern false;, source !b_3;) 
810388     DEBUG Test worker     d.u.i.k.j.JavaProgramElement Program match failed (pattern true;, source !b_3;) 
810388     DEBUG Test worker     d.u.i.k.j.JavaProgramElement Program match failed (pattern false;, source !b_3;) 
810388     DEBUG Test worker     d.u.i.k.j.JavaProgramElement Program match failed (pattern true;, source !b_3;) 
810388     DEBUG Test worker     d.u.i.k.j.JavaProgramElement Program match failed (pattern false;, source !b_3;) 
810389     DEBUG Test worker     d.u.i.k.j.JavaProgramElement Program match failed (pattern true;, source !b_3;) 
810389     DEBUG Test worker     d.u.i.k.j.JavaProgramElement Program match failed (pattern false;, source !b_3;) 
810389     DEBUG Test worker     d.u.i.k.j.JavaProgramElement Program match failed (pattern true;, source !b_3;) 
810389     DEBUG Test worker     d.u.i.k.j.JavaProgramElement Program match failed (pattern false;, source !b_3;) 
810390     DEBUG Test worker     d.u.i.k.j.JavaProgramElement Program match failed (pattern true;, source !b_3;) 
810390     DEBUG Test worker     d.u.i.k.j.JavaProgramElement Program match failed (pattern false;, source !b_3;) 
810391     DEBUG Test worker     d.u.i.k.j.JavaProgramElement Program match failed (pattern true;, source !b_3;) 
810391     DEBUG Test worker     d.u.i.k.j.JavaProgramElement Program match failed (pattern false;, source !b_3;) 
810391     DEBUG Test worker     d.u.i.k.j.JavaProgramElement Program match failed (pattern true;, source !b_3;) 
810392     DEBUG Test worker     d.u.i.k.j.JavaProgramElement Program match failed (pattern false;, source !b_3;) 
810392     DEBUG Test worker     d.u.i.k.j.JavaProgramElement Program match failed (pattern true;, source !b_3;) 
810392     DEBUG Test worker     d.u.i.k.j.JavaProgramElement Program match failed (pattern false;, source !b_3;) 
810392     DEBUG Test worker     d.u.i.k.j.JavaProgramElement Program match failed (pattern true;, source !b_3;) 
810392     DEBUG Test worker     d.u.i.k.j.JavaProgramElement Program match failed (pattern false;, source !b_3;) 
810392     DEBUG Test worker     d.u.i.k.j.JavaProgramElement Program match failed (pattern true;, source !b_3;) 
810392     DEBUG Test worker     d.u.i.k.j.JavaProgramElement Program match failed (pattern false;, source !b_3;) 
810394     DEBUG Test worker     d.u.i.k.j.JavaProgramElement Program match failed (pattern true;, source !b_3;) 
810394     DEBUG Test worker     d.u.i.k.j.JavaProgramElement Program match failed (pattern false;, source !b_3;) 
810394     DEBUG Test worker     d.u.i.k.j.JavaProgramElement Program match failed (pattern true;, source !b_3;) 
810394     DEBUG Test worker     d.u.i.k.j.JavaProgramElement Program match failed (pattern false;, source !b_3;) 
810395     DEBUG Test worker     d.u.i.k.j.JavaProgramElement Program match failed (pattern true;, source !b_3;) 
810395     DEBUG Test worker     d.u.i.k.j.JavaProgramElement Program match failed (pattern false;, source !b_3;) 
810395     DEBUG Test worker     d.u.i.k.j.JavaProgramElement Program match failed (pattern true;, source !b_3;) 
810395     DEBUG Test worker     d.u.i.k.j.JavaProgramElement Program match failed (pattern false;, source !b_3;) 
810396     DEBUG Test worker     d.u.i.k.j.JavaProgramElement Program match failed (pattern true;, source !b_3;) 
810396     DEBUG Test worker     d.u.i.k.j.JavaProgramElement Program match failed (pattern false;, source !b_3;) 
810396     DEBUG Test worker     d.u.i.k.j.JavaProgramElement Program match failed (pattern true;, source !b_3;) 
810396     DEBUG Test worker     d.u.i.k.j.JavaProgramElement Program match failed (pattern false;, source !b_3;) 
810401     DEBUG Test worker     d.u.i.k.j.JavaProgramElement Program match failed (pattern true;, source !b_3;) 
810401     DEBUG Test worker     d.u.i.k.j.JavaProgramElement Program match failed (pattern false;, source !b_3;) 
810401     DEBUG Test worker     d.u.i.k.j.JavaProgramElement Program match failed (pattern true;, source !b_3;) 
810401     DEBUG Test worker     d.u.i.k.j.JavaProgramElement Program match failed (pattern false;, source !b_3;) 
810402     DEBUG Test worker     d.u.i.k.j.JavaProgramElement Program match failed (pattern true;, source !b_3;) 
810402     DEBUG Test worker     d.u.i.k.j.JavaProgramElement Program match failed (pattern false;, source !b_3;) 
810402     DEBUG Test worker     d.u.i.k.j.JavaProgramElement Program match failed (pattern true;, source !b_3;) 
810402     DEBUG Test worker     d.u.i.k.j.JavaProgramElement Program match failed (pattern false;, source !b_3;) 
810404     DEBUG Test worker     d.u.i.k.j.JavaProgramElement Program match failed (pattern true;, source !b_3;) 
810404     DEBUG Test worker     d.u.i.k.j.JavaProgramElement Program match failed (pattern false;, source !b_3;) 
810404     DEBUG Test worker     d.u.i.k.j.JavaProgramElement Program match failed (pattern true;, source !b_3;) 
810404     DEBUG Test worker     d.u.i.k.j.JavaProgramElement Program match failed (pattern false;, source !b_3;) 
810432     DEBUG Test worker     d.u.i.k.j.JavaProgramElement Program match failed (pattern true;, source !i < _a.length;) 
810432     DEBUG Test worker     d.u.i.k.j.JavaProgramElement Program match failed (pattern false;, source !i < _a.length;) 
810432     DEBUG Test worker     d.u.i.k.j.JavaProgramElement Program match failed (pattern true;, source !i < _a.length;) 
810432     DEBUG Test worker     d.u.i.k.j.JavaProgramElement Program match failed (pattern false;, source !i < _a.length;) 
810439     DEBUG Test worker     d.u.i.k.j.JavaProgramElement Program match failed (pattern true;, source i < _a.length;) 
810439     DEBUG Test worker     d.u.i.k.j.JavaProgramElement Program match failed (pattern false;, source i < _a.length;) 
810439     DEBUG Test worker     d.u.i.k.j.JavaProgramElement Program match failed (pattern true;, source i < _a.length;) 
810439     DEBUG Test worker     d.u.i.k.j.JavaProgramElement Program match failed (pattern false;, source i < _a.length;) 
810445     DEBUG Test worker     d.u.i.k.j.JavaProgramElement Program match failed (pattern true;, source i) 
810445     DEBUG Test worker     d.u.i.k.j.JavaProgramElement Program match failed (pattern false;, source i) 
810445     DEBUG Test worker     d.u.i.k.j.JavaProgramElement Program match failed (pattern true;, source i) 
810445     DEBUG Test worker     d.u.i.k.j.JavaProgramElement Program match failed (pattern false;, source i) 
810456     DEBUG Test worker     d.u.i.k.j.JavaProgramElement Program match failed (pattern true;, source _a.length;) 
810456     DEBUG Test worker     d.u.i.k.j.JavaProgramElement Program match failed (pattern false;, source _a.length;) 
810456     DEBUG Test worker     d.u.i.k.j.JavaProgramElement Program match failed (pattern true;, source _a.length;) 
810456     DEBUG Test worker     d.u.i.k.j.JavaProgramElement Program match failed (pattern false;, source _a.length;) 
810460     DEBUG Test worker     d.u.i.k.j.JavaProgramElement Program match failed (pattern true;, source i_3 < i_4;) 
810460     DEBUG Test worker     d.u.i.k.j.JavaProgramElement Program match failed (pattern false;, source i_3 < i_4;) 
810460     DEBUG Test worker     d.u.i.k.j.JavaProgramElement Program match failed (pattern true;, source i_3 < i_4;) 
810460     DEBUG Test worker     d.u.i.k.j.JavaProgramElement Program match failed (pattern false;, source i_3 < i_4;) 
810465     DEBUG Test worker     d.u.i.k.j.JavaProgramElement Program match failed (pattern true;, source i_3 < i_4;) 
810465     DEBUG Test worker     d.u.i.k.j.JavaProgramElement Program match failed (pattern false;, source i_3 < i_4;) 
810465     DEBUG Test worker     d.u.i.k.j.JavaProgramElement Program match failed (pattern true;, source i_3 < i_4;) 
810465     DEBUG Test worker     d.u.i.k.j.JavaProgramElement Program match failed (pattern false;, source i_3 < i_4;) 
810467     DEBUG Test worker     d.u.i.k.j.JavaProgramElement Program match failed (pattern true;, source i_3 < i_4;) 
810467     DEBUG Test worker     d.u.i.k.j.JavaProgramElement Program match failed (pattern false;, source i_3 < i_4;) 
810467     DEBUG Test worker     d.u.i.k.j.JavaProgramElement Program match failed (pattern true;, source i_3 < i_4;) 
810467     DEBUG Test worker     d.u.i.k.j.JavaProgramElement Program match failed (pattern false;, source i_3 < i_4;) 
810468     DEBUG Test worker     d.u.i.k.j.JavaProgramElement Program match failed (pattern true;, source i_3 < i_4;) 
810468     DEBUG Test worker     d.u.i.k.j.JavaProgramElement Program match failed (pattern false;, source i_3 < i_4;) 
810468     DEBUG Test worker     d.u.i.k.j.JavaProgramElement Program match failed (pattern true;, source i_3 < i_4;) 
810468     DEBUG Test worker     d.u.i.k.j.JavaProgramElement Program match failed (pattern false;, source i_3 < i_4;) 
810469     DEBUG Test worker     d.u.i.k.j.JavaProgramElement Program match failed (pattern true;, source i_3 < i_4;) 
810469     DEBUG Test worker     d.u.i.k.j.JavaProgramElement Program match failed (pattern false;, source i_3 < i_4;) 
810469     DEBUG Test worker     d.u.i.k.j.JavaProgramElement Program match failed (pattern true;, source i_3 < i_4;) 
810469     DEBUG Test worker     d.u.i.k.j.JavaProgramElement Program match failed (pattern false;, source i_3 < i_4;) 
810470     DEBUG Test worker     d.u.i.k.j.JavaProgramElement Program match failed (pattern true;, source i_3 < i_4;) 
810470     DEBUG Test worker     d.u.i.k.j.JavaProgramElement Program match failed (pattern false;, source i_3 < i_4;) 
810470     DEBUG Test worker     d.u.i.k.j.JavaProgramElement Program match failed (pattern true;, source i_3 < i_4;) 
810470     DEBUG Test worker     d.u.i.k.j.JavaProgramElement Program match failed (pattern false;, source i_3 < i_4;) 
810476     DEBUG Test worker     d.u.i.k.j.JavaProgramElement Program match failed (pattern true;, source !b_5;) 
810476     DEBUG Test worker     d.u.i.k.j.JavaProgramElement Program match failed (pattern false;, source !b_5;) 
810476     DEBUG Test worker     d.u.i.k.j.JavaProgramElement Program match failed (pattern true;, source !b_5;) 
810476     DEBUG Test worker     d.u.i.k.j.JavaProgramElement Program match failed (pattern false;, source !b_5;) 
810481     DEBUG Test worker     d.u.i.k.j.JavaProgramElement Program match failed (pattern true;, source !b_5;) 
810481     DEBUG Test worker     d.u.i.k.j.JavaProgramElement Program match failed (pattern false;, source !b_5;) 
810481     DEBUG Test worker     d.u.i.k.j.JavaProgramElement Program match failed (pattern true;, source !b_5;) 
810481     DEBUG Test worker     d.u.i.k.j.JavaProgramElement Program match failed (pattern false;, source !b_5;) 
810485     DEBUG Test worker     d.u.i.k.j.JavaProgramElement Program match failed (pattern true;, source !b_5;) 
810485     DEBUG Test worker     d.u.i.k.j.JavaProgramElement Program match failed (pattern false;, source !b_5;) 
810485     DEBUG Test worker     d.u.i.k.j.JavaProgramElement Program match failed (pattern true;, source !b_5;) 
810485     DEBUG Test worker     d.u.i.k.j.JavaProgramElement Program match failed (pattern false;, source !b_5;) 
810487     DEBUG Test worker     d.u.i.k.j.JavaProgramElement Program match failed (pattern true;, source !b_5;) 
810487     DEBUG Test worker     d.u.i.k.j.JavaProgramElement Program match failed (pattern false;, source !b_5;) 
810487     DEBUG Test worker     d.u.i.k.j.JavaProgramElement Program match failed (pattern true;, source !b_5;) 
810487     DEBUG Test worker     d.u.i.k.j.JavaProgramElement Program match failed (pattern false;, source !b_5;) 
810488     DEBUG Test worker     d.u.i.k.j.JavaProgramElement Program match failed (pattern true;, source !b_5;) 
810488     DEBUG Test worker     d.u.i.k.j.JavaProgramElement Program match failed (pattern false;, source !b_5;) 
810488     DEBUG Test worker     d.u.i.k.j.JavaProgramElement Program match failed (pattern true;, source !b_5;) 
810488     DEBUG Test worker     d.u.i.k.j.JavaProgramElement Program match failed (pattern false;, source !b_5;) 
810490     DEBUG Test worker     d.u.i.k.j.JavaProgramElement Program match failed (pattern true;, source !b_5;) 
810490     DEBUG Test worker     d.u.i.k.j.JavaProgramElement Program match failed (pattern false;, source !b_5;) 
810490     DEBUG Test worker     d.u.i.k.j.JavaProgramElement Program match failed (pattern true;, source !b_5;) 
810490     DEBUG Test worker     d.u.i.k.j.JavaProgramElement Program match failed (pattern false;, source !b_5;) 
810491     DEBUG Test worker     d.u.i.k.j.JavaProgramElement Program match failed (pattern true;, source !b_5;) 
810491     DEBUG Test worker     d.u.i.k.j.JavaProgramElement Program match failed (pattern false;, source !b_5;) 
810491     DEBUG Test worker     d.u.i.k.j.JavaProgramElement Program match failed (pattern true;, source !b_5;) 
810491     DEBUG Test worker     d.u.i.k.j.JavaProgramElement Program match failed (pattern false;, source !b_5;) 
810492     DEBUG Test worker     d.u.i.k.j.JavaProgramElement Program match failed (pattern true;, source !b_5;) 
810492     DEBUG Test worker     d.u.i.k.j.JavaProgramElement Program match failed (pattern false;, source !b_5;) 
810492     DEBUG Test worker     d.u.i.k.j.JavaProgramElement Program match failed (pattern true;, source !b_5;) 
810492     DEBUG Test worker     d.u.i.k.j.JavaProgramElement Program match failed (pattern false;, source !b_5;) 
810494     DEBUG Test worker     d.u.i.k.j.JavaProgramElement Program match failed (pattern true;, source !b_5;) 
810494     DEBUG Test worker     d.u.i.k.j.JavaProgramElement Program match failed (pattern false;, source !b_5;) 
810494     DEBUG Test worker     d.u.i.k.j.JavaProgramElement Program match failed (pattern true;, source !b_5;) 
810494     DEBUG Test worker     d.u.i.k.j.JavaProgramElement Program match failed (pattern false;, source !b_5;) 
810495     DEBUG Test worker     d.u.i.k.j.JavaProgramElement Program match failed (pattern true;, source !b_5;) 
810495     DEBUG Test worker     d.u.i.k.j.JavaProgramElement Program match failed (pattern false;, source !b_5;) 
810495     DEBUG Test worker     d.u.i.k.j.JavaProgramElement Program match failed (pattern true;, source !b_5;) 
810495     DEBUG Test worker     d.u.i.k.j.JavaProgramElement Program match failed (pattern false;, source !b_5;) 
810496     DEBUG Test worker     d.u.i.k.j.JavaProgramElement Program match failed (pattern true;, source !b_5;) 
810496     DEBUG Test worker     d.u.i.k.j.JavaProgramElement Program match failed (pattern false;, source !b_5;) 
810496     DEBUG Test worker     d.u.i.k.j.JavaProgramElement Program match failed (pattern true;, source !b_5;) 
810496     DEBUG Test worker     d.u.i.k.j.JavaProgramElement Program match failed (pattern false;, source !b_5;) 
810497     DEBUG Test worker     d.u.i.k.j.JavaProgramElement Program match failed (pattern true;, source !b_5;) 
810497     DEBUG Test worker     d.u.i.k.j.JavaProgramElement Program match failed (pattern false;, source !b_5;) 
810497     DEBUG Test worker     d.u.i.k.j.JavaProgramElement Program match failed (pattern true;, source !b_5;) 
810497     DEBUG Test worker     d.u.i.k.j.JavaProgramElement Program match failed (pattern false;, source !b_5;) 
810498     DEBUG Test worker     d.u.i.k.j.JavaProgramElement Program match failed (pattern true;, source !b_5;) 
810498     DEBUG Test worker     d.u.i.k.j.JavaProgramElement Program match failed (pattern false;, source !b_5;) 
810498     DEBUG Test worker     d.u.i.k.j.JavaProgramElement Program match failed (pattern true;, source !b_5;) 
810499     DEBUG Test worker     d.u.i.k.j.JavaProgramElement Program match failed (pattern false;, source !b_5;) 
810500     DEBUG Test worker     d.u.i.k.j.JavaProgramElement Program match failed (pattern true;, source !b_5;) 
810500     DEBUG Test worker     d.u.i.k.j.JavaProgramElement Program match failed (pattern false;, source !b_5;) 
810500     DEBUG Test worker     d.u.i.k.j.JavaProgramElement Program match failed (pattern true;, source !b_5;) 
810500     DEBUG Test worker     d.u.i.k.j.JavaProgramElement Program match failed (pattern false;, source !b_5;) 
810502     DEBUG Test worker     d.u.i.k.j.JavaProgramElement Program match failed (pattern true;, source !b_5;) 
810502     DEBUG Test worker     d.u.i.k.j.JavaProgramElement Program match failed (pattern false;, source !b_5;) 
810502     DEBUG Test worker     d.u.i.k.j.JavaProgramElement Program match failed (pattern true;, source !b_5;) 
810502     DEBUG Test worker     d.u.i.k.j.JavaProgramElement Program match failed (pattern false;, source !b_5;) 
810503     DEBUG Test worker     d.u.i.k.j.JavaProgramElement Program match failed (pattern true;, source !b_5;) 
810503     DEBUG Test worker     d.u.i.k.j.JavaProgramElement Program match failed (pattern false;, source !b_5;) 
810503     DEBUG Test worker     d.u.i.k.j.JavaProgramElement Program match failed (pattern true;, source !b_5;) 
810503     DEBUG Test worker     d.u.i.k.j.JavaProgramElement Program match failed (pattern false;, source !b_5;) 
810509     DEBUG Test worker     d.u.i.k.j.JavaProgramElement Program match failed (pattern true;, source !b_5;) 
810509     DEBUG Test worker     d.u.i.k.j.JavaProgramElement Program match failed (pattern false;, source !b_5;) 
810509     DEBUG Test worker     d.u.i.k.j.JavaProgramElement Program match failed (pattern true;, source !b_5;) 
810509     DEBUG Test worker     d.u.i.k.j.JavaProgramElement Program match failed (pattern false;, source !b_5;) 
810511     DEBUG Test worker     d.u.i.k.j.JavaProgramElement Program match failed (pattern true;, source !b_5;) 
810511     DEBUG Test worker     d.u.i.k.j.JavaProgramElement Program match failed (pattern false;, source !b_5;) 
810511     DEBUG Test worker     d.u.i.k.j.JavaProgramElement Program match failed (pattern true;, source !b_5;) 
810511     DEBUG Test worker     d.u.i.k.j.JavaProgramElement Program match failed (pattern false;, source !b_5;) 
810512     DEBUG Test worker     d.u.i.k.j.JavaProgramElement Program match failed (pattern true;, source !b_5;) 
810512     DEBUG Test worker     d.u.i.k.j.JavaProgramElement Program match failed (pattern false;, source !b_5;) 
810512     DEBUG Test worker     d.u.i.k.j.JavaProgramElement Program match failed (pattern true;, source !b_5;) 
810512     DEBUG Test worker     d.u.i.k.j.JavaProgramElement Program match failed (pattern false;, source !b_5;) 
810548     DEBUG Test worker     d.u.i.k.j.JavaProgramElement Program match failed (pattern false;, source j < _b.length;) 
810548     DEBUG Test worker     d.u.i.k.j.JavaProgramElement Program match failed (pattern true;, source j < _b.length;) 
810548     DEBUG Test worker     d.u.i.k.j.JavaProgramElement Program match failed (pattern false;, source j < _b.length;) 
810548     DEBUG Test worker     d.u.i.k.j.JavaProgramElement Program match failed (pattern true;, source j < _b.length;) 
810548     DEBUG Test worker     d.u.i.k.j.JavaProgramElement Program match failed (pattern true;, source j < _b.length;) 
810548     DEBUG Test worker     d.u.i.k.j.JavaProgramElement Program match failed (pattern false;, source j < _b.length;) 
810548     DEBUG Test worker     d.u.i.k.j.JavaProgramElement Program match failed (pattern true;, source j < _b.length;) 
810548     DEBUG Test worker     d.u.i.k.j.JavaProgramElement Program match failed (pattern false;, source j < _b.length;) 
810549     DEBUG Test worker     d.u.i.k.j.JavaProgramElement Program match failed (pattern true;, source false;) 
810549     DEBUG Test worker     d.u.i.k.j.JavaProgramElement Program match failed (pattern true;, source false;) 
810550     DEBUG Test worker     d.u.i.k.j.JavaProgramElement Program match failed (pattern false;, source j < _b.length;) 
810551     DEBUG Test worker     d.u.i.k.j.JavaProgramElement Program match failed (pattern true;, source j < _b.length;) 
810551     DEBUG Test worker     d.u.i.k.j.JavaProgramElement Program match failed (pattern false;, source j < _b.length;) 
810551     DEBUG Test worker     d.u.i.k.j.JavaProgramElement Program match failed (pattern true;, source j < _b.length;) 
810551     DEBUG Test worker     d.u.i.k.j.JavaProgramElement Program match failed (pattern true;, source j < _b.length;) 
810551     DEBUG Test worker     d.u.i.k.j.JavaProgramElement Program match failed (pattern false;, source j < _b.length;) 
810551     DEBUG Test worker     d.u.i.k.j.JavaProgramElement Program match failed (pattern true;, source j < _b.length;) 
810551     DEBUG Test worker     d.u.i.k.j.JavaProgramElement Program match failed (pattern false;, source j < _b.length;) 
810574     DEBUG Test worker     d.u.i.k.j.JavaProgramElement Program match failed (pattern true;, source j) 
810574     DEBUG Test worker     d.u.i.k.j.JavaProgramElement Program match failed (pattern false;, source j) 
810574     DEBUG Test worker     d.u.i.k.j.JavaProgramElement Program match failed (pattern true;, source j) 
810574     DEBUG Test worker     d.u.i.k.j.JavaProgramElement Program match failed (pattern false;, source j) 
810578     DEBUG Test worker     d.u.i.k.j.JavaProgramElement Program match failed (pattern true;, source _b.length;) 
810578     DEBUG Test worker     d.u.i.k.j.JavaProgramElement Program match failed (pattern false;, source _b.length;) 
810578     DEBUG Test worker     d.u.i.k.j.JavaProgramElement Program match failed (pattern true;, source _b.length;) 
810578     DEBUG Test worker     d.u.i.k.j.JavaProgramElement Program match failed (pattern false;, source _b.length;) 
810580     DEBUG Test worker     d.u.i.k.j.JavaProgramElement Program match failed (pattern true;, source i_5 < i_6;) 
810580     DEBUG Test worker     d.u.i.k.j.JavaProgramElement Program match failed (pattern false;, source i_5 < i_6;) 
810580     DEBUG Test worker     d.u.i.k.j.JavaProgramElement Program match failed (pattern true;, source i_5 < i_6;) 
810580     DEBUG Test worker     d.u.i.k.j.JavaProgramElement Program match failed (pattern false;, source i_5 < i_6;) 
810583     DEBUG Test worker     d.u.i.k.j.JavaProgramElement Program match failed (pattern true;, source i_5 < i_6;) 
810583     DEBUG Test worker     d.u.i.k.j.JavaProgramElement Program match failed (pattern false;, source i_5 < i_6;) 
810583     DEBUG Test worker     d.u.i.k.j.JavaProgramElement Program match failed (pattern true;, source i_5 < i_6;) 
810583     DEBUG Test worker     d.u.i.k.j.JavaProgramElement Program match failed (pattern false;, source i_5 < i_6;) 
810584     DEBUG Test worker     d.u.i.k.j.JavaProgramElement Program match failed (pattern true;, source i_5 < i_6;) 
810584     DEBUG Test worker     d.u.i.k.j.JavaProgramElement Program match failed (pattern false;, source i_5 < i_6;) 
810584     DEBUG Test worker     d.u.i.k.j.JavaProgramElement Program match failed (pattern true;, source i_5 < i_6;) 
810584     DEBUG Test worker     d.u.i.k.j.JavaProgramElement Program match failed (pattern false;, source i_5 < i_6;) 
810584     DEBUG Test worker     d.u.i.k.j.JavaProgramElement Program match failed (pattern true;, source i_5 < i_6;) 
810584     DEBUG Test worker     d.u.i.k.j.JavaProgramElement Program match failed (pattern false;, source i_5 < i_6;) 
810584     DEBUG Test worker     d.u.i.k.j.JavaProgramElement Program match failed (pattern true;, source i_5 < i_6;) 
810584     DEBUG Test worker     d.u.i.k.j.JavaProgramElement Program match failed (pattern false;, source i_5 < i_6;) 
810585     DEBUG Test worker     d.u.i.k.j.JavaProgramElement Program match failed (pattern true;, source i_5 < i_6;) 
810585     DEBUG Test worker     d.u.i.k.j.JavaProgramElement Program match failed (pattern false;, source i_5 < i_6;) 
810585     DEBUG Test worker     d.u.i.k.j.JavaProgramElement Program match failed (pattern true;, source i_5 < i_6;) 
810585     DEBUG Test worker     d.u.i.k.j.JavaProgramElement Program match failed (pattern false;, source i_5 < i_6;) 
810586     DEBUG Test worker     d.u.i.k.j.JavaProgramElement Program match failed (pattern true;, source i_5 < i_6;) 
810586     DEBUG Test worker     d.u.i.k.j.JavaProgramElement Program match failed (pattern false;, source i_5 < i_6;) 
810586     DEBUG Test worker     d.u.i.k.j.JavaProgramElement Program match failed (pattern true;, source i_5 < i_6;) 
810586     DEBUG Test worker     d.u.i.k.j.JavaProgramElement Program match failed (pattern false;, source i_5 < i_6;) 
810587     DEBUG Test worker     d.u.i.k.j.JavaProgramElement Program match failed (pattern true;, source i_5 < i_6;) 
810587     DEBUG Test worker     d.u.i.k.j.JavaProgramElement Program match failed (pattern false;, source i_5 < i_6;) 
810587     DEBUG Test worker     d.u.i.k.j.JavaProgramElement Program match failed (pattern true;, source i_5 < i_6;) 
810587     DEBUG Test worker     d.u.i.k.j.JavaProgramElement Program match failed (pattern false;, source i_5 < i_6;) 
810635     DEBUG Test worker     d.u.i.k.j.JavaProgramElement Program match failed (pattern false;, source j < _b.length;) 
810635     DEBUG Test worker     d.u.i.k.j.JavaProgramElement Program match failed (pattern true;, source j < _b.length;) 
810635     DEBUG Test worker     d.u.i.k.j.JavaProgramElement Program match failed (pattern false;, source j < _b.length;) 
810635     DEBUG Test worker     d.u.i.k.j.JavaProgramElement Program match failed (pattern true;, source j < _b.length;) 
810635     DEBUG Test worker     d.u.i.k.j.JavaProgramElement Program match failed (pattern true;, source j < _b.length;) 
810635     DEBUG Test worker     d.u.i.k.j.JavaProgramElement Program match failed (pattern false;, source j < _b.length;) 
810635     DEBUG Test worker     d.u.i.k.j.JavaProgramElement Program match failed (pattern true;, source j < _b.length;) 
810635     DEBUG Test worker     d.u.i.k.j.JavaProgramElement Program match failed (pattern false;, source j < _b.length;) 
810638     DEBUG Test worker     d.u.i.k.j.JavaProgramElement Program match failed (pattern true;, source false;) 
810638     DEBUG Test worker     d.u.i.k.j.JavaProgramElement Program match failed (pattern true;, source false;) 
810642     DEBUG Test worker     d.u.i.k.j.JavaProgramElement Program match failed (pattern false;, source j < _b.length;) 
810642     DEBUG Test worker     d.u.i.k.j.JavaProgramElement Program match failed (pattern true;, source j < _b.length;) 
810642     DEBUG Test worker     d.u.i.k.j.JavaProgramElement Program match failed (pattern false;, source j < _b.length;) 
810642     DEBUG Test worker     d.u.i.k.j.JavaProgramElement Program match failed (pattern true;, source j < _b.length;) 
810642     DEBUG Test worker     d.u.i.k.j.JavaProgramElement Program match failed (pattern true;, source j < _b.length;) 
810642     DEBUG Test worker     d.u.i.k.j.JavaProgramElement Program match failed (pattern false;, source j < _b.length;) 
810642     DEBUG Test worker     d.u.i.k.j.JavaProgramElement Program match failed (pattern true;, source j < _b.length;) 
810642     DEBUG Test worker     d.u.i.k.j.JavaProgramElement Program match failed (pattern false;, source j < _b.length;) 
810652     DEBUG Test worker     d.u.i.k.j.JavaProgramElement Program match failed (pattern false;, source j) 
810652     DEBUG Test worker     d.u.i.k.j.JavaProgramElement Program match failed (pattern true;, source j) 
810652     DEBUG Test worker     d.u.i.k.j.JavaProgramElement Program match failed (pattern false;, source j) 
810652     DEBUG Test worker     d.u.i.k.j.JavaProgramElement Program match failed (pattern true;, source j) 
810652     DEBUG Test worker     d.u.i.k.j.JavaProgramElement Program match failed (pattern true;, source j) 
810652     DEBUG Test worker     d.u.i.k.j.JavaProgramElement Program match failed (pattern false;, source j) 
810652     DEBUG Test worker     d.u.i.k.j.JavaProgramElement Program match failed (pattern true;, source j) 
810652     DEBUG Test worker     d.u.i.k.j.JavaProgramElement Program match failed (pattern false;, source j) 
810664     DEBUG Test worker     d.u.i.k.j.JavaProgramElement Program match failed (pattern false;, source _b.length;) 
810664     DEBUG Test worker     d.u.i.k.j.JavaProgramElement Program match failed (pattern true;, source _b.length;) 
810664     DEBUG Test worker     d.u.i.k.j.JavaProgramElement Program match failed (pattern false;, source _b.length;) 
810664     DEBUG Test worker     d.u.i.k.j.JavaProgramElement Program match failed (pattern true;, source _b.length;) 
810664     DEBUG Test worker     d.u.i.k.j.JavaProgramElement Program match failed (pattern true;, source _b.length;) 
810664     DEBUG Test worker     d.u.i.k.j.JavaProgramElement Program match failed (pattern false;, source _b.length;) 
810664     DEBUG Test worker     d.u.i.k.j.JavaProgramElement Program match failed (pattern true;, source _b.length;) 
810664     DEBUG Test worker     d.u.i.k.j.JavaProgramElement Program match failed (pattern false;, source _b.length;) 
810668     DEBUG Test worker     d.u.i.k.j.JavaProgramElement Program match failed (pattern false;, source i_7 < i_8;) 
810668     DEBUG Test worker     d.u.i.k.j.JavaProgramElement Program match failed (pattern true;, source i_7 < i_8;) 
810668     DEBUG Test worker     d.u.i.k.j.JavaProgramElement Program match failed (pattern false;, source i_7 < i_8;) 
810668     DEBUG Test worker     d.u.i.k.j.JavaProgramElement Program match failed (pattern true;, source i_7 < i_8;) 
810668     DEBUG Test worker     d.u.i.k.j.JavaProgramElement Program match failed (pattern true;, source i_7 < i_8;) 
810668     DEBUG Test worker     d.u.i.k.j.JavaProgramElement Program match failed (pattern false;, source i_7 < i_8;) 
810668     DEBUG Test worker     d.u.i.k.j.JavaProgramElement Program match failed (pattern true;, source i_7 < i_8;) 
810668     DEBUG Test worker     d.u.i.k.j.JavaProgramElement Program match failed (pattern false;, source i_7 < i_8;) 
810675     DEBUG Test worker     d.u.i.k.j.JavaProgramElement Program match failed (pattern false;, source i_7 < i_8;) 
810675     DEBUG Test worker     d.u.i.k.j.JavaProgramElement Program match failed (pattern true;, source i_7 < i_8;) 
810675     DEBUG Test worker     d.u.i.k.j.JavaProgramElement Program match failed (pattern false;, source i_7 < i_8;) 
810675     DEBUG Test worker     d.u.i.k.j.JavaProgramElement Program match failed (pattern true;, source i_7 < i_8;) 
810675     DEBUG Test worker     d.u.i.k.j.JavaProgramElement Program match failed (pattern true;, source i_7 < i_8;) 
810675     DEBUG Test worker     d.u.i.k.j.JavaProgramElement Program match failed (pattern false;, source i_7 < i_8;) 
810675     DEBUG Test worker     d.u.i.k.j.JavaProgramElement Program match failed (pattern true;, source i_7 < i_8;) 
810675     DEBUG Test worker     d.u.i.k.j.JavaProgramElement Program match failed (pattern false;, source i_7 < i_8;) 
810677     DEBUG Test worker     d.u.i.k.j.JavaProgramElement Program match failed (pattern false;, source i_7 < i_8;) 
810677     DEBUG Test worker     d.u.i.k.j.JavaProgramElement Program match failed (pattern true;, source i_7 < i_8;) 
810677     DEBUG Test worker     d.u.i.k.j.JavaProgramElement Program match failed (pattern false;, source i_7 < i_8;) 
810677     DEBUG Test worker     d.u.i.k.j.JavaProgramElement Program match failed (pattern true;, source i_7 < i_8;) 
810677     DEBUG Test worker     d.u.i.k.j.JavaProgramElement Program match failed (pattern true;, source i_7 < i_8;) 
810677     DEBUG Test worker     d.u.i.k.j.JavaProgramElement Program match failed (pattern false;, source i_7 < i_8;) 
810677     DEBUG Test worker     d.u.i.k.j.JavaProgramElement Program match failed (pattern true;, source i_7 < i_8;) 
810677     DEBUG Test worker     d.u.i.k.j.JavaProgramElement Program match failed (pattern false;, source i_7 < i_8;) 
810679     DEBUG Test worker     d.u.i.k.j.JavaProgramElement Program match failed (pattern false;, source i_7 < i_8;) 
810679     DEBUG Test worker     d.u.i.k.j.JavaProgramElement Program match failed (pattern true;, source i_7 < i_8;) 
810679     DEBUG Test worker     d.u.i.k.j.JavaProgramElement Program match failed (pattern false;, source i_7 < i_8;) 
810679     DEBUG Test worker     d.u.i.k.j.JavaProgramElement Program match failed (pattern true;, source i_7 < i_8;) 
810679     DEBUG Test worker     d.u.i.k.j.JavaProgramElement Program match failed (pattern true;, source i_7 < i_8;) 
810679     DEBUG Test worker     d.u.i.k.j.JavaProgramElement Program match failed (pattern false;, source i_7 < i_8;) 
810679     DEBUG Test worker     d.u.i.k.j.JavaProgramElement Program match failed (pattern true;, source i_7 < i_8;) 
810679     DEBUG Test worker     d.u.i.k.j.JavaProgramElement Program match failed (pattern false;, source i_7 < i_8;) 
810680     DEBUG Test worker     d.u.i.k.j.JavaProgramElement Program match failed (pattern false;, source i_7 < i_8;) 
810680     DEBUG Test worker     d.u.i.k.j.JavaProgramElement Program match failed (pattern true;, source i_7 < i_8;) 
810680     DEBUG Test worker     d.u.i.k.j.JavaProgramElement Program match failed (pattern false;, source i_7 < i_8;) 
810680     DEBUG Test worker     d.u.i.k.j.JavaProgramElement Program match failed (pattern true;, source i_7 < i_8;) 
810680     DEBUG Test worker     d.u.i.k.j.JavaProgramElement Program match failed (pattern true;, source i_7 < i_8;) 
810680     DEBUG Test worker     d.u.i.k.j.JavaProgramElement Program match failed (pattern false;, source i_7 < i_8;) 
810680     DEBUG Test worker     d.u.i.k.j.JavaProgramElement Program match failed (pattern true;, source i_7 < i_8;) 
810680     DEBUG Test worker     d.u.i.k.j.JavaProgramElement Program match failed (pattern false;, source i_7 < i_8;) 
810681     DEBUG Test worker     d.u.i.k.j.JavaProgramElement Program match failed (pattern false;, source i_7 < i_8;) 
810681     DEBUG Test worker     d.u.i.k.j.JavaProgramElement Program match failed (pattern true;, source i_7 < i_8;) 
810681     DEBUG Test worker     d.u.i.k.j.JavaProgramElement Program match failed (pattern false;, source i_7 < i_8;) 
810682     DEBUG Test worker     d.u.i.k.j.JavaProgramElement Program match failed (pattern true;, source i_7 < i_8;) 
810682     DEBUG Test worker     d.u.i.k.j.JavaProgramElement Program match failed (pattern true;, source i_7 < i_8;) 
810682     DEBUG Test worker     d.u.i.k.j.JavaProgramElement Program match failed (pattern false;, source i_7 < i_8;) 
810682     DEBUG Test worker     d.u.i.k.j.JavaProgramElement Program match failed (pattern true;, source i_7 < i_8;) 
810682     DEBUG Test worker     d.u.i.k.j.JavaProgramElement Program match failed (pattern false;, source i_7 < i_8;) 
810783     DEBUG Test worker     d.u.i.k.j.JavaProgramElement Program match failed (pattern true;, source _a[i] < _b[j];) 
810783     DEBUG Test worker     d.u.i.k.j.JavaProgramElement Program match failed (pattern false;, source _a[i] < _b[j];) 
810783     DEBUG Test worker     d.u.i.k.j.JavaProgramElement Program match failed (pattern true;, source _a[i] < _b[j];) 
810783     DEBUG Test worker     d.u.i.k.j.JavaProgramElement Program match failed (pattern false;, source _a[i] < _b[j];) 
810793     DEBUG Test worker     d.u.i.k.j.JavaProgramElement Program match failed (pattern true;, source _a[i];) 
810793     DEBUG Test worker     d.u.i.k.j.JavaProgramElement Program match failed (pattern false;, source _a[i];) 
810793     DEBUG Test worker     d.u.i.k.j.JavaProgramElement Program match failed (pattern true;, source _a[i];) 
810793     DEBUG Test worker     d.u.i.k.j.JavaProgramElement Program match failed (pattern false;, source _a[i];) 
810832     DEBUG Test worker     d.u.i.k.j.JavaProgramElement Program match failed (pattern true;, source _b[j];) 
810832     DEBUG Test worker     d.u.i.k.j.JavaProgramElement Program match failed (pattern false;, source _b[j];) 
810832     DEBUG Test worker     d.u.i.k.j.JavaProgramElement Program match failed (pattern true;, source _b[j];) 
810832     DEBUG Test worker     d.u.i.k.j.JavaProgramElement Program match failed (pattern false;, source _b[j];) 
810837     DEBUG Test worker     d.u.i.k.j.JavaProgramElement Program match failed (pattern true;, source i_9 < i_10;) 
810837     DEBUG Test worker     d.u.i.k.j.JavaProgramElement Program match failed (pattern false;, source i_9 < i_10;) 
810837     DEBUG Test worker     d.u.i.k.j.JavaProgramElement Program match failed (pattern true;, source i_9 < i_10;) 
810837     DEBUG Test worker     d.u.i.k.j.JavaProgramElement Program match failed (pattern false;, source i_9 < i_10;) 
810860     DEBUG Test worker     d.u.i.k.j.JavaProgramElement Program match failed (pattern true;, source i_9 < i_10;) 
810860     DEBUG Test worker     d.u.i.k.j.JavaProgramElement Program match failed (pattern false;, source i_9 < i_10;) 
810860     DEBUG Test worker     d.u.i.k.j.JavaProgramElement Program match failed (pattern true;, source i_9 < i_10;) 
810860     DEBUG Test worker     d.u.i.k.j.JavaProgramElement Program match failed (pattern false;, source i_9 < i_10;) 
810862     DEBUG Test worker     d.u.i.k.j.JavaProgramElement Program match failed (pattern true;, source i_9 < i_10;) 
810862     DEBUG Test worker     d.u.i.k.j.JavaProgramElement Program match failed (pattern false;, source i_9 < i_10;) 
810862     DEBUG Test worker     d.u.i.k.j.JavaProgramElement Program match failed (pattern true;, source i_9 < i_10;) 
810862     DEBUG Test worker     d.u.i.k.j.JavaProgramElement Program match failed (pattern false;, source i_9 < i_10;) 
810863     DEBUG Test worker     d.u.i.k.j.JavaProgramElement Program match failed (pattern true;, source i_9 < i_10;) 
810863     DEBUG Test worker     d.u.i.k.j.JavaProgramElement Program match failed (pattern false;, source i_9 < i_10;) 
810863     DEBUG Test worker     d.u.i.k.j.JavaProgramElement Program match failed (pattern true;, source i_9 < i_10;) 
810863     DEBUG Test worker     d.u.i.k.j.JavaProgramElement Program match failed (pattern false;, source i_9 < i_10;) 
810865     DEBUG Test worker     d.u.i.k.j.JavaProgramElement Program match failed (pattern true;, source i_9 < i_10;) 
810865     DEBUG Test worker     d.u.i.k.j.JavaProgramElement Program match failed (pattern false;, source i_9 < i_10;) 
810865     DEBUG Test worker     d.u.i.k.j.JavaProgramElement Program match failed (pattern true;, source i_9 < i_10;) 
810865     DEBUG Test worker     d.u.i.k.j.JavaProgramElement Program match failed (pattern false;, source i_9 < i_10;) 
810866     DEBUG Test worker     d.u.i.k.j.JavaProgramElement Program match failed (pattern true;, source i_9 < i_10;) 
810866     DEBUG Test worker     d.u.i.k.j.JavaProgramElement Program match failed (pattern false;, source i_9 < i_10;) 
810867     DEBUG Test worker     d.u.i.k.j.JavaProgramElement Program match failed (pattern true;, source i_9 < i_10;) 
810867     DEBUG Test worker     d.u.i.k.j.JavaProgramElement Program match failed (pattern false;, source i_9 < i_10;) 
810868     DEBUG Test worker     d.u.i.k.j.JavaProgramElement Program match failed (pattern true;, source i_9 < i_10;) 
810868     DEBUG Test worker     d.u.i.k.j.JavaProgramElement Program match failed (pattern false;, source i_9 < i_10;) 
810868     DEBUG Test worker     d.u.i.k.j.JavaProgramElement Program match failed (pattern true;, source i_9 < i_10;) 
810868     DEBUG Test worker     d.u.i.k.j.JavaProgramElement Program match failed (pattern false;, source i_9 < i_10;) 
810869     DEBUG Test worker     d.u.i.k.j.JavaProgramElement Program match failed (pattern true;, source i_9 < i_10;) 
810869     DEBUG Test worker     d.u.i.k.j.JavaProgramElement Program match failed (pattern false;, source i_9 < i_10;) 
810869     DEBUG Test worker     d.u.i.k.j.JavaProgramElement Program match failed (pattern true;, source i_9 < i_10;) 
810869     DEBUG Test worker     d.u.i.k.j.JavaProgramElement Program match failed (pattern false;, source i_9 < i_10;) 
810870     DEBUG Test worker     d.u.i.k.j.JavaProgramElement Program match failed (pattern true;, source i_9 < i_10;) 
810870     DEBUG Test worker     d.u.i.k.j.JavaProgramElement Program match failed (pattern false;, source i_9 < i_10;) 
810870     DEBUG Test worker     d.u.i.k.j.JavaProgramElement Program match failed (pattern true;, source i_9 < i_10;) 
810870     DEBUG Test worker     d.u.i.k.j.JavaProgramElement Program match failed (pattern false;, source i_9 < i_10;) 
810871     DEBUG Test worker     d.u.i.k.j.JavaProgramElement Program match failed (pattern true;, source i_9 < i_10;) 
810871     DEBUG Test worker     d.u.i.k.j.JavaProgramElement Program match failed (pattern false;, source i_9 < i_10;) 
810871     DEBUG Test worker     d.u.i.k.j.JavaProgramElement Program match failed (pattern true;, source i_9 < i_10;) 
810871     DEBUG Test worker     d.u.i.k.j.JavaProgramElement Program match failed (pattern false;, source i_9 < i_10;) 
810872     DEBUG Test worker     d.u.i.k.j.JavaProgramElement Program match failed (pattern true;, source i_9 < i_10;) 
810872     DEBUG Test worker     d.u.i.k.j.JavaProgramElement Program match failed (pattern false;, source i_9 < i_10;) 
810872     DEBUG Test worker     d.u.i.k.j.JavaProgramElement Program match failed (pattern true;, source i_9 < i_10;) 
810872     DEBUG Test worker     d.u.i.k.j.JavaProgramElement Program match failed (pattern false;, source i_9 < i_10;) 
810956     DEBUG Test worker     d.u.i.k.j.JavaProgramElement Program match failed (pattern true;, source _b[j] < _a[i];) 
810956     DEBUG Test worker     d.u.i.k.j.JavaProgramElement Program match failed (pattern false;, source _b[j] < _a[i];) 
810956     DEBUG Test worker     d.u.i.k.j.JavaProgramElement Program match failed (pattern true;, source _b[j] < _a[i];) 
810956     DEBUG Test worker     d.u.i.k.j.JavaProgramElement Program match failed (pattern false;, source _b[j] < _a[i];) 
810964     DEBUG Test worker     d.u.i.k.j.JavaProgramElement Program match failed (pattern true;, source _b[j];) 
810964     DEBUG Test worker     d.u.i.k.j.JavaProgramElement Program match failed (pattern false;, source _b[j];) 
810964     DEBUG Test worker     d.u.i.k.j.JavaProgramElement Program match failed (pattern true;, source _b[j];) 
810964     DEBUG Test worker     d.u.i.k.j.JavaProgramElement Program match failed (pattern false;, source _b[j];) 
811001     DEBUG Test worker     d.u.i.k.j.JavaProgramElement Program match failed (pattern true;, source _a[i];) 
811001     DEBUG Test worker     d.u.i.k.j.JavaProgramElement Program match failed (pattern false;, source _a[i];) 
811001     DEBUG Test worker     d.u.i.k.j.JavaProgramElement Program match failed (pattern true;, source _a[i];) 
811001     DEBUG Test worker     d.u.i.k.j.JavaProgramElement Program match failed (pattern false;, source _a[i];) 
811007     DEBUG Test worker     d.u.i.k.j.JavaProgramElement Program match failed (pattern true;, source i_11 < i_12;) 
811007     DEBUG Test worker     d.u.i.k.j.JavaProgramElement Program match failed (pattern false;, source i_11 < i_12;) 
811007     DEBUG Test worker     d.u.i.k.j.JavaProgramElement Program match failed (pattern true;, source i_11 < i_12;) 
811007     DEBUG Test worker     d.u.i.k.j.JavaProgramElement Program match failed (pattern false;, source i_11 < i_12;) 
811027     DEBUG Test worker     d.u.i.k.j.JavaProgramElement Program match failed (pattern true;, source i_11 < i_12;) 
811027     DEBUG Test worker     d.u.i.k.j.JavaProgramElement Program match failed (pattern false;, source i_11 < i_12;) 
811027     DEBUG Test worker     d.u.i.k.j.JavaProgramElement Program match failed (pattern true;, source i_11 < i_12;) 
811027     DEBUG Test worker     d.u.i.k.j.JavaProgramElement Program match failed (pattern false;, source i_11 < i_12;) 
811031     DEBUG Test worker     d.u.i.k.j.JavaProgramElement Program match failed (pattern true;, source i_11 < i_12;) 
811031     DEBUG Test worker     d.u.i.k.j.JavaProgramElement Program match failed (pattern false;, source i_11 < i_12;) 
811031     DEBUG Test worker     d.u.i.k.j.JavaProgramElement Program match failed (pattern true;, source i_11 < i_12;) 
811031     DEBUG Test worker     d.u.i.k.j.JavaProgramElement Program match failed (pattern false;, source i_11 < i_12;) 
811032     DEBUG Test worker     d.u.i.k.j.JavaProgramElement Program match failed (pattern true;, source i_11 < i_12;) 
811032     DEBUG Test worker     d.u.i.k.j.JavaProgramElement Program match failed (pattern false;, source i_11 < i_12;) 
811032     DEBUG Test worker     d.u.i.k.j.JavaProgramElement Program match failed (pattern true;, source i_11 < i_12;) 
811032     DEBUG Test worker     d.u.i.k.j.JavaProgramElement Program match failed (pattern false;, source i_11 < i_12;) 
811033     DEBUG Test worker     d.u.i.k.j.JavaProgramElement Program match failed (pattern true;, source i_11 < i_12;) 
811033     DEBUG Test worker     d.u.i.k.j.JavaProgramElement Program match failed (pattern false;, source i_11 < i_12;) 
811033     DEBUG Test worker     d.u.i.k.j.JavaProgramElement Program match failed (pattern true;, source i_11 < i_12;) 
811033     DEBUG Test worker     d.u.i.k.j.JavaProgramElement Program match failed (pattern false;, source i_11 < i_12;) 
811035     DEBUG Test worker     d.u.i.k.j.JavaProgramElement Program match failed (pattern true;, source i_11 < i_12;) 
811035     DEBUG Test worker     d.u.i.k.j.JavaProgramElement Program match failed (pattern false;, source i_11 < i_12;) 
811035     DEBUG Test worker     d.u.i.k.j.JavaProgramElement Program match failed (pattern true;, source i_11 < i_12;) 
811035     DEBUG Test worker     d.u.i.k.j.JavaProgramElement Program match failed (pattern false;, source i_11 < i_12;) 
811036     DEBUG Test worker     d.u.i.k.j.JavaProgramElement Program match failed (pattern true;, source i_11 < i_12;) 
811036     DEBUG Test worker     d.u.i.k.j.JavaProgramElement Program match failed (pattern false;, source i_11 < i_12;) 
811036     DEBUG Test worker     d.u.i.k.j.JavaProgramElement Program match failed (pattern true;, source i_11 < i_12;) 
811036     DEBUG Test worker     d.u.i.k.j.JavaProgramElement Program match failed (pattern false;, source i_11 < i_12;) 
811037     DEBUG Test worker     d.u.i.k.j.JavaProgramElement Program match failed (pattern true;, source i_11 < i_12;) 
811037     DEBUG Test worker     d.u.i.k.j.JavaProgramElement Program match failed (pattern false;, source i_11 < i_12;) 
811037     DEBUG Test worker     d.u.i.k.j.JavaProgramElement Program match failed (pattern true;, source i_11 < i_12;) 
811037     DEBUG Test worker     d.u.i.k.j.JavaProgramElement Program match failed (pattern false;, source i_11 < i_12;) 
811038     DEBUG Test worker     d.u.i.k.j.JavaProgramElement Program match failed (pattern true;, source i_11 < i_12;) 
811038     DEBUG Test worker     d.u.i.k.j.JavaProgramElement Program match failed (pattern false;, source i_11 < i_12;) 
811038     DEBUG Test worker     d.u.i.k.j.JavaProgramElement Program match failed (pattern true;, source i_11 < i_12;) 
811038     DEBUG Test worker     d.u.i.k.j.JavaProgramElement Program match failed (pattern false;, source i_11 < i_12;) 
811040     DEBUG Test worker     d.u.i.k.j.JavaProgramElement Program match failed (pattern true;, source i_11 < i_12;) 
811040     DEBUG Test worker     d.u.i.k.j.JavaProgramElement Program match failed (pattern false;, source i_11 < i_12;) 
811040     DEBUG Test worker     d.u.i.k.j.JavaProgramElement Program match failed (pattern true;, source i_11 < i_12;) 
811040     DEBUG Test worker     d.u.i.k.j.JavaProgramElement Program match failed (pattern false;, source i_11 < i_12;) 
811041     DEBUG Test worker     d.u.i.k.j.JavaProgramElement Program match failed (pattern true;, source i_11 < i_12;) 
811041     DEBUG Test worker     d.u.i.k.j.JavaProgramElement Program match failed (pattern false;, source i_11 < i_12;) 
811041     DEBUG Test worker     d.u.i.k.j.JavaProgramElement Program match failed (pattern true;, source i_11 < i_12;) 
811041     DEBUG Test worker     d.u.i.k.j.JavaProgramElement Program match failed (pattern false;, source i_11 < i_12;) 
811184     DEBUG Test worker     d.u.i.k.j.JavaProgramElement Program match failed (pattern true;, source (int) (i + 1);) 
811184     DEBUG Test worker     d.u.i.k.j.JavaProgramElement Program match failed (pattern false;, source (int) (i + 1);) 
811193     DEBUG Test worker     d.u.i.k.j.JavaProgramElement Program match failed (pattern true;, source (int) (i + 1);) 
811193     DEBUG Test worker     d.u.i.k.j.JavaProgramElement Program match failed (pattern false;, source (int) (i + 1);) 
811205     DEBUG Test worker     d.u.i.k.j.JavaProgramElement Program match failed (pattern true;, source (i + 1);) 
811205     DEBUG Test worker     d.u.i.k.j.JavaProgramElement Program match failed (pattern false;, source (i + 1);) 
811205     DEBUG Test worker     d.u.i.k.j.JavaProgramElement Program match failed (pattern true;, source (i + 1);) 
811205     DEBUG Test worker     d.u.i.k.j.JavaProgramElement Program match failed (pattern false;, source (i + 1);) 
811210     DEBUG Test worker     d.u.i.k.j.JavaProgramElement Program match failed (pattern true;, source i + 1;) 
811210     DEBUG Test worker     d.u.i.k.j.JavaProgramElement Program match failed (pattern false;, source i + 1;) 
811210     DEBUG Test worker     d.u.i.k.j.JavaProgramElement Program match failed (pattern true;, source i + 1;) 
811210     DEBUG Test worker     d.u.i.k.j.JavaProgramElement Program match failed (pattern false;, source i + 1;) 
811214     DEBUG Test worker     d.u.i.k.j.JavaProgramElement Program match failed (pattern true;, source (int) i_13;) 
811214     DEBUG Test worker     d.u.i.k.j.JavaProgramElement Program match failed (pattern false;, source (int) i_13;) 
811214     DEBUG Test worker     d.u.i.k.j.JavaProgramElement Program match failed (pattern true;, source (int) i_13;) 
811214     DEBUG Test worker     d.u.i.k.j.JavaProgramElement Program match failed (pattern false;, source (int) i_13;) 
811216     DEBUG Test worker     d.u.i.k.j.JavaProgramElement Program match failed (pattern true;, source (int) i_13;) 
811216     DEBUG Test worker     d.u.i.k.j.JavaProgramElement Program match failed (pattern false;, source (int) i_13;) 
811216     DEBUG Test worker     d.u.i.k.j.JavaProgramElement Program match failed (pattern true;, source (int) i_13;) 
811216     DEBUG Test worker     d.u.i.k.j.JavaProgramElement Program match failed (pattern false;, source (int) i_13;) 
811221     DEBUG Test worker     d.u.i.k.j.JavaProgramElement Program match failed (pattern true;, source (int) i_13;) 
811221     DEBUG Test worker     d.u.i.k.j.JavaProgramElement Program match failed (pattern false;, source (int) i_13;) 
811221     DEBUG Test worker     d.u.i.k.j.JavaProgramElement Program match failed (pattern true;, source (int) i_13;) 
811221     DEBUG Test worker     d.u.i.k.j.JavaProgramElement Program match failed (pattern false;, source (int) i_13;) 
811223     DEBUG Test worker     d.u.i.k.j.JavaProgramElement Program match failed (pattern true;, source (int) i_13;) 
811223     DEBUG Test worker     d.u.i.k.j.JavaProgramElement Program match failed (pattern false;, source (int) i_13;) 
811223     DEBUG Test worker     d.u.i.k.j.JavaProgramElement Program match failed (pattern true;, source (int) i_13;) 
811223     DEBUG Test worker     d.u.i.k.j.JavaProgramElement Program match failed (pattern false;, source (int) i_13;) 
811224     DEBUG Test worker     d.u.i.k.j.JavaProgramElement Program match failed (pattern true;, source (int) i_13;) 
811224     DEBUG Test worker     d.u.i.k.j.JavaProgramElement Program match failed (pattern false;, source (int) i_13;) 
811224     DEBUG Test worker     d.u.i.k.j.JavaProgramElement Program match failed (pattern true;, source (int) i_13;) 
811224     DEBUG Test worker     d.u.i.k.j.JavaProgramElement Program match failed (pattern false;, source (int) i_13;) 
811225     DEBUG Test worker     d.u.i.k.j.JavaProgramElement Program match failed (pattern true;, source (int) i_13;) 
811225     DEBUG Test worker     d.u.i.k.j.JavaProgramElement Program match failed (pattern false;, source (int) i_13;) 
811225     DEBUG Test worker     d.u.i.k.j.JavaProgramElement Program match failed (pattern true;, source (int) i_13;) 
811225     DEBUG Test worker     d.u.i.k.j.JavaProgramElement Program match failed (pattern false;, source (int) i_13;) 
811227     DEBUG Test worker     d.u.i.k.j.JavaProgramElement Program match failed (pattern true;, source (int) i_13;) 
811227     DEBUG Test worker     d.u.i.k.j.JavaProgramElement Program match failed (pattern false;, source (int) i_13;) 
811227     DEBUG Test worker     d.u.i.k.j.JavaProgramElement Program match failed (pattern true;, source (int) i_13;) 
811227     DEBUG Test worker     d.u.i.k.j.JavaProgramElement Program match failed (pattern false;, source (int) i_13;) 
811228     DEBUG Test worker     d.u.i.k.j.JavaProgramElement Program match failed (pattern true;, source (int) i_13;) 
811228     DEBUG Test worker     d.u.i.k.j.JavaProgramElement Program match failed (pattern false;, source (int) i_13;) 
811228     DEBUG Test worker     d.u.i.k.j.JavaProgramElement Program match failed (pattern true;, source (int) i_13;) 
811228     DEBUG Test worker     d.u.i.k.j.JavaProgramElement Program match failed (pattern false;, source (int) i_13;) 
811229     DEBUG Test worker     d.u.i.k.j.JavaProgramElement Program match failed (pattern true;, source (int) i_13;) 
811229     DEBUG Test worker     d.u.i.k.j.JavaProgramElement Program match failed (pattern false;, source (int) i_13;) 
811229     DEBUG Test worker     d.u.i.k.j.JavaProgramElement Program match failed (pattern true;, source (int) i_13;) 
811229     DEBUG Test worker     d.u.i.k.j.JavaProgramElement Program match failed (pattern false;, source (int) i_13;) 
811235     DEBUG Test worker     d.u.i.k.j.JavaProgramElement Program match failed (pattern true;, source i_13) 
811235     DEBUG Test worker     d.u.i.k.j.JavaProgramElement Program match failed (pattern false;, source i_13) 
811235     DEBUG Test worker     d.u.i.k.j.JavaProgramElement Program match failed (pattern true;, source i_13) 
811235     DEBUG Test worker     d.u.i.k.j.JavaProgramElement Program match failed (pattern false;, source i_13) 
811253     DEBUG Test worker     d.u.i.k.j.JavaProgramElement Program match failed (pattern true;, source (int) (j + 1);) 
811253     DEBUG Test worker     d.u.i.k.j.JavaProgramElement Program match failed (pattern false;, source (int) (j + 1);) 
811253     DEBUG Test worker     d.u.i.k.j.JavaProgramElement Program match failed (pattern true;, source (int) (j + 1);) 
811253     DEBUG Test worker     d.u.i.k.j.JavaProgramElement Program match failed (pattern false;, source (int) (j + 1);) 
811259     DEBUG Test worker     d.u.i.k.j.JavaProgramElement Program match failed (pattern true;, source (j + 1);) 
811259     DEBUG Test worker     d.u.i.k.j.JavaProgramElement Program match failed (pattern false;, source (j + 1);) 
811259     DEBUG Test worker     d.u.i.k.j.JavaProgramElement Program match failed (pattern true;, source (j + 1);) 
811259     DEBUG Test worker     d.u.i.k.j.JavaProgramElement Program match failed (pattern false;, source (j + 1);) 
811264     DEBUG Test worker     d.u.i.k.j.JavaProgramElement Program match failed (pattern true;, source j + 1;) 
811264     DEBUG Test worker     d.u.i.k.j.JavaProgramElement Program match failed (pattern false;, source j + 1;) 
811264     DEBUG Test worker     d.u.i.k.j.JavaProgramElement Program match failed (pattern true;, source j + 1;) 
811264     DEBUG Test worker     d.u.i.k.j.JavaProgramElement Program match failed (pattern false;, source j + 1;) 
811268     DEBUG Test worker     d.u.i.k.j.JavaProgramElement Program match failed (pattern true;, source (int) i_14;) 
811268     DEBUG Test worker     d.u.i.k.j.JavaProgramElement Program match failed (pattern false;, source (int) i_14;) 
811268     DEBUG Test worker     d.u.i.k.j.JavaProgramElement Program match failed (pattern true;, source (int) i_14;) 
811268     DEBUG Test worker     d.u.i.k.j.JavaProgramElement Program match failed (pattern false;, source (int) i_14;) 
811270     DEBUG Test worker     d.u.i.k.j.JavaProgramElement Program match failed (pattern true;, source (int) i_14;) 
811270     DEBUG Test worker     d.u.i.k.j.JavaProgramElement Program match failed (pattern false;, source (int) i_14;) 
811270     DEBUG Test worker     d.u.i.k.j.JavaProgramElement Program match failed (pattern true;, source (int) i_14;) 
811270     DEBUG Test worker     d.u.i.k.j.JavaProgramElement Program match failed (pattern false;, source (int) i_14;) 
811280     DEBUG Test worker     d.u.i.k.j.JavaProgramElement Program match failed (pattern true;, source (int) i_14;) 
811280     DEBUG Test worker     d.u.i.k.j.JavaProgramElement Program match failed (pattern false;, source (int) i_14;) 
811280     DEBUG Test worker     d.u.i.k.j.JavaProgramElement Program match failed (pattern true;, source (int) i_14;) 
811280     DEBUG Test worker     d.u.i.k.j.JavaProgramElement Program match failed (pattern false;, source (int) i_14;) 
811282     DEBUG Test worker     d.u.i.k.j.JavaProgramElement Program match failed (pattern true;, source (int) i_14;) 
811282     DEBUG Test worker     d.u.i.k.j.JavaProgramElement Program match failed (pattern false;, source (int) i_14;) 
811282     DEBUG Test worker     d.u.i.k.j.JavaProgramElement Program match failed (pattern true;, source (int) i_14;) 
811282     DEBUG Test worker     d.u.i.k.j.JavaProgramElement Program match failed (pattern false;, source (int) i_14;) 
811283     DEBUG Test worker     d.u.i.k.j.JavaProgramElement Program match failed (pattern true;, source (int) i_14;) 
811284     DEBUG Test worker     d.u.i.k.j.JavaProgramElement Program match failed (pattern false;, source (int) i_14;) 
811284     DEBUG Test worker     d.u.i.k.j.JavaProgramElement Program match failed (pattern true;, source (int) i_14;) 
811284     DEBUG Test worker     d.u.i.k.j.JavaProgramElement Program match failed (pattern false;, source (int) i_14;) 
811285     DEBUG Test worker     d.u.i.k.j.JavaProgramElement Program match failed (pattern true;, source (int) i_14;) 
811285     DEBUG Test worker     d.u.i.k.j.JavaProgramElement Program match failed (pattern false;, source (int) i_14;) 
811285     DEBUG Test worker     d.u.i.k.j.JavaProgramElement Program match failed (pattern true;, source (int) i_14;) 
811285     DEBUG Test worker     d.u.i.k.j.JavaProgramElement Program match failed (pattern false;, source (int) i_14;) 
811286     DEBUG Test worker     d.u.i.k.j.JavaProgramElement Program match failed (pattern true;, source (int) i_14;) 
811286     DEBUG Test worker     d.u.i.k.j.JavaProgramElement Program match failed (pattern false;, source (int) i_14;) 
811286     DEBUG Test worker     d.u.i.k.j.JavaProgramElement Program match failed (pattern true;, source (int) i_14;) 
811286     DEBUG Test worker     d.u.i.k.j.JavaProgramElement Program match failed (pattern false;, source (int) i_14;) 
811288     DEBUG Test worker     d.u.i.k.j.JavaProgramElement Program match failed (pattern true;, source (int) i_14;) 
811288     DEBUG Test worker     d.u.i.k.j.JavaProgramElement Program match failed (pattern false;, source (int) i_14;) 
811288     DEBUG Test worker     d.u.i.k.j.JavaProgramElement Program match failed (pattern true;, source (int) i_14;) 
811288     DEBUG Test worker     d.u.i.k.j.JavaProgramElement Program match failed (pattern false;, source (int) i_14;) 
811289     DEBUG Test worker     d.u.i.k.j.JavaProgramElement Program match failed (pattern true;, source (int) i_14;) 
811289     DEBUG Test worker     d.u.i.k.j.JavaProgramElement Program match failed (pattern false;, source (int) i_14;) 
811289     DEBUG Test worker     d.u.i.k.j.JavaProgramElement Program match failed (pattern true;, source (int) i_14;) 
811289     DEBUG Test worker     d.u.i.k.j.JavaProgramElement Program match failed (pattern false;, source (int) i_14;) 
811294     DEBUG Test worker     d.u.i.k.j.JavaProgramElement Program match failed (pattern true;, source i_14) 
811294     DEBUG Test worker     d.u.i.k.j.JavaProgramElement Program match failed (pattern false;, source i_14) 
811295     DEBUG Test worker     d.u.i.k.j.JavaProgramElement Program match failed (pattern true;, source i_14) 
811295     DEBUG Test worker     d.u.i.k.j.JavaProgramElement Program match failed (pattern false;, source i_14) 
811312     DEBUG Test worker     d.u.i.k.j.JavaProgramElement Program match failed (pattern true;, source (int) (result + 1);) 
811313     DEBUG Test worker     d.u.i.k.j.JavaProgramElement Program match failed (pattern false;, source (int) (result + 1);) 
811313     DEBUG Test worker     d.u.i.k.j.JavaProgramElement Program match failed (pattern true;, source (int) (result + 1);) 
811313     DEBUG Test worker     d.u.i.k.j.JavaProgramElement Program match failed (pattern false;, source (int) (result + 1);) 
811319     DEBUG Test worker     d.u.i.k.j.JavaProgramElement Program match failed (pattern true;, source (result + 1);) 
811319     DEBUG Test worker     d.u.i.k.j.JavaProgramElement Program match failed (pattern false;, source (result + 1);) 
811319     DEBUG Test worker     d.u.i.k.j.JavaProgramElement Program match failed (pattern true;, source (result + 1);) 
811319     DEBUG Test worker     d.u.i.k.j.JavaProgramElement Program match failed (pattern false;, source (result + 1);) 
811325     DEBUG Test worker     d.u.i.k.j.JavaProgramElement Program match failed (pattern true;, source result + 1;) 
811325     DEBUG Test worker     d.u.i.k.j.JavaProgramElement Program match failed (pattern false;, source result + 1;) 
811327     DEBUG Test worker     d.u.i.k.j.JavaProgramElement Program match failed (pattern true;, source result + 1;) 
811327     DEBUG Test worker     d.u.i.k.j.JavaProgramElement Program match failed (pattern false;, source result + 1;) 
811334     DEBUG Test worker     d.u.i.k.j.JavaProgramElement Program match failed (pattern true;, source (int) i_15;) 
811334     DEBUG Test worker     d.u.i.k.j.JavaProgramElement Program match failed (pattern false;, source (int) i_15;) 
811334     DEBUG Test worker     d.u.i.k.j.JavaProgramElement Program match failed (pattern true;, source (int) i_15;) 
811334     DEBUG Test worker     d.u.i.k.j.JavaProgramElement Program match failed (pattern false;, source (int) i_15;) 
811336     DEBUG Test worker     d.u.i.k.j.JavaProgramElement Program match failed (pattern true;, source (int) i_15;) 
811336     DEBUG Test worker     d.u.i.k.j.JavaProgramElement Program match failed (pattern false;, source (int) i_15;) 
811336     DEBUG Test worker     d.u.i.k.j.JavaProgramElement Program match failed (pattern true;, source (int) i_15;) 
811336     DEBUG Test worker     d.u.i.k.j.JavaProgramElement Program match failed (pattern false;, source (int) i_15;) 
811340     DEBUG Test worker     d.u.i.k.j.JavaProgramElement Program match failed (pattern true;, source (int) i_15;) 
811340     DEBUG Test worker     d.u.i.k.j.JavaProgramElement Program match failed (pattern false;, source (int) i_15;) 
811341     DEBUG Test worker     d.u.i.k.j.JavaProgramElement Program match failed (pattern true;, source (int) i_15;) 
811341     DEBUG Test worker     d.u.i.k.j.JavaProgramElement Program match failed (pattern false;, source (int) i_15;) 
811342     DEBUG Test worker     d.u.i.k.j.JavaProgramElement Program match failed (pattern true;, source (int) i_15;) 
811342     DEBUG Test worker     d.u.i.k.j.JavaProgramElement Program match failed (pattern false;, source (int) i_15;) 
811342     DEBUG Test worker     d.u.i.k.j.JavaProgramElement Program match failed (pattern true;, source (int) i_15;) 
811342     DEBUG Test worker     d.u.i.k.j.JavaProgramElement Program match failed (pattern false;, source (int) i_15;) 
811343     DEBUG Test worker     d.u.i.k.j.JavaProgramElement Program match failed (pattern true;, source (int) i_15;) 
811343     DEBUG Test worker     d.u.i.k.j.JavaProgramElement Program match failed (pattern false;, source (int) i_15;) 
811343     DEBUG Test worker     d.u.i.k.j.JavaProgramElement Program match failed (pattern true;, source (int) i_15;) 
811343     DEBUG Test worker     d.u.i.k.j.JavaProgramElement Program match failed (pattern false;, source (int) i_15;) 
811345     DEBUG Test worker     d.u.i.k.j.JavaProgramElement Program match failed (pattern true;, source (int) i_15;) 
811345     DEBUG Test worker     d.u.i.k.j.JavaProgramElement Program match failed (pattern false;, source (int) i_15;) 
811345     DEBUG Test worker     d.u.i.k.j.JavaProgramElement Program match failed (pattern true;, source (int) i_15;) 
811345     DEBUG Test worker     d.u.i.k.j.JavaProgramElement Program match failed (pattern false;, source (int) i_15;) 
811354     DEBUG Test worker     d.u.i.k.j.JavaProgramElement Program match failed (pattern true;, source (int) i_15;) 
811354     DEBUG Test worker     d.u.i.k.j.JavaProgramElement Program match failed (pattern false;, source (int) i_15;) 
811354     DEBUG Test worker     d.u.i.k.j.JavaProgramElement Program match failed (pattern true;, source (int) i_15;) 
811354     DEBUG Test worker     d.u.i.k.j.JavaProgramElement Program match failed (pattern false;, source (int) i_15;) 
811362     DEBUG Test worker     d.u.i.k.j.JavaProgramElement Program match failed (pattern true;, source (int) i_15;) 
811363     DEBUG Test worker     d.u.i.k.j.JavaProgramElement Program match failed (pattern false;, source (int) i_15;) 
811363     DEBUG Test worker     d.u.i.k.j.JavaProgramElement Program match failed (pattern true;, source (int) i_15;) 
811363     DEBUG Test worker     d.u.i.k.j.JavaProgramElement Program match failed (pattern false;, source (int) i_15;) 
811364     DEBUG Test worker     d.u.i.k.j.JavaProgramElement Program match failed (pattern true;, source (int) i_15;) 
811364     DEBUG Test worker     d.u.i.k.j.JavaProgramElement Program match failed (pattern false;, source (int) i_15;) 
811364     DEBUG Test worker     d.u.i.k.j.JavaProgramElement Program match failed (pattern true;, source (int) i_15;) 
811364     DEBUG Test worker     d.u.i.k.j.JavaProgramElement Program match failed (pattern false;, source (int) i_15;) 
811370     DEBUG Test worker     d.u.i.k.j.JavaProgramElement Program match failed (pattern true;, source i_15) 
811370     DEBUG Test worker     d.u.i.k.j.JavaProgramElement Program match failed (pattern false;, source i_15) 
811370     DEBUG Test worker     d.u.i.k.j.JavaProgramElement Program match failed (pattern true;, source i_15) 
811370     DEBUG Test worker     d.u.i.k.j.JavaProgramElement Program match failed (pattern false;, source i_15) 
824489     DEBUG Test worker     d.u.i.k.j.JavaProgramElement Program match failed (pattern true;, source (int) (j + 1);) 
824489     DEBUG Test worker     d.u.i.k.j.JavaProgramElement Program match failed (pattern false;, source (int) (j + 1);) 
824489     DEBUG Test worker     d.u.i.k.j.JavaProgramElement Program match failed (pattern true;, source (int) (j + 1);) 
824489     DEBUG Test worker     d.u.i.k.j.JavaProgramElement Program match failed (pattern false;, source (int) (j + 1);) 
824496     DEBUG Test worker     d.u.i.k.j.JavaProgramElement Program match failed (pattern true;, source (j + 1);) 
824496     DEBUG Test worker     d.u.i.k.j.JavaProgramElement Program match failed (pattern false;, source (j + 1);) 
824496     DEBUG Test worker     d.u.i.k.j.JavaProgramElement Program match failed (pattern true;, source (j + 1);) 
824496     DEBUG Test worker     d.u.i.k.j.JavaProgramElement Program match failed (pattern false;, source (j + 1);) 
824501     DEBUG Test worker     d.u.i.k.j.JavaProgramElement Program match failed (pattern true;, source j + 1;) 
824501     DEBUG Test worker     d.u.i.k.j.JavaProgramElement Program match failed (pattern false;, source j + 1;) 
824501     DEBUG Test worker     d.u.i.k.j.JavaProgramElement Program match failed (pattern true;, source j + 1;) 
824501     DEBUG Test worker     d.u.i.k.j.JavaProgramElement Program match failed (pattern false;, source j + 1;) 
824505     DEBUG Test worker     d.u.i.k.j.JavaProgramElement Program match failed (pattern true;, source (int) i_13;) 
824505     DEBUG Test worker     d.u.i.k.j.JavaProgramElement Program match failed (pattern false;, source (int) i_13;) 
824505     DEBUG Test worker     d.u.i.k.j.JavaProgramElement Program match failed (pattern true;, source (int) i_13;) 
824505     DEBUG Test worker     d.u.i.k.j.JavaProgramElement Program match failed (pattern false;, source (int) i_13;) 
824507     DEBUG Test worker     d.u.i.k.j.JavaProgramElement Program match failed (pattern true;, source (int) i_13;) 
824507     DEBUG Test worker     d.u.i.k.j.JavaProgramElement Program match failed (pattern false;, source (int) i_13;) 
824507     DEBUG Test worker     d.u.i.k.j.JavaProgramElement Program match failed (pattern true;, source (int) i_13;) 
824507     DEBUG Test worker     d.u.i.k.j.JavaProgramElement Program match failed (pattern false;, source (int) i_13;) 
824511     DEBUG Test worker     d.u.i.k.j.JavaProgramElement Program match failed (pattern true;, source (int) i_13;) 
824511     DEBUG Test worker     d.u.i.k.j.JavaProgramElement Program match failed (pattern false;, source (int) i_13;) 
824511     DEBUG Test worker     d.u.i.k.j.JavaProgramElement Program match failed (pattern true;, source (int) i_13;) 
824511     DEBUG Test worker     d.u.i.k.j.JavaProgramElement Program match failed (pattern false;, source (int) i_13;) 
824513     DEBUG Test worker     d.u.i.k.j.JavaProgramElement Program match failed (pattern true;, source (int) i_13;) 
824513     DEBUG Test worker     d.u.i.k.j.JavaProgramElement Program match failed (pattern false;, source (int) i_13;) 
824513     DEBUG Test worker     d.u.i.k.j.JavaProgramElement Program match failed (pattern true;, source (int) i_13;) 
824513     DEBUG Test worker     d.u.i.k.j.JavaProgramElement Program match failed (pattern false;, source (int) i_13;) 
824514     DEBUG Test worker     d.u.i.k.j.JavaProgramElement Program match failed (pattern true;, source (int) i_13;) 
824514     DEBUG Test worker     d.u.i.k.j.JavaProgramElement Program match failed (pattern false;, source (int) i_13;) 
824514     DEBUG Test worker     d.u.i.k.j.JavaProgramElement Program match failed (pattern true;, source (int) i_13;) 
824514     DEBUG Test worker     d.u.i.k.j.JavaProgramElement Program match failed (pattern false;, source (int) i_13;) 
824516     DEBUG Test worker     d.u.i.k.j.JavaProgramElement Program match failed (pattern true;, source (int) i_13;) 
824516     DEBUG Test worker     d.u.i.k.j.JavaProgramElement Program match failed (pattern false;, source (int) i_13;) 
824516     DEBUG Test worker     d.u.i.k.j.JavaProgramElement Program match failed (pattern true;, source (int) i_13;) 
824516     DEBUG Test worker     d.u.i.k.j.JavaProgramElement Program match failed (pattern false;, source (int) i_13;) 
824517     DEBUG Test worker     d.u.i.k.j.JavaProgramElement Program match failed (pattern true;, source (int) i_13;) 
824517     DEBUG Test worker     d.u.i.k.j.JavaProgramElement Program match failed (pattern false;, source (int) i_13;) 
824517     DEBUG Test worker     d.u.i.k.j.JavaProgramElement Program match failed (pattern true;, source (int) i_13;) 
824517     DEBUG Test worker     d.u.i.k.j.JavaProgramElement Program match failed (pattern false;, source (int) i_13;) 
824519     DEBUG Test worker     d.u.i.k.j.JavaProgramElement Program match failed (pattern true;, source (int) i_13;) 
824519     DEBUG Test worker     d.u.i.k.j.JavaProgramElement Program match failed (pattern false;, source (int) i_13;) 
824519     DEBUG Test worker     d.u.i.k.j.JavaProgramElement Program match failed (pattern true;, source (int) i_13;) 
824519     DEBUG Test worker     d.u.i.k.j.JavaProgramElement Program match failed (pattern false;, source (int) i_13;) 
824520     DEBUG Test worker     d.u.i.k.j.JavaProgramElement Program match failed (pattern true;, source (int) i_13;) 
824520     DEBUG Test worker     d.u.i.k.j.JavaProgramElement Program match failed (pattern false;, source (int) i_13;) 
824520     DEBUG Test worker     d.u.i.k.j.JavaProgramElement Program match failed (pattern true;, source (int) i_13;) 
824520     DEBUG Test worker     d.u.i.k.j.JavaProgramElement Program match failed (pattern false;, source (int) i_13;) 
824525     DEBUG Test worker     d.u.i.k.j.JavaProgramElement Program match failed (pattern true;, source i_13) 
824525     DEBUG Test worker     d.u.i.k.j.JavaProgramElement Program match failed (pattern false;, source i_13) 
824525     DEBUG Test worker     d.u.i.k.j.JavaProgramElement Program match failed (pattern true;, source i_13) 
824525     DEBUG Test worker     d.u.i.k.j.JavaProgramElement Program match failed (pattern false;, source i_13) 
828100     DEBUG Test worker     d.u.i.k.j.JavaProgramElement Program match failed (pattern true;, source (int) (i + 1);) 
828100     DEBUG Test worker     d.u.i.k.j.JavaProgramElement Program match failed (pattern false;, source (int) (i + 1);) 
828100     DEBUG Test worker     d.u.i.k.j.JavaProgramElement Program match failed (pattern true;, source (int) (i + 1);) 
828100     DEBUG Test worker     d.u.i.k.j.JavaProgramElement Program match failed (pattern false;, source (int) (i + 1);) 
828105     DEBUG Test worker     d.u.i.k.j.JavaProgramElement Program match failed (pattern true;, source (i + 1);) 
828106     DEBUG Test worker     d.u.i.k.j.JavaProgramElement Program match failed (pattern false;, source (i + 1);) 
828106     DEBUG Test worker     d.u.i.k.j.JavaProgramElement Program match failed (pattern true;, source (i + 1);) 
828106     DEBUG Test worker     d.u.i.k.j.JavaProgramElement Program match failed (pattern false;, source (i + 1);) 
828111     DEBUG Test worker     d.u.i.k.j.JavaProgramElement Program match failed (pattern true;, source i + 1;) 
828111     DEBUG Test worker     d.u.i.k.j.JavaProgramElement Program match failed (pattern false;, source i + 1;) 
828111     DEBUG Test worker     d.u.i.k.j.JavaProgramElement Program match failed (pattern true;, source i + 1;) 
828111     DEBUG Test worker     d.u.i.k.j.JavaProgramElement Program match failed (pattern false;, source i + 1;) 
828114     DEBUG Test worker     d.u.i.k.j.JavaProgramElement Program match failed (pattern true;, source (int) i_11;) 
828115     DEBUG Test worker     d.u.i.k.j.JavaProgramElement Program match failed (pattern false;, source (int) i_11;) 
828115     DEBUG Test worker     d.u.i.k.j.JavaProgramElement Program match failed (pattern true;, source (int) i_11;) 
828115     DEBUG Test worker     d.u.i.k.j.JavaProgramElement Program match failed (pattern false;, source (int) i_11;) 
828116     DEBUG Test worker     d.u.i.k.j.JavaProgramElement Program match failed (pattern true;, source (int) i_11;) 
828116     DEBUG Test worker     d.u.i.k.j.JavaProgramElement Program match failed (pattern false;, source (int) i_11;) 
828116     DEBUG Test worker     d.u.i.k.j.JavaProgramElement Program match failed (pattern true;, source (int) i_11;) 
828116     DEBUG Test worker     d.u.i.k.j.JavaProgramElement Program match failed (pattern false;, source (int) i_11;) 
828119     DEBUG Test worker     d.u.i.k.j.JavaProgramElement Program match failed (pattern true;, source (int) i_11;) 
828119     DEBUG Test worker     d.u.i.k.j.JavaProgramElement Program match failed (pattern false;, source (int) i_11;) 
828120     DEBUG Test worker     d.u.i.k.j.JavaProgramElement Program match failed (pattern true;, source (int) i_11;) 
828120     DEBUG Test worker     d.u.i.k.j.JavaProgramElement Program match failed (pattern false;, source (int) i_11;) 
828121     DEBUG Test worker     d.u.i.k.j.JavaProgramElement Program match failed (pattern true;, source (int) i_11;) 
828121     DEBUG Test worker     d.u.i.k.j.JavaProgramElement Program match failed (pattern false;, source (int) i_11;) 
828121     DEBUG Test worker     d.u.i.k.j.JavaProgramElement Program match failed (pattern true;, source (int) i_11;) 
828121     DEBUG Test worker     d.u.i.k.j.JavaProgramElement Program match failed (pattern false;, source (int) i_11;) 
828122     DEBUG Test worker     d.u.i.k.j.JavaProgramElement Program match failed (pattern true;, source (int) i_11;) 
828122     DEBUG Test worker     d.u.i.k.j.JavaProgramElement Program match failed (pattern false;, source (int) i_11;) 
828122     DEBUG Test worker     d.u.i.k.j.JavaProgramElement Program match failed (pattern true;, source (int) i_11;) 
828122     DEBUG Test worker     d.u.i.k.j.JavaProgramElement Program match failed (pattern false;, source (int) i_11;) 
828123     DEBUG Test worker     d.u.i.k.j.JavaProgramElement Program match failed (pattern true;, source (int) i_11;) 
828123     DEBUG Test worker     d.u.i.k.j.JavaProgramElement Program match failed (pattern false;, source (int) i_11;) 
828123     DEBUG Test worker     d.u.i.k.j.JavaProgramElement Program match failed (pattern true;, source (int) i_11;) 
828123     DEBUG Test worker     d.u.i.k.j.JavaProgramElement Program match failed (pattern false;, source (int) i_11;) 
828125     DEBUG Test worker     d.u.i.k.j.JavaProgramElement Program match failed (pattern true;, source (int) i_11;) 
828125     DEBUG Test worker     d.u.i.k.j.JavaProgramElement Program match failed (pattern false;, source (int) i_11;) 
828125     DEBUG Test worker     d.u.i.k.j.JavaProgramElement Program match failed (pattern true;, source (int) i_11;) 
828125     DEBUG Test worker     d.u.i.k.j.JavaProgramElement Program match failed (pattern false;, source (int) i_11;) 
828126     DEBUG Test worker     d.u.i.k.j.JavaProgramElement Program match failed (pattern true;, source (int) i_11;) 
828126     DEBUG Test worker     d.u.i.k.j.JavaProgramElement Program match failed (pattern false;, source (int) i_11;) 
828126     DEBUG Test worker     d.u.i.k.j.JavaProgramElement Program match failed (pattern true;, source (int) i_11;) 
828126     DEBUG Test worker     d.u.i.k.j.JavaProgramElement Program match failed (pattern false;, source (int) i_11;) 
828127     DEBUG Test worker     d.u.i.k.j.JavaProgramElement Program match failed (pattern true;, source (int) i_11;) 
828127     DEBUG Test worker     d.u.i.k.j.JavaProgramElement Program match failed (pattern false;, source (int) i_11;) 
828127     DEBUG Test worker     d.u.i.k.j.JavaProgramElement Program match failed (pattern true;, source (int) i_11;) 
828127     DEBUG Test worker     d.u.i.k.j.JavaProgramElement Program match failed (pattern false;, source (int) i_11;) 
828132     DEBUG Test worker     d.u.i.k.j.JavaProgramElement Program match failed (pattern true;, source i_11) 
828132     DEBUG Test worker     d.u.i.k.j.JavaProgramElement Program match failed (pattern false;, source i_11) 
828132     DEBUG Test worker     d.u.i.k.j.JavaProgramElement Program match failed (pattern true;, source i_11) 
828132     DEBUG Test worker     d.u.i.k.j.JavaProgramElement Program match failed (pattern false;, source i_11) 
829119     DEBUG Test worker     d.u.i.k.j.JavaProgramElement Program match failed (pattern true;, source false;) 
829119     DEBUG Test worker     d.u.i.k.j.JavaProgramElement Program match failed (pattern true;, source false;) 
829123     DEBUG Test worker     d.u.i.k.j.JavaProgramElement Program match failed (pattern true;, source false;) 
829123     DEBUG Test worker     d.u.i.k.j.JavaProgramElement Program match failed (pattern true;, source false;) 
]]></system-out>
  <system-err><![CDATA[]]></system-err>
</testsuite>
