<?xml version="1.0" encoding="UTF-8"?>
<testsuite name="de.uka.ilkd.key.parser.TestTermParserSorts" tests="2" skipped="0" failures="0" errors="0" timestamp="2023-05-09T12:43:13" hostname="fv-az792-56" time="3.04">
  <properties/>
  <testcase name="testParseIntegerArgs()" classname="de.uka.ilkd.key.parser.TestTermParserSorts" time="0.017"/>
  <testcase name="testParseSequencePrettySyntax()" classname="de.uka.ilkd.key.parser.TestTermParserSorts" time="0.002"/>
  <system-out><![CDATA[429613     INFO  Test worker     d.u.i.k.n.KeyIO           Parsing took 0 ms 
429613     DEBUG Test worker     d.u.i.k.n.KeyIO           Load declarations of de.uka.ilkd.key.nparser.KeyAst$File:  <unknown>:1#1 
429613     INFO  Test worker     d.u.i.k.n.KeyIO           MODE: declarations took 0 ms 
429613     DEBUG Test worker     d.u.i.k.n.KeyIO           MODE: 2nd degree decls took 0 
429613     INFO  Test worker     d.u.i.k.n.KeyIO           Parsing took 0 ms 
429613     DEBUG Test worker     d.u.i.k.n.KeyIO           Load declarations of de.uka.ilkd.key.nparser.KeyAst$File:  <unknown>:1#1 
429613     INFO  Test worker     d.u.i.k.n.KeyIO           MODE: declarations took 0 ms 
429613     DEBUG Test worker     d.u.i.k.n.KeyIO           MODE: 2nd degree decls took 0 
429613     INFO  Test worker     d.u.i.k.n.KeyIO           Parsing took 0 ms 
429613     DEBUG Test worker     d.u.i.k.n.KeyIO           Load declarations of de.uka.ilkd.key.nparser.KeyAst$File:  <unknown>:1#1 
429614     INFO  Test worker     d.u.i.k.n.KeyIO           MODE: declarations took 1 ms 
429614     DEBUG Test worker     d.u.i.k.n.KeyIO           MODE: 2nd degree decls took 0 
432650     INFO  Test worker     d.u.i.k.n.KeyIO           Parsing took 0 ms 
432650     DEBUG Test worker     d.u.i.k.n.KeyIO           Load declarations of de.uka.ilkd.key.nparser.KeyAst$File:  <unknown>:1#1 
432650     INFO  Test worker     d.u.i.k.n.KeyIO           MODE: declarations took 0 ms 
432650     DEBUG Test worker     d.u.i.k.n.KeyIO           MODE: 2nd degree decls took 0 
432650     INFO  Test worker     d.u.i.k.n.KeyIO           Parsing took 0 ms 
432650     DEBUG Test worker     d.u.i.k.n.KeyIO           Load declarations of de.uka.ilkd.key.nparser.KeyAst$File:  <unknown>:1#1 
432650     INFO  Test worker     d.u.i.k.n.KeyIO           MODE: declarations took 0 ms 
432650     DEBUG Test worker     d.u.i.k.n.KeyIO           MODE: 2nd degree decls took 0 
432650     INFO  Test worker     d.u.i.k.n.KeyIO           Parsing took 0 ms 
432650     DEBUG Test worker     d.u.i.k.n.KeyIO           Load declarations of de.uka.ilkd.key.nparser.KeyAst$File:  <unknown>:1#1 
432650     INFO  Test worker     d.u.i.k.n.KeyIO           MODE: declarations took 0 ms 
432650     DEBUG Test worker     d.u.i.k.n.KeyIO           MODE: 2nd degree decls took 0 
]]></system-out>
  <system-err><![CDATA[]]></system-err>
</testsuite>
