<?xml version="1.0" encoding="UTF-8"?>
<testsuite name="de.uka.ilkd.key.proof_references.testcase.analyst.TestClassAxiomAndInvariantProofReferencesAnalyst" tests="5" skipped="0" failures="0" errors="0" timestamp="2023-02-02T21:27:21" hostname="fv-az337-844" time="17.524">
  <properties/>
  <testcase name="testModelFieldTest_f()" classname="de.uka.ilkd.key.proof_references.testcase.analyst.TestClassAxiomAndInvariantProofReferencesAnalyst" time="3.54"/>
  <testcase name="testModelFieldTest_doubleX()" classname="de.uka.ilkd.key.proof_references.testcase.analyst.TestClassAxiomAndInvariantProofReferencesAnalyst" time="3.549"/>
  <testcase name="testInvariantInOperationContractOfArgument()" classname="de.uka.ilkd.key.proof_references.testcase.analyst.TestClassAxiomAndInvariantProofReferencesAnalyst" time="3.603"/>
  <testcase name="testInvariantInOperationContract()" classname="de.uka.ilkd.key.proof_references.testcase.analyst.TestClassAxiomAndInvariantProofReferencesAnalyst" time="3.402"/>
  <testcase name="testNestedInvariantInOperationContract()" classname="de.uka.ilkd.key.proof_references.testcase.analyst.TestClassAxiomAndInvariantProofReferencesAnalyst" time="3.423"/>
  <system-out><![CDATA[]]></system-out>
  <system-err><![CDATA[]]></system-err>
</testsuite>
