<?xml version="1.0" encoding="UTF-8"?>
<testsuite name="org.key_project.slicing.DependencyGraphTest" tests="1" skipped="0" failures="0" errors="0" timestamp="2023-04-25T07:58:56" hostname="fv-az319-386" time="0.407">
  <properties/>
  <testcase name="basicTest()" classname="org.key_project.slicing.DependencyGraphTest" time="0.407"/>
  <system-out><![CDATA[]]></system-out>
  <system-err><![CDATA[]]></system-err>
</testsuite>
