<?xml version="1.0" encoding="UTF-8"?>
<testsuite name="de.uka.ilkd.key.parser.TestTermParserHeap" tests="39" skipped="0" failures="0" errors="0" timestamp="2023-04-04T00:46:37" hostname="fv-az167-563" time="110.125">
  <properties/>
  <testcase name="testBracketHeapUpdate()" classname="de.uka.ilkd.key.parser.TestTermParserHeap" time="0.013"/>
  <testcase name="testStore()" classname="de.uka.ilkd.key.parser.TestTermParserHeap" time="0.006"/>
  <testcase name="testUnknownConstant()" classname="de.uka.ilkd.key.parser.TestTermParserHeap" time="0.002"/>
  <testcase name="testAllFieldsSelector()" classname="de.uka.ilkd.key.parser.TestTermParserHeap" time="0.004"/>
  <testcase name="testParsePrettyPrintedSelect()" classname="de.uka.ilkd.key.parser.TestTermParserHeap" time="0.002"/>
  <testcase name="testAccessStaticMembers()" classname="de.uka.ilkd.key.parser.TestTermParserHeap" time="0.003"/>
  <testcase name="testAtOperator_1()" classname="de.uka.ilkd.key.parser.TestTermParserHeap" time="0.005"/>
  <testcase name="testAtOperator_2()" classname="de.uka.ilkd.key.parser.TestTermParserHeap" time="0.001"/>
  <testcase name="testAtOperator_3()" classname="de.uka.ilkd.key.parser.TestTermParserHeap" time="0.001"/>
  <testcase name="testAtOperator_4()" classname="de.uka.ilkd.key.parser.TestTermParserHeap" time="0.006"/>
  <testcase name="testAtOperator_5()" classname="de.uka.ilkd.key.parser.TestTermParserHeap" time="0.002"/>
  <testcase name="testAtOperator_6()" classname="de.uka.ilkd.key.parser.TestTermParserHeap" time="0.002"/>
  <testcase name="testAtOperator_7()" classname="de.uka.ilkd.key.parser.TestTermParserHeap" time="0.005"/>
  <testcase name="testAtOperator_8()" classname="de.uka.ilkd.key.parser.TestTermParserHeap" time="0.006"/>
  <testcase name="testVerifyExceptionIfAtOperatorNotPreceededBySelectTerm()" classname="de.uka.ilkd.key.parser.TestTermParserHeap" time="0.002"/>
  <testcase name="testBugResettingCounter()" classname="de.uka.ilkd.key.parser.TestTermParserHeap" time="0.001"/>
  <testcase name="testLocationSets()" classname="de.uka.ilkd.key.parser.TestTermParserHeap" time="0.006"/>
  <testcase name="testQuantifiedSelect()" classname="de.uka.ilkd.key.parser.TestTermParserHeap" time="0.005"/>
  <testcase name="testGenericObjectProperties()" classname="de.uka.ilkd.key.parser.TestTermParserHeap" time="0.003"/>
  <testcase name="testQueryInheritance_1()" classname="de.uka.ilkd.key.parser.TestTermParserHeap" time="0.001"/>
  <testcase name="testQueryInheritance_2()" classname="de.uka.ilkd.key.parser.TestTermParserHeap" time="0.001"/>
  <testcase name="testQueryInheritance_3()" classname="de.uka.ilkd.key.parser.TestTermParserHeap" time="0.005"/>
  <testcase name="testQueryInheritance_4()" classname="de.uka.ilkd.key.parser.TestTermParserHeap" time="0.002"/>
  <testcase name="testQueryInheritance_5()" classname="de.uka.ilkd.key.parser.TestTermParserHeap" time="0.003"/>
  <testcase name="testQueryInheritance_6()" classname="de.uka.ilkd.key.parser.TestTermParserHeap" time="0.002"/>
  <testcase name="testQueryInheritance_7()" classname="de.uka.ilkd.key.parser.TestTermParserHeap" time="0.001"/>
  <testcase name="testQueryInheritance_8()" classname="de.uka.ilkd.key.parser.TestTermParserHeap" time="0.001"/>
  <testcase name="testQueryInheritance_9()" classname="de.uka.ilkd.key.parser.TestTermParserHeap" time="0.001"/>
  <testcase name="testQueryBasic_10()" classname="de.uka.ilkd.key.parser.TestTermParserHeap" time="0.002"/>
  <testcase name="testQueryBasic_11()" classname="de.uka.ilkd.key.parser.TestTermParserHeap" time="0.001"/>
  <testcase name="testQueryBasic_1()" classname="de.uka.ilkd.key.parser.TestTermParserHeap" time="0.001"/>
  <testcase name="testQueryBasic_2()" classname="de.uka.ilkd.key.parser.TestTermParserHeap" time="0.001"/>
  <testcase name="testQueryBasic_3()" classname="de.uka.ilkd.key.parser.TestTermParserHeap" time="0.001"/>
  <testcase name="testQueryBasic_4()" classname="de.uka.ilkd.key.parser.TestTermParserHeap" time="0.002"/>
  <testcase name="testQueryBasic_5()" classname="de.uka.ilkd.key.parser.TestTermParserHeap" time="0.002"/>
  <testcase name="testQueryBasic_6()" classname="de.uka.ilkd.key.parser.TestTermParserHeap" time="0.001"/>
  <testcase name="testQueryBasic_7()" classname="de.uka.ilkd.key.parser.TestTermParserHeap" time="0.002"/>
  <testcase name="testQueryBasic_8()" classname="de.uka.ilkd.key.parser.TestTermParserHeap" time="0.002"/>
  <testcase name="testQueryBasic_9()" classname="de.uka.ilkd.key.parser.TestTermParserHeap" time="0.002"/>
  <system-out><![CDATA[308012     INFO  Test worker     d.u.i.k.n.KeyIO           Parsing took 1 ms 
308012     INFO  Test worker     d.u.i.k.n.KeyIO           MODE: declarations took 0 ms 
308012     INFO  Test worker     d.u.i.k.n.KeyIO           Parsing took 0 ms 
308012     INFO  Test worker     d.u.i.k.n.KeyIO           MODE: declarations took 0 ms 
308012     INFO  Test worker     d.u.i.k.n.KeyIO           Parsing took 0 ms 
308012     INFO  Test worker     d.u.i.k.n.KeyIO           MODE: declarations took 0 ms 
308012     INFO  Test worker     d.u.i.k.n.KeyIO           Parsing took 0 ms 
308012     INFO  Test worker     d.u.i.k.n.KeyIO           MODE: declarations took 0 ms 
308012     INFO  Test worker     d.u.i.k.n.KeyIO           Parsing took 0 ms 
308012     INFO  Test worker     d.u.i.k.n.KeyIO           MODE: declarations took 0 ms 
311031     INFO  Test worker     d.u.i.k.n.KeyIO           Parsing took 0 ms 
311031     INFO  Test worker     d.u.i.k.n.KeyIO           MODE: declarations took 0 ms 
311031     INFO  Test worker     d.u.i.k.n.KeyIO           Parsing took 0 ms 
311031     INFO  Test worker     d.u.i.k.n.KeyIO           MODE: declarations took 0 ms 
311031     INFO  Test worker     d.u.i.k.n.KeyIO           Parsing took 0 ms 
311031     INFO  Test worker     d.u.i.k.n.KeyIO           MODE: declarations took 0 ms 
311031     INFO  Test worker     d.u.i.k.n.KeyIO           Parsing took 0 ms 
311031     INFO  Test worker     d.u.i.k.n.KeyIO           MODE: declarations took 0 ms 
311031     INFO  Test worker     d.u.i.k.n.KeyIO           Parsing took 0 ms 
311031     INFO  Test worker     d.u.i.k.n.KeyIO           MODE: declarations took 0 ms 
313994     INFO  Test worker     d.u.i.k.n.KeyIO           Parsing took 0 ms 
313994     INFO  Test worker     d.u.i.k.n.KeyIO           MODE: declarations took 0 ms 
313994     INFO  Test worker     d.u.i.k.n.KeyIO           Parsing took 0 ms 
313995     INFO  Test worker     d.u.i.k.n.KeyIO           MODE: declarations took 1 ms 
313995     INFO  Test worker     d.u.i.k.n.KeyIO           Parsing took 0 ms 
313995     INFO  Test worker     d.u.i.k.n.KeyIO           MODE: declarations took 0 ms 
313995     INFO  Test worker     d.u.i.k.n.KeyIO           Parsing took 0 ms 
313995     INFO  Test worker     d.u.i.k.n.KeyIO           MODE: declarations took 0 ms 
313995     INFO  Test worker     d.u.i.k.n.KeyIO           Parsing took 0 ms 
313995     INFO  Test worker     d.u.i.k.n.KeyIO           MODE: declarations took 0 ms 
313995     INFO  Test worker     d.u.i.k.n.KeyIO           Parsing took 0 ms 
313995     INFO  Test worker     d.u.i.k.n.KeyIO           MODE: declarations took 0 ms 
316955     INFO  Test worker     d.u.i.k.n.KeyIO           Parsing took 0 ms 
316955     INFO  Test worker     d.u.i.k.n.KeyIO           MODE: declarations took 0 ms 
316955     INFO  Test worker     d.u.i.k.n.KeyIO           Parsing took 0 ms 
316955     INFO  Test worker     d.u.i.k.n.KeyIO           MODE: declarations took 0 ms 
316955     INFO  Test worker     d.u.i.k.n.KeyIO           Parsing took 0 ms 
316955     INFO  Test worker     d.u.i.k.n.KeyIO           MODE: declarations took 0 ms 
316955     INFO  Test worker     d.u.i.k.n.KeyIO           Parsing took 0 ms 
316956     INFO  Test worker     d.u.i.k.n.KeyIO           MODE: declarations took 0 ms 
316956     INFO  Test worker     d.u.i.k.n.KeyIO           Parsing took 0 ms 
316956     INFO  Test worker     d.u.i.k.n.KeyIO           MODE: declarations took 0 ms 
319939     INFO  Test worker     d.u.i.k.n.KeyIO           Parsing took 0 ms 
319939     INFO  Test worker     d.u.i.k.n.KeyIO           MODE: declarations took 0 ms 
319939     INFO  Test worker     d.u.i.k.n.KeyIO           Parsing took 0 ms 
319939     INFO  Test worker     d.u.i.k.n.KeyIO           MODE: declarations took 0 ms 
319939     INFO  Test worker     d.u.i.k.n.KeyIO           Parsing took 0 ms 
319939     INFO  Test worker     d.u.i.k.n.KeyIO           MODE: declarations took 0 ms 
319939     INFO  Test worker     d.u.i.k.n.KeyIO           Parsing took 0 ms 
319939     INFO  Test worker     d.u.i.k.n.KeyIO           MODE: declarations took 0 ms 
319939     INFO  Test worker     d.u.i.k.n.KeyIO           Parsing took 0 ms 
319939     INFO  Test worker     d.u.i.k.n.KeyIO           MODE: declarations took 0 ms 
322899     INFO  Test worker     d.u.i.k.n.KeyIO           Parsing took 0 ms 
322900     INFO  Test worker     d.u.i.k.n.KeyIO           MODE: declarations took 0 ms 
322900     INFO  Test worker     d.u.i.k.n.KeyIO           Parsing took 0 ms 
322900     INFO  Test worker     d.u.i.k.n.KeyIO           MODE: declarations took 0 ms 
322900     INFO  Test worker     d.u.i.k.n.KeyIO           Parsing took 0 ms 
322900     INFO  Test worker     d.u.i.k.n.KeyIO           MODE: declarations took 0 ms 
322900     INFO  Test worker     d.u.i.k.n.KeyIO           Parsing took 0 ms 
322900     INFO  Test worker     d.u.i.k.n.KeyIO           MODE: declarations took 0 ms 
322900     INFO  Test worker     d.u.i.k.n.KeyIO           Parsing took 0 ms 
322900     INFO  Test worker     d.u.i.k.n.KeyIO           MODE: declarations took 0 ms 
325808     INFO  Test worker     d.u.i.k.n.KeyIO           Parsing took 0 ms 
325808     INFO  Test worker     d.u.i.k.n.KeyIO           MODE: declarations took 0 ms 
325808     INFO  Test worker     d.u.i.k.n.KeyIO           Parsing took 0 ms 
325808     INFO  Test worker     d.u.i.k.n.KeyIO           MODE: declarations took 0 ms 
325808     INFO  Test worker     d.u.i.k.n.KeyIO           Parsing took 0 ms 
325808     INFO  Test worker     d.u.i.k.n.KeyIO           MODE: declarations took 0 ms 
325808     INFO  Test worker     d.u.i.k.n.KeyIO           Parsing took 0 ms 
325808     INFO  Test worker     d.u.i.k.n.KeyIO           MODE: declarations took 0 ms 
325808     INFO  Test worker     d.u.i.k.n.KeyIO           Parsing took 0 ms 
325808     INFO  Test worker     d.u.i.k.n.KeyIO           MODE: declarations took 0 ms 
328747     INFO  Test worker     d.u.i.k.n.KeyIO           Parsing took 0 ms 
328747     INFO  Test worker     d.u.i.k.n.KeyIO           MODE: declarations took 0 ms 
328747     INFO  Test worker     d.u.i.k.n.KeyIO           Parsing took 0 ms 
328748     INFO  Test worker     d.u.i.k.n.KeyIO           MODE: declarations took 0 ms 
328748     INFO  Test worker     d.u.i.k.n.KeyIO           Parsing took 0 ms 
328748     INFO  Test worker     d.u.i.k.n.KeyIO           MODE: declarations took 0 ms 
328748     INFO  Test worker     d.u.i.k.n.KeyIO           Parsing took 0 ms 
328748     INFO  Test worker     d.u.i.k.n.KeyIO           MODE: declarations took 0 ms 
328748     INFO  Test worker     d.u.i.k.n.KeyIO           Parsing took 0 ms 
328748     INFO  Test worker     d.u.i.k.n.KeyIO           MODE: declarations took 0 ms 
331544     INFO  Test worker     d.u.i.k.n.KeyIO           Parsing took 0 ms 
331544     INFO  Test worker     d.u.i.k.n.KeyIO           MODE: declarations took 0 ms 
331544     INFO  Test worker     d.u.i.k.n.KeyIO           Parsing took 0 ms 
331544     INFO  Test worker     d.u.i.k.n.KeyIO           MODE: declarations took 0 ms 
331544     INFO  Test worker     d.u.i.k.n.KeyIO           Parsing took 0 ms 
331544     INFO  Test worker     d.u.i.k.n.KeyIO           MODE: declarations took 0 ms 
331544     INFO  Test worker     d.u.i.k.n.KeyIO           Parsing took 0 ms 
331544     INFO  Test worker     d.u.i.k.n.KeyIO           MODE: declarations took 0 ms 
331544     INFO  Test worker     d.u.i.k.n.KeyIO           Parsing took 0 ms 
331544     INFO  Test worker     d.u.i.k.n.KeyIO           MODE: declarations took 0 ms 
334417     INFO  Test worker     d.u.i.k.n.KeyIO           Parsing took 0 ms 
334418     INFO  Test worker     d.u.i.k.n.KeyIO           MODE: declarations took 0 ms 
334418     INFO  Test worker     d.u.i.k.n.KeyIO           Parsing took 0 ms 
334418     INFO  Test worker     d.u.i.k.n.KeyIO           MODE: declarations took 0 ms 
334418     INFO  Test worker     d.u.i.k.n.KeyIO           Parsing took 0 ms 
334419     INFO  Test worker     d.u.i.k.n.KeyIO           MODE: declarations took 0 ms 
334419     INFO  Test worker     d.u.i.k.n.KeyIO           Parsing took 0 ms 
334419     INFO  Test worker     d.u.i.k.n.KeyIO           MODE: declarations took 0 ms 
334419     INFO  Test worker     d.u.i.k.n.KeyIO           Parsing took 0 ms 
334420     INFO  Test worker     d.u.i.k.n.KeyIO           MODE: declarations took 0 ms 
337229     INFO  Test worker     d.u.i.k.n.KeyIO           Parsing took 0 ms 
337229     INFO  Test worker     d.u.i.k.n.KeyIO           MODE: declarations took 0 ms 
337229     INFO  Test worker     d.u.i.k.n.KeyIO           Parsing took 0 ms 
337229     INFO  Test worker     d.u.i.k.n.KeyIO           MODE: declarations took 0 ms 
337229     INFO  Test worker     d.u.i.k.n.KeyIO           Parsing took 0 ms 
337229     INFO  Test worker     d.u.i.k.n.KeyIO           MODE: declarations took 0 ms 
337229     INFO  Test worker     d.u.i.k.n.KeyIO           Parsing took 0 ms 
337229     INFO  Test worker     d.u.i.k.n.KeyIO           MODE: declarations took 0 ms 
337229     INFO  Test worker     d.u.i.k.n.KeyIO           Parsing took 0 ms 
337229     INFO  Test worker     d.u.i.k.n.KeyIO           MODE: declarations took 0 ms 
340037     INFO  Test worker     d.u.i.k.n.KeyIO           Parsing took 0 ms 
340037     INFO  Test worker     d.u.i.k.n.KeyIO           MODE: declarations took 0 ms 
340037     INFO  Test worker     d.u.i.k.n.KeyIO           Parsing took 0 ms 
340037     INFO  Test worker     d.u.i.k.n.KeyIO           MODE: declarations took 0 ms 
340037     INFO  Test worker     d.u.i.k.n.KeyIO           Parsing took 0 ms 
340037     INFO  Test worker     d.u.i.k.n.KeyIO           MODE: declarations took 0 ms 
340037     INFO  Test worker     d.u.i.k.n.KeyIO           Parsing took 0 ms 
340037     INFO  Test worker     d.u.i.k.n.KeyIO           MODE: declarations took 0 ms 
340037     INFO  Test worker     d.u.i.k.n.KeyIO           Parsing took 0 ms 
340037     INFO  Test worker     d.u.i.k.n.KeyIO           MODE: declarations took 0 ms 
342901     INFO  Test worker     d.u.i.k.n.KeyIO           Parsing took 0 ms 
342901     INFO  Test worker     d.u.i.k.n.KeyIO           MODE: declarations took 0 ms 
342901     INFO  Test worker     d.u.i.k.n.KeyIO           Parsing took 0 ms 
342901     INFO  Test worker     d.u.i.k.n.KeyIO           MODE: declarations took 0 ms 
342901     INFO  Test worker     d.u.i.k.n.KeyIO           Parsing took 0 ms 
342901     INFO  Test worker     d.u.i.k.n.KeyIO           MODE: declarations took 0 ms 
342902     INFO  Test worker     d.u.i.k.n.KeyIO           Parsing took 1 ms 
342902     INFO  Test worker     d.u.i.k.n.KeyIO           MODE: declarations took 0 ms 
342902     INFO  Test worker     d.u.i.k.n.KeyIO           Parsing took 0 ms 
342902     INFO  Test worker     d.u.i.k.n.KeyIO           MODE: declarations took 0 ms 
345737     INFO  Test worker     d.u.i.k.n.KeyIO           Parsing took 0 ms 
345738     INFO  Test worker     d.u.i.k.n.KeyIO           MODE: declarations took 0 ms 
345738     INFO  Test worker     d.u.i.k.n.KeyIO           Parsing took 0 ms 
345738     INFO  Test worker     d.u.i.k.n.KeyIO           MODE: declarations took 0 ms 
345739     INFO  Test worker     d.u.i.k.n.KeyIO           Parsing took 0 ms 
345739     INFO  Test worker     d.u.i.k.n.KeyIO           MODE: declarations took 0 ms 
345740     INFO  Test worker     d.u.i.k.n.KeyIO           Parsing took 0 ms 
345740     INFO  Test worker     d.u.i.k.n.KeyIO           MODE: declarations took 0 ms 
345740     INFO  Test worker     d.u.i.k.n.KeyIO           Parsing took 0 ms 
345740     INFO  Test worker     d.u.i.k.n.KeyIO           MODE: declarations took 0 ms 
348721     INFO  Test worker     d.u.i.k.n.KeyIO           Parsing took 0 ms 
348721     INFO  Test worker     d.u.i.k.n.KeyIO           MODE: declarations took 0 ms 
348721     INFO  Test worker     d.u.i.k.n.KeyIO           Parsing took 0 ms 
348721     INFO  Test worker     d.u.i.k.n.KeyIO           MODE: declarations took 0 ms 
348721     INFO  Test worker     d.u.i.k.n.KeyIO           Parsing took 0 ms 
348721     INFO  Test worker     d.u.i.k.n.KeyIO           MODE: declarations took 0 ms 
348721     INFO  Test worker     d.u.i.k.n.KeyIO           Parsing took 0 ms 
348721     INFO  Test worker     d.u.i.k.n.KeyIO           MODE: declarations took 0 ms 
348721     INFO  Test worker     d.u.i.k.n.KeyIO           Parsing took 0 ms 
348721     INFO  Test worker     d.u.i.k.n.KeyIO           MODE: declarations took 0 ms 
348722     WARN  Test worker     d.u.i.k.n.KeYParser       [syntax-error] <unknown>:1:11: mismatched input '@' expecting {'/', ':=', '.', '(', ')', '{', '[', '@', PARALLEL, OR, AND, IMP, '=', NOT_EQUALS, '%', '*', '-', '+', '>', GREATEREQUAL, '<', LESSEQUAL, LGUILLEMETS, EQV} [@11,11:11='@',<153>,1:11] (termEOF) 
351644     INFO  Test worker     d.u.i.k.n.KeyIO           Parsing took 0 ms 
351644     INFO  Test worker     d.u.i.k.n.KeyIO           MODE: declarations took 0 ms 
351644     INFO  Test worker     d.u.i.k.n.KeyIO           Parsing took 0 ms 
351644     INFO  Test worker     d.u.i.k.n.KeyIO           MODE: declarations took 0 ms 
351644     INFO  Test worker     d.u.i.k.n.KeyIO           Parsing took 0 ms 
351644     INFO  Test worker     d.u.i.k.n.KeyIO           MODE: declarations took 0 ms 
351644     INFO  Test worker     d.u.i.k.n.KeyIO           Parsing took 0 ms 
351644     INFO  Test worker     d.u.i.k.n.KeyIO           MODE: declarations took 0 ms 
351644     INFO  Test worker     d.u.i.k.n.KeyIO           Parsing took 0 ms 
351644     INFO  Test worker     d.u.i.k.n.KeyIO           MODE: declarations took 0 ms 
354659     INFO  Test worker     d.u.i.k.n.KeyIO           Parsing took 0 ms 
354660     INFO  Test worker     d.u.i.k.n.KeyIO           MODE: declarations took 0 ms 
354660     INFO  Test worker     d.u.i.k.n.KeyIO           Parsing took 0 ms 
354660     INFO  Test worker     d.u.i.k.n.KeyIO           MODE: declarations took 0 ms 
354661     INFO  Test worker     d.u.i.k.n.KeyIO           Parsing took 0 ms 
354661     INFO  Test worker     d.u.i.k.n.KeyIO           MODE: declarations took 0 ms 
354663     INFO  Test worker     d.u.i.k.n.KeyIO           Parsing took 0 ms 
354663     INFO  Test worker     d.u.i.k.n.KeyIO           MODE: declarations took 0 ms 
354663     INFO  Test worker     d.u.i.k.n.KeyIO           Parsing took 0 ms 
354663     INFO  Test worker     d.u.i.k.n.KeyIO           MODE: declarations took 0 ms 
357654     INFO  Test worker     d.u.i.k.n.KeyIO           Parsing took 0 ms 
357654     INFO  Test worker     d.u.i.k.n.KeyIO           MODE: declarations took 0 ms 
357654     INFO  Test worker     d.u.i.k.n.KeyIO           Parsing took 0 ms 
357654     INFO  Test worker     d.u.i.k.n.KeyIO           MODE: declarations took 0 ms 
357654     INFO  Test worker     d.u.i.k.n.KeyIO           Parsing took 0 ms 
357654     INFO  Test worker     d.u.i.k.n.KeyIO           MODE: declarations took 0 ms 
357654     INFO  Test worker     d.u.i.k.n.KeyIO           Parsing took 0 ms 
357654     INFO  Test worker     d.u.i.k.n.KeyIO           MODE: declarations took 0 ms 
357654     INFO  Test worker     d.u.i.k.n.KeyIO           Parsing took 0 ms 
357654     INFO  Test worker     d.u.i.k.n.KeyIO           MODE: declarations took 0 ms 
360611     INFO  Test worker     d.u.i.k.n.KeyIO           Parsing took 0 ms 
360611     INFO  Test worker     d.u.i.k.n.KeyIO           MODE: declarations took 0 ms 
360611     INFO  Test worker     d.u.i.k.n.KeyIO           Parsing took 0 ms 
360611     INFO  Test worker     d.u.i.k.n.KeyIO           MODE: declarations took 0 ms 
360611     INFO  Test worker     d.u.i.k.n.KeyIO           Parsing took 0 ms 
360611     INFO  Test worker     d.u.i.k.n.KeyIO           MODE: declarations took 0 ms 
360611     INFO  Test worker     d.u.i.k.n.KeyIO           Parsing took 0 ms 
360611     INFO  Test worker     d.u.i.k.n.KeyIO           MODE: declarations took 0 ms 
360611     INFO  Test worker     d.u.i.k.n.KeyIO           Parsing took 0 ms 
360611     INFO  Test worker     d.u.i.k.n.KeyIO           MODE: declarations took 0 ms 
363675     INFO  Test worker     d.u.i.k.n.KeyIO           Parsing took 0 ms 
363675     INFO  Test worker     d.u.i.k.n.KeyIO           MODE: declarations took 0 ms 
363675     INFO  Test worker     d.u.i.k.n.KeyIO           Parsing took 0 ms 
363675     INFO  Test worker     d.u.i.k.n.KeyIO           MODE: declarations took 0 ms 
363675     INFO  Test worker     d.u.i.k.n.KeyIO           Parsing took 0 ms 
363675     INFO  Test worker     d.u.i.k.n.KeyIO           MODE: declarations took 0 ms 
363675     INFO  Test worker     d.u.i.k.n.KeyIO           Parsing took 0 ms 
363675     INFO  Test worker     d.u.i.k.n.KeyIO           MODE: declarations took 0 ms 
363675     INFO  Test worker     d.u.i.k.n.KeyIO           Parsing took 0 ms 
363675     INFO  Test worker     d.u.i.k.n.KeyIO           MODE: declarations took 0 ms 
366609     INFO  Test worker     d.u.i.k.n.KeyIO           Parsing took 0 ms 
366609     INFO  Test worker     d.u.i.k.n.KeyIO           MODE: declarations took 0 ms 
366609     INFO  Test worker     d.u.i.k.n.KeyIO           Parsing took 0 ms 
366609     INFO  Test worker     d.u.i.k.n.KeyIO           MODE: declarations took 0 ms 
366609     INFO  Test worker     d.u.i.k.n.KeyIO           Parsing took 0 ms 
366609     INFO  Test worker     d.u.i.k.n.KeyIO           MODE: declarations took 0 ms 
366609     INFO  Test worker     d.u.i.k.n.KeyIO           Parsing took 0 ms 
366609     INFO  Test worker     d.u.i.k.n.KeyIO           MODE: declarations took 0 ms 
366609     INFO  Test worker     d.u.i.k.n.KeyIO           Parsing took 0 ms 
366609     INFO  Test worker     d.u.i.k.n.KeyIO           MODE: declarations took 0 ms 
369398     INFO  Test worker     d.u.i.k.n.KeyIO           Parsing took 0 ms 
369398     INFO  Test worker     d.u.i.k.n.KeyIO           MODE: declarations took 0 ms 
369398     INFO  Test worker     d.u.i.k.n.KeyIO           Parsing took 0 ms 
369398     INFO  Test worker     d.u.i.k.n.KeyIO           MODE: declarations took 0 ms 
369399     INFO  Test worker     d.u.i.k.n.KeyIO           Parsing took 0 ms 
369399     INFO  Test worker     d.u.i.k.n.KeyIO           MODE: declarations took 0 ms 
369399     INFO  Test worker     d.u.i.k.n.KeyIO           Parsing took 0 ms 
369399     INFO  Test worker     d.u.i.k.n.KeyIO           MODE: declarations took 0 ms 
369400     INFO  Test worker     d.u.i.k.n.KeyIO           Parsing took 1 ms 
369400     INFO  Test worker     d.u.i.k.n.KeyIO           MODE: declarations took 0 ms 
372285     INFO  Test worker     d.u.i.k.n.KeyIO           Parsing took 0 ms 
372285     INFO  Test worker     d.u.i.k.n.KeyIO           MODE: declarations took 0 ms 
372285     INFO  Test worker     d.u.i.k.n.KeyIO           Parsing took 0 ms 
372285     INFO  Test worker     d.u.i.k.n.KeyIO           MODE: declarations took 0 ms 
372285     INFO  Test worker     d.u.i.k.n.KeyIO           Parsing took 0 ms 
372285     INFO  Test worker     d.u.i.k.n.KeyIO           MODE: declarations took 0 ms 
372285     INFO  Test worker     d.u.i.k.n.KeyIO           Parsing took 0 ms 
372285     INFO  Test worker     d.u.i.k.n.KeyIO           MODE: declarations took 0 ms 
372285     INFO  Test worker     d.u.i.k.n.KeyIO           Parsing took 0 ms 
372285     INFO  Test worker     d.u.i.k.n.KeyIO           MODE: declarations took 0 ms 
375213     INFO  Test worker     d.u.i.k.n.KeyIO           Parsing took 0 ms 
375214     INFO  Test worker     d.u.i.k.n.KeyIO           MODE: declarations took 0 ms 
375214     INFO  Test worker     d.u.i.k.n.KeyIO           Parsing took 0 ms 
375214     INFO  Test worker     d.u.i.k.n.KeyIO           MODE: declarations took 0 ms 
375215     INFO  Test worker     d.u.i.k.n.KeyIO           Parsing took 0 ms 
375215     INFO  Test worker     d.u.i.k.n.KeyIO           MODE: declarations took 0 ms 
375215     INFO  Test worker     d.u.i.k.n.KeyIO           Parsing took 0 ms 
375215     INFO  Test worker     d.u.i.k.n.KeyIO           MODE: declarations took 0 ms 
375215     INFO  Test worker     d.u.i.k.n.KeyIO           Parsing took 0 ms 
375216     INFO  Test worker     d.u.i.k.n.KeyIO           MODE: declarations took 0 ms 
378123     INFO  Test worker     d.u.i.k.n.KeyIO           Parsing took 0 ms 
378124     INFO  Test worker     d.u.i.k.n.KeyIO           MODE: declarations took 1 ms 
378124     INFO  Test worker     d.u.i.k.n.KeyIO           Parsing took 0 ms 
378124     INFO  Test worker     d.u.i.k.n.KeyIO           MODE: declarations took 0 ms 
378124     INFO  Test worker     d.u.i.k.n.KeyIO           Parsing took 0 ms 
378124     INFO  Test worker     d.u.i.k.n.KeyIO           MODE: declarations took 0 ms 
378124     INFO  Test worker     d.u.i.k.n.KeyIO           Parsing took 0 ms 
378124     INFO  Test worker     d.u.i.k.n.KeyIO           MODE: declarations took 0 ms 
378124     INFO  Test worker     d.u.i.k.n.KeyIO           Parsing took 0 ms 
378124     INFO  Test worker     d.u.i.k.n.KeyIO           MODE: declarations took 0 ms 
381014     INFO  Test worker     d.u.i.k.n.KeyIO           Parsing took 0 ms 
381014     INFO  Test worker     d.u.i.k.n.KeyIO           MODE: declarations took 0 ms 
381014     INFO  Test worker     d.u.i.k.n.KeyIO           Parsing took 0 ms 
381014     INFO  Test worker     d.u.i.k.n.KeyIO           MODE: declarations took 0 ms 
381014     INFO  Test worker     d.u.i.k.n.KeyIO           Parsing took 0 ms 
381014     INFO  Test worker     d.u.i.k.n.KeyIO           MODE: declarations took 0 ms 
381014     INFO  Test worker     d.u.i.k.n.KeyIO           Parsing took 0 ms 
381014     INFO  Test worker     d.u.i.k.n.KeyIO           MODE: declarations took 0 ms 
381014     INFO  Test worker     d.u.i.k.n.KeyIO           Parsing took 0 ms 
381014     INFO  Test worker     d.u.i.k.n.KeyIO           MODE: declarations took 0 ms 
383950     INFO  Test worker     d.u.i.k.n.KeyIO           Parsing took 0 ms 
383950     INFO  Test worker     d.u.i.k.n.KeyIO           MODE: declarations took 0 ms 
383951     INFO  Test worker     d.u.i.k.n.KeyIO           Parsing took 0 ms 
383951     INFO  Test worker     d.u.i.k.n.KeyIO           MODE: declarations took 0 ms 
383951     INFO  Test worker     d.u.i.k.n.KeyIO           Parsing took 0 ms 
383951     INFO  Test worker     d.u.i.k.n.KeyIO           MODE: declarations took 0 ms 
383951     INFO  Test worker     d.u.i.k.n.KeyIO           Parsing took 0 ms 
383951     INFO  Test worker     d.u.i.k.n.KeyIO           MODE: declarations took 0 ms 
383951     INFO  Test worker     d.u.i.k.n.KeyIO           Parsing took 0 ms 
383951     INFO  Test worker     d.u.i.k.n.KeyIO           MODE: declarations took 0 ms 
386885     INFO  Test worker     d.u.i.k.n.KeyIO           Parsing took 0 ms 
386885     INFO  Test worker     d.u.i.k.n.KeyIO           MODE: declarations took 0 ms 
386885     INFO  Test worker     d.u.i.k.n.KeyIO           Parsing took 0 ms 
386885     INFO  Test worker     d.u.i.k.n.KeyIO           MODE: declarations took 0 ms 
386885     INFO  Test worker     d.u.i.k.n.KeyIO           Parsing took 0 ms 
386885     INFO  Test worker     d.u.i.k.n.KeyIO           MODE: declarations took 0 ms 
386885     INFO  Test worker     d.u.i.k.n.KeyIO           Parsing took 0 ms 
386885     INFO  Test worker     d.u.i.k.n.KeyIO           MODE: declarations took 0 ms 
386885     INFO  Test worker     d.u.i.k.n.KeyIO           Parsing took 0 ms 
386885     INFO  Test worker     d.u.i.k.n.KeyIO           MODE: declarations took 0 ms 
389795     INFO  Test worker     d.u.i.k.n.KeyIO           Parsing took 0 ms 
389795     INFO  Test worker     d.u.i.k.n.KeyIO           MODE: declarations took 0 ms 
389795     INFO  Test worker     d.u.i.k.n.KeyIO           Parsing took 0 ms 
389795     INFO  Test worker     d.u.i.k.n.KeyIO           MODE: declarations took 0 ms 
389795     INFO  Test worker     d.u.i.k.n.KeyIO           Parsing took 0 ms 
389795     INFO  Test worker     d.u.i.k.n.KeyIO           MODE: declarations took 0 ms 
389795     INFO  Test worker     d.u.i.k.n.KeyIO           Parsing took 0 ms 
389795     INFO  Test worker     d.u.i.k.n.KeyIO           MODE: declarations took 0 ms 
389795     INFO  Test worker     d.u.i.k.n.KeyIO           Parsing took 0 ms 
389795     INFO  Test worker     d.u.i.k.n.KeyIO           MODE: declarations took 0 ms 
392667     INFO  Test worker     d.u.i.k.n.KeyIO           Parsing took 0 ms 
392667     INFO  Test worker     d.u.i.k.n.KeyIO           MODE: declarations took 0 ms 
392667     INFO  Test worker     d.u.i.k.n.KeyIO           Parsing took 0 ms 
392667     INFO  Test worker     d.u.i.k.n.KeyIO           MODE: declarations took 0 ms 
392667     INFO  Test worker     d.u.i.k.n.KeyIO           Parsing took 0 ms 
392667     INFO  Test worker     d.u.i.k.n.KeyIO           MODE: declarations took 0 ms 
392667     INFO  Test worker     d.u.i.k.n.KeyIO           Parsing took 0 ms 
392667     INFO  Test worker     d.u.i.k.n.KeyIO           MODE: declarations took 0 ms 
392667     INFO  Test worker     d.u.i.k.n.KeyIO           Parsing took 0 ms 
392667     INFO  Test worker     d.u.i.k.n.KeyIO           MODE: declarations took 0 ms 
395471     INFO  Test worker     d.u.i.k.n.KeyIO           Parsing took 0 ms 
395471     INFO  Test worker     d.u.i.k.n.KeyIO           MODE: declarations took 0 ms 
395472     INFO  Test worker     d.u.i.k.n.KeyIO           Parsing took 0 ms 
395472     INFO  Test worker     d.u.i.k.n.KeyIO           MODE: declarations took 0 ms 
395472     INFO  Test worker     d.u.i.k.n.KeyIO           Parsing took 0 ms 
395472     INFO  Test worker     d.u.i.k.n.KeyIO           MODE: declarations took 0 ms 
395472     INFO  Test worker     d.u.i.k.n.KeyIO           Parsing took 0 ms 
395472     INFO  Test worker     d.u.i.k.n.KeyIO           MODE: declarations took 0 ms 
395472     INFO  Test worker     d.u.i.k.n.KeyIO           Parsing took 0 ms 
395472     INFO  Test worker     d.u.i.k.n.KeyIO           MODE: declarations took 0 ms 
398245     INFO  Test worker     d.u.i.k.n.KeyIO           Parsing took 0 ms 
398245     INFO  Test worker     d.u.i.k.n.KeyIO           MODE: declarations took 0 ms 
398245     INFO  Test worker     d.u.i.k.n.KeyIO           Parsing took 0 ms 
398245     INFO  Test worker     d.u.i.k.n.KeyIO           MODE: declarations took 0 ms 
398245     INFO  Test worker     d.u.i.k.n.KeyIO           Parsing took 0 ms 
398246     INFO  Test worker     d.u.i.k.n.KeyIO           MODE: declarations took 0 ms 
398246     INFO  Test worker     d.u.i.k.n.KeyIO           Parsing took 0 ms 
398246     INFO  Test worker     d.u.i.k.n.KeyIO           MODE: declarations took 0 ms 
398246     INFO  Test worker     d.u.i.k.n.KeyIO           Parsing took 0 ms 
398246     INFO  Test worker     d.u.i.k.n.KeyIO           MODE: declarations took 0 ms 
401024     INFO  Test worker     d.u.i.k.n.KeyIO           Parsing took 0 ms 
401024     INFO  Test worker     d.u.i.k.n.KeyIO           MODE: declarations took 0 ms 
401025     INFO  Test worker     d.u.i.k.n.KeyIO           Parsing took 0 ms 
401025     INFO  Test worker     d.u.i.k.n.KeyIO           MODE: declarations took 0 ms 
401025     INFO  Test worker     d.u.i.k.n.KeyIO           Parsing took 0 ms 
401025     INFO  Test worker     d.u.i.k.n.KeyIO           MODE: declarations took 0 ms 
401025     INFO  Test worker     d.u.i.k.n.KeyIO           Parsing took 0 ms 
401025     INFO  Test worker     d.u.i.k.n.KeyIO           MODE: declarations took 0 ms 
401025     INFO  Test worker     d.u.i.k.n.KeyIO           Parsing took 0 ms 
401025     INFO  Test worker     d.u.i.k.n.KeyIO           MODE: declarations took 0 ms 
403862     INFO  Test worker     d.u.i.k.n.KeyIO           Parsing took 0 ms 
403863     INFO  Test worker     d.u.i.k.n.KeyIO           MODE: declarations took 1 ms 
403863     INFO  Test worker     d.u.i.k.n.KeyIO           Parsing took 0 ms 
403863     INFO  Test worker     d.u.i.k.n.KeyIO           MODE: declarations took 0 ms 
403863     INFO  Test worker     d.u.i.k.n.KeyIO           Parsing took 0 ms 
403863     INFO  Test worker     d.u.i.k.n.KeyIO           MODE: declarations took 0 ms 
403863     INFO  Test worker     d.u.i.k.n.KeyIO           Parsing took 0 ms 
403863     INFO  Test worker     d.u.i.k.n.KeyIO           MODE: declarations took 0 ms 
403863     INFO  Test worker     d.u.i.k.n.KeyIO           Parsing took 0 ms 
403863     INFO  Test worker     d.u.i.k.n.KeyIO           MODE: declarations took 0 ms 
406654     INFO  Test worker     d.u.i.k.n.KeyIO           Parsing took 0 ms 
406654     INFO  Test worker     d.u.i.k.n.KeyIO           MODE: declarations took 0 ms 
406654     INFO  Test worker     d.u.i.k.n.KeyIO           Parsing took 0 ms 
406654     INFO  Test worker     d.u.i.k.n.KeyIO           MODE: declarations took 0 ms 
406654     INFO  Test worker     d.u.i.k.n.KeyIO           Parsing took 0 ms 
406654     INFO  Test worker     d.u.i.k.n.KeyIO           MODE: declarations took 0 ms 
406654     INFO  Test worker     d.u.i.k.n.KeyIO           Parsing took 0 ms 
406654     INFO  Test worker     d.u.i.k.n.KeyIO           MODE: declarations took 0 ms 
406654     INFO  Test worker     d.u.i.k.n.KeyIO           Parsing took 0 ms 
406654     INFO  Test worker     d.u.i.k.n.KeyIO           MODE: declarations took 0 ms 
409437     INFO  Test worker     d.u.i.k.n.KeyIO           Parsing took 0 ms 
409437     INFO  Test worker     d.u.i.k.n.KeyIO           MODE: declarations took 0 ms 
409437     INFO  Test worker     d.u.i.k.n.KeyIO           Parsing took 0 ms 
409437     INFO  Test worker     d.u.i.k.n.KeyIO           MODE: declarations took 0 ms 
409437     INFO  Test worker     d.u.i.k.n.KeyIO           Parsing took 0 ms 
409437     INFO  Test worker     d.u.i.k.n.KeyIO           MODE: declarations took 0 ms 
409437     INFO  Test worker     d.u.i.k.n.KeyIO           Parsing took 0 ms 
409437     INFO  Test worker     d.u.i.k.n.KeyIO           MODE: declarations took 0 ms 
409437     INFO  Test worker     d.u.i.k.n.KeyIO           Parsing took 0 ms 
409437     INFO  Test worker     d.u.i.k.n.KeyIO           MODE: declarations took 0 ms 
412324     INFO  Test worker     d.u.i.k.n.KeyIO           Parsing took 0 ms 
412325     INFO  Test worker     d.u.i.k.n.KeyIO           MODE: declarations took 0 ms 
412325     INFO  Test worker     d.u.i.k.n.KeyIO           Parsing took 0 ms 
412325     INFO  Test worker     d.u.i.k.n.KeyIO           MODE: declarations took 0 ms 
412325     INFO  Test worker     d.u.i.k.n.KeyIO           Parsing took 0 ms 
412325     INFO  Test worker     d.u.i.k.n.KeyIO           MODE: declarations took 0 ms 
412325     INFO  Test worker     d.u.i.k.n.KeyIO           Parsing took 0 ms 
412325     INFO  Test worker     d.u.i.k.n.KeyIO           MODE: declarations took 0 ms 
412325     INFO  Test worker     d.u.i.k.n.KeyIO           Parsing took 0 ms 
412325     INFO  Test worker     d.u.i.k.n.KeyIO           MODE: declarations took 0 ms 
415235     INFO  Test worker     d.u.i.k.n.KeyIO           Parsing took 0 ms 
415235     INFO  Test worker     d.u.i.k.n.KeyIO           MODE: declarations took 0 ms 
415235     INFO  Test worker     d.u.i.k.n.KeyIO           Parsing took 0 ms 
415235     INFO  Test worker     d.u.i.k.n.KeyIO           MODE: declarations took 0 ms 
415236     INFO  Test worker     d.u.i.k.n.KeyIO           Parsing took 1 ms 
415236     INFO  Test worker     d.u.i.k.n.KeyIO           MODE: declarations took 0 ms 
415236     INFO  Test worker     d.u.i.k.n.KeyIO           Parsing took 0 ms 
415236     INFO  Test worker     d.u.i.k.n.KeyIO           MODE: declarations took 0 ms 
415236     INFO  Test worker     d.u.i.k.n.KeyIO           Parsing took 0 ms 
415236     INFO  Test worker     d.u.i.k.n.KeyIO           MODE: declarations took 0 ms 
418134     INFO  Test worker     d.u.i.k.n.KeyIO           Parsing took 0 ms 
418134     INFO  Test worker     d.u.i.k.n.KeyIO           MODE: declarations took 0 ms 
418134     INFO  Test worker     d.u.i.k.n.KeyIO           Parsing took 0 ms 
418134     INFO  Test worker     d.u.i.k.n.KeyIO           MODE: declarations took 0 ms 
418134     INFO  Test worker     d.u.i.k.n.KeyIO           Parsing took 0 ms 
418134     INFO  Test worker     d.u.i.k.n.KeyIO           MODE: declarations took 0 ms 
418134     INFO  Test worker     d.u.i.k.n.KeyIO           Parsing took 0 ms 
418134     INFO  Test worker     d.u.i.k.n.KeyIO           MODE: declarations took 0 ms 
418134     INFO  Test worker     d.u.i.k.n.KeyIO           Parsing took 0 ms 
418134     INFO  Test worker     d.u.i.k.n.KeyIO           MODE: declarations took 0 ms 
]]></system-out>
  <system-err><![CDATA[]]></system-err>
</testsuite>
