<?xml version="1.0" encoding="UTF-8"?>
<testsuite name="de.uka.ilkd.key.testcase.smt.testgen.TestTestgen" tests="1" skipped="0" failures="0" errors="0" timestamp="2023-05-02T15:31:43" hostname="fv-az479-478" time="5.165">
  <properties/>
  <testcase name="testMiddle()" classname="de.uka.ilkd.key.testcase.smt.testgen.TestTestgen" time="5.165"/>
  <system-out><![CDATA[17256      WARN  Test worker     d.u.i.k.t.s.t.TestTestgen Warning: Z3_CE is not installed, tests skipped. 
17256      WARN  Test worker     d.u.i.k.t.s.t.TestTestgen Maybe use JVM system property "z3SolverPath" to define the path to the Z3 command. 
17256      INFO  Test worker     d.u.i.k.p.i.AbstractProblemLoader Loading environment from src\test\resources\testcase\smt\tg\middle.key 
17256      DEBUG Test worker     d.u.i.k.p.i.AbstractProblemLoader Environment load took 218ns 
17272      INFO  Test worker     d.u.i.k.p.i.AbstractProblemLoader Creating init config 
21376      DEBUG Test worker     d.u.i.k.p.i.AbstractProblemLoader Init config took 4.1s 
21498      INFO  Test worker     d.u.i.k.p.i.AbstractProblemLoader Replaying proof Middle[Middle::middle(int,int,int)].JML normal_behavior operation contract.0 
21520      DEBUG Test worker     d.u.i.k.p.i.IntermediateProofReplayer Proof replay took 15.8ns 
]]></system-out>
  <system-err><![CDATA[]]></system-err>
</testsuite>
