<?xml version="1.0" encoding="UTF-8"?>
<testsuite name="de.uka.ilkd.key.util.removegenerics.TestTypeReference" tests="9" skipped="0" failures="0" errors="0" timestamp="2023-03-31T20:19:56" hostname="fv-az401-679" time="0.067">
  <properties/>
  <testcase name="testTypeVariableArray()" classname="de.uka.ilkd.key.util.removegenerics.TestTypeReference" time="0.002"/>
  <testcase name="testQualifiedBound()" classname="de.uka.ilkd.key.util.removegenerics.TestTypeReference" time="0.002"/>
  <testcase name="testExtendsAndImplementsReference()" classname="de.uka.ilkd.key.util.removegenerics.TestTypeReference" time="0.002"/>
  <testcase name="testCastToTV()" classname="de.uka.ilkd.key.util.removegenerics.TestTypeReference" time="0.005"/>
  <testcase name="testTypeVariable()" classname="de.uka.ilkd.key.util.removegenerics.TestTypeReference" time="0.002"/>
  <testcase name="testLocVar()" classname="de.uka.ilkd.key.util.removegenerics.TestTypeReference" time="0.003"/>
  <testcase name="testVariableDeclaration()" classname="de.uka.ilkd.key.util.removegenerics.TestTypeReference" time="0.003"/>
  <testcase name="testFieldType()" classname="de.uka.ilkd.key.util.removegenerics.TestTypeReference" time="0.006"/>
  <testcase name="testConstructor()" classname="de.uka.ilkd.key.util.removegenerics.TestTypeReference" time="0.01"/>
  <system-out><![CDATA[]]></system-out>
  <system-err><![CDATA[]]></system-err>
</testsuite>
