<?xml version="1.0" encoding="UTF-8"?>
<testsuite name="de.uka.ilkd.key.testcase.smt.testgen.TestTestgen" tests="1" skipped="0" failures="0" errors="0" timestamp="2023-06-06T10:08:57" hostname="fv-az811-996" time="5.613">
  <properties/>
  <testcase name="testMiddle()" classname="de.uka.ilkd.key.testcase.smt.testgen.TestTestgen" time="5.613"/>
  <system-out><![CDATA[19344      WARN  Test worker     d.u.i.k.t.s.t.TestTestgen Warning: Z3_CE is not installed, tests skipped. 
19344      WARN  Test worker     d.u.i.k.t.s.t.TestTestgen Maybe use JVM system property "z3SolverPath" to define the path to the Z3 command. 
19344      INFO  Test worker     d.u.i.k.p.i.AbstractProblemLoader Loading environment from src\test\resources\testcase\smt\tg\middle.key 
19344      DEBUG Test worker     d.u.i.k.p.i.AbstractProblemLoader Environment load took 268.3ns 
19360      INFO  Test worker     d.u.i.k.p.i.AbstractProblemLoader Creating init config 
24231      DEBUG Test worker     d.u.i.k.p.i.AbstractProblemLoader Init config took 4.88s 
24356      INFO  Test worker     d.u.i.k.p.i.AbstractProblemLoader Replaying proof Middle[Middle::middle(int,int,int)].JML normal_behavior operation contract.0 
24356      DEBUG Test worker     d.u.i.k.p.i.IntermediateProofReplayer Proof replay took 16.6ns 
]]></system-out>
  <system-err><![CDATA[]]></system-err>
</testsuite>
