<?xml version="1.0" encoding="UTF-8"?>
<testsuite name="de.uka.ilkd.key.testcase.smt.testgen.TestTestgen" tests="1" skipped="0" failures="0" errors="0" timestamp="2023-06-03T14:51:13" hostname="fv-az277-694" time="6.005">
  <properties/>
  <testcase name="testMiddle()" classname="de.uka.ilkd.key.testcase.smt.testgen.TestTestgen" time="6.005"/>
  <system-out><![CDATA[19213      WARN  Test worker     d.u.i.k.t.s.t.TestTestgen Warning: Z3_CE is not installed, tests skipped. 
19229      WARN  Test worker     d.u.i.k.t.s.t.TestTestgen Maybe use JVM system property "z3SolverPath" to define the path to the Z3 command. 
19229      INFO  Test worker     d.u.i.k.p.i.AbstractProblemLoader Loading environment from src\test\resources\testcase\smt\tg\middle.key 
19229      DEBUG Test worker     d.u.i.k.p.i.AbstractProblemLoader Environment load took 609.8ns 
19229      INFO  Test worker     d.u.i.k.p.i.AbstractProblemLoader Creating init config 
24543      DEBUG Test worker     d.u.i.k.p.i.AbstractProblemLoader Init config took 5.3s 
24653      INFO  Test worker     d.u.i.k.p.i.AbstractProblemLoader Replaying proof Middle[Middle::middle(int,int,int)].JML normal_behavior operation contract.0 
24653      DEBUG Test worker     d.u.i.k.p.i.IntermediateProofReplayer Proof replay took 21.3ns 
]]></system-out>
  <system-err><![CDATA[]]></system-err>
</testsuite>
