<?xml version="1.0" encoding="UTF-8"?>
<testsuite name="org.key_project.exploration.ProofExplorationServiceTest" tests="3" skipped="0" failures="0" errors="0" timestamp="2023-02-06T22:52:50" hostname="fv-az363-838" time="14.915">
  <properties/>
  <testcase name="testAdditionAntec()" classname="org.key_project.exploration.ProofExplorationServiceTest" time="8.944"/>
  <testcase name="testChangeFormula()" classname="org.key_project.exploration.ProofExplorationServiceTest" time="3.055"/>
  <testcase name="testAdditionSucc()" classname="org.key_project.exploration.ProofExplorationServiceTest" time="2.915"/>
  <system-out><![CDATA[[22:52:50.943] ?[31mWARN ?[0;39m ?[36mProofIndependentSettings?[0;39m - The settings in /home/runner/.key/proofIndependentSettings.props are *not* read due to flag 'key.disregardSettings'
[22:52:51.214] ?[31mWARN ?[0;39m ?[36mProofSettings?[0;39m - The settings in /home/runner/.key/proof-settings.props are *not* read.
]]></system-out>
  <system-err><![CDATA[]]></system-err>
</testsuite>
