<?xml version="1.0" encoding="UTF-8"?>
<testsuite name="de.uka.ilkd.key.proof.runallproofs.RunAllProofsInfFlow" tests="30" skipped="0" failures="29" errors="0" timestamp="2023-02-06T17:40:54" hostname="fv-az354-901" time="33.024">
  <properties/>
  <testcase name="ToyVoting" classname="de.uka.ilkd.key.proof.runallproofs.RunAllProofsInfFlow" time="1.208">
    <failure message="org.opentest4j.AssertionFailedError: Executed process terminated with non-zero exit value. ==&gt; expected: &lt;0&gt; but was: &lt;1&gt;" type="org.opentest4j.AssertionFailedError">org.opentest4j.AssertionFailedError: Executed process terminated with non-zero exit value. ==&gt; expected: &lt;0&gt; but was: &lt;1&gt;
	at app//org.junit.jupiter.api.AssertionUtils.fail(AssertionUtils.java:55)
	at app//org.junit.jupiter.api.AssertionUtils.failNotEqual(AssertionUtils.java:62)
	at app//org.junit.jupiter.api.AssertEquals.assertEquals(AssertEquals.java:150)
	at app//org.junit.jupiter.api.Assertions.assertEquals(Assertions.java:559)
	at app//de.uka.ilkd.key.proof.runallproofs.proofcollection.ForkedTestFileRunner.processTestFiles(ForkedTestFileRunner.java:129)
	at app//de.uka.ilkd.key.proof.runallproofs.RunAllProofsTestUnit.runTest(RunAllProofsTestUnit.java:85)
	at app//de.uka.ilkd.key.proof.runallproofs.RunAllProofsTest.lambda$data$0(RunAllProofsTest.java:83)
	at app//org.junit.jupiter.engine.descriptor.DynamicTestTestDescriptor.lambda$execute$0(DynamicTestTestDescriptor.java:53)
	at app//org.junit.jupiter.engine.execution.InvocationInterceptorChain$ValidatingInvocation.proceed(InvocationInterceptorChain.java:131)
	at app//org.junit.jupiter.api.extension.InvocationInterceptor.interceptDynamicTest(InvocationInterceptor.java:167)
	at app//org.junit.jupiter.api.extension.InvocationInterceptor.interceptDynamicTest(InvocationInterceptor.java:184)
	at app//org.junit.jupiter.engine.descriptor.DynamicTestTestDescriptor.lambda$execute$1(DynamicTestTestDescriptor.java:61)
	at app//org.junit.jupiter.engine.execution.InvocationInterceptorChain$InterceptorCall.lambda$ofVoid$0(InvocationInterceptorChain.java:78)
	at app//org.junit.jupiter.engine.execution.InvocationInterceptorChain$InterceptedInvocation.proceed(InvocationInterceptorChain.java:106)
	at app//org.junit.jupiter.engine.execution.InvocationInterceptorChain.proceed(InvocationInterceptorChain.java:64)
	at app//org.junit.jupiter.engine.execution.InvocationInterceptorChain.chainAndInvoke(InvocationInterceptorChain.java:45)
	at app//org.junit.jupiter.engine.execution.InvocationInterceptorChain.invoke(InvocationInterceptorChain.java:37)
	at app//org.junit.jupiter.engine.descriptor.DynamicTestTestDescriptor.execute(DynamicTestTestDescriptor.java:60)
	at app//org.junit.jupiter.engine.descriptor.DynamicTestTestDescriptor.execute(DynamicTestTestDescriptor.java:32)
	at app//org.junit.platform.engine.support.hierarchical.NodeTestTask.lambda$executeRecursively$6(NodeTestTask.java:151)
	at app//org.junit.platform.engine.support.hierarchical.ThrowableCollector.execute(ThrowableCollector.java:73)
	at app//org.junit.platform.engine.support.hierarchical.NodeTestTask.lambda$executeRecursively$8(NodeTestTask.java:141)
	at app//org.junit.platform.engine.support.hierarchical.Node.around(Node.java:137)
	at app//org.junit.platform.engine.support.hierarchical.NodeTestTask.lambda$executeRecursively$9(NodeTestTask.java:139)
	at app//org.junit.platform.engine.support.hierarchical.ThrowableCollector.execute(ThrowableCollector.java:73)
	at app//org.junit.platform.engine.support.hierarchical.NodeTestTask.executeRecursively(NodeTestTask.java:138)
	at app//org.junit.platform.engine.support.hierarchical.NodeTestTask.execute(NodeTestTask.java:95)
	at app//org.junit.platform.engine.support.hierarchical.SameThreadHierarchicalTestExecutorService.submit(SameThreadHierarchicalTestExecutorService.java:35)
	at app//org.junit.platform.engine.support.hierarchical.NodeTestTask$DefaultDynamicTestExecutor.execute(NodeTestTask.java:226)
	at app//org.junit.platform.engine.support.hierarchical.NodeTestTask$DefaultDynamicTestExecutor.execute(NodeTestTask.java:204)
	at java.base@11.0.18/java.util.Optional.ifPresent(Optional.java:183)
	at app//org.junit.jupiter.engine.descriptor.TestFactoryTestDescriptor.lambda$invokeTestMethod$1(TestFactoryTestDescriptor.java:108)
	at app//org.junit.platform.engine.support.hierarchical.ThrowableCollector.execute(ThrowableCollector.java:73)
	at app//org.junit.jupiter.engine.descriptor.TestFactoryTestDescriptor.invokeTestMethod(TestFactoryTestDescriptor.java:95)
	at app//org.junit.jupiter.engine.descriptor.TestMethodTestDescriptor.execute(TestMethodTestDescriptor.java:135)
	at app//org.junit.jupiter.engine.descriptor.TestMethodTestDescriptor.execute(TestMethodTestDescriptor.java:66)
	at app//org.junit.platform.engine.support.hierarchical.NodeTestTask.lambda$executeRecursively$6(NodeTestTask.java:151)
	at app//org.junit.platform.engine.support.hierarchical.ThrowableCollector.execute(ThrowableCollector.java:73)
	at app//org.junit.platform.engine.support.hierarchical.NodeTestTask.lambda$executeRecursively$8(NodeTestTask.java:141)
	at app//org.junit.platform.engine.support.hierarchical.Node.around(Node.java:137)
	at app//org.junit.platform.engine.support.hierarchical.NodeTestTask.lambda$executeRecursively$9(NodeTestTask.java:139)
	at app//org.junit.platform.engine.support.hierarchical.ThrowableCollector.execute(ThrowableCollector.java:73)
	at app//org.junit.platform.engine.support.hierarchical.NodeTestTask.executeRecursively(NodeTestTask.java:138)
	at app//org.junit.platform.engine.support.hierarchical.NodeTestTask.execute(NodeTestTask.java:95)
	at java.base@11.0.18/java.util.ArrayList.forEach(ArrayList.java:1541)
	at app//org.junit.platform.engine.support.hierarchical.SameThreadHierarchicalTestExecutorService.invokeAll(SameThreadHierarchicalTestExecutorService.java:41)
	at app//org.junit.platform.engine.support.hierarchical.NodeTestTask.lambda$executeRecursively$6(NodeTestTask.java:155)
	at app//org.junit.platform.engine.support.hierarchical.ThrowableCollector.execute(ThrowableCollector.java:73)
	at app//org.junit.platform.engine.support.hierarchical.NodeTestTask.lambda$executeRecursively$8(NodeTestTask.java:141)
	at app//org.junit.platform.engine.support.hierarchical.Node.around(Node.java:137)
	at app//org.junit.platform.engine.support.hierarchical.NodeTestTask.lambda$executeRecursively$9(NodeTestTask.java:139)
	at app//org.junit.platform.engine.support.hierarchical.ThrowableCollector.execute(ThrowableCollector.java:73)
	at app//org.junit.platform.engine.support.hierarchical.NodeTestTask.executeRecursively(NodeTestTask.java:138)
	at app//org.junit.platform.engine.support.hierarchical.NodeTestTask.execute(NodeTestTask.java:95)
	at java.base@11.0.18/java.util.ArrayList.forEach(ArrayList.java:1541)
	at app//org.junit.platform.engine.support.hierarchical.SameThreadHierarchicalTestExecutorService.invokeAll(SameThreadHierarchicalTestExecutorService.java:41)
	at app//org.junit.platform.engine.support.hierarchical.NodeTestTask.lambda$executeRecursively$6(NodeTestTask.java:155)
	at app//org.junit.platform.engine.support.hierarchical.ThrowableCollector.execute(ThrowableCollector.java:73)
	at app//org.junit.platform.engine.support.hierarchical.NodeTestTask.lambda$executeRecursively$8(NodeTestTask.java:141)
	at app//org.junit.platform.engine.support.hierarchical.Node.around(Node.java:137)
	at app//org.junit.platform.engine.support.hierarchical.NodeTestTask.lambda$executeRecursively$9(NodeTestTask.java:139)
	at app//org.junit.platform.engine.support.hierarchical.ThrowableCollector.execute(ThrowableCollector.java:73)
	at app//org.junit.platform.engine.support.hierarchical.NodeTestTask.executeRecursively(NodeTestTask.java:138)
	at app//org.junit.platform.engine.support.hierarchical.NodeTestTask.execute(NodeTestTask.java:95)
	at app//org.junit.platform.engine.support.hierarchical.SameThreadHierarchicalTestExecutorService.submit(SameThreadHierarchicalTestExecutorService.java:35)
	at app//org.junit.platform.engine.support.hierarchical.HierarchicalTestExecutor.execute(HierarchicalTestExecutor.java:57)
	at app//org.junit.platform.engine.support.hierarchical.HierarchicalTestEngine.execute(HierarchicalTestEngine.java:54)
	at org.junit.platform.launcher.core.EngineExecutionOrchestrator.execute(EngineExecutionOrchestrator.java:107)
	at org.junit.platform.launcher.core.EngineExecutionOrchestrator.execute(EngineExecutionOrchestrator.java:88)
	at org.junit.platform.launcher.core.EngineExecutionOrchestrator.lambda$execute$0(EngineExecutionOrchestrator.java:54)
	at org.junit.platform.launcher.core.EngineExecutionOrchestrator.withInterceptedStreams(EngineExecutionOrchestrator.java:67)
	at org.junit.platform.launcher.core.EngineExecutionOrchestrator.execute(EngineExecutionOrchestrator.java:52)
	at org.junit.platform.launcher.core.DefaultLauncher.execute(DefaultLauncher.java:114)
	at org.junit.platform.launcher.core.DefaultLauncher.execute(DefaultLauncher.java:86)
	at org.junit.platform.launcher.core.DefaultLauncherSession$DelegatingLauncher.execute(DefaultLauncherSession.java:86)
	at org.junit.platform.launcher.core.SessionPerRequestLauncher.execute(SessionPerRequestLauncher.java:53)
	at org.gradle.api.internal.tasks.testing.junitplatform.JUnitPlatformTestClassProcessor$CollectAllTestClassesExecutor.processAllTestClasses(JUnitPlatformTestClassProcessor.java:99)
	at org.gradle.api.internal.tasks.testing.junitplatform.JUnitPlatformTestClassProcessor$CollectAllTestClassesExecutor.access$000(JUnitPlatformTestClassProcessor.java:79)
	at org.gradle.api.internal.tasks.testing.junitplatform.JUnitPlatformTestClassProcessor.stop(JUnitPlatformTestClassProcessor.java:75)
	at org.gradle.api.internal.tasks.testing.SuiteTestClassProcessor.stop(SuiteTestClassProcessor.java:62)
	at java.base@11.0.18/jdk.internal.reflect.NativeMethodAccessorImpl.invoke0(Native Method)
	at java.base@11.0.18/jdk.internal.reflect.NativeMethodAccessorImpl.invoke(NativeMethodAccessorImpl.java:62)
	at java.base@11.0.18/jdk.internal.reflect.DelegatingMethodAccessorImpl.invoke(DelegatingMethodAccessorImpl.java:43)
	at java.base@11.0.18/java.lang.reflect.Method.invoke(Method.java:566)
	at org.gradle.internal.dispatch.ReflectionDispatch.dispatch(ReflectionDispatch.java:36)
	at org.gradle.internal.dispatch.ReflectionDispatch.dispatch(ReflectionDispatch.java:24)
	at org.gradle.internal.dispatch.ContextClassLoaderDispatch.dispatch(ContextClassLoaderDispatch.java:33)
	at org.gradle.internal.dispatch.ProxyDispatchAdapter$DispatchingInvocationHandler.invoke(ProxyDispatchAdapter.java:94)
	at com.sun.proxy.$Proxy2.stop(Unknown Source)
	at org.gradle.api.internal.tasks.testing.worker.TestWorker$3.run(TestWorker.java:193)
	at org.gradle.api.internal.tasks.testing.worker.TestWorker.executeAndMaintainThreadName(TestWorker.java:129)
	at org.gradle.api.internal.tasks.testing.worker.TestWorker.execute(TestWorker.java:100)
	at org.gradle.api.internal.tasks.testing.worker.TestWorker.execute(TestWorker.java:60)
	at org.gradle.process.internal.worker.child.ActionExecutionWorker.execute(ActionExecutionWorker.java:56)
	at org.gradle.process.internal.worker.child.SystemApplicationClassLoaderWorker.call(SystemApplicationClassLoaderWorker.java:113)
	at org.gradle.process.internal.worker.child.SystemApplicationClassLoaderWorker.call(SystemApplicationClassLoaderWorker.java:65)
	at app//worker.org.gradle.process.internal.worker.GradleWorkerMain.run(GradleWorkerMain.java:69)
	at app//worker.org.gradle.process.internal.worker.GradleWorkerMain.main(GradleWorkerMain.java:74)
</failure>
  </testcase>
  <testcase name="ConditionalConfidential" classname="de.uka.ilkd.key.proof.runallproofs.RunAllProofsInfFlow" time="1.094">
    <failure message="org.opentest4j.AssertionFailedError: Executed process terminated with non-zero exit value. ==&gt; expected: &lt;0&gt; but was: &lt;1&gt;" type="org.opentest4j.AssertionFailedError">org.opentest4j.AssertionFailedError: Executed process terminated with non-zero exit value. ==&gt; expected: &lt;0&gt; but was: &lt;1&gt;
	at app//org.junit.jupiter.api.AssertionUtils.fail(AssertionUtils.java:55)
	at app//org.junit.jupiter.api.AssertionUtils.failNotEqual(AssertionUtils.java:62)
	at app//org.junit.jupiter.api.AssertEquals.assertEquals(AssertEquals.java:150)
	at app//org.junit.jupiter.api.Assertions.assertEquals(Assertions.java:559)
	at app//de.uka.ilkd.key.proof.runallproofs.proofcollection.ForkedTestFileRunner.processTestFiles(ForkedTestFileRunner.java:129)
	at app//de.uka.ilkd.key.proof.runallproofs.RunAllProofsTestUnit.runTest(RunAllProofsTestUnit.java:85)
	at app//de.uka.ilkd.key.proof.runallproofs.RunAllProofsTest.lambda$data$0(RunAllProofsTest.java:83)
	at app//org.junit.jupiter.engine.descriptor.DynamicTestTestDescriptor.lambda$execute$0(DynamicTestTestDescriptor.java:53)
	at app//org.junit.jupiter.engine.execution.InvocationInterceptorChain$ValidatingInvocation.proceed(InvocationInterceptorChain.java:131)
	at app//org.junit.jupiter.api.extension.InvocationInterceptor.interceptDynamicTest(InvocationInterceptor.java:167)
	at app//org.junit.jupiter.api.extension.InvocationInterceptor.interceptDynamicTest(InvocationInterceptor.java:184)
	at app//org.junit.jupiter.engine.descriptor.DynamicTestTestDescriptor.lambda$execute$1(DynamicTestTestDescriptor.java:61)
	at app//org.junit.jupiter.engine.execution.InvocationInterceptorChain$InterceptorCall.lambda$ofVoid$0(InvocationInterceptorChain.java:78)
	at app//org.junit.jupiter.engine.execution.InvocationInterceptorChain$InterceptedInvocation.proceed(InvocationInterceptorChain.java:106)
	at app//org.junit.jupiter.engine.execution.InvocationInterceptorChain.proceed(InvocationInterceptorChain.java:64)
	at app//org.junit.jupiter.engine.execution.InvocationInterceptorChain.chainAndInvoke(InvocationInterceptorChain.java:45)
	at app//org.junit.jupiter.engine.execution.InvocationInterceptorChain.invoke(InvocationInterceptorChain.java:37)
	at app//org.junit.jupiter.engine.descriptor.DynamicTestTestDescriptor.execute(DynamicTestTestDescriptor.java:60)
	at app//org.junit.jupiter.engine.descriptor.DynamicTestTestDescriptor.execute(DynamicTestTestDescriptor.java:32)
	at app//org.junit.platform.engine.support.hierarchical.NodeTestTask.lambda$executeRecursively$6(NodeTestTask.java:151)
	at app//org.junit.platform.engine.support.hierarchical.ThrowableCollector.execute(ThrowableCollector.java:73)
	at app//org.junit.platform.engine.support.hierarchical.NodeTestTask.lambda$executeRecursively$8(NodeTestTask.java:141)
	at app//org.junit.platform.engine.support.hierarchical.Node.around(Node.java:137)
	at app//org.junit.platform.engine.support.hierarchical.NodeTestTask.lambda$executeRecursively$9(NodeTestTask.java:139)
	at app//org.junit.platform.engine.support.hierarchical.ThrowableCollector.execute(ThrowableCollector.java:73)
	at app//org.junit.platform.engine.support.hierarchical.NodeTestTask.executeRecursively(NodeTestTask.java:138)
	at app//org.junit.platform.engine.support.hierarchical.NodeTestTask.execute(NodeTestTask.java:95)
	at app//org.junit.platform.engine.support.hierarchical.SameThreadHierarchicalTestExecutorService.submit(SameThreadHierarchicalTestExecutorService.java:35)
	at app//org.junit.platform.engine.support.hierarchical.NodeTestTask$DefaultDynamicTestExecutor.execute(NodeTestTask.java:226)
	at app//org.junit.platform.engine.support.hierarchical.NodeTestTask$DefaultDynamicTestExecutor.execute(NodeTestTask.java:204)
	at java.base@11.0.18/java.util.Optional.ifPresent(Optional.java:183)
	at app//org.junit.jupiter.engine.descriptor.TestFactoryTestDescriptor.lambda$invokeTestMethod$1(TestFactoryTestDescriptor.java:108)
	at app//org.junit.platform.engine.support.hierarchical.ThrowableCollector.execute(ThrowableCollector.java:73)
	at app//org.junit.jupiter.engine.descriptor.TestFactoryTestDescriptor.invokeTestMethod(TestFactoryTestDescriptor.java:95)
	at app//org.junit.jupiter.engine.descriptor.TestMethodTestDescriptor.execute(TestMethodTestDescriptor.java:135)
	at app//org.junit.jupiter.engine.descriptor.TestMethodTestDescriptor.execute(TestMethodTestDescriptor.java:66)
	at app//org.junit.platform.engine.support.hierarchical.NodeTestTask.lambda$executeRecursively$6(NodeTestTask.java:151)
	at app//org.junit.platform.engine.support.hierarchical.ThrowableCollector.execute(ThrowableCollector.java:73)
	at app//org.junit.platform.engine.support.hierarchical.NodeTestTask.lambda$executeRecursively$8(NodeTestTask.java:141)
	at app//org.junit.platform.engine.support.hierarchical.Node.around(Node.java:137)
	at app//org.junit.platform.engine.support.hierarchical.NodeTestTask.lambda$executeRecursively$9(NodeTestTask.java:139)
	at app//org.junit.platform.engine.support.hierarchical.ThrowableCollector.execute(ThrowableCollector.java:73)
	at app//org.junit.platform.engine.support.hierarchical.NodeTestTask.executeRecursively(NodeTestTask.java:138)
	at app//org.junit.platform.engine.support.hierarchical.NodeTestTask.execute(NodeTestTask.java:95)
	at java.base@11.0.18/java.util.ArrayList.forEach(ArrayList.java:1541)
	at app//org.junit.platform.engine.support.hierarchical.SameThreadHierarchicalTestExecutorService.invokeAll(SameThreadHierarchicalTestExecutorService.java:41)
	at app//org.junit.platform.engine.support.hierarchical.NodeTestTask.lambda$executeRecursively$6(NodeTestTask.java:155)
	at app//org.junit.platform.engine.support.hierarchical.ThrowableCollector.execute(ThrowableCollector.java:73)
	at app//org.junit.platform.engine.support.hierarchical.NodeTestTask.lambda$executeRecursively$8(NodeTestTask.java:141)
	at app//org.junit.platform.engine.support.hierarchical.Node.around(Node.java:137)
	at app//org.junit.platform.engine.support.hierarchical.NodeTestTask.lambda$executeRecursively$9(NodeTestTask.java:139)
	at app//org.junit.platform.engine.support.hierarchical.ThrowableCollector.execute(ThrowableCollector.java:73)
	at app//org.junit.platform.engine.support.hierarchical.NodeTestTask.executeRecursively(NodeTestTask.java:138)
	at app//org.junit.platform.engine.support.hierarchical.NodeTestTask.execute(NodeTestTask.java:95)
	at java.base@11.0.18/java.util.ArrayList.forEach(ArrayList.java:1541)
	at app//org.junit.platform.engine.support.hierarchical.SameThreadHierarchicalTestExecutorService.invokeAll(SameThreadHierarchicalTestExecutorService.java:41)
	at app//org.junit.platform.engine.support.hierarchical.NodeTestTask.lambda$executeRecursively$6(NodeTestTask.java:155)
	at app//org.junit.platform.engine.support.hierarchical.ThrowableCollector.execute(ThrowableCollector.java:73)
	at app//org.junit.platform.engine.support.hierarchical.NodeTestTask.lambda$executeRecursively$8(NodeTestTask.java:141)
	at app//org.junit.platform.engine.support.hierarchical.Node.around(Node.java:137)
	at app//org.junit.platform.engine.support.hierarchical.NodeTestTask.lambda$executeRecursively$9(NodeTestTask.java:139)
	at app//org.junit.platform.engine.support.hierarchical.ThrowableCollector.execute(ThrowableCollector.java:73)
	at app//org.junit.platform.engine.support.hierarchical.NodeTestTask.executeRecursively(NodeTestTask.java:138)
	at app//org.junit.platform.engine.support.hierarchical.NodeTestTask.execute(NodeTestTask.java:95)
	at app//org.junit.platform.engine.support.hierarchical.SameThreadHierarchicalTestExecutorService.submit(SameThreadHierarchicalTestExecutorService.java:35)
	at app//org.junit.platform.engine.support.hierarchical.HierarchicalTestExecutor.execute(HierarchicalTestExecutor.java:57)
	at app//org.junit.platform.engine.support.hierarchical.HierarchicalTestEngine.execute(HierarchicalTestEngine.java:54)
	at org.junit.platform.launcher.core.EngineExecutionOrchestrator.execute(EngineExecutionOrchestrator.java:107)
	at org.junit.platform.launcher.core.EngineExecutionOrchestrator.execute(EngineExecutionOrchestrator.java:88)
	at org.junit.platform.launcher.core.EngineExecutionOrchestrator.lambda$execute$0(EngineExecutionOrchestrator.java:54)
	at org.junit.platform.launcher.core.EngineExecutionOrchestrator.withInterceptedStreams(EngineExecutionOrchestrator.java:67)
	at org.junit.platform.launcher.core.EngineExecutionOrchestrator.execute(EngineExecutionOrchestrator.java:52)
	at org.junit.platform.launcher.core.DefaultLauncher.execute(DefaultLauncher.java:114)
	at org.junit.platform.launcher.core.DefaultLauncher.execute(DefaultLauncher.java:86)
	at org.junit.platform.launcher.core.DefaultLauncherSession$DelegatingLauncher.execute(DefaultLauncherSession.java:86)
	at org.junit.platform.launcher.core.SessionPerRequestLauncher.execute(SessionPerRequestLauncher.java:53)
	at org.gradle.api.internal.tasks.testing.junitplatform.JUnitPlatformTestClassProcessor$CollectAllTestClassesExecutor.processAllTestClasses(JUnitPlatformTestClassProcessor.java:99)
	at org.gradle.api.internal.tasks.testing.junitplatform.JUnitPlatformTestClassProcessor$CollectAllTestClassesExecutor.access$000(JUnitPlatformTestClassProcessor.java:79)
	at org.gradle.api.internal.tasks.testing.junitplatform.JUnitPlatformTestClassProcessor.stop(JUnitPlatformTestClassProcessor.java:75)
	at org.gradle.api.internal.tasks.testing.SuiteTestClassProcessor.stop(SuiteTestClassProcessor.java:62)
	at java.base@11.0.18/jdk.internal.reflect.NativeMethodAccessorImpl.invoke0(Native Method)
	at java.base@11.0.18/jdk.internal.reflect.NativeMethodAccessorImpl.invoke(NativeMethodAccessorImpl.java:62)
	at java.base@11.0.18/jdk.internal.reflect.DelegatingMethodAccessorImpl.invoke(DelegatingMethodAccessorImpl.java:43)
	at java.base@11.0.18/java.lang.reflect.Method.invoke(Method.java:566)
	at org.gradle.internal.dispatch.ReflectionDispatch.dispatch(ReflectionDispatch.java:36)
	at org.gradle.internal.dispatch.ReflectionDispatch.dispatch(ReflectionDispatch.java:24)
	at org.gradle.internal.dispatch.ContextClassLoaderDispatch.dispatch(ContextClassLoaderDispatch.java:33)
	at org.gradle.internal.dispatch.ProxyDispatchAdapter$DispatchingInvocationHandler.invoke(ProxyDispatchAdapter.java:94)
	at com.sun.proxy.$Proxy2.stop(Unknown Source)
	at org.gradle.api.internal.tasks.testing.worker.TestWorker$3.run(TestWorker.java:193)
	at org.gradle.api.internal.tasks.testing.worker.TestWorker.executeAndMaintainThreadName(TestWorker.java:129)
	at org.gradle.api.internal.tasks.testing.worker.TestWorker.execute(TestWorker.java:100)
	at org.gradle.api.internal.tasks.testing.worker.TestWorker.execute(TestWorker.java:60)
	at org.gradle.process.internal.worker.child.ActionExecutionWorker.execute(ActionExecutionWorker.java:56)
	at org.gradle.process.internal.worker.child.SystemApplicationClassLoaderWorker.call(SystemApplicationClassLoaderWorker.java:113)
	at org.gradle.process.internal.worker.child.SystemApplicationClassLoaderWorker.call(SystemApplicationClassLoaderWorker.java:65)
	at app//worker.org.gradle.process.internal.worker.GradleWorkerMain.run(GradleWorkerMain.java:69)
	at app//worker.org.gradle.process.internal.worker.GradleWorkerMain.main(GradleWorkerMain.java:74)
</failure>
  </testcase>
  <testcase name="SumExample" classname="de.uka.ilkd.key.proof.runallproofs.RunAllProofsInfFlow" time="0.963">
    <failure message="org.opentest4j.AssertionFailedError: Executed process terminated with non-zero exit value. ==&gt; expected: &lt;0&gt; but was: &lt;1&gt;" type="org.opentest4j.AssertionFailedError">org.opentest4j.AssertionFailedError: Executed process terminated with non-zero exit value. ==&gt; expected: &lt;0&gt; but was: &lt;1&gt;
	at app//org.junit.jupiter.api.AssertionUtils.fail(AssertionUtils.java:55)
	at app//org.junit.jupiter.api.AssertionUtils.failNotEqual(AssertionUtils.java:62)
	at app//org.junit.jupiter.api.AssertEquals.assertEquals(AssertEquals.java:150)
	at app//org.junit.jupiter.api.Assertions.assertEquals(Assertions.java:559)
	at app//de.uka.ilkd.key.proof.runallproofs.proofcollection.ForkedTestFileRunner.processTestFiles(ForkedTestFileRunner.java:129)
	at app//de.uka.ilkd.key.proof.runallproofs.RunAllProofsTestUnit.runTest(RunAllProofsTestUnit.java:85)
	at app//de.uka.ilkd.key.proof.runallproofs.RunAllProofsTest.lambda$data$0(RunAllProofsTest.java:83)
	at app//org.junit.jupiter.engine.descriptor.DynamicTestTestDescriptor.lambda$execute$0(DynamicTestTestDescriptor.java:53)
	at app//org.junit.jupiter.engine.execution.InvocationInterceptorChain$ValidatingInvocation.proceed(InvocationInterceptorChain.java:131)
	at app//org.junit.jupiter.api.extension.InvocationInterceptor.interceptDynamicTest(InvocationInterceptor.java:167)
	at app//org.junit.jupiter.api.extension.InvocationInterceptor.interceptDynamicTest(InvocationInterceptor.java:184)
	at app//org.junit.jupiter.engine.descriptor.DynamicTestTestDescriptor.lambda$execute$1(DynamicTestTestDescriptor.java:61)
	at app//org.junit.jupiter.engine.execution.InvocationInterceptorChain$InterceptorCall.lambda$ofVoid$0(InvocationInterceptorChain.java:78)
	at app//org.junit.jupiter.engine.execution.InvocationInterceptorChain$InterceptedInvocation.proceed(InvocationInterceptorChain.java:106)
	at app//org.junit.jupiter.engine.execution.InvocationInterceptorChain.proceed(InvocationInterceptorChain.java:64)
	at app//org.junit.jupiter.engine.execution.InvocationInterceptorChain.chainAndInvoke(InvocationInterceptorChain.java:45)
	at app//org.junit.jupiter.engine.execution.InvocationInterceptorChain.invoke(InvocationInterceptorChain.java:37)
	at app//org.junit.jupiter.engine.descriptor.DynamicTestTestDescriptor.execute(DynamicTestTestDescriptor.java:60)
	at app//org.junit.jupiter.engine.descriptor.DynamicTestTestDescriptor.execute(DynamicTestTestDescriptor.java:32)
	at app//org.junit.platform.engine.support.hierarchical.NodeTestTask.lambda$executeRecursively$6(NodeTestTask.java:151)
	at app//org.junit.platform.engine.support.hierarchical.ThrowableCollector.execute(ThrowableCollector.java:73)
	at app//org.junit.platform.engine.support.hierarchical.NodeTestTask.lambda$executeRecursively$8(NodeTestTask.java:141)
	at app//org.junit.platform.engine.support.hierarchical.Node.around(Node.java:137)
	at app//org.junit.platform.engine.support.hierarchical.NodeTestTask.lambda$executeRecursively$9(NodeTestTask.java:139)
	at app//org.junit.platform.engine.support.hierarchical.ThrowableCollector.execute(ThrowableCollector.java:73)
	at app//org.junit.platform.engine.support.hierarchical.NodeTestTask.executeRecursively(NodeTestTask.java:138)
	at app//org.junit.platform.engine.support.hierarchical.NodeTestTask.execute(NodeTestTask.java:95)
	at app//org.junit.platform.engine.support.hierarchical.SameThreadHierarchicalTestExecutorService.submit(SameThreadHierarchicalTestExecutorService.java:35)
	at app//org.junit.platform.engine.support.hierarchical.NodeTestTask$DefaultDynamicTestExecutor.execute(NodeTestTask.java:226)
	at app//org.junit.platform.engine.support.hierarchical.NodeTestTask$DefaultDynamicTestExecutor.execute(NodeTestTask.java:204)
	at java.base@11.0.18/java.util.Optional.ifPresent(Optional.java:183)
	at app//org.junit.jupiter.engine.descriptor.TestFactoryTestDescriptor.lambda$invokeTestMethod$1(TestFactoryTestDescriptor.java:108)
	at app//org.junit.platform.engine.support.hierarchical.ThrowableCollector.execute(ThrowableCollector.java:73)
	at app//org.junit.jupiter.engine.descriptor.TestFactoryTestDescriptor.invokeTestMethod(TestFactoryTestDescriptor.java:95)
	at app//org.junit.jupiter.engine.descriptor.TestMethodTestDescriptor.execute(TestMethodTestDescriptor.java:135)
	at app//org.junit.jupiter.engine.descriptor.TestMethodTestDescriptor.execute(TestMethodTestDescriptor.java:66)
	at app//org.junit.platform.engine.support.hierarchical.NodeTestTask.lambda$executeRecursively$6(NodeTestTask.java:151)
	at app//org.junit.platform.engine.support.hierarchical.ThrowableCollector.execute(ThrowableCollector.java:73)
	at app//org.junit.platform.engine.support.hierarchical.NodeTestTask.lambda$executeRecursively$8(NodeTestTask.java:141)
	at app//org.junit.platform.engine.support.hierarchical.Node.around(Node.java:137)
	at app//org.junit.platform.engine.support.hierarchical.NodeTestTask.lambda$executeRecursively$9(NodeTestTask.java:139)
	at app//org.junit.platform.engine.support.hierarchical.ThrowableCollector.execute(ThrowableCollector.java:73)
	at app//org.junit.platform.engine.support.hierarchical.NodeTestTask.executeRecursively(NodeTestTask.java:138)
	at app//org.junit.platform.engine.support.hierarchical.NodeTestTask.execute(NodeTestTask.java:95)
	at java.base@11.0.18/java.util.ArrayList.forEach(ArrayList.java:1541)
	at app//org.junit.platform.engine.support.hierarchical.SameThreadHierarchicalTestExecutorService.invokeAll(SameThreadHierarchicalTestExecutorService.java:41)
	at app//org.junit.platform.engine.support.hierarchical.NodeTestTask.lambda$executeRecursively$6(NodeTestTask.java:155)
	at app//org.junit.platform.engine.support.hierarchical.ThrowableCollector.execute(ThrowableCollector.java:73)
	at app//org.junit.platform.engine.support.hierarchical.NodeTestTask.lambda$executeRecursively$8(NodeTestTask.java:141)
	at app//org.junit.platform.engine.support.hierarchical.Node.around(Node.java:137)
	at app//org.junit.platform.engine.support.hierarchical.NodeTestTask.lambda$executeRecursively$9(NodeTestTask.java:139)
	at app//org.junit.platform.engine.support.hierarchical.ThrowableCollector.execute(ThrowableCollector.java:73)
	at app//org.junit.platform.engine.support.hierarchical.NodeTestTask.executeRecursively(NodeTestTask.java:138)
	at app//org.junit.platform.engine.support.hierarchical.NodeTestTask.execute(NodeTestTask.java:95)
	at java.base@11.0.18/java.util.ArrayList.forEach(ArrayList.java:1541)
	at app//org.junit.platform.engine.support.hierarchical.SameThreadHierarchicalTestExecutorService.invokeAll(SameThreadHierarchicalTestExecutorService.java:41)
	at app//org.junit.platform.engine.support.hierarchical.NodeTestTask.lambda$executeRecursively$6(NodeTestTask.java:155)
	at app//org.junit.platform.engine.support.hierarchical.ThrowableCollector.execute(ThrowableCollector.java:73)
	at app//org.junit.platform.engine.support.hierarchical.NodeTestTask.lambda$executeRecursively$8(NodeTestTask.java:141)
	at app//org.junit.platform.engine.support.hierarchical.Node.around(Node.java:137)
	at app//org.junit.platform.engine.support.hierarchical.NodeTestTask.lambda$executeRecursively$9(NodeTestTask.java:139)
	at app//org.junit.platform.engine.support.hierarchical.ThrowableCollector.execute(ThrowableCollector.java:73)
	at app//org.junit.platform.engine.support.hierarchical.NodeTestTask.executeRecursively(NodeTestTask.java:138)
	at app//org.junit.platform.engine.support.hierarchical.NodeTestTask.execute(NodeTestTask.java:95)
	at app//org.junit.platform.engine.support.hierarchical.SameThreadHierarchicalTestExecutorService.submit(SameThreadHierarchicalTestExecutorService.java:35)
	at app//org.junit.platform.engine.support.hierarchical.HierarchicalTestExecutor.execute(HierarchicalTestExecutor.java:57)
	at app//org.junit.platform.engine.support.hierarchical.HierarchicalTestEngine.execute(HierarchicalTestEngine.java:54)
	at org.junit.platform.launcher.core.EngineExecutionOrchestrator.execute(EngineExecutionOrchestrator.java:107)
	at org.junit.platform.launcher.core.EngineExecutionOrchestrator.execute(EngineExecutionOrchestrator.java:88)
	at org.junit.platform.launcher.core.EngineExecutionOrchestrator.lambda$execute$0(EngineExecutionOrchestrator.java:54)
	at org.junit.platform.launcher.core.EngineExecutionOrchestrator.withInterceptedStreams(EngineExecutionOrchestrator.java:67)
	at org.junit.platform.launcher.core.EngineExecutionOrchestrator.execute(EngineExecutionOrchestrator.java:52)
	at org.junit.platform.launcher.core.DefaultLauncher.execute(DefaultLauncher.java:114)
	at org.junit.platform.launcher.core.DefaultLauncher.execute(DefaultLauncher.java:86)
	at org.junit.platform.launcher.core.DefaultLauncherSession$DelegatingLauncher.execute(DefaultLauncherSession.java:86)
	at org.junit.platform.launcher.core.SessionPerRequestLauncher.execute(SessionPerRequestLauncher.java:53)
	at org.gradle.api.internal.tasks.testing.junitplatform.JUnitPlatformTestClassProcessor$CollectAllTestClassesExecutor.processAllTestClasses(JUnitPlatformTestClassProcessor.java:99)
	at org.gradle.api.internal.tasks.testing.junitplatform.JUnitPlatformTestClassProcessor$CollectAllTestClassesExecutor.access$000(JUnitPlatformTestClassProcessor.java:79)
	at org.gradle.api.internal.tasks.testing.junitplatform.JUnitPlatformTestClassProcessor.stop(JUnitPlatformTestClassProcessor.java:75)
	at org.gradle.api.internal.tasks.testing.SuiteTestClassProcessor.stop(SuiteTestClassProcessor.java:62)
	at java.base@11.0.18/jdk.internal.reflect.NativeMethodAccessorImpl.invoke0(Native Method)
	at java.base@11.0.18/jdk.internal.reflect.NativeMethodAccessorImpl.invoke(NativeMethodAccessorImpl.java:62)
	at java.base@11.0.18/jdk.internal.reflect.DelegatingMethodAccessorImpl.invoke(DelegatingMethodAccessorImpl.java:43)
	at java.base@11.0.18/java.lang.reflect.Method.invoke(Method.java:566)
	at org.gradle.internal.dispatch.ReflectionDispatch.dispatch(ReflectionDispatch.java:36)
	at org.gradle.internal.dispatch.ReflectionDispatch.dispatch(ReflectionDispatch.java:24)
	at org.gradle.internal.dispatch.ContextClassLoaderDispatch.dispatch(ContextClassLoaderDispatch.java:33)
	at org.gradle.internal.dispatch.ProxyDispatchAdapter$DispatchingInvocationHandler.invoke(ProxyDispatchAdapter.java:94)
	at com.sun.proxy.$Proxy2.stop(Unknown Source)
	at org.gradle.api.internal.tasks.testing.worker.TestWorker$3.run(TestWorker.java:193)
	at org.gradle.api.internal.tasks.testing.worker.TestWorker.executeAndMaintainThreadName(TestWorker.java:129)
	at org.gradle.api.internal.tasks.testing.worker.TestWorker.execute(TestWorker.java:100)
	at org.gradle.api.internal.tasks.testing.worker.TestWorker.execute(TestWorker.java:60)
	at org.gradle.process.internal.worker.child.ActionExecutionWorker.execute(ActionExecutionWorker.java:56)
	at org.gradle.process.internal.worker.child.SystemApplicationClassLoaderWorker.call(SystemApplicationClassLoaderWorker.java:113)
	at org.gradle.process.internal.worker.child.SystemApplicationClassLoaderWorker.call(SystemApplicationClassLoaderWorker.java:65)
	at app//worker.org.gradle.process.internal.worker.GradleWorkerMain.run(GradleWorkerMain.java:69)
	at app//worker.org.gradle.process.internal.worker.GradleWorkerMain.main(GradleWorkerMain.java:74)
</failure>
  </testcase>
  <testcase name="ToyBanking" classname="de.uka.ilkd.key.proof.runallproofs.RunAllProofsInfFlow" time="1.183">
    <failure message="org.opentest4j.AssertionFailedError: Executed process terminated with non-zero exit value. ==&gt; expected: &lt;0&gt; but was: &lt;1&gt;" type="org.opentest4j.AssertionFailedError">org.opentest4j.AssertionFailedError: Executed process terminated with non-zero exit value. ==&gt; expected: &lt;0&gt; but was: &lt;1&gt;
	at app//org.junit.jupiter.api.AssertionUtils.fail(AssertionUtils.java:55)
	at app//org.junit.jupiter.api.AssertionUtils.failNotEqual(AssertionUtils.java:62)
	at app//org.junit.jupiter.api.AssertEquals.assertEquals(AssertEquals.java:150)
	at app//org.junit.jupiter.api.Assertions.assertEquals(Assertions.java:559)
	at app//de.uka.ilkd.key.proof.runallproofs.proofcollection.ForkedTestFileRunner.processTestFiles(ForkedTestFileRunner.java:129)
	at app//de.uka.ilkd.key.proof.runallproofs.RunAllProofsTestUnit.runTest(RunAllProofsTestUnit.java:85)
	at app//de.uka.ilkd.key.proof.runallproofs.RunAllProofsTest.lambda$data$0(RunAllProofsTest.java:83)
	at app//org.junit.jupiter.engine.descriptor.DynamicTestTestDescriptor.lambda$execute$0(DynamicTestTestDescriptor.java:53)
	at app//org.junit.jupiter.engine.execution.InvocationInterceptorChain$ValidatingInvocation.proceed(InvocationInterceptorChain.java:131)
	at app//org.junit.jupiter.api.extension.InvocationInterceptor.interceptDynamicTest(InvocationInterceptor.java:167)
	at app//org.junit.jupiter.api.extension.InvocationInterceptor.interceptDynamicTest(InvocationInterceptor.java:184)
	at app//org.junit.jupiter.engine.descriptor.DynamicTestTestDescriptor.lambda$execute$1(DynamicTestTestDescriptor.java:61)
	at app//org.junit.jupiter.engine.execution.InvocationInterceptorChain$InterceptorCall.lambda$ofVoid$0(InvocationInterceptorChain.java:78)
	at app//org.junit.jupiter.engine.execution.InvocationInterceptorChain$InterceptedInvocation.proceed(InvocationInterceptorChain.java:106)
	at app//org.junit.jupiter.engine.execution.InvocationInterceptorChain.proceed(InvocationInterceptorChain.java:64)
	at app//org.junit.jupiter.engine.execution.InvocationInterceptorChain.chainAndInvoke(InvocationInterceptorChain.java:45)
	at app//org.junit.jupiter.engine.execution.InvocationInterceptorChain.invoke(InvocationInterceptorChain.java:37)
	at app//org.junit.jupiter.engine.descriptor.DynamicTestTestDescriptor.execute(DynamicTestTestDescriptor.java:60)
	at app//org.junit.jupiter.engine.descriptor.DynamicTestTestDescriptor.execute(DynamicTestTestDescriptor.java:32)
	at app//org.junit.platform.engine.support.hierarchical.NodeTestTask.lambda$executeRecursively$6(NodeTestTask.java:151)
	at app//org.junit.platform.engine.support.hierarchical.ThrowableCollector.execute(ThrowableCollector.java:73)
	at app//org.junit.platform.engine.support.hierarchical.NodeTestTask.lambda$executeRecursively$8(NodeTestTask.java:141)
	at app//org.junit.platform.engine.support.hierarchical.Node.around(Node.java:137)
	at app//org.junit.platform.engine.support.hierarchical.NodeTestTask.lambda$executeRecursively$9(NodeTestTask.java:139)
	at app//org.junit.platform.engine.support.hierarchical.ThrowableCollector.execute(ThrowableCollector.java:73)
	at app//org.junit.platform.engine.support.hierarchical.NodeTestTask.executeRecursively(NodeTestTask.java:138)
	at app//org.junit.platform.engine.support.hierarchical.NodeTestTask.execute(NodeTestTask.java:95)
	at app//org.junit.platform.engine.support.hierarchical.SameThreadHierarchicalTestExecutorService.submit(SameThreadHierarchicalTestExecutorService.java:35)
	at app//org.junit.platform.engine.support.hierarchical.NodeTestTask$DefaultDynamicTestExecutor.execute(NodeTestTask.java:226)
	at app//org.junit.platform.engine.support.hierarchical.NodeTestTask$DefaultDynamicTestExecutor.execute(NodeTestTask.java:204)
	at java.base@11.0.18/java.util.Optional.ifPresent(Optional.java:183)
	at app//org.junit.jupiter.engine.descriptor.TestFactoryTestDescriptor.lambda$invokeTestMethod$1(TestFactoryTestDescriptor.java:108)
	at app//org.junit.platform.engine.support.hierarchical.ThrowableCollector.execute(ThrowableCollector.java:73)
	at app//org.junit.jupiter.engine.descriptor.TestFactoryTestDescriptor.invokeTestMethod(TestFactoryTestDescriptor.java:95)
	at app//org.junit.jupiter.engine.descriptor.TestMethodTestDescriptor.execute(TestMethodTestDescriptor.java:135)
	at app//org.junit.jupiter.engine.descriptor.TestMethodTestDescriptor.execute(TestMethodTestDescriptor.java:66)
	at app//org.junit.platform.engine.support.hierarchical.NodeTestTask.lambda$executeRecursively$6(NodeTestTask.java:151)
	at app//org.junit.platform.engine.support.hierarchical.ThrowableCollector.execute(ThrowableCollector.java:73)
	at app//org.junit.platform.engine.support.hierarchical.NodeTestTask.lambda$executeRecursively$8(NodeTestTask.java:141)
	at app//org.junit.platform.engine.support.hierarchical.Node.around(Node.java:137)
	at app//org.junit.platform.engine.support.hierarchical.NodeTestTask.lambda$executeRecursively$9(NodeTestTask.java:139)
	at app//org.junit.platform.engine.support.hierarchical.ThrowableCollector.execute(ThrowableCollector.java:73)
	at app//org.junit.platform.engine.support.hierarchical.NodeTestTask.executeRecursively(NodeTestTask.java:138)
	at app//org.junit.platform.engine.support.hierarchical.NodeTestTask.execute(NodeTestTask.java:95)
	at java.base@11.0.18/java.util.ArrayList.forEach(ArrayList.java:1541)
	at app//org.junit.platform.engine.support.hierarchical.SameThreadHierarchicalTestExecutorService.invokeAll(SameThreadHierarchicalTestExecutorService.java:41)
	at app//org.junit.platform.engine.support.hierarchical.NodeTestTask.lambda$executeRecursively$6(NodeTestTask.java:155)
	at app//org.junit.platform.engine.support.hierarchical.ThrowableCollector.execute(ThrowableCollector.java:73)
	at app//org.junit.platform.engine.support.hierarchical.NodeTestTask.lambda$executeRecursively$8(NodeTestTask.java:141)
	at app//org.junit.platform.engine.support.hierarchical.Node.around(Node.java:137)
	at app//org.junit.platform.engine.support.hierarchical.NodeTestTask.lambda$executeRecursively$9(NodeTestTask.java:139)
	at app//org.junit.platform.engine.support.hierarchical.ThrowableCollector.execute(ThrowableCollector.java:73)
	at app//org.junit.platform.engine.support.hierarchical.NodeTestTask.executeRecursively(NodeTestTask.java:138)
	at app//org.junit.platform.engine.support.hierarchical.NodeTestTask.execute(NodeTestTask.java:95)
	at java.base@11.0.18/java.util.ArrayList.forEach(ArrayList.java:1541)
	at app//org.junit.platform.engine.support.hierarchical.SameThreadHierarchicalTestExecutorService.invokeAll(SameThreadHierarchicalTestExecutorService.java:41)
	at app//org.junit.platform.engine.support.hierarchical.NodeTestTask.lambda$executeRecursively$6(NodeTestTask.java:155)
	at app//org.junit.platform.engine.support.hierarchical.ThrowableCollector.execute(ThrowableCollector.java:73)
	at app//org.junit.platform.engine.support.hierarchical.NodeTestTask.lambda$executeRecursively$8(NodeTestTask.java:141)
	at app//org.junit.platform.engine.support.hierarchical.Node.around(Node.java:137)
	at app//org.junit.platform.engine.support.hierarchical.NodeTestTask.lambda$executeRecursively$9(NodeTestTask.java:139)
	at app//org.junit.platform.engine.support.hierarchical.ThrowableCollector.execute(ThrowableCollector.java:73)
	at app//org.junit.platform.engine.support.hierarchical.NodeTestTask.executeRecursively(NodeTestTask.java:138)
	at app//org.junit.platform.engine.support.hierarchical.NodeTestTask.execute(NodeTestTask.java:95)
	at app//org.junit.platform.engine.support.hierarchical.SameThreadHierarchicalTestExecutorService.submit(SameThreadHierarchicalTestExecutorService.java:35)
	at app//org.junit.platform.engine.support.hierarchical.HierarchicalTestExecutor.execute(HierarchicalTestExecutor.java:57)
	at app//org.junit.platform.engine.support.hierarchical.HierarchicalTestEngine.execute(HierarchicalTestEngine.java:54)
	at org.junit.platform.launcher.core.EngineExecutionOrchestrator.execute(EngineExecutionOrchestrator.java:107)
	at org.junit.platform.launcher.core.EngineExecutionOrchestrator.execute(EngineExecutionOrchestrator.java:88)
	at org.junit.platform.launcher.core.EngineExecutionOrchestrator.lambda$execute$0(EngineExecutionOrchestrator.java:54)
	at org.junit.platform.launcher.core.EngineExecutionOrchestrator.withInterceptedStreams(EngineExecutionOrchestrator.java:67)
	at org.junit.platform.launcher.core.EngineExecutionOrchestrator.execute(EngineExecutionOrchestrator.java:52)
	at org.junit.platform.launcher.core.DefaultLauncher.execute(DefaultLauncher.java:114)
	at org.junit.platform.launcher.core.DefaultLauncher.execute(DefaultLauncher.java:86)
	at org.junit.platform.launcher.core.DefaultLauncherSession$DelegatingLauncher.execute(DefaultLauncherSession.java:86)
	at org.junit.platform.launcher.core.SessionPerRequestLauncher.execute(SessionPerRequestLauncher.java:53)
	at org.gradle.api.internal.tasks.testing.junitplatform.JUnitPlatformTestClassProcessor$CollectAllTestClassesExecutor.processAllTestClasses(JUnitPlatformTestClassProcessor.java:99)
	at org.gradle.api.internal.tasks.testing.junitplatform.JUnitPlatformTestClassProcessor$CollectAllTestClassesExecutor.access$000(JUnitPlatformTestClassProcessor.java:79)
	at org.gradle.api.internal.tasks.testing.junitplatform.JUnitPlatformTestClassProcessor.stop(JUnitPlatformTestClassProcessor.java:75)
	at org.gradle.api.internal.tasks.testing.SuiteTestClassProcessor.stop(SuiteTestClassProcessor.java:62)
	at java.base@11.0.18/jdk.internal.reflect.NativeMethodAccessorImpl.invoke0(Native Method)
	at java.base@11.0.18/jdk.internal.reflect.NativeMethodAccessorImpl.invoke(NativeMethodAccessorImpl.java:62)
	at java.base@11.0.18/jdk.internal.reflect.DelegatingMethodAccessorImpl.invoke(DelegatingMethodAccessorImpl.java:43)
	at java.base@11.0.18/java.lang.reflect.Method.invoke(Method.java:566)
	at org.gradle.internal.dispatch.ReflectionDispatch.dispatch(ReflectionDispatch.java:36)
	at org.gradle.internal.dispatch.ReflectionDispatch.dispatch(ReflectionDispatch.java:24)
	at org.gradle.internal.dispatch.ContextClassLoaderDispatch.dispatch(ContextClassLoaderDispatch.java:33)
	at org.gradle.internal.dispatch.ProxyDispatchAdapter$DispatchingInvocationHandler.invoke(ProxyDispatchAdapter.java:94)
	at com.sun.proxy.$Proxy2.stop(Unknown Source)
	at org.gradle.api.internal.tasks.testing.worker.TestWorker$3.run(TestWorker.java:193)
	at org.gradle.api.internal.tasks.testing.worker.TestWorker.executeAndMaintainThreadName(TestWorker.java:129)
	at org.gradle.api.internal.tasks.testing.worker.TestWorker.execute(TestWorker.java:100)
	at org.gradle.api.internal.tasks.testing.worker.TestWorker.execute(TestWorker.java:60)
	at org.gradle.process.internal.worker.child.ActionExecutionWorker.execute(ActionExecutionWorker.java:56)
	at org.gradle.process.internal.worker.child.SystemApplicationClassLoaderWorker.call(SystemApplicationClassLoaderWorker.java:113)
	at org.gradle.process.internal.worker.child.SystemApplicationClassLoaderWorker.call(SystemApplicationClassLoaderWorker.java:65)
	at app//worker.org.gradle.process.internal.worker.GradleWorkerMain.run(GradleWorkerMain.java:69)
	at app//worker.org.gradle.process.internal.worker.GradleWorkerMain.main(GradleWorkerMain.java:74)
</failure>
  </testcase>
  <testcase name="BlockContracts" classname="de.uka.ilkd.key.proof.runallproofs.RunAllProofsInfFlow" time="1.176">
    <failure message="org.opentest4j.AssertionFailedError: Executed process terminated with non-zero exit value. ==&gt; expected: &lt;0&gt; but was: &lt;1&gt;" type="org.opentest4j.AssertionFailedError">org.opentest4j.AssertionFailedError: Executed process terminated with non-zero exit value. ==&gt; expected: &lt;0&gt; but was: &lt;1&gt;
	at app//org.junit.jupiter.api.AssertionUtils.fail(AssertionUtils.java:55)
	at app//org.junit.jupiter.api.AssertionUtils.failNotEqual(AssertionUtils.java:62)
	at app//org.junit.jupiter.api.AssertEquals.assertEquals(AssertEquals.java:150)
	at app//org.junit.jupiter.api.Assertions.assertEquals(Assertions.java:559)
	at app//de.uka.ilkd.key.proof.runallproofs.proofcollection.ForkedTestFileRunner.processTestFiles(ForkedTestFileRunner.java:129)
	at app//de.uka.ilkd.key.proof.runallproofs.RunAllProofsTestUnit.runTest(RunAllProofsTestUnit.java:85)
	at app//de.uka.ilkd.key.proof.runallproofs.RunAllProofsTest.lambda$data$0(RunAllProofsTest.java:83)
	at app//org.junit.jupiter.engine.descriptor.DynamicTestTestDescriptor.lambda$execute$0(DynamicTestTestDescriptor.java:53)
	at app//org.junit.jupiter.engine.execution.InvocationInterceptorChain$ValidatingInvocation.proceed(InvocationInterceptorChain.java:131)
	at app//org.junit.jupiter.api.extension.InvocationInterceptor.interceptDynamicTest(InvocationInterceptor.java:167)
	at app//org.junit.jupiter.api.extension.InvocationInterceptor.interceptDynamicTest(InvocationInterceptor.java:184)
	at app//org.junit.jupiter.engine.descriptor.DynamicTestTestDescriptor.lambda$execute$1(DynamicTestTestDescriptor.java:61)
	at app//org.junit.jupiter.engine.execution.InvocationInterceptorChain$InterceptorCall.lambda$ofVoid$0(InvocationInterceptorChain.java:78)
	at app//org.junit.jupiter.engine.execution.InvocationInterceptorChain$InterceptedInvocation.proceed(InvocationInterceptorChain.java:106)
	at app//org.junit.jupiter.engine.execution.InvocationInterceptorChain.proceed(InvocationInterceptorChain.java:64)
	at app//org.junit.jupiter.engine.execution.InvocationInterceptorChain.chainAndInvoke(InvocationInterceptorChain.java:45)
	at app//org.junit.jupiter.engine.execution.InvocationInterceptorChain.invoke(InvocationInterceptorChain.java:37)
	at app//org.junit.jupiter.engine.descriptor.DynamicTestTestDescriptor.execute(DynamicTestTestDescriptor.java:60)
	at app//org.junit.jupiter.engine.descriptor.DynamicTestTestDescriptor.execute(DynamicTestTestDescriptor.java:32)
	at app//org.junit.platform.engine.support.hierarchical.NodeTestTask.lambda$executeRecursively$6(NodeTestTask.java:151)
	at app//org.junit.platform.engine.support.hierarchical.ThrowableCollector.execute(ThrowableCollector.java:73)
	at app//org.junit.platform.engine.support.hierarchical.NodeTestTask.lambda$executeRecursively$8(NodeTestTask.java:141)
	at app//org.junit.platform.engine.support.hierarchical.Node.around(Node.java:137)
	at app//org.junit.platform.engine.support.hierarchical.NodeTestTask.lambda$executeRecursively$9(NodeTestTask.java:139)
	at app//org.junit.platform.engine.support.hierarchical.ThrowableCollector.execute(ThrowableCollector.java:73)
	at app//org.junit.platform.engine.support.hierarchical.NodeTestTask.executeRecursively(NodeTestTask.java:138)
	at app//org.junit.platform.engine.support.hierarchical.NodeTestTask.execute(NodeTestTask.java:95)
	at app//org.junit.platform.engine.support.hierarchical.SameThreadHierarchicalTestExecutorService.submit(SameThreadHierarchicalTestExecutorService.java:35)
	at app//org.junit.platform.engine.support.hierarchical.NodeTestTask$DefaultDynamicTestExecutor.execute(NodeTestTask.java:226)
	at app//org.junit.platform.engine.support.hierarchical.NodeTestTask$DefaultDynamicTestExecutor.execute(NodeTestTask.java:204)
	at java.base@11.0.18/java.util.Optional.ifPresent(Optional.java:183)
	at app//org.junit.jupiter.engine.descriptor.TestFactoryTestDescriptor.lambda$invokeTestMethod$1(TestFactoryTestDescriptor.java:108)
	at app//org.junit.platform.engine.support.hierarchical.ThrowableCollector.execute(ThrowableCollector.java:73)
	at app//org.junit.jupiter.engine.descriptor.TestFactoryTestDescriptor.invokeTestMethod(TestFactoryTestDescriptor.java:95)
	at app//org.junit.jupiter.engine.descriptor.TestMethodTestDescriptor.execute(TestMethodTestDescriptor.java:135)
	at app//org.junit.jupiter.engine.descriptor.TestMethodTestDescriptor.execute(TestMethodTestDescriptor.java:66)
	at app//org.junit.platform.engine.support.hierarchical.NodeTestTask.lambda$executeRecursively$6(NodeTestTask.java:151)
	at app//org.junit.platform.engine.support.hierarchical.ThrowableCollector.execute(ThrowableCollector.java:73)
	at app//org.junit.platform.engine.support.hierarchical.NodeTestTask.lambda$executeRecursively$8(NodeTestTask.java:141)
	at app//org.junit.platform.engine.support.hierarchical.Node.around(Node.java:137)
	at app//org.junit.platform.engine.support.hierarchical.NodeTestTask.lambda$executeRecursively$9(NodeTestTask.java:139)
	at app//org.junit.platform.engine.support.hierarchical.ThrowableCollector.execute(ThrowableCollector.java:73)
	at app//org.junit.platform.engine.support.hierarchical.NodeTestTask.executeRecursively(NodeTestTask.java:138)
	at app//org.junit.platform.engine.support.hierarchical.NodeTestTask.execute(NodeTestTask.java:95)
	at java.base@11.0.18/java.util.ArrayList.forEach(ArrayList.java:1541)
	at app//org.junit.platform.engine.support.hierarchical.SameThreadHierarchicalTestExecutorService.invokeAll(SameThreadHierarchicalTestExecutorService.java:41)
	at app//org.junit.platform.engine.support.hierarchical.NodeTestTask.lambda$executeRecursively$6(NodeTestTask.java:155)
	at app//org.junit.platform.engine.support.hierarchical.ThrowableCollector.execute(ThrowableCollector.java:73)
	at app//org.junit.platform.engine.support.hierarchical.NodeTestTask.lambda$executeRecursively$8(NodeTestTask.java:141)
	at app//org.junit.platform.engine.support.hierarchical.Node.around(Node.java:137)
	at app//org.junit.platform.engine.support.hierarchical.NodeTestTask.lambda$executeRecursively$9(NodeTestTask.java:139)
	at app//org.junit.platform.engine.support.hierarchical.ThrowableCollector.execute(ThrowableCollector.java:73)
	at app//org.junit.platform.engine.support.hierarchical.NodeTestTask.executeRecursively(NodeTestTask.java:138)
	at app//org.junit.platform.engine.support.hierarchical.NodeTestTask.execute(NodeTestTask.java:95)
	at java.base@11.0.18/java.util.ArrayList.forEach(ArrayList.java:1541)
	at app//org.junit.platform.engine.support.hierarchical.SameThreadHierarchicalTestExecutorService.invokeAll(SameThreadHierarchicalTestExecutorService.java:41)
	at app//org.junit.platform.engine.support.hierarchical.NodeTestTask.lambda$executeRecursively$6(NodeTestTask.java:155)
	at app//org.junit.platform.engine.support.hierarchical.ThrowableCollector.execute(ThrowableCollector.java:73)
	at app//org.junit.platform.engine.support.hierarchical.NodeTestTask.lambda$executeRecursively$8(NodeTestTask.java:141)
	at app//org.junit.platform.engine.support.hierarchical.Node.around(Node.java:137)
	at app//org.junit.platform.engine.support.hierarchical.NodeTestTask.lambda$executeRecursively$9(NodeTestTask.java:139)
	at app//org.junit.platform.engine.support.hierarchical.ThrowableCollector.execute(ThrowableCollector.java:73)
	at app//org.junit.platform.engine.support.hierarchical.NodeTestTask.executeRecursively(NodeTestTask.java:138)
	at app//org.junit.platform.engine.support.hierarchical.NodeTestTask.execute(NodeTestTask.java:95)
	at app//org.junit.platform.engine.support.hierarchical.SameThreadHierarchicalTestExecutorService.submit(SameThreadHierarchicalTestExecutorService.java:35)
	at app//org.junit.platform.engine.support.hierarchical.HierarchicalTestExecutor.execute(HierarchicalTestExecutor.java:57)
	at app//org.junit.platform.engine.support.hierarchical.HierarchicalTestEngine.execute(HierarchicalTestEngine.java:54)
	at org.junit.platform.launcher.core.EngineExecutionOrchestrator.execute(EngineExecutionOrchestrator.java:107)
	at org.junit.platform.launcher.core.EngineExecutionOrchestrator.execute(EngineExecutionOrchestrator.java:88)
	at org.junit.platform.launcher.core.EngineExecutionOrchestrator.lambda$execute$0(EngineExecutionOrchestrator.java:54)
	at org.junit.platform.launcher.core.EngineExecutionOrchestrator.withInterceptedStreams(EngineExecutionOrchestrator.java:67)
	at org.junit.platform.launcher.core.EngineExecutionOrchestrator.execute(EngineExecutionOrchestrator.java:52)
	at org.junit.platform.launcher.core.DefaultLauncher.execute(DefaultLauncher.java:114)
	at org.junit.platform.launcher.core.DefaultLauncher.execute(DefaultLauncher.java:86)
	at org.junit.platform.launcher.core.DefaultLauncherSession$DelegatingLauncher.execute(DefaultLauncherSession.java:86)
	at org.junit.platform.launcher.core.SessionPerRequestLauncher.execute(SessionPerRequestLauncher.java:53)
	at org.gradle.api.internal.tasks.testing.junitplatform.JUnitPlatformTestClassProcessor$CollectAllTestClassesExecutor.processAllTestClasses(JUnitPlatformTestClassProcessor.java:99)
	at org.gradle.api.internal.tasks.testing.junitplatform.JUnitPlatformTestClassProcessor$CollectAllTestClassesExecutor.access$000(JUnitPlatformTestClassProcessor.java:79)
	at org.gradle.api.internal.tasks.testing.junitplatform.JUnitPlatformTestClassProcessor.stop(JUnitPlatformTestClassProcessor.java:75)
	at org.gradle.api.internal.tasks.testing.SuiteTestClassProcessor.stop(SuiteTestClassProcessor.java:62)
	at java.base@11.0.18/jdk.internal.reflect.NativeMethodAccessorImpl.invoke0(Native Method)
	at java.base@11.0.18/jdk.internal.reflect.NativeMethodAccessorImpl.invoke(NativeMethodAccessorImpl.java:62)
	at java.base@11.0.18/jdk.internal.reflect.DelegatingMethodAccessorImpl.invoke(DelegatingMethodAccessorImpl.java:43)
	at java.base@11.0.18/java.lang.reflect.Method.invoke(Method.java:566)
	at org.gradle.internal.dispatch.ReflectionDispatch.dispatch(ReflectionDispatch.java:36)
	at org.gradle.internal.dispatch.ReflectionDispatch.dispatch(ReflectionDispatch.java:24)
	at org.gradle.internal.dispatch.ContextClassLoaderDispatch.dispatch(ContextClassLoaderDispatch.java:33)
	at org.gradle.internal.dispatch.ProxyDispatchAdapter$DispatchingInvocationHandler.invoke(ProxyDispatchAdapter.java:94)
	at com.sun.proxy.$Proxy2.stop(Unknown Source)
	at org.gradle.api.internal.tasks.testing.worker.TestWorker$3.run(TestWorker.java:193)
	at org.gradle.api.internal.tasks.testing.worker.TestWorker.executeAndMaintainThreadName(TestWorker.java:129)
	at org.gradle.api.internal.tasks.testing.worker.TestWorker.execute(TestWorker.java:100)
	at org.gradle.api.internal.tasks.testing.worker.TestWorker.execute(TestWorker.java:60)
	at org.gradle.process.internal.worker.child.ActionExecutionWorker.execute(ActionExecutionWorker.java:56)
	at org.gradle.process.internal.worker.child.SystemApplicationClassLoaderWorker.call(SystemApplicationClassLoaderWorker.java:113)
	at org.gradle.process.internal.worker.child.SystemApplicationClassLoaderWorker.call(SystemApplicationClassLoaderWorker.java:65)
	at app//worker.org.gradle.process.internal.worker.GradleWorkerMain.run(GradleWorkerMain.java:69)
	at app//worker.org.gradle.process.internal.worker.GradleWorkerMain.main(GradleWorkerMain.java:74)
</failure>
  </testcase>
  <testcase name="MethodContracts" classname="de.uka.ilkd.key.proof.runallproofs.RunAllProofsInfFlow" time="1.387">
    <failure message="org.opentest4j.AssertionFailedError: Executed process terminated with non-zero exit value. ==&gt; expected: &lt;0&gt; but was: &lt;1&gt;" type="org.opentest4j.AssertionFailedError">org.opentest4j.AssertionFailedError: Executed process terminated with non-zero exit value. ==&gt; expected: &lt;0&gt; but was: &lt;1&gt;
	at app//org.junit.jupiter.api.AssertionUtils.fail(AssertionUtils.java:55)
	at app//org.junit.jupiter.api.AssertionUtils.failNotEqual(AssertionUtils.java:62)
	at app//org.junit.jupiter.api.AssertEquals.assertEquals(AssertEquals.java:150)
	at app//org.junit.jupiter.api.Assertions.assertEquals(Assertions.java:559)
	at app//de.uka.ilkd.key.proof.runallproofs.proofcollection.ForkedTestFileRunner.processTestFiles(ForkedTestFileRunner.java:129)
	at app//de.uka.ilkd.key.proof.runallproofs.RunAllProofsTestUnit.runTest(RunAllProofsTestUnit.java:85)
	at app//de.uka.ilkd.key.proof.runallproofs.RunAllProofsTest.lambda$data$0(RunAllProofsTest.java:83)
	at app//org.junit.jupiter.engine.descriptor.DynamicTestTestDescriptor.lambda$execute$0(DynamicTestTestDescriptor.java:53)
	at app//org.junit.jupiter.engine.execution.InvocationInterceptorChain$ValidatingInvocation.proceed(InvocationInterceptorChain.java:131)
	at app//org.junit.jupiter.api.extension.InvocationInterceptor.interceptDynamicTest(InvocationInterceptor.java:167)
	at app//org.junit.jupiter.api.extension.InvocationInterceptor.interceptDynamicTest(InvocationInterceptor.java:184)
	at app//org.junit.jupiter.engine.descriptor.DynamicTestTestDescriptor.lambda$execute$1(DynamicTestTestDescriptor.java:61)
	at app//org.junit.jupiter.engine.execution.InvocationInterceptorChain$InterceptorCall.lambda$ofVoid$0(InvocationInterceptorChain.java:78)
	at app//org.junit.jupiter.engine.execution.InvocationInterceptorChain$InterceptedInvocation.proceed(InvocationInterceptorChain.java:106)
	at app//org.junit.jupiter.engine.execution.InvocationInterceptorChain.proceed(InvocationInterceptorChain.java:64)
	at app//org.junit.jupiter.engine.execution.InvocationInterceptorChain.chainAndInvoke(InvocationInterceptorChain.java:45)
	at app//org.junit.jupiter.engine.execution.InvocationInterceptorChain.invoke(InvocationInterceptorChain.java:37)
	at app//org.junit.jupiter.engine.descriptor.DynamicTestTestDescriptor.execute(DynamicTestTestDescriptor.java:60)
	at app//org.junit.jupiter.engine.descriptor.DynamicTestTestDescriptor.execute(DynamicTestTestDescriptor.java:32)
	at app//org.junit.platform.engine.support.hierarchical.NodeTestTask.lambda$executeRecursively$6(NodeTestTask.java:151)
	at app//org.junit.platform.engine.support.hierarchical.ThrowableCollector.execute(ThrowableCollector.java:73)
	at app//org.junit.platform.engine.support.hierarchical.NodeTestTask.lambda$executeRecursively$8(NodeTestTask.java:141)
	at app//org.junit.platform.engine.support.hierarchical.Node.around(Node.java:137)
	at app//org.junit.platform.engine.support.hierarchical.NodeTestTask.lambda$executeRecursively$9(NodeTestTask.java:139)
	at app//org.junit.platform.engine.support.hierarchical.ThrowableCollector.execute(ThrowableCollector.java:73)
	at app//org.junit.platform.engine.support.hierarchical.NodeTestTask.executeRecursively(NodeTestTask.java:138)
	at app//org.junit.platform.engine.support.hierarchical.NodeTestTask.execute(NodeTestTask.java:95)
	at app//org.junit.platform.engine.support.hierarchical.SameThreadHierarchicalTestExecutorService.submit(SameThreadHierarchicalTestExecutorService.java:35)
	at app//org.junit.platform.engine.support.hierarchical.NodeTestTask$DefaultDynamicTestExecutor.execute(NodeTestTask.java:226)
	at app//org.junit.platform.engine.support.hierarchical.NodeTestTask$DefaultDynamicTestExecutor.execute(NodeTestTask.java:204)
	at java.base@11.0.18/java.util.Optional.ifPresent(Optional.java:183)
	at app//org.junit.jupiter.engine.descriptor.TestFactoryTestDescriptor.lambda$invokeTestMethod$1(TestFactoryTestDescriptor.java:108)
	at app//org.junit.platform.engine.support.hierarchical.ThrowableCollector.execute(ThrowableCollector.java:73)
	at app//org.junit.jupiter.engine.descriptor.TestFactoryTestDescriptor.invokeTestMethod(TestFactoryTestDescriptor.java:95)
	at app//org.junit.jupiter.engine.descriptor.TestMethodTestDescriptor.execute(TestMethodTestDescriptor.java:135)
	at app//org.junit.jupiter.engine.descriptor.TestMethodTestDescriptor.execute(TestMethodTestDescriptor.java:66)
	at app//org.junit.platform.engine.support.hierarchical.NodeTestTask.lambda$executeRecursively$6(NodeTestTask.java:151)
	at app//org.junit.platform.engine.support.hierarchical.ThrowableCollector.execute(ThrowableCollector.java:73)
	at app//org.junit.platform.engine.support.hierarchical.NodeTestTask.lambda$executeRecursively$8(NodeTestTask.java:141)
	at app//org.junit.platform.engine.support.hierarchical.Node.around(Node.java:137)
	at app//org.junit.platform.engine.support.hierarchical.NodeTestTask.lambda$executeRecursively$9(NodeTestTask.java:139)
	at app//org.junit.platform.engine.support.hierarchical.ThrowableCollector.execute(ThrowableCollector.java:73)
	at app//org.junit.platform.engine.support.hierarchical.NodeTestTask.executeRecursively(NodeTestTask.java:138)
	at app//org.junit.platform.engine.support.hierarchical.NodeTestTask.execute(NodeTestTask.java:95)
	at java.base@11.0.18/java.util.ArrayList.forEach(ArrayList.java:1541)
	at app//org.junit.platform.engine.support.hierarchical.SameThreadHierarchicalTestExecutorService.invokeAll(SameThreadHierarchicalTestExecutorService.java:41)
	at app//org.junit.platform.engine.support.hierarchical.NodeTestTask.lambda$executeRecursively$6(NodeTestTask.java:155)
	at app//org.junit.platform.engine.support.hierarchical.ThrowableCollector.execute(ThrowableCollector.java:73)
	at app//org.junit.platform.engine.support.hierarchical.NodeTestTask.lambda$executeRecursively$8(NodeTestTask.java:141)
	at app//org.junit.platform.engine.support.hierarchical.Node.around(Node.java:137)
	at app//org.junit.platform.engine.support.hierarchical.NodeTestTask.lambda$executeRecursively$9(NodeTestTask.java:139)
	at app//org.junit.platform.engine.support.hierarchical.ThrowableCollector.execute(ThrowableCollector.java:73)
	at app//org.junit.platform.engine.support.hierarchical.NodeTestTask.executeRecursively(NodeTestTask.java:138)
	at app//org.junit.platform.engine.support.hierarchical.NodeTestTask.execute(NodeTestTask.java:95)
	at java.base@11.0.18/java.util.ArrayList.forEach(ArrayList.java:1541)
	at app//org.junit.platform.engine.support.hierarchical.SameThreadHierarchicalTestExecutorService.invokeAll(SameThreadHierarchicalTestExecutorService.java:41)
	at app//org.junit.platform.engine.support.hierarchical.NodeTestTask.lambda$executeRecursively$6(NodeTestTask.java:155)
	at app//org.junit.platform.engine.support.hierarchical.ThrowableCollector.execute(ThrowableCollector.java:73)
	at app//org.junit.platform.engine.support.hierarchical.NodeTestTask.lambda$executeRecursively$8(NodeTestTask.java:141)
	at app//org.junit.platform.engine.support.hierarchical.Node.around(Node.java:137)
	at app//org.junit.platform.engine.support.hierarchical.NodeTestTask.lambda$executeRecursively$9(NodeTestTask.java:139)
	at app//org.junit.platform.engine.support.hierarchical.ThrowableCollector.execute(ThrowableCollector.java:73)
	at app//org.junit.platform.engine.support.hierarchical.NodeTestTask.executeRecursively(NodeTestTask.java:138)
	at app//org.junit.platform.engine.support.hierarchical.NodeTestTask.execute(NodeTestTask.java:95)
	at app//org.junit.platform.engine.support.hierarchical.SameThreadHierarchicalTestExecutorService.submit(SameThreadHierarchicalTestExecutorService.java:35)
	at app//org.junit.platform.engine.support.hierarchical.HierarchicalTestExecutor.execute(HierarchicalTestExecutor.java:57)
	at app//org.junit.platform.engine.support.hierarchical.HierarchicalTestEngine.execute(HierarchicalTestEngine.java:54)
	at org.junit.platform.launcher.core.EngineExecutionOrchestrator.execute(EngineExecutionOrchestrator.java:107)
	at org.junit.platform.launcher.core.EngineExecutionOrchestrator.execute(EngineExecutionOrchestrator.java:88)
	at org.junit.platform.launcher.core.EngineExecutionOrchestrator.lambda$execute$0(EngineExecutionOrchestrator.java:54)
	at org.junit.platform.launcher.core.EngineExecutionOrchestrator.withInterceptedStreams(EngineExecutionOrchestrator.java:67)
	at org.junit.platform.launcher.core.EngineExecutionOrchestrator.execute(EngineExecutionOrchestrator.java:52)
	at org.junit.platform.launcher.core.DefaultLauncher.execute(DefaultLauncher.java:114)
	at org.junit.platform.launcher.core.DefaultLauncher.execute(DefaultLauncher.java:86)
	at org.junit.platform.launcher.core.DefaultLauncherSession$DelegatingLauncher.execute(DefaultLauncherSession.java:86)
	at org.junit.platform.launcher.core.SessionPerRequestLauncher.execute(SessionPerRequestLauncher.java:53)
	at org.gradle.api.internal.tasks.testing.junitplatform.JUnitPlatformTestClassProcessor$CollectAllTestClassesExecutor.processAllTestClasses(JUnitPlatformTestClassProcessor.java:99)
	at org.gradle.api.internal.tasks.testing.junitplatform.JUnitPlatformTestClassProcessor$CollectAllTestClassesExecutor.access$000(JUnitPlatformTestClassProcessor.java:79)
	at org.gradle.api.internal.tasks.testing.junitplatform.JUnitPlatformTestClassProcessor.stop(JUnitPlatformTestClassProcessor.java:75)
	at org.gradle.api.internal.tasks.testing.SuiteTestClassProcessor.stop(SuiteTestClassProcessor.java:62)
	at java.base@11.0.18/jdk.internal.reflect.NativeMethodAccessorImpl.invoke0(Native Method)
	at java.base@11.0.18/jdk.internal.reflect.NativeMethodAccessorImpl.invoke(NativeMethodAccessorImpl.java:62)
	at java.base@11.0.18/jdk.internal.reflect.DelegatingMethodAccessorImpl.invoke(DelegatingMethodAccessorImpl.java:43)
	at java.base@11.0.18/java.lang.reflect.Method.invoke(Method.java:566)
	at org.gradle.internal.dispatch.ReflectionDispatch.dispatch(ReflectionDispatch.java:36)
	at org.gradle.internal.dispatch.ReflectionDispatch.dispatch(ReflectionDispatch.java:24)
	at org.gradle.internal.dispatch.ContextClassLoaderDispatch.dispatch(ContextClassLoaderDispatch.java:33)
	at org.gradle.internal.dispatch.ProxyDispatchAdapter$DispatchingInvocationHandler.invoke(ProxyDispatchAdapter.java:94)
	at com.sun.proxy.$Proxy2.stop(Unknown Source)
	at org.gradle.api.internal.tasks.testing.worker.TestWorker$3.run(TestWorker.java:193)
	at org.gradle.api.internal.tasks.testing.worker.TestWorker.executeAndMaintainThreadName(TestWorker.java:129)
	at org.gradle.api.internal.tasks.testing.worker.TestWorker.execute(TestWorker.java:100)
	at org.gradle.api.internal.tasks.testing.worker.TestWorker.execute(TestWorker.java:60)
	at org.gradle.process.internal.worker.child.ActionExecutionWorker.execute(ActionExecutionWorker.java:56)
	at org.gradle.process.internal.worker.child.SystemApplicationClassLoaderWorker.call(SystemApplicationClassLoaderWorker.java:113)
	at org.gradle.process.internal.worker.child.SystemApplicationClassLoaderWorker.call(SystemApplicationClassLoaderWorker.java:65)
	at app//worker.org.gradle.process.internal.worker.GradleWorkerMain.run(GradleWorkerMain.java:69)
	at app//worker.org.gradle.process.internal.worker.GradleWorkerMain.main(GradleWorkerMain.java:74)
</failure>
  </testcase>
  <testcase name="LoopInvariants" classname="de.uka.ilkd.key.proof.runallproofs.RunAllProofsInfFlow" time="1.42">
    <failure message="org.opentest4j.AssertionFailedError: Executed process terminated with non-zero exit value. ==&gt; expected: &lt;0&gt; but was: &lt;1&gt;" type="org.opentest4j.AssertionFailedError">org.opentest4j.AssertionFailedError: Executed process terminated with non-zero exit value. ==&gt; expected: &lt;0&gt; but was: &lt;1&gt;
	at app//org.junit.jupiter.api.AssertionUtils.fail(AssertionUtils.java:55)
	at app//org.junit.jupiter.api.AssertionUtils.failNotEqual(AssertionUtils.java:62)
	at app//org.junit.jupiter.api.AssertEquals.assertEquals(AssertEquals.java:150)
	at app//org.junit.jupiter.api.Assertions.assertEquals(Assertions.java:559)
	at app//de.uka.ilkd.key.proof.runallproofs.proofcollection.ForkedTestFileRunner.processTestFiles(ForkedTestFileRunner.java:129)
	at app//de.uka.ilkd.key.proof.runallproofs.RunAllProofsTestUnit.runTest(RunAllProofsTestUnit.java:85)
	at app//de.uka.ilkd.key.proof.runallproofs.RunAllProofsTest.lambda$data$0(RunAllProofsTest.java:83)
	at app//org.junit.jupiter.engine.descriptor.DynamicTestTestDescriptor.lambda$execute$0(DynamicTestTestDescriptor.java:53)
	at app//org.junit.jupiter.engine.execution.InvocationInterceptorChain$ValidatingInvocation.proceed(InvocationInterceptorChain.java:131)
	at app//org.junit.jupiter.api.extension.InvocationInterceptor.interceptDynamicTest(InvocationInterceptor.java:167)
	at app//org.junit.jupiter.api.extension.InvocationInterceptor.interceptDynamicTest(InvocationInterceptor.java:184)
	at app//org.junit.jupiter.engine.descriptor.DynamicTestTestDescriptor.lambda$execute$1(DynamicTestTestDescriptor.java:61)
	at app//org.junit.jupiter.engine.execution.InvocationInterceptorChain$InterceptorCall.lambda$ofVoid$0(InvocationInterceptorChain.java:78)
	at app//org.junit.jupiter.engine.execution.InvocationInterceptorChain$InterceptedInvocation.proceed(InvocationInterceptorChain.java:106)
	at app//org.junit.jupiter.engine.execution.InvocationInterceptorChain.proceed(InvocationInterceptorChain.java:64)
	at app//org.junit.jupiter.engine.execution.InvocationInterceptorChain.chainAndInvoke(InvocationInterceptorChain.java:45)
	at app//org.junit.jupiter.engine.execution.InvocationInterceptorChain.invoke(InvocationInterceptorChain.java:37)
	at app//org.junit.jupiter.engine.descriptor.DynamicTestTestDescriptor.execute(DynamicTestTestDescriptor.java:60)
	at app//org.junit.jupiter.engine.descriptor.DynamicTestTestDescriptor.execute(DynamicTestTestDescriptor.java:32)
	at app//org.junit.platform.engine.support.hierarchical.NodeTestTask.lambda$executeRecursively$6(NodeTestTask.java:151)
	at app//org.junit.platform.engine.support.hierarchical.ThrowableCollector.execute(ThrowableCollector.java:73)
	at app//org.junit.platform.engine.support.hierarchical.NodeTestTask.lambda$executeRecursively$8(NodeTestTask.java:141)
	at app//org.junit.platform.engine.support.hierarchical.Node.around(Node.java:137)
	at app//org.junit.platform.engine.support.hierarchical.NodeTestTask.lambda$executeRecursively$9(NodeTestTask.java:139)
	at app//org.junit.platform.engine.support.hierarchical.ThrowableCollector.execute(ThrowableCollector.java:73)
	at app//org.junit.platform.engine.support.hierarchical.NodeTestTask.executeRecursively(NodeTestTask.java:138)
	at app//org.junit.platform.engine.support.hierarchical.NodeTestTask.execute(NodeTestTask.java:95)
	at app//org.junit.platform.engine.support.hierarchical.SameThreadHierarchicalTestExecutorService.submit(SameThreadHierarchicalTestExecutorService.java:35)
	at app//org.junit.platform.engine.support.hierarchical.NodeTestTask$DefaultDynamicTestExecutor.execute(NodeTestTask.java:226)
	at app//org.junit.platform.engine.support.hierarchical.NodeTestTask$DefaultDynamicTestExecutor.execute(NodeTestTask.java:204)
	at java.base@11.0.18/java.util.Optional.ifPresent(Optional.java:183)
	at app//org.junit.jupiter.engine.descriptor.TestFactoryTestDescriptor.lambda$invokeTestMethod$1(TestFactoryTestDescriptor.java:108)
	at app//org.junit.platform.engine.support.hierarchical.ThrowableCollector.execute(ThrowableCollector.java:73)
	at app//org.junit.jupiter.engine.descriptor.TestFactoryTestDescriptor.invokeTestMethod(TestFactoryTestDescriptor.java:95)
	at app//org.junit.jupiter.engine.descriptor.TestMethodTestDescriptor.execute(TestMethodTestDescriptor.java:135)
	at app//org.junit.jupiter.engine.descriptor.TestMethodTestDescriptor.execute(TestMethodTestDescriptor.java:66)
	at app//org.junit.platform.engine.support.hierarchical.NodeTestTask.lambda$executeRecursively$6(NodeTestTask.java:151)
	at app//org.junit.platform.engine.support.hierarchical.ThrowableCollector.execute(ThrowableCollector.java:73)
	at app//org.junit.platform.engine.support.hierarchical.NodeTestTask.lambda$executeRecursively$8(NodeTestTask.java:141)
	at app//org.junit.platform.engine.support.hierarchical.Node.around(Node.java:137)
	at app//org.junit.platform.engine.support.hierarchical.NodeTestTask.lambda$executeRecursively$9(NodeTestTask.java:139)
	at app//org.junit.platform.engine.support.hierarchical.ThrowableCollector.execute(ThrowableCollector.java:73)
	at app//org.junit.platform.engine.support.hierarchical.NodeTestTask.executeRecursively(NodeTestTask.java:138)
	at app//org.junit.platform.engine.support.hierarchical.NodeTestTask.execute(NodeTestTask.java:95)
	at java.base@11.0.18/java.util.ArrayList.forEach(ArrayList.java:1541)
	at app//org.junit.platform.engine.support.hierarchical.SameThreadHierarchicalTestExecutorService.invokeAll(SameThreadHierarchicalTestExecutorService.java:41)
	at app//org.junit.platform.engine.support.hierarchical.NodeTestTask.lambda$executeRecursively$6(NodeTestTask.java:155)
	at app//org.junit.platform.engine.support.hierarchical.ThrowableCollector.execute(ThrowableCollector.java:73)
	at app//org.junit.platform.engine.support.hierarchical.NodeTestTask.lambda$executeRecursively$8(NodeTestTask.java:141)
	at app//org.junit.platform.engine.support.hierarchical.Node.around(Node.java:137)
	at app//org.junit.platform.engine.support.hierarchical.NodeTestTask.lambda$executeRecursively$9(NodeTestTask.java:139)
	at app//org.junit.platform.engine.support.hierarchical.ThrowableCollector.execute(ThrowableCollector.java:73)
	at app//org.junit.platform.engine.support.hierarchical.NodeTestTask.executeRecursively(NodeTestTask.java:138)
	at app//org.junit.platform.engine.support.hierarchical.NodeTestTask.execute(NodeTestTask.java:95)
	at java.base@11.0.18/java.util.ArrayList.forEach(ArrayList.java:1541)
	at app//org.junit.platform.engine.support.hierarchical.SameThreadHierarchicalTestExecutorService.invokeAll(SameThreadHierarchicalTestExecutorService.java:41)
	at app//org.junit.platform.engine.support.hierarchical.NodeTestTask.lambda$executeRecursively$6(NodeTestTask.java:155)
	at app//org.junit.platform.engine.support.hierarchical.ThrowableCollector.execute(ThrowableCollector.java:73)
	at app//org.junit.platform.engine.support.hierarchical.NodeTestTask.lambda$executeRecursively$8(NodeTestTask.java:141)
	at app//org.junit.platform.engine.support.hierarchical.Node.around(Node.java:137)
	at app//org.junit.platform.engine.support.hierarchical.NodeTestTask.lambda$executeRecursively$9(NodeTestTask.java:139)
	at app//org.junit.platform.engine.support.hierarchical.ThrowableCollector.execute(ThrowableCollector.java:73)
	at app//org.junit.platform.engine.support.hierarchical.NodeTestTask.executeRecursively(NodeTestTask.java:138)
	at app//org.junit.platform.engine.support.hierarchical.NodeTestTask.execute(NodeTestTask.java:95)
	at app//org.junit.platform.engine.support.hierarchical.SameThreadHierarchicalTestExecutorService.submit(SameThreadHierarchicalTestExecutorService.java:35)
	at app//org.junit.platform.engine.support.hierarchical.HierarchicalTestExecutor.execute(HierarchicalTestExecutor.java:57)
	at app//org.junit.platform.engine.support.hierarchical.HierarchicalTestEngine.execute(HierarchicalTestEngine.java:54)
	at org.junit.platform.launcher.core.EngineExecutionOrchestrator.execute(EngineExecutionOrchestrator.java:107)
	at org.junit.platform.launcher.core.EngineExecutionOrchestrator.execute(EngineExecutionOrchestrator.java:88)
	at org.junit.platform.launcher.core.EngineExecutionOrchestrator.lambda$execute$0(EngineExecutionOrchestrator.java:54)
	at org.junit.platform.launcher.core.EngineExecutionOrchestrator.withInterceptedStreams(EngineExecutionOrchestrator.java:67)
	at org.junit.platform.launcher.core.EngineExecutionOrchestrator.execute(EngineExecutionOrchestrator.java:52)
	at org.junit.platform.launcher.core.DefaultLauncher.execute(DefaultLauncher.java:114)
	at org.junit.platform.launcher.core.DefaultLauncher.execute(DefaultLauncher.java:86)
	at org.junit.platform.launcher.core.DefaultLauncherSession$DelegatingLauncher.execute(DefaultLauncherSession.java:86)
	at org.junit.platform.launcher.core.SessionPerRequestLauncher.execute(SessionPerRequestLauncher.java:53)
	at org.gradle.api.internal.tasks.testing.junitplatform.JUnitPlatformTestClassProcessor$CollectAllTestClassesExecutor.processAllTestClasses(JUnitPlatformTestClassProcessor.java:99)
	at org.gradle.api.internal.tasks.testing.junitplatform.JUnitPlatformTestClassProcessor$CollectAllTestClassesExecutor.access$000(JUnitPlatformTestClassProcessor.java:79)
	at org.gradle.api.internal.tasks.testing.junitplatform.JUnitPlatformTestClassProcessor.stop(JUnitPlatformTestClassProcessor.java:75)
	at org.gradle.api.internal.tasks.testing.SuiteTestClassProcessor.stop(SuiteTestClassProcessor.java:62)
	at java.base@11.0.18/jdk.internal.reflect.NativeMethodAccessorImpl.invoke0(Native Method)
	at java.base@11.0.18/jdk.internal.reflect.NativeMethodAccessorImpl.invoke(NativeMethodAccessorImpl.java:62)
	at java.base@11.0.18/jdk.internal.reflect.DelegatingMethodAccessorImpl.invoke(DelegatingMethodAccessorImpl.java:43)
	at java.base@11.0.18/java.lang.reflect.Method.invoke(Method.java:566)
	at org.gradle.internal.dispatch.ReflectionDispatch.dispatch(ReflectionDispatch.java:36)
	at org.gradle.internal.dispatch.ReflectionDispatch.dispatch(ReflectionDispatch.java:24)
	at org.gradle.internal.dispatch.ContextClassLoaderDispatch.dispatch(ContextClassLoaderDispatch.java:33)
	at org.gradle.internal.dispatch.ProxyDispatchAdapter$DispatchingInvocationHandler.invoke(ProxyDispatchAdapter.java:94)
	at com.sun.proxy.$Proxy2.stop(Unknown Source)
	at org.gradle.api.internal.tasks.testing.worker.TestWorker$3.run(TestWorker.java:193)
	at org.gradle.api.internal.tasks.testing.worker.TestWorker.executeAndMaintainThreadName(TestWorker.java:129)
	at org.gradle.api.internal.tasks.testing.worker.TestWorker.execute(TestWorker.java:100)
	at org.gradle.api.internal.tasks.testing.worker.TestWorker.execute(TestWorker.java:60)
	at org.gradle.process.internal.worker.child.ActionExecutionWorker.execute(ActionExecutionWorker.java:56)
	at org.gradle.process.internal.worker.child.SystemApplicationClassLoaderWorker.call(SystemApplicationClassLoaderWorker.java:113)
	at org.gradle.process.internal.worker.child.SystemApplicationClassLoaderWorker.call(SystemApplicationClassLoaderWorker.java:65)
	at app//worker.org.gradle.process.internal.worker.GradleWorkerMain.run(GradleWorkerMain.java:69)
	at app//worker.org.gradle.process.internal.worker.GradleWorkerMain.main(GradleWorkerMain.java:74)
</failure>
  </testcase>
  <testcase name="MiniExamples" classname="de.uka.ilkd.key.proof.runallproofs.RunAllProofsInfFlow" time="1.401">
    <failure message="org.opentest4j.AssertionFailedError: Executed process terminated with non-zero exit value. ==&gt; expected: &lt;0&gt; but was: &lt;1&gt;" type="org.opentest4j.AssertionFailedError">org.opentest4j.AssertionFailedError: Executed process terminated with non-zero exit value. ==&gt; expected: &lt;0&gt; but was: &lt;1&gt;
	at app//org.junit.jupiter.api.AssertionUtils.fail(AssertionUtils.java:55)
	at app//org.junit.jupiter.api.AssertionUtils.failNotEqual(AssertionUtils.java:62)
	at app//org.junit.jupiter.api.AssertEquals.assertEquals(AssertEquals.java:150)
	at app//org.junit.jupiter.api.Assertions.assertEquals(Assertions.java:559)
	at app//de.uka.ilkd.key.proof.runallproofs.proofcollection.ForkedTestFileRunner.processTestFiles(ForkedTestFileRunner.java:129)
	at app//de.uka.ilkd.key.proof.runallproofs.RunAllProofsTestUnit.runTest(RunAllProofsTestUnit.java:85)
	at app//de.uka.ilkd.key.proof.runallproofs.RunAllProofsTest.lambda$data$0(RunAllProofsTest.java:83)
	at app//org.junit.jupiter.engine.descriptor.DynamicTestTestDescriptor.lambda$execute$0(DynamicTestTestDescriptor.java:53)
	at app//org.junit.jupiter.engine.execution.InvocationInterceptorChain$ValidatingInvocation.proceed(InvocationInterceptorChain.java:131)
	at app//org.junit.jupiter.api.extension.InvocationInterceptor.interceptDynamicTest(InvocationInterceptor.java:167)
	at app//org.junit.jupiter.api.extension.InvocationInterceptor.interceptDynamicTest(InvocationInterceptor.java:184)
	at app//org.junit.jupiter.engine.descriptor.DynamicTestTestDescriptor.lambda$execute$1(DynamicTestTestDescriptor.java:61)
	at app//org.junit.jupiter.engine.execution.InvocationInterceptorChain$InterceptorCall.lambda$ofVoid$0(InvocationInterceptorChain.java:78)
	at app//org.junit.jupiter.engine.execution.InvocationInterceptorChain$InterceptedInvocation.proceed(InvocationInterceptorChain.java:106)
	at app//org.junit.jupiter.engine.execution.InvocationInterceptorChain.proceed(InvocationInterceptorChain.java:64)
	at app//org.junit.jupiter.engine.execution.InvocationInterceptorChain.chainAndInvoke(InvocationInterceptorChain.java:45)
	at app//org.junit.jupiter.engine.execution.InvocationInterceptorChain.invoke(InvocationInterceptorChain.java:37)
	at app//org.junit.jupiter.engine.descriptor.DynamicTestTestDescriptor.execute(DynamicTestTestDescriptor.java:60)
	at app//org.junit.jupiter.engine.descriptor.DynamicTestTestDescriptor.execute(DynamicTestTestDescriptor.java:32)
	at app//org.junit.platform.engine.support.hierarchical.NodeTestTask.lambda$executeRecursively$6(NodeTestTask.java:151)
	at app//org.junit.platform.engine.support.hierarchical.ThrowableCollector.execute(ThrowableCollector.java:73)
	at app//org.junit.platform.engine.support.hierarchical.NodeTestTask.lambda$executeRecursively$8(NodeTestTask.java:141)
	at app//org.junit.platform.engine.support.hierarchical.Node.around(Node.java:137)
	at app//org.junit.platform.engine.support.hierarchical.NodeTestTask.lambda$executeRecursively$9(NodeTestTask.java:139)
	at app//org.junit.platform.engine.support.hierarchical.ThrowableCollector.execute(ThrowableCollector.java:73)
	at app//org.junit.platform.engine.support.hierarchical.NodeTestTask.executeRecursively(NodeTestTask.java:138)
	at app//org.junit.platform.engine.support.hierarchical.NodeTestTask.execute(NodeTestTask.java:95)
	at app//org.junit.platform.engine.support.hierarchical.SameThreadHierarchicalTestExecutorService.submit(SameThreadHierarchicalTestExecutorService.java:35)
	at app//org.junit.platform.engine.support.hierarchical.NodeTestTask$DefaultDynamicTestExecutor.execute(NodeTestTask.java:226)
	at app//org.junit.platform.engine.support.hierarchical.NodeTestTask$DefaultDynamicTestExecutor.execute(NodeTestTask.java:204)
	at java.base@11.0.18/java.util.Optional.ifPresent(Optional.java:183)
	at app//org.junit.jupiter.engine.descriptor.TestFactoryTestDescriptor.lambda$invokeTestMethod$1(TestFactoryTestDescriptor.java:108)
	at app//org.junit.platform.engine.support.hierarchical.ThrowableCollector.execute(ThrowableCollector.java:73)
	at app//org.junit.jupiter.engine.descriptor.TestFactoryTestDescriptor.invokeTestMethod(TestFactoryTestDescriptor.java:95)
	at app//org.junit.jupiter.engine.descriptor.TestMethodTestDescriptor.execute(TestMethodTestDescriptor.java:135)
	at app//org.junit.jupiter.engine.descriptor.TestMethodTestDescriptor.execute(TestMethodTestDescriptor.java:66)
	at app//org.junit.platform.engine.support.hierarchical.NodeTestTask.lambda$executeRecursively$6(NodeTestTask.java:151)
	at app//org.junit.platform.engine.support.hierarchical.ThrowableCollector.execute(ThrowableCollector.java:73)
	at app//org.junit.platform.engine.support.hierarchical.NodeTestTask.lambda$executeRecursively$8(NodeTestTask.java:141)
	at app//org.junit.platform.engine.support.hierarchical.Node.around(Node.java:137)
	at app//org.junit.platform.engine.support.hierarchical.NodeTestTask.lambda$executeRecursively$9(NodeTestTask.java:139)
	at app//org.junit.platform.engine.support.hierarchical.ThrowableCollector.execute(ThrowableCollector.java:73)
	at app//org.junit.platform.engine.support.hierarchical.NodeTestTask.executeRecursively(NodeTestTask.java:138)
	at app//org.junit.platform.engine.support.hierarchical.NodeTestTask.execute(NodeTestTask.java:95)
	at java.base@11.0.18/java.util.ArrayList.forEach(ArrayList.java:1541)
	at app//org.junit.platform.engine.support.hierarchical.SameThreadHierarchicalTestExecutorService.invokeAll(SameThreadHierarchicalTestExecutorService.java:41)
	at app//org.junit.platform.engine.support.hierarchical.NodeTestTask.lambda$executeRecursively$6(NodeTestTask.java:155)
	at app//org.junit.platform.engine.support.hierarchical.ThrowableCollector.execute(ThrowableCollector.java:73)
	at app//org.junit.platform.engine.support.hierarchical.NodeTestTask.lambda$executeRecursively$8(NodeTestTask.java:141)
	at app//org.junit.platform.engine.support.hierarchical.Node.around(Node.java:137)
	at app//org.junit.platform.engine.support.hierarchical.NodeTestTask.lambda$executeRecursively$9(NodeTestTask.java:139)
	at app//org.junit.platform.engine.support.hierarchical.ThrowableCollector.execute(ThrowableCollector.java:73)
	at app//org.junit.platform.engine.support.hierarchical.NodeTestTask.executeRecursively(NodeTestTask.java:138)
	at app//org.junit.platform.engine.support.hierarchical.NodeTestTask.execute(NodeTestTask.java:95)
	at java.base@11.0.18/java.util.ArrayList.forEach(ArrayList.java:1541)
	at app//org.junit.platform.engine.support.hierarchical.SameThreadHierarchicalTestExecutorService.invokeAll(SameThreadHierarchicalTestExecutorService.java:41)
	at app//org.junit.platform.engine.support.hierarchical.NodeTestTask.lambda$executeRecursively$6(NodeTestTask.java:155)
	at app//org.junit.platform.engine.support.hierarchical.ThrowableCollector.execute(ThrowableCollector.java:73)
	at app//org.junit.platform.engine.support.hierarchical.NodeTestTask.lambda$executeRecursively$8(NodeTestTask.java:141)
	at app//org.junit.platform.engine.support.hierarchical.Node.around(Node.java:137)
	at app//org.junit.platform.engine.support.hierarchical.NodeTestTask.lambda$executeRecursively$9(NodeTestTask.java:139)
	at app//org.junit.platform.engine.support.hierarchical.ThrowableCollector.execute(ThrowableCollector.java:73)
	at app//org.junit.platform.engine.support.hierarchical.NodeTestTask.executeRecursively(NodeTestTask.java:138)
	at app//org.junit.platform.engine.support.hierarchical.NodeTestTask.execute(NodeTestTask.java:95)
	at app//org.junit.platform.engine.support.hierarchical.SameThreadHierarchicalTestExecutorService.submit(SameThreadHierarchicalTestExecutorService.java:35)
	at app//org.junit.platform.engine.support.hierarchical.HierarchicalTestExecutor.execute(HierarchicalTestExecutor.java:57)
	at app//org.junit.platform.engine.support.hierarchical.HierarchicalTestEngine.execute(HierarchicalTestEngine.java:54)
	at org.junit.platform.launcher.core.EngineExecutionOrchestrator.execute(EngineExecutionOrchestrator.java:107)
	at org.junit.platform.launcher.core.EngineExecutionOrchestrator.execute(EngineExecutionOrchestrator.java:88)
	at org.junit.platform.launcher.core.EngineExecutionOrchestrator.lambda$execute$0(EngineExecutionOrchestrator.java:54)
	at org.junit.platform.launcher.core.EngineExecutionOrchestrator.withInterceptedStreams(EngineExecutionOrchestrator.java:67)
	at org.junit.platform.launcher.core.EngineExecutionOrchestrator.execute(EngineExecutionOrchestrator.java:52)
	at org.junit.platform.launcher.core.DefaultLauncher.execute(DefaultLauncher.java:114)
	at org.junit.platform.launcher.core.DefaultLauncher.execute(DefaultLauncher.java:86)
	at org.junit.platform.launcher.core.DefaultLauncherSession$DelegatingLauncher.execute(DefaultLauncherSession.java:86)
	at org.junit.platform.launcher.core.SessionPerRequestLauncher.execute(SessionPerRequestLauncher.java:53)
	at org.gradle.api.internal.tasks.testing.junitplatform.JUnitPlatformTestClassProcessor$CollectAllTestClassesExecutor.processAllTestClasses(JUnitPlatformTestClassProcessor.java:99)
	at org.gradle.api.internal.tasks.testing.junitplatform.JUnitPlatformTestClassProcessor$CollectAllTestClassesExecutor.access$000(JUnitPlatformTestClassProcessor.java:79)
	at org.gradle.api.internal.tasks.testing.junitplatform.JUnitPlatformTestClassProcessor.stop(JUnitPlatformTestClassProcessor.java:75)
	at org.gradle.api.internal.tasks.testing.SuiteTestClassProcessor.stop(SuiteTestClassProcessor.java:62)
	at java.base@11.0.18/jdk.internal.reflect.NativeMethodAccessorImpl.invoke0(Native Method)
	at java.base@11.0.18/jdk.internal.reflect.NativeMethodAccessorImpl.invoke(NativeMethodAccessorImpl.java:62)
	at java.base@11.0.18/jdk.internal.reflect.DelegatingMethodAccessorImpl.invoke(DelegatingMethodAccessorImpl.java:43)
	at java.base@11.0.18/java.lang.reflect.Method.invoke(Method.java:566)
	at org.gradle.internal.dispatch.ReflectionDispatch.dispatch(ReflectionDispatch.java:36)
	at org.gradle.internal.dispatch.ReflectionDispatch.dispatch(ReflectionDispatch.java:24)
	at org.gradle.internal.dispatch.ContextClassLoaderDispatch.dispatch(ContextClassLoaderDispatch.java:33)
	at org.gradle.internal.dispatch.ProxyDispatchAdapter$DispatchingInvocationHandler.invoke(ProxyDispatchAdapter.java:94)
	at com.sun.proxy.$Proxy2.stop(Unknown Source)
	at org.gradle.api.internal.tasks.testing.worker.TestWorker$3.run(TestWorker.java:193)
	at org.gradle.api.internal.tasks.testing.worker.TestWorker.executeAndMaintainThreadName(TestWorker.java:129)
	at org.gradle.api.internal.tasks.testing.worker.TestWorker.execute(TestWorker.java:100)
	at org.gradle.api.internal.tasks.testing.worker.TestWorker.execute(TestWorker.java:60)
	at org.gradle.process.internal.worker.child.ActionExecutionWorker.execute(ActionExecutionWorker.java:56)
	at org.gradle.process.internal.worker.child.SystemApplicationClassLoaderWorker.call(SystemApplicationClassLoaderWorker.java:113)
	at org.gradle.process.internal.worker.child.SystemApplicationClassLoaderWorker.call(SystemApplicationClassLoaderWorker.java:65)
	at app//worker.org.gradle.process.internal.worker.GradleWorkerMain.run(GradleWorkerMain.java:69)
	at app//worker.org.gradle.process.internal.worker.GradleWorkerMain.main(GradleWorkerMain.java:74)
</failure>
  </testcase>
  <testcase name="NewObjects" classname="de.uka.ilkd.key.proof.runallproofs.RunAllProofsInfFlow" time="1.234">
    <failure message="org.opentest4j.AssertionFailedError: Executed process terminated with non-zero exit value. ==&gt; expected: &lt;0&gt; but was: &lt;1&gt;" type="org.opentest4j.AssertionFailedError">org.opentest4j.AssertionFailedError: Executed process terminated with non-zero exit value. ==&gt; expected: &lt;0&gt; but was: &lt;1&gt;
	at app//org.junit.jupiter.api.AssertionUtils.fail(AssertionUtils.java:55)
	at app//org.junit.jupiter.api.AssertionUtils.failNotEqual(AssertionUtils.java:62)
	at app//org.junit.jupiter.api.AssertEquals.assertEquals(AssertEquals.java:150)
	at app//org.junit.jupiter.api.Assertions.assertEquals(Assertions.java:559)
	at app//de.uka.ilkd.key.proof.runallproofs.proofcollection.ForkedTestFileRunner.processTestFiles(ForkedTestFileRunner.java:129)
	at app//de.uka.ilkd.key.proof.runallproofs.RunAllProofsTestUnit.runTest(RunAllProofsTestUnit.java:85)
	at app//de.uka.ilkd.key.proof.runallproofs.RunAllProofsTest.lambda$data$0(RunAllProofsTest.java:83)
	at app//org.junit.jupiter.engine.descriptor.DynamicTestTestDescriptor.lambda$execute$0(DynamicTestTestDescriptor.java:53)
	at app//org.junit.jupiter.engine.execution.InvocationInterceptorChain$ValidatingInvocation.proceed(InvocationInterceptorChain.java:131)
	at app//org.junit.jupiter.api.extension.InvocationInterceptor.interceptDynamicTest(InvocationInterceptor.java:167)
	at app//org.junit.jupiter.api.extension.InvocationInterceptor.interceptDynamicTest(InvocationInterceptor.java:184)
	at app//org.junit.jupiter.engine.descriptor.DynamicTestTestDescriptor.lambda$execute$1(DynamicTestTestDescriptor.java:61)
	at app//org.junit.jupiter.engine.execution.InvocationInterceptorChain$InterceptorCall.lambda$ofVoid$0(InvocationInterceptorChain.java:78)
	at app//org.junit.jupiter.engine.execution.InvocationInterceptorChain$InterceptedInvocation.proceed(InvocationInterceptorChain.java:106)
	at app//org.junit.jupiter.engine.execution.InvocationInterceptorChain.proceed(InvocationInterceptorChain.java:64)
	at app//org.junit.jupiter.engine.execution.InvocationInterceptorChain.chainAndInvoke(InvocationInterceptorChain.java:45)
	at app//org.junit.jupiter.engine.execution.InvocationInterceptorChain.invoke(InvocationInterceptorChain.java:37)
	at app//org.junit.jupiter.engine.descriptor.DynamicTestTestDescriptor.execute(DynamicTestTestDescriptor.java:60)
	at app//org.junit.jupiter.engine.descriptor.DynamicTestTestDescriptor.execute(DynamicTestTestDescriptor.java:32)
	at app//org.junit.platform.engine.support.hierarchical.NodeTestTask.lambda$executeRecursively$6(NodeTestTask.java:151)
	at app//org.junit.platform.engine.support.hierarchical.ThrowableCollector.execute(ThrowableCollector.java:73)
	at app//org.junit.platform.engine.support.hierarchical.NodeTestTask.lambda$executeRecursively$8(NodeTestTask.java:141)
	at app//org.junit.platform.engine.support.hierarchical.Node.around(Node.java:137)
	at app//org.junit.platform.engine.support.hierarchical.NodeTestTask.lambda$executeRecursively$9(NodeTestTask.java:139)
	at app//org.junit.platform.engine.support.hierarchical.ThrowableCollector.execute(ThrowableCollector.java:73)
	at app//org.junit.platform.engine.support.hierarchical.NodeTestTask.executeRecursively(NodeTestTask.java:138)
	at app//org.junit.platform.engine.support.hierarchical.NodeTestTask.execute(NodeTestTask.java:95)
	at app//org.junit.platform.engine.support.hierarchical.SameThreadHierarchicalTestExecutorService.submit(SameThreadHierarchicalTestExecutorService.java:35)
	at app//org.junit.platform.engine.support.hierarchical.NodeTestTask$DefaultDynamicTestExecutor.execute(NodeTestTask.java:226)
	at app//org.junit.platform.engine.support.hierarchical.NodeTestTask$DefaultDynamicTestExecutor.execute(NodeTestTask.java:204)
	at java.base@11.0.18/java.util.Optional.ifPresent(Optional.java:183)
	at app//org.junit.jupiter.engine.descriptor.TestFactoryTestDescriptor.lambda$invokeTestMethod$1(TestFactoryTestDescriptor.java:108)
	at app//org.junit.platform.engine.support.hierarchical.ThrowableCollector.execute(ThrowableCollector.java:73)
	at app//org.junit.jupiter.engine.descriptor.TestFactoryTestDescriptor.invokeTestMethod(TestFactoryTestDescriptor.java:95)
	at app//org.junit.jupiter.engine.descriptor.TestMethodTestDescriptor.execute(TestMethodTestDescriptor.java:135)
	at app//org.junit.jupiter.engine.descriptor.TestMethodTestDescriptor.execute(TestMethodTestDescriptor.java:66)
	at app//org.junit.platform.engine.support.hierarchical.NodeTestTask.lambda$executeRecursively$6(NodeTestTask.java:151)
	at app//org.junit.platform.engine.support.hierarchical.ThrowableCollector.execute(ThrowableCollector.java:73)
	at app//org.junit.platform.engine.support.hierarchical.NodeTestTask.lambda$executeRecursively$8(NodeTestTask.java:141)
	at app//org.junit.platform.engine.support.hierarchical.Node.around(Node.java:137)
	at app//org.junit.platform.engine.support.hierarchical.NodeTestTask.lambda$executeRecursively$9(NodeTestTask.java:139)
	at app//org.junit.platform.engine.support.hierarchical.ThrowableCollector.execute(ThrowableCollector.java:73)
	at app//org.junit.platform.engine.support.hierarchical.NodeTestTask.executeRecursively(NodeTestTask.java:138)
	at app//org.junit.platform.engine.support.hierarchical.NodeTestTask.execute(NodeTestTask.java:95)
	at java.base@11.0.18/java.util.ArrayList.forEach(ArrayList.java:1541)
	at app//org.junit.platform.engine.support.hierarchical.SameThreadHierarchicalTestExecutorService.invokeAll(SameThreadHierarchicalTestExecutorService.java:41)
	at app//org.junit.platform.engine.support.hierarchical.NodeTestTask.lambda$executeRecursively$6(NodeTestTask.java:155)
	at app//org.junit.platform.engine.support.hierarchical.ThrowableCollector.execute(ThrowableCollector.java:73)
	at app//org.junit.platform.engine.support.hierarchical.NodeTestTask.lambda$executeRecursively$8(NodeTestTask.java:141)
	at app//org.junit.platform.engine.support.hierarchical.Node.around(Node.java:137)
	at app//org.junit.platform.engine.support.hierarchical.NodeTestTask.lambda$executeRecursively$9(NodeTestTask.java:139)
	at app//org.junit.platform.engine.support.hierarchical.ThrowableCollector.execute(ThrowableCollector.java:73)
	at app//org.junit.platform.engine.support.hierarchical.NodeTestTask.executeRecursively(NodeTestTask.java:138)
	at app//org.junit.platform.engine.support.hierarchical.NodeTestTask.execute(NodeTestTask.java:95)
	at java.base@11.0.18/java.util.ArrayList.forEach(ArrayList.java:1541)
	at app//org.junit.platform.engine.support.hierarchical.SameThreadHierarchicalTestExecutorService.invokeAll(SameThreadHierarchicalTestExecutorService.java:41)
	at app//org.junit.platform.engine.support.hierarchical.NodeTestTask.lambda$executeRecursively$6(NodeTestTask.java:155)
	at app//org.junit.platform.engine.support.hierarchical.ThrowableCollector.execute(ThrowableCollector.java:73)
	at app//org.junit.platform.engine.support.hierarchical.NodeTestTask.lambda$executeRecursively$8(NodeTestTask.java:141)
	at app//org.junit.platform.engine.support.hierarchical.Node.around(Node.java:137)
	at app//org.junit.platform.engine.support.hierarchical.NodeTestTask.lambda$executeRecursively$9(NodeTestTask.java:139)
	at app//org.junit.platform.engine.support.hierarchical.ThrowableCollector.execute(ThrowableCollector.java:73)
	at app//org.junit.platform.engine.support.hierarchical.NodeTestTask.executeRecursively(NodeTestTask.java:138)
	at app//org.junit.platform.engine.support.hierarchical.NodeTestTask.execute(NodeTestTask.java:95)
	at app//org.junit.platform.engine.support.hierarchical.SameThreadHierarchicalTestExecutorService.submit(SameThreadHierarchicalTestExecutorService.java:35)
	at app//org.junit.platform.engine.support.hierarchical.HierarchicalTestExecutor.execute(HierarchicalTestExecutor.java:57)
	at app//org.junit.platform.engine.support.hierarchical.HierarchicalTestEngine.execute(HierarchicalTestEngine.java:54)
	at org.junit.platform.launcher.core.EngineExecutionOrchestrator.execute(EngineExecutionOrchestrator.java:107)
	at org.junit.platform.launcher.core.EngineExecutionOrchestrator.execute(EngineExecutionOrchestrator.java:88)
	at org.junit.platform.launcher.core.EngineExecutionOrchestrator.lambda$execute$0(EngineExecutionOrchestrator.java:54)
	at org.junit.platform.launcher.core.EngineExecutionOrchestrator.withInterceptedStreams(EngineExecutionOrchestrator.java:67)
	at org.junit.platform.launcher.core.EngineExecutionOrchestrator.execute(EngineExecutionOrchestrator.java:52)
	at org.junit.platform.launcher.core.DefaultLauncher.execute(DefaultLauncher.java:114)
	at org.junit.platform.launcher.core.DefaultLauncher.execute(DefaultLauncher.java:86)
	at org.junit.platform.launcher.core.DefaultLauncherSession$DelegatingLauncher.execute(DefaultLauncherSession.java:86)
	at org.junit.platform.launcher.core.SessionPerRequestLauncher.execute(SessionPerRequestLauncher.java:53)
	at org.gradle.api.internal.tasks.testing.junitplatform.JUnitPlatformTestClassProcessor$CollectAllTestClassesExecutor.processAllTestClasses(JUnitPlatformTestClassProcessor.java:99)
	at org.gradle.api.internal.tasks.testing.junitplatform.JUnitPlatformTestClassProcessor$CollectAllTestClassesExecutor.access$000(JUnitPlatformTestClassProcessor.java:79)
	at org.gradle.api.internal.tasks.testing.junitplatform.JUnitPlatformTestClassProcessor.stop(JUnitPlatformTestClassProcessor.java:75)
	at org.gradle.api.internal.tasks.testing.SuiteTestClassProcessor.stop(SuiteTestClassProcessor.java:62)
	at java.base@11.0.18/jdk.internal.reflect.NativeMethodAccessorImpl.invoke0(Native Method)
	at java.base@11.0.18/jdk.internal.reflect.NativeMethodAccessorImpl.invoke(NativeMethodAccessorImpl.java:62)
	at java.base@11.0.18/jdk.internal.reflect.DelegatingMethodAccessorImpl.invoke(DelegatingMethodAccessorImpl.java:43)
	at java.base@11.0.18/java.lang.reflect.Method.invoke(Method.java:566)
	at org.gradle.internal.dispatch.ReflectionDispatch.dispatch(ReflectionDispatch.java:36)
	at org.gradle.internal.dispatch.ReflectionDispatch.dispatch(ReflectionDispatch.java:24)
	at org.gradle.internal.dispatch.ContextClassLoaderDispatch.dispatch(ContextClassLoaderDispatch.java:33)
	at org.gradle.internal.dispatch.ProxyDispatchAdapter$DispatchingInvocationHandler.invoke(ProxyDispatchAdapter.java:94)
	at com.sun.proxy.$Proxy2.stop(Unknown Source)
	at org.gradle.api.internal.tasks.testing.worker.TestWorker$3.run(TestWorker.java:193)
	at org.gradle.api.internal.tasks.testing.worker.TestWorker.executeAndMaintainThreadName(TestWorker.java:129)
	at org.gradle.api.internal.tasks.testing.worker.TestWorker.execute(TestWorker.java:100)
	at org.gradle.api.internal.tasks.testing.worker.TestWorker.execute(TestWorker.java:60)
	at org.gradle.process.internal.worker.child.ActionExecutionWorker.execute(ActionExecutionWorker.java:56)
	at org.gradle.process.internal.worker.child.SystemApplicationClassLoaderWorker.call(SystemApplicationClassLoaderWorker.java:113)
	at org.gradle.process.internal.worker.child.SystemApplicationClassLoaderWorker.call(SystemApplicationClassLoaderWorker.java:65)
	at app//worker.org.gradle.process.internal.worker.GradleWorkerMain.run(GradleWorkerMain.java:69)
	at app//worker.org.gradle.process.internal.worker.GradleWorkerMain.main(GradleWorkerMain.java:74)
</failure>
  </testcase>
  <testcase name="passwordfile.SecurePasswordFile(passwordfile.SecurePasswordFile___userIndex()).JML accessible clause.0.key" classname="de.uka.ilkd.key.proof.runallproofs.RunAllProofsInfFlow" time="0.885">
    <failure message="org.opentest4j.AssertionFailedError: Executed process terminated with non-zero exit value. ==&gt; expected: &lt;0&gt; but was: &lt;1&gt;" type="org.opentest4j.AssertionFailedError">org.opentest4j.AssertionFailedError: Executed process terminated with non-zero exit value. ==&gt; expected: &lt;0&gt; but was: &lt;1&gt;
	at app//org.junit.jupiter.api.AssertionUtils.fail(AssertionUtils.java:55)
	at app//org.junit.jupiter.api.AssertionUtils.failNotEqual(AssertionUtils.java:62)
	at app//org.junit.jupiter.api.AssertEquals.assertEquals(AssertEquals.java:150)
	at app//org.junit.jupiter.api.Assertions.assertEquals(Assertions.java:559)
	at app//de.uka.ilkd.key.proof.runallproofs.proofcollection.ForkedTestFileRunner.processTestFiles(ForkedTestFileRunner.java:129)
	at app//de.uka.ilkd.key.proof.runallproofs.RunAllProofsTestUnit.runTest(RunAllProofsTestUnit.java:85)
	at app//de.uka.ilkd.key.proof.runallproofs.RunAllProofsTest.lambda$data$0(RunAllProofsTest.java:83)
	at app//org.junit.jupiter.engine.descriptor.DynamicTestTestDescriptor.lambda$execute$0(DynamicTestTestDescriptor.java:53)
	at app//org.junit.jupiter.engine.execution.InvocationInterceptorChain$ValidatingInvocation.proceed(InvocationInterceptorChain.java:131)
	at app//org.junit.jupiter.api.extension.InvocationInterceptor.interceptDynamicTest(InvocationInterceptor.java:167)
	at app//org.junit.jupiter.api.extension.InvocationInterceptor.interceptDynamicTest(InvocationInterceptor.java:184)
	at app//org.junit.jupiter.engine.descriptor.DynamicTestTestDescriptor.lambda$execute$1(DynamicTestTestDescriptor.java:61)
	at app//org.junit.jupiter.engine.execution.InvocationInterceptorChain$InterceptorCall.lambda$ofVoid$0(InvocationInterceptorChain.java:78)
	at app//org.junit.jupiter.engine.execution.InvocationInterceptorChain$InterceptedInvocation.proceed(InvocationInterceptorChain.java:106)
	at app//org.junit.jupiter.engine.execution.InvocationInterceptorChain.proceed(InvocationInterceptorChain.java:64)
	at app//org.junit.jupiter.engine.execution.InvocationInterceptorChain.chainAndInvoke(InvocationInterceptorChain.java:45)
	at app//org.junit.jupiter.engine.execution.InvocationInterceptorChain.invoke(InvocationInterceptorChain.java:37)
	at app//org.junit.jupiter.engine.descriptor.DynamicTestTestDescriptor.execute(DynamicTestTestDescriptor.java:60)
	at app//org.junit.jupiter.engine.descriptor.DynamicTestTestDescriptor.execute(DynamicTestTestDescriptor.java:32)
	at app//org.junit.platform.engine.support.hierarchical.NodeTestTask.lambda$executeRecursively$6(NodeTestTask.java:151)
	at app//org.junit.platform.engine.support.hierarchical.ThrowableCollector.execute(ThrowableCollector.java:73)
	at app//org.junit.platform.engine.support.hierarchical.NodeTestTask.lambda$executeRecursively$8(NodeTestTask.java:141)
	at app//org.junit.platform.engine.support.hierarchical.Node.around(Node.java:137)
	at app//org.junit.platform.engine.support.hierarchical.NodeTestTask.lambda$executeRecursively$9(NodeTestTask.java:139)
	at app//org.junit.platform.engine.support.hierarchical.ThrowableCollector.execute(ThrowableCollector.java:73)
	at app//org.junit.platform.engine.support.hierarchical.NodeTestTask.executeRecursively(NodeTestTask.java:138)
	at app//org.junit.platform.engine.support.hierarchical.NodeTestTask.execute(NodeTestTask.java:95)
	at app//org.junit.platform.engine.support.hierarchical.SameThreadHierarchicalTestExecutorService.submit(SameThreadHierarchicalTestExecutorService.java:35)
	at app//org.junit.platform.engine.support.hierarchical.NodeTestTask$DefaultDynamicTestExecutor.execute(NodeTestTask.java:226)
	at app//org.junit.platform.engine.support.hierarchical.NodeTestTask$DefaultDynamicTestExecutor.execute(NodeTestTask.java:204)
	at java.base@11.0.18/java.util.Optional.ifPresent(Optional.java:183)
	at app//org.junit.jupiter.engine.descriptor.TestFactoryTestDescriptor.lambda$invokeTestMethod$1(TestFactoryTestDescriptor.java:108)
	at app//org.junit.platform.engine.support.hierarchical.ThrowableCollector.execute(ThrowableCollector.java:73)
	at app//org.junit.jupiter.engine.descriptor.TestFactoryTestDescriptor.invokeTestMethod(TestFactoryTestDescriptor.java:95)
	at app//org.junit.jupiter.engine.descriptor.TestMethodTestDescriptor.execute(TestMethodTestDescriptor.java:135)
	at app//org.junit.jupiter.engine.descriptor.TestMethodTestDescriptor.execute(TestMethodTestDescriptor.java:66)
	at app//org.junit.platform.engine.support.hierarchical.NodeTestTask.lambda$executeRecursively$6(NodeTestTask.java:151)
	at app//org.junit.platform.engine.support.hierarchical.ThrowableCollector.execute(ThrowableCollector.java:73)
	at app//org.junit.platform.engine.support.hierarchical.NodeTestTask.lambda$executeRecursively$8(NodeTestTask.java:141)
	at app//org.junit.platform.engine.support.hierarchical.Node.around(Node.java:137)
	at app//org.junit.platform.engine.support.hierarchical.NodeTestTask.lambda$executeRecursively$9(NodeTestTask.java:139)
	at app//org.junit.platform.engine.support.hierarchical.ThrowableCollector.execute(ThrowableCollector.java:73)
	at app//org.junit.platform.engine.support.hierarchical.NodeTestTask.executeRecursively(NodeTestTask.java:138)
	at app//org.junit.platform.engine.support.hierarchical.NodeTestTask.execute(NodeTestTask.java:95)
	at java.base@11.0.18/java.util.ArrayList.forEach(ArrayList.java:1541)
	at app//org.junit.platform.engine.support.hierarchical.SameThreadHierarchicalTestExecutorService.invokeAll(SameThreadHierarchicalTestExecutorService.java:41)
	at app//org.junit.platform.engine.support.hierarchical.NodeTestTask.lambda$executeRecursively$6(NodeTestTask.java:155)
	at app//org.junit.platform.engine.support.hierarchical.ThrowableCollector.execute(ThrowableCollector.java:73)
	at app//org.junit.platform.engine.support.hierarchical.NodeTestTask.lambda$executeRecursively$8(NodeTestTask.java:141)
	at app//org.junit.platform.engine.support.hierarchical.Node.around(Node.java:137)
	at app//org.junit.platform.engine.support.hierarchical.NodeTestTask.lambda$executeRecursively$9(NodeTestTask.java:139)
	at app//org.junit.platform.engine.support.hierarchical.ThrowableCollector.execute(ThrowableCollector.java:73)
	at app//org.junit.platform.engine.support.hierarchical.NodeTestTask.executeRecursively(NodeTestTask.java:138)
	at app//org.junit.platform.engine.support.hierarchical.NodeTestTask.execute(NodeTestTask.java:95)
	at java.base@11.0.18/java.util.ArrayList.forEach(ArrayList.java:1541)
	at app//org.junit.platform.engine.support.hierarchical.SameThreadHierarchicalTestExecutorService.invokeAll(SameThreadHierarchicalTestExecutorService.java:41)
	at app//org.junit.platform.engine.support.hierarchical.NodeTestTask.lambda$executeRecursively$6(NodeTestTask.java:155)
	at app//org.junit.platform.engine.support.hierarchical.ThrowableCollector.execute(ThrowableCollector.java:73)
	at app//org.junit.platform.engine.support.hierarchical.NodeTestTask.lambda$executeRecursively$8(NodeTestTask.java:141)
	at app//org.junit.platform.engine.support.hierarchical.Node.around(Node.java:137)
	at app//org.junit.platform.engine.support.hierarchical.NodeTestTask.lambda$executeRecursively$9(NodeTestTask.java:139)
	at app//org.junit.platform.engine.support.hierarchical.ThrowableCollector.execute(ThrowableCollector.java:73)
	at app//org.junit.platform.engine.support.hierarchical.NodeTestTask.executeRecursively(NodeTestTask.java:138)
	at app//org.junit.platform.engine.support.hierarchical.NodeTestTask.execute(NodeTestTask.java:95)
	at app//org.junit.platform.engine.support.hierarchical.SameThreadHierarchicalTestExecutorService.submit(SameThreadHierarchicalTestExecutorService.java:35)
	at app//org.junit.platform.engine.support.hierarchical.HierarchicalTestExecutor.execute(HierarchicalTestExecutor.java:57)
	at app//org.junit.platform.engine.support.hierarchical.HierarchicalTestEngine.execute(HierarchicalTestEngine.java:54)
	at org.junit.platform.launcher.core.EngineExecutionOrchestrator.execute(EngineExecutionOrchestrator.java:107)
	at org.junit.platform.launcher.core.EngineExecutionOrchestrator.execute(EngineExecutionOrchestrator.java:88)
	at org.junit.platform.launcher.core.EngineExecutionOrchestrator.lambda$execute$0(EngineExecutionOrchestrator.java:54)
	at org.junit.platform.launcher.core.EngineExecutionOrchestrator.withInterceptedStreams(EngineExecutionOrchestrator.java:67)
	at org.junit.platform.launcher.core.EngineExecutionOrchestrator.execute(EngineExecutionOrchestrator.java:52)
	at org.junit.platform.launcher.core.DefaultLauncher.execute(DefaultLauncher.java:114)
	at org.junit.platform.launcher.core.DefaultLauncher.execute(DefaultLauncher.java:86)
	at org.junit.platform.launcher.core.DefaultLauncherSession$DelegatingLauncher.execute(DefaultLauncherSession.java:86)
	at org.junit.platform.launcher.core.SessionPerRequestLauncher.execute(SessionPerRequestLauncher.java:53)
	at org.gradle.api.internal.tasks.testing.junitplatform.JUnitPlatformTestClassProcessor$CollectAllTestClassesExecutor.processAllTestClasses(JUnitPlatformTestClassProcessor.java:99)
	at org.gradle.api.internal.tasks.testing.junitplatform.JUnitPlatformTestClassProcessor$CollectAllTestClassesExecutor.access$000(JUnitPlatformTestClassProcessor.java:79)
	at org.gradle.api.internal.tasks.testing.junitplatform.JUnitPlatformTestClassProcessor.stop(JUnitPlatformTestClassProcessor.java:75)
	at org.gradle.api.internal.tasks.testing.SuiteTestClassProcessor.stop(SuiteTestClassProcessor.java:62)
	at java.base@11.0.18/jdk.internal.reflect.NativeMethodAccessorImpl.invoke0(Native Method)
	at java.base@11.0.18/jdk.internal.reflect.NativeMethodAccessorImpl.invoke(NativeMethodAccessorImpl.java:62)
	at java.base@11.0.18/jdk.internal.reflect.DelegatingMethodAccessorImpl.invoke(DelegatingMethodAccessorImpl.java:43)
	at java.base@11.0.18/java.lang.reflect.Method.invoke(Method.java:566)
	at org.gradle.internal.dispatch.ReflectionDispatch.dispatch(ReflectionDispatch.java:36)
	at org.gradle.internal.dispatch.ReflectionDispatch.dispatch(ReflectionDispatch.java:24)
	at org.gradle.internal.dispatch.ContextClassLoaderDispatch.dispatch(ContextClassLoaderDispatch.java:33)
	at org.gradle.internal.dispatch.ProxyDispatchAdapter$DispatchingInvocationHandler.invoke(ProxyDispatchAdapter.java:94)
	at com.sun.proxy.$Proxy2.stop(Unknown Source)
	at org.gradle.api.internal.tasks.testing.worker.TestWorker$3.run(TestWorker.java:193)
	at org.gradle.api.internal.tasks.testing.worker.TestWorker.executeAndMaintainThreadName(TestWorker.java:129)
	at org.gradle.api.internal.tasks.testing.worker.TestWorker.execute(TestWorker.java:100)
	at org.gradle.api.internal.tasks.testing.worker.TestWorker.execute(TestWorker.java:60)
	at org.gradle.process.internal.worker.child.ActionExecutionWorker.execute(ActionExecutionWorker.java:56)
	at org.gradle.process.internal.worker.child.SystemApplicationClassLoaderWorker.call(SystemApplicationClassLoaderWorker.java:113)
	at org.gradle.process.internal.worker.child.SystemApplicationClassLoaderWorker.call(SystemApplicationClassLoaderWorker.java:65)
	at app//worker.org.gradle.process.internal.worker.GradleWorkerMain.run(GradleWorkerMain.java:69)
	at app//worker.org.gradle.process.internal.worker.GradleWorkerMain.main(GradleWorkerMain.java:74)
</failure>
  </testcase>
  <testcase name="SimpleEvoting" classname="de.uka.ilkd.key.proof.runallproofs.RunAllProofsInfFlow" time="1.234">
    <failure message="org.opentest4j.AssertionFailedError: Executed process terminated with non-zero exit value. ==&gt; expected: &lt;0&gt; but was: &lt;1&gt;" type="org.opentest4j.AssertionFailedError">org.opentest4j.AssertionFailedError: Executed process terminated with non-zero exit value. ==&gt; expected: &lt;0&gt; but was: &lt;1&gt;
	at app//org.junit.jupiter.api.AssertionUtils.fail(AssertionUtils.java:55)
	at app//org.junit.jupiter.api.AssertionUtils.failNotEqual(AssertionUtils.java:62)
	at app//org.junit.jupiter.api.AssertEquals.assertEquals(AssertEquals.java:150)
	at app//org.junit.jupiter.api.Assertions.assertEquals(Assertions.java:559)
	at app//de.uka.ilkd.key.proof.runallproofs.proofcollection.ForkedTestFileRunner.processTestFiles(ForkedTestFileRunner.java:129)
	at app//de.uka.ilkd.key.proof.runallproofs.RunAllProofsTestUnit.runTest(RunAllProofsTestUnit.java:85)
	at app//de.uka.ilkd.key.proof.runallproofs.RunAllProofsTest.lambda$data$0(RunAllProofsTest.java:83)
	at app//org.junit.jupiter.engine.descriptor.DynamicTestTestDescriptor.lambda$execute$0(DynamicTestTestDescriptor.java:53)
	at app//org.junit.jupiter.engine.execution.InvocationInterceptorChain$ValidatingInvocation.proceed(InvocationInterceptorChain.java:131)
	at app//org.junit.jupiter.api.extension.InvocationInterceptor.interceptDynamicTest(InvocationInterceptor.java:167)
	at app//org.junit.jupiter.api.extension.InvocationInterceptor.interceptDynamicTest(InvocationInterceptor.java:184)
	at app//org.junit.jupiter.engine.descriptor.DynamicTestTestDescriptor.lambda$execute$1(DynamicTestTestDescriptor.java:61)
	at app//org.junit.jupiter.engine.execution.InvocationInterceptorChain$InterceptorCall.lambda$ofVoid$0(InvocationInterceptorChain.java:78)
	at app//org.junit.jupiter.engine.execution.InvocationInterceptorChain$InterceptedInvocation.proceed(InvocationInterceptorChain.java:106)
	at app//org.junit.jupiter.engine.execution.InvocationInterceptorChain.proceed(InvocationInterceptorChain.java:64)
	at app//org.junit.jupiter.engine.execution.InvocationInterceptorChain.chainAndInvoke(InvocationInterceptorChain.java:45)
	at app//org.junit.jupiter.engine.execution.InvocationInterceptorChain.invoke(InvocationInterceptorChain.java:37)
	at app//org.junit.jupiter.engine.descriptor.DynamicTestTestDescriptor.execute(DynamicTestTestDescriptor.java:60)
	at app//org.junit.jupiter.engine.descriptor.DynamicTestTestDescriptor.execute(DynamicTestTestDescriptor.java:32)
	at app//org.junit.platform.engine.support.hierarchical.NodeTestTask.lambda$executeRecursively$6(NodeTestTask.java:151)
	at app//org.junit.platform.engine.support.hierarchical.ThrowableCollector.execute(ThrowableCollector.java:73)
	at app//org.junit.platform.engine.support.hierarchical.NodeTestTask.lambda$executeRecursively$8(NodeTestTask.java:141)
	at app//org.junit.platform.engine.support.hierarchical.Node.around(Node.java:137)
	at app//org.junit.platform.engine.support.hierarchical.NodeTestTask.lambda$executeRecursively$9(NodeTestTask.java:139)
	at app//org.junit.platform.engine.support.hierarchical.ThrowableCollector.execute(ThrowableCollector.java:73)
	at app//org.junit.platform.engine.support.hierarchical.NodeTestTask.executeRecursively(NodeTestTask.java:138)
	at app//org.junit.platform.engine.support.hierarchical.NodeTestTask.execute(NodeTestTask.java:95)
	at app//org.junit.platform.engine.support.hierarchical.SameThreadHierarchicalTestExecutorService.submit(SameThreadHierarchicalTestExecutorService.java:35)
	at app//org.junit.platform.engine.support.hierarchical.NodeTestTask$DefaultDynamicTestExecutor.execute(NodeTestTask.java:226)
	at app//org.junit.platform.engine.support.hierarchical.NodeTestTask$DefaultDynamicTestExecutor.execute(NodeTestTask.java:204)
	at java.base@11.0.18/java.util.Optional.ifPresent(Optional.java:183)
	at app//org.junit.jupiter.engine.descriptor.TestFactoryTestDescriptor.lambda$invokeTestMethod$1(TestFactoryTestDescriptor.java:108)
	at app//org.junit.platform.engine.support.hierarchical.ThrowableCollector.execute(ThrowableCollector.java:73)
	at app//org.junit.jupiter.engine.descriptor.TestFactoryTestDescriptor.invokeTestMethod(TestFactoryTestDescriptor.java:95)
	at app//org.junit.jupiter.engine.descriptor.TestMethodTestDescriptor.execute(TestMethodTestDescriptor.java:135)
	at app//org.junit.jupiter.engine.descriptor.TestMethodTestDescriptor.execute(TestMethodTestDescriptor.java:66)
	at app//org.junit.platform.engine.support.hierarchical.NodeTestTask.lambda$executeRecursively$6(NodeTestTask.java:151)
	at app//org.junit.platform.engine.support.hierarchical.ThrowableCollector.execute(ThrowableCollector.java:73)
	at app//org.junit.platform.engine.support.hierarchical.NodeTestTask.lambda$executeRecursively$8(NodeTestTask.java:141)
	at app//org.junit.platform.engine.support.hierarchical.Node.around(Node.java:137)
	at app//org.junit.platform.engine.support.hierarchical.NodeTestTask.lambda$executeRecursively$9(NodeTestTask.java:139)
	at app//org.junit.platform.engine.support.hierarchical.ThrowableCollector.execute(ThrowableCollector.java:73)
	at app//org.junit.platform.engine.support.hierarchical.NodeTestTask.executeRecursively(NodeTestTask.java:138)
	at app//org.junit.platform.engine.support.hierarchical.NodeTestTask.execute(NodeTestTask.java:95)
	at java.base@11.0.18/java.util.ArrayList.forEach(ArrayList.java:1541)
	at app//org.junit.platform.engine.support.hierarchical.SameThreadHierarchicalTestExecutorService.invokeAll(SameThreadHierarchicalTestExecutorService.java:41)
	at app//org.junit.platform.engine.support.hierarchical.NodeTestTask.lambda$executeRecursively$6(NodeTestTask.java:155)
	at app//org.junit.platform.engine.support.hierarchical.ThrowableCollector.execute(ThrowableCollector.java:73)
	at app//org.junit.platform.engine.support.hierarchical.NodeTestTask.lambda$executeRecursively$8(NodeTestTask.java:141)
	at app//org.junit.platform.engine.support.hierarchical.Node.around(Node.java:137)
	at app//org.junit.platform.engine.support.hierarchical.NodeTestTask.lambda$executeRecursively$9(NodeTestTask.java:139)
	at app//org.junit.platform.engine.support.hierarchical.ThrowableCollector.execute(ThrowableCollector.java:73)
	at app//org.junit.platform.engine.support.hierarchical.NodeTestTask.executeRecursively(NodeTestTask.java:138)
	at app//org.junit.platform.engine.support.hierarchical.NodeTestTask.execute(NodeTestTask.java:95)
	at java.base@11.0.18/java.util.ArrayList.forEach(ArrayList.java:1541)
	at app//org.junit.platform.engine.support.hierarchical.SameThreadHierarchicalTestExecutorService.invokeAll(SameThreadHierarchicalTestExecutorService.java:41)
	at app//org.junit.platform.engine.support.hierarchical.NodeTestTask.lambda$executeRecursively$6(NodeTestTask.java:155)
	at app//org.junit.platform.engine.support.hierarchical.ThrowableCollector.execute(ThrowableCollector.java:73)
	at app//org.junit.platform.engine.support.hierarchical.NodeTestTask.lambda$executeRecursively$8(NodeTestTask.java:141)
	at app//org.junit.platform.engine.support.hierarchical.Node.around(Node.java:137)
	at app//org.junit.platform.engine.support.hierarchical.NodeTestTask.lambda$executeRecursively$9(NodeTestTask.java:139)
	at app//org.junit.platform.engine.support.hierarchical.ThrowableCollector.execute(ThrowableCollector.java:73)
	at app//org.junit.platform.engine.support.hierarchical.NodeTestTask.executeRecursively(NodeTestTask.java:138)
	at app//org.junit.platform.engine.support.hierarchical.NodeTestTask.execute(NodeTestTask.java:95)
	at app//org.junit.platform.engine.support.hierarchical.SameThreadHierarchicalTestExecutorService.submit(SameThreadHierarchicalTestExecutorService.java:35)
	at app//org.junit.platform.engine.support.hierarchical.HierarchicalTestExecutor.execute(HierarchicalTestExecutor.java:57)
	at app//org.junit.platform.engine.support.hierarchical.HierarchicalTestEngine.execute(HierarchicalTestEngine.java:54)
	at org.junit.platform.launcher.core.EngineExecutionOrchestrator.execute(EngineExecutionOrchestrator.java:107)
	at org.junit.platform.launcher.core.EngineExecutionOrchestrator.execute(EngineExecutionOrchestrator.java:88)
	at org.junit.platform.launcher.core.EngineExecutionOrchestrator.lambda$execute$0(EngineExecutionOrchestrator.java:54)
	at org.junit.platform.launcher.core.EngineExecutionOrchestrator.withInterceptedStreams(EngineExecutionOrchestrator.java:67)
	at org.junit.platform.launcher.core.EngineExecutionOrchestrator.execute(EngineExecutionOrchestrator.java:52)
	at org.junit.platform.launcher.core.DefaultLauncher.execute(DefaultLauncher.java:114)
	at org.junit.platform.launcher.core.DefaultLauncher.execute(DefaultLauncher.java:86)
	at org.junit.platform.launcher.core.DefaultLauncherSession$DelegatingLauncher.execute(DefaultLauncherSession.java:86)
	at org.junit.platform.launcher.core.SessionPerRequestLauncher.execute(SessionPerRequestLauncher.java:53)
	at org.gradle.api.internal.tasks.testing.junitplatform.JUnitPlatformTestClassProcessor$CollectAllTestClassesExecutor.processAllTestClasses(JUnitPlatformTestClassProcessor.java:99)
	at org.gradle.api.internal.tasks.testing.junitplatform.JUnitPlatformTestClassProcessor$CollectAllTestClassesExecutor.access$000(JUnitPlatformTestClassProcessor.java:79)
	at org.gradle.api.internal.tasks.testing.junitplatform.JUnitPlatformTestClassProcessor.stop(JUnitPlatformTestClassProcessor.java:75)
	at org.gradle.api.internal.tasks.testing.SuiteTestClassProcessor.stop(SuiteTestClassProcessor.java:62)
	at java.base@11.0.18/jdk.internal.reflect.NativeMethodAccessorImpl.invoke0(Native Method)
	at java.base@11.0.18/jdk.internal.reflect.NativeMethodAccessorImpl.invoke(NativeMethodAccessorImpl.java:62)
	at java.base@11.0.18/jdk.internal.reflect.DelegatingMethodAccessorImpl.invoke(DelegatingMethodAccessorImpl.java:43)
	at java.base@11.0.18/java.lang.reflect.Method.invoke(Method.java:566)
	at org.gradle.internal.dispatch.ReflectionDispatch.dispatch(ReflectionDispatch.java:36)
	at org.gradle.internal.dispatch.ReflectionDispatch.dispatch(ReflectionDispatch.java:24)
	at org.gradle.internal.dispatch.ContextClassLoaderDispatch.dispatch(ContextClassLoaderDispatch.java:33)
	at org.gradle.internal.dispatch.ProxyDispatchAdapter$DispatchingInvocationHandler.invoke(ProxyDispatchAdapter.java:94)
	at com.sun.proxy.$Proxy2.stop(Unknown Source)
	at org.gradle.api.internal.tasks.testing.worker.TestWorker$3.run(TestWorker.java:193)
	at org.gradle.api.internal.tasks.testing.worker.TestWorker.executeAndMaintainThreadName(TestWorker.java:129)
	at org.gradle.api.internal.tasks.testing.worker.TestWorker.execute(TestWorker.java:100)
	at org.gradle.api.internal.tasks.testing.worker.TestWorker.execute(TestWorker.java:60)
	at org.gradle.process.internal.worker.child.ActionExecutionWorker.execute(ActionExecutionWorker.java:56)
	at org.gradle.process.internal.worker.child.SystemApplicationClassLoaderWorker.call(SystemApplicationClassLoaderWorker.java:113)
	at org.gradle.process.internal.worker.child.SystemApplicationClassLoaderWorker.call(SystemApplicationClassLoaderWorker.java:65)
	at app//worker.org.gradle.process.internal.worker.GradleWorkerMain.run(GradleWorkerMain.java:69)
	at app//worker.org.gradle.process.internal.worker.GradleWorkerMain.main(GradleWorkerMain.java:74)
</failure>
  </testcase>
  <testcase name="ToyVoting_nomacro" classname="de.uka.ilkd.key.proof.runallproofs.RunAllProofsInfFlow" time="0.981">
    <failure message="org.opentest4j.AssertionFailedError: Executed process terminated with non-zero exit value. ==&gt; expected: &lt;0&gt; but was: &lt;1&gt;" type="org.opentest4j.AssertionFailedError">org.opentest4j.AssertionFailedError: Executed process terminated with non-zero exit value. ==&gt; expected: &lt;0&gt; but was: &lt;1&gt;
	at app//org.junit.jupiter.api.AssertionUtils.fail(AssertionUtils.java:55)
	at app//org.junit.jupiter.api.AssertionUtils.failNotEqual(AssertionUtils.java:62)
	at app//org.junit.jupiter.api.AssertEquals.assertEquals(AssertEquals.java:150)
	at app//org.junit.jupiter.api.Assertions.assertEquals(Assertions.java:559)
	at app//de.uka.ilkd.key.proof.runallproofs.proofcollection.ForkedTestFileRunner.processTestFiles(ForkedTestFileRunner.java:129)
	at app//de.uka.ilkd.key.proof.runallproofs.RunAllProofsTestUnit.runTest(RunAllProofsTestUnit.java:85)
	at app//de.uka.ilkd.key.proof.runallproofs.RunAllProofsTest.lambda$data$0(RunAllProofsTest.java:83)
	at app//org.junit.jupiter.engine.descriptor.DynamicTestTestDescriptor.lambda$execute$0(DynamicTestTestDescriptor.java:53)
	at app//org.junit.jupiter.engine.execution.InvocationInterceptorChain$ValidatingInvocation.proceed(InvocationInterceptorChain.java:131)
	at app//org.junit.jupiter.api.extension.InvocationInterceptor.interceptDynamicTest(InvocationInterceptor.java:167)
	at app//org.junit.jupiter.api.extension.InvocationInterceptor.interceptDynamicTest(InvocationInterceptor.java:184)
	at app//org.junit.jupiter.engine.descriptor.DynamicTestTestDescriptor.lambda$execute$1(DynamicTestTestDescriptor.java:61)
	at app//org.junit.jupiter.engine.execution.InvocationInterceptorChain$InterceptorCall.lambda$ofVoid$0(InvocationInterceptorChain.java:78)
	at app//org.junit.jupiter.engine.execution.InvocationInterceptorChain$InterceptedInvocation.proceed(InvocationInterceptorChain.java:106)
	at app//org.junit.jupiter.engine.execution.InvocationInterceptorChain.proceed(InvocationInterceptorChain.java:64)
	at app//org.junit.jupiter.engine.execution.InvocationInterceptorChain.chainAndInvoke(InvocationInterceptorChain.java:45)
	at app//org.junit.jupiter.engine.execution.InvocationInterceptorChain.invoke(InvocationInterceptorChain.java:37)
	at app//org.junit.jupiter.engine.descriptor.DynamicTestTestDescriptor.execute(DynamicTestTestDescriptor.java:60)
	at app//org.junit.jupiter.engine.descriptor.DynamicTestTestDescriptor.execute(DynamicTestTestDescriptor.java:32)
	at app//org.junit.platform.engine.support.hierarchical.NodeTestTask.lambda$executeRecursively$6(NodeTestTask.java:151)
	at app//org.junit.platform.engine.support.hierarchical.ThrowableCollector.execute(ThrowableCollector.java:73)
	at app//org.junit.platform.engine.support.hierarchical.NodeTestTask.lambda$executeRecursively$8(NodeTestTask.java:141)
	at app//org.junit.platform.engine.support.hierarchical.Node.around(Node.java:137)
	at app//org.junit.platform.engine.support.hierarchical.NodeTestTask.lambda$executeRecursively$9(NodeTestTask.java:139)
	at app//org.junit.platform.engine.support.hierarchical.ThrowableCollector.execute(ThrowableCollector.java:73)
	at app//org.junit.platform.engine.support.hierarchical.NodeTestTask.executeRecursively(NodeTestTask.java:138)
	at app//org.junit.platform.engine.support.hierarchical.NodeTestTask.execute(NodeTestTask.java:95)
	at app//org.junit.platform.engine.support.hierarchical.SameThreadHierarchicalTestExecutorService.submit(SameThreadHierarchicalTestExecutorService.java:35)
	at app//org.junit.platform.engine.support.hierarchical.NodeTestTask$DefaultDynamicTestExecutor.execute(NodeTestTask.java:226)
	at app//org.junit.platform.engine.support.hierarchical.NodeTestTask$DefaultDynamicTestExecutor.execute(NodeTestTask.java:204)
	at java.base@11.0.18/java.util.Optional.ifPresent(Optional.java:183)
	at app//org.junit.jupiter.engine.descriptor.TestFactoryTestDescriptor.lambda$invokeTestMethod$1(TestFactoryTestDescriptor.java:108)
	at app//org.junit.platform.engine.support.hierarchical.ThrowableCollector.execute(ThrowableCollector.java:73)
	at app//org.junit.jupiter.engine.descriptor.TestFactoryTestDescriptor.invokeTestMethod(TestFactoryTestDescriptor.java:95)
	at app//org.junit.jupiter.engine.descriptor.TestMethodTestDescriptor.execute(TestMethodTestDescriptor.java:135)
	at app//org.junit.jupiter.engine.descriptor.TestMethodTestDescriptor.execute(TestMethodTestDescriptor.java:66)
	at app//org.junit.platform.engine.support.hierarchical.NodeTestTask.lambda$executeRecursively$6(NodeTestTask.java:151)
	at app//org.junit.platform.engine.support.hierarchical.ThrowableCollector.execute(ThrowableCollector.java:73)
	at app//org.junit.platform.engine.support.hierarchical.NodeTestTask.lambda$executeRecursively$8(NodeTestTask.java:141)
	at app//org.junit.platform.engine.support.hierarchical.Node.around(Node.java:137)
	at app//org.junit.platform.engine.support.hierarchical.NodeTestTask.lambda$executeRecursively$9(NodeTestTask.java:139)
	at app//org.junit.platform.engine.support.hierarchical.ThrowableCollector.execute(ThrowableCollector.java:73)
	at app//org.junit.platform.engine.support.hierarchical.NodeTestTask.executeRecursively(NodeTestTask.java:138)
	at app//org.junit.platform.engine.support.hierarchical.NodeTestTask.execute(NodeTestTask.java:95)
	at java.base@11.0.18/java.util.ArrayList.forEach(ArrayList.java:1541)
	at app//org.junit.platform.engine.support.hierarchical.SameThreadHierarchicalTestExecutorService.invokeAll(SameThreadHierarchicalTestExecutorService.java:41)
	at app//org.junit.platform.engine.support.hierarchical.NodeTestTask.lambda$executeRecursively$6(NodeTestTask.java:155)
	at app//org.junit.platform.engine.support.hierarchical.ThrowableCollector.execute(ThrowableCollector.java:73)
	at app//org.junit.platform.engine.support.hierarchical.NodeTestTask.lambda$executeRecursively$8(NodeTestTask.java:141)
	at app//org.junit.platform.engine.support.hierarchical.Node.around(Node.java:137)
	at app//org.junit.platform.engine.support.hierarchical.NodeTestTask.lambda$executeRecursively$9(NodeTestTask.java:139)
	at app//org.junit.platform.engine.support.hierarchical.ThrowableCollector.execute(ThrowableCollector.java:73)
	at app//org.junit.platform.engine.support.hierarchical.NodeTestTask.executeRecursively(NodeTestTask.java:138)
	at app//org.junit.platform.engine.support.hierarchical.NodeTestTask.execute(NodeTestTask.java:95)
	at java.base@11.0.18/java.util.ArrayList.forEach(ArrayList.java:1541)
	at app//org.junit.platform.engine.support.hierarchical.SameThreadHierarchicalTestExecutorService.invokeAll(SameThreadHierarchicalTestExecutorService.java:41)
	at app//org.junit.platform.engine.support.hierarchical.NodeTestTask.lambda$executeRecursively$6(NodeTestTask.java:155)
	at app//org.junit.platform.engine.support.hierarchical.ThrowableCollector.execute(ThrowableCollector.java:73)
	at app//org.junit.platform.engine.support.hierarchical.NodeTestTask.lambda$executeRecursively$8(NodeTestTask.java:141)
	at app//org.junit.platform.engine.support.hierarchical.Node.around(Node.java:137)
	at app//org.junit.platform.engine.support.hierarchical.NodeTestTask.lambda$executeRecursively$9(NodeTestTask.java:139)
	at app//org.junit.platform.engine.support.hierarchical.ThrowableCollector.execute(ThrowableCollector.java:73)
	at app//org.junit.platform.engine.support.hierarchical.NodeTestTask.executeRecursively(NodeTestTask.java:138)
	at app//org.junit.platform.engine.support.hierarchical.NodeTestTask.execute(NodeTestTask.java:95)
	at app//org.junit.platform.engine.support.hierarchical.SameThreadHierarchicalTestExecutorService.submit(SameThreadHierarchicalTestExecutorService.java:35)
	at app//org.junit.platform.engine.support.hierarchical.HierarchicalTestExecutor.execute(HierarchicalTestExecutor.java:57)
	at app//org.junit.platform.engine.support.hierarchical.HierarchicalTestEngine.execute(HierarchicalTestEngine.java:54)
	at org.junit.platform.launcher.core.EngineExecutionOrchestrator.execute(EngineExecutionOrchestrator.java:107)
	at org.junit.platform.launcher.core.EngineExecutionOrchestrator.execute(EngineExecutionOrchestrator.java:88)
	at org.junit.platform.launcher.core.EngineExecutionOrchestrator.lambda$execute$0(EngineExecutionOrchestrator.java:54)
	at org.junit.platform.launcher.core.EngineExecutionOrchestrator.withInterceptedStreams(EngineExecutionOrchestrator.java:67)
	at org.junit.platform.launcher.core.EngineExecutionOrchestrator.execute(EngineExecutionOrchestrator.java:52)
	at org.junit.platform.launcher.core.DefaultLauncher.execute(DefaultLauncher.java:114)
	at org.junit.platform.launcher.core.DefaultLauncher.execute(DefaultLauncher.java:86)
	at org.junit.platform.launcher.core.DefaultLauncherSession$DelegatingLauncher.execute(DefaultLauncherSession.java:86)
	at org.junit.platform.launcher.core.SessionPerRequestLauncher.execute(SessionPerRequestLauncher.java:53)
	at org.gradle.api.internal.tasks.testing.junitplatform.JUnitPlatformTestClassProcessor$CollectAllTestClassesExecutor.processAllTestClasses(JUnitPlatformTestClassProcessor.java:99)
	at org.gradle.api.internal.tasks.testing.junitplatform.JUnitPlatformTestClassProcessor$CollectAllTestClassesExecutor.access$000(JUnitPlatformTestClassProcessor.java:79)
	at org.gradle.api.internal.tasks.testing.junitplatform.JUnitPlatformTestClassProcessor.stop(JUnitPlatformTestClassProcessor.java:75)
	at org.gradle.api.internal.tasks.testing.SuiteTestClassProcessor.stop(SuiteTestClassProcessor.java:62)
	at java.base@11.0.18/jdk.internal.reflect.NativeMethodAccessorImpl.invoke0(Native Method)
	at java.base@11.0.18/jdk.internal.reflect.NativeMethodAccessorImpl.invoke(NativeMethodAccessorImpl.java:62)
	at java.base@11.0.18/jdk.internal.reflect.DelegatingMethodAccessorImpl.invoke(DelegatingMethodAccessorImpl.java:43)
	at java.base@11.0.18/java.lang.reflect.Method.invoke(Method.java:566)
	at org.gradle.internal.dispatch.ReflectionDispatch.dispatch(ReflectionDispatch.java:36)
	at org.gradle.internal.dispatch.ReflectionDispatch.dispatch(ReflectionDispatch.java:24)
	at org.gradle.internal.dispatch.ContextClassLoaderDispatch.dispatch(ContextClassLoaderDispatch.java:33)
	at org.gradle.internal.dispatch.ProxyDispatchAdapter$DispatchingInvocationHandler.invoke(ProxyDispatchAdapter.java:94)
	at com.sun.proxy.$Proxy2.stop(Unknown Source)
	at org.gradle.api.internal.tasks.testing.worker.TestWorker$3.run(TestWorker.java:193)
	at org.gradle.api.internal.tasks.testing.worker.TestWorker.executeAndMaintainThreadName(TestWorker.java:129)
	at org.gradle.api.internal.tasks.testing.worker.TestWorker.execute(TestWorker.java:100)
	at org.gradle.api.internal.tasks.testing.worker.TestWorker.execute(TestWorker.java:60)
	at org.gradle.process.internal.worker.child.ActionExecutionWorker.execute(ActionExecutionWorker.java:56)
	at org.gradle.process.internal.worker.child.SystemApplicationClassLoaderWorker.call(SystemApplicationClassLoaderWorker.java:113)
	at org.gradle.process.internal.worker.child.SystemApplicationClassLoaderWorker.call(SystemApplicationClassLoaderWorker.java:65)
	at app//worker.org.gradle.process.internal.worker.GradleWorkerMain.run(GradleWorkerMain.java:69)
	at app//worker.org.gradle.process.internal.worker.GradleWorkerMain.main(GradleWorkerMain.java:74)
</failure>
  </testcase>
  <testcase name="ConditionalConfidential_nomacro" classname="de.uka.ilkd.key.proof.runallproofs.RunAllProofsInfFlow" time="0.017"/>
  <testcase name="SumExample_nomacro" classname="de.uka.ilkd.key.proof.runallproofs.RunAllProofsInfFlow" time="0.923">
    <failure message="org.opentest4j.AssertionFailedError: Executed process terminated with non-zero exit value. ==&gt; expected: &lt;0&gt; but was: &lt;1&gt;" type="org.opentest4j.AssertionFailedError">org.opentest4j.AssertionFailedError: Executed process terminated with non-zero exit value. ==&gt; expected: &lt;0&gt; but was: &lt;1&gt;
	at app//org.junit.jupiter.api.AssertionUtils.fail(AssertionUtils.java:55)
	at app//org.junit.jupiter.api.AssertionUtils.failNotEqual(AssertionUtils.java:62)
	at app//org.junit.jupiter.api.AssertEquals.assertEquals(AssertEquals.java:150)
	at app//org.junit.jupiter.api.Assertions.assertEquals(Assertions.java:559)
	at app//de.uka.ilkd.key.proof.runallproofs.proofcollection.ForkedTestFileRunner.processTestFiles(ForkedTestFileRunner.java:129)
	at app//de.uka.ilkd.key.proof.runallproofs.RunAllProofsTestUnit.runTest(RunAllProofsTestUnit.java:85)
	at app//de.uka.ilkd.key.proof.runallproofs.RunAllProofsTest.lambda$data$0(RunAllProofsTest.java:83)
	at app//org.junit.jupiter.engine.descriptor.DynamicTestTestDescriptor.lambda$execute$0(DynamicTestTestDescriptor.java:53)
	at app//org.junit.jupiter.engine.execution.InvocationInterceptorChain$ValidatingInvocation.proceed(InvocationInterceptorChain.java:131)
	at app//org.junit.jupiter.api.extension.InvocationInterceptor.interceptDynamicTest(InvocationInterceptor.java:167)
	at app//org.junit.jupiter.api.extension.InvocationInterceptor.interceptDynamicTest(InvocationInterceptor.java:184)
	at app//org.junit.jupiter.engine.descriptor.DynamicTestTestDescriptor.lambda$execute$1(DynamicTestTestDescriptor.java:61)
	at app//org.junit.jupiter.engine.execution.InvocationInterceptorChain$InterceptorCall.lambda$ofVoid$0(InvocationInterceptorChain.java:78)
	at app//org.junit.jupiter.engine.execution.InvocationInterceptorChain$InterceptedInvocation.proceed(InvocationInterceptorChain.java:106)
	at app//org.junit.jupiter.engine.execution.InvocationInterceptorChain.proceed(InvocationInterceptorChain.java:64)
	at app//org.junit.jupiter.engine.execution.InvocationInterceptorChain.chainAndInvoke(InvocationInterceptorChain.java:45)
	at app//org.junit.jupiter.engine.execution.InvocationInterceptorChain.invoke(InvocationInterceptorChain.java:37)
	at app//org.junit.jupiter.engine.descriptor.DynamicTestTestDescriptor.execute(DynamicTestTestDescriptor.java:60)
	at app//org.junit.jupiter.engine.descriptor.DynamicTestTestDescriptor.execute(DynamicTestTestDescriptor.java:32)
	at app//org.junit.platform.engine.support.hierarchical.NodeTestTask.lambda$executeRecursively$6(NodeTestTask.java:151)
	at app//org.junit.platform.engine.support.hierarchical.ThrowableCollector.execute(ThrowableCollector.java:73)
	at app//org.junit.platform.engine.support.hierarchical.NodeTestTask.lambda$executeRecursively$8(NodeTestTask.java:141)
	at app//org.junit.platform.engine.support.hierarchical.Node.around(Node.java:137)
	at app//org.junit.platform.engine.support.hierarchical.NodeTestTask.lambda$executeRecursively$9(NodeTestTask.java:139)
	at app//org.junit.platform.engine.support.hierarchical.ThrowableCollector.execute(ThrowableCollector.java:73)
	at app//org.junit.platform.engine.support.hierarchical.NodeTestTask.executeRecursively(NodeTestTask.java:138)
	at app//org.junit.platform.engine.support.hierarchical.NodeTestTask.execute(NodeTestTask.java:95)
	at app//org.junit.platform.engine.support.hierarchical.SameThreadHierarchicalTestExecutorService.submit(SameThreadHierarchicalTestExecutorService.java:35)
	at app//org.junit.platform.engine.support.hierarchical.NodeTestTask$DefaultDynamicTestExecutor.execute(NodeTestTask.java:226)
	at app//org.junit.platform.engine.support.hierarchical.NodeTestTask$DefaultDynamicTestExecutor.execute(NodeTestTask.java:204)
	at java.base@11.0.18/java.util.Optional.ifPresent(Optional.java:183)
	at app//org.junit.jupiter.engine.descriptor.TestFactoryTestDescriptor.lambda$invokeTestMethod$1(TestFactoryTestDescriptor.java:108)
	at app//org.junit.platform.engine.support.hierarchical.ThrowableCollector.execute(ThrowableCollector.java:73)
	at app//org.junit.jupiter.engine.descriptor.TestFactoryTestDescriptor.invokeTestMethod(TestFactoryTestDescriptor.java:95)
	at app//org.junit.jupiter.engine.descriptor.TestMethodTestDescriptor.execute(TestMethodTestDescriptor.java:135)
	at app//org.junit.jupiter.engine.descriptor.TestMethodTestDescriptor.execute(TestMethodTestDescriptor.java:66)
	at app//org.junit.platform.engine.support.hierarchical.NodeTestTask.lambda$executeRecursively$6(NodeTestTask.java:151)
	at app//org.junit.platform.engine.support.hierarchical.ThrowableCollector.execute(ThrowableCollector.java:73)
	at app//org.junit.platform.engine.support.hierarchical.NodeTestTask.lambda$executeRecursively$8(NodeTestTask.java:141)
	at app//org.junit.platform.engine.support.hierarchical.Node.around(Node.java:137)
	at app//org.junit.platform.engine.support.hierarchical.NodeTestTask.lambda$executeRecursively$9(NodeTestTask.java:139)
	at app//org.junit.platform.engine.support.hierarchical.ThrowableCollector.execute(ThrowableCollector.java:73)
	at app//org.junit.platform.engine.support.hierarchical.NodeTestTask.executeRecursively(NodeTestTask.java:138)
	at app//org.junit.platform.engine.support.hierarchical.NodeTestTask.execute(NodeTestTask.java:95)
	at java.base@11.0.18/java.util.ArrayList.forEach(ArrayList.java:1541)
	at app//org.junit.platform.engine.support.hierarchical.SameThreadHierarchicalTestExecutorService.invokeAll(SameThreadHierarchicalTestExecutorService.java:41)
	at app//org.junit.platform.engine.support.hierarchical.NodeTestTask.lambda$executeRecursively$6(NodeTestTask.java:155)
	at app//org.junit.platform.engine.support.hierarchical.ThrowableCollector.execute(ThrowableCollector.java:73)
	at app//org.junit.platform.engine.support.hierarchical.NodeTestTask.lambda$executeRecursively$8(NodeTestTask.java:141)
	at app//org.junit.platform.engine.support.hierarchical.Node.around(Node.java:137)
	at app//org.junit.platform.engine.support.hierarchical.NodeTestTask.lambda$executeRecursively$9(NodeTestTask.java:139)
	at app//org.junit.platform.engine.support.hierarchical.ThrowableCollector.execute(ThrowableCollector.java:73)
	at app//org.junit.platform.engine.support.hierarchical.NodeTestTask.executeRecursively(NodeTestTask.java:138)
	at app//org.junit.platform.engine.support.hierarchical.NodeTestTask.execute(NodeTestTask.java:95)
	at java.base@11.0.18/java.util.ArrayList.forEach(ArrayList.java:1541)
	at app//org.junit.platform.engine.support.hierarchical.SameThreadHierarchicalTestExecutorService.invokeAll(SameThreadHierarchicalTestExecutorService.java:41)
	at app//org.junit.platform.engine.support.hierarchical.NodeTestTask.lambda$executeRecursively$6(NodeTestTask.java:155)
	at app//org.junit.platform.engine.support.hierarchical.ThrowableCollector.execute(ThrowableCollector.java:73)
	at app//org.junit.platform.engine.support.hierarchical.NodeTestTask.lambda$executeRecursively$8(NodeTestTask.java:141)
	at app//org.junit.platform.engine.support.hierarchical.Node.around(Node.java:137)
	at app//org.junit.platform.engine.support.hierarchical.NodeTestTask.lambda$executeRecursively$9(NodeTestTask.java:139)
	at app//org.junit.platform.engine.support.hierarchical.ThrowableCollector.execute(ThrowableCollector.java:73)
	at app//org.junit.platform.engine.support.hierarchical.NodeTestTask.executeRecursively(NodeTestTask.java:138)
	at app//org.junit.platform.engine.support.hierarchical.NodeTestTask.execute(NodeTestTask.java:95)
	at app//org.junit.platform.engine.support.hierarchical.SameThreadHierarchicalTestExecutorService.submit(SameThreadHierarchicalTestExecutorService.java:35)
	at app//org.junit.platform.engine.support.hierarchical.HierarchicalTestExecutor.execute(HierarchicalTestExecutor.java:57)
	at app//org.junit.platform.engine.support.hierarchical.HierarchicalTestEngine.execute(HierarchicalTestEngine.java:54)
	at org.junit.platform.launcher.core.EngineExecutionOrchestrator.execute(EngineExecutionOrchestrator.java:107)
	at org.junit.platform.launcher.core.EngineExecutionOrchestrator.execute(EngineExecutionOrchestrator.java:88)
	at org.junit.platform.launcher.core.EngineExecutionOrchestrator.lambda$execute$0(EngineExecutionOrchestrator.java:54)
	at org.junit.platform.launcher.core.EngineExecutionOrchestrator.withInterceptedStreams(EngineExecutionOrchestrator.java:67)
	at org.junit.platform.launcher.core.EngineExecutionOrchestrator.execute(EngineExecutionOrchestrator.java:52)
	at org.junit.platform.launcher.core.DefaultLauncher.execute(DefaultLauncher.java:114)
	at org.junit.platform.launcher.core.DefaultLauncher.execute(DefaultLauncher.java:86)
	at org.junit.platform.launcher.core.DefaultLauncherSession$DelegatingLauncher.execute(DefaultLauncherSession.java:86)
	at org.junit.platform.launcher.core.SessionPerRequestLauncher.execute(SessionPerRequestLauncher.java:53)
	at org.gradle.api.internal.tasks.testing.junitplatform.JUnitPlatformTestClassProcessor$CollectAllTestClassesExecutor.processAllTestClasses(JUnitPlatformTestClassProcessor.java:99)
	at org.gradle.api.internal.tasks.testing.junitplatform.JUnitPlatformTestClassProcessor$CollectAllTestClassesExecutor.access$000(JUnitPlatformTestClassProcessor.java:79)
	at org.gradle.api.internal.tasks.testing.junitplatform.JUnitPlatformTestClassProcessor.stop(JUnitPlatformTestClassProcessor.java:75)
	at org.gradle.api.internal.tasks.testing.SuiteTestClassProcessor.stop(SuiteTestClassProcessor.java:62)
	at java.base@11.0.18/jdk.internal.reflect.NativeMethodAccessorImpl.invoke0(Native Method)
	at java.base@11.0.18/jdk.internal.reflect.NativeMethodAccessorImpl.invoke(NativeMethodAccessorImpl.java:62)
	at java.base@11.0.18/jdk.internal.reflect.DelegatingMethodAccessorImpl.invoke(DelegatingMethodAccessorImpl.java:43)
	at java.base@11.0.18/java.lang.reflect.Method.invoke(Method.java:566)
	at org.gradle.internal.dispatch.ReflectionDispatch.dispatch(ReflectionDispatch.java:36)
	at org.gradle.internal.dispatch.ReflectionDispatch.dispatch(ReflectionDispatch.java:24)
	at org.gradle.internal.dispatch.ContextClassLoaderDispatch.dispatch(ContextClassLoaderDispatch.java:33)
	at org.gradle.internal.dispatch.ProxyDispatchAdapter$DispatchingInvocationHandler.invoke(ProxyDispatchAdapter.java:94)
	at com.sun.proxy.$Proxy2.stop(Unknown Source)
	at org.gradle.api.internal.tasks.testing.worker.TestWorker$3.run(TestWorker.java:193)
	at org.gradle.api.internal.tasks.testing.worker.TestWorker.executeAndMaintainThreadName(TestWorker.java:129)
	at org.gradle.api.internal.tasks.testing.worker.TestWorker.execute(TestWorker.java:100)
	at org.gradle.api.internal.tasks.testing.worker.TestWorker.execute(TestWorker.java:60)
	at org.gradle.process.internal.worker.child.ActionExecutionWorker.execute(ActionExecutionWorker.java:56)
	at org.gradle.process.internal.worker.child.SystemApplicationClassLoaderWorker.call(SystemApplicationClassLoaderWorker.java:113)
	at org.gradle.process.internal.worker.child.SystemApplicationClassLoaderWorker.call(SystemApplicationClassLoaderWorker.java:65)
	at app//worker.org.gradle.process.internal.worker.GradleWorkerMain.run(GradleWorkerMain.java:69)
	at app//worker.org.gradle.process.internal.worker.GradleWorkerMain.main(GradleWorkerMain.java:74)
</failure>
  </testcase>
  <testcase name="ToyBanking_nomacro" classname="de.uka.ilkd.key.proof.runallproofs.RunAllProofsInfFlow" time="1.084">
    <failure message="org.opentest4j.AssertionFailedError: Executed process terminated with non-zero exit value. ==&gt; expected: &lt;0&gt; but was: &lt;1&gt;" type="org.opentest4j.AssertionFailedError">org.opentest4j.AssertionFailedError: Executed process terminated with non-zero exit value. ==&gt; expected: &lt;0&gt; but was: &lt;1&gt;
	at app//org.junit.jupiter.api.AssertionUtils.fail(AssertionUtils.java:55)
	at app//org.junit.jupiter.api.AssertionUtils.failNotEqual(AssertionUtils.java:62)
	at app//org.junit.jupiter.api.AssertEquals.assertEquals(AssertEquals.java:150)
	at app//org.junit.jupiter.api.Assertions.assertEquals(Assertions.java:559)
	at app//de.uka.ilkd.key.proof.runallproofs.proofcollection.ForkedTestFileRunner.processTestFiles(ForkedTestFileRunner.java:129)
	at app//de.uka.ilkd.key.proof.runallproofs.RunAllProofsTestUnit.runTest(RunAllProofsTestUnit.java:85)
	at app//de.uka.ilkd.key.proof.runallproofs.RunAllProofsTest.lambda$data$0(RunAllProofsTest.java:83)
	at app//org.junit.jupiter.engine.descriptor.DynamicTestTestDescriptor.lambda$execute$0(DynamicTestTestDescriptor.java:53)
	at app//org.junit.jupiter.engine.execution.InvocationInterceptorChain$ValidatingInvocation.proceed(InvocationInterceptorChain.java:131)
	at app//org.junit.jupiter.api.extension.InvocationInterceptor.interceptDynamicTest(InvocationInterceptor.java:167)
	at app//org.junit.jupiter.api.extension.InvocationInterceptor.interceptDynamicTest(InvocationInterceptor.java:184)
	at app//org.junit.jupiter.engine.descriptor.DynamicTestTestDescriptor.lambda$execute$1(DynamicTestTestDescriptor.java:61)
	at app//org.junit.jupiter.engine.execution.InvocationInterceptorChain$InterceptorCall.lambda$ofVoid$0(InvocationInterceptorChain.java:78)
	at app//org.junit.jupiter.engine.execution.InvocationInterceptorChain$InterceptedInvocation.proceed(InvocationInterceptorChain.java:106)
	at app//org.junit.jupiter.engine.execution.InvocationInterceptorChain.proceed(InvocationInterceptorChain.java:64)
	at app//org.junit.jupiter.engine.execution.InvocationInterceptorChain.chainAndInvoke(InvocationInterceptorChain.java:45)
	at app//org.junit.jupiter.engine.execution.InvocationInterceptorChain.invoke(InvocationInterceptorChain.java:37)
	at app//org.junit.jupiter.engine.descriptor.DynamicTestTestDescriptor.execute(DynamicTestTestDescriptor.java:60)
	at app//org.junit.jupiter.engine.descriptor.DynamicTestTestDescriptor.execute(DynamicTestTestDescriptor.java:32)
	at app//org.junit.platform.engine.support.hierarchical.NodeTestTask.lambda$executeRecursively$6(NodeTestTask.java:151)
	at app//org.junit.platform.engine.support.hierarchical.ThrowableCollector.execute(ThrowableCollector.java:73)
	at app//org.junit.platform.engine.support.hierarchical.NodeTestTask.lambda$executeRecursively$8(NodeTestTask.java:141)
	at app//org.junit.platform.engine.support.hierarchical.Node.around(Node.java:137)
	at app//org.junit.platform.engine.support.hierarchical.NodeTestTask.lambda$executeRecursively$9(NodeTestTask.java:139)
	at app//org.junit.platform.engine.support.hierarchical.ThrowableCollector.execute(ThrowableCollector.java:73)
	at app//org.junit.platform.engine.support.hierarchical.NodeTestTask.executeRecursively(NodeTestTask.java:138)
	at app//org.junit.platform.engine.support.hierarchical.NodeTestTask.execute(NodeTestTask.java:95)
	at app//org.junit.platform.engine.support.hierarchical.SameThreadHierarchicalTestExecutorService.submit(SameThreadHierarchicalTestExecutorService.java:35)
	at app//org.junit.platform.engine.support.hierarchical.NodeTestTask$DefaultDynamicTestExecutor.execute(NodeTestTask.java:226)
	at app//org.junit.platform.engine.support.hierarchical.NodeTestTask$DefaultDynamicTestExecutor.execute(NodeTestTask.java:204)
	at java.base@11.0.18/java.util.Optional.ifPresent(Optional.java:183)
	at app//org.junit.jupiter.engine.descriptor.TestFactoryTestDescriptor.lambda$invokeTestMethod$1(TestFactoryTestDescriptor.java:108)
	at app//org.junit.platform.engine.support.hierarchical.ThrowableCollector.execute(ThrowableCollector.java:73)
	at app//org.junit.jupiter.engine.descriptor.TestFactoryTestDescriptor.invokeTestMethod(TestFactoryTestDescriptor.java:95)
	at app//org.junit.jupiter.engine.descriptor.TestMethodTestDescriptor.execute(TestMethodTestDescriptor.java:135)
	at app//org.junit.jupiter.engine.descriptor.TestMethodTestDescriptor.execute(TestMethodTestDescriptor.java:66)
	at app//org.junit.platform.engine.support.hierarchical.NodeTestTask.lambda$executeRecursively$6(NodeTestTask.java:151)
	at app//org.junit.platform.engine.support.hierarchical.ThrowableCollector.execute(ThrowableCollector.java:73)
	at app//org.junit.platform.engine.support.hierarchical.NodeTestTask.lambda$executeRecursively$8(NodeTestTask.java:141)
	at app//org.junit.platform.engine.support.hierarchical.Node.around(Node.java:137)
	at app//org.junit.platform.engine.support.hierarchical.NodeTestTask.lambda$executeRecursively$9(NodeTestTask.java:139)
	at app//org.junit.platform.engine.support.hierarchical.ThrowableCollector.execute(ThrowableCollector.java:73)
	at app//org.junit.platform.engine.support.hierarchical.NodeTestTask.executeRecursively(NodeTestTask.java:138)
	at app//org.junit.platform.engine.support.hierarchical.NodeTestTask.execute(NodeTestTask.java:95)
	at java.base@11.0.18/java.util.ArrayList.forEach(ArrayList.java:1541)
	at app//org.junit.platform.engine.support.hierarchical.SameThreadHierarchicalTestExecutorService.invokeAll(SameThreadHierarchicalTestExecutorService.java:41)
	at app//org.junit.platform.engine.support.hierarchical.NodeTestTask.lambda$executeRecursively$6(NodeTestTask.java:155)
	at app//org.junit.platform.engine.support.hierarchical.ThrowableCollector.execute(ThrowableCollector.java:73)
	at app//org.junit.platform.engine.support.hierarchical.NodeTestTask.lambda$executeRecursively$8(NodeTestTask.java:141)
	at app//org.junit.platform.engine.support.hierarchical.Node.around(Node.java:137)
	at app//org.junit.platform.engine.support.hierarchical.NodeTestTask.lambda$executeRecursively$9(NodeTestTask.java:139)
	at app//org.junit.platform.engine.support.hierarchical.ThrowableCollector.execute(ThrowableCollector.java:73)
	at app//org.junit.platform.engine.support.hierarchical.NodeTestTask.executeRecursively(NodeTestTask.java:138)
	at app//org.junit.platform.engine.support.hierarchical.NodeTestTask.execute(NodeTestTask.java:95)
	at java.base@11.0.18/java.util.ArrayList.forEach(ArrayList.java:1541)
	at app//org.junit.platform.engine.support.hierarchical.SameThreadHierarchicalTestExecutorService.invokeAll(SameThreadHierarchicalTestExecutorService.java:41)
	at app//org.junit.platform.engine.support.hierarchical.NodeTestTask.lambda$executeRecursively$6(NodeTestTask.java:155)
	at app//org.junit.platform.engine.support.hierarchical.ThrowableCollector.execute(ThrowableCollector.java:73)
	at app//org.junit.platform.engine.support.hierarchical.NodeTestTask.lambda$executeRecursively$8(NodeTestTask.java:141)
	at app//org.junit.platform.engine.support.hierarchical.Node.around(Node.java:137)
	at app//org.junit.platform.engine.support.hierarchical.NodeTestTask.lambda$executeRecursively$9(NodeTestTask.java:139)
	at app//org.junit.platform.engine.support.hierarchical.ThrowableCollector.execute(ThrowableCollector.java:73)
	at app//org.junit.platform.engine.support.hierarchical.NodeTestTask.executeRecursively(NodeTestTask.java:138)
	at app//org.junit.platform.engine.support.hierarchical.NodeTestTask.execute(NodeTestTask.java:95)
	at app//org.junit.platform.engine.support.hierarchical.SameThreadHierarchicalTestExecutorService.submit(SameThreadHierarchicalTestExecutorService.java:35)
	at app//org.junit.platform.engine.support.hierarchical.HierarchicalTestExecutor.execute(HierarchicalTestExecutor.java:57)
	at app//org.junit.platform.engine.support.hierarchical.HierarchicalTestEngine.execute(HierarchicalTestEngine.java:54)
	at org.junit.platform.launcher.core.EngineExecutionOrchestrator.execute(EngineExecutionOrchestrator.java:107)
	at org.junit.platform.launcher.core.EngineExecutionOrchestrator.execute(EngineExecutionOrchestrator.java:88)
	at org.junit.platform.launcher.core.EngineExecutionOrchestrator.lambda$execute$0(EngineExecutionOrchestrator.java:54)
	at org.junit.platform.launcher.core.EngineExecutionOrchestrator.withInterceptedStreams(EngineExecutionOrchestrator.java:67)
	at org.junit.platform.launcher.core.EngineExecutionOrchestrator.execute(EngineExecutionOrchestrator.java:52)
	at org.junit.platform.launcher.core.DefaultLauncher.execute(DefaultLauncher.java:114)
	at org.junit.platform.launcher.core.DefaultLauncher.execute(DefaultLauncher.java:86)
	at org.junit.platform.launcher.core.DefaultLauncherSession$DelegatingLauncher.execute(DefaultLauncherSession.java:86)
	at org.junit.platform.launcher.core.SessionPerRequestLauncher.execute(SessionPerRequestLauncher.java:53)
	at org.gradle.api.internal.tasks.testing.junitplatform.JUnitPlatformTestClassProcessor$CollectAllTestClassesExecutor.processAllTestClasses(JUnitPlatformTestClassProcessor.java:99)
	at org.gradle.api.internal.tasks.testing.junitplatform.JUnitPlatformTestClassProcessor$CollectAllTestClassesExecutor.access$000(JUnitPlatformTestClassProcessor.java:79)
	at org.gradle.api.internal.tasks.testing.junitplatform.JUnitPlatformTestClassProcessor.stop(JUnitPlatformTestClassProcessor.java:75)
	at org.gradle.api.internal.tasks.testing.SuiteTestClassProcessor.stop(SuiteTestClassProcessor.java:62)
	at java.base@11.0.18/jdk.internal.reflect.NativeMethodAccessorImpl.invoke0(Native Method)
	at java.base@11.0.18/jdk.internal.reflect.NativeMethodAccessorImpl.invoke(NativeMethodAccessorImpl.java:62)
	at java.base@11.0.18/jdk.internal.reflect.DelegatingMethodAccessorImpl.invoke(DelegatingMethodAccessorImpl.java:43)
	at java.base@11.0.18/java.lang.reflect.Method.invoke(Method.java:566)
	at org.gradle.internal.dispatch.ReflectionDispatch.dispatch(ReflectionDispatch.java:36)
	at org.gradle.internal.dispatch.ReflectionDispatch.dispatch(ReflectionDispatch.java:24)
	at org.gradle.internal.dispatch.ContextClassLoaderDispatch.dispatch(ContextClassLoaderDispatch.java:33)
	at org.gradle.internal.dispatch.ProxyDispatchAdapter$DispatchingInvocationHandler.invoke(ProxyDispatchAdapter.java:94)
	at com.sun.proxy.$Proxy2.stop(Unknown Source)
	at org.gradle.api.internal.tasks.testing.worker.TestWorker$3.run(TestWorker.java:193)
	at org.gradle.api.internal.tasks.testing.worker.TestWorker.executeAndMaintainThreadName(TestWorker.java:129)
	at org.gradle.api.internal.tasks.testing.worker.TestWorker.execute(TestWorker.java:100)
	at org.gradle.api.internal.tasks.testing.worker.TestWorker.execute(TestWorker.java:60)
	at org.gradle.process.internal.worker.child.ActionExecutionWorker.execute(ActionExecutionWorker.java:56)
	at org.gradle.process.internal.worker.child.SystemApplicationClassLoaderWorker.call(SystemApplicationClassLoaderWorker.java:113)
	at org.gradle.process.internal.worker.child.SystemApplicationClassLoaderWorker.call(SystemApplicationClassLoaderWorker.java:65)
	at app//worker.org.gradle.process.internal.worker.GradleWorkerMain.run(GradleWorkerMain.java:69)
	at app//worker.org.gradle.process.internal.worker.GradleWorkerMain.main(GradleWorkerMain.java:74)
</failure>
  </testcase>
  <testcase name="BlockContracts_nomacro" classname="de.uka.ilkd.key.proof.runallproofs.RunAllProofsInfFlow" time="1.191">
    <failure message="org.opentest4j.AssertionFailedError: Executed process terminated with non-zero exit value. ==&gt; expected: &lt;0&gt; but was: &lt;1&gt;" type="org.opentest4j.AssertionFailedError">org.opentest4j.AssertionFailedError: Executed process terminated with non-zero exit value. ==&gt; expected: &lt;0&gt; but was: &lt;1&gt;
	at app//org.junit.jupiter.api.AssertionUtils.fail(AssertionUtils.java:55)
	at app//org.junit.jupiter.api.AssertionUtils.failNotEqual(AssertionUtils.java:62)
	at app//org.junit.jupiter.api.AssertEquals.assertEquals(AssertEquals.java:150)
	at app//org.junit.jupiter.api.Assertions.assertEquals(Assertions.java:559)
	at app//de.uka.ilkd.key.proof.runallproofs.proofcollection.ForkedTestFileRunner.processTestFiles(ForkedTestFileRunner.java:129)
	at app//de.uka.ilkd.key.proof.runallproofs.RunAllProofsTestUnit.runTest(RunAllProofsTestUnit.java:85)
	at app//de.uka.ilkd.key.proof.runallproofs.RunAllProofsTest.lambda$data$0(RunAllProofsTest.java:83)
	at app//org.junit.jupiter.engine.descriptor.DynamicTestTestDescriptor.lambda$execute$0(DynamicTestTestDescriptor.java:53)
	at app//org.junit.jupiter.engine.execution.InvocationInterceptorChain$ValidatingInvocation.proceed(InvocationInterceptorChain.java:131)
	at app//org.junit.jupiter.api.extension.InvocationInterceptor.interceptDynamicTest(InvocationInterceptor.java:167)
	at app//org.junit.jupiter.api.extension.InvocationInterceptor.interceptDynamicTest(InvocationInterceptor.java:184)
	at app//org.junit.jupiter.engine.descriptor.DynamicTestTestDescriptor.lambda$execute$1(DynamicTestTestDescriptor.java:61)
	at app//org.junit.jupiter.engine.execution.InvocationInterceptorChain$InterceptorCall.lambda$ofVoid$0(InvocationInterceptorChain.java:78)
	at app//org.junit.jupiter.engine.execution.InvocationInterceptorChain$InterceptedInvocation.proceed(InvocationInterceptorChain.java:106)
	at app//org.junit.jupiter.engine.execution.InvocationInterceptorChain.proceed(InvocationInterceptorChain.java:64)
	at app//org.junit.jupiter.engine.execution.InvocationInterceptorChain.chainAndInvoke(InvocationInterceptorChain.java:45)
	at app//org.junit.jupiter.engine.execution.InvocationInterceptorChain.invoke(InvocationInterceptorChain.java:37)
	at app//org.junit.jupiter.engine.descriptor.DynamicTestTestDescriptor.execute(DynamicTestTestDescriptor.java:60)
	at app//org.junit.jupiter.engine.descriptor.DynamicTestTestDescriptor.execute(DynamicTestTestDescriptor.java:32)
	at app//org.junit.platform.engine.support.hierarchical.NodeTestTask.lambda$executeRecursively$6(NodeTestTask.java:151)
	at app//org.junit.platform.engine.support.hierarchical.ThrowableCollector.execute(ThrowableCollector.java:73)
	at app//org.junit.platform.engine.support.hierarchical.NodeTestTask.lambda$executeRecursively$8(NodeTestTask.java:141)
	at app//org.junit.platform.engine.support.hierarchical.Node.around(Node.java:137)
	at app//org.junit.platform.engine.support.hierarchical.NodeTestTask.lambda$executeRecursively$9(NodeTestTask.java:139)
	at app//org.junit.platform.engine.support.hierarchical.ThrowableCollector.execute(ThrowableCollector.java:73)
	at app//org.junit.platform.engine.support.hierarchical.NodeTestTask.executeRecursively(NodeTestTask.java:138)
	at app//org.junit.platform.engine.support.hierarchical.NodeTestTask.execute(NodeTestTask.java:95)
	at app//org.junit.platform.engine.support.hierarchical.SameThreadHierarchicalTestExecutorService.submit(SameThreadHierarchicalTestExecutorService.java:35)
	at app//org.junit.platform.engine.support.hierarchical.NodeTestTask$DefaultDynamicTestExecutor.execute(NodeTestTask.java:226)
	at app//org.junit.platform.engine.support.hierarchical.NodeTestTask$DefaultDynamicTestExecutor.execute(NodeTestTask.java:204)
	at java.base@11.0.18/java.util.Optional.ifPresent(Optional.java:183)
	at app//org.junit.jupiter.engine.descriptor.TestFactoryTestDescriptor.lambda$invokeTestMethod$1(TestFactoryTestDescriptor.java:108)
	at app//org.junit.platform.engine.support.hierarchical.ThrowableCollector.execute(ThrowableCollector.java:73)
	at app//org.junit.jupiter.engine.descriptor.TestFactoryTestDescriptor.invokeTestMethod(TestFactoryTestDescriptor.java:95)
	at app//org.junit.jupiter.engine.descriptor.TestMethodTestDescriptor.execute(TestMethodTestDescriptor.java:135)
	at app//org.junit.jupiter.engine.descriptor.TestMethodTestDescriptor.execute(TestMethodTestDescriptor.java:66)
	at app//org.junit.platform.engine.support.hierarchical.NodeTestTask.lambda$executeRecursively$6(NodeTestTask.java:151)
	at app//org.junit.platform.engine.support.hierarchical.ThrowableCollector.execute(ThrowableCollector.java:73)
	at app//org.junit.platform.engine.support.hierarchical.NodeTestTask.lambda$executeRecursively$8(NodeTestTask.java:141)
	at app//org.junit.platform.engine.support.hierarchical.Node.around(Node.java:137)
	at app//org.junit.platform.engine.support.hierarchical.NodeTestTask.lambda$executeRecursively$9(NodeTestTask.java:139)
	at app//org.junit.platform.engine.support.hierarchical.ThrowableCollector.execute(ThrowableCollector.java:73)
	at app//org.junit.platform.engine.support.hierarchical.NodeTestTask.executeRecursively(NodeTestTask.java:138)
	at app//org.junit.platform.engine.support.hierarchical.NodeTestTask.execute(NodeTestTask.java:95)
	at java.base@11.0.18/java.util.ArrayList.forEach(ArrayList.java:1541)
	at app//org.junit.platform.engine.support.hierarchical.SameThreadHierarchicalTestExecutorService.invokeAll(SameThreadHierarchicalTestExecutorService.java:41)
	at app//org.junit.platform.engine.support.hierarchical.NodeTestTask.lambda$executeRecursively$6(NodeTestTask.java:155)
	at app//org.junit.platform.engine.support.hierarchical.ThrowableCollector.execute(ThrowableCollector.java:73)
	at app//org.junit.platform.engine.support.hierarchical.NodeTestTask.lambda$executeRecursively$8(NodeTestTask.java:141)
	at app//org.junit.platform.engine.support.hierarchical.Node.around(Node.java:137)
	at app//org.junit.platform.engine.support.hierarchical.NodeTestTask.lambda$executeRecursively$9(NodeTestTask.java:139)
	at app//org.junit.platform.engine.support.hierarchical.ThrowableCollector.execute(ThrowableCollector.java:73)
	at app//org.junit.platform.engine.support.hierarchical.NodeTestTask.executeRecursively(NodeTestTask.java:138)
	at app//org.junit.platform.engine.support.hierarchical.NodeTestTask.execute(NodeTestTask.java:95)
	at java.base@11.0.18/java.util.ArrayList.forEach(ArrayList.java:1541)
	at app//org.junit.platform.engine.support.hierarchical.SameThreadHierarchicalTestExecutorService.invokeAll(SameThreadHierarchicalTestExecutorService.java:41)
	at app//org.junit.platform.engine.support.hierarchical.NodeTestTask.lambda$executeRecursively$6(NodeTestTask.java:155)
	at app//org.junit.platform.engine.support.hierarchical.ThrowableCollector.execute(ThrowableCollector.java:73)
	at app//org.junit.platform.engine.support.hierarchical.NodeTestTask.lambda$executeRecursively$8(NodeTestTask.java:141)
	at app//org.junit.platform.engine.support.hierarchical.Node.around(Node.java:137)
	at app//org.junit.platform.engine.support.hierarchical.NodeTestTask.lambda$executeRecursively$9(NodeTestTask.java:139)
	at app//org.junit.platform.engine.support.hierarchical.ThrowableCollector.execute(ThrowableCollector.java:73)
	at app//org.junit.platform.engine.support.hierarchical.NodeTestTask.executeRecursively(NodeTestTask.java:138)
	at app//org.junit.platform.engine.support.hierarchical.NodeTestTask.execute(NodeTestTask.java:95)
	at app//org.junit.platform.engine.support.hierarchical.SameThreadHierarchicalTestExecutorService.submit(SameThreadHierarchicalTestExecutorService.java:35)
	at app//org.junit.platform.engine.support.hierarchical.HierarchicalTestExecutor.execute(HierarchicalTestExecutor.java:57)
	at app//org.junit.platform.engine.support.hierarchical.HierarchicalTestEngine.execute(HierarchicalTestEngine.java:54)
	at org.junit.platform.launcher.core.EngineExecutionOrchestrator.execute(EngineExecutionOrchestrator.java:107)
	at org.junit.platform.launcher.core.EngineExecutionOrchestrator.execute(EngineExecutionOrchestrator.java:88)
	at org.junit.platform.launcher.core.EngineExecutionOrchestrator.lambda$execute$0(EngineExecutionOrchestrator.java:54)
	at org.junit.platform.launcher.core.EngineExecutionOrchestrator.withInterceptedStreams(EngineExecutionOrchestrator.java:67)
	at org.junit.platform.launcher.core.EngineExecutionOrchestrator.execute(EngineExecutionOrchestrator.java:52)
	at org.junit.platform.launcher.core.DefaultLauncher.execute(DefaultLauncher.java:114)
	at org.junit.platform.launcher.core.DefaultLauncher.execute(DefaultLauncher.java:86)
	at org.junit.platform.launcher.core.DefaultLauncherSession$DelegatingLauncher.execute(DefaultLauncherSession.java:86)
	at org.junit.platform.launcher.core.SessionPerRequestLauncher.execute(SessionPerRequestLauncher.java:53)
	at org.gradle.api.internal.tasks.testing.junitplatform.JUnitPlatformTestClassProcessor$CollectAllTestClassesExecutor.processAllTestClasses(JUnitPlatformTestClassProcessor.java:99)
	at org.gradle.api.internal.tasks.testing.junitplatform.JUnitPlatformTestClassProcessor$CollectAllTestClassesExecutor.access$000(JUnitPlatformTestClassProcessor.java:79)
	at org.gradle.api.internal.tasks.testing.junitplatform.JUnitPlatformTestClassProcessor.stop(JUnitPlatformTestClassProcessor.java:75)
	at org.gradle.api.internal.tasks.testing.SuiteTestClassProcessor.stop(SuiteTestClassProcessor.java:62)
	at java.base@11.0.18/jdk.internal.reflect.NativeMethodAccessorImpl.invoke0(Native Method)
	at java.base@11.0.18/jdk.internal.reflect.NativeMethodAccessorImpl.invoke(NativeMethodAccessorImpl.java:62)
	at java.base@11.0.18/jdk.internal.reflect.DelegatingMethodAccessorImpl.invoke(DelegatingMethodAccessorImpl.java:43)
	at java.base@11.0.18/java.lang.reflect.Method.invoke(Method.java:566)
	at org.gradle.internal.dispatch.ReflectionDispatch.dispatch(ReflectionDispatch.java:36)
	at org.gradle.internal.dispatch.ReflectionDispatch.dispatch(ReflectionDispatch.java:24)
	at org.gradle.internal.dispatch.ContextClassLoaderDispatch.dispatch(ContextClassLoaderDispatch.java:33)
	at org.gradle.internal.dispatch.ProxyDispatchAdapter$DispatchingInvocationHandler.invoke(ProxyDispatchAdapter.java:94)
	at com.sun.proxy.$Proxy2.stop(Unknown Source)
	at org.gradle.api.internal.tasks.testing.worker.TestWorker$3.run(TestWorker.java:193)
	at org.gradle.api.internal.tasks.testing.worker.TestWorker.executeAndMaintainThreadName(TestWorker.java:129)
	at org.gradle.api.internal.tasks.testing.worker.TestWorker.execute(TestWorker.java:100)
	at org.gradle.api.internal.tasks.testing.worker.TestWorker.execute(TestWorker.java:60)
	at org.gradle.process.internal.worker.child.ActionExecutionWorker.execute(ActionExecutionWorker.java:56)
	at org.gradle.process.internal.worker.child.SystemApplicationClassLoaderWorker.call(SystemApplicationClassLoaderWorker.java:113)
	at org.gradle.process.internal.worker.child.SystemApplicationClassLoaderWorker.call(SystemApplicationClassLoaderWorker.java:65)
	at app//worker.org.gradle.process.internal.worker.GradleWorkerMain.run(GradleWorkerMain.java:69)
	at app//worker.org.gradle.process.internal.worker.GradleWorkerMain.main(GradleWorkerMain.java:74)
</failure>
  </testcase>
  <testcase name="MethodContracts_nomacro" classname="de.uka.ilkd.key.proof.runallproofs.RunAllProofsInfFlow" time="1.119">
    <failure message="org.opentest4j.AssertionFailedError: Executed process terminated with non-zero exit value. ==&gt; expected: &lt;0&gt; but was: &lt;1&gt;" type="org.opentest4j.AssertionFailedError">org.opentest4j.AssertionFailedError: Executed process terminated with non-zero exit value. ==&gt; expected: &lt;0&gt; but was: &lt;1&gt;
	at app//org.junit.jupiter.api.AssertionUtils.fail(AssertionUtils.java:55)
	at app//org.junit.jupiter.api.AssertionUtils.failNotEqual(AssertionUtils.java:62)
	at app//org.junit.jupiter.api.AssertEquals.assertEquals(AssertEquals.java:150)
	at app//org.junit.jupiter.api.Assertions.assertEquals(Assertions.java:559)
	at app//de.uka.ilkd.key.proof.runallproofs.proofcollection.ForkedTestFileRunner.processTestFiles(ForkedTestFileRunner.java:129)
	at app//de.uka.ilkd.key.proof.runallproofs.RunAllProofsTestUnit.runTest(RunAllProofsTestUnit.java:85)
	at app//de.uka.ilkd.key.proof.runallproofs.RunAllProofsTest.lambda$data$0(RunAllProofsTest.java:83)
	at app//org.junit.jupiter.engine.descriptor.DynamicTestTestDescriptor.lambda$execute$0(DynamicTestTestDescriptor.java:53)
	at app//org.junit.jupiter.engine.execution.InvocationInterceptorChain$ValidatingInvocation.proceed(InvocationInterceptorChain.java:131)
	at app//org.junit.jupiter.api.extension.InvocationInterceptor.interceptDynamicTest(InvocationInterceptor.java:167)
	at app//org.junit.jupiter.api.extension.InvocationInterceptor.interceptDynamicTest(InvocationInterceptor.java:184)
	at app//org.junit.jupiter.engine.descriptor.DynamicTestTestDescriptor.lambda$execute$1(DynamicTestTestDescriptor.java:61)
	at app//org.junit.jupiter.engine.execution.InvocationInterceptorChain$InterceptorCall.lambda$ofVoid$0(InvocationInterceptorChain.java:78)
	at app//org.junit.jupiter.engine.execution.InvocationInterceptorChain$InterceptedInvocation.proceed(InvocationInterceptorChain.java:106)
	at app//org.junit.jupiter.engine.execution.InvocationInterceptorChain.proceed(InvocationInterceptorChain.java:64)
	at app//org.junit.jupiter.engine.execution.InvocationInterceptorChain.chainAndInvoke(InvocationInterceptorChain.java:45)
	at app//org.junit.jupiter.engine.execution.InvocationInterceptorChain.invoke(InvocationInterceptorChain.java:37)
	at app//org.junit.jupiter.engine.descriptor.DynamicTestTestDescriptor.execute(DynamicTestTestDescriptor.java:60)
	at app//org.junit.jupiter.engine.descriptor.DynamicTestTestDescriptor.execute(DynamicTestTestDescriptor.java:32)
	at app//org.junit.platform.engine.support.hierarchical.NodeTestTask.lambda$executeRecursively$6(NodeTestTask.java:151)
	at app//org.junit.platform.engine.support.hierarchical.ThrowableCollector.execute(ThrowableCollector.java:73)
	at app//org.junit.platform.engine.support.hierarchical.NodeTestTask.lambda$executeRecursively$8(NodeTestTask.java:141)
	at app//org.junit.platform.engine.support.hierarchical.Node.around(Node.java:137)
	at app//org.junit.platform.engine.support.hierarchical.NodeTestTask.lambda$executeRecursively$9(NodeTestTask.java:139)
	at app//org.junit.platform.engine.support.hierarchical.ThrowableCollector.execute(ThrowableCollector.java:73)
	at app//org.junit.platform.engine.support.hierarchical.NodeTestTask.executeRecursively(NodeTestTask.java:138)
	at app//org.junit.platform.engine.support.hierarchical.NodeTestTask.execute(NodeTestTask.java:95)
	at app//org.junit.platform.engine.support.hierarchical.SameThreadHierarchicalTestExecutorService.submit(SameThreadHierarchicalTestExecutorService.java:35)
	at app//org.junit.platform.engine.support.hierarchical.NodeTestTask$DefaultDynamicTestExecutor.execute(NodeTestTask.java:226)
	at app//org.junit.platform.engine.support.hierarchical.NodeTestTask$DefaultDynamicTestExecutor.execute(NodeTestTask.java:204)
	at java.base@11.0.18/java.util.Optional.ifPresent(Optional.java:183)
	at app//org.junit.jupiter.engine.descriptor.TestFactoryTestDescriptor.lambda$invokeTestMethod$1(TestFactoryTestDescriptor.java:108)
	at app//org.junit.platform.engine.support.hierarchical.ThrowableCollector.execute(ThrowableCollector.java:73)
	at app//org.junit.jupiter.engine.descriptor.TestFactoryTestDescriptor.invokeTestMethod(TestFactoryTestDescriptor.java:95)
	at app//org.junit.jupiter.engine.descriptor.TestMethodTestDescriptor.execute(TestMethodTestDescriptor.java:135)
	at app//org.junit.jupiter.engine.descriptor.TestMethodTestDescriptor.execute(TestMethodTestDescriptor.java:66)
	at app//org.junit.platform.engine.support.hierarchical.NodeTestTask.lambda$executeRecursively$6(NodeTestTask.java:151)
	at app//org.junit.platform.engine.support.hierarchical.ThrowableCollector.execute(ThrowableCollector.java:73)
	at app//org.junit.platform.engine.support.hierarchical.NodeTestTask.lambda$executeRecursively$8(NodeTestTask.java:141)
	at app//org.junit.platform.engine.support.hierarchical.Node.around(Node.java:137)
	at app//org.junit.platform.engine.support.hierarchical.NodeTestTask.lambda$executeRecursively$9(NodeTestTask.java:139)
	at app//org.junit.platform.engine.support.hierarchical.ThrowableCollector.execute(ThrowableCollector.java:73)
	at app//org.junit.platform.engine.support.hierarchical.NodeTestTask.executeRecursively(NodeTestTask.java:138)
	at app//org.junit.platform.engine.support.hierarchical.NodeTestTask.execute(NodeTestTask.java:95)
	at java.base@11.0.18/java.util.ArrayList.forEach(ArrayList.java:1541)
	at app//org.junit.platform.engine.support.hierarchical.SameThreadHierarchicalTestExecutorService.invokeAll(SameThreadHierarchicalTestExecutorService.java:41)
	at app//org.junit.platform.engine.support.hierarchical.NodeTestTask.lambda$executeRecursively$6(NodeTestTask.java:155)
	at app//org.junit.platform.engine.support.hierarchical.ThrowableCollector.execute(ThrowableCollector.java:73)
	at app//org.junit.platform.engine.support.hierarchical.NodeTestTask.lambda$executeRecursively$8(NodeTestTask.java:141)
	at app//org.junit.platform.engine.support.hierarchical.Node.around(Node.java:137)
	at app//org.junit.platform.engine.support.hierarchical.NodeTestTask.lambda$executeRecursively$9(NodeTestTask.java:139)
	at app//org.junit.platform.engine.support.hierarchical.ThrowableCollector.execute(ThrowableCollector.java:73)
	at app//org.junit.platform.engine.support.hierarchical.NodeTestTask.executeRecursively(NodeTestTask.java:138)
	at app//org.junit.platform.engine.support.hierarchical.NodeTestTask.execute(NodeTestTask.java:95)
	at java.base@11.0.18/java.util.ArrayList.forEach(ArrayList.java:1541)
	at app//org.junit.platform.engine.support.hierarchical.SameThreadHierarchicalTestExecutorService.invokeAll(SameThreadHierarchicalTestExecutorService.java:41)
	at app//org.junit.platform.engine.support.hierarchical.NodeTestTask.lambda$executeRecursively$6(NodeTestTask.java:155)
	at app//org.junit.platform.engine.support.hierarchical.ThrowableCollector.execute(ThrowableCollector.java:73)
	at app//org.junit.platform.engine.support.hierarchical.NodeTestTask.lambda$executeRecursively$8(NodeTestTask.java:141)
	at app//org.junit.platform.engine.support.hierarchical.Node.around(Node.java:137)
	at app//org.junit.platform.engine.support.hierarchical.NodeTestTask.lambda$executeRecursively$9(NodeTestTask.java:139)
	at app//org.junit.platform.engine.support.hierarchical.ThrowableCollector.execute(ThrowableCollector.java:73)
	at app//org.junit.platform.engine.support.hierarchical.NodeTestTask.executeRecursively(NodeTestTask.java:138)
	at app//org.junit.platform.engine.support.hierarchical.NodeTestTask.execute(NodeTestTask.java:95)
	at app//org.junit.platform.engine.support.hierarchical.SameThreadHierarchicalTestExecutorService.submit(SameThreadHierarchicalTestExecutorService.java:35)
	at app//org.junit.platform.engine.support.hierarchical.HierarchicalTestExecutor.execute(HierarchicalTestExecutor.java:57)
	at app//org.junit.platform.engine.support.hierarchical.HierarchicalTestEngine.execute(HierarchicalTestEngine.java:54)
	at org.junit.platform.launcher.core.EngineExecutionOrchestrator.execute(EngineExecutionOrchestrator.java:107)
	at org.junit.platform.launcher.core.EngineExecutionOrchestrator.execute(EngineExecutionOrchestrator.java:88)
	at org.junit.platform.launcher.core.EngineExecutionOrchestrator.lambda$execute$0(EngineExecutionOrchestrator.java:54)
	at org.junit.platform.launcher.core.EngineExecutionOrchestrator.withInterceptedStreams(EngineExecutionOrchestrator.java:67)
	at org.junit.platform.launcher.core.EngineExecutionOrchestrator.execute(EngineExecutionOrchestrator.java:52)
	at org.junit.platform.launcher.core.DefaultLauncher.execute(DefaultLauncher.java:114)
	at org.junit.platform.launcher.core.DefaultLauncher.execute(DefaultLauncher.java:86)
	at org.junit.platform.launcher.core.DefaultLauncherSession$DelegatingLauncher.execute(DefaultLauncherSession.java:86)
	at org.junit.platform.launcher.core.SessionPerRequestLauncher.execute(SessionPerRequestLauncher.java:53)
	at org.gradle.api.internal.tasks.testing.junitplatform.JUnitPlatformTestClassProcessor$CollectAllTestClassesExecutor.processAllTestClasses(JUnitPlatformTestClassProcessor.java:99)
	at org.gradle.api.internal.tasks.testing.junitplatform.JUnitPlatformTestClassProcessor$CollectAllTestClassesExecutor.access$000(JUnitPlatformTestClassProcessor.java:79)
	at org.gradle.api.internal.tasks.testing.junitplatform.JUnitPlatformTestClassProcessor.stop(JUnitPlatformTestClassProcessor.java:75)
	at org.gradle.api.internal.tasks.testing.SuiteTestClassProcessor.stop(SuiteTestClassProcessor.java:62)
	at java.base@11.0.18/jdk.internal.reflect.NativeMethodAccessorImpl.invoke0(Native Method)
	at java.base@11.0.18/jdk.internal.reflect.NativeMethodAccessorImpl.invoke(NativeMethodAccessorImpl.java:62)
	at java.base@11.0.18/jdk.internal.reflect.DelegatingMethodAccessorImpl.invoke(DelegatingMethodAccessorImpl.java:43)
	at java.base@11.0.18/java.lang.reflect.Method.invoke(Method.java:566)
	at org.gradle.internal.dispatch.ReflectionDispatch.dispatch(ReflectionDispatch.java:36)
	at org.gradle.internal.dispatch.ReflectionDispatch.dispatch(ReflectionDispatch.java:24)
	at org.gradle.internal.dispatch.ContextClassLoaderDispatch.dispatch(ContextClassLoaderDispatch.java:33)
	at org.gradle.internal.dispatch.ProxyDispatchAdapter$DispatchingInvocationHandler.invoke(ProxyDispatchAdapter.java:94)
	at com.sun.proxy.$Proxy2.stop(Unknown Source)
	at org.gradle.api.internal.tasks.testing.worker.TestWorker$3.run(TestWorker.java:193)
	at org.gradle.api.internal.tasks.testing.worker.TestWorker.executeAndMaintainThreadName(TestWorker.java:129)
	at org.gradle.api.internal.tasks.testing.worker.TestWorker.execute(TestWorker.java:100)
	at org.gradle.api.internal.tasks.testing.worker.TestWorker.execute(TestWorker.java:60)
	at org.gradle.process.internal.worker.child.ActionExecutionWorker.execute(ActionExecutionWorker.java:56)
	at org.gradle.process.internal.worker.child.SystemApplicationClassLoaderWorker.call(SystemApplicationClassLoaderWorker.java:113)
	at org.gradle.process.internal.worker.child.SystemApplicationClassLoaderWorker.call(SystemApplicationClassLoaderWorker.java:65)
	at app//worker.org.gradle.process.internal.worker.GradleWorkerMain.run(GradleWorkerMain.java:69)
	at app//worker.org.gradle.process.internal.worker.GradleWorkerMain.main(GradleWorkerMain.java:74)
</failure>
  </testcase>
  <testcase name="LoopInvariants_nomacro" classname="de.uka.ilkd.key.proof.runallproofs.RunAllProofsInfFlow" time="1.19">
    <failure message="org.opentest4j.AssertionFailedError: Executed process terminated with non-zero exit value. ==&gt; expected: &lt;0&gt; but was: &lt;1&gt;" type="org.opentest4j.AssertionFailedError">org.opentest4j.AssertionFailedError: Executed process terminated with non-zero exit value. ==&gt; expected: &lt;0&gt; but was: &lt;1&gt;
	at app//org.junit.jupiter.api.AssertionUtils.fail(AssertionUtils.java:55)
	at app//org.junit.jupiter.api.AssertionUtils.failNotEqual(AssertionUtils.java:62)
	at app//org.junit.jupiter.api.AssertEquals.assertEquals(AssertEquals.java:150)
	at app//org.junit.jupiter.api.Assertions.assertEquals(Assertions.java:559)
	at app//de.uka.ilkd.key.proof.runallproofs.proofcollection.ForkedTestFileRunner.processTestFiles(ForkedTestFileRunner.java:129)
	at app//de.uka.ilkd.key.proof.runallproofs.RunAllProofsTestUnit.runTest(RunAllProofsTestUnit.java:85)
	at app//de.uka.ilkd.key.proof.runallproofs.RunAllProofsTest.lambda$data$0(RunAllProofsTest.java:83)
	at app//org.junit.jupiter.engine.descriptor.DynamicTestTestDescriptor.lambda$execute$0(DynamicTestTestDescriptor.java:53)
	at app//org.junit.jupiter.engine.execution.InvocationInterceptorChain$ValidatingInvocation.proceed(InvocationInterceptorChain.java:131)
	at app//org.junit.jupiter.api.extension.InvocationInterceptor.interceptDynamicTest(InvocationInterceptor.java:167)
	at app//org.junit.jupiter.api.extension.InvocationInterceptor.interceptDynamicTest(InvocationInterceptor.java:184)
	at app//org.junit.jupiter.engine.descriptor.DynamicTestTestDescriptor.lambda$execute$1(DynamicTestTestDescriptor.java:61)
	at app//org.junit.jupiter.engine.execution.InvocationInterceptorChain$InterceptorCall.lambda$ofVoid$0(InvocationInterceptorChain.java:78)
	at app//org.junit.jupiter.engine.execution.InvocationInterceptorChain$InterceptedInvocation.proceed(InvocationInterceptorChain.java:106)
	at app//org.junit.jupiter.engine.execution.InvocationInterceptorChain.proceed(InvocationInterceptorChain.java:64)
	at app//org.junit.jupiter.engine.execution.InvocationInterceptorChain.chainAndInvoke(InvocationInterceptorChain.java:45)
	at app//org.junit.jupiter.engine.execution.InvocationInterceptorChain.invoke(InvocationInterceptorChain.java:37)
	at app//org.junit.jupiter.engine.descriptor.DynamicTestTestDescriptor.execute(DynamicTestTestDescriptor.java:60)
	at app//org.junit.jupiter.engine.descriptor.DynamicTestTestDescriptor.execute(DynamicTestTestDescriptor.java:32)
	at app//org.junit.platform.engine.support.hierarchical.NodeTestTask.lambda$executeRecursively$6(NodeTestTask.java:151)
	at app//org.junit.platform.engine.support.hierarchical.ThrowableCollector.execute(ThrowableCollector.java:73)
	at app//org.junit.platform.engine.support.hierarchical.NodeTestTask.lambda$executeRecursively$8(NodeTestTask.java:141)
	at app//org.junit.platform.engine.support.hierarchical.Node.around(Node.java:137)
	at app//org.junit.platform.engine.support.hierarchical.NodeTestTask.lambda$executeRecursively$9(NodeTestTask.java:139)
	at app//org.junit.platform.engine.support.hierarchical.ThrowableCollector.execute(ThrowableCollector.java:73)
	at app//org.junit.platform.engine.support.hierarchical.NodeTestTask.executeRecursively(NodeTestTask.java:138)
	at app//org.junit.platform.engine.support.hierarchical.NodeTestTask.execute(NodeTestTask.java:95)
	at app//org.junit.platform.engine.support.hierarchical.SameThreadHierarchicalTestExecutorService.submit(SameThreadHierarchicalTestExecutorService.java:35)
	at app//org.junit.platform.engine.support.hierarchical.NodeTestTask$DefaultDynamicTestExecutor.execute(NodeTestTask.java:226)
	at app//org.junit.platform.engine.support.hierarchical.NodeTestTask$DefaultDynamicTestExecutor.execute(NodeTestTask.java:204)
	at java.base@11.0.18/java.util.Optional.ifPresent(Optional.java:183)
	at app//org.junit.jupiter.engine.descriptor.TestFactoryTestDescriptor.lambda$invokeTestMethod$1(TestFactoryTestDescriptor.java:108)
	at app//org.junit.platform.engine.support.hierarchical.ThrowableCollector.execute(ThrowableCollector.java:73)
	at app//org.junit.jupiter.engine.descriptor.TestFactoryTestDescriptor.invokeTestMethod(TestFactoryTestDescriptor.java:95)
	at app//org.junit.jupiter.engine.descriptor.TestMethodTestDescriptor.execute(TestMethodTestDescriptor.java:135)
	at app//org.junit.jupiter.engine.descriptor.TestMethodTestDescriptor.execute(TestMethodTestDescriptor.java:66)
	at app//org.junit.platform.engine.support.hierarchical.NodeTestTask.lambda$executeRecursively$6(NodeTestTask.java:151)
	at app//org.junit.platform.engine.support.hierarchical.ThrowableCollector.execute(ThrowableCollector.java:73)
	at app//org.junit.platform.engine.support.hierarchical.NodeTestTask.lambda$executeRecursively$8(NodeTestTask.java:141)
	at app//org.junit.platform.engine.support.hierarchical.Node.around(Node.java:137)
	at app//org.junit.platform.engine.support.hierarchical.NodeTestTask.lambda$executeRecursively$9(NodeTestTask.java:139)
	at app//org.junit.platform.engine.support.hierarchical.ThrowableCollector.execute(ThrowableCollector.java:73)
	at app//org.junit.platform.engine.support.hierarchical.NodeTestTask.executeRecursively(NodeTestTask.java:138)
	at app//org.junit.platform.engine.support.hierarchical.NodeTestTask.execute(NodeTestTask.java:95)
	at java.base@11.0.18/java.util.ArrayList.forEach(ArrayList.java:1541)
	at app//org.junit.platform.engine.support.hierarchical.SameThreadHierarchicalTestExecutorService.invokeAll(SameThreadHierarchicalTestExecutorService.java:41)
	at app//org.junit.platform.engine.support.hierarchical.NodeTestTask.lambda$executeRecursively$6(NodeTestTask.java:155)
	at app//org.junit.platform.engine.support.hierarchical.ThrowableCollector.execute(ThrowableCollector.java:73)
	at app//org.junit.platform.engine.support.hierarchical.NodeTestTask.lambda$executeRecursively$8(NodeTestTask.java:141)
	at app//org.junit.platform.engine.support.hierarchical.Node.around(Node.java:137)
	at app//org.junit.platform.engine.support.hierarchical.NodeTestTask.lambda$executeRecursively$9(NodeTestTask.java:139)
	at app//org.junit.platform.engine.support.hierarchical.ThrowableCollector.execute(ThrowableCollector.java:73)
	at app//org.junit.platform.engine.support.hierarchical.NodeTestTask.executeRecursively(NodeTestTask.java:138)
	at app//org.junit.platform.engine.support.hierarchical.NodeTestTask.execute(NodeTestTask.java:95)
	at java.base@11.0.18/java.util.ArrayList.forEach(ArrayList.java:1541)
	at app//org.junit.platform.engine.support.hierarchical.SameThreadHierarchicalTestExecutorService.invokeAll(SameThreadHierarchicalTestExecutorService.java:41)
	at app//org.junit.platform.engine.support.hierarchical.NodeTestTask.lambda$executeRecursively$6(NodeTestTask.java:155)
	at app//org.junit.platform.engine.support.hierarchical.ThrowableCollector.execute(ThrowableCollector.java:73)
	at app//org.junit.platform.engine.support.hierarchical.NodeTestTask.lambda$executeRecursively$8(NodeTestTask.java:141)
	at app//org.junit.platform.engine.support.hierarchical.Node.around(Node.java:137)
	at app//org.junit.platform.engine.support.hierarchical.NodeTestTask.lambda$executeRecursively$9(NodeTestTask.java:139)
	at app//org.junit.platform.engine.support.hierarchical.ThrowableCollector.execute(ThrowableCollector.java:73)
	at app//org.junit.platform.engine.support.hierarchical.NodeTestTask.executeRecursively(NodeTestTask.java:138)
	at app//org.junit.platform.engine.support.hierarchical.NodeTestTask.execute(NodeTestTask.java:95)
	at app//org.junit.platform.engine.support.hierarchical.SameThreadHierarchicalTestExecutorService.submit(SameThreadHierarchicalTestExecutorService.java:35)
	at app//org.junit.platform.engine.support.hierarchical.HierarchicalTestExecutor.execute(HierarchicalTestExecutor.java:57)
	at app//org.junit.platform.engine.support.hierarchical.HierarchicalTestEngine.execute(HierarchicalTestEngine.java:54)
	at org.junit.platform.launcher.core.EngineExecutionOrchestrator.execute(EngineExecutionOrchestrator.java:107)
	at org.junit.platform.launcher.core.EngineExecutionOrchestrator.execute(EngineExecutionOrchestrator.java:88)
	at org.junit.platform.launcher.core.EngineExecutionOrchestrator.lambda$execute$0(EngineExecutionOrchestrator.java:54)
	at org.junit.platform.launcher.core.EngineExecutionOrchestrator.withInterceptedStreams(EngineExecutionOrchestrator.java:67)
	at org.junit.platform.launcher.core.EngineExecutionOrchestrator.execute(EngineExecutionOrchestrator.java:52)
	at org.junit.platform.launcher.core.DefaultLauncher.execute(DefaultLauncher.java:114)
	at org.junit.platform.launcher.core.DefaultLauncher.execute(DefaultLauncher.java:86)
	at org.junit.platform.launcher.core.DefaultLauncherSession$DelegatingLauncher.execute(DefaultLauncherSession.java:86)
	at org.junit.platform.launcher.core.SessionPerRequestLauncher.execute(SessionPerRequestLauncher.java:53)
	at org.gradle.api.internal.tasks.testing.junitplatform.JUnitPlatformTestClassProcessor$CollectAllTestClassesExecutor.processAllTestClasses(JUnitPlatformTestClassProcessor.java:99)
	at org.gradle.api.internal.tasks.testing.junitplatform.JUnitPlatformTestClassProcessor$CollectAllTestClassesExecutor.access$000(JUnitPlatformTestClassProcessor.java:79)
	at org.gradle.api.internal.tasks.testing.junitplatform.JUnitPlatformTestClassProcessor.stop(JUnitPlatformTestClassProcessor.java:75)
	at org.gradle.api.internal.tasks.testing.SuiteTestClassProcessor.stop(SuiteTestClassProcessor.java:62)
	at java.base@11.0.18/jdk.internal.reflect.NativeMethodAccessorImpl.invoke0(Native Method)
	at java.base@11.0.18/jdk.internal.reflect.NativeMethodAccessorImpl.invoke(NativeMethodAccessorImpl.java:62)
	at java.base@11.0.18/jdk.internal.reflect.DelegatingMethodAccessorImpl.invoke(DelegatingMethodAccessorImpl.java:43)
	at java.base@11.0.18/java.lang.reflect.Method.invoke(Method.java:566)
	at org.gradle.internal.dispatch.ReflectionDispatch.dispatch(ReflectionDispatch.java:36)
	at org.gradle.internal.dispatch.ReflectionDispatch.dispatch(ReflectionDispatch.java:24)
	at org.gradle.internal.dispatch.ContextClassLoaderDispatch.dispatch(ContextClassLoaderDispatch.java:33)
	at org.gradle.internal.dispatch.ProxyDispatchAdapter$DispatchingInvocationHandler.invoke(ProxyDispatchAdapter.java:94)
	at com.sun.proxy.$Proxy2.stop(Unknown Source)
	at org.gradle.api.internal.tasks.testing.worker.TestWorker$3.run(TestWorker.java:193)
	at org.gradle.api.internal.tasks.testing.worker.TestWorker.executeAndMaintainThreadName(TestWorker.java:129)
	at org.gradle.api.internal.tasks.testing.worker.TestWorker.execute(TestWorker.java:100)
	at org.gradle.api.internal.tasks.testing.worker.TestWorker.execute(TestWorker.java:60)
	at org.gradle.process.internal.worker.child.ActionExecutionWorker.execute(ActionExecutionWorker.java:56)
	at org.gradle.process.internal.worker.child.SystemApplicationClassLoaderWorker.call(SystemApplicationClassLoaderWorker.java:113)
	at org.gradle.process.internal.worker.child.SystemApplicationClassLoaderWorker.call(SystemApplicationClassLoaderWorker.java:65)
	at app//worker.org.gradle.process.internal.worker.GradleWorkerMain.run(GradleWorkerMain.java:69)
	at app//worker.org.gradle.process.internal.worker.GradleWorkerMain.main(GradleWorkerMain.java:74)
</failure>
  </testcase>
  <testcase name="MiniExamples_nomacro" classname="de.uka.ilkd.key.proof.runallproofs.RunAllProofsInfFlow" time="1.188">
    <failure message="org.opentest4j.AssertionFailedError: Executed process terminated with non-zero exit value. ==&gt; expected: &lt;0&gt; but was: &lt;1&gt;" type="org.opentest4j.AssertionFailedError">org.opentest4j.AssertionFailedError: Executed process terminated with non-zero exit value. ==&gt; expected: &lt;0&gt; but was: &lt;1&gt;
	at app//org.junit.jupiter.api.AssertionUtils.fail(AssertionUtils.java:55)
	at app//org.junit.jupiter.api.AssertionUtils.failNotEqual(AssertionUtils.java:62)
	at app//org.junit.jupiter.api.AssertEquals.assertEquals(AssertEquals.java:150)
	at app//org.junit.jupiter.api.Assertions.assertEquals(Assertions.java:559)
	at app//de.uka.ilkd.key.proof.runallproofs.proofcollection.ForkedTestFileRunner.processTestFiles(ForkedTestFileRunner.java:129)
	at app//de.uka.ilkd.key.proof.runallproofs.RunAllProofsTestUnit.runTest(RunAllProofsTestUnit.java:85)
	at app//de.uka.ilkd.key.proof.runallproofs.RunAllProofsTest.lambda$data$0(RunAllProofsTest.java:83)
	at app//org.junit.jupiter.engine.descriptor.DynamicTestTestDescriptor.lambda$execute$0(DynamicTestTestDescriptor.java:53)
	at app//org.junit.jupiter.engine.execution.InvocationInterceptorChain$ValidatingInvocation.proceed(InvocationInterceptorChain.java:131)
	at app//org.junit.jupiter.api.extension.InvocationInterceptor.interceptDynamicTest(InvocationInterceptor.java:167)
	at app//org.junit.jupiter.api.extension.InvocationInterceptor.interceptDynamicTest(InvocationInterceptor.java:184)
	at app//org.junit.jupiter.engine.descriptor.DynamicTestTestDescriptor.lambda$execute$1(DynamicTestTestDescriptor.java:61)
	at app//org.junit.jupiter.engine.execution.InvocationInterceptorChain$InterceptorCall.lambda$ofVoid$0(InvocationInterceptorChain.java:78)
	at app//org.junit.jupiter.engine.execution.InvocationInterceptorChain$InterceptedInvocation.proceed(InvocationInterceptorChain.java:106)
	at app//org.junit.jupiter.engine.execution.InvocationInterceptorChain.proceed(InvocationInterceptorChain.java:64)
	at app//org.junit.jupiter.engine.execution.InvocationInterceptorChain.chainAndInvoke(InvocationInterceptorChain.java:45)
	at app//org.junit.jupiter.engine.execution.InvocationInterceptorChain.invoke(InvocationInterceptorChain.java:37)
	at app//org.junit.jupiter.engine.descriptor.DynamicTestTestDescriptor.execute(DynamicTestTestDescriptor.java:60)
	at app//org.junit.jupiter.engine.descriptor.DynamicTestTestDescriptor.execute(DynamicTestTestDescriptor.java:32)
	at app//org.junit.platform.engine.support.hierarchical.NodeTestTask.lambda$executeRecursively$6(NodeTestTask.java:151)
	at app//org.junit.platform.engine.support.hierarchical.ThrowableCollector.execute(ThrowableCollector.java:73)
	at app//org.junit.platform.engine.support.hierarchical.NodeTestTask.lambda$executeRecursively$8(NodeTestTask.java:141)
	at app//org.junit.platform.engine.support.hierarchical.Node.around(Node.java:137)
	at app//org.junit.platform.engine.support.hierarchical.NodeTestTask.lambda$executeRecursively$9(NodeTestTask.java:139)
	at app//org.junit.platform.engine.support.hierarchical.ThrowableCollector.execute(ThrowableCollector.java:73)
	at app//org.junit.platform.engine.support.hierarchical.NodeTestTask.executeRecursively(NodeTestTask.java:138)
	at app//org.junit.platform.engine.support.hierarchical.NodeTestTask.execute(NodeTestTask.java:95)
	at app//org.junit.platform.engine.support.hierarchical.SameThreadHierarchicalTestExecutorService.submit(SameThreadHierarchicalTestExecutorService.java:35)
	at app//org.junit.platform.engine.support.hierarchical.NodeTestTask$DefaultDynamicTestExecutor.execute(NodeTestTask.java:226)
	at app//org.junit.platform.engine.support.hierarchical.NodeTestTask$DefaultDynamicTestExecutor.execute(NodeTestTask.java:204)
	at java.base@11.0.18/java.util.Optional.ifPresent(Optional.java:183)
	at app//org.junit.jupiter.engine.descriptor.TestFactoryTestDescriptor.lambda$invokeTestMethod$1(TestFactoryTestDescriptor.java:108)
	at app//org.junit.platform.engine.support.hierarchical.ThrowableCollector.execute(ThrowableCollector.java:73)
	at app//org.junit.jupiter.engine.descriptor.TestFactoryTestDescriptor.invokeTestMethod(TestFactoryTestDescriptor.java:95)
	at app//org.junit.jupiter.engine.descriptor.TestMethodTestDescriptor.execute(TestMethodTestDescriptor.java:135)
	at app//org.junit.jupiter.engine.descriptor.TestMethodTestDescriptor.execute(TestMethodTestDescriptor.java:66)
	at app//org.junit.platform.engine.support.hierarchical.NodeTestTask.lambda$executeRecursively$6(NodeTestTask.java:151)
	at app//org.junit.platform.engine.support.hierarchical.ThrowableCollector.execute(ThrowableCollector.java:73)
	at app//org.junit.platform.engine.support.hierarchical.NodeTestTask.lambda$executeRecursively$8(NodeTestTask.java:141)
	at app//org.junit.platform.engine.support.hierarchical.Node.around(Node.java:137)
	at app//org.junit.platform.engine.support.hierarchical.NodeTestTask.lambda$executeRecursively$9(NodeTestTask.java:139)
	at app//org.junit.platform.engine.support.hierarchical.ThrowableCollector.execute(ThrowableCollector.java:73)
	at app//org.junit.platform.engine.support.hierarchical.NodeTestTask.executeRecursively(NodeTestTask.java:138)
	at app//org.junit.platform.engine.support.hierarchical.NodeTestTask.execute(NodeTestTask.java:95)
	at java.base@11.0.18/java.util.ArrayList.forEach(ArrayList.java:1541)
	at app//org.junit.platform.engine.support.hierarchical.SameThreadHierarchicalTestExecutorService.invokeAll(SameThreadHierarchicalTestExecutorService.java:41)
	at app//org.junit.platform.engine.support.hierarchical.NodeTestTask.lambda$executeRecursively$6(NodeTestTask.java:155)
	at app//org.junit.platform.engine.support.hierarchical.ThrowableCollector.execute(ThrowableCollector.java:73)
	at app//org.junit.platform.engine.support.hierarchical.NodeTestTask.lambda$executeRecursively$8(NodeTestTask.java:141)
	at app//org.junit.platform.engine.support.hierarchical.Node.around(Node.java:137)
	at app//org.junit.platform.engine.support.hierarchical.NodeTestTask.lambda$executeRecursively$9(NodeTestTask.java:139)
	at app//org.junit.platform.engine.support.hierarchical.ThrowableCollector.execute(ThrowableCollector.java:73)
	at app//org.junit.platform.engine.support.hierarchical.NodeTestTask.executeRecursively(NodeTestTask.java:138)
	at app//org.junit.platform.engine.support.hierarchical.NodeTestTask.execute(NodeTestTask.java:95)
	at java.base@11.0.18/java.util.ArrayList.forEach(ArrayList.java:1541)
	at app//org.junit.platform.engine.support.hierarchical.SameThreadHierarchicalTestExecutorService.invokeAll(SameThreadHierarchicalTestExecutorService.java:41)
	at app//org.junit.platform.engine.support.hierarchical.NodeTestTask.lambda$executeRecursively$6(NodeTestTask.java:155)
	at app//org.junit.platform.engine.support.hierarchical.ThrowableCollector.execute(ThrowableCollector.java:73)
	at app//org.junit.platform.engine.support.hierarchical.NodeTestTask.lambda$executeRecursively$8(NodeTestTask.java:141)
	at app//org.junit.platform.engine.support.hierarchical.Node.around(Node.java:137)
	at app//org.junit.platform.engine.support.hierarchical.NodeTestTask.lambda$executeRecursively$9(NodeTestTask.java:139)
	at app//org.junit.platform.engine.support.hierarchical.ThrowableCollector.execute(ThrowableCollector.java:73)
	at app//org.junit.platform.engine.support.hierarchical.NodeTestTask.executeRecursively(NodeTestTask.java:138)
	at app//org.junit.platform.engine.support.hierarchical.NodeTestTask.execute(NodeTestTask.java:95)
	at app//org.junit.platform.engine.support.hierarchical.SameThreadHierarchicalTestExecutorService.submit(SameThreadHierarchicalTestExecutorService.java:35)
	at app//org.junit.platform.engine.support.hierarchical.HierarchicalTestExecutor.execute(HierarchicalTestExecutor.java:57)
	at app//org.junit.platform.engine.support.hierarchical.HierarchicalTestEngine.execute(HierarchicalTestEngine.java:54)
	at org.junit.platform.launcher.core.EngineExecutionOrchestrator.execute(EngineExecutionOrchestrator.java:107)
	at org.junit.platform.launcher.core.EngineExecutionOrchestrator.execute(EngineExecutionOrchestrator.java:88)
	at org.junit.platform.launcher.core.EngineExecutionOrchestrator.lambda$execute$0(EngineExecutionOrchestrator.java:54)
	at org.junit.platform.launcher.core.EngineExecutionOrchestrator.withInterceptedStreams(EngineExecutionOrchestrator.java:67)
	at org.junit.platform.launcher.core.EngineExecutionOrchestrator.execute(EngineExecutionOrchestrator.java:52)
	at org.junit.platform.launcher.core.DefaultLauncher.execute(DefaultLauncher.java:114)
	at org.junit.platform.launcher.core.DefaultLauncher.execute(DefaultLauncher.java:86)
	at org.junit.platform.launcher.core.DefaultLauncherSession$DelegatingLauncher.execute(DefaultLauncherSession.java:86)
	at org.junit.platform.launcher.core.SessionPerRequestLauncher.execute(SessionPerRequestLauncher.java:53)
	at org.gradle.api.internal.tasks.testing.junitplatform.JUnitPlatformTestClassProcessor$CollectAllTestClassesExecutor.processAllTestClasses(JUnitPlatformTestClassProcessor.java:99)
	at org.gradle.api.internal.tasks.testing.junitplatform.JUnitPlatformTestClassProcessor$CollectAllTestClassesExecutor.access$000(JUnitPlatformTestClassProcessor.java:79)
	at org.gradle.api.internal.tasks.testing.junitplatform.JUnitPlatformTestClassProcessor.stop(JUnitPlatformTestClassProcessor.java:75)
	at org.gradle.api.internal.tasks.testing.SuiteTestClassProcessor.stop(SuiteTestClassProcessor.java:62)
	at java.base@11.0.18/jdk.internal.reflect.NativeMethodAccessorImpl.invoke0(Native Method)
	at java.base@11.0.18/jdk.internal.reflect.NativeMethodAccessorImpl.invoke(NativeMethodAccessorImpl.java:62)
	at java.base@11.0.18/jdk.internal.reflect.DelegatingMethodAccessorImpl.invoke(DelegatingMethodAccessorImpl.java:43)
	at java.base@11.0.18/java.lang.reflect.Method.invoke(Method.java:566)
	at org.gradle.internal.dispatch.ReflectionDispatch.dispatch(ReflectionDispatch.java:36)
	at org.gradle.internal.dispatch.ReflectionDispatch.dispatch(ReflectionDispatch.java:24)
	at org.gradle.internal.dispatch.ContextClassLoaderDispatch.dispatch(ContextClassLoaderDispatch.java:33)
	at org.gradle.internal.dispatch.ProxyDispatchAdapter$DispatchingInvocationHandler.invoke(ProxyDispatchAdapter.java:94)
	at com.sun.proxy.$Proxy2.stop(Unknown Source)
	at org.gradle.api.internal.tasks.testing.worker.TestWorker$3.run(TestWorker.java:193)
	at org.gradle.api.internal.tasks.testing.worker.TestWorker.executeAndMaintainThreadName(TestWorker.java:129)
	at org.gradle.api.internal.tasks.testing.worker.TestWorker.execute(TestWorker.java:100)
	at org.gradle.api.internal.tasks.testing.worker.TestWorker.execute(TestWorker.java:60)
	at org.gradle.process.internal.worker.child.ActionExecutionWorker.execute(ActionExecutionWorker.java:56)
	at org.gradle.process.internal.worker.child.SystemApplicationClassLoaderWorker.call(SystemApplicationClassLoaderWorker.java:113)
	at org.gradle.process.internal.worker.child.SystemApplicationClassLoaderWorker.call(SystemApplicationClassLoaderWorker.java:65)
	at app//worker.org.gradle.process.internal.worker.GradleWorkerMain.run(GradleWorkerMain.java:69)
	at app//worker.org.gradle.process.internal.worker.GradleWorkerMain.main(GradleWorkerMain.java:74)
</failure>
  </testcase>
  <testcase name="NewObjects_nomacro" classname="de.uka.ilkd.key.proof.runallproofs.RunAllProofsInfFlow" time="1.209">
    <failure message="org.opentest4j.AssertionFailedError: Executed process terminated with non-zero exit value. ==&gt; expected: &lt;0&gt; but was: &lt;1&gt;" type="org.opentest4j.AssertionFailedError">org.opentest4j.AssertionFailedError: Executed process terminated with non-zero exit value. ==&gt; expected: &lt;0&gt; but was: &lt;1&gt;
	at app//org.junit.jupiter.api.AssertionUtils.fail(AssertionUtils.java:55)
	at app//org.junit.jupiter.api.AssertionUtils.failNotEqual(AssertionUtils.java:62)
	at app//org.junit.jupiter.api.AssertEquals.assertEquals(AssertEquals.java:150)
	at app//org.junit.jupiter.api.Assertions.assertEquals(Assertions.java:559)
	at app//de.uka.ilkd.key.proof.runallproofs.proofcollection.ForkedTestFileRunner.processTestFiles(ForkedTestFileRunner.java:129)
	at app//de.uka.ilkd.key.proof.runallproofs.RunAllProofsTestUnit.runTest(RunAllProofsTestUnit.java:85)
	at app//de.uka.ilkd.key.proof.runallproofs.RunAllProofsTest.lambda$data$0(RunAllProofsTest.java:83)
	at app//org.junit.jupiter.engine.descriptor.DynamicTestTestDescriptor.lambda$execute$0(DynamicTestTestDescriptor.java:53)
	at app//org.junit.jupiter.engine.execution.InvocationInterceptorChain$ValidatingInvocation.proceed(InvocationInterceptorChain.java:131)
	at app//org.junit.jupiter.api.extension.InvocationInterceptor.interceptDynamicTest(InvocationInterceptor.java:167)
	at app//org.junit.jupiter.api.extension.InvocationInterceptor.interceptDynamicTest(InvocationInterceptor.java:184)
	at app//org.junit.jupiter.engine.descriptor.DynamicTestTestDescriptor.lambda$execute$1(DynamicTestTestDescriptor.java:61)
	at app//org.junit.jupiter.engine.execution.InvocationInterceptorChain$InterceptorCall.lambda$ofVoid$0(InvocationInterceptorChain.java:78)
	at app//org.junit.jupiter.engine.execution.InvocationInterceptorChain$InterceptedInvocation.proceed(InvocationInterceptorChain.java:106)
	at app//org.junit.jupiter.engine.execution.InvocationInterceptorChain.proceed(InvocationInterceptorChain.java:64)
	at app//org.junit.jupiter.engine.execution.InvocationInterceptorChain.chainAndInvoke(InvocationInterceptorChain.java:45)
	at app//org.junit.jupiter.engine.execution.InvocationInterceptorChain.invoke(InvocationInterceptorChain.java:37)
	at app//org.junit.jupiter.engine.descriptor.DynamicTestTestDescriptor.execute(DynamicTestTestDescriptor.java:60)
	at app//org.junit.jupiter.engine.descriptor.DynamicTestTestDescriptor.execute(DynamicTestTestDescriptor.java:32)
	at app//org.junit.platform.engine.support.hierarchical.NodeTestTask.lambda$executeRecursively$6(NodeTestTask.java:151)
	at app//org.junit.platform.engine.support.hierarchical.ThrowableCollector.execute(ThrowableCollector.java:73)
	at app//org.junit.platform.engine.support.hierarchical.NodeTestTask.lambda$executeRecursively$8(NodeTestTask.java:141)
	at app//org.junit.platform.engine.support.hierarchical.Node.around(Node.java:137)
	at app//org.junit.platform.engine.support.hierarchical.NodeTestTask.lambda$executeRecursively$9(NodeTestTask.java:139)
	at app//org.junit.platform.engine.support.hierarchical.ThrowableCollector.execute(ThrowableCollector.java:73)
	at app//org.junit.platform.engine.support.hierarchical.NodeTestTask.executeRecursively(NodeTestTask.java:138)
	at app//org.junit.platform.engine.support.hierarchical.NodeTestTask.execute(NodeTestTask.java:95)
	at app//org.junit.platform.engine.support.hierarchical.SameThreadHierarchicalTestExecutorService.submit(SameThreadHierarchicalTestExecutorService.java:35)
	at app//org.junit.platform.engine.support.hierarchical.NodeTestTask$DefaultDynamicTestExecutor.execute(NodeTestTask.java:226)
	at app//org.junit.platform.engine.support.hierarchical.NodeTestTask$DefaultDynamicTestExecutor.execute(NodeTestTask.java:204)
	at java.base@11.0.18/java.util.Optional.ifPresent(Optional.java:183)
	at app//org.junit.jupiter.engine.descriptor.TestFactoryTestDescriptor.lambda$invokeTestMethod$1(TestFactoryTestDescriptor.java:108)
	at app//org.junit.platform.engine.support.hierarchical.ThrowableCollector.execute(ThrowableCollector.java:73)
	at app//org.junit.jupiter.engine.descriptor.TestFactoryTestDescriptor.invokeTestMethod(TestFactoryTestDescriptor.java:95)
	at app//org.junit.jupiter.engine.descriptor.TestMethodTestDescriptor.execute(TestMethodTestDescriptor.java:135)
	at app//org.junit.jupiter.engine.descriptor.TestMethodTestDescriptor.execute(TestMethodTestDescriptor.java:66)
	at app//org.junit.platform.engine.support.hierarchical.NodeTestTask.lambda$executeRecursively$6(NodeTestTask.java:151)
	at app//org.junit.platform.engine.support.hierarchical.ThrowableCollector.execute(ThrowableCollector.java:73)
	at app//org.junit.platform.engine.support.hierarchical.NodeTestTask.lambda$executeRecursively$8(NodeTestTask.java:141)
	at app//org.junit.platform.engine.support.hierarchical.Node.around(Node.java:137)
	at app//org.junit.platform.engine.support.hierarchical.NodeTestTask.lambda$executeRecursively$9(NodeTestTask.java:139)
	at app//org.junit.platform.engine.support.hierarchical.ThrowableCollector.execute(ThrowableCollector.java:73)
	at app//org.junit.platform.engine.support.hierarchical.NodeTestTask.executeRecursively(NodeTestTask.java:138)
	at app//org.junit.platform.engine.support.hierarchical.NodeTestTask.execute(NodeTestTask.java:95)
	at java.base@11.0.18/java.util.ArrayList.forEach(ArrayList.java:1541)
	at app//org.junit.platform.engine.support.hierarchical.SameThreadHierarchicalTestExecutorService.invokeAll(SameThreadHierarchicalTestExecutorService.java:41)
	at app//org.junit.platform.engine.support.hierarchical.NodeTestTask.lambda$executeRecursively$6(NodeTestTask.java:155)
	at app//org.junit.platform.engine.support.hierarchical.ThrowableCollector.execute(ThrowableCollector.java:73)
	at app//org.junit.platform.engine.support.hierarchical.NodeTestTask.lambda$executeRecursively$8(NodeTestTask.java:141)
	at app//org.junit.platform.engine.support.hierarchical.Node.around(Node.java:137)
	at app//org.junit.platform.engine.support.hierarchical.NodeTestTask.lambda$executeRecursively$9(NodeTestTask.java:139)
	at app//org.junit.platform.engine.support.hierarchical.ThrowableCollector.execute(ThrowableCollector.java:73)
	at app//org.junit.platform.engine.support.hierarchical.NodeTestTask.executeRecursively(NodeTestTask.java:138)
	at app//org.junit.platform.engine.support.hierarchical.NodeTestTask.execute(NodeTestTask.java:95)
	at java.base@11.0.18/java.util.ArrayList.forEach(ArrayList.java:1541)
	at app//org.junit.platform.engine.support.hierarchical.SameThreadHierarchicalTestExecutorService.invokeAll(SameThreadHierarchicalTestExecutorService.java:41)
	at app//org.junit.platform.engine.support.hierarchical.NodeTestTask.lambda$executeRecursively$6(NodeTestTask.java:155)
	at app//org.junit.platform.engine.support.hierarchical.ThrowableCollector.execute(ThrowableCollector.java:73)
	at app//org.junit.platform.engine.support.hierarchical.NodeTestTask.lambda$executeRecursively$8(NodeTestTask.java:141)
	at app//org.junit.platform.engine.support.hierarchical.Node.around(Node.java:137)
	at app//org.junit.platform.engine.support.hierarchical.NodeTestTask.lambda$executeRecursively$9(NodeTestTask.java:139)
	at app//org.junit.platform.engine.support.hierarchical.ThrowableCollector.execute(ThrowableCollector.java:73)
	at app//org.junit.platform.engine.support.hierarchical.NodeTestTask.executeRecursively(NodeTestTask.java:138)
	at app//org.junit.platform.engine.support.hierarchical.NodeTestTask.execute(NodeTestTask.java:95)
	at app//org.junit.platform.engine.support.hierarchical.SameThreadHierarchicalTestExecutorService.submit(SameThreadHierarchicalTestExecutorService.java:35)
	at app//org.junit.platform.engine.support.hierarchical.HierarchicalTestExecutor.execute(HierarchicalTestExecutor.java:57)
	at app//org.junit.platform.engine.support.hierarchical.HierarchicalTestEngine.execute(HierarchicalTestEngine.java:54)
	at org.junit.platform.launcher.core.EngineExecutionOrchestrator.execute(EngineExecutionOrchestrator.java:107)
	at org.junit.platform.launcher.core.EngineExecutionOrchestrator.execute(EngineExecutionOrchestrator.java:88)
	at org.junit.platform.launcher.core.EngineExecutionOrchestrator.lambda$execute$0(EngineExecutionOrchestrator.java:54)
	at org.junit.platform.launcher.core.EngineExecutionOrchestrator.withInterceptedStreams(EngineExecutionOrchestrator.java:67)
	at org.junit.platform.launcher.core.EngineExecutionOrchestrator.execute(EngineExecutionOrchestrator.java:52)
	at org.junit.platform.launcher.core.DefaultLauncher.execute(DefaultLauncher.java:114)
	at org.junit.platform.launcher.core.DefaultLauncher.execute(DefaultLauncher.java:86)
	at org.junit.platform.launcher.core.DefaultLauncherSession$DelegatingLauncher.execute(DefaultLauncherSession.java:86)
	at org.junit.platform.launcher.core.SessionPerRequestLauncher.execute(SessionPerRequestLauncher.java:53)
	at org.gradle.api.internal.tasks.testing.junitplatform.JUnitPlatformTestClassProcessor$CollectAllTestClassesExecutor.processAllTestClasses(JUnitPlatformTestClassProcessor.java:99)
	at org.gradle.api.internal.tasks.testing.junitplatform.JUnitPlatformTestClassProcessor$CollectAllTestClassesExecutor.access$000(JUnitPlatformTestClassProcessor.java:79)
	at org.gradle.api.internal.tasks.testing.junitplatform.JUnitPlatformTestClassProcessor.stop(JUnitPlatformTestClassProcessor.java:75)
	at org.gradle.api.internal.tasks.testing.SuiteTestClassProcessor.stop(SuiteTestClassProcessor.java:62)
	at java.base@11.0.18/jdk.internal.reflect.NativeMethodAccessorImpl.invoke0(Native Method)
	at java.base@11.0.18/jdk.internal.reflect.NativeMethodAccessorImpl.invoke(NativeMethodAccessorImpl.java:62)
	at java.base@11.0.18/jdk.internal.reflect.DelegatingMethodAccessorImpl.invoke(DelegatingMethodAccessorImpl.java:43)
	at java.base@11.0.18/java.lang.reflect.Method.invoke(Method.java:566)
	at org.gradle.internal.dispatch.ReflectionDispatch.dispatch(ReflectionDispatch.java:36)
	at org.gradle.internal.dispatch.ReflectionDispatch.dispatch(ReflectionDispatch.java:24)
	at org.gradle.internal.dispatch.ContextClassLoaderDispatch.dispatch(ContextClassLoaderDispatch.java:33)
	at org.gradle.internal.dispatch.ProxyDispatchAdapter$DispatchingInvocationHandler.invoke(ProxyDispatchAdapter.java:94)
	at com.sun.proxy.$Proxy2.stop(Unknown Source)
	at org.gradle.api.internal.tasks.testing.worker.TestWorker$3.run(TestWorker.java:193)
	at org.gradle.api.internal.tasks.testing.worker.TestWorker.executeAndMaintainThreadName(TestWorker.java:129)
	at org.gradle.api.internal.tasks.testing.worker.TestWorker.execute(TestWorker.java:100)
	at org.gradle.api.internal.tasks.testing.worker.TestWorker.execute(TestWorker.java:60)
	at org.gradle.process.internal.worker.child.ActionExecutionWorker.execute(ActionExecutionWorker.java:56)
	at org.gradle.process.internal.worker.child.SystemApplicationClassLoaderWorker.call(SystemApplicationClassLoaderWorker.java:113)
	at org.gradle.process.internal.worker.child.SystemApplicationClassLoaderWorker.call(SystemApplicationClassLoaderWorker.java:65)
	at app//worker.org.gradle.process.internal.worker.GradleWorkerMain.run(GradleWorkerMain.java:69)
	at app//worker.org.gradle.process.internal.worker.GradleWorkerMain.main(GradleWorkerMain.java:74)
</failure>
  </testcase>
  <testcase name="SimpleEvoting_nomacro" classname="de.uka.ilkd.key.proof.runallproofs.RunAllProofsInfFlow" time="1.031">
    <failure message="org.opentest4j.AssertionFailedError: Executed process terminated with non-zero exit value. ==&gt; expected: &lt;0&gt; but was: &lt;1&gt;" type="org.opentest4j.AssertionFailedError">org.opentest4j.AssertionFailedError: Executed process terminated with non-zero exit value. ==&gt; expected: &lt;0&gt; but was: &lt;1&gt;
	at app//org.junit.jupiter.api.AssertionUtils.fail(AssertionUtils.java:55)
	at app//org.junit.jupiter.api.AssertionUtils.failNotEqual(AssertionUtils.java:62)
	at app//org.junit.jupiter.api.AssertEquals.assertEquals(AssertEquals.java:150)
	at app//org.junit.jupiter.api.Assertions.assertEquals(Assertions.java:559)
	at app//de.uka.ilkd.key.proof.runallproofs.proofcollection.ForkedTestFileRunner.processTestFiles(ForkedTestFileRunner.java:129)
	at app//de.uka.ilkd.key.proof.runallproofs.RunAllProofsTestUnit.runTest(RunAllProofsTestUnit.java:85)
	at app//de.uka.ilkd.key.proof.runallproofs.RunAllProofsTest.lambda$data$0(RunAllProofsTest.java:83)
	at app//org.junit.jupiter.engine.descriptor.DynamicTestTestDescriptor.lambda$execute$0(DynamicTestTestDescriptor.java:53)
	at app//org.junit.jupiter.engine.execution.InvocationInterceptorChain$ValidatingInvocation.proceed(InvocationInterceptorChain.java:131)
	at app//org.junit.jupiter.api.extension.InvocationInterceptor.interceptDynamicTest(InvocationInterceptor.java:167)
	at app//org.junit.jupiter.api.extension.InvocationInterceptor.interceptDynamicTest(InvocationInterceptor.java:184)
	at app//org.junit.jupiter.engine.descriptor.DynamicTestTestDescriptor.lambda$execute$1(DynamicTestTestDescriptor.java:61)
	at app//org.junit.jupiter.engine.execution.InvocationInterceptorChain$InterceptorCall.lambda$ofVoid$0(InvocationInterceptorChain.java:78)
	at app//org.junit.jupiter.engine.execution.InvocationInterceptorChain$InterceptedInvocation.proceed(InvocationInterceptorChain.java:106)
	at app//org.junit.jupiter.engine.execution.InvocationInterceptorChain.proceed(InvocationInterceptorChain.java:64)
	at app//org.junit.jupiter.engine.execution.InvocationInterceptorChain.chainAndInvoke(InvocationInterceptorChain.java:45)
	at app//org.junit.jupiter.engine.execution.InvocationInterceptorChain.invoke(InvocationInterceptorChain.java:37)
	at app//org.junit.jupiter.engine.descriptor.DynamicTestTestDescriptor.execute(DynamicTestTestDescriptor.java:60)
	at app//org.junit.jupiter.engine.descriptor.DynamicTestTestDescriptor.execute(DynamicTestTestDescriptor.java:32)
	at app//org.junit.platform.engine.support.hierarchical.NodeTestTask.lambda$executeRecursively$6(NodeTestTask.java:151)
	at app//org.junit.platform.engine.support.hierarchical.ThrowableCollector.execute(ThrowableCollector.java:73)
	at app//org.junit.platform.engine.support.hierarchical.NodeTestTask.lambda$executeRecursively$8(NodeTestTask.java:141)
	at app//org.junit.platform.engine.support.hierarchical.Node.around(Node.java:137)
	at app//org.junit.platform.engine.support.hierarchical.NodeTestTask.lambda$executeRecursively$9(NodeTestTask.java:139)
	at app//org.junit.platform.engine.support.hierarchical.ThrowableCollector.execute(ThrowableCollector.java:73)
	at app//org.junit.platform.engine.support.hierarchical.NodeTestTask.executeRecursively(NodeTestTask.java:138)
	at app//org.junit.platform.engine.support.hierarchical.NodeTestTask.execute(NodeTestTask.java:95)
	at app//org.junit.platform.engine.support.hierarchical.SameThreadHierarchicalTestExecutorService.submit(SameThreadHierarchicalTestExecutorService.java:35)
	at app//org.junit.platform.engine.support.hierarchical.NodeTestTask$DefaultDynamicTestExecutor.execute(NodeTestTask.java:226)
	at app//org.junit.platform.engine.support.hierarchical.NodeTestTask$DefaultDynamicTestExecutor.execute(NodeTestTask.java:204)
	at java.base@11.0.18/java.util.Optional.ifPresent(Optional.java:183)
	at app//org.junit.jupiter.engine.descriptor.TestFactoryTestDescriptor.lambda$invokeTestMethod$1(TestFactoryTestDescriptor.java:108)
	at app//org.junit.platform.engine.support.hierarchical.ThrowableCollector.execute(ThrowableCollector.java:73)
	at app//org.junit.jupiter.engine.descriptor.TestFactoryTestDescriptor.invokeTestMethod(TestFactoryTestDescriptor.java:95)
	at app//org.junit.jupiter.engine.descriptor.TestMethodTestDescriptor.execute(TestMethodTestDescriptor.java:135)
	at app//org.junit.jupiter.engine.descriptor.TestMethodTestDescriptor.execute(TestMethodTestDescriptor.java:66)
	at app//org.junit.platform.engine.support.hierarchical.NodeTestTask.lambda$executeRecursively$6(NodeTestTask.java:151)
	at app//org.junit.platform.engine.support.hierarchical.ThrowableCollector.execute(ThrowableCollector.java:73)
	at app//org.junit.platform.engine.support.hierarchical.NodeTestTask.lambda$executeRecursively$8(NodeTestTask.java:141)
	at app//org.junit.platform.engine.support.hierarchical.Node.around(Node.java:137)
	at app//org.junit.platform.engine.support.hierarchical.NodeTestTask.lambda$executeRecursively$9(NodeTestTask.java:139)
	at app//org.junit.platform.engine.support.hierarchical.ThrowableCollector.execute(ThrowableCollector.java:73)
	at app//org.junit.platform.engine.support.hierarchical.NodeTestTask.executeRecursively(NodeTestTask.java:138)
	at app//org.junit.platform.engine.support.hierarchical.NodeTestTask.execute(NodeTestTask.java:95)
	at java.base@11.0.18/java.util.ArrayList.forEach(ArrayList.java:1541)
	at app//org.junit.platform.engine.support.hierarchical.SameThreadHierarchicalTestExecutorService.invokeAll(SameThreadHierarchicalTestExecutorService.java:41)
	at app//org.junit.platform.engine.support.hierarchical.NodeTestTask.lambda$executeRecursively$6(NodeTestTask.java:155)
	at app//org.junit.platform.engine.support.hierarchical.ThrowableCollector.execute(ThrowableCollector.java:73)
	at app//org.junit.platform.engine.support.hierarchical.NodeTestTask.lambda$executeRecursively$8(NodeTestTask.java:141)
	at app//org.junit.platform.engine.support.hierarchical.Node.around(Node.java:137)
	at app//org.junit.platform.engine.support.hierarchical.NodeTestTask.lambda$executeRecursively$9(NodeTestTask.java:139)
	at app//org.junit.platform.engine.support.hierarchical.ThrowableCollector.execute(ThrowableCollector.java:73)
	at app//org.junit.platform.engine.support.hierarchical.NodeTestTask.executeRecursively(NodeTestTask.java:138)
	at app//org.junit.platform.engine.support.hierarchical.NodeTestTask.execute(NodeTestTask.java:95)
	at java.base@11.0.18/java.util.ArrayList.forEach(ArrayList.java:1541)
	at app//org.junit.platform.engine.support.hierarchical.SameThreadHierarchicalTestExecutorService.invokeAll(SameThreadHierarchicalTestExecutorService.java:41)
	at app//org.junit.platform.engine.support.hierarchical.NodeTestTask.lambda$executeRecursively$6(NodeTestTask.java:155)
	at app//org.junit.platform.engine.support.hierarchical.ThrowableCollector.execute(ThrowableCollector.java:73)
	at app//org.junit.platform.engine.support.hierarchical.NodeTestTask.lambda$executeRecursively$8(NodeTestTask.java:141)
	at app//org.junit.platform.engine.support.hierarchical.Node.around(Node.java:137)
	at app//org.junit.platform.engine.support.hierarchical.NodeTestTask.lambda$executeRecursively$9(NodeTestTask.java:139)
	at app//org.junit.platform.engine.support.hierarchical.ThrowableCollector.execute(ThrowableCollector.java:73)
	at app//org.junit.platform.engine.support.hierarchical.NodeTestTask.executeRecursively(NodeTestTask.java:138)
	at app//org.junit.platform.engine.support.hierarchical.NodeTestTask.execute(NodeTestTask.java:95)
	at app//org.junit.platform.engine.support.hierarchical.SameThreadHierarchicalTestExecutorService.submit(SameThreadHierarchicalTestExecutorService.java:35)
	at app//org.junit.platform.engine.support.hierarchical.HierarchicalTestExecutor.execute(HierarchicalTestExecutor.java:57)
	at app//org.junit.platform.engine.support.hierarchical.HierarchicalTestEngine.execute(HierarchicalTestEngine.java:54)
	at org.junit.platform.launcher.core.EngineExecutionOrchestrator.execute(EngineExecutionOrchestrator.java:107)
	at org.junit.platform.launcher.core.EngineExecutionOrchestrator.execute(EngineExecutionOrchestrator.java:88)
	at org.junit.platform.launcher.core.EngineExecutionOrchestrator.lambda$execute$0(EngineExecutionOrchestrator.java:54)
	at org.junit.platform.launcher.core.EngineExecutionOrchestrator.withInterceptedStreams(EngineExecutionOrchestrator.java:67)
	at org.junit.platform.launcher.core.EngineExecutionOrchestrator.execute(EngineExecutionOrchestrator.java:52)
	at org.junit.platform.launcher.core.DefaultLauncher.execute(DefaultLauncher.java:114)
	at org.junit.platform.launcher.core.DefaultLauncher.execute(DefaultLauncher.java:86)
	at org.junit.platform.launcher.core.DefaultLauncherSession$DelegatingLauncher.execute(DefaultLauncherSession.java:86)
	at org.junit.platform.launcher.core.SessionPerRequestLauncher.execute(SessionPerRequestLauncher.java:53)
	at org.gradle.api.internal.tasks.testing.junitplatform.JUnitPlatformTestClassProcessor$CollectAllTestClassesExecutor.processAllTestClasses(JUnitPlatformTestClassProcessor.java:99)
	at org.gradle.api.internal.tasks.testing.junitplatform.JUnitPlatformTestClassProcessor$CollectAllTestClassesExecutor.access$000(JUnitPlatformTestClassProcessor.java:79)
	at org.gradle.api.internal.tasks.testing.junitplatform.JUnitPlatformTestClassProcessor.stop(JUnitPlatformTestClassProcessor.java:75)
	at org.gradle.api.internal.tasks.testing.SuiteTestClassProcessor.stop(SuiteTestClassProcessor.java:62)
	at java.base@11.0.18/jdk.internal.reflect.NativeMethodAccessorImpl.invoke0(Native Method)
	at java.base@11.0.18/jdk.internal.reflect.NativeMethodAccessorImpl.invoke(NativeMethodAccessorImpl.java:62)
	at java.base@11.0.18/jdk.internal.reflect.DelegatingMethodAccessorImpl.invoke(DelegatingMethodAccessorImpl.java:43)
	at java.base@11.0.18/java.lang.reflect.Method.invoke(Method.java:566)
	at org.gradle.internal.dispatch.ReflectionDispatch.dispatch(ReflectionDispatch.java:36)
	at org.gradle.internal.dispatch.ReflectionDispatch.dispatch(ReflectionDispatch.java:24)
	at org.gradle.internal.dispatch.ContextClassLoaderDispatch.dispatch(ContextClassLoaderDispatch.java:33)
	at org.gradle.internal.dispatch.ProxyDispatchAdapter$DispatchingInvocationHandler.invoke(ProxyDispatchAdapter.java:94)
	at com.sun.proxy.$Proxy2.stop(Unknown Source)
	at org.gradle.api.internal.tasks.testing.worker.TestWorker$3.run(TestWorker.java:193)
	at org.gradle.api.internal.tasks.testing.worker.TestWorker.executeAndMaintainThreadName(TestWorker.java:129)
	at org.gradle.api.internal.tasks.testing.worker.TestWorker.execute(TestWorker.java:100)
	at org.gradle.api.internal.tasks.testing.worker.TestWorker.execute(TestWorker.java:60)
	at org.gradle.process.internal.worker.child.ActionExecutionWorker.execute(ActionExecutionWorker.java:56)
	at org.gradle.process.internal.worker.child.SystemApplicationClassLoaderWorker.call(SystemApplicationClassLoaderWorker.java:113)
	at org.gradle.process.internal.worker.child.SystemApplicationClassLoaderWorker.call(SystemApplicationClassLoaderWorker.java:65)
	at app//worker.org.gradle.process.internal.worker.GradleWorkerMain.run(GradleWorkerMain.java:69)
	at app//worker.org.gradle.process.internal.worker.GradleWorkerMain.main(GradleWorkerMain.java:74)
</failure>
  </testcase>
  <testcase name="ToyVoting_fullmacro" classname="de.uka.ilkd.key.proof.runallproofs.RunAllProofsInfFlow" time="1.015">
    <failure message="org.opentest4j.AssertionFailedError: Executed process terminated with non-zero exit value. ==&gt; expected: &lt;0&gt; but was: &lt;1&gt;" type="org.opentest4j.AssertionFailedError">org.opentest4j.AssertionFailedError: Executed process terminated with non-zero exit value. ==&gt; expected: &lt;0&gt; but was: &lt;1&gt;
	at app//org.junit.jupiter.api.AssertionUtils.fail(AssertionUtils.java:55)
	at app//org.junit.jupiter.api.AssertionUtils.failNotEqual(AssertionUtils.java:62)
	at app//org.junit.jupiter.api.AssertEquals.assertEquals(AssertEquals.java:150)
	at app//org.junit.jupiter.api.Assertions.assertEquals(Assertions.java:559)
	at app//de.uka.ilkd.key.proof.runallproofs.proofcollection.ForkedTestFileRunner.processTestFiles(ForkedTestFileRunner.java:129)
	at app//de.uka.ilkd.key.proof.runallproofs.RunAllProofsTestUnit.runTest(RunAllProofsTestUnit.java:85)
	at app//de.uka.ilkd.key.proof.runallproofs.RunAllProofsTest.lambda$data$0(RunAllProofsTest.java:83)
	at app//org.junit.jupiter.engine.descriptor.DynamicTestTestDescriptor.lambda$execute$0(DynamicTestTestDescriptor.java:53)
	at app//org.junit.jupiter.engine.execution.InvocationInterceptorChain$ValidatingInvocation.proceed(InvocationInterceptorChain.java:131)
	at app//org.junit.jupiter.api.extension.InvocationInterceptor.interceptDynamicTest(InvocationInterceptor.java:167)
	at app//org.junit.jupiter.api.extension.InvocationInterceptor.interceptDynamicTest(InvocationInterceptor.java:184)
	at app//org.junit.jupiter.engine.descriptor.DynamicTestTestDescriptor.lambda$execute$1(DynamicTestTestDescriptor.java:61)
	at app//org.junit.jupiter.engine.execution.InvocationInterceptorChain$InterceptorCall.lambda$ofVoid$0(InvocationInterceptorChain.java:78)
	at app//org.junit.jupiter.engine.execution.InvocationInterceptorChain$InterceptedInvocation.proceed(InvocationInterceptorChain.java:106)
	at app//org.junit.jupiter.engine.execution.InvocationInterceptorChain.proceed(InvocationInterceptorChain.java:64)
	at app//org.junit.jupiter.engine.execution.InvocationInterceptorChain.chainAndInvoke(InvocationInterceptorChain.java:45)
	at app//org.junit.jupiter.engine.execution.InvocationInterceptorChain.invoke(InvocationInterceptorChain.java:37)
	at app//org.junit.jupiter.engine.descriptor.DynamicTestTestDescriptor.execute(DynamicTestTestDescriptor.java:60)
	at app//org.junit.jupiter.engine.descriptor.DynamicTestTestDescriptor.execute(DynamicTestTestDescriptor.java:32)
	at app//org.junit.platform.engine.support.hierarchical.NodeTestTask.lambda$executeRecursively$6(NodeTestTask.java:151)
	at app//org.junit.platform.engine.support.hierarchical.ThrowableCollector.execute(ThrowableCollector.java:73)
	at app//org.junit.platform.engine.support.hierarchical.NodeTestTask.lambda$executeRecursively$8(NodeTestTask.java:141)
	at app//org.junit.platform.engine.support.hierarchical.Node.around(Node.java:137)
	at app//org.junit.platform.engine.support.hierarchical.NodeTestTask.lambda$executeRecursively$9(NodeTestTask.java:139)
	at app//org.junit.platform.engine.support.hierarchical.ThrowableCollector.execute(ThrowableCollector.java:73)
	at app//org.junit.platform.engine.support.hierarchical.NodeTestTask.executeRecursively(NodeTestTask.java:138)
	at app//org.junit.platform.engine.support.hierarchical.NodeTestTask.execute(NodeTestTask.java:95)
	at app//org.junit.platform.engine.support.hierarchical.SameThreadHierarchicalTestExecutorService.submit(SameThreadHierarchicalTestExecutorService.java:35)
	at app//org.junit.platform.engine.support.hierarchical.NodeTestTask$DefaultDynamicTestExecutor.execute(NodeTestTask.java:226)
	at app//org.junit.platform.engine.support.hierarchical.NodeTestTask$DefaultDynamicTestExecutor.execute(NodeTestTask.java:204)
	at java.base@11.0.18/java.util.Optional.ifPresent(Optional.java:183)
	at app//org.junit.jupiter.engine.descriptor.TestFactoryTestDescriptor.lambda$invokeTestMethod$1(TestFactoryTestDescriptor.java:108)
	at app//org.junit.platform.engine.support.hierarchical.ThrowableCollector.execute(ThrowableCollector.java:73)
	at app//org.junit.jupiter.engine.descriptor.TestFactoryTestDescriptor.invokeTestMethod(TestFactoryTestDescriptor.java:95)
	at app//org.junit.jupiter.engine.descriptor.TestMethodTestDescriptor.execute(TestMethodTestDescriptor.java:135)
	at app//org.junit.jupiter.engine.descriptor.TestMethodTestDescriptor.execute(TestMethodTestDescriptor.java:66)
	at app//org.junit.platform.engine.support.hierarchical.NodeTestTask.lambda$executeRecursively$6(NodeTestTask.java:151)
	at app//org.junit.platform.engine.support.hierarchical.ThrowableCollector.execute(ThrowableCollector.java:73)
	at app//org.junit.platform.engine.support.hierarchical.NodeTestTask.lambda$executeRecursively$8(NodeTestTask.java:141)
	at app//org.junit.platform.engine.support.hierarchical.Node.around(Node.java:137)
	at app//org.junit.platform.engine.support.hierarchical.NodeTestTask.lambda$executeRecursively$9(NodeTestTask.java:139)
	at app//org.junit.platform.engine.support.hierarchical.ThrowableCollector.execute(ThrowableCollector.java:73)
	at app//org.junit.platform.engine.support.hierarchical.NodeTestTask.executeRecursively(NodeTestTask.java:138)
	at app//org.junit.platform.engine.support.hierarchical.NodeTestTask.execute(NodeTestTask.java:95)
	at java.base@11.0.18/java.util.ArrayList.forEach(ArrayList.java:1541)
	at app//org.junit.platform.engine.support.hierarchical.SameThreadHierarchicalTestExecutorService.invokeAll(SameThreadHierarchicalTestExecutorService.java:41)
	at app//org.junit.platform.engine.support.hierarchical.NodeTestTask.lambda$executeRecursively$6(NodeTestTask.java:155)
	at app//org.junit.platform.engine.support.hierarchical.ThrowableCollector.execute(ThrowableCollector.java:73)
	at app//org.junit.platform.engine.support.hierarchical.NodeTestTask.lambda$executeRecursively$8(NodeTestTask.java:141)
	at app//org.junit.platform.engine.support.hierarchical.Node.around(Node.java:137)
	at app//org.junit.platform.engine.support.hierarchical.NodeTestTask.lambda$executeRecursively$9(NodeTestTask.java:139)
	at app//org.junit.platform.engine.support.hierarchical.ThrowableCollector.execute(ThrowableCollector.java:73)
	at app//org.junit.platform.engine.support.hierarchical.NodeTestTask.executeRecursively(NodeTestTask.java:138)
	at app//org.junit.platform.engine.support.hierarchical.NodeTestTask.execute(NodeTestTask.java:95)
	at java.base@11.0.18/java.util.ArrayList.forEach(ArrayList.java:1541)
	at app//org.junit.platform.engine.support.hierarchical.SameThreadHierarchicalTestExecutorService.invokeAll(SameThreadHierarchicalTestExecutorService.java:41)
	at app//org.junit.platform.engine.support.hierarchical.NodeTestTask.lambda$executeRecursively$6(NodeTestTask.java:155)
	at app//org.junit.platform.engine.support.hierarchical.ThrowableCollector.execute(ThrowableCollector.java:73)
	at app//org.junit.platform.engine.support.hierarchical.NodeTestTask.lambda$executeRecursively$8(NodeTestTask.java:141)
	at app//org.junit.platform.engine.support.hierarchical.Node.around(Node.java:137)
	at app//org.junit.platform.engine.support.hierarchical.NodeTestTask.lambda$executeRecursively$9(NodeTestTask.java:139)
	at app//org.junit.platform.engine.support.hierarchical.ThrowableCollector.execute(ThrowableCollector.java:73)
	at app//org.junit.platform.engine.support.hierarchical.NodeTestTask.executeRecursively(NodeTestTask.java:138)
	at app//org.junit.platform.engine.support.hierarchical.NodeTestTask.execute(NodeTestTask.java:95)
	at app//org.junit.platform.engine.support.hierarchical.SameThreadHierarchicalTestExecutorService.submit(SameThreadHierarchicalTestExecutorService.java:35)
	at app//org.junit.platform.engine.support.hierarchical.HierarchicalTestExecutor.execute(HierarchicalTestExecutor.java:57)
	at app//org.junit.platform.engine.support.hierarchical.HierarchicalTestEngine.execute(HierarchicalTestEngine.java:54)
	at org.junit.platform.launcher.core.EngineExecutionOrchestrator.execute(EngineExecutionOrchestrator.java:107)
	at org.junit.platform.launcher.core.EngineExecutionOrchestrator.execute(EngineExecutionOrchestrator.java:88)
	at org.junit.platform.launcher.core.EngineExecutionOrchestrator.lambda$execute$0(EngineExecutionOrchestrator.java:54)
	at org.junit.platform.launcher.core.EngineExecutionOrchestrator.withInterceptedStreams(EngineExecutionOrchestrator.java:67)
	at org.junit.platform.launcher.core.EngineExecutionOrchestrator.execute(EngineExecutionOrchestrator.java:52)
	at org.junit.platform.launcher.core.DefaultLauncher.execute(DefaultLauncher.java:114)
	at org.junit.platform.launcher.core.DefaultLauncher.execute(DefaultLauncher.java:86)
	at org.junit.platform.launcher.core.DefaultLauncherSession$DelegatingLauncher.execute(DefaultLauncherSession.java:86)
	at org.junit.platform.launcher.core.SessionPerRequestLauncher.execute(SessionPerRequestLauncher.java:53)
	at org.gradle.api.internal.tasks.testing.junitplatform.JUnitPlatformTestClassProcessor$CollectAllTestClassesExecutor.processAllTestClasses(JUnitPlatformTestClassProcessor.java:99)
	at org.gradle.api.internal.tasks.testing.junitplatform.JUnitPlatformTestClassProcessor$CollectAllTestClassesExecutor.access$000(JUnitPlatformTestClassProcessor.java:79)
	at org.gradle.api.internal.tasks.testing.junitplatform.JUnitPlatformTestClassProcessor.stop(JUnitPlatformTestClassProcessor.java:75)
	at org.gradle.api.internal.tasks.testing.SuiteTestClassProcessor.stop(SuiteTestClassProcessor.java:62)
	at java.base@11.0.18/jdk.internal.reflect.NativeMethodAccessorImpl.invoke0(Native Method)
	at java.base@11.0.18/jdk.internal.reflect.NativeMethodAccessorImpl.invoke(NativeMethodAccessorImpl.java:62)
	at java.base@11.0.18/jdk.internal.reflect.DelegatingMethodAccessorImpl.invoke(DelegatingMethodAccessorImpl.java:43)
	at java.base@11.0.18/java.lang.reflect.Method.invoke(Method.java:566)
	at org.gradle.internal.dispatch.ReflectionDispatch.dispatch(ReflectionDispatch.java:36)
	at org.gradle.internal.dispatch.ReflectionDispatch.dispatch(ReflectionDispatch.java:24)
	at org.gradle.internal.dispatch.ContextClassLoaderDispatch.dispatch(ContextClassLoaderDispatch.java:33)
	at org.gradle.internal.dispatch.ProxyDispatchAdapter$DispatchingInvocationHandler.invoke(ProxyDispatchAdapter.java:94)
	at com.sun.proxy.$Proxy2.stop(Unknown Source)
	at org.gradle.api.internal.tasks.testing.worker.TestWorker$3.run(TestWorker.java:193)
	at org.gradle.api.internal.tasks.testing.worker.TestWorker.executeAndMaintainThreadName(TestWorker.java:129)
	at org.gradle.api.internal.tasks.testing.worker.TestWorker.execute(TestWorker.java:100)
	at org.gradle.api.internal.tasks.testing.worker.TestWorker.execute(TestWorker.java:60)
	at org.gradle.process.internal.worker.child.ActionExecutionWorker.execute(ActionExecutionWorker.java:56)
	at org.gradle.process.internal.worker.child.SystemApplicationClassLoaderWorker.call(SystemApplicationClassLoaderWorker.java:113)
	at org.gradle.process.internal.worker.child.SystemApplicationClassLoaderWorker.call(SystemApplicationClassLoaderWorker.java:65)
	at app//worker.org.gradle.process.internal.worker.GradleWorkerMain.run(GradleWorkerMain.java:69)
	at app//worker.org.gradle.process.internal.worker.GradleWorkerMain.main(GradleWorkerMain.java:74)
</failure>
  </testcase>
  <testcase name="SumExample_fullmacro" classname="de.uka.ilkd.key.proof.runallproofs.RunAllProofsInfFlow" time="0.954">
    <failure message="org.opentest4j.AssertionFailedError: Executed process terminated with non-zero exit value. ==&gt; expected: &lt;0&gt; but was: &lt;1&gt;" type="org.opentest4j.AssertionFailedError">org.opentest4j.AssertionFailedError: Executed process terminated with non-zero exit value. ==&gt; expected: &lt;0&gt; but was: &lt;1&gt;
	at app//org.junit.jupiter.api.AssertionUtils.fail(AssertionUtils.java:55)
	at app//org.junit.jupiter.api.AssertionUtils.failNotEqual(AssertionUtils.java:62)
	at app//org.junit.jupiter.api.AssertEquals.assertEquals(AssertEquals.java:150)
	at app//org.junit.jupiter.api.Assertions.assertEquals(Assertions.java:559)
	at app//de.uka.ilkd.key.proof.runallproofs.proofcollection.ForkedTestFileRunner.processTestFiles(ForkedTestFileRunner.java:129)
	at app//de.uka.ilkd.key.proof.runallproofs.RunAllProofsTestUnit.runTest(RunAllProofsTestUnit.java:85)
	at app//de.uka.ilkd.key.proof.runallproofs.RunAllProofsTest.lambda$data$0(RunAllProofsTest.java:83)
	at app//org.junit.jupiter.engine.descriptor.DynamicTestTestDescriptor.lambda$execute$0(DynamicTestTestDescriptor.java:53)
	at app//org.junit.jupiter.engine.execution.InvocationInterceptorChain$ValidatingInvocation.proceed(InvocationInterceptorChain.java:131)
	at app//org.junit.jupiter.api.extension.InvocationInterceptor.interceptDynamicTest(InvocationInterceptor.java:167)
	at app//org.junit.jupiter.api.extension.InvocationInterceptor.interceptDynamicTest(InvocationInterceptor.java:184)
	at app//org.junit.jupiter.engine.descriptor.DynamicTestTestDescriptor.lambda$execute$1(DynamicTestTestDescriptor.java:61)
	at app//org.junit.jupiter.engine.execution.InvocationInterceptorChain$InterceptorCall.lambda$ofVoid$0(InvocationInterceptorChain.java:78)
	at app//org.junit.jupiter.engine.execution.InvocationInterceptorChain$InterceptedInvocation.proceed(InvocationInterceptorChain.java:106)
	at app//org.junit.jupiter.engine.execution.InvocationInterceptorChain.proceed(InvocationInterceptorChain.java:64)
	at app//org.junit.jupiter.engine.execution.InvocationInterceptorChain.chainAndInvoke(InvocationInterceptorChain.java:45)
	at app//org.junit.jupiter.engine.execution.InvocationInterceptorChain.invoke(InvocationInterceptorChain.java:37)
	at app//org.junit.jupiter.engine.descriptor.DynamicTestTestDescriptor.execute(DynamicTestTestDescriptor.java:60)
	at app//org.junit.jupiter.engine.descriptor.DynamicTestTestDescriptor.execute(DynamicTestTestDescriptor.java:32)
	at app//org.junit.platform.engine.support.hierarchical.NodeTestTask.lambda$executeRecursively$6(NodeTestTask.java:151)
	at app//org.junit.platform.engine.support.hierarchical.ThrowableCollector.execute(ThrowableCollector.java:73)
	at app//org.junit.platform.engine.support.hierarchical.NodeTestTask.lambda$executeRecursively$8(NodeTestTask.java:141)
	at app//org.junit.platform.engine.support.hierarchical.Node.around(Node.java:137)
	at app//org.junit.platform.engine.support.hierarchical.NodeTestTask.lambda$executeRecursively$9(NodeTestTask.java:139)
	at app//org.junit.platform.engine.support.hierarchical.ThrowableCollector.execute(ThrowableCollector.java:73)
	at app//org.junit.platform.engine.support.hierarchical.NodeTestTask.executeRecursively(NodeTestTask.java:138)
	at app//org.junit.platform.engine.support.hierarchical.NodeTestTask.execute(NodeTestTask.java:95)
	at app//org.junit.platform.engine.support.hierarchical.SameThreadHierarchicalTestExecutorService.submit(SameThreadHierarchicalTestExecutorService.java:35)
	at app//org.junit.platform.engine.support.hierarchical.NodeTestTask$DefaultDynamicTestExecutor.execute(NodeTestTask.java:226)
	at app//org.junit.platform.engine.support.hierarchical.NodeTestTask$DefaultDynamicTestExecutor.execute(NodeTestTask.java:204)
	at java.base@11.0.18/java.util.Optional.ifPresent(Optional.java:183)
	at app//org.junit.jupiter.engine.descriptor.TestFactoryTestDescriptor.lambda$invokeTestMethod$1(TestFactoryTestDescriptor.java:108)
	at app//org.junit.platform.engine.support.hierarchical.ThrowableCollector.execute(ThrowableCollector.java:73)
	at app//org.junit.jupiter.engine.descriptor.TestFactoryTestDescriptor.invokeTestMethod(TestFactoryTestDescriptor.java:95)
	at app//org.junit.jupiter.engine.descriptor.TestMethodTestDescriptor.execute(TestMethodTestDescriptor.java:135)
	at app//org.junit.jupiter.engine.descriptor.TestMethodTestDescriptor.execute(TestMethodTestDescriptor.java:66)
	at app//org.junit.platform.engine.support.hierarchical.NodeTestTask.lambda$executeRecursively$6(NodeTestTask.java:151)
	at app//org.junit.platform.engine.support.hierarchical.ThrowableCollector.execute(ThrowableCollector.java:73)
	at app//org.junit.platform.engine.support.hierarchical.NodeTestTask.lambda$executeRecursively$8(NodeTestTask.java:141)
	at app//org.junit.platform.engine.support.hierarchical.Node.around(Node.java:137)
	at app//org.junit.platform.engine.support.hierarchical.NodeTestTask.lambda$executeRecursively$9(NodeTestTask.java:139)
	at app//org.junit.platform.engine.support.hierarchical.ThrowableCollector.execute(ThrowableCollector.java:73)
	at app//org.junit.platform.engine.support.hierarchical.NodeTestTask.executeRecursively(NodeTestTask.java:138)
	at app//org.junit.platform.engine.support.hierarchical.NodeTestTask.execute(NodeTestTask.java:95)
	at java.base@11.0.18/java.util.ArrayList.forEach(ArrayList.java:1541)
	at app//org.junit.platform.engine.support.hierarchical.SameThreadHierarchicalTestExecutorService.invokeAll(SameThreadHierarchicalTestExecutorService.java:41)
	at app//org.junit.platform.engine.support.hierarchical.NodeTestTask.lambda$executeRecursively$6(NodeTestTask.java:155)
	at app//org.junit.platform.engine.support.hierarchical.ThrowableCollector.execute(ThrowableCollector.java:73)
	at app//org.junit.platform.engine.support.hierarchical.NodeTestTask.lambda$executeRecursively$8(NodeTestTask.java:141)
	at app//org.junit.platform.engine.support.hierarchical.Node.around(Node.java:137)
	at app//org.junit.platform.engine.support.hierarchical.NodeTestTask.lambda$executeRecursively$9(NodeTestTask.java:139)
	at app//org.junit.platform.engine.support.hierarchical.ThrowableCollector.execute(ThrowableCollector.java:73)
	at app//org.junit.platform.engine.support.hierarchical.NodeTestTask.executeRecursively(NodeTestTask.java:138)
	at app//org.junit.platform.engine.support.hierarchical.NodeTestTask.execute(NodeTestTask.java:95)
	at java.base@11.0.18/java.util.ArrayList.forEach(ArrayList.java:1541)
	at app//org.junit.platform.engine.support.hierarchical.SameThreadHierarchicalTestExecutorService.invokeAll(SameThreadHierarchicalTestExecutorService.java:41)
	at app//org.junit.platform.engine.support.hierarchical.NodeTestTask.lambda$executeRecursively$6(NodeTestTask.java:155)
	at app//org.junit.platform.engine.support.hierarchical.ThrowableCollector.execute(ThrowableCollector.java:73)
	at app//org.junit.platform.engine.support.hierarchical.NodeTestTask.lambda$executeRecursively$8(NodeTestTask.java:141)
	at app//org.junit.platform.engine.support.hierarchical.Node.around(Node.java:137)
	at app//org.junit.platform.engine.support.hierarchical.NodeTestTask.lambda$executeRecursively$9(NodeTestTask.java:139)
	at app//org.junit.platform.engine.support.hierarchical.ThrowableCollector.execute(ThrowableCollector.java:73)
	at app//org.junit.platform.engine.support.hierarchical.NodeTestTask.executeRecursively(NodeTestTask.java:138)
	at app//org.junit.platform.engine.support.hierarchical.NodeTestTask.execute(NodeTestTask.java:95)
	at app//org.junit.platform.engine.support.hierarchical.SameThreadHierarchicalTestExecutorService.submit(SameThreadHierarchicalTestExecutorService.java:35)
	at app//org.junit.platform.engine.support.hierarchical.HierarchicalTestExecutor.execute(HierarchicalTestExecutor.java:57)
	at app//org.junit.platform.engine.support.hierarchical.HierarchicalTestEngine.execute(HierarchicalTestEngine.java:54)
	at org.junit.platform.launcher.core.EngineExecutionOrchestrator.execute(EngineExecutionOrchestrator.java:107)
	at org.junit.platform.launcher.core.EngineExecutionOrchestrator.execute(EngineExecutionOrchestrator.java:88)
	at org.junit.platform.launcher.core.EngineExecutionOrchestrator.lambda$execute$0(EngineExecutionOrchestrator.java:54)
	at org.junit.platform.launcher.core.EngineExecutionOrchestrator.withInterceptedStreams(EngineExecutionOrchestrator.java:67)
	at org.junit.platform.launcher.core.EngineExecutionOrchestrator.execute(EngineExecutionOrchestrator.java:52)
	at org.junit.platform.launcher.core.DefaultLauncher.execute(DefaultLauncher.java:114)
	at org.junit.platform.launcher.core.DefaultLauncher.execute(DefaultLauncher.java:86)
	at org.junit.platform.launcher.core.DefaultLauncherSession$DelegatingLauncher.execute(DefaultLauncherSession.java:86)
	at org.junit.platform.launcher.core.SessionPerRequestLauncher.execute(SessionPerRequestLauncher.java:53)
	at org.gradle.api.internal.tasks.testing.junitplatform.JUnitPlatformTestClassProcessor$CollectAllTestClassesExecutor.processAllTestClasses(JUnitPlatformTestClassProcessor.java:99)
	at org.gradle.api.internal.tasks.testing.junitplatform.JUnitPlatformTestClassProcessor$CollectAllTestClassesExecutor.access$000(JUnitPlatformTestClassProcessor.java:79)
	at org.gradle.api.internal.tasks.testing.junitplatform.JUnitPlatformTestClassProcessor.stop(JUnitPlatformTestClassProcessor.java:75)
	at org.gradle.api.internal.tasks.testing.SuiteTestClassProcessor.stop(SuiteTestClassProcessor.java:62)
	at java.base@11.0.18/jdk.internal.reflect.NativeMethodAccessorImpl.invoke0(Native Method)
	at java.base@11.0.18/jdk.internal.reflect.NativeMethodAccessorImpl.invoke(NativeMethodAccessorImpl.java:62)
	at java.base@11.0.18/jdk.internal.reflect.DelegatingMethodAccessorImpl.invoke(DelegatingMethodAccessorImpl.java:43)
	at java.base@11.0.18/java.lang.reflect.Method.invoke(Method.java:566)
	at org.gradle.internal.dispatch.ReflectionDispatch.dispatch(ReflectionDispatch.java:36)
	at org.gradle.internal.dispatch.ReflectionDispatch.dispatch(ReflectionDispatch.java:24)
	at org.gradle.internal.dispatch.ContextClassLoaderDispatch.dispatch(ContextClassLoaderDispatch.java:33)
	at org.gradle.internal.dispatch.ProxyDispatchAdapter$DispatchingInvocationHandler.invoke(ProxyDispatchAdapter.java:94)
	at com.sun.proxy.$Proxy2.stop(Unknown Source)
	at org.gradle.api.internal.tasks.testing.worker.TestWorker$3.run(TestWorker.java:193)
	at org.gradle.api.internal.tasks.testing.worker.TestWorker.executeAndMaintainThreadName(TestWorker.java:129)
	at org.gradle.api.internal.tasks.testing.worker.TestWorker.execute(TestWorker.java:100)
	at org.gradle.api.internal.tasks.testing.worker.TestWorker.execute(TestWorker.java:60)
	at org.gradle.process.internal.worker.child.ActionExecutionWorker.execute(ActionExecutionWorker.java:56)
	at org.gradle.process.internal.worker.child.SystemApplicationClassLoaderWorker.call(SystemApplicationClassLoaderWorker.java:113)
	at org.gradle.process.internal.worker.child.SystemApplicationClassLoaderWorker.call(SystemApplicationClassLoaderWorker.java:65)
	at app//worker.org.gradle.process.internal.worker.GradleWorkerMain.run(GradleWorkerMain.java:69)
	at app//worker.org.gradle.process.internal.worker.GradleWorkerMain.main(GradleWorkerMain.java:74)
</failure>
  </testcase>
  <testcase name="ToyBanking_fullmacro" classname="de.uka.ilkd.key.proof.runallproofs.RunAllProofsInfFlow" time="1.091">
    <failure message="org.opentest4j.AssertionFailedError: Executed process terminated with non-zero exit value. ==&gt; expected: &lt;0&gt; but was: &lt;1&gt;" type="org.opentest4j.AssertionFailedError">org.opentest4j.AssertionFailedError: Executed process terminated with non-zero exit value. ==&gt; expected: &lt;0&gt; but was: &lt;1&gt;
	at app//org.junit.jupiter.api.AssertionUtils.fail(AssertionUtils.java:55)
	at app//org.junit.jupiter.api.AssertionUtils.failNotEqual(AssertionUtils.java:62)
	at app//org.junit.jupiter.api.AssertEquals.assertEquals(AssertEquals.java:150)
	at app//org.junit.jupiter.api.Assertions.assertEquals(Assertions.java:559)
	at app//de.uka.ilkd.key.proof.runallproofs.proofcollection.ForkedTestFileRunner.processTestFiles(ForkedTestFileRunner.java:129)
	at app//de.uka.ilkd.key.proof.runallproofs.RunAllProofsTestUnit.runTest(RunAllProofsTestUnit.java:85)
	at app//de.uka.ilkd.key.proof.runallproofs.RunAllProofsTest.lambda$data$0(RunAllProofsTest.java:83)
	at app//org.junit.jupiter.engine.descriptor.DynamicTestTestDescriptor.lambda$execute$0(DynamicTestTestDescriptor.java:53)
	at app//org.junit.jupiter.engine.execution.InvocationInterceptorChain$ValidatingInvocation.proceed(InvocationInterceptorChain.java:131)
	at app//org.junit.jupiter.api.extension.InvocationInterceptor.interceptDynamicTest(InvocationInterceptor.java:167)
	at app//org.junit.jupiter.api.extension.InvocationInterceptor.interceptDynamicTest(InvocationInterceptor.java:184)
	at app//org.junit.jupiter.engine.descriptor.DynamicTestTestDescriptor.lambda$execute$1(DynamicTestTestDescriptor.java:61)
	at app//org.junit.jupiter.engine.execution.InvocationInterceptorChain$InterceptorCall.lambda$ofVoid$0(InvocationInterceptorChain.java:78)
	at app//org.junit.jupiter.engine.execution.InvocationInterceptorChain$InterceptedInvocation.proceed(InvocationInterceptorChain.java:106)
	at app//org.junit.jupiter.engine.execution.InvocationInterceptorChain.proceed(InvocationInterceptorChain.java:64)
	at app//org.junit.jupiter.engine.execution.InvocationInterceptorChain.chainAndInvoke(InvocationInterceptorChain.java:45)
	at app//org.junit.jupiter.engine.execution.InvocationInterceptorChain.invoke(InvocationInterceptorChain.java:37)
	at app//org.junit.jupiter.engine.descriptor.DynamicTestTestDescriptor.execute(DynamicTestTestDescriptor.java:60)
	at app//org.junit.jupiter.engine.descriptor.DynamicTestTestDescriptor.execute(DynamicTestTestDescriptor.java:32)
	at app//org.junit.platform.engine.support.hierarchical.NodeTestTask.lambda$executeRecursively$6(NodeTestTask.java:151)
	at app//org.junit.platform.engine.support.hierarchical.ThrowableCollector.execute(ThrowableCollector.java:73)
	at app//org.junit.platform.engine.support.hierarchical.NodeTestTask.lambda$executeRecursively$8(NodeTestTask.java:141)
	at app//org.junit.platform.engine.support.hierarchical.Node.around(Node.java:137)
	at app//org.junit.platform.engine.support.hierarchical.NodeTestTask.lambda$executeRecursively$9(NodeTestTask.java:139)
	at app//org.junit.platform.engine.support.hierarchical.ThrowableCollector.execute(ThrowableCollector.java:73)
	at app//org.junit.platform.engine.support.hierarchical.NodeTestTask.executeRecursively(NodeTestTask.java:138)
	at app//org.junit.platform.engine.support.hierarchical.NodeTestTask.execute(NodeTestTask.java:95)
	at app//org.junit.platform.engine.support.hierarchical.SameThreadHierarchicalTestExecutorService.submit(SameThreadHierarchicalTestExecutorService.java:35)
	at app//org.junit.platform.engine.support.hierarchical.NodeTestTask$DefaultDynamicTestExecutor.execute(NodeTestTask.java:226)
	at app//org.junit.platform.engine.support.hierarchical.NodeTestTask$DefaultDynamicTestExecutor.execute(NodeTestTask.java:204)
	at java.base@11.0.18/java.util.Optional.ifPresent(Optional.java:183)
	at app//org.junit.jupiter.engine.descriptor.TestFactoryTestDescriptor.lambda$invokeTestMethod$1(TestFactoryTestDescriptor.java:108)
	at app//org.junit.platform.engine.support.hierarchical.ThrowableCollector.execute(ThrowableCollector.java:73)
	at app//org.junit.jupiter.engine.descriptor.TestFactoryTestDescriptor.invokeTestMethod(TestFactoryTestDescriptor.java:95)
	at app//org.junit.jupiter.engine.descriptor.TestMethodTestDescriptor.execute(TestMethodTestDescriptor.java:135)
	at app//org.junit.jupiter.engine.descriptor.TestMethodTestDescriptor.execute(TestMethodTestDescriptor.java:66)
	at app//org.junit.platform.engine.support.hierarchical.NodeTestTask.lambda$executeRecursively$6(NodeTestTask.java:151)
	at app//org.junit.platform.engine.support.hierarchical.ThrowableCollector.execute(ThrowableCollector.java:73)
	at app//org.junit.platform.engine.support.hierarchical.NodeTestTask.lambda$executeRecursively$8(NodeTestTask.java:141)
	at app//org.junit.platform.engine.support.hierarchical.Node.around(Node.java:137)
	at app//org.junit.platform.engine.support.hierarchical.NodeTestTask.lambda$executeRecursively$9(NodeTestTask.java:139)
	at app//org.junit.platform.engine.support.hierarchical.ThrowableCollector.execute(ThrowableCollector.java:73)
	at app//org.junit.platform.engine.support.hierarchical.NodeTestTask.executeRecursively(NodeTestTask.java:138)
	at app//org.junit.platform.engine.support.hierarchical.NodeTestTask.execute(NodeTestTask.java:95)
	at java.base@11.0.18/java.util.ArrayList.forEach(ArrayList.java:1541)
	at app//org.junit.platform.engine.support.hierarchical.SameThreadHierarchicalTestExecutorService.invokeAll(SameThreadHierarchicalTestExecutorService.java:41)
	at app//org.junit.platform.engine.support.hierarchical.NodeTestTask.lambda$executeRecursively$6(NodeTestTask.java:155)
	at app//org.junit.platform.engine.support.hierarchical.ThrowableCollector.execute(ThrowableCollector.java:73)
	at app//org.junit.platform.engine.support.hierarchical.NodeTestTask.lambda$executeRecursively$8(NodeTestTask.java:141)
	at app//org.junit.platform.engine.support.hierarchical.Node.around(Node.java:137)
	at app//org.junit.platform.engine.support.hierarchical.NodeTestTask.lambda$executeRecursively$9(NodeTestTask.java:139)
	at app//org.junit.platform.engine.support.hierarchical.ThrowableCollector.execute(ThrowableCollector.java:73)
	at app//org.junit.platform.engine.support.hierarchical.NodeTestTask.executeRecursively(NodeTestTask.java:138)
	at app//org.junit.platform.engine.support.hierarchical.NodeTestTask.execute(NodeTestTask.java:95)
	at java.base@11.0.18/java.util.ArrayList.forEach(ArrayList.java:1541)
	at app//org.junit.platform.engine.support.hierarchical.SameThreadHierarchicalTestExecutorService.invokeAll(SameThreadHierarchicalTestExecutorService.java:41)
	at app//org.junit.platform.engine.support.hierarchical.NodeTestTask.lambda$executeRecursively$6(NodeTestTask.java:155)
	at app//org.junit.platform.engine.support.hierarchical.ThrowableCollector.execute(ThrowableCollector.java:73)
	at app//org.junit.platform.engine.support.hierarchical.NodeTestTask.lambda$executeRecursively$8(NodeTestTask.java:141)
	at app//org.junit.platform.engine.support.hierarchical.Node.around(Node.java:137)
	at app//org.junit.platform.engine.support.hierarchical.NodeTestTask.lambda$executeRecursively$9(NodeTestTask.java:139)
	at app//org.junit.platform.engine.support.hierarchical.ThrowableCollector.execute(ThrowableCollector.java:73)
	at app//org.junit.platform.engine.support.hierarchical.NodeTestTask.executeRecursively(NodeTestTask.java:138)
	at app//org.junit.platform.engine.support.hierarchical.NodeTestTask.execute(NodeTestTask.java:95)
	at app//org.junit.platform.engine.support.hierarchical.SameThreadHierarchicalTestExecutorService.submit(SameThreadHierarchicalTestExecutorService.java:35)
	at app//org.junit.platform.engine.support.hierarchical.HierarchicalTestExecutor.execute(HierarchicalTestExecutor.java:57)
	at app//org.junit.platform.engine.support.hierarchical.HierarchicalTestEngine.execute(HierarchicalTestEngine.java:54)
	at org.junit.platform.launcher.core.EngineExecutionOrchestrator.execute(EngineExecutionOrchestrator.java:107)
	at org.junit.platform.launcher.core.EngineExecutionOrchestrator.execute(EngineExecutionOrchestrator.java:88)
	at org.junit.platform.launcher.core.EngineExecutionOrchestrator.lambda$execute$0(EngineExecutionOrchestrator.java:54)
	at org.junit.platform.launcher.core.EngineExecutionOrchestrator.withInterceptedStreams(EngineExecutionOrchestrator.java:67)
	at org.junit.platform.launcher.core.EngineExecutionOrchestrator.execute(EngineExecutionOrchestrator.java:52)
	at org.junit.platform.launcher.core.DefaultLauncher.execute(DefaultLauncher.java:114)
	at org.junit.platform.launcher.core.DefaultLauncher.execute(DefaultLauncher.java:86)
	at org.junit.platform.launcher.core.DefaultLauncherSession$DelegatingLauncher.execute(DefaultLauncherSession.java:86)
	at org.junit.platform.launcher.core.SessionPerRequestLauncher.execute(SessionPerRequestLauncher.java:53)
	at org.gradle.api.internal.tasks.testing.junitplatform.JUnitPlatformTestClassProcessor$CollectAllTestClassesExecutor.processAllTestClasses(JUnitPlatformTestClassProcessor.java:99)
	at org.gradle.api.internal.tasks.testing.junitplatform.JUnitPlatformTestClassProcessor$CollectAllTestClassesExecutor.access$000(JUnitPlatformTestClassProcessor.java:79)
	at org.gradle.api.internal.tasks.testing.junitplatform.JUnitPlatformTestClassProcessor.stop(JUnitPlatformTestClassProcessor.java:75)
	at org.gradle.api.internal.tasks.testing.SuiteTestClassProcessor.stop(SuiteTestClassProcessor.java:62)
	at java.base@11.0.18/jdk.internal.reflect.NativeMethodAccessorImpl.invoke0(Native Method)
	at java.base@11.0.18/jdk.internal.reflect.NativeMethodAccessorImpl.invoke(NativeMethodAccessorImpl.java:62)
	at java.base@11.0.18/jdk.internal.reflect.DelegatingMethodAccessorImpl.invoke(DelegatingMethodAccessorImpl.java:43)
	at java.base@11.0.18/java.lang.reflect.Method.invoke(Method.java:566)
	at org.gradle.internal.dispatch.ReflectionDispatch.dispatch(ReflectionDispatch.java:36)
	at org.gradle.internal.dispatch.ReflectionDispatch.dispatch(ReflectionDispatch.java:24)
	at org.gradle.internal.dispatch.ContextClassLoaderDispatch.dispatch(ContextClassLoaderDispatch.java:33)
	at org.gradle.internal.dispatch.ProxyDispatchAdapter$DispatchingInvocationHandler.invoke(ProxyDispatchAdapter.java:94)
	at com.sun.proxy.$Proxy2.stop(Unknown Source)
	at org.gradle.api.internal.tasks.testing.worker.TestWorker$3.run(TestWorker.java:193)
	at org.gradle.api.internal.tasks.testing.worker.TestWorker.executeAndMaintainThreadName(TestWorker.java:129)
	at org.gradle.api.internal.tasks.testing.worker.TestWorker.execute(TestWorker.java:100)
	at org.gradle.api.internal.tasks.testing.worker.TestWorker.execute(TestWorker.java:60)
	at org.gradle.process.internal.worker.child.ActionExecutionWorker.execute(ActionExecutionWorker.java:56)
	at org.gradle.process.internal.worker.child.SystemApplicationClassLoaderWorker.call(SystemApplicationClassLoaderWorker.java:113)
	at org.gradle.process.internal.worker.child.SystemApplicationClassLoaderWorker.call(SystemApplicationClassLoaderWorker.java:65)
	at app//worker.org.gradle.process.internal.worker.GradleWorkerMain.run(GradleWorkerMain.java:69)
	at app//worker.org.gradle.process.internal.worker.GradleWorkerMain.main(GradleWorkerMain.java:74)
</failure>
  </testcase>
  <testcase name="BlockContracts_fullmacro" classname="de.uka.ilkd.key.proof.runallproofs.RunAllProofsInfFlow" time="1.123">
    <failure message="org.opentest4j.AssertionFailedError: Executed process terminated with non-zero exit value. ==&gt; expected: &lt;0&gt; but was: &lt;1&gt;" type="org.opentest4j.AssertionFailedError">org.opentest4j.AssertionFailedError: Executed process terminated with non-zero exit value. ==&gt; expected: &lt;0&gt; but was: &lt;1&gt;
	at app//org.junit.jupiter.api.AssertionUtils.fail(AssertionUtils.java:55)
	at app//org.junit.jupiter.api.AssertionUtils.failNotEqual(AssertionUtils.java:62)
	at app//org.junit.jupiter.api.AssertEquals.assertEquals(AssertEquals.java:150)
	at app//org.junit.jupiter.api.Assertions.assertEquals(Assertions.java:559)
	at app//de.uka.ilkd.key.proof.runallproofs.proofcollection.ForkedTestFileRunner.processTestFiles(ForkedTestFileRunner.java:129)
	at app//de.uka.ilkd.key.proof.runallproofs.RunAllProofsTestUnit.runTest(RunAllProofsTestUnit.java:85)
	at app//de.uka.ilkd.key.proof.runallproofs.RunAllProofsTest.lambda$data$0(RunAllProofsTest.java:83)
	at app//org.junit.jupiter.engine.descriptor.DynamicTestTestDescriptor.lambda$execute$0(DynamicTestTestDescriptor.java:53)
	at app//org.junit.jupiter.engine.execution.InvocationInterceptorChain$ValidatingInvocation.proceed(InvocationInterceptorChain.java:131)
	at app//org.junit.jupiter.api.extension.InvocationInterceptor.interceptDynamicTest(InvocationInterceptor.java:167)
	at app//org.junit.jupiter.api.extension.InvocationInterceptor.interceptDynamicTest(InvocationInterceptor.java:184)
	at app//org.junit.jupiter.engine.descriptor.DynamicTestTestDescriptor.lambda$execute$1(DynamicTestTestDescriptor.java:61)
	at app//org.junit.jupiter.engine.execution.InvocationInterceptorChain$InterceptorCall.lambda$ofVoid$0(InvocationInterceptorChain.java:78)
	at app//org.junit.jupiter.engine.execution.InvocationInterceptorChain$InterceptedInvocation.proceed(InvocationInterceptorChain.java:106)
	at app//org.junit.jupiter.engine.execution.InvocationInterceptorChain.proceed(InvocationInterceptorChain.java:64)
	at app//org.junit.jupiter.engine.execution.InvocationInterceptorChain.chainAndInvoke(InvocationInterceptorChain.java:45)
	at app//org.junit.jupiter.engine.execution.InvocationInterceptorChain.invoke(InvocationInterceptorChain.java:37)
	at app//org.junit.jupiter.engine.descriptor.DynamicTestTestDescriptor.execute(DynamicTestTestDescriptor.java:60)
	at app//org.junit.jupiter.engine.descriptor.DynamicTestTestDescriptor.execute(DynamicTestTestDescriptor.java:32)
	at app//org.junit.platform.engine.support.hierarchical.NodeTestTask.lambda$executeRecursively$6(NodeTestTask.java:151)
	at app//org.junit.platform.engine.support.hierarchical.ThrowableCollector.execute(ThrowableCollector.java:73)
	at app//org.junit.platform.engine.support.hierarchical.NodeTestTask.lambda$executeRecursively$8(NodeTestTask.java:141)
	at app//org.junit.platform.engine.support.hierarchical.Node.around(Node.java:137)
	at app//org.junit.platform.engine.support.hierarchical.NodeTestTask.lambda$executeRecursively$9(NodeTestTask.java:139)
	at app//org.junit.platform.engine.support.hierarchical.ThrowableCollector.execute(ThrowableCollector.java:73)
	at app//org.junit.platform.engine.support.hierarchical.NodeTestTask.executeRecursively(NodeTestTask.java:138)
	at app//org.junit.platform.engine.support.hierarchical.NodeTestTask.execute(NodeTestTask.java:95)
	at app//org.junit.platform.engine.support.hierarchical.SameThreadHierarchicalTestExecutorService.submit(SameThreadHierarchicalTestExecutorService.java:35)
	at app//org.junit.platform.engine.support.hierarchical.NodeTestTask$DefaultDynamicTestExecutor.execute(NodeTestTask.java:226)
	at app//org.junit.platform.engine.support.hierarchical.NodeTestTask$DefaultDynamicTestExecutor.execute(NodeTestTask.java:204)
	at java.base@11.0.18/java.util.Optional.ifPresent(Optional.java:183)
	at app//org.junit.jupiter.engine.descriptor.TestFactoryTestDescriptor.lambda$invokeTestMethod$1(TestFactoryTestDescriptor.java:108)
	at app//org.junit.platform.engine.support.hierarchical.ThrowableCollector.execute(ThrowableCollector.java:73)
	at app//org.junit.jupiter.engine.descriptor.TestFactoryTestDescriptor.invokeTestMethod(TestFactoryTestDescriptor.java:95)
	at app//org.junit.jupiter.engine.descriptor.TestMethodTestDescriptor.execute(TestMethodTestDescriptor.java:135)
	at app//org.junit.jupiter.engine.descriptor.TestMethodTestDescriptor.execute(TestMethodTestDescriptor.java:66)
	at app//org.junit.platform.engine.support.hierarchical.NodeTestTask.lambda$executeRecursively$6(NodeTestTask.java:151)
	at app//org.junit.platform.engine.support.hierarchical.ThrowableCollector.execute(ThrowableCollector.java:73)
	at app//org.junit.platform.engine.support.hierarchical.NodeTestTask.lambda$executeRecursively$8(NodeTestTask.java:141)
	at app//org.junit.platform.engine.support.hierarchical.Node.around(Node.java:137)
	at app//org.junit.platform.engine.support.hierarchical.NodeTestTask.lambda$executeRecursively$9(NodeTestTask.java:139)
	at app//org.junit.platform.engine.support.hierarchical.ThrowableCollector.execute(ThrowableCollector.java:73)
	at app//org.junit.platform.engine.support.hierarchical.NodeTestTask.executeRecursively(NodeTestTask.java:138)
	at app//org.junit.platform.engine.support.hierarchical.NodeTestTask.execute(NodeTestTask.java:95)
	at java.base@11.0.18/java.util.ArrayList.forEach(ArrayList.java:1541)
	at app//org.junit.platform.engine.support.hierarchical.SameThreadHierarchicalTestExecutorService.invokeAll(SameThreadHierarchicalTestExecutorService.java:41)
	at app//org.junit.platform.engine.support.hierarchical.NodeTestTask.lambda$executeRecursively$6(NodeTestTask.java:155)
	at app//org.junit.platform.engine.support.hierarchical.ThrowableCollector.execute(ThrowableCollector.java:73)
	at app//org.junit.platform.engine.support.hierarchical.NodeTestTask.lambda$executeRecursively$8(NodeTestTask.java:141)
	at app//org.junit.platform.engine.support.hierarchical.Node.around(Node.java:137)
	at app//org.junit.platform.engine.support.hierarchical.NodeTestTask.lambda$executeRecursively$9(NodeTestTask.java:139)
	at app//org.junit.platform.engine.support.hierarchical.ThrowableCollector.execute(ThrowableCollector.java:73)
	at app//org.junit.platform.engine.support.hierarchical.NodeTestTask.executeRecursively(NodeTestTask.java:138)
	at app//org.junit.platform.engine.support.hierarchical.NodeTestTask.execute(NodeTestTask.java:95)
	at java.base@11.0.18/java.util.ArrayList.forEach(ArrayList.java:1541)
	at app//org.junit.platform.engine.support.hierarchical.SameThreadHierarchicalTestExecutorService.invokeAll(SameThreadHierarchicalTestExecutorService.java:41)
	at app//org.junit.platform.engine.support.hierarchical.NodeTestTask.lambda$executeRecursively$6(NodeTestTask.java:155)
	at app//org.junit.platform.engine.support.hierarchical.ThrowableCollector.execute(ThrowableCollector.java:73)
	at app//org.junit.platform.engine.support.hierarchical.NodeTestTask.lambda$executeRecursively$8(NodeTestTask.java:141)
	at app//org.junit.platform.engine.support.hierarchical.Node.around(Node.java:137)
	at app//org.junit.platform.engine.support.hierarchical.NodeTestTask.lambda$executeRecursively$9(NodeTestTask.java:139)
	at app//org.junit.platform.engine.support.hierarchical.ThrowableCollector.execute(ThrowableCollector.java:73)
	at app//org.junit.platform.engine.support.hierarchical.NodeTestTask.executeRecursively(NodeTestTask.java:138)
	at app//org.junit.platform.engine.support.hierarchical.NodeTestTask.execute(NodeTestTask.java:95)
	at app//org.junit.platform.engine.support.hierarchical.SameThreadHierarchicalTestExecutorService.submit(SameThreadHierarchicalTestExecutorService.java:35)
	at app//org.junit.platform.engine.support.hierarchical.HierarchicalTestExecutor.execute(HierarchicalTestExecutor.java:57)
	at app//org.junit.platform.engine.support.hierarchical.HierarchicalTestEngine.execute(HierarchicalTestEngine.java:54)
	at org.junit.platform.launcher.core.EngineExecutionOrchestrator.execute(EngineExecutionOrchestrator.java:107)
	at org.junit.platform.launcher.core.EngineExecutionOrchestrator.execute(EngineExecutionOrchestrator.java:88)
	at org.junit.platform.launcher.core.EngineExecutionOrchestrator.lambda$execute$0(EngineExecutionOrchestrator.java:54)
	at org.junit.platform.launcher.core.EngineExecutionOrchestrator.withInterceptedStreams(EngineExecutionOrchestrator.java:67)
	at org.junit.platform.launcher.core.EngineExecutionOrchestrator.execute(EngineExecutionOrchestrator.java:52)
	at org.junit.platform.launcher.core.DefaultLauncher.execute(DefaultLauncher.java:114)
	at org.junit.platform.launcher.core.DefaultLauncher.execute(DefaultLauncher.java:86)
	at org.junit.platform.launcher.core.DefaultLauncherSession$DelegatingLauncher.execute(DefaultLauncherSession.java:86)
	at org.junit.platform.launcher.core.SessionPerRequestLauncher.execute(SessionPerRequestLauncher.java:53)
	at org.gradle.api.internal.tasks.testing.junitplatform.JUnitPlatformTestClassProcessor$CollectAllTestClassesExecutor.processAllTestClasses(JUnitPlatformTestClassProcessor.java:99)
	at org.gradle.api.internal.tasks.testing.junitplatform.JUnitPlatformTestClassProcessor$CollectAllTestClassesExecutor.access$000(JUnitPlatformTestClassProcessor.java:79)
	at org.gradle.api.internal.tasks.testing.junitplatform.JUnitPlatformTestClassProcessor.stop(JUnitPlatformTestClassProcessor.java:75)
	at org.gradle.api.internal.tasks.testing.SuiteTestClassProcessor.stop(SuiteTestClassProcessor.java:62)
	at java.base@11.0.18/jdk.internal.reflect.NativeMethodAccessorImpl.invoke0(Native Method)
	at java.base@11.0.18/jdk.internal.reflect.NativeMethodAccessorImpl.invoke(NativeMethodAccessorImpl.java:62)
	at java.base@11.0.18/jdk.internal.reflect.DelegatingMethodAccessorImpl.invoke(DelegatingMethodAccessorImpl.java:43)
	at java.base@11.0.18/java.lang.reflect.Method.invoke(Method.java:566)
	at org.gradle.internal.dispatch.ReflectionDispatch.dispatch(ReflectionDispatch.java:36)
	at org.gradle.internal.dispatch.ReflectionDispatch.dispatch(ReflectionDispatch.java:24)
	at org.gradle.internal.dispatch.ContextClassLoaderDispatch.dispatch(ContextClassLoaderDispatch.java:33)
	at org.gradle.internal.dispatch.ProxyDispatchAdapter$DispatchingInvocationHandler.invoke(ProxyDispatchAdapter.java:94)
	at com.sun.proxy.$Proxy2.stop(Unknown Source)
	at org.gradle.api.internal.tasks.testing.worker.TestWorker$3.run(TestWorker.java:193)
	at org.gradle.api.internal.tasks.testing.worker.TestWorker.executeAndMaintainThreadName(TestWorker.java:129)
	at org.gradle.api.internal.tasks.testing.worker.TestWorker.execute(TestWorker.java:100)
	at org.gradle.api.internal.tasks.testing.worker.TestWorker.execute(TestWorker.java:60)
	at org.gradle.process.internal.worker.child.ActionExecutionWorker.execute(ActionExecutionWorker.java:56)
	at org.gradle.process.internal.worker.child.SystemApplicationClassLoaderWorker.call(SystemApplicationClassLoaderWorker.java:113)
	at org.gradle.process.internal.worker.child.SystemApplicationClassLoaderWorker.call(SystemApplicationClassLoaderWorker.java:65)
	at app//worker.org.gradle.process.internal.worker.GradleWorkerMain.run(GradleWorkerMain.java:69)
	at app//worker.org.gradle.process.internal.worker.GradleWorkerMain.main(GradleWorkerMain.java:74)
</failure>
  </testcase>
  <testcase name="MethodContracts_fullmacro" classname="de.uka.ilkd.key.proof.runallproofs.RunAllProofsInfFlow" time="1.133">
    <failure message="org.opentest4j.AssertionFailedError: Executed process terminated with non-zero exit value. ==&gt; expected: &lt;0&gt; but was: &lt;1&gt;" type="org.opentest4j.AssertionFailedError">org.opentest4j.AssertionFailedError: Executed process terminated with non-zero exit value. ==&gt; expected: &lt;0&gt; but was: &lt;1&gt;
	at app//org.junit.jupiter.api.AssertionUtils.fail(AssertionUtils.java:55)
	at app//org.junit.jupiter.api.AssertionUtils.failNotEqual(AssertionUtils.java:62)
	at app//org.junit.jupiter.api.AssertEquals.assertEquals(AssertEquals.java:150)
	at app//org.junit.jupiter.api.Assertions.assertEquals(Assertions.java:559)
	at app//de.uka.ilkd.key.proof.runallproofs.proofcollection.ForkedTestFileRunner.processTestFiles(ForkedTestFileRunner.java:129)
	at app//de.uka.ilkd.key.proof.runallproofs.RunAllProofsTestUnit.runTest(RunAllProofsTestUnit.java:85)
	at app//de.uka.ilkd.key.proof.runallproofs.RunAllProofsTest.lambda$data$0(RunAllProofsTest.java:83)
	at app//org.junit.jupiter.engine.descriptor.DynamicTestTestDescriptor.lambda$execute$0(DynamicTestTestDescriptor.java:53)
	at app//org.junit.jupiter.engine.execution.InvocationInterceptorChain$ValidatingInvocation.proceed(InvocationInterceptorChain.java:131)
	at app//org.junit.jupiter.api.extension.InvocationInterceptor.interceptDynamicTest(InvocationInterceptor.java:167)
	at app//org.junit.jupiter.api.extension.InvocationInterceptor.interceptDynamicTest(InvocationInterceptor.java:184)
	at app//org.junit.jupiter.engine.descriptor.DynamicTestTestDescriptor.lambda$execute$1(DynamicTestTestDescriptor.java:61)
	at app//org.junit.jupiter.engine.execution.InvocationInterceptorChain$InterceptorCall.lambda$ofVoid$0(InvocationInterceptorChain.java:78)
	at app//org.junit.jupiter.engine.execution.InvocationInterceptorChain$InterceptedInvocation.proceed(InvocationInterceptorChain.java:106)
	at app//org.junit.jupiter.engine.execution.InvocationInterceptorChain.proceed(InvocationInterceptorChain.java:64)
	at app//org.junit.jupiter.engine.execution.InvocationInterceptorChain.chainAndInvoke(InvocationInterceptorChain.java:45)
	at app//org.junit.jupiter.engine.execution.InvocationInterceptorChain.invoke(InvocationInterceptorChain.java:37)
	at app//org.junit.jupiter.engine.descriptor.DynamicTestTestDescriptor.execute(DynamicTestTestDescriptor.java:60)
	at app//org.junit.jupiter.engine.descriptor.DynamicTestTestDescriptor.execute(DynamicTestTestDescriptor.java:32)
	at app//org.junit.platform.engine.support.hierarchical.NodeTestTask.lambda$executeRecursively$6(NodeTestTask.java:151)
	at app//org.junit.platform.engine.support.hierarchical.ThrowableCollector.execute(ThrowableCollector.java:73)
	at app//org.junit.platform.engine.support.hierarchical.NodeTestTask.lambda$executeRecursively$8(NodeTestTask.java:141)
	at app//org.junit.platform.engine.support.hierarchical.Node.around(Node.java:137)
	at app//org.junit.platform.engine.support.hierarchical.NodeTestTask.lambda$executeRecursively$9(NodeTestTask.java:139)
	at app//org.junit.platform.engine.support.hierarchical.ThrowableCollector.execute(ThrowableCollector.java:73)
	at app//org.junit.platform.engine.support.hierarchical.NodeTestTask.executeRecursively(NodeTestTask.java:138)
	at app//org.junit.platform.engine.support.hierarchical.NodeTestTask.execute(NodeTestTask.java:95)
	at app//org.junit.platform.engine.support.hierarchical.SameThreadHierarchicalTestExecutorService.submit(SameThreadHierarchicalTestExecutorService.java:35)
	at app//org.junit.platform.engine.support.hierarchical.NodeTestTask$DefaultDynamicTestExecutor.execute(NodeTestTask.java:226)
	at app//org.junit.platform.engine.support.hierarchical.NodeTestTask$DefaultDynamicTestExecutor.execute(NodeTestTask.java:204)
	at java.base@11.0.18/java.util.Optional.ifPresent(Optional.java:183)
	at app//org.junit.jupiter.engine.descriptor.TestFactoryTestDescriptor.lambda$invokeTestMethod$1(TestFactoryTestDescriptor.java:108)
	at app//org.junit.platform.engine.support.hierarchical.ThrowableCollector.execute(ThrowableCollector.java:73)
	at app//org.junit.jupiter.engine.descriptor.TestFactoryTestDescriptor.invokeTestMethod(TestFactoryTestDescriptor.java:95)
	at app//org.junit.jupiter.engine.descriptor.TestMethodTestDescriptor.execute(TestMethodTestDescriptor.java:135)
	at app//org.junit.jupiter.engine.descriptor.TestMethodTestDescriptor.execute(TestMethodTestDescriptor.java:66)
	at app//org.junit.platform.engine.support.hierarchical.NodeTestTask.lambda$executeRecursively$6(NodeTestTask.java:151)
	at app//org.junit.platform.engine.support.hierarchical.ThrowableCollector.execute(ThrowableCollector.java:73)
	at app//org.junit.platform.engine.support.hierarchical.NodeTestTask.lambda$executeRecursively$8(NodeTestTask.java:141)
	at app//org.junit.platform.engine.support.hierarchical.Node.around(Node.java:137)
	at app//org.junit.platform.engine.support.hierarchical.NodeTestTask.lambda$executeRecursively$9(NodeTestTask.java:139)
	at app//org.junit.platform.engine.support.hierarchical.ThrowableCollector.execute(ThrowableCollector.java:73)
	at app//org.junit.platform.engine.support.hierarchical.NodeTestTask.executeRecursively(NodeTestTask.java:138)
	at app//org.junit.platform.engine.support.hierarchical.NodeTestTask.execute(NodeTestTask.java:95)
	at java.base@11.0.18/java.util.ArrayList.forEach(ArrayList.java:1541)
	at app//org.junit.platform.engine.support.hierarchical.SameThreadHierarchicalTestExecutorService.invokeAll(SameThreadHierarchicalTestExecutorService.java:41)
	at app//org.junit.platform.engine.support.hierarchical.NodeTestTask.lambda$executeRecursively$6(NodeTestTask.java:155)
	at app//org.junit.platform.engine.support.hierarchical.ThrowableCollector.execute(ThrowableCollector.java:73)
	at app//org.junit.platform.engine.support.hierarchical.NodeTestTask.lambda$executeRecursively$8(NodeTestTask.java:141)
	at app//org.junit.platform.engine.support.hierarchical.Node.around(Node.java:137)
	at app//org.junit.platform.engine.support.hierarchical.NodeTestTask.lambda$executeRecursively$9(NodeTestTask.java:139)
	at app//org.junit.platform.engine.support.hierarchical.ThrowableCollector.execute(ThrowableCollector.java:73)
	at app//org.junit.platform.engine.support.hierarchical.NodeTestTask.executeRecursively(NodeTestTask.java:138)
	at app//org.junit.platform.engine.support.hierarchical.NodeTestTask.execute(NodeTestTask.java:95)
	at java.base@11.0.18/java.util.ArrayList.forEach(ArrayList.java:1541)
	at app//org.junit.platform.engine.support.hierarchical.SameThreadHierarchicalTestExecutorService.invokeAll(SameThreadHierarchicalTestExecutorService.java:41)
	at app//org.junit.platform.engine.support.hierarchical.NodeTestTask.lambda$executeRecursively$6(NodeTestTask.java:155)
	at app//org.junit.platform.engine.support.hierarchical.ThrowableCollector.execute(ThrowableCollector.java:73)
	at app//org.junit.platform.engine.support.hierarchical.NodeTestTask.lambda$executeRecursively$8(NodeTestTask.java:141)
	at app//org.junit.platform.engine.support.hierarchical.Node.around(Node.java:137)
	at app//org.junit.platform.engine.support.hierarchical.NodeTestTask.lambda$executeRecursively$9(NodeTestTask.java:139)
	at app//org.junit.platform.engine.support.hierarchical.ThrowableCollector.execute(ThrowableCollector.java:73)
	at app//org.junit.platform.engine.support.hierarchical.NodeTestTask.executeRecursively(NodeTestTask.java:138)
	at app//org.junit.platform.engine.support.hierarchical.NodeTestTask.execute(NodeTestTask.java:95)
	at app//org.junit.platform.engine.support.hierarchical.SameThreadHierarchicalTestExecutorService.submit(SameThreadHierarchicalTestExecutorService.java:35)
	at app//org.junit.platform.engine.support.hierarchical.HierarchicalTestExecutor.execute(HierarchicalTestExecutor.java:57)
	at app//org.junit.platform.engine.support.hierarchical.HierarchicalTestEngine.execute(HierarchicalTestEngine.java:54)
	at org.junit.platform.launcher.core.EngineExecutionOrchestrator.execute(EngineExecutionOrchestrator.java:107)
	at org.junit.platform.launcher.core.EngineExecutionOrchestrator.execute(EngineExecutionOrchestrator.java:88)
	at org.junit.platform.launcher.core.EngineExecutionOrchestrator.lambda$execute$0(EngineExecutionOrchestrator.java:54)
	at org.junit.platform.launcher.core.EngineExecutionOrchestrator.withInterceptedStreams(EngineExecutionOrchestrator.java:67)
	at org.junit.platform.launcher.core.EngineExecutionOrchestrator.execute(EngineExecutionOrchestrator.java:52)
	at org.junit.platform.launcher.core.DefaultLauncher.execute(DefaultLauncher.java:114)
	at org.junit.platform.launcher.core.DefaultLauncher.execute(DefaultLauncher.java:86)
	at org.junit.platform.launcher.core.DefaultLauncherSession$DelegatingLauncher.execute(DefaultLauncherSession.java:86)
	at org.junit.platform.launcher.core.SessionPerRequestLauncher.execute(SessionPerRequestLauncher.java:53)
	at org.gradle.api.internal.tasks.testing.junitplatform.JUnitPlatformTestClassProcessor$CollectAllTestClassesExecutor.processAllTestClasses(JUnitPlatformTestClassProcessor.java:99)
	at org.gradle.api.internal.tasks.testing.junitplatform.JUnitPlatformTestClassProcessor$CollectAllTestClassesExecutor.access$000(JUnitPlatformTestClassProcessor.java:79)
	at org.gradle.api.internal.tasks.testing.junitplatform.JUnitPlatformTestClassProcessor.stop(JUnitPlatformTestClassProcessor.java:75)
	at org.gradle.api.internal.tasks.testing.SuiteTestClassProcessor.stop(SuiteTestClassProcessor.java:62)
	at java.base@11.0.18/jdk.internal.reflect.NativeMethodAccessorImpl.invoke0(Native Method)
	at java.base@11.0.18/jdk.internal.reflect.NativeMethodAccessorImpl.invoke(NativeMethodAccessorImpl.java:62)
	at java.base@11.0.18/jdk.internal.reflect.DelegatingMethodAccessorImpl.invoke(DelegatingMethodAccessorImpl.java:43)
	at java.base@11.0.18/java.lang.reflect.Method.invoke(Method.java:566)
	at org.gradle.internal.dispatch.ReflectionDispatch.dispatch(ReflectionDispatch.java:36)
	at org.gradle.internal.dispatch.ReflectionDispatch.dispatch(ReflectionDispatch.java:24)
	at org.gradle.internal.dispatch.ContextClassLoaderDispatch.dispatch(ContextClassLoaderDispatch.java:33)
	at org.gradle.internal.dispatch.ProxyDispatchAdapter$DispatchingInvocationHandler.invoke(ProxyDispatchAdapter.java:94)
	at com.sun.proxy.$Proxy2.stop(Unknown Source)
	at org.gradle.api.internal.tasks.testing.worker.TestWorker$3.run(TestWorker.java:193)
	at org.gradle.api.internal.tasks.testing.worker.TestWorker.executeAndMaintainThreadName(TestWorker.java:129)
	at org.gradle.api.internal.tasks.testing.worker.TestWorker.execute(TestWorker.java:100)
	at org.gradle.api.internal.tasks.testing.worker.TestWorker.execute(TestWorker.java:60)
	at org.gradle.process.internal.worker.child.ActionExecutionWorker.execute(ActionExecutionWorker.java:56)
	at org.gradle.process.internal.worker.child.SystemApplicationClassLoaderWorker.call(SystemApplicationClassLoaderWorker.java:113)
	at org.gradle.process.internal.worker.child.SystemApplicationClassLoaderWorker.call(SystemApplicationClassLoaderWorker.java:65)
	at app//worker.org.gradle.process.internal.worker.GradleWorkerMain.run(GradleWorkerMain.java:69)
	at app//worker.org.gradle.process.internal.worker.GradleWorkerMain.main(GradleWorkerMain.java:74)
</failure>
  </testcase>
  <testcase name="InformationFlow_fullmacro" classname="de.uka.ilkd.key.proof.runallproofs.RunAllProofsInfFlow" time="1.091">
    <failure message="org.opentest4j.AssertionFailedError: Executed process terminated with non-zero exit value. ==&gt; expected: &lt;0&gt; but was: &lt;1&gt;" type="org.opentest4j.AssertionFailedError">org.opentest4j.AssertionFailedError: Executed process terminated with non-zero exit value. ==&gt; expected: &lt;0&gt; but was: &lt;1&gt;
	at app//org.junit.jupiter.api.AssertionUtils.fail(AssertionUtils.java:55)
	at app//org.junit.jupiter.api.AssertionUtils.failNotEqual(AssertionUtils.java:62)
	at app//org.junit.jupiter.api.AssertEquals.assertEquals(AssertEquals.java:150)
	at app//org.junit.jupiter.api.Assertions.assertEquals(Assertions.java:559)
	at app//de.uka.ilkd.key.proof.runallproofs.proofcollection.ForkedTestFileRunner.processTestFiles(ForkedTestFileRunner.java:129)
	at app//de.uka.ilkd.key.proof.runallproofs.RunAllProofsTestUnit.runTest(RunAllProofsTestUnit.java:85)
	at app//de.uka.ilkd.key.proof.runallproofs.RunAllProofsTest.lambda$data$0(RunAllProofsTest.java:83)
	at app//org.junit.jupiter.engine.descriptor.DynamicTestTestDescriptor.lambda$execute$0(DynamicTestTestDescriptor.java:53)
	at app//org.junit.jupiter.engine.execution.InvocationInterceptorChain$ValidatingInvocation.proceed(InvocationInterceptorChain.java:131)
	at app//org.junit.jupiter.api.extension.InvocationInterceptor.interceptDynamicTest(InvocationInterceptor.java:167)
	at app//org.junit.jupiter.api.extension.InvocationInterceptor.interceptDynamicTest(InvocationInterceptor.java:184)
	at app//org.junit.jupiter.engine.descriptor.DynamicTestTestDescriptor.lambda$execute$1(DynamicTestTestDescriptor.java:61)
	at app//org.junit.jupiter.engine.execution.InvocationInterceptorChain$InterceptorCall.lambda$ofVoid$0(InvocationInterceptorChain.java:78)
	at app//org.junit.jupiter.engine.execution.InvocationInterceptorChain$InterceptedInvocation.proceed(InvocationInterceptorChain.java:106)
	at app//org.junit.jupiter.engine.execution.InvocationInterceptorChain.proceed(InvocationInterceptorChain.java:64)
	at app//org.junit.jupiter.engine.execution.InvocationInterceptorChain.chainAndInvoke(InvocationInterceptorChain.java:45)
	at app//org.junit.jupiter.engine.execution.InvocationInterceptorChain.invoke(InvocationInterceptorChain.java:37)
	at app//org.junit.jupiter.engine.descriptor.DynamicTestTestDescriptor.execute(DynamicTestTestDescriptor.java:60)
	at app//org.junit.jupiter.engine.descriptor.DynamicTestTestDescriptor.execute(DynamicTestTestDescriptor.java:32)
	at app//org.junit.platform.engine.support.hierarchical.NodeTestTask.lambda$executeRecursively$6(NodeTestTask.java:151)
	at app//org.junit.platform.engine.support.hierarchical.ThrowableCollector.execute(ThrowableCollector.java:73)
	at app//org.junit.platform.engine.support.hierarchical.NodeTestTask.lambda$executeRecursively$8(NodeTestTask.java:141)
	at app//org.junit.platform.engine.support.hierarchical.Node.around(Node.java:137)
	at app//org.junit.platform.engine.support.hierarchical.NodeTestTask.lambda$executeRecursively$9(NodeTestTask.java:139)
	at app//org.junit.platform.engine.support.hierarchical.ThrowableCollector.execute(ThrowableCollector.java:73)
	at app//org.junit.platform.engine.support.hierarchical.NodeTestTask.executeRecursively(NodeTestTask.java:138)
	at app//org.junit.platform.engine.support.hierarchical.NodeTestTask.execute(NodeTestTask.java:95)
	at app//org.junit.platform.engine.support.hierarchical.SameThreadHierarchicalTestExecutorService.submit(SameThreadHierarchicalTestExecutorService.java:35)
	at app//org.junit.platform.engine.support.hierarchical.NodeTestTask$DefaultDynamicTestExecutor.execute(NodeTestTask.java:226)
	at app//org.junit.platform.engine.support.hierarchical.NodeTestTask$DefaultDynamicTestExecutor.execute(NodeTestTask.java:204)
	at java.base@11.0.18/java.util.Optional.ifPresent(Optional.java:183)
	at app//org.junit.jupiter.engine.descriptor.TestFactoryTestDescriptor.lambda$invokeTestMethod$1(TestFactoryTestDescriptor.java:108)
	at app//org.junit.platform.engine.support.hierarchical.ThrowableCollector.execute(ThrowableCollector.java:73)
	at app//org.junit.jupiter.engine.descriptor.TestFactoryTestDescriptor.invokeTestMethod(TestFactoryTestDescriptor.java:95)
	at app//org.junit.jupiter.engine.descriptor.TestMethodTestDescriptor.execute(TestMethodTestDescriptor.java:135)
	at app//org.junit.jupiter.engine.descriptor.TestMethodTestDescriptor.execute(TestMethodTestDescriptor.java:66)
	at app//org.junit.platform.engine.support.hierarchical.NodeTestTask.lambda$executeRecursively$6(NodeTestTask.java:151)
	at app//org.junit.platform.engine.support.hierarchical.ThrowableCollector.execute(ThrowableCollector.java:73)
	at app//org.junit.platform.engine.support.hierarchical.NodeTestTask.lambda$executeRecursively$8(NodeTestTask.java:141)
	at app//org.junit.platform.engine.support.hierarchical.Node.around(Node.java:137)
	at app//org.junit.platform.engine.support.hierarchical.NodeTestTask.lambda$executeRecursively$9(NodeTestTask.java:139)
	at app//org.junit.platform.engine.support.hierarchical.ThrowableCollector.execute(ThrowableCollector.java:73)
	at app//org.junit.platform.engine.support.hierarchical.NodeTestTask.executeRecursively(NodeTestTask.java:138)
	at app//org.junit.platform.engine.support.hierarchical.NodeTestTask.execute(NodeTestTask.java:95)
	at java.base@11.0.18/java.util.ArrayList.forEach(ArrayList.java:1541)
	at app//org.junit.platform.engine.support.hierarchical.SameThreadHierarchicalTestExecutorService.invokeAll(SameThreadHierarchicalTestExecutorService.java:41)
	at app//org.junit.platform.engine.support.hierarchical.NodeTestTask.lambda$executeRecursively$6(NodeTestTask.java:155)
	at app//org.junit.platform.engine.support.hierarchical.ThrowableCollector.execute(ThrowableCollector.java:73)
	at app//org.junit.platform.engine.support.hierarchical.NodeTestTask.lambda$executeRecursively$8(NodeTestTask.java:141)
	at app//org.junit.platform.engine.support.hierarchical.Node.around(Node.java:137)
	at app//org.junit.platform.engine.support.hierarchical.NodeTestTask.lambda$executeRecursively$9(NodeTestTask.java:139)
	at app//org.junit.platform.engine.support.hierarchical.ThrowableCollector.execute(ThrowableCollector.java:73)
	at app//org.junit.platform.engine.support.hierarchical.NodeTestTask.executeRecursively(NodeTestTask.java:138)
	at app//org.junit.platform.engine.support.hierarchical.NodeTestTask.execute(NodeTestTask.java:95)
	at java.base@11.0.18/java.util.ArrayList.forEach(ArrayList.java:1541)
	at app//org.junit.platform.engine.support.hierarchical.SameThreadHierarchicalTestExecutorService.invokeAll(SameThreadHierarchicalTestExecutorService.java:41)
	at app//org.junit.platform.engine.support.hierarchical.NodeTestTask.lambda$executeRecursively$6(NodeTestTask.java:155)
	at app//org.junit.platform.engine.support.hierarchical.ThrowableCollector.execute(ThrowableCollector.java:73)
	at app//org.junit.platform.engine.support.hierarchical.NodeTestTask.lambda$executeRecursively$8(NodeTestTask.java:141)
	at app//org.junit.platform.engine.support.hierarchical.Node.around(Node.java:137)
	at app//org.junit.platform.engine.support.hierarchical.NodeTestTask.lambda$executeRecursively$9(NodeTestTask.java:139)
	at app//org.junit.platform.engine.support.hierarchical.ThrowableCollector.execute(ThrowableCollector.java:73)
	at app//org.junit.platform.engine.support.hierarchical.NodeTestTask.executeRecursively(NodeTestTask.java:138)
	at app//org.junit.platform.engine.support.hierarchical.NodeTestTask.execute(NodeTestTask.java:95)
	at app//org.junit.platform.engine.support.hierarchical.SameThreadHierarchicalTestExecutorService.submit(SameThreadHierarchicalTestExecutorService.java:35)
	at app//org.junit.platform.engine.support.hierarchical.HierarchicalTestExecutor.execute(HierarchicalTestExecutor.java:57)
	at app//org.junit.platform.engine.support.hierarchical.HierarchicalTestEngine.execute(HierarchicalTestEngine.java:54)
	at org.junit.platform.launcher.core.EngineExecutionOrchestrator.execute(EngineExecutionOrchestrator.java:107)
	at org.junit.platform.launcher.core.EngineExecutionOrchestrator.execute(EngineExecutionOrchestrator.java:88)
	at org.junit.platform.launcher.core.EngineExecutionOrchestrator.lambda$execute$0(EngineExecutionOrchestrator.java:54)
	at org.junit.platform.launcher.core.EngineExecutionOrchestrator.withInterceptedStreams(EngineExecutionOrchestrator.java:67)
	at org.junit.platform.launcher.core.EngineExecutionOrchestrator.execute(EngineExecutionOrchestrator.java:52)
	at org.junit.platform.launcher.core.DefaultLauncher.execute(DefaultLauncher.java:114)
	at org.junit.platform.launcher.core.DefaultLauncher.execute(DefaultLauncher.java:86)
	at org.junit.platform.launcher.core.DefaultLauncherSession$DelegatingLauncher.execute(DefaultLauncherSession.java:86)
	at org.junit.platform.launcher.core.SessionPerRequestLauncher.execute(SessionPerRequestLauncher.java:53)
	at org.gradle.api.internal.tasks.testing.junitplatform.JUnitPlatformTestClassProcessor$CollectAllTestClassesExecutor.processAllTestClasses(JUnitPlatformTestClassProcessor.java:99)
	at org.gradle.api.internal.tasks.testing.junitplatform.JUnitPlatformTestClassProcessor$CollectAllTestClassesExecutor.access$000(JUnitPlatformTestClassProcessor.java:79)
	at org.gradle.api.internal.tasks.testing.junitplatform.JUnitPlatformTestClassProcessor.stop(JUnitPlatformTestClassProcessor.java:75)
	at org.gradle.api.internal.tasks.testing.SuiteTestClassProcessor.stop(SuiteTestClassProcessor.java:62)
	at java.base@11.0.18/jdk.internal.reflect.NativeMethodAccessorImpl.invoke0(Native Method)
	at java.base@11.0.18/jdk.internal.reflect.NativeMethodAccessorImpl.invoke(NativeMethodAccessorImpl.java:62)
	at java.base@11.0.18/jdk.internal.reflect.DelegatingMethodAccessorImpl.invoke(DelegatingMethodAccessorImpl.java:43)
	at java.base@11.0.18/java.lang.reflect.Method.invoke(Method.java:566)
	at org.gradle.internal.dispatch.ReflectionDispatch.dispatch(ReflectionDispatch.java:36)
	at org.gradle.internal.dispatch.ReflectionDispatch.dispatch(ReflectionDispatch.java:24)
	at org.gradle.internal.dispatch.ContextClassLoaderDispatch.dispatch(ContextClassLoaderDispatch.java:33)
	at org.gradle.internal.dispatch.ProxyDispatchAdapter$DispatchingInvocationHandler.invoke(ProxyDispatchAdapter.java:94)
	at com.sun.proxy.$Proxy2.stop(Unknown Source)
	at org.gradle.api.internal.tasks.testing.worker.TestWorker$3.run(TestWorker.java:193)
	at org.gradle.api.internal.tasks.testing.worker.TestWorker.executeAndMaintainThreadName(TestWorker.java:129)
	at org.gradle.api.internal.tasks.testing.worker.TestWorker.execute(TestWorker.java:100)
	at org.gradle.api.internal.tasks.testing.worker.TestWorker.execute(TestWorker.java:60)
	at org.gradle.process.internal.worker.child.ActionExecutionWorker.execute(ActionExecutionWorker.java:56)
	at org.gradle.process.internal.worker.child.SystemApplicationClassLoaderWorker.call(SystemApplicationClassLoaderWorker.java:113)
	at org.gradle.process.internal.worker.child.SystemApplicationClassLoaderWorker.call(SystemApplicationClassLoaderWorker.java:65)
	at app//worker.org.gradle.process.internal.worker.GradleWorkerMain.run(GradleWorkerMain.java:69)
	at app//worker.org.gradle.process.internal.worker.GradleWorkerMain.main(GradleWorkerMain.java:74)
</failure>
  </testcase>
  <testcase name="MiniExamples_fullmacro" classname="de.uka.ilkd.key.proof.runallproofs.RunAllProofsInfFlow" time="1.236">
    <failure message="org.opentest4j.AssertionFailedError: Executed process terminated with non-zero exit value. ==&gt; expected: &lt;0&gt; but was: &lt;1&gt;" type="org.opentest4j.AssertionFailedError">org.opentest4j.AssertionFailedError: Executed process terminated with non-zero exit value. ==&gt; expected: &lt;0&gt; but was: &lt;1&gt;
	at app//org.junit.jupiter.api.AssertionUtils.fail(AssertionUtils.java:55)
	at app//org.junit.jupiter.api.AssertionUtils.failNotEqual(AssertionUtils.java:62)
	at app//org.junit.jupiter.api.AssertEquals.assertEquals(AssertEquals.java:150)
	at app//org.junit.jupiter.api.Assertions.assertEquals(Assertions.java:559)
	at app//de.uka.ilkd.key.proof.runallproofs.proofcollection.ForkedTestFileRunner.processTestFiles(ForkedTestFileRunner.java:129)
	at app//de.uka.ilkd.key.proof.runallproofs.RunAllProofsTestUnit.runTest(RunAllProofsTestUnit.java:85)
	at app//de.uka.ilkd.key.proof.runallproofs.RunAllProofsTest.lambda$data$0(RunAllProofsTest.java:83)
	at app//org.junit.jupiter.engine.descriptor.DynamicTestTestDescriptor.lambda$execute$0(DynamicTestTestDescriptor.java:53)
	at app//org.junit.jupiter.engine.execution.InvocationInterceptorChain$ValidatingInvocation.proceed(InvocationInterceptorChain.java:131)
	at app//org.junit.jupiter.api.extension.InvocationInterceptor.interceptDynamicTest(InvocationInterceptor.java:167)
	at app//org.junit.jupiter.api.extension.InvocationInterceptor.interceptDynamicTest(InvocationInterceptor.java:184)
	at app//org.junit.jupiter.engine.descriptor.DynamicTestTestDescriptor.lambda$execute$1(DynamicTestTestDescriptor.java:61)
	at app//org.junit.jupiter.engine.execution.InvocationInterceptorChain$InterceptorCall.lambda$ofVoid$0(InvocationInterceptorChain.java:78)
	at app//org.junit.jupiter.engine.execution.InvocationInterceptorChain$InterceptedInvocation.proceed(InvocationInterceptorChain.java:106)
	at app//org.junit.jupiter.engine.execution.InvocationInterceptorChain.proceed(InvocationInterceptorChain.java:64)
	at app//org.junit.jupiter.engine.execution.InvocationInterceptorChain.chainAndInvoke(InvocationInterceptorChain.java:45)
	at app//org.junit.jupiter.engine.execution.InvocationInterceptorChain.invoke(InvocationInterceptorChain.java:37)
	at app//org.junit.jupiter.engine.descriptor.DynamicTestTestDescriptor.execute(DynamicTestTestDescriptor.java:60)
	at app//org.junit.jupiter.engine.descriptor.DynamicTestTestDescriptor.execute(DynamicTestTestDescriptor.java:32)
	at app//org.junit.platform.engine.support.hierarchical.NodeTestTask.lambda$executeRecursively$6(NodeTestTask.java:151)
	at app//org.junit.platform.engine.support.hierarchical.ThrowableCollector.execute(ThrowableCollector.java:73)
	at app//org.junit.platform.engine.support.hierarchical.NodeTestTask.lambda$executeRecursively$8(NodeTestTask.java:141)
	at app//org.junit.platform.engine.support.hierarchical.Node.around(Node.java:137)
	at app//org.junit.platform.engine.support.hierarchical.NodeTestTask.lambda$executeRecursively$9(NodeTestTask.java:139)
	at app//org.junit.platform.engine.support.hierarchical.ThrowableCollector.execute(ThrowableCollector.java:73)
	at app//org.junit.platform.engine.support.hierarchical.NodeTestTask.executeRecursively(NodeTestTask.java:138)
	at app//org.junit.platform.engine.support.hierarchical.NodeTestTask.execute(NodeTestTask.java:95)
	at app//org.junit.platform.engine.support.hierarchical.SameThreadHierarchicalTestExecutorService.submit(SameThreadHierarchicalTestExecutorService.java:35)
	at app//org.junit.platform.engine.support.hierarchical.NodeTestTask$DefaultDynamicTestExecutor.execute(NodeTestTask.java:226)
	at app//org.junit.platform.engine.support.hierarchical.NodeTestTask$DefaultDynamicTestExecutor.execute(NodeTestTask.java:204)
	at java.base@11.0.18/java.util.Optional.ifPresent(Optional.java:183)
	at app//org.junit.jupiter.engine.descriptor.TestFactoryTestDescriptor.lambda$invokeTestMethod$1(TestFactoryTestDescriptor.java:108)
	at app//org.junit.platform.engine.support.hierarchical.ThrowableCollector.execute(ThrowableCollector.java:73)
	at app//org.junit.jupiter.engine.descriptor.TestFactoryTestDescriptor.invokeTestMethod(TestFactoryTestDescriptor.java:95)
	at app//org.junit.jupiter.engine.descriptor.TestMethodTestDescriptor.execute(TestMethodTestDescriptor.java:135)
	at app//org.junit.jupiter.engine.descriptor.TestMethodTestDescriptor.execute(TestMethodTestDescriptor.java:66)
	at app//org.junit.platform.engine.support.hierarchical.NodeTestTask.lambda$executeRecursively$6(NodeTestTask.java:151)
	at app//org.junit.platform.engine.support.hierarchical.ThrowableCollector.execute(ThrowableCollector.java:73)
	at app//org.junit.platform.engine.support.hierarchical.NodeTestTask.lambda$executeRecursively$8(NodeTestTask.java:141)
	at app//org.junit.platform.engine.support.hierarchical.Node.around(Node.java:137)
	at app//org.junit.platform.engine.support.hierarchical.NodeTestTask.lambda$executeRecursively$9(NodeTestTask.java:139)
	at app//org.junit.platform.engine.support.hierarchical.ThrowableCollector.execute(ThrowableCollector.java:73)
	at app//org.junit.platform.engine.support.hierarchical.NodeTestTask.executeRecursively(NodeTestTask.java:138)
	at app//org.junit.platform.engine.support.hierarchical.NodeTestTask.execute(NodeTestTask.java:95)
	at java.base@11.0.18/java.util.ArrayList.forEach(ArrayList.java:1541)
	at app//org.junit.platform.engine.support.hierarchical.SameThreadHierarchicalTestExecutorService.invokeAll(SameThreadHierarchicalTestExecutorService.java:41)
	at app//org.junit.platform.engine.support.hierarchical.NodeTestTask.lambda$executeRecursively$6(NodeTestTask.java:155)
	at app//org.junit.platform.engine.support.hierarchical.ThrowableCollector.execute(ThrowableCollector.java:73)
	at app//org.junit.platform.engine.support.hierarchical.NodeTestTask.lambda$executeRecursively$8(NodeTestTask.java:141)
	at app//org.junit.platform.engine.support.hierarchical.Node.around(Node.java:137)
	at app//org.junit.platform.engine.support.hierarchical.NodeTestTask.lambda$executeRecursively$9(NodeTestTask.java:139)
	at app//org.junit.platform.engine.support.hierarchical.ThrowableCollector.execute(ThrowableCollector.java:73)
	at app//org.junit.platform.engine.support.hierarchical.NodeTestTask.executeRecursively(NodeTestTask.java:138)
	at app//org.junit.platform.engine.support.hierarchical.NodeTestTask.execute(NodeTestTask.java:95)
	at java.base@11.0.18/java.util.ArrayList.forEach(ArrayList.java:1541)
	at app//org.junit.platform.engine.support.hierarchical.SameThreadHierarchicalTestExecutorService.invokeAll(SameThreadHierarchicalTestExecutorService.java:41)
	at app//org.junit.platform.engine.support.hierarchical.NodeTestTask.lambda$executeRecursively$6(NodeTestTask.java:155)
	at app//org.junit.platform.engine.support.hierarchical.ThrowableCollector.execute(ThrowableCollector.java:73)
	at app//org.junit.platform.engine.support.hierarchical.NodeTestTask.lambda$executeRecursively$8(NodeTestTask.java:141)
	at app//org.junit.platform.engine.support.hierarchical.Node.around(Node.java:137)
	at app//org.junit.platform.engine.support.hierarchical.NodeTestTask.lambda$executeRecursively$9(NodeTestTask.java:139)
	at app//org.junit.platform.engine.support.hierarchical.ThrowableCollector.execute(ThrowableCollector.java:73)
	at app//org.junit.platform.engine.support.hierarchical.NodeTestTask.executeRecursively(NodeTestTask.java:138)
	at app//org.junit.platform.engine.support.hierarchical.NodeTestTask.execute(NodeTestTask.java:95)
	at app//org.junit.platform.engine.support.hierarchical.SameThreadHierarchicalTestExecutorService.submit(SameThreadHierarchicalTestExecutorService.java:35)
	at app//org.junit.platform.engine.support.hierarchical.HierarchicalTestExecutor.execute(HierarchicalTestExecutor.java:57)
	at app//org.junit.platform.engine.support.hierarchical.HierarchicalTestEngine.execute(HierarchicalTestEngine.java:54)
	at org.junit.platform.launcher.core.EngineExecutionOrchestrator.execute(EngineExecutionOrchestrator.java:107)
	at org.junit.platform.launcher.core.EngineExecutionOrchestrator.execute(EngineExecutionOrchestrator.java:88)
	at org.junit.platform.launcher.core.EngineExecutionOrchestrator.lambda$execute$0(EngineExecutionOrchestrator.java:54)
	at org.junit.platform.launcher.core.EngineExecutionOrchestrator.withInterceptedStreams(EngineExecutionOrchestrator.java:67)
	at org.junit.platform.launcher.core.EngineExecutionOrchestrator.execute(EngineExecutionOrchestrator.java:52)
	at org.junit.platform.launcher.core.DefaultLauncher.execute(DefaultLauncher.java:114)
	at org.junit.platform.launcher.core.DefaultLauncher.execute(DefaultLauncher.java:86)
	at org.junit.platform.launcher.core.DefaultLauncherSession$DelegatingLauncher.execute(DefaultLauncherSession.java:86)
	at org.junit.platform.launcher.core.SessionPerRequestLauncher.execute(SessionPerRequestLauncher.java:53)
	at org.gradle.api.internal.tasks.testing.junitplatform.JUnitPlatformTestClassProcessor$CollectAllTestClassesExecutor.processAllTestClasses(JUnitPlatformTestClassProcessor.java:99)
	at org.gradle.api.internal.tasks.testing.junitplatform.JUnitPlatformTestClassProcessor$CollectAllTestClassesExecutor.access$000(JUnitPlatformTestClassProcessor.java:79)
	at org.gradle.api.internal.tasks.testing.junitplatform.JUnitPlatformTestClassProcessor.stop(JUnitPlatformTestClassProcessor.java:75)
	at org.gradle.api.internal.tasks.testing.SuiteTestClassProcessor.stop(SuiteTestClassProcessor.java:62)
	at java.base@11.0.18/jdk.internal.reflect.NativeMethodAccessorImpl.invoke0(Native Method)
	at java.base@11.0.18/jdk.internal.reflect.NativeMethodAccessorImpl.invoke(NativeMethodAccessorImpl.java:62)
	at java.base@11.0.18/jdk.internal.reflect.DelegatingMethodAccessorImpl.invoke(DelegatingMethodAccessorImpl.java:43)
	at java.base@11.0.18/java.lang.reflect.Method.invoke(Method.java:566)
	at org.gradle.internal.dispatch.ReflectionDispatch.dispatch(ReflectionDispatch.java:36)
	at org.gradle.internal.dispatch.ReflectionDispatch.dispatch(ReflectionDispatch.java:24)
	at org.gradle.internal.dispatch.ContextClassLoaderDispatch.dispatch(ContextClassLoaderDispatch.java:33)
	at org.gradle.internal.dispatch.ProxyDispatchAdapter$DispatchingInvocationHandler.invoke(ProxyDispatchAdapter.java:94)
	at com.sun.proxy.$Proxy2.stop(Unknown Source)
	at org.gradle.api.internal.tasks.testing.worker.TestWorker$3.run(TestWorker.java:193)
	at org.gradle.api.internal.tasks.testing.worker.TestWorker.executeAndMaintainThreadName(TestWorker.java:129)
	at org.gradle.api.internal.tasks.testing.worker.TestWorker.execute(TestWorker.java:100)
	at org.gradle.api.internal.tasks.testing.worker.TestWorker.execute(TestWorker.java:60)
	at org.gradle.process.internal.worker.child.ActionExecutionWorker.execute(ActionExecutionWorker.java:56)
	at org.gradle.process.internal.worker.child.SystemApplicationClassLoaderWorker.call(SystemApplicationClassLoaderWorker.java:113)
	at org.gradle.process.internal.worker.child.SystemApplicationClassLoaderWorker.call(SystemApplicationClassLoaderWorker.java:65)
	at app//worker.org.gradle.process.internal.worker.GradleWorkerMain.run(GradleWorkerMain.java:69)
	at app//worker.org.gradle.process.internal.worker.GradleWorkerMain.main(GradleWorkerMain.java:74)
</failure>
  </testcase>
  <testcase name="NewObjects_fullmacro" classname="de.uka.ilkd.key.proof.runallproofs.RunAllProofsInfFlow" time="1.167">
    <failure message="org.opentest4j.AssertionFailedError: Executed process terminated with non-zero exit value. ==&gt; expected: &lt;0&gt; but was: &lt;1&gt;" type="org.opentest4j.AssertionFailedError">org.opentest4j.AssertionFailedError: Executed process terminated with non-zero exit value. ==&gt; expected: &lt;0&gt; but was: &lt;1&gt;
	at app//org.junit.jupiter.api.AssertionUtils.fail(AssertionUtils.java:55)
	at app//org.junit.jupiter.api.AssertionUtils.failNotEqual(AssertionUtils.java:62)
	at app//org.junit.jupiter.api.AssertEquals.assertEquals(AssertEquals.java:150)
	at app//org.junit.jupiter.api.Assertions.assertEquals(Assertions.java:559)
	at app//de.uka.ilkd.key.proof.runallproofs.proofcollection.ForkedTestFileRunner.processTestFiles(ForkedTestFileRunner.java:129)
	at app//de.uka.ilkd.key.proof.runallproofs.RunAllProofsTestUnit.runTest(RunAllProofsTestUnit.java:85)
	at app//de.uka.ilkd.key.proof.runallproofs.RunAllProofsTest.lambda$data$0(RunAllProofsTest.java:83)
	at app//org.junit.jupiter.engine.descriptor.DynamicTestTestDescriptor.lambda$execute$0(DynamicTestTestDescriptor.java:53)
	at app//org.junit.jupiter.engine.execution.InvocationInterceptorChain$ValidatingInvocation.proceed(InvocationInterceptorChain.java:131)
	at app//org.junit.jupiter.api.extension.InvocationInterceptor.interceptDynamicTest(InvocationInterceptor.java:167)
	at app//org.junit.jupiter.api.extension.InvocationInterceptor.interceptDynamicTest(InvocationInterceptor.java:184)
	at app//org.junit.jupiter.engine.descriptor.DynamicTestTestDescriptor.lambda$execute$1(DynamicTestTestDescriptor.java:61)
	at app//org.junit.jupiter.engine.execution.InvocationInterceptorChain$InterceptorCall.lambda$ofVoid$0(InvocationInterceptorChain.java:78)
	at app//org.junit.jupiter.engine.execution.InvocationInterceptorChain$InterceptedInvocation.proceed(InvocationInterceptorChain.java:106)
	at app//org.junit.jupiter.engine.execution.InvocationInterceptorChain.proceed(InvocationInterceptorChain.java:64)
	at app//org.junit.jupiter.engine.execution.InvocationInterceptorChain.chainAndInvoke(InvocationInterceptorChain.java:45)
	at app//org.junit.jupiter.engine.execution.InvocationInterceptorChain.invoke(InvocationInterceptorChain.java:37)
	at app//org.junit.jupiter.engine.descriptor.DynamicTestTestDescriptor.execute(DynamicTestTestDescriptor.java:60)
	at app//org.junit.jupiter.engine.descriptor.DynamicTestTestDescriptor.execute(DynamicTestTestDescriptor.java:32)
	at app//org.junit.platform.engine.support.hierarchical.NodeTestTask.lambda$executeRecursively$6(NodeTestTask.java:151)
	at app//org.junit.platform.engine.support.hierarchical.ThrowableCollector.execute(ThrowableCollector.java:73)
	at app//org.junit.platform.engine.support.hierarchical.NodeTestTask.lambda$executeRecursively$8(NodeTestTask.java:141)
	at app//org.junit.platform.engine.support.hierarchical.Node.around(Node.java:137)
	at app//org.junit.platform.engine.support.hierarchical.NodeTestTask.lambda$executeRecursively$9(NodeTestTask.java:139)
	at app//org.junit.platform.engine.support.hierarchical.ThrowableCollector.execute(ThrowableCollector.java:73)
	at app//org.junit.platform.engine.support.hierarchical.NodeTestTask.executeRecursively(NodeTestTask.java:138)
	at app//org.junit.platform.engine.support.hierarchical.NodeTestTask.execute(NodeTestTask.java:95)
	at app//org.junit.platform.engine.support.hierarchical.SameThreadHierarchicalTestExecutorService.submit(SameThreadHierarchicalTestExecutorService.java:35)
	at app//org.junit.platform.engine.support.hierarchical.NodeTestTask$DefaultDynamicTestExecutor.execute(NodeTestTask.java:226)
	at app//org.junit.platform.engine.support.hierarchical.NodeTestTask$DefaultDynamicTestExecutor.execute(NodeTestTask.java:204)
	at java.base@11.0.18/java.util.Optional.ifPresent(Optional.java:183)
	at app//org.junit.jupiter.engine.descriptor.TestFactoryTestDescriptor.lambda$invokeTestMethod$1(TestFactoryTestDescriptor.java:108)
	at app//org.junit.platform.engine.support.hierarchical.ThrowableCollector.execute(ThrowableCollector.java:73)
	at app//org.junit.jupiter.engine.descriptor.TestFactoryTestDescriptor.invokeTestMethod(TestFactoryTestDescriptor.java:95)
	at app//org.junit.jupiter.engine.descriptor.TestMethodTestDescriptor.execute(TestMethodTestDescriptor.java:135)
	at app//org.junit.jupiter.engine.descriptor.TestMethodTestDescriptor.execute(TestMethodTestDescriptor.java:66)
	at app//org.junit.platform.engine.support.hierarchical.NodeTestTask.lambda$executeRecursively$6(NodeTestTask.java:151)
	at app//org.junit.platform.engine.support.hierarchical.ThrowableCollector.execute(ThrowableCollector.java:73)
	at app//org.junit.platform.engine.support.hierarchical.NodeTestTask.lambda$executeRecursively$8(NodeTestTask.java:141)
	at app//org.junit.platform.engine.support.hierarchical.Node.around(Node.java:137)
	at app//org.junit.platform.engine.support.hierarchical.NodeTestTask.lambda$executeRecursively$9(NodeTestTask.java:139)
	at app//org.junit.platform.engine.support.hierarchical.ThrowableCollector.execute(ThrowableCollector.java:73)
	at app//org.junit.platform.engine.support.hierarchical.NodeTestTask.executeRecursively(NodeTestTask.java:138)
	at app//org.junit.platform.engine.support.hierarchical.NodeTestTask.execute(NodeTestTask.java:95)
	at java.base@11.0.18/java.util.ArrayList.forEach(ArrayList.java:1541)
	at app//org.junit.platform.engine.support.hierarchical.SameThreadHierarchicalTestExecutorService.invokeAll(SameThreadHierarchicalTestExecutorService.java:41)
	at app//org.junit.platform.engine.support.hierarchical.NodeTestTask.lambda$executeRecursively$6(NodeTestTask.java:155)
	at app//org.junit.platform.engine.support.hierarchical.ThrowableCollector.execute(ThrowableCollector.java:73)
	at app//org.junit.platform.engine.support.hierarchical.NodeTestTask.lambda$executeRecursively$8(NodeTestTask.java:141)
	at app//org.junit.platform.engine.support.hierarchical.Node.around(Node.java:137)
	at app//org.junit.platform.engine.support.hierarchical.NodeTestTask.lambda$executeRecursively$9(NodeTestTask.java:139)
	at app//org.junit.platform.engine.support.hierarchical.ThrowableCollector.execute(ThrowableCollector.java:73)
	at app//org.junit.platform.engine.support.hierarchical.NodeTestTask.executeRecursively(NodeTestTask.java:138)
	at app//org.junit.platform.engine.support.hierarchical.NodeTestTask.execute(NodeTestTask.java:95)
	at java.base@11.0.18/java.util.ArrayList.forEach(ArrayList.java:1541)
	at app//org.junit.platform.engine.support.hierarchical.SameThreadHierarchicalTestExecutorService.invokeAll(SameThreadHierarchicalTestExecutorService.java:41)
	at app//org.junit.platform.engine.support.hierarchical.NodeTestTask.lambda$executeRecursively$6(NodeTestTask.java:155)
	at app//org.junit.platform.engine.support.hierarchical.ThrowableCollector.execute(ThrowableCollector.java:73)
	at app//org.junit.platform.engine.support.hierarchical.NodeTestTask.lambda$executeRecursively$8(NodeTestTask.java:141)
	at app//org.junit.platform.engine.support.hierarchical.Node.around(Node.java:137)
	at app//org.junit.platform.engine.support.hierarchical.NodeTestTask.lambda$executeRecursively$9(NodeTestTask.java:139)
	at app//org.junit.platform.engine.support.hierarchical.ThrowableCollector.execute(ThrowableCollector.java:73)
	at app//org.junit.platform.engine.support.hierarchical.NodeTestTask.executeRecursively(NodeTestTask.java:138)
	at app//org.junit.platform.engine.support.hierarchical.NodeTestTask.execute(NodeTestTask.java:95)
	at app//org.junit.platform.engine.support.hierarchical.SameThreadHierarchicalTestExecutorService.submit(SameThreadHierarchicalTestExecutorService.java:35)
	at app//org.junit.platform.engine.support.hierarchical.HierarchicalTestExecutor.execute(HierarchicalTestExecutor.java:57)
	at app//org.junit.platform.engine.support.hierarchical.HierarchicalTestEngine.execute(HierarchicalTestEngine.java:54)
	at org.junit.platform.launcher.core.EngineExecutionOrchestrator.execute(EngineExecutionOrchestrator.java:107)
	at org.junit.platform.launcher.core.EngineExecutionOrchestrator.execute(EngineExecutionOrchestrator.java:88)
	at org.junit.platform.launcher.core.EngineExecutionOrchestrator.lambda$execute$0(EngineExecutionOrchestrator.java:54)
	at org.junit.platform.launcher.core.EngineExecutionOrchestrator.withInterceptedStreams(EngineExecutionOrchestrator.java:67)
	at org.junit.platform.launcher.core.EngineExecutionOrchestrator.execute(EngineExecutionOrchestrator.java:52)
	at org.junit.platform.launcher.core.DefaultLauncher.execute(DefaultLauncher.java:114)
	at org.junit.platform.launcher.core.DefaultLauncher.execute(DefaultLauncher.java:86)
	at org.junit.platform.launcher.core.DefaultLauncherSession$DelegatingLauncher.execute(DefaultLauncherSession.java:86)
	at org.junit.platform.launcher.core.SessionPerRequestLauncher.execute(SessionPerRequestLauncher.java:53)
	at org.gradle.api.internal.tasks.testing.junitplatform.JUnitPlatformTestClassProcessor$CollectAllTestClassesExecutor.processAllTestClasses(JUnitPlatformTestClassProcessor.java:99)
	at org.gradle.api.internal.tasks.testing.junitplatform.JUnitPlatformTestClassProcessor$CollectAllTestClassesExecutor.access$000(JUnitPlatformTestClassProcessor.java:79)
	at org.gradle.api.internal.tasks.testing.junitplatform.JUnitPlatformTestClassProcessor.stop(JUnitPlatformTestClassProcessor.java:75)
	at org.gradle.api.internal.tasks.testing.SuiteTestClassProcessor.stop(SuiteTestClassProcessor.java:62)
	at java.base@11.0.18/jdk.internal.reflect.NativeMethodAccessorImpl.invoke0(Native Method)
	at java.base@11.0.18/jdk.internal.reflect.NativeMethodAccessorImpl.invoke(NativeMethodAccessorImpl.java:62)
	at java.base@11.0.18/jdk.internal.reflect.DelegatingMethodAccessorImpl.invoke(DelegatingMethodAccessorImpl.java:43)
	at java.base@11.0.18/java.lang.reflect.Method.invoke(Method.java:566)
	at org.gradle.internal.dispatch.ReflectionDispatch.dispatch(ReflectionDispatch.java:36)
	at org.gradle.internal.dispatch.ReflectionDispatch.dispatch(ReflectionDispatch.java:24)
	at org.gradle.internal.dispatch.ContextClassLoaderDispatch.dispatch(ContextClassLoaderDispatch.java:33)
	at org.gradle.internal.dispatch.ProxyDispatchAdapter$DispatchingInvocationHandler.invoke(ProxyDispatchAdapter.java:94)
	at com.sun.proxy.$Proxy2.stop(Unknown Source)
	at org.gradle.api.internal.tasks.testing.worker.TestWorker$3.run(TestWorker.java:193)
	at org.gradle.api.internal.tasks.testing.worker.TestWorker.executeAndMaintainThreadName(TestWorker.java:129)
	at org.gradle.api.internal.tasks.testing.worker.TestWorker.execute(TestWorker.java:100)
	at org.gradle.api.internal.tasks.testing.worker.TestWorker.execute(TestWorker.java:60)
	at org.gradle.process.internal.worker.child.ActionExecutionWorker.execute(ActionExecutionWorker.java:56)
	at org.gradle.process.internal.worker.child.SystemApplicationClassLoaderWorker.call(SystemApplicationClassLoaderWorker.java:113)
	at org.gradle.process.internal.worker.child.SystemApplicationClassLoaderWorker.call(SystemApplicationClassLoaderWorker.java:65)
	at app//worker.org.gradle.process.internal.worker.GradleWorkerMain.run(GradleWorkerMain.java:69)
	at app//worker.org.gradle.process.internal.worker.GradleWorkerMain.main(GradleWorkerMain.java:74)
</failure>
  </testcase>
  <testcase name="SimpleEvoting_fullmacro" classname="de.uka.ilkd.key.proof.runallproofs.RunAllProofsInfFlow" time="1.082">
    <failure message="org.opentest4j.AssertionFailedError: Executed process terminated with non-zero exit value. ==&gt; expected: &lt;0&gt; but was: &lt;1&gt;" type="org.opentest4j.AssertionFailedError">org.opentest4j.AssertionFailedError: Executed process terminated with non-zero exit value. ==&gt; expected: &lt;0&gt; but was: &lt;1&gt;
	at app//org.junit.jupiter.api.AssertionUtils.fail(AssertionUtils.java:55)
	at app//org.junit.jupiter.api.AssertionUtils.failNotEqual(AssertionUtils.java:62)
	at app//org.junit.jupiter.api.AssertEquals.assertEquals(AssertEquals.java:150)
	at app//org.junit.jupiter.api.Assertions.assertEquals(Assertions.java:559)
	at app//de.uka.ilkd.key.proof.runallproofs.proofcollection.ForkedTestFileRunner.processTestFiles(ForkedTestFileRunner.java:129)
	at app//de.uka.ilkd.key.proof.runallproofs.RunAllProofsTestUnit.runTest(RunAllProofsTestUnit.java:85)
	at app//de.uka.ilkd.key.proof.runallproofs.RunAllProofsTest.lambda$data$0(RunAllProofsTest.java:83)
	at app//org.junit.jupiter.engine.descriptor.DynamicTestTestDescriptor.lambda$execute$0(DynamicTestTestDescriptor.java:53)
	at app//org.junit.jupiter.engine.execution.InvocationInterceptorChain$ValidatingInvocation.proceed(InvocationInterceptorChain.java:131)
	at app//org.junit.jupiter.api.extension.InvocationInterceptor.interceptDynamicTest(InvocationInterceptor.java:167)
	at app//org.junit.jupiter.api.extension.InvocationInterceptor.interceptDynamicTest(InvocationInterceptor.java:184)
	at app//org.junit.jupiter.engine.descriptor.DynamicTestTestDescriptor.lambda$execute$1(DynamicTestTestDescriptor.java:61)
	at app//org.junit.jupiter.engine.execution.InvocationInterceptorChain$InterceptorCall.lambda$ofVoid$0(InvocationInterceptorChain.java:78)
	at app//org.junit.jupiter.engine.execution.InvocationInterceptorChain$InterceptedInvocation.proceed(InvocationInterceptorChain.java:106)
	at app//org.junit.jupiter.engine.execution.InvocationInterceptorChain.proceed(InvocationInterceptorChain.java:64)
	at app//org.junit.jupiter.engine.execution.InvocationInterceptorChain.chainAndInvoke(InvocationInterceptorChain.java:45)
	at app//org.junit.jupiter.engine.execution.InvocationInterceptorChain.invoke(InvocationInterceptorChain.java:37)
	at app//org.junit.jupiter.engine.descriptor.DynamicTestTestDescriptor.execute(DynamicTestTestDescriptor.java:60)
	at app//org.junit.jupiter.engine.descriptor.DynamicTestTestDescriptor.execute(DynamicTestTestDescriptor.java:32)
	at app//org.junit.platform.engine.support.hierarchical.NodeTestTask.lambda$executeRecursively$6(NodeTestTask.java:151)
	at app//org.junit.platform.engine.support.hierarchical.ThrowableCollector.execute(ThrowableCollector.java:73)
	at app//org.junit.platform.engine.support.hierarchical.NodeTestTask.lambda$executeRecursively$8(NodeTestTask.java:141)
	at app//org.junit.platform.engine.support.hierarchical.Node.around(Node.java:137)
	at app//org.junit.platform.engine.support.hierarchical.NodeTestTask.lambda$executeRecursively$9(NodeTestTask.java:139)
	at app//org.junit.platform.engine.support.hierarchical.ThrowableCollector.execute(ThrowableCollector.java:73)
	at app//org.junit.platform.engine.support.hierarchical.NodeTestTask.executeRecursively(NodeTestTask.java:138)
	at app//org.junit.platform.engine.support.hierarchical.NodeTestTask.execute(NodeTestTask.java:95)
	at app//org.junit.platform.engine.support.hierarchical.SameThreadHierarchicalTestExecutorService.submit(SameThreadHierarchicalTestExecutorService.java:35)
	at app//org.junit.platform.engine.support.hierarchical.NodeTestTask$DefaultDynamicTestExecutor.execute(NodeTestTask.java:226)
	at app//org.junit.platform.engine.support.hierarchical.NodeTestTask$DefaultDynamicTestExecutor.execute(NodeTestTask.java:204)
	at java.base@11.0.18/java.util.Optional.ifPresent(Optional.java:183)
	at app//org.junit.jupiter.engine.descriptor.TestFactoryTestDescriptor.lambda$invokeTestMethod$1(TestFactoryTestDescriptor.java:108)
	at app//org.junit.platform.engine.support.hierarchical.ThrowableCollector.execute(ThrowableCollector.java:73)
	at app//org.junit.jupiter.engine.descriptor.TestFactoryTestDescriptor.invokeTestMethod(TestFactoryTestDescriptor.java:95)
	at app//org.junit.jupiter.engine.descriptor.TestMethodTestDescriptor.execute(TestMethodTestDescriptor.java:135)
	at app//org.junit.jupiter.engine.descriptor.TestMethodTestDescriptor.execute(TestMethodTestDescriptor.java:66)
	at app//org.junit.platform.engine.support.hierarchical.NodeTestTask.lambda$executeRecursively$6(NodeTestTask.java:151)
	at app//org.junit.platform.engine.support.hierarchical.ThrowableCollector.execute(ThrowableCollector.java:73)
	at app//org.junit.platform.engine.support.hierarchical.NodeTestTask.lambda$executeRecursively$8(NodeTestTask.java:141)
	at app//org.junit.platform.engine.support.hierarchical.Node.around(Node.java:137)
	at app//org.junit.platform.engine.support.hierarchical.NodeTestTask.lambda$executeRecursively$9(NodeTestTask.java:139)
	at app//org.junit.platform.engine.support.hierarchical.ThrowableCollector.execute(ThrowableCollector.java:73)
	at app//org.junit.platform.engine.support.hierarchical.NodeTestTask.executeRecursively(NodeTestTask.java:138)
	at app//org.junit.platform.engine.support.hierarchical.NodeTestTask.execute(NodeTestTask.java:95)
	at java.base@11.0.18/java.util.ArrayList.forEach(ArrayList.java:1541)
	at app//org.junit.platform.engine.support.hierarchical.SameThreadHierarchicalTestExecutorService.invokeAll(SameThreadHierarchicalTestExecutorService.java:41)
	at app//org.junit.platform.engine.support.hierarchical.NodeTestTask.lambda$executeRecursively$6(NodeTestTask.java:155)
	at app//org.junit.platform.engine.support.hierarchical.ThrowableCollector.execute(ThrowableCollector.java:73)
	at app//org.junit.platform.engine.support.hierarchical.NodeTestTask.lambda$executeRecursively$8(NodeTestTask.java:141)
	at app//org.junit.platform.engine.support.hierarchical.Node.around(Node.java:137)
	at app//org.junit.platform.engine.support.hierarchical.NodeTestTask.lambda$executeRecursively$9(NodeTestTask.java:139)
	at app//org.junit.platform.engine.support.hierarchical.ThrowableCollector.execute(ThrowableCollector.java:73)
	at app//org.junit.platform.engine.support.hierarchical.NodeTestTask.executeRecursively(NodeTestTask.java:138)
	at app//org.junit.platform.engine.support.hierarchical.NodeTestTask.execute(NodeTestTask.java:95)
	at java.base@11.0.18/java.util.ArrayList.forEach(ArrayList.java:1541)
	at app//org.junit.platform.engine.support.hierarchical.SameThreadHierarchicalTestExecutorService.invokeAll(SameThreadHierarchicalTestExecutorService.java:41)
	at app//org.junit.platform.engine.support.hierarchical.NodeTestTask.lambda$executeRecursively$6(NodeTestTask.java:155)
	at app//org.junit.platform.engine.support.hierarchical.ThrowableCollector.execute(ThrowableCollector.java:73)
	at app//org.junit.platform.engine.support.hierarchical.NodeTestTask.lambda$executeRecursively$8(NodeTestTask.java:141)
	at app//org.junit.platform.engine.support.hierarchical.Node.around(Node.java:137)
	at app//org.junit.platform.engine.support.hierarchical.NodeTestTask.lambda$executeRecursively$9(NodeTestTask.java:139)
	at app//org.junit.platform.engine.support.hierarchical.ThrowableCollector.execute(ThrowableCollector.java:73)
	at app//org.junit.platform.engine.support.hierarchical.NodeTestTask.executeRecursively(NodeTestTask.java:138)
	at app//org.junit.platform.engine.support.hierarchical.NodeTestTask.execute(NodeTestTask.java:95)
	at app//org.junit.platform.engine.support.hierarchical.SameThreadHierarchicalTestExecutorService.submit(SameThreadHierarchicalTestExecutorService.java:35)
	at app//org.junit.platform.engine.support.hierarchical.HierarchicalTestExecutor.execute(HierarchicalTestExecutor.java:57)
	at app//org.junit.platform.engine.support.hierarchical.HierarchicalTestEngine.execute(HierarchicalTestEngine.java:54)
	at org.junit.platform.launcher.core.EngineExecutionOrchestrator.execute(EngineExecutionOrchestrator.java:107)
	at org.junit.platform.launcher.core.EngineExecutionOrchestrator.execute(EngineExecutionOrchestrator.java:88)
	at org.junit.platform.launcher.core.EngineExecutionOrchestrator.lambda$execute$0(EngineExecutionOrchestrator.java:54)
	at org.junit.platform.launcher.core.EngineExecutionOrchestrator.withInterceptedStreams(EngineExecutionOrchestrator.java:67)
	at org.junit.platform.launcher.core.EngineExecutionOrchestrator.execute(EngineExecutionOrchestrator.java:52)
	at org.junit.platform.launcher.core.DefaultLauncher.execute(DefaultLauncher.java:114)
	at org.junit.platform.launcher.core.DefaultLauncher.execute(DefaultLauncher.java:86)
	at org.junit.platform.launcher.core.DefaultLauncherSession$DelegatingLauncher.execute(DefaultLauncherSession.java:86)
	at org.junit.platform.launcher.core.SessionPerRequestLauncher.execute(SessionPerRequestLauncher.java:53)
	at org.gradle.api.internal.tasks.testing.junitplatform.JUnitPlatformTestClassProcessor$CollectAllTestClassesExecutor.processAllTestClasses(JUnitPlatformTestClassProcessor.java:99)
	at org.gradle.api.internal.tasks.testing.junitplatform.JUnitPlatformTestClassProcessor$CollectAllTestClassesExecutor.access$000(JUnitPlatformTestClassProcessor.java:79)
	at org.gradle.api.internal.tasks.testing.junitplatform.JUnitPlatformTestClassProcessor.stop(JUnitPlatformTestClassProcessor.java:75)
	at org.gradle.api.internal.tasks.testing.SuiteTestClassProcessor.stop(SuiteTestClassProcessor.java:62)
	at java.base@11.0.18/jdk.internal.reflect.NativeMethodAccessorImpl.invoke0(Native Method)
	at java.base@11.0.18/jdk.internal.reflect.NativeMethodAccessorImpl.invoke(NativeMethodAccessorImpl.java:62)
	at java.base@11.0.18/jdk.internal.reflect.DelegatingMethodAccessorImpl.invoke(DelegatingMethodAccessorImpl.java:43)
	at java.base@11.0.18/java.lang.reflect.Method.invoke(Method.java:566)
	at org.gradle.internal.dispatch.ReflectionDispatch.dispatch(ReflectionDispatch.java:36)
	at org.gradle.internal.dispatch.ReflectionDispatch.dispatch(ReflectionDispatch.java:24)
	at org.gradle.internal.dispatch.ContextClassLoaderDispatch.dispatch(ContextClassLoaderDispatch.java:33)
	at org.gradle.internal.dispatch.ProxyDispatchAdapter$DispatchingInvocationHandler.invoke(ProxyDispatchAdapter.java:94)
	at com.sun.proxy.$Proxy2.stop(Unknown Source)
	at org.gradle.api.internal.tasks.testing.worker.TestWorker$3.run(TestWorker.java:193)
	at org.gradle.api.internal.tasks.testing.worker.TestWorker.executeAndMaintainThreadName(TestWorker.java:129)
	at org.gradle.api.internal.tasks.testing.worker.TestWorker.execute(TestWorker.java:100)
	at org.gradle.api.internal.tasks.testing.worker.TestWorker.execute(TestWorker.java:60)
	at org.gradle.process.internal.worker.child.ActionExecutionWorker.execute(ActionExecutionWorker.java:56)
	at org.gradle.process.internal.worker.child.SystemApplicationClassLoaderWorker.call(SystemApplicationClassLoaderWorker.java:113)
	at org.gradle.process.internal.worker.child.SystemApplicationClassLoaderWorker.call(SystemApplicationClassLoaderWorker.java:65)
	at app//worker.org.gradle.process.internal.worker.GradleWorkerMain.run(GradleWorkerMain.java:69)
	at app//worker.org.gradle.process.internal.worker.GradleWorkerMain.main(GradleWorkerMain.java:74)
</failure>
  </testcase>
  <system-out><![CDATA[17:40:54,471 |-INFO in ch.qos.logback.classic.LoggerContext[default] - Could NOT find resource [logback-test.xml]
17:40:54,472 |-INFO in ch.qos.logback.classic.LoggerContext[default] - Found resource [logback.xml] at [file:/home/runner/work/key/key/key.core/build/resources/test/logback.xml]
17:40:54,556 |-INFO in ch.qos.logback.classic.joran.action.ConfigurationAction - debug attribute not set
17:40:54,557 |-INFO in ch.qos.logback.core.joran.action.AppenderAction - About to instantiate appender of type [ch.qos.logback.core.ConsoleAppender]
17:40:54,562 |-INFO in ch.qos.logback.core.joran.action.AppenderAction - Naming appender as [STDOUT]
17:40:54,569 |-ERROR in ch.qos.logback.core.joran.spi.Interpreter@3:15 - no applicable action for [file], current ElementPath  is [[configuration][appender][file]]
17:40:54,569 |-ERROR in ch.qos.logback.core.joran.spi.Interpreter@4:17 - no applicable action for [append], current ElementPath  is [[configuration][appender][append]]
17:40:54,570 |-INFO in ch.qos.logback.core.joran.action.NestedComplexPropertyIA - Assuming default type [ch.qos.logback.classic.encoder.PatternLayoutEncoder] for [encoder] property
17:40:54,589 |-INFO in ch.qos.logback.classic.joran.action.RootLoggerAction - Setting level of ROOT logger to WARN
17:40:54,590 |-INFO in ch.qos.logback.core.joran.action.AppenderRefAction - Attaching appender named [STDOUT] to Logger[ROOT]
17:40:54,590 |-INFO in ch.qos.logback.classic.joran.action.ConfigurationAction - End of configuration.
17:40:54,590 |-INFO in ch.qos.logback.classic.joran.JoranConfigurator@19fb8826 - Registering current configuration as safe fallback point

Running test ToyVoting
17:40:54,910 |-INFO in ch.qos.logback.classic.LoggerContext[default] - Could NOT find resource [logback-test.xml]
17:40:54,911 |-INFO in ch.qos.logback.classic.LoggerContext[default] - Found resource [logback.xml] at [file:/home/runner/work/key/key/key.core/build/resources/test/logback.xml]
17:40:55,022 |-INFO in ch.qos.logback.classic.joran.action.ConfigurationAction - debug attribute not set
17:40:55,022 |-INFO in ch.qos.logback.core.joran.action.AppenderAction - About to instantiate appender of type [ch.qos.logback.core.ConsoleAppender]
17:40:55,037 |-INFO in ch.qos.logback.core.joran.action.AppenderAction - Naming appender as [STDOUT]
17:40:55,052 |-ERROR in ch.qos.logback.core.joran.spi.Interpreter@3:15 - no applicable action for [file], current ElementPath  is [[configuration][appender][file]]
17:40:55,052 |-ERROR in ch.qos.logback.core.joran.spi.Interpreter@4:17 - no applicable action for [append], current ElementPath  is [[configuration][appender][append]]
17:40:55,053 |-INFO in ch.qos.logback.core.joran.action.NestedComplexPropertyIA - Assuming default type [ch.qos.logback.classic.encoder.PatternLayoutEncoder] for [encoder] property
17:40:55,092 |-INFO in ch.qos.logback.classic.joran.action.RootLoggerAction - Setting level of ROOT logger to WARN
17:40:55,092 |-INFO in ch.qos.logback.core.joran.action.AppenderRefAction - Attaching appender named [STDOUT] to Logger[ROOT]
17:40:55,095 |-INFO in ch.qos.logback.classic.joran.action.ConfigurationAction - End of configuration.
17:40:55,097 |-INFO in ch.qos.logback.classic.joran.JoranConfigurator@2f177a4b - Registering current configuration as safe fallback point

342        WARN  main            d.u.i.k.s.ProofSettings   No proof-settings could be loaded, using defaults java.io.FileNotFoundException: /home/runner/.key/proof-settings.props (No such file or directory)
	at java.base/java.io.FileInputStream.open0(Native Method)

Running test ConditionalConfidential
17:40:56,137 |-INFO in ch.qos.logback.classic.LoggerContext[default] - Could NOT find resource [logback-test.xml]
17:40:56,137 |-INFO in ch.qos.logback.classic.LoggerContext[default] - Found resource [logback.xml] at [file:/home/runner/work/key/key/key.core/build/resources/test/logback.xml]
17:40:56,253 |-INFO in ch.qos.logback.classic.joran.action.ConfigurationAction - debug attribute not set
17:40:56,253 |-INFO in ch.qos.logback.core.joran.action.AppenderAction - About to instantiate appender of type [ch.qos.logback.core.ConsoleAppender]
17:40:56,267 |-INFO in ch.qos.logback.core.joran.action.AppenderAction - Naming appender as [STDOUT]
17:40:56,272 |-ERROR in ch.qos.logback.core.joran.spi.Interpreter@3:15 - no applicable action for [file], current ElementPath  is [[configuration][appender][file]]
17:40:56,272 |-ERROR in ch.qos.logback.core.joran.spi.Interpreter@4:17 - no applicable action for [append], current ElementPath  is [[configuration][appender][append]]
17:40:56,274 |-INFO in ch.qos.logback.core.joran.action.NestedComplexPropertyIA - Assuming default type [ch.qos.logback.classic.encoder.PatternLayoutEncoder] for [encoder] property
17:40:56,301 |-INFO in ch.qos.logback.classic.joran.action.RootLoggerAction - Setting level of ROOT logger to WARN
17:40:56,301 |-INFO in ch.qos.logback.core.joran.action.AppenderRefAction - Attaching appender named [STDOUT] to Logger[ROOT]
17:40:56,301 |-INFO in ch.qos.logback.classic.joran.action.ConfigurationAction - End of configuration.
17:40:56,303 |-INFO in ch.qos.logback.classic.joran.JoranConfigurator@2f177a4b - Registering current configuration as safe fallback point

315        WARN  main            d.u.i.k.s.ProofSettings   No proof-settings could be loaded, using defaults java.io.FileNotFoundException: /home/runner/.key/proof-settings.props (No such file or directory)
	at java.base/java.io.FileInputStream.open0(Native Method)

Running test SumExample
17:40:57,179 |-INFO in ch.qos.logback.classic.LoggerContext[default] - Could NOT find resource [logback-test.xml]
17:40:57,180 |-INFO in ch.qos.logback.classic.LoggerContext[default] - Found resource [logback.xml] at [file:/home/runner/work/key/key/key.core/build/resources/test/logback.xml]
17:40:57,296 |-INFO in ch.qos.logback.classic.joran.action.ConfigurationAction - debug attribute not set
17:40:57,296 |-INFO in ch.qos.logback.core.joran.action.AppenderAction - About to instantiate appender of type [ch.qos.logback.core.ConsoleAppender]
17:40:57,314 |-INFO in ch.qos.logback.core.joran.action.AppenderAction - Naming appender as [STDOUT]
17:40:57,320 |-ERROR in ch.qos.logback.core.joran.spi.Interpreter@3:15 - no applicable action for [file], current ElementPath  is [[configuration][appender][file]]
17:40:57,320 |-ERROR in ch.qos.logback.core.joran.spi.Interpreter@4:17 - no applicable action for [append], current ElementPath  is [[configuration][appender][append]]
17:40:57,321 |-INFO in ch.qos.logback.core.joran.action.NestedComplexPropertyIA - Assuming default type [ch.qos.logback.classic.encoder.PatternLayoutEncoder] for [encoder] property
17:40:57,344 |-INFO in ch.qos.logback.classic.joran.action.RootLoggerAction - Setting level of ROOT logger to WARN
17:40:57,344 |-INFO in ch.qos.logback.core.joran.action.AppenderRefAction - Attaching appender named [STDOUT] to Logger[ROOT]
17:40:57,345 |-INFO in ch.qos.logback.classic.joran.action.ConfigurationAction - End of configuration.
17:40:57,347 |-INFO in ch.qos.logback.classic.joran.JoranConfigurator@29176cc1 - Registering current configuration as safe fallback point

324        WARN  main            d.u.i.k.s.ProofSettings   No proof-settings could be loaded, using defaults java.io.FileNotFoundException: /home/runner/.key/proof-settings.props (No such file or directory)
	at java.base/java.io.FileInputStream.open0(Native Method)

Running test ToyBanking
17:40:58,129 |-INFO in ch.qos.logback.classic.LoggerContext[default] - Could NOT find resource [logback-test.xml]
17:40:58,130 |-INFO in ch.qos.logback.classic.LoggerContext[default] - Found resource [logback.xml] at [file:/home/runner/work/key/key/key.core/build/resources/test/logback.xml]
17:40:58,249 |-INFO in ch.qos.logback.classic.joran.action.ConfigurationAction - debug attribute not set
17:40:58,250 |-INFO in ch.qos.logback.core.joran.action.AppenderAction - About to instantiate appender of type [ch.qos.logback.core.ConsoleAppender]
17:40:58,264 |-INFO in ch.qos.logback.core.joran.action.AppenderAction - Naming appender as [STDOUT]
17:40:58,269 |-ERROR in ch.qos.logback.core.joran.spi.Interpreter@3:15 - no applicable action for [file], current ElementPath  is [[configuration][appender][file]]
17:40:58,270 |-ERROR in ch.qos.logback.core.joran.spi.Interpreter@4:17 - no applicable action for [append], current ElementPath  is [[configuration][appender][append]]
17:40:58,271 |-INFO in ch.qos.logback.core.joran.action.NestedComplexPropertyIA - Assuming default type [ch.qos.logback.classic.encoder.PatternLayoutEncoder] for [encoder] property
17:40:58,294 |-INFO in ch.qos.logback.classic.joran.action.RootLoggerAction - Setting level of ROOT logger to WARN
17:40:58,294 |-INFO in ch.qos.logback.core.joran.action.AppenderRefAction - Attaching appender named [STDOUT] to Logger[ROOT]
17:40:58,298 |-INFO in ch.qos.logback.classic.joran.action.ConfigurationAction - End of configuration.
17:40:58,300 |-INFO in ch.qos.logback.classic.joran.JoranConfigurator@29176cc1 - Registering current configuration as safe fallback point

331        WARN  main            d.u.i.k.s.ProofSettings   No proof-settings could be loaded, using defaults java.io.FileNotFoundException: /home/runner/.key/proof-settings.props (No such file or directory)
	at java.base/java.io.FileInputStream.open0(Native Method)

Running test BlockContracts
17:40:59,345 |-INFO in ch.qos.logback.classic.LoggerContext[default] - Could NOT find resource [logback-test.xml]
17:40:59,346 |-INFO in ch.qos.logback.classic.LoggerContext[default] - Found resource [logback.xml] at [file:/home/runner/work/key/key/key.core/build/resources/test/logback.xml]
17:40:59,480 |-INFO in ch.qos.logback.classic.joran.action.ConfigurationAction - debug attribute not set
17:40:59,481 |-INFO in ch.qos.logback.core.joran.action.AppenderAction - About to instantiate appender of type [ch.qos.logback.core.ConsoleAppender]
17:40:59,495 |-INFO in ch.qos.logback.core.joran.action.AppenderAction - Naming appender as [STDOUT]
17:40:59,500 |-ERROR in ch.qos.logback.core.joran.spi.Interpreter@3:15 - no applicable action for [file], current ElementPath  is [[configuration][appender][file]]
17:40:59,500 |-ERROR in ch.qos.logback.core.joran.spi.Interpreter@4:17 - no applicable action for [append], current ElementPath  is [[configuration][appender][append]]
17:40:59,501 |-INFO in ch.qos.logback.core.joran.action.NestedComplexPropertyIA - Assuming default type [ch.qos.logback.classic.encoder.PatternLayoutEncoder] for [encoder] property
17:40:59,524 |-INFO in ch.qos.logback.classic.joran.action.RootLoggerAction - Setting level of ROOT logger to WARN
17:40:59,524 |-INFO in ch.qos.logback.core.joran.action.AppenderRefAction - Attaching appender named [STDOUT] to Logger[ROOT]
17:40:59,524 |-INFO in ch.qos.logback.classic.joran.action.ConfigurationAction - End of configuration.
17:40:59,526 |-INFO in ch.qos.logback.classic.joran.JoranConfigurator@29176cc1 - Registering current configuration as safe fallback point

323        WARN  main            d.u.i.k.s.ProofSettings   No proof-settings could be loaded, using defaults java.io.FileNotFoundException: /home/runner/.key/proof-settings.props (No such file or directory)
	at java.base/java.io.FileInputStream.open0(Native Method)

Running test MethodContracts
17:41:00,516 |-INFO in ch.qos.logback.classic.LoggerContext[default] - Could NOT find resource [logback-test.xml]
17:41:00,517 |-INFO in ch.qos.logback.classic.LoggerContext[default] - Found resource [logback.xml] at [file:/home/runner/work/key/key/key.core/build/resources/test/logback.xml]
17:41:00,643 |-INFO in ch.qos.logback.classic.joran.action.ConfigurationAction - debug attribute not set
17:41:00,643 |-INFO in ch.qos.logback.core.joran.action.AppenderAction - About to instantiate appender of type [ch.qos.logback.core.ConsoleAppender]
17:41:00,656 |-INFO in ch.qos.logback.core.joran.action.AppenderAction - Naming appender as [STDOUT]
17:41:00,665 |-ERROR in ch.qos.logback.core.joran.spi.Interpreter@3:15 - no applicable action for [file], current ElementPath  is [[configuration][appender][file]]
17:41:00,665 |-ERROR in ch.qos.logback.core.joran.spi.Interpreter@4:17 - no applicable action for [append], current ElementPath  is [[configuration][appender][append]]
17:41:00,669 |-INFO in ch.qos.logback.core.joran.action.NestedComplexPropertyIA - Assuming default type [ch.qos.logback.classic.encoder.PatternLayoutEncoder] for [encoder] property
17:41:00,708 |-INFO in ch.qos.logback.classic.joran.action.RootLoggerAction - Setting level of ROOT logger to WARN
17:41:00,708 |-INFO in ch.qos.logback.core.joran.action.AppenderRefAction - Attaching appender named [STDOUT] to Logger[ROOT]
17:41:00,708 |-INFO in ch.qos.logback.classic.joran.action.ConfigurationAction - End of configuration.
17:41:00,711 |-INFO in ch.qos.logback.classic.joran.JoranConfigurator@29176cc1 - Registering current configuration as safe fallback point

362        WARN  main            d.u.i.k.s.ProofSettings   No proof-settings could be loaded, using defaults java.io.FileNotFoundException: /home/runner/.key/proof-settings.props (No such file or directory)
	at java.base/java.io.FileInputStream.open0(Native Method)

Running test LoopInvariants
17:41:02,008 |-INFO in ch.qos.logback.classic.LoggerContext[default] - Could NOT find resource [logback-test.xml]
17:41:02,009 |-INFO in ch.qos.logback.classic.LoggerContext[default] - Found resource [logback.xml] at [file:/home/runner/work/key/key/key.core/build/resources/test/logback.xml]
17:41:02,166 |-INFO in ch.qos.logback.classic.joran.action.ConfigurationAction - debug attribute not set
17:41:02,167 |-INFO in ch.qos.logback.core.joran.action.AppenderAction - About to instantiate appender of type [ch.qos.logback.core.ConsoleAppender]
17:41:02,179 |-INFO in ch.qos.logback.core.joran.action.AppenderAction - Naming appender as [STDOUT]
17:41:02,188 |-ERROR in ch.qos.logback.core.joran.spi.Interpreter@3:15 - no applicable action for [file], current ElementPath  is [[configuration][appender][file]]
17:41:02,189 |-ERROR in ch.qos.logback.core.joran.spi.Interpreter@4:17 - no applicable action for [append], current ElementPath  is [[configuration][appender][append]]
17:41:02,190 |-INFO in ch.qos.logback.core.joran.action.NestedComplexPropertyIA - Assuming default type [ch.qos.logback.classic.encoder.PatternLayoutEncoder] for [encoder] property
17:41:02,212 |-INFO in ch.qos.logback.classic.joran.action.RootLoggerAction - Setting level of ROOT logger to WARN
17:41:02,212 |-INFO in ch.qos.logback.core.joran.action.AppenderRefAction - Attaching appender named [STDOUT] to Logger[ROOT]
17:41:02,213 |-INFO in ch.qos.logback.classic.joran.action.ConfigurationAction - End of configuration.
17:41:02,215 |-INFO in ch.qos.logback.classic.joran.JoranConfigurator@2f177a4b - Registering current configuration as safe fallback point

373        WARN  main            d.u.i.k.s.ProofSettings   No proof-settings could be loaded, using defaults java.io.FileNotFoundException: /home/runner/.key/proof-settings.props (No such file or directory)
	at java.base/java.io.FileInputStream.open0(Native Method)

Running test MiniExamples
17:41:03,392 |-INFO in ch.qos.logback.classic.LoggerContext[default] - Could NOT find resource [logback-test.xml]
17:41:03,393 |-INFO in ch.qos.logback.classic.LoggerContext[default] - Found resource [logback.xml] at [file:/home/runner/work/key/key/key.core/build/resources/test/logback.xml]
17:41:03,546 |-INFO in ch.qos.logback.classic.joran.action.ConfigurationAction - debug attribute not set
17:41:03,547 |-INFO in ch.qos.logback.core.joran.action.AppenderAction - About to instantiate appender of type [ch.qos.logback.core.ConsoleAppender]
17:41:03,559 |-INFO in ch.qos.logback.core.joran.action.AppenderAction - Naming appender as [STDOUT]
17:41:03,564 |-ERROR in ch.qos.logback.core.joran.spi.Interpreter@3:15 - no applicable action for [file], current ElementPath  is [[configuration][appender][file]]
17:41:03,565 |-ERROR in ch.qos.logback.core.joran.spi.Interpreter@4:17 - no applicable action for [append], current ElementPath  is [[configuration][appender][append]]
17:41:03,566 |-INFO in ch.qos.logback.core.joran.action.NestedComplexPropertyIA - Assuming default type [ch.qos.logback.classic.encoder.PatternLayoutEncoder] for [encoder] property
17:41:03,589 |-INFO in ch.qos.logback.classic.joran.action.RootLoggerAction - Setting level of ROOT logger to WARN
17:41:03,589 |-INFO in ch.qos.logback.core.joran.action.AppenderRefAction - Attaching appender named [STDOUT] to Logger[ROOT]
17:41:03,590 |-INFO in ch.qos.logback.classic.joran.action.ConfigurationAction - End of configuration.
17:41:03,591 |-INFO in ch.qos.logback.classic.joran.JoranConfigurator@2f177a4b - Registering current configuration as safe fallback point

378        WARN  main            d.u.i.k.s.ProofSettings   No proof-settings could be loaded, using defaults java.io.FileNotFoundException: /home/runner/.key/proof-settings.props (No such file or directory)
	at java.base/java.io.FileInputStream.open0(Native Method)

Running test NewObjects
17:41:04,719 |-INFO in ch.qos.logback.classic.LoggerContext[default] - Could NOT find resource [logback-test.xml]
17:41:04,720 |-INFO in ch.qos.logback.classic.LoggerContext[default] - Found resource [logback.xml] at [file:/home/runner/work/key/key/key.core/build/resources/test/logback.xml]
17:41:04,850 |-INFO in ch.qos.logback.classic.joran.action.ConfigurationAction - debug attribute not set
17:41:04,851 |-INFO in ch.qos.logback.core.joran.action.AppenderAction - About to instantiate appender of type [ch.qos.logback.core.ConsoleAppender]
17:41:04,862 |-INFO in ch.qos.logback.core.joran.action.AppenderAction - Naming appender as [STDOUT]
17:41:04,867 |-ERROR in ch.qos.logback.core.joran.spi.Interpreter@3:15 - no applicable action for [file], current ElementPath  is [[configuration][appender][file]]
17:41:04,868 |-ERROR in ch.qos.logback.core.joran.spi.Interpreter@4:17 - no applicable action for [append], current ElementPath  is [[configuration][appender][append]]
17:41:04,869 |-INFO in ch.qos.logback.core.joran.action.NestedComplexPropertyIA - Assuming default type [ch.qos.logback.classic.encoder.PatternLayoutEncoder] for [encoder] property
17:41:04,907 |-INFO in ch.qos.logback.classic.joran.action.RootLoggerAction - Setting level of ROOT logger to WARN
17:41:04,907 |-INFO in ch.qos.logback.core.joran.action.AppenderRefAction - Attaching appender named [STDOUT] to Logger[ROOT]
17:41:04,907 |-INFO in ch.qos.logback.classic.joran.action.ConfigurationAction - End of configuration.
17:41:04,909 |-INFO in ch.qos.logback.classic.joran.JoranConfigurator@29176cc1 - Registering current configuration as safe fallback point

341        WARN  main            d.u.i.k.s.ProofSettings   No proof-settings could be loaded, using defaults java.io.FileNotFoundException: /home/runner/.key/proof-settings.props (No such file or directory)
	at java.base/java.io.FileInputStream.open0(Native Method)

Running test passwordfile.SecurePasswordFile(passwordfile.SecurePasswordFile___userIndex()).JML accessible clause.0.key
17:41:05,950 |-INFO in ch.qos.logback.classic.LoggerContext[default] - Could NOT find resource [logback-test.xml]
17:41:05,951 |-INFO in ch.qos.logback.classic.LoggerContext[default] - Found resource [logback.xml] at [file:/home/runner/work/key/key/key.core/build/resources/test/logback.xml]
17:41:06,057 |-INFO in ch.qos.logback.classic.joran.action.ConfigurationAction - debug attribute not set
17:41:06,058 |-INFO in ch.qos.logback.core.joran.action.AppenderAction - About to instantiate appender of type [ch.qos.logback.core.ConsoleAppender]
17:41:06,074 |-INFO in ch.qos.logback.core.joran.action.AppenderAction - Naming appender as [STDOUT]
17:41:06,079 |-ERROR in ch.qos.logback.core.joran.spi.Interpreter@3:15 - no applicable action for [file], current ElementPath  is [[configuration][appender][file]]
17:41:06,079 |-ERROR in ch.qos.logback.core.joran.spi.Interpreter@4:17 - no applicable action for [append], current ElementPath  is [[configuration][appender][append]]
17:41:06,081 |-INFO in ch.qos.logback.core.joran.action.NestedComplexPropertyIA - Assuming default type [ch.qos.logback.classic.encoder.PatternLayoutEncoder] for [encoder] property
17:41:06,104 |-INFO in ch.qos.logback.classic.joran.action.RootLoggerAction - Setting level of ROOT logger to WARN
17:41:06,104 |-INFO in ch.qos.logback.core.joran.action.AppenderRefAction - Attaching appender named [STDOUT] to Logger[ROOT]
17:41:06,104 |-INFO in ch.qos.logback.classic.joran.action.ConfigurationAction - End of configuration.
17:41:06,106 |-INFO in ch.qos.logback.classic.joran.JoranConfigurator@29176cc1 - Registering current configuration as safe fallback point

294        WARN  main            d.u.i.k.s.ProofSettings   No proof-settings could be loaded, using defaults java.io.FileNotFoundException: /home/runner/.key/proof-settings.props (No such file or directory)
	at java.base/java.io.FileInputStream.open0(Native Method)

Running test SimpleEvoting
17:41:06,838 |-INFO in ch.qos.logback.classic.LoggerContext[default] - Could NOT find resource [logback-test.xml]
17:41:06,839 |-INFO in ch.qos.logback.classic.LoggerContext[default] - Found resource [logback.xml] at [file:/home/runner/work/key/key/key.core/build/resources/test/logback.xml]
17:41:06,968 |-INFO in ch.qos.logback.classic.joran.action.ConfigurationAction - debug attribute not set
17:41:06,969 |-INFO in ch.qos.logback.core.joran.action.AppenderAction - About to instantiate appender of type [ch.qos.logback.core.ConsoleAppender]
17:41:06,981 |-INFO in ch.qos.logback.core.joran.action.AppenderAction - Naming appender as [STDOUT]
17:41:06,986 |-ERROR in ch.qos.logback.core.joran.spi.Interpreter@3:15 - no applicable action for [file], current ElementPath  is [[configuration][appender][file]]
17:41:06,986 |-ERROR in ch.qos.logback.core.joran.spi.Interpreter@4:17 - no applicable action for [append], current ElementPath  is [[configuration][appender][append]]
17:41:06,987 |-INFO in ch.qos.logback.core.joran.action.NestedComplexPropertyIA - Assuming default type [ch.qos.logback.classic.encoder.PatternLayoutEncoder] for [encoder] property
17:41:07,010 |-INFO in ch.qos.logback.classic.joran.action.RootLoggerAction - Setting level of ROOT logger to WARN
17:41:07,010 |-INFO in ch.qos.logback.core.joran.action.AppenderRefAction - Attaching appender named [STDOUT] to Logger[ROOT]
17:41:07,011 |-INFO in ch.qos.logback.classic.joran.action.ConfigurationAction - End of configuration.
17:41:07,012 |-INFO in ch.qos.logback.classic.joran.JoranConfigurator@2f177a4b - Registering current configuration as safe fallback point

314        WARN  main            d.u.i.k.s.ProofSettings   No proof-settings could be loaded, using defaults java.io.FileNotFoundException: /home/runner/.key/proof-settings.props (No such file or directory)
	at java.base/java.io.FileInputStream.open0(Native Method)

Running test ToyVoting_nomacro
17:41:08,062 |-INFO in ch.qos.logback.classic.LoggerContext[default] - Could NOT find resource [logback-test.xml]
17:41:08,063 |-INFO in ch.qos.logback.classic.LoggerContext[default] - Found resource [logback.xml] at [file:/home/runner/work/key/key/key.core/build/resources/test/logback.xml]
17:41:08,194 |-INFO in ch.qos.logback.classic.joran.action.ConfigurationAction - debug attribute not set
17:41:08,194 |-INFO in ch.qos.logback.core.joran.action.AppenderAction - About to instantiate appender of type [ch.qos.logback.core.ConsoleAppender]
17:41:08,207 |-INFO in ch.qos.logback.core.joran.action.AppenderAction - Naming appender as [STDOUT]
17:41:08,212 |-ERROR in ch.qos.logback.core.joran.spi.Interpreter@3:15 - no applicable action for [file], current ElementPath  is [[configuration][appender][file]]
17:41:08,212 |-ERROR in ch.qos.logback.core.joran.spi.Interpreter@4:17 - no applicable action for [append], current ElementPath  is [[configuration][appender][append]]
17:41:08,213 |-INFO in ch.qos.logback.core.joran.action.NestedComplexPropertyIA - Assuming default type [ch.qos.logback.classic.encoder.PatternLayoutEncoder] for [encoder] property
17:41:08,240 |-INFO in ch.qos.logback.classic.joran.action.RootLoggerAction - Setting level of ROOT logger to WARN
17:41:08,240 |-INFO in ch.qos.logback.core.joran.action.AppenderRefAction - Attaching appender named [STDOUT] to Logger[ROOT]
17:41:08,241 |-INFO in ch.qos.logback.classic.joran.action.ConfigurationAction - End of configuration.
17:41:08,242 |-INFO in ch.qos.logback.classic.joran.JoranConfigurator@29176cc1 - Registering current configuration as safe fallback point

318        WARN  main            d.u.i.k.s.ProofSettings   No proof-settings could be loaded, using defaults java.io.FileNotFoundException: /home/runner/.key/proof-settings.props (No such file or directory)
	at java.base/java.io.FileInputStream.open0(Native Method)

Running test ConditionalConfidential_nomacro
Returning from test ConditionalConfidential_nomacro
Running test SumExample_nomacro
17:41:09,057 |-INFO in ch.qos.logback.classic.LoggerContext[default] - Could NOT find resource [logback-test.xml]
17:41:09,058 |-INFO in ch.qos.logback.classic.LoggerContext[default] - Found resource [logback.xml] at [file:/home/runner/work/key/key/key.core/build/resources/test/logback.xml]
17:41:09,166 |-INFO in ch.qos.logback.classic.joran.action.ConfigurationAction - debug attribute not set
17:41:09,166 |-INFO in ch.qos.logback.core.joran.action.AppenderAction - About to instantiate appender of type [ch.qos.logback.core.ConsoleAppender]
17:41:09,179 |-INFO in ch.qos.logback.core.joran.action.AppenderAction - Naming appender as [STDOUT]
17:41:09,184 |-ERROR in ch.qos.logback.core.joran.spi.Interpreter@3:15 - no applicable action for [file], current ElementPath  is [[configuration][appender][file]]
17:41:09,184 |-ERROR in ch.qos.logback.core.joran.spi.Interpreter@4:17 - no applicable action for [append], current ElementPath  is [[configuration][appender][append]]
17:41:09,185 |-INFO in ch.qos.logback.core.joran.action.NestedComplexPropertyIA - Assuming default type [ch.qos.logback.classic.encoder.PatternLayoutEncoder] for [encoder] property
17:41:09,207 |-INFO in ch.qos.logback.classic.joran.action.RootLoggerAction - Setting level of ROOT logger to WARN
17:41:09,207 |-INFO in ch.qos.logback.core.joran.action.AppenderRefAction - Attaching appender named [STDOUT] to Logger[ROOT]
17:41:09,208 |-INFO in ch.qos.logback.classic.joran.action.ConfigurationAction - End of configuration.
17:41:09,210 |-INFO in ch.qos.logback.classic.joran.JoranConfigurator@29176cc1 - Registering current configuration as safe fallback point

296        WARN  main            d.u.i.k.s.ProofSettings   No proof-settings could be loaded, using defaults java.io.FileNotFoundException: /home/runner/.key/proof-settings.props (No such file or directory)
	at java.base/java.io.FileInputStream.open0(Native Method)

Running test ToyBanking_nomacro
17:41:09,977 |-INFO in ch.qos.logback.classic.LoggerContext[default] - Could NOT find resource [logback-test.xml]
17:41:09,978 |-INFO in ch.qos.logback.classic.LoggerContext[default] - Found resource [logback.xml] at [file:/home/runner/work/key/key/key.core/build/resources/test/logback.xml]
17:41:10,100 |-INFO in ch.qos.logback.classic.joran.action.ConfigurationAction - debug attribute not set
17:41:10,101 |-INFO in ch.qos.logback.core.joran.action.AppenderAction - About to instantiate appender of type [ch.qos.logback.core.ConsoleAppender]
17:41:10,112 |-INFO in ch.qos.logback.core.joran.action.AppenderAction - Naming appender as [STDOUT]
17:41:10,118 |-ERROR in ch.qos.logback.core.joran.spi.Interpreter@3:15 - no applicable action for [file], current ElementPath  is [[configuration][appender][file]]
17:41:10,118 |-ERROR in ch.qos.logback.core.joran.spi.Interpreter@4:17 - no applicable action for [append], current ElementPath  is [[configuration][appender][append]]
17:41:10,119 |-INFO in ch.qos.logback.core.joran.action.NestedComplexPropertyIA - Assuming default type [ch.qos.logback.classic.encoder.PatternLayoutEncoder] for [encoder] property
17:41:10,151 |-INFO in ch.qos.logback.classic.joran.action.RootLoggerAction - Setting level of ROOT logger to WARN
17:41:10,151 |-INFO in ch.qos.logback.core.joran.action.AppenderRefAction - Attaching appender named [STDOUT] to Logger[ROOT]
17:41:10,152 |-INFO in ch.qos.logback.classic.joran.action.ConfigurationAction - End of configuration.
17:41:10,154 |-INFO in ch.qos.logback.classic.joran.JoranConfigurator@29176cc1 - Registering current configuration as safe fallback point

315        WARN  main            d.u.i.k.s.ProofSettings   No proof-settings could be loaded, using defaults java.io.FileNotFoundException: /home/runner/.key/proof-settings.props (No such file or directory)
	at java.base/java.io.FileInputStream.open0(Native Method)

Running test BlockContracts_nomacro
17:41:11,099 |-INFO in ch.qos.logback.classic.LoggerContext[default] - Could NOT find resource [logback-test.xml]
17:41:11,100 |-INFO in ch.qos.logback.classic.LoggerContext[default] - Found resource [logback.xml] at [file:/home/runner/work/key/key/key.core/build/resources/test/logback.xml]
17:41:11,214 |-INFO in ch.qos.logback.classic.joran.action.ConfigurationAction - debug attribute not set
17:41:11,214 |-INFO in ch.qos.logback.core.joran.action.AppenderAction - About to instantiate appender of type [ch.qos.logback.core.ConsoleAppender]
17:41:11,238 |-INFO in ch.qos.logback.core.joran.action.AppenderAction - Naming appender as [STDOUT]
17:41:11,243 |-ERROR in ch.qos.logback.core.joran.spi.Interpreter@3:15 - no applicable action for [file], current ElementPath  is [[configuration][appender][file]]
17:41:11,243 |-ERROR in ch.qos.logback.core.joran.spi.Interpreter@4:17 - no applicable action for [append], current ElementPath  is [[configuration][appender][append]]
17:41:11,245 |-INFO in ch.qos.logback.core.joran.action.NestedComplexPropertyIA - Assuming default type [ch.qos.logback.classic.encoder.PatternLayoutEncoder] for [encoder] property
17:41:11,274 |-INFO in ch.qos.logback.classic.joran.action.RootLoggerAction - Setting level of ROOT logger to WARN
17:41:11,274 |-INFO in ch.qos.logback.core.joran.action.AppenderRefAction - Attaching appender named [STDOUT] to Logger[ROOT]
17:41:11,275 |-INFO in ch.qos.logback.classic.joran.action.ConfigurationAction - End of configuration.
17:41:11,277 |-INFO in ch.qos.logback.classic.joran.JoranConfigurator@2f177a4b - Registering current configuration as safe fallback point

345        WARN  main            d.u.i.k.s.ProofSettings   No proof-settings could be loaded, using defaults java.io.FileNotFoundException: /home/runner/.key/proof-settings.props (No such file or directory)
	at java.base/java.io.FileInputStream.open0(Native Method)

Running test MethodContracts_nomacro
17:41:12,280 |-INFO in ch.qos.logback.classic.LoggerContext[default] - Could NOT find resource [logback-test.xml]
17:41:12,281 |-INFO in ch.qos.logback.classic.LoggerContext[default] - Found resource [logback.xml] at [file:/home/runner/work/key/key/key.core/build/resources/test/logback.xml]
17:41:12,405 |-INFO in ch.qos.logback.classic.joran.action.ConfigurationAction - debug attribute not set
17:41:12,405 |-INFO in ch.qos.logback.core.joran.action.AppenderAction - About to instantiate appender of type [ch.qos.logback.core.ConsoleAppender]
17:41:12,417 |-INFO in ch.qos.logback.core.joran.action.AppenderAction - Naming appender as [STDOUT]
17:41:12,422 |-ERROR in ch.qos.logback.core.joran.spi.Interpreter@3:15 - no applicable action for [file], current ElementPath  is [[configuration][appender][file]]
17:41:12,423 |-ERROR in ch.qos.logback.core.joran.spi.Interpreter@4:17 - no applicable action for [append], current ElementPath  is [[configuration][appender][append]]
17:41:12,424 |-INFO in ch.qos.logback.core.joran.action.NestedComplexPropertyIA - Assuming default type [ch.qos.logback.classic.encoder.PatternLayoutEncoder] for [encoder] property
17:41:12,460 |-INFO in ch.qos.logback.classic.joran.action.RootLoggerAction - Setting level of ROOT logger to WARN
17:41:12,461 |-INFO in ch.qos.logback.core.joran.action.AppenderRefAction - Attaching appender named [STDOUT] to Logger[ROOT]
17:41:12,461 |-INFO in ch.qos.logback.classic.joran.action.ConfigurationAction - End of configuration.
17:41:12,463 |-INFO in ch.qos.logback.classic.joran.JoranConfigurator@29176cc1 - Registering current configuration as safe fallback point

359        WARN  main            d.u.i.k.s.ProofSettings   No proof-settings could be loaded, using defaults java.io.FileNotFoundException: /home/runner/.key/proof-settings.props (No such file or directory)
	at java.base/java.io.FileInputStream.open0(Native Method)

Running test LoopInvariants_nomacro
17:41:13,375 |-INFO in ch.qos.logback.classic.LoggerContext[default] - Could NOT find resource [logback-test.xml]
17:41:13,376 |-INFO in ch.qos.logback.classic.LoggerContext[default] - Found resource [logback.xml] at [file:/home/runner/work/key/key/key.core/build/resources/test/logback.xml]
17:41:13,491 |-INFO in ch.qos.logback.classic.joran.action.ConfigurationAction - debug attribute not set
17:41:13,492 |-INFO in ch.qos.logback.core.joran.action.AppenderAction - About to instantiate appender of type [ch.qos.logback.core.ConsoleAppender]
17:41:13,507 |-INFO in ch.qos.logback.core.joran.action.AppenderAction - Naming appender as [STDOUT]
17:41:13,512 |-ERROR in ch.qos.logback.core.joran.spi.Interpreter@3:15 - no applicable action for [file], current ElementPath  is [[configuration][appender][file]]
17:41:13,512 |-ERROR in ch.qos.logback.core.joran.spi.Interpreter@4:17 - no applicable action for [append], current ElementPath  is [[configuration][appender][append]]
17:41:13,513 |-INFO in ch.qos.logback.core.joran.action.NestedComplexPropertyIA - Assuming default type [ch.qos.logback.classic.encoder.PatternLayoutEncoder] for [encoder] property
17:41:13,537 |-INFO in ch.qos.logback.classic.joran.action.RootLoggerAction - Setting level of ROOT logger to WARN
17:41:13,537 |-INFO in ch.qos.logback.core.joran.action.AppenderRefAction - Attaching appender named [STDOUT] to Logger[ROOT]
17:41:13,537 |-INFO in ch.qos.logback.classic.joran.action.ConfigurationAction - End of configuration.
17:41:13,539 |-INFO in ch.qos.logback.classic.joran.JoranConfigurator@29176cc1 - Registering current configuration as safe fallback point

304        WARN  main            d.u.i.k.s.ProofSettings   No proof-settings could be loaded, using defaults java.io.FileNotFoundException: /home/runner/.key/proof-settings.props (No such file or directory)
	at java.base/java.io.FileInputStream.open0(Native Method)

Running test MiniExamples_nomacro
17:41:14,567 |-INFO in ch.qos.logback.classic.LoggerContext[default] - Could NOT find resource [logback-test.xml]
17:41:14,568 |-INFO in ch.qos.logback.classic.LoggerContext[default] - Found resource [logback.xml] at [file:/home/runner/work/key/key/key.core/build/resources/test/logback.xml]
17:41:14,683 |-INFO in ch.qos.logback.classic.joran.action.ConfigurationAction - debug attribute not set
17:41:14,684 |-INFO in ch.qos.logback.core.joran.action.AppenderAction - About to instantiate appender of type [ch.qos.logback.core.ConsoleAppender]
17:41:14,695 |-INFO in ch.qos.logback.core.joran.action.AppenderAction - Naming appender as [STDOUT]
17:41:14,701 |-ERROR in ch.qos.logback.core.joran.spi.Interpreter@3:15 - no applicable action for [file], current ElementPath  is [[configuration][appender][file]]
17:41:14,701 |-ERROR in ch.qos.logback.core.joran.spi.Interpreter@4:17 - no applicable action for [append], current ElementPath  is [[configuration][appender][append]]
17:41:14,702 |-INFO in ch.qos.logback.core.joran.action.NestedComplexPropertyIA - Assuming default type [ch.qos.logback.classic.encoder.PatternLayoutEncoder] for [encoder] property
17:41:14,726 |-INFO in ch.qos.logback.classic.joran.action.RootLoggerAction - Setting level of ROOT logger to WARN
17:41:14,726 |-INFO in ch.qos.logback.core.joran.action.AppenderRefAction - Attaching appender named [STDOUT] to Logger[ROOT]
17:41:14,726 |-INFO in ch.qos.logback.classic.joran.action.ConfigurationAction - End of configuration.
17:41:14,728 |-INFO in ch.qos.logback.classic.joran.JoranConfigurator@29176cc1 - Registering current configuration as safe fallback point

306        WARN  main            d.u.i.k.s.ProofSettings   No proof-settings could be loaded, using defaults java.io.FileNotFoundException: /home/runner/.key/proof-settings.props (No such file or directory)
	at java.base/java.io.FileInputStream.open0(Native Method)

Running test NewObjects_nomacro
17:41:15,769 |-INFO in ch.qos.logback.classic.LoggerContext[default] - Could NOT find resource [logback-test.xml]
17:41:15,773 |-INFO in ch.qos.logback.classic.LoggerContext[default] - Found resource [logback.xml] at [file:/home/runner/work/key/key/key.core/build/resources/test/logback.xml]
17:41:15,903 |-INFO in ch.qos.logback.classic.joran.action.ConfigurationAction - debug attribute not set
17:41:15,903 |-INFO in ch.qos.logback.core.joran.action.AppenderAction - About to instantiate appender of type [ch.qos.logback.core.ConsoleAppender]
17:41:15,916 |-INFO in ch.qos.logback.core.joran.action.AppenderAction - Naming appender as [STDOUT]
17:41:15,921 |-ERROR in ch.qos.logback.core.joran.spi.Interpreter@3:15 - no applicable action for [file], current ElementPath  is [[configuration][appender][file]]
17:41:15,921 |-ERROR in ch.qos.logback.core.joran.spi.Interpreter@4:17 - no applicable action for [append], current ElementPath  is [[configuration][appender][append]]
17:41:15,922 |-INFO in ch.qos.logback.core.joran.action.NestedComplexPropertyIA - Assuming default type [ch.qos.logback.classic.encoder.PatternLayoutEncoder] for [encoder] property
17:41:15,946 |-INFO in ch.qos.logback.classic.joran.action.RootLoggerAction - Setting level of ROOT logger to WARN
17:41:15,946 |-INFO in ch.qos.logback.core.joran.action.AppenderRefAction - Attaching appender named [STDOUT] to Logger[ROOT]
17:41:15,946 |-INFO in ch.qos.logback.classic.joran.action.ConfigurationAction - End of configuration.
17:41:15,948 |-INFO in ch.qos.logback.classic.joran.JoranConfigurator@29176cc1 - Registering current configuration as safe fallback point

335        WARN  main            d.u.i.k.s.ProofSettings   No proof-settings could be loaded, using defaults java.io.FileNotFoundException: /home/runner/.key/proof-settings.props (No such file or directory)
	at java.base/java.io.FileInputStream.open0(Native Method)

Running test SimpleEvoting_nomacro
17:41:16,965 |-INFO in ch.qos.logback.classic.LoggerContext[default] - Could NOT find resource [logback-test.xml]
17:41:16,966 |-INFO in ch.qos.logback.classic.LoggerContext[default] - Found resource [logback.xml] at [file:/home/runner/work/key/key/key.core/build/resources/test/logback.xml]
17:41:17,087 |-INFO in ch.qos.logback.classic.joran.action.ConfigurationAction - debug attribute not set
17:41:17,087 |-INFO in ch.qos.logback.core.joran.action.AppenderAction - About to instantiate appender of type [ch.qos.logback.core.ConsoleAppender]
17:41:17,099 |-INFO in ch.qos.logback.core.joran.action.AppenderAction - Naming appender as [STDOUT]
17:41:17,104 |-ERROR in ch.qos.logback.core.joran.spi.Interpreter@3:15 - no applicable action for [file], current ElementPath  is [[configuration][appender][file]]
17:41:17,104 |-ERROR in ch.qos.logback.core.joran.spi.Interpreter@4:17 - no applicable action for [append], current ElementPath  is [[configuration][appender][append]]
17:41:17,105 |-INFO in ch.qos.logback.core.joran.action.NestedComplexPropertyIA - Assuming default type [ch.qos.logback.classic.encoder.PatternLayoutEncoder] for [encoder] property
17:41:17,128 |-INFO in ch.qos.logback.classic.joran.action.RootLoggerAction - Setting level of ROOT logger to WARN
17:41:17,128 |-INFO in ch.qos.logback.core.joran.action.AppenderRefAction - Attaching appender named [STDOUT] to Logger[ROOT]
17:41:17,129 |-INFO in ch.qos.logback.classic.joran.action.ConfigurationAction - End of configuration.
17:41:17,130 |-INFO in ch.qos.logback.classic.joran.JoranConfigurator@2f177a4b - Registering current configuration as safe fallback point

318        WARN  main            d.u.i.k.s.ProofSettings   No proof-settings could be loaded, using defaults java.io.FileNotFoundException: /home/runner/.key/proof-settings.props (No such file or directory)
	at java.base/java.io.FileInputStream.open0(Native Method)

Running test ToyVoting_fullmacro
17:41:17,988 |-INFO in ch.qos.logback.classic.LoggerContext[default] - Could NOT find resource [logback-test.xml]
17:41:17,989 |-INFO in ch.qos.logback.classic.LoggerContext[default] - Found resource [logback.xml] at [file:/home/runner/work/key/key/key.core/build/resources/test/logback.xml]
17:41:18,115 |-INFO in ch.qos.logback.classic.joran.action.ConfigurationAction - debug attribute not set
17:41:18,116 |-INFO in ch.qos.logback.core.joran.action.AppenderAction - About to instantiate appender of type [ch.qos.logback.core.ConsoleAppender]
17:41:18,138 |-INFO in ch.qos.logback.core.joran.action.AppenderAction - Naming appender as [STDOUT]
17:41:18,146 |-ERROR in ch.qos.logback.core.joran.spi.Interpreter@3:15 - no applicable action for [file], current ElementPath  is [[configuration][appender][file]]
17:41:18,146 |-ERROR in ch.qos.logback.core.joran.spi.Interpreter@4:17 - no applicable action for [append], current ElementPath  is [[configuration][appender][append]]
17:41:18,148 |-INFO in ch.qos.logback.core.joran.action.NestedComplexPropertyIA - Assuming default type [ch.qos.logback.classic.encoder.PatternLayoutEncoder] for [encoder] property
17:41:18,191 |-INFO in ch.qos.logback.classic.joran.action.RootLoggerAction - Setting level of ROOT logger to WARN
17:41:18,191 |-INFO in ch.qos.logback.core.joran.action.AppenderRefAction - Attaching appender named [STDOUT] to Logger[ROOT]
17:41:18,192 |-INFO in ch.qos.logback.classic.joran.action.ConfigurationAction - End of configuration.
17:41:18,193 |-INFO in ch.qos.logback.classic.joran.JoranConfigurator@29176cc1 - Registering current configuration as safe fallback point

351        WARN  main            d.u.i.k.s.ProofSettings   No proof-settings could be loaded, using defaults java.io.FileNotFoundException: /home/runner/.key/proof-settings.props (No such file or directory)
	at java.base/java.io.FileInputStream.open0(Native Method)

Running test SumExample_fullmacro
17:41:19,005 |-INFO in ch.qos.logback.classic.LoggerContext[default] - Could NOT find resource [logback-test.xml]
17:41:19,006 |-INFO in ch.qos.logback.classic.LoggerContext[default] - Found resource [logback.xml] at [file:/home/runner/work/key/key/key.core/build/resources/test/logback.xml]
17:41:19,142 |-INFO in ch.qos.logback.classic.joran.action.ConfigurationAction - debug attribute not set
17:41:19,143 |-INFO in ch.qos.logback.core.joran.action.AppenderAction - About to instantiate appender of type [ch.qos.logback.core.ConsoleAppender]
17:41:19,154 |-INFO in ch.qos.logback.core.joran.action.AppenderAction - Naming appender as [STDOUT]
17:41:19,165 |-ERROR in ch.qos.logback.core.joran.spi.Interpreter@3:15 - no applicable action for [file], current ElementPath  is [[configuration][appender][file]]
17:41:19,167 |-ERROR in ch.qos.logback.core.joran.spi.Interpreter@4:17 - no applicable action for [append], current ElementPath  is [[configuration][appender][append]]
17:41:19,170 |-INFO in ch.qos.logback.core.joran.action.NestedComplexPropertyIA - Assuming default type [ch.qos.logback.classic.encoder.PatternLayoutEncoder] for [encoder] property
17:41:19,199 |-INFO in ch.qos.logback.classic.joran.action.RootLoggerAction - Setting level of ROOT logger to WARN
17:41:19,199 |-INFO in ch.qos.logback.core.joran.action.AppenderRefAction - Attaching appender named [STDOUT] to Logger[ROOT]
17:41:19,199 |-INFO in ch.qos.logback.classic.joran.action.ConfigurationAction - End of configuration.
17:41:19,201 |-INFO in ch.qos.logback.classic.joran.JoranConfigurator@29176cc1 - Registering current configuration as safe fallback point

332        WARN  main            d.u.i.k.s.ProofSettings   No proof-settings could be loaded, using defaults java.io.FileNotFoundException: /home/runner/.key/proof-settings.props (No such file or directory)
	at java.base/java.io.FileInputStream.open0(Native Method)

Running test ToyBanking_fullmacro
17:41:19,961 |-INFO in ch.qos.logback.classic.LoggerContext[default] - Could NOT find resource [logback-test.xml]
17:41:19,962 |-INFO in ch.qos.logback.classic.LoggerContext[default] - Found resource [logback.xml] at [file:/home/runner/work/key/key/key.core/build/resources/test/logback.xml]
17:41:20,095 |-INFO in ch.qos.logback.classic.joran.action.ConfigurationAction - debug attribute not set
17:41:20,096 |-INFO in ch.qos.logback.core.joran.action.AppenderAction - About to instantiate appender of type [ch.qos.logback.core.ConsoleAppender]
17:41:20,110 |-INFO in ch.qos.logback.core.joran.action.AppenderAction - Naming appender as [STDOUT]
17:41:20,115 |-ERROR in ch.qos.logback.core.joran.spi.Interpreter@3:15 - no applicable action for [file], current ElementPath  is [[configuration][appender][file]]
17:41:20,115 |-ERROR in ch.qos.logback.core.joran.spi.Interpreter@4:17 - no applicable action for [append], current ElementPath  is [[configuration][appender][append]]
17:41:20,116 |-INFO in ch.qos.logback.core.joran.action.NestedComplexPropertyIA - Assuming default type [ch.qos.logback.classic.encoder.PatternLayoutEncoder] for [encoder] property
17:41:20,138 |-INFO in ch.qos.logback.classic.joran.action.RootLoggerAction - Setting level of ROOT logger to WARN
17:41:20,138 |-INFO in ch.qos.logback.core.joran.action.AppenderRefAction - Attaching appender named [STDOUT] to Logger[ROOT]
17:41:20,138 |-INFO in ch.qos.logback.classic.joran.action.ConfigurationAction - End of configuration.
17:41:20,142 |-INFO in ch.qos.logback.classic.joran.JoranConfigurator@29176cc1 - Registering current configuration as safe fallback point

333        WARN  main            d.u.i.k.s.ProofSettings   No proof-settings could be loaded, using defaults java.io.FileNotFoundException: /home/runner/.key/proof-settings.props (No such file or directory)
	at java.base/java.io.FileInputStream.open0(Native Method)

Running test BlockContracts_fullmacro
17:41:21,071 |-INFO in ch.qos.logback.classic.LoggerContext[default] - Could NOT find resource [logback-test.xml]
17:41:21,072 |-INFO in ch.qos.logback.classic.LoggerContext[default] - Found resource [logback.xml] at [file:/home/runner/work/key/key/key.core/build/resources/test/logback.xml]
17:41:21,217 |-INFO in ch.qos.logback.classic.joran.action.ConfigurationAction - debug attribute not set
17:41:21,218 |-INFO in ch.qos.logback.core.joran.action.AppenderAction - About to instantiate appender of type [ch.qos.logback.core.ConsoleAppender]
17:41:21,232 |-INFO in ch.qos.logback.core.joran.action.AppenderAction - Naming appender as [STDOUT]
17:41:21,242 |-ERROR in ch.qos.logback.core.joran.spi.Interpreter@3:15 - no applicable action for [file], current ElementPath  is [[configuration][appender][file]]
17:41:21,242 |-ERROR in ch.qos.logback.core.joran.spi.Interpreter@4:17 - no applicable action for [append], current ElementPath  is [[configuration][appender][append]]
17:41:21,244 |-INFO in ch.qos.logback.core.joran.action.NestedComplexPropertyIA - Assuming default type [ch.qos.logback.classic.encoder.PatternLayoutEncoder] for [encoder] property
17:41:21,282 |-INFO in ch.qos.logback.classic.joran.action.RootLoggerAction - Setting level of ROOT logger to WARN
17:41:21,282 |-INFO in ch.qos.logback.core.joran.action.AppenderRefAction - Attaching appender named [STDOUT] to Logger[ROOT]
17:41:21,283 |-INFO in ch.qos.logback.classic.joran.action.ConfigurationAction - End of configuration.
17:41:21,285 |-INFO in ch.qos.logback.classic.joran.JoranConfigurator@2f177a4b - Registering current configuration as safe fallback point

350        WARN  main            d.u.i.k.s.ProofSettings   No proof-settings could be loaded, using defaults java.io.FileNotFoundException: /home/runner/.key/proof-settings.props (No such file or directory)
	at java.base/java.io.FileInputStream.open0(Native Method)

Running test MethodContracts_fullmacro
17:41:22,175 |-INFO in ch.qos.logback.classic.LoggerContext[default] - Could NOT find resource [logback-test.xml]
17:41:22,176 |-INFO in ch.qos.logback.classic.LoggerContext[default] - Found resource [logback.xml] at [file:/home/runner/work/key/key/key.core/build/resources/test/logback.xml]
17:41:22,293 |-INFO in ch.qos.logback.classic.joran.action.ConfigurationAction - debug attribute not set
17:41:22,294 |-INFO in ch.qos.logback.core.joran.action.AppenderAction - About to instantiate appender of type [ch.qos.logback.core.ConsoleAppender]
17:41:22,310 |-INFO in ch.qos.logback.core.joran.action.AppenderAction - Naming appender as [STDOUT]
17:41:22,315 |-ERROR in ch.qos.logback.core.joran.spi.Interpreter@3:15 - no applicable action for [file], current ElementPath  is [[configuration][appender][file]]
17:41:22,315 |-ERROR in ch.qos.logback.core.joran.spi.Interpreter@4:17 - no applicable action for [append], current ElementPath  is [[configuration][appender][append]]
17:41:22,317 |-INFO in ch.qos.logback.core.joran.action.NestedComplexPropertyIA - Assuming default type [ch.qos.logback.classic.encoder.PatternLayoutEncoder] for [encoder] property
17:41:22,338 |-INFO in ch.qos.logback.classic.joran.action.RootLoggerAction - Setting level of ROOT logger to WARN
17:41:22,338 |-INFO in ch.qos.logback.core.joran.action.AppenderRefAction - Attaching appender named [STDOUT] to Logger[ROOT]
17:41:22,339 |-INFO in ch.qos.logback.classic.joran.action.ConfigurationAction - End of configuration.
17:41:22,341 |-INFO in ch.qos.logback.classic.joran.JoranConfigurator@29176cc1 - Registering current configuration as safe fallback point

336        WARN  main            d.u.i.k.s.ProofSettings   No proof-settings could be loaded, using defaults java.io.FileNotFoundException: /home/runner/.key/proof-settings.props (No such file or directory)
	at java.base/java.io.FileInputStream.open0(Native Method)

Running test InformationFlow_fullmacro
17:41:23,321 |-INFO in ch.qos.logback.classic.LoggerContext[default] - Could NOT find resource [logback-test.xml]
17:41:23,322 |-INFO in ch.qos.logback.classic.LoggerContext[default] - Found resource [logback.xml] at [file:/home/runner/work/key/key/key.core/build/resources/test/logback.xml]
17:41:23,442 |-INFO in ch.qos.logback.classic.joran.action.ConfigurationAction - debug attribute not set
17:41:23,443 |-INFO in ch.qos.logback.core.joran.action.AppenderAction - About to instantiate appender of type [ch.qos.logback.core.ConsoleAppender]
17:41:23,457 |-INFO in ch.qos.logback.core.joran.action.AppenderAction - Naming appender as [STDOUT]
17:41:23,462 |-ERROR in ch.qos.logback.core.joran.spi.Interpreter@3:15 - no applicable action for [file], current ElementPath  is [[configuration][appender][file]]
17:41:23,463 |-ERROR in ch.qos.logback.core.joran.spi.Interpreter@4:17 - no applicable action for [append], current ElementPath  is [[configuration][appender][append]]
17:41:23,464 |-INFO in ch.qos.logback.core.joran.action.NestedComplexPropertyIA - Assuming default type [ch.qos.logback.classic.encoder.PatternLayoutEncoder] for [encoder] property
17:41:23,502 |-INFO in ch.qos.logback.classic.joran.action.RootLoggerAction - Setting level of ROOT logger to WARN
17:41:23,502 |-INFO in ch.qos.logback.core.joran.action.AppenderRefAction - Attaching appender named [STDOUT] to Logger[ROOT]
17:41:23,503 |-INFO in ch.qos.logback.classic.joran.action.ConfigurationAction - End of configuration.
17:41:23,505 |-INFO in ch.qos.logback.classic.joran.JoranConfigurator@29176cc1 - Registering current configuration as safe fallback point

341        WARN  main            d.u.i.k.s.ProofSettings   No proof-settings could be loaded, using defaults java.io.FileNotFoundException: /home/runner/.key/proof-settings.props (No such file or directory)
	at java.base/java.io.FileInputStream.open0(Native Method)

Running test MiniExamples_fullmacro
17:41:24,405 |-INFO in ch.qos.logback.classic.LoggerContext[default] - Could NOT find resource [logback-test.xml]
17:41:24,406 |-INFO in ch.qos.logback.classic.LoggerContext[default] - Found resource [logback.xml] at [file:/home/runner/work/key/key/key.core/build/resources/test/logback.xml]
17:41:24,528 |-INFO in ch.qos.logback.classic.joran.action.ConfigurationAction - debug attribute not set
17:41:24,529 |-INFO in ch.qos.logback.core.joran.action.AppenderAction - About to instantiate appender of type [ch.qos.logback.core.ConsoleAppender]
17:41:24,541 |-INFO in ch.qos.logback.core.joran.action.AppenderAction - Naming appender as [STDOUT]
17:41:24,546 |-ERROR in ch.qos.logback.core.joran.spi.Interpreter@3:15 - no applicable action for [file], current ElementPath  is [[configuration][appender][file]]
17:41:24,547 |-ERROR in ch.qos.logback.core.joran.spi.Interpreter@4:17 - no applicable action for [append], current ElementPath  is [[configuration][appender][append]]
17:41:24,548 |-INFO in ch.qos.logback.core.joran.action.NestedComplexPropertyIA - Assuming default type [ch.qos.logback.classic.encoder.PatternLayoutEncoder] for [encoder] property
17:41:24,571 |-INFO in ch.qos.logback.classic.joran.action.RootLoggerAction - Setting level of ROOT logger to WARN
17:41:24,571 |-INFO in ch.qos.logback.core.joran.action.AppenderRefAction - Attaching appender named [STDOUT] to Logger[ROOT]
17:41:24,571 |-INFO in ch.qos.logback.classic.joran.action.ConfigurationAction - End of configuration.
17:41:24,573 |-INFO in ch.qos.logback.classic.joran.JoranConfigurator@29176cc1 - Registering current configuration as safe fallback point

330        WARN  main            d.u.i.k.s.ProofSettings   No proof-settings could be loaded, using defaults java.io.FileNotFoundException: /home/runner/.key/proof-settings.props (No such file or directory)
	at java.base/java.io.FileInputStream.open0(Native Method)

Running test NewObjects_fullmacro
17:41:25,634 |-INFO in ch.qos.logback.classic.LoggerContext[default] - Could NOT find resource [logback-test.xml]
17:41:25,635 |-INFO in ch.qos.logback.classic.LoggerContext[default] - Found resource [logback.xml] at [file:/home/runner/work/key/key/key.core/build/resources/test/logback.xml]
17:41:25,775 |-INFO in ch.qos.logback.classic.joran.action.ConfigurationAction - debug attribute not set
17:41:25,776 |-INFO in ch.qos.logback.core.joran.action.AppenderAction - About to instantiate appender of type [ch.qos.logback.core.ConsoleAppender]
17:41:25,789 |-INFO in ch.qos.logback.core.joran.action.AppenderAction - Naming appender as [STDOUT]
17:41:25,795 |-ERROR in ch.qos.logback.core.joran.spi.Interpreter@3:15 - no applicable action for [file], current ElementPath  is [[configuration][appender][file]]
17:41:25,795 |-ERROR in ch.qos.logback.core.joran.spi.Interpreter@4:17 - no applicable action for [append], current ElementPath  is [[configuration][appender][append]]
17:41:25,796 |-INFO in ch.qos.logback.core.joran.action.NestedComplexPropertyIA - Assuming default type [ch.qos.logback.classic.encoder.PatternLayoutEncoder] for [encoder] property
17:41:25,820 |-INFO in ch.qos.logback.classic.joran.action.RootLoggerAction - Setting level of ROOT logger to WARN
17:41:25,820 |-INFO in ch.qos.logback.core.joran.action.AppenderRefAction - Attaching appender named [STDOUT] to Logger[ROOT]
17:41:25,820 |-INFO in ch.qos.logback.classic.joran.action.ConfigurationAction - End of configuration.
17:41:25,823 |-INFO in ch.qos.logback.classic.joran.JoranConfigurator@29176cc1 - Registering current configuration as safe fallback point

343        WARN  main            d.u.i.k.s.ProofSettings   No proof-settings could be loaded, using defaults java.io.FileNotFoundException: /home/runner/.key/proof-settings.props (No such file or directory)
	at java.base/java.io.FileInputStream.open0(Native Method)

Running test SimpleEvoting_fullmacro
17:41:26,812 |-INFO in ch.qos.logback.classic.LoggerContext[default] - Could NOT find resource [logback-test.xml]
17:41:26,812 |-INFO in ch.qos.logback.classic.LoggerContext[default] - Found resource [logback.xml] at [file:/home/runner/work/key/key/key.core/build/resources/test/logback.xml]
17:41:26,946 |-INFO in ch.qos.logback.classic.joran.action.ConfigurationAction - debug attribute not set
17:41:26,947 |-INFO in ch.qos.logback.core.joran.action.AppenderAction - About to instantiate appender of type [ch.qos.logback.core.ConsoleAppender]
17:41:26,958 |-INFO in ch.qos.logback.core.joran.action.AppenderAction - Naming appender as [STDOUT]
17:41:26,963 |-ERROR in ch.qos.logback.core.joran.spi.Interpreter@3:15 - no applicable action for [file], current ElementPath  is [[configuration][appender][file]]
17:41:26,963 |-ERROR in ch.qos.logback.core.joran.spi.Interpreter@4:17 - no applicable action for [append], current ElementPath  is [[configuration][appender][append]]
17:41:26,964 |-INFO in ch.qos.logback.core.joran.action.NestedComplexPropertyIA - Assuming default type [ch.qos.logback.classic.encoder.PatternLayoutEncoder] for [encoder] property
17:41:26,988 |-INFO in ch.qos.logback.classic.joran.action.RootLoggerAction - Setting level of ROOT logger to WARN
17:41:26,988 |-INFO in ch.qos.logback.core.joran.action.AppenderRefAction - Attaching appender named [STDOUT] to Logger[ROOT]
17:41:26,989 |-INFO in ch.qos.logback.classic.joran.action.ConfigurationAction - End of configuration.
17:41:26,991 |-INFO in ch.qos.logback.classic.joran.JoranConfigurator@29176cc1 - Registering current configuration as safe fallback point

330        WARN  main            d.u.i.k.s.ProofSettings   No proof-settings could be loaded, using defaults java.io.FileNotFoundException: /home/runner/.key/proof-settings.props (No such file or directory)
	at java.base/java.io.FileInputStream.open0(Native Method)

]]></system-out>
  <system-err><![CDATA[Timeout watcher launched (1000 secs.)
Could not find rule file rules/intRulesCheckedSemantics.key (file: /home/runner/work/key/key/key.core/../key.ui/examples/index/../InformationFlow/ToyVoting/Voter(Voter__insecure_voting()).JML normal_behavior operation contract.0.key; caused by: de.uka.ilkd.key.proof.init.ProofInputException: Could not find rule file rules/intRulesCheckedSemantics.key)
	at de.uka.ilkd.key.control.AbstractUserInterfaceControl.load(AbstractUserInterfaceControl.java:221)
	at de.uka.ilkd.key.control.KeYEnvironment.load(KeYEnvironment.java:251)
	at de.uka.ilkd.key.control.KeYEnvironment.load(KeYEnvironment.java:224)
	at de.uka.ilkd.key.control.KeYEnvironment.load(KeYEnvironment.java:184)
	at de.uka.ilkd.key.control.KeYEnvironment.load(KeYEnvironment.java:261)
	at de.uka.ilkd.key.proof.runallproofs.proofcollection.TestFile.load(TestFile.java:270)
	at de.uka.ilkd.key.proof.runallproofs.proofcollection.TestFile.runKey(TestFile.java:160)
	at de.uka.ilkd.key.proof.runallproofs.proofcollection.ForkedTestFileRunner.main(ForkedTestFileRunner.java:171)
Caused by: de.uka.ilkd.key.proof.init.ProofInputException: Could not find rule file rules/intRulesCheckedSemantics.key
	at de.uka.ilkd.key.proof.io.KeYFile.readIncludes(KeYFile.java:210)
	at de.uka.ilkd.key.proof.init.ProblemInitializer.readIncludes(ProblemInitializer.java:177)
	at de.uka.ilkd.key.proof.init.ProblemInitializer.readEnvInput(ProblemInitializer.java:325)
	at de.uka.ilkd.key.proof.init.ProblemInitializer.prepare(ProblemInitializer.java:449)
	at de.uka.ilkd.key.proof.io.AbstractProblemLoader.createInitConfig(AbstractProblemLoader.java:518)
	at de.uka.ilkd.key.proof.io.AbstractProblemLoader.loadEnvironment(AbstractProblemLoader.java:288)
	at de.uka.ilkd.key.proof.io.AbstractProblemLoader.load(AbstractProblemLoader.java:252)
	at de.uka.ilkd.key.control.AbstractUserInterfaceControl.load(AbstractUserInterfaceControl.java:209)
	... 7 more
Caused by: java.lang.RuntimeException: Could not find rule file rules/intRulesCheckedSemantics.key
	at de.uka.ilkd.key.proof.io.RuleSourceFactory.fromBuiltInRule(RuleSourceFactory.java:32)
	at de.uka.ilkd.key.proof.io.RuleSourceFactory.fromDefaultLocation(RuleSourceFactory.java:21)
	at de.uka.ilkd.key.nparser.builder.IncludeFinder.addInclude(IncludeFinder.java:63)
	at de.uka.ilkd.key.nparser.builder.IncludeFinder.visitOne_include(IncludeFinder.java:43)
	at de.uka.ilkd.key.nparser.builder.IncludeFinder.visitOne_include(IncludeFinder.java:20)
	at de.uka.ilkd.key.nparser.KeYParser$One_includeContext.accept(KeYParser.java:878)
	at de.uka.ilkd.key.nparser.builder.AbstractBuilder.lambda$mapOf$0(AbstractBuilder.java:112)
	at java.base/java.util.stream.ReferencePipeline$3$1.accept(ReferencePipeline.java:195)
	at java.base/java.util.ArrayList$ArrayListSpliterator.forEachRemaining(ArrayList.java:1655)
	at java.base/java.util.stream.AbstractPipeline.copyInto(AbstractPipeline.java:484)
	at java.base/java.util.stream.AbstractPipeline.wrapAndCopyInto(AbstractPipeline.java:474)
	at java.base/java.util.stream.ReduceOps$ReduceOp.evaluateSequential(ReduceOps.java:913)
	at java.base/java.util.stream.AbstractPipeline.evaluate(AbstractPipeline.java:234)
	at java.base/java.util.stream.ReferencePipeline.collect(ReferencePipeline.java:578)
	at de.uka.ilkd.key.nparser.builder.AbstractBuilder.mapOf(AbstractBuilder.java:112)
	at de.uka.ilkd.key.nparser.builder.IncludeFinder.visitOne_include_statement(IncludeFinder.java:35)
	at de.uka.ilkd.key.nparser.builder.IncludeFinder.visitOne_include_statement(IncludeFinder.java:20)
	at de.uka.ilkd.key.nparser.KeYParser$One_include_statementContext.accept(KeYParser.java:802)
	at org.antlr.v4.runtime.tree.AbstractParseTreeVisitor.visitChildren(AbstractParseTreeVisitor.java:46)
	at de.uka.ilkd.key.nparser.KeYParserBaseVisitor.visitDecls(KeYParserBaseVisitor.java:30)
	at de.uka.ilkd.key.nparser.KeYParser$DeclsContext.accept(KeYParser.java:500)
	at org.antlr.v4.runtime.tree.AbstractParseTreeVisitor.visitChildren(AbstractParseTreeVisitor.java:46)
	at de.uka.ilkd.key.nparser.KeYParserBaseVisitor.visitFile(KeYParserBaseVisitor.java:23)
	at de.uka.ilkd.key.nparser.KeYParser$FileContext.accept(KeYParser.java:306)
	at de.uka.ilkd.key.nparser.KeyAst.accept(KeyAst.java:41)
	at de.uka.ilkd.key.nparser.KeyAst$File.getIncludes(KeyAst.java:76)
	at de.uka.ilkd.key.proof.io.KeYFile.readIncludes(KeYFile.java:208)
	... 14 more
Could not find rule file rules/intRulesCheckedSemantics.key (file: /home/runner/work/key/key/key.core/../key.ui/examples/index/../InformationFlow/ToyVoting/Voter(Voter__publishVoterParticipation()).JML normal_behavior operation contract.0.key; caused by: de.uka.ilkd.key.proof.init.ProofInputException: Could not find rule file rules/intRulesCheckedSemantics.key)
	at de.uka.ilkd.key.control.AbstractUserInterfaceControl.load(AbstractUserInterfaceControl.java:221)
	at de.uka.ilkd.key.control.KeYEnvironment.load(KeYEnvironment.java:251)
	at de.uka.ilkd.key.control.KeYEnvironment.load(KeYEnvironment.java:224)
	at de.uka.ilkd.key.control.KeYEnvironment.load(KeYEnvironment.java:184)
	at de.uka.ilkd.key.control.KeYEnvironment.load(KeYEnvironment.java:261)
	at de.uka.ilkd.key.proof.runallproofs.proofcollection.TestFile.load(TestFile.java:270)
	at de.uka.ilkd.key.proof.runallproofs.proofcollection.TestFile.runKey(TestFile.java:160)
	at de.uka.ilkd.key.proof.runallproofs.proofcollection.ForkedTestFileRunner.main(ForkedTestFileRunner.java:171)
Caused by: de.uka.ilkd.key.proof.init.ProofInputException: Could not find rule file rules/intRulesCheckedSemantics.key
	at de.uka.ilkd.key.proof.io.KeYFile.readIncludes(KeYFile.java:210)
	at de.uka.ilkd.key.proof.init.ProblemInitializer.readIncludes(ProblemInitializer.java:177)
	at de.uka.ilkd.key.proof.init.ProblemInitializer.readEnvInput(ProblemInitializer.java:325)
	at de.uka.ilkd.key.proof.init.ProblemInitializer.prepare(ProblemInitializer.java:449)
	at de.uka.ilkd.key.proof.io.AbstractProblemLoader.createInitConfig(AbstractProblemLoader.java:518)
	at de.uka.ilkd.key.proof.io.AbstractProblemLoader.loadEnvironment(AbstractProblemLoader.java:288)
	at de.uka.ilkd.key.proof.io.AbstractProblemLoader.load(AbstractProblemLoader.java:252)
	at de.uka.ilkd.key.control.AbstractUserInterfaceControl.load(AbstractUserInterfaceControl.java:209)
	... 7 more
Caused by: java.lang.RuntimeException: Could not find rule file rules/intRulesCheckedSemantics.key
	at de.uka.ilkd.key.proof.io.RuleSourceFactory.fromBuiltInRule(RuleSourceFactory.java:32)
	at de.uka.ilkd.key.proof.io.RuleSourceFactory.fromDefaultLocation(RuleSourceFactory.java:21)
	at de.uka.ilkd.key.nparser.builder.IncludeFinder.addInclude(IncludeFinder.java:63)
	at de.uka.ilkd.key.nparser.builder.IncludeFinder.visitOne_include(IncludeFinder.java:43)
	at de.uka.ilkd.key.nparser.builder.IncludeFinder.visitOne_include(IncludeFinder.java:20)
	at de.uka.ilkd.key.nparser.KeYParser$One_includeContext.accept(KeYParser.java:878)
	at de.uka.ilkd.key.nparser.builder.AbstractBuilder.lambda$mapOf$0(AbstractBuilder.java:112)
	at java.base/java.util.stream.ReferencePipeline$3$1.accept(ReferencePipeline.java:195)
	at java.base/java.util.ArrayList$ArrayListSpliterator.forEachRemaining(ArrayList.java:1655)
	at java.base/java.util.stream.AbstractPipeline.copyInto(AbstractPipeline.java:484)
	at java.base/java.util.stream.AbstractPipeline.wrapAndCopyInto(AbstractPipeline.java:474)
	at java.base/java.util.stream.ReduceOps$ReduceOp.evaluateSequential(ReduceOps.java:913)
	at java.base/java.util.stream.AbstractPipeline.evaluate(AbstractPipeline.java:234)
	at java.base/java.util.stream.ReferencePipeline.collect(ReferencePipeline.java:578)
	at de.uka.ilkd.key.nparser.builder.AbstractBuilder.mapOf(AbstractBuilder.java:112)
	at de.uka.ilkd.key.nparser.builder.IncludeFinder.visitOne_include_statement(IncludeFinder.java:35)
	at de.uka.ilkd.key.nparser.builder.IncludeFinder.visitOne_include_statement(IncludeFinder.java:20)
	at de.uka.ilkd.key.nparser.KeYParser$One_include_statementContext.accept(KeYParser.java:802)
	at org.antlr.v4.runtime.tree.AbstractParseTreeVisitor.visitChildren(AbstractParseTreeVisitor.java:46)
	at de.uka.ilkd.key.nparser.KeYParserBaseVisitor.visitDecls(KeYParserBaseVisitor.java:30)
	at de.uka.ilkd.key.nparser.KeYParser$DeclsContext.accept(KeYParser.java:500)
	at org.antlr.v4.runtime.tree.AbstractParseTreeVisitor.visitChildren(AbstractParseTreeVisitor.java:46)
	at de.uka.ilkd.key.nparser.KeYParserBaseVisitor.visitFile(KeYParserBaseVisitor.java:23)
	at de.uka.ilkd.key.nparser.KeYParser$FileContext.accept(KeYParser.java:306)
	at de.uka.ilkd.key.nparser.KeyAst.accept(KeyAst.java:41)
	at de.uka.ilkd.key.nparser.KeyAst$File.getIncludes(KeyAst.java:76)
	at de.uka.ilkd.key.proof.io.KeYFile.readIncludes(KeYFile.java:208)
	... 14 more
Could not find rule file rules/intRulesCheckedSemantics.key (file: /home/runner/work/key/key/key.core/../key.ui/examples/index/../InformationFlow/ToyVoting/Voter(Voter__isValid(int)).JML normal_behavior operation contract.0.key; caused by: de.uka.ilkd.key.proof.init.ProofInputException: Could not find rule file rules/intRulesCheckedSemantics.key)
	at de.uka.ilkd.key.control.AbstractUserInterfaceControl.load(AbstractUserInterfaceControl.java:221)
	at de.uka.ilkd.key.control.KeYEnvironment.load(KeYEnvironment.java:251)
	at de.uka.ilkd.key.control.KeYEnvironment.load(KeYEnvironment.java:224)
	at de.uka.ilkd.key.control.KeYEnvironment.load(KeYEnvironment.java:184)
	at de.uka.ilkd.key.control.KeYEnvironment.load(KeYEnvironment.java:261)
	at de.uka.ilkd.key.proof.runallproofs.proofcollection.TestFile.load(TestFile.java:270)
	at de.uka.ilkd.key.proof.runallproofs.proofcollection.TestFile.runKey(TestFile.java:160)
	at de.uka.ilkd.key.proof.runallproofs.proofcollection.ForkedTestFileRunner.main(ForkedTestFileRunner.java:171)
Caused by: de.uka.ilkd.key.proof.init.ProofInputException: Could not find rule file rules/intRulesCheckedSemantics.key
	at de.uka.ilkd.key.proof.io.KeYFile.readIncludes(KeYFile.java:210)
	at de.uka.ilkd.key.proof.init.ProblemInitializer.readIncludes(ProblemInitializer.java:177)
	at de.uka.ilkd.key.proof.init.ProblemInitializer.readEnvInput(ProblemInitializer.java:325)
	at de.uka.ilkd.key.proof.init.ProblemInitializer.prepare(ProblemInitializer.java:449)
	at de.uka.ilkd.key.proof.io.AbstractProblemLoader.createInitConfig(AbstractProblemLoader.java:518)
	at de.uka.ilkd.key.proof.io.AbstractProblemLoader.loadEnvironment(AbstractProblemLoader.java:288)
	at de.uka.ilkd.key.proof.io.AbstractProblemLoader.load(AbstractProblemLoader.java:252)
	at de.uka.ilkd.key.control.AbstractUserInterfaceControl.load(AbstractUserInterfaceControl.java:209)
	... 7 more
Caused by: java.lang.RuntimeException: Could not find rule file rules/intRulesCheckedSemantics.key
	at de.uka.ilkd.key.proof.io.RuleSourceFactory.fromBuiltInRule(RuleSourceFactory.java:32)
	at de.uka.ilkd.key.proof.io.RuleSourceFactory.fromDefaultLocation(RuleSourceFactory.java:21)
	at de.uka.ilkd.key.nparser.builder.IncludeFinder.addInclude(IncludeFinder.java:63)
	at de.uka.ilkd.key.nparser.builder.IncludeFinder.visitOne_include(IncludeFinder.java:43)
	at de.uka.ilkd.key.nparser.builder.IncludeFinder.visitOne_include(IncludeFinder.java:20)
	at de.uka.ilkd.key.nparser.KeYParser$One_includeContext.accept(KeYParser.java:878)
	at de.uka.ilkd.key.nparser.builder.AbstractBuilder.lambda$mapOf$0(AbstractBuilder.java:112)
	at java.base/java.util.stream.ReferencePipeline$3$1.accept(ReferencePipeline.java:195)
	at java.base/java.util.ArrayList$ArrayListSpliterator.forEachRemaining(ArrayList.java:1655)
	at java.base/java.util.stream.AbstractPipeline.copyInto(AbstractPipeline.java:484)
	at java.base/java.util.stream.AbstractPipeline.wrapAndCopyInto(AbstractPipeline.java:474)
	at java.base/java.util.stream.ReduceOps$ReduceOp.evaluateSequential(ReduceOps.java:913)
	at java.base/java.util.stream.AbstractPipeline.evaluate(AbstractPipeline.java:234)
	at java.base/java.util.stream.ReferencePipeline.collect(ReferencePipeline.java:578)
	at de.uka.ilkd.key.nparser.builder.AbstractBuilder.mapOf(AbstractBuilder.java:112)
	at de.uka.ilkd.key.nparser.builder.IncludeFinder.visitOne_include_statement(IncludeFinder.java:35)
	at de.uka.ilkd.key.nparser.builder.IncludeFinder.visitOne_include_statement(IncludeFinder.java:20)
	at de.uka.ilkd.key.nparser.KeYParser$One_include_statementContext.accept(KeYParser.java:802)
	at org.antlr.v4.runtime.tree.AbstractParseTreeVisitor.visitChildren(AbstractParseTreeVisitor.java:46)
	at de.uka.ilkd.key.nparser.KeYParserBaseVisitor.visitDecls(KeYParserBaseVisitor.java:30)
	at de.uka.ilkd.key.nparser.KeYParser$DeclsContext.accept(KeYParser.java:500)
	at org.antlr.v4.runtime.tree.AbstractParseTreeVisitor.visitChildren(AbstractParseTreeVisitor.java:46)
	at de.uka.ilkd.key.nparser.KeYParserBaseVisitor.visitFile(KeYParserBaseVisitor.java:23)
	at de.uka.ilkd.key.nparser.KeYParser$FileContext.accept(KeYParser.java:306)
	at de.uka.ilkd.key.nparser.KeyAst.accept(KeyAst.java:41)
	at de.uka.ilkd.key.nparser.KeyAst$File.getIncludes(KeyAst.java:76)
	at de.uka.ilkd.key.proof.io.KeYFile.readIncludes(KeYFile.java:208)
	... 14 more
Could not find rule file rules/intRulesCheckedSemantics.key (file: /home/runner/work/key/key/key.core/../key.ui/examples/index/../InformationFlow/ToyVoting/Voter(Voter__sendVote(int)).JML normal_behavior operation contract.0.key; caused by: de.uka.ilkd.key.proof.init.ProofInputException: Could not find rule file rules/intRulesCheckedSemantics.key)
	at de.uka.ilkd.key.control.AbstractUserInterfaceControl.load(AbstractUserInterfaceControl.java:221)
	at de.uka.ilkd.key.control.KeYEnvironment.load(KeYEnvironment.java:251)
	at de.uka.ilkd.key.control.KeYEnvironment.load(KeYEnvironment.java:224)
	at de.uka.ilkd.key.control.KeYEnvironment.load(KeYEnvironment.java:184)
	at de.uka.ilkd.key.control.KeYEnvironment.load(KeYEnvironment.java:261)
	at de.uka.ilkd.key.proof.runallproofs.proofcollection.TestFile.load(TestFile.java:270)
	at de.uka.ilkd.key.proof.runallproofs.proofcollection.TestFile.runKey(TestFile.java:160)
	at de.uka.ilkd.key.proof.runallproofs.proofcollection.ForkedTestFileRunner.main(ForkedTestFileRunner.java:171)
Caused by: de.uka.ilkd.key.proof.init.ProofInputException: Could not find rule file rules/intRulesCheckedSemantics.key
	at de.uka.ilkd.key.proof.io.KeYFile.readIncludes(KeYFile.java:210)
	at de.uka.ilkd.key.proof.init.ProblemInitializer.readIncludes(ProblemInitializer.java:177)
	at de.uka.ilkd.key.proof.init.ProblemInitializer.readEnvInput(ProblemInitializer.java:325)
	at de.uka.ilkd.key.proof.init.ProblemInitializer.prepare(ProblemInitializer.java:449)
	at de.uka.ilkd.key.proof.io.AbstractProblemLoader.createInitConfig(AbstractProblemLoader.java:518)
	at de.uka.ilkd.key.proof.io.AbstractProblemLoader.loadEnvironment(AbstractProblemLoader.java:288)
	at de.uka.ilkd.key.proof.io.AbstractProblemLoader.load(AbstractProblemLoader.java:252)
	at de.uka.ilkd.key.control.AbstractUserInterfaceControl.load(AbstractUserInterfaceControl.java:209)
	... 7 more
Caused by: java.lang.RuntimeException: Could not find rule file rules/intRulesCheckedSemantics.key
	at de.uka.ilkd.key.proof.io.RuleSourceFactory.fromBuiltInRule(RuleSourceFactory.java:32)
	at de.uka.ilkd.key.proof.io.RuleSourceFactory.fromDefaultLocation(RuleSourceFactory.java:21)
	at de.uka.ilkd.key.nparser.builder.IncludeFinder.addInclude(IncludeFinder.java:63)
	at de.uka.ilkd.key.nparser.builder.IncludeFinder.visitOne_include(IncludeFinder.java:43)
	at de.uka.ilkd.key.nparser.builder.IncludeFinder.visitOne_include(IncludeFinder.java:20)
	at de.uka.ilkd.key.nparser.KeYParser$One_includeContext.accept(KeYParser.java:878)
	at de.uka.ilkd.key.nparser.builder.AbstractBuilder.lambda$mapOf$0(AbstractBuilder.java:112)
	at java.base/java.util.stream.ReferencePipeline$3$1.accept(ReferencePipeline.java:195)
	at java.base/java.util.ArrayList$ArrayListSpliterator.forEachRemaining(ArrayList.java:1655)
	at java.base/java.util.stream.AbstractPipeline.copyInto(AbstractPipeline.java:484)
	at java.base/java.util.stream.AbstractPipeline.wrapAndCopyInto(AbstractPipeline.java:474)
	at java.base/java.util.stream.ReduceOps$ReduceOp.evaluateSequential(ReduceOps.java:913)
	at java.base/java.util.stream.AbstractPipeline.evaluate(AbstractPipeline.java:234)
	at java.base/java.util.stream.ReferencePipeline.collect(ReferencePipeline.java:578)
	at de.uka.ilkd.key.nparser.builder.AbstractBuilder.mapOf(AbstractBuilder.java:112)
	at de.uka.ilkd.key.nparser.builder.IncludeFinder.visitOne_include_statement(IncludeFinder.java:35)
	at de.uka.ilkd.key.nparser.builder.IncludeFinder.visitOne_include_statement(IncludeFinder.java:20)
	at de.uka.ilkd.key.nparser.KeYParser$One_include_statementContext.accept(KeYParser.java:802)
	at org.antlr.v4.runtime.tree.AbstractParseTreeVisitor.visitChildren(AbstractParseTreeVisitor.java:46)
	at de.uka.ilkd.key.nparser.KeYParserBaseVisitor.visitDecls(KeYParserBaseVisitor.java:30)
	at de.uka.ilkd.key.nparser.KeYParser$DeclsContext.accept(KeYParser.java:500)
	at org.antlr.v4.runtime.tree.AbstractParseTreeVisitor.visitChildren(AbstractParseTreeVisitor.java:46)
	at de.uka.ilkd.key.nparser.KeYParserBaseVisitor.visitFile(KeYParserBaseVisitor.java:23)
	at de.uka.ilkd.key.nparser.KeYParser$FileContext.accept(KeYParser.java:306)
	at de.uka.ilkd.key.nparser.KeyAst.accept(KeyAst.java:41)
	at de.uka.ilkd.key.nparser.KeyAst$File.getIncludes(KeyAst.java:76)
	at de.uka.ilkd.key.proof.io.KeYFile.readIncludes(KeYFile.java:208)
	... 14 more
Could not find rule file rules/intRulesCheckedSemantics.key (file: /home/runner/work/key/key/key.core/../key.ui/examples/index/../InformationFlow/ToyVoting/Voter(Voter__inputVote()).JML normal_behavior operation contract.0.key; caused by: de.uka.ilkd.key.proof.init.ProofInputException: Could not find rule file rules/intRulesCheckedSemantics.key)
	at de.uka.ilkd.key.control.AbstractUserInterfaceControl.load(AbstractUserInterfaceControl.java:221)
	at de.uka.ilkd.key.control.KeYEnvironment.load(KeYEnvironment.java:251)
	at de.uka.ilkd.key.control.KeYEnvironment.load(KeYEnvironment.java:224)
	at de.uka.ilkd.key.control.KeYEnvironment.load(KeYEnvironment.java:184)
	at de.uka.ilkd.key.control.KeYEnvironment.load(KeYEnvironment.java:261)
	at de.uka.ilkd.key.proof.runallproofs.proofcollection.TestFile.load(TestFile.java:270)
	at de.uka.ilkd.key.proof.runallproofs.proofcollection.TestFile.runKey(TestFile.java:160)
	at de.uka.ilkd.key.proof.runallproofs.proofcollection.ForkedTestFileRunner.main(ForkedTestFileRunner.java:171)
Caused by: de.uka.ilkd.key.proof.init.ProofInputException: Could not find rule file rules/intRulesCheckedSemantics.key
	at de.uka.ilkd.key.proof.io.KeYFile.readIncludes(KeYFile.java:210)
	at de.uka.ilkd.key.proof.init.ProblemInitializer.readIncludes(ProblemInitializer.java:177)
	at de.uka.ilkd.key.proof.init.ProblemInitializer.readEnvInput(ProblemInitializer.java:325)
	at de.uka.ilkd.key.proof.init.ProblemInitializer.prepare(ProblemInitializer.java:449)
	at de.uka.ilkd.key.proof.io.AbstractProblemLoader.createInitConfig(AbstractProblemLoader.java:518)
	at de.uka.ilkd.key.proof.io.AbstractProblemLoader.loadEnvironment(AbstractProblemLoader.java:288)
	at de.uka.ilkd.key.proof.io.AbstractProblemLoader.load(AbstractProblemLoader.java:252)
	at de.uka.ilkd.key.control.AbstractUserInterfaceControl.load(AbstractUserInterfaceControl.java:209)
	... 7 more
Caused by: java.lang.RuntimeException: Could not find rule file rules/intRulesCheckedSemantics.key
	at de.uka.ilkd.key.proof.io.RuleSourceFactory.fromBuiltInRule(RuleSourceFactory.java:32)
	at de.uka.ilkd.key.proof.io.RuleSourceFactory.fromDefaultLocation(RuleSourceFactory.java:21)
	at de.uka.ilkd.key.nparser.builder.IncludeFinder.addInclude(IncludeFinder.java:63)
	at de.uka.ilkd.key.nparser.builder.IncludeFinder.visitOne_include(IncludeFinder.java:43)
	at de.uka.ilkd.key.nparser.builder.IncludeFinder.visitOne_include(IncludeFinder.java:20)
	at de.uka.ilkd.key.nparser.KeYParser$One_includeContext.accept(KeYParser.java:878)
	at de.uka.ilkd.key.nparser.builder.AbstractBuilder.lambda$mapOf$0(AbstractBuilder.java:112)
	at java.base/java.util.stream.ReferencePipeline$3$1.accept(ReferencePipeline.java:195)
	at java.base/java.util.ArrayList$ArrayListSpliterator.forEachRemaining(ArrayList.java:1655)
	at java.base/java.util.stream.AbstractPipeline.copyInto(AbstractPipeline.java:484)
	at java.base/java.util.stream.AbstractPipeline.wrapAndCopyInto(AbstractPipeline.java:474)
	at java.base/java.util.stream.ReduceOps$ReduceOp.evaluateSequential(ReduceOps.java:913)
	at java.base/java.util.stream.AbstractPipeline.evaluate(AbstractPipeline.java:234)
	at java.base/java.util.stream.ReferencePipeline.collect(ReferencePipeline.java:578)
	at de.uka.ilkd.key.nparser.builder.AbstractBuilder.mapOf(AbstractBuilder.java:112)
	at de.uka.ilkd.key.nparser.builder.IncludeFinder.visitOne_include_statement(IncludeFinder.java:35)
	at de.uka.ilkd.key.nparser.builder.IncludeFinder.visitOne_include_statement(IncludeFinder.java:20)
	at de.uka.ilkd.key.nparser.KeYParser$One_include_statementContext.accept(KeYParser.java:802)
	at org.antlr.v4.runtime.tree.AbstractParseTreeVisitor.visitChildren(AbstractParseTreeVisitor.java:46)
	at de.uka.ilkd.key.nparser.KeYParserBaseVisitor.visitDecls(KeYParserBaseVisitor.java:30)
	at de.uka.ilkd.key.nparser.KeYParser$DeclsContext.accept(KeYParser.java:500)
	at org.antlr.v4.runtime.tree.AbstractParseTreeVisitor.visitChildren(AbstractParseTreeVisitor.java:46)
	at de.uka.ilkd.key.nparser.KeYParserBaseVisitor.visitFile(KeYParserBaseVisitor.java:23)
	at de.uka.ilkd.key.nparser.KeYParser$FileContext.accept(KeYParser.java:306)
	at de.uka.ilkd.key.nparser.KeyAst.accept(KeyAst.java:41)
	at de.uka.ilkd.key.nparser.KeyAst$File.getIncludes(KeyAst.java:76)
	at de.uka.ilkd.key.proof.io.KeYFile.readIncludes(KeYFile.java:208)
	... 14 more
Could not find rule file rules/intRulesCheckedSemantics.key (file: /home/runner/work/key/key/key.core/../key.ui/examples/index/../InformationFlow/ToyVoting/Voter(Voter__secure_voting()).JML normal_behavior operation contract.0.key; caused by: de.uka.ilkd.key.proof.init.ProofInputException: Could not find rule file rules/intRulesCheckedSemantics.key)
	at de.uka.ilkd.key.control.AbstractUserInterfaceControl.load(AbstractUserInterfaceControl.java:221)
	at de.uka.ilkd.key.control.KeYEnvironment.load(KeYEnvironment.java:251)
	at de.uka.ilkd.key.control.KeYEnvironment.load(KeYEnvironment.java:224)
	at de.uka.ilkd.key.control.KeYEnvironment.load(KeYEnvironment.java:184)
	at de.uka.ilkd.key.control.KeYEnvironment.load(KeYEnvironment.java:261)
	at de.uka.ilkd.key.proof.runallproofs.proofcollection.TestFile.load(TestFile.java:270)
	at de.uka.ilkd.key.proof.runallproofs.proofcollection.TestFile.runKey(TestFile.java:160)
	at de.uka.ilkd.key.proof.runallproofs.proofcollection.ForkedTestFileRunner.main(ForkedTestFileRunner.java:171)
Caused by: de.uka.ilkd.key.proof.init.ProofInputException: Could not find rule file rules/intRulesCheckedSemantics.key
	at de.uka.ilkd.key.proof.io.KeYFile.readIncludes(KeYFile.java:210)
	at de.uka.ilkd.key.proof.init.ProblemInitializer.readIncludes(ProblemInitializer.java:177)
	at de.uka.ilkd.key.proof.init.ProblemInitializer.readEnvInput(ProblemInitializer.java:325)
	at de.uka.ilkd.key.proof.init.ProblemInitializer.prepare(ProblemInitializer.java:449)
	at de.uka.ilkd.key.proof.io.AbstractProblemLoader.createInitConfig(AbstractProblemLoader.java:518)
	at de.uka.ilkd.key.proof.io.AbstractProblemLoader.loadEnvironment(AbstractProblemLoader.java:288)
	at de.uka.ilkd.key.proof.io.AbstractProblemLoader.load(AbstractProblemLoader.java:252)
	at de.uka.ilkd.key.control.AbstractUserInterfaceControl.load(AbstractUserInterfaceControl.java:209)
	... 7 more
Caused by: java.lang.RuntimeException: Could not find rule file rules/intRulesCheckedSemantics.key
	at de.uka.ilkd.key.proof.io.RuleSourceFactory.fromBuiltInRule(RuleSourceFactory.java:32)
	at de.uka.ilkd.key.proof.io.RuleSourceFactory.fromDefaultLocation(RuleSourceFactory.java:21)
	at de.uka.ilkd.key.nparser.builder.IncludeFinder.addInclude(IncludeFinder.java:63)
	at de.uka.ilkd.key.nparser.builder.IncludeFinder.visitOne_include(IncludeFinder.java:43)
	at de.uka.ilkd.key.nparser.builder.IncludeFinder.visitOne_include(IncludeFinder.java:20)
	at de.uka.ilkd.key.nparser.KeYParser$One_includeContext.accept(KeYParser.java:878)
	at de.uka.ilkd.key.nparser.builder.AbstractBuilder.lambda$mapOf$0(AbstractBuilder.java:112)
	at java.base/java.util.stream.ReferencePipeline$3$1.accept(ReferencePipeline.java:195)
	at java.base/java.util.ArrayList$ArrayListSpliterator.forEachRemaining(ArrayList.java:1655)
	at java.base/java.util.stream.AbstractPipeline.copyInto(AbstractPipeline.java:484)
	at java.base/java.util.stream.AbstractPipeline.wrapAndCopyInto(AbstractPipeline.java:474)
	at java.base/java.util.stream.ReduceOps$ReduceOp.evaluateSequential(ReduceOps.java:913)
	at java.base/java.util.stream.AbstractPipeline.evaluate(AbstractPipeline.java:234)
	at java.base/java.util.stream.ReferencePipeline.collect(ReferencePipeline.java:578)
	at de.uka.ilkd.key.nparser.builder.AbstractBuilder.mapOf(AbstractBuilder.java:112)
	at de.uka.ilkd.key.nparser.builder.IncludeFinder.visitOne_include_statement(IncludeFinder.java:35)
	at de.uka.ilkd.key.nparser.builder.IncludeFinder.visitOne_include_statement(IncludeFinder.java:20)
	at de.uka.ilkd.key.nparser.KeYParser$One_include_statementContext.accept(KeYParser.java:802)
	at org.antlr.v4.runtime.tree.AbstractParseTreeVisitor.visitChildren(AbstractParseTreeVisitor.java:46)
	at de.uka.ilkd.key.nparser.KeYParserBaseVisitor.visitDecls(KeYParserBaseVisitor.java:30)
	at de.uka.ilkd.key.nparser.KeYParser$DeclsContext.accept(KeYParser.java:500)
	at org.antlr.v4.runtime.tree.AbstractParseTreeVisitor.visitChildren(AbstractParseTreeVisitor.java:46)
	at de.uka.ilkd.key.nparser.KeYParserBaseVisitor.visitFile(KeYParserBaseVisitor.java:23)
	at de.uka.ilkd.key.nparser.KeYParser$FileContext.accept(KeYParser.java:306)
	at de.uka.ilkd.key.nparser.KeyAst.accept(KeyAst.java:41)
	at de.uka.ilkd.key.nparser.KeyAst$File.getIncludes(KeyAst.java:76)
	at de.uka.ilkd.key.proof.io.KeYFile.readIncludes(KeYFile.java:208)
	... 14 more
Exception in thread "main" org.opentest4j.AssertionFailedError: Exception during the execution of proofs. See log for more details.
	at org.junit.jupiter.api.AssertionUtils.fail(AssertionUtils.java:39)
	at org.junit.jupiter.api.Assertions.fail(Assertions.java:134)
	at de.uka.ilkd.key.proof.runallproofs.proofcollection.ForkedTestFileRunner.main(ForkedTestFileRunner.java:192)
Timeout watcher launched (1000 secs.)
Could not find rule file rules/intRulesCheckedSemantics.key (file: /home/runner/work/key/key/key.core/../key.ui/examples/index/../InformationFlow/ConditionalConfidential/CCExample(CCExample__hasAccessRight(CCExample.User)).JML normal_behavior operation contract.0.key; caused by: de.uka.ilkd.key.proof.init.ProofInputException: Could not find rule file rules/intRulesCheckedSemantics.key)
	at de.uka.ilkd.key.control.AbstractUserInterfaceControl.load(AbstractUserInterfaceControl.java:221)
	at de.uka.ilkd.key.control.KeYEnvironment.load(KeYEnvironment.java:251)
	at de.uka.ilkd.key.control.KeYEnvironment.load(KeYEnvironment.java:224)
	at de.uka.ilkd.key.control.KeYEnvironment.load(KeYEnvironment.java:184)
	at de.uka.ilkd.key.control.KeYEnvironment.load(KeYEnvironment.java:261)
	at de.uka.ilkd.key.proof.runallproofs.proofcollection.TestFile.load(TestFile.java:270)
	at de.uka.ilkd.key.proof.runallproofs.proofcollection.TestFile.runKey(TestFile.java:160)
	at de.uka.ilkd.key.proof.runallproofs.proofcollection.ForkedTestFileRunner.main(ForkedTestFileRunner.java:171)
Caused by: de.uka.ilkd.key.proof.init.ProofInputException: Could not find rule file rules/intRulesCheckedSemantics.key
	at de.uka.ilkd.key.proof.io.KeYFile.readIncludes(KeYFile.java:210)
	at de.uka.ilkd.key.proof.init.ProblemInitializer.readIncludes(ProblemInitializer.java:177)
	at de.uka.ilkd.key.proof.init.ProblemInitializer.readEnvInput(ProblemInitializer.java:325)
	at de.uka.ilkd.key.proof.init.ProblemInitializer.prepare(ProblemInitializer.java:449)
	at de.uka.ilkd.key.proof.io.AbstractProblemLoader.createInitConfig(AbstractProblemLoader.java:518)
	at de.uka.ilkd.key.proof.io.AbstractProblemLoader.loadEnvironment(AbstractProblemLoader.java:288)
	at de.uka.ilkd.key.proof.io.AbstractProblemLoader.load(AbstractProblemLoader.java:252)
	at de.uka.ilkd.key.control.AbstractUserInterfaceControl.load(AbstractUserInterfaceControl.java:209)
	... 7 more
Caused by: java.lang.RuntimeException: Could not find rule file rules/intRulesCheckedSemantics.key
	at de.uka.ilkd.key.proof.io.RuleSourceFactory.fromBuiltInRule(RuleSourceFactory.java:32)
	at de.uka.ilkd.key.proof.io.RuleSourceFactory.fromDefaultLocation(RuleSourceFactory.java:21)
	at de.uka.ilkd.key.nparser.builder.IncludeFinder.addInclude(IncludeFinder.java:63)
	at de.uka.ilkd.key.nparser.builder.IncludeFinder.visitOne_include(IncludeFinder.java:43)
	at de.uka.ilkd.key.nparser.builder.IncludeFinder.visitOne_include(IncludeFinder.java:20)
	at de.uka.ilkd.key.nparser.KeYParser$One_includeContext.accept(KeYParser.java:878)
	at de.uka.ilkd.key.nparser.builder.AbstractBuilder.lambda$mapOf$0(AbstractBuilder.java:112)
	at java.base/java.util.stream.ReferencePipeline$3$1.accept(ReferencePipeline.java:195)
	at java.base/java.util.ArrayList$ArrayListSpliterator.forEachRemaining(ArrayList.java:1655)
	at java.base/java.util.stream.AbstractPipeline.copyInto(AbstractPipeline.java:484)
	at java.base/java.util.stream.AbstractPipeline.wrapAndCopyInto(AbstractPipeline.java:474)
	at java.base/java.util.stream.ReduceOps$ReduceOp.evaluateSequential(ReduceOps.java:913)
	at java.base/java.util.stream.AbstractPipeline.evaluate(AbstractPipeline.java:234)
	at java.base/java.util.stream.ReferencePipeline.collect(ReferencePipeline.java:578)
	at de.uka.ilkd.key.nparser.builder.AbstractBuilder.mapOf(AbstractBuilder.java:112)
	at de.uka.ilkd.key.nparser.builder.IncludeFinder.visitOne_include_statement(IncludeFinder.java:35)
	at de.uka.ilkd.key.nparser.builder.IncludeFinder.visitOne_include_statement(IncludeFinder.java:20)
	at de.uka.ilkd.key.nparser.KeYParser$One_include_statementContext.accept(KeYParser.java:802)
	at org.antlr.v4.runtime.tree.AbstractParseTreeVisitor.visitChildren(AbstractParseTreeVisitor.java:46)
	at de.uka.ilkd.key.nparser.KeYParserBaseVisitor.visitDecls(KeYParserBaseVisitor.java:30)
	at de.uka.ilkd.key.nparser.KeYParser$DeclsContext.accept(KeYParser.java:500)
	at org.antlr.v4.runtime.tree.AbstractParseTreeVisitor.visitChildren(AbstractParseTreeVisitor.java:46)
	at de.uka.ilkd.key.nparser.KeYParserBaseVisitor.visitFile(KeYParserBaseVisitor.java:23)
	at de.uka.ilkd.key.nparser.KeYParser$FileContext.accept(KeYParser.java:306)
	at de.uka.ilkd.key.nparser.KeyAst.accept(KeyAst.java:41)
	at de.uka.ilkd.key.nparser.KeyAst$File.getIncludes(KeyAst.java:76)
	at de.uka.ilkd.key.proof.io.KeYFile.readIncludes(KeYFile.java:208)
	... 14 more
Could not find rule file rules/intRulesCheckedSemantics.key (file: /home/runner/work/key/key/key.core/../key.ui/examples/index/../InformationFlow/ConditionalConfidential/CCExample(CCExample__getConfidentialData(CCExample.User)).JML normal_behavior operation contract.0.key; caused by: de.uka.ilkd.key.proof.init.ProofInputException: Could not find rule file rules/intRulesCheckedSemantics.key)
	at de.uka.ilkd.key.control.AbstractUserInterfaceControl.load(AbstractUserInterfaceControl.java:221)
	at de.uka.ilkd.key.control.KeYEnvironment.load(KeYEnvironment.java:251)
	at de.uka.ilkd.key.control.KeYEnvironment.load(KeYEnvironment.java:224)
	at de.uka.ilkd.key.control.KeYEnvironment.load(KeYEnvironment.java:184)
	at de.uka.ilkd.key.control.KeYEnvironment.load(KeYEnvironment.java:261)
	at de.uka.ilkd.key.proof.runallproofs.proofcollection.TestFile.load(TestFile.java:270)
	at de.uka.ilkd.key.proof.runallproofs.proofcollection.TestFile.runKey(TestFile.java:160)
	at de.uka.ilkd.key.proof.runallproofs.proofcollection.ForkedTestFileRunner.main(ForkedTestFileRunner.java:171)
Caused by: de.uka.ilkd.key.proof.init.ProofInputException: Could not find rule file rules/intRulesCheckedSemantics.key
	at de.uka.ilkd.key.proof.io.KeYFile.readIncludes(KeYFile.java:210)
	at de.uka.ilkd.key.proof.init.ProblemInitializer.readIncludes(ProblemInitializer.java:177)
	at de.uka.ilkd.key.proof.init.ProblemInitializer.readEnvInput(ProblemInitializer.java:325)
	at de.uka.ilkd.key.proof.init.ProblemInitializer.prepare(ProblemInitializer.java:449)
	at de.uka.ilkd.key.proof.io.AbstractProblemLoader.createInitConfig(AbstractProblemLoader.java:518)
	at de.uka.ilkd.key.proof.io.AbstractProblemLoader.loadEnvironment(AbstractProblemLoader.java:288)
	at de.uka.ilkd.key.proof.io.AbstractProblemLoader.load(AbstractProblemLoader.java:252)
	at de.uka.ilkd.key.control.AbstractUserInterfaceControl.load(AbstractUserInterfaceControl.java:209)
	... 7 more
Caused by: java.lang.RuntimeException: Could not find rule file rules/intRulesCheckedSemantics.key
	at de.uka.ilkd.key.proof.io.RuleSourceFactory.fromBuiltInRule(RuleSourceFactory.java:32)
	at de.uka.ilkd.key.proof.io.RuleSourceFactory.fromDefaultLocation(RuleSourceFactory.java:21)
	at de.uka.ilkd.key.nparser.builder.IncludeFinder.addInclude(IncludeFinder.java:63)
	at de.uka.ilkd.key.nparser.builder.IncludeFinder.visitOne_include(IncludeFinder.java:43)
	at de.uka.ilkd.key.nparser.builder.IncludeFinder.visitOne_include(IncludeFinder.java:20)
	at de.uka.ilkd.key.nparser.KeYParser$One_includeContext.accept(KeYParser.java:878)
	at de.uka.ilkd.key.nparser.builder.AbstractBuilder.lambda$mapOf$0(AbstractBuilder.java:112)
	at java.base/java.util.stream.ReferencePipeline$3$1.accept(ReferencePipeline.java:195)
	at java.base/java.util.ArrayList$ArrayListSpliterator.forEachRemaining(ArrayList.java:1655)
	at java.base/java.util.stream.AbstractPipeline.copyInto(AbstractPipeline.java:484)
	at java.base/java.util.stream.AbstractPipeline.wrapAndCopyInto(AbstractPipeline.java:474)
	at java.base/java.util.stream.ReduceOps$ReduceOp.evaluateSequential(ReduceOps.java:913)
	at java.base/java.util.stream.AbstractPipeline.evaluate(AbstractPipeline.java:234)
	at java.base/java.util.stream.ReferencePipeline.collect(ReferencePipeline.java:578)
	at de.uka.ilkd.key.nparser.builder.AbstractBuilder.mapOf(AbstractBuilder.java:112)
	at de.uka.ilkd.key.nparser.builder.IncludeFinder.visitOne_include_statement(IncludeFinder.java:35)
	at de.uka.ilkd.key.nparser.builder.IncludeFinder.visitOne_include_statement(IncludeFinder.java:20)
	at de.uka.ilkd.key.nparser.KeYParser$One_include_statementContext.accept(KeYParser.java:802)
	at org.antlr.v4.runtime.tree.AbstractParseTreeVisitor.visitChildren(AbstractParseTreeVisitor.java:46)
	at de.uka.ilkd.key.nparser.KeYParserBaseVisitor.visitDecls(KeYParserBaseVisitor.java:30)
	at de.uka.ilkd.key.nparser.KeYParser$DeclsContext.accept(KeYParser.java:500)
	at org.antlr.v4.runtime.tree.AbstractParseTreeVisitor.visitChildren(AbstractParseTreeVisitor.java:46)
	at de.uka.ilkd.key.nparser.KeYParserBaseVisitor.visitFile(KeYParserBaseVisitor.java:23)
	at de.uka.ilkd.key.nparser.KeYParser$FileContext.accept(KeYParser.java:306)
	at de.uka.ilkd.key.nparser.KeyAst.accept(KeyAst.java:41)
	at de.uka.ilkd.key.nparser.KeyAst$File.getIncludes(KeyAst.java:76)
	at de.uka.ilkd.key.proof.io.KeYFile.readIncludes(KeYFile.java:208)
	... 14 more
Exception in thread "main" org.opentest4j.AssertionFailedError: Exception during the execution of proofs. See log for more details.
	at org.junit.jupiter.api.AssertionUtils.fail(AssertionUtils.java:39)
	at org.junit.jupiter.api.Assertions.fail(Assertions.java:134)
	at de.uka.ilkd.key.proof.runallproofs.proofcollection.ForkedTestFileRunner.main(ForkedTestFileRunner.java:192)
Timeout watcher launched (1000 secs.)
Could not find rule file rules/intRulesCheckedSemantics.key (file: /home/runner/work/key/key/key.core/../key.ui/examples/index/../InformationFlow/Sum/SumExample(SumExample__getSum()).JML normal_behavior operation contract.0.key; caused by: de.uka.ilkd.key.proof.init.ProofInputException: Could not find rule file rules/intRulesCheckedSemantics.key)
	at de.uka.ilkd.key.control.AbstractUserInterfaceControl.load(AbstractUserInterfaceControl.java:221)
	at de.uka.ilkd.key.control.KeYEnvironment.load(KeYEnvironment.java:251)
	at de.uka.ilkd.key.control.KeYEnvironment.load(KeYEnvironment.java:224)
	at de.uka.ilkd.key.control.KeYEnvironment.load(KeYEnvironment.java:184)
	at de.uka.ilkd.key.control.KeYEnvironment.load(KeYEnvironment.java:261)
	at de.uka.ilkd.key.proof.runallproofs.proofcollection.TestFile.load(TestFile.java:270)
	at de.uka.ilkd.key.proof.runallproofs.proofcollection.TestFile.runKey(TestFile.java:160)
	at de.uka.ilkd.key.proof.runallproofs.proofcollection.ForkedTestFileRunner.main(ForkedTestFileRunner.java:171)
Caused by: de.uka.ilkd.key.proof.init.ProofInputException: Could not find rule file rules/intRulesCheckedSemantics.key
	at de.uka.ilkd.key.proof.io.KeYFile.readIncludes(KeYFile.java:210)
	at de.uka.ilkd.key.proof.init.ProblemInitializer.readIncludes(ProblemInitializer.java:177)
	at de.uka.ilkd.key.proof.init.ProblemInitializer.readEnvInput(ProblemInitializer.java:325)
	at de.uka.ilkd.key.proof.init.ProblemInitializer.prepare(ProblemInitializer.java:449)
	at de.uka.ilkd.key.proof.io.AbstractProblemLoader.createInitConfig(AbstractProblemLoader.java:518)
	at de.uka.ilkd.key.proof.io.AbstractProblemLoader.loadEnvironment(AbstractProblemLoader.java:288)
	at de.uka.ilkd.key.proof.io.AbstractProblemLoader.load(AbstractProblemLoader.java:252)
	at de.uka.ilkd.key.control.AbstractUserInterfaceControl.load(AbstractUserInterfaceControl.java:209)
	... 7 more
Caused by: java.lang.RuntimeException: Could not find rule file rules/intRulesCheckedSemantics.key
	at de.uka.ilkd.key.proof.io.RuleSourceFactory.fromBuiltInRule(RuleSourceFactory.java:32)
	at de.uka.ilkd.key.proof.io.RuleSourceFactory.fromDefaultLocation(RuleSourceFactory.java:21)
	at de.uka.ilkd.key.nparser.builder.IncludeFinder.addInclude(IncludeFinder.java:63)
	at de.uka.ilkd.key.nparser.builder.IncludeFinder.visitOne_include(IncludeFinder.java:43)
	at de.uka.ilkd.key.nparser.builder.IncludeFinder.visitOne_include(IncludeFinder.java:20)
	at de.uka.ilkd.key.nparser.KeYParser$One_includeContext.accept(KeYParser.java:878)
	at de.uka.ilkd.key.nparser.builder.AbstractBuilder.lambda$mapOf$0(AbstractBuilder.java:112)
	at java.base/java.util.stream.ReferencePipeline$3$1.accept(ReferencePipeline.java:195)
	at java.base/java.util.ArrayList$ArrayListSpliterator.forEachRemaining(ArrayList.java:1655)
	at java.base/java.util.stream.AbstractPipeline.copyInto(AbstractPipeline.java:484)
	at java.base/java.util.stream.AbstractPipeline.wrapAndCopyInto(AbstractPipeline.java:474)
	at java.base/java.util.stream.ReduceOps$ReduceOp.evaluateSequential(ReduceOps.java:913)
	at java.base/java.util.stream.AbstractPipeline.evaluate(AbstractPipeline.java:234)
	at java.base/java.util.stream.ReferencePipeline.collect(ReferencePipeline.java:578)
	at de.uka.ilkd.key.nparser.builder.AbstractBuilder.mapOf(AbstractBuilder.java:112)
	at de.uka.ilkd.key.nparser.builder.IncludeFinder.visitOne_include_statement(IncludeFinder.java:35)
	at de.uka.ilkd.key.nparser.builder.IncludeFinder.visitOne_include_statement(IncludeFinder.java:20)
	at de.uka.ilkd.key.nparser.KeYParser$One_include_statementContext.accept(KeYParser.java:802)
	at org.antlr.v4.runtime.tree.AbstractParseTreeVisitor.visitChildren(AbstractParseTreeVisitor.java:46)
	at de.uka.ilkd.key.nparser.KeYParserBaseVisitor.visitDecls(KeYParserBaseVisitor.java:30)
	at de.uka.ilkd.key.nparser.KeYParser$DeclsContext.accept(KeYParser.java:500)
	at org.antlr.v4.runtime.tree.AbstractParseTreeVisitor.visitChildren(AbstractParseTreeVisitor.java:46)
	at de.uka.ilkd.key.nparser.KeYParserBaseVisitor.visitFile(KeYParserBaseVisitor.java:23)
	at de.uka.ilkd.key.nparser.KeYParser$FileContext.accept(KeYParser.java:306)
	at de.uka.ilkd.key.nparser.KeyAst.accept(KeyAst.java:41)
	at de.uka.ilkd.key.nparser.KeyAst$File.getIncludes(KeyAst.java:76)
	at de.uka.ilkd.key.proof.io.KeYFile.readIncludes(KeYFile.java:208)
	... 14 more
Exception in thread "main" org.opentest4j.AssertionFailedError: Exception during the execution of proofs. See log for more details.
	at org.junit.jupiter.api.AssertionUtils.fail(AssertionUtils.java:39)
	at org.junit.jupiter.api.Assertions.fail(Assertions.java:134)
	at de.uka.ilkd.key.proof.runallproofs.proofcollection.ForkedTestFileRunner.main(ForkedTestFileRunner.java:192)
Timeout watcher launched (1000 secs.)
Could not find rule file rules/intRulesCheckedSemantics.key (file: /home/runner/work/key/key/key.core/../key.ui/examples/index/../InformationFlow/ToyBanking/banking_example.UserAccount(banking_example.UserAccount__getBankAccount(int)).JML normal_behavior operation contract.0.key; caused by: de.uka.ilkd.key.proof.init.ProofInputException: Could not find rule file rules/intRulesCheckedSemantics.key)
	at de.uka.ilkd.key.control.AbstractUserInterfaceControl.load(AbstractUserInterfaceControl.java:221)
	at de.uka.ilkd.key.control.KeYEnvironment.load(KeYEnvironment.java:251)
	at de.uka.ilkd.key.control.KeYEnvironment.load(KeYEnvironment.java:224)
	at de.uka.ilkd.key.control.KeYEnvironment.load(KeYEnvironment.java:184)
	at de.uka.ilkd.key.control.KeYEnvironment.load(KeYEnvironment.java:261)
	at de.uka.ilkd.key.proof.runallproofs.proofcollection.TestFile.load(TestFile.java:270)
	at de.uka.ilkd.key.proof.runallproofs.proofcollection.TestFile.runKey(TestFile.java:160)
	at de.uka.ilkd.key.proof.runallproofs.proofcollection.ForkedTestFileRunner.main(ForkedTestFileRunner.java:171)
Caused by: de.uka.ilkd.key.proof.init.ProofInputException: Could not find rule file rules/intRulesCheckedSemantics.key
	at de.uka.ilkd.key.proof.io.KeYFile.readIncludes(KeYFile.java:210)
	at de.uka.ilkd.key.proof.init.ProblemInitializer.readIncludes(ProblemInitializer.java:177)
	at de.uka.ilkd.key.proof.init.ProblemInitializer.readEnvInput(ProblemInitializer.java:325)
	at de.uka.ilkd.key.proof.init.ProblemInitializer.prepare(ProblemInitializer.java:449)
	at de.uka.ilkd.key.proof.io.AbstractProblemLoader.createInitConfig(AbstractProblemLoader.java:518)
	at de.uka.ilkd.key.proof.io.AbstractProblemLoader.loadEnvironment(AbstractProblemLoader.java:288)
	at de.uka.ilkd.key.proof.io.AbstractProblemLoader.load(AbstractProblemLoader.java:252)
	at de.uka.ilkd.key.control.AbstractUserInterfaceControl.load(AbstractUserInterfaceControl.java:209)
	... 7 more
Caused by: java.lang.RuntimeException: Could not find rule file rules/intRulesCheckedSemantics.key
	at de.uka.ilkd.key.proof.io.RuleSourceFactory.fromBuiltInRule(RuleSourceFactory.java:32)
	at de.uka.ilkd.key.proof.io.RuleSourceFactory.fromDefaultLocation(RuleSourceFactory.java:21)
	at de.uka.ilkd.key.nparser.builder.IncludeFinder.addInclude(IncludeFinder.java:63)
	at de.uka.ilkd.key.nparser.builder.IncludeFinder.visitOne_include(IncludeFinder.java:43)
	at de.uka.ilkd.key.nparser.builder.IncludeFinder.visitOne_include(IncludeFinder.java:20)
	at de.uka.ilkd.key.nparser.KeYParser$One_includeContext.accept(KeYParser.java:878)
	at de.uka.ilkd.key.nparser.builder.AbstractBuilder.lambda$mapOf$0(AbstractBuilder.java:112)
	at java.base/java.util.stream.ReferencePipeline$3$1.accept(ReferencePipeline.java:195)
	at java.base/java.util.ArrayList$ArrayListSpliterator.forEachRemaining(ArrayList.java:1655)
	at java.base/java.util.stream.AbstractPipeline.copyInto(AbstractPipeline.java:484)
	at java.base/java.util.stream.AbstractPipeline.wrapAndCopyInto(AbstractPipeline.java:474)
	at java.base/java.util.stream.ReduceOps$ReduceOp.evaluateSequential(ReduceOps.java:913)
	at java.base/java.util.stream.AbstractPipeline.evaluate(AbstractPipeline.java:234)
	at java.base/java.util.stream.ReferencePipeline.collect(ReferencePipeline.java:578)
	at de.uka.ilkd.key.nparser.builder.AbstractBuilder.mapOf(AbstractBuilder.java:112)
	at de.uka.ilkd.key.nparser.builder.IncludeFinder.visitOne_include_statement(IncludeFinder.java:35)
	at de.uka.ilkd.key.nparser.builder.IncludeFinder.visitOne_include_statement(IncludeFinder.java:20)
	at de.uka.ilkd.key.nparser.KeYParser$One_include_statementContext.accept(KeYParser.java:802)
	at org.antlr.v4.runtime.tree.AbstractParseTreeVisitor.visitChildren(AbstractParseTreeVisitor.java:46)
	at de.uka.ilkd.key.nparser.KeYParserBaseVisitor.visitDecls(KeYParserBaseVisitor.java:30)
	at de.uka.ilkd.key.nparser.KeYParser$DeclsContext.accept(KeYParser.java:500)
	at org.antlr.v4.runtime.tree.AbstractParseTreeVisitor.visitChildren(AbstractParseTreeVisitor.java:46)
	at de.uka.ilkd.key.nparser.KeYParserBaseVisitor.visitFile(KeYParserBaseVisitor.java:23)
	at de.uka.ilkd.key.nparser.KeYParser$FileContext.accept(KeYParser.java:306)
	at de.uka.ilkd.key.nparser.KeyAst.accept(KeyAst.java:41)
	at de.uka.ilkd.key.nparser.KeyAst$File.getIncludes(KeyAst.java:76)
	at de.uka.ilkd.key.proof.io.KeYFile.readIncludes(KeYFile.java:208)
	... 14 more
Could not find rule file rules/intRulesCheckedSemantics.key (file: /home/runner/work/key/key/key.core/../key.ui/examples/index/../InformationFlow/ToyBanking/banking_example.UserAccount(banking_example.UserAccount__tryLogin(int,(C)).JML normal_behavior operation contract.0.key; caused by: de.uka.ilkd.key.proof.init.ProofInputException: Could not find rule file rules/intRulesCheckedSemantics.key)
	at de.uka.ilkd.key.control.AbstractUserInterfaceControl.load(AbstractUserInterfaceControl.java:221)
	at de.uka.ilkd.key.control.KeYEnvironment.load(KeYEnvironment.java:251)
	at de.uka.ilkd.key.control.KeYEnvironment.load(KeYEnvironment.java:224)
	at de.uka.ilkd.key.control.KeYEnvironment.load(KeYEnvironment.java:184)
	at de.uka.ilkd.key.control.KeYEnvironment.load(KeYEnvironment.java:261)
	at de.uka.ilkd.key.proof.runallproofs.proofcollection.TestFile.load(TestFile.java:270)
	at de.uka.ilkd.key.proof.runallproofs.proofcollection.TestFile.runKey(TestFile.java:160)
	at de.uka.ilkd.key.proof.runallproofs.proofcollection.ForkedTestFileRunner.main(ForkedTestFileRunner.java:171)
Caused by: de.uka.ilkd.key.proof.init.ProofInputException: Could not find rule file rules/intRulesCheckedSemantics.key
	at de.uka.ilkd.key.proof.io.KeYFile.readIncludes(KeYFile.java:210)
	at de.uka.ilkd.key.proof.init.ProblemInitializer.readIncludes(ProblemInitializer.java:177)
	at de.uka.ilkd.key.proof.init.ProblemInitializer.readEnvInput(ProblemInitializer.java:325)
	at de.uka.ilkd.key.proof.init.ProblemInitializer.prepare(ProblemInitializer.java:449)
	at de.uka.ilkd.key.proof.io.AbstractProblemLoader.createInitConfig(AbstractProblemLoader.java:518)
	at de.uka.ilkd.key.proof.io.AbstractProblemLoader.loadEnvironment(AbstractProblemLoader.java:288)
	at de.uka.ilkd.key.proof.io.AbstractProblemLoader.load(AbstractProblemLoader.java:252)
	at de.uka.ilkd.key.control.AbstractUserInterfaceControl.load(AbstractUserInterfaceControl.java:209)
	... 7 more
Caused by: java.lang.RuntimeException: Could not find rule file rules/intRulesCheckedSemantics.key
	at de.uka.ilkd.key.proof.io.RuleSourceFactory.fromBuiltInRule(RuleSourceFactory.java:32)
	at de.uka.ilkd.key.proof.io.RuleSourceFactory.fromDefaultLocation(RuleSourceFactory.java:21)
	at de.uka.ilkd.key.nparser.builder.IncludeFinder.addInclude(IncludeFinder.java:63)
	at de.uka.ilkd.key.nparser.builder.IncludeFinder.visitOne_include(IncludeFinder.java:43)
	at de.uka.ilkd.key.nparser.builder.IncludeFinder.visitOne_include(IncludeFinder.java:20)
	at de.uka.ilkd.key.nparser.KeYParser$One_includeContext.accept(KeYParser.java:878)
	at de.uka.ilkd.key.nparser.builder.AbstractBuilder.lambda$mapOf$0(AbstractBuilder.java:112)
	at java.base/java.util.stream.ReferencePipeline$3$1.accept(ReferencePipeline.java:195)
	at java.base/java.util.ArrayList$ArrayListSpliterator.forEachRemaining(ArrayList.java:1655)
	at java.base/java.util.stream.AbstractPipeline.copyInto(AbstractPipeline.java:484)
	at java.base/java.util.stream.AbstractPipeline.wrapAndCopyInto(AbstractPipeline.java:474)
	at java.base/java.util.stream.ReduceOps$ReduceOp.evaluateSequential(ReduceOps.java:913)
	at java.base/java.util.stream.AbstractPipeline.evaluate(AbstractPipeline.java:234)
	at java.base/java.util.stream.ReferencePipeline.collect(ReferencePipeline.java:578)
	at de.uka.ilkd.key.nparser.builder.AbstractBuilder.mapOf(AbstractBuilder.java:112)
	at de.uka.ilkd.key.nparser.builder.IncludeFinder.visitOne_include_statement(IncludeFinder.java:35)
	at de.uka.ilkd.key.nparser.builder.IncludeFinder.visitOne_include_statement(IncludeFinder.java:20)
	at de.uka.ilkd.key.nparser.KeYParser$One_include_statementContext.accept(KeYParser.java:802)
	at org.antlr.v4.runtime.tree.AbstractParseTreeVisitor.visitChildren(AbstractParseTreeVisitor.java:46)
	at de.uka.ilkd.key.nparser.KeYParserBaseVisitor.visitDecls(KeYParserBaseVisitor.java:30)
	at de.uka.ilkd.key.nparser.KeYParser$DeclsContext.accept(KeYParser.java:500)
	at org.antlr.v4.runtime.tree.AbstractParseTreeVisitor.visitChildren(AbstractParseTreeVisitor.java:46)
	at de.uka.ilkd.key.nparser.KeYParserBaseVisitor.visitFile(KeYParserBaseVisitor.java:23)
	at de.uka.ilkd.key.nparser.KeYParser$FileContext.accept(KeYParser.java:306)
	at de.uka.ilkd.key.nparser.KeyAst.accept(KeyAst.java:41)
	at de.uka.ilkd.key.nparser.KeyAst$File.getIncludes(KeyAst.java:76)
	at de.uka.ilkd.key.proof.io.KeYFile.readIncludes(KeYFile.java:208)
	... 14 more
Could not find rule file rules/intRulesCheckedSemantics.key (file: /home/runner/work/key/key/key.core/../key.ui/examples/index/../InformationFlow/ToyBanking/banking_example.UserAccount(java.lang.Object___inv_()).JML accessible clause.0.key; caused by: de.uka.ilkd.key.proof.init.ProofInputException: Could not find rule file rules/intRulesCheckedSemantics.key)
	at de.uka.ilkd.key.control.AbstractUserInterfaceControl.load(AbstractUserInterfaceControl.java:221)
	at de.uka.ilkd.key.control.KeYEnvironment.load(KeYEnvironment.java:251)
	at de.uka.ilkd.key.control.KeYEnvironment.load(KeYEnvironment.java:224)
	at de.uka.ilkd.key.control.KeYEnvironment.load(KeYEnvironment.java:184)
	at de.uka.ilkd.key.control.KeYEnvironment.load(KeYEnvironment.java:261)
	at de.uka.ilkd.key.proof.runallproofs.proofcollection.TestFile.load(TestFile.java:270)
	at de.uka.ilkd.key.proof.runallproofs.proofcollection.TestFile.runKey(TestFile.java:160)
	at de.uka.ilkd.key.proof.runallproofs.proofcollection.ForkedTestFileRunner.main(ForkedTestFileRunner.java:171)
Caused by: de.uka.ilkd.key.proof.init.ProofInputException: Could not find rule file rules/intRulesCheckedSemantics.key
	at de.uka.ilkd.key.proof.io.KeYFile.readIncludes(KeYFile.java:210)
	at de.uka.ilkd.key.proof.init.ProblemInitializer.readIncludes(ProblemInitializer.java:177)
	at de.uka.ilkd.key.proof.init.ProblemInitializer.readEnvInput(ProblemInitializer.java:325)
	at de.uka.ilkd.key.proof.init.ProblemInitializer.prepare(ProblemInitializer.java:449)
	at de.uka.ilkd.key.proof.io.AbstractProblemLoader.createInitConfig(AbstractProblemLoader.java:518)
	at de.uka.ilkd.key.proof.io.AbstractProblemLoader.loadEnvironment(AbstractProblemLoader.java:288)
	at de.uka.ilkd.key.proof.io.AbstractProblemLoader.load(AbstractProblemLoader.java:252)
	at de.uka.ilkd.key.control.AbstractUserInterfaceControl.load(AbstractUserInterfaceControl.java:209)
	... 7 more
Caused by: java.lang.RuntimeException: Could not find rule file rules/intRulesCheckedSemantics.key
	at de.uka.ilkd.key.proof.io.RuleSourceFactory.fromBuiltInRule(RuleSourceFactory.java:32)
	at de.uka.ilkd.key.proof.io.RuleSourceFactory.fromDefaultLocation(RuleSourceFactory.java:21)
	at de.uka.ilkd.key.nparser.builder.IncludeFinder.addInclude(IncludeFinder.java:63)
	at de.uka.ilkd.key.nparser.builder.IncludeFinder.visitOne_include(IncludeFinder.java:43)
	at de.uka.ilkd.key.nparser.builder.IncludeFinder.visitOne_include(IncludeFinder.java:20)
	at de.uka.ilkd.key.nparser.KeYParser$One_includeContext.accept(KeYParser.java:878)
	at de.uka.ilkd.key.nparser.builder.AbstractBuilder.lambda$mapOf$0(AbstractBuilder.java:112)
	at java.base/java.util.stream.ReferencePipeline$3$1.accept(ReferencePipeline.java:195)
	at java.base/java.util.ArrayList$ArrayListSpliterator.forEachRemaining(ArrayList.java:1655)
	at java.base/java.util.stream.AbstractPipeline.copyInto(AbstractPipeline.java:484)
	at java.base/java.util.stream.AbstractPipeline.wrapAndCopyInto(AbstractPipeline.java:474)
	at java.base/java.util.stream.ReduceOps$ReduceOp.evaluateSequential(ReduceOps.java:913)
	at java.base/java.util.stream.AbstractPipeline.evaluate(AbstractPipeline.java:234)
	at java.base/java.util.stream.ReferencePipeline.collect(ReferencePipeline.java:578)
	at de.uka.ilkd.key.nparser.builder.AbstractBuilder.mapOf(AbstractBuilder.java:112)
	at de.uka.ilkd.key.nparser.builder.IncludeFinder.visitOne_include_statement(IncludeFinder.java:35)
	at de.uka.ilkd.key.nparser.builder.IncludeFinder.visitOne_include_statement(IncludeFinder.java:20)
	at de.uka.ilkd.key.nparser.KeYParser$One_include_statementContext.accept(KeYParser.java:802)
	at org.antlr.v4.runtime.tree.AbstractParseTreeVisitor.visitChildren(AbstractParseTreeVisitor.java:46)
	at de.uka.ilkd.key.nparser.KeYParserBaseVisitor.visitDecls(KeYParserBaseVisitor.java:30)
	at de.uka.ilkd.key.nparser.KeYParser$DeclsContext.accept(KeYParser.java:500)
	at org.antlr.v4.runtime.tree.AbstractParseTreeVisitor.visitChildren(AbstractParseTreeVisitor.java:46)
	at de.uka.ilkd.key.nparser.KeYParserBaseVisitor.visitFile(KeYParserBaseVisitor.java:23)
	at de.uka.ilkd.key.nparser.KeYParser$FileContext.accept(KeYParser.java:306)
	at de.uka.ilkd.key.nparser.KeyAst.accept(KeyAst.java:41)
	at de.uka.ilkd.key.nparser.KeyAst$File.getIncludes(KeyAst.java:76)
	at de.uka.ilkd.key.proof.io.KeYFile.readIncludes(KeYFile.java:208)
	... 14 more
Could not find rule file rules/intRulesCheckedSemantics.key (file: /home/runner/work/key/key/key.core/../key.ui/examples/index/../InformationFlow/ToyBanking/banking_example.BankAccount(banking_example.BankAccount__depositMoney(int)).JML normal_behavior operation contract.0.key; caused by: de.uka.ilkd.key.proof.init.ProofInputException: Could not find rule file rules/intRulesCheckedSemantics.key)
	at de.uka.ilkd.key.control.AbstractUserInterfaceControl.load(AbstractUserInterfaceControl.java:221)
	at de.uka.ilkd.key.control.KeYEnvironment.load(KeYEnvironment.java:251)
	at de.uka.ilkd.key.control.KeYEnvironment.load(KeYEnvironment.java:224)
	at de.uka.ilkd.key.control.KeYEnvironment.load(KeYEnvironment.java:184)
	at de.uka.ilkd.key.control.KeYEnvironment.load(KeYEnvironment.java:261)
	at de.uka.ilkd.key.proof.runallproofs.proofcollection.TestFile.load(TestFile.java:270)
	at de.uka.ilkd.key.proof.runallproofs.proofcollection.TestFile.runKey(TestFile.java:160)
	at de.uka.ilkd.key.proof.runallproofs.proofcollection.ForkedTestFileRunner.main(ForkedTestFileRunner.java:171)
Caused by: de.uka.ilkd.key.proof.init.ProofInputException: Could not find rule file rules/intRulesCheckedSemantics.key
	at de.uka.ilkd.key.proof.io.KeYFile.readIncludes(KeYFile.java:210)
	at de.uka.ilkd.key.proof.init.ProblemInitializer.readIncludes(ProblemInitializer.java:177)
	at de.uka.ilkd.key.proof.init.ProblemInitializer.readEnvInput(ProblemInitializer.java:325)
	at de.uka.ilkd.key.proof.init.ProblemInitializer.prepare(ProblemInitializer.java:449)
	at de.uka.ilkd.key.proof.io.AbstractProblemLoader.createInitConfig(AbstractProblemLoader.java:518)
	at de.uka.ilkd.key.proof.io.AbstractProblemLoader.loadEnvironment(AbstractProblemLoader.java:288)
	at de.uka.ilkd.key.proof.io.AbstractProblemLoader.load(AbstractProblemLoader.java:252)
	at de.uka.ilkd.key.control.AbstractUserInterfaceControl.load(AbstractUserInterfaceControl.java:209)
	... 7 more
Caused by: java.lang.RuntimeException: Could not find rule file rules/intRulesCheckedSemantics.key
	at de.uka.ilkd.key.proof.io.RuleSourceFactory.fromBuiltInRule(RuleSourceFactory.java:32)
	at de.uka.ilkd.key.proof.io.RuleSourceFactory.fromDefaultLocation(RuleSourceFactory.java:21)
	at de.uka.ilkd.key.nparser.builder.IncludeFinder.addInclude(IncludeFinder.java:63)
	at de.uka.ilkd.key.nparser.builder.IncludeFinder.visitOne_include(IncludeFinder.java:43)
	at de.uka.ilkd.key.nparser.builder.IncludeFinder.visitOne_include(IncludeFinder.java:20)
	at de.uka.ilkd.key.nparser.KeYParser$One_includeContext.accept(KeYParser.java:878)
	at de.uka.ilkd.key.nparser.builder.AbstractBuilder.lambda$mapOf$0(AbstractBuilder.java:112)
	at java.base/java.util.stream.ReferencePipeline$3$1.accept(ReferencePipeline.java:195)
	at java.base/java.util.ArrayList$ArrayListSpliterator.forEachRemaining(ArrayList.java:1655)
	at java.base/java.util.stream.AbstractPipeline.copyInto(AbstractPipeline.java:484)
	at java.base/java.util.stream.AbstractPipeline.wrapAndCopyInto(AbstractPipeline.java:474)
	at java.base/java.util.stream.ReduceOps$ReduceOp.evaluateSequential(ReduceOps.java:913)
	at java.base/java.util.stream.AbstractPipeline.evaluate(AbstractPipeline.java:234)
	at java.base/java.util.stream.ReferencePipeline.collect(ReferencePipeline.java:578)
	at de.uka.ilkd.key.nparser.builder.AbstractBuilder.mapOf(AbstractBuilder.java:112)
	at de.uka.ilkd.key.nparser.builder.IncludeFinder.visitOne_include_statement(IncludeFinder.java:35)
	at de.uka.ilkd.key.nparser.builder.IncludeFinder.visitOne_include_statement(IncludeFinder.java:20)
	at de.uka.ilkd.key.nparser.KeYParser$One_include_statementContext.accept(KeYParser.java:802)
	at org.antlr.v4.runtime.tree.AbstractParseTreeVisitor.visitChildren(AbstractParseTreeVisitor.java:46)
	at de.uka.ilkd.key.nparser.KeYParserBaseVisitor.visitDecls(KeYParserBaseVisitor.java:30)
	at de.uka.ilkd.key.nparser.KeYParser$DeclsContext.accept(KeYParser.java:500)
	at org.antlr.v4.runtime.tree.AbstractParseTreeVisitor.visitChildren(AbstractParseTreeVisitor.java:46)
	at de.uka.ilkd.key.nparser.KeYParserBaseVisitor.visitFile(KeYParserBaseVisitor.java:23)
	at de.uka.ilkd.key.nparser.KeYParser$FileContext.accept(KeYParser.java:306)
	at de.uka.ilkd.key.nparser.KeyAst.accept(KeyAst.java:41)
	at de.uka.ilkd.key.nparser.KeyAst$File.getIncludes(KeyAst.java:76)
	at de.uka.ilkd.key.proof.io.KeYFile.readIncludes(KeYFile.java:208)
	... 14 more
Could not find rule file rules/intRulesCheckedSemantics.key (file: /home/runner/work/key/key/key.core/../key.ui/examples/index/../InformationFlow/ToyBanking/banking_example.BankAccount(banking_example.BankAccount__getBalance()).JML normal_behavior operation contract.0.key; caused by: de.uka.ilkd.key.proof.init.ProofInputException: Could not find rule file rules/intRulesCheckedSemantics.key)
	at de.uka.ilkd.key.control.AbstractUserInterfaceControl.load(AbstractUserInterfaceControl.java:221)
	at de.uka.ilkd.key.control.KeYEnvironment.load(KeYEnvironment.java:251)
	at de.uka.ilkd.key.control.KeYEnvironment.load(KeYEnvironment.java:224)
	at de.uka.ilkd.key.control.KeYEnvironment.load(KeYEnvironment.java:184)
	at de.uka.ilkd.key.control.KeYEnvironment.load(KeYEnvironment.java:261)
	at de.uka.ilkd.key.proof.runallproofs.proofcollection.TestFile.load(TestFile.java:270)
	at de.uka.ilkd.key.proof.runallproofs.proofcollection.TestFile.runKey(TestFile.java:160)
	at de.uka.ilkd.key.proof.runallproofs.proofcollection.ForkedTestFileRunner.main(ForkedTestFileRunner.java:171)
Caused by: de.uka.ilkd.key.proof.init.ProofInputException: Could not find rule file rules/intRulesCheckedSemantics.key
	at de.uka.ilkd.key.proof.io.KeYFile.readIncludes(KeYFile.java:210)
	at de.uka.ilkd.key.proof.init.ProblemInitializer.readIncludes(ProblemInitializer.java:177)
	at de.uka.ilkd.key.proof.init.ProblemInitializer.readEnvInput(ProblemInitializer.java:325)
	at de.uka.ilkd.key.proof.init.ProblemInitializer.prepare(ProblemInitializer.java:449)
	at de.uka.ilkd.key.proof.io.AbstractProblemLoader.createInitConfig(AbstractProblemLoader.java:518)
	at de.uka.ilkd.key.proof.io.AbstractProblemLoader.loadEnvironment(AbstractProblemLoader.java:288)
	at de.uka.ilkd.key.proof.io.AbstractProblemLoader.load(AbstractProblemLoader.java:252)
	at de.uka.ilkd.key.control.AbstractUserInterfaceControl.load(AbstractUserInterfaceControl.java:209)
	... 7 more
Caused by: java.lang.RuntimeException: Could not find rule file rules/intRulesCheckedSemantics.key
	at de.uka.ilkd.key.proof.io.RuleSourceFactory.fromBuiltInRule(RuleSourceFactory.java:32)
	at de.uka.ilkd.key.proof.io.RuleSourceFactory.fromDefaultLocation(RuleSourceFactory.java:21)
	at de.uka.ilkd.key.nparser.builder.IncludeFinder.addInclude(IncludeFinder.java:63)
	at de.uka.ilkd.key.nparser.builder.IncludeFinder.visitOne_include(IncludeFinder.java:43)
	at de.uka.ilkd.key.nparser.builder.IncludeFinder.visitOne_include(IncludeFinder.java:20)
	at de.uka.ilkd.key.nparser.KeYParser$One_includeContext.accept(KeYParser.java:878)
	at de.uka.ilkd.key.nparser.builder.AbstractBuilder.lambda$mapOf$0(AbstractBuilder.java:112)
	at java.base/java.util.stream.ReferencePipeline$3$1.accept(ReferencePipeline.java:195)
	at java.base/java.util.ArrayList$ArrayListSpliterator.forEachRemaining(ArrayList.java:1655)
	at java.base/java.util.stream.AbstractPipeline.copyInto(AbstractPipeline.java:484)
	at java.base/java.util.stream.AbstractPipeline.wrapAndCopyInto(AbstractPipeline.java:474)
	at java.base/java.util.stream.ReduceOps$ReduceOp.evaluateSequential(ReduceOps.java:913)
	at java.base/java.util.stream.AbstractPipeline.evaluate(AbstractPipeline.java:234)
	at java.base/java.util.stream.ReferencePipeline.collect(ReferencePipeline.java:578)
	at de.uka.ilkd.key.nparser.builder.AbstractBuilder.mapOf(AbstractBuilder.java:112)
	at de.uka.ilkd.key.nparser.builder.IncludeFinder.visitOne_include_statement(IncludeFinder.java:35)
	at de.uka.ilkd.key.nparser.builder.IncludeFinder.visitOne_include_statement(IncludeFinder.java:20)
	at de.uka.ilkd.key.nparser.KeYParser$One_include_statementContext.accept(KeYParser.java:802)
	at org.antlr.v4.runtime.tree.AbstractParseTreeVisitor.visitChildren(AbstractParseTreeVisitor.java:46)
	at de.uka.ilkd.key.nparser.KeYParserBaseVisitor.visitDecls(KeYParserBaseVisitor.java:30)
	at de.uka.ilkd.key.nparser.KeYParser$DeclsContext.accept(KeYParser.java:500)
	at org.antlr.v4.runtime.tree.AbstractParseTreeVisitor.visitChildren(AbstractParseTreeVisitor.java:46)
	at de.uka.ilkd.key.nparser.KeYParserBaseVisitor.visitFile(KeYParserBaseVisitor.java:23)
	at de.uka.ilkd.key.nparser.KeYParser$FileContext.accept(KeYParser.java:306)
	at de.uka.ilkd.key.nparser.KeyAst.accept(KeyAst.java:41)
	at de.uka.ilkd.key.nparser.KeyAst$File.getIncludes(KeyAst.java:76)
	at de.uka.ilkd.key.proof.io.KeYFile.readIncludes(KeYFile.java:208)
	... 14 more
Could not find rule file rules/intRulesCheckedSemantics.key (file: /home/runner/work/key/key/key.core/../key.ui/examples/index/../InformationFlow/ToyBanking/banking_example.BankAccount(banking_example.BankAccount__getId()).JML normal_behavior operation contract.0.key; caused by: de.uka.ilkd.key.proof.init.ProofInputException: Could not find rule file rules/intRulesCheckedSemantics.key)
	at de.uka.ilkd.key.control.AbstractUserInterfaceControl.load(AbstractUserInterfaceControl.java:221)
	at de.uka.ilkd.key.control.KeYEnvironment.load(KeYEnvironment.java:251)
	at de.uka.ilkd.key.control.KeYEnvironment.load(KeYEnvironment.java:224)
	at de.uka.ilkd.key.control.KeYEnvironment.load(KeYEnvironment.java:184)
	at de.uka.ilkd.key.control.KeYEnvironment.load(KeYEnvironment.java:261)
	at de.uka.ilkd.key.proof.runallproofs.proofcollection.TestFile.load(TestFile.java:270)
	at de.uka.ilkd.key.proof.runallproofs.proofcollection.TestFile.runKey(TestFile.java:160)
	at de.uka.ilkd.key.proof.runallproofs.proofcollection.ForkedTestFileRunner.main(ForkedTestFileRunner.java:171)
Caused by: de.uka.ilkd.key.proof.init.ProofInputException: Could not find rule file rules/intRulesCheckedSemantics.key
	at de.uka.ilkd.key.proof.io.KeYFile.readIncludes(KeYFile.java:210)
	at de.uka.ilkd.key.proof.init.ProblemInitializer.readIncludes(ProblemInitializer.java:177)
	at de.uka.ilkd.key.proof.init.ProblemInitializer.readEnvInput(ProblemInitializer.java:325)
	at de.uka.ilkd.key.proof.init.ProblemInitializer.prepare(ProblemInitializer.java:449)
	at de.uka.ilkd.key.proof.io.AbstractProblemLoader.createInitConfig(AbstractProblemLoader.java:518)
	at de.uka.ilkd.key.proof.io.AbstractProblemLoader.loadEnvironment(AbstractProblemLoader.java:288)
	at de.uka.ilkd.key.proof.io.AbstractProblemLoader.load(AbstractProblemLoader.java:252)
	at de.uka.ilkd.key.control.AbstractUserInterfaceControl.load(AbstractUserInterfaceControl.java:209)
	... 7 more
Caused by: java.lang.RuntimeException: Could not find rule file rules/intRulesCheckedSemantics.key
	at de.uka.ilkd.key.proof.io.RuleSourceFactory.fromBuiltInRule(RuleSourceFactory.java:32)
	at de.uka.ilkd.key.proof.io.RuleSourceFactory.fromDefaultLocation(RuleSourceFactory.java:21)
	at de.uka.ilkd.key.nparser.builder.IncludeFinder.addInclude(IncludeFinder.java:63)
	at de.uka.ilkd.key.nparser.builder.IncludeFinder.visitOne_include(IncludeFinder.java:43)
	at de.uka.ilkd.key.nparser.builder.IncludeFinder.visitOne_include(IncludeFinder.java:20)
	at de.uka.ilkd.key.nparser.KeYParser$One_includeContext.accept(KeYParser.java:878)
	at de.uka.ilkd.key.nparser.builder.AbstractBuilder.lambda$mapOf$0(AbstractBuilder.java:112)
	at java.base/java.util.stream.ReferencePipeline$3$1.accept(ReferencePipeline.java:195)
	at java.base/java.util.ArrayList$ArrayListSpliterator.forEachRemaining(ArrayList.java:1655)
	at java.base/java.util.stream.AbstractPipeline.copyInto(AbstractPipeline.java:484)
	at java.base/java.util.stream.AbstractPipeline.wrapAndCopyInto(AbstractPipeline.java:474)
	at java.base/java.util.stream.ReduceOps$ReduceOp.evaluateSequential(ReduceOps.java:913)
	at java.base/java.util.stream.AbstractPipeline.evaluate(AbstractPipeline.java:234)
	at java.base/java.util.stream.ReferencePipeline.collect(ReferencePipeline.java:578)
	at de.uka.ilkd.key.nparser.builder.AbstractBuilder.mapOf(AbstractBuilder.java:112)
	at de.uka.ilkd.key.nparser.builder.IncludeFinder.visitOne_include_statement(IncludeFinder.java:35)
	at de.uka.ilkd.key.nparser.builder.IncludeFinder.visitOne_include_statement(IncludeFinder.java:20)
	at de.uka.ilkd.key.nparser.KeYParser$One_include_statementContext.accept(KeYParser.java:802)
	at org.antlr.v4.runtime.tree.AbstractParseTreeVisitor.visitChildren(AbstractParseTreeVisitor.java:46)
	at de.uka.ilkd.key.nparser.KeYParserBaseVisitor.visitDecls(KeYParserBaseVisitor.java:30)
	at de.uka.ilkd.key.nparser.KeYParser$DeclsContext.accept(KeYParser.java:500)
	at org.antlr.v4.runtime.tree.AbstractParseTreeVisitor.visitChildren(AbstractParseTreeVisitor.java:46)
	at de.uka.ilkd.key.nparser.KeYParserBaseVisitor.visitFile(KeYParserBaseVisitor.java:23)
	at de.uka.ilkd.key.nparser.KeYParser$FileContext.accept(KeYParser.java:306)
	at de.uka.ilkd.key.nparser.KeyAst.accept(KeyAst.java:41)
	at de.uka.ilkd.key.nparser.KeyAst$File.getIncludes(KeyAst.java:76)
	at de.uka.ilkd.key.proof.io.KeYFile.readIncludes(KeYFile.java:208)
	... 14 more
Could not find rule file rules/intRulesCheckedSemantics.key (file: /home/runner/work/key/key/key.core/../key.ui/examples/index/../InformationFlow/ToyBanking/banking_example.Bank(banking_example.Bank__login(int,(C)).JML normal_behavior operation contract.0.key; caused by: de.uka.ilkd.key.proof.init.ProofInputException: Could not find rule file rules/intRulesCheckedSemantics.key)
	at de.uka.ilkd.key.control.AbstractUserInterfaceControl.load(AbstractUserInterfaceControl.java:221)
	at de.uka.ilkd.key.control.KeYEnvironment.load(KeYEnvironment.java:251)
	at de.uka.ilkd.key.control.KeYEnvironment.load(KeYEnvironment.java:224)
	at de.uka.ilkd.key.control.KeYEnvironment.load(KeYEnvironment.java:184)
	at de.uka.ilkd.key.control.KeYEnvironment.load(KeYEnvironment.java:261)
	at de.uka.ilkd.key.proof.runallproofs.proofcollection.TestFile.load(TestFile.java:270)
	at de.uka.ilkd.key.proof.runallproofs.proofcollection.TestFile.runKey(TestFile.java:160)
	at de.uka.ilkd.key.proof.runallproofs.proofcollection.ForkedTestFileRunner.main(ForkedTestFileRunner.java:171)
Caused by: de.uka.ilkd.key.proof.init.ProofInputException: Could not find rule file rules/intRulesCheckedSemantics.key
	at de.uka.ilkd.key.proof.io.KeYFile.readIncludes(KeYFile.java:210)
	at de.uka.ilkd.key.proof.init.ProblemInitializer.readIncludes(ProblemInitializer.java:177)
	at de.uka.ilkd.key.proof.init.ProblemInitializer.readEnvInput(ProblemInitializer.java:325)
	at de.uka.ilkd.key.proof.init.ProblemInitializer.prepare(ProblemInitializer.java:449)
	at de.uka.ilkd.key.proof.io.AbstractProblemLoader.createInitConfig(AbstractProblemLoader.java:518)
	at de.uka.ilkd.key.proof.io.AbstractProblemLoader.loadEnvironment(AbstractProblemLoader.java:288)
	at de.uka.ilkd.key.proof.io.AbstractProblemLoader.load(AbstractProblemLoader.java:252)
	at de.uka.ilkd.key.control.AbstractUserInterfaceControl.load(AbstractUserInterfaceControl.java:209)
	... 7 more
Caused by: java.lang.RuntimeException: Could not find rule file rules/intRulesCheckedSemantics.key
	at de.uka.ilkd.key.proof.io.RuleSourceFactory.fromBuiltInRule(RuleSourceFactory.java:32)
	at de.uka.ilkd.key.proof.io.RuleSourceFactory.fromDefaultLocation(RuleSourceFactory.java:21)
	at de.uka.ilkd.key.nparser.builder.IncludeFinder.addInclude(IncludeFinder.java:63)
	at de.uka.ilkd.key.nparser.builder.IncludeFinder.visitOne_include(IncludeFinder.java:43)
	at de.uka.ilkd.key.nparser.builder.IncludeFinder.visitOne_include(IncludeFinder.java:20)
	at de.uka.ilkd.key.nparser.KeYParser$One_includeContext.accept(KeYParser.java:878)
	at de.uka.ilkd.key.nparser.builder.AbstractBuilder.lambda$mapOf$0(AbstractBuilder.java:112)
	at java.base/java.util.stream.ReferencePipeline$3$1.accept(ReferencePipeline.java:195)
	at java.base/java.util.ArrayList$ArrayListSpliterator.forEachRemaining(ArrayList.java:1655)
	at java.base/java.util.stream.AbstractPipeline.copyInto(AbstractPipeline.java:484)
	at java.base/java.util.stream.AbstractPipeline.wrapAndCopyInto(AbstractPipeline.java:474)
	at java.base/java.util.stream.ReduceOps$ReduceOp.evaluateSequential(ReduceOps.java:913)
	at java.base/java.util.stream.AbstractPipeline.evaluate(AbstractPipeline.java:234)
	at java.base/java.util.stream.ReferencePipeline.collect(ReferencePipeline.java:578)
	at de.uka.ilkd.key.nparser.builder.AbstractBuilder.mapOf(AbstractBuilder.java:112)
	at de.uka.ilkd.key.nparser.builder.IncludeFinder.visitOne_include_statement(IncludeFinder.java:35)
	at de.uka.ilkd.key.nparser.builder.IncludeFinder.visitOne_include_statement(IncludeFinder.java:20)
	at de.uka.ilkd.key.nparser.KeYParser$One_include_statementContext.accept(KeYParser.java:802)
	at org.antlr.v4.runtime.tree.AbstractParseTreeVisitor.visitChildren(AbstractParseTreeVisitor.java:46)
	at de.uka.ilkd.key.nparser.KeYParserBaseVisitor.visitDecls(KeYParserBaseVisitor.java:30)
	at de.uka.ilkd.key.nparser.KeYParser$DeclsContext.accept(KeYParser.java:500)
	at org.antlr.v4.runtime.tree.AbstractParseTreeVisitor.visitChildren(AbstractParseTreeVisitor.java:46)
	at de.uka.ilkd.key.nparser.KeYParserBaseVisitor.visitFile(KeYParserBaseVisitor.java:23)
	at de.uka.ilkd.key.nparser.KeYParser$FileContext.accept(KeYParser.java:306)
	at de.uka.ilkd.key.nparser.KeyAst.accept(KeyAst.java:41)
	at de.uka.ilkd.key.nparser.KeyAst$File.getIncludes(KeyAst.java:76)
	at de.uka.ilkd.key.proof.io.KeYFile.readIncludes(KeYFile.java:208)
	... 14 more
Could not find rule file rules/intRulesCheckedSemantics.key (file: /home/runner/work/key/key/key.core/../key.ui/examples/index/../InformationFlow/ToyBanking/banking_example2.UserAccount(banking_example2.UserAccount__getBankAccount(int)).JML normal_behavior operation contract.0.key; caused by: de.uka.ilkd.key.proof.init.ProofInputException: Could not find rule file rules/intRulesCheckedSemantics.key)
	at de.uka.ilkd.key.control.AbstractUserInterfaceControl.load(AbstractUserInterfaceControl.java:221)
	at de.uka.ilkd.key.control.KeYEnvironment.load(KeYEnvironment.java:251)
	at de.uka.ilkd.key.control.KeYEnvironment.load(KeYEnvironment.java:224)
	at de.uka.ilkd.key.control.KeYEnvironment.load(KeYEnvironment.java:184)
	at de.uka.ilkd.key.control.KeYEnvironment.load(KeYEnvironment.java:261)
	at de.uka.ilkd.key.proof.runallproofs.proofcollection.TestFile.load(TestFile.java:270)
	at de.uka.ilkd.key.proof.runallproofs.proofcollection.TestFile.runKey(TestFile.java:160)
	at de.uka.ilkd.key.proof.runallproofs.proofcollection.ForkedTestFileRunner.main(ForkedTestFileRunner.java:171)
Caused by: de.uka.ilkd.key.proof.init.ProofInputException: Could not find rule file rules/intRulesCheckedSemantics.key
	at de.uka.ilkd.key.proof.io.KeYFile.readIncludes(KeYFile.java:210)
	at de.uka.ilkd.key.proof.init.ProblemInitializer.readIncludes(ProblemInitializer.java:177)
	at de.uka.ilkd.key.proof.init.ProblemInitializer.readEnvInput(ProblemInitializer.java:325)
	at de.uka.ilkd.key.proof.init.ProblemInitializer.prepare(ProblemInitializer.java:449)
	at de.uka.ilkd.key.proof.io.AbstractProblemLoader.createInitConfig(AbstractProblemLoader.java:518)
	at de.uka.ilkd.key.proof.io.AbstractProblemLoader.loadEnvironment(AbstractProblemLoader.java:288)
	at de.uka.ilkd.key.proof.io.AbstractProblemLoader.load(AbstractProblemLoader.java:252)
	at de.uka.ilkd.key.control.AbstractUserInterfaceControl.load(AbstractUserInterfaceControl.java:209)
	... 7 more
Caused by: java.lang.RuntimeException: Could not find rule file rules/intRulesCheckedSemantics.key
	at de.uka.ilkd.key.proof.io.RuleSourceFactory.fromBuiltInRule(RuleSourceFactory.java:32)
	at de.uka.ilkd.key.proof.io.RuleSourceFactory.fromDefaultLocation(RuleSourceFactory.java:21)
	at de.uka.ilkd.key.nparser.builder.IncludeFinder.addInclude(IncludeFinder.java:63)
	at de.uka.ilkd.key.nparser.builder.IncludeFinder.visitOne_include(IncludeFinder.java:43)
	at de.uka.ilkd.key.nparser.builder.IncludeFinder.visitOne_include(IncludeFinder.java:20)
	at de.uka.ilkd.key.nparser.KeYParser$One_includeContext.accept(KeYParser.java:878)
	at de.uka.ilkd.key.nparser.builder.AbstractBuilder.lambda$mapOf$0(AbstractBuilder.java:112)
	at java.base/java.util.stream.ReferencePipeline$3$1.accept(ReferencePipeline.java:195)
	at java.base/java.util.ArrayList$ArrayListSpliterator.forEachRemaining(ArrayList.java:1655)
	at java.base/java.util.stream.AbstractPipeline.copyInto(AbstractPipeline.java:484)
	at java.base/java.util.stream.AbstractPipeline.wrapAndCopyInto(AbstractPipeline.java:474)
	at java.base/java.util.stream.ReduceOps$ReduceOp.evaluateSequential(ReduceOps.java:913)
	at java.base/java.util.stream.AbstractPipeline.evaluate(AbstractPipeline.java:234)
	at java.base/java.util.stream.ReferencePipeline.collect(ReferencePipeline.java:578)
	at de.uka.ilkd.key.nparser.builder.AbstractBuilder.mapOf(AbstractBuilder.java:112)
	at de.uka.ilkd.key.nparser.builder.IncludeFinder.visitOne_include_statement(IncludeFinder.java:35)
	at de.uka.ilkd.key.nparser.builder.IncludeFinder.visitOne_include_statement(IncludeFinder.java:20)
	at de.uka.ilkd.key.nparser.KeYParser$One_include_statementContext.accept(KeYParser.java:802)
	at org.antlr.v4.runtime.tree.AbstractParseTreeVisitor.visitChildren(AbstractParseTreeVisitor.java:46)
	at de.uka.ilkd.key.nparser.KeYParserBaseVisitor.visitDecls(KeYParserBaseVisitor.java:30)
	at de.uka.ilkd.key.nparser.KeYParser$DeclsContext.accept(KeYParser.java:500)
	at org.antlr.v4.runtime.tree.AbstractParseTreeVisitor.visitChildren(AbstractParseTreeVisitor.java:46)
	at de.uka.ilkd.key.nparser.KeYParserBaseVisitor.visitFile(KeYParserBaseVisitor.java:23)
	at de.uka.ilkd.key.nparser.KeYParser$FileContext.accept(KeYParser.java:306)
	at de.uka.ilkd.key.nparser.KeyAst.accept(KeyAst.java:41)
	at de.uka.ilkd.key.nparser.KeyAst$File.getIncludes(KeyAst.java:76)
	at de.uka.ilkd.key.proof.io.KeYFile.readIncludes(KeYFile.java:208)
	... 14 more
Could not find rule file rules/intRulesCheckedSemantics.key (file: /home/runner/work/key/key/key.core/../key.ui/examples/index/../InformationFlow/ToyBanking/banking_example2.UserAccount(banking_example2.UserAccount__tryLogin(int,(C)).JML normal_behavior operation contract.0.key; caused by: de.uka.ilkd.key.proof.init.ProofInputException: Could not find rule file rules/intRulesCheckedSemantics.key)
	at de.uka.ilkd.key.control.AbstractUserInterfaceControl.load(AbstractUserInterfaceControl.java:221)
	at de.uka.ilkd.key.control.KeYEnvironment.load(KeYEnvironment.java:251)
	at de.uka.ilkd.key.control.KeYEnvironment.load(KeYEnvironment.java:224)
	at de.uka.ilkd.key.control.KeYEnvironment.load(KeYEnvironment.java:184)
	at de.uka.ilkd.key.control.KeYEnvironment.load(KeYEnvironment.java:261)
	at de.uka.ilkd.key.proof.runallproofs.proofcollection.TestFile.load(TestFile.java:270)
	at de.uka.ilkd.key.proof.runallproofs.proofcollection.TestFile.runKey(TestFile.java:160)
	at de.uka.ilkd.key.proof.runallproofs.proofcollection.ForkedTestFileRunner.main(ForkedTestFileRunner.java:171)
Caused by: de.uka.ilkd.key.proof.init.ProofInputException: Could not find rule file rules/intRulesCheckedSemantics.key
	at de.uka.ilkd.key.proof.io.KeYFile.readIncludes(KeYFile.java:210)
	at de.uka.ilkd.key.proof.init.ProblemInitializer.readIncludes(ProblemInitializer.java:177)
	at de.uka.ilkd.key.proof.init.ProblemInitializer.readEnvInput(ProblemInitializer.java:325)
	at de.uka.ilkd.key.proof.init.ProblemInitializer.prepare(ProblemInitializer.java:449)
	at de.uka.ilkd.key.proof.io.AbstractProblemLoader.createInitConfig(AbstractProblemLoader.java:518)
	at de.uka.ilkd.key.proof.io.AbstractProblemLoader.loadEnvironment(AbstractProblemLoader.java:288)
	at de.uka.ilkd.key.proof.io.AbstractProblemLoader.load(AbstractProblemLoader.java:252)
	at de.uka.ilkd.key.control.AbstractUserInterfaceControl.load(AbstractUserInterfaceControl.java:209)
	... 7 more
Caused by: java.lang.RuntimeException: Could not find rule file rules/intRulesCheckedSemantics.key
	at de.uka.ilkd.key.proof.io.RuleSourceFactory.fromBuiltInRule(RuleSourceFactory.java:32)
	at de.uka.ilkd.key.proof.io.RuleSourceFactory.fromDefaultLocation(RuleSourceFactory.java:21)
	at de.uka.ilkd.key.nparser.builder.IncludeFinder.addInclude(IncludeFinder.java:63)
	at de.uka.ilkd.key.nparser.builder.IncludeFinder.visitOne_include(IncludeFinder.java:43)
	at de.uka.ilkd.key.nparser.builder.IncludeFinder.visitOne_include(IncludeFinder.java:20)
	at de.uka.ilkd.key.nparser.KeYParser$One_includeContext.accept(KeYParser.java:878)
	at de.uka.ilkd.key.nparser.builder.AbstractBuilder.lambda$mapOf$0(AbstractBuilder.java:112)
	at java.base/java.util.stream.ReferencePipeline$3$1.accept(ReferencePipeline.java:195)
	at java.base/java.util.ArrayList$ArrayListSpliterator.forEachRemaining(ArrayList.java:1655)
	at java.base/java.util.stream.AbstractPipeline.copyInto(AbstractPipeline.java:484)
	at java.base/java.util.stream.AbstractPipeline.wrapAndCopyInto(AbstractPipeline.java:474)
	at java.base/java.util.stream.ReduceOps$ReduceOp.evaluateSequential(ReduceOps.java:913)
	at java.base/java.util.stream.AbstractPipeline.evaluate(AbstractPipeline.java:234)
	at java.base/java.util.stream.ReferencePipeline.collect(ReferencePipeline.java:578)
	at de.uka.ilkd.key.nparser.builder.AbstractBuilder.mapOf(AbstractBuilder.java:112)
	at de.uka.ilkd.key.nparser.builder.IncludeFinder.visitOne_include_statement(IncludeFinder.java:35)
	at de.uka.ilkd.key.nparser.builder.IncludeFinder.visitOne_include_statement(IncludeFinder.java:20)
	at de.uka.ilkd.key.nparser.KeYParser$One_include_statementContext.accept(KeYParser.java:802)
	at org.antlr.v4.runtime.tree.AbstractParseTreeVisitor.visitChildren(AbstractParseTreeVisitor.java:46)
	at de.uka.ilkd.key.nparser.KeYParserBaseVisitor.visitDecls(KeYParserBaseVisitor.java:30)
	at de.uka.ilkd.key.nparser.KeYParser$DeclsContext.accept(KeYParser.java:500)
	at org.antlr.v4.runtime.tree.AbstractParseTreeVisitor.visitChildren(AbstractParseTreeVisitor.java:46)
	at de.uka.ilkd.key.nparser.KeYParserBaseVisitor.visitFile(KeYParserBaseVisitor.java:23)
	at de.uka.ilkd.key.nparser.KeYParser$FileContext.accept(KeYParser.java:306)
	at de.uka.ilkd.key.nparser.KeyAst.accept(KeyAst.java:41)
	at de.uka.ilkd.key.nparser.KeyAst$File.getIncludes(KeyAst.java:76)
	at de.uka.ilkd.key.proof.io.KeYFile.readIncludes(KeYFile.java:208)
	... 14 more
Could not find rule file rules/intRulesCheckedSemantics.key (file: /home/runner/work/key/key/key.core/../key.ui/examples/index/../InformationFlow/ToyBanking/banking_example2.UserAccount(java.lang.Object___inv_()).JML accessible clause.0.key; caused by: de.uka.ilkd.key.proof.init.ProofInputException: Could not find rule file rules/intRulesCheckedSemantics.key)
	at de.uka.ilkd.key.control.AbstractUserInterfaceControl.load(AbstractUserInterfaceControl.java:221)
	at de.uka.ilkd.key.control.KeYEnvironment.load(KeYEnvironment.java:251)
	at de.uka.ilkd.key.control.KeYEnvironment.load(KeYEnvironment.java:224)
	at de.uka.ilkd.key.control.KeYEnvironment.load(KeYEnvironment.java:184)
	at de.uka.ilkd.key.control.KeYEnvironment.load(KeYEnvironment.java:261)
	at de.uka.ilkd.key.proof.runallproofs.proofcollection.TestFile.load(TestFile.java:270)
	at de.uka.ilkd.key.proof.runallproofs.proofcollection.TestFile.runKey(TestFile.java:160)
	at de.uka.ilkd.key.proof.runallproofs.proofcollection.ForkedTestFileRunner.main(ForkedTestFileRunner.java:171)
Caused by: de.uka.ilkd.key.proof.init.ProofInputException: Could not find rule file rules/intRulesCheckedSemantics.key
	at de.uka.ilkd.key.proof.io.KeYFile.readIncludes(KeYFile.java:210)
	at de.uka.ilkd.key.proof.init.ProblemInitializer.readIncludes(ProblemInitializer.java:177)
	at de.uka.ilkd.key.proof.init.ProblemInitializer.readEnvInput(ProblemInitializer.java:325)
	at de.uka.ilkd.key.proof.init.ProblemInitializer.prepare(ProblemInitializer.java:449)
	at de.uka.ilkd.key.proof.io.AbstractProblemLoader.createInitConfig(AbstractProblemLoader.java:518)
	at de.uka.ilkd.key.proof.io.AbstractProblemLoader.loadEnvironment(AbstractProblemLoader.java:288)
	at de.uka.ilkd.key.proof.io.AbstractProblemLoader.load(AbstractProblemLoader.java:252)
	at de.uka.ilkd.key.control.AbstractUserInterfaceControl.load(AbstractUserInterfaceControl.java:209)
	... 7 more
Caused by: java.lang.RuntimeException: Could not find rule file rules/intRulesCheckedSemantics.key
	at de.uka.ilkd.key.proof.io.RuleSourceFactory.fromBuiltInRule(RuleSourceFactory.java:32)
	at de.uka.ilkd.key.proof.io.RuleSourceFactory.fromDefaultLocation(RuleSourceFactory.java:21)
	at de.uka.ilkd.key.nparser.builder.IncludeFinder.addInclude(IncludeFinder.java:63)
	at de.uka.ilkd.key.nparser.builder.IncludeFinder.visitOne_include(IncludeFinder.java:43)
	at de.uka.ilkd.key.nparser.builder.IncludeFinder.visitOne_include(IncludeFinder.java:20)
	at de.uka.ilkd.key.nparser.KeYParser$One_includeContext.accept(KeYParser.java:878)
	at de.uka.ilkd.key.nparser.builder.AbstractBuilder.lambda$mapOf$0(AbstractBuilder.java:112)
	at java.base/java.util.stream.ReferencePipeline$3$1.accept(ReferencePipeline.java:195)
	at java.base/java.util.ArrayList$ArrayListSpliterator.forEachRemaining(ArrayList.java:1655)
	at java.base/java.util.stream.AbstractPipeline.copyInto(AbstractPipeline.java:484)
	at java.base/java.util.stream.AbstractPipeline.wrapAndCopyInto(AbstractPipeline.java:474)
	at java.base/java.util.stream.ReduceOps$ReduceOp.evaluateSequential(ReduceOps.java:913)
	at java.base/java.util.stream.AbstractPipeline.evaluate(AbstractPipeline.java:234)
	at java.base/java.util.stream.ReferencePipeline.collect(ReferencePipeline.java:578)
	at de.uka.ilkd.key.nparser.builder.AbstractBuilder.mapOf(AbstractBuilder.java:112)
	at de.uka.ilkd.key.nparser.builder.IncludeFinder.visitOne_include_statement(IncludeFinder.java:35)
	at de.uka.ilkd.key.nparser.builder.IncludeFinder.visitOne_include_statement(IncludeFinder.java:20)
	at de.uka.ilkd.key.nparser.KeYParser$One_include_statementContext.accept(KeYParser.java:802)
	at org.antlr.v4.runtime.tree.AbstractParseTreeVisitor.visitChildren(AbstractParseTreeVisitor.java:46)
	at de.uka.ilkd.key.nparser.KeYParserBaseVisitor.visitDecls(KeYParserBaseVisitor.java:30)
	at de.uka.ilkd.key.nparser.KeYParser$DeclsContext.accept(KeYParser.java:500)
	at org.antlr.v4.runtime.tree.AbstractParseTreeVisitor.visitChildren(AbstractParseTreeVisitor.java:46)
	at de.uka.ilkd.key.nparser.KeYParserBaseVisitor.visitFile(KeYParserBaseVisitor.java:23)
	at de.uka.ilkd.key.nparser.KeYParser$FileContext.accept(KeYParser.java:306)
	at de.uka.ilkd.key.nparser.KeyAst.accept(KeyAst.java:41)
	at de.uka.ilkd.key.nparser.KeyAst$File.getIncludes(KeyAst.java:76)
	at de.uka.ilkd.key.proof.io.KeYFile.readIncludes(KeYFile.java:208)
	... 14 more
Could not find rule file rules/intRulesCheckedSemantics.key (file: /home/runner/work/key/key/key.core/../key.ui/examples/index/../InformationFlow/ToyBanking/banking_example2.BankAccount(banking_example2.BankAccount__depositMoney(int)).JML normal_behavior operation contract.0.key; caused by: de.uka.ilkd.key.proof.init.ProofInputException: Could not find rule file rules/intRulesCheckedSemantics.key)
	at de.uka.ilkd.key.control.AbstractUserInterfaceControl.load(AbstractUserInterfaceControl.java:221)
	at de.uka.ilkd.key.control.KeYEnvironment.load(KeYEnvironment.java:251)
	at de.uka.ilkd.key.control.KeYEnvironment.load(KeYEnvironment.java:224)
	at de.uka.ilkd.key.control.KeYEnvironment.load(KeYEnvironment.java:184)
	at de.uka.ilkd.key.control.KeYEnvironment.load(KeYEnvironment.java:261)
	at de.uka.ilkd.key.proof.runallproofs.proofcollection.TestFile.load(TestFile.java:270)
	at de.uka.ilkd.key.proof.runallproofs.proofcollection.TestFile.runKey(TestFile.java:160)
	at de.uka.ilkd.key.proof.runallproofs.proofcollection.ForkedTestFileRunner.main(ForkedTestFileRunner.java:171)
Caused by: de.uka.ilkd.key.proof.init.ProofInputException: Could not find rule file rules/intRulesCheckedSemantics.key
	at de.uka.ilkd.key.proof.io.KeYFile.readIncludes(KeYFile.java:210)
	at de.uka.ilkd.key.proof.init.ProblemInitializer.readIncludes(ProblemInitializer.java:177)
	at de.uka.ilkd.key.proof.init.ProblemInitializer.readEnvInput(ProblemInitializer.java:325)
	at de.uka.ilkd.key.proof.init.ProblemInitializer.prepare(ProblemInitializer.java:449)
	at de.uka.ilkd.key.proof.io.AbstractProblemLoader.createInitConfig(AbstractProblemLoader.java:518)
	at de.uka.ilkd.key.proof.io.AbstractProblemLoader.loadEnvironment(AbstractProblemLoader.java:288)
	at de.uka.ilkd.key.proof.io.AbstractProblemLoader.load(AbstractProblemLoader.java:252)
	at de.uka.ilkd.key.control.AbstractUserInterfaceControl.load(AbstractUserInterfaceControl.java:209)
	... 7 more
Caused by: java.lang.RuntimeException: Could not find rule file rules/intRulesCheckedSemantics.key
	at de.uka.ilkd.key.proof.io.RuleSourceFactory.fromBuiltInRule(RuleSourceFactory.java:32)
	at de.uka.ilkd.key.proof.io.RuleSourceFactory.fromDefaultLocation(RuleSourceFactory.java:21)
	at de.uka.ilkd.key.nparser.builder.IncludeFinder.addInclude(IncludeFinder.java:63)
	at de.uka.ilkd.key.nparser.builder.IncludeFinder.visitOne_include(IncludeFinder.java:43)
	at de.uka.ilkd.key.nparser.builder.IncludeFinder.visitOne_include(IncludeFinder.java:20)
	at de.uka.ilkd.key.nparser.KeYParser$One_includeContext.accept(KeYParser.java:878)
	at de.uka.ilkd.key.nparser.builder.AbstractBuilder.lambda$mapOf$0(AbstractBuilder.java:112)
	at java.base/java.util.stream.ReferencePipeline$3$1.accept(ReferencePipeline.java:195)
	at java.base/java.util.ArrayList$ArrayListSpliterator.forEachRemaining(ArrayList.java:1655)
	at java.base/java.util.stream.AbstractPipeline.copyInto(AbstractPipeline.java:484)
	at java.base/java.util.stream.AbstractPipeline.wrapAndCopyInto(AbstractPipeline.java:474)
	at java.base/java.util.stream.ReduceOps$ReduceOp.evaluateSequential(ReduceOps.java:913)
	at java.base/java.util.stream.AbstractPipeline.evaluate(AbstractPipeline.java:234)
	at java.base/java.util.stream.ReferencePipeline.collect(ReferencePipeline.java:578)
	at de.uka.ilkd.key.nparser.builder.AbstractBuilder.mapOf(AbstractBuilder.java:112)
	at de.uka.ilkd.key.nparser.builder.IncludeFinder.visitOne_include_statement(IncludeFinder.java:35)
	at de.uka.ilkd.key.nparser.builder.IncludeFinder.visitOne_include_statement(IncludeFinder.java:20)
	at de.uka.ilkd.key.nparser.KeYParser$One_include_statementContext.accept(KeYParser.java:802)
	at org.antlr.v4.runtime.tree.AbstractParseTreeVisitor.visitChildren(AbstractParseTreeVisitor.java:46)
	at de.uka.ilkd.key.nparser.KeYParserBaseVisitor.visitDecls(KeYParserBaseVisitor.java:30)
	at de.uka.ilkd.key.nparser.KeYParser$DeclsContext.accept(KeYParser.java:500)
	at org.antlr.v4.runtime.tree.AbstractParseTreeVisitor.visitChildren(AbstractParseTreeVisitor.java:46)
	at de.uka.ilkd.key.nparser.KeYParserBaseVisitor.visitFile(KeYParserBaseVisitor.java:23)
	at de.uka.ilkd.key.nparser.KeYParser$FileContext.accept(KeYParser.java:306)
	at de.uka.ilkd.key.nparser.KeyAst.accept(KeyAst.java:41)
	at de.uka.ilkd.key.nparser.KeyAst$File.getIncludes(KeyAst.java:76)
	at de.uka.ilkd.key.proof.io.KeYFile.readIncludes(KeYFile.java:208)
	... 14 more
Could not find rule file rules/intRulesCheckedSemantics.key (file: /home/runner/work/key/key/key.core/../key.ui/examples/index/../InformationFlow/ToyBanking/banking_example2.BankAccount(banking_example2.BankAccount__getBalance()).JML normal_behavior operation contract.0.key; caused by: de.uka.ilkd.key.proof.init.ProofInputException: Could not find rule file rules/intRulesCheckedSemantics.key)
	at de.uka.ilkd.key.control.AbstractUserInterfaceControl.load(AbstractUserInterfaceControl.java:221)
	at de.uka.ilkd.key.control.KeYEnvironment.load(KeYEnvironment.java:251)
	at de.uka.ilkd.key.control.KeYEnvironment.load(KeYEnvironment.java:224)
	at de.uka.ilkd.key.control.KeYEnvironment.load(KeYEnvironment.java:184)
	at de.uka.ilkd.key.control.KeYEnvironment.load(KeYEnvironment.java:261)
	at de.uka.ilkd.key.proof.runallproofs.proofcollection.TestFile.load(TestFile.java:270)
	at de.uka.ilkd.key.proof.runallproofs.proofcollection.TestFile.runKey(TestFile.java:160)
	at de.uka.ilkd.key.proof.runallproofs.proofcollection.ForkedTestFileRunner.main(ForkedTestFileRunner.java:171)
Caused by: de.uka.ilkd.key.proof.init.ProofInputException: Could not find rule file rules/intRulesCheckedSemantics.key
	at de.uka.ilkd.key.proof.io.KeYFile.readIncludes(KeYFile.java:210)
	at de.uka.ilkd.key.proof.init.ProblemInitializer.readIncludes(ProblemInitializer.java:177)
	at de.uka.ilkd.key.proof.init.ProblemInitializer.readEnvInput(ProblemInitializer.java:325)
	at de.uka.ilkd.key.proof.init.ProblemInitializer.prepare(ProblemInitializer.java:449)
	at de.uka.ilkd.key.proof.io.AbstractProblemLoader.createInitConfig(AbstractProblemLoader.java:518)
	at de.uka.ilkd.key.proof.io.AbstractProblemLoader.loadEnvironment(AbstractProblemLoader.java:288)
	at de.uka.ilkd.key.proof.io.AbstractProblemLoader.load(AbstractProblemLoader.java:252)
	at de.uka.ilkd.key.control.AbstractUserInterfaceControl.load(AbstractUserInterfaceControl.java:209)
	... 7 more
Caused by: java.lang.RuntimeException: Could not find rule file rules/intRulesCheckedSemantics.key
	at de.uka.ilkd.key.proof.io.RuleSourceFactory.fromBuiltInRule(RuleSourceFactory.java:32)
	at de.uka.ilkd.key.proof.io.RuleSourceFactory.fromDefaultLocation(RuleSourceFactory.java:21)
	at de.uka.ilkd.key.nparser.builder.IncludeFinder.addInclude(IncludeFinder.java:63)
	at de.uka.ilkd.key.nparser.builder.IncludeFinder.visitOne_include(IncludeFinder.java:43)
	at de.uka.ilkd.key.nparser.builder.IncludeFinder.visitOne_include(IncludeFinder.java:20)
	at de.uka.ilkd.key.nparser.KeYParser$One_includeContext.accept(KeYParser.java:878)
	at de.uka.ilkd.key.nparser.builder.AbstractBuilder.lambda$mapOf$0(AbstractBuilder.java:112)
	at java.base/java.util.stream.ReferencePipeline$3$1.accept(ReferencePipeline.java:195)
	at java.base/java.util.ArrayList$ArrayListSpliterator.forEachRemaining(ArrayList.java:1655)
	at java.base/java.util.stream.AbstractPipeline.copyInto(AbstractPipeline.java:484)
	at java.base/java.util.stream.AbstractPipeline.wrapAndCopyInto(AbstractPipeline.java:474)
	at java.base/java.util.stream.ReduceOps$ReduceOp.evaluateSequential(ReduceOps.java:913)
	at java.base/java.util.stream.AbstractPipeline.evaluate(AbstractPipeline.java:234)
	at java.base/java.util.stream.ReferencePipeline.collect(ReferencePipeline.java:578)
	at de.uka.ilkd.key.nparser.builder.AbstractBuilder.mapOf(AbstractBuilder.java:112)
	at de.uka.ilkd.key.nparser.builder.IncludeFinder.visitOne_include_statement(IncludeFinder.java:35)
	at de.uka.ilkd.key.nparser.builder.IncludeFinder.visitOne_include_statement(IncludeFinder.java:20)
	at de.uka.ilkd.key.nparser.KeYParser$One_include_statementContext.accept(KeYParser.java:802)
	at org.antlr.v4.runtime.tree.AbstractParseTreeVisitor.visitChildren(AbstractParseTreeVisitor.java:46)
	at de.uka.ilkd.key.nparser.KeYParserBaseVisitor.visitDecls(KeYParserBaseVisitor.java:30)
	at de.uka.ilkd.key.nparser.KeYParser$DeclsContext.accept(KeYParser.java:500)
	at org.antlr.v4.runtime.tree.AbstractParseTreeVisitor.visitChildren(AbstractParseTreeVisitor.java:46)
	at de.uka.ilkd.key.nparser.KeYParserBaseVisitor.visitFile(KeYParserBaseVisitor.java:23)
	at de.uka.ilkd.key.nparser.KeYParser$FileContext.accept(KeYParser.java:306)
	at de.uka.ilkd.key.nparser.KeyAst.accept(KeyAst.java:41)
	at de.uka.ilkd.key.nparser.KeyAst$File.getIncludes(KeyAst.java:76)
	at de.uka.ilkd.key.proof.io.KeYFile.readIncludes(KeYFile.java:208)
	... 14 more
Could not find rule file rules/intRulesCheckedSemantics.key (file: /home/runner/work/key/key/key.core/../key.ui/examples/index/../InformationFlow/ToyBanking/banking_example2.BankAccount(banking_example2.BankAccount__getId()).JML normal_behavior operation contract.0.key; caused by: de.uka.ilkd.key.proof.init.ProofInputException: Could not find rule file rules/intRulesCheckedSemantics.key)
	at de.uka.ilkd.key.control.AbstractUserInterfaceControl.load(AbstractUserInterfaceControl.java:221)
	at de.uka.ilkd.key.control.KeYEnvironment.load(KeYEnvironment.java:251)
	at de.uka.ilkd.key.control.KeYEnvironment.load(KeYEnvironment.java:224)
	at de.uka.ilkd.key.control.KeYEnvironment.load(KeYEnvironment.java:184)
	at de.uka.ilkd.key.control.KeYEnvironment.load(KeYEnvironment.java:261)
	at de.uka.ilkd.key.proof.runallproofs.proofcollection.TestFile.load(TestFile.java:270)
	at de.uka.ilkd.key.proof.runallproofs.proofcollection.TestFile.runKey(TestFile.java:160)
	at de.uka.ilkd.key.proof.runallproofs.proofcollection.ForkedTestFileRunner.main(ForkedTestFileRunner.java:171)
Caused by: de.uka.ilkd.key.proof.init.ProofInputException: Could not find rule file rules/intRulesCheckedSemantics.key
	at de.uka.ilkd.key.proof.io.KeYFile.readIncludes(KeYFile.java:210)
	at de.uka.ilkd.key.proof.init.ProblemInitializer.readIncludes(ProblemInitializer.java:177)
	at de.uka.ilkd.key.proof.init.ProblemInitializer.readEnvInput(ProblemInitializer.java:325)
	at de.uka.ilkd.key.proof.init.ProblemInitializer.prepare(ProblemInitializer.java:449)
	at de.uka.ilkd.key.proof.io.AbstractProblemLoader.createInitConfig(AbstractProblemLoader.java:518)
	at de.uka.ilkd.key.proof.io.AbstractProblemLoader.loadEnvironment(AbstractProblemLoader.java:288)
	at de.uka.ilkd.key.proof.io.AbstractProblemLoader.load(AbstractProblemLoader.java:252)
	at de.uka.ilkd.key.control.AbstractUserInterfaceControl.load(AbstractUserInterfaceControl.java:209)
	... 7 more
Caused by: java.lang.RuntimeException: Could not find rule file rules/intRulesCheckedSemantics.key
	at de.uka.ilkd.key.proof.io.RuleSourceFactory.fromBuiltInRule(RuleSourceFactory.java:32)
	at de.uka.ilkd.key.proof.io.RuleSourceFactory.fromDefaultLocation(RuleSourceFactory.java:21)
	at de.uka.ilkd.key.nparser.builder.IncludeFinder.addInclude(IncludeFinder.java:63)
	at de.uka.ilkd.key.nparser.builder.IncludeFinder.visitOne_include(IncludeFinder.java:43)
	at de.uka.ilkd.key.nparser.builder.IncludeFinder.visitOne_include(IncludeFinder.java:20)
	at de.uka.ilkd.key.nparser.KeYParser$One_includeContext.accept(KeYParser.java:878)
	at de.uka.ilkd.key.nparser.builder.AbstractBuilder.lambda$mapOf$0(AbstractBuilder.java:112)
	at java.base/java.util.stream.ReferencePipeline$3$1.accept(ReferencePipeline.java:195)
	at java.base/java.util.ArrayList$ArrayListSpliterator.forEachRemaining(ArrayList.java:1655)
	at java.base/java.util.stream.AbstractPipeline.copyInto(AbstractPipeline.java:484)
	at java.base/java.util.stream.AbstractPipeline.wrapAndCopyInto(AbstractPipeline.java:474)
	at java.base/java.util.stream.ReduceOps$ReduceOp.evaluateSequential(ReduceOps.java:913)
	at java.base/java.util.stream.AbstractPipeline.evaluate(AbstractPipeline.java:234)
	at java.base/java.util.stream.ReferencePipeline.collect(ReferencePipeline.java:578)
	at de.uka.ilkd.key.nparser.builder.AbstractBuilder.mapOf(AbstractBuilder.java:112)
	at de.uka.ilkd.key.nparser.builder.IncludeFinder.visitOne_include_statement(IncludeFinder.java:35)
	at de.uka.ilkd.key.nparser.builder.IncludeFinder.visitOne_include_statement(IncludeFinder.java:20)
	at de.uka.ilkd.key.nparser.KeYParser$One_include_statementContext.accept(KeYParser.java:802)
	at org.antlr.v4.runtime.tree.AbstractParseTreeVisitor.visitChildren(AbstractParseTreeVisitor.java:46)
	at de.uka.ilkd.key.nparser.KeYParserBaseVisitor.visitDecls(KeYParserBaseVisitor.java:30)
	at de.uka.ilkd.key.nparser.KeYParser$DeclsContext.accept(KeYParser.java:500)
	at org.antlr.v4.runtime.tree.AbstractParseTreeVisitor.visitChildren(AbstractParseTreeVisitor.java:46)
	at de.uka.ilkd.key.nparser.KeYParserBaseVisitor.visitFile(KeYParserBaseVisitor.java:23)
	at de.uka.ilkd.key.nparser.KeYParser$FileContext.accept(KeYParser.java:306)
	at de.uka.ilkd.key.nparser.KeyAst.accept(KeyAst.java:41)
	at de.uka.ilkd.key.nparser.KeyAst$File.getIncludes(KeyAst.java:76)
	at de.uka.ilkd.key.proof.io.KeYFile.readIncludes(KeYFile.java:208)
	... 14 more
Could not find rule file rules/intRulesCheckedSemantics.key (file: /home/runner/work/key/key/key.core/../key.ui/examples/index/../InformationFlow/ToyBanking/banking_example2.Bank(banking_example2.Bank__login(int,(C)).JML normal_behavior operation contract.0.key; caused by: de.uka.ilkd.key.proof.init.ProofInputException: Could not find rule file rules/intRulesCheckedSemantics.key)
	at de.uka.ilkd.key.control.AbstractUserInterfaceControl.load(AbstractUserInterfaceControl.java:221)
	at de.uka.ilkd.key.control.KeYEnvironment.load(KeYEnvironment.java:251)
	at de.uka.ilkd.key.control.KeYEnvironment.load(KeYEnvironment.java:224)
	at de.uka.ilkd.key.control.KeYEnvironment.load(KeYEnvironment.java:184)
	at de.uka.ilkd.key.control.KeYEnvironment.load(KeYEnvironment.java:261)
	at de.uka.ilkd.key.proof.runallproofs.proofcollection.TestFile.load(TestFile.java:270)
	at de.uka.ilkd.key.proof.runallproofs.proofcollection.TestFile.runKey(TestFile.java:160)
	at de.uka.ilkd.key.proof.runallproofs.proofcollection.ForkedTestFileRunner.main(ForkedTestFileRunner.java:171)
Caused by: de.uka.ilkd.key.proof.init.ProofInputException: Could not find rule file rules/intRulesCheckedSemantics.key
	at de.uka.ilkd.key.proof.io.KeYFile.readIncludes(KeYFile.java:210)
	at de.uka.ilkd.key.proof.init.ProblemInitializer.readIncludes(ProblemInitializer.java:177)
	at de.uka.ilkd.key.proof.init.ProblemInitializer.readEnvInput(ProblemInitializer.java:325)
	at de.uka.ilkd.key.proof.init.ProblemInitializer.prepare(ProblemInitializer.java:449)
	at de.uka.ilkd.key.proof.io.AbstractProblemLoader.createInitConfig(AbstractProblemLoader.java:518)
	at de.uka.ilkd.key.proof.io.AbstractProblemLoader.loadEnvironment(AbstractProblemLoader.java:288)
	at de.uka.ilkd.key.proof.io.AbstractProblemLoader.load(AbstractProblemLoader.java:252)
	at de.uka.ilkd.key.control.AbstractUserInterfaceControl.load(AbstractUserInterfaceControl.java:209)
	... 7 more
Caused by: java.lang.RuntimeException: Could not find rule file rules/intRulesCheckedSemantics.key
	at de.uka.ilkd.key.proof.io.RuleSourceFactory.fromBuiltInRule(RuleSourceFactory.java:32)
	at de.uka.ilkd.key.proof.io.RuleSourceFactory.fromDefaultLocation(RuleSourceFactory.java:21)
	at de.uka.ilkd.key.nparser.builder.IncludeFinder.addInclude(IncludeFinder.java:63)
	at de.uka.ilkd.key.nparser.builder.IncludeFinder.visitOne_include(IncludeFinder.java:43)
	at de.uka.ilkd.key.nparser.builder.IncludeFinder.visitOne_include(IncludeFinder.java:20)
	at de.uka.ilkd.key.nparser.KeYParser$One_includeContext.accept(KeYParser.java:878)
	at de.uka.ilkd.key.nparser.builder.AbstractBuilder.lambda$mapOf$0(AbstractBuilder.java:112)
	at java.base/java.util.stream.ReferencePipeline$3$1.accept(ReferencePipeline.java:195)
	at java.base/java.util.ArrayList$ArrayListSpliterator.forEachRemaining(ArrayList.java:1655)
	at java.base/java.util.stream.AbstractPipeline.copyInto(AbstractPipeline.java:484)
	at java.base/java.util.stream.AbstractPipeline.wrapAndCopyInto(AbstractPipeline.java:474)
	at java.base/java.util.stream.ReduceOps$ReduceOp.evaluateSequential(ReduceOps.java:913)
	at java.base/java.util.stream.AbstractPipeline.evaluate(AbstractPipeline.java:234)
	at java.base/java.util.stream.ReferencePipeline.collect(ReferencePipeline.java:578)
	at de.uka.ilkd.key.nparser.builder.AbstractBuilder.mapOf(AbstractBuilder.java:112)
	at de.uka.ilkd.key.nparser.builder.IncludeFinder.visitOne_include_statement(IncludeFinder.java:35)
	at de.uka.ilkd.key.nparser.builder.IncludeFinder.visitOne_include_statement(IncludeFinder.java:20)
	at de.uka.ilkd.key.nparser.KeYParser$One_include_statementContext.accept(KeYParser.java:802)
	at org.antlr.v4.runtime.tree.AbstractParseTreeVisitor.visitChildren(AbstractParseTreeVisitor.java:46)
	at de.uka.ilkd.key.nparser.KeYParserBaseVisitor.visitDecls(KeYParserBaseVisitor.java:30)
	at de.uka.ilkd.key.nparser.KeYParser$DeclsContext.accept(KeYParser.java:500)
	at org.antlr.v4.runtime.tree.AbstractParseTreeVisitor.visitChildren(AbstractParseTreeVisitor.java:46)
	at de.uka.ilkd.key.nparser.KeYParserBaseVisitor.visitFile(KeYParserBaseVisitor.java:23)
	at de.uka.ilkd.key.nparser.KeYParser$FileContext.accept(KeYParser.java:306)
	at de.uka.ilkd.key.nparser.KeyAst.accept(KeyAst.java:41)
	at de.uka.ilkd.key.nparser.KeyAst$File.getIncludes(KeyAst.java:76)
	at de.uka.ilkd.key.proof.io.KeYFile.readIncludes(KeYFile.java:208)
	... 14 more
Exception in thread "main" org.opentest4j.AssertionFailedError: Exception during the execution of proofs. See log for more details.
	at org.junit.jupiter.api.AssertionUtils.fail(AssertionUtils.java:39)
	at org.junit.jupiter.api.Assertions.fail(Assertions.java:134)
	at de.uka.ilkd.key.proof.runallproofs.proofcollection.ForkedTestFileRunner.main(ForkedTestFileRunner.java:192)
Timeout watcher launched (1000 secs.)
Could not find rule file rules/intRulesCheckedSemantics.key (file: /home/runner/work/key/key/key.core/../key.ui/examples/index/../InformationFlow/BlockContracts/contract.IFBlockExamples(contract.IFBlockExamples__secure_5()).JML operation contract.0.key; caused by: de.uka.ilkd.key.proof.init.ProofInputException: Could not find rule file rules/intRulesCheckedSemantics.key)
	at de.uka.ilkd.key.control.AbstractUserInterfaceControl.load(AbstractUserInterfaceControl.java:221)
	at de.uka.ilkd.key.control.KeYEnvironment.load(KeYEnvironment.java:251)
	at de.uka.ilkd.key.control.KeYEnvironment.load(KeYEnvironment.java:224)
	at de.uka.ilkd.key.control.KeYEnvironment.load(KeYEnvironment.java:184)
	at de.uka.ilkd.key.control.KeYEnvironment.load(KeYEnvironment.java:261)
	at de.uka.ilkd.key.proof.runallproofs.proofcollection.TestFile.load(TestFile.java:270)
	at de.uka.ilkd.key.proof.runallproofs.proofcollection.TestFile.runKey(TestFile.java:160)
	at de.uka.ilkd.key.proof.runallproofs.proofcollection.ForkedTestFileRunner.main(ForkedTestFileRunner.java:171)
Caused by: de.uka.ilkd.key.proof.init.ProofInputException: Could not find rule file rules/intRulesCheckedSemantics.key
	at de.uka.ilkd.key.proof.io.KeYFile.readIncludes(KeYFile.java:210)
	at de.uka.ilkd.key.proof.init.ProblemInitializer.readIncludes(ProblemInitializer.java:177)
	at de.uka.ilkd.key.proof.init.ProblemInitializer.readEnvInput(ProblemInitializer.java:325)
	at de.uka.ilkd.key.proof.init.ProblemInitializer.prepare(ProblemInitializer.java:449)
	at de.uka.ilkd.key.proof.io.AbstractProblemLoader.createInitConfig(AbstractProblemLoader.java:518)
	at de.uka.ilkd.key.proof.io.AbstractProblemLoader.loadEnvironment(AbstractProblemLoader.java:288)
	at de.uka.ilkd.key.proof.io.AbstractProblemLoader.load(AbstractProblemLoader.java:252)
	at de.uka.ilkd.key.control.AbstractUserInterfaceControl.load(AbstractUserInterfaceControl.java:209)
	... 7 more
Caused by: java.lang.RuntimeException: Could not find rule file rules/intRulesCheckedSemantics.key
	at de.uka.ilkd.key.proof.io.RuleSourceFactory.fromBuiltInRule(RuleSourceFactory.java:32)
	at de.uka.ilkd.key.proof.io.RuleSourceFactory.fromDefaultLocation(RuleSourceFactory.java:21)
	at de.uka.ilkd.key.nparser.builder.IncludeFinder.addInclude(IncludeFinder.java:63)
	at de.uka.ilkd.key.nparser.builder.IncludeFinder.visitOne_include(IncludeFinder.java:43)
	at de.uka.ilkd.key.nparser.builder.IncludeFinder.visitOne_include(IncludeFinder.java:20)
	at de.uka.ilkd.key.nparser.KeYParser$One_includeContext.accept(KeYParser.java:878)
	at de.uka.ilkd.key.nparser.builder.AbstractBuilder.lambda$mapOf$0(AbstractBuilder.java:112)
	at java.base/java.util.stream.ReferencePipeline$3$1.accept(ReferencePipeline.java:195)
	at java.base/java.util.ArrayList$ArrayListSpliterator.forEachRemaining(ArrayList.java:1655)
	at java.base/java.util.stream.AbstractPipeline.copyInto(AbstractPipeline.java:484)
	at java.base/java.util.stream.AbstractPipeline.wrapAndCopyInto(AbstractPipeline.java:474)
	at java.base/java.util.stream.ReduceOps$ReduceOp.evaluateSequential(ReduceOps.java:913)
	at java.base/java.util.stream.AbstractPipeline.evaluate(AbstractPipeline.java:234)
	at java.base/java.util.stream.ReferencePipeline.collect(ReferencePipeline.java:578)
	at de.uka.ilkd.key.nparser.builder.AbstractBuilder.mapOf(AbstractBuilder.java:112)
	at de.uka.ilkd.key.nparser.builder.IncludeFinder.visitOne_include_statement(IncludeFinder.java:35)
	at de.uka.ilkd.key.nparser.builder.IncludeFinder.visitOne_include_statement(IncludeFinder.java:20)
	at de.uka.ilkd.key.nparser.KeYParser$One_include_statementContext.accept(KeYParser.java:802)
	at org.antlr.v4.runtime.tree.AbstractParseTreeVisitor.visitChildren(AbstractParseTreeVisitor.java:46)
	at de.uka.ilkd.key.nparser.KeYParserBaseVisitor.visitDecls(KeYParserBaseVisitor.java:30)
	at de.uka.ilkd.key.nparser.KeYParser$DeclsContext.accept(KeYParser.java:500)
	at org.antlr.v4.runtime.tree.AbstractParseTreeVisitor.visitChildren(AbstractParseTreeVisitor.java:46)
	at de.uka.ilkd.key.nparser.KeYParserBaseVisitor.visitFile(KeYParserBaseVisitor.java:23)
	at de.uka.ilkd.key.nparser.KeYParser$FileContext.accept(KeYParser.java:306)
	at de.uka.ilkd.key.nparser.KeyAst.accept(KeyAst.java:41)
	at de.uka.ilkd.key.nparser.KeyAst$File.getIncludes(KeyAst.java:76)
	at de.uka.ilkd.key.proof.io.KeYFile.readIncludes(KeYFile.java:208)
	... 14 more
Could not find rule file rules/intRulesCheckedSemantics.key (file: /home/runner/work/key/key/key.core/../key.ui/examples/index/../InformationFlow/BlockContracts/contract.IFBlockExamples(contract.IFBlockExamples__block_no_return_secure(int)).JML operation contract.0.key; caused by: de.uka.ilkd.key.proof.init.ProofInputException: Could not find rule file rules/intRulesCheckedSemantics.key)
	at de.uka.ilkd.key.control.AbstractUserInterfaceControl.load(AbstractUserInterfaceControl.java:221)
	at de.uka.ilkd.key.control.KeYEnvironment.load(KeYEnvironment.java:251)
	at de.uka.ilkd.key.control.KeYEnvironment.load(KeYEnvironment.java:224)
	at de.uka.ilkd.key.control.KeYEnvironment.load(KeYEnvironment.java:184)
	at de.uka.ilkd.key.control.KeYEnvironment.load(KeYEnvironment.java:261)
	at de.uka.ilkd.key.proof.runallproofs.proofcollection.TestFile.load(TestFile.java:270)
	at de.uka.ilkd.key.proof.runallproofs.proofcollection.TestFile.runKey(TestFile.java:160)
	at de.uka.ilkd.key.proof.runallproofs.proofcollection.ForkedTestFileRunner.main(ForkedTestFileRunner.java:171)
Caused by: de.uka.ilkd.key.proof.init.ProofInputException: Could not find rule file rules/intRulesCheckedSemantics.key
	at de.uka.ilkd.key.proof.io.KeYFile.readIncludes(KeYFile.java:210)
	at de.uka.ilkd.key.proof.init.ProblemInitializer.readIncludes(ProblemInitializer.java:177)
	at de.uka.ilkd.key.proof.init.ProblemInitializer.readEnvInput(ProblemInitializer.java:325)
	at de.uka.ilkd.key.proof.init.ProblemInitializer.prepare(ProblemInitializer.java:449)
	at de.uka.ilkd.key.proof.io.AbstractProblemLoader.createInitConfig(AbstractProblemLoader.java:518)
	at de.uka.ilkd.key.proof.io.AbstractProblemLoader.loadEnvironment(AbstractProblemLoader.java:288)
	at de.uka.ilkd.key.proof.io.AbstractProblemLoader.load(AbstractProblemLoader.java:252)
	at de.uka.ilkd.key.control.AbstractUserInterfaceControl.load(AbstractUserInterfaceControl.java:209)
	... 7 more
Caused by: java.lang.RuntimeException: Could not find rule file rules/intRulesCheckedSemantics.key
	at de.uka.ilkd.key.proof.io.RuleSourceFactory.fromBuiltInRule(RuleSourceFactory.java:32)
	at de.uka.ilkd.key.proof.io.RuleSourceFactory.fromDefaultLocation(RuleSourceFactory.java:21)
	at de.uka.ilkd.key.nparser.builder.IncludeFinder.addInclude(IncludeFinder.java:63)
	at de.uka.ilkd.key.nparser.builder.IncludeFinder.visitOne_include(IncludeFinder.java:43)
	at de.uka.ilkd.key.nparser.builder.IncludeFinder.visitOne_include(IncludeFinder.java:20)
	at de.uka.ilkd.key.nparser.KeYParser$One_includeContext.accept(KeYParser.java:878)
	at de.uka.ilkd.key.nparser.builder.AbstractBuilder.lambda$mapOf$0(AbstractBuilder.java:112)
	at java.base/java.util.stream.ReferencePipeline$3$1.accept(ReferencePipeline.java:195)
	at java.base/java.util.ArrayList$ArrayListSpliterator.forEachRemaining(ArrayList.java:1655)
	at java.base/java.util.stream.AbstractPipeline.copyInto(AbstractPipeline.java:484)
	at java.base/java.util.stream.AbstractPipeline.wrapAndCopyInto(AbstractPipeline.java:474)
	at java.base/java.util.stream.ReduceOps$ReduceOp.evaluateSequential(ReduceOps.java:913)
	at java.base/java.util.stream.AbstractPipeline.evaluate(AbstractPipeline.java:234)
	at java.base/java.util.stream.ReferencePipeline.collect(ReferencePipeline.java:578)
	at de.uka.ilkd.key.nparser.builder.AbstractBuilder.mapOf(AbstractBuilder.java:112)
	at de.uka.ilkd.key.nparser.builder.IncludeFinder.visitOne_include_statement(IncludeFinder.java:35)
	at de.uka.ilkd.key.nparser.builder.IncludeFinder.visitOne_include_statement(IncludeFinder.java:20)
	at de.uka.ilkd.key.nparser.KeYParser$One_include_statementContext.accept(KeYParser.java:802)
	at org.antlr.v4.runtime.tree.AbstractParseTreeVisitor.visitChildren(AbstractParseTreeVisitor.java:46)
	at de.uka.ilkd.key.nparser.KeYParserBaseVisitor.visitDecls(KeYParserBaseVisitor.java:30)
	at de.uka.ilkd.key.nparser.KeYParser$DeclsContext.accept(KeYParser.java:500)
	at org.antlr.v4.runtime.tree.AbstractParseTreeVisitor.visitChildren(AbstractParseTreeVisitor.java:46)
	at de.uka.ilkd.key.nparser.KeYParserBaseVisitor.visitFile(KeYParserBaseVisitor.java:23)
	at de.uka.ilkd.key.nparser.KeYParser$FileContext.accept(KeYParser.java:306)
	at de.uka.ilkd.key.nparser.KeyAst.accept(KeyAst.java:41)
	at de.uka.ilkd.key.nparser.KeyAst$File.getIncludes(KeyAst.java:76)
	at de.uka.ilkd.key.proof.io.KeYFile.readIncludes(KeYFile.java:208)
	... 14 more
Could not find rule file rules/intRulesCheckedSemantics.key (file: /home/runner/work/key/key/key.core/../key.ui/examples/index/../InformationFlow/BlockContracts/contract.IFBlockExamples(contract.IFBlockExamples__while_block_insecure(int)).JML operation contract.0.key; caused by: de.uka.ilkd.key.proof.init.ProofInputException: Could not find rule file rules/intRulesCheckedSemantics.key)
	at de.uka.ilkd.key.control.AbstractUserInterfaceControl.load(AbstractUserInterfaceControl.java:221)
	at de.uka.ilkd.key.control.KeYEnvironment.load(KeYEnvironment.java:251)
	at de.uka.ilkd.key.control.KeYEnvironment.load(KeYEnvironment.java:224)
	at de.uka.ilkd.key.control.KeYEnvironment.load(KeYEnvironment.java:184)
	at de.uka.ilkd.key.control.KeYEnvironment.load(KeYEnvironment.java:261)
	at de.uka.ilkd.key.proof.runallproofs.proofcollection.TestFile.load(TestFile.java:270)
	at de.uka.ilkd.key.proof.runallproofs.proofcollection.TestFile.runKey(TestFile.java:160)
	at de.uka.ilkd.key.proof.runallproofs.proofcollection.ForkedTestFileRunner.main(ForkedTestFileRunner.java:171)
Caused by: de.uka.ilkd.key.proof.init.ProofInputException: Could not find rule file rules/intRulesCheckedSemantics.key
	at de.uka.ilkd.key.proof.io.KeYFile.readIncludes(KeYFile.java:210)
	at de.uka.ilkd.key.proof.init.ProblemInitializer.readIncludes(ProblemInitializer.java:177)
	at de.uka.ilkd.key.proof.init.ProblemInitializer.readEnvInput(ProblemInitializer.java:325)
	at de.uka.ilkd.key.proof.init.ProblemInitializer.prepare(ProblemInitializer.java:449)
	at de.uka.ilkd.key.proof.io.AbstractProblemLoader.createInitConfig(AbstractProblemLoader.java:518)
	at de.uka.ilkd.key.proof.io.AbstractProblemLoader.loadEnvironment(AbstractProblemLoader.java:288)
	at de.uka.ilkd.key.proof.io.AbstractProblemLoader.load(AbstractProblemLoader.java:252)
	at de.uka.ilkd.key.control.AbstractUserInterfaceControl.load(AbstractUserInterfaceControl.java:209)
	... 7 more
Caused by: java.lang.RuntimeException: Could not find rule file rules/intRulesCheckedSemantics.key
	at de.uka.ilkd.key.proof.io.RuleSourceFactory.fromBuiltInRule(RuleSourceFactory.java:32)
	at de.uka.ilkd.key.proof.io.RuleSourceFactory.fromDefaultLocation(RuleSourceFactory.java:21)
	at de.uka.ilkd.key.nparser.builder.IncludeFinder.addInclude(IncludeFinder.java:63)
	at de.uka.ilkd.key.nparser.builder.IncludeFinder.visitOne_include(IncludeFinder.java:43)
	at de.uka.ilkd.key.nparser.builder.IncludeFinder.visitOne_include(IncludeFinder.java:20)
	at de.uka.ilkd.key.nparser.KeYParser$One_includeContext.accept(KeYParser.java:878)
	at de.uka.ilkd.key.nparser.builder.AbstractBuilder.lambda$mapOf$0(AbstractBuilder.java:112)
	at java.base/java.util.stream.ReferencePipeline$3$1.accept(ReferencePipeline.java:195)
	at java.base/java.util.ArrayList$ArrayListSpliterator.forEachRemaining(ArrayList.java:1655)
	at java.base/java.util.stream.AbstractPipeline.copyInto(AbstractPipeline.java:484)
	at java.base/java.util.stream.AbstractPipeline.wrapAndCopyInto(AbstractPipeline.java:474)
	at java.base/java.util.stream.ReduceOps$ReduceOp.evaluateSequential(ReduceOps.java:913)
	at java.base/java.util.stream.AbstractPipeline.evaluate(AbstractPipeline.java:234)
	at java.base/java.util.stream.ReferencePipeline.collect(ReferencePipeline.java:578)
	at de.uka.ilkd.key.nparser.builder.AbstractBuilder.mapOf(AbstractBuilder.java:112)
	at de.uka.ilkd.key.nparser.builder.IncludeFinder.visitOne_include_statement(IncludeFinder.java:35)
	at de.uka.ilkd.key.nparser.builder.IncludeFinder.visitOne_include_statement(IncludeFinder.java:20)
	at de.uka.ilkd.key.nparser.KeYParser$One_include_statementContext.accept(KeYParser.java:802)
	at org.antlr.v4.runtime.tree.AbstractParseTreeVisitor.visitChildren(AbstractParseTreeVisitor.java:46)
	at de.uka.ilkd.key.nparser.KeYParserBaseVisitor.visitDecls(KeYParserBaseVisitor.java:30)
	at de.uka.ilkd.key.nparser.KeYParser$DeclsContext.accept(KeYParser.java:500)
	at org.antlr.v4.runtime.tree.AbstractParseTreeVisitor.visitChildren(AbstractParseTreeVisitor.java:46)
	at de.uka.ilkd.key.nparser.KeYParserBaseVisitor.visitFile(KeYParserBaseVisitor.java:23)
	at de.uka.ilkd.key.nparser.KeYParser$FileContext.accept(KeYParser.java:306)
	at de.uka.ilkd.key.nparser.KeyAst.accept(KeyAst.java:41)
	at de.uka.ilkd.key.nparser.KeyAst$File.getIncludes(KeyAst.java:76)
	at de.uka.ilkd.key.proof.io.KeYFile.readIncludes(KeYFile.java:208)
	... 14 more
Could not find rule file rules/intRulesCheckedSemantics.key (file: /home/runner/work/key/key/key.core/../key.ui/examples/index/../InformationFlow/BlockContracts/contract.IFBlockExamples(contract.IFBlockExamples__while_block_secure(int)).JML operation contract.0.key; caused by: de.uka.ilkd.key.proof.init.ProofInputException: Could not find rule file rules/intRulesCheckedSemantics.key)
	at de.uka.ilkd.key.control.AbstractUserInterfaceControl.load(AbstractUserInterfaceControl.java:221)
	at de.uka.ilkd.key.control.KeYEnvironment.load(KeYEnvironment.java:251)
	at de.uka.ilkd.key.control.KeYEnvironment.load(KeYEnvironment.java:224)
	at de.uka.ilkd.key.control.KeYEnvironment.load(KeYEnvironment.java:184)
	at de.uka.ilkd.key.control.KeYEnvironment.load(KeYEnvironment.java:261)
	at de.uka.ilkd.key.proof.runallproofs.proofcollection.TestFile.load(TestFile.java:270)
	at de.uka.ilkd.key.proof.runallproofs.proofcollection.TestFile.runKey(TestFile.java:160)
	at de.uka.ilkd.key.proof.runallproofs.proofcollection.ForkedTestFileRunner.main(ForkedTestFileRunner.java:171)
Caused by: de.uka.ilkd.key.proof.init.ProofInputException: Could not find rule file rules/intRulesCheckedSemantics.key
	at de.uka.ilkd.key.proof.io.KeYFile.readIncludes(KeYFile.java:210)
	at de.uka.ilkd.key.proof.init.ProblemInitializer.readIncludes(ProblemInitializer.java:177)
	at de.uka.ilkd.key.proof.init.ProblemInitializer.readEnvInput(ProblemInitializer.java:325)
	at de.uka.ilkd.key.proof.init.ProblemInitializer.prepare(ProblemInitializer.java:449)
	at de.uka.ilkd.key.proof.io.AbstractProblemLoader.createInitConfig(AbstractProblemLoader.java:518)
	at de.uka.ilkd.key.proof.io.AbstractProblemLoader.loadEnvironment(AbstractProblemLoader.java:288)
	at de.uka.ilkd.key.proof.io.AbstractProblemLoader.load(AbstractProblemLoader.java:252)
	at de.uka.ilkd.key.control.AbstractUserInterfaceControl.load(AbstractUserInterfaceControl.java:209)
	... 7 more
Caused by: java.lang.RuntimeException: Could not find rule file rules/intRulesCheckedSemantics.key
	at de.uka.ilkd.key.proof.io.RuleSourceFactory.fromBuiltInRule(RuleSourceFactory.java:32)
	at de.uka.ilkd.key.proof.io.RuleSourceFactory.fromDefaultLocation(RuleSourceFactory.java:21)
	at de.uka.ilkd.key.nparser.builder.IncludeFinder.addInclude(IncludeFinder.java:63)
	at de.uka.ilkd.key.nparser.builder.IncludeFinder.visitOne_include(IncludeFinder.java:43)
	at de.uka.ilkd.key.nparser.builder.IncludeFinder.visitOne_include(IncludeFinder.java:20)
	at de.uka.ilkd.key.nparser.KeYParser$One_includeContext.accept(KeYParser.java:878)
	at de.uka.ilkd.key.nparser.builder.AbstractBuilder.lambda$mapOf$0(AbstractBuilder.java:112)
	at java.base/java.util.stream.ReferencePipeline$3$1.accept(ReferencePipeline.java:195)
	at java.base/java.util.ArrayList$ArrayListSpliterator.forEachRemaining(ArrayList.java:1655)
	at java.base/java.util.stream.AbstractPipeline.copyInto(AbstractPipeline.java:484)
	at java.base/java.util.stream.AbstractPipeline.wrapAndCopyInto(AbstractPipeline.java:474)
	at java.base/java.util.stream.ReduceOps$ReduceOp.evaluateSequential(ReduceOps.java:913)
	at java.base/java.util.stream.AbstractPipeline.evaluate(AbstractPipeline.java:234)
	at java.base/java.util.stream.ReferencePipeline.collect(ReferencePipeline.java:578)
	at de.uka.ilkd.key.nparser.builder.AbstractBuilder.mapOf(AbstractBuilder.java:112)
	at de.uka.ilkd.key.nparser.builder.IncludeFinder.visitOne_include_statement(IncludeFinder.java:35)
	at de.uka.ilkd.key.nparser.builder.IncludeFinder.visitOne_include_statement(IncludeFinder.java:20)
	at de.uka.ilkd.key.nparser.KeYParser$One_include_statementContext.accept(KeYParser.java:802)
	at org.antlr.v4.runtime.tree.AbstractParseTreeVisitor.visitChildren(AbstractParseTreeVisitor.java:46)
	at de.uka.ilkd.key.nparser.KeYParserBaseVisitor.visitDecls(KeYParserBaseVisitor.java:30)
	at de.uka.ilkd.key.nparser.KeYParser$DeclsContext.accept(KeYParser.java:500)
	at org.antlr.v4.runtime.tree.AbstractParseTreeVisitor.visitChildren(AbstractParseTreeVisitor.java:46)
	at de.uka.ilkd.key.nparser.KeYParserBaseVisitor.visitFile(KeYParserBaseVisitor.java:23)
	at de.uka.ilkd.key.nparser.KeYParser$FileContext.accept(KeYParser.java:306)
	at de.uka.ilkd.key.nparser.KeyAst.accept(KeyAst.java:41)
	at de.uka.ilkd.key.nparser.KeyAst$File.getIncludes(KeyAst.java:76)
	at de.uka.ilkd.key.proof.io.KeYFile.readIncludes(KeYFile.java:208)
	... 14 more
Could not find rule file rules/intRulesCheckedSemantics.key (file: /home/runner/work/key/key/key.core/../key.ui/examples/index/../InformationFlow/BlockContracts/contract.IFBlockExamples(contract.IFBlockExamples__block_while_secure(int)).JML operation contract.0.key; caused by: de.uka.ilkd.key.proof.init.ProofInputException: Could not find rule file rules/intRulesCheckedSemantics.key)
	at de.uka.ilkd.key.control.AbstractUserInterfaceControl.load(AbstractUserInterfaceControl.java:221)
	at de.uka.ilkd.key.control.KeYEnvironment.load(KeYEnvironment.java:251)
	at de.uka.ilkd.key.control.KeYEnvironment.load(KeYEnvironment.java:224)
	at de.uka.ilkd.key.control.KeYEnvironment.load(KeYEnvironment.java:184)
	at de.uka.ilkd.key.control.KeYEnvironment.load(KeYEnvironment.java:261)
	at de.uka.ilkd.key.proof.runallproofs.proofcollection.TestFile.load(TestFile.java:270)
	at de.uka.ilkd.key.proof.runallproofs.proofcollection.TestFile.runKey(TestFile.java:160)
	at de.uka.ilkd.key.proof.runallproofs.proofcollection.ForkedTestFileRunner.main(ForkedTestFileRunner.java:171)
Caused by: de.uka.ilkd.key.proof.init.ProofInputException: Could not find rule file rules/intRulesCheckedSemantics.key
	at de.uka.ilkd.key.proof.io.KeYFile.readIncludes(KeYFile.java:210)
	at de.uka.ilkd.key.proof.init.ProblemInitializer.readIncludes(ProblemInitializer.java:177)
	at de.uka.ilkd.key.proof.init.ProblemInitializer.readEnvInput(ProblemInitializer.java:325)
	at de.uka.ilkd.key.proof.init.ProblemInitializer.prepare(ProblemInitializer.java:449)
	at de.uka.ilkd.key.proof.io.AbstractProblemLoader.createInitConfig(AbstractProblemLoader.java:518)
	at de.uka.ilkd.key.proof.io.AbstractProblemLoader.loadEnvironment(AbstractProblemLoader.java:288)
	at de.uka.ilkd.key.proof.io.AbstractProblemLoader.load(AbstractProblemLoader.java:252)
	at de.uka.ilkd.key.control.AbstractUserInterfaceControl.load(AbstractUserInterfaceControl.java:209)
	... 7 more
Caused by: java.lang.RuntimeException: Could not find rule file rules/intRulesCheckedSemantics.key
	at de.uka.ilkd.key.proof.io.RuleSourceFactory.fromBuiltInRule(RuleSourceFactory.java:32)
	at de.uka.ilkd.key.proof.io.RuleSourceFactory.fromDefaultLocation(RuleSourceFactory.java:21)
	at de.uka.ilkd.key.nparser.builder.IncludeFinder.addInclude(IncludeFinder.java:63)
	at de.uka.ilkd.key.nparser.builder.IncludeFinder.visitOne_include(IncludeFinder.java:43)
	at de.uka.ilkd.key.nparser.builder.IncludeFinder.visitOne_include(IncludeFinder.java:20)
	at de.uka.ilkd.key.nparser.KeYParser$One_includeContext.accept(KeYParser.java:878)
	at de.uka.ilkd.key.nparser.builder.AbstractBuilder.lambda$mapOf$0(AbstractBuilder.java:112)
	at java.base/java.util.stream.ReferencePipeline$3$1.accept(ReferencePipeline.java:195)
	at java.base/java.util.ArrayList$ArrayListSpliterator.forEachRemaining(ArrayList.java:1655)
	at java.base/java.util.stream.AbstractPipeline.copyInto(AbstractPipeline.java:484)
	at java.base/java.util.stream.AbstractPipeline.wrapAndCopyInto(AbstractPipeline.java:474)
	at java.base/java.util.stream.ReduceOps$ReduceOp.evaluateSequential(ReduceOps.java:913)
	at java.base/java.util.stream.AbstractPipeline.evaluate(AbstractPipeline.java:234)
	at java.base/java.util.stream.ReferencePipeline.collect(ReferencePipeline.java:578)
	at de.uka.ilkd.key.nparser.builder.AbstractBuilder.mapOf(AbstractBuilder.java:112)
	at de.uka.ilkd.key.nparser.builder.IncludeFinder.visitOne_include_statement(IncludeFinder.java:35)
	at de.uka.ilkd.key.nparser.builder.IncludeFinder.visitOne_include_statement(IncludeFinder.java:20)
	at de.uka.ilkd.key.nparser.KeYParser$One_include_statementContext.accept(KeYParser.java:802)
	at org.antlr.v4.runtime.tree.AbstractParseTreeVisitor.visitChildren(AbstractParseTreeVisitor.java:46)
	at de.uka.ilkd.key.nparser.KeYParserBaseVisitor.visitDecls(KeYParserBaseVisitor.java:30)
	at de.uka.ilkd.key.nparser.KeYParser$DeclsContext.accept(KeYParser.java:500)
	at org.antlr.v4.runtime.tree.AbstractParseTreeVisitor.visitChildren(AbstractParseTreeVisitor.java:46)
	at de.uka.ilkd.key.nparser.KeYParserBaseVisitor.visitFile(KeYParserBaseVisitor.java:23)
	at de.uka.ilkd.key.nparser.KeYParser$FileContext.accept(KeYParser.java:306)
	at de.uka.ilkd.key.nparser.KeyAst.accept(KeyAst.java:41)
	at de.uka.ilkd.key.nparser.KeyAst$File.getIncludes(KeyAst.java:76)
	at de.uka.ilkd.key.proof.io.KeYFile.readIncludes(KeYFile.java:208)
	... 14 more
Could not find rule file rules/intRulesCheckedSemantics.key (file: /home/runner/work/key/key/key.core/../key.ui/examples/index/../InformationFlow/BlockContracts/contract.IFBlockExamples(contract.IFBlockExamples__insecure_4(int)).JML operation contract.0.key; caused by: de.uka.ilkd.key.proof.init.ProofInputException: Could not find rule file rules/intRulesCheckedSemantics.key)
	at de.uka.ilkd.key.control.AbstractUserInterfaceControl.load(AbstractUserInterfaceControl.java:221)
	at de.uka.ilkd.key.control.KeYEnvironment.load(KeYEnvironment.java:251)
	at de.uka.ilkd.key.control.KeYEnvironment.load(KeYEnvironment.java:224)
	at de.uka.ilkd.key.control.KeYEnvironment.load(KeYEnvironment.java:184)
	at de.uka.ilkd.key.control.KeYEnvironment.load(KeYEnvironment.java:261)
	at de.uka.ilkd.key.proof.runallproofs.proofcollection.TestFile.load(TestFile.java:270)
	at de.uka.ilkd.key.proof.runallproofs.proofcollection.TestFile.runKey(TestFile.java:160)
	at de.uka.ilkd.key.proof.runallproofs.proofcollection.ForkedTestFileRunner.main(ForkedTestFileRunner.java:171)
Caused by: de.uka.ilkd.key.proof.init.ProofInputException: Could not find rule file rules/intRulesCheckedSemantics.key
	at de.uka.ilkd.key.proof.io.KeYFile.readIncludes(KeYFile.java:210)
	at de.uka.ilkd.key.proof.init.ProblemInitializer.readIncludes(ProblemInitializer.java:177)
	at de.uka.ilkd.key.proof.init.ProblemInitializer.readEnvInput(ProblemInitializer.java:325)
	at de.uka.ilkd.key.proof.init.ProblemInitializer.prepare(ProblemInitializer.java:449)
	at de.uka.ilkd.key.proof.io.AbstractProblemLoader.createInitConfig(AbstractProblemLoader.java:518)
	at de.uka.ilkd.key.proof.io.AbstractProblemLoader.loadEnvironment(AbstractProblemLoader.java:288)
	at de.uka.ilkd.key.proof.io.AbstractProblemLoader.load(AbstractProblemLoader.java:252)
	at de.uka.ilkd.key.control.AbstractUserInterfaceControl.load(AbstractUserInterfaceControl.java:209)
	... 7 more
Caused by: java.lang.RuntimeException: Could not find rule file rules/intRulesCheckedSemantics.key
	at de.uka.ilkd.key.proof.io.RuleSourceFactory.fromBuiltInRule(RuleSourceFactory.java:32)
	at de.uka.ilkd.key.proof.io.RuleSourceFactory.fromDefaultLocation(RuleSourceFactory.java:21)
	at de.uka.ilkd.key.nparser.builder.IncludeFinder.addInclude(IncludeFinder.java:63)
	at de.uka.ilkd.key.nparser.builder.IncludeFinder.visitOne_include(IncludeFinder.java:43)
	at de.uka.ilkd.key.nparser.builder.IncludeFinder.visitOne_include(IncludeFinder.java:20)
	at de.uka.ilkd.key.nparser.KeYParser$One_includeContext.accept(KeYParser.java:878)
	at de.uka.ilkd.key.nparser.builder.AbstractBuilder.lambda$mapOf$0(AbstractBuilder.java:112)
	at java.base/java.util.stream.ReferencePipeline$3$1.accept(ReferencePipeline.java:195)
	at java.base/java.util.ArrayList$ArrayListSpliterator.forEachRemaining(ArrayList.java:1655)
	at java.base/java.util.stream.AbstractPipeline.copyInto(AbstractPipeline.java:484)
	at java.base/java.util.stream.AbstractPipeline.wrapAndCopyInto(AbstractPipeline.java:474)
	at java.base/java.util.stream.ReduceOps$ReduceOp.evaluateSequential(ReduceOps.java:913)
	at java.base/java.util.stream.AbstractPipeline.evaluate(AbstractPipeline.java:234)
	at java.base/java.util.stream.ReferencePipeline.collect(ReferencePipeline.java:578)
	at de.uka.ilkd.key.nparser.builder.AbstractBuilder.mapOf(AbstractBuilder.java:112)
	at de.uka.ilkd.key.nparser.builder.IncludeFinder.visitOne_include_statement(IncludeFinder.java:35)
	at de.uka.ilkd.key.nparser.builder.IncludeFinder.visitOne_include_statement(IncludeFinder.java:20)
	at de.uka.ilkd.key.nparser.KeYParser$One_include_statementContext.accept(KeYParser.java:802)
	at org.antlr.v4.runtime.tree.AbstractParseTreeVisitor.visitChildren(AbstractParseTreeVisitor.java:46)
	at de.uka.ilkd.key.nparser.KeYParserBaseVisitor.visitDecls(KeYParserBaseVisitor.java:30)
	at de.uka.ilkd.key.nparser.KeYParser$DeclsContext.accept(KeYParser.java:500)
	at org.antlr.v4.runtime.tree.AbstractParseTreeVisitor.visitChildren(AbstractParseTreeVisitor.java:46)
	at de.uka.ilkd.key.nparser.KeYParserBaseVisitor.visitFile(KeYParserBaseVisitor.java:23)
	at de.uka.ilkd.key.nparser.KeYParser$FileContext.accept(KeYParser.java:306)
	at de.uka.ilkd.key.nparser.KeyAst.accept(KeyAst.java:41)
	at de.uka.ilkd.key.nparser.KeyAst$File.getIncludes(KeyAst.java:76)
	at de.uka.ilkd.key.proof.io.KeYFile.readIncludes(KeYFile.java:208)
	... 14 more
Could not find rule file rules/intRulesCheckedSemantics.key (file: /home/runner/work/key/key/key.core/../key.ui/examples/index/../InformationFlow/BlockContracts/contract.IFBlockExamples(contract.IFBlockExamples__insecure_3(int)).JML operation contract.0.key; caused by: de.uka.ilkd.key.proof.init.ProofInputException: Could not find rule file rules/intRulesCheckedSemantics.key)
	at de.uka.ilkd.key.control.AbstractUserInterfaceControl.load(AbstractUserInterfaceControl.java:221)
	at de.uka.ilkd.key.control.KeYEnvironment.load(KeYEnvironment.java:251)
	at de.uka.ilkd.key.control.KeYEnvironment.load(KeYEnvironment.java:224)
	at de.uka.ilkd.key.control.KeYEnvironment.load(KeYEnvironment.java:184)
	at de.uka.ilkd.key.control.KeYEnvironment.load(KeYEnvironment.java:261)
	at de.uka.ilkd.key.proof.runallproofs.proofcollection.TestFile.load(TestFile.java:270)
	at de.uka.ilkd.key.proof.runallproofs.proofcollection.TestFile.runKey(TestFile.java:160)
	at de.uka.ilkd.key.proof.runallproofs.proofcollection.ForkedTestFileRunner.main(ForkedTestFileRunner.java:171)
Caused by: de.uka.ilkd.key.proof.init.ProofInputException: Could not find rule file rules/intRulesCheckedSemantics.key
	at de.uka.ilkd.key.proof.io.KeYFile.readIncludes(KeYFile.java:210)
	at de.uka.ilkd.key.proof.init.ProblemInitializer.readIncludes(ProblemInitializer.java:177)
	at de.uka.ilkd.key.proof.init.ProblemInitializer.readEnvInput(ProblemInitializer.java:325)
	at de.uka.ilkd.key.proof.init.ProblemInitializer.prepare(ProblemInitializer.java:449)
	at de.uka.ilkd.key.proof.io.AbstractProblemLoader.createInitConfig(AbstractProblemLoader.java:518)
	at de.uka.ilkd.key.proof.io.AbstractProblemLoader.loadEnvironment(AbstractProblemLoader.java:288)
	at de.uka.ilkd.key.proof.io.AbstractProblemLoader.load(AbstractProblemLoader.java:252)
	at de.uka.ilkd.key.control.AbstractUserInterfaceControl.load(AbstractUserInterfaceControl.java:209)
	... 7 more
Caused by: java.lang.RuntimeException: Could not find rule file rules/intRulesCheckedSemantics.key
	at de.uka.ilkd.key.proof.io.RuleSourceFactory.fromBuiltInRule(RuleSourceFactory.java:32)
	at de.uka.ilkd.key.proof.io.RuleSourceFactory.fromDefaultLocation(RuleSourceFactory.java:21)
	at de.uka.ilkd.key.nparser.builder.IncludeFinder.addInclude(IncludeFinder.java:63)
	at de.uka.ilkd.key.nparser.builder.IncludeFinder.visitOne_include(IncludeFinder.java:43)
	at de.uka.ilkd.key.nparser.builder.IncludeFinder.visitOne_include(IncludeFinder.java:20)
	at de.uka.ilkd.key.nparser.KeYParser$One_includeContext.accept(KeYParser.java:878)
	at de.uka.ilkd.key.nparser.builder.AbstractBuilder.lambda$mapOf$0(AbstractBuilder.java:112)
	at java.base/java.util.stream.ReferencePipeline$3$1.accept(ReferencePipeline.java:195)
	at java.base/java.util.ArrayList$ArrayListSpliterator.forEachRemaining(ArrayList.java:1655)
	at java.base/java.util.stream.AbstractPipeline.copyInto(AbstractPipeline.java:484)
	at java.base/java.util.stream.AbstractPipeline.wrapAndCopyInto(AbstractPipeline.java:474)
	at java.base/java.util.stream.ReduceOps$ReduceOp.evaluateSequential(ReduceOps.java:913)
	at java.base/java.util.stream.AbstractPipeline.evaluate(AbstractPipeline.java:234)
	at java.base/java.util.stream.ReferencePipeline.collect(ReferencePipeline.java:578)
	at de.uka.ilkd.key.nparser.builder.AbstractBuilder.mapOf(AbstractBuilder.java:112)
	at de.uka.ilkd.key.nparser.builder.IncludeFinder.visitOne_include_statement(IncludeFinder.java:35)
	at de.uka.ilkd.key.nparser.builder.IncludeFinder.visitOne_include_statement(IncludeFinder.java:20)
	at de.uka.ilkd.key.nparser.KeYParser$One_include_statementContext.accept(KeYParser.java:802)
	at org.antlr.v4.runtime.tree.AbstractParseTreeVisitor.visitChildren(AbstractParseTreeVisitor.java:46)
	at de.uka.ilkd.key.nparser.KeYParserBaseVisitor.visitDecls(KeYParserBaseVisitor.java:30)
	at de.uka.ilkd.key.nparser.KeYParser$DeclsContext.accept(KeYParser.java:500)
	at org.antlr.v4.runtime.tree.AbstractParseTreeVisitor.visitChildren(AbstractParseTreeVisitor.java:46)
	at de.uka.ilkd.key.nparser.KeYParserBaseVisitor.visitFile(KeYParserBaseVisitor.java:23)
	at de.uka.ilkd.key.nparser.KeYParser$FileContext.accept(KeYParser.java:306)
	at de.uka.ilkd.key.nparser.KeyAst.accept(KeyAst.java:41)
	at de.uka.ilkd.key.nparser.KeyAst$File.getIncludes(KeyAst.java:76)
	at de.uka.ilkd.key.proof.io.KeYFile.readIncludes(KeYFile.java:208)
	... 14 more
Could not find rule file rules/intRulesCheckedSemantics.key (file: /home/runner/work/key/key/key.core/../key.ui/examples/index/../InformationFlow/BlockContracts/contract.IFBlockExamples(contract.IFBlockExamples__secure_3(int)).JML operation contract.0.key; caused by: de.uka.ilkd.key.proof.init.ProofInputException: Could not find rule file rules/intRulesCheckedSemantics.key)
	at de.uka.ilkd.key.control.AbstractUserInterfaceControl.load(AbstractUserInterfaceControl.java:221)
	at de.uka.ilkd.key.control.KeYEnvironment.load(KeYEnvironment.java:251)
	at de.uka.ilkd.key.control.KeYEnvironment.load(KeYEnvironment.java:224)
	at de.uka.ilkd.key.control.KeYEnvironment.load(KeYEnvironment.java:184)
	at de.uka.ilkd.key.control.KeYEnvironment.load(KeYEnvironment.java:261)
	at de.uka.ilkd.key.proof.runallproofs.proofcollection.TestFile.load(TestFile.java:270)
	at de.uka.ilkd.key.proof.runallproofs.proofcollection.TestFile.runKey(TestFile.java:160)
	at de.uka.ilkd.key.proof.runallproofs.proofcollection.ForkedTestFileRunner.main(ForkedTestFileRunner.java:171)
Caused by: de.uka.ilkd.key.proof.init.ProofInputException: Could not find rule file rules/intRulesCheckedSemantics.key
	at de.uka.ilkd.key.proof.io.KeYFile.readIncludes(KeYFile.java:210)
	at de.uka.ilkd.key.proof.init.ProblemInitializer.readIncludes(ProblemInitializer.java:177)
	at de.uka.ilkd.key.proof.init.ProblemInitializer.readEnvInput(ProblemInitializer.java:325)
	at de.uka.ilkd.key.proof.init.ProblemInitializer.prepare(ProblemInitializer.java:449)
	at de.uka.ilkd.key.proof.io.AbstractProblemLoader.createInitConfig(AbstractProblemLoader.java:518)
	at de.uka.ilkd.key.proof.io.AbstractProblemLoader.loadEnvironment(AbstractProblemLoader.java:288)
	at de.uka.ilkd.key.proof.io.AbstractProblemLoader.load(AbstractProblemLoader.java:252)
	at de.uka.ilkd.key.control.AbstractUserInterfaceControl.load(AbstractUserInterfaceControl.java:209)
	... 7 more
Caused by: java.lang.RuntimeException: Could not find rule file rules/intRulesCheckedSemantics.key
	at de.uka.ilkd.key.proof.io.RuleSourceFactory.fromBuiltInRule(RuleSourceFactory.java:32)
	at de.uka.ilkd.key.proof.io.RuleSourceFactory.fromDefaultLocation(RuleSourceFactory.java:21)
	at de.uka.ilkd.key.nparser.builder.IncludeFinder.addInclude(IncludeFinder.java:63)
	at de.uka.ilkd.key.nparser.builder.IncludeFinder.visitOne_include(IncludeFinder.java:43)
	at de.uka.ilkd.key.nparser.builder.IncludeFinder.visitOne_include(IncludeFinder.java:20)
	at de.uka.ilkd.key.nparser.KeYParser$One_includeContext.accept(KeYParser.java:878)
	at de.uka.ilkd.key.nparser.builder.AbstractBuilder.lambda$mapOf$0(AbstractBuilder.java:112)
	at java.base/java.util.stream.ReferencePipeline$3$1.accept(ReferencePipeline.java:195)
	at java.base/java.util.ArrayList$ArrayListSpliterator.forEachRemaining(ArrayList.java:1655)
	at java.base/java.util.stream.AbstractPipeline.copyInto(AbstractPipeline.java:484)
	at java.base/java.util.stream.AbstractPipeline.wrapAndCopyInto(AbstractPipeline.java:474)
	at java.base/java.util.stream.ReduceOps$ReduceOp.evaluateSequential(ReduceOps.java:913)
	at java.base/java.util.stream.AbstractPipeline.evaluate(AbstractPipeline.java:234)
	at java.base/java.util.stream.ReferencePipeline.collect(ReferencePipeline.java:578)
	at de.uka.ilkd.key.nparser.builder.AbstractBuilder.mapOf(AbstractBuilder.java:112)
	at de.uka.ilkd.key.nparser.builder.IncludeFinder.visitOne_include_statement(IncludeFinder.java:35)
	at de.uka.ilkd.key.nparser.builder.IncludeFinder.visitOne_include_statement(IncludeFinder.java:20)
	at de.uka.ilkd.key.nparser.KeYParser$One_include_statementContext.accept(KeYParser.java:802)
	at org.antlr.v4.runtime.tree.AbstractParseTreeVisitor.visitChildren(AbstractParseTreeVisitor.java:46)
	at de.uka.ilkd.key.nparser.KeYParserBaseVisitor.visitDecls(KeYParserBaseVisitor.java:30)
	at de.uka.ilkd.key.nparser.KeYParser$DeclsContext.accept(KeYParser.java:500)
	at org.antlr.v4.runtime.tree.AbstractParseTreeVisitor.visitChildren(AbstractParseTreeVisitor.java:46)
	at de.uka.ilkd.key.nparser.KeYParserBaseVisitor.visitFile(KeYParserBaseVisitor.java:23)
	at de.uka.ilkd.key.nparser.KeYParser$FileContext.accept(KeYParser.java:306)
	at de.uka.ilkd.key.nparser.KeyAst.accept(KeyAst.java:41)
	at de.uka.ilkd.key.nparser.KeyAst$File.getIncludes(KeyAst.java:76)
	at de.uka.ilkd.key.proof.io.KeYFile.readIncludes(KeYFile.java:208)
	... 14 more
Could not find rule file rules/intRulesCheckedSemantics.key (file: /home/runner/work/key/key/key.core/../key.ui/examples/index/../InformationFlow/BlockContracts/contract.IFBlockExamples(contract.IFBlockExamples__secure_2(int)).JML operation contract.0.key; caused by: de.uka.ilkd.key.proof.init.ProofInputException: Could not find rule file rules/intRulesCheckedSemantics.key)
	at de.uka.ilkd.key.control.AbstractUserInterfaceControl.load(AbstractUserInterfaceControl.java:221)
	at de.uka.ilkd.key.control.KeYEnvironment.load(KeYEnvironment.java:251)
	at de.uka.ilkd.key.control.KeYEnvironment.load(KeYEnvironment.java:224)
	at de.uka.ilkd.key.control.KeYEnvironment.load(KeYEnvironment.java:184)
	at de.uka.ilkd.key.control.KeYEnvironment.load(KeYEnvironment.java:261)
	at de.uka.ilkd.key.proof.runallproofs.proofcollection.TestFile.load(TestFile.java:270)
	at de.uka.ilkd.key.proof.runallproofs.proofcollection.TestFile.runKey(TestFile.java:160)
	at de.uka.ilkd.key.proof.runallproofs.proofcollection.ForkedTestFileRunner.main(ForkedTestFileRunner.java:171)
Caused by: de.uka.ilkd.key.proof.init.ProofInputException: Could not find rule file rules/intRulesCheckedSemantics.key
	at de.uka.ilkd.key.proof.io.KeYFile.readIncludes(KeYFile.java:210)
	at de.uka.ilkd.key.proof.init.ProblemInitializer.readIncludes(ProblemInitializer.java:177)
	at de.uka.ilkd.key.proof.init.ProblemInitializer.readEnvInput(ProblemInitializer.java:325)
	at de.uka.ilkd.key.proof.init.ProblemInitializer.prepare(ProblemInitializer.java:449)
	at de.uka.ilkd.key.proof.io.AbstractProblemLoader.createInitConfig(AbstractProblemLoader.java:518)
	at de.uka.ilkd.key.proof.io.AbstractProblemLoader.loadEnvironment(AbstractProblemLoader.java:288)
	at de.uka.ilkd.key.proof.io.AbstractProblemLoader.load(AbstractProblemLoader.java:252)
	at de.uka.ilkd.key.control.AbstractUserInterfaceControl.load(AbstractUserInterfaceControl.java:209)
	... 7 more
Caused by: java.lang.RuntimeException: Could not find rule file rules/intRulesCheckedSemantics.key
	at de.uka.ilkd.key.proof.io.RuleSourceFactory.fromBuiltInRule(RuleSourceFactory.java:32)
	at de.uka.ilkd.key.proof.io.RuleSourceFactory.fromDefaultLocation(RuleSourceFactory.java:21)
	at de.uka.ilkd.key.nparser.builder.IncludeFinder.addInclude(IncludeFinder.java:63)
	at de.uka.ilkd.key.nparser.builder.IncludeFinder.visitOne_include(IncludeFinder.java:43)
	at de.uka.ilkd.key.nparser.builder.IncludeFinder.visitOne_include(IncludeFinder.java:20)
	at de.uka.ilkd.key.nparser.KeYParser$One_includeContext.accept(KeYParser.java:878)
	at de.uka.ilkd.key.nparser.builder.AbstractBuilder.lambda$mapOf$0(AbstractBuilder.java:112)
	at java.base/java.util.stream.ReferencePipeline$3$1.accept(ReferencePipeline.java:195)
	at java.base/java.util.ArrayList$ArrayListSpliterator.forEachRemaining(ArrayList.java:1655)
	at java.base/java.util.stream.AbstractPipeline.copyInto(AbstractPipeline.java:484)
	at java.base/java.util.stream.AbstractPipeline.wrapAndCopyInto(AbstractPipeline.java:474)
	at java.base/java.util.stream.ReduceOps$ReduceOp.evaluateSequential(ReduceOps.java:913)
	at java.base/java.util.stream.AbstractPipeline.evaluate(AbstractPipeline.java:234)
	at java.base/java.util.stream.ReferencePipeline.collect(ReferencePipeline.java:578)
	at de.uka.ilkd.key.nparser.builder.AbstractBuilder.mapOf(AbstractBuilder.java:112)
	at de.uka.ilkd.key.nparser.builder.IncludeFinder.visitOne_include_statement(IncludeFinder.java:35)
	at de.uka.ilkd.key.nparser.builder.IncludeFinder.visitOne_include_statement(IncludeFinder.java:20)
	at de.uka.ilkd.key.nparser.KeYParser$One_include_statementContext.accept(KeYParser.java:802)
	at org.antlr.v4.runtime.tree.AbstractParseTreeVisitor.visitChildren(AbstractParseTreeVisitor.java:46)
	at de.uka.ilkd.key.nparser.KeYParserBaseVisitor.visitDecls(KeYParserBaseVisitor.java:30)
	at de.uka.ilkd.key.nparser.KeYParser$DeclsContext.accept(KeYParser.java:500)
	at org.antlr.v4.runtime.tree.AbstractParseTreeVisitor.visitChildren(AbstractParseTreeVisitor.java:46)
	at de.uka.ilkd.key.nparser.KeYParserBaseVisitor.visitFile(KeYParserBaseVisitor.java:23)
	at de.uka.ilkd.key.nparser.KeYParser$FileContext.accept(KeYParser.java:306)
	at de.uka.ilkd.key.nparser.KeyAst.accept(KeyAst.java:41)
	at de.uka.ilkd.key.nparser.KeyAst$File.getIncludes(KeyAst.java:76)
	at de.uka.ilkd.key.proof.io.KeYFile.readIncludes(KeYFile.java:208)
	... 14 more
Could not find rule file rules/intRulesCheckedSemantics.key (file: /home/runner/work/key/key/key.core/../key.ui/examples/index/../InformationFlow/BlockContracts/contract.IFBlockExamples(contract.IFBlockExamples__secure_8(int)).JML operation contract.0.key; caused by: de.uka.ilkd.key.proof.init.ProofInputException: Could not find rule file rules/intRulesCheckedSemantics.key)
	at de.uka.ilkd.key.control.AbstractUserInterfaceControl.load(AbstractUserInterfaceControl.java:221)
	at de.uka.ilkd.key.control.KeYEnvironment.load(KeYEnvironment.java:251)
	at de.uka.ilkd.key.control.KeYEnvironment.load(KeYEnvironment.java:224)
	at de.uka.ilkd.key.control.KeYEnvironment.load(KeYEnvironment.java:184)
	at de.uka.ilkd.key.control.KeYEnvironment.load(KeYEnvironment.java:261)
	at de.uka.ilkd.key.proof.runallproofs.proofcollection.TestFile.load(TestFile.java:270)
	at de.uka.ilkd.key.proof.runallproofs.proofcollection.TestFile.runKey(TestFile.java:160)
	at de.uka.ilkd.key.proof.runallproofs.proofcollection.ForkedTestFileRunner.main(ForkedTestFileRunner.java:171)
Caused by: de.uka.ilkd.key.proof.init.ProofInputException: Could not find rule file rules/intRulesCheckedSemantics.key
	at de.uka.ilkd.key.proof.io.KeYFile.readIncludes(KeYFile.java:210)
	at de.uka.ilkd.key.proof.init.ProblemInitializer.readIncludes(ProblemInitializer.java:177)
	at de.uka.ilkd.key.proof.init.ProblemInitializer.readEnvInput(ProblemInitializer.java:325)
	at de.uka.ilkd.key.proof.init.ProblemInitializer.prepare(ProblemInitializer.java:449)
	at de.uka.ilkd.key.proof.io.AbstractProblemLoader.createInitConfig(AbstractProblemLoader.java:518)
	at de.uka.ilkd.key.proof.io.AbstractProblemLoader.loadEnvironment(AbstractProblemLoader.java:288)
	at de.uka.ilkd.key.proof.io.AbstractProblemLoader.load(AbstractProblemLoader.java:252)
	at de.uka.ilkd.key.control.AbstractUserInterfaceControl.load(AbstractUserInterfaceControl.java:209)
	... 7 more
Caused by: java.lang.RuntimeException: Could not find rule file rules/intRulesCheckedSemantics.key
	at de.uka.ilkd.key.proof.io.RuleSourceFactory.fromBuiltInRule(RuleSourceFactory.java:32)
	at de.uka.ilkd.key.proof.io.RuleSourceFactory.fromDefaultLocation(RuleSourceFactory.java:21)
	at de.uka.ilkd.key.nparser.builder.IncludeFinder.addInclude(IncludeFinder.java:63)
	at de.uka.ilkd.key.nparser.builder.IncludeFinder.visitOne_include(IncludeFinder.java:43)
	at de.uka.ilkd.key.nparser.builder.IncludeFinder.visitOne_include(IncludeFinder.java:20)
	at de.uka.ilkd.key.nparser.KeYParser$One_includeContext.accept(KeYParser.java:878)
	at de.uka.ilkd.key.nparser.builder.AbstractBuilder.lambda$mapOf$0(AbstractBuilder.java:112)
	at java.base/java.util.stream.ReferencePipeline$3$1.accept(ReferencePipeline.java:195)
	at java.base/java.util.ArrayList$ArrayListSpliterator.forEachRemaining(ArrayList.java:1655)
	at java.base/java.util.stream.AbstractPipeline.copyInto(AbstractPipeline.java:484)
	at java.base/java.util.stream.AbstractPipeline.wrapAndCopyInto(AbstractPipeline.java:474)
	at java.base/java.util.stream.ReduceOps$ReduceOp.evaluateSequential(ReduceOps.java:913)
	at java.base/java.util.stream.AbstractPipeline.evaluate(AbstractPipeline.java:234)
	at java.base/java.util.stream.ReferencePipeline.collect(ReferencePipeline.java:578)
	at de.uka.ilkd.key.nparser.builder.AbstractBuilder.mapOf(AbstractBuilder.java:112)
	at de.uka.ilkd.key.nparser.builder.IncludeFinder.visitOne_include_statement(IncludeFinder.java:35)
	at de.uka.ilkd.key.nparser.builder.IncludeFinder.visitOne_include_statement(IncludeFinder.java:20)
	at de.uka.ilkd.key.nparser.KeYParser$One_include_statementContext.accept(KeYParser.java:802)
	at org.antlr.v4.runtime.tree.AbstractParseTreeVisitor.visitChildren(AbstractParseTreeVisitor.java:46)
	at de.uka.ilkd.key.nparser.KeYParserBaseVisitor.visitDecls(KeYParserBaseVisitor.java:30)
	at de.uka.ilkd.key.nparser.KeYParser$DeclsContext.accept(KeYParser.java:500)
	at org.antlr.v4.runtime.tree.AbstractParseTreeVisitor.visitChildren(AbstractParseTreeVisitor.java:46)
	at de.uka.ilkd.key.nparser.KeYParserBaseVisitor.visitFile(KeYParserBaseVisitor.java:23)
	at de.uka.ilkd.key.nparser.KeYParser$FileContext.accept(KeYParser.java:306)
	at de.uka.ilkd.key.nparser.KeyAst.accept(KeyAst.java:41)
	at de.uka.ilkd.key.nparser.KeyAst$File.getIncludes(KeyAst.java:76)
	at de.uka.ilkd.key.proof.io.KeYFile.readIncludes(KeYFile.java:208)
	... 14 more
Could not find rule file rules/intRulesCheckedSemantics.key (file: /home/runner/work/key/key/key.core/../key.ui/examples/index/../InformationFlow/BlockContracts/contract.IFBlockExamples(contract.IFBlockExamples__secure_7(int)).JML operation contract.0.key; caused by: de.uka.ilkd.key.proof.init.ProofInputException: Could not find rule file rules/intRulesCheckedSemantics.key)
	at de.uka.ilkd.key.control.AbstractUserInterfaceControl.load(AbstractUserInterfaceControl.java:221)
	at de.uka.ilkd.key.control.KeYEnvironment.load(KeYEnvironment.java:251)
	at de.uka.ilkd.key.control.KeYEnvironment.load(KeYEnvironment.java:224)
	at de.uka.ilkd.key.control.KeYEnvironment.load(KeYEnvironment.java:184)
	at de.uka.ilkd.key.control.KeYEnvironment.load(KeYEnvironment.java:261)
	at de.uka.ilkd.key.proof.runallproofs.proofcollection.TestFile.load(TestFile.java:270)
	at de.uka.ilkd.key.proof.runallproofs.proofcollection.TestFile.runKey(TestFile.java:160)
	at de.uka.ilkd.key.proof.runallproofs.proofcollection.ForkedTestFileRunner.main(ForkedTestFileRunner.java:171)
Caused by: de.uka.ilkd.key.proof.init.ProofInputException: Could not find rule file rules/intRulesCheckedSemantics.key
	at de.uka.ilkd.key.proof.io.KeYFile.readIncludes(KeYFile.java:210)
	at de.uka.ilkd.key.proof.init.ProblemInitializer.readIncludes(ProblemInitializer.java:177)
	at de.uka.ilkd.key.proof.init.ProblemInitializer.readEnvInput(ProblemInitializer.java:325)
	at de.uka.ilkd.key.proof.init.ProblemInitializer.prepare(ProblemInitializer.java:449)
	at de.uka.ilkd.key.proof.io.AbstractProblemLoader.createInitConfig(AbstractProblemLoader.java:518)
	at de.uka.ilkd.key.proof.io.AbstractProblemLoader.loadEnvironment(AbstractProblemLoader.java:288)
	at de.uka.ilkd.key.proof.io.AbstractProblemLoader.load(AbstractProblemLoader.java:252)
	at de.uka.ilkd.key.control.AbstractUserInterfaceControl.load(AbstractUserInterfaceControl.java:209)
	... 7 more
Caused by: java.lang.RuntimeException: Could not find rule file rules/intRulesCheckedSemantics.key
	at de.uka.ilkd.key.proof.io.RuleSourceFactory.fromBuiltInRule(RuleSourceFactory.java:32)
	at de.uka.ilkd.key.proof.io.RuleSourceFactory.fromDefaultLocation(RuleSourceFactory.java:21)
	at de.uka.ilkd.key.nparser.builder.IncludeFinder.addInclude(IncludeFinder.java:63)
	at de.uka.ilkd.key.nparser.builder.IncludeFinder.visitOne_include(IncludeFinder.java:43)
	at de.uka.ilkd.key.nparser.builder.IncludeFinder.visitOne_include(IncludeFinder.java:20)
	at de.uka.ilkd.key.nparser.KeYParser$One_includeContext.accept(KeYParser.java:878)
	at de.uka.ilkd.key.nparser.builder.AbstractBuilder.lambda$mapOf$0(AbstractBuilder.java:112)
	at java.base/java.util.stream.ReferencePipeline$3$1.accept(ReferencePipeline.java:195)
	at java.base/java.util.ArrayList$ArrayListSpliterator.forEachRemaining(ArrayList.java:1655)
	at java.base/java.util.stream.AbstractPipeline.copyInto(AbstractPipeline.java:484)
	at java.base/java.util.stream.AbstractPipeline.wrapAndCopyInto(AbstractPipeline.java:474)
	at java.base/java.util.stream.ReduceOps$ReduceOp.evaluateSequential(ReduceOps.java:913)
	at java.base/java.util.stream.AbstractPipeline.evaluate(AbstractPipeline.java:234)
	at java.base/java.util.stream.ReferencePipeline.collect(ReferencePipeline.java:578)
	at de.uka.ilkd.key.nparser.builder.AbstractBuilder.mapOf(AbstractBuilder.java:112)
	at de.uka.ilkd.key.nparser.builder.IncludeFinder.visitOne_include_statement(IncludeFinder.java:35)
	at de.uka.ilkd.key.nparser.builder.IncludeFinder.visitOne_include_statement(IncludeFinder.java:20)
	at de.uka.ilkd.key.nparser.KeYParser$One_include_statementContext.accept(KeYParser.java:802)
	at org.antlr.v4.runtime.tree.AbstractParseTreeVisitor.visitChildren(AbstractParseTreeVisitor.java:46)
	at de.uka.ilkd.key.nparser.KeYParserBaseVisitor.visitDecls(KeYParserBaseVisitor.java:30)
	at de.uka.ilkd.key.nparser.KeYParser$DeclsContext.accept(KeYParser.java:500)
	at org.antlr.v4.runtime.tree.AbstractParseTreeVisitor.visitChildren(AbstractParseTreeVisitor.java:46)
	at de.uka.ilkd.key.nparser.KeYParserBaseVisitor.visitFile(KeYParserBaseVisitor.java:23)
	at de.uka.ilkd.key.nparser.KeYParser$FileContext.accept(KeYParser.java:306)
	at de.uka.ilkd.key.nparser.KeyAst.accept(KeyAst.java:41)
	at de.uka.ilkd.key.nparser.KeyAst$File.getIncludes(KeyAst.java:76)
	at de.uka.ilkd.key.proof.io.KeYFile.readIncludes(KeYFile.java:208)
	... 14 more
Could not find rule file rules/intRulesCheckedSemantics.key (file: /home/runner/work/key/key/key.core/../key.ui/examples/index/../InformationFlow/BlockContracts/contract.IFBlockExamples(contract.IFBlockExamples__secure_6(int)).JML operation contract.0.key; caused by: de.uka.ilkd.key.proof.init.ProofInputException: Could not find rule file rules/intRulesCheckedSemantics.key)
	at de.uka.ilkd.key.control.AbstractUserInterfaceControl.load(AbstractUserInterfaceControl.java:221)
	at de.uka.ilkd.key.control.KeYEnvironment.load(KeYEnvironment.java:251)
	at de.uka.ilkd.key.control.KeYEnvironment.load(KeYEnvironment.java:224)
	at de.uka.ilkd.key.control.KeYEnvironment.load(KeYEnvironment.java:184)
	at de.uka.ilkd.key.control.KeYEnvironment.load(KeYEnvironment.java:261)
	at de.uka.ilkd.key.proof.runallproofs.proofcollection.TestFile.load(TestFile.java:270)
	at de.uka.ilkd.key.proof.runallproofs.proofcollection.TestFile.runKey(TestFile.java:160)
	at de.uka.ilkd.key.proof.runallproofs.proofcollection.ForkedTestFileRunner.main(ForkedTestFileRunner.java:171)
Caused by: de.uka.ilkd.key.proof.init.ProofInputException: Could not find rule file rules/intRulesCheckedSemantics.key
	at de.uka.ilkd.key.proof.io.KeYFile.readIncludes(KeYFile.java:210)
	at de.uka.ilkd.key.proof.init.ProblemInitializer.readIncludes(ProblemInitializer.java:177)
	at de.uka.ilkd.key.proof.init.ProblemInitializer.readEnvInput(ProblemInitializer.java:325)
	at de.uka.ilkd.key.proof.init.ProblemInitializer.prepare(ProblemInitializer.java:449)
	at de.uka.ilkd.key.proof.io.AbstractProblemLoader.createInitConfig(AbstractProblemLoader.java:518)
	at de.uka.ilkd.key.proof.io.AbstractProblemLoader.loadEnvironment(AbstractProblemLoader.java:288)
	at de.uka.ilkd.key.proof.io.AbstractProblemLoader.load(AbstractProblemLoader.java:252)
	at de.uka.ilkd.key.control.AbstractUserInterfaceControl.load(AbstractUserInterfaceControl.java:209)
	... 7 more
Caused by: java.lang.RuntimeException: Could not find rule file rules/intRulesCheckedSemantics.key
	at de.uka.ilkd.key.proof.io.RuleSourceFactory.fromBuiltInRule(RuleSourceFactory.java:32)
	at de.uka.ilkd.key.proof.io.RuleSourceFactory.fromDefaultLocation(RuleSourceFactory.java:21)
	at de.uka.ilkd.key.nparser.builder.IncludeFinder.addInclude(IncludeFinder.java:63)
	at de.uka.ilkd.key.nparser.builder.IncludeFinder.visitOne_include(IncludeFinder.java:43)
	at de.uka.ilkd.key.nparser.builder.IncludeFinder.visitOne_include(IncludeFinder.java:20)
	at de.uka.ilkd.key.nparser.KeYParser$One_includeContext.accept(KeYParser.java:878)
	at de.uka.ilkd.key.nparser.builder.AbstractBuilder.lambda$mapOf$0(AbstractBuilder.java:112)
	at java.base/java.util.stream.ReferencePipeline$3$1.accept(ReferencePipeline.java:195)
	at java.base/java.util.ArrayList$ArrayListSpliterator.forEachRemaining(ArrayList.java:1655)
	at java.base/java.util.stream.AbstractPipeline.copyInto(AbstractPipeline.java:484)
	at java.base/java.util.stream.AbstractPipeline.wrapAndCopyInto(AbstractPipeline.java:474)
	at java.base/java.util.stream.ReduceOps$ReduceOp.evaluateSequential(ReduceOps.java:913)
	at java.base/java.util.stream.AbstractPipeline.evaluate(AbstractPipeline.java:234)
	at java.base/java.util.stream.ReferencePipeline.collect(ReferencePipeline.java:578)
	at de.uka.ilkd.key.nparser.builder.AbstractBuilder.mapOf(AbstractBuilder.java:112)
	at de.uka.ilkd.key.nparser.builder.IncludeFinder.visitOne_include_statement(IncludeFinder.java:35)
	at de.uka.ilkd.key.nparser.builder.IncludeFinder.visitOne_include_statement(IncludeFinder.java:20)
	at de.uka.ilkd.key.nparser.KeYParser$One_include_statementContext.accept(KeYParser.java:802)
	at org.antlr.v4.runtime.tree.AbstractParseTreeVisitor.visitChildren(AbstractParseTreeVisitor.java:46)
	at de.uka.ilkd.key.nparser.KeYParserBaseVisitor.visitDecls(KeYParserBaseVisitor.java:30)
	at de.uka.ilkd.key.nparser.KeYParser$DeclsContext.accept(KeYParser.java:500)
	at org.antlr.v4.runtime.tree.AbstractParseTreeVisitor.visitChildren(AbstractParseTreeVisitor.java:46)
	at de.uka.ilkd.key.nparser.KeYParserBaseVisitor.visitFile(KeYParserBaseVisitor.java:23)
	at de.uka.ilkd.key.nparser.KeYParser$FileContext.accept(KeYParser.java:306)
	at de.uka.ilkd.key.nparser.KeyAst.accept(KeyAst.java:41)
	at de.uka.ilkd.key.nparser.KeyAst$File.getIncludes(KeyAst.java:76)
	at de.uka.ilkd.key.proof.io.KeYFile.readIncludes(KeYFile.java:208)
	... 14 more
Could not find rule file rules/intRulesCheckedSemantics.key (file: /home/runner/work/key/key/key.core/../key.ui/examples/index/../InformationFlow/BlockContracts/contract.IFBlockExamples(contract.IFBlockExamples__insecure_1(int)).JML operation contract.0.key; caused by: de.uka.ilkd.key.proof.init.ProofInputException: Could not find rule file rules/intRulesCheckedSemantics.key)
	at de.uka.ilkd.key.control.AbstractUserInterfaceControl.load(AbstractUserInterfaceControl.java:221)
	at de.uka.ilkd.key.control.KeYEnvironment.load(KeYEnvironment.java:251)
	at de.uka.ilkd.key.control.KeYEnvironment.load(KeYEnvironment.java:224)
	at de.uka.ilkd.key.control.KeYEnvironment.load(KeYEnvironment.java:184)
	at de.uka.ilkd.key.control.KeYEnvironment.load(KeYEnvironment.java:261)
	at de.uka.ilkd.key.proof.runallproofs.proofcollection.TestFile.load(TestFile.java:270)
	at de.uka.ilkd.key.proof.runallproofs.proofcollection.TestFile.runKey(TestFile.java:160)
	at de.uka.ilkd.key.proof.runallproofs.proofcollection.ForkedTestFileRunner.main(ForkedTestFileRunner.java:171)
Caused by: de.uka.ilkd.key.proof.init.ProofInputException: Could not find rule file rules/intRulesCheckedSemantics.key
	at de.uka.ilkd.key.proof.io.KeYFile.readIncludes(KeYFile.java:210)
	at de.uka.ilkd.key.proof.init.ProblemInitializer.readIncludes(ProblemInitializer.java:177)
	at de.uka.ilkd.key.proof.init.ProblemInitializer.readEnvInput(ProblemInitializer.java:325)
	at de.uka.ilkd.key.proof.init.ProblemInitializer.prepare(ProblemInitializer.java:449)
	at de.uka.ilkd.key.proof.io.AbstractProblemLoader.createInitConfig(AbstractProblemLoader.java:518)
	at de.uka.ilkd.key.proof.io.AbstractProblemLoader.loadEnvironment(AbstractProblemLoader.java:288)
	at de.uka.ilkd.key.proof.io.AbstractProblemLoader.load(AbstractProblemLoader.java:252)
	at de.uka.ilkd.key.control.AbstractUserInterfaceControl.load(AbstractUserInterfaceControl.java:209)
	... 7 more
Caused by: java.lang.RuntimeException: Could not find rule file rules/intRulesCheckedSemantics.key
	at de.uka.ilkd.key.proof.io.RuleSourceFactory.fromBuiltInRule(RuleSourceFactory.java:32)
	at de.uka.ilkd.key.proof.io.RuleSourceFactory.fromDefaultLocation(RuleSourceFactory.java:21)
	at de.uka.ilkd.key.nparser.builder.IncludeFinder.addInclude(IncludeFinder.java:63)
	at de.uka.ilkd.key.nparser.builder.IncludeFinder.visitOne_include(IncludeFinder.java:43)
	at de.uka.ilkd.key.nparser.builder.IncludeFinder.visitOne_include(IncludeFinder.java:20)
	at de.uka.ilkd.key.nparser.KeYParser$One_includeContext.accept(KeYParser.java:878)
	at de.uka.ilkd.key.nparser.builder.AbstractBuilder.lambda$mapOf$0(AbstractBuilder.java:112)
	at java.base/java.util.stream.ReferencePipeline$3$1.accept(ReferencePipeline.java:195)
	at java.base/java.util.ArrayList$ArrayListSpliterator.forEachRemaining(ArrayList.java:1655)
	at java.base/java.util.stream.AbstractPipeline.copyInto(AbstractPipeline.java:484)
	at java.base/java.util.stream.AbstractPipeline.wrapAndCopyInto(AbstractPipeline.java:474)
	at java.base/java.util.stream.ReduceOps$ReduceOp.evaluateSequential(ReduceOps.java:913)
	at java.base/java.util.stream.AbstractPipeline.evaluate(AbstractPipeline.java:234)
	at java.base/java.util.stream.ReferencePipeline.collect(ReferencePipeline.java:578)
	at de.uka.ilkd.key.nparser.builder.AbstractBuilder.mapOf(AbstractBuilder.java:112)
	at de.uka.ilkd.key.nparser.builder.IncludeFinder.visitOne_include_statement(IncludeFinder.java:35)
	at de.uka.ilkd.key.nparser.builder.IncludeFinder.visitOne_include_statement(IncludeFinder.java:20)
	at de.uka.ilkd.key.nparser.KeYParser$One_include_statementContext.accept(KeYParser.java:802)
	at org.antlr.v4.runtime.tree.AbstractParseTreeVisitor.visitChildren(AbstractParseTreeVisitor.java:46)
	at de.uka.ilkd.key.nparser.KeYParserBaseVisitor.visitDecls(KeYParserBaseVisitor.java:30)
	at de.uka.ilkd.key.nparser.KeYParser$DeclsContext.accept(KeYParser.java:500)
	at org.antlr.v4.runtime.tree.AbstractParseTreeVisitor.visitChildren(AbstractParseTreeVisitor.java:46)
	at de.uka.ilkd.key.nparser.KeYParserBaseVisitor.visitFile(KeYParserBaseVisitor.java:23)
	at de.uka.ilkd.key.nparser.KeYParser$FileContext.accept(KeYParser.java:306)
	at de.uka.ilkd.key.nparser.KeyAst.accept(KeyAst.java:41)
	at de.uka.ilkd.key.nparser.KeyAst$File.getIncludes(KeyAst.java:76)
	at de.uka.ilkd.key.proof.io.KeYFile.readIncludes(KeYFile.java:208)
	... 14 more
Could not find rule file rules/intRulesCheckedSemantics.key (file: /home/runner/work/key/key/key.core/../key.ui/examples/index/../InformationFlow/BlockContracts/contract.IFBlockExamples(contract.IFBlockExamples__secure_4(int)).JML operation contract.0.key; caused by: de.uka.ilkd.key.proof.init.ProofInputException: Could not find rule file rules/intRulesCheckedSemantics.key)
	at de.uka.ilkd.key.control.AbstractUserInterfaceControl.load(AbstractUserInterfaceControl.java:221)
	at de.uka.ilkd.key.control.KeYEnvironment.load(KeYEnvironment.java:251)
	at de.uka.ilkd.key.control.KeYEnvironment.load(KeYEnvironment.java:224)
	at de.uka.ilkd.key.control.KeYEnvironment.load(KeYEnvironment.java:184)
	at de.uka.ilkd.key.control.KeYEnvironment.load(KeYEnvironment.java:261)
	at de.uka.ilkd.key.proof.runallproofs.proofcollection.TestFile.load(TestFile.java:270)
	at de.uka.ilkd.key.proof.runallproofs.proofcollection.TestFile.runKey(TestFile.java:160)
	at de.uka.ilkd.key.proof.runallproofs.proofcollection.ForkedTestFileRunner.main(ForkedTestFileRunner.java:171)
Caused by: de.uka.ilkd.key.proof.init.ProofInputException: Could not find rule file rules/intRulesCheckedSemantics.key
	at de.uka.ilkd.key.proof.io.KeYFile.readIncludes(KeYFile.java:210)
	at de.uka.ilkd.key.proof.init.ProblemInitializer.readIncludes(ProblemInitializer.java:177)
	at de.uka.ilkd.key.proof.init.ProblemInitializer.readEnvInput(ProblemInitializer.java:325)
	at de.uka.ilkd.key.proof.init.ProblemInitializer.prepare(ProblemInitializer.java:449)
	at de.uka.ilkd.key.proof.io.AbstractProblemLoader.createInitConfig(AbstractProblemLoader.java:518)
	at de.uka.ilkd.key.proof.io.AbstractProblemLoader.loadEnvironment(AbstractProblemLoader.java:288)
	at de.uka.ilkd.key.proof.io.AbstractProblemLoader.load(AbstractProblemLoader.java:252)
	at de.uka.ilkd.key.control.AbstractUserInterfaceControl.load(AbstractUserInterfaceControl.java:209)
	... 7 more
Caused by: java.lang.RuntimeException: Could not find rule file rules/intRulesCheckedSemantics.key
	at de.uka.ilkd.key.proof.io.RuleSourceFactory.fromBuiltInRule(RuleSourceFactory.java:32)
	at de.uka.ilkd.key.proof.io.RuleSourceFactory.fromDefaultLocation(RuleSourceFactory.java:21)
	at de.uka.ilkd.key.nparser.builder.IncludeFinder.addInclude(IncludeFinder.java:63)
	at de.uka.ilkd.key.nparser.builder.IncludeFinder.visitOne_include(IncludeFinder.java:43)
	at de.uka.ilkd.key.nparser.builder.IncludeFinder.visitOne_include(IncludeFinder.java:20)
	at de.uka.ilkd.key.nparser.KeYParser$One_includeContext.accept(KeYParser.java:878)
	at de.uka.ilkd.key.nparser.builder.AbstractBuilder.lambda$mapOf$0(AbstractBuilder.java:112)
	at java.base/java.util.stream.ReferencePipeline$3$1.accept(ReferencePipeline.java:195)
	at java.base/java.util.ArrayList$ArrayListSpliterator.forEachRemaining(ArrayList.java:1655)
	at java.base/java.util.stream.AbstractPipeline.copyInto(AbstractPipeline.java:484)
	at java.base/java.util.stream.AbstractPipeline.wrapAndCopyInto(AbstractPipeline.java:474)
	at java.base/java.util.stream.ReduceOps$ReduceOp.evaluateSequential(ReduceOps.java:913)
	at java.base/java.util.stream.AbstractPipeline.evaluate(AbstractPipeline.java:234)
	at java.base/java.util.stream.ReferencePipeline.collect(ReferencePipeline.java:578)
	at de.uka.ilkd.key.nparser.builder.AbstractBuilder.mapOf(AbstractBuilder.java:112)
	at de.uka.ilkd.key.nparser.builder.IncludeFinder.visitOne_include_statement(IncludeFinder.java:35)
	at de.uka.ilkd.key.nparser.builder.IncludeFinder.visitOne_include_statement(IncludeFinder.java:20)
	at de.uka.ilkd.key.nparser.KeYParser$One_include_statementContext.accept(KeYParser.java:802)
	at org.antlr.v4.runtime.tree.AbstractParseTreeVisitor.visitChildren(AbstractParseTreeVisitor.java:46)
	at de.uka.ilkd.key.nparser.KeYParserBaseVisitor.visitDecls(KeYParserBaseVisitor.java:30)
	at de.uka.ilkd.key.nparser.KeYParser$DeclsContext.accept(KeYParser.java:500)
	at org.antlr.v4.runtime.tree.AbstractParseTreeVisitor.visitChildren(AbstractParseTreeVisitor.java:46)
	at de.uka.ilkd.key.nparser.KeYParserBaseVisitor.visitFile(KeYParserBaseVisitor.java:23)
	at de.uka.ilkd.key.nparser.KeYParser$FileContext.accept(KeYParser.java:306)
	at de.uka.ilkd.key.nparser.KeyAst.accept(KeyAst.java:41)
	at de.uka.ilkd.key.nparser.KeyAst$File.getIncludes(KeyAst.java:76)
	at de.uka.ilkd.key.proof.io.KeYFile.readIncludes(KeYFile.java:208)
	... 14 more
Could not find rule file rules/intRulesCheckedSemantics.key (file: /home/runner/work/key/key/key.core/../key.ui/examples/index/../InformationFlow/BlockContracts/contract.IFBlockExamples(contract.IFBlockExamples__secure_1(int)).JML operation contract.0.key; caused by: de.uka.ilkd.key.proof.init.ProofInputException: Could not find rule file rules/intRulesCheckedSemantics.key)
	at de.uka.ilkd.key.control.AbstractUserInterfaceControl.load(AbstractUserInterfaceControl.java:221)
	at de.uka.ilkd.key.control.KeYEnvironment.load(KeYEnvironment.java:251)
	at de.uka.ilkd.key.control.KeYEnvironment.load(KeYEnvironment.java:224)
	at de.uka.ilkd.key.control.KeYEnvironment.load(KeYEnvironment.java:184)
	at de.uka.ilkd.key.control.KeYEnvironment.load(KeYEnvironment.java:261)
	at de.uka.ilkd.key.proof.runallproofs.proofcollection.TestFile.load(TestFile.java:270)
	at de.uka.ilkd.key.proof.runallproofs.proofcollection.TestFile.runKey(TestFile.java:160)
	at de.uka.ilkd.key.proof.runallproofs.proofcollection.ForkedTestFileRunner.main(ForkedTestFileRunner.java:171)
Caused by: de.uka.ilkd.key.proof.init.ProofInputException: Could not find rule file rules/intRulesCheckedSemantics.key
	at de.uka.ilkd.key.proof.io.KeYFile.readIncludes(KeYFile.java:210)
	at de.uka.ilkd.key.proof.init.ProblemInitializer.readIncludes(ProblemInitializer.java:177)
	at de.uka.ilkd.key.proof.init.ProblemInitializer.readEnvInput(ProblemInitializer.java:325)
	at de.uka.ilkd.key.proof.init.ProblemInitializer.prepare(ProblemInitializer.java:449)
	at de.uka.ilkd.key.proof.io.AbstractProblemLoader.createInitConfig(AbstractProblemLoader.java:518)
	at de.uka.ilkd.key.proof.io.AbstractProblemLoader.loadEnvironment(AbstractProblemLoader.java:288)
	at de.uka.ilkd.key.proof.io.AbstractProblemLoader.load(AbstractProblemLoader.java:252)
	at de.uka.ilkd.key.control.AbstractUserInterfaceControl.load(AbstractUserInterfaceControl.java:209)
	... 7 more
Caused by: java.lang.RuntimeException: Could not find rule file rules/intRulesCheckedSemantics.key
	at de.uka.ilkd.key.proof.io.RuleSourceFactory.fromBuiltInRule(RuleSourceFactory.java:32)
	at de.uka.ilkd.key.proof.io.RuleSourceFactory.fromDefaultLocation(RuleSourceFactory.java:21)
	at de.uka.ilkd.key.nparser.builder.IncludeFinder.addInclude(IncludeFinder.java:63)
	at de.uka.ilkd.key.nparser.builder.IncludeFinder.visitOne_include(IncludeFinder.java:43)
	at de.uka.ilkd.key.nparser.builder.IncludeFinder.visitOne_include(IncludeFinder.java:20)
	at de.uka.ilkd.key.nparser.KeYParser$One_includeContext.accept(KeYParser.java:878)
	at de.uka.ilkd.key.nparser.builder.AbstractBuilder.lambda$mapOf$0(AbstractBuilder.java:112)
	at java.base/java.util.stream.ReferencePipeline$3$1.accept(ReferencePipeline.java:195)
	at java.base/java.util.ArrayList$ArrayListSpliterator.forEachRemaining(ArrayList.java:1655)
	at java.base/java.util.stream.AbstractPipeline.copyInto(AbstractPipeline.java:484)
	at java.base/java.util.stream.AbstractPipeline.wrapAndCopyInto(AbstractPipeline.java:474)
	at java.base/java.util.stream.ReduceOps$ReduceOp.evaluateSequential(ReduceOps.java:913)
	at java.base/java.util.stream.AbstractPipeline.evaluate(AbstractPipeline.java:234)
	at java.base/java.util.stream.ReferencePipeline.collect(ReferencePipeline.java:578)
	at de.uka.ilkd.key.nparser.builder.AbstractBuilder.mapOf(AbstractBuilder.java:112)
	at de.uka.ilkd.key.nparser.builder.IncludeFinder.visitOne_include_statement(IncludeFinder.java:35)
	at de.uka.ilkd.key.nparser.builder.IncludeFinder.visitOne_include_statement(IncludeFinder.java:20)
	at de.uka.ilkd.key.nparser.KeYParser$One_include_statementContext.accept(KeYParser.java:802)
	at org.antlr.v4.runtime.tree.AbstractParseTreeVisitor.visitChildren(AbstractParseTreeVisitor.java:46)
	at de.uka.ilkd.key.nparser.KeYParserBaseVisitor.visitDecls(KeYParserBaseVisitor.java:30)
	at de.uka.ilkd.key.nparser.KeYParser$DeclsContext.accept(KeYParser.java:500)
	at org.antlr.v4.runtime.tree.AbstractParseTreeVisitor.visitChildren(AbstractParseTreeVisitor.java:46)
	at de.uka.ilkd.key.nparser.KeYParserBaseVisitor.visitFile(KeYParserBaseVisitor.java:23)
	at de.uka.ilkd.key.nparser.KeYParser$FileContext.accept(KeYParser.java:306)
	at de.uka.ilkd.key.nparser.KeyAst.accept(KeyAst.java:41)
	at de.uka.ilkd.key.nparser.KeyAst$File.getIncludes(KeyAst.java:76)
	at de.uka.ilkd.key.proof.io.KeYFile.readIncludes(KeYFile.java:208)
	... 14 more
Could not find rule file rules/intRulesCheckedSemantics.key (file: /home/runner/work/key/key/key.core/../key.ui/examples/index/../InformationFlow/BlockContracts/contract.IFEfficiencyExamples(contract.IFEfficiencyExamples__mWithoutBlockContract()).JML operation contract.0.key; caused by: de.uka.ilkd.key.proof.init.ProofInputException: Could not find rule file rules/intRulesCheckedSemantics.key)
	at de.uka.ilkd.key.control.AbstractUserInterfaceControl.load(AbstractUserInterfaceControl.java:221)
	at de.uka.ilkd.key.control.KeYEnvironment.load(KeYEnvironment.java:251)
	at de.uka.ilkd.key.control.KeYEnvironment.load(KeYEnvironment.java:224)
	at de.uka.ilkd.key.control.KeYEnvironment.load(KeYEnvironment.java:184)
	at de.uka.ilkd.key.control.KeYEnvironment.load(KeYEnvironment.java:261)
	at de.uka.ilkd.key.proof.runallproofs.proofcollection.TestFile.load(TestFile.java:270)
	at de.uka.ilkd.key.proof.runallproofs.proofcollection.TestFile.runKey(TestFile.java:160)
	at de.uka.ilkd.key.proof.runallproofs.proofcollection.ForkedTestFileRunner.main(ForkedTestFileRunner.java:171)
Caused by: de.uka.ilkd.key.proof.init.ProofInputException: Could not find rule file rules/intRulesCheckedSemantics.key
	at de.uka.ilkd.key.proof.io.KeYFile.readIncludes(KeYFile.java:210)
	at de.uka.ilkd.key.proof.init.ProblemInitializer.readIncludes(ProblemInitializer.java:177)
	at de.uka.ilkd.key.proof.init.ProblemInitializer.readEnvInput(ProblemInitializer.java:325)
	at de.uka.ilkd.key.proof.init.ProblemInitializer.prepare(ProblemInitializer.java:449)
	at de.uka.ilkd.key.proof.io.AbstractProblemLoader.createInitConfig(AbstractProblemLoader.java:518)
	at de.uka.ilkd.key.proof.io.AbstractProblemLoader.loadEnvironment(AbstractProblemLoader.java:288)
	at de.uka.ilkd.key.proof.io.AbstractProblemLoader.load(AbstractProblemLoader.java:252)
	at de.uka.ilkd.key.control.AbstractUserInterfaceControl.load(AbstractUserInterfaceControl.java:209)
	... 7 more
Caused by: java.lang.RuntimeException: Could not find rule file rules/intRulesCheckedSemantics.key
	at de.uka.ilkd.key.proof.io.RuleSourceFactory.fromBuiltInRule(RuleSourceFactory.java:32)
	at de.uka.ilkd.key.proof.io.RuleSourceFactory.fromDefaultLocation(RuleSourceFactory.java:21)
	at de.uka.ilkd.key.nparser.builder.IncludeFinder.addInclude(IncludeFinder.java:63)
	at de.uka.ilkd.key.nparser.builder.IncludeFinder.visitOne_include(IncludeFinder.java:43)
	at de.uka.ilkd.key.nparser.builder.IncludeFinder.visitOne_include(IncludeFinder.java:20)
	at de.uka.ilkd.key.nparser.KeYParser$One_includeContext.accept(KeYParser.java:878)
	at de.uka.ilkd.key.nparser.builder.AbstractBuilder.lambda$mapOf$0(AbstractBuilder.java:112)
	at java.base/java.util.stream.ReferencePipeline$3$1.accept(ReferencePipeline.java:195)
	at java.base/java.util.ArrayList$ArrayListSpliterator.forEachRemaining(ArrayList.java:1655)
	at java.base/java.util.stream.AbstractPipeline.copyInto(AbstractPipeline.java:484)
	at java.base/java.util.stream.AbstractPipeline.wrapAndCopyInto(AbstractPipeline.java:474)
	at java.base/java.util.stream.ReduceOps$ReduceOp.evaluateSequential(ReduceOps.java:913)
	at java.base/java.util.stream.AbstractPipeline.evaluate(AbstractPipeline.java:234)
	at java.base/java.util.stream.ReferencePipeline.collect(ReferencePipeline.java:578)
	at de.uka.ilkd.key.nparser.builder.AbstractBuilder.mapOf(AbstractBuilder.java:112)
	at de.uka.ilkd.key.nparser.builder.IncludeFinder.visitOne_include_statement(IncludeFinder.java:35)
	at de.uka.ilkd.key.nparser.builder.IncludeFinder.visitOne_include_statement(IncludeFinder.java:20)
	at de.uka.ilkd.key.nparser.KeYParser$One_include_statementContext.accept(KeYParser.java:802)
	at org.antlr.v4.runtime.tree.AbstractParseTreeVisitor.visitChildren(AbstractParseTreeVisitor.java:46)
	at de.uka.ilkd.key.nparser.KeYParserBaseVisitor.visitDecls(KeYParserBaseVisitor.java:30)
	at de.uka.ilkd.key.nparser.KeYParser$DeclsContext.accept(KeYParser.java:500)
	at org.antlr.v4.runtime.tree.AbstractParseTreeVisitor.visitChildren(AbstractParseTreeVisitor.java:46)
	at de.uka.ilkd.key.nparser.KeYParserBaseVisitor.visitFile(KeYParserBaseVisitor.java:23)
	at de.uka.ilkd.key.nparser.KeYParser$FileContext.accept(KeYParser.java:306)
	at de.uka.ilkd.key.nparser.KeyAst.accept(KeyAst.java:41)
	at de.uka.ilkd.key.nparser.KeyAst$File.getIncludes(KeyAst.java:76)
	at de.uka.ilkd.key.proof.io.KeYFile.readIncludes(KeYFile.java:208)
	... 14 more
Could not find rule file rules/intRulesCheckedSemantics.key (file: /home/runner/work/key/key/key.core/../key.ui/examples/index/../InformationFlow/BlockContracts/contract.IFEfficiencyExamples(contract.IFEfficiencyExamples__mWithBlockContract()).JML operation contract.0.key; caused by: de.uka.ilkd.key.proof.init.ProofInputException: Could not find rule file rules/intRulesCheckedSemantics.key)
	at de.uka.ilkd.key.control.AbstractUserInterfaceControl.load(AbstractUserInterfaceControl.java:221)
	at de.uka.ilkd.key.control.KeYEnvironment.load(KeYEnvironment.java:251)
	at de.uka.ilkd.key.control.KeYEnvironment.load(KeYEnvironment.java:224)
	at de.uka.ilkd.key.control.KeYEnvironment.load(KeYEnvironment.java:184)
	at de.uka.ilkd.key.control.KeYEnvironment.load(KeYEnvironment.java:261)
	at de.uka.ilkd.key.proof.runallproofs.proofcollection.TestFile.load(TestFile.java:270)
	at de.uka.ilkd.key.proof.runallproofs.proofcollection.TestFile.runKey(TestFile.java:160)
	at de.uka.ilkd.key.proof.runallproofs.proofcollection.ForkedTestFileRunner.main(ForkedTestFileRunner.java:171)
Caused by: de.uka.ilkd.key.proof.init.ProofInputException: Could not find rule file rules/intRulesCheckedSemantics.key
	at de.uka.ilkd.key.proof.io.KeYFile.readIncludes(KeYFile.java:210)
	at de.uka.ilkd.key.proof.init.ProblemInitializer.readIncludes(ProblemInitializer.java:177)
	at de.uka.ilkd.key.proof.init.ProblemInitializer.readEnvInput(ProblemInitializer.java:325)
	at de.uka.ilkd.key.proof.init.ProblemInitializer.prepare(ProblemInitializer.java:449)
	at de.uka.ilkd.key.proof.io.AbstractProblemLoader.createInitConfig(AbstractProblemLoader.java:518)
	at de.uka.ilkd.key.proof.io.AbstractProblemLoader.loadEnvironment(AbstractProblemLoader.java:288)
	at de.uka.ilkd.key.proof.io.AbstractProblemLoader.load(AbstractProblemLoader.java:252)
	at de.uka.ilkd.key.control.AbstractUserInterfaceControl.load(AbstractUserInterfaceControl.java:209)
	... 7 more
Caused by: java.lang.RuntimeException: Could not find rule file rules/intRulesCheckedSemantics.key
	at de.uka.ilkd.key.proof.io.RuleSourceFactory.fromBuiltInRule(RuleSourceFactory.java:32)
	at de.uka.ilkd.key.proof.io.RuleSourceFactory.fromDefaultLocation(RuleSourceFactory.java:21)
	at de.uka.ilkd.key.nparser.builder.IncludeFinder.addInclude(IncludeFinder.java:63)
	at de.uka.ilkd.key.nparser.builder.IncludeFinder.visitOne_include(IncludeFinder.java:43)
	at de.uka.ilkd.key.nparser.builder.IncludeFinder.visitOne_include(IncludeFinder.java:20)
	at de.uka.ilkd.key.nparser.KeYParser$One_includeContext.accept(KeYParser.java:878)
	at de.uka.ilkd.key.nparser.builder.AbstractBuilder.lambda$mapOf$0(AbstractBuilder.java:112)
	at java.base/java.util.stream.ReferencePipeline$3$1.accept(ReferencePipeline.java:195)
	at java.base/java.util.ArrayList$ArrayListSpliterator.forEachRemaining(ArrayList.java:1655)
	at java.base/java.util.stream.AbstractPipeline.copyInto(AbstractPipeline.java:484)
	at java.base/java.util.stream.AbstractPipeline.wrapAndCopyInto(AbstractPipeline.java:474)
	at java.base/java.util.stream.ReduceOps$ReduceOp.evaluateSequential(ReduceOps.java:913)
	at java.base/java.util.stream.AbstractPipeline.evaluate(AbstractPipeline.java:234)
	at java.base/java.util.stream.ReferencePipeline.collect(ReferencePipeline.java:578)
	at de.uka.ilkd.key.nparser.builder.AbstractBuilder.mapOf(AbstractBuilder.java:112)
	at de.uka.ilkd.key.nparser.builder.IncludeFinder.visitOne_include_statement(IncludeFinder.java:35)
	at de.uka.ilkd.key.nparser.builder.IncludeFinder.visitOne_include_statement(IncludeFinder.java:20)
	at de.uka.ilkd.key.nparser.KeYParser$One_include_statementContext.accept(KeYParser.java:802)
	at org.antlr.v4.runtime.tree.AbstractParseTreeVisitor.visitChildren(AbstractParseTreeVisitor.java:46)
	at de.uka.ilkd.key.nparser.KeYParserBaseVisitor.visitDecls(KeYParserBaseVisitor.java:30)
	at de.uka.ilkd.key.nparser.KeYParser$DeclsContext.accept(KeYParser.java:500)
	at org.antlr.v4.runtime.tree.AbstractParseTreeVisitor.visitChildren(AbstractParseTreeVisitor.java:46)
	at de.uka.ilkd.key.nparser.KeYParserBaseVisitor.visitFile(KeYParserBaseVisitor.java:23)
	at de.uka.ilkd.key.nparser.KeYParser$FileContext.accept(KeYParser.java:306)
	at de.uka.ilkd.key.nparser.KeyAst.accept(KeyAst.java:41)
	at de.uka.ilkd.key.nparser.KeyAst$File.getIncludes(KeyAst.java:76)
	at de.uka.ilkd.key.proof.io.KeYFile.readIncludes(KeYFile.java:208)
	... 14 more
Exception in thread "main" org.opentest4j.AssertionFailedError: Exception during the execution of proofs. See log for more details.
	at org.junit.jupiter.api.AssertionUtils.fail(AssertionUtils.java:39)
	at org.junit.jupiter.api.Assertions.fail(Assertions.java:134)
	at de.uka.ilkd.key.proof.runallproofs.proofcollection.ForkedTestFileRunner.main(ForkedTestFileRunner.java:192)
Timeout watcher launched (1000 secs.)
Could not find rule file rules/intRulesCheckedSemantics.key (file: /home/runner/work/key/key/key.core/../key.ui/examples/index/../InformationFlow/MethodContracts/contract.IFMethodContract(contract.IFMethodContract__secure_recursion_2((I,int)).JML normal_behavior operation contract.0.key; caused by: de.uka.ilkd.key.proof.init.ProofInputException: Could not find rule file rules/intRulesCheckedSemantics.key)
	at de.uka.ilkd.key.control.AbstractUserInterfaceControl.load(AbstractUserInterfaceControl.java:221)
	at de.uka.ilkd.key.control.KeYEnvironment.load(KeYEnvironment.java:251)
	at de.uka.ilkd.key.control.KeYEnvironment.load(KeYEnvironment.java:224)
	at de.uka.ilkd.key.control.KeYEnvironment.load(KeYEnvironment.java:184)
	at de.uka.ilkd.key.control.KeYEnvironment.load(KeYEnvironment.java:261)
	at de.uka.ilkd.key.proof.runallproofs.proofcollection.TestFile.load(TestFile.java:270)
	at de.uka.ilkd.key.proof.runallproofs.proofcollection.TestFile.runKey(TestFile.java:160)
	at de.uka.ilkd.key.proof.runallproofs.proofcollection.ForkedTestFileRunner.main(ForkedTestFileRunner.java:171)
Caused by: de.uka.ilkd.key.proof.init.ProofInputException: Could not find rule file rules/intRulesCheckedSemantics.key
	at de.uka.ilkd.key.proof.io.KeYFile.readIncludes(KeYFile.java:210)
	at de.uka.ilkd.key.proof.init.ProblemInitializer.readIncludes(ProblemInitializer.java:177)
	at de.uka.ilkd.key.proof.init.ProblemInitializer.readEnvInput(ProblemInitializer.java:325)
	at de.uka.ilkd.key.proof.init.ProblemInitializer.prepare(ProblemInitializer.java:449)
	at de.uka.ilkd.key.proof.io.AbstractProblemLoader.createInitConfig(AbstractProblemLoader.java:518)
	at de.uka.ilkd.key.proof.io.AbstractProblemLoader.loadEnvironment(AbstractProblemLoader.java:288)
	at de.uka.ilkd.key.proof.io.AbstractProblemLoader.load(AbstractProblemLoader.java:252)
	at de.uka.ilkd.key.control.AbstractUserInterfaceControl.load(AbstractUserInterfaceControl.java:209)
	... 7 more
Caused by: java.lang.RuntimeException: Could not find rule file rules/intRulesCheckedSemantics.key
	at de.uka.ilkd.key.proof.io.RuleSourceFactory.fromBuiltInRule(RuleSourceFactory.java:32)
	at de.uka.ilkd.key.proof.io.RuleSourceFactory.fromDefaultLocation(RuleSourceFactory.java:21)
	at de.uka.ilkd.key.nparser.builder.IncludeFinder.addInclude(IncludeFinder.java:63)
	at de.uka.ilkd.key.nparser.builder.IncludeFinder.visitOne_include(IncludeFinder.java:43)
	at de.uka.ilkd.key.nparser.builder.IncludeFinder.visitOne_include(IncludeFinder.java:20)
	at de.uka.ilkd.key.nparser.KeYParser$One_includeContext.accept(KeYParser.java:878)
	at de.uka.ilkd.key.nparser.builder.AbstractBuilder.lambda$mapOf$0(AbstractBuilder.java:112)
	at java.base/java.util.stream.ReferencePipeline$3$1.accept(ReferencePipeline.java:195)
	at java.base/java.util.ArrayList$ArrayListSpliterator.forEachRemaining(ArrayList.java:1655)
	at java.base/java.util.stream.AbstractPipeline.copyInto(AbstractPipeline.java:484)
	at java.base/java.util.stream.AbstractPipeline.wrapAndCopyInto(AbstractPipeline.java:474)
	at java.base/java.util.stream.ReduceOps$ReduceOp.evaluateSequential(ReduceOps.java:913)
	at java.base/java.util.stream.AbstractPipeline.evaluate(AbstractPipeline.java:234)
	at java.base/java.util.stream.ReferencePipeline.collect(ReferencePipeline.java:578)
	at de.uka.ilkd.key.nparser.builder.AbstractBuilder.mapOf(AbstractBuilder.java:112)
	at de.uka.ilkd.key.nparser.builder.IncludeFinder.visitOne_include_statement(IncludeFinder.java:35)
	at de.uka.ilkd.key.nparser.builder.IncludeFinder.visitOne_include_statement(IncludeFinder.java:20)
	at de.uka.ilkd.key.nparser.KeYParser$One_include_statementContext.accept(KeYParser.java:802)
	at org.antlr.v4.runtime.tree.AbstractParseTreeVisitor.visitChildren(AbstractParseTreeVisitor.java:46)
	at de.uka.ilkd.key.nparser.KeYParserBaseVisitor.visitDecls(KeYParserBaseVisitor.java:30)
	at de.uka.ilkd.key.nparser.KeYParser$DeclsContext.accept(KeYParser.java:500)
	at org.antlr.v4.runtime.tree.AbstractParseTreeVisitor.visitChildren(AbstractParseTreeVisitor.java:46)
	at de.uka.ilkd.key.nparser.KeYParserBaseVisitor.visitFile(KeYParserBaseVisitor.java:23)
	at de.uka.ilkd.key.nparser.KeYParser$FileContext.accept(KeYParser.java:306)
	at de.uka.ilkd.key.nparser.KeyAst.accept(KeyAst.java:41)
	at de.uka.ilkd.key.nparser.KeyAst$File.getIncludes(KeyAst.java:76)
	at de.uka.ilkd.key.proof.io.KeYFile.readIncludes(KeYFile.java:208)
	... 14 more
Could not find rule file rules/intRulesCheckedSemantics.key (file: /home/runner/work/key/key/key.core/../key.ui/examples/index/../InformationFlow/MethodContracts/contract.IFMethodContract(contract.IFMethodContract__secure_recursion(int)).JML normal_behavior operation contract.0.key; caused by: de.uka.ilkd.key.proof.init.ProofInputException: Could not find rule file rules/intRulesCheckedSemantics.key)
	at de.uka.ilkd.key.control.AbstractUserInterfaceControl.load(AbstractUserInterfaceControl.java:221)
	at de.uka.ilkd.key.control.KeYEnvironment.load(KeYEnvironment.java:251)
	at de.uka.ilkd.key.control.KeYEnvironment.load(KeYEnvironment.java:224)
	at de.uka.ilkd.key.control.KeYEnvironment.load(KeYEnvironment.java:184)
	at de.uka.ilkd.key.control.KeYEnvironment.load(KeYEnvironment.java:261)
	at de.uka.ilkd.key.proof.runallproofs.proofcollection.TestFile.load(TestFile.java:270)
	at de.uka.ilkd.key.proof.runallproofs.proofcollection.TestFile.runKey(TestFile.java:160)
	at de.uka.ilkd.key.proof.runallproofs.proofcollection.ForkedTestFileRunner.main(ForkedTestFileRunner.java:171)
Caused by: de.uka.ilkd.key.proof.init.ProofInputException: Could not find rule file rules/intRulesCheckedSemantics.key
	at de.uka.ilkd.key.proof.io.KeYFile.readIncludes(KeYFile.java:210)
	at de.uka.ilkd.key.proof.init.ProblemInitializer.readIncludes(ProblemInitializer.java:177)
	at de.uka.ilkd.key.proof.init.ProblemInitializer.readEnvInput(ProblemInitializer.java:325)
	at de.uka.ilkd.key.proof.init.ProblemInitializer.prepare(ProblemInitializer.java:449)
	at de.uka.ilkd.key.proof.io.AbstractProblemLoader.createInitConfig(AbstractProblemLoader.java:518)
	at de.uka.ilkd.key.proof.io.AbstractProblemLoader.loadEnvironment(AbstractProblemLoader.java:288)
	at de.uka.ilkd.key.proof.io.AbstractProblemLoader.load(AbstractProblemLoader.java:252)
	at de.uka.ilkd.key.control.AbstractUserInterfaceControl.load(AbstractUserInterfaceControl.java:209)
	... 7 more
Caused by: java.lang.RuntimeException: Could not find rule file rules/intRulesCheckedSemantics.key
	at de.uka.ilkd.key.proof.io.RuleSourceFactory.fromBuiltInRule(RuleSourceFactory.java:32)
	at de.uka.ilkd.key.proof.io.RuleSourceFactory.fromDefaultLocation(RuleSourceFactory.java:21)
	at de.uka.ilkd.key.nparser.builder.IncludeFinder.addInclude(IncludeFinder.java:63)
	at de.uka.ilkd.key.nparser.builder.IncludeFinder.visitOne_include(IncludeFinder.java:43)
	at de.uka.ilkd.key.nparser.builder.IncludeFinder.visitOne_include(IncludeFinder.java:20)
	at de.uka.ilkd.key.nparser.KeYParser$One_includeContext.accept(KeYParser.java:878)
	at de.uka.ilkd.key.nparser.builder.AbstractBuilder.lambda$mapOf$0(AbstractBuilder.java:112)
	at java.base/java.util.stream.ReferencePipeline$3$1.accept(ReferencePipeline.java:195)
	at java.base/java.util.ArrayList$ArrayListSpliterator.forEachRemaining(ArrayList.java:1655)
	at java.base/java.util.stream.AbstractPipeline.copyInto(AbstractPipeline.java:484)
	at java.base/java.util.stream.AbstractPipeline.wrapAndCopyInto(AbstractPipeline.java:474)
	at java.base/java.util.stream.ReduceOps$ReduceOp.evaluateSequential(ReduceOps.java:913)
	at java.base/java.util.stream.AbstractPipeline.evaluate(AbstractPipeline.java:234)
	at java.base/java.util.stream.ReferencePipeline.collect(ReferencePipeline.java:578)
	at de.uka.ilkd.key.nparser.builder.AbstractBuilder.mapOf(AbstractBuilder.java:112)
	at de.uka.ilkd.key.nparser.builder.IncludeFinder.visitOne_include_statement(IncludeFinder.java:35)
	at de.uka.ilkd.key.nparser.builder.IncludeFinder.visitOne_include_statement(IncludeFinder.java:20)
	at de.uka.ilkd.key.nparser.KeYParser$One_include_statementContext.accept(KeYParser.java:802)
	at org.antlr.v4.runtime.tree.AbstractParseTreeVisitor.visitChildren(AbstractParseTreeVisitor.java:46)
	at de.uka.ilkd.key.nparser.KeYParserBaseVisitor.visitDecls(KeYParserBaseVisitor.java:30)
	at de.uka.ilkd.key.nparser.KeYParser$DeclsContext.accept(KeYParser.java:500)
	at org.antlr.v4.runtime.tree.AbstractParseTreeVisitor.visitChildren(AbstractParseTreeVisitor.java:46)
	at de.uka.ilkd.key.nparser.KeYParserBaseVisitor.visitFile(KeYParserBaseVisitor.java:23)
	at de.uka.ilkd.key.nparser.KeYParser$FileContext.accept(KeYParser.java:306)
	at de.uka.ilkd.key.nparser.KeyAst.accept(KeyAst.java:41)
	at de.uka.ilkd.key.nparser.KeyAst$File.getIncludes(KeyAst.java:76)
	at de.uka.ilkd.key.proof.io.KeYFile.readIncludes(KeYFile.java:208)
	... 14 more
Could not find rule file rules/intRulesCheckedSemantics.key (file: /home/runner/work/key/key/key.core/../key.ui/examples/index/../InformationFlow/MethodContracts/contract.IFMethodContract(contract.IFMethodContract__secure_catch_exception()).JML operation contract.0.key; caused by: de.uka.ilkd.key.proof.init.ProofInputException: Could not find rule file rules/intRulesCheckedSemantics.key)
	at de.uka.ilkd.key.control.AbstractUserInterfaceControl.load(AbstractUserInterfaceControl.java:221)
	at de.uka.ilkd.key.control.KeYEnvironment.load(KeYEnvironment.java:251)
	at de.uka.ilkd.key.control.KeYEnvironment.load(KeYEnvironment.java:224)
	at de.uka.ilkd.key.control.KeYEnvironment.load(KeYEnvironment.java:184)
	at de.uka.ilkd.key.control.KeYEnvironment.load(KeYEnvironment.java:261)
	at de.uka.ilkd.key.proof.runallproofs.proofcollection.TestFile.load(TestFile.java:270)
	at de.uka.ilkd.key.proof.runallproofs.proofcollection.TestFile.runKey(TestFile.java:160)
	at de.uka.ilkd.key.proof.runallproofs.proofcollection.ForkedTestFileRunner.main(ForkedTestFileRunner.java:171)
Caused by: de.uka.ilkd.key.proof.init.ProofInputException: Could not find rule file rules/intRulesCheckedSemantics.key
	at de.uka.ilkd.key.proof.io.KeYFile.readIncludes(KeYFile.java:210)
	at de.uka.ilkd.key.proof.init.ProblemInitializer.readIncludes(ProblemInitializer.java:177)
	at de.uka.ilkd.key.proof.init.ProblemInitializer.readEnvInput(ProblemInitializer.java:325)
	at de.uka.ilkd.key.proof.init.ProblemInitializer.prepare(ProblemInitializer.java:449)
	at de.uka.ilkd.key.proof.io.AbstractProblemLoader.createInitConfig(AbstractProblemLoader.java:518)
	at de.uka.ilkd.key.proof.io.AbstractProblemLoader.loadEnvironment(AbstractProblemLoader.java:288)
	at de.uka.ilkd.key.proof.io.AbstractProblemLoader.load(AbstractProblemLoader.java:252)
	at de.uka.ilkd.key.control.AbstractUserInterfaceControl.load(AbstractUserInterfaceControl.java:209)
	... 7 more
Caused by: java.lang.RuntimeException: Could not find rule file rules/intRulesCheckedSemantics.key
	at de.uka.ilkd.key.proof.io.RuleSourceFactory.fromBuiltInRule(RuleSourceFactory.java:32)
	at de.uka.ilkd.key.proof.io.RuleSourceFactory.fromDefaultLocation(RuleSourceFactory.java:21)
	at de.uka.ilkd.key.nparser.builder.IncludeFinder.addInclude(IncludeFinder.java:63)
	at de.uka.ilkd.key.nparser.builder.IncludeFinder.visitOne_include(IncludeFinder.java:43)
	at de.uka.ilkd.key.nparser.builder.IncludeFinder.visitOne_include(IncludeFinder.java:20)
	at de.uka.ilkd.key.nparser.KeYParser$One_includeContext.accept(KeYParser.java:878)
	at de.uka.ilkd.key.nparser.builder.AbstractBuilder.lambda$mapOf$0(AbstractBuilder.java:112)
	at java.base/java.util.stream.ReferencePipeline$3$1.accept(ReferencePipeline.java:195)
	at java.base/java.util.ArrayList$ArrayListSpliterator.forEachRemaining(ArrayList.java:1655)
	at java.base/java.util.stream.AbstractPipeline.copyInto(AbstractPipeline.java:484)
	at java.base/java.util.stream.AbstractPipeline.wrapAndCopyInto(AbstractPipeline.java:474)
	at java.base/java.util.stream.ReduceOps$ReduceOp.evaluateSequential(ReduceOps.java:913)
	at java.base/java.util.stream.AbstractPipeline.evaluate(AbstractPipeline.java:234)
	at java.base/java.util.stream.ReferencePipeline.collect(ReferencePipeline.java:578)
	at de.uka.ilkd.key.nparser.builder.AbstractBuilder.mapOf(AbstractBuilder.java:112)
	at de.uka.ilkd.key.nparser.builder.IncludeFinder.visitOne_include_statement(IncludeFinder.java:35)
	at de.uka.ilkd.key.nparser.builder.IncludeFinder.visitOne_include_statement(IncludeFinder.java:20)
	at de.uka.ilkd.key.nparser.KeYParser$One_include_statementContext.accept(KeYParser.java:802)
	at org.antlr.v4.runtime.tree.AbstractParseTreeVisitor.visitChildren(AbstractParseTreeVisitor.java:46)
	at de.uka.ilkd.key.nparser.KeYParserBaseVisitor.visitDecls(KeYParserBaseVisitor.java:30)
	at de.uka.ilkd.key.nparser.KeYParser$DeclsContext.accept(KeYParser.java:500)
	at org.antlr.v4.runtime.tree.AbstractParseTreeVisitor.visitChildren(AbstractParseTreeVisitor.java:46)
	at de.uka.ilkd.key.nparser.KeYParserBaseVisitor.visitFile(KeYParserBaseVisitor.java:23)
	at de.uka.ilkd.key.nparser.KeYParser$FileContext.accept(KeYParser.java:306)
	at de.uka.ilkd.key.nparser.KeyAst.accept(KeyAst.java:41)
	at de.uka.ilkd.key.nparser.KeyAst$File.getIncludes(KeyAst.java:76)
	at de.uka.ilkd.key.proof.io.KeYFile.readIncludes(KeYFile.java:208)
	... 14 more
Could not find rule file rules/intRulesCheckedSemantics.key (file: /home/runner/work/key/key/key.core/../key.ui/examples/index/../InformationFlow/MethodContracts/contract.IFMethodContract(contract.IFMethodContract__n6()).JML normal_behavior operation contract.0.key; caused by: de.uka.ilkd.key.proof.init.ProofInputException: Could not find rule file rules/intRulesCheckedSemantics.key)
	at de.uka.ilkd.key.control.AbstractUserInterfaceControl.load(AbstractUserInterfaceControl.java:221)
	at de.uka.ilkd.key.control.KeYEnvironment.load(KeYEnvironment.java:251)
	at de.uka.ilkd.key.control.KeYEnvironment.load(KeYEnvironment.java:224)
	at de.uka.ilkd.key.control.KeYEnvironment.load(KeYEnvironment.java:184)
	at de.uka.ilkd.key.control.KeYEnvironment.load(KeYEnvironment.java:261)
	at de.uka.ilkd.key.proof.runallproofs.proofcollection.TestFile.load(TestFile.java:270)
	at de.uka.ilkd.key.proof.runallproofs.proofcollection.TestFile.runKey(TestFile.java:160)
	at de.uka.ilkd.key.proof.runallproofs.proofcollection.ForkedTestFileRunner.main(ForkedTestFileRunner.java:171)
Caused by: de.uka.ilkd.key.proof.init.ProofInputException: Could not find rule file rules/intRulesCheckedSemantics.key
	at de.uka.ilkd.key.proof.io.KeYFile.readIncludes(KeYFile.java:210)
	at de.uka.ilkd.key.proof.init.ProblemInitializer.readIncludes(ProblemInitializer.java:177)
	at de.uka.ilkd.key.proof.init.ProblemInitializer.readEnvInput(ProblemInitializer.java:325)
	at de.uka.ilkd.key.proof.init.ProblemInitializer.prepare(ProblemInitializer.java:449)
	at de.uka.ilkd.key.proof.io.AbstractProblemLoader.createInitConfig(AbstractProblemLoader.java:518)
	at de.uka.ilkd.key.proof.io.AbstractProblemLoader.loadEnvironment(AbstractProblemLoader.java:288)
	at de.uka.ilkd.key.proof.io.AbstractProblemLoader.load(AbstractProblemLoader.java:252)
	at de.uka.ilkd.key.control.AbstractUserInterfaceControl.load(AbstractUserInterfaceControl.java:209)
	... 7 more
Caused by: java.lang.RuntimeException: Could not find rule file rules/intRulesCheckedSemantics.key
	at de.uka.ilkd.key.proof.io.RuleSourceFactory.fromBuiltInRule(RuleSourceFactory.java:32)
	at de.uka.ilkd.key.proof.io.RuleSourceFactory.fromDefaultLocation(RuleSourceFactory.java:21)
	at de.uka.ilkd.key.nparser.builder.IncludeFinder.addInclude(IncludeFinder.java:63)
	at de.uka.ilkd.key.nparser.builder.IncludeFinder.visitOne_include(IncludeFinder.java:43)
	at de.uka.ilkd.key.nparser.builder.IncludeFinder.visitOne_include(IncludeFinder.java:20)
	at de.uka.ilkd.key.nparser.KeYParser$One_includeContext.accept(KeYParser.java:878)
	at de.uka.ilkd.key.nparser.builder.AbstractBuilder.lambda$mapOf$0(AbstractBuilder.java:112)
	at java.base/java.util.stream.ReferencePipeline$3$1.accept(ReferencePipeline.java:195)
	at java.base/java.util.ArrayList$ArrayListSpliterator.forEachRemaining(ArrayList.java:1655)
	at java.base/java.util.stream.AbstractPipeline.copyInto(AbstractPipeline.java:484)
	at java.base/java.util.stream.AbstractPipeline.wrapAndCopyInto(AbstractPipeline.java:474)
	at java.base/java.util.stream.ReduceOps$ReduceOp.evaluateSequential(ReduceOps.java:913)
	at java.base/java.util.stream.AbstractPipeline.evaluate(AbstractPipeline.java:234)
	at java.base/java.util.stream.ReferencePipeline.collect(ReferencePipeline.java:578)
	at de.uka.ilkd.key.nparser.builder.AbstractBuilder.mapOf(AbstractBuilder.java:112)
	at de.uka.ilkd.key.nparser.builder.IncludeFinder.visitOne_include_statement(IncludeFinder.java:35)
	at de.uka.ilkd.key.nparser.builder.IncludeFinder.visitOne_include_statement(IncludeFinder.java:20)
	at de.uka.ilkd.key.nparser.KeYParser$One_include_statementContext.accept(KeYParser.java:802)
	at org.antlr.v4.runtime.tree.AbstractParseTreeVisitor.visitChildren(AbstractParseTreeVisitor.java:46)
	at de.uka.ilkd.key.nparser.KeYParserBaseVisitor.visitDecls(KeYParserBaseVisitor.java:30)
	at de.uka.ilkd.key.nparser.KeYParser$DeclsContext.accept(KeYParser.java:500)
	at org.antlr.v4.runtime.tree.AbstractParseTreeVisitor.visitChildren(AbstractParseTreeVisitor.java:46)
	at de.uka.ilkd.key.nparser.KeYParserBaseVisitor.visitFile(KeYParserBaseVisitor.java:23)
	at de.uka.ilkd.key.nparser.KeYParser$FileContext.accept(KeYParser.java:306)
	at de.uka.ilkd.key.nparser.KeyAst.accept(KeyAst.java:41)
	at de.uka.ilkd.key.nparser.KeyAst$File.getIncludes(KeyAst.java:76)
	at de.uka.ilkd.key.proof.io.KeYFile.readIncludes(KeYFile.java:208)
	... 14 more
Could not find rule file rules/intRulesCheckedSemantics.key (file: /home/runner/work/key/key/key.core/../key.ui/examples/index/../InformationFlow/MethodContracts/contract.IFMethodContract(contract.IFMethodContract__secure_n6()).JML operation contract.0.key; caused by: de.uka.ilkd.key.proof.init.ProofInputException: Could not find rule file rules/intRulesCheckedSemantics.key)
	at de.uka.ilkd.key.control.AbstractUserInterfaceControl.load(AbstractUserInterfaceControl.java:221)
	at de.uka.ilkd.key.control.KeYEnvironment.load(KeYEnvironment.java:251)
	at de.uka.ilkd.key.control.KeYEnvironment.load(KeYEnvironment.java:224)
	at de.uka.ilkd.key.control.KeYEnvironment.load(KeYEnvironment.java:184)
	at de.uka.ilkd.key.control.KeYEnvironment.load(KeYEnvironment.java:261)
	at de.uka.ilkd.key.proof.runallproofs.proofcollection.TestFile.load(TestFile.java:270)
	at de.uka.ilkd.key.proof.runallproofs.proofcollection.TestFile.runKey(TestFile.java:160)
	at de.uka.ilkd.key.proof.runallproofs.proofcollection.ForkedTestFileRunner.main(ForkedTestFileRunner.java:171)
Caused by: de.uka.ilkd.key.proof.init.ProofInputException: Could not find rule file rules/intRulesCheckedSemantics.key
	at de.uka.ilkd.key.proof.io.KeYFile.readIncludes(KeYFile.java:210)
	at de.uka.ilkd.key.proof.init.ProblemInitializer.readIncludes(ProblemInitializer.java:177)
	at de.uka.ilkd.key.proof.init.ProblemInitializer.readEnvInput(ProblemInitializer.java:325)
	at de.uka.ilkd.key.proof.init.ProblemInitializer.prepare(ProblemInitializer.java:449)
	at de.uka.ilkd.key.proof.io.AbstractProblemLoader.createInitConfig(AbstractProblemLoader.java:518)
	at de.uka.ilkd.key.proof.io.AbstractProblemLoader.loadEnvironment(AbstractProblemLoader.java:288)
	at de.uka.ilkd.key.proof.io.AbstractProblemLoader.load(AbstractProblemLoader.java:252)
	at de.uka.ilkd.key.control.AbstractUserInterfaceControl.load(AbstractUserInterfaceControl.java:209)
	... 7 more
Caused by: java.lang.RuntimeException: Could not find rule file rules/intRulesCheckedSemantics.key
	at de.uka.ilkd.key.proof.io.RuleSourceFactory.fromBuiltInRule(RuleSourceFactory.java:32)
	at de.uka.ilkd.key.proof.io.RuleSourceFactory.fromDefaultLocation(RuleSourceFactory.java:21)
	at de.uka.ilkd.key.nparser.builder.IncludeFinder.addInclude(IncludeFinder.java:63)
	at de.uka.ilkd.key.nparser.builder.IncludeFinder.visitOne_include(IncludeFinder.java:43)
	at de.uka.ilkd.key.nparser.builder.IncludeFinder.visitOne_include(IncludeFinder.java:20)
	at de.uka.ilkd.key.nparser.KeYParser$One_includeContext.accept(KeYParser.java:878)
	at de.uka.ilkd.key.nparser.builder.AbstractBuilder.lambda$mapOf$0(AbstractBuilder.java:112)
	at java.base/java.util.stream.ReferencePipeline$3$1.accept(ReferencePipeline.java:195)
	at java.base/java.util.ArrayList$ArrayListSpliterator.forEachRemaining(ArrayList.java:1655)
	at java.base/java.util.stream.AbstractPipeline.copyInto(AbstractPipeline.java:484)
	at java.base/java.util.stream.AbstractPipeline.wrapAndCopyInto(AbstractPipeline.java:474)
	at java.base/java.util.stream.ReduceOps$ReduceOp.evaluateSequential(ReduceOps.java:913)
	at java.base/java.util.stream.AbstractPipeline.evaluate(AbstractPipeline.java:234)
	at java.base/java.util.stream.ReferencePipeline.collect(ReferencePipeline.java:578)
	at de.uka.ilkd.key.nparser.builder.AbstractBuilder.mapOf(AbstractBuilder.java:112)
	at de.uka.ilkd.key.nparser.builder.IncludeFinder.visitOne_include_statement(IncludeFinder.java:35)
	at de.uka.ilkd.key.nparser.builder.IncludeFinder.visitOne_include_statement(IncludeFinder.java:20)
	at de.uka.ilkd.key.nparser.KeYParser$One_include_statementContext.accept(KeYParser.java:802)
	at org.antlr.v4.runtime.tree.AbstractParseTreeVisitor.visitChildren(AbstractParseTreeVisitor.java:46)
	at de.uka.ilkd.key.nparser.KeYParserBaseVisitor.visitDecls(KeYParserBaseVisitor.java:30)
	at de.uka.ilkd.key.nparser.KeYParser$DeclsContext.accept(KeYParser.java:500)
	at org.antlr.v4.runtime.tree.AbstractParseTreeVisitor.visitChildren(AbstractParseTreeVisitor.java:46)
	at de.uka.ilkd.key.nparser.KeYParserBaseVisitor.visitFile(KeYParserBaseVisitor.java:23)
	at de.uka.ilkd.key.nparser.KeYParser$FileContext.accept(KeYParser.java:306)
	at de.uka.ilkd.key.nparser.KeyAst.accept(KeyAst.java:41)
	at de.uka.ilkd.key.nparser.KeyAst$File.getIncludes(KeyAst.java:76)
	at de.uka.ilkd.key.proof.io.KeYFile.readIncludes(KeYFile.java:208)
	... 14 more
Could not find rule file rules/intRulesCheckedSemantics.key (file: /home/runner/work/key/key/key.core/../key.ui/examples/index/../InformationFlow/MethodContracts/contract.IFMethodContract(contract.IFMethodContract__secure_array_param_helper()).JML normal_behavior operation contract.0.key; caused by: de.uka.ilkd.key.proof.init.ProofInputException: Could not find rule file rules/intRulesCheckedSemantics.key)
	at de.uka.ilkd.key.control.AbstractUserInterfaceControl.load(AbstractUserInterfaceControl.java:221)
	at de.uka.ilkd.key.control.KeYEnvironment.load(KeYEnvironment.java:251)
	at de.uka.ilkd.key.control.KeYEnvironment.load(KeYEnvironment.java:224)
	at de.uka.ilkd.key.control.KeYEnvironment.load(KeYEnvironment.java:184)
	at de.uka.ilkd.key.control.KeYEnvironment.load(KeYEnvironment.java:261)
	at de.uka.ilkd.key.proof.runallproofs.proofcollection.TestFile.load(TestFile.java:270)
	at de.uka.ilkd.key.proof.runallproofs.proofcollection.TestFile.runKey(TestFile.java:160)
	at de.uka.ilkd.key.proof.runallproofs.proofcollection.ForkedTestFileRunner.main(ForkedTestFileRunner.java:171)
Caused by: de.uka.ilkd.key.proof.init.ProofInputException: Could not find rule file rules/intRulesCheckedSemantics.key
	at de.uka.ilkd.key.proof.io.KeYFile.readIncludes(KeYFile.java:210)
	at de.uka.ilkd.key.proof.init.ProblemInitializer.readIncludes(ProblemInitializer.java:177)
	at de.uka.ilkd.key.proof.init.ProblemInitializer.readEnvInput(ProblemInitializer.java:325)
	at de.uka.ilkd.key.proof.init.ProblemInitializer.prepare(ProblemInitializer.java:449)
	at de.uka.ilkd.key.proof.io.AbstractProblemLoader.createInitConfig(AbstractProblemLoader.java:518)
	at de.uka.ilkd.key.proof.io.AbstractProblemLoader.loadEnvironment(AbstractProblemLoader.java:288)
	at de.uka.ilkd.key.proof.io.AbstractProblemLoader.load(AbstractProblemLoader.java:252)
	at de.uka.ilkd.key.control.AbstractUserInterfaceControl.load(AbstractUserInterfaceControl.java:209)
	... 7 more
Caused by: java.lang.RuntimeException: Could not find rule file rules/intRulesCheckedSemantics.key
	at de.uka.ilkd.key.proof.io.RuleSourceFactory.fromBuiltInRule(RuleSourceFactory.java:32)
	at de.uka.ilkd.key.proof.io.RuleSourceFactory.fromDefaultLocation(RuleSourceFactory.java:21)
	at de.uka.ilkd.key.nparser.builder.IncludeFinder.addInclude(IncludeFinder.java:63)
	at de.uka.ilkd.key.nparser.builder.IncludeFinder.visitOne_include(IncludeFinder.java:43)
	at de.uka.ilkd.key.nparser.builder.IncludeFinder.visitOne_include(IncludeFinder.java:20)
	at de.uka.ilkd.key.nparser.KeYParser$One_includeContext.accept(KeYParser.java:878)
	at de.uka.ilkd.key.nparser.builder.AbstractBuilder.lambda$mapOf$0(AbstractBuilder.java:112)
	at java.base/java.util.stream.ReferencePipeline$3$1.accept(ReferencePipeline.java:195)
	at java.base/java.util.ArrayList$ArrayListSpliterator.forEachRemaining(ArrayList.java:1655)
	at java.base/java.util.stream.AbstractPipeline.copyInto(AbstractPipeline.java:484)
	at java.base/java.util.stream.AbstractPipeline.wrapAndCopyInto(AbstractPipeline.java:474)
	at java.base/java.util.stream.ReduceOps$ReduceOp.evaluateSequential(ReduceOps.java:913)
	at java.base/java.util.stream.AbstractPipeline.evaluate(AbstractPipeline.java:234)
	at java.base/java.util.stream.ReferencePipeline.collect(ReferencePipeline.java:578)
	at de.uka.ilkd.key.nparser.builder.AbstractBuilder.mapOf(AbstractBuilder.java:112)
	at de.uka.ilkd.key.nparser.builder.IncludeFinder.visitOne_include_statement(IncludeFinder.java:35)
	at de.uka.ilkd.key.nparser.builder.IncludeFinder.visitOne_include_statement(IncludeFinder.java:20)
	at de.uka.ilkd.key.nparser.KeYParser$One_include_statementContext.accept(KeYParser.java:802)
	at org.antlr.v4.runtime.tree.AbstractParseTreeVisitor.visitChildren(AbstractParseTreeVisitor.java:46)
	at de.uka.ilkd.key.nparser.KeYParserBaseVisitor.visitDecls(KeYParserBaseVisitor.java:30)
	at de.uka.ilkd.key.nparser.KeYParser$DeclsContext.accept(KeYParser.java:500)
	at org.antlr.v4.runtime.tree.AbstractParseTreeVisitor.visitChildren(AbstractParseTreeVisitor.java:46)
	at de.uka.ilkd.key.nparser.KeYParserBaseVisitor.visitFile(KeYParserBaseVisitor.java:23)
	at de.uka.ilkd.key.nparser.KeYParser$FileContext.accept(KeYParser.java:306)
	at de.uka.ilkd.key.nparser.KeyAst.accept(KeyAst.java:41)
	at de.uka.ilkd.key.nparser.KeyAst$File.getIncludes(KeyAst.java:76)
	at de.uka.ilkd.key.proof.io.KeYFile.readIncludes(KeYFile.java:208)
	... 14 more
Could not find rule file rules/intRulesCheckedSemantics.key (file: /home/runner/work/key/key/key.core/../key.ui/examples/index/../InformationFlow/MethodContracts/contract.IFMethodContract(contract.IFMethodContract__secure_array_param((I,int)).JML operation contract.0.key; caused by: de.uka.ilkd.key.proof.init.ProofInputException: Could not find rule file rules/intRulesCheckedSemantics.key)
	at de.uka.ilkd.key.control.AbstractUserInterfaceControl.load(AbstractUserInterfaceControl.java:221)
	at de.uka.ilkd.key.control.KeYEnvironment.load(KeYEnvironment.java:251)
	at de.uka.ilkd.key.control.KeYEnvironment.load(KeYEnvironment.java:224)
	at de.uka.ilkd.key.control.KeYEnvironment.load(KeYEnvironment.java:184)
	at de.uka.ilkd.key.control.KeYEnvironment.load(KeYEnvironment.java:261)
	at de.uka.ilkd.key.proof.runallproofs.proofcollection.TestFile.load(TestFile.java:270)
	at de.uka.ilkd.key.proof.runallproofs.proofcollection.TestFile.runKey(TestFile.java:160)
	at de.uka.ilkd.key.proof.runallproofs.proofcollection.ForkedTestFileRunner.main(ForkedTestFileRunner.java:171)
Caused by: de.uka.ilkd.key.proof.init.ProofInputException: Could not find rule file rules/intRulesCheckedSemantics.key
	at de.uka.ilkd.key.proof.io.KeYFile.readIncludes(KeYFile.java:210)
	at de.uka.ilkd.key.proof.init.ProblemInitializer.readIncludes(ProblemInitializer.java:177)
	at de.uka.ilkd.key.proof.init.ProblemInitializer.readEnvInput(ProblemInitializer.java:325)
	at de.uka.ilkd.key.proof.init.ProblemInitializer.prepare(ProblemInitializer.java:449)
	at de.uka.ilkd.key.proof.io.AbstractProblemLoader.createInitConfig(AbstractProblemLoader.java:518)
	at de.uka.ilkd.key.proof.io.AbstractProblemLoader.loadEnvironment(AbstractProblemLoader.java:288)
	at de.uka.ilkd.key.proof.io.AbstractProblemLoader.load(AbstractProblemLoader.java:252)
	at de.uka.ilkd.key.control.AbstractUserInterfaceControl.load(AbstractUserInterfaceControl.java:209)
	... 7 more
Caused by: java.lang.RuntimeException: Could not find rule file rules/intRulesCheckedSemantics.key
	at de.uka.ilkd.key.proof.io.RuleSourceFactory.fromBuiltInRule(RuleSourceFactory.java:32)
	at de.uka.ilkd.key.proof.io.RuleSourceFactory.fromDefaultLocation(RuleSourceFactory.java:21)
	at de.uka.ilkd.key.nparser.builder.IncludeFinder.addInclude(IncludeFinder.java:63)
	at de.uka.ilkd.key.nparser.builder.IncludeFinder.visitOne_include(IncludeFinder.java:43)
	at de.uka.ilkd.key.nparser.builder.IncludeFinder.visitOne_include(IncludeFinder.java:20)
	at de.uka.ilkd.key.nparser.KeYParser$One_includeContext.accept(KeYParser.java:878)
	at de.uka.ilkd.key.nparser.builder.AbstractBuilder.lambda$mapOf$0(AbstractBuilder.java:112)
	at java.base/java.util.stream.ReferencePipeline$3$1.accept(ReferencePipeline.java:195)
	at java.base/java.util.ArrayList$ArrayListSpliterator.forEachRemaining(ArrayList.java:1655)
	at java.base/java.util.stream.AbstractPipeline.copyInto(AbstractPipeline.java:484)
	at java.base/java.util.stream.AbstractPipeline.wrapAndCopyInto(AbstractPipeline.java:474)
	at java.base/java.util.stream.ReduceOps$ReduceOp.evaluateSequential(ReduceOps.java:913)
	at java.base/java.util.stream.AbstractPipeline.evaluate(AbstractPipeline.java:234)
	at java.base/java.util.stream.ReferencePipeline.collect(ReferencePipeline.java:578)
	at de.uka.ilkd.key.nparser.builder.AbstractBuilder.mapOf(AbstractBuilder.java:112)
	at de.uka.ilkd.key.nparser.builder.IncludeFinder.visitOne_include_statement(IncludeFinder.java:35)
	at de.uka.ilkd.key.nparser.builder.IncludeFinder.visitOne_include_statement(IncludeFinder.java:20)
	at de.uka.ilkd.key.nparser.KeYParser$One_include_statementContext.accept(KeYParser.java:802)
	at org.antlr.v4.runtime.tree.AbstractParseTreeVisitor.visitChildren(AbstractParseTreeVisitor.java:46)
	at de.uka.ilkd.key.nparser.KeYParserBaseVisitor.visitDecls(KeYParserBaseVisitor.java:30)
	at de.uka.ilkd.key.nparser.KeYParser$DeclsContext.accept(KeYParser.java:500)
	at org.antlr.v4.runtime.tree.AbstractParseTreeVisitor.visitChildren(AbstractParseTreeVisitor.java:46)
	at de.uka.ilkd.key.nparser.KeYParserBaseVisitor.visitFile(KeYParserBaseVisitor.java:23)
	at de.uka.ilkd.key.nparser.KeYParser$FileContext.accept(KeYParser.java:306)
	at de.uka.ilkd.key.nparser.KeyAst.accept(KeyAst.java:41)
	at de.uka.ilkd.key.nparser.KeyAst$File.getIncludes(KeyAst.java:76)
	at de.uka.ilkd.key.proof.io.KeYFile.readIncludes(KeYFile.java:208)
	... 14 more
Could not find rule file rules/intRulesCheckedSemantics.key (file: /home/runner/work/key/key/key.core/../key.ui/examples/index/../InformationFlow/MethodContracts/contract.IFMethodContract(contract.IFMethodContract__n9()).JML normal_behavior operation contract.0.key; caused by: de.uka.ilkd.key.proof.init.ProofInputException: Could not find rule file rules/intRulesCheckedSemantics.key)
	at de.uka.ilkd.key.control.AbstractUserInterfaceControl.load(AbstractUserInterfaceControl.java:221)
	at de.uka.ilkd.key.control.KeYEnvironment.load(KeYEnvironment.java:251)
	at de.uka.ilkd.key.control.KeYEnvironment.load(KeYEnvironment.java:224)
	at de.uka.ilkd.key.control.KeYEnvironment.load(KeYEnvironment.java:184)
	at de.uka.ilkd.key.control.KeYEnvironment.load(KeYEnvironment.java:261)
	at de.uka.ilkd.key.proof.runallproofs.proofcollection.TestFile.load(TestFile.java:270)
	at de.uka.ilkd.key.proof.runallproofs.proofcollection.TestFile.runKey(TestFile.java:160)
	at de.uka.ilkd.key.proof.runallproofs.proofcollection.ForkedTestFileRunner.main(ForkedTestFileRunner.java:171)
Caused by: de.uka.ilkd.key.proof.init.ProofInputException: Could not find rule file rules/intRulesCheckedSemantics.key
	at de.uka.ilkd.key.proof.io.KeYFile.readIncludes(KeYFile.java:210)
	at de.uka.ilkd.key.proof.init.ProblemInitializer.readIncludes(ProblemInitializer.java:177)
	at de.uka.ilkd.key.proof.init.ProblemInitializer.readEnvInput(ProblemInitializer.java:325)
	at de.uka.ilkd.key.proof.init.ProblemInitializer.prepare(ProblemInitializer.java:449)
	at de.uka.ilkd.key.proof.io.AbstractProblemLoader.createInitConfig(AbstractProblemLoader.java:518)
	at de.uka.ilkd.key.proof.io.AbstractProblemLoader.loadEnvironment(AbstractProblemLoader.java:288)
	at de.uka.ilkd.key.proof.io.AbstractProblemLoader.load(AbstractProblemLoader.java:252)
	at de.uka.ilkd.key.control.AbstractUserInterfaceControl.load(AbstractUserInterfaceControl.java:209)
	... 7 more
Caused by: java.lang.RuntimeException: Could not find rule file rules/intRulesCheckedSemantics.key
	at de.uka.ilkd.key.proof.io.RuleSourceFactory.fromBuiltInRule(RuleSourceFactory.java:32)
	at de.uka.ilkd.key.proof.io.RuleSourceFactory.fromDefaultLocation(RuleSourceFactory.java:21)
	at de.uka.ilkd.key.nparser.builder.IncludeFinder.addInclude(IncludeFinder.java:63)
	at de.uka.ilkd.key.nparser.builder.IncludeFinder.visitOne_include(IncludeFinder.java:43)
	at de.uka.ilkd.key.nparser.builder.IncludeFinder.visitOne_include(IncludeFinder.java:20)
	at de.uka.ilkd.key.nparser.KeYParser$One_includeContext.accept(KeYParser.java:878)
	at de.uka.ilkd.key.nparser.builder.AbstractBuilder.lambda$mapOf$0(AbstractBuilder.java:112)
	at java.base/java.util.stream.ReferencePipeline$3$1.accept(ReferencePipeline.java:195)
	at java.base/java.util.ArrayList$ArrayListSpliterator.forEachRemaining(ArrayList.java:1655)
	at java.base/java.util.stream.AbstractPipeline.copyInto(AbstractPipeline.java:484)
	at java.base/java.util.stream.AbstractPipeline.wrapAndCopyInto(AbstractPipeline.java:474)
	at java.base/java.util.stream.ReduceOps$ReduceOp.evaluateSequential(ReduceOps.java:913)
	at java.base/java.util.stream.AbstractPipeline.evaluate(AbstractPipeline.java:234)
	at java.base/java.util.stream.ReferencePipeline.collect(ReferencePipeline.java:578)
	at de.uka.ilkd.key.nparser.builder.AbstractBuilder.mapOf(AbstractBuilder.java:112)
	at de.uka.ilkd.key.nparser.builder.IncludeFinder.visitOne_include_statement(IncludeFinder.java:35)
	at de.uka.ilkd.key.nparser.builder.IncludeFinder.visitOne_include_statement(IncludeFinder.java:20)
	at de.uka.ilkd.key.nparser.KeYParser$One_include_statementContext.accept(KeYParser.java:802)
	at org.antlr.v4.runtime.tree.AbstractParseTreeVisitor.visitChildren(AbstractParseTreeVisitor.java:46)
	at de.uka.ilkd.key.nparser.KeYParserBaseVisitor.visitDecls(KeYParserBaseVisitor.java:30)
	at de.uka.ilkd.key.nparser.KeYParser$DeclsContext.accept(KeYParser.java:500)
	at org.antlr.v4.runtime.tree.AbstractParseTreeVisitor.visitChildren(AbstractParseTreeVisitor.java:46)
	at de.uka.ilkd.key.nparser.KeYParserBaseVisitor.visitFile(KeYParserBaseVisitor.java:23)
	at de.uka.ilkd.key.nparser.KeYParser$FileContext.accept(KeYParser.java:306)
	at de.uka.ilkd.key.nparser.KeyAst.accept(KeyAst.java:41)
	at de.uka.ilkd.key.nparser.KeyAst$File.getIncludes(KeyAst.java:76)
	at de.uka.ilkd.key.proof.io.KeYFile.readIncludes(KeYFile.java:208)
	... 14 more
Could not find rule file rules/intRulesCheckedSemantics.key (file: /home/runner/work/key/key/key.core/../key.ui/examples/index/../InformationFlow/MethodContracts/contract.IFMethodContract(contract.IFMethodContract__secure_assignment_0_n9()).JML operation contract.0.key; caused by: de.uka.ilkd.key.proof.init.ProofInputException: Could not find rule file rules/intRulesCheckedSemantics.key)
	at de.uka.ilkd.key.control.AbstractUserInterfaceControl.load(AbstractUserInterfaceControl.java:221)
	at de.uka.ilkd.key.control.KeYEnvironment.load(KeYEnvironment.java:251)
	at de.uka.ilkd.key.control.KeYEnvironment.load(KeYEnvironment.java:224)
	at de.uka.ilkd.key.control.KeYEnvironment.load(KeYEnvironment.java:184)
	at de.uka.ilkd.key.control.KeYEnvironment.load(KeYEnvironment.java:261)
	at de.uka.ilkd.key.proof.runallproofs.proofcollection.TestFile.load(TestFile.java:270)
	at de.uka.ilkd.key.proof.runallproofs.proofcollection.TestFile.runKey(TestFile.java:160)
	at de.uka.ilkd.key.proof.runallproofs.proofcollection.ForkedTestFileRunner.main(ForkedTestFileRunner.java:171)
Caused by: de.uka.ilkd.key.proof.init.ProofInputException: Could not find rule file rules/intRulesCheckedSemantics.key
	at de.uka.ilkd.key.proof.io.KeYFile.readIncludes(KeYFile.java:210)
	at de.uka.ilkd.key.proof.init.ProblemInitializer.readIncludes(ProblemInitializer.java:177)
	at de.uka.ilkd.key.proof.init.ProblemInitializer.readEnvInput(ProblemInitializer.java:325)
	at de.uka.ilkd.key.proof.init.ProblemInitializer.prepare(ProblemInitializer.java:449)
	at de.uka.ilkd.key.proof.io.AbstractProblemLoader.createInitConfig(AbstractProblemLoader.java:518)
	at de.uka.ilkd.key.proof.io.AbstractProblemLoader.loadEnvironment(AbstractProblemLoader.java:288)
	at de.uka.ilkd.key.proof.io.AbstractProblemLoader.load(AbstractProblemLoader.java:252)
	at de.uka.ilkd.key.control.AbstractUserInterfaceControl.load(AbstractUserInterfaceControl.java:209)
	... 7 more
Caused by: java.lang.RuntimeException: Could not find rule file rules/intRulesCheckedSemantics.key
	at de.uka.ilkd.key.proof.io.RuleSourceFactory.fromBuiltInRule(RuleSourceFactory.java:32)
	at de.uka.ilkd.key.proof.io.RuleSourceFactory.fromDefaultLocation(RuleSourceFactory.java:21)
	at de.uka.ilkd.key.nparser.builder.IncludeFinder.addInclude(IncludeFinder.java:63)
	at de.uka.ilkd.key.nparser.builder.IncludeFinder.visitOne_include(IncludeFinder.java:43)
	at de.uka.ilkd.key.nparser.builder.IncludeFinder.visitOne_include(IncludeFinder.java:20)
	at de.uka.ilkd.key.nparser.KeYParser$One_includeContext.accept(KeYParser.java:878)
	at de.uka.ilkd.key.nparser.builder.AbstractBuilder.lambda$mapOf$0(AbstractBuilder.java:112)
	at java.base/java.util.stream.ReferencePipeline$3$1.accept(ReferencePipeline.java:195)
	at java.base/java.util.ArrayList$ArrayListSpliterator.forEachRemaining(ArrayList.java:1655)
	at java.base/java.util.stream.AbstractPipeline.copyInto(AbstractPipeline.java:484)
	at java.base/java.util.stream.AbstractPipeline.wrapAndCopyInto(AbstractPipeline.java:474)
	at java.base/java.util.stream.ReduceOps$ReduceOp.evaluateSequential(ReduceOps.java:913)
	at java.base/java.util.stream.AbstractPipeline.evaluate(AbstractPipeline.java:234)
	at java.base/java.util.stream.ReferencePipeline.collect(ReferencePipeline.java:578)
	at de.uka.ilkd.key.nparser.builder.AbstractBuilder.mapOf(AbstractBuilder.java:112)
	at de.uka.ilkd.key.nparser.builder.IncludeFinder.visitOne_include_statement(IncludeFinder.java:35)
	at de.uka.ilkd.key.nparser.builder.IncludeFinder.visitOne_include_statement(IncludeFinder.java:20)
	at de.uka.ilkd.key.nparser.KeYParser$One_include_statementContext.accept(KeYParser.java:802)
	at org.antlr.v4.runtime.tree.AbstractParseTreeVisitor.visitChildren(AbstractParseTreeVisitor.java:46)
	at de.uka.ilkd.key.nparser.KeYParserBaseVisitor.visitDecls(KeYParserBaseVisitor.java:30)
	at de.uka.ilkd.key.nparser.KeYParser$DeclsContext.accept(KeYParser.java:500)
	at org.antlr.v4.runtime.tree.AbstractParseTreeVisitor.visitChildren(AbstractParseTreeVisitor.java:46)
	at de.uka.ilkd.key.nparser.KeYParserBaseVisitor.visitFile(KeYParserBaseVisitor.java:23)
	at de.uka.ilkd.key.nparser.KeYParser$FileContext.accept(KeYParser.java:306)
	at de.uka.ilkd.key.nparser.KeyAst.accept(KeyAst.java:41)
	at de.uka.ilkd.key.nparser.KeyAst$File.getIncludes(KeyAst.java:76)
	at de.uka.ilkd.key.proof.io.KeYFile.readIncludes(KeYFile.java:208)
	... 14 more
Could not find rule file rules/intRulesCheckedSemantics.key (file: /home/runner/work/key/key/key.core/../key.ui/examples/index/../InformationFlow/MethodContracts/contract.IFMethodContract(contract.IFMethodContract__insecure_if_high_n5_n1()).JML operation contract.0.key; caused by: de.uka.ilkd.key.proof.init.ProofInputException: Could not find rule file rules/intRulesCheckedSemantics.key)
	at de.uka.ilkd.key.control.AbstractUserInterfaceControl.load(AbstractUserInterfaceControl.java:221)
	at de.uka.ilkd.key.control.KeYEnvironment.load(KeYEnvironment.java:251)
	at de.uka.ilkd.key.control.KeYEnvironment.load(KeYEnvironment.java:224)
	at de.uka.ilkd.key.control.KeYEnvironment.load(KeYEnvironment.java:184)
	at de.uka.ilkd.key.control.KeYEnvironment.load(KeYEnvironment.java:261)
	at de.uka.ilkd.key.proof.runallproofs.proofcollection.TestFile.load(TestFile.java:270)
	at de.uka.ilkd.key.proof.runallproofs.proofcollection.TestFile.runKey(TestFile.java:160)
	at de.uka.ilkd.key.proof.runallproofs.proofcollection.ForkedTestFileRunner.main(ForkedTestFileRunner.java:171)
Caused by: de.uka.ilkd.key.proof.init.ProofInputException: Could not find rule file rules/intRulesCheckedSemantics.key
	at de.uka.ilkd.key.proof.io.KeYFile.readIncludes(KeYFile.java:210)
	at de.uka.ilkd.key.proof.init.ProblemInitializer.readIncludes(ProblemInitializer.java:177)
	at de.uka.ilkd.key.proof.init.ProblemInitializer.readEnvInput(ProblemInitializer.java:325)
	at de.uka.ilkd.key.proof.init.ProblemInitializer.prepare(ProblemInitializer.java:449)
	at de.uka.ilkd.key.proof.io.AbstractProblemLoader.createInitConfig(AbstractProblemLoader.java:518)
	at de.uka.ilkd.key.proof.io.AbstractProblemLoader.loadEnvironment(AbstractProblemLoader.java:288)
	at de.uka.ilkd.key.proof.io.AbstractProblemLoader.load(AbstractProblemLoader.java:252)
	at de.uka.ilkd.key.control.AbstractUserInterfaceControl.load(AbstractUserInterfaceControl.java:209)
	... 7 more
Caused by: java.lang.RuntimeException: Could not find rule file rules/intRulesCheckedSemantics.key
	at de.uka.ilkd.key.proof.io.RuleSourceFactory.fromBuiltInRule(RuleSourceFactory.java:32)
	at de.uka.ilkd.key.proof.io.RuleSourceFactory.fromDefaultLocation(RuleSourceFactory.java:21)
	at de.uka.ilkd.key.nparser.builder.IncludeFinder.addInclude(IncludeFinder.java:63)
	at de.uka.ilkd.key.nparser.builder.IncludeFinder.visitOne_include(IncludeFinder.java:43)
	at de.uka.ilkd.key.nparser.builder.IncludeFinder.visitOne_include(IncludeFinder.java:20)
	at de.uka.ilkd.key.nparser.KeYParser$One_includeContext.accept(KeYParser.java:878)
	at de.uka.ilkd.key.nparser.builder.AbstractBuilder.lambda$mapOf$0(AbstractBuilder.java:112)
	at java.base/java.util.stream.ReferencePipeline$3$1.accept(ReferencePipeline.java:195)
	at java.base/java.util.ArrayList$ArrayListSpliterator.forEachRemaining(ArrayList.java:1655)
	at java.base/java.util.stream.AbstractPipeline.copyInto(AbstractPipeline.java:484)
	at java.base/java.util.stream.AbstractPipeline.wrapAndCopyInto(AbstractPipeline.java:474)
	at java.base/java.util.stream.ReduceOps$ReduceOp.evaluateSequential(ReduceOps.java:913)
	at java.base/java.util.stream.AbstractPipeline.evaluate(AbstractPipeline.java:234)
	at java.base/java.util.stream.ReferencePipeline.collect(ReferencePipeline.java:578)
	at de.uka.ilkd.key.nparser.builder.AbstractBuilder.mapOf(AbstractBuilder.java:112)
	at de.uka.ilkd.key.nparser.builder.IncludeFinder.visitOne_include_statement(IncludeFinder.java:35)
	at de.uka.ilkd.key.nparser.builder.IncludeFinder.visitOne_include_statement(IncludeFinder.java:20)
	at de.uka.ilkd.key.nparser.KeYParser$One_include_statementContext.accept(KeYParser.java:802)
	at org.antlr.v4.runtime.tree.AbstractParseTreeVisitor.visitChildren(AbstractParseTreeVisitor.java:46)
	at de.uka.ilkd.key.nparser.KeYParserBaseVisitor.visitDecls(KeYParserBaseVisitor.java:30)
	at de.uka.ilkd.key.nparser.KeYParser$DeclsContext.accept(KeYParser.java:500)
	at org.antlr.v4.runtime.tree.AbstractParseTreeVisitor.visitChildren(AbstractParseTreeVisitor.java:46)
	at de.uka.ilkd.key.nparser.KeYParserBaseVisitor.visitFile(KeYParserBaseVisitor.java:23)
	at de.uka.ilkd.key.nparser.KeYParser$FileContext.accept(KeYParser.java:306)
	at de.uka.ilkd.key.nparser.KeyAst.accept(KeyAst.java:41)
	at de.uka.ilkd.key.nparser.KeyAst$File.getIncludes(KeyAst.java:76)
	at de.uka.ilkd.key.proof.io.KeYFile.readIncludes(KeYFile.java:208)
	... 14 more
Could not find rule file rules/intRulesCheckedSemantics.key (file: /home/runner/work/key/key/key.core/../key.ui/examples/index/../InformationFlow/MethodContracts/contract.IFMethodContract(contract.IFMethodContract__n5(int)).JML normal_behavior operation contract.0.key; caused by: de.uka.ilkd.key.proof.init.ProofInputException: Could not find rule file rules/intRulesCheckedSemantics.key)
	at de.uka.ilkd.key.control.AbstractUserInterfaceControl.load(AbstractUserInterfaceControl.java:221)
	at de.uka.ilkd.key.control.KeYEnvironment.load(KeYEnvironment.java:251)
	at de.uka.ilkd.key.control.KeYEnvironment.load(KeYEnvironment.java:224)
	at de.uka.ilkd.key.control.KeYEnvironment.load(KeYEnvironment.java:184)
	at de.uka.ilkd.key.control.KeYEnvironment.load(KeYEnvironment.java:261)
	at de.uka.ilkd.key.proof.runallproofs.proofcollection.TestFile.load(TestFile.java:270)
	at de.uka.ilkd.key.proof.runallproofs.proofcollection.TestFile.runKey(TestFile.java:160)
	at de.uka.ilkd.key.proof.runallproofs.proofcollection.ForkedTestFileRunner.main(ForkedTestFileRunner.java:171)
Caused by: de.uka.ilkd.key.proof.init.ProofInputException: Could not find rule file rules/intRulesCheckedSemantics.key
	at de.uka.ilkd.key.proof.io.KeYFile.readIncludes(KeYFile.java:210)
	at de.uka.ilkd.key.proof.init.ProblemInitializer.readIncludes(ProblemInitializer.java:177)
	at de.uka.ilkd.key.proof.init.ProblemInitializer.readEnvInput(ProblemInitializer.java:325)
	at de.uka.ilkd.key.proof.init.ProblemInitializer.prepare(ProblemInitializer.java:449)
	at de.uka.ilkd.key.proof.io.AbstractProblemLoader.createInitConfig(AbstractProblemLoader.java:518)
	at de.uka.ilkd.key.proof.io.AbstractProblemLoader.loadEnvironment(AbstractProblemLoader.java:288)
	at de.uka.ilkd.key.proof.io.AbstractProblemLoader.load(AbstractProblemLoader.java:252)
	at de.uka.ilkd.key.control.AbstractUserInterfaceControl.load(AbstractUserInterfaceControl.java:209)
	... 7 more
Caused by: java.lang.RuntimeException: Could not find rule file rules/intRulesCheckedSemantics.key
	at de.uka.ilkd.key.proof.io.RuleSourceFactory.fromBuiltInRule(RuleSourceFactory.java:32)
	at de.uka.ilkd.key.proof.io.RuleSourceFactory.fromDefaultLocation(RuleSourceFactory.java:21)
	at de.uka.ilkd.key.nparser.builder.IncludeFinder.addInclude(IncludeFinder.java:63)
	at de.uka.ilkd.key.nparser.builder.IncludeFinder.visitOne_include(IncludeFinder.java:43)
	at de.uka.ilkd.key.nparser.builder.IncludeFinder.visitOne_include(IncludeFinder.java:20)
	at de.uka.ilkd.key.nparser.KeYParser$One_includeContext.accept(KeYParser.java:878)
	at de.uka.ilkd.key.nparser.builder.AbstractBuilder.lambda$mapOf$0(AbstractBuilder.java:112)
	at java.base/java.util.stream.ReferencePipeline$3$1.accept(ReferencePipeline.java:195)
	at java.base/java.util.ArrayList$ArrayListSpliterator.forEachRemaining(ArrayList.java:1655)
	at java.base/java.util.stream.AbstractPipeline.copyInto(AbstractPipeline.java:484)
	at java.base/java.util.stream.AbstractPipeline.wrapAndCopyInto(AbstractPipeline.java:474)
	at java.base/java.util.stream.ReduceOps$ReduceOp.evaluateSequential(ReduceOps.java:913)
	at java.base/java.util.stream.AbstractPipeline.evaluate(AbstractPipeline.java:234)
	at java.base/java.util.stream.ReferencePipeline.collect(ReferencePipeline.java:578)
	at de.uka.ilkd.key.nparser.builder.AbstractBuilder.mapOf(AbstractBuilder.java:112)
	at de.uka.ilkd.key.nparser.builder.IncludeFinder.visitOne_include_statement(IncludeFinder.java:35)
	at de.uka.ilkd.key.nparser.builder.IncludeFinder.visitOne_include_statement(IncludeFinder.java:20)
	at de.uka.ilkd.key.nparser.KeYParser$One_include_statementContext.accept(KeYParser.java:802)
	at org.antlr.v4.runtime.tree.AbstractParseTreeVisitor.visitChildren(AbstractParseTreeVisitor.java:46)
	at de.uka.ilkd.key.nparser.KeYParserBaseVisitor.visitDecls(KeYParserBaseVisitor.java:30)
	at de.uka.ilkd.key.nparser.KeYParser$DeclsContext.accept(KeYParser.java:500)
	at org.antlr.v4.runtime.tree.AbstractParseTreeVisitor.visitChildren(AbstractParseTreeVisitor.java:46)
	at de.uka.ilkd.key.nparser.KeYParserBaseVisitor.visitFile(KeYParserBaseVisitor.java:23)
	at de.uka.ilkd.key.nparser.KeYParser$FileContext.accept(KeYParser.java:306)
	at de.uka.ilkd.key.nparser.KeyAst.accept(KeyAst.java:41)
	at de.uka.ilkd.key.nparser.KeyAst$File.getIncludes(KeyAst.java:76)
	at de.uka.ilkd.key.proof.io.KeYFile.readIncludes(KeYFile.java:208)
	... 14 more
Could not find rule file rules/intRulesCheckedSemantics.key (file: /home/runner/work/key/key/key.core/../key.ui/examples/index/../InformationFlow/MethodContracts/contract.IFMethodContract(contract.IFMethodContract__secure_if_high_n5_n1()).JML operation contract.0.key; caused by: de.uka.ilkd.key.proof.init.ProofInputException: Could not find rule file rules/intRulesCheckedSemantics.key)
	at de.uka.ilkd.key.control.AbstractUserInterfaceControl.load(AbstractUserInterfaceControl.java:221)
	at de.uka.ilkd.key.control.KeYEnvironment.load(KeYEnvironment.java:251)
	at de.uka.ilkd.key.control.KeYEnvironment.load(KeYEnvironment.java:224)
	at de.uka.ilkd.key.control.KeYEnvironment.load(KeYEnvironment.java:184)
	at de.uka.ilkd.key.control.KeYEnvironment.load(KeYEnvironment.java:261)
	at de.uka.ilkd.key.proof.runallproofs.proofcollection.TestFile.load(TestFile.java:270)
	at de.uka.ilkd.key.proof.runallproofs.proofcollection.TestFile.runKey(TestFile.java:160)
	at de.uka.ilkd.key.proof.runallproofs.proofcollection.ForkedTestFileRunner.main(ForkedTestFileRunner.java:171)
Caused by: de.uka.ilkd.key.proof.init.ProofInputException: Could not find rule file rules/intRulesCheckedSemantics.key
	at de.uka.ilkd.key.proof.io.KeYFile.readIncludes(KeYFile.java:210)
	at de.uka.ilkd.key.proof.init.ProblemInitializer.readIncludes(ProblemInitializer.java:177)
	at de.uka.ilkd.key.proof.init.ProblemInitializer.readEnvInput(ProblemInitializer.java:325)
	at de.uka.ilkd.key.proof.init.ProblemInitializer.prepare(ProblemInitializer.java:449)
	at de.uka.ilkd.key.proof.io.AbstractProblemLoader.createInitConfig(AbstractProblemLoader.java:518)
	at de.uka.ilkd.key.proof.io.AbstractProblemLoader.loadEnvironment(AbstractProblemLoader.java:288)
	at de.uka.ilkd.key.proof.io.AbstractProblemLoader.load(AbstractProblemLoader.java:252)
	at de.uka.ilkd.key.control.AbstractUserInterfaceControl.load(AbstractUserInterfaceControl.java:209)
	... 7 more
Caused by: java.lang.RuntimeException: Could not find rule file rules/intRulesCheckedSemantics.key
	at de.uka.ilkd.key.proof.io.RuleSourceFactory.fromBuiltInRule(RuleSourceFactory.java:32)
	at de.uka.ilkd.key.proof.io.RuleSourceFactory.fromDefaultLocation(RuleSourceFactory.java:21)
	at de.uka.ilkd.key.nparser.builder.IncludeFinder.addInclude(IncludeFinder.java:63)
	at de.uka.ilkd.key.nparser.builder.IncludeFinder.visitOne_include(IncludeFinder.java:43)
	at de.uka.ilkd.key.nparser.builder.IncludeFinder.visitOne_include(IncludeFinder.java:20)
	at de.uka.ilkd.key.nparser.KeYParser$One_includeContext.accept(KeYParser.java:878)
	at de.uka.ilkd.key.nparser.builder.AbstractBuilder.lambda$mapOf$0(AbstractBuilder.java:112)
	at java.base/java.util.stream.ReferencePipeline$3$1.accept(ReferencePipeline.java:195)
	at java.base/java.util.ArrayList$ArrayListSpliterator.forEachRemaining(ArrayList.java:1655)
	at java.base/java.util.stream.AbstractPipeline.copyInto(AbstractPipeline.java:484)
	at java.base/java.util.stream.AbstractPipeline.wrapAndCopyInto(AbstractPipeline.java:474)
	at java.base/java.util.stream.ReduceOps$ReduceOp.evaluateSequential(ReduceOps.java:913)
	at java.base/java.util.stream.AbstractPipeline.evaluate(AbstractPipeline.java:234)
	at java.base/java.util.stream.ReferencePipeline.collect(ReferencePipeline.java:578)
	at de.uka.ilkd.key.nparser.builder.AbstractBuilder.mapOf(AbstractBuilder.java:112)
	at de.uka.ilkd.key.nparser.builder.IncludeFinder.visitOne_include_statement(IncludeFinder.java:35)
	at de.uka.ilkd.key.nparser.builder.IncludeFinder.visitOne_include_statement(IncludeFinder.java:20)
	at de.uka.ilkd.key.nparser.KeYParser$One_include_statementContext.accept(KeYParser.java:802)
	at org.antlr.v4.runtime.tree.AbstractParseTreeVisitor.visitChildren(AbstractParseTreeVisitor.java:46)
	at de.uka.ilkd.key.nparser.KeYParserBaseVisitor.visitDecls(KeYParserBaseVisitor.java:30)
	at de.uka.ilkd.key.nparser.KeYParser$DeclsContext.accept(KeYParser.java:500)
	at org.antlr.v4.runtime.tree.AbstractParseTreeVisitor.visitChildren(AbstractParseTreeVisitor.java:46)
	at de.uka.ilkd.key.nparser.KeYParserBaseVisitor.visitFile(KeYParserBaseVisitor.java:23)
	at de.uka.ilkd.key.nparser.KeYParser$FileContext.accept(KeYParser.java:306)
	at de.uka.ilkd.key.nparser.KeyAst.accept(KeyAst.java:41)
	at de.uka.ilkd.key.nparser.KeyAst$File.getIncludes(KeyAst.java:76)
	at de.uka.ilkd.key.proof.io.KeYFile.readIncludes(KeYFile.java:208)
	... 14 more
Could not find rule file rules/intRulesCheckedSemantics.key (file: /home/runner/work/key/key/key.core/../key.ui/examples/index/../InformationFlow/MethodContracts/contract.IFMethodContract(contract.IFMethodContract__secure_if_high_n1()).JML operation contract.0.key; caused by: de.uka.ilkd.key.proof.init.ProofInputException: Could not find rule file rules/intRulesCheckedSemantics.key)
	at de.uka.ilkd.key.control.AbstractUserInterfaceControl.load(AbstractUserInterfaceControl.java:221)
	at de.uka.ilkd.key.control.KeYEnvironment.load(KeYEnvironment.java:251)
	at de.uka.ilkd.key.control.KeYEnvironment.load(KeYEnvironment.java:224)
	at de.uka.ilkd.key.control.KeYEnvironment.load(KeYEnvironment.java:184)
	at de.uka.ilkd.key.control.KeYEnvironment.load(KeYEnvironment.java:261)
	at de.uka.ilkd.key.proof.runallproofs.proofcollection.TestFile.load(TestFile.java:270)
	at de.uka.ilkd.key.proof.runallproofs.proofcollection.TestFile.runKey(TestFile.java:160)
	at de.uka.ilkd.key.proof.runallproofs.proofcollection.ForkedTestFileRunner.main(ForkedTestFileRunner.java:171)
Caused by: de.uka.ilkd.key.proof.init.ProofInputException: Could not find rule file rules/intRulesCheckedSemantics.key
	at de.uka.ilkd.key.proof.io.KeYFile.readIncludes(KeYFile.java:210)
	at de.uka.ilkd.key.proof.init.ProblemInitializer.readIncludes(ProblemInitializer.java:177)
	at de.uka.ilkd.key.proof.init.ProblemInitializer.readEnvInput(ProblemInitializer.java:325)
	at de.uka.ilkd.key.proof.init.ProblemInitializer.prepare(ProblemInitializer.java:449)
	at de.uka.ilkd.key.proof.io.AbstractProblemLoader.createInitConfig(AbstractProblemLoader.java:518)
	at de.uka.ilkd.key.proof.io.AbstractProblemLoader.loadEnvironment(AbstractProblemLoader.java:288)
	at de.uka.ilkd.key.proof.io.AbstractProblemLoader.load(AbstractProblemLoader.java:252)
	at de.uka.ilkd.key.control.AbstractUserInterfaceControl.load(AbstractUserInterfaceControl.java:209)
	... 7 more
Caused by: java.lang.RuntimeException: Could not find rule file rules/intRulesCheckedSemantics.key
	at de.uka.ilkd.key.proof.io.RuleSourceFactory.fromBuiltInRule(RuleSourceFactory.java:32)
	at de.uka.ilkd.key.proof.io.RuleSourceFactory.fromDefaultLocation(RuleSourceFactory.java:21)
	at de.uka.ilkd.key.nparser.builder.IncludeFinder.addInclude(IncludeFinder.java:63)
	at de.uka.ilkd.key.nparser.builder.IncludeFinder.visitOne_include(IncludeFinder.java:43)
	at de.uka.ilkd.key.nparser.builder.IncludeFinder.visitOne_include(IncludeFinder.java:20)
	at de.uka.ilkd.key.nparser.KeYParser$One_includeContext.accept(KeYParser.java:878)
	at de.uka.ilkd.key.nparser.builder.AbstractBuilder.lambda$mapOf$0(AbstractBuilder.java:112)
	at java.base/java.util.stream.ReferencePipeline$3$1.accept(ReferencePipeline.java:195)
	at java.base/java.util.ArrayList$ArrayListSpliterator.forEachRemaining(ArrayList.java:1655)
	at java.base/java.util.stream.AbstractPipeline.copyInto(AbstractPipeline.java:484)
	at java.base/java.util.stream.AbstractPipeline.wrapAndCopyInto(AbstractPipeline.java:474)
	at java.base/java.util.stream.ReduceOps$ReduceOp.evaluateSequential(ReduceOps.java:913)
	at java.base/java.util.stream.AbstractPipeline.evaluate(AbstractPipeline.java:234)
	at java.base/java.util.stream.ReferencePipeline.collect(ReferencePipeline.java:578)
	at de.uka.ilkd.key.nparser.builder.AbstractBuilder.mapOf(AbstractBuilder.java:112)
	at de.uka.ilkd.key.nparser.builder.IncludeFinder.visitOne_include_statement(IncludeFinder.java:35)
	at de.uka.ilkd.key.nparser.builder.IncludeFinder.visitOne_include_statement(IncludeFinder.java:20)
	at de.uka.ilkd.key.nparser.KeYParser$One_include_statementContext.accept(KeYParser.java:802)
	at org.antlr.v4.runtime.tree.AbstractParseTreeVisitor.visitChildren(AbstractParseTreeVisitor.java:46)
	at de.uka.ilkd.key.nparser.KeYParserBaseVisitor.visitDecls(KeYParserBaseVisitor.java:30)
	at de.uka.ilkd.key.nparser.KeYParser$DeclsContext.accept(KeYParser.java:500)
	at org.antlr.v4.runtime.tree.AbstractParseTreeVisitor.visitChildren(AbstractParseTreeVisitor.java:46)
	at de.uka.ilkd.key.nparser.KeYParserBaseVisitor.visitFile(KeYParserBaseVisitor.java:23)
	at de.uka.ilkd.key.nparser.KeYParser$FileContext.accept(KeYParser.java:306)
	at de.uka.ilkd.key.nparser.KeyAst.accept(KeyAst.java:41)
	at de.uka.ilkd.key.nparser.KeyAst$File.getIncludes(KeyAst.java:76)
	at de.uka.ilkd.key.proof.io.KeYFile.readIncludes(KeYFile.java:208)
	... 14 more
Could not find rule file rules/intRulesCheckedSemantics.key (file: /home/runner/work/key/key/key.core/../key.ui/examples/index/../InformationFlow/MethodContracts/contract.IFMethodContract(contract.IFMethodContract__secure_n5()).JML operation contract.0.key; caused by: de.uka.ilkd.key.proof.init.ProofInputException: Could not find rule file rules/intRulesCheckedSemantics.key)
	at de.uka.ilkd.key.control.AbstractUserInterfaceControl.load(AbstractUserInterfaceControl.java:221)
	at de.uka.ilkd.key.control.KeYEnvironment.load(KeYEnvironment.java:251)
	at de.uka.ilkd.key.control.KeYEnvironment.load(KeYEnvironment.java:224)
	at de.uka.ilkd.key.control.KeYEnvironment.load(KeYEnvironment.java:184)
	at de.uka.ilkd.key.control.KeYEnvironment.load(KeYEnvironment.java:261)
	at de.uka.ilkd.key.proof.runallproofs.proofcollection.TestFile.load(TestFile.java:270)
	at de.uka.ilkd.key.proof.runallproofs.proofcollection.TestFile.runKey(TestFile.java:160)
	at de.uka.ilkd.key.proof.runallproofs.proofcollection.ForkedTestFileRunner.main(ForkedTestFileRunner.java:171)
Caused by: de.uka.ilkd.key.proof.init.ProofInputException: Could not find rule file rules/intRulesCheckedSemantics.key
	at de.uka.ilkd.key.proof.io.KeYFile.readIncludes(KeYFile.java:210)
	at de.uka.ilkd.key.proof.init.ProblemInitializer.readIncludes(ProblemInitializer.java:177)
	at de.uka.ilkd.key.proof.init.ProblemInitializer.readEnvInput(ProblemInitializer.java:325)
	at de.uka.ilkd.key.proof.init.ProblemInitializer.prepare(ProblemInitializer.java:449)
	at de.uka.ilkd.key.proof.io.AbstractProblemLoader.createInitConfig(AbstractProblemLoader.java:518)
	at de.uka.ilkd.key.proof.io.AbstractProblemLoader.loadEnvironment(AbstractProblemLoader.java:288)
	at de.uka.ilkd.key.proof.io.AbstractProblemLoader.load(AbstractProblemLoader.java:252)
	at de.uka.ilkd.key.control.AbstractUserInterfaceControl.load(AbstractUserInterfaceControl.java:209)
	... 7 more
Caused by: java.lang.RuntimeException: Could not find rule file rules/intRulesCheckedSemantics.key
	at de.uka.ilkd.key.proof.io.RuleSourceFactory.fromBuiltInRule(RuleSourceFactory.java:32)
	at de.uka.ilkd.key.proof.io.RuleSourceFactory.fromDefaultLocation(RuleSourceFactory.java:21)
	at de.uka.ilkd.key.nparser.builder.IncludeFinder.addInclude(IncludeFinder.java:63)
	at de.uka.ilkd.key.nparser.builder.IncludeFinder.visitOne_include(IncludeFinder.java:43)
	at de.uka.ilkd.key.nparser.builder.IncludeFinder.visitOne_include(IncludeFinder.java:20)
	at de.uka.ilkd.key.nparser.KeYParser$One_includeContext.accept(KeYParser.java:878)
	at de.uka.ilkd.key.nparser.builder.AbstractBuilder.lambda$mapOf$0(AbstractBuilder.java:112)
	at java.base/java.util.stream.ReferencePipeline$3$1.accept(ReferencePipeline.java:195)
	at java.base/java.util.ArrayList$ArrayListSpliterator.forEachRemaining(ArrayList.java:1655)
	at java.base/java.util.stream.AbstractPipeline.copyInto(AbstractPipeline.java:484)
	at java.base/java.util.stream.AbstractPipeline.wrapAndCopyInto(AbstractPipeline.java:474)
	at java.base/java.util.stream.ReduceOps$ReduceOp.evaluateSequential(ReduceOps.java:913)
	at java.base/java.util.stream.AbstractPipeline.evaluate(AbstractPipeline.java:234)
	at java.base/java.util.stream.ReferencePipeline.collect(ReferencePipeline.java:578)
	at de.uka.ilkd.key.nparser.builder.AbstractBuilder.mapOf(AbstractBuilder.java:112)
	at de.uka.ilkd.key.nparser.builder.IncludeFinder.visitOne_include_statement(IncludeFinder.java:35)
	at de.uka.ilkd.key.nparser.builder.IncludeFinder.visitOne_include_statement(IncludeFinder.java:20)
	at de.uka.ilkd.key.nparser.KeYParser$One_include_statementContext.accept(KeYParser.java:802)
	at org.antlr.v4.runtime.tree.AbstractParseTreeVisitor.visitChildren(AbstractParseTreeVisitor.java:46)
	at de.uka.ilkd.key.nparser.KeYParserBaseVisitor.visitDecls(KeYParserBaseVisitor.java:30)
	at de.uka.ilkd.key.nparser.KeYParser$DeclsContext.accept(KeYParser.java:500)
	at org.antlr.v4.runtime.tree.AbstractParseTreeVisitor.visitChildren(AbstractParseTreeVisitor.java:46)
	at de.uka.ilkd.key.nparser.KeYParserBaseVisitor.visitFile(KeYParserBaseVisitor.java:23)
	at de.uka.ilkd.key.nparser.KeYParser$FileContext.accept(KeYParser.java:306)
	at de.uka.ilkd.key.nparser.KeyAst.accept(KeyAst.java:41)
	at de.uka.ilkd.key.nparser.KeyAst$File.getIncludes(KeyAst.java:76)
	at de.uka.ilkd.key.proof.io.KeYFile.readIncludes(KeYFile.java:208)
	... 14 more
Could not find rule file rules/intRulesCheckedSemantics.key (file: /home/runner/work/key/key/key.core/../key.ui/examples/index/../InformationFlow/MethodContracts/contract.IFMethodContract(contract.IFMethodContract__n4()).JML normal_behavior operation contract.0.key; caused by: de.uka.ilkd.key.proof.init.ProofInputException: Could not find rule file rules/intRulesCheckedSemantics.key)
	at de.uka.ilkd.key.control.AbstractUserInterfaceControl.load(AbstractUserInterfaceControl.java:221)
	at de.uka.ilkd.key.control.KeYEnvironment.load(KeYEnvironment.java:251)
	at de.uka.ilkd.key.control.KeYEnvironment.load(KeYEnvironment.java:224)
	at de.uka.ilkd.key.control.KeYEnvironment.load(KeYEnvironment.java:184)
	at de.uka.ilkd.key.control.KeYEnvironment.load(KeYEnvironment.java:261)
	at de.uka.ilkd.key.proof.runallproofs.proofcollection.TestFile.load(TestFile.java:270)
	at de.uka.ilkd.key.proof.runallproofs.proofcollection.TestFile.runKey(TestFile.java:160)
	at de.uka.ilkd.key.proof.runallproofs.proofcollection.ForkedTestFileRunner.main(ForkedTestFileRunner.java:171)
Caused by: de.uka.ilkd.key.proof.init.ProofInputException: Could not find rule file rules/intRulesCheckedSemantics.key
	at de.uka.ilkd.key.proof.io.KeYFile.readIncludes(KeYFile.java:210)
	at de.uka.ilkd.key.proof.init.ProblemInitializer.readIncludes(ProblemInitializer.java:177)
	at de.uka.ilkd.key.proof.init.ProblemInitializer.readEnvInput(ProblemInitializer.java:325)
	at de.uka.ilkd.key.proof.init.ProblemInitializer.prepare(ProblemInitializer.java:449)
	at de.uka.ilkd.key.proof.io.AbstractProblemLoader.createInitConfig(AbstractProblemLoader.java:518)
	at de.uka.ilkd.key.proof.io.AbstractProblemLoader.loadEnvironment(AbstractProblemLoader.java:288)
	at de.uka.ilkd.key.proof.io.AbstractProblemLoader.load(AbstractProblemLoader.java:252)
	at de.uka.ilkd.key.control.AbstractUserInterfaceControl.load(AbstractUserInterfaceControl.java:209)
	... 7 more
Caused by: java.lang.RuntimeException: Could not find rule file rules/intRulesCheckedSemantics.key
	at de.uka.ilkd.key.proof.io.RuleSourceFactory.fromBuiltInRule(RuleSourceFactory.java:32)
	at de.uka.ilkd.key.proof.io.RuleSourceFactory.fromDefaultLocation(RuleSourceFactory.java:21)
	at de.uka.ilkd.key.nparser.builder.IncludeFinder.addInclude(IncludeFinder.java:63)
	at de.uka.ilkd.key.nparser.builder.IncludeFinder.visitOne_include(IncludeFinder.java:43)
	at de.uka.ilkd.key.nparser.builder.IncludeFinder.visitOne_include(IncludeFinder.java:20)
	at de.uka.ilkd.key.nparser.KeYParser$One_includeContext.accept(KeYParser.java:878)
	at de.uka.ilkd.key.nparser.builder.AbstractBuilder.lambda$mapOf$0(AbstractBuilder.java:112)
	at java.base/java.util.stream.ReferencePipeline$3$1.accept(ReferencePipeline.java:195)
	at java.base/java.util.ArrayList$ArrayListSpliterator.forEachRemaining(ArrayList.java:1655)
	at java.base/java.util.stream.AbstractPipeline.copyInto(AbstractPipeline.java:484)
	at java.base/java.util.stream.AbstractPipeline.wrapAndCopyInto(AbstractPipeline.java:474)
	at java.base/java.util.stream.ReduceOps$ReduceOp.evaluateSequential(ReduceOps.java:913)
	at java.base/java.util.stream.AbstractPipeline.evaluate(AbstractPipeline.java:234)
	at java.base/java.util.stream.ReferencePipeline.collect(ReferencePipeline.java:578)
	at de.uka.ilkd.key.nparser.builder.AbstractBuilder.mapOf(AbstractBuilder.java:112)
	at de.uka.ilkd.key.nparser.builder.IncludeFinder.visitOne_include_statement(IncludeFinder.java:35)
	at de.uka.ilkd.key.nparser.builder.IncludeFinder.visitOne_include_statement(IncludeFinder.java:20)
	at de.uka.ilkd.key.nparser.KeYParser$One_include_statementContext.accept(KeYParser.java:802)
	at org.antlr.v4.runtime.tree.AbstractParseTreeVisitor.visitChildren(AbstractParseTreeVisitor.java:46)
	at de.uka.ilkd.key.nparser.KeYParserBaseVisitor.visitDecls(KeYParserBaseVisitor.java:30)
	at de.uka.ilkd.key.nparser.KeYParser$DeclsContext.accept(KeYParser.java:500)
	at org.antlr.v4.runtime.tree.AbstractParseTreeVisitor.visitChildren(AbstractParseTreeVisitor.java:46)
	at de.uka.ilkd.key.nparser.KeYParserBaseVisitor.visitFile(KeYParserBaseVisitor.java:23)
	at de.uka.ilkd.key.nparser.KeYParser$FileContext.accept(KeYParser.java:306)
	at de.uka.ilkd.key.nparser.KeyAst.accept(KeyAst.java:41)
	at de.uka.ilkd.key.nparser.KeyAst$File.getIncludes(KeyAst.java:76)
	at de.uka.ilkd.key.proof.io.KeYFile.readIncludes(KeYFile.java:208)
	... 14 more
Could not find rule file rules/intRulesCheckedSemantics.key (file: /home/runner/work/key/key/key.core/../key.ui/examples/index/../InformationFlow/MethodContracts/contract.IFMethodContract(contract.IFMethodContract__n3()).JML normal_behavior operation contract.0.key; caused by: de.uka.ilkd.key.proof.init.ProofInputException: Could not find rule file rules/intRulesCheckedSemantics.key)
	at de.uka.ilkd.key.control.AbstractUserInterfaceControl.load(AbstractUserInterfaceControl.java:221)
	at de.uka.ilkd.key.control.KeYEnvironment.load(KeYEnvironment.java:251)
	at de.uka.ilkd.key.control.KeYEnvironment.load(KeYEnvironment.java:224)
	at de.uka.ilkd.key.control.KeYEnvironment.load(KeYEnvironment.java:184)
	at de.uka.ilkd.key.control.KeYEnvironment.load(KeYEnvironment.java:261)
	at de.uka.ilkd.key.proof.runallproofs.proofcollection.TestFile.load(TestFile.java:270)
	at de.uka.ilkd.key.proof.runallproofs.proofcollection.TestFile.runKey(TestFile.java:160)
	at de.uka.ilkd.key.proof.runallproofs.proofcollection.ForkedTestFileRunner.main(ForkedTestFileRunner.java:171)
Caused by: de.uka.ilkd.key.proof.init.ProofInputException: Could not find rule file rules/intRulesCheckedSemantics.key
	at de.uka.ilkd.key.proof.io.KeYFile.readIncludes(KeYFile.java:210)
	at de.uka.ilkd.key.proof.init.ProblemInitializer.readIncludes(ProblemInitializer.java:177)
	at de.uka.ilkd.key.proof.init.ProblemInitializer.readEnvInput(ProblemInitializer.java:325)
	at de.uka.ilkd.key.proof.init.ProblemInitializer.prepare(ProblemInitializer.java:449)
	at de.uka.ilkd.key.proof.io.AbstractProblemLoader.createInitConfig(AbstractProblemLoader.java:518)
	at de.uka.ilkd.key.proof.io.AbstractProblemLoader.loadEnvironment(AbstractProblemLoader.java:288)
	at de.uka.ilkd.key.proof.io.AbstractProblemLoader.load(AbstractProblemLoader.java:252)
	at de.uka.ilkd.key.control.AbstractUserInterfaceControl.load(AbstractUserInterfaceControl.java:209)
	... 7 more
Caused by: java.lang.RuntimeException: Could not find rule file rules/intRulesCheckedSemantics.key
	at de.uka.ilkd.key.proof.io.RuleSourceFactory.fromBuiltInRule(RuleSourceFactory.java:32)
	at de.uka.ilkd.key.proof.io.RuleSourceFactory.fromDefaultLocation(RuleSourceFactory.java:21)
	at de.uka.ilkd.key.nparser.builder.IncludeFinder.addInclude(IncludeFinder.java:63)
	at de.uka.ilkd.key.nparser.builder.IncludeFinder.visitOne_include(IncludeFinder.java:43)
	at de.uka.ilkd.key.nparser.builder.IncludeFinder.visitOne_include(IncludeFinder.java:20)
	at de.uka.ilkd.key.nparser.KeYParser$One_includeContext.accept(KeYParser.java:878)
	at de.uka.ilkd.key.nparser.builder.AbstractBuilder.lambda$mapOf$0(AbstractBuilder.java:112)
	at java.base/java.util.stream.ReferencePipeline$3$1.accept(ReferencePipeline.java:195)
	at java.base/java.util.ArrayList$ArrayListSpliterator.forEachRemaining(ArrayList.java:1655)
	at java.base/java.util.stream.AbstractPipeline.copyInto(AbstractPipeline.java:484)
	at java.base/java.util.stream.AbstractPipeline.wrapAndCopyInto(AbstractPipeline.java:474)
	at java.base/java.util.stream.ReduceOps$ReduceOp.evaluateSequential(ReduceOps.java:913)
	at java.base/java.util.stream.AbstractPipeline.evaluate(AbstractPipeline.java:234)
	at java.base/java.util.stream.ReferencePipeline.collect(ReferencePipeline.java:578)
	at de.uka.ilkd.key.nparser.builder.AbstractBuilder.mapOf(AbstractBuilder.java:112)
	at de.uka.ilkd.key.nparser.builder.IncludeFinder.visitOne_include_statement(IncludeFinder.java:35)
	at de.uka.ilkd.key.nparser.builder.IncludeFinder.visitOne_include_statement(IncludeFinder.java:20)
	at de.uka.ilkd.key.nparser.KeYParser$One_include_statementContext.accept(KeYParser.java:802)
	at org.antlr.v4.runtime.tree.AbstractParseTreeVisitor.visitChildren(AbstractParseTreeVisitor.java:46)
	at de.uka.ilkd.key.nparser.KeYParserBaseVisitor.visitDecls(KeYParserBaseVisitor.java:30)
	at de.uka.ilkd.key.nparser.KeYParser$DeclsContext.accept(KeYParser.java:500)
	at org.antlr.v4.runtime.tree.AbstractParseTreeVisitor.visitChildren(AbstractParseTreeVisitor.java:46)
	at de.uka.ilkd.key.nparser.KeYParserBaseVisitor.visitFile(KeYParserBaseVisitor.java:23)
	at de.uka.ilkd.key.nparser.KeYParser$FileContext.accept(KeYParser.java:306)
	at de.uka.ilkd.key.nparser.KeyAst.accept(KeyAst.java:41)
	at de.uka.ilkd.key.nparser.KeyAst$File.getIncludes(KeyAst.java:76)
	at de.uka.ilkd.key.proof.io.KeYFile.readIncludes(KeYFile.java:208)
	... 14 more
Could not find rule file rules/intRulesCheckedSemantics.key (file: /home/runner/work/key/key/key.core/../key.ui/examples/index/../InformationFlow/MethodContracts/contract.IFMethodContract(contract.IFMethodContract__secure_sequential_n3_precond_n4()).JML operation contract.0.key; caused by: de.uka.ilkd.key.proof.init.ProofInputException: Could not find rule file rules/intRulesCheckedSemantics.key)
	at de.uka.ilkd.key.control.AbstractUserInterfaceControl.load(AbstractUserInterfaceControl.java:221)
	at de.uka.ilkd.key.control.KeYEnvironment.load(KeYEnvironment.java:251)
	at de.uka.ilkd.key.control.KeYEnvironment.load(KeYEnvironment.java:224)
	at de.uka.ilkd.key.control.KeYEnvironment.load(KeYEnvironment.java:184)
	at de.uka.ilkd.key.control.KeYEnvironment.load(KeYEnvironment.java:261)
	at de.uka.ilkd.key.proof.runallproofs.proofcollection.TestFile.load(TestFile.java:270)
	at de.uka.ilkd.key.proof.runallproofs.proofcollection.TestFile.runKey(TestFile.java:160)
	at de.uka.ilkd.key.proof.runallproofs.proofcollection.ForkedTestFileRunner.main(ForkedTestFileRunner.java:171)
Caused by: de.uka.ilkd.key.proof.init.ProofInputException: Could not find rule file rules/intRulesCheckedSemantics.key
	at de.uka.ilkd.key.proof.io.KeYFile.readIncludes(KeYFile.java:210)
	at de.uka.ilkd.key.proof.init.ProblemInitializer.readIncludes(ProblemInitializer.java:177)
	at de.uka.ilkd.key.proof.init.ProblemInitializer.readEnvInput(ProblemInitializer.java:325)
	at de.uka.ilkd.key.proof.init.ProblemInitializer.prepare(ProblemInitializer.java:449)
	at de.uka.ilkd.key.proof.io.AbstractProblemLoader.createInitConfig(AbstractProblemLoader.java:518)
	at de.uka.ilkd.key.proof.io.AbstractProblemLoader.loadEnvironment(AbstractProblemLoader.java:288)
	at de.uka.ilkd.key.proof.io.AbstractProblemLoader.load(AbstractProblemLoader.java:252)
	at de.uka.ilkd.key.control.AbstractUserInterfaceControl.load(AbstractUserInterfaceControl.java:209)
	... 7 more
Caused by: java.lang.RuntimeException: Could not find rule file rules/intRulesCheckedSemantics.key
	at de.uka.ilkd.key.proof.io.RuleSourceFactory.fromBuiltInRule(RuleSourceFactory.java:32)
	at de.uka.ilkd.key.proof.io.RuleSourceFactory.fromDefaultLocation(RuleSourceFactory.java:21)
	at de.uka.ilkd.key.nparser.builder.IncludeFinder.addInclude(IncludeFinder.java:63)
	at de.uka.ilkd.key.nparser.builder.IncludeFinder.visitOne_include(IncludeFinder.java:43)
	at de.uka.ilkd.key.nparser.builder.IncludeFinder.visitOne_include(IncludeFinder.java:20)
	at de.uka.ilkd.key.nparser.KeYParser$One_includeContext.accept(KeYParser.java:878)
	at de.uka.ilkd.key.nparser.builder.AbstractBuilder.lambda$mapOf$0(AbstractBuilder.java:112)
	at java.base/java.util.stream.ReferencePipeline$3$1.accept(ReferencePipeline.java:195)
	at java.base/java.util.ArrayList$ArrayListSpliterator.forEachRemaining(ArrayList.java:1655)
	at java.base/java.util.stream.AbstractPipeline.copyInto(AbstractPipeline.java:484)
	at java.base/java.util.stream.AbstractPipeline.wrapAndCopyInto(AbstractPipeline.java:474)
	at java.base/java.util.stream.ReduceOps$ReduceOp.evaluateSequential(ReduceOps.java:913)
	at java.base/java.util.stream.AbstractPipeline.evaluate(AbstractPipeline.java:234)
	at java.base/java.util.stream.ReferencePipeline.collect(ReferencePipeline.java:578)
	at de.uka.ilkd.key.nparser.builder.AbstractBuilder.mapOf(AbstractBuilder.java:112)
	at de.uka.ilkd.key.nparser.builder.IncludeFinder.visitOne_include_statement(IncludeFinder.java:35)
	at de.uka.ilkd.key.nparser.builder.IncludeFinder.visitOne_include_statement(IncludeFinder.java:20)
	at de.uka.ilkd.key.nparser.KeYParser$One_include_statementContext.accept(KeYParser.java:802)
	at org.antlr.v4.runtime.tree.AbstractParseTreeVisitor.visitChildren(AbstractParseTreeVisitor.java:46)
	at de.uka.ilkd.key.nparser.KeYParserBaseVisitor.visitDecls(KeYParserBaseVisitor.java:30)
	at de.uka.ilkd.key.nparser.KeYParser$DeclsContext.accept(KeYParser.java:500)
	at org.antlr.v4.runtime.tree.AbstractParseTreeVisitor.visitChildren(AbstractParseTreeVisitor.java:46)
	at de.uka.ilkd.key.nparser.KeYParserBaseVisitor.visitFile(KeYParserBaseVisitor.java:23)
	at de.uka.ilkd.key.nparser.KeYParser$FileContext.accept(KeYParser.java:306)
	at de.uka.ilkd.key.nparser.KeyAst.accept(KeyAst.java:41)
	at de.uka.ilkd.key.nparser.KeyAst$File.getIncludes(KeyAst.java:76)
	at de.uka.ilkd.key.proof.io.KeYFile.readIncludes(KeYFile.java:208)
	... 14 more
Could not find rule file rules/intRulesCheckedSemantics.key (file: /home/runner/work/key/key/key.core/../key.ui/examples/index/../InformationFlow/MethodContracts/contract.IFMethodContract(contract.IFMethodContract__insecure_assignment_n2()).JML operation contract.0.key; caused by: de.uka.ilkd.key.proof.init.ProofInputException: Could not find rule file rules/intRulesCheckedSemantics.key)
	at de.uka.ilkd.key.control.AbstractUserInterfaceControl.load(AbstractUserInterfaceControl.java:221)
	at de.uka.ilkd.key.control.KeYEnvironment.load(KeYEnvironment.java:251)
	at de.uka.ilkd.key.control.KeYEnvironment.load(KeYEnvironment.java:224)
	at de.uka.ilkd.key.control.KeYEnvironment.load(KeYEnvironment.java:184)
	at de.uka.ilkd.key.control.KeYEnvironment.load(KeYEnvironment.java:261)
	at de.uka.ilkd.key.proof.runallproofs.proofcollection.TestFile.load(TestFile.java:270)
	at de.uka.ilkd.key.proof.runallproofs.proofcollection.TestFile.runKey(TestFile.java:160)
	at de.uka.ilkd.key.proof.runallproofs.proofcollection.ForkedTestFileRunner.main(ForkedTestFileRunner.java:171)
Caused by: de.uka.ilkd.key.proof.init.ProofInputException: Could not find rule file rules/intRulesCheckedSemantics.key
	at de.uka.ilkd.key.proof.io.KeYFile.readIncludes(KeYFile.java:210)
	at de.uka.ilkd.key.proof.init.ProblemInitializer.readIncludes(ProblemInitializer.java:177)
	at de.uka.ilkd.key.proof.init.ProblemInitializer.readEnvInput(ProblemInitializer.java:325)
	at de.uka.ilkd.key.proof.init.ProblemInitializer.prepare(ProblemInitializer.java:449)
	at de.uka.ilkd.key.proof.io.AbstractProblemLoader.createInitConfig(AbstractProblemLoader.java:518)
	at de.uka.ilkd.key.proof.io.AbstractProblemLoader.loadEnvironment(AbstractProblemLoader.java:288)
	at de.uka.ilkd.key.proof.io.AbstractProblemLoader.load(AbstractProblemLoader.java:252)
	at de.uka.ilkd.key.control.AbstractUserInterfaceControl.load(AbstractUserInterfaceControl.java:209)
	... 7 more
Caused by: java.lang.RuntimeException: Could not find rule file rules/intRulesCheckedSemantics.key
	at de.uka.ilkd.key.proof.io.RuleSourceFactory.fromBuiltInRule(RuleSourceFactory.java:32)
	at de.uka.ilkd.key.proof.io.RuleSourceFactory.fromDefaultLocation(RuleSourceFactory.java:21)
	at de.uka.ilkd.key.nparser.builder.IncludeFinder.addInclude(IncludeFinder.java:63)
	at de.uka.ilkd.key.nparser.builder.IncludeFinder.visitOne_include(IncludeFinder.java:43)
	at de.uka.ilkd.key.nparser.builder.IncludeFinder.visitOne_include(IncludeFinder.java:20)
	at de.uka.ilkd.key.nparser.KeYParser$One_includeContext.accept(KeYParser.java:878)
	at de.uka.ilkd.key.nparser.builder.AbstractBuilder.lambda$mapOf$0(AbstractBuilder.java:112)
	at java.base/java.util.stream.ReferencePipeline$3$1.accept(ReferencePipeline.java:195)
	at java.base/java.util.ArrayList$ArrayListSpliterator.forEachRemaining(ArrayList.java:1655)
	at java.base/java.util.stream.AbstractPipeline.copyInto(AbstractPipeline.java:484)
	at java.base/java.util.stream.AbstractPipeline.wrapAndCopyInto(AbstractPipeline.java:474)
	at java.base/java.util.stream.ReduceOps$ReduceOp.evaluateSequential(ReduceOps.java:913)
	at java.base/java.util.stream.AbstractPipeline.evaluate(AbstractPipeline.java:234)
	at java.base/java.util.stream.ReferencePipeline.collect(ReferencePipeline.java:578)
	at de.uka.ilkd.key.nparser.builder.AbstractBuilder.mapOf(AbstractBuilder.java:112)
	at de.uka.ilkd.key.nparser.builder.IncludeFinder.visitOne_include_statement(IncludeFinder.java:35)
	at de.uka.ilkd.key.nparser.builder.IncludeFinder.visitOne_include_statement(IncludeFinder.java:20)
	at de.uka.ilkd.key.nparser.KeYParser$One_include_statementContext.accept(KeYParser.java:802)
	at org.antlr.v4.runtime.tree.AbstractParseTreeVisitor.visitChildren(AbstractParseTreeVisitor.java:46)
	at de.uka.ilkd.key.nparser.KeYParserBaseVisitor.visitDecls(KeYParserBaseVisitor.java:30)
	at de.uka.ilkd.key.nparser.KeYParser$DeclsContext.accept(KeYParser.java:500)
	at org.antlr.v4.runtime.tree.AbstractParseTreeVisitor.visitChildren(AbstractParseTreeVisitor.java:46)
	at de.uka.ilkd.key.nparser.KeYParserBaseVisitor.visitFile(KeYParserBaseVisitor.java:23)
	at de.uka.ilkd.key.nparser.KeYParser$FileContext.accept(KeYParser.java:306)
	at de.uka.ilkd.key.nparser.KeyAst.accept(KeyAst.java:41)
	at de.uka.ilkd.key.nparser.KeyAst$File.getIncludes(KeyAst.java:76)
	at de.uka.ilkd.key.proof.io.KeYFile.readIncludes(KeYFile.java:208)
	... 14 more
Could not find rule file rules/intRulesCheckedSemantics.key (file: /home/runner/work/key/key/key.core/../key.ui/examples/index/../InformationFlow/MethodContracts/contract.IFMethodContract(contract.IFMethodContract__secure_assignments_n2()).JML operation contract.0.key; caused by: de.uka.ilkd.key.proof.init.ProofInputException: Could not find rule file rules/intRulesCheckedSemantics.key)
	at de.uka.ilkd.key.control.AbstractUserInterfaceControl.load(AbstractUserInterfaceControl.java:221)
	at de.uka.ilkd.key.control.KeYEnvironment.load(KeYEnvironment.java:251)
	at de.uka.ilkd.key.control.KeYEnvironment.load(KeYEnvironment.java:224)
	at de.uka.ilkd.key.control.KeYEnvironment.load(KeYEnvironment.java:184)
	at de.uka.ilkd.key.control.KeYEnvironment.load(KeYEnvironment.java:261)
	at de.uka.ilkd.key.proof.runallproofs.proofcollection.TestFile.load(TestFile.java:270)
	at de.uka.ilkd.key.proof.runallproofs.proofcollection.TestFile.runKey(TestFile.java:160)
	at de.uka.ilkd.key.proof.runallproofs.proofcollection.ForkedTestFileRunner.main(ForkedTestFileRunner.java:171)
Caused by: de.uka.ilkd.key.proof.init.ProofInputException: Could not find rule file rules/intRulesCheckedSemantics.key
	at de.uka.ilkd.key.proof.io.KeYFile.readIncludes(KeYFile.java:210)
	at de.uka.ilkd.key.proof.init.ProblemInitializer.readIncludes(ProblemInitializer.java:177)
	at de.uka.ilkd.key.proof.init.ProblemInitializer.readEnvInput(ProblemInitializer.java:325)
	at de.uka.ilkd.key.proof.init.ProblemInitializer.prepare(ProblemInitializer.java:449)
	at de.uka.ilkd.key.proof.io.AbstractProblemLoader.createInitConfig(AbstractProblemLoader.java:518)
	at de.uka.ilkd.key.proof.io.AbstractProblemLoader.loadEnvironment(AbstractProblemLoader.java:288)
	at de.uka.ilkd.key.proof.io.AbstractProblemLoader.load(AbstractProblemLoader.java:252)
	at de.uka.ilkd.key.control.AbstractUserInterfaceControl.load(AbstractUserInterfaceControl.java:209)
	... 7 more
Caused by: java.lang.RuntimeException: Could not find rule file rules/intRulesCheckedSemantics.key
	at de.uka.ilkd.key.proof.io.RuleSourceFactory.fromBuiltInRule(RuleSourceFactory.java:32)
	at de.uka.ilkd.key.proof.io.RuleSourceFactory.fromDefaultLocation(RuleSourceFactory.java:21)
	at de.uka.ilkd.key.nparser.builder.IncludeFinder.addInclude(IncludeFinder.java:63)
	at de.uka.ilkd.key.nparser.builder.IncludeFinder.visitOne_include(IncludeFinder.java:43)
	at de.uka.ilkd.key.nparser.builder.IncludeFinder.visitOne_include(IncludeFinder.java:20)
	at de.uka.ilkd.key.nparser.KeYParser$One_includeContext.accept(KeYParser.java:878)
	at de.uka.ilkd.key.nparser.builder.AbstractBuilder.lambda$mapOf$0(AbstractBuilder.java:112)
	at java.base/java.util.stream.ReferencePipeline$3$1.accept(ReferencePipeline.java:195)
	at java.base/java.util.ArrayList$ArrayListSpliterator.forEachRemaining(ArrayList.java:1655)
	at java.base/java.util.stream.AbstractPipeline.copyInto(AbstractPipeline.java:484)
	at java.base/java.util.stream.AbstractPipeline.wrapAndCopyInto(AbstractPipeline.java:474)
	at java.base/java.util.stream.ReduceOps$ReduceOp.evaluateSequential(ReduceOps.java:913)
	at java.base/java.util.stream.AbstractPipeline.evaluate(AbstractPipeline.java:234)
	at java.base/java.util.stream.ReferencePipeline.collect(ReferencePipeline.java:578)
	at de.uka.ilkd.key.nparser.builder.AbstractBuilder.mapOf(AbstractBuilder.java:112)
	at de.uka.ilkd.key.nparser.builder.IncludeFinder.visitOne_include_statement(IncludeFinder.java:35)
	at de.uka.ilkd.key.nparser.builder.IncludeFinder.visitOne_include_statement(IncludeFinder.java:20)
	at de.uka.ilkd.key.nparser.KeYParser$One_include_statementContext.accept(KeYParser.java:802)
	at org.antlr.v4.runtime.tree.AbstractParseTreeVisitor.visitChildren(AbstractParseTreeVisitor.java:46)
	at de.uka.ilkd.key.nparser.KeYParserBaseVisitor.visitDecls(KeYParserBaseVisitor.java:30)
	at de.uka.ilkd.key.nparser.KeYParser$DeclsContext.accept(KeYParser.java:500)
	at org.antlr.v4.runtime.tree.AbstractParseTreeVisitor.visitChildren(AbstractParseTreeVisitor.java:46)
	at de.uka.ilkd.key.nparser.KeYParserBaseVisitor.visitFile(KeYParserBaseVisitor.java:23)
	at de.uka.ilkd.key.nparser.KeYParser$FileContext.accept(KeYParser.java:306)
	at de.uka.ilkd.key.nparser.KeyAst.accept(KeyAst.java:41)
	at de.uka.ilkd.key.nparser.KeyAst$File.getIncludes(KeyAst.java:76)
	at de.uka.ilkd.key.proof.io.KeYFile.readIncludes(KeYFile.java:208)
	... 14 more
Could not find rule file rules/intRulesCheckedSemantics.key (file: /home/runner/work/key/key/key.core/../key.ui/examples/index/../InformationFlow/MethodContracts/contract.IFMethodContract(contract.IFMethodContract__n2()).JML normal_behavior operation contract.0.key; caused by: de.uka.ilkd.key.proof.init.ProofInputException: Could not find rule file rules/intRulesCheckedSemantics.key)
	at de.uka.ilkd.key.control.AbstractUserInterfaceControl.load(AbstractUserInterfaceControl.java:221)
	at de.uka.ilkd.key.control.KeYEnvironment.load(KeYEnvironment.java:251)
	at de.uka.ilkd.key.control.KeYEnvironment.load(KeYEnvironment.java:224)
	at de.uka.ilkd.key.control.KeYEnvironment.load(KeYEnvironment.java:184)
	at de.uka.ilkd.key.control.KeYEnvironment.load(KeYEnvironment.java:261)
	at de.uka.ilkd.key.proof.runallproofs.proofcollection.TestFile.load(TestFile.java:270)
	at de.uka.ilkd.key.proof.runallproofs.proofcollection.TestFile.runKey(TestFile.java:160)
	at de.uka.ilkd.key.proof.runallproofs.proofcollection.ForkedTestFileRunner.main(ForkedTestFileRunner.java:171)
Caused by: de.uka.ilkd.key.proof.init.ProofInputException: Could not find rule file rules/intRulesCheckedSemantics.key
	at de.uka.ilkd.key.proof.io.KeYFile.readIncludes(KeYFile.java:210)
	at de.uka.ilkd.key.proof.init.ProblemInitializer.readIncludes(ProblemInitializer.java:177)
	at de.uka.ilkd.key.proof.init.ProblemInitializer.readEnvInput(ProblemInitializer.java:325)
	at de.uka.ilkd.key.proof.init.ProblemInitializer.prepare(ProblemInitializer.java:449)
	at de.uka.ilkd.key.proof.io.AbstractProblemLoader.createInitConfig(AbstractProblemLoader.java:518)
	at de.uka.ilkd.key.proof.io.AbstractProblemLoader.loadEnvironment(AbstractProblemLoader.java:288)
	at de.uka.ilkd.key.proof.io.AbstractProblemLoader.load(AbstractProblemLoader.java:252)
	at de.uka.ilkd.key.control.AbstractUserInterfaceControl.load(AbstractUserInterfaceControl.java:209)
	... 7 more
Caused by: java.lang.RuntimeException: Could not find rule file rules/intRulesCheckedSemantics.key
	at de.uka.ilkd.key.proof.io.RuleSourceFactory.fromBuiltInRule(RuleSourceFactory.java:32)
	at de.uka.ilkd.key.proof.io.RuleSourceFactory.fromDefaultLocation(RuleSourceFactory.java:21)
	at de.uka.ilkd.key.nparser.builder.IncludeFinder.addInclude(IncludeFinder.java:63)
	at de.uka.ilkd.key.nparser.builder.IncludeFinder.visitOne_include(IncludeFinder.java:43)
	at de.uka.ilkd.key.nparser.builder.IncludeFinder.visitOne_include(IncludeFinder.java:20)
	at de.uka.ilkd.key.nparser.KeYParser$One_includeContext.accept(KeYParser.java:878)
	at de.uka.ilkd.key.nparser.builder.AbstractBuilder.lambda$mapOf$0(AbstractBuilder.java:112)
	at java.base/java.util.stream.ReferencePipeline$3$1.accept(ReferencePipeline.java:195)
	at java.base/java.util.ArrayList$ArrayListSpliterator.forEachRemaining(ArrayList.java:1655)
	at java.base/java.util.stream.AbstractPipeline.copyInto(AbstractPipeline.java:484)
	at java.base/java.util.stream.AbstractPipeline.wrapAndCopyInto(AbstractPipeline.java:474)
	at java.base/java.util.stream.ReduceOps$ReduceOp.evaluateSequential(ReduceOps.java:913)
	at java.base/java.util.stream.AbstractPipeline.evaluate(AbstractPipeline.java:234)
	at java.base/java.util.stream.ReferencePipeline.collect(ReferencePipeline.java:578)
	at de.uka.ilkd.key.nparser.builder.AbstractBuilder.mapOf(AbstractBuilder.java:112)
	at de.uka.ilkd.key.nparser.builder.IncludeFinder.visitOne_include_statement(IncludeFinder.java:35)
	at de.uka.ilkd.key.nparser.builder.IncludeFinder.visitOne_include_statement(IncludeFinder.java:20)
	at de.uka.ilkd.key.nparser.KeYParser$One_include_statementContext.accept(KeYParser.java:802)
	at org.antlr.v4.runtime.tree.AbstractParseTreeVisitor.visitChildren(AbstractParseTreeVisitor.java:46)
	at de.uka.ilkd.key.nparser.KeYParserBaseVisitor.visitDecls(KeYParserBaseVisitor.java:30)
	at de.uka.ilkd.key.nparser.KeYParser$DeclsContext.accept(KeYParser.java:500)
	at org.antlr.v4.runtime.tree.AbstractParseTreeVisitor.visitChildren(AbstractParseTreeVisitor.java:46)
	at de.uka.ilkd.key.nparser.KeYParserBaseVisitor.visitFile(KeYParserBaseVisitor.java:23)
	at de.uka.ilkd.key.nparser.KeYParser$FileContext.accept(KeYParser.java:306)
	at de.uka.ilkd.key.nparser.KeyAst.accept(KeyAst.java:41)
	at de.uka.ilkd.key.nparser.KeyAst$File.getIncludes(KeyAst.java:76)
	at de.uka.ilkd.key.proof.io.KeYFile.readIncludes(KeYFile.java:208)
	... 14 more
Could not find rule file rules/intRulesCheckedSemantics.key (file: /home/runner/work/key/key/key.core/../key.ui/examples/index/../InformationFlow/MethodContracts/contract.IFMethodContract(contract.IFMethodContract__n1()).JML normal_behavior operation contract.0.key; caused by: de.uka.ilkd.key.proof.init.ProofInputException: Could not find rule file rules/intRulesCheckedSemantics.key)
	at de.uka.ilkd.key.control.AbstractUserInterfaceControl.load(AbstractUserInterfaceControl.java:221)
	at de.uka.ilkd.key.control.KeYEnvironment.load(KeYEnvironment.java:251)
	at de.uka.ilkd.key.control.KeYEnvironment.load(KeYEnvironment.java:224)
	at de.uka.ilkd.key.control.KeYEnvironment.load(KeYEnvironment.java:184)
	at de.uka.ilkd.key.control.KeYEnvironment.load(KeYEnvironment.java:261)
	at de.uka.ilkd.key.proof.runallproofs.proofcollection.TestFile.load(TestFile.java:270)
	at de.uka.ilkd.key.proof.runallproofs.proofcollection.TestFile.runKey(TestFile.java:160)
	at de.uka.ilkd.key.proof.runallproofs.proofcollection.ForkedTestFileRunner.main(ForkedTestFileRunner.java:171)
Caused by: de.uka.ilkd.key.proof.init.ProofInputException: Could not find rule file rules/intRulesCheckedSemantics.key
	at de.uka.ilkd.key.proof.io.KeYFile.readIncludes(KeYFile.java:210)
	at de.uka.ilkd.key.proof.init.ProblemInitializer.readIncludes(ProblemInitializer.java:177)
	at de.uka.ilkd.key.proof.init.ProblemInitializer.readEnvInput(ProblemInitializer.java:325)
	at de.uka.ilkd.key.proof.init.ProblemInitializer.prepare(ProblemInitializer.java:449)
	at de.uka.ilkd.key.proof.io.AbstractProblemLoader.createInitConfig(AbstractProblemLoader.java:518)
	at de.uka.ilkd.key.proof.io.AbstractProblemLoader.loadEnvironment(AbstractProblemLoader.java:288)
	at de.uka.ilkd.key.proof.io.AbstractProblemLoader.load(AbstractProblemLoader.java:252)
	at de.uka.ilkd.key.control.AbstractUserInterfaceControl.load(AbstractUserInterfaceControl.java:209)
	... 7 more
Caused by: java.lang.RuntimeException: Could not find rule file rules/intRulesCheckedSemantics.key
	at de.uka.ilkd.key.proof.io.RuleSourceFactory.fromBuiltInRule(RuleSourceFactory.java:32)
	at de.uka.ilkd.key.proof.io.RuleSourceFactory.fromDefaultLocation(RuleSourceFactory.java:21)
	at de.uka.ilkd.key.nparser.builder.IncludeFinder.addInclude(IncludeFinder.java:63)
	at de.uka.ilkd.key.nparser.builder.IncludeFinder.visitOne_include(IncludeFinder.java:43)
	at de.uka.ilkd.key.nparser.builder.IncludeFinder.visitOne_include(IncludeFinder.java:20)
	at de.uka.ilkd.key.nparser.KeYParser$One_includeContext.accept(KeYParser.java:878)
	at de.uka.ilkd.key.nparser.builder.AbstractBuilder.lambda$mapOf$0(AbstractBuilder.java:112)
	at java.base/java.util.stream.ReferencePipeline$3$1.accept(ReferencePipeline.java:195)
	at java.base/java.util.ArrayList$ArrayListSpliterator.forEachRemaining(ArrayList.java:1655)
	at java.base/java.util.stream.AbstractPipeline.copyInto(AbstractPipeline.java:484)
	at java.base/java.util.stream.AbstractPipeline.wrapAndCopyInto(AbstractPipeline.java:474)
	at java.base/java.util.stream.ReduceOps$ReduceOp.evaluateSequential(ReduceOps.java:913)
	at java.base/java.util.stream.AbstractPipeline.evaluate(AbstractPipeline.java:234)
	at java.base/java.util.stream.ReferencePipeline.collect(ReferencePipeline.java:578)
	at de.uka.ilkd.key.nparser.builder.AbstractBuilder.mapOf(AbstractBuilder.java:112)
	at de.uka.ilkd.key.nparser.builder.IncludeFinder.visitOne_include_statement(IncludeFinder.java:35)
	at de.uka.ilkd.key.nparser.builder.IncludeFinder.visitOne_include_statement(IncludeFinder.java:20)
	at de.uka.ilkd.key.nparser.KeYParser$One_include_statementContext.accept(KeYParser.java:802)
	at org.antlr.v4.runtime.tree.AbstractParseTreeVisitor.visitChildren(AbstractParseTreeVisitor.java:46)
	at de.uka.ilkd.key.nparser.KeYParserBaseVisitor.visitDecls(KeYParserBaseVisitor.java:30)
	at de.uka.ilkd.key.nparser.KeYParser$DeclsContext.accept(KeYParser.java:500)
	at org.antlr.v4.runtime.tree.AbstractParseTreeVisitor.visitChildren(AbstractParseTreeVisitor.java:46)
	at de.uka.ilkd.key.nparser.KeYParserBaseVisitor.visitFile(KeYParserBaseVisitor.java:23)
	at de.uka.ilkd.key.nparser.KeYParser$FileContext.accept(KeYParser.java:306)
	at de.uka.ilkd.key.nparser.KeyAst.accept(KeyAst.java:41)
	at de.uka.ilkd.key.nparser.KeyAst$File.getIncludes(KeyAst.java:76)
	at de.uka.ilkd.key.proof.io.KeYFile.readIncludes(KeYFile.java:208)
	... 14 more
Could not find rule file rules/intRulesCheckedSemantics.key (file: /home/runner/work/key/key/key.core/../key.ui/examples/index/../InformationFlow/MethodContracts/contract.IFMethodContract(contract.IFMethodContract__secure_sequential_n1_n2()).JML operation contract.0.key; caused by: de.uka.ilkd.key.proof.init.ProofInputException: Could not find rule file rules/intRulesCheckedSemantics.key)
	at de.uka.ilkd.key.control.AbstractUserInterfaceControl.load(AbstractUserInterfaceControl.java:221)
	at de.uka.ilkd.key.control.KeYEnvironment.load(KeYEnvironment.java:251)
	at de.uka.ilkd.key.control.KeYEnvironment.load(KeYEnvironment.java:224)
	at de.uka.ilkd.key.control.KeYEnvironment.load(KeYEnvironment.java:184)
	at de.uka.ilkd.key.control.KeYEnvironment.load(KeYEnvironment.java:261)
	at de.uka.ilkd.key.proof.runallproofs.proofcollection.TestFile.load(TestFile.java:270)
	at de.uka.ilkd.key.proof.runallproofs.proofcollection.TestFile.runKey(TestFile.java:160)
	at de.uka.ilkd.key.proof.runallproofs.proofcollection.ForkedTestFileRunner.main(ForkedTestFileRunner.java:171)
Caused by: de.uka.ilkd.key.proof.init.ProofInputException: Could not find rule file rules/intRulesCheckedSemantics.key
	at de.uka.ilkd.key.proof.io.KeYFile.readIncludes(KeYFile.java:210)
	at de.uka.ilkd.key.proof.init.ProblemInitializer.readIncludes(ProblemInitializer.java:177)
	at de.uka.ilkd.key.proof.init.ProblemInitializer.readEnvInput(ProblemInitializer.java:325)
	at de.uka.ilkd.key.proof.init.ProblemInitializer.prepare(ProblemInitializer.java:449)
	at de.uka.ilkd.key.proof.io.AbstractProblemLoader.createInitConfig(AbstractProblemLoader.java:518)
	at de.uka.ilkd.key.proof.io.AbstractProblemLoader.loadEnvironment(AbstractProblemLoader.java:288)
	at de.uka.ilkd.key.proof.io.AbstractProblemLoader.load(AbstractProblemLoader.java:252)
	at de.uka.ilkd.key.control.AbstractUserInterfaceControl.load(AbstractUserInterfaceControl.java:209)
	... 7 more
Caused by: java.lang.RuntimeException: Could not find rule file rules/intRulesCheckedSemantics.key
	at de.uka.ilkd.key.proof.io.RuleSourceFactory.fromBuiltInRule(RuleSourceFactory.java:32)
	at de.uka.ilkd.key.proof.io.RuleSourceFactory.fromDefaultLocation(RuleSourceFactory.java:21)
	at de.uka.ilkd.key.nparser.builder.IncludeFinder.addInclude(IncludeFinder.java:63)
	at de.uka.ilkd.key.nparser.builder.IncludeFinder.visitOne_include(IncludeFinder.java:43)
	at de.uka.ilkd.key.nparser.builder.IncludeFinder.visitOne_include(IncludeFinder.java:20)
	at de.uka.ilkd.key.nparser.KeYParser$One_includeContext.accept(KeYParser.java:878)
	at de.uka.ilkd.key.nparser.builder.AbstractBuilder.lambda$mapOf$0(AbstractBuilder.java:112)
	at java.base/java.util.stream.ReferencePipeline$3$1.accept(ReferencePipeline.java:195)
	at java.base/java.util.ArrayList$ArrayListSpliterator.forEachRemaining(ArrayList.java:1655)
	at java.base/java.util.stream.AbstractPipeline.copyInto(AbstractPipeline.java:484)
	at java.base/java.util.stream.AbstractPipeline.wrapAndCopyInto(AbstractPipeline.java:474)
	at java.base/java.util.stream.ReduceOps$ReduceOp.evaluateSequential(ReduceOps.java:913)
	at java.base/java.util.stream.AbstractPipeline.evaluate(AbstractPipeline.java:234)
	at java.base/java.util.stream.ReferencePipeline.collect(ReferencePipeline.java:578)
	at de.uka.ilkd.key.nparser.builder.AbstractBuilder.mapOf(AbstractBuilder.java:112)
	at de.uka.ilkd.key.nparser.builder.IncludeFinder.visitOne_include_statement(IncludeFinder.java:35)
	at de.uka.ilkd.key.nparser.builder.IncludeFinder.visitOne_include_statement(IncludeFinder.java:20)
	at de.uka.ilkd.key.nparser.KeYParser$One_include_statementContext.accept(KeYParser.java:802)
	at org.antlr.v4.runtime.tree.AbstractParseTreeVisitor.visitChildren(AbstractParseTreeVisitor.java:46)
	at de.uka.ilkd.key.nparser.KeYParserBaseVisitor.visitDecls(KeYParserBaseVisitor.java:30)
	at de.uka.ilkd.key.nparser.KeYParser$DeclsContext.accept(KeYParser.java:500)
	at org.antlr.v4.runtime.tree.AbstractParseTreeVisitor.visitChildren(AbstractParseTreeVisitor.java:46)
	at de.uka.ilkd.key.nparser.KeYParserBaseVisitor.visitFile(KeYParserBaseVisitor.java:23)
	at de.uka.ilkd.key.nparser.KeYParser$FileContext.accept(KeYParser.java:306)
	at de.uka.ilkd.key.nparser.KeyAst.accept(KeyAst.java:41)
	at de.uka.ilkd.key.nparser.KeyAst$File.getIncludes(KeyAst.java:76)
	at de.uka.ilkd.key.proof.io.KeYFile.readIncludes(KeYFile.java:208)
	... 14 more
Exception in thread "main" org.opentest4j.AssertionFailedError: Exception during the execution of proofs. See log for more details.
	at org.junit.jupiter.api.AssertionUtils.fail(AssertionUtils.java:39)
	at org.junit.jupiter.api.Assertions.fail(Assertions.java:134)
	at de.uka.ilkd.key.proof.runallproofs.proofcollection.ForkedTestFileRunner.main(ForkedTestFileRunner.java:192)
Timeout watcher launched (1000 secs.)
Could not find rule file rules/intRulesCheckedSemantics.key (file: /home/runner/work/key/key/key.core/../key.ui/examples/index/../InformationFlow/LoopInvariants/loop.IFLoopExamples(loop.IFLoopExamples__insecure_while_3(int)).JML operation contract.0.key; caused by: de.uka.ilkd.key.proof.init.ProofInputException: Could not find rule file rules/intRulesCheckedSemantics.key)
	at de.uka.ilkd.key.control.AbstractUserInterfaceControl.load(AbstractUserInterfaceControl.java:221)
	at de.uka.ilkd.key.control.KeYEnvironment.load(KeYEnvironment.java:251)
	at de.uka.ilkd.key.control.KeYEnvironment.load(KeYEnvironment.java:224)
	at de.uka.ilkd.key.control.KeYEnvironment.load(KeYEnvironment.java:184)
	at de.uka.ilkd.key.control.KeYEnvironment.load(KeYEnvironment.java:261)
	at de.uka.ilkd.key.proof.runallproofs.proofcollection.TestFile.load(TestFile.java:270)
	at de.uka.ilkd.key.proof.runallproofs.proofcollection.TestFile.runKey(TestFile.java:160)
	at de.uka.ilkd.key.proof.runallproofs.proofcollection.ForkedTestFileRunner.main(ForkedTestFileRunner.java:171)
Caused by: de.uka.ilkd.key.proof.init.ProofInputException: Could not find rule file rules/intRulesCheckedSemantics.key
	at de.uka.ilkd.key.proof.io.KeYFile.readIncludes(KeYFile.java:210)
	at de.uka.ilkd.key.proof.init.ProblemInitializer.readIncludes(ProblemInitializer.java:177)
	at de.uka.ilkd.key.proof.init.ProblemInitializer.readEnvInput(ProblemInitializer.java:325)
	at de.uka.ilkd.key.proof.init.ProblemInitializer.prepare(ProblemInitializer.java:449)
	at de.uka.ilkd.key.proof.io.AbstractProblemLoader.createInitConfig(AbstractProblemLoader.java:518)
	at de.uka.ilkd.key.proof.io.AbstractProblemLoader.loadEnvironment(AbstractProblemLoader.java:288)
	at de.uka.ilkd.key.proof.io.AbstractProblemLoader.load(AbstractProblemLoader.java:252)
	at de.uka.ilkd.key.control.AbstractUserInterfaceControl.load(AbstractUserInterfaceControl.java:209)
	... 7 more
Caused by: java.lang.RuntimeException: Could not find rule file rules/intRulesCheckedSemantics.key
	at de.uka.ilkd.key.proof.io.RuleSourceFactory.fromBuiltInRule(RuleSourceFactory.java:32)
	at de.uka.ilkd.key.proof.io.RuleSourceFactory.fromDefaultLocation(RuleSourceFactory.java:21)
	at de.uka.ilkd.key.nparser.builder.IncludeFinder.addInclude(IncludeFinder.java:63)
	at de.uka.ilkd.key.nparser.builder.IncludeFinder.visitOne_include(IncludeFinder.java:43)
	at de.uka.ilkd.key.nparser.builder.IncludeFinder.visitOne_include(IncludeFinder.java:20)
	at de.uka.ilkd.key.nparser.KeYParser$One_includeContext.accept(KeYParser.java:878)
	at de.uka.ilkd.key.nparser.builder.AbstractBuilder.lambda$mapOf$0(AbstractBuilder.java:112)
	at java.base/java.util.stream.ReferencePipeline$3$1.accept(ReferencePipeline.java:195)
	at java.base/java.util.ArrayList$ArrayListSpliterator.forEachRemaining(ArrayList.java:1655)
	at java.base/java.util.stream.AbstractPipeline.copyInto(AbstractPipeline.java:484)
	at java.base/java.util.stream.AbstractPipeline.wrapAndCopyInto(AbstractPipeline.java:474)
	at java.base/java.util.stream.ReduceOps$ReduceOp.evaluateSequential(ReduceOps.java:913)
	at java.base/java.util.stream.AbstractPipeline.evaluate(AbstractPipeline.java:234)
	at java.base/java.util.stream.ReferencePipeline.collect(ReferencePipeline.java:578)
	at de.uka.ilkd.key.nparser.builder.AbstractBuilder.mapOf(AbstractBuilder.java:112)
	at de.uka.ilkd.key.nparser.builder.IncludeFinder.visitOne_include_statement(IncludeFinder.java:35)
	at de.uka.ilkd.key.nparser.builder.IncludeFinder.visitOne_include_statement(IncludeFinder.java:20)
	at de.uka.ilkd.key.nparser.KeYParser$One_include_statementContext.accept(KeYParser.java:802)
	at org.antlr.v4.runtime.tree.AbstractParseTreeVisitor.visitChildren(AbstractParseTreeVisitor.java:46)
	at de.uka.ilkd.key.nparser.KeYParserBaseVisitor.visitDecls(KeYParserBaseVisitor.java:30)
	at de.uka.ilkd.key.nparser.KeYParser$DeclsContext.accept(KeYParser.java:500)
	at org.antlr.v4.runtime.tree.AbstractParseTreeVisitor.visitChildren(AbstractParseTreeVisitor.java:46)
	at de.uka.ilkd.key.nparser.KeYParserBaseVisitor.visitFile(KeYParserBaseVisitor.java:23)
	at de.uka.ilkd.key.nparser.KeYParser$FileContext.accept(KeYParser.java:306)
	at de.uka.ilkd.key.nparser.KeyAst.accept(KeyAst.java:41)
	at de.uka.ilkd.key.nparser.KeyAst$File.getIncludes(KeyAst.java:76)
	at de.uka.ilkd.key.proof.io.KeYFile.readIncludes(KeYFile.java:208)
	... 14 more
Could not find rule file rules/intRulesCheckedSemantics.key (file: /home/runner/work/key/key/key.core/../key.ui/examples/index/../InformationFlow/LoopInvariants/loop.IFLoopExamples(loop.IFLoopExamples__secure_while_2(int)).JML operation contract.0.key; caused by: de.uka.ilkd.key.proof.init.ProofInputException: Could not find rule file rules/intRulesCheckedSemantics.key)
	at de.uka.ilkd.key.control.AbstractUserInterfaceControl.load(AbstractUserInterfaceControl.java:221)
	at de.uka.ilkd.key.control.KeYEnvironment.load(KeYEnvironment.java:251)
	at de.uka.ilkd.key.control.KeYEnvironment.load(KeYEnvironment.java:224)
	at de.uka.ilkd.key.control.KeYEnvironment.load(KeYEnvironment.java:184)
	at de.uka.ilkd.key.control.KeYEnvironment.load(KeYEnvironment.java:261)
	at de.uka.ilkd.key.proof.runallproofs.proofcollection.TestFile.load(TestFile.java:270)
	at de.uka.ilkd.key.proof.runallproofs.proofcollection.TestFile.runKey(TestFile.java:160)
	at de.uka.ilkd.key.proof.runallproofs.proofcollection.ForkedTestFileRunner.main(ForkedTestFileRunner.java:171)
Caused by: de.uka.ilkd.key.proof.init.ProofInputException: Could not find rule file rules/intRulesCheckedSemantics.key
	at de.uka.ilkd.key.proof.io.KeYFile.readIncludes(KeYFile.java:210)
	at de.uka.ilkd.key.proof.init.ProblemInitializer.readIncludes(ProblemInitializer.java:177)
	at de.uka.ilkd.key.proof.init.ProblemInitializer.readEnvInput(ProblemInitializer.java:325)
	at de.uka.ilkd.key.proof.init.ProblemInitializer.prepare(ProblemInitializer.java:449)
	at de.uka.ilkd.key.proof.io.AbstractProblemLoader.createInitConfig(AbstractProblemLoader.java:518)
	at de.uka.ilkd.key.proof.io.AbstractProblemLoader.loadEnvironment(AbstractProblemLoader.java:288)
	at de.uka.ilkd.key.proof.io.AbstractProblemLoader.load(AbstractProblemLoader.java:252)
	at de.uka.ilkd.key.control.AbstractUserInterfaceControl.load(AbstractUserInterfaceControl.java:209)
	... 7 more
Caused by: java.lang.RuntimeException: Could not find rule file rules/intRulesCheckedSemantics.key
	at de.uka.ilkd.key.proof.io.RuleSourceFactory.fromBuiltInRule(RuleSourceFactory.java:32)
	at de.uka.ilkd.key.proof.io.RuleSourceFactory.fromDefaultLocation(RuleSourceFactory.java:21)
	at de.uka.ilkd.key.nparser.builder.IncludeFinder.addInclude(IncludeFinder.java:63)
	at de.uka.ilkd.key.nparser.builder.IncludeFinder.visitOne_include(IncludeFinder.java:43)
	at de.uka.ilkd.key.nparser.builder.IncludeFinder.visitOne_include(IncludeFinder.java:20)
	at de.uka.ilkd.key.nparser.KeYParser$One_includeContext.accept(KeYParser.java:878)
	at de.uka.ilkd.key.nparser.builder.AbstractBuilder.lambda$mapOf$0(AbstractBuilder.java:112)
	at java.base/java.util.stream.ReferencePipeline$3$1.accept(ReferencePipeline.java:195)
	at java.base/java.util.ArrayList$ArrayListSpliterator.forEachRemaining(ArrayList.java:1655)
	at java.base/java.util.stream.AbstractPipeline.copyInto(AbstractPipeline.java:484)
	at java.base/java.util.stream.AbstractPipeline.wrapAndCopyInto(AbstractPipeline.java:474)
	at java.base/java.util.stream.ReduceOps$ReduceOp.evaluateSequential(ReduceOps.java:913)
	at java.base/java.util.stream.AbstractPipeline.evaluate(AbstractPipeline.java:234)
	at java.base/java.util.stream.ReferencePipeline.collect(ReferencePipeline.java:578)
	at de.uka.ilkd.key.nparser.builder.AbstractBuilder.mapOf(AbstractBuilder.java:112)
	at de.uka.ilkd.key.nparser.builder.IncludeFinder.visitOne_include_statement(IncludeFinder.java:35)
	at de.uka.ilkd.key.nparser.builder.IncludeFinder.visitOne_include_statement(IncludeFinder.java:20)
	at de.uka.ilkd.key.nparser.KeYParser$One_include_statementContext.accept(KeYParser.java:802)
	at org.antlr.v4.runtime.tree.AbstractParseTreeVisitor.visitChildren(AbstractParseTreeVisitor.java:46)
	at de.uka.ilkd.key.nparser.KeYParserBaseVisitor.visitDecls(KeYParserBaseVisitor.java:30)
	at de.uka.ilkd.key.nparser.KeYParser$DeclsContext.accept(KeYParser.java:500)
	at org.antlr.v4.runtime.tree.AbstractParseTreeVisitor.visitChildren(AbstractParseTreeVisitor.java:46)
	at de.uka.ilkd.key.nparser.KeYParserBaseVisitor.visitFile(KeYParserBaseVisitor.java:23)
	at de.uka.ilkd.key.nparser.KeYParser$FileContext.accept(KeYParser.java:306)
	at de.uka.ilkd.key.nparser.KeyAst.accept(KeyAst.java:41)
	at de.uka.ilkd.key.nparser.KeyAst$File.getIncludes(KeyAst.java:76)
	at de.uka.ilkd.key.proof.io.KeYFile.readIncludes(KeYFile.java:208)
	... 14 more
Could not find rule file rules/intRulesCheckedSemantics.key (file: /home/runner/work/key/key/key.core/../key.ui/examples/index/../InformationFlow/LoopInvariants/loop.IFLoopExamples(loop.IFLoopExamples__secure_while_4(int)).JML operation contract.0.key; caused by: de.uka.ilkd.key.proof.init.ProofInputException: Could not find rule file rules/intRulesCheckedSemantics.key)
	at de.uka.ilkd.key.control.AbstractUserInterfaceControl.load(AbstractUserInterfaceControl.java:221)
	at de.uka.ilkd.key.control.KeYEnvironment.load(KeYEnvironment.java:251)
	at de.uka.ilkd.key.control.KeYEnvironment.load(KeYEnvironment.java:224)
	at de.uka.ilkd.key.control.KeYEnvironment.load(KeYEnvironment.java:184)
	at de.uka.ilkd.key.control.KeYEnvironment.load(KeYEnvironment.java:261)
	at de.uka.ilkd.key.proof.runallproofs.proofcollection.TestFile.load(TestFile.java:270)
	at de.uka.ilkd.key.proof.runallproofs.proofcollection.TestFile.runKey(TestFile.java:160)
	at de.uka.ilkd.key.proof.runallproofs.proofcollection.ForkedTestFileRunner.main(ForkedTestFileRunner.java:171)
Caused by: de.uka.ilkd.key.proof.init.ProofInputException: Could not find rule file rules/intRulesCheckedSemantics.key
	at de.uka.ilkd.key.proof.io.KeYFile.readIncludes(KeYFile.java:210)
	at de.uka.ilkd.key.proof.init.ProblemInitializer.readIncludes(ProblemInitializer.java:177)
	at de.uka.ilkd.key.proof.init.ProblemInitializer.readEnvInput(ProblemInitializer.java:325)
	at de.uka.ilkd.key.proof.init.ProblemInitializer.prepare(ProblemInitializer.java:449)
	at de.uka.ilkd.key.proof.io.AbstractProblemLoader.createInitConfig(AbstractProblemLoader.java:518)
	at de.uka.ilkd.key.proof.io.AbstractProblemLoader.loadEnvironment(AbstractProblemLoader.java:288)
	at de.uka.ilkd.key.proof.io.AbstractProblemLoader.load(AbstractProblemLoader.java:252)
	at de.uka.ilkd.key.control.AbstractUserInterfaceControl.load(AbstractUserInterfaceControl.java:209)
	... 7 more
Caused by: java.lang.RuntimeException: Could not find rule file rules/intRulesCheckedSemantics.key
	at de.uka.ilkd.key.proof.io.RuleSourceFactory.fromBuiltInRule(RuleSourceFactory.java:32)
	at de.uka.ilkd.key.proof.io.RuleSourceFactory.fromDefaultLocation(RuleSourceFactory.java:21)
	at de.uka.ilkd.key.nparser.builder.IncludeFinder.addInclude(IncludeFinder.java:63)
	at de.uka.ilkd.key.nparser.builder.IncludeFinder.visitOne_include(IncludeFinder.java:43)
	at de.uka.ilkd.key.nparser.builder.IncludeFinder.visitOne_include(IncludeFinder.java:20)
	at de.uka.ilkd.key.nparser.KeYParser$One_includeContext.accept(KeYParser.java:878)
	at de.uka.ilkd.key.nparser.builder.AbstractBuilder.lambda$mapOf$0(AbstractBuilder.java:112)
	at java.base/java.util.stream.ReferencePipeline$3$1.accept(ReferencePipeline.java:195)
	at java.base/java.util.ArrayList$ArrayListSpliterator.forEachRemaining(ArrayList.java:1655)
	at java.base/java.util.stream.AbstractPipeline.copyInto(AbstractPipeline.java:484)
	at java.base/java.util.stream.AbstractPipeline.wrapAndCopyInto(AbstractPipeline.java:474)
	at java.base/java.util.stream.ReduceOps$ReduceOp.evaluateSequential(ReduceOps.java:913)
	at java.base/java.util.stream.AbstractPipeline.evaluate(AbstractPipeline.java:234)
	at java.base/java.util.stream.ReferencePipeline.collect(ReferencePipeline.java:578)
	at de.uka.ilkd.key.nparser.builder.AbstractBuilder.mapOf(AbstractBuilder.java:112)
	at de.uka.ilkd.key.nparser.builder.IncludeFinder.visitOne_include_statement(IncludeFinder.java:35)
	at de.uka.ilkd.key.nparser.builder.IncludeFinder.visitOne_include_statement(IncludeFinder.java:20)
	at de.uka.ilkd.key.nparser.KeYParser$One_include_statementContext.accept(KeYParser.java:802)
	at org.antlr.v4.runtime.tree.AbstractParseTreeVisitor.visitChildren(AbstractParseTreeVisitor.java:46)
	at de.uka.ilkd.key.nparser.KeYParserBaseVisitor.visitDecls(KeYParserBaseVisitor.java:30)
	at de.uka.ilkd.key.nparser.KeYParser$DeclsContext.accept(KeYParser.java:500)
	at org.antlr.v4.runtime.tree.AbstractParseTreeVisitor.visitChildren(AbstractParseTreeVisitor.java:46)
	at de.uka.ilkd.key.nparser.KeYParserBaseVisitor.visitFile(KeYParserBaseVisitor.java:23)
	at de.uka.ilkd.key.nparser.KeYParser$FileContext.accept(KeYParser.java:306)
	at de.uka.ilkd.key.nparser.KeyAst.accept(KeyAst.java:41)
	at de.uka.ilkd.key.nparser.KeyAst$File.getIncludes(KeyAst.java:76)
	at de.uka.ilkd.key.proof.io.KeYFile.readIncludes(KeYFile.java:208)
	... 14 more
Could not find rule file rules/intRulesCheckedSemantics.key (file: /home/runner/work/key/key/key.core/../key.ui/examples/index/../InformationFlow/LoopInvariants/loop.IFLoopExamples(loop.IFLoopExamples__insecure_doubleNestedWhile2(int)).JML operation contract.0.key; caused by: de.uka.ilkd.key.proof.init.ProofInputException: Could not find rule file rules/intRulesCheckedSemantics.key)
	at de.uka.ilkd.key.control.AbstractUserInterfaceControl.load(AbstractUserInterfaceControl.java:221)
	at de.uka.ilkd.key.control.KeYEnvironment.load(KeYEnvironment.java:251)
	at de.uka.ilkd.key.control.KeYEnvironment.load(KeYEnvironment.java:224)
	at de.uka.ilkd.key.control.KeYEnvironment.load(KeYEnvironment.java:184)
	at de.uka.ilkd.key.control.KeYEnvironment.load(KeYEnvironment.java:261)
	at de.uka.ilkd.key.proof.runallproofs.proofcollection.TestFile.load(TestFile.java:270)
	at de.uka.ilkd.key.proof.runallproofs.proofcollection.TestFile.runKey(TestFile.java:160)
	at de.uka.ilkd.key.proof.runallproofs.proofcollection.ForkedTestFileRunner.main(ForkedTestFileRunner.java:171)
Caused by: de.uka.ilkd.key.proof.init.ProofInputException: Could not find rule file rules/intRulesCheckedSemantics.key
	at de.uka.ilkd.key.proof.io.KeYFile.readIncludes(KeYFile.java:210)
	at de.uka.ilkd.key.proof.init.ProblemInitializer.readIncludes(ProblemInitializer.java:177)
	at de.uka.ilkd.key.proof.init.ProblemInitializer.readEnvInput(ProblemInitializer.java:325)
	at de.uka.ilkd.key.proof.init.ProblemInitializer.prepare(ProblemInitializer.java:449)
	at de.uka.ilkd.key.proof.io.AbstractProblemLoader.createInitConfig(AbstractProblemLoader.java:518)
	at de.uka.ilkd.key.proof.io.AbstractProblemLoader.loadEnvironment(AbstractProblemLoader.java:288)
	at de.uka.ilkd.key.proof.io.AbstractProblemLoader.load(AbstractProblemLoader.java:252)
	at de.uka.ilkd.key.control.AbstractUserInterfaceControl.load(AbstractUserInterfaceControl.java:209)
	... 7 more
Caused by: java.lang.RuntimeException: Could not find rule file rules/intRulesCheckedSemantics.key
	at de.uka.ilkd.key.proof.io.RuleSourceFactory.fromBuiltInRule(RuleSourceFactory.java:32)
	at de.uka.ilkd.key.proof.io.RuleSourceFactory.fromDefaultLocation(RuleSourceFactory.java:21)
	at de.uka.ilkd.key.nparser.builder.IncludeFinder.addInclude(IncludeFinder.java:63)
	at de.uka.ilkd.key.nparser.builder.IncludeFinder.visitOne_include(IncludeFinder.java:43)
	at de.uka.ilkd.key.nparser.builder.IncludeFinder.visitOne_include(IncludeFinder.java:20)
	at de.uka.ilkd.key.nparser.KeYParser$One_includeContext.accept(KeYParser.java:878)
	at de.uka.ilkd.key.nparser.builder.AbstractBuilder.lambda$mapOf$0(AbstractBuilder.java:112)
	at java.base/java.util.stream.ReferencePipeline$3$1.accept(ReferencePipeline.java:195)
	at java.base/java.util.ArrayList$ArrayListSpliterator.forEachRemaining(ArrayList.java:1655)
	at java.base/java.util.stream.AbstractPipeline.copyInto(AbstractPipeline.java:484)
	at java.base/java.util.stream.AbstractPipeline.wrapAndCopyInto(AbstractPipeline.java:474)
	at java.base/java.util.stream.ReduceOps$ReduceOp.evaluateSequential(ReduceOps.java:913)
	at java.base/java.util.stream.AbstractPipeline.evaluate(AbstractPipeline.java:234)
	at java.base/java.util.stream.ReferencePipeline.collect(ReferencePipeline.java:578)
	at de.uka.ilkd.key.nparser.builder.AbstractBuilder.mapOf(AbstractBuilder.java:112)
	at de.uka.ilkd.key.nparser.builder.IncludeFinder.visitOne_include_statement(IncludeFinder.java:35)
	at de.uka.ilkd.key.nparser.builder.IncludeFinder.visitOne_include_statement(IncludeFinder.java:20)
	at de.uka.ilkd.key.nparser.KeYParser$One_include_statementContext.accept(KeYParser.java:802)
	at org.antlr.v4.runtime.tree.AbstractParseTreeVisitor.visitChildren(AbstractParseTreeVisitor.java:46)
	at de.uka.ilkd.key.nparser.KeYParserBaseVisitor.visitDecls(KeYParserBaseVisitor.java:30)
	at de.uka.ilkd.key.nparser.KeYParser$DeclsContext.accept(KeYParser.java:500)
	at org.antlr.v4.runtime.tree.AbstractParseTreeVisitor.visitChildren(AbstractParseTreeVisitor.java:46)
	at de.uka.ilkd.key.nparser.KeYParserBaseVisitor.visitFile(KeYParserBaseVisitor.java:23)
	at de.uka.ilkd.key.nparser.KeYParser$FileContext.accept(KeYParser.java:306)
	at de.uka.ilkd.key.nparser.KeyAst.accept(KeyAst.java:41)
	at de.uka.ilkd.key.nparser.KeyAst$File.getIncludes(KeyAst.java:76)
	at de.uka.ilkd.key.proof.io.KeYFile.readIncludes(KeYFile.java:208)
	... 14 more
Could not find rule file rules/intRulesCheckedSemantics.key (file: /home/runner/work/key/key/key.core/../key.ui/examples/index/../InformationFlow/LoopInvariants/loop.IFLoopExamples(loop.IFLoopExamples__insecure_doubleNestedWhile(int)).JML operation contract.0.key; caused by: de.uka.ilkd.key.proof.init.ProofInputException: Could not find rule file rules/intRulesCheckedSemantics.key)
	at de.uka.ilkd.key.control.AbstractUserInterfaceControl.load(AbstractUserInterfaceControl.java:221)
	at de.uka.ilkd.key.control.KeYEnvironment.load(KeYEnvironment.java:251)
	at de.uka.ilkd.key.control.KeYEnvironment.load(KeYEnvironment.java:224)
	at de.uka.ilkd.key.control.KeYEnvironment.load(KeYEnvironment.java:184)
	at de.uka.ilkd.key.control.KeYEnvironment.load(KeYEnvironment.java:261)
	at de.uka.ilkd.key.proof.runallproofs.proofcollection.TestFile.load(TestFile.java:270)
	at de.uka.ilkd.key.proof.runallproofs.proofcollection.TestFile.runKey(TestFile.java:160)
	at de.uka.ilkd.key.proof.runallproofs.proofcollection.ForkedTestFileRunner.main(ForkedTestFileRunner.java:171)
Caused by: de.uka.ilkd.key.proof.init.ProofInputException: Could not find rule file rules/intRulesCheckedSemantics.key
	at de.uka.ilkd.key.proof.io.KeYFile.readIncludes(KeYFile.java:210)
	at de.uka.ilkd.key.proof.init.ProblemInitializer.readIncludes(ProblemInitializer.java:177)
	at de.uka.ilkd.key.proof.init.ProblemInitializer.readEnvInput(ProblemInitializer.java:325)
	at de.uka.ilkd.key.proof.init.ProblemInitializer.prepare(ProblemInitializer.java:449)
	at de.uka.ilkd.key.proof.io.AbstractProblemLoader.createInitConfig(AbstractProblemLoader.java:518)
	at de.uka.ilkd.key.proof.io.AbstractProblemLoader.loadEnvironment(AbstractProblemLoader.java:288)
	at de.uka.ilkd.key.proof.io.AbstractProblemLoader.load(AbstractProblemLoader.java:252)
	at de.uka.ilkd.key.control.AbstractUserInterfaceControl.load(AbstractUserInterfaceControl.java:209)
	... 7 more
Caused by: java.lang.RuntimeException: Could not find rule file rules/intRulesCheckedSemantics.key
	at de.uka.ilkd.key.proof.io.RuleSourceFactory.fromBuiltInRule(RuleSourceFactory.java:32)
	at de.uka.ilkd.key.proof.io.RuleSourceFactory.fromDefaultLocation(RuleSourceFactory.java:21)
	at de.uka.ilkd.key.nparser.builder.IncludeFinder.addInclude(IncludeFinder.java:63)
	at de.uka.ilkd.key.nparser.builder.IncludeFinder.visitOne_include(IncludeFinder.java:43)
	at de.uka.ilkd.key.nparser.builder.IncludeFinder.visitOne_include(IncludeFinder.java:20)
	at de.uka.ilkd.key.nparser.KeYParser$One_includeContext.accept(KeYParser.java:878)
	at de.uka.ilkd.key.nparser.builder.AbstractBuilder.lambda$mapOf$0(AbstractBuilder.java:112)
	at java.base/java.util.stream.ReferencePipeline$3$1.accept(ReferencePipeline.java:195)
	at java.base/java.util.ArrayList$ArrayListSpliterator.forEachRemaining(ArrayList.java:1655)
	at java.base/java.util.stream.AbstractPipeline.copyInto(AbstractPipeline.java:484)
	at java.base/java.util.stream.AbstractPipeline.wrapAndCopyInto(AbstractPipeline.java:474)
	at java.base/java.util.stream.ReduceOps$ReduceOp.evaluateSequential(ReduceOps.java:913)
	at java.base/java.util.stream.AbstractPipeline.evaluate(AbstractPipeline.java:234)
	at java.base/java.util.stream.ReferencePipeline.collect(ReferencePipeline.java:578)
	at de.uka.ilkd.key.nparser.builder.AbstractBuilder.mapOf(AbstractBuilder.java:112)
	at de.uka.ilkd.key.nparser.builder.IncludeFinder.visitOne_include_statement(IncludeFinder.java:35)
	at de.uka.ilkd.key.nparser.builder.IncludeFinder.visitOne_include_statement(IncludeFinder.java:20)
	at de.uka.ilkd.key.nparser.KeYParser$One_include_statementContext.accept(KeYParser.java:802)
	at org.antlr.v4.runtime.tree.AbstractParseTreeVisitor.visitChildren(AbstractParseTreeVisitor.java:46)
	at de.uka.ilkd.key.nparser.KeYParserBaseVisitor.visitDecls(KeYParserBaseVisitor.java:30)
	at de.uka.ilkd.key.nparser.KeYParser$DeclsContext.accept(KeYParser.java:500)
	at org.antlr.v4.runtime.tree.AbstractParseTreeVisitor.visitChildren(AbstractParseTreeVisitor.java:46)
	at de.uka.ilkd.key.nparser.KeYParserBaseVisitor.visitFile(KeYParserBaseVisitor.java:23)
	at de.uka.ilkd.key.nparser.KeYParser$FileContext.accept(KeYParser.java:306)
	at de.uka.ilkd.key.nparser.KeyAst.accept(KeyAst.java:41)
	at de.uka.ilkd.key.nparser.KeyAst$File.getIncludes(KeyAst.java:76)
	at de.uka.ilkd.key.proof.io.KeYFile.readIncludes(KeYFile.java:208)
	... 14 more
Could not find rule file rules/intRulesCheckedSemantics.key (file: /home/runner/work/key/key/key.core/../key.ui/examples/index/../InformationFlow/LoopInvariants/loop.IFLoopExamples(loop.IFLoopExamples__secure_doubleNestedWhile(int)).JML operation contract.0.key; caused by: de.uka.ilkd.key.proof.init.ProofInputException: Could not find rule file rules/intRulesCheckedSemantics.key)
	at de.uka.ilkd.key.control.AbstractUserInterfaceControl.load(AbstractUserInterfaceControl.java:221)
	at de.uka.ilkd.key.control.KeYEnvironment.load(KeYEnvironment.java:251)
	at de.uka.ilkd.key.control.KeYEnvironment.load(KeYEnvironment.java:224)
	at de.uka.ilkd.key.control.KeYEnvironment.load(KeYEnvironment.java:184)
	at de.uka.ilkd.key.control.KeYEnvironment.load(KeYEnvironment.java:261)
	at de.uka.ilkd.key.proof.runallproofs.proofcollection.TestFile.load(TestFile.java:270)
	at de.uka.ilkd.key.proof.runallproofs.proofcollection.TestFile.runKey(TestFile.java:160)
	at de.uka.ilkd.key.proof.runallproofs.proofcollection.ForkedTestFileRunner.main(ForkedTestFileRunner.java:171)
Caused by: de.uka.ilkd.key.proof.init.ProofInputException: Could not find rule file rules/intRulesCheckedSemantics.key
	at de.uka.ilkd.key.proof.io.KeYFile.readIncludes(KeYFile.java:210)
	at de.uka.ilkd.key.proof.init.ProblemInitializer.readIncludes(ProblemInitializer.java:177)
	at de.uka.ilkd.key.proof.init.ProblemInitializer.readEnvInput(ProblemInitializer.java:325)
	at de.uka.ilkd.key.proof.init.ProblemInitializer.prepare(ProblemInitializer.java:449)
	at de.uka.ilkd.key.proof.io.AbstractProblemLoader.createInitConfig(AbstractProblemLoader.java:518)
	at de.uka.ilkd.key.proof.io.AbstractProblemLoader.loadEnvironment(AbstractProblemLoader.java:288)
	at de.uka.ilkd.key.proof.io.AbstractProblemLoader.load(AbstractProblemLoader.java:252)
	at de.uka.ilkd.key.control.AbstractUserInterfaceControl.load(AbstractUserInterfaceControl.java:209)
	... 7 more
Caused by: java.lang.RuntimeException: Could not find rule file rules/intRulesCheckedSemantics.key
	at de.uka.ilkd.key.proof.io.RuleSourceFactory.fromBuiltInRule(RuleSourceFactory.java:32)
	at de.uka.ilkd.key.proof.io.RuleSourceFactory.fromDefaultLocation(RuleSourceFactory.java:21)
	at de.uka.ilkd.key.nparser.builder.IncludeFinder.addInclude(IncludeFinder.java:63)
	at de.uka.ilkd.key.nparser.builder.IncludeFinder.visitOne_include(IncludeFinder.java:43)
	at de.uka.ilkd.key.nparser.builder.IncludeFinder.visitOne_include(IncludeFinder.java:20)
	at de.uka.ilkd.key.nparser.KeYParser$One_includeContext.accept(KeYParser.java:878)
	at de.uka.ilkd.key.nparser.builder.AbstractBuilder.lambda$mapOf$0(AbstractBuilder.java:112)
	at java.base/java.util.stream.ReferencePipeline$3$1.accept(ReferencePipeline.java:195)
	at java.base/java.util.ArrayList$ArrayListSpliterator.forEachRemaining(ArrayList.java:1655)
	at java.base/java.util.stream.AbstractPipeline.copyInto(AbstractPipeline.java:484)
	at java.base/java.util.stream.AbstractPipeline.wrapAndCopyInto(AbstractPipeline.java:474)
	at java.base/java.util.stream.ReduceOps$ReduceOp.evaluateSequential(ReduceOps.java:913)
	at java.base/java.util.stream.AbstractPipeline.evaluate(AbstractPipeline.java:234)
	at java.base/java.util.stream.ReferencePipeline.collect(ReferencePipeline.java:578)
	at de.uka.ilkd.key.nparser.builder.AbstractBuilder.mapOf(AbstractBuilder.java:112)
	at de.uka.ilkd.key.nparser.builder.IncludeFinder.visitOne_include_statement(IncludeFinder.java:35)
	at de.uka.ilkd.key.nparser.builder.IncludeFinder.visitOne_include_statement(IncludeFinder.java:20)
	at de.uka.ilkd.key.nparser.KeYParser$One_include_statementContext.accept(KeYParser.java:802)
	at org.antlr.v4.runtime.tree.AbstractParseTreeVisitor.visitChildren(AbstractParseTreeVisitor.java:46)
	at de.uka.ilkd.key.nparser.KeYParserBaseVisitor.visitDecls(KeYParserBaseVisitor.java:30)
	at de.uka.ilkd.key.nparser.KeYParser$DeclsContext.accept(KeYParser.java:500)
	at org.antlr.v4.runtime.tree.AbstractParseTreeVisitor.visitChildren(AbstractParseTreeVisitor.java:46)
	at de.uka.ilkd.key.nparser.KeYParserBaseVisitor.visitFile(KeYParserBaseVisitor.java:23)
	at de.uka.ilkd.key.nparser.KeYParser$FileContext.accept(KeYParser.java:306)
	at de.uka.ilkd.key.nparser.KeyAst.accept(KeyAst.java:41)
	at de.uka.ilkd.key.nparser.KeyAst$File.getIncludes(KeyAst.java:76)
	at de.uka.ilkd.key.proof.io.KeYFile.readIncludes(KeYFile.java:208)
	... 14 more
Could not find rule file rules/intRulesCheckedSemantics.key (file: /home/runner/work/key/key/key.core/../key.ui/examples/index/../InformationFlow/LoopInvariants/loop.IFLoopExamples(loop.IFLoopExamples__secure_nestedTwoWhile(int)).JML operation contract.0.key; caused by: de.uka.ilkd.key.proof.init.ProofInputException: Could not find rule file rules/intRulesCheckedSemantics.key)
	at de.uka.ilkd.key.control.AbstractUserInterfaceControl.load(AbstractUserInterfaceControl.java:221)
	at de.uka.ilkd.key.control.KeYEnvironment.load(KeYEnvironment.java:251)
	at de.uka.ilkd.key.control.KeYEnvironment.load(KeYEnvironment.java:224)
	at de.uka.ilkd.key.control.KeYEnvironment.load(KeYEnvironment.java:184)
	at de.uka.ilkd.key.control.KeYEnvironment.load(KeYEnvironment.java:261)
	at de.uka.ilkd.key.proof.runallproofs.proofcollection.TestFile.load(TestFile.java:270)
	at de.uka.ilkd.key.proof.runallproofs.proofcollection.TestFile.runKey(TestFile.java:160)
	at de.uka.ilkd.key.proof.runallproofs.proofcollection.ForkedTestFileRunner.main(ForkedTestFileRunner.java:171)
Caused by: de.uka.ilkd.key.proof.init.ProofInputException: Could not find rule file rules/intRulesCheckedSemantics.key
	at de.uka.ilkd.key.proof.io.KeYFile.readIncludes(KeYFile.java:210)
	at de.uka.ilkd.key.proof.init.ProblemInitializer.readIncludes(ProblemInitializer.java:177)
	at de.uka.ilkd.key.proof.init.ProblemInitializer.readEnvInput(ProblemInitializer.java:325)
	at de.uka.ilkd.key.proof.init.ProblemInitializer.prepare(ProblemInitializer.java:449)
	at de.uka.ilkd.key.proof.io.AbstractProblemLoader.createInitConfig(AbstractProblemLoader.java:518)
	at de.uka.ilkd.key.proof.io.AbstractProblemLoader.loadEnvironment(AbstractProblemLoader.java:288)
	at de.uka.ilkd.key.proof.io.AbstractProblemLoader.load(AbstractProblemLoader.java:252)
	at de.uka.ilkd.key.control.AbstractUserInterfaceControl.load(AbstractUserInterfaceControl.java:209)
	... 7 more
Caused by: java.lang.RuntimeException: Could not find rule file rules/intRulesCheckedSemantics.key
	at de.uka.ilkd.key.proof.io.RuleSourceFactory.fromBuiltInRule(RuleSourceFactory.java:32)
	at de.uka.ilkd.key.proof.io.RuleSourceFactory.fromDefaultLocation(RuleSourceFactory.java:21)
	at de.uka.ilkd.key.nparser.builder.IncludeFinder.addInclude(IncludeFinder.java:63)
	at de.uka.ilkd.key.nparser.builder.IncludeFinder.visitOne_include(IncludeFinder.java:43)
	at de.uka.ilkd.key.nparser.builder.IncludeFinder.visitOne_include(IncludeFinder.java:20)
	at de.uka.ilkd.key.nparser.KeYParser$One_includeContext.accept(KeYParser.java:878)
	at de.uka.ilkd.key.nparser.builder.AbstractBuilder.lambda$mapOf$0(AbstractBuilder.java:112)
	at java.base/java.util.stream.ReferencePipeline$3$1.accept(ReferencePipeline.java:195)
	at java.base/java.util.ArrayList$ArrayListSpliterator.forEachRemaining(ArrayList.java:1655)
	at java.base/java.util.stream.AbstractPipeline.copyInto(AbstractPipeline.java:484)
	at java.base/java.util.stream.AbstractPipeline.wrapAndCopyInto(AbstractPipeline.java:474)
	at java.base/java.util.stream.ReduceOps$ReduceOp.evaluateSequential(ReduceOps.java:913)
	at java.base/java.util.stream.AbstractPipeline.evaluate(AbstractPipeline.java:234)
	at java.base/java.util.stream.ReferencePipeline.collect(ReferencePipeline.java:578)
	at de.uka.ilkd.key.nparser.builder.AbstractBuilder.mapOf(AbstractBuilder.java:112)
	at de.uka.ilkd.key.nparser.builder.IncludeFinder.visitOne_include_statement(IncludeFinder.java:35)
	at de.uka.ilkd.key.nparser.builder.IncludeFinder.visitOne_include_statement(IncludeFinder.java:20)
	at de.uka.ilkd.key.nparser.KeYParser$One_include_statementContext.accept(KeYParser.java:802)
	at org.antlr.v4.runtime.tree.AbstractParseTreeVisitor.visitChildren(AbstractParseTreeVisitor.java:46)
	at de.uka.ilkd.key.nparser.KeYParserBaseVisitor.visitDecls(KeYParserBaseVisitor.java:30)
	at de.uka.ilkd.key.nparser.KeYParser$DeclsContext.accept(KeYParser.java:500)
	at org.antlr.v4.runtime.tree.AbstractParseTreeVisitor.visitChildren(AbstractParseTreeVisitor.java:46)
	at de.uka.ilkd.key.nparser.KeYParserBaseVisitor.visitFile(KeYParserBaseVisitor.java:23)
	at de.uka.ilkd.key.nparser.KeYParser$FileContext.accept(KeYParser.java:306)
	at de.uka.ilkd.key.nparser.KeyAst.accept(KeyAst.java:41)
	at de.uka.ilkd.key.nparser.KeyAst$File.getIncludes(KeyAst.java:76)
	at de.uka.ilkd.key.proof.io.KeYFile.readIncludes(KeYFile.java:208)
	... 14 more
Could not find rule file rules/intRulesCheckedSemantics.key (file: /home/runner/work/key/key/key.core/../key.ui/examples/index/../InformationFlow/LoopInvariants/loop.IFLoopExamples(loop.IFLoopExamples__secure_nestedWhile(int)).JML operation contract.0.key; caused by: de.uka.ilkd.key.proof.init.ProofInputException: Could not find rule file rules/intRulesCheckedSemantics.key)
	at de.uka.ilkd.key.control.AbstractUserInterfaceControl.load(AbstractUserInterfaceControl.java:221)
	at de.uka.ilkd.key.control.KeYEnvironment.load(KeYEnvironment.java:251)
	at de.uka.ilkd.key.control.KeYEnvironment.load(KeYEnvironment.java:224)
	at de.uka.ilkd.key.control.KeYEnvironment.load(KeYEnvironment.java:184)
	at de.uka.ilkd.key.control.KeYEnvironment.load(KeYEnvironment.java:261)
	at de.uka.ilkd.key.proof.runallproofs.proofcollection.TestFile.load(TestFile.java:270)
	at de.uka.ilkd.key.proof.runallproofs.proofcollection.TestFile.runKey(TestFile.java:160)
	at de.uka.ilkd.key.proof.runallproofs.proofcollection.ForkedTestFileRunner.main(ForkedTestFileRunner.java:171)
Caused by: de.uka.ilkd.key.proof.init.ProofInputException: Could not find rule file rules/intRulesCheckedSemantics.key
	at de.uka.ilkd.key.proof.io.KeYFile.readIncludes(KeYFile.java:210)
	at de.uka.ilkd.key.proof.init.ProblemInitializer.readIncludes(ProblemInitializer.java:177)
	at de.uka.ilkd.key.proof.init.ProblemInitializer.readEnvInput(ProblemInitializer.java:325)
	at de.uka.ilkd.key.proof.init.ProblemInitializer.prepare(ProblemInitializer.java:449)
	at de.uka.ilkd.key.proof.io.AbstractProblemLoader.createInitConfig(AbstractProblemLoader.java:518)
	at de.uka.ilkd.key.proof.io.AbstractProblemLoader.loadEnvironment(AbstractProblemLoader.java:288)
	at de.uka.ilkd.key.proof.io.AbstractProblemLoader.load(AbstractProblemLoader.java:252)
	at de.uka.ilkd.key.control.AbstractUserInterfaceControl.load(AbstractUserInterfaceControl.java:209)
	... 7 more
Caused by: java.lang.RuntimeException: Could not find rule file rules/intRulesCheckedSemantics.key
	at de.uka.ilkd.key.proof.io.RuleSourceFactory.fromBuiltInRule(RuleSourceFactory.java:32)
	at de.uka.ilkd.key.proof.io.RuleSourceFactory.fromDefaultLocation(RuleSourceFactory.java:21)
	at de.uka.ilkd.key.nparser.builder.IncludeFinder.addInclude(IncludeFinder.java:63)
	at de.uka.ilkd.key.nparser.builder.IncludeFinder.visitOne_include(IncludeFinder.java:43)
	at de.uka.ilkd.key.nparser.builder.IncludeFinder.visitOne_include(IncludeFinder.java:20)
	at de.uka.ilkd.key.nparser.KeYParser$One_includeContext.accept(KeYParser.java:878)
	at de.uka.ilkd.key.nparser.builder.AbstractBuilder.lambda$mapOf$0(AbstractBuilder.java:112)
	at java.base/java.util.stream.ReferencePipeline$3$1.accept(ReferencePipeline.java:195)
	at java.base/java.util.ArrayList$ArrayListSpliterator.forEachRemaining(ArrayList.java:1655)
	at java.base/java.util.stream.AbstractPipeline.copyInto(AbstractPipeline.java:484)
	at java.base/java.util.stream.AbstractPipeline.wrapAndCopyInto(AbstractPipeline.java:474)
	at java.base/java.util.stream.ReduceOps$ReduceOp.evaluateSequential(ReduceOps.java:913)
	at java.base/java.util.stream.AbstractPipeline.evaluate(AbstractPipeline.java:234)
	at java.base/java.util.stream.ReferencePipeline.collect(ReferencePipeline.java:578)
	at de.uka.ilkd.key.nparser.builder.AbstractBuilder.mapOf(AbstractBuilder.java:112)
	at de.uka.ilkd.key.nparser.builder.IncludeFinder.visitOne_include_statement(IncludeFinder.java:35)
	at de.uka.ilkd.key.nparser.builder.IncludeFinder.visitOne_include_statement(IncludeFinder.java:20)
	at de.uka.ilkd.key.nparser.KeYParser$One_include_statementContext.accept(KeYParser.java:802)
	at org.antlr.v4.runtime.tree.AbstractParseTreeVisitor.visitChildren(AbstractParseTreeVisitor.java:46)
	at de.uka.ilkd.key.nparser.KeYParserBaseVisitor.visitDecls(KeYParserBaseVisitor.java:30)
	at de.uka.ilkd.key.nparser.KeYParser$DeclsContext.accept(KeYParser.java:500)
	at org.antlr.v4.runtime.tree.AbstractParseTreeVisitor.visitChildren(AbstractParseTreeVisitor.java:46)
	at de.uka.ilkd.key.nparser.KeYParserBaseVisitor.visitFile(KeYParserBaseVisitor.java:23)
	at de.uka.ilkd.key.nparser.KeYParser$FileContext.accept(KeYParser.java:306)
	at de.uka.ilkd.key.nparser.KeyAst.accept(KeyAst.java:41)
	at de.uka.ilkd.key.nparser.KeyAst$File.getIncludes(KeyAst.java:76)
	at de.uka.ilkd.key.proof.io.KeYFile.readIncludes(KeYFile.java:208)
	... 14 more
Could not find rule file rules/intRulesCheckedSemantics.key (file: /home/runner/work/key/key/key.core/../key.ui/examples/index/../InformationFlow/LoopInvariants/loop.IFLoopExamples(loop.IFLoopExamples__notSecure_while(int)).JML operation contract.0.key; caused by: de.uka.ilkd.key.proof.init.ProofInputException: Could not find rule file rules/intRulesCheckedSemantics.key)
	at de.uka.ilkd.key.control.AbstractUserInterfaceControl.load(AbstractUserInterfaceControl.java:221)
	at de.uka.ilkd.key.control.KeYEnvironment.load(KeYEnvironment.java:251)
	at de.uka.ilkd.key.control.KeYEnvironment.load(KeYEnvironment.java:224)
	at de.uka.ilkd.key.control.KeYEnvironment.load(KeYEnvironment.java:184)
	at de.uka.ilkd.key.control.KeYEnvironment.load(KeYEnvironment.java:261)
	at de.uka.ilkd.key.proof.runallproofs.proofcollection.TestFile.load(TestFile.java:270)
	at de.uka.ilkd.key.proof.runallproofs.proofcollection.TestFile.runKey(TestFile.java:160)
	at de.uka.ilkd.key.proof.runallproofs.proofcollection.ForkedTestFileRunner.main(ForkedTestFileRunner.java:171)
Caused by: de.uka.ilkd.key.proof.init.ProofInputException: Could not find rule file rules/intRulesCheckedSemantics.key
	at de.uka.ilkd.key.proof.io.KeYFile.readIncludes(KeYFile.java:210)
	at de.uka.ilkd.key.proof.init.ProblemInitializer.readIncludes(ProblemInitializer.java:177)
	at de.uka.ilkd.key.proof.init.ProblemInitializer.readEnvInput(ProblemInitializer.java:325)
	at de.uka.ilkd.key.proof.init.ProblemInitializer.prepare(ProblemInitializer.java:449)
	at de.uka.ilkd.key.proof.io.AbstractProblemLoader.createInitConfig(AbstractProblemLoader.java:518)
	at de.uka.ilkd.key.proof.io.AbstractProblemLoader.loadEnvironment(AbstractProblemLoader.java:288)
	at de.uka.ilkd.key.proof.io.AbstractProblemLoader.load(AbstractProblemLoader.java:252)
	at de.uka.ilkd.key.control.AbstractUserInterfaceControl.load(AbstractUserInterfaceControl.java:209)
	... 7 more
Caused by: java.lang.RuntimeException: Could not find rule file rules/intRulesCheckedSemantics.key
	at de.uka.ilkd.key.proof.io.RuleSourceFactory.fromBuiltInRule(RuleSourceFactory.java:32)
	at de.uka.ilkd.key.proof.io.RuleSourceFactory.fromDefaultLocation(RuleSourceFactory.java:21)
	at de.uka.ilkd.key.nparser.builder.IncludeFinder.addInclude(IncludeFinder.java:63)
	at de.uka.ilkd.key.nparser.builder.IncludeFinder.visitOne_include(IncludeFinder.java:43)
	at de.uka.ilkd.key.nparser.builder.IncludeFinder.visitOne_include(IncludeFinder.java:20)
	at de.uka.ilkd.key.nparser.KeYParser$One_includeContext.accept(KeYParser.java:878)
	at de.uka.ilkd.key.nparser.builder.AbstractBuilder.lambda$mapOf$0(AbstractBuilder.java:112)
	at java.base/java.util.stream.ReferencePipeline$3$1.accept(ReferencePipeline.java:195)
	at java.base/java.util.ArrayList$ArrayListSpliterator.forEachRemaining(ArrayList.java:1655)
	at java.base/java.util.stream.AbstractPipeline.copyInto(AbstractPipeline.java:484)
	at java.base/java.util.stream.AbstractPipeline.wrapAndCopyInto(AbstractPipeline.java:474)
	at java.base/java.util.stream.ReduceOps$ReduceOp.evaluateSequential(ReduceOps.java:913)
	at java.base/java.util.stream.AbstractPipeline.evaluate(AbstractPipeline.java:234)
	at java.base/java.util.stream.ReferencePipeline.collect(ReferencePipeline.java:578)
	at de.uka.ilkd.key.nparser.builder.AbstractBuilder.mapOf(AbstractBuilder.java:112)
	at de.uka.ilkd.key.nparser.builder.IncludeFinder.visitOne_include_statement(IncludeFinder.java:35)
	at de.uka.ilkd.key.nparser.builder.IncludeFinder.visitOne_include_statement(IncludeFinder.java:20)
	at de.uka.ilkd.key.nparser.KeYParser$One_include_statementContext.accept(KeYParser.java:802)
	at org.antlr.v4.runtime.tree.AbstractParseTreeVisitor.visitChildren(AbstractParseTreeVisitor.java:46)
	at de.uka.ilkd.key.nparser.KeYParserBaseVisitor.visitDecls(KeYParserBaseVisitor.java:30)
	at de.uka.ilkd.key.nparser.KeYParser$DeclsContext.accept(KeYParser.java:500)
	at org.antlr.v4.runtime.tree.AbstractParseTreeVisitor.visitChildren(AbstractParseTreeVisitor.java:46)
	at de.uka.ilkd.key.nparser.KeYParserBaseVisitor.visitFile(KeYParserBaseVisitor.java:23)
	at de.uka.ilkd.key.nparser.KeYParser$FileContext.accept(KeYParser.java:306)
	at de.uka.ilkd.key.nparser.KeyAst.accept(KeyAst.java:41)
	at de.uka.ilkd.key.nparser.KeyAst$File.getIncludes(KeyAst.java:76)
	at de.uka.ilkd.key.proof.io.KeYFile.readIncludes(KeYFile.java:208)
	... 14 more
Could not find rule file rules/intRulesCheckedSemantics.key (file: /home/runner/work/key/key/key.core/../key.ui/examples/index/../InformationFlow/LoopInvariants/loop.IFLoopExamples(loop.IFLoopExamples__notSecure_while_wrongInv(int)).JML operation contract.0.key; caused by: de.uka.ilkd.key.proof.init.ProofInputException: Could not find rule file rules/intRulesCheckedSemantics.key)
	at de.uka.ilkd.key.control.AbstractUserInterfaceControl.load(AbstractUserInterfaceControl.java:221)
	at de.uka.ilkd.key.control.KeYEnvironment.load(KeYEnvironment.java:251)
	at de.uka.ilkd.key.control.KeYEnvironment.load(KeYEnvironment.java:224)
	at de.uka.ilkd.key.control.KeYEnvironment.load(KeYEnvironment.java:184)
	at de.uka.ilkd.key.control.KeYEnvironment.load(KeYEnvironment.java:261)
	at de.uka.ilkd.key.proof.runallproofs.proofcollection.TestFile.load(TestFile.java:270)
	at de.uka.ilkd.key.proof.runallproofs.proofcollection.TestFile.runKey(TestFile.java:160)
	at de.uka.ilkd.key.proof.runallproofs.proofcollection.ForkedTestFileRunner.main(ForkedTestFileRunner.java:171)
Caused by: de.uka.ilkd.key.proof.init.ProofInputException: Could not find rule file rules/intRulesCheckedSemantics.key
	at de.uka.ilkd.key.proof.io.KeYFile.readIncludes(KeYFile.java:210)
	at de.uka.ilkd.key.proof.init.ProblemInitializer.readIncludes(ProblemInitializer.java:177)
	at de.uka.ilkd.key.proof.init.ProblemInitializer.readEnvInput(ProblemInitializer.java:325)
	at de.uka.ilkd.key.proof.init.ProblemInitializer.prepare(ProblemInitializer.java:449)
	at de.uka.ilkd.key.proof.io.AbstractProblemLoader.createInitConfig(AbstractProblemLoader.java:518)
	at de.uka.ilkd.key.proof.io.AbstractProblemLoader.loadEnvironment(AbstractProblemLoader.java:288)
	at de.uka.ilkd.key.proof.io.AbstractProblemLoader.load(AbstractProblemLoader.java:252)
	at de.uka.ilkd.key.control.AbstractUserInterfaceControl.load(AbstractUserInterfaceControl.java:209)
	... 7 more
Caused by: java.lang.RuntimeException: Could not find rule file rules/intRulesCheckedSemantics.key
	at de.uka.ilkd.key.proof.io.RuleSourceFactory.fromBuiltInRule(RuleSourceFactory.java:32)
	at de.uka.ilkd.key.proof.io.RuleSourceFactory.fromDefaultLocation(RuleSourceFactory.java:21)
	at de.uka.ilkd.key.nparser.builder.IncludeFinder.addInclude(IncludeFinder.java:63)
	at de.uka.ilkd.key.nparser.builder.IncludeFinder.visitOne_include(IncludeFinder.java:43)
	at de.uka.ilkd.key.nparser.builder.IncludeFinder.visitOne_include(IncludeFinder.java:20)
	at de.uka.ilkd.key.nparser.KeYParser$One_includeContext.accept(KeYParser.java:878)
	at de.uka.ilkd.key.nparser.builder.AbstractBuilder.lambda$mapOf$0(AbstractBuilder.java:112)
	at java.base/java.util.stream.ReferencePipeline$3$1.accept(ReferencePipeline.java:195)
	at java.base/java.util.ArrayList$ArrayListSpliterator.forEachRemaining(ArrayList.java:1655)
	at java.base/java.util.stream.AbstractPipeline.copyInto(AbstractPipeline.java:484)
	at java.base/java.util.stream.AbstractPipeline.wrapAndCopyInto(AbstractPipeline.java:474)
	at java.base/java.util.stream.ReduceOps$ReduceOp.evaluateSequential(ReduceOps.java:913)
	at java.base/java.util.stream.AbstractPipeline.evaluate(AbstractPipeline.java:234)
	at java.base/java.util.stream.ReferencePipeline.collect(ReferencePipeline.java:578)
	at de.uka.ilkd.key.nparser.builder.AbstractBuilder.mapOf(AbstractBuilder.java:112)
	at de.uka.ilkd.key.nparser.builder.IncludeFinder.visitOne_include_statement(IncludeFinder.java:35)
	at de.uka.ilkd.key.nparser.builder.IncludeFinder.visitOne_include_statement(IncludeFinder.java:20)
	at de.uka.ilkd.key.nparser.KeYParser$One_include_statementContext.accept(KeYParser.java:802)
	at org.antlr.v4.runtime.tree.AbstractParseTreeVisitor.visitChildren(AbstractParseTreeVisitor.java:46)
	at de.uka.ilkd.key.nparser.KeYParserBaseVisitor.visitDecls(KeYParserBaseVisitor.java:30)
	at de.uka.ilkd.key.nparser.KeYParser$DeclsContext.accept(KeYParser.java:500)
	at org.antlr.v4.runtime.tree.AbstractParseTreeVisitor.visitChildren(AbstractParseTreeVisitor.java:46)
	at de.uka.ilkd.key.nparser.KeYParserBaseVisitor.visitFile(KeYParserBaseVisitor.java:23)
	at de.uka.ilkd.key.nparser.KeYParser$FileContext.accept(KeYParser.java:306)
	at de.uka.ilkd.key.nparser.KeyAst.accept(KeyAst.java:41)
	at de.uka.ilkd.key.nparser.KeyAst$File.getIncludes(KeyAst.java:76)
	at de.uka.ilkd.key.proof.io.KeYFile.readIncludes(KeYFile.java:208)
	... 14 more
Could not find rule file rules/intRulesCheckedSemantics.key (file: /home/runner/work/key/key/key.core/../key.ui/examples/index/../InformationFlow/LoopInvariants/loop.IFLoopExamples(loop.IFLoopExamples__insecure_twoWhile(int)).JML operation contract.0.key; caused by: de.uka.ilkd.key.proof.init.ProofInputException: Could not find rule file rules/intRulesCheckedSemantics.key)
	at de.uka.ilkd.key.control.AbstractUserInterfaceControl.load(AbstractUserInterfaceControl.java:221)
	at de.uka.ilkd.key.control.KeYEnvironment.load(KeYEnvironment.java:251)
	at de.uka.ilkd.key.control.KeYEnvironment.load(KeYEnvironment.java:224)
	at de.uka.ilkd.key.control.KeYEnvironment.load(KeYEnvironment.java:184)
	at de.uka.ilkd.key.control.KeYEnvironment.load(KeYEnvironment.java:261)
	at de.uka.ilkd.key.proof.runallproofs.proofcollection.TestFile.load(TestFile.java:270)
	at de.uka.ilkd.key.proof.runallproofs.proofcollection.TestFile.runKey(TestFile.java:160)
	at de.uka.ilkd.key.proof.runallproofs.proofcollection.ForkedTestFileRunner.main(ForkedTestFileRunner.java:171)
Caused by: de.uka.ilkd.key.proof.init.ProofInputException: Could not find rule file rules/intRulesCheckedSemantics.key
	at de.uka.ilkd.key.proof.io.KeYFile.readIncludes(KeYFile.java:210)
	at de.uka.ilkd.key.proof.init.ProblemInitializer.readIncludes(ProblemInitializer.java:177)
	at de.uka.ilkd.key.proof.init.ProblemInitializer.readEnvInput(ProblemInitializer.java:325)
	at de.uka.ilkd.key.proof.init.ProblemInitializer.prepare(ProblemInitializer.java:449)
	at de.uka.ilkd.key.proof.io.AbstractProblemLoader.createInitConfig(AbstractProblemLoader.java:518)
	at de.uka.ilkd.key.proof.io.AbstractProblemLoader.loadEnvironment(AbstractProblemLoader.java:288)
	at de.uka.ilkd.key.proof.io.AbstractProblemLoader.load(AbstractProblemLoader.java:252)
	at de.uka.ilkd.key.control.AbstractUserInterfaceControl.load(AbstractUserInterfaceControl.java:209)
	... 7 more
Caused by: java.lang.RuntimeException: Could not find rule file rules/intRulesCheckedSemantics.key
	at de.uka.ilkd.key.proof.io.RuleSourceFactory.fromBuiltInRule(RuleSourceFactory.java:32)
	at de.uka.ilkd.key.proof.io.RuleSourceFactory.fromDefaultLocation(RuleSourceFactory.java:21)
	at de.uka.ilkd.key.nparser.builder.IncludeFinder.addInclude(IncludeFinder.java:63)
	at de.uka.ilkd.key.nparser.builder.IncludeFinder.visitOne_include(IncludeFinder.java:43)
	at de.uka.ilkd.key.nparser.builder.IncludeFinder.visitOne_include(IncludeFinder.java:20)
	at de.uka.ilkd.key.nparser.KeYParser$One_includeContext.accept(KeYParser.java:878)
	at de.uka.ilkd.key.nparser.builder.AbstractBuilder.lambda$mapOf$0(AbstractBuilder.java:112)
	at java.base/java.util.stream.ReferencePipeline$3$1.accept(ReferencePipeline.java:195)
	at java.base/java.util.ArrayList$ArrayListSpliterator.forEachRemaining(ArrayList.java:1655)
	at java.base/java.util.stream.AbstractPipeline.copyInto(AbstractPipeline.java:484)
	at java.base/java.util.stream.AbstractPipeline.wrapAndCopyInto(AbstractPipeline.java:474)
	at java.base/java.util.stream.ReduceOps$ReduceOp.evaluateSequential(ReduceOps.java:913)
	at java.base/java.util.stream.AbstractPipeline.evaluate(AbstractPipeline.java:234)
	at java.base/java.util.stream.ReferencePipeline.collect(ReferencePipeline.java:578)
	at de.uka.ilkd.key.nparser.builder.AbstractBuilder.mapOf(AbstractBuilder.java:112)
	at de.uka.ilkd.key.nparser.builder.IncludeFinder.visitOne_include_statement(IncludeFinder.java:35)
	at de.uka.ilkd.key.nparser.builder.IncludeFinder.visitOne_include_statement(IncludeFinder.java:20)
	at de.uka.ilkd.key.nparser.KeYParser$One_include_statementContext.accept(KeYParser.java:802)
	at org.antlr.v4.runtime.tree.AbstractParseTreeVisitor.visitChildren(AbstractParseTreeVisitor.java:46)
	at de.uka.ilkd.key.nparser.KeYParserBaseVisitor.visitDecls(KeYParserBaseVisitor.java:30)
	at de.uka.ilkd.key.nparser.KeYParser$DeclsContext.accept(KeYParser.java:500)
	at org.antlr.v4.runtime.tree.AbstractParseTreeVisitor.visitChildren(AbstractParseTreeVisitor.java:46)
	at de.uka.ilkd.key.nparser.KeYParserBaseVisitor.visitFile(KeYParserBaseVisitor.java:23)
	at de.uka.ilkd.key.nparser.KeYParser$FileContext.accept(KeYParser.java:306)
	at de.uka.ilkd.key.nparser.KeyAst.accept(KeyAst.java:41)
	at de.uka.ilkd.key.nparser.KeyAst$File.getIncludes(KeyAst.java:76)
	at de.uka.ilkd.key.proof.io.KeYFile.readIncludes(KeYFile.java:208)
	... 14 more
Could not find rule file rules/intRulesCheckedSemantics.key (file: /home/runner/work/key/key/key.core/../key.ui/examples/index/../InformationFlow/LoopInvariants/loop.IFLoopExamples(loop.IFLoopExamples__insecure_twoWhile_2(int)).JML operation contract.0.key; caused by: de.uka.ilkd.key.proof.init.ProofInputException: Could not find rule file rules/intRulesCheckedSemantics.key)
	at de.uka.ilkd.key.control.AbstractUserInterfaceControl.load(AbstractUserInterfaceControl.java:221)
	at de.uka.ilkd.key.control.KeYEnvironment.load(KeYEnvironment.java:251)
	at de.uka.ilkd.key.control.KeYEnvironment.load(KeYEnvironment.java:224)
	at de.uka.ilkd.key.control.KeYEnvironment.load(KeYEnvironment.java:184)
	at de.uka.ilkd.key.control.KeYEnvironment.load(KeYEnvironment.java:261)
	at de.uka.ilkd.key.proof.runallproofs.proofcollection.TestFile.load(TestFile.java:270)
	at de.uka.ilkd.key.proof.runallproofs.proofcollection.TestFile.runKey(TestFile.java:160)
	at de.uka.ilkd.key.proof.runallproofs.proofcollection.ForkedTestFileRunner.main(ForkedTestFileRunner.java:171)
Caused by: de.uka.ilkd.key.proof.init.ProofInputException: Could not find rule file rules/intRulesCheckedSemantics.key
	at de.uka.ilkd.key.proof.io.KeYFile.readIncludes(KeYFile.java:210)
	at de.uka.ilkd.key.proof.init.ProblemInitializer.readIncludes(ProblemInitializer.java:177)
	at de.uka.ilkd.key.proof.init.ProblemInitializer.readEnvInput(ProblemInitializer.java:325)
	at de.uka.ilkd.key.proof.init.ProblemInitializer.prepare(ProblemInitializer.java:449)
	at de.uka.ilkd.key.proof.io.AbstractProblemLoader.createInitConfig(AbstractProblemLoader.java:518)
	at de.uka.ilkd.key.proof.io.AbstractProblemLoader.loadEnvironment(AbstractProblemLoader.java:288)
	at de.uka.ilkd.key.proof.io.AbstractProblemLoader.load(AbstractProblemLoader.java:252)
	at de.uka.ilkd.key.control.AbstractUserInterfaceControl.load(AbstractUserInterfaceControl.java:209)
	... 7 more
Caused by: java.lang.RuntimeException: Could not find rule file rules/intRulesCheckedSemantics.key
	at de.uka.ilkd.key.proof.io.RuleSourceFactory.fromBuiltInRule(RuleSourceFactory.java:32)
	at de.uka.ilkd.key.proof.io.RuleSourceFactory.fromDefaultLocation(RuleSourceFactory.java:21)
	at de.uka.ilkd.key.nparser.builder.IncludeFinder.addInclude(IncludeFinder.java:63)
	at de.uka.ilkd.key.nparser.builder.IncludeFinder.visitOne_include(IncludeFinder.java:43)
	at de.uka.ilkd.key.nparser.builder.IncludeFinder.visitOne_include(IncludeFinder.java:20)
	at de.uka.ilkd.key.nparser.KeYParser$One_includeContext.accept(KeYParser.java:878)
	at de.uka.ilkd.key.nparser.builder.AbstractBuilder.lambda$mapOf$0(AbstractBuilder.java:112)
	at java.base/java.util.stream.ReferencePipeline$3$1.accept(ReferencePipeline.java:195)
	at java.base/java.util.ArrayList$ArrayListSpliterator.forEachRemaining(ArrayList.java:1655)
	at java.base/java.util.stream.AbstractPipeline.copyInto(AbstractPipeline.java:484)
	at java.base/java.util.stream.AbstractPipeline.wrapAndCopyInto(AbstractPipeline.java:474)
	at java.base/java.util.stream.ReduceOps$ReduceOp.evaluateSequential(ReduceOps.java:913)
	at java.base/java.util.stream.AbstractPipeline.evaluate(AbstractPipeline.java:234)
	at java.base/java.util.stream.ReferencePipeline.collect(ReferencePipeline.java:578)
	at de.uka.ilkd.key.nparser.builder.AbstractBuilder.mapOf(AbstractBuilder.java:112)
	at de.uka.ilkd.key.nparser.builder.IncludeFinder.visitOne_include_statement(IncludeFinder.java:35)
	at de.uka.ilkd.key.nparser.builder.IncludeFinder.visitOne_include_statement(IncludeFinder.java:20)
	at de.uka.ilkd.key.nparser.KeYParser$One_include_statementContext.accept(KeYParser.java:802)
	at org.antlr.v4.runtime.tree.AbstractParseTreeVisitor.visitChildren(AbstractParseTreeVisitor.java:46)
	at de.uka.ilkd.key.nparser.KeYParserBaseVisitor.visitDecls(KeYParserBaseVisitor.java:30)
	at de.uka.ilkd.key.nparser.KeYParser$DeclsContext.accept(KeYParser.java:500)
	at org.antlr.v4.runtime.tree.AbstractParseTreeVisitor.visitChildren(AbstractParseTreeVisitor.java:46)
	at de.uka.ilkd.key.nparser.KeYParserBaseVisitor.visitFile(KeYParserBaseVisitor.java:23)
	at de.uka.ilkd.key.nparser.KeYParser$FileContext.accept(KeYParser.java:306)
	at de.uka.ilkd.key.nparser.KeyAst.accept(KeyAst.java:41)
	at de.uka.ilkd.key.nparser.KeyAst$File.getIncludes(KeyAst.java:76)
	at de.uka.ilkd.key.proof.io.KeYFile.readIncludes(KeYFile.java:208)
	... 14 more
Could not find rule file rules/intRulesCheckedSemantics.key (file: /home/runner/work/key/key/key.core/../key.ui/examples/index/../InformationFlow/LoopInvariants/loop.IFLoopExamples(loop.IFLoopExamples__secure_twoWhile(int)).JML operation contract.0.key; caused by: de.uka.ilkd.key.proof.init.ProofInputException: Could not find rule file rules/intRulesCheckedSemantics.key)
	at de.uka.ilkd.key.control.AbstractUserInterfaceControl.load(AbstractUserInterfaceControl.java:221)
	at de.uka.ilkd.key.control.KeYEnvironment.load(KeYEnvironment.java:251)
	at de.uka.ilkd.key.control.KeYEnvironment.load(KeYEnvironment.java:224)
	at de.uka.ilkd.key.control.KeYEnvironment.load(KeYEnvironment.java:184)
	at de.uka.ilkd.key.control.KeYEnvironment.load(KeYEnvironment.java:261)
	at de.uka.ilkd.key.proof.runallproofs.proofcollection.TestFile.load(TestFile.java:270)
	at de.uka.ilkd.key.proof.runallproofs.proofcollection.TestFile.runKey(TestFile.java:160)
	at de.uka.ilkd.key.proof.runallproofs.proofcollection.ForkedTestFileRunner.main(ForkedTestFileRunner.java:171)
Caused by: de.uka.ilkd.key.proof.init.ProofInputException: Could not find rule file rules/intRulesCheckedSemantics.key
	at de.uka.ilkd.key.proof.io.KeYFile.readIncludes(KeYFile.java:210)
	at de.uka.ilkd.key.proof.init.ProblemInitializer.readIncludes(ProblemInitializer.java:177)
	at de.uka.ilkd.key.proof.init.ProblemInitializer.readEnvInput(ProblemInitializer.java:325)
	at de.uka.ilkd.key.proof.init.ProblemInitializer.prepare(ProblemInitializer.java:449)
	at de.uka.ilkd.key.proof.io.AbstractProblemLoader.createInitConfig(AbstractProblemLoader.java:518)
	at de.uka.ilkd.key.proof.io.AbstractProblemLoader.loadEnvironment(AbstractProblemLoader.java:288)
	at de.uka.ilkd.key.proof.io.AbstractProblemLoader.load(AbstractProblemLoader.java:252)
	at de.uka.ilkd.key.control.AbstractUserInterfaceControl.load(AbstractUserInterfaceControl.java:209)
	... 7 more
Caused by: java.lang.RuntimeException: Could not find rule file rules/intRulesCheckedSemantics.key
	at de.uka.ilkd.key.proof.io.RuleSourceFactory.fromBuiltInRule(RuleSourceFactory.java:32)
	at de.uka.ilkd.key.proof.io.RuleSourceFactory.fromDefaultLocation(RuleSourceFactory.java:21)
	at de.uka.ilkd.key.nparser.builder.IncludeFinder.addInclude(IncludeFinder.java:63)
	at de.uka.ilkd.key.nparser.builder.IncludeFinder.visitOne_include(IncludeFinder.java:43)
	at de.uka.ilkd.key.nparser.builder.IncludeFinder.visitOne_include(IncludeFinder.java:20)
	at de.uka.ilkd.key.nparser.KeYParser$One_includeContext.accept(KeYParser.java:878)
	at de.uka.ilkd.key.nparser.builder.AbstractBuilder.lambda$mapOf$0(AbstractBuilder.java:112)
	at java.base/java.util.stream.ReferencePipeline$3$1.accept(ReferencePipeline.java:195)
	at java.base/java.util.ArrayList$ArrayListSpliterator.forEachRemaining(ArrayList.java:1655)
	at java.base/java.util.stream.AbstractPipeline.copyInto(AbstractPipeline.java:484)
	at java.base/java.util.stream.AbstractPipeline.wrapAndCopyInto(AbstractPipeline.java:474)
	at java.base/java.util.stream.ReduceOps$ReduceOp.evaluateSequential(ReduceOps.java:913)
	at java.base/java.util.stream.AbstractPipeline.evaluate(AbstractPipeline.java:234)
	at java.base/java.util.stream.ReferencePipeline.collect(ReferencePipeline.java:578)
	at de.uka.ilkd.key.nparser.builder.AbstractBuilder.mapOf(AbstractBuilder.java:112)
	at de.uka.ilkd.key.nparser.builder.IncludeFinder.visitOne_include_statement(IncludeFinder.java:35)
	at de.uka.ilkd.key.nparser.builder.IncludeFinder.visitOne_include_statement(IncludeFinder.java:20)
	at de.uka.ilkd.key.nparser.KeYParser$One_include_statementContext.accept(KeYParser.java:802)
	at org.antlr.v4.runtime.tree.AbstractParseTreeVisitor.visitChildren(AbstractParseTreeVisitor.java:46)
	at de.uka.ilkd.key.nparser.KeYParserBaseVisitor.visitDecls(KeYParserBaseVisitor.java:30)
	at de.uka.ilkd.key.nparser.KeYParser$DeclsContext.accept(KeYParser.java:500)
	at org.antlr.v4.runtime.tree.AbstractParseTreeVisitor.visitChildren(AbstractParseTreeVisitor.java:46)
	at de.uka.ilkd.key.nparser.KeYParserBaseVisitor.visitFile(KeYParserBaseVisitor.java:23)
	at de.uka.ilkd.key.nparser.KeYParser$FileContext.accept(KeYParser.java:306)
	at de.uka.ilkd.key.nparser.KeyAst.accept(KeyAst.java:41)
	at de.uka.ilkd.key.nparser.KeyAst$File.getIncludes(KeyAst.java:76)
	at de.uka.ilkd.key.proof.io.KeYFile.readIncludes(KeYFile.java:208)
	... 14 more
Could not find rule file rules/intRulesCheckedSemantics.key (file: /home/runner/work/key/key/key.core/../key.ui/examples/index/../InformationFlow/LoopInvariants/loop.IFLoopExamples(loop.IFLoopExamples__loc_secure_while(int)).JML operation contract.0.key; caused by: de.uka.ilkd.key.proof.init.ProofInputException: Could not find rule file rules/intRulesCheckedSemantics.key)
	at de.uka.ilkd.key.control.AbstractUserInterfaceControl.load(AbstractUserInterfaceControl.java:221)
	at de.uka.ilkd.key.control.KeYEnvironment.load(KeYEnvironment.java:251)
	at de.uka.ilkd.key.control.KeYEnvironment.load(KeYEnvironment.java:224)
	at de.uka.ilkd.key.control.KeYEnvironment.load(KeYEnvironment.java:184)
	at de.uka.ilkd.key.control.KeYEnvironment.load(KeYEnvironment.java:261)
	at de.uka.ilkd.key.proof.runallproofs.proofcollection.TestFile.load(TestFile.java:270)
	at de.uka.ilkd.key.proof.runallproofs.proofcollection.TestFile.runKey(TestFile.java:160)
	at de.uka.ilkd.key.proof.runallproofs.proofcollection.ForkedTestFileRunner.main(ForkedTestFileRunner.java:171)
Caused by: de.uka.ilkd.key.proof.init.ProofInputException: Could not find rule file rules/intRulesCheckedSemantics.key
	at de.uka.ilkd.key.proof.io.KeYFile.readIncludes(KeYFile.java:210)
	at de.uka.ilkd.key.proof.init.ProblemInitializer.readIncludes(ProblemInitializer.java:177)
	at de.uka.ilkd.key.proof.init.ProblemInitializer.readEnvInput(ProblemInitializer.java:325)
	at de.uka.ilkd.key.proof.init.ProblemInitializer.prepare(ProblemInitializer.java:449)
	at de.uka.ilkd.key.proof.io.AbstractProblemLoader.createInitConfig(AbstractProblemLoader.java:518)
	at de.uka.ilkd.key.proof.io.AbstractProblemLoader.loadEnvironment(AbstractProblemLoader.java:288)
	at de.uka.ilkd.key.proof.io.AbstractProblemLoader.load(AbstractProblemLoader.java:252)
	at de.uka.ilkd.key.control.AbstractUserInterfaceControl.load(AbstractUserInterfaceControl.java:209)
	... 7 more
Caused by: java.lang.RuntimeException: Could not find rule file rules/intRulesCheckedSemantics.key
	at de.uka.ilkd.key.proof.io.RuleSourceFactory.fromBuiltInRule(RuleSourceFactory.java:32)
	at de.uka.ilkd.key.proof.io.RuleSourceFactory.fromDefaultLocation(RuleSourceFactory.java:21)
	at de.uka.ilkd.key.nparser.builder.IncludeFinder.addInclude(IncludeFinder.java:63)
	at de.uka.ilkd.key.nparser.builder.IncludeFinder.visitOne_include(IncludeFinder.java:43)
	at de.uka.ilkd.key.nparser.builder.IncludeFinder.visitOne_include(IncludeFinder.java:20)
	at de.uka.ilkd.key.nparser.KeYParser$One_includeContext.accept(KeYParser.java:878)
	at de.uka.ilkd.key.nparser.builder.AbstractBuilder.lambda$mapOf$0(AbstractBuilder.java:112)
	at java.base/java.util.stream.ReferencePipeline$3$1.accept(ReferencePipeline.java:195)
	at java.base/java.util.ArrayList$ArrayListSpliterator.forEachRemaining(ArrayList.java:1655)
	at java.base/java.util.stream.AbstractPipeline.copyInto(AbstractPipeline.java:484)
	at java.base/java.util.stream.AbstractPipeline.wrapAndCopyInto(AbstractPipeline.java:474)
	at java.base/java.util.stream.ReduceOps$ReduceOp.evaluateSequential(ReduceOps.java:913)
	at java.base/java.util.stream.AbstractPipeline.evaluate(AbstractPipeline.java:234)
	at java.base/java.util.stream.ReferencePipeline.collect(ReferencePipeline.java:578)
	at de.uka.ilkd.key.nparser.builder.AbstractBuilder.mapOf(AbstractBuilder.java:112)
	at de.uka.ilkd.key.nparser.builder.IncludeFinder.visitOne_include_statement(IncludeFinder.java:35)
	at de.uka.ilkd.key.nparser.builder.IncludeFinder.visitOne_include_statement(IncludeFinder.java:20)
	at de.uka.ilkd.key.nparser.KeYParser$One_include_statementContext.accept(KeYParser.java:802)
	at org.antlr.v4.runtime.tree.AbstractParseTreeVisitor.visitChildren(AbstractParseTreeVisitor.java:46)
	at de.uka.ilkd.key.nparser.KeYParserBaseVisitor.visitDecls(KeYParserBaseVisitor.java:30)
	at de.uka.ilkd.key.nparser.KeYParser$DeclsContext.accept(KeYParser.java:500)
	at org.antlr.v4.runtime.tree.AbstractParseTreeVisitor.visitChildren(AbstractParseTreeVisitor.java:46)
	at de.uka.ilkd.key.nparser.KeYParserBaseVisitor.visitFile(KeYParserBaseVisitor.java:23)
	at de.uka.ilkd.key.nparser.KeYParser$FileContext.accept(KeYParser.java:306)
	at de.uka.ilkd.key.nparser.KeyAst.accept(KeyAst.java:41)
	at de.uka.ilkd.key.nparser.KeyAst$File.getIncludes(KeyAst.java:76)
	at de.uka.ilkd.key.proof.io.KeYFile.readIncludes(KeYFile.java:208)
	... 14 more
Could not find rule file rules/intRulesCheckedSemantics.key (file: /home/runner/work/key/key/key.core/../key.ui/examples/index/../InformationFlow/LoopInvariants/loop.IFLoopExamples(loop.IFLoopExamples__secure_while(int)).JML operation contract.0.key; caused by: de.uka.ilkd.key.proof.init.ProofInputException: Could not find rule file rules/intRulesCheckedSemantics.key)
	at de.uka.ilkd.key.control.AbstractUserInterfaceControl.load(AbstractUserInterfaceControl.java:221)
	at de.uka.ilkd.key.control.KeYEnvironment.load(KeYEnvironment.java:251)
	at de.uka.ilkd.key.control.KeYEnvironment.load(KeYEnvironment.java:224)
	at de.uka.ilkd.key.control.KeYEnvironment.load(KeYEnvironment.java:184)
	at de.uka.ilkd.key.control.KeYEnvironment.load(KeYEnvironment.java:261)
	at de.uka.ilkd.key.proof.runallproofs.proofcollection.TestFile.load(TestFile.java:270)
	at de.uka.ilkd.key.proof.runallproofs.proofcollection.TestFile.runKey(TestFile.java:160)
	at de.uka.ilkd.key.proof.runallproofs.proofcollection.ForkedTestFileRunner.main(ForkedTestFileRunner.java:171)
Caused by: de.uka.ilkd.key.proof.init.ProofInputException: Could not find rule file rules/intRulesCheckedSemantics.key
	at de.uka.ilkd.key.proof.io.KeYFile.readIncludes(KeYFile.java:210)
	at de.uka.ilkd.key.proof.init.ProblemInitializer.readIncludes(ProblemInitializer.java:177)
	at de.uka.ilkd.key.proof.init.ProblemInitializer.readEnvInput(ProblemInitializer.java:325)
	at de.uka.ilkd.key.proof.init.ProblemInitializer.prepare(ProblemInitializer.java:449)
	at de.uka.ilkd.key.proof.io.AbstractProblemLoader.createInitConfig(AbstractProblemLoader.java:518)
	at de.uka.ilkd.key.proof.io.AbstractProblemLoader.loadEnvironment(AbstractProblemLoader.java:288)
	at de.uka.ilkd.key.proof.io.AbstractProblemLoader.load(AbstractProblemLoader.java:252)
	at de.uka.ilkd.key.control.AbstractUserInterfaceControl.load(AbstractUserInterfaceControl.java:209)
	... 7 more
Caused by: java.lang.RuntimeException: Could not find rule file rules/intRulesCheckedSemantics.key
	at de.uka.ilkd.key.proof.io.RuleSourceFactory.fromBuiltInRule(RuleSourceFactory.java:32)
	at de.uka.ilkd.key.proof.io.RuleSourceFactory.fromDefaultLocation(RuleSourceFactory.java:21)
	at de.uka.ilkd.key.nparser.builder.IncludeFinder.addInclude(IncludeFinder.java:63)
	at de.uka.ilkd.key.nparser.builder.IncludeFinder.visitOne_include(IncludeFinder.java:43)
	at de.uka.ilkd.key.nparser.builder.IncludeFinder.visitOne_include(IncludeFinder.java:20)
	at de.uka.ilkd.key.nparser.KeYParser$One_includeContext.accept(KeYParser.java:878)
	at de.uka.ilkd.key.nparser.builder.AbstractBuilder.lambda$mapOf$0(AbstractBuilder.java:112)
	at java.base/java.util.stream.ReferencePipeline$3$1.accept(ReferencePipeline.java:195)
	at java.base/java.util.ArrayList$ArrayListSpliterator.forEachRemaining(ArrayList.java:1655)
	at java.base/java.util.stream.AbstractPipeline.copyInto(AbstractPipeline.java:484)
	at java.base/java.util.stream.AbstractPipeline.wrapAndCopyInto(AbstractPipeline.java:474)
	at java.base/java.util.stream.ReduceOps$ReduceOp.evaluateSequential(ReduceOps.java:913)
	at java.base/java.util.stream.AbstractPipeline.evaluate(AbstractPipeline.java:234)
	at java.base/java.util.stream.ReferencePipeline.collect(ReferencePipeline.java:578)
	at de.uka.ilkd.key.nparser.builder.AbstractBuilder.mapOf(AbstractBuilder.java:112)
	at de.uka.ilkd.key.nparser.builder.IncludeFinder.visitOne_include_statement(IncludeFinder.java:35)
	at de.uka.ilkd.key.nparser.builder.IncludeFinder.visitOne_include_statement(IncludeFinder.java:20)
	at de.uka.ilkd.key.nparser.KeYParser$One_include_statementContext.accept(KeYParser.java:802)
	at org.antlr.v4.runtime.tree.AbstractParseTreeVisitor.visitChildren(AbstractParseTreeVisitor.java:46)
	at de.uka.ilkd.key.nparser.KeYParserBaseVisitor.visitDecls(KeYParserBaseVisitor.java:30)
	at de.uka.ilkd.key.nparser.KeYParser$DeclsContext.accept(KeYParser.java:500)
	at org.antlr.v4.runtime.tree.AbstractParseTreeVisitor.visitChildren(AbstractParseTreeVisitor.java:46)
	at de.uka.ilkd.key.nparser.KeYParserBaseVisitor.visitFile(KeYParserBaseVisitor.java:23)
	at de.uka.ilkd.key.nparser.KeYParser$FileContext.accept(KeYParser.java:306)
	at de.uka.ilkd.key.nparser.KeyAst.accept(KeyAst.java:41)
	at de.uka.ilkd.key.nparser.KeyAst$File.getIncludes(KeyAst.java:76)
	at de.uka.ilkd.key.proof.io.KeYFile.readIncludes(KeYFile.java:208)
	... 14 more
Could not find rule file rules/intRulesCheckedSemantics.key (file: /home/runner/work/key/key/key.core/../key.ui/examples/index/../InformationFlow/LoopInvariants/loop.IFLoopExamples(loop.IFLoopExamples__print(int)).JML normal_behavior operation contract.0.key; caused by: de.uka.ilkd.key.proof.init.ProofInputException: Could not find rule file rules/intRulesCheckedSemantics.key)
	at de.uka.ilkd.key.control.AbstractUserInterfaceControl.load(AbstractUserInterfaceControl.java:221)
	at de.uka.ilkd.key.control.KeYEnvironment.load(KeYEnvironment.java:251)
	at de.uka.ilkd.key.control.KeYEnvironment.load(KeYEnvironment.java:224)
	at de.uka.ilkd.key.control.KeYEnvironment.load(KeYEnvironment.java:184)
	at de.uka.ilkd.key.control.KeYEnvironment.load(KeYEnvironment.java:261)
	at de.uka.ilkd.key.proof.runallproofs.proofcollection.TestFile.load(TestFile.java:270)
	at de.uka.ilkd.key.proof.runallproofs.proofcollection.TestFile.runKey(TestFile.java:160)
	at de.uka.ilkd.key.proof.runallproofs.proofcollection.ForkedTestFileRunner.main(ForkedTestFileRunner.java:171)
Caused by: de.uka.ilkd.key.proof.init.ProofInputException: Could not find rule file rules/intRulesCheckedSemantics.key
	at de.uka.ilkd.key.proof.io.KeYFile.readIncludes(KeYFile.java:210)
	at de.uka.ilkd.key.proof.init.ProblemInitializer.readIncludes(ProblemInitializer.java:177)
	at de.uka.ilkd.key.proof.init.ProblemInitializer.readEnvInput(ProblemInitializer.java:325)
	at de.uka.ilkd.key.proof.init.ProblemInitializer.prepare(ProblemInitializer.java:449)
	at de.uka.ilkd.key.proof.io.AbstractProblemLoader.createInitConfig(AbstractProblemLoader.java:518)
	at de.uka.ilkd.key.proof.io.AbstractProblemLoader.loadEnvironment(AbstractProblemLoader.java:288)
	at de.uka.ilkd.key.proof.io.AbstractProblemLoader.load(AbstractProblemLoader.java:252)
	at de.uka.ilkd.key.control.AbstractUserInterfaceControl.load(AbstractUserInterfaceControl.java:209)
	... 7 more
Caused by: java.lang.RuntimeException: Could not find rule file rules/intRulesCheckedSemantics.key
	at de.uka.ilkd.key.proof.io.RuleSourceFactory.fromBuiltInRule(RuleSourceFactory.java:32)
	at de.uka.ilkd.key.proof.io.RuleSourceFactory.fromDefaultLocation(RuleSourceFactory.java:21)
	at de.uka.ilkd.key.nparser.builder.IncludeFinder.addInclude(IncludeFinder.java:63)
	at de.uka.ilkd.key.nparser.builder.IncludeFinder.visitOne_include(IncludeFinder.java:43)
	at de.uka.ilkd.key.nparser.builder.IncludeFinder.visitOne_include(IncludeFinder.java:20)
	at de.uka.ilkd.key.nparser.KeYParser$One_includeContext.accept(KeYParser.java:878)
	at de.uka.ilkd.key.nparser.builder.AbstractBuilder.lambda$mapOf$0(AbstractBuilder.java:112)
	at java.base/java.util.stream.ReferencePipeline$3$1.accept(ReferencePipeline.java:195)
	at java.base/java.util.ArrayList$ArrayListSpliterator.forEachRemaining(ArrayList.java:1655)
	at java.base/java.util.stream.AbstractPipeline.copyInto(AbstractPipeline.java:484)
	at java.base/java.util.stream.AbstractPipeline.wrapAndCopyInto(AbstractPipeline.java:474)
	at java.base/java.util.stream.ReduceOps$ReduceOp.evaluateSequential(ReduceOps.java:913)
	at java.base/java.util.stream.AbstractPipeline.evaluate(AbstractPipeline.java:234)
	at java.base/java.util.stream.ReferencePipeline.collect(ReferencePipeline.java:578)
	at de.uka.ilkd.key.nparser.builder.AbstractBuilder.mapOf(AbstractBuilder.java:112)
	at de.uka.ilkd.key.nparser.builder.IncludeFinder.visitOne_include_statement(IncludeFinder.java:35)
	at de.uka.ilkd.key.nparser.builder.IncludeFinder.visitOne_include_statement(IncludeFinder.java:20)
	at de.uka.ilkd.key.nparser.KeYParser$One_include_statementContext.accept(KeYParser.java:802)
	at org.antlr.v4.runtime.tree.AbstractParseTreeVisitor.visitChildren(AbstractParseTreeVisitor.java:46)
	at de.uka.ilkd.key.nparser.KeYParserBaseVisitor.visitDecls(KeYParserBaseVisitor.java:30)
	at de.uka.ilkd.key.nparser.KeYParser$DeclsContext.accept(KeYParser.java:500)
	at org.antlr.v4.runtime.tree.AbstractParseTreeVisitor.visitChildren(AbstractParseTreeVisitor.java:46)
	at de.uka.ilkd.key.nparser.KeYParserBaseVisitor.visitFile(KeYParserBaseVisitor.java:23)
	at de.uka.ilkd.key.nparser.KeYParser$FileContext.accept(KeYParser.java:306)
	at de.uka.ilkd.key.nparser.KeyAst.accept(KeyAst.java:41)
	at de.uka.ilkd.key.nparser.KeyAst$File.getIncludes(KeyAst.java:76)
	at de.uka.ilkd.key.proof.io.KeYFile.readIncludes(KeYFile.java:208)
	... 14 more
Could not find rule file rules/intRulesCheckedSemantics.key (file: /home/runner/work/key/key/key.core/../key.ui/examples/index/../InformationFlow/LoopInvariants/loop.IFLoopExamples(loop.IFLoopExamples__hammer(int)).JML normal_behavior operation contract.0.key; caused by: de.uka.ilkd.key.proof.init.ProofInputException: Could not find rule file rules/intRulesCheckedSemantics.key)
	at de.uka.ilkd.key.control.AbstractUserInterfaceControl.load(AbstractUserInterfaceControl.java:221)
	at de.uka.ilkd.key.control.KeYEnvironment.load(KeYEnvironment.java:251)
	at de.uka.ilkd.key.control.KeYEnvironment.load(KeYEnvironment.java:224)
	at de.uka.ilkd.key.control.KeYEnvironment.load(KeYEnvironment.java:184)
	at de.uka.ilkd.key.control.KeYEnvironment.load(KeYEnvironment.java:261)
	at de.uka.ilkd.key.proof.runallproofs.proofcollection.TestFile.load(TestFile.java:270)
	at de.uka.ilkd.key.proof.runallproofs.proofcollection.TestFile.runKey(TestFile.java:160)
	at de.uka.ilkd.key.proof.runallproofs.proofcollection.ForkedTestFileRunner.main(ForkedTestFileRunner.java:171)
Caused by: de.uka.ilkd.key.proof.init.ProofInputException: Could not find rule file rules/intRulesCheckedSemantics.key
	at de.uka.ilkd.key.proof.io.KeYFile.readIncludes(KeYFile.java:210)
	at de.uka.ilkd.key.proof.init.ProblemInitializer.readIncludes(ProblemInitializer.java:177)
	at de.uka.ilkd.key.proof.init.ProblemInitializer.readEnvInput(ProblemInitializer.java:325)
	at de.uka.ilkd.key.proof.init.ProblemInitializer.prepare(ProblemInitializer.java:449)
	at de.uka.ilkd.key.proof.io.AbstractProblemLoader.createInitConfig(AbstractProblemLoader.java:518)
	at de.uka.ilkd.key.proof.io.AbstractProblemLoader.loadEnvironment(AbstractProblemLoader.java:288)
	at de.uka.ilkd.key.proof.io.AbstractProblemLoader.load(AbstractProblemLoader.java:252)
	at de.uka.ilkd.key.control.AbstractUserInterfaceControl.load(AbstractUserInterfaceControl.java:209)
	... 7 more
Caused by: java.lang.RuntimeException: Could not find rule file rules/intRulesCheckedSemantics.key
	at de.uka.ilkd.key.proof.io.RuleSourceFactory.fromBuiltInRule(RuleSourceFactory.java:32)
	at de.uka.ilkd.key.proof.io.RuleSourceFactory.fromDefaultLocation(RuleSourceFactory.java:21)
	at de.uka.ilkd.key.nparser.builder.IncludeFinder.addInclude(IncludeFinder.java:63)
	at de.uka.ilkd.key.nparser.builder.IncludeFinder.visitOne_include(IncludeFinder.java:43)
	at de.uka.ilkd.key.nparser.builder.IncludeFinder.visitOne_include(IncludeFinder.java:20)
	at de.uka.ilkd.key.nparser.KeYParser$One_includeContext.accept(KeYParser.java:878)
	at de.uka.ilkd.key.nparser.builder.AbstractBuilder.lambda$mapOf$0(AbstractBuilder.java:112)
	at java.base/java.util.stream.ReferencePipeline$3$1.accept(ReferencePipeline.java:195)
	at java.base/java.util.ArrayList$ArrayListSpliterator.forEachRemaining(ArrayList.java:1655)
	at java.base/java.util.stream.AbstractPipeline.copyInto(AbstractPipeline.java:484)
	at java.base/java.util.stream.AbstractPipeline.wrapAndCopyInto(AbstractPipeline.java:474)
	at java.base/java.util.stream.ReduceOps$ReduceOp.evaluateSequential(ReduceOps.java:913)
	at java.base/java.util.stream.AbstractPipeline.evaluate(AbstractPipeline.java:234)
	at java.base/java.util.stream.ReferencePipeline.collect(ReferencePipeline.java:578)
	at de.uka.ilkd.key.nparser.builder.AbstractBuilder.mapOf(AbstractBuilder.java:112)
	at de.uka.ilkd.key.nparser.builder.IncludeFinder.visitOne_include_statement(IncludeFinder.java:35)
	at de.uka.ilkd.key.nparser.builder.IncludeFinder.visitOne_include_statement(IncludeFinder.java:20)
	at de.uka.ilkd.key.nparser.KeYParser$One_include_statementContext.accept(KeYParser.java:802)
	at org.antlr.v4.runtime.tree.AbstractParseTreeVisitor.visitChildren(AbstractParseTreeVisitor.java:46)
	at de.uka.ilkd.key.nparser.KeYParserBaseVisitor.visitDecls(KeYParserBaseVisitor.java:30)
	at de.uka.ilkd.key.nparser.KeYParser$DeclsContext.accept(KeYParser.java:500)
	at org.antlr.v4.runtime.tree.AbstractParseTreeVisitor.visitChildren(AbstractParseTreeVisitor.java:46)
	at de.uka.ilkd.key.nparser.KeYParserBaseVisitor.visitFile(KeYParserBaseVisitor.java:23)
	at de.uka.ilkd.key.nparser.KeYParser$FileContext.accept(KeYParser.java:306)
	at de.uka.ilkd.key.nparser.KeyAst.accept(KeyAst.java:41)
	at de.uka.ilkd.key.nparser.KeyAst$File.getIncludes(KeyAst.java:76)
	at de.uka.ilkd.key.proof.io.KeYFile.readIncludes(KeYFile.java:208)
	... 14 more
Exception in thread "main" org.opentest4j.AssertionFailedError: Exception during the execution of proofs. See log for more details.
	at org.junit.jupiter.api.AssertionUtils.fail(AssertionUtils.java:39)
	at org.junit.jupiter.api.Assertions.fail(Assertions.java:134)
	at de.uka.ilkd.key.proof.runallproofs.proofcollection.ForkedTestFileRunner.main(ForkedTestFileRunner.java:192)
Timeout watcher launched (1000 secs.)
Could not find rule file rules/intRulesCheckedSemantics.key (file: /home/runner/work/key/key/key.core/../key.ui/examples/index/../InformationFlow/MiniExamples/mini.AliasingExamples(mini.AliasingExamples__insecure_1(mini.AliasingExamples,mini.AliasingExamples,int)).JML operation contract.0.key; caused by: de.uka.ilkd.key.proof.init.ProofInputException: Could not find rule file rules/intRulesCheckedSemantics.key)
	at de.uka.ilkd.key.control.AbstractUserInterfaceControl.load(AbstractUserInterfaceControl.java:221)
	at de.uka.ilkd.key.control.KeYEnvironment.load(KeYEnvironment.java:251)
	at de.uka.ilkd.key.control.KeYEnvironment.load(KeYEnvironment.java:224)
	at de.uka.ilkd.key.control.KeYEnvironment.load(KeYEnvironment.java:184)
	at de.uka.ilkd.key.control.KeYEnvironment.load(KeYEnvironment.java:261)
	at de.uka.ilkd.key.proof.runallproofs.proofcollection.TestFile.load(TestFile.java:270)
	at de.uka.ilkd.key.proof.runallproofs.proofcollection.TestFile.runKey(TestFile.java:160)
	at de.uka.ilkd.key.proof.runallproofs.proofcollection.ForkedTestFileRunner.main(ForkedTestFileRunner.java:171)
Caused by: de.uka.ilkd.key.proof.init.ProofInputException: Could not find rule file rules/intRulesCheckedSemantics.key
	at de.uka.ilkd.key.proof.io.KeYFile.readIncludes(KeYFile.java:210)
	at de.uka.ilkd.key.proof.init.ProblemInitializer.readIncludes(ProblemInitializer.java:177)
	at de.uka.ilkd.key.proof.init.ProblemInitializer.readEnvInput(ProblemInitializer.java:325)
	at de.uka.ilkd.key.proof.init.ProblemInitializer.prepare(ProblemInitializer.java:449)
	at de.uka.ilkd.key.proof.io.AbstractProblemLoader.createInitConfig(AbstractProblemLoader.java:518)
	at de.uka.ilkd.key.proof.io.AbstractProblemLoader.loadEnvironment(AbstractProblemLoader.java:288)
	at de.uka.ilkd.key.proof.io.AbstractProblemLoader.load(AbstractProblemLoader.java:252)
	at de.uka.ilkd.key.control.AbstractUserInterfaceControl.load(AbstractUserInterfaceControl.java:209)
	... 7 more
Caused by: java.lang.RuntimeException: Could not find rule file rules/intRulesCheckedSemantics.key
	at de.uka.ilkd.key.proof.io.RuleSourceFactory.fromBuiltInRule(RuleSourceFactory.java:32)
	at de.uka.ilkd.key.proof.io.RuleSourceFactory.fromDefaultLocation(RuleSourceFactory.java:21)
	at de.uka.ilkd.key.nparser.builder.IncludeFinder.addInclude(IncludeFinder.java:63)
	at de.uka.ilkd.key.nparser.builder.IncludeFinder.visitOne_include(IncludeFinder.java:43)
	at de.uka.ilkd.key.nparser.builder.IncludeFinder.visitOne_include(IncludeFinder.java:20)
	at de.uka.ilkd.key.nparser.KeYParser$One_includeContext.accept(KeYParser.java:878)
	at de.uka.ilkd.key.nparser.builder.AbstractBuilder.lambda$mapOf$0(AbstractBuilder.java:112)
	at java.base/java.util.stream.ReferencePipeline$3$1.accept(ReferencePipeline.java:195)
	at java.base/java.util.ArrayList$ArrayListSpliterator.forEachRemaining(ArrayList.java:1655)
	at java.base/java.util.stream.AbstractPipeline.copyInto(AbstractPipeline.java:484)
	at java.base/java.util.stream.AbstractPipeline.wrapAndCopyInto(AbstractPipeline.java:474)
	at java.base/java.util.stream.ReduceOps$ReduceOp.evaluateSequential(ReduceOps.java:913)
	at java.base/java.util.stream.AbstractPipeline.evaluate(AbstractPipeline.java:234)
	at java.base/java.util.stream.ReferencePipeline.collect(ReferencePipeline.java:578)
	at de.uka.ilkd.key.nparser.builder.AbstractBuilder.mapOf(AbstractBuilder.java:112)
	at de.uka.ilkd.key.nparser.builder.IncludeFinder.visitOne_include_statement(IncludeFinder.java:35)
	at de.uka.ilkd.key.nparser.builder.IncludeFinder.visitOne_include_statement(IncludeFinder.java:20)
	at de.uka.ilkd.key.nparser.KeYParser$One_include_statementContext.accept(KeYParser.java:802)
	at org.antlr.v4.runtime.tree.AbstractParseTreeVisitor.visitChildren(AbstractParseTreeVisitor.java:46)
	at de.uka.ilkd.key.nparser.KeYParserBaseVisitor.visitDecls(KeYParserBaseVisitor.java:30)
	at de.uka.ilkd.key.nparser.KeYParser$DeclsContext.accept(KeYParser.java:500)
	at org.antlr.v4.runtime.tree.AbstractParseTreeVisitor.visitChildren(AbstractParseTreeVisitor.java:46)
	at de.uka.ilkd.key.nparser.KeYParserBaseVisitor.visitFile(KeYParserBaseVisitor.java:23)
	at de.uka.ilkd.key.nparser.KeYParser$FileContext.accept(KeYParser.java:306)
	at de.uka.ilkd.key.nparser.KeyAst.accept(KeyAst.java:41)
	at de.uka.ilkd.key.nparser.KeyAst$File.getIncludes(KeyAst.java:76)
	at de.uka.ilkd.key.proof.io.KeYFile.readIncludes(KeYFile.java:208)
	... 14 more
Could not find rule file rules/intRulesCheckedSemantics.key (file: /home/runner/work/key/key/key.core/../key.ui/examples/index/../InformationFlow/MiniExamples/mini.AliasingExamples(mini.AliasingExamples__secure_1(mini.AliasingExamples,mini.AliasingExamples,int)).JML operation contract.0.key; caused by: de.uka.ilkd.key.proof.init.ProofInputException: Could not find rule file rules/intRulesCheckedSemantics.key)
	at de.uka.ilkd.key.control.AbstractUserInterfaceControl.load(AbstractUserInterfaceControl.java:221)
	at de.uka.ilkd.key.control.KeYEnvironment.load(KeYEnvironment.java:251)
	at de.uka.ilkd.key.control.KeYEnvironment.load(KeYEnvironment.java:224)
	at de.uka.ilkd.key.control.KeYEnvironment.load(KeYEnvironment.java:184)
	at de.uka.ilkd.key.control.KeYEnvironment.load(KeYEnvironment.java:261)
	at de.uka.ilkd.key.proof.runallproofs.proofcollection.TestFile.load(TestFile.java:270)
	at de.uka.ilkd.key.proof.runallproofs.proofcollection.TestFile.runKey(TestFile.java:160)
	at de.uka.ilkd.key.proof.runallproofs.proofcollection.ForkedTestFileRunner.main(ForkedTestFileRunner.java:171)
Caused by: de.uka.ilkd.key.proof.init.ProofInputException: Could not find rule file rules/intRulesCheckedSemantics.key
	at de.uka.ilkd.key.proof.io.KeYFile.readIncludes(KeYFile.java:210)
	at de.uka.ilkd.key.proof.init.ProblemInitializer.readIncludes(ProblemInitializer.java:177)
	at de.uka.ilkd.key.proof.init.ProblemInitializer.readEnvInput(ProblemInitializer.java:325)
	at de.uka.ilkd.key.proof.init.ProblemInitializer.prepare(ProblemInitializer.java:449)
	at de.uka.ilkd.key.proof.io.AbstractProblemLoader.createInitConfig(AbstractProblemLoader.java:518)
	at de.uka.ilkd.key.proof.io.AbstractProblemLoader.loadEnvironment(AbstractProblemLoader.java:288)
	at de.uka.ilkd.key.proof.io.AbstractProblemLoader.load(AbstractProblemLoader.java:252)
	at de.uka.ilkd.key.control.AbstractUserInterfaceControl.load(AbstractUserInterfaceControl.java:209)
	... 7 more
Caused by: java.lang.RuntimeException: Could not find rule file rules/intRulesCheckedSemantics.key
	at de.uka.ilkd.key.proof.io.RuleSourceFactory.fromBuiltInRule(RuleSourceFactory.java:32)
	at de.uka.ilkd.key.proof.io.RuleSourceFactory.fromDefaultLocation(RuleSourceFactory.java:21)
	at de.uka.ilkd.key.nparser.builder.IncludeFinder.addInclude(IncludeFinder.java:63)
	at de.uka.ilkd.key.nparser.builder.IncludeFinder.visitOne_include(IncludeFinder.java:43)
	at de.uka.ilkd.key.nparser.builder.IncludeFinder.visitOne_include(IncludeFinder.java:20)
	at de.uka.ilkd.key.nparser.KeYParser$One_includeContext.accept(KeYParser.java:878)
	at de.uka.ilkd.key.nparser.builder.AbstractBuilder.lambda$mapOf$0(AbstractBuilder.java:112)
	at java.base/java.util.stream.ReferencePipeline$3$1.accept(ReferencePipeline.java:195)
	at java.base/java.util.ArrayList$ArrayListSpliterator.forEachRemaining(ArrayList.java:1655)
	at java.base/java.util.stream.AbstractPipeline.copyInto(AbstractPipeline.java:484)
	at java.base/java.util.stream.AbstractPipeline.wrapAndCopyInto(AbstractPipeline.java:474)
	at java.base/java.util.stream.ReduceOps$ReduceOp.evaluateSequential(ReduceOps.java:913)
	at java.base/java.util.stream.AbstractPipeline.evaluate(AbstractPipeline.java:234)
	at java.base/java.util.stream.ReferencePipeline.collect(ReferencePipeline.java:578)
	at de.uka.ilkd.key.nparser.builder.AbstractBuilder.mapOf(AbstractBuilder.java:112)
	at de.uka.ilkd.key.nparser.builder.IncludeFinder.visitOne_include_statement(IncludeFinder.java:35)
	at de.uka.ilkd.key.nparser.builder.IncludeFinder.visitOne_include_statement(IncludeFinder.java:20)
	at de.uka.ilkd.key.nparser.KeYParser$One_include_statementContext.accept(KeYParser.java:802)
	at org.antlr.v4.runtime.tree.AbstractParseTreeVisitor.visitChildren(AbstractParseTreeVisitor.java:46)
	at de.uka.ilkd.key.nparser.KeYParserBaseVisitor.visitDecls(KeYParserBaseVisitor.java:30)
	at de.uka.ilkd.key.nparser.KeYParser$DeclsContext.accept(KeYParser.java:500)
	at org.antlr.v4.runtime.tree.AbstractParseTreeVisitor.visitChildren(AbstractParseTreeVisitor.java:46)
	at de.uka.ilkd.key.nparser.KeYParserBaseVisitor.visitFile(KeYParserBaseVisitor.java:23)
	at de.uka.ilkd.key.nparser.KeYParser$FileContext.accept(KeYParser.java:306)
	at de.uka.ilkd.key.nparser.KeyAst.accept(KeyAst.java:41)
	at de.uka.ilkd.key.nparser.KeyAst$File.getIncludes(KeyAst.java:76)
	at de.uka.ilkd.key.proof.io.KeYFile.readIncludes(KeYFile.java:208)
	... 14 more
Could not find rule file rules/intRulesCheckedSemantics.key (file: /home/runner/work/key/key/key.core/../key.ui/examples/index/../InformationFlow/MiniExamples/mini.MiniExamplesLecture(mini.MiniExamplesLecture__m_6()).JML normal_behavior operation contract.0.key; caused by: de.uka.ilkd.key.proof.init.ProofInputException: Could not find rule file rules/intRulesCheckedSemantics.key)
	at de.uka.ilkd.key.control.AbstractUserInterfaceControl.load(AbstractUserInterfaceControl.java:221)
	at de.uka.ilkd.key.control.KeYEnvironment.load(KeYEnvironment.java:251)
	at de.uka.ilkd.key.control.KeYEnvironment.load(KeYEnvironment.java:224)
	at de.uka.ilkd.key.control.KeYEnvironment.load(KeYEnvironment.java:184)
	at de.uka.ilkd.key.control.KeYEnvironment.load(KeYEnvironment.java:261)
	at de.uka.ilkd.key.proof.runallproofs.proofcollection.TestFile.load(TestFile.java:270)
	at de.uka.ilkd.key.proof.runallproofs.proofcollection.TestFile.runKey(TestFile.java:160)
	at de.uka.ilkd.key.proof.runallproofs.proofcollection.ForkedTestFileRunner.main(ForkedTestFileRunner.java:171)
Caused by: de.uka.ilkd.key.proof.init.ProofInputException: Could not find rule file rules/intRulesCheckedSemantics.key
	at de.uka.ilkd.key.proof.io.KeYFile.readIncludes(KeYFile.java:210)
	at de.uka.ilkd.key.proof.init.ProblemInitializer.readIncludes(ProblemInitializer.java:177)
	at de.uka.ilkd.key.proof.init.ProblemInitializer.readEnvInput(ProblemInitializer.java:325)
	at de.uka.ilkd.key.proof.init.ProblemInitializer.prepare(ProblemInitializer.java:449)
	at de.uka.ilkd.key.proof.io.AbstractProblemLoader.createInitConfig(AbstractProblemLoader.java:518)
	at de.uka.ilkd.key.proof.io.AbstractProblemLoader.loadEnvironment(AbstractProblemLoader.java:288)
	at de.uka.ilkd.key.proof.io.AbstractProblemLoader.load(AbstractProblemLoader.java:252)
	at de.uka.ilkd.key.control.AbstractUserInterfaceControl.load(AbstractUserInterfaceControl.java:209)
	... 7 more
Caused by: java.lang.RuntimeException: Could not find rule file rules/intRulesCheckedSemantics.key
	at de.uka.ilkd.key.proof.io.RuleSourceFactory.fromBuiltInRule(RuleSourceFactory.java:32)
	at de.uka.ilkd.key.proof.io.RuleSourceFactory.fromDefaultLocation(RuleSourceFactory.java:21)
	at de.uka.ilkd.key.nparser.builder.IncludeFinder.addInclude(IncludeFinder.java:63)
	at de.uka.ilkd.key.nparser.builder.IncludeFinder.visitOne_include(IncludeFinder.java:43)
	at de.uka.ilkd.key.nparser.builder.IncludeFinder.visitOne_include(IncludeFinder.java:20)
	at de.uka.ilkd.key.nparser.KeYParser$One_includeContext.accept(KeYParser.java:878)
	at de.uka.ilkd.key.nparser.builder.AbstractBuilder.lambda$mapOf$0(AbstractBuilder.java:112)
	at java.base/java.util.stream.ReferencePipeline$3$1.accept(ReferencePipeline.java:195)
	at java.base/java.util.ArrayList$ArrayListSpliterator.forEachRemaining(ArrayList.java:1655)
	at java.base/java.util.stream.AbstractPipeline.copyInto(AbstractPipeline.java:484)
	at java.base/java.util.stream.AbstractPipeline.wrapAndCopyInto(AbstractPipeline.java:474)
	at java.base/java.util.stream.ReduceOps$ReduceOp.evaluateSequential(ReduceOps.java:913)
	at java.base/java.util.stream.AbstractPipeline.evaluate(AbstractPipeline.java:234)
	at java.base/java.util.stream.ReferencePipeline.collect(ReferencePipeline.java:578)
	at de.uka.ilkd.key.nparser.builder.AbstractBuilder.mapOf(AbstractBuilder.java:112)
	at de.uka.ilkd.key.nparser.builder.IncludeFinder.visitOne_include_statement(IncludeFinder.java:35)
	at de.uka.ilkd.key.nparser.builder.IncludeFinder.visitOne_include_statement(IncludeFinder.java:20)
	at de.uka.ilkd.key.nparser.KeYParser$One_include_statementContext.accept(KeYParser.java:802)
	at org.antlr.v4.runtime.tree.AbstractParseTreeVisitor.visitChildren(AbstractParseTreeVisitor.java:46)
	at de.uka.ilkd.key.nparser.KeYParserBaseVisitor.visitDecls(KeYParserBaseVisitor.java:30)
	at de.uka.ilkd.key.nparser.KeYParser$DeclsContext.accept(KeYParser.java:500)
	at org.antlr.v4.runtime.tree.AbstractParseTreeVisitor.visitChildren(AbstractParseTreeVisitor.java:46)
	at de.uka.ilkd.key.nparser.KeYParserBaseVisitor.visitFile(KeYParserBaseVisitor.java:23)
	at de.uka.ilkd.key.nparser.KeYParser$FileContext.accept(KeYParser.java:306)
	at de.uka.ilkd.key.nparser.KeyAst.accept(KeyAst.java:41)
	at de.uka.ilkd.key.nparser.KeyAst$File.getIncludes(KeyAst.java:76)
	at de.uka.ilkd.key.proof.io.KeYFile.readIncludes(KeYFile.java:208)
	... 14 more
Could not find rule file rules/intRulesCheckedSemantics.key (file: /home/runner/work/key/key/key.core/../key.ui/examples/index/../InformationFlow/MiniExamples/mini.MiniExamplesLecture(mini.MiniExamplesLecture__m_5()).JML normal_behavior operation contract.0.key; caused by: de.uka.ilkd.key.proof.init.ProofInputException: Could not find rule file rules/intRulesCheckedSemantics.key)
	at de.uka.ilkd.key.control.AbstractUserInterfaceControl.load(AbstractUserInterfaceControl.java:221)
	at de.uka.ilkd.key.control.KeYEnvironment.load(KeYEnvironment.java:251)
	at de.uka.ilkd.key.control.KeYEnvironment.load(KeYEnvironment.java:224)
	at de.uka.ilkd.key.control.KeYEnvironment.load(KeYEnvironment.java:184)
	at de.uka.ilkd.key.control.KeYEnvironment.load(KeYEnvironment.java:261)
	at de.uka.ilkd.key.proof.runallproofs.proofcollection.TestFile.load(TestFile.java:270)
	at de.uka.ilkd.key.proof.runallproofs.proofcollection.TestFile.runKey(TestFile.java:160)
	at de.uka.ilkd.key.proof.runallproofs.proofcollection.ForkedTestFileRunner.main(ForkedTestFileRunner.java:171)
Caused by: de.uka.ilkd.key.proof.init.ProofInputException: Could not find rule file rules/intRulesCheckedSemantics.key
	at de.uka.ilkd.key.proof.io.KeYFile.readIncludes(KeYFile.java:210)
	at de.uka.ilkd.key.proof.init.ProblemInitializer.readIncludes(ProblemInitializer.java:177)
	at de.uka.ilkd.key.proof.init.ProblemInitializer.readEnvInput(ProblemInitializer.java:325)
	at de.uka.ilkd.key.proof.init.ProblemInitializer.prepare(ProblemInitializer.java:449)
	at de.uka.ilkd.key.proof.io.AbstractProblemLoader.createInitConfig(AbstractProblemLoader.java:518)
	at de.uka.ilkd.key.proof.io.AbstractProblemLoader.loadEnvironment(AbstractProblemLoader.java:288)
	at de.uka.ilkd.key.proof.io.AbstractProblemLoader.load(AbstractProblemLoader.java:252)
	at de.uka.ilkd.key.control.AbstractUserInterfaceControl.load(AbstractUserInterfaceControl.java:209)
	... 7 more
Caused by: java.lang.RuntimeException: Could not find rule file rules/intRulesCheckedSemantics.key
	at de.uka.ilkd.key.proof.io.RuleSourceFactory.fromBuiltInRule(RuleSourceFactory.java:32)
	at de.uka.ilkd.key.proof.io.RuleSourceFactory.fromDefaultLocation(RuleSourceFactory.java:21)
	at de.uka.ilkd.key.nparser.builder.IncludeFinder.addInclude(IncludeFinder.java:63)
	at de.uka.ilkd.key.nparser.builder.IncludeFinder.visitOne_include(IncludeFinder.java:43)
	at de.uka.ilkd.key.nparser.builder.IncludeFinder.visitOne_include(IncludeFinder.java:20)
	at de.uka.ilkd.key.nparser.KeYParser$One_includeContext.accept(KeYParser.java:878)
	at de.uka.ilkd.key.nparser.builder.AbstractBuilder.lambda$mapOf$0(AbstractBuilder.java:112)
	at java.base/java.util.stream.ReferencePipeline$3$1.accept(ReferencePipeline.java:195)
	at java.base/java.util.ArrayList$ArrayListSpliterator.forEachRemaining(ArrayList.java:1655)
	at java.base/java.util.stream.AbstractPipeline.copyInto(AbstractPipeline.java:484)
	at java.base/java.util.stream.AbstractPipeline.wrapAndCopyInto(AbstractPipeline.java:474)
	at java.base/java.util.stream.ReduceOps$ReduceOp.evaluateSequential(ReduceOps.java:913)
	at java.base/java.util.stream.AbstractPipeline.evaluate(AbstractPipeline.java:234)
	at java.base/java.util.stream.ReferencePipeline.collect(ReferencePipeline.java:578)
	at de.uka.ilkd.key.nparser.builder.AbstractBuilder.mapOf(AbstractBuilder.java:112)
	at de.uka.ilkd.key.nparser.builder.IncludeFinder.visitOne_include_statement(IncludeFinder.java:35)
	at de.uka.ilkd.key.nparser.builder.IncludeFinder.visitOne_include_statement(IncludeFinder.java:20)
	at de.uka.ilkd.key.nparser.KeYParser$One_include_statementContext.accept(KeYParser.java:802)
	at org.antlr.v4.runtime.tree.AbstractParseTreeVisitor.visitChildren(AbstractParseTreeVisitor.java:46)
	at de.uka.ilkd.key.nparser.KeYParserBaseVisitor.visitDecls(KeYParserBaseVisitor.java:30)
	at de.uka.ilkd.key.nparser.KeYParser$DeclsContext.accept(KeYParser.java:500)
	at org.antlr.v4.runtime.tree.AbstractParseTreeVisitor.visitChildren(AbstractParseTreeVisitor.java:46)
	at de.uka.ilkd.key.nparser.KeYParserBaseVisitor.visitFile(KeYParserBaseVisitor.java:23)
	at de.uka.ilkd.key.nparser.KeYParser$FileContext.accept(KeYParser.java:306)
	at de.uka.ilkd.key.nparser.KeyAst.accept(KeyAst.java:41)
	at de.uka.ilkd.key.nparser.KeyAst$File.getIncludes(KeyAst.java:76)
	at de.uka.ilkd.key.proof.io.KeYFile.readIncludes(KeYFile.java:208)
	... 14 more
Could not find rule file rules/intRulesCheckedSemantics.key (file: /home/runner/work/key/key/key.core/../key.ui/examples/index/../InformationFlow/MiniExamples/mini.MiniExamplesLecture(mini.MiniExamplesLecture__m_4()).JML normal_behavior operation contract.0.key; caused by: de.uka.ilkd.key.proof.init.ProofInputException: Could not find rule file rules/intRulesCheckedSemantics.key)
	at de.uka.ilkd.key.control.AbstractUserInterfaceControl.load(AbstractUserInterfaceControl.java:221)
	at de.uka.ilkd.key.control.KeYEnvironment.load(KeYEnvironment.java:251)
	at de.uka.ilkd.key.control.KeYEnvironment.load(KeYEnvironment.java:224)
	at de.uka.ilkd.key.control.KeYEnvironment.load(KeYEnvironment.java:184)
	at de.uka.ilkd.key.control.KeYEnvironment.load(KeYEnvironment.java:261)
	at de.uka.ilkd.key.proof.runallproofs.proofcollection.TestFile.load(TestFile.java:270)
	at de.uka.ilkd.key.proof.runallproofs.proofcollection.TestFile.runKey(TestFile.java:160)
	at de.uka.ilkd.key.proof.runallproofs.proofcollection.ForkedTestFileRunner.main(ForkedTestFileRunner.java:171)
Caused by: de.uka.ilkd.key.proof.init.ProofInputException: Could not find rule file rules/intRulesCheckedSemantics.key
	at de.uka.ilkd.key.proof.io.KeYFile.readIncludes(KeYFile.java:210)
	at de.uka.ilkd.key.proof.init.ProblemInitializer.readIncludes(ProblemInitializer.java:177)
	at de.uka.ilkd.key.proof.init.ProblemInitializer.readEnvInput(ProblemInitializer.java:325)
	at de.uka.ilkd.key.proof.init.ProblemInitializer.prepare(ProblemInitializer.java:449)
	at de.uka.ilkd.key.proof.io.AbstractProblemLoader.createInitConfig(AbstractProblemLoader.java:518)
	at de.uka.ilkd.key.proof.io.AbstractProblemLoader.loadEnvironment(AbstractProblemLoader.java:288)
	at de.uka.ilkd.key.proof.io.AbstractProblemLoader.load(AbstractProblemLoader.java:252)
	at de.uka.ilkd.key.control.AbstractUserInterfaceControl.load(AbstractUserInterfaceControl.java:209)
	... 7 more
Caused by: java.lang.RuntimeException: Could not find rule file rules/intRulesCheckedSemantics.key
	at de.uka.ilkd.key.proof.io.RuleSourceFactory.fromBuiltInRule(RuleSourceFactory.java:32)
	at de.uka.ilkd.key.proof.io.RuleSourceFactory.fromDefaultLocation(RuleSourceFactory.java:21)
	at de.uka.ilkd.key.nparser.builder.IncludeFinder.addInclude(IncludeFinder.java:63)
	at de.uka.ilkd.key.nparser.builder.IncludeFinder.visitOne_include(IncludeFinder.java:43)
	at de.uka.ilkd.key.nparser.builder.IncludeFinder.visitOne_include(IncludeFinder.java:20)
	at de.uka.ilkd.key.nparser.KeYParser$One_includeContext.accept(KeYParser.java:878)
	at de.uka.ilkd.key.nparser.builder.AbstractBuilder.lambda$mapOf$0(AbstractBuilder.java:112)
	at java.base/java.util.stream.ReferencePipeline$3$1.accept(ReferencePipeline.java:195)
	at java.base/java.util.ArrayList$ArrayListSpliterator.forEachRemaining(ArrayList.java:1655)
	at java.base/java.util.stream.AbstractPipeline.copyInto(AbstractPipeline.java:484)
	at java.base/java.util.stream.AbstractPipeline.wrapAndCopyInto(AbstractPipeline.java:474)
	at java.base/java.util.stream.ReduceOps$ReduceOp.evaluateSequential(ReduceOps.java:913)
	at java.base/java.util.stream.AbstractPipeline.evaluate(AbstractPipeline.java:234)
	at java.base/java.util.stream.ReferencePipeline.collect(ReferencePipeline.java:578)
	at de.uka.ilkd.key.nparser.builder.AbstractBuilder.mapOf(AbstractBuilder.java:112)
	at de.uka.ilkd.key.nparser.builder.IncludeFinder.visitOne_include_statement(IncludeFinder.java:35)
	at de.uka.ilkd.key.nparser.builder.IncludeFinder.visitOne_include_statement(IncludeFinder.java:20)
	at de.uka.ilkd.key.nparser.KeYParser$One_include_statementContext.accept(KeYParser.java:802)
	at org.antlr.v4.runtime.tree.AbstractParseTreeVisitor.visitChildren(AbstractParseTreeVisitor.java:46)
	at de.uka.ilkd.key.nparser.KeYParserBaseVisitor.visitDecls(KeYParserBaseVisitor.java:30)
	at de.uka.ilkd.key.nparser.KeYParser$DeclsContext.accept(KeYParser.java:500)
	at org.antlr.v4.runtime.tree.AbstractParseTreeVisitor.visitChildren(AbstractParseTreeVisitor.java:46)
	at de.uka.ilkd.key.nparser.KeYParserBaseVisitor.visitFile(KeYParserBaseVisitor.java:23)
	at de.uka.ilkd.key.nparser.KeYParser$FileContext.accept(KeYParser.java:306)
	at de.uka.ilkd.key.nparser.KeyAst.accept(KeyAst.java:41)
	at de.uka.ilkd.key.nparser.KeyAst$File.getIncludes(KeyAst.java:76)
	at de.uka.ilkd.key.proof.io.KeYFile.readIncludes(KeYFile.java:208)
	... 14 more
Could not find rule file rules/intRulesCheckedSemantics.key (file: /home/runner/work/key/key/key.core/../key.ui/examples/index/../InformationFlow/MiniExamples/mini.MiniExamplesLecture(mini.MiniExamplesLecture__m_3()).JML normal_behavior operation contract.0.key; caused by: de.uka.ilkd.key.proof.init.ProofInputException: Could not find rule file rules/intRulesCheckedSemantics.key)
	at de.uka.ilkd.key.control.AbstractUserInterfaceControl.load(AbstractUserInterfaceControl.java:221)
	at de.uka.ilkd.key.control.KeYEnvironment.load(KeYEnvironment.java:251)
	at de.uka.ilkd.key.control.KeYEnvironment.load(KeYEnvironment.java:224)
	at de.uka.ilkd.key.control.KeYEnvironment.load(KeYEnvironment.java:184)
	at de.uka.ilkd.key.control.KeYEnvironment.load(KeYEnvironment.java:261)
	at de.uka.ilkd.key.proof.runallproofs.proofcollection.TestFile.load(TestFile.java:270)
	at de.uka.ilkd.key.proof.runallproofs.proofcollection.TestFile.runKey(TestFile.java:160)
	at de.uka.ilkd.key.proof.runallproofs.proofcollection.ForkedTestFileRunner.main(ForkedTestFileRunner.java:171)
Caused by: de.uka.ilkd.key.proof.init.ProofInputException: Could not find rule file rules/intRulesCheckedSemantics.key
	at de.uka.ilkd.key.proof.io.KeYFile.readIncludes(KeYFile.java:210)
	at de.uka.ilkd.key.proof.init.ProblemInitializer.readIncludes(ProblemInitializer.java:177)
	at de.uka.ilkd.key.proof.init.ProblemInitializer.readEnvInput(ProblemInitializer.java:325)
	at de.uka.ilkd.key.proof.init.ProblemInitializer.prepare(ProblemInitializer.java:449)
	at de.uka.ilkd.key.proof.io.AbstractProblemLoader.createInitConfig(AbstractProblemLoader.java:518)
	at de.uka.ilkd.key.proof.io.AbstractProblemLoader.loadEnvironment(AbstractProblemLoader.java:288)
	at de.uka.ilkd.key.proof.io.AbstractProblemLoader.load(AbstractProblemLoader.java:252)
	at de.uka.ilkd.key.control.AbstractUserInterfaceControl.load(AbstractUserInterfaceControl.java:209)
	... 7 more
Caused by: java.lang.RuntimeException: Could not find rule file rules/intRulesCheckedSemantics.key
	at de.uka.ilkd.key.proof.io.RuleSourceFactory.fromBuiltInRule(RuleSourceFactory.java:32)
	at de.uka.ilkd.key.proof.io.RuleSourceFactory.fromDefaultLocation(RuleSourceFactory.java:21)
	at de.uka.ilkd.key.nparser.builder.IncludeFinder.addInclude(IncludeFinder.java:63)
	at de.uka.ilkd.key.nparser.builder.IncludeFinder.visitOne_include(IncludeFinder.java:43)
	at de.uka.ilkd.key.nparser.builder.IncludeFinder.visitOne_include(IncludeFinder.java:20)
	at de.uka.ilkd.key.nparser.KeYParser$One_includeContext.accept(KeYParser.java:878)
	at de.uka.ilkd.key.nparser.builder.AbstractBuilder.lambda$mapOf$0(AbstractBuilder.java:112)
	at java.base/java.util.stream.ReferencePipeline$3$1.accept(ReferencePipeline.java:195)
	at java.base/java.util.ArrayList$ArrayListSpliterator.forEachRemaining(ArrayList.java:1655)
	at java.base/java.util.stream.AbstractPipeline.copyInto(AbstractPipeline.java:484)
	at java.base/java.util.stream.AbstractPipeline.wrapAndCopyInto(AbstractPipeline.java:474)
	at java.base/java.util.stream.ReduceOps$ReduceOp.evaluateSequential(ReduceOps.java:913)
	at java.base/java.util.stream.AbstractPipeline.evaluate(AbstractPipeline.java:234)
	at java.base/java.util.stream.ReferencePipeline.collect(ReferencePipeline.java:578)
	at de.uka.ilkd.key.nparser.builder.AbstractBuilder.mapOf(AbstractBuilder.java:112)
	at de.uka.ilkd.key.nparser.builder.IncludeFinder.visitOne_include_statement(IncludeFinder.java:35)
	at de.uka.ilkd.key.nparser.builder.IncludeFinder.visitOne_include_statement(IncludeFinder.java:20)
	at de.uka.ilkd.key.nparser.KeYParser$One_include_statementContext.accept(KeYParser.java:802)
	at org.antlr.v4.runtime.tree.AbstractParseTreeVisitor.visitChildren(AbstractParseTreeVisitor.java:46)
	at de.uka.ilkd.key.nparser.KeYParserBaseVisitor.visitDecls(KeYParserBaseVisitor.java:30)
	at de.uka.ilkd.key.nparser.KeYParser$DeclsContext.accept(KeYParser.java:500)
	at org.antlr.v4.runtime.tree.AbstractParseTreeVisitor.visitChildren(AbstractParseTreeVisitor.java:46)
	at de.uka.ilkd.key.nparser.KeYParserBaseVisitor.visitFile(KeYParserBaseVisitor.java:23)
	at de.uka.ilkd.key.nparser.KeYParser$FileContext.accept(KeYParser.java:306)
	at de.uka.ilkd.key.nparser.KeyAst.accept(KeyAst.java:41)
	at de.uka.ilkd.key.nparser.KeyAst$File.getIncludes(KeyAst.java:76)
	at de.uka.ilkd.key.proof.io.KeYFile.readIncludes(KeYFile.java:208)
	... 14 more
Could not find rule file rules/intRulesCheckedSemantics.key (file: /home/runner/work/key/key/key.core/../key.ui/examples/index/../InformationFlow/MiniExamples/mini.MiniExamplesLecture(mini.MiniExamplesLecture__m_2()).JML normal_behavior operation contract.0.key; caused by: de.uka.ilkd.key.proof.init.ProofInputException: Could not find rule file rules/intRulesCheckedSemantics.key)
	at de.uka.ilkd.key.control.AbstractUserInterfaceControl.load(AbstractUserInterfaceControl.java:221)
	at de.uka.ilkd.key.control.KeYEnvironment.load(KeYEnvironment.java:251)
	at de.uka.ilkd.key.control.KeYEnvironment.load(KeYEnvironment.java:224)
	at de.uka.ilkd.key.control.KeYEnvironment.load(KeYEnvironment.java:184)
	at de.uka.ilkd.key.control.KeYEnvironment.load(KeYEnvironment.java:261)
	at de.uka.ilkd.key.proof.runallproofs.proofcollection.TestFile.load(TestFile.java:270)
	at de.uka.ilkd.key.proof.runallproofs.proofcollection.TestFile.runKey(TestFile.java:160)
	at de.uka.ilkd.key.proof.runallproofs.proofcollection.ForkedTestFileRunner.main(ForkedTestFileRunner.java:171)
Caused by: de.uka.ilkd.key.proof.init.ProofInputException: Could not find rule file rules/intRulesCheckedSemantics.key
	at de.uka.ilkd.key.proof.io.KeYFile.readIncludes(KeYFile.java:210)
	at de.uka.ilkd.key.proof.init.ProblemInitializer.readIncludes(ProblemInitializer.java:177)
	at de.uka.ilkd.key.proof.init.ProblemInitializer.readEnvInput(ProblemInitializer.java:325)
	at de.uka.ilkd.key.proof.init.ProblemInitializer.prepare(ProblemInitializer.java:449)
	at de.uka.ilkd.key.proof.io.AbstractProblemLoader.createInitConfig(AbstractProblemLoader.java:518)
	at de.uka.ilkd.key.proof.io.AbstractProblemLoader.loadEnvironment(AbstractProblemLoader.java:288)
	at de.uka.ilkd.key.proof.io.AbstractProblemLoader.load(AbstractProblemLoader.java:252)
	at de.uka.ilkd.key.control.AbstractUserInterfaceControl.load(AbstractUserInterfaceControl.java:209)
	... 7 more
Caused by: java.lang.RuntimeException: Could not find rule file rules/intRulesCheckedSemantics.key
	at de.uka.ilkd.key.proof.io.RuleSourceFactory.fromBuiltInRule(RuleSourceFactory.java:32)
	at de.uka.ilkd.key.proof.io.RuleSourceFactory.fromDefaultLocation(RuleSourceFactory.java:21)
	at de.uka.ilkd.key.nparser.builder.IncludeFinder.addInclude(IncludeFinder.java:63)
	at de.uka.ilkd.key.nparser.builder.IncludeFinder.visitOne_include(IncludeFinder.java:43)
	at de.uka.ilkd.key.nparser.builder.IncludeFinder.visitOne_include(IncludeFinder.java:20)
	at de.uka.ilkd.key.nparser.KeYParser$One_includeContext.accept(KeYParser.java:878)
	at de.uka.ilkd.key.nparser.builder.AbstractBuilder.lambda$mapOf$0(AbstractBuilder.java:112)
	at java.base/java.util.stream.ReferencePipeline$3$1.accept(ReferencePipeline.java:195)
	at java.base/java.util.ArrayList$ArrayListSpliterator.forEachRemaining(ArrayList.java:1655)
	at java.base/java.util.stream.AbstractPipeline.copyInto(AbstractPipeline.java:484)
	at java.base/java.util.stream.AbstractPipeline.wrapAndCopyInto(AbstractPipeline.java:474)
	at java.base/java.util.stream.ReduceOps$ReduceOp.evaluateSequential(ReduceOps.java:913)
	at java.base/java.util.stream.AbstractPipeline.evaluate(AbstractPipeline.java:234)
	at java.base/java.util.stream.ReferencePipeline.collect(ReferencePipeline.java:578)
	at de.uka.ilkd.key.nparser.builder.AbstractBuilder.mapOf(AbstractBuilder.java:112)
	at de.uka.ilkd.key.nparser.builder.IncludeFinder.visitOne_include_statement(IncludeFinder.java:35)
	at de.uka.ilkd.key.nparser.builder.IncludeFinder.visitOne_include_statement(IncludeFinder.java:20)
	at de.uka.ilkd.key.nparser.KeYParser$One_include_statementContext.accept(KeYParser.java:802)
	at org.antlr.v4.runtime.tree.AbstractParseTreeVisitor.visitChildren(AbstractParseTreeVisitor.java:46)
	at de.uka.ilkd.key.nparser.KeYParserBaseVisitor.visitDecls(KeYParserBaseVisitor.java:30)
	at de.uka.ilkd.key.nparser.KeYParser$DeclsContext.accept(KeYParser.java:500)
	at org.antlr.v4.runtime.tree.AbstractParseTreeVisitor.visitChildren(AbstractParseTreeVisitor.java:46)
	at de.uka.ilkd.key.nparser.KeYParserBaseVisitor.visitFile(KeYParserBaseVisitor.java:23)
	at de.uka.ilkd.key.nparser.KeYParser$FileContext.accept(KeYParser.java:306)
	at de.uka.ilkd.key.nparser.KeyAst.accept(KeyAst.java:41)
	at de.uka.ilkd.key.nparser.KeyAst$File.getIncludes(KeyAst.java:76)
	at de.uka.ilkd.key.proof.io.KeYFile.readIncludes(KeYFile.java:208)
	... 14 more
Could not find rule file rules/intRulesCheckedSemantics.key (file: /home/runner/work/key/key/key.core/../key.ui/examples/index/../InformationFlow/MiniExamples/mini.MiniExamplesLecture(mini.MiniExamplesLecture__m_1()).JML normal_behavior operation contract.0.key; caused by: de.uka.ilkd.key.proof.init.ProofInputException: Could not find rule file rules/intRulesCheckedSemantics.key)
	at de.uka.ilkd.key.control.AbstractUserInterfaceControl.load(AbstractUserInterfaceControl.java:221)
	at de.uka.ilkd.key.control.KeYEnvironment.load(KeYEnvironment.java:251)
	at de.uka.ilkd.key.control.KeYEnvironment.load(KeYEnvironment.java:224)
	at de.uka.ilkd.key.control.KeYEnvironment.load(KeYEnvironment.java:184)
	at de.uka.ilkd.key.control.KeYEnvironment.load(KeYEnvironment.java:261)
	at de.uka.ilkd.key.proof.runallproofs.proofcollection.TestFile.load(TestFile.java:270)
	at de.uka.ilkd.key.proof.runallproofs.proofcollection.TestFile.runKey(TestFile.java:160)
	at de.uka.ilkd.key.proof.runallproofs.proofcollection.ForkedTestFileRunner.main(ForkedTestFileRunner.java:171)
Caused by: de.uka.ilkd.key.proof.init.ProofInputException: Could not find rule file rules/intRulesCheckedSemantics.key
	at de.uka.ilkd.key.proof.io.KeYFile.readIncludes(KeYFile.java:210)
	at de.uka.ilkd.key.proof.init.ProblemInitializer.readIncludes(ProblemInitializer.java:177)
	at de.uka.ilkd.key.proof.init.ProblemInitializer.readEnvInput(ProblemInitializer.java:325)
	at de.uka.ilkd.key.proof.init.ProblemInitializer.prepare(ProblemInitializer.java:449)
	at de.uka.ilkd.key.proof.io.AbstractProblemLoader.createInitConfig(AbstractProblemLoader.java:518)
	at de.uka.ilkd.key.proof.io.AbstractProblemLoader.loadEnvironment(AbstractProblemLoader.java:288)
	at de.uka.ilkd.key.proof.io.AbstractProblemLoader.load(AbstractProblemLoader.java:252)
	at de.uka.ilkd.key.control.AbstractUserInterfaceControl.load(AbstractUserInterfaceControl.java:209)
	... 7 more
Caused by: java.lang.RuntimeException: Could not find rule file rules/intRulesCheckedSemantics.key
	at de.uka.ilkd.key.proof.io.RuleSourceFactory.fromBuiltInRule(RuleSourceFactory.java:32)
	at de.uka.ilkd.key.proof.io.RuleSourceFactory.fromDefaultLocation(RuleSourceFactory.java:21)
	at de.uka.ilkd.key.nparser.builder.IncludeFinder.addInclude(IncludeFinder.java:63)
	at de.uka.ilkd.key.nparser.builder.IncludeFinder.visitOne_include(IncludeFinder.java:43)
	at de.uka.ilkd.key.nparser.builder.IncludeFinder.visitOne_include(IncludeFinder.java:20)
	at de.uka.ilkd.key.nparser.KeYParser$One_includeContext.accept(KeYParser.java:878)
	at de.uka.ilkd.key.nparser.builder.AbstractBuilder.lambda$mapOf$0(AbstractBuilder.java:112)
	at java.base/java.util.stream.ReferencePipeline$3$1.accept(ReferencePipeline.java:195)
	at java.base/java.util.ArrayList$ArrayListSpliterator.forEachRemaining(ArrayList.java:1655)
	at java.base/java.util.stream.AbstractPipeline.copyInto(AbstractPipeline.java:484)
	at java.base/java.util.stream.AbstractPipeline.wrapAndCopyInto(AbstractPipeline.java:474)
	at java.base/java.util.stream.ReduceOps$ReduceOp.evaluateSequential(ReduceOps.java:913)
	at java.base/java.util.stream.AbstractPipeline.evaluate(AbstractPipeline.java:234)
	at java.base/java.util.stream.ReferencePipeline.collect(ReferencePipeline.java:578)
	at de.uka.ilkd.key.nparser.builder.AbstractBuilder.mapOf(AbstractBuilder.java:112)
	at de.uka.ilkd.key.nparser.builder.IncludeFinder.visitOne_include_statement(IncludeFinder.java:35)
	at de.uka.ilkd.key.nparser.builder.IncludeFinder.visitOne_include_statement(IncludeFinder.java:20)
	at de.uka.ilkd.key.nparser.KeYParser$One_include_statementContext.accept(KeYParser.java:802)
	at org.antlr.v4.runtime.tree.AbstractParseTreeVisitor.visitChildren(AbstractParseTreeVisitor.java:46)
	at de.uka.ilkd.key.nparser.KeYParserBaseVisitor.visitDecls(KeYParserBaseVisitor.java:30)
	at de.uka.ilkd.key.nparser.KeYParser$DeclsContext.accept(KeYParser.java:500)
	at org.antlr.v4.runtime.tree.AbstractParseTreeVisitor.visitChildren(AbstractParseTreeVisitor.java:46)
	at de.uka.ilkd.key.nparser.KeYParserBaseVisitor.visitFile(KeYParserBaseVisitor.java:23)
	at de.uka.ilkd.key.nparser.KeYParser$FileContext.accept(KeYParser.java:306)
	at de.uka.ilkd.key.nparser.KeyAst.accept(KeyAst.java:41)
	at de.uka.ilkd.key.nparser.KeyAst$File.getIncludes(KeyAst.java:76)
	at de.uka.ilkd.key.proof.io.KeYFile.readIncludes(KeYFile.java:208)
	... 14 more
Could not find rule file rules/intRulesCheckedSemantics.key (file: /home/runner/work/key/key/key.core/../key.ui/examples/index/../InformationFlow/MiniExamples/mini.DifferenceSeqLocset(mini.DifferenceSeqLocset__m()).JML normal_behavior operation contract.1.key; caused by: de.uka.ilkd.key.proof.init.ProofInputException: Could not find rule file rules/intRulesCheckedSemantics.key)
	at de.uka.ilkd.key.control.AbstractUserInterfaceControl.load(AbstractUserInterfaceControl.java:221)
	at de.uka.ilkd.key.control.KeYEnvironment.load(KeYEnvironment.java:251)
	at de.uka.ilkd.key.control.KeYEnvironment.load(KeYEnvironment.java:224)
	at de.uka.ilkd.key.control.KeYEnvironment.load(KeYEnvironment.java:184)
	at de.uka.ilkd.key.control.KeYEnvironment.load(KeYEnvironment.java:261)
	at de.uka.ilkd.key.proof.runallproofs.proofcollection.TestFile.load(TestFile.java:270)
	at de.uka.ilkd.key.proof.runallproofs.proofcollection.TestFile.runKey(TestFile.java:160)
	at de.uka.ilkd.key.proof.runallproofs.proofcollection.ForkedTestFileRunner.main(ForkedTestFileRunner.java:171)
Caused by: de.uka.ilkd.key.proof.init.ProofInputException: Could not find rule file rules/intRulesCheckedSemantics.key
	at de.uka.ilkd.key.proof.io.KeYFile.readIncludes(KeYFile.java:210)
	at de.uka.ilkd.key.proof.init.ProblemInitializer.readIncludes(ProblemInitializer.java:177)
	at de.uka.ilkd.key.proof.init.ProblemInitializer.readEnvInput(ProblemInitializer.java:325)
	at de.uka.ilkd.key.proof.init.ProblemInitializer.prepare(ProblemInitializer.java:449)
	at de.uka.ilkd.key.proof.io.AbstractProblemLoader.createInitConfig(AbstractProblemLoader.java:518)
	at de.uka.ilkd.key.proof.io.AbstractProblemLoader.loadEnvironment(AbstractProblemLoader.java:288)
	at de.uka.ilkd.key.proof.io.AbstractProblemLoader.load(AbstractProblemLoader.java:252)
	at de.uka.ilkd.key.control.AbstractUserInterfaceControl.load(AbstractUserInterfaceControl.java:209)
	... 7 more
Caused by: java.lang.RuntimeException: Could not find rule file rules/intRulesCheckedSemantics.key
	at de.uka.ilkd.key.proof.io.RuleSourceFactory.fromBuiltInRule(RuleSourceFactory.java:32)
	at de.uka.ilkd.key.proof.io.RuleSourceFactory.fromDefaultLocation(RuleSourceFactory.java:21)
	at de.uka.ilkd.key.nparser.builder.IncludeFinder.addInclude(IncludeFinder.java:63)
	at de.uka.ilkd.key.nparser.builder.IncludeFinder.visitOne_include(IncludeFinder.java:43)
	at de.uka.ilkd.key.nparser.builder.IncludeFinder.visitOne_include(IncludeFinder.java:20)
	at de.uka.ilkd.key.nparser.KeYParser$One_includeContext.accept(KeYParser.java:878)
	at de.uka.ilkd.key.nparser.builder.AbstractBuilder.lambda$mapOf$0(AbstractBuilder.java:112)
	at java.base/java.util.stream.ReferencePipeline$3$1.accept(ReferencePipeline.java:195)
	at java.base/java.util.ArrayList$ArrayListSpliterator.forEachRemaining(ArrayList.java:1655)
	at java.base/java.util.stream.AbstractPipeline.copyInto(AbstractPipeline.java:484)
	at java.base/java.util.stream.AbstractPipeline.wrapAndCopyInto(AbstractPipeline.java:474)
	at java.base/java.util.stream.ReduceOps$ReduceOp.evaluateSequential(ReduceOps.java:913)
	at java.base/java.util.stream.AbstractPipeline.evaluate(AbstractPipeline.java:234)
	at java.base/java.util.stream.ReferencePipeline.collect(ReferencePipeline.java:578)
	at de.uka.ilkd.key.nparser.builder.AbstractBuilder.mapOf(AbstractBuilder.java:112)
	at de.uka.ilkd.key.nparser.builder.IncludeFinder.visitOne_include_statement(IncludeFinder.java:35)
	at de.uka.ilkd.key.nparser.builder.IncludeFinder.visitOne_include_statement(IncludeFinder.java:20)
	at de.uka.ilkd.key.nparser.KeYParser$One_include_statementContext.accept(KeYParser.java:802)
	at org.antlr.v4.runtime.tree.AbstractParseTreeVisitor.visitChildren(AbstractParseTreeVisitor.java:46)
	at de.uka.ilkd.key.nparser.KeYParserBaseVisitor.visitDecls(KeYParserBaseVisitor.java:30)
	at de.uka.ilkd.key.nparser.KeYParser$DeclsContext.accept(KeYParser.java:500)
	at org.antlr.v4.runtime.tree.AbstractParseTreeVisitor.visitChildren(AbstractParseTreeVisitor.java:46)
	at de.uka.ilkd.key.nparser.KeYParserBaseVisitor.visitFile(KeYParserBaseVisitor.java:23)
	at de.uka.ilkd.key.nparser.KeYParser$FileContext.accept(KeYParser.java:306)
	at de.uka.ilkd.key.nparser.KeyAst.accept(KeyAst.java:41)
	at de.uka.ilkd.key.nparser.KeyAst$File.getIncludes(KeyAst.java:76)
	at de.uka.ilkd.key.proof.io.KeYFile.readIncludes(KeYFile.java:208)
	... 14 more
Could not find rule file rules/intRulesCheckedSemantics.key (file: /home/runner/work/key/key/key.core/../key.ui/examples/index/../InformationFlow/MiniExamples/mini.DifferenceSeqLocset(mini.DifferenceSeqLocset__m()).JML normal_behavior operation contract.0.key; caused by: de.uka.ilkd.key.proof.init.ProofInputException: Could not find rule file rules/intRulesCheckedSemantics.key)
	at de.uka.ilkd.key.control.AbstractUserInterfaceControl.load(AbstractUserInterfaceControl.java:221)
	at de.uka.ilkd.key.control.KeYEnvironment.load(KeYEnvironment.java:251)
	at de.uka.ilkd.key.control.KeYEnvironment.load(KeYEnvironment.java:224)
	at de.uka.ilkd.key.control.KeYEnvironment.load(KeYEnvironment.java:184)
	at de.uka.ilkd.key.control.KeYEnvironment.load(KeYEnvironment.java:261)
	at de.uka.ilkd.key.proof.runallproofs.proofcollection.TestFile.load(TestFile.java:270)
	at de.uka.ilkd.key.proof.runallproofs.proofcollection.TestFile.runKey(TestFile.java:160)
	at de.uka.ilkd.key.proof.runallproofs.proofcollection.ForkedTestFileRunner.main(ForkedTestFileRunner.java:171)
Caused by: de.uka.ilkd.key.proof.init.ProofInputException: Could not find rule file rules/intRulesCheckedSemantics.key
	at de.uka.ilkd.key.proof.io.KeYFile.readIncludes(KeYFile.java:210)
	at de.uka.ilkd.key.proof.init.ProblemInitializer.readIncludes(ProblemInitializer.java:177)
	at de.uka.ilkd.key.proof.init.ProblemInitializer.readEnvInput(ProblemInitializer.java:325)
	at de.uka.ilkd.key.proof.init.ProblemInitializer.prepare(ProblemInitializer.java:449)
	at de.uka.ilkd.key.proof.io.AbstractProblemLoader.createInitConfig(AbstractProblemLoader.java:518)
	at de.uka.ilkd.key.proof.io.AbstractProblemLoader.loadEnvironment(AbstractProblemLoader.java:288)
	at de.uka.ilkd.key.proof.io.AbstractProblemLoader.load(AbstractProblemLoader.java:252)
	at de.uka.ilkd.key.control.AbstractUserInterfaceControl.load(AbstractUserInterfaceControl.java:209)
	... 7 more
Caused by: java.lang.RuntimeException: Could not find rule file rules/intRulesCheckedSemantics.key
	at de.uka.ilkd.key.proof.io.RuleSourceFactory.fromBuiltInRule(RuleSourceFactory.java:32)
	at de.uka.ilkd.key.proof.io.RuleSourceFactory.fromDefaultLocation(RuleSourceFactory.java:21)
	at de.uka.ilkd.key.nparser.builder.IncludeFinder.addInclude(IncludeFinder.java:63)
	at de.uka.ilkd.key.nparser.builder.IncludeFinder.visitOne_include(IncludeFinder.java:43)
	at de.uka.ilkd.key.nparser.builder.IncludeFinder.visitOne_include(IncludeFinder.java:20)
	at de.uka.ilkd.key.nparser.KeYParser$One_includeContext.accept(KeYParser.java:878)
	at de.uka.ilkd.key.nparser.builder.AbstractBuilder.lambda$mapOf$0(AbstractBuilder.java:112)
	at java.base/java.util.stream.ReferencePipeline$3$1.accept(ReferencePipeline.java:195)
	at java.base/java.util.ArrayList$ArrayListSpliterator.forEachRemaining(ArrayList.java:1655)
	at java.base/java.util.stream.AbstractPipeline.copyInto(AbstractPipeline.java:484)
	at java.base/java.util.stream.AbstractPipeline.wrapAndCopyInto(AbstractPipeline.java:474)
	at java.base/java.util.stream.ReduceOps$ReduceOp.evaluateSequential(ReduceOps.java:913)
	at java.base/java.util.stream.AbstractPipeline.evaluate(AbstractPipeline.java:234)
	at java.base/java.util.stream.ReferencePipeline.collect(ReferencePipeline.java:578)
	at de.uka.ilkd.key.nparser.builder.AbstractBuilder.mapOf(AbstractBuilder.java:112)
	at de.uka.ilkd.key.nparser.builder.IncludeFinder.visitOne_include_statement(IncludeFinder.java:35)
	at de.uka.ilkd.key.nparser.builder.IncludeFinder.visitOne_include_statement(IncludeFinder.java:20)
	at de.uka.ilkd.key.nparser.KeYParser$One_include_statementContext.accept(KeYParser.java:802)
	at org.antlr.v4.runtime.tree.AbstractParseTreeVisitor.visitChildren(AbstractParseTreeVisitor.java:46)
	at de.uka.ilkd.key.nparser.KeYParserBaseVisitor.visitDecls(KeYParserBaseVisitor.java:30)
	at de.uka.ilkd.key.nparser.KeYParser$DeclsContext.accept(KeYParser.java:500)
	at org.antlr.v4.runtime.tree.AbstractParseTreeVisitor.visitChildren(AbstractParseTreeVisitor.java:46)
	at de.uka.ilkd.key.nparser.KeYParserBaseVisitor.visitFile(KeYParserBaseVisitor.java:23)
	at de.uka.ilkd.key.nparser.KeYParser$FileContext.accept(KeYParser.java:306)
	at de.uka.ilkd.key.nparser.KeyAst.accept(KeyAst.java:41)
	at de.uka.ilkd.key.nparser.KeyAst$File.getIncludes(KeyAst.java:76)
	at de.uka.ilkd.key.proof.io.KeYFile.readIncludes(KeYFile.java:208)
	... 14 more
Could not find rule file rules/intRulesCheckedSemantics.key (file: /home/runner/work/key/key/key.core/../key.ui/examples/index/../InformationFlow/MiniExamples/mini.MiniExamples(mini.MiniExamples__secure_p2_8()).JML normal_behavior operation contract.0.key; caused by: de.uka.ilkd.key.proof.init.ProofInputException: Could not find rule file rules/intRulesCheckedSemantics.key)
	at de.uka.ilkd.key.control.AbstractUserInterfaceControl.load(AbstractUserInterfaceControl.java:221)
	at de.uka.ilkd.key.control.KeYEnvironment.load(KeYEnvironment.java:251)
	at de.uka.ilkd.key.control.KeYEnvironment.load(KeYEnvironment.java:224)
	at de.uka.ilkd.key.control.KeYEnvironment.load(KeYEnvironment.java:184)
	at de.uka.ilkd.key.control.KeYEnvironment.load(KeYEnvironment.java:261)
	at de.uka.ilkd.key.proof.runallproofs.proofcollection.TestFile.load(TestFile.java:270)
	at de.uka.ilkd.key.proof.runallproofs.proofcollection.TestFile.runKey(TestFile.java:160)
	at de.uka.ilkd.key.proof.runallproofs.proofcollection.ForkedTestFileRunner.main(ForkedTestFileRunner.java:171)
Caused by: de.uka.ilkd.key.proof.init.ProofInputException: Could not find rule file rules/intRulesCheckedSemantics.key
	at de.uka.ilkd.key.proof.io.KeYFile.readIncludes(KeYFile.java:210)
	at de.uka.ilkd.key.proof.init.ProblemInitializer.readIncludes(ProblemInitializer.java:177)
	at de.uka.ilkd.key.proof.init.ProblemInitializer.readEnvInput(ProblemInitializer.java:325)
	at de.uka.ilkd.key.proof.init.ProblemInitializer.prepare(ProblemInitializer.java:449)
	at de.uka.ilkd.key.proof.io.AbstractProblemLoader.createInitConfig(AbstractProblemLoader.java:518)
	at de.uka.ilkd.key.proof.io.AbstractProblemLoader.loadEnvironment(AbstractProblemLoader.java:288)
	at de.uka.ilkd.key.proof.io.AbstractProblemLoader.load(AbstractProblemLoader.java:252)
	at de.uka.ilkd.key.control.AbstractUserInterfaceControl.load(AbstractUserInterfaceControl.java:209)
	... 7 more
Caused by: java.lang.RuntimeException: Could not find rule file rules/intRulesCheckedSemantics.key
	at de.uka.ilkd.key.proof.io.RuleSourceFactory.fromBuiltInRule(RuleSourceFactory.java:32)
	at de.uka.ilkd.key.proof.io.RuleSourceFactory.fromDefaultLocation(RuleSourceFactory.java:21)
	at de.uka.ilkd.key.nparser.builder.IncludeFinder.addInclude(IncludeFinder.java:63)
	at de.uka.ilkd.key.nparser.builder.IncludeFinder.visitOne_include(IncludeFinder.java:43)
	at de.uka.ilkd.key.nparser.builder.IncludeFinder.visitOne_include(IncludeFinder.java:20)
	at de.uka.ilkd.key.nparser.KeYParser$One_includeContext.accept(KeYParser.java:878)
	at de.uka.ilkd.key.nparser.builder.AbstractBuilder.lambda$mapOf$0(AbstractBuilder.java:112)
	at java.base/java.util.stream.ReferencePipeline$3$1.accept(ReferencePipeline.java:195)
	at java.base/java.util.ArrayList$ArrayListSpliterator.forEachRemaining(ArrayList.java:1655)
	at java.base/java.util.stream.AbstractPipeline.copyInto(AbstractPipeline.java:484)
	at java.base/java.util.stream.AbstractPipeline.wrapAndCopyInto(AbstractPipeline.java:474)
	at java.base/java.util.stream.ReduceOps$ReduceOp.evaluateSequential(ReduceOps.java:913)
	at java.base/java.util.stream.AbstractPipeline.evaluate(AbstractPipeline.java:234)
	at java.base/java.util.stream.ReferencePipeline.collect(ReferencePipeline.java:578)
	at de.uka.ilkd.key.nparser.builder.AbstractBuilder.mapOf(AbstractBuilder.java:112)
	at de.uka.ilkd.key.nparser.builder.IncludeFinder.visitOne_include_statement(IncludeFinder.java:35)
	at de.uka.ilkd.key.nparser.builder.IncludeFinder.visitOne_include_statement(IncludeFinder.java:20)
	at de.uka.ilkd.key.nparser.KeYParser$One_include_statementContext.accept(KeYParser.java:802)
	at org.antlr.v4.runtime.tree.AbstractParseTreeVisitor.visitChildren(AbstractParseTreeVisitor.java:46)
	at de.uka.ilkd.key.nparser.KeYParserBaseVisitor.visitDecls(KeYParserBaseVisitor.java:30)
	at de.uka.ilkd.key.nparser.KeYParser$DeclsContext.accept(KeYParser.java:500)
	at org.antlr.v4.runtime.tree.AbstractParseTreeVisitor.visitChildren(AbstractParseTreeVisitor.java:46)
	at de.uka.ilkd.key.nparser.KeYParserBaseVisitor.visitFile(KeYParserBaseVisitor.java:23)
	at de.uka.ilkd.key.nparser.KeYParser$FileContext.accept(KeYParser.java:306)
	at de.uka.ilkd.key.nparser.KeyAst.accept(KeyAst.java:41)
	at de.uka.ilkd.key.nparser.KeyAst$File.getIncludes(KeyAst.java:76)
	at de.uka.ilkd.key.proof.io.KeYFile.readIncludes(KeYFile.java:208)
	... 14 more
Could not find rule file rules/intRulesCheckedSemantics.key (file: /home/runner/work/key/key/key.core/../key.ui/examples/index/../InformationFlow/MiniExamples/mini.MiniExamples(mini.MiniExamples__secure_parameter(int)).JML operation contract.0.key; caused by: de.uka.ilkd.key.proof.init.ProofInputException: Could not find rule file rules/intRulesCheckedSemantics.key)
	at de.uka.ilkd.key.control.AbstractUserInterfaceControl.load(AbstractUserInterfaceControl.java:221)
	at de.uka.ilkd.key.control.KeYEnvironment.load(KeYEnvironment.java:251)
	at de.uka.ilkd.key.control.KeYEnvironment.load(KeYEnvironment.java:224)
	at de.uka.ilkd.key.control.KeYEnvironment.load(KeYEnvironment.java:184)
	at de.uka.ilkd.key.control.KeYEnvironment.load(KeYEnvironment.java:261)
	at de.uka.ilkd.key.proof.runallproofs.proofcollection.TestFile.load(TestFile.java:270)
	at de.uka.ilkd.key.proof.runallproofs.proofcollection.TestFile.runKey(TestFile.java:160)
	at de.uka.ilkd.key.proof.runallproofs.proofcollection.ForkedTestFileRunner.main(ForkedTestFileRunner.java:171)
Caused by: de.uka.ilkd.key.proof.init.ProofInputException: Could not find rule file rules/intRulesCheckedSemantics.key
	at de.uka.ilkd.key.proof.io.KeYFile.readIncludes(KeYFile.java:210)
	at de.uka.ilkd.key.proof.init.ProblemInitializer.readIncludes(ProblemInitializer.java:177)
	at de.uka.ilkd.key.proof.init.ProblemInitializer.readEnvInput(ProblemInitializer.java:325)
	at de.uka.ilkd.key.proof.init.ProblemInitializer.prepare(ProblemInitializer.java:449)
	at de.uka.ilkd.key.proof.io.AbstractProblemLoader.createInitConfig(AbstractProblemLoader.java:518)
	at de.uka.ilkd.key.proof.io.AbstractProblemLoader.loadEnvironment(AbstractProblemLoader.java:288)
	at de.uka.ilkd.key.proof.io.AbstractProblemLoader.load(AbstractProblemLoader.java:252)
	at de.uka.ilkd.key.control.AbstractUserInterfaceControl.load(AbstractUserInterfaceControl.java:209)
	... 7 more
Caused by: java.lang.RuntimeException: Could not find rule file rules/intRulesCheckedSemantics.key
	at de.uka.ilkd.key.proof.io.RuleSourceFactory.fromBuiltInRule(RuleSourceFactory.java:32)
	at de.uka.ilkd.key.proof.io.RuleSourceFactory.fromDefaultLocation(RuleSourceFactory.java:21)
	at de.uka.ilkd.key.nparser.builder.IncludeFinder.addInclude(IncludeFinder.java:63)
	at de.uka.ilkd.key.nparser.builder.IncludeFinder.visitOne_include(IncludeFinder.java:43)
	at de.uka.ilkd.key.nparser.builder.IncludeFinder.visitOne_include(IncludeFinder.java:20)
	at de.uka.ilkd.key.nparser.KeYParser$One_includeContext.accept(KeYParser.java:878)
	at de.uka.ilkd.key.nparser.builder.AbstractBuilder.lambda$mapOf$0(AbstractBuilder.java:112)
	at java.base/java.util.stream.ReferencePipeline$3$1.accept(ReferencePipeline.java:195)
	at java.base/java.util.ArrayList$ArrayListSpliterator.forEachRemaining(ArrayList.java:1655)
	at java.base/java.util.stream.AbstractPipeline.copyInto(AbstractPipeline.java:484)
	at java.base/java.util.stream.AbstractPipeline.wrapAndCopyInto(AbstractPipeline.java:474)
	at java.base/java.util.stream.ReduceOps$ReduceOp.evaluateSequential(ReduceOps.java:913)
	at java.base/java.util.stream.AbstractPipeline.evaluate(AbstractPipeline.java:234)
	at java.base/java.util.stream.ReferencePipeline.collect(ReferencePipeline.java:578)
	at de.uka.ilkd.key.nparser.builder.AbstractBuilder.mapOf(AbstractBuilder.java:112)
	at de.uka.ilkd.key.nparser.builder.IncludeFinder.visitOne_include_statement(IncludeFinder.java:35)
	at de.uka.ilkd.key.nparser.builder.IncludeFinder.visitOne_include_statement(IncludeFinder.java:20)
	at de.uka.ilkd.key.nparser.KeYParser$One_include_statementContext.accept(KeYParser.java:802)
	at org.antlr.v4.runtime.tree.AbstractParseTreeVisitor.visitChildren(AbstractParseTreeVisitor.java:46)
	at de.uka.ilkd.key.nparser.KeYParserBaseVisitor.visitDecls(KeYParserBaseVisitor.java:30)
	at de.uka.ilkd.key.nparser.KeYParser$DeclsContext.accept(KeYParser.java:500)
	at org.antlr.v4.runtime.tree.AbstractParseTreeVisitor.visitChildren(AbstractParseTreeVisitor.java:46)
	at de.uka.ilkd.key.nparser.KeYParserBaseVisitor.visitFile(KeYParserBaseVisitor.java:23)
	at de.uka.ilkd.key.nparser.KeYParser$FileContext.accept(KeYParser.java:306)
	at de.uka.ilkd.key.nparser.KeyAst.accept(KeyAst.java:41)
	at de.uka.ilkd.key.nparser.KeyAst$File.getIncludes(KeyAst.java:76)
	at de.uka.ilkd.key.proof.io.KeYFile.readIncludes(KeYFile.java:208)
	... 14 more
Could not find rule file rules/intRulesCheckedSemantics.key (file: /home/runner/work/key/key/key.core/../key.ui/examples/index/../InformationFlow/MiniExamples/mini.MiniExamples(mini.MiniExamples__secure_p2_7()).JML normal_behavior operation contract.0.key; caused by: de.uka.ilkd.key.proof.init.ProofInputException: Could not find rule file rules/intRulesCheckedSemantics.key)
	at de.uka.ilkd.key.control.AbstractUserInterfaceControl.load(AbstractUserInterfaceControl.java:221)
	at de.uka.ilkd.key.control.KeYEnvironment.load(KeYEnvironment.java:251)
	at de.uka.ilkd.key.control.KeYEnvironment.load(KeYEnvironment.java:224)
	at de.uka.ilkd.key.control.KeYEnvironment.load(KeYEnvironment.java:184)
	at de.uka.ilkd.key.control.KeYEnvironment.load(KeYEnvironment.java:261)
	at de.uka.ilkd.key.proof.runallproofs.proofcollection.TestFile.load(TestFile.java:270)
	at de.uka.ilkd.key.proof.runallproofs.proofcollection.TestFile.runKey(TestFile.java:160)
	at de.uka.ilkd.key.proof.runallproofs.proofcollection.ForkedTestFileRunner.main(ForkedTestFileRunner.java:171)
Caused by: de.uka.ilkd.key.proof.init.ProofInputException: Could not find rule file rules/intRulesCheckedSemantics.key
	at de.uka.ilkd.key.proof.io.KeYFile.readIncludes(KeYFile.java:210)
	at de.uka.ilkd.key.proof.init.ProblemInitializer.readIncludes(ProblemInitializer.java:177)
	at de.uka.ilkd.key.proof.init.ProblemInitializer.readEnvInput(ProblemInitializer.java:325)
	at de.uka.ilkd.key.proof.init.ProblemInitializer.prepare(ProblemInitializer.java:449)
	at de.uka.ilkd.key.proof.io.AbstractProblemLoader.createInitConfig(AbstractProblemLoader.java:518)
	at de.uka.ilkd.key.proof.io.AbstractProblemLoader.loadEnvironment(AbstractProblemLoader.java:288)
	at de.uka.ilkd.key.proof.io.AbstractProblemLoader.load(AbstractProblemLoader.java:252)
	at de.uka.ilkd.key.control.AbstractUserInterfaceControl.load(AbstractUserInterfaceControl.java:209)
	... 7 more
Caused by: java.lang.RuntimeException: Could not find rule file rules/intRulesCheckedSemantics.key
	at de.uka.ilkd.key.proof.io.RuleSourceFactory.fromBuiltInRule(RuleSourceFactory.java:32)
	at de.uka.ilkd.key.proof.io.RuleSourceFactory.fromDefaultLocation(RuleSourceFactory.java:21)
	at de.uka.ilkd.key.nparser.builder.IncludeFinder.addInclude(IncludeFinder.java:63)
	at de.uka.ilkd.key.nparser.builder.IncludeFinder.visitOne_include(IncludeFinder.java:43)
	at de.uka.ilkd.key.nparser.builder.IncludeFinder.visitOne_include(IncludeFinder.java:20)
	at de.uka.ilkd.key.nparser.KeYParser$One_includeContext.accept(KeYParser.java:878)
	at de.uka.ilkd.key.nparser.builder.AbstractBuilder.lambda$mapOf$0(AbstractBuilder.java:112)
	at java.base/java.util.stream.ReferencePipeline$3$1.accept(ReferencePipeline.java:195)
	at java.base/java.util.ArrayList$ArrayListSpliterator.forEachRemaining(ArrayList.java:1655)
	at java.base/java.util.stream.AbstractPipeline.copyInto(AbstractPipeline.java:484)
	at java.base/java.util.stream.AbstractPipeline.wrapAndCopyInto(AbstractPipeline.java:474)
	at java.base/java.util.stream.ReduceOps$ReduceOp.evaluateSequential(ReduceOps.java:913)
	at java.base/java.util.stream.AbstractPipeline.evaluate(AbstractPipeline.java:234)
	at java.base/java.util.stream.ReferencePipeline.collect(ReferencePipeline.java:578)
	at de.uka.ilkd.key.nparser.builder.AbstractBuilder.mapOf(AbstractBuilder.java:112)
	at de.uka.ilkd.key.nparser.builder.IncludeFinder.visitOne_include_statement(IncludeFinder.java:35)
	at de.uka.ilkd.key.nparser.builder.IncludeFinder.visitOne_include_statement(IncludeFinder.java:20)
	at de.uka.ilkd.key.nparser.KeYParser$One_include_statementContext.accept(KeYParser.java:802)
	at org.antlr.v4.runtime.tree.AbstractParseTreeVisitor.visitChildren(AbstractParseTreeVisitor.java:46)
	at de.uka.ilkd.key.nparser.KeYParserBaseVisitor.visitDecls(KeYParserBaseVisitor.java:30)
	at de.uka.ilkd.key.nparser.KeYParser$DeclsContext.accept(KeYParser.java:500)
	at org.antlr.v4.runtime.tree.AbstractParseTreeVisitor.visitChildren(AbstractParseTreeVisitor.java:46)
	at de.uka.ilkd.key.nparser.KeYParserBaseVisitor.visitFile(KeYParserBaseVisitor.java:23)
	at de.uka.ilkd.key.nparser.KeYParser$FileContext.accept(KeYParser.java:306)
	at de.uka.ilkd.key.nparser.KeyAst.accept(KeyAst.java:41)
	at de.uka.ilkd.key.nparser.KeyAst$File.getIncludes(KeyAst.java:76)
	at de.uka.ilkd.key.proof.io.KeYFile.readIncludes(KeYFile.java:208)
	... 14 more
Could not find rule file rules/intRulesCheckedSemantics.key (file: /home/runner/work/key/key/key.core/../key.ui/examples/index/../InformationFlow/MiniExamples/mini.MiniExamples(mini.MiniExamples__insecure_p2_2()).JML normal_behavior operation contract.0.key; caused by: de.uka.ilkd.key.proof.init.ProofInputException: Could not find rule file rules/intRulesCheckedSemantics.key)
	at de.uka.ilkd.key.control.AbstractUserInterfaceControl.load(AbstractUserInterfaceControl.java:221)
	at de.uka.ilkd.key.control.KeYEnvironment.load(KeYEnvironment.java:251)
	at de.uka.ilkd.key.control.KeYEnvironment.load(KeYEnvironment.java:224)
	at de.uka.ilkd.key.control.KeYEnvironment.load(KeYEnvironment.java:184)
	at de.uka.ilkd.key.control.KeYEnvironment.load(KeYEnvironment.java:261)
	at de.uka.ilkd.key.proof.runallproofs.proofcollection.TestFile.load(TestFile.java:270)
	at de.uka.ilkd.key.proof.runallproofs.proofcollection.TestFile.runKey(TestFile.java:160)
	at de.uka.ilkd.key.proof.runallproofs.proofcollection.ForkedTestFileRunner.main(ForkedTestFileRunner.java:171)
Caused by: de.uka.ilkd.key.proof.init.ProofInputException: Could not find rule file rules/intRulesCheckedSemantics.key
	at de.uka.ilkd.key.proof.io.KeYFile.readIncludes(KeYFile.java:210)
	at de.uka.ilkd.key.proof.init.ProblemInitializer.readIncludes(ProblemInitializer.java:177)
	at de.uka.ilkd.key.proof.init.ProblemInitializer.readEnvInput(ProblemInitializer.java:325)
	at de.uka.ilkd.key.proof.init.ProblemInitializer.prepare(ProblemInitializer.java:449)
	at de.uka.ilkd.key.proof.io.AbstractProblemLoader.createInitConfig(AbstractProblemLoader.java:518)
	at de.uka.ilkd.key.proof.io.AbstractProblemLoader.loadEnvironment(AbstractProblemLoader.java:288)
	at de.uka.ilkd.key.proof.io.AbstractProblemLoader.load(AbstractProblemLoader.java:252)
	at de.uka.ilkd.key.control.AbstractUserInterfaceControl.load(AbstractUserInterfaceControl.java:209)
	... 7 more
Caused by: java.lang.RuntimeException: Could not find rule file rules/intRulesCheckedSemantics.key
	at de.uka.ilkd.key.proof.io.RuleSourceFactory.fromBuiltInRule(RuleSourceFactory.java:32)
	at de.uka.ilkd.key.proof.io.RuleSourceFactory.fromDefaultLocation(RuleSourceFactory.java:21)
	at de.uka.ilkd.key.nparser.builder.IncludeFinder.addInclude(IncludeFinder.java:63)
	at de.uka.ilkd.key.nparser.builder.IncludeFinder.visitOne_include(IncludeFinder.java:43)
	at de.uka.ilkd.key.nparser.builder.IncludeFinder.visitOne_include(IncludeFinder.java:20)
	at de.uka.ilkd.key.nparser.KeYParser$One_includeContext.accept(KeYParser.java:878)
	at de.uka.ilkd.key.nparser.builder.AbstractBuilder.lambda$mapOf$0(AbstractBuilder.java:112)
	at java.base/java.util.stream.ReferencePipeline$3$1.accept(ReferencePipeline.java:195)
	at java.base/java.util.ArrayList$ArrayListSpliterator.forEachRemaining(ArrayList.java:1655)
	at java.base/java.util.stream.AbstractPipeline.copyInto(AbstractPipeline.java:484)
	at java.base/java.util.stream.AbstractPipeline.wrapAndCopyInto(AbstractPipeline.java:474)
	at java.base/java.util.stream.ReduceOps$ReduceOp.evaluateSequential(ReduceOps.java:913)
	at java.base/java.util.stream.AbstractPipeline.evaluate(AbstractPipeline.java:234)
	at java.base/java.util.stream.ReferencePipeline.collect(ReferencePipeline.java:578)
	at de.uka.ilkd.key.nparser.builder.AbstractBuilder.mapOf(AbstractBuilder.java:112)
	at de.uka.ilkd.key.nparser.builder.IncludeFinder.visitOne_include_statement(IncludeFinder.java:35)
	at de.uka.ilkd.key.nparser.builder.IncludeFinder.visitOne_include_statement(IncludeFinder.java:20)
	at de.uka.ilkd.key.nparser.KeYParser$One_include_statementContext.accept(KeYParser.java:802)
	at org.antlr.v4.runtime.tree.AbstractParseTreeVisitor.visitChildren(AbstractParseTreeVisitor.java:46)
	at de.uka.ilkd.key.nparser.KeYParserBaseVisitor.visitDecls(KeYParserBaseVisitor.java:30)
	at de.uka.ilkd.key.nparser.KeYParser$DeclsContext.accept(KeYParser.java:500)
	at org.antlr.v4.runtime.tree.AbstractParseTreeVisitor.visitChildren(AbstractParseTreeVisitor.java:46)
	at de.uka.ilkd.key.nparser.KeYParserBaseVisitor.visitFile(KeYParserBaseVisitor.java:23)
	at de.uka.ilkd.key.nparser.KeYParser$FileContext.accept(KeYParser.java:306)
	at de.uka.ilkd.key.nparser.KeyAst.accept(KeyAst.java:41)
	at de.uka.ilkd.key.nparser.KeyAst$File.getIncludes(KeyAst.java:76)
	at de.uka.ilkd.key.proof.io.KeYFile.readIncludes(KeYFile.java:208)
	... 14 more
Could not find rule file rules/intRulesCheckedSemantics.key (file: /home/runner/work/key/key/key.core/../key.ui/examples/index/../InformationFlow/MiniExamples/mini.MiniExamples(mini.MiniExamples__secure_p2_6()).JML normal_behavior operation contract.0.key; caused by: de.uka.ilkd.key.proof.init.ProofInputException: Could not find rule file rules/intRulesCheckedSemantics.key)
	at de.uka.ilkd.key.control.AbstractUserInterfaceControl.load(AbstractUserInterfaceControl.java:221)
	at de.uka.ilkd.key.control.KeYEnvironment.load(KeYEnvironment.java:251)
	at de.uka.ilkd.key.control.KeYEnvironment.load(KeYEnvironment.java:224)
	at de.uka.ilkd.key.control.KeYEnvironment.load(KeYEnvironment.java:184)
	at de.uka.ilkd.key.control.KeYEnvironment.load(KeYEnvironment.java:261)
	at de.uka.ilkd.key.proof.runallproofs.proofcollection.TestFile.load(TestFile.java:270)
	at de.uka.ilkd.key.proof.runallproofs.proofcollection.TestFile.runKey(TestFile.java:160)
	at de.uka.ilkd.key.proof.runallproofs.proofcollection.ForkedTestFileRunner.main(ForkedTestFileRunner.java:171)
Caused by: de.uka.ilkd.key.proof.init.ProofInputException: Could not find rule file rules/intRulesCheckedSemantics.key
	at de.uka.ilkd.key.proof.io.KeYFile.readIncludes(KeYFile.java:210)
	at de.uka.ilkd.key.proof.init.ProblemInitializer.readIncludes(ProblemInitializer.java:177)
	at de.uka.ilkd.key.proof.init.ProblemInitializer.readEnvInput(ProblemInitializer.java:325)
	at de.uka.ilkd.key.proof.init.ProblemInitializer.prepare(ProblemInitializer.java:449)
	at de.uka.ilkd.key.proof.io.AbstractProblemLoader.createInitConfig(AbstractProblemLoader.java:518)
	at de.uka.ilkd.key.proof.io.AbstractProblemLoader.loadEnvironment(AbstractProblemLoader.java:288)
	at de.uka.ilkd.key.proof.io.AbstractProblemLoader.load(AbstractProblemLoader.java:252)
	at de.uka.ilkd.key.control.AbstractUserInterfaceControl.load(AbstractUserInterfaceControl.java:209)
	... 7 more
Caused by: java.lang.RuntimeException: Could not find rule file rules/intRulesCheckedSemantics.key
	at de.uka.ilkd.key.proof.io.RuleSourceFactory.fromBuiltInRule(RuleSourceFactory.java:32)
	at de.uka.ilkd.key.proof.io.RuleSourceFactory.fromDefaultLocation(RuleSourceFactory.java:21)
	at de.uka.ilkd.key.nparser.builder.IncludeFinder.addInclude(IncludeFinder.java:63)
	at de.uka.ilkd.key.nparser.builder.IncludeFinder.visitOne_include(IncludeFinder.java:43)
	at de.uka.ilkd.key.nparser.builder.IncludeFinder.visitOne_include(IncludeFinder.java:20)
	at de.uka.ilkd.key.nparser.KeYParser$One_includeContext.accept(KeYParser.java:878)
	at de.uka.ilkd.key.nparser.builder.AbstractBuilder.lambda$mapOf$0(AbstractBuilder.java:112)
	at java.base/java.util.stream.ReferencePipeline$3$1.accept(ReferencePipeline.java:195)
	at java.base/java.util.ArrayList$ArrayListSpliterator.forEachRemaining(ArrayList.java:1655)
	at java.base/java.util.stream.AbstractPipeline.copyInto(AbstractPipeline.java:484)
	at java.base/java.util.stream.AbstractPipeline.wrapAndCopyInto(AbstractPipeline.java:474)
	at java.base/java.util.stream.ReduceOps$ReduceOp.evaluateSequential(ReduceOps.java:913)
	at java.base/java.util.stream.AbstractPipeline.evaluate(AbstractPipeline.java:234)
	at java.base/java.util.stream.ReferencePipeline.collect(ReferencePipeline.java:578)
	at de.uka.ilkd.key.nparser.builder.AbstractBuilder.mapOf(AbstractBuilder.java:112)
	at de.uka.ilkd.key.nparser.builder.IncludeFinder.visitOne_include_statement(IncludeFinder.java:35)
	at de.uka.ilkd.key.nparser.builder.IncludeFinder.visitOne_include_statement(IncludeFinder.java:20)
	at de.uka.ilkd.key.nparser.KeYParser$One_include_statementContext.accept(KeYParser.java:802)
	at org.antlr.v4.runtime.tree.AbstractParseTreeVisitor.visitChildren(AbstractParseTreeVisitor.java:46)
	at de.uka.ilkd.key.nparser.KeYParserBaseVisitor.visitDecls(KeYParserBaseVisitor.java:30)
	at de.uka.ilkd.key.nparser.KeYParser$DeclsContext.accept(KeYParser.java:500)
	at org.antlr.v4.runtime.tree.AbstractParseTreeVisitor.visitChildren(AbstractParseTreeVisitor.java:46)
	at de.uka.ilkd.key.nparser.KeYParserBaseVisitor.visitFile(KeYParserBaseVisitor.java:23)
	at de.uka.ilkd.key.nparser.KeYParser$FileContext.accept(KeYParser.java:306)
	at de.uka.ilkd.key.nparser.KeyAst.accept(KeyAst.java:41)
	at de.uka.ilkd.key.nparser.KeyAst$File.getIncludes(KeyAst.java:76)
	at de.uka.ilkd.key.proof.io.KeYFile.readIncludes(KeYFile.java:208)
	... 14 more
Could not find rule file rules/intRulesCheckedSemantics.key (file: /home/runner/work/key/key/key.core/../key.ui/examples/index/../InformationFlow/MiniExamples/mini.MiniExamples(mini.MiniExamples__secure_p2_5()).JML normal_behavior operation contract.0.key; caused by: de.uka.ilkd.key.proof.init.ProofInputException: Could not find rule file rules/intRulesCheckedSemantics.key)
	at de.uka.ilkd.key.control.AbstractUserInterfaceControl.load(AbstractUserInterfaceControl.java:221)
	at de.uka.ilkd.key.control.KeYEnvironment.load(KeYEnvironment.java:251)
	at de.uka.ilkd.key.control.KeYEnvironment.load(KeYEnvironment.java:224)
	at de.uka.ilkd.key.control.KeYEnvironment.load(KeYEnvironment.java:184)
	at de.uka.ilkd.key.control.KeYEnvironment.load(KeYEnvironment.java:261)
	at de.uka.ilkd.key.proof.runallproofs.proofcollection.TestFile.load(TestFile.java:270)
	at de.uka.ilkd.key.proof.runallproofs.proofcollection.TestFile.runKey(TestFile.java:160)
	at de.uka.ilkd.key.proof.runallproofs.proofcollection.ForkedTestFileRunner.main(ForkedTestFileRunner.java:171)
Caused by: de.uka.ilkd.key.proof.init.ProofInputException: Could not find rule file rules/intRulesCheckedSemantics.key
	at de.uka.ilkd.key.proof.io.KeYFile.readIncludes(KeYFile.java:210)
	at de.uka.ilkd.key.proof.init.ProblemInitializer.readIncludes(ProblemInitializer.java:177)
	at de.uka.ilkd.key.proof.init.ProblemInitializer.readEnvInput(ProblemInitializer.java:325)
	at de.uka.ilkd.key.proof.init.ProblemInitializer.prepare(ProblemInitializer.java:449)
	at de.uka.ilkd.key.proof.io.AbstractProblemLoader.createInitConfig(AbstractProblemLoader.java:518)
	at de.uka.ilkd.key.proof.io.AbstractProblemLoader.loadEnvironment(AbstractProblemLoader.java:288)
	at de.uka.ilkd.key.proof.io.AbstractProblemLoader.load(AbstractProblemLoader.java:252)
	at de.uka.ilkd.key.control.AbstractUserInterfaceControl.load(AbstractUserInterfaceControl.java:209)
	... 7 more
Caused by: java.lang.RuntimeException: Could not find rule file rules/intRulesCheckedSemantics.key
	at de.uka.ilkd.key.proof.io.RuleSourceFactory.fromBuiltInRule(RuleSourceFactory.java:32)
	at de.uka.ilkd.key.proof.io.RuleSourceFactory.fromDefaultLocation(RuleSourceFactory.java:21)
	at de.uka.ilkd.key.nparser.builder.IncludeFinder.addInclude(IncludeFinder.java:63)
	at de.uka.ilkd.key.nparser.builder.IncludeFinder.visitOne_include(IncludeFinder.java:43)
	at de.uka.ilkd.key.nparser.builder.IncludeFinder.visitOne_include(IncludeFinder.java:20)
	at de.uka.ilkd.key.nparser.KeYParser$One_includeContext.accept(KeYParser.java:878)
	at de.uka.ilkd.key.nparser.builder.AbstractBuilder.lambda$mapOf$0(AbstractBuilder.java:112)
	at java.base/java.util.stream.ReferencePipeline$3$1.accept(ReferencePipeline.java:195)
	at java.base/java.util.ArrayList$ArrayListSpliterator.forEachRemaining(ArrayList.java:1655)
	at java.base/java.util.stream.AbstractPipeline.copyInto(AbstractPipeline.java:484)
	at java.base/java.util.stream.AbstractPipeline.wrapAndCopyInto(AbstractPipeline.java:474)
	at java.base/java.util.stream.ReduceOps$ReduceOp.evaluateSequential(ReduceOps.java:913)
	at java.base/java.util.stream.AbstractPipeline.evaluate(AbstractPipeline.java:234)
	at java.base/java.util.stream.ReferencePipeline.collect(ReferencePipeline.java:578)
	at de.uka.ilkd.key.nparser.builder.AbstractBuilder.mapOf(AbstractBuilder.java:112)
	at de.uka.ilkd.key.nparser.builder.IncludeFinder.visitOne_include_statement(IncludeFinder.java:35)
	at de.uka.ilkd.key.nparser.builder.IncludeFinder.visitOne_include_statement(IncludeFinder.java:20)
	at de.uka.ilkd.key.nparser.KeYParser$One_include_statementContext.accept(KeYParser.java:802)
	at org.antlr.v4.runtime.tree.AbstractParseTreeVisitor.visitChildren(AbstractParseTreeVisitor.java:46)
	at de.uka.ilkd.key.nparser.KeYParserBaseVisitor.visitDecls(KeYParserBaseVisitor.java:30)
	at de.uka.ilkd.key.nparser.KeYParser$DeclsContext.accept(KeYParser.java:500)
	at org.antlr.v4.runtime.tree.AbstractParseTreeVisitor.visitChildren(AbstractParseTreeVisitor.java:46)
	at de.uka.ilkd.key.nparser.KeYParserBaseVisitor.visitFile(KeYParserBaseVisitor.java:23)
	at de.uka.ilkd.key.nparser.KeYParser$FileContext.accept(KeYParser.java:306)
	at de.uka.ilkd.key.nparser.KeyAst.accept(KeyAst.java:41)
	at de.uka.ilkd.key.nparser.KeyAst$File.getIncludes(KeyAst.java:76)
	at de.uka.ilkd.key.proof.io.KeYFile.readIncludes(KeYFile.java:208)
	... 14 more
Could not find rule file rules/intRulesCheckedSemantics.key (file: /home/runner/work/key/key/key.core/../key.ui/examples/index/../InformationFlow/MiniExamples/mini.MiniExamples(mini.MiniExamples__secure_p2_4()).JML normal_behavior operation contract.0.key; caused by: de.uka.ilkd.key.proof.init.ProofInputException: Could not find rule file rules/intRulesCheckedSemantics.key)
	at de.uka.ilkd.key.control.AbstractUserInterfaceControl.load(AbstractUserInterfaceControl.java:221)
	at de.uka.ilkd.key.control.KeYEnvironment.load(KeYEnvironment.java:251)
	at de.uka.ilkd.key.control.KeYEnvironment.load(KeYEnvironment.java:224)
	at de.uka.ilkd.key.control.KeYEnvironment.load(KeYEnvironment.java:184)
	at de.uka.ilkd.key.control.KeYEnvironment.load(KeYEnvironment.java:261)
	at de.uka.ilkd.key.proof.runallproofs.proofcollection.TestFile.load(TestFile.java:270)
	at de.uka.ilkd.key.proof.runallproofs.proofcollection.TestFile.runKey(TestFile.java:160)
	at de.uka.ilkd.key.proof.runallproofs.proofcollection.ForkedTestFileRunner.main(ForkedTestFileRunner.java:171)
Caused by: de.uka.ilkd.key.proof.init.ProofInputException: Could not find rule file rules/intRulesCheckedSemantics.key
	at de.uka.ilkd.key.proof.io.KeYFile.readIncludes(KeYFile.java:210)
	at de.uka.ilkd.key.proof.init.ProblemInitializer.readIncludes(ProblemInitializer.java:177)
	at de.uka.ilkd.key.proof.init.ProblemInitializer.readEnvInput(ProblemInitializer.java:325)
	at de.uka.ilkd.key.proof.init.ProblemInitializer.prepare(ProblemInitializer.java:449)
	at de.uka.ilkd.key.proof.io.AbstractProblemLoader.createInitConfig(AbstractProblemLoader.java:518)
	at de.uka.ilkd.key.proof.io.AbstractProblemLoader.loadEnvironment(AbstractProblemLoader.java:288)
	at de.uka.ilkd.key.proof.io.AbstractProblemLoader.load(AbstractProblemLoader.java:252)
	at de.uka.ilkd.key.control.AbstractUserInterfaceControl.load(AbstractUserInterfaceControl.java:209)
	... 7 more
Caused by: java.lang.RuntimeException: Could not find rule file rules/intRulesCheckedSemantics.key
	at de.uka.ilkd.key.proof.io.RuleSourceFactory.fromBuiltInRule(RuleSourceFactory.java:32)
	at de.uka.ilkd.key.proof.io.RuleSourceFactory.fromDefaultLocation(RuleSourceFactory.java:21)
	at de.uka.ilkd.key.nparser.builder.IncludeFinder.addInclude(IncludeFinder.java:63)
	at de.uka.ilkd.key.nparser.builder.IncludeFinder.visitOne_include(IncludeFinder.java:43)
	at de.uka.ilkd.key.nparser.builder.IncludeFinder.visitOne_include(IncludeFinder.java:20)
	at de.uka.ilkd.key.nparser.KeYParser$One_includeContext.accept(KeYParser.java:878)
	at de.uka.ilkd.key.nparser.builder.AbstractBuilder.lambda$mapOf$0(AbstractBuilder.java:112)
	at java.base/java.util.stream.ReferencePipeline$3$1.accept(ReferencePipeline.java:195)
	at java.base/java.util.ArrayList$ArrayListSpliterator.forEachRemaining(ArrayList.java:1655)
	at java.base/java.util.stream.AbstractPipeline.copyInto(AbstractPipeline.java:484)
	at java.base/java.util.stream.AbstractPipeline.wrapAndCopyInto(AbstractPipeline.java:474)
	at java.base/java.util.stream.ReduceOps$ReduceOp.evaluateSequential(ReduceOps.java:913)
	at java.base/java.util.stream.AbstractPipeline.evaluate(AbstractPipeline.java:234)
	at java.base/java.util.stream.ReferencePipeline.collect(ReferencePipeline.java:578)
	at de.uka.ilkd.key.nparser.builder.AbstractBuilder.mapOf(AbstractBuilder.java:112)
	at de.uka.ilkd.key.nparser.builder.IncludeFinder.visitOne_include_statement(IncludeFinder.java:35)
	at de.uka.ilkd.key.nparser.builder.IncludeFinder.visitOne_include_statement(IncludeFinder.java:20)
	at de.uka.ilkd.key.nparser.KeYParser$One_include_statementContext.accept(KeYParser.java:802)
	at org.antlr.v4.runtime.tree.AbstractParseTreeVisitor.visitChildren(AbstractParseTreeVisitor.java:46)
	at de.uka.ilkd.key.nparser.KeYParserBaseVisitor.visitDecls(KeYParserBaseVisitor.java:30)
	at de.uka.ilkd.key.nparser.KeYParser$DeclsContext.accept(KeYParser.java:500)
	at org.antlr.v4.runtime.tree.AbstractParseTreeVisitor.visitChildren(AbstractParseTreeVisitor.java:46)
	at de.uka.ilkd.key.nparser.KeYParserBaseVisitor.visitFile(KeYParserBaseVisitor.java:23)
	at de.uka.ilkd.key.nparser.KeYParser$FileContext.accept(KeYParser.java:306)
	at de.uka.ilkd.key.nparser.KeyAst.accept(KeyAst.java:41)
	at de.uka.ilkd.key.nparser.KeyAst$File.getIncludes(KeyAst.java:76)
	at de.uka.ilkd.key.proof.io.KeYFile.readIncludes(KeYFile.java:208)
	... 14 more
Could not find rule file rules/intRulesCheckedSemantics.key (file: /home/runner/work/key/key/key.core/../key.ui/examples/index/../InformationFlow/MiniExamples/mini.MiniExamples(mini.MiniExamples__secure_p2_3()).JML normal_behavior operation contract.0.key; caused by: de.uka.ilkd.key.proof.init.ProofInputException: Could not find rule file rules/intRulesCheckedSemantics.key)
	at de.uka.ilkd.key.control.AbstractUserInterfaceControl.load(AbstractUserInterfaceControl.java:221)
	at de.uka.ilkd.key.control.KeYEnvironment.load(KeYEnvironment.java:251)
	at de.uka.ilkd.key.control.KeYEnvironment.load(KeYEnvironment.java:224)
	at de.uka.ilkd.key.control.KeYEnvironment.load(KeYEnvironment.java:184)
	at de.uka.ilkd.key.control.KeYEnvironment.load(KeYEnvironment.java:261)
	at de.uka.ilkd.key.proof.runallproofs.proofcollection.TestFile.load(TestFile.java:270)
	at de.uka.ilkd.key.proof.runallproofs.proofcollection.TestFile.runKey(TestFile.java:160)
	at de.uka.ilkd.key.proof.runallproofs.proofcollection.ForkedTestFileRunner.main(ForkedTestFileRunner.java:171)
Caused by: de.uka.ilkd.key.proof.init.ProofInputException: Could not find rule file rules/intRulesCheckedSemantics.key
	at de.uka.ilkd.key.proof.io.KeYFile.readIncludes(KeYFile.java:210)
	at de.uka.ilkd.key.proof.init.ProblemInitializer.readIncludes(ProblemInitializer.java:177)
	at de.uka.ilkd.key.proof.init.ProblemInitializer.readEnvInput(ProblemInitializer.java:325)
	at de.uka.ilkd.key.proof.init.ProblemInitializer.prepare(ProblemInitializer.java:449)
	at de.uka.ilkd.key.proof.io.AbstractProblemLoader.createInitConfig(AbstractProblemLoader.java:518)
	at de.uka.ilkd.key.proof.io.AbstractProblemLoader.loadEnvironment(AbstractProblemLoader.java:288)
	at de.uka.ilkd.key.proof.io.AbstractProblemLoader.load(AbstractProblemLoader.java:252)
	at de.uka.ilkd.key.control.AbstractUserInterfaceControl.load(AbstractUserInterfaceControl.java:209)
	... 7 more
Caused by: java.lang.RuntimeException: Could not find rule file rules/intRulesCheckedSemantics.key
	at de.uka.ilkd.key.proof.io.RuleSourceFactory.fromBuiltInRule(RuleSourceFactory.java:32)
	at de.uka.ilkd.key.proof.io.RuleSourceFactory.fromDefaultLocation(RuleSourceFactory.java:21)
	at de.uka.ilkd.key.nparser.builder.IncludeFinder.addInclude(IncludeFinder.java:63)
	at de.uka.ilkd.key.nparser.builder.IncludeFinder.visitOne_include(IncludeFinder.java:43)
	at de.uka.ilkd.key.nparser.builder.IncludeFinder.visitOne_include(IncludeFinder.java:20)
	at de.uka.ilkd.key.nparser.KeYParser$One_includeContext.accept(KeYParser.java:878)
	at de.uka.ilkd.key.nparser.builder.AbstractBuilder.lambda$mapOf$0(AbstractBuilder.java:112)
	at java.base/java.util.stream.ReferencePipeline$3$1.accept(ReferencePipeline.java:195)
	at java.base/java.util.ArrayList$ArrayListSpliterator.forEachRemaining(ArrayList.java:1655)
	at java.base/java.util.stream.AbstractPipeline.copyInto(AbstractPipeline.java:484)
	at java.base/java.util.stream.AbstractPipeline.wrapAndCopyInto(AbstractPipeline.java:474)
	at java.base/java.util.stream.ReduceOps$ReduceOp.evaluateSequential(ReduceOps.java:913)
	at java.base/java.util.stream.AbstractPipeline.evaluate(AbstractPipeline.java:234)
	at java.base/java.util.stream.ReferencePipeline.collect(ReferencePipeline.java:578)
	at de.uka.ilkd.key.nparser.builder.AbstractBuilder.mapOf(AbstractBuilder.java:112)
	at de.uka.ilkd.key.nparser.builder.IncludeFinder.visitOne_include_statement(IncludeFinder.java:35)
	at de.uka.ilkd.key.nparser.builder.IncludeFinder.visitOne_include_statement(IncludeFinder.java:20)
	at de.uka.ilkd.key.nparser.KeYParser$One_include_statementContext.accept(KeYParser.java:802)
	at org.antlr.v4.runtime.tree.AbstractParseTreeVisitor.visitChildren(AbstractParseTreeVisitor.java:46)
	at de.uka.ilkd.key.nparser.KeYParserBaseVisitor.visitDecls(KeYParserBaseVisitor.java:30)
	at de.uka.ilkd.key.nparser.KeYParser$DeclsContext.accept(KeYParser.java:500)
	at org.antlr.v4.runtime.tree.AbstractParseTreeVisitor.visitChildren(AbstractParseTreeVisitor.java:46)
	at de.uka.ilkd.key.nparser.KeYParserBaseVisitor.visitFile(KeYParserBaseVisitor.java:23)
	at de.uka.ilkd.key.nparser.KeYParser$FileContext.accept(KeYParser.java:306)
	at de.uka.ilkd.key.nparser.KeyAst.accept(KeyAst.java:41)
	at de.uka.ilkd.key.nparser.KeyAst$File.getIncludes(KeyAst.java:76)
	at de.uka.ilkd.key.proof.io.KeYFile.readIncludes(KeYFile.java:208)
	... 14 more
Could not find rule file rules/intRulesCheckedSemantics.key (file: /home/runner/work/key/key/key.core/../key.ui/examples/index/../InformationFlow/MiniExamples/mini.MiniExamples(mini.MiniExamples__secure_p2_2()).JML normal_behavior operation contract.0.key; caused by: de.uka.ilkd.key.proof.init.ProofInputException: Could not find rule file rules/intRulesCheckedSemantics.key)
	at de.uka.ilkd.key.control.AbstractUserInterfaceControl.load(AbstractUserInterfaceControl.java:221)
	at de.uka.ilkd.key.control.KeYEnvironment.load(KeYEnvironment.java:251)
	at de.uka.ilkd.key.control.KeYEnvironment.load(KeYEnvironment.java:224)
	at de.uka.ilkd.key.control.KeYEnvironment.load(KeYEnvironment.java:184)
	at de.uka.ilkd.key.control.KeYEnvironment.load(KeYEnvironment.java:261)
	at de.uka.ilkd.key.proof.runallproofs.proofcollection.TestFile.load(TestFile.java:270)
	at de.uka.ilkd.key.proof.runallproofs.proofcollection.TestFile.runKey(TestFile.java:160)
	at de.uka.ilkd.key.proof.runallproofs.proofcollection.ForkedTestFileRunner.main(ForkedTestFileRunner.java:171)
Caused by: de.uka.ilkd.key.proof.init.ProofInputException: Could not find rule file rules/intRulesCheckedSemantics.key
	at de.uka.ilkd.key.proof.io.KeYFile.readIncludes(KeYFile.java:210)
	at de.uka.ilkd.key.proof.init.ProblemInitializer.readIncludes(ProblemInitializer.java:177)
	at de.uka.ilkd.key.proof.init.ProblemInitializer.readEnvInput(ProblemInitializer.java:325)
	at de.uka.ilkd.key.proof.init.ProblemInitializer.prepare(ProblemInitializer.java:449)
	at de.uka.ilkd.key.proof.io.AbstractProblemLoader.createInitConfig(AbstractProblemLoader.java:518)
	at de.uka.ilkd.key.proof.io.AbstractProblemLoader.loadEnvironment(AbstractProblemLoader.java:288)
	at de.uka.ilkd.key.proof.io.AbstractProblemLoader.load(AbstractProblemLoader.java:252)
	at de.uka.ilkd.key.control.AbstractUserInterfaceControl.load(AbstractUserInterfaceControl.java:209)
	... 7 more
Caused by: java.lang.RuntimeException: Could not find rule file rules/intRulesCheckedSemantics.key
	at de.uka.ilkd.key.proof.io.RuleSourceFactory.fromBuiltInRule(RuleSourceFactory.java:32)
	at de.uka.ilkd.key.proof.io.RuleSourceFactory.fromDefaultLocation(RuleSourceFactory.java:21)
	at de.uka.ilkd.key.nparser.builder.IncludeFinder.addInclude(IncludeFinder.java:63)
	at de.uka.ilkd.key.nparser.builder.IncludeFinder.visitOne_include(IncludeFinder.java:43)
	at de.uka.ilkd.key.nparser.builder.IncludeFinder.visitOne_include(IncludeFinder.java:20)
	at de.uka.ilkd.key.nparser.KeYParser$One_includeContext.accept(KeYParser.java:878)
	at de.uka.ilkd.key.nparser.builder.AbstractBuilder.lambda$mapOf$0(AbstractBuilder.java:112)
	at java.base/java.util.stream.ReferencePipeline$3$1.accept(ReferencePipeline.java:195)
	at java.base/java.util.ArrayList$ArrayListSpliterator.forEachRemaining(ArrayList.java:1655)
	at java.base/java.util.stream.AbstractPipeline.copyInto(AbstractPipeline.java:484)
	at java.base/java.util.stream.AbstractPipeline.wrapAndCopyInto(AbstractPipeline.java:474)
	at java.base/java.util.stream.ReduceOps$ReduceOp.evaluateSequential(ReduceOps.java:913)
	at java.base/java.util.stream.AbstractPipeline.evaluate(AbstractPipeline.java:234)
	at java.base/java.util.stream.ReferencePipeline.collect(ReferencePipeline.java:578)
	at de.uka.ilkd.key.nparser.builder.AbstractBuilder.mapOf(AbstractBuilder.java:112)
	at de.uka.ilkd.key.nparser.builder.IncludeFinder.visitOne_include_statement(IncludeFinder.java:35)
	at de.uka.ilkd.key.nparser.builder.IncludeFinder.visitOne_include_statement(IncludeFinder.java:20)
	at de.uka.ilkd.key.nparser.KeYParser$One_include_statementContext.accept(KeYParser.java:802)
	at org.antlr.v4.runtime.tree.AbstractParseTreeVisitor.visitChildren(AbstractParseTreeVisitor.java:46)
	at de.uka.ilkd.key.nparser.KeYParserBaseVisitor.visitDecls(KeYParserBaseVisitor.java:30)
	at de.uka.ilkd.key.nparser.KeYParser$DeclsContext.accept(KeYParser.java:500)
	at org.antlr.v4.runtime.tree.AbstractParseTreeVisitor.visitChildren(AbstractParseTreeVisitor.java:46)
	at de.uka.ilkd.key.nparser.KeYParserBaseVisitor.visitFile(KeYParserBaseVisitor.java:23)
	at de.uka.ilkd.key.nparser.KeYParser$FileContext.accept(KeYParser.java:306)
	at de.uka.ilkd.key.nparser.KeyAst.accept(KeyAst.java:41)
	at de.uka.ilkd.key.nparser.KeyAst$File.getIncludes(KeyAst.java:76)
	at de.uka.ilkd.key.proof.io.KeYFile.readIncludes(KeYFile.java:208)
	... 14 more
Could not find rule file rules/intRulesCheckedSemantics.key (file: /home/runner/work/key/key/key.core/../key.ui/examples/index/../InformationFlow/MiniExamples/mini.MiniExamples(mini.MiniExamples__secure_p2_1()).JML normal_behavior operation contract.0.key; caused by: de.uka.ilkd.key.proof.init.ProofInputException: Could not find rule file rules/intRulesCheckedSemantics.key)
	at de.uka.ilkd.key.control.AbstractUserInterfaceControl.load(AbstractUserInterfaceControl.java:221)
	at de.uka.ilkd.key.control.KeYEnvironment.load(KeYEnvironment.java:251)
	at de.uka.ilkd.key.control.KeYEnvironment.load(KeYEnvironment.java:224)
	at de.uka.ilkd.key.control.KeYEnvironment.load(KeYEnvironment.java:184)
	at de.uka.ilkd.key.control.KeYEnvironment.load(KeYEnvironment.java:261)
	at de.uka.ilkd.key.proof.runallproofs.proofcollection.TestFile.load(TestFile.java:270)
	at de.uka.ilkd.key.proof.runallproofs.proofcollection.TestFile.runKey(TestFile.java:160)
	at de.uka.ilkd.key.proof.runallproofs.proofcollection.ForkedTestFileRunner.main(ForkedTestFileRunner.java:171)
Caused by: de.uka.ilkd.key.proof.init.ProofInputException: Could not find rule file rules/intRulesCheckedSemantics.key
	at de.uka.ilkd.key.proof.io.KeYFile.readIncludes(KeYFile.java:210)
	at de.uka.ilkd.key.proof.init.ProblemInitializer.readIncludes(ProblemInitializer.java:177)
	at de.uka.ilkd.key.proof.init.ProblemInitializer.readEnvInput(ProblemInitializer.java:325)
	at de.uka.ilkd.key.proof.init.ProblemInitializer.prepare(ProblemInitializer.java:449)
	at de.uka.ilkd.key.proof.io.AbstractProblemLoader.createInitConfig(AbstractProblemLoader.java:518)
	at de.uka.ilkd.key.proof.io.AbstractProblemLoader.loadEnvironment(AbstractProblemLoader.java:288)
	at de.uka.ilkd.key.proof.io.AbstractProblemLoader.load(AbstractProblemLoader.java:252)
	at de.uka.ilkd.key.control.AbstractUserInterfaceControl.load(AbstractUserInterfaceControl.java:209)
	... 7 more
Caused by: java.lang.RuntimeException: Could not find rule file rules/intRulesCheckedSemantics.key
	at de.uka.ilkd.key.proof.io.RuleSourceFactory.fromBuiltInRule(RuleSourceFactory.java:32)
	at de.uka.ilkd.key.proof.io.RuleSourceFactory.fromDefaultLocation(RuleSourceFactory.java:21)
	at de.uka.ilkd.key.nparser.builder.IncludeFinder.addInclude(IncludeFinder.java:63)
	at de.uka.ilkd.key.nparser.builder.IncludeFinder.visitOne_include(IncludeFinder.java:43)
	at de.uka.ilkd.key.nparser.builder.IncludeFinder.visitOne_include(IncludeFinder.java:20)
	at de.uka.ilkd.key.nparser.KeYParser$One_includeContext.accept(KeYParser.java:878)
	at de.uka.ilkd.key.nparser.builder.AbstractBuilder.lambda$mapOf$0(AbstractBuilder.java:112)
	at java.base/java.util.stream.ReferencePipeline$3$1.accept(ReferencePipeline.java:195)
	at java.base/java.util.ArrayList$ArrayListSpliterator.forEachRemaining(ArrayList.java:1655)
	at java.base/java.util.stream.AbstractPipeline.copyInto(AbstractPipeline.java:484)
	at java.base/java.util.stream.AbstractPipeline.wrapAndCopyInto(AbstractPipeline.java:474)
	at java.base/java.util.stream.ReduceOps$ReduceOp.evaluateSequential(ReduceOps.java:913)
	at java.base/java.util.stream.AbstractPipeline.evaluate(AbstractPipeline.java:234)
	at java.base/java.util.stream.ReferencePipeline.collect(ReferencePipeline.java:578)
	at de.uka.ilkd.key.nparser.builder.AbstractBuilder.mapOf(AbstractBuilder.java:112)
	at de.uka.ilkd.key.nparser.builder.IncludeFinder.visitOne_include_statement(IncludeFinder.java:35)
	at de.uka.ilkd.key.nparser.builder.IncludeFinder.visitOne_include_statement(IncludeFinder.java:20)
	at de.uka.ilkd.key.nparser.KeYParser$One_include_statementContext.accept(KeYParser.java:802)
	at org.antlr.v4.runtime.tree.AbstractParseTreeVisitor.visitChildren(AbstractParseTreeVisitor.java:46)
	at de.uka.ilkd.key.nparser.KeYParserBaseVisitor.visitDecls(KeYParserBaseVisitor.java:30)
	at de.uka.ilkd.key.nparser.KeYParser$DeclsContext.accept(KeYParser.java:500)
	at org.antlr.v4.runtime.tree.AbstractParseTreeVisitor.visitChildren(AbstractParseTreeVisitor.java:46)
	at de.uka.ilkd.key.nparser.KeYParserBaseVisitor.visitFile(KeYParserBaseVisitor.java:23)
	at de.uka.ilkd.key.nparser.KeYParser$FileContext.accept(KeYParser.java:306)
	at de.uka.ilkd.key.nparser.KeyAst.accept(KeyAst.java:41)
	at de.uka.ilkd.key.nparser.KeyAst$File.getIncludes(KeyAst.java:76)
	at de.uka.ilkd.key.proof.io.KeYFile.readIncludes(KeYFile.java:208)
	... 14 more
Could not find rule file rules/intRulesCheckedSemantics.key (file: /home/runner/work/key/key/key.core/../key.ui/examples/index/../InformationFlow/MiniExamples/mini.MiniExamples(mini.MiniExamples__insecure_p2_1()).JML normal_behavior operation contract.0.key; caused by: de.uka.ilkd.key.proof.init.ProofInputException: Could not find rule file rules/intRulesCheckedSemantics.key)
	at de.uka.ilkd.key.control.AbstractUserInterfaceControl.load(AbstractUserInterfaceControl.java:221)
	at de.uka.ilkd.key.control.KeYEnvironment.load(KeYEnvironment.java:251)
	at de.uka.ilkd.key.control.KeYEnvironment.load(KeYEnvironment.java:224)
	at de.uka.ilkd.key.control.KeYEnvironment.load(KeYEnvironment.java:184)
	at de.uka.ilkd.key.control.KeYEnvironment.load(KeYEnvironment.java:261)
	at de.uka.ilkd.key.proof.runallproofs.proofcollection.TestFile.load(TestFile.java:270)
	at de.uka.ilkd.key.proof.runallproofs.proofcollection.TestFile.runKey(TestFile.java:160)
	at de.uka.ilkd.key.proof.runallproofs.proofcollection.ForkedTestFileRunner.main(ForkedTestFileRunner.java:171)
Caused by: de.uka.ilkd.key.proof.init.ProofInputException: Could not find rule file rules/intRulesCheckedSemantics.key
	at de.uka.ilkd.key.proof.io.KeYFile.readIncludes(KeYFile.java:210)
	at de.uka.ilkd.key.proof.init.ProblemInitializer.readIncludes(ProblemInitializer.java:177)
	at de.uka.ilkd.key.proof.init.ProblemInitializer.readEnvInput(ProblemInitializer.java:325)
	at de.uka.ilkd.key.proof.init.ProblemInitializer.prepare(ProblemInitializer.java:449)
	at de.uka.ilkd.key.proof.io.AbstractProblemLoader.createInitConfig(AbstractProblemLoader.java:518)
	at de.uka.ilkd.key.proof.io.AbstractProblemLoader.loadEnvironment(AbstractProblemLoader.java:288)
	at de.uka.ilkd.key.proof.io.AbstractProblemLoader.load(AbstractProblemLoader.java:252)
	at de.uka.ilkd.key.control.AbstractUserInterfaceControl.load(AbstractUserInterfaceControl.java:209)
	... 7 more
Caused by: java.lang.RuntimeException: Could not find rule file rules/intRulesCheckedSemantics.key
	at de.uka.ilkd.key.proof.io.RuleSourceFactory.fromBuiltInRule(RuleSourceFactory.java:32)
	at de.uka.ilkd.key.proof.io.RuleSourceFactory.fromDefaultLocation(RuleSourceFactory.java:21)
	at de.uka.ilkd.key.nparser.builder.IncludeFinder.addInclude(IncludeFinder.java:63)
	at de.uka.ilkd.key.nparser.builder.IncludeFinder.visitOne_include(IncludeFinder.java:43)
	at de.uka.ilkd.key.nparser.builder.IncludeFinder.visitOne_include(IncludeFinder.java:20)
	at de.uka.ilkd.key.nparser.KeYParser$One_includeContext.accept(KeYParser.java:878)
	at de.uka.ilkd.key.nparser.builder.AbstractBuilder.lambda$mapOf$0(AbstractBuilder.java:112)
	at java.base/java.util.stream.ReferencePipeline$3$1.accept(ReferencePipeline.java:195)
	at java.base/java.util.ArrayList$ArrayListSpliterator.forEachRemaining(ArrayList.java:1655)
	at java.base/java.util.stream.AbstractPipeline.copyInto(AbstractPipeline.java:484)
	at java.base/java.util.stream.AbstractPipeline.wrapAndCopyInto(AbstractPipeline.java:474)
	at java.base/java.util.stream.ReduceOps$ReduceOp.evaluateSequential(ReduceOps.java:913)
	at java.base/java.util.stream.AbstractPipeline.evaluate(AbstractPipeline.java:234)
	at java.base/java.util.stream.ReferencePipeline.collect(ReferencePipeline.java:578)
	at de.uka.ilkd.key.nparser.builder.AbstractBuilder.mapOf(AbstractBuilder.java:112)
	at de.uka.ilkd.key.nparser.builder.IncludeFinder.visitOne_include_statement(IncludeFinder.java:35)
	at de.uka.ilkd.key.nparser.builder.IncludeFinder.visitOne_include_statement(IncludeFinder.java:20)
	at de.uka.ilkd.key.nparser.KeYParser$One_include_statementContext.accept(KeYParser.java:802)
	at org.antlr.v4.runtime.tree.AbstractParseTreeVisitor.visitChildren(AbstractParseTreeVisitor.java:46)
	at de.uka.ilkd.key.nparser.KeYParserBaseVisitor.visitDecls(KeYParserBaseVisitor.java:30)
	at de.uka.ilkd.key.nparser.KeYParser$DeclsContext.accept(KeYParser.java:500)
	at org.antlr.v4.runtime.tree.AbstractParseTreeVisitor.visitChildren(AbstractParseTreeVisitor.java:46)
	at de.uka.ilkd.key.nparser.KeYParserBaseVisitor.visitFile(KeYParserBaseVisitor.java:23)
	at de.uka.ilkd.key.nparser.KeYParser$FileContext.accept(KeYParser.java:306)
	at de.uka.ilkd.key.nparser.KeyAst.accept(KeyAst.java:41)
	at de.uka.ilkd.key.nparser.KeyAst$File.getIncludes(KeyAst.java:76)
	at de.uka.ilkd.key.proof.io.KeYFile.readIncludes(KeYFile.java:208)
	... 14 more
Could not find rule file rules/intRulesCheckedSemantics.key (file: /home/runner/work/key/key/key.core/../key.ui/examples/index/../InformationFlow/MiniExamples/mini.MiniExamples(mini.MiniExamples__secure_p1_6()).JML normal_behavior operation contract.0.key; caused by: de.uka.ilkd.key.proof.init.ProofInputException: Could not find rule file rules/intRulesCheckedSemantics.key)
	at de.uka.ilkd.key.control.AbstractUserInterfaceControl.load(AbstractUserInterfaceControl.java:221)
	at de.uka.ilkd.key.control.KeYEnvironment.load(KeYEnvironment.java:251)
	at de.uka.ilkd.key.control.KeYEnvironment.load(KeYEnvironment.java:224)
	at de.uka.ilkd.key.control.KeYEnvironment.load(KeYEnvironment.java:184)
	at de.uka.ilkd.key.control.KeYEnvironment.load(KeYEnvironment.java:261)
	at de.uka.ilkd.key.proof.runallproofs.proofcollection.TestFile.load(TestFile.java:270)
	at de.uka.ilkd.key.proof.runallproofs.proofcollection.TestFile.runKey(TestFile.java:160)
	at de.uka.ilkd.key.proof.runallproofs.proofcollection.ForkedTestFileRunner.main(ForkedTestFileRunner.java:171)
Caused by: de.uka.ilkd.key.proof.init.ProofInputException: Could not find rule file rules/intRulesCheckedSemantics.key
	at de.uka.ilkd.key.proof.io.KeYFile.readIncludes(KeYFile.java:210)
	at de.uka.ilkd.key.proof.init.ProblemInitializer.readIncludes(ProblemInitializer.java:177)
	at de.uka.ilkd.key.proof.init.ProblemInitializer.readEnvInput(ProblemInitializer.java:325)
	at de.uka.ilkd.key.proof.init.ProblemInitializer.prepare(ProblemInitializer.java:449)
	at de.uka.ilkd.key.proof.io.AbstractProblemLoader.createInitConfig(AbstractProblemLoader.java:518)
	at de.uka.ilkd.key.proof.io.AbstractProblemLoader.loadEnvironment(AbstractProblemLoader.java:288)
	at de.uka.ilkd.key.proof.io.AbstractProblemLoader.load(AbstractProblemLoader.java:252)
	at de.uka.ilkd.key.control.AbstractUserInterfaceControl.load(AbstractUserInterfaceControl.java:209)
	... 7 more
Caused by: java.lang.RuntimeException: Could not find rule file rules/intRulesCheckedSemantics.key
	at de.uka.ilkd.key.proof.io.RuleSourceFactory.fromBuiltInRule(RuleSourceFactory.java:32)
	at de.uka.ilkd.key.proof.io.RuleSourceFactory.fromDefaultLocation(RuleSourceFactory.java:21)
	at de.uka.ilkd.key.nparser.builder.IncludeFinder.addInclude(IncludeFinder.java:63)
	at de.uka.ilkd.key.nparser.builder.IncludeFinder.visitOne_include(IncludeFinder.java:43)
	at de.uka.ilkd.key.nparser.builder.IncludeFinder.visitOne_include(IncludeFinder.java:20)
	at de.uka.ilkd.key.nparser.KeYParser$One_includeContext.accept(KeYParser.java:878)
	at de.uka.ilkd.key.nparser.builder.AbstractBuilder.lambda$mapOf$0(AbstractBuilder.java:112)
	at java.base/java.util.stream.ReferencePipeline$3$1.accept(ReferencePipeline.java:195)
	at java.base/java.util.ArrayList$ArrayListSpliterator.forEachRemaining(ArrayList.java:1655)
	at java.base/java.util.stream.AbstractPipeline.copyInto(AbstractPipeline.java:484)
	at java.base/java.util.stream.AbstractPipeline.wrapAndCopyInto(AbstractPipeline.java:474)
	at java.base/java.util.stream.ReduceOps$ReduceOp.evaluateSequential(ReduceOps.java:913)
	at java.base/java.util.stream.AbstractPipeline.evaluate(AbstractPipeline.java:234)
	at java.base/java.util.stream.ReferencePipeline.collect(ReferencePipeline.java:578)
	at de.uka.ilkd.key.nparser.builder.AbstractBuilder.mapOf(AbstractBuilder.java:112)
	at de.uka.ilkd.key.nparser.builder.IncludeFinder.visitOne_include_statement(IncludeFinder.java:35)
	at de.uka.ilkd.key.nparser.builder.IncludeFinder.visitOne_include_statement(IncludeFinder.java:20)
	at de.uka.ilkd.key.nparser.KeYParser$One_include_statementContext.accept(KeYParser.java:802)
	at org.antlr.v4.runtime.tree.AbstractParseTreeVisitor.visitChildren(AbstractParseTreeVisitor.java:46)
	at de.uka.ilkd.key.nparser.KeYParserBaseVisitor.visitDecls(KeYParserBaseVisitor.java:30)
	at de.uka.ilkd.key.nparser.KeYParser$DeclsContext.accept(KeYParser.java:500)
	at org.antlr.v4.runtime.tree.AbstractParseTreeVisitor.visitChildren(AbstractParseTreeVisitor.java:46)
	at de.uka.ilkd.key.nparser.KeYParserBaseVisitor.visitFile(KeYParserBaseVisitor.java:23)
	at de.uka.ilkd.key.nparser.KeYParser$FileContext.accept(KeYParser.java:306)
	at de.uka.ilkd.key.nparser.KeyAst.accept(KeyAst.java:41)
	at de.uka.ilkd.key.nparser.KeyAst$File.getIncludes(KeyAst.java:76)
	at de.uka.ilkd.key.proof.io.KeYFile.readIncludes(KeYFile.java:208)
	... 14 more
Could not find rule file rules/intRulesCheckedSemantics.key (file: /home/runner/work/key/key/key.core/../key.ui/examples/index/../InformationFlow/MiniExamples/mini.MiniExamples(mini.MiniExamples__secure_p1_5()).JML normal_behavior operation contract.0.key; caused by: de.uka.ilkd.key.proof.init.ProofInputException: Could not find rule file rules/intRulesCheckedSemantics.key)
	at de.uka.ilkd.key.control.AbstractUserInterfaceControl.load(AbstractUserInterfaceControl.java:221)
	at de.uka.ilkd.key.control.KeYEnvironment.load(KeYEnvironment.java:251)
	at de.uka.ilkd.key.control.KeYEnvironment.load(KeYEnvironment.java:224)
	at de.uka.ilkd.key.control.KeYEnvironment.load(KeYEnvironment.java:184)
	at de.uka.ilkd.key.control.KeYEnvironment.load(KeYEnvironment.java:261)
	at de.uka.ilkd.key.proof.runallproofs.proofcollection.TestFile.load(TestFile.java:270)
	at de.uka.ilkd.key.proof.runallproofs.proofcollection.TestFile.runKey(TestFile.java:160)
	at de.uka.ilkd.key.proof.runallproofs.proofcollection.ForkedTestFileRunner.main(ForkedTestFileRunner.java:171)
Caused by: de.uka.ilkd.key.proof.init.ProofInputException: Could not find rule file rules/intRulesCheckedSemantics.key
	at de.uka.ilkd.key.proof.io.KeYFile.readIncludes(KeYFile.java:210)
	at de.uka.ilkd.key.proof.init.ProblemInitializer.readIncludes(ProblemInitializer.java:177)
	at de.uka.ilkd.key.proof.init.ProblemInitializer.readEnvInput(ProblemInitializer.java:325)
	at de.uka.ilkd.key.proof.init.ProblemInitializer.prepare(ProblemInitializer.java:449)
	at de.uka.ilkd.key.proof.io.AbstractProblemLoader.createInitConfig(AbstractProblemLoader.java:518)
	at de.uka.ilkd.key.proof.io.AbstractProblemLoader.loadEnvironment(AbstractProblemLoader.java:288)
	at de.uka.ilkd.key.proof.io.AbstractProblemLoader.load(AbstractProblemLoader.java:252)
	at de.uka.ilkd.key.control.AbstractUserInterfaceControl.load(AbstractUserInterfaceControl.java:209)
	... 7 more
Caused by: java.lang.RuntimeException: Could not find rule file rules/intRulesCheckedSemantics.key
	at de.uka.ilkd.key.proof.io.RuleSourceFactory.fromBuiltInRule(RuleSourceFactory.java:32)
	at de.uka.ilkd.key.proof.io.RuleSourceFactory.fromDefaultLocation(RuleSourceFactory.java:21)
	at de.uka.ilkd.key.nparser.builder.IncludeFinder.addInclude(IncludeFinder.java:63)
	at de.uka.ilkd.key.nparser.builder.IncludeFinder.visitOne_include(IncludeFinder.java:43)
	at de.uka.ilkd.key.nparser.builder.IncludeFinder.visitOne_include(IncludeFinder.java:20)
	at de.uka.ilkd.key.nparser.KeYParser$One_includeContext.accept(KeYParser.java:878)
	at de.uka.ilkd.key.nparser.builder.AbstractBuilder.lambda$mapOf$0(AbstractBuilder.java:112)
	at java.base/java.util.stream.ReferencePipeline$3$1.accept(ReferencePipeline.java:195)
	at java.base/java.util.ArrayList$ArrayListSpliterator.forEachRemaining(ArrayList.java:1655)
	at java.base/java.util.stream.AbstractPipeline.copyInto(AbstractPipeline.java:484)
	at java.base/java.util.stream.AbstractPipeline.wrapAndCopyInto(AbstractPipeline.java:474)
	at java.base/java.util.stream.ReduceOps$ReduceOp.evaluateSequential(ReduceOps.java:913)
	at java.base/java.util.stream.AbstractPipeline.evaluate(AbstractPipeline.java:234)
	at java.base/java.util.stream.ReferencePipeline.collect(ReferencePipeline.java:578)
	at de.uka.ilkd.key.nparser.builder.AbstractBuilder.mapOf(AbstractBuilder.java:112)
	at de.uka.ilkd.key.nparser.builder.IncludeFinder.visitOne_include_statement(IncludeFinder.java:35)
	at de.uka.ilkd.key.nparser.builder.IncludeFinder.visitOne_include_statement(IncludeFinder.java:20)
	at de.uka.ilkd.key.nparser.KeYParser$One_include_statementContext.accept(KeYParser.java:802)
	at org.antlr.v4.runtime.tree.AbstractParseTreeVisitor.visitChildren(AbstractParseTreeVisitor.java:46)
	at de.uka.ilkd.key.nparser.KeYParserBaseVisitor.visitDecls(KeYParserBaseVisitor.java:30)
	at de.uka.ilkd.key.nparser.KeYParser$DeclsContext.accept(KeYParser.java:500)
	at org.antlr.v4.runtime.tree.AbstractParseTreeVisitor.visitChildren(AbstractParseTreeVisitor.java:46)
	at de.uka.ilkd.key.nparser.KeYParserBaseVisitor.visitFile(KeYParserBaseVisitor.java:23)
	at de.uka.ilkd.key.nparser.KeYParser$FileContext.accept(KeYParser.java:306)
	at de.uka.ilkd.key.nparser.KeyAst.accept(KeyAst.java:41)
	at de.uka.ilkd.key.nparser.KeyAst$File.getIncludes(KeyAst.java:76)
	at de.uka.ilkd.key.proof.io.KeYFile.readIncludes(KeYFile.java:208)
	... 14 more
Could not find rule file rules/intRulesCheckedSemantics.key (file: /home/runner/work/key/key/key.core/../key.ui/examples/index/../InformationFlow/MiniExamples/mini.MiniExamples(mini.MiniExamples__secure_p1_4()).JML normal_behavior operation contract.0.key; caused by: de.uka.ilkd.key.proof.init.ProofInputException: Could not find rule file rules/intRulesCheckedSemantics.key)
	at de.uka.ilkd.key.control.AbstractUserInterfaceControl.load(AbstractUserInterfaceControl.java:221)
	at de.uka.ilkd.key.control.KeYEnvironment.load(KeYEnvironment.java:251)
	at de.uka.ilkd.key.control.KeYEnvironment.load(KeYEnvironment.java:224)
	at de.uka.ilkd.key.control.KeYEnvironment.load(KeYEnvironment.java:184)
	at de.uka.ilkd.key.control.KeYEnvironment.load(KeYEnvironment.java:261)
	at de.uka.ilkd.key.proof.runallproofs.proofcollection.TestFile.load(TestFile.java:270)
	at de.uka.ilkd.key.proof.runallproofs.proofcollection.TestFile.runKey(TestFile.java:160)
	at de.uka.ilkd.key.proof.runallproofs.proofcollection.ForkedTestFileRunner.main(ForkedTestFileRunner.java:171)
Caused by: de.uka.ilkd.key.proof.init.ProofInputException: Could not find rule file rules/intRulesCheckedSemantics.key
	at de.uka.ilkd.key.proof.io.KeYFile.readIncludes(KeYFile.java:210)
	at de.uka.ilkd.key.proof.init.ProblemInitializer.readIncludes(ProblemInitializer.java:177)
	at de.uka.ilkd.key.proof.init.ProblemInitializer.readEnvInput(ProblemInitializer.java:325)
	at de.uka.ilkd.key.proof.init.ProblemInitializer.prepare(ProblemInitializer.java:449)
	at de.uka.ilkd.key.proof.io.AbstractProblemLoader.createInitConfig(AbstractProblemLoader.java:518)
	at de.uka.ilkd.key.proof.io.AbstractProblemLoader.loadEnvironment(AbstractProblemLoader.java:288)
	at de.uka.ilkd.key.proof.io.AbstractProblemLoader.load(AbstractProblemLoader.java:252)
	at de.uka.ilkd.key.control.AbstractUserInterfaceControl.load(AbstractUserInterfaceControl.java:209)
	... 7 more
Caused by: java.lang.RuntimeException: Could not find rule file rules/intRulesCheckedSemantics.key
	at de.uka.ilkd.key.proof.io.RuleSourceFactory.fromBuiltInRule(RuleSourceFactory.java:32)
	at de.uka.ilkd.key.proof.io.RuleSourceFactory.fromDefaultLocation(RuleSourceFactory.java:21)
	at de.uka.ilkd.key.nparser.builder.IncludeFinder.addInclude(IncludeFinder.java:63)
	at de.uka.ilkd.key.nparser.builder.IncludeFinder.visitOne_include(IncludeFinder.java:43)
	at de.uka.ilkd.key.nparser.builder.IncludeFinder.visitOne_include(IncludeFinder.java:20)
	at de.uka.ilkd.key.nparser.KeYParser$One_includeContext.accept(KeYParser.java:878)
	at de.uka.ilkd.key.nparser.builder.AbstractBuilder.lambda$mapOf$0(AbstractBuilder.java:112)
	at java.base/java.util.stream.ReferencePipeline$3$1.accept(ReferencePipeline.java:195)
	at java.base/java.util.ArrayList$ArrayListSpliterator.forEachRemaining(ArrayList.java:1655)
	at java.base/java.util.stream.AbstractPipeline.copyInto(AbstractPipeline.java:484)
	at java.base/java.util.stream.AbstractPipeline.wrapAndCopyInto(AbstractPipeline.java:474)
	at java.base/java.util.stream.ReduceOps$ReduceOp.evaluateSequential(ReduceOps.java:913)
	at java.base/java.util.stream.AbstractPipeline.evaluate(AbstractPipeline.java:234)
	at java.base/java.util.stream.ReferencePipeline.collect(ReferencePipeline.java:578)
	at de.uka.ilkd.key.nparser.builder.AbstractBuilder.mapOf(AbstractBuilder.java:112)
	at de.uka.ilkd.key.nparser.builder.IncludeFinder.visitOne_include_statement(IncludeFinder.java:35)
	at de.uka.ilkd.key.nparser.builder.IncludeFinder.visitOne_include_statement(IncludeFinder.java:20)
	at de.uka.ilkd.key.nparser.KeYParser$One_include_statementContext.accept(KeYParser.java:802)
	at org.antlr.v4.runtime.tree.AbstractParseTreeVisitor.visitChildren(AbstractParseTreeVisitor.java:46)
	at de.uka.ilkd.key.nparser.KeYParserBaseVisitor.visitDecls(KeYParserBaseVisitor.java:30)
	at de.uka.ilkd.key.nparser.KeYParser$DeclsContext.accept(KeYParser.java:500)
	at org.antlr.v4.runtime.tree.AbstractParseTreeVisitor.visitChildren(AbstractParseTreeVisitor.java:46)
	at de.uka.ilkd.key.nparser.KeYParserBaseVisitor.visitFile(KeYParserBaseVisitor.java:23)
	at de.uka.ilkd.key.nparser.KeYParser$FileContext.accept(KeYParser.java:306)
	at de.uka.ilkd.key.nparser.KeyAst.accept(KeyAst.java:41)
	at de.uka.ilkd.key.nparser.KeyAst$File.getIncludes(KeyAst.java:76)
	at de.uka.ilkd.key.proof.io.KeYFile.readIncludes(KeYFile.java:208)
	... 14 more
Could not find rule file rules/intRulesCheckedSemantics.key (file: /home/runner/work/key/key/key.core/../key.ui/examples/index/../InformationFlow/MiniExamples/mini.MiniExamples(mini.MiniExamples__secure_p1_3()).JML normal_behavior operation contract.0.key; caused by: de.uka.ilkd.key.proof.init.ProofInputException: Could not find rule file rules/intRulesCheckedSemantics.key)
	at de.uka.ilkd.key.control.AbstractUserInterfaceControl.load(AbstractUserInterfaceControl.java:221)
	at de.uka.ilkd.key.control.KeYEnvironment.load(KeYEnvironment.java:251)
	at de.uka.ilkd.key.control.KeYEnvironment.load(KeYEnvironment.java:224)
	at de.uka.ilkd.key.control.KeYEnvironment.load(KeYEnvironment.java:184)
	at de.uka.ilkd.key.control.KeYEnvironment.load(KeYEnvironment.java:261)
	at de.uka.ilkd.key.proof.runallproofs.proofcollection.TestFile.load(TestFile.java:270)
	at de.uka.ilkd.key.proof.runallproofs.proofcollection.TestFile.runKey(TestFile.java:160)
	at de.uka.ilkd.key.proof.runallproofs.proofcollection.ForkedTestFileRunner.main(ForkedTestFileRunner.java:171)
Caused by: de.uka.ilkd.key.proof.init.ProofInputException: Could not find rule file rules/intRulesCheckedSemantics.key
	at de.uka.ilkd.key.proof.io.KeYFile.readIncludes(KeYFile.java:210)
	at de.uka.ilkd.key.proof.init.ProblemInitializer.readIncludes(ProblemInitializer.java:177)
	at de.uka.ilkd.key.proof.init.ProblemInitializer.readEnvInput(ProblemInitializer.java:325)
	at de.uka.ilkd.key.proof.init.ProblemInitializer.prepare(ProblemInitializer.java:449)
	at de.uka.ilkd.key.proof.io.AbstractProblemLoader.createInitConfig(AbstractProblemLoader.java:518)
	at de.uka.ilkd.key.proof.io.AbstractProblemLoader.loadEnvironment(AbstractProblemLoader.java:288)
	at de.uka.ilkd.key.proof.io.AbstractProblemLoader.load(AbstractProblemLoader.java:252)
	at de.uka.ilkd.key.control.AbstractUserInterfaceControl.load(AbstractUserInterfaceControl.java:209)
	... 7 more
Caused by: java.lang.RuntimeException: Could not find rule file rules/intRulesCheckedSemantics.key
	at de.uka.ilkd.key.proof.io.RuleSourceFactory.fromBuiltInRule(RuleSourceFactory.java:32)
	at de.uka.ilkd.key.proof.io.RuleSourceFactory.fromDefaultLocation(RuleSourceFactory.java:21)
	at de.uka.ilkd.key.nparser.builder.IncludeFinder.addInclude(IncludeFinder.java:63)
	at de.uka.ilkd.key.nparser.builder.IncludeFinder.visitOne_include(IncludeFinder.java:43)
	at de.uka.ilkd.key.nparser.builder.IncludeFinder.visitOne_include(IncludeFinder.java:20)
	at de.uka.ilkd.key.nparser.KeYParser$One_includeContext.accept(KeYParser.java:878)
	at de.uka.ilkd.key.nparser.builder.AbstractBuilder.lambda$mapOf$0(AbstractBuilder.java:112)
	at java.base/java.util.stream.ReferencePipeline$3$1.accept(ReferencePipeline.java:195)
	at java.base/java.util.ArrayList$ArrayListSpliterator.forEachRemaining(ArrayList.java:1655)
	at java.base/java.util.stream.AbstractPipeline.copyInto(AbstractPipeline.java:484)
	at java.base/java.util.stream.AbstractPipeline.wrapAndCopyInto(AbstractPipeline.java:474)
	at java.base/java.util.stream.ReduceOps$ReduceOp.evaluateSequential(ReduceOps.java:913)
	at java.base/java.util.stream.AbstractPipeline.evaluate(AbstractPipeline.java:234)
	at java.base/java.util.stream.ReferencePipeline.collect(ReferencePipeline.java:578)
	at de.uka.ilkd.key.nparser.builder.AbstractBuilder.mapOf(AbstractBuilder.java:112)
	at de.uka.ilkd.key.nparser.builder.IncludeFinder.visitOne_include_statement(IncludeFinder.java:35)
	at de.uka.ilkd.key.nparser.builder.IncludeFinder.visitOne_include_statement(IncludeFinder.java:20)
	at de.uka.ilkd.key.nparser.KeYParser$One_include_statementContext.accept(KeYParser.java:802)
	at org.antlr.v4.runtime.tree.AbstractParseTreeVisitor.visitChildren(AbstractParseTreeVisitor.java:46)
	at de.uka.ilkd.key.nparser.KeYParserBaseVisitor.visitDecls(KeYParserBaseVisitor.java:30)
	at de.uka.ilkd.key.nparser.KeYParser$DeclsContext.accept(KeYParser.java:500)
	at org.antlr.v4.runtime.tree.AbstractParseTreeVisitor.visitChildren(AbstractParseTreeVisitor.java:46)
	at de.uka.ilkd.key.nparser.KeYParserBaseVisitor.visitFile(KeYParserBaseVisitor.java:23)
	at de.uka.ilkd.key.nparser.KeYParser$FileContext.accept(KeYParser.java:306)
	at de.uka.ilkd.key.nparser.KeyAst.accept(KeyAst.java:41)
	at de.uka.ilkd.key.nparser.KeyAst$File.getIncludes(KeyAst.java:76)
	at de.uka.ilkd.key.proof.io.KeYFile.readIncludes(KeYFile.java:208)
	... 14 more
Could not find rule file rules/intRulesCheckedSemantics.key (file: /home/runner/work/key/key/key.core/../key.ui/examples/index/../InformationFlow/MiniExamples/mini.MiniExamples(mini.MiniExamples__secure_p1_2()).JML normal_behavior operation contract.0.key; caused by: de.uka.ilkd.key.proof.init.ProofInputException: Could not find rule file rules/intRulesCheckedSemantics.key)
	at de.uka.ilkd.key.control.AbstractUserInterfaceControl.load(AbstractUserInterfaceControl.java:221)
	at de.uka.ilkd.key.control.KeYEnvironment.load(KeYEnvironment.java:251)
	at de.uka.ilkd.key.control.KeYEnvironment.load(KeYEnvironment.java:224)
	at de.uka.ilkd.key.control.KeYEnvironment.load(KeYEnvironment.java:184)
	at de.uka.ilkd.key.control.KeYEnvironment.load(KeYEnvironment.java:261)
	at de.uka.ilkd.key.proof.runallproofs.proofcollection.TestFile.load(TestFile.java:270)
	at de.uka.ilkd.key.proof.runallproofs.proofcollection.TestFile.runKey(TestFile.java:160)
	at de.uka.ilkd.key.proof.runallproofs.proofcollection.ForkedTestFileRunner.main(ForkedTestFileRunner.java:171)
Caused by: de.uka.ilkd.key.proof.init.ProofInputException: Could not find rule file rules/intRulesCheckedSemantics.key
	at de.uka.ilkd.key.proof.io.KeYFile.readIncludes(KeYFile.java:210)
	at de.uka.ilkd.key.proof.init.ProblemInitializer.readIncludes(ProblemInitializer.java:177)
	at de.uka.ilkd.key.proof.init.ProblemInitializer.readEnvInput(ProblemInitializer.java:325)
	at de.uka.ilkd.key.proof.init.ProblemInitializer.prepare(ProblemInitializer.java:449)
	at de.uka.ilkd.key.proof.io.AbstractProblemLoader.createInitConfig(AbstractProblemLoader.java:518)
	at de.uka.ilkd.key.proof.io.AbstractProblemLoader.loadEnvironment(AbstractProblemLoader.java:288)
	at de.uka.ilkd.key.proof.io.AbstractProblemLoader.load(AbstractProblemLoader.java:252)
	at de.uka.ilkd.key.control.AbstractUserInterfaceControl.load(AbstractUserInterfaceControl.java:209)
	... 7 more
Caused by: java.lang.RuntimeException: Could not find rule file rules/intRulesCheckedSemantics.key
	at de.uka.ilkd.key.proof.io.RuleSourceFactory.fromBuiltInRule(RuleSourceFactory.java:32)
	at de.uka.ilkd.key.proof.io.RuleSourceFactory.fromDefaultLocation(RuleSourceFactory.java:21)
	at de.uka.ilkd.key.nparser.builder.IncludeFinder.addInclude(IncludeFinder.java:63)
	at de.uka.ilkd.key.nparser.builder.IncludeFinder.visitOne_include(IncludeFinder.java:43)
	at de.uka.ilkd.key.nparser.builder.IncludeFinder.visitOne_include(IncludeFinder.java:20)
	at de.uka.ilkd.key.nparser.KeYParser$One_includeContext.accept(KeYParser.java:878)
	at de.uka.ilkd.key.nparser.builder.AbstractBuilder.lambda$mapOf$0(AbstractBuilder.java:112)
	at java.base/java.util.stream.ReferencePipeline$3$1.accept(ReferencePipeline.java:195)
	at java.base/java.util.ArrayList$ArrayListSpliterator.forEachRemaining(ArrayList.java:1655)
	at java.base/java.util.stream.AbstractPipeline.copyInto(AbstractPipeline.java:484)
	at java.base/java.util.stream.AbstractPipeline.wrapAndCopyInto(AbstractPipeline.java:474)
	at java.base/java.util.stream.ReduceOps$ReduceOp.evaluateSequential(ReduceOps.java:913)
	at java.base/java.util.stream.AbstractPipeline.evaluate(AbstractPipeline.java:234)
	at java.base/java.util.stream.ReferencePipeline.collect(ReferencePipeline.java:578)
	at de.uka.ilkd.key.nparser.builder.AbstractBuilder.mapOf(AbstractBuilder.java:112)
	at de.uka.ilkd.key.nparser.builder.IncludeFinder.visitOne_include_statement(IncludeFinder.java:35)
	at de.uka.ilkd.key.nparser.builder.IncludeFinder.visitOne_include_statement(IncludeFinder.java:20)
	at de.uka.ilkd.key.nparser.KeYParser$One_include_statementContext.accept(KeYParser.java:802)
	at org.antlr.v4.runtime.tree.AbstractParseTreeVisitor.visitChildren(AbstractParseTreeVisitor.java:46)
	at de.uka.ilkd.key.nparser.KeYParserBaseVisitor.visitDecls(KeYParserBaseVisitor.java:30)
	at de.uka.ilkd.key.nparser.KeYParser$DeclsContext.accept(KeYParser.java:500)
	at org.antlr.v4.runtime.tree.AbstractParseTreeVisitor.visitChildren(AbstractParseTreeVisitor.java:46)
	at de.uka.ilkd.key.nparser.KeYParserBaseVisitor.visitFile(KeYParserBaseVisitor.java:23)
	at de.uka.ilkd.key.nparser.KeYParser$FileContext.accept(KeYParser.java:306)
	at de.uka.ilkd.key.nparser.KeyAst.accept(KeyAst.java:41)
	at de.uka.ilkd.key.nparser.KeyAst$File.getIncludes(KeyAst.java:76)
	at de.uka.ilkd.key.proof.io.KeYFile.readIncludes(KeYFile.java:208)
	... 14 more
Could not find rule file rules/intRulesCheckedSemantics.key (file: /home/runner/work/key/key/key.core/../key.ui/examples/index/../InformationFlow/MiniExamples/mini.MiniExamples(mini.MiniExamples__secure_p1_1()).JML normal_behavior operation contract.1.key; caused by: de.uka.ilkd.key.proof.init.ProofInputException: Could not find rule file rules/intRulesCheckedSemantics.key)
	at de.uka.ilkd.key.control.AbstractUserInterfaceControl.load(AbstractUserInterfaceControl.java:221)
	at de.uka.ilkd.key.control.KeYEnvironment.load(KeYEnvironment.java:251)
	at de.uka.ilkd.key.control.KeYEnvironment.load(KeYEnvironment.java:224)
	at de.uka.ilkd.key.control.KeYEnvironment.load(KeYEnvironment.java:184)
	at de.uka.ilkd.key.control.KeYEnvironment.load(KeYEnvironment.java:261)
	at de.uka.ilkd.key.proof.runallproofs.proofcollection.TestFile.load(TestFile.java:270)
	at de.uka.ilkd.key.proof.runallproofs.proofcollection.TestFile.runKey(TestFile.java:160)
	at de.uka.ilkd.key.proof.runallproofs.proofcollection.ForkedTestFileRunner.main(ForkedTestFileRunner.java:171)
Caused by: de.uka.ilkd.key.proof.init.ProofInputException: Could not find rule file rules/intRulesCheckedSemantics.key
	at de.uka.ilkd.key.proof.io.KeYFile.readIncludes(KeYFile.java:210)
	at de.uka.ilkd.key.proof.init.ProblemInitializer.readIncludes(ProblemInitializer.java:177)
	at de.uka.ilkd.key.proof.init.ProblemInitializer.readEnvInput(ProblemInitializer.java:325)
	at de.uka.ilkd.key.proof.init.ProblemInitializer.prepare(ProblemInitializer.java:449)
	at de.uka.ilkd.key.proof.io.AbstractProblemLoader.createInitConfig(AbstractProblemLoader.java:518)
	at de.uka.ilkd.key.proof.io.AbstractProblemLoader.loadEnvironment(AbstractProblemLoader.java:288)
	at de.uka.ilkd.key.proof.io.AbstractProblemLoader.load(AbstractProblemLoader.java:252)
	at de.uka.ilkd.key.control.AbstractUserInterfaceControl.load(AbstractUserInterfaceControl.java:209)
	... 7 more
Caused by: java.lang.RuntimeException: Could not find rule file rules/intRulesCheckedSemantics.key
	at de.uka.ilkd.key.proof.io.RuleSourceFactory.fromBuiltInRule(RuleSourceFactory.java:32)
	at de.uka.ilkd.key.proof.io.RuleSourceFactory.fromDefaultLocation(RuleSourceFactory.java:21)
	at de.uka.ilkd.key.nparser.builder.IncludeFinder.addInclude(IncludeFinder.java:63)
	at de.uka.ilkd.key.nparser.builder.IncludeFinder.visitOne_include(IncludeFinder.java:43)
	at de.uka.ilkd.key.nparser.builder.IncludeFinder.visitOne_include(IncludeFinder.java:20)
	at de.uka.ilkd.key.nparser.KeYParser$One_includeContext.accept(KeYParser.java:878)
	at de.uka.ilkd.key.nparser.builder.AbstractBuilder.lambda$mapOf$0(AbstractBuilder.java:112)
	at java.base/java.util.stream.ReferencePipeline$3$1.accept(ReferencePipeline.java:195)
	at java.base/java.util.ArrayList$ArrayListSpliterator.forEachRemaining(ArrayList.java:1655)
	at java.base/java.util.stream.AbstractPipeline.copyInto(AbstractPipeline.java:484)
	at java.base/java.util.stream.AbstractPipeline.wrapAndCopyInto(AbstractPipeline.java:474)
	at java.base/java.util.stream.ReduceOps$ReduceOp.evaluateSequential(ReduceOps.java:913)
	at java.base/java.util.stream.AbstractPipeline.evaluate(AbstractPipeline.java:234)
	at java.base/java.util.stream.ReferencePipeline.collect(ReferencePipeline.java:578)
	at de.uka.ilkd.key.nparser.builder.AbstractBuilder.mapOf(AbstractBuilder.java:112)
	at de.uka.ilkd.key.nparser.builder.IncludeFinder.visitOne_include_statement(IncludeFinder.java:35)
	at de.uka.ilkd.key.nparser.builder.IncludeFinder.visitOne_include_statement(IncludeFinder.java:20)
	at de.uka.ilkd.key.nparser.KeYParser$One_include_statementContext.accept(KeYParser.java:802)
	at org.antlr.v4.runtime.tree.AbstractParseTreeVisitor.visitChildren(AbstractParseTreeVisitor.java:46)
	at de.uka.ilkd.key.nparser.KeYParserBaseVisitor.visitDecls(KeYParserBaseVisitor.java:30)
	at de.uka.ilkd.key.nparser.KeYParser$DeclsContext.accept(KeYParser.java:500)
	at org.antlr.v4.runtime.tree.AbstractParseTreeVisitor.visitChildren(AbstractParseTreeVisitor.java:46)
	at de.uka.ilkd.key.nparser.KeYParserBaseVisitor.visitFile(KeYParserBaseVisitor.java:23)
	at de.uka.ilkd.key.nparser.KeYParser$FileContext.accept(KeYParser.java:306)
	at de.uka.ilkd.key.nparser.KeyAst.accept(KeyAst.java:41)
	at de.uka.ilkd.key.nparser.KeyAst$File.getIncludes(KeyAst.java:76)
	at de.uka.ilkd.key.proof.io.KeYFile.readIncludes(KeYFile.java:208)
	... 14 more
Could not find rule file rules/intRulesCheckedSemantics.key (file: /home/runner/work/key/key/key.core/../key.ui/examples/index/../InformationFlow/MiniExamples/mini.MiniExamples(mini.MiniExamples__secure_p1_1()).JML normal_behavior operation contract.0.key; caused by: de.uka.ilkd.key.proof.init.ProofInputException: Could not find rule file rules/intRulesCheckedSemantics.key)
	at de.uka.ilkd.key.control.AbstractUserInterfaceControl.load(AbstractUserInterfaceControl.java:221)
	at de.uka.ilkd.key.control.KeYEnvironment.load(KeYEnvironment.java:251)
	at de.uka.ilkd.key.control.KeYEnvironment.load(KeYEnvironment.java:224)
	at de.uka.ilkd.key.control.KeYEnvironment.load(KeYEnvironment.java:184)
	at de.uka.ilkd.key.control.KeYEnvironment.load(KeYEnvironment.java:261)
	at de.uka.ilkd.key.proof.runallproofs.proofcollection.TestFile.load(TestFile.java:270)
	at de.uka.ilkd.key.proof.runallproofs.proofcollection.TestFile.runKey(TestFile.java:160)
	at de.uka.ilkd.key.proof.runallproofs.proofcollection.ForkedTestFileRunner.main(ForkedTestFileRunner.java:171)
Caused by: de.uka.ilkd.key.proof.init.ProofInputException: Could not find rule file rules/intRulesCheckedSemantics.key
	at de.uka.ilkd.key.proof.io.KeYFile.readIncludes(KeYFile.java:210)
	at de.uka.ilkd.key.proof.init.ProblemInitializer.readIncludes(ProblemInitializer.java:177)
	at de.uka.ilkd.key.proof.init.ProblemInitializer.readEnvInput(ProblemInitializer.java:325)
	at de.uka.ilkd.key.proof.init.ProblemInitializer.prepare(ProblemInitializer.java:449)
	at de.uka.ilkd.key.proof.io.AbstractProblemLoader.createInitConfig(AbstractProblemLoader.java:518)
	at de.uka.ilkd.key.proof.io.AbstractProblemLoader.loadEnvironment(AbstractProblemLoader.java:288)
	at de.uka.ilkd.key.proof.io.AbstractProblemLoader.load(AbstractProblemLoader.java:252)
	at de.uka.ilkd.key.control.AbstractUserInterfaceControl.load(AbstractUserInterfaceControl.java:209)
	... 7 more
Caused by: java.lang.RuntimeException: Could not find rule file rules/intRulesCheckedSemantics.key
	at de.uka.ilkd.key.proof.io.RuleSourceFactory.fromBuiltInRule(RuleSourceFactory.java:32)
	at de.uka.ilkd.key.proof.io.RuleSourceFactory.fromDefaultLocation(RuleSourceFactory.java:21)
	at de.uka.ilkd.key.nparser.builder.IncludeFinder.addInclude(IncludeFinder.java:63)
	at de.uka.ilkd.key.nparser.builder.IncludeFinder.visitOne_include(IncludeFinder.java:43)
	at de.uka.ilkd.key.nparser.builder.IncludeFinder.visitOne_include(IncludeFinder.java:20)
	at de.uka.ilkd.key.nparser.KeYParser$One_includeContext.accept(KeYParser.java:878)
	at de.uka.ilkd.key.nparser.builder.AbstractBuilder.lambda$mapOf$0(AbstractBuilder.java:112)
	at java.base/java.util.stream.ReferencePipeline$3$1.accept(ReferencePipeline.java:195)
	at java.base/java.util.ArrayList$ArrayListSpliterator.forEachRemaining(ArrayList.java:1655)
	at java.base/java.util.stream.AbstractPipeline.copyInto(AbstractPipeline.java:484)
	at java.base/java.util.stream.AbstractPipeline.wrapAndCopyInto(AbstractPipeline.java:474)
	at java.base/java.util.stream.ReduceOps$ReduceOp.evaluateSequential(ReduceOps.java:913)
	at java.base/java.util.stream.AbstractPipeline.evaluate(AbstractPipeline.java:234)
	at java.base/java.util.stream.ReferencePipeline.collect(ReferencePipeline.java:578)
	at de.uka.ilkd.key.nparser.builder.AbstractBuilder.mapOf(AbstractBuilder.java:112)
	at de.uka.ilkd.key.nparser.builder.IncludeFinder.visitOne_include_statement(IncludeFinder.java:35)
	at de.uka.ilkd.key.nparser.builder.IncludeFinder.visitOne_include_statement(IncludeFinder.java:20)
	at de.uka.ilkd.key.nparser.KeYParser$One_include_statementContext.accept(KeYParser.java:802)
	at org.antlr.v4.runtime.tree.AbstractParseTreeVisitor.visitChildren(AbstractParseTreeVisitor.java:46)
	at de.uka.ilkd.key.nparser.KeYParserBaseVisitor.visitDecls(KeYParserBaseVisitor.java:30)
	at de.uka.ilkd.key.nparser.KeYParser$DeclsContext.accept(KeYParser.java:500)
	at org.antlr.v4.runtime.tree.AbstractParseTreeVisitor.visitChildren(AbstractParseTreeVisitor.java:46)
	at de.uka.ilkd.key.nparser.KeYParserBaseVisitor.visitFile(KeYParserBaseVisitor.java:23)
	at de.uka.ilkd.key.nparser.KeYParser$FileContext.accept(KeYParser.java:306)
	at de.uka.ilkd.key.nparser.KeyAst.accept(KeyAst.java:41)
	at de.uka.ilkd.key.nparser.KeyAst$File.getIncludes(KeyAst.java:76)
	at de.uka.ilkd.key.proof.io.KeYFile.readIncludes(KeYFile.java:208)
	... 14 more
Could not find rule file rules/intRulesCheckedSemantics.key (file: /home/runner/work/key/key/key.core/../key.ui/examples/index/../InformationFlow/MiniExamples/mini.MiniExamples(mini.MiniExamples__insecure_p1_2()).JML normal_behavior operation contract.0.key; caused by: de.uka.ilkd.key.proof.init.ProofInputException: Could not find rule file rules/intRulesCheckedSemantics.key)
	at de.uka.ilkd.key.control.AbstractUserInterfaceControl.load(AbstractUserInterfaceControl.java:221)
	at de.uka.ilkd.key.control.KeYEnvironment.load(KeYEnvironment.java:251)
	at de.uka.ilkd.key.control.KeYEnvironment.load(KeYEnvironment.java:224)
	at de.uka.ilkd.key.control.KeYEnvironment.load(KeYEnvironment.java:184)
	at de.uka.ilkd.key.control.KeYEnvironment.load(KeYEnvironment.java:261)
	at de.uka.ilkd.key.proof.runallproofs.proofcollection.TestFile.load(TestFile.java:270)
	at de.uka.ilkd.key.proof.runallproofs.proofcollection.TestFile.runKey(TestFile.java:160)
	at de.uka.ilkd.key.proof.runallproofs.proofcollection.ForkedTestFileRunner.main(ForkedTestFileRunner.java:171)
Caused by: de.uka.ilkd.key.proof.init.ProofInputException: Could not find rule file rules/intRulesCheckedSemantics.key
	at de.uka.ilkd.key.proof.io.KeYFile.readIncludes(KeYFile.java:210)
	at de.uka.ilkd.key.proof.init.ProblemInitializer.readIncludes(ProblemInitializer.java:177)
	at de.uka.ilkd.key.proof.init.ProblemInitializer.readEnvInput(ProblemInitializer.java:325)
	at de.uka.ilkd.key.proof.init.ProblemInitializer.prepare(ProblemInitializer.java:449)
	at de.uka.ilkd.key.proof.io.AbstractProblemLoader.createInitConfig(AbstractProblemLoader.java:518)
	at de.uka.ilkd.key.proof.io.AbstractProblemLoader.loadEnvironment(AbstractProblemLoader.java:288)
	at de.uka.ilkd.key.proof.io.AbstractProblemLoader.load(AbstractProblemLoader.java:252)
	at de.uka.ilkd.key.control.AbstractUserInterfaceControl.load(AbstractUserInterfaceControl.java:209)
	... 7 more
Caused by: java.lang.RuntimeException: Could not find rule file rules/intRulesCheckedSemantics.key
	at de.uka.ilkd.key.proof.io.RuleSourceFactory.fromBuiltInRule(RuleSourceFactory.java:32)
	at de.uka.ilkd.key.proof.io.RuleSourceFactory.fromDefaultLocation(RuleSourceFactory.java:21)
	at de.uka.ilkd.key.nparser.builder.IncludeFinder.addInclude(IncludeFinder.java:63)
	at de.uka.ilkd.key.nparser.builder.IncludeFinder.visitOne_include(IncludeFinder.java:43)
	at de.uka.ilkd.key.nparser.builder.IncludeFinder.visitOne_include(IncludeFinder.java:20)
	at de.uka.ilkd.key.nparser.KeYParser$One_includeContext.accept(KeYParser.java:878)
	at de.uka.ilkd.key.nparser.builder.AbstractBuilder.lambda$mapOf$0(AbstractBuilder.java:112)
	at java.base/java.util.stream.ReferencePipeline$3$1.accept(ReferencePipeline.java:195)
	at java.base/java.util.ArrayList$ArrayListSpliterator.forEachRemaining(ArrayList.java:1655)
	at java.base/java.util.stream.AbstractPipeline.copyInto(AbstractPipeline.java:484)
	at java.base/java.util.stream.AbstractPipeline.wrapAndCopyInto(AbstractPipeline.java:474)
	at java.base/java.util.stream.ReduceOps$ReduceOp.evaluateSequential(ReduceOps.java:913)
	at java.base/java.util.stream.AbstractPipeline.evaluate(AbstractPipeline.java:234)
	at java.base/java.util.stream.ReferencePipeline.collect(ReferencePipeline.java:578)
	at de.uka.ilkd.key.nparser.builder.AbstractBuilder.mapOf(AbstractBuilder.java:112)
	at de.uka.ilkd.key.nparser.builder.IncludeFinder.visitOne_include_statement(IncludeFinder.java:35)
	at de.uka.ilkd.key.nparser.builder.IncludeFinder.visitOne_include_statement(IncludeFinder.java:20)
	at de.uka.ilkd.key.nparser.KeYParser$One_include_statementContext.accept(KeYParser.java:802)
	at org.antlr.v4.runtime.tree.AbstractParseTreeVisitor.visitChildren(AbstractParseTreeVisitor.java:46)
	at de.uka.ilkd.key.nparser.KeYParserBaseVisitor.visitDecls(KeYParserBaseVisitor.java:30)
	at de.uka.ilkd.key.nparser.KeYParser$DeclsContext.accept(KeYParser.java:500)
	at org.antlr.v4.runtime.tree.AbstractParseTreeVisitor.visitChildren(AbstractParseTreeVisitor.java:46)
	at de.uka.ilkd.key.nparser.KeYParserBaseVisitor.visitFile(KeYParserBaseVisitor.java:23)
	at de.uka.ilkd.key.nparser.KeYParser$FileContext.accept(KeYParser.java:306)
	at de.uka.ilkd.key.nparser.KeyAst.accept(KeyAst.java:41)
	at de.uka.ilkd.key.nparser.KeyAst$File.getIncludes(KeyAst.java:76)
	at de.uka.ilkd.key.proof.io.KeYFile.readIncludes(KeYFile.java:208)
	... 14 more
Could not find rule file rules/intRulesCheckedSemantics.key (file: /home/runner/work/key/key/key.core/../key.ui/examples/index/../InformationFlow/MiniExamples/mini.MiniExamples(mini.MiniExamples__insecure_p1_1()).JML normal_behavior operation contract.0.key; caused by: de.uka.ilkd.key.proof.init.ProofInputException: Could not find rule file rules/intRulesCheckedSemantics.key)
	at de.uka.ilkd.key.control.AbstractUserInterfaceControl.load(AbstractUserInterfaceControl.java:221)
	at de.uka.ilkd.key.control.KeYEnvironment.load(KeYEnvironment.java:251)
	at de.uka.ilkd.key.control.KeYEnvironment.load(KeYEnvironment.java:224)
	at de.uka.ilkd.key.control.KeYEnvironment.load(KeYEnvironment.java:184)
	at de.uka.ilkd.key.control.KeYEnvironment.load(KeYEnvironment.java:261)
	at de.uka.ilkd.key.proof.runallproofs.proofcollection.TestFile.load(TestFile.java:270)
	at de.uka.ilkd.key.proof.runallproofs.proofcollection.TestFile.runKey(TestFile.java:160)
	at de.uka.ilkd.key.proof.runallproofs.proofcollection.ForkedTestFileRunner.main(ForkedTestFileRunner.java:171)
Caused by: de.uka.ilkd.key.proof.init.ProofInputException: Could not find rule file rules/intRulesCheckedSemantics.key
	at de.uka.ilkd.key.proof.io.KeYFile.readIncludes(KeYFile.java:210)
	at de.uka.ilkd.key.proof.init.ProblemInitializer.readIncludes(ProblemInitializer.java:177)
	at de.uka.ilkd.key.proof.init.ProblemInitializer.readEnvInput(ProblemInitializer.java:325)
	at de.uka.ilkd.key.proof.init.ProblemInitializer.prepare(ProblemInitializer.java:449)
	at de.uka.ilkd.key.proof.io.AbstractProblemLoader.createInitConfig(AbstractProblemLoader.java:518)
	at de.uka.ilkd.key.proof.io.AbstractProblemLoader.loadEnvironment(AbstractProblemLoader.java:288)
	at de.uka.ilkd.key.proof.io.AbstractProblemLoader.load(AbstractProblemLoader.java:252)
	at de.uka.ilkd.key.control.AbstractUserInterfaceControl.load(AbstractUserInterfaceControl.java:209)
	... 7 more
Caused by: java.lang.RuntimeException: Could not find rule file rules/intRulesCheckedSemantics.key
	at de.uka.ilkd.key.proof.io.RuleSourceFactory.fromBuiltInRule(RuleSourceFactory.java:32)
	at de.uka.ilkd.key.proof.io.RuleSourceFactory.fromDefaultLocation(RuleSourceFactory.java:21)
	at de.uka.ilkd.key.nparser.builder.IncludeFinder.addInclude(IncludeFinder.java:63)
	at de.uka.ilkd.key.nparser.builder.IncludeFinder.visitOne_include(IncludeFinder.java:43)
	at de.uka.ilkd.key.nparser.builder.IncludeFinder.visitOne_include(IncludeFinder.java:20)
	at de.uka.ilkd.key.nparser.KeYParser$One_includeContext.accept(KeYParser.java:878)
	at de.uka.ilkd.key.nparser.builder.AbstractBuilder.lambda$mapOf$0(AbstractBuilder.java:112)
	at java.base/java.util.stream.ReferencePipeline$3$1.accept(ReferencePipeline.java:195)
	at java.base/java.util.ArrayList$ArrayListSpliterator.forEachRemaining(ArrayList.java:1655)
	at java.base/java.util.stream.AbstractPipeline.copyInto(AbstractPipeline.java:484)
	at java.base/java.util.stream.AbstractPipeline.wrapAndCopyInto(AbstractPipeline.java:474)
	at java.base/java.util.stream.ReduceOps$ReduceOp.evaluateSequential(ReduceOps.java:913)
	at java.base/java.util.stream.AbstractPipeline.evaluate(AbstractPipeline.java:234)
	at java.base/java.util.stream.ReferencePipeline.collect(ReferencePipeline.java:578)
	at de.uka.ilkd.key.nparser.builder.AbstractBuilder.mapOf(AbstractBuilder.java:112)
	at de.uka.ilkd.key.nparser.builder.IncludeFinder.visitOne_include_statement(IncludeFinder.java:35)
	at de.uka.ilkd.key.nparser.builder.IncludeFinder.visitOne_include_statement(IncludeFinder.java:20)
	at de.uka.ilkd.key.nparser.KeYParser$One_include_statementContext.accept(KeYParser.java:802)
	at org.antlr.v4.runtime.tree.AbstractParseTreeVisitor.visitChildren(AbstractParseTreeVisitor.java:46)
	at de.uka.ilkd.key.nparser.KeYParserBaseVisitor.visitDecls(KeYParserBaseVisitor.java:30)
	at de.uka.ilkd.key.nparser.KeYParser$DeclsContext.accept(KeYParser.java:500)
	at org.antlr.v4.runtime.tree.AbstractParseTreeVisitor.visitChildren(AbstractParseTreeVisitor.java:46)
	at de.uka.ilkd.key.nparser.KeYParserBaseVisitor.visitFile(KeYParserBaseVisitor.java:23)
	at de.uka.ilkd.key.nparser.KeYParser$FileContext.accept(KeYParser.java:306)
	at de.uka.ilkd.key.nparser.KeyAst.accept(KeyAst.java:41)
	at de.uka.ilkd.key.nparser.KeyAst$File.getIncludes(KeyAst.java:76)
	at de.uka.ilkd.key.proof.io.KeYFile.readIncludes(KeYFile.java:208)
	... 14 more
Exception in thread "main" org.opentest4j.AssertionFailedError: Exception during the execution of proofs. See log for more details.
	at org.junit.jupiter.api.AssertionUtils.fail(AssertionUtils.java:39)
	at org.junit.jupiter.api.Assertions.fail(Assertions.java:134)
	at de.uka.ilkd.key.proof.runallproofs.proofcollection.ForkedTestFileRunner.main(ForkedTestFileRunner.java:192)
Timeout watcher launched (1000 secs.)
Could not find rule file rules/intRulesCheckedSemantics.key (file: /home/runner/work/key/key/key.core/../key.ui/examples/index/../InformationFlow/NewObjects/object.AmtoftBanerjee3(object.AmtoftBanerjee3__m()).JML operation contract.0.key; caused by: de.uka.ilkd.key.proof.init.ProofInputException: Could not find rule file rules/intRulesCheckedSemantics.key)
	at de.uka.ilkd.key.control.AbstractUserInterfaceControl.load(AbstractUserInterfaceControl.java:221)
	at de.uka.ilkd.key.control.KeYEnvironment.load(KeYEnvironment.java:251)
	at de.uka.ilkd.key.control.KeYEnvironment.load(KeYEnvironment.java:224)
	at de.uka.ilkd.key.control.KeYEnvironment.load(KeYEnvironment.java:184)
	at de.uka.ilkd.key.control.KeYEnvironment.load(KeYEnvironment.java:261)
	at de.uka.ilkd.key.proof.runallproofs.proofcollection.TestFile.load(TestFile.java:270)
	at de.uka.ilkd.key.proof.runallproofs.proofcollection.TestFile.runKey(TestFile.java:160)
	at de.uka.ilkd.key.proof.runallproofs.proofcollection.ForkedTestFileRunner.main(ForkedTestFileRunner.java:171)
Caused by: de.uka.ilkd.key.proof.init.ProofInputException: Could not find rule file rules/intRulesCheckedSemantics.key
	at de.uka.ilkd.key.proof.io.KeYFile.readIncludes(KeYFile.java:210)
	at de.uka.ilkd.key.proof.init.ProblemInitializer.readIncludes(ProblemInitializer.java:177)
	at de.uka.ilkd.key.proof.init.ProblemInitializer.readEnvInput(ProblemInitializer.java:325)
	at de.uka.ilkd.key.proof.init.ProblemInitializer.prepare(ProblemInitializer.java:449)
	at de.uka.ilkd.key.proof.io.AbstractProblemLoader.createInitConfig(AbstractProblemLoader.java:518)
	at de.uka.ilkd.key.proof.io.AbstractProblemLoader.loadEnvironment(AbstractProblemLoader.java:288)
	at de.uka.ilkd.key.proof.io.AbstractProblemLoader.load(AbstractProblemLoader.java:252)
	at de.uka.ilkd.key.control.AbstractUserInterfaceControl.load(AbstractUserInterfaceControl.java:209)
	... 7 more
Caused by: java.lang.RuntimeException: Could not find rule file rules/intRulesCheckedSemantics.key
	at de.uka.ilkd.key.proof.io.RuleSourceFactory.fromBuiltInRule(RuleSourceFactory.java:32)
	at de.uka.ilkd.key.proof.io.RuleSourceFactory.fromDefaultLocation(RuleSourceFactory.java:21)
	at de.uka.ilkd.key.nparser.builder.IncludeFinder.addInclude(IncludeFinder.java:63)
	at de.uka.ilkd.key.nparser.builder.IncludeFinder.visitOne_include(IncludeFinder.java:43)
	at de.uka.ilkd.key.nparser.builder.IncludeFinder.visitOne_include(IncludeFinder.java:20)
	at de.uka.ilkd.key.nparser.KeYParser$One_includeContext.accept(KeYParser.java:878)
	at de.uka.ilkd.key.nparser.builder.AbstractBuilder.lambda$mapOf$0(AbstractBuilder.java:112)
	at java.base/java.util.stream.ReferencePipeline$3$1.accept(ReferencePipeline.java:195)
	at java.base/java.util.ArrayList$ArrayListSpliterator.forEachRemaining(ArrayList.java:1655)
	at java.base/java.util.stream.AbstractPipeline.copyInto(AbstractPipeline.java:484)
	at java.base/java.util.stream.AbstractPipeline.wrapAndCopyInto(AbstractPipeline.java:474)
	at java.base/java.util.stream.ReduceOps$ReduceOp.evaluateSequential(ReduceOps.java:913)
	at java.base/java.util.stream.AbstractPipeline.evaluate(AbstractPipeline.java:234)
	at java.base/java.util.stream.ReferencePipeline.collect(ReferencePipeline.java:578)
	at de.uka.ilkd.key.nparser.builder.AbstractBuilder.mapOf(AbstractBuilder.java:112)
	at de.uka.ilkd.key.nparser.builder.IncludeFinder.visitOne_include_statement(IncludeFinder.java:35)
	at de.uka.ilkd.key.nparser.builder.IncludeFinder.visitOne_include_statement(IncludeFinder.java:20)
	at de.uka.ilkd.key.nparser.KeYParser$One_include_statementContext.accept(KeYParser.java:802)
	at org.antlr.v4.runtime.tree.AbstractParseTreeVisitor.visitChildren(AbstractParseTreeVisitor.java:46)
	at de.uka.ilkd.key.nparser.KeYParserBaseVisitor.visitDecls(KeYParserBaseVisitor.java:30)
	at de.uka.ilkd.key.nparser.KeYParser$DeclsContext.accept(KeYParser.java:500)
	at org.antlr.v4.runtime.tree.AbstractParseTreeVisitor.visitChildren(AbstractParseTreeVisitor.java:46)
	at de.uka.ilkd.key.nparser.KeYParserBaseVisitor.visitFile(KeYParserBaseVisitor.java:23)
	at de.uka.ilkd.key.nparser.KeYParser$FileContext.accept(KeYParser.java:306)
	at de.uka.ilkd.key.nparser.KeyAst.accept(KeyAst.java:41)
	at de.uka.ilkd.key.nparser.KeyAst$File.getIncludes(KeyAst.java:76)
	at de.uka.ilkd.key.proof.io.KeYFile.readIncludes(KeYFile.java:208)
	... 14 more
Could not find rule file rules/intRulesCheckedSemantics.key (file: /home/runner/work/key/key/key.core/../key.ui/examples/index/../InformationFlow/NewObjects/object.AmtoftBanerjee(object.AmtoftBanerjee__m_2()).JML normal_behavior operation contract.0.key; caused by: de.uka.ilkd.key.proof.init.ProofInputException: Could not find rule file rules/intRulesCheckedSemantics.key)
	at de.uka.ilkd.key.control.AbstractUserInterfaceControl.load(AbstractUserInterfaceControl.java:221)
	at de.uka.ilkd.key.control.KeYEnvironment.load(KeYEnvironment.java:251)
	at de.uka.ilkd.key.control.KeYEnvironment.load(KeYEnvironment.java:224)
	at de.uka.ilkd.key.control.KeYEnvironment.load(KeYEnvironment.java:184)
	at de.uka.ilkd.key.control.KeYEnvironment.load(KeYEnvironment.java:261)
	at de.uka.ilkd.key.proof.runallproofs.proofcollection.TestFile.load(TestFile.java:270)
	at de.uka.ilkd.key.proof.runallproofs.proofcollection.TestFile.runKey(TestFile.java:160)
	at de.uka.ilkd.key.proof.runallproofs.proofcollection.ForkedTestFileRunner.main(ForkedTestFileRunner.java:171)
Caused by: de.uka.ilkd.key.proof.init.ProofInputException: Could not find rule file rules/intRulesCheckedSemantics.key
	at de.uka.ilkd.key.proof.io.KeYFile.readIncludes(KeYFile.java:210)
	at de.uka.ilkd.key.proof.init.ProblemInitializer.readIncludes(ProblemInitializer.java:177)
	at de.uka.ilkd.key.proof.init.ProblemInitializer.readEnvInput(ProblemInitializer.java:325)
	at de.uka.ilkd.key.proof.init.ProblemInitializer.prepare(ProblemInitializer.java:449)
	at de.uka.ilkd.key.proof.io.AbstractProblemLoader.createInitConfig(AbstractProblemLoader.java:518)
	at de.uka.ilkd.key.proof.io.AbstractProblemLoader.loadEnvironment(AbstractProblemLoader.java:288)
	at de.uka.ilkd.key.proof.io.AbstractProblemLoader.load(AbstractProblemLoader.java:252)
	at de.uka.ilkd.key.control.AbstractUserInterfaceControl.load(AbstractUserInterfaceControl.java:209)
	... 7 more
Caused by: java.lang.RuntimeException: Could not find rule file rules/intRulesCheckedSemantics.key
	at de.uka.ilkd.key.proof.io.RuleSourceFactory.fromBuiltInRule(RuleSourceFactory.java:32)
	at de.uka.ilkd.key.proof.io.RuleSourceFactory.fromDefaultLocation(RuleSourceFactory.java:21)
	at de.uka.ilkd.key.nparser.builder.IncludeFinder.addInclude(IncludeFinder.java:63)
	at de.uka.ilkd.key.nparser.builder.IncludeFinder.visitOne_include(IncludeFinder.java:43)
	at de.uka.ilkd.key.nparser.builder.IncludeFinder.visitOne_include(IncludeFinder.java:20)
	at de.uka.ilkd.key.nparser.KeYParser$One_includeContext.accept(KeYParser.java:878)
	at de.uka.ilkd.key.nparser.builder.AbstractBuilder.lambda$mapOf$0(AbstractBuilder.java:112)
	at java.base/java.util.stream.ReferencePipeline$3$1.accept(ReferencePipeline.java:195)
	at java.base/java.util.ArrayList$ArrayListSpliterator.forEachRemaining(ArrayList.java:1655)
	at java.base/java.util.stream.AbstractPipeline.copyInto(AbstractPipeline.java:484)
	at java.base/java.util.stream.AbstractPipeline.wrapAndCopyInto(AbstractPipeline.java:474)
	at java.base/java.util.stream.ReduceOps$ReduceOp.evaluateSequential(ReduceOps.java:913)
	at java.base/java.util.stream.AbstractPipeline.evaluate(AbstractPipeline.java:234)
	at java.base/java.util.stream.ReferencePipeline.collect(ReferencePipeline.java:578)
	at de.uka.ilkd.key.nparser.builder.AbstractBuilder.mapOf(AbstractBuilder.java:112)
	at de.uka.ilkd.key.nparser.builder.IncludeFinder.visitOne_include_statement(IncludeFinder.java:35)
	at de.uka.ilkd.key.nparser.builder.IncludeFinder.visitOne_include_statement(IncludeFinder.java:20)
	at de.uka.ilkd.key.nparser.KeYParser$One_include_statementContext.accept(KeYParser.java:802)
	at org.antlr.v4.runtime.tree.AbstractParseTreeVisitor.visitChildren(AbstractParseTreeVisitor.java:46)
	at de.uka.ilkd.key.nparser.KeYParserBaseVisitor.visitDecls(KeYParserBaseVisitor.java:30)
	at de.uka.ilkd.key.nparser.KeYParser$DeclsContext.accept(KeYParser.java:500)
	at org.antlr.v4.runtime.tree.AbstractParseTreeVisitor.visitChildren(AbstractParseTreeVisitor.java:46)
	at de.uka.ilkd.key.nparser.KeYParserBaseVisitor.visitFile(KeYParserBaseVisitor.java:23)
	at de.uka.ilkd.key.nparser.KeYParser$FileContext.accept(KeYParser.java:306)
	at de.uka.ilkd.key.nparser.KeyAst.accept(KeyAst.java:41)
	at de.uka.ilkd.key.nparser.KeyAst$File.getIncludes(KeyAst.java:76)
	at de.uka.ilkd.key.proof.io.KeYFile.readIncludes(KeYFile.java:208)
	... 14 more
Could not find rule file rules/intRulesCheckedSemantics.key (file: /home/runner/work/key/key/key.core/../key.ui/examples/index/../InformationFlow/NewObjects/object.AmtoftBanerjee(object.AmtoftBanerjee__m_1()).JML normal_behavior operation contract.1.key; caused by: de.uka.ilkd.key.proof.init.ProofInputException: Could not find rule file rules/intRulesCheckedSemantics.key)
	at de.uka.ilkd.key.control.AbstractUserInterfaceControl.load(AbstractUserInterfaceControl.java:221)
	at de.uka.ilkd.key.control.KeYEnvironment.load(KeYEnvironment.java:251)
	at de.uka.ilkd.key.control.KeYEnvironment.load(KeYEnvironment.java:224)
	at de.uka.ilkd.key.control.KeYEnvironment.load(KeYEnvironment.java:184)
	at de.uka.ilkd.key.control.KeYEnvironment.load(KeYEnvironment.java:261)
	at de.uka.ilkd.key.proof.runallproofs.proofcollection.TestFile.load(TestFile.java:270)
	at de.uka.ilkd.key.proof.runallproofs.proofcollection.TestFile.runKey(TestFile.java:160)
	at de.uka.ilkd.key.proof.runallproofs.proofcollection.ForkedTestFileRunner.main(ForkedTestFileRunner.java:171)
Caused by: de.uka.ilkd.key.proof.init.ProofInputException: Could not find rule file rules/intRulesCheckedSemantics.key
	at de.uka.ilkd.key.proof.io.KeYFile.readIncludes(KeYFile.java:210)
	at de.uka.ilkd.key.proof.init.ProblemInitializer.readIncludes(ProblemInitializer.java:177)
	at de.uka.ilkd.key.proof.init.ProblemInitializer.readEnvInput(ProblemInitializer.java:325)
	at de.uka.ilkd.key.proof.init.ProblemInitializer.prepare(ProblemInitializer.java:449)
	at de.uka.ilkd.key.proof.io.AbstractProblemLoader.createInitConfig(AbstractProblemLoader.java:518)
	at de.uka.ilkd.key.proof.io.AbstractProblemLoader.loadEnvironment(AbstractProblemLoader.java:288)
	at de.uka.ilkd.key.proof.io.AbstractProblemLoader.load(AbstractProblemLoader.java:252)
	at de.uka.ilkd.key.control.AbstractUserInterfaceControl.load(AbstractUserInterfaceControl.java:209)
	... 7 more
Caused by: java.lang.RuntimeException: Could not find rule file rules/intRulesCheckedSemantics.key
	at de.uka.ilkd.key.proof.io.RuleSourceFactory.fromBuiltInRule(RuleSourceFactory.java:32)
	at de.uka.ilkd.key.proof.io.RuleSourceFactory.fromDefaultLocation(RuleSourceFactory.java:21)
	at de.uka.ilkd.key.nparser.builder.IncludeFinder.addInclude(IncludeFinder.java:63)
	at de.uka.ilkd.key.nparser.builder.IncludeFinder.visitOne_include(IncludeFinder.java:43)
	at de.uka.ilkd.key.nparser.builder.IncludeFinder.visitOne_include(IncludeFinder.java:20)
	at de.uka.ilkd.key.nparser.KeYParser$One_includeContext.accept(KeYParser.java:878)
	at de.uka.ilkd.key.nparser.builder.AbstractBuilder.lambda$mapOf$0(AbstractBuilder.java:112)
	at java.base/java.util.stream.ReferencePipeline$3$1.accept(ReferencePipeline.java:195)
	at java.base/java.util.ArrayList$ArrayListSpliterator.forEachRemaining(ArrayList.java:1655)
	at java.base/java.util.stream.AbstractPipeline.copyInto(AbstractPipeline.java:484)
	at java.base/java.util.stream.AbstractPipeline.wrapAndCopyInto(AbstractPipeline.java:474)
	at java.base/java.util.stream.ReduceOps$ReduceOp.evaluateSequential(ReduceOps.java:913)
	at java.base/java.util.stream.AbstractPipeline.evaluate(AbstractPipeline.java:234)
	at java.base/java.util.stream.ReferencePipeline.collect(ReferencePipeline.java:578)
	at de.uka.ilkd.key.nparser.builder.AbstractBuilder.mapOf(AbstractBuilder.java:112)
	at de.uka.ilkd.key.nparser.builder.IncludeFinder.visitOne_include_statement(IncludeFinder.java:35)
	at de.uka.ilkd.key.nparser.builder.IncludeFinder.visitOne_include_statement(IncludeFinder.java:20)
	at de.uka.ilkd.key.nparser.KeYParser$One_include_statementContext.accept(KeYParser.java:802)
	at org.antlr.v4.runtime.tree.AbstractParseTreeVisitor.visitChildren(AbstractParseTreeVisitor.java:46)
	at de.uka.ilkd.key.nparser.KeYParserBaseVisitor.visitDecls(KeYParserBaseVisitor.java:30)
	at de.uka.ilkd.key.nparser.KeYParser$DeclsContext.accept(KeYParser.java:500)
	at org.antlr.v4.runtime.tree.AbstractParseTreeVisitor.visitChildren(AbstractParseTreeVisitor.java:46)
	at de.uka.ilkd.key.nparser.KeYParserBaseVisitor.visitFile(KeYParserBaseVisitor.java:23)
	at de.uka.ilkd.key.nparser.KeYParser$FileContext.accept(KeYParser.java:306)
	at de.uka.ilkd.key.nparser.KeyAst.accept(KeyAst.java:41)
	at de.uka.ilkd.key.nparser.KeyAst$File.getIncludes(KeyAst.java:76)
	at de.uka.ilkd.key.proof.io.KeYFile.readIncludes(KeYFile.java:208)
	... 14 more
Could not find rule file rules/intRulesCheckedSemantics.key (file: /home/runner/work/key/key/key.core/../key.ui/examples/index/../InformationFlow/NewObjects/object.AmtoftBanerjee(object.AmtoftBanerjee__m_1()).JML normal_behavior operation contract.0.key; caused by: de.uka.ilkd.key.proof.init.ProofInputException: Could not find rule file rules/intRulesCheckedSemantics.key)
	at de.uka.ilkd.key.control.AbstractUserInterfaceControl.load(AbstractUserInterfaceControl.java:221)
	at de.uka.ilkd.key.control.KeYEnvironment.load(KeYEnvironment.java:251)
	at de.uka.ilkd.key.control.KeYEnvironment.load(KeYEnvironment.java:224)
	at de.uka.ilkd.key.control.KeYEnvironment.load(KeYEnvironment.java:184)
	at de.uka.ilkd.key.control.KeYEnvironment.load(KeYEnvironment.java:261)
	at de.uka.ilkd.key.proof.runallproofs.proofcollection.TestFile.load(TestFile.java:270)
	at de.uka.ilkd.key.proof.runallproofs.proofcollection.TestFile.runKey(TestFile.java:160)
	at de.uka.ilkd.key.proof.runallproofs.proofcollection.ForkedTestFileRunner.main(ForkedTestFileRunner.java:171)
Caused by: de.uka.ilkd.key.proof.init.ProofInputException: Could not find rule file rules/intRulesCheckedSemantics.key
	at de.uka.ilkd.key.proof.io.KeYFile.readIncludes(KeYFile.java:210)
	at de.uka.ilkd.key.proof.init.ProblemInitializer.readIncludes(ProblemInitializer.java:177)
	at de.uka.ilkd.key.proof.init.ProblemInitializer.readEnvInput(ProblemInitializer.java:325)
	at de.uka.ilkd.key.proof.init.ProblemInitializer.prepare(ProblemInitializer.java:449)
	at de.uka.ilkd.key.proof.io.AbstractProblemLoader.createInitConfig(AbstractProblemLoader.java:518)
	at de.uka.ilkd.key.proof.io.AbstractProblemLoader.loadEnvironment(AbstractProblemLoader.java:288)
	at de.uka.ilkd.key.proof.io.AbstractProblemLoader.load(AbstractProblemLoader.java:252)
	at de.uka.ilkd.key.control.AbstractUserInterfaceControl.load(AbstractUserInterfaceControl.java:209)
	... 7 more
Caused by: java.lang.RuntimeException: Could not find rule file rules/intRulesCheckedSemantics.key
	at de.uka.ilkd.key.proof.io.RuleSourceFactory.fromBuiltInRule(RuleSourceFactory.java:32)
	at de.uka.ilkd.key.proof.io.RuleSourceFactory.fromDefaultLocation(RuleSourceFactory.java:21)
	at de.uka.ilkd.key.nparser.builder.IncludeFinder.addInclude(IncludeFinder.java:63)
	at de.uka.ilkd.key.nparser.builder.IncludeFinder.visitOne_include(IncludeFinder.java:43)
	at de.uka.ilkd.key.nparser.builder.IncludeFinder.visitOne_include(IncludeFinder.java:20)
	at de.uka.ilkd.key.nparser.KeYParser$One_includeContext.accept(KeYParser.java:878)
	at de.uka.ilkd.key.nparser.builder.AbstractBuilder.lambda$mapOf$0(AbstractBuilder.java:112)
	at java.base/java.util.stream.ReferencePipeline$3$1.accept(ReferencePipeline.java:195)
	at java.base/java.util.ArrayList$ArrayListSpliterator.forEachRemaining(ArrayList.java:1655)
	at java.base/java.util.stream.AbstractPipeline.copyInto(AbstractPipeline.java:484)
	at java.base/java.util.stream.AbstractPipeline.wrapAndCopyInto(AbstractPipeline.java:474)
	at java.base/java.util.stream.ReduceOps$ReduceOp.evaluateSequential(ReduceOps.java:913)
	at java.base/java.util.stream.AbstractPipeline.evaluate(AbstractPipeline.java:234)
	at java.base/java.util.stream.ReferencePipeline.collect(ReferencePipeline.java:578)
	at de.uka.ilkd.key.nparser.builder.AbstractBuilder.mapOf(AbstractBuilder.java:112)
	at de.uka.ilkd.key.nparser.builder.IncludeFinder.visitOne_include_statement(IncludeFinder.java:35)
	at de.uka.ilkd.key.nparser.builder.IncludeFinder.visitOne_include_statement(IncludeFinder.java:20)
	at de.uka.ilkd.key.nparser.KeYParser$One_include_statementContext.accept(KeYParser.java:802)
	at org.antlr.v4.runtime.tree.AbstractParseTreeVisitor.visitChildren(AbstractParseTreeVisitor.java:46)
	at de.uka.ilkd.key.nparser.KeYParserBaseVisitor.visitDecls(KeYParserBaseVisitor.java:30)
	at de.uka.ilkd.key.nparser.KeYParser$DeclsContext.accept(KeYParser.java:500)
	at org.antlr.v4.runtime.tree.AbstractParseTreeVisitor.visitChildren(AbstractParseTreeVisitor.java:46)
	at de.uka.ilkd.key.nparser.KeYParserBaseVisitor.visitFile(KeYParserBaseVisitor.java:23)
	at de.uka.ilkd.key.nparser.KeYParser$FileContext.accept(KeYParser.java:306)
	at de.uka.ilkd.key.nparser.KeyAst.accept(KeyAst.java:41)
	at de.uka.ilkd.key.nparser.KeyAst$File.getIncludes(KeyAst.java:76)
	at de.uka.ilkd.key.proof.io.KeYFile.readIncludes(KeYFile.java:208)
	... 14 more
Could not find rule file rules/intRulesCheckedSemantics.key (file: /home/runner/work/key/key/key.core/../key.ui/examples/index/../InformationFlow/NewObjects/object.AmtoftBanerjee(object.AmtoftBanerjee__getQ()).JML normal_behavior operation contract.0.key; caused by: de.uka.ilkd.key.proof.init.ProofInputException: Could not find rule file rules/intRulesCheckedSemantics.key)
	at de.uka.ilkd.key.control.AbstractUserInterfaceControl.load(AbstractUserInterfaceControl.java:221)
	at de.uka.ilkd.key.control.KeYEnvironment.load(KeYEnvironment.java:251)
	at de.uka.ilkd.key.control.KeYEnvironment.load(KeYEnvironment.java:224)
	at de.uka.ilkd.key.control.KeYEnvironment.load(KeYEnvironment.java:184)
	at de.uka.ilkd.key.control.KeYEnvironment.load(KeYEnvironment.java:261)
	at de.uka.ilkd.key.proof.runallproofs.proofcollection.TestFile.load(TestFile.java:270)
	at de.uka.ilkd.key.proof.runallproofs.proofcollection.TestFile.runKey(TestFile.java:160)
	at de.uka.ilkd.key.proof.runallproofs.proofcollection.ForkedTestFileRunner.main(ForkedTestFileRunner.java:171)
Caused by: de.uka.ilkd.key.proof.init.ProofInputException: Could not find rule file rules/intRulesCheckedSemantics.key
	at de.uka.ilkd.key.proof.io.KeYFile.readIncludes(KeYFile.java:210)
	at de.uka.ilkd.key.proof.init.ProblemInitializer.readIncludes(ProblemInitializer.java:177)
	at de.uka.ilkd.key.proof.init.ProblemInitializer.readEnvInput(ProblemInitializer.java:325)
	at de.uka.ilkd.key.proof.init.ProblemInitializer.prepare(ProblemInitializer.java:449)
	at de.uka.ilkd.key.proof.io.AbstractProblemLoader.createInitConfig(AbstractProblemLoader.java:518)
	at de.uka.ilkd.key.proof.io.AbstractProblemLoader.loadEnvironment(AbstractProblemLoader.java:288)
	at de.uka.ilkd.key.proof.io.AbstractProblemLoader.load(AbstractProblemLoader.java:252)
	at de.uka.ilkd.key.control.AbstractUserInterfaceControl.load(AbstractUserInterfaceControl.java:209)
	... 7 more
Caused by: java.lang.RuntimeException: Could not find rule file rules/intRulesCheckedSemantics.key
	at de.uka.ilkd.key.proof.io.RuleSourceFactory.fromBuiltInRule(RuleSourceFactory.java:32)
	at de.uka.ilkd.key.proof.io.RuleSourceFactory.fromDefaultLocation(RuleSourceFactory.java:21)
	at de.uka.ilkd.key.nparser.builder.IncludeFinder.addInclude(IncludeFinder.java:63)
	at de.uka.ilkd.key.nparser.builder.IncludeFinder.visitOne_include(IncludeFinder.java:43)
	at de.uka.ilkd.key.nparser.builder.IncludeFinder.visitOne_include(IncludeFinder.java:20)
	at de.uka.ilkd.key.nparser.KeYParser$One_includeContext.accept(KeYParser.java:878)
	at de.uka.ilkd.key.nparser.builder.AbstractBuilder.lambda$mapOf$0(AbstractBuilder.java:112)
	at java.base/java.util.stream.ReferencePipeline$3$1.accept(ReferencePipeline.java:195)
	at java.base/java.util.ArrayList$ArrayListSpliterator.forEachRemaining(ArrayList.java:1655)
	at java.base/java.util.stream.AbstractPipeline.copyInto(AbstractPipeline.java:484)
	at java.base/java.util.stream.AbstractPipeline.wrapAndCopyInto(AbstractPipeline.java:474)
	at java.base/java.util.stream.ReduceOps$ReduceOp.evaluateSequential(ReduceOps.java:913)
	at java.base/java.util.stream.AbstractPipeline.evaluate(AbstractPipeline.java:234)
	at java.base/java.util.stream.ReferencePipeline.collect(ReferencePipeline.java:578)
	at de.uka.ilkd.key.nparser.builder.AbstractBuilder.mapOf(AbstractBuilder.java:112)
	at de.uka.ilkd.key.nparser.builder.IncludeFinder.visitOne_include_statement(IncludeFinder.java:35)
	at de.uka.ilkd.key.nparser.builder.IncludeFinder.visitOne_include_statement(IncludeFinder.java:20)
	at de.uka.ilkd.key.nparser.KeYParser$One_include_statementContext.accept(KeYParser.java:802)
	at org.antlr.v4.runtime.tree.AbstractParseTreeVisitor.visitChildren(AbstractParseTreeVisitor.java:46)
	at de.uka.ilkd.key.nparser.KeYParserBaseVisitor.visitDecls(KeYParserBaseVisitor.java:30)
	at de.uka.ilkd.key.nparser.KeYParser$DeclsContext.accept(KeYParser.java:500)
	at org.antlr.v4.runtime.tree.AbstractParseTreeVisitor.visitChildren(AbstractParseTreeVisitor.java:46)
	at de.uka.ilkd.key.nparser.KeYParserBaseVisitor.visitFile(KeYParserBaseVisitor.java:23)
	at de.uka.ilkd.key.nparser.KeYParser$FileContext.accept(KeYParser.java:306)
	at de.uka.ilkd.key.nparser.KeyAst.accept(KeyAst.java:41)
	at de.uka.ilkd.key.nparser.KeyAst$File.getIncludes(KeyAst.java:76)
	at de.uka.ilkd.key.proof.io.KeYFile.readIncludes(KeYFile.java:208)
	... 14 more
Could not find rule file rules/intRulesCheckedSemantics.key (file: /home/runner/work/key/key/key.core/../key.ui/examples/index/../InformationFlow/NewObjects/object.Naumann(object.Naumann__Pair_m(int,int)).JML operation contract.0.key; caused by: de.uka.ilkd.key.proof.init.ProofInputException: Could not find rule file rules/intRulesCheckedSemantics.key)
	at de.uka.ilkd.key.control.AbstractUserInterfaceControl.load(AbstractUserInterfaceControl.java:221)
	at de.uka.ilkd.key.control.KeYEnvironment.load(KeYEnvironment.java:251)
	at de.uka.ilkd.key.control.KeYEnvironment.load(KeYEnvironment.java:224)
	at de.uka.ilkd.key.control.KeYEnvironment.load(KeYEnvironment.java:184)
	at de.uka.ilkd.key.control.KeYEnvironment.load(KeYEnvironment.java:261)
	at de.uka.ilkd.key.proof.runallproofs.proofcollection.TestFile.load(TestFile.java:270)
	at de.uka.ilkd.key.proof.runallproofs.proofcollection.TestFile.runKey(TestFile.java:160)
	at de.uka.ilkd.key.proof.runallproofs.proofcollection.ForkedTestFileRunner.main(ForkedTestFileRunner.java:171)
Caused by: de.uka.ilkd.key.proof.init.ProofInputException: Could not find rule file rules/intRulesCheckedSemantics.key
	at de.uka.ilkd.key.proof.io.KeYFile.readIncludes(KeYFile.java:210)
	at de.uka.ilkd.key.proof.init.ProblemInitializer.readIncludes(ProblemInitializer.java:177)
	at de.uka.ilkd.key.proof.init.ProblemInitializer.readEnvInput(ProblemInitializer.java:325)
	at de.uka.ilkd.key.proof.init.ProblemInitializer.prepare(ProblemInitializer.java:449)
	at de.uka.ilkd.key.proof.io.AbstractProblemLoader.createInitConfig(AbstractProblemLoader.java:518)
	at de.uka.ilkd.key.proof.io.AbstractProblemLoader.loadEnvironment(AbstractProblemLoader.java:288)
	at de.uka.ilkd.key.proof.io.AbstractProblemLoader.load(AbstractProblemLoader.java:252)
	at de.uka.ilkd.key.control.AbstractUserInterfaceControl.load(AbstractUserInterfaceControl.java:209)
	... 7 more
Caused by: java.lang.RuntimeException: Could not find rule file rules/intRulesCheckedSemantics.key
	at de.uka.ilkd.key.proof.io.RuleSourceFactory.fromBuiltInRule(RuleSourceFactory.java:32)
	at de.uka.ilkd.key.proof.io.RuleSourceFactory.fromDefaultLocation(RuleSourceFactory.java:21)
	at de.uka.ilkd.key.nparser.builder.IncludeFinder.addInclude(IncludeFinder.java:63)
	at de.uka.ilkd.key.nparser.builder.IncludeFinder.visitOne_include(IncludeFinder.java:43)
	at de.uka.ilkd.key.nparser.builder.IncludeFinder.visitOne_include(IncludeFinder.java:20)
	at de.uka.ilkd.key.nparser.KeYParser$One_includeContext.accept(KeYParser.java:878)
	at de.uka.ilkd.key.nparser.builder.AbstractBuilder.lambda$mapOf$0(AbstractBuilder.java:112)
	at java.base/java.util.stream.ReferencePipeline$3$1.accept(ReferencePipeline.java:195)
	at java.base/java.util.ArrayList$ArrayListSpliterator.forEachRemaining(ArrayList.java:1655)
	at java.base/java.util.stream.AbstractPipeline.copyInto(AbstractPipeline.java:484)
	at java.base/java.util.stream.AbstractPipeline.wrapAndCopyInto(AbstractPipeline.java:474)
	at java.base/java.util.stream.ReduceOps$ReduceOp.evaluateSequential(ReduceOps.java:913)
	at java.base/java.util.stream.AbstractPipeline.evaluate(AbstractPipeline.java:234)
	at java.base/java.util.stream.ReferencePipeline.collect(ReferencePipeline.java:578)
	at de.uka.ilkd.key.nparser.builder.AbstractBuilder.mapOf(AbstractBuilder.java:112)
	at de.uka.ilkd.key.nparser.builder.IncludeFinder.visitOne_include_statement(IncludeFinder.java:35)
	at de.uka.ilkd.key.nparser.builder.IncludeFinder.visitOne_include_statement(IncludeFinder.java:20)
	at de.uka.ilkd.key.nparser.KeYParser$One_include_statementContext.accept(KeYParser.java:802)
	at org.antlr.v4.runtime.tree.AbstractParseTreeVisitor.visitChildren(AbstractParseTreeVisitor.java:46)
	at de.uka.ilkd.key.nparser.KeYParserBaseVisitor.visitDecls(KeYParserBaseVisitor.java:30)
	at de.uka.ilkd.key.nparser.KeYParser$DeclsContext.accept(KeYParser.java:500)
	at org.antlr.v4.runtime.tree.AbstractParseTreeVisitor.visitChildren(AbstractParseTreeVisitor.java:46)
	at de.uka.ilkd.key.nparser.KeYParserBaseVisitor.visitFile(KeYParserBaseVisitor.java:23)
	at de.uka.ilkd.key.nparser.KeYParser$FileContext.accept(KeYParser.java:306)
	at de.uka.ilkd.key.nparser.KeyAst.accept(KeyAst.java:41)
	at de.uka.ilkd.key.nparser.KeyAst$File.getIncludes(KeyAst.java:76)
	at de.uka.ilkd.key.proof.io.KeYFile.readIncludes(KeYFile.java:208)
	... 14 more
Could not find rule file rules/intRulesCheckedSemantics.key (file: /home/runner/work/key/key/key.core/../key.ui/examples/index/../InformationFlow/NewObjects/object.ObjectOrientation(object.ObjectOrientation__secure_while_i((Ljava.lang.Object)).JML operation contract.0.key; caused by: de.uka.ilkd.key.proof.init.ProofInputException: Could not find rule file rules/intRulesCheckedSemantics.key)
	at de.uka.ilkd.key.control.AbstractUserInterfaceControl.load(AbstractUserInterfaceControl.java:221)
	at de.uka.ilkd.key.control.KeYEnvironment.load(KeYEnvironment.java:251)
	at de.uka.ilkd.key.control.KeYEnvironment.load(KeYEnvironment.java:224)
	at de.uka.ilkd.key.control.KeYEnvironment.load(KeYEnvironment.java:184)
	at de.uka.ilkd.key.control.KeYEnvironment.load(KeYEnvironment.java:261)
	at de.uka.ilkd.key.proof.runallproofs.proofcollection.TestFile.load(TestFile.java:270)
	at de.uka.ilkd.key.proof.runallproofs.proofcollection.TestFile.runKey(TestFile.java:160)
	at de.uka.ilkd.key.proof.runallproofs.proofcollection.ForkedTestFileRunner.main(ForkedTestFileRunner.java:171)
Caused by: de.uka.ilkd.key.proof.init.ProofInputException: Could not find rule file rules/intRulesCheckedSemantics.key
	at de.uka.ilkd.key.proof.io.KeYFile.readIncludes(KeYFile.java:210)
	at de.uka.ilkd.key.proof.init.ProblemInitializer.readIncludes(ProblemInitializer.java:177)
	at de.uka.ilkd.key.proof.init.ProblemInitializer.readEnvInput(ProblemInitializer.java:325)
	at de.uka.ilkd.key.proof.init.ProblemInitializer.prepare(ProblemInitializer.java:449)
	at de.uka.ilkd.key.proof.io.AbstractProblemLoader.createInitConfig(AbstractProblemLoader.java:518)
	at de.uka.ilkd.key.proof.io.AbstractProblemLoader.loadEnvironment(AbstractProblemLoader.java:288)
	at de.uka.ilkd.key.proof.io.AbstractProblemLoader.load(AbstractProblemLoader.java:252)
	at de.uka.ilkd.key.control.AbstractUserInterfaceControl.load(AbstractUserInterfaceControl.java:209)
	... 7 more
Caused by: java.lang.RuntimeException: Could not find rule file rules/intRulesCheckedSemantics.key
	at de.uka.ilkd.key.proof.io.RuleSourceFactory.fromBuiltInRule(RuleSourceFactory.java:32)
	at de.uka.ilkd.key.proof.io.RuleSourceFactory.fromDefaultLocation(RuleSourceFactory.java:21)
	at de.uka.ilkd.key.nparser.builder.IncludeFinder.addInclude(IncludeFinder.java:63)
	at de.uka.ilkd.key.nparser.builder.IncludeFinder.visitOne_include(IncludeFinder.java:43)
	at de.uka.ilkd.key.nparser.builder.IncludeFinder.visitOne_include(IncludeFinder.java:20)
	at de.uka.ilkd.key.nparser.KeYParser$One_includeContext.accept(KeYParser.java:878)
	at de.uka.ilkd.key.nparser.builder.AbstractBuilder.lambda$mapOf$0(AbstractBuilder.java:112)
	at java.base/java.util.stream.ReferencePipeline$3$1.accept(ReferencePipeline.java:195)
	at java.base/java.util.ArrayList$ArrayListSpliterator.forEachRemaining(ArrayList.java:1655)
	at java.base/java.util.stream.AbstractPipeline.copyInto(AbstractPipeline.java:484)
	at java.base/java.util.stream.AbstractPipeline.wrapAndCopyInto(AbstractPipeline.java:474)
	at java.base/java.util.stream.ReduceOps$ReduceOp.evaluateSequential(ReduceOps.java:913)
	at java.base/java.util.stream.AbstractPipeline.evaluate(AbstractPipeline.java:234)
	at java.base/java.util.stream.ReferencePipeline.collect(ReferencePipeline.java:578)
	at de.uka.ilkd.key.nparser.builder.AbstractBuilder.mapOf(AbstractBuilder.java:112)
	at de.uka.ilkd.key.nparser.builder.IncludeFinder.visitOne_include_statement(IncludeFinder.java:35)
	at de.uka.ilkd.key.nparser.builder.IncludeFinder.visitOne_include_statement(IncludeFinder.java:20)
	at de.uka.ilkd.key.nparser.KeYParser$One_include_statementContext.accept(KeYParser.java:802)
	at org.antlr.v4.runtime.tree.AbstractParseTreeVisitor.visitChildren(AbstractParseTreeVisitor.java:46)
	at de.uka.ilkd.key.nparser.KeYParserBaseVisitor.visitDecls(KeYParserBaseVisitor.java:30)
	at de.uka.ilkd.key.nparser.KeYParser$DeclsContext.accept(KeYParser.java:500)
	at org.antlr.v4.runtime.tree.AbstractParseTreeVisitor.visitChildren(AbstractParseTreeVisitor.java:46)
	at de.uka.ilkd.key.nparser.KeYParserBaseVisitor.visitFile(KeYParserBaseVisitor.java:23)
	at de.uka.ilkd.key.nparser.KeYParser$FileContext.accept(KeYParser.java:306)
	at de.uka.ilkd.key.nparser.KeyAst.accept(KeyAst.java:41)
	at de.uka.ilkd.key.nparser.KeyAst$File.getIncludes(KeyAst.java:76)
	at de.uka.ilkd.key.proof.io.KeYFile.readIncludes(KeYFile.java:208)
	... 14 more
Could not find rule file rules/intRulesCheckedSemantics.key (file: /home/runner/work/key/key/key.core/../key.ui/examples/index/../InformationFlow/NewObjects/object.ObjectOrientation(object.ObjectOrientation__secure_method_call()).JML operation contract.0.key; caused by: de.uka.ilkd.key.proof.init.ProofInputException: Could not find rule file rules/intRulesCheckedSemantics.key)
	at de.uka.ilkd.key.control.AbstractUserInterfaceControl.load(AbstractUserInterfaceControl.java:221)
	at de.uka.ilkd.key.control.KeYEnvironment.load(KeYEnvironment.java:251)
	at de.uka.ilkd.key.control.KeYEnvironment.load(KeYEnvironment.java:224)
	at de.uka.ilkd.key.control.KeYEnvironment.load(KeYEnvironment.java:184)
	at de.uka.ilkd.key.control.KeYEnvironment.load(KeYEnvironment.java:261)
	at de.uka.ilkd.key.proof.runallproofs.proofcollection.TestFile.load(TestFile.java:270)
	at de.uka.ilkd.key.proof.runallproofs.proofcollection.TestFile.runKey(TestFile.java:160)
	at de.uka.ilkd.key.proof.runallproofs.proofcollection.ForkedTestFileRunner.main(ForkedTestFileRunner.java:171)
Caused by: de.uka.ilkd.key.proof.init.ProofInputException: Could not find rule file rules/intRulesCheckedSemantics.key
	at de.uka.ilkd.key.proof.io.KeYFile.readIncludes(KeYFile.java:210)
	at de.uka.ilkd.key.proof.init.ProblemInitializer.readIncludes(ProblemInitializer.java:177)
	at de.uka.ilkd.key.proof.init.ProblemInitializer.readEnvInput(ProblemInitializer.java:325)
	at de.uka.ilkd.key.proof.init.ProblemInitializer.prepare(ProblemInitializer.java:449)
	at de.uka.ilkd.key.proof.io.AbstractProblemLoader.createInitConfig(AbstractProblemLoader.java:518)
	at de.uka.ilkd.key.proof.io.AbstractProblemLoader.loadEnvironment(AbstractProblemLoader.java:288)
	at de.uka.ilkd.key.proof.io.AbstractProblemLoader.load(AbstractProblemLoader.java:252)
	at de.uka.ilkd.key.control.AbstractUserInterfaceControl.load(AbstractUserInterfaceControl.java:209)
	... 7 more
Caused by: java.lang.RuntimeException: Could not find rule file rules/intRulesCheckedSemantics.key
	at de.uka.ilkd.key.proof.io.RuleSourceFactory.fromBuiltInRule(RuleSourceFactory.java:32)
	at de.uka.ilkd.key.proof.io.RuleSourceFactory.fromDefaultLocation(RuleSourceFactory.java:21)
	at de.uka.ilkd.key.nparser.builder.IncludeFinder.addInclude(IncludeFinder.java:63)
	at de.uka.ilkd.key.nparser.builder.IncludeFinder.visitOne_include(IncludeFinder.java:43)
	at de.uka.ilkd.key.nparser.builder.IncludeFinder.visitOne_include(IncludeFinder.java:20)
	at de.uka.ilkd.key.nparser.KeYParser$One_includeContext.accept(KeYParser.java:878)
	at de.uka.ilkd.key.nparser.builder.AbstractBuilder.lambda$mapOf$0(AbstractBuilder.java:112)
	at java.base/java.util.stream.ReferencePipeline$3$1.accept(ReferencePipeline.java:195)
	at java.base/java.util.ArrayList$ArrayListSpliterator.forEachRemaining(ArrayList.java:1655)
	at java.base/java.util.stream.AbstractPipeline.copyInto(AbstractPipeline.java:484)
	at java.base/java.util.stream.AbstractPipeline.wrapAndCopyInto(AbstractPipeline.java:474)
	at java.base/java.util.stream.ReduceOps$ReduceOp.evaluateSequential(ReduceOps.java:913)
	at java.base/java.util.stream.AbstractPipeline.evaluate(AbstractPipeline.java:234)
	at java.base/java.util.stream.ReferencePipeline.collect(ReferencePipeline.java:578)
	at de.uka.ilkd.key.nparser.builder.AbstractBuilder.mapOf(AbstractBuilder.java:112)
	at de.uka.ilkd.key.nparser.builder.IncludeFinder.visitOne_include_statement(IncludeFinder.java:35)
	at de.uka.ilkd.key.nparser.builder.IncludeFinder.visitOne_include_statement(IncludeFinder.java:20)
	at de.uka.ilkd.key.nparser.KeYParser$One_include_statementContext.accept(KeYParser.java:802)
	at org.antlr.v4.runtime.tree.AbstractParseTreeVisitor.visitChildren(AbstractParseTreeVisitor.java:46)
	at de.uka.ilkd.key.nparser.KeYParserBaseVisitor.visitDecls(KeYParserBaseVisitor.java:30)
	at de.uka.ilkd.key.nparser.KeYParser$DeclsContext.accept(KeYParser.java:500)
	at org.antlr.v4.runtime.tree.AbstractParseTreeVisitor.visitChildren(AbstractParseTreeVisitor.java:46)
	at de.uka.ilkd.key.nparser.KeYParserBaseVisitor.visitFile(KeYParserBaseVisitor.java:23)
	at de.uka.ilkd.key.nparser.KeYParser$FileContext.accept(KeYParser.java:306)
	at de.uka.ilkd.key.nparser.KeyAst.accept(KeyAst.java:41)
	at de.uka.ilkd.key.nparser.KeyAst$File.getIncludes(KeyAst.java:76)
	at de.uka.ilkd.key.proof.io.KeYFile.readIncludes(KeYFile.java:208)
	... 14 more
Could not find rule file rules/intRulesCheckedSemantics.key (file: /home/runner/work/key/key/key.core/../key.ui/examples/index/../InformationFlow/NewObjects/object.ObjectOrientation(object.ObjectOrientation__if_two_object_creation_next()).JML operation contract.1.key; caused by: de.uka.ilkd.key.proof.init.ProofInputException: Could not find rule file rules/intRulesCheckedSemantics.key)
	at de.uka.ilkd.key.control.AbstractUserInterfaceControl.load(AbstractUserInterfaceControl.java:221)
	at de.uka.ilkd.key.control.KeYEnvironment.load(KeYEnvironment.java:251)
	at de.uka.ilkd.key.control.KeYEnvironment.load(KeYEnvironment.java:224)
	at de.uka.ilkd.key.control.KeYEnvironment.load(KeYEnvironment.java:184)
	at de.uka.ilkd.key.control.KeYEnvironment.load(KeYEnvironment.java:261)
	at de.uka.ilkd.key.proof.runallproofs.proofcollection.TestFile.load(TestFile.java:270)
	at de.uka.ilkd.key.proof.runallproofs.proofcollection.TestFile.runKey(TestFile.java:160)
	at de.uka.ilkd.key.proof.runallproofs.proofcollection.ForkedTestFileRunner.main(ForkedTestFileRunner.java:171)
Caused by: de.uka.ilkd.key.proof.init.ProofInputException: Could not find rule file rules/intRulesCheckedSemantics.key
	at de.uka.ilkd.key.proof.io.KeYFile.readIncludes(KeYFile.java:210)
	at de.uka.ilkd.key.proof.init.ProblemInitializer.readIncludes(ProblemInitializer.java:177)
	at de.uka.ilkd.key.proof.init.ProblemInitializer.readEnvInput(ProblemInitializer.java:325)
	at de.uka.ilkd.key.proof.init.ProblemInitializer.prepare(ProblemInitializer.java:449)
	at de.uka.ilkd.key.proof.io.AbstractProblemLoader.createInitConfig(AbstractProblemLoader.java:518)
	at de.uka.ilkd.key.proof.io.AbstractProblemLoader.loadEnvironment(AbstractProblemLoader.java:288)
	at de.uka.ilkd.key.proof.io.AbstractProblemLoader.load(AbstractProblemLoader.java:252)
	at de.uka.ilkd.key.control.AbstractUserInterfaceControl.load(AbstractUserInterfaceControl.java:209)
	... 7 more
Caused by: java.lang.RuntimeException: Could not find rule file rules/intRulesCheckedSemantics.key
	at de.uka.ilkd.key.proof.io.RuleSourceFactory.fromBuiltInRule(RuleSourceFactory.java:32)
	at de.uka.ilkd.key.proof.io.RuleSourceFactory.fromDefaultLocation(RuleSourceFactory.java:21)
	at de.uka.ilkd.key.nparser.builder.IncludeFinder.addInclude(IncludeFinder.java:63)
	at de.uka.ilkd.key.nparser.builder.IncludeFinder.visitOne_include(IncludeFinder.java:43)
	at de.uka.ilkd.key.nparser.builder.IncludeFinder.visitOne_include(IncludeFinder.java:20)
	at de.uka.ilkd.key.nparser.KeYParser$One_includeContext.accept(KeYParser.java:878)
	at de.uka.ilkd.key.nparser.builder.AbstractBuilder.lambda$mapOf$0(AbstractBuilder.java:112)
	at java.base/java.util.stream.ReferencePipeline$3$1.accept(ReferencePipeline.java:195)
	at java.base/java.util.ArrayList$ArrayListSpliterator.forEachRemaining(ArrayList.java:1655)
	at java.base/java.util.stream.AbstractPipeline.copyInto(AbstractPipeline.java:484)
	at java.base/java.util.stream.AbstractPipeline.wrapAndCopyInto(AbstractPipeline.java:474)
	at java.base/java.util.stream.ReduceOps$ReduceOp.evaluateSequential(ReduceOps.java:913)
	at java.base/java.util.stream.AbstractPipeline.evaluate(AbstractPipeline.java:234)
	at java.base/java.util.stream.ReferencePipeline.collect(ReferencePipeline.java:578)
	at de.uka.ilkd.key.nparser.builder.AbstractBuilder.mapOf(AbstractBuilder.java:112)
	at de.uka.ilkd.key.nparser.builder.IncludeFinder.visitOne_include_statement(IncludeFinder.java:35)
	at de.uka.ilkd.key.nparser.builder.IncludeFinder.visitOne_include_statement(IncludeFinder.java:20)
	at de.uka.ilkd.key.nparser.KeYParser$One_include_statementContext.accept(KeYParser.java:802)
	at org.antlr.v4.runtime.tree.AbstractParseTreeVisitor.visitChildren(AbstractParseTreeVisitor.java:46)
	at de.uka.ilkd.key.nparser.KeYParserBaseVisitor.visitDecls(KeYParserBaseVisitor.java:30)
	at de.uka.ilkd.key.nparser.KeYParser$DeclsContext.accept(KeYParser.java:500)
	at org.antlr.v4.runtime.tree.AbstractParseTreeVisitor.visitChildren(AbstractParseTreeVisitor.java:46)
	at de.uka.ilkd.key.nparser.KeYParserBaseVisitor.visitFile(KeYParserBaseVisitor.java:23)
	at de.uka.ilkd.key.nparser.KeYParser$FileContext.accept(KeYParser.java:306)
	at de.uka.ilkd.key.nparser.KeyAst.accept(KeyAst.java:41)
	at de.uka.ilkd.key.nparser.KeyAst$File.getIncludes(KeyAst.java:76)
	at de.uka.ilkd.key.proof.io.KeYFile.readIncludes(KeYFile.java:208)
	... 14 more
Could not find rule file rules/intRulesCheckedSemantics.key (file: /home/runner/work/key/key/key.core/../key.ui/examples/index/../InformationFlow/NewObjects/object.ObjectOrientation(object.ObjectOrientation__if_two_object_creation_next()).JML operation contract.0.key; caused by: de.uka.ilkd.key.proof.init.ProofInputException: Could not find rule file rules/intRulesCheckedSemantics.key)
	at de.uka.ilkd.key.control.AbstractUserInterfaceControl.load(AbstractUserInterfaceControl.java:221)
	at de.uka.ilkd.key.control.KeYEnvironment.load(KeYEnvironment.java:251)
	at de.uka.ilkd.key.control.KeYEnvironment.load(KeYEnvironment.java:224)
	at de.uka.ilkd.key.control.KeYEnvironment.load(KeYEnvironment.java:184)
	at de.uka.ilkd.key.control.KeYEnvironment.load(KeYEnvironment.java:261)
	at de.uka.ilkd.key.proof.runallproofs.proofcollection.TestFile.load(TestFile.java:270)
	at de.uka.ilkd.key.proof.runallproofs.proofcollection.TestFile.runKey(TestFile.java:160)
	at de.uka.ilkd.key.proof.runallproofs.proofcollection.ForkedTestFileRunner.main(ForkedTestFileRunner.java:171)
Caused by: de.uka.ilkd.key.proof.init.ProofInputException: Could not find rule file rules/intRulesCheckedSemantics.key
	at de.uka.ilkd.key.proof.io.KeYFile.readIncludes(KeYFile.java:210)
	at de.uka.ilkd.key.proof.init.ProblemInitializer.readIncludes(ProblemInitializer.java:177)
	at de.uka.ilkd.key.proof.init.ProblemInitializer.readEnvInput(ProblemInitializer.java:325)
	at de.uka.ilkd.key.proof.init.ProblemInitializer.prepare(ProblemInitializer.java:449)
	at de.uka.ilkd.key.proof.io.AbstractProblemLoader.createInitConfig(AbstractProblemLoader.java:518)
	at de.uka.ilkd.key.proof.io.AbstractProblemLoader.loadEnvironment(AbstractProblemLoader.java:288)
	at de.uka.ilkd.key.proof.io.AbstractProblemLoader.load(AbstractProblemLoader.java:252)
	at de.uka.ilkd.key.control.AbstractUserInterfaceControl.load(AbstractUserInterfaceControl.java:209)
	... 7 more
Caused by: java.lang.RuntimeException: Could not find rule file rules/intRulesCheckedSemantics.key
	at de.uka.ilkd.key.proof.io.RuleSourceFactory.fromBuiltInRule(RuleSourceFactory.java:32)
	at de.uka.ilkd.key.proof.io.RuleSourceFactory.fromDefaultLocation(RuleSourceFactory.java:21)
	at de.uka.ilkd.key.nparser.builder.IncludeFinder.addInclude(IncludeFinder.java:63)
	at de.uka.ilkd.key.nparser.builder.IncludeFinder.visitOne_include(IncludeFinder.java:43)
	at de.uka.ilkd.key.nparser.builder.IncludeFinder.visitOne_include(IncludeFinder.java:20)
	at de.uka.ilkd.key.nparser.KeYParser$One_includeContext.accept(KeYParser.java:878)
	at de.uka.ilkd.key.nparser.builder.AbstractBuilder.lambda$mapOf$0(AbstractBuilder.java:112)
	at java.base/java.util.stream.ReferencePipeline$3$1.accept(ReferencePipeline.java:195)
	at java.base/java.util.ArrayList$ArrayListSpliterator.forEachRemaining(ArrayList.java:1655)
	at java.base/java.util.stream.AbstractPipeline.copyInto(AbstractPipeline.java:484)
	at java.base/java.util.stream.AbstractPipeline.wrapAndCopyInto(AbstractPipeline.java:474)
	at java.base/java.util.stream.ReduceOps$ReduceOp.evaluateSequential(ReduceOps.java:913)
	at java.base/java.util.stream.AbstractPipeline.evaluate(AbstractPipeline.java:234)
	at java.base/java.util.stream.ReferencePipeline.collect(ReferencePipeline.java:578)
	at de.uka.ilkd.key.nparser.builder.AbstractBuilder.mapOf(AbstractBuilder.java:112)
	at de.uka.ilkd.key.nparser.builder.IncludeFinder.visitOne_include_statement(IncludeFinder.java:35)
	at de.uka.ilkd.key.nparser.builder.IncludeFinder.visitOne_include_statement(IncludeFinder.java:20)
	at de.uka.ilkd.key.nparser.KeYParser$One_include_statementContext.accept(KeYParser.java:802)
	at org.antlr.v4.runtime.tree.AbstractParseTreeVisitor.visitChildren(AbstractParseTreeVisitor.java:46)
	at de.uka.ilkd.key.nparser.KeYParserBaseVisitor.visitDecls(KeYParserBaseVisitor.java:30)
	at de.uka.ilkd.key.nparser.KeYParser$DeclsContext.accept(KeYParser.java:500)
	at org.antlr.v4.runtime.tree.AbstractParseTreeVisitor.visitChildren(AbstractParseTreeVisitor.java:46)
	at de.uka.ilkd.key.nparser.KeYParserBaseVisitor.visitFile(KeYParserBaseVisitor.java:23)
	at de.uka.ilkd.key.nparser.KeYParser$FileContext.accept(KeYParser.java:306)
	at de.uka.ilkd.key.nparser.KeyAst.accept(KeyAst.java:41)
	at de.uka.ilkd.key.nparser.KeyAst$File.getIncludes(KeyAst.java:76)
	at de.uka.ilkd.key.proof.io.KeYFile.readIncludes(KeYFile.java:208)
	... 14 more
Could not find rule file rules/intRulesCheckedSemantics.key (file: /home/runner/work/key/key/key.core/../key.ui/examples/index/../InformationFlow/NewObjects/object.ObjectOrientation(object.ObjectOrientation__secure_if_two_object_creation()).JML operation contract.0.key; caused by: de.uka.ilkd.key.proof.init.ProofInputException: Could not find rule file rules/intRulesCheckedSemantics.key)
	at de.uka.ilkd.key.control.AbstractUserInterfaceControl.load(AbstractUserInterfaceControl.java:221)
	at de.uka.ilkd.key.control.KeYEnvironment.load(KeYEnvironment.java:251)
	at de.uka.ilkd.key.control.KeYEnvironment.load(KeYEnvironment.java:224)
	at de.uka.ilkd.key.control.KeYEnvironment.load(KeYEnvironment.java:184)
	at de.uka.ilkd.key.control.KeYEnvironment.load(KeYEnvironment.java:261)
	at de.uka.ilkd.key.proof.runallproofs.proofcollection.TestFile.load(TestFile.java:270)
	at de.uka.ilkd.key.proof.runallproofs.proofcollection.TestFile.runKey(TestFile.java:160)
	at de.uka.ilkd.key.proof.runallproofs.proofcollection.ForkedTestFileRunner.main(ForkedTestFileRunner.java:171)
Caused by: de.uka.ilkd.key.proof.init.ProofInputException: Could not find rule file rules/intRulesCheckedSemantics.key
	at de.uka.ilkd.key.proof.io.KeYFile.readIncludes(KeYFile.java:210)
	at de.uka.ilkd.key.proof.init.ProblemInitializer.readIncludes(ProblemInitializer.java:177)
	at de.uka.ilkd.key.proof.init.ProblemInitializer.readEnvInput(ProblemInitializer.java:325)
	at de.uka.ilkd.key.proof.init.ProblemInitializer.prepare(ProblemInitializer.java:449)
	at de.uka.ilkd.key.proof.io.AbstractProblemLoader.createInitConfig(AbstractProblemLoader.java:518)
	at de.uka.ilkd.key.proof.io.AbstractProblemLoader.loadEnvironment(AbstractProblemLoader.java:288)
	at de.uka.ilkd.key.proof.io.AbstractProblemLoader.load(AbstractProblemLoader.java:252)
	at de.uka.ilkd.key.control.AbstractUserInterfaceControl.load(AbstractUserInterfaceControl.java:209)
	... 7 more
Caused by: java.lang.RuntimeException: Could not find rule file rules/intRulesCheckedSemantics.key
	at de.uka.ilkd.key.proof.io.RuleSourceFactory.fromBuiltInRule(RuleSourceFactory.java:32)
	at de.uka.ilkd.key.proof.io.RuleSourceFactory.fromDefaultLocation(RuleSourceFactory.java:21)
	at de.uka.ilkd.key.nparser.builder.IncludeFinder.addInclude(IncludeFinder.java:63)
	at de.uka.ilkd.key.nparser.builder.IncludeFinder.visitOne_include(IncludeFinder.java:43)
	at de.uka.ilkd.key.nparser.builder.IncludeFinder.visitOne_include(IncludeFinder.java:20)
	at de.uka.ilkd.key.nparser.KeYParser$One_includeContext.accept(KeYParser.java:878)
	at de.uka.ilkd.key.nparser.builder.AbstractBuilder.lambda$mapOf$0(AbstractBuilder.java:112)
	at java.base/java.util.stream.ReferencePipeline$3$1.accept(ReferencePipeline.java:195)
	at java.base/java.util.ArrayList$ArrayListSpliterator.forEachRemaining(ArrayList.java:1655)
	at java.base/java.util.stream.AbstractPipeline.copyInto(AbstractPipeline.java:484)
	at java.base/java.util.stream.AbstractPipeline.wrapAndCopyInto(AbstractPipeline.java:474)
	at java.base/java.util.stream.ReduceOps$ReduceOp.evaluateSequential(ReduceOps.java:913)
	at java.base/java.util.stream.AbstractPipeline.evaluate(AbstractPipeline.java:234)
	at java.base/java.util.stream.ReferencePipeline.collect(ReferencePipeline.java:578)
	at de.uka.ilkd.key.nparser.builder.AbstractBuilder.mapOf(AbstractBuilder.java:112)
	at de.uka.ilkd.key.nparser.builder.IncludeFinder.visitOne_include_statement(IncludeFinder.java:35)
	at de.uka.ilkd.key.nparser.builder.IncludeFinder.visitOne_include_statement(IncludeFinder.java:20)
	at de.uka.ilkd.key.nparser.KeYParser$One_include_statementContext.accept(KeYParser.java:802)
	at org.antlr.v4.runtime.tree.AbstractParseTreeVisitor.visitChildren(AbstractParseTreeVisitor.java:46)
	at de.uka.ilkd.key.nparser.KeYParserBaseVisitor.visitDecls(KeYParserBaseVisitor.java:30)
	at de.uka.ilkd.key.nparser.KeYParser$DeclsContext.accept(KeYParser.java:500)
	at org.antlr.v4.runtime.tree.AbstractParseTreeVisitor.visitChildren(AbstractParseTreeVisitor.java:46)
	at de.uka.ilkd.key.nparser.KeYParserBaseVisitor.visitFile(KeYParserBaseVisitor.java:23)
	at de.uka.ilkd.key.nparser.KeYParser$FileContext.accept(KeYParser.java:306)
	at de.uka.ilkd.key.nparser.KeyAst.accept(KeyAst.java:41)
	at de.uka.ilkd.key.nparser.KeyAst$File.getIncludes(KeyAst.java:76)
	at de.uka.ilkd.key.proof.io.KeYFile.readIncludes(KeYFile.java:208)
	... 14 more
Could not find rule file rules/intRulesCheckedSemantics.key (file: /home/runner/work/key/key/key.core/../key.ui/examples/index/../InformationFlow/NewObjects/object.ObjectOrientation(object.ObjectOrientation__insecure_two_object_creation()).JML operation contract.0.key; caused by: de.uka.ilkd.key.proof.init.ProofInputException: Could not find rule file rules/intRulesCheckedSemantics.key)
	at de.uka.ilkd.key.control.AbstractUserInterfaceControl.load(AbstractUserInterfaceControl.java:221)
	at de.uka.ilkd.key.control.KeYEnvironment.load(KeYEnvironment.java:251)
	at de.uka.ilkd.key.control.KeYEnvironment.load(KeYEnvironment.java:224)
	at de.uka.ilkd.key.control.KeYEnvironment.load(KeYEnvironment.java:184)
	at de.uka.ilkd.key.control.KeYEnvironment.load(KeYEnvironment.java:261)
	at de.uka.ilkd.key.proof.runallproofs.proofcollection.TestFile.load(TestFile.java:270)
	at de.uka.ilkd.key.proof.runallproofs.proofcollection.TestFile.runKey(TestFile.java:160)
	at de.uka.ilkd.key.proof.runallproofs.proofcollection.ForkedTestFileRunner.main(ForkedTestFileRunner.java:171)
Caused by: de.uka.ilkd.key.proof.init.ProofInputException: Could not find rule file rules/intRulesCheckedSemantics.key
	at de.uka.ilkd.key.proof.io.KeYFile.readIncludes(KeYFile.java:210)
	at de.uka.ilkd.key.proof.init.ProblemInitializer.readIncludes(ProblemInitializer.java:177)
	at de.uka.ilkd.key.proof.init.ProblemInitializer.readEnvInput(ProblemInitializer.java:325)
	at de.uka.ilkd.key.proof.init.ProblemInitializer.prepare(ProblemInitializer.java:449)
	at de.uka.ilkd.key.proof.io.AbstractProblemLoader.createInitConfig(AbstractProblemLoader.java:518)
	at de.uka.ilkd.key.proof.io.AbstractProblemLoader.loadEnvironment(AbstractProblemLoader.java:288)
	at de.uka.ilkd.key.proof.io.AbstractProblemLoader.load(AbstractProblemLoader.java:252)
	at de.uka.ilkd.key.control.AbstractUserInterfaceControl.load(AbstractUserInterfaceControl.java:209)
	... 7 more
Caused by: java.lang.RuntimeException: Could not find rule file rules/intRulesCheckedSemantics.key
	at de.uka.ilkd.key.proof.io.RuleSourceFactory.fromBuiltInRule(RuleSourceFactory.java:32)
	at de.uka.ilkd.key.proof.io.RuleSourceFactory.fromDefaultLocation(RuleSourceFactory.java:21)
	at de.uka.ilkd.key.nparser.builder.IncludeFinder.addInclude(IncludeFinder.java:63)
	at de.uka.ilkd.key.nparser.builder.IncludeFinder.visitOne_include(IncludeFinder.java:43)
	at de.uka.ilkd.key.nparser.builder.IncludeFinder.visitOne_include(IncludeFinder.java:20)
	at de.uka.ilkd.key.nparser.KeYParser$One_includeContext.accept(KeYParser.java:878)
	at de.uka.ilkd.key.nparser.builder.AbstractBuilder.lambda$mapOf$0(AbstractBuilder.java:112)
	at java.base/java.util.stream.ReferencePipeline$3$1.accept(ReferencePipeline.java:195)
	at java.base/java.util.ArrayList$ArrayListSpliterator.forEachRemaining(ArrayList.java:1655)
	at java.base/java.util.stream.AbstractPipeline.copyInto(AbstractPipeline.java:484)
	at java.base/java.util.stream.AbstractPipeline.wrapAndCopyInto(AbstractPipeline.java:474)
	at java.base/java.util.stream.ReduceOps$ReduceOp.evaluateSequential(ReduceOps.java:913)
	at java.base/java.util.stream.AbstractPipeline.evaluate(AbstractPipeline.java:234)
	at java.base/java.util.stream.ReferencePipeline.collect(ReferencePipeline.java:578)
	at de.uka.ilkd.key.nparser.builder.AbstractBuilder.mapOf(AbstractBuilder.java:112)
	at de.uka.ilkd.key.nparser.builder.IncludeFinder.visitOne_include_statement(IncludeFinder.java:35)
	at de.uka.ilkd.key.nparser.builder.IncludeFinder.visitOne_include_statement(IncludeFinder.java:20)
	at de.uka.ilkd.key.nparser.KeYParser$One_include_statementContext.accept(KeYParser.java:802)
	at org.antlr.v4.runtime.tree.AbstractParseTreeVisitor.visitChildren(AbstractParseTreeVisitor.java:46)
	at de.uka.ilkd.key.nparser.KeYParserBaseVisitor.visitDecls(KeYParserBaseVisitor.java:30)
	at de.uka.ilkd.key.nparser.KeYParser$DeclsContext.accept(KeYParser.java:500)
	at org.antlr.v4.runtime.tree.AbstractParseTreeVisitor.visitChildren(AbstractParseTreeVisitor.java:46)
	at de.uka.ilkd.key.nparser.KeYParserBaseVisitor.visitFile(KeYParserBaseVisitor.java:23)
	at de.uka.ilkd.key.nparser.KeYParser$FileContext.accept(KeYParser.java:306)
	at de.uka.ilkd.key.nparser.KeyAst.accept(KeyAst.java:41)
	at de.uka.ilkd.key.nparser.KeyAst$File.getIncludes(KeyAst.java:76)
	at de.uka.ilkd.key.proof.io.KeYFile.readIncludes(KeYFile.java:208)
	... 14 more
Could not find rule file rules/intRulesCheckedSemantics.key (file: /home/runner/work/key/key/key.core/../key.ui/examples/index/../InformationFlow/NewObjects/object.ObjectOrientation(object.ObjectOrientation__secure_two_object_creation()).JML normal_behavior operation contract.0.key; caused by: de.uka.ilkd.key.proof.init.ProofInputException: Could not find rule file rules/intRulesCheckedSemantics.key)
	at de.uka.ilkd.key.control.AbstractUserInterfaceControl.load(AbstractUserInterfaceControl.java:221)
	at de.uka.ilkd.key.control.KeYEnvironment.load(KeYEnvironment.java:251)
	at de.uka.ilkd.key.control.KeYEnvironment.load(KeYEnvironment.java:224)
	at de.uka.ilkd.key.control.KeYEnvironment.load(KeYEnvironment.java:184)
	at de.uka.ilkd.key.control.KeYEnvironment.load(KeYEnvironment.java:261)
	at de.uka.ilkd.key.proof.runallproofs.proofcollection.TestFile.load(TestFile.java:270)
	at de.uka.ilkd.key.proof.runallproofs.proofcollection.TestFile.runKey(TestFile.java:160)
	at de.uka.ilkd.key.proof.runallproofs.proofcollection.ForkedTestFileRunner.main(ForkedTestFileRunner.java:171)
Caused by: de.uka.ilkd.key.proof.init.ProofInputException: Could not find rule file rules/intRulesCheckedSemantics.key
	at de.uka.ilkd.key.proof.io.KeYFile.readIncludes(KeYFile.java:210)
	at de.uka.ilkd.key.proof.init.ProblemInitializer.readIncludes(ProblemInitializer.java:177)
	at de.uka.ilkd.key.proof.init.ProblemInitializer.readEnvInput(ProblemInitializer.java:325)
	at de.uka.ilkd.key.proof.init.ProblemInitializer.prepare(ProblemInitializer.java:449)
	at de.uka.ilkd.key.proof.io.AbstractProblemLoader.createInitConfig(AbstractProblemLoader.java:518)
	at de.uka.ilkd.key.proof.io.AbstractProblemLoader.loadEnvironment(AbstractProblemLoader.java:288)
	at de.uka.ilkd.key.proof.io.AbstractProblemLoader.load(AbstractProblemLoader.java:252)
	at de.uka.ilkd.key.control.AbstractUserInterfaceControl.load(AbstractUserInterfaceControl.java:209)
	... 7 more
Caused by: java.lang.RuntimeException: Could not find rule file rules/intRulesCheckedSemantics.key
	at de.uka.ilkd.key.proof.io.RuleSourceFactory.fromBuiltInRule(RuleSourceFactory.java:32)
	at de.uka.ilkd.key.proof.io.RuleSourceFactory.fromDefaultLocation(RuleSourceFactory.java:21)
	at de.uka.ilkd.key.nparser.builder.IncludeFinder.addInclude(IncludeFinder.java:63)
	at de.uka.ilkd.key.nparser.builder.IncludeFinder.visitOne_include(IncludeFinder.java:43)
	at de.uka.ilkd.key.nparser.builder.IncludeFinder.visitOne_include(IncludeFinder.java:20)
	at de.uka.ilkd.key.nparser.KeYParser$One_includeContext.accept(KeYParser.java:878)
	at de.uka.ilkd.key.nparser.builder.AbstractBuilder.lambda$mapOf$0(AbstractBuilder.java:112)
	at java.base/java.util.stream.ReferencePipeline$3$1.accept(ReferencePipeline.java:195)
	at java.base/java.util.ArrayList$ArrayListSpliterator.forEachRemaining(ArrayList.java:1655)
	at java.base/java.util.stream.AbstractPipeline.copyInto(AbstractPipeline.java:484)
	at java.base/java.util.stream.AbstractPipeline.wrapAndCopyInto(AbstractPipeline.java:474)
	at java.base/java.util.stream.ReduceOps$ReduceOp.evaluateSequential(ReduceOps.java:913)
	at java.base/java.util.stream.AbstractPipeline.evaluate(AbstractPipeline.java:234)
	at java.base/java.util.stream.ReferencePipeline.collect(ReferencePipeline.java:578)
	at de.uka.ilkd.key.nparser.builder.AbstractBuilder.mapOf(AbstractBuilder.java:112)
	at de.uka.ilkd.key.nparser.builder.IncludeFinder.visitOne_include_statement(IncludeFinder.java:35)
	at de.uka.ilkd.key.nparser.builder.IncludeFinder.visitOne_include_statement(IncludeFinder.java:20)
	at de.uka.ilkd.key.nparser.KeYParser$One_include_statementContext.accept(KeYParser.java:802)
	at org.antlr.v4.runtime.tree.AbstractParseTreeVisitor.visitChildren(AbstractParseTreeVisitor.java:46)
	at de.uka.ilkd.key.nparser.KeYParserBaseVisitor.visitDecls(KeYParserBaseVisitor.java:30)
	at de.uka.ilkd.key.nparser.KeYParser$DeclsContext.accept(KeYParser.java:500)
	at org.antlr.v4.runtime.tree.AbstractParseTreeVisitor.visitChildren(AbstractParseTreeVisitor.java:46)
	at de.uka.ilkd.key.nparser.KeYParserBaseVisitor.visitFile(KeYParserBaseVisitor.java:23)
	at de.uka.ilkd.key.nparser.KeYParser$FileContext.accept(KeYParser.java:306)
	at de.uka.ilkd.key.nparser.KeyAst.accept(KeyAst.java:41)
	at de.uka.ilkd.key.nparser.KeyAst$File.getIncludes(KeyAst.java:76)
	at de.uka.ilkd.key.proof.io.KeYFile.readIncludes(KeYFile.java:208)
	... 14 more
Could not find rule file rules/intRulesCheckedSemantics.key (file: /home/runner/work/key/key/key.core/../key.ui/examples/index/../InformationFlow/NewObjects/object.ObjectOrientation(object.ObjectOrientation__insecure_object_assignment()).JML operation contract.1.key; caused by: de.uka.ilkd.key.proof.init.ProofInputException: Could not find rule file rules/intRulesCheckedSemantics.key)
	at de.uka.ilkd.key.control.AbstractUserInterfaceControl.load(AbstractUserInterfaceControl.java:221)
	at de.uka.ilkd.key.control.KeYEnvironment.load(KeYEnvironment.java:251)
	at de.uka.ilkd.key.control.KeYEnvironment.load(KeYEnvironment.java:224)
	at de.uka.ilkd.key.control.KeYEnvironment.load(KeYEnvironment.java:184)
	at de.uka.ilkd.key.control.KeYEnvironment.load(KeYEnvironment.java:261)
	at de.uka.ilkd.key.proof.runallproofs.proofcollection.TestFile.load(TestFile.java:270)
	at de.uka.ilkd.key.proof.runallproofs.proofcollection.TestFile.runKey(TestFile.java:160)
	at de.uka.ilkd.key.proof.runallproofs.proofcollection.ForkedTestFileRunner.main(ForkedTestFileRunner.java:171)
Caused by: de.uka.ilkd.key.proof.init.ProofInputException: Could not find rule file rules/intRulesCheckedSemantics.key
	at de.uka.ilkd.key.proof.io.KeYFile.readIncludes(KeYFile.java:210)
	at de.uka.ilkd.key.proof.init.ProblemInitializer.readIncludes(ProblemInitializer.java:177)
	at de.uka.ilkd.key.proof.init.ProblemInitializer.readEnvInput(ProblemInitializer.java:325)
	at de.uka.ilkd.key.proof.init.ProblemInitializer.prepare(ProblemInitializer.java:449)
	at de.uka.ilkd.key.proof.io.AbstractProblemLoader.createInitConfig(AbstractProblemLoader.java:518)
	at de.uka.ilkd.key.proof.io.AbstractProblemLoader.loadEnvironment(AbstractProblemLoader.java:288)
	at de.uka.ilkd.key.proof.io.AbstractProblemLoader.load(AbstractProblemLoader.java:252)
	at de.uka.ilkd.key.control.AbstractUserInterfaceControl.load(AbstractUserInterfaceControl.java:209)
	... 7 more
Caused by: java.lang.RuntimeException: Could not find rule file rules/intRulesCheckedSemantics.key
	at de.uka.ilkd.key.proof.io.RuleSourceFactory.fromBuiltInRule(RuleSourceFactory.java:32)
	at de.uka.ilkd.key.proof.io.RuleSourceFactory.fromDefaultLocation(RuleSourceFactory.java:21)
	at de.uka.ilkd.key.nparser.builder.IncludeFinder.addInclude(IncludeFinder.java:63)
	at de.uka.ilkd.key.nparser.builder.IncludeFinder.visitOne_include(IncludeFinder.java:43)
	at de.uka.ilkd.key.nparser.builder.IncludeFinder.visitOne_include(IncludeFinder.java:20)
	at de.uka.ilkd.key.nparser.KeYParser$One_includeContext.accept(KeYParser.java:878)
	at de.uka.ilkd.key.nparser.builder.AbstractBuilder.lambda$mapOf$0(AbstractBuilder.java:112)
	at java.base/java.util.stream.ReferencePipeline$3$1.accept(ReferencePipeline.java:195)
	at java.base/java.util.ArrayList$ArrayListSpliterator.forEachRemaining(ArrayList.java:1655)
	at java.base/java.util.stream.AbstractPipeline.copyInto(AbstractPipeline.java:484)
	at java.base/java.util.stream.AbstractPipeline.wrapAndCopyInto(AbstractPipeline.java:474)
	at java.base/java.util.stream.ReduceOps$ReduceOp.evaluateSequential(ReduceOps.java:913)
	at java.base/java.util.stream.AbstractPipeline.evaluate(AbstractPipeline.java:234)
	at java.base/java.util.stream.ReferencePipeline.collect(ReferencePipeline.java:578)
	at de.uka.ilkd.key.nparser.builder.AbstractBuilder.mapOf(AbstractBuilder.java:112)
	at de.uka.ilkd.key.nparser.builder.IncludeFinder.visitOne_include_statement(IncludeFinder.java:35)
	at de.uka.ilkd.key.nparser.builder.IncludeFinder.visitOne_include_statement(IncludeFinder.java:20)
	at de.uka.ilkd.key.nparser.KeYParser$One_include_statementContext.accept(KeYParser.java:802)
	at org.antlr.v4.runtime.tree.AbstractParseTreeVisitor.visitChildren(AbstractParseTreeVisitor.java:46)
	at de.uka.ilkd.key.nparser.KeYParserBaseVisitor.visitDecls(KeYParserBaseVisitor.java:30)
	at de.uka.ilkd.key.nparser.KeYParser$DeclsContext.accept(KeYParser.java:500)
	at org.antlr.v4.runtime.tree.AbstractParseTreeVisitor.visitChildren(AbstractParseTreeVisitor.java:46)
	at de.uka.ilkd.key.nparser.KeYParserBaseVisitor.visitFile(KeYParserBaseVisitor.java:23)
	at de.uka.ilkd.key.nparser.KeYParser$FileContext.accept(KeYParser.java:306)
	at de.uka.ilkd.key.nparser.KeyAst.accept(KeyAst.java:41)
	at de.uka.ilkd.key.nparser.KeyAst$File.getIncludes(KeyAst.java:76)
	at de.uka.ilkd.key.proof.io.KeYFile.readIncludes(KeYFile.java:208)
	... 14 more
Could not find rule file rules/intRulesCheckedSemantics.key (file: /home/runner/work/key/key/key.core/../key.ui/examples/index/../InformationFlow/NewObjects/object.ObjectOrientation(object.ObjectOrientation__insecure_object_assignment()).JML operation contract.0.key; caused by: de.uka.ilkd.key.proof.init.ProofInputException: Could not find rule file rules/intRulesCheckedSemantics.key)
	at de.uka.ilkd.key.control.AbstractUserInterfaceControl.load(AbstractUserInterfaceControl.java:221)
	at de.uka.ilkd.key.control.KeYEnvironment.load(KeYEnvironment.java:251)
	at de.uka.ilkd.key.control.KeYEnvironment.load(KeYEnvironment.java:224)
	at de.uka.ilkd.key.control.KeYEnvironment.load(KeYEnvironment.java:184)
	at de.uka.ilkd.key.control.KeYEnvironment.load(KeYEnvironment.java:261)
	at de.uka.ilkd.key.proof.runallproofs.proofcollection.TestFile.load(TestFile.java:270)
	at de.uka.ilkd.key.proof.runallproofs.proofcollection.TestFile.runKey(TestFile.java:160)
	at de.uka.ilkd.key.proof.runallproofs.proofcollection.ForkedTestFileRunner.main(ForkedTestFileRunner.java:171)
Caused by: de.uka.ilkd.key.proof.init.ProofInputException: Could not find rule file rules/intRulesCheckedSemantics.key
	at de.uka.ilkd.key.proof.io.KeYFile.readIncludes(KeYFile.java:210)
	at de.uka.ilkd.key.proof.init.ProblemInitializer.readIncludes(ProblemInitializer.java:177)
	at de.uka.ilkd.key.proof.init.ProblemInitializer.readEnvInput(ProblemInitializer.java:325)
	at de.uka.ilkd.key.proof.init.ProblemInitializer.prepare(ProblemInitializer.java:449)
	at de.uka.ilkd.key.proof.io.AbstractProblemLoader.createInitConfig(AbstractProblemLoader.java:518)
	at de.uka.ilkd.key.proof.io.AbstractProblemLoader.loadEnvironment(AbstractProblemLoader.java:288)
	at de.uka.ilkd.key.proof.io.AbstractProblemLoader.load(AbstractProblemLoader.java:252)
	at de.uka.ilkd.key.control.AbstractUserInterfaceControl.load(AbstractUserInterfaceControl.java:209)
	... 7 more
Caused by: java.lang.RuntimeException: Could not find rule file rules/intRulesCheckedSemantics.key
	at de.uka.ilkd.key.proof.io.RuleSourceFactory.fromBuiltInRule(RuleSourceFactory.java:32)
	at de.uka.ilkd.key.proof.io.RuleSourceFactory.fromDefaultLocation(RuleSourceFactory.java:21)
	at de.uka.ilkd.key.nparser.builder.IncludeFinder.addInclude(IncludeFinder.java:63)
	at de.uka.ilkd.key.nparser.builder.IncludeFinder.visitOne_include(IncludeFinder.java:43)
	at de.uka.ilkd.key.nparser.builder.IncludeFinder.visitOne_include(IncludeFinder.java:20)
	at de.uka.ilkd.key.nparser.KeYParser$One_includeContext.accept(KeYParser.java:878)
	at de.uka.ilkd.key.nparser.builder.AbstractBuilder.lambda$mapOf$0(AbstractBuilder.java:112)
	at java.base/java.util.stream.ReferencePipeline$3$1.accept(ReferencePipeline.java:195)
	at java.base/java.util.ArrayList$ArrayListSpliterator.forEachRemaining(ArrayList.java:1655)
	at java.base/java.util.stream.AbstractPipeline.copyInto(AbstractPipeline.java:484)
	at java.base/java.util.stream.AbstractPipeline.wrapAndCopyInto(AbstractPipeline.java:474)
	at java.base/java.util.stream.ReduceOps$ReduceOp.evaluateSequential(ReduceOps.java:913)
	at java.base/java.util.stream.AbstractPipeline.evaluate(AbstractPipeline.java:234)
	at java.base/java.util.stream.ReferencePipeline.collect(ReferencePipeline.java:578)
	at de.uka.ilkd.key.nparser.builder.AbstractBuilder.mapOf(AbstractBuilder.java:112)
	at de.uka.ilkd.key.nparser.builder.IncludeFinder.visitOne_include_statement(IncludeFinder.java:35)
	at de.uka.ilkd.key.nparser.builder.IncludeFinder.visitOne_include_statement(IncludeFinder.java:20)
	at de.uka.ilkd.key.nparser.KeYParser$One_include_statementContext.accept(KeYParser.java:802)
	at org.antlr.v4.runtime.tree.AbstractParseTreeVisitor.visitChildren(AbstractParseTreeVisitor.java:46)
	at de.uka.ilkd.key.nparser.KeYParserBaseVisitor.visitDecls(KeYParserBaseVisitor.java:30)
	at de.uka.ilkd.key.nparser.KeYParser$DeclsContext.accept(KeYParser.java:500)
	at org.antlr.v4.runtime.tree.AbstractParseTreeVisitor.visitChildren(AbstractParseTreeVisitor.java:46)
	at de.uka.ilkd.key.nparser.KeYParserBaseVisitor.visitFile(KeYParserBaseVisitor.java:23)
	at de.uka.ilkd.key.nparser.KeYParser$FileContext.accept(KeYParser.java:306)
	at de.uka.ilkd.key.nparser.KeyAst.accept(KeyAst.java:41)
	at de.uka.ilkd.key.nparser.KeyAst$File.getIncludes(KeyAst.java:76)
	at de.uka.ilkd.key.proof.io.KeYFile.readIncludes(KeYFile.java:208)
	... 14 more
Could not find rule file rules/intRulesCheckedSemantics.key (file: /home/runner/work/key/key/key.core/../key.ui/examples/index/../InformationFlow/NewObjects/object.ObjectOrientation(object.ObjectOrientation__secure_object_creation_3()).JML operation contract.0.key; caused by: de.uka.ilkd.key.proof.init.ProofInputException: Could not find rule file rules/intRulesCheckedSemantics.key)
	at de.uka.ilkd.key.control.AbstractUserInterfaceControl.load(AbstractUserInterfaceControl.java:221)
	at de.uka.ilkd.key.control.KeYEnvironment.load(KeYEnvironment.java:251)
	at de.uka.ilkd.key.control.KeYEnvironment.load(KeYEnvironment.java:224)
	at de.uka.ilkd.key.control.KeYEnvironment.load(KeYEnvironment.java:184)
	at de.uka.ilkd.key.control.KeYEnvironment.load(KeYEnvironment.java:261)
	at de.uka.ilkd.key.proof.runallproofs.proofcollection.TestFile.load(TestFile.java:270)
	at de.uka.ilkd.key.proof.runallproofs.proofcollection.TestFile.runKey(TestFile.java:160)
	at de.uka.ilkd.key.proof.runallproofs.proofcollection.ForkedTestFileRunner.main(ForkedTestFileRunner.java:171)
Caused by: de.uka.ilkd.key.proof.init.ProofInputException: Could not find rule file rules/intRulesCheckedSemantics.key
	at de.uka.ilkd.key.proof.io.KeYFile.readIncludes(KeYFile.java:210)
	at de.uka.ilkd.key.proof.init.ProblemInitializer.readIncludes(ProblemInitializer.java:177)
	at de.uka.ilkd.key.proof.init.ProblemInitializer.readEnvInput(ProblemInitializer.java:325)
	at de.uka.ilkd.key.proof.init.ProblemInitializer.prepare(ProblemInitializer.java:449)
	at de.uka.ilkd.key.proof.io.AbstractProblemLoader.createInitConfig(AbstractProblemLoader.java:518)
	at de.uka.ilkd.key.proof.io.AbstractProblemLoader.loadEnvironment(AbstractProblemLoader.java:288)
	at de.uka.ilkd.key.proof.io.AbstractProblemLoader.load(AbstractProblemLoader.java:252)
	at de.uka.ilkd.key.control.AbstractUserInterfaceControl.load(AbstractUserInterfaceControl.java:209)
	... 7 more
Caused by: java.lang.RuntimeException: Could not find rule file rules/intRulesCheckedSemantics.key
	at de.uka.ilkd.key.proof.io.RuleSourceFactory.fromBuiltInRule(RuleSourceFactory.java:32)
	at de.uka.ilkd.key.proof.io.RuleSourceFactory.fromDefaultLocation(RuleSourceFactory.java:21)
	at de.uka.ilkd.key.nparser.builder.IncludeFinder.addInclude(IncludeFinder.java:63)
	at de.uka.ilkd.key.nparser.builder.IncludeFinder.visitOne_include(IncludeFinder.java:43)
	at de.uka.ilkd.key.nparser.builder.IncludeFinder.visitOne_include(IncludeFinder.java:20)
	at de.uka.ilkd.key.nparser.KeYParser$One_includeContext.accept(KeYParser.java:878)
	at de.uka.ilkd.key.nparser.builder.AbstractBuilder.lambda$mapOf$0(AbstractBuilder.java:112)
	at java.base/java.util.stream.ReferencePipeline$3$1.accept(ReferencePipeline.java:195)
	at java.base/java.util.ArrayList$ArrayListSpliterator.forEachRemaining(ArrayList.java:1655)
	at java.base/java.util.stream.AbstractPipeline.copyInto(AbstractPipeline.java:484)
	at java.base/java.util.stream.AbstractPipeline.wrapAndCopyInto(AbstractPipeline.java:474)
	at java.base/java.util.stream.ReduceOps$ReduceOp.evaluateSequential(ReduceOps.java:913)
	at java.base/java.util.stream.AbstractPipeline.evaluate(AbstractPipeline.java:234)
	at java.base/java.util.stream.ReferencePipeline.collect(ReferencePipeline.java:578)
	at de.uka.ilkd.key.nparser.builder.AbstractBuilder.mapOf(AbstractBuilder.java:112)
	at de.uka.ilkd.key.nparser.builder.IncludeFinder.visitOne_include_statement(IncludeFinder.java:35)
	at de.uka.ilkd.key.nparser.builder.IncludeFinder.visitOne_include_statement(IncludeFinder.java:20)
	at de.uka.ilkd.key.nparser.KeYParser$One_include_statementContext.accept(KeYParser.java:802)
	at org.antlr.v4.runtime.tree.AbstractParseTreeVisitor.visitChildren(AbstractParseTreeVisitor.java:46)
	at de.uka.ilkd.key.nparser.KeYParserBaseVisitor.visitDecls(KeYParserBaseVisitor.java:30)
	at de.uka.ilkd.key.nparser.KeYParser$DeclsContext.accept(KeYParser.java:500)
	at org.antlr.v4.runtime.tree.AbstractParseTreeVisitor.visitChildren(AbstractParseTreeVisitor.java:46)
	at de.uka.ilkd.key.nparser.KeYParserBaseVisitor.visitFile(KeYParserBaseVisitor.java:23)
	at de.uka.ilkd.key.nparser.KeYParser$FileContext.accept(KeYParser.java:306)
	at de.uka.ilkd.key.nparser.KeyAst.accept(KeyAst.java:41)
	at de.uka.ilkd.key.nparser.KeyAst$File.getIncludes(KeyAst.java:76)
	at de.uka.ilkd.key.proof.io.KeYFile.readIncludes(KeYFile.java:208)
	... 14 more
Could not find rule file rules/intRulesCheckedSemantics.key (file: /home/runner/work/key/key/key.core/../key.ui/examples/index/../InformationFlow/NewObjects/object.ObjectOrientation(object.ObjectOrientation__secure_object_creation_2()).JML operation contract.0.key; caused by: de.uka.ilkd.key.proof.init.ProofInputException: Could not find rule file rules/intRulesCheckedSemantics.key)
	at de.uka.ilkd.key.control.AbstractUserInterfaceControl.load(AbstractUserInterfaceControl.java:221)
	at de.uka.ilkd.key.control.KeYEnvironment.load(KeYEnvironment.java:251)
	at de.uka.ilkd.key.control.KeYEnvironment.load(KeYEnvironment.java:224)
	at de.uka.ilkd.key.control.KeYEnvironment.load(KeYEnvironment.java:184)
	at de.uka.ilkd.key.control.KeYEnvironment.load(KeYEnvironment.java:261)
	at de.uka.ilkd.key.proof.runallproofs.proofcollection.TestFile.load(TestFile.java:270)
	at de.uka.ilkd.key.proof.runallproofs.proofcollection.TestFile.runKey(TestFile.java:160)
	at de.uka.ilkd.key.proof.runallproofs.proofcollection.ForkedTestFileRunner.main(ForkedTestFileRunner.java:171)
Caused by: de.uka.ilkd.key.proof.init.ProofInputException: Could not find rule file rules/intRulesCheckedSemantics.key
	at de.uka.ilkd.key.proof.io.KeYFile.readIncludes(KeYFile.java:210)
	at de.uka.ilkd.key.proof.init.ProblemInitializer.readIncludes(ProblemInitializer.java:177)
	at de.uka.ilkd.key.proof.init.ProblemInitializer.readEnvInput(ProblemInitializer.java:325)
	at de.uka.ilkd.key.proof.init.ProblemInitializer.prepare(ProblemInitializer.java:449)
	at de.uka.ilkd.key.proof.io.AbstractProblemLoader.createInitConfig(AbstractProblemLoader.java:518)
	at de.uka.ilkd.key.proof.io.AbstractProblemLoader.loadEnvironment(AbstractProblemLoader.java:288)
	at de.uka.ilkd.key.proof.io.AbstractProblemLoader.load(AbstractProblemLoader.java:252)
	at de.uka.ilkd.key.control.AbstractUserInterfaceControl.load(AbstractUserInterfaceControl.java:209)
	... 7 more
Caused by: java.lang.RuntimeException: Could not find rule file rules/intRulesCheckedSemantics.key
	at de.uka.ilkd.key.proof.io.RuleSourceFactory.fromBuiltInRule(RuleSourceFactory.java:32)
	at de.uka.ilkd.key.proof.io.RuleSourceFactory.fromDefaultLocation(RuleSourceFactory.java:21)
	at de.uka.ilkd.key.nparser.builder.IncludeFinder.addInclude(IncludeFinder.java:63)
	at de.uka.ilkd.key.nparser.builder.IncludeFinder.visitOne_include(IncludeFinder.java:43)
	at de.uka.ilkd.key.nparser.builder.IncludeFinder.visitOne_include(IncludeFinder.java:20)
	at de.uka.ilkd.key.nparser.KeYParser$One_includeContext.accept(KeYParser.java:878)
	at de.uka.ilkd.key.nparser.builder.AbstractBuilder.lambda$mapOf$0(AbstractBuilder.java:112)
	at java.base/java.util.stream.ReferencePipeline$3$1.accept(ReferencePipeline.java:195)
	at java.base/java.util.ArrayList$ArrayListSpliterator.forEachRemaining(ArrayList.java:1655)
	at java.base/java.util.stream.AbstractPipeline.copyInto(AbstractPipeline.java:484)
	at java.base/java.util.stream.AbstractPipeline.wrapAndCopyInto(AbstractPipeline.java:474)
	at java.base/java.util.stream.ReduceOps$ReduceOp.evaluateSequential(ReduceOps.java:913)
	at java.base/java.util.stream.AbstractPipeline.evaluate(AbstractPipeline.java:234)
	at java.base/java.util.stream.ReferencePipeline.collect(ReferencePipeline.java:578)
	at de.uka.ilkd.key.nparser.builder.AbstractBuilder.mapOf(AbstractBuilder.java:112)
	at de.uka.ilkd.key.nparser.builder.IncludeFinder.visitOne_include_statement(IncludeFinder.java:35)
	at de.uka.ilkd.key.nparser.builder.IncludeFinder.visitOne_include_statement(IncludeFinder.java:20)
	at de.uka.ilkd.key.nparser.KeYParser$One_include_statementContext.accept(KeYParser.java:802)
	at org.antlr.v4.runtime.tree.AbstractParseTreeVisitor.visitChildren(AbstractParseTreeVisitor.java:46)
	at de.uka.ilkd.key.nparser.KeYParserBaseVisitor.visitDecls(KeYParserBaseVisitor.java:30)
	at de.uka.ilkd.key.nparser.KeYParser$DeclsContext.accept(KeYParser.java:500)
	at org.antlr.v4.runtime.tree.AbstractParseTreeVisitor.visitChildren(AbstractParseTreeVisitor.java:46)
	at de.uka.ilkd.key.nparser.KeYParserBaseVisitor.visitFile(KeYParserBaseVisitor.java:23)
	at de.uka.ilkd.key.nparser.KeYParser$FileContext.accept(KeYParser.java:306)
	at de.uka.ilkd.key.nparser.KeyAst.accept(KeyAst.java:41)
	at de.uka.ilkd.key.nparser.KeyAst$File.getIncludes(KeyAst.java:76)
	at de.uka.ilkd.key.proof.io.KeYFile.readIncludes(KeYFile.java:208)
	... 14 more
Could not find rule file rules/intRulesCheckedSemantics.key (file: /home/runner/work/key/key/key.core/../key.ui/examples/index/../InformationFlow/NewObjects/object.ObjectOrientation(object.ObjectOrientation__secure_object_creation()).JML operation contract.0.key; caused by: de.uka.ilkd.key.proof.init.ProofInputException: Could not find rule file rules/intRulesCheckedSemantics.key)
	at de.uka.ilkd.key.control.AbstractUserInterfaceControl.load(AbstractUserInterfaceControl.java:221)
	at de.uka.ilkd.key.control.KeYEnvironment.load(KeYEnvironment.java:251)
	at de.uka.ilkd.key.control.KeYEnvironment.load(KeYEnvironment.java:224)
	at de.uka.ilkd.key.control.KeYEnvironment.load(KeYEnvironment.java:184)
	at de.uka.ilkd.key.control.KeYEnvironment.load(KeYEnvironment.java:261)
	at de.uka.ilkd.key.proof.runallproofs.proofcollection.TestFile.load(TestFile.java:270)
	at de.uka.ilkd.key.proof.runallproofs.proofcollection.TestFile.runKey(TestFile.java:160)
	at de.uka.ilkd.key.proof.runallproofs.proofcollection.ForkedTestFileRunner.main(ForkedTestFileRunner.java:171)
Caused by: de.uka.ilkd.key.proof.init.ProofInputException: Could not find rule file rules/intRulesCheckedSemantics.key
	at de.uka.ilkd.key.proof.io.KeYFile.readIncludes(KeYFile.java:210)
	at de.uka.ilkd.key.proof.init.ProblemInitializer.readIncludes(ProblemInitializer.java:177)
	at de.uka.ilkd.key.proof.init.ProblemInitializer.readEnvInput(ProblemInitializer.java:325)
	at de.uka.ilkd.key.proof.init.ProblemInitializer.prepare(ProblemInitializer.java:449)
	at de.uka.ilkd.key.proof.io.AbstractProblemLoader.createInitConfig(AbstractProblemLoader.java:518)
	at de.uka.ilkd.key.proof.io.AbstractProblemLoader.loadEnvironment(AbstractProblemLoader.java:288)
	at de.uka.ilkd.key.proof.io.AbstractProblemLoader.load(AbstractProblemLoader.java:252)
	at de.uka.ilkd.key.control.AbstractUserInterfaceControl.load(AbstractUserInterfaceControl.java:209)
	... 7 more
Caused by: java.lang.RuntimeException: Could not find rule file rules/intRulesCheckedSemantics.key
	at de.uka.ilkd.key.proof.io.RuleSourceFactory.fromBuiltInRule(RuleSourceFactory.java:32)
	at de.uka.ilkd.key.proof.io.RuleSourceFactory.fromDefaultLocation(RuleSourceFactory.java:21)
	at de.uka.ilkd.key.nparser.builder.IncludeFinder.addInclude(IncludeFinder.java:63)
	at de.uka.ilkd.key.nparser.builder.IncludeFinder.visitOne_include(IncludeFinder.java:43)
	at de.uka.ilkd.key.nparser.builder.IncludeFinder.visitOne_include(IncludeFinder.java:20)
	at de.uka.ilkd.key.nparser.KeYParser$One_includeContext.accept(KeYParser.java:878)
	at de.uka.ilkd.key.nparser.builder.AbstractBuilder.lambda$mapOf$0(AbstractBuilder.java:112)
	at java.base/java.util.stream.ReferencePipeline$3$1.accept(ReferencePipeline.java:195)
	at java.base/java.util.ArrayList$ArrayListSpliterator.forEachRemaining(ArrayList.java:1655)
	at java.base/java.util.stream.AbstractPipeline.copyInto(AbstractPipeline.java:484)
	at java.base/java.util.stream.AbstractPipeline.wrapAndCopyInto(AbstractPipeline.java:474)
	at java.base/java.util.stream.ReduceOps$ReduceOp.evaluateSequential(ReduceOps.java:913)
	at java.base/java.util.stream.AbstractPipeline.evaluate(AbstractPipeline.java:234)
	at java.base/java.util.stream.ReferencePipeline.collect(ReferencePipeline.java:578)
	at de.uka.ilkd.key.nparser.builder.AbstractBuilder.mapOf(AbstractBuilder.java:112)
	at de.uka.ilkd.key.nparser.builder.IncludeFinder.visitOne_include_statement(IncludeFinder.java:35)
	at de.uka.ilkd.key.nparser.builder.IncludeFinder.visitOne_include_statement(IncludeFinder.java:20)
	at de.uka.ilkd.key.nparser.KeYParser$One_include_statementContext.accept(KeYParser.java:802)
	at org.antlr.v4.runtime.tree.AbstractParseTreeVisitor.visitChildren(AbstractParseTreeVisitor.java:46)
	at de.uka.ilkd.key.nparser.KeYParserBaseVisitor.visitDecls(KeYParserBaseVisitor.java:30)
	at de.uka.ilkd.key.nparser.KeYParser$DeclsContext.accept(KeYParser.java:500)
	at org.antlr.v4.runtime.tree.AbstractParseTreeVisitor.visitChildren(AbstractParseTreeVisitor.java:46)
	at de.uka.ilkd.key.nparser.KeYParserBaseVisitor.visitFile(KeYParserBaseVisitor.java:23)
	at de.uka.ilkd.key.nparser.KeYParser$FileContext.accept(KeYParser.java:306)
	at de.uka.ilkd.key.nparser.KeyAst.accept(KeyAst.java:41)
	at de.uka.ilkd.key.nparser.KeyAst$File.getIncludes(KeyAst.java:76)
	at de.uka.ilkd.key.proof.io.KeYFile.readIncludes(KeYFile.java:208)
	... 14 more
Could not find rule file rules/intRulesCheckedSemantics.key (file: /home/runner/work/key/key/key.core/../key.ui/examples/index/../InformationFlow/NewObjects/object.AmtoftBanerjee2(object.AmtoftBanerjee2__expensive(int)).JML accessible clause.0.key; caused by: de.uka.ilkd.key.proof.init.ProofInputException: Could not find rule file rules/intRulesCheckedSemantics.key)
	at de.uka.ilkd.key.control.AbstractUserInterfaceControl.load(AbstractUserInterfaceControl.java:221)
	at de.uka.ilkd.key.control.KeYEnvironment.load(KeYEnvironment.java:251)
	at de.uka.ilkd.key.control.KeYEnvironment.load(KeYEnvironment.java:224)
	at de.uka.ilkd.key.control.KeYEnvironment.load(KeYEnvironment.java:184)
	at de.uka.ilkd.key.control.KeYEnvironment.load(KeYEnvironment.java:261)
	at de.uka.ilkd.key.proof.runallproofs.proofcollection.TestFile.load(TestFile.java:270)
	at de.uka.ilkd.key.proof.runallproofs.proofcollection.TestFile.runKey(TestFile.java:160)
	at de.uka.ilkd.key.proof.runallproofs.proofcollection.ForkedTestFileRunner.main(ForkedTestFileRunner.java:171)
Caused by: de.uka.ilkd.key.proof.init.ProofInputException: Could not find rule file rules/intRulesCheckedSemantics.key
	at de.uka.ilkd.key.proof.io.KeYFile.readIncludes(KeYFile.java:210)
	at de.uka.ilkd.key.proof.init.ProblemInitializer.readIncludes(ProblemInitializer.java:177)
	at de.uka.ilkd.key.proof.init.ProblemInitializer.readEnvInput(ProblemInitializer.java:325)
	at de.uka.ilkd.key.proof.init.ProblemInitializer.prepare(ProblemInitializer.java:449)
	at de.uka.ilkd.key.proof.io.AbstractProblemLoader.createInitConfig(AbstractProblemLoader.java:518)
	at de.uka.ilkd.key.proof.io.AbstractProblemLoader.loadEnvironment(AbstractProblemLoader.java:288)
	at de.uka.ilkd.key.proof.io.AbstractProblemLoader.load(AbstractProblemLoader.java:252)
	at de.uka.ilkd.key.control.AbstractUserInterfaceControl.load(AbstractUserInterfaceControl.java:209)
	... 7 more
Caused by: java.lang.RuntimeException: Could not find rule file rules/intRulesCheckedSemantics.key
	at de.uka.ilkd.key.proof.io.RuleSourceFactory.fromBuiltInRule(RuleSourceFactory.java:32)
	at de.uka.ilkd.key.proof.io.RuleSourceFactory.fromDefaultLocation(RuleSourceFactory.java:21)
	at de.uka.ilkd.key.nparser.builder.IncludeFinder.addInclude(IncludeFinder.java:63)
	at de.uka.ilkd.key.nparser.builder.IncludeFinder.visitOne_include(IncludeFinder.java:43)
	at de.uka.ilkd.key.nparser.builder.IncludeFinder.visitOne_include(IncludeFinder.java:20)
	at de.uka.ilkd.key.nparser.KeYParser$One_includeContext.accept(KeYParser.java:878)
	at de.uka.ilkd.key.nparser.builder.AbstractBuilder.lambda$mapOf$0(AbstractBuilder.java:112)
	at java.base/java.util.stream.ReferencePipeline$3$1.accept(ReferencePipeline.java:195)
	at java.base/java.util.ArrayList$ArrayListSpliterator.forEachRemaining(ArrayList.java:1655)
	at java.base/java.util.stream.AbstractPipeline.copyInto(AbstractPipeline.java:484)
	at java.base/java.util.stream.AbstractPipeline.wrapAndCopyInto(AbstractPipeline.java:474)
	at java.base/java.util.stream.ReduceOps$ReduceOp.evaluateSequential(ReduceOps.java:913)
	at java.base/java.util.stream.AbstractPipeline.evaluate(AbstractPipeline.java:234)
	at java.base/java.util.stream.ReferencePipeline.collect(ReferencePipeline.java:578)
	at de.uka.ilkd.key.nparser.builder.AbstractBuilder.mapOf(AbstractBuilder.java:112)
	at de.uka.ilkd.key.nparser.builder.IncludeFinder.visitOne_include_statement(IncludeFinder.java:35)
	at de.uka.ilkd.key.nparser.builder.IncludeFinder.visitOne_include_statement(IncludeFinder.java:20)
	at de.uka.ilkd.key.nparser.KeYParser$One_include_statementContext.accept(KeYParser.java:802)
	at org.antlr.v4.runtime.tree.AbstractParseTreeVisitor.visitChildren(AbstractParseTreeVisitor.java:46)
	at de.uka.ilkd.key.nparser.KeYParserBaseVisitor.visitDecls(KeYParserBaseVisitor.java:30)
	at de.uka.ilkd.key.nparser.KeYParser$DeclsContext.accept(KeYParser.java:500)
	at org.antlr.v4.runtime.tree.AbstractParseTreeVisitor.visitChildren(AbstractParseTreeVisitor.java:46)
	at de.uka.ilkd.key.nparser.KeYParserBaseVisitor.visitFile(KeYParserBaseVisitor.java:23)
	at de.uka.ilkd.key.nparser.KeYParser$FileContext.accept(KeYParser.java:306)
	at de.uka.ilkd.key.nparser.KeyAst.accept(KeyAst.java:41)
	at de.uka.ilkd.key.nparser.KeyAst$File.getIncludes(KeyAst.java:76)
	at de.uka.ilkd.key.proof.io.KeYFile.readIncludes(KeYFile.java:208)
	... 14 more
Could not find rule file rules/intRulesCheckedSemantics.key (file: /home/runner/work/key/key/key.core/../key.ui/examples/index/../InformationFlow/NewObjects/object.AmtoftBanerjee2(object.AmtoftBanerjee2__expensive(int)).JML normal_behavior operation contract.0.key; caused by: de.uka.ilkd.key.proof.init.ProofInputException: Could not find rule file rules/intRulesCheckedSemantics.key)
	at de.uka.ilkd.key.control.AbstractUserInterfaceControl.load(AbstractUserInterfaceControl.java:221)
	at de.uka.ilkd.key.control.KeYEnvironment.load(KeYEnvironment.java:251)
	at de.uka.ilkd.key.control.KeYEnvironment.load(KeYEnvironment.java:224)
	at de.uka.ilkd.key.control.KeYEnvironment.load(KeYEnvironment.java:184)
	at de.uka.ilkd.key.control.KeYEnvironment.load(KeYEnvironment.java:261)
	at de.uka.ilkd.key.proof.runallproofs.proofcollection.TestFile.load(TestFile.java:270)
	at de.uka.ilkd.key.proof.runallproofs.proofcollection.TestFile.runKey(TestFile.java:160)
	at de.uka.ilkd.key.proof.runallproofs.proofcollection.ForkedTestFileRunner.main(ForkedTestFileRunner.java:171)
Caused by: de.uka.ilkd.key.proof.init.ProofInputException: Could not find rule file rules/intRulesCheckedSemantics.key
	at de.uka.ilkd.key.proof.io.KeYFile.readIncludes(KeYFile.java:210)
	at de.uka.ilkd.key.proof.init.ProblemInitializer.readIncludes(ProblemInitializer.java:177)
	at de.uka.ilkd.key.proof.init.ProblemInitializer.readEnvInput(ProblemInitializer.java:325)
	at de.uka.ilkd.key.proof.init.ProblemInitializer.prepare(ProblemInitializer.java:449)
	at de.uka.ilkd.key.proof.io.AbstractProblemLoader.createInitConfig(AbstractProblemLoader.java:518)
	at de.uka.ilkd.key.proof.io.AbstractProblemLoader.loadEnvironment(AbstractProblemLoader.java:288)
	at de.uka.ilkd.key.proof.io.AbstractProblemLoader.load(AbstractProblemLoader.java:252)
	at de.uka.ilkd.key.control.AbstractUserInterfaceControl.load(AbstractUserInterfaceControl.java:209)
	... 7 more
Caused by: java.lang.RuntimeException: Could not find rule file rules/intRulesCheckedSemantics.key
	at de.uka.ilkd.key.proof.io.RuleSourceFactory.fromBuiltInRule(RuleSourceFactory.java:32)
	at de.uka.ilkd.key.proof.io.RuleSourceFactory.fromDefaultLocation(RuleSourceFactory.java:21)
	at de.uka.ilkd.key.nparser.builder.IncludeFinder.addInclude(IncludeFinder.java:63)
	at de.uka.ilkd.key.nparser.builder.IncludeFinder.visitOne_include(IncludeFinder.java:43)
	at de.uka.ilkd.key.nparser.builder.IncludeFinder.visitOne_include(IncludeFinder.java:20)
	at de.uka.ilkd.key.nparser.KeYParser$One_includeContext.accept(KeYParser.java:878)
	at de.uka.ilkd.key.nparser.builder.AbstractBuilder.lambda$mapOf$0(AbstractBuilder.java:112)
	at java.base/java.util.stream.ReferencePipeline$3$1.accept(ReferencePipeline.java:195)
	at java.base/java.util.ArrayList$ArrayListSpliterator.forEachRemaining(ArrayList.java:1655)
	at java.base/java.util.stream.AbstractPipeline.copyInto(AbstractPipeline.java:484)
	at java.base/java.util.stream.AbstractPipeline.wrapAndCopyInto(AbstractPipeline.java:474)
	at java.base/java.util.stream.ReduceOps$ReduceOp.evaluateSequential(ReduceOps.java:913)
	at java.base/java.util.stream.AbstractPipeline.evaluate(AbstractPipeline.java:234)
	at java.base/java.util.stream.ReferencePipeline.collect(ReferencePipeline.java:578)
	at de.uka.ilkd.key.nparser.builder.AbstractBuilder.mapOf(AbstractBuilder.java:112)
	at de.uka.ilkd.key.nparser.builder.IncludeFinder.visitOne_include_statement(IncludeFinder.java:35)
	at de.uka.ilkd.key.nparser.builder.IncludeFinder.visitOne_include_statement(IncludeFinder.java:20)
	at de.uka.ilkd.key.nparser.KeYParser$One_include_statementContext.accept(KeYParser.java:802)
	at org.antlr.v4.runtime.tree.AbstractParseTreeVisitor.visitChildren(AbstractParseTreeVisitor.java:46)
	at de.uka.ilkd.key.nparser.KeYParserBaseVisitor.visitDecls(KeYParserBaseVisitor.java:30)
	at de.uka.ilkd.key.nparser.KeYParser$DeclsContext.accept(KeYParser.java:500)
	at org.antlr.v4.runtime.tree.AbstractParseTreeVisitor.visitChildren(AbstractParseTreeVisitor.java:46)
	at de.uka.ilkd.key.nparser.KeYParserBaseVisitor.visitFile(KeYParserBaseVisitor.java:23)
	at de.uka.ilkd.key.nparser.KeYParser$FileContext.accept(KeYParser.java:306)
	at de.uka.ilkd.key.nparser.KeyAst.accept(KeyAst.java:41)
	at de.uka.ilkd.key.nparser.KeyAst$File.getIncludes(KeyAst.java:76)
	at de.uka.ilkd.key.proof.io.KeYFile.readIncludes(KeYFile.java:208)
	... 14 more
Could not find rule file rules/intRulesCheckedSemantics.key (file: /home/runner/work/key/key/key.core/../key.ui/examples/index/../InformationFlow/NewObjects/object.AmtoftBanerjee2(object.AmtoftBanerjee2__cexp(int)).JML normal_behavior operation contract.0.key; caused by: de.uka.ilkd.key.proof.init.ProofInputException: Could not find rule file rules/intRulesCheckedSemantics.key)
	at de.uka.ilkd.key.control.AbstractUserInterfaceControl.load(AbstractUserInterfaceControl.java:221)
	at de.uka.ilkd.key.control.KeYEnvironment.load(KeYEnvironment.java:251)
	at de.uka.ilkd.key.control.KeYEnvironment.load(KeYEnvironment.java:224)
	at de.uka.ilkd.key.control.KeYEnvironment.load(KeYEnvironment.java:184)
	at de.uka.ilkd.key.control.KeYEnvironment.load(KeYEnvironment.java:261)
	at de.uka.ilkd.key.proof.runallproofs.proofcollection.TestFile.load(TestFile.java:270)
	at de.uka.ilkd.key.proof.runallproofs.proofcollection.TestFile.runKey(TestFile.java:160)
	at de.uka.ilkd.key.proof.runallproofs.proofcollection.ForkedTestFileRunner.main(ForkedTestFileRunner.java:171)
Caused by: de.uka.ilkd.key.proof.init.ProofInputException: Could not find rule file rules/intRulesCheckedSemantics.key
	at de.uka.ilkd.key.proof.io.KeYFile.readIncludes(KeYFile.java:210)
	at de.uka.ilkd.key.proof.init.ProblemInitializer.readIncludes(ProblemInitializer.java:177)
	at de.uka.ilkd.key.proof.init.ProblemInitializer.readEnvInput(ProblemInitializer.java:325)
	at de.uka.ilkd.key.proof.init.ProblemInitializer.prepare(ProblemInitializer.java:449)
	at de.uka.ilkd.key.proof.io.AbstractProblemLoader.createInitConfig(AbstractProblemLoader.java:518)
	at de.uka.ilkd.key.proof.io.AbstractProblemLoader.loadEnvironment(AbstractProblemLoader.java:288)
	at de.uka.ilkd.key.proof.io.AbstractProblemLoader.load(AbstractProblemLoader.java:252)
	at de.uka.ilkd.key.control.AbstractUserInterfaceControl.load(AbstractUserInterfaceControl.java:209)
	... 7 more
Caused by: java.lang.RuntimeException: Could not find rule file rules/intRulesCheckedSemantics.key
	at de.uka.ilkd.key.proof.io.RuleSourceFactory.fromBuiltInRule(RuleSourceFactory.java:32)
	at de.uka.ilkd.key.proof.io.RuleSourceFactory.fromDefaultLocation(RuleSourceFactory.java:21)
	at de.uka.ilkd.key.nparser.builder.IncludeFinder.addInclude(IncludeFinder.java:63)
	at de.uka.ilkd.key.nparser.builder.IncludeFinder.visitOne_include(IncludeFinder.java:43)
	at de.uka.ilkd.key.nparser.builder.IncludeFinder.visitOne_include(IncludeFinder.java:20)
	at de.uka.ilkd.key.nparser.KeYParser$One_includeContext.accept(KeYParser.java:878)
	at de.uka.ilkd.key.nparser.builder.AbstractBuilder.lambda$mapOf$0(AbstractBuilder.java:112)
	at java.base/java.util.stream.ReferencePipeline$3$1.accept(ReferencePipeline.java:195)
	at java.base/java.util.ArrayList$ArrayListSpliterator.forEachRemaining(ArrayList.java:1655)
	at java.base/java.util.stream.AbstractPipeline.copyInto(AbstractPipeline.java:484)
	at java.base/java.util.stream.AbstractPipeline.wrapAndCopyInto(AbstractPipeline.java:474)
	at java.base/java.util.stream.ReduceOps$ReduceOp.evaluateSequential(ReduceOps.java:913)
	at java.base/java.util.stream.AbstractPipeline.evaluate(AbstractPipeline.java:234)
	at java.base/java.util.stream.ReferencePipeline.collect(ReferencePipeline.java:578)
	at de.uka.ilkd.key.nparser.builder.AbstractBuilder.mapOf(AbstractBuilder.java:112)
	at de.uka.ilkd.key.nparser.builder.IncludeFinder.visitOne_include_statement(IncludeFinder.java:35)
	at de.uka.ilkd.key.nparser.builder.IncludeFinder.visitOne_include_statement(IncludeFinder.java:20)
	at de.uka.ilkd.key.nparser.KeYParser$One_include_statementContext.accept(KeYParser.java:802)
	at org.antlr.v4.runtime.tree.AbstractParseTreeVisitor.visitChildren(AbstractParseTreeVisitor.java:46)
	at de.uka.ilkd.key.nparser.KeYParserBaseVisitor.visitDecls(KeYParserBaseVisitor.java:30)
	at de.uka.ilkd.key.nparser.KeYParser$DeclsContext.accept(KeYParser.java:500)
	at org.antlr.v4.runtime.tree.AbstractParseTreeVisitor.visitChildren(AbstractParseTreeVisitor.java:46)
	at de.uka.ilkd.key.nparser.KeYParserBaseVisitor.visitFile(KeYParserBaseVisitor.java:23)
	at de.uka.ilkd.key.nparser.KeYParser$FileContext.accept(KeYParser.java:306)
	at de.uka.ilkd.key.nparser.KeyAst.accept(KeyAst.java:41)
	at de.uka.ilkd.key.nparser.KeyAst$File.getIncludes(KeyAst.java:76)
	at de.uka.ilkd.key.proof.io.KeYFile.readIncludes(KeYFile.java:208)
	... 14 more
Exception in thread "main" org.opentest4j.AssertionFailedError: Exception during the execution of proofs. See log for more details.
	at org.junit.jupiter.api.AssertionUtils.fail(AssertionUtils.java:39)
	at org.junit.jupiter.api.Assertions.fail(Assertions.java:134)
	at de.uka.ilkd.key.proof.runallproofs.proofcollection.ForkedTestFileRunner.main(ForkedTestFileRunner.java:192)
Timeout watcher launched (1000 secs.)
Could not find rule file rules/intRulesCheckedSemantics.key (file: /home/runner/work/key/key/key.core/../key.ui/examples/index/../InformationFlow/PasswordFile/passwordfile.SecurePasswordFile(passwordfile.SecurePasswordFile___userIndex()).JML accessible clause.0.key; caused by: de.uka.ilkd.key.proof.init.ProofInputException: Could not find rule file rules/intRulesCheckedSemantics.key)
	at de.uka.ilkd.key.control.AbstractUserInterfaceControl.load(AbstractUserInterfaceControl.java:221)
	at de.uka.ilkd.key.control.KeYEnvironment.load(KeYEnvironment.java:251)
	at de.uka.ilkd.key.control.KeYEnvironment.load(KeYEnvironment.java:224)
	at de.uka.ilkd.key.control.KeYEnvironment.load(KeYEnvironment.java:184)
	at de.uka.ilkd.key.control.KeYEnvironment.load(KeYEnvironment.java:261)
	at de.uka.ilkd.key.proof.runallproofs.proofcollection.TestFile.load(TestFile.java:270)
	at de.uka.ilkd.key.proof.runallproofs.proofcollection.TestFile.runKey(TestFile.java:160)
	at de.uka.ilkd.key.proof.runallproofs.proofcollection.ForkedTestFileRunner.main(ForkedTestFileRunner.java:171)
Caused by: de.uka.ilkd.key.proof.init.ProofInputException: Could not find rule file rules/intRulesCheckedSemantics.key
	at de.uka.ilkd.key.proof.io.KeYFile.readIncludes(KeYFile.java:210)
	at de.uka.ilkd.key.proof.init.ProblemInitializer.readIncludes(ProblemInitializer.java:177)
	at de.uka.ilkd.key.proof.init.ProblemInitializer.readEnvInput(ProblemInitializer.java:325)
	at de.uka.ilkd.key.proof.init.ProblemInitializer.prepare(ProblemInitializer.java:449)
	at de.uka.ilkd.key.proof.io.AbstractProblemLoader.createInitConfig(AbstractProblemLoader.java:518)
	at de.uka.ilkd.key.proof.io.AbstractProblemLoader.loadEnvironment(AbstractProblemLoader.java:288)
	at de.uka.ilkd.key.proof.io.AbstractProblemLoader.load(AbstractProblemLoader.java:252)
	at de.uka.ilkd.key.control.AbstractUserInterfaceControl.load(AbstractUserInterfaceControl.java:209)
	... 7 more
Caused by: java.lang.RuntimeException: Could not find rule file rules/intRulesCheckedSemantics.key
	at de.uka.ilkd.key.proof.io.RuleSourceFactory.fromBuiltInRule(RuleSourceFactory.java:32)
	at de.uka.ilkd.key.proof.io.RuleSourceFactory.fromDefaultLocation(RuleSourceFactory.java:21)
	at de.uka.ilkd.key.nparser.builder.IncludeFinder.addInclude(IncludeFinder.java:63)
	at de.uka.ilkd.key.nparser.builder.IncludeFinder.visitOne_include(IncludeFinder.java:43)
	at de.uka.ilkd.key.nparser.builder.IncludeFinder.visitOne_include(IncludeFinder.java:20)
	at de.uka.ilkd.key.nparser.KeYParser$One_includeContext.accept(KeYParser.java:878)
	at de.uka.ilkd.key.nparser.builder.AbstractBuilder.lambda$mapOf$0(AbstractBuilder.java:112)
	at java.base/java.util.stream.ReferencePipeline$3$1.accept(ReferencePipeline.java:195)
	at java.base/java.util.ArrayList$ArrayListSpliterator.forEachRemaining(ArrayList.java:1655)
	at java.base/java.util.stream.AbstractPipeline.copyInto(AbstractPipeline.java:484)
	at java.base/java.util.stream.AbstractPipeline.wrapAndCopyInto(AbstractPipeline.java:474)
	at java.base/java.util.stream.ReduceOps$ReduceOp.evaluateSequential(ReduceOps.java:913)
	at java.base/java.util.stream.AbstractPipeline.evaluate(AbstractPipeline.java:234)
	at java.base/java.util.stream.ReferencePipeline.collect(ReferencePipeline.java:578)
	at de.uka.ilkd.key.nparser.builder.AbstractBuilder.mapOf(AbstractBuilder.java:112)
	at de.uka.ilkd.key.nparser.builder.IncludeFinder.visitOne_include_statement(IncludeFinder.java:35)
	at de.uka.ilkd.key.nparser.builder.IncludeFinder.visitOne_include_statement(IncludeFinder.java:20)
	at de.uka.ilkd.key.nparser.KeYParser$One_include_statementContext.accept(KeYParser.java:802)
	at org.antlr.v4.runtime.tree.AbstractParseTreeVisitor.visitChildren(AbstractParseTreeVisitor.java:46)
	at de.uka.ilkd.key.nparser.KeYParserBaseVisitor.visitDecls(KeYParserBaseVisitor.java:30)
	at de.uka.ilkd.key.nparser.KeYParser$DeclsContext.accept(KeYParser.java:500)
	at org.antlr.v4.runtime.tree.AbstractParseTreeVisitor.visitChildren(AbstractParseTreeVisitor.java:46)
	at de.uka.ilkd.key.nparser.KeYParserBaseVisitor.visitFile(KeYParserBaseVisitor.java:23)
	at de.uka.ilkd.key.nparser.KeYParser$FileContext.accept(KeYParser.java:306)
	at de.uka.ilkd.key.nparser.KeyAst.accept(KeyAst.java:41)
	at de.uka.ilkd.key.nparser.KeyAst$File.getIncludes(KeyAst.java:76)
	at de.uka.ilkd.key.proof.io.KeYFile.readIncludes(KeYFile.java:208)
	... 14 more
Exception in thread "main" org.opentest4j.AssertionFailedError: Exception during the execution of proofs. See log for more details.
	at org.junit.jupiter.api.AssertionUtils.fail(AssertionUtils.java:39)
	at org.junit.jupiter.api.Assertions.fail(Assertions.java:134)
	at de.uka.ilkd.key.proof.runallproofs.proofcollection.ForkedTestFileRunner.main(ForkedTestFileRunner.java:192)
Timeout watcher launched (1000 secs.)
Could not find rule file rules/intRulesCheckedSemantics.key (file: /home/runner/work/key/key/key.core/../key.ui/examples/index/../InformationFlow/SimpleEvoting/simple_evoting.Environment(simple_evoting.Environment__untrustedOutputMessage((B)).JML normal_behavior operation contract.0.key; caused by: de.uka.ilkd.key.proof.init.ProofInputException: Could not find rule file rules/intRulesCheckedSemantics.key)
	at de.uka.ilkd.key.control.AbstractUserInterfaceControl.load(AbstractUserInterfaceControl.java:221)
	at de.uka.ilkd.key.control.KeYEnvironment.load(KeYEnvironment.java:251)
	at de.uka.ilkd.key.control.KeYEnvironment.load(KeYEnvironment.java:224)
	at de.uka.ilkd.key.control.KeYEnvironment.load(KeYEnvironment.java:184)
	at de.uka.ilkd.key.control.KeYEnvironment.load(KeYEnvironment.java:261)
	at de.uka.ilkd.key.proof.runallproofs.proofcollection.TestFile.load(TestFile.java:270)
	at de.uka.ilkd.key.proof.runallproofs.proofcollection.TestFile.runKey(TestFile.java:160)
	at de.uka.ilkd.key.proof.runallproofs.proofcollection.ForkedTestFileRunner.main(ForkedTestFileRunner.java:171)
Caused by: de.uka.ilkd.key.proof.init.ProofInputException: Could not find rule file rules/intRulesCheckedSemantics.key
	at de.uka.ilkd.key.proof.io.KeYFile.readIncludes(KeYFile.java:210)
	at de.uka.ilkd.key.proof.init.ProblemInitializer.readIncludes(ProblemInitializer.java:177)
	at de.uka.ilkd.key.proof.init.ProblemInitializer.readEnvInput(ProblemInitializer.java:325)
	at de.uka.ilkd.key.proof.init.ProblemInitializer.prepare(ProblemInitializer.java:449)
	at de.uka.ilkd.key.proof.io.AbstractProblemLoader.createInitConfig(AbstractProblemLoader.java:518)
	at de.uka.ilkd.key.proof.io.AbstractProblemLoader.loadEnvironment(AbstractProblemLoader.java:288)
	at de.uka.ilkd.key.proof.io.AbstractProblemLoader.load(AbstractProblemLoader.java:252)
	at de.uka.ilkd.key.control.AbstractUserInterfaceControl.load(AbstractUserInterfaceControl.java:209)
	... 7 more
Caused by: java.lang.RuntimeException: Could not find rule file rules/intRulesCheckedSemantics.key
	at de.uka.ilkd.key.proof.io.RuleSourceFactory.fromBuiltInRule(RuleSourceFactory.java:32)
	at de.uka.ilkd.key.proof.io.RuleSourceFactory.fromDefaultLocation(RuleSourceFactory.java:21)
	at de.uka.ilkd.key.nparser.builder.IncludeFinder.addInclude(IncludeFinder.java:63)
	at de.uka.ilkd.key.nparser.builder.IncludeFinder.visitOne_include(IncludeFinder.java:43)
	at de.uka.ilkd.key.nparser.builder.IncludeFinder.visitOne_include(IncludeFinder.java:20)
	at de.uka.ilkd.key.nparser.KeYParser$One_includeContext.accept(KeYParser.java:878)
	at de.uka.ilkd.key.nparser.builder.AbstractBuilder.lambda$mapOf$0(AbstractBuilder.java:112)
	at java.base/java.util.stream.ReferencePipeline$3$1.accept(ReferencePipeline.java:195)
	at java.base/java.util.ArrayList$ArrayListSpliterator.forEachRemaining(ArrayList.java:1655)
	at java.base/java.util.stream.AbstractPipeline.copyInto(AbstractPipeline.java:484)
	at java.base/java.util.stream.AbstractPipeline.wrapAndCopyInto(AbstractPipeline.java:474)
	at java.base/java.util.stream.ReduceOps$ReduceOp.evaluateSequential(ReduceOps.java:913)
	at java.base/java.util.stream.AbstractPipeline.evaluate(AbstractPipeline.java:234)
	at java.base/java.util.stream.ReferencePipeline.collect(ReferencePipeline.java:578)
	at de.uka.ilkd.key.nparser.builder.AbstractBuilder.mapOf(AbstractBuilder.java:112)
	at de.uka.ilkd.key.nparser.builder.IncludeFinder.visitOne_include_statement(IncludeFinder.java:35)
	at de.uka.ilkd.key.nparser.builder.IncludeFinder.visitOne_include_statement(IncludeFinder.java:20)
	at de.uka.ilkd.key.nparser.KeYParser$One_include_statementContext.accept(KeYParser.java:802)
	at org.antlr.v4.runtime.tree.AbstractParseTreeVisitor.visitChildren(AbstractParseTreeVisitor.java:46)
	at de.uka.ilkd.key.nparser.KeYParserBaseVisitor.visitDecls(KeYParserBaseVisitor.java:30)
	at de.uka.ilkd.key.nparser.KeYParser$DeclsContext.accept(KeYParser.java:500)
	at org.antlr.v4.runtime.tree.AbstractParseTreeVisitor.visitChildren(AbstractParseTreeVisitor.java:46)
	at de.uka.ilkd.key.nparser.KeYParserBaseVisitor.visitFile(KeYParserBaseVisitor.java:23)
	at de.uka.ilkd.key.nparser.KeYParser$FileContext.accept(KeYParser.java:306)
	at de.uka.ilkd.key.nparser.KeyAst.accept(KeyAst.java:41)
	at de.uka.ilkd.key.nparser.KeyAst$File.getIncludes(KeyAst.java:76)
	at de.uka.ilkd.key.proof.io.KeYFile.readIncludes(KeYFile.java:208)
	... 14 more
Could not find rule file rules/intRulesCheckedSemantics.key (file: /home/runner/work/key/key/key.core/../key.ui/examples/index/../InformationFlow/SimpleEvoting/simple_evoting.Environment(simple_evoting.Environment__untrustedInputMessage((B)).JML normal_behavior operation contract.0.key; caused by: de.uka.ilkd.key.proof.init.ProofInputException: Could not find rule file rules/intRulesCheckedSemantics.key)
	at de.uka.ilkd.key.control.AbstractUserInterfaceControl.load(AbstractUserInterfaceControl.java:221)
	at de.uka.ilkd.key.control.KeYEnvironment.load(KeYEnvironment.java:251)
	at de.uka.ilkd.key.control.KeYEnvironment.load(KeYEnvironment.java:224)
	at de.uka.ilkd.key.control.KeYEnvironment.load(KeYEnvironment.java:184)
	at de.uka.ilkd.key.control.KeYEnvironment.load(KeYEnvironment.java:261)
	at de.uka.ilkd.key.proof.runallproofs.proofcollection.TestFile.load(TestFile.java:270)
	at de.uka.ilkd.key.proof.runallproofs.proofcollection.TestFile.runKey(TestFile.java:160)
	at de.uka.ilkd.key.proof.runallproofs.proofcollection.ForkedTestFileRunner.main(ForkedTestFileRunner.java:171)
Caused by: de.uka.ilkd.key.proof.init.ProofInputException: Could not find rule file rules/intRulesCheckedSemantics.key
	at de.uka.ilkd.key.proof.io.KeYFile.readIncludes(KeYFile.java:210)
	at de.uka.ilkd.key.proof.init.ProblemInitializer.readIncludes(ProblemInitializer.java:177)
	at de.uka.ilkd.key.proof.init.ProblemInitializer.readEnvInput(ProblemInitializer.java:325)
	at de.uka.ilkd.key.proof.init.ProblemInitializer.prepare(ProblemInitializer.java:449)
	at de.uka.ilkd.key.proof.io.AbstractProblemLoader.createInitConfig(AbstractProblemLoader.java:518)
	at de.uka.ilkd.key.proof.io.AbstractProblemLoader.loadEnvironment(AbstractProblemLoader.java:288)
	at de.uka.ilkd.key.proof.io.AbstractProblemLoader.load(AbstractProblemLoader.java:252)
	at de.uka.ilkd.key.control.AbstractUserInterfaceControl.load(AbstractUserInterfaceControl.java:209)
	... 7 more
Caused by: java.lang.RuntimeException: Could not find rule file rules/intRulesCheckedSemantics.key
	at de.uka.ilkd.key.proof.io.RuleSourceFactory.fromBuiltInRule(RuleSourceFactory.java:32)
	at de.uka.ilkd.key.proof.io.RuleSourceFactory.fromDefaultLocation(RuleSourceFactory.java:21)
	at de.uka.ilkd.key.nparser.builder.IncludeFinder.addInclude(IncludeFinder.java:63)
	at de.uka.ilkd.key.nparser.builder.IncludeFinder.visitOne_include(IncludeFinder.java:43)
	at de.uka.ilkd.key.nparser.builder.IncludeFinder.visitOne_include(IncludeFinder.java:20)
	at de.uka.ilkd.key.nparser.KeYParser$One_includeContext.accept(KeYParser.java:878)
	at de.uka.ilkd.key.nparser.builder.AbstractBuilder.lambda$mapOf$0(AbstractBuilder.java:112)
	at java.base/java.util.stream.ReferencePipeline$3$1.accept(ReferencePipeline.java:195)
	at java.base/java.util.ArrayList$ArrayListSpliterator.forEachRemaining(ArrayList.java:1655)
	at java.base/java.util.stream.AbstractPipeline.copyInto(AbstractPipeline.java:484)
	at java.base/java.util.stream.AbstractPipeline.wrapAndCopyInto(AbstractPipeline.java:474)
	at java.base/java.util.stream.ReduceOps$ReduceOp.evaluateSequential(ReduceOps.java:913)
	at java.base/java.util.stream.AbstractPipeline.evaluate(AbstractPipeline.java:234)
	at java.base/java.util.stream.ReferencePipeline.collect(ReferencePipeline.java:578)
	at de.uka.ilkd.key.nparser.builder.AbstractBuilder.mapOf(AbstractBuilder.java:112)
	at de.uka.ilkd.key.nparser.builder.IncludeFinder.visitOne_include_statement(IncludeFinder.java:35)
	at de.uka.ilkd.key.nparser.builder.IncludeFinder.visitOne_include_statement(IncludeFinder.java:20)
	at de.uka.ilkd.key.nparser.KeYParser$One_include_statementContext.accept(KeYParser.java:802)
	at org.antlr.v4.runtime.tree.AbstractParseTreeVisitor.visitChildren(AbstractParseTreeVisitor.java:46)
	at de.uka.ilkd.key.nparser.KeYParserBaseVisitor.visitDecls(KeYParserBaseVisitor.java:30)
	at de.uka.ilkd.key.nparser.KeYParser$DeclsContext.accept(KeYParser.java:500)
	at org.antlr.v4.runtime.tree.AbstractParseTreeVisitor.visitChildren(AbstractParseTreeVisitor.java:46)
	at de.uka.ilkd.key.nparser.KeYParserBaseVisitor.visitFile(KeYParserBaseVisitor.java:23)
	at de.uka.ilkd.key.nparser.KeYParser$FileContext.accept(KeYParser.java:306)
	at de.uka.ilkd.key.nparser.KeyAst.accept(KeyAst.java:41)
	at de.uka.ilkd.key.nparser.KeyAst$File.getIncludes(KeyAst.java:76)
	at de.uka.ilkd.key.proof.io.KeYFile.readIncludes(KeYFile.java:208)
	... 14 more
Could not find rule file rules/intRulesCheckedSemantics.key (file: /home/runner/work/key/key/key.core/../key.ui/examples/index/../InformationFlow/SimpleEvoting/simple_evoting.Environment(simple_evoting.Environment__untrustedInputMessage()).JML normal_behavior operation contract.0.key; caused by: de.uka.ilkd.key.proof.init.ProofInputException: Could not find rule file rules/intRulesCheckedSemantics.key)
	at de.uka.ilkd.key.control.AbstractUserInterfaceControl.load(AbstractUserInterfaceControl.java:221)
	at de.uka.ilkd.key.control.KeYEnvironment.load(KeYEnvironment.java:251)
	at de.uka.ilkd.key.control.KeYEnvironment.load(KeYEnvironment.java:224)
	at de.uka.ilkd.key.control.KeYEnvironment.load(KeYEnvironment.java:184)
	at de.uka.ilkd.key.control.KeYEnvironment.load(KeYEnvironment.java:261)
	at de.uka.ilkd.key.proof.runallproofs.proofcollection.TestFile.load(TestFile.java:270)
	at de.uka.ilkd.key.proof.runallproofs.proofcollection.TestFile.runKey(TestFile.java:160)
	at de.uka.ilkd.key.proof.runallproofs.proofcollection.ForkedTestFileRunner.main(ForkedTestFileRunner.java:171)
Caused by: de.uka.ilkd.key.proof.init.ProofInputException: Could not find rule file rules/intRulesCheckedSemantics.key
	at de.uka.ilkd.key.proof.io.KeYFile.readIncludes(KeYFile.java:210)
	at de.uka.ilkd.key.proof.init.ProblemInitializer.readIncludes(ProblemInitializer.java:177)
	at de.uka.ilkd.key.proof.init.ProblemInitializer.readEnvInput(ProblemInitializer.java:325)
	at de.uka.ilkd.key.proof.init.ProblemInitializer.prepare(ProblemInitializer.java:449)
	at de.uka.ilkd.key.proof.io.AbstractProblemLoader.createInitConfig(AbstractProblemLoader.java:518)
	at de.uka.ilkd.key.proof.io.AbstractProblemLoader.loadEnvironment(AbstractProblemLoader.java:288)
	at de.uka.ilkd.key.proof.io.AbstractProblemLoader.load(AbstractProblemLoader.java:252)
	at de.uka.ilkd.key.control.AbstractUserInterfaceControl.load(AbstractUserInterfaceControl.java:209)
	... 7 more
Caused by: java.lang.RuntimeException: Could not find rule file rules/intRulesCheckedSemantics.key
	at de.uka.ilkd.key.proof.io.RuleSourceFactory.fromBuiltInRule(RuleSourceFactory.java:32)
	at de.uka.ilkd.key.proof.io.RuleSourceFactory.fromDefaultLocation(RuleSourceFactory.java:21)
	at de.uka.ilkd.key.nparser.builder.IncludeFinder.addInclude(IncludeFinder.java:63)
	at de.uka.ilkd.key.nparser.builder.IncludeFinder.visitOne_include(IncludeFinder.java:43)
	at de.uka.ilkd.key.nparser.builder.IncludeFinder.visitOne_include(IncludeFinder.java:20)
	at de.uka.ilkd.key.nparser.KeYParser$One_includeContext.accept(KeYParser.java:878)
	at de.uka.ilkd.key.nparser.builder.AbstractBuilder.lambda$mapOf$0(AbstractBuilder.java:112)
	at java.base/java.util.stream.ReferencePipeline$3$1.accept(ReferencePipeline.java:195)
	at java.base/java.util.ArrayList$ArrayListSpliterator.forEachRemaining(ArrayList.java:1655)
	at java.base/java.util.stream.AbstractPipeline.copyInto(AbstractPipeline.java:484)
	at java.base/java.util.stream.AbstractPipeline.wrapAndCopyInto(AbstractPipeline.java:474)
	at java.base/java.util.stream.ReduceOps$ReduceOp.evaluateSequential(ReduceOps.java:913)
	at java.base/java.util.stream.AbstractPipeline.evaluate(AbstractPipeline.java:234)
	at java.base/java.util.stream.ReferencePipeline.collect(ReferencePipeline.java:578)
	at de.uka.ilkd.key.nparser.builder.AbstractBuilder.mapOf(AbstractBuilder.java:112)
	at de.uka.ilkd.key.nparser.builder.IncludeFinder.visitOne_include_statement(IncludeFinder.java:35)
	at de.uka.ilkd.key.nparser.builder.IncludeFinder.visitOne_include_statement(IncludeFinder.java:20)
	at de.uka.ilkd.key.nparser.KeYParser$One_include_statementContext.accept(KeYParser.java:802)
	at org.antlr.v4.runtime.tree.AbstractParseTreeVisitor.visitChildren(AbstractParseTreeVisitor.java:46)
	at de.uka.ilkd.key.nparser.KeYParserBaseVisitor.visitDecls(KeYParserBaseVisitor.java:30)
	at de.uka.ilkd.key.nparser.KeYParser$DeclsContext.accept(KeYParser.java:500)
	at org.antlr.v4.runtime.tree.AbstractParseTreeVisitor.visitChildren(AbstractParseTreeVisitor.java:46)
	at de.uka.ilkd.key.nparser.KeYParserBaseVisitor.visitFile(KeYParserBaseVisitor.java:23)
	at de.uka.ilkd.key.nparser.KeYParser$FileContext.accept(KeYParser.java:306)
	at de.uka.ilkd.key.nparser.KeyAst.accept(KeyAst.java:41)
	at de.uka.ilkd.key.nparser.KeyAst$File.getIncludes(KeyAst.java:76)
	at de.uka.ilkd.key.proof.io.KeYFile.readIncludes(KeYFile.java:208)
	... 14 more
Could not find rule file rules/intRulesCheckedSemantics.key (file: /home/runner/work/key/key/key.core/../key.ui/examples/index/../InformationFlow/SimpleEvoting/simple_evoting.Environment(simple_evoting.Environment__untrustedOutput(int)).JML normal_behavior operation contract.0.key; caused by: de.uka.ilkd.key.proof.init.ProofInputException: Could not find rule file rules/intRulesCheckedSemantics.key)
	at de.uka.ilkd.key.control.AbstractUserInterfaceControl.load(AbstractUserInterfaceControl.java:221)
	at de.uka.ilkd.key.control.KeYEnvironment.load(KeYEnvironment.java:251)
	at de.uka.ilkd.key.control.KeYEnvironment.load(KeYEnvironment.java:224)
	at de.uka.ilkd.key.control.KeYEnvironment.load(KeYEnvironment.java:184)
	at de.uka.ilkd.key.control.KeYEnvironment.load(KeYEnvironment.java:261)
	at de.uka.ilkd.key.proof.runallproofs.proofcollection.TestFile.load(TestFile.java:270)
	at de.uka.ilkd.key.proof.runallproofs.proofcollection.TestFile.runKey(TestFile.java:160)
	at de.uka.ilkd.key.proof.runallproofs.proofcollection.ForkedTestFileRunner.main(ForkedTestFileRunner.java:171)
Caused by: de.uka.ilkd.key.proof.init.ProofInputException: Could not find rule file rules/intRulesCheckedSemantics.key
	at de.uka.ilkd.key.proof.io.KeYFile.readIncludes(KeYFile.java:210)
	at de.uka.ilkd.key.proof.init.ProblemInitializer.readIncludes(ProblemInitializer.java:177)
	at de.uka.ilkd.key.proof.init.ProblemInitializer.readEnvInput(ProblemInitializer.java:325)
	at de.uka.ilkd.key.proof.init.ProblemInitializer.prepare(ProblemInitializer.java:449)
	at de.uka.ilkd.key.proof.io.AbstractProblemLoader.createInitConfig(AbstractProblemLoader.java:518)
	at de.uka.ilkd.key.proof.io.AbstractProblemLoader.loadEnvironment(AbstractProblemLoader.java:288)
	at de.uka.ilkd.key.proof.io.AbstractProblemLoader.load(AbstractProblemLoader.java:252)
	at de.uka.ilkd.key.control.AbstractUserInterfaceControl.load(AbstractUserInterfaceControl.java:209)
	... 7 more
Caused by: java.lang.RuntimeException: Could not find rule file rules/intRulesCheckedSemantics.key
	at de.uka.ilkd.key.proof.io.RuleSourceFactory.fromBuiltInRule(RuleSourceFactory.java:32)
	at de.uka.ilkd.key.proof.io.RuleSourceFactory.fromDefaultLocation(RuleSourceFactory.java:21)
	at de.uka.ilkd.key.nparser.builder.IncludeFinder.addInclude(IncludeFinder.java:63)
	at de.uka.ilkd.key.nparser.builder.IncludeFinder.visitOne_include(IncludeFinder.java:43)
	at de.uka.ilkd.key.nparser.builder.IncludeFinder.visitOne_include(IncludeFinder.java:20)
	at de.uka.ilkd.key.nparser.KeYParser$One_includeContext.accept(KeYParser.java:878)
	at de.uka.ilkd.key.nparser.builder.AbstractBuilder.lambda$mapOf$0(AbstractBuilder.java:112)
	at java.base/java.util.stream.ReferencePipeline$3$1.accept(ReferencePipeline.java:195)
	at java.base/java.util.ArrayList$ArrayListSpliterator.forEachRemaining(ArrayList.java:1655)
	at java.base/java.util.stream.AbstractPipeline.copyInto(AbstractPipeline.java:484)
	at java.base/java.util.stream.AbstractPipeline.wrapAndCopyInto(AbstractPipeline.java:474)
	at java.base/java.util.stream.ReduceOps$ReduceOp.evaluateSequential(ReduceOps.java:913)
	at java.base/java.util.stream.AbstractPipeline.evaluate(AbstractPipeline.java:234)
	at java.base/java.util.stream.ReferencePipeline.collect(ReferencePipeline.java:578)
	at de.uka.ilkd.key.nparser.builder.AbstractBuilder.mapOf(AbstractBuilder.java:112)
	at de.uka.ilkd.key.nparser.builder.IncludeFinder.visitOne_include_statement(IncludeFinder.java:35)
	at de.uka.ilkd.key.nparser.builder.IncludeFinder.visitOne_include_statement(IncludeFinder.java:20)
	at de.uka.ilkd.key.nparser.KeYParser$One_include_statementContext.accept(KeYParser.java:802)
	at org.antlr.v4.runtime.tree.AbstractParseTreeVisitor.visitChildren(AbstractParseTreeVisitor.java:46)
	at de.uka.ilkd.key.nparser.KeYParserBaseVisitor.visitDecls(KeYParserBaseVisitor.java:30)
	at de.uka.ilkd.key.nparser.KeYParser$DeclsContext.accept(KeYParser.java:500)
	at org.antlr.v4.runtime.tree.AbstractParseTreeVisitor.visitChildren(AbstractParseTreeVisitor.java:46)
	at de.uka.ilkd.key.nparser.KeYParserBaseVisitor.visitFile(KeYParserBaseVisitor.java:23)
	at de.uka.ilkd.key.nparser.KeYParser$FileContext.accept(KeYParser.java:306)
	at de.uka.ilkd.key.nparser.KeyAst.accept(KeyAst.java:41)
	at de.uka.ilkd.key.nparser.KeyAst$File.getIncludes(KeyAst.java:76)
	at de.uka.ilkd.key.proof.io.KeYFile.readIncludes(KeYFile.java:208)
	... 14 more
Could not find rule file rules/intRulesCheckedSemantics.key (file: /home/runner/work/key/key/key.core/../key.ui/examples/index/../InformationFlow/SimpleEvoting/simple_evoting.Environment(simple_evoting.Environment__untrustedInput(int)).JML normal_behavior operation contract.0.key; caused by: de.uka.ilkd.key.proof.init.ProofInputException: Could not find rule file rules/intRulesCheckedSemantics.key)
	at de.uka.ilkd.key.control.AbstractUserInterfaceControl.load(AbstractUserInterfaceControl.java:221)
	at de.uka.ilkd.key.control.KeYEnvironment.load(KeYEnvironment.java:251)
	at de.uka.ilkd.key.control.KeYEnvironment.load(KeYEnvironment.java:224)
	at de.uka.ilkd.key.control.KeYEnvironment.load(KeYEnvironment.java:184)
	at de.uka.ilkd.key.control.KeYEnvironment.load(KeYEnvironment.java:261)
	at de.uka.ilkd.key.proof.runallproofs.proofcollection.TestFile.load(TestFile.java:270)
	at de.uka.ilkd.key.proof.runallproofs.proofcollection.TestFile.runKey(TestFile.java:160)
	at de.uka.ilkd.key.proof.runallproofs.proofcollection.ForkedTestFileRunner.main(ForkedTestFileRunner.java:171)
Caused by: de.uka.ilkd.key.proof.init.ProofInputException: Could not find rule file rules/intRulesCheckedSemantics.key
	at de.uka.ilkd.key.proof.io.KeYFile.readIncludes(KeYFile.java:210)
	at de.uka.ilkd.key.proof.init.ProblemInitializer.readIncludes(ProblemInitializer.java:177)
	at de.uka.ilkd.key.proof.init.ProblemInitializer.readEnvInput(ProblemInitializer.java:325)
	at de.uka.ilkd.key.proof.init.ProblemInitializer.prepare(ProblemInitializer.java:449)
	at de.uka.ilkd.key.proof.io.AbstractProblemLoader.createInitConfig(AbstractProblemLoader.java:518)
	at de.uka.ilkd.key.proof.io.AbstractProblemLoader.loadEnvironment(AbstractProblemLoader.java:288)
	at de.uka.ilkd.key.proof.io.AbstractProblemLoader.load(AbstractProblemLoader.java:252)
	at de.uka.ilkd.key.control.AbstractUserInterfaceControl.load(AbstractUserInterfaceControl.java:209)
	... 7 more
Caused by: java.lang.RuntimeException: Could not find rule file rules/intRulesCheckedSemantics.key
	at de.uka.ilkd.key.proof.io.RuleSourceFactory.fromBuiltInRule(RuleSourceFactory.java:32)
	at de.uka.ilkd.key.proof.io.RuleSourceFactory.fromDefaultLocation(RuleSourceFactory.java:21)
	at de.uka.ilkd.key.nparser.builder.IncludeFinder.addInclude(IncludeFinder.java:63)
	at de.uka.ilkd.key.nparser.builder.IncludeFinder.visitOne_include(IncludeFinder.java:43)
	at de.uka.ilkd.key.nparser.builder.IncludeFinder.visitOne_include(IncludeFinder.java:20)
	at de.uka.ilkd.key.nparser.KeYParser$One_includeContext.accept(KeYParser.java:878)
	at de.uka.ilkd.key.nparser.builder.AbstractBuilder.lambda$mapOf$0(AbstractBuilder.java:112)
	at java.base/java.util.stream.ReferencePipeline$3$1.accept(ReferencePipeline.java:195)
	at java.base/java.util.ArrayList$ArrayListSpliterator.forEachRemaining(ArrayList.java:1655)
	at java.base/java.util.stream.AbstractPipeline.copyInto(AbstractPipeline.java:484)
	at java.base/java.util.stream.AbstractPipeline.wrapAndCopyInto(AbstractPipeline.java:474)
	at java.base/java.util.stream.ReduceOps$ReduceOp.evaluateSequential(ReduceOps.java:913)
	at java.base/java.util.stream.AbstractPipeline.evaluate(AbstractPipeline.java:234)
	at java.base/java.util.stream.ReferencePipeline.collect(ReferencePipeline.java:578)
	at de.uka.ilkd.key.nparser.builder.AbstractBuilder.mapOf(AbstractBuilder.java:112)
	at de.uka.ilkd.key.nparser.builder.IncludeFinder.visitOne_include_statement(IncludeFinder.java:35)
	at de.uka.ilkd.key.nparser.builder.IncludeFinder.visitOne_include_statement(IncludeFinder.java:20)
	at de.uka.ilkd.key.nparser.KeYParser$One_include_statementContext.accept(KeYParser.java:802)
	at org.antlr.v4.runtime.tree.AbstractParseTreeVisitor.visitChildren(AbstractParseTreeVisitor.java:46)
	at de.uka.ilkd.key.nparser.KeYParserBaseVisitor.visitDecls(KeYParserBaseVisitor.java:30)
	at de.uka.ilkd.key.nparser.KeYParser$DeclsContext.accept(KeYParser.java:500)
	at org.antlr.v4.runtime.tree.AbstractParseTreeVisitor.visitChildren(AbstractParseTreeVisitor.java:46)
	at de.uka.ilkd.key.nparser.KeYParserBaseVisitor.visitFile(KeYParserBaseVisitor.java:23)
	at de.uka.ilkd.key.nparser.KeYParser$FileContext.accept(KeYParser.java:306)
	at de.uka.ilkd.key.nparser.KeyAst.accept(KeyAst.java:41)
	at de.uka.ilkd.key.nparser.KeyAst$File.getIncludes(KeyAst.java:76)
	at de.uka.ilkd.key.proof.io.KeYFile.readIncludes(KeYFile.java:208)
	... 14 more
Could not find rule file rules/intRulesCheckedSemantics.key (file: /home/runner/work/key/key/key.core/../key.ui/examples/index/../InformationFlow/SimpleEvoting/simple_evoting.Environment(simple_evoting.Environment__untrustedInput()).JML normal_behavior operation contract.0.key; caused by: de.uka.ilkd.key.proof.init.ProofInputException: Could not find rule file rules/intRulesCheckedSemantics.key)
	at de.uka.ilkd.key.control.AbstractUserInterfaceControl.load(AbstractUserInterfaceControl.java:221)
	at de.uka.ilkd.key.control.KeYEnvironment.load(KeYEnvironment.java:251)
	at de.uka.ilkd.key.control.KeYEnvironment.load(KeYEnvironment.java:224)
	at de.uka.ilkd.key.control.KeYEnvironment.load(KeYEnvironment.java:184)
	at de.uka.ilkd.key.control.KeYEnvironment.load(KeYEnvironment.java:261)
	at de.uka.ilkd.key.proof.runallproofs.proofcollection.TestFile.load(TestFile.java:270)
	at de.uka.ilkd.key.proof.runallproofs.proofcollection.TestFile.runKey(TestFile.java:160)
	at de.uka.ilkd.key.proof.runallproofs.proofcollection.ForkedTestFileRunner.main(ForkedTestFileRunner.java:171)
Caused by: de.uka.ilkd.key.proof.init.ProofInputException: Could not find rule file rules/intRulesCheckedSemantics.key
	at de.uka.ilkd.key.proof.io.KeYFile.readIncludes(KeYFile.java:210)
	at de.uka.ilkd.key.proof.init.ProblemInitializer.readIncludes(ProblemInitializer.java:177)
	at de.uka.ilkd.key.proof.init.ProblemInitializer.readEnvInput(ProblemInitializer.java:325)
	at de.uka.ilkd.key.proof.init.ProblemInitializer.prepare(ProblemInitializer.java:449)
	at de.uka.ilkd.key.proof.io.AbstractProblemLoader.createInitConfig(AbstractProblemLoader.java:518)
	at de.uka.ilkd.key.proof.io.AbstractProblemLoader.loadEnvironment(AbstractProblemLoader.java:288)
	at de.uka.ilkd.key.proof.io.AbstractProblemLoader.load(AbstractProblemLoader.java:252)
	at de.uka.ilkd.key.control.AbstractUserInterfaceControl.load(AbstractUserInterfaceControl.java:209)
	... 7 more
Caused by: java.lang.RuntimeException: Could not find rule file rules/intRulesCheckedSemantics.key
	at de.uka.ilkd.key.proof.io.RuleSourceFactory.fromBuiltInRule(RuleSourceFactory.java:32)
	at de.uka.ilkd.key.proof.io.RuleSourceFactory.fromDefaultLocation(RuleSourceFactory.java:21)
	at de.uka.ilkd.key.nparser.builder.IncludeFinder.addInclude(IncludeFinder.java:63)
	at de.uka.ilkd.key.nparser.builder.IncludeFinder.visitOne_include(IncludeFinder.java:43)
	at de.uka.ilkd.key.nparser.builder.IncludeFinder.visitOne_include(IncludeFinder.java:20)
	at de.uka.ilkd.key.nparser.KeYParser$One_includeContext.accept(KeYParser.java:878)
	at de.uka.ilkd.key.nparser.builder.AbstractBuilder.lambda$mapOf$0(AbstractBuilder.java:112)
	at java.base/java.util.stream.ReferencePipeline$3$1.accept(ReferencePipeline.java:195)
	at java.base/java.util.ArrayList$ArrayListSpliterator.forEachRemaining(ArrayList.java:1655)
	at java.base/java.util.stream.AbstractPipeline.copyInto(AbstractPipeline.java:484)
	at java.base/java.util.stream.AbstractPipeline.wrapAndCopyInto(AbstractPipeline.java:474)
	at java.base/java.util.stream.ReduceOps$ReduceOp.evaluateSequential(ReduceOps.java:913)
	at java.base/java.util.stream.AbstractPipeline.evaluate(AbstractPipeline.java:234)
	at java.base/java.util.stream.ReferencePipeline.collect(ReferencePipeline.java:578)
	at de.uka.ilkd.key.nparser.builder.AbstractBuilder.mapOf(AbstractBuilder.java:112)
	at de.uka.ilkd.key.nparser.builder.IncludeFinder.visitOne_include_statement(IncludeFinder.java:35)
	at de.uka.ilkd.key.nparser.builder.IncludeFinder.visitOne_include_statement(IncludeFinder.java:20)
	at de.uka.ilkd.key.nparser.KeYParser$One_include_statementContext.accept(KeYParser.java:802)
	at org.antlr.v4.runtime.tree.AbstractParseTreeVisitor.visitChildren(AbstractParseTreeVisitor.java:46)
	at de.uka.ilkd.key.nparser.KeYParserBaseVisitor.visitDecls(KeYParserBaseVisitor.java:30)
	at de.uka.ilkd.key.nparser.KeYParser$DeclsContext.accept(KeYParser.java:500)
	at org.antlr.v4.runtime.tree.AbstractParseTreeVisitor.visitChildren(AbstractParseTreeVisitor.java:46)
	at de.uka.ilkd.key.nparser.KeYParserBaseVisitor.visitFile(KeYParserBaseVisitor.java:23)
	at de.uka.ilkd.key.nparser.KeYParser$FileContext.accept(KeYParser.java:306)
	at de.uka.ilkd.key.nparser.KeyAst.accept(KeyAst.java:41)
	at de.uka.ilkd.key.nparser.KeyAst$File.getIncludes(KeyAst.java:76)
	at de.uka.ilkd.key.proof.io.KeYFile.readIncludes(KeYFile.java:208)
	... 14 more
Could not find rule file rules/intRulesCheckedSemantics.key (file: /home/runner/work/key/key/key.core/../key.ui/examples/index/../InformationFlow/SimpleEvoting/simple_evoting.Environment(simple_evoting.Environment___rep()).JML accessible clause.0.key; caused by: de.uka.ilkd.key.proof.init.ProofInputException: Could not find rule file rules/intRulesCheckedSemantics.key)
	at de.uka.ilkd.key.control.AbstractUserInterfaceControl.load(AbstractUserInterfaceControl.java:221)
	at de.uka.ilkd.key.control.KeYEnvironment.load(KeYEnvironment.java:251)
	at de.uka.ilkd.key.control.KeYEnvironment.load(KeYEnvironment.java:224)
	at de.uka.ilkd.key.control.KeYEnvironment.load(KeYEnvironment.java:184)
	at de.uka.ilkd.key.control.KeYEnvironment.load(KeYEnvironment.java:261)
	at de.uka.ilkd.key.proof.runallproofs.proofcollection.TestFile.load(TestFile.java:270)
	at de.uka.ilkd.key.proof.runallproofs.proofcollection.TestFile.runKey(TestFile.java:160)
	at de.uka.ilkd.key.proof.runallproofs.proofcollection.ForkedTestFileRunner.main(ForkedTestFileRunner.java:171)
Caused by: de.uka.ilkd.key.proof.init.ProofInputException: Could not find rule file rules/intRulesCheckedSemantics.key
	at de.uka.ilkd.key.proof.io.KeYFile.readIncludes(KeYFile.java:210)
	at de.uka.ilkd.key.proof.init.ProblemInitializer.readIncludes(ProblemInitializer.java:177)
	at de.uka.ilkd.key.proof.init.ProblemInitializer.readEnvInput(ProblemInitializer.java:325)
	at de.uka.ilkd.key.proof.init.ProblemInitializer.prepare(ProblemInitializer.java:449)
	at de.uka.ilkd.key.proof.io.AbstractProblemLoader.createInitConfig(AbstractProblemLoader.java:518)
	at de.uka.ilkd.key.proof.io.AbstractProblemLoader.loadEnvironment(AbstractProblemLoader.java:288)
	at de.uka.ilkd.key.proof.io.AbstractProblemLoader.load(AbstractProblemLoader.java:252)
	at de.uka.ilkd.key.control.AbstractUserInterfaceControl.load(AbstractUserInterfaceControl.java:209)
	... 7 more
Caused by: java.lang.RuntimeException: Could not find rule file rules/intRulesCheckedSemantics.key
	at de.uka.ilkd.key.proof.io.RuleSourceFactory.fromBuiltInRule(RuleSourceFactory.java:32)
	at de.uka.ilkd.key.proof.io.RuleSourceFactory.fromDefaultLocation(RuleSourceFactory.java:21)
	at de.uka.ilkd.key.nparser.builder.IncludeFinder.addInclude(IncludeFinder.java:63)
	at de.uka.ilkd.key.nparser.builder.IncludeFinder.visitOne_include(IncludeFinder.java:43)
	at de.uka.ilkd.key.nparser.builder.IncludeFinder.visitOne_include(IncludeFinder.java:20)
	at de.uka.ilkd.key.nparser.KeYParser$One_includeContext.accept(KeYParser.java:878)
	at de.uka.ilkd.key.nparser.builder.AbstractBuilder.lambda$mapOf$0(AbstractBuilder.java:112)
	at java.base/java.util.stream.ReferencePipeline$3$1.accept(ReferencePipeline.java:195)
	at java.base/java.util.ArrayList$ArrayListSpliterator.forEachRemaining(ArrayList.java:1655)
	at java.base/java.util.stream.AbstractPipeline.copyInto(AbstractPipeline.java:484)
	at java.base/java.util.stream.AbstractPipeline.wrapAndCopyInto(AbstractPipeline.java:474)
	at java.base/java.util.stream.ReduceOps$ReduceOp.evaluateSequential(ReduceOps.java:913)
	at java.base/java.util.stream.AbstractPipeline.evaluate(AbstractPipeline.java:234)
	at java.base/java.util.stream.ReferencePipeline.collect(ReferencePipeline.java:578)
	at de.uka.ilkd.key.nparser.builder.AbstractBuilder.mapOf(AbstractBuilder.java:112)
	at de.uka.ilkd.key.nparser.builder.IncludeFinder.visitOne_include_statement(IncludeFinder.java:35)
	at de.uka.ilkd.key.nparser.builder.IncludeFinder.visitOne_include_statement(IncludeFinder.java:20)
	at de.uka.ilkd.key.nparser.KeYParser$One_include_statementContext.accept(KeYParser.java:802)
	at org.antlr.v4.runtime.tree.AbstractParseTreeVisitor.visitChildren(AbstractParseTreeVisitor.java:46)
	at de.uka.ilkd.key.nparser.KeYParserBaseVisitor.visitDecls(KeYParserBaseVisitor.java:30)
	at de.uka.ilkd.key.nparser.KeYParser$DeclsContext.accept(KeYParser.java:500)
	at org.antlr.v4.runtime.tree.AbstractParseTreeVisitor.visitChildren(AbstractParseTreeVisitor.java:46)
	at de.uka.ilkd.key.nparser.KeYParserBaseVisitor.visitFile(KeYParserBaseVisitor.java:23)
	at de.uka.ilkd.key.nparser.KeYParser$FileContext.accept(KeYParser.java:306)
	at de.uka.ilkd.key.nparser.KeyAst.accept(KeyAst.java:41)
	at de.uka.ilkd.key.nparser.KeyAst$File.getIncludes(KeyAst.java:76)
	at de.uka.ilkd.key.proof.io.KeYFile.readIncludes(KeYFile.java:208)
	... 14 more
Could not find rule file rules/intRulesCheckedSemantics.key (file: /home/runner/work/key/key/key.core/../key.ui/examples/index/../InformationFlow/SimpleEvoting/simple_evoting.SMT(simple_evoting.SMT__send(simple_evoting.Message,int,simple_evoting.Server)).JML normal_behavior operation contract.1.key; caused by: de.uka.ilkd.key.proof.init.ProofInputException: Could not find rule file rules/intRulesCheckedSemantics.key)
	at de.uka.ilkd.key.control.AbstractUserInterfaceControl.load(AbstractUserInterfaceControl.java:221)
	at de.uka.ilkd.key.control.KeYEnvironment.load(KeYEnvironment.java:251)
	at de.uka.ilkd.key.control.KeYEnvironment.load(KeYEnvironment.java:224)
	at de.uka.ilkd.key.control.KeYEnvironment.load(KeYEnvironment.java:184)
	at de.uka.ilkd.key.control.KeYEnvironment.load(KeYEnvironment.java:261)
	at de.uka.ilkd.key.proof.runallproofs.proofcollection.TestFile.load(TestFile.java:270)
	at de.uka.ilkd.key.proof.runallproofs.proofcollection.TestFile.runKey(TestFile.java:160)
	at de.uka.ilkd.key.proof.runallproofs.proofcollection.ForkedTestFileRunner.main(ForkedTestFileRunner.java:171)
Caused by: de.uka.ilkd.key.proof.init.ProofInputException: Could not find rule file rules/intRulesCheckedSemantics.key
	at de.uka.ilkd.key.proof.io.KeYFile.readIncludes(KeYFile.java:210)
	at de.uka.ilkd.key.proof.init.ProblemInitializer.readIncludes(ProblemInitializer.java:177)
	at de.uka.ilkd.key.proof.init.ProblemInitializer.readEnvInput(ProblemInitializer.java:325)
	at de.uka.ilkd.key.proof.init.ProblemInitializer.prepare(ProblemInitializer.java:449)
	at de.uka.ilkd.key.proof.io.AbstractProblemLoader.createInitConfig(AbstractProblemLoader.java:518)
	at de.uka.ilkd.key.proof.io.AbstractProblemLoader.loadEnvironment(AbstractProblemLoader.java:288)
	at de.uka.ilkd.key.proof.io.AbstractProblemLoader.load(AbstractProblemLoader.java:252)
	at de.uka.ilkd.key.control.AbstractUserInterfaceControl.load(AbstractUserInterfaceControl.java:209)
	... 7 more
Caused by: java.lang.RuntimeException: Could not find rule file rules/intRulesCheckedSemantics.key
	at de.uka.ilkd.key.proof.io.RuleSourceFactory.fromBuiltInRule(RuleSourceFactory.java:32)
	at de.uka.ilkd.key.proof.io.RuleSourceFactory.fromDefaultLocation(RuleSourceFactory.java:21)
	at de.uka.ilkd.key.nparser.builder.IncludeFinder.addInclude(IncludeFinder.java:63)
	at de.uka.ilkd.key.nparser.builder.IncludeFinder.visitOne_include(IncludeFinder.java:43)
	at de.uka.ilkd.key.nparser.builder.IncludeFinder.visitOne_include(IncludeFinder.java:20)
	at de.uka.ilkd.key.nparser.KeYParser$One_includeContext.accept(KeYParser.java:878)
	at de.uka.ilkd.key.nparser.builder.AbstractBuilder.lambda$mapOf$0(AbstractBuilder.java:112)
	at java.base/java.util.stream.ReferencePipeline$3$1.accept(ReferencePipeline.java:195)
	at java.base/java.util.ArrayList$ArrayListSpliterator.forEachRemaining(ArrayList.java:1655)
	at java.base/java.util.stream.AbstractPipeline.copyInto(AbstractPipeline.java:484)
	at java.base/java.util.stream.AbstractPipeline.wrapAndCopyInto(AbstractPipeline.java:474)
	at java.base/java.util.stream.ReduceOps$ReduceOp.evaluateSequential(ReduceOps.java:913)
	at java.base/java.util.stream.AbstractPipeline.evaluate(AbstractPipeline.java:234)
	at java.base/java.util.stream.ReferencePipeline.collect(ReferencePipeline.java:578)
	at de.uka.ilkd.key.nparser.builder.AbstractBuilder.mapOf(AbstractBuilder.java:112)
	at de.uka.ilkd.key.nparser.builder.IncludeFinder.visitOne_include_statement(IncludeFinder.java:35)
	at de.uka.ilkd.key.nparser.builder.IncludeFinder.visitOne_include_statement(IncludeFinder.java:20)
	at de.uka.ilkd.key.nparser.KeYParser$One_include_statementContext.accept(KeYParser.java:802)
	at org.antlr.v4.runtime.tree.AbstractParseTreeVisitor.visitChildren(AbstractParseTreeVisitor.java:46)
	at de.uka.ilkd.key.nparser.KeYParserBaseVisitor.visitDecls(KeYParserBaseVisitor.java:30)
	at de.uka.ilkd.key.nparser.KeYParser$DeclsContext.accept(KeYParser.java:500)
	at org.antlr.v4.runtime.tree.AbstractParseTreeVisitor.visitChildren(AbstractParseTreeVisitor.java:46)
	at de.uka.ilkd.key.nparser.KeYParserBaseVisitor.visitFile(KeYParserBaseVisitor.java:23)
	at de.uka.ilkd.key.nparser.KeYParser$FileContext.accept(KeYParser.java:306)
	at de.uka.ilkd.key.nparser.KeyAst.accept(KeyAst.java:41)
	at de.uka.ilkd.key.nparser.KeyAst$File.getIncludes(KeyAst.java:76)
	at de.uka.ilkd.key.proof.io.KeYFile.readIncludes(KeYFile.java:208)
	... 14 more
Could not find rule file rules/intRulesCheckedSemantics.key (file: /home/runner/work/key/key/key.core/../key.ui/examples/index/../InformationFlow/SimpleEvoting/simple_evoting.SMT(simple_evoting.SMT__send(simple_evoting.Message,int,simple_evoting.Server)).JML normal_behavior operation contract.0.key; caused by: de.uka.ilkd.key.proof.init.ProofInputException: Could not find rule file rules/intRulesCheckedSemantics.key)
	at de.uka.ilkd.key.control.AbstractUserInterfaceControl.load(AbstractUserInterfaceControl.java:221)
	at de.uka.ilkd.key.control.KeYEnvironment.load(KeYEnvironment.java:251)
	at de.uka.ilkd.key.control.KeYEnvironment.load(KeYEnvironment.java:224)
	at de.uka.ilkd.key.control.KeYEnvironment.load(KeYEnvironment.java:184)
	at de.uka.ilkd.key.control.KeYEnvironment.load(KeYEnvironment.java:261)
	at de.uka.ilkd.key.proof.runallproofs.proofcollection.TestFile.load(TestFile.java:270)
	at de.uka.ilkd.key.proof.runallproofs.proofcollection.TestFile.runKey(TestFile.java:160)
	at de.uka.ilkd.key.proof.runallproofs.proofcollection.ForkedTestFileRunner.main(ForkedTestFileRunner.java:171)
Caused by: de.uka.ilkd.key.proof.init.ProofInputException: Could not find rule file rules/intRulesCheckedSemantics.key
	at de.uka.ilkd.key.proof.io.KeYFile.readIncludes(KeYFile.java:210)
	at de.uka.ilkd.key.proof.init.ProblemInitializer.readIncludes(ProblemInitializer.java:177)
	at de.uka.ilkd.key.proof.init.ProblemInitializer.readEnvInput(ProblemInitializer.java:325)
	at de.uka.ilkd.key.proof.init.ProblemInitializer.prepare(ProblemInitializer.java:449)
	at de.uka.ilkd.key.proof.io.AbstractProblemLoader.createInitConfig(AbstractProblemLoader.java:518)
	at de.uka.ilkd.key.proof.io.AbstractProblemLoader.loadEnvironment(AbstractProblemLoader.java:288)
	at de.uka.ilkd.key.proof.io.AbstractProblemLoader.load(AbstractProblemLoader.java:252)
	at de.uka.ilkd.key.control.AbstractUserInterfaceControl.load(AbstractUserInterfaceControl.java:209)
	... 7 more
Caused by: java.lang.RuntimeException: Could not find rule file rules/intRulesCheckedSemantics.key
	at de.uka.ilkd.key.proof.io.RuleSourceFactory.fromBuiltInRule(RuleSourceFactory.java:32)
	at de.uka.ilkd.key.proof.io.RuleSourceFactory.fromDefaultLocation(RuleSourceFactory.java:21)
	at de.uka.ilkd.key.nparser.builder.IncludeFinder.addInclude(IncludeFinder.java:63)
	at de.uka.ilkd.key.nparser.builder.IncludeFinder.visitOne_include(IncludeFinder.java:43)
	at de.uka.ilkd.key.nparser.builder.IncludeFinder.visitOne_include(IncludeFinder.java:20)
	at de.uka.ilkd.key.nparser.KeYParser$One_includeContext.accept(KeYParser.java:878)
	at de.uka.ilkd.key.nparser.builder.AbstractBuilder.lambda$mapOf$0(AbstractBuilder.java:112)
	at java.base/java.util.stream.ReferencePipeline$3$1.accept(ReferencePipeline.java:195)
	at java.base/java.util.ArrayList$ArrayListSpliterator.forEachRemaining(ArrayList.java:1655)
	at java.base/java.util.stream.AbstractPipeline.copyInto(AbstractPipeline.java:484)
	at java.base/java.util.stream.AbstractPipeline.wrapAndCopyInto(AbstractPipeline.java:474)
	at java.base/java.util.stream.ReduceOps$ReduceOp.evaluateSequential(ReduceOps.java:913)
	at java.base/java.util.stream.AbstractPipeline.evaluate(AbstractPipeline.java:234)
	at java.base/java.util.stream.ReferencePipeline.collect(ReferencePipeline.java:578)
	at de.uka.ilkd.key.nparser.builder.AbstractBuilder.mapOf(AbstractBuilder.java:112)
	at de.uka.ilkd.key.nparser.builder.IncludeFinder.visitOne_include_statement(IncludeFinder.java:35)
	at de.uka.ilkd.key.nparser.builder.IncludeFinder.visitOne_include_statement(IncludeFinder.java:20)
	at de.uka.ilkd.key.nparser.KeYParser$One_include_statementContext.accept(KeYParser.java:802)
	at org.antlr.v4.runtime.tree.AbstractParseTreeVisitor.visitChildren(AbstractParseTreeVisitor.java:46)
	at de.uka.ilkd.key.nparser.KeYParserBaseVisitor.visitDecls(KeYParserBaseVisitor.java:30)
	at de.uka.ilkd.key.nparser.KeYParser$DeclsContext.accept(KeYParser.java:500)
	at org.antlr.v4.runtime.tree.AbstractParseTreeVisitor.visitChildren(AbstractParseTreeVisitor.java:46)
	at de.uka.ilkd.key.nparser.KeYParserBaseVisitor.visitFile(KeYParserBaseVisitor.java:23)
	at de.uka.ilkd.key.nparser.KeYParser$FileContext.accept(KeYParser.java:306)
	at de.uka.ilkd.key.nparser.KeyAst.accept(KeyAst.java:41)
	at de.uka.ilkd.key.nparser.KeyAst$File.getIncludes(KeyAst.java:76)
	at de.uka.ilkd.key.proof.io.KeYFile.readIncludes(KeYFile.java:208)
	... 14 more
Could not find rule file rules/intRulesCheckedSemantics.key (file: /home/runner/work/key/key/key.core/../key.ui/examples/index/../InformationFlow/SimpleEvoting/simple_evoting.Message(java.lang.Object___inv_()).JML accessible clause.0.key; caused by: de.uka.ilkd.key.proof.init.ProofInputException: Could not find rule file rules/intRulesCheckedSemantics.key)
	at de.uka.ilkd.key.control.AbstractUserInterfaceControl.load(AbstractUserInterfaceControl.java:221)
	at de.uka.ilkd.key.control.KeYEnvironment.load(KeYEnvironment.java:251)
	at de.uka.ilkd.key.control.KeYEnvironment.load(KeYEnvironment.java:224)
	at de.uka.ilkd.key.control.KeYEnvironment.load(KeYEnvironment.java:184)
	at de.uka.ilkd.key.control.KeYEnvironment.load(KeYEnvironment.java:261)
	at de.uka.ilkd.key.proof.runallproofs.proofcollection.TestFile.load(TestFile.java:270)
	at de.uka.ilkd.key.proof.runallproofs.proofcollection.TestFile.runKey(TestFile.java:160)
	at de.uka.ilkd.key.proof.runallproofs.proofcollection.ForkedTestFileRunner.main(ForkedTestFileRunner.java:171)
Caused by: de.uka.ilkd.key.proof.init.ProofInputException: Could not find rule file rules/intRulesCheckedSemantics.key
	at de.uka.ilkd.key.proof.io.KeYFile.readIncludes(KeYFile.java:210)
	at de.uka.ilkd.key.proof.init.ProblemInitializer.readIncludes(ProblemInitializer.java:177)
	at de.uka.ilkd.key.proof.init.ProblemInitializer.readEnvInput(ProblemInitializer.java:325)
	at de.uka.ilkd.key.proof.init.ProblemInitializer.prepare(ProblemInitializer.java:449)
	at de.uka.ilkd.key.proof.io.AbstractProblemLoader.createInitConfig(AbstractProblemLoader.java:518)
	at de.uka.ilkd.key.proof.io.AbstractProblemLoader.loadEnvironment(AbstractProblemLoader.java:288)
	at de.uka.ilkd.key.proof.io.AbstractProblemLoader.load(AbstractProblemLoader.java:252)
	at de.uka.ilkd.key.control.AbstractUserInterfaceControl.load(AbstractUserInterfaceControl.java:209)
	... 7 more
Caused by: java.lang.RuntimeException: Could not find rule file rules/intRulesCheckedSemantics.key
	at de.uka.ilkd.key.proof.io.RuleSourceFactory.fromBuiltInRule(RuleSourceFactory.java:32)
	at de.uka.ilkd.key.proof.io.RuleSourceFactory.fromDefaultLocation(RuleSourceFactory.java:21)
	at de.uka.ilkd.key.nparser.builder.IncludeFinder.addInclude(IncludeFinder.java:63)
	at de.uka.ilkd.key.nparser.builder.IncludeFinder.visitOne_include(IncludeFinder.java:43)
	at de.uka.ilkd.key.nparser.builder.IncludeFinder.visitOne_include(IncludeFinder.java:20)
	at de.uka.ilkd.key.nparser.KeYParser$One_includeContext.accept(KeYParser.java:878)
	at de.uka.ilkd.key.nparser.builder.AbstractBuilder.lambda$mapOf$0(AbstractBuilder.java:112)
	at java.base/java.util.stream.ReferencePipeline$3$1.accept(ReferencePipeline.java:195)
	at java.base/java.util.ArrayList$ArrayListSpliterator.forEachRemaining(ArrayList.java:1655)
	at java.base/java.util.stream.AbstractPipeline.copyInto(AbstractPipeline.java:484)
	at java.base/java.util.stream.AbstractPipeline.wrapAndCopyInto(AbstractPipeline.java:474)
	at java.base/java.util.stream.ReduceOps$ReduceOp.evaluateSequential(ReduceOps.java:913)
	at java.base/java.util.stream.AbstractPipeline.evaluate(AbstractPipeline.java:234)
	at java.base/java.util.stream.ReferencePipeline.collect(ReferencePipeline.java:578)
	at de.uka.ilkd.key.nparser.builder.AbstractBuilder.mapOf(AbstractBuilder.java:112)
	at de.uka.ilkd.key.nparser.builder.IncludeFinder.visitOne_include_statement(IncludeFinder.java:35)
	at de.uka.ilkd.key.nparser.builder.IncludeFinder.visitOne_include_statement(IncludeFinder.java:20)
	at de.uka.ilkd.key.nparser.KeYParser$One_include_statementContext.accept(KeYParser.java:802)
	at org.antlr.v4.runtime.tree.AbstractParseTreeVisitor.visitChildren(AbstractParseTreeVisitor.java:46)
	at de.uka.ilkd.key.nparser.KeYParserBaseVisitor.visitDecls(KeYParserBaseVisitor.java:30)
	at de.uka.ilkd.key.nparser.KeYParser$DeclsContext.accept(KeYParser.java:500)
	at org.antlr.v4.runtime.tree.AbstractParseTreeVisitor.visitChildren(AbstractParseTreeVisitor.java:46)
	at de.uka.ilkd.key.nparser.KeYParserBaseVisitor.visitFile(KeYParserBaseVisitor.java:23)
	at de.uka.ilkd.key.nparser.KeYParser$FileContext.accept(KeYParser.java:306)
	at de.uka.ilkd.key.nparser.KeyAst.accept(KeyAst.java:41)
	at de.uka.ilkd.key.nparser.KeyAst$File.getIncludes(KeyAst.java:76)
	at de.uka.ilkd.key.proof.io.KeYFile.readIncludes(KeYFile.java:208)
	... 14 more
Could not find rule file rules/intRulesCheckedSemantics.key (file: /home/runner/work/key/key/key.core/../key.ui/examples/index/../InformationFlow/SimpleEvoting/simple_evoting.Server(simple_evoting.Server__resultReady()).JML accessible clause.0.key; caused by: de.uka.ilkd.key.proof.init.ProofInputException: Could not find rule file rules/intRulesCheckedSemantics.key)
	at de.uka.ilkd.key.control.AbstractUserInterfaceControl.load(AbstractUserInterfaceControl.java:221)
	at de.uka.ilkd.key.control.KeYEnvironment.load(KeYEnvironment.java:251)
	at de.uka.ilkd.key.control.KeYEnvironment.load(KeYEnvironment.java:224)
	at de.uka.ilkd.key.control.KeYEnvironment.load(KeYEnvironment.java:184)
	at de.uka.ilkd.key.control.KeYEnvironment.load(KeYEnvironment.java:261)
	at de.uka.ilkd.key.proof.runallproofs.proofcollection.TestFile.load(TestFile.java:270)
	at de.uka.ilkd.key.proof.runallproofs.proofcollection.TestFile.runKey(TestFile.java:160)
	at de.uka.ilkd.key.proof.runallproofs.proofcollection.ForkedTestFileRunner.main(ForkedTestFileRunner.java:171)
Caused by: de.uka.ilkd.key.proof.init.ProofInputException: Could not find rule file rules/intRulesCheckedSemantics.key
	at de.uka.ilkd.key.proof.io.KeYFile.readIncludes(KeYFile.java:210)
	at de.uka.ilkd.key.proof.init.ProblemInitializer.readIncludes(ProblemInitializer.java:177)
	at de.uka.ilkd.key.proof.init.ProblemInitializer.readEnvInput(ProblemInitializer.java:325)
	at de.uka.ilkd.key.proof.init.ProblemInitializer.prepare(ProblemInitializer.java:449)
	at de.uka.ilkd.key.proof.io.AbstractProblemLoader.createInitConfig(AbstractProblemLoader.java:518)
	at de.uka.ilkd.key.proof.io.AbstractProblemLoader.loadEnvironment(AbstractProblemLoader.java:288)
	at de.uka.ilkd.key.proof.io.AbstractProblemLoader.load(AbstractProblemLoader.java:252)
	at de.uka.ilkd.key.control.AbstractUserInterfaceControl.load(AbstractUserInterfaceControl.java:209)
	... 7 more
Caused by: java.lang.RuntimeException: Could not find rule file rules/intRulesCheckedSemantics.key
	at de.uka.ilkd.key.proof.io.RuleSourceFactory.fromBuiltInRule(RuleSourceFactory.java:32)
	at de.uka.ilkd.key.proof.io.RuleSourceFactory.fromDefaultLocation(RuleSourceFactory.java:21)
	at de.uka.ilkd.key.nparser.builder.IncludeFinder.addInclude(IncludeFinder.java:63)
	at de.uka.ilkd.key.nparser.builder.IncludeFinder.visitOne_include(IncludeFinder.java:43)
	at de.uka.ilkd.key.nparser.builder.IncludeFinder.visitOne_include(IncludeFinder.java:20)
	at de.uka.ilkd.key.nparser.KeYParser$One_includeContext.accept(KeYParser.java:878)
	at de.uka.ilkd.key.nparser.builder.AbstractBuilder.lambda$mapOf$0(AbstractBuilder.java:112)
	at java.base/java.util.stream.ReferencePipeline$3$1.accept(ReferencePipeline.java:195)
	at java.base/java.util.ArrayList$ArrayListSpliterator.forEachRemaining(ArrayList.java:1655)
	at java.base/java.util.stream.AbstractPipeline.copyInto(AbstractPipeline.java:484)
	at java.base/java.util.stream.AbstractPipeline.wrapAndCopyInto(AbstractPipeline.java:474)
	at java.base/java.util.stream.ReduceOps$ReduceOp.evaluateSequential(ReduceOps.java:913)
	at java.base/java.util.stream.AbstractPipeline.evaluate(AbstractPipeline.java:234)
	at java.base/java.util.stream.ReferencePipeline.collect(ReferencePipeline.java:578)
	at de.uka.ilkd.key.nparser.builder.AbstractBuilder.mapOf(AbstractBuilder.java:112)
	at de.uka.ilkd.key.nparser.builder.IncludeFinder.visitOne_include_statement(IncludeFinder.java:35)
	at de.uka.ilkd.key.nparser.builder.IncludeFinder.visitOne_include_statement(IncludeFinder.java:20)
	at de.uka.ilkd.key.nparser.KeYParser$One_include_statementContext.accept(KeYParser.java:802)
	at org.antlr.v4.runtime.tree.AbstractParseTreeVisitor.visitChildren(AbstractParseTreeVisitor.java:46)
	at de.uka.ilkd.key.nparser.KeYParserBaseVisitor.visitDecls(KeYParserBaseVisitor.java:30)
	at de.uka.ilkd.key.nparser.KeYParser$DeclsContext.accept(KeYParser.java:500)
	at org.antlr.v4.runtime.tree.AbstractParseTreeVisitor.visitChildren(AbstractParseTreeVisitor.java:46)
	at de.uka.ilkd.key.nparser.KeYParserBaseVisitor.visitFile(KeYParserBaseVisitor.java:23)
	at de.uka.ilkd.key.nparser.KeYParser$FileContext.accept(KeYParser.java:306)
	at de.uka.ilkd.key.nparser.KeyAst.accept(KeyAst.java:41)
	at de.uka.ilkd.key.nparser.KeyAst$File.getIncludes(KeyAst.java:76)
	at de.uka.ilkd.key.proof.io.KeYFile.readIncludes(KeYFile.java:208)
	... 14 more
Could not find rule file rules/intRulesCheckedSemantics.key (file: /home/runner/work/key/key/key.core/../key.ui/examples/index/../InformationFlow/SimpleEvoting/simple_evoting.Server(simple_evoting.Server__resultReady()).JML normal_behavior operation contract.0.key; caused by: de.uka.ilkd.key.proof.init.ProofInputException: Could not find rule file rules/intRulesCheckedSemantics.key)
	at de.uka.ilkd.key.control.AbstractUserInterfaceControl.load(AbstractUserInterfaceControl.java:221)
	at de.uka.ilkd.key.control.KeYEnvironment.load(KeYEnvironment.java:251)
	at de.uka.ilkd.key.control.KeYEnvironment.load(KeYEnvironment.java:224)
	at de.uka.ilkd.key.control.KeYEnvironment.load(KeYEnvironment.java:184)
	at de.uka.ilkd.key.control.KeYEnvironment.load(KeYEnvironment.java:261)
	at de.uka.ilkd.key.proof.runallproofs.proofcollection.TestFile.load(TestFile.java:270)
	at de.uka.ilkd.key.proof.runallproofs.proofcollection.TestFile.runKey(TestFile.java:160)
	at de.uka.ilkd.key.proof.runallproofs.proofcollection.ForkedTestFileRunner.main(ForkedTestFileRunner.java:171)
Caused by: de.uka.ilkd.key.proof.init.ProofInputException: Could not find rule file rules/intRulesCheckedSemantics.key
	at de.uka.ilkd.key.proof.io.KeYFile.readIncludes(KeYFile.java:210)
	at de.uka.ilkd.key.proof.init.ProblemInitializer.readIncludes(ProblemInitializer.java:177)
	at de.uka.ilkd.key.proof.init.ProblemInitializer.readEnvInput(ProblemInitializer.java:325)
	at de.uka.ilkd.key.proof.init.ProblemInitializer.prepare(ProblemInitializer.java:449)
	at de.uka.ilkd.key.proof.io.AbstractProblemLoader.createInitConfig(AbstractProblemLoader.java:518)
	at de.uka.ilkd.key.proof.io.AbstractProblemLoader.loadEnvironment(AbstractProblemLoader.java:288)
	at de.uka.ilkd.key.proof.io.AbstractProblemLoader.load(AbstractProblemLoader.java:252)
	at de.uka.ilkd.key.control.AbstractUserInterfaceControl.load(AbstractUserInterfaceControl.java:209)
	... 7 more
Caused by: java.lang.RuntimeException: Could not find rule file rules/intRulesCheckedSemantics.key
	at de.uka.ilkd.key.proof.io.RuleSourceFactory.fromBuiltInRule(RuleSourceFactory.java:32)
	at de.uka.ilkd.key.proof.io.RuleSourceFactory.fromDefaultLocation(RuleSourceFactory.java:21)
	at de.uka.ilkd.key.nparser.builder.IncludeFinder.addInclude(IncludeFinder.java:63)
	at de.uka.ilkd.key.nparser.builder.IncludeFinder.visitOne_include(IncludeFinder.java:43)
	at de.uka.ilkd.key.nparser.builder.IncludeFinder.visitOne_include(IncludeFinder.java:20)
	at de.uka.ilkd.key.nparser.KeYParser$One_includeContext.accept(KeYParser.java:878)
	at de.uka.ilkd.key.nparser.builder.AbstractBuilder.lambda$mapOf$0(AbstractBuilder.java:112)
	at java.base/java.util.stream.ReferencePipeline$3$1.accept(ReferencePipeline.java:195)
	at java.base/java.util.ArrayList$ArrayListSpliterator.forEachRemaining(ArrayList.java:1655)
	at java.base/java.util.stream.AbstractPipeline.copyInto(AbstractPipeline.java:484)
	at java.base/java.util.stream.AbstractPipeline.wrapAndCopyInto(AbstractPipeline.java:474)
	at java.base/java.util.stream.ReduceOps$ReduceOp.evaluateSequential(ReduceOps.java:913)
	at java.base/java.util.stream.AbstractPipeline.evaluate(AbstractPipeline.java:234)
	at java.base/java.util.stream.ReferencePipeline.collect(ReferencePipeline.java:578)
	at de.uka.ilkd.key.nparser.builder.AbstractBuilder.mapOf(AbstractBuilder.java:112)
	at de.uka.ilkd.key.nparser.builder.IncludeFinder.visitOne_include_statement(IncludeFinder.java:35)
	at de.uka.ilkd.key.nparser.builder.IncludeFinder.visitOne_include_statement(IncludeFinder.java:20)
	at de.uka.ilkd.key.nparser.KeYParser$One_include_statementContext.accept(KeYParser.java:802)
	at org.antlr.v4.runtime.tree.AbstractParseTreeVisitor.visitChildren(AbstractParseTreeVisitor.java:46)
	at de.uka.ilkd.key.nparser.KeYParserBaseVisitor.visitDecls(KeYParserBaseVisitor.java:30)
	at de.uka.ilkd.key.nparser.KeYParser$DeclsContext.accept(KeYParser.java:500)
	at org.antlr.v4.runtime.tree.AbstractParseTreeVisitor.visitChildren(AbstractParseTreeVisitor.java:46)
	at de.uka.ilkd.key.nparser.KeYParserBaseVisitor.visitFile(KeYParserBaseVisitor.java:23)
	at de.uka.ilkd.key.nparser.KeYParser$FileContext.accept(KeYParser.java:306)
	at de.uka.ilkd.key.nparser.KeyAst.accept(KeyAst.java:41)
	at de.uka.ilkd.key.nparser.KeyAst$File.getIncludes(KeyAst.java:76)
	at de.uka.ilkd.key.proof.io.KeYFile.readIncludes(KeYFile.java:208)
	... 14 more
Could not find rule file rules/intRulesCheckedSemantics.key (file: /home/runner/work/key/key/key.core/../key.ui/examples/index/../InformationFlow/SimpleEvoting/simple_evoting.Server(simple_evoting.Server__onSendResult()).JML normal_behavior operation contract.0.key; caused by: de.uka.ilkd.key.proof.init.ProofInputException: Could not find rule file rules/intRulesCheckedSemantics.key)
	at de.uka.ilkd.key.control.AbstractUserInterfaceControl.load(AbstractUserInterfaceControl.java:221)
	at de.uka.ilkd.key.control.KeYEnvironment.load(KeYEnvironment.java:251)
	at de.uka.ilkd.key.control.KeYEnvironment.load(KeYEnvironment.java:224)
	at de.uka.ilkd.key.control.KeYEnvironment.load(KeYEnvironment.java:184)
	at de.uka.ilkd.key.control.KeYEnvironment.load(KeYEnvironment.java:261)
	at de.uka.ilkd.key.proof.runallproofs.proofcollection.TestFile.load(TestFile.java:270)
	at de.uka.ilkd.key.proof.runallproofs.proofcollection.TestFile.runKey(TestFile.java:160)
	at de.uka.ilkd.key.proof.runallproofs.proofcollection.ForkedTestFileRunner.main(ForkedTestFileRunner.java:171)
Caused by: de.uka.ilkd.key.proof.init.ProofInputException: Could not find rule file rules/intRulesCheckedSemantics.key
	at de.uka.ilkd.key.proof.io.KeYFile.readIncludes(KeYFile.java:210)
	at de.uka.ilkd.key.proof.init.ProblemInitializer.readIncludes(ProblemInitializer.java:177)
	at de.uka.ilkd.key.proof.init.ProblemInitializer.readEnvInput(ProblemInitializer.java:325)
	at de.uka.ilkd.key.proof.init.ProblemInitializer.prepare(ProblemInitializer.java:449)
	at de.uka.ilkd.key.proof.io.AbstractProblemLoader.createInitConfig(AbstractProblemLoader.java:518)
	at de.uka.ilkd.key.proof.io.AbstractProblemLoader.loadEnvironment(AbstractProblemLoader.java:288)
	at de.uka.ilkd.key.proof.io.AbstractProblemLoader.load(AbstractProblemLoader.java:252)
	at de.uka.ilkd.key.control.AbstractUserInterfaceControl.load(AbstractUserInterfaceControl.java:209)
	... 7 more
Caused by: java.lang.RuntimeException: Could not find rule file rules/intRulesCheckedSemantics.key
	at de.uka.ilkd.key.proof.io.RuleSourceFactory.fromBuiltInRule(RuleSourceFactory.java:32)
	at de.uka.ilkd.key.proof.io.RuleSourceFactory.fromDefaultLocation(RuleSourceFactory.java:21)
	at de.uka.ilkd.key.nparser.builder.IncludeFinder.addInclude(IncludeFinder.java:63)
	at de.uka.ilkd.key.nparser.builder.IncludeFinder.visitOne_include(IncludeFinder.java:43)
	at de.uka.ilkd.key.nparser.builder.IncludeFinder.visitOne_include(IncludeFinder.java:20)
	at de.uka.ilkd.key.nparser.KeYParser$One_includeContext.accept(KeYParser.java:878)
	at de.uka.ilkd.key.nparser.builder.AbstractBuilder.lambda$mapOf$0(AbstractBuilder.java:112)
	at java.base/java.util.stream.ReferencePipeline$3$1.accept(ReferencePipeline.java:195)
	at java.base/java.util.ArrayList$ArrayListSpliterator.forEachRemaining(ArrayList.java:1655)
	at java.base/java.util.stream.AbstractPipeline.copyInto(AbstractPipeline.java:484)
	at java.base/java.util.stream.AbstractPipeline.wrapAndCopyInto(AbstractPipeline.java:474)
	at java.base/java.util.stream.ReduceOps$ReduceOp.evaluateSequential(ReduceOps.java:913)
	at java.base/java.util.stream.AbstractPipeline.evaluate(AbstractPipeline.java:234)
	at java.base/java.util.stream.ReferencePipeline.collect(ReferencePipeline.java:578)
	at de.uka.ilkd.key.nparser.builder.AbstractBuilder.mapOf(AbstractBuilder.java:112)
	at de.uka.ilkd.key.nparser.builder.IncludeFinder.visitOne_include_statement(IncludeFinder.java:35)
	at de.uka.ilkd.key.nparser.builder.IncludeFinder.visitOne_include_statement(IncludeFinder.java:20)
	at de.uka.ilkd.key.nparser.KeYParser$One_include_statementContext.accept(KeYParser.java:802)
	at org.antlr.v4.runtime.tree.AbstractParseTreeVisitor.visitChildren(AbstractParseTreeVisitor.java:46)
	at de.uka.ilkd.key.nparser.KeYParserBaseVisitor.visitDecls(KeYParserBaseVisitor.java:30)
	at de.uka.ilkd.key.nparser.KeYParser$DeclsContext.accept(KeYParser.java:500)
	at org.antlr.v4.runtime.tree.AbstractParseTreeVisitor.visitChildren(AbstractParseTreeVisitor.java:46)
	at de.uka.ilkd.key.nparser.KeYParserBaseVisitor.visitFile(KeYParserBaseVisitor.java:23)
	at de.uka.ilkd.key.nparser.KeYParser$FileContext.accept(KeYParser.java:306)
	at de.uka.ilkd.key.nparser.KeyAst.accept(KeyAst.java:41)
	at de.uka.ilkd.key.nparser.KeyAst$File.getIncludes(KeyAst.java:76)
	at de.uka.ilkd.key.proof.io.KeYFile.readIncludes(KeYFile.java:208)
	... 14 more
Could not find rule file rules/intRulesCheckedSemantics.key (file: /home/runner/work/key/key/key.core/../key.ui/examples/index/../InformationFlow/SimpleEvoting/simple_evoting.Server(simple_evoting.Server__onCollectBallot(simple_evoting.Message)).JML normal_behavior operation contract.1.key; caused by: de.uka.ilkd.key.proof.init.ProofInputException: Could not find rule file rules/intRulesCheckedSemantics.key)
	at de.uka.ilkd.key.control.AbstractUserInterfaceControl.load(AbstractUserInterfaceControl.java:221)
	at de.uka.ilkd.key.control.KeYEnvironment.load(KeYEnvironment.java:251)
	at de.uka.ilkd.key.control.KeYEnvironment.load(KeYEnvironment.java:224)
	at de.uka.ilkd.key.control.KeYEnvironment.load(KeYEnvironment.java:184)
	at de.uka.ilkd.key.control.KeYEnvironment.load(KeYEnvironment.java:261)
	at de.uka.ilkd.key.proof.runallproofs.proofcollection.TestFile.load(TestFile.java:270)
	at de.uka.ilkd.key.proof.runallproofs.proofcollection.TestFile.runKey(TestFile.java:160)
	at de.uka.ilkd.key.proof.runallproofs.proofcollection.ForkedTestFileRunner.main(ForkedTestFileRunner.java:171)
Caused by: de.uka.ilkd.key.proof.init.ProofInputException: Could not find rule file rules/intRulesCheckedSemantics.key
	at de.uka.ilkd.key.proof.io.KeYFile.readIncludes(KeYFile.java:210)
	at de.uka.ilkd.key.proof.init.ProblemInitializer.readIncludes(ProblemInitializer.java:177)
	at de.uka.ilkd.key.proof.init.ProblemInitializer.readEnvInput(ProblemInitializer.java:325)
	at de.uka.ilkd.key.proof.init.ProblemInitializer.prepare(ProblemInitializer.java:449)
	at de.uka.ilkd.key.proof.io.AbstractProblemLoader.createInitConfig(AbstractProblemLoader.java:518)
	at de.uka.ilkd.key.proof.io.AbstractProblemLoader.loadEnvironment(AbstractProblemLoader.java:288)
	at de.uka.ilkd.key.proof.io.AbstractProblemLoader.load(AbstractProblemLoader.java:252)
	at de.uka.ilkd.key.control.AbstractUserInterfaceControl.load(AbstractUserInterfaceControl.java:209)
	... 7 more
Caused by: java.lang.RuntimeException: Could not find rule file rules/intRulesCheckedSemantics.key
	at de.uka.ilkd.key.proof.io.RuleSourceFactory.fromBuiltInRule(RuleSourceFactory.java:32)
	at de.uka.ilkd.key.proof.io.RuleSourceFactory.fromDefaultLocation(RuleSourceFactory.java:21)
	at de.uka.ilkd.key.nparser.builder.IncludeFinder.addInclude(IncludeFinder.java:63)
	at de.uka.ilkd.key.nparser.builder.IncludeFinder.visitOne_include(IncludeFinder.java:43)
	at de.uka.ilkd.key.nparser.builder.IncludeFinder.visitOne_include(IncludeFinder.java:20)
	at de.uka.ilkd.key.nparser.KeYParser$One_includeContext.accept(KeYParser.java:878)
	at de.uka.ilkd.key.nparser.builder.AbstractBuilder.lambda$mapOf$0(AbstractBuilder.java:112)
	at java.base/java.util.stream.ReferencePipeline$3$1.accept(ReferencePipeline.java:195)
	at java.base/java.util.ArrayList$ArrayListSpliterator.forEachRemaining(ArrayList.java:1655)
	at java.base/java.util.stream.AbstractPipeline.copyInto(AbstractPipeline.java:484)
	at java.base/java.util.stream.AbstractPipeline.wrapAndCopyInto(AbstractPipeline.java:474)
	at java.base/java.util.stream.ReduceOps$ReduceOp.evaluateSequential(ReduceOps.java:913)
	at java.base/java.util.stream.AbstractPipeline.evaluate(AbstractPipeline.java:234)
	at java.base/java.util.stream.ReferencePipeline.collect(ReferencePipeline.java:578)
	at de.uka.ilkd.key.nparser.builder.AbstractBuilder.mapOf(AbstractBuilder.java:112)
	at de.uka.ilkd.key.nparser.builder.IncludeFinder.visitOne_include_statement(IncludeFinder.java:35)
	at de.uka.ilkd.key.nparser.builder.IncludeFinder.visitOne_include_statement(IncludeFinder.java:20)
	at de.uka.ilkd.key.nparser.KeYParser$One_include_statementContext.accept(KeYParser.java:802)
	at org.antlr.v4.runtime.tree.AbstractParseTreeVisitor.visitChildren(AbstractParseTreeVisitor.java:46)
	at de.uka.ilkd.key.nparser.KeYParserBaseVisitor.visitDecls(KeYParserBaseVisitor.java:30)
	at de.uka.ilkd.key.nparser.KeYParser$DeclsContext.accept(KeYParser.java:500)
	at org.antlr.v4.runtime.tree.AbstractParseTreeVisitor.visitChildren(AbstractParseTreeVisitor.java:46)
	at de.uka.ilkd.key.nparser.KeYParserBaseVisitor.visitFile(KeYParserBaseVisitor.java:23)
	at de.uka.ilkd.key.nparser.KeYParser$FileContext.accept(KeYParser.java:306)
	at de.uka.ilkd.key.nparser.KeyAst.accept(KeyAst.java:41)
	at de.uka.ilkd.key.nparser.KeyAst$File.getIncludes(KeyAst.java:76)
	at de.uka.ilkd.key.proof.io.KeYFile.readIncludes(KeYFile.java:208)
	... 14 more
Could not find rule file rules/intRulesCheckedSemantics.key (file: /home/runner/work/key/key/key.core/../key.ui/examples/index/../InformationFlow/SimpleEvoting/simple_evoting.Server(simple_evoting.Server__onCollectBallot(simple_evoting.Message)).JML normal_behavior operation contract.0.key; caused by: de.uka.ilkd.key.proof.init.ProofInputException: Could not find rule file rules/intRulesCheckedSemantics.key)
	at de.uka.ilkd.key.control.AbstractUserInterfaceControl.load(AbstractUserInterfaceControl.java:221)
	at de.uka.ilkd.key.control.KeYEnvironment.load(KeYEnvironment.java:251)
	at de.uka.ilkd.key.control.KeYEnvironment.load(KeYEnvironment.java:224)
	at de.uka.ilkd.key.control.KeYEnvironment.load(KeYEnvironment.java:184)
	at de.uka.ilkd.key.control.KeYEnvironment.load(KeYEnvironment.java:261)
	at de.uka.ilkd.key.proof.runallproofs.proofcollection.TestFile.load(TestFile.java:270)
	at de.uka.ilkd.key.proof.runallproofs.proofcollection.TestFile.runKey(TestFile.java:160)
	at de.uka.ilkd.key.proof.runallproofs.proofcollection.ForkedTestFileRunner.main(ForkedTestFileRunner.java:171)
Caused by: de.uka.ilkd.key.proof.init.ProofInputException: Could not find rule file rules/intRulesCheckedSemantics.key
	at de.uka.ilkd.key.proof.io.KeYFile.readIncludes(KeYFile.java:210)
	at de.uka.ilkd.key.proof.init.ProblemInitializer.readIncludes(ProblemInitializer.java:177)
	at de.uka.ilkd.key.proof.init.ProblemInitializer.readEnvInput(ProblemInitializer.java:325)
	at de.uka.ilkd.key.proof.init.ProblemInitializer.prepare(ProblemInitializer.java:449)
	at de.uka.ilkd.key.proof.io.AbstractProblemLoader.createInitConfig(AbstractProblemLoader.java:518)
	at de.uka.ilkd.key.proof.io.AbstractProblemLoader.loadEnvironment(AbstractProblemLoader.java:288)
	at de.uka.ilkd.key.proof.io.AbstractProblemLoader.load(AbstractProblemLoader.java:252)
	at de.uka.ilkd.key.control.AbstractUserInterfaceControl.load(AbstractUserInterfaceControl.java:209)
	... 7 more
Caused by: java.lang.RuntimeException: Could not find rule file rules/intRulesCheckedSemantics.key
	at de.uka.ilkd.key.proof.io.RuleSourceFactory.fromBuiltInRule(RuleSourceFactory.java:32)
	at de.uka.ilkd.key.proof.io.RuleSourceFactory.fromDefaultLocation(RuleSourceFactory.java:21)
	at de.uka.ilkd.key.nparser.builder.IncludeFinder.addInclude(IncludeFinder.java:63)
	at de.uka.ilkd.key.nparser.builder.IncludeFinder.visitOne_include(IncludeFinder.java:43)
	at de.uka.ilkd.key.nparser.builder.IncludeFinder.visitOne_include(IncludeFinder.java:20)
	at de.uka.ilkd.key.nparser.KeYParser$One_includeContext.accept(KeYParser.java:878)
	at de.uka.ilkd.key.nparser.builder.AbstractBuilder.lambda$mapOf$0(AbstractBuilder.java:112)
	at java.base/java.util.stream.ReferencePipeline$3$1.accept(ReferencePipeline.java:195)
	at java.base/java.util.ArrayList$ArrayListSpliterator.forEachRemaining(ArrayList.java:1655)
	at java.base/java.util.stream.AbstractPipeline.copyInto(AbstractPipeline.java:484)
	at java.base/java.util.stream.AbstractPipeline.wrapAndCopyInto(AbstractPipeline.java:474)
	at java.base/java.util.stream.ReduceOps$ReduceOp.evaluateSequential(ReduceOps.java:913)
	at java.base/java.util.stream.AbstractPipeline.evaluate(AbstractPipeline.java:234)
	at java.base/java.util.stream.ReferencePipeline.collect(ReferencePipeline.java:578)
	at de.uka.ilkd.key.nparser.builder.AbstractBuilder.mapOf(AbstractBuilder.java:112)
	at de.uka.ilkd.key.nparser.builder.IncludeFinder.visitOne_include_statement(IncludeFinder.java:35)
	at de.uka.ilkd.key.nparser.builder.IncludeFinder.visitOne_include_statement(IncludeFinder.java:20)
	at de.uka.ilkd.key.nparser.KeYParser$One_include_statementContext.accept(KeYParser.java:802)
	at org.antlr.v4.runtime.tree.AbstractParseTreeVisitor.visitChildren(AbstractParseTreeVisitor.java:46)
	at de.uka.ilkd.key.nparser.KeYParserBaseVisitor.visitDecls(KeYParserBaseVisitor.java:30)
	at de.uka.ilkd.key.nparser.KeYParser$DeclsContext.accept(KeYParser.java:500)
	at org.antlr.v4.runtime.tree.AbstractParseTreeVisitor.visitChildren(AbstractParseTreeVisitor.java:46)
	at de.uka.ilkd.key.nparser.KeYParserBaseVisitor.visitFile(KeYParserBaseVisitor.java:23)
	at de.uka.ilkd.key.nparser.KeYParser$FileContext.accept(KeYParser.java:306)
	at de.uka.ilkd.key.nparser.KeyAst.accept(KeyAst.java:41)
	at de.uka.ilkd.key.nparser.KeyAst$File.getIncludes(KeyAst.java:76)
	at de.uka.ilkd.key.proof.io.KeYFile.readIncludes(KeYFile.java:208)
	... 14 more
Could not find rule file rules/intRulesCheckedSemantics.key (file: /home/runner/work/key/key/key.core/../key.ui/examples/index/../InformationFlow/SimpleEvoting/simple_evoting.Server(java.lang.Object___inv_()).JML accessible clause.0.key; caused by: de.uka.ilkd.key.proof.init.ProofInputException: Could not find rule file rules/intRulesCheckedSemantics.key)
	at de.uka.ilkd.key.control.AbstractUserInterfaceControl.load(AbstractUserInterfaceControl.java:221)
	at de.uka.ilkd.key.control.KeYEnvironment.load(KeYEnvironment.java:251)
	at de.uka.ilkd.key.control.KeYEnvironment.load(KeYEnvironment.java:224)
	at de.uka.ilkd.key.control.KeYEnvironment.load(KeYEnvironment.java:184)
	at de.uka.ilkd.key.control.KeYEnvironment.load(KeYEnvironment.java:261)
	at de.uka.ilkd.key.proof.runallproofs.proofcollection.TestFile.load(TestFile.java:270)
	at de.uka.ilkd.key.proof.runallproofs.proofcollection.TestFile.runKey(TestFile.java:160)
	at de.uka.ilkd.key.proof.runallproofs.proofcollection.ForkedTestFileRunner.main(ForkedTestFileRunner.java:171)
Caused by: de.uka.ilkd.key.proof.init.ProofInputException: Could not find rule file rules/intRulesCheckedSemantics.key
	at de.uka.ilkd.key.proof.io.KeYFile.readIncludes(KeYFile.java:210)
	at de.uka.ilkd.key.proof.init.ProblemInitializer.readIncludes(ProblemInitializer.java:177)
	at de.uka.ilkd.key.proof.init.ProblemInitializer.readEnvInput(ProblemInitializer.java:325)
	at de.uka.ilkd.key.proof.init.ProblemInitializer.prepare(ProblemInitializer.java:449)
	at de.uka.ilkd.key.proof.io.AbstractProblemLoader.createInitConfig(AbstractProblemLoader.java:518)
	at de.uka.ilkd.key.proof.io.AbstractProblemLoader.loadEnvironment(AbstractProblemLoader.java:288)
	at de.uka.ilkd.key.proof.io.AbstractProblemLoader.load(AbstractProblemLoader.java:252)
	at de.uka.ilkd.key.control.AbstractUserInterfaceControl.load(AbstractUserInterfaceControl.java:209)
	... 7 more
Caused by: java.lang.RuntimeException: Could not find rule file rules/intRulesCheckedSemantics.key
	at de.uka.ilkd.key.proof.io.RuleSourceFactory.fromBuiltInRule(RuleSourceFactory.java:32)
	at de.uka.ilkd.key.proof.io.RuleSourceFactory.fromDefaultLocation(RuleSourceFactory.java:21)
	at de.uka.ilkd.key.nparser.builder.IncludeFinder.addInclude(IncludeFinder.java:63)
	at de.uka.ilkd.key.nparser.builder.IncludeFinder.visitOne_include(IncludeFinder.java:43)
	at de.uka.ilkd.key.nparser.builder.IncludeFinder.visitOne_include(IncludeFinder.java:20)
	at de.uka.ilkd.key.nparser.KeYParser$One_includeContext.accept(KeYParser.java:878)
	at de.uka.ilkd.key.nparser.builder.AbstractBuilder.lambda$mapOf$0(AbstractBuilder.java:112)
	at java.base/java.util.stream.ReferencePipeline$3$1.accept(ReferencePipeline.java:195)
	at java.base/java.util.ArrayList$ArrayListSpliterator.forEachRemaining(ArrayList.java:1655)
	at java.base/java.util.stream.AbstractPipeline.copyInto(AbstractPipeline.java:484)
	at java.base/java.util.stream.AbstractPipeline.wrapAndCopyInto(AbstractPipeline.java:474)
	at java.base/java.util.stream.ReduceOps$ReduceOp.evaluateSequential(ReduceOps.java:913)
	at java.base/java.util.stream.AbstractPipeline.evaluate(AbstractPipeline.java:234)
	at java.base/java.util.stream.ReferencePipeline.collect(ReferencePipeline.java:578)
	at de.uka.ilkd.key.nparser.builder.AbstractBuilder.mapOf(AbstractBuilder.java:112)
	at de.uka.ilkd.key.nparser.builder.IncludeFinder.visitOne_include_statement(IncludeFinder.java:35)
	at de.uka.ilkd.key.nparser.builder.IncludeFinder.visitOne_include_statement(IncludeFinder.java:20)
	at de.uka.ilkd.key.nparser.KeYParser$One_include_statementContext.accept(KeYParser.java:802)
	at org.antlr.v4.runtime.tree.AbstractParseTreeVisitor.visitChildren(AbstractParseTreeVisitor.java:46)
	at de.uka.ilkd.key.nparser.KeYParserBaseVisitor.visitDecls(KeYParserBaseVisitor.java:30)
	at de.uka.ilkd.key.nparser.KeYParser$DeclsContext.accept(KeYParser.java:500)
	at org.antlr.v4.runtime.tree.AbstractParseTreeVisitor.visitChildren(AbstractParseTreeVisitor.java:46)
	at de.uka.ilkd.key.nparser.KeYParserBaseVisitor.visitFile(KeYParserBaseVisitor.java:23)
	at de.uka.ilkd.key.nparser.KeYParser$FileContext.accept(KeYParser.java:306)
	at de.uka.ilkd.key.nparser.KeyAst.accept(KeyAst.java:41)
	at de.uka.ilkd.key.nparser.KeyAst$File.getIncludes(KeyAst.java:76)
	at de.uka.ilkd.key.proof.io.KeYFile.readIncludes(KeYFile.java:208)
	... 14 more
Could not find rule file rules/intRulesCheckedSemantics.key (file: /home/runner/work/key/key/key.core/../key.ui/examples/index/../InformationFlow/SimpleEvoting/simple_evoting.SMTEnv(simple_evoting.SMTEnv__send(int,int,int,simple_evoting.Server,int)).JML normal_behavior operation contract.0.key; caused by: de.uka.ilkd.key.proof.init.ProofInputException: Could not find rule file rules/intRulesCheckedSemantics.key)
	at de.uka.ilkd.key.control.AbstractUserInterfaceControl.load(AbstractUserInterfaceControl.java:221)
	at de.uka.ilkd.key.control.KeYEnvironment.load(KeYEnvironment.java:251)
	at de.uka.ilkd.key.control.KeYEnvironment.load(KeYEnvironment.java:224)
	at de.uka.ilkd.key.control.KeYEnvironment.load(KeYEnvironment.java:184)
	at de.uka.ilkd.key.control.KeYEnvironment.load(KeYEnvironment.java:261)
	at de.uka.ilkd.key.proof.runallproofs.proofcollection.TestFile.load(TestFile.java:270)
	at de.uka.ilkd.key.proof.runallproofs.proofcollection.TestFile.runKey(TestFile.java:160)
	at de.uka.ilkd.key.proof.runallproofs.proofcollection.ForkedTestFileRunner.main(ForkedTestFileRunner.java:171)
Caused by: de.uka.ilkd.key.proof.init.ProofInputException: Could not find rule file rules/intRulesCheckedSemantics.key
	at de.uka.ilkd.key.proof.io.KeYFile.readIncludes(KeYFile.java:210)
	at de.uka.ilkd.key.proof.init.ProblemInitializer.readIncludes(ProblemInitializer.java:177)
	at de.uka.ilkd.key.proof.init.ProblemInitializer.readEnvInput(ProblemInitializer.java:325)
	at de.uka.ilkd.key.proof.init.ProblemInitializer.prepare(ProblemInitializer.java:449)
	at de.uka.ilkd.key.proof.io.AbstractProblemLoader.createInitConfig(AbstractProblemLoader.java:518)
	at de.uka.ilkd.key.proof.io.AbstractProblemLoader.loadEnvironment(AbstractProblemLoader.java:288)
	at de.uka.ilkd.key.proof.io.AbstractProblemLoader.load(AbstractProblemLoader.java:252)
	at de.uka.ilkd.key.control.AbstractUserInterfaceControl.load(AbstractUserInterfaceControl.java:209)
	... 7 more
Caused by: java.lang.RuntimeException: Could not find rule file rules/intRulesCheckedSemantics.key
	at de.uka.ilkd.key.proof.io.RuleSourceFactory.fromBuiltInRule(RuleSourceFactory.java:32)
	at de.uka.ilkd.key.proof.io.RuleSourceFactory.fromDefaultLocation(RuleSourceFactory.java:21)
	at de.uka.ilkd.key.nparser.builder.IncludeFinder.addInclude(IncludeFinder.java:63)
	at de.uka.ilkd.key.nparser.builder.IncludeFinder.visitOne_include(IncludeFinder.java:43)
	at de.uka.ilkd.key.nparser.builder.IncludeFinder.visitOne_include(IncludeFinder.java:20)
	at de.uka.ilkd.key.nparser.KeYParser$One_includeContext.accept(KeYParser.java:878)
	at de.uka.ilkd.key.nparser.builder.AbstractBuilder.lambda$mapOf$0(AbstractBuilder.java:112)
	at java.base/java.util.stream.ReferencePipeline$3$1.accept(ReferencePipeline.java:195)
	at java.base/java.util.ArrayList$ArrayListSpliterator.forEachRemaining(ArrayList.java:1655)
	at java.base/java.util.stream.AbstractPipeline.copyInto(AbstractPipeline.java:484)
	at java.base/java.util.stream.AbstractPipeline.wrapAndCopyInto(AbstractPipeline.java:474)
	at java.base/java.util.stream.ReduceOps$ReduceOp.evaluateSequential(ReduceOps.java:913)
	at java.base/java.util.stream.AbstractPipeline.evaluate(AbstractPipeline.java:234)
	at java.base/java.util.stream.ReferencePipeline.collect(ReferencePipeline.java:578)
	at de.uka.ilkd.key.nparser.builder.AbstractBuilder.mapOf(AbstractBuilder.java:112)
	at de.uka.ilkd.key.nparser.builder.IncludeFinder.visitOne_include_statement(IncludeFinder.java:35)
	at de.uka.ilkd.key.nparser.builder.IncludeFinder.visitOne_include_statement(IncludeFinder.java:20)
	at de.uka.ilkd.key.nparser.KeYParser$One_include_statementContext.accept(KeYParser.java:802)
	at org.antlr.v4.runtime.tree.AbstractParseTreeVisitor.visitChildren(AbstractParseTreeVisitor.java:46)
	at de.uka.ilkd.key.nparser.KeYParserBaseVisitor.visitDecls(KeYParserBaseVisitor.java:30)
	at de.uka.ilkd.key.nparser.KeYParser$DeclsContext.accept(KeYParser.java:500)
	at org.antlr.v4.runtime.tree.AbstractParseTreeVisitor.visitChildren(AbstractParseTreeVisitor.java:46)
	at de.uka.ilkd.key.nparser.KeYParserBaseVisitor.visitFile(KeYParserBaseVisitor.java:23)
	at de.uka.ilkd.key.nparser.KeYParser$FileContext.accept(KeYParser.java:306)
	at de.uka.ilkd.key.nparser.KeyAst.accept(KeyAst.java:41)
	at de.uka.ilkd.key.nparser.KeyAst$File.getIncludes(KeyAst.java:76)
	at de.uka.ilkd.key.proof.io.KeYFile.readIncludes(KeYFile.java:208)
	... 14 more
Could not find rule file rules/intRulesCheckedSemantics.key (file: /home/runner/work/key/key/key.core/../key.ui/examples/index/../InformationFlow/SimpleEvoting/simple_evoting.NetworkClient(simple_evoting.NetworkClient__send((B,simple_evoting.Server,int)).JML normal_behavior operation contract.0.key; caused by: de.uka.ilkd.key.proof.init.ProofInputException: Could not find rule file rules/intRulesCheckedSemantics.key)
	at de.uka.ilkd.key.control.AbstractUserInterfaceControl.load(AbstractUserInterfaceControl.java:221)
	at de.uka.ilkd.key.control.KeYEnvironment.load(KeYEnvironment.java:251)
	at de.uka.ilkd.key.control.KeYEnvironment.load(KeYEnvironment.java:224)
	at de.uka.ilkd.key.control.KeYEnvironment.load(KeYEnvironment.java:184)
	at de.uka.ilkd.key.control.KeYEnvironment.load(KeYEnvironment.java:261)
	at de.uka.ilkd.key.proof.runallproofs.proofcollection.TestFile.load(TestFile.java:270)
	at de.uka.ilkd.key.proof.runallproofs.proofcollection.TestFile.runKey(TestFile.java:160)
	at de.uka.ilkd.key.proof.runallproofs.proofcollection.ForkedTestFileRunner.main(ForkedTestFileRunner.java:171)
Caused by: de.uka.ilkd.key.proof.init.ProofInputException: Could not find rule file rules/intRulesCheckedSemantics.key
	at de.uka.ilkd.key.proof.io.KeYFile.readIncludes(KeYFile.java:210)
	at de.uka.ilkd.key.proof.init.ProblemInitializer.readIncludes(ProblemInitializer.java:177)
	at de.uka.ilkd.key.proof.init.ProblemInitializer.readEnvInput(ProblemInitializer.java:325)
	at de.uka.ilkd.key.proof.init.ProblemInitializer.prepare(ProblemInitializer.java:449)
	at de.uka.ilkd.key.proof.io.AbstractProblemLoader.createInitConfig(AbstractProblemLoader.java:518)
	at de.uka.ilkd.key.proof.io.AbstractProblemLoader.loadEnvironment(AbstractProblemLoader.java:288)
	at de.uka.ilkd.key.proof.io.AbstractProblemLoader.load(AbstractProblemLoader.java:252)
	at de.uka.ilkd.key.control.AbstractUserInterfaceControl.load(AbstractUserInterfaceControl.java:209)
	... 7 more
Caused by: java.lang.RuntimeException: Could not find rule file rules/intRulesCheckedSemantics.key
	at de.uka.ilkd.key.proof.io.RuleSourceFactory.fromBuiltInRule(RuleSourceFactory.java:32)
	at de.uka.ilkd.key.proof.io.RuleSourceFactory.fromDefaultLocation(RuleSourceFactory.java:21)
	at de.uka.ilkd.key.nparser.builder.IncludeFinder.addInclude(IncludeFinder.java:63)
	at de.uka.ilkd.key.nparser.builder.IncludeFinder.visitOne_include(IncludeFinder.java:43)
	at de.uka.ilkd.key.nparser.builder.IncludeFinder.visitOne_include(IncludeFinder.java:20)
	at de.uka.ilkd.key.nparser.KeYParser$One_includeContext.accept(KeYParser.java:878)
	at de.uka.ilkd.key.nparser.builder.AbstractBuilder.lambda$mapOf$0(AbstractBuilder.java:112)
	at java.base/java.util.stream.ReferencePipeline$3$1.accept(ReferencePipeline.java:195)
	at java.base/java.util.ArrayList$ArrayListSpliterator.forEachRemaining(ArrayList.java:1655)
	at java.base/java.util.stream.AbstractPipeline.copyInto(AbstractPipeline.java:484)
	at java.base/java.util.stream.AbstractPipeline.wrapAndCopyInto(AbstractPipeline.java:474)
	at java.base/java.util.stream.ReduceOps$ReduceOp.evaluateSequential(ReduceOps.java:913)
	at java.base/java.util.stream.AbstractPipeline.evaluate(AbstractPipeline.java:234)
	at java.base/java.util.stream.ReferencePipeline.collect(ReferencePipeline.java:578)
	at de.uka.ilkd.key.nparser.builder.AbstractBuilder.mapOf(AbstractBuilder.java:112)
	at de.uka.ilkd.key.nparser.builder.IncludeFinder.visitOne_include_statement(IncludeFinder.java:35)
	at de.uka.ilkd.key.nparser.builder.IncludeFinder.visitOne_include_statement(IncludeFinder.java:20)
	at de.uka.ilkd.key.nparser.KeYParser$One_include_statementContext.accept(KeYParser.java:802)
	at org.antlr.v4.runtime.tree.AbstractParseTreeVisitor.visitChildren(AbstractParseTreeVisitor.java:46)
	at de.uka.ilkd.key.nparser.KeYParserBaseVisitor.visitDecls(KeYParserBaseVisitor.java:30)
	at de.uka.ilkd.key.nparser.KeYParser$DeclsContext.accept(KeYParser.java:500)
	at org.antlr.v4.runtime.tree.AbstractParseTreeVisitor.visitChildren(AbstractParseTreeVisitor.java:46)
	at de.uka.ilkd.key.nparser.KeYParserBaseVisitor.visitFile(KeYParserBaseVisitor.java:23)
	at de.uka.ilkd.key.nparser.KeYParser$FileContext.accept(KeYParser.java:306)
	at de.uka.ilkd.key.nparser.KeyAst.accept(KeyAst.java:41)
	at de.uka.ilkd.key.nparser.KeyAst$File.getIncludes(KeyAst.java:76)
	at de.uka.ilkd.key.proof.io.KeYFile.readIncludes(KeYFile.java:208)
	... 14 more
Could not find rule file rules/intRulesCheckedSemantics.key (file: /home/runner/work/key/key/key.core/../key.ui/examples/index/../InformationFlow/SimpleEvoting/simple_evoting.Setup(simple_evoting.Setup__publishResult()).JML normal_behavior operation contract.0.key; caused by: de.uka.ilkd.key.proof.init.ProofInputException: Could not find rule file rules/intRulesCheckedSemantics.key)
	at de.uka.ilkd.key.control.AbstractUserInterfaceControl.load(AbstractUserInterfaceControl.java:221)
	at de.uka.ilkd.key.control.KeYEnvironment.load(KeYEnvironment.java:251)
	at de.uka.ilkd.key.control.KeYEnvironment.load(KeYEnvironment.java:224)
	at de.uka.ilkd.key.control.KeYEnvironment.load(KeYEnvironment.java:184)
	at de.uka.ilkd.key.control.KeYEnvironment.load(KeYEnvironment.java:261)
	at de.uka.ilkd.key.proof.runallproofs.proofcollection.TestFile.load(TestFile.java:270)
	at de.uka.ilkd.key.proof.runallproofs.proofcollection.TestFile.runKey(TestFile.java:160)
	at de.uka.ilkd.key.proof.runallproofs.proofcollection.ForkedTestFileRunner.main(ForkedTestFileRunner.java:171)
Caused by: de.uka.ilkd.key.proof.init.ProofInputException: Could not find rule file rules/intRulesCheckedSemantics.key
	at de.uka.ilkd.key.proof.io.KeYFile.readIncludes(KeYFile.java:210)
	at de.uka.ilkd.key.proof.init.ProblemInitializer.readIncludes(ProblemInitializer.java:177)
	at de.uka.ilkd.key.proof.init.ProblemInitializer.readEnvInput(ProblemInitializer.java:325)
	at de.uka.ilkd.key.proof.init.ProblemInitializer.prepare(ProblemInitializer.java:449)
	at de.uka.ilkd.key.proof.io.AbstractProblemLoader.createInitConfig(AbstractProblemLoader.java:518)
	at de.uka.ilkd.key.proof.io.AbstractProblemLoader.loadEnvironment(AbstractProblemLoader.java:288)
	at de.uka.ilkd.key.proof.io.AbstractProblemLoader.load(AbstractProblemLoader.java:252)
	at de.uka.ilkd.key.control.AbstractUserInterfaceControl.load(AbstractUserInterfaceControl.java:209)
	... 7 more
Caused by: java.lang.RuntimeException: Could not find rule file rules/intRulesCheckedSemantics.key
	at de.uka.ilkd.key.proof.io.RuleSourceFactory.fromBuiltInRule(RuleSourceFactory.java:32)
	at de.uka.ilkd.key.proof.io.RuleSourceFactory.fromDefaultLocation(RuleSourceFactory.java:21)
	at de.uka.ilkd.key.nparser.builder.IncludeFinder.addInclude(IncludeFinder.java:63)
	at de.uka.ilkd.key.nparser.builder.IncludeFinder.visitOne_include(IncludeFinder.java:43)
	at de.uka.ilkd.key.nparser.builder.IncludeFinder.visitOne_include(IncludeFinder.java:20)
	at de.uka.ilkd.key.nparser.KeYParser$One_includeContext.accept(KeYParser.java:878)
	at de.uka.ilkd.key.nparser.builder.AbstractBuilder.lambda$mapOf$0(AbstractBuilder.java:112)
	at java.base/java.util.stream.ReferencePipeline$3$1.accept(ReferencePipeline.java:195)
	at java.base/java.util.ArrayList$ArrayListSpliterator.forEachRemaining(ArrayList.java:1655)
	at java.base/java.util.stream.AbstractPipeline.copyInto(AbstractPipeline.java:484)
	at java.base/java.util.stream.AbstractPipeline.wrapAndCopyInto(AbstractPipeline.java:474)
	at java.base/java.util.stream.ReduceOps$ReduceOp.evaluateSequential(ReduceOps.java:913)
	at java.base/java.util.stream.AbstractPipeline.evaluate(AbstractPipeline.java:234)
	at java.base/java.util.stream.ReferencePipeline.collect(ReferencePipeline.java:578)
	at de.uka.ilkd.key.nparser.builder.AbstractBuilder.mapOf(AbstractBuilder.java:112)
	at de.uka.ilkd.key.nparser.builder.IncludeFinder.visitOne_include_statement(IncludeFinder.java:35)
	at de.uka.ilkd.key.nparser.builder.IncludeFinder.visitOne_include_statement(IncludeFinder.java:20)
	at de.uka.ilkd.key.nparser.KeYParser$One_include_statementContext.accept(KeYParser.java:802)
	at org.antlr.v4.runtime.tree.AbstractParseTreeVisitor.visitChildren(AbstractParseTreeVisitor.java:46)
	at de.uka.ilkd.key.nparser.KeYParserBaseVisitor.visitDecls(KeYParserBaseVisitor.java:30)
	at de.uka.ilkd.key.nparser.KeYParser$DeclsContext.accept(KeYParser.java:500)
	at org.antlr.v4.runtime.tree.AbstractParseTreeVisitor.visitChildren(AbstractParseTreeVisitor.java:46)
	at de.uka.ilkd.key.nparser.KeYParserBaseVisitor.visitFile(KeYParserBaseVisitor.java:23)
	at de.uka.ilkd.key.nparser.KeYParser$FileContext.accept(KeYParser.java:306)
	at de.uka.ilkd.key.nparser.KeyAst.accept(KeyAst.java:41)
	at de.uka.ilkd.key.nparser.KeyAst$File.getIncludes(KeyAst.java:76)
	at de.uka.ilkd.key.proof.io.KeYFile.readIncludes(KeYFile.java:208)
	... 14 more
Could not find rule file rules/intRulesCheckedSemantics.key (file: /home/runner/work/key/key/key.core/../key.ui/examples/index/../InformationFlow/SimpleEvoting/simple_evoting.Setup(simple_evoting.Setup__main()).JML normal_behavior operation contract.0.key; caused by: de.uka.ilkd.key.proof.init.ProofInputException: Could not find rule file rules/intRulesCheckedSemantics.key)
	at de.uka.ilkd.key.control.AbstractUserInterfaceControl.load(AbstractUserInterfaceControl.java:221)
	at de.uka.ilkd.key.control.KeYEnvironment.load(KeYEnvironment.java:251)
	at de.uka.ilkd.key.control.KeYEnvironment.load(KeYEnvironment.java:224)
	at de.uka.ilkd.key.control.KeYEnvironment.load(KeYEnvironment.java:184)
	at de.uka.ilkd.key.control.KeYEnvironment.load(KeYEnvironment.java:261)
	at de.uka.ilkd.key.proof.runallproofs.proofcollection.TestFile.load(TestFile.java:270)
	at de.uka.ilkd.key.proof.runallproofs.proofcollection.TestFile.runKey(TestFile.java:160)
	at de.uka.ilkd.key.proof.runallproofs.proofcollection.ForkedTestFileRunner.main(ForkedTestFileRunner.java:171)
Caused by: de.uka.ilkd.key.proof.init.ProofInputException: Could not find rule file rules/intRulesCheckedSemantics.key
	at de.uka.ilkd.key.proof.io.KeYFile.readIncludes(KeYFile.java:210)
	at de.uka.ilkd.key.proof.init.ProblemInitializer.readIncludes(ProblemInitializer.java:177)
	at de.uka.ilkd.key.proof.init.ProblemInitializer.readEnvInput(ProblemInitializer.java:325)
	at de.uka.ilkd.key.proof.init.ProblemInitializer.prepare(ProblemInitializer.java:449)
	at de.uka.ilkd.key.proof.io.AbstractProblemLoader.createInitConfig(AbstractProblemLoader.java:518)
	at de.uka.ilkd.key.proof.io.AbstractProblemLoader.loadEnvironment(AbstractProblemLoader.java:288)
	at de.uka.ilkd.key.proof.io.AbstractProblemLoader.load(AbstractProblemLoader.java:252)
	at de.uka.ilkd.key.control.AbstractUserInterfaceControl.load(AbstractUserInterfaceControl.java:209)
	... 7 more
Caused by: java.lang.RuntimeException: Could not find rule file rules/intRulesCheckedSemantics.key
	at de.uka.ilkd.key.proof.io.RuleSourceFactory.fromBuiltInRule(RuleSourceFactory.java:32)
	at de.uka.ilkd.key.proof.io.RuleSourceFactory.fromDefaultLocation(RuleSourceFactory.java:21)
	at de.uka.ilkd.key.nparser.builder.IncludeFinder.addInclude(IncludeFinder.java:63)
	at de.uka.ilkd.key.nparser.builder.IncludeFinder.visitOne_include(IncludeFinder.java:43)
	at de.uka.ilkd.key.nparser.builder.IncludeFinder.visitOne_include(IncludeFinder.java:20)
	at de.uka.ilkd.key.nparser.KeYParser$One_includeContext.accept(KeYParser.java:878)
	at de.uka.ilkd.key.nparser.builder.AbstractBuilder.lambda$mapOf$0(AbstractBuilder.java:112)
	at java.base/java.util.stream.ReferencePipeline$3$1.accept(ReferencePipeline.java:195)
	at java.base/java.util.ArrayList$ArrayListSpliterator.forEachRemaining(ArrayList.java:1655)
	at java.base/java.util.stream.AbstractPipeline.copyInto(AbstractPipeline.java:484)
	at java.base/java.util.stream.AbstractPipeline.wrapAndCopyInto(AbstractPipeline.java:474)
	at java.base/java.util.stream.ReduceOps$ReduceOp.evaluateSequential(ReduceOps.java:913)
	at java.base/java.util.stream.AbstractPipeline.evaluate(AbstractPipeline.java:234)
	at java.base/java.util.stream.ReferencePipeline.collect(ReferencePipeline.java:578)
	at de.uka.ilkd.key.nparser.builder.AbstractBuilder.mapOf(AbstractBuilder.java:112)
	at de.uka.ilkd.key.nparser.builder.IncludeFinder.visitOne_include_statement(IncludeFinder.java:35)
	at de.uka.ilkd.key.nparser.builder.IncludeFinder.visitOne_include_statement(IncludeFinder.java:20)
	at de.uka.ilkd.key.nparser.KeYParser$One_include_statementContext.accept(KeYParser.java:802)
	at org.antlr.v4.runtime.tree.AbstractParseTreeVisitor.visitChildren(AbstractParseTreeVisitor.java:46)
	at de.uka.ilkd.key.nparser.KeYParserBaseVisitor.visitDecls(KeYParserBaseVisitor.java:30)
	at de.uka.ilkd.key.nparser.KeYParser$DeclsContext.accept(KeYParser.java:500)
	at org.antlr.v4.runtime.tree.AbstractParseTreeVisitor.visitChildren(AbstractParseTreeVisitor.java:46)
	at de.uka.ilkd.key.nparser.KeYParserBaseVisitor.visitFile(KeYParserBaseVisitor.java:23)
	at de.uka.ilkd.key.nparser.KeYParser$FileContext.accept(KeYParser.java:306)
	at de.uka.ilkd.key.nparser.KeyAst.accept(KeyAst.java:41)
	at de.uka.ilkd.key.nparser.KeyAst$File.getIncludes(KeyAst.java:76)
	at de.uka.ilkd.key.proof.io.KeYFile.readIncludes(KeYFile.java:208)
	... 14 more
Could not find rule file rules/intRulesCheckedSemantics.key (file: /home/runner/work/key/key/key.core/../key.ui/examples/index/../InformationFlow/SimpleEvoting/simple_evoting.Setup(java.lang.Object___inv_()).JML accessible clause.0.key; caused by: de.uka.ilkd.key.proof.init.ProofInputException: Could not find rule file rules/intRulesCheckedSemantics.key)
	at de.uka.ilkd.key.control.AbstractUserInterfaceControl.load(AbstractUserInterfaceControl.java:221)
	at de.uka.ilkd.key.control.KeYEnvironment.load(KeYEnvironment.java:251)
	at de.uka.ilkd.key.control.KeYEnvironment.load(KeYEnvironment.java:224)
	at de.uka.ilkd.key.control.KeYEnvironment.load(KeYEnvironment.java:184)
	at de.uka.ilkd.key.control.KeYEnvironment.load(KeYEnvironment.java:261)
	at de.uka.ilkd.key.proof.runallproofs.proofcollection.TestFile.load(TestFile.java:270)
	at de.uka.ilkd.key.proof.runallproofs.proofcollection.TestFile.runKey(TestFile.java:160)
	at de.uka.ilkd.key.proof.runallproofs.proofcollection.ForkedTestFileRunner.main(ForkedTestFileRunner.java:171)
Caused by: de.uka.ilkd.key.proof.init.ProofInputException: Could not find rule file rules/intRulesCheckedSemantics.key
	at de.uka.ilkd.key.proof.io.KeYFile.readIncludes(KeYFile.java:210)
	at de.uka.ilkd.key.proof.init.ProblemInitializer.readIncludes(ProblemInitializer.java:177)
	at de.uka.ilkd.key.proof.init.ProblemInitializer.readEnvInput(ProblemInitializer.java:325)
	at de.uka.ilkd.key.proof.init.ProblemInitializer.prepare(ProblemInitializer.java:449)
	at de.uka.ilkd.key.proof.io.AbstractProblemLoader.createInitConfig(AbstractProblemLoader.java:518)
	at de.uka.ilkd.key.proof.io.AbstractProblemLoader.loadEnvironment(AbstractProblemLoader.java:288)
	at de.uka.ilkd.key.proof.io.AbstractProblemLoader.load(AbstractProblemLoader.java:252)
	at de.uka.ilkd.key.control.AbstractUserInterfaceControl.load(AbstractUserInterfaceControl.java:209)
	... 7 more
Caused by: java.lang.RuntimeException: Could not find rule file rules/intRulesCheckedSemantics.key
	at de.uka.ilkd.key.proof.io.RuleSourceFactory.fromBuiltInRule(RuleSourceFactory.java:32)
	at de.uka.ilkd.key.proof.io.RuleSourceFactory.fromDefaultLocation(RuleSourceFactory.java:21)
	at de.uka.ilkd.key.nparser.builder.IncludeFinder.addInclude(IncludeFinder.java:63)
	at de.uka.ilkd.key.nparser.builder.IncludeFinder.visitOne_include(IncludeFinder.java:43)
	at de.uka.ilkd.key.nparser.builder.IncludeFinder.visitOne_include(IncludeFinder.java:20)
	at de.uka.ilkd.key.nparser.KeYParser$One_includeContext.accept(KeYParser.java:878)
	at de.uka.ilkd.key.nparser.builder.AbstractBuilder.lambda$mapOf$0(AbstractBuilder.java:112)
	at java.base/java.util.stream.ReferencePipeline$3$1.accept(ReferencePipeline.java:195)
	at java.base/java.util.ArrayList$ArrayListSpliterator.forEachRemaining(ArrayList.java:1655)
	at java.base/java.util.stream.AbstractPipeline.copyInto(AbstractPipeline.java:484)
	at java.base/java.util.stream.AbstractPipeline.wrapAndCopyInto(AbstractPipeline.java:474)
	at java.base/java.util.stream.ReduceOps$ReduceOp.evaluateSequential(ReduceOps.java:913)
	at java.base/java.util.stream.AbstractPipeline.evaluate(AbstractPipeline.java:234)
	at java.base/java.util.stream.ReferencePipeline.collect(ReferencePipeline.java:578)
	at de.uka.ilkd.key.nparser.builder.AbstractBuilder.mapOf(AbstractBuilder.java:112)
	at de.uka.ilkd.key.nparser.builder.IncludeFinder.visitOne_include_statement(IncludeFinder.java:35)
	at de.uka.ilkd.key.nparser.builder.IncludeFinder.visitOne_include_statement(IncludeFinder.java:20)
	at de.uka.ilkd.key.nparser.KeYParser$One_include_statementContext.accept(KeYParser.java:802)
	at org.antlr.v4.runtime.tree.AbstractParseTreeVisitor.visitChildren(AbstractParseTreeVisitor.java:46)
	at de.uka.ilkd.key.nparser.KeYParserBaseVisitor.visitDecls(KeYParserBaseVisitor.java:30)
	at de.uka.ilkd.key.nparser.KeYParser$DeclsContext.accept(KeYParser.java:500)
	at org.antlr.v4.runtime.tree.AbstractParseTreeVisitor.visitChildren(AbstractParseTreeVisitor.java:46)
	at de.uka.ilkd.key.nparser.KeYParserBaseVisitor.visitFile(KeYParserBaseVisitor.java:23)
	at de.uka.ilkd.key.nparser.KeYParser$FileContext.accept(KeYParser.java:306)
	at de.uka.ilkd.key.nparser.KeyAst.accept(KeyAst.java:41)
	at de.uka.ilkd.key.nparser.KeyAst$File.getIncludes(KeyAst.java:76)
	at de.uka.ilkd.key.proof.io.KeYFile.readIncludes(KeYFile.java:208)
	... 14 more
Could not find rule file rules/intRulesCheckedSemantics.key (file: /home/runner/work/key/key/key.core/../key.ui/examples/index/../InformationFlow/SimpleEvoting/simple_evoting.Voter(simple_evoting.Voter__onSendBallot(simple_evoting.Server)).JML normal_behavior operation contract.1.key; caused by: de.uka.ilkd.key.proof.init.ProofInputException: Could not find rule file rules/intRulesCheckedSemantics.key)
	at de.uka.ilkd.key.control.AbstractUserInterfaceControl.load(AbstractUserInterfaceControl.java:221)
	at de.uka.ilkd.key.control.KeYEnvironment.load(KeYEnvironment.java:251)
	at de.uka.ilkd.key.control.KeYEnvironment.load(KeYEnvironment.java:224)
	at de.uka.ilkd.key.control.KeYEnvironment.load(KeYEnvironment.java:184)
	at de.uka.ilkd.key.control.KeYEnvironment.load(KeYEnvironment.java:261)
	at de.uka.ilkd.key.proof.runallproofs.proofcollection.TestFile.load(TestFile.java:270)
	at de.uka.ilkd.key.proof.runallproofs.proofcollection.TestFile.runKey(TestFile.java:160)
	at de.uka.ilkd.key.proof.runallproofs.proofcollection.ForkedTestFileRunner.main(ForkedTestFileRunner.java:171)
Caused by: de.uka.ilkd.key.proof.init.ProofInputException: Could not find rule file rules/intRulesCheckedSemantics.key
	at de.uka.ilkd.key.proof.io.KeYFile.readIncludes(KeYFile.java:210)
	at de.uka.ilkd.key.proof.init.ProblemInitializer.readIncludes(ProblemInitializer.java:177)
	at de.uka.ilkd.key.proof.init.ProblemInitializer.readEnvInput(ProblemInitializer.java:325)
	at de.uka.ilkd.key.proof.init.ProblemInitializer.prepare(ProblemInitializer.java:449)
	at de.uka.ilkd.key.proof.io.AbstractProblemLoader.createInitConfig(AbstractProblemLoader.java:518)
	at de.uka.ilkd.key.proof.io.AbstractProblemLoader.loadEnvironment(AbstractProblemLoader.java:288)
	at de.uka.ilkd.key.proof.io.AbstractProblemLoader.load(AbstractProblemLoader.java:252)
	at de.uka.ilkd.key.control.AbstractUserInterfaceControl.load(AbstractUserInterfaceControl.java:209)
	... 7 more
Caused by: java.lang.RuntimeException: Could not find rule file rules/intRulesCheckedSemantics.key
	at de.uka.ilkd.key.proof.io.RuleSourceFactory.fromBuiltInRule(RuleSourceFactory.java:32)
	at de.uka.ilkd.key.proof.io.RuleSourceFactory.fromDefaultLocation(RuleSourceFactory.java:21)
	at de.uka.ilkd.key.nparser.builder.IncludeFinder.addInclude(IncludeFinder.java:63)
	at de.uka.ilkd.key.nparser.builder.IncludeFinder.visitOne_include(IncludeFinder.java:43)
	at de.uka.ilkd.key.nparser.builder.IncludeFinder.visitOne_include(IncludeFinder.java:20)
	at de.uka.ilkd.key.nparser.KeYParser$One_includeContext.accept(KeYParser.java:878)
	at de.uka.ilkd.key.nparser.builder.AbstractBuilder.lambda$mapOf$0(AbstractBuilder.java:112)
	at java.base/java.util.stream.ReferencePipeline$3$1.accept(ReferencePipeline.java:195)
	at java.base/java.util.ArrayList$ArrayListSpliterator.forEachRemaining(ArrayList.java:1655)
	at java.base/java.util.stream.AbstractPipeline.copyInto(AbstractPipeline.java:484)
	at java.base/java.util.stream.AbstractPipeline.wrapAndCopyInto(AbstractPipeline.java:474)
	at java.base/java.util.stream.ReduceOps$ReduceOp.evaluateSequential(ReduceOps.java:913)
	at java.base/java.util.stream.AbstractPipeline.evaluate(AbstractPipeline.java:234)
	at java.base/java.util.stream.ReferencePipeline.collect(ReferencePipeline.java:578)
	at de.uka.ilkd.key.nparser.builder.AbstractBuilder.mapOf(AbstractBuilder.java:112)
	at de.uka.ilkd.key.nparser.builder.IncludeFinder.visitOne_include_statement(IncludeFinder.java:35)
	at de.uka.ilkd.key.nparser.builder.IncludeFinder.visitOne_include_statement(IncludeFinder.java:20)
	at de.uka.ilkd.key.nparser.KeYParser$One_include_statementContext.accept(KeYParser.java:802)
	at org.antlr.v4.runtime.tree.AbstractParseTreeVisitor.visitChildren(AbstractParseTreeVisitor.java:46)
	at de.uka.ilkd.key.nparser.KeYParserBaseVisitor.visitDecls(KeYParserBaseVisitor.java:30)
	at de.uka.ilkd.key.nparser.KeYParser$DeclsContext.accept(KeYParser.java:500)
	at org.antlr.v4.runtime.tree.AbstractParseTreeVisitor.visitChildren(AbstractParseTreeVisitor.java:46)
	at de.uka.ilkd.key.nparser.KeYParserBaseVisitor.visitFile(KeYParserBaseVisitor.java:23)
	at de.uka.ilkd.key.nparser.KeYParser$FileContext.accept(KeYParser.java:306)
	at de.uka.ilkd.key.nparser.KeyAst.accept(KeyAst.java:41)
	at de.uka.ilkd.key.nparser.KeyAst$File.getIncludes(KeyAst.java:76)
	at de.uka.ilkd.key.proof.io.KeYFile.readIncludes(KeYFile.java:208)
	... 14 more
Could not find rule file rules/intRulesCheckedSemantics.key (file: /home/runner/work/key/key/key.core/../key.ui/examples/index/../InformationFlow/SimpleEvoting/simple_evoting.Voter(simple_evoting.Voter__onSendBallot(simple_evoting.Server)).JML normal_behavior operation contract.0.key; caused by: de.uka.ilkd.key.proof.init.ProofInputException: Could not find rule file rules/intRulesCheckedSemantics.key)
	at de.uka.ilkd.key.control.AbstractUserInterfaceControl.load(AbstractUserInterfaceControl.java:221)
	at de.uka.ilkd.key.control.KeYEnvironment.load(KeYEnvironment.java:251)
	at de.uka.ilkd.key.control.KeYEnvironment.load(KeYEnvironment.java:224)
	at de.uka.ilkd.key.control.KeYEnvironment.load(KeYEnvironment.java:184)
	at de.uka.ilkd.key.control.KeYEnvironment.load(KeYEnvironment.java:261)
	at de.uka.ilkd.key.proof.runallproofs.proofcollection.TestFile.load(TestFile.java:270)
	at de.uka.ilkd.key.proof.runallproofs.proofcollection.TestFile.runKey(TestFile.java:160)
	at de.uka.ilkd.key.proof.runallproofs.proofcollection.ForkedTestFileRunner.main(ForkedTestFileRunner.java:171)
Caused by: de.uka.ilkd.key.proof.init.ProofInputException: Could not find rule file rules/intRulesCheckedSemantics.key
	at de.uka.ilkd.key.proof.io.KeYFile.readIncludes(KeYFile.java:210)
	at de.uka.ilkd.key.proof.init.ProblemInitializer.readIncludes(ProblemInitializer.java:177)
	at de.uka.ilkd.key.proof.init.ProblemInitializer.readEnvInput(ProblemInitializer.java:325)
	at de.uka.ilkd.key.proof.init.ProblemInitializer.prepare(ProblemInitializer.java:449)
	at de.uka.ilkd.key.proof.io.AbstractProblemLoader.createInitConfig(AbstractProblemLoader.java:518)
	at de.uka.ilkd.key.proof.io.AbstractProblemLoader.loadEnvironment(AbstractProblemLoader.java:288)
	at de.uka.ilkd.key.proof.io.AbstractProblemLoader.load(AbstractProblemLoader.java:252)
	at de.uka.ilkd.key.control.AbstractUserInterfaceControl.load(AbstractUserInterfaceControl.java:209)
	... 7 more
Caused by: java.lang.RuntimeException: Could not find rule file rules/intRulesCheckedSemantics.key
	at de.uka.ilkd.key.proof.io.RuleSourceFactory.fromBuiltInRule(RuleSourceFactory.java:32)
	at de.uka.ilkd.key.proof.io.RuleSourceFactory.fromDefaultLocation(RuleSourceFactory.java:21)
	at de.uka.ilkd.key.nparser.builder.IncludeFinder.addInclude(IncludeFinder.java:63)
	at de.uka.ilkd.key.nparser.builder.IncludeFinder.visitOne_include(IncludeFinder.java:43)
	at de.uka.ilkd.key.nparser.builder.IncludeFinder.visitOne_include(IncludeFinder.java:20)
	at de.uka.ilkd.key.nparser.KeYParser$One_includeContext.accept(KeYParser.java:878)
	at de.uka.ilkd.key.nparser.builder.AbstractBuilder.lambda$mapOf$0(AbstractBuilder.java:112)
	at java.base/java.util.stream.ReferencePipeline$3$1.accept(ReferencePipeline.java:195)
	at java.base/java.util.ArrayList$ArrayListSpliterator.forEachRemaining(ArrayList.java:1655)
	at java.base/java.util.stream.AbstractPipeline.copyInto(AbstractPipeline.java:484)
	at java.base/java.util.stream.AbstractPipeline.wrapAndCopyInto(AbstractPipeline.java:474)
	at java.base/java.util.stream.ReduceOps$ReduceOp.evaluateSequential(ReduceOps.java:913)
	at java.base/java.util.stream.AbstractPipeline.evaluate(AbstractPipeline.java:234)
	at java.base/java.util.stream.ReferencePipeline.collect(ReferencePipeline.java:578)
	at de.uka.ilkd.key.nparser.builder.AbstractBuilder.mapOf(AbstractBuilder.java:112)
	at de.uka.ilkd.key.nparser.builder.IncludeFinder.visitOne_include_statement(IncludeFinder.java:35)
	at de.uka.ilkd.key.nparser.builder.IncludeFinder.visitOne_include_statement(IncludeFinder.java:20)
	at de.uka.ilkd.key.nparser.KeYParser$One_include_statementContext.accept(KeYParser.java:802)
	at org.antlr.v4.runtime.tree.AbstractParseTreeVisitor.visitChildren(AbstractParseTreeVisitor.java:46)
	at de.uka.ilkd.key.nparser.KeYParserBaseVisitor.visitDecls(KeYParserBaseVisitor.java:30)
	at de.uka.ilkd.key.nparser.KeYParser$DeclsContext.accept(KeYParser.java:500)
	at org.antlr.v4.runtime.tree.AbstractParseTreeVisitor.visitChildren(AbstractParseTreeVisitor.java:46)
	at de.uka.ilkd.key.nparser.KeYParserBaseVisitor.visitFile(KeYParserBaseVisitor.java:23)
	at de.uka.ilkd.key.nparser.KeYParser$FileContext.accept(KeYParser.java:306)
	at de.uka.ilkd.key.nparser.KeyAst.accept(KeyAst.java:41)
	at de.uka.ilkd.key.nparser.KeyAst$File.getIncludes(KeyAst.java:76)
	at de.uka.ilkd.key.proof.io.KeYFile.readIncludes(KeYFile.java:208)
	... 14 more
Could not find rule file rules/intRulesCheckedSemantics.key (file: /home/runner/work/key/key/key.core/../key.ui/examples/index/../InformationFlow/SimpleEvoting/simple_evoting.Voter(java.lang.Object___inv_()).JML accessible clause.0.key; caused by: de.uka.ilkd.key.proof.init.ProofInputException: Could not find rule file rules/intRulesCheckedSemantics.key)
	at de.uka.ilkd.key.control.AbstractUserInterfaceControl.load(AbstractUserInterfaceControl.java:221)
	at de.uka.ilkd.key.control.KeYEnvironment.load(KeYEnvironment.java:251)
	at de.uka.ilkd.key.control.KeYEnvironment.load(KeYEnvironment.java:224)
	at de.uka.ilkd.key.control.KeYEnvironment.load(KeYEnvironment.java:184)
	at de.uka.ilkd.key.control.KeYEnvironment.load(KeYEnvironment.java:261)
	at de.uka.ilkd.key.proof.runallproofs.proofcollection.TestFile.load(TestFile.java:270)
	at de.uka.ilkd.key.proof.runallproofs.proofcollection.TestFile.runKey(TestFile.java:160)
	at de.uka.ilkd.key.proof.runallproofs.proofcollection.ForkedTestFileRunner.main(ForkedTestFileRunner.java:171)
Caused by: de.uka.ilkd.key.proof.init.ProofInputException: Could not find rule file rules/intRulesCheckedSemantics.key
	at de.uka.ilkd.key.proof.io.KeYFile.readIncludes(KeYFile.java:210)
	at de.uka.ilkd.key.proof.init.ProblemInitializer.readIncludes(ProblemInitializer.java:177)
	at de.uka.ilkd.key.proof.init.ProblemInitializer.readEnvInput(ProblemInitializer.java:325)
	at de.uka.ilkd.key.proof.init.ProblemInitializer.prepare(ProblemInitializer.java:449)
	at de.uka.ilkd.key.proof.io.AbstractProblemLoader.createInitConfig(AbstractProblemLoader.java:518)
	at de.uka.ilkd.key.proof.io.AbstractProblemLoader.loadEnvironment(AbstractProblemLoader.java:288)
	at de.uka.ilkd.key.proof.io.AbstractProblemLoader.load(AbstractProblemLoader.java:252)
	at de.uka.ilkd.key.control.AbstractUserInterfaceControl.load(AbstractUserInterfaceControl.java:209)
	... 7 more
Caused by: java.lang.RuntimeException: Could not find rule file rules/intRulesCheckedSemantics.key
	at de.uka.ilkd.key.proof.io.RuleSourceFactory.fromBuiltInRule(RuleSourceFactory.java:32)
	at de.uka.ilkd.key.proof.io.RuleSourceFactory.fromDefaultLocation(RuleSourceFactory.java:21)
	at de.uka.ilkd.key.nparser.builder.IncludeFinder.addInclude(IncludeFinder.java:63)
	at de.uka.ilkd.key.nparser.builder.IncludeFinder.visitOne_include(IncludeFinder.java:43)
	at de.uka.ilkd.key.nparser.builder.IncludeFinder.visitOne_include(IncludeFinder.java:20)
	at de.uka.ilkd.key.nparser.KeYParser$One_includeContext.accept(KeYParser.java:878)
	at de.uka.ilkd.key.nparser.builder.AbstractBuilder.lambda$mapOf$0(AbstractBuilder.java:112)
	at java.base/java.util.stream.ReferencePipeline$3$1.accept(ReferencePipeline.java:195)
	at java.base/java.util.ArrayList$ArrayListSpliterator.forEachRemaining(ArrayList.java:1655)
	at java.base/java.util.stream.AbstractPipeline.copyInto(AbstractPipeline.java:484)
	at java.base/java.util.stream.AbstractPipeline.wrapAndCopyInto(AbstractPipeline.java:474)
	at java.base/java.util.stream.ReduceOps$ReduceOp.evaluateSequential(ReduceOps.java:913)
	at java.base/java.util.stream.AbstractPipeline.evaluate(AbstractPipeline.java:234)
	at java.base/java.util.stream.ReferencePipeline.collect(ReferencePipeline.java:578)
	at de.uka.ilkd.key.nparser.builder.AbstractBuilder.mapOf(AbstractBuilder.java:112)
	at de.uka.ilkd.key.nparser.builder.IncludeFinder.visitOne_include_statement(IncludeFinder.java:35)
	at de.uka.ilkd.key.nparser.builder.IncludeFinder.visitOne_include_statement(IncludeFinder.java:20)
	at de.uka.ilkd.key.nparser.KeYParser$One_include_statementContext.accept(KeYParser.java:802)
	at org.antlr.v4.runtime.tree.AbstractParseTreeVisitor.visitChildren(AbstractParseTreeVisitor.java:46)
	at de.uka.ilkd.key.nparser.KeYParserBaseVisitor.visitDecls(KeYParserBaseVisitor.java:30)
	at de.uka.ilkd.key.nparser.KeYParser$DeclsContext.accept(KeYParser.java:500)
	at org.antlr.v4.runtime.tree.AbstractParseTreeVisitor.visitChildren(AbstractParseTreeVisitor.java:46)
	at de.uka.ilkd.key.nparser.KeYParserBaseVisitor.visitFile(KeYParserBaseVisitor.java:23)
	at de.uka.ilkd.key.nparser.KeYParser$FileContext.accept(KeYParser.java:306)
	at de.uka.ilkd.key.nparser.KeyAst.accept(KeyAst.java:41)
	at de.uka.ilkd.key.nparser.KeyAst$File.getIncludes(KeyAst.java:76)
	at de.uka.ilkd.key.proof.io.KeYFile.readIncludes(KeYFile.java:208)
	... 14 more
Exception in thread "main" org.opentest4j.AssertionFailedError: Exception during the execution of proofs. See log for more details.
	at org.junit.jupiter.api.AssertionUtils.fail(AssertionUtils.java:39)
	at org.junit.jupiter.api.Assertions.fail(Assertions.java:134)
	at de.uka.ilkd.key.proof.runallproofs.proofcollection.ForkedTestFileRunner.main(ForkedTestFileRunner.java:192)
Timeout watcher launched (1000 secs.)
Could not find rule file rules/intRulesCheckedSemantics.key (file: /home/runner/work/key/key/key.core/../key.ui/examples/index/../InformationFlow/ToyVoting/Voter(Voter__insecure_voting()).Non-interference contract.0.key; caused by: de.uka.ilkd.key.proof.init.ProofInputException: Could not find rule file rules/intRulesCheckedSemantics.key)
	at de.uka.ilkd.key.control.AbstractUserInterfaceControl.load(AbstractUserInterfaceControl.java:221)
	at de.uka.ilkd.key.control.KeYEnvironment.load(KeYEnvironment.java:251)
	at de.uka.ilkd.key.control.KeYEnvironment.load(KeYEnvironment.java:224)
	at de.uka.ilkd.key.control.KeYEnvironment.load(KeYEnvironment.java:184)
	at de.uka.ilkd.key.control.KeYEnvironment.load(KeYEnvironment.java:261)
	at de.uka.ilkd.key.proof.runallproofs.proofcollection.TestFile.load(TestFile.java:270)
	at de.uka.ilkd.key.proof.runallproofs.proofcollection.TestFile.runKey(TestFile.java:160)
	at de.uka.ilkd.key.proof.runallproofs.proofcollection.ForkedTestFileRunner.main(ForkedTestFileRunner.java:171)
Caused by: de.uka.ilkd.key.proof.init.ProofInputException: Could not find rule file rules/intRulesCheckedSemantics.key
	at de.uka.ilkd.key.proof.io.KeYFile.readIncludes(KeYFile.java:210)
	at de.uka.ilkd.key.proof.init.ProblemInitializer.readIncludes(ProblemInitializer.java:177)
	at de.uka.ilkd.key.proof.init.ProblemInitializer.readEnvInput(ProblemInitializer.java:325)
	at de.uka.ilkd.key.proof.init.ProblemInitializer.prepare(ProblemInitializer.java:449)
	at de.uka.ilkd.key.proof.io.AbstractProblemLoader.createInitConfig(AbstractProblemLoader.java:518)
	at de.uka.ilkd.key.proof.io.AbstractProblemLoader.loadEnvironment(AbstractProblemLoader.java:288)
	at de.uka.ilkd.key.proof.io.AbstractProblemLoader.load(AbstractProblemLoader.java:252)
	at de.uka.ilkd.key.control.AbstractUserInterfaceControl.load(AbstractUserInterfaceControl.java:209)
	... 7 more
Caused by: java.lang.RuntimeException: Could not find rule file rules/intRulesCheckedSemantics.key
	at de.uka.ilkd.key.proof.io.RuleSourceFactory.fromBuiltInRule(RuleSourceFactory.java:32)
	at de.uka.ilkd.key.proof.io.RuleSourceFactory.fromDefaultLocation(RuleSourceFactory.java:21)
	at de.uka.ilkd.key.nparser.builder.IncludeFinder.addInclude(IncludeFinder.java:63)
	at de.uka.ilkd.key.nparser.builder.IncludeFinder.visitOne_include(IncludeFinder.java:43)
	at de.uka.ilkd.key.nparser.builder.IncludeFinder.visitOne_include(IncludeFinder.java:20)
	at de.uka.ilkd.key.nparser.KeYParser$One_includeContext.accept(KeYParser.java:878)
	at de.uka.ilkd.key.nparser.builder.AbstractBuilder.lambda$mapOf$0(AbstractBuilder.java:112)
	at java.base/java.util.stream.ReferencePipeline$3$1.accept(ReferencePipeline.java:195)
	at java.base/java.util.ArrayList$ArrayListSpliterator.forEachRemaining(ArrayList.java:1655)
	at java.base/java.util.stream.AbstractPipeline.copyInto(AbstractPipeline.java:484)
	at java.base/java.util.stream.AbstractPipeline.wrapAndCopyInto(AbstractPipeline.java:474)
	at java.base/java.util.stream.ReduceOps$ReduceOp.evaluateSequential(ReduceOps.java:913)
	at java.base/java.util.stream.AbstractPipeline.evaluate(AbstractPipeline.java:234)
	at java.base/java.util.stream.ReferencePipeline.collect(ReferencePipeline.java:578)
	at de.uka.ilkd.key.nparser.builder.AbstractBuilder.mapOf(AbstractBuilder.java:112)
	at de.uka.ilkd.key.nparser.builder.IncludeFinder.visitOne_include_statement(IncludeFinder.java:35)
	at de.uka.ilkd.key.nparser.builder.IncludeFinder.visitOne_include_statement(IncludeFinder.java:20)
	at de.uka.ilkd.key.nparser.KeYParser$One_include_statementContext.accept(KeYParser.java:802)
	at org.antlr.v4.runtime.tree.AbstractParseTreeVisitor.visitChildren(AbstractParseTreeVisitor.java:46)
	at de.uka.ilkd.key.nparser.KeYParserBaseVisitor.visitDecls(KeYParserBaseVisitor.java:30)
	at de.uka.ilkd.key.nparser.KeYParser$DeclsContext.accept(KeYParser.java:500)
	at org.antlr.v4.runtime.tree.AbstractParseTreeVisitor.visitChildren(AbstractParseTreeVisitor.java:46)
	at de.uka.ilkd.key.nparser.KeYParserBaseVisitor.visitFile(KeYParserBaseVisitor.java:23)
	at de.uka.ilkd.key.nparser.KeYParser$FileContext.accept(KeYParser.java:306)
	at de.uka.ilkd.key.nparser.KeyAst.accept(KeyAst.java:41)
	at de.uka.ilkd.key.nparser.KeyAst$File.getIncludes(KeyAst.java:76)
	at de.uka.ilkd.key.proof.io.KeYFile.readIncludes(KeYFile.java:208)
	... 14 more
Could not find rule file rules/intRulesCheckedSemantics.key (file: /home/runner/work/key/key/key.core/../key.ui/examples/index/../InformationFlow/ToyVoting/Voter(Voter__publishVoterParticipation()).Non-interference contract.0.key; caused by: de.uka.ilkd.key.proof.init.ProofInputException: Could not find rule file rules/intRulesCheckedSemantics.key)
	at de.uka.ilkd.key.control.AbstractUserInterfaceControl.load(AbstractUserInterfaceControl.java:221)
	at de.uka.ilkd.key.control.KeYEnvironment.load(KeYEnvironment.java:251)
	at de.uka.ilkd.key.control.KeYEnvironment.load(KeYEnvironment.java:224)
	at de.uka.ilkd.key.control.KeYEnvironment.load(KeYEnvironment.java:184)
	at de.uka.ilkd.key.control.KeYEnvironment.load(KeYEnvironment.java:261)
	at de.uka.ilkd.key.proof.runallproofs.proofcollection.TestFile.load(TestFile.java:270)
	at de.uka.ilkd.key.proof.runallproofs.proofcollection.TestFile.runKey(TestFile.java:160)
	at de.uka.ilkd.key.proof.runallproofs.proofcollection.ForkedTestFileRunner.main(ForkedTestFileRunner.java:171)
Caused by: de.uka.ilkd.key.proof.init.ProofInputException: Could not find rule file rules/intRulesCheckedSemantics.key
	at de.uka.ilkd.key.proof.io.KeYFile.readIncludes(KeYFile.java:210)
	at de.uka.ilkd.key.proof.init.ProblemInitializer.readIncludes(ProblemInitializer.java:177)
	at de.uka.ilkd.key.proof.init.ProblemInitializer.readEnvInput(ProblemInitializer.java:325)
	at de.uka.ilkd.key.proof.init.ProblemInitializer.prepare(ProblemInitializer.java:449)
	at de.uka.ilkd.key.proof.io.AbstractProblemLoader.createInitConfig(AbstractProblemLoader.java:518)
	at de.uka.ilkd.key.proof.io.AbstractProblemLoader.loadEnvironment(AbstractProblemLoader.java:288)
	at de.uka.ilkd.key.proof.io.AbstractProblemLoader.load(AbstractProblemLoader.java:252)
	at de.uka.ilkd.key.control.AbstractUserInterfaceControl.load(AbstractUserInterfaceControl.java:209)
	... 7 more
Caused by: java.lang.RuntimeException: Could not find rule file rules/intRulesCheckedSemantics.key
	at de.uka.ilkd.key.proof.io.RuleSourceFactory.fromBuiltInRule(RuleSourceFactory.java:32)
	at de.uka.ilkd.key.proof.io.RuleSourceFactory.fromDefaultLocation(RuleSourceFactory.java:21)
	at de.uka.ilkd.key.nparser.builder.IncludeFinder.addInclude(IncludeFinder.java:63)
	at de.uka.ilkd.key.nparser.builder.IncludeFinder.visitOne_include(IncludeFinder.java:43)
	at de.uka.ilkd.key.nparser.builder.IncludeFinder.visitOne_include(IncludeFinder.java:20)
	at de.uka.ilkd.key.nparser.KeYParser$One_includeContext.accept(KeYParser.java:878)
	at de.uka.ilkd.key.nparser.builder.AbstractBuilder.lambda$mapOf$0(AbstractBuilder.java:112)
	at java.base/java.util.stream.ReferencePipeline$3$1.accept(ReferencePipeline.java:195)
	at java.base/java.util.ArrayList$ArrayListSpliterator.forEachRemaining(ArrayList.java:1655)
	at java.base/java.util.stream.AbstractPipeline.copyInto(AbstractPipeline.java:484)
	at java.base/java.util.stream.AbstractPipeline.wrapAndCopyInto(AbstractPipeline.java:474)
	at java.base/java.util.stream.ReduceOps$ReduceOp.evaluateSequential(ReduceOps.java:913)
	at java.base/java.util.stream.AbstractPipeline.evaluate(AbstractPipeline.java:234)
	at java.base/java.util.stream.ReferencePipeline.collect(ReferencePipeline.java:578)
	at de.uka.ilkd.key.nparser.builder.AbstractBuilder.mapOf(AbstractBuilder.java:112)
	at de.uka.ilkd.key.nparser.builder.IncludeFinder.visitOne_include_statement(IncludeFinder.java:35)
	at de.uka.ilkd.key.nparser.builder.IncludeFinder.visitOne_include_statement(IncludeFinder.java:20)
	at de.uka.ilkd.key.nparser.KeYParser$One_include_statementContext.accept(KeYParser.java:802)
	at org.antlr.v4.runtime.tree.AbstractParseTreeVisitor.visitChildren(AbstractParseTreeVisitor.java:46)
	at de.uka.ilkd.key.nparser.KeYParserBaseVisitor.visitDecls(KeYParserBaseVisitor.java:30)
	at de.uka.ilkd.key.nparser.KeYParser$DeclsContext.accept(KeYParser.java:500)
	at org.antlr.v4.runtime.tree.AbstractParseTreeVisitor.visitChildren(AbstractParseTreeVisitor.java:46)
	at de.uka.ilkd.key.nparser.KeYParserBaseVisitor.visitFile(KeYParserBaseVisitor.java:23)
	at de.uka.ilkd.key.nparser.KeYParser$FileContext.accept(KeYParser.java:306)
	at de.uka.ilkd.key.nparser.KeyAst.accept(KeyAst.java:41)
	at de.uka.ilkd.key.nparser.KeyAst$File.getIncludes(KeyAst.java:76)
	at de.uka.ilkd.key.proof.io.KeYFile.readIncludes(KeYFile.java:208)
	... 14 more
Could not find rule file rules/intRulesCheckedSemantics.key (file: /home/runner/work/key/key/key.core/../key.ui/examples/index/../InformationFlow/ToyVoting/Voter(Voter__isValid(int)).Non-interference contract.0.key; caused by: de.uka.ilkd.key.proof.init.ProofInputException: Could not find rule file rules/intRulesCheckedSemantics.key)
	at de.uka.ilkd.key.control.AbstractUserInterfaceControl.load(AbstractUserInterfaceControl.java:221)
	at de.uka.ilkd.key.control.KeYEnvironment.load(KeYEnvironment.java:251)
	at de.uka.ilkd.key.control.KeYEnvironment.load(KeYEnvironment.java:224)
	at de.uka.ilkd.key.control.KeYEnvironment.load(KeYEnvironment.java:184)
	at de.uka.ilkd.key.control.KeYEnvironment.load(KeYEnvironment.java:261)
	at de.uka.ilkd.key.proof.runallproofs.proofcollection.TestFile.load(TestFile.java:270)
	at de.uka.ilkd.key.proof.runallproofs.proofcollection.TestFile.runKey(TestFile.java:160)
	at de.uka.ilkd.key.proof.runallproofs.proofcollection.ForkedTestFileRunner.main(ForkedTestFileRunner.java:171)
Caused by: de.uka.ilkd.key.proof.init.ProofInputException: Could not find rule file rules/intRulesCheckedSemantics.key
	at de.uka.ilkd.key.proof.io.KeYFile.readIncludes(KeYFile.java:210)
	at de.uka.ilkd.key.proof.init.ProblemInitializer.readIncludes(ProblemInitializer.java:177)
	at de.uka.ilkd.key.proof.init.ProblemInitializer.readEnvInput(ProblemInitializer.java:325)
	at de.uka.ilkd.key.proof.init.ProblemInitializer.prepare(ProblemInitializer.java:449)
	at de.uka.ilkd.key.proof.io.AbstractProblemLoader.createInitConfig(AbstractProblemLoader.java:518)
	at de.uka.ilkd.key.proof.io.AbstractProblemLoader.loadEnvironment(AbstractProblemLoader.java:288)
	at de.uka.ilkd.key.proof.io.AbstractProblemLoader.load(AbstractProblemLoader.java:252)
	at de.uka.ilkd.key.control.AbstractUserInterfaceControl.load(AbstractUserInterfaceControl.java:209)
	... 7 more
Caused by: java.lang.RuntimeException: Could not find rule file rules/intRulesCheckedSemantics.key
	at de.uka.ilkd.key.proof.io.RuleSourceFactory.fromBuiltInRule(RuleSourceFactory.java:32)
	at de.uka.ilkd.key.proof.io.RuleSourceFactory.fromDefaultLocation(RuleSourceFactory.java:21)
	at de.uka.ilkd.key.nparser.builder.IncludeFinder.addInclude(IncludeFinder.java:63)
	at de.uka.ilkd.key.nparser.builder.IncludeFinder.visitOne_include(IncludeFinder.java:43)
	at de.uka.ilkd.key.nparser.builder.IncludeFinder.visitOne_include(IncludeFinder.java:20)
	at de.uka.ilkd.key.nparser.KeYParser$One_includeContext.accept(KeYParser.java:878)
	at de.uka.ilkd.key.nparser.builder.AbstractBuilder.lambda$mapOf$0(AbstractBuilder.java:112)
	at java.base/java.util.stream.ReferencePipeline$3$1.accept(ReferencePipeline.java:195)
	at java.base/java.util.ArrayList$ArrayListSpliterator.forEachRemaining(ArrayList.java:1655)
	at java.base/java.util.stream.AbstractPipeline.copyInto(AbstractPipeline.java:484)
	at java.base/java.util.stream.AbstractPipeline.wrapAndCopyInto(AbstractPipeline.java:474)
	at java.base/java.util.stream.ReduceOps$ReduceOp.evaluateSequential(ReduceOps.java:913)
	at java.base/java.util.stream.AbstractPipeline.evaluate(AbstractPipeline.java:234)
	at java.base/java.util.stream.ReferencePipeline.collect(ReferencePipeline.java:578)
	at de.uka.ilkd.key.nparser.builder.AbstractBuilder.mapOf(AbstractBuilder.java:112)
	at de.uka.ilkd.key.nparser.builder.IncludeFinder.visitOne_include_statement(IncludeFinder.java:35)
	at de.uka.ilkd.key.nparser.builder.IncludeFinder.visitOne_include_statement(IncludeFinder.java:20)
	at de.uka.ilkd.key.nparser.KeYParser$One_include_statementContext.accept(KeYParser.java:802)
	at org.antlr.v4.runtime.tree.AbstractParseTreeVisitor.visitChildren(AbstractParseTreeVisitor.java:46)
	at de.uka.ilkd.key.nparser.KeYParserBaseVisitor.visitDecls(KeYParserBaseVisitor.java:30)
	at de.uka.ilkd.key.nparser.KeYParser$DeclsContext.accept(KeYParser.java:500)
	at org.antlr.v4.runtime.tree.AbstractParseTreeVisitor.visitChildren(AbstractParseTreeVisitor.java:46)
	at de.uka.ilkd.key.nparser.KeYParserBaseVisitor.visitFile(KeYParserBaseVisitor.java:23)
	at de.uka.ilkd.key.nparser.KeYParser$FileContext.accept(KeYParser.java:306)
	at de.uka.ilkd.key.nparser.KeyAst.accept(KeyAst.java:41)
	at de.uka.ilkd.key.nparser.KeyAst$File.getIncludes(KeyAst.java:76)
	at de.uka.ilkd.key.proof.io.KeYFile.readIncludes(KeYFile.java:208)
	... 14 more
Could not find rule file rules/intRulesCheckedSemantics.key (file: /home/runner/work/key/key/key.core/../key.ui/examples/index/../InformationFlow/ToyVoting/Voter(Voter__sendVote(int)).Non-interference contract.0.key; caused by: de.uka.ilkd.key.proof.init.ProofInputException: Could not find rule file rules/intRulesCheckedSemantics.key)
	at de.uka.ilkd.key.control.AbstractUserInterfaceControl.load(AbstractUserInterfaceControl.java:221)
	at de.uka.ilkd.key.control.KeYEnvironment.load(KeYEnvironment.java:251)
	at de.uka.ilkd.key.control.KeYEnvironment.load(KeYEnvironment.java:224)
	at de.uka.ilkd.key.control.KeYEnvironment.load(KeYEnvironment.java:184)
	at de.uka.ilkd.key.control.KeYEnvironment.load(KeYEnvironment.java:261)
	at de.uka.ilkd.key.proof.runallproofs.proofcollection.TestFile.load(TestFile.java:270)
	at de.uka.ilkd.key.proof.runallproofs.proofcollection.TestFile.runKey(TestFile.java:160)
	at de.uka.ilkd.key.proof.runallproofs.proofcollection.ForkedTestFileRunner.main(ForkedTestFileRunner.java:171)
Caused by: de.uka.ilkd.key.proof.init.ProofInputException: Could not find rule file rules/intRulesCheckedSemantics.key
	at de.uka.ilkd.key.proof.io.KeYFile.readIncludes(KeYFile.java:210)
	at de.uka.ilkd.key.proof.init.ProblemInitializer.readIncludes(ProblemInitializer.java:177)
	at de.uka.ilkd.key.proof.init.ProblemInitializer.readEnvInput(ProblemInitializer.java:325)
	at de.uka.ilkd.key.proof.init.ProblemInitializer.prepare(ProblemInitializer.java:449)
	at de.uka.ilkd.key.proof.io.AbstractProblemLoader.createInitConfig(AbstractProblemLoader.java:518)
	at de.uka.ilkd.key.proof.io.AbstractProblemLoader.loadEnvironment(AbstractProblemLoader.java:288)
	at de.uka.ilkd.key.proof.io.AbstractProblemLoader.load(AbstractProblemLoader.java:252)
	at de.uka.ilkd.key.control.AbstractUserInterfaceControl.load(AbstractUserInterfaceControl.java:209)
	... 7 more
Caused by: java.lang.RuntimeException: Could not find rule file rules/intRulesCheckedSemantics.key
	at de.uka.ilkd.key.proof.io.RuleSourceFactory.fromBuiltInRule(RuleSourceFactory.java:32)
	at de.uka.ilkd.key.proof.io.RuleSourceFactory.fromDefaultLocation(RuleSourceFactory.java:21)
	at de.uka.ilkd.key.nparser.builder.IncludeFinder.addInclude(IncludeFinder.java:63)
	at de.uka.ilkd.key.nparser.builder.IncludeFinder.visitOne_include(IncludeFinder.java:43)
	at de.uka.ilkd.key.nparser.builder.IncludeFinder.visitOne_include(IncludeFinder.java:20)
	at de.uka.ilkd.key.nparser.KeYParser$One_includeContext.accept(KeYParser.java:878)
	at de.uka.ilkd.key.nparser.builder.AbstractBuilder.lambda$mapOf$0(AbstractBuilder.java:112)
	at java.base/java.util.stream.ReferencePipeline$3$1.accept(ReferencePipeline.java:195)
	at java.base/java.util.ArrayList$ArrayListSpliterator.forEachRemaining(ArrayList.java:1655)
	at java.base/java.util.stream.AbstractPipeline.copyInto(AbstractPipeline.java:484)
	at java.base/java.util.stream.AbstractPipeline.wrapAndCopyInto(AbstractPipeline.java:474)
	at java.base/java.util.stream.ReduceOps$ReduceOp.evaluateSequential(ReduceOps.java:913)
	at java.base/java.util.stream.AbstractPipeline.evaluate(AbstractPipeline.java:234)
	at java.base/java.util.stream.ReferencePipeline.collect(ReferencePipeline.java:578)
	at de.uka.ilkd.key.nparser.builder.AbstractBuilder.mapOf(AbstractBuilder.java:112)
	at de.uka.ilkd.key.nparser.builder.IncludeFinder.visitOne_include_statement(IncludeFinder.java:35)
	at de.uka.ilkd.key.nparser.builder.IncludeFinder.visitOne_include_statement(IncludeFinder.java:20)
	at de.uka.ilkd.key.nparser.KeYParser$One_include_statementContext.accept(KeYParser.java:802)
	at org.antlr.v4.runtime.tree.AbstractParseTreeVisitor.visitChildren(AbstractParseTreeVisitor.java:46)
	at de.uka.ilkd.key.nparser.KeYParserBaseVisitor.visitDecls(KeYParserBaseVisitor.java:30)
	at de.uka.ilkd.key.nparser.KeYParser$DeclsContext.accept(KeYParser.java:500)
	at org.antlr.v4.runtime.tree.AbstractParseTreeVisitor.visitChildren(AbstractParseTreeVisitor.java:46)
	at de.uka.ilkd.key.nparser.KeYParserBaseVisitor.visitFile(KeYParserBaseVisitor.java:23)
	at de.uka.ilkd.key.nparser.KeYParser$FileContext.accept(KeYParser.java:306)
	at de.uka.ilkd.key.nparser.KeyAst.accept(KeyAst.java:41)
	at de.uka.ilkd.key.nparser.KeyAst$File.getIncludes(KeyAst.java:76)
	at de.uka.ilkd.key.proof.io.KeYFile.readIncludes(KeYFile.java:208)
	... 14 more
Could not find rule file rules/intRulesCheckedSemantics.key (file: /home/runner/work/key/key/key.core/../key.ui/examples/index/../InformationFlow/ToyVoting/Voter(Voter__inputVote()).Non-interference contract.0.key; caused by: de.uka.ilkd.key.proof.init.ProofInputException: Could not find rule file rules/intRulesCheckedSemantics.key)
	at de.uka.ilkd.key.control.AbstractUserInterfaceControl.load(AbstractUserInterfaceControl.java:221)
	at de.uka.ilkd.key.control.KeYEnvironment.load(KeYEnvironment.java:251)
	at de.uka.ilkd.key.control.KeYEnvironment.load(KeYEnvironment.java:224)
	at de.uka.ilkd.key.control.KeYEnvironment.load(KeYEnvironment.java:184)
	at de.uka.ilkd.key.control.KeYEnvironment.load(KeYEnvironment.java:261)
	at de.uka.ilkd.key.proof.runallproofs.proofcollection.TestFile.load(TestFile.java:270)
	at de.uka.ilkd.key.proof.runallproofs.proofcollection.TestFile.runKey(TestFile.java:160)
	at de.uka.ilkd.key.proof.runallproofs.proofcollection.ForkedTestFileRunner.main(ForkedTestFileRunner.java:171)
Caused by: de.uka.ilkd.key.proof.init.ProofInputException: Could not find rule file rules/intRulesCheckedSemantics.key
	at de.uka.ilkd.key.proof.io.KeYFile.readIncludes(KeYFile.java:210)
	at de.uka.ilkd.key.proof.init.ProblemInitializer.readIncludes(ProblemInitializer.java:177)
	at de.uka.ilkd.key.proof.init.ProblemInitializer.readEnvInput(ProblemInitializer.java:325)
	at de.uka.ilkd.key.proof.init.ProblemInitializer.prepare(ProblemInitializer.java:449)
	at de.uka.ilkd.key.proof.io.AbstractProblemLoader.createInitConfig(AbstractProblemLoader.java:518)
	at de.uka.ilkd.key.proof.io.AbstractProblemLoader.loadEnvironment(AbstractProblemLoader.java:288)
	at de.uka.ilkd.key.proof.io.AbstractProblemLoader.load(AbstractProblemLoader.java:252)
	at de.uka.ilkd.key.control.AbstractUserInterfaceControl.load(AbstractUserInterfaceControl.java:209)
	... 7 more
Caused by: java.lang.RuntimeException: Could not find rule file rules/intRulesCheckedSemantics.key
	at de.uka.ilkd.key.proof.io.RuleSourceFactory.fromBuiltInRule(RuleSourceFactory.java:32)
	at de.uka.ilkd.key.proof.io.RuleSourceFactory.fromDefaultLocation(RuleSourceFactory.java:21)
	at de.uka.ilkd.key.nparser.builder.IncludeFinder.addInclude(IncludeFinder.java:63)
	at de.uka.ilkd.key.nparser.builder.IncludeFinder.visitOne_include(IncludeFinder.java:43)
	at de.uka.ilkd.key.nparser.builder.IncludeFinder.visitOne_include(IncludeFinder.java:20)
	at de.uka.ilkd.key.nparser.KeYParser$One_includeContext.accept(KeYParser.java:878)
	at de.uka.ilkd.key.nparser.builder.AbstractBuilder.lambda$mapOf$0(AbstractBuilder.java:112)
	at java.base/java.util.stream.ReferencePipeline$3$1.accept(ReferencePipeline.java:195)
	at java.base/java.util.ArrayList$ArrayListSpliterator.forEachRemaining(ArrayList.java:1655)
	at java.base/java.util.stream.AbstractPipeline.copyInto(AbstractPipeline.java:484)
	at java.base/java.util.stream.AbstractPipeline.wrapAndCopyInto(AbstractPipeline.java:474)
	at java.base/java.util.stream.ReduceOps$ReduceOp.evaluateSequential(ReduceOps.java:913)
	at java.base/java.util.stream.AbstractPipeline.evaluate(AbstractPipeline.java:234)
	at java.base/java.util.stream.ReferencePipeline.collect(ReferencePipeline.java:578)
	at de.uka.ilkd.key.nparser.builder.AbstractBuilder.mapOf(AbstractBuilder.java:112)
	at de.uka.ilkd.key.nparser.builder.IncludeFinder.visitOne_include_statement(IncludeFinder.java:35)
	at de.uka.ilkd.key.nparser.builder.IncludeFinder.visitOne_include_statement(IncludeFinder.java:20)
	at de.uka.ilkd.key.nparser.KeYParser$One_include_statementContext.accept(KeYParser.java:802)
	at org.antlr.v4.runtime.tree.AbstractParseTreeVisitor.visitChildren(AbstractParseTreeVisitor.java:46)
	at de.uka.ilkd.key.nparser.KeYParserBaseVisitor.visitDecls(KeYParserBaseVisitor.java:30)
	at de.uka.ilkd.key.nparser.KeYParser$DeclsContext.accept(KeYParser.java:500)
	at org.antlr.v4.runtime.tree.AbstractParseTreeVisitor.visitChildren(AbstractParseTreeVisitor.java:46)
	at de.uka.ilkd.key.nparser.KeYParserBaseVisitor.visitFile(KeYParserBaseVisitor.java:23)
	at de.uka.ilkd.key.nparser.KeYParser$FileContext.accept(KeYParser.java:306)
	at de.uka.ilkd.key.nparser.KeyAst.accept(KeyAst.java:41)
	at de.uka.ilkd.key.nparser.KeyAst$File.getIncludes(KeyAst.java:76)
	at de.uka.ilkd.key.proof.io.KeYFile.readIncludes(KeYFile.java:208)
	... 14 more
Exception in thread "main" org.opentest4j.AssertionFailedError: Exception during the execution of proofs. See log for more details.
	at org.junit.jupiter.api.AssertionUtils.fail(AssertionUtils.java:39)
	at org.junit.jupiter.api.Assertions.fail(Assertions.java:134)
	at de.uka.ilkd.key.proof.runallproofs.proofcollection.ForkedTestFileRunner.main(ForkedTestFileRunner.java:192)
Timeout watcher launched (1000 secs.)
Could not find rule file rules/intRulesCheckedSemantics.key (file: /home/runner/work/key/key/key.core/../key.ui/examples/index/../InformationFlow/Sum/SumExample(SumExample__getSum()).Non-interference contract.0.key; caused by: de.uka.ilkd.key.proof.init.ProofInputException: Could not find rule file rules/intRulesCheckedSemantics.key)
	at de.uka.ilkd.key.control.AbstractUserInterfaceControl.load(AbstractUserInterfaceControl.java:221)
	at de.uka.ilkd.key.control.KeYEnvironment.load(KeYEnvironment.java:251)
	at de.uka.ilkd.key.control.KeYEnvironment.load(KeYEnvironment.java:224)
	at de.uka.ilkd.key.control.KeYEnvironment.load(KeYEnvironment.java:184)
	at de.uka.ilkd.key.control.KeYEnvironment.load(KeYEnvironment.java:261)
	at de.uka.ilkd.key.proof.runallproofs.proofcollection.TestFile.load(TestFile.java:270)
	at de.uka.ilkd.key.proof.runallproofs.proofcollection.TestFile.runKey(TestFile.java:160)
	at de.uka.ilkd.key.proof.runallproofs.proofcollection.ForkedTestFileRunner.main(ForkedTestFileRunner.java:171)
Caused by: de.uka.ilkd.key.proof.init.ProofInputException: Could not find rule file rules/intRulesCheckedSemantics.key
	at de.uka.ilkd.key.proof.io.KeYFile.readIncludes(KeYFile.java:210)
	at de.uka.ilkd.key.proof.init.ProblemInitializer.readIncludes(ProblemInitializer.java:177)
	at de.uka.ilkd.key.proof.init.ProblemInitializer.readEnvInput(ProblemInitializer.java:325)
	at de.uka.ilkd.key.proof.init.ProblemInitializer.prepare(ProblemInitializer.java:449)
	at de.uka.ilkd.key.proof.io.AbstractProblemLoader.createInitConfig(AbstractProblemLoader.java:518)
	at de.uka.ilkd.key.proof.io.AbstractProblemLoader.loadEnvironment(AbstractProblemLoader.java:288)
	at de.uka.ilkd.key.proof.io.AbstractProblemLoader.load(AbstractProblemLoader.java:252)
	at de.uka.ilkd.key.control.AbstractUserInterfaceControl.load(AbstractUserInterfaceControl.java:209)
	... 7 more
Caused by: java.lang.RuntimeException: Could not find rule file rules/intRulesCheckedSemantics.key
	at de.uka.ilkd.key.proof.io.RuleSourceFactory.fromBuiltInRule(RuleSourceFactory.java:32)
	at de.uka.ilkd.key.proof.io.RuleSourceFactory.fromDefaultLocation(RuleSourceFactory.java:21)
	at de.uka.ilkd.key.nparser.builder.IncludeFinder.addInclude(IncludeFinder.java:63)
	at de.uka.ilkd.key.nparser.builder.IncludeFinder.visitOne_include(IncludeFinder.java:43)
	at de.uka.ilkd.key.nparser.builder.IncludeFinder.visitOne_include(IncludeFinder.java:20)
	at de.uka.ilkd.key.nparser.KeYParser$One_includeContext.accept(KeYParser.java:878)
	at de.uka.ilkd.key.nparser.builder.AbstractBuilder.lambda$mapOf$0(AbstractBuilder.java:112)
	at java.base/java.util.stream.ReferencePipeline$3$1.accept(ReferencePipeline.java:195)
	at java.base/java.util.ArrayList$ArrayListSpliterator.forEachRemaining(ArrayList.java:1655)
	at java.base/java.util.stream.AbstractPipeline.copyInto(AbstractPipeline.java:484)
	at java.base/java.util.stream.AbstractPipeline.wrapAndCopyInto(AbstractPipeline.java:474)
	at java.base/java.util.stream.ReduceOps$ReduceOp.evaluateSequential(ReduceOps.java:913)
	at java.base/java.util.stream.AbstractPipeline.evaluate(AbstractPipeline.java:234)
	at java.base/java.util.stream.ReferencePipeline.collect(ReferencePipeline.java:578)
	at de.uka.ilkd.key.nparser.builder.AbstractBuilder.mapOf(AbstractBuilder.java:112)
	at de.uka.ilkd.key.nparser.builder.IncludeFinder.visitOne_include_statement(IncludeFinder.java:35)
	at de.uka.ilkd.key.nparser.builder.IncludeFinder.visitOne_include_statement(IncludeFinder.java:20)
	at de.uka.ilkd.key.nparser.KeYParser$One_include_statementContext.accept(KeYParser.java:802)
	at org.antlr.v4.runtime.tree.AbstractParseTreeVisitor.visitChildren(AbstractParseTreeVisitor.java:46)
	at de.uka.ilkd.key.nparser.KeYParserBaseVisitor.visitDecls(KeYParserBaseVisitor.java:30)
	at de.uka.ilkd.key.nparser.KeYParser$DeclsContext.accept(KeYParser.java:500)
	at org.antlr.v4.runtime.tree.AbstractParseTreeVisitor.visitChildren(AbstractParseTreeVisitor.java:46)
	at de.uka.ilkd.key.nparser.KeYParserBaseVisitor.visitFile(KeYParserBaseVisitor.java:23)
	at de.uka.ilkd.key.nparser.KeYParser$FileContext.accept(KeYParser.java:306)
	at de.uka.ilkd.key.nparser.KeyAst.accept(KeyAst.java:41)
	at de.uka.ilkd.key.nparser.KeyAst$File.getIncludes(KeyAst.java:76)
	at de.uka.ilkd.key.proof.io.KeYFile.readIncludes(KeYFile.java:208)
	... 14 more
Exception in thread "main" org.opentest4j.AssertionFailedError: Exception during the execution of proofs. See log for more details.
	at org.junit.jupiter.api.AssertionUtils.fail(AssertionUtils.java:39)
	at org.junit.jupiter.api.Assertions.fail(Assertions.java:134)
	at de.uka.ilkd.key.proof.runallproofs.proofcollection.ForkedTestFileRunner.main(ForkedTestFileRunner.java:192)
Timeout watcher launched (1000 secs.)
Could not find rule file rules/intRulesCheckedSemantics.key (file: /home/runner/work/key/key/key.core/../key.ui/examples/index/../InformationFlow/ToyBanking/banking_example.UserAccount(banking_example.UserAccount__getBankAccount(int)).Non-interference contract.0.key; caused by: de.uka.ilkd.key.proof.init.ProofInputException: Could not find rule file rules/intRulesCheckedSemantics.key)
	at de.uka.ilkd.key.control.AbstractUserInterfaceControl.load(AbstractUserInterfaceControl.java:221)
	at de.uka.ilkd.key.control.KeYEnvironment.load(KeYEnvironment.java:251)
	at de.uka.ilkd.key.control.KeYEnvironment.load(KeYEnvironment.java:224)
	at de.uka.ilkd.key.control.KeYEnvironment.load(KeYEnvironment.java:184)
	at de.uka.ilkd.key.control.KeYEnvironment.load(KeYEnvironment.java:261)
	at de.uka.ilkd.key.proof.runallproofs.proofcollection.TestFile.load(TestFile.java:270)
	at de.uka.ilkd.key.proof.runallproofs.proofcollection.TestFile.runKey(TestFile.java:160)
	at de.uka.ilkd.key.proof.runallproofs.proofcollection.ForkedTestFileRunner.main(ForkedTestFileRunner.java:171)
Caused by: de.uka.ilkd.key.proof.init.ProofInputException: Could not find rule file rules/intRulesCheckedSemantics.key
	at de.uka.ilkd.key.proof.io.KeYFile.readIncludes(KeYFile.java:210)
	at de.uka.ilkd.key.proof.init.ProblemInitializer.readIncludes(ProblemInitializer.java:177)
	at de.uka.ilkd.key.proof.init.ProblemInitializer.readEnvInput(ProblemInitializer.java:325)
	at de.uka.ilkd.key.proof.init.ProblemInitializer.prepare(ProblemInitializer.java:449)
	at de.uka.ilkd.key.proof.io.AbstractProblemLoader.createInitConfig(AbstractProblemLoader.java:518)
	at de.uka.ilkd.key.proof.io.AbstractProblemLoader.loadEnvironment(AbstractProblemLoader.java:288)
	at de.uka.ilkd.key.proof.io.AbstractProblemLoader.load(AbstractProblemLoader.java:252)
	at de.uka.ilkd.key.control.AbstractUserInterfaceControl.load(AbstractUserInterfaceControl.java:209)
	... 7 more
Caused by: java.lang.RuntimeException: Could not find rule file rules/intRulesCheckedSemantics.key
	at de.uka.ilkd.key.proof.io.RuleSourceFactory.fromBuiltInRule(RuleSourceFactory.java:32)
	at de.uka.ilkd.key.proof.io.RuleSourceFactory.fromDefaultLocation(RuleSourceFactory.java:21)
	at de.uka.ilkd.key.nparser.builder.IncludeFinder.addInclude(IncludeFinder.java:63)
	at de.uka.ilkd.key.nparser.builder.IncludeFinder.visitOne_include(IncludeFinder.java:43)
	at de.uka.ilkd.key.nparser.builder.IncludeFinder.visitOne_include(IncludeFinder.java:20)
	at de.uka.ilkd.key.nparser.KeYParser$One_includeContext.accept(KeYParser.java:878)
	at de.uka.ilkd.key.nparser.builder.AbstractBuilder.lambda$mapOf$0(AbstractBuilder.java:112)
	at java.base/java.util.stream.ReferencePipeline$3$1.accept(ReferencePipeline.java:195)
	at java.base/java.util.ArrayList$ArrayListSpliterator.forEachRemaining(ArrayList.java:1655)
	at java.base/java.util.stream.AbstractPipeline.copyInto(AbstractPipeline.java:484)
	at java.base/java.util.stream.AbstractPipeline.wrapAndCopyInto(AbstractPipeline.java:474)
	at java.base/java.util.stream.ReduceOps$ReduceOp.evaluateSequential(ReduceOps.java:913)
	at java.base/java.util.stream.AbstractPipeline.evaluate(AbstractPipeline.java:234)
	at java.base/java.util.stream.ReferencePipeline.collect(ReferencePipeline.java:578)
	at de.uka.ilkd.key.nparser.builder.AbstractBuilder.mapOf(AbstractBuilder.java:112)
	at de.uka.ilkd.key.nparser.builder.IncludeFinder.visitOne_include_statement(IncludeFinder.java:35)
	at de.uka.ilkd.key.nparser.builder.IncludeFinder.visitOne_include_statement(IncludeFinder.java:20)
	at de.uka.ilkd.key.nparser.KeYParser$One_include_statementContext.accept(KeYParser.java:802)
	at org.antlr.v4.runtime.tree.AbstractParseTreeVisitor.visitChildren(AbstractParseTreeVisitor.java:46)
	at de.uka.ilkd.key.nparser.KeYParserBaseVisitor.visitDecls(KeYParserBaseVisitor.java:30)
	at de.uka.ilkd.key.nparser.KeYParser$DeclsContext.accept(KeYParser.java:500)
	at org.antlr.v4.runtime.tree.AbstractParseTreeVisitor.visitChildren(AbstractParseTreeVisitor.java:46)
	at de.uka.ilkd.key.nparser.KeYParserBaseVisitor.visitFile(KeYParserBaseVisitor.java:23)
	at de.uka.ilkd.key.nparser.KeYParser$FileContext.accept(KeYParser.java:306)
	at de.uka.ilkd.key.nparser.KeyAst.accept(KeyAst.java:41)
	at de.uka.ilkd.key.nparser.KeyAst$File.getIncludes(KeyAst.java:76)
	at de.uka.ilkd.key.proof.io.KeYFile.readIncludes(KeYFile.java:208)
	... 14 more
Could not find rule file rules/intRulesCheckedSemantics.key (file: /home/runner/work/key/key/key.core/../key.ui/examples/index/../InformationFlow/ToyBanking/banking_example.BankAccount(banking_example.BankAccount__depositMoney(int)).Non-interference contract.0.key; caused by: de.uka.ilkd.key.proof.init.ProofInputException: Could not find rule file rules/intRulesCheckedSemantics.key)
	at de.uka.ilkd.key.control.AbstractUserInterfaceControl.load(AbstractUserInterfaceControl.java:221)
	at de.uka.ilkd.key.control.KeYEnvironment.load(KeYEnvironment.java:251)
	at de.uka.ilkd.key.control.KeYEnvironment.load(KeYEnvironment.java:224)
	at de.uka.ilkd.key.control.KeYEnvironment.load(KeYEnvironment.java:184)
	at de.uka.ilkd.key.control.KeYEnvironment.load(KeYEnvironment.java:261)
	at de.uka.ilkd.key.proof.runallproofs.proofcollection.TestFile.load(TestFile.java:270)
	at de.uka.ilkd.key.proof.runallproofs.proofcollection.TestFile.runKey(TestFile.java:160)
	at de.uka.ilkd.key.proof.runallproofs.proofcollection.ForkedTestFileRunner.main(ForkedTestFileRunner.java:171)
Caused by: de.uka.ilkd.key.proof.init.ProofInputException: Could not find rule file rules/intRulesCheckedSemantics.key
	at de.uka.ilkd.key.proof.io.KeYFile.readIncludes(KeYFile.java:210)
	at de.uka.ilkd.key.proof.init.ProblemInitializer.readIncludes(ProblemInitializer.java:177)
	at de.uka.ilkd.key.proof.init.ProblemInitializer.readEnvInput(ProblemInitializer.java:325)
	at de.uka.ilkd.key.proof.init.ProblemInitializer.prepare(ProblemInitializer.java:449)
	at de.uka.ilkd.key.proof.io.AbstractProblemLoader.createInitConfig(AbstractProblemLoader.java:518)
	at de.uka.ilkd.key.proof.io.AbstractProblemLoader.loadEnvironment(AbstractProblemLoader.java:288)
	at de.uka.ilkd.key.proof.io.AbstractProblemLoader.load(AbstractProblemLoader.java:252)
	at de.uka.ilkd.key.control.AbstractUserInterfaceControl.load(AbstractUserInterfaceControl.java:209)
	... 7 more
Caused by: java.lang.RuntimeException: Could not find rule file rules/intRulesCheckedSemantics.key
	at de.uka.ilkd.key.proof.io.RuleSourceFactory.fromBuiltInRule(RuleSourceFactory.java:32)
	at de.uka.ilkd.key.proof.io.RuleSourceFactory.fromDefaultLocation(RuleSourceFactory.java:21)
	at de.uka.ilkd.key.nparser.builder.IncludeFinder.addInclude(IncludeFinder.java:63)
	at de.uka.ilkd.key.nparser.builder.IncludeFinder.visitOne_include(IncludeFinder.java:43)
	at de.uka.ilkd.key.nparser.builder.IncludeFinder.visitOne_include(IncludeFinder.java:20)
	at de.uka.ilkd.key.nparser.KeYParser$One_includeContext.accept(KeYParser.java:878)
	at de.uka.ilkd.key.nparser.builder.AbstractBuilder.lambda$mapOf$0(AbstractBuilder.java:112)
	at java.base/java.util.stream.ReferencePipeline$3$1.accept(ReferencePipeline.java:195)
	at java.base/java.util.ArrayList$ArrayListSpliterator.forEachRemaining(ArrayList.java:1655)
	at java.base/java.util.stream.AbstractPipeline.copyInto(AbstractPipeline.java:484)
	at java.base/java.util.stream.AbstractPipeline.wrapAndCopyInto(AbstractPipeline.java:474)
	at java.base/java.util.stream.ReduceOps$ReduceOp.evaluateSequential(ReduceOps.java:913)
	at java.base/java.util.stream.AbstractPipeline.evaluate(AbstractPipeline.java:234)
	at java.base/java.util.stream.ReferencePipeline.collect(ReferencePipeline.java:578)
	at de.uka.ilkd.key.nparser.builder.AbstractBuilder.mapOf(AbstractBuilder.java:112)
	at de.uka.ilkd.key.nparser.builder.IncludeFinder.visitOne_include_statement(IncludeFinder.java:35)
	at de.uka.ilkd.key.nparser.builder.IncludeFinder.visitOne_include_statement(IncludeFinder.java:20)
	at de.uka.ilkd.key.nparser.KeYParser$One_include_statementContext.accept(KeYParser.java:802)
	at org.antlr.v4.runtime.tree.AbstractParseTreeVisitor.visitChildren(AbstractParseTreeVisitor.java:46)
	at de.uka.ilkd.key.nparser.KeYParserBaseVisitor.visitDecls(KeYParserBaseVisitor.java:30)
	at de.uka.ilkd.key.nparser.KeYParser$DeclsContext.accept(KeYParser.java:500)
	at org.antlr.v4.runtime.tree.AbstractParseTreeVisitor.visitChildren(AbstractParseTreeVisitor.java:46)
	at de.uka.ilkd.key.nparser.KeYParserBaseVisitor.visitFile(KeYParserBaseVisitor.java:23)
	at de.uka.ilkd.key.nparser.KeYParser$FileContext.accept(KeYParser.java:306)
	at de.uka.ilkd.key.nparser.KeyAst.accept(KeyAst.java:41)
	at de.uka.ilkd.key.nparser.KeyAst$File.getIncludes(KeyAst.java:76)
	at de.uka.ilkd.key.proof.io.KeYFile.readIncludes(KeYFile.java:208)
	... 14 more
Could not find rule file rules/intRulesCheckedSemantics.key (file: /home/runner/work/key/key/key.core/../key.ui/examples/index/../InformationFlow/ToyBanking/banking_example.BankAccount(banking_example.BankAccount__getBalance()).Non-interference contract.0.key; caused by: de.uka.ilkd.key.proof.init.ProofInputException: Could not find rule file rules/intRulesCheckedSemantics.key)
	at de.uka.ilkd.key.control.AbstractUserInterfaceControl.load(AbstractUserInterfaceControl.java:221)
	at de.uka.ilkd.key.control.KeYEnvironment.load(KeYEnvironment.java:251)
	at de.uka.ilkd.key.control.KeYEnvironment.load(KeYEnvironment.java:224)
	at de.uka.ilkd.key.control.KeYEnvironment.load(KeYEnvironment.java:184)
	at de.uka.ilkd.key.control.KeYEnvironment.load(KeYEnvironment.java:261)
	at de.uka.ilkd.key.proof.runallproofs.proofcollection.TestFile.load(TestFile.java:270)
	at de.uka.ilkd.key.proof.runallproofs.proofcollection.TestFile.runKey(TestFile.java:160)
	at de.uka.ilkd.key.proof.runallproofs.proofcollection.ForkedTestFileRunner.main(ForkedTestFileRunner.java:171)
Caused by: de.uka.ilkd.key.proof.init.ProofInputException: Could not find rule file rules/intRulesCheckedSemantics.key
	at de.uka.ilkd.key.proof.io.KeYFile.readIncludes(KeYFile.java:210)
	at de.uka.ilkd.key.proof.init.ProblemInitializer.readIncludes(ProblemInitializer.java:177)
	at de.uka.ilkd.key.proof.init.ProblemInitializer.readEnvInput(ProblemInitializer.java:325)
	at de.uka.ilkd.key.proof.init.ProblemInitializer.prepare(ProblemInitializer.java:449)
	at de.uka.ilkd.key.proof.io.AbstractProblemLoader.createInitConfig(AbstractProblemLoader.java:518)
	at de.uka.ilkd.key.proof.io.AbstractProblemLoader.loadEnvironment(AbstractProblemLoader.java:288)
	at de.uka.ilkd.key.proof.io.AbstractProblemLoader.load(AbstractProblemLoader.java:252)
	at de.uka.ilkd.key.control.AbstractUserInterfaceControl.load(AbstractUserInterfaceControl.java:209)
	... 7 more
Caused by: java.lang.RuntimeException: Could not find rule file rules/intRulesCheckedSemantics.key
	at de.uka.ilkd.key.proof.io.RuleSourceFactory.fromBuiltInRule(RuleSourceFactory.java:32)
	at de.uka.ilkd.key.proof.io.RuleSourceFactory.fromDefaultLocation(RuleSourceFactory.java:21)
	at de.uka.ilkd.key.nparser.builder.IncludeFinder.addInclude(IncludeFinder.java:63)
	at de.uka.ilkd.key.nparser.builder.IncludeFinder.visitOne_include(IncludeFinder.java:43)
	at de.uka.ilkd.key.nparser.builder.IncludeFinder.visitOne_include(IncludeFinder.java:20)
	at de.uka.ilkd.key.nparser.KeYParser$One_includeContext.accept(KeYParser.java:878)
	at de.uka.ilkd.key.nparser.builder.AbstractBuilder.lambda$mapOf$0(AbstractBuilder.java:112)
	at java.base/java.util.stream.ReferencePipeline$3$1.accept(ReferencePipeline.java:195)
	at java.base/java.util.ArrayList$ArrayListSpliterator.forEachRemaining(ArrayList.java:1655)
	at java.base/java.util.stream.AbstractPipeline.copyInto(AbstractPipeline.java:484)
	at java.base/java.util.stream.AbstractPipeline.wrapAndCopyInto(AbstractPipeline.java:474)
	at java.base/java.util.stream.ReduceOps$ReduceOp.evaluateSequential(ReduceOps.java:913)
	at java.base/java.util.stream.AbstractPipeline.evaluate(AbstractPipeline.java:234)
	at java.base/java.util.stream.ReferencePipeline.collect(ReferencePipeline.java:578)
	at de.uka.ilkd.key.nparser.builder.AbstractBuilder.mapOf(AbstractBuilder.java:112)
	at de.uka.ilkd.key.nparser.builder.IncludeFinder.visitOne_include_statement(IncludeFinder.java:35)
	at de.uka.ilkd.key.nparser.builder.IncludeFinder.visitOne_include_statement(IncludeFinder.java:20)
	at de.uka.ilkd.key.nparser.KeYParser$One_include_statementContext.accept(KeYParser.java:802)
	at org.antlr.v4.runtime.tree.AbstractParseTreeVisitor.visitChildren(AbstractParseTreeVisitor.java:46)
	at de.uka.ilkd.key.nparser.KeYParserBaseVisitor.visitDecls(KeYParserBaseVisitor.java:30)
	at de.uka.ilkd.key.nparser.KeYParser$DeclsContext.accept(KeYParser.java:500)
	at org.antlr.v4.runtime.tree.AbstractParseTreeVisitor.visitChildren(AbstractParseTreeVisitor.java:46)
	at de.uka.ilkd.key.nparser.KeYParserBaseVisitor.visitFile(KeYParserBaseVisitor.java:23)
	at de.uka.ilkd.key.nparser.KeYParser$FileContext.accept(KeYParser.java:306)
	at de.uka.ilkd.key.nparser.KeyAst.accept(KeyAst.java:41)
	at de.uka.ilkd.key.nparser.KeyAst$File.getIncludes(KeyAst.java:76)
	at de.uka.ilkd.key.proof.io.KeYFile.readIncludes(KeYFile.java:208)
	... 14 more
Could not find rule file rules/intRulesCheckedSemantics.key (file: /home/runner/work/key/key/key.core/../key.ui/examples/index/../InformationFlow/ToyBanking/banking_example.BankAccount(banking_example.BankAccount__getId()).Non-interference contract.0.key; caused by: de.uka.ilkd.key.proof.init.ProofInputException: Could not find rule file rules/intRulesCheckedSemantics.key)
	at de.uka.ilkd.key.control.AbstractUserInterfaceControl.load(AbstractUserInterfaceControl.java:221)
	at de.uka.ilkd.key.control.KeYEnvironment.load(KeYEnvironment.java:251)
	at de.uka.ilkd.key.control.KeYEnvironment.load(KeYEnvironment.java:224)
	at de.uka.ilkd.key.control.KeYEnvironment.load(KeYEnvironment.java:184)
	at de.uka.ilkd.key.control.KeYEnvironment.load(KeYEnvironment.java:261)
	at de.uka.ilkd.key.proof.runallproofs.proofcollection.TestFile.load(TestFile.java:270)
	at de.uka.ilkd.key.proof.runallproofs.proofcollection.TestFile.runKey(TestFile.java:160)
	at de.uka.ilkd.key.proof.runallproofs.proofcollection.ForkedTestFileRunner.main(ForkedTestFileRunner.java:171)
Caused by: de.uka.ilkd.key.proof.init.ProofInputException: Could not find rule file rules/intRulesCheckedSemantics.key
	at de.uka.ilkd.key.proof.io.KeYFile.readIncludes(KeYFile.java:210)
	at de.uka.ilkd.key.proof.init.ProblemInitializer.readIncludes(ProblemInitializer.java:177)
	at de.uka.ilkd.key.proof.init.ProblemInitializer.readEnvInput(ProblemInitializer.java:325)
	at de.uka.ilkd.key.proof.init.ProblemInitializer.prepare(ProblemInitializer.java:449)
	at de.uka.ilkd.key.proof.io.AbstractProblemLoader.createInitConfig(AbstractProblemLoader.java:518)
	at de.uka.ilkd.key.proof.io.AbstractProblemLoader.loadEnvironment(AbstractProblemLoader.java:288)
	at de.uka.ilkd.key.proof.io.AbstractProblemLoader.load(AbstractProblemLoader.java:252)
	at de.uka.ilkd.key.control.AbstractUserInterfaceControl.load(AbstractUserInterfaceControl.java:209)
	... 7 more
Caused by: java.lang.RuntimeException: Could not find rule file rules/intRulesCheckedSemantics.key
	at de.uka.ilkd.key.proof.io.RuleSourceFactory.fromBuiltInRule(RuleSourceFactory.java:32)
	at de.uka.ilkd.key.proof.io.RuleSourceFactory.fromDefaultLocation(RuleSourceFactory.java:21)
	at de.uka.ilkd.key.nparser.builder.IncludeFinder.addInclude(IncludeFinder.java:63)
	at de.uka.ilkd.key.nparser.builder.IncludeFinder.visitOne_include(IncludeFinder.java:43)
	at de.uka.ilkd.key.nparser.builder.IncludeFinder.visitOne_include(IncludeFinder.java:20)
	at de.uka.ilkd.key.nparser.KeYParser$One_includeContext.accept(KeYParser.java:878)
	at de.uka.ilkd.key.nparser.builder.AbstractBuilder.lambda$mapOf$0(AbstractBuilder.java:112)
	at java.base/java.util.stream.ReferencePipeline$3$1.accept(ReferencePipeline.java:195)
	at java.base/java.util.ArrayList$ArrayListSpliterator.forEachRemaining(ArrayList.java:1655)
	at java.base/java.util.stream.AbstractPipeline.copyInto(AbstractPipeline.java:484)
	at java.base/java.util.stream.AbstractPipeline.wrapAndCopyInto(AbstractPipeline.java:474)
	at java.base/java.util.stream.ReduceOps$ReduceOp.evaluateSequential(ReduceOps.java:913)
	at java.base/java.util.stream.AbstractPipeline.evaluate(AbstractPipeline.java:234)
	at java.base/java.util.stream.ReferencePipeline.collect(ReferencePipeline.java:578)
	at de.uka.ilkd.key.nparser.builder.AbstractBuilder.mapOf(AbstractBuilder.java:112)
	at de.uka.ilkd.key.nparser.builder.IncludeFinder.visitOne_include_statement(IncludeFinder.java:35)
	at de.uka.ilkd.key.nparser.builder.IncludeFinder.visitOne_include_statement(IncludeFinder.java:20)
	at de.uka.ilkd.key.nparser.KeYParser$One_include_statementContext.accept(KeYParser.java:802)
	at org.antlr.v4.runtime.tree.AbstractParseTreeVisitor.visitChildren(AbstractParseTreeVisitor.java:46)
	at de.uka.ilkd.key.nparser.KeYParserBaseVisitor.visitDecls(KeYParserBaseVisitor.java:30)
	at de.uka.ilkd.key.nparser.KeYParser$DeclsContext.accept(KeYParser.java:500)
	at org.antlr.v4.runtime.tree.AbstractParseTreeVisitor.visitChildren(AbstractParseTreeVisitor.java:46)
	at de.uka.ilkd.key.nparser.KeYParserBaseVisitor.visitFile(KeYParserBaseVisitor.java:23)
	at de.uka.ilkd.key.nparser.KeYParser$FileContext.accept(KeYParser.java:306)
	at de.uka.ilkd.key.nparser.KeyAst.accept(KeyAst.java:41)
	at de.uka.ilkd.key.nparser.KeyAst$File.getIncludes(KeyAst.java:76)
	at de.uka.ilkd.key.proof.io.KeYFile.readIncludes(KeYFile.java:208)
	... 14 more
Could not find rule file rules/intRulesCheckedSemantics.key (file: /home/runner/work/key/key/key.core/../key.ui/examples/index/../InformationFlow/ToyBanking/banking_example.Bank(banking_example.Bank__login(int,(C)).Non-interference contract.0.key; caused by: de.uka.ilkd.key.proof.init.ProofInputException: Could not find rule file rules/intRulesCheckedSemantics.key)
	at de.uka.ilkd.key.control.AbstractUserInterfaceControl.load(AbstractUserInterfaceControl.java:221)
	at de.uka.ilkd.key.control.KeYEnvironment.load(KeYEnvironment.java:251)
	at de.uka.ilkd.key.control.KeYEnvironment.load(KeYEnvironment.java:224)
	at de.uka.ilkd.key.control.KeYEnvironment.load(KeYEnvironment.java:184)
	at de.uka.ilkd.key.control.KeYEnvironment.load(KeYEnvironment.java:261)
	at de.uka.ilkd.key.proof.runallproofs.proofcollection.TestFile.load(TestFile.java:270)
	at de.uka.ilkd.key.proof.runallproofs.proofcollection.TestFile.runKey(TestFile.java:160)
	at de.uka.ilkd.key.proof.runallproofs.proofcollection.ForkedTestFileRunner.main(ForkedTestFileRunner.java:171)
Caused by: de.uka.ilkd.key.proof.init.ProofInputException: Could not find rule file rules/intRulesCheckedSemantics.key
	at de.uka.ilkd.key.proof.io.KeYFile.readIncludes(KeYFile.java:210)
	at de.uka.ilkd.key.proof.init.ProblemInitializer.readIncludes(ProblemInitializer.java:177)
	at de.uka.ilkd.key.proof.init.ProblemInitializer.readEnvInput(ProblemInitializer.java:325)
	at de.uka.ilkd.key.proof.init.ProblemInitializer.prepare(ProblemInitializer.java:449)
	at de.uka.ilkd.key.proof.io.AbstractProblemLoader.createInitConfig(AbstractProblemLoader.java:518)
	at de.uka.ilkd.key.proof.io.AbstractProblemLoader.loadEnvironment(AbstractProblemLoader.java:288)
	at de.uka.ilkd.key.proof.io.AbstractProblemLoader.load(AbstractProblemLoader.java:252)
	at de.uka.ilkd.key.control.AbstractUserInterfaceControl.load(AbstractUserInterfaceControl.java:209)
	... 7 more
Caused by: java.lang.RuntimeException: Could not find rule file rules/intRulesCheckedSemantics.key
	at de.uka.ilkd.key.proof.io.RuleSourceFactory.fromBuiltInRule(RuleSourceFactory.java:32)
	at de.uka.ilkd.key.proof.io.RuleSourceFactory.fromDefaultLocation(RuleSourceFactory.java:21)
	at de.uka.ilkd.key.nparser.builder.IncludeFinder.addInclude(IncludeFinder.java:63)
	at de.uka.ilkd.key.nparser.builder.IncludeFinder.visitOne_include(IncludeFinder.java:43)
	at de.uka.ilkd.key.nparser.builder.IncludeFinder.visitOne_include(IncludeFinder.java:20)
	at de.uka.ilkd.key.nparser.KeYParser$One_includeContext.accept(KeYParser.java:878)
	at de.uka.ilkd.key.nparser.builder.AbstractBuilder.lambda$mapOf$0(AbstractBuilder.java:112)
	at java.base/java.util.stream.ReferencePipeline$3$1.accept(ReferencePipeline.java:195)
	at java.base/java.util.ArrayList$ArrayListSpliterator.forEachRemaining(ArrayList.java:1655)
	at java.base/java.util.stream.AbstractPipeline.copyInto(AbstractPipeline.java:484)
	at java.base/java.util.stream.AbstractPipeline.wrapAndCopyInto(AbstractPipeline.java:474)
	at java.base/java.util.stream.ReduceOps$ReduceOp.evaluateSequential(ReduceOps.java:913)
	at java.base/java.util.stream.AbstractPipeline.evaluate(AbstractPipeline.java:234)
	at java.base/java.util.stream.ReferencePipeline.collect(ReferencePipeline.java:578)
	at de.uka.ilkd.key.nparser.builder.AbstractBuilder.mapOf(AbstractBuilder.java:112)
	at de.uka.ilkd.key.nparser.builder.IncludeFinder.visitOne_include_statement(IncludeFinder.java:35)
	at de.uka.ilkd.key.nparser.builder.IncludeFinder.visitOne_include_statement(IncludeFinder.java:20)
	at de.uka.ilkd.key.nparser.KeYParser$One_include_statementContext.accept(KeYParser.java:802)
	at org.antlr.v4.runtime.tree.AbstractParseTreeVisitor.visitChildren(AbstractParseTreeVisitor.java:46)
	at de.uka.ilkd.key.nparser.KeYParserBaseVisitor.visitDecls(KeYParserBaseVisitor.java:30)
	at de.uka.ilkd.key.nparser.KeYParser$DeclsContext.accept(KeYParser.java:500)
	at org.antlr.v4.runtime.tree.AbstractParseTreeVisitor.visitChildren(AbstractParseTreeVisitor.java:46)
	at de.uka.ilkd.key.nparser.KeYParserBaseVisitor.visitFile(KeYParserBaseVisitor.java:23)
	at de.uka.ilkd.key.nparser.KeYParser$FileContext.accept(KeYParser.java:306)
	at de.uka.ilkd.key.nparser.KeyAst.accept(KeyAst.java:41)
	at de.uka.ilkd.key.nparser.KeyAst$File.getIncludes(KeyAst.java:76)
	at de.uka.ilkd.key.proof.io.KeYFile.readIncludes(KeYFile.java:208)
	... 14 more
Could not find rule file rules/intRulesCheckedSemantics.key (file: /home/runner/work/key/key/key.core/../key.ui/examples/index/../InformationFlow/ToyBanking/banking_example2.UserAccount(banking_example2.UserAccount__getBankAccount(int)).Non-interference contract.0.key; caused by: de.uka.ilkd.key.proof.init.ProofInputException: Could not find rule file rules/intRulesCheckedSemantics.key)
	at de.uka.ilkd.key.control.AbstractUserInterfaceControl.load(AbstractUserInterfaceControl.java:221)
	at de.uka.ilkd.key.control.KeYEnvironment.load(KeYEnvironment.java:251)
	at de.uka.ilkd.key.control.KeYEnvironment.load(KeYEnvironment.java:224)
	at de.uka.ilkd.key.control.KeYEnvironment.load(KeYEnvironment.java:184)
	at de.uka.ilkd.key.control.KeYEnvironment.load(KeYEnvironment.java:261)
	at de.uka.ilkd.key.proof.runallproofs.proofcollection.TestFile.load(TestFile.java:270)
	at de.uka.ilkd.key.proof.runallproofs.proofcollection.TestFile.runKey(TestFile.java:160)
	at de.uka.ilkd.key.proof.runallproofs.proofcollection.ForkedTestFileRunner.main(ForkedTestFileRunner.java:171)
Caused by: de.uka.ilkd.key.proof.init.ProofInputException: Could not find rule file rules/intRulesCheckedSemantics.key
	at de.uka.ilkd.key.proof.io.KeYFile.readIncludes(KeYFile.java:210)
	at de.uka.ilkd.key.proof.init.ProblemInitializer.readIncludes(ProblemInitializer.java:177)
	at de.uka.ilkd.key.proof.init.ProblemInitializer.readEnvInput(ProblemInitializer.java:325)
	at de.uka.ilkd.key.proof.init.ProblemInitializer.prepare(ProblemInitializer.java:449)
	at de.uka.ilkd.key.proof.io.AbstractProblemLoader.createInitConfig(AbstractProblemLoader.java:518)
	at de.uka.ilkd.key.proof.io.AbstractProblemLoader.loadEnvironment(AbstractProblemLoader.java:288)
	at de.uka.ilkd.key.proof.io.AbstractProblemLoader.load(AbstractProblemLoader.java:252)
	at de.uka.ilkd.key.control.AbstractUserInterfaceControl.load(AbstractUserInterfaceControl.java:209)
	... 7 more
Caused by: java.lang.RuntimeException: Could not find rule file rules/intRulesCheckedSemantics.key
	at de.uka.ilkd.key.proof.io.RuleSourceFactory.fromBuiltInRule(RuleSourceFactory.java:32)
	at de.uka.ilkd.key.proof.io.RuleSourceFactory.fromDefaultLocation(RuleSourceFactory.java:21)
	at de.uka.ilkd.key.nparser.builder.IncludeFinder.addInclude(IncludeFinder.java:63)
	at de.uka.ilkd.key.nparser.builder.IncludeFinder.visitOne_include(IncludeFinder.java:43)
	at de.uka.ilkd.key.nparser.builder.IncludeFinder.visitOne_include(IncludeFinder.java:20)
	at de.uka.ilkd.key.nparser.KeYParser$One_includeContext.accept(KeYParser.java:878)
	at de.uka.ilkd.key.nparser.builder.AbstractBuilder.lambda$mapOf$0(AbstractBuilder.java:112)
	at java.base/java.util.stream.ReferencePipeline$3$1.accept(ReferencePipeline.java:195)
	at java.base/java.util.ArrayList$ArrayListSpliterator.forEachRemaining(ArrayList.java:1655)
	at java.base/java.util.stream.AbstractPipeline.copyInto(AbstractPipeline.java:484)
	at java.base/java.util.stream.AbstractPipeline.wrapAndCopyInto(AbstractPipeline.java:474)
	at java.base/java.util.stream.ReduceOps$ReduceOp.evaluateSequential(ReduceOps.java:913)
	at java.base/java.util.stream.AbstractPipeline.evaluate(AbstractPipeline.java:234)
	at java.base/java.util.stream.ReferencePipeline.collect(ReferencePipeline.java:578)
	at de.uka.ilkd.key.nparser.builder.AbstractBuilder.mapOf(AbstractBuilder.java:112)
	at de.uka.ilkd.key.nparser.builder.IncludeFinder.visitOne_include_statement(IncludeFinder.java:35)
	at de.uka.ilkd.key.nparser.builder.IncludeFinder.visitOne_include_statement(IncludeFinder.java:20)
	at de.uka.ilkd.key.nparser.KeYParser$One_include_statementContext.accept(KeYParser.java:802)
	at org.antlr.v4.runtime.tree.AbstractParseTreeVisitor.visitChildren(AbstractParseTreeVisitor.java:46)
	at de.uka.ilkd.key.nparser.KeYParserBaseVisitor.visitDecls(KeYParserBaseVisitor.java:30)
	at de.uka.ilkd.key.nparser.KeYParser$DeclsContext.accept(KeYParser.java:500)
	at org.antlr.v4.runtime.tree.AbstractParseTreeVisitor.visitChildren(AbstractParseTreeVisitor.java:46)
	at de.uka.ilkd.key.nparser.KeYParserBaseVisitor.visitFile(KeYParserBaseVisitor.java:23)
	at de.uka.ilkd.key.nparser.KeYParser$FileContext.accept(KeYParser.java:306)
	at de.uka.ilkd.key.nparser.KeyAst.accept(KeyAst.java:41)
	at de.uka.ilkd.key.nparser.KeyAst$File.getIncludes(KeyAst.java:76)
	at de.uka.ilkd.key.proof.io.KeYFile.readIncludes(KeYFile.java:208)
	... 14 more
Could not find rule file rules/intRulesCheckedSemantics.key (file: /home/runner/work/key/key/key.core/../key.ui/examples/index/../InformationFlow/ToyBanking/banking_example2.BankAccount(banking_example2.BankAccount__depositMoney(int)).Non-interference contract.0.key; caused by: de.uka.ilkd.key.proof.init.ProofInputException: Could not find rule file rules/intRulesCheckedSemantics.key)
	at de.uka.ilkd.key.control.AbstractUserInterfaceControl.load(AbstractUserInterfaceControl.java:221)
	at de.uka.ilkd.key.control.KeYEnvironment.load(KeYEnvironment.java:251)
	at de.uka.ilkd.key.control.KeYEnvironment.load(KeYEnvironment.java:224)
	at de.uka.ilkd.key.control.KeYEnvironment.load(KeYEnvironment.java:184)
	at de.uka.ilkd.key.control.KeYEnvironment.load(KeYEnvironment.java:261)
	at de.uka.ilkd.key.proof.runallproofs.proofcollection.TestFile.load(TestFile.java:270)
	at de.uka.ilkd.key.proof.runallproofs.proofcollection.TestFile.runKey(TestFile.java:160)
	at de.uka.ilkd.key.proof.runallproofs.proofcollection.ForkedTestFileRunner.main(ForkedTestFileRunner.java:171)
Caused by: de.uka.ilkd.key.proof.init.ProofInputException: Could not find rule file rules/intRulesCheckedSemantics.key
	at de.uka.ilkd.key.proof.io.KeYFile.readIncludes(KeYFile.java:210)
	at de.uka.ilkd.key.proof.init.ProblemInitializer.readIncludes(ProblemInitializer.java:177)
	at de.uka.ilkd.key.proof.init.ProblemInitializer.readEnvInput(ProblemInitializer.java:325)
	at de.uka.ilkd.key.proof.init.ProblemInitializer.prepare(ProblemInitializer.java:449)
	at de.uka.ilkd.key.proof.io.AbstractProblemLoader.createInitConfig(AbstractProblemLoader.java:518)
	at de.uka.ilkd.key.proof.io.AbstractProblemLoader.loadEnvironment(AbstractProblemLoader.java:288)
	at de.uka.ilkd.key.proof.io.AbstractProblemLoader.load(AbstractProblemLoader.java:252)
	at de.uka.ilkd.key.control.AbstractUserInterfaceControl.load(AbstractUserInterfaceControl.java:209)
	... 7 more
Caused by: java.lang.RuntimeException: Could not find rule file rules/intRulesCheckedSemantics.key
	at de.uka.ilkd.key.proof.io.RuleSourceFactory.fromBuiltInRule(RuleSourceFactory.java:32)
	at de.uka.ilkd.key.proof.io.RuleSourceFactory.fromDefaultLocation(RuleSourceFactory.java:21)
	at de.uka.ilkd.key.nparser.builder.IncludeFinder.addInclude(IncludeFinder.java:63)
	at de.uka.ilkd.key.nparser.builder.IncludeFinder.visitOne_include(IncludeFinder.java:43)
	at de.uka.ilkd.key.nparser.builder.IncludeFinder.visitOne_include(IncludeFinder.java:20)
	at de.uka.ilkd.key.nparser.KeYParser$One_includeContext.accept(KeYParser.java:878)
	at de.uka.ilkd.key.nparser.builder.AbstractBuilder.lambda$mapOf$0(AbstractBuilder.java:112)
	at java.base/java.util.stream.ReferencePipeline$3$1.accept(ReferencePipeline.java:195)
	at java.base/java.util.ArrayList$ArrayListSpliterator.forEachRemaining(ArrayList.java:1655)
	at java.base/java.util.stream.AbstractPipeline.copyInto(AbstractPipeline.java:484)
	at java.base/java.util.stream.AbstractPipeline.wrapAndCopyInto(AbstractPipeline.java:474)
	at java.base/java.util.stream.ReduceOps$ReduceOp.evaluateSequential(ReduceOps.java:913)
	at java.base/java.util.stream.AbstractPipeline.evaluate(AbstractPipeline.java:234)
	at java.base/java.util.stream.ReferencePipeline.collect(ReferencePipeline.java:578)
	at de.uka.ilkd.key.nparser.builder.AbstractBuilder.mapOf(AbstractBuilder.java:112)
	at de.uka.ilkd.key.nparser.builder.IncludeFinder.visitOne_include_statement(IncludeFinder.java:35)
	at de.uka.ilkd.key.nparser.builder.IncludeFinder.visitOne_include_statement(IncludeFinder.java:20)
	at de.uka.ilkd.key.nparser.KeYParser$One_include_statementContext.accept(KeYParser.java:802)
	at org.antlr.v4.runtime.tree.AbstractParseTreeVisitor.visitChildren(AbstractParseTreeVisitor.java:46)
	at de.uka.ilkd.key.nparser.KeYParserBaseVisitor.visitDecls(KeYParserBaseVisitor.java:30)
	at de.uka.ilkd.key.nparser.KeYParser$DeclsContext.accept(KeYParser.java:500)
	at org.antlr.v4.runtime.tree.AbstractParseTreeVisitor.visitChildren(AbstractParseTreeVisitor.java:46)
	at de.uka.ilkd.key.nparser.KeYParserBaseVisitor.visitFile(KeYParserBaseVisitor.java:23)
	at de.uka.ilkd.key.nparser.KeYParser$FileContext.accept(KeYParser.java:306)
	at de.uka.ilkd.key.nparser.KeyAst.accept(KeyAst.java:41)
	at de.uka.ilkd.key.nparser.KeyAst$File.getIncludes(KeyAst.java:76)
	at de.uka.ilkd.key.proof.io.KeYFile.readIncludes(KeYFile.java:208)
	... 14 more
Could not find rule file rules/intRulesCheckedSemantics.key (file: /home/runner/work/key/key/key.core/../key.ui/examples/index/../InformationFlow/ToyBanking/banking_example2.BankAccount(banking_example2.BankAccount__getBalance()).Non-interference contract.0.key; caused by: de.uka.ilkd.key.proof.init.ProofInputException: Could not find rule file rules/intRulesCheckedSemantics.key)
	at de.uka.ilkd.key.control.AbstractUserInterfaceControl.load(AbstractUserInterfaceControl.java:221)
	at de.uka.ilkd.key.control.KeYEnvironment.load(KeYEnvironment.java:251)
	at de.uka.ilkd.key.control.KeYEnvironment.load(KeYEnvironment.java:224)
	at de.uka.ilkd.key.control.KeYEnvironment.load(KeYEnvironment.java:184)
	at de.uka.ilkd.key.control.KeYEnvironment.load(KeYEnvironment.java:261)
	at de.uka.ilkd.key.proof.runallproofs.proofcollection.TestFile.load(TestFile.java:270)
	at de.uka.ilkd.key.proof.runallproofs.proofcollection.TestFile.runKey(TestFile.java:160)
	at de.uka.ilkd.key.proof.runallproofs.proofcollection.ForkedTestFileRunner.main(ForkedTestFileRunner.java:171)
Caused by: de.uka.ilkd.key.proof.init.ProofInputException: Could not find rule file rules/intRulesCheckedSemantics.key
	at de.uka.ilkd.key.proof.io.KeYFile.readIncludes(KeYFile.java:210)
	at de.uka.ilkd.key.proof.init.ProblemInitializer.readIncludes(ProblemInitializer.java:177)
	at de.uka.ilkd.key.proof.init.ProblemInitializer.readEnvInput(ProblemInitializer.java:325)
	at de.uka.ilkd.key.proof.init.ProblemInitializer.prepare(ProblemInitializer.java:449)
	at de.uka.ilkd.key.proof.io.AbstractProblemLoader.createInitConfig(AbstractProblemLoader.java:518)
	at de.uka.ilkd.key.proof.io.AbstractProblemLoader.loadEnvironment(AbstractProblemLoader.java:288)
	at de.uka.ilkd.key.proof.io.AbstractProblemLoader.load(AbstractProblemLoader.java:252)
	at de.uka.ilkd.key.control.AbstractUserInterfaceControl.load(AbstractUserInterfaceControl.java:209)
	... 7 more
Caused by: java.lang.RuntimeException: Could not find rule file rules/intRulesCheckedSemantics.key
	at de.uka.ilkd.key.proof.io.RuleSourceFactory.fromBuiltInRule(RuleSourceFactory.java:32)
	at de.uka.ilkd.key.proof.io.RuleSourceFactory.fromDefaultLocation(RuleSourceFactory.java:21)
	at de.uka.ilkd.key.nparser.builder.IncludeFinder.addInclude(IncludeFinder.java:63)
	at de.uka.ilkd.key.nparser.builder.IncludeFinder.visitOne_include(IncludeFinder.java:43)
	at de.uka.ilkd.key.nparser.builder.IncludeFinder.visitOne_include(IncludeFinder.java:20)
	at de.uka.ilkd.key.nparser.KeYParser$One_includeContext.accept(KeYParser.java:878)
	at de.uka.ilkd.key.nparser.builder.AbstractBuilder.lambda$mapOf$0(AbstractBuilder.java:112)
	at java.base/java.util.stream.ReferencePipeline$3$1.accept(ReferencePipeline.java:195)
	at java.base/java.util.ArrayList$ArrayListSpliterator.forEachRemaining(ArrayList.java:1655)
	at java.base/java.util.stream.AbstractPipeline.copyInto(AbstractPipeline.java:484)
	at java.base/java.util.stream.AbstractPipeline.wrapAndCopyInto(AbstractPipeline.java:474)
	at java.base/java.util.stream.ReduceOps$ReduceOp.evaluateSequential(ReduceOps.java:913)
	at java.base/java.util.stream.AbstractPipeline.evaluate(AbstractPipeline.java:234)
	at java.base/java.util.stream.ReferencePipeline.collect(ReferencePipeline.java:578)
	at de.uka.ilkd.key.nparser.builder.AbstractBuilder.mapOf(AbstractBuilder.java:112)
	at de.uka.ilkd.key.nparser.builder.IncludeFinder.visitOne_include_statement(IncludeFinder.java:35)
	at de.uka.ilkd.key.nparser.builder.IncludeFinder.visitOne_include_statement(IncludeFinder.java:20)
	at de.uka.ilkd.key.nparser.KeYParser$One_include_statementContext.accept(KeYParser.java:802)
	at org.antlr.v4.runtime.tree.AbstractParseTreeVisitor.visitChildren(AbstractParseTreeVisitor.java:46)
	at de.uka.ilkd.key.nparser.KeYParserBaseVisitor.visitDecls(KeYParserBaseVisitor.java:30)
	at de.uka.ilkd.key.nparser.KeYParser$DeclsContext.accept(KeYParser.java:500)
	at org.antlr.v4.runtime.tree.AbstractParseTreeVisitor.visitChildren(AbstractParseTreeVisitor.java:46)
	at de.uka.ilkd.key.nparser.KeYParserBaseVisitor.visitFile(KeYParserBaseVisitor.java:23)
	at de.uka.ilkd.key.nparser.KeYParser$FileContext.accept(KeYParser.java:306)
	at de.uka.ilkd.key.nparser.KeyAst.accept(KeyAst.java:41)
	at de.uka.ilkd.key.nparser.KeyAst$File.getIncludes(KeyAst.java:76)
	at de.uka.ilkd.key.proof.io.KeYFile.readIncludes(KeYFile.java:208)
	... 14 more
Could not find rule file rules/intRulesCheckedSemantics.key (file: /home/runner/work/key/key/key.core/../key.ui/examples/index/../InformationFlow/ToyBanking/banking_example2.BankAccount(banking_example2.BankAccount__getId()).Non-interference contract.0.key; caused by: de.uka.ilkd.key.proof.init.ProofInputException: Could not find rule file rules/intRulesCheckedSemantics.key)
	at de.uka.ilkd.key.control.AbstractUserInterfaceControl.load(AbstractUserInterfaceControl.java:221)
	at de.uka.ilkd.key.control.KeYEnvironment.load(KeYEnvironment.java:251)
	at de.uka.ilkd.key.control.KeYEnvironment.load(KeYEnvironment.java:224)
	at de.uka.ilkd.key.control.KeYEnvironment.load(KeYEnvironment.java:184)
	at de.uka.ilkd.key.control.KeYEnvironment.load(KeYEnvironment.java:261)
	at de.uka.ilkd.key.proof.runallproofs.proofcollection.TestFile.load(TestFile.java:270)
	at de.uka.ilkd.key.proof.runallproofs.proofcollection.TestFile.runKey(TestFile.java:160)
	at de.uka.ilkd.key.proof.runallproofs.proofcollection.ForkedTestFileRunner.main(ForkedTestFileRunner.java:171)
Caused by: de.uka.ilkd.key.proof.init.ProofInputException: Could not find rule file rules/intRulesCheckedSemantics.key
	at de.uka.ilkd.key.proof.io.KeYFile.readIncludes(KeYFile.java:210)
	at de.uka.ilkd.key.proof.init.ProblemInitializer.readIncludes(ProblemInitializer.java:177)
	at de.uka.ilkd.key.proof.init.ProblemInitializer.readEnvInput(ProblemInitializer.java:325)
	at de.uka.ilkd.key.proof.init.ProblemInitializer.prepare(ProblemInitializer.java:449)
	at de.uka.ilkd.key.proof.io.AbstractProblemLoader.createInitConfig(AbstractProblemLoader.java:518)
	at de.uka.ilkd.key.proof.io.AbstractProblemLoader.loadEnvironment(AbstractProblemLoader.java:288)
	at de.uka.ilkd.key.proof.io.AbstractProblemLoader.load(AbstractProblemLoader.java:252)
	at de.uka.ilkd.key.control.AbstractUserInterfaceControl.load(AbstractUserInterfaceControl.java:209)
	... 7 more
Caused by: java.lang.RuntimeException: Could not find rule file rules/intRulesCheckedSemantics.key
	at de.uka.ilkd.key.proof.io.RuleSourceFactory.fromBuiltInRule(RuleSourceFactory.java:32)
	at de.uka.ilkd.key.proof.io.RuleSourceFactory.fromDefaultLocation(RuleSourceFactory.java:21)
	at de.uka.ilkd.key.nparser.builder.IncludeFinder.addInclude(IncludeFinder.java:63)
	at de.uka.ilkd.key.nparser.builder.IncludeFinder.visitOne_include(IncludeFinder.java:43)
	at de.uka.ilkd.key.nparser.builder.IncludeFinder.visitOne_include(IncludeFinder.java:20)
	at de.uka.ilkd.key.nparser.KeYParser$One_includeContext.accept(KeYParser.java:878)
	at de.uka.ilkd.key.nparser.builder.AbstractBuilder.lambda$mapOf$0(AbstractBuilder.java:112)
	at java.base/java.util.stream.ReferencePipeline$3$1.accept(ReferencePipeline.java:195)
	at java.base/java.util.ArrayList$ArrayListSpliterator.forEachRemaining(ArrayList.java:1655)
	at java.base/java.util.stream.AbstractPipeline.copyInto(AbstractPipeline.java:484)
	at java.base/java.util.stream.AbstractPipeline.wrapAndCopyInto(AbstractPipeline.java:474)
	at java.base/java.util.stream.ReduceOps$ReduceOp.evaluateSequential(ReduceOps.java:913)
	at java.base/java.util.stream.AbstractPipeline.evaluate(AbstractPipeline.java:234)
	at java.base/java.util.stream.ReferencePipeline.collect(ReferencePipeline.java:578)
	at de.uka.ilkd.key.nparser.builder.AbstractBuilder.mapOf(AbstractBuilder.java:112)
	at de.uka.ilkd.key.nparser.builder.IncludeFinder.visitOne_include_statement(IncludeFinder.java:35)
	at de.uka.ilkd.key.nparser.builder.IncludeFinder.visitOne_include_statement(IncludeFinder.java:20)
	at de.uka.ilkd.key.nparser.KeYParser$One_include_statementContext.accept(KeYParser.java:802)
	at org.antlr.v4.runtime.tree.AbstractParseTreeVisitor.visitChildren(AbstractParseTreeVisitor.java:46)
	at de.uka.ilkd.key.nparser.KeYParserBaseVisitor.visitDecls(KeYParserBaseVisitor.java:30)
	at de.uka.ilkd.key.nparser.KeYParser$DeclsContext.accept(KeYParser.java:500)
	at org.antlr.v4.runtime.tree.AbstractParseTreeVisitor.visitChildren(AbstractParseTreeVisitor.java:46)
	at de.uka.ilkd.key.nparser.KeYParserBaseVisitor.visitFile(KeYParserBaseVisitor.java:23)
	at de.uka.ilkd.key.nparser.KeYParser$FileContext.accept(KeYParser.java:306)
	at de.uka.ilkd.key.nparser.KeyAst.accept(KeyAst.java:41)
	at de.uka.ilkd.key.nparser.KeyAst$File.getIncludes(KeyAst.java:76)
	at de.uka.ilkd.key.proof.io.KeYFile.readIncludes(KeYFile.java:208)
	... 14 more
Exception in thread "main" org.opentest4j.AssertionFailedError: Exception during the execution of proofs. See log for more details.
	at org.junit.jupiter.api.AssertionUtils.fail(AssertionUtils.java:39)
	at org.junit.jupiter.api.Assertions.fail(Assertions.java:134)
	at de.uka.ilkd.key.proof.runallproofs.proofcollection.ForkedTestFileRunner.main(ForkedTestFileRunner.java:192)
Timeout watcher launched (1000 secs.)
Could not find rule file rules/intRulesCheckedSemantics.key (file: /home/runner/work/key/key/key.core/../key.ui/examples/index/../InformationFlow/BlockContracts/contract.IFBlockExamples(contract.IFBlockExamples__secure_5()).Non-interference contract.0.key; caused by: de.uka.ilkd.key.proof.init.ProofInputException: Could not find rule file rules/intRulesCheckedSemantics.key)
	at de.uka.ilkd.key.control.AbstractUserInterfaceControl.load(AbstractUserInterfaceControl.java:221)
	at de.uka.ilkd.key.control.KeYEnvironment.load(KeYEnvironment.java:251)
	at de.uka.ilkd.key.control.KeYEnvironment.load(KeYEnvironment.java:224)
	at de.uka.ilkd.key.control.KeYEnvironment.load(KeYEnvironment.java:184)
	at de.uka.ilkd.key.control.KeYEnvironment.load(KeYEnvironment.java:261)
	at de.uka.ilkd.key.proof.runallproofs.proofcollection.TestFile.load(TestFile.java:270)
	at de.uka.ilkd.key.proof.runallproofs.proofcollection.TestFile.runKey(TestFile.java:160)
	at de.uka.ilkd.key.proof.runallproofs.proofcollection.ForkedTestFileRunner.main(ForkedTestFileRunner.java:171)
Caused by: de.uka.ilkd.key.proof.init.ProofInputException: Could not find rule file rules/intRulesCheckedSemantics.key
	at de.uka.ilkd.key.proof.io.KeYFile.readIncludes(KeYFile.java:210)
	at de.uka.ilkd.key.proof.init.ProblemInitializer.readIncludes(ProblemInitializer.java:177)
	at de.uka.ilkd.key.proof.init.ProblemInitializer.readEnvInput(ProblemInitializer.java:325)
	at de.uka.ilkd.key.proof.init.ProblemInitializer.prepare(ProblemInitializer.java:449)
	at de.uka.ilkd.key.proof.io.AbstractProblemLoader.createInitConfig(AbstractProblemLoader.java:518)
	at de.uka.ilkd.key.proof.io.AbstractProblemLoader.loadEnvironment(AbstractProblemLoader.java:288)
	at de.uka.ilkd.key.proof.io.AbstractProblemLoader.load(AbstractProblemLoader.java:252)
	at de.uka.ilkd.key.control.AbstractUserInterfaceControl.load(AbstractUserInterfaceControl.java:209)
	... 7 more
Caused by: java.lang.RuntimeException: Could not find rule file rules/intRulesCheckedSemantics.key
	at de.uka.ilkd.key.proof.io.RuleSourceFactory.fromBuiltInRule(RuleSourceFactory.java:32)
	at de.uka.ilkd.key.proof.io.RuleSourceFactory.fromDefaultLocation(RuleSourceFactory.java:21)
	at de.uka.ilkd.key.nparser.builder.IncludeFinder.addInclude(IncludeFinder.java:63)
	at de.uka.ilkd.key.nparser.builder.IncludeFinder.visitOne_include(IncludeFinder.java:43)
	at de.uka.ilkd.key.nparser.builder.IncludeFinder.visitOne_include(IncludeFinder.java:20)
	at de.uka.ilkd.key.nparser.KeYParser$One_includeContext.accept(KeYParser.java:878)
	at de.uka.ilkd.key.nparser.builder.AbstractBuilder.lambda$mapOf$0(AbstractBuilder.java:112)
	at java.base/java.util.stream.ReferencePipeline$3$1.accept(ReferencePipeline.java:195)
	at java.base/java.util.ArrayList$ArrayListSpliterator.forEachRemaining(ArrayList.java:1655)
	at java.base/java.util.stream.AbstractPipeline.copyInto(AbstractPipeline.java:484)
	at java.base/java.util.stream.AbstractPipeline.wrapAndCopyInto(AbstractPipeline.java:474)
	at java.base/java.util.stream.ReduceOps$ReduceOp.evaluateSequential(ReduceOps.java:913)
	at java.base/java.util.stream.AbstractPipeline.evaluate(AbstractPipeline.java:234)
	at java.base/java.util.stream.ReferencePipeline.collect(ReferencePipeline.java:578)
	at de.uka.ilkd.key.nparser.builder.AbstractBuilder.mapOf(AbstractBuilder.java:112)
	at de.uka.ilkd.key.nparser.builder.IncludeFinder.visitOne_include_statement(IncludeFinder.java:35)
	at de.uka.ilkd.key.nparser.builder.IncludeFinder.visitOne_include_statement(IncludeFinder.java:20)
	at de.uka.ilkd.key.nparser.KeYParser$One_include_statementContext.accept(KeYParser.java:802)
	at org.antlr.v4.runtime.tree.AbstractParseTreeVisitor.visitChildren(AbstractParseTreeVisitor.java:46)
	at de.uka.ilkd.key.nparser.KeYParserBaseVisitor.visitDecls(KeYParserBaseVisitor.java:30)
	at de.uka.ilkd.key.nparser.KeYParser$DeclsContext.accept(KeYParser.java:500)
	at org.antlr.v4.runtime.tree.AbstractParseTreeVisitor.visitChildren(AbstractParseTreeVisitor.java:46)
	at de.uka.ilkd.key.nparser.KeYParserBaseVisitor.visitFile(KeYParserBaseVisitor.java:23)
	at de.uka.ilkd.key.nparser.KeYParser$FileContext.accept(KeYParser.java:306)
	at de.uka.ilkd.key.nparser.KeyAst.accept(KeyAst.java:41)
	at de.uka.ilkd.key.nparser.KeyAst$File.getIncludes(KeyAst.java:76)
	at de.uka.ilkd.key.proof.io.KeYFile.readIncludes(KeYFile.java:208)
	... 14 more
Could not find rule file rules/intRulesCheckedSemantics.key (file: /home/runner/work/key/key/key.core/../key.ui/examples/index/../InformationFlow/BlockContracts/contract.IFBlockExamples(contract.IFBlockExamples__block_no_return_secure(int)).Non-interference contract.0.key; caused by: de.uka.ilkd.key.proof.init.ProofInputException: Could not find rule file rules/intRulesCheckedSemantics.key)
	at de.uka.ilkd.key.control.AbstractUserInterfaceControl.load(AbstractUserInterfaceControl.java:221)
	at de.uka.ilkd.key.control.KeYEnvironment.load(KeYEnvironment.java:251)
	at de.uka.ilkd.key.control.KeYEnvironment.load(KeYEnvironment.java:224)
	at de.uka.ilkd.key.control.KeYEnvironment.load(KeYEnvironment.java:184)
	at de.uka.ilkd.key.control.KeYEnvironment.load(KeYEnvironment.java:261)
	at de.uka.ilkd.key.proof.runallproofs.proofcollection.TestFile.load(TestFile.java:270)
	at de.uka.ilkd.key.proof.runallproofs.proofcollection.TestFile.runKey(TestFile.java:160)
	at de.uka.ilkd.key.proof.runallproofs.proofcollection.ForkedTestFileRunner.main(ForkedTestFileRunner.java:171)
Caused by: de.uka.ilkd.key.proof.init.ProofInputException: Could not find rule file rules/intRulesCheckedSemantics.key
	at de.uka.ilkd.key.proof.io.KeYFile.readIncludes(KeYFile.java:210)
	at de.uka.ilkd.key.proof.init.ProblemInitializer.readIncludes(ProblemInitializer.java:177)
	at de.uka.ilkd.key.proof.init.ProblemInitializer.readEnvInput(ProblemInitializer.java:325)
	at de.uka.ilkd.key.proof.init.ProblemInitializer.prepare(ProblemInitializer.java:449)
	at de.uka.ilkd.key.proof.io.AbstractProblemLoader.createInitConfig(AbstractProblemLoader.java:518)
	at de.uka.ilkd.key.proof.io.AbstractProblemLoader.loadEnvironment(AbstractProblemLoader.java:288)
	at de.uka.ilkd.key.proof.io.AbstractProblemLoader.load(AbstractProblemLoader.java:252)
	at de.uka.ilkd.key.control.AbstractUserInterfaceControl.load(AbstractUserInterfaceControl.java:209)
	... 7 more
Caused by: java.lang.RuntimeException: Could not find rule file rules/intRulesCheckedSemantics.key
	at de.uka.ilkd.key.proof.io.RuleSourceFactory.fromBuiltInRule(RuleSourceFactory.java:32)
	at de.uka.ilkd.key.proof.io.RuleSourceFactory.fromDefaultLocation(RuleSourceFactory.java:21)
	at de.uka.ilkd.key.nparser.builder.IncludeFinder.addInclude(IncludeFinder.java:63)
	at de.uka.ilkd.key.nparser.builder.IncludeFinder.visitOne_include(IncludeFinder.java:43)
	at de.uka.ilkd.key.nparser.builder.IncludeFinder.visitOne_include(IncludeFinder.java:20)
	at de.uka.ilkd.key.nparser.KeYParser$One_includeContext.accept(KeYParser.java:878)
	at de.uka.ilkd.key.nparser.builder.AbstractBuilder.lambda$mapOf$0(AbstractBuilder.java:112)
	at java.base/java.util.stream.ReferencePipeline$3$1.accept(ReferencePipeline.java:195)
	at java.base/java.util.ArrayList$ArrayListSpliterator.forEachRemaining(ArrayList.java:1655)
	at java.base/java.util.stream.AbstractPipeline.copyInto(AbstractPipeline.java:484)
	at java.base/java.util.stream.AbstractPipeline.wrapAndCopyInto(AbstractPipeline.java:474)
	at java.base/java.util.stream.ReduceOps$ReduceOp.evaluateSequential(ReduceOps.java:913)
	at java.base/java.util.stream.AbstractPipeline.evaluate(AbstractPipeline.java:234)
	at java.base/java.util.stream.ReferencePipeline.collect(ReferencePipeline.java:578)
	at de.uka.ilkd.key.nparser.builder.AbstractBuilder.mapOf(AbstractBuilder.java:112)
	at de.uka.ilkd.key.nparser.builder.IncludeFinder.visitOne_include_statement(IncludeFinder.java:35)
	at de.uka.ilkd.key.nparser.builder.IncludeFinder.visitOne_include_statement(IncludeFinder.java:20)
	at de.uka.ilkd.key.nparser.KeYParser$One_include_statementContext.accept(KeYParser.java:802)
	at org.antlr.v4.runtime.tree.AbstractParseTreeVisitor.visitChildren(AbstractParseTreeVisitor.java:46)
	at de.uka.ilkd.key.nparser.KeYParserBaseVisitor.visitDecls(KeYParserBaseVisitor.java:30)
	at de.uka.ilkd.key.nparser.KeYParser$DeclsContext.accept(KeYParser.java:500)
	at org.antlr.v4.runtime.tree.AbstractParseTreeVisitor.visitChildren(AbstractParseTreeVisitor.java:46)
	at de.uka.ilkd.key.nparser.KeYParserBaseVisitor.visitFile(KeYParserBaseVisitor.java:23)
	at de.uka.ilkd.key.nparser.KeYParser$FileContext.accept(KeYParser.java:306)
	at de.uka.ilkd.key.nparser.KeyAst.accept(KeyAst.java:41)
	at de.uka.ilkd.key.nparser.KeyAst$File.getIncludes(KeyAst.java:76)
	at de.uka.ilkd.key.proof.io.KeYFile.readIncludes(KeYFile.java:208)
	... 14 more
Could not find rule file rules/intRulesCheckedSemantics.key (file: /home/runner/work/key/key/key.core/../key.ui/examples/index/../InformationFlow/BlockContracts/contract.IFBlockExamples(contract.IFBlockExamples__while_block_insecure(int)).Non-interference contract.0.key; caused by: de.uka.ilkd.key.proof.init.ProofInputException: Could not find rule file rules/intRulesCheckedSemantics.key)
	at de.uka.ilkd.key.control.AbstractUserInterfaceControl.load(AbstractUserInterfaceControl.java:221)
	at de.uka.ilkd.key.control.KeYEnvironment.load(KeYEnvironment.java:251)
	at de.uka.ilkd.key.control.KeYEnvironment.load(KeYEnvironment.java:224)
	at de.uka.ilkd.key.control.KeYEnvironment.load(KeYEnvironment.java:184)
	at de.uka.ilkd.key.control.KeYEnvironment.load(KeYEnvironment.java:261)
	at de.uka.ilkd.key.proof.runallproofs.proofcollection.TestFile.load(TestFile.java:270)
	at de.uka.ilkd.key.proof.runallproofs.proofcollection.TestFile.runKey(TestFile.java:160)
	at de.uka.ilkd.key.proof.runallproofs.proofcollection.ForkedTestFileRunner.main(ForkedTestFileRunner.java:171)
Caused by: de.uka.ilkd.key.proof.init.ProofInputException: Could not find rule file rules/intRulesCheckedSemantics.key
	at de.uka.ilkd.key.proof.io.KeYFile.readIncludes(KeYFile.java:210)
	at de.uka.ilkd.key.proof.init.ProblemInitializer.readIncludes(ProblemInitializer.java:177)
	at de.uka.ilkd.key.proof.init.ProblemInitializer.readEnvInput(ProblemInitializer.java:325)
	at de.uka.ilkd.key.proof.init.ProblemInitializer.prepare(ProblemInitializer.java:449)
	at de.uka.ilkd.key.proof.io.AbstractProblemLoader.createInitConfig(AbstractProblemLoader.java:518)
	at de.uka.ilkd.key.proof.io.AbstractProblemLoader.loadEnvironment(AbstractProblemLoader.java:288)
	at de.uka.ilkd.key.proof.io.AbstractProblemLoader.load(AbstractProblemLoader.java:252)
	at de.uka.ilkd.key.control.AbstractUserInterfaceControl.load(AbstractUserInterfaceControl.java:209)
	... 7 more
Caused by: java.lang.RuntimeException: Could not find rule file rules/intRulesCheckedSemantics.key
	at de.uka.ilkd.key.proof.io.RuleSourceFactory.fromBuiltInRule(RuleSourceFactory.java:32)
	at de.uka.ilkd.key.proof.io.RuleSourceFactory.fromDefaultLocation(RuleSourceFactory.java:21)
	at de.uka.ilkd.key.nparser.builder.IncludeFinder.addInclude(IncludeFinder.java:63)
	at de.uka.ilkd.key.nparser.builder.IncludeFinder.visitOne_include(IncludeFinder.java:43)
	at de.uka.ilkd.key.nparser.builder.IncludeFinder.visitOne_include(IncludeFinder.java:20)
	at de.uka.ilkd.key.nparser.KeYParser$One_includeContext.accept(KeYParser.java:878)
	at de.uka.ilkd.key.nparser.builder.AbstractBuilder.lambda$mapOf$0(AbstractBuilder.java:112)
	at java.base/java.util.stream.ReferencePipeline$3$1.accept(ReferencePipeline.java:195)
	at java.base/java.util.ArrayList$ArrayListSpliterator.forEachRemaining(ArrayList.java:1655)
	at java.base/java.util.stream.AbstractPipeline.copyInto(AbstractPipeline.java:484)
	at java.base/java.util.stream.AbstractPipeline.wrapAndCopyInto(AbstractPipeline.java:474)
	at java.base/java.util.stream.ReduceOps$ReduceOp.evaluateSequential(ReduceOps.java:913)
	at java.base/java.util.stream.AbstractPipeline.evaluate(AbstractPipeline.java:234)
	at java.base/java.util.stream.ReferencePipeline.collect(ReferencePipeline.java:578)
	at de.uka.ilkd.key.nparser.builder.AbstractBuilder.mapOf(AbstractBuilder.java:112)
	at de.uka.ilkd.key.nparser.builder.IncludeFinder.visitOne_include_statement(IncludeFinder.java:35)
	at de.uka.ilkd.key.nparser.builder.IncludeFinder.visitOne_include_statement(IncludeFinder.java:20)
	at de.uka.ilkd.key.nparser.KeYParser$One_include_statementContext.accept(KeYParser.java:802)
	at org.antlr.v4.runtime.tree.AbstractParseTreeVisitor.visitChildren(AbstractParseTreeVisitor.java:46)
	at de.uka.ilkd.key.nparser.KeYParserBaseVisitor.visitDecls(KeYParserBaseVisitor.java:30)
	at de.uka.ilkd.key.nparser.KeYParser$DeclsContext.accept(KeYParser.java:500)
	at org.antlr.v4.runtime.tree.AbstractParseTreeVisitor.visitChildren(AbstractParseTreeVisitor.java:46)
	at de.uka.ilkd.key.nparser.KeYParserBaseVisitor.visitFile(KeYParserBaseVisitor.java:23)
	at de.uka.ilkd.key.nparser.KeYParser$FileContext.accept(KeYParser.java:306)
	at de.uka.ilkd.key.nparser.KeyAst.accept(KeyAst.java:41)
	at de.uka.ilkd.key.nparser.KeyAst$File.getIncludes(KeyAst.java:76)
	at de.uka.ilkd.key.proof.io.KeYFile.readIncludes(KeYFile.java:208)
	... 14 more
Could not find rule file rules/intRulesCheckedSemantics.key (file: /home/runner/work/key/key/key.core/../key.ui/examples/index/../InformationFlow/BlockContracts/contract.IFBlockExamples(contract.IFBlockExamples__while_block_secure(int)).Non-interference contract.0.key; caused by: de.uka.ilkd.key.proof.init.ProofInputException: Could not find rule file rules/intRulesCheckedSemantics.key)
	at de.uka.ilkd.key.control.AbstractUserInterfaceControl.load(AbstractUserInterfaceControl.java:221)
	at de.uka.ilkd.key.control.KeYEnvironment.load(KeYEnvironment.java:251)
	at de.uka.ilkd.key.control.KeYEnvironment.load(KeYEnvironment.java:224)
	at de.uka.ilkd.key.control.KeYEnvironment.load(KeYEnvironment.java:184)
	at de.uka.ilkd.key.control.KeYEnvironment.load(KeYEnvironment.java:261)
	at de.uka.ilkd.key.proof.runallproofs.proofcollection.TestFile.load(TestFile.java:270)
	at de.uka.ilkd.key.proof.runallproofs.proofcollection.TestFile.runKey(TestFile.java:160)
	at de.uka.ilkd.key.proof.runallproofs.proofcollection.ForkedTestFileRunner.main(ForkedTestFileRunner.java:171)
Caused by: de.uka.ilkd.key.proof.init.ProofInputException: Could not find rule file rules/intRulesCheckedSemantics.key
	at de.uka.ilkd.key.proof.io.KeYFile.readIncludes(KeYFile.java:210)
	at de.uka.ilkd.key.proof.init.ProblemInitializer.readIncludes(ProblemInitializer.java:177)
	at de.uka.ilkd.key.proof.init.ProblemInitializer.readEnvInput(ProblemInitializer.java:325)
	at de.uka.ilkd.key.proof.init.ProblemInitializer.prepare(ProblemInitializer.java:449)
	at de.uka.ilkd.key.proof.io.AbstractProblemLoader.createInitConfig(AbstractProblemLoader.java:518)
	at de.uka.ilkd.key.proof.io.AbstractProblemLoader.loadEnvironment(AbstractProblemLoader.java:288)
	at de.uka.ilkd.key.proof.io.AbstractProblemLoader.load(AbstractProblemLoader.java:252)
	at de.uka.ilkd.key.control.AbstractUserInterfaceControl.load(AbstractUserInterfaceControl.java:209)
	... 7 more
Caused by: java.lang.RuntimeException: Could not find rule file rules/intRulesCheckedSemantics.key
	at de.uka.ilkd.key.proof.io.RuleSourceFactory.fromBuiltInRule(RuleSourceFactory.java:32)
	at de.uka.ilkd.key.proof.io.RuleSourceFactory.fromDefaultLocation(RuleSourceFactory.java:21)
	at de.uka.ilkd.key.nparser.builder.IncludeFinder.addInclude(IncludeFinder.java:63)
	at de.uka.ilkd.key.nparser.builder.IncludeFinder.visitOne_include(IncludeFinder.java:43)
	at de.uka.ilkd.key.nparser.builder.IncludeFinder.visitOne_include(IncludeFinder.java:20)
	at de.uka.ilkd.key.nparser.KeYParser$One_includeContext.accept(KeYParser.java:878)
	at de.uka.ilkd.key.nparser.builder.AbstractBuilder.lambda$mapOf$0(AbstractBuilder.java:112)
	at java.base/java.util.stream.ReferencePipeline$3$1.accept(ReferencePipeline.java:195)
	at java.base/java.util.ArrayList$ArrayListSpliterator.forEachRemaining(ArrayList.java:1655)
	at java.base/java.util.stream.AbstractPipeline.copyInto(AbstractPipeline.java:484)
	at java.base/java.util.stream.AbstractPipeline.wrapAndCopyInto(AbstractPipeline.java:474)
	at java.base/java.util.stream.ReduceOps$ReduceOp.evaluateSequential(ReduceOps.java:913)
	at java.base/java.util.stream.AbstractPipeline.evaluate(AbstractPipeline.java:234)
	at java.base/java.util.stream.ReferencePipeline.collect(ReferencePipeline.java:578)
	at de.uka.ilkd.key.nparser.builder.AbstractBuilder.mapOf(AbstractBuilder.java:112)
	at de.uka.ilkd.key.nparser.builder.IncludeFinder.visitOne_include_statement(IncludeFinder.java:35)
	at de.uka.ilkd.key.nparser.builder.IncludeFinder.visitOne_include_statement(IncludeFinder.java:20)
	at de.uka.ilkd.key.nparser.KeYParser$One_include_statementContext.accept(KeYParser.java:802)
	at org.antlr.v4.runtime.tree.AbstractParseTreeVisitor.visitChildren(AbstractParseTreeVisitor.java:46)
	at de.uka.ilkd.key.nparser.KeYParserBaseVisitor.visitDecls(KeYParserBaseVisitor.java:30)
	at de.uka.ilkd.key.nparser.KeYParser$DeclsContext.accept(KeYParser.java:500)
	at org.antlr.v4.runtime.tree.AbstractParseTreeVisitor.visitChildren(AbstractParseTreeVisitor.java:46)
	at de.uka.ilkd.key.nparser.KeYParserBaseVisitor.visitFile(KeYParserBaseVisitor.java:23)
	at de.uka.ilkd.key.nparser.KeYParser$FileContext.accept(KeYParser.java:306)
	at de.uka.ilkd.key.nparser.KeyAst.accept(KeyAst.java:41)
	at de.uka.ilkd.key.nparser.KeyAst$File.getIncludes(KeyAst.java:76)
	at de.uka.ilkd.key.proof.io.KeYFile.readIncludes(KeYFile.java:208)
	... 14 more
Could not find rule file rules/intRulesCheckedSemantics.key (file: /home/runner/work/key/key/key.core/../key.ui/examples/index/../InformationFlow/BlockContracts/contract.IFBlockExamples(contract.IFBlockExamples__block_while_secure(int)).Non-interference contract.0.key; caused by: de.uka.ilkd.key.proof.init.ProofInputException: Could not find rule file rules/intRulesCheckedSemantics.key)
	at de.uka.ilkd.key.control.AbstractUserInterfaceControl.load(AbstractUserInterfaceControl.java:221)
	at de.uka.ilkd.key.control.KeYEnvironment.load(KeYEnvironment.java:251)
	at de.uka.ilkd.key.control.KeYEnvironment.load(KeYEnvironment.java:224)
	at de.uka.ilkd.key.control.KeYEnvironment.load(KeYEnvironment.java:184)
	at de.uka.ilkd.key.control.KeYEnvironment.load(KeYEnvironment.java:261)
	at de.uka.ilkd.key.proof.runallproofs.proofcollection.TestFile.load(TestFile.java:270)
	at de.uka.ilkd.key.proof.runallproofs.proofcollection.TestFile.runKey(TestFile.java:160)
	at de.uka.ilkd.key.proof.runallproofs.proofcollection.ForkedTestFileRunner.main(ForkedTestFileRunner.java:171)
Caused by: de.uka.ilkd.key.proof.init.ProofInputException: Could not find rule file rules/intRulesCheckedSemantics.key
	at de.uka.ilkd.key.proof.io.KeYFile.readIncludes(KeYFile.java:210)
	at de.uka.ilkd.key.proof.init.ProblemInitializer.readIncludes(ProblemInitializer.java:177)
	at de.uka.ilkd.key.proof.init.ProblemInitializer.readEnvInput(ProblemInitializer.java:325)
	at de.uka.ilkd.key.proof.init.ProblemInitializer.prepare(ProblemInitializer.java:449)
	at de.uka.ilkd.key.proof.io.AbstractProblemLoader.createInitConfig(AbstractProblemLoader.java:518)
	at de.uka.ilkd.key.proof.io.AbstractProblemLoader.loadEnvironment(AbstractProblemLoader.java:288)
	at de.uka.ilkd.key.proof.io.AbstractProblemLoader.load(AbstractProblemLoader.java:252)
	at de.uka.ilkd.key.control.AbstractUserInterfaceControl.load(AbstractUserInterfaceControl.java:209)
	... 7 more
Caused by: java.lang.RuntimeException: Could not find rule file rules/intRulesCheckedSemantics.key
	at de.uka.ilkd.key.proof.io.RuleSourceFactory.fromBuiltInRule(RuleSourceFactory.java:32)
	at de.uka.ilkd.key.proof.io.RuleSourceFactory.fromDefaultLocation(RuleSourceFactory.java:21)
	at de.uka.ilkd.key.nparser.builder.IncludeFinder.addInclude(IncludeFinder.java:63)
	at de.uka.ilkd.key.nparser.builder.IncludeFinder.visitOne_include(IncludeFinder.java:43)
	at de.uka.ilkd.key.nparser.builder.IncludeFinder.visitOne_include(IncludeFinder.java:20)
	at de.uka.ilkd.key.nparser.KeYParser$One_includeContext.accept(KeYParser.java:878)
	at de.uka.ilkd.key.nparser.builder.AbstractBuilder.lambda$mapOf$0(AbstractBuilder.java:112)
	at java.base/java.util.stream.ReferencePipeline$3$1.accept(ReferencePipeline.java:195)
	at java.base/java.util.ArrayList$ArrayListSpliterator.forEachRemaining(ArrayList.java:1655)
	at java.base/java.util.stream.AbstractPipeline.copyInto(AbstractPipeline.java:484)
	at java.base/java.util.stream.AbstractPipeline.wrapAndCopyInto(AbstractPipeline.java:474)
	at java.base/java.util.stream.ReduceOps$ReduceOp.evaluateSequential(ReduceOps.java:913)
	at java.base/java.util.stream.AbstractPipeline.evaluate(AbstractPipeline.java:234)
	at java.base/java.util.stream.ReferencePipeline.collect(ReferencePipeline.java:578)
	at de.uka.ilkd.key.nparser.builder.AbstractBuilder.mapOf(AbstractBuilder.java:112)
	at de.uka.ilkd.key.nparser.builder.IncludeFinder.visitOne_include_statement(IncludeFinder.java:35)
	at de.uka.ilkd.key.nparser.builder.IncludeFinder.visitOne_include_statement(IncludeFinder.java:20)
	at de.uka.ilkd.key.nparser.KeYParser$One_include_statementContext.accept(KeYParser.java:802)
	at org.antlr.v4.runtime.tree.AbstractParseTreeVisitor.visitChildren(AbstractParseTreeVisitor.java:46)
	at de.uka.ilkd.key.nparser.KeYParserBaseVisitor.visitDecls(KeYParserBaseVisitor.java:30)
	at de.uka.ilkd.key.nparser.KeYParser$DeclsContext.accept(KeYParser.java:500)
	at org.antlr.v4.runtime.tree.AbstractParseTreeVisitor.visitChildren(AbstractParseTreeVisitor.java:46)
	at de.uka.ilkd.key.nparser.KeYParserBaseVisitor.visitFile(KeYParserBaseVisitor.java:23)
	at de.uka.ilkd.key.nparser.KeYParser$FileContext.accept(KeYParser.java:306)
	at de.uka.ilkd.key.nparser.KeyAst.accept(KeyAst.java:41)
	at de.uka.ilkd.key.nparser.KeyAst$File.getIncludes(KeyAst.java:76)
	at de.uka.ilkd.key.proof.io.KeYFile.readIncludes(KeYFile.java:208)
	... 14 more
Could not find rule file rules/intRulesCheckedSemantics.key (file: /home/runner/work/key/key/key.core/../key.ui/examples/index/../InformationFlow/BlockContracts/contract.IFBlockExamples(contract.IFBlockExamples__insecure_4(int)).Non-interference contract.0.key; caused by: de.uka.ilkd.key.proof.init.ProofInputException: Could not find rule file rules/intRulesCheckedSemantics.key)
	at de.uka.ilkd.key.control.AbstractUserInterfaceControl.load(AbstractUserInterfaceControl.java:221)
	at de.uka.ilkd.key.control.KeYEnvironment.load(KeYEnvironment.java:251)
	at de.uka.ilkd.key.control.KeYEnvironment.load(KeYEnvironment.java:224)
	at de.uka.ilkd.key.control.KeYEnvironment.load(KeYEnvironment.java:184)
	at de.uka.ilkd.key.control.KeYEnvironment.load(KeYEnvironment.java:261)
	at de.uka.ilkd.key.proof.runallproofs.proofcollection.TestFile.load(TestFile.java:270)
	at de.uka.ilkd.key.proof.runallproofs.proofcollection.TestFile.runKey(TestFile.java:160)
	at de.uka.ilkd.key.proof.runallproofs.proofcollection.ForkedTestFileRunner.main(ForkedTestFileRunner.java:171)
Caused by: de.uka.ilkd.key.proof.init.ProofInputException: Could not find rule file rules/intRulesCheckedSemantics.key
	at de.uka.ilkd.key.proof.io.KeYFile.readIncludes(KeYFile.java:210)
	at de.uka.ilkd.key.proof.init.ProblemInitializer.readIncludes(ProblemInitializer.java:177)
	at de.uka.ilkd.key.proof.init.ProblemInitializer.readEnvInput(ProblemInitializer.java:325)
	at de.uka.ilkd.key.proof.init.ProblemInitializer.prepare(ProblemInitializer.java:449)
	at de.uka.ilkd.key.proof.io.AbstractProblemLoader.createInitConfig(AbstractProblemLoader.java:518)
	at de.uka.ilkd.key.proof.io.AbstractProblemLoader.loadEnvironment(AbstractProblemLoader.java:288)
	at de.uka.ilkd.key.proof.io.AbstractProblemLoader.load(AbstractProblemLoader.java:252)
	at de.uka.ilkd.key.control.AbstractUserInterfaceControl.load(AbstractUserInterfaceControl.java:209)
	... 7 more
Caused by: java.lang.RuntimeException: Could not find rule file rules/intRulesCheckedSemantics.key
	at de.uka.ilkd.key.proof.io.RuleSourceFactory.fromBuiltInRule(RuleSourceFactory.java:32)
	at de.uka.ilkd.key.proof.io.RuleSourceFactory.fromDefaultLocation(RuleSourceFactory.java:21)
	at de.uka.ilkd.key.nparser.builder.IncludeFinder.addInclude(IncludeFinder.java:63)
	at de.uka.ilkd.key.nparser.builder.IncludeFinder.visitOne_include(IncludeFinder.java:43)
	at de.uka.ilkd.key.nparser.builder.IncludeFinder.visitOne_include(IncludeFinder.java:20)
	at de.uka.ilkd.key.nparser.KeYParser$One_includeContext.accept(KeYParser.java:878)
	at de.uka.ilkd.key.nparser.builder.AbstractBuilder.lambda$mapOf$0(AbstractBuilder.java:112)
	at java.base/java.util.stream.ReferencePipeline$3$1.accept(ReferencePipeline.java:195)
	at java.base/java.util.ArrayList$ArrayListSpliterator.forEachRemaining(ArrayList.java:1655)
	at java.base/java.util.stream.AbstractPipeline.copyInto(AbstractPipeline.java:484)
	at java.base/java.util.stream.AbstractPipeline.wrapAndCopyInto(AbstractPipeline.java:474)
	at java.base/java.util.stream.ReduceOps$ReduceOp.evaluateSequential(ReduceOps.java:913)
	at java.base/java.util.stream.AbstractPipeline.evaluate(AbstractPipeline.java:234)
	at java.base/java.util.stream.ReferencePipeline.collect(ReferencePipeline.java:578)
	at de.uka.ilkd.key.nparser.builder.AbstractBuilder.mapOf(AbstractBuilder.java:112)
	at de.uka.ilkd.key.nparser.builder.IncludeFinder.visitOne_include_statement(IncludeFinder.java:35)
	at de.uka.ilkd.key.nparser.builder.IncludeFinder.visitOne_include_statement(IncludeFinder.java:20)
	at de.uka.ilkd.key.nparser.KeYParser$One_include_statementContext.accept(KeYParser.java:802)
	at org.antlr.v4.runtime.tree.AbstractParseTreeVisitor.visitChildren(AbstractParseTreeVisitor.java:46)
	at de.uka.ilkd.key.nparser.KeYParserBaseVisitor.visitDecls(KeYParserBaseVisitor.java:30)
	at de.uka.ilkd.key.nparser.KeYParser$DeclsContext.accept(KeYParser.java:500)
	at org.antlr.v4.runtime.tree.AbstractParseTreeVisitor.visitChildren(AbstractParseTreeVisitor.java:46)
	at de.uka.ilkd.key.nparser.KeYParserBaseVisitor.visitFile(KeYParserBaseVisitor.java:23)
	at de.uka.ilkd.key.nparser.KeYParser$FileContext.accept(KeYParser.java:306)
	at de.uka.ilkd.key.nparser.KeyAst.accept(KeyAst.java:41)
	at de.uka.ilkd.key.nparser.KeyAst$File.getIncludes(KeyAst.java:76)
	at de.uka.ilkd.key.proof.io.KeYFile.readIncludes(KeYFile.java:208)
	... 14 more
Could not find rule file rules/intRulesCheckedSemantics.key (file: /home/runner/work/key/key/key.core/../key.ui/examples/index/../InformationFlow/BlockContracts/contract.IFBlockExamples(contract.IFBlockExamples__insecure_3(int)).Non-interference contract.0.key; caused by: de.uka.ilkd.key.proof.init.ProofInputException: Could not find rule file rules/intRulesCheckedSemantics.key)
	at de.uka.ilkd.key.control.AbstractUserInterfaceControl.load(AbstractUserInterfaceControl.java:221)
	at de.uka.ilkd.key.control.KeYEnvironment.load(KeYEnvironment.java:251)
	at de.uka.ilkd.key.control.KeYEnvironment.load(KeYEnvironment.java:224)
	at de.uka.ilkd.key.control.KeYEnvironment.load(KeYEnvironment.java:184)
	at de.uka.ilkd.key.control.KeYEnvironment.load(KeYEnvironment.java:261)
	at de.uka.ilkd.key.proof.runallproofs.proofcollection.TestFile.load(TestFile.java:270)
	at de.uka.ilkd.key.proof.runallproofs.proofcollection.TestFile.runKey(TestFile.java:160)
	at de.uka.ilkd.key.proof.runallproofs.proofcollection.ForkedTestFileRunner.main(ForkedTestFileRunner.java:171)
Caused by: de.uka.ilkd.key.proof.init.ProofInputException: Could not find rule file rules/intRulesCheckedSemantics.key
	at de.uka.ilkd.key.proof.io.KeYFile.readIncludes(KeYFile.java:210)
	at de.uka.ilkd.key.proof.init.ProblemInitializer.readIncludes(ProblemInitializer.java:177)
	at de.uka.ilkd.key.proof.init.ProblemInitializer.readEnvInput(ProblemInitializer.java:325)
	at de.uka.ilkd.key.proof.init.ProblemInitializer.prepare(ProblemInitializer.java:449)
	at de.uka.ilkd.key.proof.io.AbstractProblemLoader.createInitConfig(AbstractProblemLoader.java:518)
	at de.uka.ilkd.key.proof.io.AbstractProblemLoader.loadEnvironment(AbstractProblemLoader.java:288)
	at de.uka.ilkd.key.proof.io.AbstractProblemLoader.load(AbstractProblemLoader.java:252)
	at de.uka.ilkd.key.control.AbstractUserInterfaceControl.load(AbstractUserInterfaceControl.java:209)
	... 7 more
Caused by: java.lang.RuntimeException: Could not find rule file rules/intRulesCheckedSemantics.key
	at de.uka.ilkd.key.proof.io.RuleSourceFactory.fromBuiltInRule(RuleSourceFactory.java:32)
	at de.uka.ilkd.key.proof.io.RuleSourceFactory.fromDefaultLocation(RuleSourceFactory.java:21)
	at de.uka.ilkd.key.nparser.builder.IncludeFinder.addInclude(IncludeFinder.java:63)
	at de.uka.ilkd.key.nparser.builder.IncludeFinder.visitOne_include(IncludeFinder.java:43)
	at de.uka.ilkd.key.nparser.builder.IncludeFinder.visitOne_include(IncludeFinder.java:20)
	at de.uka.ilkd.key.nparser.KeYParser$One_includeContext.accept(KeYParser.java:878)
	at de.uka.ilkd.key.nparser.builder.AbstractBuilder.lambda$mapOf$0(AbstractBuilder.java:112)
	at java.base/java.util.stream.ReferencePipeline$3$1.accept(ReferencePipeline.java:195)
	at java.base/java.util.ArrayList$ArrayListSpliterator.forEachRemaining(ArrayList.java:1655)
	at java.base/java.util.stream.AbstractPipeline.copyInto(AbstractPipeline.java:484)
	at java.base/java.util.stream.AbstractPipeline.wrapAndCopyInto(AbstractPipeline.java:474)
	at java.base/java.util.stream.ReduceOps$ReduceOp.evaluateSequential(ReduceOps.java:913)
	at java.base/java.util.stream.AbstractPipeline.evaluate(AbstractPipeline.java:234)
	at java.base/java.util.stream.ReferencePipeline.collect(ReferencePipeline.java:578)
	at de.uka.ilkd.key.nparser.builder.AbstractBuilder.mapOf(AbstractBuilder.java:112)
	at de.uka.ilkd.key.nparser.builder.IncludeFinder.visitOne_include_statement(IncludeFinder.java:35)
	at de.uka.ilkd.key.nparser.builder.IncludeFinder.visitOne_include_statement(IncludeFinder.java:20)
	at de.uka.ilkd.key.nparser.KeYParser$One_include_statementContext.accept(KeYParser.java:802)
	at org.antlr.v4.runtime.tree.AbstractParseTreeVisitor.visitChildren(AbstractParseTreeVisitor.java:46)
	at de.uka.ilkd.key.nparser.KeYParserBaseVisitor.visitDecls(KeYParserBaseVisitor.java:30)
	at de.uka.ilkd.key.nparser.KeYParser$DeclsContext.accept(KeYParser.java:500)
	at org.antlr.v4.runtime.tree.AbstractParseTreeVisitor.visitChildren(AbstractParseTreeVisitor.java:46)
	at de.uka.ilkd.key.nparser.KeYParserBaseVisitor.visitFile(KeYParserBaseVisitor.java:23)
	at de.uka.ilkd.key.nparser.KeYParser$FileContext.accept(KeYParser.java:306)
	at de.uka.ilkd.key.nparser.KeyAst.accept(KeyAst.java:41)
	at de.uka.ilkd.key.nparser.KeyAst$File.getIncludes(KeyAst.java:76)
	at de.uka.ilkd.key.proof.io.KeYFile.readIncludes(KeYFile.java:208)
	... 14 more
Could not find rule file rules/intRulesCheckedSemantics.key (file: /home/runner/work/key/key/key.core/../key.ui/examples/index/../InformationFlow/BlockContracts/contract.IFBlockExamples(contract.IFBlockExamples__secure_3(int)).Non-interference contract.0.key; caused by: de.uka.ilkd.key.proof.init.ProofInputException: Could not find rule file rules/intRulesCheckedSemantics.key)
	at de.uka.ilkd.key.control.AbstractUserInterfaceControl.load(AbstractUserInterfaceControl.java:221)
	at de.uka.ilkd.key.control.KeYEnvironment.load(KeYEnvironment.java:251)
	at de.uka.ilkd.key.control.KeYEnvironment.load(KeYEnvironment.java:224)
	at de.uka.ilkd.key.control.KeYEnvironment.load(KeYEnvironment.java:184)
	at de.uka.ilkd.key.control.KeYEnvironment.load(KeYEnvironment.java:261)
	at de.uka.ilkd.key.proof.runallproofs.proofcollection.TestFile.load(TestFile.java:270)
	at de.uka.ilkd.key.proof.runallproofs.proofcollection.TestFile.runKey(TestFile.java:160)
	at de.uka.ilkd.key.proof.runallproofs.proofcollection.ForkedTestFileRunner.main(ForkedTestFileRunner.java:171)
Caused by: de.uka.ilkd.key.proof.init.ProofInputException: Could not find rule file rules/intRulesCheckedSemantics.key
	at de.uka.ilkd.key.proof.io.KeYFile.readIncludes(KeYFile.java:210)
	at de.uka.ilkd.key.proof.init.ProblemInitializer.readIncludes(ProblemInitializer.java:177)
	at de.uka.ilkd.key.proof.init.ProblemInitializer.readEnvInput(ProblemInitializer.java:325)
	at de.uka.ilkd.key.proof.init.ProblemInitializer.prepare(ProblemInitializer.java:449)
	at de.uka.ilkd.key.proof.io.AbstractProblemLoader.createInitConfig(AbstractProblemLoader.java:518)
	at de.uka.ilkd.key.proof.io.AbstractProblemLoader.loadEnvironment(AbstractProblemLoader.java:288)
	at de.uka.ilkd.key.proof.io.AbstractProblemLoader.load(AbstractProblemLoader.java:252)
	at de.uka.ilkd.key.control.AbstractUserInterfaceControl.load(AbstractUserInterfaceControl.java:209)
	... 7 more
Caused by: java.lang.RuntimeException: Could not find rule file rules/intRulesCheckedSemantics.key
	at de.uka.ilkd.key.proof.io.RuleSourceFactory.fromBuiltInRule(RuleSourceFactory.java:32)
	at de.uka.ilkd.key.proof.io.RuleSourceFactory.fromDefaultLocation(RuleSourceFactory.java:21)
	at de.uka.ilkd.key.nparser.builder.IncludeFinder.addInclude(IncludeFinder.java:63)
	at de.uka.ilkd.key.nparser.builder.IncludeFinder.visitOne_include(IncludeFinder.java:43)
	at de.uka.ilkd.key.nparser.builder.IncludeFinder.visitOne_include(IncludeFinder.java:20)
	at de.uka.ilkd.key.nparser.KeYParser$One_includeContext.accept(KeYParser.java:878)
	at de.uka.ilkd.key.nparser.builder.AbstractBuilder.lambda$mapOf$0(AbstractBuilder.java:112)
	at java.base/java.util.stream.ReferencePipeline$3$1.accept(ReferencePipeline.java:195)
	at java.base/java.util.ArrayList$ArrayListSpliterator.forEachRemaining(ArrayList.java:1655)
	at java.base/java.util.stream.AbstractPipeline.copyInto(AbstractPipeline.java:484)
	at java.base/java.util.stream.AbstractPipeline.wrapAndCopyInto(AbstractPipeline.java:474)
	at java.base/java.util.stream.ReduceOps$ReduceOp.evaluateSequential(ReduceOps.java:913)
	at java.base/java.util.stream.AbstractPipeline.evaluate(AbstractPipeline.java:234)
	at java.base/java.util.stream.ReferencePipeline.collect(ReferencePipeline.java:578)
	at de.uka.ilkd.key.nparser.builder.AbstractBuilder.mapOf(AbstractBuilder.java:112)
	at de.uka.ilkd.key.nparser.builder.IncludeFinder.visitOne_include_statement(IncludeFinder.java:35)
	at de.uka.ilkd.key.nparser.builder.IncludeFinder.visitOne_include_statement(IncludeFinder.java:20)
	at de.uka.ilkd.key.nparser.KeYParser$One_include_statementContext.accept(KeYParser.java:802)
	at org.antlr.v4.runtime.tree.AbstractParseTreeVisitor.visitChildren(AbstractParseTreeVisitor.java:46)
	at de.uka.ilkd.key.nparser.KeYParserBaseVisitor.visitDecls(KeYParserBaseVisitor.java:30)
	at de.uka.ilkd.key.nparser.KeYParser$DeclsContext.accept(KeYParser.java:500)
	at org.antlr.v4.runtime.tree.AbstractParseTreeVisitor.visitChildren(AbstractParseTreeVisitor.java:46)
	at de.uka.ilkd.key.nparser.KeYParserBaseVisitor.visitFile(KeYParserBaseVisitor.java:23)
	at de.uka.ilkd.key.nparser.KeYParser$FileContext.accept(KeYParser.java:306)
	at de.uka.ilkd.key.nparser.KeyAst.accept(KeyAst.java:41)
	at de.uka.ilkd.key.nparser.KeyAst$File.getIncludes(KeyAst.java:76)
	at de.uka.ilkd.key.proof.io.KeYFile.readIncludes(KeYFile.java:208)
	... 14 more
Could not find rule file rules/intRulesCheckedSemantics.key (file: /home/runner/work/key/key/key.core/../key.ui/examples/index/../InformationFlow/BlockContracts/contract.IFBlockExamples(contract.IFBlockExamples__secure_2(int)).Non-interference contract.0.key; caused by: de.uka.ilkd.key.proof.init.ProofInputException: Could not find rule file rules/intRulesCheckedSemantics.key)
	at de.uka.ilkd.key.control.AbstractUserInterfaceControl.load(AbstractUserInterfaceControl.java:221)
	at de.uka.ilkd.key.control.KeYEnvironment.load(KeYEnvironment.java:251)
	at de.uka.ilkd.key.control.KeYEnvironment.load(KeYEnvironment.java:224)
	at de.uka.ilkd.key.control.KeYEnvironment.load(KeYEnvironment.java:184)
	at de.uka.ilkd.key.control.KeYEnvironment.load(KeYEnvironment.java:261)
	at de.uka.ilkd.key.proof.runallproofs.proofcollection.TestFile.load(TestFile.java:270)
	at de.uka.ilkd.key.proof.runallproofs.proofcollection.TestFile.runKey(TestFile.java:160)
	at de.uka.ilkd.key.proof.runallproofs.proofcollection.ForkedTestFileRunner.main(ForkedTestFileRunner.java:171)
Caused by: de.uka.ilkd.key.proof.init.ProofInputException: Could not find rule file rules/intRulesCheckedSemantics.key
	at de.uka.ilkd.key.proof.io.KeYFile.readIncludes(KeYFile.java:210)
	at de.uka.ilkd.key.proof.init.ProblemInitializer.readIncludes(ProblemInitializer.java:177)
	at de.uka.ilkd.key.proof.init.ProblemInitializer.readEnvInput(ProblemInitializer.java:325)
	at de.uka.ilkd.key.proof.init.ProblemInitializer.prepare(ProblemInitializer.java:449)
	at de.uka.ilkd.key.proof.io.AbstractProblemLoader.createInitConfig(AbstractProblemLoader.java:518)
	at de.uka.ilkd.key.proof.io.AbstractProblemLoader.loadEnvironment(AbstractProblemLoader.java:288)
	at de.uka.ilkd.key.proof.io.AbstractProblemLoader.load(AbstractProblemLoader.java:252)
	at de.uka.ilkd.key.control.AbstractUserInterfaceControl.load(AbstractUserInterfaceControl.java:209)
	... 7 more
Caused by: java.lang.RuntimeException: Could not find rule file rules/intRulesCheckedSemantics.key
	at de.uka.ilkd.key.proof.io.RuleSourceFactory.fromBuiltInRule(RuleSourceFactory.java:32)
	at de.uka.ilkd.key.proof.io.RuleSourceFactory.fromDefaultLocation(RuleSourceFactory.java:21)
	at de.uka.ilkd.key.nparser.builder.IncludeFinder.addInclude(IncludeFinder.java:63)
	at de.uka.ilkd.key.nparser.builder.IncludeFinder.visitOne_include(IncludeFinder.java:43)
	at de.uka.ilkd.key.nparser.builder.IncludeFinder.visitOne_include(IncludeFinder.java:20)
	at de.uka.ilkd.key.nparser.KeYParser$One_includeContext.accept(KeYParser.java:878)
	at de.uka.ilkd.key.nparser.builder.AbstractBuilder.lambda$mapOf$0(AbstractBuilder.java:112)
	at java.base/java.util.stream.ReferencePipeline$3$1.accept(ReferencePipeline.java:195)
	at java.base/java.util.ArrayList$ArrayListSpliterator.forEachRemaining(ArrayList.java:1655)
	at java.base/java.util.stream.AbstractPipeline.copyInto(AbstractPipeline.java:484)
	at java.base/java.util.stream.AbstractPipeline.wrapAndCopyInto(AbstractPipeline.java:474)
	at java.base/java.util.stream.ReduceOps$ReduceOp.evaluateSequential(ReduceOps.java:913)
	at java.base/java.util.stream.AbstractPipeline.evaluate(AbstractPipeline.java:234)
	at java.base/java.util.stream.ReferencePipeline.collect(ReferencePipeline.java:578)
	at de.uka.ilkd.key.nparser.builder.AbstractBuilder.mapOf(AbstractBuilder.java:112)
	at de.uka.ilkd.key.nparser.builder.IncludeFinder.visitOne_include_statement(IncludeFinder.java:35)
	at de.uka.ilkd.key.nparser.builder.IncludeFinder.visitOne_include_statement(IncludeFinder.java:20)
	at de.uka.ilkd.key.nparser.KeYParser$One_include_statementContext.accept(KeYParser.java:802)
	at org.antlr.v4.runtime.tree.AbstractParseTreeVisitor.visitChildren(AbstractParseTreeVisitor.java:46)
	at de.uka.ilkd.key.nparser.KeYParserBaseVisitor.visitDecls(KeYParserBaseVisitor.java:30)
	at de.uka.ilkd.key.nparser.KeYParser$DeclsContext.accept(KeYParser.java:500)
	at org.antlr.v4.runtime.tree.AbstractParseTreeVisitor.visitChildren(AbstractParseTreeVisitor.java:46)
	at de.uka.ilkd.key.nparser.KeYParserBaseVisitor.visitFile(KeYParserBaseVisitor.java:23)
	at de.uka.ilkd.key.nparser.KeYParser$FileContext.accept(KeYParser.java:306)
	at de.uka.ilkd.key.nparser.KeyAst.accept(KeyAst.java:41)
	at de.uka.ilkd.key.nparser.KeyAst$File.getIncludes(KeyAst.java:76)
	at de.uka.ilkd.key.proof.io.KeYFile.readIncludes(KeYFile.java:208)
	... 14 more
Could not find rule file rules/intRulesCheckedSemantics.key (file: /home/runner/work/key/key/key.core/../key.ui/examples/index/../InformationFlow/BlockContracts/contract.IFBlockExamples(contract.IFBlockExamples__secure_8(int)).Non-interference contract.0.key; caused by: de.uka.ilkd.key.proof.init.ProofInputException: Could not find rule file rules/intRulesCheckedSemantics.key)
	at de.uka.ilkd.key.control.AbstractUserInterfaceControl.load(AbstractUserInterfaceControl.java:221)
	at de.uka.ilkd.key.control.KeYEnvironment.load(KeYEnvironment.java:251)
	at de.uka.ilkd.key.control.KeYEnvironment.load(KeYEnvironment.java:224)
	at de.uka.ilkd.key.control.KeYEnvironment.load(KeYEnvironment.java:184)
	at de.uka.ilkd.key.control.KeYEnvironment.load(KeYEnvironment.java:261)
	at de.uka.ilkd.key.proof.runallproofs.proofcollection.TestFile.load(TestFile.java:270)
	at de.uka.ilkd.key.proof.runallproofs.proofcollection.TestFile.runKey(TestFile.java:160)
	at de.uka.ilkd.key.proof.runallproofs.proofcollection.ForkedTestFileRunner.main(ForkedTestFileRunner.java:171)
Caused by: de.uka.ilkd.key.proof.init.ProofInputException: Could not find rule file rules/intRulesCheckedSemantics.key
	at de.uka.ilkd.key.proof.io.KeYFile.readIncludes(KeYFile.java:210)
	at de.uka.ilkd.key.proof.init.ProblemInitializer.readIncludes(ProblemInitializer.java:177)
	at de.uka.ilkd.key.proof.init.ProblemInitializer.readEnvInput(ProblemInitializer.java:325)
	at de.uka.ilkd.key.proof.init.ProblemInitializer.prepare(ProblemInitializer.java:449)
	at de.uka.ilkd.key.proof.io.AbstractProblemLoader.createInitConfig(AbstractProblemLoader.java:518)
	at de.uka.ilkd.key.proof.io.AbstractProblemLoader.loadEnvironment(AbstractProblemLoader.java:288)
	at de.uka.ilkd.key.proof.io.AbstractProblemLoader.load(AbstractProblemLoader.java:252)
	at de.uka.ilkd.key.control.AbstractUserInterfaceControl.load(AbstractUserInterfaceControl.java:209)
	... 7 more
Caused by: java.lang.RuntimeException: Could not find rule file rules/intRulesCheckedSemantics.key
	at de.uka.ilkd.key.proof.io.RuleSourceFactory.fromBuiltInRule(RuleSourceFactory.java:32)
	at de.uka.ilkd.key.proof.io.RuleSourceFactory.fromDefaultLocation(RuleSourceFactory.java:21)
	at de.uka.ilkd.key.nparser.builder.IncludeFinder.addInclude(IncludeFinder.java:63)
	at de.uka.ilkd.key.nparser.builder.IncludeFinder.visitOne_include(IncludeFinder.java:43)
	at de.uka.ilkd.key.nparser.builder.IncludeFinder.visitOne_include(IncludeFinder.java:20)
	at de.uka.ilkd.key.nparser.KeYParser$One_includeContext.accept(KeYParser.java:878)
	at de.uka.ilkd.key.nparser.builder.AbstractBuilder.lambda$mapOf$0(AbstractBuilder.java:112)
	at java.base/java.util.stream.ReferencePipeline$3$1.accept(ReferencePipeline.java:195)
	at java.base/java.util.ArrayList$ArrayListSpliterator.forEachRemaining(ArrayList.java:1655)
	at java.base/java.util.stream.AbstractPipeline.copyInto(AbstractPipeline.java:484)
	at java.base/java.util.stream.AbstractPipeline.wrapAndCopyInto(AbstractPipeline.java:474)
	at java.base/java.util.stream.ReduceOps$ReduceOp.evaluateSequential(ReduceOps.java:913)
	at java.base/java.util.stream.AbstractPipeline.evaluate(AbstractPipeline.java:234)
	at java.base/java.util.stream.ReferencePipeline.collect(ReferencePipeline.java:578)
	at de.uka.ilkd.key.nparser.builder.AbstractBuilder.mapOf(AbstractBuilder.java:112)
	at de.uka.ilkd.key.nparser.builder.IncludeFinder.visitOne_include_statement(IncludeFinder.java:35)
	at de.uka.ilkd.key.nparser.builder.IncludeFinder.visitOne_include_statement(IncludeFinder.java:20)
	at de.uka.ilkd.key.nparser.KeYParser$One_include_statementContext.accept(KeYParser.java:802)
	at org.antlr.v4.runtime.tree.AbstractParseTreeVisitor.visitChildren(AbstractParseTreeVisitor.java:46)
	at de.uka.ilkd.key.nparser.KeYParserBaseVisitor.visitDecls(KeYParserBaseVisitor.java:30)
	at de.uka.ilkd.key.nparser.KeYParser$DeclsContext.accept(KeYParser.java:500)
	at org.antlr.v4.runtime.tree.AbstractParseTreeVisitor.visitChildren(AbstractParseTreeVisitor.java:46)
	at de.uka.ilkd.key.nparser.KeYParserBaseVisitor.visitFile(KeYParserBaseVisitor.java:23)
	at de.uka.ilkd.key.nparser.KeYParser$FileContext.accept(KeYParser.java:306)
	at de.uka.ilkd.key.nparser.KeyAst.accept(KeyAst.java:41)
	at de.uka.ilkd.key.nparser.KeyAst$File.getIncludes(KeyAst.java:76)
	at de.uka.ilkd.key.proof.io.KeYFile.readIncludes(KeYFile.java:208)
	... 14 more
Could not find rule file rules/intRulesCheckedSemantics.key (file: /home/runner/work/key/key/key.core/../key.ui/examples/index/../InformationFlow/BlockContracts/contract.IFBlockExamples(contract.IFBlockExamples__secure_7(int)).Non-interference contract.0.key; caused by: de.uka.ilkd.key.proof.init.ProofInputException: Could not find rule file rules/intRulesCheckedSemantics.key)
	at de.uka.ilkd.key.control.AbstractUserInterfaceControl.load(AbstractUserInterfaceControl.java:221)
	at de.uka.ilkd.key.control.KeYEnvironment.load(KeYEnvironment.java:251)
	at de.uka.ilkd.key.control.KeYEnvironment.load(KeYEnvironment.java:224)
	at de.uka.ilkd.key.control.KeYEnvironment.load(KeYEnvironment.java:184)
	at de.uka.ilkd.key.control.KeYEnvironment.load(KeYEnvironment.java:261)
	at de.uka.ilkd.key.proof.runallproofs.proofcollection.TestFile.load(TestFile.java:270)
	at de.uka.ilkd.key.proof.runallproofs.proofcollection.TestFile.runKey(TestFile.java:160)
	at de.uka.ilkd.key.proof.runallproofs.proofcollection.ForkedTestFileRunner.main(ForkedTestFileRunner.java:171)
Caused by: de.uka.ilkd.key.proof.init.ProofInputException: Could not find rule file rules/intRulesCheckedSemantics.key
	at de.uka.ilkd.key.proof.io.KeYFile.readIncludes(KeYFile.java:210)
	at de.uka.ilkd.key.proof.init.ProblemInitializer.readIncludes(ProblemInitializer.java:177)
	at de.uka.ilkd.key.proof.init.ProblemInitializer.readEnvInput(ProblemInitializer.java:325)
	at de.uka.ilkd.key.proof.init.ProblemInitializer.prepare(ProblemInitializer.java:449)
	at de.uka.ilkd.key.proof.io.AbstractProblemLoader.createInitConfig(AbstractProblemLoader.java:518)
	at de.uka.ilkd.key.proof.io.AbstractProblemLoader.loadEnvironment(AbstractProblemLoader.java:288)
	at de.uka.ilkd.key.proof.io.AbstractProblemLoader.load(AbstractProblemLoader.java:252)
	at de.uka.ilkd.key.control.AbstractUserInterfaceControl.load(AbstractUserInterfaceControl.java:209)
	... 7 more
Caused by: java.lang.RuntimeException: Could not find rule file rules/intRulesCheckedSemantics.key
	at de.uka.ilkd.key.proof.io.RuleSourceFactory.fromBuiltInRule(RuleSourceFactory.java:32)
	at de.uka.ilkd.key.proof.io.RuleSourceFactory.fromDefaultLocation(RuleSourceFactory.java:21)
	at de.uka.ilkd.key.nparser.builder.IncludeFinder.addInclude(IncludeFinder.java:63)
	at de.uka.ilkd.key.nparser.builder.IncludeFinder.visitOne_include(IncludeFinder.java:43)
	at de.uka.ilkd.key.nparser.builder.IncludeFinder.visitOne_include(IncludeFinder.java:20)
	at de.uka.ilkd.key.nparser.KeYParser$One_includeContext.accept(KeYParser.java:878)
	at de.uka.ilkd.key.nparser.builder.AbstractBuilder.lambda$mapOf$0(AbstractBuilder.java:112)
	at java.base/java.util.stream.ReferencePipeline$3$1.accept(ReferencePipeline.java:195)
	at java.base/java.util.ArrayList$ArrayListSpliterator.forEachRemaining(ArrayList.java:1655)
	at java.base/java.util.stream.AbstractPipeline.copyInto(AbstractPipeline.java:484)
	at java.base/java.util.stream.AbstractPipeline.wrapAndCopyInto(AbstractPipeline.java:474)
	at java.base/java.util.stream.ReduceOps$ReduceOp.evaluateSequential(ReduceOps.java:913)
	at java.base/java.util.stream.AbstractPipeline.evaluate(AbstractPipeline.java:234)
	at java.base/java.util.stream.ReferencePipeline.collect(ReferencePipeline.java:578)
	at de.uka.ilkd.key.nparser.builder.AbstractBuilder.mapOf(AbstractBuilder.java:112)
	at de.uka.ilkd.key.nparser.builder.IncludeFinder.visitOne_include_statement(IncludeFinder.java:35)
	at de.uka.ilkd.key.nparser.builder.IncludeFinder.visitOne_include_statement(IncludeFinder.java:20)
	at de.uka.ilkd.key.nparser.KeYParser$One_include_statementContext.accept(KeYParser.java:802)
	at org.antlr.v4.runtime.tree.AbstractParseTreeVisitor.visitChildren(AbstractParseTreeVisitor.java:46)
	at de.uka.ilkd.key.nparser.KeYParserBaseVisitor.visitDecls(KeYParserBaseVisitor.java:30)
	at de.uka.ilkd.key.nparser.KeYParser$DeclsContext.accept(KeYParser.java:500)
	at org.antlr.v4.runtime.tree.AbstractParseTreeVisitor.visitChildren(AbstractParseTreeVisitor.java:46)
	at de.uka.ilkd.key.nparser.KeYParserBaseVisitor.visitFile(KeYParserBaseVisitor.java:23)
	at de.uka.ilkd.key.nparser.KeYParser$FileContext.accept(KeYParser.java:306)
	at de.uka.ilkd.key.nparser.KeyAst.accept(KeyAst.java:41)
	at de.uka.ilkd.key.nparser.KeyAst$File.getIncludes(KeyAst.java:76)
	at de.uka.ilkd.key.proof.io.KeYFile.readIncludes(KeYFile.java:208)
	... 14 more
Could not find rule file rules/intRulesCheckedSemantics.key (file: /home/runner/work/key/key/key.core/../key.ui/examples/index/../InformationFlow/BlockContracts/contract.IFBlockExamples(contract.IFBlockExamples__secure_6(int)).Non-interference contract.0.key; caused by: de.uka.ilkd.key.proof.init.ProofInputException: Could not find rule file rules/intRulesCheckedSemantics.key)
	at de.uka.ilkd.key.control.AbstractUserInterfaceControl.load(AbstractUserInterfaceControl.java:221)
	at de.uka.ilkd.key.control.KeYEnvironment.load(KeYEnvironment.java:251)
	at de.uka.ilkd.key.control.KeYEnvironment.load(KeYEnvironment.java:224)
	at de.uka.ilkd.key.control.KeYEnvironment.load(KeYEnvironment.java:184)
	at de.uka.ilkd.key.control.KeYEnvironment.load(KeYEnvironment.java:261)
	at de.uka.ilkd.key.proof.runallproofs.proofcollection.TestFile.load(TestFile.java:270)
	at de.uka.ilkd.key.proof.runallproofs.proofcollection.TestFile.runKey(TestFile.java:160)
	at de.uka.ilkd.key.proof.runallproofs.proofcollection.ForkedTestFileRunner.main(ForkedTestFileRunner.java:171)
Caused by: de.uka.ilkd.key.proof.init.ProofInputException: Could not find rule file rules/intRulesCheckedSemantics.key
	at de.uka.ilkd.key.proof.io.KeYFile.readIncludes(KeYFile.java:210)
	at de.uka.ilkd.key.proof.init.ProblemInitializer.readIncludes(ProblemInitializer.java:177)
	at de.uka.ilkd.key.proof.init.ProblemInitializer.readEnvInput(ProblemInitializer.java:325)
	at de.uka.ilkd.key.proof.init.ProblemInitializer.prepare(ProblemInitializer.java:449)
	at de.uka.ilkd.key.proof.io.AbstractProblemLoader.createInitConfig(AbstractProblemLoader.java:518)
	at de.uka.ilkd.key.proof.io.AbstractProblemLoader.loadEnvironment(AbstractProblemLoader.java:288)
	at de.uka.ilkd.key.proof.io.AbstractProblemLoader.load(AbstractProblemLoader.java:252)
	at de.uka.ilkd.key.control.AbstractUserInterfaceControl.load(AbstractUserInterfaceControl.java:209)
	... 7 more
Caused by: java.lang.RuntimeException: Could not find rule file rules/intRulesCheckedSemantics.key
	at de.uka.ilkd.key.proof.io.RuleSourceFactory.fromBuiltInRule(RuleSourceFactory.java:32)
	at de.uka.ilkd.key.proof.io.RuleSourceFactory.fromDefaultLocation(RuleSourceFactory.java:21)
	at de.uka.ilkd.key.nparser.builder.IncludeFinder.addInclude(IncludeFinder.java:63)
	at de.uka.ilkd.key.nparser.builder.IncludeFinder.visitOne_include(IncludeFinder.java:43)
	at de.uka.ilkd.key.nparser.builder.IncludeFinder.visitOne_include(IncludeFinder.java:20)
	at de.uka.ilkd.key.nparser.KeYParser$One_includeContext.accept(KeYParser.java:878)
	at de.uka.ilkd.key.nparser.builder.AbstractBuilder.lambda$mapOf$0(AbstractBuilder.java:112)
	at java.base/java.util.stream.ReferencePipeline$3$1.accept(ReferencePipeline.java:195)
	at java.base/java.util.ArrayList$ArrayListSpliterator.forEachRemaining(ArrayList.java:1655)
	at java.base/java.util.stream.AbstractPipeline.copyInto(AbstractPipeline.java:484)
	at java.base/java.util.stream.AbstractPipeline.wrapAndCopyInto(AbstractPipeline.java:474)
	at java.base/java.util.stream.ReduceOps$ReduceOp.evaluateSequential(ReduceOps.java:913)
	at java.base/java.util.stream.AbstractPipeline.evaluate(AbstractPipeline.java:234)
	at java.base/java.util.stream.ReferencePipeline.collect(ReferencePipeline.java:578)
	at de.uka.ilkd.key.nparser.builder.AbstractBuilder.mapOf(AbstractBuilder.java:112)
	at de.uka.ilkd.key.nparser.builder.IncludeFinder.visitOne_include_statement(IncludeFinder.java:35)
	at de.uka.ilkd.key.nparser.builder.IncludeFinder.visitOne_include_statement(IncludeFinder.java:20)
	at de.uka.ilkd.key.nparser.KeYParser$One_include_statementContext.accept(KeYParser.java:802)
	at org.antlr.v4.runtime.tree.AbstractParseTreeVisitor.visitChildren(AbstractParseTreeVisitor.java:46)
	at de.uka.ilkd.key.nparser.KeYParserBaseVisitor.visitDecls(KeYParserBaseVisitor.java:30)
	at de.uka.ilkd.key.nparser.KeYParser$DeclsContext.accept(KeYParser.java:500)
	at org.antlr.v4.runtime.tree.AbstractParseTreeVisitor.visitChildren(AbstractParseTreeVisitor.java:46)
	at de.uka.ilkd.key.nparser.KeYParserBaseVisitor.visitFile(KeYParserBaseVisitor.java:23)
	at de.uka.ilkd.key.nparser.KeYParser$FileContext.accept(KeYParser.java:306)
	at de.uka.ilkd.key.nparser.KeyAst.accept(KeyAst.java:41)
	at de.uka.ilkd.key.nparser.KeyAst$File.getIncludes(KeyAst.java:76)
	at de.uka.ilkd.key.proof.io.KeYFile.readIncludes(KeYFile.java:208)
	... 14 more
Could not find rule file rules/intRulesCheckedSemantics.key (file: /home/runner/work/key/key/key.core/../key.ui/examples/index/../InformationFlow/BlockContracts/contract.IFBlockExamples(contract.IFBlockExamples__insecure_1(int)).Non-interference contract.0.key; caused by: de.uka.ilkd.key.proof.init.ProofInputException: Could not find rule file rules/intRulesCheckedSemantics.key)
	at de.uka.ilkd.key.control.AbstractUserInterfaceControl.load(AbstractUserInterfaceControl.java:221)
	at de.uka.ilkd.key.control.KeYEnvironment.load(KeYEnvironment.java:251)
	at de.uka.ilkd.key.control.KeYEnvironment.load(KeYEnvironment.java:224)
	at de.uka.ilkd.key.control.KeYEnvironment.load(KeYEnvironment.java:184)
	at de.uka.ilkd.key.control.KeYEnvironment.load(KeYEnvironment.java:261)
	at de.uka.ilkd.key.proof.runallproofs.proofcollection.TestFile.load(TestFile.java:270)
	at de.uka.ilkd.key.proof.runallproofs.proofcollection.TestFile.runKey(TestFile.java:160)
	at de.uka.ilkd.key.proof.runallproofs.proofcollection.ForkedTestFileRunner.main(ForkedTestFileRunner.java:171)
Caused by: de.uka.ilkd.key.proof.init.ProofInputException: Could not find rule file rules/intRulesCheckedSemantics.key
	at de.uka.ilkd.key.proof.io.KeYFile.readIncludes(KeYFile.java:210)
	at de.uka.ilkd.key.proof.init.ProblemInitializer.readIncludes(ProblemInitializer.java:177)
	at de.uka.ilkd.key.proof.init.ProblemInitializer.readEnvInput(ProblemInitializer.java:325)
	at de.uka.ilkd.key.proof.init.ProblemInitializer.prepare(ProblemInitializer.java:449)
	at de.uka.ilkd.key.proof.io.AbstractProblemLoader.createInitConfig(AbstractProblemLoader.java:518)
	at de.uka.ilkd.key.proof.io.AbstractProblemLoader.loadEnvironment(AbstractProblemLoader.java:288)
	at de.uka.ilkd.key.proof.io.AbstractProblemLoader.load(AbstractProblemLoader.java:252)
	at de.uka.ilkd.key.control.AbstractUserInterfaceControl.load(AbstractUserInterfaceControl.java:209)
	... 7 more
Caused by: java.lang.RuntimeException: Could not find rule file rules/intRulesCheckedSemantics.key
	at de.uka.ilkd.key.proof.io.RuleSourceFactory.fromBuiltInRule(RuleSourceFactory.java:32)
	at de.uka.ilkd.key.proof.io.RuleSourceFactory.fromDefaultLocation(RuleSourceFactory.java:21)
	at de.uka.ilkd.key.nparser.builder.IncludeFinder.addInclude(IncludeFinder.java:63)
	at de.uka.ilkd.key.nparser.builder.IncludeFinder.visitOne_include(IncludeFinder.java:43)
	at de.uka.ilkd.key.nparser.builder.IncludeFinder.visitOne_include(IncludeFinder.java:20)
	at de.uka.ilkd.key.nparser.KeYParser$One_includeContext.accept(KeYParser.java:878)
	at de.uka.ilkd.key.nparser.builder.AbstractBuilder.lambda$mapOf$0(AbstractBuilder.java:112)
	at java.base/java.util.stream.ReferencePipeline$3$1.accept(ReferencePipeline.java:195)
	at java.base/java.util.ArrayList$ArrayListSpliterator.forEachRemaining(ArrayList.java:1655)
	at java.base/java.util.stream.AbstractPipeline.copyInto(AbstractPipeline.java:484)
	at java.base/java.util.stream.AbstractPipeline.wrapAndCopyInto(AbstractPipeline.java:474)
	at java.base/java.util.stream.ReduceOps$ReduceOp.evaluateSequential(ReduceOps.java:913)
	at java.base/java.util.stream.AbstractPipeline.evaluate(AbstractPipeline.java:234)
	at java.base/java.util.stream.ReferencePipeline.collect(ReferencePipeline.java:578)
	at de.uka.ilkd.key.nparser.builder.AbstractBuilder.mapOf(AbstractBuilder.java:112)
	at de.uka.ilkd.key.nparser.builder.IncludeFinder.visitOne_include_statement(IncludeFinder.java:35)
	at de.uka.ilkd.key.nparser.builder.IncludeFinder.visitOne_include_statement(IncludeFinder.java:20)
	at de.uka.ilkd.key.nparser.KeYParser$One_include_statementContext.accept(KeYParser.java:802)
	at org.antlr.v4.runtime.tree.AbstractParseTreeVisitor.visitChildren(AbstractParseTreeVisitor.java:46)
	at de.uka.ilkd.key.nparser.KeYParserBaseVisitor.visitDecls(KeYParserBaseVisitor.java:30)
	at de.uka.ilkd.key.nparser.KeYParser$DeclsContext.accept(KeYParser.java:500)
	at org.antlr.v4.runtime.tree.AbstractParseTreeVisitor.visitChildren(AbstractParseTreeVisitor.java:46)
	at de.uka.ilkd.key.nparser.KeYParserBaseVisitor.visitFile(KeYParserBaseVisitor.java:23)
	at de.uka.ilkd.key.nparser.KeYParser$FileContext.accept(KeYParser.java:306)
	at de.uka.ilkd.key.nparser.KeyAst.accept(KeyAst.java:41)
	at de.uka.ilkd.key.nparser.KeyAst$File.getIncludes(KeyAst.java:76)
	at de.uka.ilkd.key.proof.io.KeYFile.readIncludes(KeYFile.java:208)
	... 14 more
Could not find rule file rules/intRulesCheckedSemantics.key (file: /home/runner/work/key/key/key.core/../key.ui/examples/index/../InformationFlow/BlockContracts/contract.IFBlockExamples(contract.IFBlockExamples__secure_4(int)).Non-interference contract.0.key; caused by: de.uka.ilkd.key.proof.init.ProofInputException: Could not find rule file rules/intRulesCheckedSemantics.key)
	at de.uka.ilkd.key.control.AbstractUserInterfaceControl.load(AbstractUserInterfaceControl.java:221)
	at de.uka.ilkd.key.control.KeYEnvironment.load(KeYEnvironment.java:251)
	at de.uka.ilkd.key.control.KeYEnvironment.load(KeYEnvironment.java:224)
	at de.uka.ilkd.key.control.KeYEnvironment.load(KeYEnvironment.java:184)
	at de.uka.ilkd.key.control.KeYEnvironment.load(KeYEnvironment.java:261)
	at de.uka.ilkd.key.proof.runallproofs.proofcollection.TestFile.load(TestFile.java:270)
	at de.uka.ilkd.key.proof.runallproofs.proofcollection.TestFile.runKey(TestFile.java:160)
	at de.uka.ilkd.key.proof.runallproofs.proofcollection.ForkedTestFileRunner.main(ForkedTestFileRunner.java:171)
Caused by: de.uka.ilkd.key.proof.init.ProofInputException: Could not find rule file rules/intRulesCheckedSemantics.key
	at de.uka.ilkd.key.proof.io.KeYFile.readIncludes(KeYFile.java:210)
	at de.uka.ilkd.key.proof.init.ProblemInitializer.readIncludes(ProblemInitializer.java:177)
	at de.uka.ilkd.key.proof.init.ProblemInitializer.readEnvInput(ProblemInitializer.java:325)
	at de.uka.ilkd.key.proof.init.ProblemInitializer.prepare(ProblemInitializer.java:449)
	at de.uka.ilkd.key.proof.io.AbstractProblemLoader.createInitConfig(AbstractProblemLoader.java:518)
	at de.uka.ilkd.key.proof.io.AbstractProblemLoader.loadEnvironment(AbstractProblemLoader.java:288)
	at de.uka.ilkd.key.proof.io.AbstractProblemLoader.load(AbstractProblemLoader.java:252)
	at de.uka.ilkd.key.control.AbstractUserInterfaceControl.load(AbstractUserInterfaceControl.java:209)
	... 7 more
Caused by: java.lang.RuntimeException: Could not find rule file rules/intRulesCheckedSemantics.key
	at de.uka.ilkd.key.proof.io.RuleSourceFactory.fromBuiltInRule(RuleSourceFactory.java:32)
	at de.uka.ilkd.key.proof.io.RuleSourceFactory.fromDefaultLocation(RuleSourceFactory.java:21)
	at de.uka.ilkd.key.nparser.builder.IncludeFinder.addInclude(IncludeFinder.java:63)
	at de.uka.ilkd.key.nparser.builder.IncludeFinder.visitOne_include(IncludeFinder.java:43)
	at de.uka.ilkd.key.nparser.builder.IncludeFinder.visitOne_include(IncludeFinder.java:20)
	at de.uka.ilkd.key.nparser.KeYParser$One_includeContext.accept(KeYParser.java:878)
	at de.uka.ilkd.key.nparser.builder.AbstractBuilder.lambda$mapOf$0(AbstractBuilder.java:112)
	at java.base/java.util.stream.ReferencePipeline$3$1.accept(ReferencePipeline.java:195)
	at java.base/java.util.ArrayList$ArrayListSpliterator.forEachRemaining(ArrayList.java:1655)
	at java.base/java.util.stream.AbstractPipeline.copyInto(AbstractPipeline.java:484)
	at java.base/java.util.stream.AbstractPipeline.wrapAndCopyInto(AbstractPipeline.java:474)
	at java.base/java.util.stream.ReduceOps$ReduceOp.evaluateSequential(ReduceOps.java:913)
	at java.base/java.util.stream.AbstractPipeline.evaluate(AbstractPipeline.java:234)
	at java.base/java.util.stream.ReferencePipeline.collect(ReferencePipeline.java:578)
	at de.uka.ilkd.key.nparser.builder.AbstractBuilder.mapOf(AbstractBuilder.java:112)
	at de.uka.ilkd.key.nparser.builder.IncludeFinder.visitOne_include_statement(IncludeFinder.java:35)
	at de.uka.ilkd.key.nparser.builder.IncludeFinder.visitOne_include_statement(IncludeFinder.java:20)
	at de.uka.ilkd.key.nparser.KeYParser$One_include_statementContext.accept(KeYParser.java:802)
	at org.antlr.v4.runtime.tree.AbstractParseTreeVisitor.visitChildren(AbstractParseTreeVisitor.java:46)
	at de.uka.ilkd.key.nparser.KeYParserBaseVisitor.visitDecls(KeYParserBaseVisitor.java:30)
	at de.uka.ilkd.key.nparser.KeYParser$DeclsContext.accept(KeYParser.java:500)
	at org.antlr.v4.runtime.tree.AbstractParseTreeVisitor.visitChildren(AbstractParseTreeVisitor.java:46)
	at de.uka.ilkd.key.nparser.KeYParserBaseVisitor.visitFile(KeYParserBaseVisitor.java:23)
	at de.uka.ilkd.key.nparser.KeYParser$FileContext.accept(KeYParser.java:306)
	at de.uka.ilkd.key.nparser.KeyAst.accept(KeyAst.java:41)
	at de.uka.ilkd.key.nparser.KeyAst$File.getIncludes(KeyAst.java:76)
	at de.uka.ilkd.key.proof.io.KeYFile.readIncludes(KeYFile.java:208)
	... 14 more
Could not find rule file rules/intRulesCheckedSemantics.key (file: /home/runner/work/key/key/key.core/../key.ui/examples/index/../InformationFlow/BlockContracts/contract.IFBlockExamples(contract.IFBlockExamples__secure_1(int)).Non-interference contract.0.key; caused by: de.uka.ilkd.key.proof.init.ProofInputException: Could not find rule file rules/intRulesCheckedSemantics.key)
	at de.uka.ilkd.key.control.AbstractUserInterfaceControl.load(AbstractUserInterfaceControl.java:221)
	at de.uka.ilkd.key.control.KeYEnvironment.load(KeYEnvironment.java:251)
	at de.uka.ilkd.key.control.KeYEnvironment.load(KeYEnvironment.java:224)
	at de.uka.ilkd.key.control.KeYEnvironment.load(KeYEnvironment.java:184)
	at de.uka.ilkd.key.control.KeYEnvironment.load(KeYEnvironment.java:261)
	at de.uka.ilkd.key.proof.runallproofs.proofcollection.TestFile.load(TestFile.java:270)
	at de.uka.ilkd.key.proof.runallproofs.proofcollection.TestFile.runKey(TestFile.java:160)
	at de.uka.ilkd.key.proof.runallproofs.proofcollection.ForkedTestFileRunner.main(ForkedTestFileRunner.java:171)
Caused by: de.uka.ilkd.key.proof.init.ProofInputException: Could not find rule file rules/intRulesCheckedSemantics.key
	at de.uka.ilkd.key.proof.io.KeYFile.readIncludes(KeYFile.java:210)
	at de.uka.ilkd.key.proof.init.ProblemInitializer.readIncludes(ProblemInitializer.java:177)
	at de.uka.ilkd.key.proof.init.ProblemInitializer.readEnvInput(ProblemInitializer.java:325)
	at de.uka.ilkd.key.proof.init.ProblemInitializer.prepare(ProblemInitializer.java:449)
	at de.uka.ilkd.key.proof.io.AbstractProblemLoader.createInitConfig(AbstractProblemLoader.java:518)
	at de.uka.ilkd.key.proof.io.AbstractProblemLoader.loadEnvironment(AbstractProblemLoader.java:288)
	at de.uka.ilkd.key.proof.io.AbstractProblemLoader.load(AbstractProblemLoader.java:252)
	at de.uka.ilkd.key.control.AbstractUserInterfaceControl.load(AbstractUserInterfaceControl.java:209)
	... 7 more
Caused by: java.lang.RuntimeException: Could not find rule file rules/intRulesCheckedSemantics.key
	at de.uka.ilkd.key.proof.io.RuleSourceFactory.fromBuiltInRule(RuleSourceFactory.java:32)
	at de.uka.ilkd.key.proof.io.RuleSourceFactory.fromDefaultLocation(RuleSourceFactory.java:21)
	at de.uka.ilkd.key.nparser.builder.IncludeFinder.addInclude(IncludeFinder.java:63)
	at de.uka.ilkd.key.nparser.builder.IncludeFinder.visitOne_include(IncludeFinder.java:43)
	at de.uka.ilkd.key.nparser.builder.IncludeFinder.visitOne_include(IncludeFinder.java:20)
	at de.uka.ilkd.key.nparser.KeYParser$One_includeContext.accept(KeYParser.java:878)
	at de.uka.ilkd.key.nparser.builder.AbstractBuilder.lambda$mapOf$0(AbstractBuilder.java:112)
	at java.base/java.util.stream.ReferencePipeline$3$1.accept(ReferencePipeline.java:195)
	at java.base/java.util.ArrayList$ArrayListSpliterator.forEachRemaining(ArrayList.java:1655)
	at java.base/java.util.stream.AbstractPipeline.copyInto(AbstractPipeline.java:484)
	at java.base/java.util.stream.AbstractPipeline.wrapAndCopyInto(AbstractPipeline.java:474)
	at java.base/java.util.stream.ReduceOps$ReduceOp.evaluateSequential(ReduceOps.java:913)
	at java.base/java.util.stream.AbstractPipeline.evaluate(AbstractPipeline.java:234)
	at java.base/java.util.stream.ReferencePipeline.collect(ReferencePipeline.java:578)
	at de.uka.ilkd.key.nparser.builder.AbstractBuilder.mapOf(AbstractBuilder.java:112)
	at de.uka.ilkd.key.nparser.builder.IncludeFinder.visitOne_include_statement(IncludeFinder.java:35)
	at de.uka.ilkd.key.nparser.builder.IncludeFinder.visitOne_include_statement(IncludeFinder.java:20)
	at de.uka.ilkd.key.nparser.KeYParser$One_include_statementContext.accept(KeYParser.java:802)
	at org.antlr.v4.runtime.tree.AbstractParseTreeVisitor.visitChildren(AbstractParseTreeVisitor.java:46)
	at de.uka.ilkd.key.nparser.KeYParserBaseVisitor.visitDecls(KeYParserBaseVisitor.java:30)
	at de.uka.ilkd.key.nparser.KeYParser$DeclsContext.accept(KeYParser.java:500)
	at org.antlr.v4.runtime.tree.AbstractParseTreeVisitor.visitChildren(AbstractParseTreeVisitor.java:46)
	at de.uka.ilkd.key.nparser.KeYParserBaseVisitor.visitFile(KeYParserBaseVisitor.java:23)
	at de.uka.ilkd.key.nparser.KeYParser$FileContext.accept(KeYParser.java:306)
	at de.uka.ilkd.key.nparser.KeyAst.accept(KeyAst.java:41)
	at de.uka.ilkd.key.nparser.KeyAst$File.getIncludes(KeyAst.java:76)
	at de.uka.ilkd.key.proof.io.KeYFile.readIncludes(KeYFile.java:208)
	... 14 more
Could not find rule file rules/intRulesCheckedSemantics.key (file: /home/runner/work/key/key/key.core/../key.ui/examples/index/../InformationFlow/BlockContracts/contract.IFEfficiencyExamples(contract.IFEfficiencyExamples__mWithoutBlockContract()).Non-interference contract.0.key; caused by: de.uka.ilkd.key.proof.init.ProofInputException: Could not find rule file rules/intRulesCheckedSemantics.key)
	at de.uka.ilkd.key.control.AbstractUserInterfaceControl.load(AbstractUserInterfaceControl.java:221)
	at de.uka.ilkd.key.control.KeYEnvironment.load(KeYEnvironment.java:251)
	at de.uka.ilkd.key.control.KeYEnvironment.load(KeYEnvironment.java:224)
	at de.uka.ilkd.key.control.KeYEnvironment.load(KeYEnvironment.java:184)
	at de.uka.ilkd.key.control.KeYEnvironment.load(KeYEnvironment.java:261)
	at de.uka.ilkd.key.proof.runallproofs.proofcollection.TestFile.load(TestFile.java:270)
	at de.uka.ilkd.key.proof.runallproofs.proofcollection.TestFile.runKey(TestFile.java:160)
	at de.uka.ilkd.key.proof.runallproofs.proofcollection.ForkedTestFileRunner.main(ForkedTestFileRunner.java:171)
Caused by: de.uka.ilkd.key.proof.init.ProofInputException: Could not find rule file rules/intRulesCheckedSemantics.key
	at de.uka.ilkd.key.proof.io.KeYFile.readIncludes(KeYFile.java:210)
	at de.uka.ilkd.key.proof.init.ProblemInitializer.readIncludes(ProblemInitializer.java:177)
	at de.uka.ilkd.key.proof.init.ProblemInitializer.readEnvInput(ProblemInitializer.java:325)
	at de.uka.ilkd.key.proof.init.ProblemInitializer.prepare(ProblemInitializer.java:449)
	at de.uka.ilkd.key.proof.io.AbstractProblemLoader.createInitConfig(AbstractProblemLoader.java:518)
	at de.uka.ilkd.key.proof.io.AbstractProblemLoader.loadEnvironment(AbstractProblemLoader.java:288)
	at de.uka.ilkd.key.proof.io.AbstractProblemLoader.load(AbstractProblemLoader.java:252)
	at de.uka.ilkd.key.control.AbstractUserInterfaceControl.load(AbstractUserInterfaceControl.java:209)
	... 7 more
Caused by: java.lang.RuntimeException: Could not find rule file rules/intRulesCheckedSemantics.key
	at de.uka.ilkd.key.proof.io.RuleSourceFactory.fromBuiltInRule(RuleSourceFactory.java:32)
	at de.uka.ilkd.key.proof.io.RuleSourceFactory.fromDefaultLocation(RuleSourceFactory.java:21)
	at de.uka.ilkd.key.nparser.builder.IncludeFinder.addInclude(IncludeFinder.java:63)
	at de.uka.ilkd.key.nparser.builder.IncludeFinder.visitOne_include(IncludeFinder.java:43)
	at de.uka.ilkd.key.nparser.builder.IncludeFinder.visitOne_include(IncludeFinder.java:20)
	at de.uka.ilkd.key.nparser.KeYParser$One_includeContext.accept(KeYParser.java:878)
	at de.uka.ilkd.key.nparser.builder.AbstractBuilder.lambda$mapOf$0(AbstractBuilder.java:112)
	at java.base/java.util.stream.ReferencePipeline$3$1.accept(ReferencePipeline.java:195)
	at java.base/java.util.ArrayList$ArrayListSpliterator.forEachRemaining(ArrayList.java:1655)
	at java.base/java.util.stream.AbstractPipeline.copyInto(AbstractPipeline.java:484)
	at java.base/java.util.stream.AbstractPipeline.wrapAndCopyInto(AbstractPipeline.java:474)
	at java.base/java.util.stream.ReduceOps$ReduceOp.evaluateSequential(ReduceOps.java:913)
	at java.base/java.util.stream.AbstractPipeline.evaluate(AbstractPipeline.java:234)
	at java.base/java.util.stream.ReferencePipeline.collect(ReferencePipeline.java:578)
	at de.uka.ilkd.key.nparser.builder.AbstractBuilder.mapOf(AbstractBuilder.java:112)
	at de.uka.ilkd.key.nparser.builder.IncludeFinder.visitOne_include_statement(IncludeFinder.java:35)
	at de.uka.ilkd.key.nparser.builder.IncludeFinder.visitOne_include_statement(IncludeFinder.java:20)
	at de.uka.ilkd.key.nparser.KeYParser$One_include_statementContext.accept(KeYParser.java:802)
	at org.antlr.v4.runtime.tree.AbstractParseTreeVisitor.visitChildren(AbstractParseTreeVisitor.java:46)
	at de.uka.ilkd.key.nparser.KeYParserBaseVisitor.visitDecls(KeYParserBaseVisitor.java:30)
	at de.uka.ilkd.key.nparser.KeYParser$DeclsContext.accept(KeYParser.java:500)
	at org.antlr.v4.runtime.tree.AbstractParseTreeVisitor.visitChildren(AbstractParseTreeVisitor.java:46)
	at de.uka.ilkd.key.nparser.KeYParserBaseVisitor.visitFile(KeYParserBaseVisitor.java:23)
	at de.uka.ilkd.key.nparser.KeYParser$FileContext.accept(KeYParser.java:306)
	at de.uka.ilkd.key.nparser.KeyAst.accept(KeyAst.java:41)
	at de.uka.ilkd.key.nparser.KeyAst$File.getIncludes(KeyAst.java:76)
	at de.uka.ilkd.key.proof.io.KeYFile.readIncludes(KeYFile.java:208)
	... 14 more
Could not find rule file rules/intRulesCheckedSemantics.key (file: /home/runner/work/key/key/key.core/../key.ui/examples/index/../InformationFlow/BlockContracts/contract.IFEfficiencyExamples(contract.IFEfficiencyExamples__mWithBlockContract()).Non-interference contract.0.key; caused by: de.uka.ilkd.key.proof.init.ProofInputException: Could not find rule file rules/intRulesCheckedSemantics.key)
	at de.uka.ilkd.key.control.AbstractUserInterfaceControl.load(AbstractUserInterfaceControl.java:221)
	at de.uka.ilkd.key.control.KeYEnvironment.load(KeYEnvironment.java:251)
	at de.uka.ilkd.key.control.KeYEnvironment.load(KeYEnvironment.java:224)
	at de.uka.ilkd.key.control.KeYEnvironment.load(KeYEnvironment.java:184)
	at de.uka.ilkd.key.control.KeYEnvironment.load(KeYEnvironment.java:261)
	at de.uka.ilkd.key.proof.runallproofs.proofcollection.TestFile.load(TestFile.java:270)
	at de.uka.ilkd.key.proof.runallproofs.proofcollection.TestFile.runKey(TestFile.java:160)
	at de.uka.ilkd.key.proof.runallproofs.proofcollection.ForkedTestFileRunner.main(ForkedTestFileRunner.java:171)
Caused by: de.uka.ilkd.key.proof.init.ProofInputException: Could not find rule file rules/intRulesCheckedSemantics.key
	at de.uka.ilkd.key.proof.io.KeYFile.readIncludes(KeYFile.java:210)
	at de.uka.ilkd.key.proof.init.ProblemInitializer.readIncludes(ProblemInitializer.java:177)
	at de.uka.ilkd.key.proof.init.ProblemInitializer.readEnvInput(ProblemInitializer.java:325)
	at de.uka.ilkd.key.proof.init.ProblemInitializer.prepare(ProblemInitializer.java:449)
	at de.uka.ilkd.key.proof.io.AbstractProblemLoader.createInitConfig(AbstractProblemLoader.java:518)
	at de.uka.ilkd.key.proof.io.AbstractProblemLoader.loadEnvironment(AbstractProblemLoader.java:288)
	at de.uka.ilkd.key.proof.io.AbstractProblemLoader.load(AbstractProblemLoader.java:252)
	at de.uka.ilkd.key.control.AbstractUserInterfaceControl.load(AbstractUserInterfaceControl.java:209)
	... 7 more
Caused by: java.lang.RuntimeException: Could not find rule file rules/intRulesCheckedSemantics.key
	at de.uka.ilkd.key.proof.io.RuleSourceFactory.fromBuiltInRule(RuleSourceFactory.java:32)
	at de.uka.ilkd.key.proof.io.RuleSourceFactory.fromDefaultLocation(RuleSourceFactory.java:21)
	at de.uka.ilkd.key.nparser.builder.IncludeFinder.addInclude(IncludeFinder.java:63)
	at de.uka.ilkd.key.nparser.builder.IncludeFinder.visitOne_include(IncludeFinder.java:43)
	at de.uka.ilkd.key.nparser.builder.IncludeFinder.visitOne_include(IncludeFinder.java:20)
	at de.uka.ilkd.key.nparser.KeYParser$One_includeContext.accept(KeYParser.java:878)
	at de.uka.ilkd.key.nparser.builder.AbstractBuilder.lambda$mapOf$0(AbstractBuilder.java:112)
	at java.base/java.util.stream.ReferencePipeline$3$1.accept(ReferencePipeline.java:195)
	at java.base/java.util.ArrayList$ArrayListSpliterator.forEachRemaining(ArrayList.java:1655)
	at java.base/java.util.stream.AbstractPipeline.copyInto(AbstractPipeline.java:484)
	at java.base/java.util.stream.AbstractPipeline.wrapAndCopyInto(AbstractPipeline.java:474)
	at java.base/java.util.stream.ReduceOps$ReduceOp.evaluateSequential(ReduceOps.java:913)
	at java.base/java.util.stream.AbstractPipeline.evaluate(AbstractPipeline.java:234)
	at java.base/java.util.stream.ReferencePipeline.collect(ReferencePipeline.java:578)
	at de.uka.ilkd.key.nparser.builder.AbstractBuilder.mapOf(AbstractBuilder.java:112)
	at de.uka.ilkd.key.nparser.builder.IncludeFinder.visitOne_include_statement(IncludeFinder.java:35)
	at de.uka.ilkd.key.nparser.builder.IncludeFinder.visitOne_include_statement(IncludeFinder.java:20)
	at de.uka.ilkd.key.nparser.KeYParser$One_include_statementContext.accept(KeYParser.java:802)
	at org.antlr.v4.runtime.tree.AbstractParseTreeVisitor.visitChildren(AbstractParseTreeVisitor.java:46)
	at de.uka.ilkd.key.nparser.KeYParserBaseVisitor.visitDecls(KeYParserBaseVisitor.java:30)
	at de.uka.ilkd.key.nparser.KeYParser$DeclsContext.accept(KeYParser.java:500)
	at org.antlr.v4.runtime.tree.AbstractParseTreeVisitor.visitChildren(AbstractParseTreeVisitor.java:46)
	at de.uka.ilkd.key.nparser.KeYParserBaseVisitor.visitFile(KeYParserBaseVisitor.java:23)
	at de.uka.ilkd.key.nparser.KeYParser$FileContext.accept(KeYParser.java:306)
	at de.uka.ilkd.key.nparser.KeyAst.accept(KeyAst.java:41)
	at de.uka.ilkd.key.nparser.KeyAst$File.getIncludes(KeyAst.java:76)
	at de.uka.ilkd.key.proof.io.KeYFile.readIncludes(KeYFile.java:208)
	... 14 more
Exception in thread "main" org.opentest4j.AssertionFailedError: Exception during the execution of proofs. See log for more details.
	at org.junit.jupiter.api.AssertionUtils.fail(AssertionUtils.java:39)
	at org.junit.jupiter.api.Assertions.fail(Assertions.java:134)
	at de.uka.ilkd.key.proof.runallproofs.proofcollection.ForkedTestFileRunner.main(ForkedTestFileRunner.java:192)
Timeout watcher launched (1000 secs.)
Could not find rule file rules/intRulesCheckedSemantics.key (file: /home/runner/work/key/key/key.core/../key.ui/examples/index/../InformationFlow/MethodContracts/contract.IFMethodContract(contract.IFMethodContract__secure_recursion_2((I,int)).Non-interference contract.0.key; caused by: de.uka.ilkd.key.proof.init.ProofInputException: Could not find rule file rules/intRulesCheckedSemantics.key)
	at de.uka.ilkd.key.control.AbstractUserInterfaceControl.load(AbstractUserInterfaceControl.java:221)
	at de.uka.ilkd.key.control.KeYEnvironment.load(KeYEnvironment.java:251)
	at de.uka.ilkd.key.control.KeYEnvironment.load(KeYEnvironment.java:224)
	at de.uka.ilkd.key.control.KeYEnvironment.load(KeYEnvironment.java:184)
	at de.uka.ilkd.key.control.KeYEnvironment.load(KeYEnvironment.java:261)
	at de.uka.ilkd.key.proof.runallproofs.proofcollection.TestFile.load(TestFile.java:270)
	at de.uka.ilkd.key.proof.runallproofs.proofcollection.TestFile.runKey(TestFile.java:160)
	at de.uka.ilkd.key.proof.runallproofs.proofcollection.ForkedTestFileRunner.main(ForkedTestFileRunner.java:171)
Caused by: de.uka.ilkd.key.proof.init.ProofInputException: Could not find rule file rules/intRulesCheckedSemantics.key
	at de.uka.ilkd.key.proof.io.KeYFile.readIncludes(KeYFile.java:210)
	at de.uka.ilkd.key.proof.init.ProblemInitializer.readIncludes(ProblemInitializer.java:177)
	at de.uka.ilkd.key.proof.init.ProblemInitializer.readEnvInput(ProblemInitializer.java:325)
	at de.uka.ilkd.key.proof.init.ProblemInitializer.prepare(ProblemInitializer.java:449)
	at de.uka.ilkd.key.proof.io.AbstractProblemLoader.createInitConfig(AbstractProblemLoader.java:518)
	at de.uka.ilkd.key.proof.io.AbstractProblemLoader.loadEnvironment(AbstractProblemLoader.java:288)
	at de.uka.ilkd.key.proof.io.AbstractProblemLoader.load(AbstractProblemLoader.java:252)
	at de.uka.ilkd.key.control.AbstractUserInterfaceControl.load(AbstractUserInterfaceControl.java:209)
	... 7 more
Caused by: java.lang.RuntimeException: Could not find rule file rules/intRulesCheckedSemantics.key
	at de.uka.ilkd.key.proof.io.RuleSourceFactory.fromBuiltInRule(RuleSourceFactory.java:32)
	at de.uka.ilkd.key.proof.io.RuleSourceFactory.fromDefaultLocation(RuleSourceFactory.java:21)
	at de.uka.ilkd.key.nparser.builder.IncludeFinder.addInclude(IncludeFinder.java:63)
	at de.uka.ilkd.key.nparser.builder.IncludeFinder.visitOne_include(IncludeFinder.java:43)
	at de.uka.ilkd.key.nparser.builder.IncludeFinder.visitOne_include(IncludeFinder.java:20)
	at de.uka.ilkd.key.nparser.KeYParser$One_includeContext.accept(KeYParser.java:878)
	at de.uka.ilkd.key.nparser.builder.AbstractBuilder.lambda$mapOf$0(AbstractBuilder.java:112)
	at java.base/java.util.stream.ReferencePipeline$3$1.accept(ReferencePipeline.java:195)
	at java.base/java.util.ArrayList$ArrayListSpliterator.forEachRemaining(ArrayList.java:1655)
	at java.base/java.util.stream.AbstractPipeline.copyInto(AbstractPipeline.java:484)
	at java.base/java.util.stream.AbstractPipeline.wrapAndCopyInto(AbstractPipeline.java:474)
	at java.base/java.util.stream.ReduceOps$ReduceOp.evaluateSequential(ReduceOps.java:913)
	at java.base/java.util.stream.AbstractPipeline.evaluate(AbstractPipeline.java:234)
	at java.base/java.util.stream.ReferencePipeline.collect(ReferencePipeline.java:578)
	at de.uka.ilkd.key.nparser.builder.AbstractBuilder.mapOf(AbstractBuilder.java:112)
	at de.uka.ilkd.key.nparser.builder.IncludeFinder.visitOne_include_statement(IncludeFinder.java:35)
	at de.uka.ilkd.key.nparser.builder.IncludeFinder.visitOne_include_statement(IncludeFinder.java:20)
	at de.uka.ilkd.key.nparser.KeYParser$One_include_statementContext.accept(KeYParser.java:802)
	at org.antlr.v4.runtime.tree.AbstractParseTreeVisitor.visitChildren(AbstractParseTreeVisitor.java:46)
	at de.uka.ilkd.key.nparser.KeYParserBaseVisitor.visitDecls(KeYParserBaseVisitor.java:30)
	at de.uka.ilkd.key.nparser.KeYParser$DeclsContext.accept(KeYParser.java:500)
	at org.antlr.v4.runtime.tree.AbstractParseTreeVisitor.visitChildren(AbstractParseTreeVisitor.java:46)
	at de.uka.ilkd.key.nparser.KeYParserBaseVisitor.visitFile(KeYParserBaseVisitor.java:23)
	at de.uka.ilkd.key.nparser.KeYParser$FileContext.accept(KeYParser.java:306)
	at de.uka.ilkd.key.nparser.KeyAst.accept(KeyAst.java:41)
	at de.uka.ilkd.key.nparser.KeyAst$File.getIncludes(KeyAst.java:76)
	at de.uka.ilkd.key.proof.io.KeYFile.readIncludes(KeYFile.java:208)
	... 14 more
Could not find rule file rules/intRulesCheckedSemantics.key (file: /home/runner/work/key/key/key.core/../key.ui/examples/index/../InformationFlow/MethodContracts/contract.IFMethodContract(contract.IFMethodContract__secure_recursion(int)).Non-interference contract.0.key; caused by: de.uka.ilkd.key.proof.init.ProofInputException: Could not find rule file rules/intRulesCheckedSemantics.key)
	at de.uka.ilkd.key.control.AbstractUserInterfaceControl.load(AbstractUserInterfaceControl.java:221)
	at de.uka.ilkd.key.control.KeYEnvironment.load(KeYEnvironment.java:251)
	at de.uka.ilkd.key.control.KeYEnvironment.load(KeYEnvironment.java:224)
	at de.uka.ilkd.key.control.KeYEnvironment.load(KeYEnvironment.java:184)
	at de.uka.ilkd.key.control.KeYEnvironment.load(KeYEnvironment.java:261)
	at de.uka.ilkd.key.proof.runallproofs.proofcollection.TestFile.load(TestFile.java:270)
	at de.uka.ilkd.key.proof.runallproofs.proofcollection.TestFile.runKey(TestFile.java:160)
	at de.uka.ilkd.key.proof.runallproofs.proofcollection.ForkedTestFileRunner.main(ForkedTestFileRunner.java:171)
Caused by: de.uka.ilkd.key.proof.init.ProofInputException: Could not find rule file rules/intRulesCheckedSemantics.key
	at de.uka.ilkd.key.proof.io.KeYFile.readIncludes(KeYFile.java:210)
	at de.uka.ilkd.key.proof.init.ProblemInitializer.readIncludes(ProblemInitializer.java:177)
	at de.uka.ilkd.key.proof.init.ProblemInitializer.readEnvInput(ProblemInitializer.java:325)
	at de.uka.ilkd.key.proof.init.ProblemInitializer.prepare(ProblemInitializer.java:449)
	at de.uka.ilkd.key.proof.io.AbstractProblemLoader.createInitConfig(AbstractProblemLoader.java:518)
	at de.uka.ilkd.key.proof.io.AbstractProblemLoader.loadEnvironment(AbstractProblemLoader.java:288)
	at de.uka.ilkd.key.proof.io.AbstractProblemLoader.load(AbstractProblemLoader.java:252)
	at de.uka.ilkd.key.control.AbstractUserInterfaceControl.load(AbstractUserInterfaceControl.java:209)
	... 7 more
Caused by: java.lang.RuntimeException: Could not find rule file rules/intRulesCheckedSemantics.key
	at de.uka.ilkd.key.proof.io.RuleSourceFactory.fromBuiltInRule(RuleSourceFactory.java:32)
	at de.uka.ilkd.key.proof.io.RuleSourceFactory.fromDefaultLocation(RuleSourceFactory.java:21)
	at de.uka.ilkd.key.nparser.builder.IncludeFinder.addInclude(IncludeFinder.java:63)
	at de.uka.ilkd.key.nparser.builder.IncludeFinder.visitOne_include(IncludeFinder.java:43)
	at de.uka.ilkd.key.nparser.builder.IncludeFinder.visitOne_include(IncludeFinder.java:20)
	at de.uka.ilkd.key.nparser.KeYParser$One_includeContext.accept(KeYParser.java:878)
	at de.uka.ilkd.key.nparser.builder.AbstractBuilder.lambda$mapOf$0(AbstractBuilder.java:112)
	at java.base/java.util.stream.ReferencePipeline$3$1.accept(ReferencePipeline.java:195)
	at java.base/java.util.ArrayList$ArrayListSpliterator.forEachRemaining(ArrayList.java:1655)
	at java.base/java.util.stream.AbstractPipeline.copyInto(AbstractPipeline.java:484)
	at java.base/java.util.stream.AbstractPipeline.wrapAndCopyInto(AbstractPipeline.java:474)
	at java.base/java.util.stream.ReduceOps$ReduceOp.evaluateSequential(ReduceOps.java:913)
	at java.base/java.util.stream.AbstractPipeline.evaluate(AbstractPipeline.java:234)
	at java.base/java.util.stream.ReferencePipeline.collect(ReferencePipeline.java:578)
	at de.uka.ilkd.key.nparser.builder.AbstractBuilder.mapOf(AbstractBuilder.java:112)
	at de.uka.ilkd.key.nparser.builder.IncludeFinder.visitOne_include_statement(IncludeFinder.java:35)
	at de.uka.ilkd.key.nparser.builder.IncludeFinder.visitOne_include_statement(IncludeFinder.java:20)
	at de.uka.ilkd.key.nparser.KeYParser$One_include_statementContext.accept(KeYParser.java:802)
	at org.antlr.v4.runtime.tree.AbstractParseTreeVisitor.visitChildren(AbstractParseTreeVisitor.java:46)
	at de.uka.ilkd.key.nparser.KeYParserBaseVisitor.visitDecls(KeYParserBaseVisitor.java:30)
	at de.uka.ilkd.key.nparser.KeYParser$DeclsContext.accept(KeYParser.java:500)
	at org.antlr.v4.runtime.tree.AbstractParseTreeVisitor.visitChildren(AbstractParseTreeVisitor.java:46)
	at de.uka.ilkd.key.nparser.KeYParserBaseVisitor.visitFile(KeYParserBaseVisitor.java:23)
	at de.uka.ilkd.key.nparser.KeYParser$FileContext.accept(KeYParser.java:306)
	at de.uka.ilkd.key.nparser.KeyAst.accept(KeyAst.java:41)
	at de.uka.ilkd.key.nparser.KeyAst$File.getIncludes(KeyAst.java:76)
	at de.uka.ilkd.key.proof.io.KeYFile.readIncludes(KeYFile.java:208)
	... 14 more
Could not find rule file rules/intRulesCheckedSemantics.key (file: /home/runner/work/key/key/key.core/../key.ui/examples/index/../InformationFlow/MethodContracts/contract.IFMethodContract(contract.IFMethodContract__secure_catch_exception()).Non-interference contract.0.key; caused by: de.uka.ilkd.key.proof.init.ProofInputException: Could not find rule file rules/intRulesCheckedSemantics.key)
	at de.uka.ilkd.key.control.AbstractUserInterfaceControl.load(AbstractUserInterfaceControl.java:221)
	at de.uka.ilkd.key.control.KeYEnvironment.load(KeYEnvironment.java:251)
	at de.uka.ilkd.key.control.KeYEnvironment.load(KeYEnvironment.java:224)
	at de.uka.ilkd.key.control.KeYEnvironment.load(KeYEnvironment.java:184)
	at de.uka.ilkd.key.control.KeYEnvironment.load(KeYEnvironment.java:261)
	at de.uka.ilkd.key.proof.runallproofs.proofcollection.TestFile.load(TestFile.java:270)
	at de.uka.ilkd.key.proof.runallproofs.proofcollection.TestFile.runKey(TestFile.java:160)
	at de.uka.ilkd.key.proof.runallproofs.proofcollection.ForkedTestFileRunner.main(ForkedTestFileRunner.java:171)
Caused by: de.uka.ilkd.key.proof.init.ProofInputException: Could not find rule file rules/intRulesCheckedSemantics.key
	at de.uka.ilkd.key.proof.io.KeYFile.readIncludes(KeYFile.java:210)
	at de.uka.ilkd.key.proof.init.ProblemInitializer.readIncludes(ProblemInitializer.java:177)
	at de.uka.ilkd.key.proof.init.ProblemInitializer.readEnvInput(ProblemInitializer.java:325)
	at de.uka.ilkd.key.proof.init.ProblemInitializer.prepare(ProblemInitializer.java:449)
	at de.uka.ilkd.key.proof.io.AbstractProblemLoader.createInitConfig(AbstractProblemLoader.java:518)
	at de.uka.ilkd.key.proof.io.AbstractProblemLoader.loadEnvironment(AbstractProblemLoader.java:288)
	at de.uka.ilkd.key.proof.io.AbstractProblemLoader.load(AbstractProblemLoader.java:252)
	at de.uka.ilkd.key.control.AbstractUserInterfaceControl.load(AbstractUserInterfaceControl.java:209)
	... 7 more
Caused by: java.lang.RuntimeException: Could not find rule file rules/intRulesCheckedSemantics.key
	at de.uka.ilkd.key.proof.io.RuleSourceFactory.fromBuiltInRule(RuleSourceFactory.java:32)
	at de.uka.ilkd.key.proof.io.RuleSourceFactory.fromDefaultLocation(RuleSourceFactory.java:21)
	at de.uka.ilkd.key.nparser.builder.IncludeFinder.addInclude(IncludeFinder.java:63)
	at de.uka.ilkd.key.nparser.builder.IncludeFinder.visitOne_include(IncludeFinder.java:43)
	at de.uka.ilkd.key.nparser.builder.IncludeFinder.visitOne_include(IncludeFinder.java:20)
	at de.uka.ilkd.key.nparser.KeYParser$One_includeContext.accept(KeYParser.java:878)
	at de.uka.ilkd.key.nparser.builder.AbstractBuilder.lambda$mapOf$0(AbstractBuilder.java:112)
	at java.base/java.util.stream.ReferencePipeline$3$1.accept(ReferencePipeline.java:195)
	at java.base/java.util.ArrayList$ArrayListSpliterator.forEachRemaining(ArrayList.java:1655)
	at java.base/java.util.stream.AbstractPipeline.copyInto(AbstractPipeline.java:484)
	at java.base/java.util.stream.AbstractPipeline.wrapAndCopyInto(AbstractPipeline.java:474)
	at java.base/java.util.stream.ReduceOps$ReduceOp.evaluateSequential(ReduceOps.java:913)
	at java.base/java.util.stream.AbstractPipeline.evaluate(AbstractPipeline.java:234)
	at java.base/java.util.stream.ReferencePipeline.collect(ReferencePipeline.java:578)
	at de.uka.ilkd.key.nparser.builder.AbstractBuilder.mapOf(AbstractBuilder.java:112)
	at de.uka.ilkd.key.nparser.builder.IncludeFinder.visitOne_include_statement(IncludeFinder.java:35)
	at de.uka.ilkd.key.nparser.builder.IncludeFinder.visitOne_include_statement(IncludeFinder.java:20)
	at de.uka.ilkd.key.nparser.KeYParser$One_include_statementContext.accept(KeYParser.java:802)
	at org.antlr.v4.runtime.tree.AbstractParseTreeVisitor.visitChildren(AbstractParseTreeVisitor.java:46)
	at de.uka.ilkd.key.nparser.KeYParserBaseVisitor.visitDecls(KeYParserBaseVisitor.java:30)
	at de.uka.ilkd.key.nparser.KeYParser$DeclsContext.accept(KeYParser.java:500)
	at org.antlr.v4.runtime.tree.AbstractParseTreeVisitor.visitChildren(AbstractParseTreeVisitor.java:46)
	at de.uka.ilkd.key.nparser.KeYParserBaseVisitor.visitFile(KeYParserBaseVisitor.java:23)
	at de.uka.ilkd.key.nparser.KeYParser$FileContext.accept(KeYParser.java:306)
	at de.uka.ilkd.key.nparser.KeyAst.accept(KeyAst.java:41)
	at de.uka.ilkd.key.nparser.KeyAst$File.getIncludes(KeyAst.java:76)
	at de.uka.ilkd.key.proof.io.KeYFile.readIncludes(KeYFile.java:208)
	... 14 more
Could not find rule file rules/intRulesCheckedSemantics.key (file: /home/runner/work/key/key/key.core/../key.ui/examples/index/../InformationFlow/MethodContracts/contract.IFMethodContract(contract.IFMethodContract__n6()).Non-interference contract.0.key; caused by: de.uka.ilkd.key.proof.init.ProofInputException: Could not find rule file rules/intRulesCheckedSemantics.key)
	at de.uka.ilkd.key.control.AbstractUserInterfaceControl.load(AbstractUserInterfaceControl.java:221)
	at de.uka.ilkd.key.control.KeYEnvironment.load(KeYEnvironment.java:251)
	at de.uka.ilkd.key.control.KeYEnvironment.load(KeYEnvironment.java:224)
	at de.uka.ilkd.key.control.KeYEnvironment.load(KeYEnvironment.java:184)
	at de.uka.ilkd.key.control.KeYEnvironment.load(KeYEnvironment.java:261)
	at de.uka.ilkd.key.proof.runallproofs.proofcollection.TestFile.load(TestFile.java:270)
	at de.uka.ilkd.key.proof.runallproofs.proofcollection.TestFile.runKey(TestFile.java:160)
	at de.uka.ilkd.key.proof.runallproofs.proofcollection.ForkedTestFileRunner.main(ForkedTestFileRunner.java:171)
Caused by: de.uka.ilkd.key.proof.init.ProofInputException: Could not find rule file rules/intRulesCheckedSemantics.key
	at de.uka.ilkd.key.proof.io.KeYFile.readIncludes(KeYFile.java:210)
	at de.uka.ilkd.key.proof.init.ProblemInitializer.readIncludes(ProblemInitializer.java:177)
	at de.uka.ilkd.key.proof.init.ProblemInitializer.readEnvInput(ProblemInitializer.java:325)
	at de.uka.ilkd.key.proof.init.ProblemInitializer.prepare(ProblemInitializer.java:449)
	at de.uka.ilkd.key.proof.io.AbstractProblemLoader.createInitConfig(AbstractProblemLoader.java:518)
	at de.uka.ilkd.key.proof.io.AbstractProblemLoader.loadEnvironment(AbstractProblemLoader.java:288)
	at de.uka.ilkd.key.proof.io.AbstractProblemLoader.load(AbstractProblemLoader.java:252)
	at de.uka.ilkd.key.control.AbstractUserInterfaceControl.load(AbstractUserInterfaceControl.java:209)
	... 7 more
Caused by: java.lang.RuntimeException: Could not find rule file rules/intRulesCheckedSemantics.key
	at de.uka.ilkd.key.proof.io.RuleSourceFactory.fromBuiltInRule(RuleSourceFactory.java:32)
	at de.uka.ilkd.key.proof.io.RuleSourceFactory.fromDefaultLocation(RuleSourceFactory.java:21)
	at de.uka.ilkd.key.nparser.builder.IncludeFinder.addInclude(IncludeFinder.java:63)
	at de.uka.ilkd.key.nparser.builder.IncludeFinder.visitOne_include(IncludeFinder.java:43)
	at de.uka.ilkd.key.nparser.builder.IncludeFinder.visitOne_include(IncludeFinder.java:20)
	at de.uka.ilkd.key.nparser.KeYParser$One_includeContext.accept(KeYParser.java:878)
	at de.uka.ilkd.key.nparser.builder.AbstractBuilder.lambda$mapOf$0(AbstractBuilder.java:112)
	at java.base/java.util.stream.ReferencePipeline$3$1.accept(ReferencePipeline.java:195)
	at java.base/java.util.ArrayList$ArrayListSpliterator.forEachRemaining(ArrayList.java:1655)
	at java.base/java.util.stream.AbstractPipeline.copyInto(AbstractPipeline.java:484)
	at java.base/java.util.stream.AbstractPipeline.wrapAndCopyInto(AbstractPipeline.java:474)
	at java.base/java.util.stream.ReduceOps$ReduceOp.evaluateSequential(ReduceOps.java:913)
	at java.base/java.util.stream.AbstractPipeline.evaluate(AbstractPipeline.java:234)
	at java.base/java.util.stream.ReferencePipeline.collect(ReferencePipeline.java:578)
	at de.uka.ilkd.key.nparser.builder.AbstractBuilder.mapOf(AbstractBuilder.java:112)
	at de.uka.ilkd.key.nparser.builder.IncludeFinder.visitOne_include_statement(IncludeFinder.java:35)
	at de.uka.ilkd.key.nparser.builder.IncludeFinder.visitOne_include_statement(IncludeFinder.java:20)
	at de.uka.ilkd.key.nparser.KeYParser$One_include_statementContext.accept(KeYParser.java:802)
	at org.antlr.v4.runtime.tree.AbstractParseTreeVisitor.visitChildren(AbstractParseTreeVisitor.java:46)
	at de.uka.ilkd.key.nparser.KeYParserBaseVisitor.visitDecls(KeYParserBaseVisitor.java:30)
	at de.uka.ilkd.key.nparser.KeYParser$DeclsContext.accept(KeYParser.java:500)
	at org.antlr.v4.runtime.tree.AbstractParseTreeVisitor.visitChildren(AbstractParseTreeVisitor.java:46)
	at de.uka.ilkd.key.nparser.KeYParserBaseVisitor.visitFile(KeYParserBaseVisitor.java:23)
	at de.uka.ilkd.key.nparser.KeYParser$FileContext.accept(KeYParser.java:306)
	at de.uka.ilkd.key.nparser.KeyAst.accept(KeyAst.java:41)
	at de.uka.ilkd.key.nparser.KeyAst$File.getIncludes(KeyAst.java:76)
	at de.uka.ilkd.key.proof.io.KeYFile.readIncludes(KeYFile.java:208)
	... 14 more
Could not find rule file rules/intRulesCheckedSemantics.key (file: /home/runner/work/key/key/key.core/../key.ui/examples/index/../InformationFlow/MethodContracts/contract.IFMethodContract(contract.IFMethodContract__secure_n6()).Non-interference contract.0.key; caused by: de.uka.ilkd.key.proof.init.ProofInputException: Could not find rule file rules/intRulesCheckedSemantics.key)
	at de.uka.ilkd.key.control.AbstractUserInterfaceControl.load(AbstractUserInterfaceControl.java:221)
	at de.uka.ilkd.key.control.KeYEnvironment.load(KeYEnvironment.java:251)
	at de.uka.ilkd.key.control.KeYEnvironment.load(KeYEnvironment.java:224)
	at de.uka.ilkd.key.control.KeYEnvironment.load(KeYEnvironment.java:184)
	at de.uka.ilkd.key.control.KeYEnvironment.load(KeYEnvironment.java:261)
	at de.uka.ilkd.key.proof.runallproofs.proofcollection.TestFile.load(TestFile.java:270)
	at de.uka.ilkd.key.proof.runallproofs.proofcollection.TestFile.runKey(TestFile.java:160)
	at de.uka.ilkd.key.proof.runallproofs.proofcollection.ForkedTestFileRunner.main(ForkedTestFileRunner.java:171)
Caused by: de.uka.ilkd.key.proof.init.ProofInputException: Could not find rule file rules/intRulesCheckedSemantics.key
	at de.uka.ilkd.key.proof.io.KeYFile.readIncludes(KeYFile.java:210)
	at de.uka.ilkd.key.proof.init.ProblemInitializer.readIncludes(ProblemInitializer.java:177)
	at de.uka.ilkd.key.proof.init.ProblemInitializer.readEnvInput(ProblemInitializer.java:325)
	at de.uka.ilkd.key.proof.init.ProblemInitializer.prepare(ProblemInitializer.java:449)
	at de.uka.ilkd.key.proof.io.AbstractProblemLoader.createInitConfig(AbstractProblemLoader.java:518)
	at de.uka.ilkd.key.proof.io.AbstractProblemLoader.loadEnvironment(AbstractProblemLoader.java:288)
	at de.uka.ilkd.key.proof.io.AbstractProblemLoader.load(AbstractProblemLoader.java:252)
	at de.uka.ilkd.key.control.AbstractUserInterfaceControl.load(AbstractUserInterfaceControl.java:209)
	... 7 more
Caused by: java.lang.RuntimeException: Could not find rule file rules/intRulesCheckedSemantics.key
	at de.uka.ilkd.key.proof.io.RuleSourceFactory.fromBuiltInRule(RuleSourceFactory.java:32)
	at de.uka.ilkd.key.proof.io.RuleSourceFactory.fromDefaultLocation(RuleSourceFactory.java:21)
	at de.uka.ilkd.key.nparser.builder.IncludeFinder.addInclude(IncludeFinder.java:63)
	at de.uka.ilkd.key.nparser.builder.IncludeFinder.visitOne_include(IncludeFinder.java:43)
	at de.uka.ilkd.key.nparser.builder.IncludeFinder.visitOne_include(IncludeFinder.java:20)
	at de.uka.ilkd.key.nparser.KeYParser$One_includeContext.accept(KeYParser.java:878)
	at de.uka.ilkd.key.nparser.builder.AbstractBuilder.lambda$mapOf$0(AbstractBuilder.java:112)
	at java.base/java.util.stream.ReferencePipeline$3$1.accept(ReferencePipeline.java:195)
	at java.base/java.util.ArrayList$ArrayListSpliterator.forEachRemaining(ArrayList.java:1655)
	at java.base/java.util.stream.AbstractPipeline.copyInto(AbstractPipeline.java:484)
	at java.base/java.util.stream.AbstractPipeline.wrapAndCopyInto(AbstractPipeline.java:474)
	at java.base/java.util.stream.ReduceOps$ReduceOp.evaluateSequential(ReduceOps.java:913)
	at java.base/java.util.stream.AbstractPipeline.evaluate(AbstractPipeline.java:234)
	at java.base/java.util.stream.ReferencePipeline.collect(ReferencePipeline.java:578)
	at de.uka.ilkd.key.nparser.builder.AbstractBuilder.mapOf(AbstractBuilder.java:112)
	at de.uka.ilkd.key.nparser.builder.IncludeFinder.visitOne_include_statement(IncludeFinder.java:35)
	at de.uka.ilkd.key.nparser.builder.IncludeFinder.visitOne_include_statement(IncludeFinder.java:20)
	at de.uka.ilkd.key.nparser.KeYParser$One_include_statementContext.accept(KeYParser.java:802)
	at org.antlr.v4.runtime.tree.AbstractParseTreeVisitor.visitChildren(AbstractParseTreeVisitor.java:46)
	at de.uka.ilkd.key.nparser.KeYParserBaseVisitor.visitDecls(KeYParserBaseVisitor.java:30)
	at de.uka.ilkd.key.nparser.KeYParser$DeclsContext.accept(KeYParser.java:500)
	at org.antlr.v4.runtime.tree.AbstractParseTreeVisitor.visitChildren(AbstractParseTreeVisitor.java:46)
	at de.uka.ilkd.key.nparser.KeYParserBaseVisitor.visitFile(KeYParserBaseVisitor.java:23)
	at de.uka.ilkd.key.nparser.KeYParser$FileContext.accept(KeYParser.java:306)
	at de.uka.ilkd.key.nparser.KeyAst.accept(KeyAst.java:41)
	at de.uka.ilkd.key.nparser.KeyAst$File.getIncludes(KeyAst.java:76)
	at de.uka.ilkd.key.proof.io.KeYFile.readIncludes(KeYFile.java:208)
	... 14 more
Could not find rule file rules/intRulesCheckedSemantics.key (file: /home/runner/work/key/key/key.core/../key.ui/examples/index/../InformationFlow/MethodContracts/contract.IFMethodContract(contract.IFMethodContract__secure_array_param((I,int)).Non-interference contract.0.key; caused by: de.uka.ilkd.key.proof.init.ProofInputException: Could not find rule file rules/intRulesCheckedSemantics.key)
	at de.uka.ilkd.key.control.AbstractUserInterfaceControl.load(AbstractUserInterfaceControl.java:221)
	at de.uka.ilkd.key.control.KeYEnvironment.load(KeYEnvironment.java:251)
	at de.uka.ilkd.key.control.KeYEnvironment.load(KeYEnvironment.java:224)
	at de.uka.ilkd.key.control.KeYEnvironment.load(KeYEnvironment.java:184)
	at de.uka.ilkd.key.control.KeYEnvironment.load(KeYEnvironment.java:261)
	at de.uka.ilkd.key.proof.runallproofs.proofcollection.TestFile.load(TestFile.java:270)
	at de.uka.ilkd.key.proof.runallproofs.proofcollection.TestFile.runKey(TestFile.java:160)
	at de.uka.ilkd.key.proof.runallproofs.proofcollection.ForkedTestFileRunner.main(ForkedTestFileRunner.java:171)
Caused by: de.uka.ilkd.key.proof.init.ProofInputException: Could not find rule file rules/intRulesCheckedSemantics.key
	at de.uka.ilkd.key.proof.io.KeYFile.readIncludes(KeYFile.java:210)
	at de.uka.ilkd.key.proof.init.ProblemInitializer.readIncludes(ProblemInitializer.java:177)
	at de.uka.ilkd.key.proof.init.ProblemInitializer.readEnvInput(ProblemInitializer.java:325)
	at de.uka.ilkd.key.proof.init.ProblemInitializer.prepare(ProblemInitializer.java:449)
	at de.uka.ilkd.key.proof.io.AbstractProblemLoader.createInitConfig(AbstractProblemLoader.java:518)
	at de.uka.ilkd.key.proof.io.AbstractProblemLoader.loadEnvironment(AbstractProblemLoader.java:288)
	at de.uka.ilkd.key.proof.io.AbstractProblemLoader.load(AbstractProblemLoader.java:252)
	at de.uka.ilkd.key.control.AbstractUserInterfaceControl.load(AbstractUserInterfaceControl.java:209)
	... 7 more
Caused by: java.lang.RuntimeException: Could not find rule file rules/intRulesCheckedSemantics.key
	at de.uka.ilkd.key.proof.io.RuleSourceFactory.fromBuiltInRule(RuleSourceFactory.java:32)
	at de.uka.ilkd.key.proof.io.RuleSourceFactory.fromDefaultLocation(RuleSourceFactory.java:21)
	at de.uka.ilkd.key.nparser.builder.IncludeFinder.addInclude(IncludeFinder.java:63)
	at de.uka.ilkd.key.nparser.builder.IncludeFinder.visitOne_include(IncludeFinder.java:43)
	at de.uka.ilkd.key.nparser.builder.IncludeFinder.visitOne_include(IncludeFinder.java:20)
	at de.uka.ilkd.key.nparser.KeYParser$One_includeContext.accept(KeYParser.java:878)
	at de.uka.ilkd.key.nparser.builder.AbstractBuilder.lambda$mapOf$0(AbstractBuilder.java:112)
	at java.base/java.util.stream.ReferencePipeline$3$1.accept(ReferencePipeline.java:195)
	at java.base/java.util.ArrayList$ArrayListSpliterator.forEachRemaining(ArrayList.java:1655)
	at java.base/java.util.stream.AbstractPipeline.copyInto(AbstractPipeline.java:484)
	at java.base/java.util.stream.AbstractPipeline.wrapAndCopyInto(AbstractPipeline.java:474)
	at java.base/java.util.stream.ReduceOps$ReduceOp.evaluateSequential(ReduceOps.java:913)
	at java.base/java.util.stream.AbstractPipeline.evaluate(AbstractPipeline.java:234)
	at java.base/java.util.stream.ReferencePipeline.collect(ReferencePipeline.java:578)
	at de.uka.ilkd.key.nparser.builder.AbstractBuilder.mapOf(AbstractBuilder.java:112)
	at de.uka.ilkd.key.nparser.builder.IncludeFinder.visitOne_include_statement(IncludeFinder.java:35)
	at de.uka.ilkd.key.nparser.builder.IncludeFinder.visitOne_include_statement(IncludeFinder.java:20)
	at de.uka.ilkd.key.nparser.KeYParser$One_include_statementContext.accept(KeYParser.java:802)
	at org.antlr.v4.runtime.tree.AbstractParseTreeVisitor.visitChildren(AbstractParseTreeVisitor.java:46)
	at de.uka.ilkd.key.nparser.KeYParserBaseVisitor.visitDecls(KeYParserBaseVisitor.java:30)
	at de.uka.ilkd.key.nparser.KeYParser$DeclsContext.accept(KeYParser.java:500)
	at org.antlr.v4.runtime.tree.AbstractParseTreeVisitor.visitChildren(AbstractParseTreeVisitor.java:46)
	at de.uka.ilkd.key.nparser.KeYParserBaseVisitor.visitFile(KeYParserBaseVisitor.java:23)
	at de.uka.ilkd.key.nparser.KeYParser$FileContext.accept(KeYParser.java:306)
	at de.uka.ilkd.key.nparser.KeyAst.accept(KeyAst.java:41)
	at de.uka.ilkd.key.nparser.KeyAst$File.getIncludes(KeyAst.java:76)
	at de.uka.ilkd.key.proof.io.KeYFile.readIncludes(KeYFile.java:208)
	... 14 more
Could not find rule file rules/intRulesCheckedSemantics.key (file: /home/runner/work/key/key/key.core/../key.ui/examples/index/../InformationFlow/MethodContracts/contract.IFMethodContract(contract.IFMethodContract__secure_assignment_0_n9()).Non-interference contract.0.key; caused by: de.uka.ilkd.key.proof.init.ProofInputException: Could not find rule file rules/intRulesCheckedSemantics.key)
	at de.uka.ilkd.key.control.AbstractUserInterfaceControl.load(AbstractUserInterfaceControl.java:221)
	at de.uka.ilkd.key.control.KeYEnvironment.load(KeYEnvironment.java:251)
	at de.uka.ilkd.key.control.KeYEnvironment.load(KeYEnvironment.java:224)
	at de.uka.ilkd.key.control.KeYEnvironment.load(KeYEnvironment.java:184)
	at de.uka.ilkd.key.control.KeYEnvironment.load(KeYEnvironment.java:261)
	at de.uka.ilkd.key.proof.runallproofs.proofcollection.TestFile.load(TestFile.java:270)
	at de.uka.ilkd.key.proof.runallproofs.proofcollection.TestFile.runKey(TestFile.java:160)
	at de.uka.ilkd.key.proof.runallproofs.proofcollection.ForkedTestFileRunner.main(ForkedTestFileRunner.java:171)
Caused by: de.uka.ilkd.key.proof.init.ProofInputException: Could not find rule file rules/intRulesCheckedSemantics.key
	at de.uka.ilkd.key.proof.io.KeYFile.readIncludes(KeYFile.java:210)
	at de.uka.ilkd.key.proof.init.ProblemInitializer.readIncludes(ProblemInitializer.java:177)
	at de.uka.ilkd.key.proof.init.ProblemInitializer.readEnvInput(ProblemInitializer.java:325)
	at de.uka.ilkd.key.proof.init.ProblemInitializer.prepare(ProblemInitializer.java:449)
	at de.uka.ilkd.key.proof.io.AbstractProblemLoader.createInitConfig(AbstractProblemLoader.java:518)
	at de.uka.ilkd.key.proof.io.AbstractProblemLoader.loadEnvironment(AbstractProblemLoader.java:288)
	at de.uka.ilkd.key.proof.io.AbstractProblemLoader.load(AbstractProblemLoader.java:252)
	at de.uka.ilkd.key.control.AbstractUserInterfaceControl.load(AbstractUserInterfaceControl.java:209)
	... 7 more
Caused by: java.lang.RuntimeException: Could not find rule file rules/intRulesCheckedSemantics.key
	at de.uka.ilkd.key.proof.io.RuleSourceFactory.fromBuiltInRule(RuleSourceFactory.java:32)
	at de.uka.ilkd.key.proof.io.RuleSourceFactory.fromDefaultLocation(RuleSourceFactory.java:21)
	at de.uka.ilkd.key.nparser.builder.IncludeFinder.addInclude(IncludeFinder.java:63)
	at de.uka.ilkd.key.nparser.builder.IncludeFinder.visitOne_include(IncludeFinder.java:43)
	at de.uka.ilkd.key.nparser.builder.IncludeFinder.visitOne_include(IncludeFinder.java:20)
	at de.uka.ilkd.key.nparser.KeYParser$One_includeContext.accept(KeYParser.java:878)
	at de.uka.ilkd.key.nparser.builder.AbstractBuilder.lambda$mapOf$0(AbstractBuilder.java:112)
	at java.base/java.util.stream.ReferencePipeline$3$1.accept(ReferencePipeline.java:195)
	at java.base/java.util.ArrayList$ArrayListSpliterator.forEachRemaining(ArrayList.java:1655)
	at java.base/java.util.stream.AbstractPipeline.copyInto(AbstractPipeline.java:484)
	at java.base/java.util.stream.AbstractPipeline.wrapAndCopyInto(AbstractPipeline.java:474)
	at java.base/java.util.stream.ReduceOps$ReduceOp.evaluateSequential(ReduceOps.java:913)
	at java.base/java.util.stream.AbstractPipeline.evaluate(AbstractPipeline.java:234)
	at java.base/java.util.stream.ReferencePipeline.collect(ReferencePipeline.java:578)
	at de.uka.ilkd.key.nparser.builder.AbstractBuilder.mapOf(AbstractBuilder.java:112)
	at de.uka.ilkd.key.nparser.builder.IncludeFinder.visitOne_include_statement(IncludeFinder.java:35)
	at de.uka.ilkd.key.nparser.builder.IncludeFinder.visitOne_include_statement(IncludeFinder.java:20)
	at de.uka.ilkd.key.nparser.KeYParser$One_include_statementContext.accept(KeYParser.java:802)
	at org.antlr.v4.runtime.tree.AbstractParseTreeVisitor.visitChildren(AbstractParseTreeVisitor.java:46)
	at de.uka.ilkd.key.nparser.KeYParserBaseVisitor.visitDecls(KeYParserBaseVisitor.java:30)
	at de.uka.ilkd.key.nparser.KeYParser$DeclsContext.accept(KeYParser.java:500)
	at org.antlr.v4.runtime.tree.AbstractParseTreeVisitor.visitChildren(AbstractParseTreeVisitor.java:46)
	at de.uka.ilkd.key.nparser.KeYParserBaseVisitor.visitFile(KeYParserBaseVisitor.java:23)
	at de.uka.ilkd.key.nparser.KeYParser$FileContext.accept(KeYParser.java:306)
	at de.uka.ilkd.key.nparser.KeyAst.accept(KeyAst.java:41)
	at de.uka.ilkd.key.nparser.KeyAst$File.getIncludes(KeyAst.java:76)
	at de.uka.ilkd.key.proof.io.KeYFile.readIncludes(KeYFile.java:208)
	... 14 more
Could not find rule file rules/intRulesCheckedSemantics.key (file: /home/runner/work/key/key/key.core/../key.ui/examples/index/../InformationFlow/MethodContracts/contract.IFMethodContract(contract.IFMethodContract__insecure_if_high_n5_n1()).Non-interference contract.0.key; caused by: de.uka.ilkd.key.proof.init.ProofInputException: Could not find rule file rules/intRulesCheckedSemantics.key)
	at de.uka.ilkd.key.control.AbstractUserInterfaceControl.load(AbstractUserInterfaceControl.java:221)
	at de.uka.ilkd.key.control.KeYEnvironment.load(KeYEnvironment.java:251)
	at de.uka.ilkd.key.control.KeYEnvironment.load(KeYEnvironment.java:224)
	at de.uka.ilkd.key.control.KeYEnvironment.load(KeYEnvironment.java:184)
	at de.uka.ilkd.key.control.KeYEnvironment.load(KeYEnvironment.java:261)
	at de.uka.ilkd.key.proof.runallproofs.proofcollection.TestFile.load(TestFile.java:270)
	at de.uka.ilkd.key.proof.runallproofs.proofcollection.TestFile.runKey(TestFile.java:160)
	at de.uka.ilkd.key.proof.runallproofs.proofcollection.ForkedTestFileRunner.main(ForkedTestFileRunner.java:171)
Caused by: de.uka.ilkd.key.proof.init.ProofInputException: Could not find rule file rules/intRulesCheckedSemantics.key
	at de.uka.ilkd.key.proof.io.KeYFile.readIncludes(KeYFile.java:210)
	at de.uka.ilkd.key.proof.init.ProblemInitializer.readIncludes(ProblemInitializer.java:177)
	at de.uka.ilkd.key.proof.init.ProblemInitializer.readEnvInput(ProblemInitializer.java:325)
	at de.uka.ilkd.key.proof.init.ProblemInitializer.prepare(ProblemInitializer.java:449)
	at de.uka.ilkd.key.proof.io.AbstractProblemLoader.createInitConfig(AbstractProblemLoader.java:518)
	at de.uka.ilkd.key.proof.io.AbstractProblemLoader.loadEnvironment(AbstractProblemLoader.java:288)
	at de.uka.ilkd.key.proof.io.AbstractProblemLoader.load(AbstractProblemLoader.java:252)
	at de.uka.ilkd.key.control.AbstractUserInterfaceControl.load(AbstractUserInterfaceControl.java:209)
	... 7 more
Caused by: java.lang.RuntimeException: Could not find rule file rules/intRulesCheckedSemantics.key
	at de.uka.ilkd.key.proof.io.RuleSourceFactory.fromBuiltInRule(RuleSourceFactory.java:32)
	at de.uka.ilkd.key.proof.io.RuleSourceFactory.fromDefaultLocation(RuleSourceFactory.java:21)
	at de.uka.ilkd.key.nparser.builder.IncludeFinder.addInclude(IncludeFinder.java:63)
	at de.uka.ilkd.key.nparser.builder.IncludeFinder.visitOne_include(IncludeFinder.java:43)
	at de.uka.ilkd.key.nparser.builder.IncludeFinder.visitOne_include(IncludeFinder.java:20)
	at de.uka.ilkd.key.nparser.KeYParser$One_includeContext.accept(KeYParser.java:878)
	at de.uka.ilkd.key.nparser.builder.AbstractBuilder.lambda$mapOf$0(AbstractBuilder.java:112)
	at java.base/java.util.stream.ReferencePipeline$3$1.accept(ReferencePipeline.java:195)
	at java.base/java.util.ArrayList$ArrayListSpliterator.forEachRemaining(ArrayList.java:1655)
	at java.base/java.util.stream.AbstractPipeline.copyInto(AbstractPipeline.java:484)
	at java.base/java.util.stream.AbstractPipeline.wrapAndCopyInto(AbstractPipeline.java:474)
	at java.base/java.util.stream.ReduceOps$ReduceOp.evaluateSequential(ReduceOps.java:913)
	at java.base/java.util.stream.AbstractPipeline.evaluate(AbstractPipeline.java:234)
	at java.base/java.util.stream.ReferencePipeline.collect(ReferencePipeline.java:578)
	at de.uka.ilkd.key.nparser.builder.AbstractBuilder.mapOf(AbstractBuilder.java:112)
	at de.uka.ilkd.key.nparser.builder.IncludeFinder.visitOne_include_statement(IncludeFinder.java:35)
	at de.uka.ilkd.key.nparser.builder.IncludeFinder.visitOne_include_statement(IncludeFinder.java:20)
	at de.uka.ilkd.key.nparser.KeYParser$One_include_statementContext.accept(KeYParser.java:802)
	at org.antlr.v4.runtime.tree.AbstractParseTreeVisitor.visitChildren(AbstractParseTreeVisitor.java:46)
	at de.uka.ilkd.key.nparser.KeYParserBaseVisitor.visitDecls(KeYParserBaseVisitor.java:30)
	at de.uka.ilkd.key.nparser.KeYParser$DeclsContext.accept(KeYParser.java:500)
	at org.antlr.v4.runtime.tree.AbstractParseTreeVisitor.visitChildren(AbstractParseTreeVisitor.java:46)
	at de.uka.ilkd.key.nparser.KeYParserBaseVisitor.visitFile(KeYParserBaseVisitor.java:23)
	at de.uka.ilkd.key.nparser.KeYParser$FileContext.accept(KeYParser.java:306)
	at de.uka.ilkd.key.nparser.KeyAst.accept(KeyAst.java:41)
	at de.uka.ilkd.key.nparser.KeyAst$File.getIncludes(KeyAst.java:76)
	at de.uka.ilkd.key.proof.io.KeYFile.readIncludes(KeYFile.java:208)
	... 14 more
Could not find rule file rules/intRulesCheckedSemantics.key (file: /home/runner/work/key/key/key.core/../key.ui/examples/index/../InformationFlow/MethodContracts/contract.IFMethodContract(contract.IFMethodContract__n5(int)).Non-interference contract.0.key; caused by: de.uka.ilkd.key.proof.init.ProofInputException: Could not find rule file rules/intRulesCheckedSemantics.key)
	at de.uka.ilkd.key.control.AbstractUserInterfaceControl.load(AbstractUserInterfaceControl.java:221)
	at de.uka.ilkd.key.control.KeYEnvironment.load(KeYEnvironment.java:251)
	at de.uka.ilkd.key.control.KeYEnvironment.load(KeYEnvironment.java:224)
	at de.uka.ilkd.key.control.KeYEnvironment.load(KeYEnvironment.java:184)
	at de.uka.ilkd.key.control.KeYEnvironment.load(KeYEnvironment.java:261)
	at de.uka.ilkd.key.proof.runallproofs.proofcollection.TestFile.load(TestFile.java:270)
	at de.uka.ilkd.key.proof.runallproofs.proofcollection.TestFile.runKey(TestFile.java:160)
	at de.uka.ilkd.key.proof.runallproofs.proofcollection.ForkedTestFileRunner.main(ForkedTestFileRunner.java:171)
Caused by: de.uka.ilkd.key.proof.init.ProofInputException: Could not find rule file rules/intRulesCheckedSemantics.key
	at de.uka.ilkd.key.proof.io.KeYFile.readIncludes(KeYFile.java:210)
	at de.uka.ilkd.key.proof.init.ProblemInitializer.readIncludes(ProblemInitializer.java:177)
	at de.uka.ilkd.key.proof.init.ProblemInitializer.readEnvInput(ProblemInitializer.java:325)
	at de.uka.ilkd.key.proof.init.ProblemInitializer.prepare(ProblemInitializer.java:449)
	at de.uka.ilkd.key.proof.io.AbstractProblemLoader.createInitConfig(AbstractProblemLoader.java:518)
	at de.uka.ilkd.key.proof.io.AbstractProblemLoader.loadEnvironment(AbstractProblemLoader.java:288)
	at de.uka.ilkd.key.proof.io.AbstractProblemLoader.load(AbstractProblemLoader.java:252)
	at de.uka.ilkd.key.control.AbstractUserInterfaceControl.load(AbstractUserInterfaceControl.java:209)
	... 7 more
Caused by: java.lang.RuntimeException: Could not find rule file rules/intRulesCheckedSemantics.key
	at de.uka.ilkd.key.proof.io.RuleSourceFactory.fromBuiltInRule(RuleSourceFactory.java:32)
	at de.uka.ilkd.key.proof.io.RuleSourceFactory.fromDefaultLocation(RuleSourceFactory.java:21)
	at de.uka.ilkd.key.nparser.builder.IncludeFinder.addInclude(IncludeFinder.java:63)
	at de.uka.ilkd.key.nparser.builder.IncludeFinder.visitOne_include(IncludeFinder.java:43)
	at de.uka.ilkd.key.nparser.builder.IncludeFinder.visitOne_include(IncludeFinder.java:20)
	at de.uka.ilkd.key.nparser.KeYParser$One_includeContext.accept(KeYParser.java:878)
	at de.uka.ilkd.key.nparser.builder.AbstractBuilder.lambda$mapOf$0(AbstractBuilder.java:112)
	at java.base/java.util.stream.ReferencePipeline$3$1.accept(ReferencePipeline.java:195)
	at java.base/java.util.ArrayList$ArrayListSpliterator.forEachRemaining(ArrayList.java:1655)
	at java.base/java.util.stream.AbstractPipeline.copyInto(AbstractPipeline.java:484)
	at java.base/java.util.stream.AbstractPipeline.wrapAndCopyInto(AbstractPipeline.java:474)
	at java.base/java.util.stream.ReduceOps$ReduceOp.evaluateSequential(ReduceOps.java:913)
	at java.base/java.util.stream.AbstractPipeline.evaluate(AbstractPipeline.java:234)
	at java.base/java.util.stream.ReferencePipeline.collect(ReferencePipeline.java:578)
	at de.uka.ilkd.key.nparser.builder.AbstractBuilder.mapOf(AbstractBuilder.java:112)
	at de.uka.ilkd.key.nparser.builder.IncludeFinder.visitOne_include_statement(IncludeFinder.java:35)
	at de.uka.ilkd.key.nparser.builder.IncludeFinder.visitOne_include_statement(IncludeFinder.java:20)
	at de.uka.ilkd.key.nparser.KeYParser$One_include_statementContext.accept(KeYParser.java:802)
	at org.antlr.v4.runtime.tree.AbstractParseTreeVisitor.visitChildren(AbstractParseTreeVisitor.java:46)
	at de.uka.ilkd.key.nparser.KeYParserBaseVisitor.visitDecls(KeYParserBaseVisitor.java:30)
	at de.uka.ilkd.key.nparser.KeYParser$DeclsContext.accept(KeYParser.java:500)
	at org.antlr.v4.runtime.tree.AbstractParseTreeVisitor.visitChildren(AbstractParseTreeVisitor.java:46)
	at de.uka.ilkd.key.nparser.KeYParserBaseVisitor.visitFile(KeYParserBaseVisitor.java:23)
	at de.uka.ilkd.key.nparser.KeYParser$FileContext.accept(KeYParser.java:306)
	at de.uka.ilkd.key.nparser.KeyAst.accept(KeyAst.java:41)
	at de.uka.ilkd.key.nparser.KeyAst$File.getIncludes(KeyAst.java:76)
	at de.uka.ilkd.key.proof.io.KeYFile.readIncludes(KeYFile.java:208)
	... 14 more
Could not find rule file rules/intRulesCheckedSemantics.key (file: /home/runner/work/key/key/key.core/../key.ui/examples/index/../InformationFlow/MethodContracts/contract.IFMethodContract(contract.IFMethodContract__secure_if_high_n5_n1()).Non-interference contract.0.key; caused by: de.uka.ilkd.key.proof.init.ProofInputException: Could not find rule file rules/intRulesCheckedSemantics.key)
	at de.uka.ilkd.key.control.AbstractUserInterfaceControl.load(AbstractUserInterfaceControl.java:221)
	at de.uka.ilkd.key.control.KeYEnvironment.load(KeYEnvironment.java:251)
	at de.uka.ilkd.key.control.KeYEnvironment.load(KeYEnvironment.java:224)
	at de.uka.ilkd.key.control.KeYEnvironment.load(KeYEnvironment.java:184)
	at de.uka.ilkd.key.control.KeYEnvironment.load(KeYEnvironment.java:261)
	at de.uka.ilkd.key.proof.runallproofs.proofcollection.TestFile.load(TestFile.java:270)
	at de.uka.ilkd.key.proof.runallproofs.proofcollection.TestFile.runKey(TestFile.java:160)
	at de.uka.ilkd.key.proof.runallproofs.proofcollection.ForkedTestFileRunner.main(ForkedTestFileRunner.java:171)
Caused by: de.uka.ilkd.key.proof.init.ProofInputException: Could not find rule file rules/intRulesCheckedSemantics.key
	at de.uka.ilkd.key.proof.io.KeYFile.readIncludes(KeYFile.java:210)
	at de.uka.ilkd.key.proof.init.ProblemInitializer.readIncludes(ProblemInitializer.java:177)
	at de.uka.ilkd.key.proof.init.ProblemInitializer.readEnvInput(ProblemInitializer.java:325)
	at de.uka.ilkd.key.proof.init.ProblemInitializer.prepare(ProblemInitializer.java:449)
	at de.uka.ilkd.key.proof.io.AbstractProblemLoader.createInitConfig(AbstractProblemLoader.java:518)
	at de.uka.ilkd.key.proof.io.AbstractProblemLoader.loadEnvironment(AbstractProblemLoader.java:288)
	at de.uka.ilkd.key.proof.io.AbstractProblemLoader.load(AbstractProblemLoader.java:252)
	at de.uka.ilkd.key.control.AbstractUserInterfaceControl.load(AbstractUserInterfaceControl.java:209)
	... 7 more
Caused by: java.lang.RuntimeException: Could not find rule file rules/intRulesCheckedSemantics.key
	at de.uka.ilkd.key.proof.io.RuleSourceFactory.fromBuiltInRule(RuleSourceFactory.java:32)
	at de.uka.ilkd.key.proof.io.RuleSourceFactory.fromDefaultLocation(RuleSourceFactory.java:21)
	at de.uka.ilkd.key.nparser.builder.IncludeFinder.addInclude(IncludeFinder.java:63)
	at de.uka.ilkd.key.nparser.builder.IncludeFinder.visitOne_include(IncludeFinder.java:43)
	at de.uka.ilkd.key.nparser.builder.IncludeFinder.visitOne_include(IncludeFinder.java:20)
	at de.uka.ilkd.key.nparser.KeYParser$One_includeContext.accept(KeYParser.java:878)
	at de.uka.ilkd.key.nparser.builder.AbstractBuilder.lambda$mapOf$0(AbstractBuilder.java:112)
	at java.base/java.util.stream.ReferencePipeline$3$1.accept(ReferencePipeline.java:195)
	at java.base/java.util.ArrayList$ArrayListSpliterator.forEachRemaining(ArrayList.java:1655)
	at java.base/java.util.stream.AbstractPipeline.copyInto(AbstractPipeline.java:484)
	at java.base/java.util.stream.AbstractPipeline.wrapAndCopyInto(AbstractPipeline.java:474)
	at java.base/java.util.stream.ReduceOps$ReduceOp.evaluateSequential(ReduceOps.java:913)
	at java.base/java.util.stream.AbstractPipeline.evaluate(AbstractPipeline.java:234)
	at java.base/java.util.stream.ReferencePipeline.collect(ReferencePipeline.java:578)
	at de.uka.ilkd.key.nparser.builder.AbstractBuilder.mapOf(AbstractBuilder.java:112)
	at de.uka.ilkd.key.nparser.builder.IncludeFinder.visitOne_include_statement(IncludeFinder.java:35)
	at de.uka.ilkd.key.nparser.builder.IncludeFinder.visitOne_include_statement(IncludeFinder.java:20)
	at de.uka.ilkd.key.nparser.KeYParser$One_include_statementContext.accept(KeYParser.java:802)
	at org.antlr.v4.runtime.tree.AbstractParseTreeVisitor.visitChildren(AbstractParseTreeVisitor.java:46)
	at de.uka.ilkd.key.nparser.KeYParserBaseVisitor.visitDecls(KeYParserBaseVisitor.java:30)
	at de.uka.ilkd.key.nparser.KeYParser$DeclsContext.accept(KeYParser.java:500)
	at org.antlr.v4.runtime.tree.AbstractParseTreeVisitor.visitChildren(AbstractParseTreeVisitor.java:46)
	at de.uka.ilkd.key.nparser.KeYParserBaseVisitor.visitFile(KeYParserBaseVisitor.java:23)
	at de.uka.ilkd.key.nparser.KeYParser$FileContext.accept(KeYParser.java:306)
	at de.uka.ilkd.key.nparser.KeyAst.accept(KeyAst.java:41)
	at de.uka.ilkd.key.nparser.KeyAst$File.getIncludes(KeyAst.java:76)
	at de.uka.ilkd.key.proof.io.KeYFile.readIncludes(KeYFile.java:208)
	... 14 more
Could not find rule file rules/intRulesCheckedSemantics.key (file: /home/runner/work/key/key/key.core/../key.ui/examples/index/../InformationFlow/MethodContracts/contract.IFMethodContract(contract.IFMethodContract__secure_if_high_n1()).Non-interference contract.0.key; caused by: de.uka.ilkd.key.proof.init.ProofInputException: Could not find rule file rules/intRulesCheckedSemantics.key)
	at de.uka.ilkd.key.control.AbstractUserInterfaceControl.load(AbstractUserInterfaceControl.java:221)
	at de.uka.ilkd.key.control.KeYEnvironment.load(KeYEnvironment.java:251)
	at de.uka.ilkd.key.control.KeYEnvironment.load(KeYEnvironment.java:224)
	at de.uka.ilkd.key.control.KeYEnvironment.load(KeYEnvironment.java:184)
	at de.uka.ilkd.key.control.KeYEnvironment.load(KeYEnvironment.java:261)
	at de.uka.ilkd.key.proof.runallproofs.proofcollection.TestFile.load(TestFile.java:270)
	at de.uka.ilkd.key.proof.runallproofs.proofcollection.TestFile.runKey(TestFile.java:160)
	at de.uka.ilkd.key.proof.runallproofs.proofcollection.ForkedTestFileRunner.main(ForkedTestFileRunner.java:171)
Caused by: de.uka.ilkd.key.proof.init.ProofInputException: Could not find rule file rules/intRulesCheckedSemantics.key
	at de.uka.ilkd.key.proof.io.KeYFile.readIncludes(KeYFile.java:210)
	at de.uka.ilkd.key.proof.init.ProblemInitializer.readIncludes(ProblemInitializer.java:177)
	at de.uka.ilkd.key.proof.init.ProblemInitializer.readEnvInput(ProblemInitializer.java:325)
	at de.uka.ilkd.key.proof.init.ProblemInitializer.prepare(ProblemInitializer.java:449)
	at de.uka.ilkd.key.proof.io.AbstractProblemLoader.createInitConfig(AbstractProblemLoader.java:518)
	at de.uka.ilkd.key.proof.io.AbstractProblemLoader.loadEnvironment(AbstractProblemLoader.java:288)
	at de.uka.ilkd.key.proof.io.AbstractProblemLoader.load(AbstractProblemLoader.java:252)
	at de.uka.ilkd.key.control.AbstractUserInterfaceControl.load(AbstractUserInterfaceControl.java:209)
	... 7 more
Caused by: java.lang.RuntimeException: Could not find rule file rules/intRulesCheckedSemantics.key
	at de.uka.ilkd.key.proof.io.RuleSourceFactory.fromBuiltInRule(RuleSourceFactory.java:32)
	at de.uka.ilkd.key.proof.io.RuleSourceFactory.fromDefaultLocation(RuleSourceFactory.java:21)
	at de.uka.ilkd.key.nparser.builder.IncludeFinder.addInclude(IncludeFinder.java:63)
	at de.uka.ilkd.key.nparser.builder.IncludeFinder.visitOne_include(IncludeFinder.java:43)
	at de.uka.ilkd.key.nparser.builder.IncludeFinder.visitOne_include(IncludeFinder.java:20)
	at de.uka.ilkd.key.nparser.KeYParser$One_includeContext.accept(KeYParser.java:878)
	at de.uka.ilkd.key.nparser.builder.AbstractBuilder.lambda$mapOf$0(AbstractBuilder.java:112)
	at java.base/java.util.stream.ReferencePipeline$3$1.accept(ReferencePipeline.java:195)
	at java.base/java.util.ArrayList$ArrayListSpliterator.forEachRemaining(ArrayList.java:1655)
	at java.base/java.util.stream.AbstractPipeline.copyInto(AbstractPipeline.java:484)
	at java.base/java.util.stream.AbstractPipeline.wrapAndCopyInto(AbstractPipeline.java:474)
	at java.base/java.util.stream.ReduceOps$ReduceOp.evaluateSequential(ReduceOps.java:913)
	at java.base/java.util.stream.AbstractPipeline.evaluate(AbstractPipeline.java:234)
	at java.base/java.util.stream.ReferencePipeline.collect(ReferencePipeline.java:578)
	at de.uka.ilkd.key.nparser.builder.AbstractBuilder.mapOf(AbstractBuilder.java:112)
	at de.uka.ilkd.key.nparser.builder.IncludeFinder.visitOne_include_statement(IncludeFinder.java:35)
	at de.uka.ilkd.key.nparser.builder.IncludeFinder.visitOne_include_statement(IncludeFinder.java:20)
	at de.uka.ilkd.key.nparser.KeYParser$One_include_statementContext.accept(KeYParser.java:802)
	at org.antlr.v4.runtime.tree.AbstractParseTreeVisitor.visitChildren(AbstractParseTreeVisitor.java:46)
	at de.uka.ilkd.key.nparser.KeYParserBaseVisitor.visitDecls(KeYParserBaseVisitor.java:30)
	at de.uka.ilkd.key.nparser.KeYParser$DeclsContext.accept(KeYParser.java:500)
	at org.antlr.v4.runtime.tree.AbstractParseTreeVisitor.visitChildren(AbstractParseTreeVisitor.java:46)
	at de.uka.ilkd.key.nparser.KeYParserBaseVisitor.visitFile(KeYParserBaseVisitor.java:23)
	at de.uka.ilkd.key.nparser.KeYParser$FileContext.accept(KeYParser.java:306)
	at de.uka.ilkd.key.nparser.KeyAst.accept(KeyAst.java:41)
	at de.uka.ilkd.key.nparser.KeyAst$File.getIncludes(KeyAst.java:76)
	at de.uka.ilkd.key.proof.io.KeYFile.readIncludes(KeYFile.java:208)
	... 14 more
Could not find rule file rules/intRulesCheckedSemantics.key (file: /home/runner/work/key/key/key.core/../key.ui/examples/index/../InformationFlow/MethodContracts/contract.IFMethodContract(contract.IFMethodContract__secure_n5()).Non-interference contract.0.key; caused by: de.uka.ilkd.key.proof.init.ProofInputException: Could not find rule file rules/intRulesCheckedSemantics.key)
	at de.uka.ilkd.key.control.AbstractUserInterfaceControl.load(AbstractUserInterfaceControl.java:221)
	at de.uka.ilkd.key.control.KeYEnvironment.load(KeYEnvironment.java:251)
	at de.uka.ilkd.key.control.KeYEnvironment.load(KeYEnvironment.java:224)
	at de.uka.ilkd.key.control.KeYEnvironment.load(KeYEnvironment.java:184)
	at de.uka.ilkd.key.control.KeYEnvironment.load(KeYEnvironment.java:261)
	at de.uka.ilkd.key.proof.runallproofs.proofcollection.TestFile.load(TestFile.java:270)
	at de.uka.ilkd.key.proof.runallproofs.proofcollection.TestFile.runKey(TestFile.java:160)
	at de.uka.ilkd.key.proof.runallproofs.proofcollection.ForkedTestFileRunner.main(ForkedTestFileRunner.java:171)
Caused by: de.uka.ilkd.key.proof.init.ProofInputException: Could not find rule file rules/intRulesCheckedSemantics.key
	at de.uka.ilkd.key.proof.io.KeYFile.readIncludes(KeYFile.java:210)
	at de.uka.ilkd.key.proof.init.ProblemInitializer.readIncludes(ProblemInitializer.java:177)
	at de.uka.ilkd.key.proof.init.ProblemInitializer.readEnvInput(ProblemInitializer.java:325)
	at de.uka.ilkd.key.proof.init.ProblemInitializer.prepare(ProblemInitializer.java:449)
	at de.uka.ilkd.key.proof.io.AbstractProblemLoader.createInitConfig(AbstractProblemLoader.java:518)
	at de.uka.ilkd.key.proof.io.AbstractProblemLoader.loadEnvironment(AbstractProblemLoader.java:288)
	at de.uka.ilkd.key.proof.io.AbstractProblemLoader.load(AbstractProblemLoader.java:252)
	at de.uka.ilkd.key.control.AbstractUserInterfaceControl.load(AbstractUserInterfaceControl.java:209)
	... 7 more
Caused by: java.lang.RuntimeException: Could not find rule file rules/intRulesCheckedSemantics.key
	at de.uka.ilkd.key.proof.io.RuleSourceFactory.fromBuiltInRule(RuleSourceFactory.java:32)
	at de.uka.ilkd.key.proof.io.RuleSourceFactory.fromDefaultLocation(RuleSourceFactory.java:21)
	at de.uka.ilkd.key.nparser.builder.IncludeFinder.addInclude(IncludeFinder.java:63)
	at de.uka.ilkd.key.nparser.builder.IncludeFinder.visitOne_include(IncludeFinder.java:43)
	at de.uka.ilkd.key.nparser.builder.IncludeFinder.visitOne_include(IncludeFinder.java:20)
	at de.uka.ilkd.key.nparser.KeYParser$One_includeContext.accept(KeYParser.java:878)
	at de.uka.ilkd.key.nparser.builder.AbstractBuilder.lambda$mapOf$0(AbstractBuilder.java:112)
	at java.base/java.util.stream.ReferencePipeline$3$1.accept(ReferencePipeline.java:195)
	at java.base/java.util.ArrayList$ArrayListSpliterator.forEachRemaining(ArrayList.java:1655)
	at java.base/java.util.stream.AbstractPipeline.copyInto(AbstractPipeline.java:484)
	at java.base/java.util.stream.AbstractPipeline.wrapAndCopyInto(AbstractPipeline.java:474)
	at java.base/java.util.stream.ReduceOps$ReduceOp.evaluateSequential(ReduceOps.java:913)
	at java.base/java.util.stream.AbstractPipeline.evaluate(AbstractPipeline.java:234)
	at java.base/java.util.stream.ReferencePipeline.collect(ReferencePipeline.java:578)
	at de.uka.ilkd.key.nparser.builder.AbstractBuilder.mapOf(AbstractBuilder.java:112)
	at de.uka.ilkd.key.nparser.builder.IncludeFinder.visitOne_include_statement(IncludeFinder.java:35)
	at de.uka.ilkd.key.nparser.builder.IncludeFinder.visitOne_include_statement(IncludeFinder.java:20)
	at de.uka.ilkd.key.nparser.KeYParser$One_include_statementContext.accept(KeYParser.java:802)
	at org.antlr.v4.runtime.tree.AbstractParseTreeVisitor.visitChildren(AbstractParseTreeVisitor.java:46)
	at de.uka.ilkd.key.nparser.KeYParserBaseVisitor.visitDecls(KeYParserBaseVisitor.java:30)
	at de.uka.ilkd.key.nparser.KeYParser$DeclsContext.accept(KeYParser.java:500)
	at org.antlr.v4.runtime.tree.AbstractParseTreeVisitor.visitChildren(AbstractParseTreeVisitor.java:46)
	at de.uka.ilkd.key.nparser.KeYParserBaseVisitor.visitFile(KeYParserBaseVisitor.java:23)
	at de.uka.ilkd.key.nparser.KeYParser$FileContext.accept(KeYParser.java:306)
	at de.uka.ilkd.key.nparser.KeyAst.accept(KeyAst.java:41)
	at de.uka.ilkd.key.nparser.KeyAst$File.getIncludes(KeyAst.java:76)
	at de.uka.ilkd.key.proof.io.KeYFile.readIncludes(KeYFile.java:208)
	... 14 more
Could not find rule file rules/intRulesCheckedSemantics.key (file: /home/runner/work/key/key/key.core/../key.ui/examples/index/../InformationFlow/MethodContracts/contract.IFMethodContract(contract.IFMethodContract__n4()).Non-interference contract.0.key; caused by: de.uka.ilkd.key.proof.init.ProofInputException: Could not find rule file rules/intRulesCheckedSemantics.key)
	at de.uka.ilkd.key.control.AbstractUserInterfaceControl.load(AbstractUserInterfaceControl.java:221)
	at de.uka.ilkd.key.control.KeYEnvironment.load(KeYEnvironment.java:251)
	at de.uka.ilkd.key.control.KeYEnvironment.load(KeYEnvironment.java:224)
	at de.uka.ilkd.key.control.KeYEnvironment.load(KeYEnvironment.java:184)
	at de.uka.ilkd.key.control.KeYEnvironment.load(KeYEnvironment.java:261)
	at de.uka.ilkd.key.proof.runallproofs.proofcollection.TestFile.load(TestFile.java:270)
	at de.uka.ilkd.key.proof.runallproofs.proofcollection.TestFile.runKey(TestFile.java:160)
	at de.uka.ilkd.key.proof.runallproofs.proofcollection.ForkedTestFileRunner.main(ForkedTestFileRunner.java:171)
Caused by: de.uka.ilkd.key.proof.init.ProofInputException: Could not find rule file rules/intRulesCheckedSemantics.key
	at de.uka.ilkd.key.proof.io.KeYFile.readIncludes(KeYFile.java:210)
	at de.uka.ilkd.key.proof.init.ProblemInitializer.readIncludes(ProblemInitializer.java:177)
	at de.uka.ilkd.key.proof.init.ProblemInitializer.readEnvInput(ProblemInitializer.java:325)
	at de.uka.ilkd.key.proof.init.ProblemInitializer.prepare(ProblemInitializer.java:449)
	at de.uka.ilkd.key.proof.io.AbstractProblemLoader.createInitConfig(AbstractProblemLoader.java:518)
	at de.uka.ilkd.key.proof.io.AbstractProblemLoader.loadEnvironment(AbstractProblemLoader.java:288)
	at de.uka.ilkd.key.proof.io.AbstractProblemLoader.load(AbstractProblemLoader.java:252)
	at de.uka.ilkd.key.control.AbstractUserInterfaceControl.load(AbstractUserInterfaceControl.java:209)
	... 7 more
Caused by: java.lang.RuntimeException: Could not find rule file rules/intRulesCheckedSemantics.key
	at de.uka.ilkd.key.proof.io.RuleSourceFactory.fromBuiltInRule(RuleSourceFactory.java:32)
	at de.uka.ilkd.key.proof.io.RuleSourceFactory.fromDefaultLocation(RuleSourceFactory.java:21)
	at de.uka.ilkd.key.nparser.builder.IncludeFinder.addInclude(IncludeFinder.java:63)
	at de.uka.ilkd.key.nparser.builder.IncludeFinder.visitOne_include(IncludeFinder.java:43)
	at de.uka.ilkd.key.nparser.builder.IncludeFinder.visitOne_include(IncludeFinder.java:20)
	at de.uka.ilkd.key.nparser.KeYParser$One_includeContext.accept(KeYParser.java:878)
	at de.uka.ilkd.key.nparser.builder.AbstractBuilder.lambda$mapOf$0(AbstractBuilder.java:112)
	at java.base/java.util.stream.ReferencePipeline$3$1.accept(ReferencePipeline.java:195)
	at java.base/java.util.ArrayList$ArrayListSpliterator.forEachRemaining(ArrayList.java:1655)
	at java.base/java.util.stream.AbstractPipeline.copyInto(AbstractPipeline.java:484)
	at java.base/java.util.stream.AbstractPipeline.wrapAndCopyInto(AbstractPipeline.java:474)
	at java.base/java.util.stream.ReduceOps$ReduceOp.evaluateSequential(ReduceOps.java:913)
	at java.base/java.util.stream.AbstractPipeline.evaluate(AbstractPipeline.java:234)
	at java.base/java.util.stream.ReferencePipeline.collect(ReferencePipeline.java:578)
	at de.uka.ilkd.key.nparser.builder.AbstractBuilder.mapOf(AbstractBuilder.java:112)
	at de.uka.ilkd.key.nparser.builder.IncludeFinder.visitOne_include_statement(IncludeFinder.java:35)
	at de.uka.ilkd.key.nparser.builder.IncludeFinder.visitOne_include_statement(IncludeFinder.java:20)
	at de.uka.ilkd.key.nparser.KeYParser$One_include_statementContext.accept(KeYParser.java:802)
	at org.antlr.v4.runtime.tree.AbstractParseTreeVisitor.visitChildren(AbstractParseTreeVisitor.java:46)
	at de.uka.ilkd.key.nparser.KeYParserBaseVisitor.visitDecls(KeYParserBaseVisitor.java:30)
	at de.uka.ilkd.key.nparser.KeYParser$DeclsContext.accept(KeYParser.java:500)
	at org.antlr.v4.runtime.tree.AbstractParseTreeVisitor.visitChildren(AbstractParseTreeVisitor.java:46)
	at de.uka.ilkd.key.nparser.KeYParserBaseVisitor.visitFile(KeYParserBaseVisitor.java:23)
	at de.uka.ilkd.key.nparser.KeYParser$FileContext.accept(KeYParser.java:306)
	at de.uka.ilkd.key.nparser.KeyAst.accept(KeyAst.java:41)
	at de.uka.ilkd.key.nparser.KeyAst$File.getIncludes(KeyAst.java:76)
	at de.uka.ilkd.key.proof.io.KeYFile.readIncludes(KeYFile.java:208)
	... 14 more
Could not find rule file rules/intRulesCheckedSemantics.key (file: /home/runner/work/key/key/key.core/../key.ui/examples/index/../InformationFlow/MethodContracts/contract.IFMethodContract(contract.IFMethodContract__n3()).Non-interference contract.0.key; caused by: de.uka.ilkd.key.proof.init.ProofInputException: Could not find rule file rules/intRulesCheckedSemantics.key)
	at de.uka.ilkd.key.control.AbstractUserInterfaceControl.load(AbstractUserInterfaceControl.java:221)
	at de.uka.ilkd.key.control.KeYEnvironment.load(KeYEnvironment.java:251)
	at de.uka.ilkd.key.control.KeYEnvironment.load(KeYEnvironment.java:224)
	at de.uka.ilkd.key.control.KeYEnvironment.load(KeYEnvironment.java:184)
	at de.uka.ilkd.key.control.KeYEnvironment.load(KeYEnvironment.java:261)
	at de.uka.ilkd.key.proof.runallproofs.proofcollection.TestFile.load(TestFile.java:270)
	at de.uka.ilkd.key.proof.runallproofs.proofcollection.TestFile.runKey(TestFile.java:160)
	at de.uka.ilkd.key.proof.runallproofs.proofcollection.ForkedTestFileRunner.main(ForkedTestFileRunner.java:171)
Caused by: de.uka.ilkd.key.proof.init.ProofInputException: Could not find rule file rules/intRulesCheckedSemantics.key
	at de.uka.ilkd.key.proof.io.KeYFile.readIncludes(KeYFile.java:210)
	at de.uka.ilkd.key.proof.init.ProblemInitializer.readIncludes(ProblemInitializer.java:177)
	at de.uka.ilkd.key.proof.init.ProblemInitializer.readEnvInput(ProblemInitializer.java:325)
	at de.uka.ilkd.key.proof.init.ProblemInitializer.prepare(ProblemInitializer.java:449)
	at de.uka.ilkd.key.proof.io.AbstractProblemLoader.createInitConfig(AbstractProblemLoader.java:518)
	at de.uka.ilkd.key.proof.io.AbstractProblemLoader.loadEnvironment(AbstractProblemLoader.java:288)
	at de.uka.ilkd.key.proof.io.AbstractProblemLoader.load(AbstractProblemLoader.java:252)
	at de.uka.ilkd.key.control.AbstractUserInterfaceControl.load(AbstractUserInterfaceControl.java:209)
	... 7 more
Caused by: java.lang.RuntimeException: Could not find rule file rules/intRulesCheckedSemantics.key
	at de.uka.ilkd.key.proof.io.RuleSourceFactory.fromBuiltInRule(RuleSourceFactory.java:32)
	at de.uka.ilkd.key.proof.io.RuleSourceFactory.fromDefaultLocation(RuleSourceFactory.java:21)
	at de.uka.ilkd.key.nparser.builder.IncludeFinder.addInclude(IncludeFinder.java:63)
	at de.uka.ilkd.key.nparser.builder.IncludeFinder.visitOne_include(IncludeFinder.java:43)
	at de.uka.ilkd.key.nparser.builder.IncludeFinder.visitOne_include(IncludeFinder.java:20)
	at de.uka.ilkd.key.nparser.KeYParser$One_includeContext.accept(KeYParser.java:878)
	at de.uka.ilkd.key.nparser.builder.AbstractBuilder.lambda$mapOf$0(AbstractBuilder.java:112)
	at java.base/java.util.stream.ReferencePipeline$3$1.accept(ReferencePipeline.java:195)
	at java.base/java.util.ArrayList$ArrayListSpliterator.forEachRemaining(ArrayList.java:1655)
	at java.base/java.util.stream.AbstractPipeline.copyInto(AbstractPipeline.java:484)
	at java.base/java.util.stream.AbstractPipeline.wrapAndCopyInto(AbstractPipeline.java:474)
	at java.base/java.util.stream.ReduceOps$ReduceOp.evaluateSequential(ReduceOps.java:913)
	at java.base/java.util.stream.AbstractPipeline.evaluate(AbstractPipeline.java:234)
	at java.base/java.util.stream.ReferencePipeline.collect(ReferencePipeline.java:578)
	at de.uka.ilkd.key.nparser.builder.AbstractBuilder.mapOf(AbstractBuilder.java:112)
	at de.uka.ilkd.key.nparser.builder.IncludeFinder.visitOne_include_statement(IncludeFinder.java:35)
	at de.uka.ilkd.key.nparser.builder.IncludeFinder.visitOne_include_statement(IncludeFinder.java:20)
	at de.uka.ilkd.key.nparser.KeYParser$One_include_statementContext.accept(KeYParser.java:802)
	at org.antlr.v4.runtime.tree.AbstractParseTreeVisitor.visitChildren(AbstractParseTreeVisitor.java:46)
	at de.uka.ilkd.key.nparser.KeYParserBaseVisitor.visitDecls(KeYParserBaseVisitor.java:30)
	at de.uka.ilkd.key.nparser.KeYParser$DeclsContext.accept(KeYParser.java:500)
	at org.antlr.v4.runtime.tree.AbstractParseTreeVisitor.visitChildren(AbstractParseTreeVisitor.java:46)
	at de.uka.ilkd.key.nparser.KeYParserBaseVisitor.visitFile(KeYParserBaseVisitor.java:23)
	at de.uka.ilkd.key.nparser.KeYParser$FileContext.accept(KeYParser.java:306)
	at de.uka.ilkd.key.nparser.KeyAst.accept(KeyAst.java:41)
	at de.uka.ilkd.key.nparser.KeyAst$File.getIncludes(KeyAst.java:76)
	at de.uka.ilkd.key.proof.io.KeYFile.readIncludes(KeYFile.java:208)
	... 14 more
Could not find rule file rules/intRulesCheckedSemantics.key (file: /home/runner/work/key/key/key.core/../key.ui/examples/index/../InformationFlow/MethodContracts/contract.IFMethodContract(contract.IFMethodContract__secure_sequential_n3_precond_n4()).Non-interference contract.0.key; caused by: de.uka.ilkd.key.proof.init.ProofInputException: Could not find rule file rules/intRulesCheckedSemantics.key)
	at de.uka.ilkd.key.control.AbstractUserInterfaceControl.load(AbstractUserInterfaceControl.java:221)
	at de.uka.ilkd.key.control.KeYEnvironment.load(KeYEnvironment.java:251)
	at de.uka.ilkd.key.control.KeYEnvironment.load(KeYEnvironment.java:224)
	at de.uka.ilkd.key.control.KeYEnvironment.load(KeYEnvironment.java:184)
	at de.uka.ilkd.key.control.KeYEnvironment.load(KeYEnvironment.java:261)
	at de.uka.ilkd.key.proof.runallproofs.proofcollection.TestFile.load(TestFile.java:270)
	at de.uka.ilkd.key.proof.runallproofs.proofcollection.TestFile.runKey(TestFile.java:160)
	at de.uka.ilkd.key.proof.runallproofs.proofcollection.ForkedTestFileRunner.main(ForkedTestFileRunner.java:171)
Caused by: de.uka.ilkd.key.proof.init.ProofInputException: Could not find rule file rules/intRulesCheckedSemantics.key
	at de.uka.ilkd.key.proof.io.KeYFile.readIncludes(KeYFile.java:210)
	at de.uka.ilkd.key.proof.init.ProblemInitializer.readIncludes(ProblemInitializer.java:177)
	at de.uka.ilkd.key.proof.init.ProblemInitializer.readEnvInput(ProblemInitializer.java:325)
	at de.uka.ilkd.key.proof.init.ProblemInitializer.prepare(ProblemInitializer.java:449)
	at de.uka.ilkd.key.proof.io.AbstractProblemLoader.createInitConfig(AbstractProblemLoader.java:518)
	at de.uka.ilkd.key.proof.io.AbstractProblemLoader.loadEnvironment(AbstractProblemLoader.java:288)
	at de.uka.ilkd.key.proof.io.AbstractProblemLoader.load(AbstractProblemLoader.java:252)
	at de.uka.ilkd.key.control.AbstractUserInterfaceControl.load(AbstractUserInterfaceControl.java:209)
	... 7 more
Caused by: java.lang.RuntimeException: Could not find rule file rules/intRulesCheckedSemantics.key
	at de.uka.ilkd.key.proof.io.RuleSourceFactory.fromBuiltInRule(RuleSourceFactory.java:32)
	at de.uka.ilkd.key.proof.io.RuleSourceFactory.fromDefaultLocation(RuleSourceFactory.java:21)
	at de.uka.ilkd.key.nparser.builder.IncludeFinder.addInclude(IncludeFinder.java:63)
	at de.uka.ilkd.key.nparser.builder.IncludeFinder.visitOne_include(IncludeFinder.java:43)
	at de.uka.ilkd.key.nparser.builder.IncludeFinder.visitOne_include(IncludeFinder.java:20)
	at de.uka.ilkd.key.nparser.KeYParser$One_includeContext.accept(KeYParser.java:878)
	at de.uka.ilkd.key.nparser.builder.AbstractBuilder.lambda$mapOf$0(AbstractBuilder.java:112)
	at java.base/java.util.stream.ReferencePipeline$3$1.accept(ReferencePipeline.java:195)
	at java.base/java.util.ArrayList$ArrayListSpliterator.forEachRemaining(ArrayList.java:1655)
	at java.base/java.util.stream.AbstractPipeline.copyInto(AbstractPipeline.java:484)
	at java.base/java.util.stream.AbstractPipeline.wrapAndCopyInto(AbstractPipeline.java:474)
	at java.base/java.util.stream.ReduceOps$ReduceOp.evaluateSequential(ReduceOps.java:913)
	at java.base/java.util.stream.AbstractPipeline.evaluate(AbstractPipeline.java:234)
	at java.base/java.util.stream.ReferencePipeline.collect(ReferencePipeline.java:578)
	at de.uka.ilkd.key.nparser.builder.AbstractBuilder.mapOf(AbstractBuilder.java:112)
	at de.uka.ilkd.key.nparser.builder.IncludeFinder.visitOne_include_statement(IncludeFinder.java:35)
	at de.uka.ilkd.key.nparser.builder.IncludeFinder.visitOne_include_statement(IncludeFinder.java:20)
	at de.uka.ilkd.key.nparser.KeYParser$One_include_statementContext.accept(KeYParser.java:802)
	at org.antlr.v4.runtime.tree.AbstractParseTreeVisitor.visitChildren(AbstractParseTreeVisitor.java:46)
	at de.uka.ilkd.key.nparser.KeYParserBaseVisitor.visitDecls(KeYParserBaseVisitor.java:30)
	at de.uka.ilkd.key.nparser.KeYParser$DeclsContext.accept(KeYParser.java:500)
	at org.antlr.v4.runtime.tree.AbstractParseTreeVisitor.visitChildren(AbstractParseTreeVisitor.java:46)
	at de.uka.ilkd.key.nparser.KeYParserBaseVisitor.visitFile(KeYParserBaseVisitor.java:23)
	at de.uka.ilkd.key.nparser.KeYParser$FileContext.accept(KeYParser.java:306)
	at de.uka.ilkd.key.nparser.KeyAst.accept(KeyAst.java:41)
	at de.uka.ilkd.key.nparser.KeyAst$File.getIncludes(KeyAst.java:76)
	at de.uka.ilkd.key.proof.io.KeYFile.readIncludes(KeYFile.java:208)
	... 14 more
Could not find rule file rules/intRulesCheckedSemantics.key (file: /home/runner/work/key/key/key.core/../key.ui/examples/index/../InformationFlow/MethodContracts/contract.IFMethodContract(contract.IFMethodContract__insecure_assignment_n2()).Non-interference contract.0.key; caused by: de.uka.ilkd.key.proof.init.ProofInputException: Could not find rule file rules/intRulesCheckedSemantics.key)
	at de.uka.ilkd.key.control.AbstractUserInterfaceControl.load(AbstractUserInterfaceControl.java:221)
	at de.uka.ilkd.key.control.KeYEnvironment.load(KeYEnvironment.java:251)
	at de.uka.ilkd.key.control.KeYEnvironment.load(KeYEnvironment.java:224)
	at de.uka.ilkd.key.control.KeYEnvironment.load(KeYEnvironment.java:184)
	at de.uka.ilkd.key.control.KeYEnvironment.load(KeYEnvironment.java:261)
	at de.uka.ilkd.key.proof.runallproofs.proofcollection.TestFile.load(TestFile.java:270)
	at de.uka.ilkd.key.proof.runallproofs.proofcollection.TestFile.runKey(TestFile.java:160)
	at de.uka.ilkd.key.proof.runallproofs.proofcollection.ForkedTestFileRunner.main(ForkedTestFileRunner.java:171)
Caused by: de.uka.ilkd.key.proof.init.ProofInputException: Could not find rule file rules/intRulesCheckedSemantics.key
	at de.uka.ilkd.key.proof.io.KeYFile.readIncludes(KeYFile.java:210)
	at de.uka.ilkd.key.proof.init.ProblemInitializer.readIncludes(ProblemInitializer.java:177)
	at de.uka.ilkd.key.proof.init.ProblemInitializer.readEnvInput(ProblemInitializer.java:325)
	at de.uka.ilkd.key.proof.init.ProblemInitializer.prepare(ProblemInitializer.java:449)
	at de.uka.ilkd.key.proof.io.AbstractProblemLoader.createInitConfig(AbstractProblemLoader.java:518)
	at de.uka.ilkd.key.proof.io.AbstractProblemLoader.loadEnvironment(AbstractProblemLoader.java:288)
	at de.uka.ilkd.key.proof.io.AbstractProblemLoader.load(AbstractProblemLoader.java:252)
	at de.uka.ilkd.key.control.AbstractUserInterfaceControl.load(AbstractUserInterfaceControl.java:209)
	... 7 more
Caused by: java.lang.RuntimeException: Could not find rule file rules/intRulesCheckedSemantics.key
	at de.uka.ilkd.key.proof.io.RuleSourceFactory.fromBuiltInRule(RuleSourceFactory.java:32)
	at de.uka.ilkd.key.proof.io.RuleSourceFactory.fromDefaultLocation(RuleSourceFactory.java:21)
	at de.uka.ilkd.key.nparser.builder.IncludeFinder.addInclude(IncludeFinder.java:63)
	at de.uka.ilkd.key.nparser.builder.IncludeFinder.visitOne_include(IncludeFinder.java:43)
	at de.uka.ilkd.key.nparser.builder.IncludeFinder.visitOne_include(IncludeFinder.java:20)
	at de.uka.ilkd.key.nparser.KeYParser$One_includeContext.accept(KeYParser.java:878)
	at de.uka.ilkd.key.nparser.builder.AbstractBuilder.lambda$mapOf$0(AbstractBuilder.java:112)
	at java.base/java.util.stream.ReferencePipeline$3$1.accept(ReferencePipeline.java:195)
	at java.base/java.util.ArrayList$ArrayListSpliterator.forEachRemaining(ArrayList.java:1655)
	at java.base/java.util.stream.AbstractPipeline.copyInto(AbstractPipeline.java:484)
	at java.base/java.util.stream.AbstractPipeline.wrapAndCopyInto(AbstractPipeline.java:474)
	at java.base/java.util.stream.ReduceOps$ReduceOp.evaluateSequential(ReduceOps.java:913)
	at java.base/java.util.stream.AbstractPipeline.evaluate(AbstractPipeline.java:234)
	at java.base/java.util.stream.ReferencePipeline.collect(ReferencePipeline.java:578)
	at de.uka.ilkd.key.nparser.builder.AbstractBuilder.mapOf(AbstractBuilder.java:112)
	at de.uka.ilkd.key.nparser.builder.IncludeFinder.visitOne_include_statement(IncludeFinder.java:35)
	at de.uka.ilkd.key.nparser.builder.IncludeFinder.visitOne_include_statement(IncludeFinder.java:20)
	at de.uka.ilkd.key.nparser.KeYParser$One_include_statementContext.accept(KeYParser.java:802)
	at org.antlr.v4.runtime.tree.AbstractParseTreeVisitor.visitChildren(AbstractParseTreeVisitor.java:46)
	at de.uka.ilkd.key.nparser.KeYParserBaseVisitor.visitDecls(KeYParserBaseVisitor.java:30)
	at de.uka.ilkd.key.nparser.KeYParser$DeclsContext.accept(KeYParser.java:500)
	at org.antlr.v4.runtime.tree.AbstractParseTreeVisitor.visitChildren(AbstractParseTreeVisitor.java:46)
	at de.uka.ilkd.key.nparser.KeYParserBaseVisitor.visitFile(KeYParserBaseVisitor.java:23)
	at de.uka.ilkd.key.nparser.KeYParser$FileContext.accept(KeYParser.java:306)
	at de.uka.ilkd.key.nparser.KeyAst.accept(KeyAst.java:41)
	at de.uka.ilkd.key.nparser.KeyAst$File.getIncludes(KeyAst.java:76)
	at de.uka.ilkd.key.proof.io.KeYFile.readIncludes(KeYFile.java:208)
	... 14 more
Could not find rule file rules/intRulesCheckedSemantics.key (file: /home/runner/work/key/key/key.core/../key.ui/examples/index/../InformationFlow/MethodContracts/contract.IFMethodContract(contract.IFMethodContract__secure_assignments_n2()).Non-interference contract.0.key; caused by: de.uka.ilkd.key.proof.init.ProofInputException: Could not find rule file rules/intRulesCheckedSemantics.key)
	at de.uka.ilkd.key.control.AbstractUserInterfaceControl.load(AbstractUserInterfaceControl.java:221)
	at de.uka.ilkd.key.control.KeYEnvironment.load(KeYEnvironment.java:251)
	at de.uka.ilkd.key.control.KeYEnvironment.load(KeYEnvironment.java:224)
	at de.uka.ilkd.key.control.KeYEnvironment.load(KeYEnvironment.java:184)
	at de.uka.ilkd.key.control.KeYEnvironment.load(KeYEnvironment.java:261)
	at de.uka.ilkd.key.proof.runallproofs.proofcollection.TestFile.load(TestFile.java:270)
	at de.uka.ilkd.key.proof.runallproofs.proofcollection.TestFile.runKey(TestFile.java:160)
	at de.uka.ilkd.key.proof.runallproofs.proofcollection.ForkedTestFileRunner.main(ForkedTestFileRunner.java:171)
Caused by: de.uka.ilkd.key.proof.init.ProofInputException: Could not find rule file rules/intRulesCheckedSemantics.key
	at de.uka.ilkd.key.proof.io.KeYFile.readIncludes(KeYFile.java:210)
	at de.uka.ilkd.key.proof.init.ProblemInitializer.readIncludes(ProblemInitializer.java:177)
	at de.uka.ilkd.key.proof.init.ProblemInitializer.readEnvInput(ProblemInitializer.java:325)
	at de.uka.ilkd.key.proof.init.ProblemInitializer.prepare(ProblemInitializer.java:449)
	at de.uka.ilkd.key.proof.io.AbstractProblemLoader.createInitConfig(AbstractProblemLoader.java:518)
	at de.uka.ilkd.key.proof.io.AbstractProblemLoader.loadEnvironment(AbstractProblemLoader.java:288)
	at de.uka.ilkd.key.proof.io.AbstractProblemLoader.load(AbstractProblemLoader.java:252)
	at de.uka.ilkd.key.control.AbstractUserInterfaceControl.load(AbstractUserInterfaceControl.java:209)
	... 7 more
Caused by: java.lang.RuntimeException: Could not find rule file rules/intRulesCheckedSemantics.key
	at de.uka.ilkd.key.proof.io.RuleSourceFactory.fromBuiltInRule(RuleSourceFactory.java:32)
	at de.uka.ilkd.key.proof.io.RuleSourceFactory.fromDefaultLocation(RuleSourceFactory.java:21)
	at de.uka.ilkd.key.nparser.builder.IncludeFinder.addInclude(IncludeFinder.java:63)
	at de.uka.ilkd.key.nparser.builder.IncludeFinder.visitOne_include(IncludeFinder.java:43)
	at de.uka.ilkd.key.nparser.builder.IncludeFinder.visitOne_include(IncludeFinder.java:20)
	at de.uka.ilkd.key.nparser.KeYParser$One_includeContext.accept(KeYParser.java:878)
	at de.uka.ilkd.key.nparser.builder.AbstractBuilder.lambda$mapOf$0(AbstractBuilder.java:112)
	at java.base/java.util.stream.ReferencePipeline$3$1.accept(ReferencePipeline.java:195)
	at java.base/java.util.ArrayList$ArrayListSpliterator.forEachRemaining(ArrayList.java:1655)
	at java.base/java.util.stream.AbstractPipeline.copyInto(AbstractPipeline.java:484)
	at java.base/java.util.stream.AbstractPipeline.wrapAndCopyInto(AbstractPipeline.java:474)
	at java.base/java.util.stream.ReduceOps$ReduceOp.evaluateSequential(ReduceOps.java:913)
	at java.base/java.util.stream.AbstractPipeline.evaluate(AbstractPipeline.java:234)
	at java.base/java.util.stream.ReferencePipeline.collect(ReferencePipeline.java:578)
	at de.uka.ilkd.key.nparser.builder.AbstractBuilder.mapOf(AbstractBuilder.java:112)
	at de.uka.ilkd.key.nparser.builder.IncludeFinder.visitOne_include_statement(IncludeFinder.java:35)
	at de.uka.ilkd.key.nparser.builder.IncludeFinder.visitOne_include_statement(IncludeFinder.java:20)
	at de.uka.ilkd.key.nparser.KeYParser$One_include_statementContext.accept(KeYParser.java:802)
	at org.antlr.v4.runtime.tree.AbstractParseTreeVisitor.visitChildren(AbstractParseTreeVisitor.java:46)
	at de.uka.ilkd.key.nparser.KeYParserBaseVisitor.visitDecls(KeYParserBaseVisitor.java:30)
	at de.uka.ilkd.key.nparser.KeYParser$DeclsContext.accept(KeYParser.java:500)
	at org.antlr.v4.runtime.tree.AbstractParseTreeVisitor.visitChildren(AbstractParseTreeVisitor.java:46)
	at de.uka.ilkd.key.nparser.KeYParserBaseVisitor.visitFile(KeYParserBaseVisitor.java:23)
	at de.uka.ilkd.key.nparser.KeYParser$FileContext.accept(KeYParser.java:306)
	at de.uka.ilkd.key.nparser.KeyAst.accept(KeyAst.java:41)
	at de.uka.ilkd.key.nparser.KeyAst$File.getIncludes(KeyAst.java:76)
	at de.uka.ilkd.key.proof.io.KeYFile.readIncludes(KeYFile.java:208)
	... 14 more
Could not find rule file rules/intRulesCheckedSemantics.key (file: /home/runner/work/key/key/key.core/../key.ui/examples/index/../InformationFlow/MethodContracts/contract.IFMethodContract(contract.IFMethodContract__n2()).Non-interference contract.0.key; caused by: de.uka.ilkd.key.proof.init.ProofInputException: Could not find rule file rules/intRulesCheckedSemantics.key)
	at de.uka.ilkd.key.control.AbstractUserInterfaceControl.load(AbstractUserInterfaceControl.java:221)
	at de.uka.ilkd.key.control.KeYEnvironment.load(KeYEnvironment.java:251)
	at de.uka.ilkd.key.control.KeYEnvironment.load(KeYEnvironment.java:224)
	at de.uka.ilkd.key.control.KeYEnvironment.load(KeYEnvironment.java:184)
	at de.uka.ilkd.key.control.KeYEnvironment.load(KeYEnvironment.java:261)
	at de.uka.ilkd.key.proof.runallproofs.proofcollection.TestFile.load(TestFile.java:270)
	at de.uka.ilkd.key.proof.runallproofs.proofcollection.TestFile.runKey(TestFile.java:160)
	at de.uka.ilkd.key.proof.runallproofs.proofcollection.ForkedTestFileRunner.main(ForkedTestFileRunner.java:171)
Caused by: de.uka.ilkd.key.proof.init.ProofInputException: Could not find rule file rules/intRulesCheckedSemantics.key
	at de.uka.ilkd.key.proof.io.KeYFile.readIncludes(KeYFile.java:210)
	at de.uka.ilkd.key.proof.init.ProblemInitializer.readIncludes(ProblemInitializer.java:177)
	at de.uka.ilkd.key.proof.init.ProblemInitializer.readEnvInput(ProblemInitializer.java:325)
	at de.uka.ilkd.key.proof.init.ProblemInitializer.prepare(ProblemInitializer.java:449)
	at de.uka.ilkd.key.proof.io.AbstractProblemLoader.createInitConfig(AbstractProblemLoader.java:518)
	at de.uka.ilkd.key.proof.io.AbstractProblemLoader.loadEnvironment(AbstractProblemLoader.java:288)
	at de.uka.ilkd.key.proof.io.AbstractProblemLoader.load(AbstractProblemLoader.java:252)
	at de.uka.ilkd.key.control.AbstractUserInterfaceControl.load(AbstractUserInterfaceControl.java:209)
	... 7 more
Caused by: java.lang.RuntimeException: Could not find rule file rules/intRulesCheckedSemantics.key
	at de.uka.ilkd.key.proof.io.RuleSourceFactory.fromBuiltInRule(RuleSourceFactory.java:32)
	at de.uka.ilkd.key.proof.io.RuleSourceFactory.fromDefaultLocation(RuleSourceFactory.java:21)
	at de.uka.ilkd.key.nparser.builder.IncludeFinder.addInclude(IncludeFinder.java:63)
	at de.uka.ilkd.key.nparser.builder.IncludeFinder.visitOne_include(IncludeFinder.java:43)
	at de.uka.ilkd.key.nparser.builder.IncludeFinder.visitOne_include(IncludeFinder.java:20)
	at de.uka.ilkd.key.nparser.KeYParser$One_includeContext.accept(KeYParser.java:878)
	at de.uka.ilkd.key.nparser.builder.AbstractBuilder.lambda$mapOf$0(AbstractBuilder.java:112)
	at java.base/java.util.stream.ReferencePipeline$3$1.accept(ReferencePipeline.java:195)
	at java.base/java.util.ArrayList$ArrayListSpliterator.forEachRemaining(ArrayList.java:1655)
	at java.base/java.util.stream.AbstractPipeline.copyInto(AbstractPipeline.java:484)
	at java.base/java.util.stream.AbstractPipeline.wrapAndCopyInto(AbstractPipeline.java:474)
	at java.base/java.util.stream.ReduceOps$ReduceOp.evaluateSequential(ReduceOps.java:913)
	at java.base/java.util.stream.AbstractPipeline.evaluate(AbstractPipeline.java:234)
	at java.base/java.util.stream.ReferencePipeline.collect(ReferencePipeline.java:578)
	at de.uka.ilkd.key.nparser.builder.AbstractBuilder.mapOf(AbstractBuilder.java:112)
	at de.uka.ilkd.key.nparser.builder.IncludeFinder.visitOne_include_statement(IncludeFinder.java:35)
	at de.uka.ilkd.key.nparser.builder.IncludeFinder.visitOne_include_statement(IncludeFinder.java:20)
	at de.uka.ilkd.key.nparser.KeYParser$One_include_statementContext.accept(KeYParser.java:802)
	at org.antlr.v4.runtime.tree.AbstractParseTreeVisitor.visitChildren(AbstractParseTreeVisitor.java:46)
	at de.uka.ilkd.key.nparser.KeYParserBaseVisitor.visitDecls(KeYParserBaseVisitor.java:30)
	at de.uka.ilkd.key.nparser.KeYParser$DeclsContext.accept(KeYParser.java:500)
	at org.antlr.v4.runtime.tree.AbstractParseTreeVisitor.visitChildren(AbstractParseTreeVisitor.java:46)
	at de.uka.ilkd.key.nparser.KeYParserBaseVisitor.visitFile(KeYParserBaseVisitor.java:23)
	at de.uka.ilkd.key.nparser.KeYParser$FileContext.accept(KeYParser.java:306)
	at de.uka.ilkd.key.nparser.KeyAst.accept(KeyAst.java:41)
	at de.uka.ilkd.key.nparser.KeyAst$File.getIncludes(KeyAst.java:76)
	at de.uka.ilkd.key.proof.io.KeYFile.readIncludes(KeYFile.java:208)
	... 14 more
Could not find rule file rules/intRulesCheckedSemantics.key (file: /home/runner/work/key/key/key.core/../key.ui/examples/index/../InformationFlow/MethodContracts/contract.IFMethodContract(contract.IFMethodContract__n1()).Non-interference contract.0.key; caused by: de.uka.ilkd.key.proof.init.ProofInputException: Could not find rule file rules/intRulesCheckedSemantics.key)
	at de.uka.ilkd.key.control.AbstractUserInterfaceControl.load(AbstractUserInterfaceControl.java:221)
	at de.uka.ilkd.key.control.KeYEnvironment.load(KeYEnvironment.java:251)
	at de.uka.ilkd.key.control.KeYEnvironment.load(KeYEnvironment.java:224)
	at de.uka.ilkd.key.control.KeYEnvironment.load(KeYEnvironment.java:184)
	at de.uka.ilkd.key.control.KeYEnvironment.load(KeYEnvironment.java:261)
	at de.uka.ilkd.key.proof.runallproofs.proofcollection.TestFile.load(TestFile.java:270)
	at de.uka.ilkd.key.proof.runallproofs.proofcollection.TestFile.runKey(TestFile.java:160)
	at de.uka.ilkd.key.proof.runallproofs.proofcollection.ForkedTestFileRunner.main(ForkedTestFileRunner.java:171)
Caused by: de.uka.ilkd.key.proof.init.ProofInputException: Could not find rule file rules/intRulesCheckedSemantics.key
	at de.uka.ilkd.key.proof.io.KeYFile.readIncludes(KeYFile.java:210)
	at de.uka.ilkd.key.proof.init.ProblemInitializer.readIncludes(ProblemInitializer.java:177)
	at de.uka.ilkd.key.proof.init.ProblemInitializer.readEnvInput(ProblemInitializer.java:325)
	at de.uka.ilkd.key.proof.init.ProblemInitializer.prepare(ProblemInitializer.java:449)
	at de.uka.ilkd.key.proof.io.AbstractProblemLoader.createInitConfig(AbstractProblemLoader.java:518)
	at de.uka.ilkd.key.proof.io.AbstractProblemLoader.loadEnvironment(AbstractProblemLoader.java:288)
	at de.uka.ilkd.key.proof.io.AbstractProblemLoader.load(AbstractProblemLoader.java:252)
	at de.uka.ilkd.key.control.AbstractUserInterfaceControl.load(AbstractUserInterfaceControl.java:209)
	... 7 more
Caused by: java.lang.RuntimeException: Could not find rule file rules/intRulesCheckedSemantics.key
	at de.uka.ilkd.key.proof.io.RuleSourceFactory.fromBuiltInRule(RuleSourceFactory.java:32)
	at de.uka.ilkd.key.proof.io.RuleSourceFactory.fromDefaultLocation(RuleSourceFactory.java:21)
	at de.uka.ilkd.key.nparser.builder.IncludeFinder.addInclude(IncludeFinder.java:63)
	at de.uka.ilkd.key.nparser.builder.IncludeFinder.visitOne_include(IncludeFinder.java:43)
	at de.uka.ilkd.key.nparser.builder.IncludeFinder.visitOne_include(IncludeFinder.java:20)
	at de.uka.ilkd.key.nparser.KeYParser$One_includeContext.accept(KeYParser.java:878)
	at de.uka.ilkd.key.nparser.builder.AbstractBuilder.lambda$mapOf$0(AbstractBuilder.java:112)
	at java.base/java.util.stream.ReferencePipeline$3$1.accept(ReferencePipeline.java:195)
	at java.base/java.util.ArrayList$ArrayListSpliterator.forEachRemaining(ArrayList.java:1655)
	at java.base/java.util.stream.AbstractPipeline.copyInto(AbstractPipeline.java:484)
	at java.base/java.util.stream.AbstractPipeline.wrapAndCopyInto(AbstractPipeline.java:474)
	at java.base/java.util.stream.ReduceOps$ReduceOp.evaluateSequential(ReduceOps.java:913)
	at java.base/java.util.stream.AbstractPipeline.evaluate(AbstractPipeline.java:234)
	at java.base/java.util.stream.ReferencePipeline.collect(ReferencePipeline.java:578)
	at de.uka.ilkd.key.nparser.builder.AbstractBuilder.mapOf(AbstractBuilder.java:112)
	at de.uka.ilkd.key.nparser.builder.IncludeFinder.visitOne_include_statement(IncludeFinder.java:35)
	at de.uka.ilkd.key.nparser.builder.IncludeFinder.visitOne_include_statement(IncludeFinder.java:20)
	at de.uka.ilkd.key.nparser.KeYParser$One_include_statementContext.accept(KeYParser.java:802)
	at org.antlr.v4.runtime.tree.AbstractParseTreeVisitor.visitChildren(AbstractParseTreeVisitor.java:46)
	at de.uka.ilkd.key.nparser.KeYParserBaseVisitor.visitDecls(KeYParserBaseVisitor.java:30)
	at de.uka.ilkd.key.nparser.KeYParser$DeclsContext.accept(KeYParser.java:500)
	at org.antlr.v4.runtime.tree.AbstractParseTreeVisitor.visitChildren(AbstractParseTreeVisitor.java:46)
	at de.uka.ilkd.key.nparser.KeYParserBaseVisitor.visitFile(KeYParserBaseVisitor.java:23)
	at de.uka.ilkd.key.nparser.KeYParser$FileContext.accept(KeYParser.java:306)
	at de.uka.ilkd.key.nparser.KeyAst.accept(KeyAst.java:41)
	at de.uka.ilkd.key.nparser.KeyAst$File.getIncludes(KeyAst.java:76)
	at de.uka.ilkd.key.proof.io.KeYFile.readIncludes(KeYFile.java:208)
	... 14 more
Could not find rule file rules/intRulesCheckedSemantics.key (file: /home/runner/work/key/key/key.core/../key.ui/examples/index/../InformationFlow/MethodContracts/contract.IFMethodContract(contract.IFMethodContract__secure_sequential_n1_n2()).Non-interference contract.0.key; caused by: de.uka.ilkd.key.proof.init.ProofInputException: Could not find rule file rules/intRulesCheckedSemantics.key)
	at de.uka.ilkd.key.control.AbstractUserInterfaceControl.load(AbstractUserInterfaceControl.java:221)
	at de.uka.ilkd.key.control.KeYEnvironment.load(KeYEnvironment.java:251)
	at de.uka.ilkd.key.control.KeYEnvironment.load(KeYEnvironment.java:224)
	at de.uka.ilkd.key.control.KeYEnvironment.load(KeYEnvironment.java:184)
	at de.uka.ilkd.key.control.KeYEnvironment.load(KeYEnvironment.java:261)
	at de.uka.ilkd.key.proof.runallproofs.proofcollection.TestFile.load(TestFile.java:270)
	at de.uka.ilkd.key.proof.runallproofs.proofcollection.TestFile.runKey(TestFile.java:160)
	at de.uka.ilkd.key.proof.runallproofs.proofcollection.ForkedTestFileRunner.main(ForkedTestFileRunner.java:171)
Caused by: de.uka.ilkd.key.proof.init.ProofInputException: Could not find rule file rules/intRulesCheckedSemantics.key
	at de.uka.ilkd.key.proof.io.KeYFile.readIncludes(KeYFile.java:210)
	at de.uka.ilkd.key.proof.init.ProblemInitializer.readIncludes(ProblemInitializer.java:177)
	at de.uka.ilkd.key.proof.init.ProblemInitializer.readEnvInput(ProblemInitializer.java:325)
	at de.uka.ilkd.key.proof.init.ProblemInitializer.prepare(ProblemInitializer.java:449)
	at de.uka.ilkd.key.proof.io.AbstractProblemLoader.createInitConfig(AbstractProblemLoader.java:518)
	at de.uka.ilkd.key.proof.io.AbstractProblemLoader.loadEnvironment(AbstractProblemLoader.java:288)
	at de.uka.ilkd.key.proof.io.AbstractProblemLoader.load(AbstractProblemLoader.java:252)
	at de.uka.ilkd.key.control.AbstractUserInterfaceControl.load(AbstractUserInterfaceControl.java:209)
	... 7 more
Caused by: java.lang.RuntimeException: Could not find rule file rules/intRulesCheckedSemantics.key
	at de.uka.ilkd.key.proof.io.RuleSourceFactory.fromBuiltInRule(RuleSourceFactory.java:32)
	at de.uka.ilkd.key.proof.io.RuleSourceFactory.fromDefaultLocation(RuleSourceFactory.java:21)
	at de.uka.ilkd.key.nparser.builder.IncludeFinder.addInclude(IncludeFinder.java:63)
	at de.uka.ilkd.key.nparser.builder.IncludeFinder.visitOne_include(IncludeFinder.java:43)
	at de.uka.ilkd.key.nparser.builder.IncludeFinder.visitOne_include(IncludeFinder.java:20)
	at de.uka.ilkd.key.nparser.KeYParser$One_includeContext.accept(KeYParser.java:878)
	at de.uka.ilkd.key.nparser.builder.AbstractBuilder.lambda$mapOf$0(AbstractBuilder.java:112)
	at java.base/java.util.stream.ReferencePipeline$3$1.accept(ReferencePipeline.java:195)
	at java.base/java.util.ArrayList$ArrayListSpliterator.forEachRemaining(ArrayList.java:1655)
	at java.base/java.util.stream.AbstractPipeline.copyInto(AbstractPipeline.java:484)
	at java.base/java.util.stream.AbstractPipeline.wrapAndCopyInto(AbstractPipeline.java:474)
	at java.base/java.util.stream.ReduceOps$ReduceOp.evaluateSequential(ReduceOps.java:913)
	at java.base/java.util.stream.AbstractPipeline.evaluate(AbstractPipeline.java:234)
	at java.base/java.util.stream.ReferencePipeline.collect(ReferencePipeline.java:578)
	at de.uka.ilkd.key.nparser.builder.AbstractBuilder.mapOf(AbstractBuilder.java:112)
	at de.uka.ilkd.key.nparser.builder.IncludeFinder.visitOne_include_statement(IncludeFinder.java:35)
	at de.uka.ilkd.key.nparser.builder.IncludeFinder.visitOne_include_statement(IncludeFinder.java:20)
	at de.uka.ilkd.key.nparser.KeYParser$One_include_statementContext.accept(KeYParser.java:802)
	at org.antlr.v4.runtime.tree.AbstractParseTreeVisitor.visitChildren(AbstractParseTreeVisitor.java:46)
	at de.uka.ilkd.key.nparser.KeYParserBaseVisitor.visitDecls(KeYParserBaseVisitor.java:30)
	at de.uka.ilkd.key.nparser.KeYParser$DeclsContext.accept(KeYParser.java:500)
	at org.antlr.v4.runtime.tree.AbstractParseTreeVisitor.visitChildren(AbstractParseTreeVisitor.java:46)
	at de.uka.ilkd.key.nparser.KeYParserBaseVisitor.visitFile(KeYParserBaseVisitor.java:23)
	at de.uka.ilkd.key.nparser.KeYParser$FileContext.accept(KeYParser.java:306)
	at de.uka.ilkd.key.nparser.KeyAst.accept(KeyAst.java:41)
	at de.uka.ilkd.key.nparser.KeyAst$File.getIncludes(KeyAst.java:76)
	at de.uka.ilkd.key.proof.io.KeYFile.readIncludes(KeYFile.java:208)
	... 14 more
Exception in thread "main" org.opentest4j.AssertionFailedError: Exception during the execution of proofs. See log for more details.
	at org.junit.jupiter.api.AssertionUtils.fail(AssertionUtils.java:39)
	at org.junit.jupiter.api.Assertions.fail(Assertions.java:134)
	at de.uka.ilkd.key.proof.runallproofs.proofcollection.ForkedTestFileRunner.main(ForkedTestFileRunner.java:192)
Timeout watcher launched (1000 secs.)
Could not find rule file rules/intRulesCheckedSemantics.key (file: /home/runner/work/key/key/key.core/../key.ui/examples/index/../InformationFlow/LoopInvariants/loop.IFLoopExamples(loop.IFLoopExamples__insecure_while_3(int)).Non-interference contract.0.key; caused by: de.uka.ilkd.key.proof.init.ProofInputException: Could not find rule file rules/intRulesCheckedSemantics.key)
	at de.uka.ilkd.key.control.AbstractUserInterfaceControl.load(AbstractUserInterfaceControl.java:221)
	at de.uka.ilkd.key.control.KeYEnvironment.load(KeYEnvironment.java:251)
	at de.uka.ilkd.key.control.KeYEnvironment.load(KeYEnvironment.java:224)
	at de.uka.ilkd.key.control.KeYEnvironment.load(KeYEnvironment.java:184)
	at de.uka.ilkd.key.control.KeYEnvironment.load(KeYEnvironment.java:261)
	at de.uka.ilkd.key.proof.runallproofs.proofcollection.TestFile.load(TestFile.java:270)
	at de.uka.ilkd.key.proof.runallproofs.proofcollection.TestFile.runKey(TestFile.java:160)
	at de.uka.ilkd.key.proof.runallproofs.proofcollection.ForkedTestFileRunner.main(ForkedTestFileRunner.java:171)
Caused by: de.uka.ilkd.key.proof.init.ProofInputException: Could not find rule file rules/intRulesCheckedSemantics.key
	at de.uka.ilkd.key.proof.io.KeYFile.readIncludes(KeYFile.java:210)
	at de.uka.ilkd.key.proof.init.ProblemInitializer.readIncludes(ProblemInitializer.java:177)
	at de.uka.ilkd.key.proof.init.ProblemInitializer.readEnvInput(ProblemInitializer.java:325)
	at de.uka.ilkd.key.proof.init.ProblemInitializer.prepare(ProblemInitializer.java:449)
	at de.uka.ilkd.key.proof.io.AbstractProblemLoader.createInitConfig(AbstractProblemLoader.java:518)
	at de.uka.ilkd.key.proof.io.AbstractProblemLoader.loadEnvironment(AbstractProblemLoader.java:288)
	at de.uka.ilkd.key.proof.io.AbstractProblemLoader.load(AbstractProblemLoader.java:252)
	at de.uka.ilkd.key.control.AbstractUserInterfaceControl.load(AbstractUserInterfaceControl.java:209)
	... 7 more
Caused by: java.lang.RuntimeException: Could not find rule file rules/intRulesCheckedSemantics.key
	at de.uka.ilkd.key.proof.io.RuleSourceFactory.fromBuiltInRule(RuleSourceFactory.java:32)
	at de.uka.ilkd.key.proof.io.RuleSourceFactory.fromDefaultLocation(RuleSourceFactory.java:21)
	at de.uka.ilkd.key.nparser.builder.IncludeFinder.addInclude(IncludeFinder.java:63)
	at de.uka.ilkd.key.nparser.builder.IncludeFinder.visitOne_include(IncludeFinder.java:43)
	at de.uka.ilkd.key.nparser.builder.IncludeFinder.visitOne_include(IncludeFinder.java:20)
	at de.uka.ilkd.key.nparser.KeYParser$One_includeContext.accept(KeYParser.java:878)
	at de.uka.ilkd.key.nparser.builder.AbstractBuilder.lambda$mapOf$0(AbstractBuilder.java:112)
	at java.base/java.util.stream.ReferencePipeline$3$1.accept(ReferencePipeline.java:195)
	at java.base/java.util.ArrayList$ArrayListSpliterator.forEachRemaining(ArrayList.java:1655)
	at java.base/java.util.stream.AbstractPipeline.copyInto(AbstractPipeline.java:484)
	at java.base/java.util.stream.AbstractPipeline.wrapAndCopyInto(AbstractPipeline.java:474)
	at java.base/java.util.stream.ReduceOps$ReduceOp.evaluateSequential(ReduceOps.java:913)
	at java.base/java.util.stream.AbstractPipeline.evaluate(AbstractPipeline.java:234)
	at java.base/java.util.stream.ReferencePipeline.collect(ReferencePipeline.java:578)
	at de.uka.ilkd.key.nparser.builder.AbstractBuilder.mapOf(AbstractBuilder.java:112)
	at de.uka.ilkd.key.nparser.builder.IncludeFinder.visitOne_include_statement(IncludeFinder.java:35)
	at de.uka.ilkd.key.nparser.builder.IncludeFinder.visitOne_include_statement(IncludeFinder.java:20)
	at de.uka.ilkd.key.nparser.KeYParser$One_include_statementContext.accept(KeYParser.java:802)
	at org.antlr.v4.runtime.tree.AbstractParseTreeVisitor.visitChildren(AbstractParseTreeVisitor.java:46)
	at de.uka.ilkd.key.nparser.KeYParserBaseVisitor.visitDecls(KeYParserBaseVisitor.java:30)
	at de.uka.ilkd.key.nparser.KeYParser$DeclsContext.accept(KeYParser.java:500)
	at org.antlr.v4.runtime.tree.AbstractParseTreeVisitor.visitChildren(AbstractParseTreeVisitor.java:46)
	at de.uka.ilkd.key.nparser.KeYParserBaseVisitor.visitFile(KeYParserBaseVisitor.java:23)
	at de.uka.ilkd.key.nparser.KeYParser$FileContext.accept(KeYParser.java:306)
	at de.uka.ilkd.key.nparser.KeyAst.accept(KeyAst.java:41)
	at de.uka.ilkd.key.nparser.KeyAst$File.getIncludes(KeyAst.java:76)
	at de.uka.ilkd.key.proof.io.KeYFile.readIncludes(KeYFile.java:208)
	... 14 more
Could not find rule file rules/intRulesCheckedSemantics.key (file: /home/runner/work/key/key/key.core/../key.ui/examples/index/../InformationFlow/LoopInvariants/loop.IFLoopExamples(loop.IFLoopExamples__secure_while_2(int)).Non-interference contract.0.key; caused by: de.uka.ilkd.key.proof.init.ProofInputException: Could not find rule file rules/intRulesCheckedSemantics.key)
	at de.uka.ilkd.key.control.AbstractUserInterfaceControl.load(AbstractUserInterfaceControl.java:221)
	at de.uka.ilkd.key.control.KeYEnvironment.load(KeYEnvironment.java:251)
	at de.uka.ilkd.key.control.KeYEnvironment.load(KeYEnvironment.java:224)
	at de.uka.ilkd.key.control.KeYEnvironment.load(KeYEnvironment.java:184)
	at de.uka.ilkd.key.control.KeYEnvironment.load(KeYEnvironment.java:261)
	at de.uka.ilkd.key.proof.runallproofs.proofcollection.TestFile.load(TestFile.java:270)
	at de.uka.ilkd.key.proof.runallproofs.proofcollection.TestFile.runKey(TestFile.java:160)
	at de.uka.ilkd.key.proof.runallproofs.proofcollection.ForkedTestFileRunner.main(ForkedTestFileRunner.java:171)
Caused by: de.uka.ilkd.key.proof.init.ProofInputException: Could not find rule file rules/intRulesCheckedSemantics.key
	at de.uka.ilkd.key.proof.io.KeYFile.readIncludes(KeYFile.java:210)
	at de.uka.ilkd.key.proof.init.ProblemInitializer.readIncludes(ProblemInitializer.java:177)
	at de.uka.ilkd.key.proof.init.ProblemInitializer.readEnvInput(ProblemInitializer.java:325)
	at de.uka.ilkd.key.proof.init.ProblemInitializer.prepare(ProblemInitializer.java:449)
	at de.uka.ilkd.key.proof.io.AbstractProblemLoader.createInitConfig(AbstractProblemLoader.java:518)
	at de.uka.ilkd.key.proof.io.AbstractProblemLoader.loadEnvironment(AbstractProblemLoader.java:288)
	at de.uka.ilkd.key.proof.io.AbstractProblemLoader.load(AbstractProblemLoader.java:252)
	at de.uka.ilkd.key.control.AbstractUserInterfaceControl.load(AbstractUserInterfaceControl.java:209)
	... 7 more
Caused by: java.lang.RuntimeException: Could not find rule file rules/intRulesCheckedSemantics.key
	at de.uka.ilkd.key.proof.io.RuleSourceFactory.fromBuiltInRule(RuleSourceFactory.java:32)
	at de.uka.ilkd.key.proof.io.RuleSourceFactory.fromDefaultLocation(RuleSourceFactory.java:21)
	at de.uka.ilkd.key.nparser.builder.IncludeFinder.addInclude(IncludeFinder.java:63)
	at de.uka.ilkd.key.nparser.builder.IncludeFinder.visitOne_include(IncludeFinder.java:43)
	at de.uka.ilkd.key.nparser.builder.IncludeFinder.visitOne_include(IncludeFinder.java:20)
	at de.uka.ilkd.key.nparser.KeYParser$One_includeContext.accept(KeYParser.java:878)
	at de.uka.ilkd.key.nparser.builder.AbstractBuilder.lambda$mapOf$0(AbstractBuilder.java:112)
	at java.base/java.util.stream.ReferencePipeline$3$1.accept(ReferencePipeline.java:195)
	at java.base/java.util.ArrayList$ArrayListSpliterator.forEachRemaining(ArrayList.java:1655)
	at java.base/java.util.stream.AbstractPipeline.copyInto(AbstractPipeline.java:484)
	at java.base/java.util.stream.AbstractPipeline.wrapAndCopyInto(AbstractPipeline.java:474)
	at java.base/java.util.stream.ReduceOps$ReduceOp.evaluateSequential(ReduceOps.java:913)
	at java.base/java.util.stream.AbstractPipeline.evaluate(AbstractPipeline.java:234)
	at java.base/java.util.stream.ReferencePipeline.collect(ReferencePipeline.java:578)
	at de.uka.ilkd.key.nparser.builder.AbstractBuilder.mapOf(AbstractBuilder.java:112)
	at de.uka.ilkd.key.nparser.builder.IncludeFinder.visitOne_include_statement(IncludeFinder.java:35)
	at de.uka.ilkd.key.nparser.builder.IncludeFinder.visitOne_include_statement(IncludeFinder.java:20)
	at de.uka.ilkd.key.nparser.KeYParser$One_include_statementContext.accept(KeYParser.java:802)
	at org.antlr.v4.runtime.tree.AbstractParseTreeVisitor.visitChildren(AbstractParseTreeVisitor.java:46)
	at de.uka.ilkd.key.nparser.KeYParserBaseVisitor.visitDecls(KeYParserBaseVisitor.java:30)
	at de.uka.ilkd.key.nparser.KeYParser$DeclsContext.accept(KeYParser.java:500)
	at org.antlr.v4.runtime.tree.AbstractParseTreeVisitor.visitChildren(AbstractParseTreeVisitor.java:46)
	at de.uka.ilkd.key.nparser.KeYParserBaseVisitor.visitFile(KeYParserBaseVisitor.java:23)
	at de.uka.ilkd.key.nparser.KeYParser$FileContext.accept(KeYParser.java:306)
	at de.uka.ilkd.key.nparser.KeyAst.accept(KeyAst.java:41)
	at de.uka.ilkd.key.nparser.KeyAst$File.getIncludes(KeyAst.java:76)
	at de.uka.ilkd.key.proof.io.KeYFile.readIncludes(KeYFile.java:208)
	... 14 more
Could not find rule file rules/intRulesCheckedSemantics.key (file: /home/runner/work/key/key/key.core/../key.ui/examples/index/../InformationFlow/LoopInvariants/loop.IFLoopExamples(loop.IFLoopExamples__secure_while_4(int)).Non-interference contract.0.key; caused by: de.uka.ilkd.key.proof.init.ProofInputException: Could not find rule file rules/intRulesCheckedSemantics.key)
	at de.uka.ilkd.key.control.AbstractUserInterfaceControl.load(AbstractUserInterfaceControl.java:221)
	at de.uka.ilkd.key.control.KeYEnvironment.load(KeYEnvironment.java:251)
	at de.uka.ilkd.key.control.KeYEnvironment.load(KeYEnvironment.java:224)
	at de.uka.ilkd.key.control.KeYEnvironment.load(KeYEnvironment.java:184)
	at de.uka.ilkd.key.control.KeYEnvironment.load(KeYEnvironment.java:261)
	at de.uka.ilkd.key.proof.runallproofs.proofcollection.TestFile.load(TestFile.java:270)
	at de.uka.ilkd.key.proof.runallproofs.proofcollection.TestFile.runKey(TestFile.java:160)
	at de.uka.ilkd.key.proof.runallproofs.proofcollection.ForkedTestFileRunner.main(ForkedTestFileRunner.java:171)
Caused by: de.uka.ilkd.key.proof.init.ProofInputException: Could not find rule file rules/intRulesCheckedSemantics.key
	at de.uka.ilkd.key.proof.io.KeYFile.readIncludes(KeYFile.java:210)
	at de.uka.ilkd.key.proof.init.ProblemInitializer.readIncludes(ProblemInitializer.java:177)
	at de.uka.ilkd.key.proof.init.ProblemInitializer.readEnvInput(ProblemInitializer.java:325)
	at de.uka.ilkd.key.proof.init.ProblemInitializer.prepare(ProblemInitializer.java:449)
	at de.uka.ilkd.key.proof.io.AbstractProblemLoader.createInitConfig(AbstractProblemLoader.java:518)
	at de.uka.ilkd.key.proof.io.AbstractProblemLoader.loadEnvironment(AbstractProblemLoader.java:288)
	at de.uka.ilkd.key.proof.io.AbstractProblemLoader.load(AbstractProblemLoader.java:252)
	at de.uka.ilkd.key.control.AbstractUserInterfaceControl.load(AbstractUserInterfaceControl.java:209)
	... 7 more
Caused by: java.lang.RuntimeException: Could not find rule file rules/intRulesCheckedSemantics.key
	at de.uka.ilkd.key.proof.io.RuleSourceFactory.fromBuiltInRule(RuleSourceFactory.java:32)
	at de.uka.ilkd.key.proof.io.RuleSourceFactory.fromDefaultLocation(RuleSourceFactory.java:21)
	at de.uka.ilkd.key.nparser.builder.IncludeFinder.addInclude(IncludeFinder.java:63)
	at de.uka.ilkd.key.nparser.builder.IncludeFinder.visitOne_include(IncludeFinder.java:43)
	at de.uka.ilkd.key.nparser.builder.IncludeFinder.visitOne_include(IncludeFinder.java:20)
	at de.uka.ilkd.key.nparser.KeYParser$One_includeContext.accept(KeYParser.java:878)
	at de.uka.ilkd.key.nparser.builder.AbstractBuilder.lambda$mapOf$0(AbstractBuilder.java:112)
	at java.base/java.util.stream.ReferencePipeline$3$1.accept(ReferencePipeline.java:195)
	at java.base/java.util.ArrayList$ArrayListSpliterator.forEachRemaining(ArrayList.java:1655)
	at java.base/java.util.stream.AbstractPipeline.copyInto(AbstractPipeline.java:484)
	at java.base/java.util.stream.AbstractPipeline.wrapAndCopyInto(AbstractPipeline.java:474)
	at java.base/java.util.stream.ReduceOps$ReduceOp.evaluateSequential(ReduceOps.java:913)
	at java.base/java.util.stream.AbstractPipeline.evaluate(AbstractPipeline.java:234)
	at java.base/java.util.stream.ReferencePipeline.collect(ReferencePipeline.java:578)
	at de.uka.ilkd.key.nparser.builder.AbstractBuilder.mapOf(AbstractBuilder.java:112)
	at de.uka.ilkd.key.nparser.builder.IncludeFinder.visitOne_include_statement(IncludeFinder.java:35)
	at de.uka.ilkd.key.nparser.builder.IncludeFinder.visitOne_include_statement(IncludeFinder.java:20)
	at de.uka.ilkd.key.nparser.KeYParser$One_include_statementContext.accept(KeYParser.java:802)
	at org.antlr.v4.runtime.tree.AbstractParseTreeVisitor.visitChildren(AbstractParseTreeVisitor.java:46)
	at de.uka.ilkd.key.nparser.KeYParserBaseVisitor.visitDecls(KeYParserBaseVisitor.java:30)
	at de.uka.ilkd.key.nparser.KeYParser$DeclsContext.accept(KeYParser.java:500)
	at org.antlr.v4.runtime.tree.AbstractParseTreeVisitor.visitChildren(AbstractParseTreeVisitor.java:46)
	at de.uka.ilkd.key.nparser.KeYParserBaseVisitor.visitFile(KeYParserBaseVisitor.java:23)
	at de.uka.ilkd.key.nparser.KeYParser$FileContext.accept(KeYParser.java:306)
	at de.uka.ilkd.key.nparser.KeyAst.accept(KeyAst.java:41)
	at de.uka.ilkd.key.nparser.KeyAst$File.getIncludes(KeyAst.java:76)
	at de.uka.ilkd.key.proof.io.KeYFile.readIncludes(KeYFile.java:208)
	... 14 more
Could not find rule file rules/intRulesCheckedSemantics.key (file: /home/runner/work/key/key/key.core/../key.ui/examples/index/../InformationFlow/LoopInvariants/loop.IFLoopExamples(loop.IFLoopExamples__insecure_doubleNestedWhile2(int)).Non-interference contract.0.key; caused by: de.uka.ilkd.key.proof.init.ProofInputException: Could not find rule file rules/intRulesCheckedSemantics.key)
	at de.uka.ilkd.key.control.AbstractUserInterfaceControl.load(AbstractUserInterfaceControl.java:221)
	at de.uka.ilkd.key.control.KeYEnvironment.load(KeYEnvironment.java:251)
	at de.uka.ilkd.key.control.KeYEnvironment.load(KeYEnvironment.java:224)
	at de.uka.ilkd.key.control.KeYEnvironment.load(KeYEnvironment.java:184)
	at de.uka.ilkd.key.control.KeYEnvironment.load(KeYEnvironment.java:261)
	at de.uka.ilkd.key.proof.runallproofs.proofcollection.TestFile.load(TestFile.java:270)
	at de.uka.ilkd.key.proof.runallproofs.proofcollection.TestFile.runKey(TestFile.java:160)
	at de.uka.ilkd.key.proof.runallproofs.proofcollection.ForkedTestFileRunner.main(ForkedTestFileRunner.java:171)
Caused by: de.uka.ilkd.key.proof.init.ProofInputException: Could not find rule file rules/intRulesCheckedSemantics.key
	at de.uka.ilkd.key.proof.io.KeYFile.readIncludes(KeYFile.java:210)
	at de.uka.ilkd.key.proof.init.ProblemInitializer.readIncludes(ProblemInitializer.java:177)
	at de.uka.ilkd.key.proof.init.ProblemInitializer.readEnvInput(ProblemInitializer.java:325)
	at de.uka.ilkd.key.proof.init.ProblemInitializer.prepare(ProblemInitializer.java:449)
	at de.uka.ilkd.key.proof.io.AbstractProblemLoader.createInitConfig(AbstractProblemLoader.java:518)
	at de.uka.ilkd.key.proof.io.AbstractProblemLoader.loadEnvironment(AbstractProblemLoader.java:288)
	at de.uka.ilkd.key.proof.io.AbstractProblemLoader.load(AbstractProblemLoader.java:252)
	at de.uka.ilkd.key.control.AbstractUserInterfaceControl.load(AbstractUserInterfaceControl.java:209)
	... 7 more
Caused by: java.lang.RuntimeException: Could not find rule file rules/intRulesCheckedSemantics.key
	at de.uka.ilkd.key.proof.io.RuleSourceFactory.fromBuiltInRule(RuleSourceFactory.java:32)
	at de.uka.ilkd.key.proof.io.RuleSourceFactory.fromDefaultLocation(RuleSourceFactory.java:21)
	at de.uka.ilkd.key.nparser.builder.IncludeFinder.addInclude(IncludeFinder.java:63)
	at de.uka.ilkd.key.nparser.builder.IncludeFinder.visitOne_include(IncludeFinder.java:43)
	at de.uka.ilkd.key.nparser.builder.IncludeFinder.visitOne_include(IncludeFinder.java:20)
	at de.uka.ilkd.key.nparser.KeYParser$One_includeContext.accept(KeYParser.java:878)
	at de.uka.ilkd.key.nparser.builder.AbstractBuilder.lambda$mapOf$0(AbstractBuilder.java:112)
	at java.base/java.util.stream.ReferencePipeline$3$1.accept(ReferencePipeline.java:195)
	at java.base/java.util.ArrayList$ArrayListSpliterator.forEachRemaining(ArrayList.java:1655)
	at java.base/java.util.stream.AbstractPipeline.copyInto(AbstractPipeline.java:484)
	at java.base/java.util.stream.AbstractPipeline.wrapAndCopyInto(AbstractPipeline.java:474)
	at java.base/java.util.stream.ReduceOps$ReduceOp.evaluateSequential(ReduceOps.java:913)
	at java.base/java.util.stream.AbstractPipeline.evaluate(AbstractPipeline.java:234)
	at java.base/java.util.stream.ReferencePipeline.collect(ReferencePipeline.java:578)
	at de.uka.ilkd.key.nparser.builder.AbstractBuilder.mapOf(AbstractBuilder.java:112)
	at de.uka.ilkd.key.nparser.builder.IncludeFinder.visitOne_include_statement(IncludeFinder.java:35)
	at de.uka.ilkd.key.nparser.builder.IncludeFinder.visitOne_include_statement(IncludeFinder.java:20)
	at de.uka.ilkd.key.nparser.KeYParser$One_include_statementContext.accept(KeYParser.java:802)
	at org.antlr.v4.runtime.tree.AbstractParseTreeVisitor.visitChildren(AbstractParseTreeVisitor.java:46)
	at de.uka.ilkd.key.nparser.KeYParserBaseVisitor.visitDecls(KeYParserBaseVisitor.java:30)
	at de.uka.ilkd.key.nparser.KeYParser$DeclsContext.accept(KeYParser.java:500)
	at org.antlr.v4.runtime.tree.AbstractParseTreeVisitor.visitChildren(AbstractParseTreeVisitor.java:46)
	at de.uka.ilkd.key.nparser.KeYParserBaseVisitor.visitFile(KeYParserBaseVisitor.java:23)
	at de.uka.ilkd.key.nparser.KeYParser$FileContext.accept(KeYParser.java:306)
	at de.uka.ilkd.key.nparser.KeyAst.accept(KeyAst.java:41)
	at de.uka.ilkd.key.nparser.KeyAst$File.getIncludes(KeyAst.java:76)
	at de.uka.ilkd.key.proof.io.KeYFile.readIncludes(KeYFile.java:208)
	... 14 more
Could not find rule file rules/intRulesCheckedSemantics.key (file: /home/runner/work/key/key/key.core/../key.ui/examples/index/../InformationFlow/LoopInvariants/loop.IFLoopExamples(loop.IFLoopExamples__insecure_doubleNestedWhile(int)).Non-interference contract.0.key; caused by: de.uka.ilkd.key.proof.init.ProofInputException: Could not find rule file rules/intRulesCheckedSemantics.key)
	at de.uka.ilkd.key.control.AbstractUserInterfaceControl.load(AbstractUserInterfaceControl.java:221)
	at de.uka.ilkd.key.control.KeYEnvironment.load(KeYEnvironment.java:251)
	at de.uka.ilkd.key.control.KeYEnvironment.load(KeYEnvironment.java:224)
	at de.uka.ilkd.key.control.KeYEnvironment.load(KeYEnvironment.java:184)
	at de.uka.ilkd.key.control.KeYEnvironment.load(KeYEnvironment.java:261)
	at de.uka.ilkd.key.proof.runallproofs.proofcollection.TestFile.load(TestFile.java:270)
	at de.uka.ilkd.key.proof.runallproofs.proofcollection.TestFile.runKey(TestFile.java:160)
	at de.uka.ilkd.key.proof.runallproofs.proofcollection.ForkedTestFileRunner.main(ForkedTestFileRunner.java:171)
Caused by: de.uka.ilkd.key.proof.init.ProofInputException: Could not find rule file rules/intRulesCheckedSemantics.key
	at de.uka.ilkd.key.proof.io.KeYFile.readIncludes(KeYFile.java:210)
	at de.uka.ilkd.key.proof.init.ProblemInitializer.readIncludes(ProblemInitializer.java:177)
	at de.uka.ilkd.key.proof.init.ProblemInitializer.readEnvInput(ProblemInitializer.java:325)
	at de.uka.ilkd.key.proof.init.ProblemInitializer.prepare(ProblemInitializer.java:449)
	at de.uka.ilkd.key.proof.io.AbstractProblemLoader.createInitConfig(AbstractProblemLoader.java:518)
	at de.uka.ilkd.key.proof.io.AbstractProblemLoader.loadEnvironment(AbstractProblemLoader.java:288)
	at de.uka.ilkd.key.proof.io.AbstractProblemLoader.load(AbstractProblemLoader.java:252)
	at de.uka.ilkd.key.control.AbstractUserInterfaceControl.load(AbstractUserInterfaceControl.java:209)
	... 7 more
Caused by: java.lang.RuntimeException: Could not find rule file rules/intRulesCheckedSemantics.key
	at de.uka.ilkd.key.proof.io.RuleSourceFactory.fromBuiltInRule(RuleSourceFactory.java:32)
	at de.uka.ilkd.key.proof.io.RuleSourceFactory.fromDefaultLocation(RuleSourceFactory.java:21)
	at de.uka.ilkd.key.nparser.builder.IncludeFinder.addInclude(IncludeFinder.java:63)
	at de.uka.ilkd.key.nparser.builder.IncludeFinder.visitOne_include(IncludeFinder.java:43)
	at de.uka.ilkd.key.nparser.builder.IncludeFinder.visitOne_include(IncludeFinder.java:20)
	at de.uka.ilkd.key.nparser.KeYParser$One_includeContext.accept(KeYParser.java:878)
	at de.uka.ilkd.key.nparser.builder.AbstractBuilder.lambda$mapOf$0(AbstractBuilder.java:112)
	at java.base/java.util.stream.ReferencePipeline$3$1.accept(ReferencePipeline.java:195)
	at java.base/java.util.ArrayList$ArrayListSpliterator.forEachRemaining(ArrayList.java:1655)
	at java.base/java.util.stream.AbstractPipeline.copyInto(AbstractPipeline.java:484)
	at java.base/java.util.stream.AbstractPipeline.wrapAndCopyInto(AbstractPipeline.java:474)
	at java.base/java.util.stream.ReduceOps$ReduceOp.evaluateSequential(ReduceOps.java:913)
	at java.base/java.util.stream.AbstractPipeline.evaluate(AbstractPipeline.java:234)
	at java.base/java.util.stream.ReferencePipeline.collect(ReferencePipeline.java:578)
	at de.uka.ilkd.key.nparser.builder.AbstractBuilder.mapOf(AbstractBuilder.java:112)
	at de.uka.ilkd.key.nparser.builder.IncludeFinder.visitOne_include_statement(IncludeFinder.java:35)
	at de.uka.ilkd.key.nparser.builder.IncludeFinder.visitOne_include_statement(IncludeFinder.java:20)
	at de.uka.ilkd.key.nparser.KeYParser$One_include_statementContext.accept(KeYParser.java:802)
	at org.antlr.v4.runtime.tree.AbstractParseTreeVisitor.visitChildren(AbstractParseTreeVisitor.java:46)
	at de.uka.ilkd.key.nparser.KeYParserBaseVisitor.visitDecls(KeYParserBaseVisitor.java:30)
	at de.uka.ilkd.key.nparser.KeYParser$DeclsContext.accept(KeYParser.java:500)
	at org.antlr.v4.runtime.tree.AbstractParseTreeVisitor.visitChildren(AbstractParseTreeVisitor.java:46)
	at de.uka.ilkd.key.nparser.KeYParserBaseVisitor.visitFile(KeYParserBaseVisitor.java:23)
	at de.uka.ilkd.key.nparser.KeYParser$FileContext.accept(KeYParser.java:306)
	at de.uka.ilkd.key.nparser.KeyAst.accept(KeyAst.java:41)
	at de.uka.ilkd.key.nparser.KeyAst$File.getIncludes(KeyAst.java:76)
	at de.uka.ilkd.key.proof.io.KeYFile.readIncludes(KeYFile.java:208)
	... 14 more
Could not find rule file rules/intRulesCheckedSemantics.key (file: /home/runner/work/key/key/key.core/../key.ui/examples/index/../InformationFlow/LoopInvariants/loop.IFLoopExamples(loop.IFLoopExamples__secure_doubleNestedWhile(int)).Non-interference contract.0.key; caused by: de.uka.ilkd.key.proof.init.ProofInputException: Could not find rule file rules/intRulesCheckedSemantics.key)
	at de.uka.ilkd.key.control.AbstractUserInterfaceControl.load(AbstractUserInterfaceControl.java:221)
	at de.uka.ilkd.key.control.KeYEnvironment.load(KeYEnvironment.java:251)
	at de.uka.ilkd.key.control.KeYEnvironment.load(KeYEnvironment.java:224)
	at de.uka.ilkd.key.control.KeYEnvironment.load(KeYEnvironment.java:184)
	at de.uka.ilkd.key.control.KeYEnvironment.load(KeYEnvironment.java:261)
	at de.uka.ilkd.key.proof.runallproofs.proofcollection.TestFile.load(TestFile.java:270)
	at de.uka.ilkd.key.proof.runallproofs.proofcollection.TestFile.runKey(TestFile.java:160)
	at de.uka.ilkd.key.proof.runallproofs.proofcollection.ForkedTestFileRunner.main(ForkedTestFileRunner.java:171)
Caused by: de.uka.ilkd.key.proof.init.ProofInputException: Could not find rule file rules/intRulesCheckedSemantics.key
	at de.uka.ilkd.key.proof.io.KeYFile.readIncludes(KeYFile.java:210)
	at de.uka.ilkd.key.proof.init.ProblemInitializer.readIncludes(ProblemInitializer.java:177)
	at de.uka.ilkd.key.proof.init.ProblemInitializer.readEnvInput(ProblemInitializer.java:325)
	at de.uka.ilkd.key.proof.init.ProblemInitializer.prepare(ProblemInitializer.java:449)
	at de.uka.ilkd.key.proof.io.AbstractProblemLoader.createInitConfig(AbstractProblemLoader.java:518)
	at de.uka.ilkd.key.proof.io.AbstractProblemLoader.loadEnvironment(AbstractProblemLoader.java:288)
	at de.uka.ilkd.key.proof.io.AbstractProblemLoader.load(AbstractProblemLoader.java:252)
	at de.uka.ilkd.key.control.AbstractUserInterfaceControl.load(AbstractUserInterfaceControl.java:209)
	... 7 more
Caused by: java.lang.RuntimeException: Could not find rule file rules/intRulesCheckedSemantics.key
	at de.uka.ilkd.key.proof.io.RuleSourceFactory.fromBuiltInRule(RuleSourceFactory.java:32)
	at de.uka.ilkd.key.proof.io.RuleSourceFactory.fromDefaultLocation(RuleSourceFactory.java:21)
	at de.uka.ilkd.key.nparser.builder.IncludeFinder.addInclude(IncludeFinder.java:63)
	at de.uka.ilkd.key.nparser.builder.IncludeFinder.visitOne_include(IncludeFinder.java:43)
	at de.uka.ilkd.key.nparser.builder.IncludeFinder.visitOne_include(IncludeFinder.java:20)
	at de.uka.ilkd.key.nparser.KeYParser$One_includeContext.accept(KeYParser.java:878)
	at de.uka.ilkd.key.nparser.builder.AbstractBuilder.lambda$mapOf$0(AbstractBuilder.java:112)
	at java.base/java.util.stream.ReferencePipeline$3$1.accept(ReferencePipeline.java:195)
	at java.base/java.util.ArrayList$ArrayListSpliterator.forEachRemaining(ArrayList.java:1655)
	at java.base/java.util.stream.AbstractPipeline.copyInto(AbstractPipeline.java:484)
	at java.base/java.util.stream.AbstractPipeline.wrapAndCopyInto(AbstractPipeline.java:474)
	at java.base/java.util.stream.ReduceOps$ReduceOp.evaluateSequential(ReduceOps.java:913)
	at java.base/java.util.stream.AbstractPipeline.evaluate(AbstractPipeline.java:234)
	at java.base/java.util.stream.ReferencePipeline.collect(ReferencePipeline.java:578)
	at de.uka.ilkd.key.nparser.builder.AbstractBuilder.mapOf(AbstractBuilder.java:112)
	at de.uka.ilkd.key.nparser.builder.IncludeFinder.visitOne_include_statement(IncludeFinder.java:35)
	at de.uka.ilkd.key.nparser.builder.IncludeFinder.visitOne_include_statement(IncludeFinder.java:20)
	at de.uka.ilkd.key.nparser.KeYParser$One_include_statementContext.accept(KeYParser.java:802)
	at org.antlr.v4.runtime.tree.AbstractParseTreeVisitor.visitChildren(AbstractParseTreeVisitor.java:46)
	at de.uka.ilkd.key.nparser.KeYParserBaseVisitor.visitDecls(KeYParserBaseVisitor.java:30)
	at de.uka.ilkd.key.nparser.KeYParser$DeclsContext.accept(KeYParser.java:500)
	at org.antlr.v4.runtime.tree.AbstractParseTreeVisitor.visitChildren(AbstractParseTreeVisitor.java:46)
	at de.uka.ilkd.key.nparser.KeYParserBaseVisitor.visitFile(KeYParserBaseVisitor.java:23)
	at de.uka.ilkd.key.nparser.KeYParser$FileContext.accept(KeYParser.java:306)
	at de.uka.ilkd.key.nparser.KeyAst.accept(KeyAst.java:41)
	at de.uka.ilkd.key.nparser.KeyAst$File.getIncludes(KeyAst.java:76)
	at de.uka.ilkd.key.proof.io.KeYFile.readIncludes(KeYFile.java:208)
	... 14 more
Could not find rule file rules/intRulesCheckedSemantics.key (file: /home/runner/work/key/key/key.core/../key.ui/examples/index/../InformationFlow/LoopInvariants/loop.IFLoopExamples(loop.IFLoopExamples__secure_nestedTwoWhile(int)).Non-interference contract.0.key; caused by: de.uka.ilkd.key.proof.init.ProofInputException: Could not find rule file rules/intRulesCheckedSemantics.key)
	at de.uka.ilkd.key.control.AbstractUserInterfaceControl.load(AbstractUserInterfaceControl.java:221)
	at de.uka.ilkd.key.control.KeYEnvironment.load(KeYEnvironment.java:251)
	at de.uka.ilkd.key.control.KeYEnvironment.load(KeYEnvironment.java:224)
	at de.uka.ilkd.key.control.KeYEnvironment.load(KeYEnvironment.java:184)
	at de.uka.ilkd.key.control.KeYEnvironment.load(KeYEnvironment.java:261)
	at de.uka.ilkd.key.proof.runallproofs.proofcollection.TestFile.load(TestFile.java:270)
	at de.uka.ilkd.key.proof.runallproofs.proofcollection.TestFile.runKey(TestFile.java:160)
	at de.uka.ilkd.key.proof.runallproofs.proofcollection.ForkedTestFileRunner.main(ForkedTestFileRunner.java:171)
Caused by: de.uka.ilkd.key.proof.init.ProofInputException: Could not find rule file rules/intRulesCheckedSemantics.key
	at de.uka.ilkd.key.proof.io.KeYFile.readIncludes(KeYFile.java:210)
	at de.uka.ilkd.key.proof.init.ProblemInitializer.readIncludes(ProblemInitializer.java:177)
	at de.uka.ilkd.key.proof.init.ProblemInitializer.readEnvInput(ProblemInitializer.java:325)
	at de.uka.ilkd.key.proof.init.ProblemInitializer.prepare(ProblemInitializer.java:449)
	at de.uka.ilkd.key.proof.io.AbstractProblemLoader.createInitConfig(AbstractProblemLoader.java:518)
	at de.uka.ilkd.key.proof.io.AbstractProblemLoader.loadEnvironment(AbstractProblemLoader.java:288)
	at de.uka.ilkd.key.proof.io.AbstractProblemLoader.load(AbstractProblemLoader.java:252)
	at de.uka.ilkd.key.control.AbstractUserInterfaceControl.load(AbstractUserInterfaceControl.java:209)
	... 7 more
Caused by: java.lang.RuntimeException: Could not find rule file rules/intRulesCheckedSemantics.key
	at de.uka.ilkd.key.proof.io.RuleSourceFactory.fromBuiltInRule(RuleSourceFactory.java:32)
	at de.uka.ilkd.key.proof.io.RuleSourceFactory.fromDefaultLocation(RuleSourceFactory.java:21)
	at de.uka.ilkd.key.nparser.builder.IncludeFinder.addInclude(IncludeFinder.java:63)
	at de.uka.ilkd.key.nparser.builder.IncludeFinder.visitOne_include(IncludeFinder.java:43)
	at de.uka.ilkd.key.nparser.builder.IncludeFinder.visitOne_include(IncludeFinder.java:20)
	at de.uka.ilkd.key.nparser.KeYParser$One_includeContext.accept(KeYParser.java:878)
	at de.uka.ilkd.key.nparser.builder.AbstractBuilder.lambda$mapOf$0(AbstractBuilder.java:112)
	at java.base/java.util.stream.ReferencePipeline$3$1.accept(ReferencePipeline.java:195)
	at java.base/java.util.ArrayList$ArrayListSpliterator.forEachRemaining(ArrayList.java:1655)
	at java.base/java.util.stream.AbstractPipeline.copyInto(AbstractPipeline.java:484)
	at java.base/java.util.stream.AbstractPipeline.wrapAndCopyInto(AbstractPipeline.java:474)
	at java.base/java.util.stream.ReduceOps$ReduceOp.evaluateSequential(ReduceOps.java:913)
	at java.base/java.util.stream.AbstractPipeline.evaluate(AbstractPipeline.java:234)
	at java.base/java.util.stream.ReferencePipeline.collect(ReferencePipeline.java:578)
	at de.uka.ilkd.key.nparser.builder.AbstractBuilder.mapOf(AbstractBuilder.java:112)
	at de.uka.ilkd.key.nparser.builder.IncludeFinder.visitOne_include_statement(IncludeFinder.java:35)
	at de.uka.ilkd.key.nparser.builder.IncludeFinder.visitOne_include_statement(IncludeFinder.java:20)
	at de.uka.ilkd.key.nparser.KeYParser$One_include_statementContext.accept(KeYParser.java:802)
	at org.antlr.v4.runtime.tree.AbstractParseTreeVisitor.visitChildren(AbstractParseTreeVisitor.java:46)
	at de.uka.ilkd.key.nparser.KeYParserBaseVisitor.visitDecls(KeYParserBaseVisitor.java:30)
	at de.uka.ilkd.key.nparser.KeYParser$DeclsContext.accept(KeYParser.java:500)
	at org.antlr.v4.runtime.tree.AbstractParseTreeVisitor.visitChildren(AbstractParseTreeVisitor.java:46)
	at de.uka.ilkd.key.nparser.KeYParserBaseVisitor.visitFile(KeYParserBaseVisitor.java:23)
	at de.uka.ilkd.key.nparser.KeYParser$FileContext.accept(KeYParser.java:306)
	at de.uka.ilkd.key.nparser.KeyAst.accept(KeyAst.java:41)
	at de.uka.ilkd.key.nparser.KeyAst$File.getIncludes(KeyAst.java:76)
	at de.uka.ilkd.key.proof.io.KeYFile.readIncludes(KeYFile.java:208)
	... 14 more
Could not find rule file rules/intRulesCheckedSemantics.key (file: /home/runner/work/key/key/key.core/../key.ui/examples/index/../InformationFlow/LoopInvariants/loop.IFLoopExamples(loop.IFLoopExamples__secure_nestedWhile(int)).Non-interference contract.0.key; caused by: de.uka.ilkd.key.proof.init.ProofInputException: Could not find rule file rules/intRulesCheckedSemantics.key)
	at de.uka.ilkd.key.control.AbstractUserInterfaceControl.load(AbstractUserInterfaceControl.java:221)
	at de.uka.ilkd.key.control.KeYEnvironment.load(KeYEnvironment.java:251)
	at de.uka.ilkd.key.control.KeYEnvironment.load(KeYEnvironment.java:224)
	at de.uka.ilkd.key.control.KeYEnvironment.load(KeYEnvironment.java:184)
	at de.uka.ilkd.key.control.KeYEnvironment.load(KeYEnvironment.java:261)
	at de.uka.ilkd.key.proof.runallproofs.proofcollection.TestFile.load(TestFile.java:270)
	at de.uka.ilkd.key.proof.runallproofs.proofcollection.TestFile.runKey(TestFile.java:160)
	at de.uka.ilkd.key.proof.runallproofs.proofcollection.ForkedTestFileRunner.main(ForkedTestFileRunner.java:171)
Caused by: de.uka.ilkd.key.proof.init.ProofInputException: Could not find rule file rules/intRulesCheckedSemantics.key
	at de.uka.ilkd.key.proof.io.KeYFile.readIncludes(KeYFile.java:210)
	at de.uka.ilkd.key.proof.init.ProblemInitializer.readIncludes(ProblemInitializer.java:177)
	at de.uka.ilkd.key.proof.init.ProblemInitializer.readEnvInput(ProblemInitializer.java:325)
	at de.uka.ilkd.key.proof.init.ProblemInitializer.prepare(ProblemInitializer.java:449)
	at de.uka.ilkd.key.proof.io.AbstractProblemLoader.createInitConfig(AbstractProblemLoader.java:518)
	at de.uka.ilkd.key.proof.io.AbstractProblemLoader.loadEnvironment(AbstractProblemLoader.java:288)
	at de.uka.ilkd.key.proof.io.AbstractProblemLoader.load(AbstractProblemLoader.java:252)
	at de.uka.ilkd.key.control.AbstractUserInterfaceControl.load(AbstractUserInterfaceControl.java:209)
	... 7 more
Caused by: java.lang.RuntimeException: Could not find rule file rules/intRulesCheckedSemantics.key
	at de.uka.ilkd.key.proof.io.RuleSourceFactory.fromBuiltInRule(RuleSourceFactory.java:32)
	at de.uka.ilkd.key.proof.io.RuleSourceFactory.fromDefaultLocation(RuleSourceFactory.java:21)
	at de.uka.ilkd.key.nparser.builder.IncludeFinder.addInclude(IncludeFinder.java:63)
	at de.uka.ilkd.key.nparser.builder.IncludeFinder.visitOne_include(IncludeFinder.java:43)
	at de.uka.ilkd.key.nparser.builder.IncludeFinder.visitOne_include(IncludeFinder.java:20)
	at de.uka.ilkd.key.nparser.KeYParser$One_includeContext.accept(KeYParser.java:878)
	at de.uka.ilkd.key.nparser.builder.AbstractBuilder.lambda$mapOf$0(AbstractBuilder.java:112)
	at java.base/java.util.stream.ReferencePipeline$3$1.accept(ReferencePipeline.java:195)
	at java.base/java.util.ArrayList$ArrayListSpliterator.forEachRemaining(ArrayList.java:1655)
	at java.base/java.util.stream.AbstractPipeline.copyInto(AbstractPipeline.java:484)
	at java.base/java.util.stream.AbstractPipeline.wrapAndCopyInto(AbstractPipeline.java:474)
	at java.base/java.util.stream.ReduceOps$ReduceOp.evaluateSequential(ReduceOps.java:913)
	at java.base/java.util.stream.AbstractPipeline.evaluate(AbstractPipeline.java:234)
	at java.base/java.util.stream.ReferencePipeline.collect(ReferencePipeline.java:578)
	at de.uka.ilkd.key.nparser.builder.AbstractBuilder.mapOf(AbstractBuilder.java:112)
	at de.uka.ilkd.key.nparser.builder.IncludeFinder.visitOne_include_statement(IncludeFinder.java:35)
	at de.uka.ilkd.key.nparser.builder.IncludeFinder.visitOne_include_statement(IncludeFinder.java:20)
	at de.uka.ilkd.key.nparser.KeYParser$One_include_statementContext.accept(KeYParser.java:802)
	at org.antlr.v4.runtime.tree.AbstractParseTreeVisitor.visitChildren(AbstractParseTreeVisitor.java:46)
	at de.uka.ilkd.key.nparser.KeYParserBaseVisitor.visitDecls(KeYParserBaseVisitor.java:30)
	at de.uka.ilkd.key.nparser.KeYParser$DeclsContext.accept(KeYParser.java:500)
	at org.antlr.v4.runtime.tree.AbstractParseTreeVisitor.visitChildren(AbstractParseTreeVisitor.java:46)
	at de.uka.ilkd.key.nparser.KeYParserBaseVisitor.visitFile(KeYParserBaseVisitor.java:23)
	at de.uka.ilkd.key.nparser.KeYParser$FileContext.accept(KeYParser.java:306)
	at de.uka.ilkd.key.nparser.KeyAst.accept(KeyAst.java:41)
	at de.uka.ilkd.key.nparser.KeyAst$File.getIncludes(KeyAst.java:76)
	at de.uka.ilkd.key.proof.io.KeYFile.readIncludes(KeYFile.java:208)
	... 14 more
Could not find rule file rules/intRulesCheckedSemantics.key (file: /home/runner/work/key/key/key.core/../key.ui/examples/index/../InformationFlow/LoopInvariants/loop.IFLoopExamples(loop.IFLoopExamples__notSecure_while(int)).Non-interference contract.0.key; caused by: de.uka.ilkd.key.proof.init.ProofInputException: Could not find rule file rules/intRulesCheckedSemantics.key)
	at de.uka.ilkd.key.control.AbstractUserInterfaceControl.load(AbstractUserInterfaceControl.java:221)
	at de.uka.ilkd.key.control.KeYEnvironment.load(KeYEnvironment.java:251)
	at de.uka.ilkd.key.control.KeYEnvironment.load(KeYEnvironment.java:224)
	at de.uka.ilkd.key.control.KeYEnvironment.load(KeYEnvironment.java:184)
	at de.uka.ilkd.key.control.KeYEnvironment.load(KeYEnvironment.java:261)
	at de.uka.ilkd.key.proof.runallproofs.proofcollection.TestFile.load(TestFile.java:270)
	at de.uka.ilkd.key.proof.runallproofs.proofcollection.TestFile.runKey(TestFile.java:160)
	at de.uka.ilkd.key.proof.runallproofs.proofcollection.ForkedTestFileRunner.main(ForkedTestFileRunner.java:171)
Caused by: de.uka.ilkd.key.proof.init.ProofInputException: Could not find rule file rules/intRulesCheckedSemantics.key
	at de.uka.ilkd.key.proof.io.KeYFile.readIncludes(KeYFile.java:210)
	at de.uka.ilkd.key.proof.init.ProblemInitializer.readIncludes(ProblemInitializer.java:177)
	at de.uka.ilkd.key.proof.init.ProblemInitializer.readEnvInput(ProblemInitializer.java:325)
	at de.uka.ilkd.key.proof.init.ProblemInitializer.prepare(ProblemInitializer.java:449)
	at de.uka.ilkd.key.proof.io.AbstractProblemLoader.createInitConfig(AbstractProblemLoader.java:518)
	at de.uka.ilkd.key.proof.io.AbstractProblemLoader.loadEnvironment(AbstractProblemLoader.java:288)
	at de.uka.ilkd.key.proof.io.AbstractProblemLoader.load(AbstractProblemLoader.java:252)
	at de.uka.ilkd.key.control.AbstractUserInterfaceControl.load(AbstractUserInterfaceControl.java:209)
	... 7 more
Caused by: java.lang.RuntimeException: Could not find rule file rules/intRulesCheckedSemantics.key
	at de.uka.ilkd.key.proof.io.RuleSourceFactory.fromBuiltInRule(RuleSourceFactory.java:32)
	at de.uka.ilkd.key.proof.io.RuleSourceFactory.fromDefaultLocation(RuleSourceFactory.java:21)
	at de.uka.ilkd.key.nparser.builder.IncludeFinder.addInclude(IncludeFinder.java:63)
	at de.uka.ilkd.key.nparser.builder.IncludeFinder.visitOne_include(IncludeFinder.java:43)
	at de.uka.ilkd.key.nparser.builder.IncludeFinder.visitOne_include(IncludeFinder.java:20)
	at de.uka.ilkd.key.nparser.KeYParser$One_includeContext.accept(KeYParser.java:878)
	at de.uka.ilkd.key.nparser.builder.AbstractBuilder.lambda$mapOf$0(AbstractBuilder.java:112)
	at java.base/java.util.stream.ReferencePipeline$3$1.accept(ReferencePipeline.java:195)
	at java.base/java.util.ArrayList$ArrayListSpliterator.forEachRemaining(ArrayList.java:1655)
	at java.base/java.util.stream.AbstractPipeline.copyInto(AbstractPipeline.java:484)
	at java.base/java.util.stream.AbstractPipeline.wrapAndCopyInto(AbstractPipeline.java:474)
	at java.base/java.util.stream.ReduceOps$ReduceOp.evaluateSequential(ReduceOps.java:913)
	at java.base/java.util.stream.AbstractPipeline.evaluate(AbstractPipeline.java:234)
	at java.base/java.util.stream.ReferencePipeline.collect(ReferencePipeline.java:578)
	at de.uka.ilkd.key.nparser.builder.AbstractBuilder.mapOf(AbstractBuilder.java:112)
	at de.uka.ilkd.key.nparser.builder.IncludeFinder.visitOne_include_statement(IncludeFinder.java:35)
	at de.uka.ilkd.key.nparser.builder.IncludeFinder.visitOne_include_statement(IncludeFinder.java:20)
	at de.uka.ilkd.key.nparser.KeYParser$One_include_statementContext.accept(KeYParser.java:802)
	at org.antlr.v4.runtime.tree.AbstractParseTreeVisitor.visitChildren(AbstractParseTreeVisitor.java:46)
	at de.uka.ilkd.key.nparser.KeYParserBaseVisitor.visitDecls(KeYParserBaseVisitor.java:30)
	at de.uka.ilkd.key.nparser.KeYParser$DeclsContext.accept(KeYParser.java:500)
	at org.antlr.v4.runtime.tree.AbstractParseTreeVisitor.visitChildren(AbstractParseTreeVisitor.java:46)
	at de.uka.ilkd.key.nparser.KeYParserBaseVisitor.visitFile(KeYParserBaseVisitor.java:23)
	at de.uka.ilkd.key.nparser.KeYParser$FileContext.accept(KeYParser.java:306)
	at de.uka.ilkd.key.nparser.KeyAst.accept(KeyAst.java:41)
	at de.uka.ilkd.key.nparser.KeyAst$File.getIncludes(KeyAst.java:76)
	at de.uka.ilkd.key.proof.io.KeYFile.readIncludes(KeYFile.java:208)
	... 14 more
Could not find rule file rules/intRulesCheckedSemantics.key (file: /home/runner/work/key/key/key.core/../key.ui/examples/index/../InformationFlow/LoopInvariants/loop.IFLoopExamples(loop.IFLoopExamples__notSecure_while_wrongInv(int)).Non-interference contract.0.key; caused by: de.uka.ilkd.key.proof.init.ProofInputException: Could not find rule file rules/intRulesCheckedSemantics.key)
	at de.uka.ilkd.key.control.AbstractUserInterfaceControl.load(AbstractUserInterfaceControl.java:221)
	at de.uka.ilkd.key.control.KeYEnvironment.load(KeYEnvironment.java:251)
	at de.uka.ilkd.key.control.KeYEnvironment.load(KeYEnvironment.java:224)
	at de.uka.ilkd.key.control.KeYEnvironment.load(KeYEnvironment.java:184)
	at de.uka.ilkd.key.control.KeYEnvironment.load(KeYEnvironment.java:261)
	at de.uka.ilkd.key.proof.runallproofs.proofcollection.TestFile.load(TestFile.java:270)
	at de.uka.ilkd.key.proof.runallproofs.proofcollection.TestFile.runKey(TestFile.java:160)
	at de.uka.ilkd.key.proof.runallproofs.proofcollection.ForkedTestFileRunner.main(ForkedTestFileRunner.java:171)
Caused by: de.uka.ilkd.key.proof.init.ProofInputException: Could not find rule file rules/intRulesCheckedSemantics.key
	at de.uka.ilkd.key.proof.io.KeYFile.readIncludes(KeYFile.java:210)
	at de.uka.ilkd.key.proof.init.ProblemInitializer.readIncludes(ProblemInitializer.java:177)
	at de.uka.ilkd.key.proof.init.ProblemInitializer.readEnvInput(ProblemInitializer.java:325)
	at de.uka.ilkd.key.proof.init.ProblemInitializer.prepare(ProblemInitializer.java:449)
	at de.uka.ilkd.key.proof.io.AbstractProblemLoader.createInitConfig(AbstractProblemLoader.java:518)
	at de.uka.ilkd.key.proof.io.AbstractProblemLoader.loadEnvironment(AbstractProblemLoader.java:288)
	at de.uka.ilkd.key.proof.io.AbstractProblemLoader.load(AbstractProblemLoader.java:252)
	at de.uka.ilkd.key.control.AbstractUserInterfaceControl.load(AbstractUserInterfaceControl.java:209)
	... 7 more
Caused by: java.lang.RuntimeException: Could not find rule file rules/intRulesCheckedSemantics.key
	at de.uka.ilkd.key.proof.io.RuleSourceFactory.fromBuiltInRule(RuleSourceFactory.java:32)
	at de.uka.ilkd.key.proof.io.RuleSourceFactory.fromDefaultLocation(RuleSourceFactory.java:21)
	at de.uka.ilkd.key.nparser.builder.IncludeFinder.addInclude(IncludeFinder.java:63)
	at de.uka.ilkd.key.nparser.builder.IncludeFinder.visitOne_include(IncludeFinder.java:43)
	at de.uka.ilkd.key.nparser.builder.IncludeFinder.visitOne_include(IncludeFinder.java:20)
	at de.uka.ilkd.key.nparser.KeYParser$One_includeContext.accept(KeYParser.java:878)
	at de.uka.ilkd.key.nparser.builder.AbstractBuilder.lambda$mapOf$0(AbstractBuilder.java:112)
	at java.base/java.util.stream.ReferencePipeline$3$1.accept(ReferencePipeline.java:195)
	at java.base/java.util.ArrayList$ArrayListSpliterator.forEachRemaining(ArrayList.java:1655)
	at java.base/java.util.stream.AbstractPipeline.copyInto(AbstractPipeline.java:484)
	at java.base/java.util.stream.AbstractPipeline.wrapAndCopyInto(AbstractPipeline.java:474)
	at java.base/java.util.stream.ReduceOps$ReduceOp.evaluateSequential(ReduceOps.java:913)
	at java.base/java.util.stream.AbstractPipeline.evaluate(AbstractPipeline.java:234)
	at java.base/java.util.stream.ReferencePipeline.collect(ReferencePipeline.java:578)
	at de.uka.ilkd.key.nparser.builder.AbstractBuilder.mapOf(AbstractBuilder.java:112)
	at de.uka.ilkd.key.nparser.builder.IncludeFinder.visitOne_include_statement(IncludeFinder.java:35)
	at de.uka.ilkd.key.nparser.builder.IncludeFinder.visitOne_include_statement(IncludeFinder.java:20)
	at de.uka.ilkd.key.nparser.KeYParser$One_include_statementContext.accept(KeYParser.java:802)
	at org.antlr.v4.runtime.tree.AbstractParseTreeVisitor.visitChildren(AbstractParseTreeVisitor.java:46)
	at de.uka.ilkd.key.nparser.KeYParserBaseVisitor.visitDecls(KeYParserBaseVisitor.java:30)
	at de.uka.ilkd.key.nparser.KeYParser$DeclsContext.accept(KeYParser.java:500)
	at org.antlr.v4.runtime.tree.AbstractParseTreeVisitor.visitChildren(AbstractParseTreeVisitor.java:46)
	at de.uka.ilkd.key.nparser.KeYParserBaseVisitor.visitFile(KeYParserBaseVisitor.java:23)
	at de.uka.ilkd.key.nparser.KeYParser$FileContext.accept(KeYParser.java:306)
	at de.uka.ilkd.key.nparser.KeyAst.accept(KeyAst.java:41)
	at de.uka.ilkd.key.nparser.KeyAst$File.getIncludes(KeyAst.java:76)
	at de.uka.ilkd.key.proof.io.KeYFile.readIncludes(KeYFile.java:208)
	... 14 more
Could not find rule file rules/intRulesCheckedSemantics.key (file: /home/runner/work/key/key/key.core/../key.ui/examples/index/../InformationFlow/LoopInvariants/loop.IFLoopExamples(loop.IFLoopExamples__insecure_twoWhile(int)).Non-interference contract.0.key; caused by: de.uka.ilkd.key.proof.init.ProofInputException: Could not find rule file rules/intRulesCheckedSemantics.key)
	at de.uka.ilkd.key.control.AbstractUserInterfaceControl.load(AbstractUserInterfaceControl.java:221)
	at de.uka.ilkd.key.control.KeYEnvironment.load(KeYEnvironment.java:251)
	at de.uka.ilkd.key.control.KeYEnvironment.load(KeYEnvironment.java:224)
	at de.uka.ilkd.key.control.KeYEnvironment.load(KeYEnvironment.java:184)
	at de.uka.ilkd.key.control.KeYEnvironment.load(KeYEnvironment.java:261)
	at de.uka.ilkd.key.proof.runallproofs.proofcollection.TestFile.load(TestFile.java:270)
	at de.uka.ilkd.key.proof.runallproofs.proofcollection.TestFile.runKey(TestFile.java:160)
	at de.uka.ilkd.key.proof.runallproofs.proofcollection.ForkedTestFileRunner.main(ForkedTestFileRunner.java:171)
Caused by: de.uka.ilkd.key.proof.init.ProofInputException: Could not find rule file rules/intRulesCheckedSemantics.key
	at de.uka.ilkd.key.proof.io.KeYFile.readIncludes(KeYFile.java:210)
	at de.uka.ilkd.key.proof.init.ProblemInitializer.readIncludes(ProblemInitializer.java:177)
	at de.uka.ilkd.key.proof.init.ProblemInitializer.readEnvInput(ProblemInitializer.java:325)
	at de.uka.ilkd.key.proof.init.ProblemInitializer.prepare(ProblemInitializer.java:449)
	at de.uka.ilkd.key.proof.io.AbstractProblemLoader.createInitConfig(AbstractProblemLoader.java:518)
	at de.uka.ilkd.key.proof.io.AbstractProblemLoader.loadEnvironment(AbstractProblemLoader.java:288)
	at de.uka.ilkd.key.proof.io.AbstractProblemLoader.load(AbstractProblemLoader.java:252)
	at de.uka.ilkd.key.control.AbstractUserInterfaceControl.load(AbstractUserInterfaceControl.java:209)
	... 7 more
Caused by: java.lang.RuntimeException: Could not find rule file rules/intRulesCheckedSemantics.key
	at de.uka.ilkd.key.proof.io.RuleSourceFactory.fromBuiltInRule(RuleSourceFactory.java:32)
	at de.uka.ilkd.key.proof.io.RuleSourceFactory.fromDefaultLocation(RuleSourceFactory.java:21)
	at de.uka.ilkd.key.nparser.builder.IncludeFinder.addInclude(IncludeFinder.java:63)
	at de.uka.ilkd.key.nparser.builder.IncludeFinder.visitOne_include(IncludeFinder.java:43)
	at de.uka.ilkd.key.nparser.builder.IncludeFinder.visitOne_include(IncludeFinder.java:20)
	at de.uka.ilkd.key.nparser.KeYParser$One_includeContext.accept(KeYParser.java:878)
	at de.uka.ilkd.key.nparser.builder.AbstractBuilder.lambda$mapOf$0(AbstractBuilder.java:112)
	at java.base/java.util.stream.ReferencePipeline$3$1.accept(ReferencePipeline.java:195)
	at java.base/java.util.ArrayList$ArrayListSpliterator.forEachRemaining(ArrayList.java:1655)
	at java.base/java.util.stream.AbstractPipeline.copyInto(AbstractPipeline.java:484)
	at java.base/java.util.stream.AbstractPipeline.wrapAndCopyInto(AbstractPipeline.java:474)
	at java.base/java.util.stream.ReduceOps$ReduceOp.evaluateSequential(ReduceOps.java:913)
	at java.base/java.util.stream.AbstractPipeline.evaluate(AbstractPipeline.java:234)
	at java.base/java.util.stream.ReferencePipeline.collect(ReferencePipeline.java:578)
	at de.uka.ilkd.key.nparser.builder.AbstractBuilder.mapOf(AbstractBuilder.java:112)
	at de.uka.ilkd.key.nparser.builder.IncludeFinder.visitOne_include_statement(IncludeFinder.java:35)
	at de.uka.ilkd.key.nparser.builder.IncludeFinder.visitOne_include_statement(IncludeFinder.java:20)
	at de.uka.ilkd.key.nparser.KeYParser$One_include_statementContext.accept(KeYParser.java:802)
	at org.antlr.v4.runtime.tree.AbstractParseTreeVisitor.visitChildren(AbstractParseTreeVisitor.java:46)
	at de.uka.ilkd.key.nparser.KeYParserBaseVisitor.visitDecls(KeYParserBaseVisitor.java:30)
	at de.uka.ilkd.key.nparser.KeYParser$DeclsContext.accept(KeYParser.java:500)
	at org.antlr.v4.runtime.tree.AbstractParseTreeVisitor.visitChildren(AbstractParseTreeVisitor.java:46)
	at de.uka.ilkd.key.nparser.KeYParserBaseVisitor.visitFile(KeYParserBaseVisitor.java:23)
	at de.uka.ilkd.key.nparser.KeYParser$FileContext.accept(KeYParser.java:306)
	at de.uka.ilkd.key.nparser.KeyAst.accept(KeyAst.java:41)
	at de.uka.ilkd.key.nparser.KeyAst$File.getIncludes(KeyAst.java:76)
	at de.uka.ilkd.key.proof.io.KeYFile.readIncludes(KeYFile.java:208)
	... 14 more
Could not find rule file rules/intRulesCheckedSemantics.key (file: /home/runner/work/key/key/key.core/../key.ui/examples/index/../InformationFlow/LoopInvariants/loop.IFLoopExamples(loop.IFLoopExamples__insecure_twoWhile_2(int)).Non-interference contract.0.key; caused by: de.uka.ilkd.key.proof.init.ProofInputException: Could not find rule file rules/intRulesCheckedSemantics.key)
	at de.uka.ilkd.key.control.AbstractUserInterfaceControl.load(AbstractUserInterfaceControl.java:221)
	at de.uka.ilkd.key.control.KeYEnvironment.load(KeYEnvironment.java:251)
	at de.uka.ilkd.key.control.KeYEnvironment.load(KeYEnvironment.java:224)
	at de.uka.ilkd.key.control.KeYEnvironment.load(KeYEnvironment.java:184)
	at de.uka.ilkd.key.control.KeYEnvironment.load(KeYEnvironment.java:261)
	at de.uka.ilkd.key.proof.runallproofs.proofcollection.TestFile.load(TestFile.java:270)
	at de.uka.ilkd.key.proof.runallproofs.proofcollection.TestFile.runKey(TestFile.java:160)
	at de.uka.ilkd.key.proof.runallproofs.proofcollection.ForkedTestFileRunner.main(ForkedTestFileRunner.java:171)
Caused by: de.uka.ilkd.key.proof.init.ProofInputException: Could not find rule file rules/intRulesCheckedSemantics.key
	at de.uka.ilkd.key.proof.io.KeYFile.readIncludes(KeYFile.java:210)
	at de.uka.ilkd.key.proof.init.ProblemInitializer.readIncludes(ProblemInitializer.java:177)
	at de.uka.ilkd.key.proof.init.ProblemInitializer.readEnvInput(ProblemInitializer.java:325)
	at de.uka.ilkd.key.proof.init.ProblemInitializer.prepare(ProblemInitializer.java:449)
	at de.uka.ilkd.key.proof.io.AbstractProblemLoader.createInitConfig(AbstractProblemLoader.java:518)
	at de.uka.ilkd.key.proof.io.AbstractProblemLoader.loadEnvironment(AbstractProblemLoader.java:288)
	at de.uka.ilkd.key.proof.io.AbstractProblemLoader.load(AbstractProblemLoader.java:252)
	at de.uka.ilkd.key.control.AbstractUserInterfaceControl.load(AbstractUserInterfaceControl.java:209)
	... 7 more
Caused by: java.lang.RuntimeException: Could not find rule file rules/intRulesCheckedSemantics.key
	at de.uka.ilkd.key.proof.io.RuleSourceFactory.fromBuiltInRule(RuleSourceFactory.java:32)
	at de.uka.ilkd.key.proof.io.RuleSourceFactory.fromDefaultLocation(RuleSourceFactory.java:21)
	at de.uka.ilkd.key.nparser.builder.IncludeFinder.addInclude(IncludeFinder.java:63)
	at de.uka.ilkd.key.nparser.builder.IncludeFinder.visitOne_include(IncludeFinder.java:43)
	at de.uka.ilkd.key.nparser.builder.IncludeFinder.visitOne_include(IncludeFinder.java:20)
	at de.uka.ilkd.key.nparser.KeYParser$One_includeContext.accept(KeYParser.java:878)
	at de.uka.ilkd.key.nparser.builder.AbstractBuilder.lambda$mapOf$0(AbstractBuilder.java:112)
	at java.base/java.util.stream.ReferencePipeline$3$1.accept(ReferencePipeline.java:195)
	at java.base/java.util.ArrayList$ArrayListSpliterator.forEachRemaining(ArrayList.java:1655)
	at java.base/java.util.stream.AbstractPipeline.copyInto(AbstractPipeline.java:484)
	at java.base/java.util.stream.AbstractPipeline.wrapAndCopyInto(AbstractPipeline.java:474)
	at java.base/java.util.stream.ReduceOps$ReduceOp.evaluateSequential(ReduceOps.java:913)
	at java.base/java.util.stream.AbstractPipeline.evaluate(AbstractPipeline.java:234)
	at java.base/java.util.stream.ReferencePipeline.collect(ReferencePipeline.java:578)
	at de.uka.ilkd.key.nparser.builder.AbstractBuilder.mapOf(AbstractBuilder.java:112)
	at de.uka.ilkd.key.nparser.builder.IncludeFinder.visitOne_include_statement(IncludeFinder.java:35)
	at de.uka.ilkd.key.nparser.builder.IncludeFinder.visitOne_include_statement(IncludeFinder.java:20)
	at de.uka.ilkd.key.nparser.KeYParser$One_include_statementContext.accept(KeYParser.java:802)
	at org.antlr.v4.runtime.tree.AbstractParseTreeVisitor.visitChildren(AbstractParseTreeVisitor.java:46)
	at de.uka.ilkd.key.nparser.KeYParserBaseVisitor.visitDecls(KeYParserBaseVisitor.java:30)
	at de.uka.ilkd.key.nparser.KeYParser$DeclsContext.accept(KeYParser.java:500)
	at org.antlr.v4.runtime.tree.AbstractParseTreeVisitor.visitChildren(AbstractParseTreeVisitor.java:46)
	at de.uka.ilkd.key.nparser.KeYParserBaseVisitor.visitFile(KeYParserBaseVisitor.java:23)
	at de.uka.ilkd.key.nparser.KeYParser$FileContext.accept(KeYParser.java:306)
	at de.uka.ilkd.key.nparser.KeyAst.accept(KeyAst.java:41)
	at de.uka.ilkd.key.nparser.KeyAst$File.getIncludes(KeyAst.java:76)
	at de.uka.ilkd.key.proof.io.KeYFile.readIncludes(KeYFile.java:208)
	... 14 more
Could not find rule file rules/intRulesCheckedSemantics.key (file: /home/runner/work/key/key/key.core/../key.ui/examples/index/../InformationFlow/LoopInvariants/loop.IFLoopExamples(loop.IFLoopExamples__secure_twoWhile(int)).Non-interference contract.0.key; caused by: de.uka.ilkd.key.proof.init.ProofInputException: Could not find rule file rules/intRulesCheckedSemantics.key)
	at de.uka.ilkd.key.control.AbstractUserInterfaceControl.load(AbstractUserInterfaceControl.java:221)
	at de.uka.ilkd.key.control.KeYEnvironment.load(KeYEnvironment.java:251)
	at de.uka.ilkd.key.control.KeYEnvironment.load(KeYEnvironment.java:224)
	at de.uka.ilkd.key.control.KeYEnvironment.load(KeYEnvironment.java:184)
	at de.uka.ilkd.key.control.KeYEnvironment.load(KeYEnvironment.java:261)
	at de.uka.ilkd.key.proof.runallproofs.proofcollection.TestFile.load(TestFile.java:270)
	at de.uka.ilkd.key.proof.runallproofs.proofcollection.TestFile.runKey(TestFile.java:160)
	at de.uka.ilkd.key.proof.runallproofs.proofcollection.ForkedTestFileRunner.main(ForkedTestFileRunner.java:171)
Caused by: de.uka.ilkd.key.proof.init.ProofInputException: Could not find rule file rules/intRulesCheckedSemantics.key
	at de.uka.ilkd.key.proof.io.KeYFile.readIncludes(KeYFile.java:210)
	at de.uka.ilkd.key.proof.init.ProblemInitializer.readIncludes(ProblemInitializer.java:177)
	at de.uka.ilkd.key.proof.init.ProblemInitializer.readEnvInput(ProblemInitializer.java:325)
	at de.uka.ilkd.key.proof.init.ProblemInitializer.prepare(ProblemInitializer.java:449)
	at de.uka.ilkd.key.proof.io.AbstractProblemLoader.createInitConfig(AbstractProblemLoader.java:518)
	at de.uka.ilkd.key.proof.io.AbstractProblemLoader.loadEnvironment(AbstractProblemLoader.java:288)
	at de.uka.ilkd.key.proof.io.AbstractProblemLoader.load(AbstractProblemLoader.java:252)
	at de.uka.ilkd.key.control.AbstractUserInterfaceControl.load(AbstractUserInterfaceControl.java:209)
	... 7 more
Caused by: java.lang.RuntimeException: Could not find rule file rules/intRulesCheckedSemantics.key
	at de.uka.ilkd.key.proof.io.RuleSourceFactory.fromBuiltInRule(RuleSourceFactory.java:32)
	at de.uka.ilkd.key.proof.io.RuleSourceFactory.fromDefaultLocation(RuleSourceFactory.java:21)
	at de.uka.ilkd.key.nparser.builder.IncludeFinder.addInclude(IncludeFinder.java:63)
	at de.uka.ilkd.key.nparser.builder.IncludeFinder.visitOne_include(IncludeFinder.java:43)
	at de.uka.ilkd.key.nparser.builder.IncludeFinder.visitOne_include(IncludeFinder.java:20)
	at de.uka.ilkd.key.nparser.KeYParser$One_includeContext.accept(KeYParser.java:878)
	at de.uka.ilkd.key.nparser.builder.AbstractBuilder.lambda$mapOf$0(AbstractBuilder.java:112)
	at java.base/java.util.stream.ReferencePipeline$3$1.accept(ReferencePipeline.java:195)
	at java.base/java.util.ArrayList$ArrayListSpliterator.forEachRemaining(ArrayList.java:1655)
	at java.base/java.util.stream.AbstractPipeline.copyInto(AbstractPipeline.java:484)
	at java.base/java.util.stream.AbstractPipeline.wrapAndCopyInto(AbstractPipeline.java:474)
	at java.base/java.util.stream.ReduceOps$ReduceOp.evaluateSequential(ReduceOps.java:913)
	at java.base/java.util.stream.AbstractPipeline.evaluate(AbstractPipeline.java:234)
	at java.base/java.util.stream.ReferencePipeline.collect(ReferencePipeline.java:578)
	at de.uka.ilkd.key.nparser.builder.AbstractBuilder.mapOf(AbstractBuilder.java:112)
	at de.uka.ilkd.key.nparser.builder.IncludeFinder.visitOne_include_statement(IncludeFinder.java:35)
	at de.uka.ilkd.key.nparser.builder.IncludeFinder.visitOne_include_statement(IncludeFinder.java:20)
	at de.uka.ilkd.key.nparser.KeYParser$One_include_statementContext.accept(KeYParser.java:802)
	at org.antlr.v4.runtime.tree.AbstractParseTreeVisitor.visitChildren(AbstractParseTreeVisitor.java:46)
	at de.uka.ilkd.key.nparser.KeYParserBaseVisitor.visitDecls(KeYParserBaseVisitor.java:30)
	at de.uka.ilkd.key.nparser.KeYParser$DeclsContext.accept(KeYParser.java:500)
	at org.antlr.v4.runtime.tree.AbstractParseTreeVisitor.visitChildren(AbstractParseTreeVisitor.java:46)
	at de.uka.ilkd.key.nparser.KeYParserBaseVisitor.visitFile(KeYParserBaseVisitor.java:23)
	at de.uka.ilkd.key.nparser.KeYParser$FileContext.accept(KeYParser.java:306)
	at de.uka.ilkd.key.nparser.KeyAst.accept(KeyAst.java:41)
	at de.uka.ilkd.key.nparser.KeyAst$File.getIncludes(KeyAst.java:76)
	at de.uka.ilkd.key.proof.io.KeYFile.readIncludes(KeYFile.java:208)
	... 14 more
Could not find rule file rules/intRulesCheckedSemantics.key (file: /home/runner/work/key/key/key.core/../key.ui/examples/index/../InformationFlow/LoopInvariants/loop.IFLoopExamples(loop.IFLoopExamples__loc_secure_while(int)).Non-interference contract.0.key; caused by: de.uka.ilkd.key.proof.init.ProofInputException: Could not find rule file rules/intRulesCheckedSemantics.key)
	at de.uka.ilkd.key.control.AbstractUserInterfaceControl.load(AbstractUserInterfaceControl.java:221)
	at de.uka.ilkd.key.control.KeYEnvironment.load(KeYEnvironment.java:251)
	at de.uka.ilkd.key.control.KeYEnvironment.load(KeYEnvironment.java:224)
	at de.uka.ilkd.key.control.KeYEnvironment.load(KeYEnvironment.java:184)
	at de.uka.ilkd.key.control.KeYEnvironment.load(KeYEnvironment.java:261)
	at de.uka.ilkd.key.proof.runallproofs.proofcollection.TestFile.load(TestFile.java:270)
	at de.uka.ilkd.key.proof.runallproofs.proofcollection.TestFile.runKey(TestFile.java:160)
	at de.uka.ilkd.key.proof.runallproofs.proofcollection.ForkedTestFileRunner.main(ForkedTestFileRunner.java:171)
Caused by: de.uka.ilkd.key.proof.init.ProofInputException: Could not find rule file rules/intRulesCheckedSemantics.key
	at de.uka.ilkd.key.proof.io.KeYFile.readIncludes(KeYFile.java:210)
	at de.uka.ilkd.key.proof.init.ProblemInitializer.readIncludes(ProblemInitializer.java:177)
	at de.uka.ilkd.key.proof.init.ProblemInitializer.readEnvInput(ProblemInitializer.java:325)
	at de.uka.ilkd.key.proof.init.ProblemInitializer.prepare(ProblemInitializer.java:449)
	at de.uka.ilkd.key.proof.io.AbstractProblemLoader.createInitConfig(AbstractProblemLoader.java:518)
	at de.uka.ilkd.key.proof.io.AbstractProblemLoader.loadEnvironment(AbstractProblemLoader.java:288)
	at de.uka.ilkd.key.proof.io.AbstractProblemLoader.load(AbstractProblemLoader.java:252)
	at de.uka.ilkd.key.control.AbstractUserInterfaceControl.load(AbstractUserInterfaceControl.java:209)
	... 7 more
Caused by: java.lang.RuntimeException: Could not find rule file rules/intRulesCheckedSemantics.key
	at de.uka.ilkd.key.proof.io.RuleSourceFactory.fromBuiltInRule(RuleSourceFactory.java:32)
	at de.uka.ilkd.key.proof.io.RuleSourceFactory.fromDefaultLocation(RuleSourceFactory.java:21)
	at de.uka.ilkd.key.nparser.builder.IncludeFinder.addInclude(IncludeFinder.java:63)
	at de.uka.ilkd.key.nparser.builder.IncludeFinder.visitOne_include(IncludeFinder.java:43)
	at de.uka.ilkd.key.nparser.builder.IncludeFinder.visitOne_include(IncludeFinder.java:20)
	at de.uka.ilkd.key.nparser.KeYParser$One_includeContext.accept(KeYParser.java:878)
	at de.uka.ilkd.key.nparser.builder.AbstractBuilder.lambda$mapOf$0(AbstractBuilder.java:112)
	at java.base/java.util.stream.ReferencePipeline$3$1.accept(ReferencePipeline.java:195)
	at java.base/java.util.ArrayList$ArrayListSpliterator.forEachRemaining(ArrayList.java:1655)
	at java.base/java.util.stream.AbstractPipeline.copyInto(AbstractPipeline.java:484)
	at java.base/java.util.stream.AbstractPipeline.wrapAndCopyInto(AbstractPipeline.java:474)
	at java.base/java.util.stream.ReduceOps$ReduceOp.evaluateSequential(ReduceOps.java:913)
	at java.base/java.util.stream.AbstractPipeline.evaluate(AbstractPipeline.java:234)
	at java.base/java.util.stream.ReferencePipeline.collect(ReferencePipeline.java:578)
	at de.uka.ilkd.key.nparser.builder.AbstractBuilder.mapOf(AbstractBuilder.java:112)
	at de.uka.ilkd.key.nparser.builder.IncludeFinder.visitOne_include_statement(IncludeFinder.java:35)
	at de.uka.ilkd.key.nparser.builder.IncludeFinder.visitOne_include_statement(IncludeFinder.java:20)
	at de.uka.ilkd.key.nparser.KeYParser$One_include_statementContext.accept(KeYParser.java:802)
	at org.antlr.v4.runtime.tree.AbstractParseTreeVisitor.visitChildren(AbstractParseTreeVisitor.java:46)
	at de.uka.ilkd.key.nparser.KeYParserBaseVisitor.visitDecls(KeYParserBaseVisitor.java:30)
	at de.uka.ilkd.key.nparser.KeYParser$DeclsContext.accept(KeYParser.java:500)
	at org.antlr.v4.runtime.tree.AbstractParseTreeVisitor.visitChildren(AbstractParseTreeVisitor.java:46)
	at de.uka.ilkd.key.nparser.KeYParserBaseVisitor.visitFile(KeYParserBaseVisitor.java:23)
	at de.uka.ilkd.key.nparser.KeYParser$FileContext.accept(KeYParser.java:306)
	at de.uka.ilkd.key.nparser.KeyAst.accept(KeyAst.java:41)
	at de.uka.ilkd.key.nparser.KeyAst$File.getIncludes(KeyAst.java:76)
	at de.uka.ilkd.key.proof.io.KeYFile.readIncludes(KeYFile.java:208)
	... 14 more
Could not find rule file rules/intRulesCheckedSemantics.key (file: /home/runner/work/key/key/key.core/../key.ui/examples/index/../InformationFlow/LoopInvariants/loop.IFLoopExamples(loop.IFLoopExamples__secure_while(int)).Non-interference contract.0.key; caused by: de.uka.ilkd.key.proof.init.ProofInputException: Could not find rule file rules/intRulesCheckedSemantics.key)
	at de.uka.ilkd.key.control.AbstractUserInterfaceControl.load(AbstractUserInterfaceControl.java:221)
	at de.uka.ilkd.key.control.KeYEnvironment.load(KeYEnvironment.java:251)
	at de.uka.ilkd.key.control.KeYEnvironment.load(KeYEnvironment.java:224)
	at de.uka.ilkd.key.control.KeYEnvironment.load(KeYEnvironment.java:184)
	at de.uka.ilkd.key.control.KeYEnvironment.load(KeYEnvironment.java:261)
	at de.uka.ilkd.key.proof.runallproofs.proofcollection.TestFile.load(TestFile.java:270)
	at de.uka.ilkd.key.proof.runallproofs.proofcollection.TestFile.runKey(TestFile.java:160)
	at de.uka.ilkd.key.proof.runallproofs.proofcollection.ForkedTestFileRunner.main(ForkedTestFileRunner.java:171)
Caused by: de.uka.ilkd.key.proof.init.ProofInputException: Could not find rule file rules/intRulesCheckedSemantics.key
	at de.uka.ilkd.key.proof.io.KeYFile.readIncludes(KeYFile.java:210)
	at de.uka.ilkd.key.proof.init.ProblemInitializer.readIncludes(ProblemInitializer.java:177)
	at de.uka.ilkd.key.proof.init.ProblemInitializer.readEnvInput(ProblemInitializer.java:325)
	at de.uka.ilkd.key.proof.init.ProblemInitializer.prepare(ProblemInitializer.java:449)
	at de.uka.ilkd.key.proof.io.AbstractProblemLoader.createInitConfig(AbstractProblemLoader.java:518)
	at de.uka.ilkd.key.proof.io.AbstractProblemLoader.loadEnvironment(AbstractProblemLoader.java:288)
	at de.uka.ilkd.key.proof.io.AbstractProblemLoader.load(AbstractProblemLoader.java:252)
	at de.uka.ilkd.key.control.AbstractUserInterfaceControl.load(AbstractUserInterfaceControl.java:209)
	... 7 more
Caused by: java.lang.RuntimeException: Could not find rule file rules/intRulesCheckedSemantics.key
	at de.uka.ilkd.key.proof.io.RuleSourceFactory.fromBuiltInRule(RuleSourceFactory.java:32)
	at de.uka.ilkd.key.proof.io.RuleSourceFactory.fromDefaultLocation(RuleSourceFactory.java:21)
	at de.uka.ilkd.key.nparser.builder.IncludeFinder.addInclude(IncludeFinder.java:63)
	at de.uka.ilkd.key.nparser.builder.IncludeFinder.visitOne_include(IncludeFinder.java:43)
	at de.uka.ilkd.key.nparser.builder.IncludeFinder.visitOne_include(IncludeFinder.java:20)
	at de.uka.ilkd.key.nparser.KeYParser$One_includeContext.accept(KeYParser.java:878)
	at de.uka.ilkd.key.nparser.builder.AbstractBuilder.lambda$mapOf$0(AbstractBuilder.java:112)
	at java.base/java.util.stream.ReferencePipeline$3$1.accept(ReferencePipeline.java:195)
	at java.base/java.util.ArrayList$ArrayListSpliterator.forEachRemaining(ArrayList.java:1655)
	at java.base/java.util.stream.AbstractPipeline.copyInto(AbstractPipeline.java:484)
	at java.base/java.util.stream.AbstractPipeline.wrapAndCopyInto(AbstractPipeline.java:474)
	at java.base/java.util.stream.ReduceOps$ReduceOp.evaluateSequential(ReduceOps.java:913)
	at java.base/java.util.stream.AbstractPipeline.evaluate(AbstractPipeline.java:234)
	at java.base/java.util.stream.ReferencePipeline.collect(ReferencePipeline.java:578)
	at de.uka.ilkd.key.nparser.builder.AbstractBuilder.mapOf(AbstractBuilder.java:112)
	at de.uka.ilkd.key.nparser.builder.IncludeFinder.visitOne_include_statement(IncludeFinder.java:35)
	at de.uka.ilkd.key.nparser.builder.IncludeFinder.visitOne_include_statement(IncludeFinder.java:20)
	at de.uka.ilkd.key.nparser.KeYParser$One_include_statementContext.accept(KeYParser.java:802)
	at org.antlr.v4.runtime.tree.AbstractParseTreeVisitor.visitChildren(AbstractParseTreeVisitor.java:46)
	at de.uka.ilkd.key.nparser.KeYParserBaseVisitor.visitDecls(KeYParserBaseVisitor.java:30)
	at de.uka.ilkd.key.nparser.KeYParser$DeclsContext.accept(KeYParser.java:500)
	at org.antlr.v4.runtime.tree.AbstractParseTreeVisitor.visitChildren(AbstractParseTreeVisitor.java:46)
	at de.uka.ilkd.key.nparser.KeYParserBaseVisitor.visitFile(KeYParserBaseVisitor.java:23)
	at de.uka.ilkd.key.nparser.KeYParser$FileContext.accept(KeYParser.java:306)
	at de.uka.ilkd.key.nparser.KeyAst.accept(KeyAst.java:41)
	at de.uka.ilkd.key.nparser.KeyAst$File.getIncludes(KeyAst.java:76)
	at de.uka.ilkd.key.proof.io.KeYFile.readIncludes(KeYFile.java:208)
	... 14 more
Could not find rule file rules/intRulesCheckedSemantics.key (file: /home/runner/work/key/key/key.core/../key.ui/examples/index/../InformationFlow/LoopInvariants/loop.IFLoopExamples(loop.IFLoopExamples__print(int)).Non-interference contract.0.key; caused by: de.uka.ilkd.key.proof.init.ProofInputException: Could not find rule file rules/intRulesCheckedSemantics.key)
	at de.uka.ilkd.key.control.AbstractUserInterfaceControl.load(AbstractUserInterfaceControl.java:221)
	at de.uka.ilkd.key.control.KeYEnvironment.load(KeYEnvironment.java:251)
	at de.uka.ilkd.key.control.KeYEnvironment.load(KeYEnvironment.java:224)
	at de.uka.ilkd.key.control.KeYEnvironment.load(KeYEnvironment.java:184)
	at de.uka.ilkd.key.control.KeYEnvironment.load(KeYEnvironment.java:261)
	at de.uka.ilkd.key.proof.runallproofs.proofcollection.TestFile.load(TestFile.java:270)
	at de.uka.ilkd.key.proof.runallproofs.proofcollection.TestFile.runKey(TestFile.java:160)
	at de.uka.ilkd.key.proof.runallproofs.proofcollection.ForkedTestFileRunner.main(ForkedTestFileRunner.java:171)
Caused by: de.uka.ilkd.key.proof.init.ProofInputException: Could not find rule file rules/intRulesCheckedSemantics.key
	at de.uka.ilkd.key.proof.io.KeYFile.readIncludes(KeYFile.java:210)
	at de.uka.ilkd.key.proof.init.ProblemInitializer.readIncludes(ProblemInitializer.java:177)
	at de.uka.ilkd.key.proof.init.ProblemInitializer.readEnvInput(ProblemInitializer.java:325)
	at de.uka.ilkd.key.proof.init.ProblemInitializer.prepare(ProblemInitializer.java:449)
	at de.uka.ilkd.key.proof.io.AbstractProblemLoader.createInitConfig(AbstractProblemLoader.java:518)
	at de.uka.ilkd.key.proof.io.AbstractProblemLoader.loadEnvironment(AbstractProblemLoader.java:288)
	at de.uka.ilkd.key.proof.io.AbstractProblemLoader.load(AbstractProblemLoader.java:252)
	at de.uka.ilkd.key.control.AbstractUserInterfaceControl.load(AbstractUserInterfaceControl.java:209)
	... 7 more
Caused by: java.lang.RuntimeException: Could not find rule file rules/intRulesCheckedSemantics.key
	at de.uka.ilkd.key.proof.io.RuleSourceFactory.fromBuiltInRule(RuleSourceFactory.java:32)
	at de.uka.ilkd.key.proof.io.RuleSourceFactory.fromDefaultLocation(RuleSourceFactory.java:21)
	at de.uka.ilkd.key.nparser.builder.IncludeFinder.addInclude(IncludeFinder.java:63)
	at de.uka.ilkd.key.nparser.builder.IncludeFinder.visitOne_include(IncludeFinder.java:43)
	at de.uka.ilkd.key.nparser.builder.IncludeFinder.visitOne_include(IncludeFinder.java:20)
	at de.uka.ilkd.key.nparser.KeYParser$One_includeContext.accept(KeYParser.java:878)
	at de.uka.ilkd.key.nparser.builder.AbstractBuilder.lambda$mapOf$0(AbstractBuilder.java:112)
	at java.base/java.util.stream.ReferencePipeline$3$1.accept(ReferencePipeline.java:195)
	at java.base/java.util.ArrayList$ArrayListSpliterator.forEachRemaining(ArrayList.java:1655)
	at java.base/java.util.stream.AbstractPipeline.copyInto(AbstractPipeline.java:484)
	at java.base/java.util.stream.AbstractPipeline.wrapAndCopyInto(AbstractPipeline.java:474)
	at java.base/java.util.stream.ReduceOps$ReduceOp.evaluateSequential(ReduceOps.java:913)
	at java.base/java.util.stream.AbstractPipeline.evaluate(AbstractPipeline.java:234)
	at java.base/java.util.stream.ReferencePipeline.collect(ReferencePipeline.java:578)
	at de.uka.ilkd.key.nparser.builder.AbstractBuilder.mapOf(AbstractBuilder.java:112)
	at de.uka.ilkd.key.nparser.builder.IncludeFinder.visitOne_include_statement(IncludeFinder.java:35)
	at de.uka.ilkd.key.nparser.builder.IncludeFinder.visitOne_include_statement(IncludeFinder.java:20)
	at de.uka.ilkd.key.nparser.KeYParser$One_include_statementContext.accept(KeYParser.java:802)
	at org.antlr.v4.runtime.tree.AbstractParseTreeVisitor.visitChildren(AbstractParseTreeVisitor.java:46)
	at de.uka.ilkd.key.nparser.KeYParserBaseVisitor.visitDecls(KeYParserBaseVisitor.java:30)
	at de.uka.ilkd.key.nparser.KeYParser$DeclsContext.accept(KeYParser.java:500)
	at org.antlr.v4.runtime.tree.AbstractParseTreeVisitor.visitChildren(AbstractParseTreeVisitor.java:46)
	at de.uka.ilkd.key.nparser.KeYParserBaseVisitor.visitFile(KeYParserBaseVisitor.java:23)
	at de.uka.ilkd.key.nparser.KeYParser$FileContext.accept(KeYParser.java:306)
	at de.uka.ilkd.key.nparser.KeyAst.accept(KeyAst.java:41)
	at de.uka.ilkd.key.nparser.KeyAst$File.getIncludes(KeyAst.java:76)
	at de.uka.ilkd.key.proof.io.KeYFile.readIncludes(KeYFile.java:208)
	... 14 more
Could not find rule file rules/intRulesCheckedSemantics.key (file: /home/runner/work/key/key/key.core/../key.ui/examples/index/../InformationFlow/LoopInvariants/loop.IFLoopExamples(loop.IFLoopExamples__hammer(int)).Non-interference contract.0.key; caused by: de.uka.ilkd.key.proof.init.ProofInputException: Could not find rule file rules/intRulesCheckedSemantics.key)
	at de.uka.ilkd.key.control.AbstractUserInterfaceControl.load(AbstractUserInterfaceControl.java:221)
	at de.uka.ilkd.key.control.KeYEnvironment.load(KeYEnvironment.java:251)
	at de.uka.ilkd.key.control.KeYEnvironment.load(KeYEnvironment.java:224)
	at de.uka.ilkd.key.control.KeYEnvironment.load(KeYEnvironment.java:184)
	at de.uka.ilkd.key.control.KeYEnvironment.load(KeYEnvironment.java:261)
	at de.uka.ilkd.key.proof.runallproofs.proofcollection.TestFile.load(TestFile.java:270)
	at de.uka.ilkd.key.proof.runallproofs.proofcollection.TestFile.runKey(TestFile.java:160)
	at de.uka.ilkd.key.proof.runallproofs.proofcollection.ForkedTestFileRunner.main(ForkedTestFileRunner.java:171)
Caused by: de.uka.ilkd.key.proof.init.ProofInputException: Could not find rule file rules/intRulesCheckedSemantics.key
	at de.uka.ilkd.key.proof.io.KeYFile.readIncludes(KeYFile.java:210)
	at de.uka.ilkd.key.proof.init.ProblemInitializer.readIncludes(ProblemInitializer.java:177)
	at de.uka.ilkd.key.proof.init.ProblemInitializer.readEnvInput(ProblemInitializer.java:325)
	at de.uka.ilkd.key.proof.init.ProblemInitializer.prepare(ProblemInitializer.java:449)
	at de.uka.ilkd.key.proof.io.AbstractProblemLoader.createInitConfig(AbstractProblemLoader.java:518)
	at de.uka.ilkd.key.proof.io.AbstractProblemLoader.loadEnvironment(AbstractProblemLoader.java:288)
	at de.uka.ilkd.key.proof.io.AbstractProblemLoader.load(AbstractProblemLoader.java:252)
	at de.uka.ilkd.key.control.AbstractUserInterfaceControl.load(AbstractUserInterfaceControl.java:209)
	... 7 more
Caused by: java.lang.RuntimeException: Could not find rule file rules/intRulesCheckedSemantics.key
	at de.uka.ilkd.key.proof.io.RuleSourceFactory.fromBuiltInRule(RuleSourceFactory.java:32)
	at de.uka.ilkd.key.proof.io.RuleSourceFactory.fromDefaultLocation(RuleSourceFactory.java:21)
	at de.uka.ilkd.key.nparser.builder.IncludeFinder.addInclude(IncludeFinder.java:63)
	at de.uka.ilkd.key.nparser.builder.IncludeFinder.visitOne_include(IncludeFinder.java:43)
	at de.uka.ilkd.key.nparser.builder.IncludeFinder.visitOne_include(IncludeFinder.java:20)
	at de.uka.ilkd.key.nparser.KeYParser$One_includeContext.accept(KeYParser.java:878)
	at de.uka.ilkd.key.nparser.builder.AbstractBuilder.lambda$mapOf$0(AbstractBuilder.java:112)
	at java.base/java.util.stream.ReferencePipeline$3$1.accept(ReferencePipeline.java:195)
	at java.base/java.util.ArrayList$ArrayListSpliterator.forEachRemaining(ArrayList.java:1655)
	at java.base/java.util.stream.AbstractPipeline.copyInto(AbstractPipeline.java:484)
	at java.base/java.util.stream.AbstractPipeline.wrapAndCopyInto(AbstractPipeline.java:474)
	at java.base/java.util.stream.ReduceOps$ReduceOp.evaluateSequential(ReduceOps.java:913)
	at java.base/java.util.stream.AbstractPipeline.evaluate(AbstractPipeline.java:234)
	at java.base/java.util.stream.ReferencePipeline.collect(ReferencePipeline.java:578)
	at de.uka.ilkd.key.nparser.builder.AbstractBuilder.mapOf(AbstractBuilder.java:112)
	at de.uka.ilkd.key.nparser.builder.IncludeFinder.visitOne_include_statement(IncludeFinder.java:35)
	at de.uka.ilkd.key.nparser.builder.IncludeFinder.visitOne_include_statement(IncludeFinder.java:20)
	at de.uka.ilkd.key.nparser.KeYParser$One_include_statementContext.accept(KeYParser.java:802)
	at org.antlr.v4.runtime.tree.AbstractParseTreeVisitor.visitChildren(AbstractParseTreeVisitor.java:46)
	at de.uka.ilkd.key.nparser.KeYParserBaseVisitor.visitDecls(KeYParserBaseVisitor.java:30)
	at de.uka.ilkd.key.nparser.KeYParser$DeclsContext.accept(KeYParser.java:500)
	at org.antlr.v4.runtime.tree.AbstractParseTreeVisitor.visitChildren(AbstractParseTreeVisitor.java:46)
	at de.uka.ilkd.key.nparser.KeYParserBaseVisitor.visitFile(KeYParserBaseVisitor.java:23)
	at de.uka.ilkd.key.nparser.KeYParser$FileContext.accept(KeYParser.java:306)
	at de.uka.ilkd.key.nparser.KeyAst.accept(KeyAst.java:41)
	at de.uka.ilkd.key.nparser.KeyAst$File.getIncludes(KeyAst.java:76)
	at de.uka.ilkd.key.proof.io.KeYFile.readIncludes(KeYFile.java:208)
	... 14 more
Exception in thread "main" org.opentest4j.AssertionFailedError: Exception during the execution of proofs. See log for more details.
	at org.junit.jupiter.api.AssertionUtils.fail(AssertionUtils.java:39)
	at org.junit.jupiter.api.Assertions.fail(Assertions.java:134)
	at de.uka.ilkd.key.proof.runallproofs.proofcollection.ForkedTestFileRunner.main(ForkedTestFileRunner.java:192)
Timeout watcher launched (1000 secs.)
Could not find rule file rules/intRulesCheckedSemantics.key (file: /home/runner/work/key/key/key.core/../key.ui/examples/index/../InformationFlow/MiniExamples/mini.AliasingExamples(mini.AliasingExamples__insecure_1(mini.AliasingExamples,mini.AliasingExamples,int)).Non-interference contract.0.key; caused by: de.uka.ilkd.key.proof.init.ProofInputException: Could not find rule file rules/intRulesCheckedSemantics.key)
	at de.uka.ilkd.key.control.AbstractUserInterfaceControl.load(AbstractUserInterfaceControl.java:221)
	at de.uka.ilkd.key.control.KeYEnvironment.load(KeYEnvironment.java:251)
	at de.uka.ilkd.key.control.KeYEnvironment.load(KeYEnvironment.java:224)
	at de.uka.ilkd.key.control.KeYEnvironment.load(KeYEnvironment.java:184)
	at de.uka.ilkd.key.control.KeYEnvironment.load(KeYEnvironment.java:261)
	at de.uka.ilkd.key.proof.runallproofs.proofcollection.TestFile.load(TestFile.java:270)
	at de.uka.ilkd.key.proof.runallproofs.proofcollection.TestFile.runKey(TestFile.java:160)
	at de.uka.ilkd.key.proof.runallproofs.proofcollection.ForkedTestFileRunner.main(ForkedTestFileRunner.java:171)
Caused by: de.uka.ilkd.key.proof.init.ProofInputException: Could not find rule file rules/intRulesCheckedSemantics.key
	at de.uka.ilkd.key.proof.io.KeYFile.readIncludes(KeYFile.java:210)
	at de.uka.ilkd.key.proof.init.ProblemInitializer.readIncludes(ProblemInitializer.java:177)
	at de.uka.ilkd.key.proof.init.ProblemInitializer.readEnvInput(ProblemInitializer.java:325)
	at de.uka.ilkd.key.proof.init.ProblemInitializer.prepare(ProblemInitializer.java:449)
	at de.uka.ilkd.key.proof.io.AbstractProblemLoader.createInitConfig(AbstractProblemLoader.java:518)
	at de.uka.ilkd.key.proof.io.AbstractProblemLoader.loadEnvironment(AbstractProblemLoader.java:288)
	at de.uka.ilkd.key.proof.io.AbstractProblemLoader.load(AbstractProblemLoader.java:252)
	at de.uka.ilkd.key.control.AbstractUserInterfaceControl.load(AbstractUserInterfaceControl.java:209)
	... 7 more
Caused by: java.lang.RuntimeException: Could not find rule file rules/intRulesCheckedSemantics.key
	at de.uka.ilkd.key.proof.io.RuleSourceFactory.fromBuiltInRule(RuleSourceFactory.java:32)
	at de.uka.ilkd.key.proof.io.RuleSourceFactory.fromDefaultLocation(RuleSourceFactory.java:21)
	at de.uka.ilkd.key.nparser.builder.IncludeFinder.addInclude(IncludeFinder.java:63)
	at de.uka.ilkd.key.nparser.builder.IncludeFinder.visitOne_include(IncludeFinder.java:43)
	at de.uka.ilkd.key.nparser.builder.IncludeFinder.visitOne_include(IncludeFinder.java:20)
	at de.uka.ilkd.key.nparser.KeYParser$One_includeContext.accept(KeYParser.java:878)
	at de.uka.ilkd.key.nparser.builder.AbstractBuilder.lambda$mapOf$0(AbstractBuilder.java:112)
	at java.base/java.util.stream.ReferencePipeline$3$1.accept(ReferencePipeline.java:195)
	at java.base/java.util.ArrayList$ArrayListSpliterator.forEachRemaining(ArrayList.java:1655)
	at java.base/java.util.stream.AbstractPipeline.copyInto(AbstractPipeline.java:484)
	at java.base/java.util.stream.AbstractPipeline.wrapAndCopyInto(AbstractPipeline.java:474)
	at java.base/java.util.stream.ReduceOps$ReduceOp.evaluateSequential(ReduceOps.java:913)
	at java.base/java.util.stream.AbstractPipeline.evaluate(AbstractPipeline.java:234)
	at java.base/java.util.stream.ReferencePipeline.collect(ReferencePipeline.java:578)
	at de.uka.ilkd.key.nparser.builder.AbstractBuilder.mapOf(AbstractBuilder.java:112)
	at de.uka.ilkd.key.nparser.builder.IncludeFinder.visitOne_include_statement(IncludeFinder.java:35)
	at de.uka.ilkd.key.nparser.builder.IncludeFinder.visitOne_include_statement(IncludeFinder.java:20)
	at de.uka.ilkd.key.nparser.KeYParser$One_include_statementContext.accept(KeYParser.java:802)
	at org.antlr.v4.runtime.tree.AbstractParseTreeVisitor.visitChildren(AbstractParseTreeVisitor.java:46)
	at de.uka.ilkd.key.nparser.KeYParserBaseVisitor.visitDecls(KeYParserBaseVisitor.java:30)
	at de.uka.ilkd.key.nparser.KeYParser$DeclsContext.accept(KeYParser.java:500)
	at org.antlr.v4.runtime.tree.AbstractParseTreeVisitor.visitChildren(AbstractParseTreeVisitor.java:46)
	at de.uka.ilkd.key.nparser.KeYParserBaseVisitor.visitFile(KeYParserBaseVisitor.java:23)
	at de.uka.ilkd.key.nparser.KeYParser$FileContext.accept(KeYParser.java:306)
	at de.uka.ilkd.key.nparser.KeyAst.accept(KeyAst.java:41)
	at de.uka.ilkd.key.nparser.KeyAst$File.getIncludes(KeyAst.java:76)
	at de.uka.ilkd.key.proof.io.KeYFile.readIncludes(KeYFile.java:208)
	... 14 more
Could not find rule file rules/intRulesCheckedSemantics.key (file: /home/runner/work/key/key/key.core/../key.ui/examples/index/../InformationFlow/MiniExamples/mini.AliasingExamples(mini.AliasingExamples__secure_1(mini.AliasingExamples,mini.AliasingExamples,int)).Non-interference contract.0.key; caused by: de.uka.ilkd.key.proof.init.ProofInputException: Could not find rule file rules/intRulesCheckedSemantics.key)
	at de.uka.ilkd.key.control.AbstractUserInterfaceControl.load(AbstractUserInterfaceControl.java:221)
	at de.uka.ilkd.key.control.KeYEnvironment.load(KeYEnvironment.java:251)
	at de.uka.ilkd.key.control.KeYEnvironment.load(KeYEnvironment.java:224)
	at de.uka.ilkd.key.control.KeYEnvironment.load(KeYEnvironment.java:184)
	at de.uka.ilkd.key.control.KeYEnvironment.load(KeYEnvironment.java:261)
	at de.uka.ilkd.key.proof.runallproofs.proofcollection.TestFile.load(TestFile.java:270)
	at de.uka.ilkd.key.proof.runallproofs.proofcollection.TestFile.runKey(TestFile.java:160)
	at de.uka.ilkd.key.proof.runallproofs.proofcollection.ForkedTestFileRunner.main(ForkedTestFileRunner.java:171)
Caused by: de.uka.ilkd.key.proof.init.ProofInputException: Could not find rule file rules/intRulesCheckedSemantics.key
	at de.uka.ilkd.key.proof.io.KeYFile.readIncludes(KeYFile.java:210)
	at de.uka.ilkd.key.proof.init.ProblemInitializer.readIncludes(ProblemInitializer.java:177)
	at de.uka.ilkd.key.proof.init.ProblemInitializer.readEnvInput(ProblemInitializer.java:325)
	at de.uka.ilkd.key.proof.init.ProblemInitializer.prepare(ProblemInitializer.java:449)
	at de.uka.ilkd.key.proof.io.AbstractProblemLoader.createInitConfig(AbstractProblemLoader.java:518)
	at de.uka.ilkd.key.proof.io.AbstractProblemLoader.loadEnvironment(AbstractProblemLoader.java:288)
	at de.uka.ilkd.key.proof.io.AbstractProblemLoader.load(AbstractProblemLoader.java:252)
	at de.uka.ilkd.key.control.AbstractUserInterfaceControl.load(AbstractUserInterfaceControl.java:209)
	... 7 more
Caused by: java.lang.RuntimeException: Could not find rule file rules/intRulesCheckedSemantics.key
	at de.uka.ilkd.key.proof.io.RuleSourceFactory.fromBuiltInRule(RuleSourceFactory.java:32)
	at de.uka.ilkd.key.proof.io.RuleSourceFactory.fromDefaultLocation(RuleSourceFactory.java:21)
	at de.uka.ilkd.key.nparser.builder.IncludeFinder.addInclude(IncludeFinder.java:63)
	at de.uka.ilkd.key.nparser.builder.IncludeFinder.visitOne_include(IncludeFinder.java:43)
	at de.uka.ilkd.key.nparser.builder.IncludeFinder.visitOne_include(IncludeFinder.java:20)
	at de.uka.ilkd.key.nparser.KeYParser$One_includeContext.accept(KeYParser.java:878)
	at de.uka.ilkd.key.nparser.builder.AbstractBuilder.lambda$mapOf$0(AbstractBuilder.java:112)
	at java.base/java.util.stream.ReferencePipeline$3$1.accept(ReferencePipeline.java:195)
	at java.base/java.util.ArrayList$ArrayListSpliterator.forEachRemaining(ArrayList.java:1655)
	at java.base/java.util.stream.AbstractPipeline.copyInto(AbstractPipeline.java:484)
	at java.base/java.util.stream.AbstractPipeline.wrapAndCopyInto(AbstractPipeline.java:474)
	at java.base/java.util.stream.ReduceOps$ReduceOp.evaluateSequential(ReduceOps.java:913)
	at java.base/java.util.stream.AbstractPipeline.evaluate(AbstractPipeline.java:234)
	at java.base/java.util.stream.ReferencePipeline.collect(ReferencePipeline.java:578)
	at de.uka.ilkd.key.nparser.builder.AbstractBuilder.mapOf(AbstractBuilder.java:112)
	at de.uka.ilkd.key.nparser.builder.IncludeFinder.visitOne_include_statement(IncludeFinder.java:35)
	at de.uka.ilkd.key.nparser.builder.IncludeFinder.visitOne_include_statement(IncludeFinder.java:20)
	at de.uka.ilkd.key.nparser.KeYParser$One_include_statementContext.accept(KeYParser.java:802)
	at org.antlr.v4.runtime.tree.AbstractParseTreeVisitor.visitChildren(AbstractParseTreeVisitor.java:46)
	at de.uka.ilkd.key.nparser.KeYParserBaseVisitor.visitDecls(KeYParserBaseVisitor.java:30)
	at de.uka.ilkd.key.nparser.KeYParser$DeclsContext.accept(KeYParser.java:500)
	at org.antlr.v4.runtime.tree.AbstractParseTreeVisitor.visitChildren(AbstractParseTreeVisitor.java:46)
	at de.uka.ilkd.key.nparser.KeYParserBaseVisitor.visitFile(KeYParserBaseVisitor.java:23)
	at de.uka.ilkd.key.nparser.KeYParser$FileContext.accept(KeYParser.java:306)
	at de.uka.ilkd.key.nparser.KeyAst.accept(KeyAst.java:41)
	at de.uka.ilkd.key.nparser.KeyAst$File.getIncludes(KeyAst.java:76)
	at de.uka.ilkd.key.proof.io.KeYFile.readIncludes(KeYFile.java:208)
	... 14 more
Could not find rule file rules/intRulesCheckedSemantics.key (file: /home/runner/work/key/key/key.core/../key.ui/examples/index/../InformationFlow/MiniExamples/mini.MiniExamplesLecture(mini.MiniExamplesLecture__m_6()).Non-interference contract.0.key; caused by: de.uka.ilkd.key.proof.init.ProofInputException: Could not find rule file rules/intRulesCheckedSemantics.key)
	at de.uka.ilkd.key.control.AbstractUserInterfaceControl.load(AbstractUserInterfaceControl.java:221)
	at de.uka.ilkd.key.control.KeYEnvironment.load(KeYEnvironment.java:251)
	at de.uka.ilkd.key.control.KeYEnvironment.load(KeYEnvironment.java:224)
	at de.uka.ilkd.key.control.KeYEnvironment.load(KeYEnvironment.java:184)
	at de.uka.ilkd.key.control.KeYEnvironment.load(KeYEnvironment.java:261)
	at de.uka.ilkd.key.proof.runallproofs.proofcollection.TestFile.load(TestFile.java:270)
	at de.uka.ilkd.key.proof.runallproofs.proofcollection.TestFile.runKey(TestFile.java:160)
	at de.uka.ilkd.key.proof.runallproofs.proofcollection.ForkedTestFileRunner.main(ForkedTestFileRunner.java:171)
Caused by: de.uka.ilkd.key.proof.init.ProofInputException: Could not find rule file rules/intRulesCheckedSemantics.key
	at de.uka.ilkd.key.proof.io.KeYFile.readIncludes(KeYFile.java:210)
	at de.uka.ilkd.key.proof.init.ProblemInitializer.readIncludes(ProblemInitializer.java:177)
	at de.uka.ilkd.key.proof.init.ProblemInitializer.readEnvInput(ProblemInitializer.java:325)
	at de.uka.ilkd.key.proof.init.ProblemInitializer.prepare(ProblemInitializer.java:449)
	at de.uka.ilkd.key.proof.io.AbstractProblemLoader.createInitConfig(AbstractProblemLoader.java:518)
	at de.uka.ilkd.key.proof.io.AbstractProblemLoader.loadEnvironment(AbstractProblemLoader.java:288)
	at de.uka.ilkd.key.proof.io.AbstractProblemLoader.load(AbstractProblemLoader.java:252)
	at de.uka.ilkd.key.control.AbstractUserInterfaceControl.load(AbstractUserInterfaceControl.java:209)
	... 7 more
Caused by: java.lang.RuntimeException: Could not find rule file rules/intRulesCheckedSemantics.key
	at de.uka.ilkd.key.proof.io.RuleSourceFactory.fromBuiltInRule(RuleSourceFactory.java:32)
	at de.uka.ilkd.key.proof.io.RuleSourceFactory.fromDefaultLocation(RuleSourceFactory.java:21)
	at de.uka.ilkd.key.nparser.builder.IncludeFinder.addInclude(IncludeFinder.java:63)
	at de.uka.ilkd.key.nparser.builder.IncludeFinder.visitOne_include(IncludeFinder.java:43)
	at de.uka.ilkd.key.nparser.builder.IncludeFinder.visitOne_include(IncludeFinder.java:20)
	at de.uka.ilkd.key.nparser.KeYParser$One_includeContext.accept(KeYParser.java:878)
	at de.uka.ilkd.key.nparser.builder.AbstractBuilder.lambda$mapOf$0(AbstractBuilder.java:112)
	at java.base/java.util.stream.ReferencePipeline$3$1.accept(ReferencePipeline.java:195)
	at java.base/java.util.ArrayList$ArrayListSpliterator.forEachRemaining(ArrayList.java:1655)
	at java.base/java.util.stream.AbstractPipeline.copyInto(AbstractPipeline.java:484)
	at java.base/java.util.stream.AbstractPipeline.wrapAndCopyInto(AbstractPipeline.java:474)
	at java.base/java.util.stream.ReduceOps$ReduceOp.evaluateSequential(ReduceOps.java:913)
	at java.base/java.util.stream.AbstractPipeline.evaluate(AbstractPipeline.java:234)
	at java.base/java.util.stream.ReferencePipeline.collect(ReferencePipeline.java:578)
	at de.uka.ilkd.key.nparser.builder.AbstractBuilder.mapOf(AbstractBuilder.java:112)
	at de.uka.ilkd.key.nparser.builder.IncludeFinder.visitOne_include_statement(IncludeFinder.java:35)
	at de.uka.ilkd.key.nparser.builder.IncludeFinder.visitOne_include_statement(IncludeFinder.java:20)
	at de.uka.ilkd.key.nparser.KeYParser$One_include_statementContext.accept(KeYParser.java:802)
	at org.antlr.v4.runtime.tree.AbstractParseTreeVisitor.visitChildren(AbstractParseTreeVisitor.java:46)
	at de.uka.ilkd.key.nparser.KeYParserBaseVisitor.visitDecls(KeYParserBaseVisitor.java:30)
	at de.uka.ilkd.key.nparser.KeYParser$DeclsContext.accept(KeYParser.java:500)
	at org.antlr.v4.runtime.tree.AbstractParseTreeVisitor.visitChildren(AbstractParseTreeVisitor.java:46)
	at de.uka.ilkd.key.nparser.KeYParserBaseVisitor.visitFile(KeYParserBaseVisitor.java:23)
	at de.uka.ilkd.key.nparser.KeYParser$FileContext.accept(KeYParser.java:306)
	at de.uka.ilkd.key.nparser.KeyAst.accept(KeyAst.java:41)
	at de.uka.ilkd.key.nparser.KeyAst$File.getIncludes(KeyAst.java:76)
	at de.uka.ilkd.key.proof.io.KeYFile.readIncludes(KeYFile.java:208)
	... 14 more
Could not find rule file rules/intRulesCheckedSemantics.key (file: /home/runner/work/key/key/key.core/../key.ui/examples/index/../InformationFlow/MiniExamples/mini.MiniExamplesLecture(mini.MiniExamplesLecture__m_5()).Non-interference contract.0.key; caused by: de.uka.ilkd.key.proof.init.ProofInputException: Could not find rule file rules/intRulesCheckedSemantics.key)
	at de.uka.ilkd.key.control.AbstractUserInterfaceControl.load(AbstractUserInterfaceControl.java:221)
	at de.uka.ilkd.key.control.KeYEnvironment.load(KeYEnvironment.java:251)
	at de.uka.ilkd.key.control.KeYEnvironment.load(KeYEnvironment.java:224)
	at de.uka.ilkd.key.control.KeYEnvironment.load(KeYEnvironment.java:184)
	at de.uka.ilkd.key.control.KeYEnvironment.load(KeYEnvironment.java:261)
	at de.uka.ilkd.key.proof.runallproofs.proofcollection.TestFile.load(TestFile.java:270)
	at de.uka.ilkd.key.proof.runallproofs.proofcollection.TestFile.runKey(TestFile.java:160)
	at de.uka.ilkd.key.proof.runallproofs.proofcollection.ForkedTestFileRunner.main(ForkedTestFileRunner.java:171)
Caused by: de.uka.ilkd.key.proof.init.ProofInputException: Could not find rule file rules/intRulesCheckedSemantics.key
	at de.uka.ilkd.key.proof.io.KeYFile.readIncludes(KeYFile.java:210)
	at de.uka.ilkd.key.proof.init.ProblemInitializer.readIncludes(ProblemInitializer.java:177)
	at de.uka.ilkd.key.proof.init.ProblemInitializer.readEnvInput(ProblemInitializer.java:325)
	at de.uka.ilkd.key.proof.init.ProblemInitializer.prepare(ProblemInitializer.java:449)
	at de.uka.ilkd.key.proof.io.AbstractProblemLoader.createInitConfig(AbstractProblemLoader.java:518)
	at de.uka.ilkd.key.proof.io.AbstractProblemLoader.loadEnvironment(AbstractProblemLoader.java:288)
	at de.uka.ilkd.key.proof.io.AbstractProblemLoader.load(AbstractProblemLoader.java:252)
	at de.uka.ilkd.key.control.AbstractUserInterfaceControl.load(AbstractUserInterfaceControl.java:209)
	... 7 more
Caused by: java.lang.RuntimeException: Could not find rule file rules/intRulesCheckedSemantics.key
	at de.uka.ilkd.key.proof.io.RuleSourceFactory.fromBuiltInRule(RuleSourceFactory.java:32)
	at de.uka.ilkd.key.proof.io.RuleSourceFactory.fromDefaultLocation(RuleSourceFactory.java:21)
	at de.uka.ilkd.key.nparser.builder.IncludeFinder.addInclude(IncludeFinder.java:63)
	at de.uka.ilkd.key.nparser.builder.IncludeFinder.visitOne_include(IncludeFinder.java:43)
	at de.uka.ilkd.key.nparser.builder.IncludeFinder.visitOne_include(IncludeFinder.java:20)
	at de.uka.ilkd.key.nparser.KeYParser$One_includeContext.accept(KeYParser.java:878)
	at de.uka.ilkd.key.nparser.builder.AbstractBuilder.lambda$mapOf$0(AbstractBuilder.java:112)
	at java.base/java.util.stream.ReferencePipeline$3$1.accept(ReferencePipeline.java:195)
	at java.base/java.util.ArrayList$ArrayListSpliterator.forEachRemaining(ArrayList.java:1655)
	at java.base/java.util.stream.AbstractPipeline.copyInto(AbstractPipeline.java:484)
	at java.base/java.util.stream.AbstractPipeline.wrapAndCopyInto(AbstractPipeline.java:474)
	at java.base/java.util.stream.ReduceOps$ReduceOp.evaluateSequential(ReduceOps.java:913)
	at java.base/java.util.stream.AbstractPipeline.evaluate(AbstractPipeline.java:234)
	at java.base/java.util.stream.ReferencePipeline.collect(ReferencePipeline.java:578)
	at de.uka.ilkd.key.nparser.builder.AbstractBuilder.mapOf(AbstractBuilder.java:112)
	at de.uka.ilkd.key.nparser.builder.IncludeFinder.visitOne_include_statement(IncludeFinder.java:35)
	at de.uka.ilkd.key.nparser.builder.IncludeFinder.visitOne_include_statement(IncludeFinder.java:20)
	at de.uka.ilkd.key.nparser.KeYParser$One_include_statementContext.accept(KeYParser.java:802)
	at org.antlr.v4.runtime.tree.AbstractParseTreeVisitor.visitChildren(AbstractParseTreeVisitor.java:46)
	at de.uka.ilkd.key.nparser.KeYParserBaseVisitor.visitDecls(KeYParserBaseVisitor.java:30)
	at de.uka.ilkd.key.nparser.KeYParser$DeclsContext.accept(KeYParser.java:500)
	at org.antlr.v4.runtime.tree.AbstractParseTreeVisitor.visitChildren(AbstractParseTreeVisitor.java:46)
	at de.uka.ilkd.key.nparser.KeYParserBaseVisitor.visitFile(KeYParserBaseVisitor.java:23)
	at de.uka.ilkd.key.nparser.KeYParser$FileContext.accept(KeYParser.java:306)
	at de.uka.ilkd.key.nparser.KeyAst.accept(KeyAst.java:41)
	at de.uka.ilkd.key.nparser.KeyAst$File.getIncludes(KeyAst.java:76)
	at de.uka.ilkd.key.proof.io.KeYFile.readIncludes(KeYFile.java:208)
	... 14 more
Could not find rule file rules/intRulesCheckedSemantics.key (file: /home/runner/work/key/key/key.core/../key.ui/examples/index/../InformationFlow/MiniExamples/mini.MiniExamplesLecture(mini.MiniExamplesLecture__m_4()).Non-interference contract.0.key; caused by: de.uka.ilkd.key.proof.init.ProofInputException: Could not find rule file rules/intRulesCheckedSemantics.key)
	at de.uka.ilkd.key.control.AbstractUserInterfaceControl.load(AbstractUserInterfaceControl.java:221)
	at de.uka.ilkd.key.control.KeYEnvironment.load(KeYEnvironment.java:251)
	at de.uka.ilkd.key.control.KeYEnvironment.load(KeYEnvironment.java:224)
	at de.uka.ilkd.key.control.KeYEnvironment.load(KeYEnvironment.java:184)
	at de.uka.ilkd.key.control.KeYEnvironment.load(KeYEnvironment.java:261)
	at de.uka.ilkd.key.proof.runallproofs.proofcollection.TestFile.load(TestFile.java:270)
	at de.uka.ilkd.key.proof.runallproofs.proofcollection.TestFile.runKey(TestFile.java:160)
	at de.uka.ilkd.key.proof.runallproofs.proofcollection.ForkedTestFileRunner.main(ForkedTestFileRunner.java:171)
Caused by: de.uka.ilkd.key.proof.init.ProofInputException: Could not find rule file rules/intRulesCheckedSemantics.key
	at de.uka.ilkd.key.proof.io.KeYFile.readIncludes(KeYFile.java:210)
	at de.uka.ilkd.key.proof.init.ProblemInitializer.readIncludes(ProblemInitializer.java:177)
	at de.uka.ilkd.key.proof.init.ProblemInitializer.readEnvInput(ProblemInitializer.java:325)
	at de.uka.ilkd.key.proof.init.ProblemInitializer.prepare(ProblemInitializer.java:449)
	at de.uka.ilkd.key.proof.io.AbstractProblemLoader.createInitConfig(AbstractProblemLoader.java:518)
	at de.uka.ilkd.key.proof.io.AbstractProblemLoader.loadEnvironment(AbstractProblemLoader.java:288)
	at de.uka.ilkd.key.proof.io.AbstractProblemLoader.load(AbstractProblemLoader.java:252)
	at de.uka.ilkd.key.control.AbstractUserInterfaceControl.load(AbstractUserInterfaceControl.java:209)
	... 7 more
Caused by: java.lang.RuntimeException: Could not find rule file rules/intRulesCheckedSemantics.key
	at de.uka.ilkd.key.proof.io.RuleSourceFactory.fromBuiltInRule(RuleSourceFactory.java:32)
	at de.uka.ilkd.key.proof.io.RuleSourceFactory.fromDefaultLocation(RuleSourceFactory.java:21)
	at de.uka.ilkd.key.nparser.builder.IncludeFinder.addInclude(IncludeFinder.java:63)
	at de.uka.ilkd.key.nparser.builder.IncludeFinder.visitOne_include(IncludeFinder.java:43)
	at de.uka.ilkd.key.nparser.builder.IncludeFinder.visitOne_include(IncludeFinder.java:20)
	at de.uka.ilkd.key.nparser.KeYParser$One_includeContext.accept(KeYParser.java:878)
	at de.uka.ilkd.key.nparser.builder.AbstractBuilder.lambda$mapOf$0(AbstractBuilder.java:112)
	at java.base/java.util.stream.ReferencePipeline$3$1.accept(ReferencePipeline.java:195)
	at java.base/java.util.ArrayList$ArrayListSpliterator.forEachRemaining(ArrayList.java:1655)
	at java.base/java.util.stream.AbstractPipeline.copyInto(AbstractPipeline.java:484)
	at java.base/java.util.stream.AbstractPipeline.wrapAndCopyInto(AbstractPipeline.java:474)
	at java.base/java.util.stream.ReduceOps$ReduceOp.evaluateSequential(ReduceOps.java:913)
	at java.base/java.util.stream.AbstractPipeline.evaluate(AbstractPipeline.java:234)
	at java.base/java.util.stream.ReferencePipeline.collect(ReferencePipeline.java:578)
	at de.uka.ilkd.key.nparser.builder.AbstractBuilder.mapOf(AbstractBuilder.java:112)
	at de.uka.ilkd.key.nparser.builder.IncludeFinder.visitOne_include_statement(IncludeFinder.java:35)
	at de.uka.ilkd.key.nparser.builder.IncludeFinder.visitOne_include_statement(IncludeFinder.java:20)
	at de.uka.ilkd.key.nparser.KeYParser$One_include_statementContext.accept(KeYParser.java:802)
	at org.antlr.v4.runtime.tree.AbstractParseTreeVisitor.visitChildren(AbstractParseTreeVisitor.java:46)
	at de.uka.ilkd.key.nparser.KeYParserBaseVisitor.visitDecls(KeYParserBaseVisitor.java:30)
	at de.uka.ilkd.key.nparser.KeYParser$DeclsContext.accept(KeYParser.java:500)
	at org.antlr.v4.runtime.tree.AbstractParseTreeVisitor.visitChildren(AbstractParseTreeVisitor.java:46)
	at de.uka.ilkd.key.nparser.KeYParserBaseVisitor.visitFile(KeYParserBaseVisitor.java:23)
	at de.uka.ilkd.key.nparser.KeYParser$FileContext.accept(KeYParser.java:306)
	at de.uka.ilkd.key.nparser.KeyAst.accept(KeyAst.java:41)
	at de.uka.ilkd.key.nparser.KeyAst$File.getIncludes(KeyAst.java:76)
	at de.uka.ilkd.key.proof.io.KeYFile.readIncludes(KeYFile.java:208)
	... 14 more
Could not find rule file rules/intRulesCheckedSemantics.key (file: /home/runner/work/key/key/key.core/../key.ui/examples/index/../InformationFlow/MiniExamples/mini.MiniExamplesLecture(mini.MiniExamplesLecture__m_3()).Non-interference contract.0.key; caused by: de.uka.ilkd.key.proof.init.ProofInputException: Could not find rule file rules/intRulesCheckedSemantics.key)
	at de.uka.ilkd.key.control.AbstractUserInterfaceControl.load(AbstractUserInterfaceControl.java:221)
	at de.uka.ilkd.key.control.KeYEnvironment.load(KeYEnvironment.java:251)
	at de.uka.ilkd.key.control.KeYEnvironment.load(KeYEnvironment.java:224)
	at de.uka.ilkd.key.control.KeYEnvironment.load(KeYEnvironment.java:184)
	at de.uka.ilkd.key.control.KeYEnvironment.load(KeYEnvironment.java:261)
	at de.uka.ilkd.key.proof.runallproofs.proofcollection.TestFile.load(TestFile.java:270)
	at de.uka.ilkd.key.proof.runallproofs.proofcollection.TestFile.runKey(TestFile.java:160)
	at de.uka.ilkd.key.proof.runallproofs.proofcollection.ForkedTestFileRunner.main(ForkedTestFileRunner.java:171)
Caused by: de.uka.ilkd.key.proof.init.ProofInputException: Could not find rule file rules/intRulesCheckedSemantics.key
	at de.uka.ilkd.key.proof.io.KeYFile.readIncludes(KeYFile.java:210)
	at de.uka.ilkd.key.proof.init.ProblemInitializer.readIncludes(ProblemInitializer.java:177)
	at de.uka.ilkd.key.proof.init.ProblemInitializer.readEnvInput(ProblemInitializer.java:325)
	at de.uka.ilkd.key.proof.init.ProblemInitializer.prepare(ProblemInitializer.java:449)
	at de.uka.ilkd.key.proof.io.AbstractProblemLoader.createInitConfig(AbstractProblemLoader.java:518)
	at de.uka.ilkd.key.proof.io.AbstractProblemLoader.loadEnvironment(AbstractProblemLoader.java:288)
	at de.uka.ilkd.key.proof.io.AbstractProblemLoader.load(AbstractProblemLoader.java:252)
	at de.uka.ilkd.key.control.AbstractUserInterfaceControl.load(AbstractUserInterfaceControl.java:209)
	... 7 more
Caused by: java.lang.RuntimeException: Could not find rule file rules/intRulesCheckedSemantics.key
	at de.uka.ilkd.key.proof.io.RuleSourceFactory.fromBuiltInRule(RuleSourceFactory.java:32)
	at de.uka.ilkd.key.proof.io.RuleSourceFactory.fromDefaultLocation(RuleSourceFactory.java:21)
	at de.uka.ilkd.key.nparser.builder.IncludeFinder.addInclude(IncludeFinder.java:63)
	at de.uka.ilkd.key.nparser.builder.IncludeFinder.visitOne_include(IncludeFinder.java:43)
	at de.uka.ilkd.key.nparser.builder.IncludeFinder.visitOne_include(IncludeFinder.java:20)
	at de.uka.ilkd.key.nparser.KeYParser$One_includeContext.accept(KeYParser.java:878)
	at de.uka.ilkd.key.nparser.builder.AbstractBuilder.lambda$mapOf$0(AbstractBuilder.java:112)
	at java.base/java.util.stream.ReferencePipeline$3$1.accept(ReferencePipeline.java:195)
	at java.base/java.util.ArrayList$ArrayListSpliterator.forEachRemaining(ArrayList.java:1655)
	at java.base/java.util.stream.AbstractPipeline.copyInto(AbstractPipeline.java:484)
	at java.base/java.util.stream.AbstractPipeline.wrapAndCopyInto(AbstractPipeline.java:474)
	at java.base/java.util.stream.ReduceOps$ReduceOp.evaluateSequential(ReduceOps.java:913)
	at java.base/java.util.stream.AbstractPipeline.evaluate(AbstractPipeline.java:234)
	at java.base/java.util.stream.ReferencePipeline.collect(ReferencePipeline.java:578)
	at de.uka.ilkd.key.nparser.builder.AbstractBuilder.mapOf(AbstractBuilder.java:112)
	at de.uka.ilkd.key.nparser.builder.IncludeFinder.visitOne_include_statement(IncludeFinder.java:35)
	at de.uka.ilkd.key.nparser.builder.IncludeFinder.visitOne_include_statement(IncludeFinder.java:20)
	at de.uka.ilkd.key.nparser.KeYParser$One_include_statementContext.accept(KeYParser.java:802)
	at org.antlr.v4.runtime.tree.AbstractParseTreeVisitor.visitChildren(AbstractParseTreeVisitor.java:46)
	at de.uka.ilkd.key.nparser.KeYParserBaseVisitor.visitDecls(KeYParserBaseVisitor.java:30)
	at de.uka.ilkd.key.nparser.KeYParser$DeclsContext.accept(KeYParser.java:500)
	at org.antlr.v4.runtime.tree.AbstractParseTreeVisitor.visitChildren(AbstractParseTreeVisitor.java:46)
	at de.uka.ilkd.key.nparser.KeYParserBaseVisitor.visitFile(KeYParserBaseVisitor.java:23)
	at de.uka.ilkd.key.nparser.KeYParser$FileContext.accept(KeYParser.java:306)
	at de.uka.ilkd.key.nparser.KeyAst.accept(KeyAst.java:41)
	at de.uka.ilkd.key.nparser.KeyAst$File.getIncludes(KeyAst.java:76)
	at de.uka.ilkd.key.proof.io.KeYFile.readIncludes(KeYFile.java:208)
	... 14 more
Could not find rule file rules/intRulesCheckedSemantics.key (file: /home/runner/work/key/key/key.core/../key.ui/examples/index/../InformationFlow/MiniExamples/mini.MiniExamplesLecture(mini.MiniExamplesLecture__m_2()).Non-interference contract.0.key; caused by: de.uka.ilkd.key.proof.init.ProofInputException: Could not find rule file rules/intRulesCheckedSemantics.key)
	at de.uka.ilkd.key.control.AbstractUserInterfaceControl.load(AbstractUserInterfaceControl.java:221)
	at de.uka.ilkd.key.control.KeYEnvironment.load(KeYEnvironment.java:251)
	at de.uka.ilkd.key.control.KeYEnvironment.load(KeYEnvironment.java:224)
	at de.uka.ilkd.key.control.KeYEnvironment.load(KeYEnvironment.java:184)
	at de.uka.ilkd.key.control.KeYEnvironment.load(KeYEnvironment.java:261)
	at de.uka.ilkd.key.proof.runallproofs.proofcollection.TestFile.load(TestFile.java:270)
	at de.uka.ilkd.key.proof.runallproofs.proofcollection.TestFile.runKey(TestFile.java:160)
	at de.uka.ilkd.key.proof.runallproofs.proofcollection.ForkedTestFileRunner.main(ForkedTestFileRunner.java:171)
Caused by: de.uka.ilkd.key.proof.init.ProofInputException: Could not find rule file rules/intRulesCheckedSemantics.key
	at de.uka.ilkd.key.proof.io.KeYFile.readIncludes(KeYFile.java:210)
	at de.uka.ilkd.key.proof.init.ProblemInitializer.readIncludes(ProblemInitializer.java:177)
	at de.uka.ilkd.key.proof.init.ProblemInitializer.readEnvInput(ProblemInitializer.java:325)
	at de.uka.ilkd.key.proof.init.ProblemInitializer.prepare(ProblemInitializer.java:449)
	at de.uka.ilkd.key.proof.io.AbstractProblemLoader.createInitConfig(AbstractProblemLoader.java:518)
	at de.uka.ilkd.key.proof.io.AbstractProblemLoader.loadEnvironment(AbstractProblemLoader.java:288)
	at de.uka.ilkd.key.proof.io.AbstractProblemLoader.load(AbstractProblemLoader.java:252)
	at de.uka.ilkd.key.control.AbstractUserInterfaceControl.load(AbstractUserInterfaceControl.java:209)
	... 7 more
Caused by: java.lang.RuntimeException: Could not find rule file rules/intRulesCheckedSemantics.key
	at de.uka.ilkd.key.proof.io.RuleSourceFactory.fromBuiltInRule(RuleSourceFactory.java:32)
	at de.uka.ilkd.key.proof.io.RuleSourceFactory.fromDefaultLocation(RuleSourceFactory.java:21)
	at de.uka.ilkd.key.nparser.builder.IncludeFinder.addInclude(IncludeFinder.java:63)
	at de.uka.ilkd.key.nparser.builder.IncludeFinder.visitOne_include(IncludeFinder.java:43)
	at de.uka.ilkd.key.nparser.builder.IncludeFinder.visitOne_include(IncludeFinder.java:20)
	at de.uka.ilkd.key.nparser.KeYParser$One_includeContext.accept(KeYParser.java:878)
	at de.uka.ilkd.key.nparser.builder.AbstractBuilder.lambda$mapOf$0(AbstractBuilder.java:112)
	at java.base/java.util.stream.ReferencePipeline$3$1.accept(ReferencePipeline.java:195)
	at java.base/java.util.ArrayList$ArrayListSpliterator.forEachRemaining(ArrayList.java:1655)
	at java.base/java.util.stream.AbstractPipeline.copyInto(AbstractPipeline.java:484)
	at java.base/java.util.stream.AbstractPipeline.wrapAndCopyInto(AbstractPipeline.java:474)
	at java.base/java.util.stream.ReduceOps$ReduceOp.evaluateSequential(ReduceOps.java:913)
	at java.base/java.util.stream.AbstractPipeline.evaluate(AbstractPipeline.java:234)
	at java.base/java.util.stream.ReferencePipeline.collect(ReferencePipeline.java:578)
	at de.uka.ilkd.key.nparser.builder.AbstractBuilder.mapOf(AbstractBuilder.java:112)
	at de.uka.ilkd.key.nparser.builder.IncludeFinder.visitOne_include_statement(IncludeFinder.java:35)
	at de.uka.ilkd.key.nparser.builder.IncludeFinder.visitOne_include_statement(IncludeFinder.java:20)
	at de.uka.ilkd.key.nparser.KeYParser$One_include_statementContext.accept(KeYParser.java:802)
	at org.antlr.v4.runtime.tree.AbstractParseTreeVisitor.visitChildren(AbstractParseTreeVisitor.java:46)
	at de.uka.ilkd.key.nparser.KeYParserBaseVisitor.visitDecls(KeYParserBaseVisitor.java:30)
	at de.uka.ilkd.key.nparser.KeYParser$DeclsContext.accept(KeYParser.java:500)
	at org.antlr.v4.runtime.tree.AbstractParseTreeVisitor.visitChildren(AbstractParseTreeVisitor.java:46)
	at de.uka.ilkd.key.nparser.KeYParserBaseVisitor.visitFile(KeYParserBaseVisitor.java:23)
	at de.uka.ilkd.key.nparser.KeYParser$FileContext.accept(KeYParser.java:306)
	at de.uka.ilkd.key.nparser.KeyAst.accept(KeyAst.java:41)
	at de.uka.ilkd.key.nparser.KeyAst$File.getIncludes(KeyAst.java:76)
	at de.uka.ilkd.key.proof.io.KeYFile.readIncludes(KeYFile.java:208)
	... 14 more
Could not find rule file rules/intRulesCheckedSemantics.key (file: /home/runner/work/key/key/key.core/../key.ui/examples/index/../InformationFlow/MiniExamples/mini.MiniExamplesLecture(mini.MiniExamplesLecture__m_1()).Non-interference contract.0.key; caused by: de.uka.ilkd.key.proof.init.ProofInputException: Could not find rule file rules/intRulesCheckedSemantics.key)
	at de.uka.ilkd.key.control.AbstractUserInterfaceControl.load(AbstractUserInterfaceControl.java:221)
	at de.uka.ilkd.key.control.KeYEnvironment.load(KeYEnvironment.java:251)
	at de.uka.ilkd.key.control.KeYEnvironment.load(KeYEnvironment.java:224)
	at de.uka.ilkd.key.control.KeYEnvironment.load(KeYEnvironment.java:184)
	at de.uka.ilkd.key.control.KeYEnvironment.load(KeYEnvironment.java:261)
	at de.uka.ilkd.key.proof.runallproofs.proofcollection.TestFile.load(TestFile.java:270)
	at de.uka.ilkd.key.proof.runallproofs.proofcollection.TestFile.runKey(TestFile.java:160)
	at de.uka.ilkd.key.proof.runallproofs.proofcollection.ForkedTestFileRunner.main(ForkedTestFileRunner.java:171)
Caused by: de.uka.ilkd.key.proof.init.ProofInputException: Could not find rule file rules/intRulesCheckedSemantics.key
	at de.uka.ilkd.key.proof.io.KeYFile.readIncludes(KeYFile.java:210)
	at de.uka.ilkd.key.proof.init.ProblemInitializer.readIncludes(ProblemInitializer.java:177)
	at de.uka.ilkd.key.proof.init.ProblemInitializer.readEnvInput(ProblemInitializer.java:325)
	at de.uka.ilkd.key.proof.init.ProblemInitializer.prepare(ProblemInitializer.java:449)
	at de.uka.ilkd.key.proof.io.AbstractProblemLoader.createInitConfig(AbstractProblemLoader.java:518)
	at de.uka.ilkd.key.proof.io.AbstractProblemLoader.loadEnvironment(AbstractProblemLoader.java:288)
	at de.uka.ilkd.key.proof.io.AbstractProblemLoader.load(AbstractProblemLoader.java:252)
	at de.uka.ilkd.key.control.AbstractUserInterfaceControl.load(AbstractUserInterfaceControl.java:209)
	... 7 more
Caused by: java.lang.RuntimeException: Could not find rule file rules/intRulesCheckedSemantics.key
	at de.uka.ilkd.key.proof.io.RuleSourceFactory.fromBuiltInRule(RuleSourceFactory.java:32)
	at de.uka.ilkd.key.proof.io.RuleSourceFactory.fromDefaultLocation(RuleSourceFactory.java:21)
	at de.uka.ilkd.key.nparser.builder.IncludeFinder.addInclude(IncludeFinder.java:63)
	at de.uka.ilkd.key.nparser.builder.IncludeFinder.visitOne_include(IncludeFinder.java:43)
	at de.uka.ilkd.key.nparser.builder.IncludeFinder.visitOne_include(IncludeFinder.java:20)
	at de.uka.ilkd.key.nparser.KeYParser$One_includeContext.accept(KeYParser.java:878)
	at de.uka.ilkd.key.nparser.builder.AbstractBuilder.lambda$mapOf$0(AbstractBuilder.java:112)
	at java.base/java.util.stream.ReferencePipeline$3$1.accept(ReferencePipeline.java:195)
	at java.base/java.util.ArrayList$ArrayListSpliterator.forEachRemaining(ArrayList.java:1655)
	at java.base/java.util.stream.AbstractPipeline.copyInto(AbstractPipeline.java:484)
	at java.base/java.util.stream.AbstractPipeline.wrapAndCopyInto(AbstractPipeline.java:474)
	at java.base/java.util.stream.ReduceOps$ReduceOp.evaluateSequential(ReduceOps.java:913)
	at java.base/java.util.stream.AbstractPipeline.evaluate(AbstractPipeline.java:234)
	at java.base/java.util.stream.ReferencePipeline.collect(ReferencePipeline.java:578)
	at de.uka.ilkd.key.nparser.builder.AbstractBuilder.mapOf(AbstractBuilder.java:112)
	at de.uka.ilkd.key.nparser.builder.IncludeFinder.visitOne_include_statement(IncludeFinder.java:35)
	at de.uka.ilkd.key.nparser.builder.IncludeFinder.visitOne_include_statement(IncludeFinder.java:20)
	at de.uka.ilkd.key.nparser.KeYParser$One_include_statementContext.accept(KeYParser.java:802)
	at org.antlr.v4.runtime.tree.AbstractParseTreeVisitor.visitChildren(AbstractParseTreeVisitor.java:46)
	at de.uka.ilkd.key.nparser.KeYParserBaseVisitor.visitDecls(KeYParserBaseVisitor.java:30)
	at de.uka.ilkd.key.nparser.KeYParser$DeclsContext.accept(KeYParser.java:500)
	at org.antlr.v4.runtime.tree.AbstractParseTreeVisitor.visitChildren(AbstractParseTreeVisitor.java:46)
	at de.uka.ilkd.key.nparser.KeYParserBaseVisitor.visitFile(KeYParserBaseVisitor.java:23)
	at de.uka.ilkd.key.nparser.KeYParser$FileContext.accept(KeYParser.java:306)
	at de.uka.ilkd.key.nparser.KeyAst.accept(KeyAst.java:41)
	at de.uka.ilkd.key.nparser.KeyAst$File.getIncludes(KeyAst.java:76)
	at de.uka.ilkd.key.proof.io.KeYFile.readIncludes(KeYFile.java:208)
	... 14 more
Could not find rule file rules/intRulesCheckedSemantics.key (file: /home/runner/work/key/key/key.core/../key.ui/examples/index/../InformationFlow/MiniExamples/mini.DifferenceSeqLocset(mini.DifferenceSeqLocset__m()).Non-interference contract.1.key; caused by: de.uka.ilkd.key.proof.init.ProofInputException: Could not find rule file rules/intRulesCheckedSemantics.key)
	at de.uka.ilkd.key.control.AbstractUserInterfaceControl.load(AbstractUserInterfaceControl.java:221)
	at de.uka.ilkd.key.control.KeYEnvironment.load(KeYEnvironment.java:251)
	at de.uka.ilkd.key.control.KeYEnvironment.load(KeYEnvironment.java:224)
	at de.uka.ilkd.key.control.KeYEnvironment.load(KeYEnvironment.java:184)
	at de.uka.ilkd.key.control.KeYEnvironment.load(KeYEnvironment.java:261)
	at de.uka.ilkd.key.proof.runallproofs.proofcollection.TestFile.load(TestFile.java:270)
	at de.uka.ilkd.key.proof.runallproofs.proofcollection.TestFile.runKey(TestFile.java:160)
	at de.uka.ilkd.key.proof.runallproofs.proofcollection.ForkedTestFileRunner.main(ForkedTestFileRunner.java:171)
Caused by: de.uka.ilkd.key.proof.init.ProofInputException: Could not find rule file rules/intRulesCheckedSemantics.key
	at de.uka.ilkd.key.proof.io.KeYFile.readIncludes(KeYFile.java:210)
	at de.uka.ilkd.key.proof.init.ProblemInitializer.readIncludes(ProblemInitializer.java:177)
	at de.uka.ilkd.key.proof.init.ProblemInitializer.readEnvInput(ProblemInitializer.java:325)
	at de.uka.ilkd.key.proof.init.ProblemInitializer.prepare(ProblemInitializer.java:449)
	at de.uka.ilkd.key.proof.io.AbstractProblemLoader.createInitConfig(AbstractProblemLoader.java:518)
	at de.uka.ilkd.key.proof.io.AbstractProblemLoader.loadEnvironment(AbstractProblemLoader.java:288)
	at de.uka.ilkd.key.proof.io.AbstractProblemLoader.load(AbstractProblemLoader.java:252)
	at de.uka.ilkd.key.control.AbstractUserInterfaceControl.load(AbstractUserInterfaceControl.java:209)
	... 7 more
Caused by: java.lang.RuntimeException: Could not find rule file rules/intRulesCheckedSemantics.key
	at de.uka.ilkd.key.proof.io.RuleSourceFactory.fromBuiltInRule(RuleSourceFactory.java:32)
	at de.uka.ilkd.key.proof.io.RuleSourceFactory.fromDefaultLocation(RuleSourceFactory.java:21)
	at de.uka.ilkd.key.nparser.builder.IncludeFinder.addInclude(IncludeFinder.java:63)
	at de.uka.ilkd.key.nparser.builder.IncludeFinder.visitOne_include(IncludeFinder.java:43)
	at de.uka.ilkd.key.nparser.builder.IncludeFinder.visitOne_include(IncludeFinder.java:20)
	at de.uka.ilkd.key.nparser.KeYParser$One_includeContext.accept(KeYParser.java:878)
	at de.uka.ilkd.key.nparser.builder.AbstractBuilder.lambda$mapOf$0(AbstractBuilder.java:112)
	at java.base/java.util.stream.ReferencePipeline$3$1.accept(ReferencePipeline.java:195)
	at java.base/java.util.ArrayList$ArrayListSpliterator.forEachRemaining(ArrayList.java:1655)
	at java.base/java.util.stream.AbstractPipeline.copyInto(AbstractPipeline.java:484)
	at java.base/java.util.stream.AbstractPipeline.wrapAndCopyInto(AbstractPipeline.java:474)
	at java.base/java.util.stream.ReduceOps$ReduceOp.evaluateSequential(ReduceOps.java:913)
	at java.base/java.util.stream.AbstractPipeline.evaluate(AbstractPipeline.java:234)
	at java.base/java.util.stream.ReferencePipeline.collect(ReferencePipeline.java:578)
	at de.uka.ilkd.key.nparser.builder.AbstractBuilder.mapOf(AbstractBuilder.java:112)
	at de.uka.ilkd.key.nparser.builder.IncludeFinder.visitOne_include_statement(IncludeFinder.java:35)
	at de.uka.ilkd.key.nparser.builder.IncludeFinder.visitOne_include_statement(IncludeFinder.java:20)
	at de.uka.ilkd.key.nparser.KeYParser$One_include_statementContext.accept(KeYParser.java:802)
	at org.antlr.v4.runtime.tree.AbstractParseTreeVisitor.visitChildren(AbstractParseTreeVisitor.java:46)
	at de.uka.ilkd.key.nparser.KeYParserBaseVisitor.visitDecls(KeYParserBaseVisitor.java:30)
	at de.uka.ilkd.key.nparser.KeYParser$DeclsContext.accept(KeYParser.java:500)
	at org.antlr.v4.runtime.tree.AbstractParseTreeVisitor.visitChildren(AbstractParseTreeVisitor.java:46)
	at de.uka.ilkd.key.nparser.KeYParserBaseVisitor.visitFile(KeYParserBaseVisitor.java:23)
	at de.uka.ilkd.key.nparser.KeYParser$FileContext.accept(KeYParser.java:306)
	at de.uka.ilkd.key.nparser.KeyAst.accept(KeyAst.java:41)
	at de.uka.ilkd.key.nparser.KeyAst$File.getIncludes(KeyAst.java:76)
	at de.uka.ilkd.key.proof.io.KeYFile.readIncludes(KeYFile.java:208)
	... 14 more
Could not find rule file rules/intRulesCheckedSemantics.key (file: /home/runner/work/key/key/key.core/../key.ui/examples/index/../InformationFlow/MiniExamples/mini.DifferenceSeqLocset(mini.DifferenceSeqLocset__m()).Non-interference contract.0.key; caused by: de.uka.ilkd.key.proof.init.ProofInputException: Could not find rule file rules/intRulesCheckedSemantics.key)
	at de.uka.ilkd.key.control.AbstractUserInterfaceControl.load(AbstractUserInterfaceControl.java:221)
	at de.uka.ilkd.key.control.KeYEnvironment.load(KeYEnvironment.java:251)
	at de.uka.ilkd.key.control.KeYEnvironment.load(KeYEnvironment.java:224)
	at de.uka.ilkd.key.control.KeYEnvironment.load(KeYEnvironment.java:184)
	at de.uka.ilkd.key.control.KeYEnvironment.load(KeYEnvironment.java:261)
	at de.uka.ilkd.key.proof.runallproofs.proofcollection.TestFile.load(TestFile.java:270)
	at de.uka.ilkd.key.proof.runallproofs.proofcollection.TestFile.runKey(TestFile.java:160)
	at de.uka.ilkd.key.proof.runallproofs.proofcollection.ForkedTestFileRunner.main(ForkedTestFileRunner.java:171)
Caused by: de.uka.ilkd.key.proof.init.ProofInputException: Could not find rule file rules/intRulesCheckedSemantics.key
	at de.uka.ilkd.key.proof.io.KeYFile.readIncludes(KeYFile.java:210)
	at de.uka.ilkd.key.proof.init.ProblemInitializer.readIncludes(ProblemInitializer.java:177)
	at de.uka.ilkd.key.proof.init.ProblemInitializer.readEnvInput(ProblemInitializer.java:325)
	at de.uka.ilkd.key.proof.init.ProblemInitializer.prepare(ProblemInitializer.java:449)
	at de.uka.ilkd.key.proof.io.AbstractProblemLoader.createInitConfig(AbstractProblemLoader.java:518)
	at de.uka.ilkd.key.proof.io.AbstractProblemLoader.loadEnvironment(AbstractProblemLoader.java:288)
	at de.uka.ilkd.key.proof.io.AbstractProblemLoader.load(AbstractProblemLoader.java:252)
	at de.uka.ilkd.key.control.AbstractUserInterfaceControl.load(AbstractUserInterfaceControl.java:209)
	... 7 more
Caused by: java.lang.RuntimeException: Could not find rule file rules/intRulesCheckedSemantics.key
	at de.uka.ilkd.key.proof.io.RuleSourceFactory.fromBuiltInRule(RuleSourceFactory.java:32)
	at de.uka.ilkd.key.proof.io.RuleSourceFactory.fromDefaultLocation(RuleSourceFactory.java:21)
	at de.uka.ilkd.key.nparser.builder.IncludeFinder.addInclude(IncludeFinder.java:63)
	at de.uka.ilkd.key.nparser.builder.IncludeFinder.visitOne_include(IncludeFinder.java:43)
	at de.uka.ilkd.key.nparser.builder.IncludeFinder.visitOne_include(IncludeFinder.java:20)
	at de.uka.ilkd.key.nparser.KeYParser$One_includeContext.accept(KeYParser.java:878)
	at de.uka.ilkd.key.nparser.builder.AbstractBuilder.lambda$mapOf$0(AbstractBuilder.java:112)
	at java.base/java.util.stream.ReferencePipeline$3$1.accept(ReferencePipeline.java:195)
	at java.base/java.util.ArrayList$ArrayListSpliterator.forEachRemaining(ArrayList.java:1655)
	at java.base/java.util.stream.AbstractPipeline.copyInto(AbstractPipeline.java:484)
	at java.base/java.util.stream.AbstractPipeline.wrapAndCopyInto(AbstractPipeline.java:474)
	at java.base/java.util.stream.ReduceOps$ReduceOp.evaluateSequential(ReduceOps.java:913)
	at java.base/java.util.stream.AbstractPipeline.evaluate(AbstractPipeline.java:234)
	at java.base/java.util.stream.ReferencePipeline.collect(ReferencePipeline.java:578)
	at de.uka.ilkd.key.nparser.builder.AbstractBuilder.mapOf(AbstractBuilder.java:112)
	at de.uka.ilkd.key.nparser.builder.IncludeFinder.visitOne_include_statement(IncludeFinder.java:35)
	at de.uka.ilkd.key.nparser.builder.IncludeFinder.visitOne_include_statement(IncludeFinder.java:20)
	at de.uka.ilkd.key.nparser.KeYParser$One_include_statementContext.accept(KeYParser.java:802)
	at org.antlr.v4.runtime.tree.AbstractParseTreeVisitor.visitChildren(AbstractParseTreeVisitor.java:46)
	at de.uka.ilkd.key.nparser.KeYParserBaseVisitor.visitDecls(KeYParserBaseVisitor.java:30)
	at de.uka.ilkd.key.nparser.KeYParser$DeclsContext.accept(KeYParser.java:500)
	at org.antlr.v4.runtime.tree.AbstractParseTreeVisitor.visitChildren(AbstractParseTreeVisitor.java:46)
	at de.uka.ilkd.key.nparser.KeYParserBaseVisitor.visitFile(KeYParserBaseVisitor.java:23)
	at de.uka.ilkd.key.nparser.KeYParser$FileContext.accept(KeYParser.java:306)
	at de.uka.ilkd.key.nparser.KeyAst.accept(KeyAst.java:41)
	at de.uka.ilkd.key.nparser.KeyAst$File.getIncludes(KeyAst.java:76)
	at de.uka.ilkd.key.proof.io.KeYFile.readIncludes(KeYFile.java:208)
	... 14 more
Could not find rule file rules/intRulesCheckedSemantics.key (file: /home/runner/work/key/key/key.core/../key.ui/examples/index/../InformationFlow/MiniExamples/mini.MiniExamples(mini.MiniExamples__secure_p2_8()).Non-interference contract.0.key; caused by: de.uka.ilkd.key.proof.init.ProofInputException: Could not find rule file rules/intRulesCheckedSemantics.key)
	at de.uka.ilkd.key.control.AbstractUserInterfaceControl.load(AbstractUserInterfaceControl.java:221)
	at de.uka.ilkd.key.control.KeYEnvironment.load(KeYEnvironment.java:251)
	at de.uka.ilkd.key.control.KeYEnvironment.load(KeYEnvironment.java:224)
	at de.uka.ilkd.key.control.KeYEnvironment.load(KeYEnvironment.java:184)
	at de.uka.ilkd.key.control.KeYEnvironment.load(KeYEnvironment.java:261)
	at de.uka.ilkd.key.proof.runallproofs.proofcollection.TestFile.load(TestFile.java:270)
	at de.uka.ilkd.key.proof.runallproofs.proofcollection.TestFile.runKey(TestFile.java:160)
	at de.uka.ilkd.key.proof.runallproofs.proofcollection.ForkedTestFileRunner.main(ForkedTestFileRunner.java:171)
Caused by: de.uka.ilkd.key.proof.init.ProofInputException: Could not find rule file rules/intRulesCheckedSemantics.key
	at de.uka.ilkd.key.proof.io.KeYFile.readIncludes(KeYFile.java:210)
	at de.uka.ilkd.key.proof.init.ProblemInitializer.readIncludes(ProblemInitializer.java:177)
	at de.uka.ilkd.key.proof.init.ProblemInitializer.readEnvInput(ProblemInitializer.java:325)
	at de.uka.ilkd.key.proof.init.ProblemInitializer.prepare(ProblemInitializer.java:449)
	at de.uka.ilkd.key.proof.io.AbstractProblemLoader.createInitConfig(AbstractProblemLoader.java:518)
	at de.uka.ilkd.key.proof.io.AbstractProblemLoader.loadEnvironment(AbstractProblemLoader.java:288)
	at de.uka.ilkd.key.proof.io.AbstractProblemLoader.load(AbstractProblemLoader.java:252)
	at de.uka.ilkd.key.control.AbstractUserInterfaceControl.load(AbstractUserInterfaceControl.java:209)
	... 7 more
Caused by: java.lang.RuntimeException: Could not find rule file rules/intRulesCheckedSemantics.key
	at de.uka.ilkd.key.proof.io.RuleSourceFactory.fromBuiltInRule(RuleSourceFactory.java:32)
	at de.uka.ilkd.key.proof.io.RuleSourceFactory.fromDefaultLocation(RuleSourceFactory.java:21)
	at de.uka.ilkd.key.nparser.builder.IncludeFinder.addInclude(IncludeFinder.java:63)
	at de.uka.ilkd.key.nparser.builder.IncludeFinder.visitOne_include(IncludeFinder.java:43)
	at de.uka.ilkd.key.nparser.builder.IncludeFinder.visitOne_include(IncludeFinder.java:20)
	at de.uka.ilkd.key.nparser.KeYParser$One_includeContext.accept(KeYParser.java:878)
	at de.uka.ilkd.key.nparser.builder.AbstractBuilder.lambda$mapOf$0(AbstractBuilder.java:112)
	at java.base/java.util.stream.ReferencePipeline$3$1.accept(ReferencePipeline.java:195)
	at java.base/java.util.ArrayList$ArrayListSpliterator.forEachRemaining(ArrayList.java:1655)
	at java.base/java.util.stream.AbstractPipeline.copyInto(AbstractPipeline.java:484)
	at java.base/java.util.stream.AbstractPipeline.wrapAndCopyInto(AbstractPipeline.java:474)
	at java.base/java.util.stream.ReduceOps$ReduceOp.evaluateSequential(ReduceOps.java:913)
	at java.base/java.util.stream.AbstractPipeline.evaluate(AbstractPipeline.java:234)
	at java.base/java.util.stream.ReferencePipeline.collect(ReferencePipeline.java:578)
	at de.uka.ilkd.key.nparser.builder.AbstractBuilder.mapOf(AbstractBuilder.java:112)
	at de.uka.ilkd.key.nparser.builder.IncludeFinder.visitOne_include_statement(IncludeFinder.java:35)
	at de.uka.ilkd.key.nparser.builder.IncludeFinder.visitOne_include_statement(IncludeFinder.java:20)
	at de.uka.ilkd.key.nparser.KeYParser$One_include_statementContext.accept(KeYParser.java:802)
	at org.antlr.v4.runtime.tree.AbstractParseTreeVisitor.visitChildren(AbstractParseTreeVisitor.java:46)
	at de.uka.ilkd.key.nparser.KeYParserBaseVisitor.visitDecls(KeYParserBaseVisitor.java:30)
	at de.uka.ilkd.key.nparser.KeYParser$DeclsContext.accept(KeYParser.java:500)
	at org.antlr.v4.runtime.tree.AbstractParseTreeVisitor.visitChildren(AbstractParseTreeVisitor.java:46)
	at de.uka.ilkd.key.nparser.KeYParserBaseVisitor.visitFile(KeYParserBaseVisitor.java:23)
	at de.uka.ilkd.key.nparser.KeYParser$FileContext.accept(KeYParser.java:306)
	at de.uka.ilkd.key.nparser.KeyAst.accept(KeyAst.java:41)
	at de.uka.ilkd.key.nparser.KeyAst$File.getIncludes(KeyAst.java:76)
	at de.uka.ilkd.key.proof.io.KeYFile.readIncludes(KeYFile.java:208)
	... 14 more
Could not find rule file rules/intRulesCheckedSemantics.key (file: /home/runner/work/key/key/key.core/../key.ui/examples/index/../InformationFlow/MiniExamples/mini.MiniExamples(mini.MiniExamples__secure_parameter(int)).Non-interference contract.0.key; caused by: de.uka.ilkd.key.proof.init.ProofInputException: Could not find rule file rules/intRulesCheckedSemantics.key)
	at de.uka.ilkd.key.control.AbstractUserInterfaceControl.load(AbstractUserInterfaceControl.java:221)
	at de.uka.ilkd.key.control.KeYEnvironment.load(KeYEnvironment.java:251)
	at de.uka.ilkd.key.control.KeYEnvironment.load(KeYEnvironment.java:224)
	at de.uka.ilkd.key.control.KeYEnvironment.load(KeYEnvironment.java:184)
	at de.uka.ilkd.key.control.KeYEnvironment.load(KeYEnvironment.java:261)
	at de.uka.ilkd.key.proof.runallproofs.proofcollection.TestFile.load(TestFile.java:270)
	at de.uka.ilkd.key.proof.runallproofs.proofcollection.TestFile.runKey(TestFile.java:160)
	at de.uka.ilkd.key.proof.runallproofs.proofcollection.ForkedTestFileRunner.main(ForkedTestFileRunner.java:171)
Caused by: de.uka.ilkd.key.proof.init.ProofInputException: Could not find rule file rules/intRulesCheckedSemantics.key
	at de.uka.ilkd.key.proof.io.KeYFile.readIncludes(KeYFile.java:210)
	at de.uka.ilkd.key.proof.init.ProblemInitializer.readIncludes(ProblemInitializer.java:177)
	at de.uka.ilkd.key.proof.init.ProblemInitializer.readEnvInput(ProblemInitializer.java:325)
	at de.uka.ilkd.key.proof.init.ProblemInitializer.prepare(ProblemInitializer.java:449)
	at de.uka.ilkd.key.proof.io.AbstractProblemLoader.createInitConfig(AbstractProblemLoader.java:518)
	at de.uka.ilkd.key.proof.io.AbstractProblemLoader.loadEnvironment(AbstractProblemLoader.java:288)
	at de.uka.ilkd.key.proof.io.AbstractProblemLoader.load(AbstractProblemLoader.java:252)
	at de.uka.ilkd.key.control.AbstractUserInterfaceControl.load(AbstractUserInterfaceControl.java:209)
	... 7 more
Caused by: java.lang.RuntimeException: Could not find rule file rules/intRulesCheckedSemantics.key
	at de.uka.ilkd.key.proof.io.RuleSourceFactory.fromBuiltInRule(RuleSourceFactory.java:32)
	at de.uka.ilkd.key.proof.io.RuleSourceFactory.fromDefaultLocation(RuleSourceFactory.java:21)
	at de.uka.ilkd.key.nparser.builder.IncludeFinder.addInclude(IncludeFinder.java:63)
	at de.uka.ilkd.key.nparser.builder.IncludeFinder.visitOne_include(IncludeFinder.java:43)
	at de.uka.ilkd.key.nparser.builder.IncludeFinder.visitOne_include(IncludeFinder.java:20)
	at de.uka.ilkd.key.nparser.KeYParser$One_includeContext.accept(KeYParser.java:878)
	at de.uka.ilkd.key.nparser.builder.AbstractBuilder.lambda$mapOf$0(AbstractBuilder.java:112)
	at java.base/java.util.stream.ReferencePipeline$3$1.accept(ReferencePipeline.java:195)
	at java.base/java.util.ArrayList$ArrayListSpliterator.forEachRemaining(ArrayList.java:1655)
	at java.base/java.util.stream.AbstractPipeline.copyInto(AbstractPipeline.java:484)
	at java.base/java.util.stream.AbstractPipeline.wrapAndCopyInto(AbstractPipeline.java:474)
	at java.base/java.util.stream.ReduceOps$ReduceOp.evaluateSequential(ReduceOps.java:913)
	at java.base/java.util.stream.AbstractPipeline.evaluate(AbstractPipeline.java:234)
	at java.base/java.util.stream.ReferencePipeline.collect(ReferencePipeline.java:578)
	at de.uka.ilkd.key.nparser.builder.AbstractBuilder.mapOf(AbstractBuilder.java:112)
	at de.uka.ilkd.key.nparser.builder.IncludeFinder.visitOne_include_statement(IncludeFinder.java:35)
	at de.uka.ilkd.key.nparser.builder.IncludeFinder.visitOne_include_statement(IncludeFinder.java:20)
	at de.uka.ilkd.key.nparser.KeYParser$One_include_statementContext.accept(KeYParser.java:802)
	at org.antlr.v4.runtime.tree.AbstractParseTreeVisitor.visitChildren(AbstractParseTreeVisitor.java:46)
	at de.uka.ilkd.key.nparser.KeYParserBaseVisitor.visitDecls(KeYParserBaseVisitor.java:30)
	at de.uka.ilkd.key.nparser.KeYParser$DeclsContext.accept(KeYParser.java:500)
	at org.antlr.v4.runtime.tree.AbstractParseTreeVisitor.visitChildren(AbstractParseTreeVisitor.java:46)
	at de.uka.ilkd.key.nparser.KeYParserBaseVisitor.visitFile(KeYParserBaseVisitor.java:23)
	at de.uka.ilkd.key.nparser.KeYParser$FileContext.accept(KeYParser.java:306)
	at de.uka.ilkd.key.nparser.KeyAst.accept(KeyAst.java:41)
	at de.uka.ilkd.key.nparser.KeyAst$File.getIncludes(KeyAst.java:76)
	at de.uka.ilkd.key.proof.io.KeYFile.readIncludes(KeYFile.java:208)
	... 14 more
Could not find rule file rules/intRulesCheckedSemantics.key (file: /home/runner/work/key/key/key.core/../key.ui/examples/index/../InformationFlow/MiniExamples/mini.MiniExamples(mini.MiniExamples__secure_p2_7()).Non-interference contract.0.key; caused by: de.uka.ilkd.key.proof.init.ProofInputException: Could not find rule file rules/intRulesCheckedSemantics.key)
	at de.uka.ilkd.key.control.AbstractUserInterfaceControl.load(AbstractUserInterfaceControl.java:221)
	at de.uka.ilkd.key.control.KeYEnvironment.load(KeYEnvironment.java:251)
	at de.uka.ilkd.key.control.KeYEnvironment.load(KeYEnvironment.java:224)
	at de.uka.ilkd.key.control.KeYEnvironment.load(KeYEnvironment.java:184)
	at de.uka.ilkd.key.control.KeYEnvironment.load(KeYEnvironment.java:261)
	at de.uka.ilkd.key.proof.runallproofs.proofcollection.TestFile.load(TestFile.java:270)
	at de.uka.ilkd.key.proof.runallproofs.proofcollection.TestFile.runKey(TestFile.java:160)
	at de.uka.ilkd.key.proof.runallproofs.proofcollection.ForkedTestFileRunner.main(ForkedTestFileRunner.java:171)
Caused by: de.uka.ilkd.key.proof.init.ProofInputException: Could not find rule file rules/intRulesCheckedSemantics.key
	at de.uka.ilkd.key.proof.io.KeYFile.readIncludes(KeYFile.java:210)
	at de.uka.ilkd.key.proof.init.ProblemInitializer.readIncludes(ProblemInitializer.java:177)
	at de.uka.ilkd.key.proof.init.ProblemInitializer.readEnvInput(ProblemInitializer.java:325)
	at de.uka.ilkd.key.proof.init.ProblemInitializer.prepare(ProblemInitializer.java:449)
	at de.uka.ilkd.key.proof.io.AbstractProblemLoader.createInitConfig(AbstractProblemLoader.java:518)
	at de.uka.ilkd.key.proof.io.AbstractProblemLoader.loadEnvironment(AbstractProblemLoader.java:288)
	at de.uka.ilkd.key.proof.io.AbstractProblemLoader.load(AbstractProblemLoader.java:252)
	at de.uka.ilkd.key.control.AbstractUserInterfaceControl.load(AbstractUserInterfaceControl.java:209)
	... 7 more
Caused by: java.lang.RuntimeException: Could not find rule file rules/intRulesCheckedSemantics.key
	at de.uka.ilkd.key.proof.io.RuleSourceFactory.fromBuiltInRule(RuleSourceFactory.java:32)
	at de.uka.ilkd.key.proof.io.RuleSourceFactory.fromDefaultLocation(RuleSourceFactory.java:21)
	at de.uka.ilkd.key.nparser.builder.IncludeFinder.addInclude(IncludeFinder.java:63)
	at de.uka.ilkd.key.nparser.builder.IncludeFinder.visitOne_include(IncludeFinder.java:43)
	at de.uka.ilkd.key.nparser.builder.IncludeFinder.visitOne_include(IncludeFinder.java:20)
	at de.uka.ilkd.key.nparser.KeYParser$One_includeContext.accept(KeYParser.java:878)
	at de.uka.ilkd.key.nparser.builder.AbstractBuilder.lambda$mapOf$0(AbstractBuilder.java:112)
	at java.base/java.util.stream.ReferencePipeline$3$1.accept(ReferencePipeline.java:195)
	at java.base/java.util.ArrayList$ArrayListSpliterator.forEachRemaining(ArrayList.java:1655)
	at java.base/java.util.stream.AbstractPipeline.copyInto(AbstractPipeline.java:484)
	at java.base/java.util.stream.AbstractPipeline.wrapAndCopyInto(AbstractPipeline.java:474)
	at java.base/java.util.stream.ReduceOps$ReduceOp.evaluateSequential(ReduceOps.java:913)
	at java.base/java.util.stream.AbstractPipeline.evaluate(AbstractPipeline.java:234)
	at java.base/java.util.stream.ReferencePipeline.collect(ReferencePipeline.java:578)
	at de.uka.ilkd.key.nparser.builder.AbstractBuilder.mapOf(AbstractBuilder.java:112)
	at de.uka.ilkd.key.nparser.builder.IncludeFinder.visitOne_include_statement(IncludeFinder.java:35)
	at de.uka.ilkd.key.nparser.builder.IncludeFinder.visitOne_include_statement(IncludeFinder.java:20)
	at de.uka.ilkd.key.nparser.KeYParser$One_include_statementContext.accept(KeYParser.java:802)
	at org.antlr.v4.runtime.tree.AbstractParseTreeVisitor.visitChildren(AbstractParseTreeVisitor.java:46)
	at de.uka.ilkd.key.nparser.KeYParserBaseVisitor.visitDecls(KeYParserBaseVisitor.java:30)
	at de.uka.ilkd.key.nparser.KeYParser$DeclsContext.accept(KeYParser.java:500)
	at org.antlr.v4.runtime.tree.AbstractParseTreeVisitor.visitChildren(AbstractParseTreeVisitor.java:46)
	at de.uka.ilkd.key.nparser.KeYParserBaseVisitor.visitFile(KeYParserBaseVisitor.java:23)
	at de.uka.ilkd.key.nparser.KeYParser$FileContext.accept(KeYParser.java:306)
	at de.uka.ilkd.key.nparser.KeyAst.accept(KeyAst.java:41)
	at de.uka.ilkd.key.nparser.KeyAst$File.getIncludes(KeyAst.java:76)
	at de.uka.ilkd.key.proof.io.KeYFile.readIncludes(KeYFile.java:208)
	... 14 more
Could not find rule file rules/intRulesCheckedSemantics.key (file: /home/runner/work/key/key/key.core/../key.ui/examples/index/../InformationFlow/MiniExamples/mini.MiniExamples(mini.MiniExamples__insecure_p2_2()).Non-interference contract.0.key; caused by: de.uka.ilkd.key.proof.init.ProofInputException: Could not find rule file rules/intRulesCheckedSemantics.key)
	at de.uka.ilkd.key.control.AbstractUserInterfaceControl.load(AbstractUserInterfaceControl.java:221)
	at de.uka.ilkd.key.control.KeYEnvironment.load(KeYEnvironment.java:251)
	at de.uka.ilkd.key.control.KeYEnvironment.load(KeYEnvironment.java:224)
	at de.uka.ilkd.key.control.KeYEnvironment.load(KeYEnvironment.java:184)
	at de.uka.ilkd.key.control.KeYEnvironment.load(KeYEnvironment.java:261)
	at de.uka.ilkd.key.proof.runallproofs.proofcollection.TestFile.load(TestFile.java:270)
	at de.uka.ilkd.key.proof.runallproofs.proofcollection.TestFile.runKey(TestFile.java:160)
	at de.uka.ilkd.key.proof.runallproofs.proofcollection.ForkedTestFileRunner.main(ForkedTestFileRunner.java:171)
Caused by: de.uka.ilkd.key.proof.init.ProofInputException: Could not find rule file rules/intRulesCheckedSemantics.key
	at de.uka.ilkd.key.proof.io.KeYFile.readIncludes(KeYFile.java:210)
	at de.uka.ilkd.key.proof.init.ProblemInitializer.readIncludes(ProblemInitializer.java:177)
	at de.uka.ilkd.key.proof.init.ProblemInitializer.readEnvInput(ProblemInitializer.java:325)
	at de.uka.ilkd.key.proof.init.ProblemInitializer.prepare(ProblemInitializer.java:449)
	at de.uka.ilkd.key.proof.io.AbstractProblemLoader.createInitConfig(AbstractProblemLoader.java:518)
	at de.uka.ilkd.key.proof.io.AbstractProblemLoader.loadEnvironment(AbstractProblemLoader.java:288)
	at de.uka.ilkd.key.proof.io.AbstractProblemLoader.load(AbstractProblemLoader.java:252)
	at de.uka.ilkd.key.control.AbstractUserInterfaceControl.load(AbstractUserInterfaceControl.java:209)
	... 7 more
Caused by: java.lang.RuntimeException: Could not find rule file rules/intRulesCheckedSemantics.key
	at de.uka.ilkd.key.proof.io.RuleSourceFactory.fromBuiltInRule(RuleSourceFactory.java:32)
	at de.uka.ilkd.key.proof.io.RuleSourceFactory.fromDefaultLocation(RuleSourceFactory.java:21)
	at de.uka.ilkd.key.nparser.builder.IncludeFinder.addInclude(IncludeFinder.java:63)
	at de.uka.ilkd.key.nparser.builder.IncludeFinder.visitOne_include(IncludeFinder.java:43)
	at de.uka.ilkd.key.nparser.builder.IncludeFinder.visitOne_include(IncludeFinder.java:20)
	at de.uka.ilkd.key.nparser.KeYParser$One_includeContext.accept(KeYParser.java:878)
	at de.uka.ilkd.key.nparser.builder.AbstractBuilder.lambda$mapOf$0(AbstractBuilder.java:112)
	at java.base/java.util.stream.ReferencePipeline$3$1.accept(ReferencePipeline.java:195)
	at java.base/java.util.ArrayList$ArrayListSpliterator.forEachRemaining(ArrayList.java:1655)
	at java.base/java.util.stream.AbstractPipeline.copyInto(AbstractPipeline.java:484)
	at java.base/java.util.stream.AbstractPipeline.wrapAndCopyInto(AbstractPipeline.java:474)
	at java.base/java.util.stream.ReduceOps$ReduceOp.evaluateSequential(ReduceOps.java:913)
	at java.base/java.util.stream.AbstractPipeline.evaluate(AbstractPipeline.java:234)
	at java.base/java.util.stream.ReferencePipeline.collect(ReferencePipeline.java:578)
	at de.uka.ilkd.key.nparser.builder.AbstractBuilder.mapOf(AbstractBuilder.java:112)
	at de.uka.ilkd.key.nparser.builder.IncludeFinder.visitOne_include_statement(IncludeFinder.java:35)
	at de.uka.ilkd.key.nparser.builder.IncludeFinder.visitOne_include_statement(IncludeFinder.java:20)
	at de.uka.ilkd.key.nparser.KeYParser$One_include_statementContext.accept(KeYParser.java:802)
	at org.antlr.v4.runtime.tree.AbstractParseTreeVisitor.visitChildren(AbstractParseTreeVisitor.java:46)
	at de.uka.ilkd.key.nparser.KeYParserBaseVisitor.visitDecls(KeYParserBaseVisitor.java:30)
	at de.uka.ilkd.key.nparser.KeYParser$DeclsContext.accept(KeYParser.java:500)
	at org.antlr.v4.runtime.tree.AbstractParseTreeVisitor.visitChildren(AbstractParseTreeVisitor.java:46)
	at de.uka.ilkd.key.nparser.KeYParserBaseVisitor.visitFile(KeYParserBaseVisitor.java:23)
	at de.uka.ilkd.key.nparser.KeYParser$FileContext.accept(KeYParser.java:306)
	at de.uka.ilkd.key.nparser.KeyAst.accept(KeyAst.java:41)
	at de.uka.ilkd.key.nparser.KeyAst$File.getIncludes(KeyAst.java:76)
	at de.uka.ilkd.key.proof.io.KeYFile.readIncludes(KeYFile.java:208)
	... 14 more
Could not find rule file rules/intRulesCheckedSemantics.key (file: /home/runner/work/key/key/key.core/../key.ui/examples/index/../InformationFlow/MiniExamples/mini.MiniExamples(mini.MiniExamples__secure_p2_6()).Non-interference contract.0.key; caused by: de.uka.ilkd.key.proof.init.ProofInputException: Could not find rule file rules/intRulesCheckedSemantics.key)
	at de.uka.ilkd.key.control.AbstractUserInterfaceControl.load(AbstractUserInterfaceControl.java:221)
	at de.uka.ilkd.key.control.KeYEnvironment.load(KeYEnvironment.java:251)
	at de.uka.ilkd.key.control.KeYEnvironment.load(KeYEnvironment.java:224)
	at de.uka.ilkd.key.control.KeYEnvironment.load(KeYEnvironment.java:184)
	at de.uka.ilkd.key.control.KeYEnvironment.load(KeYEnvironment.java:261)
	at de.uka.ilkd.key.proof.runallproofs.proofcollection.TestFile.load(TestFile.java:270)
	at de.uka.ilkd.key.proof.runallproofs.proofcollection.TestFile.runKey(TestFile.java:160)
	at de.uka.ilkd.key.proof.runallproofs.proofcollection.ForkedTestFileRunner.main(ForkedTestFileRunner.java:171)
Caused by: de.uka.ilkd.key.proof.init.ProofInputException: Could not find rule file rules/intRulesCheckedSemantics.key
	at de.uka.ilkd.key.proof.io.KeYFile.readIncludes(KeYFile.java:210)
	at de.uka.ilkd.key.proof.init.ProblemInitializer.readIncludes(ProblemInitializer.java:177)
	at de.uka.ilkd.key.proof.init.ProblemInitializer.readEnvInput(ProblemInitializer.java:325)
	at de.uka.ilkd.key.proof.init.ProblemInitializer.prepare(ProblemInitializer.java:449)
	at de.uka.ilkd.key.proof.io.AbstractProblemLoader.createInitConfig(AbstractProblemLoader.java:518)
	at de.uka.ilkd.key.proof.io.AbstractProblemLoader.loadEnvironment(AbstractProblemLoader.java:288)
	at de.uka.ilkd.key.proof.io.AbstractProblemLoader.load(AbstractProblemLoader.java:252)
	at de.uka.ilkd.key.control.AbstractUserInterfaceControl.load(AbstractUserInterfaceControl.java:209)
	... 7 more
Caused by: java.lang.RuntimeException: Could not find rule file rules/intRulesCheckedSemantics.key
	at de.uka.ilkd.key.proof.io.RuleSourceFactory.fromBuiltInRule(RuleSourceFactory.java:32)
	at de.uka.ilkd.key.proof.io.RuleSourceFactory.fromDefaultLocation(RuleSourceFactory.java:21)
	at de.uka.ilkd.key.nparser.builder.IncludeFinder.addInclude(IncludeFinder.java:63)
	at de.uka.ilkd.key.nparser.builder.IncludeFinder.visitOne_include(IncludeFinder.java:43)
	at de.uka.ilkd.key.nparser.builder.IncludeFinder.visitOne_include(IncludeFinder.java:20)
	at de.uka.ilkd.key.nparser.KeYParser$One_includeContext.accept(KeYParser.java:878)
	at de.uka.ilkd.key.nparser.builder.AbstractBuilder.lambda$mapOf$0(AbstractBuilder.java:112)
	at java.base/java.util.stream.ReferencePipeline$3$1.accept(ReferencePipeline.java:195)
	at java.base/java.util.ArrayList$ArrayListSpliterator.forEachRemaining(ArrayList.java:1655)
	at java.base/java.util.stream.AbstractPipeline.copyInto(AbstractPipeline.java:484)
	at java.base/java.util.stream.AbstractPipeline.wrapAndCopyInto(AbstractPipeline.java:474)
	at java.base/java.util.stream.ReduceOps$ReduceOp.evaluateSequential(ReduceOps.java:913)
	at java.base/java.util.stream.AbstractPipeline.evaluate(AbstractPipeline.java:234)
	at java.base/java.util.stream.ReferencePipeline.collect(ReferencePipeline.java:578)
	at de.uka.ilkd.key.nparser.builder.AbstractBuilder.mapOf(AbstractBuilder.java:112)
	at de.uka.ilkd.key.nparser.builder.IncludeFinder.visitOne_include_statement(IncludeFinder.java:35)
	at de.uka.ilkd.key.nparser.builder.IncludeFinder.visitOne_include_statement(IncludeFinder.java:20)
	at de.uka.ilkd.key.nparser.KeYParser$One_include_statementContext.accept(KeYParser.java:802)
	at org.antlr.v4.runtime.tree.AbstractParseTreeVisitor.visitChildren(AbstractParseTreeVisitor.java:46)
	at de.uka.ilkd.key.nparser.KeYParserBaseVisitor.visitDecls(KeYParserBaseVisitor.java:30)
	at de.uka.ilkd.key.nparser.KeYParser$DeclsContext.accept(KeYParser.java:500)
	at org.antlr.v4.runtime.tree.AbstractParseTreeVisitor.visitChildren(AbstractParseTreeVisitor.java:46)
	at de.uka.ilkd.key.nparser.KeYParserBaseVisitor.visitFile(KeYParserBaseVisitor.java:23)
	at de.uka.ilkd.key.nparser.KeYParser$FileContext.accept(KeYParser.java:306)
	at de.uka.ilkd.key.nparser.KeyAst.accept(KeyAst.java:41)
	at de.uka.ilkd.key.nparser.KeyAst$File.getIncludes(KeyAst.java:76)
	at de.uka.ilkd.key.proof.io.KeYFile.readIncludes(KeYFile.java:208)
	... 14 more
Could not find rule file rules/intRulesCheckedSemantics.key (file: /home/runner/work/key/key/key.core/../key.ui/examples/index/../InformationFlow/MiniExamples/mini.MiniExamples(mini.MiniExamples__secure_p2_5()).Non-interference contract.0.key; caused by: de.uka.ilkd.key.proof.init.ProofInputException: Could not find rule file rules/intRulesCheckedSemantics.key)
	at de.uka.ilkd.key.control.AbstractUserInterfaceControl.load(AbstractUserInterfaceControl.java:221)
	at de.uka.ilkd.key.control.KeYEnvironment.load(KeYEnvironment.java:251)
	at de.uka.ilkd.key.control.KeYEnvironment.load(KeYEnvironment.java:224)
	at de.uka.ilkd.key.control.KeYEnvironment.load(KeYEnvironment.java:184)
	at de.uka.ilkd.key.control.KeYEnvironment.load(KeYEnvironment.java:261)
	at de.uka.ilkd.key.proof.runallproofs.proofcollection.TestFile.load(TestFile.java:270)
	at de.uka.ilkd.key.proof.runallproofs.proofcollection.TestFile.runKey(TestFile.java:160)
	at de.uka.ilkd.key.proof.runallproofs.proofcollection.ForkedTestFileRunner.main(ForkedTestFileRunner.java:171)
Caused by: de.uka.ilkd.key.proof.init.ProofInputException: Could not find rule file rules/intRulesCheckedSemantics.key
	at de.uka.ilkd.key.proof.io.KeYFile.readIncludes(KeYFile.java:210)
	at de.uka.ilkd.key.proof.init.ProblemInitializer.readIncludes(ProblemInitializer.java:177)
	at de.uka.ilkd.key.proof.init.ProblemInitializer.readEnvInput(ProblemInitializer.java:325)
	at de.uka.ilkd.key.proof.init.ProblemInitializer.prepare(ProblemInitializer.java:449)
	at de.uka.ilkd.key.proof.io.AbstractProblemLoader.createInitConfig(AbstractProblemLoader.java:518)
	at de.uka.ilkd.key.proof.io.AbstractProblemLoader.loadEnvironment(AbstractProblemLoader.java:288)
	at de.uka.ilkd.key.proof.io.AbstractProblemLoader.load(AbstractProblemLoader.java:252)
	at de.uka.ilkd.key.control.AbstractUserInterfaceControl.load(AbstractUserInterfaceControl.java:209)
	... 7 more
Caused by: java.lang.RuntimeException: Could not find rule file rules/intRulesCheckedSemantics.key
	at de.uka.ilkd.key.proof.io.RuleSourceFactory.fromBuiltInRule(RuleSourceFactory.java:32)
	at de.uka.ilkd.key.proof.io.RuleSourceFactory.fromDefaultLocation(RuleSourceFactory.java:21)
	at de.uka.ilkd.key.nparser.builder.IncludeFinder.addInclude(IncludeFinder.java:63)
	at de.uka.ilkd.key.nparser.builder.IncludeFinder.visitOne_include(IncludeFinder.java:43)
	at de.uka.ilkd.key.nparser.builder.IncludeFinder.visitOne_include(IncludeFinder.java:20)
	at de.uka.ilkd.key.nparser.KeYParser$One_includeContext.accept(KeYParser.java:878)
	at de.uka.ilkd.key.nparser.builder.AbstractBuilder.lambda$mapOf$0(AbstractBuilder.java:112)
	at java.base/java.util.stream.ReferencePipeline$3$1.accept(ReferencePipeline.java:195)
	at java.base/java.util.ArrayList$ArrayListSpliterator.forEachRemaining(ArrayList.java:1655)
	at java.base/java.util.stream.AbstractPipeline.copyInto(AbstractPipeline.java:484)
	at java.base/java.util.stream.AbstractPipeline.wrapAndCopyInto(AbstractPipeline.java:474)
	at java.base/java.util.stream.ReduceOps$ReduceOp.evaluateSequential(ReduceOps.java:913)
	at java.base/java.util.stream.AbstractPipeline.evaluate(AbstractPipeline.java:234)
	at java.base/java.util.stream.ReferencePipeline.collect(ReferencePipeline.java:578)
	at de.uka.ilkd.key.nparser.builder.AbstractBuilder.mapOf(AbstractBuilder.java:112)
	at de.uka.ilkd.key.nparser.builder.IncludeFinder.visitOne_include_statement(IncludeFinder.java:35)
	at de.uka.ilkd.key.nparser.builder.IncludeFinder.visitOne_include_statement(IncludeFinder.java:20)
	at de.uka.ilkd.key.nparser.KeYParser$One_include_statementContext.accept(KeYParser.java:802)
	at org.antlr.v4.runtime.tree.AbstractParseTreeVisitor.visitChildren(AbstractParseTreeVisitor.java:46)
	at de.uka.ilkd.key.nparser.KeYParserBaseVisitor.visitDecls(KeYParserBaseVisitor.java:30)
	at de.uka.ilkd.key.nparser.KeYParser$DeclsContext.accept(KeYParser.java:500)
	at org.antlr.v4.runtime.tree.AbstractParseTreeVisitor.visitChildren(AbstractParseTreeVisitor.java:46)
	at de.uka.ilkd.key.nparser.KeYParserBaseVisitor.visitFile(KeYParserBaseVisitor.java:23)
	at de.uka.ilkd.key.nparser.KeYParser$FileContext.accept(KeYParser.java:306)
	at de.uka.ilkd.key.nparser.KeyAst.accept(KeyAst.java:41)
	at de.uka.ilkd.key.nparser.KeyAst$File.getIncludes(KeyAst.java:76)
	at de.uka.ilkd.key.proof.io.KeYFile.readIncludes(KeYFile.java:208)
	... 14 more
Could not find rule file rules/intRulesCheckedSemantics.key (file: /home/runner/work/key/key/key.core/../key.ui/examples/index/../InformationFlow/MiniExamples/mini.MiniExamples(mini.MiniExamples__secure_p2_4()).Non-interference contract.0.key; caused by: de.uka.ilkd.key.proof.init.ProofInputException: Could not find rule file rules/intRulesCheckedSemantics.key)
	at de.uka.ilkd.key.control.AbstractUserInterfaceControl.load(AbstractUserInterfaceControl.java:221)
	at de.uka.ilkd.key.control.KeYEnvironment.load(KeYEnvironment.java:251)
	at de.uka.ilkd.key.control.KeYEnvironment.load(KeYEnvironment.java:224)
	at de.uka.ilkd.key.control.KeYEnvironment.load(KeYEnvironment.java:184)
	at de.uka.ilkd.key.control.KeYEnvironment.load(KeYEnvironment.java:261)
	at de.uka.ilkd.key.proof.runallproofs.proofcollection.TestFile.load(TestFile.java:270)
	at de.uka.ilkd.key.proof.runallproofs.proofcollection.TestFile.runKey(TestFile.java:160)
	at de.uka.ilkd.key.proof.runallproofs.proofcollection.ForkedTestFileRunner.main(ForkedTestFileRunner.java:171)
Caused by: de.uka.ilkd.key.proof.init.ProofInputException: Could not find rule file rules/intRulesCheckedSemantics.key
	at de.uka.ilkd.key.proof.io.KeYFile.readIncludes(KeYFile.java:210)
	at de.uka.ilkd.key.proof.init.ProblemInitializer.readIncludes(ProblemInitializer.java:177)
	at de.uka.ilkd.key.proof.init.ProblemInitializer.readEnvInput(ProblemInitializer.java:325)
	at de.uka.ilkd.key.proof.init.ProblemInitializer.prepare(ProblemInitializer.java:449)
	at de.uka.ilkd.key.proof.io.AbstractProblemLoader.createInitConfig(AbstractProblemLoader.java:518)
	at de.uka.ilkd.key.proof.io.AbstractProblemLoader.loadEnvironment(AbstractProblemLoader.java:288)
	at de.uka.ilkd.key.proof.io.AbstractProblemLoader.load(AbstractProblemLoader.java:252)
	at de.uka.ilkd.key.control.AbstractUserInterfaceControl.load(AbstractUserInterfaceControl.java:209)
	... 7 more
Caused by: java.lang.RuntimeException: Could not find rule file rules/intRulesCheckedSemantics.key
	at de.uka.ilkd.key.proof.io.RuleSourceFactory.fromBuiltInRule(RuleSourceFactory.java:32)
	at de.uka.ilkd.key.proof.io.RuleSourceFactory.fromDefaultLocation(RuleSourceFactory.java:21)
	at de.uka.ilkd.key.nparser.builder.IncludeFinder.addInclude(IncludeFinder.java:63)
	at de.uka.ilkd.key.nparser.builder.IncludeFinder.visitOne_include(IncludeFinder.java:43)
	at de.uka.ilkd.key.nparser.builder.IncludeFinder.visitOne_include(IncludeFinder.java:20)
	at de.uka.ilkd.key.nparser.KeYParser$One_includeContext.accept(KeYParser.java:878)
	at de.uka.ilkd.key.nparser.builder.AbstractBuilder.lambda$mapOf$0(AbstractBuilder.java:112)
	at java.base/java.util.stream.ReferencePipeline$3$1.accept(ReferencePipeline.java:195)
	at java.base/java.util.ArrayList$ArrayListSpliterator.forEachRemaining(ArrayList.java:1655)
	at java.base/java.util.stream.AbstractPipeline.copyInto(AbstractPipeline.java:484)
	at java.base/java.util.stream.AbstractPipeline.wrapAndCopyInto(AbstractPipeline.java:474)
	at java.base/java.util.stream.ReduceOps$ReduceOp.evaluateSequential(ReduceOps.java:913)
	at java.base/java.util.stream.AbstractPipeline.evaluate(AbstractPipeline.java:234)
	at java.base/java.util.stream.ReferencePipeline.collect(ReferencePipeline.java:578)
	at de.uka.ilkd.key.nparser.builder.AbstractBuilder.mapOf(AbstractBuilder.java:112)
	at de.uka.ilkd.key.nparser.builder.IncludeFinder.visitOne_include_statement(IncludeFinder.java:35)
	at de.uka.ilkd.key.nparser.builder.IncludeFinder.visitOne_include_statement(IncludeFinder.java:20)
	at de.uka.ilkd.key.nparser.KeYParser$One_include_statementContext.accept(KeYParser.java:802)
	at org.antlr.v4.runtime.tree.AbstractParseTreeVisitor.visitChildren(AbstractParseTreeVisitor.java:46)
	at de.uka.ilkd.key.nparser.KeYParserBaseVisitor.visitDecls(KeYParserBaseVisitor.java:30)
	at de.uka.ilkd.key.nparser.KeYParser$DeclsContext.accept(KeYParser.java:500)
	at org.antlr.v4.runtime.tree.AbstractParseTreeVisitor.visitChildren(AbstractParseTreeVisitor.java:46)
	at de.uka.ilkd.key.nparser.KeYParserBaseVisitor.visitFile(KeYParserBaseVisitor.java:23)
	at de.uka.ilkd.key.nparser.KeYParser$FileContext.accept(KeYParser.java:306)
	at de.uka.ilkd.key.nparser.KeyAst.accept(KeyAst.java:41)
	at de.uka.ilkd.key.nparser.KeyAst$File.getIncludes(KeyAst.java:76)
	at de.uka.ilkd.key.proof.io.KeYFile.readIncludes(KeYFile.java:208)
	... 14 more
Could not find rule file rules/intRulesCheckedSemantics.key (file: /home/runner/work/key/key/key.core/../key.ui/examples/index/../InformationFlow/MiniExamples/mini.MiniExamples(mini.MiniExamples__secure_p2_3()).Non-interference contract.0.key; caused by: de.uka.ilkd.key.proof.init.ProofInputException: Could not find rule file rules/intRulesCheckedSemantics.key)
	at de.uka.ilkd.key.control.AbstractUserInterfaceControl.load(AbstractUserInterfaceControl.java:221)
	at de.uka.ilkd.key.control.KeYEnvironment.load(KeYEnvironment.java:251)
	at de.uka.ilkd.key.control.KeYEnvironment.load(KeYEnvironment.java:224)
	at de.uka.ilkd.key.control.KeYEnvironment.load(KeYEnvironment.java:184)
	at de.uka.ilkd.key.control.KeYEnvironment.load(KeYEnvironment.java:261)
	at de.uka.ilkd.key.proof.runallproofs.proofcollection.TestFile.load(TestFile.java:270)
	at de.uka.ilkd.key.proof.runallproofs.proofcollection.TestFile.runKey(TestFile.java:160)
	at de.uka.ilkd.key.proof.runallproofs.proofcollection.ForkedTestFileRunner.main(ForkedTestFileRunner.java:171)
Caused by: de.uka.ilkd.key.proof.init.ProofInputException: Could not find rule file rules/intRulesCheckedSemantics.key
	at de.uka.ilkd.key.proof.io.KeYFile.readIncludes(KeYFile.java:210)
	at de.uka.ilkd.key.proof.init.ProblemInitializer.readIncludes(ProblemInitializer.java:177)
	at de.uka.ilkd.key.proof.init.ProblemInitializer.readEnvInput(ProblemInitializer.java:325)
	at de.uka.ilkd.key.proof.init.ProblemInitializer.prepare(ProblemInitializer.java:449)
	at de.uka.ilkd.key.proof.io.AbstractProblemLoader.createInitConfig(AbstractProblemLoader.java:518)
	at de.uka.ilkd.key.proof.io.AbstractProblemLoader.loadEnvironment(AbstractProblemLoader.java:288)
	at de.uka.ilkd.key.proof.io.AbstractProblemLoader.load(AbstractProblemLoader.java:252)
	at de.uka.ilkd.key.control.AbstractUserInterfaceControl.load(AbstractUserInterfaceControl.java:209)
	... 7 more
Caused by: java.lang.RuntimeException: Could not find rule file rules/intRulesCheckedSemantics.key
	at de.uka.ilkd.key.proof.io.RuleSourceFactory.fromBuiltInRule(RuleSourceFactory.java:32)
	at de.uka.ilkd.key.proof.io.RuleSourceFactory.fromDefaultLocation(RuleSourceFactory.java:21)
	at de.uka.ilkd.key.nparser.builder.IncludeFinder.addInclude(IncludeFinder.java:63)
	at de.uka.ilkd.key.nparser.builder.IncludeFinder.visitOne_include(IncludeFinder.java:43)
	at de.uka.ilkd.key.nparser.builder.IncludeFinder.visitOne_include(IncludeFinder.java:20)
	at de.uka.ilkd.key.nparser.KeYParser$One_includeContext.accept(KeYParser.java:878)
	at de.uka.ilkd.key.nparser.builder.AbstractBuilder.lambda$mapOf$0(AbstractBuilder.java:112)
	at java.base/java.util.stream.ReferencePipeline$3$1.accept(ReferencePipeline.java:195)
	at java.base/java.util.ArrayList$ArrayListSpliterator.forEachRemaining(ArrayList.java:1655)
	at java.base/java.util.stream.AbstractPipeline.copyInto(AbstractPipeline.java:484)
	at java.base/java.util.stream.AbstractPipeline.wrapAndCopyInto(AbstractPipeline.java:474)
	at java.base/java.util.stream.ReduceOps$ReduceOp.evaluateSequential(ReduceOps.java:913)
	at java.base/java.util.stream.AbstractPipeline.evaluate(AbstractPipeline.java:234)
	at java.base/java.util.stream.ReferencePipeline.collect(ReferencePipeline.java:578)
	at de.uka.ilkd.key.nparser.builder.AbstractBuilder.mapOf(AbstractBuilder.java:112)
	at de.uka.ilkd.key.nparser.builder.IncludeFinder.visitOne_include_statement(IncludeFinder.java:35)
	at de.uka.ilkd.key.nparser.builder.IncludeFinder.visitOne_include_statement(IncludeFinder.java:20)
	at de.uka.ilkd.key.nparser.KeYParser$One_include_statementContext.accept(KeYParser.java:802)
	at org.antlr.v4.runtime.tree.AbstractParseTreeVisitor.visitChildren(AbstractParseTreeVisitor.java:46)
	at de.uka.ilkd.key.nparser.KeYParserBaseVisitor.visitDecls(KeYParserBaseVisitor.java:30)
	at de.uka.ilkd.key.nparser.KeYParser$DeclsContext.accept(KeYParser.java:500)
	at org.antlr.v4.runtime.tree.AbstractParseTreeVisitor.visitChildren(AbstractParseTreeVisitor.java:46)
	at de.uka.ilkd.key.nparser.KeYParserBaseVisitor.visitFile(KeYParserBaseVisitor.java:23)
	at de.uka.ilkd.key.nparser.KeYParser$FileContext.accept(KeYParser.java:306)
	at de.uka.ilkd.key.nparser.KeyAst.accept(KeyAst.java:41)
	at de.uka.ilkd.key.nparser.KeyAst$File.getIncludes(KeyAst.java:76)
	at de.uka.ilkd.key.proof.io.KeYFile.readIncludes(KeYFile.java:208)
	... 14 more
Could not find rule file rules/intRulesCheckedSemantics.key (file: /home/runner/work/key/key/key.core/../key.ui/examples/index/../InformationFlow/MiniExamples/mini.MiniExamples(mini.MiniExamples__secure_p2_2()).Non-interference contract.0.key; caused by: de.uka.ilkd.key.proof.init.ProofInputException: Could not find rule file rules/intRulesCheckedSemantics.key)
	at de.uka.ilkd.key.control.AbstractUserInterfaceControl.load(AbstractUserInterfaceControl.java:221)
	at de.uka.ilkd.key.control.KeYEnvironment.load(KeYEnvironment.java:251)
	at de.uka.ilkd.key.control.KeYEnvironment.load(KeYEnvironment.java:224)
	at de.uka.ilkd.key.control.KeYEnvironment.load(KeYEnvironment.java:184)
	at de.uka.ilkd.key.control.KeYEnvironment.load(KeYEnvironment.java:261)
	at de.uka.ilkd.key.proof.runallproofs.proofcollection.TestFile.load(TestFile.java:270)
	at de.uka.ilkd.key.proof.runallproofs.proofcollection.TestFile.runKey(TestFile.java:160)
	at de.uka.ilkd.key.proof.runallproofs.proofcollection.ForkedTestFileRunner.main(ForkedTestFileRunner.java:171)
Caused by: de.uka.ilkd.key.proof.init.ProofInputException: Could not find rule file rules/intRulesCheckedSemantics.key
	at de.uka.ilkd.key.proof.io.KeYFile.readIncludes(KeYFile.java:210)
	at de.uka.ilkd.key.proof.init.ProblemInitializer.readIncludes(ProblemInitializer.java:177)
	at de.uka.ilkd.key.proof.init.ProblemInitializer.readEnvInput(ProblemInitializer.java:325)
	at de.uka.ilkd.key.proof.init.ProblemInitializer.prepare(ProblemInitializer.java:449)
	at de.uka.ilkd.key.proof.io.AbstractProblemLoader.createInitConfig(AbstractProblemLoader.java:518)
	at de.uka.ilkd.key.proof.io.AbstractProblemLoader.loadEnvironment(AbstractProblemLoader.java:288)
	at de.uka.ilkd.key.proof.io.AbstractProblemLoader.load(AbstractProblemLoader.java:252)
	at de.uka.ilkd.key.control.AbstractUserInterfaceControl.load(AbstractUserInterfaceControl.java:209)
	... 7 more
Caused by: java.lang.RuntimeException: Could not find rule file rules/intRulesCheckedSemantics.key
	at de.uka.ilkd.key.proof.io.RuleSourceFactory.fromBuiltInRule(RuleSourceFactory.java:32)
	at de.uka.ilkd.key.proof.io.RuleSourceFactory.fromDefaultLocation(RuleSourceFactory.java:21)
	at de.uka.ilkd.key.nparser.builder.IncludeFinder.addInclude(IncludeFinder.java:63)
	at de.uka.ilkd.key.nparser.builder.IncludeFinder.visitOne_include(IncludeFinder.java:43)
	at de.uka.ilkd.key.nparser.builder.IncludeFinder.visitOne_include(IncludeFinder.java:20)
	at de.uka.ilkd.key.nparser.KeYParser$One_includeContext.accept(KeYParser.java:878)
	at de.uka.ilkd.key.nparser.builder.AbstractBuilder.lambda$mapOf$0(AbstractBuilder.java:112)
	at java.base/java.util.stream.ReferencePipeline$3$1.accept(ReferencePipeline.java:195)
	at java.base/java.util.ArrayList$ArrayListSpliterator.forEachRemaining(ArrayList.java:1655)
	at java.base/java.util.stream.AbstractPipeline.copyInto(AbstractPipeline.java:484)
	at java.base/java.util.stream.AbstractPipeline.wrapAndCopyInto(AbstractPipeline.java:474)
	at java.base/java.util.stream.ReduceOps$ReduceOp.evaluateSequential(ReduceOps.java:913)
	at java.base/java.util.stream.AbstractPipeline.evaluate(AbstractPipeline.java:234)
	at java.base/java.util.stream.ReferencePipeline.collect(ReferencePipeline.java:578)
	at de.uka.ilkd.key.nparser.builder.AbstractBuilder.mapOf(AbstractBuilder.java:112)
	at de.uka.ilkd.key.nparser.builder.IncludeFinder.visitOne_include_statement(IncludeFinder.java:35)
	at de.uka.ilkd.key.nparser.builder.IncludeFinder.visitOne_include_statement(IncludeFinder.java:20)
	at de.uka.ilkd.key.nparser.KeYParser$One_include_statementContext.accept(KeYParser.java:802)
	at org.antlr.v4.runtime.tree.AbstractParseTreeVisitor.visitChildren(AbstractParseTreeVisitor.java:46)
	at de.uka.ilkd.key.nparser.KeYParserBaseVisitor.visitDecls(KeYParserBaseVisitor.java:30)
	at de.uka.ilkd.key.nparser.KeYParser$DeclsContext.accept(KeYParser.java:500)
	at org.antlr.v4.runtime.tree.AbstractParseTreeVisitor.visitChildren(AbstractParseTreeVisitor.java:46)
	at de.uka.ilkd.key.nparser.KeYParserBaseVisitor.visitFile(KeYParserBaseVisitor.java:23)
	at de.uka.ilkd.key.nparser.KeYParser$FileContext.accept(KeYParser.java:306)
	at de.uka.ilkd.key.nparser.KeyAst.accept(KeyAst.java:41)
	at de.uka.ilkd.key.nparser.KeyAst$File.getIncludes(KeyAst.java:76)
	at de.uka.ilkd.key.proof.io.KeYFile.readIncludes(KeYFile.java:208)
	... 14 more
Could not find rule file rules/intRulesCheckedSemantics.key (file: /home/runner/work/key/key/key.core/../key.ui/examples/index/../InformationFlow/MiniExamples/mini.MiniExamples(mini.MiniExamples__secure_p2_1()).Non-interference contract.0.key; caused by: de.uka.ilkd.key.proof.init.ProofInputException: Could not find rule file rules/intRulesCheckedSemantics.key)
	at de.uka.ilkd.key.control.AbstractUserInterfaceControl.load(AbstractUserInterfaceControl.java:221)
	at de.uka.ilkd.key.control.KeYEnvironment.load(KeYEnvironment.java:251)
	at de.uka.ilkd.key.control.KeYEnvironment.load(KeYEnvironment.java:224)
	at de.uka.ilkd.key.control.KeYEnvironment.load(KeYEnvironment.java:184)
	at de.uka.ilkd.key.control.KeYEnvironment.load(KeYEnvironment.java:261)
	at de.uka.ilkd.key.proof.runallproofs.proofcollection.TestFile.load(TestFile.java:270)
	at de.uka.ilkd.key.proof.runallproofs.proofcollection.TestFile.runKey(TestFile.java:160)
	at de.uka.ilkd.key.proof.runallproofs.proofcollection.ForkedTestFileRunner.main(ForkedTestFileRunner.java:171)
Caused by: de.uka.ilkd.key.proof.init.ProofInputException: Could not find rule file rules/intRulesCheckedSemantics.key
	at de.uka.ilkd.key.proof.io.KeYFile.readIncludes(KeYFile.java:210)
	at de.uka.ilkd.key.proof.init.ProblemInitializer.readIncludes(ProblemInitializer.java:177)
	at de.uka.ilkd.key.proof.init.ProblemInitializer.readEnvInput(ProblemInitializer.java:325)
	at de.uka.ilkd.key.proof.init.ProblemInitializer.prepare(ProblemInitializer.java:449)
	at de.uka.ilkd.key.proof.io.AbstractProblemLoader.createInitConfig(AbstractProblemLoader.java:518)
	at de.uka.ilkd.key.proof.io.AbstractProblemLoader.loadEnvironment(AbstractProblemLoader.java:288)
	at de.uka.ilkd.key.proof.io.AbstractProblemLoader.load(AbstractProblemLoader.java:252)
	at de.uka.ilkd.key.control.AbstractUserInterfaceControl.load(AbstractUserInterfaceControl.java:209)
	... 7 more
Caused by: java.lang.RuntimeException: Could not find rule file rules/intRulesCheckedSemantics.key
	at de.uka.ilkd.key.proof.io.RuleSourceFactory.fromBuiltInRule(RuleSourceFactory.java:32)
	at de.uka.ilkd.key.proof.io.RuleSourceFactory.fromDefaultLocation(RuleSourceFactory.java:21)
	at de.uka.ilkd.key.nparser.builder.IncludeFinder.addInclude(IncludeFinder.java:63)
	at de.uka.ilkd.key.nparser.builder.IncludeFinder.visitOne_include(IncludeFinder.java:43)
	at de.uka.ilkd.key.nparser.builder.IncludeFinder.visitOne_include(IncludeFinder.java:20)
	at de.uka.ilkd.key.nparser.KeYParser$One_includeContext.accept(KeYParser.java:878)
	at de.uka.ilkd.key.nparser.builder.AbstractBuilder.lambda$mapOf$0(AbstractBuilder.java:112)
	at java.base/java.util.stream.ReferencePipeline$3$1.accept(ReferencePipeline.java:195)
	at java.base/java.util.ArrayList$ArrayListSpliterator.forEachRemaining(ArrayList.java:1655)
	at java.base/java.util.stream.AbstractPipeline.copyInto(AbstractPipeline.java:484)
	at java.base/java.util.stream.AbstractPipeline.wrapAndCopyInto(AbstractPipeline.java:474)
	at java.base/java.util.stream.ReduceOps$ReduceOp.evaluateSequential(ReduceOps.java:913)
	at java.base/java.util.stream.AbstractPipeline.evaluate(AbstractPipeline.java:234)
	at java.base/java.util.stream.ReferencePipeline.collect(ReferencePipeline.java:578)
	at de.uka.ilkd.key.nparser.builder.AbstractBuilder.mapOf(AbstractBuilder.java:112)
	at de.uka.ilkd.key.nparser.builder.IncludeFinder.visitOne_include_statement(IncludeFinder.java:35)
	at de.uka.ilkd.key.nparser.builder.IncludeFinder.visitOne_include_statement(IncludeFinder.java:20)
	at de.uka.ilkd.key.nparser.KeYParser$One_include_statementContext.accept(KeYParser.java:802)
	at org.antlr.v4.runtime.tree.AbstractParseTreeVisitor.visitChildren(AbstractParseTreeVisitor.java:46)
	at de.uka.ilkd.key.nparser.KeYParserBaseVisitor.visitDecls(KeYParserBaseVisitor.java:30)
	at de.uka.ilkd.key.nparser.KeYParser$DeclsContext.accept(KeYParser.java:500)
	at org.antlr.v4.runtime.tree.AbstractParseTreeVisitor.visitChildren(AbstractParseTreeVisitor.java:46)
	at de.uka.ilkd.key.nparser.KeYParserBaseVisitor.visitFile(KeYParserBaseVisitor.java:23)
	at de.uka.ilkd.key.nparser.KeYParser$FileContext.accept(KeYParser.java:306)
	at de.uka.ilkd.key.nparser.KeyAst.accept(KeyAst.java:41)
	at de.uka.ilkd.key.nparser.KeyAst$File.getIncludes(KeyAst.java:76)
	at de.uka.ilkd.key.proof.io.KeYFile.readIncludes(KeYFile.java:208)
	... 14 more
Could not find rule file rules/intRulesCheckedSemantics.key (file: /home/runner/work/key/key/key.core/../key.ui/examples/index/../InformationFlow/MiniExamples/mini.MiniExamples(mini.MiniExamples__insecure_p2_1()).Non-interference contract.0.key; caused by: de.uka.ilkd.key.proof.init.ProofInputException: Could not find rule file rules/intRulesCheckedSemantics.key)
	at de.uka.ilkd.key.control.AbstractUserInterfaceControl.load(AbstractUserInterfaceControl.java:221)
	at de.uka.ilkd.key.control.KeYEnvironment.load(KeYEnvironment.java:251)
	at de.uka.ilkd.key.control.KeYEnvironment.load(KeYEnvironment.java:224)
	at de.uka.ilkd.key.control.KeYEnvironment.load(KeYEnvironment.java:184)
	at de.uka.ilkd.key.control.KeYEnvironment.load(KeYEnvironment.java:261)
	at de.uka.ilkd.key.proof.runallproofs.proofcollection.TestFile.load(TestFile.java:270)
	at de.uka.ilkd.key.proof.runallproofs.proofcollection.TestFile.runKey(TestFile.java:160)
	at de.uka.ilkd.key.proof.runallproofs.proofcollection.ForkedTestFileRunner.main(ForkedTestFileRunner.java:171)
Caused by: de.uka.ilkd.key.proof.init.ProofInputException: Could not find rule file rules/intRulesCheckedSemantics.key
	at de.uka.ilkd.key.proof.io.KeYFile.readIncludes(KeYFile.java:210)
	at de.uka.ilkd.key.proof.init.ProblemInitializer.readIncludes(ProblemInitializer.java:177)
	at de.uka.ilkd.key.proof.init.ProblemInitializer.readEnvInput(ProblemInitializer.java:325)
	at de.uka.ilkd.key.proof.init.ProblemInitializer.prepare(ProblemInitializer.java:449)
	at de.uka.ilkd.key.proof.io.AbstractProblemLoader.createInitConfig(AbstractProblemLoader.java:518)
	at de.uka.ilkd.key.proof.io.AbstractProblemLoader.loadEnvironment(AbstractProblemLoader.java:288)
	at de.uka.ilkd.key.proof.io.AbstractProblemLoader.load(AbstractProblemLoader.java:252)
	at de.uka.ilkd.key.control.AbstractUserInterfaceControl.load(AbstractUserInterfaceControl.java:209)
	... 7 more
Caused by: java.lang.RuntimeException: Could not find rule file rules/intRulesCheckedSemantics.key
	at de.uka.ilkd.key.proof.io.RuleSourceFactory.fromBuiltInRule(RuleSourceFactory.java:32)
	at de.uka.ilkd.key.proof.io.RuleSourceFactory.fromDefaultLocation(RuleSourceFactory.java:21)
	at de.uka.ilkd.key.nparser.builder.IncludeFinder.addInclude(IncludeFinder.java:63)
	at de.uka.ilkd.key.nparser.builder.IncludeFinder.visitOne_include(IncludeFinder.java:43)
	at de.uka.ilkd.key.nparser.builder.IncludeFinder.visitOne_include(IncludeFinder.java:20)
	at de.uka.ilkd.key.nparser.KeYParser$One_includeContext.accept(KeYParser.java:878)
	at de.uka.ilkd.key.nparser.builder.AbstractBuilder.lambda$mapOf$0(AbstractBuilder.java:112)
	at java.base/java.util.stream.ReferencePipeline$3$1.accept(ReferencePipeline.java:195)
	at java.base/java.util.ArrayList$ArrayListSpliterator.forEachRemaining(ArrayList.java:1655)
	at java.base/java.util.stream.AbstractPipeline.copyInto(AbstractPipeline.java:484)
	at java.base/java.util.stream.AbstractPipeline.wrapAndCopyInto(AbstractPipeline.java:474)
	at java.base/java.util.stream.ReduceOps$ReduceOp.evaluateSequential(ReduceOps.java:913)
	at java.base/java.util.stream.AbstractPipeline.evaluate(AbstractPipeline.java:234)
	at java.base/java.util.stream.ReferencePipeline.collect(ReferencePipeline.java:578)
	at de.uka.ilkd.key.nparser.builder.AbstractBuilder.mapOf(AbstractBuilder.java:112)
	at de.uka.ilkd.key.nparser.builder.IncludeFinder.visitOne_include_statement(IncludeFinder.java:35)
	at de.uka.ilkd.key.nparser.builder.IncludeFinder.visitOne_include_statement(IncludeFinder.java:20)
	at de.uka.ilkd.key.nparser.KeYParser$One_include_statementContext.accept(KeYParser.java:802)
	at org.antlr.v4.runtime.tree.AbstractParseTreeVisitor.visitChildren(AbstractParseTreeVisitor.java:46)
	at de.uka.ilkd.key.nparser.KeYParserBaseVisitor.visitDecls(KeYParserBaseVisitor.java:30)
	at de.uka.ilkd.key.nparser.KeYParser$DeclsContext.accept(KeYParser.java:500)
	at org.antlr.v4.runtime.tree.AbstractParseTreeVisitor.visitChildren(AbstractParseTreeVisitor.java:46)
	at de.uka.ilkd.key.nparser.KeYParserBaseVisitor.visitFile(KeYParserBaseVisitor.java:23)
	at de.uka.ilkd.key.nparser.KeYParser$FileContext.accept(KeYParser.java:306)
	at de.uka.ilkd.key.nparser.KeyAst.accept(KeyAst.java:41)
	at de.uka.ilkd.key.nparser.KeyAst$File.getIncludes(KeyAst.java:76)
	at de.uka.ilkd.key.proof.io.KeYFile.readIncludes(KeYFile.java:208)
	... 14 more
Could not find rule file rules/intRulesCheckedSemantics.key (file: /home/runner/work/key/key/key.core/../key.ui/examples/index/../InformationFlow/MiniExamples/mini.MiniExamples(mini.MiniExamples__secure_p1_6()).Non-interference contract.0.key; caused by: de.uka.ilkd.key.proof.init.ProofInputException: Could not find rule file rules/intRulesCheckedSemantics.key)
	at de.uka.ilkd.key.control.AbstractUserInterfaceControl.load(AbstractUserInterfaceControl.java:221)
	at de.uka.ilkd.key.control.KeYEnvironment.load(KeYEnvironment.java:251)
	at de.uka.ilkd.key.control.KeYEnvironment.load(KeYEnvironment.java:224)
	at de.uka.ilkd.key.control.KeYEnvironment.load(KeYEnvironment.java:184)
	at de.uka.ilkd.key.control.KeYEnvironment.load(KeYEnvironment.java:261)
	at de.uka.ilkd.key.proof.runallproofs.proofcollection.TestFile.load(TestFile.java:270)
	at de.uka.ilkd.key.proof.runallproofs.proofcollection.TestFile.runKey(TestFile.java:160)
	at de.uka.ilkd.key.proof.runallproofs.proofcollection.ForkedTestFileRunner.main(ForkedTestFileRunner.java:171)
Caused by: de.uka.ilkd.key.proof.init.ProofInputException: Could not find rule file rules/intRulesCheckedSemantics.key
	at de.uka.ilkd.key.proof.io.KeYFile.readIncludes(KeYFile.java:210)
	at de.uka.ilkd.key.proof.init.ProblemInitializer.readIncludes(ProblemInitializer.java:177)
	at de.uka.ilkd.key.proof.init.ProblemInitializer.readEnvInput(ProblemInitializer.java:325)
	at de.uka.ilkd.key.proof.init.ProblemInitializer.prepare(ProblemInitializer.java:449)
	at de.uka.ilkd.key.proof.io.AbstractProblemLoader.createInitConfig(AbstractProblemLoader.java:518)
	at de.uka.ilkd.key.proof.io.AbstractProblemLoader.loadEnvironment(AbstractProblemLoader.java:288)
	at de.uka.ilkd.key.proof.io.AbstractProblemLoader.load(AbstractProblemLoader.java:252)
	at de.uka.ilkd.key.control.AbstractUserInterfaceControl.load(AbstractUserInterfaceControl.java:209)
	... 7 more
Caused by: java.lang.RuntimeException: Could not find rule file rules/intRulesCheckedSemantics.key
	at de.uka.ilkd.key.proof.io.RuleSourceFactory.fromBuiltInRule(RuleSourceFactory.java:32)
	at de.uka.ilkd.key.proof.io.RuleSourceFactory.fromDefaultLocation(RuleSourceFactory.java:21)
	at de.uka.ilkd.key.nparser.builder.IncludeFinder.addInclude(IncludeFinder.java:63)
	at de.uka.ilkd.key.nparser.builder.IncludeFinder.visitOne_include(IncludeFinder.java:43)
	at de.uka.ilkd.key.nparser.builder.IncludeFinder.visitOne_include(IncludeFinder.java:20)
	at de.uka.ilkd.key.nparser.KeYParser$One_includeContext.accept(KeYParser.java:878)
	at de.uka.ilkd.key.nparser.builder.AbstractBuilder.lambda$mapOf$0(AbstractBuilder.java:112)
	at java.base/java.util.stream.ReferencePipeline$3$1.accept(ReferencePipeline.java:195)
	at java.base/java.util.ArrayList$ArrayListSpliterator.forEachRemaining(ArrayList.java:1655)
	at java.base/java.util.stream.AbstractPipeline.copyInto(AbstractPipeline.java:484)
	at java.base/java.util.stream.AbstractPipeline.wrapAndCopyInto(AbstractPipeline.java:474)
	at java.base/java.util.stream.ReduceOps$ReduceOp.evaluateSequential(ReduceOps.java:913)
	at java.base/java.util.stream.AbstractPipeline.evaluate(AbstractPipeline.java:234)
	at java.base/java.util.stream.ReferencePipeline.collect(ReferencePipeline.java:578)
	at de.uka.ilkd.key.nparser.builder.AbstractBuilder.mapOf(AbstractBuilder.java:112)
	at de.uka.ilkd.key.nparser.builder.IncludeFinder.visitOne_include_statement(IncludeFinder.java:35)
	at de.uka.ilkd.key.nparser.builder.IncludeFinder.visitOne_include_statement(IncludeFinder.java:20)
	at de.uka.ilkd.key.nparser.KeYParser$One_include_statementContext.accept(KeYParser.java:802)
	at org.antlr.v4.runtime.tree.AbstractParseTreeVisitor.visitChildren(AbstractParseTreeVisitor.java:46)
	at de.uka.ilkd.key.nparser.KeYParserBaseVisitor.visitDecls(KeYParserBaseVisitor.java:30)
	at de.uka.ilkd.key.nparser.KeYParser$DeclsContext.accept(KeYParser.java:500)
	at org.antlr.v4.runtime.tree.AbstractParseTreeVisitor.visitChildren(AbstractParseTreeVisitor.java:46)
	at de.uka.ilkd.key.nparser.KeYParserBaseVisitor.visitFile(KeYParserBaseVisitor.java:23)
	at de.uka.ilkd.key.nparser.KeYParser$FileContext.accept(KeYParser.java:306)
	at de.uka.ilkd.key.nparser.KeyAst.accept(KeyAst.java:41)
	at de.uka.ilkd.key.nparser.KeyAst$File.getIncludes(KeyAst.java:76)
	at de.uka.ilkd.key.proof.io.KeYFile.readIncludes(KeYFile.java:208)
	... 14 more
Could not find rule file rules/intRulesCheckedSemantics.key (file: /home/runner/work/key/key/key.core/../key.ui/examples/index/../InformationFlow/MiniExamples/mini.MiniExamples(mini.MiniExamples__secure_p1_5()).Non-interference contract.0.key; caused by: de.uka.ilkd.key.proof.init.ProofInputException: Could not find rule file rules/intRulesCheckedSemantics.key)
	at de.uka.ilkd.key.control.AbstractUserInterfaceControl.load(AbstractUserInterfaceControl.java:221)
	at de.uka.ilkd.key.control.KeYEnvironment.load(KeYEnvironment.java:251)
	at de.uka.ilkd.key.control.KeYEnvironment.load(KeYEnvironment.java:224)
	at de.uka.ilkd.key.control.KeYEnvironment.load(KeYEnvironment.java:184)
	at de.uka.ilkd.key.control.KeYEnvironment.load(KeYEnvironment.java:261)
	at de.uka.ilkd.key.proof.runallproofs.proofcollection.TestFile.load(TestFile.java:270)
	at de.uka.ilkd.key.proof.runallproofs.proofcollection.TestFile.runKey(TestFile.java:160)
	at de.uka.ilkd.key.proof.runallproofs.proofcollection.ForkedTestFileRunner.main(ForkedTestFileRunner.java:171)
Caused by: de.uka.ilkd.key.proof.init.ProofInputException: Could not find rule file rules/intRulesCheckedSemantics.key
	at de.uka.ilkd.key.proof.io.KeYFile.readIncludes(KeYFile.java:210)
	at de.uka.ilkd.key.proof.init.ProblemInitializer.readIncludes(ProblemInitializer.java:177)
	at de.uka.ilkd.key.proof.init.ProblemInitializer.readEnvInput(ProblemInitializer.java:325)
	at de.uka.ilkd.key.proof.init.ProblemInitializer.prepare(ProblemInitializer.java:449)
	at de.uka.ilkd.key.proof.io.AbstractProblemLoader.createInitConfig(AbstractProblemLoader.java:518)
	at de.uka.ilkd.key.proof.io.AbstractProblemLoader.loadEnvironment(AbstractProblemLoader.java:288)
	at de.uka.ilkd.key.proof.io.AbstractProblemLoader.load(AbstractProblemLoader.java:252)
	at de.uka.ilkd.key.control.AbstractUserInterfaceControl.load(AbstractUserInterfaceControl.java:209)
	... 7 more
Caused by: java.lang.RuntimeException: Could not find rule file rules/intRulesCheckedSemantics.key
	at de.uka.ilkd.key.proof.io.RuleSourceFactory.fromBuiltInRule(RuleSourceFactory.java:32)
	at de.uka.ilkd.key.proof.io.RuleSourceFactory.fromDefaultLocation(RuleSourceFactory.java:21)
	at de.uka.ilkd.key.nparser.builder.IncludeFinder.addInclude(IncludeFinder.java:63)
	at de.uka.ilkd.key.nparser.builder.IncludeFinder.visitOne_include(IncludeFinder.java:43)
	at de.uka.ilkd.key.nparser.builder.IncludeFinder.visitOne_include(IncludeFinder.java:20)
	at de.uka.ilkd.key.nparser.KeYParser$One_includeContext.accept(KeYParser.java:878)
	at de.uka.ilkd.key.nparser.builder.AbstractBuilder.lambda$mapOf$0(AbstractBuilder.java:112)
	at java.base/java.util.stream.ReferencePipeline$3$1.accept(ReferencePipeline.java:195)
	at java.base/java.util.ArrayList$ArrayListSpliterator.forEachRemaining(ArrayList.java:1655)
	at java.base/java.util.stream.AbstractPipeline.copyInto(AbstractPipeline.java:484)
	at java.base/java.util.stream.AbstractPipeline.wrapAndCopyInto(AbstractPipeline.java:474)
	at java.base/java.util.stream.ReduceOps$ReduceOp.evaluateSequential(ReduceOps.java:913)
	at java.base/java.util.stream.AbstractPipeline.evaluate(AbstractPipeline.java:234)
	at java.base/java.util.stream.ReferencePipeline.collect(ReferencePipeline.java:578)
	at de.uka.ilkd.key.nparser.builder.AbstractBuilder.mapOf(AbstractBuilder.java:112)
	at de.uka.ilkd.key.nparser.builder.IncludeFinder.visitOne_include_statement(IncludeFinder.java:35)
	at de.uka.ilkd.key.nparser.builder.IncludeFinder.visitOne_include_statement(IncludeFinder.java:20)
	at de.uka.ilkd.key.nparser.KeYParser$One_include_statementContext.accept(KeYParser.java:802)
	at org.antlr.v4.runtime.tree.AbstractParseTreeVisitor.visitChildren(AbstractParseTreeVisitor.java:46)
	at de.uka.ilkd.key.nparser.KeYParserBaseVisitor.visitDecls(KeYParserBaseVisitor.java:30)
	at de.uka.ilkd.key.nparser.KeYParser$DeclsContext.accept(KeYParser.java:500)
	at org.antlr.v4.runtime.tree.AbstractParseTreeVisitor.visitChildren(AbstractParseTreeVisitor.java:46)
	at de.uka.ilkd.key.nparser.KeYParserBaseVisitor.visitFile(KeYParserBaseVisitor.java:23)
	at de.uka.ilkd.key.nparser.KeYParser$FileContext.accept(KeYParser.java:306)
	at de.uka.ilkd.key.nparser.KeyAst.accept(KeyAst.java:41)
	at de.uka.ilkd.key.nparser.KeyAst$File.getIncludes(KeyAst.java:76)
	at de.uka.ilkd.key.proof.io.KeYFile.readIncludes(KeYFile.java:208)
	... 14 more
Could not find rule file rules/intRulesCheckedSemantics.key (file: /home/runner/work/key/key/key.core/../key.ui/examples/index/../InformationFlow/MiniExamples/mini.MiniExamples(mini.MiniExamples__secure_p1_4()).Non-interference contract.0.key; caused by: de.uka.ilkd.key.proof.init.ProofInputException: Could not find rule file rules/intRulesCheckedSemantics.key)
	at de.uka.ilkd.key.control.AbstractUserInterfaceControl.load(AbstractUserInterfaceControl.java:221)
	at de.uka.ilkd.key.control.KeYEnvironment.load(KeYEnvironment.java:251)
	at de.uka.ilkd.key.control.KeYEnvironment.load(KeYEnvironment.java:224)
	at de.uka.ilkd.key.control.KeYEnvironment.load(KeYEnvironment.java:184)
	at de.uka.ilkd.key.control.KeYEnvironment.load(KeYEnvironment.java:261)
	at de.uka.ilkd.key.proof.runallproofs.proofcollection.TestFile.load(TestFile.java:270)
	at de.uka.ilkd.key.proof.runallproofs.proofcollection.TestFile.runKey(TestFile.java:160)
	at de.uka.ilkd.key.proof.runallproofs.proofcollection.ForkedTestFileRunner.main(ForkedTestFileRunner.java:171)
Caused by: de.uka.ilkd.key.proof.init.ProofInputException: Could not find rule file rules/intRulesCheckedSemantics.key
	at de.uka.ilkd.key.proof.io.KeYFile.readIncludes(KeYFile.java:210)
	at de.uka.ilkd.key.proof.init.ProblemInitializer.readIncludes(ProblemInitializer.java:177)
	at de.uka.ilkd.key.proof.init.ProblemInitializer.readEnvInput(ProblemInitializer.java:325)
	at de.uka.ilkd.key.proof.init.ProblemInitializer.prepare(ProblemInitializer.java:449)
	at de.uka.ilkd.key.proof.io.AbstractProblemLoader.createInitConfig(AbstractProblemLoader.java:518)
	at de.uka.ilkd.key.proof.io.AbstractProblemLoader.loadEnvironment(AbstractProblemLoader.java:288)
	at de.uka.ilkd.key.proof.io.AbstractProblemLoader.load(AbstractProblemLoader.java:252)
	at de.uka.ilkd.key.control.AbstractUserInterfaceControl.load(AbstractUserInterfaceControl.java:209)
	... 7 more
Caused by: java.lang.RuntimeException: Could not find rule file rules/intRulesCheckedSemantics.key
	at de.uka.ilkd.key.proof.io.RuleSourceFactory.fromBuiltInRule(RuleSourceFactory.java:32)
	at de.uka.ilkd.key.proof.io.RuleSourceFactory.fromDefaultLocation(RuleSourceFactory.java:21)
	at de.uka.ilkd.key.nparser.builder.IncludeFinder.addInclude(IncludeFinder.java:63)
	at de.uka.ilkd.key.nparser.builder.IncludeFinder.visitOne_include(IncludeFinder.java:43)
	at de.uka.ilkd.key.nparser.builder.IncludeFinder.visitOne_include(IncludeFinder.java:20)
	at de.uka.ilkd.key.nparser.KeYParser$One_includeContext.accept(KeYParser.java:878)
	at de.uka.ilkd.key.nparser.builder.AbstractBuilder.lambda$mapOf$0(AbstractBuilder.java:112)
	at java.base/java.util.stream.ReferencePipeline$3$1.accept(ReferencePipeline.java:195)
	at java.base/java.util.ArrayList$ArrayListSpliterator.forEachRemaining(ArrayList.java:1655)
	at java.base/java.util.stream.AbstractPipeline.copyInto(AbstractPipeline.java:484)
	at java.base/java.util.stream.AbstractPipeline.wrapAndCopyInto(AbstractPipeline.java:474)
	at java.base/java.util.stream.ReduceOps$ReduceOp.evaluateSequential(ReduceOps.java:913)
	at java.base/java.util.stream.AbstractPipeline.evaluate(AbstractPipeline.java:234)
	at java.base/java.util.stream.ReferencePipeline.collect(ReferencePipeline.java:578)
	at de.uka.ilkd.key.nparser.builder.AbstractBuilder.mapOf(AbstractBuilder.java:112)
	at de.uka.ilkd.key.nparser.builder.IncludeFinder.visitOne_include_statement(IncludeFinder.java:35)
	at de.uka.ilkd.key.nparser.builder.IncludeFinder.visitOne_include_statement(IncludeFinder.java:20)
	at de.uka.ilkd.key.nparser.KeYParser$One_include_statementContext.accept(KeYParser.java:802)
	at org.antlr.v4.runtime.tree.AbstractParseTreeVisitor.visitChildren(AbstractParseTreeVisitor.java:46)
	at de.uka.ilkd.key.nparser.KeYParserBaseVisitor.visitDecls(KeYParserBaseVisitor.java:30)
	at de.uka.ilkd.key.nparser.KeYParser$DeclsContext.accept(KeYParser.java:500)
	at org.antlr.v4.runtime.tree.AbstractParseTreeVisitor.visitChildren(AbstractParseTreeVisitor.java:46)
	at de.uka.ilkd.key.nparser.KeYParserBaseVisitor.visitFile(KeYParserBaseVisitor.java:23)
	at de.uka.ilkd.key.nparser.KeYParser$FileContext.accept(KeYParser.java:306)
	at de.uka.ilkd.key.nparser.KeyAst.accept(KeyAst.java:41)
	at de.uka.ilkd.key.nparser.KeyAst$File.getIncludes(KeyAst.java:76)
	at de.uka.ilkd.key.proof.io.KeYFile.readIncludes(KeYFile.java:208)
	... 14 more
Could not find rule file rules/intRulesCheckedSemantics.key (file: /home/runner/work/key/key/key.core/../key.ui/examples/index/../InformationFlow/MiniExamples/mini.MiniExamples(mini.MiniExamples__secure_p1_3()).Non-interference contract.0.key; caused by: de.uka.ilkd.key.proof.init.ProofInputException: Could not find rule file rules/intRulesCheckedSemantics.key)
	at de.uka.ilkd.key.control.AbstractUserInterfaceControl.load(AbstractUserInterfaceControl.java:221)
	at de.uka.ilkd.key.control.KeYEnvironment.load(KeYEnvironment.java:251)
	at de.uka.ilkd.key.control.KeYEnvironment.load(KeYEnvironment.java:224)
	at de.uka.ilkd.key.control.KeYEnvironment.load(KeYEnvironment.java:184)
	at de.uka.ilkd.key.control.KeYEnvironment.load(KeYEnvironment.java:261)
	at de.uka.ilkd.key.proof.runallproofs.proofcollection.TestFile.load(TestFile.java:270)
	at de.uka.ilkd.key.proof.runallproofs.proofcollection.TestFile.runKey(TestFile.java:160)
	at de.uka.ilkd.key.proof.runallproofs.proofcollection.ForkedTestFileRunner.main(ForkedTestFileRunner.java:171)
Caused by: de.uka.ilkd.key.proof.init.ProofInputException: Could not find rule file rules/intRulesCheckedSemantics.key
	at de.uka.ilkd.key.proof.io.KeYFile.readIncludes(KeYFile.java:210)
	at de.uka.ilkd.key.proof.init.ProblemInitializer.readIncludes(ProblemInitializer.java:177)
	at de.uka.ilkd.key.proof.init.ProblemInitializer.readEnvInput(ProblemInitializer.java:325)
	at de.uka.ilkd.key.proof.init.ProblemInitializer.prepare(ProblemInitializer.java:449)
	at de.uka.ilkd.key.proof.io.AbstractProblemLoader.createInitConfig(AbstractProblemLoader.java:518)
	at de.uka.ilkd.key.proof.io.AbstractProblemLoader.loadEnvironment(AbstractProblemLoader.java:288)
	at de.uka.ilkd.key.proof.io.AbstractProblemLoader.load(AbstractProblemLoader.java:252)
	at de.uka.ilkd.key.control.AbstractUserInterfaceControl.load(AbstractUserInterfaceControl.java:209)
	... 7 more
Caused by: java.lang.RuntimeException: Could not find rule file rules/intRulesCheckedSemantics.key
	at de.uka.ilkd.key.proof.io.RuleSourceFactory.fromBuiltInRule(RuleSourceFactory.java:32)
	at de.uka.ilkd.key.proof.io.RuleSourceFactory.fromDefaultLocation(RuleSourceFactory.java:21)
	at de.uka.ilkd.key.nparser.builder.IncludeFinder.addInclude(IncludeFinder.java:63)
	at de.uka.ilkd.key.nparser.builder.IncludeFinder.visitOne_include(IncludeFinder.java:43)
	at de.uka.ilkd.key.nparser.builder.IncludeFinder.visitOne_include(IncludeFinder.java:20)
	at de.uka.ilkd.key.nparser.KeYParser$One_includeContext.accept(KeYParser.java:878)
	at de.uka.ilkd.key.nparser.builder.AbstractBuilder.lambda$mapOf$0(AbstractBuilder.java:112)
	at java.base/java.util.stream.ReferencePipeline$3$1.accept(ReferencePipeline.java:195)
	at java.base/java.util.ArrayList$ArrayListSpliterator.forEachRemaining(ArrayList.java:1655)
	at java.base/java.util.stream.AbstractPipeline.copyInto(AbstractPipeline.java:484)
	at java.base/java.util.stream.AbstractPipeline.wrapAndCopyInto(AbstractPipeline.java:474)
	at java.base/java.util.stream.ReduceOps$ReduceOp.evaluateSequential(ReduceOps.java:913)
	at java.base/java.util.stream.AbstractPipeline.evaluate(AbstractPipeline.java:234)
	at java.base/java.util.stream.ReferencePipeline.collect(ReferencePipeline.java:578)
	at de.uka.ilkd.key.nparser.builder.AbstractBuilder.mapOf(AbstractBuilder.java:112)
	at de.uka.ilkd.key.nparser.builder.IncludeFinder.visitOne_include_statement(IncludeFinder.java:35)
	at de.uka.ilkd.key.nparser.builder.IncludeFinder.visitOne_include_statement(IncludeFinder.java:20)
	at de.uka.ilkd.key.nparser.KeYParser$One_include_statementContext.accept(KeYParser.java:802)
	at org.antlr.v4.runtime.tree.AbstractParseTreeVisitor.visitChildren(AbstractParseTreeVisitor.java:46)
	at de.uka.ilkd.key.nparser.KeYParserBaseVisitor.visitDecls(KeYParserBaseVisitor.java:30)
	at de.uka.ilkd.key.nparser.KeYParser$DeclsContext.accept(KeYParser.java:500)
	at org.antlr.v4.runtime.tree.AbstractParseTreeVisitor.visitChildren(AbstractParseTreeVisitor.java:46)
	at de.uka.ilkd.key.nparser.KeYParserBaseVisitor.visitFile(KeYParserBaseVisitor.java:23)
	at de.uka.ilkd.key.nparser.KeYParser$FileContext.accept(KeYParser.java:306)
	at de.uka.ilkd.key.nparser.KeyAst.accept(KeyAst.java:41)
	at de.uka.ilkd.key.nparser.KeyAst$File.getIncludes(KeyAst.java:76)
	at de.uka.ilkd.key.proof.io.KeYFile.readIncludes(KeYFile.java:208)
	... 14 more
Could not find rule file rules/intRulesCheckedSemantics.key (file: /home/runner/work/key/key/key.core/../key.ui/examples/index/../InformationFlow/MiniExamples/mini.MiniExamples(mini.MiniExamples__secure_p1_2()).Non-interference contract.0.key; caused by: de.uka.ilkd.key.proof.init.ProofInputException: Could not find rule file rules/intRulesCheckedSemantics.key)
	at de.uka.ilkd.key.control.AbstractUserInterfaceControl.load(AbstractUserInterfaceControl.java:221)
	at de.uka.ilkd.key.control.KeYEnvironment.load(KeYEnvironment.java:251)
	at de.uka.ilkd.key.control.KeYEnvironment.load(KeYEnvironment.java:224)
	at de.uka.ilkd.key.control.KeYEnvironment.load(KeYEnvironment.java:184)
	at de.uka.ilkd.key.control.KeYEnvironment.load(KeYEnvironment.java:261)
	at de.uka.ilkd.key.proof.runallproofs.proofcollection.TestFile.load(TestFile.java:270)
	at de.uka.ilkd.key.proof.runallproofs.proofcollection.TestFile.runKey(TestFile.java:160)
	at de.uka.ilkd.key.proof.runallproofs.proofcollection.ForkedTestFileRunner.main(ForkedTestFileRunner.java:171)
Caused by: de.uka.ilkd.key.proof.init.ProofInputException: Could not find rule file rules/intRulesCheckedSemantics.key
	at de.uka.ilkd.key.proof.io.KeYFile.readIncludes(KeYFile.java:210)
	at de.uka.ilkd.key.proof.init.ProblemInitializer.readIncludes(ProblemInitializer.java:177)
	at de.uka.ilkd.key.proof.init.ProblemInitializer.readEnvInput(ProblemInitializer.java:325)
	at de.uka.ilkd.key.proof.init.ProblemInitializer.prepare(ProblemInitializer.java:449)
	at de.uka.ilkd.key.proof.io.AbstractProblemLoader.createInitConfig(AbstractProblemLoader.java:518)
	at de.uka.ilkd.key.proof.io.AbstractProblemLoader.loadEnvironment(AbstractProblemLoader.java:288)
	at de.uka.ilkd.key.proof.io.AbstractProblemLoader.load(AbstractProblemLoader.java:252)
	at de.uka.ilkd.key.control.AbstractUserInterfaceControl.load(AbstractUserInterfaceControl.java:209)
	... 7 more
Caused by: java.lang.RuntimeException: Could not find rule file rules/intRulesCheckedSemantics.key
	at de.uka.ilkd.key.proof.io.RuleSourceFactory.fromBuiltInRule(RuleSourceFactory.java:32)
	at de.uka.ilkd.key.proof.io.RuleSourceFactory.fromDefaultLocation(RuleSourceFactory.java:21)
	at de.uka.ilkd.key.nparser.builder.IncludeFinder.addInclude(IncludeFinder.java:63)
	at de.uka.ilkd.key.nparser.builder.IncludeFinder.visitOne_include(IncludeFinder.java:43)
	at de.uka.ilkd.key.nparser.builder.IncludeFinder.visitOne_include(IncludeFinder.java:20)
	at de.uka.ilkd.key.nparser.KeYParser$One_includeContext.accept(KeYParser.java:878)
	at de.uka.ilkd.key.nparser.builder.AbstractBuilder.lambda$mapOf$0(AbstractBuilder.java:112)
	at java.base/java.util.stream.ReferencePipeline$3$1.accept(ReferencePipeline.java:195)
	at java.base/java.util.ArrayList$ArrayListSpliterator.forEachRemaining(ArrayList.java:1655)
	at java.base/java.util.stream.AbstractPipeline.copyInto(AbstractPipeline.java:484)
	at java.base/java.util.stream.AbstractPipeline.wrapAndCopyInto(AbstractPipeline.java:474)
	at java.base/java.util.stream.ReduceOps$ReduceOp.evaluateSequential(ReduceOps.java:913)
	at java.base/java.util.stream.AbstractPipeline.evaluate(AbstractPipeline.java:234)
	at java.base/java.util.stream.ReferencePipeline.collect(ReferencePipeline.java:578)
	at de.uka.ilkd.key.nparser.builder.AbstractBuilder.mapOf(AbstractBuilder.java:112)
	at de.uka.ilkd.key.nparser.builder.IncludeFinder.visitOne_include_statement(IncludeFinder.java:35)
	at de.uka.ilkd.key.nparser.builder.IncludeFinder.visitOne_include_statement(IncludeFinder.java:20)
	at de.uka.ilkd.key.nparser.KeYParser$One_include_statementContext.accept(KeYParser.java:802)
	at org.antlr.v4.runtime.tree.AbstractParseTreeVisitor.visitChildren(AbstractParseTreeVisitor.java:46)
	at de.uka.ilkd.key.nparser.KeYParserBaseVisitor.visitDecls(KeYParserBaseVisitor.java:30)
	at de.uka.ilkd.key.nparser.KeYParser$DeclsContext.accept(KeYParser.java:500)
	at org.antlr.v4.runtime.tree.AbstractParseTreeVisitor.visitChildren(AbstractParseTreeVisitor.java:46)
	at de.uka.ilkd.key.nparser.KeYParserBaseVisitor.visitFile(KeYParserBaseVisitor.java:23)
	at de.uka.ilkd.key.nparser.KeYParser$FileContext.accept(KeYParser.java:306)
	at de.uka.ilkd.key.nparser.KeyAst.accept(KeyAst.java:41)
	at de.uka.ilkd.key.nparser.KeyAst$File.getIncludes(KeyAst.java:76)
	at de.uka.ilkd.key.proof.io.KeYFile.readIncludes(KeYFile.java:208)
	... 14 more
Could not find rule file rules/intRulesCheckedSemantics.key (file: /home/runner/work/key/key/key.core/../key.ui/examples/index/../InformationFlow/MiniExamples/mini.MiniExamples(mini.MiniExamples__secure_p1_1()).Non-interference contract.1.key; caused by: de.uka.ilkd.key.proof.init.ProofInputException: Could not find rule file rules/intRulesCheckedSemantics.key)
	at de.uka.ilkd.key.control.AbstractUserInterfaceControl.load(AbstractUserInterfaceControl.java:221)
	at de.uka.ilkd.key.control.KeYEnvironment.load(KeYEnvironment.java:251)
	at de.uka.ilkd.key.control.KeYEnvironment.load(KeYEnvironment.java:224)
	at de.uka.ilkd.key.control.KeYEnvironment.load(KeYEnvironment.java:184)
	at de.uka.ilkd.key.control.KeYEnvironment.load(KeYEnvironment.java:261)
	at de.uka.ilkd.key.proof.runallproofs.proofcollection.TestFile.load(TestFile.java:270)
	at de.uka.ilkd.key.proof.runallproofs.proofcollection.TestFile.runKey(TestFile.java:160)
	at de.uka.ilkd.key.proof.runallproofs.proofcollection.ForkedTestFileRunner.main(ForkedTestFileRunner.java:171)
Caused by: de.uka.ilkd.key.proof.init.ProofInputException: Could not find rule file rules/intRulesCheckedSemantics.key
	at de.uka.ilkd.key.proof.io.KeYFile.readIncludes(KeYFile.java:210)
	at de.uka.ilkd.key.proof.init.ProblemInitializer.readIncludes(ProblemInitializer.java:177)
	at de.uka.ilkd.key.proof.init.ProblemInitializer.readEnvInput(ProblemInitializer.java:325)
	at de.uka.ilkd.key.proof.init.ProblemInitializer.prepare(ProblemInitializer.java:449)
	at de.uka.ilkd.key.proof.io.AbstractProblemLoader.createInitConfig(AbstractProblemLoader.java:518)
	at de.uka.ilkd.key.proof.io.AbstractProblemLoader.loadEnvironment(AbstractProblemLoader.java:288)
	at de.uka.ilkd.key.proof.io.AbstractProblemLoader.load(AbstractProblemLoader.java:252)
	at de.uka.ilkd.key.control.AbstractUserInterfaceControl.load(AbstractUserInterfaceControl.java:209)
	... 7 more
Caused by: java.lang.RuntimeException: Could not find rule file rules/intRulesCheckedSemantics.key
	at de.uka.ilkd.key.proof.io.RuleSourceFactory.fromBuiltInRule(RuleSourceFactory.java:32)
	at de.uka.ilkd.key.proof.io.RuleSourceFactory.fromDefaultLocation(RuleSourceFactory.java:21)
	at de.uka.ilkd.key.nparser.builder.IncludeFinder.addInclude(IncludeFinder.java:63)
	at de.uka.ilkd.key.nparser.builder.IncludeFinder.visitOne_include(IncludeFinder.java:43)
	at de.uka.ilkd.key.nparser.builder.IncludeFinder.visitOne_include(IncludeFinder.java:20)
	at de.uka.ilkd.key.nparser.KeYParser$One_includeContext.accept(KeYParser.java:878)
	at de.uka.ilkd.key.nparser.builder.AbstractBuilder.lambda$mapOf$0(AbstractBuilder.java:112)
	at java.base/java.util.stream.ReferencePipeline$3$1.accept(ReferencePipeline.java:195)
	at java.base/java.util.ArrayList$ArrayListSpliterator.forEachRemaining(ArrayList.java:1655)
	at java.base/java.util.stream.AbstractPipeline.copyInto(AbstractPipeline.java:484)
	at java.base/java.util.stream.AbstractPipeline.wrapAndCopyInto(AbstractPipeline.java:474)
	at java.base/java.util.stream.ReduceOps$ReduceOp.evaluateSequential(ReduceOps.java:913)
	at java.base/java.util.stream.AbstractPipeline.evaluate(AbstractPipeline.java:234)
	at java.base/java.util.stream.ReferencePipeline.collect(ReferencePipeline.java:578)
	at de.uka.ilkd.key.nparser.builder.AbstractBuilder.mapOf(AbstractBuilder.java:112)
	at de.uka.ilkd.key.nparser.builder.IncludeFinder.visitOne_include_statement(IncludeFinder.java:35)
	at de.uka.ilkd.key.nparser.builder.IncludeFinder.visitOne_include_statement(IncludeFinder.java:20)
	at de.uka.ilkd.key.nparser.KeYParser$One_include_statementContext.accept(KeYParser.java:802)
	at org.antlr.v4.runtime.tree.AbstractParseTreeVisitor.visitChildren(AbstractParseTreeVisitor.java:46)
	at de.uka.ilkd.key.nparser.KeYParserBaseVisitor.visitDecls(KeYParserBaseVisitor.java:30)
	at de.uka.ilkd.key.nparser.KeYParser$DeclsContext.accept(KeYParser.java:500)
	at org.antlr.v4.runtime.tree.AbstractParseTreeVisitor.visitChildren(AbstractParseTreeVisitor.java:46)
	at de.uka.ilkd.key.nparser.KeYParserBaseVisitor.visitFile(KeYParserBaseVisitor.java:23)
	at de.uka.ilkd.key.nparser.KeYParser$FileContext.accept(KeYParser.java:306)
	at de.uka.ilkd.key.nparser.KeyAst.accept(KeyAst.java:41)
	at de.uka.ilkd.key.nparser.KeyAst$File.getIncludes(KeyAst.java:76)
	at de.uka.ilkd.key.proof.io.KeYFile.readIncludes(KeYFile.java:208)
	... 14 more
Could not find rule file rules/intRulesCheckedSemantics.key (file: /home/runner/work/key/key/key.core/../key.ui/examples/index/../InformationFlow/MiniExamples/mini.MiniExamples(mini.MiniExamples__secure_p1_1()).Non-interference contract.0.key; caused by: de.uka.ilkd.key.proof.init.ProofInputException: Could not find rule file rules/intRulesCheckedSemantics.key)
	at de.uka.ilkd.key.control.AbstractUserInterfaceControl.load(AbstractUserInterfaceControl.java:221)
	at de.uka.ilkd.key.control.KeYEnvironment.load(KeYEnvironment.java:251)
	at de.uka.ilkd.key.control.KeYEnvironment.load(KeYEnvironment.java:224)
	at de.uka.ilkd.key.control.KeYEnvironment.load(KeYEnvironment.java:184)
	at de.uka.ilkd.key.control.KeYEnvironment.load(KeYEnvironment.java:261)
	at de.uka.ilkd.key.proof.runallproofs.proofcollection.TestFile.load(TestFile.java:270)
	at de.uka.ilkd.key.proof.runallproofs.proofcollection.TestFile.runKey(TestFile.java:160)
	at de.uka.ilkd.key.proof.runallproofs.proofcollection.ForkedTestFileRunner.main(ForkedTestFileRunner.java:171)
Caused by: de.uka.ilkd.key.proof.init.ProofInputException: Could not find rule file rules/intRulesCheckedSemantics.key
	at de.uka.ilkd.key.proof.io.KeYFile.readIncludes(KeYFile.java:210)
	at de.uka.ilkd.key.proof.init.ProblemInitializer.readIncludes(ProblemInitializer.java:177)
	at de.uka.ilkd.key.proof.init.ProblemInitializer.readEnvInput(ProblemInitializer.java:325)
	at de.uka.ilkd.key.proof.init.ProblemInitializer.prepare(ProblemInitializer.java:449)
	at de.uka.ilkd.key.proof.io.AbstractProblemLoader.createInitConfig(AbstractProblemLoader.java:518)
	at de.uka.ilkd.key.proof.io.AbstractProblemLoader.loadEnvironment(AbstractProblemLoader.java:288)
	at de.uka.ilkd.key.proof.io.AbstractProblemLoader.load(AbstractProblemLoader.java:252)
	at de.uka.ilkd.key.control.AbstractUserInterfaceControl.load(AbstractUserInterfaceControl.java:209)
	... 7 more
Caused by: java.lang.RuntimeException: Could not find rule file rules/intRulesCheckedSemantics.key
	at de.uka.ilkd.key.proof.io.RuleSourceFactory.fromBuiltInRule(RuleSourceFactory.java:32)
	at de.uka.ilkd.key.proof.io.RuleSourceFactory.fromDefaultLocation(RuleSourceFactory.java:21)
	at de.uka.ilkd.key.nparser.builder.IncludeFinder.addInclude(IncludeFinder.java:63)
	at de.uka.ilkd.key.nparser.builder.IncludeFinder.visitOne_include(IncludeFinder.java:43)
	at de.uka.ilkd.key.nparser.builder.IncludeFinder.visitOne_include(IncludeFinder.java:20)
	at de.uka.ilkd.key.nparser.KeYParser$One_includeContext.accept(KeYParser.java:878)
	at de.uka.ilkd.key.nparser.builder.AbstractBuilder.lambda$mapOf$0(AbstractBuilder.java:112)
	at java.base/java.util.stream.ReferencePipeline$3$1.accept(ReferencePipeline.java:195)
	at java.base/java.util.ArrayList$ArrayListSpliterator.forEachRemaining(ArrayList.java:1655)
	at java.base/java.util.stream.AbstractPipeline.copyInto(AbstractPipeline.java:484)
	at java.base/java.util.stream.AbstractPipeline.wrapAndCopyInto(AbstractPipeline.java:474)
	at java.base/java.util.stream.ReduceOps$ReduceOp.evaluateSequential(ReduceOps.java:913)
	at java.base/java.util.stream.AbstractPipeline.evaluate(AbstractPipeline.java:234)
	at java.base/java.util.stream.ReferencePipeline.collect(ReferencePipeline.java:578)
	at de.uka.ilkd.key.nparser.builder.AbstractBuilder.mapOf(AbstractBuilder.java:112)
	at de.uka.ilkd.key.nparser.builder.IncludeFinder.visitOne_include_statement(IncludeFinder.java:35)
	at de.uka.ilkd.key.nparser.builder.IncludeFinder.visitOne_include_statement(IncludeFinder.java:20)
	at de.uka.ilkd.key.nparser.KeYParser$One_include_statementContext.accept(KeYParser.java:802)
	at org.antlr.v4.runtime.tree.AbstractParseTreeVisitor.visitChildren(AbstractParseTreeVisitor.java:46)
	at de.uka.ilkd.key.nparser.KeYParserBaseVisitor.visitDecls(KeYParserBaseVisitor.java:30)
	at de.uka.ilkd.key.nparser.KeYParser$DeclsContext.accept(KeYParser.java:500)
	at org.antlr.v4.runtime.tree.AbstractParseTreeVisitor.visitChildren(AbstractParseTreeVisitor.java:46)
	at de.uka.ilkd.key.nparser.KeYParserBaseVisitor.visitFile(KeYParserBaseVisitor.java:23)
	at de.uka.ilkd.key.nparser.KeYParser$FileContext.accept(KeYParser.java:306)
	at de.uka.ilkd.key.nparser.KeyAst.accept(KeyAst.java:41)
	at de.uka.ilkd.key.nparser.KeyAst$File.getIncludes(KeyAst.java:76)
	at de.uka.ilkd.key.proof.io.KeYFile.readIncludes(KeYFile.java:208)
	... 14 more
Could not find rule file rules/intRulesCheckedSemantics.key (file: /home/runner/work/key/key/key.core/../key.ui/examples/index/../InformationFlow/MiniExamples/mini.MiniExamples(mini.MiniExamples__insecure_p1_2()).Non-interference contract.0.key; caused by: de.uka.ilkd.key.proof.init.ProofInputException: Could not find rule file rules/intRulesCheckedSemantics.key)
	at de.uka.ilkd.key.control.AbstractUserInterfaceControl.load(AbstractUserInterfaceControl.java:221)
	at de.uka.ilkd.key.control.KeYEnvironment.load(KeYEnvironment.java:251)
	at de.uka.ilkd.key.control.KeYEnvironment.load(KeYEnvironment.java:224)
	at de.uka.ilkd.key.control.KeYEnvironment.load(KeYEnvironment.java:184)
	at de.uka.ilkd.key.control.KeYEnvironment.load(KeYEnvironment.java:261)
	at de.uka.ilkd.key.proof.runallproofs.proofcollection.TestFile.load(TestFile.java:270)
	at de.uka.ilkd.key.proof.runallproofs.proofcollection.TestFile.runKey(TestFile.java:160)
	at de.uka.ilkd.key.proof.runallproofs.proofcollection.ForkedTestFileRunner.main(ForkedTestFileRunner.java:171)
Caused by: de.uka.ilkd.key.proof.init.ProofInputException: Could not find rule file rules/intRulesCheckedSemantics.key
	at de.uka.ilkd.key.proof.io.KeYFile.readIncludes(KeYFile.java:210)
	at de.uka.ilkd.key.proof.init.ProblemInitializer.readIncludes(ProblemInitializer.java:177)
	at de.uka.ilkd.key.proof.init.ProblemInitializer.readEnvInput(ProblemInitializer.java:325)
	at de.uka.ilkd.key.proof.init.ProblemInitializer.prepare(ProblemInitializer.java:449)
	at de.uka.ilkd.key.proof.io.AbstractProblemLoader.createInitConfig(AbstractProblemLoader.java:518)
	at de.uka.ilkd.key.proof.io.AbstractProblemLoader.loadEnvironment(AbstractProblemLoader.java:288)
	at de.uka.ilkd.key.proof.io.AbstractProblemLoader.load(AbstractProblemLoader.java:252)
	at de.uka.ilkd.key.control.AbstractUserInterfaceControl.load(AbstractUserInterfaceControl.java:209)
	... 7 more
Caused by: java.lang.RuntimeException: Could not find rule file rules/intRulesCheckedSemantics.key
	at de.uka.ilkd.key.proof.io.RuleSourceFactory.fromBuiltInRule(RuleSourceFactory.java:32)
	at de.uka.ilkd.key.proof.io.RuleSourceFactory.fromDefaultLocation(RuleSourceFactory.java:21)
	at de.uka.ilkd.key.nparser.builder.IncludeFinder.addInclude(IncludeFinder.java:63)
	at de.uka.ilkd.key.nparser.builder.IncludeFinder.visitOne_include(IncludeFinder.java:43)
	at de.uka.ilkd.key.nparser.builder.IncludeFinder.visitOne_include(IncludeFinder.java:20)
	at de.uka.ilkd.key.nparser.KeYParser$One_includeContext.accept(KeYParser.java:878)
	at de.uka.ilkd.key.nparser.builder.AbstractBuilder.lambda$mapOf$0(AbstractBuilder.java:112)
	at java.base/java.util.stream.ReferencePipeline$3$1.accept(ReferencePipeline.java:195)
	at java.base/java.util.ArrayList$ArrayListSpliterator.forEachRemaining(ArrayList.java:1655)
	at java.base/java.util.stream.AbstractPipeline.copyInto(AbstractPipeline.java:484)
	at java.base/java.util.stream.AbstractPipeline.wrapAndCopyInto(AbstractPipeline.java:474)
	at java.base/java.util.stream.ReduceOps$ReduceOp.evaluateSequential(ReduceOps.java:913)
	at java.base/java.util.stream.AbstractPipeline.evaluate(AbstractPipeline.java:234)
	at java.base/java.util.stream.ReferencePipeline.collect(ReferencePipeline.java:578)
	at de.uka.ilkd.key.nparser.builder.AbstractBuilder.mapOf(AbstractBuilder.java:112)
	at de.uka.ilkd.key.nparser.builder.IncludeFinder.visitOne_include_statement(IncludeFinder.java:35)
	at de.uka.ilkd.key.nparser.builder.IncludeFinder.visitOne_include_statement(IncludeFinder.java:20)
	at de.uka.ilkd.key.nparser.KeYParser$One_include_statementContext.accept(KeYParser.java:802)
	at org.antlr.v4.runtime.tree.AbstractParseTreeVisitor.visitChildren(AbstractParseTreeVisitor.java:46)
	at de.uka.ilkd.key.nparser.KeYParserBaseVisitor.visitDecls(KeYParserBaseVisitor.java:30)
	at de.uka.ilkd.key.nparser.KeYParser$DeclsContext.accept(KeYParser.java:500)
	at org.antlr.v4.runtime.tree.AbstractParseTreeVisitor.visitChildren(AbstractParseTreeVisitor.java:46)
	at de.uka.ilkd.key.nparser.KeYParserBaseVisitor.visitFile(KeYParserBaseVisitor.java:23)
	at de.uka.ilkd.key.nparser.KeYParser$FileContext.accept(KeYParser.java:306)
	at de.uka.ilkd.key.nparser.KeyAst.accept(KeyAst.java:41)
	at de.uka.ilkd.key.nparser.KeyAst$File.getIncludes(KeyAst.java:76)
	at de.uka.ilkd.key.proof.io.KeYFile.readIncludes(KeYFile.java:208)
	... 14 more
Could not find rule file rules/intRulesCheckedSemantics.key (file: /home/runner/work/key/key/key.core/../key.ui/examples/index/../InformationFlow/MiniExamples/mini.MiniExamples(mini.MiniExamples__insecure_p1_1()).Non-interference contract.0.key; caused by: de.uka.ilkd.key.proof.init.ProofInputException: Could not find rule file rules/intRulesCheckedSemantics.key)
	at de.uka.ilkd.key.control.AbstractUserInterfaceControl.load(AbstractUserInterfaceControl.java:221)
	at de.uka.ilkd.key.control.KeYEnvironment.load(KeYEnvironment.java:251)
	at de.uka.ilkd.key.control.KeYEnvironment.load(KeYEnvironment.java:224)
	at de.uka.ilkd.key.control.KeYEnvironment.load(KeYEnvironment.java:184)
	at de.uka.ilkd.key.control.KeYEnvironment.load(KeYEnvironment.java:261)
	at de.uka.ilkd.key.proof.runallproofs.proofcollection.TestFile.load(TestFile.java:270)
	at de.uka.ilkd.key.proof.runallproofs.proofcollection.TestFile.runKey(TestFile.java:160)
	at de.uka.ilkd.key.proof.runallproofs.proofcollection.ForkedTestFileRunner.main(ForkedTestFileRunner.java:171)
Caused by: de.uka.ilkd.key.proof.init.ProofInputException: Could not find rule file rules/intRulesCheckedSemantics.key
	at de.uka.ilkd.key.proof.io.KeYFile.readIncludes(KeYFile.java:210)
	at de.uka.ilkd.key.proof.init.ProblemInitializer.readIncludes(ProblemInitializer.java:177)
	at de.uka.ilkd.key.proof.init.ProblemInitializer.readEnvInput(ProblemInitializer.java:325)
	at de.uka.ilkd.key.proof.init.ProblemInitializer.prepare(ProblemInitializer.java:449)
	at de.uka.ilkd.key.proof.io.AbstractProblemLoader.createInitConfig(AbstractProblemLoader.java:518)
	at de.uka.ilkd.key.proof.io.AbstractProblemLoader.loadEnvironment(AbstractProblemLoader.java:288)
	at de.uka.ilkd.key.proof.io.AbstractProblemLoader.load(AbstractProblemLoader.java:252)
	at de.uka.ilkd.key.control.AbstractUserInterfaceControl.load(AbstractUserInterfaceControl.java:209)
	... 7 more
Caused by: java.lang.RuntimeException: Could not find rule file rules/intRulesCheckedSemantics.key
	at de.uka.ilkd.key.proof.io.RuleSourceFactory.fromBuiltInRule(RuleSourceFactory.java:32)
	at de.uka.ilkd.key.proof.io.RuleSourceFactory.fromDefaultLocation(RuleSourceFactory.java:21)
	at de.uka.ilkd.key.nparser.builder.IncludeFinder.addInclude(IncludeFinder.java:63)
	at de.uka.ilkd.key.nparser.builder.IncludeFinder.visitOne_include(IncludeFinder.java:43)
	at de.uka.ilkd.key.nparser.builder.IncludeFinder.visitOne_include(IncludeFinder.java:20)
	at de.uka.ilkd.key.nparser.KeYParser$One_includeContext.accept(KeYParser.java:878)
	at de.uka.ilkd.key.nparser.builder.AbstractBuilder.lambda$mapOf$0(AbstractBuilder.java:112)
	at java.base/java.util.stream.ReferencePipeline$3$1.accept(ReferencePipeline.java:195)
	at java.base/java.util.ArrayList$ArrayListSpliterator.forEachRemaining(ArrayList.java:1655)
	at java.base/java.util.stream.AbstractPipeline.copyInto(AbstractPipeline.java:484)
	at java.base/java.util.stream.AbstractPipeline.wrapAndCopyInto(AbstractPipeline.java:474)
	at java.base/java.util.stream.ReduceOps$ReduceOp.evaluateSequential(ReduceOps.java:913)
	at java.base/java.util.stream.AbstractPipeline.evaluate(AbstractPipeline.java:234)
	at java.base/java.util.stream.ReferencePipeline.collect(ReferencePipeline.java:578)
	at de.uka.ilkd.key.nparser.builder.AbstractBuilder.mapOf(AbstractBuilder.java:112)
	at de.uka.ilkd.key.nparser.builder.IncludeFinder.visitOne_include_statement(IncludeFinder.java:35)
	at de.uka.ilkd.key.nparser.builder.IncludeFinder.visitOne_include_statement(IncludeFinder.java:20)
	at de.uka.ilkd.key.nparser.KeYParser$One_include_statementContext.accept(KeYParser.java:802)
	at org.antlr.v4.runtime.tree.AbstractParseTreeVisitor.visitChildren(AbstractParseTreeVisitor.java:46)
	at de.uka.ilkd.key.nparser.KeYParserBaseVisitor.visitDecls(KeYParserBaseVisitor.java:30)
	at de.uka.ilkd.key.nparser.KeYParser$DeclsContext.accept(KeYParser.java:500)
	at org.antlr.v4.runtime.tree.AbstractParseTreeVisitor.visitChildren(AbstractParseTreeVisitor.java:46)
	at de.uka.ilkd.key.nparser.KeYParserBaseVisitor.visitFile(KeYParserBaseVisitor.java:23)
	at de.uka.ilkd.key.nparser.KeYParser$FileContext.accept(KeYParser.java:306)
	at de.uka.ilkd.key.nparser.KeyAst.accept(KeyAst.java:41)
	at de.uka.ilkd.key.nparser.KeyAst$File.getIncludes(KeyAst.java:76)
	at de.uka.ilkd.key.proof.io.KeYFile.readIncludes(KeYFile.java:208)
	... 14 more
Exception in thread "main" org.opentest4j.AssertionFailedError: Exception during the execution of proofs. See log for more details.
	at org.junit.jupiter.api.AssertionUtils.fail(AssertionUtils.java:39)
	at org.junit.jupiter.api.Assertions.fail(Assertions.java:134)
	at de.uka.ilkd.key.proof.runallproofs.proofcollection.ForkedTestFileRunner.main(ForkedTestFileRunner.java:192)
Timeout watcher launched (1000 secs.)
Could not find rule file rules/intRulesCheckedSemantics.key (file: /home/runner/work/key/key/key.core/../key.ui/examples/index/../InformationFlow/NewObjects/object.AmtoftBanerjee3(object.AmtoftBanerjee3__m()).Non-interference contract.0.key; caused by: de.uka.ilkd.key.proof.init.ProofInputException: Could not find rule file rules/intRulesCheckedSemantics.key)
	at de.uka.ilkd.key.control.AbstractUserInterfaceControl.load(AbstractUserInterfaceControl.java:221)
	at de.uka.ilkd.key.control.KeYEnvironment.load(KeYEnvironment.java:251)
	at de.uka.ilkd.key.control.KeYEnvironment.load(KeYEnvironment.java:224)
	at de.uka.ilkd.key.control.KeYEnvironment.load(KeYEnvironment.java:184)
	at de.uka.ilkd.key.control.KeYEnvironment.load(KeYEnvironment.java:261)
	at de.uka.ilkd.key.proof.runallproofs.proofcollection.TestFile.load(TestFile.java:270)
	at de.uka.ilkd.key.proof.runallproofs.proofcollection.TestFile.runKey(TestFile.java:160)
	at de.uka.ilkd.key.proof.runallproofs.proofcollection.ForkedTestFileRunner.main(ForkedTestFileRunner.java:171)
Caused by: de.uka.ilkd.key.proof.init.ProofInputException: Could not find rule file rules/intRulesCheckedSemantics.key
	at de.uka.ilkd.key.proof.io.KeYFile.readIncludes(KeYFile.java:210)
	at de.uka.ilkd.key.proof.init.ProblemInitializer.readIncludes(ProblemInitializer.java:177)
	at de.uka.ilkd.key.proof.init.ProblemInitializer.readEnvInput(ProblemInitializer.java:325)
	at de.uka.ilkd.key.proof.init.ProblemInitializer.prepare(ProblemInitializer.java:449)
	at de.uka.ilkd.key.proof.io.AbstractProblemLoader.createInitConfig(AbstractProblemLoader.java:518)
	at de.uka.ilkd.key.proof.io.AbstractProblemLoader.loadEnvironment(AbstractProblemLoader.java:288)
	at de.uka.ilkd.key.proof.io.AbstractProblemLoader.load(AbstractProblemLoader.java:252)
	at de.uka.ilkd.key.control.AbstractUserInterfaceControl.load(AbstractUserInterfaceControl.java:209)
	... 7 more
Caused by: java.lang.RuntimeException: Could not find rule file rules/intRulesCheckedSemantics.key
	at de.uka.ilkd.key.proof.io.RuleSourceFactory.fromBuiltInRule(RuleSourceFactory.java:32)
	at de.uka.ilkd.key.proof.io.RuleSourceFactory.fromDefaultLocation(RuleSourceFactory.java:21)
	at de.uka.ilkd.key.nparser.builder.IncludeFinder.addInclude(IncludeFinder.java:63)
	at de.uka.ilkd.key.nparser.builder.IncludeFinder.visitOne_include(IncludeFinder.java:43)
	at de.uka.ilkd.key.nparser.builder.IncludeFinder.visitOne_include(IncludeFinder.java:20)
	at de.uka.ilkd.key.nparser.KeYParser$One_includeContext.accept(KeYParser.java:878)
	at de.uka.ilkd.key.nparser.builder.AbstractBuilder.lambda$mapOf$0(AbstractBuilder.java:112)
	at java.base/java.util.stream.ReferencePipeline$3$1.accept(ReferencePipeline.java:195)
	at java.base/java.util.ArrayList$ArrayListSpliterator.forEachRemaining(ArrayList.java:1655)
	at java.base/java.util.stream.AbstractPipeline.copyInto(AbstractPipeline.java:484)
	at java.base/java.util.stream.AbstractPipeline.wrapAndCopyInto(AbstractPipeline.java:474)
	at java.base/java.util.stream.ReduceOps$ReduceOp.evaluateSequential(ReduceOps.java:913)
	at java.base/java.util.stream.AbstractPipeline.evaluate(AbstractPipeline.java:234)
	at java.base/java.util.stream.ReferencePipeline.collect(ReferencePipeline.java:578)
	at de.uka.ilkd.key.nparser.builder.AbstractBuilder.mapOf(AbstractBuilder.java:112)
	at de.uka.ilkd.key.nparser.builder.IncludeFinder.visitOne_include_statement(IncludeFinder.java:35)
	at de.uka.ilkd.key.nparser.builder.IncludeFinder.visitOne_include_statement(IncludeFinder.java:20)
	at de.uka.ilkd.key.nparser.KeYParser$One_include_statementContext.accept(KeYParser.java:802)
	at org.antlr.v4.runtime.tree.AbstractParseTreeVisitor.visitChildren(AbstractParseTreeVisitor.java:46)
	at de.uka.ilkd.key.nparser.KeYParserBaseVisitor.visitDecls(KeYParserBaseVisitor.java:30)
	at de.uka.ilkd.key.nparser.KeYParser$DeclsContext.accept(KeYParser.java:500)
	at org.antlr.v4.runtime.tree.AbstractParseTreeVisitor.visitChildren(AbstractParseTreeVisitor.java:46)
	at de.uka.ilkd.key.nparser.KeYParserBaseVisitor.visitFile(KeYParserBaseVisitor.java:23)
	at de.uka.ilkd.key.nparser.KeYParser$FileContext.accept(KeYParser.java:306)
	at de.uka.ilkd.key.nparser.KeyAst.accept(KeyAst.java:41)
	at de.uka.ilkd.key.nparser.KeyAst$File.getIncludes(KeyAst.java:76)
	at de.uka.ilkd.key.proof.io.KeYFile.readIncludes(KeYFile.java:208)
	... 14 more
Could not find rule file rules/intRulesCheckedSemantics.key (file: /home/runner/work/key/key/key.core/../key.ui/examples/index/../InformationFlow/NewObjects/object.AmtoftBanerjee(object.AmtoftBanerjee__m_2()).Non-interference contract.0.key; caused by: de.uka.ilkd.key.proof.init.ProofInputException: Could not find rule file rules/intRulesCheckedSemantics.key)
	at de.uka.ilkd.key.control.AbstractUserInterfaceControl.load(AbstractUserInterfaceControl.java:221)
	at de.uka.ilkd.key.control.KeYEnvironment.load(KeYEnvironment.java:251)
	at de.uka.ilkd.key.control.KeYEnvironment.load(KeYEnvironment.java:224)
	at de.uka.ilkd.key.control.KeYEnvironment.load(KeYEnvironment.java:184)
	at de.uka.ilkd.key.control.KeYEnvironment.load(KeYEnvironment.java:261)
	at de.uka.ilkd.key.proof.runallproofs.proofcollection.TestFile.load(TestFile.java:270)
	at de.uka.ilkd.key.proof.runallproofs.proofcollection.TestFile.runKey(TestFile.java:160)
	at de.uka.ilkd.key.proof.runallproofs.proofcollection.ForkedTestFileRunner.main(ForkedTestFileRunner.java:171)
Caused by: de.uka.ilkd.key.proof.init.ProofInputException: Could not find rule file rules/intRulesCheckedSemantics.key
	at de.uka.ilkd.key.proof.io.KeYFile.readIncludes(KeYFile.java:210)
	at de.uka.ilkd.key.proof.init.ProblemInitializer.readIncludes(ProblemInitializer.java:177)
	at de.uka.ilkd.key.proof.init.ProblemInitializer.readEnvInput(ProblemInitializer.java:325)
	at de.uka.ilkd.key.proof.init.ProblemInitializer.prepare(ProblemInitializer.java:449)
	at de.uka.ilkd.key.proof.io.AbstractProblemLoader.createInitConfig(AbstractProblemLoader.java:518)
	at de.uka.ilkd.key.proof.io.AbstractProblemLoader.loadEnvironment(AbstractProblemLoader.java:288)
	at de.uka.ilkd.key.proof.io.AbstractProblemLoader.load(AbstractProblemLoader.java:252)
	at de.uka.ilkd.key.control.AbstractUserInterfaceControl.load(AbstractUserInterfaceControl.java:209)
	... 7 more
Caused by: java.lang.RuntimeException: Could not find rule file rules/intRulesCheckedSemantics.key
	at de.uka.ilkd.key.proof.io.RuleSourceFactory.fromBuiltInRule(RuleSourceFactory.java:32)
	at de.uka.ilkd.key.proof.io.RuleSourceFactory.fromDefaultLocation(RuleSourceFactory.java:21)
	at de.uka.ilkd.key.nparser.builder.IncludeFinder.addInclude(IncludeFinder.java:63)
	at de.uka.ilkd.key.nparser.builder.IncludeFinder.visitOne_include(IncludeFinder.java:43)
	at de.uka.ilkd.key.nparser.builder.IncludeFinder.visitOne_include(IncludeFinder.java:20)
	at de.uka.ilkd.key.nparser.KeYParser$One_includeContext.accept(KeYParser.java:878)
	at de.uka.ilkd.key.nparser.builder.AbstractBuilder.lambda$mapOf$0(AbstractBuilder.java:112)
	at java.base/java.util.stream.ReferencePipeline$3$1.accept(ReferencePipeline.java:195)
	at java.base/java.util.ArrayList$ArrayListSpliterator.forEachRemaining(ArrayList.java:1655)
	at java.base/java.util.stream.AbstractPipeline.copyInto(AbstractPipeline.java:484)
	at java.base/java.util.stream.AbstractPipeline.wrapAndCopyInto(AbstractPipeline.java:474)
	at java.base/java.util.stream.ReduceOps$ReduceOp.evaluateSequential(ReduceOps.java:913)
	at java.base/java.util.stream.AbstractPipeline.evaluate(AbstractPipeline.java:234)
	at java.base/java.util.stream.ReferencePipeline.collect(ReferencePipeline.java:578)
	at de.uka.ilkd.key.nparser.builder.AbstractBuilder.mapOf(AbstractBuilder.java:112)
	at de.uka.ilkd.key.nparser.builder.IncludeFinder.visitOne_include_statement(IncludeFinder.java:35)
	at de.uka.ilkd.key.nparser.builder.IncludeFinder.visitOne_include_statement(IncludeFinder.java:20)
	at de.uka.ilkd.key.nparser.KeYParser$One_include_statementContext.accept(KeYParser.java:802)
	at org.antlr.v4.runtime.tree.AbstractParseTreeVisitor.visitChildren(AbstractParseTreeVisitor.java:46)
	at de.uka.ilkd.key.nparser.KeYParserBaseVisitor.visitDecls(KeYParserBaseVisitor.java:30)
	at de.uka.ilkd.key.nparser.KeYParser$DeclsContext.accept(KeYParser.java:500)
	at org.antlr.v4.runtime.tree.AbstractParseTreeVisitor.visitChildren(AbstractParseTreeVisitor.java:46)
	at de.uka.ilkd.key.nparser.KeYParserBaseVisitor.visitFile(KeYParserBaseVisitor.java:23)
	at de.uka.ilkd.key.nparser.KeYParser$FileContext.accept(KeYParser.java:306)
	at de.uka.ilkd.key.nparser.KeyAst.accept(KeyAst.java:41)
	at de.uka.ilkd.key.nparser.KeyAst$File.getIncludes(KeyAst.java:76)
	at de.uka.ilkd.key.proof.io.KeYFile.readIncludes(KeYFile.java:208)
	... 14 more
Could not find rule file rules/intRulesCheckedSemantics.key (file: /home/runner/work/key/key/key.core/../key.ui/examples/index/../InformationFlow/NewObjects/object.AmtoftBanerjee(object.AmtoftBanerjee__m_1()).Non-interference contract.1.key; caused by: de.uka.ilkd.key.proof.init.ProofInputException: Could not find rule file rules/intRulesCheckedSemantics.key)
	at de.uka.ilkd.key.control.AbstractUserInterfaceControl.load(AbstractUserInterfaceControl.java:221)
	at de.uka.ilkd.key.control.KeYEnvironment.load(KeYEnvironment.java:251)
	at de.uka.ilkd.key.control.KeYEnvironment.load(KeYEnvironment.java:224)
	at de.uka.ilkd.key.control.KeYEnvironment.load(KeYEnvironment.java:184)
	at de.uka.ilkd.key.control.KeYEnvironment.load(KeYEnvironment.java:261)
	at de.uka.ilkd.key.proof.runallproofs.proofcollection.TestFile.load(TestFile.java:270)
	at de.uka.ilkd.key.proof.runallproofs.proofcollection.TestFile.runKey(TestFile.java:160)
	at de.uka.ilkd.key.proof.runallproofs.proofcollection.ForkedTestFileRunner.main(ForkedTestFileRunner.java:171)
Caused by: de.uka.ilkd.key.proof.init.ProofInputException: Could not find rule file rules/intRulesCheckedSemantics.key
	at de.uka.ilkd.key.proof.io.KeYFile.readIncludes(KeYFile.java:210)
	at de.uka.ilkd.key.proof.init.ProblemInitializer.readIncludes(ProblemInitializer.java:177)
	at de.uka.ilkd.key.proof.init.ProblemInitializer.readEnvInput(ProblemInitializer.java:325)
	at de.uka.ilkd.key.proof.init.ProblemInitializer.prepare(ProblemInitializer.java:449)
	at de.uka.ilkd.key.proof.io.AbstractProblemLoader.createInitConfig(AbstractProblemLoader.java:518)
	at de.uka.ilkd.key.proof.io.AbstractProblemLoader.loadEnvironment(AbstractProblemLoader.java:288)
	at de.uka.ilkd.key.proof.io.AbstractProblemLoader.load(AbstractProblemLoader.java:252)
	at de.uka.ilkd.key.control.AbstractUserInterfaceControl.load(AbstractUserInterfaceControl.java:209)
	... 7 more
Caused by: java.lang.RuntimeException: Could not find rule file rules/intRulesCheckedSemantics.key
	at de.uka.ilkd.key.proof.io.RuleSourceFactory.fromBuiltInRule(RuleSourceFactory.java:32)
	at de.uka.ilkd.key.proof.io.RuleSourceFactory.fromDefaultLocation(RuleSourceFactory.java:21)
	at de.uka.ilkd.key.nparser.builder.IncludeFinder.addInclude(IncludeFinder.java:63)
	at de.uka.ilkd.key.nparser.builder.IncludeFinder.visitOne_include(IncludeFinder.java:43)
	at de.uka.ilkd.key.nparser.builder.IncludeFinder.visitOne_include(IncludeFinder.java:20)
	at de.uka.ilkd.key.nparser.KeYParser$One_includeContext.accept(KeYParser.java:878)
	at de.uka.ilkd.key.nparser.builder.AbstractBuilder.lambda$mapOf$0(AbstractBuilder.java:112)
	at java.base/java.util.stream.ReferencePipeline$3$1.accept(ReferencePipeline.java:195)
	at java.base/java.util.ArrayList$ArrayListSpliterator.forEachRemaining(ArrayList.java:1655)
	at java.base/java.util.stream.AbstractPipeline.copyInto(AbstractPipeline.java:484)
	at java.base/java.util.stream.AbstractPipeline.wrapAndCopyInto(AbstractPipeline.java:474)
	at java.base/java.util.stream.ReduceOps$ReduceOp.evaluateSequential(ReduceOps.java:913)
	at java.base/java.util.stream.AbstractPipeline.evaluate(AbstractPipeline.java:234)
	at java.base/java.util.stream.ReferencePipeline.collect(ReferencePipeline.java:578)
	at de.uka.ilkd.key.nparser.builder.AbstractBuilder.mapOf(AbstractBuilder.java:112)
	at de.uka.ilkd.key.nparser.builder.IncludeFinder.visitOne_include_statement(IncludeFinder.java:35)
	at de.uka.ilkd.key.nparser.builder.IncludeFinder.visitOne_include_statement(IncludeFinder.java:20)
	at de.uka.ilkd.key.nparser.KeYParser$One_include_statementContext.accept(KeYParser.java:802)
	at org.antlr.v4.runtime.tree.AbstractParseTreeVisitor.visitChildren(AbstractParseTreeVisitor.java:46)
	at de.uka.ilkd.key.nparser.KeYParserBaseVisitor.visitDecls(KeYParserBaseVisitor.java:30)
	at de.uka.ilkd.key.nparser.KeYParser$DeclsContext.accept(KeYParser.java:500)
	at org.antlr.v4.runtime.tree.AbstractParseTreeVisitor.visitChildren(AbstractParseTreeVisitor.java:46)
	at de.uka.ilkd.key.nparser.KeYParserBaseVisitor.visitFile(KeYParserBaseVisitor.java:23)
	at de.uka.ilkd.key.nparser.KeYParser$FileContext.accept(KeYParser.java:306)
	at de.uka.ilkd.key.nparser.KeyAst.accept(KeyAst.java:41)
	at de.uka.ilkd.key.nparser.KeyAst$File.getIncludes(KeyAst.java:76)
	at de.uka.ilkd.key.proof.io.KeYFile.readIncludes(KeYFile.java:208)
	... 14 more
Could not find rule file rules/intRulesCheckedSemantics.key (file: /home/runner/work/key/key/key.core/../key.ui/examples/index/../InformationFlow/NewObjects/object.AmtoftBanerjee(object.AmtoftBanerjee__m_1()).Non-interference contract.0.key; caused by: de.uka.ilkd.key.proof.init.ProofInputException: Could not find rule file rules/intRulesCheckedSemantics.key)
	at de.uka.ilkd.key.control.AbstractUserInterfaceControl.load(AbstractUserInterfaceControl.java:221)
	at de.uka.ilkd.key.control.KeYEnvironment.load(KeYEnvironment.java:251)
	at de.uka.ilkd.key.control.KeYEnvironment.load(KeYEnvironment.java:224)
	at de.uka.ilkd.key.control.KeYEnvironment.load(KeYEnvironment.java:184)
	at de.uka.ilkd.key.control.KeYEnvironment.load(KeYEnvironment.java:261)
	at de.uka.ilkd.key.proof.runallproofs.proofcollection.TestFile.load(TestFile.java:270)
	at de.uka.ilkd.key.proof.runallproofs.proofcollection.TestFile.runKey(TestFile.java:160)
	at de.uka.ilkd.key.proof.runallproofs.proofcollection.ForkedTestFileRunner.main(ForkedTestFileRunner.java:171)
Caused by: de.uka.ilkd.key.proof.init.ProofInputException: Could not find rule file rules/intRulesCheckedSemantics.key
	at de.uka.ilkd.key.proof.io.KeYFile.readIncludes(KeYFile.java:210)
	at de.uka.ilkd.key.proof.init.ProblemInitializer.readIncludes(ProblemInitializer.java:177)
	at de.uka.ilkd.key.proof.init.ProblemInitializer.readEnvInput(ProblemInitializer.java:325)
	at de.uka.ilkd.key.proof.init.ProblemInitializer.prepare(ProblemInitializer.java:449)
	at de.uka.ilkd.key.proof.io.AbstractProblemLoader.createInitConfig(AbstractProblemLoader.java:518)
	at de.uka.ilkd.key.proof.io.AbstractProblemLoader.loadEnvironment(AbstractProblemLoader.java:288)
	at de.uka.ilkd.key.proof.io.AbstractProblemLoader.load(AbstractProblemLoader.java:252)
	at de.uka.ilkd.key.control.AbstractUserInterfaceControl.load(AbstractUserInterfaceControl.java:209)
	... 7 more
Caused by: java.lang.RuntimeException: Could not find rule file rules/intRulesCheckedSemantics.key
	at de.uka.ilkd.key.proof.io.RuleSourceFactory.fromBuiltInRule(RuleSourceFactory.java:32)
	at de.uka.ilkd.key.proof.io.RuleSourceFactory.fromDefaultLocation(RuleSourceFactory.java:21)
	at de.uka.ilkd.key.nparser.builder.IncludeFinder.addInclude(IncludeFinder.java:63)
	at de.uka.ilkd.key.nparser.builder.IncludeFinder.visitOne_include(IncludeFinder.java:43)
	at de.uka.ilkd.key.nparser.builder.IncludeFinder.visitOne_include(IncludeFinder.java:20)
	at de.uka.ilkd.key.nparser.KeYParser$One_includeContext.accept(KeYParser.java:878)
	at de.uka.ilkd.key.nparser.builder.AbstractBuilder.lambda$mapOf$0(AbstractBuilder.java:112)
	at java.base/java.util.stream.ReferencePipeline$3$1.accept(ReferencePipeline.java:195)
	at java.base/java.util.ArrayList$ArrayListSpliterator.forEachRemaining(ArrayList.java:1655)
	at java.base/java.util.stream.AbstractPipeline.copyInto(AbstractPipeline.java:484)
	at java.base/java.util.stream.AbstractPipeline.wrapAndCopyInto(AbstractPipeline.java:474)
	at java.base/java.util.stream.ReduceOps$ReduceOp.evaluateSequential(ReduceOps.java:913)
	at java.base/java.util.stream.AbstractPipeline.evaluate(AbstractPipeline.java:234)
	at java.base/java.util.stream.ReferencePipeline.collect(ReferencePipeline.java:578)
	at de.uka.ilkd.key.nparser.builder.AbstractBuilder.mapOf(AbstractBuilder.java:112)
	at de.uka.ilkd.key.nparser.builder.IncludeFinder.visitOne_include_statement(IncludeFinder.java:35)
	at de.uka.ilkd.key.nparser.builder.IncludeFinder.visitOne_include_statement(IncludeFinder.java:20)
	at de.uka.ilkd.key.nparser.KeYParser$One_include_statementContext.accept(KeYParser.java:802)
	at org.antlr.v4.runtime.tree.AbstractParseTreeVisitor.visitChildren(AbstractParseTreeVisitor.java:46)
	at de.uka.ilkd.key.nparser.KeYParserBaseVisitor.visitDecls(KeYParserBaseVisitor.java:30)
	at de.uka.ilkd.key.nparser.KeYParser$DeclsContext.accept(KeYParser.java:500)
	at org.antlr.v4.runtime.tree.AbstractParseTreeVisitor.visitChildren(AbstractParseTreeVisitor.java:46)
	at de.uka.ilkd.key.nparser.KeYParserBaseVisitor.visitFile(KeYParserBaseVisitor.java:23)
	at de.uka.ilkd.key.nparser.KeYParser$FileContext.accept(KeYParser.java:306)
	at de.uka.ilkd.key.nparser.KeyAst.accept(KeyAst.java:41)
	at de.uka.ilkd.key.nparser.KeyAst$File.getIncludes(KeyAst.java:76)
	at de.uka.ilkd.key.proof.io.KeYFile.readIncludes(KeYFile.java:208)
	... 14 more
Could not find rule file rules/intRulesCheckedSemantics.key (file: /home/runner/work/key/key/key.core/../key.ui/examples/index/../InformationFlow/NewObjects/object.AmtoftBanerjee(object.AmtoftBanerjee__getQ()).Non-interference contract.0.key; caused by: de.uka.ilkd.key.proof.init.ProofInputException: Could not find rule file rules/intRulesCheckedSemantics.key)
	at de.uka.ilkd.key.control.AbstractUserInterfaceControl.load(AbstractUserInterfaceControl.java:221)
	at de.uka.ilkd.key.control.KeYEnvironment.load(KeYEnvironment.java:251)
	at de.uka.ilkd.key.control.KeYEnvironment.load(KeYEnvironment.java:224)
	at de.uka.ilkd.key.control.KeYEnvironment.load(KeYEnvironment.java:184)
	at de.uka.ilkd.key.control.KeYEnvironment.load(KeYEnvironment.java:261)
	at de.uka.ilkd.key.proof.runallproofs.proofcollection.TestFile.load(TestFile.java:270)
	at de.uka.ilkd.key.proof.runallproofs.proofcollection.TestFile.runKey(TestFile.java:160)
	at de.uka.ilkd.key.proof.runallproofs.proofcollection.ForkedTestFileRunner.main(ForkedTestFileRunner.java:171)
Caused by: de.uka.ilkd.key.proof.init.ProofInputException: Could not find rule file rules/intRulesCheckedSemantics.key
	at de.uka.ilkd.key.proof.io.KeYFile.readIncludes(KeYFile.java:210)
	at de.uka.ilkd.key.proof.init.ProblemInitializer.readIncludes(ProblemInitializer.java:177)
	at de.uka.ilkd.key.proof.init.ProblemInitializer.readEnvInput(ProblemInitializer.java:325)
	at de.uka.ilkd.key.proof.init.ProblemInitializer.prepare(ProblemInitializer.java:449)
	at de.uka.ilkd.key.proof.io.AbstractProblemLoader.createInitConfig(AbstractProblemLoader.java:518)
	at de.uka.ilkd.key.proof.io.AbstractProblemLoader.loadEnvironment(AbstractProblemLoader.java:288)
	at de.uka.ilkd.key.proof.io.AbstractProblemLoader.load(AbstractProblemLoader.java:252)
	at de.uka.ilkd.key.control.AbstractUserInterfaceControl.load(AbstractUserInterfaceControl.java:209)
	... 7 more
Caused by: java.lang.RuntimeException: Could not find rule file rules/intRulesCheckedSemantics.key
	at de.uka.ilkd.key.proof.io.RuleSourceFactory.fromBuiltInRule(RuleSourceFactory.java:32)
	at de.uka.ilkd.key.proof.io.RuleSourceFactory.fromDefaultLocation(RuleSourceFactory.java:21)
	at de.uka.ilkd.key.nparser.builder.IncludeFinder.addInclude(IncludeFinder.java:63)
	at de.uka.ilkd.key.nparser.builder.IncludeFinder.visitOne_include(IncludeFinder.java:43)
	at de.uka.ilkd.key.nparser.builder.IncludeFinder.visitOne_include(IncludeFinder.java:20)
	at de.uka.ilkd.key.nparser.KeYParser$One_includeContext.accept(KeYParser.java:878)
	at de.uka.ilkd.key.nparser.builder.AbstractBuilder.lambda$mapOf$0(AbstractBuilder.java:112)
	at java.base/java.util.stream.ReferencePipeline$3$1.accept(ReferencePipeline.java:195)
	at java.base/java.util.ArrayList$ArrayListSpliterator.forEachRemaining(ArrayList.java:1655)
	at java.base/java.util.stream.AbstractPipeline.copyInto(AbstractPipeline.java:484)
	at java.base/java.util.stream.AbstractPipeline.wrapAndCopyInto(AbstractPipeline.java:474)
	at java.base/java.util.stream.ReduceOps$ReduceOp.evaluateSequential(ReduceOps.java:913)
	at java.base/java.util.stream.AbstractPipeline.evaluate(AbstractPipeline.java:234)
	at java.base/java.util.stream.ReferencePipeline.collect(ReferencePipeline.java:578)
	at de.uka.ilkd.key.nparser.builder.AbstractBuilder.mapOf(AbstractBuilder.java:112)
	at de.uka.ilkd.key.nparser.builder.IncludeFinder.visitOne_include_statement(IncludeFinder.java:35)
	at de.uka.ilkd.key.nparser.builder.IncludeFinder.visitOne_include_statement(IncludeFinder.java:20)
	at de.uka.ilkd.key.nparser.KeYParser$One_include_statementContext.accept(KeYParser.java:802)
	at org.antlr.v4.runtime.tree.AbstractParseTreeVisitor.visitChildren(AbstractParseTreeVisitor.java:46)
	at de.uka.ilkd.key.nparser.KeYParserBaseVisitor.visitDecls(KeYParserBaseVisitor.java:30)
	at de.uka.ilkd.key.nparser.KeYParser$DeclsContext.accept(KeYParser.java:500)
	at org.antlr.v4.runtime.tree.AbstractParseTreeVisitor.visitChildren(AbstractParseTreeVisitor.java:46)
	at de.uka.ilkd.key.nparser.KeYParserBaseVisitor.visitFile(KeYParserBaseVisitor.java:23)
	at de.uka.ilkd.key.nparser.KeYParser$FileContext.accept(KeYParser.java:306)
	at de.uka.ilkd.key.nparser.KeyAst.accept(KeyAst.java:41)
	at de.uka.ilkd.key.nparser.KeyAst$File.getIncludes(KeyAst.java:76)
	at de.uka.ilkd.key.proof.io.KeYFile.readIncludes(KeYFile.java:208)
	... 14 more
Could not find rule file rules/intRulesCheckedSemantics.key (file: /home/runner/work/key/key/key.core/../key.ui/examples/index/../InformationFlow/NewObjects/object.ObjectOrientation(object.ObjectOrientation__secure_while_i((Ljava.lang.Object)).Non-interference contract.0.key; caused by: de.uka.ilkd.key.proof.init.ProofInputException: Could not find rule file rules/intRulesCheckedSemantics.key)
	at de.uka.ilkd.key.control.AbstractUserInterfaceControl.load(AbstractUserInterfaceControl.java:221)
	at de.uka.ilkd.key.control.KeYEnvironment.load(KeYEnvironment.java:251)
	at de.uka.ilkd.key.control.KeYEnvironment.load(KeYEnvironment.java:224)
	at de.uka.ilkd.key.control.KeYEnvironment.load(KeYEnvironment.java:184)
	at de.uka.ilkd.key.control.KeYEnvironment.load(KeYEnvironment.java:261)
	at de.uka.ilkd.key.proof.runallproofs.proofcollection.TestFile.load(TestFile.java:270)
	at de.uka.ilkd.key.proof.runallproofs.proofcollection.TestFile.runKey(TestFile.java:160)
	at de.uka.ilkd.key.proof.runallproofs.proofcollection.ForkedTestFileRunner.main(ForkedTestFileRunner.java:171)
Caused by: de.uka.ilkd.key.proof.init.ProofInputException: Could not find rule file rules/intRulesCheckedSemantics.key
	at de.uka.ilkd.key.proof.io.KeYFile.readIncludes(KeYFile.java:210)
	at de.uka.ilkd.key.proof.init.ProblemInitializer.readIncludes(ProblemInitializer.java:177)
	at de.uka.ilkd.key.proof.init.ProblemInitializer.readEnvInput(ProblemInitializer.java:325)
	at de.uka.ilkd.key.proof.init.ProblemInitializer.prepare(ProblemInitializer.java:449)
	at de.uka.ilkd.key.proof.io.AbstractProblemLoader.createInitConfig(AbstractProblemLoader.java:518)
	at de.uka.ilkd.key.proof.io.AbstractProblemLoader.loadEnvironment(AbstractProblemLoader.java:288)
	at de.uka.ilkd.key.proof.io.AbstractProblemLoader.load(AbstractProblemLoader.java:252)
	at de.uka.ilkd.key.control.AbstractUserInterfaceControl.load(AbstractUserInterfaceControl.java:209)
	... 7 more
Caused by: java.lang.RuntimeException: Could not find rule file rules/intRulesCheckedSemantics.key
	at de.uka.ilkd.key.proof.io.RuleSourceFactory.fromBuiltInRule(RuleSourceFactory.java:32)
	at de.uka.ilkd.key.proof.io.RuleSourceFactory.fromDefaultLocation(RuleSourceFactory.java:21)
	at de.uka.ilkd.key.nparser.builder.IncludeFinder.addInclude(IncludeFinder.java:63)
	at de.uka.ilkd.key.nparser.builder.IncludeFinder.visitOne_include(IncludeFinder.java:43)
	at de.uka.ilkd.key.nparser.builder.IncludeFinder.visitOne_include(IncludeFinder.java:20)
	at de.uka.ilkd.key.nparser.KeYParser$One_includeContext.accept(KeYParser.java:878)
	at de.uka.ilkd.key.nparser.builder.AbstractBuilder.lambda$mapOf$0(AbstractBuilder.java:112)
	at java.base/java.util.stream.ReferencePipeline$3$1.accept(ReferencePipeline.java:195)
	at java.base/java.util.ArrayList$ArrayListSpliterator.forEachRemaining(ArrayList.java:1655)
	at java.base/java.util.stream.AbstractPipeline.copyInto(AbstractPipeline.java:484)
	at java.base/java.util.stream.AbstractPipeline.wrapAndCopyInto(AbstractPipeline.java:474)
	at java.base/java.util.stream.ReduceOps$ReduceOp.evaluateSequential(ReduceOps.java:913)
	at java.base/java.util.stream.AbstractPipeline.evaluate(AbstractPipeline.java:234)
	at java.base/java.util.stream.ReferencePipeline.collect(ReferencePipeline.java:578)
	at de.uka.ilkd.key.nparser.builder.AbstractBuilder.mapOf(AbstractBuilder.java:112)
	at de.uka.ilkd.key.nparser.builder.IncludeFinder.visitOne_include_statement(IncludeFinder.java:35)
	at de.uka.ilkd.key.nparser.builder.IncludeFinder.visitOne_include_statement(IncludeFinder.java:20)
	at de.uka.ilkd.key.nparser.KeYParser$One_include_statementContext.accept(KeYParser.java:802)
	at org.antlr.v4.runtime.tree.AbstractParseTreeVisitor.visitChildren(AbstractParseTreeVisitor.java:46)
	at de.uka.ilkd.key.nparser.KeYParserBaseVisitor.visitDecls(KeYParserBaseVisitor.java:30)
	at de.uka.ilkd.key.nparser.KeYParser$DeclsContext.accept(KeYParser.java:500)
	at org.antlr.v4.runtime.tree.AbstractParseTreeVisitor.visitChildren(AbstractParseTreeVisitor.java:46)
	at de.uka.ilkd.key.nparser.KeYParserBaseVisitor.visitFile(KeYParserBaseVisitor.java:23)
	at de.uka.ilkd.key.nparser.KeYParser$FileContext.accept(KeYParser.java:306)
	at de.uka.ilkd.key.nparser.KeyAst.accept(KeyAst.java:41)
	at de.uka.ilkd.key.nparser.KeyAst$File.getIncludes(KeyAst.java:76)
	at de.uka.ilkd.key.proof.io.KeYFile.readIncludes(KeYFile.java:208)
	... 14 more
Could not find rule file rules/intRulesCheckedSemantics.key (file: /home/runner/work/key/key/key.core/../key.ui/examples/index/../InformationFlow/NewObjects/object.ObjectOrientation(object.ObjectOrientation__secure_method_call()).Non-interference contract.0.key; caused by: de.uka.ilkd.key.proof.init.ProofInputException: Could not find rule file rules/intRulesCheckedSemantics.key)
	at de.uka.ilkd.key.control.AbstractUserInterfaceControl.load(AbstractUserInterfaceControl.java:221)
	at de.uka.ilkd.key.control.KeYEnvironment.load(KeYEnvironment.java:251)
	at de.uka.ilkd.key.control.KeYEnvironment.load(KeYEnvironment.java:224)
	at de.uka.ilkd.key.control.KeYEnvironment.load(KeYEnvironment.java:184)
	at de.uka.ilkd.key.control.KeYEnvironment.load(KeYEnvironment.java:261)
	at de.uka.ilkd.key.proof.runallproofs.proofcollection.TestFile.load(TestFile.java:270)
	at de.uka.ilkd.key.proof.runallproofs.proofcollection.TestFile.runKey(TestFile.java:160)
	at de.uka.ilkd.key.proof.runallproofs.proofcollection.ForkedTestFileRunner.main(ForkedTestFileRunner.java:171)
Caused by: de.uka.ilkd.key.proof.init.ProofInputException: Could not find rule file rules/intRulesCheckedSemantics.key
	at de.uka.ilkd.key.proof.io.KeYFile.readIncludes(KeYFile.java:210)
	at de.uka.ilkd.key.proof.init.ProblemInitializer.readIncludes(ProblemInitializer.java:177)
	at de.uka.ilkd.key.proof.init.ProblemInitializer.readEnvInput(ProblemInitializer.java:325)
	at de.uka.ilkd.key.proof.init.ProblemInitializer.prepare(ProblemInitializer.java:449)
	at de.uka.ilkd.key.proof.io.AbstractProblemLoader.createInitConfig(AbstractProblemLoader.java:518)
	at de.uka.ilkd.key.proof.io.AbstractProblemLoader.loadEnvironment(AbstractProblemLoader.java:288)
	at de.uka.ilkd.key.proof.io.AbstractProblemLoader.load(AbstractProblemLoader.java:252)
	at de.uka.ilkd.key.control.AbstractUserInterfaceControl.load(AbstractUserInterfaceControl.java:209)
	... 7 more
Caused by: java.lang.RuntimeException: Could not find rule file rules/intRulesCheckedSemantics.key
	at de.uka.ilkd.key.proof.io.RuleSourceFactory.fromBuiltInRule(RuleSourceFactory.java:32)
	at de.uka.ilkd.key.proof.io.RuleSourceFactory.fromDefaultLocation(RuleSourceFactory.java:21)
	at de.uka.ilkd.key.nparser.builder.IncludeFinder.addInclude(IncludeFinder.java:63)
	at de.uka.ilkd.key.nparser.builder.IncludeFinder.visitOne_include(IncludeFinder.java:43)
	at de.uka.ilkd.key.nparser.builder.IncludeFinder.visitOne_include(IncludeFinder.java:20)
	at de.uka.ilkd.key.nparser.KeYParser$One_includeContext.accept(KeYParser.java:878)
	at de.uka.ilkd.key.nparser.builder.AbstractBuilder.lambda$mapOf$0(AbstractBuilder.java:112)
	at java.base/java.util.stream.ReferencePipeline$3$1.accept(ReferencePipeline.java:195)
	at java.base/java.util.ArrayList$ArrayListSpliterator.forEachRemaining(ArrayList.java:1655)
	at java.base/java.util.stream.AbstractPipeline.copyInto(AbstractPipeline.java:484)
	at java.base/java.util.stream.AbstractPipeline.wrapAndCopyInto(AbstractPipeline.java:474)
	at java.base/java.util.stream.ReduceOps$ReduceOp.evaluateSequential(ReduceOps.java:913)
	at java.base/java.util.stream.AbstractPipeline.evaluate(AbstractPipeline.java:234)
	at java.base/java.util.stream.ReferencePipeline.collect(ReferencePipeline.java:578)
	at de.uka.ilkd.key.nparser.builder.AbstractBuilder.mapOf(AbstractBuilder.java:112)
	at de.uka.ilkd.key.nparser.builder.IncludeFinder.visitOne_include_statement(IncludeFinder.java:35)
	at de.uka.ilkd.key.nparser.builder.IncludeFinder.visitOne_include_statement(IncludeFinder.java:20)
	at de.uka.ilkd.key.nparser.KeYParser$One_include_statementContext.accept(KeYParser.java:802)
	at org.antlr.v4.runtime.tree.AbstractParseTreeVisitor.visitChildren(AbstractParseTreeVisitor.java:46)
	at de.uka.ilkd.key.nparser.KeYParserBaseVisitor.visitDecls(KeYParserBaseVisitor.java:30)
	at de.uka.ilkd.key.nparser.KeYParser$DeclsContext.accept(KeYParser.java:500)
	at org.antlr.v4.runtime.tree.AbstractParseTreeVisitor.visitChildren(AbstractParseTreeVisitor.java:46)
	at de.uka.ilkd.key.nparser.KeYParserBaseVisitor.visitFile(KeYParserBaseVisitor.java:23)
	at de.uka.ilkd.key.nparser.KeYParser$FileContext.accept(KeYParser.java:306)
	at de.uka.ilkd.key.nparser.KeyAst.accept(KeyAst.java:41)
	at de.uka.ilkd.key.nparser.KeyAst$File.getIncludes(KeyAst.java:76)
	at de.uka.ilkd.key.proof.io.KeYFile.readIncludes(KeYFile.java:208)
	... 14 more
Could not find rule file rules/intRulesCheckedSemantics.key (file: /home/runner/work/key/key/key.core/../key.ui/examples/index/../InformationFlow/NewObjects/object.ObjectOrientation(object.ObjectOrientation__if_two_object_creation_next()).Non-interference contract.1.key; caused by: de.uka.ilkd.key.proof.init.ProofInputException: Could not find rule file rules/intRulesCheckedSemantics.key)
	at de.uka.ilkd.key.control.AbstractUserInterfaceControl.load(AbstractUserInterfaceControl.java:221)
	at de.uka.ilkd.key.control.KeYEnvironment.load(KeYEnvironment.java:251)
	at de.uka.ilkd.key.control.KeYEnvironment.load(KeYEnvironment.java:224)
	at de.uka.ilkd.key.control.KeYEnvironment.load(KeYEnvironment.java:184)
	at de.uka.ilkd.key.control.KeYEnvironment.load(KeYEnvironment.java:261)
	at de.uka.ilkd.key.proof.runallproofs.proofcollection.TestFile.load(TestFile.java:270)
	at de.uka.ilkd.key.proof.runallproofs.proofcollection.TestFile.runKey(TestFile.java:160)
	at de.uka.ilkd.key.proof.runallproofs.proofcollection.ForkedTestFileRunner.main(ForkedTestFileRunner.java:171)
Caused by: de.uka.ilkd.key.proof.init.ProofInputException: Could not find rule file rules/intRulesCheckedSemantics.key
	at de.uka.ilkd.key.proof.io.KeYFile.readIncludes(KeYFile.java:210)
	at de.uka.ilkd.key.proof.init.ProblemInitializer.readIncludes(ProblemInitializer.java:177)
	at de.uka.ilkd.key.proof.init.ProblemInitializer.readEnvInput(ProblemInitializer.java:325)
	at de.uka.ilkd.key.proof.init.ProblemInitializer.prepare(ProblemInitializer.java:449)
	at de.uka.ilkd.key.proof.io.AbstractProblemLoader.createInitConfig(AbstractProblemLoader.java:518)
	at de.uka.ilkd.key.proof.io.AbstractProblemLoader.loadEnvironment(AbstractProblemLoader.java:288)
	at de.uka.ilkd.key.proof.io.AbstractProblemLoader.load(AbstractProblemLoader.java:252)
	at de.uka.ilkd.key.control.AbstractUserInterfaceControl.load(AbstractUserInterfaceControl.java:209)
	... 7 more
Caused by: java.lang.RuntimeException: Could not find rule file rules/intRulesCheckedSemantics.key
	at de.uka.ilkd.key.proof.io.RuleSourceFactory.fromBuiltInRule(RuleSourceFactory.java:32)
	at de.uka.ilkd.key.proof.io.RuleSourceFactory.fromDefaultLocation(RuleSourceFactory.java:21)
	at de.uka.ilkd.key.nparser.builder.IncludeFinder.addInclude(IncludeFinder.java:63)
	at de.uka.ilkd.key.nparser.builder.IncludeFinder.visitOne_include(IncludeFinder.java:43)
	at de.uka.ilkd.key.nparser.builder.IncludeFinder.visitOne_include(IncludeFinder.java:20)
	at de.uka.ilkd.key.nparser.KeYParser$One_includeContext.accept(KeYParser.java:878)
	at de.uka.ilkd.key.nparser.builder.AbstractBuilder.lambda$mapOf$0(AbstractBuilder.java:112)
	at java.base/java.util.stream.ReferencePipeline$3$1.accept(ReferencePipeline.java:195)
	at java.base/java.util.ArrayList$ArrayListSpliterator.forEachRemaining(ArrayList.java:1655)
	at java.base/java.util.stream.AbstractPipeline.copyInto(AbstractPipeline.java:484)
	at java.base/java.util.stream.AbstractPipeline.wrapAndCopyInto(AbstractPipeline.java:474)
	at java.base/java.util.stream.ReduceOps$ReduceOp.evaluateSequential(ReduceOps.java:913)
	at java.base/java.util.stream.AbstractPipeline.evaluate(AbstractPipeline.java:234)
	at java.base/java.util.stream.ReferencePipeline.collect(ReferencePipeline.java:578)
	at de.uka.ilkd.key.nparser.builder.AbstractBuilder.mapOf(AbstractBuilder.java:112)
	at de.uka.ilkd.key.nparser.builder.IncludeFinder.visitOne_include_statement(IncludeFinder.java:35)
	at de.uka.ilkd.key.nparser.builder.IncludeFinder.visitOne_include_statement(IncludeFinder.java:20)
	at de.uka.ilkd.key.nparser.KeYParser$One_include_statementContext.accept(KeYParser.java:802)
	at org.antlr.v4.runtime.tree.AbstractParseTreeVisitor.visitChildren(AbstractParseTreeVisitor.java:46)
	at de.uka.ilkd.key.nparser.KeYParserBaseVisitor.visitDecls(KeYParserBaseVisitor.java:30)
	at de.uka.ilkd.key.nparser.KeYParser$DeclsContext.accept(KeYParser.java:500)
	at org.antlr.v4.runtime.tree.AbstractParseTreeVisitor.visitChildren(AbstractParseTreeVisitor.java:46)
	at de.uka.ilkd.key.nparser.KeYParserBaseVisitor.visitFile(KeYParserBaseVisitor.java:23)
	at de.uka.ilkd.key.nparser.KeYParser$FileContext.accept(KeYParser.java:306)
	at de.uka.ilkd.key.nparser.KeyAst.accept(KeyAst.java:41)
	at de.uka.ilkd.key.nparser.KeyAst$File.getIncludes(KeyAst.java:76)
	at de.uka.ilkd.key.proof.io.KeYFile.readIncludes(KeYFile.java:208)
	... 14 more
Could not find rule file rules/intRulesCheckedSemantics.key (file: /home/runner/work/key/key/key.core/../key.ui/examples/index/../InformationFlow/NewObjects/object.ObjectOrientation(object.ObjectOrientation__insecure_two_object_creation()).Non-interference contract.0.key; caused by: de.uka.ilkd.key.proof.init.ProofInputException: Could not find rule file rules/intRulesCheckedSemantics.key)
	at de.uka.ilkd.key.control.AbstractUserInterfaceControl.load(AbstractUserInterfaceControl.java:221)
	at de.uka.ilkd.key.control.KeYEnvironment.load(KeYEnvironment.java:251)
	at de.uka.ilkd.key.control.KeYEnvironment.load(KeYEnvironment.java:224)
	at de.uka.ilkd.key.control.KeYEnvironment.load(KeYEnvironment.java:184)
	at de.uka.ilkd.key.control.KeYEnvironment.load(KeYEnvironment.java:261)
	at de.uka.ilkd.key.proof.runallproofs.proofcollection.TestFile.load(TestFile.java:270)
	at de.uka.ilkd.key.proof.runallproofs.proofcollection.TestFile.runKey(TestFile.java:160)
	at de.uka.ilkd.key.proof.runallproofs.proofcollection.ForkedTestFileRunner.main(ForkedTestFileRunner.java:171)
Caused by: de.uka.ilkd.key.proof.init.ProofInputException: Could not find rule file rules/intRulesCheckedSemantics.key
	at de.uka.ilkd.key.proof.io.KeYFile.readIncludes(KeYFile.java:210)
	at de.uka.ilkd.key.proof.init.ProblemInitializer.readIncludes(ProblemInitializer.java:177)
	at de.uka.ilkd.key.proof.init.ProblemInitializer.readEnvInput(ProblemInitializer.java:325)
	at de.uka.ilkd.key.proof.init.ProblemInitializer.prepare(ProblemInitializer.java:449)
	at de.uka.ilkd.key.proof.io.AbstractProblemLoader.createInitConfig(AbstractProblemLoader.java:518)
	at de.uka.ilkd.key.proof.io.AbstractProblemLoader.loadEnvironment(AbstractProblemLoader.java:288)
	at de.uka.ilkd.key.proof.io.AbstractProblemLoader.load(AbstractProblemLoader.java:252)
	at de.uka.ilkd.key.control.AbstractUserInterfaceControl.load(AbstractUserInterfaceControl.java:209)
	... 7 more
Caused by: java.lang.RuntimeException: Could not find rule file rules/intRulesCheckedSemantics.key
	at de.uka.ilkd.key.proof.io.RuleSourceFactory.fromBuiltInRule(RuleSourceFactory.java:32)
	at de.uka.ilkd.key.proof.io.RuleSourceFactory.fromDefaultLocation(RuleSourceFactory.java:21)
	at de.uka.ilkd.key.nparser.builder.IncludeFinder.addInclude(IncludeFinder.java:63)
	at de.uka.ilkd.key.nparser.builder.IncludeFinder.visitOne_include(IncludeFinder.java:43)
	at de.uka.ilkd.key.nparser.builder.IncludeFinder.visitOne_include(IncludeFinder.java:20)
	at de.uka.ilkd.key.nparser.KeYParser$One_includeContext.accept(KeYParser.java:878)
	at de.uka.ilkd.key.nparser.builder.AbstractBuilder.lambda$mapOf$0(AbstractBuilder.java:112)
	at java.base/java.util.stream.ReferencePipeline$3$1.accept(ReferencePipeline.java:195)
	at java.base/java.util.ArrayList$ArrayListSpliterator.forEachRemaining(ArrayList.java:1655)
	at java.base/java.util.stream.AbstractPipeline.copyInto(AbstractPipeline.java:484)
	at java.base/java.util.stream.AbstractPipeline.wrapAndCopyInto(AbstractPipeline.java:474)
	at java.base/java.util.stream.ReduceOps$ReduceOp.evaluateSequential(ReduceOps.java:913)
	at java.base/java.util.stream.AbstractPipeline.evaluate(AbstractPipeline.java:234)
	at java.base/java.util.stream.ReferencePipeline.collect(ReferencePipeline.java:578)
	at de.uka.ilkd.key.nparser.builder.AbstractBuilder.mapOf(AbstractBuilder.java:112)
	at de.uka.ilkd.key.nparser.builder.IncludeFinder.visitOne_include_statement(IncludeFinder.java:35)
	at de.uka.ilkd.key.nparser.builder.IncludeFinder.visitOne_include_statement(IncludeFinder.java:20)
	at de.uka.ilkd.key.nparser.KeYParser$One_include_statementContext.accept(KeYParser.java:802)
	at org.antlr.v4.runtime.tree.AbstractParseTreeVisitor.visitChildren(AbstractParseTreeVisitor.java:46)
	at de.uka.ilkd.key.nparser.KeYParserBaseVisitor.visitDecls(KeYParserBaseVisitor.java:30)
	at de.uka.ilkd.key.nparser.KeYParser$DeclsContext.accept(KeYParser.java:500)
	at org.antlr.v4.runtime.tree.AbstractParseTreeVisitor.visitChildren(AbstractParseTreeVisitor.java:46)
	at de.uka.ilkd.key.nparser.KeYParserBaseVisitor.visitFile(KeYParserBaseVisitor.java:23)
	at de.uka.ilkd.key.nparser.KeYParser$FileContext.accept(KeYParser.java:306)
	at de.uka.ilkd.key.nparser.KeyAst.accept(KeyAst.java:41)
	at de.uka.ilkd.key.nparser.KeyAst$File.getIncludes(KeyAst.java:76)
	at de.uka.ilkd.key.proof.io.KeYFile.readIncludes(KeYFile.java:208)
	... 14 more
Could not find rule file rules/intRulesCheckedSemantics.key (file: /home/runner/work/key/key/key.core/../key.ui/examples/index/../InformationFlow/NewObjects/object.ObjectOrientation(object.ObjectOrientation__secure_two_object_creation()).Non-interference contract.0.key; caused by: de.uka.ilkd.key.proof.init.ProofInputException: Could not find rule file rules/intRulesCheckedSemantics.key)
	at de.uka.ilkd.key.control.AbstractUserInterfaceControl.load(AbstractUserInterfaceControl.java:221)
	at de.uka.ilkd.key.control.KeYEnvironment.load(KeYEnvironment.java:251)
	at de.uka.ilkd.key.control.KeYEnvironment.load(KeYEnvironment.java:224)
	at de.uka.ilkd.key.control.KeYEnvironment.load(KeYEnvironment.java:184)
	at de.uka.ilkd.key.control.KeYEnvironment.load(KeYEnvironment.java:261)
	at de.uka.ilkd.key.proof.runallproofs.proofcollection.TestFile.load(TestFile.java:270)
	at de.uka.ilkd.key.proof.runallproofs.proofcollection.TestFile.runKey(TestFile.java:160)
	at de.uka.ilkd.key.proof.runallproofs.proofcollection.ForkedTestFileRunner.main(ForkedTestFileRunner.java:171)
Caused by: de.uka.ilkd.key.proof.init.ProofInputException: Could not find rule file rules/intRulesCheckedSemantics.key
	at de.uka.ilkd.key.proof.io.KeYFile.readIncludes(KeYFile.java:210)
	at de.uka.ilkd.key.proof.init.ProblemInitializer.readIncludes(ProblemInitializer.java:177)
	at de.uka.ilkd.key.proof.init.ProblemInitializer.readEnvInput(ProblemInitializer.java:325)
	at de.uka.ilkd.key.proof.init.ProblemInitializer.prepare(ProblemInitializer.java:449)
	at de.uka.ilkd.key.proof.io.AbstractProblemLoader.createInitConfig(AbstractProblemLoader.java:518)
	at de.uka.ilkd.key.proof.io.AbstractProblemLoader.loadEnvironment(AbstractProblemLoader.java:288)
	at de.uka.ilkd.key.proof.io.AbstractProblemLoader.load(AbstractProblemLoader.java:252)
	at de.uka.ilkd.key.control.AbstractUserInterfaceControl.load(AbstractUserInterfaceControl.java:209)
	... 7 more
Caused by: java.lang.RuntimeException: Could not find rule file rules/intRulesCheckedSemantics.key
	at de.uka.ilkd.key.proof.io.RuleSourceFactory.fromBuiltInRule(RuleSourceFactory.java:32)
	at de.uka.ilkd.key.proof.io.RuleSourceFactory.fromDefaultLocation(RuleSourceFactory.java:21)
	at de.uka.ilkd.key.nparser.builder.IncludeFinder.addInclude(IncludeFinder.java:63)
	at de.uka.ilkd.key.nparser.builder.IncludeFinder.visitOne_include(IncludeFinder.java:43)
	at de.uka.ilkd.key.nparser.builder.IncludeFinder.visitOne_include(IncludeFinder.java:20)
	at de.uka.ilkd.key.nparser.KeYParser$One_includeContext.accept(KeYParser.java:878)
	at de.uka.ilkd.key.nparser.builder.AbstractBuilder.lambda$mapOf$0(AbstractBuilder.java:112)
	at java.base/java.util.stream.ReferencePipeline$3$1.accept(ReferencePipeline.java:195)
	at java.base/java.util.ArrayList$ArrayListSpliterator.forEachRemaining(ArrayList.java:1655)
	at java.base/java.util.stream.AbstractPipeline.copyInto(AbstractPipeline.java:484)
	at java.base/java.util.stream.AbstractPipeline.wrapAndCopyInto(AbstractPipeline.java:474)
	at java.base/java.util.stream.ReduceOps$ReduceOp.evaluateSequential(ReduceOps.java:913)
	at java.base/java.util.stream.AbstractPipeline.evaluate(AbstractPipeline.java:234)
	at java.base/java.util.stream.ReferencePipeline.collect(ReferencePipeline.java:578)
	at de.uka.ilkd.key.nparser.builder.AbstractBuilder.mapOf(AbstractBuilder.java:112)
	at de.uka.ilkd.key.nparser.builder.IncludeFinder.visitOne_include_statement(IncludeFinder.java:35)
	at de.uka.ilkd.key.nparser.builder.IncludeFinder.visitOne_include_statement(IncludeFinder.java:20)
	at de.uka.ilkd.key.nparser.KeYParser$One_include_statementContext.accept(KeYParser.java:802)
	at org.antlr.v4.runtime.tree.AbstractParseTreeVisitor.visitChildren(AbstractParseTreeVisitor.java:46)
	at de.uka.ilkd.key.nparser.KeYParserBaseVisitor.visitDecls(KeYParserBaseVisitor.java:30)
	at de.uka.ilkd.key.nparser.KeYParser$DeclsContext.accept(KeYParser.java:500)
	at org.antlr.v4.runtime.tree.AbstractParseTreeVisitor.visitChildren(AbstractParseTreeVisitor.java:46)
	at de.uka.ilkd.key.nparser.KeYParserBaseVisitor.visitFile(KeYParserBaseVisitor.java:23)
	at de.uka.ilkd.key.nparser.KeYParser$FileContext.accept(KeYParser.java:306)
	at de.uka.ilkd.key.nparser.KeyAst.accept(KeyAst.java:41)
	at de.uka.ilkd.key.nparser.KeyAst$File.getIncludes(KeyAst.java:76)
	at de.uka.ilkd.key.proof.io.KeYFile.readIncludes(KeYFile.java:208)
	... 14 more
Could not find rule file rules/intRulesCheckedSemantics.key (file: /home/runner/work/key/key/key.core/../key.ui/examples/index/../InformationFlow/NewObjects/object.ObjectOrientation(object.ObjectOrientation__insecure_object_assignment()).Non-interference contract.1.key; caused by: de.uka.ilkd.key.proof.init.ProofInputException: Could not find rule file rules/intRulesCheckedSemantics.key)
	at de.uka.ilkd.key.control.AbstractUserInterfaceControl.load(AbstractUserInterfaceControl.java:221)
	at de.uka.ilkd.key.control.KeYEnvironment.load(KeYEnvironment.java:251)
	at de.uka.ilkd.key.control.KeYEnvironment.load(KeYEnvironment.java:224)
	at de.uka.ilkd.key.control.KeYEnvironment.load(KeYEnvironment.java:184)
	at de.uka.ilkd.key.control.KeYEnvironment.load(KeYEnvironment.java:261)
	at de.uka.ilkd.key.proof.runallproofs.proofcollection.TestFile.load(TestFile.java:270)
	at de.uka.ilkd.key.proof.runallproofs.proofcollection.TestFile.runKey(TestFile.java:160)
	at de.uka.ilkd.key.proof.runallproofs.proofcollection.ForkedTestFileRunner.main(ForkedTestFileRunner.java:171)
Caused by: de.uka.ilkd.key.proof.init.ProofInputException: Could not find rule file rules/intRulesCheckedSemantics.key
	at de.uka.ilkd.key.proof.io.KeYFile.readIncludes(KeYFile.java:210)
	at de.uka.ilkd.key.proof.init.ProblemInitializer.readIncludes(ProblemInitializer.java:177)
	at de.uka.ilkd.key.proof.init.ProblemInitializer.readEnvInput(ProblemInitializer.java:325)
	at de.uka.ilkd.key.proof.init.ProblemInitializer.prepare(ProblemInitializer.java:449)
	at de.uka.ilkd.key.proof.io.AbstractProblemLoader.createInitConfig(AbstractProblemLoader.java:518)
	at de.uka.ilkd.key.proof.io.AbstractProblemLoader.loadEnvironment(AbstractProblemLoader.java:288)
	at de.uka.ilkd.key.proof.io.AbstractProblemLoader.load(AbstractProblemLoader.java:252)
	at de.uka.ilkd.key.control.AbstractUserInterfaceControl.load(AbstractUserInterfaceControl.java:209)
	... 7 more
Caused by: java.lang.RuntimeException: Could not find rule file rules/intRulesCheckedSemantics.key
	at de.uka.ilkd.key.proof.io.RuleSourceFactory.fromBuiltInRule(RuleSourceFactory.java:32)
	at de.uka.ilkd.key.proof.io.RuleSourceFactory.fromDefaultLocation(RuleSourceFactory.java:21)
	at de.uka.ilkd.key.nparser.builder.IncludeFinder.addInclude(IncludeFinder.java:63)
	at de.uka.ilkd.key.nparser.builder.IncludeFinder.visitOne_include(IncludeFinder.java:43)
	at de.uka.ilkd.key.nparser.builder.IncludeFinder.visitOne_include(IncludeFinder.java:20)
	at de.uka.ilkd.key.nparser.KeYParser$One_includeContext.accept(KeYParser.java:878)
	at de.uka.ilkd.key.nparser.builder.AbstractBuilder.lambda$mapOf$0(AbstractBuilder.java:112)
	at java.base/java.util.stream.ReferencePipeline$3$1.accept(ReferencePipeline.java:195)
	at java.base/java.util.ArrayList$ArrayListSpliterator.forEachRemaining(ArrayList.java:1655)
	at java.base/java.util.stream.AbstractPipeline.copyInto(AbstractPipeline.java:484)
	at java.base/java.util.stream.AbstractPipeline.wrapAndCopyInto(AbstractPipeline.java:474)
	at java.base/java.util.stream.ReduceOps$ReduceOp.evaluateSequential(ReduceOps.java:913)
	at java.base/java.util.stream.AbstractPipeline.evaluate(AbstractPipeline.java:234)
	at java.base/java.util.stream.ReferencePipeline.collect(ReferencePipeline.java:578)
	at de.uka.ilkd.key.nparser.builder.AbstractBuilder.mapOf(AbstractBuilder.java:112)
	at de.uka.ilkd.key.nparser.builder.IncludeFinder.visitOne_include_statement(IncludeFinder.java:35)
	at de.uka.ilkd.key.nparser.builder.IncludeFinder.visitOne_include_statement(IncludeFinder.java:20)
	at de.uka.ilkd.key.nparser.KeYParser$One_include_statementContext.accept(KeYParser.java:802)
	at org.antlr.v4.runtime.tree.AbstractParseTreeVisitor.visitChildren(AbstractParseTreeVisitor.java:46)
	at de.uka.ilkd.key.nparser.KeYParserBaseVisitor.visitDecls(KeYParserBaseVisitor.java:30)
	at de.uka.ilkd.key.nparser.KeYParser$DeclsContext.accept(KeYParser.java:500)
	at org.antlr.v4.runtime.tree.AbstractParseTreeVisitor.visitChildren(AbstractParseTreeVisitor.java:46)
	at de.uka.ilkd.key.nparser.KeYParserBaseVisitor.visitFile(KeYParserBaseVisitor.java:23)
	at de.uka.ilkd.key.nparser.KeYParser$FileContext.accept(KeYParser.java:306)
	at de.uka.ilkd.key.nparser.KeyAst.accept(KeyAst.java:41)
	at de.uka.ilkd.key.nparser.KeyAst$File.getIncludes(KeyAst.java:76)
	at de.uka.ilkd.key.proof.io.KeYFile.readIncludes(KeYFile.java:208)
	... 14 more
Could not find rule file rules/intRulesCheckedSemantics.key (file: /home/runner/work/key/key/key.core/../key.ui/examples/index/../InformationFlow/NewObjects/object.ObjectOrientation(object.ObjectOrientation__insecure_object_assignment()).Non-interference contract.0.key; caused by: de.uka.ilkd.key.proof.init.ProofInputException: Could not find rule file rules/intRulesCheckedSemantics.key)
	at de.uka.ilkd.key.control.AbstractUserInterfaceControl.load(AbstractUserInterfaceControl.java:221)
	at de.uka.ilkd.key.control.KeYEnvironment.load(KeYEnvironment.java:251)
	at de.uka.ilkd.key.control.KeYEnvironment.load(KeYEnvironment.java:224)
	at de.uka.ilkd.key.control.KeYEnvironment.load(KeYEnvironment.java:184)
	at de.uka.ilkd.key.control.KeYEnvironment.load(KeYEnvironment.java:261)
	at de.uka.ilkd.key.proof.runallproofs.proofcollection.TestFile.load(TestFile.java:270)
	at de.uka.ilkd.key.proof.runallproofs.proofcollection.TestFile.runKey(TestFile.java:160)
	at de.uka.ilkd.key.proof.runallproofs.proofcollection.ForkedTestFileRunner.main(ForkedTestFileRunner.java:171)
Caused by: de.uka.ilkd.key.proof.init.ProofInputException: Could not find rule file rules/intRulesCheckedSemantics.key
	at de.uka.ilkd.key.proof.io.KeYFile.readIncludes(KeYFile.java:210)
	at de.uka.ilkd.key.proof.init.ProblemInitializer.readIncludes(ProblemInitializer.java:177)
	at de.uka.ilkd.key.proof.init.ProblemInitializer.readEnvInput(ProblemInitializer.java:325)
	at de.uka.ilkd.key.proof.init.ProblemInitializer.prepare(ProblemInitializer.java:449)
	at de.uka.ilkd.key.proof.io.AbstractProblemLoader.createInitConfig(AbstractProblemLoader.java:518)
	at de.uka.ilkd.key.proof.io.AbstractProblemLoader.loadEnvironment(AbstractProblemLoader.java:288)
	at de.uka.ilkd.key.proof.io.AbstractProblemLoader.load(AbstractProblemLoader.java:252)
	at de.uka.ilkd.key.control.AbstractUserInterfaceControl.load(AbstractUserInterfaceControl.java:209)
	... 7 more
Caused by: java.lang.RuntimeException: Could not find rule file rules/intRulesCheckedSemantics.key
	at de.uka.ilkd.key.proof.io.RuleSourceFactory.fromBuiltInRule(RuleSourceFactory.java:32)
	at de.uka.ilkd.key.proof.io.RuleSourceFactory.fromDefaultLocation(RuleSourceFactory.java:21)
	at de.uka.ilkd.key.nparser.builder.IncludeFinder.addInclude(IncludeFinder.java:63)
	at de.uka.ilkd.key.nparser.builder.IncludeFinder.visitOne_include(IncludeFinder.java:43)
	at de.uka.ilkd.key.nparser.builder.IncludeFinder.visitOne_include(IncludeFinder.java:20)
	at de.uka.ilkd.key.nparser.KeYParser$One_includeContext.accept(KeYParser.java:878)
	at de.uka.ilkd.key.nparser.builder.AbstractBuilder.lambda$mapOf$0(AbstractBuilder.java:112)
	at java.base/java.util.stream.ReferencePipeline$3$1.accept(ReferencePipeline.java:195)
	at java.base/java.util.ArrayList$ArrayListSpliterator.forEachRemaining(ArrayList.java:1655)
	at java.base/java.util.stream.AbstractPipeline.copyInto(AbstractPipeline.java:484)
	at java.base/java.util.stream.AbstractPipeline.wrapAndCopyInto(AbstractPipeline.java:474)
	at java.base/java.util.stream.ReduceOps$ReduceOp.evaluateSequential(ReduceOps.java:913)
	at java.base/java.util.stream.AbstractPipeline.evaluate(AbstractPipeline.java:234)
	at java.base/java.util.stream.ReferencePipeline.collect(ReferencePipeline.java:578)
	at de.uka.ilkd.key.nparser.builder.AbstractBuilder.mapOf(AbstractBuilder.java:112)
	at de.uka.ilkd.key.nparser.builder.IncludeFinder.visitOne_include_statement(IncludeFinder.java:35)
	at de.uka.ilkd.key.nparser.builder.IncludeFinder.visitOne_include_statement(IncludeFinder.java:20)
	at de.uka.ilkd.key.nparser.KeYParser$One_include_statementContext.accept(KeYParser.java:802)
	at org.antlr.v4.runtime.tree.AbstractParseTreeVisitor.visitChildren(AbstractParseTreeVisitor.java:46)
	at de.uka.ilkd.key.nparser.KeYParserBaseVisitor.visitDecls(KeYParserBaseVisitor.java:30)
	at de.uka.ilkd.key.nparser.KeYParser$DeclsContext.accept(KeYParser.java:500)
	at org.antlr.v4.runtime.tree.AbstractParseTreeVisitor.visitChildren(AbstractParseTreeVisitor.java:46)
	at de.uka.ilkd.key.nparser.KeYParserBaseVisitor.visitFile(KeYParserBaseVisitor.java:23)
	at de.uka.ilkd.key.nparser.KeYParser$FileContext.accept(KeYParser.java:306)
	at de.uka.ilkd.key.nparser.KeyAst.accept(KeyAst.java:41)
	at de.uka.ilkd.key.nparser.KeyAst$File.getIncludes(KeyAst.java:76)
	at de.uka.ilkd.key.proof.io.KeYFile.readIncludes(KeYFile.java:208)
	... 14 more
Could not find rule file rules/intRulesCheckedSemantics.key (file: /home/runner/work/key/key/key.core/../key.ui/examples/index/../InformationFlow/NewObjects/object.ObjectOrientation(object.ObjectOrientation__secure_object_creation_3()).Non-interference contract.0.key; caused by: de.uka.ilkd.key.proof.init.ProofInputException: Could not find rule file rules/intRulesCheckedSemantics.key)
	at de.uka.ilkd.key.control.AbstractUserInterfaceControl.load(AbstractUserInterfaceControl.java:221)
	at de.uka.ilkd.key.control.KeYEnvironment.load(KeYEnvironment.java:251)
	at de.uka.ilkd.key.control.KeYEnvironment.load(KeYEnvironment.java:224)
	at de.uka.ilkd.key.control.KeYEnvironment.load(KeYEnvironment.java:184)
	at de.uka.ilkd.key.control.KeYEnvironment.load(KeYEnvironment.java:261)
	at de.uka.ilkd.key.proof.runallproofs.proofcollection.TestFile.load(TestFile.java:270)
	at de.uka.ilkd.key.proof.runallproofs.proofcollection.TestFile.runKey(TestFile.java:160)
	at de.uka.ilkd.key.proof.runallproofs.proofcollection.ForkedTestFileRunner.main(ForkedTestFileRunner.java:171)
Caused by: de.uka.ilkd.key.proof.init.ProofInputException: Could not find rule file rules/intRulesCheckedSemantics.key
	at de.uka.ilkd.key.proof.io.KeYFile.readIncludes(KeYFile.java:210)
	at de.uka.ilkd.key.proof.init.ProblemInitializer.readIncludes(ProblemInitializer.java:177)
	at de.uka.ilkd.key.proof.init.ProblemInitializer.readEnvInput(ProblemInitializer.java:325)
	at de.uka.ilkd.key.proof.init.ProblemInitializer.prepare(ProblemInitializer.java:449)
	at de.uka.ilkd.key.proof.io.AbstractProblemLoader.createInitConfig(AbstractProblemLoader.java:518)
	at de.uka.ilkd.key.proof.io.AbstractProblemLoader.loadEnvironment(AbstractProblemLoader.java:288)
	at de.uka.ilkd.key.proof.io.AbstractProblemLoader.load(AbstractProblemLoader.java:252)
	at de.uka.ilkd.key.control.AbstractUserInterfaceControl.load(AbstractUserInterfaceControl.java:209)
	... 7 more
Caused by: java.lang.RuntimeException: Could not find rule file rules/intRulesCheckedSemantics.key
	at de.uka.ilkd.key.proof.io.RuleSourceFactory.fromBuiltInRule(RuleSourceFactory.java:32)
	at de.uka.ilkd.key.proof.io.RuleSourceFactory.fromDefaultLocation(RuleSourceFactory.java:21)
	at de.uka.ilkd.key.nparser.builder.IncludeFinder.addInclude(IncludeFinder.java:63)
	at de.uka.ilkd.key.nparser.builder.IncludeFinder.visitOne_include(IncludeFinder.java:43)
	at de.uka.ilkd.key.nparser.builder.IncludeFinder.visitOne_include(IncludeFinder.java:20)
	at de.uka.ilkd.key.nparser.KeYParser$One_includeContext.accept(KeYParser.java:878)
	at de.uka.ilkd.key.nparser.builder.AbstractBuilder.lambda$mapOf$0(AbstractBuilder.java:112)
	at java.base/java.util.stream.ReferencePipeline$3$1.accept(ReferencePipeline.java:195)
	at java.base/java.util.ArrayList$ArrayListSpliterator.forEachRemaining(ArrayList.java:1655)
	at java.base/java.util.stream.AbstractPipeline.copyInto(AbstractPipeline.java:484)
	at java.base/java.util.stream.AbstractPipeline.wrapAndCopyInto(AbstractPipeline.java:474)
	at java.base/java.util.stream.ReduceOps$ReduceOp.evaluateSequential(ReduceOps.java:913)
	at java.base/java.util.stream.AbstractPipeline.evaluate(AbstractPipeline.java:234)
	at java.base/java.util.stream.ReferencePipeline.collect(ReferencePipeline.java:578)
	at de.uka.ilkd.key.nparser.builder.AbstractBuilder.mapOf(AbstractBuilder.java:112)
	at de.uka.ilkd.key.nparser.builder.IncludeFinder.visitOne_include_statement(IncludeFinder.java:35)
	at de.uka.ilkd.key.nparser.builder.IncludeFinder.visitOne_include_statement(IncludeFinder.java:20)
	at de.uka.ilkd.key.nparser.KeYParser$One_include_statementContext.accept(KeYParser.java:802)
	at org.antlr.v4.runtime.tree.AbstractParseTreeVisitor.visitChildren(AbstractParseTreeVisitor.java:46)
	at de.uka.ilkd.key.nparser.KeYParserBaseVisitor.visitDecls(KeYParserBaseVisitor.java:30)
	at de.uka.ilkd.key.nparser.KeYParser$DeclsContext.accept(KeYParser.java:500)
	at org.antlr.v4.runtime.tree.AbstractParseTreeVisitor.visitChildren(AbstractParseTreeVisitor.java:46)
	at de.uka.ilkd.key.nparser.KeYParserBaseVisitor.visitFile(KeYParserBaseVisitor.java:23)
	at de.uka.ilkd.key.nparser.KeYParser$FileContext.accept(KeYParser.java:306)
	at de.uka.ilkd.key.nparser.KeyAst.accept(KeyAst.java:41)
	at de.uka.ilkd.key.nparser.KeyAst$File.getIncludes(KeyAst.java:76)
	at de.uka.ilkd.key.proof.io.KeYFile.readIncludes(KeYFile.java:208)
	... 14 more
Could not find rule file rules/intRulesCheckedSemantics.key (file: /home/runner/work/key/key/key.core/../key.ui/examples/index/../InformationFlow/NewObjects/object.ObjectOrientation(object.ObjectOrientation__secure_object_creation_2()).Non-interference contract.0.key; caused by: de.uka.ilkd.key.proof.init.ProofInputException: Could not find rule file rules/intRulesCheckedSemantics.key)
	at de.uka.ilkd.key.control.AbstractUserInterfaceControl.load(AbstractUserInterfaceControl.java:221)
	at de.uka.ilkd.key.control.KeYEnvironment.load(KeYEnvironment.java:251)
	at de.uka.ilkd.key.control.KeYEnvironment.load(KeYEnvironment.java:224)
	at de.uka.ilkd.key.control.KeYEnvironment.load(KeYEnvironment.java:184)
	at de.uka.ilkd.key.control.KeYEnvironment.load(KeYEnvironment.java:261)
	at de.uka.ilkd.key.proof.runallproofs.proofcollection.TestFile.load(TestFile.java:270)
	at de.uka.ilkd.key.proof.runallproofs.proofcollection.TestFile.runKey(TestFile.java:160)
	at de.uka.ilkd.key.proof.runallproofs.proofcollection.ForkedTestFileRunner.main(ForkedTestFileRunner.java:171)
Caused by: de.uka.ilkd.key.proof.init.ProofInputException: Could not find rule file rules/intRulesCheckedSemantics.key
	at de.uka.ilkd.key.proof.io.KeYFile.readIncludes(KeYFile.java:210)
	at de.uka.ilkd.key.proof.init.ProblemInitializer.readIncludes(ProblemInitializer.java:177)
	at de.uka.ilkd.key.proof.init.ProblemInitializer.readEnvInput(ProblemInitializer.java:325)
	at de.uka.ilkd.key.proof.init.ProblemInitializer.prepare(ProblemInitializer.java:449)
	at de.uka.ilkd.key.proof.io.AbstractProblemLoader.createInitConfig(AbstractProblemLoader.java:518)
	at de.uka.ilkd.key.proof.io.AbstractProblemLoader.loadEnvironment(AbstractProblemLoader.java:288)
	at de.uka.ilkd.key.proof.io.AbstractProblemLoader.load(AbstractProblemLoader.java:252)
	at de.uka.ilkd.key.control.AbstractUserInterfaceControl.load(AbstractUserInterfaceControl.java:209)
	... 7 more
Caused by: java.lang.RuntimeException: Could not find rule file rules/intRulesCheckedSemantics.key
	at de.uka.ilkd.key.proof.io.RuleSourceFactory.fromBuiltInRule(RuleSourceFactory.java:32)
	at de.uka.ilkd.key.proof.io.RuleSourceFactory.fromDefaultLocation(RuleSourceFactory.java:21)
	at de.uka.ilkd.key.nparser.builder.IncludeFinder.addInclude(IncludeFinder.java:63)
	at de.uka.ilkd.key.nparser.builder.IncludeFinder.visitOne_include(IncludeFinder.java:43)
	at de.uka.ilkd.key.nparser.builder.IncludeFinder.visitOne_include(IncludeFinder.java:20)
	at de.uka.ilkd.key.nparser.KeYParser$One_includeContext.accept(KeYParser.java:878)
	at de.uka.ilkd.key.nparser.builder.AbstractBuilder.lambda$mapOf$0(AbstractBuilder.java:112)
	at java.base/java.util.stream.ReferencePipeline$3$1.accept(ReferencePipeline.java:195)
	at java.base/java.util.ArrayList$ArrayListSpliterator.forEachRemaining(ArrayList.java:1655)
	at java.base/java.util.stream.AbstractPipeline.copyInto(AbstractPipeline.java:484)
	at java.base/java.util.stream.AbstractPipeline.wrapAndCopyInto(AbstractPipeline.java:474)
	at java.base/java.util.stream.ReduceOps$ReduceOp.evaluateSequential(ReduceOps.java:913)
	at java.base/java.util.stream.AbstractPipeline.evaluate(AbstractPipeline.java:234)
	at java.base/java.util.stream.ReferencePipeline.collect(ReferencePipeline.java:578)
	at de.uka.ilkd.key.nparser.builder.AbstractBuilder.mapOf(AbstractBuilder.java:112)
	at de.uka.ilkd.key.nparser.builder.IncludeFinder.visitOne_include_statement(IncludeFinder.java:35)
	at de.uka.ilkd.key.nparser.builder.IncludeFinder.visitOne_include_statement(IncludeFinder.java:20)
	at de.uka.ilkd.key.nparser.KeYParser$One_include_statementContext.accept(KeYParser.java:802)
	at org.antlr.v4.runtime.tree.AbstractParseTreeVisitor.visitChildren(AbstractParseTreeVisitor.java:46)
	at de.uka.ilkd.key.nparser.KeYParserBaseVisitor.visitDecls(KeYParserBaseVisitor.java:30)
	at de.uka.ilkd.key.nparser.KeYParser$DeclsContext.accept(KeYParser.java:500)
	at org.antlr.v4.runtime.tree.AbstractParseTreeVisitor.visitChildren(AbstractParseTreeVisitor.java:46)
	at de.uka.ilkd.key.nparser.KeYParserBaseVisitor.visitFile(KeYParserBaseVisitor.java:23)
	at de.uka.ilkd.key.nparser.KeYParser$FileContext.accept(KeYParser.java:306)
	at de.uka.ilkd.key.nparser.KeyAst.accept(KeyAst.java:41)
	at de.uka.ilkd.key.nparser.KeyAst$File.getIncludes(KeyAst.java:76)
	at de.uka.ilkd.key.proof.io.KeYFile.readIncludes(KeYFile.java:208)
	... 14 more
Could not find rule file rules/intRulesCheckedSemantics.key (file: /home/runner/work/key/key/key.core/../key.ui/examples/index/../InformationFlow/NewObjects/object.ObjectOrientation(object.ObjectOrientation__secure_object_creation()).Non-interference contract.0.key; caused by: de.uka.ilkd.key.proof.init.ProofInputException: Could not find rule file rules/intRulesCheckedSemantics.key)
	at de.uka.ilkd.key.control.AbstractUserInterfaceControl.load(AbstractUserInterfaceControl.java:221)
	at de.uka.ilkd.key.control.KeYEnvironment.load(KeYEnvironment.java:251)
	at de.uka.ilkd.key.control.KeYEnvironment.load(KeYEnvironment.java:224)
	at de.uka.ilkd.key.control.KeYEnvironment.load(KeYEnvironment.java:184)
	at de.uka.ilkd.key.control.KeYEnvironment.load(KeYEnvironment.java:261)
	at de.uka.ilkd.key.proof.runallproofs.proofcollection.TestFile.load(TestFile.java:270)
	at de.uka.ilkd.key.proof.runallproofs.proofcollection.TestFile.runKey(TestFile.java:160)
	at de.uka.ilkd.key.proof.runallproofs.proofcollection.ForkedTestFileRunner.main(ForkedTestFileRunner.java:171)
Caused by: de.uka.ilkd.key.proof.init.ProofInputException: Could not find rule file rules/intRulesCheckedSemantics.key
	at de.uka.ilkd.key.proof.io.KeYFile.readIncludes(KeYFile.java:210)
	at de.uka.ilkd.key.proof.init.ProblemInitializer.readIncludes(ProblemInitializer.java:177)
	at de.uka.ilkd.key.proof.init.ProblemInitializer.readEnvInput(ProblemInitializer.java:325)
	at de.uka.ilkd.key.proof.init.ProblemInitializer.prepare(ProblemInitializer.java:449)
	at de.uka.ilkd.key.proof.io.AbstractProblemLoader.createInitConfig(AbstractProblemLoader.java:518)
	at de.uka.ilkd.key.proof.io.AbstractProblemLoader.loadEnvironment(AbstractProblemLoader.java:288)
	at de.uka.ilkd.key.proof.io.AbstractProblemLoader.load(AbstractProblemLoader.java:252)
	at de.uka.ilkd.key.control.AbstractUserInterfaceControl.load(AbstractUserInterfaceControl.java:209)
	... 7 more
Caused by: java.lang.RuntimeException: Could not find rule file rules/intRulesCheckedSemantics.key
	at de.uka.ilkd.key.proof.io.RuleSourceFactory.fromBuiltInRule(RuleSourceFactory.java:32)
	at de.uka.ilkd.key.proof.io.RuleSourceFactory.fromDefaultLocation(RuleSourceFactory.java:21)
	at de.uka.ilkd.key.nparser.builder.IncludeFinder.addInclude(IncludeFinder.java:63)
	at de.uka.ilkd.key.nparser.builder.IncludeFinder.visitOne_include(IncludeFinder.java:43)
	at de.uka.ilkd.key.nparser.builder.IncludeFinder.visitOne_include(IncludeFinder.java:20)
	at de.uka.ilkd.key.nparser.KeYParser$One_includeContext.accept(KeYParser.java:878)
	at de.uka.ilkd.key.nparser.builder.AbstractBuilder.lambda$mapOf$0(AbstractBuilder.java:112)
	at java.base/java.util.stream.ReferencePipeline$3$1.accept(ReferencePipeline.java:195)
	at java.base/java.util.ArrayList$ArrayListSpliterator.forEachRemaining(ArrayList.java:1655)
	at java.base/java.util.stream.AbstractPipeline.copyInto(AbstractPipeline.java:484)
	at java.base/java.util.stream.AbstractPipeline.wrapAndCopyInto(AbstractPipeline.java:474)
	at java.base/java.util.stream.ReduceOps$ReduceOp.evaluateSequential(ReduceOps.java:913)
	at java.base/java.util.stream.AbstractPipeline.evaluate(AbstractPipeline.java:234)
	at java.base/java.util.stream.ReferencePipeline.collect(ReferencePipeline.java:578)
	at de.uka.ilkd.key.nparser.builder.AbstractBuilder.mapOf(AbstractBuilder.java:112)
	at de.uka.ilkd.key.nparser.builder.IncludeFinder.visitOne_include_statement(IncludeFinder.java:35)
	at de.uka.ilkd.key.nparser.builder.IncludeFinder.visitOne_include_statement(IncludeFinder.java:20)
	at de.uka.ilkd.key.nparser.KeYParser$One_include_statementContext.accept(KeYParser.java:802)
	at org.antlr.v4.runtime.tree.AbstractParseTreeVisitor.visitChildren(AbstractParseTreeVisitor.java:46)
	at de.uka.ilkd.key.nparser.KeYParserBaseVisitor.visitDecls(KeYParserBaseVisitor.java:30)
	at de.uka.ilkd.key.nparser.KeYParser$DeclsContext.accept(KeYParser.java:500)
	at org.antlr.v4.runtime.tree.AbstractParseTreeVisitor.visitChildren(AbstractParseTreeVisitor.java:46)
	at de.uka.ilkd.key.nparser.KeYParserBaseVisitor.visitFile(KeYParserBaseVisitor.java:23)
	at de.uka.ilkd.key.nparser.KeYParser$FileContext.accept(KeYParser.java:306)
	at de.uka.ilkd.key.nparser.KeyAst.accept(KeyAst.java:41)
	at de.uka.ilkd.key.nparser.KeyAst$File.getIncludes(KeyAst.java:76)
	at de.uka.ilkd.key.proof.io.KeYFile.readIncludes(KeYFile.java:208)
	... 14 more
Could not find rule file rules/intRulesCheckedSemantics.key (file: /home/runner/work/key/key/key.core/../key.ui/examples/index/../InformationFlow/NewObjects/object.AmtoftBanerjee2(object.AmtoftBanerjee2__expensive(int)).Non-interference contract.0.key; caused by: de.uka.ilkd.key.proof.init.ProofInputException: Could not find rule file rules/intRulesCheckedSemantics.key)
	at de.uka.ilkd.key.control.AbstractUserInterfaceControl.load(AbstractUserInterfaceControl.java:221)
	at de.uka.ilkd.key.control.KeYEnvironment.load(KeYEnvironment.java:251)
	at de.uka.ilkd.key.control.KeYEnvironment.load(KeYEnvironment.java:224)
	at de.uka.ilkd.key.control.KeYEnvironment.load(KeYEnvironment.java:184)
	at de.uka.ilkd.key.control.KeYEnvironment.load(KeYEnvironment.java:261)
	at de.uka.ilkd.key.proof.runallproofs.proofcollection.TestFile.load(TestFile.java:270)
	at de.uka.ilkd.key.proof.runallproofs.proofcollection.TestFile.runKey(TestFile.java:160)
	at de.uka.ilkd.key.proof.runallproofs.proofcollection.ForkedTestFileRunner.main(ForkedTestFileRunner.java:171)
Caused by: de.uka.ilkd.key.proof.init.ProofInputException: Could not find rule file rules/intRulesCheckedSemantics.key
	at de.uka.ilkd.key.proof.io.KeYFile.readIncludes(KeYFile.java:210)
	at de.uka.ilkd.key.proof.init.ProblemInitializer.readIncludes(ProblemInitializer.java:177)
	at de.uka.ilkd.key.proof.init.ProblemInitializer.readEnvInput(ProblemInitializer.java:325)
	at de.uka.ilkd.key.proof.init.ProblemInitializer.prepare(ProblemInitializer.java:449)
	at de.uka.ilkd.key.proof.io.AbstractProblemLoader.createInitConfig(AbstractProblemLoader.java:518)
	at de.uka.ilkd.key.proof.io.AbstractProblemLoader.loadEnvironment(AbstractProblemLoader.java:288)
	at de.uka.ilkd.key.proof.io.AbstractProblemLoader.load(AbstractProblemLoader.java:252)
	at de.uka.ilkd.key.control.AbstractUserInterfaceControl.load(AbstractUserInterfaceControl.java:209)
	... 7 more
Caused by: java.lang.RuntimeException: Could not find rule file rules/intRulesCheckedSemantics.key
	at de.uka.ilkd.key.proof.io.RuleSourceFactory.fromBuiltInRule(RuleSourceFactory.java:32)
	at de.uka.ilkd.key.proof.io.RuleSourceFactory.fromDefaultLocation(RuleSourceFactory.java:21)
	at de.uka.ilkd.key.nparser.builder.IncludeFinder.addInclude(IncludeFinder.java:63)
	at de.uka.ilkd.key.nparser.builder.IncludeFinder.visitOne_include(IncludeFinder.java:43)
	at de.uka.ilkd.key.nparser.builder.IncludeFinder.visitOne_include(IncludeFinder.java:20)
	at de.uka.ilkd.key.nparser.KeYParser$One_includeContext.accept(KeYParser.java:878)
	at de.uka.ilkd.key.nparser.builder.AbstractBuilder.lambda$mapOf$0(AbstractBuilder.java:112)
	at java.base/java.util.stream.ReferencePipeline$3$1.accept(ReferencePipeline.java:195)
	at java.base/java.util.ArrayList$ArrayListSpliterator.forEachRemaining(ArrayList.java:1655)
	at java.base/java.util.stream.AbstractPipeline.copyInto(AbstractPipeline.java:484)
	at java.base/java.util.stream.AbstractPipeline.wrapAndCopyInto(AbstractPipeline.java:474)
	at java.base/java.util.stream.ReduceOps$ReduceOp.evaluateSequential(ReduceOps.java:913)
	at java.base/java.util.stream.AbstractPipeline.evaluate(AbstractPipeline.java:234)
	at java.base/java.util.stream.ReferencePipeline.collect(ReferencePipeline.java:578)
	at de.uka.ilkd.key.nparser.builder.AbstractBuilder.mapOf(AbstractBuilder.java:112)
	at de.uka.ilkd.key.nparser.builder.IncludeFinder.visitOne_include_statement(IncludeFinder.java:35)
	at de.uka.ilkd.key.nparser.builder.IncludeFinder.visitOne_include_statement(IncludeFinder.java:20)
	at de.uka.ilkd.key.nparser.KeYParser$One_include_statementContext.accept(KeYParser.java:802)
	at org.antlr.v4.runtime.tree.AbstractParseTreeVisitor.visitChildren(AbstractParseTreeVisitor.java:46)
	at de.uka.ilkd.key.nparser.KeYParserBaseVisitor.visitDecls(KeYParserBaseVisitor.java:30)
	at de.uka.ilkd.key.nparser.KeYParser$DeclsContext.accept(KeYParser.java:500)
	at org.antlr.v4.runtime.tree.AbstractParseTreeVisitor.visitChildren(AbstractParseTreeVisitor.java:46)
	at de.uka.ilkd.key.nparser.KeYParserBaseVisitor.visitFile(KeYParserBaseVisitor.java:23)
	at de.uka.ilkd.key.nparser.KeYParser$FileContext.accept(KeYParser.java:306)
	at de.uka.ilkd.key.nparser.KeyAst.accept(KeyAst.java:41)
	at de.uka.ilkd.key.nparser.KeyAst$File.getIncludes(KeyAst.java:76)
	at de.uka.ilkd.key.proof.io.KeYFile.readIncludes(KeYFile.java:208)
	... 14 more
Could not find rule file rules/intRulesCheckedSemantics.key (file: /home/runner/work/key/key/key.core/../key.ui/examples/index/../InformationFlow/NewObjects/object.AmtoftBanerjee2(object.AmtoftBanerjee2__cexp(int)).Non-interference contract.0.key; caused by: de.uka.ilkd.key.proof.init.ProofInputException: Could not find rule file rules/intRulesCheckedSemantics.key)
	at de.uka.ilkd.key.control.AbstractUserInterfaceControl.load(AbstractUserInterfaceControl.java:221)
	at de.uka.ilkd.key.control.KeYEnvironment.load(KeYEnvironment.java:251)
	at de.uka.ilkd.key.control.KeYEnvironment.load(KeYEnvironment.java:224)
	at de.uka.ilkd.key.control.KeYEnvironment.load(KeYEnvironment.java:184)
	at de.uka.ilkd.key.control.KeYEnvironment.load(KeYEnvironment.java:261)
	at de.uka.ilkd.key.proof.runallproofs.proofcollection.TestFile.load(TestFile.java:270)
	at de.uka.ilkd.key.proof.runallproofs.proofcollection.TestFile.runKey(TestFile.java:160)
	at de.uka.ilkd.key.proof.runallproofs.proofcollection.ForkedTestFileRunner.main(ForkedTestFileRunner.java:171)
Caused by: de.uka.ilkd.key.proof.init.ProofInputException: Could not find rule file rules/intRulesCheckedSemantics.key
	at de.uka.ilkd.key.proof.io.KeYFile.readIncludes(KeYFile.java:210)
	at de.uka.ilkd.key.proof.init.ProblemInitializer.readIncludes(ProblemInitializer.java:177)
	at de.uka.ilkd.key.proof.init.ProblemInitializer.readEnvInput(ProblemInitializer.java:325)
	at de.uka.ilkd.key.proof.init.ProblemInitializer.prepare(ProblemInitializer.java:449)
	at de.uka.ilkd.key.proof.io.AbstractProblemLoader.createInitConfig(AbstractProblemLoader.java:518)
	at de.uka.ilkd.key.proof.io.AbstractProblemLoader.loadEnvironment(AbstractProblemLoader.java:288)
	at de.uka.ilkd.key.proof.io.AbstractProblemLoader.load(AbstractProblemLoader.java:252)
	at de.uka.ilkd.key.control.AbstractUserInterfaceControl.load(AbstractUserInterfaceControl.java:209)
	... 7 more
Caused by: java.lang.RuntimeException: Could not find rule file rules/intRulesCheckedSemantics.key
	at de.uka.ilkd.key.proof.io.RuleSourceFactory.fromBuiltInRule(RuleSourceFactory.java:32)
	at de.uka.ilkd.key.proof.io.RuleSourceFactory.fromDefaultLocation(RuleSourceFactory.java:21)
	at de.uka.ilkd.key.nparser.builder.IncludeFinder.addInclude(IncludeFinder.java:63)
	at de.uka.ilkd.key.nparser.builder.IncludeFinder.visitOne_include(IncludeFinder.java:43)
	at de.uka.ilkd.key.nparser.builder.IncludeFinder.visitOne_include(IncludeFinder.java:20)
	at de.uka.ilkd.key.nparser.KeYParser$One_includeContext.accept(KeYParser.java:878)
	at de.uka.ilkd.key.nparser.builder.AbstractBuilder.lambda$mapOf$0(AbstractBuilder.java:112)
	at java.base/java.util.stream.ReferencePipeline$3$1.accept(ReferencePipeline.java:195)
	at java.base/java.util.ArrayList$ArrayListSpliterator.forEachRemaining(ArrayList.java:1655)
	at java.base/java.util.stream.AbstractPipeline.copyInto(AbstractPipeline.java:484)
	at java.base/java.util.stream.AbstractPipeline.wrapAndCopyInto(AbstractPipeline.java:474)
	at java.base/java.util.stream.ReduceOps$ReduceOp.evaluateSequential(ReduceOps.java:913)
	at java.base/java.util.stream.AbstractPipeline.evaluate(AbstractPipeline.java:234)
	at java.base/java.util.stream.ReferencePipeline.collect(ReferencePipeline.java:578)
	at de.uka.ilkd.key.nparser.builder.AbstractBuilder.mapOf(AbstractBuilder.java:112)
	at de.uka.ilkd.key.nparser.builder.IncludeFinder.visitOne_include_statement(IncludeFinder.java:35)
	at de.uka.ilkd.key.nparser.builder.IncludeFinder.visitOne_include_statement(IncludeFinder.java:20)
	at de.uka.ilkd.key.nparser.KeYParser$One_include_statementContext.accept(KeYParser.java:802)
	at org.antlr.v4.runtime.tree.AbstractParseTreeVisitor.visitChildren(AbstractParseTreeVisitor.java:46)
	at de.uka.ilkd.key.nparser.KeYParserBaseVisitor.visitDecls(KeYParserBaseVisitor.java:30)
	at de.uka.ilkd.key.nparser.KeYParser$DeclsContext.accept(KeYParser.java:500)
	at org.antlr.v4.runtime.tree.AbstractParseTreeVisitor.visitChildren(AbstractParseTreeVisitor.java:46)
	at de.uka.ilkd.key.nparser.KeYParserBaseVisitor.visitFile(KeYParserBaseVisitor.java:23)
	at de.uka.ilkd.key.nparser.KeYParser$FileContext.accept(KeYParser.java:306)
	at de.uka.ilkd.key.nparser.KeyAst.accept(KeyAst.java:41)
	at de.uka.ilkd.key.nparser.KeyAst$File.getIncludes(KeyAst.java:76)
	at de.uka.ilkd.key.proof.io.KeYFile.readIncludes(KeYFile.java:208)
	... 14 more
Exception in thread "main" org.opentest4j.AssertionFailedError: Exception during the execution of proofs. See log for more details.
	at org.junit.jupiter.api.AssertionUtils.fail(AssertionUtils.java:39)
	at org.junit.jupiter.api.Assertions.fail(Assertions.java:134)
	at de.uka.ilkd.key.proof.runallproofs.proofcollection.ForkedTestFileRunner.main(ForkedTestFileRunner.java:192)
Timeout watcher launched (1000 secs.)
Could not find rule file rules/intRulesCheckedSemantics.key (file: /home/runner/work/key/key/key.core/../key.ui/examples/index/../InformationFlow/SimpleEvoting/simple_evoting.Environment(simple_evoting.Environment__untrustedOutputMessage((B)).Non-interference contract.0.key; caused by: de.uka.ilkd.key.proof.init.ProofInputException: Could not find rule file rules/intRulesCheckedSemantics.key)
	at de.uka.ilkd.key.control.AbstractUserInterfaceControl.load(AbstractUserInterfaceControl.java:221)
	at de.uka.ilkd.key.control.KeYEnvironment.load(KeYEnvironment.java:251)
	at de.uka.ilkd.key.control.KeYEnvironment.load(KeYEnvironment.java:224)
	at de.uka.ilkd.key.control.KeYEnvironment.load(KeYEnvironment.java:184)
	at de.uka.ilkd.key.control.KeYEnvironment.load(KeYEnvironment.java:261)
	at de.uka.ilkd.key.proof.runallproofs.proofcollection.TestFile.load(TestFile.java:270)
	at de.uka.ilkd.key.proof.runallproofs.proofcollection.TestFile.runKey(TestFile.java:160)
	at de.uka.ilkd.key.proof.runallproofs.proofcollection.ForkedTestFileRunner.main(ForkedTestFileRunner.java:171)
Caused by: de.uka.ilkd.key.proof.init.ProofInputException: Could not find rule file rules/intRulesCheckedSemantics.key
	at de.uka.ilkd.key.proof.io.KeYFile.readIncludes(KeYFile.java:210)
	at de.uka.ilkd.key.proof.init.ProblemInitializer.readIncludes(ProblemInitializer.java:177)
	at de.uka.ilkd.key.proof.init.ProblemInitializer.readEnvInput(ProblemInitializer.java:325)
	at de.uka.ilkd.key.proof.init.ProblemInitializer.prepare(ProblemInitializer.java:449)
	at de.uka.ilkd.key.proof.io.AbstractProblemLoader.createInitConfig(AbstractProblemLoader.java:518)
	at de.uka.ilkd.key.proof.io.AbstractProblemLoader.loadEnvironment(AbstractProblemLoader.java:288)
	at de.uka.ilkd.key.proof.io.AbstractProblemLoader.load(AbstractProblemLoader.java:252)
	at de.uka.ilkd.key.control.AbstractUserInterfaceControl.load(AbstractUserInterfaceControl.java:209)
	... 7 more
Caused by: java.lang.RuntimeException: Could not find rule file rules/intRulesCheckedSemantics.key
	at de.uka.ilkd.key.proof.io.RuleSourceFactory.fromBuiltInRule(RuleSourceFactory.java:32)
	at de.uka.ilkd.key.proof.io.RuleSourceFactory.fromDefaultLocation(RuleSourceFactory.java:21)
	at de.uka.ilkd.key.nparser.builder.IncludeFinder.addInclude(IncludeFinder.java:63)
	at de.uka.ilkd.key.nparser.builder.IncludeFinder.visitOne_include(IncludeFinder.java:43)
	at de.uka.ilkd.key.nparser.builder.IncludeFinder.visitOne_include(IncludeFinder.java:20)
	at de.uka.ilkd.key.nparser.KeYParser$One_includeContext.accept(KeYParser.java:878)
	at de.uka.ilkd.key.nparser.builder.AbstractBuilder.lambda$mapOf$0(AbstractBuilder.java:112)
	at java.base/java.util.stream.ReferencePipeline$3$1.accept(ReferencePipeline.java:195)
	at java.base/java.util.ArrayList$ArrayListSpliterator.forEachRemaining(ArrayList.java:1655)
	at java.base/java.util.stream.AbstractPipeline.copyInto(AbstractPipeline.java:484)
	at java.base/java.util.stream.AbstractPipeline.wrapAndCopyInto(AbstractPipeline.java:474)
	at java.base/java.util.stream.ReduceOps$ReduceOp.evaluateSequential(ReduceOps.java:913)
	at java.base/java.util.stream.AbstractPipeline.evaluate(AbstractPipeline.java:234)
	at java.base/java.util.stream.ReferencePipeline.collect(ReferencePipeline.java:578)
	at de.uka.ilkd.key.nparser.builder.AbstractBuilder.mapOf(AbstractBuilder.java:112)
	at de.uka.ilkd.key.nparser.builder.IncludeFinder.visitOne_include_statement(IncludeFinder.java:35)
	at de.uka.ilkd.key.nparser.builder.IncludeFinder.visitOne_include_statement(IncludeFinder.java:20)
	at de.uka.ilkd.key.nparser.KeYParser$One_include_statementContext.accept(KeYParser.java:802)
	at org.antlr.v4.runtime.tree.AbstractParseTreeVisitor.visitChildren(AbstractParseTreeVisitor.java:46)
	at de.uka.ilkd.key.nparser.KeYParserBaseVisitor.visitDecls(KeYParserBaseVisitor.java:30)
	at de.uka.ilkd.key.nparser.KeYParser$DeclsContext.accept(KeYParser.java:500)
	at org.antlr.v4.runtime.tree.AbstractParseTreeVisitor.visitChildren(AbstractParseTreeVisitor.java:46)
	at de.uka.ilkd.key.nparser.KeYParserBaseVisitor.visitFile(KeYParserBaseVisitor.java:23)
	at de.uka.ilkd.key.nparser.KeYParser$FileContext.accept(KeYParser.java:306)
	at de.uka.ilkd.key.nparser.KeyAst.accept(KeyAst.java:41)
	at de.uka.ilkd.key.nparser.KeyAst$File.getIncludes(KeyAst.java:76)
	at de.uka.ilkd.key.proof.io.KeYFile.readIncludes(KeYFile.java:208)
	... 14 more
Could not find rule file rules/intRulesCheckedSemantics.key (file: /home/runner/work/key/key/key.core/../key.ui/examples/index/../InformationFlow/SimpleEvoting/simple_evoting.Environment(simple_evoting.Environment__untrustedOutput(int)).Non-interference contract.0.key; caused by: de.uka.ilkd.key.proof.init.ProofInputException: Could not find rule file rules/intRulesCheckedSemantics.key)
	at de.uka.ilkd.key.control.AbstractUserInterfaceControl.load(AbstractUserInterfaceControl.java:221)
	at de.uka.ilkd.key.control.KeYEnvironment.load(KeYEnvironment.java:251)
	at de.uka.ilkd.key.control.KeYEnvironment.load(KeYEnvironment.java:224)
	at de.uka.ilkd.key.control.KeYEnvironment.load(KeYEnvironment.java:184)
	at de.uka.ilkd.key.control.KeYEnvironment.load(KeYEnvironment.java:261)
	at de.uka.ilkd.key.proof.runallproofs.proofcollection.TestFile.load(TestFile.java:270)
	at de.uka.ilkd.key.proof.runallproofs.proofcollection.TestFile.runKey(TestFile.java:160)
	at de.uka.ilkd.key.proof.runallproofs.proofcollection.ForkedTestFileRunner.main(ForkedTestFileRunner.java:171)
Caused by: de.uka.ilkd.key.proof.init.ProofInputException: Could not find rule file rules/intRulesCheckedSemantics.key
	at de.uka.ilkd.key.proof.io.KeYFile.readIncludes(KeYFile.java:210)
	at de.uka.ilkd.key.proof.init.ProblemInitializer.readIncludes(ProblemInitializer.java:177)
	at de.uka.ilkd.key.proof.init.ProblemInitializer.readEnvInput(ProblemInitializer.java:325)
	at de.uka.ilkd.key.proof.init.ProblemInitializer.prepare(ProblemInitializer.java:449)
	at de.uka.ilkd.key.proof.io.AbstractProblemLoader.createInitConfig(AbstractProblemLoader.java:518)
	at de.uka.ilkd.key.proof.io.AbstractProblemLoader.loadEnvironment(AbstractProblemLoader.java:288)
	at de.uka.ilkd.key.proof.io.AbstractProblemLoader.load(AbstractProblemLoader.java:252)
	at de.uka.ilkd.key.control.AbstractUserInterfaceControl.load(AbstractUserInterfaceControl.java:209)
	... 7 more
Caused by: java.lang.RuntimeException: Could not find rule file rules/intRulesCheckedSemantics.key
	at de.uka.ilkd.key.proof.io.RuleSourceFactory.fromBuiltInRule(RuleSourceFactory.java:32)
	at de.uka.ilkd.key.proof.io.RuleSourceFactory.fromDefaultLocation(RuleSourceFactory.java:21)
	at de.uka.ilkd.key.nparser.builder.IncludeFinder.addInclude(IncludeFinder.java:63)
	at de.uka.ilkd.key.nparser.builder.IncludeFinder.visitOne_include(IncludeFinder.java:43)
	at de.uka.ilkd.key.nparser.builder.IncludeFinder.visitOne_include(IncludeFinder.java:20)
	at de.uka.ilkd.key.nparser.KeYParser$One_includeContext.accept(KeYParser.java:878)
	at de.uka.ilkd.key.nparser.builder.AbstractBuilder.lambda$mapOf$0(AbstractBuilder.java:112)
	at java.base/java.util.stream.ReferencePipeline$3$1.accept(ReferencePipeline.java:195)
	at java.base/java.util.ArrayList$ArrayListSpliterator.forEachRemaining(ArrayList.java:1655)
	at java.base/java.util.stream.AbstractPipeline.copyInto(AbstractPipeline.java:484)
	at java.base/java.util.stream.AbstractPipeline.wrapAndCopyInto(AbstractPipeline.java:474)
	at java.base/java.util.stream.ReduceOps$ReduceOp.evaluateSequential(ReduceOps.java:913)
	at java.base/java.util.stream.AbstractPipeline.evaluate(AbstractPipeline.java:234)
	at java.base/java.util.stream.ReferencePipeline.collect(ReferencePipeline.java:578)
	at de.uka.ilkd.key.nparser.builder.AbstractBuilder.mapOf(AbstractBuilder.java:112)
	at de.uka.ilkd.key.nparser.builder.IncludeFinder.visitOne_include_statement(IncludeFinder.java:35)
	at de.uka.ilkd.key.nparser.builder.IncludeFinder.visitOne_include_statement(IncludeFinder.java:20)
	at de.uka.ilkd.key.nparser.KeYParser$One_include_statementContext.accept(KeYParser.java:802)
	at org.antlr.v4.runtime.tree.AbstractParseTreeVisitor.visitChildren(AbstractParseTreeVisitor.java:46)
	at de.uka.ilkd.key.nparser.KeYParserBaseVisitor.visitDecls(KeYParserBaseVisitor.java:30)
	at de.uka.ilkd.key.nparser.KeYParser$DeclsContext.accept(KeYParser.java:500)
	at org.antlr.v4.runtime.tree.AbstractParseTreeVisitor.visitChildren(AbstractParseTreeVisitor.java:46)
	at de.uka.ilkd.key.nparser.KeYParserBaseVisitor.visitFile(KeYParserBaseVisitor.java:23)
	at de.uka.ilkd.key.nparser.KeYParser$FileContext.accept(KeYParser.java:306)
	at de.uka.ilkd.key.nparser.KeyAst.accept(KeyAst.java:41)
	at de.uka.ilkd.key.nparser.KeyAst$File.getIncludes(KeyAst.java:76)
	at de.uka.ilkd.key.proof.io.KeYFile.readIncludes(KeYFile.java:208)
	... 14 more
Could not find rule file rules/intRulesCheckedSemantics.key (file: /home/runner/work/key/key/key.core/../key.ui/examples/index/../InformationFlow/SimpleEvoting/simple_evoting.Environment(simple_evoting.Environment__untrustedInput(int)).Non-interference contract.0.key; caused by: de.uka.ilkd.key.proof.init.ProofInputException: Could not find rule file rules/intRulesCheckedSemantics.key)
	at de.uka.ilkd.key.control.AbstractUserInterfaceControl.load(AbstractUserInterfaceControl.java:221)
	at de.uka.ilkd.key.control.KeYEnvironment.load(KeYEnvironment.java:251)
	at de.uka.ilkd.key.control.KeYEnvironment.load(KeYEnvironment.java:224)
	at de.uka.ilkd.key.control.KeYEnvironment.load(KeYEnvironment.java:184)
	at de.uka.ilkd.key.control.KeYEnvironment.load(KeYEnvironment.java:261)
	at de.uka.ilkd.key.proof.runallproofs.proofcollection.TestFile.load(TestFile.java:270)
	at de.uka.ilkd.key.proof.runallproofs.proofcollection.TestFile.runKey(TestFile.java:160)
	at de.uka.ilkd.key.proof.runallproofs.proofcollection.ForkedTestFileRunner.main(ForkedTestFileRunner.java:171)
Caused by: de.uka.ilkd.key.proof.init.ProofInputException: Could not find rule file rules/intRulesCheckedSemantics.key
	at de.uka.ilkd.key.proof.io.KeYFile.readIncludes(KeYFile.java:210)
	at de.uka.ilkd.key.proof.init.ProblemInitializer.readIncludes(ProblemInitializer.java:177)
	at de.uka.ilkd.key.proof.init.ProblemInitializer.readEnvInput(ProblemInitializer.java:325)
	at de.uka.ilkd.key.proof.init.ProblemInitializer.prepare(ProblemInitializer.java:449)
	at de.uka.ilkd.key.proof.io.AbstractProblemLoader.createInitConfig(AbstractProblemLoader.java:518)
	at de.uka.ilkd.key.proof.io.AbstractProblemLoader.loadEnvironment(AbstractProblemLoader.java:288)
	at de.uka.ilkd.key.proof.io.AbstractProblemLoader.load(AbstractProblemLoader.java:252)
	at de.uka.ilkd.key.control.AbstractUserInterfaceControl.load(AbstractUserInterfaceControl.java:209)
	... 7 more
Caused by: java.lang.RuntimeException: Could not find rule file rules/intRulesCheckedSemantics.key
	at de.uka.ilkd.key.proof.io.RuleSourceFactory.fromBuiltInRule(RuleSourceFactory.java:32)
	at de.uka.ilkd.key.proof.io.RuleSourceFactory.fromDefaultLocation(RuleSourceFactory.java:21)
	at de.uka.ilkd.key.nparser.builder.IncludeFinder.addInclude(IncludeFinder.java:63)
	at de.uka.ilkd.key.nparser.builder.IncludeFinder.visitOne_include(IncludeFinder.java:43)
	at de.uka.ilkd.key.nparser.builder.IncludeFinder.visitOne_include(IncludeFinder.java:20)
	at de.uka.ilkd.key.nparser.KeYParser$One_includeContext.accept(KeYParser.java:878)
	at de.uka.ilkd.key.nparser.builder.AbstractBuilder.lambda$mapOf$0(AbstractBuilder.java:112)
	at java.base/java.util.stream.ReferencePipeline$3$1.accept(ReferencePipeline.java:195)
	at java.base/java.util.ArrayList$ArrayListSpliterator.forEachRemaining(ArrayList.java:1655)
	at java.base/java.util.stream.AbstractPipeline.copyInto(AbstractPipeline.java:484)
	at java.base/java.util.stream.AbstractPipeline.wrapAndCopyInto(AbstractPipeline.java:474)
	at java.base/java.util.stream.ReduceOps$ReduceOp.evaluateSequential(ReduceOps.java:913)
	at java.base/java.util.stream.AbstractPipeline.evaluate(AbstractPipeline.java:234)
	at java.base/java.util.stream.ReferencePipeline.collect(ReferencePipeline.java:578)
	at de.uka.ilkd.key.nparser.builder.AbstractBuilder.mapOf(AbstractBuilder.java:112)
	at de.uka.ilkd.key.nparser.builder.IncludeFinder.visitOne_include_statement(IncludeFinder.java:35)
	at de.uka.ilkd.key.nparser.builder.IncludeFinder.visitOne_include_statement(IncludeFinder.java:20)
	at de.uka.ilkd.key.nparser.KeYParser$One_include_statementContext.accept(KeYParser.java:802)
	at org.antlr.v4.runtime.tree.AbstractParseTreeVisitor.visitChildren(AbstractParseTreeVisitor.java:46)
	at de.uka.ilkd.key.nparser.KeYParserBaseVisitor.visitDecls(KeYParserBaseVisitor.java:30)
	at de.uka.ilkd.key.nparser.KeYParser$DeclsContext.accept(KeYParser.java:500)
	at org.antlr.v4.runtime.tree.AbstractParseTreeVisitor.visitChildren(AbstractParseTreeVisitor.java:46)
	at de.uka.ilkd.key.nparser.KeYParserBaseVisitor.visitFile(KeYParserBaseVisitor.java:23)
	at de.uka.ilkd.key.nparser.KeYParser$FileContext.accept(KeYParser.java:306)
	at de.uka.ilkd.key.nparser.KeyAst.accept(KeyAst.java:41)
	at de.uka.ilkd.key.nparser.KeyAst$File.getIncludes(KeyAst.java:76)
	at de.uka.ilkd.key.proof.io.KeYFile.readIncludes(KeYFile.java:208)
	... 14 more
Could not find rule file rules/intRulesCheckedSemantics.key (file: /home/runner/work/key/key/key.core/../key.ui/examples/index/../InformationFlow/SimpleEvoting/simple_evoting.Environment(simple_evoting.Environment__untrustedInput()).Non-interference contract.0.key; caused by: de.uka.ilkd.key.proof.init.ProofInputException: Could not find rule file rules/intRulesCheckedSemantics.key)
	at de.uka.ilkd.key.control.AbstractUserInterfaceControl.load(AbstractUserInterfaceControl.java:221)
	at de.uka.ilkd.key.control.KeYEnvironment.load(KeYEnvironment.java:251)
	at de.uka.ilkd.key.control.KeYEnvironment.load(KeYEnvironment.java:224)
	at de.uka.ilkd.key.control.KeYEnvironment.load(KeYEnvironment.java:184)
	at de.uka.ilkd.key.control.KeYEnvironment.load(KeYEnvironment.java:261)
	at de.uka.ilkd.key.proof.runallproofs.proofcollection.TestFile.load(TestFile.java:270)
	at de.uka.ilkd.key.proof.runallproofs.proofcollection.TestFile.runKey(TestFile.java:160)
	at de.uka.ilkd.key.proof.runallproofs.proofcollection.ForkedTestFileRunner.main(ForkedTestFileRunner.java:171)
Caused by: de.uka.ilkd.key.proof.init.ProofInputException: Could not find rule file rules/intRulesCheckedSemantics.key
	at de.uka.ilkd.key.proof.io.KeYFile.readIncludes(KeYFile.java:210)
	at de.uka.ilkd.key.proof.init.ProblemInitializer.readIncludes(ProblemInitializer.java:177)
	at de.uka.ilkd.key.proof.init.ProblemInitializer.readEnvInput(ProblemInitializer.java:325)
	at de.uka.ilkd.key.proof.init.ProblemInitializer.prepare(ProblemInitializer.java:449)
	at de.uka.ilkd.key.proof.io.AbstractProblemLoader.createInitConfig(AbstractProblemLoader.java:518)
	at de.uka.ilkd.key.proof.io.AbstractProblemLoader.loadEnvironment(AbstractProblemLoader.java:288)
	at de.uka.ilkd.key.proof.io.AbstractProblemLoader.load(AbstractProblemLoader.java:252)
	at de.uka.ilkd.key.control.AbstractUserInterfaceControl.load(AbstractUserInterfaceControl.java:209)
	... 7 more
Caused by: java.lang.RuntimeException: Could not find rule file rules/intRulesCheckedSemantics.key
	at de.uka.ilkd.key.proof.io.RuleSourceFactory.fromBuiltInRule(RuleSourceFactory.java:32)
	at de.uka.ilkd.key.proof.io.RuleSourceFactory.fromDefaultLocation(RuleSourceFactory.java:21)
	at de.uka.ilkd.key.nparser.builder.IncludeFinder.addInclude(IncludeFinder.java:63)
	at de.uka.ilkd.key.nparser.builder.IncludeFinder.visitOne_include(IncludeFinder.java:43)
	at de.uka.ilkd.key.nparser.builder.IncludeFinder.visitOne_include(IncludeFinder.java:20)
	at de.uka.ilkd.key.nparser.KeYParser$One_includeContext.accept(KeYParser.java:878)
	at de.uka.ilkd.key.nparser.builder.AbstractBuilder.lambda$mapOf$0(AbstractBuilder.java:112)
	at java.base/java.util.stream.ReferencePipeline$3$1.accept(ReferencePipeline.java:195)
	at java.base/java.util.ArrayList$ArrayListSpliterator.forEachRemaining(ArrayList.java:1655)
	at java.base/java.util.stream.AbstractPipeline.copyInto(AbstractPipeline.java:484)
	at java.base/java.util.stream.AbstractPipeline.wrapAndCopyInto(AbstractPipeline.java:474)
	at java.base/java.util.stream.ReduceOps$ReduceOp.evaluateSequential(ReduceOps.java:913)
	at java.base/java.util.stream.AbstractPipeline.evaluate(AbstractPipeline.java:234)
	at java.base/java.util.stream.ReferencePipeline.collect(ReferencePipeline.java:578)
	at de.uka.ilkd.key.nparser.builder.AbstractBuilder.mapOf(AbstractBuilder.java:112)
	at de.uka.ilkd.key.nparser.builder.IncludeFinder.visitOne_include_statement(IncludeFinder.java:35)
	at de.uka.ilkd.key.nparser.builder.IncludeFinder.visitOne_include_statement(IncludeFinder.java:20)
	at de.uka.ilkd.key.nparser.KeYParser$One_include_statementContext.accept(KeYParser.java:802)
	at org.antlr.v4.runtime.tree.AbstractParseTreeVisitor.visitChildren(AbstractParseTreeVisitor.java:46)
	at de.uka.ilkd.key.nparser.KeYParserBaseVisitor.visitDecls(KeYParserBaseVisitor.java:30)
	at de.uka.ilkd.key.nparser.KeYParser$DeclsContext.accept(KeYParser.java:500)
	at org.antlr.v4.runtime.tree.AbstractParseTreeVisitor.visitChildren(AbstractParseTreeVisitor.java:46)
	at de.uka.ilkd.key.nparser.KeYParserBaseVisitor.visitFile(KeYParserBaseVisitor.java:23)
	at de.uka.ilkd.key.nparser.KeYParser$FileContext.accept(KeYParser.java:306)
	at de.uka.ilkd.key.nparser.KeyAst.accept(KeyAst.java:41)
	at de.uka.ilkd.key.nparser.KeyAst$File.getIncludes(KeyAst.java:76)
	at de.uka.ilkd.key.proof.io.KeYFile.readIncludes(KeYFile.java:208)
	... 14 more
Could not find rule file rules/intRulesCheckedSemantics.key (file: /home/runner/work/key/key/key.core/../key.ui/examples/index/../InformationFlow/SimpleEvoting/simple_evoting.SMT(simple_evoting.SMT__send(simple_evoting.Message,int,simple_evoting.Server)).Non-interference contract.1.key; caused by: de.uka.ilkd.key.proof.init.ProofInputException: Could not find rule file rules/intRulesCheckedSemantics.key)
	at de.uka.ilkd.key.control.AbstractUserInterfaceControl.load(AbstractUserInterfaceControl.java:221)
	at de.uka.ilkd.key.control.KeYEnvironment.load(KeYEnvironment.java:251)
	at de.uka.ilkd.key.control.KeYEnvironment.load(KeYEnvironment.java:224)
	at de.uka.ilkd.key.control.KeYEnvironment.load(KeYEnvironment.java:184)
	at de.uka.ilkd.key.control.KeYEnvironment.load(KeYEnvironment.java:261)
	at de.uka.ilkd.key.proof.runallproofs.proofcollection.TestFile.load(TestFile.java:270)
	at de.uka.ilkd.key.proof.runallproofs.proofcollection.TestFile.runKey(TestFile.java:160)
	at de.uka.ilkd.key.proof.runallproofs.proofcollection.ForkedTestFileRunner.main(ForkedTestFileRunner.java:171)
Caused by: de.uka.ilkd.key.proof.init.ProofInputException: Could not find rule file rules/intRulesCheckedSemantics.key
	at de.uka.ilkd.key.proof.io.KeYFile.readIncludes(KeYFile.java:210)
	at de.uka.ilkd.key.proof.init.ProblemInitializer.readIncludes(ProblemInitializer.java:177)
	at de.uka.ilkd.key.proof.init.ProblemInitializer.readEnvInput(ProblemInitializer.java:325)
	at de.uka.ilkd.key.proof.init.ProblemInitializer.prepare(ProblemInitializer.java:449)
	at de.uka.ilkd.key.proof.io.AbstractProblemLoader.createInitConfig(AbstractProblemLoader.java:518)
	at de.uka.ilkd.key.proof.io.AbstractProblemLoader.loadEnvironment(AbstractProblemLoader.java:288)
	at de.uka.ilkd.key.proof.io.AbstractProblemLoader.load(AbstractProblemLoader.java:252)
	at de.uka.ilkd.key.control.AbstractUserInterfaceControl.load(AbstractUserInterfaceControl.java:209)
	... 7 more
Caused by: java.lang.RuntimeException: Could not find rule file rules/intRulesCheckedSemantics.key
	at de.uka.ilkd.key.proof.io.RuleSourceFactory.fromBuiltInRule(RuleSourceFactory.java:32)
	at de.uka.ilkd.key.proof.io.RuleSourceFactory.fromDefaultLocation(RuleSourceFactory.java:21)
	at de.uka.ilkd.key.nparser.builder.IncludeFinder.addInclude(IncludeFinder.java:63)
	at de.uka.ilkd.key.nparser.builder.IncludeFinder.visitOne_include(IncludeFinder.java:43)
	at de.uka.ilkd.key.nparser.builder.IncludeFinder.visitOne_include(IncludeFinder.java:20)
	at de.uka.ilkd.key.nparser.KeYParser$One_includeContext.accept(KeYParser.java:878)
	at de.uka.ilkd.key.nparser.builder.AbstractBuilder.lambda$mapOf$0(AbstractBuilder.java:112)
	at java.base/java.util.stream.ReferencePipeline$3$1.accept(ReferencePipeline.java:195)
	at java.base/java.util.ArrayList$ArrayListSpliterator.forEachRemaining(ArrayList.java:1655)
	at java.base/java.util.stream.AbstractPipeline.copyInto(AbstractPipeline.java:484)
	at java.base/java.util.stream.AbstractPipeline.wrapAndCopyInto(AbstractPipeline.java:474)
	at java.base/java.util.stream.ReduceOps$ReduceOp.evaluateSequential(ReduceOps.java:913)
	at java.base/java.util.stream.AbstractPipeline.evaluate(AbstractPipeline.java:234)
	at java.base/java.util.stream.ReferencePipeline.collect(ReferencePipeline.java:578)
	at de.uka.ilkd.key.nparser.builder.AbstractBuilder.mapOf(AbstractBuilder.java:112)
	at de.uka.ilkd.key.nparser.builder.IncludeFinder.visitOne_include_statement(IncludeFinder.java:35)
	at de.uka.ilkd.key.nparser.builder.IncludeFinder.visitOne_include_statement(IncludeFinder.java:20)
	at de.uka.ilkd.key.nparser.KeYParser$One_include_statementContext.accept(KeYParser.java:802)
	at org.antlr.v4.runtime.tree.AbstractParseTreeVisitor.visitChildren(AbstractParseTreeVisitor.java:46)
	at de.uka.ilkd.key.nparser.KeYParserBaseVisitor.visitDecls(KeYParserBaseVisitor.java:30)
	at de.uka.ilkd.key.nparser.KeYParser$DeclsContext.accept(KeYParser.java:500)
	at org.antlr.v4.runtime.tree.AbstractParseTreeVisitor.visitChildren(AbstractParseTreeVisitor.java:46)
	at de.uka.ilkd.key.nparser.KeYParserBaseVisitor.visitFile(KeYParserBaseVisitor.java:23)
	at de.uka.ilkd.key.nparser.KeYParser$FileContext.accept(KeYParser.java:306)
	at de.uka.ilkd.key.nparser.KeyAst.accept(KeyAst.java:41)
	at de.uka.ilkd.key.nparser.KeyAst$File.getIncludes(KeyAst.java:76)
	at de.uka.ilkd.key.proof.io.KeYFile.readIncludes(KeYFile.java:208)
	... 14 more
Could not find rule file rules/intRulesCheckedSemantics.key (file: /home/runner/work/key/key/key.core/../key.ui/examples/index/../InformationFlow/SimpleEvoting/simple_evoting.SMT(simple_evoting.SMT__send(simple_evoting.Message,int,simple_evoting.Server)).Non-interference contract.0.key; caused by: de.uka.ilkd.key.proof.init.ProofInputException: Could not find rule file rules/intRulesCheckedSemantics.key)
	at de.uka.ilkd.key.control.AbstractUserInterfaceControl.load(AbstractUserInterfaceControl.java:221)
	at de.uka.ilkd.key.control.KeYEnvironment.load(KeYEnvironment.java:251)
	at de.uka.ilkd.key.control.KeYEnvironment.load(KeYEnvironment.java:224)
	at de.uka.ilkd.key.control.KeYEnvironment.load(KeYEnvironment.java:184)
	at de.uka.ilkd.key.control.KeYEnvironment.load(KeYEnvironment.java:261)
	at de.uka.ilkd.key.proof.runallproofs.proofcollection.TestFile.load(TestFile.java:270)
	at de.uka.ilkd.key.proof.runallproofs.proofcollection.TestFile.runKey(TestFile.java:160)
	at de.uka.ilkd.key.proof.runallproofs.proofcollection.ForkedTestFileRunner.main(ForkedTestFileRunner.java:171)
Caused by: de.uka.ilkd.key.proof.init.ProofInputException: Could not find rule file rules/intRulesCheckedSemantics.key
	at de.uka.ilkd.key.proof.io.KeYFile.readIncludes(KeYFile.java:210)
	at de.uka.ilkd.key.proof.init.ProblemInitializer.readIncludes(ProblemInitializer.java:177)
	at de.uka.ilkd.key.proof.init.ProblemInitializer.readEnvInput(ProblemInitializer.java:325)
	at de.uka.ilkd.key.proof.init.ProblemInitializer.prepare(ProblemInitializer.java:449)
	at de.uka.ilkd.key.proof.io.AbstractProblemLoader.createInitConfig(AbstractProblemLoader.java:518)
	at de.uka.ilkd.key.proof.io.AbstractProblemLoader.loadEnvironment(AbstractProblemLoader.java:288)
	at de.uka.ilkd.key.proof.io.AbstractProblemLoader.load(AbstractProblemLoader.java:252)
	at de.uka.ilkd.key.control.AbstractUserInterfaceControl.load(AbstractUserInterfaceControl.java:209)
	... 7 more
Caused by: java.lang.RuntimeException: Could not find rule file rules/intRulesCheckedSemantics.key
	at de.uka.ilkd.key.proof.io.RuleSourceFactory.fromBuiltInRule(RuleSourceFactory.java:32)
	at de.uka.ilkd.key.proof.io.RuleSourceFactory.fromDefaultLocation(RuleSourceFactory.java:21)
	at de.uka.ilkd.key.nparser.builder.IncludeFinder.addInclude(IncludeFinder.java:63)
	at de.uka.ilkd.key.nparser.builder.IncludeFinder.visitOne_include(IncludeFinder.java:43)
	at de.uka.ilkd.key.nparser.builder.IncludeFinder.visitOne_include(IncludeFinder.java:20)
	at de.uka.ilkd.key.nparser.KeYParser$One_includeContext.accept(KeYParser.java:878)
	at de.uka.ilkd.key.nparser.builder.AbstractBuilder.lambda$mapOf$0(AbstractBuilder.java:112)
	at java.base/java.util.stream.ReferencePipeline$3$1.accept(ReferencePipeline.java:195)
	at java.base/java.util.ArrayList$ArrayListSpliterator.forEachRemaining(ArrayList.java:1655)
	at java.base/java.util.stream.AbstractPipeline.copyInto(AbstractPipeline.java:484)
	at java.base/java.util.stream.AbstractPipeline.wrapAndCopyInto(AbstractPipeline.java:474)
	at java.base/java.util.stream.ReduceOps$ReduceOp.evaluateSequential(ReduceOps.java:913)
	at java.base/java.util.stream.AbstractPipeline.evaluate(AbstractPipeline.java:234)
	at java.base/java.util.stream.ReferencePipeline.collect(ReferencePipeline.java:578)
	at de.uka.ilkd.key.nparser.builder.AbstractBuilder.mapOf(AbstractBuilder.java:112)
	at de.uka.ilkd.key.nparser.builder.IncludeFinder.visitOne_include_statement(IncludeFinder.java:35)
	at de.uka.ilkd.key.nparser.builder.IncludeFinder.visitOne_include_statement(IncludeFinder.java:20)
	at de.uka.ilkd.key.nparser.KeYParser$One_include_statementContext.accept(KeYParser.java:802)
	at org.antlr.v4.runtime.tree.AbstractParseTreeVisitor.visitChildren(AbstractParseTreeVisitor.java:46)
	at de.uka.ilkd.key.nparser.KeYParserBaseVisitor.visitDecls(KeYParserBaseVisitor.java:30)
	at de.uka.ilkd.key.nparser.KeYParser$DeclsContext.accept(KeYParser.java:500)
	at org.antlr.v4.runtime.tree.AbstractParseTreeVisitor.visitChildren(AbstractParseTreeVisitor.java:46)
	at de.uka.ilkd.key.nparser.KeYParserBaseVisitor.visitFile(KeYParserBaseVisitor.java:23)
	at de.uka.ilkd.key.nparser.KeYParser$FileContext.accept(KeYParser.java:306)
	at de.uka.ilkd.key.nparser.KeyAst.accept(KeyAst.java:41)
	at de.uka.ilkd.key.nparser.KeyAst$File.getIncludes(KeyAst.java:76)
	at de.uka.ilkd.key.proof.io.KeYFile.readIncludes(KeYFile.java:208)
	... 14 more
Could not find rule file rules/intRulesCheckedSemantics.key (file: /home/runner/work/key/key/key.core/../key.ui/examples/index/../InformationFlow/SimpleEvoting/simple_evoting.NetworkClient(simple_evoting.NetworkClient__send((B,simple_evoting.Server,int)).Non-interference contract.0.key; caused by: de.uka.ilkd.key.proof.init.ProofInputException: Could not find rule file rules/intRulesCheckedSemantics.key)
	at de.uka.ilkd.key.control.AbstractUserInterfaceControl.load(AbstractUserInterfaceControl.java:221)
	at de.uka.ilkd.key.control.KeYEnvironment.load(KeYEnvironment.java:251)
	at de.uka.ilkd.key.control.KeYEnvironment.load(KeYEnvironment.java:224)
	at de.uka.ilkd.key.control.KeYEnvironment.load(KeYEnvironment.java:184)
	at de.uka.ilkd.key.control.KeYEnvironment.load(KeYEnvironment.java:261)
	at de.uka.ilkd.key.proof.runallproofs.proofcollection.TestFile.load(TestFile.java:270)
	at de.uka.ilkd.key.proof.runallproofs.proofcollection.TestFile.runKey(TestFile.java:160)
	at de.uka.ilkd.key.proof.runallproofs.proofcollection.ForkedTestFileRunner.main(ForkedTestFileRunner.java:171)
Caused by: de.uka.ilkd.key.proof.init.ProofInputException: Could not find rule file rules/intRulesCheckedSemantics.key
	at de.uka.ilkd.key.proof.io.KeYFile.readIncludes(KeYFile.java:210)
	at de.uka.ilkd.key.proof.init.ProblemInitializer.readIncludes(ProblemInitializer.java:177)
	at de.uka.ilkd.key.proof.init.ProblemInitializer.readEnvInput(ProblemInitializer.java:325)
	at de.uka.ilkd.key.proof.init.ProblemInitializer.prepare(ProblemInitializer.java:449)
	at de.uka.ilkd.key.proof.io.AbstractProblemLoader.createInitConfig(AbstractProblemLoader.java:518)
	at de.uka.ilkd.key.proof.io.AbstractProblemLoader.loadEnvironment(AbstractProblemLoader.java:288)
	at de.uka.ilkd.key.proof.io.AbstractProblemLoader.load(AbstractProblemLoader.java:252)
	at de.uka.ilkd.key.control.AbstractUserInterfaceControl.load(AbstractUserInterfaceControl.java:209)
	... 7 more
Caused by: java.lang.RuntimeException: Could not find rule file rules/intRulesCheckedSemantics.key
	at de.uka.ilkd.key.proof.io.RuleSourceFactory.fromBuiltInRule(RuleSourceFactory.java:32)
	at de.uka.ilkd.key.proof.io.RuleSourceFactory.fromDefaultLocation(RuleSourceFactory.java:21)
	at de.uka.ilkd.key.nparser.builder.IncludeFinder.addInclude(IncludeFinder.java:63)
	at de.uka.ilkd.key.nparser.builder.IncludeFinder.visitOne_include(IncludeFinder.java:43)
	at de.uka.ilkd.key.nparser.builder.IncludeFinder.visitOne_include(IncludeFinder.java:20)
	at de.uka.ilkd.key.nparser.KeYParser$One_includeContext.accept(KeYParser.java:878)
	at de.uka.ilkd.key.nparser.builder.AbstractBuilder.lambda$mapOf$0(AbstractBuilder.java:112)
	at java.base/java.util.stream.ReferencePipeline$3$1.accept(ReferencePipeline.java:195)
	at java.base/java.util.ArrayList$ArrayListSpliterator.forEachRemaining(ArrayList.java:1655)
	at java.base/java.util.stream.AbstractPipeline.copyInto(AbstractPipeline.java:484)
	at java.base/java.util.stream.AbstractPipeline.wrapAndCopyInto(AbstractPipeline.java:474)
	at java.base/java.util.stream.ReduceOps$ReduceOp.evaluateSequential(ReduceOps.java:913)
	at java.base/java.util.stream.AbstractPipeline.evaluate(AbstractPipeline.java:234)
	at java.base/java.util.stream.ReferencePipeline.collect(ReferencePipeline.java:578)
	at de.uka.ilkd.key.nparser.builder.AbstractBuilder.mapOf(AbstractBuilder.java:112)
	at de.uka.ilkd.key.nparser.builder.IncludeFinder.visitOne_include_statement(IncludeFinder.java:35)
	at de.uka.ilkd.key.nparser.builder.IncludeFinder.visitOne_include_statement(IncludeFinder.java:20)
	at de.uka.ilkd.key.nparser.KeYParser$One_include_statementContext.accept(KeYParser.java:802)
	at org.antlr.v4.runtime.tree.AbstractParseTreeVisitor.visitChildren(AbstractParseTreeVisitor.java:46)
	at de.uka.ilkd.key.nparser.KeYParserBaseVisitor.visitDecls(KeYParserBaseVisitor.java:30)
	at de.uka.ilkd.key.nparser.KeYParser$DeclsContext.accept(KeYParser.java:500)
	at org.antlr.v4.runtime.tree.AbstractParseTreeVisitor.visitChildren(AbstractParseTreeVisitor.java:46)
	at de.uka.ilkd.key.nparser.KeYParserBaseVisitor.visitFile(KeYParserBaseVisitor.java:23)
	at de.uka.ilkd.key.nparser.KeYParser$FileContext.accept(KeYParser.java:306)
	at de.uka.ilkd.key.nparser.KeyAst.accept(KeyAst.java:41)
	at de.uka.ilkd.key.nparser.KeyAst$File.getIncludes(KeyAst.java:76)
	at de.uka.ilkd.key.proof.io.KeYFile.readIncludes(KeYFile.java:208)
	... 14 more
Could not find rule file rules/intRulesCheckedSemantics.key (file: /home/runner/work/key/key/key.core/../key.ui/examples/index/../InformationFlow/SimpleEvoting/simple_evoting.Voter(simple_evoting.Voter__onSendBallot(simple_evoting.Server)).Non-interference contract.1.key; caused by: de.uka.ilkd.key.proof.init.ProofInputException: Could not find rule file rules/intRulesCheckedSemantics.key)
	at de.uka.ilkd.key.control.AbstractUserInterfaceControl.load(AbstractUserInterfaceControl.java:221)
	at de.uka.ilkd.key.control.KeYEnvironment.load(KeYEnvironment.java:251)
	at de.uka.ilkd.key.control.KeYEnvironment.load(KeYEnvironment.java:224)
	at de.uka.ilkd.key.control.KeYEnvironment.load(KeYEnvironment.java:184)
	at de.uka.ilkd.key.control.KeYEnvironment.load(KeYEnvironment.java:261)
	at de.uka.ilkd.key.proof.runallproofs.proofcollection.TestFile.load(TestFile.java:270)
	at de.uka.ilkd.key.proof.runallproofs.proofcollection.TestFile.runKey(TestFile.java:160)
	at de.uka.ilkd.key.proof.runallproofs.proofcollection.ForkedTestFileRunner.main(ForkedTestFileRunner.java:171)
Caused by: de.uka.ilkd.key.proof.init.ProofInputException: Could not find rule file rules/intRulesCheckedSemantics.key
	at de.uka.ilkd.key.proof.io.KeYFile.readIncludes(KeYFile.java:210)
	at de.uka.ilkd.key.proof.init.ProblemInitializer.readIncludes(ProblemInitializer.java:177)
	at de.uka.ilkd.key.proof.init.ProblemInitializer.readEnvInput(ProblemInitializer.java:325)
	at de.uka.ilkd.key.proof.init.ProblemInitializer.prepare(ProblemInitializer.java:449)
	at de.uka.ilkd.key.proof.io.AbstractProblemLoader.createInitConfig(AbstractProblemLoader.java:518)
	at de.uka.ilkd.key.proof.io.AbstractProblemLoader.loadEnvironment(AbstractProblemLoader.java:288)
	at de.uka.ilkd.key.proof.io.AbstractProblemLoader.load(AbstractProblemLoader.java:252)
	at de.uka.ilkd.key.control.AbstractUserInterfaceControl.load(AbstractUserInterfaceControl.java:209)
	... 7 more
Caused by: java.lang.RuntimeException: Could not find rule file rules/intRulesCheckedSemantics.key
	at de.uka.ilkd.key.proof.io.RuleSourceFactory.fromBuiltInRule(RuleSourceFactory.java:32)
	at de.uka.ilkd.key.proof.io.RuleSourceFactory.fromDefaultLocation(RuleSourceFactory.java:21)
	at de.uka.ilkd.key.nparser.builder.IncludeFinder.addInclude(IncludeFinder.java:63)
	at de.uka.ilkd.key.nparser.builder.IncludeFinder.visitOne_include(IncludeFinder.java:43)
	at de.uka.ilkd.key.nparser.builder.IncludeFinder.visitOne_include(IncludeFinder.java:20)
	at de.uka.ilkd.key.nparser.KeYParser$One_includeContext.accept(KeYParser.java:878)
	at de.uka.ilkd.key.nparser.builder.AbstractBuilder.lambda$mapOf$0(AbstractBuilder.java:112)
	at java.base/java.util.stream.ReferencePipeline$3$1.accept(ReferencePipeline.java:195)
	at java.base/java.util.ArrayList$ArrayListSpliterator.forEachRemaining(ArrayList.java:1655)
	at java.base/java.util.stream.AbstractPipeline.copyInto(AbstractPipeline.java:484)
	at java.base/java.util.stream.AbstractPipeline.wrapAndCopyInto(AbstractPipeline.java:474)
	at java.base/java.util.stream.ReduceOps$ReduceOp.evaluateSequential(ReduceOps.java:913)
	at java.base/java.util.stream.AbstractPipeline.evaluate(AbstractPipeline.java:234)
	at java.base/java.util.stream.ReferencePipeline.collect(ReferencePipeline.java:578)
	at de.uka.ilkd.key.nparser.builder.AbstractBuilder.mapOf(AbstractBuilder.java:112)
	at de.uka.ilkd.key.nparser.builder.IncludeFinder.visitOne_include_statement(IncludeFinder.java:35)
	at de.uka.ilkd.key.nparser.builder.IncludeFinder.visitOne_include_statement(IncludeFinder.java:20)
	at de.uka.ilkd.key.nparser.KeYParser$One_include_statementContext.accept(KeYParser.java:802)
	at org.antlr.v4.runtime.tree.AbstractParseTreeVisitor.visitChildren(AbstractParseTreeVisitor.java:46)
	at de.uka.ilkd.key.nparser.KeYParserBaseVisitor.visitDecls(KeYParserBaseVisitor.java:30)
	at de.uka.ilkd.key.nparser.KeYParser$DeclsContext.accept(KeYParser.java:500)
	at org.antlr.v4.runtime.tree.AbstractParseTreeVisitor.visitChildren(AbstractParseTreeVisitor.java:46)
	at de.uka.ilkd.key.nparser.KeYParserBaseVisitor.visitFile(KeYParserBaseVisitor.java:23)
	at de.uka.ilkd.key.nparser.KeYParser$FileContext.accept(KeYParser.java:306)
	at de.uka.ilkd.key.nparser.KeyAst.accept(KeyAst.java:41)
	at de.uka.ilkd.key.nparser.KeyAst$File.getIncludes(KeyAst.java:76)
	at de.uka.ilkd.key.proof.io.KeYFile.readIncludes(KeYFile.java:208)
	... 14 more
Could not find rule file rules/intRulesCheckedSemantics.key (file: /home/runner/work/key/key/key.core/../key.ui/examples/index/../InformationFlow/SimpleEvoting/simple_evoting.Voter(simple_evoting.Voter__onSendBallot(simple_evoting.Server)).Non-interference contract.0.key; caused by: de.uka.ilkd.key.proof.init.ProofInputException: Could not find rule file rules/intRulesCheckedSemantics.key)
	at de.uka.ilkd.key.control.AbstractUserInterfaceControl.load(AbstractUserInterfaceControl.java:221)
	at de.uka.ilkd.key.control.KeYEnvironment.load(KeYEnvironment.java:251)
	at de.uka.ilkd.key.control.KeYEnvironment.load(KeYEnvironment.java:224)
	at de.uka.ilkd.key.control.KeYEnvironment.load(KeYEnvironment.java:184)
	at de.uka.ilkd.key.control.KeYEnvironment.load(KeYEnvironment.java:261)
	at de.uka.ilkd.key.proof.runallproofs.proofcollection.TestFile.load(TestFile.java:270)
	at de.uka.ilkd.key.proof.runallproofs.proofcollection.TestFile.runKey(TestFile.java:160)
	at de.uka.ilkd.key.proof.runallproofs.proofcollection.ForkedTestFileRunner.main(ForkedTestFileRunner.java:171)
Caused by: de.uka.ilkd.key.proof.init.ProofInputException: Could not find rule file rules/intRulesCheckedSemantics.key
	at de.uka.ilkd.key.proof.io.KeYFile.readIncludes(KeYFile.java:210)
	at de.uka.ilkd.key.proof.init.ProblemInitializer.readIncludes(ProblemInitializer.java:177)
	at de.uka.ilkd.key.proof.init.ProblemInitializer.readEnvInput(ProblemInitializer.java:325)
	at de.uka.ilkd.key.proof.init.ProblemInitializer.prepare(ProblemInitializer.java:449)
	at de.uka.ilkd.key.proof.io.AbstractProblemLoader.createInitConfig(AbstractProblemLoader.java:518)
	at de.uka.ilkd.key.proof.io.AbstractProblemLoader.loadEnvironment(AbstractProblemLoader.java:288)
	at de.uka.ilkd.key.proof.io.AbstractProblemLoader.load(AbstractProblemLoader.java:252)
	at de.uka.ilkd.key.control.AbstractUserInterfaceControl.load(AbstractUserInterfaceControl.java:209)
	... 7 more
Caused by: java.lang.RuntimeException: Could not find rule file rules/intRulesCheckedSemantics.key
	at de.uka.ilkd.key.proof.io.RuleSourceFactory.fromBuiltInRule(RuleSourceFactory.java:32)
	at de.uka.ilkd.key.proof.io.RuleSourceFactory.fromDefaultLocation(RuleSourceFactory.java:21)
	at de.uka.ilkd.key.nparser.builder.IncludeFinder.addInclude(IncludeFinder.java:63)
	at de.uka.ilkd.key.nparser.builder.IncludeFinder.visitOne_include(IncludeFinder.java:43)
	at de.uka.ilkd.key.nparser.builder.IncludeFinder.visitOne_include(IncludeFinder.java:20)
	at de.uka.ilkd.key.nparser.KeYParser$One_includeContext.accept(KeYParser.java:878)
	at de.uka.ilkd.key.nparser.builder.AbstractBuilder.lambda$mapOf$0(AbstractBuilder.java:112)
	at java.base/java.util.stream.ReferencePipeline$3$1.accept(ReferencePipeline.java:195)
	at java.base/java.util.ArrayList$ArrayListSpliterator.forEachRemaining(ArrayList.java:1655)
	at java.base/java.util.stream.AbstractPipeline.copyInto(AbstractPipeline.java:484)
	at java.base/java.util.stream.AbstractPipeline.wrapAndCopyInto(AbstractPipeline.java:474)
	at java.base/java.util.stream.ReduceOps$ReduceOp.evaluateSequential(ReduceOps.java:913)
	at java.base/java.util.stream.AbstractPipeline.evaluate(AbstractPipeline.java:234)
	at java.base/java.util.stream.ReferencePipeline.collect(ReferencePipeline.java:578)
	at de.uka.ilkd.key.nparser.builder.AbstractBuilder.mapOf(AbstractBuilder.java:112)
	at de.uka.ilkd.key.nparser.builder.IncludeFinder.visitOne_include_statement(IncludeFinder.java:35)
	at de.uka.ilkd.key.nparser.builder.IncludeFinder.visitOne_include_statement(IncludeFinder.java:20)
	at de.uka.ilkd.key.nparser.KeYParser$One_include_statementContext.accept(KeYParser.java:802)
	at org.antlr.v4.runtime.tree.AbstractParseTreeVisitor.visitChildren(AbstractParseTreeVisitor.java:46)
	at de.uka.ilkd.key.nparser.KeYParserBaseVisitor.visitDecls(KeYParserBaseVisitor.java:30)
	at de.uka.ilkd.key.nparser.KeYParser$DeclsContext.accept(KeYParser.java:500)
	at org.antlr.v4.runtime.tree.AbstractParseTreeVisitor.visitChildren(AbstractParseTreeVisitor.java:46)
	at de.uka.ilkd.key.nparser.KeYParserBaseVisitor.visitFile(KeYParserBaseVisitor.java:23)
	at de.uka.ilkd.key.nparser.KeYParser$FileContext.accept(KeYParser.java:306)
	at de.uka.ilkd.key.nparser.KeyAst.accept(KeyAst.java:41)
	at de.uka.ilkd.key.nparser.KeyAst$File.getIncludes(KeyAst.java:76)
	at de.uka.ilkd.key.proof.io.KeYFile.readIncludes(KeYFile.java:208)
	... 14 more
Exception in thread "main" org.opentest4j.AssertionFailedError: Exception during the execution of proofs. See log for more details.
	at org.junit.jupiter.api.AssertionUtils.fail(AssertionUtils.java:39)
	at org.junit.jupiter.api.Assertions.fail(Assertions.java:134)
	at de.uka.ilkd.key.proof.runallproofs.proofcollection.ForkedTestFileRunner.main(ForkedTestFileRunner.java:192)
Timeout watcher launched (1000 secs.)
Could not find rule file rules/intRulesCheckedSemantics.key (file: /home/runner/work/key/key/key.core/../key.ui/examples/index/../InformationFlow/ToyVoting/Voter(Voter__insecure_voting()).Non-interference contract.0.m.key; caused by: de.uka.ilkd.key.proof.init.ProofInputException: Could not find rule file rules/intRulesCheckedSemantics.key)
	at de.uka.ilkd.key.control.AbstractUserInterfaceControl.load(AbstractUserInterfaceControl.java:221)
	at de.uka.ilkd.key.control.KeYEnvironment.load(KeYEnvironment.java:251)
	at de.uka.ilkd.key.control.KeYEnvironment.load(KeYEnvironment.java:224)
	at de.uka.ilkd.key.control.KeYEnvironment.load(KeYEnvironment.java:184)
	at de.uka.ilkd.key.control.KeYEnvironment.load(KeYEnvironment.java:261)
	at de.uka.ilkd.key.proof.runallproofs.proofcollection.TestFile.load(TestFile.java:270)
	at de.uka.ilkd.key.proof.runallproofs.proofcollection.TestFile.runKey(TestFile.java:160)
	at de.uka.ilkd.key.proof.runallproofs.proofcollection.ForkedTestFileRunner.main(ForkedTestFileRunner.java:171)
Caused by: de.uka.ilkd.key.proof.init.ProofInputException: Could not find rule file rules/intRulesCheckedSemantics.key
	at de.uka.ilkd.key.proof.io.KeYFile.readIncludes(KeYFile.java:210)
	at de.uka.ilkd.key.proof.init.ProblemInitializer.readIncludes(ProblemInitializer.java:177)
	at de.uka.ilkd.key.proof.init.ProblemInitializer.readEnvInput(ProblemInitializer.java:325)
	at de.uka.ilkd.key.proof.init.ProblemInitializer.prepare(ProblemInitializer.java:449)
	at de.uka.ilkd.key.proof.io.AbstractProblemLoader.createInitConfig(AbstractProblemLoader.java:518)
	at de.uka.ilkd.key.proof.io.AbstractProblemLoader.loadEnvironment(AbstractProblemLoader.java:288)
	at de.uka.ilkd.key.proof.io.AbstractProblemLoader.load(AbstractProblemLoader.java:252)
	at de.uka.ilkd.key.control.AbstractUserInterfaceControl.load(AbstractUserInterfaceControl.java:209)
	... 7 more
Caused by: java.lang.RuntimeException: Could not find rule file rules/intRulesCheckedSemantics.key
	at de.uka.ilkd.key.proof.io.RuleSourceFactory.fromBuiltInRule(RuleSourceFactory.java:32)
	at de.uka.ilkd.key.proof.io.RuleSourceFactory.fromDefaultLocation(RuleSourceFactory.java:21)
	at de.uka.ilkd.key.nparser.builder.IncludeFinder.addInclude(IncludeFinder.java:63)
	at de.uka.ilkd.key.nparser.builder.IncludeFinder.visitOne_include(IncludeFinder.java:43)
	at de.uka.ilkd.key.nparser.builder.IncludeFinder.visitOne_include(IncludeFinder.java:20)
	at de.uka.ilkd.key.nparser.KeYParser$One_includeContext.accept(KeYParser.java:878)
	at de.uka.ilkd.key.nparser.builder.AbstractBuilder.lambda$mapOf$0(AbstractBuilder.java:112)
	at java.base/java.util.stream.ReferencePipeline$3$1.accept(ReferencePipeline.java:195)
	at java.base/java.util.ArrayList$ArrayListSpliterator.forEachRemaining(ArrayList.java:1655)
	at java.base/java.util.stream.AbstractPipeline.copyInto(AbstractPipeline.java:484)
	at java.base/java.util.stream.AbstractPipeline.wrapAndCopyInto(AbstractPipeline.java:474)
	at java.base/java.util.stream.ReduceOps$ReduceOp.evaluateSequential(ReduceOps.java:913)
	at java.base/java.util.stream.AbstractPipeline.evaluate(AbstractPipeline.java:234)
	at java.base/java.util.stream.ReferencePipeline.collect(ReferencePipeline.java:578)
	at de.uka.ilkd.key.nparser.builder.AbstractBuilder.mapOf(AbstractBuilder.java:112)
	at de.uka.ilkd.key.nparser.builder.IncludeFinder.visitOne_include_statement(IncludeFinder.java:35)
	at de.uka.ilkd.key.nparser.builder.IncludeFinder.visitOne_include_statement(IncludeFinder.java:20)
	at de.uka.ilkd.key.nparser.KeYParser$One_include_statementContext.accept(KeYParser.java:802)
	at org.antlr.v4.runtime.tree.AbstractParseTreeVisitor.visitChildren(AbstractParseTreeVisitor.java:46)
	at de.uka.ilkd.key.nparser.KeYParserBaseVisitor.visitDecls(KeYParserBaseVisitor.java:30)
	at de.uka.ilkd.key.nparser.KeYParser$DeclsContext.accept(KeYParser.java:500)
	at org.antlr.v4.runtime.tree.AbstractParseTreeVisitor.visitChildren(AbstractParseTreeVisitor.java:46)
	at de.uka.ilkd.key.nparser.KeYParserBaseVisitor.visitFile(KeYParserBaseVisitor.java:23)
	at de.uka.ilkd.key.nparser.KeYParser$FileContext.accept(KeYParser.java:306)
	at de.uka.ilkd.key.nparser.KeyAst.accept(KeyAst.java:41)
	at de.uka.ilkd.key.nparser.KeyAst$File.getIncludes(KeyAst.java:76)
	at de.uka.ilkd.key.proof.io.KeYFile.readIncludes(KeYFile.java:208)
	... 14 more
Could not find rule file rules/intRulesCheckedSemantics.key (file: /home/runner/work/key/key/key.core/../key.ui/examples/index/../InformationFlow/ToyVoting/Voter(Voter__publishVoterParticipation()).Non-interference contract.0.m.key; caused by: de.uka.ilkd.key.proof.init.ProofInputException: Could not find rule file rules/intRulesCheckedSemantics.key)
	at de.uka.ilkd.key.control.AbstractUserInterfaceControl.load(AbstractUserInterfaceControl.java:221)
	at de.uka.ilkd.key.control.KeYEnvironment.load(KeYEnvironment.java:251)
	at de.uka.ilkd.key.control.KeYEnvironment.load(KeYEnvironment.java:224)
	at de.uka.ilkd.key.control.KeYEnvironment.load(KeYEnvironment.java:184)
	at de.uka.ilkd.key.control.KeYEnvironment.load(KeYEnvironment.java:261)
	at de.uka.ilkd.key.proof.runallproofs.proofcollection.TestFile.load(TestFile.java:270)
	at de.uka.ilkd.key.proof.runallproofs.proofcollection.TestFile.runKey(TestFile.java:160)
	at de.uka.ilkd.key.proof.runallproofs.proofcollection.ForkedTestFileRunner.main(ForkedTestFileRunner.java:171)
Caused by: de.uka.ilkd.key.proof.init.ProofInputException: Could not find rule file rules/intRulesCheckedSemantics.key
	at de.uka.ilkd.key.proof.io.KeYFile.readIncludes(KeYFile.java:210)
	at de.uka.ilkd.key.proof.init.ProblemInitializer.readIncludes(ProblemInitializer.java:177)
	at de.uka.ilkd.key.proof.init.ProblemInitializer.readEnvInput(ProblemInitializer.java:325)
	at de.uka.ilkd.key.proof.init.ProblemInitializer.prepare(ProblemInitializer.java:449)
	at de.uka.ilkd.key.proof.io.AbstractProblemLoader.createInitConfig(AbstractProblemLoader.java:518)
	at de.uka.ilkd.key.proof.io.AbstractProblemLoader.loadEnvironment(AbstractProblemLoader.java:288)
	at de.uka.ilkd.key.proof.io.AbstractProblemLoader.load(AbstractProblemLoader.java:252)
	at de.uka.ilkd.key.control.AbstractUserInterfaceControl.load(AbstractUserInterfaceControl.java:209)
	... 7 more
Caused by: java.lang.RuntimeException: Could not find rule file rules/intRulesCheckedSemantics.key
	at de.uka.ilkd.key.proof.io.RuleSourceFactory.fromBuiltInRule(RuleSourceFactory.java:32)
	at de.uka.ilkd.key.proof.io.RuleSourceFactory.fromDefaultLocation(RuleSourceFactory.java:21)
	at de.uka.ilkd.key.nparser.builder.IncludeFinder.addInclude(IncludeFinder.java:63)
	at de.uka.ilkd.key.nparser.builder.IncludeFinder.visitOne_include(IncludeFinder.java:43)
	at de.uka.ilkd.key.nparser.builder.IncludeFinder.visitOne_include(IncludeFinder.java:20)
	at de.uka.ilkd.key.nparser.KeYParser$One_includeContext.accept(KeYParser.java:878)
	at de.uka.ilkd.key.nparser.builder.AbstractBuilder.lambda$mapOf$0(AbstractBuilder.java:112)
	at java.base/java.util.stream.ReferencePipeline$3$1.accept(ReferencePipeline.java:195)
	at java.base/java.util.ArrayList$ArrayListSpliterator.forEachRemaining(ArrayList.java:1655)
	at java.base/java.util.stream.AbstractPipeline.copyInto(AbstractPipeline.java:484)
	at java.base/java.util.stream.AbstractPipeline.wrapAndCopyInto(AbstractPipeline.java:474)
	at java.base/java.util.stream.ReduceOps$ReduceOp.evaluateSequential(ReduceOps.java:913)
	at java.base/java.util.stream.AbstractPipeline.evaluate(AbstractPipeline.java:234)
	at java.base/java.util.stream.ReferencePipeline.collect(ReferencePipeline.java:578)
	at de.uka.ilkd.key.nparser.builder.AbstractBuilder.mapOf(AbstractBuilder.java:112)
	at de.uka.ilkd.key.nparser.builder.IncludeFinder.visitOne_include_statement(IncludeFinder.java:35)
	at de.uka.ilkd.key.nparser.builder.IncludeFinder.visitOne_include_statement(IncludeFinder.java:20)
	at de.uka.ilkd.key.nparser.KeYParser$One_include_statementContext.accept(KeYParser.java:802)
	at org.antlr.v4.runtime.tree.AbstractParseTreeVisitor.visitChildren(AbstractParseTreeVisitor.java:46)
	at de.uka.ilkd.key.nparser.KeYParserBaseVisitor.visitDecls(KeYParserBaseVisitor.java:30)
	at de.uka.ilkd.key.nparser.KeYParser$DeclsContext.accept(KeYParser.java:500)
	at org.antlr.v4.runtime.tree.AbstractParseTreeVisitor.visitChildren(AbstractParseTreeVisitor.java:46)
	at de.uka.ilkd.key.nparser.KeYParserBaseVisitor.visitFile(KeYParserBaseVisitor.java:23)
	at de.uka.ilkd.key.nparser.KeYParser$FileContext.accept(KeYParser.java:306)
	at de.uka.ilkd.key.nparser.KeyAst.accept(KeyAst.java:41)
	at de.uka.ilkd.key.nparser.KeyAst$File.getIncludes(KeyAst.java:76)
	at de.uka.ilkd.key.proof.io.KeYFile.readIncludes(KeYFile.java:208)
	... 14 more
Could not find rule file rules/intRulesCheckedSemantics.key (file: /home/runner/work/key/key/key.core/../key.ui/examples/index/../InformationFlow/ToyVoting/Voter(Voter__isValid(int)).Non-interference contract.0.m.key; caused by: de.uka.ilkd.key.proof.init.ProofInputException: Could not find rule file rules/intRulesCheckedSemantics.key)
	at de.uka.ilkd.key.control.AbstractUserInterfaceControl.load(AbstractUserInterfaceControl.java:221)
	at de.uka.ilkd.key.control.KeYEnvironment.load(KeYEnvironment.java:251)
	at de.uka.ilkd.key.control.KeYEnvironment.load(KeYEnvironment.java:224)
	at de.uka.ilkd.key.control.KeYEnvironment.load(KeYEnvironment.java:184)
	at de.uka.ilkd.key.control.KeYEnvironment.load(KeYEnvironment.java:261)
	at de.uka.ilkd.key.proof.runallproofs.proofcollection.TestFile.load(TestFile.java:270)
	at de.uka.ilkd.key.proof.runallproofs.proofcollection.TestFile.runKey(TestFile.java:160)
	at de.uka.ilkd.key.proof.runallproofs.proofcollection.ForkedTestFileRunner.main(ForkedTestFileRunner.java:171)
Caused by: de.uka.ilkd.key.proof.init.ProofInputException: Could not find rule file rules/intRulesCheckedSemantics.key
	at de.uka.ilkd.key.proof.io.KeYFile.readIncludes(KeYFile.java:210)
	at de.uka.ilkd.key.proof.init.ProblemInitializer.readIncludes(ProblemInitializer.java:177)
	at de.uka.ilkd.key.proof.init.ProblemInitializer.readEnvInput(ProblemInitializer.java:325)
	at de.uka.ilkd.key.proof.init.ProblemInitializer.prepare(ProblemInitializer.java:449)
	at de.uka.ilkd.key.proof.io.AbstractProblemLoader.createInitConfig(AbstractProblemLoader.java:518)
	at de.uka.ilkd.key.proof.io.AbstractProblemLoader.loadEnvironment(AbstractProblemLoader.java:288)
	at de.uka.ilkd.key.proof.io.AbstractProblemLoader.load(AbstractProblemLoader.java:252)
	at de.uka.ilkd.key.control.AbstractUserInterfaceControl.load(AbstractUserInterfaceControl.java:209)
	... 7 more
Caused by: java.lang.RuntimeException: Could not find rule file rules/intRulesCheckedSemantics.key
	at de.uka.ilkd.key.proof.io.RuleSourceFactory.fromBuiltInRule(RuleSourceFactory.java:32)
	at de.uka.ilkd.key.proof.io.RuleSourceFactory.fromDefaultLocation(RuleSourceFactory.java:21)
	at de.uka.ilkd.key.nparser.builder.IncludeFinder.addInclude(IncludeFinder.java:63)
	at de.uka.ilkd.key.nparser.builder.IncludeFinder.visitOne_include(IncludeFinder.java:43)
	at de.uka.ilkd.key.nparser.builder.IncludeFinder.visitOne_include(IncludeFinder.java:20)
	at de.uka.ilkd.key.nparser.KeYParser$One_includeContext.accept(KeYParser.java:878)
	at de.uka.ilkd.key.nparser.builder.AbstractBuilder.lambda$mapOf$0(AbstractBuilder.java:112)
	at java.base/java.util.stream.ReferencePipeline$3$1.accept(ReferencePipeline.java:195)
	at java.base/java.util.ArrayList$ArrayListSpliterator.forEachRemaining(ArrayList.java:1655)
	at java.base/java.util.stream.AbstractPipeline.copyInto(AbstractPipeline.java:484)
	at java.base/java.util.stream.AbstractPipeline.wrapAndCopyInto(AbstractPipeline.java:474)
	at java.base/java.util.stream.ReduceOps$ReduceOp.evaluateSequential(ReduceOps.java:913)
	at java.base/java.util.stream.AbstractPipeline.evaluate(AbstractPipeline.java:234)
	at java.base/java.util.stream.ReferencePipeline.collect(ReferencePipeline.java:578)
	at de.uka.ilkd.key.nparser.builder.AbstractBuilder.mapOf(AbstractBuilder.java:112)
	at de.uka.ilkd.key.nparser.builder.IncludeFinder.visitOne_include_statement(IncludeFinder.java:35)
	at de.uka.ilkd.key.nparser.builder.IncludeFinder.visitOne_include_statement(IncludeFinder.java:20)
	at de.uka.ilkd.key.nparser.KeYParser$One_include_statementContext.accept(KeYParser.java:802)
	at org.antlr.v4.runtime.tree.AbstractParseTreeVisitor.visitChildren(AbstractParseTreeVisitor.java:46)
	at de.uka.ilkd.key.nparser.KeYParserBaseVisitor.visitDecls(KeYParserBaseVisitor.java:30)
	at de.uka.ilkd.key.nparser.KeYParser$DeclsContext.accept(KeYParser.java:500)
	at org.antlr.v4.runtime.tree.AbstractParseTreeVisitor.visitChildren(AbstractParseTreeVisitor.java:46)
	at de.uka.ilkd.key.nparser.KeYParserBaseVisitor.visitFile(KeYParserBaseVisitor.java:23)
	at de.uka.ilkd.key.nparser.KeYParser$FileContext.accept(KeYParser.java:306)
	at de.uka.ilkd.key.nparser.KeyAst.accept(KeyAst.java:41)
	at de.uka.ilkd.key.nparser.KeyAst$File.getIncludes(KeyAst.java:76)
	at de.uka.ilkd.key.proof.io.KeYFile.readIncludes(KeYFile.java:208)
	... 14 more
Could not find rule file rules/intRulesCheckedSemantics.key (file: /home/runner/work/key/key/key.core/../key.ui/examples/index/../InformationFlow/ToyVoting/Voter(Voter__sendVote(int)).Non-interference contract.0.m.key; caused by: de.uka.ilkd.key.proof.init.ProofInputException: Could not find rule file rules/intRulesCheckedSemantics.key)
	at de.uka.ilkd.key.control.AbstractUserInterfaceControl.load(AbstractUserInterfaceControl.java:221)
	at de.uka.ilkd.key.control.KeYEnvironment.load(KeYEnvironment.java:251)
	at de.uka.ilkd.key.control.KeYEnvironment.load(KeYEnvironment.java:224)
	at de.uka.ilkd.key.control.KeYEnvironment.load(KeYEnvironment.java:184)
	at de.uka.ilkd.key.control.KeYEnvironment.load(KeYEnvironment.java:261)
	at de.uka.ilkd.key.proof.runallproofs.proofcollection.TestFile.load(TestFile.java:270)
	at de.uka.ilkd.key.proof.runallproofs.proofcollection.TestFile.runKey(TestFile.java:160)
	at de.uka.ilkd.key.proof.runallproofs.proofcollection.ForkedTestFileRunner.main(ForkedTestFileRunner.java:171)
Caused by: de.uka.ilkd.key.proof.init.ProofInputException: Could not find rule file rules/intRulesCheckedSemantics.key
	at de.uka.ilkd.key.proof.io.KeYFile.readIncludes(KeYFile.java:210)
	at de.uka.ilkd.key.proof.init.ProblemInitializer.readIncludes(ProblemInitializer.java:177)
	at de.uka.ilkd.key.proof.init.ProblemInitializer.readEnvInput(ProblemInitializer.java:325)
	at de.uka.ilkd.key.proof.init.ProblemInitializer.prepare(ProblemInitializer.java:449)
	at de.uka.ilkd.key.proof.io.AbstractProblemLoader.createInitConfig(AbstractProblemLoader.java:518)
	at de.uka.ilkd.key.proof.io.AbstractProblemLoader.loadEnvironment(AbstractProblemLoader.java:288)
	at de.uka.ilkd.key.proof.io.AbstractProblemLoader.load(AbstractProblemLoader.java:252)
	at de.uka.ilkd.key.control.AbstractUserInterfaceControl.load(AbstractUserInterfaceControl.java:209)
	... 7 more
Caused by: java.lang.RuntimeException: Could not find rule file rules/intRulesCheckedSemantics.key
	at de.uka.ilkd.key.proof.io.RuleSourceFactory.fromBuiltInRule(RuleSourceFactory.java:32)
	at de.uka.ilkd.key.proof.io.RuleSourceFactory.fromDefaultLocation(RuleSourceFactory.java:21)
	at de.uka.ilkd.key.nparser.builder.IncludeFinder.addInclude(IncludeFinder.java:63)
	at de.uka.ilkd.key.nparser.builder.IncludeFinder.visitOne_include(IncludeFinder.java:43)
	at de.uka.ilkd.key.nparser.builder.IncludeFinder.visitOne_include(IncludeFinder.java:20)
	at de.uka.ilkd.key.nparser.KeYParser$One_includeContext.accept(KeYParser.java:878)
	at de.uka.ilkd.key.nparser.builder.AbstractBuilder.lambda$mapOf$0(AbstractBuilder.java:112)
	at java.base/java.util.stream.ReferencePipeline$3$1.accept(ReferencePipeline.java:195)
	at java.base/java.util.ArrayList$ArrayListSpliterator.forEachRemaining(ArrayList.java:1655)
	at java.base/java.util.stream.AbstractPipeline.copyInto(AbstractPipeline.java:484)
	at java.base/java.util.stream.AbstractPipeline.wrapAndCopyInto(AbstractPipeline.java:474)
	at java.base/java.util.stream.ReduceOps$ReduceOp.evaluateSequential(ReduceOps.java:913)
	at java.base/java.util.stream.AbstractPipeline.evaluate(AbstractPipeline.java:234)
	at java.base/java.util.stream.ReferencePipeline.collect(ReferencePipeline.java:578)
	at de.uka.ilkd.key.nparser.builder.AbstractBuilder.mapOf(AbstractBuilder.java:112)
	at de.uka.ilkd.key.nparser.builder.IncludeFinder.visitOne_include_statement(IncludeFinder.java:35)
	at de.uka.ilkd.key.nparser.builder.IncludeFinder.visitOne_include_statement(IncludeFinder.java:20)
	at de.uka.ilkd.key.nparser.KeYParser$One_include_statementContext.accept(KeYParser.java:802)
	at org.antlr.v4.runtime.tree.AbstractParseTreeVisitor.visitChildren(AbstractParseTreeVisitor.java:46)
	at de.uka.ilkd.key.nparser.KeYParserBaseVisitor.visitDecls(KeYParserBaseVisitor.java:30)
	at de.uka.ilkd.key.nparser.KeYParser$DeclsContext.accept(KeYParser.java:500)
	at org.antlr.v4.runtime.tree.AbstractParseTreeVisitor.visitChildren(AbstractParseTreeVisitor.java:46)
	at de.uka.ilkd.key.nparser.KeYParserBaseVisitor.visitFile(KeYParserBaseVisitor.java:23)
	at de.uka.ilkd.key.nparser.KeYParser$FileContext.accept(KeYParser.java:306)
	at de.uka.ilkd.key.nparser.KeyAst.accept(KeyAst.java:41)
	at de.uka.ilkd.key.nparser.KeyAst$File.getIncludes(KeyAst.java:76)
	at de.uka.ilkd.key.proof.io.KeYFile.readIncludes(KeYFile.java:208)
	... 14 more
Could not find rule file rules/intRulesCheckedSemantics.key (file: /home/runner/work/key/key/key.core/../key.ui/examples/index/../InformationFlow/ToyVoting/Voter(Voter__inputVote()).Non-interference contract.0.m.key; caused by: de.uka.ilkd.key.proof.init.ProofInputException: Could not find rule file rules/intRulesCheckedSemantics.key)
	at de.uka.ilkd.key.control.AbstractUserInterfaceControl.load(AbstractUserInterfaceControl.java:221)
	at de.uka.ilkd.key.control.KeYEnvironment.load(KeYEnvironment.java:251)
	at de.uka.ilkd.key.control.KeYEnvironment.load(KeYEnvironment.java:224)
	at de.uka.ilkd.key.control.KeYEnvironment.load(KeYEnvironment.java:184)
	at de.uka.ilkd.key.control.KeYEnvironment.load(KeYEnvironment.java:261)
	at de.uka.ilkd.key.proof.runallproofs.proofcollection.TestFile.load(TestFile.java:270)
	at de.uka.ilkd.key.proof.runallproofs.proofcollection.TestFile.runKey(TestFile.java:160)
	at de.uka.ilkd.key.proof.runallproofs.proofcollection.ForkedTestFileRunner.main(ForkedTestFileRunner.java:171)
Caused by: de.uka.ilkd.key.proof.init.ProofInputException: Could not find rule file rules/intRulesCheckedSemantics.key
	at de.uka.ilkd.key.proof.io.KeYFile.readIncludes(KeYFile.java:210)
	at de.uka.ilkd.key.proof.init.ProblemInitializer.readIncludes(ProblemInitializer.java:177)
	at de.uka.ilkd.key.proof.init.ProblemInitializer.readEnvInput(ProblemInitializer.java:325)
	at de.uka.ilkd.key.proof.init.ProblemInitializer.prepare(ProblemInitializer.java:449)
	at de.uka.ilkd.key.proof.io.AbstractProblemLoader.createInitConfig(AbstractProblemLoader.java:518)
	at de.uka.ilkd.key.proof.io.AbstractProblemLoader.loadEnvironment(AbstractProblemLoader.java:288)
	at de.uka.ilkd.key.proof.io.AbstractProblemLoader.load(AbstractProblemLoader.java:252)
	at de.uka.ilkd.key.control.AbstractUserInterfaceControl.load(AbstractUserInterfaceControl.java:209)
	... 7 more
Caused by: java.lang.RuntimeException: Could not find rule file rules/intRulesCheckedSemantics.key
	at de.uka.ilkd.key.proof.io.RuleSourceFactory.fromBuiltInRule(RuleSourceFactory.java:32)
	at de.uka.ilkd.key.proof.io.RuleSourceFactory.fromDefaultLocation(RuleSourceFactory.java:21)
	at de.uka.ilkd.key.nparser.builder.IncludeFinder.addInclude(IncludeFinder.java:63)
	at de.uka.ilkd.key.nparser.builder.IncludeFinder.visitOne_include(IncludeFinder.java:43)
	at de.uka.ilkd.key.nparser.builder.IncludeFinder.visitOne_include(IncludeFinder.java:20)
	at de.uka.ilkd.key.nparser.KeYParser$One_includeContext.accept(KeYParser.java:878)
	at de.uka.ilkd.key.nparser.builder.AbstractBuilder.lambda$mapOf$0(AbstractBuilder.java:112)
	at java.base/java.util.stream.ReferencePipeline$3$1.accept(ReferencePipeline.java:195)
	at java.base/java.util.ArrayList$ArrayListSpliterator.forEachRemaining(ArrayList.java:1655)
	at java.base/java.util.stream.AbstractPipeline.copyInto(AbstractPipeline.java:484)
	at java.base/java.util.stream.AbstractPipeline.wrapAndCopyInto(AbstractPipeline.java:474)
	at java.base/java.util.stream.ReduceOps$ReduceOp.evaluateSequential(ReduceOps.java:913)
	at java.base/java.util.stream.AbstractPipeline.evaluate(AbstractPipeline.java:234)
	at java.base/java.util.stream.ReferencePipeline.collect(ReferencePipeline.java:578)
	at de.uka.ilkd.key.nparser.builder.AbstractBuilder.mapOf(AbstractBuilder.java:112)
	at de.uka.ilkd.key.nparser.builder.IncludeFinder.visitOne_include_statement(IncludeFinder.java:35)
	at de.uka.ilkd.key.nparser.builder.IncludeFinder.visitOne_include_statement(IncludeFinder.java:20)
	at de.uka.ilkd.key.nparser.KeYParser$One_include_statementContext.accept(KeYParser.java:802)
	at org.antlr.v4.runtime.tree.AbstractParseTreeVisitor.visitChildren(AbstractParseTreeVisitor.java:46)
	at de.uka.ilkd.key.nparser.KeYParserBaseVisitor.visitDecls(KeYParserBaseVisitor.java:30)
	at de.uka.ilkd.key.nparser.KeYParser$DeclsContext.accept(KeYParser.java:500)
	at org.antlr.v4.runtime.tree.AbstractParseTreeVisitor.visitChildren(AbstractParseTreeVisitor.java:46)
	at de.uka.ilkd.key.nparser.KeYParserBaseVisitor.visitFile(KeYParserBaseVisitor.java:23)
	at de.uka.ilkd.key.nparser.KeYParser$FileContext.accept(KeYParser.java:306)
	at de.uka.ilkd.key.nparser.KeyAst.accept(KeyAst.java:41)
	at de.uka.ilkd.key.nparser.KeyAst$File.getIncludes(KeyAst.java:76)
	at de.uka.ilkd.key.proof.io.KeYFile.readIncludes(KeYFile.java:208)
	... 14 more
Could not find rule file rules/intRulesCheckedSemantics.key (file: /home/runner/work/key/key/key.core/../key.ui/examples/index/../InformationFlow/ToyVoting/Voter(Voter__secure_voting()).Non-interference contract.0.m.key; caused by: de.uka.ilkd.key.proof.init.ProofInputException: Could not find rule file rules/intRulesCheckedSemantics.key)
	at de.uka.ilkd.key.control.AbstractUserInterfaceControl.load(AbstractUserInterfaceControl.java:221)
	at de.uka.ilkd.key.control.KeYEnvironment.load(KeYEnvironment.java:251)
	at de.uka.ilkd.key.control.KeYEnvironment.load(KeYEnvironment.java:224)
	at de.uka.ilkd.key.control.KeYEnvironment.load(KeYEnvironment.java:184)
	at de.uka.ilkd.key.control.KeYEnvironment.load(KeYEnvironment.java:261)
	at de.uka.ilkd.key.proof.runallproofs.proofcollection.TestFile.load(TestFile.java:270)
	at de.uka.ilkd.key.proof.runallproofs.proofcollection.TestFile.runKey(TestFile.java:160)
	at de.uka.ilkd.key.proof.runallproofs.proofcollection.ForkedTestFileRunner.main(ForkedTestFileRunner.java:171)
Caused by: de.uka.ilkd.key.proof.init.ProofInputException: Could not find rule file rules/intRulesCheckedSemantics.key
	at de.uka.ilkd.key.proof.io.KeYFile.readIncludes(KeYFile.java:210)
	at de.uka.ilkd.key.proof.init.ProblemInitializer.readIncludes(ProblemInitializer.java:177)
	at de.uka.ilkd.key.proof.init.ProblemInitializer.readEnvInput(ProblemInitializer.java:325)
	at de.uka.ilkd.key.proof.init.ProblemInitializer.prepare(ProblemInitializer.java:449)
	at de.uka.ilkd.key.proof.io.AbstractProblemLoader.createInitConfig(AbstractProblemLoader.java:518)
	at de.uka.ilkd.key.proof.io.AbstractProblemLoader.loadEnvironment(AbstractProblemLoader.java:288)
	at de.uka.ilkd.key.proof.io.AbstractProblemLoader.load(AbstractProblemLoader.java:252)
	at de.uka.ilkd.key.control.AbstractUserInterfaceControl.load(AbstractUserInterfaceControl.java:209)
	... 7 more
Caused by: java.lang.RuntimeException: Could not find rule file rules/intRulesCheckedSemantics.key
	at de.uka.ilkd.key.proof.io.RuleSourceFactory.fromBuiltInRule(RuleSourceFactory.java:32)
	at de.uka.ilkd.key.proof.io.RuleSourceFactory.fromDefaultLocation(RuleSourceFactory.java:21)
	at de.uka.ilkd.key.nparser.builder.IncludeFinder.addInclude(IncludeFinder.java:63)
	at de.uka.ilkd.key.nparser.builder.IncludeFinder.visitOne_include(IncludeFinder.java:43)
	at de.uka.ilkd.key.nparser.builder.IncludeFinder.visitOne_include(IncludeFinder.java:20)
	at de.uka.ilkd.key.nparser.KeYParser$One_includeContext.accept(KeYParser.java:878)
	at de.uka.ilkd.key.nparser.builder.AbstractBuilder.lambda$mapOf$0(AbstractBuilder.java:112)
	at java.base/java.util.stream.ReferencePipeline$3$1.accept(ReferencePipeline.java:195)
	at java.base/java.util.ArrayList$ArrayListSpliterator.forEachRemaining(ArrayList.java:1655)
	at java.base/java.util.stream.AbstractPipeline.copyInto(AbstractPipeline.java:484)
	at java.base/java.util.stream.AbstractPipeline.wrapAndCopyInto(AbstractPipeline.java:474)
	at java.base/java.util.stream.ReduceOps$ReduceOp.evaluateSequential(ReduceOps.java:913)
	at java.base/java.util.stream.AbstractPipeline.evaluate(AbstractPipeline.java:234)
	at java.base/java.util.stream.ReferencePipeline.collect(ReferencePipeline.java:578)
	at de.uka.ilkd.key.nparser.builder.AbstractBuilder.mapOf(AbstractBuilder.java:112)
	at de.uka.ilkd.key.nparser.builder.IncludeFinder.visitOne_include_statement(IncludeFinder.java:35)
	at de.uka.ilkd.key.nparser.builder.IncludeFinder.visitOne_include_statement(IncludeFinder.java:20)
	at de.uka.ilkd.key.nparser.KeYParser$One_include_statementContext.accept(KeYParser.java:802)
	at org.antlr.v4.runtime.tree.AbstractParseTreeVisitor.visitChildren(AbstractParseTreeVisitor.java:46)
	at de.uka.ilkd.key.nparser.KeYParserBaseVisitor.visitDecls(KeYParserBaseVisitor.java:30)
	at de.uka.ilkd.key.nparser.KeYParser$DeclsContext.accept(KeYParser.java:500)
	at org.antlr.v4.runtime.tree.AbstractParseTreeVisitor.visitChildren(AbstractParseTreeVisitor.java:46)
	at de.uka.ilkd.key.nparser.KeYParserBaseVisitor.visitFile(KeYParserBaseVisitor.java:23)
	at de.uka.ilkd.key.nparser.KeYParser$FileContext.accept(KeYParser.java:306)
	at de.uka.ilkd.key.nparser.KeyAst.accept(KeyAst.java:41)
	at de.uka.ilkd.key.nparser.KeyAst$File.getIncludes(KeyAst.java:76)
	at de.uka.ilkd.key.proof.io.KeYFile.readIncludes(KeYFile.java:208)
	... 14 more
Exception in thread "main" org.opentest4j.AssertionFailedError: Exception during the execution of proofs. See log for more details.
	at org.junit.jupiter.api.AssertionUtils.fail(AssertionUtils.java:39)
	at org.junit.jupiter.api.Assertions.fail(Assertions.java:134)
	at de.uka.ilkd.key.proof.runallproofs.proofcollection.ForkedTestFileRunner.main(ForkedTestFileRunner.java:192)
Timeout watcher launched (1000 secs.)
Could not find rule file rules/intRulesCheckedSemantics.key (file: /home/runner/work/key/key/key.core/../key.ui/examples/index/../InformationFlow/Sum/SumExample(SumExample__getSum()).Non-interference contract.0.m.key; caused by: de.uka.ilkd.key.proof.init.ProofInputException: Could not find rule file rules/intRulesCheckedSemantics.key)
	at de.uka.ilkd.key.control.AbstractUserInterfaceControl.load(AbstractUserInterfaceControl.java:221)
	at de.uka.ilkd.key.control.KeYEnvironment.load(KeYEnvironment.java:251)
	at de.uka.ilkd.key.control.KeYEnvironment.load(KeYEnvironment.java:224)
	at de.uka.ilkd.key.control.KeYEnvironment.load(KeYEnvironment.java:184)
	at de.uka.ilkd.key.control.KeYEnvironment.load(KeYEnvironment.java:261)
	at de.uka.ilkd.key.proof.runallproofs.proofcollection.TestFile.load(TestFile.java:270)
	at de.uka.ilkd.key.proof.runallproofs.proofcollection.TestFile.runKey(TestFile.java:160)
	at de.uka.ilkd.key.proof.runallproofs.proofcollection.ForkedTestFileRunner.main(ForkedTestFileRunner.java:171)
Caused by: de.uka.ilkd.key.proof.init.ProofInputException: Could not find rule file rules/intRulesCheckedSemantics.key
	at de.uka.ilkd.key.proof.io.KeYFile.readIncludes(KeYFile.java:210)
	at de.uka.ilkd.key.proof.init.ProblemInitializer.readIncludes(ProblemInitializer.java:177)
	at de.uka.ilkd.key.proof.init.ProblemInitializer.readEnvInput(ProblemInitializer.java:325)
	at de.uka.ilkd.key.proof.init.ProblemInitializer.prepare(ProblemInitializer.java:449)
	at de.uka.ilkd.key.proof.io.AbstractProblemLoader.createInitConfig(AbstractProblemLoader.java:518)
	at de.uka.ilkd.key.proof.io.AbstractProblemLoader.loadEnvironment(AbstractProblemLoader.java:288)
	at de.uka.ilkd.key.proof.io.AbstractProblemLoader.load(AbstractProblemLoader.java:252)
	at de.uka.ilkd.key.control.AbstractUserInterfaceControl.load(AbstractUserInterfaceControl.java:209)
	... 7 more
Caused by: java.lang.RuntimeException: Could not find rule file rules/intRulesCheckedSemantics.key
	at de.uka.ilkd.key.proof.io.RuleSourceFactory.fromBuiltInRule(RuleSourceFactory.java:32)
	at de.uka.ilkd.key.proof.io.RuleSourceFactory.fromDefaultLocation(RuleSourceFactory.java:21)
	at de.uka.ilkd.key.nparser.builder.IncludeFinder.addInclude(IncludeFinder.java:63)
	at de.uka.ilkd.key.nparser.builder.IncludeFinder.visitOne_include(IncludeFinder.java:43)
	at de.uka.ilkd.key.nparser.builder.IncludeFinder.visitOne_include(IncludeFinder.java:20)
	at de.uka.ilkd.key.nparser.KeYParser$One_includeContext.accept(KeYParser.java:878)
	at de.uka.ilkd.key.nparser.builder.AbstractBuilder.lambda$mapOf$0(AbstractBuilder.java:112)
	at java.base/java.util.stream.ReferencePipeline$3$1.accept(ReferencePipeline.java:195)
	at java.base/java.util.ArrayList$ArrayListSpliterator.forEachRemaining(ArrayList.java:1655)
	at java.base/java.util.stream.AbstractPipeline.copyInto(AbstractPipeline.java:484)
	at java.base/java.util.stream.AbstractPipeline.wrapAndCopyInto(AbstractPipeline.java:474)
	at java.base/java.util.stream.ReduceOps$ReduceOp.evaluateSequential(ReduceOps.java:913)
	at java.base/java.util.stream.AbstractPipeline.evaluate(AbstractPipeline.java:234)
	at java.base/java.util.stream.ReferencePipeline.collect(ReferencePipeline.java:578)
	at de.uka.ilkd.key.nparser.builder.AbstractBuilder.mapOf(AbstractBuilder.java:112)
	at de.uka.ilkd.key.nparser.builder.IncludeFinder.visitOne_include_statement(IncludeFinder.java:35)
	at de.uka.ilkd.key.nparser.builder.IncludeFinder.visitOne_include_statement(IncludeFinder.java:20)
	at de.uka.ilkd.key.nparser.KeYParser$One_include_statementContext.accept(KeYParser.java:802)
	at org.antlr.v4.runtime.tree.AbstractParseTreeVisitor.visitChildren(AbstractParseTreeVisitor.java:46)
	at de.uka.ilkd.key.nparser.KeYParserBaseVisitor.visitDecls(KeYParserBaseVisitor.java:30)
	at de.uka.ilkd.key.nparser.KeYParser$DeclsContext.accept(KeYParser.java:500)
	at org.antlr.v4.runtime.tree.AbstractParseTreeVisitor.visitChildren(AbstractParseTreeVisitor.java:46)
	at de.uka.ilkd.key.nparser.KeYParserBaseVisitor.visitFile(KeYParserBaseVisitor.java:23)
	at de.uka.ilkd.key.nparser.KeYParser$FileContext.accept(KeYParser.java:306)
	at de.uka.ilkd.key.nparser.KeyAst.accept(KeyAst.java:41)
	at de.uka.ilkd.key.nparser.KeyAst$File.getIncludes(KeyAst.java:76)
	at de.uka.ilkd.key.proof.io.KeYFile.readIncludes(KeYFile.java:208)
	... 14 more
Exception in thread "main" org.opentest4j.AssertionFailedError: Exception during the execution of proofs. See log for more details.
	at org.junit.jupiter.api.AssertionUtils.fail(AssertionUtils.java:39)
	at org.junit.jupiter.api.Assertions.fail(Assertions.java:134)
	at de.uka.ilkd.key.proof.runallproofs.proofcollection.ForkedTestFileRunner.main(ForkedTestFileRunner.java:192)
Timeout watcher launched (1000 secs.)
Could not find rule file rules/intRulesCheckedSemantics.key (file: /home/runner/work/key/key/key.core/../key.ui/examples/index/../InformationFlow/ToyBanking/banking_example.UserAccount(banking_example.UserAccount__getBankAccount(int)).Non-interference contract.0.m.key; caused by: de.uka.ilkd.key.proof.init.ProofInputException: Could not find rule file rules/intRulesCheckedSemantics.key)
	at de.uka.ilkd.key.control.AbstractUserInterfaceControl.load(AbstractUserInterfaceControl.java:221)
	at de.uka.ilkd.key.control.KeYEnvironment.load(KeYEnvironment.java:251)
	at de.uka.ilkd.key.control.KeYEnvironment.load(KeYEnvironment.java:224)
	at de.uka.ilkd.key.control.KeYEnvironment.load(KeYEnvironment.java:184)
	at de.uka.ilkd.key.control.KeYEnvironment.load(KeYEnvironment.java:261)
	at de.uka.ilkd.key.proof.runallproofs.proofcollection.TestFile.load(TestFile.java:270)
	at de.uka.ilkd.key.proof.runallproofs.proofcollection.TestFile.runKey(TestFile.java:160)
	at de.uka.ilkd.key.proof.runallproofs.proofcollection.ForkedTestFileRunner.main(ForkedTestFileRunner.java:171)
Caused by: de.uka.ilkd.key.proof.init.ProofInputException: Could not find rule file rules/intRulesCheckedSemantics.key
	at de.uka.ilkd.key.proof.io.KeYFile.readIncludes(KeYFile.java:210)
	at de.uka.ilkd.key.proof.init.ProblemInitializer.readIncludes(ProblemInitializer.java:177)
	at de.uka.ilkd.key.proof.init.ProblemInitializer.readEnvInput(ProblemInitializer.java:325)
	at de.uka.ilkd.key.proof.init.ProblemInitializer.prepare(ProblemInitializer.java:449)
	at de.uka.ilkd.key.proof.io.AbstractProblemLoader.createInitConfig(AbstractProblemLoader.java:518)
	at de.uka.ilkd.key.proof.io.AbstractProblemLoader.loadEnvironment(AbstractProblemLoader.java:288)
	at de.uka.ilkd.key.proof.io.AbstractProblemLoader.load(AbstractProblemLoader.java:252)
	at de.uka.ilkd.key.control.AbstractUserInterfaceControl.load(AbstractUserInterfaceControl.java:209)
	... 7 more
Caused by: java.lang.RuntimeException: Could not find rule file rules/intRulesCheckedSemantics.key
	at de.uka.ilkd.key.proof.io.RuleSourceFactory.fromBuiltInRule(RuleSourceFactory.java:32)
	at de.uka.ilkd.key.proof.io.RuleSourceFactory.fromDefaultLocation(RuleSourceFactory.java:21)
	at de.uka.ilkd.key.nparser.builder.IncludeFinder.addInclude(IncludeFinder.java:63)
	at de.uka.ilkd.key.nparser.builder.IncludeFinder.visitOne_include(IncludeFinder.java:43)
	at de.uka.ilkd.key.nparser.builder.IncludeFinder.visitOne_include(IncludeFinder.java:20)
	at de.uka.ilkd.key.nparser.KeYParser$One_includeContext.accept(KeYParser.java:878)
	at de.uka.ilkd.key.nparser.builder.AbstractBuilder.lambda$mapOf$0(AbstractBuilder.java:112)
	at java.base/java.util.stream.ReferencePipeline$3$1.accept(ReferencePipeline.java:195)
	at java.base/java.util.ArrayList$ArrayListSpliterator.forEachRemaining(ArrayList.java:1655)
	at java.base/java.util.stream.AbstractPipeline.copyInto(AbstractPipeline.java:484)
	at java.base/java.util.stream.AbstractPipeline.wrapAndCopyInto(AbstractPipeline.java:474)
	at java.base/java.util.stream.ReduceOps$ReduceOp.evaluateSequential(ReduceOps.java:913)
	at java.base/java.util.stream.AbstractPipeline.evaluate(AbstractPipeline.java:234)
	at java.base/java.util.stream.ReferencePipeline.collect(ReferencePipeline.java:578)
	at de.uka.ilkd.key.nparser.builder.AbstractBuilder.mapOf(AbstractBuilder.java:112)
	at de.uka.ilkd.key.nparser.builder.IncludeFinder.visitOne_include_statement(IncludeFinder.java:35)
	at de.uka.ilkd.key.nparser.builder.IncludeFinder.visitOne_include_statement(IncludeFinder.java:20)
	at de.uka.ilkd.key.nparser.KeYParser$One_include_statementContext.accept(KeYParser.java:802)
	at org.antlr.v4.runtime.tree.AbstractParseTreeVisitor.visitChildren(AbstractParseTreeVisitor.java:46)
	at de.uka.ilkd.key.nparser.KeYParserBaseVisitor.visitDecls(KeYParserBaseVisitor.java:30)
	at de.uka.ilkd.key.nparser.KeYParser$DeclsContext.accept(KeYParser.java:500)
	at org.antlr.v4.runtime.tree.AbstractParseTreeVisitor.visitChildren(AbstractParseTreeVisitor.java:46)
	at de.uka.ilkd.key.nparser.KeYParserBaseVisitor.visitFile(KeYParserBaseVisitor.java:23)
	at de.uka.ilkd.key.nparser.KeYParser$FileContext.accept(KeYParser.java:306)
	at de.uka.ilkd.key.nparser.KeyAst.accept(KeyAst.java:41)
	at de.uka.ilkd.key.nparser.KeyAst$File.getIncludes(KeyAst.java:76)
	at de.uka.ilkd.key.proof.io.KeYFile.readIncludes(KeYFile.java:208)
	... 14 more
Could not find rule file rules/intRulesCheckedSemantics.key (file: /home/runner/work/key/key/key.core/../key.ui/examples/index/../InformationFlow/ToyBanking/banking_example.UserAccount(banking_example.UserAccount__tryLogin(int,(C)).Non-interference contract.0.m.key; caused by: de.uka.ilkd.key.proof.init.ProofInputException: Could not find rule file rules/intRulesCheckedSemantics.key)
	at de.uka.ilkd.key.control.AbstractUserInterfaceControl.load(AbstractUserInterfaceControl.java:221)
	at de.uka.ilkd.key.control.KeYEnvironment.load(KeYEnvironment.java:251)
	at de.uka.ilkd.key.control.KeYEnvironment.load(KeYEnvironment.java:224)
	at de.uka.ilkd.key.control.KeYEnvironment.load(KeYEnvironment.java:184)
	at de.uka.ilkd.key.control.KeYEnvironment.load(KeYEnvironment.java:261)
	at de.uka.ilkd.key.proof.runallproofs.proofcollection.TestFile.load(TestFile.java:270)
	at de.uka.ilkd.key.proof.runallproofs.proofcollection.TestFile.runKey(TestFile.java:160)
	at de.uka.ilkd.key.proof.runallproofs.proofcollection.ForkedTestFileRunner.main(ForkedTestFileRunner.java:171)
Caused by: de.uka.ilkd.key.proof.init.ProofInputException: Could not find rule file rules/intRulesCheckedSemantics.key
	at de.uka.ilkd.key.proof.io.KeYFile.readIncludes(KeYFile.java:210)
	at de.uka.ilkd.key.proof.init.ProblemInitializer.readIncludes(ProblemInitializer.java:177)
	at de.uka.ilkd.key.proof.init.ProblemInitializer.readEnvInput(ProblemInitializer.java:325)
	at de.uka.ilkd.key.proof.init.ProblemInitializer.prepare(ProblemInitializer.java:449)
	at de.uka.ilkd.key.proof.io.AbstractProblemLoader.createInitConfig(AbstractProblemLoader.java:518)
	at de.uka.ilkd.key.proof.io.AbstractProblemLoader.loadEnvironment(AbstractProblemLoader.java:288)
	at de.uka.ilkd.key.proof.io.AbstractProblemLoader.load(AbstractProblemLoader.java:252)
	at de.uka.ilkd.key.control.AbstractUserInterfaceControl.load(AbstractUserInterfaceControl.java:209)
	... 7 more
Caused by: java.lang.RuntimeException: Could not find rule file rules/intRulesCheckedSemantics.key
	at de.uka.ilkd.key.proof.io.RuleSourceFactory.fromBuiltInRule(RuleSourceFactory.java:32)
	at de.uka.ilkd.key.proof.io.RuleSourceFactory.fromDefaultLocation(RuleSourceFactory.java:21)
	at de.uka.ilkd.key.nparser.builder.IncludeFinder.addInclude(IncludeFinder.java:63)
	at de.uka.ilkd.key.nparser.builder.IncludeFinder.visitOne_include(IncludeFinder.java:43)
	at de.uka.ilkd.key.nparser.builder.IncludeFinder.visitOne_include(IncludeFinder.java:20)
	at de.uka.ilkd.key.nparser.KeYParser$One_includeContext.accept(KeYParser.java:878)
	at de.uka.ilkd.key.nparser.builder.AbstractBuilder.lambda$mapOf$0(AbstractBuilder.java:112)
	at java.base/java.util.stream.ReferencePipeline$3$1.accept(ReferencePipeline.java:195)
	at java.base/java.util.ArrayList$ArrayListSpliterator.forEachRemaining(ArrayList.java:1655)
	at java.base/java.util.stream.AbstractPipeline.copyInto(AbstractPipeline.java:484)
	at java.base/java.util.stream.AbstractPipeline.wrapAndCopyInto(AbstractPipeline.java:474)
	at java.base/java.util.stream.ReduceOps$ReduceOp.evaluateSequential(ReduceOps.java:913)
	at java.base/java.util.stream.AbstractPipeline.evaluate(AbstractPipeline.java:234)
	at java.base/java.util.stream.ReferencePipeline.collect(ReferencePipeline.java:578)
	at de.uka.ilkd.key.nparser.builder.AbstractBuilder.mapOf(AbstractBuilder.java:112)
	at de.uka.ilkd.key.nparser.builder.IncludeFinder.visitOne_include_statement(IncludeFinder.java:35)
	at de.uka.ilkd.key.nparser.builder.IncludeFinder.visitOne_include_statement(IncludeFinder.java:20)
	at de.uka.ilkd.key.nparser.KeYParser$One_include_statementContext.accept(KeYParser.java:802)
	at org.antlr.v4.runtime.tree.AbstractParseTreeVisitor.visitChildren(AbstractParseTreeVisitor.java:46)
	at de.uka.ilkd.key.nparser.KeYParserBaseVisitor.visitDecls(KeYParserBaseVisitor.java:30)
	at de.uka.ilkd.key.nparser.KeYParser$DeclsContext.accept(KeYParser.java:500)
	at org.antlr.v4.runtime.tree.AbstractParseTreeVisitor.visitChildren(AbstractParseTreeVisitor.java:46)
	at de.uka.ilkd.key.nparser.KeYParserBaseVisitor.visitFile(KeYParserBaseVisitor.java:23)
	at de.uka.ilkd.key.nparser.KeYParser$FileContext.accept(KeYParser.java:306)
	at de.uka.ilkd.key.nparser.KeyAst.accept(KeyAst.java:41)
	at de.uka.ilkd.key.nparser.KeyAst$File.getIncludes(KeyAst.java:76)
	at de.uka.ilkd.key.proof.io.KeYFile.readIncludes(KeYFile.java:208)
	... 14 more
Could not find rule file rules/intRulesCheckedSemantics.key (file: /home/runner/work/key/key/key.core/../key.ui/examples/index/../InformationFlow/ToyBanking/banking_example.BankAccount(banking_example.BankAccount__depositMoney(int)).Non-interference contract.0.m.key; caused by: de.uka.ilkd.key.proof.init.ProofInputException: Could not find rule file rules/intRulesCheckedSemantics.key)
	at de.uka.ilkd.key.control.AbstractUserInterfaceControl.load(AbstractUserInterfaceControl.java:221)
	at de.uka.ilkd.key.control.KeYEnvironment.load(KeYEnvironment.java:251)
	at de.uka.ilkd.key.control.KeYEnvironment.load(KeYEnvironment.java:224)
	at de.uka.ilkd.key.control.KeYEnvironment.load(KeYEnvironment.java:184)
	at de.uka.ilkd.key.control.KeYEnvironment.load(KeYEnvironment.java:261)
	at de.uka.ilkd.key.proof.runallproofs.proofcollection.TestFile.load(TestFile.java:270)
	at de.uka.ilkd.key.proof.runallproofs.proofcollection.TestFile.runKey(TestFile.java:160)
	at de.uka.ilkd.key.proof.runallproofs.proofcollection.ForkedTestFileRunner.main(ForkedTestFileRunner.java:171)
Caused by: de.uka.ilkd.key.proof.init.ProofInputException: Could not find rule file rules/intRulesCheckedSemantics.key
	at de.uka.ilkd.key.proof.io.KeYFile.readIncludes(KeYFile.java:210)
	at de.uka.ilkd.key.proof.init.ProblemInitializer.readIncludes(ProblemInitializer.java:177)
	at de.uka.ilkd.key.proof.init.ProblemInitializer.readEnvInput(ProblemInitializer.java:325)
	at de.uka.ilkd.key.proof.init.ProblemInitializer.prepare(ProblemInitializer.java:449)
	at de.uka.ilkd.key.proof.io.AbstractProblemLoader.createInitConfig(AbstractProblemLoader.java:518)
	at de.uka.ilkd.key.proof.io.AbstractProblemLoader.loadEnvironment(AbstractProblemLoader.java:288)
	at de.uka.ilkd.key.proof.io.AbstractProblemLoader.load(AbstractProblemLoader.java:252)
	at de.uka.ilkd.key.control.AbstractUserInterfaceControl.load(AbstractUserInterfaceControl.java:209)
	... 7 more
Caused by: java.lang.RuntimeException: Could not find rule file rules/intRulesCheckedSemantics.key
	at de.uka.ilkd.key.proof.io.RuleSourceFactory.fromBuiltInRule(RuleSourceFactory.java:32)
	at de.uka.ilkd.key.proof.io.RuleSourceFactory.fromDefaultLocation(RuleSourceFactory.java:21)
	at de.uka.ilkd.key.nparser.builder.IncludeFinder.addInclude(IncludeFinder.java:63)
	at de.uka.ilkd.key.nparser.builder.IncludeFinder.visitOne_include(IncludeFinder.java:43)
	at de.uka.ilkd.key.nparser.builder.IncludeFinder.visitOne_include(IncludeFinder.java:20)
	at de.uka.ilkd.key.nparser.KeYParser$One_includeContext.accept(KeYParser.java:878)
	at de.uka.ilkd.key.nparser.builder.AbstractBuilder.lambda$mapOf$0(AbstractBuilder.java:112)
	at java.base/java.util.stream.ReferencePipeline$3$1.accept(ReferencePipeline.java:195)
	at java.base/java.util.ArrayList$ArrayListSpliterator.forEachRemaining(ArrayList.java:1655)
	at java.base/java.util.stream.AbstractPipeline.copyInto(AbstractPipeline.java:484)
	at java.base/java.util.stream.AbstractPipeline.wrapAndCopyInto(AbstractPipeline.java:474)
	at java.base/java.util.stream.ReduceOps$ReduceOp.evaluateSequential(ReduceOps.java:913)
	at java.base/java.util.stream.AbstractPipeline.evaluate(AbstractPipeline.java:234)
	at java.base/java.util.stream.ReferencePipeline.collect(ReferencePipeline.java:578)
	at de.uka.ilkd.key.nparser.builder.AbstractBuilder.mapOf(AbstractBuilder.java:112)
	at de.uka.ilkd.key.nparser.builder.IncludeFinder.visitOne_include_statement(IncludeFinder.java:35)
	at de.uka.ilkd.key.nparser.builder.IncludeFinder.visitOne_include_statement(IncludeFinder.java:20)
	at de.uka.ilkd.key.nparser.KeYParser$One_include_statementContext.accept(KeYParser.java:802)
	at org.antlr.v4.runtime.tree.AbstractParseTreeVisitor.visitChildren(AbstractParseTreeVisitor.java:46)
	at de.uka.ilkd.key.nparser.KeYParserBaseVisitor.visitDecls(KeYParserBaseVisitor.java:30)
	at de.uka.ilkd.key.nparser.KeYParser$DeclsContext.accept(KeYParser.java:500)
	at org.antlr.v4.runtime.tree.AbstractParseTreeVisitor.visitChildren(AbstractParseTreeVisitor.java:46)
	at de.uka.ilkd.key.nparser.KeYParserBaseVisitor.visitFile(KeYParserBaseVisitor.java:23)
	at de.uka.ilkd.key.nparser.KeYParser$FileContext.accept(KeYParser.java:306)
	at de.uka.ilkd.key.nparser.KeyAst.accept(KeyAst.java:41)
	at de.uka.ilkd.key.nparser.KeyAst$File.getIncludes(KeyAst.java:76)
	at de.uka.ilkd.key.proof.io.KeYFile.readIncludes(KeYFile.java:208)
	... 14 more
Could not find rule file rules/intRulesCheckedSemantics.key (file: /home/runner/work/key/key/key.core/../key.ui/examples/index/../InformationFlow/ToyBanking/banking_example.BankAccount(banking_example.BankAccount__getBalance()).Non-interference contract.0.m.key; caused by: de.uka.ilkd.key.proof.init.ProofInputException: Could not find rule file rules/intRulesCheckedSemantics.key)
	at de.uka.ilkd.key.control.AbstractUserInterfaceControl.load(AbstractUserInterfaceControl.java:221)
	at de.uka.ilkd.key.control.KeYEnvironment.load(KeYEnvironment.java:251)
	at de.uka.ilkd.key.control.KeYEnvironment.load(KeYEnvironment.java:224)
	at de.uka.ilkd.key.control.KeYEnvironment.load(KeYEnvironment.java:184)
	at de.uka.ilkd.key.control.KeYEnvironment.load(KeYEnvironment.java:261)
	at de.uka.ilkd.key.proof.runallproofs.proofcollection.TestFile.load(TestFile.java:270)
	at de.uka.ilkd.key.proof.runallproofs.proofcollection.TestFile.runKey(TestFile.java:160)
	at de.uka.ilkd.key.proof.runallproofs.proofcollection.ForkedTestFileRunner.main(ForkedTestFileRunner.java:171)
Caused by: de.uka.ilkd.key.proof.init.ProofInputException: Could not find rule file rules/intRulesCheckedSemantics.key
	at de.uka.ilkd.key.proof.io.KeYFile.readIncludes(KeYFile.java:210)
	at de.uka.ilkd.key.proof.init.ProblemInitializer.readIncludes(ProblemInitializer.java:177)
	at de.uka.ilkd.key.proof.init.ProblemInitializer.readEnvInput(ProblemInitializer.java:325)
	at de.uka.ilkd.key.proof.init.ProblemInitializer.prepare(ProblemInitializer.java:449)
	at de.uka.ilkd.key.proof.io.AbstractProblemLoader.createInitConfig(AbstractProblemLoader.java:518)
	at de.uka.ilkd.key.proof.io.AbstractProblemLoader.loadEnvironment(AbstractProblemLoader.java:288)
	at de.uka.ilkd.key.proof.io.AbstractProblemLoader.load(AbstractProblemLoader.java:252)
	at de.uka.ilkd.key.control.AbstractUserInterfaceControl.load(AbstractUserInterfaceControl.java:209)
	... 7 more
Caused by: java.lang.RuntimeException: Could not find rule file rules/intRulesCheckedSemantics.key
	at de.uka.ilkd.key.proof.io.RuleSourceFactory.fromBuiltInRule(RuleSourceFactory.java:32)
	at de.uka.ilkd.key.proof.io.RuleSourceFactory.fromDefaultLocation(RuleSourceFactory.java:21)
	at de.uka.ilkd.key.nparser.builder.IncludeFinder.addInclude(IncludeFinder.java:63)
	at de.uka.ilkd.key.nparser.builder.IncludeFinder.visitOne_include(IncludeFinder.java:43)
	at de.uka.ilkd.key.nparser.builder.IncludeFinder.visitOne_include(IncludeFinder.java:20)
	at de.uka.ilkd.key.nparser.KeYParser$One_includeContext.accept(KeYParser.java:878)
	at de.uka.ilkd.key.nparser.builder.AbstractBuilder.lambda$mapOf$0(AbstractBuilder.java:112)
	at java.base/java.util.stream.ReferencePipeline$3$1.accept(ReferencePipeline.java:195)
	at java.base/java.util.ArrayList$ArrayListSpliterator.forEachRemaining(ArrayList.java:1655)
	at java.base/java.util.stream.AbstractPipeline.copyInto(AbstractPipeline.java:484)
	at java.base/java.util.stream.AbstractPipeline.wrapAndCopyInto(AbstractPipeline.java:474)
	at java.base/java.util.stream.ReduceOps$ReduceOp.evaluateSequential(ReduceOps.java:913)
	at java.base/java.util.stream.AbstractPipeline.evaluate(AbstractPipeline.java:234)
	at java.base/java.util.stream.ReferencePipeline.collect(ReferencePipeline.java:578)
	at de.uka.ilkd.key.nparser.builder.AbstractBuilder.mapOf(AbstractBuilder.java:112)
	at de.uka.ilkd.key.nparser.builder.IncludeFinder.visitOne_include_statement(IncludeFinder.java:35)
	at de.uka.ilkd.key.nparser.builder.IncludeFinder.visitOne_include_statement(IncludeFinder.java:20)
	at de.uka.ilkd.key.nparser.KeYParser$One_include_statementContext.accept(KeYParser.java:802)
	at org.antlr.v4.runtime.tree.AbstractParseTreeVisitor.visitChildren(AbstractParseTreeVisitor.java:46)
	at de.uka.ilkd.key.nparser.KeYParserBaseVisitor.visitDecls(KeYParserBaseVisitor.java:30)
	at de.uka.ilkd.key.nparser.KeYParser$DeclsContext.accept(KeYParser.java:500)
	at org.antlr.v4.runtime.tree.AbstractParseTreeVisitor.visitChildren(AbstractParseTreeVisitor.java:46)
	at de.uka.ilkd.key.nparser.KeYParserBaseVisitor.visitFile(KeYParserBaseVisitor.java:23)
	at de.uka.ilkd.key.nparser.KeYParser$FileContext.accept(KeYParser.java:306)
	at de.uka.ilkd.key.nparser.KeyAst.accept(KeyAst.java:41)
	at de.uka.ilkd.key.nparser.KeyAst$File.getIncludes(KeyAst.java:76)
	at de.uka.ilkd.key.proof.io.KeYFile.readIncludes(KeYFile.java:208)
	... 14 more
Could not find rule file rules/intRulesCheckedSemantics.key (file: /home/runner/work/key/key/key.core/../key.ui/examples/index/../InformationFlow/ToyBanking/banking_example.BankAccount(banking_example.BankAccount__getId()).Non-interference contract.0.m.key; caused by: de.uka.ilkd.key.proof.init.ProofInputException: Could not find rule file rules/intRulesCheckedSemantics.key)
	at de.uka.ilkd.key.control.AbstractUserInterfaceControl.load(AbstractUserInterfaceControl.java:221)
	at de.uka.ilkd.key.control.KeYEnvironment.load(KeYEnvironment.java:251)
	at de.uka.ilkd.key.control.KeYEnvironment.load(KeYEnvironment.java:224)
	at de.uka.ilkd.key.control.KeYEnvironment.load(KeYEnvironment.java:184)
	at de.uka.ilkd.key.control.KeYEnvironment.load(KeYEnvironment.java:261)
	at de.uka.ilkd.key.proof.runallproofs.proofcollection.TestFile.load(TestFile.java:270)
	at de.uka.ilkd.key.proof.runallproofs.proofcollection.TestFile.runKey(TestFile.java:160)
	at de.uka.ilkd.key.proof.runallproofs.proofcollection.ForkedTestFileRunner.main(ForkedTestFileRunner.java:171)
Caused by: de.uka.ilkd.key.proof.init.ProofInputException: Could not find rule file rules/intRulesCheckedSemantics.key
	at de.uka.ilkd.key.proof.io.KeYFile.readIncludes(KeYFile.java:210)
	at de.uka.ilkd.key.proof.init.ProblemInitializer.readIncludes(ProblemInitializer.java:177)
	at de.uka.ilkd.key.proof.init.ProblemInitializer.readEnvInput(ProblemInitializer.java:325)
	at de.uka.ilkd.key.proof.init.ProblemInitializer.prepare(ProblemInitializer.java:449)
	at de.uka.ilkd.key.proof.io.AbstractProblemLoader.createInitConfig(AbstractProblemLoader.java:518)
	at de.uka.ilkd.key.proof.io.AbstractProblemLoader.loadEnvironment(AbstractProblemLoader.java:288)
	at de.uka.ilkd.key.proof.io.AbstractProblemLoader.load(AbstractProblemLoader.java:252)
	at de.uka.ilkd.key.control.AbstractUserInterfaceControl.load(AbstractUserInterfaceControl.java:209)
	... 7 more
Caused by: java.lang.RuntimeException: Could not find rule file rules/intRulesCheckedSemantics.key
	at de.uka.ilkd.key.proof.io.RuleSourceFactory.fromBuiltInRule(RuleSourceFactory.java:32)
	at de.uka.ilkd.key.proof.io.RuleSourceFactory.fromDefaultLocation(RuleSourceFactory.java:21)
	at de.uka.ilkd.key.nparser.builder.IncludeFinder.addInclude(IncludeFinder.java:63)
	at de.uka.ilkd.key.nparser.builder.IncludeFinder.visitOne_include(IncludeFinder.java:43)
	at de.uka.ilkd.key.nparser.builder.IncludeFinder.visitOne_include(IncludeFinder.java:20)
	at de.uka.ilkd.key.nparser.KeYParser$One_includeContext.accept(KeYParser.java:878)
	at de.uka.ilkd.key.nparser.builder.AbstractBuilder.lambda$mapOf$0(AbstractBuilder.java:112)
	at java.base/java.util.stream.ReferencePipeline$3$1.accept(ReferencePipeline.java:195)
	at java.base/java.util.ArrayList$ArrayListSpliterator.forEachRemaining(ArrayList.java:1655)
	at java.base/java.util.stream.AbstractPipeline.copyInto(AbstractPipeline.java:484)
	at java.base/java.util.stream.AbstractPipeline.wrapAndCopyInto(AbstractPipeline.java:474)
	at java.base/java.util.stream.ReduceOps$ReduceOp.evaluateSequential(ReduceOps.java:913)
	at java.base/java.util.stream.AbstractPipeline.evaluate(AbstractPipeline.java:234)
	at java.base/java.util.stream.ReferencePipeline.collect(ReferencePipeline.java:578)
	at de.uka.ilkd.key.nparser.builder.AbstractBuilder.mapOf(AbstractBuilder.java:112)
	at de.uka.ilkd.key.nparser.builder.IncludeFinder.visitOne_include_statement(IncludeFinder.java:35)
	at de.uka.ilkd.key.nparser.builder.IncludeFinder.visitOne_include_statement(IncludeFinder.java:20)
	at de.uka.ilkd.key.nparser.KeYParser$One_include_statementContext.accept(KeYParser.java:802)
	at org.antlr.v4.runtime.tree.AbstractParseTreeVisitor.visitChildren(AbstractParseTreeVisitor.java:46)
	at de.uka.ilkd.key.nparser.KeYParserBaseVisitor.visitDecls(KeYParserBaseVisitor.java:30)
	at de.uka.ilkd.key.nparser.KeYParser$DeclsContext.accept(KeYParser.java:500)
	at org.antlr.v4.runtime.tree.AbstractParseTreeVisitor.visitChildren(AbstractParseTreeVisitor.java:46)
	at de.uka.ilkd.key.nparser.KeYParserBaseVisitor.visitFile(KeYParserBaseVisitor.java:23)
	at de.uka.ilkd.key.nparser.KeYParser$FileContext.accept(KeYParser.java:306)
	at de.uka.ilkd.key.nparser.KeyAst.accept(KeyAst.java:41)
	at de.uka.ilkd.key.nparser.KeyAst$File.getIncludes(KeyAst.java:76)
	at de.uka.ilkd.key.proof.io.KeYFile.readIncludes(KeYFile.java:208)
	... 14 more
Could not find rule file rules/intRulesCheckedSemantics.key (file: /home/runner/work/key/key/key.core/../key.ui/examples/index/../InformationFlow/ToyBanking/banking_example.Bank(banking_example.Bank__login(int,(C)).Non-interference contract.0.m.key; caused by: de.uka.ilkd.key.proof.init.ProofInputException: Could not find rule file rules/intRulesCheckedSemantics.key)
	at de.uka.ilkd.key.control.AbstractUserInterfaceControl.load(AbstractUserInterfaceControl.java:221)
	at de.uka.ilkd.key.control.KeYEnvironment.load(KeYEnvironment.java:251)
	at de.uka.ilkd.key.control.KeYEnvironment.load(KeYEnvironment.java:224)
	at de.uka.ilkd.key.control.KeYEnvironment.load(KeYEnvironment.java:184)
	at de.uka.ilkd.key.control.KeYEnvironment.load(KeYEnvironment.java:261)
	at de.uka.ilkd.key.proof.runallproofs.proofcollection.TestFile.load(TestFile.java:270)
	at de.uka.ilkd.key.proof.runallproofs.proofcollection.TestFile.runKey(TestFile.java:160)
	at de.uka.ilkd.key.proof.runallproofs.proofcollection.ForkedTestFileRunner.main(ForkedTestFileRunner.java:171)
Caused by: de.uka.ilkd.key.proof.init.ProofInputException: Could not find rule file rules/intRulesCheckedSemantics.key
	at de.uka.ilkd.key.proof.io.KeYFile.readIncludes(KeYFile.java:210)
	at de.uka.ilkd.key.proof.init.ProblemInitializer.readIncludes(ProblemInitializer.java:177)
	at de.uka.ilkd.key.proof.init.ProblemInitializer.readEnvInput(ProblemInitializer.java:325)
	at de.uka.ilkd.key.proof.init.ProblemInitializer.prepare(ProblemInitializer.java:449)
	at de.uka.ilkd.key.proof.io.AbstractProblemLoader.createInitConfig(AbstractProblemLoader.java:518)
	at de.uka.ilkd.key.proof.io.AbstractProblemLoader.loadEnvironment(AbstractProblemLoader.java:288)
	at de.uka.ilkd.key.proof.io.AbstractProblemLoader.load(AbstractProblemLoader.java:252)
	at de.uka.ilkd.key.control.AbstractUserInterfaceControl.load(AbstractUserInterfaceControl.java:209)
	... 7 more
Caused by: java.lang.RuntimeException: Could not find rule file rules/intRulesCheckedSemantics.key
	at de.uka.ilkd.key.proof.io.RuleSourceFactory.fromBuiltInRule(RuleSourceFactory.java:32)
	at de.uka.ilkd.key.proof.io.RuleSourceFactory.fromDefaultLocation(RuleSourceFactory.java:21)
	at de.uka.ilkd.key.nparser.builder.IncludeFinder.addInclude(IncludeFinder.java:63)
	at de.uka.ilkd.key.nparser.builder.IncludeFinder.visitOne_include(IncludeFinder.java:43)
	at de.uka.ilkd.key.nparser.builder.IncludeFinder.visitOne_include(IncludeFinder.java:20)
	at de.uka.ilkd.key.nparser.KeYParser$One_includeContext.accept(KeYParser.java:878)
	at de.uka.ilkd.key.nparser.builder.AbstractBuilder.lambda$mapOf$0(AbstractBuilder.java:112)
	at java.base/java.util.stream.ReferencePipeline$3$1.accept(ReferencePipeline.java:195)
	at java.base/java.util.ArrayList$ArrayListSpliterator.forEachRemaining(ArrayList.java:1655)
	at java.base/java.util.stream.AbstractPipeline.copyInto(AbstractPipeline.java:484)
	at java.base/java.util.stream.AbstractPipeline.wrapAndCopyInto(AbstractPipeline.java:474)
	at java.base/java.util.stream.ReduceOps$ReduceOp.evaluateSequential(ReduceOps.java:913)
	at java.base/java.util.stream.AbstractPipeline.evaluate(AbstractPipeline.java:234)
	at java.base/java.util.stream.ReferencePipeline.collect(ReferencePipeline.java:578)
	at de.uka.ilkd.key.nparser.builder.AbstractBuilder.mapOf(AbstractBuilder.java:112)
	at de.uka.ilkd.key.nparser.builder.IncludeFinder.visitOne_include_statement(IncludeFinder.java:35)
	at de.uka.ilkd.key.nparser.builder.IncludeFinder.visitOne_include_statement(IncludeFinder.java:20)
	at de.uka.ilkd.key.nparser.KeYParser$One_include_statementContext.accept(KeYParser.java:802)
	at org.antlr.v4.runtime.tree.AbstractParseTreeVisitor.visitChildren(AbstractParseTreeVisitor.java:46)
	at de.uka.ilkd.key.nparser.KeYParserBaseVisitor.visitDecls(KeYParserBaseVisitor.java:30)
	at de.uka.ilkd.key.nparser.KeYParser$DeclsContext.accept(KeYParser.java:500)
	at org.antlr.v4.runtime.tree.AbstractParseTreeVisitor.visitChildren(AbstractParseTreeVisitor.java:46)
	at de.uka.ilkd.key.nparser.KeYParserBaseVisitor.visitFile(KeYParserBaseVisitor.java:23)
	at de.uka.ilkd.key.nparser.KeYParser$FileContext.accept(KeYParser.java:306)
	at de.uka.ilkd.key.nparser.KeyAst.accept(KeyAst.java:41)
	at de.uka.ilkd.key.nparser.KeyAst$File.getIncludes(KeyAst.java:76)
	at de.uka.ilkd.key.proof.io.KeYFile.readIncludes(KeYFile.java:208)
	... 14 more
Could not find rule file rules/intRulesCheckedSemantics.key (file: /home/runner/work/key/key/key.core/../key.ui/examples/index/../InformationFlow/ToyBanking/banking_example2.UserAccount(banking_example2.UserAccount__getBankAccount(int)).Non-interference contract.0.m.key; caused by: de.uka.ilkd.key.proof.init.ProofInputException: Could not find rule file rules/intRulesCheckedSemantics.key)
	at de.uka.ilkd.key.control.AbstractUserInterfaceControl.load(AbstractUserInterfaceControl.java:221)
	at de.uka.ilkd.key.control.KeYEnvironment.load(KeYEnvironment.java:251)
	at de.uka.ilkd.key.control.KeYEnvironment.load(KeYEnvironment.java:224)
	at de.uka.ilkd.key.control.KeYEnvironment.load(KeYEnvironment.java:184)
	at de.uka.ilkd.key.control.KeYEnvironment.load(KeYEnvironment.java:261)
	at de.uka.ilkd.key.proof.runallproofs.proofcollection.TestFile.load(TestFile.java:270)
	at de.uka.ilkd.key.proof.runallproofs.proofcollection.TestFile.runKey(TestFile.java:160)
	at de.uka.ilkd.key.proof.runallproofs.proofcollection.ForkedTestFileRunner.main(ForkedTestFileRunner.java:171)
Caused by: de.uka.ilkd.key.proof.init.ProofInputException: Could not find rule file rules/intRulesCheckedSemantics.key
	at de.uka.ilkd.key.proof.io.KeYFile.readIncludes(KeYFile.java:210)
	at de.uka.ilkd.key.proof.init.ProblemInitializer.readIncludes(ProblemInitializer.java:177)
	at de.uka.ilkd.key.proof.init.ProblemInitializer.readEnvInput(ProblemInitializer.java:325)
	at de.uka.ilkd.key.proof.init.ProblemInitializer.prepare(ProblemInitializer.java:449)
	at de.uka.ilkd.key.proof.io.AbstractProblemLoader.createInitConfig(AbstractProblemLoader.java:518)
	at de.uka.ilkd.key.proof.io.AbstractProblemLoader.loadEnvironment(AbstractProblemLoader.java:288)
	at de.uka.ilkd.key.proof.io.AbstractProblemLoader.load(AbstractProblemLoader.java:252)
	at de.uka.ilkd.key.control.AbstractUserInterfaceControl.load(AbstractUserInterfaceControl.java:209)
	... 7 more
Caused by: java.lang.RuntimeException: Could not find rule file rules/intRulesCheckedSemantics.key
	at de.uka.ilkd.key.proof.io.RuleSourceFactory.fromBuiltInRule(RuleSourceFactory.java:32)
	at de.uka.ilkd.key.proof.io.RuleSourceFactory.fromDefaultLocation(RuleSourceFactory.java:21)
	at de.uka.ilkd.key.nparser.builder.IncludeFinder.addInclude(IncludeFinder.java:63)
	at de.uka.ilkd.key.nparser.builder.IncludeFinder.visitOne_include(IncludeFinder.java:43)
	at de.uka.ilkd.key.nparser.builder.IncludeFinder.visitOne_include(IncludeFinder.java:20)
	at de.uka.ilkd.key.nparser.KeYParser$One_includeContext.accept(KeYParser.java:878)
	at de.uka.ilkd.key.nparser.builder.AbstractBuilder.lambda$mapOf$0(AbstractBuilder.java:112)
	at java.base/java.util.stream.ReferencePipeline$3$1.accept(ReferencePipeline.java:195)
	at java.base/java.util.ArrayList$ArrayListSpliterator.forEachRemaining(ArrayList.java:1655)
	at java.base/java.util.stream.AbstractPipeline.copyInto(AbstractPipeline.java:484)
	at java.base/java.util.stream.AbstractPipeline.wrapAndCopyInto(AbstractPipeline.java:474)
	at java.base/java.util.stream.ReduceOps$ReduceOp.evaluateSequential(ReduceOps.java:913)
	at java.base/java.util.stream.AbstractPipeline.evaluate(AbstractPipeline.java:234)
	at java.base/java.util.stream.ReferencePipeline.collect(ReferencePipeline.java:578)
	at de.uka.ilkd.key.nparser.builder.AbstractBuilder.mapOf(AbstractBuilder.java:112)
	at de.uka.ilkd.key.nparser.builder.IncludeFinder.visitOne_include_statement(IncludeFinder.java:35)
	at de.uka.ilkd.key.nparser.builder.IncludeFinder.visitOne_include_statement(IncludeFinder.java:20)
	at de.uka.ilkd.key.nparser.KeYParser$One_include_statementContext.accept(KeYParser.java:802)
	at org.antlr.v4.runtime.tree.AbstractParseTreeVisitor.visitChildren(AbstractParseTreeVisitor.java:46)
	at de.uka.ilkd.key.nparser.KeYParserBaseVisitor.visitDecls(KeYParserBaseVisitor.java:30)
	at de.uka.ilkd.key.nparser.KeYParser$DeclsContext.accept(KeYParser.java:500)
	at org.antlr.v4.runtime.tree.AbstractParseTreeVisitor.visitChildren(AbstractParseTreeVisitor.java:46)
	at de.uka.ilkd.key.nparser.KeYParserBaseVisitor.visitFile(KeYParserBaseVisitor.java:23)
	at de.uka.ilkd.key.nparser.KeYParser$FileContext.accept(KeYParser.java:306)
	at de.uka.ilkd.key.nparser.KeyAst.accept(KeyAst.java:41)
	at de.uka.ilkd.key.nparser.KeyAst$File.getIncludes(KeyAst.java:76)
	at de.uka.ilkd.key.proof.io.KeYFile.readIncludes(KeYFile.java:208)
	... 14 more
Could not find rule file rules/intRulesCheckedSemantics.key (file: /home/runner/work/key/key/key.core/../key.ui/examples/index/../InformationFlow/ToyBanking/banking_example2.UserAccount(banking_example2.UserAccount__tryLogin(int,(C)).Non-interference contract.0.m.key; caused by: de.uka.ilkd.key.proof.init.ProofInputException: Could not find rule file rules/intRulesCheckedSemantics.key)
	at de.uka.ilkd.key.control.AbstractUserInterfaceControl.load(AbstractUserInterfaceControl.java:221)
	at de.uka.ilkd.key.control.KeYEnvironment.load(KeYEnvironment.java:251)
	at de.uka.ilkd.key.control.KeYEnvironment.load(KeYEnvironment.java:224)
	at de.uka.ilkd.key.control.KeYEnvironment.load(KeYEnvironment.java:184)
	at de.uka.ilkd.key.control.KeYEnvironment.load(KeYEnvironment.java:261)
	at de.uka.ilkd.key.proof.runallproofs.proofcollection.TestFile.load(TestFile.java:270)
	at de.uka.ilkd.key.proof.runallproofs.proofcollection.TestFile.runKey(TestFile.java:160)
	at de.uka.ilkd.key.proof.runallproofs.proofcollection.ForkedTestFileRunner.main(ForkedTestFileRunner.java:171)
Caused by: de.uka.ilkd.key.proof.init.ProofInputException: Could not find rule file rules/intRulesCheckedSemantics.key
	at de.uka.ilkd.key.proof.io.KeYFile.readIncludes(KeYFile.java:210)
	at de.uka.ilkd.key.proof.init.ProblemInitializer.readIncludes(ProblemInitializer.java:177)
	at de.uka.ilkd.key.proof.init.ProblemInitializer.readEnvInput(ProblemInitializer.java:325)
	at de.uka.ilkd.key.proof.init.ProblemInitializer.prepare(ProblemInitializer.java:449)
	at de.uka.ilkd.key.proof.io.AbstractProblemLoader.createInitConfig(AbstractProblemLoader.java:518)
	at de.uka.ilkd.key.proof.io.AbstractProblemLoader.loadEnvironment(AbstractProblemLoader.java:288)
	at de.uka.ilkd.key.proof.io.AbstractProblemLoader.load(AbstractProblemLoader.java:252)
	at de.uka.ilkd.key.control.AbstractUserInterfaceControl.load(AbstractUserInterfaceControl.java:209)
	... 7 more
Caused by: java.lang.RuntimeException: Could not find rule file rules/intRulesCheckedSemantics.key
	at de.uka.ilkd.key.proof.io.RuleSourceFactory.fromBuiltInRule(RuleSourceFactory.java:32)
	at de.uka.ilkd.key.proof.io.RuleSourceFactory.fromDefaultLocation(RuleSourceFactory.java:21)
	at de.uka.ilkd.key.nparser.builder.IncludeFinder.addInclude(IncludeFinder.java:63)
	at de.uka.ilkd.key.nparser.builder.IncludeFinder.visitOne_include(IncludeFinder.java:43)
	at de.uka.ilkd.key.nparser.builder.IncludeFinder.visitOne_include(IncludeFinder.java:20)
	at de.uka.ilkd.key.nparser.KeYParser$One_includeContext.accept(KeYParser.java:878)
	at de.uka.ilkd.key.nparser.builder.AbstractBuilder.lambda$mapOf$0(AbstractBuilder.java:112)
	at java.base/java.util.stream.ReferencePipeline$3$1.accept(ReferencePipeline.java:195)
	at java.base/java.util.ArrayList$ArrayListSpliterator.forEachRemaining(ArrayList.java:1655)
	at java.base/java.util.stream.AbstractPipeline.copyInto(AbstractPipeline.java:484)
	at java.base/java.util.stream.AbstractPipeline.wrapAndCopyInto(AbstractPipeline.java:474)
	at java.base/java.util.stream.ReduceOps$ReduceOp.evaluateSequential(ReduceOps.java:913)
	at java.base/java.util.stream.AbstractPipeline.evaluate(AbstractPipeline.java:234)
	at java.base/java.util.stream.ReferencePipeline.collect(ReferencePipeline.java:578)
	at de.uka.ilkd.key.nparser.builder.AbstractBuilder.mapOf(AbstractBuilder.java:112)
	at de.uka.ilkd.key.nparser.builder.IncludeFinder.visitOne_include_statement(IncludeFinder.java:35)
	at de.uka.ilkd.key.nparser.builder.IncludeFinder.visitOne_include_statement(IncludeFinder.java:20)
	at de.uka.ilkd.key.nparser.KeYParser$One_include_statementContext.accept(KeYParser.java:802)
	at org.antlr.v4.runtime.tree.AbstractParseTreeVisitor.visitChildren(AbstractParseTreeVisitor.java:46)
	at de.uka.ilkd.key.nparser.KeYParserBaseVisitor.visitDecls(KeYParserBaseVisitor.java:30)
	at de.uka.ilkd.key.nparser.KeYParser$DeclsContext.accept(KeYParser.java:500)
	at org.antlr.v4.runtime.tree.AbstractParseTreeVisitor.visitChildren(AbstractParseTreeVisitor.java:46)
	at de.uka.ilkd.key.nparser.KeYParserBaseVisitor.visitFile(KeYParserBaseVisitor.java:23)
	at de.uka.ilkd.key.nparser.KeYParser$FileContext.accept(KeYParser.java:306)
	at de.uka.ilkd.key.nparser.KeyAst.accept(KeyAst.java:41)
	at de.uka.ilkd.key.nparser.KeyAst$File.getIncludes(KeyAst.java:76)
	at de.uka.ilkd.key.proof.io.KeYFile.readIncludes(KeYFile.java:208)
	... 14 more
Could not find rule file rules/intRulesCheckedSemantics.key (file: /home/runner/work/key/key/key.core/../key.ui/examples/index/../InformationFlow/ToyBanking/banking_example2.BankAccount(banking_example2.BankAccount__depositMoney(int)).Non-interference contract.0.m.key; caused by: de.uka.ilkd.key.proof.init.ProofInputException: Could not find rule file rules/intRulesCheckedSemantics.key)
	at de.uka.ilkd.key.control.AbstractUserInterfaceControl.load(AbstractUserInterfaceControl.java:221)
	at de.uka.ilkd.key.control.KeYEnvironment.load(KeYEnvironment.java:251)
	at de.uka.ilkd.key.control.KeYEnvironment.load(KeYEnvironment.java:224)
	at de.uka.ilkd.key.control.KeYEnvironment.load(KeYEnvironment.java:184)
	at de.uka.ilkd.key.control.KeYEnvironment.load(KeYEnvironment.java:261)
	at de.uka.ilkd.key.proof.runallproofs.proofcollection.TestFile.load(TestFile.java:270)
	at de.uka.ilkd.key.proof.runallproofs.proofcollection.TestFile.runKey(TestFile.java:160)
	at de.uka.ilkd.key.proof.runallproofs.proofcollection.ForkedTestFileRunner.main(ForkedTestFileRunner.java:171)
Caused by: de.uka.ilkd.key.proof.init.ProofInputException: Could not find rule file rules/intRulesCheckedSemantics.key
	at de.uka.ilkd.key.proof.io.KeYFile.readIncludes(KeYFile.java:210)
	at de.uka.ilkd.key.proof.init.ProblemInitializer.readIncludes(ProblemInitializer.java:177)
	at de.uka.ilkd.key.proof.init.ProblemInitializer.readEnvInput(ProblemInitializer.java:325)
	at de.uka.ilkd.key.proof.init.ProblemInitializer.prepare(ProblemInitializer.java:449)
	at de.uka.ilkd.key.proof.io.AbstractProblemLoader.createInitConfig(AbstractProblemLoader.java:518)
	at de.uka.ilkd.key.proof.io.AbstractProblemLoader.loadEnvironment(AbstractProblemLoader.java:288)
	at de.uka.ilkd.key.proof.io.AbstractProblemLoader.load(AbstractProblemLoader.java:252)
	at de.uka.ilkd.key.control.AbstractUserInterfaceControl.load(AbstractUserInterfaceControl.java:209)
	... 7 more
Caused by: java.lang.RuntimeException: Could not find rule file rules/intRulesCheckedSemantics.key
	at de.uka.ilkd.key.proof.io.RuleSourceFactory.fromBuiltInRule(RuleSourceFactory.java:32)
	at de.uka.ilkd.key.proof.io.RuleSourceFactory.fromDefaultLocation(RuleSourceFactory.java:21)
	at de.uka.ilkd.key.nparser.builder.IncludeFinder.addInclude(IncludeFinder.java:63)
	at de.uka.ilkd.key.nparser.builder.IncludeFinder.visitOne_include(IncludeFinder.java:43)
	at de.uka.ilkd.key.nparser.builder.IncludeFinder.visitOne_include(IncludeFinder.java:20)
	at de.uka.ilkd.key.nparser.KeYParser$One_includeContext.accept(KeYParser.java:878)
	at de.uka.ilkd.key.nparser.builder.AbstractBuilder.lambda$mapOf$0(AbstractBuilder.java:112)
	at java.base/java.util.stream.ReferencePipeline$3$1.accept(ReferencePipeline.java:195)
	at java.base/java.util.ArrayList$ArrayListSpliterator.forEachRemaining(ArrayList.java:1655)
	at java.base/java.util.stream.AbstractPipeline.copyInto(AbstractPipeline.java:484)
	at java.base/java.util.stream.AbstractPipeline.wrapAndCopyInto(AbstractPipeline.java:474)
	at java.base/java.util.stream.ReduceOps$ReduceOp.evaluateSequential(ReduceOps.java:913)
	at java.base/java.util.stream.AbstractPipeline.evaluate(AbstractPipeline.java:234)
	at java.base/java.util.stream.ReferencePipeline.collect(ReferencePipeline.java:578)
	at de.uka.ilkd.key.nparser.builder.AbstractBuilder.mapOf(AbstractBuilder.java:112)
	at de.uka.ilkd.key.nparser.builder.IncludeFinder.visitOne_include_statement(IncludeFinder.java:35)
	at de.uka.ilkd.key.nparser.builder.IncludeFinder.visitOne_include_statement(IncludeFinder.java:20)
	at de.uka.ilkd.key.nparser.KeYParser$One_include_statementContext.accept(KeYParser.java:802)
	at org.antlr.v4.runtime.tree.AbstractParseTreeVisitor.visitChildren(AbstractParseTreeVisitor.java:46)
	at de.uka.ilkd.key.nparser.KeYParserBaseVisitor.visitDecls(KeYParserBaseVisitor.java:30)
	at de.uka.ilkd.key.nparser.KeYParser$DeclsContext.accept(KeYParser.java:500)
	at org.antlr.v4.runtime.tree.AbstractParseTreeVisitor.visitChildren(AbstractParseTreeVisitor.java:46)
	at de.uka.ilkd.key.nparser.KeYParserBaseVisitor.visitFile(KeYParserBaseVisitor.java:23)
	at de.uka.ilkd.key.nparser.KeYParser$FileContext.accept(KeYParser.java:306)
	at de.uka.ilkd.key.nparser.KeyAst.accept(KeyAst.java:41)
	at de.uka.ilkd.key.nparser.KeyAst$File.getIncludes(KeyAst.java:76)
	at de.uka.ilkd.key.proof.io.KeYFile.readIncludes(KeYFile.java:208)
	... 14 more
Could not find rule file rules/intRulesCheckedSemantics.key (file: /home/runner/work/key/key/key.core/../key.ui/examples/index/../InformationFlow/ToyBanking/banking_example2.BankAccount(banking_example2.BankAccount__getBalance()).Non-interference contract.0.m.key; caused by: de.uka.ilkd.key.proof.init.ProofInputException: Could not find rule file rules/intRulesCheckedSemantics.key)
	at de.uka.ilkd.key.control.AbstractUserInterfaceControl.load(AbstractUserInterfaceControl.java:221)
	at de.uka.ilkd.key.control.KeYEnvironment.load(KeYEnvironment.java:251)
	at de.uka.ilkd.key.control.KeYEnvironment.load(KeYEnvironment.java:224)
	at de.uka.ilkd.key.control.KeYEnvironment.load(KeYEnvironment.java:184)
	at de.uka.ilkd.key.control.KeYEnvironment.load(KeYEnvironment.java:261)
	at de.uka.ilkd.key.proof.runallproofs.proofcollection.TestFile.load(TestFile.java:270)
	at de.uka.ilkd.key.proof.runallproofs.proofcollection.TestFile.runKey(TestFile.java:160)
	at de.uka.ilkd.key.proof.runallproofs.proofcollection.ForkedTestFileRunner.main(ForkedTestFileRunner.java:171)
Caused by: de.uka.ilkd.key.proof.init.ProofInputException: Could not find rule file rules/intRulesCheckedSemantics.key
	at de.uka.ilkd.key.proof.io.KeYFile.readIncludes(KeYFile.java:210)
	at de.uka.ilkd.key.proof.init.ProblemInitializer.readIncludes(ProblemInitializer.java:177)
	at de.uka.ilkd.key.proof.init.ProblemInitializer.readEnvInput(ProblemInitializer.java:325)
	at de.uka.ilkd.key.proof.init.ProblemInitializer.prepare(ProblemInitializer.java:449)
	at de.uka.ilkd.key.proof.io.AbstractProblemLoader.createInitConfig(AbstractProblemLoader.java:518)
	at de.uka.ilkd.key.proof.io.AbstractProblemLoader.loadEnvironment(AbstractProblemLoader.java:288)
	at de.uka.ilkd.key.proof.io.AbstractProblemLoader.load(AbstractProblemLoader.java:252)
	at de.uka.ilkd.key.control.AbstractUserInterfaceControl.load(AbstractUserInterfaceControl.java:209)
	... 7 more
Caused by: java.lang.RuntimeException: Could not find rule file rules/intRulesCheckedSemantics.key
	at de.uka.ilkd.key.proof.io.RuleSourceFactory.fromBuiltInRule(RuleSourceFactory.java:32)
	at de.uka.ilkd.key.proof.io.RuleSourceFactory.fromDefaultLocation(RuleSourceFactory.java:21)
	at de.uka.ilkd.key.nparser.builder.IncludeFinder.addInclude(IncludeFinder.java:63)
	at de.uka.ilkd.key.nparser.builder.IncludeFinder.visitOne_include(IncludeFinder.java:43)
	at de.uka.ilkd.key.nparser.builder.IncludeFinder.visitOne_include(IncludeFinder.java:20)
	at de.uka.ilkd.key.nparser.KeYParser$One_includeContext.accept(KeYParser.java:878)
	at de.uka.ilkd.key.nparser.builder.AbstractBuilder.lambda$mapOf$0(AbstractBuilder.java:112)
	at java.base/java.util.stream.ReferencePipeline$3$1.accept(ReferencePipeline.java:195)
	at java.base/java.util.ArrayList$ArrayListSpliterator.forEachRemaining(ArrayList.java:1655)
	at java.base/java.util.stream.AbstractPipeline.copyInto(AbstractPipeline.java:484)
	at java.base/java.util.stream.AbstractPipeline.wrapAndCopyInto(AbstractPipeline.java:474)
	at java.base/java.util.stream.ReduceOps$ReduceOp.evaluateSequential(ReduceOps.java:913)
	at java.base/java.util.stream.AbstractPipeline.evaluate(AbstractPipeline.java:234)
	at java.base/java.util.stream.ReferencePipeline.collect(ReferencePipeline.java:578)
	at de.uka.ilkd.key.nparser.builder.AbstractBuilder.mapOf(AbstractBuilder.java:112)
	at de.uka.ilkd.key.nparser.builder.IncludeFinder.visitOne_include_statement(IncludeFinder.java:35)
	at de.uka.ilkd.key.nparser.builder.IncludeFinder.visitOne_include_statement(IncludeFinder.java:20)
	at de.uka.ilkd.key.nparser.KeYParser$One_include_statementContext.accept(KeYParser.java:802)
	at org.antlr.v4.runtime.tree.AbstractParseTreeVisitor.visitChildren(AbstractParseTreeVisitor.java:46)
	at de.uka.ilkd.key.nparser.KeYParserBaseVisitor.visitDecls(KeYParserBaseVisitor.java:30)
	at de.uka.ilkd.key.nparser.KeYParser$DeclsContext.accept(KeYParser.java:500)
	at org.antlr.v4.runtime.tree.AbstractParseTreeVisitor.visitChildren(AbstractParseTreeVisitor.java:46)
	at de.uka.ilkd.key.nparser.KeYParserBaseVisitor.visitFile(KeYParserBaseVisitor.java:23)
	at de.uka.ilkd.key.nparser.KeYParser$FileContext.accept(KeYParser.java:306)
	at de.uka.ilkd.key.nparser.KeyAst.accept(KeyAst.java:41)
	at de.uka.ilkd.key.nparser.KeyAst$File.getIncludes(KeyAst.java:76)
	at de.uka.ilkd.key.proof.io.KeYFile.readIncludes(KeYFile.java:208)
	... 14 more
Could not find rule file rules/intRulesCheckedSemantics.key (file: /home/runner/work/key/key/key.core/../key.ui/examples/index/../InformationFlow/ToyBanking/banking_example2.BankAccount(banking_example2.BankAccount__getId()).Non-interference contract.0.m.key; caused by: de.uka.ilkd.key.proof.init.ProofInputException: Could not find rule file rules/intRulesCheckedSemantics.key)
	at de.uka.ilkd.key.control.AbstractUserInterfaceControl.load(AbstractUserInterfaceControl.java:221)
	at de.uka.ilkd.key.control.KeYEnvironment.load(KeYEnvironment.java:251)
	at de.uka.ilkd.key.control.KeYEnvironment.load(KeYEnvironment.java:224)
	at de.uka.ilkd.key.control.KeYEnvironment.load(KeYEnvironment.java:184)
	at de.uka.ilkd.key.control.KeYEnvironment.load(KeYEnvironment.java:261)
	at de.uka.ilkd.key.proof.runallproofs.proofcollection.TestFile.load(TestFile.java:270)
	at de.uka.ilkd.key.proof.runallproofs.proofcollection.TestFile.runKey(TestFile.java:160)
	at de.uka.ilkd.key.proof.runallproofs.proofcollection.ForkedTestFileRunner.main(ForkedTestFileRunner.java:171)
Caused by: de.uka.ilkd.key.proof.init.ProofInputException: Could not find rule file rules/intRulesCheckedSemantics.key
	at de.uka.ilkd.key.proof.io.KeYFile.readIncludes(KeYFile.java:210)
	at de.uka.ilkd.key.proof.init.ProblemInitializer.readIncludes(ProblemInitializer.java:177)
	at de.uka.ilkd.key.proof.init.ProblemInitializer.readEnvInput(ProblemInitializer.java:325)
	at de.uka.ilkd.key.proof.init.ProblemInitializer.prepare(ProblemInitializer.java:449)
	at de.uka.ilkd.key.proof.io.AbstractProblemLoader.createInitConfig(AbstractProblemLoader.java:518)
	at de.uka.ilkd.key.proof.io.AbstractProblemLoader.loadEnvironment(AbstractProblemLoader.java:288)
	at de.uka.ilkd.key.proof.io.AbstractProblemLoader.load(AbstractProblemLoader.java:252)
	at de.uka.ilkd.key.control.AbstractUserInterfaceControl.load(AbstractUserInterfaceControl.java:209)
	... 7 more
Caused by: java.lang.RuntimeException: Could not find rule file rules/intRulesCheckedSemantics.key
	at de.uka.ilkd.key.proof.io.RuleSourceFactory.fromBuiltInRule(RuleSourceFactory.java:32)
	at de.uka.ilkd.key.proof.io.RuleSourceFactory.fromDefaultLocation(RuleSourceFactory.java:21)
	at de.uka.ilkd.key.nparser.builder.IncludeFinder.addInclude(IncludeFinder.java:63)
	at de.uka.ilkd.key.nparser.builder.IncludeFinder.visitOne_include(IncludeFinder.java:43)
	at de.uka.ilkd.key.nparser.builder.IncludeFinder.visitOne_include(IncludeFinder.java:20)
	at de.uka.ilkd.key.nparser.KeYParser$One_includeContext.accept(KeYParser.java:878)
	at de.uka.ilkd.key.nparser.builder.AbstractBuilder.lambda$mapOf$0(AbstractBuilder.java:112)
	at java.base/java.util.stream.ReferencePipeline$3$1.accept(ReferencePipeline.java:195)
	at java.base/java.util.ArrayList$ArrayListSpliterator.forEachRemaining(ArrayList.java:1655)
	at java.base/java.util.stream.AbstractPipeline.copyInto(AbstractPipeline.java:484)
	at java.base/java.util.stream.AbstractPipeline.wrapAndCopyInto(AbstractPipeline.java:474)
	at java.base/java.util.stream.ReduceOps$ReduceOp.evaluateSequential(ReduceOps.java:913)
	at java.base/java.util.stream.AbstractPipeline.evaluate(AbstractPipeline.java:234)
	at java.base/java.util.stream.ReferencePipeline.collect(ReferencePipeline.java:578)
	at de.uka.ilkd.key.nparser.builder.AbstractBuilder.mapOf(AbstractBuilder.java:112)
	at de.uka.ilkd.key.nparser.builder.IncludeFinder.visitOne_include_statement(IncludeFinder.java:35)
	at de.uka.ilkd.key.nparser.builder.IncludeFinder.visitOne_include_statement(IncludeFinder.java:20)
	at de.uka.ilkd.key.nparser.KeYParser$One_include_statementContext.accept(KeYParser.java:802)
	at org.antlr.v4.runtime.tree.AbstractParseTreeVisitor.visitChildren(AbstractParseTreeVisitor.java:46)
	at de.uka.ilkd.key.nparser.KeYParserBaseVisitor.visitDecls(KeYParserBaseVisitor.java:30)
	at de.uka.ilkd.key.nparser.KeYParser$DeclsContext.accept(KeYParser.java:500)
	at org.antlr.v4.runtime.tree.AbstractParseTreeVisitor.visitChildren(AbstractParseTreeVisitor.java:46)
	at de.uka.ilkd.key.nparser.KeYParserBaseVisitor.visitFile(KeYParserBaseVisitor.java:23)
	at de.uka.ilkd.key.nparser.KeYParser$FileContext.accept(KeYParser.java:306)
	at de.uka.ilkd.key.nparser.KeyAst.accept(KeyAst.java:41)
	at de.uka.ilkd.key.nparser.KeyAst$File.getIncludes(KeyAst.java:76)
	at de.uka.ilkd.key.proof.io.KeYFile.readIncludes(KeYFile.java:208)
	... 14 more
Exception in thread "main" org.opentest4j.AssertionFailedError: Exception during the execution of proofs. See log for more details.
	at org.junit.jupiter.api.AssertionUtils.fail(AssertionUtils.java:39)
	at org.junit.jupiter.api.Assertions.fail(Assertions.java:134)
	at de.uka.ilkd.key.proof.runallproofs.proofcollection.ForkedTestFileRunner.main(ForkedTestFileRunner.java:192)
Timeout watcher launched (1000 secs.)
Could not find rule file rules/intRulesCheckedSemantics.key (file: /home/runner/work/key/key/key.core/../key.ui/examples/index/../InformationFlow/BlockContracts/contract.IFBlockExamples(contract.IFBlockExamples__secure_5()).Non-interference contract.0.m.key; caused by: de.uka.ilkd.key.proof.init.ProofInputException: Could not find rule file rules/intRulesCheckedSemantics.key)
	at de.uka.ilkd.key.control.AbstractUserInterfaceControl.load(AbstractUserInterfaceControl.java:221)
	at de.uka.ilkd.key.control.KeYEnvironment.load(KeYEnvironment.java:251)
	at de.uka.ilkd.key.control.KeYEnvironment.load(KeYEnvironment.java:224)
	at de.uka.ilkd.key.control.KeYEnvironment.load(KeYEnvironment.java:184)
	at de.uka.ilkd.key.control.KeYEnvironment.load(KeYEnvironment.java:261)
	at de.uka.ilkd.key.proof.runallproofs.proofcollection.TestFile.load(TestFile.java:270)
	at de.uka.ilkd.key.proof.runallproofs.proofcollection.TestFile.runKey(TestFile.java:160)
	at de.uka.ilkd.key.proof.runallproofs.proofcollection.ForkedTestFileRunner.main(ForkedTestFileRunner.java:171)
Caused by: de.uka.ilkd.key.proof.init.ProofInputException: Could not find rule file rules/intRulesCheckedSemantics.key
	at de.uka.ilkd.key.proof.io.KeYFile.readIncludes(KeYFile.java:210)
	at de.uka.ilkd.key.proof.init.ProblemInitializer.readIncludes(ProblemInitializer.java:177)
	at de.uka.ilkd.key.proof.init.ProblemInitializer.readEnvInput(ProblemInitializer.java:325)
	at de.uka.ilkd.key.proof.init.ProblemInitializer.prepare(ProblemInitializer.java:449)
	at de.uka.ilkd.key.proof.io.AbstractProblemLoader.createInitConfig(AbstractProblemLoader.java:518)
	at de.uka.ilkd.key.proof.io.AbstractProblemLoader.loadEnvironment(AbstractProblemLoader.java:288)
	at de.uka.ilkd.key.proof.io.AbstractProblemLoader.load(AbstractProblemLoader.java:252)
	at de.uka.ilkd.key.control.AbstractUserInterfaceControl.load(AbstractUserInterfaceControl.java:209)
	... 7 more
Caused by: java.lang.RuntimeException: Could not find rule file rules/intRulesCheckedSemantics.key
	at de.uka.ilkd.key.proof.io.RuleSourceFactory.fromBuiltInRule(RuleSourceFactory.java:32)
	at de.uka.ilkd.key.proof.io.RuleSourceFactory.fromDefaultLocation(RuleSourceFactory.java:21)
	at de.uka.ilkd.key.nparser.builder.IncludeFinder.addInclude(IncludeFinder.java:63)
	at de.uka.ilkd.key.nparser.builder.IncludeFinder.visitOne_include(IncludeFinder.java:43)
	at de.uka.ilkd.key.nparser.builder.IncludeFinder.visitOne_include(IncludeFinder.java:20)
	at de.uka.ilkd.key.nparser.KeYParser$One_includeContext.accept(KeYParser.java:878)
	at de.uka.ilkd.key.nparser.builder.AbstractBuilder.lambda$mapOf$0(AbstractBuilder.java:112)
	at java.base/java.util.stream.ReferencePipeline$3$1.accept(ReferencePipeline.java:195)
	at java.base/java.util.ArrayList$ArrayListSpliterator.forEachRemaining(ArrayList.java:1655)
	at java.base/java.util.stream.AbstractPipeline.copyInto(AbstractPipeline.java:484)
	at java.base/java.util.stream.AbstractPipeline.wrapAndCopyInto(AbstractPipeline.java:474)
	at java.base/java.util.stream.ReduceOps$ReduceOp.evaluateSequential(ReduceOps.java:913)
	at java.base/java.util.stream.AbstractPipeline.evaluate(AbstractPipeline.java:234)
	at java.base/java.util.stream.ReferencePipeline.collect(ReferencePipeline.java:578)
	at de.uka.ilkd.key.nparser.builder.AbstractBuilder.mapOf(AbstractBuilder.java:112)
	at de.uka.ilkd.key.nparser.builder.IncludeFinder.visitOne_include_statement(IncludeFinder.java:35)
	at de.uka.ilkd.key.nparser.builder.IncludeFinder.visitOne_include_statement(IncludeFinder.java:20)
	at de.uka.ilkd.key.nparser.KeYParser$One_include_statementContext.accept(KeYParser.java:802)
	at org.antlr.v4.runtime.tree.AbstractParseTreeVisitor.visitChildren(AbstractParseTreeVisitor.java:46)
	at de.uka.ilkd.key.nparser.KeYParserBaseVisitor.visitDecls(KeYParserBaseVisitor.java:30)
	at de.uka.ilkd.key.nparser.KeYParser$DeclsContext.accept(KeYParser.java:500)
	at org.antlr.v4.runtime.tree.AbstractParseTreeVisitor.visitChildren(AbstractParseTreeVisitor.java:46)
	at de.uka.ilkd.key.nparser.KeYParserBaseVisitor.visitFile(KeYParserBaseVisitor.java:23)
	at de.uka.ilkd.key.nparser.KeYParser$FileContext.accept(KeYParser.java:306)
	at de.uka.ilkd.key.nparser.KeyAst.accept(KeyAst.java:41)
	at de.uka.ilkd.key.nparser.KeyAst$File.getIncludes(KeyAst.java:76)
	at de.uka.ilkd.key.proof.io.KeYFile.readIncludes(KeYFile.java:208)
	... 14 more
Could not find rule file rules/intRulesCheckedSemantics.key (file: /home/runner/work/key/key/key.core/../key.ui/examples/index/../InformationFlow/BlockContracts/contract.IFBlockExamples(contract.IFBlockExamples__block_no_return_secure(int)).Non-interference contract.0.m.key; caused by: de.uka.ilkd.key.proof.init.ProofInputException: Could not find rule file rules/intRulesCheckedSemantics.key)
	at de.uka.ilkd.key.control.AbstractUserInterfaceControl.load(AbstractUserInterfaceControl.java:221)
	at de.uka.ilkd.key.control.KeYEnvironment.load(KeYEnvironment.java:251)
	at de.uka.ilkd.key.control.KeYEnvironment.load(KeYEnvironment.java:224)
	at de.uka.ilkd.key.control.KeYEnvironment.load(KeYEnvironment.java:184)
	at de.uka.ilkd.key.control.KeYEnvironment.load(KeYEnvironment.java:261)
	at de.uka.ilkd.key.proof.runallproofs.proofcollection.TestFile.load(TestFile.java:270)
	at de.uka.ilkd.key.proof.runallproofs.proofcollection.TestFile.runKey(TestFile.java:160)
	at de.uka.ilkd.key.proof.runallproofs.proofcollection.ForkedTestFileRunner.main(ForkedTestFileRunner.java:171)
Caused by: de.uka.ilkd.key.proof.init.ProofInputException: Could not find rule file rules/intRulesCheckedSemantics.key
	at de.uka.ilkd.key.proof.io.KeYFile.readIncludes(KeYFile.java:210)
	at de.uka.ilkd.key.proof.init.ProblemInitializer.readIncludes(ProblemInitializer.java:177)
	at de.uka.ilkd.key.proof.init.ProblemInitializer.readEnvInput(ProblemInitializer.java:325)
	at de.uka.ilkd.key.proof.init.ProblemInitializer.prepare(ProblemInitializer.java:449)
	at de.uka.ilkd.key.proof.io.AbstractProblemLoader.createInitConfig(AbstractProblemLoader.java:518)
	at de.uka.ilkd.key.proof.io.AbstractProblemLoader.loadEnvironment(AbstractProblemLoader.java:288)
	at de.uka.ilkd.key.proof.io.AbstractProblemLoader.load(AbstractProblemLoader.java:252)
	at de.uka.ilkd.key.control.AbstractUserInterfaceControl.load(AbstractUserInterfaceControl.java:209)
	... 7 more
Caused by: java.lang.RuntimeException: Could not find rule file rules/intRulesCheckedSemantics.key
	at de.uka.ilkd.key.proof.io.RuleSourceFactory.fromBuiltInRule(RuleSourceFactory.java:32)
	at de.uka.ilkd.key.proof.io.RuleSourceFactory.fromDefaultLocation(RuleSourceFactory.java:21)
	at de.uka.ilkd.key.nparser.builder.IncludeFinder.addInclude(IncludeFinder.java:63)
	at de.uka.ilkd.key.nparser.builder.IncludeFinder.visitOne_include(IncludeFinder.java:43)
	at de.uka.ilkd.key.nparser.builder.IncludeFinder.visitOne_include(IncludeFinder.java:20)
	at de.uka.ilkd.key.nparser.KeYParser$One_includeContext.accept(KeYParser.java:878)
	at de.uka.ilkd.key.nparser.builder.AbstractBuilder.lambda$mapOf$0(AbstractBuilder.java:112)
	at java.base/java.util.stream.ReferencePipeline$3$1.accept(ReferencePipeline.java:195)
	at java.base/java.util.ArrayList$ArrayListSpliterator.forEachRemaining(ArrayList.java:1655)
	at java.base/java.util.stream.AbstractPipeline.copyInto(AbstractPipeline.java:484)
	at java.base/java.util.stream.AbstractPipeline.wrapAndCopyInto(AbstractPipeline.java:474)
	at java.base/java.util.stream.ReduceOps$ReduceOp.evaluateSequential(ReduceOps.java:913)
	at java.base/java.util.stream.AbstractPipeline.evaluate(AbstractPipeline.java:234)
	at java.base/java.util.stream.ReferencePipeline.collect(ReferencePipeline.java:578)
	at de.uka.ilkd.key.nparser.builder.AbstractBuilder.mapOf(AbstractBuilder.java:112)
	at de.uka.ilkd.key.nparser.builder.IncludeFinder.visitOne_include_statement(IncludeFinder.java:35)
	at de.uka.ilkd.key.nparser.builder.IncludeFinder.visitOne_include_statement(IncludeFinder.java:20)
	at de.uka.ilkd.key.nparser.KeYParser$One_include_statementContext.accept(KeYParser.java:802)
	at org.antlr.v4.runtime.tree.AbstractParseTreeVisitor.visitChildren(AbstractParseTreeVisitor.java:46)
	at de.uka.ilkd.key.nparser.KeYParserBaseVisitor.visitDecls(KeYParserBaseVisitor.java:30)
	at de.uka.ilkd.key.nparser.KeYParser$DeclsContext.accept(KeYParser.java:500)
	at org.antlr.v4.runtime.tree.AbstractParseTreeVisitor.visitChildren(AbstractParseTreeVisitor.java:46)
	at de.uka.ilkd.key.nparser.KeYParserBaseVisitor.visitFile(KeYParserBaseVisitor.java:23)
	at de.uka.ilkd.key.nparser.KeYParser$FileContext.accept(KeYParser.java:306)
	at de.uka.ilkd.key.nparser.KeyAst.accept(KeyAst.java:41)
	at de.uka.ilkd.key.nparser.KeyAst$File.getIncludes(KeyAst.java:76)
	at de.uka.ilkd.key.proof.io.KeYFile.readIncludes(KeYFile.java:208)
	... 14 more
Could not find rule file rules/intRulesCheckedSemantics.key (file: /home/runner/work/key/key/key.core/../key.ui/examples/index/../InformationFlow/BlockContracts/contract.IFBlockExamples(contract.IFBlockExamples__while_block_insecure(int)).Non-interference contract.0.m.key; caused by: de.uka.ilkd.key.proof.init.ProofInputException: Could not find rule file rules/intRulesCheckedSemantics.key)
	at de.uka.ilkd.key.control.AbstractUserInterfaceControl.load(AbstractUserInterfaceControl.java:221)
	at de.uka.ilkd.key.control.KeYEnvironment.load(KeYEnvironment.java:251)
	at de.uka.ilkd.key.control.KeYEnvironment.load(KeYEnvironment.java:224)
	at de.uka.ilkd.key.control.KeYEnvironment.load(KeYEnvironment.java:184)
	at de.uka.ilkd.key.control.KeYEnvironment.load(KeYEnvironment.java:261)
	at de.uka.ilkd.key.proof.runallproofs.proofcollection.TestFile.load(TestFile.java:270)
	at de.uka.ilkd.key.proof.runallproofs.proofcollection.TestFile.runKey(TestFile.java:160)
	at de.uka.ilkd.key.proof.runallproofs.proofcollection.ForkedTestFileRunner.main(ForkedTestFileRunner.java:171)
Caused by: de.uka.ilkd.key.proof.init.ProofInputException: Could not find rule file rules/intRulesCheckedSemantics.key
	at de.uka.ilkd.key.proof.io.KeYFile.readIncludes(KeYFile.java:210)
	at de.uka.ilkd.key.proof.init.ProblemInitializer.readIncludes(ProblemInitializer.java:177)
	at de.uka.ilkd.key.proof.init.ProblemInitializer.readEnvInput(ProblemInitializer.java:325)
	at de.uka.ilkd.key.proof.init.ProblemInitializer.prepare(ProblemInitializer.java:449)
	at de.uka.ilkd.key.proof.io.AbstractProblemLoader.createInitConfig(AbstractProblemLoader.java:518)
	at de.uka.ilkd.key.proof.io.AbstractProblemLoader.loadEnvironment(AbstractProblemLoader.java:288)
	at de.uka.ilkd.key.proof.io.AbstractProblemLoader.load(AbstractProblemLoader.java:252)
	at de.uka.ilkd.key.control.AbstractUserInterfaceControl.load(AbstractUserInterfaceControl.java:209)
	... 7 more
Caused by: java.lang.RuntimeException: Could not find rule file rules/intRulesCheckedSemantics.key
	at de.uka.ilkd.key.proof.io.RuleSourceFactory.fromBuiltInRule(RuleSourceFactory.java:32)
	at de.uka.ilkd.key.proof.io.RuleSourceFactory.fromDefaultLocation(RuleSourceFactory.java:21)
	at de.uka.ilkd.key.nparser.builder.IncludeFinder.addInclude(IncludeFinder.java:63)
	at de.uka.ilkd.key.nparser.builder.IncludeFinder.visitOne_include(IncludeFinder.java:43)
	at de.uka.ilkd.key.nparser.builder.IncludeFinder.visitOne_include(IncludeFinder.java:20)
	at de.uka.ilkd.key.nparser.KeYParser$One_includeContext.accept(KeYParser.java:878)
	at de.uka.ilkd.key.nparser.builder.AbstractBuilder.lambda$mapOf$0(AbstractBuilder.java:112)
	at java.base/java.util.stream.ReferencePipeline$3$1.accept(ReferencePipeline.java:195)
	at java.base/java.util.ArrayList$ArrayListSpliterator.forEachRemaining(ArrayList.java:1655)
	at java.base/java.util.stream.AbstractPipeline.copyInto(AbstractPipeline.java:484)
	at java.base/java.util.stream.AbstractPipeline.wrapAndCopyInto(AbstractPipeline.java:474)
	at java.base/java.util.stream.ReduceOps$ReduceOp.evaluateSequential(ReduceOps.java:913)
	at java.base/java.util.stream.AbstractPipeline.evaluate(AbstractPipeline.java:234)
	at java.base/java.util.stream.ReferencePipeline.collect(ReferencePipeline.java:578)
	at de.uka.ilkd.key.nparser.builder.AbstractBuilder.mapOf(AbstractBuilder.java:112)
	at de.uka.ilkd.key.nparser.builder.IncludeFinder.visitOne_include_statement(IncludeFinder.java:35)
	at de.uka.ilkd.key.nparser.builder.IncludeFinder.visitOne_include_statement(IncludeFinder.java:20)
	at de.uka.ilkd.key.nparser.KeYParser$One_include_statementContext.accept(KeYParser.java:802)
	at org.antlr.v4.runtime.tree.AbstractParseTreeVisitor.visitChildren(AbstractParseTreeVisitor.java:46)
	at de.uka.ilkd.key.nparser.KeYParserBaseVisitor.visitDecls(KeYParserBaseVisitor.java:30)
	at de.uka.ilkd.key.nparser.KeYParser$DeclsContext.accept(KeYParser.java:500)
	at org.antlr.v4.runtime.tree.AbstractParseTreeVisitor.visitChildren(AbstractParseTreeVisitor.java:46)
	at de.uka.ilkd.key.nparser.KeYParserBaseVisitor.visitFile(KeYParserBaseVisitor.java:23)
	at de.uka.ilkd.key.nparser.KeYParser$FileContext.accept(KeYParser.java:306)
	at de.uka.ilkd.key.nparser.KeyAst.accept(KeyAst.java:41)
	at de.uka.ilkd.key.nparser.KeyAst$File.getIncludes(KeyAst.java:76)
	at de.uka.ilkd.key.proof.io.KeYFile.readIncludes(KeYFile.java:208)
	... 14 more
Could not find rule file rules/intRulesCheckedSemantics.key (file: /home/runner/work/key/key/key.core/../key.ui/examples/index/../InformationFlow/BlockContracts/contract.IFBlockExamples(contract.IFBlockExamples__while_block_secure(int)).Non-interference contract.0.m.key; caused by: de.uka.ilkd.key.proof.init.ProofInputException: Could not find rule file rules/intRulesCheckedSemantics.key)
	at de.uka.ilkd.key.control.AbstractUserInterfaceControl.load(AbstractUserInterfaceControl.java:221)
	at de.uka.ilkd.key.control.KeYEnvironment.load(KeYEnvironment.java:251)
	at de.uka.ilkd.key.control.KeYEnvironment.load(KeYEnvironment.java:224)
	at de.uka.ilkd.key.control.KeYEnvironment.load(KeYEnvironment.java:184)
	at de.uka.ilkd.key.control.KeYEnvironment.load(KeYEnvironment.java:261)
	at de.uka.ilkd.key.proof.runallproofs.proofcollection.TestFile.load(TestFile.java:270)
	at de.uka.ilkd.key.proof.runallproofs.proofcollection.TestFile.runKey(TestFile.java:160)
	at de.uka.ilkd.key.proof.runallproofs.proofcollection.ForkedTestFileRunner.main(ForkedTestFileRunner.java:171)
Caused by: de.uka.ilkd.key.proof.init.ProofInputException: Could not find rule file rules/intRulesCheckedSemantics.key
	at de.uka.ilkd.key.proof.io.KeYFile.readIncludes(KeYFile.java:210)
	at de.uka.ilkd.key.proof.init.ProblemInitializer.readIncludes(ProblemInitializer.java:177)
	at de.uka.ilkd.key.proof.init.ProblemInitializer.readEnvInput(ProblemInitializer.java:325)
	at de.uka.ilkd.key.proof.init.ProblemInitializer.prepare(ProblemInitializer.java:449)
	at de.uka.ilkd.key.proof.io.AbstractProblemLoader.createInitConfig(AbstractProblemLoader.java:518)
	at de.uka.ilkd.key.proof.io.AbstractProblemLoader.loadEnvironment(AbstractProblemLoader.java:288)
	at de.uka.ilkd.key.proof.io.AbstractProblemLoader.load(AbstractProblemLoader.java:252)
	at de.uka.ilkd.key.control.AbstractUserInterfaceControl.load(AbstractUserInterfaceControl.java:209)
	... 7 more
Caused by: java.lang.RuntimeException: Could not find rule file rules/intRulesCheckedSemantics.key
	at de.uka.ilkd.key.proof.io.RuleSourceFactory.fromBuiltInRule(RuleSourceFactory.java:32)
	at de.uka.ilkd.key.proof.io.RuleSourceFactory.fromDefaultLocation(RuleSourceFactory.java:21)
	at de.uka.ilkd.key.nparser.builder.IncludeFinder.addInclude(IncludeFinder.java:63)
	at de.uka.ilkd.key.nparser.builder.IncludeFinder.visitOne_include(IncludeFinder.java:43)
	at de.uka.ilkd.key.nparser.builder.IncludeFinder.visitOne_include(IncludeFinder.java:20)
	at de.uka.ilkd.key.nparser.KeYParser$One_includeContext.accept(KeYParser.java:878)
	at de.uka.ilkd.key.nparser.builder.AbstractBuilder.lambda$mapOf$0(AbstractBuilder.java:112)
	at java.base/java.util.stream.ReferencePipeline$3$1.accept(ReferencePipeline.java:195)
	at java.base/java.util.ArrayList$ArrayListSpliterator.forEachRemaining(ArrayList.java:1655)
	at java.base/java.util.stream.AbstractPipeline.copyInto(AbstractPipeline.java:484)
	at java.base/java.util.stream.AbstractPipeline.wrapAndCopyInto(AbstractPipeline.java:474)
	at java.base/java.util.stream.ReduceOps$ReduceOp.evaluateSequential(ReduceOps.java:913)
	at java.base/java.util.stream.AbstractPipeline.evaluate(AbstractPipeline.java:234)
	at java.base/java.util.stream.ReferencePipeline.collect(ReferencePipeline.java:578)
	at de.uka.ilkd.key.nparser.builder.AbstractBuilder.mapOf(AbstractBuilder.java:112)
	at de.uka.ilkd.key.nparser.builder.IncludeFinder.visitOne_include_statement(IncludeFinder.java:35)
	at de.uka.ilkd.key.nparser.builder.IncludeFinder.visitOne_include_statement(IncludeFinder.java:20)
	at de.uka.ilkd.key.nparser.KeYParser$One_include_statementContext.accept(KeYParser.java:802)
	at org.antlr.v4.runtime.tree.AbstractParseTreeVisitor.visitChildren(AbstractParseTreeVisitor.java:46)
	at de.uka.ilkd.key.nparser.KeYParserBaseVisitor.visitDecls(KeYParserBaseVisitor.java:30)
	at de.uka.ilkd.key.nparser.KeYParser$DeclsContext.accept(KeYParser.java:500)
	at org.antlr.v4.runtime.tree.AbstractParseTreeVisitor.visitChildren(AbstractParseTreeVisitor.java:46)
	at de.uka.ilkd.key.nparser.KeYParserBaseVisitor.visitFile(KeYParserBaseVisitor.java:23)
	at de.uka.ilkd.key.nparser.KeYParser$FileContext.accept(KeYParser.java:306)
	at de.uka.ilkd.key.nparser.KeyAst.accept(KeyAst.java:41)
	at de.uka.ilkd.key.nparser.KeyAst$File.getIncludes(KeyAst.java:76)
	at de.uka.ilkd.key.proof.io.KeYFile.readIncludes(KeYFile.java:208)
	... 14 more
Could not find rule file rules/intRulesCheckedSemantics.key (file: /home/runner/work/key/key/key.core/../key.ui/examples/index/../InformationFlow/BlockContracts/contract.IFBlockExamples(contract.IFBlockExamples__block_while_secure(int)).Non-interference contract.0.m.key; caused by: de.uka.ilkd.key.proof.init.ProofInputException: Could not find rule file rules/intRulesCheckedSemantics.key)
	at de.uka.ilkd.key.control.AbstractUserInterfaceControl.load(AbstractUserInterfaceControl.java:221)
	at de.uka.ilkd.key.control.KeYEnvironment.load(KeYEnvironment.java:251)
	at de.uka.ilkd.key.control.KeYEnvironment.load(KeYEnvironment.java:224)
	at de.uka.ilkd.key.control.KeYEnvironment.load(KeYEnvironment.java:184)
	at de.uka.ilkd.key.control.KeYEnvironment.load(KeYEnvironment.java:261)
	at de.uka.ilkd.key.proof.runallproofs.proofcollection.TestFile.load(TestFile.java:270)
	at de.uka.ilkd.key.proof.runallproofs.proofcollection.TestFile.runKey(TestFile.java:160)
	at de.uka.ilkd.key.proof.runallproofs.proofcollection.ForkedTestFileRunner.main(ForkedTestFileRunner.java:171)
Caused by: de.uka.ilkd.key.proof.init.ProofInputException: Could not find rule file rules/intRulesCheckedSemantics.key
	at de.uka.ilkd.key.proof.io.KeYFile.readIncludes(KeYFile.java:210)
	at de.uka.ilkd.key.proof.init.ProblemInitializer.readIncludes(ProblemInitializer.java:177)
	at de.uka.ilkd.key.proof.init.ProblemInitializer.readEnvInput(ProblemInitializer.java:325)
	at de.uka.ilkd.key.proof.init.ProblemInitializer.prepare(ProblemInitializer.java:449)
	at de.uka.ilkd.key.proof.io.AbstractProblemLoader.createInitConfig(AbstractProblemLoader.java:518)
	at de.uka.ilkd.key.proof.io.AbstractProblemLoader.loadEnvironment(AbstractProblemLoader.java:288)
	at de.uka.ilkd.key.proof.io.AbstractProblemLoader.load(AbstractProblemLoader.java:252)
	at de.uka.ilkd.key.control.AbstractUserInterfaceControl.load(AbstractUserInterfaceControl.java:209)
	... 7 more
Caused by: java.lang.RuntimeException: Could not find rule file rules/intRulesCheckedSemantics.key
	at de.uka.ilkd.key.proof.io.RuleSourceFactory.fromBuiltInRule(RuleSourceFactory.java:32)
	at de.uka.ilkd.key.proof.io.RuleSourceFactory.fromDefaultLocation(RuleSourceFactory.java:21)
	at de.uka.ilkd.key.nparser.builder.IncludeFinder.addInclude(IncludeFinder.java:63)
	at de.uka.ilkd.key.nparser.builder.IncludeFinder.visitOne_include(IncludeFinder.java:43)
	at de.uka.ilkd.key.nparser.builder.IncludeFinder.visitOne_include(IncludeFinder.java:20)
	at de.uka.ilkd.key.nparser.KeYParser$One_includeContext.accept(KeYParser.java:878)
	at de.uka.ilkd.key.nparser.builder.AbstractBuilder.lambda$mapOf$0(AbstractBuilder.java:112)
	at java.base/java.util.stream.ReferencePipeline$3$1.accept(ReferencePipeline.java:195)
	at java.base/java.util.ArrayList$ArrayListSpliterator.forEachRemaining(ArrayList.java:1655)
	at java.base/java.util.stream.AbstractPipeline.copyInto(AbstractPipeline.java:484)
	at java.base/java.util.stream.AbstractPipeline.wrapAndCopyInto(AbstractPipeline.java:474)
	at java.base/java.util.stream.ReduceOps$ReduceOp.evaluateSequential(ReduceOps.java:913)
	at java.base/java.util.stream.AbstractPipeline.evaluate(AbstractPipeline.java:234)
	at java.base/java.util.stream.ReferencePipeline.collect(ReferencePipeline.java:578)
	at de.uka.ilkd.key.nparser.builder.AbstractBuilder.mapOf(AbstractBuilder.java:112)
	at de.uka.ilkd.key.nparser.builder.IncludeFinder.visitOne_include_statement(IncludeFinder.java:35)
	at de.uka.ilkd.key.nparser.builder.IncludeFinder.visitOne_include_statement(IncludeFinder.java:20)
	at de.uka.ilkd.key.nparser.KeYParser$One_include_statementContext.accept(KeYParser.java:802)
	at org.antlr.v4.runtime.tree.AbstractParseTreeVisitor.visitChildren(AbstractParseTreeVisitor.java:46)
	at de.uka.ilkd.key.nparser.KeYParserBaseVisitor.visitDecls(KeYParserBaseVisitor.java:30)
	at de.uka.ilkd.key.nparser.KeYParser$DeclsContext.accept(KeYParser.java:500)
	at org.antlr.v4.runtime.tree.AbstractParseTreeVisitor.visitChildren(AbstractParseTreeVisitor.java:46)
	at de.uka.ilkd.key.nparser.KeYParserBaseVisitor.visitFile(KeYParserBaseVisitor.java:23)
	at de.uka.ilkd.key.nparser.KeYParser$FileContext.accept(KeYParser.java:306)
	at de.uka.ilkd.key.nparser.KeyAst.accept(KeyAst.java:41)
	at de.uka.ilkd.key.nparser.KeyAst$File.getIncludes(KeyAst.java:76)
	at de.uka.ilkd.key.proof.io.KeYFile.readIncludes(KeYFile.java:208)
	... 14 more
Could not find rule file rules/intRulesCheckedSemantics.key (file: /home/runner/work/key/key/key.core/../key.ui/examples/index/../InformationFlow/BlockContracts/contract.IFBlockExamples(contract.IFBlockExamples__insecure_4(int)).Non-interference contract.0.m.key; caused by: de.uka.ilkd.key.proof.init.ProofInputException: Could not find rule file rules/intRulesCheckedSemantics.key)
	at de.uka.ilkd.key.control.AbstractUserInterfaceControl.load(AbstractUserInterfaceControl.java:221)
	at de.uka.ilkd.key.control.KeYEnvironment.load(KeYEnvironment.java:251)
	at de.uka.ilkd.key.control.KeYEnvironment.load(KeYEnvironment.java:224)
	at de.uka.ilkd.key.control.KeYEnvironment.load(KeYEnvironment.java:184)
	at de.uka.ilkd.key.control.KeYEnvironment.load(KeYEnvironment.java:261)
	at de.uka.ilkd.key.proof.runallproofs.proofcollection.TestFile.load(TestFile.java:270)
	at de.uka.ilkd.key.proof.runallproofs.proofcollection.TestFile.runKey(TestFile.java:160)
	at de.uka.ilkd.key.proof.runallproofs.proofcollection.ForkedTestFileRunner.main(ForkedTestFileRunner.java:171)
Caused by: de.uka.ilkd.key.proof.init.ProofInputException: Could not find rule file rules/intRulesCheckedSemantics.key
	at de.uka.ilkd.key.proof.io.KeYFile.readIncludes(KeYFile.java:210)
	at de.uka.ilkd.key.proof.init.ProblemInitializer.readIncludes(ProblemInitializer.java:177)
	at de.uka.ilkd.key.proof.init.ProblemInitializer.readEnvInput(ProblemInitializer.java:325)
	at de.uka.ilkd.key.proof.init.ProblemInitializer.prepare(ProblemInitializer.java:449)
	at de.uka.ilkd.key.proof.io.AbstractProblemLoader.createInitConfig(AbstractProblemLoader.java:518)
	at de.uka.ilkd.key.proof.io.AbstractProblemLoader.loadEnvironment(AbstractProblemLoader.java:288)
	at de.uka.ilkd.key.proof.io.AbstractProblemLoader.load(AbstractProblemLoader.java:252)
	at de.uka.ilkd.key.control.AbstractUserInterfaceControl.load(AbstractUserInterfaceControl.java:209)
	... 7 more
Caused by: java.lang.RuntimeException: Could not find rule file rules/intRulesCheckedSemantics.key
	at de.uka.ilkd.key.proof.io.RuleSourceFactory.fromBuiltInRule(RuleSourceFactory.java:32)
	at de.uka.ilkd.key.proof.io.RuleSourceFactory.fromDefaultLocation(RuleSourceFactory.java:21)
	at de.uka.ilkd.key.nparser.builder.IncludeFinder.addInclude(IncludeFinder.java:63)
	at de.uka.ilkd.key.nparser.builder.IncludeFinder.visitOne_include(IncludeFinder.java:43)
	at de.uka.ilkd.key.nparser.builder.IncludeFinder.visitOne_include(IncludeFinder.java:20)
	at de.uka.ilkd.key.nparser.KeYParser$One_includeContext.accept(KeYParser.java:878)
	at de.uka.ilkd.key.nparser.builder.AbstractBuilder.lambda$mapOf$0(AbstractBuilder.java:112)
	at java.base/java.util.stream.ReferencePipeline$3$1.accept(ReferencePipeline.java:195)
	at java.base/java.util.ArrayList$ArrayListSpliterator.forEachRemaining(ArrayList.java:1655)
	at java.base/java.util.stream.AbstractPipeline.copyInto(AbstractPipeline.java:484)
	at java.base/java.util.stream.AbstractPipeline.wrapAndCopyInto(AbstractPipeline.java:474)
	at java.base/java.util.stream.ReduceOps$ReduceOp.evaluateSequential(ReduceOps.java:913)
	at java.base/java.util.stream.AbstractPipeline.evaluate(AbstractPipeline.java:234)
	at java.base/java.util.stream.ReferencePipeline.collect(ReferencePipeline.java:578)
	at de.uka.ilkd.key.nparser.builder.AbstractBuilder.mapOf(AbstractBuilder.java:112)
	at de.uka.ilkd.key.nparser.builder.IncludeFinder.visitOne_include_statement(IncludeFinder.java:35)
	at de.uka.ilkd.key.nparser.builder.IncludeFinder.visitOne_include_statement(IncludeFinder.java:20)
	at de.uka.ilkd.key.nparser.KeYParser$One_include_statementContext.accept(KeYParser.java:802)
	at org.antlr.v4.runtime.tree.AbstractParseTreeVisitor.visitChildren(AbstractParseTreeVisitor.java:46)
	at de.uka.ilkd.key.nparser.KeYParserBaseVisitor.visitDecls(KeYParserBaseVisitor.java:30)
	at de.uka.ilkd.key.nparser.KeYParser$DeclsContext.accept(KeYParser.java:500)
	at org.antlr.v4.runtime.tree.AbstractParseTreeVisitor.visitChildren(AbstractParseTreeVisitor.java:46)
	at de.uka.ilkd.key.nparser.KeYParserBaseVisitor.visitFile(KeYParserBaseVisitor.java:23)
	at de.uka.ilkd.key.nparser.KeYParser$FileContext.accept(KeYParser.java:306)
	at de.uka.ilkd.key.nparser.KeyAst.accept(KeyAst.java:41)
	at de.uka.ilkd.key.nparser.KeyAst$File.getIncludes(KeyAst.java:76)
	at de.uka.ilkd.key.proof.io.KeYFile.readIncludes(KeYFile.java:208)
	... 14 more
Could not find rule file rules/intRulesCheckedSemantics.key (file: /home/runner/work/key/key/key.core/../key.ui/examples/index/../InformationFlow/BlockContracts/contract.IFBlockExamples(contract.IFBlockExamples__insecure_3(int)).Non-interference contract.0.m.key; caused by: de.uka.ilkd.key.proof.init.ProofInputException: Could not find rule file rules/intRulesCheckedSemantics.key)
	at de.uka.ilkd.key.control.AbstractUserInterfaceControl.load(AbstractUserInterfaceControl.java:221)
	at de.uka.ilkd.key.control.KeYEnvironment.load(KeYEnvironment.java:251)
	at de.uka.ilkd.key.control.KeYEnvironment.load(KeYEnvironment.java:224)
	at de.uka.ilkd.key.control.KeYEnvironment.load(KeYEnvironment.java:184)
	at de.uka.ilkd.key.control.KeYEnvironment.load(KeYEnvironment.java:261)
	at de.uka.ilkd.key.proof.runallproofs.proofcollection.TestFile.load(TestFile.java:270)
	at de.uka.ilkd.key.proof.runallproofs.proofcollection.TestFile.runKey(TestFile.java:160)
	at de.uka.ilkd.key.proof.runallproofs.proofcollection.ForkedTestFileRunner.main(ForkedTestFileRunner.java:171)
Caused by: de.uka.ilkd.key.proof.init.ProofInputException: Could not find rule file rules/intRulesCheckedSemantics.key
	at de.uka.ilkd.key.proof.io.KeYFile.readIncludes(KeYFile.java:210)
	at de.uka.ilkd.key.proof.init.ProblemInitializer.readIncludes(ProblemInitializer.java:177)
	at de.uka.ilkd.key.proof.init.ProblemInitializer.readEnvInput(ProblemInitializer.java:325)
	at de.uka.ilkd.key.proof.init.ProblemInitializer.prepare(ProblemInitializer.java:449)
	at de.uka.ilkd.key.proof.io.AbstractProblemLoader.createInitConfig(AbstractProblemLoader.java:518)
	at de.uka.ilkd.key.proof.io.AbstractProblemLoader.loadEnvironment(AbstractProblemLoader.java:288)
	at de.uka.ilkd.key.proof.io.AbstractProblemLoader.load(AbstractProblemLoader.java:252)
	at de.uka.ilkd.key.control.AbstractUserInterfaceControl.load(AbstractUserInterfaceControl.java:209)
	... 7 more
Caused by: java.lang.RuntimeException: Could not find rule file rules/intRulesCheckedSemantics.key
	at de.uka.ilkd.key.proof.io.RuleSourceFactory.fromBuiltInRule(RuleSourceFactory.java:32)
	at de.uka.ilkd.key.proof.io.RuleSourceFactory.fromDefaultLocation(RuleSourceFactory.java:21)
	at de.uka.ilkd.key.nparser.builder.IncludeFinder.addInclude(IncludeFinder.java:63)
	at de.uka.ilkd.key.nparser.builder.IncludeFinder.visitOne_include(IncludeFinder.java:43)
	at de.uka.ilkd.key.nparser.builder.IncludeFinder.visitOne_include(IncludeFinder.java:20)
	at de.uka.ilkd.key.nparser.KeYParser$One_includeContext.accept(KeYParser.java:878)
	at de.uka.ilkd.key.nparser.builder.AbstractBuilder.lambda$mapOf$0(AbstractBuilder.java:112)
	at java.base/java.util.stream.ReferencePipeline$3$1.accept(ReferencePipeline.java:195)
	at java.base/java.util.ArrayList$ArrayListSpliterator.forEachRemaining(ArrayList.java:1655)
	at java.base/java.util.stream.AbstractPipeline.copyInto(AbstractPipeline.java:484)
	at java.base/java.util.stream.AbstractPipeline.wrapAndCopyInto(AbstractPipeline.java:474)
	at java.base/java.util.stream.ReduceOps$ReduceOp.evaluateSequential(ReduceOps.java:913)
	at java.base/java.util.stream.AbstractPipeline.evaluate(AbstractPipeline.java:234)
	at java.base/java.util.stream.ReferencePipeline.collect(ReferencePipeline.java:578)
	at de.uka.ilkd.key.nparser.builder.AbstractBuilder.mapOf(AbstractBuilder.java:112)
	at de.uka.ilkd.key.nparser.builder.IncludeFinder.visitOne_include_statement(IncludeFinder.java:35)
	at de.uka.ilkd.key.nparser.builder.IncludeFinder.visitOne_include_statement(IncludeFinder.java:20)
	at de.uka.ilkd.key.nparser.KeYParser$One_include_statementContext.accept(KeYParser.java:802)
	at org.antlr.v4.runtime.tree.AbstractParseTreeVisitor.visitChildren(AbstractParseTreeVisitor.java:46)
	at de.uka.ilkd.key.nparser.KeYParserBaseVisitor.visitDecls(KeYParserBaseVisitor.java:30)
	at de.uka.ilkd.key.nparser.KeYParser$DeclsContext.accept(KeYParser.java:500)
	at org.antlr.v4.runtime.tree.AbstractParseTreeVisitor.visitChildren(AbstractParseTreeVisitor.java:46)
	at de.uka.ilkd.key.nparser.KeYParserBaseVisitor.visitFile(KeYParserBaseVisitor.java:23)
	at de.uka.ilkd.key.nparser.KeYParser$FileContext.accept(KeYParser.java:306)
	at de.uka.ilkd.key.nparser.KeyAst.accept(KeyAst.java:41)
	at de.uka.ilkd.key.nparser.KeyAst$File.getIncludes(KeyAst.java:76)
	at de.uka.ilkd.key.proof.io.KeYFile.readIncludes(KeYFile.java:208)
	... 14 more
Could not find rule file rules/intRulesCheckedSemantics.key (file: /home/runner/work/key/key/key.core/../key.ui/examples/index/../InformationFlow/BlockContracts/contract.IFBlockExamples(contract.IFBlockExamples__secure_3(int)).Non-interference contract.0.m.key; caused by: de.uka.ilkd.key.proof.init.ProofInputException: Could not find rule file rules/intRulesCheckedSemantics.key)
	at de.uka.ilkd.key.control.AbstractUserInterfaceControl.load(AbstractUserInterfaceControl.java:221)
	at de.uka.ilkd.key.control.KeYEnvironment.load(KeYEnvironment.java:251)
	at de.uka.ilkd.key.control.KeYEnvironment.load(KeYEnvironment.java:224)
	at de.uka.ilkd.key.control.KeYEnvironment.load(KeYEnvironment.java:184)
	at de.uka.ilkd.key.control.KeYEnvironment.load(KeYEnvironment.java:261)
	at de.uka.ilkd.key.proof.runallproofs.proofcollection.TestFile.load(TestFile.java:270)
	at de.uka.ilkd.key.proof.runallproofs.proofcollection.TestFile.runKey(TestFile.java:160)
	at de.uka.ilkd.key.proof.runallproofs.proofcollection.ForkedTestFileRunner.main(ForkedTestFileRunner.java:171)
Caused by: de.uka.ilkd.key.proof.init.ProofInputException: Could not find rule file rules/intRulesCheckedSemantics.key
	at de.uka.ilkd.key.proof.io.KeYFile.readIncludes(KeYFile.java:210)
	at de.uka.ilkd.key.proof.init.ProblemInitializer.readIncludes(ProblemInitializer.java:177)
	at de.uka.ilkd.key.proof.init.ProblemInitializer.readEnvInput(ProblemInitializer.java:325)
	at de.uka.ilkd.key.proof.init.ProblemInitializer.prepare(ProblemInitializer.java:449)
	at de.uka.ilkd.key.proof.io.AbstractProblemLoader.createInitConfig(AbstractProblemLoader.java:518)
	at de.uka.ilkd.key.proof.io.AbstractProblemLoader.loadEnvironment(AbstractProblemLoader.java:288)
	at de.uka.ilkd.key.proof.io.AbstractProblemLoader.load(AbstractProblemLoader.java:252)
	at de.uka.ilkd.key.control.AbstractUserInterfaceControl.load(AbstractUserInterfaceControl.java:209)
	... 7 more
Caused by: java.lang.RuntimeException: Could not find rule file rules/intRulesCheckedSemantics.key
	at de.uka.ilkd.key.proof.io.RuleSourceFactory.fromBuiltInRule(RuleSourceFactory.java:32)
	at de.uka.ilkd.key.proof.io.RuleSourceFactory.fromDefaultLocation(RuleSourceFactory.java:21)
	at de.uka.ilkd.key.nparser.builder.IncludeFinder.addInclude(IncludeFinder.java:63)
	at de.uka.ilkd.key.nparser.builder.IncludeFinder.visitOne_include(IncludeFinder.java:43)
	at de.uka.ilkd.key.nparser.builder.IncludeFinder.visitOne_include(IncludeFinder.java:20)
	at de.uka.ilkd.key.nparser.KeYParser$One_includeContext.accept(KeYParser.java:878)
	at de.uka.ilkd.key.nparser.builder.AbstractBuilder.lambda$mapOf$0(AbstractBuilder.java:112)
	at java.base/java.util.stream.ReferencePipeline$3$1.accept(ReferencePipeline.java:195)
	at java.base/java.util.ArrayList$ArrayListSpliterator.forEachRemaining(ArrayList.java:1655)
	at java.base/java.util.stream.AbstractPipeline.copyInto(AbstractPipeline.java:484)
	at java.base/java.util.stream.AbstractPipeline.wrapAndCopyInto(AbstractPipeline.java:474)
	at java.base/java.util.stream.ReduceOps$ReduceOp.evaluateSequential(ReduceOps.java:913)
	at java.base/java.util.stream.AbstractPipeline.evaluate(AbstractPipeline.java:234)
	at java.base/java.util.stream.ReferencePipeline.collect(ReferencePipeline.java:578)
	at de.uka.ilkd.key.nparser.builder.AbstractBuilder.mapOf(AbstractBuilder.java:112)
	at de.uka.ilkd.key.nparser.builder.IncludeFinder.visitOne_include_statement(IncludeFinder.java:35)
	at de.uka.ilkd.key.nparser.builder.IncludeFinder.visitOne_include_statement(IncludeFinder.java:20)
	at de.uka.ilkd.key.nparser.KeYParser$One_include_statementContext.accept(KeYParser.java:802)
	at org.antlr.v4.runtime.tree.AbstractParseTreeVisitor.visitChildren(AbstractParseTreeVisitor.java:46)
	at de.uka.ilkd.key.nparser.KeYParserBaseVisitor.visitDecls(KeYParserBaseVisitor.java:30)
	at de.uka.ilkd.key.nparser.KeYParser$DeclsContext.accept(KeYParser.java:500)
	at org.antlr.v4.runtime.tree.AbstractParseTreeVisitor.visitChildren(AbstractParseTreeVisitor.java:46)
	at de.uka.ilkd.key.nparser.KeYParserBaseVisitor.visitFile(KeYParserBaseVisitor.java:23)
	at de.uka.ilkd.key.nparser.KeYParser$FileContext.accept(KeYParser.java:306)
	at de.uka.ilkd.key.nparser.KeyAst.accept(KeyAst.java:41)
	at de.uka.ilkd.key.nparser.KeyAst$File.getIncludes(KeyAst.java:76)
	at de.uka.ilkd.key.proof.io.KeYFile.readIncludes(KeYFile.java:208)
	... 14 more
Could not find rule file rules/intRulesCheckedSemantics.key (file: /home/runner/work/key/key/key.core/../key.ui/examples/index/../InformationFlow/BlockContracts/contract.IFBlockExamples(contract.IFBlockExamples__secure_2(int)).Non-interference contract.0.m.key; caused by: de.uka.ilkd.key.proof.init.ProofInputException: Could not find rule file rules/intRulesCheckedSemantics.key)
	at de.uka.ilkd.key.control.AbstractUserInterfaceControl.load(AbstractUserInterfaceControl.java:221)
	at de.uka.ilkd.key.control.KeYEnvironment.load(KeYEnvironment.java:251)
	at de.uka.ilkd.key.control.KeYEnvironment.load(KeYEnvironment.java:224)
	at de.uka.ilkd.key.control.KeYEnvironment.load(KeYEnvironment.java:184)
	at de.uka.ilkd.key.control.KeYEnvironment.load(KeYEnvironment.java:261)
	at de.uka.ilkd.key.proof.runallproofs.proofcollection.TestFile.load(TestFile.java:270)
	at de.uka.ilkd.key.proof.runallproofs.proofcollection.TestFile.runKey(TestFile.java:160)
	at de.uka.ilkd.key.proof.runallproofs.proofcollection.ForkedTestFileRunner.main(ForkedTestFileRunner.java:171)
Caused by: de.uka.ilkd.key.proof.init.ProofInputException: Could not find rule file rules/intRulesCheckedSemantics.key
	at de.uka.ilkd.key.proof.io.KeYFile.readIncludes(KeYFile.java:210)
	at de.uka.ilkd.key.proof.init.ProblemInitializer.readIncludes(ProblemInitializer.java:177)
	at de.uka.ilkd.key.proof.init.ProblemInitializer.readEnvInput(ProblemInitializer.java:325)
	at de.uka.ilkd.key.proof.init.ProblemInitializer.prepare(ProblemInitializer.java:449)
	at de.uka.ilkd.key.proof.io.AbstractProblemLoader.createInitConfig(AbstractProblemLoader.java:518)
	at de.uka.ilkd.key.proof.io.AbstractProblemLoader.loadEnvironment(AbstractProblemLoader.java:288)
	at de.uka.ilkd.key.proof.io.AbstractProblemLoader.load(AbstractProblemLoader.java:252)
	at de.uka.ilkd.key.control.AbstractUserInterfaceControl.load(AbstractUserInterfaceControl.java:209)
	... 7 more
Caused by: java.lang.RuntimeException: Could not find rule file rules/intRulesCheckedSemantics.key
	at de.uka.ilkd.key.proof.io.RuleSourceFactory.fromBuiltInRule(RuleSourceFactory.java:32)
	at de.uka.ilkd.key.proof.io.RuleSourceFactory.fromDefaultLocation(RuleSourceFactory.java:21)
	at de.uka.ilkd.key.nparser.builder.IncludeFinder.addInclude(IncludeFinder.java:63)
	at de.uka.ilkd.key.nparser.builder.IncludeFinder.visitOne_include(IncludeFinder.java:43)
	at de.uka.ilkd.key.nparser.builder.IncludeFinder.visitOne_include(IncludeFinder.java:20)
	at de.uka.ilkd.key.nparser.KeYParser$One_includeContext.accept(KeYParser.java:878)
	at de.uka.ilkd.key.nparser.builder.AbstractBuilder.lambda$mapOf$0(AbstractBuilder.java:112)
	at java.base/java.util.stream.ReferencePipeline$3$1.accept(ReferencePipeline.java:195)
	at java.base/java.util.ArrayList$ArrayListSpliterator.forEachRemaining(ArrayList.java:1655)
	at java.base/java.util.stream.AbstractPipeline.copyInto(AbstractPipeline.java:484)
	at java.base/java.util.stream.AbstractPipeline.wrapAndCopyInto(AbstractPipeline.java:474)
	at java.base/java.util.stream.ReduceOps$ReduceOp.evaluateSequential(ReduceOps.java:913)
	at java.base/java.util.stream.AbstractPipeline.evaluate(AbstractPipeline.java:234)
	at java.base/java.util.stream.ReferencePipeline.collect(ReferencePipeline.java:578)
	at de.uka.ilkd.key.nparser.builder.AbstractBuilder.mapOf(AbstractBuilder.java:112)
	at de.uka.ilkd.key.nparser.builder.IncludeFinder.visitOne_include_statement(IncludeFinder.java:35)
	at de.uka.ilkd.key.nparser.builder.IncludeFinder.visitOne_include_statement(IncludeFinder.java:20)
	at de.uka.ilkd.key.nparser.KeYParser$One_include_statementContext.accept(KeYParser.java:802)
	at org.antlr.v4.runtime.tree.AbstractParseTreeVisitor.visitChildren(AbstractParseTreeVisitor.java:46)
	at de.uka.ilkd.key.nparser.KeYParserBaseVisitor.visitDecls(KeYParserBaseVisitor.java:30)
	at de.uka.ilkd.key.nparser.KeYParser$DeclsContext.accept(KeYParser.java:500)
	at org.antlr.v4.runtime.tree.AbstractParseTreeVisitor.visitChildren(AbstractParseTreeVisitor.java:46)
	at de.uka.ilkd.key.nparser.KeYParserBaseVisitor.visitFile(KeYParserBaseVisitor.java:23)
	at de.uka.ilkd.key.nparser.KeYParser$FileContext.accept(KeYParser.java:306)
	at de.uka.ilkd.key.nparser.KeyAst.accept(KeyAst.java:41)
	at de.uka.ilkd.key.nparser.KeyAst$File.getIncludes(KeyAst.java:76)
	at de.uka.ilkd.key.proof.io.KeYFile.readIncludes(KeYFile.java:208)
	... 14 more
Could not find rule file rules/intRulesCheckedSemantics.key (file: /home/runner/work/key/key/key.core/../key.ui/examples/index/../InformationFlow/BlockContracts/contract.IFBlockExamples(contract.IFBlockExamples__secure_8(int)).Non-interference contract.0.m.key; caused by: de.uka.ilkd.key.proof.init.ProofInputException: Could not find rule file rules/intRulesCheckedSemantics.key)
	at de.uka.ilkd.key.control.AbstractUserInterfaceControl.load(AbstractUserInterfaceControl.java:221)
	at de.uka.ilkd.key.control.KeYEnvironment.load(KeYEnvironment.java:251)
	at de.uka.ilkd.key.control.KeYEnvironment.load(KeYEnvironment.java:224)
	at de.uka.ilkd.key.control.KeYEnvironment.load(KeYEnvironment.java:184)
	at de.uka.ilkd.key.control.KeYEnvironment.load(KeYEnvironment.java:261)
	at de.uka.ilkd.key.proof.runallproofs.proofcollection.TestFile.load(TestFile.java:270)
	at de.uka.ilkd.key.proof.runallproofs.proofcollection.TestFile.runKey(TestFile.java:160)
	at de.uka.ilkd.key.proof.runallproofs.proofcollection.ForkedTestFileRunner.main(ForkedTestFileRunner.java:171)
Caused by: de.uka.ilkd.key.proof.init.ProofInputException: Could not find rule file rules/intRulesCheckedSemantics.key
	at de.uka.ilkd.key.proof.io.KeYFile.readIncludes(KeYFile.java:210)
	at de.uka.ilkd.key.proof.init.ProblemInitializer.readIncludes(ProblemInitializer.java:177)
	at de.uka.ilkd.key.proof.init.ProblemInitializer.readEnvInput(ProblemInitializer.java:325)
	at de.uka.ilkd.key.proof.init.ProblemInitializer.prepare(ProblemInitializer.java:449)
	at de.uka.ilkd.key.proof.io.AbstractProblemLoader.createInitConfig(AbstractProblemLoader.java:518)
	at de.uka.ilkd.key.proof.io.AbstractProblemLoader.loadEnvironment(AbstractProblemLoader.java:288)
	at de.uka.ilkd.key.proof.io.AbstractProblemLoader.load(AbstractProblemLoader.java:252)
	at de.uka.ilkd.key.control.AbstractUserInterfaceControl.load(AbstractUserInterfaceControl.java:209)
	... 7 more
Caused by: java.lang.RuntimeException: Could not find rule file rules/intRulesCheckedSemantics.key
	at de.uka.ilkd.key.proof.io.RuleSourceFactory.fromBuiltInRule(RuleSourceFactory.java:32)
	at de.uka.ilkd.key.proof.io.RuleSourceFactory.fromDefaultLocation(RuleSourceFactory.java:21)
	at de.uka.ilkd.key.nparser.builder.IncludeFinder.addInclude(IncludeFinder.java:63)
	at de.uka.ilkd.key.nparser.builder.IncludeFinder.visitOne_include(IncludeFinder.java:43)
	at de.uka.ilkd.key.nparser.builder.IncludeFinder.visitOne_include(IncludeFinder.java:20)
	at de.uka.ilkd.key.nparser.KeYParser$One_includeContext.accept(KeYParser.java:878)
	at de.uka.ilkd.key.nparser.builder.AbstractBuilder.lambda$mapOf$0(AbstractBuilder.java:112)
	at java.base/java.util.stream.ReferencePipeline$3$1.accept(ReferencePipeline.java:195)
	at java.base/java.util.ArrayList$ArrayListSpliterator.forEachRemaining(ArrayList.java:1655)
	at java.base/java.util.stream.AbstractPipeline.copyInto(AbstractPipeline.java:484)
	at java.base/java.util.stream.AbstractPipeline.wrapAndCopyInto(AbstractPipeline.java:474)
	at java.base/java.util.stream.ReduceOps$ReduceOp.evaluateSequential(ReduceOps.java:913)
	at java.base/java.util.stream.AbstractPipeline.evaluate(AbstractPipeline.java:234)
	at java.base/java.util.stream.ReferencePipeline.collect(ReferencePipeline.java:578)
	at de.uka.ilkd.key.nparser.builder.AbstractBuilder.mapOf(AbstractBuilder.java:112)
	at de.uka.ilkd.key.nparser.builder.IncludeFinder.visitOne_include_statement(IncludeFinder.java:35)
	at de.uka.ilkd.key.nparser.builder.IncludeFinder.visitOne_include_statement(IncludeFinder.java:20)
	at de.uka.ilkd.key.nparser.KeYParser$One_include_statementContext.accept(KeYParser.java:802)
	at org.antlr.v4.runtime.tree.AbstractParseTreeVisitor.visitChildren(AbstractParseTreeVisitor.java:46)
	at de.uka.ilkd.key.nparser.KeYParserBaseVisitor.visitDecls(KeYParserBaseVisitor.java:30)
	at de.uka.ilkd.key.nparser.KeYParser$DeclsContext.accept(KeYParser.java:500)
	at org.antlr.v4.runtime.tree.AbstractParseTreeVisitor.visitChildren(AbstractParseTreeVisitor.java:46)
	at de.uka.ilkd.key.nparser.KeYParserBaseVisitor.visitFile(KeYParserBaseVisitor.java:23)
	at de.uka.ilkd.key.nparser.KeYParser$FileContext.accept(KeYParser.java:306)
	at de.uka.ilkd.key.nparser.KeyAst.accept(KeyAst.java:41)
	at de.uka.ilkd.key.nparser.KeyAst$File.getIncludes(KeyAst.java:76)
	at de.uka.ilkd.key.proof.io.KeYFile.readIncludes(KeYFile.java:208)
	... 14 more
Could not find rule file rules/intRulesCheckedSemantics.key (file: /home/runner/work/key/key/key.core/../key.ui/examples/index/../InformationFlow/BlockContracts/contract.IFBlockExamples(contract.IFBlockExamples__secure_7(int)).Non-interference contract.0.m.key; caused by: de.uka.ilkd.key.proof.init.ProofInputException: Could not find rule file rules/intRulesCheckedSemantics.key)
	at de.uka.ilkd.key.control.AbstractUserInterfaceControl.load(AbstractUserInterfaceControl.java:221)
	at de.uka.ilkd.key.control.KeYEnvironment.load(KeYEnvironment.java:251)
	at de.uka.ilkd.key.control.KeYEnvironment.load(KeYEnvironment.java:224)
	at de.uka.ilkd.key.control.KeYEnvironment.load(KeYEnvironment.java:184)
	at de.uka.ilkd.key.control.KeYEnvironment.load(KeYEnvironment.java:261)
	at de.uka.ilkd.key.proof.runallproofs.proofcollection.TestFile.load(TestFile.java:270)
	at de.uka.ilkd.key.proof.runallproofs.proofcollection.TestFile.runKey(TestFile.java:160)
	at de.uka.ilkd.key.proof.runallproofs.proofcollection.ForkedTestFileRunner.main(ForkedTestFileRunner.java:171)
Caused by: de.uka.ilkd.key.proof.init.ProofInputException: Could not find rule file rules/intRulesCheckedSemantics.key
	at de.uka.ilkd.key.proof.io.KeYFile.readIncludes(KeYFile.java:210)
	at de.uka.ilkd.key.proof.init.ProblemInitializer.readIncludes(ProblemInitializer.java:177)
	at de.uka.ilkd.key.proof.init.ProblemInitializer.readEnvInput(ProblemInitializer.java:325)
	at de.uka.ilkd.key.proof.init.ProblemInitializer.prepare(ProblemInitializer.java:449)
	at de.uka.ilkd.key.proof.io.AbstractProblemLoader.createInitConfig(AbstractProblemLoader.java:518)
	at de.uka.ilkd.key.proof.io.AbstractProblemLoader.loadEnvironment(AbstractProblemLoader.java:288)
	at de.uka.ilkd.key.proof.io.AbstractProblemLoader.load(AbstractProblemLoader.java:252)
	at de.uka.ilkd.key.control.AbstractUserInterfaceControl.load(AbstractUserInterfaceControl.java:209)
	... 7 more
Caused by: java.lang.RuntimeException: Could not find rule file rules/intRulesCheckedSemantics.key
	at de.uka.ilkd.key.proof.io.RuleSourceFactory.fromBuiltInRule(RuleSourceFactory.java:32)
	at de.uka.ilkd.key.proof.io.RuleSourceFactory.fromDefaultLocation(RuleSourceFactory.java:21)
	at de.uka.ilkd.key.nparser.builder.IncludeFinder.addInclude(IncludeFinder.java:63)
	at de.uka.ilkd.key.nparser.builder.IncludeFinder.visitOne_include(IncludeFinder.java:43)
	at de.uka.ilkd.key.nparser.builder.IncludeFinder.visitOne_include(IncludeFinder.java:20)
	at de.uka.ilkd.key.nparser.KeYParser$One_includeContext.accept(KeYParser.java:878)
	at de.uka.ilkd.key.nparser.builder.AbstractBuilder.lambda$mapOf$0(AbstractBuilder.java:112)
	at java.base/java.util.stream.ReferencePipeline$3$1.accept(ReferencePipeline.java:195)
	at java.base/java.util.ArrayList$ArrayListSpliterator.forEachRemaining(ArrayList.java:1655)
	at java.base/java.util.stream.AbstractPipeline.copyInto(AbstractPipeline.java:484)
	at java.base/java.util.stream.AbstractPipeline.wrapAndCopyInto(AbstractPipeline.java:474)
	at java.base/java.util.stream.ReduceOps$ReduceOp.evaluateSequential(ReduceOps.java:913)
	at java.base/java.util.stream.AbstractPipeline.evaluate(AbstractPipeline.java:234)
	at java.base/java.util.stream.ReferencePipeline.collect(ReferencePipeline.java:578)
	at de.uka.ilkd.key.nparser.builder.AbstractBuilder.mapOf(AbstractBuilder.java:112)
	at de.uka.ilkd.key.nparser.builder.IncludeFinder.visitOne_include_statement(IncludeFinder.java:35)
	at de.uka.ilkd.key.nparser.builder.IncludeFinder.visitOne_include_statement(IncludeFinder.java:20)
	at de.uka.ilkd.key.nparser.KeYParser$One_include_statementContext.accept(KeYParser.java:802)
	at org.antlr.v4.runtime.tree.AbstractParseTreeVisitor.visitChildren(AbstractParseTreeVisitor.java:46)
	at de.uka.ilkd.key.nparser.KeYParserBaseVisitor.visitDecls(KeYParserBaseVisitor.java:30)
	at de.uka.ilkd.key.nparser.KeYParser$DeclsContext.accept(KeYParser.java:500)
	at org.antlr.v4.runtime.tree.AbstractParseTreeVisitor.visitChildren(AbstractParseTreeVisitor.java:46)
	at de.uka.ilkd.key.nparser.KeYParserBaseVisitor.visitFile(KeYParserBaseVisitor.java:23)
	at de.uka.ilkd.key.nparser.KeYParser$FileContext.accept(KeYParser.java:306)
	at de.uka.ilkd.key.nparser.KeyAst.accept(KeyAst.java:41)
	at de.uka.ilkd.key.nparser.KeyAst$File.getIncludes(KeyAst.java:76)
	at de.uka.ilkd.key.proof.io.KeYFile.readIncludes(KeYFile.java:208)
	... 14 more
Could not find rule file rules/intRulesCheckedSemantics.key (file: /home/runner/work/key/key/key.core/../key.ui/examples/index/../InformationFlow/BlockContracts/contract.IFBlockExamples(contract.IFBlockExamples__secure_6(int)).Non-interference contract.0.m.key; caused by: de.uka.ilkd.key.proof.init.ProofInputException: Could not find rule file rules/intRulesCheckedSemantics.key)
	at de.uka.ilkd.key.control.AbstractUserInterfaceControl.load(AbstractUserInterfaceControl.java:221)
	at de.uka.ilkd.key.control.KeYEnvironment.load(KeYEnvironment.java:251)
	at de.uka.ilkd.key.control.KeYEnvironment.load(KeYEnvironment.java:224)
	at de.uka.ilkd.key.control.KeYEnvironment.load(KeYEnvironment.java:184)
	at de.uka.ilkd.key.control.KeYEnvironment.load(KeYEnvironment.java:261)
	at de.uka.ilkd.key.proof.runallproofs.proofcollection.TestFile.load(TestFile.java:270)
	at de.uka.ilkd.key.proof.runallproofs.proofcollection.TestFile.runKey(TestFile.java:160)
	at de.uka.ilkd.key.proof.runallproofs.proofcollection.ForkedTestFileRunner.main(ForkedTestFileRunner.java:171)
Caused by: de.uka.ilkd.key.proof.init.ProofInputException: Could not find rule file rules/intRulesCheckedSemantics.key
	at de.uka.ilkd.key.proof.io.KeYFile.readIncludes(KeYFile.java:210)
	at de.uka.ilkd.key.proof.init.ProblemInitializer.readIncludes(ProblemInitializer.java:177)
	at de.uka.ilkd.key.proof.init.ProblemInitializer.readEnvInput(ProblemInitializer.java:325)
	at de.uka.ilkd.key.proof.init.ProblemInitializer.prepare(ProblemInitializer.java:449)
	at de.uka.ilkd.key.proof.io.AbstractProblemLoader.createInitConfig(AbstractProblemLoader.java:518)
	at de.uka.ilkd.key.proof.io.AbstractProblemLoader.loadEnvironment(AbstractProblemLoader.java:288)
	at de.uka.ilkd.key.proof.io.AbstractProblemLoader.load(AbstractProblemLoader.java:252)
	at de.uka.ilkd.key.control.AbstractUserInterfaceControl.load(AbstractUserInterfaceControl.java:209)
	... 7 more
Caused by: java.lang.RuntimeException: Could not find rule file rules/intRulesCheckedSemantics.key
	at de.uka.ilkd.key.proof.io.RuleSourceFactory.fromBuiltInRule(RuleSourceFactory.java:32)
	at de.uka.ilkd.key.proof.io.RuleSourceFactory.fromDefaultLocation(RuleSourceFactory.java:21)
	at de.uka.ilkd.key.nparser.builder.IncludeFinder.addInclude(IncludeFinder.java:63)
	at de.uka.ilkd.key.nparser.builder.IncludeFinder.visitOne_include(IncludeFinder.java:43)
	at de.uka.ilkd.key.nparser.builder.IncludeFinder.visitOne_include(IncludeFinder.java:20)
	at de.uka.ilkd.key.nparser.KeYParser$One_includeContext.accept(KeYParser.java:878)
	at de.uka.ilkd.key.nparser.builder.AbstractBuilder.lambda$mapOf$0(AbstractBuilder.java:112)
	at java.base/java.util.stream.ReferencePipeline$3$1.accept(ReferencePipeline.java:195)
	at java.base/java.util.ArrayList$ArrayListSpliterator.forEachRemaining(ArrayList.java:1655)
	at java.base/java.util.stream.AbstractPipeline.copyInto(AbstractPipeline.java:484)
	at java.base/java.util.stream.AbstractPipeline.wrapAndCopyInto(AbstractPipeline.java:474)
	at java.base/java.util.stream.ReduceOps$ReduceOp.evaluateSequential(ReduceOps.java:913)
	at java.base/java.util.stream.AbstractPipeline.evaluate(AbstractPipeline.java:234)
	at java.base/java.util.stream.ReferencePipeline.collect(ReferencePipeline.java:578)
	at de.uka.ilkd.key.nparser.builder.AbstractBuilder.mapOf(AbstractBuilder.java:112)
	at de.uka.ilkd.key.nparser.builder.IncludeFinder.visitOne_include_statement(IncludeFinder.java:35)
	at de.uka.ilkd.key.nparser.builder.IncludeFinder.visitOne_include_statement(IncludeFinder.java:20)
	at de.uka.ilkd.key.nparser.KeYParser$One_include_statementContext.accept(KeYParser.java:802)
	at org.antlr.v4.runtime.tree.AbstractParseTreeVisitor.visitChildren(AbstractParseTreeVisitor.java:46)
	at de.uka.ilkd.key.nparser.KeYParserBaseVisitor.visitDecls(KeYParserBaseVisitor.java:30)
	at de.uka.ilkd.key.nparser.KeYParser$DeclsContext.accept(KeYParser.java:500)
	at org.antlr.v4.runtime.tree.AbstractParseTreeVisitor.visitChildren(AbstractParseTreeVisitor.java:46)
	at de.uka.ilkd.key.nparser.KeYParserBaseVisitor.visitFile(KeYParserBaseVisitor.java:23)
	at de.uka.ilkd.key.nparser.KeYParser$FileContext.accept(KeYParser.java:306)
	at de.uka.ilkd.key.nparser.KeyAst.accept(KeyAst.java:41)
	at de.uka.ilkd.key.nparser.KeyAst$File.getIncludes(KeyAst.java:76)
	at de.uka.ilkd.key.proof.io.KeYFile.readIncludes(KeYFile.java:208)
	... 14 more
Could not find rule file rules/intRulesCheckedSemantics.key (file: /home/runner/work/key/key/key.core/../key.ui/examples/index/../InformationFlow/BlockContracts/contract.IFBlockExamples(contract.IFBlockExamples__insecure_1(int)).Non-interference contract.0.m.key; caused by: de.uka.ilkd.key.proof.init.ProofInputException: Could not find rule file rules/intRulesCheckedSemantics.key)
	at de.uka.ilkd.key.control.AbstractUserInterfaceControl.load(AbstractUserInterfaceControl.java:221)
	at de.uka.ilkd.key.control.KeYEnvironment.load(KeYEnvironment.java:251)
	at de.uka.ilkd.key.control.KeYEnvironment.load(KeYEnvironment.java:224)
	at de.uka.ilkd.key.control.KeYEnvironment.load(KeYEnvironment.java:184)
	at de.uka.ilkd.key.control.KeYEnvironment.load(KeYEnvironment.java:261)
	at de.uka.ilkd.key.proof.runallproofs.proofcollection.TestFile.load(TestFile.java:270)
	at de.uka.ilkd.key.proof.runallproofs.proofcollection.TestFile.runKey(TestFile.java:160)
	at de.uka.ilkd.key.proof.runallproofs.proofcollection.ForkedTestFileRunner.main(ForkedTestFileRunner.java:171)
Caused by: de.uka.ilkd.key.proof.init.ProofInputException: Could not find rule file rules/intRulesCheckedSemantics.key
	at de.uka.ilkd.key.proof.io.KeYFile.readIncludes(KeYFile.java:210)
	at de.uka.ilkd.key.proof.init.ProblemInitializer.readIncludes(ProblemInitializer.java:177)
	at de.uka.ilkd.key.proof.init.ProblemInitializer.readEnvInput(ProblemInitializer.java:325)
	at de.uka.ilkd.key.proof.init.ProblemInitializer.prepare(ProblemInitializer.java:449)
	at de.uka.ilkd.key.proof.io.AbstractProblemLoader.createInitConfig(AbstractProblemLoader.java:518)
	at de.uka.ilkd.key.proof.io.AbstractProblemLoader.loadEnvironment(AbstractProblemLoader.java:288)
	at de.uka.ilkd.key.proof.io.AbstractProblemLoader.load(AbstractProblemLoader.java:252)
	at de.uka.ilkd.key.control.AbstractUserInterfaceControl.load(AbstractUserInterfaceControl.java:209)
	... 7 more
Caused by: java.lang.RuntimeException: Could not find rule file rules/intRulesCheckedSemantics.key
	at de.uka.ilkd.key.proof.io.RuleSourceFactory.fromBuiltInRule(RuleSourceFactory.java:32)
	at de.uka.ilkd.key.proof.io.RuleSourceFactory.fromDefaultLocation(RuleSourceFactory.java:21)
	at de.uka.ilkd.key.nparser.builder.IncludeFinder.addInclude(IncludeFinder.java:63)
	at de.uka.ilkd.key.nparser.builder.IncludeFinder.visitOne_include(IncludeFinder.java:43)
	at de.uka.ilkd.key.nparser.builder.IncludeFinder.visitOne_include(IncludeFinder.java:20)
	at de.uka.ilkd.key.nparser.KeYParser$One_includeContext.accept(KeYParser.java:878)
	at de.uka.ilkd.key.nparser.builder.AbstractBuilder.lambda$mapOf$0(AbstractBuilder.java:112)
	at java.base/java.util.stream.ReferencePipeline$3$1.accept(ReferencePipeline.java:195)
	at java.base/java.util.ArrayList$ArrayListSpliterator.forEachRemaining(ArrayList.java:1655)
	at java.base/java.util.stream.AbstractPipeline.copyInto(AbstractPipeline.java:484)
	at java.base/java.util.stream.AbstractPipeline.wrapAndCopyInto(AbstractPipeline.java:474)
	at java.base/java.util.stream.ReduceOps$ReduceOp.evaluateSequential(ReduceOps.java:913)
	at java.base/java.util.stream.AbstractPipeline.evaluate(AbstractPipeline.java:234)
	at java.base/java.util.stream.ReferencePipeline.collect(ReferencePipeline.java:578)
	at de.uka.ilkd.key.nparser.builder.AbstractBuilder.mapOf(AbstractBuilder.java:112)
	at de.uka.ilkd.key.nparser.builder.IncludeFinder.visitOne_include_statement(IncludeFinder.java:35)
	at de.uka.ilkd.key.nparser.builder.IncludeFinder.visitOne_include_statement(IncludeFinder.java:20)
	at de.uka.ilkd.key.nparser.KeYParser$One_include_statementContext.accept(KeYParser.java:802)
	at org.antlr.v4.runtime.tree.AbstractParseTreeVisitor.visitChildren(AbstractParseTreeVisitor.java:46)
	at de.uka.ilkd.key.nparser.KeYParserBaseVisitor.visitDecls(KeYParserBaseVisitor.java:30)
	at de.uka.ilkd.key.nparser.KeYParser$DeclsContext.accept(KeYParser.java:500)
	at org.antlr.v4.runtime.tree.AbstractParseTreeVisitor.visitChildren(AbstractParseTreeVisitor.java:46)
	at de.uka.ilkd.key.nparser.KeYParserBaseVisitor.visitFile(KeYParserBaseVisitor.java:23)
	at de.uka.ilkd.key.nparser.KeYParser$FileContext.accept(KeYParser.java:306)
	at de.uka.ilkd.key.nparser.KeyAst.accept(KeyAst.java:41)
	at de.uka.ilkd.key.nparser.KeyAst$File.getIncludes(KeyAst.java:76)
	at de.uka.ilkd.key.proof.io.KeYFile.readIncludes(KeYFile.java:208)
	... 14 more
Could not find rule file rules/intRulesCheckedSemantics.key (file: /home/runner/work/key/key/key.core/../key.ui/examples/index/../InformationFlow/BlockContracts/contract.IFBlockExamples(contract.IFBlockExamples__secure_4(int)).Non-interference contract.0.m.key; caused by: de.uka.ilkd.key.proof.init.ProofInputException: Could not find rule file rules/intRulesCheckedSemantics.key)
	at de.uka.ilkd.key.control.AbstractUserInterfaceControl.load(AbstractUserInterfaceControl.java:221)
	at de.uka.ilkd.key.control.KeYEnvironment.load(KeYEnvironment.java:251)
	at de.uka.ilkd.key.control.KeYEnvironment.load(KeYEnvironment.java:224)
	at de.uka.ilkd.key.control.KeYEnvironment.load(KeYEnvironment.java:184)
	at de.uka.ilkd.key.control.KeYEnvironment.load(KeYEnvironment.java:261)
	at de.uka.ilkd.key.proof.runallproofs.proofcollection.TestFile.load(TestFile.java:270)
	at de.uka.ilkd.key.proof.runallproofs.proofcollection.TestFile.runKey(TestFile.java:160)
	at de.uka.ilkd.key.proof.runallproofs.proofcollection.ForkedTestFileRunner.main(ForkedTestFileRunner.java:171)
Caused by: de.uka.ilkd.key.proof.init.ProofInputException: Could not find rule file rules/intRulesCheckedSemantics.key
	at de.uka.ilkd.key.proof.io.KeYFile.readIncludes(KeYFile.java:210)
	at de.uka.ilkd.key.proof.init.ProblemInitializer.readIncludes(ProblemInitializer.java:177)
	at de.uka.ilkd.key.proof.init.ProblemInitializer.readEnvInput(ProblemInitializer.java:325)
	at de.uka.ilkd.key.proof.init.ProblemInitializer.prepare(ProblemInitializer.java:449)
	at de.uka.ilkd.key.proof.io.AbstractProblemLoader.createInitConfig(AbstractProblemLoader.java:518)
	at de.uka.ilkd.key.proof.io.AbstractProblemLoader.loadEnvironment(AbstractProblemLoader.java:288)
	at de.uka.ilkd.key.proof.io.AbstractProblemLoader.load(AbstractProblemLoader.java:252)
	at de.uka.ilkd.key.control.AbstractUserInterfaceControl.load(AbstractUserInterfaceControl.java:209)
	... 7 more
Caused by: java.lang.RuntimeException: Could not find rule file rules/intRulesCheckedSemantics.key
	at de.uka.ilkd.key.proof.io.RuleSourceFactory.fromBuiltInRule(RuleSourceFactory.java:32)
	at de.uka.ilkd.key.proof.io.RuleSourceFactory.fromDefaultLocation(RuleSourceFactory.java:21)
	at de.uka.ilkd.key.nparser.builder.IncludeFinder.addInclude(IncludeFinder.java:63)
	at de.uka.ilkd.key.nparser.builder.IncludeFinder.visitOne_include(IncludeFinder.java:43)
	at de.uka.ilkd.key.nparser.builder.IncludeFinder.visitOne_include(IncludeFinder.java:20)
	at de.uka.ilkd.key.nparser.KeYParser$One_includeContext.accept(KeYParser.java:878)
	at de.uka.ilkd.key.nparser.builder.AbstractBuilder.lambda$mapOf$0(AbstractBuilder.java:112)
	at java.base/java.util.stream.ReferencePipeline$3$1.accept(ReferencePipeline.java:195)
	at java.base/java.util.ArrayList$ArrayListSpliterator.forEachRemaining(ArrayList.java:1655)
	at java.base/java.util.stream.AbstractPipeline.copyInto(AbstractPipeline.java:484)
	at java.base/java.util.stream.AbstractPipeline.wrapAndCopyInto(AbstractPipeline.java:474)
	at java.base/java.util.stream.ReduceOps$ReduceOp.evaluateSequential(ReduceOps.java:913)
	at java.base/java.util.stream.AbstractPipeline.evaluate(AbstractPipeline.java:234)
	at java.base/java.util.stream.ReferencePipeline.collect(ReferencePipeline.java:578)
	at de.uka.ilkd.key.nparser.builder.AbstractBuilder.mapOf(AbstractBuilder.java:112)
	at de.uka.ilkd.key.nparser.builder.IncludeFinder.visitOne_include_statement(IncludeFinder.java:35)
	at de.uka.ilkd.key.nparser.builder.IncludeFinder.visitOne_include_statement(IncludeFinder.java:20)
	at de.uka.ilkd.key.nparser.KeYParser$One_include_statementContext.accept(KeYParser.java:802)
	at org.antlr.v4.runtime.tree.AbstractParseTreeVisitor.visitChildren(AbstractParseTreeVisitor.java:46)
	at de.uka.ilkd.key.nparser.KeYParserBaseVisitor.visitDecls(KeYParserBaseVisitor.java:30)
	at de.uka.ilkd.key.nparser.KeYParser$DeclsContext.accept(KeYParser.java:500)
	at org.antlr.v4.runtime.tree.AbstractParseTreeVisitor.visitChildren(AbstractParseTreeVisitor.java:46)
	at de.uka.ilkd.key.nparser.KeYParserBaseVisitor.visitFile(KeYParserBaseVisitor.java:23)
	at de.uka.ilkd.key.nparser.KeYParser$FileContext.accept(KeYParser.java:306)
	at de.uka.ilkd.key.nparser.KeyAst.accept(KeyAst.java:41)
	at de.uka.ilkd.key.nparser.KeyAst$File.getIncludes(KeyAst.java:76)
	at de.uka.ilkd.key.proof.io.KeYFile.readIncludes(KeYFile.java:208)
	... 14 more
Could not find rule file rules/intRulesCheckedSemantics.key (file: /home/runner/work/key/key/key.core/../key.ui/examples/index/../InformationFlow/BlockContracts/contract.IFBlockExamples(contract.IFBlockExamples__secure_1(int)).Non-interference contract.0.m.key; caused by: de.uka.ilkd.key.proof.init.ProofInputException: Could not find rule file rules/intRulesCheckedSemantics.key)
	at de.uka.ilkd.key.control.AbstractUserInterfaceControl.load(AbstractUserInterfaceControl.java:221)
	at de.uka.ilkd.key.control.KeYEnvironment.load(KeYEnvironment.java:251)
	at de.uka.ilkd.key.control.KeYEnvironment.load(KeYEnvironment.java:224)
	at de.uka.ilkd.key.control.KeYEnvironment.load(KeYEnvironment.java:184)
	at de.uka.ilkd.key.control.KeYEnvironment.load(KeYEnvironment.java:261)
	at de.uka.ilkd.key.proof.runallproofs.proofcollection.TestFile.load(TestFile.java:270)
	at de.uka.ilkd.key.proof.runallproofs.proofcollection.TestFile.runKey(TestFile.java:160)
	at de.uka.ilkd.key.proof.runallproofs.proofcollection.ForkedTestFileRunner.main(ForkedTestFileRunner.java:171)
Caused by: de.uka.ilkd.key.proof.init.ProofInputException: Could not find rule file rules/intRulesCheckedSemantics.key
	at de.uka.ilkd.key.proof.io.KeYFile.readIncludes(KeYFile.java:210)
	at de.uka.ilkd.key.proof.init.ProblemInitializer.readIncludes(ProblemInitializer.java:177)
	at de.uka.ilkd.key.proof.init.ProblemInitializer.readEnvInput(ProblemInitializer.java:325)
	at de.uka.ilkd.key.proof.init.ProblemInitializer.prepare(ProblemInitializer.java:449)
	at de.uka.ilkd.key.proof.io.AbstractProblemLoader.createInitConfig(AbstractProblemLoader.java:518)
	at de.uka.ilkd.key.proof.io.AbstractProblemLoader.loadEnvironment(AbstractProblemLoader.java:288)
	at de.uka.ilkd.key.proof.io.AbstractProblemLoader.load(AbstractProblemLoader.java:252)
	at de.uka.ilkd.key.control.AbstractUserInterfaceControl.load(AbstractUserInterfaceControl.java:209)
	... 7 more
Caused by: java.lang.RuntimeException: Could not find rule file rules/intRulesCheckedSemantics.key
	at de.uka.ilkd.key.proof.io.RuleSourceFactory.fromBuiltInRule(RuleSourceFactory.java:32)
	at de.uka.ilkd.key.proof.io.RuleSourceFactory.fromDefaultLocation(RuleSourceFactory.java:21)
	at de.uka.ilkd.key.nparser.builder.IncludeFinder.addInclude(IncludeFinder.java:63)
	at de.uka.ilkd.key.nparser.builder.IncludeFinder.visitOne_include(IncludeFinder.java:43)
	at de.uka.ilkd.key.nparser.builder.IncludeFinder.visitOne_include(IncludeFinder.java:20)
	at de.uka.ilkd.key.nparser.KeYParser$One_includeContext.accept(KeYParser.java:878)
	at de.uka.ilkd.key.nparser.builder.AbstractBuilder.lambda$mapOf$0(AbstractBuilder.java:112)
	at java.base/java.util.stream.ReferencePipeline$3$1.accept(ReferencePipeline.java:195)
	at java.base/java.util.ArrayList$ArrayListSpliterator.forEachRemaining(ArrayList.java:1655)
	at java.base/java.util.stream.AbstractPipeline.copyInto(AbstractPipeline.java:484)
	at java.base/java.util.stream.AbstractPipeline.wrapAndCopyInto(AbstractPipeline.java:474)
	at java.base/java.util.stream.ReduceOps$ReduceOp.evaluateSequential(ReduceOps.java:913)
	at java.base/java.util.stream.AbstractPipeline.evaluate(AbstractPipeline.java:234)
	at java.base/java.util.stream.ReferencePipeline.collect(ReferencePipeline.java:578)
	at de.uka.ilkd.key.nparser.builder.AbstractBuilder.mapOf(AbstractBuilder.java:112)
	at de.uka.ilkd.key.nparser.builder.IncludeFinder.visitOne_include_statement(IncludeFinder.java:35)
	at de.uka.ilkd.key.nparser.builder.IncludeFinder.visitOne_include_statement(IncludeFinder.java:20)
	at de.uka.ilkd.key.nparser.KeYParser$One_include_statementContext.accept(KeYParser.java:802)
	at org.antlr.v4.runtime.tree.AbstractParseTreeVisitor.visitChildren(AbstractParseTreeVisitor.java:46)
	at de.uka.ilkd.key.nparser.KeYParserBaseVisitor.visitDecls(KeYParserBaseVisitor.java:30)
	at de.uka.ilkd.key.nparser.KeYParser$DeclsContext.accept(KeYParser.java:500)
	at org.antlr.v4.runtime.tree.AbstractParseTreeVisitor.visitChildren(AbstractParseTreeVisitor.java:46)
	at de.uka.ilkd.key.nparser.KeYParserBaseVisitor.visitFile(KeYParserBaseVisitor.java:23)
	at de.uka.ilkd.key.nparser.KeYParser$FileContext.accept(KeYParser.java:306)
	at de.uka.ilkd.key.nparser.KeyAst.accept(KeyAst.java:41)
	at de.uka.ilkd.key.nparser.KeyAst$File.getIncludes(KeyAst.java:76)
	at de.uka.ilkd.key.proof.io.KeYFile.readIncludes(KeYFile.java:208)
	... 14 more
Could not find rule file rules/intRulesCheckedSemantics.key (file: /home/runner/work/key/key/key.core/../key.ui/examples/index/../InformationFlow/BlockContracts/contract.IFEfficiencyExamples(contract.IFEfficiencyExamples__mWithoutBlockContract()).Non-interference contract.0.m.key; caused by: de.uka.ilkd.key.proof.init.ProofInputException: Could not find rule file rules/intRulesCheckedSemantics.key)
	at de.uka.ilkd.key.control.AbstractUserInterfaceControl.load(AbstractUserInterfaceControl.java:221)
	at de.uka.ilkd.key.control.KeYEnvironment.load(KeYEnvironment.java:251)
	at de.uka.ilkd.key.control.KeYEnvironment.load(KeYEnvironment.java:224)
	at de.uka.ilkd.key.control.KeYEnvironment.load(KeYEnvironment.java:184)
	at de.uka.ilkd.key.control.KeYEnvironment.load(KeYEnvironment.java:261)
	at de.uka.ilkd.key.proof.runallproofs.proofcollection.TestFile.load(TestFile.java:270)
	at de.uka.ilkd.key.proof.runallproofs.proofcollection.TestFile.runKey(TestFile.java:160)
	at de.uka.ilkd.key.proof.runallproofs.proofcollection.ForkedTestFileRunner.main(ForkedTestFileRunner.java:171)
Caused by: de.uka.ilkd.key.proof.init.ProofInputException: Could not find rule file rules/intRulesCheckedSemantics.key
	at de.uka.ilkd.key.proof.io.KeYFile.readIncludes(KeYFile.java:210)
	at de.uka.ilkd.key.proof.init.ProblemInitializer.readIncludes(ProblemInitializer.java:177)
	at de.uka.ilkd.key.proof.init.ProblemInitializer.readEnvInput(ProblemInitializer.java:325)
	at de.uka.ilkd.key.proof.init.ProblemInitializer.prepare(ProblemInitializer.java:449)
	at de.uka.ilkd.key.proof.io.AbstractProblemLoader.createInitConfig(AbstractProblemLoader.java:518)
	at de.uka.ilkd.key.proof.io.AbstractProblemLoader.loadEnvironment(AbstractProblemLoader.java:288)
	at de.uka.ilkd.key.proof.io.AbstractProblemLoader.load(AbstractProblemLoader.java:252)
	at de.uka.ilkd.key.control.AbstractUserInterfaceControl.load(AbstractUserInterfaceControl.java:209)
	... 7 more
Caused by: java.lang.RuntimeException: Could not find rule file rules/intRulesCheckedSemantics.key
	at de.uka.ilkd.key.proof.io.RuleSourceFactory.fromBuiltInRule(RuleSourceFactory.java:32)
	at de.uka.ilkd.key.proof.io.RuleSourceFactory.fromDefaultLocation(RuleSourceFactory.java:21)
	at de.uka.ilkd.key.nparser.builder.IncludeFinder.addInclude(IncludeFinder.java:63)
	at de.uka.ilkd.key.nparser.builder.IncludeFinder.visitOne_include(IncludeFinder.java:43)
	at de.uka.ilkd.key.nparser.builder.IncludeFinder.visitOne_include(IncludeFinder.java:20)
	at de.uka.ilkd.key.nparser.KeYParser$One_includeContext.accept(KeYParser.java:878)
	at de.uka.ilkd.key.nparser.builder.AbstractBuilder.lambda$mapOf$0(AbstractBuilder.java:112)
	at java.base/java.util.stream.ReferencePipeline$3$1.accept(ReferencePipeline.java:195)
	at java.base/java.util.ArrayList$ArrayListSpliterator.forEachRemaining(ArrayList.java:1655)
	at java.base/java.util.stream.AbstractPipeline.copyInto(AbstractPipeline.java:484)
	at java.base/java.util.stream.AbstractPipeline.wrapAndCopyInto(AbstractPipeline.java:474)
	at java.base/java.util.stream.ReduceOps$ReduceOp.evaluateSequential(ReduceOps.java:913)
	at java.base/java.util.stream.AbstractPipeline.evaluate(AbstractPipeline.java:234)
	at java.base/java.util.stream.ReferencePipeline.collect(ReferencePipeline.java:578)
	at de.uka.ilkd.key.nparser.builder.AbstractBuilder.mapOf(AbstractBuilder.java:112)
	at de.uka.ilkd.key.nparser.builder.IncludeFinder.visitOne_include_statement(IncludeFinder.java:35)
	at de.uka.ilkd.key.nparser.builder.IncludeFinder.visitOne_include_statement(IncludeFinder.java:20)
	at de.uka.ilkd.key.nparser.KeYParser$One_include_statementContext.accept(KeYParser.java:802)
	at org.antlr.v4.runtime.tree.AbstractParseTreeVisitor.visitChildren(AbstractParseTreeVisitor.java:46)
	at de.uka.ilkd.key.nparser.KeYParserBaseVisitor.visitDecls(KeYParserBaseVisitor.java:30)
	at de.uka.ilkd.key.nparser.KeYParser$DeclsContext.accept(KeYParser.java:500)
	at org.antlr.v4.runtime.tree.AbstractParseTreeVisitor.visitChildren(AbstractParseTreeVisitor.java:46)
	at de.uka.ilkd.key.nparser.KeYParserBaseVisitor.visitFile(KeYParserBaseVisitor.java:23)
	at de.uka.ilkd.key.nparser.KeYParser$FileContext.accept(KeYParser.java:306)
	at de.uka.ilkd.key.nparser.KeyAst.accept(KeyAst.java:41)
	at de.uka.ilkd.key.nparser.KeyAst$File.getIncludes(KeyAst.java:76)
	at de.uka.ilkd.key.proof.io.KeYFile.readIncludes(KeYFile.java:208)
	... 14 more
Could not find rule file rules/intRulesCheckedSemantics.key (file: /home/runner/work/key/key/key.core/../key.ui/examples/index/../InformationFlow/BlockContracts/contract.IFEfficiencyExamples(contract.IFEfficiencyExamples__mWithBlockContract()).Non-interference contract.0.m.key; caused by: de.uka.ilkd.key.proof.init.ProofInputException: Could not find rule file rules/intRulesCheckedSemantics.key)
	at de.uka.ilkd.key.control.AbstractUserInterfaceControl.load(AbstractUserInterfaceControl.java:221)
	at de.uka.ilkd.key.control.KeYEnvironment.load(KeYEnvironment.java:251)
	at de.uka.ilkd.key.control.KeYEnvironment.load(KeYEnvironment.java:224)
	at de.uka.ilkd.key.control.KeYEnvironment.load(KeYEnvironment.java:184)
	at de.uka.ilkd.key.control.KeYEnvironment.load(KeYEnvironment.java:261)
	at de.uka.ilkd.key.proof.runallproofs.proofcollection.TestFile.load(TestFile.java:270)
	at de.uka.ilkd.key.proof.runallproofs.proofcollection.TestFile.runKey(TestFile.java:160)
	at de.uka.ilkd.key.proof.runallproofs.proofcollection.ForkedTestFileRunner.main(ForkedTestFileRunner.java:171)
Caused by: de.uka.ilkd.key.proof.init.ProofInputException: Could not find rule file rules/intRulesCheckedSemantics.key
	at de.uka.ilkd.key.proof.io.KeYFile.readIncludes(KeYFile.java:210)
	at de.uka.ilkd.key.proof.init.ProblemInitializer.readIncludes(ProblemInitializer.java:177)
	at de.uka.ilkd.key.proof.init.ProblemInitializer.readEnvInput(ProblemInitializer.java:325)
	at de.uka.ilkd.key.proof.init.ProblemInitializer.prepare(ProblemInitializer.java:449)
	at de.uka.ilkd.key.proof.io.AbstractProblemLoader.createInitConfig(AbstractProblemLoader.java:518)
	at de.uka.ilkd.key.proof.io.AbstractProblemLoader.loadEnvironment(AbstractProblemLoader.java:288)
	at de.uka.ilkd.key.proof.io.AbstractProblemLoader.load(AbstractProblemLoader.java:252)
	at de.uka.ilkd.key.control.AbstractUserInterfaceControl.load(AbstractUserInterfaceControl.java:209)
	... 7 more
Caused by: java.lang.RuntimeException: Could not find rule file rules/intRulesCheckedSemantics.key
	at de.uka.ilkd.key.proof.io.RuleSourceFactory.fromBuiltInRule(RuleSourceFactory.java:32)
	at de.uka.ilkd.key.proof.io.RuleSourceFactory.fromDefaultLocation(RuleSourceFactory.java:21)
	at de.uka.ilkd.key.nparser.builder.IncludeFinder.addInclude(IncludeFinder.java:63)
	at de.uka.ilkd.key.nparser.builder.IncludeFinder.visitOne_include(IncludeFinder.java:43)
	at de.uka.ilkd.key.nparser.builder.IncludeFinder.visitOne_include(IncludeFinder.java:20)
	at de.uka.ilkd.key.nparser.KeYParser$One_includeContext.accept(KeYParser.java:878)
	at de.uka.ilkd.key.nparser.builder.AbstractBuilder.lambda$mapOf$0(AbstractBuilder.java:112)
	at java.base/java.util.stream.ReferencePipeline$3$1.accept(ReferencePipeline.java:195)
	at java.base/java.util.ArrayList$ArrayListSpliterator.forEachRemaining(ArrayList.java:1655)
	at java.base/java.util.stream.AbstractPipeline.copyInto(AbstractPipeline.java:484)
	at java.base/java.util.stream.AbstractPipeline.wrapAndCopyInto(AbstractPipeline.java:474)
	at java.base/java.util.stream.ReduceOps$ReduceOp.evaluateSequential(ReduceOps.java:913)
	at java.base/java.util.stream.AbstractPipeline.evaluate(AbstractPipeline.java:234)
	at java.base/java.util.stream.ReferencePipeline.collect(ReferencePipeline.java:578)
	at de.uka.ilkd.key.nparser.builder.AbstractBuilder.mapOf(AbstractBuilder.java:112)
	at de.uka.ilkd.key.nparser.builder.IncludeFinder.visitOne_include_statement(IncludeFinder.java:35)
	at de.uka.ilkd.key.nparser.builder.IncludeFinder.visitOne_include_statement(IncludeFinder.java:20)
	at de.uka.ilkd.key.nparser.KeYParser$One_include_statementContext.accept(KeYParser.java:802)
	at org.antlr.v4.runtime.tree.AbstractParseTreeVisitor.visitChildren(AbstractParseTreeVisitor.java:46)
	at de.uka.ilkd.key.nparser.KeYParserBaseVisitor.visitDecls(KeYParserBaseVisitor.java:30)
	at de.uka.ilkd.key.nparser.KeYParser$DeclsContext.accept(KeYParser.java:500)
	at org.antlr.v4.runtime.tree.AbstractParseTreeVisitor.visitChildren(AbstractParseTreeVisitor.java:46)
	at de.uka.ilkd.key.nparser.KeYParserBaseVisitor.visitFile(KeYParserBaseVisitor.java:23)
	at de.uka.ilkd.key.nparser.KeYParser$FileContext.accept(KeYParser.java:306)
	at de.uka.ilkd.key.nparser.KeyAst.accept(KeyAst.java:41)
	at de.uka.ilkd.key.nparser.KeyAst$File.getIncludes(KeyAst.java:76)
	at de.uka.ilkd.key.proof.io.KeYFile.readIncludes(KeYFile.java:208)
	... 14 more
Exception in thread "main" org.opentest4j.AssertionFailedError: Exception during the execution of proofs. See log for more details.
	at org.junit.jupiter.api.AssertionUtils.fail(AssertionUtils.java:39)
	at org.junit.jupiter.api.Assertions.fail(Assertions.java:134)
	at de.uka.ilkd.key.proof.runallproofs.proofcollection.ForkedTestFileRunner.main(ForkedTestFileRunner.java:192)
Timeout watcher launched (1000 secs.)
Could not find rule file rules/intRulesCheckedSemantics.key (file: /home/runner/work/key/key/key.core/../key.ui/examples/index/../InformationFlow/MethodContracts/contract.IFMethodContract(contract.IFMethodContract__secure_recursion_2((I,int)).Non-interference contract.0.m.key; caused by: de.uka.ilkd.key.proof.init.ProofInputException: Could not find rule file rules/intRulesCheckedSemantics.key)
	at de.uka.ilkd.key.control.AbstractUserInterfaceControl.load(AbstractUserInterfaceControl.java:221)
	at de.uka.ilkd.key.control.KeYEnvironment.load(KeYEnvironment.java:251)
	at de.uka.ilkd.key.control.KeYEnvironment.load(KeYEnvironment.java:224)
	at de.uka.ilkd.key.control.KeYEnvironment.load(KeYEnvironment.java:184)
	at de.uka.ilkd.key.control.KeYEnvironment.load(KeYEnvironment.java:261)
	at de.uka.ilkd.key.proof.runallproofs.proofcollection.TestFile.load(TestFile.java:270)
	at de.uka.ilkd.key.proof.runallproofs.proofcollection.TestFile.runKey(TestFile.java:160)
	at de.uka.ilkd.key.proof.runallproofs.proofcollection.ForkedTestFileRunner.main(ForkedTestFileRunner.java:171)
Caused by: de.uka.ilkd.key.proof.init.ProofInputException: Could not find rule file rules/intRulesCheckedSemantics.key
	at de.uka.ilkd.key.proof.io.KeYFile.readIncludes(KeYFile.java:210)
	at de.uka.ilkd.key.proof.init.ProblemInitializer.readIncludes(ProblemInitializer.java:177)
	at de.uka.ilkd.key.proof.init.ProblemInitializer.readEnvInput(ProblemInitializer.java:325)
	at de.uka.ilkd.key.proof.init.ProblemInitializer.prepare(ProblemInitializer.java:449)
	at de.uka.ilkd.key.proof.io.AbstractProblemLoader.createInitConfig(AbstractProblemLoader.java:518)
	at de.uka.ilkd.key.proof.io.AbstractProblemLoader.loadEnvironment(AbstractProblemLoader.java:288)
	at de.uka.ilkd.key.proof.io.AbstractProblemLoader.load(AbstractProblemLoader.java:252)
	at de.uka.ilkd.key.control.AbstractUserInterfaceControl.load(AbstractUserInterfaceControl.java:209)
	... 7 more
Caused by: java.lang.RuntimeException: Could not find rule file rules/intRulesCheckedSemantics.key
	at de.uka.ilkd.key.proof.io.RuleSourceFactory.fromBuiltInRule(RuleSourceFactory.java:32)
	at de.uka.ilkd.key.proof.io.RuleSourceFactory.fromDefaultLocation(RuleSourceFactory.java:21)
	at de.uka.ilkd.key.nparser.builder.IncludeFinder.addInclude(IncludeFinder.java:63)
	at de.uka.ilkd.key.nparser.builder.IncludeFinder.visitOne_include(IncludeFinder.java:43)
	at de.uka.ilkd.key.nparser.builder.IncludeFinder.visitOne_include(IncludeFinder.java:20)
	at de.uka.ilkd.key.nparser.KeYParser$One_includeContext.accept(KeYParser.java:878)
	at de.uka.ilkd.key.nparser.builder.AbstractBuilder.lambda$mapOf$0(AbstractBuilder.java:112)
	at java.base/java.util.stream.ReferencePipeline$3$1.accept(ReferencePipeline.java:195)
	at java.base/java.util.ArrayList$ArrayListSpliterator.forEachRemaining(ArrayList.java:1655)
	at java.base/java.util.stream.AbstractPipeline.copyInto(AbstractPipeline.java:484)
	at java.base/java.util.stream.AbstractPipeline.wrapAndCopyInto(AbstractPipeline.java:474)
	at java.base/java.util.stream.ReduceOps$ReduceOp.evaluateSequential(ReduceOps.java:913)
	at java.base/java.util.stream.AbstractPipeline.evaluate(AbstractPipeline.java:234)
	at java.base/java.util.stream.ReferencePipeline.collect(ReferencePipeline.java:578)
	at de.uka.ilkd.key.nparser.builder.AbstractBuilder.mapOf(AbstractBuilder.java:112)
	at de.uka.ilkd.key.nparser.builder.IncludeFinder.visitOne_include_statement(IncludeFinder.java:35)
	at de.uka.ilkd.key.nparser.builder.IncludeFinder.visitOne_include_statement(IncludeFinder.java:20)
	at de.uka.ilkd.key.nparser.KeYParser$One_include_statementContext.accept(KeYParser.java:802)
	at org.antlr.v4.runtime.tree.AbstractParseTreeVisitor.visitChildren(AbstractParseTreeVisitor.java:46)
	at de.uka.ilkd.key.nparser.KeYParserBaseVisitor.visitDecls(KeYParserBaseVisitor.java:30)
	at de.uka.ilkd.key.nparser.KeYParser$DeclsContext.accept(KeYParser.java:500)
	at org.antlr.v4.runtime.tree.AbstractParseTreeVisitor.visitChildren(AbstractParseTreeVisitor.java:46)
	at de.uka.ilkd.key.nparser.KeYParserBaseVisitor.visitFile(KeYParserBaseVisitor.java:23)
	at de.uka.ilkd.key.nparser.KeYParser$FileContext.accept(KeYParser.java:306)
	at de.uka.ilkd.key.nparser.KeyAst.accept(KeyAst.java:41)
	at de.uka.ilkd.key.nparser.KeyAst$File.getIncludes(KeyAst.java:76)
	at de.uka.ilkd.key.proof.io.KeYFile.readIncludes(KeYFile.java:208)
	... 14 more
Could not find rule file rules/intRulesCheckedSemantics.key (file: /home/runner/work/key/key/key.core/../key.ui/examples/index/../InformationFlow/MethodContracts/contract.IFMethodContract(contract.IFMethodContract__secure_recursion(int)).Non-interference contract.0.m.key; caused by: de.uka.ilkd.key.proof.init.ProofInputException: Could not find rule file rules/intRulesCheckedSemantics.key)
	at de.uka.ilkd.key.control.AbstractUserInterfaceControl.load(AbstractUserInterfaceControl.java:221)
	at de.uka.ilkd.key.control.KeYEnvironment.load(KeYEnvironment.java:251)
	at de.uka.ilkd.key.control.KeYEnvironment.load(KeYEnvironment.java:224)
	at de.uka.ilkd.key.control.KeYEnvironment.load(KeYEnvironment.java:184)
	at de.uka.ilkd.key.control.KeYEnvironment.load(KeYEnvironment.java:261)
	at de.uka.ilkd.key.proof.runallproofs.proofcollection.TestFile.load(TestFile.java:270)
	at de.uka.ilkd.key.proof.runallproofs.proofcollection.TestFile.runKey(TestFile.java:160)
	at de.uka.ilkd.key.proof.runallproofs.proofcollection.ForkedTestFileRunner.main(ForkedTestFileRunner.java:171)
Caused by: de.uka.ilkd.key.proof.init.ProofInputException: Could not find rule file rules/intRulesCheckedSemantics.key
	at de.uka.ilkd.key.proof.io.KeYFile.readIncludes(KeYFile.java:210)
	at de.uka.ilkd.key.proof.init.ProblemInitializer.readIncludes(ProblemInitializer.java:177)
	at de.uka.ilkd.key.proof.init.ProblemInitializer.readEnvInput(ProblemInitializer.java:325)
	at de.uka.ilkd.key.proof.init.ProblemInitializer.prepare(ProblemInitializer.java:449)
	at de.uka.ilkd.key.proof.io.AbstractProblemLoader.createInitConfig(AbstractProblemLoader.java:518)
	at de.uka.ilkd.key.proof.io.AbstractProblemLoader.loadEnvironment(AbstractProblemLoader.java:288)
	at de.uka.ilkd.key.proof.io.AbstractProblemLoader.load(AbstractProblemLoader.java:252)
	at de.uka.ilkd.key.control.AbstractUserInterfaceControl.load(AbstractUserInterfaceControl.java:209)
	... 7 more
Caused by: java.lang.RuntimeException: Could not find rule file rules/intRulesCheckedSemantics.key
	at de.uka.ilkd.key.proof.io.RuleSourceFactory.fromBuiltInRule(RuleSourceFactory.java:32)
	at de.uka.ilkd.key.proof.io.RuleSourceFactory.fromDefaultLocation(RuleSourceFactory.java:21)
	at de.uka.ilkd.key.nparser.builder.IncludeFinder.addInclude(IncludeFinder.java:63)
	at de.uka.ilkd.key.nparser.builder.IncludeFinder.visitOne_include(IncludeFinder.java:43)
	at de.uka.ilkd.key.nparser.builder.IncludeFinder.visitOne_include(IncludeFinder.java:20)
	at de.uka.ilkd.key.nparser.KeYParser$One_includeContext.accept(KeYParser.java:878)
	at de.uka.ilkd.key.nparser.builder.AbstractBuilder.lambda$mapOf$0(AbstractBuilder.java:112)
	at java.base/java.util.stream.ReferencePipeline$3$1.accept(ReferencePipeline.java:195)
	at java.base/java.util.ArrayList$ArrayListSpliterator.forEachRemaining(ArrayList.java:1655)
	at java.base/java.util.stream.AbstractPipeline.copyInto(AbstractPipeline.java:484)
	at java.base/java.util.stream.AbstractPipeline.wrapAndCopyInto(AbstractPipeline.java:474)
	at java.base/java.util.stream.ReduceOps$ReduceOp.evaluateSequential(ReduceOps.java:913)
	at java.base/java.util.stream.AbstractPipeline.evaluate(AbstractPipeline.java:234)
	at java.base/java.util.stream.ReferencePipeline.collect(ReferencePipeline.java:578)
	at de.uka.ilkd.key.nparser.builder.AbstractBuilder.mapOf(AbstractBuilder.java:112)
	at de.uka.ilkd.key.nparser.builder.IncludeFinder.visitOne_include_statement(IncludeFinder.java:35)
	at de.uka.ilkd.key.nparser.builder.IncludeFinder.visitOne_include_statement(IncludeFinder.java:20)
	at de.uka.ilkd.key.nparser.KeYParser$One_include_statementContext.accept(KeYParser.java:802)
	at org.antlr.v4.runtime.tree.AbstractParseTreeVisitor.visitChildren(AbstractParseTreeVisitor.java:46)
	at de.uka.ilkd.key.nparser.KeYParserBaseVisitor.visitDecls(KeYParserBaseVisitor.java:30)
	at de.uka.ilkd.key.nparser.KeYParser$DeclsContext.accept(KeYParser.java:500)
	at org.antlr.v4.runtime.tree.AbstractParseTreeVisitor.visitChildren(AbstractParseTreeVisitor.java:46)
	at de.uka.ilkd.key.nparser.KeYParserBaseVisitor.visitFile(KeYParserBaseVisitor.java:23)
	at de.uka.ilkd.key.nparser.KeYParser$FileContext.accept(KeYParser.java:306)
	at de.uka.ilkd.key.nparser.KeyAst.accept(KeyAst.java:41)
	at de.uka.ilkd.key.nparser.KeyAst$File.getIncludes(KeyAst.java:76)
	at de.uka.ilkd.key.proof.io.KeYFile.readIncludes(KeYFile.java:208)
	... 14 more
Could not find rule file rules/intRulesCheckedSemantics.key (file: /home/runner/work/key/key/key.core/../key.ui/examples/index/../InformationFlow/MethodContracts/contract.IFMethodContract(contract.IFMethodContract__secure_catch_exception()).Non-interference contract.0.m.key; caused by: de.uka.ilkd.key.proof.init.ProofInputException: Could not find rule file rules/intRulesCheckedSemantics.key)
	at de.uka.ilkd.key.control.AbstractUserInterfaceControl.load(AbstractUserInterfaceControl.java:221)
	at de.uka.ilkd.key.control.KeYEnvironment.load(KeYEnvironment.java:251)
	at de.uka.ilkd.key.control.KeYEnvironment.load(KeYEnvironment.java:224)
	at de.uka.ilkd.key.control.KeYEnvironment.load(KeYEnvironment.java:184)
	at de.uka.ilkd.key.control.KeYEnvironment.load(KeYEnvironment.java:261)
	at de.uka.ilkd.key.proof.runallproofs.proofcollection.TestFile.load(TestFile.java:270)
	at de.uka.ilkd.key.proof.runallproofs.proofcollection.TestFile.runKey(TestFile.java:160)
	at de.uka.ilkd.key.proof.runallproofs.proofcollection.ForkedTestFileRunner.main(ForkedTestFileRunner.java:171)
Caused by: de.uka.ilkd.key.proof.init.ProofInputException: Could not find rule file rules/intRulesCheckedSemantics.key
	at de.uka.ilkd.key.proof.io.KeYFile.readIncludes(KeYFile.java:210)
	at de.uka.ilkd.key.proof.init.ProblemInitializer.readIncludes(ProblemInitializer.java:177)
	at de.uka.ilkd.key.proof.init.ProblemInitializer.readEnvInput(ProblemInitializer.java:325)
	at de.uka.ilkd.key.proof.init.ProblemInitializer.prepare(ProblemInitializer.java:449)
	at de.uka.ilkd.key.proof.io.AbstractProblemLoader.createInitConfig(AbstractProblemLoader.java:518)
	at de.uka.ilkd.key.proof.io.AbstractProblemLoader.loadEnvironment(AbstractProblemLoader.java:288)
	at de.uka.ilkd.key.proof.io.AbstractProblemLoader.load(AbstractProblemLoader.java:252)
	at de.uka.ilkd.key.control.AbstractUserInterfaceControl.load(AbstractUserInterfaceControl.java:209)
	... 7 more
Caused by: java.lang.RuntimeException: Could not find rule file rules/intRulesCheckedSemantics.key
	at de.uka.ilkd.key.proof.io.RuleSourceFactory.fromBuiltInRule(RuleSourceFactory.java:32)
	at de.uka.ilkd.key.proof.io.RuleSourceFactory.fromDefaultLocation(RuleSourceFactory.java:21)
	at de.uka.ilkd.key.nparser.builder.IncludeFinder.addInclude(IncludeFinder.java:63)
	at de.uka.ilkd.key.nparser.builder.IncludeFinder.visitOne_include(IncludeFinder.java:43)
	at de.uka.ilkd.key.nparser.builder.IncludeFinder.visitOne_include(IncludeFinder.java:20)
	at de.uka.ilkd.key.nparser.KeYParser$One_includeContext.accept(KeYParser.java:878)
	at de.uka.ilkd.key.nparser.builder.AbstractBuilder.lambda$mapOf$0(AbstractBuilder.java:112)
	at java.base/java.util.stream.ReferencePipeline$3$1.accept(ReferencePipeline.java:195)
	at java.base/java.util.ArrayList$ArrayListSpliterator.forEachRemaining(ArrayList.java:1655)
	at java.base/java.util.stream.AbstractPipeline.copyInto(AbstractPipeline.java:484)
	at java.base/java.util.stream.AbstractPipeline.wrapAndCopyInto(AbstractPipeline.java:474)
	at java.base/java.util.stream.ReduceOps$ReduceOp.evaluateSequential(ReduceOps.java:913)
	at java.base/java.util.stream.AbstractPipeline.evaluate(AbstractPipeline.java:234)
	at java.base/java.util.stream.ReferencePipeline.collect(ReferencePipeline.java:578)
	at de.uka.ilkd.key.nparser.builder.AbstractBuilder.mapOf(AbstractBuilder.java:112)
	at de.uka.ilkd.key.nparser.builder.IncludeFinder.visitOne_include_statement(IncludeFinder.java:35)
	at de.uka.ilkd.key.nparser.builder.IncludeFinder.visitOne_include_statement(IncludeFinder.java:20)
	at de.uka.ilkd.key.nparser.KeYParser$One_include_statementContext.accept(KeYParser.java:802)
	at org.antlr.v4.runtime.tree.AbstractParseTreeVisitor.visitChildren(AbstractParseTreeVisitor.java:46)
	at de.uka.ilkd.key.nparser.KeYParserBaseVisitor.visitDecls(KeYParserBaseVisitor.java:30)
	at de.uka.ilkd.key.nparser.KeYParser$DeclsContext.accept(KeYParser.java:500)
	at org.antlr.v4.runtime.tree.AbstractParseTreeVisitor.visitChildren(AbstractParseTreeVisitor.java:46)
	at de.uka.ilkd.key.nparser.KeYParserBaseVisitor.visitFile(KeYParserBaseVisitor.java:23)
	at de.uka.ilkd.key.nparser.KeYParser$FileContext.accept(KeYParser.java:306)
	at de.uka.ilkd.key.nparser.KeyAst.accept(KeyAst.java:41)
	at de.uka.ilkd.key.nparser.KeyAst$File.getIncludes(KeyAst.java:76)
	at de.uka.ilkd.key.proof.io.KeYFile.readIncludes(KeYFile.java:208)
	... 14 more
Could not find rule file rules/intRulesCheckedSemantics.key (file: /home/runner/work/key/key/key.core/../key.ui/examples/index/../InformationFlow/MethodContracts/contract.IFMethodContract(contract.IFMethodContract__n6()).Non-interference contract.0.m.key; caused by: de.uka.ilkd.key.proof.init.ProofInputException: Could not find rule file rules/intRulesCheckedSemantics.key)
	at de.uka.ilkd.key.control.AbstractUserInterfaceControl.load(AbstractUserInterfaceControl.java:221)
	at de.uka.ilkd.key.control.KeYEnvironment.load(KeYEnvironment.java:251)
	at de.uka.ilkd.key.control.KeYEnvironment.load(KeYEnvironment.java:224)
	at de.uka.ilkd.key.control.KeYEnvironment.load(KeYEnvironment.java:184)
	at de.uka.ilkd.key.control.KeYEnvironment.load(KeYEnvironment.java:261)
	at de.uka.ilkd.key.proof.runallproofs.proofcollection.TestFile.load(TestFile.java:270)
	at de.uka.ilkd.key.proof.runallproofs.proofcollection.TestFile.runKey(TestFile.java:160)
	at de.uka.ilkd.key.proof.runallproofs.proofcollection.ForkedTestFileRunner.main(ForkedTestFileRunner.java:171)
Caused by: de.uka.ilkd.key.proof.init.ProofInputException: Could not find rule file rules/intRulesCheckedSemantics.key
	at de.uka.ilkd.key.proof.io.KeYFile.readIncludes(KeYFile.java:210)
	at de.uka.ilkd.key.proof.init.ProblemInitializer.readIncludes(ProblemInitializer.java:177)
	at de.uka.ilkd.key.proof.init.ProblemInitializer.readEnvInput(ProblemInitializer.java:325)
	at de.uka.ilkd.key.proof.init.ProblemInitializer.prepare(ProblemInitializer.java:449)
	at de.uka.ilkd.key.proof.io.AbstractProblemLoader.createInitConfig(AbstractProblemLoader.java:518)
	at de.uka.ilkd.key.proof.io.AbstractProblemLoader.loadEnvironment(AbstractProblemLoader.java:288)
	at de.uka.ilkd.key.proof.io.AbstractProblemLoader.load(AbstractProblemLoader.java:252)
	at de.uka.ilkd.key.control.AbstractUserInterfaceControl.load(AbstractUserInterfaceControl.java:209)
	... 7 more
Caused by: java.lang.RuntimeException: Could not find rule file rules/intRulesCheckedSemantics.key
	at de.uka.ilkd.key.proof.io.RuleSourceFactory.fromBuiltInRule(RuleSourceFactory.java:32)
	at de.uka.ilkd.key.proof.io.RuleSourceFactory.fromDefaultLocation(RuleSourceFactory.java:21)
	at de.uka.ilkd.key.nparser.builder.IncludeFinder.addInclude(IncludeFinder.java:63)
	at de.uka.ilkd.key.nparser.builder.IncludeFinder.visitOne_include(IncludeFinder.java:43)
	at de.uka.ilkd.key.nparser.builder.IncludeFinder.visitOne_include(IncludeFinder.java:20)
	at de.uka.ilkd.key.nparser.KeYParser$One_includeContext.accept(KeYParser.java:878)
	at de.uka.ilkd.key.nparser.builder.AbstractBuilder.lambda$mapOf$0(AbstractBuilder.java:112)
	at java.base/java.util.stream.ReferencePipeline$3$1.accept(ReferencePipeline.java:195)
	at java.base/java.util.ArrayList$ArrayListSpliterator.forEachRemaining(ArrayList.java:1655)
	at java.base/java.util.stream.AbstractPipeline.copyInto(AbstractPipeline.java:484)
	at java.base/java.util.stream.AbstractPipeline.wrapAndCopyInto(AbstractPipeline.java:474)
	at java.base/java.util.stream.ReduceOps$ReduceOp.evaluateSequential(ReduceOps.java:913)
	at java.base/java.util.stream.AbstractPipeline.evaluate(AbstractPipeline.java:234)
	at java.base/java.util.stream.ReferencePipeline.collect(ReferencePipeline.java:578)
	at de.uka.ilkd.key.nparser.builder.AbstractBuilder.mapOf(AbstractBuilder.java:112)
	at de.uka.ilkd.key.nparser.builder.IncludeFinder.visitOne_include_statement(IncludeFinder.java:35)
	at de.uka.ilkd.key.nparser.builder.IncludeFinder.visitOne_include_statement(IncludeFinder.java:20)
	at de.uka.ilkd.key.nparser.KeYParser$One_include_statementContext.accept(KeYParser.java:802)
	at org.antlr.v4.runtime.tree.AbstractParseTreeVisitor.visitChildren(AbstractParseTreeVisitor.java:46)
	at de.uka.ilkd.key.nparser.KeYParserBaseVisitor.visitDecls(KeYParserBaseVisitor.java:30)
	at de.uka.ilkd.key.nparser.KeYParser$DeclsContext.accept(KeYParser.java:500)
	at org.antlr.v4.runtime.tree.AbstractParseTreeVisitor.visitChildren(AbstractParseTreeVisitor.java:46)
	at de.uka.ilkd.key.nparser.KeYParserBaseVisitor.visitFile(KeYParserBaseVisitor.java:23)
	at de.uka.ilkd.key.nparser.KeYParser$FileContext.accept(KeYParser.java:306)
	at de.uka.ilkd.key.nparser.KeyAst.accept(KeyAst.java:41)
	at de.uka.ilkd.key.nparser.KeyAst$File.getIncludes(KeyAst.java:76)
	at de.uka.ilkd.key.proof.io.KeYFile.readIncludes(KeYFile.java:208)
	... 14 more
Could not find rule file rules/intRulesCheckedSemantics.key (file: /home/runner/work/key/key/key.core/../key.ui/examples/index/../InformationFlow/MethodContracts/contract.IFMethodContract(contract.IFMethodContract__secure_n6()).Non-interference contract.0.m.key; caused by: de.uka.ilkd.key.proof.init.ProofInputException: Could not find rule file rules/intRulesCheckedSemantics.key)
	at de.uka.ilkd.key.control.AbstractUserInterfaceControl.load(AbstractUserInterfaceControl.java:221)
	at de.uka.ilkd.key.control.KeYEnvironment.load(KeYEnvironment.java:251)
	at de.uka.ilkd.key.control.KeYEnvironment.load(KeYEnvironment.java:224)
	at de.uka.ilkd.key.control.KeYEnvironment.load(KeYEnvironment.java:184)
	at de.uka.ilkd.key.control.KeYEnvironment.load(KeYEnvironment.java:261)
	at de.uka.ilkd.key.proof.runallproofs.proofcollection.TestFile.load(TestFile.java:270)
	at de.uka.ilkd.key.proof.runallproofs.proofcollection.TestFile.runKey(TestFile.java:160)
	at de.uka.ilkd.key.proof.runallproofs.proofcollection.ForkedTestFileRunner.main(ForkedTestFileRunner.java:171)
Caused by: de.uka.ilkd.key.proof.init.ProofInputException: Could not find rule file rules/intRulesCheckedSemantics.key
	at de.uka.ilkd.key.proof.io.KeYFile.readIncludes(KeYFile.java:210)
	at de.uka.ilkd.key.proof.init.ProblemInitializer.readIncludes(ProblemInitializer.java:177)
	at de.uka.ilkd.key.proof.init.ProblemInitializer.readEnvInput(ProblemInitializer.java:325)
	at de.uka.ilkd.key.proof.init.ProblemInitializer.prepare(ProblemInitializer.java:449)
	at de.uka.ilkd.key.proof.io.AbstractProblemLoader.createInitConfig(AbstractProblemLoader.java:518)
	at de.uka.ilkd.key.proof.io.AbstractProblemLoader.loadEnvironment(AbstractProblemLoader.java:288)
	at de.uka.ilkd.key.proof.io.AbstractProblemLoader.load(AbstractProblemLoader.java:252)
	at de.uka.ilkd.key.control.AbstractUserInterfaceControl.load(AbstractUserInterfaceControl.java:209)
	... 7 more
Caused by: java.lang.RuntimeException: Could not find rule file rules/intRulesCheckedSemantics.key
	at de.uka.ilkd.key.proof.io.RuleSourceFactory.fromBuiltInRule(RuleSourceFactory.java:32)
	at de.uka.ilkd.key.proof.io.RuleSourceFactory.fromDefaultLocation(RuleSourceFactory.java:21)
	at de.uka.ilkd.key.nparser.builder.IncludeFinder.addInclude(IncludeFinder.java:63)
	at de.uka.ilkd.key.nparser.builder.IncludeFinder.visitOne_include(IncludeFinder.java:43)
	at de.uka.ilkd.key.nparser.builder.IncludeFinder.visitOne_include(IncludeFinder.java:20)
	at de.uka.ilkd.key.nparser.KeYParser$One_includeContext.accept(KeYParser.java:878)
	at de.uka.ilkd.key.nparser.builder.AbstractBuilder.lambda$mapOf$0(AbstractBuilder.java:112)
	at java.base/java.util.stream.ReferencePipeline$3$1.accept(ReferencePipeline.java:195)
	at java.base/java.util.ArrayList$ArrayListSpliterator.forEachRemaining(ArrayList.java:1655)
	at java.base/java.util.stream.AbstractPipeline.copyInto(AbstractPipeline.java:484)
	at java.base/java.util.stream.AbstractPipeline.wrapAndCopyInto(AbstractPipeline.java:474)
	at java.base/java.util.stream.ReduceOps$ReduceOp.evaluateSequential(ReduceOps.java:913)
	at java.base/java.util.stream.AbstractPipeline.evaluate(AbstractPipeline.java:234)
	at java.base/java.util.stream.ReferencePipeline.collect(ReferencePipeline.java:578)
	at de.uka.ilkd.key.nparser.builder.AbstractBuilder.mapOf(AbstractBuilder.java:112)
	at de.uka.ilkd.key.nparser.builder.IncludeFinder.visitOne_include_statement(IncludeFinder.java:35)
	at de.uka.ilkd.key.nparser.builder.IncludeFinder.visitOne_include_statement(IncludeFinder.java:20)
	at de.uka.ilkd.key.nparser.KeYParser$One_include_statementContext.accept(KeYParser.java:802)
	at org.antlr.v4.runtime.tree.AbstractParseTreeVisitor.visitChildren(AbstractParseTreeVisitor.java:46)
	at de.uka.ilkd.key.nparser.KeYParserBaseVisitor.visitDecls(KeYParserBaseVisitor.java:30)
	at de.uka.ilkd.key.nparser.KeYParser$DeclsContext.accept(KeYParser.java:500)
	at org.antlr.v4.runtime.tree.AbstractParseTreeVisitor.visitChildren(AbstractParseTreeVisitor.java:46)
	at de.uka.ilkd.key.nparser.KeYParserBaseVisitor.visitFile(KeYParserBaseVisitor.java:23)
	at de.uka.ilkd.key.nparser.KeYParser$FileContext.accept(KeYParser.java:306)
	at de.uka.ilkd.key.nparser.KeyAst.accept(KeyAst.java:41)
	at de.uka.ilkd.key.nparser.KeyAst$File.getIncludes(KeyAst.java:76)
	at de.uka.ilkd.key.proof.io.KeYFile.readIncludes(KeYFile.java:208)
	... 14 more
Could not find rule file rules/intRulesCheckedSemantics.key (file: /home/runner/work/key/key/key.core/../key.ui/examples/index/../InformationFlow/MethodContracts/contract.IFMethodContract(contract.IFMethodContract__secure_array_param((I,int)).Non-interference contract.0.m.key; caused by: de.uka.ilkd.key.proof.init.ProofInputException: Could not find rule file rules/intRulesCheckedSemantics.key)
	at de.uka.ilkd.key.control.AbstractUserInterfaceControl.load(AbstractUserInterfaceControl.java:221)
	at de.uka.ilkd.key.control.KeYEnvironment.load(KeYEnvironment.java:251)
	at de.uka.ilkd.key.control.KeYEnvironment.load(KeYEnvironment.java:224)
	at de.uka.ilkd.key.control.KeYEnvironment.load(KeYEnvironment.java:184)
	at de.uka.ilkd.key.control.KeYEnvironment.load(KeYEnvironment.java:261)
	at de.uka.ilkd.key.proof.runallproofs.proofcollection.TestFile.load(TestFile.java:270)
	at de.uka.ilkd.key.proof.runallproofs.proofcollection.TestFile.runKey(TestFile.java:160)
	at de.uka.ilkd.key.proof.runallproofs.proofcollection.ForkedTestFileRunner.main(ForkedTestFileRunner.java:171)
Caused by: de.uka.ilkd.key.proof.init.ProofInputException: Could not find rule file rules/intRulesCheckedSemantics.key
	at de.uka.ilkd.key.proof.io.KeYFile.readIncludes(KeYFile.java:210)
	at de.uka.ilkd.key.proof.init.ProblemInitializer.readIncludes(ProblemInitializer.java:177)
	at de.uka.ilkd.key.proof.init.ProblemInitializer.readEnvInput(ProblemInitializer.java:325)
	at de.uka.ilkd.key.proof.init.ProblemInitializer.prepare(ProblemInitializer.java:449)
	at de.uka.ilkd.key.proof.io.AbstractProblemLoader.createInitConfig(AbstractProblemLoader.java:518)
	at de.uka.ilkd.key.proof.io.AbstractProblemLoader.loadEnvironment(AbstractProblemLoader.java:288)
	at de.uka.ilkd.key.proof.io.AbstractProblemLoader.load(AbstractProblemLoader.java:252)
	at de.uka.ilkd.key.control.AbstractUserInterfaceControl.load(AbstractUserInterfaceControl.java:209)
	... 7 more
Caused by: java.lang.RuntimeException: Could not find rule file rules/intRulesCheckedSemantics.key
	at de.uka.ilkd.key.proof.io.RuleSourceFactory.fromBuiltInRule(RuleSourceFactory.java:32)
	at de.uka.ilkd.key.proof.io.RuleSourceFactory.fromDefaultLocation(RuleSourceFactory.java:21)
	at de.uka.ilkd.key.nparser.builder.IncludeFinder.addInclude(IncludeFinder.java:63)
	at de.uka.ilkd.key.nparser.builder.IncludeFinder.visitOne_include(IncludeFinder.java:43)
	at de.uka.ilkd.key.nparser.builder.IncludeFinder.visitOne_include(IncludeFinder.java:20)
	at de.uka.ilkd.key.nparser.KeYParser$One_includeContext.accept(KeYParser.java:878)
	at de.uka.ilkd.key.nparser.builder.AbstractBuilder.lambda$mapOf$0(AbstractBuilder.java:112)
	at java.base/java.util.stream.ReferencePipeline$3$1.accept(ReferencePipeline.java:195)
	at java.base/java.util.ArrayList$ArrayListSpliterator.forEachRemaining(ArrayList.java:1655)
	at java.base/java.util.stream.AbstractPipeline.copyInto(AbstractPipeline.java:484)
	at java.base/java.util.stream.AbstractPipeline.wrapAndCopyInto(AbstractPipeline.java:474)
	at java.base/java.util.stream.ReduceOps$ReduceOp.evaluateSequential(ReduceOps.java:913)
	at java.base/java.util.stream.AbstractPipeline.evaluate(AbstractPipeline.java:234)
	at java.base/java.util.stream.ReferencePipeline.collect(ReferencePipeline.java:578)
	at de.uka.ilkd.key.nparser.builder.AbstractBuilder.mapOf(AbstractBuilder.java:112)
	at de.uka.ilkd.key.nparser.builder.IncludeFinder.visitOne_include_statement(IncludeFinder.java:35)
	at de.uka.ilkd.key.nparser.builder.IncludeFinder.visitOne_include_statement(IncludeFinder.java:20)
	at de.uka.ilkd.key.nparser.KeYParser$One_include_statementContext.accept(KeYParser.java:802)
	at org.antlr.v4.runtime.tree.AbstractParseTreeVisitor.visitChildren(AbstractParseTreeVisitor.java:46)
	at de.uka.ilkd.key.nparser.KeYParserBaseVisitor.visitDecls(KeYParserBaseVisitor.java:30)
	at de.uka.ilkd.key.nparser.KeYParser$DeclsContext.accept(KeYParser.java:500)
	at org.antlr.v4.runtime.tree.AbstractParseTreeVisitor.visitChildren(AbstractParseTreeVisitor.java:46)
	at de.uka.ilkd.key.nparser.KeYParserBaseVisitor.visitFile(KeYParserBaseVisitor.java:23)
	at de.uka.ilkd.key.nparser.KeYParser$FileContext.accept(KeYParser.java:306)
	at de.uka.ilkd.key.nparser.KeyAst.accept(KeyAst.java:41)
	at de.uka.ilkd.key.nparser.KeyAst$File.getIncludes(KeyAst.java:76)
	at de.uka.ilkd.key.proof.io.KeYFile.readIncludes(KeYFile.java:208)
	... 14 more
Could not find rule file rules/intRulesCheckedSemantics.key (file: /home/runner/work/key/key/key.core/../key.ui/examples/index/../InformationFlow/MethodContracts/contract.IFMethodContract(contract.IFMethodContract__secure_assignment_0_n9()).Non-interference contract.0.m.key; caused by: de.uka.ilkd.key.proof.init.ProofInputException: Could not find rule file rules/intRulesCheckedSemantics.key)
	at de.uka.ilkd.key.control.AbstractUserInterfaceControl.load(AbstractUserInterfaceControl.java:221)
	at de.uka.ilkd.key.control.KeYEnvironment.load(KeYEnvironment.java:251)
	at de.uka.ilkd.key.control.KeYEnvironment.load(KeYEnvironment.java:224)
	at de.uka.ilkd.key.control.KeYEnvironment.load(KeYEnvironment.java:184)
	at de.uka.ilkd.key.control.KeYEnvironment.load(KeYEnvironment.java:261)
	at de.uka.ilkd.key.proof.runallproofs.proofcollection.TestFile.load(TestFile.java:270)
	at de.uka.ilkd.key.proof.runallproofs.proofcollection.TestFile.runKey(TestFile.java:160)
	at de.uka.ilkd.key.proof.runallproofs.proofcollection.ForkedTestFileRunner.main(ForkedTestFileRunner.java:171)
Caused by: de.uka.ilkd.key.proof.init.ProofInputException: Could not find rule file rules/intRulesCheckedSemantics.key
	at de.uka.ilkd.key.proof.io.KeYFile.readIncludes(KeYFile.java:210)
	at de.uka.ilkd.key.proof.init.ProblemInitializer.readIncludes(ProblemInitializer.java:177)
	at de.uka.ilkd.key.proof.init.ProblemInitializer.readEnvInput(ProblemInitializer.java:325)
	at de.uka.ilkd.key.proof.init.ProblemInitializer.prepare(ProblemInitializer.java:449)
	at de.uka.ilkd.key.proof.io.AbstractProblemLoader.createInitConfig(AbstractProblemLoader.java:518)
	at de.uka.ilkd.key.proof.io.AbstractProblemLoader.loadEnvironment(AbstractProblemLoader.java:288)
	at de.uka.ilkd.key.proof.io.AbstractProblemLoader.load(AbstractProblemLoader.java:252)
	at de.uka.ilkd.key.control.AbstractUserInterfaceControl.load(AbstractUserInterfaceControl.java:209)
	... 7 more
Caused by: java.lang.RuntimeException: Could not find rule file rules/intRulesCheckedSemantics.key
	at de.uka.ilkd.key.proof.io.RuleSourceFactory.fromBuiltInRule(RuleSourceFactory.java:32)
	at de.uka.ilkd.key.proof.io.RuleSourceFactory.fromDefaultLocation(RuleSourceFactory.java:21)
	at de.uka.ilkd.key.nparser.builder.IncludeFinder.addInclude(IncludeFinder.java:63)
	at de.uka.ilkd.key.nparser.builder.IncludeFinder.visitOne_include(IncludeFinder.java:43)
	at de.uka.ilkd.key.nparser.builder.IncludeFinder.visitOne_include(IncludeFinder.java:20)
	at de.uka.ilkd.key.nparser.KeYParser$One_includeContext.accept(KeYParser.java:878)
	at de.uka.ilkd.key.nparser.builder.AbstractBuilder.lambda$mapOf$0(AbstractBuilder.java:112)
	at java.base/java.util.stream.ReferencePipeline$3$1.accept(ReferencePipeline.java:195)
	at java.base/java.util.ArrayList$ArrayListSpliterator.forEachRemaining(ArrayList.java:1655)
	at java.base/java.util.stream.AbstractPipeline.copyInto(AbstractPipeline.java:484)
	at java.base/java.util.stream.AbstractPipeline.wrapAndCopyInto(AbstractPipeline.java:474)
	at java.base/java.util.stream.ReduceOps$ReduceOp.evaluateSequential(ReduceOps.java:913)
	at java.base/java.util.stream.AbstractPipeline.evaluate(AbstractPipeline.java:234)
	at java.base/java.util.stream.ReferencePipeline.collect(ReferencePipeline.java:578)
	at de.uka.ilkd.key.nparser.builder.AbstractBuilder.mapOf(AbstractBuilder.java:112)
	at de.uka.ilkd.key.nparser.builder.IncludeFinder.visitOne_include_statement(IncludeFinder.java:35)
	at de.uka.ilkd.key.nparser.builder.IncludeFinder.visitOne_include_statement(IncludeFinder.java:20)
	at de.uka.ilkd.key.nparser.KeYParser$One_include_statementContext.accept(KeYParser.java:802)
	at org.antlr.v4.runtime.tree.AbstractParseTreeVisitor.visitChildren(AbstractParseTreeVisitor.java:46)
	at de.uka.ilkd.key.nparser.KeYParserBaseVisitor.visitDecls(KeYParserBaseVisitor.java:30)
	at de.uka.ilkd.key.nparser.KeYParser$DeclsContext.accept(KeYParser.java:500)
	at org.antlr.v4.runtime.tree.AbstractParseTreeVisitor.visitChildren(AbstractParseTreeVisitor.java:46)
	at de.uka.ilkd.key.nparser.KeYParserBaseVisitor.visitFile(KeYParserBaseVisitor.java:23)
	at de.uka.ilkd.key.nparser.KeYParser$FileContext.accept(KeYParser.java:306)
	at de.uka.ilkd.key.nparser.KeyAst.accept(KeyAst.java:41)
	at de.uka.ilkd.key.nparser.KeyAst$File.getIncludes(KeyAst.java:76)
	at de.uka.ilkd.key.proof.io.KeYFile.readIncludes(KeYFile.java:208)
	... 14 more
Could not find rule file rules/intRulesCheckedSemantics.key (file: /home/runner/work/key/key/key.core/../key.ui/examples/index/../InformationFlow/MethodContracts/contract.IFMethodContract(contract.IFMethodContract__insecure_if_high_n5_n1()).Non-interference contract.0.m.key; caused by: de.uka.ilkd.key.proof.init.ProofInputException: Could not find rule file rules/intRulesCheckedSemantics.key)
	at de.uka.ilkd.key.control.AbstractUserInterfaceControl.load(AbstractUserInterfaceControl.java:221)
	at de.uka.ilkd.key.control.KeYEnvironment.load(KeYEnvironment.java:251)
	at de.uka.ilkd.key.control.KeYEnvironment.load(KeYEnvironment.java:224)
	at de.uka.ilkd.key.control.KeYEnvironment.load(KeYEnvironment.java:184)
	at de.uka.ilkd.key.control.KeYEnvironment.load(KeYEnvironment.java:261)
	at de.uka.ilkd.key.proof.runallproofs.proofcollection.TestFile.load(TestFile.java:270)
	at de.uka.ilkd.key.proof.runallproofs.proofcollection.TestFile.runKey(TestFile.java:160)
	at de.uka.ilkd.key.proof.runallproofs.proofcollection.ForkedTestFileRunner.main(ForkedTestFileRunner.java:171)
Caused by: de.uka.ilkd.key.proof.init.ProofInputException: Could not find rule file rules/intRulesCheckedSemantics.key
	at de.uka.ilkd.key.proof.io.KeYFile.readIncludes(KeYFile.java:210)
	at de.uka.ilkd.key.proof.init.ProblemInitializer.readIncludes(ProblemInitializer.java:177)
	at de.uka.ilkd.key.proof.init.ProblemInitializer.readEnvInput(ProblemInitializer.java:325)
	at de.uka.ilkd.key.proof.init.ProblemInitializer.prepare(ProblemInitializer.java:449)
	at de.uka.ilkd.key.proof.io.AbstractProblemLoader.createInitConfig(AbstractProblemLoader.java:518)
	at de.uka.ilkd.key.proof.io.AbstractProblemLoader.loadEnvironment(AbstractProblemLoader.java:288)
	at de.uka.ilkd.key.proof.io.AbstractProblemLoader.load(AbstractProblemLoader.java:252)
	at de.uka.ilkd.key.control.AbstractUserInterfaceControl.load(AbstractUserInterfaceControl.java:209)
	... 7 more
Caused by: java.lang.RuntimeException: Could not find rule file rules/intRulesCheckedSemantics.key
	at de.uka.ilkd.key.proof.io.RuleSourceFactory.fromBuiltInRule(RuleSourceFactory.java:32)
	at de.uka.ilkd.key.proof.io.RuleSourceFactory.fromDefaultLocation(RuleSourceFactory.java:21)
	at de.uka.ilkd.key.nparser.builder.IncludeFinder.addInclude(IncludeFinder.java:63)
	at de.uka.ilkd.key.nparser.builder.IncludeFinder.visitOne_include(IncludeFinder.java:43)
	at de.uka.ilkd.key.nparser.builder.IncludeFinder.visitOne_include(IncludeFinder.java:20)
	at de.uka.ilkd.key.nparser.KeYParser$One_includeContext.accept(KeYParser.java:878)
	at de.uka.ilkd.key.nparser.builder.AbstractBuilder.lambda$mapOf$0(AbstractBuilder.java:112)
	at java.base/java.util.stream.ReferencePipeline$3$1.accept(ReferencePipeline.java:195)
	at java.base/java.util.ArrayList$ArrayListSpliterator.forEachRemaining(ArrayList.java:1655)
	at java.base/java.util.stream.AbstractPipeline.copyInto(AbstractPipeline.java:484)
	at java.base/java.util.stream.AbstractPipeline.wrapAndCopyInto(AbstractPipeline.java:474)
	at java.base/java.util.stream.ReduceOps$ReduceOp.evaluateSequential(ReduceOps.java:913)
	at java.base/java.util.stream.AbstractPipeline.evaluate(AbstractPipeline.java:234)
	at java.base/java.util.stream.ReferencePipeline.collect(ReferencePipeline.java:578)
	at de.uka.ilkd.key.nparser.builder.AbstractBuilder.mapOf(AbstractBuilder.java:112)
	at de.uka.ilkd.key.nparser.builder.IncludeFinder.visitOne_include_statement(IncludeFinder.java:35)
	at de.uka.ilkd.key.nparser.builder.IncludeFinder.visitOne_include_statement(IncludeFinder.java:20)
	at de.uka.ilkd.key.nparser.KeYParser$One_include_statementContext.accept(KeYParser.java:802)
	at org.antlr.v4.runtime.tree.AbstractParseTreeVisitor.visitChildren(AbstractParseTreeVisitor.java:46)
	at de.uka.ilkd.key.nparser.KeYParserBaseVisitor.visitDecls(KeYParserBaseVisitor.java:30)
	at de.uka.ilkd.key.nparser.KeYParser$DeclsContext.accept(KeYParser.java:500)
	at org.antlr.v4.runtime.tree.AbstractParseTreeVisitor.visitChildren(AbstractParseTreeVisitor.java:46)
	at de.uka.ilkd.key.nparser.KeYParserBaseVisitor.visitFile(KeYParserBaseVisitor.java:23)
	at de.uka.ilkd.key.nparser.KeYParser$FileContext.accept(KeYParser.java:306)
	at de.uka.ilkd.key.nparser.KeyAst.accept(KeyAst.java:41)
	at de.uka.ilkd.key.nparser.KeyAst$File.getIncludes(KeyAst.java:76)
	at de.uka.ilkd.key.proof.io.KeYFile.readIncludes(KeYFile.java:208)
	... 14 more
Could not find rule file rules/intRulesCheckedSemantics.key (file: /home/runner/work/key/key/key.core/../key.ui/examples/index/../InformationFlow/MethodContracts/contract.IFMethodContract(contract.IFMethodContract__n5(int)).Non-interference contract.0.m.key; caused by: de.uka.ilkd.key.proof.init.ProofInputException: Could not find rule file rules/intRulesCheckedSemantics.key)
	at de.uka.ilkd.key.control.AbstractUserInterfaceControl.load(AbstractUserInterfaceControl.java:221)
	at de.uka.ilkd.key.control.KeYEnvironment.load(KeYEnvironment.java:251)
	at de.uka.ilkd.key.control.KeYEnvironment.load(KeYEnvironment.java:224)
	at de.uka.ilkd.key.control.KeYEnvironment.load(KeYEnvironment.java:184)
	at de.uka.ilkd.key.control.KeYEnvironment.load(KeYEnvironment.java:261)
	at de.uka.ilkd.key.proof.runallproofs.proofcollection.TestFile.load(TestFile.java:270)
	at de.uka.ilkd.key.proof.runallproofs.proofcollection.TestFile.runKey(TestFile.java:160)
	at de.uka.ilkd.key.proof.runallproofs.proofcollection.ForkedTestFileRunner.main(ForkedTestFileRunner.java:171)
Caused by: de.uka.ilkd.key.proof.init.ProofInputException: Could not find rule file rules/intRulesCheckedSemantics.key
	at de.uka.ilkd.key.proof.io.KeYFile.readIncludes(KeYFile.java:210)
	at de.uka.ilkd.key.proof.init.ProblemInitializer.readIncludes(ProblemInitializer.java:177)
	at de.uka.ilkd.key.proof.init.ProblemInitializer.readEnvInput(ProblemInitializer.java:325)
	at de.uka.ilkd.key.proof.init.ProblemInitializer.prepare(ProblemInitializer.java:449)
	at de.uka.ilkd.key.proof.io.AbstractProblemLoader.createInitConfig(AbstractProblemLoader.java:518)
	at de.uka.ilkd.key.proof.io.AbstractProblemLoader.loadEnvironment(AbstractProblemLoader.java:288)
	at de.uka.ilkd.key.proof.io.AbstractProblemLoader.load(AbstractProblemLoader.java:252)
	at de.uka.ilkd.key.control.AbstractUserInterfaceControl.load(AbstractUserInterfaceControl.java:209)
	... 7 more
Caused by: java.lang.RuntimeException: Could not find rule file rules/intRulesCheckedSemantics.key
	at de.uka.ilkd.key.proof.io.RuleSourceFactory.fromBuiltInRule(RuleSourceFactory.java:32)
	at de.uka.ilkd.key.proof.io.RuleSourceFactory.fromDefaultLocation(RuleSourceFactory.java:21)
	at de.uka.ilkd.key.nparser.builder.IncludeFinder.addInclude(IncludeFinder.java:63)
	at de.uka.ilkd.key.nparser.builder.IncludeFinder.visitOne_include(IncludeFinder.java:43)
	at de.uka.ilkd.key.nparser.builder.IncludeFinder.visitOne_include(IncludeFinder.java:20)
	at de.uka.ilkd.key.nparser.KeYParser$One_includeContext.accept(KeYParser.java:878)
	at de.uka.ilkd.key.nparser.builder.AbstractBuilder.lambda$mapOf$0(AbstractBuilder.java:112)
	at java.base/java.util.stream.ReferencePipeline$3$1.accept(ReferencePipeline.java:195)
	at java.base/java.util.ArrayList$ArrayListSpliterator.forEachRemaining(ArrayList.java:1655)
	at java.base/java.util.stream.AbstractPipeline.copyInto(AbstractPipeline.java:484)
	at java.base/java.util.stream.AbstractPipeline.wrapAndCopyInto(AbstractPipeline.java:474)
	at java.base/java.util.stream.ReduceOps$ReduceOp.evaluateSequential(ReduceOps.java:913)
	at java.base/java.util.stream.AbstractPipeline.evaluate(AbstractPipeline.java:234)
	at java.base/java.util.stream.ReferencePipeline.collect(ReferencePipeline.java:578)
	at de.uka.ilkd.key.nparser.builder.AbstractBuilder.mapOf(AbstractBuilder.java:112)
	at de.uka.ilkd.key.nparser.builder.IncludeFinder.visitOne_include_statement(IncludeFinder.java:35)
	at de.uka.ilkd.key.nparser.builder.IncludeFinder.visitOne_include_statement(IncludeFinder.java:20)
	at de.uka.ilkd.key.nparser.KeYParser$One_include_statementContext.accept(KeYParser.java:802)
	at org.antlr.v4.runtime.tree.AbstractParseTreeVisitor.visitChildren(AbstractParseTreeVisitor.java:46)
	at de.uka.ilkd.key.nparser.KeYParserBaseVisitor.visitDecls(KeYParserBaseVisitor.java:30)
	at de.uka.ilkd.key.nparser.KeYParser$DeclsContext.accept(KeYParser.java:500)
	at org.antlr.v4.runtime.tree.AbstractParseTreeVisitor.visitChildren(AbstractParseTreeVisitor.java:46)
	at de.uka.ilkd.key.nparser.KeYParserBaseVisitor.visitFile(KeYParserBaseVisitor.java:23)
	at de.uka.ilkd.key.nparser.KeYParser$FileContext.accept(KeYParser.java:306)
	at de.uka.ilkd.key.nparser.KeyAst.accept(KeyAst.java:41)
	at de.uka.ilkd.key.nparser.KeyAst$File.getIncludes(KeyAst.java:76)
	at de.uka.ilkd.key.proof.io.KeYFile.readIncludes(KeYFile.java:208)
	... 14 more
Could not find rule file rules/intRulesCheckedSemantics.key (file: /home/runner/work/key/key/key.core/../key.ui/examples/index/../InformationFlow/MethodContracts/contract.IFMethodContract(contract.IFMethodContract__secure_if_high_n5_n1()).Non-interference contract.0.m.key; caused by: de.uka.ilkd.key.proof.init.ProofInputException: Could not find rule file rules/intRulesCheckedSemantics.key)
	at de.uka.ilkd.key.control.AbstractUserInterfaceControl.load(AbstractUserInterfaceControl.java:221)
	at de.uka.ilkd.key.control.KeYEnvironment.load(KeYEnvironment.java:251)
	at de.uka.ilkd.key.control.KeYEnvironment.load(KeYEnvironment.java:224)
	at de.uka.ilkd.key.control.KeYEnvironment.load(KeYEnvironment.java:184)
	at de.uka.ilkd.key.control.KeYEnvironment.load(KeYEnvironment.java:261)
	at de.uka.ilkd.key.proof.runallproofs.proofcollection.TestFile.load(TestFile.java:270)
	at de.uka.ilkd.key.proof.runallproofs.proofcollection.TestFile.runKey(TestFile.java:160)
	at de.uka.ilkd.key.proof.runallproofs.proofcollection.ForkedTestFileRunner.main(ForkedTestFileRunner.java:171)
Caused by: de.uka.ilkd.key.proof.init.ProofInputException: Could not find rule file rules/intRulesCheckedSemantics.key
	at de.uka.ilkd.key.proof.io.KeYFile.readIncludes(KeYFile.java:210)
	at de.uka.ilkd.key.proof.init.ProblemInitializer.readIncludes(ProblemInitializer.java:177)
	at de.uka.ilkd.key.proof.init.ProblemInitializer.readEnvInput(ProblemInitializer.java:325)
	at de.uka.ilkd.key.proof.init.ProblemInitializer.prepare(ProblemInitializer.java:449)
	at de.uka.ilkd.key.proof.io.AbstractProblemLoader.createInitConfig(AbstractProblemLoader.java:518)
	at de.uka.ilkd.key.proof.io.AbstractProblemLoader.loadEnvironment(AbstractProblemLoader.java:288)
	at de.uka.ilkd.key.proof.io.AbstractProblemLoader.load(AbstractProblemLoader.java:252)
	at de.uka.ilkd.key.control.AbstractUserInterfaceControl.load(AbstractUserInterfaceControl.java:209)
	... 7 more
Caused by: java.lang.RuntimeException: Could not find rule file rules/intRulesCheckedSemantics.key
	at de.uka.ilkd.key.proof.io.RuleSourceFactory.fromBuiltInRule(RuleSourceFactory.java:32)
	at de.uka.ilkd.key.proof.io.RuleSourceFactory.fromDefaultLocation(RuleSourceFactory.java:21)
	at de.uka.ilkd.key.nparser.builder.IncludeFinder.addInclude(IncludeFinder.java:63)
	at de.uka.ilkd.key.nparser.builder.IncludeFinder.visitOne_include(IncludeFinder.java:43)
	at de.uka.ilkd.key.nparser.builder.IncludeFinder.visitOne_include(IncludeFinder.java:20)
	at de.uka.ilkd.key.nparser.KeYParser$One_includeContext.accept(KeYParser.java:878)
	at de.uka.ilkd.key.nparser.builder.AbstractBuilder.lambda$mapOf$0(AbstractBuilder.java:112)
	at java.base/java.util.stream.ReferencePipeline$3$1.accept(ReferencePipeline.java:195)
	at java.base/java.util.ArrayList$ArrayListSpliterator.forEachRemaining(ArrayList.java:1655)
	at java.base/java.util.stream.AbstractPipeline.copyInto(AbstractPipeline.java:484)
	at java.base/java.util.stream.AbstractPipeline.wrapAndCopyInto(AbstractPipeline.java:474)
	at java.base/java.util.stream.ReduceOps$ReduceOp.evaluateSequential(ReduceOps.java:913)
	at java.base/java.util.stream.AbstractPipeline.evaluate(AbstractPipeline.java:234)
	at java.base/java.util.stream.ReferencePipeline.collect(ReferencePipeline.java:578)
	at de.uka.ilkd.key.nparser.builder.AbstractBuilder.mapOf(AbstractBuilder.java:112)
	at de.uka.ilkd.key.nparser.builder.IncludeFinder.visitOne_include_statement(IncludeFinder.java:35)
	at de.uka.ilkd.key.nparser.builder.IncludeFinder.visitOne_include_statement(IncludeFinder.java:20)
	at de.uka.ilkd.key.nparser.KeYParser$One_include_statementContext.accept(KeYParser.java:802)
	at org.antlr.v4.runtime.tree.AbstractParseTreeVisitor.visitChildren(AbstractParseTreeVisitor.java:46)
	at de.uka.ilkd.key.nparser.KeYParserBaseVisitor.visitDecls(KeYParserBaseVisitor.java:30)
	at de.uka.ilkd.key.nparser.KeYParser$DeclsContext.accept(KeYParser.java:500)
	at org.antlr.v4.runtime.tree.AbstractParseTreeVisitor.visitChildren(AbstractParseTreeVisitor.java:46)
	at de.uka.ilkd.key.nparser.KeYParserBaseVisitor.visitFile(KeYParserBaseVisitor.java:23)
	at de.uka.ilkd.key.nparser.KeYParser$FileContext.accept(KeYParser.java:306)
	at de.uka.ilkd.key.nparser.KeyAst.accept(KeyAst.java:41)
	at de.uka.ilkd.key.nparser.KeyAst$File.getIncludes(KeyAst.java:76)
	at de.uka.ilkd.key.proof.io.KeYFile.readIncludes(KeYFile.java:208)
	... 14 more
Could not find rule file rules/intRulesCheckedSemantics.key (file: /home/runner/work/key/key/key.core/../key.ui/examples/index/../InformationFlow/MethodContracts/contract.IFMethodContract(contract.IFMethodContract__secure_if_high_n1()).Non-interference contract.0.m.key; caused by: de.uka.ilkd.key.proof.init.ProofInputException: Could not find rule file rules/intRulesCheckedSemantics.key)
	at de.uka.ilkd.key.control.AbstractUserInterfaceControl.load(AbstractUserInterfaceControl.java:221)
	at de.uka.ilkd.key.control.KeYEnvironment.load(KeYEnvironment.java:251)
	at de.uka.ilkd.key.control.KeYEnvironment.load(KeYEnvironment.java:224)
	at de.uka.ilkd.key.control.KeYEnvironment.load(KeYEnvironment.java:184)
	at de.uka.ilkd.key.control.KeYEnvironment.load(KeYEnvironment.java:261)
	at de.uka.ilkd.key.proof.runallproofs.proofcollection.TestFile.load(TestFile.java:270)
	at de.uka.ilkd.key.proof.runallproofs.proofcollection.TestFile.runKey(TestFile.java:160)
	at de.uka.ilkd.key.proof.runallproofs.proofcollection.ForkedTestFileRunner.main(ForkedTestFileRunner.java:171)
Caused by: de.uka.ilkd.key.proof.init.ProofInputException: Could not find rule file rules/intRulesCheckedSemantics.key
	at de.uka.ilkd.key.proof.io.KeYFile.readIncludes(KeYFile.java:210)
	at de.uka.ilkd.key.proof.init.ProblemInitializer.readIncludes(ProblemInitializer.java:177)
	at de.uka.ilkd.key.proof.init.ProblemInitializer.readEnvInput(ProblemInitializer.java:325)
	at de.uka.ilkd.key.proof.init.ProblemInitializer.prepare(ProblemInitializer.java:449)
	at de.uka.ilkd.key.proof.io.AbstractProblemLoader.createInitConfig(AbstractProblemLoader.java:518)
	at de.uka.ilkd.key.proof.io.AbstractProblemLoader.loadEnvironment(AbstractProblemLoader.java:288)
	at de.uka.ilkd.key.proof.io.AbstractProblemLoader.load(AbstractProblemLoader.java:252)
	at de.uka.ilkd.key.control.AbstractUserInterfaceControl.load(AbstractUserInterfaceControl.java:209)
	... 7 more
Caused by: java.lang.RuntimeException: Could not find rule file rules/intRulesCheckedSemantics.key
	at de.uka.ilkd.key.proof.io.RuleSourceFactory.fromBuiltInRule(RuleSourceFactory.java:32)
	at de.uka.ilkd.key.proof.io.RuleSourceFactory.fromDefaultLocation(RuleSourceFactory.java:21)
	at de.uka.ilkd.key.nparser.builder.IncludeFinder.addInclude(IncludeFinder.java:63)
	at de.uka.ilkd.key.nparser.builder.IncludeFinder.visitOne_include(IncludeFinder.java:43)
	at de.uka.ilkd.key.nparser.builder.IncludeFinder.visitOne_include(IncludeFinder.java:20)
	at de.uka.ilkd.key.nparser.KeYParser$One_includeContext.accept(KeYParser.java:878)
	at de.uka.ilkd.key.nparser.builder.AbstractBuilder.lambda$mapOf$0(AbstractBuilder.java:112)
	at java.base/java.util.stream.ReferencePipeline$3$1.accept(ReferencePipeline.java:195)
	at java.base/java.util.ArrayList$ArrayListSpliterator.forEachRemaining(ArrayList.java:1655)
	at java.base/java.util.stream.AbstractPipeline.copyInto(AbstractPipeline.java:484)
	at java.base/java.util.stream.AbstractPipeline.wrapAndCopyInto(AbstractPipeline.java:474)
	at java.base/java.util.stream.ReduceOps$ReduceOp.evaluateSequential(ReduceOps.java:913)
	at java.base/java.util.stream.AbstractPipeline.evaluate(AbstractPipeline.java:234)
	at java.base/java.util.stream.ReferencePipeline.collect(ReferencePipeline.java:578)
	at de.uka.ilkd.key.nparser.builder.AbstractBuilder.mapOf(AbstractBuilder.java:112)
	at de.uka.ilkd.key.nparser.builder.IncludeFinder.visitOne_include_statement(IncludeFinder.java:35)
	at de.uka.ilkd.key.nparser.builder.IncludeFinder.visitOne_include_statement(IncludeFinder.java:20)
	at de.uka.ilkd.key.nparser.KeYParser$One_include_statementContext.accept(KeYParser.java:802)
	at org.antlr.v4.runtime.tree.AbstractParseTreeVisitor.visitChildren(AbstractParseTreeVisitor.java:46)
	at de.uka.ilkd.key.nparser.KeYParserBaseVisitor.visitDecls(KeYParserBaseVisitor.java:30)
	at de.uka.ilkd.key.nparser.KeYParser$DeclsContext.accept(KeYParser.java:500)
	at org.antlr.v4.runtime.tree.AbstractParseTreeVisitor.visitChildren(AbstractParseTreeVisitor.java:46)
	at de.uka.ilkd.key.nparser.KeYParserBaseVisitor.visitFile(KeYParserBaseVisitor.java:23)
	at de.uka.ilkd.key.nparser.KeYParser$FileContext.accept(KeYParser.java:306)
	at de.uka.ilkd.key.nparser.KeyAst.accept(KeyAst.java:41)
	at de.uka.ilkd.key.nparser.KeyAst$File.getIncludes(KeyAst.java:76)
	at de.uka.ilkd.key.proof.io.KeYFile.readIncludes(KeYFile.java:208)
	... 14 more
Could not find rule file rules/intRulesCheckedSemantics.key (file: /home/runner/work/key/key/key.core/../key.ui/examples/index/../InformationFlow/MethodContracts/contract.IFMethodContract(contract.IFMethodContract__secure_n5()).Non-interference contract.0.m.key; caused by: de.uka.ilkd.key.proof.init.ProofInputException: Could not find rule file rules/intRulesCheckedSemantics.key)
	at de.uka.ilkd.key.control.AbstractUserInterfaceControl.load(AbstractUserInterfaceControl.java:221)
	at de.uka.ilkd.key.control.KeYEnvironment.load(KeYEnvironment.java:251)
	at de.uka.ilkd.key.control.KeYEnvironment.load(KeYEnvironment.java:224)
	at de.uka.ilkd.key.control.KeYEnvironment.load(KeYEnvironment.java:184)
	at de.uka.ilkd.key.control.KeYEnvironment.load(KeYEnvironment.java:261)
	at de.uka.ilkd.key.proof.runallproofs.proofcollection.TestFile.load(TestFile.java:270)
	at de.uka.ilkd.key.proof.runallproofs.proofcollection.TestFile.runKey(TestFile.java:160)
	at de.uka.ilkd.key.proof.runallproofs.proofcollection.ForkedTestFileRunner.main(ForkedTestFileRunner.java:171)
Caused by: de.uka.ilkd.key.proof.init.ProofInputException: Could not find rule file rules/intRulesCheckedSemantics.key
	at de.uka.ilkd.key.proof.io.KeYFile.readIncludes(KeYFile.java:210)
	at de.uka.ilkd.key.proof.init.ProblemInitializer.readIncludes(ProblemInitializer.java:177)
	at de.uka.ilkd.key.proof.init.ProblemInitializer.readEnvInput(ProblemInitializer.java:325)
	at de.uka.ilkd.key.proof.init.ProblemInitializer.prepare(ProblemInitializer.java:449)
	at de.uka.ilkd.key.proof.io.AbstractProblemLoader.createInitConfig(AbstractProblemLoader.java:518)
	at de.uka.ilkd.key.proof.io.AbstractProblemLoader.loadEnvironment(AbstractProblemLoader.java:288)
	at de.uka.ilkd.key.proof.io.AbstractProblemLoader.load(AbstractProblemLoader.java:252)
	at de.uka.ilkd.key.control.AbstractUserInterfaceControl.load(AbstractUserInterfaceControl.java:209)
	... 7 more
Caused by: java.lang.RuntimeException: Could not find rule file rules/intRulesCheckedSemantics.key
	at de.uka.ilkd.key.proof.io.RuleSourceFactory.fromBuiltInRule(RuleSourceFactory.java:32)
	at de.uka.ilkd.key.proof.io.RuleSourceFactory.fromDefaultLocation(RuleSourceFactory.java:21)
	at de.uka.ilkd.key.nparser.builder.IncludeFinder.addInclude(IncludeFinder.java:63)
	at de.uka.ilkd.key.nparser.builder.IncludeFinder.visitOne_include(IncludeFinder.java:43)
	at de.uka.ilkd.key.nparser.builder.IncludeFinder.visitOne_include(IncludeFinder.java:20)
	at de.uka.ilkd.key.nparser.KeYParser$One_includeContext.accept(KeYParser.java:878)
	at de.uka.ilkd.key.nparser.builder.AbstractBuilder.lambda$mapOf$0(AbstractBuilder.java:112)
	at java.base/java.util.stream.ReferencePipeline$3$1.accept(ReferencePipeline.java:195)
	at java.base/java.util.ArrayList$ArrayListSpliterator.forEachRemaining(ArrayList.java:1655)
	at java.base/java.util.stream.AbstractPipeline.copyInto(AbstractPipeline.java:484)
	at java.base/java.util.stream.AbstractPipeline.wrapAndCopyInto(AbstractPipeline.java:474)
	at java.base/java.util.stream.ReduceOps$ReduceOp.evaluateSequential(ReduceOps.java:913)
	at java.base/java.util.stream.AbstractPipeline.evaluate(AbstractPipeline.java:234)
	at java.base/java.util.stream.ReferencePipeline.collect(ReferencePipeline.java:578)
	at de.uka.ilkd.key.nparser.builder.AbstractBuilder.mapOf(AbstractBuilder.java:112)
	at de.uka.ilkd.key.nparser.builder.IncludeFinder.visitOne_include_statement(IncludeFinder.java:35)
	at de.uka.ilkd.key.nparser.builder.IncludeFinder.visitOne_include_statement(IncludeFinder.java:20)
	at de.uka.ilkd.key.nparser.KeYParser$One_include_statementContext.accept(KeYParser.java:802)
	at org.antlr.v4.runtime.tree.AbstractParseTreeVisitor.visitChildren(AbstractParseTreeVisitor.java:46)
	at de.uka.ilkd.key.nparser.KeYParserBaseVisitor.visitDecls(KeYParserBaseVisitor.java:30)
	at de.uka.ilkd.key.nparser.KeYParser$DeclsContext.accept(KeYParser.java:500)
	at org.antlr.v4.runtime.tree.AbstractParseTreeVisitor.visitChildren(AbstractParseTreeVisitor.java:46)
	at de.uka.ilkd.key.nparser.KeYParserBaseVisitor.visitFile(KeYParserBaseVisitor.java:23)
	at de.uka.ilkd.key.nparser.KeYParser$FileContext.accept(KeYParser.java:306)
	at de.uka.ilkd.key.nparser.KeyAst.accept(KeyAst.java:41)
	at de.uka.ilkd.key.nparser.KeyAst$File.getIncludes(KeyAst.java:76)
	at de.uka.ilkd.key.proof.io.KeYFile.readIncludes(KeYFile.java:208)
	... 14 more
Could not find rule file rules/intRulesCheckedSemantics.key (file: /home/runner/work/key/key/key.core/../key.ui/examples/index/../InformationFlow/MethodContracts/contract.IFMethodContract(contract.IFMethodContract__n4()).Non-interference contract.0.m.key; caused by: de.uka.ilkd.key.proof.init.ProofInputException: Could not find rule file rules/intRulesCheckedSemantics.key)
	at de.uka.ilkd.key.control.AbstractUserInterfaceControl.load(AbstractUserInterfaceControl.java:221)
	at de.uka.ilkd.key.control.KeYEnvironment.load(KeYEnvironment.java:251)
	at de.uka.ilkd.key.control.KeYEnvironment.load(KeYEnvironment.java:224)
	at de.uka.ilkd.key.control.KeYEnvironment.load(KeYEnvironment.java:184)
	at de.uka.ilkd.key.control.KeYEnvironment.load(KeYEnvironment.java:261)
	at de.uka.ilkd.key.proof.runallproofs.proofcollection.TestFile.load(TestFile.java:270)
	at de.uka.ilkd.key.proof.runallproofs.proofcollection.TestFile.runKey(TestFile.java:160)
	at de.uka.ilkd.key.proof.runallproofs.proofcollection.ForkedTestFileRunner.main(ForkedTestFileRunner.java:171)
Caused by: de.uka.ilkd.key.proof.init.ProofInputException: Could not find rule file rules/intRulesCheckedSemantics.key
	at de.uka.ilkd.key.proof.io.KeYFile.readIncludes(KeYFile.java:210)
	at de.uka.ilkd.key.proof.init.ProblemInitializer.readIncludes(ProblemInitializer.java:177)
	at de.uka.ilkd.key.proof.init.ProblemInitializer.readEnvInput(ProblemInitializer.java:325)
	at de.uka.ilkd.key.proof.init.ProblemInitializer.prepare(ProblemInitializer.java:449)
	at de.uka.ilkd.key.proof.io.AbstractProblemLoader.createInitConfig(AbstractProblemLoader.java:518)
	at de.uka.ilkd.key.proof.io.AbstractProblemLoader.loadEnvironment(AbstractProblemLoader.java:288)
	at de.uka.ilkd.key.proof.io.AbstractProblemLoader.load(AbstractProblemLoader.java:252)
	at de.uka.ilkd.key.control.AbstractUserInterfaceControl.load(AbstractUserInterfaceControl.java:209)
	... 7 more
Caused by: java.lang.RuntimeException: Could not find rule file rules/intRulesCheckedSemantics.key
	at de.uka.ilkd.key.proof.io.RuleSourceFactory.fromBuiltInRule(RuleSourceFactory.java:32)
	at de.uka.ilkd.key.proof.io.RuleSourceFactory.fromDefaultLocation(RuleSourceFactory.java:21)
	at de.uka.ilkd.key.nparser.builder.IncludeFinder.addInclude(IncludeFinder.java:63)
	at de.uka.ilkd.key.nparser.builder.IncludeFinder.visitOne_include(IncludeFinder.java:43)
	at de.uka.ilkd.key.nparser.builder.IncludeFinder.visitOne_include(IncludeFinder.java:20)
	at de.uka.ilkd.key.nparser.KeYParser$One_includeContext.accept(KeYParser.java:878)
	at de.uka.ilkd.key.nparser.builder.AbstractBuilder.lambda$mapOf$0(AbstractBuilder.java:112)
	at java.base/java.util.stream.ReferencePipeline$3$1.accept(ReferencePipeline.java:195)
	at java.base/java.util.ArrayList$ArrayListSpliterator.forEachRemaining(ArrayList.java:1655)
	at java.base/java.util.stream.AbstractPipeline.copyInto(AbstractPipeline.java:484)
	at java.base/java.util.stream.AbstractPipeline.wrapAndCopyInto(AbstractPipeline.java:474)
	at java.base/java.util.stream.ReduceOps$ReduceOp.evaluateSequential(ReduceOps.java:913)
	at java.base/java.util.stream.AbstractPipeline.evaluate(AbstractPipeline.java:234)
	at java.base/java.util.stream.ReferencePipeline.collect(ReferencePipeline.java:578)
	at de.uka.ilkd.key.nparser.builder.AbstractBuilder.mapOf(AbstractBuilder.java:112)
	at de.uka.ilkd.key.nparser.builder.IncludeFinder.visitOne_include_statement(IncludeFinder.java:35)
	at de.uka.ilkd.key.nparser.builder.IncludeFinder.visitOne_include_statement(IncludeFinder.java:20)
	at de.uka.ilkd.key.nparser.KeYParser$One_include_statementContext.accept(KeYParser.java:802)
	at org.antlr.v4.runtime.tree.AbstractParseTreeVisitor.visitChildren(AbstractParseTreeVisitor.java:46)
	at de.uka.ilkd.key.nparser.KeYParserBaseVisitor.visitDecls(KeYParserBaseVisitor.java:30)
	at de.uka.ilkd.key.nparser.KeYParser$DeclsContext.accept(KeYParser.java:500)
	at org.antlr.v4.runtime.tree.AbstractParseTreeVisitor.visitChildren(AbstractParseTreeVisitor.java:46)
	at de.uka.ilkd.key.nparser.KeYParserBaseVisitor.visitFile(KeYParserBaseVisitor.java:23)
	at de.uka.ilkd.key.nparser.KeYParser$FileContext.accept(KeYParser.java:306)
	at de.uka.ilkd.key.nparser.KeyAst.accept(KeyAst.java:41)
	at de.uka.ilkd.key.nparser.KeyAst$File.getIncludes(KeyAst.java:76)
	at de.uka.ilkd.key.proof.io.KeYFile.readIncludes(KeYFile.java:208)
	... 14 more
Could not find rule file rules/intRulesCheckedSemantics.key (file: /home/runner/work/key/key/key.core/../key.ui/examples/index/../InformationFlow/MethodContracts/contract.IFMethodContract(contract.IFMethodContract__n3()).Non-interference contract.0.m.key; caused by: de.uka.ilkd.key.proof.init.ProofInputException: Could not find rule file rules/intRulesCheckedSemantics.key)
	at de.uka.ilkd.key.control.AbstractUserInterfaceControl.load(AbstractUserInterfaceControl.java:221)
	at de.uka.ilkd.key.control.KeYEnvironment.load(KeYEnvironment.java:251)
	at de.uka.ilkd.key.control.KeYEnvironment.load(KeYEnvironment.java:224)
	at de.uka.ilkd.key.control.KeYEnvironment.load(KeYEnvironment.java:184)
	at de.uka.ilkd.key.control.KeYEnvironment.load(KeYEnvironment.java:261)
	at de.uka.ilkd.key.proof.runallproofs.proofcollection.TestFile.load(TestFile.java:270)
	at de.uka.ilkd.key.proof.runallproofs.proofcollection.TestFile.runKey(TestFile.java:160)
	at de.uka.ilkd.key.proof.runallproofs.proofcollection.ForkedTestFileRunner.main(ForkedTestFileRunner.java:171)
Caused by: de.uka.ilkd.key.proof.init.ProofInputException: Could not find rule file rules/intRulesCheckedSemantics.key
	at de.uka.ilkd.key.proof.io.KeYFile.readIncludes(KeYFile.java:210)
	at de.uka.ilkd.key.proof.init.ProblemInitializer.readIncludes(ProblemInitializer.java:177)
	at de.uka.ilkd.key.proof.init.ProblemInitializer.readEnvInput(ProblemInitializer.java:325)
	at de.uka.ilkd.key.proof.init.ProblemInitializer.prepare(ProblemInitializer.java:449)
	at de.uka.ilkd.key.proof.io.AbstractProblemLoader.createInitConfig(AbstractProblemLoader.java:518)
	at de.uka.ilkd.key.proof.io.AbstractProblemLoader.loadEnvironment(AbstractProblemLoader.java:288)
	at de.uka.ilkd.key.proof.io.AbstractProblemLoader.load(AbstractProblemLoader.java:252)
	at de.uka.ilkd.key.control.AbstractUserInterfaceControl.load(AbstractUserInterfaceControl.java:209)
	... 7 more
Caused by: java.lang.RuntimeException: Could not find rule file rules/intRulesCheckedSemantics.key
	at de.uka.ilkd.key.proof.io.RuleSourceFactory.fromBuiltInRule(RuleSourceFactory.java:32)
	at de.uka.ilkd.key.proof.io.RuleSourceFactory.fromDefaultLocation(RuleSourceFactory.java:21)
	at de.uka.ilkd.key.nparser.builder.IncludeFinder.addInclude(IncludeFinder.java:63)
	at de.uka.ilkd.key.nparser.builder.IncludeFinder.visitOne_include(IncludeFinder.java:43)
	at de.uka.ilkd.key.nparser.builder.IncludeFinder.visitOne_include(IncludeFinder.java:20)
	at de.uka.ilkd.key.nparser.KeYParser$One_includeContext.accept(KeYParser.java:878)
	at de.uka.ilkd.key.nparser.builder.AbstractBuilder.lambda$mapOf$0(AbstractBuilder.java:112)
	at java.base/java.util.stream.ReferencePipeline$3$1.accept(ReferencePipeline.java:195)
	at java.base/java.util.ArrayList$ArrayListSpliterator.forEachRemaining(ArrayList.java:1655)
	at java.base/java.util.stream.AbstractPipeline.copyInto(AbstractPipeline.java:484)
	at java.base/java.util.stream.AbstractPipeline.wrapAndCopyInto(AbstractPipeline.java:474)
	at java.base/java.util.stream.ReduceOps$ReduceOp.evaluateSequential(ReduceOps.java:913)
	at java.base/java.util.stream.AbstractPipeline.evaluate(AbstractPipeline.java:234)
	at java.base/java.util.stream.ReferencePipeline.collect(ReferencePipeline.java:578)
	at de.uka.ilkd.key.nparser.builder.AbstractBuilder.mapOf(AbstractBuilder.java:112)
	at de.uka.ilkd.key.nparser.builder.IncludeFinder.visitOne_include_statement(IncludeFinder.java:35)
	at de.uka.ilkd.key.nparser.builder.IncludeFinder.visitOne_include_statement(IncludeFinder.java:20)
	at de.uka.ilkd.key.nparser.KeYParser$One_include_statementContext.accept(KeYParser.java:802)
	at org.antlr.v4.runtime.tree.AbstractParseTreeVisitor.visitChildren(AbstractParseTreeVisitor.java:46)
	at de.uka.ilkd.key.nparser.KeYParserBaseVisitor.visitDecls(KeYParserBaseVisitor.java:30)
	at de.uka.ilkd.key.nparser.KeYParser$DeclsContext.accept(KeYParser.java:500)
	at org.antlr.v4.runtime.tree.AbstractParseTreeVisitor.visitChildren(AbstractParseTreeVisitor.java:46)
	at de.uka.ilkd.key.nparser.KeYParserBaseVisitor.visitFile(KeYParserBaseVisitor.java:23)
	at de.uka.ilkd.key.nparser.KeYParser$FileContext.accept(KeYParser.java:306)
	at de.uka.ilkd.key.nparser.KeyAst.accept(KeyAst.java:41)
	at de.uka.ilkd.key.nparser.KeyAst$File.getIncludes(KeyAst.java:76)
	at de.uka.ilkd.key.proof.io.KeYFile.readIncludes(KeYFile.java:208)
	... 14 more
Could not find rule file rules/intRulesCheckedSemantics.key (file: /home/runner/work/key/key/key.core/../key.ui/examples/index/../InformationFlow/MethodContracts/contract.IFMethodContract(contract.IFMethodContract__secure_sequential_n3_precond_n4()).Non-interference contract.0.m.key; caused by: de.uka.ilkd.key.proof.init.ProofInputException: Could not find rule file rules/intRulesCheckedSemantics.key)
	at de.uka.ilkd.key.control.AbstractUserInterfaceControl.load(AbstractUserInterfaceControl.java:221)
	at de.uka.ilkd.key.control.KeYEnvironment.load(KeYEnvironment.java:251)
	at de.uka.ilkd.key.control.KeYEnvironment.load(KeYEnvironment.java:224)
	at de.uka.ilkd.key.control.KeYEnvironment.load(KeYEnvironment.java:184)
	at de.uka.ilkd.key.control.KeYEnvironment.load(KeYEnvironment.java:261)
	at de.uka.ilkd.key.proof.runallproofs.proofcollection.TestFile.load(TestFile.java:270)
	at de.uka.ilkd.key.proof.runallproofs.proofcollection.TestFile.runKey(TestFile.java:160)
	at de.uka.ilkd.key.proof.runallproofs.proofcollection.ForkedTestFileRunner.main(ForkedTestFileRunner.java:171)
Caused by: de.uka.ilkd.key.proof.init.ProofInputException: Could not find rule file rules/intRulesCheckedSemantics.key
	at de.uka.ilkd.key.proof.io.KeYFile.readIncludes(KeYFile.java:210)
	at de.uka.ilkd.key.proof.init.ProblemInitializer.readIncludes(ProblemInitializer.java:177)
	at de.uka.ilkd.key.proof.init.ProblemInitializer.readEnvInput(ProblemInitializer.java:325)
	at de.uka.ilkd.key.proof.init.ProblemInitializer.prepare(ProblemInitializer.java:449)
	at de.uka.ilkd.key.proof.io.AbstractProblemLoader.createInitConfig(AbstractProblemLoader.java:518)
	at de.uka.ilkd.key.proof.io.AbstractProblemLoader.loadEnvironment(AbstractProblemLoader.java:288)
	at de.uka.ilkd.key.proof.io.AbstractProblemLoader.load(AbstractProblemLoader.java:252)
	at de.uka.ilkd.key.control.AbstractUserInterfaceControl.load(AbstractUserInterfaceControl.java:209)
	... 7 more
Caused by: java.lang.RuntimeException: Could not find rule file rules/intRulesCheckedSemantics.key
	at de.uka.ilkd.key.proof.io.RuleSourceFactory.fromBuiltInRule(RuleSourceFactory.java:32)
	at de.uka.ilkd.key.proof.io.RuleSourceFactory.fromDefaultLocation(RuleSourceFactory.java:21)
	at de.uka.ilkd.key.nparser.builder.IncludeFinder.addInclude(IncludeFinder.java:63)
	at de.uka.ilkd.key.nparser.builder.IncludeFinder.visitOne_include(IncludeFinder.java:43)
	at de.uka.ilkd.key.nparser.builder.IncludeFinder.visitOne_include(IncludeFinder.java:20)
	at de.uka.ilkd.key.nparser.KeYParser$One_includeContext.accept(KeYParser.java:878)
	at de.uka.ilkd.key.nparser.builder.AbstractBuilder.lambda$mapOf$0(AbstractBuilder.java:112)
	at java.base/java.util.stream.ReferencePipeline$3$1.accept(ReferencePipeline.java:195)
	at java.base/java.util.ArrayList$ArrayListSpliterator.forEachRemaining(ArrayList.java:1655)
	at java.base/java.util.stream.AbstractPipeline.copyInto(AbstractPipeline.java:484)
	at java.base/java.util.stream.AbstractPipeline.wrapAndCopyInto(AbstractPipeline.java:474)
	at java.base/java.util.stream.ReduceOps$ReduceOp.evaluateSequential(ReduceOps.java:913)
	at java.base/java.util.stream.AbstractPipeline.evaluate(AbstractPipeline.java:234)
	at java.base/java.util.stream.ReferencePipeline.collect(ReferencePipeline.java:578)
	at de.uka.ilkd.key.nparser.builder.AbstractBuilder.mapOf(AbstractBuilder.java:112)
	at de.uka.ilkd.key.nparser.builder.IncludeFinder.visitOne_include_statement(IncludeFinder.java:35)
	at de.uka.ilkd.key.nparser.builder.IncludeFinder.visitOne_include_statement(IncludeFinder.java:20)
	at de.uka.ilkd.key.nparser.KeYParser$One_include_statementContext.accept(KeYParser.java:802)
	at org.antlr.v4.runtime.tree.AbstractParseTreeVisitor.visitChildren(AbstractParseTreeVisitor.java:46)
	at de.uka.ilkd.key.nparser.KeYParserBaseVisitor.visitDecls(KeYParserBaseVisitor.java:30)
	at de.uka.ilkd.key.nparser.KeYParser$DeclsContext.accept(KeYParser.java:500)
	at org.antlr.v4.runtime.tree.AbstractParseTreeVisitor.visitChildren(AbstractParseTreeVisitor.java:46)
	at de.uka.ilkd.key.nparser.KeYParserBaseVisitor.visitFile(KeYParserBaseVisitor.java:23)
	at de.uka.ilkd.key.nparser.KeYParser$FileContext.accept(KeYParser.java:306)
	at de.uka.ilkd.key.nparser.KeyAst.accept(KeyAst.java:41)
	at de.uka.ilkd.key.nparser.KeyAst$File.getIncludes(KeyAst.java:76)
	at de.uka.ilkd.key.proof.io.KeYFile.readIncludes(KeYFile.java:208)
	... 14 more
Could not find rule file rules/intRulesCheckedSemantics.key (file: /home/runner/work/key/key/key.core/../key.ui/examples/index/../InformationFlow/MethodContracts/contract.IFMethodContract(contract.IFMethodContract__insecure_assignment_n2()).Non-interference contract.0.m.key; caused by: de.uka.ilkd.key.proof.init.ProofInputException: Could not find rule file rules/intRulesCheckedSemantics.key)
	at de.uka.ilkd.key.control.AbstractUserInterfaceControl.load(AbstractUserInterfaceControl.java:221)
	at de.uka.ilkd.key.control.KeYEnvironment.load(KeYEnvironment.java:251)
	at de.uka.ilkd.key.control.KeYEnvironment.load(KeYEnvironment.java:224)
	at de.uka.ilkd.key.control.KeYEnvironment.load(KeYEnvironment.java:184)
	at de.uka.ilkd.key.control.KeYEnvironment.load(KeYEnvironment.java:261)
	at de.uka.ilkd.key.proof.runallproofs.proofcollection.TestFile.load(TestFile.java:270)
	at de.uka.ilkd.key.proof.runallproofs.proofcollection.TestFile.runKey(TestFile.java:160)
	at de.uka.ilkd.key.proof.runallproofs.proofcollection.ForkedTestFileRunner.main(ForkedTestFileRunner.java:171)
Caused by: de.uka.ilkd.key.proof.init.ProofInputException: Could not find rule file rules/intRulesCheckedSemantics.key
	at de.uka.ilkd.key.proof.io.KeYFile.readIncludes(KeYFile.java:210)
	at de.uka.ilkd.key.proof.init.ProblemInitializer.readIncludes(ProblemInitializer.java:177)
	at de.uka.ilkd.key.proof.init.ProblemInitializer.readEnvInput(ProblemInitializer.java:325)
	at de.uka.ilkd.key.proof.init.ProblemInitializer.prepare(ProblemInitializer.java:449)
	at de.uka.ilkd.key.proof.io.AbstractProblemLoader.createInitConfig(AbstractProblemLoader.java:518)
	at de.uka.ilkd.key.proof.io.AbstractProblemLoader.loadEnvironment(AbstractProblemLoader.java:288)
	at de.uka.ilkd.key.proof.io.AbstractProblemLoader.load(AbstractProblemLoader.java:252)
	at de.uka.ilkd.key.control.AbstractUserInterfaceControl.load(AbstractUserInterfaceControl.java:209)
	... 7 more
Caused by: java.lang.RuntimeException: Could not find rule file rules/intRulesCheckedSemantics.key
	at de.uka.ilkd.key.proof.io.RuleSourceFactory.fromBuiltInRule(RuleSourceFactory.java:32)
	at de.uka.ilkd.key.proof.io.RuleSourceFactory.fromDefaultLocation(RuleSourceFactory.java:21)
	at de.uka.ilkd.key.nparser.builder.IncludeFinder.addInclude(IncludeFinder.java:63)
	at de.uka.ilkd.key.nparser.builder.IncludeFinder.visitOne_include(IncludeFinder.java:43)
	at de.uka.ilkd.key.nparser.builder.IncludeFinder.visitOne_include(IncludeFinder.java:20)
	at de.uka.ilkd.key.nparser.KeYParser$One_includeContext.accept(KeYParser.java:878)
	at de.uka.ilkd.key.nparser.builder.AbstractBuilder.lambda$mapOf$0(AbstractBuilder.java:112)
	at java.base/java.util.stream.ReferencePipeline$3$1.accept(ReferencePipeline.java:195)
	at java.base/java.util.ArrayList$ArrayListSpliterator.forEachRemaining(ArrayList.java:1655)
	at java.base/java.util.stream.AbstractPipeline.copyInto(AbstractPipeline.java:484)
	at java.base/java.util.stream.AbstractPipeline.wrapAndCopyInto(AbstractPipeline.java:474)
	at java.base/java.util.stream.ReduceOps$ReduceOp.evaluateSequential(ReduceOps.java:913)
	at java.base/java.util.stream.AbstractPipeline.evaluate(AbstractPipeline.java:234)
	at java.base/java.util.stream.ReferencePipeline.collect(ReferencePipeline.java:578)
	at de.uka.ilkd.key.nparser.builder.AbstractBuilder.mapOf(AbstractBuilder.java:112)
	at de.uka.ilkd.key.nparser.builder.IncludeFinder.visitOne_include_statement(IncludeFinder.java:35)
	at de.uka.ilkd.key.nparser.builder.IncludeFinder.visitOne_include_statement(IncludeFinder.java:20)
	at de.uka.ilkd.key.nparser.KeYParser$One_include_statementContext.accept(KeYParser.java:802)
	at org.antlr.v4.runtime.tree.AbstractParseTreeVisitor.visitChildren(AbstractParseTreeVisitor.java:46)
	at de.uka.ilkd.key.nparser.KeYParserBaseVisitor.visitDecls(KeYParserBaseVisitor.java:30)
	at de.uka.ilkd.key.nparser.KeYParser$DeclsContext.accept(KeYParser.java:500)
	at org.antlr.v4.runtime.tree.AbstractParseTreeVisitor.visitChildren(AbstractParseTreeVisitor.java:46)
	at de.uka.ilkd.key.nparser.KeYParserBaseVisitor.visitFile(KeYParserBaseVisitor.java:23)
	at de.uka.ilkd.key.nparser.KeYParser$FileContext.accept(KeYParser.java:306)
	at de.uka.ilkd.key.nparser.KeyAst.accept(KeyAst.java:41)
	at de.uka.ilkd.key.nparser.KeyAst$File.getIncludes(KeyAst.java:76)
	at de.uka.ilkd.key.proof.io.KeYFile.readIncludes(KeYFile.java:208)
	... 14 more
Could not find rule file rules/intRulesCheckedSemantics.key (file: /home/runner/work/key/key/key.core/../key.ui/examples/index/../InformationFlow/MethodContracts/contract.IFMethodContract(contract.IFMethodContract__secure_assignments_n2()).Non-interference contract.0.m.key; caused by: de.uka.ilkd.key.proof.init.ProofInputException: Could not find rule file rules/intRulesCheckedSemantics.key)
	at de.uka.ilkd.key.control.AbstractUserInterfaceControl.load(AbstractUserInterfaceControl.java:221)
	at de.uka.ilkd.key.control.KeYEnvironment.load(KeYEnvironment.java:251)
	at de.uka.ilkd.key.control.KeYEnvironment.load(KeYEnvironment.java:224)
	at de.uka.ilkd.key.control.KeYEnvironment.load(KeYEnvironment.java:184)
	at de.uka.ilkd.key.control.KeYEnvironment.load(KeYEnvironment.java:261)
	at de.uka.ilkd.key.proof.runallproofs.proofcollection.TestFile.load(TestFile.java:270)
	at de.uka.ilkd.key.proof.runallproofs.proofcollection.TestFile.runKey(TestFile.java:160)
	at de.uka.ilkd.key.proof.runallproofs.proofcollection.ForkedTestFileRunner.main(ForkedTestFileRunner.java:171)
Caused by: de.uka.ilkd.key.proof.init.ProofInputException: Could not find rule file rules/intRulesCheckedSemantics.key
	at de.uka.ilkd.key.proof.io.KeYFile.readIncludes(KeYFile.java:210)
	at de.uka.ilkd.key.proof.init.ProblemInitializer.readIncludes(ProblemInitializer.java:177)
	at de.uka.ilkd.key.proof.init.ProblemInitializer.readEnvInput(ProblemInitializer.java:325)
	at de.uka.ilkd.key.proof.init.ProblemInitializer.prepare(ProblemInitializer.java:449)
	at de.uka.ilkd.key.proof.io.AbstractProblemLoader.createInitConfig(AbstractProblemLoader.java:518)
	at de.uka.ilkd.key.proof.io.AbstractProblemLoader.loadEnvironment(AbstractProblemLoader.java:288)
	at de.uka.ilkd.key.proof.io.AbstractProblemLoader.load(AbstractProblemLoader.java:252)
	at de.uka.ilkd.key.control.AbstractUserInterfaceControl.load(AbstractUserInterfaceControl.java:209)
	... 7 more
Caused by: java.lang.RuntimeException: Could not find rule file rules/intRulesCheckedSemantics.key
	at de.uka.ilkd.key.proof.io.RuleSourceFactory.fromBuiltInRule(RuleSourceFactory.java:32)
	at de.uka.ilkd.key.proof.io.RuleSourceFactory.fromDefaultLocation(RuleSourceFactory.java:21)
	at de.uka.ilkd.key.nparser.builder.IncludeFinder.addInclude(IncludeFinder.java:63)
	at de.uka.ilkd.key.nparser.builder.IncludeFinder.visitOne_include(IncludeFinder.java:43)
	at de.uka.ilkd.key.nparser.builder.IncludeFinder.visitOne_include(IncludeFinder.java:20)
	at de.uka.ilkd.key.nparser.KeYParser$One_includeContext.accept(KeYParser.java:878)
	at de.uka.ilkd.key.nparser.builder.AbstractBuilder.lambda$mapOf$0(AbstractBuilder.java:112)
	at java.base/java.util.stream.ReferencePipeline$3$1.accept(ReferencePipeline.java:195)
	at java.base/java.util.ArrayList$ArrayListSpliterator.forEachRemaining(ArrayList.java:1655)
	at java.base/java.util.stream.AbstractPipeline.copyInto(AbstractPipeline.java:484)
	at java.base/java.util.stream.AbstractPipeline.wrapAndCopyInto(AbstractPipeline.java:474)
	at java.base/java.util.stream.ReduceOps$ReduceOp.evaluateSequential(ReduceOps.java:913)
	at java.base/java.util.stream.AbstractPipeline.evaluate(AbstractPipeline.java:234)
	at java.base/java.util.stream.ReferencePipeline.collect(ReferencePipeline.java:578)
	at de.uka.ilkd.key.nparser.builder.AbstractBuilder.mapOf(AbstractBuilder.java:112)
	at de.uka.ilkd.key.nparser.builder.IncludeFinder.visitOne_include_statement(IncludeFinder.java:35)
	at de.uka.ilkd.key.nparser.builder.IncludeFinder.visitOne_include_statement(IncludeFinder.java:20)
	at de.uka.ilkd.key.nparser.KeYParser$One_include_statementContext.accept(KeYParser.java:802)
	at org.antlr.v4.runtime.tree.AbstractParseTreeVisitor.visitChildren(AbstractParseTreeVisitor.java:46)
	at de.uka.ilkd.key.nparser.KeYParserBaseVisitor.visitDecls(KeYParserBaseVisitor.java:30)
	at de.uka.ilkd.key.nparser.KeYParser$DeclsContext.accept(KeYParser.java:500)
	at org.antlr.v4.runtime.tree.AbstractParseTreeVisitor.visitChildren(AbstractParseTreeVisitor.java:46)
	at de.uka.ilkd.key.nparser.KeYParserBaseVisitor.visitFile(KeYParserBaseVisitor.java:23)
	at de.uka.ilkd.key.nparser.KeYParser$FileContext.accept(KeYParser.java:306)
	at de.uka.ilkd.key.nparser.KeyAst.accept(KeyAst.java:41)
	at de.uka.ilkd.key.nparser.KeyAst$File.getIncludes(KeyAst.java:76)
	at de.uka.ilkd.key.proof.io.KeYFile.readIncludes(KeYFile.java:208)
	... 14 more
Could not find rule file rules/intRulesCheckedSemantics.key (file: /home/runner/work/key/key/key.core/../key.ui/examples/index/../InformationFlow/MethodContracts/contract.IFMethodContract(contract.IFMethodContract__n2()).Non-interference contract.0.m.key; caused by: de.uka.ilkd.key.proof.init.ProofInputException: Could not find rule file rules/intRulesCheckedSemantics.key)
	at de.uka.ilkd.key.control.AbstractUserInterfaceControl.load(AbstractUserInterfaceControl.java:221)
	at de.uka.ilkd.key.control.KeYEnvironment.load(KeYEnvironment.java:251)
	at de.uka.ilkd.key.control.KeYEnvironment.load(KeYEnvironment.java:224)
	at de.uka.ilkd.key.control.KeYEnvironment.load(KeYEnvironment.java:184)
	at de.uka.ilkd.key.control.KeYEnvironment.load(KeYEnvironment.java:261)
	at de.uka.ilkd.key.proof.runallproofs.proofcollection.TestFile.load(TestFile.java:270)
	at de.uka.ilkd.key.proof.runallproofs.proofcollection.TestFile.runKey(TestFile.java:160)
	at de.uka.ilkd.key.proof.runallproofs.proofcollection.ForkedTestFileRunner.main(ForkedTestFileRunner.java:171)
Caused by: de.uka.ilkd.key.proof.init.ProofInputException: Could not find rule file rules/intRulesCheckedSemantics.key
	at de.uka.ilkd.key.proof.io.KeYFile.readIncludes(KeYFile.java:210)
	at de.uka.ilkd.key.proof.init.ProblemInitializer.readIncludes(ProblemInitializer.java:177)
	at de.uka.ilkd.key.proof.init.ProblemInitializer.readEnvInput(ProblemInitializer.java:325)
	at de.uka.ilkd.key.proof.init.ProblemInitializer.prepare(ProblemInitializer.java:449)
	at de.uka.ilkd.key.proof.io.AbstractProblemLoader.createInitConfig(AbstractProblemLoader.java:518)
	at de.uka.ilkd.key.proof.io.AbstractProblemLoader.loadEnvironment(AbstractProblemLoader.java:288)
	at de.uka.ilkd.key.proof.io.AbstractProblemLoader.load(AbstractProblemLoader.java:252)
	at de.uka.ilkd.key.control.AbstractUserInterfaceControl.load(AbstractUserInterfaceControl.java:209)
	... 7 more
Caused by: java.lang.RuntimeException: Could not find rule file rules/intRulesCheckedSemantics.key
	at de.uka.ilkd.key.proof.io.RuleSourceFactory.fromBuiltInRule(RuleSourceFactory.java:32)
	at de.uka.ilkd.key.proof.io.RuleSourceFactory.fromDefaultLocation(RuleSourceFactory.java:21)
	at de.uka.ilkd.key.nparser.builder.IncludeFinder.addInclude(IncludeFinder.java:63)
	at de.uka.ilkd.key.nparser.builder.IncludeFinder.visitOne_include(IncludeFinder.java:43)
	at de.uka.ilkd.key.nparser.builder.IncludeFinder.visitOne_include(IncludeFinder.java:20)
	at de.uka.ilkd.key.nparser.KeYParser$One_includeContext.accept(KeYParser.java:878)
	at de.uka.ilkd.key.nparser.builder.AbstractBuilder.lambda$mapOf$0(AbstractBuilder.java:112)
	at java.base/java.util.stream.ReferencePipeline$3$1.accept(ReferencePipeline.java:195)
	at java.base/java.util.ArrayList$ArrayListSpliterator.forEachRemaining(ArrayList.java:1655)
	at java.base/java.util.stream.AbstractPipeline.copyInto(AbstractPipeline.java:484)
	at java.base/java.util.stream.AbstractPipeline.wrapAndCopyInto(AbstractPipeline.java:474)
	at java.base/java.util.stream.ReduceOps$ReduceOp.evaluateSequential(ReduceOps.java:913)
	at java.base/java.util.stream.AbstractPipeline.evaluate(AbstractPipeline.java:234)
	at java.base/java.util.stream.ReferencePipeline.collect(ReferencePipeline.java:578)
	at de.uka.ilkd.key.nparser.builder.AbstractBuilder.mapOf(AbstractBuilder.java:112)
	at de.uka.ilkd.key.nparser.builder.IncludeFinder.visitOne_include_statement(IncludeFinder.java:35)
	at de.uka.ilkd.key.nparser.builder.IncludeFinder.visitOne_include_statement(IncludeFinder.java:20)
	at de.uka.ilkd.key.nparser.KeYParser$One_include_statementContext.accept(KeYParser.java:802)
	at org.antlr.v4.runtime.tree.AbstractParseTreeVisitor.visitChildren(AbstractParseTreeVisitor.java:46)
	at de.uka.ilkd.key.nparser.KeYParserBaseVisitor.visitDecls(KeYParserBaseVisitor.java:30)
	at de.uka.ilkd.key.nparser.KeYParser$DeclsContext.accept(KeYParser.java:500)
	at org.antlr.v4.runtime.tree.AbstractParseTreeVisitor.visitChildren(AbstractParseTreeVisitor.java:46)
	at de.uka.ilkd.key.nparser.KeYParserBaseVisitor.visitFile(KeYParserBaseVisitor.java:23)
	at de.uka.ilkd.key.nparser.KeYParser$FileContext.accept(KeYParser.java:306)
	at de.uka.ilkd.key.nparser.KeyAst.accept(KeyAst.java:41)
	at de.uka.ilkd.key.nparser.KeyAst$File.getIncludes(KeyAst.java:76)
	at de.uka.ilkd.key.proof.io.KeYFile.readIncludes(KeYFile.java:208)
	... 14 more
Could not find rule file rules/intRulesCheckedSemantics.key (file: /home/runner/work/key/key/key.core/../key.ui/examples/index/../InformationFlow/MethodContracts/contract.IFMethodContract(contract.IFMethodContract__n1()).Non-interference contract.0.m.key; caused by: de.uka.ilkd.key.proof.init.ProofInputException: Could not find rule file rules/intRulesCheckedSemantics.key)
	at de.uka.ilkd.key.control.AbstractUserInterfaceControl.load(AbstractUserInterfaceControl.java:221)
	at de.uka.ilkd.key.control.KeYEnvironment.load(KeYEnvironment.java:251)
	at de.uka.ilkd.key.control.KeYEnvironment.load(KeYEnvironment.java:224)
	at de.uka.ilkd.key.control.KeYEnvironment.load(KeYEnvironment.java:184)
	at de.uka.ilkd.key.control.KeYEnvironment.load(KeYEnvironment.java:261)
	at de.uka.ilkd.key.proof.runallproofs.proofcollection.TestFile.load(TestFile.java:270)
	at de.uka.ilkd.key.proof.runallproofs.proofcollection.TestFile.runKey(TestFile.java:160)
	at de.uka.ilkd.key.proof.runallproofs.proofcollection.ForkedTestFileRunner.main(ForkedTestFileRunner.java:171)
Caused by: de.uka.ilkd.key.proof.init.ProofInputException: Could not find rule file rules/intRulesCheckedSemantics.key
	at de.uka.ilkd.key.proof.io.KeYFile.readIncludes(KeYFile.java:210)
	at de.uka.ilkd.key.proof.init.ProblemInitializer.readIncludes(ProblemInitializer.java:177)
	at de.uka.ilkd.key.proof.init.ProblemInitializer.readEnvInput(ProblemInitializer.java:325)
	at de.uka.ilkd.key.proof.init.ProblemInitializer.prepare(ProblemInitializer.java:449)
	at de.uka.ilkd.key.proof.io.AbstractProblemLoader.createInitConfig(AbstractProblemLoader.java:518)
	at de.uka.ilkd.key.proof.io.AbstractProblemLoader.loadEnvironment(AbstractProblemLoader.java:288)
	at de.uka.ilkd.key.proof.io.AbstractProblemLoader.load(AbstractProblemLoader.java:252)
	at de.uka.ilkd.key.control.AbstractUserInterfaceControl.load(AbstractUserInterfaceControl.java:209)
	... 7 more
Caused by: java.lang.RuntimeException: Could not find rule file rules/intRulesCheckedSemantics.key
	at de.uka.ilkd.key.proof.io.RuleSourceFactory.fromBuiltInRule(RuleSourceFactory.java:32)
	at de.uka.ilkd.key.proof.io.RuleSourceFactory.fromDefaultLocation(RuleSourceFactory.java:21)
	at de.uka.ilkd.key.nparser.builder.IncludeFinder.addInclude(IncludeFinder.java:63)
	at de.uka.ilkd.key.nparser.builder.IncludeFinder.visitOne_include(IncludeFinder.java:43)
	at de.uka.ilkd.key.nparser.builder.IncludeFinder.visitOne_include(IncludeFinder.java:20)
	at de.uka.ilkd.key.nparser.KeYParser$One_includeContext.accept(KeYParser.java:878)
	at de.uka.ilkd.key.nparser.builder.AbstractBuilder.lambda$mapOf$0(AbstractBuilder.java:112)
	at java.base/java.util.stream.ReferencePipeline$3$1.accept(ReferencePipeline.java:195)
	at java.base/java.util.ArrayList$ArrayListSpliterator.forEachRemaining(ArrayList.java:1655)
	at java.base/java.util.stream.AbstractPipeline.copyInto(AbstractPipeline.java:484)
	at java.base/java.util.stream.AbstractPipeline.wrapAndCopyInto(AbstractPipeline.java:474)
	at java.base/java.util.stream.ReduceOps$ReduceOp.evaluateSequential(ReduceOps.java:913)
	at java.base/java.util.stream.AbstractPipeline.evaluate(AbstractPipeline.java:234)
	at java.base/java.util.stream.ReferencePipeline.collect(ReferencePipeline.java:578)
	at de.uka.ilkd.key.nparser.builder.AbstractBuilder.mapOf(AbstractBuilder.java:112)
	at de.uka.ilkd.key.nparser.builder.IncludeFinder.visitOne_include_statement(IncludeFinder.java:35)
	at de.uka.ilkd.key.nparser.builder.IncludeFinder.visitOne_include_statement(IncludeFinder.java:20)
	at de.uka.ilkd.key.nparser.KeYParser$One_include_statementContext.accept(KeYParser.java:802)
	at org.antlr.v4.runtime.tree.AbstractParseTreeVisitor.visitChildren(AbstractParseTreeVisitor.java:46)
	at de.uka.ilkd.key.nparser.KeYParserBaseVisitor.visitDecls(KeYParserBaseVisitor.java:30)
	at de.uka.ilkd.key.nparser.KeYParser$DeclsContext.accept(KeYParser.java:500)
	at org.antlr.v4.runtime.tree.AbstractParseTreeVisitor.visitChildren(AbstractParseTreeVisitor.java:46)
	at de.uka.ilkd.key.nparser.KeYParserBaseVisitor.visitFile(KeYParserBaseVisitor.java:23)
	at de.uka.ilkd.key.nparser.KeYParser$FileContext.accept(KeYParser.java:306)
	at de.uka.ilkd.key.nparser.KeyAst.accept(KeyAst.java:41)
	at de.uka.ilkd.key.nparser.KeyAst$File.getIncludes(KeyAst.java:76)
	at de.uka.ilkd.key.proof.io.KeYFile.readIncludes(KeYFile.java:208)
	... 14 more
Could not find rule file rules/intRulesCheckedSemantics.key (file: /home/runner/work/key/key/key.core/../key.ui/examples/index/../InformationFlow/MethodContracts/contract.IFMethodContract(contract.IFMethodContract__secure_sequential_n1_n2()).Non-interference contract.0.m.key; caused by: de.uka.ilkd.key.proof.init.ProofInputException: Could not find rule file rules/intRulesCheckedSemantics.key)
	at de.uka.ilkd.key.control.AbstractUserInterfaceControl.load(AbstractUserInterfaceControl.java:221)
	at de.uka.ilkd.key.control.KeYEnvironment.load(KeYEnvironment.java:251)
	at de.uka.ilkd.key.control.KeYEnvironment.load(KeYEnvironment.java:224)
	at de.uka.ilkd.key.control.KeYEnvironment.load(KeYEnvironment.java:184)
	at de.uka.ilkd.key.control.KeYEnvironment.load(KeYEnvironment.java:261)
	at de.uka.ilkd.key.proof.runallproofs.proofcollection.TestFile.load(TestFile.java:270)
	at de.uka.ilkd.key.proof.runallproofs.proofcollection.TestFile.runKey(TestFile.java:160)
	at de.uka.ilkd.key.proof.runallproofs.proofcollection.ForkedTestFileRunner.main(ForkedTestFileRunner.java:171)
Caused by: de.uka.ilkd.key.proof.init.ProofInputException: Could not find rule file rules/intRulesCheckedSemantics.key
	at de.uka.ilkd.key.proof.io.KeYFile.readIncludes(KeYFile.java:210)
	at de.uka.ilkd.key.proof.init.ProblemInitializer.readIncludes(ProblemInitializer.java:177)
	at de.uka.ilkd.key.proof.init.ProblemInitializer.readEnvInput(ProblemInitializer.java:325)
	at de.uka.ilkd.key.proof.init.ProblemInitializer.prepare(ProblemInitializer.java:449)
	at de.uka.ilkd.key.proof.io.AbstractProblemLoader.createInitConfig(AbstractProblemLoader.java:518)
	at de.uka.ilkd.key.proof.io.AbstractProblemLoader.loadEnvironment(AbstractProblemLoader.java:288)
	at de.uka.ilkd.key.proof.io.AbstractProblemLoader.load(AbstractProblemLoader.java:252)
	at de.uka.ilkd.key.control.AbstractUserInterfaceControl.load(AbstractUserInterfaceControl.java:209)
	... 7 more
Caused by: java.lang.RuntimeException: Could not find rule file rules/intRulesCheckedSemantics.key
	at de.uka.ilkd.key.proof.io.RuleSourceFactory.fromBuiltInRule(RuleSourceFactory.java:32)
	at de.uka.ilkd.key.proof.io.RuleSourceFactory.fromDefaultLocation(RuleSourceFactory.java:21)
	at de.uka.ilkd.key.nparser.builder.IncludeFinder.addInclude(IncludeFinder.java:63)
	at de.uka.ilkd.key.nparser.builder.IncludeFinder.visitOne_include(IncludeFinder.java:43)
	at de.uka.ilkd.key.nparser.builder.IncludeFinder.visitOne_include(IncludeFinder.java:20)
	at de.uka.ilkd.key.nparser.KeYParser$One_includeContext.accept(KeYParser.java:878)
	at de.uka.ilkd.key.nparser.builder.AbstractBuilder.lambda$mapOf$0(AbstractBuilder.java:112)
	at java.base/java.util.stream.ReferencePipeline$3$1.accept(ReferencePipeline.java:195)
	at java.base/java.util.ArrayList$ArrayListSpliterator.forEachRemaining(ArrayList.java:1655)
	at java.base/java.util.stream.AbstractPipeline.copyInto(AbstractPipeline.java:484)
	at java.base/java.util.stream.AbstractPipeline.wrapAndCopyInto(AbstractPipeline.java:474)
	at java.base/java.util.stream.ReduceOps$ReduceOp.evaluateSequential(ReduceOps.java:913)
	at java.base/java.util.stream.AbstractPipeline.evaluate(AbstractPipeline.java:234)
	at java.base/java.util.stream.ReferencePipeline.collect(ReferencePipeline.java:578)
	at de.uka.ilkd.key.nparser.builder.AbstractBuilder.mapOf(AbstractBuilder.java:112)
	at de.uka.ilkd.key.nparser.builder.IncludeFinder.visitOne_include_statement(IncludeFinder.java:35)
	at de.uka.ilkd.key.nparser.builder.IncludeFinder.visitOne_include_statement(IncludeFinder.java:20)
	at de.uka.ilkd.key.nparser.KeYParser$One_include_statementContext.accept(KeYParser.java:802)
	at org.antlr.v4.runtime.tree.AbstractParseTreeVisitor.visitChildren(AbstractParseTreeVisitor.java:46)
	at de.uka.ilkd.key.nparser.KeYParserBaseVisitor.visitDecls(KeYParserBaseVisitor.java:30)
	at de.uka.ilkd.key.nparser.KeYParser$DeclsContext.accept(KeYParser.java:500)
	at org.antlr.v4.runtime.tree.AbstractParseTreeVisitor.visitChildren(AbstractParseTreeVisitor.java:46)
	at de.uka.ilkd.key.nparser.KeYParserBaseVisitor.visitFile(KeYParserBaseVisitor.java:23)
	at de.uka.ilkd.key.nparser.KeYParser$FileContext.accept(KeYParser.java:306)
	at de.uka.ilkd.key.nparser.KeyAst.accept(KeyAst.java:41)
	at de.uka.ilkd.key.nparser.KeyAst$File.getIncludes(KeyAst.java:76)
	at de.uka.ilkd.key.proof.io.KeYFile.readIncludes(KeYFile.java:208)
	... 14 more
Exception in thread "main" org.opentest4j.AssertionFailedError: Exception during the execution of proofs. See log for more details.
	at org.junit.jupiter.api.AssertionUtils.fail(AssertionUtils.java:39)
	at org.junit.jupiter.api.Assertions.fail(Assertions.java:134)
	at de.uka.ilkd.key.proof.runallproofs.proofcollection.ForkedTestFileRunner.main(ForkedTestFileRunner.java:192)
Timeout watcher launched (1000 secs.)
Could not find rule file rules/intRulesCheckedSemantics.key (file: /home/runner/work/key/key/key.core/../key.ui/examples/index/../InformationFlow/LoopInvariants/loop.IFLoopExamples(loop.IFLoopExamples__insecure_while_3(int)).Non-interference contract.0.m.key; caused by: de.uka.ilkd.key.proof.init.ProofInputException: Could not find rule file rules/intRulesCheckedSemantics.key)
	at de.uka.ilkd.key.control.AbstractUserInterfaceControl.load(AbstractUserInterfaceControl.java:221)
	at de.uka.ilkd.key.control.KeYEnvironment.load(KeYEnvironment.java:251)
	at de.uka.ilkd.key.control.KeYEnvironment.load(KeYEnvironment.java:224)
	at de.uka.ilkd.key.control.KeYEnvironment.load(KeYEnvironment.java:184)
	at de.uka.ilkd.key.control.KeYEnvironment.load(KeYEnvironment.java:261)
	at de.uka.ilkd.key.proof.runallproofs.proofcollection.TestFile.load(TestFile.java:270)
	at de.uka.ilkd.key.proof.runallproofs.proofcollection.TestFile.runKey(TestFile.java:160)
	at de.uka.ilkd.key.proof.runallproofs.proofcollection.ForkedTestFileRunner.main(ForkedTestFileRunner.java:171)
Caused by: de.uka.ilkd.key.proof.init.ProofInputException: Could not find rule file rules/intRulesCheckedSemantics.key
	at de.uka.ilkd.key.proof.io.KeYFile.readIncludes(KeYFile.java:210)
	at de.uka.ilkd.key.proof.init.ProblemInitializer.readIncludes(ProblemInitializer.java:177)
	at de.uka.ilkd.key.proof.init.ProblemInitializer.readEnvInput(ProblemInitializer.java:325)
	at de.uka.ilkd.key.proof.init.ProblemInitializer.prepare(ProblemInitializer.java:449)
	at de.uka.ilkd.key.proof.io.AbstractProblemLoader.createInitConfig(AbstractProblemLoader.java:518)
	at de.uka.ilkd.key.proof.io.AbstractProblemLoader.loadEnvironment(AbstractProblemLoader.java:288)
	at de.uka.ilkd.key.proof.io.AbstractProblemLoader.load(AbstractProblemLoader.java:252)
	at de.uka.ilkd.key.control.AbstractUserInterfaceControl.load(AbstractUserInterfaceControl.java:209)
	... 7 more
Caused by: java.lang.RuntimeException: Could not find rule file rules/intRulesCheckedSemantics.key
	at de.uka.ilkd.key.proof.io.RuleSourceFactory.fromBuiltInRule(RuleSourceFactory.java:32)
	at de.uka.ilkd.key.proof.io.RuleSourceFactory.fromDefaultLocation(RuleSourceFactory.java:21)
	at de.uka.ilkd.key.nparser.builder.IncludeFinder.addInclude(IncludeFinder.java:63)
	at de.uka.ilkd.key.nparser.builder.IncludeFinder.visitOne_include(IncludeFinder.java:43)
	at de.uka.ilkd.key.nparser.builder.IncludeFinder.visitOne_include(IncludeFinder.java:20)
	at de.uka.ilkd.key.nparser.KeYParser$One_includeContext.accept(KeYParser.java:878)
	at de.uka.ilkd.key.nparser.builder.AbstractBuilder.lambda$mapOf$0(AbstractBuilder.java:112)
	at java.base/java.util.stream.ReferencePipeline$3$1.accept(ReferencePipeline.java:195)
	at java.base/java.util.ArrayList$ArrayListSpliterator.forEachRemaining(ArrayList.java:1655)
	at java.base/java.util.stream.AbstractPipeline.copyInto(AbstractPipeline.java:484)
	at java.base/java.util.stream.AbstractPipeline.wrapAndCopyInto(AbstractPipeline.java:474)
	at java.base/java.util.stream.ReduceOps$ReduceOp.evaluateSequential(ReduceOps.java:913)
	at java.base/java.util.stream.AbstractPipeline.evaluate(AbstractPipeline.java:234)
	at java.base/java.util.stream.ReferencePipeline.collect(ReferencePipeline.java:578)
	at de.uka.ilkd.key.nparser.builder.AbstractBuilder.mapOf(AbstractBuilder.java:112)
	at de.uka.ilkd.key.nparser.builder.IncludeFinder.visitOne_include_statement(IncludeFinder.java:35)
	at de.uka.ilkd.key.nparser.builder.IncludeFinder.visitOne_include_statement(IncludeFinder.java:20)
	at de.uka.ilkd.key.nparser.KeYParser$One_include_statementContext.accept(KeYParser.java:802)
	at org.antlr.v4.runtime.tree.AbstractParseTreeVisitor.visitChildren(AbstractParseTreeVisitor.java:46)
	at de.uka.ilkd.key.nparser.KeYParserBaseVisitor.visitDecls(KeYParserBaseVisitor.java:30)
	at de.uka.ilkd.key.nparser.KeYParser$DeclsContext.accept(KeYParser.java:500)
	at org.antlr.v4.runtime.tree.AbstractParseTreeVisitor.visitChildren(AbstractParseTreeVisitor.java:46)
	at de.uka.ilkd.key.nparser.KeYParserBaseVisitor.visitFile(KeYParserBaseVisitor.java:23)
	at de.uka.ilkd.key.nparser.KeYParser$FileContext.accept(KeYParser.java:306)
	at de.uka.ilkd.key.nparser.KeyAst.accept(KeyAst.java:41)
	at de.uka.ilkd.key.nparser.KeyAst$File.getIncludes(KeyAst.java:76)
	at de.uka.ilkd.key.proof.io.KeYFile.readIncludes(KeYFile.java:208)
	... 14 more
Could not find rule file rules/intRulesCheckedSemantics.key (file: /home/runner/work/key/key/key.core/../key.ui/examples/index/../InformationFlow/LoopInvariants/loop.IFLoopExamples(loop.IFLoopExamples__secure_while_2(int)).Non-interference contract.0.m.key; caused by: de.uka.ilkd.key.proof.init.ProofInputException: Could not find rule file rules/intRulesCheckedSemantics.key)
	at de.uka.ilkd.key.control.AbstractUserInterfaceControl.load(AbstractUserInterfaceControl.java:221)
	at de.uka.ilkd.key.control.KeYEnvironment.load(KeYEnvironment.java:251)
	at de.uka.ilkd.key.control.KeYEnvironment.load(KeYEnvironment.java:224)
	at de.uka.ilkd.key.control.KeYEnvironment.load(KeYEnvironment.java:184)
	at de.uka.ilkd.key.control.KeYEnvironment.load(KeYEnvironment.java:261)
	at de.uka.ilkd.key.proof.runallproofs.proofcollection.TestFile.load(TestFile.java:270)
	at de.uka.ilkd.key.proof.runallproofs.proofcollection.TestFile.runKey(TestFile.java:160)
	at de.uka.ilkd.key.proof.runallproofs.proofcollection.ForkedTestFileRunner.main(ForkedTestFileRunner.java:171)
Caused by: de.uka.ilkd.key.proof.init.ProofInputException: Could not find rule file rules/intRulesCheckedSemantics.key
	at de.uka.ilkd.key.proof.io.KeYFile.readIncludes(KeYFile.java:210)
	at de.uka.ilkd.key.proof.init.ProblemInitializer.readIncludes(ProblemInitializer.java:177)
	at de.uka.ilkd.key.proof.init.ProblemInitializer.readEnvInput(ProblemInitializer.java:325)
	at de.uka.ilkd.key.proof.init.ProblemInitializer.prepare(ProblemInitializer.java:449)
	at de.uka.ilkd.key.proof.io.AbstractProblemLoader.createInitConfig(AbstractProblemLoader.java:518)
	at de.uka.ilkd.key.proof.io.AbstractProblemLoader.loadEnvironment(AbstractProblemLoader.java:288)
	at de.uka.ilkd.key.proof.io.AbstractProblemLoader.load(AbstractProblemLoader.java:252)
	at de.uka.ilkd.key.control.AbstractUserInterfaceControl.load(AbstractUserInterfaceControl.java:209)
	... 7 more
Caused by: java.lang.RuntimeException: Could not find rule file rules/intRulesCheckedSemantics.key
	at de.uka.ilkd.key.proof.io.RuleSourceFactory.fromBuiltInRule(RuleSourceFactory.java:32)
	at de.uka.ilkd.key.proof.io.RuleSourceFactory.fromDefaultLocation(RuleSourceFactory.java:21)
	at de.uka.ilkd.key.nparser.builder.IncludeFinder.addInclude(IncludeFinder.java:63)
	at de.uka.ilkd.key.nparser.builder.IncludeFinder.visitOne_include(IncludeFinder.java:43)
	at de.uka.ilkd.key.nparser.builder.IncludeFinder.visitOne_include(IncludeFinder.java:20)
	at de.uka.ilkd.key.nparser.KeYParser$One_includeContext.accept(KeYParser.java:878)
	at de.uka.ilkd.key.nparser.builder.AbstractBuilder.lambda$mapOf$0(AbstractBuilder.java:112)
	at java.base/java.util.stream.ReferencePipeline$3$1.accept(ReferencePipeline.java:195)
	at java.base/java.util.ArrayList$ArrayListSpliterator.forEachRemaining(ArrayList.java:1655)
	at java.base/java.util.stream.AbstractPipeline.copyInto(AbstractPipeline.java:484)
	at java.base/java.util.stream.AbstractPipeline.wrapAndCopyInto(AbstractPipeline.java:474)
	at java.base/java.util.stream.ReduceOps$ReduceOp.evaluateSequential(ReduceOps.java:913)
	at java.base/java.util.stream.AbstractPipeline.evaluate(AbstractPipeline.java:234)
	at java.base/java.util.stream.ReferencePipeline.collect(ReferencePipeline.java:578)
	at de.uka.ilkd.key.nparser.builder.AbstractBuilder.mapOf(AbstractBuilder.java:112)
	at de.uka.ilkd.key.nparser.builder.IncludeFinder.visitOne_include_statement(IncludeFinder.java:35)
	at de.uka.ilkd.key.nparser.builder.IncludeFinder.visitOne_include_statement(IncludeFinder.java:20)
	at de.uka.ilkd.key.nparser.KeYParser$One_include_statementContext.accept(KeYParser.java:802)
	at org.antlr.v4.runtime.tree.AbstractParseTreeVisitor.visitChildren(AbstractParseTreeVisitor.java:46)
	at de.uka.ilkd.key.nparser.KeYParserBaseVisitor.visitDecls(KeYParserBaseVisitor.java:30)
	at de.uka.ilkd.key.nparser.KeYParser$DeclsContext.accept(KeYParser.java:500)
	at org.antlr.v4.runtime.tree.AbstractParseTreeVisitor.visitChildren(AbstractParseTreeVisitor.java:46)
	at de.uka.ilkd.key.nparser.KeYParserBaseVisitor.visitFile(KeYParserBaseVisitor.java:23)
	at de.uka.ilkd.key.nparser.KeYParser$FileContext.accept(KeYParser.java:306)
	at de.uka.ilkd.key.nparser.KeyAst.accept(KeyAst.java:41)
	at de.uka.ilkd.key.nparser.KeyAst$File.getIncludes(KeyAst.java:76)
	at de.uka.ilkd.key.proof.io.KeYFile.readIncludes(KeYFile.java:208)
	... 14 more
Could not find rule file rules/intRulesCheckedSemantics.key (file: /home/runner/work/key/key/key.core/../key.ui/examples/index/../InformationFlow/LoopInvariants/loop.IFLoopExamples(loop.IFLoopExamples__secure_while_4(int)).Non-interference contract.0.m.key; caused by: de.uka.ilkd.key.proof.init.ProofInputException: Could not find rule file rules/intRulesCheckedSemantics.key)
	at de.uka.ilkd.key.control.AbstractUserInterfaceControl.load(AbstractUserInterfaceControl.java:221)
	at de.uka.ilkd.key.control.KeYEnvironment.load(KeYEnvironment.java:251)
	at de.uka.ilkd.key.control.KeYEnvironment.load(KeYEnvironment.java:224)
	at de.uka.ilkd.key.control.KeYEnvironment.load(KeYEnvironment.java:184)
	at de.uka.ilkd.key.control.KeYEnvironment.load(KeYEnvironment.java:261)
	at de.uka.ilkd.key.proof.runallproofs.proofcollection.TestFile.load(TestFile.java:270)
	at de.uka.ilkd.key.proof.runallproofs.proofcollection.TestFile.runKey(TestFile.java:160)
	at de.uka.ilkd.key.proof.runallproofs.proofcollection.ForkedTestFileRunner.main(ForkedTestFileRunner.java:171)
Caused by: de.uka.ilkd.key.proof.init.ProofInputException: Could not find rule file rules/intRulesCheckedSemantics.key
	at de.uka.ilkd.key.proof.io.KeYFile.readIncludes(KeYFile.java:210)
	at de.uka.ilkd.key.proof.init.ProblemInitializer.readIncludes(ProblemInitializer.java:177)
	at de.uka.ilkd.key.proof.init.ProblemInitializer.readEnvInput(ProblemInitializer.java:325)
	at de.uka.ilkd.key.proof.init.ProblemInitializer.prepare(ProblemInitializer.java:449)
	at de.uka.ilkd.key.proof.io.AbstractProblemLoader.createInitConfig(AbstractProblemLoader.java:518)
	at de.uka.ilkd.key.proof.io.AbstractProblemLoader.loadEnvironment(AbstractProblemLoader.java:288)
	at de.uka.ilkd.key.proof.io.AbstractProblemLoader.load(AbstractProblemLoader.java:252)
	at de.uka.ilkd.key.control.AbstractUserInterfaceControl.load(AbstractUserInterfaceControl.java:209)
	... 7 more
Caused by: java.lang.RuntimeException: Could not find rule file rules/intRulesCheckedSemantics.key
	at de.uka.ilkd.key.proof.io.RuleSourceFactory.fromBuiltInRule(RuleSourceFactory.java:32)
	at de.uka.ilkd.key.proof.io.RuleSourceFactory.fromDefaultLocation(RuleSourceFactory.java:21)
	at de.uka.ilkd.key.nparser.builder.IncludeFinder.addInclude(IncludeFinder.java:63)
	at de.uka.ilkd.key.nparser.builder.IncludeFinder.visitOne_include(IncludeFinder.java:43)
	at de.uka.ilkd.key.nparser.builder.IncludeFinder.visitOne_include(IncludeFinder.java:20)
	at de.uka.ilkd.key.nparser.KeYParser$One_includeContext.accept(KeYParser.java:878)
	at de.uka.ilkd.key.nparser.builder.AbstractBuilder.lambda$mapOf$0(AbstractBuilder.java:112)
	at java.base/java.util.stream.ReferencePipeline$3$1.accept(ReferencePipeline.java:195)
	at java.base/java.util.ArrayList$ArrayListSpliterator.forEachRemaining(ArrayList.java:1655)
	at java.base/java.util.stream.AbstractPipeline.copyInto(AbstractPipeline.java:484)
	at java.base/java.util.stream.AbstractPipeline.wrapAndCopyInto(AbstractPipeline.java:474)
	at java.base/java.util.stream.ReduceOps$ReduceOp.evaluateSequential(ReduceOps.java:913)
	at java.base/java.util.stream.AbstractPipeline.evaluate(AbstractPipeline.java:234)
	at java.base/java.util.stream.ReferencePipeline.collect(ReferencePipeline.java:578)
	at de.uka.ilkd.key.nparser.builder.AbstractBuilder.mapOf(AbstractBuilder.java:112)
	at de.uka.ilkd.key.nparser.builder.IncludeFinder.visitOne_include_statement(IncludeFinder.java:35)
	at de.uka.ilkd.key.nparser.builder.IncludeFinder.visitOne_include_statement(IncludeFinder.java:20)
	at de.uka.ilkd.key.nparser.KeYParser$One_include_statementContext.accept(KeYParser.java:802)
	at org.antlr.v4.runtime.tree.AbstractParseTreeVisitor.visitChildren(AbstractParseTreeVisitor.java:46)
	at de.uka.ilkd.key.nparser.KeYParserBaseVisitor.visitDecls(KeYParserBaseVisitor.java:30)
	at de.uka.ilkd.key.nparser.KeYParser$DeclsContext.accept(KeYParser.java:500)
	at org.antlr.v4.runtime.tree.AbstractParseTreeVisitor.visitChildren(AbstractParseTreeVisitor.java:46)
	at de.uka.ilkd.key.nparser.KeYParserBaseVisitor.visitFile(KeYParserBaseVisitor.java:23)
	at de.uka.ilkd.key.nparser.KeYParser$FileContext.accept(KeYParser.java:306)
	at de.uka.ilkd.key.nparser.KeyAst.accept(KeyAst.java:41)
	at de.uka.ilkd.key.nparser.KeyAst$File.getIncludes(KeyAst.java:76)
	at de.uka.ilkd.key.proof.io.KeYFile.readIncludes(KeYFile.java:208)
	... 14 more
Could not find rule file rules/intRulesCheckedSemantics.key (file: /home/runner/work/key/key/key.core/../key.ui/examples/index/../InformationFlow/LoopInvariants/loop.IFLoopExamples(loop.IFLoopExamples__insecure_doubleNestedWhile2(int)).Non-interference contract.0.m.key; caused by: de.uka.ilkd.key.proof.init.ProofInputException: Could not find rule file rules/intRulesCheckedSemantics.key)
	at de.uka.ilkd.key.control.AbstractUserInterfaceControl.load(AbstractUserInterfaceControl.java:221)
	at de.uka.ilkd.key.control.KeYEnvironment.load(KeYEnvironment.java:251)
	at de.uka.ilkd.key.control.KeYEnvironment.load(KeYEnvironment.java:224)
	at de.uka.ilkd.key.control.KeYEnvironment.load(KeYEnvironment.java:184)
	at de.uka.ilkd.key.control.KeYEnvironment.load(KeYEnvironment.java:261)
	at de.uka.ilkd.key.proof.runallproofs.proofcollection.TestFile.load(TestFile.java:270)
	at de.uka.ilkd.key.proof.runallproofs.proofcollection.TestFile.runKey(TestFile.java:160)
	at de.uka.ilkd.key.proof.runallproofs.proofcollection.ForkedTestFileRunner.main(ForkedTestFileRunner.java:171)
Caused by: de.uka.ilkd.key.proof.init.ProofInputException: Could not find rule file rules/intRulesCheckedSemantics.key
	at de.uka.ilkd.key.proof.io.KeYFile.readIncludes(KeYFile.java:210)
	at de.uka.ilkd.key.proof.init.ProblemInitializer.readIncludes(ProblemInitializer.java:177)
	at de.uka.ilkd.key.proof.init.ProblemInitializer.readEnvInput(ProblemInitializer.java:325)
	at de.uka.ilkd.key.proof.init.ProblemInitializer.prepare(ProblemInitializer.java:449)
	at de.uka.ilkd.key.proof.io.AbstractProblemLoader.createInitConfig(AbstractProblemLoader.java:518)
	at de.uka.ilkd.key.proof.io.AbstractProblemLoader.loadEnvironment(AbstractProblemLoader.java:288)
	at de.uka.ilkd.key.proof.io.AbstractProblemLoader.load(AbstractProblemLoader.java:252)
	at de.uka.ilkd.key.control.AbstractUserInterfaceControl.load(AbstractUserInterfaceControl.java:209)
	... 7 more
Caused by: java.lang.RuntimeException: Could not find rule file rules/intRulesCheckedSemantics.key
	at de.uka.ilkd.key.proof.io.RuleSourceFactory.fromBuiltInRule(RuleSourceFactory.java:32)
	at de.uka.ilkd.key.proof.io.RuleSourceFactory.fromDefaultLocation(RuleSourceFactory.java:21)
	at de.uka.ilkd.key.nparser.builder.IncludeFinder.addInclude(IncludeFinder.java:63)
	at de.uka.ilkd.key.nparser.builder.IncludeFinder.visitOne_include(IncludeFinder.java:43)
	at de.uka.ilkd.key.nparser.builder.IncludeFinder.visitOne_include(IncludeFinder.java:20)
	at de.uka.ilkd.key.nparser.KeYParser$One_includeContext.accept(KeYParser.java:878)
	at de.uka.ilkd.key.nparser.builder.AbstractBuilder.lambda$mapOf$0(AbstractBuilder.java:112)
	at java.base/java.util.stream.ReferencePipeline$3$1.accept(ReferencePipeline.java:195)
	at java.base/java.util.ArrayList$ArrayListSpliterator.forEachRemaining(ArrayList.java:1655)
	at java.base/java.util.stream.AbstractPipeline.copyInto(AbstractPipeline.java:484)
	at java.base/java.util.stream.AbstractPipeline.wrapAndCopyInto(AbstractPipeline.java:474)
	at java.base/java.util.stream.ReduceOps$ReduceOp.evaluateSequential(ReduceOps.java:913)
	at java.base/java.util.stream.AbstractPipeline.evaluate(AbstractPipeline.java:234)
	at java.base/java.util.stream.ReferencePipeline.collect(ReferencePipeline.java:578)
	at de.uka.ilkd.key.nparser.builder.AbstractBuilder.mapOf(AbstractBuilder.java:112)
	at de.uka.ilkd.key.nparser.builder.IncludeFinder.visitOne_include_statement(IncludeFinder.java:35)
	at de.uka.ilkd.key.nparser.builder.IncludeFinder.visitOne_include_statement(IncludeFinder.java:20)
	at de.uka.ilkd.key.nparser.KeYParser$One_include_statementContext.accept(KeYParser.java:802)
	at org.antlr.v4.runtime.tree.AbstractParseTreeVisitor.visitChildren(AbstractParseTreeVisitor.java:46)
	at de.uka.ilkd.key.nparser.KeYParserBaseVisitor.visitDecls(KeYParserBaseVisitor.java:30)
	at de.uka.ilkd.key.nparser.KeYParser$DeclsContext.accept(KeYParser.java:500)
	at org.antlr.v4.runtime.tree.AbstractParseTreeVisitor.visitChildren(AbstractParseTreeVisitor.java:46)
	at de.uka.ilkd.key.nparser.KeYParserBaseVisitor.visitFile(KeYParserBaseVisitor.java:23)
	at de.uka.ilkd.key.nparser.KeYParser$FileContext.accept(KeYParser.java:306)
	at de.uka.ilkd.key.nparser.KeyAst.accept(KeyAst.java:41)
	at de.uka.ilkd.key.nparser.KeyAst$File.getIncludes(KeyAst.java:76)
	at de.uka.ilkd.key.proof.io.KeYFile.readIncludes(KeYFile.java:208)
	... 14 more
Could not find rule file rules/intRulesCheckedSemantics.key (file: /home/runner/work/key/key/key.core/../key.ui/examples/index/../InformationFlow/LoopInvariants/loop.IFLoopExamples(loop.IFLoopExamples__insecure_doubleNestedWhile(int)).Non-interference contract.0.m.key; caused by: de.uka.ilkd.key.proof.init.ProofInputException: Could not find rule file rules/intRulesCheckedSemantics.key)
	at de.uka.ilkd.key.control.AbstractUserInterfaceControl.load(AbstractUserInterfaceControl.java:221)
	at de.uka.ilkd.key.control.KeYEnvironment.load(KeYEnvironment.java:251)
	at de.uka.ilkd.key.control.KeYEnvironment.load(KeYEnvironment.java:224)
	at de.uka.ilkd.key.control.KeYEnvironment.load(KeYEnvironment.java:184)
	at de.uka.ilkd.key.control.KeYEnvironment.load(KeYEnvironment.java:261)
	at de.uka.ilkd.key.proof.runallproofs.proofcollection.TestFile.load(TestFile.java:270)
	at de.uka.ilkd.key.proof.runallproofs.proofcollection.TestFile.runKey(TestFile.java:160)
	at de.uka.ilkd.key.proof.runallproofs.proofcollection.ForkedTestFileRunner.main(ForkedTestFileRunner.java:171)
Caused by: de.uka.ilkd.key.proof.init.ProofInputException: Could not find rule file rules/intRulesCheckedSemantics.key
	at de.uka.ilkd.key.proof.io.KeYFile.readIncludes(KeYFile.java:210)
	at de.uka.ilkd.key.proof.init.ProblemInitializer.readIncludes(ProblemInitializer.java:177)
	at de.uka.ilkd.key.proof.init.ProblemInitializer.readEnvInput(ProblemInitializer.java:325)
	at de.uka.ilkd.key.proof.init.ProblemInitializer.prepare(ProblemInitializer.java:449)
	at de.uka.ilkd.key.proof.io.AbstractProblemLoader.createInitConfig(AbstractProblemLoader.java:518)
	at de.uka.ilkd.key.proof.io.AbstractProblemLoader.loadEnvironment(AbstractProblemLoader.java:288)
	at de.uka.ilkd.key.proof.io.AbstractProblemLoader.load(AbstractProblemLoader.java:252)
	at de.uka.ilkd.key.control.AbstractUserInterfaceControl.load(AbstractUserInterfaceControl.java:209)
	... 7 more
Caused by: java.lang.RuntimeException: Could not find rule file rules/intRulesCheckedSemantics.key
	at de.uka.ilkd.key.proof.io.RuleSourceFactory.fromBuiltInRule(RuleSourceFactory.java:32)
	at de.uka.ilkd.key.proof.io.RuleSourceFactory.fromDefaultLocation(RuleSourceFactory.java:21)
	at de.uka.ilkd.key.nparser.builder.IncludeFinder.addInclude(IncludeFinder.java:63)
	at de.uka.ilkd.key.nparser.builder.IncludeFinder.visitOne_include(IncludeFinder.java:43)
	at de.uka.ilkd.key.nparser.builder.IncludeFinder.visitOne_include(IncludeFinder.java:20)
	at de.uka.ilkd.key.nparser.KeYParser$One_includeContext.accept(KeYParser.java:878)
	at de.uka.ilkd.key.nparser.builder.AbstractBuilder.lambda$mapOf$0(AbstractBuilder.java:112)
	at java.base/java.util.stream.ReferencePipeline$3$1.accept(ReferencePipeline.java:195)
	at java.base/java.util.ArrayList$ArrayListSpliterator.forEachRemaining(ArrayList.java:1655)
	at java.base/java.util.stream.AbstractPipeline.copyInto(AbstractPipeline.java:484)
	at java.base/java.util.stream.AbstractPipeline.wrapAndCopyInto(AbstractPipeline.java:474)
	at java.base/java.util.stream.ReduceOps$ReduceOp.evaluateSequential(ReduceOps.java:913)
	at java.base/java.util.stream.AbstractPipeline.evaluate(AbstractPipeline.java:234)
	at java.base/java.util.stream.ReferencePipeline.collect(ReferencePipeline.java:578)
	at de.uka.ilkd.key.nparser.builder.AbstractBuilder.mapOf(AbstractBuilder.java:112)
	at de.uka.ilkd.key.nparser.builder.IncludeFinder.visitOne_include_statement(IncludeFinder.java:35)
	at de.uka.ilkd.key.nparser.builder.IncludeFinder.visitOne_include_statement(IncludeFinder.java:20)
	at de.uka.ilkd.key.nparser.KeYParser$One_include_statementContext.accept(KeYParser.java:802)
	at org.antlr.v4.runtime.tree.AbstractParseTreeVisitor.visitChildren(AbstractParseTreeVisitor.java:46)
	at de.uka.ilkd.key.nparser.KeYParserBaseVisitor.visitDecls(KeYParserBaseVisitor.java:30)
	at de.uka.ilkd.key.nparser.KeYParser$DeclsContext.accept(KeYParser.java:500)
	at org.antlr.v4.runtime.tree.AbstractParseTreeVisitor.visitChildren(AbstractParseTreeVisitor.java:46)
	at de.uka.ilkd.key.nparser.KeYParserBaseVisitor.visitFile(KeYParserBaseVisitor.java:23)
	at de.uka.ilkd.key.nparser.KeYParser$FileContext.accept(KeYParser.java:306)
	at de.uka.ilkd.key.nparser.KeyAst.accept(KeyAst.java:41)
	at de.uka.ilkd.key.nparser.KeyAst$File.getIncludes(KeyAst.java:76)
	at de.uka.ilkd.key.proof.io.KeYFile.readIncludes(KeYFile.java:208)
	... 14 more
Could not find rule file rules/intRulesCheckedSemantics.key (file: /home/runner/work/key/key/key.core/../key.ui/examples/index/../InformationFlow/LoopInvariants/loop.IFLoopExamples(loop.IFLoopExamples__secure_doubleNestedWhile(int)).Non-interference contract.0.m.key; caused by: de.uka.ilkd.key.proof.init.ProofInputException: Could not find rule file rules/intRulesCheckedSemantics.key)
	at de.uka.ilkd.key.control.AbstractUserInterfaceControl.load(AbstractUserInterfaceControl.java:221)
	at de.uka.ilkd.key.control.KeYEnvironment.load(KeYEnvironment.java:251)
	at de.uka.ilkd.key.control.KeYEnvironment.load(KeYEnvironment.java:224)
	at de.uka.ilkd.key.control.KeYEnvironment.load(KeYEnvironment.java:184)
	at de.uka.ilkd.key.control.KeYEnvironment.load(KeYEnvironment.java:261)
	at de.uka.ilkd.key.proof.runallproofs.proofcollection.TestFile.load(TestFile.java:270)
	at de.uka.ilkd.key.proof.runallproofs.proofcollection.TestFile.runKey(TestFile.java:160)
	at de.uka.ilkd.key.proof.runallproofs.proofcollection.ForkedTestFileRunner.main(ForkedTestFileRunner.java:171)
Caused by: de.uka.ilkd.key.proof.init.ProofInputException: Could not find rule file rules/intRulesCheckedSemantics.key
	at de.uka.ilkd.key.proof.io.KeYFile.readIncludes(KeYFile.java:210)
	at de.uka.ilkd.key.proof.init.ProblemInitializer.readIncludes(ProblemInitializer.java:177)
	at de.uka.ilkd.key.proof.init.ProblemInitializer.readEnvInput(ProblemInitializer.java:325)
	at de.uka.ilkd.key.proof.init.ProblemInitializer.prepare(ProblemInitializer.java:449)
	at de.uka.ilkd.key.proof.io.AbstractProblemLoader.createInitConfig(AbstractProblemLoader.java:518)
	at de.uka.ilkd.key.proof.io.AbstractProblemLoader.loadEnvironment(AbstractProblemLoader.java:288)
	at de.uka.ilkd.key.proof.io.AbstractProblemLoader.load(AbstractProblemLoader.java:252)
	at de.uka.ilkd.key.control.AbstractUserInterfaceControl.load(AbstractUserInterfaceControl.java:209)
	... 7 more
Caused by: java.lang.RuntimeException: Could not find rule file rules/intRulesCheckedSemantics.key
	at de.uka.ilkd.key.proof.io.RuleSourceFactory.fromBuiltInRule(RuleSourceFactory.java:32)
	at de.uka.ilkd.key.proof.io.RuleSourceFactory.fromDefaultLocation(RuleSourceFactory.java:21)
	at de.uka.ilkd.key.nparser.builder.IncludeFinder.addInclude(IncludeFinder.java:63)
	at de.uka.ilkd.key.nparser.builder.IncludeFinder.visitOne_include(IncludeFinder.java:43)
	at de.uka.ilkd.key.nparser.builder.IncludeFinder.visitOne_include(IncludeFinder.java:20)
	at de.uka.ilkd.key.nparser.KeYParser$One_includeContext.accept(KeYParser.java:878)
	at de.uka.ilkd.key.nparser.builder.AbstractBuilder.lambda$mapOf$0(AbstractBuilder.java:112)
	at java.base/java.util.stream.ReferencePipeline$3$1.accept(ReferencePipeline.java:195)
	at java.base/java.util.ArrayList$ArrayListSpliterator.forEachRemaining(ArrayList.java:1655)
	at java.base/java.util.stream.AbstractPipeline.copyInto(AbstractPipeline.java:484)
	at java.base/java.util.stream.AbstractPipeline.wrapAndCopyInto(AbstractPipeline.java:474)
	at java.base/java.util.stream.ReduceOps$ReduceOp.evaluateSequential(ReduceOps.java:913)
	at java.base/java.util.stream.AbstractPipeline.evaluate(AbstractPipeline.java:234)
	at java.base/java.util.stream.ReferencePipeline.collect(ReferencePipeline.java:578)
	at de.uka.ilkd.key.nparser.builder.AbstractBuilder.mapOf(AbstractBuilder.java:112)
	at de.uka.ilkd.key.nparser.builder.IncludeFinder.visitOne_include_statement(IncludeFinder.java:35)
	at de.uka.ilkd.key.nparser.builder.IncludeFinder.visitOne_include_statement(IncludeFinder.java:20)
	at de.uka.ilkd.key.nparser.KeYParser$One_include_statementContext.accept(KeYParser.java:802)
	at org.antlr.v4.runtime.tree.AbstractParseTreeVisitor.visitChildren(AbstractParseTreeVisitor.java:46)
	at de.uka.ilkd.key.nparser.KeYParserBaseVisitor.visitDecls(KeYParserBaseVisitor.java:30)
	at de.uka.ilkd.key.nparser.KeYParser$DeclsContext.accept(KeYParser.java:500)
	at org.antlr.v4.runtime.tree.AbstractParseTreeVisitor.visitChildren(AbstractParseTreeVisitor.java:46)
	at de.uka.ilkd.key.nparser.KeYParserBaseVisitor.visitFile(KeYParserBaseVisitor.java:23)
	at de.uka.ilkd.key.nparser.KeYParser$FileContext.accept(KeYParser.java:306)
	at de.uka.ilkd.key.nparser.KeyAst.accept(KeyAst.java:41)
	at de.uka.ilkd.key.nparser.KeyAst$File.getIncludes(KeyAst.java:76)
	at de.uka.ilkd.key.proof.io.KeYFile.readIncludes(KeYFile.java:208)
	... 14 more
Could not find rule file rules/intRulesCheckedSemantics.key (file: /home/runner/work/key/key/key.core/../key.ui/examples/index/../InformationFlow/LoopInvariants/loop.IFLoopExamples(loop.IFLoopExamples__secure_nestedTwoWhile(int)).Non-interference contract.0.m.key; caused by: de.uka.ilkd.key.proof.init.ProofInputException: Could not find rule file rules/intRulesCheckedSemantics.key)
	at de.uka.ilkd.key.control.AbstractUserInterfaceControl.load(AbstractUserInterfaceControl.java:221)
	at de.uka.ilkd.key.control.KeYEnvironment.load(KeYEnvironment.java:251)
	at de.uka.ilkd.key.control.KeYEnvironment.load(KeYEnvironment.java:224)
	at de.uka.ilkd.key.control.KeYEnvironment.load(KeYEnvironment.java:184)
	at de.uka.ilkd.key.control.KeYEnvironment.load(KeYEnvironment.java:261)
	at de.uka.ilkd.key.proof.runallproofs.proofcollection.TestFile.load(TestFile.java:270)
	at de.uka.ilkd.key.proof.runallproofs.proofcollection.TestFile.runKey(TestFile.java:160)
	at de.uka.ilkd.key.proof.runallproofs.proofcollection.ForkedTestFileRunner.main(ForkedTestFileRunner.java:171)
Caused by: de.uka.ilkd.key.proof.init.ProofInputException: Could not find rule file rules/intRulesCheckedSemantics.key
	at de.uka.ilkd.key.proof.io.KeYFile.readIncludes(KeYFile.java:210)
	at de.uka.ilkd.key.proof.init.ProblemInitializer.readIncludes(ProblemInitializer.java:177)
	at de.uka.ilkd.key.proof.init.ProblemInitializer.readEnvInput(ProblemInitializer.java:325)
	at de.uka.ilkd.key.proof.init.ProblemInitializer.prepare(ProblemInitializer.java:449)
	at de.uka.ilkd.key.proof.io.AbstractProblemLoader.createInitConfig(AbstractProblemLoader.java:518)
	at de.uka.ilkd.key.proof.io.AbstractProblemLoader.loadEnvironment(AbstractProblemLoader.java:288)
	at de.uka.ilkd.key.proof.io.AbstractProblemLoader.load(AbstractProblemLoader.java:252)
	at de.uka.ilkd.key.control.AbstractUserInterfaceControl.load(AbstractUserInterfaceControl.java:209)
	... 7 more
Caused by: java.lang.RuntimeException: Could not find rule file rules/intRulesCheckedSemantics.key
	at de.uka.ilkd.key.proof.io.RuleSourceFactory.fromBuiltInRule(RuleSourceFactory.java:32)
	at de.uka.ilkd.key.proof.io.RuleSourceFactory.fromDefaultLocation(RuleSourceFactory.java:21)
	at de.uka.ilkd.key.nparser.builder.IncludeFinder.addInclude(IncludeFinder.java:63)
	at de.uka.ilkd.key.nparser.builder.IncludeFinder.visitOne_include(IncludeFinder.java:43)
	at de.uka.ilkd.key.nparser.builder.IncludeFinder.visitOne_include(IncludeFinder.java:20)
	at de.uka.ilkd.key.nparser.KeYParser$One_includeContext.accept(KeYParser.java:878)
	at de.uka.ilkd.key.nparser.builder.AbstractBuilder.lambda$mapOf$0(AbstractBuilder.java:112)
	at java.base/java.util.stream.ReferencePipeline$3$1.accept(ReferencePipeline.java:195)
	at java.base/java.util.ArrayList$ArrayListSpliterator.forEachRemaining(ArrayList.java:1655)
	at java.base/java.util.stream.AbstractPipeline.copyInto(AbstractPipeline.java:484)
	at java.base/java.util.stream.AbstractPipeline.wrapAndCopyInto(AbstractPipeline.java:474)
	at java.base/java.util.stream.ReduceOps$ReduceOp.evaluateSequential(ReduceOps.java:913)
	at java.base/java.util.stream.AbstractPipeline.evaluate(AbstractPipeline.java:234)
	at java.base/java.util.stream.ReferencePipeline.collect(ReferencePipeline.java:578)
	at de.uka.ilkd.key.nparser.builder.AbstractBuilder.mapOf(AbstractBuilder.java:112)
	at de.uka.ilkd.key.nparser.builder.IncludeFinder.visitOne_include_statement(IncludeFinder.java:35)
	at de.uka.ilkd.key.nparser.builder.IncludeFinder.visitOne_include_statement(IncludeFinder.java:20)
	at de.uka.ilkd.key.nparser.KeYParser$One_include_statementContext.accept(KeYParser.java:802)
	at org.antlr.v4.runtime.tree.AbstractParseTreeVisitor.visitChildren(AbstractParseTreeVisitor.java:46)
	at de.uka.ilkd.key.nparser.KeYParserBaseVisitor.visitDecls(KeYParserBaseVisitor.java:30)
	at de.uka.ilkd.key.nparser.KeYParser$DeclsContext.accept(KeYParser.java:500)
	at org.antlr.v4.runtime.tree.AbstractParseTreeVisitor.visitChildren(AbstractParseTreeVisitor.java:46)
	at de.uka.ilkd.key.nparser.KeYParserBaseVisitor.visitFile(KeYParserBaseVisitor.java:23)
	at de.uka.ilkd.key.nparser.KeYParser$FileContext.accept(KeYParser.java:306)
	at de.uka.ilkd.key.nparser.KeyAst.accept(KeyAst.java:41)
	at de.uka.ilkd.key.nparser.KeyAst$File.getIncludes(KeyAst.java:76)
	at de.uka.ilkd.key.proof.io.KeYFile.readIncludes(KeYFile.java:208)
	... 14 more
Could not find rule file rules/intRulesCheckedSemantics.key (file: /home/runner/work/key/key/key.core/../key.ui/examples/index/../InformationFlow/LoopInvariants/loop.IFLoopExamples(loop.IFLoopExamples__secure_nestedWhile(int)).Non-interference contract.0.m.key; caused by: de.uka.ilkd.key.proof.init.ProofInputException: Could not find rule file rules/intRulesCheckedSemantics.key)
	at de.uka.ilkd.key.control.AbstractUserInterfaceControl.load(AbstractUserInterfaceControl.java:221)
	at de.uka.ilkd.key.control.KeYEnvironment.load(KeYEnvironment.java:251)
	at de.uka.ilkd.key.control.KeYEnvironment.load(KeYEnvironment.java:224)
	at de.uka.ilkd.key.control.KeYEnvironment.load(KeYEnvironment.java:184)
	at de.uka.ilkd.key.control.KeYEnvironment.load(KeYEnvironment.java:261)
	at de.uka.ilkd.key.proof.runallproofs.proofcollection.TestFile.load(TestFile.java:270)
	at de.uka.ilkd.key.proof.runallproofs.proofcollection.TestFile.runKey(TestFile.java:160)
	at de.uka.ilkd.key.proof.runallproofs.proofcollection.ForkedTestFileRunner.main(ForkedTestFileRunner.java:171)
Caused by: de.uka.ilkd.key.proof.init.ProofInputException: Could not find rule file rules/intRulesCheckedSemantics.key
	at de.uka.ilkd.key.proof.io.KeYFile.readIncludes(KeYFile.java:210)
	at de.uka.ilkd.key.proof.init.ProblemInitializer.readIncludes(ProblemInitializer.java:177)
	at de.uka.ilkd.key.proof.init.ProblemInitializer.readEnvInput(ProblemInitializer.java:325)
	at de.uka.ilkd.key.proof.init.ProblemInitializer.prepare(ProblemInitializer.java:449)
	at de.uka.ilkd.key.proof.io.AbstractProblemLoader.createInitConfig(AbstractProblemLoader.java:518)
	at de.uka.ilkd.key.proof.io.AbstractProblemLoader.loadEnvironment(AbstractProblemLoader.java:288)
	at de.uka.ilkd.key.proof.io.AbstractProblemLoader.load(AbstractProblemLoader.java:252)
	at de.uka.ilkd.key.control.AbstractUserInterfaceControl.load(AbstractUserInterfaceControl.java:209)
	... 7 more
Caused by: java.lang.RuntimeException: Could not find rule file rules/intRulesCheckedSemantics.key
	at de.uka.ilkd.key.proof.io.RuleSourceFactory.fromBuiltInRule(RuleSourceFactory.java:32)
	at de.uka.ilkd.key.proof.io.RuleSourceFactory.fromDefaultLocation(RuleSourceFactory.java:21)
	at de.uka.ilkd.key.nparser.builder.IncludeFinder.addInclude(IncludeFinder.java:63)
	at de.uka.ilkd.key.nparser.builder.IncludeFinder.visitOne_include(IncludeFinder.java:43)
	at de.uka.ilkd.key.nparser.builder.IncludeFinder.visitOne_include(IncludeFinder.java:20)
	at de.uka.ilkd.key.nparser.KeYParser$One_includeContext.accept(KeYParser.java:878)
	at de.uka.ilkd.key.nparser.builder.AbstractBuilder.lambda$mapOf$0(AbstractBuilder.java:112)
	at java.base/java.util.stream.ReferencePipeline$3$1.accept(ReferencePipeline.java:195)
	at java.base/java.util.ArrayList$ArrayListSpliterator.forEachRemaining(ArrayList.java:1655)
	at java.base/java.util.stream.AbstractPipeline.copyInto(AbstractPipeline.java:484)
	at java.base/java.util.stream.AbstractPipeline.wrapAndCopyInto(AbstractPipeline.java:474)
	at java.base/java.util.stream.ReduceOps$ReduceOp.evaluateSequential(ReduceOps.java:913)
	at java.base/java.util.stream.AbstractPipeline.evaluate(AbstractPipeline.java:234)
	at java.base/java.util.stream.ReferencePipeline.collect(ReferencePipeline.java:578)
	at de.uka.ilkd.key.nparser.builder.AbstractBuilder.mapOf(AbstractBuilder.java:112)
	at de.uka.ilkd.key.nparser.builder.IncludeFinder.visitOne_include_statement(IncludeFinder.java:35)
	at de.uka.ilkd.key.nparser.builder.IncludeFinder.visitOne_include_statement(IncludeFinder.java:20)
	at de.uka.ilkd.key.nparser.KeYParser$One_include_statementContext.accept(KeYParser.java:802)
	at org.antlr.v4.runtime.tree.AbstractParseTreeVisitor.visitChildren(AbstractParseTreeVisitor.java:46)
	at de.uka.ilkd.key.nparser.KeYParserBaseVisitor.visitDecls(KeYParserBaseVisitor.java:30)
	at de.uka.ilkd.key.nparser.KeYParser$DeclsContext.accept(KeYParser.java:500)
	at org.antlr.v4.runtime.tree.AbstractParseTreeVisitor.visitChildren(AbstractParseTreeVisitor.java:46)
	at de.uka.ilkd.key.nparser.KeYParserBaseVisitor.visitFile(KeYParserBaseVisitor.java:23)
	at de.uka.ilkd.key.nparser.KeYParser$FileContext.accept(KeYParser.java:306)
	at de.uka.ilkd.key.nparser.KeyAst.accept(KeyAst.java:41)
	at de.uka.ilkd.key.nparser.KeyAst$File.getIncludes(KeyAst.java:76)
	at de.uka.ilkd.key.proof.io.KeYFile.readIncludes(KeYFile.java:208)
	... 14 more
Could not find rule file rules/intRulesCheckedSemantics.key (file: /home/runner/work/key/key/key.core/../key.ui/examples/index/../InformationFlow/LoopInvariants/loop.IFLoopExamples(loop.IFLoopExamples__notSecure_while(int)).Non-interference contract.0.m.key; caused by: de.uka.ilkd.key.proof.init.ProofInputException: Could not find rule file rules/intRulesCheckedSemantics.key)
	at de.uka.ilkd.key.control.AbstractUserInterfaceControl.load(AbstractUserInterfaceControl.java:221)
	at de.uka.ilkd.key.control.KeYEnvironment.load(KeYEnvironment.java:251)
	at de.uka.ilkd.key.control.KeYEnvironment.load(KeYEnvironment.java:224)
	at de.uka.ilkd.key.control.KeYEnvironment.load(KeYEnvironment.java:184)
	at de.uka.ilkd.key.control.KeYEnvironment.load(KeYEnvironment.java:261)
	at de.uka.ilkd.key.proof.runallproofs.proofcollection.TestFile.load(TestFile.java:270)
	at de.uka.ilkd.key.proof.runallproofs.proofcollection.TestFile.runKey(TestFile.java:160)
	at de.uka.ilkd.key.proof.runallproofs.proofcollection.ForkedTestFileRunner.main(ForkedTestFileRunner.java:171)
Caused by: de.uka.ilkd.key.proof.init.ProofInputException: Could not find rule file rules/intRulesCheckedSemantics.key
	at de.uka.ilkd.key.proof.io.KeYFile.readIncludes(KeYFile.java:210)
	at de.uka.ilkd.key.proof.init.ProblemInitializer.readIncludes(ProblemInitializer.java:177)
	at de.uka.ilkd.key.proof.init.ProblemInitializer.readEnvInput(ProblemInitializer.java:325)
	at de.uka.ilkd.key.proof.init.ProblemInitializer.prepare(ProblemInitializer.java:449)
	at de.uka.ilkd.key.proof.io.AbstractProblemLoader.createInitConfig(AbstractProblemLoader.java:518)
	at de.uka.ilkd.key.proof.io.AbstractProblemLoader.loadEnvironment(AbstractProblemLoader.java:288)
	at de.uka.ilkd.key.proof.io.AbstractProblemLoader.load(AbstractProblemLoader.java:252)
	at de.uka.ilkd.key.control.AbstractUserInterfaceControl.load(AbstractUserInterfaceControl.java:209)
	... 7 more
Caused by: java.lang.RuntimeException: Could not find rule file rules/intRulesCheckedSemantics.key
	at de.uka.ilkd.key.proof.io.RuleSourceFactory.fromBuiltInRule(RuleSourceFactory.java:32)
	at de.uka.ilkd.key.proof.io.RuleSourceFactory.fromDefaultLocation(RuleSourceFactory.java:21)
	at de.uka.ilkd.key.nparser.builder.IncludeFinder.addInclude(IncludeFinder.java:63)
	at de.uka.ilkd.key.nparser.builder.IncludeFinder.visitOne_include(IncludeFinder.java:43)
	at de.uka.ilkd.key.nparser.builder.IncludeFinder.visitOne_include(IncludeFinder.java:20)
	at de.uka.ilkd.key.nparser.KeYParser$One_includeContext.accept(KeYParser.java:878)
	at de.uka.ilkd.key.nparser.builder.AbstractBuilder.lambda$mapOf$0(AbstractBuilder.java:112)
	at java.base/java.util.stream.ReferencePipeline$3$1.accept(ReferencePipeline.java:195)
	at java.base/java.util.ArrayList$ArrayListSpliterator.forEachRemaining(ArrayList.java:1655)
	at java.base/java.util.stream.AbstractPipeline.copyInto(AbstractPipeline.java:484)
	at java.base/java.util.stream.AbstractPipeline.wrapAndCopyInto(AbstractPipeline.java:474)
	at java.base/java.util.stream.ReduceOps$ReduceOp.evaluateSequential(ReduceOps.java:913)
	at java.base/java.util.stream.AbstractPipeline.evaluate(AbstractPipeline.java:234)
	at java.base/java.util.stream.ReferencePipeline.collect(ReferencePipeline.java:578)
	at de.uka.ilkd.key.nparser.builder.AbstractBuilder.mapOf(AbstractBuilder.java:112)
	at de.uka.ilkd.key.nparser.builder.IncludeFinder.visitOne_include_statement(IncludeFinder.java:35)
	at de.uka.ilkd.key.nparser.builder.IncludeFinder.visitOne_include_statement(IncludeFinder.java:20)
	at de.uka.ilkd.key.nparser.KeYParser$One_include_statementContext.accept(KeYParser.java:802)
	at org.antlr.v4.runtime.tree.AbstractParseTreeVisitor.visitChildren(AbstractParseTreeVisitor.java:46)
	at de.uka.ilkd.key.nparser.KeYParserBaseVisitor.visitDecls(KeYParserBaseVisitor.java:30)
	at de.uka.ilkd.key.nparser.KeYParser$DeclsContext.accept(KeYParser.java:500)
	at org.antlr.v4.runtime.tree.AbstractParseTreeVisitor.visitChildren(AbstractParseTreeVisitor.java:46)
	at de.uka.ilkd.key.nparser.KeYParserBaseVisitor.visitFile(KeYParserBaseVisitor.java:23)
	at de.uka.ilkd.key.nparser.KeYParser$FileContext.accept(KeYParser.java:306)
	at de.uka.ilkd.key.nparser.KeyAst.accept(KeyAst.java:41)
	at de.uka.ilkd.key.nparser.KeyAst$File.getIncludes(KeyAst.java:76)
	at de.uka.ilkd.key.proof.io.KeYFile.readIncludes(KeYFile.java:208)
	... 14 more
Could not find rule file rules/intRulesCheckedSemantics.key (file: /home/runner/work/key/key/key.core/../key.ui/examples/index/../InformationFlow/LoopInvariants/loop.IFLoopExamples(loop.IFLoopExamples__notSecure_while_wrongInv(int)).Non-interference contract.0.m.key; caused by: de.uka.ilkd.key.proof.init.ProofInputException: Could not find rule file rules/intRulesCheckedSemantics.key)
	at de.uka.ilkd.key.control.AbstractUserInterfaceControl.load(AbstractUserInterfaceControl.java:221)
	at de.uka.ilkd.key.control.KeYEnvironment.load(KeYEnvironment.java:251)
	at de.uka.ilkd.key.control.KeYEnvironment.load(KeYEnvironment.java:224)
	at de.uka.ilkd.key.control.KeYEnvironment.load(KeYEnvironment.java:184)
	at de.uka.ilkd.key.control.KeYEnvironment.load(KeYEnvironment.java:261)
	at de.uka.ilkd.key.proof.runallproofs.proofcollection.TestFile.load(TestFile.java:270)
	at de.uka.ilkd.key.proof.runallproofs.proofcollection.TestFile.runKey(TestFile.java:160)
	at de.uka.ilkd.key.proof.runallproofs.proofcollection.ForkedTestFileRunner.main(ForkedTestFileRunner.java:171)
Caused by: de.uka.ilkd.key.proof.init.ProofInputException: Could not find rule file rules/intRulesCheckedSemantics.key
	at de.uka.ilkd.key.proof.io.KeYFile.readIncludes(KeYFile.java:210)
	at de.uka.ilkd.key.proof.init.ProblemInitializer.readIncludes(ProblemInitializer.java:177)
	at de.uka.ilkd.key.proof.init.ProblemInitializer.readEnvInput(ProblemInitializer.java:325)
	at de.uka.ilkd.key.proof.init.ProblemInitializer.prepare(ProblemInitializer.java:449)
	at de.uka.ilkd.key.proof.io.AbstractProblemLoader.createInitConfig(AbstractProblemLoader.java:518)
	at de.uka.ilkd.key.proof.io.AbstractProblemLoader.loadEnvironment(AbstractProblemLoader.java:288)
	at de.uka.ilkd.key.proof.io.AbstractProblemLoader.load(AbstractProblemLoader.java:252)
	at de.uka.ilkd.key.control.AbstractUserInterfaceControl.load(AbstractUserInterfaceControl.java:209)
	... 7 more
Caused by: java.lang.RuntimeException: Could not find rule file rules/intRulesCheckedSemantics.key
	at de.uka.ilkd.key.proof.io.RuleSourceFactory.fromBuiltInRule(RuleSourceFactory.java:32)
	at de.uka.ilkd.key.proof.io.RuleSourceFactory.fromDefaultLocation(RuleSourceFactory.java:21)
	at de.uka.ilkd.key.nparser.builder.IncludeFinder.addInclude(IncludeFinder.java:63)
	at de.uka.ilkd.key.nparser.builder.IncludeFinder.visitOne_include(IncludeFinder.java:43)
	at de.uka.ilkd.key.nparser.builder.IncludeFinder.visitOne_include(IncludeFinder.java:20)
	at de.uka.ilkd.key.nparser.KeYParser$One_includeContext.accept(KeYParser.java:878)
	at de.uka.ilkd.key.nparser.builder.AbstractBuilder.lambda$mapOf$0(AbstractBuilder.java:112)
	at java.base/java.util.stream.ReferencePipeline$3$1.accept(ReferencePipeline.java:195)
	at java.base/java.util.ArrayList$ArrayListSpliterator.forEachRemaining(ArrayList.java:1655)
	at java.base/java.util.stream.AbstractPipeline.copyInto(AbstractPipeline.java:484)
	at java.base/java.util.stream.AbstractPipeline.wrapAndCopyInto(AbstractPipeline.java:474)
	at java.base/java.util.stream.ReduceOps$ReduceOp.evaluateSequential(ReduceOps.java:913)
	at java.base/java.util.stream.AbstractPipeline.evaluate(AbstractPipeline.java:234)
	at java.base/java.util.stream.ReferencePipeline.collect(ReferencePipeline.java:578)
	at de.uka.ilkd.key.nparser.builder.AbstractBuilder.mapOf(AbstractBuilder.java:112)
	at de.uka.ilkd.key.nparser.builder.IncludeFinder.visitOne_include_statement(IncludeFinder.java:35)
	at de.uka.ilkd.key.nparser.builder.IncludeFinder.visitOne_include_statement(IncludeFinder.java:20)
	at de.uka.ilkd.key.nparser.KeYParser$One_include_statementContext.accept(KeYParser.java:802)
	at org.antlr.v4.runtime.tree.AbstractParseTreeVisitor.visitChildren(AbstractParseTreeVisitor.java:46)
	at de.uka.ilkd.key.nparser.KeYParserBaseVisitor.visitDecls(KeYParserBaseVisitor.java:30)
	at de.uka.ilkd.key.nparser.KeYParser$DeclsContext.accept(KeYParser.java:500)
	at org.antlr.v4.runtime.tree.AbstractParseTreeVisitor.visitChildren(AbstractParseTreeVisitor.java:46)
	at de.uka.ilkd.key.nparser.KeYParserBaseVisitor.visitFile(KeYParserBaseVisitor.java:23)
	at de.uka.ilkd.key.nparser.KeYParser$FileContext.accept(KeYParser.java:306)
	at de.uka.ilkd.key.nparser.KeyAst.accept(KeyAst.java:41)
	at de.uka.ilkd.key.nparser.KeyAst$File.getIncludes(KeyAst.java:76)
	at de.uka.ilkd.key.proof.io.KeYFile.readIncludes(KeYFile.java:208)
	... 14 more
Could not find rule file rules/intRulesCheckedSemantics.key (file: /home/runner/work/key/key/key.core/../key.ui/examples/index/../InformationFlow/LoopInvariants/loop.IFLoopExamples(loop.IFLoopExamples__insecure_twoWhile(int)).Non-interference contract.0.m.key; caused by: de.uka.ilkd.key.proof.init.ProofInputException: Could not find rule file rules/intRulesCheckedSemantics.key)
	at de.uka.ilkd.key.control.AbstractUserInterfaceControl.load(AbstractUserInterfaceControl.java:221)
	at de.uka.ilkd.key.control.KeYEnvironment.load(KeYEnvironment.java:251)
	at de.uka.ilkd.key.control.KeYEnvironment.load(KeYEnvironment.java:224)
	at de.uka.ilkd.key.control.KeYEnvironment.load(KeYEnvironment.java:184)
	at de.uka.ilkd.key.control.KeYEnvironment.load(KeYEnvironment.java:261)
	at de.uka.ilkd.key.proof.runallproofs.proofcollection.TestFile.load(TestFile.java:270)
	at de.uka.ilkd.key.proof.runallproofs.proofcollection.TestFile.runKey(TestFile.java:160)
	at de.uka.ilkd.key.proof.runallproofs.proofcollection.ForkedTestFileRunner.main(ForkedTestFileRunner.java:171)
Caused by: de.uka.ilkd.key.proof.init.ProofInputException: Could not find rule file rules/intRulesCheckedSemantics.key
	at de.uka.ilkd.key.proof.io.KeYFile.readIncludes(KeYFile.java:210)
	at de.uka.ilkd.key.proof.init.ProblemInitializer.readIncludes(ProblemInitializer.java:177)
	at de.uka.ilkd.key.proof.init.ProblemInitializer.readEnvInput(ProblemInitializer.java:325)
	at de.uka.ilkd.key.proof.init.ProblemInitializer.prepare(ProblemInitializer.java:449)
	at de.uka.ilkd.key.proof.io.AbstractProblemLoader.createInitConfig(AbstractProblemLoader.java:518)
	at de.uka.ilkd.key.proof.io.AbstractProblemLoader.loadEnvironment(AbstractProblemLoader.java:288)
	at de.uka.ilkd.key.proof.io.AbstractProblemLoader.load(AbstractProblemLoader.java:252)
	at de.uka.ilkd.key.control.AbstractUserInterfaceControl.load(AbstractUserInterfaceControl.java:209)
	... 7 more
Caused by: java.lang.RuntimeException: Could not find rule file rules/intRulesCheckedSemantics.key
	at de.uka.ilkd.key.proof.io.RuleSourceFactory.fromBuiltInRule(RuleSourceFactory.java:32)
	at de.uka.ilkd.key.proof.io.RuleSourceFactory.fromDefaultLocation(RuleSourceFactory.java:21)
	at de.uka.ilkd.key.nparser.builder.IncludeFinder.addInclude(IncludeFinder.java:63)
	at de.uka.ilkd.key.nparser.builder.IncludeFinder.visitOne_include(IncludeFinder.java:43)
	at de.uka.ilkd.key.nparser.builder.IncludeFinder.visitOne_include(IncludeFinder.java:20)
	at de.uka.ilkd.key.nparser.KeYParser$One_includeContext.accept(KeYParser.java:878)
	at de.uka.ilkd.key.nparser.builder.AbstractBuilder.lambda$mapOf$0(AbstractBuilder.java:112)
	at java.base/java.util.stream.ReferencePipeline$3$1.accept(ReferencePipeline.java:195)
	at java.base/java.util.ArrayList$ArrayListSpliterator.forEachRemaining(ArrayList.java:1655)
	at java.base/java.util.stream.AbstractPipeline.copyInto(AbstractPipeline.java:484)
	at java.base/java.util.stream.AbstractPipeline.wrapAndCopyInto(AbstractPipeline.java:474)
	at java.base/java.util.stream.ReduceOps$ReduceOp.evaluateSequential(ReduceOps.java:913)
	at java.base/java.util.stream.AbstractPipeline.evaluate(AbstractPipeline.java:234)
	at java.base/java.util.stream.ReferencePipeline.collect(ReferencePipeline.java:578)
	at de.uka.ilkd.key.nparser.builder.AbstractBuilder.mapOf(AbstractBuilder.java:112)
	at de.uka.ilkd.key.nparser.builder.IncludeFinder.visitOne_include_statement(IncludeFinder.java:35)
	at de.uka.ilkd.key.nparser.builder.IncludeFinder.visitOne_include_statement(IncludeFinder.java:20)
	at de.uka.ilkd.key.nparser.KeYParser$One_include_statementContext.accept(KeYParser.java:802)
	at org.antlr.v4.runtime.tree.AbstractParseTreeVisitor.visitChildren(AbstractParseTreeVisitor.java:46)
	at de.uka.ilkd.key.nparser.KeYParserBaseVisitor.visitDecls(KeYParserBaseVisitor.java:30)
	at de.uka.ilkd.key.nparser.KeYParser$DeclsContext.accept(KeYParser.java:500)
	at org.antlr.v4.runtime.tree.AbstractParseTreeVisitor.visitChildren(AbstractParseTreeVisitor.java:46)
	at de.uka.ilkd.key.nparser.KeYParserBaseVisitor.visitFile(KeYParserBaseVisitor.java:23)
	at de.uka.ilkd.key.nparser.KeYParser$FileContext.accept(KeYParser.java:306)
	at de.uka.ilkd.key.nparser.KeyAst.accept(KeyAst.java:41)
	at de.uka.ilkd.key.nparser.KeyAst$File.getIncludes(KeyAst.java:76)
	at de.uka.ilkd.key.proof.io.KeYFile.readIncludes(KeYFile.java:208)
	... 14 more
Could not find rule file rules/intRulesCheckedSemantics.key (file: /home/runner/work/key/key/key.core/../key.ui/examples/index/../InformationFlow/LoopInvariants/loop.IFLoopExamples(loop.IFLoopExamples__insecure_twoWhile_2(int)).Non-interference contract.0.m.key; caused by: de.uka.ilkd.key.proof.init.ProofInputException: Could not find rule file rules/intRulesCheckedSemantics.key)
	at de.uka.ilkd.key.control.AbstractUserInterfaceControl.load(AbstractUserInterfaceControl.java:221)
	at de.uka.ilkd.key.control.KeYEnvironment.load(KeYEnvironment.java:251)
	at de.uka.ilkd.key.control.KeYEnvironment.load(KeYEnvironment.java:224)
	at de.uka.ilkd.key.control.KeYEnvironment.load(KeYEnvironment.java:184)
	at de.uka.ilkd.key.control.KeYEnvironment.load(KeYEnvironment.java:261)
	at de.uka.ilkd.key.proof.runallproofs.proofcollection.TestFile.load(TestFile.java:270)
	at de.uka.ilkd.key.proof.runallproofs.proofcollection.TestFile.runKey(TestFile.java:160)
	at de.uka.ilkd.key.proof.runallproofs.proofcollection.ForkedTestFileRunner.main(ForkedTestFileRunner.java:171)
Caused by: de.uka.ilkd.key.proof.init.ProofInputException: Could not find rule file rules/intRulesCheckedSemantics.key
	at de.uka.ilkd.key.proof.io.KeYFile.readIncludes(KeYFile.java:210)
	at de.uka.ilkd.key.proof.init.ProblemInitializer.readIncludes(ProblemInitializer.java:177)
	at de.uka.ilkd.key.proof.init.ProblemInitializer.readEnvInput(ProblemInitializer.java:325)
	at de.uka.ilkd.key.proof.init.ProblemInitializer.prepare(ProblemInitializer.java:449)
	at de.uka.ilkd.key.proof.io.AbstractProblemLoader.createInitConfig(AbstractProblemLoader.java:518)
	at de.uka.ilkd.key.proof.io.AbstractProblemLoader.loadEnvironment(AbstractProblemLoader.java:288)
	at de.uka.ilkd.key.proof.io.AbstractProblemLoader.load(AbstractProblemLoader.java:252)
	at de.uka.ilkd.key.control.AbstractUserInterfaceControl.load(AbstractUserInterfaceControl.java:209)
	... 7 more
Caused by: java.lang.RuntimeException: Could not find rule file rules/intRulesCheckedSemantics.key
	at de.uka.ilkd.key.proof.io.RuleSourceFactory.fromBuiltInRule(RuleSourceFactory.java:32)
	at de.uka.ilkd.key.proof.io.RuleSourceFactory.fromDefaultLocation(RuleSourceFactory.java:21)
	at de.uka.ilkd.key.nparser.builder.IncludeFinder.addInclude(IncludeFinder.java:63)
	at de.uka.ilkd.key.nparser.builder.IncludeFinder.visitOne_include(IncludeFinder.java:43)
	at de.uka.ilkd.key.nparser.builder.IncludeFinder.visitOne_include(IncludeFinder.java:20)
	at de.uka.ilkd.key.nparser.KeYParser$One_includeContext.accept(KeYParser.java:878)
	at de.uka.ilkd.key.nparser.builder.AbstractBuilder.lambda$mapOf$0(AbstractBuilder.java:112)
	at java.base/java.util.stream.ReferencePipeline$3$1.accept(ReferencePipeline.java:195)
	at java.base/java.util.ArrayList$ArrayListSpliterator.forEachRemaining(ArrayList.java:1655)
	at java.base/java.util.stream.AbstractPipeline.copyInto(AbstractPipeline.java:484)
	at java.base/java.util.stream.AbstractPipeline.wrapAndCopyInto(AbstractPipeline.java:474)
	at java.base/java.util.stream.ReduceOps$ReduceOp.evaluateSequential(ReduceOps.java:913)
	at java.base/java.util.stream.AbstractPipeline.evaluate(AbstractPipeline.java:234)
	at java.base/java.util.stream.ReferencePipeline.collect(ReferencePipeline.java:578)
	at de.uka.ilkd.key.nparser.builder.AbstractBuilder.mapOf(AbstractBuilder.java:112)
	at de.uka.ilkd.key.nparser.builder.IncludeFinder.visitOne_include_statement(IncludeFinder.java:35)
	at de.uka.ilkd.key.nparser.builder.IncludeFinder.visitOne_include_statement(IncludeFinder.java:20)
	at de.uka.ilkd.key.nparser.KeYParser$One_include_statementContext.accept(KeYParser.java:802)
	at org.antlr.v4.runtime.tree.AbstractParseTreeVisitor.visitChildren(AbstractParseTreeVisitor.java:46)
	at de.uka.ilkd.key.nparser.KeYParserBaseVisitor.visitDecls(KeYParserBaseVisitor.java:30)
	at de.uka.ilkd.key.nparser.KeYParser$DeclsContext.accept(KeYParser.java:500)
	at org.antlr.v4.runtime.tree.AbstractParseTreeVisitor.visitChildren(AbstractParseTreeVisitor.java:46)
	at de.uka.ilkd.key.nparser.KeYParserBaseVisitor.visitFile(KeYParserBaseVisitor.java:23)
	at de.uka.ilkd.key.nparser.KeYParser$FileContext.accept(KeYParser.java:306)
	at de.uka.ilkd.key.nparser.KeyAst.accept(KeyAst.java:41)
	at de.uka.ilkd.key.nparser.KeyAst$File.getIncludes(KeyAst.java:76)
	at de.uka.ilkd.key.proof.io.KeYFile.readIncludes(KeYFile.java:208)
	... 14 more
Could not find rule file rules/intRulesCheckedSemantics.key (file: /home/runner/work/key/key/key.core/../key.ui/examples/index/../InformationFlow/LoopInvariants/loop.IFLoopExamples(loop.IFLoopExamples__secure_twoWhile(int)).Non-interference contract.0.m.key; caused by: de.uka.ilkd.key.proof.init.ProofInputException: Could not find rule file rules/intRulesCheckedSemantics.key)
	at de.uka.ilkd.key.control.AbstractUserInterfaceControl.load(AbstractUserInterfaceControl.java:221)
	at de.uka.ilkd.key.control.KeYEnvironment.load(KeYEnvironment.java:251)
	at de.uka.ilkd.key.control.KeYEnvironment.load(KeYEnvironment.java:224)
	at de.uka.ilkd.key.control.KeYEnvironment.load(KeYEnvironment.java:184)
	at de.uka.ilkd.key.control.KeYEnvironment.load(KeYEnvironment.java:261)
	at de.uka.ilkd.key.proof.runallproofs.proofcollection.TestFile.load(TestFile.java:270)
	at de.uka.ilkd.key.proof.runallproofs.proofcollection.TestFile.runKey(TestFile.java:160)
	at de.uka.ilkd.key.proof.runallproofs.proofcollection.ForkedTestFileRunner.main(ForkedTestFileRunner.java:171)
Caused by: de.uka.ilkd.key.proof.init.ProofInputException: Could not find rule file rules/intRulesCheckedSemantics.key
	at de.uka.ilkd.key.proof.io.KeYFile.readIncludes(KeYFile.java:210)
	at de.uka.ilkd.key.proof.init.ProblemInitializer.readIncludes(ProblemInitializer.java:177)
	at de.uka.ilkd.key.proof.init.ProblemInitializer.readEnvInput(ProblemInitializer.java:325)
	at de.uka.ilkd.key.proof.init.ProblemInitializer.prepare(ProblemInitializer.java:449)
	at de.uka.ilkd.key.proof.io.AbstractProblemLoader.createInitConfig(AbstractProblemLoader.java:518)
	at de.uka.ilkd.key.proof.io.AbstractProblemLoader.loadEnvironment(AbstractProblemLoader.java:288)
	at de.uka.ilkd.key.proof.io.AbstractProblemLoader.load(AbstractProblemLoader.java:252)
	at de.uka.ilkd.key.control.AbstractUserInterfaceControl.load(AbstractUserInterfaceControl.java:209)
	... 7 more
Caused by: java.lang.RuntimeException: Could not find rule file rules/intRulesCheckedSemantics.key
	at de.uka.ilkd.key.proof.io.RuleSourceFactory.fromBuiltInRule(RuleSourceFactory.java:32)
	at de.uka.ilkd.key.proof.io.RuleSourceFactory.fromDefaultLocation(RuleSourceFactory.java:21)
	at de.uka.ilkd.key.nparser.builder.IncludeFinder.addInclude(IncludeFinder.java:63)
	at de.uka.ilkd.key.nparser.builder.IncludeFinder.visitOne_include(IncludeFinder.java:43)
	at de.uka.ilkd.key.nparser.builder.IncludeFinder.visitOne_include(IncludeFinder.java:20)
	at de.uka.ilkd.key.nparser.KeYParser$One_includeContext.accept(KeYParser.java:878)
	at de.uka.ilkd.key.nparser.builder.AbstractBuilder.lambda$mapOf$0(AbstractBuilder.java:112)
	at java.base/java.util.stream.ReferencePipeline$3$1.accept(ReferencePipeline.java:195)
	at java.base/java.util.ArrayList$ArrayListSpliterator.forEachRemaining(ArrayList.java:1655)
	at java.base/java.util.stream.AbstractPipeline.copyInto(AbstractPipeline.java:484)
	at java.base/java.util.stream.AbstractPipeline.wrapAndCopyInto(AbstractPipeline.java:474)
	at java.base/java.util.stream.ReduceOps$ReduceOp.evaluateSequential(ReduceOps.java:913)
	at java.base/java.util.stream.AbstractPipeline.evaluate(AbstractPipeline.java:234)
	at java.base/java.util.stream.ReferencePipeline.collect(ReferencePipeline.java:578)
	at de.uka.ilkd.key.nparser.builder.AbstractBuilder.mapOf(AbstractBuilder.java:112)
	at de.uka.ilkd.key.nparser.builder.IncludeFinder.visitOne_include_statement(IncludeFinder.java:35)
	at de.uka.ilkd.key.nparser.builder.IncludeFinder.visitOne_include_statement(IncludeFinder.java:20)
	at de.uka.ilkd.key.nparser.KeYParser$One_include_statementContext.accept(KeYParser.java:802)
	at org.antlr.v4.runtime.tree.AbstractParseTreeVisitor.visitChildren(AbstractParseTreeVisitor.java:46)
	at de.uka.ilkd.key.nparser.KeYParserBaseVisitor.visitDecls(KeYParserBaseVisitor.java:30)
	at de.uka.ilkd.key.nparser.KeYParser$DeclsContext.accept(KeYParser.java:500)
	at org.antlr.v4.runtime.tree.AbstractParseTreeVisitor.visitChildren(AbstractParseTreeVisitor.java:46)
	at de.uka.ilkd.key.nparser.KeYParserBaseVisitor.visitFile(KeYParserBaseVisitor.java:23)
	at de.uka.ilkd.key.nparser.KeYParser$FileContext.accept(KeYParser.java:306)
	at de.uka.ilkd.key.nparser.KeyAst.accept(KeyAst.java:41)
	at de.uka.ilkd.key.nparser.KeyAst$File.getIncludes(KeyAst.java:76)
	at de.uka.ilkd.key.proof.io.KeYFile.readIncludes(KeYFile.java:208)
	... 14 more
Could not find rule file rules/intRulesCheckedSemantics.key (file: /home/runner/work/key/key/key.core/../key.ui/examples/index/../InformationFlow/LoopInvariants/loop.IFLoopExamples(loop.IFLoopExamples__loc_secure_while(int)).Non-interference contract.0.m.key; caused by: de.uka.ilkd.key.proof.init.ProofInputException: Could not find rule file rules/intRulesCheckedSemantics.key)
	at de.uka.ilkd.key.control.AbstractUserInterfaceControl.load(AbstractUserInterfaceControl.java:221)
	at de.uka.ilkd.key.control.KeYEnvironment.load(KeYEnvironment.java:251)
	at de.uka.ilkd.key.control.KeYEnvironment.load(KeYEnvironment.java:224)
	at de.uka.ilkd.key.control.KeYEnvironment.load(KeYEnvironment.java:184)
	at de.uka.ilkd.key.control.KeYEnvironment.load(KeYEnvironment.java:261)
	at de.uka.ilkd.key.proof.runallproofs.proofcollection.TestFile.load(TestFile.java:270)
	at de.uka.ilkd.key.proof.runallproofs.proofcollection.TestFile.runKey(TestFile.java:160)
	at de.uka.ilkd.key.proof.runallproofs.proofcollection.ForkedTestFileRunner.main(ForkedTestFileRunner.java:171)
Caused by: de.uka.ilkd.key.proof.init.ProofInputException: Could not find rule file rules/intRulesCheckedSemantics.key
	at de.uka.ilkd.key.proof.io.KeYFile.readIncludes(KeYFile.java:210)
	at de.uka.ilkd.key.proof.init.ProblemInitializer.readIncludes(ProblemInitializer.java:177)
	at de.uka.ilkd.key.proof.init.ProblemInitializer.readEnvInput(ProblemInitializer.java:325)
	at de.uka.ilkd.key.proof.init.ProblemInitializer.prepare(ProblemInitializer.java:449)
	at de.uka.ilkd.key.proof.io.AbstractProblemLoader.createInitConfig(AbstractProblemLoader.java:518)
	at de.uka.ilkd.key.proof.io.AbstractProblemLoader.loadEnvironment(AbstractProblemLoader.java:288)
	at de.uka.ilkd.key.proof.io.AbstractProblemLoader.load(AbstractProblemLoader.java:252)
	at de.uka.ilkd.key.control.AbstractUserInterfaceControl.load(AbstractUserInterfaceControl.java:209)
	... 7 more
Caused by: java.lang.RuntimeException: Could not find rule file rules/intRulesCheckedSemantics.key
	at de.uka.ilkd.key.proof.io.RuleSourceFactory.fromBuiltInRule(RuleSourceFactory.java:32)
	at de.uka.ilkd.key.proof.io.RuleSourceFactory.fromDefaultLocation(RuleSourceFactory.java:21)
	at de.uka.ilkd.key.nparser.builder.IncludeFinder.addInclude(IncludeFinder.java:63)
	at de.uka.ilkd.key.nparser.builder.IncludeFinder.visitOne_include(IncludeFinder.java:43)
	at de.uka.ilkd.key.nparser.builder.IncludeFinder.visitOne_include(IncludeFinder.java:20)
	at de.uka.ilkd.key.nparser.KeYParser$One_includeContext.accept(KeYParser.java:878)
	at de.uka.ilkd.key.nparser.builder.AbstractBuilder.lambda$mapOf$0(AbstractBuilder.java:112)
	at java.base/java.util.stream.ReferencePipeline$3$1.accept(ReferencePipeline.java:195)
	at java.base/java.util.ArrayList$ArrayListSpliterator.forEachRemaining(ArrayList.java:1655)
	at java.base/java.util.stream.AbstractPipeline.copyInto(AbstractPipeline.java:484)
	at java.base/java.util.stream.AbstractPipeline.wrapAndCopyInto(AbstractPipeline.java:474)
	at java.base/java.util.stream.ReduceOps$ReduceOp.evaluateSequential(ReduceOps.java:913)
	at java.base/java.util.stream.AbstractPipeline.evaluate(AbstractPipeline.java:234)
	at java.base/java.util.stream.ReferencePipeline.collect(ReferencePipeline.java:578)
	at de.uka.ilkd.key.nparser.builder.AbstractBuilder.mapOf(AbstractBuilder.java:112)
	at de.uka.ilkd.key.nparser.builder.IncludeFinder.visitOne_include_statement(IncludeFinder.java:35)
	at de.uka.ilkd.key.nparser.builder.IncludeFinder.visitOne_include_statement(IncludeFinder.java:20)
	at de.uka.ilkd.key.nparser.KeYParser$One_include_statementContext.accept(KeYParser.java:802)
	at org.antlr.v4.runtime.tree.AbstractParseTreeVisitor.visitChildren(AbstractParseTreeVisitor.java:46)
	at de.uka.ilkd.key.nparser.KeYParserBaseVisitor.visitDecls(KeYParserBaseVisitor.java:30)
	at de.uka.ilkd.key.nparser.KeYParser$DeclsContext.accept(KeYParser.java:500)
	at org.antlr.v4.runtime.tree.AbstractParseTreeVisitor.visitChildren(AbstractParseTreeVisitor.java:46)
	at de.uka.ilkd.key.nparser.KeYParserBaseVisitor.visitFile(KeYParserBaseVisitor.java:23)
	at de.uka.ilkd.key.nparser.KeYParser$FileContext.accept(KeYParser.java:306)
	at de.uka.ilkd.key.nparser.KeyAst.accept(KeyAst.java:41)
	at de.uka.ilkd.key.nparser.KeyAst$File.getIncludes(KeyAst.java:76)
	at de.uka.ilkd.key.proof.io.KeYFile.readIncludes(KeYFile.java:208)
	... 14 more
Could not find rule file rules/intRulesCheckedSemantics.key (file: /home/runner/work/key/key/key.core/../key.ui/examples/index/../InformationFlow/LoopInvariants/loop.IFLoopExamples(loop.IFLoopExamples__secure_while(int)).Non-interference contract.0.m.key; caused by: de.uka.ilkd.key.proof.init.ProofInputException: Could not find rule file rules/intRulesCheckedSemantics.key)
	at de.uka.ilkd.key.control.AbstractUserInterfaceControl.load(AbstractUserInterfaceControl.java:221)
	at de.uka.ilkd.key.control.KeYEnvironment.load(KeYEnvironment.java:251)
	at de.uka.ilkd.key.control.KeYEnvironment.load(KeYEnvironment.java:224)
	at de.uka.ilkd.key.control.KeYEnvironment.load(KeYEnvironment.java:184)
	at de.uka.ilkd.key.control.KeYEnvironment.load(KeYEnvironment.java:261)
	at de.uka.ilkd.key.proof.runallproofs.proofcollection.TestFile.load(TestFile.java:270)
	at de.uka.ilkd.key.proof.runallproofs.proofcollection.TestFile.runKey(TestFile.java:160)
	at de.uka.ilkd.key.proof.runallproofs.proofcollection.ForkedTestFileRunner.main(ForkedTestFileRunner.java:171)
Caused by: de.uka.ilkd.key.proof.init.ProofInputException: Could not find rule file rules/intRulesCheckedSemantics.key
	at de.uka.ilkd.key.proof.io.KeYFile.readIncludes(KeYFile.java:210)
	at de.uka.ilkd.key.proof.init.ProblemInitializer.readIncludes(ProblemInitializer.java:177)
	at de.uka.ilkd.key.proof.init.ProblemInitializer.readEnvInput(ProblemInitializer.java:325)
	at de.uka.ilkd.key.proof.init.ProblemInitializer.prepare(ProblemInitializer.java:449)
	at de.uka.ilkd.key.proof.io.AbstractProblemLoader.createInitConfig(AbstractProblemLoader.java:518)
	at de.uka.ilkd.key.proof.io.AbstractProblemLoader.loadEnvironment(AbstractProblemLoader.java:288)
	at de.uka.ilkd.key.proof.io.AbstractProblemLoader.load(AbstractProblemLoader.java:252)
	at de.uka.ilkd.key.control.AbstractUserInterfaceControl.load(AbstractUserInterfaceControl.java:209)
	... 7 more
Caused by: java.lang.RuntimeException: Could not find rule file rules/intRulesCheckedSemantics.key
	at de.uka.ilkd.key.proof.io.RuleSourceFactory.fromBuiltInRule(RuleSourceFactory.java:32)
	at de.uka.ilkd.key.proof.io.RuleSourceFactory.fromDefaultLocation(RuleSourceFactory.java:21)
	at de.uka.ilkd.key.nparser.builder.IncludeFinder.addInclude(IncludeFinder.java:63)
	at de.uka.ilkd.key.nparser.builder.IncludeFinder.visitOne_include(IncludeFinder.java:43)
	at de.uka.ilkd.key.nparser.builder.IncludeFinder.visitOne_include(IncludeFinder.java:20)
	at de.uka.ilkd.key.nparser.KeYParser$One_includeContext.accept(KeYParser.java:878)
	at de.uka.ilkd.key.nparser.builder.AbstractBuilder.lambda$mapOf$0(AbstractBuilder.java:112)
	at java.base/java.util.stream.ReferencePipeline$3$1.accept(ReferencePipeline.java:195)
	at java.base/java.util.ArrayList$ArrayListSpliterator.forEachRemaining(ArrayList.java:1655)
	at java.base/java.util.stream.AbstractPipeline.copyInto(AbstractPipeline.java:484)
	at java.base/java.util.stream.AbstractPipeline.wrapAndCopyInto(AbstractPipeline.java:474)
	at java.base/java.util.stream.ReduceOps$ReduceOp.evaluateSequential(ReduceOps.java:913)
	at java.base/java.util.stream.AbstractPipeline.evaluate(AbstractPipeline.java:234)
	at java.base/java.util.stream.ReferencePipeline.collect(ReferencePipeline.java:578)
	at de.uka.ilkd.key.nparser.builder.AbstractBuilder.mapOf(AbstractBuilder.java:112)
	at de.uka.ilkd.key.nparser.builder.IncludeFinder.visitOne_include_statement(IncludeFinder.java:35)
	at de.uka.ilkd.key.nparser.builder.IncludeFinder.visitOne_include_statement(IncludeFinder.java:20)
	at de.uka.ilkd.key.nparser.KeYParser$One_include_statementContext.accept(KeYParser.java:802)
	at org.antlr.v4.runtime.tree.AbstractParseTreeVisitor.visitChildren(AbstractParseTreeVisitor.java:46)
	at de.uka.ilkd.key.nparser.KeYParserBaseVisitor.visitDecls(KeYParserBaseVisitor.java:30)
	at de.uka.ilkd.key.nparser.KeYParser$DeclsContext.accept(KeYParser.java:500)
	at org.antlr.v4.runtime.tree.AbstractParseTreeVisitor.visitChildren(AbstractParseTreeVisitor.java:46)
	at de.uka.ilkd.key.nparser.KeYParserBaseVisitor.visitFile(KeYParserBaseVisitor.java:23)
	at de.uka.ilkd.key.nparser.KeYParser$FileContext.accept(KeYParser.java:306)
	at de.uka.ilkd.key.nparser.KeyAst.accept(KeyAst.java:41)
	at de.uka.ilkd.key.nparser.KeyAst$File.getIncludes(KeyAst.java:76)
	at de.uka.ilkd.key.proof.io.KeYFile.readIncludes(KeYFile.java:208)
	... 14 more
Could not find rule file rules/intRulesCheckedSemantics.key (file: /home/runner/work/key/key/key.core/../key.ui/examples/index/../InformationFlow/LoopInvariants/loop.IFLoopExamples(loop.IFLoopExamples__print(int)).Non-interference contract.0.m.key; caused by: de.uka.ilkd.key.proof.init.ProofInputException: Could not find rule file rules/intRulesCheckedSemantics.key)
	at de.uka.ilkd.key.control.AbstractUserInterfaceControl.load(AbstractUserInterfaceControl.java:221)
	at de.uka.ilkd.key.control.KeYEnvironment.load(KeYEnvironment.java:251)
	at de.uka.ilkd.key.control.KeYEnvironment.load(KeYEnvironment.java:224)
	at de.uka.ilkd.key.control.KeYEnvironment.load(KeYEnvironment.java:184)
	at de.uka.ilkd.key.control.KeYEnvironment.load(KeYEnvironment.java:261)
	at de.uka.ilkd.key.proof.runallproofs.proofcollection.TestFile.load(TestFile.java:270)
	at de.uka.ilkd.key.proof.runallproofs.proofcollection.TestFile.runKey(TestFile.java:160)
	at de.uka.ilkd.key.proof.runallproofs.proofcollection.ForkedTestFileRunner.main(ForkedTestFileRunner.java:171)
Caused by: de.uka.ilkd.key.proof.init.ProofInputException: Could not find rule file rules/intRulesCheckedSemantics.key
	at de.uka.ilkd.key.proof.io.KeYFile.readIncludes(KeYFile.java:210)
	at de.uka.ilkd.key.proof.init.ProblemInitializer.readIncludes(ProblemInitializer.java:177)
	at de.uka.ilkd.key.proof.init.ProblemInitializer.readEnvInput(ProblemInitializer.java:325)
	at de.uka.ilkd.key.proof.init.ProblemInitializer.prepare(ProblemInitializer.java:449)
	at de.uka.ilkd.key.proof.io.AbstractProblemLoader.createInitConfig(AbstractProblemLoader.java:518)
	at de.uka.ilkd.key.proof.io.AbstractProblemLoader.loadEnvironment(AbstractProblemLoader.java:288)
	at de.uka.ilkd.key.proof.io.AbstractProblemLoader.load(AbstractProblemLoader.java:252)
	at de.uka.ilkd.key.control.AbstractUserInterfaceControl.load(AbstractUserInterfaceControl.java:209)
	... 7 more
Caused by: java.lang.RuntimeException: Could not find rule file rules/intRulesCheckedSemantics.key
	at de.uka.ilkd.key.proof.io.RuleSourceFactory.fromBuiltInRule(RuleSourceFactory.java:32)
	at de.uka.ilkd.key.proof.io.RuleSourceFactory.fromDefaultLocation(RuleSourceFactory.java:21)
	at de.uka.ilkd.key.nparser.builder.IncludeFinder.addInclude(IncludeFinder.java:63)
	at de.uka.ilkd.key.nparser.builder.IncludeFinder.visitOne_include(IncludeFinder.java:43)
	at de.uka.ilkd.key.nparser.builder.IncludeFinder.visitOne_include(IncludeFinder.java:20)
	at de.uka.ilkd.key.nparser.KeYParser$One_includeContext.accept(KeYParser.java:878)
	at de.uka.ilkd.key.nparser.builder.AbstractBuilder.lambda$mapOf$0(AbstractBuilder.java:112)
	at java.base/java.util.stream.ReferencePipeline$3$1.accept(ReferencePipeline.java:195)
	at java.base/java.util.ArrayList$ArrayListSpliterator.forEachRemaining(ArrayList.java:1655)
	at java.base/java.util.stream.AbstractPipeline.copyInto(AbstractPipeline.java:484)
	at java.base/java.util.stream.AbstractPipeline.wrapAndCopyInto(AbstractPipeline.java:474)
	at java.base/java.util.stream.ReduceOps$ReduceOp.evaluateSequential(ReduceOps.java:913)
	at java.base/java.util.stream.AbstractPipeline.evaluate(AbstractPipeline.java:234)
	at java.base/java.util.stream.ReferencePipeline.collect(ReferencePipeline.java:578)
	at de.uka.ilkd.key.nparser.builder.AbstractBuilder.mapOf(AbstractBuilder.java:112)
	at de.uka.ilkd.key.nparser.builder.IncludeFinder.visitOne_include_statement(IncludeFinder.java:35)
	at de.uka.ilkd.key.nparser.builder.IncludeFinder.visitOne_include_statement(IncludeFinder.java:20)
	at de.uka.ilkd.key.nparser.KeYParser$One_include_statementContext.accept(KeYParser.java:802)
	at org.antlr.v4.runtime.tree.AbstractParseTreeVisitor.visitChildren(AbstractParseTreeVisitor.java:46)
	at de.uka.ilkd.key.nparser.KeYParserBaseVisitor.visitDecls(KeYParserBaseVisitor.java:30)
	at de.uka.ilkd.key.nparser.KeYParser$DeclsContext.accept(KeYParser.java:500)
	at org.antlr.v4.runtime.tree.AbstractParseTreeVisitor.visitChildren(AbstractParseTreeVisitor.java:46)
	at de.uka.ilkd.key.nparser.KeYParserBaseVisitor.visitFile(KeYParserBaseVisitor.java:23)
	at de.uka.ilkd.key.nparser.KeYParser$FileContext.accept(KeYParser.java:306)
	at de.uka.ilkd.key.nparser.KeyAst.accept(KeyAst.java:41)
	at de.uka.ilkd.key.nparser.KeyAst$File.getIncludes(KeyAst.java:76)
	at de.uka.ilkd.key.proof.io.KeYFile.readIncludes(KeYFile.java:208)
	... 14 more
Could not find rule file rules/intRulesCheckedSemantics.key (file: /home/runner/work/key/key/key.core/../key.ui/examples/index/../InformationFlow/LoopInvariants/loop.IFLoopExamples(loop.IFLoopExamples__hammer(int)).Non-interference contract.0.m.key; caused by: de.uka.ilkd.key.proof.init.ProofInputException: Could not find rule file rules/intRulesCheckedSemantics.key)
	at de.uka.ilkd.key.control.AbstractUserInterfaceControl.load(AbstractUserInterfaceControl.java:221)
	at de.uka.ilkd.key.control.KeYEnvironment.load(KeYEnvironment.java:251)
	at de.uka.ilkd.key.control.KeYEnvironment.load(KeYEnvironment.java:224)
	at de.uka.ilkd.key.control.KeYEnvironment.load(KeYEnvironment.java:184)
	at de.uka.ilkd.key.control.KeYEnvironment.load(KeYEnvironment.java:261)
	at de.uka.ilkd.key.proof.runallproofs.proofcollection.TestFile.load(TestFile.java:270)
	at de.uka.ilkd.key.proof.runallproofs.proofcollection.TestFile.runKey(TestFile.java:160)
	at de.uka.ilkd.key.proof.runallproofs.proofcollection.ForkedTestFileRunner.main(ForkedTestFileRunner.java:171)
Caused by: de.uka.ilkd.key.proof.init.ProofInputException: Could not find rule file rules/intRulesCheckedSemantics.key
	at de.uka.ilkd.key.proof.io.KeYFile.readIncludes(KeYFile.java:210)
	at de.uka.ilkd.key.proof.init.ProblemInitializer.readIncludes(ProblemInitializer.java:177)
	at de.uka.ilkd.key.proof.init.ProblemInitializer.readEnvInput(ProblemInitializer.java:325)
	at de.uka.ilkd.key.proof.init.ProblemInitializer.prepare(ProblemInitializer.java:449)
	at de.uka.ilkd.key.proof.io.AbstractProblemLoader.createInitConfig(AbstractProblemLoader.java:518)
	at de.uka.ilkd.key.proof.io.AbstractProblemLoader.loadEnvironment(AbstractProblemLoader.java:288)
	at de.uka.ilkd.key.proof.io.AbstractProblemLoader.load(AbstractProblemLoader.java:252)
	at de.uka.ilkd.key.control.AbstractUserInterfaceControl.load(AbstractUserInterfaceControl.java:209)
	... 7 more
Caused by: java.lang.RuntimeException: Could not find rule file rules/intRulesCheckedSemantics.key
	at de.uka.ilkd.key.proof.io.RuleSourceFactory.fromBuiltInRule(RuleSourceFactory.java:32)
	at de.uka.ilkd.key.proof.io.RuleSourceFactory.fromDefaultLocation(RuleSourceFactory.java:21)
	at de.uka.ilkd.key.nparser.builder.IncludeFinder.addInclude(IncludeFinder.java:63)
	at de.uka.ilkd.key.nparser.builder.IncludeFinder.visitOne_include(IncludeFinder.java:43)
	at de.uka.ilkd.key.nparser.builder.IncludeFinder.visitOne_include(IncludeFinder.java:20)
	at de.uka.ilkd.key.nparser.KeYParser$One_includeContext.accept(KeYParser.java:878)
	at de.uka.ilkd.key.nparser.builder.AbstractBuilder.lambda$mapOf$0(AbstractBuilder.java:112)
	at java.base/java.util.stream.ReferencePipeline$3$1.accept(ReferencePipeline.java:195)
	at java.base/java.util.ArrayList$ArrayListSpliterator.forEachRemaining(ArrayList.java:1655)
	at java.base/java.util.stream.AbstractPipeline.copyInto(AbstractPipeline.java:484)
	at java.base/java.util.stream.AbstractPipeline.wrapAndCopyInto(AbstractPipeline.java:474)
	at java.base/java.util.stream.ReduceOps$ReduceOp.evaluateSequential(ReduceOps.java:913)
	at java.base/java.util.stream.AbstractPipeline.evaluate(AbstractPipeline.java:234)
	at java.base/java.util.stream.ReferencePipeline.collect(ReferencePipeline.java:578)
	at de.uka.ilkd.key.nparser.builder.AbstractBuilder.mapOf(AbstractBuilder.java:112)
	at de.uka.ilkd.key.nparser.builder.IncludeFinder.visitOne_include_statement(IncludeFinder.java:35)
	at de.uka.ilkd.key.nparser.builder.IncludeFinder.visitOne_include_statement(IncludeFinder.java:20)
	at de.uka.ilkd.key.nparser.KeYParser$One_include_statementContext.accept(KeYParser.java:802)
	at org.antlr.v4.runtime.tree.AbstractParseTreeVisitor.visitChildren(AbstractParseTreeVisitor.java:46)
	at de.uka.ilkd.key.nparser.KeYParserBaseVisitor.visitDecls(KeYParserBaseVisitor.java:30)
	at de.uka.ilkd.key.nparser.KeYParser$DeclsContext.accept(KeYParser.java:500)
	at org.antlr.v4.runtime.tree.AbstractParseTreeVisitor.visitChildren(AbstractParseTreeVisitor.java:46)
	at de.uka.ilkd.key.nparser.KeYParserBaseVisitor.visitFile(KeYParserBaseVisitor.java:23)
	at de.uka.ilkd.key.nparser.KeYParser$FileContext.accept(KeYParser.java:306)
	at de.uka.ilkd.key.nparser.KeyAst.accept(KeyAst.java:41)
	at de.uka.ilkd.key.nparser.KeyAst$File.getIncludes(KeyAst.java:76)
	at de.uka.ilkd.key.proof.io.KeYFile.readIncludes(KeYFile.java:208)
	... 14 more
Exception in thread "main" org.opentest4j.AssertionFailedError: Exception during the execution of proofs. See log for more details.
	at org.junit.jupiter.api.AssertionUtils.fail(AssertionUtils.java:39)
	at org.junit.jupiter.api.Assertions.fail(Assertions.java:134)
	at de.uka.ilkd.key.proof.runallproofs.proofcollection.ForkedTestFileRunner.main(ForkedTestFileRunner.java:192)
Timeout watcher launched (1000 secs.)
Could not find rule file rules/intRulesCheckedSemantics.key (file: /home/runner/work/key/key/key.core/../key.ui/examples/index/../InformationFlow/MiniExamples/mini.AliasingExamples(mini.AliasingExamples__insecure_1(mini.AliasingExamples,mini.AliasingExamples,int)).Non-interference contract.0.m.key; caused by: de.uka.ilkd.key.proof.init.ProofInputException: Could not find rule file rules/intRulesCheckedSemantics.key)
	at de.uka.ilkd.key.control.AbstractUserInterfaceControl.load(AbstractUserInterfaceControl.java:221)
	at de.uka.ilkd.key.control.KeYEnvironment.load(KeYEnvironment.java:251)
	at de.uka.ilkd.key.control.KeYEnvironment.load(KeYEnvironment.java:224)
	at de.uka.ilkd.key.control.KeYEnvironment.load(KeYEnvironment.java:184)
	at de.uka.ilkd.key.control.KeYEnvironment.load(KeYEnvironment.java:261)
	at de.uka.ilkd.key.proof.runallproofs.proofcollection.TestFile.load(TestFile.java:270)
	at de.uka.ilkd.key.proof.runallproofs.proofcollection.TestFile.runKey(TestFile.java:160)
	at de.uka.ilkd.key.proof.runallproofs.proofcollection.ForkedTestFileRunner.main(ForkedTestFileRunner.java:171)
Caused by: de.uka.ilkd.key.proof.init.ProofInputException: Could not find rule file rules/intRulesCheckedSemantics.key
	at de.uka.ilkd.key.proof.io.KeYFile.readIncludes(KeYFile.java:210)
	at de.uka.ilkd.key.proof.init.ProblemInitializer.readIncludes(ProblemInitializer.java:177)
	at de.uka.ilkd.key.proof.init.ProblemInitializer.readEnvInput(ProblemInitializer.java:325)
	at de.uka.ilkd.key.proof.init.ProblemInitializer.prepare(ProblemInitializer.java:449)
	at de.uka.ilkd.key.proof.io.AbstractProblemLoader.createInitConfig(AbstractProblemLoader.java:518)
	at de.uka.ilkd.key.proof.io.AbstractProblemLoader.loadEnvironment(AbstractProblemLoader.java:288)
	at de.uka.ilkd.key.proof.io.AbstractProblemLoader.load(AbstractProblemLoader.java:252)
	at de.uka.ilkd.key.control.AbstractUserInterfaceControl.load(AbstractUserInterfaceControl.java:209)
	... 7 more
Caused by: java.lang.RuntimeException: Could not find rule file rules/intRulesCheckedSemantics.key
	at de.uka.ilkd.key.proof.io.RuleSourceFactory.fromBuiltInRule(RuleSourceFactory.java:32)
	at de.uka.ilkd.key.proof.io.RuleSourceFactory.fromDefaultLocation(RuleSourceFactory.java:21)
	at de.uka.ilkd.key.nparser.builder.IncludeFinder.addInclude(IncludeFinder.java:63)
	at de.uka.ilkd.key.nparser.builder.IncludeFinder.visitOne_include(IncludeFinder.java:43)
	at de.uka.ilkd.key.nparser.builder.IncludeFinder.visitOne_include(IncludeFinder.java:20)
	at de.uka.ilkd.key.nparser.KeYParser$One_includeContext.accept(KeYParser.java:878)
	at de.uka.ilkd.key.nparser.builder.AbstractBuilder.lambda$mapOf$0(AbstractBuilder.java:112)
	at java.base/java.util.stream.ReferencePipeline$3$1.accept(ReferencePipeline.java:195)
	at java.base/java.util.ArrayList$ArrayListSpliterator.forEachRemaining(ArrayList.java:1655)
	at java.base/java.util.stream.AbstractPipeline.copyInto(AbstractPipeline.java:484)
	at java.base/java.util.stream.AbstractPipeline.wrapAndCopyInto(AbstractPipeline.java:474)
	at java.base/java.util.stream.ReduceOps$ReduceOp.evaluateSequential(ReduceOps.java:913)
	at java.base/java.util.stream.AbstractPipeline.evaluate(AbstractPipeline.java:234)
	at java.base/java.util.stream.ReferencePipeline.collect(ReferencePipeline.java:578)
	at de.uka.ilkd.key.nparser.builder.AbstractBuilder.mapOf(AbstractBuilder.java:112)
	at de.uka.ilkd.key.nparser.builder.IncludeFinder.visitOne_include_statement(IncludeFinder.java:35)
	at de.uka.ilkd.key.nparser.builder.IncludeFinder.visitOne_include_statement(IncludeFinder.java:20)
	at de.uka.ilkd.key.nparser.KeYParser$One_include_statementContext.accept(KeYParser.java:802)
	at org.antlr.v4.runtime.tree.AbstractParseTreeVisitor.visitChildren(AbstractParseTreeVisitor.java:46)
	at de.uka.ilkd.key.nparser.KeYParserBaseVisitor.visitDecls(KeYParserBaseVisitor.java:30)
	at de.uka.ilkd.key.nparser.KeYParser$DeclsContext.accept(KeYParser.java:500)
	at org.antlr.v4.runtime.tree.AbstractParseTreeVisitor.visitChildren(AbstractParseTreeVisitor.java:46)
	at de.uka.ilkd.key.nparser.KeYParserBaseVisitor.visitFile(KeYParserBaseVisitor.java:23)
	at de.uka.ilkd.key.nparser.KeYParser$FileContext.accept(KeYParser.java:306)
	at de.uka.ilkd.key.nparser.KeyAst.accept(KeyAst.java:41)
	at de.uka.ilkd.key.nparser.KeyAst$File.getIncludes(KeyAst.java:76)
	at de.uka.ilkd.key.proof.io.KeYFile.readIncludes(KeYFile.java:208)
	... 14 more
Could not find rule file rules/intRulesCheckedSemantics.key (file: /home/runner/work/key/key/key.core/../key.ui/examples/index/../InformationFlow/MiniExamples/mini.AliasingExamples(mini.AliasingExamples__secure_1(mini.AliasingExamples,mini.AliasingExamples,int)).Non-interference contract.0.m.key; caused by: de.uka.ilkd.key.proof.init.ProofInputException: Could not find rule file rules/intRulesCheckedSemantics.key)
	at de.uka.ilkd.key.control.AbstractUserInterfaceControl.load(AbstractUserInterfaceControl.java:221)
	at de.uka.ilkd.key.control.KeYEnvironment.load(KeYEnvironment.java:251)
	at de.uka.ilkd.key.control.KeYEnvironment.load(KeYEnvironment.java:224)
	at de.uka.ilkd.key.control.KeYEnvironment.load(KeYEnvironment.java:184)
	at de.uka.ilkd.key.control.KeYEnvironment.load(KeYEnvironment.java:261)
	at de.uka.ilkd.key.proof.runallproofs.proofcollection.TestFile.load(TestFile.java:270)
	at de.uka.ilkd.key.proof.runallproofs.proofcollection.TestFile.runKey(TestFile.java:160)
	at de.uka.ilkd.key.proof.runallproofs.proofcollection.ForkedTestFileRunner.main(ForkedTestFileRunner.java:171)
Caused by: de.uka.ilkd.key.proof.init.ProofInputException: Could not find rule file rules/intRulesCheckedSemantics.key
	at de.uka.ilkd.key.proof.io.KeYFile.readIncludes(KeYFile.java:210)
	at de.uka.ilkd.key.proof.init.ProblemInitializer.readIncludes(ProblemInitializer.java:177)
	at de.uka.ilkd.key.proof.init.ProblemInitializer.readEnvInput(ProblemInitializer.java:325)
	at de.uka.ilkd.key.proof.init.ProblemInitializer.prepare(ProblemInitializer.java:449)
	at de.uka.ilkd.key.proof.io.AbstractProblemLoader.createInitConfig(AbstractProblemLoader.java:518)
	at de.uka.ilkd.key.proof.io.AbstractProblemLoader.loadEnvironment(AbstractProblemLoader.java:288)
	at de.uka.ilkd.key.proof.io.AbstractProblemLoader.load(AbstractProblemLoader.java:252)
	at de.uka.ilkd.key.control.AbstractUserInterfaceControl.load(AbstractUserInterfaceControl.java:209)
	... 7 more
Caused by: java.lang.RuntimeException: Could not find rule file rules/intRulesCheckedSemantics.key
	at de.uka.ilkd.key.proof.io.RuleSourceFactory.fromBuiltInRule(RuleSourceFactory.java:32)
	at de.uka.ilkd.key.proof.io.RuleSourceFactory.fromDefaultLocation(RuleSourceFactory.java:21)
	at de.uka.ilkd.key.nparser.builder.IncludeFinder.addInclude(IncludeFinder.java:63)
	at de.uka.ilkd.key.nparser.builder.IncludeFinder.visitOne_include(IncludeFinder.java:43)
	at de.uka.ilkd.key.nparser.builder.IncludeFinder.visitOne_include(IncludeFinder.java:20)
	at de.uka.ilkd.key.nparser.KeYParser$One_includeContext.accept(KeYParser.java:878)
	at de.uka.ilkd.key.nparser.builder.AbstractBuilder.lambda$mapOf$0(AbstractBuilder.java:112)
	at java.base/java.util.stream.ReferencePipeline$3$1.accept(ReferencePipeline.java:195)
	at java.base/java.util.ArrayList$ArrayListSpliterator.forEachRemaining(ArrayList.java:1655)
	at java.base/java.util.stream.AbstractPipeline.copyInto(AbstractPipeline.java:484)
	at java.base/java.util.stream.AbstractPipeline.wrapAndCopyInto(AbstractPipeline.java:474)
	at java.base/java.util.stream.ReduceOps$ReduceOp.evaluateSequential(ReduceOps.java:913)
	at java.base/java.util.stream.AbstractPipeline.evaluate(AbstractPipeline.java:234)
	at java.base/java.util.stream.ReferencePipeline.collect(ReferencePipeline.java:578)
	at de.uka.ilkd.key.nparser.builder.AbstractBuilder.mapOf(AbstractBuilder.java:112)
	at de.uka.ilkd.key.nparser.builder.IncludeFinder.visitOne_include_statement(IncludeFinder.java:35)
	at de.uka.ilkd.key.nparser.builder.IncludeFinder.visitOne_include_statement(IncludeFinder.java:20)
	at de.uka.ilkd.key.nparser.KeYParser$One_include_statementContext.accept(KeYParser.java:802)
	at org.antlr.v4.runtime.tree.AbstractParseTreeVisitor.visitChildren(AbstractParseTreeVisitor.java:46)
	at de.uka.ilkd.key.nparser.KeYParserBaseVisitor.visitDecls(KeYParserBaseVisitor.java:30)
	at de.uka.ilkd.key.nparser.KeYParser$DeclsContext.accept(KeYParser.java:500)
	at org.antlr.v4.runtime.tree.AbstractParseTreeVisitor.visitChildren(AbstractParseTreeVisitor.java:46)
	at de.uka.ilkd.key.nparser.KeYParserBaseVisitor.visitFile(KeYParserBaseVisitor.java:23)
	at de.uka.ilkd.key.nparser.KeYParser$FileContext.accept(KeYParser.java:306)
	at de.uka.ilkd.key.nparser.KeyAst.accept(KeyAst.java:41)
	at de.uka.ilkd.key.nparser.KeyAst$File.getIncludes(KeyAst.java:76)
	at de.uka.ilkd.key.proof.io.KeYFile.readIncludes(KeYFile.java:208)
	... 14 more
Could not find rule file rules/intRulesCheckedSemantics.key (file: /home/runner/work/key/key/key.core/../key.ui/examples/index/../InformationFlow/MiniExamples/mini.MiniExamplesLecture(mini.MiniExamplesLecture__m_6()).Non-interference contract.0.m.key; caused by: de.uka.ilkd.key.proof.init.ProofInputException: Could not find rule file rules/intRulesCheckedSemantics.key)
	at de.uka.ilkd.key.control.AbstractUserInterfaceControl.load(AbstractUserInterfaceControl.java:221)
	at de.uka.ilkd.key.control.KeYEnvironment.load(KeYEnvironment.java:251)
	at de.uka.ilkd.key.control.KeYEnvironment.load(KeYEnvironment.java:224)
	at de.uka.ilkd.key.control.KeYEnvironment.load(KeYEnvironment.java:184)
	at de.uka.ilkd.key.control.KeYEnvironment.load(KeYEnvironment.java:261)
	at de.uka.ilkd.key.proof.runallproofs.proofcollection.TestFile.load(TestFile.java:270)
	at de.uka.ilkd.key.proof.runallproofs.proofcollection.TestFile.runKey(TestFile.java:160)
	at de.uka.ilkd.key.proof.runallproofs.proofcollection.ForkedTestFileRunner.main(ForkedTestFileRunner.java:171)
Caused by: de.uka.ilkd.key.proof.init.ProofInputException: Could not find rule file rules/intRulesCheckedSemantics.key
	at de.uka.ilkd.key.proof.io.KeYFile.readIncludes(KeYFile.java:210)
	at de.uka.ilkd.key.proof.init.ProblemInitializer.readIncludes(ProblemInitializer.java:177)
	at de.uka.ilkd.key.proof.init.ProblemInitializer.readEnvInput(ProblemInitializer.java:325)
	at de.uka.ilkd.key.proof.init.ProblemInitializer.prepare(ProblemInitializer.java:449)
	at de.uka.ilkd.key.proof.io.AbstractProblemLoader.createInitConfig(AbstractProblemLoader.java:518)
	at de.uka.ilkd.key.proof.io.AbstractProblemLoader.loadEnvironment(AbstractProblemLoader.java:288)
	at de.uka.ilkd.key.proof.io.AbstractProblemLoader.load(AbstractProblemLoader.java:252)
	at de.uka.ilkd.key.control.AbstractUserInterfaceControl.load(AbstractUserInterfaceControl.java:209)
	... 7 more
Caused by: java.lang.RuntimeException: Could not find rule file rules/intRulesCheckedSemantics.key
	at de.uka.ilkd.key.proof.io.RuleSourceFactory.fromBuiltInRule(RuleSourceFactory.java:32)
	at de.uka.ilkd.key.proof.io.RuleSourceFactory.fromDefaultLocation(RuleSourceFactory.java:21)
	at de.uka.ilkd.key.nparser.builder.IncludeFinder.addInclude(IncludeFinder.java:63)
	at de.uka.ilkd.key.nparser.builder.IncludeFinder.visitOne_include(IncludeFinder.java:43)
	at de.uka.ilkd.key.nparser.builder.IncludeFinder.visitOne_include(IncludeFinder.java:20)
	at de.uka.ilkd.key.nparser.KeYParser$One_includeContext.accept(KeYParser.java:878)
	at de.uka.ilkd.key.nparser.builder.AbstractBuilder.lambda$mapOf$0(AbstractBuilder.java:112)
	at java.base/java.util.stream.ReferencePipeline$3$1.accept(ReferencePipeline.java:195)
	at java.base/java.util.ArrayList$ArrayListSpliterator.forEachRemaining(ArrayList.java:1655)
	at java.base/java.util.stream.AbstractPipeline.copyInto(AbstractPipeline.java:484)
	at java.base/java.util.stream.AbstractPipeline.wrapAndCopyInto(AbstractPipeline.java:474)
	at java.base/java.util.stream.ReduceOps$ReduceOp.evaluateSequential(ReduceOps.java:913)
	at java.base/java.util.stream.AbstractPipeline.evaluate(AbstractPipeline.java:234)
	at java.base/java.util.stream.ReferencePipeline.collect(ReferencePipeline.java:578)
	at de.uka.ilkd.key.nparser.builder.AbstractBuilder.mapOf(AbstractBuilder.java:112)
	at de.uka.ilkd.key.nparser.builder.IncludeFinder.visitOne_include_statement(IncludeFinder.java:35)
	at de.uka.ilkd.key.nparser.builder.IncludeFinder.visitOne_include_statement(IncludeFinder.java:20)
	at de.uka.ilkd.key.nparser.KeYParser$One_include_statementContext.accept(KeYParser.java:802)
	at org.antlr.v4.runtime.tree.AbstractParseTreeVisitor.visitChildren(AbstractParseTreeVisitor.java:46)
	at de.uka.ilkd.key.nparser.KeYParserBaseVisitor.visitDecls(KeYParserBaseVisitor.java:30)
	at de.uka.ilkd.key.nparser.KeYParser$DeclsContext.accept(KeYParser.java:500)
	at org.antlr.v4.runtime.tree.AbstractParseTreeVisitor.visitChildren(AbstractParseTreeVisitor.java:46)
	at de.uka.ilkd.key.nparser.KeYParserBaseVisitor.visitFile(KeYParserBaseVisitor.java:23)
	at de.uka.ilkd.key.nparser.KeYParser$FileContext.accept(KeYParser.java:306)
	at de.uka.ilkd.key.nparser.KeyAst.accept(KeyAst.java:41)
	at de.uka.ilkd.key.nparser.KeyAst$File.getIncludes(KeyAst.java:76)
	at de.uka.ilkd.key.proof.io.KeYFile.readIncludes(KeYFile.java:208)
	... 14 more
Could not find rule file rules/intRulesCheckedSemantics.key (file: /home/runner/work/key/key/key.core/../key.ui/examples/index/../InformationFlow/MiniExamples/mini.MiniExamplesLecture(mini.MiniExamplesLecture__m_5()).Non-interference contract.0.m.key; caused by: de.uka.ilkd.key.proof.init.ProofInputException: Could not find rule file rules/intRulesCheckedSemantics.key)
	at de.uka.ilkd.key.control.AbstractUserInterfaceControl.load(AbstractUserInterfaceControl.java:221)
	at de.uka.ilkd.key.control.KeYEnvironment.load(KeYEnvironment.java:251)
	at de.uka.ilkd.key.control.KeYEnvironment.load(KeYEnvironment.java:224)
	at de.uka.ilkd.key.control.KeYEnvironment.load(KeYEnvironment.java:184)
	at de.uka.ilkd.key.control.KeYEnvironment.load(KeYEnvironment.java:261)
	at de.uka.ilkd.key.proof.runallproofs.proofcollection.TestFile.load(TestFile.java:270)
	at de.uka.ilkd.key.proof.runallproofs.proofcollection.TestFile.runKey(TestFile.java:160)
	at de.uka.ilkd.key.proof.runallproofs.proofcollection.ForkedTestFileRunner.main(ForkedTestFileRunner.java:171)
Caused by: de.uka.ilkd.key.proof.init.ProofInputException: Could not find rule file rules/intRulesCheckedSemantics.key
	at de.uka.ilkd.key.proof.io.KeYFile.readIncludes(KeYFile.java:210)
	at de.uka.ilkd.key.proof.init.ProblemInitializer.readIncludes(ProblemInitializer.java:177)
	at de.uka.ilkd.key.proof.init.ProblemInitializer.readEnvInput(ProblemInitializer.java:325)
	at de.uka.ilkd.key.proof.init.ProblemInitializer.prepare(ProblemInitializer.java:449)
	at de.uka.ilkd.key.proof.io.AbstractProblemLoader.createInitConfig(AbstractProblemLoader.java:518)
	at de.uka.ilkd.key.proof.io.AbstractProblemLoader.loadEnvironment(AbstractProblemLoader.java:288)
	at de.uka.ilkd.key.proof.io.AbstractProblemLoader.load(AbstractProblemLoader.java:252)
	at de.uka.ilkd.key.control.AbstractUserInterfaceControl.load(AbstractUserInterfaceControl.java:209)
	... 7 more
Caused by: java.lang.RuntimeException: Could not find rule file rules/intRulesCheckedSemantics.key
	at de.uka.ilkd.key.proof.io.RuleSourceFactory.fromBuiltInRule(RuleSourceFactory.java:32)
	at de.uka.ilkd.key.proof.io.RuleSourceFactory.fromDefaultLocation(RuleSourceFactory.java:21)
	at de.uka.ilkd.key.nparser.builder.IncludeFinder.addInclude(IncludeFinder.java:63)
	at de.uka.ilkd.key.nparser.builder.IncludeFinder.visitOne_include(IncludeFinder.java:43)
	at de.uka.ilkd.key.nparser.builder.IncludeFinder.visitOne_include(IncludeFinder.java:20)
	at de.uka.ilkd.key.nparser.KeYParser$One_includeContext.accept(KeYParser.java:878)
	at de.uka.ilkd.key.nparser.builder.AbstractBuilder.lambda$mapOf$0(AbstractBuilder.java:112)
	at java.base/java.util.stream.ReferencePipeline$3$1.accept(ReferencePipeline.java:195)
	at java.base/java.util.ArrayList$ArrayListSpliterator.forEachRemaining(ArrayList.java:1655)
	at java.base/java.util.stream.AbstractPipeline.copyInto(AbstractPipeline.java:484)
	at java.base/java.util.stream.AbstractPipeline.wrapAndCopyInto(AbstractPipeline.java:474)
	at java.base/java.util.stream.ReduceOps$ReduceOp.evaluateSequential(ReduceOps.java:913)
	at java.base/java.util.stream.AbstractPipeline.evaluate(AbstractPipeline.java:234)
	at java.base/java.util.stream.ReferencePipeline.collect(ReferencePipeline.java:578)
	at de.uka.ilkd.key.nparser.builder.AbstractBuilder.mapOf(AbstractBuilder.java:112)
	at de.uka.ilkd.key.nparser.builder.IncludeFinder.visitOne_include_statement(IncludeFinder.java:35)
	at de.uka.ilkd.key.nparser.builder.IncludeFinder.visitOne_include_statement(IncludeFinder.java:20)
	at de.uka.ilkd.key.nparser.KeYParser$One_include_statementContext.accept(KeYParser.java:802)
	at org.antlr.v4.runtime.tree.AbstractParseTreeVisitor.visitChildren(AbstractParseTreeVisitor.java:46)
	at de.uka.ilkd.key.nparser.KeYParserBaseVisitor.visitDecls(KeYParserBaseVisitor.java:30)
	at de.uka.ilkd.key.nparser.KeYParser$DeclsContext.accept(KeYParser.java:500)
	at org.antlr.v4.runtime.tree.AbstractParseTreeVisitor.visitChildren(AbstractParseTreeVisitor.java:46)
	at de.uka.ilkd.key.nparser.KeYParserBaseVisitor.visitFile(KeYParserBaseVisitor.java:23)
	at de.uka.ilkd.key.nparser.KeYParser$FileContext.accept(KeYParser.java:306)
	at de.uka.ilkd.key.nparser.KeyAst.accept(KeyAst.java:41)
	at de.uka.ilkd.key.nparser.KeyAst$File.getIncludes(KeyAst.java:76)
	at de.uka.ilkd.key.proof.io.KeYFile.readIncludes(KeYFile.java:208)
	... 14 more
Could not find rule file rules/intRulesCheckedSemantics.key (file: /home/runner/work/key/key/key.core/../key.ui/examples/index/../InformationFlow/MiniExamples/mini.MiniExamplesLecture(mini.MiniExamplesLecture__m_4()).Non-interference contract.0.m.key; caused by: de.uka.ilkd.key.proof.init.ProofInputException: Could not find rule file rules/intRulesCheckedSemantics.key)
	at de.uka.ilkd.key.control.AbstractUserInterfaceControl.load(AbstractUserInterfaceControl.java:221)
	at de.uka.ilkd.key.control.KeYEnvironment.load(KeYEnvironment.java:251)
	at de.uka.ilkd.key.control.KeYEnvironment.load(KeYEnvironment.java:224)
	at de.uka.ilkd.key.control.KeYEnvironment.load(KeYEnvironment.java:184)
	at de.uka.ilkd.key.control.KeYEnvironment.load(KeYEnvironment.java:261)
	at de.uka.ilkd.key.proof.runallproofs.proofcollection.TestFile.load(TestFile.java:270)
	at de.uka.ilkd.key.proof.runallproofs.proofcollection.TestFile.runKey(TestFile.java:160)
	at de.uka.ilkd.key.proof.runallproofs.proofcollection.ForkedTestFileRunner.main(ForkedTestFileRunner.java:171)
Caused by: de.uka.ilkd.key.proof.init.ProofInputException: Could not find rule file rules/intRulesCheckedSemantics.key
	at de.uka.ilkd.key.proof.io.KeYFile.readIncludes(KeYFile.java:210)
	at de.uka.ilkd.key.proof.init.ProblemInitializer.readIncludes(ProblemInitializer.java:177)
	at de.uka.ilkd.key.proof.init.ProblemInitializer.readEnvInput(ProblemInitializer.java:325)
	at de.uka.ilkd.key.proof.init.ProblemInitializer.prepare(ProblemInitializer.java:449)
	at de.uka.ilkd.key.proof.io.AbstractProblemLoader.createInitConfig(AbstractProblemLoader.java:518)
	at de.uka.ilkd.key.proof.io.AbstractProblemLoader.loadEnvironment(AbstractProblemLoader.java:288)
	at de.uka.ilkd.key.proof.io.AbstractProblemLoader.load(AbstractProblemLoader.java:252)
	at de.uka.ilkd.key.control.AbstractUserInterfaceControl.load(AbstractUserInterfaceControl.java:209)
	... 7 more
Caused by: java.lang.RuntimeException: Could not find rule file rules/intRulesCheckedSemantics.key
	at de.uka.ilkd.key.proof.io.RuleSourceFactory.fromBuiltInRule(RuleSourceFactory.java:32)
	at de.uka.ilkd.key.proof.io.RuleSourceFactory.fromDefaultLocation(RuleSourceFactory.java:21)
	at de.uka.ilkd.key.nparser.builder.IncludeFinder.addInclude(IncludeFinder.java:63)
	at de.uka.ilkd.key.nparser.builder.IncludeFinder.visitOne_include(IncludeFinder.java:43)
	at de.uka.ilkd.key.nparser.builder.IncludeFinder.visitOne_include(IncludeFinder.java:20)
	at de.uka.ilkd.key.nparser.KeYParser$One_includeContext.accept(KeYParser.java:878)
	at de.uka.ilkd.key.nparser.builder.AbstractBuilder.lambda$mapOf$0(AbstractBuilder.java:112)
	at java.base/java.util.stream.ReferencePipeline$3$1.accept(ReferencePipeline.java:195)
	at java.base/java.util.ArrayList$ArrayListSpliterator.forEachRemaining(ArrayList.java:1655)
	at java.base/java.util.stream.AbstractPipeline.copyInto(AbstractPipeline.java:484)
	at java.base/java.util.stream.AbstractPipeline.wrapAndCopyInto(AbstractPipeline.java:474)
	at java.base/java.util.stream.ReduceOps$ReduceOp.evaluateSequential(ReduceOps.java:913)
	at java.base/java.util.stream.AbstractPipeline.evaluate(AbstractPipeline.java:234)
	at java.base/java.util.stream.ReferencePipeline.collect(ReferencePipeline.java:578)
	at de.uka.ilkd.key.nparser.builder.AbstractBuilder.mapOf(AbstractBuilder.java:112)
	at de.uka.ilkd.key.nparser.builder.IncludeFinder.visitOne_include_statement(IncludeFinder.java:35)
	at de.uka.ilkd.key.nparser.builder.IncludeFinder.visitOne_include_statement(IncludeFinder.java:20)
	at de.uka.ilkd.key.nparser.KeYParser$One_include_statementContext.accept(KeYParser.java:802)
	at org.antlr.v4.runtime.tree.AbstractParseTreeVisitor.visitChildren(AbstractParseTreeVisitor.java:46)
	at de.uka.ilkd.key.nparser.KeYParserBaseVisitor.visitDecls(KeYParserBaseVisitor.java:30)
	at de.uka.ilkd.key.nparser.KeYParser$DeclsContext.accept(KeYParser.java:500)
	at org.antlr.v4.runtime.tree.AbstractParseTreeVisitor.visitChildren(AbstractParseTreeVisitor.java:46)
	at de.uka.ilkd.key.nparser.KeYParserBaseVisitor.visitFile(KeYParserBaseVisitor.java:23)
	at de.uka.ilkd.key.nparser.KeYParser$FileContext.accept(KeYParser.java:306)
	at de.uka.ilkd.key.nparser.KeyAst.accept(KeyAst.java:41)
	at de.uka.ilkd.key.nparser.KeyAst$File.getIncludes(KeyAst.java:76)
	at de.uka.ilkd.key.proof.io.KeYFile.readIncludes(KeYFile.java:208)
	... 14 more
Could not find rule file rules/intRulesCheckedSemantics.key (file: /home/runner/work/key/key/key.core/../key.ui/examples/index/../InformationFlow/MiniExamples/mini.MiniExamplesLecture(mini.MiniExamplesLecture__m_3()).Non-interference contract.0.m.key; caused by: de.uka.ilkd.key.proof.init.ProofInputException: Could not find rule file rules/intRulesCheckedSemantics.key)
	at de.uka.ilkd.key.control.AbstractUserInterfaceControl.load(AbstractUserInterfaceControl.java:221)
	at de.uka.ilkd.key.control.KeYEnvironment.load(KeYEnvironment.java:251)
	at de.uka.ilkd.key.control.KeYEnvironment.load(KeYEnvironment.java:224)
	at de.uka.ilkd.key.control.KeYEnvironment.load(KeYEnvironment.java:184)
	at de.uka.ilkd.key.control.KeYEnvironment.load(KeYEnvironment.java:261)
	at de.uka.ilkd.key.proof.runallproofs.proofcollection.TestFile.load(TestFile.java:270)
	at de.uka.ilkd.key.proof.runallproofs.proofcollection.TestFile.runKey(TestFile.java:160)
	at de.uka.ilkd.key.proof.runallproofs.proofcollection.ForkedTestFileRunner.main(ForkedTestFileRunner.java:171)
Caused by: de.uka.ilkd.key.proof.init.ProofInputException: Could not find rule file rules/intRulesCheckedSemantics.key
	at de.uka.ilkd.key.proof.io.KeYFile.readIncludes(KeYFile.java:210)
	at de.uka.ilkd.key.proof.init.ProblemInitializer.readIncludes(ProblemInitializer.java:177)
	at de.uka.ilkd.key.proof.init.ProblemInitializer.readEnvInput(ProblemInitializer.java:325)
	at de.uka.ilkd.key.proof.init.ProblemInitializer.prepare(ProblemInitializer.java:449)
	at de.uka.ilkd.key.proof.io.AbstractProblemLoader.createInitConfig(AbstractProblemLoader.java:518)
	at de.uka.ilkd.key.proof.io.AbstractProblemLoader.loadEnvironment(AbstractProblemLoader.java:288)
	at de.uka.ilkd.key.proof.io.AbstractProblemLoader.load(AbstractProblemLoader.java:252)
	at de.uka.ilkd.key.control.AbstractUserInterfaceControl.load(AbstractUserInterfaceControl.java:209)
	... 7 more
Caused by: java.lang.RuntimeException: Could not find rule file rules/intRulesCheckedSemantics.key
	at de.uka.ilkd.key.proof.io.RuleSourceFactory.fromBuiltInRule(RuleSourceFactory.java:32)
	at de.uka.ilkd.key.proof.io.RuleSourceFactory.fromDefaultLocation(RuleSourceFactory.java:21)
	at de.uka.ilkd.key.nparser.builder.IncludeFinder.addInclude(IncludeFinder.java:63)
	at de.uka.ilkd.key.nparser.builder.IncludeFinder.visitOne_include(IncludeFinder.java:43)
	at de.uka.ilkd.key.nparser.builder.IncludeFinder.visitOne_include(IncludeFinder.java:20)
	at de.uka.ilkd.key.nparser.KeYParser$One_includeContext.accept(KeYParser.java:878)
	at de.uka.ilkd.key.nparser.builder.AbstractBuilder.lambda$mapOf$0(AbstractBuilder.java:112)
	at java.base/java.util.stream.ReferencePipeline$3$1.accept(ReferencePipeline.java:195)
	at java.base/java.util.ArrayList$ArrayListSpliterator.forEachRemaining(ArrayList.java:1655)
	at java.base/java.util.stream.AbstractPipeline.copyInto(AbstractPipeline.java:484)
	at java.base/java.util.stream.AbstractPipeline.wrapAndCopyInto(AbstractPipeline.java:474)
	at java.base/java.util.stream.ReduceOps$ReduceOp.evaluateSequential(ReduceOps.java:913)
	at java.base/java.util.stream.AbstractPipeline.evaluate(AbstractPipeline.java:234)
	at java.base/java.util.stream.ReferencePipeline.collect(ReferencePipeline.java:578)
	at de.uka.ilkd.key.nparser.builder.AbstractBuilder.mapOf(AbstractBuilder.java:112)
	at de.uka.ilkd.key.nparser.builder.IncludeFinder.visitOne_include_statement(IncludeFinder.java:35)
	at de.uka.ilkd.key.nparser.builder.IncludeFinder.visitOne_include_statement(IncludeFinder.java:20)
	at de.uka.ilkd.key.nparser.KeYParser$One_include_statementContext.accept(KeYParser.java:802)
	at org.antlr.v4.runtime.tree.AbstractParseTreeVisitor.visitChildren(AbstractParseTreeVisitor.java:46)
	at de.uka.ilkd.key.nparser.KeYParserBaseVisitor.visitDecls(KeYParserBaseVisitor.java:30)
	at de.uka.ilkd.key.nparser.KeYParser$DeclsContext.accept(KeYParser.java:500)
	at org.antlr.v4.runtime.tree.AbstractParseTreeVisitor.visitChildren(AbstractParseTreeVisitor.java:46)
	at de.uka.ilkd.key.nparser.KeYParserBaseVisitor.visitFile(KeYParserBaseVisitor.java:23)
	at de.uka.ilkd.key.nparser.KeYParser$FileContext.accept(KeYParser.java:306)
	at de.uka.ilkd.key.nparser.KeyAst.accept(KeyAst.java:41)
	at de.uka.ilkd.key.nparser.KeyAst$File.getIncludes(KeyAst.java:76)
	at de.uka.ilkd.key.proof.io.KeYFile.readIncludes(KeYFile.java:208)
	... 14 more
Could not find rule file rules/intRulesCheckedSemantics.key (file: /home/runner/work/key/key/key.core/../key.ui/examples/index/../InformationFlow/MiniExamples/mini.MiniExamplesLecture(mini.MiniExamplesLecture__m_2()).Non-interference contract.0.m.key; caused by: de.uka.ilkd.key.proof.init.ProofInputException: Could not find rule file rules/intRulesCheckedSemantics.key)
	at de.uka.ilkd.key.control.AbstractUserInterfaceControl.load(AbstractUserInterfaceControl.java:221)
	at de.uka.ilkd.key.control.KeYEnvironment.load(KeYEnvironment.java:251)
	at de.uka.ilkd.key.control.KeYEnvironment.load(KeYEnvironment.java:224)
	at de.uka.ilkd.key.control.KeYEnvironment.load(KeYEnvironment.java:184)
	at de.uka.ilkd.key.control.KeYEnvironment.load(KeYEnvironment.java:261)
	at de.uka.ilkd.key.proof.runallproofs.proofcollection.TestFile.load(TestFile.java:270)
	at de.uka.ilkd.key.proof.runallproofs.proofcollection.TestFile.runKey(TestFile.java:160)
	at de.uka.ilkd.key.proof.runallproofs.proofcollection.ForkedTestFileRunner.main(ForkedTestFileRunner.java:171)
Caused by: de.uka.ilkd.key.proof.init.ProofInputException: Could not find rule file rules/intRulesCheckedSemantics.key
	at de.uka.ilkd.key.proof.io.KeYFile.readIncludes(KeYFile.java:210)
	at de.uka.ilkd.key.proof.init.ProblemInitializer.readIncludes(ProblemInitializer.java:177)
	at de.uka.ilkd.key.proof.init.ProblemInitializer.readEnvInput(ProblemInitializer.java:325)
	at de.uka.ilkd.key.proof.init.ProblemInitializer.prepare(ProblemInitializer.java:449)
	at de.uka.ilkd.key.proof.io.AbstractProblemLoader.createInitConfig(AbstractProblemLoader.java:518)
	at de.uka.ilkd.key.proof.io.AbstractProblemLoader.loadEnvironment(AbstractProblemLoader.java:288)
	at de.uka.ilkd.key.proof.io.AbstractProblemLoader.load(AbstractProblemLoader.java:252)
	at de.uka.ilkd.key.control.AbstractUserInterfaceControl.load(AbstractUserInterfaceControl.java:209)
	... 7 more
Caused by: java.lang.RuntimeException: Could not find rule file rules/intRulesCheckedSemantics.key
	at de.uka.ilkd.key.proof.io.RuleSourceFactory.fromBuiltInRule(RuleSourceFactory.java:32)
	at de.uka.ilkd.key.proof.io.RuleSourceFactory.fromDefaultLocation(RuleSourceFactory.java:21)
	at de.uka.ilkd.key.nparser.builder.IncludeFinder.addInclude(IncludeFinder.java:63)
	at de.uka.ilkd.key.nparser.builder.IncludeFinder.visitOne_include(IncludeFinder.java:43)
	at de.uka.ilkd.key.nparser.builder.IncludeFinder.visitOne_include(IncludeFinder.java:20)
	at de.uka.ilkd.key.nparser.KeYParser$One_includeContext.accept(KeYParser.java:878)
	at de.uka.ilkd.key.nparser.builder.AbstractBuilder.lambda$mapOf$0(AbstractBuilder.java:112)
	at java.base/java.util.stream.ReferencePipeline$3$1.accept(ReferencePipeline.java:195)
	at java.base/java.util.ArrayList$ArrayListSpliterator.forEachRemaining(ArrayList.java:1655)
	at java.base/java.util.stream.AbstractPipeline.copyInto(AbstractPipeline.java:484)
	at java.base/java.util.stream.AbstractPipeline.wrapAndCopyInto(AbstractPipeline.java:474)
	at java.base/java.util.stream.ReduceOps$ReduceOp.evaluateSequential(ReduceOps.java:913)
	at java.base/java.util.stream.AbstractPipeline.evaluate(AbstractPipeline.java:234)
	at java.base/java.util.stream.ReferencePipeline.collect(ReferencePipeline.java:578)
	at de.uka.ilkd.key.nparser.builder.AbstractBuilder.mapOf(AbstractBuilder.java:112)
	at de.uka.ilkd.key.nparser.builder.IncludeFinder.visitOne_include_statement(IncludeFinder.java:35)
	at de.uka.ilkd.key.nparser.builder.IncludeFinder.visitOne_include_statement(IncludeFinder.java:20)
	at de.uka.ilkd.key.nparser.KeYParser$One_include_statementContext.accept(KeYParser.java:802)
	at org.antlr.v4.runtime.tree.AbstractParseTreeVisitor.visitChildren(AbstractParseTreeVisitor.java:46)
	at de.uka.ilkd.key.nparser.KeYParserBaseVisitor.visitDecls(KeYParserBaseVisitor.java:30)
	at de.uka.ilkd.key.nparser.KeYParser$DeclsContext.accept(KeYParser.java:500)
	at org.antlr.v4.runtime.tree.AbstractParseTreeVisitor.visitChildren(AbstractParseTreeVisitor.java:46)
	at de.uka.ilkd.key.nparser.KeYParserBaseVisitor.visitFile(KeYParserBaseVisitor.java:23)
	at de.uka.ilkd.key.nparser.KeYParser$FileContext.accept(KeYParser.java:306)
	at de.uka.ilkd.key.nparser.KeyAst.accept(KeyAst.java:41)
	at de.uka.ilkd.key.nparser.KeyAst$File.getIncludes(KeyAst.java:76)
	at de.uka.ilkd.key.proof.io.KeYFile.readIncludes(KeYFile.java:208)
	... 14 more
Could not find rule file rules/intRulesCheckedSemantics.key (file: /home/runner/work/key/key/key.core/../key.ui/examples/index/../InformationFlow/MiniExamples/mini.MiniExamplesLecture(mini.MiniExamplesLecture__m_1()).Non-interference contract.0.m.key; caused by: de.uka.ilkd.key.proof.init.ProofInputException: Could not find rule file rules/intRulesCheckedSemantics.key)
	at de.uka.ilkd.key.control.AbstractUserInterfaceControl.load(AbstractUserInterfaceControl.java:221)
	at de.uka.ilkd.key.control.KeYEnvironment.load(KeYEnvironment.java:251)
	at de.uka.ilkd.key.control.KeYEnvironment.load(KeYEnvironment.java:224)
	at de.uka.ilkd.key.control.KeYEnvironment.load(KeYEnvironment.java:184)
	at de.uka.ilkd.key.control.KeYEnvironment.load(KeYEnvironment.java:261)
	at de.uka.ilkd.key.proof.runallproofs.proofcollection.TestFile.load(TestFile.java:270)
	at de.uka.ilkd.key.proof.runallproofs.proofcollection.TestFile.runKey(TestFile.java:160)
	at de.uka.ilkd.key.proof.runallproofs.proofcollection.ForkedTestFileRunner.main(ForkedTestFileRunner.java:171)
Caused by: de.uka.ilkd.key.proof.init.ProofInputException: Could not find rule file rules/intRulesCheckedSemantics.key
	at de.uka.ilkd.key.proof.io.KeYFile.readIncludes(KeYFile.java:210)
	at de.uka.ilkd.key.proof.init.ProblemInitializer.readIncludes(ProblemInitializer.java:177)
	at de.uka.ilkd.key.proof.init.ProblemInitializer.readEnvInput(ProblemInitializer.java:325)
	at de.uka.ilkd.key.proof.init.ProblemInitializer.prepare(ProblemInitializer.java:449)
	at de.uka.ilkd.key.proof.io.AbstractProblemLoader.createInitConfig(AbstractProblemLoader.java:518)
	at de.uka.ilkd.key.proof.io.AbstractProblemLoader.loadEnvironment(AbstractProblemLoader.java:288)
	at de.uka.ilkd.key.proof.io.AbstractProblemLoader.load(AbstractProblemLoader.java:252)
	at de.uka.ilkd.key.control.AbstractUserInterfaceControl.load(AbstractUserInterfaceControl.java:209)
	... 7 more
Caused by: java.lang.RuntimeException: Could not find rule file rules/intRulesCheckedSemantics.key
	at de.uka.ilkd.key.proof.io.RuleSourceFactory.fromBuiltInRule(RuleSourceFactory.java:32)
	at de.uka.ilkd.key.proof.io.RuleSourceFactory.fromDefaultLocation(RuleSourceFactory.java:21)
	at de.uka.ilkd.key.nparser.builder.IncludeFinder.addInclude(IncludeFinder.java:63)
	at de.uka.ilkd.key.nparser.builder.IncludeFinder.visitOne_include(IncludeFinder.java:43)
	at de.uka.ilkd.key.nparser.builder.IncludeFinder.visitOne_include(IncludeFinder.java:20)
	at de.uka.ilkd.key.nparser.KeYParser$One_includeContext.accept(KeYParser.java:878)
	at de.uka.ilkd.key.nparser.builder.AbstractBuilder.lambda$mapOf$0(AbstractBuilder.java:112)
	at java.base/java.util.stream.ReferencePipeline$3$1.accept(ReferencePipeline.java:195)
	at java.base/java.util.ArrayList$ArrayListSpliterator.forEachRemaining(ArrayList.java:1655)
	at java.base/java.util.stream.AbstractPipeline.copyInto(AbstractPipeline.java:484)
	at java.base/java.util.stream.AbstractPipeline.wrapAndCopyInto(AbstractPipeline.java:474)
	at java.base/java.util.stream.ReduceOps$ReduceOp.evaluateSequential(ReduceOps.java:913)
	at java.base/java.util.stream.AbstractPipeline.evaluate(AbstractPipeline.java:234)
	at java.base/java.util.stream.ReferencePipeline.collect(ReferencePipeline.java:578)
	at de.uka.ilkd.key.nparser.builder.AbstractBuilder.mapOf(AbstractBuilder.java:112)
	at de.uka.ilkd.key.nparser.builder.IncludeFinder.visitOne_include_statement(IncludeFinder.java:35)
	at de.uka.ilkd.key.nparser.builder.IncludeFinder.visitOne_include_statement(IncludeFinder.java:20)
	at de.uka.ilkd.key.nparser.KeYParser$One_include_statementContext.accept(KeYParser.java:802)
	at org.antlr.v4.runtime.tree.AbstractParseTreeVisitor.visitChildren(AbstractParseTreeVisitor.java:46)
	at de.uka.ilkd.key.nparser.KeYParserBaseVisitor.visitDecls(KeYParserBaseVisitor.java:30)
	at de.uka.ilkd.key.nparser.KeYParser$DeclsContext.accept(KeYParser.java:500)
	at org.antlr.v4.runtime.tree.AbstractParseTreeVisitor.visitChildren(AbstractParseTreeVisitor.java:46)
	at de.uka.ilkd.key.nparser.KeYParserBaseVisitor.visitFile(KeYParserBaseVisitor.java:23)
	at de.uka.ilkd.key.nparser.KeYParser$FileContext.accept(KeYParser.java:306)
	at de.uka.ilkd.key.nparser.KeyAst.accept(KeyAst.java:41)
	at de.uka.ilkd.key.nparser.KeyAst$File.getIncludes(KeyAst.java:76)
	at de.uka.ilkd.key.proof.io.KeYFile.readIncludes(KeYFile.java:208)
	... 14 more
Could not find rule file rules/intRulesCheckedSemantics.key (file: /home/runner/work/key/key/key.core/../key.ui/examples/index/../InformationFlow/MiniExamples/mini.DifferenceSeqLocset(mini.DifferenceSeqLocset__m()).Non-interference contract.1.m.key; caused by: de.uka.ilkd.key.proof.init.ProofInputException: Could not find rule file rules/intRulesCheckedSemantics.key)
	at de.uka.ilkd.key.control.AbstractUserInterfaceControl.load(AbstractUserInterfaceControl.java:221)
	at de.uka.ilkd.key.control.KeYEnvironment.load(KeYEnvironment.java:251)
	at de.uka.ilkd.key.control.KeYEnvironment.load(KeYEnvironment.java:224)
	at de.uka.ilkd.key.control.KeYEnvironment.load(KeYEnvironment.java:184)
	at de.uka.ilkd.key.control.KeYEnvironment.load(KeYEnvironment.java:261)
	at de.uka.ilkd.key.proof.runallproofs.proofcollection.TestFile.load(TestFile.java:270)
	at de.uka.ilkd.key.proof.runallproofs.proofcollection.TestFile.runKey(TestFile.java:160)
	at de.uka.ilkd.key.proof.runallproofs.proofcollection.ForkedTestFileRunner.main(ForkedTestFileRunner.java:171)
Caused by: de.uka.ilkd.key.proof.init.ProofInputException: Could not find rule file rules/intRulesCheckedSemantics.key
	at de.uka.ilkd.key.proof.io.KeYFile.readIncludes(KeYFile.java:210)
	at de.uka.ilkd.key.proof.init.ProblemInitializer.readIncludes(ProblemInitializer.java:177)
	at de.uka.ilkd.key.proof.init.ProblemInitializer.readEnvInput(ProblemInitializer.java:325)
	at de.uka.ilkd.key.proof.init.ProblemInitializer.prepare(ProblemInitializer.java:449)
	at de.uka.ilkd.key.proof.io.AbstractProblemLoader.createInitConfig(AbstractProblemLoader.java:518)
	at de.uka.ilkd.key.proof.io.AbstractProblemLoader.loadEnvironment(AbstractProblemLoader.java:288)
	at de.uka.ilkd.key.proof.io.AbstractProblemLoader.load(AbstractProblemLoader.java:252)
	at de.uka.ilkd.key.control.AbstractUserInterfaceControl.load(AbstractUserInterfaceControl.java:209)
	... 7 more
Caused by: java.lang.RuntimeException: Could not find rule file rules/intRulesCheckedSemantics.key
	at de.uka.ilkd.key.proof.io.RuleSourceFactory.fromBuiltInRule(RuleSourceFactory.java:32)
	at de.uka.ilkd.key.proof.io.RuleSourceFactory.fromDefaultLocation(RuleSourceFactory.java:21)
	at de.uka.ilkd.key.nparser.builder.IncludeFinder.addInclude(IncludeFinder.java:63)
	at de.uka.ilkd.key.nparser.builder.IncludeFinder.visitOne_include(IncludeFinder.java:43)
	at de.uka.ilkd.key.nparser.builder.IncludeFinder.visitOne_include(IncludeFinder.java:20)
	at de.uka.ilkd.key.nparser.KeYParser$One_includeContext.accept(KeYParser.java:878)
	at de.uka.ilkd.key.nparser.builder.AbstractBuilder.lambda$mapOf$0(AbstractBuilder.java:112)
	at java.base/java.util.stream.ReferencePipeline$3$1.accept(ReferencePipeline.java:195)
	at java.base/java.util.ArrayList$ArrayListSpliterator.forEachRemaining(ArrayList.java:1655)
	at java.base/java.util.stream.AbstractPipeline.copyInto(AbstractPipeline.java:484)
	at java.base/java.util.stream.AbstractPipeline.wrapAndCopyInto(AbstractPipeline.java:474)
	at java.base/java.util.stream.ReduceOps$ReduceOp.evaluateSequential(ReduceOps.java:913)
	at java.base/java.util.stream.AbstractPipeline.evaluate(AbstractPipeline.java:234)
	at java.base/java.util.stream.ReferencePipeline.collect(ReferencePipeline.java:578)
	at de.uka.ilkd.key.nparser.builder.AbstractBuilder.mapOf(AbstractBuilder.java:112)
	at de.uka.ilkd.key.nparser.builder.IncludeFinder.visitOne_include_statement(IncludeFinder.java:35)
	at de.uka.ilkd.key.nparser.builder.IncludeFinder.visitOne_include_statement(IncludeFinder.java:20)
	at de.uka.ilkd.key.nparser.KeYParser$One_include_statementContext.accept(KeYParser.java:802)
	at org.antlr.v4.runtime.tree.AbstractParseTreeVisitor.visitChildren(AbstractParseTreeVisitor.java:46)
	at de.uka.ilkd.key.nparser.KeYParserBaseVisitor.visitDecls(KeYParserBaseVisitor.java:30)
	at de.uka.ilkd.key.nparser.KeYParser$DeclsContext.accept(KeYParser.java:500)
	at org.antlr.v4.runtime.tree.AbstractParseTreeVisitor.visitChildren(AbstractParseTreeVisitor.java:46)
	at de.uka.ilkd.key.nparser.KeYParserBaseVisitor.visitFile(KeYParserBaseVisitor.java:23)
	at de.uka.ilkd.key.nparser.KeYParser$FileContext.accept(KeYParser.java:306)
	at de.uka.ilkd.key.nparser.KeyAst.accept(KeyAst.java:41)
	at de.uka.ilkd.key.nparser.KeyAst$File.getIncludes(KeyAst.java:76)
	at de.uka.ilkd.key.proof.io.KeYFile.readIncludes(KeYFile.java:208)
	... 14 more
Could not find rule file rules/intRulesCheckedSemantics.key (file: /home/runner/work/key/key/key.core/../key.ui/examples/index/../InformationFlow/MiniExamples/mini.DifferenceSeqLocset(mini.DifferenceSeqLocset__m()).Non-interference contract.0.m.key; caused by: de.uka.ilkd.key.proof.init.ProofInputException: Could not find rule file rules/intRulesCheckedSemantics.key)
	at de.uka.ilkd.key.control.AbstractUserInterfaceControl.load(AbstractUserInterfaceControl.java:221)
	at de.uka.ilkd.key.control.KeYEnvironment.load(KeYEnvironment.java:251)
	at de.uka.ilkd.key.control.KeYEnvironment.load(KeYEnvironment.java:224)
	at de.uka.ilkd.key.control.KeYEnvironment.load(KeYEnvironment.java:184)
	at de.uka.ilkd.key.control.KeYEnvironment.load(KeYEnvironment.java:261)
	at de.uka.ilkd.key.proof.runallproofs.proofcollection.TestFile.load(TestFile.java:270)
	at de.uka.ilkd.key.proof.runallproofs.proofcollection.TestFile.runKey(TestFile.java:160)
	at de.uka.ilkd.key.proof.runallproofs.proofcollection.ForkedTestFileRunner.main(ForkedTestFileRunner.java:171)
Caused by: de.uka.ilkd.key.proof.init.ProofInputException: Could not find rule file rules/intRulesCheckedSemantics.key
	at de.uka.ilkd.key.proof.io.KeYFile.readIncludes(KeYFile.java:210)
	at de.uka.ilkd.key.proof.init.ProblemInitializer.readIncludes(ProblemInitializer.java:177)
	at de.uka.ilkd.key.proof.init.ProblemInitializer.readEnvInput(ProblemInitializer.java:325)
	at de.uka.ilkd.key.proof.init.ProblemInitializer.prepare(ProblemInitializer.java:449)
	at de.uka.ilkd.key.proof.io.AbstractProblemLoader.createInitConfig(AbstractProblemLoader.java:518)
	at de.uka.ilkd.key.proof.io.AbstractProblemLoader.loadEnvironment(AbstractProblemLoader.java:288)
	at de.uka.ilkd.key.proof.io.AbstractProblemLoader.load(AbstractProblemLoader.java:252)
	at de.uka.ilkd.key.control.AbstractUserInterfaceControl.load(AbstractUserInterfaceControl.java:209)
	... 7 more
Caused by: java.lang.RuntimeException: Could not find rule file rules/intRulesCheckedSemantics.key
	at de.uka.ilkd.key.proof.io.RuleSourceFactory.fromBuiltInRule(RuleSourceFactory.java:32)
	at de.uka.ilkd.key.proof.io.RuleSourceFactory.fromDefaultLocation(RuleSourceFactory.java:21)
	at de.uka.ilkd.key.nparser.builder.IncludeFinder.addInclude(IncludeFinder.java:63)
	at de.uka.ilkd.key.nparser.builder.IncludeFinder.visitOne_include(IncludeFinder.java:43)
	at de.uka.ilkd.key.nparser.builder.IncludeFinder.visitOne_include(IncludeFinder.java:20)
	at de.uka.ilkd.key.nparser.KeYParser$One_includeContext.accept(KeYParser.java:878)
	at de.uka.ilkd.key.nparser.builder.AbstractBuilder.lambda$mapOf$0(AbstractBuilder.java:112)
	at java.base/java.util.stream.ReferencePipeline$3$1.accept(ReferencePipeline.java:195)
	at java.base/java.util.ArrayList$ArrayListSpliterator.forEachRemaining(ArrayList.java:1655)
	at java.base/java.util.stream.AbstractPipeline.copyInto(AbstractPipeline.java:484)
	at java.base/java.util.stream.AbstractPipeline.wrapAndCopyInto(AbstractPipeline.java:474)
	at java.base/java.util.stream.ReduceOps$ReduceOp.evaluateSequential(ReduceOps.java:913)
	at java.base/java.util.stream.AbstractPipeline.evaluate(AbstractPipeline.java:234)
	at java.base/java.util.stream.ReferencePipeline.collect(ReferencePipeline.java:578)
	at de.uka.ilkd.key.nparser.builder.AbstractBuilder.mapOf(AbstractBuilder.java:112)
	at de.uka.ilkd.key.nparser.builder.IncludeFinder.visitOne_include_statement(IncludeFinder.java:35)
	at de.uka.ilkd.key.nparser.builder.IncludeFinder.visitOne_include_statement(IncludeFinder.java:20)
	at de.uka.ilkd.key.nparser.KeYParser$One_include_statementContext.accept(KeYParser.java:802)
	at org.antlr.v4.runtime.tree.AbstractParseTreeVisitor.visitChildren(AbstractParseTreeVisitor.java:46)
	at de.uka.ilkd.key.nparser.KeYParserBaseVisitor.visitDecls(KeYParserBaseVisitor.java:30)
	at de.uka.ilkd.key.nparser.KeYParser$DeclsContext.accept(KeYParser.java:500)
	at org.antlr.v4.runtime.tree.AbstractParseTreeVisitor.visitChildren(AbstractParseTreeVisitor.java:46)
	at de.uka.ilkd.key.nparser.KeYParserBaseVisitor.visitFile(KeYParserBaseVisitor.java:23)
	at de.uka.ilkd.key.nparser.KeYParser$FileContext.accept(KeYParser.java:306)
	at de.uka.ilkd.key.nparser.KeyAst.accept(KeyAst.java:41)
	at de.uka.ilkd.key.nparser.KeyAst$File.getIncludes(KeyAst.java:76)
	at de.uka.ilkd.key.proof.io.KeYFile.readIncludes(KeYFile.java:208)
	... 14 more
Could not find rule file rules/intRulesCheckedSemantics.key (file: /home/runner/work/key/key/key.core/../key.ui/examples/index/../InformationFlow/MiniExamples/mini.MiniExamples(mini.MiniExamples__secure_p2_8()).Non-interference contract.0.m.key; caused by: de.uka.ilkd.key.proof.init.ProofInputException: Could not find rule file rules/intRulesCheckedSemantics.key)
	at de.uka.ilkd.key.control.AbstractUserInterfaceControl.load(AbstractUserInterfaceControl.java:221)
	at de.uka.ilkd.key.control.KeYEnvironment.load(KeYEnvironment.java:251)
	at de.uka.ilkd.key.control.KeYEnvironment.load(KeYEnvironment.java:224)
	at de.uka.ilkd.key.control.KeYEnvironment.load(KeYEnvironment.java:184)
	at de.uka.ilkd.key.control.KeYEnvironment.load(KeYEnvironment.java:261)
	at de.uka.ilkd.key.proof.runallproofs.proofcollection.TestFile.load(TestFile.java:270)
	at de.uka.ilkd.key.proof.runallproofs.proofcollection.TestFile.runKey(TestFile.java:160)
	at de.uka.ilkd.key.proof.runallproofs.proofcollection.ForkedTestFileRunner.main(ForkedTestFileRunner.java:171)
Caused by: de.uka.ilkd.key.proof.init.ProofInputException: Could not find rule file rules/intRulesCheckedSemantics.key
	at de.uka.ilkd.key.proof.io.KeYFile.readIncludes(KeYFile.java:210)
	at de.uka.ilkd.key.proof.init.ProblemInitializer.readIncludes(ProblemInitializer.java:177)
	at de.uka.ilkd.key.proof.init.ProblemInitializer.readEnvInput(ProblemInitializer.java:325)
	at de.uka.ilkd.key.proof.init.ProblemInitializer.prepare(ProblemInitializer.java:449)
	at de.uka.ilkd.key.proof.io.AbstractProblemLoader.createInitConfig(AbstractProblemLoader.java:518)
	at de.uka.ilkd.key.proof.io.AbstractProblemLoader.loadEnvironment(AbstractProblemLoader.java:288)
	at de.uka.ilkd.key.proof.io.AbstractProblemLoader.load(AbstractProblemLoader.java:252)
	at de.uka.ilkd.key.control.AbstractUserInterfaceControl.load(AbstractUserInterfaceControl.java:209)
	... 7 more
Caused by: java.lang.RuntimeException: Could not find rule file rules/intRulesCheckedSemantics.key
	at de.uka.ilkd.key.proof.io.RuleSourceFactory.fromBuiltInRule(RuleSourceFactory.java:32)
	at de.uka.ilkd.key.proof.io.RuleSourceFactory.fromDefaultLocation(RuleSourceFactory.java:21)
	at de.uka.ilkd.key.nparser.builder.IncludeFinder.addInclude(IncludeFinder.java:63)
	at de.uka.ilkd.key.nparser.builder.IncludeFinder.visitOne_include(IncludeFinder.java:43)
	at de.uka.ilkd.key.nparser.builder.IncludeFinder.visitOne_include(IncludeFinder.java:20)
	at de.uka.ilkd.key.nparser.KeYParser$One_includeContext.accept(KeYParser.java:878)
	at de.uka.ilkd.key.nparser.builder.AbstractBuilder.lambda$mapOf$0(AbstractBuilder.java:112)
	at java.base/java.util.stream.ReferencePipeline$3$1.accept(ReferencePipeline.java:195)
	at java.base/java.util.ArrayList$ArrayListSpliterator.forEachRemaining(ArrayList.java:1655)
	at java.base/java.util.stream.AbstractPipeline.copyInto(AbstractPipeline.java:484)
	at java.base/java.util.stream.AbstractPipeline.wrapAndCopyInto(AbstractPipeline.java:474)
	at java.base/java.util.stream.ReduceOps$ReduceOp.evaluateSequential(ReduceOps.java:913)
	at java.base/java.util.stream.AbstractPipeline.evaluate(AbstractPipeline.java:234)
	at java.base/java.util.stream.ReferencePipeline.collect(ReferencePipeline.java:578)
	at de.uka.ilkd.key.nparser.builder.AbstractBuilder.mapOf(AbstractBuilder.java:112)
	at de.uka.ilkd.key.nparser.builder.IncludeFinder.visitOne_include_statement(IncludeFinder.java:35)
	at de.uka.ilkd.key.nparser.builder.IncludeFinder.visitOne_include_statement(IncludeFinder.java:20)
	at de.uka.ilkd.key.nparser.KeYParser$One_include_statementContext.accept(KeYParser.java:802)
	at org.antlr.v4.runtime.tree.AbstractParseTreeVisitor.visitChildren(AbstractParseTreeVisitor.java:46)
	at de.uka.ilkd.key.nparser.KeYParserBaseVisitor.visitDecls(KeYParserBaseVisitor.java:30)
	at de.uka.ilkd.key.nparser.KeYParser$DeclsContext.accept(KeYParser.java:500)
	at org.antlr.v4.runtime.tree.AbstractParseTreeVisitor.visitChildren(AbstractParseTreeVisitor.java:46)
	at de.uka.ilkd.key.nparser.KeYParserBaseVisitor.visitFile(KeYParserBaseVisitor.java:23)
	at de.uka.ilkd.key.nparser.KeYParser$FileContext.accept(KeYParser.java:306)
	at de.uka.ilkd.key.nparser.KeyAst.accept(KeyAst.java:41)
	at de.uka.ilkd.key.nparser.KeyAst$File.getIncludes(KeyAst.java:76)
	at de.uka.ilkd.key.proof.io.KeYFile.readIncludes(KeYFile.java:208)
	... 14 more
Could not find rule file rules/intRulesCheckedSemantics.key (file: /home/runner/work/key/key/key.core/../key.ui/examples/index/../InformationFlow/MiniExamples/mini.MiniExamples(mini.MiniExamples__secure_parameter(int)).Non-interference contract.0.m.key; caused by: de.uka.ilkd.key.proof.init.ProofInputException: Could not find rule file rules/intRulesCheckedSemantics.key)
	at de.uka.ilkd.key.control.AbstractUserInterfaceControl.load(AbstractUserInterfaceControl.java:221)
	at de.uka.ilkd.key.control.KeYEnvironment.load(KeYEnvironment.java:251)
	at de.uka.ilkd.key.control.KeYEnvironment.load(KeYEnvironment.java:224)
	at de.uka.ilkd.key.control.KeYEnvironment.load(KeYEnvironment.java:184)
	at de.uka.ilkd.key.control.KeYEnvironment.load(KeYEnvironment.java:261)
	at de.uka.ilkd.key.proof.runallproofs.proofcollection.TestFile.load(TestFile.java:270)
	at de.uka.ilkd.key.proof.runallproofs.proofcollection.TestFile.runKey(TestFile.java:160)
	at de.uka.ilkd.key.proof.runallproofs.proofcollection.ForkedTestFileRunner.main(ForkedTestFileRunner.java:171)
Caused by: de.uka.ilkd.key.proof.init.ProofInputException: Could not find rule file rules/intRulesCheckedSemantics.key
	at de.uka.ilkd.key.proof.io.KeYFile.readIncludes(KeYFile.java:210)
	at de.uka.ilkd.key.proof.init.ProblemInitializer.readIncludes(ProblemInitializer.java:177)
	at de.uka.ilkd.key.proof.init.ProblemInitializer.readEnvInput(ProblemInitializer.java:325)
	at de.uka.ilkd.key.proof.init.ProblemInitializer.prepare(ProblemInitializer.java:449)
	at de.uka.ilkd.key.proof.io.AbstractProblemLoader.createInitConfig(AbstractProblemLoader.java:518)
	at de.uka.ilkd.key.proof.io.AbstractProblemLoader.loadEnvironment(AbstractProblemLoader.java:288)
	at de.uka.ilkd.key.proof.io.AbstractProblemLoader.load(AbstractProblemLoader.java:252)
	at de.uka.ilkd.key.control.AbstractUserInterfaceControl.load(AbstractUserInterfaceControl.java:209)
	... 7 more
Caused by: java.lang.RuntimeException: Could not find rule file rules/intRulesCheckedSemantics.key
	at de.uka.ilkd.key.proof.io.RuleSourceFactory.fromBuiltInRule(RuleSourceFactory.java:32)
	at de.uka.ilkd.key.proof.io.RuleSourceFactory.fromDefaultLocation(RuleSourceFactory.java:21)
	at de.uka.ilkd.key.nparser.builder.IncludeFinder.addInclude(IncludeFinder.java:63)
	at de.uka.ilkd.key.nparser.builder.IncludeFinder.visitOne_include(IncludeFinder.java:43)
	at de.uka.ilkd.key.nparser.builder.IncludeFinder.visitOne_include(IncludeFinder.java:20)
	at de.uka.ilkd.key.nparser.KeYParser$One_includeContext.accept(KeYParser.java:878)
	at de.uka.ilkd.key.nparser.builder.AbstractBuilder.lambda$mapOf$0(AbstractBuilder.java:112)
	at java.base/java.util.stream.ReferencePipeline$3$1.accept(ReferencePipeline.java:195)
	at java.base/java.util.ArrayList$ArrayListSpliterator.forEachRemaining(ArrayList.java:1655)
	at java.base/java.util.stream.AbstractPipeline.copyInto(AbstractPipeline.java:484)
	at java.base/java.util.stream.AbstractPipeline.wrapAndCopyInto(AbstractPipeline.java:474)
	at java.base/java.util.stream.ReduceOps$ReduceOp.evaluateSequential(ReduceOps.java:913)
	at java.base/java.util.stream.AbstractPipeline.evaluate(AbstractPipeline.java:234)
	at java.base/java.util.stream.ReferencePipeline.collect(ReferencePipeline.java:578)
	at de.uka.ilkd.key.nparser.builder.AbstractBuilder.mapOf(AbstractBuilder.java:112)
	at de.uka.ilkd.key.nparser.builder.IncludeFinder.visitOne_include_statement(IncludeFinder.java:35)
	at de.uka.ilkd.key.nparser.builder.IncludeFinder.visitOne_include_statement(IncludeFinder.java:20)
	at de.uka.ilkd.key.nparser.KeYParser$One_include_statementContext.accept(KeYParser.java:802)
	at org.antlr.v4.runtime.tree.AbstractParseTreeVisitor.visitChildren(AbstractParseTreeVisitor.java:46)
	at de.uka.ilkd.key.nparser.KeYParserBaseVisitor.visitDecls(KeYParserBaseVisitor.java:30)
	at de.uka.ilkd.key.nparser.KeYParser$DeclsContext.accept(KeYParser.java:500)
	at org.antlr.v4.runtime.tree.AbstractParseTreeVisitor.visitChildren(AbstractParseTreeVisitor.java:46)
	at de.uka.ilkd.key.nparser.KeYParserBaseVisitor.visitFile(KeYParserBaseVisitor.java:23)
	at de.uka.ilkd.key.nparser.KeYParser$FileContext.accept(KeYParser.java:306)
	at de.uka.ilkd.key.nparser.KeyAst.accept(KeyAst.java:41)
	at de.uka.ilkd.key.nparser.KeyAst$File.getIncludes(KeyAst.java:76)
	at de.uka.ilkd.key.proof.io.KeYFile.readIncludes(KeYFile.java:208)
	... 14 more
Could not find rule file rules/intRulesCheckedSemantics.key (file: /home/runner/work/key/key/key.core/../key.ui/examples/index/../InformationFlow/MiniExamples/mini.MiniExamples(mini.MiniExamples__secure_p2_7()).Non-interference contract.0.m.key; caused by: de.uka.ilkd.key.proof.init.ProofInputException: Could not find rule file rules/intRulesCheckedSemantics.key)
	at de.uka.ilkd.key.control.AbstractUserInterfaceControl.load(AbstractUserInterfaceControl.java:221)
	at de.uka.ilkd.key.control.KeYEnvironment.load(KeYEnvironment.java:251)
	at de.uka.ilkd.key.control.KeYEnvironment.load(KeYEnvironment.java:224)
	at de.uka.ilkd.key.control.KeYEnvironment.load(KeYEnvironment.java:184)
	at de.uka.ilkd.key.control.KeYEnvironment.load(KeYEnvironment.java:261)
	at de.uka.ilkd.key.proof.runallproofs.proofcollection.TestFile.load(TestFile.java:270)
	at de.uka.ilkd.key.proof.runallproofs.proofcollection.TestFile.runKey(TestFile.java:160)
	at de.uka.ilkd.key.proof.runallproofs.proofcollection.ForkedTestFileRunner.main(ForkedTestFileRunner.java:171)
Caused by: de.uka.ilkd.key.proof.init.ProofInputException: Could not find rule file rules/intRulesCheckedSemantics.key
	at de.uka.ilkd.key.proof.io.KeYFile.readIncludes(KeYFile.java:210)
	at de.uka.ilkd.key.proof.init.ProblemInitializer.readIncludes(ProblemInitializer.java:177)
	at de.uka.ilkd.key.proof.init.ProblemInitializer.readEnvInput(ProblemInitializer.java:325)
	at de.uka.ilkd.key.proof.init.ProblemInitializer.prepare(ProblemInitializer.java:449)
	at de.uka.ilkd.key.proof.io.AbstractProblemLoader.createInitConfig(AbstractProblemLoader.java:518)
	at de.uka.ilkd.key.proof.io.AbstractProblemLoader.loadEnvironment(AbstractProblemLoader.java:288)
	at de.uka.ilkd.key.proof.io.AbstractProblemLoader.load(AbstractProblemLoader.java:252)
	at de.uka.ilkd.key.control.AbstractUserInterfaceControl.load(AbstractUserInterfaceControl.java:209)
	... 7 more
Caused by: java.lang.RuntimeException: Could not find rule file rules/intRulesCheckedSemantics.key
	at de.uka.ilkd.key.proof.io.RuleSourceFactory.fromBuiltInRule(RuleSourceFactory.java:32)
	at de.uka.ilkd.key.proof.io.RuleSourceFactory.fromDefaultLocation(RuleSourceFactory.java:21)
	at de.uka.ilkd.key.nparser.builder.IncludeFinder.addInclude(IncludeFinder.java:63)
	at de.uka.ilkd.key.nparser.builder.IncludeFinder.visitOne_include(IncludeFinder.java:43)
	at de.uka.ilkd.key.nparser.builder.IncludeFinder.visitOne_include(IncludeFinder.java:20)
	at de.uka.ilkd.key.nparser.KeYParser$One_includeContext.accept(KeYParser.java:878)
	at de.uka.ilkd.key.nparser.builder.AbstractBuilder.lambda$mapOf$0(AbstractBuilder.java:112)
	at java.base/java.util.stream.ReferencePipeline$3$1.accept(ReferencePipeline.java:195)
	at java.base/java.util.ArrayList$ArrayListSpliterator.forEachRemaining(ArrayList.java:1655)
	at java.base/java.util.stream.AbstractPipeline.copyInto(AbstractPipeline.java:484)
	at java.base/java.util.stream.AbstractPipeline.wrapAndCopyInto(AbstractPipeline.java:474)
	at java.base/java.util.stream.ReduceOps$ReduceOp.evaluateSequential(ReduceOps.java:913)
	at java.base/java.util.stream.AbstractPipeline.evaluate(AbstractPipeline.java:234)
	at java.base/java.util.stream.ReferencePipeline.collect(ReferencePipeline.java:578)
	at de.uka.ilkd.key.nparser.builder.AbstractBuilder.mapOf(AbstractBuilder.java:112)
	at de.uka.ilkd.key.nparser.builder.IncludeFinder.visitOne_include_statement(IncludeFinder.java:35)
	at de.uka.ilkd.key.nparser.builder.IncludeFinder.visitOne_include_statement(IncludeFinder.java:20)
	at de.uka.ilkd.key.nparser.KeYParser$One_include_statementContext.accept(KeYParser.java:802)
	at org.antlr.v4.runtime.tree.AbstractParseTreeVisitor.visitChildren(AbstractParseTreeVisitor.java:46)
	at de.uka.ilkd.key.nparser.KeYParserBaseVisitor.visitDecls(KeYParserBaseVisitor.java:30)
	at de.uka.ilkd.key.nparser.KeYParser$DeclsContext.accept(KeYParser.java:500)
	at org.antlr.v4.runtime.tree.AbstractParseTreeVisitor.visitChildren(AbstractParseTreeVisitor.java:46)
	at de.uka.ilkd.key.nparser.KeYParserBaseVisitor.visitFile(KeYParserBaseVisitor.java:23)
	at de.uka.ilkd.key.nparser.KeYParser$FileContext.accept(KeYParser.java:306)
	at de.uka.ilkd.key.nparser.KeyAst.accept(KeyAst.java:41)
	at de.uka.ilkd.key.nparser.KeyAst$File.getIncludes(KeyAst.java:76)
	at de.uka.ilkd.key.proof.io.KeYFile.readIncludes(KeYFile.java:208)
	... 14 more
Could not find rule file rules/intRulesCheckedSemantics.key (file: /home/runner/work/key/key/key.core/../key.ui/examples/index/../InformationFlow/MiniExamples/mini.MiniExamples(mini.MiniExamples__insecure_p2_2()).Non-interference contract.0.m.key; caused by: de.uka.ilkd.key.proof.init.ProofInputException: Could not find rule file rules/intRulesCheckedSemantics.key)
	at de.uka.ilkd.key.control.AbstractUserInterfaceControl.load(AbstractUserInterfaceControl.java:221)
	at de.uka.ilkd.key.control.KeYEnvironment.load(KeYEnvironment.java:251)
	at de.uka.ilkd.key.control.KeYEnvironment.load(KeYEnvironment.java:224)
	at de.uka.ilkd.key.control.KeYEnvironment.load(KeYEnvironment.java:184)
	at de.uka.ilkd.key.control.KeYEnvironment.load(KeYEnvironment.java:261)
	at de.uka.ilkd.key.proof.runallproofs.proofcollection.TestFile.load(TestFile.java:270)
	at de.uka.ilkd.key.proof.runallproofs.proofcollection.TestFile.runKey(TestFile.java:160)
	at de.uka.ilkd.key.proof.runallproofs.proofcollection.ForkedTestFileRunner.main(ForkedTestFileRunner.java:171)
Caused by: de.uka.ilkd.key.proof.init.ProofInputException: Could not find rule file rules/intRulesCheckedSemantics.key
	at de.uka.ilkd.key.proof.io.KeYFile.readIncludes(KeYFile.java:210)
	at de.uka.ilkd.key.proof.init.ProblemInitializer.readIncludes(ProblemInitializer.java:177)
	at de.uka.ilkd.key.proof.init.ProblemInitializer.readEnvInput(ProblemInitializer.java:325)
	at de.uka.ilkd.key.proof.init.ProblemInitializer.prepare(ProblemInitializer.java:449)
	at de.uka.ilkd.key.proof.io.AbstractProblemLoader.createInitConfig(AbstractProblemLoader.java:518)
	at de.uka.ilkd.key.proof.io.AbstractProblemLoader.loadEnvironment(AbstractProblemLoader.java:288)
	at de.uka.ilkd.key.proof.io.AbstractProblemLoader.load(AbstractProblemLoader.java:252)
	at de.uka.ilkd.key.control.AbstractUserInterfaceControl.load(AbstractUserInterfaceControl.java:209)
	... 7 more
Caused by: java.lang.RuntimeException: Could not find rule file rules/intRulesCheckedSemantics.key
	at de.uka.ilkd.key.proof.io.RuleSourceFactory.fromBuiltInRule(RuleSourceFactory.java:32)
	at de.uka.ilkd.key.proof.io.RuleSourceFactory.fromDefaultLocation(RuleSourceFactory.java:21)
	at de.uka.ilkd.key.nparser.builder.IncludeFinder.addInclude(IncludeFinder.java:63)
	at de.uka.ilkd.key.nparser.builder.IncludeFinder.visitOne_include(IncludeFinder.java:43)
	at de.uka.ilkd.key.nparser.builder.IncludeFinder.visitOne_include(IncludeFinder.java:20)
	at de.uka.ilkd.key.nparser.KeYParser$One_includeContext.accept(KeYParser.java:878)
	at de.uka.ilkd.key.nparser.builder.AbstractBuilder.lambda$mapOf$0(AbstractBuilder.java:112)
	at java.base/java.util.stream.ReferencePipeline$3$1.accept(ReferencePipeline.java:195)
	at java.base/java.util.ArrayList$ArrayListSpliterator.forEachRemaining(ArrayList.java:1655)
	at java.base/java.util.stream.AbstractPipeline.copyInto(AbstractPipeline.java:484)
	at java.base/java.util.stream.AbstractPipeline.wrapAndCopyInto(AbstractPipeline.java:474)
	at java.base/java.util.stream.ReduceOps$ReduceOp.evaluateSequential(ReduceOps.java:913)
	at java.base/java.util.stream.AbstractPipeline.evaluate(AbstractPipeline.java:234)
	at java.base/java.util.stream.ReferencePipeline.collect(ReferencePipeline.java:578)
	at de.uka.ilkd.key.nparser.builder.AbstractBuilder.mapOf(AbstractBuilder.java:112)
	at de.uka.ilkd.key.nparser.builder.IncludeFinder.visitOne_include_statement(IncludeFinder.java:35)
	at de.uka.ilkd.key.nparser.builder.IncludeFinder.visitOne_include_statement(IncludeFinder.java:20)
	at de.uka.ilkd.key.nparser.KeYParser$One_include_statementContext.accept(KeYParser.java:802)
	at org.antlr.v4.runtime.tree.AbstractParseTreeVisitor.visitChildren(AbstractParseTreeVisitor.java:46)
	at de.uka.ilkd.key.nparser.KeYParserBaseVisitor.visitDecls(KeYParserBaseVisitor.java:30)
	at de.uka.ilkd.key.nparser.KeYParser$DeclsContext.accept(KeYParser.java:500)
	at org.antlr.v4.runtime.tree.AbstractParseTreeVisitor.visitChildren(AbstractParseTreeVisitor.java:46)
	at de.uka.ilkd.key.nparser.KeYParserBaseVisitor.visitFile(KeYParserBaseVisitor.java:23)
	at de.uka.ilkd.key.nparser.KeYParser$FileContext.accept(KeYParser.java:306)
	at de.uka.ilkd.key.nparser.KeyAst.accept(KeyAst.java:41)
	at de.uka.ilkd.key.nparser.KeyAst$File.getIncludes(KeyAst.java:76)
	at de.uka.ilkd.key.proof.io.KeYFile.readIncludes(KeYFile.java:208)
	... 14 more
Could not find rule file rules/intRulesCheckedSemantics.key (file: /home/runner/work/key/key/key.core/../key.ui/examples/index/../InformationFlow/MiniExamples/mini.MiniExamples(mini.MiniExamples__secure_p2_6()).Non-interference contract.0.m.key; caused by: de.uka.ilkd.key.proof.init.ProofInputException: Could not find rule file rules/intRulesCheckedSemantics.key)
	at de.uka.ilkd.key.control.AbstractUserInterfaceControl.load(AbstractUserInterfaceControl.java:221)
	at de.uka.ilkd.key.control.KeYEnvironment.load(KeYEnvironment.java:251)
	at de.uka.ilkd.key.control.KeYEnvironment.load(KeYEnvironment.java:224)
	at de.uka.ilkd.key.control.KeYEnvironment.load(KeYEnvironment.java:184)
	at de.uka.ilkd.key.control.KeYEnvironment.load(KeYEnvironment.java:261)
	at de.uka.ilkd.key.proof.runallproofs.proofcollection.TestFile.load(TestFile.java:270)
	at de.uka.ilkd.key.proof.runallproofs.proofcollection.TestFile.runKey(TestFile.java:160)
	at de.uka.ilkd.key.proof.runallproofs.proofcollection.ForkedTestFileRunner.main(ForkedTestFileRunner.java:171)
Caused by: de.uka.ilkd.key.proof.init.ProofInputException: Could not find rule file rules/intRulesCheckedSemantics.key
	at de.uka.ilkd.key.proof.io.KeYFile.readIncludes(KeYFile.java:210)
	at de.uka.ilkd.key.proof.init.ProblemInitializer.readIncludes(ProblemInitializer.java:177)
	at de.uka.ilkd.key.proof.init.ProblemInitializer.readEnvInput(ProblemInitializer.java:325)
	at de.uka.ilkd.key.proof.init.ProblemInitializer.prepare(ProblemInitializer.java:449)
	at de.uka.ilkd.key.proof.io.AbstractProblemLoader.createInitConfig(AbstractProblemLoader.java:518)
	at de.uka.ilkd.key.proof.io.AbstractProblemLoader.loadEnvironment(AbstractProblemLoader.java:288)
	at de.uka.ilkd.key.proof.io.AbstractProblemLoader.load(AbstractProblemLoader.java:252)
	at de.uka.ilkd.key.control.AbstractUserInterfaceControl.load(AbstractUserInterfaceControl.java:209)
	... 7 more
Caused by: java.lang.RuntimeException: Could not find rule file rules/intRulesCheckedSemantics.key
	at de.uka.ilkd.key.proof.io.RuleSourceFactory.fromBuiltInRule(RuleSourceFactory.java:32)
	at de.uka.ilkd.key.proof.io.RuleSourceFactory.fromDefaultLocation(RuleSourceFactory.java:21)
	at de.uka.ilkd.key.nparser.builder.IncludeFinder.addInclude(IncludeFinder.java:63)
	at de.uka.ilkd.key.nparser.builder.IncludeFinder.visitOne_include(IncludeFinder.java:43)
	at de.uka.ilkd.key.nparser.builder.IncludeFinder.visitOne_include(IncludeFinder.java:20)
	at de.uka.ilkd.key.nparser.KeYParser$One_includeContext.accept(KeYParser.java:878)
	at de.uka.ilkd.key.nparser.builder.AbstractBuilder.lambda$mapOf$0(AbstractBuilder.java:112)
	at java.base/java.util.stream.ReferencePipeline$3$1.accept(ReferencePipeline.java:195)
	at java.base/java.util.ArrayList$ArrayListSpliterator.forEachRemaining(ArrayList.java:1655)
	at java.base/java.util.stream.AbstractPipeline.copyInto(AbstractPipeline.java:484)
	at java.base/java.util.stream.AbstractPipeline.wrapAndCopyInto(AbstractPipeline.java:474)
	at java.base/java.util.stream.ReduceOps$ReduceOp.evaluateSequential(ReduceOps.java:913)
	at java.base/java.util.stream.AbstractPipeline.evaluate(AbstractPipeline.java:234)
	at java.base/java.util.stream.ReferencePipeline.collect(ReferencePipeline.java:578)
	at de.uka.ilkd.key.nparser.builder.AbstractBuilder.mapOf(AbstractBuilder.java:112)
	at de.uka.ilkd.key.nparser.builder.IncludeFinder.visitOne_include_statement(IncludeFinder.java:35)
	at de.uka.ilkd.key.nparser.builder.IncludeFinder.visitOne_include_statement(IncludeFinder.java:20)
	at de.uka.ilkd.key.nparser.KeYParser$One_include_statementContext.accept(KeYParser.java:802)
	at org.antlr.v4.runtime.tree.AbstractParseTreeVisitor.visitChildren(AbstractParseTreeVisitor.java:46)
	at de.uka.ilkd.key.nparser.KeYParserBaseVisitor.visitDecls(KeYParserBaseVisitor.java:30)
	at de.uka.ilkd.key.nparser.KeYParser$DeclsContext.accept(KeYParser.java:500)
	at org.antlr.v4.runtime.tree.AbstractParseTreeVisitor.visitChildren(AbstractParseTreeVisitor.java:46)
	at de.uka.ilkd.key.nparser.KeYParserBaseVisitor.visitFile(KeYParserBaseVisitor.java:23)
	at de.uka.ilkd.key.nparser.KeYParser$FileContext.accept(KeYParser.java:306)
	at de.uka.ilkd.key.nparser.KeyAst.accept(KeyAst.java:41)
	at de.uka.ilkd.key.nparser.KeyAst$File.getIncludes(KeyAst.java:76)
	at de.uka.ilkd.key.proof.io.KeYFile.readIncludes(KeYFile.java:208)
	... 14 more
Could not find rule file rules/intRulesCheckedSemantics.key (file: /home/runner/work/key/key/key.core/../key.ui/examples/index/../InformationFlow/MiniExamples/mini.MiniExamples(mini.MiniExamples__secure_p2_5()).Non-interference contract.0.m.key; caused by: de.uka.ilkd.key.proof.init.ProofInputException: Could not find rule file rules/intRulesCheckedSemantics.key)
	at de.uka.ilkd.key.control.AbstractUserInterfaceControl.load(AbstractUserInterfaceControl.java:221)
	at de.uka.ilkd.key.control.KeYEnvironment.load(KeYEnvironment.java:251)
	at de.uka.ilkd.key.control.KeYEnvironment.load(KeYEnvironment.java:224)
	at de.uka.ilkd.key.control.KeYEnvironment.load(KeYEnvironment.java:184)
	at de.uka.ilkd.key.control.KeYEnvironment.load(KeYEnvironment.java:261)
	at de.uka.ilkd.key.proof.runallproofs.proofcollection.TestFile.load(TestFile.java:270)
	at de.uka.ilkd.key.proof.runallproofs.proofcollection.TestFile.runKey(TestFile.java:160)
	at de.uka.ilkd.key.proof.runallproofs.proofcollection.ForkedTestFileRunner.main(ForkedTestFileRunner.java:171)
Caused by: de.uka.ilkd.key.proof.init.ProofInputException: Could not find rule file rules/intRulesCheckedSemantics.key
	at de.uka.ilkd.key.proof.io.KeYFile.readIncludes(KeYFile.java:210)
	at de.uka.ilkd.key.proof.init.ProblemInitializer.readIncludes(ProblemInitializer.java:177)
	at de.uka.ilkd.key.proof.init.ProblemInitializer.readEnvInput(ProblemInitializer.java:325)
	at de.uka.ilkd.key.proof.init.ProblemInitializer.prepare(ProblemInitializer.java:449)
	at de.uka.ilkd.key.proof.io.AbstractProblemLoader.createInitConfig(AbstractProblemLoader.java:518)
	at de.uka.ilkd.key.proof.io.AbstractProblemLoader.loadEnvironment(AbstractProblemLoader.java:288)
	at de.uka.ilkd.key.proof.io.AbstractProblemLoader.load(AbstractProblemLoader.java:252)
	at de.uka.ilkd.key.control.AbstractUserInterfaceControl.load(AbstractUserInterfaceControl.java:209)
	... 7 more
Caused by: java.lang.RuntimeException: Could not find rule file rules/intRulesCheckedSemantics.key
	at de.uka.ilkd.key.proof.io.RuleSourceFactory.fromBuiltInRule(RuleSourceFactory.java:32)
	at de.uka.ilkd.key.proof.io.RuleSourceFactory.fromDefaultLocation(RuleSourceFactory.java:21)
	at de.uka.ilkd.key.nparser.builder.IncludeFinder.addInclude(IncludeFinder.java:63)
	at de.uka.ilkd.key.nparser.builder.IncludeFinder.visitOne_include(IncludeFinder.java:43)
	at de.uka.ilkd.key.nparser.builder.IncludeFinder.visitOne_include(IncludeFinder.java:20)
	at de.uka.ilkd.key.nparser.KeYParser$One_includeContext.accept(KeYParser.java:878)
	at de.uka.ilkd.key.nparser.builder.AbstractBuilder.lambda$mapOf$0(AbstractBuilder.java:112)
	at java.base/java.util.stream.ReferencePipeline$3$1.accept(ReferencePipeline.java:195)
	at java.base/java.util.ArrayList$ArrayListSpliterator.forEachRemaining(ArrayList.java:1655)
	at java.base/java.util.stream.AbstractPipeline.copyInto(AbstractPipeline.java:484)
	at java.base/java.util.stream.AbstractPipeline.wrapAndCopyInto(AbstractPipeline.java:474)
	at java.base/java.util.stream.ReduceOps$ReduceOp.evaluateSequential(ReduceOps.java:913)
	at java.base/java.util.stream.AbstractPipeline.evaluate(AbstractPipeline.java:234)
	at java.base/java.util.stream.ReferencePipeline.collect(ReferencePipeline.java:578)
	at de.uka.ilkd.key.nparser.builder.AbstractBuilder.mapOf(AbstractBuilder.java:112)
	at de.uka.ilkd.key.nparser.builder.IncludeFinder.visitOne_include_statement(IncludeFinder.java:35)
	at de.uka.ilkd.key.nparser.builder.IncludeFinder.visitOne_include_statement(IncludeFinder.java:20)
	at de.uka.ilkd.key.nparser.KeYParser$One_include_statementContext.accept(KeYParser.java:802)
	at org.antlr.v4.runtime.tree.AbstractParseTreeVisitor.visitChildren(AbstractParseTreeVisitor.java:46)
	at de.uka.ilkd.key.nparser.KeYParserBaseVisitor.visitDecls(KeYParserBaseVisitor.java:30)
	at de.uka.ilkd.key.nparser.KeYParser$DeclsContext.accept(KeYParser.java:500)
	at org.antlr.v4.runtime.tree.AbstractParseTreeVisitor.visitChildren(AbstractParseTreeVisitor.java:46)
	at de.uka.ilkd.key.nparser.KeYParserBaseVisitor.visitFile(KeYParserBaseVisitor.java:23)
	at de.uka.ilkd.key.nparser.KeYParser$FileContext.accept(KeYParser.java:306)
	at de.uka.ilkd.key.nparser.KeyAst.accept(KeyAst.java:41)
	at de.uka.ilkd.key.nparser.KeyAst$File.getIncludes(KeyAst.java:76)
	at de.uka.ilkd.key.proof.io.KeYFile.readIncludes(KeYFile.java:208)
	... 14 more
Could not find rule file rules/intRulesCheckedSemantics.key (file: /home/runner/work/key/key/key.core/../key.ui/examples/index/../InformationFlow/MiniExamples/mini.MiniExamples(mini.MiniExamples__secure_p2_4()).Non-interference contract.0.m.key; caused by: de.uka.ilkd.key.proof.init.ProofInputException: Could not find rule file rules/intRulesCheckedSemantics.key)
	at de.uka.ilkd.key.control.AbstractUserInterfaceControl.load(AbstractUserInterfaceControl.java:221)
	at de.uka.ilkd.key.control.KeYEnvironment.load(KeYEnvironment.java:251)
	at de.uka.ilkd.key.control.KeYEnvironment.load(KeYEnvironment.java:224)
	at de.uka.ilkd.key.control.KeYEnvironment.load(KeYEnvironment.java:184)
	at de.uka.ilkd.key.control.KeYEnvironment.load(KeYEnvironment.java:261)
	at de.uka.ilkd.key.proof.runallproofs.proofcollection.TestFile.load(TestFile.java:270)
	at de.uka.ilkd.key.proof.runallproofs.proofcollection.TestFile.runKey(TestFile.java:160)
	at de.uka.ilkd.key.proof.runallproofs.proofcollection.ForkedTestFileRunner.main(ForkedTestFileRunner.java:171)
Caused by: de.uka.ilkd.key.proof.init.ProofInputException: Could not find rule file rules/intRulesCheckedSemantics.key
	at de.uka.ilkd.key.proof.io.KeYFile.readIncludes(KeYFile.java:210)
	at de.uka.ilkd.key.proof.init.ProblemInitializer.readIncludes(ProblemInitializer.java:177)
	at de.uka.ilkd.key.proof.init.ProblemInitializer.readEnvInput(ProblemInitializer.java:325)
	at de.uka.ilkd.key.proof.init.ProblemInitializer.prepare(ProblemInitializer.java:449)
	at de.uka.ilkd.key.proof.io.AbstractProblemLoader.createInitConfig(AbstractProblemLoader.java:518)
	at de.uka.ilkd.key.proof.io.AbstractProblemLoader.loadEnvironment(AbstractProblemLoader.java:288)
	at de.uka.ilkd.key.proof.io.AbstractProblemLoader.load(AbstractProblemLoader.java:252)
	at de.uka.ilkd.key.control.AbstractUserInterfaceControl.load(AbstractUserInterfaceControl.java:209)
	... 7 more
Caused by: java.lang.RuntimeException: Could not find rule file rules/intRulesCheckedSemantics.key
	at de.uka.ilkd.key.proof.io.RuleSourceFactory.fromBuiltInRule(RuleSourceFactory.java:32)
	at de.uka.ilkd.key.proof.io.RuleSourceFactory.fromDefaultLocation(RuleSourceFactory.java:21)
	at de.uka.ilkd.key.nparser.builder.IncludeFinder.addInclude(IncludeFinder.java:63)
	at de.uka.ilkd.key.nparser.builder.IncludeFinder.visitOne_include(IncludeFinder.java:43)
	at de.uka.ilkd.key.nparser.builder.IncludeFinder.visitOne_include(IncludeFinder.java:20)
	at de.uka.ilkd.key.nparser.KeYParser$One_includeContext.accept(KeYParser.java:878)
	at de.uka.ilkd.key.nparser.builder.AbstractBuilder.lambda$mapOf$0(AbstractBuilder.java:112)
	at java.base/java.util.stream.ReferencePipeline$3$1.accept(ReferencePipeline.java:195)
	at java.base/java.util.ArrayList$ArrayListSpliterator.forEachRemaining(ArrayList.java:1655)
	at java.base/java.util.stream.AbstractPipeline.copyInto(AbstractPipeline.java:484)
	at java.base/java.util.stream.AbstractPipeline.wrapAndCopyInto(AbstractPipeline.java:474)
	at java.base/java.util.stream.ReduceOps$ReduceOp.evaluateSequential(ReduceOps.java:913)
	at java.base/java.util.stream.AbstractPipeline.evaluate(AbstractPipeline.java:234)
	at java.base/java.util.stream.ReferencePipeline.collect(ReferencePipeline.java:578)
	at de.uka.ilkd.key.nparser.builder.AbstractBuilder.mapOf(AbstractBuilder.java:112)
	at de.uka.ilkd.key.nparser.builder.IncludeFinder.visitOne_include_statement(IncludeFinder.java:35)
	at de.uka.ilkd.key.nparser.builder.IncludeFinder.visitOne_include_statement(IncludeFinder.java:20)
	at de.uka.ilkd.key.nparser.KeYParser$One_include_statementContext.accept(KeYParser.java:802)
	at org.antlr.v4.runtime.tree.AbstractParseTreeVisitor.visitChildren(AbstractParseTreeVisitor.java:46)
	at de.uka.ilkd.key.nparser.KeYParserBaseVisitor.visitDecls(KeYParserBaseVisitor.java:30)
	at de.uka.ilkd.key.nparser.KeYParser$DeclsContext.accept(KeYParser.java:500)
	at org.antlr.v4.runtime.tree.AbstractParseTreeVisitor.visitChildren(AbstractParseTreeVisitor.java:46)
	at de.uka.ilkd.key.nparser.KeYParserBaseVisitor.visitFile(KeYParserBaseVisitor.java:23)
	at de.uka.ilkd.key.nparser.KeYParser$FileContext.accept(KeYParser.java:306)
	at de.uka.ilkd.key.nparser.KeyAst.accept(KeyAst.java:41)
	at de.uka.ilkd.key.nparser.KeyAst$File.getIncludes(KeyAst.java:76)
	at de.uka.ilkd.key.proof.io.KeYFile.readIncludes(KeYFile.java:208)
	... 14 more
Could not find rule file rules/intRulesCheckedSemantics.key (file: /home/runner/work/key/key/key.core/../key.ui/examples/index/../InformationFlow/MiniExamples/mini.MiniExamples(mini.MiniExamples__secure_p2_3()).Non-interference contract.0.m.key; caused by: de.uka.ilkd.key.proof.init.ProofInputException: Could not find rule file rules/intRulesCheckedSemantics.key)
	at de.uka.ilkd.key.control.AbstractUserInterfaceControl.load(AbstractUserInterfaceControl.java:221)
	at de.uka.ilkd.key.control.KeYEnvironment.load(KeYEnvironment.java:251)
	at de.uka.ilkd.key.control.KeYEnvironment.load(KeYEnvironment.java:224)
	at de.uka.ilkd.key.control.KeYEnvironment.load(KeYEnvironment.java:184)
	at de.uka.ilkd.key.control.KeYEnvironment.load(KeYEnvironment.java:261)
	at de.uka.ilkd.key.proof.runallproofs.proofcollection.TestFile.load(TestFile.java:270)
	at de.uka.ilkd.key.proof.runallproofs.proofcollection.TestFile.runKey(TestFile.java:160)
	at de.uka.ilkd.key.proof.runallproofs.proofcollection.ForkedTestFileRunner.main(ForkedTestFileRunner.java:171)
Caused by: de.uka.ilkd.key.proof.init.ProofInputException: Could not find rule file rules/intRulesCheckedSemantics.key
	at de.uka.ilkd.key.proof.io.KeYFile.readIncludes(KeYFile.java:210)
	at de.uka.ilkd.key.proof.init.ProblemInitializer.readIncludes(ProblemInitializer.java:177)
	at de.uka.ilkd.key.proof.init.ProblemInitializer.readEnvInput(ProblemInitializer.java:325)
	at de.uka.ilkd.key.proof.init.ProblemInitializer.prepare(ProblemInitializer.java:449)
	at de.uka.ilkd.key.proof.io.AbstractProblemLoader.createInitConfig(AbstractProblemLoader.java:518)
	at de.uka.ilkd.key.proof.io.AbstractProblemLoader.loadEnvironment(AbstractProblemLoader.java:288)
	at de.uka.ilkd.key.proof.io.AbstractProblemLoader.load(AbstractProblemLoader.java:252)
	at de.uka.ilkd.key.control.AbstractUserInterfaceControl.load(AbstractUserInterfaceControl.java:209)
	... 7 more
Caused by: java.lang.RuntimeException: Could not find rule file rules/intRulesCheckedSemantics.key
	at de.uka.ilkd.key.proof.io.RuleSourceFactory.fromBuiltInRule(RuleSourceFactory.java:32)
	at de.uka.ilkd.key.proof.io.RuleSourceFactory.fromDefaultLocation(RuleSourceFactory.java:21)
	at de.uka.ilkd.key.nparser.builder.IncludeFinder.addInclude(IncludeFinder.java:63)
	at de.uka.ilkd.key.nparser.builder.IncludeFinder.visitOne_include(IncludeFinder.java:43)
	at de.uka.ilkd.key.nparser.builder.IncludeFinder.visitOne_include(IncludeFinder.java:20)
	at de.uka.ilkd.key.nparser.KeYParser$One_includeContext.accept(KeYParser.java:878)
	at de.uka.ilkd.key.nparser.builder.AbstractBuilder.lambda$mapOf$0(AbstractBuilder.java:112)
	at java.base/java.util.stream.ReferencePipeline$3$1.accept(ReferencePipeline.java:195)
	at java.base/java.util.ArrayList$ArrayListSpliterator.forEachRemaining(ArrayList.java:1655)
	at java.base/java.util.stream.AbstractPipeline.copyInto(AbstractPipeline.java:484)
	at java.base/java.util.stream.AbstractPipeline.wrapAndCopyInto(AbstractPipeline.java:474)
	at java.base/java.util.stream.ReduceOps$ReduceOp.evaluateSequential(ReduceOps.java:913)
	at java.base/java.util.stream.AbstractPipeline.evaluate(AbstractPipeline.java:234)
	at java.base/java.util.stream.ReferencePipeline.collect(ReferencePipeline.java:578)
	at de.uka.ilkd.key.nparser.builder.AbstractBuilder.mapOf(AbstractBuilder.java:112)
	at de.uka.ilkd.key.nparser.builder.IncludeFinder.visitOne_include_statement(IncludeFinder.java:35)
	at de.uka.ilkd.key.nparser.builder.IncludeFinder.visitOne_include_statement(IncludeFinder.java:20)
	at de.uka.ilkd.key.nparser.KeYParser$One_include_statementContext.accept(KeYParser.java:802)
	at org.antlr.v4.runtime.tree.AbstractParseTreeVisitor.visitChildren(AbstractParseTreeVisitor.java:46)
	at de.uka.ilkd.key.nparser.KeYParserBaseVisitor.visitDecls(KeYParserBaseVisitor.java:30)
	at de.uka.ilkd.key.nparser.KeYParser$DeclsContext.accept(KeYParser.java:500)
	at org.antlr.v4.runtime.tree.AbstractParseTreeVisitor.visitChildren(AbstractParseTreeVisitor.java:46)
	at de.uka.ilkd.key.nparser.KeYParserBaseVisitor.visitFile(KeYParserBaseVisitor.java:23)
	at de.uka.ilkd.key.nparser.KeYParser$FileContext.accept(KeYParser.java:306)
	at de.uka.ilkd.key.nparser.KeyAst.accept(KeyAst.java:41)
	at de.uka.ilkd.key.nparser.KeyAst$File.getIncludes(KeyAst.java:76)
	at de.uka.ilkd.key.proof.io.KeYFile.readIncludes(KeYFile.java:208)
	... 14 more
Could not find rule file rules/intRulesCheckedSemantics.key (file: /home/runner/work/key/key/key.core/../key.ui/examples/index/../InformationFlow/MiniExamples/mini.MiniExamples(mini.MiniExamples__secure_p2_2()).Non-interference contract.0.m.key; caused by: de.uka.ilkd.key.proof.init.ProofInputException: Could not find rule file rules/intRulesCheckedSemantics.key)
	at de.uka.ilkd.key.control.AbstractUserInterfaceControl.load(AbstractUserInterfaceControl.java:221)
	at de.uka.ilkd.key.control.KeYEnvironment.load(KeYEnvironment.java:251)
	at de.uka.ilkd.key.control.KeYEnvironment.load(KeYEnvironment.java:224)
	at de.uka.ilkd.key.control.KeYEnvironment.load(KeYEnvironment.java:184)
	at de.uka.ilkd.key.control.KeYEnvironment.load(KeYEnvironment.java:261)
	at de.uka.ilkd.key.proof.runallproofs.proofcollection.TestFile.load(TestFile.java:270)
	at de.uka.ilkd.key.proof.runallproofs.proofcollection.TestFile.runKey(TestFile.java:160)
	at de.uka.ilkd.key.proof.runallproofs.proofcollection.ForkedTestFileRunner.main(ForkedTestFileRunner.java:171)
Caused by: de.uka.ilkd.key.proof.init.ProofInputException: Could not find rule file rules/intRulesCheckedSemantics.key
	at de.uka.ilkd.key.proof.io.KeYFile.readIncludes(KeYFile.java:210)
	at de.uka.ilkd.key.proof.init.ProblemInitializer.readIncludes(ProblemInitializer.java:177)
	at de.uka.ilkd.key.proof.init.ProblemInitializer.readEnvInput(ProblemInitializer.java:325)
	at de.uka.ilkd.key.proof.init.ProblemInitializer.prepare(ProblemInitializer.java:449)
	at de.uka.ilkd.key.proof.io.AbstractProblemLoader.createInitConfig(AbstractProblemLoader.java:518)
	at de.uka.ilkd.key.proof.io.AbstractProblemLoader.loadEnvironment(AbstractProblemLoader.java:288)
	at de.uka.ilkd.key.proof.io.AbstractProblemLoader.load(AbstractProblemLoader.java:252)
	at de.uka.ilkd.key.control.AbstractUserInterfaceControl.load(AbstractUserInterfaceControl.java:209)
	... 7 more
Caused by: java.lang.RuntimeException: Could not find rule file rules/intRulesCheckedSemantics.key
	at de.uka.ilkd.key.proof.io.RuleSourceFactory.fromBuiltInRule(RuleSourceFactory.java:32)
	at de.uka.ilkd.key.proof.io.RuleSourceFactory.fromDefaultLocation(RuleSourceFactory.java:21)
	at de.uka.ilkd.key.nparser.builder.IncludeFinder.addInclude(IncludeFinder.java:63)
	at de.uka.ilkd.key.nparser.builder.IncludeFinder.visitOne_include(IncludeFinder.java:43)
	at de.uka.ilkd.key.nparser.builder.IncludeFinder.visitOne_include(IncludeFinder.java:20)
	at de.uka.ilkd.key.nparser.KeYParser$One_includeContext.accept(KeYParser.java:878)
	at de.uka.ilkd.key.nparser.builder.AbstractBuilder.lambda$mapOf$0(AbstractBuilder.java:112)
	at java.base/java.util.stream.ReferencePipeline$3$1.accept(ReferencePipeline.java:195)
	at java.base/java.util.ArrayList$ArrayListSpliterator.forEachRemaining(ArrayList.java:1655)
	at java.base/java.util.stream.AbstractPipeline.copyInto(AbstractPipeline.java:484)
	at java.base/java.util.stream.AbstractPipeline.wrapAndCopyInto(AbstractPipeline.java:474)
	at java.base/java.util.stream.ReduceOps$ReduceOp.evaluateSequential(ReduceOps.java:913)
	at java.base/java.util.stream.AbstractPipeline.evaluate(AbstractPipeline.java:234)
	at java.base/java.util.stream.ReferencePipeline.collect(ReferencePipeline.java:578)
	at de.uka.ilkd.key.nparser.builder.AbstractBuilder.mapOf(AbstractBuilder.java:112)
	at de.uka.ilkd.key.nparser.builder.IncludeFinder.visitOne_include_statement(IncludeFinder.java:35)
	at de.uka.ilkd.key.nparser.builder.IncludeFinder.visitOne_include_statement(IncludeFinder.java:20)
	at de.uka.ilkd.key.nparser.KeYParser$One_include_statementContext.accept(KeYParser.java:802)
	at org.antlr.v4.runtime.tree.AbstractParseTreeVisitor.visitChildren(AbstractParseTreeVisitor.java:46)
	at de.uka.ilkd.key.nparser.KeYParserBaseVisitor.visitDecls(KeYParserBaseVisitor.java:30)
	at de.uka.ilkd.key.nparser.KeYParser$DeclsContext.accept(KeYParser.java:500)
	at org.antlr.v4.runtime.tree.AbstractParseTreeVisitor.visitChildren(AbstractParseTreeVisitor.java:46)
	at de.uka.ilkd.key.nparser.KeYParserBaseVisitor.visitFile(KeYParserBaseVisitor.java:23)
	at de.uka.ilkd.key.nparser.KeYParser$FileContext.accept(KeYParser.java:306)
	at de.uka.ilkd.key.nparser.KeyAst.accept(KeyAst.java:41)
	at de.uka.ilkd.key.nparser.KeyAst$File.getIncludes(KeyAst.java:76)
	at de.uka.ilkd.key.proof.io.KeYFile.readIncludes(KeYFile.java:208)
	... 14 more
Could not find rule file rules/intRulesCheckedSemantics.key (file: /home/runner/work/key/key/key.core/../key.ui/examples/index/../InformationFlow/MiniExamples/mini.MiniExamples(mini.MiniExamples__secure_p2_1()).Non-interference contract.0.m.key; caused by: de.uka.ilkd.key.proof.init.ProofInputException: Could not find rule file rules/intRulesCheckedSemantics.key)
	at de.uka.ilkd.key.control.AbstractUserInterfaceControl.load(AbstractUserInterfaceControl.java:221)
	at de.uka.ilkd.key.control.KeYEnvironment.load(KeYEnvironment.java:251)
	at de.uka.ilkd.key.control.KeYEnvironment.load(KeYEnvironment.java:224)
	at de.uka.ilkd.key.control.KeYEnvironment.load(KeYEnvironment.java:184)
	at de.uka.ilkd.key.control.KeYEnvironment.load(KeYEnvironment.java:261)
	at de.uka.ilkd.key.proof.runallproofs.proofcollection.TestFile.load(TestFile.java:270)
	at de.uka.ilkd.key.proof.runallproofs.proofcollection.TestFile.runKey(TestFile.java:160)
	at de.uka.ilkd.key.proof.runallproofs.proofcollection.ForkedTestFileRunner.main(ForkedTestFileRunner.java:171)
Caused by: de.uka.ilkd.key.proof.init.ProofInputException: Could not find rule file rules/intRulesCheckedSemantics.key
	at de.uka.ilkd.key.proof.io.KeYFile.readIncludes(KeYFile.java:210)
	at de.uka.ilkd.key.proof.init.ProblemInitializer.readIncludes(ProblemInitializer.java:177)
	at de.uka.ilkd.key.proof.init.ProblemInitializer.readEnvInput(ProblemInitializer.java:325)
	at de.uka.ilkd.key.proof.init.ProblemInitializer.prepare(ProblemInitializer.java:449)
	at de.uka.ilkd.key.proof.io.AbstractProblemLoader.createInitConfig(AbstractProblemLoader.java:518)
	at de.uka.ilkd.key.proof.io.AbstractProblemLoader.loadEnvironment(AbstractProblemLoader.java:288)
	at de.uka.ilkd.key.proof.io.AbstractProblemLoader.load(AbstractProblemLoader.java:252)
	at de.uka.ilkd.key.control.AbstractUserInterfaceControl.load(AbstractUserInterfaceControl.java:209)
	... 7 more
Caused by: java.lang.RuntimeException: Could not find rule file rules/intRulesCheckedSemantics.key
	at de.uka.ilkd.key.proof.io.RuleSourceFactory.fromBuiltInRule(RuleSourceFactory.java:32)
	at de.uka.ilkd.key.proof.io.RuleSourceFactory.fromDefaultLocation(RuleSourceFactory.java:21)
	at de.uka.ilkd.key.nparser.builder.IncludeFinder.addInclude(IncludeFinder.java:63)
	at de.uka.ilkd.key.nparser.builder.IncludeFinder.visitOne_include(IncludeFinder.java:43)
	at de.uka.ilkd.key.nparser.builder.IncludeFinder.visitOne_include(IncludeFinder.java:20)
	at de.uka.ilkd.key.nparser.KeYParser$One_includeContext.accept(KeYParser.java:878)
	at de.uka.ilkd.key.nparser.builder.AbstractBuilder.lambda$mapOf$0(AbstractBuilder.java:112)
	at java.base/java.util.stream.ReferencePipeline$3$1.accept(ReferencePipeline.java:195)
	at java.base/java.util.ArrayList$ArrayListSpliterator.forEachRemaining(ArrayList.java:1655)
	at java.base/java.util.stream.AbstractPipeline.copyInto(AbstractPipeline.java:484)
	at java.base/java.util.stream.AbstractPipeline.wrapAndCopyInto(AbstractPipeline.java:474)
	at java.base/java.util.stream.ReduceOps$ReduceOp.evaluateSequential(ReduceOps.java:913)
	at java.base/java.util.stream.AbstractPipeline.evaluate(AbstractPipeline.java:234)
	at java.base/java.util.stream.ReferencePipeline.collect(ReferencePipeline.java:578)
	at de.uka.ilkd.key.nparser.builder.AbstractBuilder.mapOf(AbstractBuilder.java:112)
	at de.uka.ilkd.key.nparser.builder.IncludeFinder.visitOne_include_statement(IncludeFinder.java:35)
	at de.uka.ilkd.key.nparser.builder.IncludeFinder.visitOne_include_statement(IncludeFinder.java:20)
	at de.uka.ilkd.key.nparser.KeYParser$One_include_statementContext.accept(KeYParser.java:802)
	at org.antlr.v4.runtime.tree.AbstractParseTreeVisitor.visitChildren(AbstractParseTreeVisitor.java:46)
	at de.uka.ilkd.key.nparser.KeYParserBaseVisitor.visitDecls(KeYParserBaseVisitor.java:30)
	at de.uka.ilkd.key.nparser.KeYParser$DeclsContext.accept(KeYParser.java:500)
	at org.antlr.v4.runtime.tree.AbstractParseTreeVisitor.visitChildren(AbstractParseTreeVisitor.java:46)
	at de.uka.ilkd.key.nparser.KeYParserBaseVisitor.visitFile(KeYParserBaseVisitor.java:23)
	at de.uka.ilkd.key.nparser.KeYParser$FileContext.accept(KeYParser.java:306)
	at de.uka.ilkd.key.nparser.KeyAst.accept(KeyAst.java:41)
	at de.uka.ilkd.key.nparser.KeyAst$File.getIncludes(KeyAst.java:76)
	at de.uka.ilkd.key.proof.io.KeYFile.readIncludes(KeYFile.java:208)
	... 14 more
Could not find rule file rules/intRulesCheckedSemantics.key (file: /home/runner/work/key/key/key.core/../key.ui/examples/index/../InformationFlow/MiniExamples/mini.MiniExamples(mini.MiniExamples__insecure_p2_1()).Non-interference contract.0.m.key; caused by: de.uka.ilkd.key.proof.init.ProofInputException: Could not find rule file rules/intRulesCheckedSemantics.key)
	at de.uka.ilkd.key.control.AbstractUserInterfaceControl.load(AbstractUserInterfaceControl.java:221)
	at de.uka.ilkd.key.control.KeYEnvironment.load(KeYEnvironment.java:251)
	at de.uka.ilkd.key.control.KeYEnvironment.load(KeYEnvironment.java:224)
	at de.uka.ilkd.key.control.KeYEnvironment.load(KeYEnvironment.java:184)
	at de.uka.ilkd.key.control.KeYEnvironment.load(KeYEnvironment.java:261)
	at de.uka.ilkd.key.proof.runallproofs.proofcollection.TestFile.load(TestFile.java:270)
	at de.uka.ilkd.key.proof.runallproofs.proofcollection.TestFile.runKey(TestFile.java:160)
	at de.uka.ilkd.key.proof.runallproofs.proofcollection.ForkedTestFileRunner.main(ForkedTestFileRunner.java:171)
Caused by: de.uka.ilkd.key.proof.init.ProofInputException: Could not find rule file rules/intRulesCheckedSemantics.key
	at de.uka.ilkd.key.proof.io.KeYFile.readIncludes(KeYFile.java:210)
	at de.uka.ilkd.key.proof.init.ProblemInitializer.readIncludes(ProblemInitializer.java:177)
	at de.uka.ilkd.key.proof.init.ProblemInitializer.readEnvInput(ProblemInitializer.java:325)
	at de.uka.ilkd.key.proof.init.ProblemInitializer.prepare(ProblemInitializer.java:449)
	at de.uka.ilkd.key.proof.io.AbstractProblemLoader.createInitConfig(AbstractProblemLoader.java:518)
	at de.uka.ilkd.key.proof.io.AbstractProblemLoader.loadEnvironment(AbstractProblemLoader.java:288)
	at de.uka.ilkd.key.proof.io.AbstractProblemLoader.load(AbstractProblemLoader.java:252)
	at de.uka.ilkd.key.control.AbstractUserInterfaceControl.load(AbstractUserInterfaceControl.java:209)
	... 7 more
Caused by: java.lang.RuntimeException: Could not find rule file rules/intRulesCheckedSemantics.key
	at de.uka.ilkd.key.proof.io.RuleSourceFactory.fromBuiltInRule(RuleSourceFactory.java:32)
	at de.uka.ilkd.key.proof.io.RuleSourceFactory.fromDefaultLocation(RuleSourceFactory.java:21)
	at de.uka.ilkd.key.nparser.builder.IncludeFinder.addInclude(IncludeFinder.java:63)
	at de.uka.ilkd.key.nparser.builder.IncludeFinder.visitOne_include(IncludeFinder.java:43)
	at de.uka.ilkd.key.nparser.builder.IncludeFinder.visitOne_include(IncludeFinder.java:20)
	at de.uka.ilkd.key.nparser.KeYParser$One_includeContext.accept(KeYParser.java:878)
	at de.uka.ilkd.key.nparser.builder.AbstractBuilder.lambda$mapOf$0(AbstractBuilder.java:112)
	at java.base/java.util.stream.ReferencePipeline$3$1.accept(ReferencePipeline.java:195)
	at java.base/java.util.ArrayList$ArrayListSpliterator.forEachRemaining(ArrayList.java:1655)
	at java.base/java.util.stream.AbstractPipeline.copyInto(AbstractPipeline.java:484)
	at java.base/java.util.stream.AbstractPipeline.wrapAndCopyInto(AbstractPipeline.java:474)
	at java.base/java.util.stream.ReduceOps$ReduceOp.evaluateSequential(ReduceOps.java:913)
	at java.base/java.util.stream.AbstractPipeline.evaluate(AbstractPipeline.java:234)
	at java.base/java.util.stream.ReferencePipeline.collect(ReferencePipeline.java:578)
	at de.uka.ilkd.key.nparser.builder.AbstractBuilder.mapOf(AbstractBuilder.java:112)
	at de.uka.ilkd.key.nparser.builder.IncludeFinder.visitOne_include_statement(IncludeFinder.java:35)
	at de.uka.ilkd.key.nparser.builder.IncludeFinder.visitOne_include_statement(IncludeFinder.java:20)
	at de.uka.ilkd.key.nparser.KeYParser$One_include_statementContext.accept(KeYParser.java:802)
	at org.antlr.v4.runtime.tree.AbstractParseTreeVisitor.visitChildren(AbstractParseTreeVisitor.java:46)
	at de.uka.ilkd.key.nparser.KeYParserBaseVisitor.visitDecls(KeYParserBaseVisitor.java:30)
	at de.uka.ilkd.key.nparser.KeYParser$DeclsContext.accept(KeYParser.java:500)
	at org.antlr.v4.runtime.tree.AbstractParseTreeVisitor.visitChildren(AbstractParseTreeVisitor.java:46)
	at de.uka.ilkd.key.nparser.KeYParserBaseVisitor.visitFile(KeYParserBaseVisitor.java:23)
	at de.uka.ilkd.key.nparser.KeYParser$FileContext.accept(KeYParser.java:306)
	at de.uka.ilkd.key.nparser.KeyAst.accept(KeyAst.java:41)
	at de.uka.ilkd.key.nparser.KeyAst$File.getIncludes(KeyAst.java:76)
	at de.uka.ilkd.key.proof.io.KeYFile.readIncludes(KeYFile.java:208)
	... 14 more
Could not find rule file rules/intRulesCheckedSemantics.key (file: /home/runner/work/key/key/key.core/../key.ui/examples/index/../InformationFlow/MiniExamples/mini.MiniExamples(mini.MiniExamples__secure_p1_6()).Non-interference contract.0.m.key; caused by: de.uka.ilkd.key.proof.init.ProofInputException: Could not find rule file rules/intRulesCheckedSemantics.key)
	at de.uka.ilkd.key.control.AbstractUserInterfaceControl.load(AbstractUserInterfaceControl.java:221)
	at de.uka.ilkd.key.control.KeYEnvironment.load(KeYEnvironment.java:251)
	at de.uka.ilkd.key.control.KeYEnvironment.load(KeYEnvironment.java:224)
	at de.uka.ilkd.key.control.KeYEnvironment.load(KeYEnvironment.java:184)
	at de.uka.ilkd.key.control.KeYEnvironment.load(KeYEnvironment.java:261)
	at de.uka.ilkd.key.proof.runallproofs.proofcollection.TestFile.load(TestFile.java:270)
	at de.uka.ilkd.key.proof.runallproofs.proofcollection.TestFile.runKey(TestFile.java:160)
	at de.uka.ilkd.key.proof.runallproofs.proofcollection.ForkedTestFileRunner.main(ForkedTestFileRunner.java:171)
Caused by: de.uka.ilkd.key.proof.init.ProofInputException: Could not find rule file rules/intRulesCheckedSemantics.key
	at de.uka.ilkd.key.proof.io.KeYFile.readIncludes(KeYFile.java:210)
	at de.uka.ilkd.key.proof.init.ProblemInitializer.readIncludes(ProblemInitializer.java:177)
	at de.uka.ilkd.key.proof.init.ProblemInitializer.readEnvInput(ProblemInitializer.java:325)
	at de.uka.ilkd.key.proof.init.ProblemInitializer.prepare(ProblemInitializer.java:449)
	at de.uka.ilkd.key.proof.io.AbstractProblemLoader.createInitConfig(AbstractProblemLoader.java:518)
	at de.uka.ilkd.key.proof.io.AbstractProblemLoader.loadEnvironment(AbstractProblemLoader.java:288)
	at de.uka.ilkd.key.proof.io.AbstractProblemLoader.load(AbstractProblemLoader.java:252)
	at de.uka.ilkd.key.control.AbstractUserInterfaceControl.load(AbstractUserInterfaceControl.java:209)
	... 7 more
Caused by: java.lang.RuntimeException: Could not find rule file rules/intRulesCheckedSemantics.key
	at de.uka.ilkd.key.proof.io.RuleSourceFactory.fromBuiltInRule(RuleSourceFactory.java:32)
	at de.uka.ilkd.key.proof.io.RuleSourceFactory.fromDefaultLocation(RuleSourceFactory.java:21)
	at de.uka.ilkd.key.nparser.builder.IncludeFinder.addInclude(IncludeFinder.java:63)
	at de.uka.ilkd.key.nparser.builder.IncludeFinder.visitOne_include(IncludeFinder.java:43)
	at de.uka.ilkd.key.nparser.builder.IncludeFinder.visitOne_include(IncludeFinder.java:20)
	at de.uka.ilkd.key.nparser.KeYParser$One_includeContext.accept(KeYParser.java:878)
	at de.uka.ilkd.key.nparser.builder.AbstractBuilder.lambda$mapOf$0(AbstractBuilder.java:112)
	at java.base/java.util.stream.ReferencePipeline$3$1.accept(ReferencePipeline.java:195)
	at java.base/java.util.ArrayList$ArrayListSpliterator.forEachRemaining(ArrayList.java:1655)
	at java.base/java.util.stream.AbstractPipeline.copyInto(AbstractPipeline.java:484)
	at java.base/java.util.stream.AbstractPipeline.wrapAndCopyInto(AbstractPipeline.java:474)
	at java.base/java.util.stream.ReduceOps$ReduceOp.evaluateSequential(ReduceOps.java:913)
	at java.base/java.util.stream.AbstractPipeline.evaluate(AbstractPipeline.java:234)
	at java.base/java.util.stream.ReferencePipeline.collect(ReferencePipeline.java:578)
	at de.uka.ilkd.key.nparser.builder.AbstractBuilder.mapOf(AbstractBuilder.java:112)
	at de.uka.ilkd.key.nparser.builder.IncludeFinder.visitOne_include_statement(IncludeFinder.java:35)
	at de.uka.ilkd.key.nparser.builder.IncludeFinder.visitOne_include_statement(IncludeFinder.java:20)
	at de.uka.ilkd.key.nparser.KeYParser$One_include_statementContext.accept(KeYParser.java:802)
	at org.antlr.v4.runtime.tree.AbstractParseTreeVisitor.visitChildren(AbstractParseTreeVisitor.java:46)
	at de.uka.ilkd.key.nparser.KeYParserBaseVisitor.visitDecls(KeYParserBaseVisitor.java:30)
	at de.uka.ilkd.key.nparser.KeYParser$DeclsContext.accept(KeYParser.java:500)
	at org.antlr.v4.runtime.tree.AbstractParseTreeVisitor.visitChildren(AbstractParseTreeVisitor.java:46)
	at de.uka.ilkd.key.nparser.KeYParserBaseVisitor.visitFile(KeYParserBaseVisitor.java:23)
	at de.uka.ilkd.key.nparser.KeYParser$FileContext.accept(KeYParser.java:306)
	at de.uka.ilkd.key.nparser.KeyAst.accept(KeyAst.java:41)
	at de.uka.ilkd.key.nparser.KeyAst$File.getIncludes(KeyAst.java:76)
	at de.uka.ilkd.key.proof.io.KeYFile.readIncludes(KeYFile.java:208)
	... 14 more
Could not find rule file rules/intRulesCheckedSemantics.key (file: /home/runner/work/key/key/key.core/../key.ui/examples/index/../InformationFlow/MiniExamples/mini.MiniExamples(mini.MiniExamples__secure_p1_5()).Non-interference contract.0.m.key; caused by: de.uka.ilkd.key.proof.init.ProofInputException: Could not find rule file rules/intRulesCheckedSemantics.key)
	at de.uka.ilkd.key.control.AbstractUserInterfaceControl.load(AbstractUserInterfaceControl.java:221)
	at de.uka.ilkd.key.control.KeYEnvironment.load(KeYEnvironment.java:251)
	at de.uka.ilkd.key.control.KeYEnvironment.load(KeYEnvironment.java:224)
	at de.uka.ilkd.key.control.KeYEnvironment.load(KeYEnvironment.java:184)
	at de.uka.ilkd.key.control.KeYEnvironment.load(KeYEnvironment.java:261)
	at de.uka.ilkd.key.proof.runallproofs.proofcollection.TestFile.load(TestFile.java:270)
	at de.uka.ilkd.key.proof.runallproofs.proofcollection.TestFile.runKey(TestFile.java:160)
	at de.uka.ilkd.key.proof.runallproofs.proofcollection.ForkedTestFileRunner.main(ForkedTestFileRunner.java:171)
Caused by: de.uka.ilkd.key.proof.init.ProofInputException: Could not find rule file rules/intRulesCheckedSemantics.key
	at de.uka.ilkd.key.proof.io.KeYFile.readIncludes(KeYFile.java:210)
	at de.uka.ilkd.key.proof.init.ProblemInitializer.readIncludes(ProblemInitializer.java:177)
	at de.uka.ilkd.key.proof.init.ProblemInitializer.readEnvInput(ProblemInitializer.java:325)
	at de.uka.ilkd.key.proof.init.ProblemInitializer.prepare(ProblemInitializer.java:449)
	at de.uka.ilkd.key.proof.io.AbstractProblemLoader.createInitConfig(AbstractProblemLoader.java:518)
	at de.uka.ilkd.key.proof.io.AbstractProblemLoader.loadEnvironment(AbstractProblemLoader.java:288)
	at de.uka.ilkd.key.proof.io.AbstractProblemLoader.load(AbstractProblemLoader.java:252)
	at de.uka.ilkd.key.control.AbstractUserInterfaceControl.load(AbstractUserInterfaceControl.java:209)
	... 7 more
Caused by: java.lang.RuntimeException: Could not find rule file rules/intRulesCheckedSemantics.key
	at de.uka.ilkd.key.proof.io.RuleSourceFactory.fromBuiltInRule(RuleSourceFactory.java:32)
	at de.uka.ilkd.key.proof.io.RuleSourceFactory.fromDefaultLocation(RuleSourceFactory.java:21)
	at de.uka.ilkd.key.nparser.builder.IncludeFinder.addInclude(IncludeFinder.java:63)
	at de.uka.ilkd.key.nparser.builder.IncludeFinder.visitOne_include(IncludeFinder.java:43)
	at de.uka.ilkd.key.nparser.builder.IncludeFinder.visitOne_include(IncludeFinder.java:20)
	at de.uka.ilkd.key.nparser.KeYParser$One_includeContext.accept(KeYParser.java:878)
	at de.uka.ilkd.key.nparser.builder.AbstractBuilder.lambda$mapOf$0(AbstractBuilder.java:112)
	at java.base/java.util.stream.ReferencePipeline$3$1.accept(ReferencePipeline.java:195)
	at java.base/java.util.ArrayList$ArrayListSpliterator.forEachRemaining(ArrayList.java:1655)
	at java.base/java.util.stream.AbstractPipeline.copyInto(AbstractPipeline.java:484)
	at java.base/java.util.stream.AbstractPipeline.wrapAndCopyInto(AbstractPipeline.java:474)
	at java.base/java.util.stream.ReduceOps$ReduceOp.evaluateSequential(ReduceOps.java:913)
	at java.base/java.util.stream.AbstractPipeline.evaluate(AbstractPipeline.java:234)
	at java.base/java.util.stream.ReferencePipeline.collect(ReferencePipeline.java:578)
	at de.uka.ilkd.key.nparser.builder.AbstractBuilder.mapOf(AbstractBuilder.java:112)
	at de.uka.ilkd.key.nparser.builder.IncludeFinder.visitOne_include_statement(IncludeFinder.java:35)
	at de.uka.ilkd.key.nparser.builder.IncludeFinder.visitOne_include_statement(IncludeFinder.java:20)
	at de.uka.ilkd.key.nparser.KeYParser$One_include_statementContext.accept(KeYParser.java:802)
	at org.antlr.v4.runtime.tree.AbstractParseTreeVisitor.visitChildren(AbstractParseTreeVisitor.java:46)
	at de.uka.ilkd.key.nparser.KeYParserBaseVisitor.visitDecls(KeYParserBaseVisitor.java:30)
	at de.uka.ilkd.key.nparser.KeYParser$DeclsContext.accept(KeYParser.java:500)
	at org.antlr.v4.runtime.tree.AbstractParseTreeVisitor.visitChildren(AbstractParseTreeVisitor.java:46)
	at de.uka.ilkd.key.nparser.KeYParserBaseVisitor.visitFile(KeYParserBaseVisitor.java:23)
	at de.uka.ilkd.key.nparser.KeYParser$FileContext.accept(KeYParser.java:306)
	at de.uka.ilkd.key.nparser.KeyAst.accept(KeyAst.java:41)
	at de.uka.ilkd.key.nparser.KeyAst$File.getIncludes(KeyAst.java:76)
	at de.uka.ilkd.key.proof.io.KeYFile.readIncludes(KeYFile.java:208)
	... 14 more
Could not find rule file rules/intRulesCheckedSemantics.key (file: /home/runner/work/key/key/key.core/../key.ui/examples/index/../InformationFlow/MiniExamples/mini.MiniExamples(mini.MiniExamples__secure_p1_4()).Non-interference contract.0.m.key; caused by: de.uka.ilkd.key.proof.init.ProofInputException: Could not find rule file rules/intRulesCheckedSemantics.key)
	at de.uka.ilkd.key.control.AbstractUserInterfaceControl.load(AbstractUserInterfaceControl.java:221)
	at de.uka.ilkd.key.control.KeYEnvironment.load(KeYEnvironment.java:251)
	at de.uka.ilkd.key.control.KeYEnvironment.load(KeYEnvironment.java:224)
	at de.uka.ilkd.key.control.KeYEnvironment.load(KeYEnvironment.java:184)
	at de.uka.ilkd.key.control.KeYEnvironment.load(KeYEnvironment.java:261)
	at de.uka.ilkd.key.proof.runallproofs.proofcollection.TestFile.load(TestFile.java:270)
	at de.uka.ilkd.key.proof.runallproofs.proofcollection.TestFile.runKey(TestFile.java:160)
	at de.uka.ilkd.key.proof.runallproofs.proofcollection.ForkedTestFileRunner.main(ForkedTestFileRunner.java:171)
Caused by: de.uka.ilkd.key.proof.init.ProofInputException: Could not find rule file rules/intRulesCheckedSemantics.key
	at de.uka.ilkd.key.proof.io.KeYFile.readIncludes(KeYFile.java:210)
	at de.uka.ilkd.key.proof.init.ProblemInitializer.readIncludes(ProblemInitializer.java:177)
	at de.uka.ilkd.key.proof.init.ProblemInitializer.readEnvInput(ProblemInitializer.java:325)
	at de.uka.ilkd.key.proof.init.ProblemInitializer.prepare(ProblemInitializer.java:449)
	at de.uka.ilkd.key.proof.io.AbstractProblemLoader.createInitConfig(AbstractProblemLoader.java:518)
	at de.uka.ilkd.key.proof.io.AbstractProblemLoader.loadEnvironment(AbstractProblemLoader.java:288)
	at de.uka.ilkd.key.proof.io.AbstractProblemLoader.load(AbstractProblemLoader.java:252)
	at de.uka.ilkd.key.control.AbstractUserInterfaceControl.load(AbstractUserInterfaceControl.java:209)
	... 7 more
Caused by: java.lang.RuntimeException: Could not find rule file rules/intRulesCheckedSemantics.key
	at de.uka.ilkd.key.proof.io.RuleSourceFactory.fromBuiltInRule(RuleSourceFactory.java:32)
	at de.uka.ilkd.key.proof.io.RuleSourceFactory.fromDefaultLocation(RuleSourceFactory.java:21)
	at de.uka.ilkd.key.nparser.builder.IncludeFinder.addInclude(IncludeFinder.java:63)
	at de.uka.ilkd.key.nparser.builder.IncludeFinder.visitOne_include(IncludeFinder.java:43)
	at de.uka.ilkd.key.nparser.builder.IncludeFinder.visitOne_include(IncludeFinder.java:20)
	at de.uka.ilkd.key.nparser.KeYParser$One_includeContext.accept(KeYParser.java:878)
	at de.uka.ilkd.key.nparser.builder.AbstractBuilder.lambda$mapOf$0(AbstractBuilder.java:112)
	at java.base/java.util.stream.ReferencePipeline$3$1.accept(ReferencePipeline.java:195)
	at java.base/java.util.ArrayList$ArrayListSpliterator.forEachRemaining(ArrayList.java:1655)
	at java.base/java.util.stream.AbstractPipeline.copyInto(AbstractPipeline.java:484)
	at java.base/java.util.stream.AbstractPipeline.wrapAndCopyInto(AbstractPipeline.java:474)
	at java.base/java.util.stream.ReduceOps$ReduceOp.evaluateSequential(ReduceOps.java:913)
	at java.base/java.util.stream.AbstractPipeline.evaluate(AbstractPipeline.java:234)
	at java.base/java.util.stream.ReferencePipeline.collect(ReferencePipeline.java:578)
	at de.uka.ilkd.key.nparser.builder.AbstractBuilder.mapOf(AbstractBuilder.java:112)
	at de.uka.ilkd.key.nparser.builder.IncludeFinder.visitOne_include_statement(IncludeFinder.java:35)
	at de.uka.ilkd.key.nparser.builder.IncludeFinder.visitOne_include_statement(IncludeFinder.java:20)
	at de.uka.ilkd.key.nparser.KeYParser$One_include_statementContext.accept(KeYParser.java:802)
	at org.antlr.v4.runtime.tree.AbstractParseTreeVisitor.visitChildren(AbstractParseTreeVisitor.java:46)
	at de.uka.ilkd.key.nparser.KeYParserBaseVisitor.visitDecls(KeYParserBaseVisitor.java:30)
	at de.uka.ilkd.key.nparser.KeYParser$DeclsContext.accept(KeYParser.java:500)
	at org.antlr.v4.runtime.tree.AbstractParseTreeVisitor.visitChildren(AbstractParseTreeVisitor.java:46)
	at de.uka.ilkd.key.nparser.KeYParserBaseVisitor.visitFile(KeYParserBaseVisitor.java:23)
	at de.uka.ilkd.key.nparser.KeYParser$FileContext.accept(KeYParser.java:306)
	at de.uka.ilkd.key.nparser.KeyAst.accept(KeyAst.java:41)
	at de.uka.ilkd.key.nparser.KeyAst$File.getIncludes(KeyAst.java:76)
	at de.uka.ilkd.key.proof.io.KeYFile.readIncludes(KeYFile.java:208)
	... 14 more
Could not find rule file rules/intRulesCheckedSemantics.key (file: /home/runner/work/key/key/key.core/../key.ui/examples/index/../InformationFlow/MiniExamples/mini.MiniExamples(mini.MiniExamples__secure_p1_3()).Non-interference contract.0.m.key; caused by: de.uka.ilkd.key.proof.init.ProofInputException: Could not find rule file rules/intRulesCheckedSemantics.key)
	at de.uka.ilkd.key.control.AbstractUserInterfaceControl.load(AbstractUserInterfaceControl.java:221)
	at de.uka.ilkd.key.control.KeYEnvironment.load(KeYEnvironment.java:251)
	at de.uka.ilkd.key.control.KeYEnvironment.load(KeYEnvironment.java:224)
	at de.uka.ilkd.key.control.KeYEnvironment.load(KeYEnvironment.java:184)
	at de.uka.ilkd.key.control.KeYEnvironment.load(KeYEnvironment.java:261)
	at de.uka.ilkd.key.proof.runallproofs.proofcollection.TestFile.load(TestFile.java:270)
	at de.uka.ilkd.key.proof.runallproofs.proofcollection.TestFile.runKey(TestFile.java:160)
	at de.uka.ilkd.key.proof.runallproofs.proofcollection.ForkedTestFileRunner.main(ForkedTestFileRunner.java:171)
Caused by: de.uka.ilkd.key.proof.init.ProofInputException: Could not find rule file rules/intRulesCheckedSemantics.key
	at de.uka.ilkd.key.proof.io.KeYFile.readIncludes(KeYFile.java:210)
	at de.uka.ilkd.key.proof.init.ProblemInitializer.readIncludes(ProblemInitializer.java:177)
	at de.uka.ilkd.key.proof.init.ProblemInitializer.readEnvInput(ProblemInitializer.java:325)
	at de.uka.ilkd.key.proof.init.ProblemInitializer.prepare(ProblemInitializer.java:449)
	at de.uka.ilkd.key.proof.io.AbstractProblemLoader.createInitConfig(AbstractProblemLoader.java:518)
	at de.uka.ilkd.key.proof.io.AbstractProblemLoader.loadEnvironment(AbstractProblemLoader.java:288)
	at de.uka.ilkd.key.proof.io.AbstractProblemLoader.load(AbstractProblemLoader.java:252)
	at de.uka.ilkd.key.control.AbstractUserInterfaceControl.load(AbstractUserInterfaceControl.java:209)
	... 7 more
Caused by: java.lang.RuntimeException: Could not find rule file rules/intRulesCheckedSemantics.key
	at de.uka.ilkd.key.proof.io.RuleSourceFactory.fromBuiltInRule(RuleSourceFactory.java:32)
	at de.uka.ilkd.key.proof.io.RuleSourceFactory.fromDefaultLocation(RuleSourceFactory.java:21)
	at de.uka.ilkd.key.nparser.builder.IncludeFinder.addInclude(IncludeFinder.java:63)
	at de.uka.ilkd.key.nparser.builder.IncludeFinder.visitOne_include(IncludeFinder.java:43)
	at de.uka.ilkd.key.nparser.builder.IncludeFinder.visitOne_include(IncludeFinder.java:20)
	at de.uka.ilkd.key.nparser.KeYParser$One_includeContext.accept(KeYParser.java:878)
	at de.uka.ilkd.key.nparser.builder.AbstractBuilder.lambda$mapOf$0(AbstractBuilder.java:112)
	at java.base/java.util.stream.ReferencePipeline$3$1.accept(ReferencePipeline.java:195)
	at java.base/java.util.ArrayList$ArrayListSpliterator.forEachRemaining(ArrayList.java:1655)
	at java.base/java.util.stream.AbstractPipeline.copyInto(AbstractPipeline.java:484)
	at java.base/java.util.stream.AbstractPipeline.wrapAndCopyInto(AbstractPipeline.java:474)
	at java.base/java.util.stream.ReduceOps$ReduceOp.evaluateSequential(ReduceOps.java:913)
	at java.base/java.util.stream.AbstractPipeline.evaluate(AbstractPipeline.java:234)
	at java.base/java.util.stream.ReferencePipeline.collect(ReferencePipeline.java:578)
	at de.uka.ilkd.key.nparser.builder.AbstractBuilder.mapOf(AbstractBuilder.java:112)
	at de.uka.ilkd.key.nparser.builder.IncludeFinder.visitOne_include_statement(IncludeFinder.java:35)
	at de.uka.ilkd.key.nparser.builder.IncludeFinder.visitOne_include_statement(IncludeFinder.java:20)
	at de.uka.ilkd.key.nparser.KeYParser$One_include_statementContext.accept(KeYParser.java:802)
	at org.antlr.v4.runtime.tree.AbstractParseTreeVisitor.visitChildren(AbstractParseTreeVisitor.java:46)
	at de.uka.ilkd.key.nparser.KeYParserBaseVisitor.visitDecls(KeYParserBaseVisitor.java:30)
	at de.uka.ilkd.key.nparser.KeYParser$DeclsContext.accept(KeYParser.java:500)
	at org.antlr.v4.runtime.tree.AbstractParseTreeVisitor.visitChildren(AbstractParseTreeVisitor.java:46)
	at de.uka.ilkd.key.nparser.KeYParserBaseVisitor.visitFile(KeYParserBaseVisitor.java:23)
	at de.uka.ilkd.key.nparser.KeYParser$FileContext.accept(KeYParser.java:306)
	at de.uka.ilkd.key.nparser.KeyAst.accept(KeyAst.java:41)
	at de.uka.ilkd.key.nparser.KeyAst$File.getIncludes(KeyAst.java:76)
	at de.uka.ilkd.key.proof.io.KeYFile.readIncludes(KeYFile.java:208)
	... 14 more
Could not find rule file rules/intRulesCheckedSemantics.key (file: /home/runner/work/key/key/key.core/../key.ui/examples/index/../InformationFlow/MiniExamples/mini.MiniExamples(mini.MiniExamples__secure_p1_2()).Non-interference contract.0.m.key; caused by: de.uka.ilkd.key.proof.init.ProofInputException: Could not find rule file rules/intRulesCheckedSemantics.key)
	at de.uka.ilkd.key.control.AbstractUserInterfaceControl.load(AbstractUserInterfaceControl.java:221)
	at de.uka.ilkd.key.control.KeYEnvironment.load(KeYEnvironment.java:251)
	at de.uka.ilkd.key.control.KeYEnvironment.load(KeYEnvironment.java:224)
	at de.uka.ilkd.key.control.KeYEnvironment.load(KeYEnvironment.java:184)
	at de.uka.ilkd.key.control.KeYEnvironment.load(KeYEnvironment.java:261)
	at de.uka.ilkd.key.proof.runallproofs.proofcollection.TestFile.load(TestFile.java:270)
	at de.uka.ilkd.key.proof.runallproofs.proofcollection.TestFile.runKey(TestFile.java:160)
	at de.uka.ilkd.key.proof.runallproofs.proofcollection.ForkedTestFileRunner.main(ForkedTestFileRunner.java:171)
Caused by: de.uka.ilkd.key.proof.init.ProofInputException: Could not find rule file rules/intRulesCheckedSemantics.key
	at de.uka.ilkd.key.proof.io.KeYFile.readIncludes(KeYFile.java:210)
	at de.uka.ilkd.key.proof.init.ProblemInitializer.readIncludes(ProblemInitializer.java:177)
	at de.uka.ilkd.key.proof.init.ProblemInitializer.readEnvInput(ProblemInitializer.java:325)
	at de.uka.ilkd.key.proof.init.ProblemInitializer.prepare(ProblemInitializer.java:449)
	at de.uka.ilkd.key.proof.io.AbstractProblemLoader.createInitConfig(AbstractProblemLoader.java:518)
	at de.uka.ilkd.key.proof.io.AbstractProblemLoader.loadEnvironment(AbstractProblemLoader.java:288)
	at de.uka.ilkd.key.proof.io.AbstractProblemLoader.load(AbstractProblemLoader.java:252)
	at de.uka.ilkd.key.control.AbstractUserInterfaceControl.load(AbstractUserInterfaceControl.java:209)
	... 7 more
Caused by: java.lang.RuntimeException: Could not find rule file rules/intRulesCheckedSemantics.key
	at de.uka.ilkd.key.proof.io.RuleSourceFactory.fromBuiltInRule(RuleSourceFactory.java:32)
	at de.uka.ilkd.key.proof.io.RuleSourceFactory.fromDefaultLocation(RuleSourceFactory.java:21)
	at de.uka.ilkd.key.nparser.builder.IncludeFinder.addInclude(IncludeFinder.java:63)
	at de.uka.ilkd.key.nparser.builder.IncludeFinder.visitOne_include(IncludeFinder.java:43)
	at de.uka.ilkd.key.nparser.builder.IncludeFinder.visitOne_include(IncludeFinder.java:20)
	at de.uka.ilkd.key.nparser.KeYParser$One_includeContext.accept(KeYParser.java:878)
	at de.uka.ilkd.key.nparser.builder.AbstractBuilder.lambda$mapOf$0(AbstractBuilder.java:112)
	at java.base/java.util.stream.ReferencePipeline$3$1.accept(ReferencePipeline.java:195)
	at java.base/java.util.ArrayList$ArrayListSpliterator.forEachRemaining(ArrayList.java:1655)
	at java.base/java.util.stream.AbstractPipeline.copyInto(AbstractPipeline.java:484)
	at java.base/java.util.stream.AbstractPipeline.wrapAndCopyInto(AbstractPipeline.java:474)
	at java.base/java.util.stream.ReduceOps$ReduceOp.evaluateSequential(ReduceOps.java:913)
	at java.base/java.util.stream.AbstractPipeline.evaluate(AbstractPipeline.java:234)
	at java.base/java.util.stream.ReferencePipeline.collect(ReferencePipeline.java:578)
	at de.uka.ilkd.key.nparser.builder.AbstractBuilder.mapOf(AbstractBuilder.java:112)
	at de.uka.ilkd.key.nparser.builder.IncludeFinder.visitOne_include_statement(IncludeFinder.java:35)
	at de.uka.ilkd.key.nparser.builder.IncludeFinder.visitOne_include_statement(IncludeFinder.java:20)
	at de.uka.ilkd.key.nparser.KeYParser$One_include_statementContext.accept(KeYParser.java:802)
	at org.antlr.v4.runtime.tree.AbstractParseTreeVisitor.visitChildren(AbstractParseTreeVisitor.java:46)
	at de.uka.ilkd.key.nparser.KeYParserBaseVisitor.visitDecls(KeYParserBaseVisitor.java:30)
	at de.uka.ilkd.key.nparser.KeYParser$DeclsContext.accept(KeYParser.java:500)
	at org.antlr.v4.runtime.tree.AbstractParseTreeVisitor.visitChildren(AbstractParseTreeVisitor.java:46)
	at de.uka.ilkd.key.nparser.KeYParserBaseVisitor.visitFile(KeYParserBaseVisitor.java:23)
	at de.uka.ilkd.key.nparser.KeYParser$FileContext.accept(KeYParser.java:306)
	at de.uka.ilkd.key.nparser.KeyAst.accept(KeyAst.java:41)
	at de.uka.ilkd.key.nparser.KeyAst$File.getIncludes(KeyAst.java:76)
	at de.uka.ilkd.key.proof.io.KeYFile.readIncludes(KeYFile.java:208)
	... 14 more
Could not find rule file rules/intRulesCheckedSemantics.key (file: /home/runner/work/key/key/key.core/../key.ui/examples/index/../InformationFlow/MiniExamples/mini.MiniExamples(mini.MiniExamples__secure_p1_1()).Non-interference contract.1.m.key; caused by: de.uka.ilkd.key.proof.init.ProofInputException: Could not find rule file rules/intRulesCheckedSemantics.key)
	at de.uka.ilkd.key.control.AbstractUserInterfaceControl.load(AbstractUserInterfaceControl.java:221)
	at de.uka.ilkd.key.control.KeYEnvironment.load(KeYEnvironment.java:251)
	at de.uka.ilkd.key.control.KeYEnvironment.load(KeYEnvironment.java:224)
	at de.uka.ilkd.key.control.KeYEnvironment.load(KeYEnvironment.java:184)
	at de.uka.ilkd.key.control.KeYEnvironment.load(KeYEnvironment.java:261)
	at de.uka.ilkd.key.proof.runallproofs.proofcollection.TestFile.load(TestFile.java:270)
	at de.uka.ilkd.key.proof.runallproofs.proofcollection.TestFile.runKey(TestFile.java:160)
	at de.uka.ilkd.key.proof.runallproofs.proofcollection.ForkedTestFileRunner.main(ForkedTestFileRunner.java:171)
Caused by: de.uka.ilkd.key.proof.init.ProofInputException: Could not find rule file rules/intRulesCheckedSemantics.key
	at de.uka.ilkd.key.proof.io.KeYFile.readIncludes(KeYFile.java:210)
	at de.uka.ilkd.key.proof.init.ProblemInitializer.readIncludes(ProblemInitializer.java:177)
	at de.uka.ilkd.key.proof.init.ProblemInitializer.readEnvInput(ProblemInitializer.java:325)
	at de.uka.ilkd.key.proof.init.ProblemInitializer.prepare(ProblemInitializer.java:449)
	at de.uka.ilkd.key.proof.io.AbstractProblemLoader.createInitConfig(AbstractProblemLoader.java:518)
	at de.uka.ilkd.key.proof.io.AbstractProblemLoader.loadEnvironment(AbstractProblemLoader.java:288)
	at de.uka.ilkd.key.proof.io.AbstractProblemLoader.load(AbstractProblemLoader.java:252)
	at de.uka.ilkd.key.control.AbstractUserInterfaceControl.load(AbstractUserInterfaceControl.java:209)
	... 7 more
Caused by: java.lang.RuntimeException: Could not find rule file rules/intRulesCheckedSemantics.key
	at de.uka.ilkd.key.proof.io.RuleSourceFactory.fromBuiltInRule(RuleSourceFactory.java:32)
	at de.uka.ilkd.key.proof.io.RuleSourceFactory.fromDefaultLocation(RuleSourceFactory.java:21)
	at de.uka.ilkd.key.nparser.builder.IncludeFinder.addInclude(IncludeFinder.java:63)
	at de.uka.ilkd.key.nparser.builder.IncludeFinder.visitOne_include(IncludeFinder.java:43)
	at de.uka.ilkd.key.nparser.builder.IncludeFinder.visitOne_include(IncludeFinder.java:20)
	at de.uka.ilkd.key.nparser.KeYParser$One_includeContext.accept(KeYParser.java:878)
	at de.uka.ilkd.key.nparser.builder.AbstractBuilder.lambda$mapOf$0(AbstractBuilder.java:112)
	at java.base/java.util.stream.ReferencePipeline$3$1.accept(ReferencePipeline.java:195)
	at java.base/java.util.ArrayList$ArrayListSpliterator.forEachRemaining(ArrayList.java:1655)
	at java.base/java.util.stream.AbstractPipeline.copyInto(AbstractPipeline.java:484)
	at java.base/java.util.stream.AbstractPipeline.wrapAndCopyInto(AbstractPipeline.java:474)
	at java.base/java.util.stream.ReduceOps$ReduceOp.evaluateSequential(ReduceOps.java:913)
	at java.base/java.util.stream.AbstractPipeline.evaluate(AbstractPipeline.java:234)
	at java.base/java.util.stream.ReferencePipeline.collect(ReferencePipeline.java:578)
	at de.uka.ilkd.key.nparser.builder.AbstractBuilder.mapOf(AbstractBuilder.java:112)
	at de.uka.ilkd.key.nparser.builder.IncludeFinder.visitOne_include_statement(IncludeFinder.java:35)
	at de.uka.ilkd.key.nparser.builder.IncludeFinder.visitOne_include_statement(IncludeFinder.java:20)
	at de.uka.ilkd.key.nparser.KeYParser$One_include_statementContext.accept(KeYParser.java:802)
	at org.antlr.v4.runtime.tree.AbstractParseTreeVisitor.visitChildren(AbstractParseTreeVisitor.java:46)
	at de.uka.ilkd.key.nparser.KeYParserBaseVisitor.visitDecls(KeYParserBaseVisitor.java:30)
	at de.uka.ilkd.key.nparser.KeYParser$DeclsContext.accept(KeYParser.java:500)
	at org.antlr.v4.runtime.tree.AbstractParseTreeVisitor.visitChildren(AbstractParseTreeVisitor.java:46)
	at de.uka.ilkd.key.nparser.KeYParserBaseVisitor.visitFile(KeYParserBaseVisitor.java:23)
	at de.uka.ilkd.key.nparser.KeYParser$FileContext.accept(KeYParser.java:306)
	at de.uka.ilkd.key.nparser.KeyAst.accept(KeyAst.java:41)
	at de.uka.ilkd.key.nparser.KeyAst$File.getIncludes(KeyAst.java:76)
	at de.uka.ilkd.key.proof.io.KeYFile.readIncludes(KeYFile.java:208)
	... 14 more
Could not find rule file rules/intRulesCheckedSemantics.key (file: /home/runner/work/key/key/key.core/../key.ui/examples/index/../InformationFlow/MiniExamples/mini.MiniExamples(mini.MiniExamples__secure_p1_1()).Non-interference contract.0.m.key; caused by: de.uka.ilkd.key.proof.init.ProofInputException: Could not find rule file rules/intRulesCheckedSemantics.key)
	at de.uka.ilkd.key.control.AbstractUserInterfaceControl.load(AbstractUserInterfaceControl.java:221)
	at de.uka.ilkd.key.control.KeYEnvironment.load(KeYEnvironment.java:251)
	at de.uka.ilkd.key.control.KeYEnvironment.load(KeYEnvironment.java:224)
	at de.uka.ilkd.key.control.KeYEnvironment.load(KeYEnvironment.java:184)
	at de.uka.ilkd.key.control.KeYEnvironment.load(KeYEnvironment.java:261)
	at de.uka.ilkd.key.proof.runallproofs.proofcollection.TestFile.load(TestFile.java:270)
	at de.uka.ilkd.key.proof.runallproofs.proofcollection.TestFile.runKey(TestFile.java:160)
	at de.uka.ilkd.key.proof.runallproofs.proofcollection.ForkedTestFileRunner.main(ForkedTestFileRunner.java:171)
Caused by: de.uka.ilkd.key.proof.init.ProofInputException: Could not find rule file rules/intRulesCheckedSemantics.key
	at de.uka.ilkd.key.proof.io.KeYFile.readIncludes(KeYFile.java:210)
	at de.uka.ilkd.key.proof.init.ProblemInitializer.readIncludes(ProblemInitializer.java:177)
	at de.uka.ilkd.key.proof.init.ProblemInitializer.readEnvInput(ProblemInitializer.java:325)
	at de.uka.ilkd.key.proof.init.ProblemInitializer.prepare(ProblemInitializer.java:449)
	at de.uka.ilkd.key.proof.io.AbstractProblemLoader.createInitConfig(AbstractProblemLoader.java:518)
	at de.uka.ilkd.key.proof.io.AbstractProblemLoader.loadEnvironment(AbstractProblemLoader.java:288)
	at de.uka.ilkd.key.proof.io.AbstractProblemLoader.load(AbstractProblemLoader.java:252)
	at de.uka.ilkd.key.control.AbstractUserInterfaceControl.load(AbstractUserInterfaceControl.java:209)
	... 7 more
Caused by: java.lang.RuntimeException: Could not find rule file rules/intRulesCheckedSemantics.key
	at de.uka.ilkd.key.proof.io.RuleSourceFactory.fromBuiltInRule(RuleSourceFactory.java:32)
	at de.uka.ilkd.key.proof.io.RuleSourceFactory.fromDefaultLocation(RuleSourceFactory.java:21)
	at de.uka.ilkd.key.nparser.builder.IncludeFinder.addInclude(IncludeFinder.java:63)
	at de.uka.ilkd.key.nparser.builder.IncludeFinder.visitOne_include(IncludeFinder.java:43)
	at de.uka.ilkd.key.nparser.builder.IncludeFinder.visitOne_include(IncludeFinder.java:20)
	at de.uka.ilkd.key.nparser.KeYParser$One_includeContext.accept(KeYParser.java:878)
	at de.uka.ilkd.key.nparser.builder.AbstractBuilder.lambda$mapOf$0(AbstractBuilder.java:112)
	at java.base/java.util.stream.ReferencePipeline$3$1.accept(ReferencePipeline.java:195)
	at java.base/java.util.ArrayList$ArrayListSpliterator.forEachRemaining(ArrayList.java:1655)
	at java.base/java.util.stream.AbstractPipeline.copyInto(AbstractPipeline.java:484)
	at java.base/java.util.stream.AbstractPipeline.wrapAndCopyInto(AbstractPipeline.java:474)
	at java.base/java.util.stream.ReduceOps$ReduceOp.evaluateSequential(ReduceOps.java:913)
	at java.base/java.util.stream.AbstractPipeline.evaluate(AbstractPipeline.java:234)
	at java.base/java.util.stream.ReferencePipeline.collect(ReferencePipeline.java:578)
	at de.uka.ilkd.key.nparser.builder.AbstractBuilder.mapOf(AbstractBuilder.java:112)
	at de.uka.ilkd.key.nparser.builder.IncludeFinder.visitOne_include_statement(IncludeFinder.java:35)
	at de.uka.ilkd.key.nparser.builder.IncludeFinder.visitOne_include_statement(IncludeFinder.java:20)
	at de.uka.ilkd.key.nparser.KeYParser$One_include_statementContext.accept(KeYParser.java:802)
	at org.antlr.v4.runtime.tree.AbstractParseTreeVisitor.visitChildren(AbstractParseTreeVisitor.java:46)
	at de.uka.ilkd.key.nparser.KeYParserBaseVisitor.visitDecls(KeYParserBaseVisitor.java:30)
	at de.uka.ilkd.key.nparser.KeYParser$DeclsContext.accept(KeYParser.java:500)
	at org.antlr.v4.runtime.tree.AbstractParseTreeVisitor.visitChildren(AbstractParseTreeVisitor.java:46)
	at de.uka.ilkd.key.nparser.KeYParserBaseVisitor.visitFile(KeYParserBaseVisitor.java:23)
	at de.uka.ilkd.key.nparser.KeYParser$FileContext.accept(KeYParser.java:306)
	at de.uka.ilkd.key.nparser.KeyAst.accept(KeyAst.java:41)
	at de.uka.ilkd.key.nparser.KeyAst$File.getIncludes(KeyAst.java:76)
	at de.uka.ilkd.key.proof.io.KeYFile.readIncludes(KeYFile.java:208)
	... 14 more
Could not find rule file rules/intRulesCheckedSemantics.key (file: /home/runner/work/key/key/key.core/../key.ui/examples/index/../InformationFlow/MiniExamples/mini.MiniExamples(mini.MiniExamples__insecure_p1_2()).Non-interference contract.0.m.key; caused by: de.uka.ilkd.key.proof.init.ProofInputException: Could not find rule file rules/intRulesCheckedSemantics.key)
	at de.uka.ilkd.key.control.AbstractUserInterfaceControl.load(AbstractUserInterfaceControl.java:221)
	at de.uka.ilkd.key.control.KeYEnvironment.load(KeYEnvironment.java:251)
	at de.uka.ilkd.key.control.KeYEnvironment.load(KeYEnvironment.java:224)
	at de.uka.ilkd.key.control.KeYEnvironment.load(KeYEnvironment.java:184)
	at de.uka.ilkd.key.control.KeYEnvironment.load(KeYEnvironment.java:261)
	at de.uka.ilkd.key.proof.runallproofs.proofcollection.TestFile.load(TestFile.java:270)
	at de.uka.ilkd.key.proof.runallproofs.proofcollection.TestFile.runKey(TestFile.java:160)
	at de.uka.ilkd.key.proof.runallproofs.proofcollection.ForkedTestFileRunner.main(ForkedTestFileRunner.java:171)
Caused by: de.uka.ilkd.key.proof.init.ProofInputException: Could not find rule file rules/intRulesCheckedSemantics.key
	at de.uka.ilkd.key.proof.io.KeYFile.readIncludes(KeYFile.java:210)
	at de.uka.ilkd.key.proof.init.ProblemInitializer.readIncludes(ProblemInitializer.java:177)
	at de.uka.ilkd.key.proof.init.ProblemInitializer.readEnvInput(ProblemInitializer.java:325)
	at de.uka.ilkd.key.proof.init.ProblemInitializer.prepare(ProblemInitializer.java:449)
	at de.uka.ilkd.key.proof.io.AbstractProblemLoader.createInitConfig(AbstractProblemLoader.java:518)
	at de.uka.ilkd.key.proof.io.AbstractProblemLoader.loadEnvironment(AbstractProblemLoader.java:288)
	at de.uka.ilkd.key.proof.io.AbstractProblemLoader.load(AbstractProblemLoader.java:252)
	at de.uka.ilkd.key.control.AbstractUserInterfaceControl.load(AbstractUserInterfaceControl.java:209)
	... 7 more
Caused by: java.lang.RuntimeException: Could not find rule file rules/intRulesCheckedSemantics.key
	at de.uka.ilkd.key.proof.io.RuleSourceFactory.fromBuiltInRule(RuleSourceFactory.java:32)
	at de.uka.ilkd.key.proof.io.RuleSourceFactory.fromDefaultLocation(RuleSourceFactory.java:21)
	at de.uka.ilkd.key.nparser.builder.IncludeFinder.addInclude(IncludeFinder.java:63)
	at de.uka.ilkd.key.nparser.builder.IncludeFinder.visitOne_include(IncludeFinder.java:43)
	at de.uka.ilkd.key.nparser.builder.IncludeFinder.visitOne_include(IncludeFinder.java:20)
	at de.uka.ilkd.key.nparser.KeYParser$One_includeContext.accept(KeYParser.java:878)
	at de.uka.ilkd.key.nparser.builder.AbstractBuilder.lambda$mapOf$0(AbstractBuilder.java:112)
	at java.base/java.util.stream.ReferencePipeline$3$1.accept(ReferencePipeline.java:195)
	at java.base/java.util.ArrayList$ArrayListSpliterator.forEachRemaining(ArrayList.java:1655)
	at java.base/java.util.stream.AbstractPipeline.copyInto(AbstractPipeline.java:484)
	at java.base/java.util.stream.AbstractPipeline.wrapAndCopyInto(AbstractPipeline.java:474)
	at java.base/java.util.stream.ReduceOps$ReduceOp.evaluateSequential(ReduceOps.java:913)
	at java.base/java.util.stream.AbstractPipeline.evaluate(AbstractPipeline.java:234)
	at java.base/java.util.stream.ReferencePipeline.collect(ReferencePipeline.java:578)
	at de.uka.ilkd.key.nparser.builder.AbstractBuilder.mapOf(AbstractBuilder.java:112)
	at de.uka.ilkd.key.nparser.builder.IncludeFinder.visitOne_include_statement(IncludeFinder.java:35)
	at de.uka.ilkd.key.nparser.builder.IncludeFinder.visitOne_include_statement(IncludeFinder.java:20)
	at de.uka.ilkd.key.nparser.KeYParser$One_include_statementContext.accept(KeYParser.java:802)
	at org.antlr.v4.runtime.tree.AbstractParseTreeVisitor.visitChildren(AbstractParseTreeVisitor.java:46)
	at de.uka.ilkd.key.nparser.KeYParserBaseVisitor.visitDecls(KeYParserBaseVisitor.java:30)
	at de.uka.ilkd.key.nparser.KeYParser$DeclsContext.accept(KeYParser.java:500)
	at org.antlr.v4.runtime.tree.AbstractParseTreeVisitor.visitChildren(AbstractParseTreeVisitor.java:46)
	at de.uka.ilkd.key.nparser.KeYParserBaseVisitor.visitFile(KeYParserBaseVisitor.java:23)
	at de.uka.ilkd.key.nparser.KeYParser$FileContext.accept(KeYParser.java:306)
	at de.uka.ilkd.key.nparser.KeyAst.accept(KeyAst.java:41)
	at de.uka.ilkd.key.nparser.KeyAst$File.getIncludes(KeyAst.java:76)
	at de.uka.ilkd.key.proof.io.KeYFile.readIncludes(KeYFile.java:208)
	... 14 more
Could not find rule file rules/intRulesCheckedSemantics.key (file: /home/runner/work/key/key/key.core/../key.ui/examples/index/../InformationFlow/MiniExamples/mini.MiniExamples(mini.MiniExamples__insecure_p1_1()).Non-interference contract.0.m.key; caused by: de.uka.ilkd.key.proof.init.ProofInputException: Could not find rule file rules/intRulesCheckedSemantics.key)
	at de.uka.ilkd.key.control.AbstractUserInterfaceControl.load(AbstractUserInterfaceControl.java:221)
	at de.uka.ilkd.key.control.KeYEnvironment.load(KeYEnvironment.java:251)
	at de.uka.ilkd.key.control.KeYEnvironment.load(KeYEnvironment.java:224)
	at de.uka.ilkd.key.control.KeYEnvironment.load(KeYEnvironment.java:184)
	at de.uka.ilkd.key.control.KeYEnvironment.load(KeYEnvironment.java:261)
	at de.uka.ilkd.key.proof.runallproofs.proofcollection.TestFile.load(TestFile.java:270)
	at de.uka.ilkd.key.proof.runallproofs.proofcollection.TestFile.runKey(TestFile.java:160)
	at de.uka.ilkd.key.proof.runallproofs.proofcollection.ForkedTestFileRunner.main(ForkedTestFileRunner.java:171)
Caused by: de.uka.ilkd.key.proof.init.ProofInputException: Could not find rule file rules/intRulesCheckedSemantics.key
	at de.uka.ilkd.key.proof.io.KeYFile.readIncludes(KeYFile.java:210)
	at de.uka.ilkd.key.proof.init.ProblemInitializer.readIncludes(ProblemInitializer.java:177)
	at de.uka.ilkd.key.proof.init.ProblemInitializer.readEnvInput(ProblemInitializer.java:325)
	at de.uka.ilkd.key.proof.init.ProblemInitializer.prepare(ProblemInitializer.java:449)
	at de.uka.ilkd.key.proof.io.AbstractProblemLoader.createInitConfig(AbstractProblemLoader.java:518)
	at de.uka.ilkd.key.proof.io.AbstractProblemLoader.loadEnvironment(AbstractProblemLoader.java:288)
	at de.uka.ilkd.key.proof.io.AbstractProblemLoader.load(AbstractProblemLoader.java:252)
	at de.uka.ilkd.key.control.AbstractUserInterfaceControl.load(AbstractUserInterfaceControl.java:209)
	... 7 more
Caused by: java.lang.RuntimeException: Could not find rule file rules/intRulesCheckedSemantics.key
	at de.uka.ilkd.key.proof.io.RuleSourceFactory.fromBuiltInRule(RuleSourceFactory.java:32)
	at de.uka.ilkd.key.proof.io.RuleSourceFactory.fromDefaultLocation(RuleSourceFactory.java:21)
	at de.uka.ilkd.key.nparser.builder.IncludeFinder.addInclude(IncludeFinder.java:63)
	at de.uka.ilkd.key.nparser.builder.IncludeFinder.visitOne_include(IncludeFinder.java:43)
	at de.uka.ilkd.key.nparser.builder.IncludeFinder.visitOne_include(IncludeFinder.java:20)
	at de.uka.ilkd.key.nparser.KeYParser$One_includeContext.accept(KeYParser.java:878)
	at de.uka.ilkd.key.nparser.builder.AbstractBuilder.lambda$mapOf$0(AbstractBuilder.java:112)
	at java.base/java.util.stream.ReferencePipeline$3$1.accept(ReferencePipeline.java:195)
	at java.base/java.util.ArrayList$ArrayListSpliterator.forEachRemaining(ArrayList.java:1655)
	at java.base/java.util.stream.AbstractPipeline.copyInto(AbstractPipeline.java:484)
	at java.base/java.util.stream.AbstractPipeline.wrapAndCopyInto(AbstractPipeline.java:474)
	at java.base/java.util.stream.ReduceOps$ReduceOp.evaluateSequential(ReduceOps.java:913)
	at java.base/java.util.stream.AbstractPipeline.evaluate(AbstractPipeline.java:234)
	at java.base/java.util.stream.ReferencePipeline.collect(ReferencePipeline.java:578)
	at de.uka.ilkd.key.nparser.builder.AbstractBuilder.mapOf(AbstractBuilder.java:112)
	at de.uka.ilkd.key.nparser.builder.IncludeFinder.visitOne_include_statement(IncludeFinder.java:35)
	at de.uka.ilkd.key.nparser.builder.IncludeFinder.visitOne_include_statement(IncludeFinder.java:20)
	at de.uka.ilkd.key.nparser.KeYParser$One_include_statementContext.accept(KeYParser.java:802)
	at org.antlr.v4.runtime.tree.AbstractParseTreeVisitor.visitChildren(AbstractParseTreeVisitor.java:46)
	at de.uka.ilkd.key.nparser.KeYParserBaseVisitor.visitDecls(KeYParserBaseVisitor.java:30)
	at de.uka.ilkd.key.nparser.KeYParser$DeclsContext.accept(KeYParser.java:500)
	at org.antlr.v4.runtime.tree.AbstractParseTreeVisitor.visitChildren(AbstractParseTreeVisitor.java:46)
	at de.uka.ilkd.key.nparser.KeYParserBaseVisitor.visitFile(KeYParserBaseVisitor.java:23)
	at de.uka.ilkd.key.nparser.KeYParser$FileContext.accept(KeYParser.java:306)
	at de.uka.ilkd.key.nparser.KeyAst.accept(KeyAst.java:41)
	at de.uka.ilkd.key.nparser.KeyAst$File.getIncludes(KeyAst.java:76)
	at de.uka.ilkd.key.proof.io.KeYFile.readIncludes(KeYFile.java:208)
	... 14 more
Exception in thread "main" org.opentest4j.AssertionFailedError: Exception during the execution of proofs. See log for more details.
	at org.junit.jupiter.api.AssertionUtils.fail(AssertionUtils.java:39)
	at org.junit.jupiter.api.Assertions.fail(Assertions.java:134)
	at de.uka.ilkd.key.proof.runallproofs.proofcollection.ForkedTestFileRunner.main(ForkedTestFileRunner.java:192)
Timeout watcher launched (1000 secs.)
Could not find rule file rules/intRulesCheckedSemantics.key (file: /home/runner/work/key/key/key.core/../key.ui/examples/index/../InformationFlow/NewObjects/object.AmtoftBanerjee3(object.AmtoftBanerjee3__m()).Non-interference contract.0.m.key; caused by: de.uka.ilkd.key.proof.init.ProofInputException: Could not find rule file rules/intRulesCheckedSemantics.key)
	at de.uka.ilkd.key.control.AbstractUserInterfaceControl.load(AbstractUserInterfaceControl.java:221)
	at de.uka.ilkd.key.control.KeYEnvironment.load(KeYEnvironment.java:251)
	at de.uka.ilkd.key.control.KeYEnvironment.load(KeYEnvironment.java:224)
	at de.uka.ilkd.key.control.KeYEnvironment.load(KeYEnvironment.java:184)
	at de.uka.ilkd.key.control.KeYEnvironment.load(KeYEnvironment.java:261)
	at de.uka.ilkd.key.proof.runallproofs.proofcollection.TestFile.load(TestFile.java:270)
	at de.uka.ilkd.key.proof.runallproofs.proofcollection.TestFile.runKey(TestFile.java:160)
	at de.uka.ilkd.key.proof.runallproofs.proofcollection.ForkedTestFileRunner.main(ForkedTestFileRunner.java:171)
Caused by: de.uka.ilkd.key.proof.init.ProofInputException: Could not find rule file rules/intRulesCheckedSemantics.key
	at de.uka.ilkd.key.proof.io.KeYFile.readIncludes(KeYFile.java:210)
	at de.uka.ilkd.key.proof.init.ProblemInitializer.readIncludes(ProblemInitializer.java:177)
	at de.uka.ilkd.key.proof.init.ProblemInitializer.readEnvInput(ProblemInitializer.java:325)
	at de.uka.ilkd.key.proof.init.ProblemInitializer.prepare(ProblemInitializer.java:449)
	at de.uka.ilkd.key.proof.io.AbstractProblemLoader.createInitConfig(AbstractProblemLoader.java:518)
	at de.uka.ilkd.key.proof.io.AbstractProblemLoader.loadEnvironment(AbstractProblemLoader.java:288)
	at de.uka.ilkd.key.proof.io.AbstractProblemLoader.load(AbstractProblemLoader.java:252)
	at de.uka.ilkd.key.control.AbstractUserInterfaceControl.load(AbstractUserInterfaceControl.java:209)
	... 7 more
Caused by: java.lang.RuntimeException: Could not find rule file rules/intRulesCheckedSemantics.key
	at de.uka.ilkd.key.proof.io.RuleSourceFactory.fromBuiltInRule(RuleSourceFactory.java:32)
	at de.uka.ilkd.key.proof.io.RuleSourceFactory.fromDefaultLocation(RuleSourceFactory.java:21)
	at de.uka.ilkd.key.nparser.builder.IncludeFinder.addInclude(IncludeFinder.java:63)
	at de.uka.ilkd.key.nparser.builder.IncludeFinder.visitOne_include(IncludeFinder.java:43)
	at de.uka.ilkd.key.nparser.builder.IncludeFinder.visitOne_include(IncludeFinder.java:20)
	at de.uka.ilkd.key.nparser.KeYParser$One_includeContext.accept(KeYParser.java:878)
	at de.uka.ilkd.key.nparser.builder.AbstractBuilder.lambda$mapOf$0(AbstractBuilder.java:112)
	at java.base/java.util.stream.ReferencePipeline$3$1.accept(ReferencePipeline.java:195)
	at java.base/java.util.ArrayList$ArrayListSpliterator.forEachRemaining(ArrayList.java:1655)
	at java.base/java.util.stream.AbstractPipeline.copyInto(AbstractPipeline.java:484)
	at java.base/java.util.stream.AbstractPipeline.wrapAndCopyInto(AbstractPipeline.java:474)
	at java.base/java.util.stream.ReduceOps$ReduceOp.evaluateSequential(ReduceOps.java:913)
	at java.base/java.util.stream.AbstractPipeline.evaluate(AbstractPipeline.java:234)
	at java.base/java.util.stream.ReferencePipeline.collect(ReferencePipeline.java:578)
	at de.uka.ilkd.key.nparser.builder.AbstractBuilder.mapOf(AbstractBuilder.java:112)
	at de.uka.ilkd.key.nparser.builder.IncludeFinder.visitOne_include_statement(IncludeFinder.java:35)
	at de.uka.ilkd.key.nparser.builder.IncludeFinder.visitOne_include_statement(IncludeFinder.java:20)
	at de.uka.ilkd.key.nparser.KeYParser$One_include_statementContext.accept(KeYParser.java:802)
	at org.antlr.v4.runtime.tree.AbstractParseTreeVisitor.visitChildren(AbstractParseTreeVisitor.java:46)
	at de.uka.ilkd.key.nparser.KeYParserBaseVisitor.visitDecls(KeYParserBaseVisitor.java:30)
	at de.uka.ilkd.key.nparser.KeYParser$DeclsContext.accept(KeYParser.java:500)
	at org.antlr.v4.runtime.tree.AbstractParseTreeVisitor.visitChildren(AbstractParseTreeVisitor.java:46)
	at de.uka.ilkd.key.nparser.KeYParserBaseVisitor.visitFile(KeYParserBaseVisitor.java:23)
	at de.uka.ilkd.key.nparser.KeYParser$FileContext.accept(KeYParser.java:306)
	at de.uka.ilkd.key.nparser.KeyAst.accept(KeyAst.java:41)
	at de.uka.ilkd.key.nparser.KeyAst$File.getIncludes(KeyAst.java:76)
	at de.uka.ilkd.key.proof.io.KeYFile.readIncludes(KeYFile.java:208)
	... 14 more
Could not find rule file rules/intRulesCheckedSemantics.key (file: /home/runner/work/key/key/key.core/../key.ui/examples/index/../InformationFlow/NewObjects/object.AmtoftBanerjee(object.AmtoftBanerjee__m_2()).Non-interference contract.0.m.key; caused by: de.uka.ilkd.key.proof.init.ProofInputException: Could not find rule file rules/intRulesCheckedSemantics.key)
	at de.uka.ilkd.key.control.AbstractUserInterfaceControl.load(AbstractUserInterfaceControl.java:221)
	at de.uka.ilkd.key.control.KeYEnvironment.load(KeYEnvironment.java:251)
	at de.uka.ilkd.key.control.KeYEnvironment.load(KeYEnvironment.java:224)
	at de.uka.ilkd.key.control.KeYEnvironment.load(KeYEnvironment.java:184)
	at de.uka.ilkd.key.control.KeYEnvironment.load(KeYEnvironment.java:261)
	at de.uka.ilkd.key.proof.runallproofs.proofcollection.TestFile.load(TestFile.java:270)
	at de.uka.ilkd.key.proof.runallproofs.proofcollection.TestFile.runKey(TestFile.java:160)
	at de.uka.ilkd.key.proof.runallproofs.proofcollection.ForkedTestFileRunner.main(ForkedTestFileRunner.java:171)
Caused by: de.uka.ilkd.key.proof.init.ProofInputException: Could not find rule file rules/intRulesCheckedSemantics.key
	at de.uka.ilkd.key.proof.io.KeYFile.readIncludes(KeYFile.java:210)
	at de.uka.ilkd.key.proof.init.ProblemInitializer.readIncludes(ProblemInitializer.java:177)
	at de.uka.ilkd.key.proof.init.ProblemInitializer.readEnvInput(ProblemInitializer.java:325)
	at de.uka.ilkd.key.proof.init.ProblemInitializer.prepare(ProblemInitializer.java:449)
	at de.uka.ilkd.key.proof.io.AbstractProblemLoader.createInitConfig(AbstractProblemLoader.java:518)
	at de.uka.ilkd.key.proof.io.AbstractProblemLoader.loadEnvironment(AbstractProblemLoader.java:288)
	at de.uka.ilkd.key.proof.io.AbstractProblemLoader.load(AbstractProblemLoader.java:252)
	at de.uka.ilkd.key.control.AbstractUserInterfaceControl.load(AbstractUserInterfaceControl.java:209)
	... 7 more
Caused by: java.lang.RuntimeException: Could not find rule file rules/intRulesCheckedSemantics.key
	at de.uka.ilkd.key.proof.io.RuleSourceFactory.fromBuiltInRule(RuleSourceFactory.java:32)
	at de.uka.ilkd.key.proof.io.RuleSourceFactory.fromDefaultLocation(RuleSourceFactory.java:21)
	at de.uka.ilkd.key.nparser.builder.IncludeFinder.addInclude(IncludeFinder.java:63)
	at de.uka.ilkd.key.nparser.builder.IncludeFinder.visitOne_include(IncludeFinder.java:43)
	at de.uka.ilkd.key.nparser.builder.IncludeFinder.visitOne_include(IncludeFinder.java:20)
	at de.uka.ilkd.key.nparser.KeYParser$One_includeContext.accept(KeYParser.java:878)
	at de.uka.ilkd.key.nparser.builder.AbstractBuilder.lambda$mapOf$0(AbstractBuilder.java:112)
	at java.base/java.util.stream.ReferencePipeline$3$1.accept(ReferencePipeline.java:195)
	at java.base/java.util.ArrayList$ArrayListSpliterator.forEachRemaining(ArrayList.java:1655)
	at java.base/java.util.stream.AbstractPipeline.copyInto(AbstractPipeline.java:484)
	at java.base/java.util.stream.AbstractPipeline.wrapAndCopyInto(AbstractPipeline.java:474)
	at java.base/java.util.stream.ReduceOps$ReduceOp.evaluateSequential(ReduceOps.java:913)
	at java.base/java.util.stream.AbstractPipeline.evaluate(AbstractPipeline.java:234)
	at java.base/java.util.stream.ReferencePipeline.collect(ReferencePipeline.java:578)
	at de.uka.ilkd.key.nparser.builder.AbstractBuilder.mapOf(AbstractBuilder.java:112)
	at de.uka.ilkd.key.nparser.builder.IncludeFinder.visitOne_include_statement(IncludeFinder.java:35)
	at de.uka.ilkd.key.nparser.builder.IncludeFinder.visitOne_include_statement(IncludeFinder.java:20)
	at de.uka.ilkd.key.nparser.KeYParser$One_include_statementContext.accept(KeYParser.java:802)
	at org.antlr.v4.runtime.tree.AbstractParseTreeVisitor.visitChildren(AbstractParseTreeVisitor.java:46)
	at de.uka.ilkd.key.nparser.KeYParserBaseVisitor.visitDecls(KeYParserBaseVisitor.java:30)
	at de.uka.ilkd.key.nparser.KeYParser$DeclsContext.accept(KeYParser.java:500)
	at org.antlr.v4.runtime.tree.AbstractParseTreeVisitor.visitChildren(AbstractParseTreeVisitor.java:46)
	at de.uka.ilkd.key.nparser.KeYParserBaseVisitor.visitFile(KeYParserBaseVisitor.java:23)
	at de.uka.ilkd.key.nparser.KeYParser$FileContext.accept(KeYParser.java:306)
	at de.uka.ilkd.key.nparser.KeyAst.accept(KeyAst.java:41)
	at de.uka.ilkd.key.nparser.KeyAst$File.getIncludes(KeyAst.java:76)
	at de.uka.ilkd.key.proof.io.KeYFile.readIncludes(KeYFile.java:208)
	... 14 more
Could not find rule file rules/intRulesCheckedSemantics.key (file: /home/runner/work/key/key/key.core/../key.ui/examples/index/../InformationFlow/NewObjects/object.AmtoftBanerjee(object.AmtoftBanerjee__m_1()).Non-interference contract.1.m.key; caused by: de.uka.ilkd.key.proof.init.ProofInputException: Could not find rule file rules/intRulesCheckedSemantics.key)
	at de.uka.ilkd.key.control.AbstractUserInterfaceControl.load(AbstractUserInterfaceControl.java:221)
	at de.uka.ilkd.key.control.KeYEnvironment.load(KeYEnvironment.java:251)
	at de.uka.ilkd.key.control.KeYEnvironment.load(KeYEnvironment.java:224)
	at de.uka.ilkd.key.control.KeYEnvironment.load(KeYEnvironment.java:184)
	at de.uka.ilkd.key.control.KeYEnvironment.load(KeYEnvironment.java:261)
	at de.uka.ilkd.key.proof.runallproofs.proofcollection.TestFile.load(TestFile.java:270)
	at de.uka.ilkd.key.proof.runallproofs.proofcollection.TestFile.runKey(TestFile.java:160)
	at de.uka.ilkd.key.proof.runallproofs.proofcollection.ForkedTestFileRunner.main(ForkedTestFileRunner.java:171)
Caused by: de.uka.ilkd.key.proof.init.ProofInputException: Could not find rule file rules/intRulesCheckedSemantics.key
	at de.uka.ilkd.key.proof.io.KeYFile.readIncludes(KeYFile.java:210)
	at de.uka.ilkd.key.proof.init.ProblemInitializer.readIncludes(ProblemInitializer.java:177)
	at de.uka.ilkd.key.proof.init.ProblemInitializer.readEnvInput(ProblemInitializer.java:325)
	at de.uka.ilkd.key.proof.init.ProblemInitializer.prepare(ProblemInitializer.java:449)
	at de.uka.ilkd.key.proof.io.AbstractProblemLoader.createInitConfig(AbstractProblemLoader.java:518)
	at de.uka.ilkd.key.proof.io.AbstractProblemLoader.loadEnvironment(AbstractProblemLoader.java:288)
	at de.uka.ilkd.key.proof.io.AbstractProblemLoader.load(AbstractProblemLoader.java:252)
	at de.uka.ilkd.key.control.AbstractUserInterfaceControl.load(AbstractUserInterfaceControl.java:209)
	... 7 more
Caused by: java.lang.RuntimeException: Could not find rule file rules/intRulesCheckedSemantics.key
	at de.uka.ilkd.key.proof.io.RuleSourceFactory.fromBuiltInRule(RuleSourceFactory.java:32)
	at de.uka.ilkd.key.proof.io.RuleSourceFactory.fromDefaultLocation(RuleSourceFactory.java:21)
	at de.uka.ilkd.key.nparser.builder.IncludeFinder.addInclude(IncludeFinder.java:63)
	at de.uka.ilkd.key.nparser.builder.IncludeFinder.visitOne_include(IncludeFinder.java:43)
	at de.uka.ilkd.key.nparser.builder.IncludeFinder.visitOne_include(IncludeFinder.java:20)
	at de.uka.ilkd.key.nparser.KeYParser$One_includeContext.accept(KeYParser.java:878)
	at de.uka.ilkd.key.nparser.builder.AbstractBuilder.lambda$mapOf$0(AbstractBuilder.java:112)
	at java.base/java.util.stream.ReferencePipeline$3$1.accept(ReferencePipeline.java:195)
	at java.base/java.util.ArrayList$ArrayListSpliterator.forEachRemaining(ArrayList.java:1655)
	at java.base/java.util.stream.AbstractPipeline.copyInto(AbstractPipeline.java:484)
	at java.base/java.util.stream.AbstractPipeline.wrapAndCopyInto(AbstractPipeline.java:474)
	at java.base/java.util.stream.ReduceOps$ReduceOp.evaluateSequential(ReduceOps.java:913)
	at java.base/java.util.stream.AbstractPipeline.evaluate(AbstractPipeline.java:234)
	at java.base/java.util.stream.ReferencePipeline.collect(ReferencePipeline.java:578)
	at de.uka.ilkd.key.nparser.builder.AbstractBuilder.mapOf(AbstractBuilder.java:112)
	at de.uka.ilkd.key.nparser.builder.IncludeFinder.visitOne_include_statement(IncludeFinder.java:35)
	at de.uka.ilkd.key.nparser.builder.IncludeFinder.visitOne_include_statement(IncludeFinder.java:20)
	at de.uka.ilkd.key.nparser.KeYParser$One_include_statementContext.accept(KeYParser.java:802)
	at org.antlr.v4.runtime.tree.AbstractParseTreeVisitor.visitChildren(AbstractParseTreeVisitor.java:46)
	at de.uka.ilkd.key.nparser.KeYParserBaseVisitor.visitDecls(KeYParserBaseVisitor.java:30)
	at de.uka.ilkd.key.nparser.KeYParser$DeclsContext.accept(KeYParser.java:500)
	at org.antlr.v4.runtime.tree.AbstractParseTreeVisitor.visitChildren(AbstractParseTreeVisitor.java:46)
	at de.uka.ilkd.key.nparser.KeYParserBaseVisitor.visitFile(KeYParserBaseVisitor.java:23)
	at de.uka.ilkd.key.nparser.KeYParser$FileContext.accept(KeYParser.java:306)
	at de.uka.ilkd.key.nparser.KeyAst.accept(KeyAst.java:41)
	at de.uka.ilkd.key.nparser.KeyAst$File.getIncludes(KeyAst.java:76)
	at de.uka.ilkd.key.proof.io.KeYFile.readIncludes(KeYFile.java:208)
	... 14 more
Could not find rule file rules/intRulesCheckedSemantics.key (file: /home/runner/work/key/key/key.core/../key.ui/examples/index/../InformationFlow/NewObjects/object.AmtoftBanerjee(object.AmtoftBanerjee__m_1()).Non-interference contract.0.m.key; caused by: de.uka.ilkd.key.proof.init.ProofInputException: Could not find rule file rules/intRulesCheckedSemantics.key)
	at de.uka.ilkd.key.control.AbstractUserInterfaceControl.load(AbstractUserInterfaceControl.java:221)
	at de.uka.ilkd.key.control.KeYEnvironment.load(KeYEnvironment.java:251)
	at de.uka.ilkd.key.control.KeYEnvironment.load(KeYEnvironment.java:224)
	at de.uka.ilkd.key.control.KeYEnvironment.load(KeYEnvironment.java:184)
	at de.uka.ilkd.key.control.KeYEnvironment.load(KeYEnvironment.java:261)
	at de.uka.ilkd.key.proof.runallproofs.proofcollection.TestFile.load(TestFile.java:270)
	at de.uka.ilkd.key.proof.runallproofs.proofcollection.TestFile.runKey(TestFile.java:160)
	at de.uka.ilkd.key.proof.runallproofs.proofcollection.ForkedTestFileRunner.main(ForkedTestFileRunner.java:171)
Caused by: de.uka.ilkd.key.proof.init.ProofInputException: Could not find rule file rules/intRulesCheckedSemantics.key
	at de.uka.ilkd.key.proof.io.KeYFile.readIncludes(KeYFile.java:210)
	at de.uka.ilkd.key.proof.init.ProblemInitializer.readIncludes(ProblemInitializer.java:177)
	at de.uka.ilkd.key.proof.init.ProblemInitializer.readEnvInput(ProblemInitializer.java:325)
	at de.uka.ilkd.key.proof.init.ProblemInitializer.prepare(ProblemInitializer.java:449)
	at de.uka.ilkd.key.proof.io.AbstractProblemLoader.createInitConfig(AbstractProblemLoader.java:518)
	at de.uka.ilkd.key.proof.io.AbstractProblemLoader.loadEnvironment(AbstractProblemLoader.java:288)
	at de.uka.ilkd.key.proof.io.AbstractProblemLoader.load(AbstractProblemLoader.java:252)
	at de.uka.ilkd.key.control.AbstractUserInterfaceControl.load(AbstractUserInterfaceControl.java:209)
	... 7 more
Caused by: java.lang.RuntimeException: Could not find rule file rules/intRulesCheckedSemantics.key
	at de.uka.ilkd.key.proof.io.RuleSourceFactory.fromBuiltInRule(RuleSourceFactory.java:32)
	at de.uka.ilkd.key.proof.io.RuleSourceFactory.fromDefaultLocation(RuleSourceFactory.java:21)
	at de.uka.ilkd.key.nparser.builder.IncludeFinder.addInclude(IncludeFinder.java:63)
	at de.uka.ilkd.key.nparser.builder.IncludeFinder.visitOne_include(IncludeFinder.java:43)
	at de.uka.ilkd.key.nparser.builder.IncludeFinder.visitOne_include(IncludeFinder.java:20)
	at de.uka.ilkd.key.nparser.KeYParser$One_includeContext.accept(KeYParser.java:878)
	at de.uka.ilkd.key.nparser.builder.AbstractBuilder.lambda$mapOf$0(AbstractBuilder.java:112)
	at java.base/java.util.stream.ReferencePipeline$3$1.accept(ReferencePipeline.java:195)
	at java.base/java.util.ArrayList$ArrayListSpliterator.forEachRemaining(ArrayList.java:1655)
	at java.base/java.util.stream.AbstractPipeline.copyInto(AbstractPipeline.java:484)
	at java.base/java.util.stream.AbstractPipeline.wrapAndCopyInto(AbstractPipeline.java:474)
	at java.base/java.util.stream.ReduceOps$ReduceOp.evaluateSequential(ReduceOps.java:913)
	at java.base/java.util.stream.AbstractPipeline.evaluate(AbstractPipeline.java:234)
	at java.base/java.util.stream.ReferencePipeline.collect(ReferencePipeline.java:578)
	at de.uka.ilkd.key.nparser.builder.AbstractBuilder.mapOf(AbstractBuilder.java:112)
	at de.uka.ilkd.key.nparser.builder.IncludeFinder.visitOne_include_statement(IncludeFinder.java:35)
	at de.uka.ilkd.key.nparser.builder.IncludeFinder.visitOne_include_statement(IncludeFinder.java:20)
	at de.uka.ilkd.key.nparser.KeYParser$One_include_statementContext.accept(KeYParser.java:802)
	at org.antlr.v4.runtime.tree.AbstractParseTreeVisitor.visitChildren(AbstractParseTreeVisitor.java:46)
	at de.uka.ilkd.key.nparser.KeYParserBaseVisitor.visitDecls(KeYParserBaseVisitor.java:30)
	at de.uka.ilkd.key.nparser.KeYParser$DeclsContext.accept(KeYParser.java:500)
	at org.antlr.v4.runtime.tree.AbstractParseTreeVisitor.visitChildren(AbstractParseTreeVisitor.java:46)
	at de.uka.ilkd.key.nparser.KeYParserBaseVisitor.visitFile(KeYParserBaseVisitor.java:23)
	at de.uka.ilkd.key.nparser.KeYParser$FileContext.accept(KeYParser.java:306)
	at de.uka.ilkd.key.nparser.KeyAst.accept(KeyAst.java:41)
	at de.uka.ilkd.key.nparser.KeyAst$File.getIncludes(KeyAst.java:76)
	at de.uka.ilkd.key.proof.io.KeYFile.readIncludes(KeYFile.java:208)
	... 14 more
Could not find rule file rules/intRulesCheckedSemantics.key (file: /home/runner/work/key/key/key.core/../key.ui/examples/index/../InformationFlow/NewObjects/object.AmtoftBanerjee(object.AmtoftBanerjee__getQ()).Non-interference contract.0.m.key; caused by: de.uka.ilkd.key.proof.init.ProofInputException: Could not find rule file rules/intRulesCheckedSemantics.key)
	at de.uka.ilkd.key.control.AbstractUserInterfaceControl.load(AbstractUserInterfaceControl.java:221)
	at de.uka.ilkd.key.control.KeYEnvironment.load(KeYEnvironment.java:251)
	at de.uka.ilkd.key.control.KeYEnvironment.load(KeYEnvironment.java:224)
	at de.uka.ilkd.key.control.KeYEnvironment.load(KeYEnvironment.java:184)
	at de.uka.ilkd.key.control.KeYEnvironment.load(KeYEnvironment.java:261)
	at de.uka.ilkd.key.proof.runallproofs.proofcollection.TestFile.load(TestFile.java:270)
	at de.uka.ilkd.key.proof.runallproofs.proofcollection.TestFile.runKey(TestFile.java:160)
	at de.uka.ilkd.key.proof.runallproofs.proofcollection.ForkedTestFileRunner.main(ForkedTestFileRunner.java:171)
Caused by: de.uka.ilkd.key.proof.init.ProofInputException: Could not find rule file rules/intRulesCheckedSemantics.key
	at de.uka.ilkd.key.proof.io.KeYFile.readIncludes(KeYFile.java:210)
	at de.uka.ilkd.key.proof.init.ProblemInitializer.readIncludes(ProblemInitializer.java:177)
	at de.uka.ilkd.key.proof.init.ProblemInitializer.readEnvInput(ProblemInitializer.java:325)
	at de.uka.ilkd.key.proof.init.ProblemInitializer.prepare(ProblemInitializer.java:449)
	at de.uka.ilkd.key.proof.io.AbstractProblemLoader.createInitConfig(AbstractProblemLoader.java:518)
	at de.uka.ilkd.key.proof.io.AbstractProblemLoader.loadEnvironment(AbstractProblemLoader.java:288)
	at de.uka.ilkd.key.proof.io.AbstractProblemLoader.load(AbstractProblemLoader.java:252)
	at de.uka.ilkd.key.control.AbstractUserInterfaceControl.load(AbstractUserInterfaceControl.java:209)
	... 7 more
Caused by: java.lang.RuntimeException: Could not find rule file rules/intRulesCheckedSemantics.key
	at de.uka.ilkd.key.proof.io.RuleSourceFactory.fromBuiltInRule(RuleSourceFactory.java:32)
	at de.uka.ilkd.key.proof.io.RuleSourceFactory.fromDefaultLocation(RuleSourceFactory.java:21)
	at de.uka.ilkd.key.nparser.builder.IncludeFinder.addInclude(IncludeFinder.java:63)
	at de.uka.ilkd.key.nparser.builder.IncludeFinder.visitOne_include(IncludeFinder.java:43)
	at de.uka.ilkd.key.nparser.builder.IncludeFinder.visitOne_include(IncludeFinder.java:20)
	at de.uka.ilkd.key.nparser.KeYParser$One_includeContext.accept(KeYParser.java:878)
	at de.uka.ilkd.key.nparser.builder.AbstractBuilder.lambda$mapOf$0(AbstractBuilder.java:112)
	at java.base/java.util.stream.ReferencePipeline$3$1.accept(ReferencePipeline.java:195)
	at java.base/java.util.ArrayList$ArrayListSpliterator.forEachRemaining(ArrayList.java:1655)
	at java.base/java.util.stream.AbstractPipeline.copyInto(AbstractPipeline.java:484)
	at java.base/java.util.stream.AbstractPipeline.wrapAndCopyInto(AbstractPipeline.java:474)
	at java.base/java.util.stream.ReduceOps$ReduceOp.evaluateSequential(ReduceOps.java:913)
	at java.base/java.util.stream.AbstractPipeline.evaluate(AbstractPipeline.java:234)
	at java.base/java.util.stream.ReferencePipeline.collect(ReferencePipeline.java:578)
	at de.uka.ilkd.key.nparser.builder.AbstractBuilder.mapOf(AbstractBuilder.java:112)
	at de.uka.ilkd.key.nparser.builder.IncludeFinder.visitOne_include_statement(IncludeFinder.java:35)
	at de.uka.ilkd.key.nparser.builder.IncludeFinder.visitOne_include_statement(IncludeFinder.java:20)
	at de.uka.ilkd.key.nparser.KeYParser$One_include_statementContext.accept(KeYParser.java:802)
	at org.antlr.v4.runtime.tree.AbstractParseTreeVisitor.visitChildren(AbstractParseTreeVisitor.java:46)
	at de.uka.ilkd.key.nparser.KeYParserBaseVisitor.visitDecls(KeYParserBaseVisitor.java:30)
	at de.uka.ilkd.key.nparser.KeYParser$DeclsContext.accept(KeYParser.java:500)
	at org.antlr.v4.runtime.tree.AbstractParseTreeVisitor.visitChildren(AbstractParseTreeVisitor.java:46)
	at de.uka.ilkd.key.nparser.KeYParserBaseVisitor.visitFile(KeYParserBaseVisitor.java:23)
	at de.uka.ilkd.key.nparser.KeYParser$FileContext.accept(KeYParser.java:306)
	at de.uka.ilkd.key.nparser.KeyAst.accept(KeyAst.java:41)
	at de.uka.ilkd.key.nparser.KeyAst$File.getIncludes(KeyAst.java:76)
	at de.uka.ilkd.key.proof.io.KeYFile.readIncludes(KeYFile.java:208)
	... 14 more
Could not find rule file rules/intRulesCheckedSemantics.key (file: /home/runner/work/key/key/key.core/../key.ui/examples/index/../InformationFlow/NewObjects/object.Naumann(object.Naumann__Pair_m(int,int)).Non-interference contract.0.m.key; caused by: de.uka.ilkd.key.proof.init.ProofInputException: Could not find rule file rules/intRulesCheckedSemantics.key)
	at de.uka.ilkd.key.control.AbstractUserInterfaceControl.load(AbstractUserInterfaceControl.java:221)
	at de.uka.ilkd.key.control.KeYEnvironment.load(KeYEnvironment.java:251)
	at de.uka.ilkd.key.control.KeYEnvironment.load(KeYEnvironment.java:224)
	at de.uka.ilkd.key.control.KeYEnvironment.load(KeYEnvironment.java:184)
	at de.uka.ilkd.key.control.KeYEnvironment.load(KeYEnvironment.java:261)
	at de.uka.ilkd.key.proof.runallproofs.proofcollection.TestFile.load(TestFile.java:270)
	at de.uka.ilkd.key.proof.runallproofs.proofcollection.TestFile.runKey(TestFile.java:160)
	at de.uka.ilkd.key.proof.runallproofs.proofcollection.ForkedTestFileRunner.main(ForkedTestFileRunner.java:171)
Caused by: de.uka.ilkd.key.proof.init.ProofInputException: Could not find rule file rules/intRulesCheckedSemantics.key
	at de.uka.ilkd.key.proof.io.KeYFile.readIncludes(KeYFile.java:210)
	at de.uka.ilkd.key.proof.init.ProblemInitializer.readIncludes(ProblemInitializer.java:177)
	at de.uka.ilkd.key.proof.init.ProblemInitializer.readEnvInput(ProblemInitializer.java:325)
	at de.uka.ilkd.key.proof.init.ProblemInitializer.prepare(ProblemInitializer.java:449)
	at de.uka.ilkd.key.proof.io.AbstractProblemLoader.createInitConfig(AbstractProblemLoader.java:518)
	at de.uka.ilkd.key.proof.io.AbstractProblemLoader.loadEnvironment(AbstractProblemLoader.java:288)
	at de.uka.ilkd.key.proof.io.AbstractProblemLoader.load(AbstractProblemLoader.java:252)
	at de.uka.ilkd.key.control.AbstractUserInterfaceControl.load(AbstractUserInterfaceControl.java:209)
	... 7 more
Caused by: java.lang.RuntimeException: Could not find rule file rules/intRulesCheckedSemantics.key
	at de.uka.ilkd.key.proof.io.RuleSourceFactory.fromBuiltInRule(RuleSourceFactory.java:32)
	at de.uka.ilkd.key.proof.io.RuleSourceFactory.fromDefaultLocation(RuleSourceFactory.java:21)
	at de.uka.ilkd.key.nparser.builder.IncludeFinder.addInclude(IncludeFinder.java:63)
	at de.uka.ilkd.key.nparser.builder.IncludeFinder.visitOne_include(IncludeFinder.java:43)
	at de.uka.ilkd.key.nparser.builder.IncludeFinder.visitOne_include(IncludeFinder.java:20)
	at de.uka.ilkd.key.nparser.KeYParser$One_includeContext.accept(KeYParser.java:878)
	at de.uka.ilkd.key.nparser.builder.AbstractBuilder.lambda$mapOf$0(AbstractBuilder.java:112)
	at java.base/java.util.stream.ReferencePipeline$3$1.accept(ReferencePipeline.java:195)
	at java.base/java.util.ArrayList$ArrayListSpliterator.forEachRemaining(ArrayList.java:1655)
	at java.base/java.util.stream.AbstractPipeline.copyInto(AbstractPipeline.java:484)
	at java.base/java.util.stream.AbstractPipeline.wrapAndCopyInto(AbstractPipeline.java:474)
	at java.base/java.util.stream.ReduceOps$ReduceOp.evaluateSequential(ReduceOps.java:913)
	at java.base/java.util.stream.AbstractPipeline.evaluate(AbstractPipeline.java:234)
	at java.base/java.util.stream.ReferencePipeline.collect(ReferencePipeline.java:578)
	at de.uka.ilkd.key.nparser.builder.AbstractBuilder.mapOf(AbstractBuilder.java:112)
	at de.uka.ilkd.key.nparser.builder.IncludeFinder.visitOne_include_statement(IncludeFinder.java:35)
	at de.uka.ilkd.key.nparser.builder.IncludeFinder.visitOne_include_statement(IncludeFinder.java:20)
	at de.uka.ilkd.key.nparser.KeYParser$One_include_statementContext.accept(KeYParser.java:802)
	at org.antlr.v4.runtime.tree.AbstractParseTreeVisitor.visitChildren(AbstractParseTreeVisitor.java:46)
	at de.uka.ilkd.key.nparser.KeYParserBaseVisitor.visitDecls(KeYParserBaseVisitor.java:30)
	at de.uka.ilkd.key.nparser.KeYParser$DeclsContext.accept(KeYParser.java:500)
	at org.antlr.v4.runtime.tree.AbstractParseTreeVisitor.visitChildren(AbstractParseTreeVisitor.java:46)
	at de.uka.ilkd.key.nparser.KeYParserBaseVisitor.visitFile(KeYParserBaseVisitor.java:23)
	at de.uka.ilkd.key.nparser.KeYParser$FileContext.accept(KeYParser.java:306)
	at de.uka.ilkd.key.nparser.KeyAst.accept(KeyAst.java:41)
	at de.uka.ilkd.key.nparser.KeyAst$File.getIncludes(KeyAst.java:76)
	at de.uka.ilkd.key.proof.io.KeYFile.readIncludes(KeYFile.java:208)
	... 14 more
Could not find rule file rules/intRulesCheckedSemantics.key (file: /home/runner/work/key/key/key.core/../key.ui/examples/index/../InformationFlow/NewObjects/object.ObjectOrientation(object.ObjectOrientation__secure_while_i((Ljava.lang.Object)).Non-interference contract.0.m.key; caused by: de.uka.ilkd.key.proof.init.ProofInputException: Could not find rule file rules/intRulesCheckedSemantics.key)
	at de.uka.ilkd.key.control.AbstractUserInterfaceControl.load(AbstractUserInterfaceControl.java:221)
	at de.uka.ilkd.key.control.KeYEnvironment.load(KeYEnvironment.java:251)
	at de.uka.ilkd.key.control.KeYEnvironment.load(KeYEnvironment.java:224)
	at de.uka.ilkd.key.control.KeYEnvironment.load(KeYEnvironment.java:184)
	at de.uka.ilkd.key.control.KeYEnvironment.load(KeYEnvironment.java:261)
	at de.uka.ilkd.key.proof.runallproofs.proofcollection.TestFile.load(TestFile.java:270)
	at de.uka.ilkd.key.proof.runallproofs.proofcollection.TestFile.runKey(TestFile.java:160)
	at de.uka.ilkd.key.proof.runallproofs.proofcollection.ForkedTestFileRunner.main(ForkedTestFileRunner.java:171)
Caused by: de.uka.ilkd.key.proof.init.ProofInputException: Could not find rule file rules/intRulesCheckedSemantics.key
	at de.uka.ilkd.key.proof.io.KeYFile.readIncludes(KeYFile.java:210)
	at de.uka.ilkd.key.proof.init.ProblemInitializer.readIncludes(ProblemInitializer.java:177)
	at de.uka.ilkd.key.proof.init.ProblemInitializer.readEnvInput(ProblemInitializer.java:325)
	at de.uka.ilkd.key.proof.init.ProblemInitializer.prepare(ProblemInitializer.java:449)
	at de.uka.ilkd.key.proof.io.AbstractProblemLoader.createInitConfig(AbstractProblemLoader.java:518)
	at de.uka.ilkd.key.proof.io.AbstractProblemLoader.loadEnvironment(AbstractProblemLoader.java:288)
	at de.uka.ilkd.key.proof.io.AbstractProblemLoader.load(AbstractProblemLoader.java:252)
	at de.uka.ilkd.key.control.AbstractUserInterfaceControl.load(AbstractUserInterfaceControl.java:209)
	... 7 more
Caused by: java.lang.RuntimeException: Could not find rule file rules/intRulesCheckedSemantics.key
	at de.uka.ilkd.key.proof.io.RuleSourceFactory.fromBuiltInRule(RuleSourceFactory.java:32)
	at de.uka.ilkd.key.proof.io.RuleSourceFactory.fromDefaultLocation(RuleSourceFactory.java:21)
	at de.uka.ilkd.key.nparser.builder.IncludeFinder.addInclude(IncludeFinder.java:63)
	at de.uka.ilkd.key.nparser.builder.IncludeFinder.visitOne_include(IncludeFinder.java:43)
	at de.uka.ilkd.key.nparser.builder.IncludeFinder.visitOne_include(IncludeFinder.java:20)
	at de.uka.ilkd.key.nparser.KeYParser$One_includeContext.accept(KeYParser.java:878)
	at de.uka.ilkd.key.nparser.builder.AbstractBuilder.lambda$mapOf$0(AbstractBuilder.java:112)
	at java.base/java.util.stream.ReferencePipeline$3$1.accept(ReferencePipeline.java:195)
	at java.base/java.util.ArrayList$ArrayListSpliterator.forEachRemaining(ArrayList.java:1655)
	at java.base/java.util.stream.AbstractPipeline.copyInto(AbstractPipeline.java:484)
	at java.base/java.util.stream.AbstractPipeline.wrapAndCopyInto(AbstractPipeline.java:474)
	at java.base/java.util.stream.ReduceOps$ReduceOp.evaluateSequential(ReduceOps.java:913)
	at java.base/java.util.stream.AbstractPipeline.evaluate(AbstractPipeline.java:234)
	at java.base/java.util.stream.ReferencePipeline.collect(ReferencePipeline.java:578)
	at de.uka.ilkd.key.nparser.builder.AbstractBuilder.mapOf(AbstractBuilder.java:112)
	at de.uka.ilkd.key.nparser.builder.IncludeFinder.visitOne_include_statement(IncludeFinder.java:35)
	at de.uka.ilkd.key.nparser.builder.IncludeFinder.visitOne_include_statement(IncludeFinder.java:20)
	at de.uka.ilkd.key.nparser.KeYParser$One_include_statementContext.accept(KeYParser.java:802)
	at org.antlr.v4.runtime.tree.AbstractParseTreeVisitor.visitChildren(AbstractParseTreeVisitor.java:46)
	at de.uka.ilkd.key.nparser.KeYParserBaseVisitor.visitDecls(KeYParserBaseVisitor.java:30)
	at de.uka.ilkd.key.nparser.KeYParser$DeclsContext.accept(KeYParser.java:500)
	at org.antlr.v4.runtime.tree.AbstractParseTreeVisitor.visitChildren(AbstractParseTreeVisitor.java:46)
	at de.uka.ilkd.key.nparser.KeYParserBaseVisitor.visitFile(KeYParserBaseVisitor.java:23)
	at de.uka.ilkd.key.nparser.KeYParser$FileContext.accept(KeYParser.java:306)
	at de.uka.ilkd.key.nparser.KeyAst.accept(KeyAst.java:41)
	at de.uka.ilkd.key.nparser.KeyAst$File.getIncludes(KeyAst.java:76)
	at de.uka.ilkd.key.proof.io.KeYFile.readIncludes(KeYFile.java:208)
	... 14 more
Could not find rule file rules/intRulesCheckedSemantics.key (file: /home/runner/work/key/key/key.core/../key.ui/examples/index/../InformationFlow/NewObjects/object.ObjectOrientation(object.ObjectOrientation__secure_method_call()).Non-interference contract.0.m.key; caused by: de.uka.ilkd.key.proof.init.ProofInputException: Could not find rule file rules/intRulesCheckedSemantics.key)
	at de.uka.ilkd.key.control.AbstractUserInterfaceControl.load(AbstractUserInterfaceControl.java:221)
	at de.uka.ilkd.key.control.KeYEnvironment.load(KeYEnvironment.java:251)
	at de.uka.ilkd.key.control.KeYEnvironment.load(KeYEnvironment.java:224)
	at de.uka.ilkd.key.control.KeYEnvironment.load(KeYEnvironment.java:184)
	at de.uka.ilkd.key.control.KeYEnvironment.load(KeYEnvironment.java:261)
	at de.uka.ilkd.key.proof.runallproofs.proofcollection.TestFile.load(TestFile.java:270)
	at de.uka.ilkd.key.proof.runallproofs.proofcollection.TestFile.runKey(TestFile.java:160)
	at de.uka.ilkd.key.proof.runallproofs.proofcollection.ForkedTestFileRunner.main(ForkedTestFileRunner.java:171)
Caused by: de.uka.ilkd.key.proof.init.ProofInputException: Could not find rule file rules/intRulesCheckedSemantics.key
	at de.uka.ilkd.key.proof.io.KeYFile.readIncludes(KeYFile.java:210)
	at de.uka.ilkd.key.proof.init.ProblemInitializer.readIncludes(ProblemInitializer.java:177)
	at de.uka.ilkd.key.proof.init.ProblemInitializer.readEnvInput(ProblemInitializer.java:325)
	at de.uka.ilkd.key.proof.init.ProblemInitializer.prepare(ProblemInitializer.java:449)
	at de.uka.ilkd.key.proof.io.AbstractProblemLoader.createInitConfig(AbstractProblemLoader.java:518)
	at de.uka.ilkd.key.proof.io.AbstractProblemLoader.loadEnvironment(AbstractProblemLoader.java:288)
	at de.uka.ilkd.key.proof.io.AbstractProblemLoader.load(AbstractProblemLoader.java:252)
	at de.uka.ilkd.key.control.AbstractUserInterfaceControl.load(AbstractUserInterfaceControl.java:209)
	... 7 more
Caused by: java.lang.RuntimeException: Could not find rule file rules/intRulesCheckedSemantics.key
	at de.uka.ilkd.key.proof.io.RuleSourceFactory.fromBuiltInRule(RuleSourceFactory.java:32)
	at de.uka.ilkd.key.proof.io.RuleSourceFactory.fromDefaultLocation(RuleSourceFactory.java:21)
	at de.uka.ilkd.key.nparser.builder.IncludeFinder.addInclude(IncludeFinder.java:63)
	at de.uka.ilkd.key.nparser.builder.IncludeFinder.visitOne_include(IncludeFinder.java:43)
	at de.uka.ilkd.key.nparser.builder.IncludeFinder.visitOne_include(IncludeFinder.java:20)
	at de.uka.ilkd.key.nparser.KeYParser$One_includeContext.accept(KeYParser.java:878)
	at de.uka.ilkd.key.nparser.builder.AbstractBuilder.lambda$mapOf$0(AbstractBuilder.java:112)
	at java.base/java.util.stream.ReferencePipeline$3$1.accept(ReferencePipeline.java:195)
	at java.base/java.util.ArrayList$ArrayListSpliterator.forEachRemaining(ArrayList.java:1655)
	at java.base/java.util.stream.AbstractPipeline.copyInto(AbstractPipeline.java:484)
	at java.base/java.util.stream.AbstractPipeline.wrapAndCopyInto(AbstractPipeline.java:474)
	at java.base/java.util.stream.ReduceOps$ReduceOp.evaluateSequential(ReduceOps.java:913)
	at java.base/java.util.stream.AbstractPipeline.evaluate(AbstractPipeline.java:234)
	at java.base/java.util.stream.ReferencePipeline.collect(ReferencePipeline.java:578)
	at de.uka.ilkd.key.nparser.builder.AbstractBuilder.mapOf(AbstractBuilder.java:112)
	at de.uka.ilkd.key.nparser.builder.IncludeFinder.visitOne_include_statement(IncludeFinder.java:35)
	at de.uka.ilkd.key.nparser.builder.IncludeFinder.visitOne_include_statement(IncludeFinder.java:20)
	at de.uka.ilkd.key.nparser.KeYParser$One_include_statementContext.accept(KeYParser.java:802)
	at org.antlr.v4.runtime.tree.AbstractParseTreeVisitor.visitChildren(AbstractParseTreeVisitor.java:46)
	at de.uka.ilkd.key.nparser.KeYParserBaseVisitor.visitDecls(KeYParserBaseVisitor.java:30)
	at de.uka.ilkd.key.nparser.KeYParser$DeclsContext.accept(KeYParser.java:500)
	at org.antlr.v4.runtime.tree.AbstractParseTreeVisitor.visitChildren(AbstractParseTreeVisitor.java:46)
	at de.uka.ilkd.key.nparser.KeYParserBaseVisitor.visitFile(KeYParserBaseVisitor.java:23)
	at de.uka.ilkd.key.nparser.KeYParser$FileContext.accept(KeYParser.java:306)
	at de.uka.ilkd.key.nparser.KeyAst.accept(KeyAst.java:41)
	at de.uka.ilkd.key.nparser.KeyAst$File.getIncludes(KeyAst.java:76)
	at de.uka.ilkd.key.proof.io.KeYFile.readIncludes(KeYFile.java:208)
	... 14 more
Could not find rule file rules/intRulesCheckedSemantics.key (file: /home/runner/work/key/key/key.core/../key.ui/examples/index/../InformationFlow/NewObjects/object.ObjectOrientation(object.ObjectOrientation__if_two_object_creation_next()).Non-interference contract.1.m.key; caused by: de.uka.ilkd.key.proof.init.ProofInputException: Could not find rule file rules/intRulesCheckedSemantics.key)
	at de.uka.ilkd.key.control.AbstractUserInterfaceControl.load(AbstractUserInterfaceControl.java:221)
	at de.uka.ilkd.key.control.KeYEnvironment.load(KeYEnvironment.java:251)
	at de.uka.ilkd.key.control.KeYEnvironment.load(KeYEnvironment.java:224)
	at de.uka.ilkd.key.control.KeYEnvironment.load(KeYEnvironment.java:184)
	at de.uka.ilkd.key.control.KeYEnvironment.load(KeYEnvironment.java:261)
	at de.uka.ilkd.key.proof.runallproofs.proofcollection.TestFile.load(TestFile.java:270)
	at de.uka.ilkd.key.proof.runallproofs.proofcollection.TestFile.runKey(TestFile.java:160)
	at de.uka.ilkd.key.proof.runallproofs.proofcollection.ForkedTestFileRunner.main(ForkedTestFileRunner.java:171)
Caused by: de.uka.ilkd.key.proof.init.ProofInputException: Could not find rule file rules/intRulesCheckedSemantics.key
	at de.uka.ilkd.key.proof.io.KeYFile.readIncludes(KeYFile.java:210)
	at de.uka.ilkd.key.proof.init.ProblemInitializer.readIncludes(ProblemInitializer.java:177)
	at de.uka.ilkd.key.proof.init.ProblemInitializer.readEnvInput(ProblemInitializer.java:325)
	at de.uka.ilkd.key.proof.init.ProblemInitializer.prepare(ProblemInitializer.java:449)
	at de.uka.ilkd.key.proof.io.AbstractProblemLoader.createInitConfig(AbstractProblemLoader.java:518)
	at de.uka.ilkd.key.proof.io.AbstractProblemLoader.loadEnvironment(AbstractProblemLoader.java:288)
	at de.uka.ilkd.key.proof.io.AbstractProblemLoader.load(AbstractProblemLoader.java:252)
	at de.uka.ilkd.key.control.AbstractUserInterfaceControl.load(AbstractUserInterfaceControl.java:209)
	... 7 more
Caused by: java.lang.RuntimeException: Could not find rule file rules/intRulesCheckedSemantics.key
	at de.uka.ilkd.key.proof.io.RuleSourceFactory.fromBuiltInRule(RuleSourceFactory.java:32)
	at de.uka.ilkd.key.proof.io.RuleSourceFactory.fromDefaultLocation(RuleSourceFactory.java:21)
	at de.uka.ilkd.key.nparser.builder.IncludeFinder.addInclude(IncludeFinder.java:63)
	at de.uka.ilkd.key.nparser.builder.IncludeFinder.visitOne_include(IncludeFinder.java:43)
	at de.uka.ilkd.key.nparser.builder.IncludeFinder.visitOne_include(IncludeFinder.java:20)
	at de.uka.ilkd.key.nparser.KeYParser$One_includeContext.accept(KeYParser.java:878)
	at de.uka.ilkd.key.nparser.builder.AbstractBuilder.lambda$mapOf$0(AbstractBuilder.java:112)
	at java.base/java.util.stream.ReferencePipeline$3$1.accept(ReferencePipeline.java:195)
	at java.base/java.util.ArrayList$ArrayListSpliterator.forEachRemaining(ArrayList.java:1655)
	at java.base/java.util.stream.AbstractPipeline.copyInto(AbstractPipeline.java:484)
	at java.base/java.util.stream.AbstractPipeline.wrapAndCopyInto(AbstractPipeline.java:474)
	at java.base/java.util.stream.ReduceOps$ReduceOp.evaluateSequential(ReduceOps.java:913)
	at java.base/java.util.stream.AbstractPipeline.evaluate(AbstractPipeline.java:234)
	at java.base/java.util.stream.ReferencePipeline.collect(ReferencePipeline.java:578)
	at de.uka.ilkd.key.nparser.builder.AbstractBuilder.mapOf(AbstractBuilder.java:112)
	at de.uka.ilkd.key.nparser.builder.IncludeFinder.visitOne_include_statement(IncludeFinder.java:35)
	at de.uka.ilkd.key.nparser.builder.IncludeFinder.visitOne_include_statement(IncludeFinder.java:20)
	at de.uka.ilkd.key.nparser.KeYParser$One_include_statementContext.accept(KeYParser.java:802)
	at org.antlr.v4.runtime.tree.AbstractParseTreeVisitor.visitChildren(AbstractParseTreeVisitor.java:46)
	at de.uka.ilkd.key.nparser.KeYParserBaseVisitor.visitDecls(KeYParserBaseVisitor.java:30)
	at de.uka.ilkd.key.nparser.KeYParser$DeclsContext.accept(KeYParser.java:500)
	at org.antlr.v4.runtime.tree.AbstractParseTreeVisitor.visitChildren(AbstractParseTreeVisitor.java:46)
	at de.uka.ilkd.key.nparser.KeYParserBaseVisitor.visitFile(KeYParserBaseVisitor.java:23)
	at de.uka.ilkd.key.nparser.KeYParser$FileContext.accept(KeYParser.java:306)
	at de.uka.ilkd.key.nparser.KeyAst.accept(KeyAst.java:41)
	at de.uka.ilkd.key.nparser.KeyAst$File.getIncludes(KeyAst.java:76)
	at de.uka.ilkd.key.proof.io.KeYFile.readIncludes(KeYFile.java:208)
	... 14 more
Could not find rule file rules/intRulesCheckedSemantics.key (file: /home/runner/work/key/key/key.core/../key.ui/examples/index/../InformationFlow/NewObjects/object.ObjectOrientation(object.ObjectOrientation__if_two_object_creation_next()).Non-interference contract.0.m.key; caused by: de.uka.ilkd.key.proof.init.ProofInputException: Could not find rule file rules/intRulesCheckedSemantics.key)
	at de.uka.ilkd.key.control.AbstractUserInterfaceControl.load(AbstractUserInterfaceControl.java:221)
	at de.uka.ilkd.key.control.KeYEnvironment.load(KeYEnvironment.java:251)
	at de.uka.ilkd.key.control.KeYEnvironment.load(KeYEnvironment.java:224)
	at de.uka.ilkd.key.control.KeYEnvironment.load(KeYEnvironment.java:184)
	at de.uka.ilkd.key.control.KeYEnvironment.load(KeYEnvironment.java:261)
	at de.uka.ilkd.key.proof.runallproofs.proofcollection.TestFile.load(TestFile.java:270)
	at de.uka.ilkd.key.proof.runallproofs.proofcollection.TestFile.runKey(TestFile.java:160)
	at de.uka.ilkd.key.proof.runallproofs.proofcollection.ForkedTestFileRunner.main(ForkedTestFileRunner.java:171)
Caused by: de.uka.ilkd.key.proof.init.ProofInputException: Could not find rule file rules/intRulesCheckedSemantics.key
	at de.uka.ilkd.key.proof.io.KeYFile.readIncludes(KeYFile.java:210)
	at de.uka.ilkd.key.proof.init.ProblemInitializer.readIncludes(ProblemInitializer.java:177)
	at de.uka.ilkd.key.proof.init.ProblemInitializer.readEnvInput(ProblemInitializer.java:325)
	at de.uka.ilkd.key.proof.init.ProblemInitializer.prepare(ProblemInitializer.java:449)
	at de.uka.ilkd.key.proof.io.AbstractProblemLoader.createInitConfig(AbstractProblemLoader.java:518)
	at de.uka.ilkd.key.proof.io.AbstractProblemLoader.loadEnvironment(AbstractProblemLoader.java:288)
	at de.uka.ilkd.key.proof.io.AbstractProblemLoader.load(AbstractProblemLoader.java:252)
	at de.uka.ilkd.key.control.AbstractUserInterfaceControl.load(AbstractUserInterfaceControl.java:209)
	... 7 more
Caused by: java.lang.RuntimeException: Could not find rule file rules/intRulesCheckedSemantics.key
	at de.uka.ilkd.key.proof.io.RuleSourceFactory.fromBuiltInRule(RuleSourceFactory.java:32)
	at de.uka.ilkd.key.proof.io.RuleSourceFactory.fromDefaultLocation(RuleSourceFactory.java:21)
	at de.uka.ilkd.key.nparser.builder.IncludeFinder.addInclude(IncludeFinder.java:63)
	at de.uka.ilkd.key.nparser.builder.IncludeFinder.visitOne_include(IncludeFinder.java:43)
	at de.uka.ilkd.key.nparser.builder.IncludeFinder.visitOne_include(IncludeFinder.java:20)
	at de.uka.ilkd.key.nparser.KeYParser$One_includeContext.accept(KeYParser.java:878)
	at de.uka.ilkd.key.nparser.builder.AbstractBuilder.lambda$mapOf$0(AbstractBuilder.java:112)
	at java.base/java.util.stream.ReferencePipeline$3$1.accept(ReferencePipeline.java:195)
	at java.base/java.util.ArrayList$ArrayListSpliterator.forEachRemaining(ArrayList.java:1655)
	at java.base/java.util.stream.AbstractPipeline.copyInto(AbstractPipeline.java:484)
	at java.base/java.util.stream.AbstractPipeline.wrapAndCopyInto(AbstractPipeline.java:474)
	at java.base/java.util.stream.ReduceOps$ReduceOp.evaluateSequential(ReduceOps.java:913)
	at java.base/java.util.stream.AbstractPipeline.evaluate(AbstractPipeline.java:234)
	at java.base/java.util.stream.ReferencePipeline.collect(ReferencePipeline.java:578)
	at de.uka.ilkd.key.nparser.builder.AbstractBuilder.mapOf(AbstractBuilder.java:112)
	at de.uka.ilkd.key.nparser.builder.IncludeFinder.visitOne_include_statement(IncludeFinder.java:35)
	at de.uka.ilkd.key.nparser.builder.IncludeFinder.visitOne_include_statement(IncludeFinder.java:20)
	at de.uka.ilkd.key.nparser.KeYParser$One_include_statementContext.accept(KeYParser.java:802)
	at org.antlr.v4.runtime.tree.AbstractParseTreeVisitor.visitChildren(AbstractParseTreeVisitor.java:46)
	at de.uka.ilkd.key.nparser.KeYParserBaseVisitor.visitDecls(KeYParserBaseVisitor.java:30)
	at de.uka.ilkd.key.nparser.KeYParser$DeclsContext.accept(KeYParser.java:500)
	at org.antlr.v4.runtime.tree.AbstractParseTreeVisitor.visitChildren(AbstractParseTreeVisitor.java:46)
	at de.uka.ilkd.key.nparser.KeYParserBaseVisitor.visitFile(KeYParserBaseVisitor.java:23)
	at de.uka.ilkd.key.nparser.KeYParser$FileContext.accept(KeYParser.java:306)
	at de.uka.ilkd.key.nparser.KeyAst.accept(KeyAst.java:41)
	at de.uka.ilkd.key.nparser.KeyAst$File.getIncludes(KeyAst.java:76)
	at de.uka.ilkd.key.proof.io.KeYFile.readIncludes(KeYFile.java:208)
	... 14 more
Could not find rule file rules/intRulesCheckedSemantics.key (file: /home/runner/work/key/key/key.core/../key.ui/examples/index/../InformationFlow/NewObjects/object.ObjectOrientation(object.ObjectOrientation__secure_if_two_object_creation()).Non-interference contract.0.m.key; caused by: de.uka.ilkd.key.proof.init.ProofInputException: Could not find rule file rules/intRulesCheckedSemantics.key)
	at de.uka.ilkd.key.control.AbstractUserInterfaceControl.load(AbstractUserInterfaceControl.java:221)
	at de.uka.ilkd.key.control.KeYEnvironment.load(KeYEnvironment.java:251)
	at de.uka.ilkd.key.control.KeYEnvironment.load(KeYEnvironment.java:224)
	at de.uka.ilkd.key.control.KeYEnvironment.load(KeYEnvironment.java:184)
	at de.uka.ilkd.key.control.KeYEnvironment.load(KeYEnvironment.java:261)
	at de.uka.ilkd.key.proof.runallproofs.proofcollection.TestFile.load(TestFile.java:270)
	at de.uka.ilkd.key.proof.runallproofs.proofcollection.TestFile.runKey(TestFile.java:160)
	at de.uka.ilkd.key.proof.runallproofs.proofcollection.ForkedTestFileRunner.main(ForkedTestFileRunner.java:171)
Caused by: de.uka.ilkd.key.proof.init.ProofInputException: Could not find rule file rules/intRulesCheckedSemantics.key
	at de.uka.ilkd.key.proof.io.KeYFile.readIncludes(KeYFile.java:210)
	at de.uka.ilkd.key.proof.init.ProblemInitializer.readIncludes(ProblemInitializer.java:177)
	at de.uka.ilkd.key.proof.init.ProblemInitializer.readEnvInput(ProblemInitializer.java:325)
	at de.uka.ilkd.key.proof.init.ProblemInitializer.prepare(ProblemInitializer.java:449)
	at de.uka.ilkd.key.proof.io.AbstractProblemLoader.createInitConfig(AbstractProblemLoader.java:518)
	at de.uka.ilkd.key.proof.io.AbstractProblemLoader.loadEnvironment(AbstractProblemLoader.java:288)
	at de.uka.ilkd.key.proof.io.AbstractProblemLoader.load(AbstractProblemLoader.java:252)
	at de.uka.ilkd.key.control.AbstractUserInterfaceControl.load(AbstractUserInterfaceControl.java:209)
	... 7 more
Caused by: java.lang.RuntimeException: Could not find rule file rules/intRulesCheckedSemantics.key
	at de.uka.ilkd.key.proof.io.RuleSourceFactory.fromBuiltInRule(RuleSourceFactory.java:32)
	at de.uka.ilkd.key.proof.io.RuleSourceFactory.fromDefaultLocation(RuleSourceFactory.java:21)
	at de.uka.ilkd.key.nparser.builder.IncludeFinder.addInclude(IncludeFinder.java:63)
	at de.uka.ilkd.key.nparser.builder.IncludeFinder.visitOne_include(IncludeFinder.java:43)
	at de.uka.ilkd.key.nparser.builder.IncludeFinder.visitOne_include(IncludeFinder.java:20)
	at de.uka.ilkd.key.nparser.KeYParser$One_includeContext.accept(KeYParser.java:878)
	at de.uka.ilkd.key.nparser.builder.AbstractBuilder.lambda$mapOf$0(AbstractBuilder.java:112)
	at java.base/java.util.stream.ReferencePipeline$3$1.accept(ReferencePipeline.java:195)
	at java.base/java.util.ArrayList$ArrayListSpliterator.forEachRemaining(ArrayList.java:1655)
	at java.base/java.util.stream.AbstractPipeline.copyInto(AbstractPipeline.java:484)
	at java.base/java.util.stream.AbstractPipeline.wrapAndCopyInto(AbstractPipeline.java:474)
	at java.base/java.util.stream.ReduceOps$ReduceOp.evaluateSequential(ReduceOps.java:913)
	at java.base/java.util.stream.AbstractPipeline.evaluate(AbstractPipeline.java:234)
	at java.base/java.util.stream.ReferencePipeline.collect(ReferencePipeline.java:578)
	at de.uka.ilkd.key.nparser.builder.AbstractBuilder.mapOf(AbstractBuilder.java:112)
	at de.uka.ilkd.key.nparser.builder.IncludeFinder.visitOne_include_statement(IncludeFinder.java:35)
	at de.uka.ilkd.key.nparser.builder.IncludeFinder.visitOne_include_statement(IncludeFinder.java:20)
	at de.uka.ilkd.key.nparser.KeYParser$One_include_statementContext.accept(KeYParser.java:802)
	at org.antlr.v4.runtime.tree.AbstractParseTreeVisitor.visitChildren(AbstractParseTreeVisitor.java:46)
	at de.uka.ilkd.key.nparser.KeYParserBaseVisitor.visitDecls(KeYParserBaseVisitor.java:30)
	at de.uka.ilkd.key.nparser.KeYParser$DeclsContext.accept(KeYParser.java:500)
	at org.antlr.v4.runtime.tree.AbstractParseTreeVisitor.visitChildren(AbstractParseTreeVisitor.java:46)
	at de.uka.ilkd.key.nparser.KeYParserBaseVisitor.visitFile(KeYParserBaseVisitor.java:23)
	at de.uka.ilkd.key.nparser.KeYParser$FileContext.accept(KeYParser.java:306)
	at de.uka.ilkd.key.nparser.KeyAst.accept(KeyAst.java:41)
	at de.uka.ilkd.key.nparser.KeyAst$File.getIncludes(KeyAst.java:76)
	at de.uka.ilkd.key.proof.io.KeYFile.readIncludes(KeYFile.java:208)
	... 14 more
Could not find rule file rules/intRulesCheckedSemantics.key (file: /home/runner/work/key/key/key.core/../key.ui/examples/index/../InformationFlow/NewObjects/object.ObjectOrientation(object.ObjectOrientation__insecure_two_object_creation()).Non-interference contract.0.m.key; caused by: de.uka.ilkd.key.proof.init.ProofInputException: Could not find rule file rules/intRulesCheckedSemantics.key)
	at de.uka.ilkd.key.control.AbstractUserInterfaceControl.load(AbstractUserInterfaceControl.java:221)
	at de.uka.ilkd.key.control.KeYEnvironment.load(KeYEnvironment.java:251)
	at de.uka.ilkd.key.control.KeYEnvironment.load(KeYEnvironment.java:224)
	at de.uka.ilkd.key.control.KeYEnvironment.load(KeYEnvironment.java:184)
	at de.uka.ilkd.key.control.KeYEnvironment.load(KeYEnvironment.java:261)
	at de.uka.ilkd.key.proof.runallproofs.proofcollection.TestFile.load(TestFile.java:270)
	at de.uka.ilkd.key.proof.runallproofs.proofcollection.TestFile.runKey(TestFile.java:160)
	at de.uka.ilkd.key.proof.runallproofs.proofcollection.ForkedTestFileRunner.main(ForkedTestFileRunner.java:171)
Caused by: de.uka.ilkd.key.proof.init.ProofInputException: Could not find rule file rules/intRulesCheckedSemantics.key
	at de.uka.ilkd.key.proof.io.KeYFile.readIncludes(KeYFile.java:210)
	at de.uka.ilkd.key.proof.init.ProblemInitializer.readIncludes(ProblemInitializer.java:177)
	at de.uka.ilkd.key.proof.init.ProblemInitializer.readEnvInput(ProblemInitializer.java:325)
	at de.uka.ilkd.key.proof.init.ProblemInitializer.prepare(ProblemInitializer.java:449)
	at de.uka.ilkd.key.proof.io.AbstractProblemLoader.createInitConfig(AbstractProblemLoader.java:518)
	at de.uka.ilkd.key.proof.io.AbstractProblemLoader.loadEnvironment(AbstractProblemLoader.java:288)
	at de.uka.ilkd.key.proof.io.AbstractProblemLoader.load(AbstractProblemLoader.java:252)
	at de.uka.ilkd.key.control.AbstractUserInterfaceControl.load(AbstractUserInterfaceControl.java:209)
	... 7 more
Caused by: java.lang.RuntimeException: Could not find rule file rules/intRulesCheckedSemantics.key
	at de.uka.ilkd.key.proof.io.RuleSourceFactory.fromBuiltInRule(RuleSourceFactory.java:32)
	at de.uka.ilkd.key.proof.io.RuleSourceFactory.fromDefaultLocation(RuleSourceFactory.java:21)
	at de.uka.ilkd.key.nparser.builder.IncludeFinder.addInclude(IncludeFinder.java:63)
	at de.uka.ilkd.key.nparser.builder.IncludeFinder.visitOne_include(IncludeFinder.java:43)
	at de.uka.ilkd.key.nparser.builder.IncludeFinder.visitOne_include(IncludeFinder.java:20)
	at de.uka.ilkd.key.nparser.KeYParser$One_includeContext.accept(KeYParser.java:878)
	at de.uka.ilkd.key.nparser.builder.AbstractBuilder.lambda$mapOf$0(AbstractBuilder.java:112)
	at java.base/java.util.stream.ReferencePipeline$3$1.accept(ReferencePipeline.java:195)
	at java.base/java.util.ArrayList$ArrayListSpliterator.forEachRemaining(ArrayList.java:1655)
	at java.base/java.util.stream.AbstractPipeline.copyInto(AbstractPipeline.java:484)
	at java.base/java.util.stream.AbstractPipeline.wrapAndCopyInto(AbstractPipeline.java:474)
	at java.base/java.util.stream.ReduceOps$ReduceOp.evaluateSequential(ReduceOps.java:913)
	at java.base/java.util.stream.AbstractPipeline.evaluate(AbstractPipeline.java:234)
	at java.base/java.util.stream.ReferencePipeline.collect(ReferencePipeline.java:578)
	at de.uka.ilkd.key.nparser.builder.AbstractBuilder.mapOf(AbstractBuilder.java:112)
	at de.uka.ilkd.key.nparser.builder.IncludeFinder.visitOne_include_statement(IncludeFinder.java:35)
	at de.uka.ilkd.key.nparser.builder.IncludeFinder.visitOne_include_statement(IncludeFinder.java:20)
	at de.uka.ilkd.key.nparser.KeYParser$One_include_statementContext.accept(KeYParser.java:802)
	at org.antlr.v4.runtime.tree.AbstractParseTreeVisitor.visitChildren(AbstractParseTreeVisitor.java:46)
	at de.uka.ilkd.key.nparser.KeYParserBaseVisitor.visitDecls(KeYParserBaseVisitor.java:30)
	at de.uka.ilkd.key.nparser.KeYParser$DeclsContext.accept(KeYParser.java:500)
	at org.antlr.v4.runtime.tree.AbstractParseTreeVisitor.visitChildren(AbstractParseTreeVisitor.java:46)
	at de.uka.ilkd.key.nparser.KeYParserBaseVisitor.visitFile(KeYParserBaseVisitor.java:23)
	at de.uka.ilkd.key.nparser.KeYParser$FileContext.accept(KeYParser.java:306)
	at de.uka.ilkd.key.nparser.KeyAst.accept(KeyAst.java:41)
	at de.uka.ilkd.key.nparser.KeyAst$File.getIncludes(KeyAst.java:76)
	at de.uka.ilkd.key.proof.io.KeYFile.readIncludes(KeYFile.java:208)
	... 14 more
Could not find rule file rules/intRulesCheckedSemantics.key (file: /home/runner/work/key/key/key.core/../key.ui/examples/index/../InformationFlow/NewObjects/object.ObjectOrientation(object.ObjectOrientation__secure_two_object_creation()).Non-interference contract.0.m.key; caused by: de.uka.ilkd.key.proof.init.ProofInputException: Could not find rule file rules/intRulesCheckedSemantics.key)
	at de.uka.ilkd.key.control.AbstractUserInterfaceControl.load(AbstractUserInterfaceControl.java:221)
	at de.uka.ilkd.key.control.KeYEnvironment.load(KeYEnvironment.java:251)
	at de.uka.ilkd.key.control.KeYEnvironment.load(KeYEnvironment.java:224)
	at de.uka.ilkd.key.control.KeYEnvironment.load(KeYEnvironment.java:184)
	at de.uka.ilkd.key.control.KeYEnvironment.load(KeYEnvironment.java:261)
	at de.uka.ilkd.key.proof.runallproofs.proofcollection.TestFile.load(TestFile.java:270)
	at de.uka.ilkd.key.proof.runallproofs.proofcollection.TestFile.runKey(TestFile.java:160)
	at de.uka.ilkd.key.proof.runallproofs.proofcollection.ForkedTestFileRunner.main(ForkedTestFileRunner.java:171)
Caused by: de.uka.ilkd.key.proof.init.ProofInputException: Could not find rule file rules/intRulesCheckedSemantics.key
	at de.uka.ilkd.key.proof.io.KeYFile.readIncludes(KeYFile.java:210)
	at de.uka.ilkd.key.proof.init.ProblemInitializer.readIncludes(ProblemInitializer.java:177)
	at de.uka.ilkd.key.proof.init.ProblemInitializer.readEnvInput(ProblemInitializer.java:325)
	at de.uka.ilkd.key.proof.init.ProblemInitializer.prepare(ProblemInitializer.java:449)
	at de.uka.ilkd.key.proof.io.AbstractProblemLoader.createInitConfig(AbstractProblemLoader.java:518)
	at de.uka.ilkd.key.proof.io.AbstractProblemLoader.loadEnvironment(AbstractProblemLoader.java:288)
	at de.uka.ilkd.key.proof.io.AbstractProblemLoader.load(AbstractProblemLoader.java:252)
	at de.uka.ilkd.key.control.AbstractUserInterfaceControl.load(AbstractUserInterfaceControl.java:209)
	... 7 more
Caused by: java.lang.RuntimeException: Could not find rule file rules/intRulesCheckedSemantics.key
	at de.uka.ilkd.key.proof.io.RuleSourceFactory.fromBuiltInRule(RuleSourceFactory.java:32)
	at de.uka.ilkd.key.proof.io.RuleSourceFactory.fromDefaultLocation(RuleSourceFactory.java:21)
	at de.uka.ilkd.key.nparser.builder.IncludeFinder.addInclude(IncludeFinder.java:63)
	at de.uka.ilkd.key.nparser.builder.IncludeFinder.visitOne_include(IncludeFinder.java:43)
	at de.uka.ilkd.key.nparser.builder.IncludeFinder.visitOne_include(IncludeFinder.java:20)
	at de.uka.ilkd.key.nparser.KeYParser$One_includeContext.accept(KeYParser.java:878)
	at de.uka.ilkd.key.nparser.builder.AbstractBuilder.lambda$mapOf$0(AbstractBuilder.java:112)
	at java.base/java.util.stream.ReferencePipeline$3$1.accept(ReferencePipeline.java:195)
	at java.base/java.util.ArrayList$ArrayListSpliterator.forEachRemaining(ArrayList.java:1655)
	at java.base/java.util.stream.AbstractPipeline.copyInto(AbstractPipeline.java:484)
	at java.base/java.util.stream.AbstractPipeline.wrapAndCopyInto(AbstractPipeline.java:474)
	at java.base/java.util.stream.ReduceOps$ReduceOp.evaluateSequential(ReduceOps.java:913)
	at java.base/java.util.stream.AbstractPipeline.evaluate(AbstractPipeline.java:234)
	at java.base/java.util.stream.ReferencePipeline.collect(ReferencePipeline.java:578)
	at de.uka.ilkd.key.nparser.builder.AbstractBuilder.mapOf(AbstractBuilder.java:112)
	at de.uka.ilkd.key.nparser.builder.IncludeFinder.visitOne_include_statement(IncludeFinder.java:35)
	at de.uka.ilkd.key.nparser.builder.IncludeFinder.visitOne_include_statement(IncludeFinder.java:20)
	at de.uka.ilkd.key.nparser.KeYParser$One_include_statementContext.accept(KeYParser.java:802)
	at org.antlr.v4.runtime.tree.AbstractParseTreeVisitor.visitChildren(AbstractParseTreeVisitor.java:46)
	at de.uka.ilkd.key.nparser.KeYParserBaseVisitor.visitDecls(KeYParserBaseVisitor.java:30)
	at de.uka.ilkd.key.nparser.KeYParser$DeclsContext.accept(KeYParser.java:500)
	at org.antlr.v4.runtime.tree.AbstractParseTreeVisitor.visitChildren(AbstractParseTreeVisitor.java:46)
	at de.uka.ilkd.key.nparser.KeYParserBaseVisitor.visitFile(KeYParserBaseVisitor.java:23)
	at de.uka.ilkd.key.nparser.KeYParser$FileContext.accept(KeYParser.java:306)
	at de.uka.ilkd.key.nparser.KeyAst.accept(KeyAst.java:41)
	at de.uka.ilkd.key.nparser.KeyAst$File.getIncludes(KeyAst.java:76)
	at de.uka.ilkd.key.proof.io.KeYFile.readIncludes(KeYFile.java:208)
	... 14 more
Could not find rule file rules/intRulesCheckedSemantics.key (file: /home/runner/work/key/key/key.core/../key.ui/examples/index/../InformationFlow/NewObjects/object.ObjectOrientation(object.ObjectOrientation__insecure_object_assignment()).Non-interference contract.1.m.key; caused by: de.uka.ilkd.key.proof.init.ProofInputException: Could not find rule file rules/intRulesCheckedSemantics.key)
	at de.uka.ilkd.key.control.AbstractUserInterfaceControl.load(AbstractUserInterfaceControl.java:221)
	at de.uka.ilkd.key.control.KeYEnvironment.load(KeYEnvironment.java:251)
	at de.uka.ilkd.key.control.KeYEnvironment.load(KeYEnvironment.java:224)
	at de.uka.ilkd.key.control.KeYEnvironment.load(KeYEnvironment.java:184)
	at de.uka.ilkd.key.control.KeYEnvironment.load(KeYEnvironment.java:261)
	at de.uka.ilkd.key.proof.runallproofs.proofcollection.TestFile.load(TestFile.java:270)
	at de.uka.ilkd.key.proof.runallproofs.proofcollection.TestFile.runKey(TestFile.java:160)
	at de.uka.ilkd.key.proof.runallproofs.proofcollection.ForkedTestFileRunner.main(ForkedTestFileRunner.java:171)
Caused by: de.uka.ilkd.key.proof.init.ProofInputException: Could not find rule file rules/intRulesCheckedSemantics.key
	at de.uka.ilkd.key.proof.io.KeYFile.readIncludes(KeYFile.java:210)
	at de.uka.ilkd.key.proof.init.ProblemInitializer.readIncludes(ProblemInitializer.java:177)
	at de.uka.ilkd.key.proof.init.ProblemInitializer.readEnvInput(ProblemInitializer.java:325)
	at de.uka.ilkd.key.proof.init.ProblemInitializer.prepare(ProblemInitializer.java:449)
	at de.uka.ilkd.key.proof.io.AbstractProblemLoader.createInitConfig(AbstractProblemLoader.java:518)
	at de.uka.ilkd.key.proof.io.AbstractProblemLoader.loadEnvironment(AbstractProblemLoader.java:288)
	at de.uka.ilkd.key.proof.io.AbstractProblemLoader.load(AbstractProblemLoader.java:252)
	at de.uka.ilkd.key.control.AbstractUserInterfaceControl.load(AbstractUserInterfaceControl.java:209)
	... 7 more
Caused by: java.lang.RuntimeException: Could not find rule file rules/intRulesCheckedSemantics.key
	at de.uka.ilkd.key.proof.io.RuleSourceFactory.fromBuiltInRule(RuleSourceFactory.java:32)
	at de.uka.ilkd.key.proof.io.RuleSourceFactory.fromDefaultLocation(RuleSourceFactory.java:21)
	at de.uka.ilkd.key.nparser.builder.IncludeFinder.addInclude(IncludeFinder.java:63)
	at de.uka.ilkd.key.nparser.builder.IncludeFinder.visitOne_include(IncludeFinder.java:43)
	at de.uka.ilkd.key.nparser.builder.IncludeFinder.visitOne_include(IncludeFinder.java:20)
	at de.uka.ilkd.key.nparser.KeYParser$One_includeContext.accept(KeYParser.java:878)
	at de.uka.ilkd.key.nparser.builder.AbstractBuilder.lambda$mapOf$0(AbstractBuilder.java:112)
	at java.base/java.util.stream.ReferencePipeline$3$1.accept(ReferencePipeline.java:195)
	at java.base/java.util.ArrayList$ArrayListSpliterator.forEachRemaining(ArrayList.java:1655)
	at java.base/java.util.stream.AbstractPipeline.copyInto(AbstractPipeline.java:484)
	at java.base/java.util.stream.AbstractPipeline.wrapAndCopyInto(AbstractPipeline.java:474)
	at java.base/java.util.stream.ReduceOps$ReduceOp.evaluateSequential(ReduceOps.java:913)
	at java.base/java.util.stream.AbstractPipeline.evaluate(AbstractPipeline.java:234)
	at java.base/java.util.stream.ReferencePipeline.collect(ReferencePipeline.java:578)
	at de.uka.ilkd.key.nparser.builder.AbstractBuilder.mapOf(AbstractBuilder.java:112)
	at de.uka.ilkd.key.nparser.builder.IncludeFinder.visitOne_include_statement(IncludeFinder.java:35)
	at de.uka.ilkd.key.nparser.builder.IncludeFinder.visitOne_include_statement(IncludeFinder.java:20)
	at de.uka.ilkd.key.nparser.KeYParser$One_include_statementContext.accept(KeYParser.java:802)
	at org.antlr.v4.runtime.tree.AbstractParseTreeVisitor.visitChildren(AbstractParseTreeVisitor.java:46)
	at de.uka.ilkd.key.nparser.KeYParserBaseVisitor.visitDecls(KeYParserBaseVisitor.java:30)
	at de.uka.ilkd.key.nparser.KeYParser$DeclsContext.accept(KeYParser.java:500)
	at org.antlr.v4.runtime.tree.AbstractParseTreeVisitor.visitChildren(AbstractParseTreeVisitor.java:46)
	at de.uka.ilkd.key.nparser.KeYParserBaseVisitor.visitFile(KeYParserBaseVisitor.java:23)
	at de.uka.ilkd.key.nparser.KeYParser$FileContext.accept(KeYParser.java:306)
	at de.uka.ilkd.key.nparser.KeyAst.accept(KeyAst.java:41)
	at de.uka.ilkd.key.nparser.KeyAst$File.getIncludes(KeyAst.java:76)
	at de.uka.ilkd.key.proof.io.KeYFile.readIncludes(KeYFile.java:208)
	... 14 more
Could not find rule file rules/intRulesCheckedSemantics.key (file: /home/runner/work/key/key/key.core/../key.ui/examples/index/../InformationFlow/NewObjects/object.ObjectOrientation(object.ObjectOrientation__insecure_object_assignment()).Non-interference contract.0.m.key; caused by: de.uka.ilkd.key.proof.init.ProofInputException: Could not find rule file rules/intRulesCheckedSemantics.key)
	at de.uka.ilkd.key.control.AbstractUserInterfaceControl.load(AbstractUserInterfaceControl.java:221)
	at de.uka.ilkd.key.control.KeYEnvironment.load(KeYEnvironment.java:251)
	at de.uka.ilkd.key.control.KeYEnvironment.load(KeYEnvironment.java:224)
	at de.uka.ilkd.key.control.KeYEnvironment.load(KeYEnvironment.java:184)
	at de.uka.ilkd.key.control.KeYEnvironment.load(KeYEnvironment.java:261)
	at de.uka.ilkd.key.proof.runallproofs.proofcollection.TestFile.load(TestFile.java:270)
	at de.uka.ilkd.key.proof.runallproofs.proofcollection.TestFile.runKey(TestFile.java:160)
	at de.uka.ilkd.key.proof.runallproofs.proofcollection.ForkedTestFileRunner.main(ForkedTestFileRunner.java:171)
Caused by: de.uka.ilkd.key.proof.init.ProofInputException: Could not find rule file rules/intRulesCheckedSemantics.key
	at de.uka.ilkd.key.proof.io.KeYFile.readIncludes(KeYFile.java:210)
	at de.uka.ilkd.key.proof.init.ProblemInitializer.readIncludes(ProblemInitializer.java:177)
	at de.uka.ilkd.key.proof.init.ProblemInitializer.readEnvInput(ProblemInitializer.java:325)
	at de.uka.ilkd.key.proof.init.ProblemInitializer.prepare(ProblemInitializer.java:449)
	at de.uka.ilkd.key.proof.io.AbstractProblemLoader.createInitConfig(AbstractProblemLoader.java:518)
	at de.uka.ilkd.key.proof.io.AbstractProblemLoader.loadEnvironment(AbstractProblemLoader.java:288)
	at de.uka.ilkd.key.proof.io.AbstractProblemLoader.load(AbstractProblemLoader.java:252)
	at de.uka.ilkd.key.control.AbstractUserInterfaceControl.load(AbstractUserInterfaceControl.java:209)
	... 7 more
Caused by: java.lang.RuntimeException: Could not find rule file rules/intRulesCheckedSemantics.key
	at de.uka.ilkd.key.proof.io.RuleSourceFactory.fromBuiltInRule(RuleSourceFactory.java:32)
	at de.uka.ilkd.key.proof.io.RuleSourceFactory.fromDefaultLocation(RuleSourceFactory.java:21)
	at de.uka.ilkd.key.nparser.builder.IncludeFinder.addInclude(IncludeFinder.java:63)
	at de.uka.ilkd.key.nparser.builder.IncludeFinder.visitOne_include(IncludeFinder.java:43)
	at de.uka.ilkd.key.nparser.builder.IncludeFinder.visitOne_include(IncludeFinder.java:20)
	at de.uka.ilkd.key.nparser.KeYParser$One_includeContext.accept(KeYParser.java:878)
	at de.uka.ilkd.key.nparser.builder.AbstractBuilder.lambda$mapOf$0(AbstractBuilder.java:112)
	at java.base/java.util.stream.ReferencePipeline$3$1.accept(ReferencePipeline.java:195)
	at java.base/java.util.ArrayList$ArrayListSpliterator.forEachRemaining(ArrayList.java:1655)
	at java.base/java.util.stream.AbstractPipeline.copyInto(AbstractPipeline.java:484)
	at java.base/java.util.stream.AbstractPipeline.wrapAndCopyInto(AbstractPipeline.java:474)
	at java.base/java.util.stream.ReduceOps$ReduceOp.evaluateSequential(ReduceOps.java:913)
	at java.base/java.util.stream.AbstractPipeline.evaluate(AbstractPipeline.java:234)
	at java.base/java.util.stream.ReferencePipeline.collect(ReferencePipeline.java:578)
	at de.uka.ilkd.key.nparser.builder.AbstractBuilder.mapOf(AbstractBuilder.java:112)
	at de.uka.ilkd.key.nparser.builder.IncludeFinder.visitOne_include_statement(IncludeFinder.java:35)
	at de.uka.ilkd.key.nparser.builder.IncludeFinder.visitOne_include_statement(IncludeFinder.java:20)
	at de.uka.ilkd.key.nparser.KeYParser$One_include_statementContext.accept(KeYParser.java:802)
	at org.antlr.v4.runtime.tree.AbstractParseTreeVisitor.visitChildren(AbstractParseTreeVisitor.java:46)
	at de.uka.ilkd.key.nparser.KeYParserBaseVisitor.visitDecls(KeYParserBaseVisitor.java:30)
	at de.uka.ilkd.key.nparser.KeYParser$DeclsContext.accept(KeYParser.java:500)
	at org.antlr.v4.runtime.tree.AbstractParseTreeVisitor.visitChildren(AbstractParseTreeVisitor.java:46)
	at de.uka.ilkd.key.nparser.KeYParserBaseVisitor.visitFile(KeYParserBaseVisitor.java:23)
	at de.uka.ilkd.key.nparser.KeYParser$FileContext.accept(KeYParser.java:306)
	at de.uka.ilkd.key.nparser.KeyAst.accept(KeyAst.java:41)
	at de.uka.ilkd.key.nparser.KeyAst$File.getIncludes(KeyAst.java:76)
	at de.uka.ilkd.key.proof.io.KeYFile.readIncludes(KeYFile.java:208)
	... 14 more
Could not find rule file rules/intRulesCheckedSemantics.key (file: /home/runner/work/key/key/key.core/../key.ui/examples/index/../InformationFlow/NewObjects/object.ObjectOrientation(object.ObjectOrientation__secure_object_creation_3()).Non-interference contract.0.m.key; caused by: de.uka.ilkd.key.proof.init.ProofInputException: Could not find rule file rules/intRulesCheckedSemantics.key)
	at de.uka.ilkd.key.control.AbstractUserInterfaceControl.load(AbstractUserInterfaceControl.java:221)
	at de.uka.ilkd.key.control.KeYEnvironment.load(KeYEnvironment.java:251)
	at de.uka.ilkd.key.control.KeYEnvironment.load(KeYEnvironment.java:224)
	at de.uka.ilkd.key.control.KeYEnvironment.load(KeYEnvironment.java:184)
	at de.uka.ilkd.key.control.KeYEnvironment.load(KeYEnvironment.java:261)
	at de.uka.ilkd.key.proof.runallproofs.proofcollection.TestFile.load(TestFile.java:270)
	at de.uka.ilkd.key.proof.runallproofs.proofcollection.TestFile.runKey(TestFile.java:160)
	at de.uka.ilkd.key.proof.runallproofs.proofcollection.ForkedTestFileRunner.main(ForkedTestFileRunner.java:171)
Caused by: de.uka.ilkd.key.proof.init.ProofInputException: Could not find rule file rules/intRulesCheckedSemantics.key
	at de.uka.ilkd.key.proof.io.KeYFile.readIncludes(KeYFile.java:210)
	at de.uka.ilkd.key.proof.init.ProblemInitializer.readIncludes(ProblemInitializer.java:177)
	at de.uka.ilkd.key.proof.init.ProblemInitializer.readEnvInput(ProblemInitializer.java:325)
	at de.uka.ilkd.key.proof.init.ProblemInitializer.prepare(ProblemInitializer.java:449)
	at de.uka.ilkd.key.proof.io.AbstractProblemLoader.createInitConfig(AbstractProblemLoader.java:518)
	at de.uka.ilkd.key.proof.io.AbstractProblemLoader.loadEnvironment(AbstractProblemLoader.java:288)
	at de.uka.ilkd.key.proof.io.AbstractProblemLoader.load(AbstractProblemLoader.java:252)
	at de.uka.ilkd.key.control.AbstractUserInterfaceControl.load(AbstractUserInterfaceControl.java:209)
	... 7 more
Caused by: java.lang.RuntimeException: Could not find rule file rules/intRulesCheckedSemantics.key
	at de.uka.ilkd.key.proof.io.RuleSourceFactory.fromBuiltInRule(RuleSourceFactory.java:32)
	at de.uka.ilkd.key.proof.io.RuleSourceFactory.fromDefaultLocation(RuleSourceFactory.java:21)
	at de.uka.ilkd.key.nparser.builder.IncludeFinder.addInclude(IncludeFinder.java:63)
	at de.uka.ilkd.key.nparser.builder.IncludeFinder.visitOne_include(IncludeFinder.java:43)
	at de.uka.ilkd.key.nparser.builder.IncludeFinder.visitOne_include(IncludeFinder.java:20)
	at de.uka.ilkd.key.nparser.KeYParser$One_includeContext.accept(KeYParser.java:878)
	at de.uka.ilkd.key.nparser.builder.AbstractBuilder.lambda$mapOf$0(AbstractBuilder.java:112)
	at java.base/java.util.stream.ReferencePipeline$3$1.accept(ReferencePipeline.java:195)
	at java.base/java.util.ArrayList$ArrayListSpliterator.forEachRemaining(ArrayList.java:1655)
	at java.base/java.util.stream.AbstractPipeline.copyInto(AbstractPipeline.java:484)
	at java.base/java.util.stream.AbstractPipeline.wrapAndCopyInto(AbstractPipeline.java:474)
	at java.base/java.util.stream.ReduceOps$ReduceOp.evaluateSequential(ReduceOps.java:913)
	at java.base/java.util.stream.AbstractPipeline.evaluate(AbstractPipeline.java:234)
	at java.base/java.util.stream.ReferencePipeline.collect(ReferencePipeline.java:578)
	at de.uka.ilkd.key.nparser.builder.AbstractBuilder.mapOf(AbstractBuilder.java:112)
	at de.uka.ilkd.key.nparser.builder.IncludeFinder.visitOne_include_statement(IncludeFinder.java:35)
	at de.uka.ilkd.key.nparser.builder.IncludeFinder.visitOne_include_statement(IncludeFinder.java:20)
	at de.uka.ilkd.key.nparser.KeYParser$One_include_statementContext.accept(KeYParser.java:802)
	at org.antlr.v4.runtime.tree.AbstractParseTreeVisitor.visitChildren(AbstractParseTreeVisitor.java:46)
	at de.uka.ilkd.key.nparser.KeYParserBaseVisitor.visitDecls(KeYParserBaseVisitor.java:30)
	at de.uka.ilkd.key.nparser.KeYParser$DeclsContext.accept(KeYParser.java:500)
	at org.antlr.v4.runtime.tree.AbstractParseTreeVisitor.visitChildren(AbstractParseTreeVisitor.java:46)
	at de.uka.ilkd.key.nparser.KeYParserBaseVisitor.visitFile(KeYParserBaseVisitor.java:23)
	at de.uka.ilkd.key.nparser.KeYParser$FileContext.accept(KeYParser.java:306)
	at de.uka.ilkd.key.nparser.KeyAst.accept(KeyAst.java:41)
	at de.uka.ilkd.key.nparser.KeyAst$File.getIncludes(KeyAst.java:76)
	at de.uka.ilkd.key.proof.io.KeYFile.readIncludes(KeYFile.java:208)
	... 14 more
Could not find rule file rules/intRulesCheckedSemantics.key (file: /home/runner/work/key/key/key.core/../key.ui/examples/index/../InformationFlow/NewObjects/object.ObjectOrientation(object.ObjectOrientation__secure_object_creation_2()).Non-interference contract.0.m.key; caused by: de.uka.ilkd.key.proof.init.ProofInputException: Could not find rule file rules/intRulesCheckedSemantics.key)
	at de.uka.ilkd.key.control.AbstractUserInterfaceControl.load(AbstractUserInterfaceControl.java:221)
	at de.uka.ilkd.key.control.KeYEnvironment.load(KeYEnvironment.java:251)
	at de.uka.ilkd.key.control.KeYEnvironment.load(KeYEnvironment.java:224)
	at de.uka.ilkd.key.control.KeYEnvironment.load(KeYEnvironment.java:184)
	at de.uka.ilkd.key.control.KeYEnvironment.load(KeYEnvironment.java:261)
	at de.uka.ilkd.key.proof.runallproofs.proofcollection.TestFile.load(TestFile.java:270)
	at de.uka.ilkd.key.proof.runallproofs.proofcollection.TestFile.runKey(TestFile.java:160)
	at de.uka.ilkd.key.proof.runallproofs.proofcollection.ForkedTestFileRunner.main(ForkedTestFileRunner.java:171)
Caused by: de.uka.ilkd.key.proof.init.ProofInputException: Could not find rule file rules/intRulesCheckedSemantics.key
	at de.uka.ilkd.key.proof.io.KeYFile.readIncludes(KeYFile.java:210)
	at de.uka.ilkd.key.proof.init.ProblemInitializer.readIncludes(ProblemInitializer.java:177)
	at de.uka.ilkd.key.proof.init.ProblemInitializer.readEnvInput(ProblemInitializer.java:325)
	at de.uka.ilkd.key.proof.init.ProblemInitializer.prepare(ProblemInitializer.java:449)
	at de.uka.ilkd.key.proof.io.AbstractProblemLoader.createInitConfig(AbstractProblemLoader.java:518)
	at de.uka.ilkd.key.proof.io.AbstractProblemLoader.loadEnvironment(AbstractProblemLoader.java:288)
	at de.uka.ilkd.key.proof.io.AbstractProblemLoader.load(AbstractProblemLoader.java:252)
	at de.uka.ilkd.key.control.AbstractUserInterfaceControl.load(AbstractUserInterfaceControl.java:209)
	... 7 more
Caused by: java.lang.RuntimeException: Could not find rule file rules/intRulesCheckedSemantics.key
	at de.uka.ilkd.key.proof.io.RuleSourceFactory.fromBuiltInRule(RuleSourceFactory.java:32)
	at de.uka.ilkd.key.proof.io.RuleSourceFactory.fromDefaultLocation(RuleSourceFactory.java:21)
	at de.uka.ilkd.key.nparser.builder.IncludeFinder.addInclude(IncludeFinder.java:63)
	at de.uka.ilkd.key.nparser.builder.IncludeFinder.visitOne_include(IncludeFinder.java:43)
	at de.uka.ilkd.key.nparser.builder.IncludeFinder.visitOne_include(IncludeFinder.java:20)
	at de.uka.ilkd.key.nparser.KeYParser$One_includeContext.accept(KeYParser.java:878)
	at de.uka.ilkd.key.nparser.builder.AbstractBuilder.lambda$mapOf$0(AbstractBuilder.java:112)
	at java.base/java.util.stream.ReferencePipeline$3$1.accept(ReferencePipeline.java:195)
	at java.base/java.util.ArrayList$ArrayListSpliterator.forEachRemaining(ArrayList.java:1655)
	at java.base/java.util.stream.AbstractPipeline.copyInto(AbstractPipeline.java:484)
	at java.base/java.util.stream.AbstractPipeline.wrapAndCopyInto(AbstractPipeline.java:474)
	at java.base/java.util.stream.ReduceOps$ReduceOp.evaluateSequential(ReduceOps.java:913)
	at java.base/java.util.stream.AbstractPipeline.evaluate(AbstractPipeline.java:234)
	at java.base/java.util.stream.ReferencePipeline.collect(ReferencePipeline.java:578)
	at de.uka.ilkd.key.nparser.builder.AbstractBuilder.mapOf(AbstractBuilder.java:112)
	at de.uka.ilkd.key.nparser.builder.IncludeFinder.visitOne_include_statement(IncludeFinder.java:35)
	at de.uka.ilkd.key.nparser.builder.IncludeFinder.visitOne_include_statement(IncludeFinder.java:20)
	at de.uka.ilkd.key.nparser.KeYParser$One_include_statementContext.accept(KeYParser.java:802)
	at org.antlr.v4.runtime.tree.AbstractParseTreeVisitor.visitChildren(AbstractParseTreeVisitor.java:46)
	at de.uka.ilkd.key.nparser.KeYParserBaseVisitor.visitDecls(KeYParserBaseVisitor.java:30)
	at de.uka.ilkd.key.nparser.KeYParser$DeclsContext.accept(KeYParser.java:500)
	at org.antlr.v4.runtime.tree.AbstractParseTreeVisitor.visitChildren(AbstractParseTreeVisitor.java:46)
	at de.uka.ilkd.key.nparser.KeYParserBaseVisitor.visitFile(KeYParserBaseVisitor.java:23)
	at de.uka.ilkd.key.nparser.KeYParser$FileContext.accept(KeYParser.java:306)
	at de.uka.ilkd.key.nparser.KeyAst.accept(KeyAst.java:41)
	at de.uka.ilkd.key.nparser.KeyAst$File.getIncludes(KeyAst.java:76)
	at de.uka.ilkd.key.proof.io.KeYFile.readIncludes(KeYFile.java:208)
	... 14 more
Could not find rule file rules/intRulesCheckedSemantics.key (file: /home/runner/work/key/key/key.core/../key.ui/examples/index/../InformationFlow/NewObjects/object.ObjectOrientation(object.ObjectOrientation__secure_object_creation()).Non-interference contract.0.m.key; caused by: de.uka.ilkd.key.proof.init.ProofInputException: Could not find rule file rules/intRulesCheckedSemantics.key)
	at de.uka.ilkd.key.control.AbstractUserInterfaceControl.load(AbstractUserInterfaceControl.java:221)
	at de.uka.ilkd.key.control.KeYEnvironment.load(KeYEnvironment.java:251)
	at de.uka.ilkd.key.control.KeYEnvironment.load(KeYEnvironment.java:224)
	at de.uka.ilkd.key.control.KeYEnvironment.load(KeYEnvironment.java:184)
	at de.uka.ilkd.key.control.KeYEnvironment.load(KeYEnvironment.java:261)
	at de.uka.ilkd.key.proof.runallproofs.proofcollection.TestFile.load(TestFile.java:270)
	at de.uka.ilkd.key.proof.runallproofs.proofcollection.TestFile.runKey(TestFile.java:160)
	at de.uka.ilkd.key.proof.runallproofs.proofcollection.ForkedTestFileRunner.main(ForkedTestFileRunner.java:171)
Caused by: de.uka.ilkd.key.proof.init.ProofInputException: Could not find rule file rules/intRulesCheckedSemantics.key
	at de.uka.ilkd.key.proof.io.KeYFile.readIncludes(KeYFile.java:210)
	at de.uka.ilkd.key.proof.init.ProblemInitializer.readIncludes(ProblemInitializer.java:177)
	at de.uka.ilkd.key.proof.init.ProblemInitializer.readEnvInput(ProblemInitializer.java:325)
	at de.uka.ilkd.key.proof.init.ProblemInitializer.prepare(ProblemInitializer.java:449)
	at de.uka.ilkd.key.proof.io.AbstractProblemLoader.createInitConfig(AbstractProblemLoader.java:518)
	at de.uka.ilkd.key.proof.io.AbstractProblemLoader.loadEnvironment(AbstractProblemLoader.java:288)
	at de.uka.ilkd.key.proof.io.AbstractProblemLoader.load(AbstractProblemLoader.java:252)
	at de.uka.ilkd.key.control.AbstractUserInterfaceControl.load(AbstractUserInterfaceControl.java:209)
	... 7 more
Caused by: java.lang.RuntimeException: Could not find rule file rules/intRulesCheckedSemantics.key
	at de.uka.ilkd.key.proof.io.RuleSourceFactory.fromBuiltInRule(RuleSourceFactory.java:32)
	at de.uka.ilkd.key.proof.io.RuleSourceFactory.fromDefaultLocation(RuleSourceFactory.java:21)
	at de.uka.ilkd.key.nparser.builder.IncludeFinder.addInclude(IncludeFinder.java:63)
	at de.uka.ilkd.key.nparser.builder.IncludeFinder.visitOne_include(IncludeFinder.java:43)
	at de.uka.ilkd.key.nparser.builder.IncludeFinder.visitOne_include(IncludeFinder.java:20)
	at de.uka.ilkd.key.nparser.KeYParser$One_includeContext.accept(KeYParser.java:878)
	at de.uka.ilkd.key.nparser.builder.AbstractBuilder.lambda$mapOf$0(AbstractBuilder.java:112)
	at java.base/java.util.stream.ReferencePipeline$3$1.accept(ReferencePipeline.java:195)
	at java.base/java.util.ArrayList$ArrayListSpliterator.forEachRemaining(ArrayList.java:1655)
	at java.base/java.util.stream.AbstractPipeline.copyInto(AbstractPipeline.java:484)
	at java.base/java.util.stream.AbstractPipeline.wrapAndCopyInto(AbstractPipeline.java:474)
	at java.base/java.util.stream.ReduceOps$ReduceOp.evaluateSequential(ReduceOps.java:913)
	at java.base/java.util.stream.AbstractPipeline.evaluate(AbstractPipeline.java:234)
	at java.base/java.util.stream.ReferencePipeline.collect(ReferencePipeline.java:578)
	at de.uka.ilkd.key.nparser.builder.AbstractBuilder.mapOf(AbstractBuilder.java:112)
	at de.uka.ilkd.key.nparser.builder.IncludeFinder.visitOne_include_statement(IncludeFinder.java:35)
	at de.uka.ilkd.key.nparser.builder.IncludeFinder.visitOne_include_statement(IncludeFinder.java:20)
	at de.uka.ilkd.key.nparser.KeYParser$One_include_statementContext.accept(KeYParser.java:802)
	at org.antlr.v4.runtime.tree.AbstractParseTreeVisitor.visitChildren(AbstractParseTreeVisitor.java:46)
	at de.uka.ilkd.key.nparser.KeYParserBaseVisitor.visitDecls(KeYParserBaseVisitor.java:30)
	at de.uka.ilkd.key.nparser.KeYParser$DeclsContext.accept(KeYParser.java:500)
	at org.antlr.v4.runtime.tree.AbstractParseTreeVisitor.visitChildren(AbstractParseTreeVisitor.java:46)
	at de.uka.ilkd.key.nparser.KeYParserBaseVisitor.visitFile(KeYParserBaseVisitor.java:23)
	at de.uka.ilkd.key.nparser.KeYParser$FileContext.accept(KeYParser.java:306)
	at de.uka.ilkd.key.nparser.KeyAst.accept(KeyAst.java:41)
	at de.uka.ilkd.key.nparser.KeyAst$File.getIncludes(KeyAst.java:76)
	at de.uka.ilkd.key.proof.io.KeYFile.readIncludes(KeYFile.java:208)
	... 14 more
Could not find rule file rules/intRulesCheckedSemantics.key (file: /home/runner/work/key/key/key.core/../key.ui/examples/index/../InformationFlow/NewObjects/object.AmtoftBanerjee2(object.AmtoftBanerjee2__expensive(int)).Non-interference contract.0.m.key; caused by: de.uka.ilkd.key.proof.init.ProofInputException: Could not find rule file rules/intRulesCheckedSemantics.key)
	at de.uka.ilkd.key.control.AbstractUserInterfaceControl.load(AbstractUserInterfaceControl.java:221)
	at de.uka.ilkd.key.control.KeYEnvironment.load(KeYEnvironment.java:251)
	at de.uka.ilkd.key.control.KeYEnvironment.load(KeYEnvironment.java:224)
	at de.uka.ilkd.key.control.KeYEnvironment.load(KeYEnvironment.java:184)
	at de.uka.ilkd.key.control.KeYEnvironment.load(KeYEnvironment.java:261)
	at de.uka.ilkd.key.proof.runallproofs.proofcollection.TestFile.load(TestFile.java:270)
	at de.uka.ilkd.key.proof.runallproofs.proofcollection.TestFile.runKey(TestFile.java:160)
	at de.uka.ilkd.key.proof.runallproofs.proofcollection.ForkedTestFileRunner.main(ForkedTestFileRunner.java:171)
Caused by: de.uka.ilkd.key.proof.init.ProofInputException: Could not find rule file rules/intRulesCheckedSemantics.key
	at de.uka.ilkd.key.proof.io.KeYFile.readIncludes(KeYFile.java:210)
	at de.uka.ilkd.key.proof.init.ProblemInitializer.readIncludes(ProblemInitializer.java:177)
	at de.uka.ilkd.key.proof.init.ProblemInitializer.readEnvInput(ProblemInitializer.java:325)
	at de.uka.ilkd.key.proof.init.ProblemInitializer.prepare(ProblemInitializer.java:449)
	at de.uka.ilkd.key.proof.io.AbstractProblemLoader.createInitConfig(AbstractProblemLoader.java:518)
	at de.uka.ilkd.key.proof.io.AbstractProblemLoader.loadEnvironment(AbstractProblemLoader.java:288)
	at de.uka.ilkd.key.proof.io.AbstractProblemLoader.load(AbstractProblemLoader.java:252)
	at de.uka.ilkd.key.control.AbstractUserInterfaceControl.load(AbstractUserInterfaceControl.java:209)
	... 7 more
Caused by: java.lang.RuntimeException: Could not find rule file rules/intRulesCheckedSemantics.key
	at de.uka.ilkd.key.proof.io.RuleSourceFactory.fromBuiltInRule(RuleSourceFactory.java:32)
	at de.uka.ilkd.key.proof.io.RuleSourceFactory.fromDefaultLocation(RuleSourceFactory.java:21)
	at de.uka.ilkd.key.nparser.builder.IncludeFinder.addInclude(IncludeFinder.java:63)
	at de.uka.ilkd.key.nparser.builder.IncludeFinder.visitOne_include(IncludeFinder.java:43)
	at de.uka.ilkd.key.nparser.builder.IncludeFinder.visitOne_include(IncludeFinder.java:20)
	at de.uka.ilkd.key.nparser.KeYParser$One_includeContext.accept(KeYParser.java:878)
	at de.uka.ilkd.key.nparser.builder.AbstractBuilder.lambda$mapOf$0(AbstractBuilder.java:112)
	at java.base/java.util.stream.ReferencePipeline$3$1.accept(ReferencePipeline.java:195)
	at java.base/java.util.ArrayList$ArrayListSpliterator.forEachRemaining(ArrayList.java:1655)
	at java.base/java.util.stream.AbstractPipeline.copyInto(AbstractPipeline.java:484)
	at java.base/java.util.stream.AbstractPipeline.wrapAndCopyInto(AbstractPipeline.java:474)
	at java.base/java.util.stream.ReduceOps$ReduceOp.evaluateSequential(ReduceOps.java:913)
	at java.base/java.util.stream.AbstractPipeline.evaluate(AbstractPipeline.java:234)
	at java.base/java.util.stream.ReferencePipeline.collect(ReferencePipeline.java:578)
	at de.uka.ilkd.key.nparser.builder.AbstractBuilder.mapOf(AbstractBuilder.java:112)
	at de.uka.ilkd.key.nparser.builder.IncludeFinder.visitOne_include_statement(IncludeFinder.java:35)
	at de.uka.ilkd.key.nparser.builder.IncludeFinder.visitOne_include_statement(IncludeFinder.java:20)
	at de.uka.ilkd.key.nparser.KeYParser$One_include_statementContext.accept(KeYParser.java:802)
	at org.antlr.v4.runtime.tree.AbstractParseTreeVisitor.visitChildren(AbstractParseTreeVisitor.java:46)
	at de.uka.ilkd.key.nparser.KeYParserBaseVisitor.visitDecls(KeYParserBaseVisitor.java:30)
	at de.uka.ilkd.key.nparser.KeYParser$DeclsContext.accept(KeYParser.java:500)
	at org.antlr.v4.runtime.tree.AbstractParseTreeVisitor.visitChildren(AbstractParseTreeVisitor.java:46)
	at de.uka.ilkd.key.nparser.KeYParserBaseVisitor.visitFile(KeYParserBaseVisitor.java:23)
	at de.uka.ilkd.key.nparser.KeYParser$FileContext.accept(KeYParser.java:306)
	at de.uka.ilkd.key.nparser.KeyAst.accept(KeyAst.java:41)
	at de.uka.ilkd.key.nparser.KeyAst$File.getIncludes(KeyAst.java:76)
	at de.uka.ilkd.key.proof.io.KeYFile.readIncludes(KeYFile.java:208)
	... 14 more
Could not find rule file rules/intRulesCheckedSemantics.key (file: /home/runner/work/key/key/key.core/../key.ui/examples/index/../InformationFlow/NewObjects/object.AmtoftBanerjee2(object.AmtoftBanerjee2__cexp(int)).Non-interference contract.0.m.key; caused by: de.uka.ilkd.key.proof.init.ProofInputException: Could not find rule file rules/intRulesCheckedSemantics.key)
	at de.uka.ilkd.key.control.AbstractUserInterfaceControl.load(AbstractUserInterfaceControl.java:221)
	at de.uka.ilkd.key.control.KeYEnvironment.load(KeYEnvironment.java:251)
	at de.uka.ilkd.key.control.KeYEnvironment.load(KeYEnvironment.java:224)
	at de.uka.ilkd.key.control.KeYEnvironment.load(KeYEnvironment.java:184)
	at de.uka.ilkd.key.control.KeYEnvironment.load(KeYEnvironment.java:261)
	at de.uka.ilkd.key.proof.runallproofs.proofcollection.TestFile.load(TestFile.java:270)
	at de.uka.ilkd.key.proof.runallproofs.proofcollection.TestFile.runKey(TestFile.java:160)
	at de.uka.ilkd.key.proof.runallproofs.proofcollection.ForkedTestFileRunner.main(ForkedTestFileRunner.java:171)
Caused by: de.uka.ilkd.key.proof.init.ProofInputException: Could not find rule file rules/intRulesCheckedSemantics.key
	at de.uka.ilkd.key.proof.io.KeYFile.readIncludes(KeYFile.java:210)
	at de.uka.ilkd.key.proof.init.ProblemInitializer.readIncludes(ProblemInitializer.java:177)
	at de.uka.ilkd.key.proof.init.ProblemInitializer.readEnvInput(ProblemInitializer.java:325)
	at de.uka.ilkd.key.proof.init.ProblemInitializer.prepare(ProblemInitializer.java:449)
	at de.uka.ilkd.key.proof.io.AbstractProblemLoader.createInitConfig(AbstractProblemLoader.java:518)
	at de.uka.ilkd.key.proof.io.AbstractProblemLoader.loadEnvironment(AbstractProblemLoader.java:288)
	at de.uka.ilkd.key.proof.io.AbstractProblemLoader.load(AbstractProblemLoader.java:252)
	at de.uka.ilkd.key.control.AbstractUserInterfaceControl.load(AbstractUserInterfaceControl.java:209)
	... 7 more
Caused by: java.lang.RuntimeException: Could not find rule file rules/intRulesCheckedSemantics.key
	at de.uka.ilkd.key.proof.io.RuleSourceFactory.fromBuiltInRule(RuleSourceFactory.java:32)
	at de.uka.ilkd.key.proof.io.RuleSourceFactory.fromDefaultLocation(RuleSourceFactory.java:21)
	at de.uka.ilkd.key.nparser.builder.IncludeFinder.addInclude(IncludeFinder.java:63)
	at de.uka.ilkd.key.nparser.builder.IncludeFinder.visitOne_include(IncludeFinder.java:43)
	at de.uka.ilkd.key.nparser.builder.IncludeFinder.visitOne_include(IncludeFinder.java:20)
	at de.uka.ilkd.key.nparser.KeYParser$One_includeContext.accept(KeYParser.java:878)
	at de.uka.ilkd.key.nparser.builder.AbstractBuilder.lambda$mapOf$0(AbstractBuilder.java:112)
	at java.base/java.util.stream.ReferencePipeline$3$1.accept(ReferencePipeline.java:195)
	at java.base/java.util.ArrayList$ArrayListSpliterator.forEachRemaining(ArrayList.java:1655)
	at java.base/java.util.stream.AbstractPipeline.copyInto(AbstractPipeline.java:484)
	at java.base/java.util.stream.AbstractPipeline.wrapAndCopyInto(AbstractPipeline.java:474)
	at java.base/java.util.stream.ReduceOps$ReduceOp.evaluateSequential(ReduceOps.java:913)
	at java.base/java.util.stream.AbstractPipeline.evaluate(AbstractPipeline.java:234)
	at java.base/java.util.stream.ReferencePipeline.collect(ReferencePipeline.java:578)
	at de.uka.ilkd.key.nparser.builder.AbstractBuilder.mapOf(AbstractBuilder.java:112)
	at de.uka.ilkd.key.nparser.builder.IncludeFinder.visitOne_include_statement(IncludeFinder.java:35)
	at de.uka.ilkd.key.nparser.builder.IncludeFinder.visitOne_include_statement(IncludeFinder.java:20)
	at de.uka.ilkd.key.nparser.KeYParser$One_include_statementContext.accept(KeYParser.java:802)
	at org.antlr.v4.runtime.tree.AbstractParseTreeVisitor.visitChildren(AbstractParseTreeVisitor.java:46)
	at de.uka.ilkd.key.nparser.KeYParserBaseVisitor.visitDecls(KeYParserBaseVisitor.java:30)
	at de.uka.ilkd.key.nparser.KeYParser$DeclsContext.accept(KeYParser.java:500)
	at org.antlr.v4.runtime.tree.AbstractParseTreeVisitor.visitChildren(AbstractParseTreeVisitor.java:46)
	at de.uka.ilkd.key.nparser.KeYParserBaseVisitor.visitFile(KeYParserBaseVisitor.java:23)
	at de.uka.ilkd.key.nparser.KeYParser$FileContext.accept(KeYParser.java:306)
	at de.uka.ilkd.key.nparser.KeyAst.accept(KeyAst.java:41)
	at de.uka.ilkd.key.nparser.KeyAst$File.getIncludes(KeyAst.java:76)
	at de.uka.ilkd.key.proof.io.KeYFile.readIncludes(KeYFile.java:208)
	... 14 more
Exception in thread "main" org.opentest4j.AssertionFailedError: Exception during the execution of proofs. See log for more details.
	at org.junit.jupiter.api.AssertionUtils.fail(AssertionUtils.java:39)
	at org.junit.jupiter.api.Assertions.fail(Assertions.java:134)
	at de.uka.ilkd.key.proof.runallproofs.proofcollection.ForkedTestFileRunner.main(ForkedTestFileRunner.java:192)
Timeout watcher launched (1000 secs.)
Could not find rule file rules/intRulesCheckedSemantics.key (file: /home/runner/work/key/key/key.core/../key.ui/examples/index/../InformationFlow/SimpleEvoting/simple_evoting.Environment(simple_evoting.Environment__untrustedOutputMessage((B)).Non-interference contract.0.m.key; caused by: de.uka.ilkd.key.proof.init.ProofInputException: Could not find rule file rules/intRulesCheckedSemantics.key)
	at de.uka.ilkd.key.control.AbstractUserInterfaceControl.load(AbstractUserInterfaceControl.java:221)
	at de.uka.ilkd.key.control.KeYEnvironment.load(KeYEnvironment.java:251)
	at de.uka.ilkd.key.control.KeYEnvironment.load(KeYEnvironment.java:224)
	at de.uka.ilkd.key.control.KeYEnvironment.load(KeYEnvironment.java:184)
	at de.uka.ilkd.key.control.KeYEnvironment.load(KeYEnvironment.java:261)
	at de.uka.ilkd.key.proof.runallproofs.proofcollection.TestFile.load(TestFile.java:270)
	at de.uka.ilkd.key.proof.runallproofs.proofcollection.TestFile.runKey(TestFile.java:160)
	at de.uka.ilkd.key.proof.runallproofs.proofcollection.ForkedTestFileRunner.main(ForkedTestFileRunner.java:171)
Caused by: de.uka.ilkd.key.proof.init.ProofInputException: Could not find rule file rules/intRulesCheckedSemantics.key
	at de.uka.ilkd.key.proof.io.KeYFile.readIncludes(KeYFile.java:210)
	at de.uka.ilkd.key.proof.init.ProblemInitializer.readIncludes(ProblemInitializer.java:177)
	at de.uka.ilkd.key.proof.init.ProblemInitializer.readEnvInput(ProblemInitializer.java:325)
	at de.uka.ilkd.key.proof.init.ProblemInitializer.prepare(ProblemInitializer.java:449)
	at de.uka.ilkd.key.proof.io.AbstractProblemLoader.createInitConfig(AbstractProblemLoader.java:518)
	at de.uka.ilkd.key.proof.io.AbstractProblemLoader.loadEnvironment(AbstractProblemLoader.java:288)
	at de.uka.ilkd.key.proof.io.AbstractProblemLoader.load(AbstractProblemLoader.java:252)
	at de.uka.ilkd.key.control.AbstractUserInterfaceControl.load(AbstractUserInterfaceControl.java:209)
	... 7 more
Caused by: java.lang.RuntimeException: Could not find rule file rules/intRulesCheckedSemantics.key
	at de.uka.ilkd.key.proof.io.RuleSourceFactory.fromBuiltInRule(RuleSourceFactory.java:32)
	at de.uka.ilkd.key.proof.io.RuleSourceFactory.fromDefaultLocation(RuleSourceFactory.java:21)
	at de.uka.ilkd.key.nparser.builder.IncludeFinder.addInclude(IncludeFinder.java:63)
	at de.uka.ilkd.key.nparser.builder.IncludeFinder.visitOne_include(IncludeFinder.java:43)
	at de.uka.ilkd.key.nparser.builder.IncludeFinder.visitOne_include(IncludeFinder.java:20)
	at de.uka.ilkd.key.nparser.KeYParser$One_includeContext.accept(KeYParser.java:878)
	at de.uka.ilkd.key.nparser.builder.AbstractBuilder.lambda$mapOf$0(AbstractBuilder.java:112)
	at java.base/java.util.stream.ReferencePipeline$3$1.accept(ReferencePipeline.java:195)
	at java.base/java.util.ArrayList$ArrayListSpliterator.forEachRemaining(ArrayList.java:1655)
	at java.base/java.util.stream.AbstractPipeline.copyInto(AbstractPipeline.java:484)
	at java.base/java.util.stream.AbstractPipeline.wrapAndCopyInto(AbstractPipeline.java:474)
	at java.base/java.util.stream.ReduceOps$ReduceOp.evaluateSequential(ReduceOps.java:913)
	at java.base/java.util.stream.AbstractPipeline.evaluate(AbstractPipeline.java:234)
	at java.base/java.util.stream.ReferencePipeline.collect(ReferencePipeline.java:578)
	at de.uka.ilkd.key.nparser.builder.AbstractBuilder.mapOf(AbstractBuilder.java:112)
	at de.uka.ilkd.key.nparser.builder.IncludeFinder.visitOne_include_statement(IncludeFinder.java:35)
	at de.uka.ilkd.key.nparser.builder.IncludeFinder.visitOne_include_statement(IncludeFinder.java:20)
	at de.uka.ilkd.key.nparser.KeYParser$One_include_statementContext.accept(KeYParser.java:802)
	at org.antlr.v4.runtime.tree.AbstractParseTreeVisitor.visitChildren(AbstractParseTreeVisitor.java:46)
	at de.uka.ilkd.key.nparser.KeYParserBaseVisitor.visitDecls(KeYParserBaseVisitor.java:30)
	at de.uka.ilkd.key.nparser.KeYParser$DeclsContext.accept(KeYParser.java:500)
	at org.antlr.v4.runtime.tree.AbstractParseTreeVisitor.visitChildren(AbstractParseTreeVisitor.java:46)
	at de.uka.ilkd.key.nparser.KeYParserBaseVisitor.visitFile(KeYParserBaseVisitor.java:23)
	at de.uka.ilkd.key.nparser.KeYParser$FileContext.accept(KeYParser.java:306)
	at de.uka.ilkd.key.nparser.KeyAst.accept(KeyAst.java:41)
	at de.uka.ilkd.key.nparser.KeyAst$File.getIncludes(KeyAst.java:76)
	at de.uka.ilkd.key.proof.io.KeYFile.readIncludes(KeYFile.java:208)
	... 14 more
Could not find rule file rules/intRulesCheckedSemantics.key (file: /home/runner/work/key/key/key.core/../key.ui/examples/index/../InformationFlow/SimpleEvoting/simple_evoting.Environment(simple_evoting.Environment__untrustedInputMessage()).Non-interference contract.0.m.key; caused by: de.uka.ilkd.key.proof.init.ProofInputException: Could not find rule file rules/intRulesCheckedSemantics.key)
	at de.uka.ilkd.key.control.AbstractUserInterfaceControl.load(AbstractUserInterfaceControl.java:221)
	at de.uka.ilkd.key.control.KeYEnvironment.load(KeYEnvironment.java:251)
	at de.uka.ilkd.key.control.KeYEnvironment.load(KeYEnvironment.java:224)
	at de.uka.ilkd.key.control.KeYEnvironment.load(KeYEnvironment.java:184)
	at de.uka.ilkd.key.control.KeYEnvironment.load(KeYEnvironment.java:261)
	at de.uka.ilkd.key.proof.runallproofs.proofcollection.TestFile.load(TestFile.java:270)
	at de.uka.ilkd.key.proof.runallproofs.proofcollection.TestFile.runKey(TestFile.java:160)
	at de.uka.ilkd.key.proof.runallproofs.proofcollection.ForkedTestFileRunner.main(ForkedTestFileRunner.java:171)
Caused by: de.uka.ilkd.key.proof.init.ProofInputException: Could not find rule file rules/intRulesCheckedSemantics.key
	at de.uka.ilkd.key.proof.io.KeYFile.readIncludes(KeYFile.java:210)
	at de.uka.ilkd.key.proof.init.ProblemInitializer.readIncludes(ProblemInitializer.java:177)
	at de.uka.ilkd.key.proof.init.ProblemInitializer.readEnvInput(ProblemInitializer.java:325)
	at de.uka.ilkd.key.proof.init.ProblemInitializer.prepare(ProblemInitializer.java:449)
	at de.uka.ilkd.key.proof.io.AbstractProblemLoader.createInitConfig(AbstractProblemLoader.java:518)
	at de.uka.ilkd.key.proof.io.AbstractProblemLoader.loadEnvironment(AbstractProblemLoader.java:288)
	at de.uka.ilkd.key.proof.io.AbstractProblemLoader.load(AbstractProblemLoader.java:252)
	at de.uka.ilkd.key.control.AbstractUserInterfaceControl.load(AbstractUserInterfaceControl.java:209)
	... 7 more
Caused by: java.lang.RuntimeException: Could not find rule file rules/intRulesCheckedSemantics.key
	at de.uka.ilkd.key.proof.io.RuleSourceFactory.fromBuiltInRule(RuleSourceFactory.java:32)
	at de.uka.ilkd.key.proof.io.RuleSourceFactory.fromDefaultLocation(RuleSourceFactory.java:21)
	at de.uka.ilkd.key.nparser.builder.IncludeFinder.addInclude(IncludeFinder.java:63)
	at de.uka.ilkd.key.nparser.builder.IncludeFinder.visitOne_include(IncludeFinder.java:43)
	at de.uka.ilkd.key.nparser.builder.IncludeFinder.visitOne_include(IncludeFinder.java:20)
	at de.uka.ilkd.key.nparser.KeYParser$One_includeContext.accept(KeYParser.java:878)
	at de.uka.ilkd.key.nparser.builder.AbstractBuilder.lambda$mapOf$0(AbstractBuilder.java:112)
	at java.base/java.util.stream.ReferencePipeline$3$1.accept(ReferencePipeline.java:195)
	at java.base/java.util.ArrayList$ArrayListSpliterator.forEachRemaining(ArrayList.java:1655)
	at java.base/java.util.stream.AbstractPipeline.copyInto(AbstractPipeline.java:484)
	at java.base/java.util.stream.AbstractPipeline.wrapAndCopyInto(AbstractPipeline.java:474)
	at java.base/java.util.stream.ReduceOps$ReduceOp.evaluateSequential(ReduceOps.java:913)
	at java.base/java.util.stream.AbstractPipeline.evaluate(AbstractPipeline.java:234)
	at java.base/java.util.stream.ReferencePipeline.collect(ReferencePipeline.java:578)
	at de.uka.ilkd.key.nparser.builder.AbstractBuilder.mapOf(AbstractBuilder.java:112)
	at de.uka.ilkd.key.nparser.builder.IncludeFinder.visitOne_include_statement(IncludeFinder.java:35)
	at de.uka.ilkd.key.nparser.builder.IncludeFinder.visitOne_include_statement(IncludeFinder.java:20)
	at de.uka.ilkd.key.nparser.KeYParser$One_include_statementContext.accept(KeYParser.java:802)
	at org.antlr.v4.runtime.tree.AbstractParseTreeVisitor.visitChildren(AbstractParseTreeVisitor.java:46)
	at de.uka.ilkd.key.nparser.KeYParserBaseVisitor.visitDecls(KeYParserBaseVisitor.java:30)
	at de.uka.ilkd.key.nparser.KeYParser$DeclsContext.accept(KeYParser.java:500)
	at org.antlr.v4.runtime.tree.AbstractParseTreeVisitor.visitChildren(AbstractParseTreeVisitor.java:46)
	at de.uka.ilkd.key.nparser.KeYParserBaseVisitor.visitFile(KeYParserBaseVisitor.java:23)
	at de.uka.ilkd.key.nparser.KeYParser$FileContext.accept(KeYParser.java:306)
	at de.uka.ilkd.key.nparser.KeyAst.accept(KeyAst.java:41)
	at de.uka.ilkd.key.nparser.KeyAst$File.getIncludes(KeyAst.java:76)
	at de.uka.ilkd.key.proof.io.KeYFile.readIncludes(KeYFile.java:208)
	... 14 more
Could not find rule file rules/intRulesCheckedSemantics.key (file: /home/runner/work/key/key/key.core/../key.ui/examples/index/../InformationFlow/SimpleEvoting/simple_evoting.Environment(simple_evoting.Environment__untrustedOutput(int)).Non-interference contract.0.m.key; caused by: de.uka.ilkd.key.proof.init.ProofInputException: Could not find rule file rules/intRulesCheckedSemantics.key)
	at de.uka.ilkd.key.control.AbstractUserInterfaceControl.load(AbstractUserInterfaceControl.java:221)
	at de.uka.ilkd.key.control.KeYEnvironment.load(KeYEnvironment.java:251)
	at de.uka.ilkd.key.control.KeYEnvironment.load(KeYEnvironment.java:224)
	at de.uka.ilkd.key.control.KeYEnvironment.load(KeYEnvironment.java:184)
	at de.uka.ilkd.key.control.KeYEnvironment.load(KeYEnvironment.java:261)
	at de.uka.ilkd.key.proof.runallproofs.proofcollection.TestFile.load(TestFile.java:270)
	at de.uka.ilkd.key.proof.runallproofs.proofcollection.TestFile.runKey(TestFile.java:160)
	at de.uka.ilkd.key.proof.runallproofs.proofcollection.ForkedTestFileRunner.main(ForkedTestFileRunner.java:171)
Caused by: de.uka.ilkd.key.proof.init.ProofInputException: Could not find rule file rules/intRulesCheckedSemantics.key
	at de.uka.ilkd.key.proof.io.KeYFile.readIncludes(KeYFile.java:210)
	at de.uka.ilkd.key.proof.init.ProblemInitializer.readIncludes(ProblemInitializer.java:177)
	at de.uka.ilkd.key.proof.init.ProblemInitializer.readEnvInput(ProblemInitializer.java:325)
	at de.uka.ilkd.key.proof.init.ProblemInitializer.prepare(ProblemInitializer.java:449)
	at de.uka.ilkd.key.proof.io.AbstractProblemLoader.createInitConfig(AbstractProblemLoader.java:518)
	at de.uka.ilkd.key.proof.io.AbstractProblemLoader.loadEnvironment(AbstractProblemLoader.java:288)
	at de.uka.ilkd.key.proof.io.AbstractProblemLoader.load(AbstractProblemLoader.java:252)
	at de.uka.ilkd.key.control.AbstractUserInterfaceControl.load(AbstractUserInterfaceControl.java:209)
	... 7 more
Caused by: java.lang.RuntimeException: Could not find rule file rules/intRulesCheckedSemantics.key
	at de.uka.ilkd.key.proof.io.RuleSourceFactory.fromBuiltInRule(RuleSourceFactory.java:32)
	at de.uka.ilkd.key.proof.io.RuleSourceFactory.fromDefaultLocation(RuleSourceFactory.java:21)
	at de.uka.ilkd.key.nparser.builder.IncludeFinder.addInclude(IncludeFinder.java:63)
	at de.uka.ilkd.key.nparser.builder.IncludeFinder.visitOne_include(IncludeFinder.java:43)
	at de.uka.ilkd.key.nparser.builder.IncludeFinder.visitOne_include(IncludeFinder.java:20)
	at de.uka.ilkd.key.nparser.KeYParser$One_includeContext.accept(KeYParser.java:878)
	at de.uka.ilkd.key.nparser.builder.AbstractBuilder.lambda$mapOf$0(AbstractBuilder.java:112)
	at java.base/java.util.stream.ReferencePipeline$3$1.accept(ReferencePipeline.java:195)
	at java.base/java.util.ArrayList$ArrayListSpliterator.forEachRemaining(ArrayList.java:1655)
	at java.base/java.util.stream.AbstractPipeline.copyInto(AbstractPipeline.java:484)
	at java.base/java.util.stream.AbstractPipeline.wrapAndCopyInto(AbstractPipeline.java:474)
	at java.base/java.util.stream.ReduceOps$ReduceOp.evaluateSequential(ReduceOps.java:913)
	at java.base/java.util.stream.AbstractPipeline.evaluate(AbstractPipeline.java:234)
	at java.base/java.util.stream.ReferencePipeline.collect(ReferencePipeline.java:578)
	at de.uka.ilkd.key.nparser.builder.AbstractBuilder.mapOf(AbstractBuilder.java:112)
	at de.uka.ilkd.key.nparser.builder.IncludeFinder.visitOne_include_statement(IncludeFinder.java:35)
	at de.uka.ilkd.key.nparser.builder.IncludeFinder.visitOne_include_statement(IncludeFinder.java:20)
	at de.uka.ilkd.key.nparser.KeYParser$One_include_statementContext.accept(KeYParser.java:802)
	at org.antlr.v4.runtime.tree.AbstractParseTreeVisitor.visitChildren(AbstractParseTreeVisitor.java:46)
	at de.uka.ilkd.key.nparser.KeYParserBaseVisitor.visitDecls(KeYParserBaseVisitor.java:30)
	at de.uka.ilkd.key.nparser.KeYParser$DeclsContext.accept(KeYParser.java:500)
	at org.antlr.v4.runtime.tree.AbstractParseTreeVisitor.visitChildren(AbstractParseTreeVisitor.java:46)
	at de.uka.ilkd.key.nparser.KeYParserBaseVisitor.visitFile(KeYParserBaseVisitor.java:23)
	at de.uka.ilkd.key.nparser.KeYParser$FileContext.accept(KeYParser.java:306)
	at de.uka.ilkd.key.nparser.KeyAst.accept(KeyAst.java:41)
	at de.uka.ilkd.key.nparser.KeyAst$File.getIncludes(KeyAst.java:76)
	at de.uka.ilkd.key.proof.io.KeYFile.readIncludes(KeYFile.java:208)
	... 14 more
Could not find rule file rules/intRulesCheckedSemantics.key (file: /home/runner/work/key/key/key.core/../key.ui/examples/index/../InformationFlow/SimpleEvoting/simple_evoting.Environment(simple_evoting.Environment__untrustedInput(int)).Non-interference contract.0.m.key; caused by: de.uka.ilkd.key.proof.init.ProofInputException: Could not find rule file rules/intRulesCheckedSemantics.key)
	at de.uka.ilkd.key.control.AbstractUserInterfaceControl.load(AbstractUserInterfaceControl.java:221)
	at de.uka.ilkd.key.control.KeYEnvironment.load(KeYEnvironment.java:251)
	at de.uka.ilkd.key.control.KeYEnvironment.load(KeYEnvironment.java:224)
	at de.uka.ilkd.key.control.KeYEnvironment.load(KeYEnvironment.java:184)
	at de.uka.ilkd.key.control.KeYEnvironment.load(KeYEnvironment.java:261)
	at de.uka.ilkd.key.proof.runallproofs.proofcollection.TestFile.load(TestFile.java:270)
	at de.uka.ilkd.key.proof.runallproofs.proofcollection.TestFile.runKey(TestFile.java:160)
	at de.uka.ilkd.key.proof.runallproofs.proofcollection.ForkedTestFileRunner.main(ForkedTestFileRunner.java:171)
Caused by: de.uka.ilkd.key.proof.init.ProofInputException: Could not find rule file rules/intRulesCheckedSemantics.key
	at de.uka.ilkd.key.proof.io.KeYFile.readIncludes(KeYFile.java:210)
	at de.uka.ilkd.key.proof.init.ProblemInitializer.readIncludes(ProblemInitializer.java:177)
	at de.uka.ilkd.key.proof.init.ProblemInitializer.readEnvInput(ProblemInitializer.java:325)
	at de.uka.ilkd.key.proof.init.ProblemInitializer.prepare(ProblemInitializer.java:449)
	at de.uka.ilkd.key.proof.io.AbstractProblemLoader.createInitConfig(AbstractProblemLoader.java:518)
	at de.uka.ilkd.key.proof.io.AbstractProblemLoader.loadEnvironment(AbstractProblemLoader.java:288)
	at de.uka.ilkd.key.proof.io.AbstractProblemLoader.load(AbstractProblemLoader.java:252)
	at de.uka.ilkd.key.control.AbstractUserInterfaceControl.load(AbstractUserInterfaceControl.java:209)
	... 7 more
Caused by: java.lang.RuntimeException: Could not find rule file rules/intRulesCheckedSemantics.key
	at de.uka.ilkd.key.proof.io.RuleSourceFactory.fromBuiltInRule(RuleSourceFactory.java:32)
	at de.uka.ilkd.key.proof.io.RuleSourceFactory.fromDefaultLocation(RuleSourceFactory.java:21)
	at de.uka.ilkd.key.nparser.builder.IncludeFinder.addInclude(IncludeFinder.java:63)
	at de.uka.ilkd.key.nparser.builder.IncludeFinder.visitOne_include(IncludeFinder.java:43)
	at de.uka.ilkd.key.nparser.builder.IncludeFinder.visitOne_include(IncludeFinder.java:20)
	at de.uka.ilkd.key.nparser.KeYParser$One_includeContext.accept(KeYParser.java:878)
	at de.uka.ilkd.key.nparser.builder.AbstractBuilder.lambda$mapOf$0(AbstractBuilder.java:112)
	at java.base/java.util.stream.ReferencePipeline$3$1.accept(ReferencePipeline.java:195)
	at java.base/java.util.ArrayList$ArrayListSpliterator.forEachRemaining(ArrayList.java:1655)
	at java.base/java.util.stream.AbstractPipeline.copyInto(AbstractPipeline.java:484)
	at java.base/java.util.stream.AbstractPipeline.wrapAndCopyInto(AbstractPipeline.java:474)
	at java.base/java.util.stream.ReduceOps$ReduceOp.evaluateSequential(ReduceOps.java:913)
	at java.base/java.util.stream.AbstractPipeline.evaluate(AbstractPipeline.java:234)
	at java.base/java.util.stream.ReferencePipeline.collect(ReferencePipeline.java:578)
	at de.uka.ilkd.key.nparser.builder.AbstractBuilder.mapOf(AbstractBuilder.java:112)
	at de.uka.ilkd.key.nparser.builder.IncludeFinder.visitOne_include_statement(IncludeFinder.java:35)
	at de.uka.ilkd.key.nparser.builder.IncludeFinder.visitOne_include_statement(IncludeFinder.java:20)
	at de.uka.ilkd.key.nparser.KeYParser$One_include_statementContext.accept(KeYParser.java:802)
	at org.antlr.v4.runtime.tree.AbstractParseTreeVisitor.visitChildren(AbstractParseTreeVisitor.java:46)
	at de.uka.ilkd.key.nparser.KeYParserBaseVisitor.visitDecls(KeYParserBaseVisitor.java:30)
	at de.uka.ilkd.key.nparser.KeYParser$DeclsContext.accept(KeYParser.java:500)
	at org.antlr.v4.runtime.tree.AbstractParseTreeVisitor.visitChildren(AbstractParseTreeVisitor.java:46)
	at de.uka.ilkd.key.nparser.KeYParserBaseVisitor.visitFile(KeYParserBaseVisitor.java:23)
	at de.uka.ilkd.key.nparser.KeYParser$FileContext.accept(KeYParser.java:306)
	at de.uka.ilkd.key.nparser.KeyAst.accept(KeyAst.java:41)
	at de.uka.ilkd.key.nparser.KeyAst$File.getIncludes(KeyAst.java:76)
	at de.uka.ilkd.key.proof.io.KeYFile.readIncludes(KeYFile.java:208)
	... 14 more
Could not find rule file rules/intRulesCheckedSemantics.key (file: /home/runner/work/key/key/key.core/../key.ui/examples/index/../InformationFlow/SimpleEvoting/simple_evoting.Environment(simple_evoting.Environment__untrustedInput()).Non-interference contract.0.m.key; caused by: de.uka.ilkd.key.proof.init.ProofInputException: Could not find rule file rules/intRulesCheckedSemantics.key)
	at de.uka.ilkd.key.control.AbstractUserInterfaceControl.load(AbstractUserInterfaceControl.java:221)
	at de.uka.ilkd.key.control.KeYEnvironment.load(KeYEnvironment.java:251)
	at de.uka.ilkd.key.control.KeYEnvironment.load(KeYEnvironment.java:224)
	at de.uka.ilkd.key.control.KeYEnvironment.load(KeYEnvironment.java:184)
	at de.uka.ilkd.key.control.KeYEnvironment.load(KeYEnvironment.java:261)
	at de.uka.ilkd.key.proof.runallproofs.proofcollection.TestFile.load(TestFile.java:270)
	at de.uka.ilkd.key.proof.runallproofs.proofcollection.TestFile.runKey(TestFile.java:160)
	at de.uka.ilkd.key.proof.runallproofs.proofcollection.ForkedTestFileRunner.main(ForkedTestFileRunner.java:171)
Caused by: de.uka.ilkd.key.proof.init.ProofInputException: Could not find rule file rules/intRulesCheckedSemantics.key
	at de.uka.ilkd.key.proof.io.KeYFile.readIncludes(KeYFile.java:210)
	at de.uka.ilkd.key.proof.init.ProblemInitializer.readIncludes(ProblemInitializer.java:177)
	at de.uka.ilkd.key.proof.init.ProblemInitializer.readEnvInput(ProblemInitializer.java:325)
	at de.uka.ilkd.key.proof.init.ProblemInitializer.prepare(ProblemInitializer.java:449)
	at de.uka.ilkd.key.proof.io.AbstractProblemLoader.createInitConfig(AbstractProblemLoader.java:518)
	at de.uka.ilkd.key.proof.io.AbstractProblemLoader.loadEnvironment(AbstractProblemLoader.java:288)
	at de.uka.ilkd.key.proof.io.AbstractProblemLoader.load(AbstractProblemLoader.java:252)
	at de.uka.ilkd.key.control.AbstractUserInterfaceControl.load(AbstractUserInterfaceControl.java:209)
	... 7 more
Caused by: java.lang.RuntimeException: Could not find rule file rules/intRulesCheckedSemantics.key
	at de.uka.ilkd.key.proof.io.RuleSourceFactory.fromBuiltInRule(RuleSourceFactory.java:32)
	at de.uka.ilkd.key.proof.io.RuleSourceFactory.fromDefaultLocation(RuleSourceFactory.java:21)
	at de.uka.ilkd.key.nparser.builder.IncludeFinder.addInclude(IncludeFinder.java:63)
	at de.uka.ilkd.key.nparser.builder.IncludeFinder.visitOne_include(IncludeFinder.java:43)
	at de.uka.ilkd.key.nparser.builder.IncludeFinder.visitOne_include(IncludeFinder.java:20)
	at de.uka.ilkd.key.nparser.KeYParser$One_includeContext.accept(KeYParser.java:878)
	at de.uka.ilkd.key.nparser.builder.AbstractBuilder.lambda$mapOf$0(AbstractBuilder.java:112)
	at java.base/java.util.stream.ReferencePipeline$3$1.accept(ReferencePipeline.java:195)
	at java.base/java.util.ArrayList$ArrayListSpliterator.forEachRemaining(ArrayList.java:1655)
	at java.base/java.util.stream.AbstractPipeline.copyInto(AbstractPipeline.java:484)
	at java.base/java.util.stream.AbstractPipeline.wrapAndCopyInto(AbstractPipeline.java:474)
	at java.base/java.util.stream.ReduceOps$ReduceOp.evaluateSequential(ReduceOps.java:913)
	at java.base/java.util.stream.AbstractPipeline.evaluate(AbstractPipeline.java:234)
	at java.base/java.util.stream.ReferencePipeline.collect(ReferencePipeline.java:578)
	at de.uka.ilkd.key.nparser.builder.AbstractBuilder.mapOf(AbstractBuilder.java:112)
	at de.uka.ilkd.key.nparser.builder.IncludeFinder.visitOne_include_statement(IncludeFinder.java:35)
	at de.uka.ilkd.key.nparser.builder.IncludeFinder.visitOne_include_statement(IncludeFinder.java:20)
	at de.uka.ilkd.key.nparser.KeYParser$One_include_statementContext.accept(KeYParser.java:802)
	at org.antlr.v4.runtime.tree.AbstractParseTreeVisitor.visitChildren(AbstractParseTreeVisitor.java:46)
	at de.uka.ilkd.key.nparser.KeYParserBaseVisitor.visitDecls(KeYParserBaseVisitor.java:30)
	at de.uka.ilkd.key.nparser.KeYParser$DeclsContext.accept(KeYParser.java:500)
	at org.antlr.v4.runtime.tree.AbstractParseTreeVisitor.visitChildren(AbstractParseTreeVisitor.java:46)
	at de.uka.ilkd.key.nparser.KeYParserBaseVisitor.visitFile(KeYParserBaseVisitor.java:23)
	at de.uka.ilkd.key.nparser.KeYParser$FileContext.accept(KeYParser.java:306)
	at de.uka.ilkd.key.nparser.KeyAst.accept(KeyAst.java:41)
	at de.uka.ilkd.key.nparser.KeyAst$File.getIncludes(KeyAst.java:76)
	at de.uka.ilkd.key.proof.io.KeYFile.readIncludes(KeYFile.java:208)
	... 14 more
Could not find rule file rules/intRulesCheckedSemantics.key (file: /home/runner/work/key/key/key.core/../key.ui/examples/index/../InformationFlow/SimpleEvoting/simple_evoting.SMT(simple_evoting.SMT__send(simple_evoting.Message,int,simple_evoting.Server)).Non-interference contract.1.m.key; caused by: de.uka.ilkd.key.proof.init.ProofInputException: Could not find rule file rules/intRulesCheckedSemantics.key)
	at de.uka.ilkd.key.control.AbstractUserInterfaceControl.load(AbstractUserInterfaceControl.java:221)
	at de.uka.ilkd.key.control.KeYEnvironment.load(KeYEnvironment.java:251)
	at de.uka.ilkd.key.control.KeYEnvironment.load(KeYEnvironment.java:224)
	at de.uka.ilkd.key.control.KeYEnvironment.load(KeYEnvironment.java:184)
	at de.uka.ilkd.key.control.KeYEnvironment.load(KeYEnvironment.java:261)
	at de.uka.ilkd.key.proof.runallproofs.proofcollection.TestFile.load(TestFile.java:270)
	at de.uka.ilkd.key.proof.runallproofs.proofcollection.TestFile.runKey(TestFile.java:160)
	at de.uka.ilkd.key.proof.runallproofs.proofcollection.ForkedTestFileRunner.main(ForkedTestFileRunner.java:171)
Caused by: de.uka.ilkd.key.proof.init.ProofInputException: Could not find rule file rules/intRulesCheckedSemantics.key
	at de.uka.ilkd.key.proof.io.KeYFile.readIncludes(KeYFile.java:210)
	at de.uka.ilkd.key.proof.init.ProblemInitializer.readIncludes(ProblemInitializer.java:177)
	at de.uka.ilkd.key.proof.init.ProblemInitializer.readEnvInput(ProblemInitializer.java:325)
	at de.uka.ilkd.key.proof.init.ProblemInitializer.prepare(ProblemInitializer.java:449)
	at de.uka.ilkd.key.proof.io.AbstractProblemLoader.createInitConfig(AbstractProblemLoader.java:518)
	at de.uka.ilkd.key.proof.io.AbstractProblemLoader.loadEnvironment(AbstractProblemLoader.java:288)
	at de.uka.ilkd.key.proof.io.AbstractProblemLoader.load(AbstractProblemLoader.java:252)
	at de.uka.ilkd.key.control.AbstractUserInterfaceControl.load(AbstractUserInterfaceControl.java:209)
	... 7 more
Caused by: java.lang.RuntimeException: Could not find rule file rules/intRulesCheckedSemantics.key
	at de.uka.ilkd.key.proof.io.RuleSourceFactory.fromBuiltInRule(RuleSourceFactory.java:32)
	at de.uka.ilkd.key.proof.io.RuleSourceFactory.fromDefaultLocation(RuleSourceFactory.java:21)
	at de.uka.ilkd.key.nparser.builder.IncludeFinder.addInclude(IncludeFinder.java:63)
	at de.uka.ilkd.key.nparser.builder.IncludeFinder.visitOne_include(IncludeFinder.java:43)
	at de.uka.ilkd.key.nparser.builder.IncludeFinder.visitOne_include(IncludeFinder.java:20)
	at de.uka.ilkd.key.nparser.KeYParser$One_includeContext.accept(KeYParser.java:878)
	at de.uka.ilkd.key.nparser.builder.AbstractBuilder.lambda$mapOf$0(AbstractBuilder.java:112)
	at java.base/java.util.stream.ReferencePipeline$3$1.accept(ReferencePipeline.java:195)
	at java.base/java.util.ArrayList$ArrayListSpliterator.forEachRemaining(ArrayList.java:1655)
	at java.base/java.util.stream.AbstractPipeline.copyInto(AbstractPipeline.java:484)
	at java.base/java.util.stream.AbstractPipeline.wrapAndCopyInto(AbstractPipeline.java:474)
	at java.base/java.util.stream.ReduceOps$ReduceOp.evaluateSequential(ReduceOps.java:913)
	at java.base/java.util.stream.AbstractPipeline.evaluate(AbstractPipeline.java:234)
	at java.base/java.util.stream.ReferencePipeline.collect(ReferencePipeline.java:578)
	at de.uka.ilkd.key.nparser.builder.AbstractBuilder.mapOf(AbstractBuilder.java:112)
	at de.uka.ilkd.key.nparser.builder.IncludeFinder.visitOne_include_statement(IncludeFinder.java:35)
	at de.uka.ilkd.key.nparser.builder.IncludeFinder.visitOne_include_statement(IncludeFinder.java:20)
	at de.uka.ilkd.key.nparser.KeYParser$One_include_statementContext.accept(KeYParser.java:802)
	at org.antlr.v4.runtime.tree.AbstractParseTreeVisitor.visitChildren(AbstractParseTreeVisitor.java:46)
	at de.uka.ilkd.key.nparser.KeYParserBaseVisitor.visitDecls(KeYParserBaseVisitor.java:30)
	at de.uka.ilkd.key.nparser.KeYParser$DeclsContext.accept(KeYParser.java:500)
	at org.antlr.v4.runtime.tree.AbstractParseTreeVisitor.visitChildren(AbstractParseTreeVisitor.java:46)
	at de.uka.ilkd.key.nparser.KeYParserBaseVisitor.visitFile(KeYParserBaseVisitor.java:23)
	at de.uka.ilkd.key.nparser.KeYParser$FileContext.accept(KeYParser.java:306)
	at de.uka.ilkd.key.nparser.KeyAst.accept(KeyAst.java:41)
	at de.uka.ilkd.key.nparser.KeyAst$File.getIncludes(KeyAst.java:76)
	at de.uka.ilkd.key.proof.io.KeYFile.readIncludes(KeYFile.java:208)
	... 14 more
Could not find rule file rules/intRulesCheckedSemantics.key (file: /home/runner/work/key/key/key.core/../key.ui/examples/index/../InformationFlow/SimpleEvoting/simple_evoting.SMT(simple_evoting.SMT__send(simple_evoting.Message,int,simple_evoting.Server)).Non-interference contract.0.m.key; caused by: de.uka.ilkd.key.proof.init.ProofInputException: Could not find rule file rules/intRulesCheckedSemantics.key)
	at de.uka.ilkd.key.control.AbstractUserInterfaceControl.load(AbstractUserInterfaceControl.java:221)
	at de.uka.ilkd.key.control.KeYEnvironment.load(KeYEnvironment.java:251)
	at de.uka.ilkd.key.control.KeYEnvironment.load(KeYEnvironment.java:224)
	at de.uka.ilkd.key.control.KeYEnvironment.load(KeYEnvironment.java:184)
	at de.uka.ilkd.key.control.KeYEnvironment.load(KeYEnvironment.java:261)
	at de.uka.ilkd.key.proof.runallproofs.proofcollection.TestFile.load(TestFile.java:270)
	at de.uka.ilkd.key.proof.runallproofs.proofcollection.TestFile.runKey(TestFile.java:160)
	at de.uka.ilkd.key.proof.runallproofs.proofcollection.ForkedTestFileRunner.main(ForkedTestFileRunner.java:171)
Caused by: de.uka.ilkd.key.proof.init.ProofInputException: Could not find rule file rules/intRulesCheckedSemantics.key
	at de.uka.ilkd.key.proof.io.KeYFile.readIncludes(KeYFile.java:210)
	at de.uka.ilkd.key.proof.init.ProblemInitializer.readIncludes(ProblemInitializer.java:177)
	at de.uka.ilkd.key.proof.init.ProblemInitializer.readEnvInput(ProblemInitializer.java:325)
	at de.uka.ilkd.key.proof.init.ProblemInitializer.prepare(ProblemInitializer.java:449)
	at de.uka.ilkd.key.proof.io.AbstractProblemLoader.createInitConfig(AbstractProblemLoader.java:518)
	at de.uka.ilkd.key.proof.io.AbstractProblemLoader.loadEnvironment(AbstractProblemLoader.java:288)
	at de.uka.ilkd.key.proof.io.AbstractProblemLoader.load(AbstractProblemLoader.java:252)
	at de.uka.ilkd.key.control.AbstractUserInterfaceControl.load(AbstractUserInterfaceControl.java:209)
	... 7 more
Caused by: java.lang.RuntimeException: Could not find rule file rules/intRulesCheckedSemantics.key
	at de.uka.ilkd.key.proof.io.RuleSourceFactory.fromBuiltInRule(RuleSourceFactory.java:32)
	at de.uka.ilkd.key.proof.io.RuleSourceFactory.fromDefaultLocation(RuleSourceFactory.java:21)
	at de.uka.ilkd.key.nparser.builder.IncludeFinder.addInclude(IncludeFinder.java:63)
	at de.uka.ilkd.key.nparser.builder.IncludeFinder.visitOne_include(IncludeFinder.java:43)
	at de.uka.ilkd.key.nparser.builder.IncludeFinder.visitOne_include(IncludeFinder.java:20)
	at de.uka.ilkd.key.nparser.KeYParser$One_includeContext.accept(KeYParser.java:878)
	at de.uka.ilkd.key.nparser.builder.AbstractBuilder.lambda$mapOf$0(AbstractBuilder.java:112)
	at java.base/java.util.stream.ReferencePipeline$3$1.accept(ReferencePipeline.java:195)
	at java.base/java.util.ArrayList$ArrayListSpliterator.forEachRemaining(ArrayList.java:1655)
	at java.base/java.util.stream.AbstractPipeline.copyInto(AbstractPipeline.java:484)
	at java.base/java.util.stream.AbstractPipeline.wrapAndCopyInto(AbstractPipeline.java:474)
	at java.base/java.util.stream.ReduceOps$ReduceOp.evaluateSequential(ReduceOps.java:913)
	at java.base/java.util.stream.AbstractPipeline.evaluate(AbstractPipeline.java:234)
	at java.base/java.util.stream.ReferencePipeline.collect(ReferencePipeline.java:578)
	at de.uka.ilkd.key.nparser.builder.AbstractBuilder.mapOf(AbstractBuilder.java:112)
	at de.uka.ilkd.key.nparser.builder.IncludeFinder.visitOne_include_statement(IncludeFinder.java:35)
	at de.uka.ilkd.key.nparser.builder.IncludeFinder.visitOne_include_statement(IncludeFinder.java:20)
	at de.uka.ilkd.key.nparser.KeYParser$One_include_statementContext.accept(KeYParser.java:802)
	at org.antlr.v4.runtime.tree.AbstractParseTreeVisitor.visitChildren(AbstractParseTreeVisitor.java:46)
	at de.uka.ilkd.key.nparser.KeYParserBaseVisitor.visitDecls(KeYParserBaseVisitor.java:30)
	at de.uka.ilkd.key.nparser.KeYParser$DeclsContext.accept(KeYParser.java:500)
	at org.antlr.v4.runtime.tree.AbstractParseTreeVisitor.visitChildren(AbstractParseTreeVisitor.java:46)
	at de.uka.ilkd.key.nparser.KeYParserBaseVisitor.visitFile(KeYParserBaseVisitor.java:23)
	at de.uka.ilkd.key.nparser.KeYParser$FileContext.accept(KeYParser.java:306)
	at de.uka.ilkd.key.nparser.KeyAst.accept(KeyAst.java:41)
	at de.uka.ilkd.key.nparser.KeyAst$File.getIncludes(KeyAst.java:76)
	at de.uka.ilkd.key.proof.io.KeYFile.readIncludes(KeYFile.java:208)
	... 14 more
Could not find rule file rules/intRulesCheckedSemantics.key (file: /home/runner/work/key/key/key.core/../key.ui/examples/index/../InformationFlow/SimpleEvoting/simple_evoting.SMTEnv(simple_evoting.SMTEnv__send(int,int,int,simple_evoting.Server,int)).Non-interference contract.0.m.key; caused by: de.uka.ilkd.key.proof.init.ProofInputException: Could not find rule file rules/intRulesCheckedSemantics.key)
	at de.uka.ilkd.key.control.AbstractUserInterfaceControl.load(AbstractUserInterfaceControl.java:221)
	at de.uka.ilkd.key.control.KeYEnvironment.load(KeYEnvironment.java:251)
	at de.uka.ilkd.key.control.KeYEnvironment.load(KeYEnvironment.java:224)
	at de.uka.ilkd.key.control.KeYEnvironment.load(KeYEnvironment.java:184)
	at de.uka.ilkd.key.control.KeYEnvironment.load(KeYEnvironment.java:261)
	at de.uka.ilkd.key.proof.runallproofs.proofcollection.TestFile.load(TestFile.java:270)
	at de.uka.ilkd.key.proof.runallproofs.proofcollection.TestFile.runKey(TestFile.java:160)
	at de.uka.ilkd.key.proof.runallproofs.proofcollection.ForkedTestFileRunner.main(ForkedTestFileRunner.java:171)
Caused by: de.uka.ilkd.key.proof.init.ProofInputException: Could not find rule file rules/intRulesCheckedSemantics.key
	at de.uka.ilkd.key.proof.io.KeYFile.readIncludes(KeYFile.java:210)
	at de.uka.ilkd.key.proof.init.ProblemInitializer.readIncludes(ProblemInitializer.java:177)
	at de.uka.ilkd.key.proof.init.ProblemInitializer.readEnvInput(ProblemInitializer.java:325)
	at de.uka.ilkd.key.proof.init.ProblemInitializer.prepare(ProblemInitializer.java:449)
	at de.uka.ilkd.key.proof.io.AbstractProblemLoader.createInitConfig(AbstractProblemLoader.java:518)
	at de.uka.ilkd.key.proof.io.AbstractProblemLoader.loadEnvironment(AbstractProblemLoader.java:288)
	at de.uka.ilkd.key.proof.io.AbstractProblemLoader.load(AbstractProblemLoader.java:252)
	at de.uka.ilkd.key.control.AbstractUserInterfaceControl.load(AbstractUserInterfaceControl.java:209)
	... 7 more
Caused by: java.lang.RuntimeException: Could not find rule file rules/intRulesCheckedSemantics.key
	at de.uka.ilkd.key.proof.io.RuleSourceFactory.fromBuiltInRule(RuleSourceFactory.java:32)
	at de.uka.ilkd.key.proof.io.RuleSourceFactory.fromDefaultLocation(RuleSourceFactory.java:21)
	at de.uka.ilkd.key.nparser.builder.IncludeFinder.addInclude(IncludeFinder.java:63)
	at de.uka.ilkd.key.nparser.builder.IncludeFinder.visitOne_include(IncludeFinder.java:43)
	at de.uka.ilkd.key.nparser.builder.IncludeFinder.visitOne_include(IncludeFinder.java:20)
	at de.uka.ilkd.key.nparser.KeYParser$One_includeContext.accept(KeYParser.java:878)
	at de.uka.ilkd.key.nparser.builder.AbstractBuilder.lambda$mapOf$0(AbstractBuilder.java:112)
	at java.base/java.util.stream.ReferencePipeline$3$1.accept(ReferencePipeline.java:195)
	at java.base/java.util.ArrayList$ArrayListSpliterator.forEachRemaining(ArrayList.java:1655)
	at java.base/java.util.stream.AbstractPipeline.copyInto(AbstractPipeline.java:484)
	at java.base/java.util.stream.AbstractPipeline.wrapAndCopyInto(AbstractPipeline.java:474)
	at java.base/java.util.stream.ReduceOps$ReduceOp.evaluateSequential(ReduceOps.java:913)
	at java.base/java.util.stream.AbstractPipeline.evaluate(AbstractPipeline.java:234)
	at java.base/java.util.stream.ReferencePipeline.collect(ReferencePipeline.java:578)
	at de.uka.ilkd.key.nparser.builder.AbstractBuilder.mapOf(AbstractBuilder.java:112)
	at de.uka.ilkd.key.nparser.builder.IncludeFinder.visitOne_include_statement(IncludeFinder.java:35)
	at de.uka.ilkd.key.nparser.builder.IncludeFinder.visitOne_include_statement(IncludeFinder.java:20)
	at de.uka.ilkd.key.nparser.KeYParser$One_include_statementContext.accept(KeYParser.java:802)
	at org.antlr.v4.runtime.tree.AbstractParseTreeVisitor.visitChildren(AbstractParseTreeVisitor.java:46)
	at de.uka.ilkd.key.nparser.KeYParserBaseVisitor.visitDecls(KeYParserBaseVisitor.java:30)
	at de.uka.ilkd.key.nparser.KeYParser$DeclsContext.accept(KeYParser.java:500)
	at org.antlr.v4.runtime.tree.AbstractParseTreeVisitor.visitChildren(AbstractParseTreeVisitor.java:46)
	at de.uka.ilkd.key.nparser.KeYParserBaseVisitor.visitFile(KeYParserBaseVisitor.java:23)
	at de.uka.ilkd.key.nparser.KeYParser$FileContext.accept(KeYParser.java:306)
	at de.uka.ilkd.key.nparser.KeyAst.accept(KeyAst.java:41)
	at de.uka.ilkd.key.nparser.KeyAst$File.getIncludes(KeyAst.java:76)
	at de.uka.ilkd.key.proof.io.KeYFile.readIncludes(KeYFile.java:208)
	... 14 more
Could not find rule file rules/intRulesCheckedSemantics.key (file: /home/runner/work/key/key/key.core/../key.ui/examples/index/../InformationFlow/SimpleEvoting/simple_evoting.NetworkClient(simple_evoting.NetworkClient__send((B,simple_evoting.Server,int)).Non-interference contract.0.m.key; caused by: de.uka.ilkd.key.proof.init.ProofInputException: Could not find rule file rules/intRulesCheckedSemantics.key)
	at de.uka.ilkd.key.control.AbstractUserInterfaceControl.load(AbstractUserInterfaceControl.java:221)
	at de.uka.ilkd.key.control.KeYEnvironment.load(KeYEnvironment.java:251)
	at de.uka.ilkd.key.control.KeYEnvironment.load(KeYEnvironment.java:224)
	at de.uka.ilkd.key.control.KeYEnvironment.load(KeYEnvironment.java:184)
	at de.uka.ilkd.key.control.KeYEnvironment.load(KeYEnvironment.java:261)
	at de.uka.ilkd.key.proof.runallproofs.proofcollection.TestFile.load(TestFile.java:270)
	at de.uka.ilkd.key.proof.runallproofs.proofcollection.TestFile.runKey(TestFile.java:160)
	at de.uka.ilkd.key.proof.runallproofs.proofcollection.ForkedTestFileRunner.main(ForkedTestFileRunner.java:171)
Caused by: de.uka.ilkd.key.proof.init.ProofInputException: Could not find rule file rules/intRulesCheckedSemantics.key
	at de.uka.ilkd.key.proof.io.KeYFile.readIncludes(KeYFile.java:210)
	at de.uka.ilkd.key.proof.init.ProblemInitializer.readIncludes(ProblemInitializer.java:177)
	at de.uka.ilkd.key.proof.init.ProblemInitializer.readEnvInput(ProblemInitializer.java:325)
	at de.uka.ilkd.key.proof.init.ProblemInitializer.prepare(ProblemInitializer.java:449)
	at de.uka.ilkd.key.proof.io.AbstractProblemLoader.createInitConfig(AbstractProblemLoader.java:518)
	at de.uka.ilkd.key.proof.io.AbstractProblemLoader.loadEnvironment(AbstractProblemLoader.java:288)
	at de.uka.ilkd.key.proof.io.AbstractProblemLoader.load(AbstractProblemLoader.java:252)
	at de.uka.ilkd.key.control.AbstractUserInterfaceControl.load(AbstractUserInterfaceControl.java:209)
	... 7 more
Caused by: java.lang.RuntimeException: Could not find rule file rules/intRulesCheckedSemantics.key
	at de.uka.ilkd.key.proof.io.RuleSourceFactory.fromBuiltInRule(RuleSourceFactory.java:32)
	at de.uka.ilkd.key.proof.io.RuleSourceFactory.fromDefaultLocation(RuleSourceFactory.java:21)
	at de.uka.ilkd.key.nparser.builder.IncludeFinder.addInclude(IncludeFinder.java:63)
	at de.uka.ilkd.key.nparser.builder.IncludeFinder.visitOne_include(IncludeFinder.java:43)
	at de.uka.ilkd.key.nparser.builder.IncludeFinder.visitOne_include(IncludeFinder.java:20)
	at de.uka.ilkd.key.nparser.KeYParser$One_includeContext.accept(KeYParser.java:878)
	at de.uka.ilkd.key.nparser.builder.AbstractBuilder.lambda$mapOf$0(AbstractBuilder.java:112)
	at java.base/java.util.stream.ReferencePipeline$3$1.accept(ReferencePipeline.java:195)
	at java.base/java.util.ArrayList$ArrayListSpliterator.forEachRemaining(ArrayList.java:1655)
	at java.base/java.util.stream.AbstractPipeline.copyInto(AbstractPipeline.java:484)
	at java.base/java.util.stream.AbstractPipeline.wrapAndCopyInto(AbstractPipeline.java:474)
	at java.base/java.util.stream.ReduceOps$ReduceOp.evaluateSequential(ReduceOps.java:913)
	at java.base/java.util.stream.AbstractPipeline.evaluate(AbstractPipeline.java:234)
	at java.base/java.util.stream.ReferencePipeline.collect(ReferencePipeline.java:578)
	at de.uka.ilkd.key.nparser.builder.AbstractBuilder.mapOf(AbstractBuilder.java:112)
	at de.uka.ilkd.key.nparser.builder.IncludeFinder.visitOne_include_statement(IncludeFinder.java:35)
	at de.uka.ilkd.key.nparser.builder.IncludeFinder.visitOne_include_statement(IncludeFinder.java:20)
	at de.uka.ilkd.key.nparser.KeYParser$One_include_statementContext.accept(KeYParser.java:802)
	at org.antlr.v4.runtime.tree.AbstractParseTreeVisitor.visitChildren(AbstractParseTreeVisitor.java:46)
	at de.uka.ilkd.key.nparser.KeYParserBaseVisitor.visitDecls(KeYParserBaseVisitor.java:30)
	at de.uka.ilkd.key.nparser.KeYParser$DeclsContext.accept(KeYParser.java:500)
	at org.antlr.v4.runtime.tree.AbstractParseTreeVisitor.visitChildren(AbstractParseTreeVisitor.java:46)
	at de.uka.ilkd.key.nparser.KeYParserBaseVisitor.visitFile(KeYParserBaseVisitor.java:23)
	at de.uka.ilkd.key.nparser.KeYParser$FileContext.accept(KeYParser.java:306)
	at de.uka.ilkd.key.nparser.KeyAst.accept(KeyAst.java:41)
	at de.uka.ilkd.key.nparser.KeyAst$File.getIncludes(KeyAst.java:76)
	at de.uka.ilkd.key.proof.io.KeYFile.readIncludes(KeYFile.java:208)
	... 14 more
Could not find rule file rules/intRulesCheckedSemantics.key (file: /home/runner/work/key/key/key.core/../key.ui/examples/index/../InformationFlow/SimpleEvoting/simple_evoting.Voter(simple_evoting.Voter__onSendBallot(simple_evoting.Server)).Non-interference contract.1.m.key; caused by: de.uka.ilkd.key.proof.init.ProofInputException: Could not find rule file rules/intRulesCheckedSemantics.key)
	at de.uka.ilkd.key.control.AbstractUserInterfaceControl.load(AbstractUserInterfaceControl.java:221)
	at de.uka.ilkd.key.control.KeYEnvironment.load(KeYEnvironment.java:251)
	at de.uka.ilkd.key.control.KeYEnvironment.load(KeYEnvironment.java:224)
	at de.uka.ilkd.key.control.KeYEnvironment.load(KeYEnvironment.java:184)
	at de.uka.ilkd.key.control.KeYEnvironment.load(KeYEnvironment.java:261)
	at de.uka.ilkd.key.proof.runallproofs.proofcollection.TestFile.load(TestFile.java:270)
	at de.uka.ilkd.key.proof.runallproofs.proofcollection.TestFile.runKey(TestFile.java:160)
	at de.uka.ilkd.key.proof.runallproofs.proofcollection.ForkedTestFileRunner.main(ForkedTestFileRunner.java:171)
Caused by: de.uka.ilkd.key.proof.init.ProofInputException: Could not find rule file rules/intRulesCheckedSemantics.key
	at de.uka.ilkd.key.proof.io.KeYFile.readIncludes(KeYFile.java:210)
	at de.uka.ilkd.key.proof.init.ProblemInitializer.readIncludes(ProblemInitializer.java:177)
	at de.uka.ilkd.key.proof.init.ProblemInitializer.readEnvInput(ProblemInitializer.java:325)
	at de.uka.ilkd.key.proof.init.ProblemInitializer.prepare(ProblemInitializer.java:449)
	at de.uka.ilkd.key.proof.io.AbstractProblemLoader.createInitConfig(AbstractProblemLoader.java:518)
	at de.uka.ilkd.key.proof.io.AbstractProblemLoader.loadEnvironment(AbstractProblemLoader.java:288)
	at de.uka.ilkd.key.proof.io.AbstractProblemLoader.load(AbstractProblemLoader.java:252)
	at de.uka.ilkd.key.control.AbstractUserInterfaceControl.load(AbstractUserInterfaceControl.java:209)
	... 7 more
Caused by: java.lang.RuntimeException: Could not find rule file rules/intRulesCheckedSemantics.key
	at de.uka.ilkd.key.proof.io.RuleSourceFactory.fromBuiltInRule(RuleSourceFactory.java:32)
	at de.uka.ilkd.key.proof.io.RuleSourceFactory.fromDefaultLocation(RuleSourceFactory.java:21)
	at de.uka.ilkd.key.nparser.builder.IncludeFinder.addInclude(IncludeFinder.java:63)
	at de.uka.ilkd.key.nparser.builder.IncludeFinder.visitOne_include(IncludeFinder.java:43)
	at de.uka.ilkd.key.nparser.builder.IncludeFinder.visitOne_include(IncludeFinder.java:20)
	at de.uka.ilkd.key.nparser.KeYParser$One_includeContext.accept(KeYParser.java:878)
	at de.uka.ilkd.key.nparser.builder.AbstractBuilder.lambda$mapOf$0(AbstractBuilder.java:112)
	at java.base/java.util.stream.ReferencePipeline$3$1.accept(ReferencePipeline.java:195)
	at java.base/java.util.ArrayList$ArrayListSpliterator.forEachRemaining(ArrayList.java:1655)
	at java.base/java.util.stream.AbstractPipeline.copyInto(AbstractPipeline.java:484)
	at java.base/java.util.stream.AbstractPipeline.wrapAndCopyInto(AbstractPipeline.java:474)
	at java.base/java.util.stream.ReduceOps$ReduceOp.evaluateSequential(ReduceOps.java:913)
	at java.base/java.util.stream.AbstractPipeline.evaluate(AbstractPipeline.java:234)
	at java.base/java.util.stream.ReferencePipeline.collect(ReferencePipeline.java:578)
	at de.uka.ilkd.key.nparser.builder.AbstractBuilder.mapOf(AbstractBuilder.java:112)
	at de.uka.ilkd.key.nparser.builder.IncludeFinder.visitOne_include_statement(IncludeFinder.java:35)
	at de.uka.ilkd.key.nparser.builder.IncludeFinder.visitOne_include_statement(IncludeFinder.java:20)
	at de.uka.ilkd.key.nparser.KeYParser$One_include_statementContext.accept(KeYParser.java:802)
	at org.antlr.v4.runtime.tree.AbstractParseTreeVisitor.visitChildren(AbstractParseTreeVisitor.java:46)
	at de.uka.ilkd.key.nparser.KeYParserBaseVisitor.visitDecls(KeYParserBaseVisitor.java:30)
	at de.uka.ilkd.key.nparser.KeYParser$DeclsContext.accept(KeYParser.java:500)
	at org.antlr.v4.runtime.tree.AbstractParseTreeVisitor.visitChildren(AbstractParseTreeVisitor.java:46)
	at de.uka.ilkd.key.nparser.KeYParserBaseVisitor.visitFile(KeYParserBaseVisitor.java:23)
	at de.uka.ilkd.key.nparser.KeYParser$FileContext.accept(KeYParser.java:306)
	at de.uka.ilkd.key.nparser.KeyAst.accept(KeyAst.java:41)
	at de.uka.ilkd.key.nparser.KeyAst$File.getIncludes(KeyAst.java:76)
	at de.uka.ilkd.key.proof.io.KeYFile.readIncludes(KeYFile.java:208)
	... 14 more
Could not find rule file rules/intRulesCheckedSemantics.key (file: /home/runner/work/key/key/key.core/../key.ui/examples/index/../InformationFlow/SimpleEvoting/simple_evoting.Voter(simple_evoting.Voter__onSendBallot(simple_evoting.Server)).Non-interference contract.0.m.key; caused by: de.uka.ilkd.key.proof.init.ProofInputException: Could not find rule file rules/intRulesCheckedSemantics.key)
	at de.uka.ilkd.key.control.AbstractUserInterfaceControl.load(AbstractUserInterfaceControl.java:221)
	at de.uka.ilkd.key.control.KeYEnvironment.load(KeYEnvironment.java:251)
	at de.uka.ilkd.key.control.KeYEnvironment.load(KeYEnvironment.java:224)
	at de.uka.ilkd.key.control.KeYEnvironment.load(KeYEnvironment.java:184)
	at de.uka.ilkd.key.control.KeYEnvironment.load(KeYEnvironment.java:261)
	at de.uka.ilkd.key.proof.runallproofs.proofcollection.TestFile.load(TestFile.java:270)
	at de.uka.ilkd.key.proof.runallproofs.proofcollection.TestFile.runKey(TestFile.java:160)
	at de.uka.ilkd.key.proof.runallproofs.proofcollection.ForkedTestFileRunner.main(ForkedTestFileRunner.java:171)
Caused by: de.uka.ilkd.key.proof.init.ProofInputException: Could not find rule file rules/intRulesCheckedSemantics.key
	at de.uka.ilkd.key.proof.io.KeYFile.readIncludes(KeYFile.java:210)
	at de.uka.ilkd.key.proof.init.ProblemInitializer.readIncludes(ProblemInitializer.java:177)
	at de.uka.ilkd.key.proof.init.ProblemInitializer.readEnvInput(ProblemInitializer.java:325)
	at de.uka.ilkd.key.proof.init.ProblemInitializer.prepare(ProblemInitializer.java:449)
	at de.uka.ilkd.key.proof.io.AbstractProblemLoader.createInitConfig(AbstractProblemLoader.java:518)
	at de.uka.ilkd.key.proof.io.AbstractProblemLoader.loadEnvironment(AbstractProblemLoader.java:288)
	at de.uka.ilkd.key.proof.io.AbstractProblemLoader.load(AbstractProblemLoader.java:252)
	at de.uka.ilkd.key.control.AbstractUserInterfaceControl.load(AbstractUserInterfaceControl.java:209)
	... 7 more
Caused by: java.lang.RuntimeException: Could not find rule file rules/intRulesCheckedSemantics.key
	at de.uka.ilkd.key.proof.io.RuleSourceFactory.fromBuiltInRule(RuleSourceFactory.java:32)
	at de.uka.ilkd.key.proof.io.RuleSourceFactory.fromDefaultLocation(RuleSourceFactory.java:21)
	at de.uka.ilkd.key.nparser.builder.IncludeFinder.addInclude(IncludeFinder.java:63)
	at de.uka.ilkd.key.nparser.builder.IncludeFinder.visitOne_include(IncludeFinder.java:43)
	at de.uka.ilkd.key.nparser.builder.IncludeFinder.visitOne_include(IncludeFinder.java:20)
	at de.uka.ilkd.key.nparser.KeYParser$One_includeContext.accept(KeYParser.java:878)
	at de.uka.ilkd.key.nparser.builder.AbstractBuilder.lambda$mapOf$0(AbstractBuilder.java:112)
	at java.base/java.util.stream.ReferencePipeline$3$1.accept(ReferencePipeline.java:195)
	at java.base/java.util.ArrayList$ArrayListSpliterator.forEachRemaining(ArrayList.java:1655)
	at java.base/java.util.stream.AbstractPipeline.copyInto(AbstractPipeline.java:484)
	at java.base/java.util.stream.AbstractPipeline.wrapAndCopyInto(AbstractPipeline.java:474)
	at java.base/java.util.stream.ReduceOps$ReduceOp.evaluateSequential(ReduceOps.java:913)
	at java.base/java.util.stream.AbstractPipeline.evaluate(AbstractPipeline.java:234)
	at java.base/java.util.stream.ReferencePipeline.collect(ReferencePipeline.java:578)
	at de.uka.ilkd.key.nparser.builder.AbstractBuilder.mapOf(AbstractBuilder.java:112)
	at de.uka.ilkd.key.nparser.builder.IncludeFinder.visitOne_include_statement(IncludeFinder.java:35)
	at de.uka.ilkd.key.nparser.builder.IncludeFinder.visitOne_include_statement(IncludeFinder.java:20)
	at de.uka.ilkd.key.nparser.KeYParser$One_include_statementContext.accept(KeYParser.java:802)
	at org.antlr.v4.runtime.tree.AbstractParseTreeVisitor.visitChildren(AbstractParseTreeVisitor.java:46)
	at de.uka.ilkd.key.nparser.KeYParserBaseVisitor.visitDecls(KeYParserBaseVisitor.java:30)
	at de.uka.ilkd.key.nparser.KeYParser$DeclsContext.accept(KeYParser.java:500)
	at org.antlr.v4.runtime.tree.AbstractParseTreeVisitor.visitChildren(AbstractParseTreeVisitor.java:46)
	at de.uka.ilkd.key.nparser.KeYParserBaseVisitor.visitFile(KeYParserBaseVisitor.java:23)
	at de.uka.ilkd.key.nparser.KeYParser$FileContext.accept(KeYParser.java:306)
	at de.uka.ilkd.key.nparser.KeyAst.accept(KeyAst.java:41)
	at de.uka.ilkd.key.nparser.KeyAst$File.getIncludes(KeyAst.java:76)
	at de.uka.ilkd.key.proof.io.KeYFile.readIncludes(KeYFile.java:208)
	... 14 more
Exception in thread "main" org.opentest4j.AssertionFailedError: Exception during the execution of proofs. See log for more details.
	at org.junit.jupiter.api.AssertionUtils.fail(AssertionUtils.java:39)
	at org.junit.jupiter.api.Assertions.fail(Assertions.java:134)
	at de.uka.ilkd.key.proof.runallproofs.proofcollection.ForkedTestFileRunner.main(ForkedTestFileRunner.java:192)
]]></system-err>
</testsuite>
