<?xml version="1.0" encoding="UTF-8"?>
<testsuite name="org.key_project.util.testcase.bitops.TestFixedLengthBitSet" tests="6" skipped="0" failures="0" errors="0" timestamp="2023-05-31T11:06:31" hostname="fv-az405-424" time="0.145">
  <properties/>
  <testcase name="testIncrementation()" classname="org.key_project.util.testcase.bitops.TestFixedLengthBitSet" time="0.114"/>
  <testcase name="testSetTooLargeNumber()" classname="org.key_project.util.testcase.bitops.TestFixedLengthBitSet" time="0.001"/>
  <testcase name="testConversion()" classname="org.key_project.util.testcase.bitops.TestFixedLengthBitSet" time="0.011"/>
  <testcase name="testnegativeNumber()" classname="org.key_project.util.testcase.bitops.TestFixedLengthBitSet" time="0.002"/>
  <testcase name="testNumOfZeroBits()" classname="org.key_project.util.testcase.bitops.TestFixedLengthBitSet" time="0.001"/>
  <testcase name="testNonzeroPositions()" classname="org.key_project.util.testcase.bitops.TestFixedLengthBitSet" time="0.005"/>
  <system-out><![CDATA[]]></system-out>
  <system-err><![CDATA[]]></system-err>
</testsuite>
