<?xml version="1.0" encoding="UTF-8"?>
<testsuite name="de.uka.ilkd.key.util.TestProofStarter" tests="2" skipped="0" failures="0" errors="0" timestamp="2023-02-15T14:03:24" hostname="fv-az444-354" time="42.624">
  <properties/>
  <testcase name="testDirectProofWithOneStepSimplification()" classname="de.uka.ilkd.key.util.TestProofStarter" time="21.897"/>
  <testcase name="testDirectProof()" classname="de.uka.ilkd.key.util.TestProofStarter" time="20.727"/>
  <system-out><![CDATA[]]></system-out>
  <system-err><![CDATA[]]></system-err>
</testsuite>
