<?xml version="1.0" encoding="UTF-8"?>
<testsuite name="de.uka.ilkd.key.symbolic_execution.testcase.strategy.TestStepOverSymbolicExecutionTreeNodesStopCondition" tests="1" skipped="0" failures="0" errors="0" timestamp="2023-02-04T11:28:06" hostname="fv-az167-438" time="4.82">
  <properties/>
  <testcase name="testStepOverOnTwoBranches()" classname="de.uka.ilkd.key.symbolic_execution.testcase.strategy.TestStepOverSymbolicExecutionTreeNodesStopCondition" time="4.82"/>
  <system-out><![CDATA[]]></system-out>
  <system-err><![CDATA[]]></system-err>
</testsuite>
