<?xml version="1.0" encoding="UTF-8"?>
<testsuite name="de.uka.ilkd.key.rule.loop.LoopScopeInvRuleTests" tests="1" skipped="0" failures="0" errors="0" timestamp="2023-06-10T12:50:34" hostname="fv-az319-484" time="7.284">
  <properties/>
  <testcase name="testDoAutomaticProofOfBenchmarkWithLabeledBreaksAndContinues()" classname="de.uka.ilkd.key.rule.loop.LoopScopeInvRuleTests" time="7.284"/>
  <system-out><![CDATA[752012     INFO  Test worker     d.u.i.k.p.i.AbstractProblemLoader Loading environment from src\test\resources\testcase\loopScopeInvRule\Test.key 
752012     DEBUG Test worker     d.u.i.k.p.i.AbstractProblemLoader Environment load took 141.6ns 
752012     INFO  Test worker     d.u.i.k.p.i.AbstractProblemLoader Creating init config 
752183     DEBUG Test worker     d.u.i.k.j.TypeConverter   No LDT found for Meta 
752183     DEBUG Test worker     d.u.i.k.j.TypeConverter   No LDT found for Meta 
752183     DEBUG Test worker     d.u.i.k.j.TypeConverter   No LDT found for Meta 
752183     DEBUG Test worker     d.u.i.k.j.TypeConverter   No LDT found for Meta 
753046     DEBUG Test worker     d.u.i.k.j.TypeConverter   No LDT found for JavaBigintExpression 
758547     DEBUG Test worker     d.u.i.k.p.i.AbstractProblemLoader Init config took 6.53s 
758594     INFO  Test worker     d.u.i.k.p.i.AbstractProblemLoader Replaying proof Test[Test::loopScopeRuleBenchmark(int,boolean)].JML normal_behavior operation contract.0 
758594     DEBUG Test worker     d.u.i.k.p.i.IntermediateProofReplayer Proof replay took 23ns 
]]></system-out>
  <system-err><![CDATA[]]></system-err>
</testsuite>
