<?xml version="1.0" encoding="UTF-8"?>
<testsuite name="de.uka.ilkd.key.parser.TestTermParserSorts" tests="2" skipped="0" failures="0" errors="0" timestamp="2023-06-10T12:49:49" hostname="fv-az319-484" time="4.898">
  <properties/>
  <testcase name="testParseIntegerArgs()" classname="de.uka.ilkd.key.parser.TestTermParserSorts" time="0.021"/>
  <testcase name="testParseSequencePrettySyntax()" classname="de.uka.ilkd.key.parser.TestTermParserSorts" time="0.004"/>
  <system-out><![CDATA[707044     INFO  Test worker     d.u.i.k.n.KeyIO           Parsing took 0 ms 
707044     DEBUG Test worker     d.u.i.k.n.KeyIO           Load declarations of de.uka.ilkd.key.nparser.KeyAst$File:  <unknown>:1#1 
707044     INFO  Test worker     d.u.i.k.n.KeyIO           MODE: declarations took 0 ms 
707044     DEBUG Test worker     d.u.i.k.n.KeyIO           MODE: 2nd degree decls took 0 
707044     INFO  Test worker     d.u.i.k.n.KeyIO           Parsing took 0 ms 
707044     DEBUG Test worker     d.u.i.k.n.KeyIO           Load declarations of de.uka.ilkd.key.nparser.KeyAst$File:  <unknown>:1#1 
707044     INFO  Test worker     d.u.i.k.n.KeyIO           MODE: declarations took 0 ms 
707044     DEBUG Test worker     d.u.i.k.n.KeyIO           MODE: 2nd degree decls took 0 
707044     INFO  Test worker     d.u.i.k.n.KeyIO           Parsing took 0 ms 
707044     DEBUG Test worker     d.u.i.k.n.KeyIO           Load declarations of de.uka.ilkd.key.nparser.KeyAst$File:  <unknown>:1#1 
707044     INFO  Test worker     d.u.i.k.n.KeyIO           MODE: declarations took 0 ms 
707044     DEBUG Test worker     d.u.i.k.n.KeyIO           MODE: 2nd degree decls took 0 
711938     INFO  Test worker     d.u.i.k.n.KeyIO           Parsing took 0 ms 
711938     DEBUG Test worker     d.u.i.k.n.KeyIO           Load declarations of de.uka.ilkd.key.nparser.KeyAst$File:  <unknown>:1#1 
711938     INFO  Test worker     d.u.i.k.n.KeyIO           MODE: declarations took 0 ms 
711938     DEBUG Test worker     d.u.i.k.n.KeyIO           MODE: 2nd degree decls took 0 
711953     INFO  Test worker     d.u.i.k.n.KeyIO           Parsing took 15 ms 
711953     DEBUG Test worker     d.u.i.k.n.KeyIO           Load declarations of de.uka.ilkd.key.nparser.KeyAst$File:  <unknown>:1#1 
711953     INFO  Test worker     d.u.i.k.n.KeyIO           MODE: declarations took 0 ms 
711953     DEBUG Test worker     d.u.i.k.n.KeyIO           MODE: 2nd degree decls took 0 
711953     INFO  Test worker     d.u.i.k.n.KeyIO           Parsing took 0 ms 
711953     DEBUG Test worker     d.u.i.k.n.KeyIO           Load declarations of de.uka.ilkd.key.nparser.KeyAst$File:  <unknown>:1#1 
711953     INFO  Test worker     d.u.i.k.n.KeyIO           MODE: declarations took 0 ms 
711953     DEBUG Test worker     d.u.i.k.n.KeyIO           MODE: 2nd degree decls took 0 
]]></system-out>
  <system-err><![CDATA[]]></system-err>
</testsuite>
