<?xml version="1.0" encoding="UTF-8"?>
<testsuite name="de.uka.ilkd.key.logic.TestTermBuilder" tests="6" skipped="0" failures="0" errors="0" timestamp="2023-06-10T12:40:35" hostname="fv-az319-484" time="32.794">
  <properties/>
  <testcase name="testNumberIsVeryBigPositiveInteger()" classname="de.uka.ilkd.key.logic.TestTermBuilder" time="5.399"/>
  <testcase name="testNumberIsVerySmallNegativeInteger()" classname="de.uka.ilkd.key.logic.TestTermBuilder" time="5.357"/>
  <testcase name="testDoubleLongPatterns()" classname="de.uka.ilkd.key.logic.TestTermBuilder" time="5.551"/>
  <testcase name="testFloatPatterns()" classname="de.uka.ilkd.key.logic.TestTermBuilder" time="5.783"/>
  <testcase name="testNumberIsPositiveInt()" classname="de.uka.ilkd.key.logic.TestTermBuilder" time="5.22"/>
  <testcase name="testNumberIsNegativeInt()" classname="de.uka.ilkd.key.logic.TestTermBuilder" time="5.479"/>
  <system-out><![CDATA[]]></system-out>
  <system-err><![CDATA[]]></system-err>
</testsuite>
