<?xml version="1.0" encoding="UTF-8"?>
<testsuite name="de.uka.ilkd.key.taclettranslation.TestTacletTranslator" tests="5" skipped="0" failures="0" errors="0" timestamp="2023-06-10T13:00:00" hostname="fv-az319-484" time="0.072">
  <properties/>
  <testcase name="testPropositional1()" classname="de.uka.ilkd.key.taclettranslation.TestTacletTranslator" time="0.02"/>
  <testcase name="testPropositional2()" classname="de.uka.ilkd.key.taclettranslation.TestTacletTranslator" time="0.029"/>
  <testcase name="testNegativePolarity()" classname="de.uka.ilkd.key.taclettranslation.TestTacletTranslator" time="0.012"/>
  <testcase name="testNoPolarity()" classname="de.uka.ilkd.key.taclettranslation.TestTacletTranslator" time="0.007"/>
  <testcase name="testPositivePolarity()" classname="de.uka.ilkd.key.taclettranslation.TestTacletTranslator" time="0.003"/>
  <system-out><![CDATA[1318337    INFO  Test worker     d.u.i.k.n.KeyIO           Parsing took 0 ms 
1318337    DEBUG Test worker     d.u.i.k.n.KeyIO           Load declarations of de.uka.ilkd.key.nparser.KeyAst$File:  <unknown>:1#1 
1318337    INFO  Test worker     d.u.i.k.n.KeyIO           MODE: declarations took 0 ms 
1318337    DEBUG Test worker     d.u.i.k.n.KeyIO           MODE: 2nd degree decls took 0 
1318337    DEBUG Test worker     d.u.i.k.n.KeyIO           MODE: taclets took 0ms 
1318373    INFO  Test worker     d.u.i.k.n.KeyIO           Parsing took 0 ms 
1318373    DEBUG Test worker     d.u.i.k.n.KeyIO           Load declarations of de.uka.ilkd.key.nparser.KeyAst$File:  <unknown>:1#1 
1318373    INFO  Test worker     d.u.i.k.n.KeyIO           MODE: declarations took 0 ms 
1318373    DEBUG Test worker     d.u.i.k.n.KeyIO           MODE: 2nd degree decls took 0 
1318373    DEBUG Test worker     d.u.i.k.n.KeyIO           MODE: taclets took 0ms 
1318388    INFO  Test worker     d.u.i.k.n.KeyIO           Parsing took 0 ms 
1318388    DEBUG Test worker     d.u.i.k.n.KeyIO           Load declarations of de.uka.ilkd.key.nparser.KeyAst$File:  <unknown>:1#1 
1318388    INFO  Test worker     d.u.i.k.n.KeyIO           MODE: declarations took 0 ms 
1318388    DEBUG Test worker     d.u.i.k.n.KeyIO           MODE: 2nd degree decls took 0 
1318388    DEBUG Test worker     d.u.i.k.n.KeyIO           MODE: taclets took 0ms 
1318388    INFO  Test worker     d.u.i.k.n.KeyIO           Parsing took 0 ms 
1318388    DEBUG Test worker     d.u.i.k.n.KeyIO           Load declarations of de.uka.ilkd.key.nparser.KeyAst$File:  <unknown>:1#1 
1318388    INFO  Test worker     d.u.i.k.n.KeyIO           MODE: declarations took 0 ms 
1318388    DEBUG Test worker     d.u.i.k.n.KeyIO           MODE: 2nd degree decls took 0 
1318388    DEBUG Test worker     d.u.i.k.n.KeyIO           MODE: taclets took 0ms 
1318404    INFO  Test worker     d.u.i.k.n.KeyIO           Parsing took 0 ms 
1318404    DEBUG Test worker     d.u.i.k.n.KeyIO           Load declarations of de.uka.ilkd.key.nparser.KeyAst$File:  <unknown>:1#1 
1318404    INFO  Test worker     d.u.i.k.n.KeyIO           MODE: declarations took 0 ms 
1318404    DEBUG Test worker     d.u.i.k.n.KeyIO           MODE: 2nd degree decls took 0 
1318404    DEBUG Test worker     d.u.i.k.n.KeyIO           MODE: taclets took 0ms 
]]></system-out>
  <system-err><![CDATA[]]></system-err>
</testsuite>
