<?xml version="1.0" encoding="UTF-8"?>
<testsuite name="de.uka.ilkd.key.rule.merge.PredicateAbstractionLatticeTests" tests="3" skipped="0" failures="0" errors="0" timestamp="2023-06-10T12:52:31" hostname="fv-az319-484" time="10.295">
  <properties/>
  <testcase name="testToAndFromString()" classname="de.uka.ilkd.key.rule.merge.PredicateAbstractionLatticeTests" time="5.587"/>
  <testcase name="testCreateSignLatticeWithPredicates()" classname="de.uka.ilkd.key.rule.merge.PredicateAbstractionLatticeTests" time="4.707"/>
  <testcase name="testTrivialPredicatesLattice()" classname="de.uka.ilkd.key.rule.merge.PredicateAbstractionLatticeTests" time="0.001"/>
  <system-out><![CDATA[869277     INFO  Test worker     d.u.i.k.p.i.AbstractProblemLoader Loading environment from src\test\resources\testcase\merge\dummy.key 
869277     DEBUG Test worker     d.u.i.k.p.i.AbstractProblemLoader Environment load took 154.1ns 
869277     INFO  Test worker     d.u.i.k.p.i.AbstractProblemLoader Creating init config 
874850     DEBUG Test worker     d.u.i.k.p.i.AbstractProblemLoader Init config took 5.57s 
874866     INFO  Test worker     d.u.i.k.p.i.AbstractProblemLoader Replaying proof dummy.key 
874866     DEBUG Test worker     d.u.i.k.p.i.IntermediateProofReplayer Proof replay took 10.2ns 
874866     INFO  Test worker     d.u.i.k.p.i.AbstractProblemLoader Loading environment from src\test\resources\testcase\merge\dummy.key 
874866     DEBUG Test worker     d.u.i.k.p.i.AbstractProblemLoader Environment load took 125.2ns 
874882     INFO  Test worker     d.u.i.k.p.i.AbstractProblemLoader Creating init config 
879541     DEBUG Test worker     d.u.i.k.p.i.AbstractProblemLoader Init config took 4.66s 
879557     INFO  Test worker     d.u.i.k.p.i.AbstractProblemLoader Replaying proof dummy.key 
879557     DEBUG Test worker     d.u.i.k.p.i.IntermediateProofReplayer Proof replay took 10.1ns 
]]></system-out>
  <system-err><![CDATA[]]></system-err>
</testsuite>
