<?xml version="1.0" encoding="UTF-8"?>
<testsuite name="de.uka.ilkd.key.proof.TestOneStepSimplifier" tests="1" skipped="0" failures="0" errors="0" timestamp="2023-06-10T12:49:54" hostname="fv-az319-484" time="6.157">
  <properties/>
  <testcase name="loadWithRestriction()" classname="de.uka.ilkd.key.proof.TestOneStepSimplifier" time="6.157"/>
  <system-out><![CDATA[712032     INFO  Test worker     d.u.i.k.p.i.AbstractProblemLoader Loading environment from src\test\resources\testcase\ossRestriction.proof 
712032     DEBUG Test worker     d.u.i.k.p.i.AbstractProblemLoader Environment load took 146.5ns 
712035     INFO  Test worker     d.u.i.k.p.i.AbstractProblemLoader Creating init config 
712211     DEBUG Test worker     d.u.i.k.j.TypeConverter   No LDT found for Meta 
712211     DEBUG Test worker     d.u.i.k.j.TypeConverter   No LDT found for Meta 
712211     DEBUG Test worker     d.u.i.k.j.TypeConverter   No LDT found for Meta 
712211     DEBUG Test worker     d.u.i.k.j.TypeConverter   No LDT found for Meta 
712919     DEBUG Test worker     d.u.i.k.j.TypeConverter   No LDT found for JavaBigintExpression 
718142     DEBUG Test worker     d.u.i.k.p.i.AbstractProblemLoader Init config took 6.11s 
718173     INFO  Test worker     d.u.i.k.p.i.AbstractProblemLoader Replaying proof ossRestriction.proof 
718173     DEBUG Test worker     d.u.i.k.p.i.IntermediateProofReplayer Proof replay took 1.05ms 
]]></system-out>
  <system-err><![CDATA[]]></system-err>
</testsuite>
