<?xml version="1.0" encoding="UTF-8"?>
<testsuite name="de.uka.ilkd.key.parser.TestDeclParser" tests="14" skipped="2" failures="0" errors="0" timestamp="2023-06-10T12:43:56" hostname="fv-az319-484" time="18.676">
  <properties/>
  <testcase name="testGenericSortDecl1()" classname="de.uka.ilkd.key.parser.TestDeclParser" time="1.594"/>
  <testcase name="testGenericSortDecl2()" classname="de.uka.ilkd.key.parser.TestDeclParser" time="1.567"/>
  <testcase name="testGenericSortDecl3()" classname="de.uka.ilkd.key.parser.TestDeclParser" time="1.573"/>
  <testcase name="testGenericSortDecl4()" classname="de.uka.ilkd.key.parser.TestDeclParser" time="1.565"/>
  <testcase name="testGenericSortDecl5()" classname="de.uka.ilkd.key.parser.TestDeclParser" time="0.0">
    <skipped/>
  </testcase>
  <testcase name="testGenericSortDecl6()" classname="de.uka.ilkd.key.parser.TestDeclParser" time="1.545"/>
  <testcase name="testSortDecl()" classname="de.uka.ilkd.key.parser.TestDeclParser" time="1.607"/>
  <testcase name="testProxySortDecl()" classname="de.uka.ilkd.key.parser.TestDeclParser" time="1.55"/>
  <testcase name="testArrayDecl()" classname="de.uka.ilkd.key.parser.TestDeclParser" time="1.55"/>
  <testcase name="testAmbiguousDecls()" classname="de.uka.ilkd.key.parser.TestDeclParser" time="0.0">
    <skipped/>
  </testcase>
  <testcase name="testHeurDecl()" classname="de.uka.ilkd.key.parser.TestDeclParser" time="1.53"/>
  <testcase name="testFunctionDecl()" classname="de.uka.ilkd.key.parser.TestDeclParser" time="1.542"/>
  <testcase name="testPredicateDecl()" classname="de.uka.ilkd.key.parser.TestDeclParser" time="1.525"/>
  <testcase name="testSVDecl()" classname="de.uka.ilkd.key.parser.TestDeclParser" time="1.527"/>
  <system-out><![CDATA[355813     INFO  Test worker     d.u.i.k.n.KeyIO           Parsing took 0 ms 
355813     DEBUG Test worker     d.u.i.k.n.KeyIO           Load declarations of de.uka.ilkd.key.nparser.KeyAst$File:  <unknown>:1#1 
355813     INFO  Test worker     d.u.i.k.n.KeyIO           MODE: declarations took 0 ms 
355813     DEBUG Test worker     d.u.i.k.n.KeyIO           MODE: 2nd degree decls took 0 
355813     DEBUG Test worker     d.u.i.k.n.KeyIO           MODE: taclets took 0ms 
357382     INFO  Test worker     d.u.i.k.n.KeyIO           Parsing took 0 ms 
357382     DEBUG Test worker     d.u.i.k.n.KeyIO           Load declarations of de.uka.ilkd.key.nparser.KeyAst$File:  <unknown>:1#1 
357382     INFO  Test worker     d.u.i.k.n.KeyIO           MODE: declarations took 0 ms 
357382     DEBUG Test worker     d.u.i.k.n.KeyIO           MODE: 2nd degree decls took 0 
357382     DEBUG Test worker     d.u.i.k.n.KeyIO           MODE: taclets took 0ms 
358953     INFO  Test worker     d.u.i.k.n.KeyIO           Parsing took 0 ms 
358953     DEBUG Test worker     d.u.i.k.n.KeyIO           Load declarations of de.uka.ilkd.key.nparser.KeyAst$File:  <unknown>:1#1 
358953     INFO  Test worker     d.u.i.k.n.KeyIO           MODE: declarations took 0 ms 
358953     DEBUG Test worker     d.u.i.k.n.KeyIO           MODE: 2nd degree decls took 0 
358953     DEBUG Test worker     d.u.i.k.n.KeyIO           MODE: taclets took 0ms 
360511     INFO  Test worker     d.u.i.k.n.KeyIO           Parsing took 0 ms 
360511     DEBUG Test worker     d.u.i.k.n.KeyIO           Load declarations of de.uka.ilkd.key.nparser.KeyAst$File:  <unknown>:1#1 
360511     INFO  Test worker     d.u.i.k.n.KeyIO           MODE: declarations took 0 ms 
360511     DEBUG Test worker     d.u.i.k.n.KeyIO           MODE: 2nd degree decls took 0 
360511     DEBUG Test worker     d.u.i.k.n.KeyIO           MODE: taclets took 0ms 
362064     INFO  Test worker     d.u.i.k.n.KeyIO           Parsing took 0 ms 
362064     DEBUG Test worker     d.u.i.k.n.KeyIO           Load declarations of de.uka.ilkd.key.nparser.KeyAst$File:  <unknown>:1#1 
362064     INFO  Test worker     d.u.i.k.n.KeyIO           MODE: declarations took 0 ms 
362064     DEBUG Test worker     d.u.i.k.n.KeyIO           MODE: 2nd degree decls took 0 
362064     DEBUG Test worker     d.u.i.k.n.KeyIO           MODE: taclets took 0ms 
363667     INFO  Test worker     d.u.i.k.n.KeyIO           Parsing took 0 ms 
363667     DEBUG Test worker     d.u.i.k.n.KeyIO           Load declarations of de.uka.ilkd.key.nparser.KeyAst$File:  <unknown>:1#1 
363667     INFO  Test worker     d.u.i.k.n.KeyIO           MODE: declarations took 0 ms 
363667     DEBUG Test worker     d.u.i.k.n.KeyIO           MODE: 2nd degree decls took 0 
363667     DEBUG Test worker     d.u.i.k.n.KeyIO           MODE: taclets took 0ms 
365221     INFO  Test worker     d.u.i.k.n.KeyIO           Parsing took 0 ms 
365221     DEBUG Test worker     d.u.i.k.n.KeyIO           Load declarations of de.uka.ilkd.key.nparser.KeyAst$File:  <unknown>:1#1 
365221     INFO  Test worker     d.u.i.k.n.KeyIO           MODE: declarations took 0 ms 
365221     DEBUG Test worker     d.u.i.k.n.KeyIO           MODE: 2nd degree decls took 0 
365221     DEBUG Test worker     d.u.i.k.n.KeyIO           MODE: taclets took 0ms 
366769     INFO  Test worker     d.u.i.k.n.KeyIO           Parsing took 0 ms 
366769     DEBUG Test worker     d.u.i.k.n.KeyIO           Load declarations of de.uka.ilkd.key.nparser.KeyAst$File:  <unknown>:1#1 
366769     INFO  Test worker     d.u.i.k.n.KeyIO           MODE: declarations took 0 ms 
366769     DEBUG Test worker     d.u.i.k.n.KeyIO           MODE: 2nd degree decls took 0 
366769     DEBUG Test worker     d.u.i.k.n.KeyIO           MODE: taclets took 0ms 
368301     INFO  Test worker     d.u.i.k.n.KeyIO           Parsing took 0 ms 
368301     DEBUG Test worker     d.u.i.k.n.KeyIO           Load declarations of de.uka.ilkd.key.nparser.KeyAst$File:  <unknown>:1#1 
368301     INFO  Test worker     d.u.i.k.n.KeyIO           MODE: declarations took 0 ms 
368301     DEBUG Test worker     d.u.i.k.n.KeyIO           MODE: 2nd degree decls took 0 
368301     DEBUG Test worker     d.u.i.k.n.KeyIO           MODE: taclets took 0ms 
369852     INFO  Test worker     d.u.i.k.n.KeyIO           Parsing took 0 ms 
369852     DEBUG Test worker     d.u.i.k.n.KeyIO           Load declarations of de.uka.ilkd.key.nparser.KeyAst$File:  <unknown>:1#1 
369852     INFO  Test worker     d.u.i.k.n.KeyIO           MODE: declarations took 0 ms 
369852     DEBUG Test worker     d.u.i.k.n.KeyIO           MODE: 2nd degree decls took 0 
369852     DEBUG Test worker     d.u.i.k.n.KeyIO           MODE: taclets took 0ms 
371368     INFO  Test worker     d.u.i.k.n.KeyIO           Parsing took 0 ms 
371368     DEBUG Test worker     d.u.i.k.n.KeyIO           Load declarations of de.uka.ilkd.key.nparser.KeyAst$File:  <unknown>:1#1 
371368     INFO  Test worker     d.u.i.k.n.KeyIO           MODE: declarations took 0 ms 
371368     DEBUG Test worker     d.u.i.k.n.KeyIO           MODE: 2nd degree decls took 0 
371368     DEBUG Test worker     d.u.i.k.n.KeyIO           MODE: taclets took 0ms 
372896     INFO  Test worker     d.u.i.k.n.KeyIO           Parsing took 0 ms 
372896     DEBUG Test worker     d.u.i.k.n.KeyIO           Load declarations of de.uka.ilkd.key.nparser.KeyAst$File:  <unknown>:1#1 
372896     INFO  Test worker     d.u.i.k.n.KeyIO           MODE: declarations took 0 ms 
372896     DEBUG Test worker     d.u.i.k.n.KeyIO           MODE: 2nd degree decls took 0 
372896     DEBUG Test worker     d.u.i.k.n.KeyIO           MODE: taclets took 0ms 
]]></system-out>
  <system-err><![CDATA[]]></system-err>
</testsuite>
