<?xml version="1.0" encoding="UTF-8"?>
<testsuite name="de.uka.ilkd.key.testcase.smt.testgen.TestTestgen" tests="1" skipped="0" failures="0" errors="0" timestamp="2023-06-08T15:01:06" hostname="fv-az795-885" time="6.24">
  <properties/>
  <testcase name="testMiddle()" classname="de.uka.ilkd.key.testcase.smt.testgen.TestTestgen" time="6.24"/>
  <system-out><![CDATA[19570      WARN  Test worker     d.u.i.k.t.s.t.TestTestgen Warning: Z3_CE is not installed, tests skipped. 
19570      WARN  Test worker     d.u.i.k.t.s.t.TestTestgen Maybe use JVM system property "z3SolverPath" to define the path to the Z3 command. 
19572      INFO  Test worker     d.u.i.k.p.i.AbstractProblemLoader Loading environment from src/test/resources/testcase/smt/tg/middle.key 
19573      DEBUG Test worker     d.u.i.k.p.i.AbstractProblemLoader Environment load took 463.63ns 
19575      INFO  Test worker     d.u.i.k.p.i.AbstractProblemLoader Creating init config 
24987      DEBUG Test worker     d.u.i.k.p.i.AbstractProblemLoader Init config took 5.41s 
25163      INFO  Test worker     d.u.i.k.p.i.AbstractProblemLoader Replaying proof Middle[Middle::middle(int,int,int)].JML normal_behavior operation contract.0 
25172      DEBUG Test worker     d.u.i.k.p.i.IntermediateProofReplayer Proof replay took 19.8ns 
]]></system-out>
  <system-err><![CDATA[]]></system-err>
</testsuite>
