<?xml version="1.0" encoding="UTF-8"?>
<testsuite name="de.uka.ilkd.key.proof_references.testcase.analyst.TestMethodBodyExpandProofReferencesAnalyst" tests="1" skipped="0" failures="0" errors="0" timestamp="2023-01-31T17:44:07" hostname="fv-az567-287" time="2.924">
  <properties/>
  <testcase name="testMethodBodyExpand()" classname="de.uka.ilkd.key.proof_references.testcase.analyst.TestMethodBodyExpandProofReferencesAnalyst" time="2.924"/>
  <system-out><![CDATA[]]></system-out>
  <system-err><![CDATA[]]></system-err>
</testsuite>
