<?xml version="1.0" encoding="UTF-8"?>
<testsuite name="de.uka.ilkd.key.testcase.smt.testgen.TestTestgen" tests="1" skipped="0" failures="0" errors="0" timestamp="2023-06-08T20:38:42" hostname="fv-az623-166" time="7.428">
  <properties/>
  <testcase name="testMiddle()" classname="de.uka.ilkd.key.testcase.smt.testgen.TestTestgen" time="7.428"/>
  <system-out><![CDATA[25661      WARN  Test worker     d.u.i.k.t.s.t.TestTestgen Warning: Z3_CE is not installed, tests skipped. 
25661      WARN  Test worker     d.u.i.k.t.s.t.TestTestgen Maybe use JVM system property "z3SolverPath" to define the path to the Z3 command. 
25661      INFO  Test worker     d.u.i.k.p.i.AbstractProblemLoader Loading environment from src\test\resources\testcase\smt\tg\middle.key 
25661      DEBUG Test worker     d.u.i.k.p.i.AbstractProblemLoader Environment load took 264.4ns 
25676      INFO  Test worker     d.u.i.k.p.i.AbstractProblemLoader Creating init config 
31867      DEBUG Test worker     d.u.i.k.p.i.AbstractProblemLoader Init config took 6.18s 
32055      INFO  Test worker     d.u.i.k.p.i.AbstractProblemLoader Replaying proof Middle[Middle::middle(int,int,int)].JML normal_behavior operation contract.0 
32164      DEBUG Test worker     d.u.i.k.p.i.IntermediateProofReplayer Proof replay took 25.3ns 
]]></system-out>
  <system-err><![CDATA[]]></system-err>
</testsuite>
