<?xml version="1.0" encoding="UTF-8"?>
<testsuite name="de.uka.ilkd.key.symbolic_execution.testcase.TestSymbolicLayoutWriterAndReader" tests="1" skipped="0" failures="0" errors="0" timestamp="2023-04-04T10:57:47" hostname="fv-az502-746" time="0.008">
  <properties/>
  <testcase name="testWritingAndReading()" classname="de.uka.ilkd.key.symbolic_execution.testcase.TestSymbolicLayoutWriterAndReader" time="0.008"/>
  <system-out><![CDATA[]]></system-out>
  <system-err><![CDATA[]]></system-err>
</testsuite>
