<?xml version="1.0" encoding="UTF-8"?>
<testsuite name="de.uka.ilkd.key.symbolic_execution.testcase.po.TestProgramMethodPO" tests="7" skipped="0" failures="0" errors="0" timestamp="2023-04-04T10:59:10" hostname="fv-az502-746" time="41.633">
  <properties/>
  <testcase name="testReturnMethod_Precondition()" classname="de.uka.ilkd.key.symbolic_execution.testcase.po.TestProgramMethodPO" time="5.766"/>
  <testcase name="testVoidMethod()" classname="de.uka.ilkd.key.symbolic_execution.testcase.po.TestProgramMethodPO" time="6.163"/>
  <testcase name="testComplicatedMethod()" classname="de.uka.ilkd.key.symbolic_execution.testcase.po.TestProgramMethodPO" time="5.954"/>
  <testcase name="testComplicatedMethod_Precondition()" classname="de.uka.ilkd.key.symbolic_execution.testcase.po.TestProgramMethodPO" time="6.117"/>
  <testcase name="testComplicatedInnerMethod()" classname="de.uka.ilkd.key.symbolic_execution.testcase.po.TestProgramMethodPO" time="5.749"/>
  <testcase name="testVoidMethod_Precondition()" classname="de.uka.ilkd.key.symbolic_execution.testcase.po.TestProgramMethodPO" time="5.676"/>
  <testcase name="testReturnMethod()" classname="de.uka.ilkd.key.symbolic_execution.testcase.po.TestProgramMethodPO" time="6.207"/>
  <system-out><![CDATA[]]></system-out>
  <system-err><![CDATA[]]></system-err>
</testsuite>
