<?xml version="1.0" encoding="UTF-8"?>
<testsuite name="de.uka.ilkd.key.proof.runallproofs.RunAllProofsFunctional" tests="34" skipped="0" failures="0" errors="0" timestamp="2023-04-24T21:05:48" hostname="fv-az419-683" time="7012.221">
  <properties/>
  <testcase name="newBook" classname="de.uka.ilkd.key.proof.runallproofs.RunAllProofsFunctional" time="85.297"/>
  <testcase name="oldBook" classname="de.uka.ilkd.key.proof.runallproofs.RunAllProofsFunctional" time="23.186"/>
  <testcase name="comprehensions" classname="de.uka.ilkd.key.proof.runallproofs.RunAllProofsFunctional" time="85.132"/>
  <testcase name="performance" classname="de.uka.ilkd.key.proof.runallproofs.RunAllProofsFunctional" time="296.015"/>
  <testcase name="performancePOConstruction" classname="de.uka.ilkd.key.proof.runallproofs.RunAllProofsFunctional" time="102.819"/>
  <testcase name="applicationRestrictions" classname="de.uka.ilkd.key.proof.runallproofs.RunAllProofsFunctional" time="63.93"/>
  <testcase name="blockContracts" classname="de.uka.ilkd.key.proof.runallproofs.RunAllProofsFunctional" time="180.817"/>
  <testcase name="jmlAsserts" classname="de.uka.ilkd.key.proof.runallproofs.RunAllProofsFunctional" time="117.031"/>
  <testcase name="javaCard" classname="de.uka.ilkd.key.proof.runallproofs.RunAllProofsFunctional" time="175.055"/>
  <testcase name="list" classname="de.uka.ilkd.key.proof.runallproofs.RunAllProofsFunctional" time="342.979"/>
  <testcase name="list_ghost" classname="de.uka.ilkd.key.proof.runallproofs.RunAllProofsFunctional" time="87.09"/>
  <testcase name="list_recursive" classname="de.uka.ilkd.key.proof.runallproofs.RunAllProofsFunctional" time="29.546"/>
  <testcase name="list_seq" classname="de.uka.ilkd.key.proof.runallproofs.RunAllProofsFunctional" time="235.813"/>
  <testcase name="observer" classname="de.uka.ilkd.key.proof.runallproofs.RunAllProofsFunctional" time="127.415"/>
  <testcase name="removeDups" classname="de.uka.ilkd.key.proof.runallproofs.RunAllProofsFunctional" time="204.6"/>
  <testcase name="quicksort" classname="de.uka.ilkd.key.proof.runallproofs.RunAllProofsFunctional" time="145.442"/>
  <testcase name="simpleTests" classname="de.uka.ilkd.key.proof.runallproofs.RunAllProofsFunctional" time="209.469"/>
  <testcase name="SmansEtAl" classname="de.uka.ilkd.key.proof.runallproofs.RunAllProofsFunctional" time="256.734"/>
  <testcase name="VACID0" classname="de.uka.ilkd.key.proof.runallproofs.RunAllProofsFunctional" time="104.355"/>
  <testcase name="VSTTE10" classname="de.uka.ilkd.key.proof.runallproofs.RunAllProofsFunctional" time="247.511"/>
  <testcase name="WeideEtAl" classname="de.uka.ilkd.key.proof.runallproofs.RunAllProofsFunctional" time="37.662"/>
  <testcase name="arithmetic" classname="de.uka.ilkd.key.proof.runallproofs.RunAllProofsFunctional" time="649.801"/>
  <testcase name="arrays" classname="de.uka.ilkd.key.proof.runallproofs.RunAllProofsFunctional" time="79.527"/>
  <testcase name="javadl" classname="de.uka.ilkd.key.proof.runallproofs.RunAllProofsFunctional" time="852.44"/>
  <testcase name="FOL" classname="de.uka.ilkd.key.proof.runallproofs.RunAllProofsFunctional" time="358.169"/>
  <testcase name="strings" classname="de.uka.ilkd.key.proof.runallproofs.RunAllProofsFunctional" time="189.726"/>
  <testcase name="simple_info_flow" classname="de.uka.ilkd.key.proof.runallproofs.RunAllProofsFunctional" time="18.178"/>
  <testcase name="modelMethods" classname="de.uka.ilkd.key.proof.runallproofs.RunAllProofsFunctional" time="228.66"/>
  <testcase name="permissionHeap" classname="de.uka.ilkd.key.proof.runallproofs.RunAllProofsFunctional" time="1077.204"/>
  <testcase name="completionScopes" classname="de.uka.ilkd.key.proof.runallproofs.RunAllProofsFunctional" time="67.407"/>
  <testcase name="reload_examples" classname="de.uka.ilkd.key.proof.runallproofs.RunAllProofsFunctional" time="58.769"/>
  <testcase name="proofLoadRepair" classname="de.uka.ilkd.key.proof.runallproofs.RunAllProofsFunctional" time="24.749"/>
  <testcase name="switch" classname="de.uka.ilkd.key.proof.runallproofs.RunAllProofsFunctional" time="82.316"/>
  <testcase name="redux" classname="de.uka.ilkd.key.proof.runallproofs.RunAllProofsFunctional" time="167.342"/>
  <system-out><![CDATA[356        INFO  Test worker     d.u.i.k.p.r.RunAllProofsTestUnit Running test newBook 
450        INFO  Timeout watchdog d.u.i.k.p.r.p.ForkedTestFileRunner Timeout watcher launched (2000 secs.) 
474        WARN  main            d.u.i.k.s.ProofSettings   No proof-settings could be loaded, using defaults java.io.FileNotFoundException: /home/runner/.key/proof-settings.props (No such file or directory)
	at java.base/java.io.FileInputStream.open0(Native Method)

550        INFO  main            d.u.i.k.p.r.p.TestFile    Now processing file /home/runner/work/key/key/key.core/../key.ui/examples/newBook/09.list_modelfield/ArrayList.add.key 
801        INFO  main            d.u.i.k.p.i.AbstractProblemLoader Loading environment from /home/runner/work/key/key/key.core/../key.ui/examples/newBook/09.list_modelfield/ArrayList.add.key 
833        DEBUG main            d.u.i.k.p.i.AbstractProblemLoader Environment load took 3.67ms 
1165       INFO  main            d.u.i.k.p.i.AbstractProblemLoader Creating init config 
2336       DEBUG main            d.u.i.k.j.TypeConverter   No LDT found for Meta 
2337       DEBUG main            d.u.i.k.j.TypeConverter   No LDT found for Meta 
2338       DEBUG main            d.u.i.k.j.TypeConverter   No LDT found for Meta 
2339       DEBUG main            d.u.i.k.j.TypeConverter   No LDT found for Meta 
4359       DEBUG main            d.u.i.k.j.TypeConverter   No LDT found for JavaBigintExpression 
11444      DEBUG main            d.u.i.k.p.i.AbstractProblemLoader Init config took 10.28s 
11656      INFO  main            d.u.i.k.p.i.AbstractProblemLoader Replaying proof ArrayList[List::add(int)].JML normal_behavior operation contract.0 
11703      DEBUG main            d.u.i.k.p.i.IntermediateProofReplayer Proof replay took 37.5ns 
36924      INFO  main            d.u.i.k.p.r.p.TestFile    ... finished proof: closed. 
37319      INFO  main            d.u.i.k.p.i.AbstractProblemLoader Loading environment from /home/runner/work/key/key/key.core/../key.ui/examples/newBook/09.list_modelfield/ArrayList.add.key.proof 
37320      DEBUG main            d.u.i.k.p.i.AbstractProblemLoader Environment load took 1.03ms 
37326      INFO  main            d.u.i.k.p.i.AbstractProblemLoader Creating init config 
41232      DEBUG main            d.u.i.k.p.i.AbstractProblemLoader Init config took 3.91s 
41329      INFO  main            d.u.i.k.p.i.AbstractProblemLoader Replaying proof ArrayList[List::add(int)].JML normal_behavior operation contract.0 
43373      DEBUG main            d.u.i.k.p.i.IntermediateProofReplayer Proof replay took 1.94s 
43386      DEBUG main            d.u.i.k.p.r.p.TestFile    ... success: reloaded. 
43388      INFO  main            d.u.i.k.p.r.p.TestFile    Now processing file /home/runner/work/key/key/key.core/../key.ui/examples/newBook/09.list_modelfield/ArrayList.remFirst.key 
43388      INFO  main            d.u.i.k.p.i.AbstractProblemLoader Loading environment from /home/runner/work/key/key/key.core/../key.ui/examples/newBook/09.list_modelfield/ArrayList.remFirst.key 
43389      DEBUG main            d.u.i.k.p.i.AbstractProblemLoader Environment load took 95.1ns 
43391      INFO  main            d.u.i.k.p.i.AbstractProblemLoader Creating init config 
47325      DEBUG main            d.u.i.k.p.i.AbstractProblemLoader Init config took 3.93s 
47396      INFO  main            d.u.i.k.p.i.AbstractProblemLoader Replaying proof ArrayList[List::remFirst()].JML normal_behavior operation contract.0 
47399      DEBUG main            d.u.i.k.p.i.IntermediateProofReplayer Proof replay took 6.4ns 
53517      INFO  main            d.u.i.k.p.r.p.TestFile    ... finished proof: closed. 
53748      INFO  main            d.u.i.k.p.i.AbstractProblemLoader Loading environment from /home/runner/work/key/key/key.core/../key.ui/examples/newBook/09.list_modelfield/ArrayList.remFirst.key.proof 
53748      DEBUG main            d.u.i.k.p.i.AbstractProblemLoader Environment load took 161.2ns 
53751      INFO  main            d.u.i.k.p.i.AbstractProblemLoader Creating init config 
57397      DEBUG main            d.u.i.k.p.i.AbstractProblemLoader Init config took 3.65s 
57496      INFO  main            d.u.i.k.p.i.AbstractProblemLoader Replaying proof ArrayList[List::remFirst()].JML normal_behavior operation contract.0 
58413      DEBUG main            d.u.i.k.p.i.IntermediateProofReplayer Proof replay took 889.8ms 
58421      DEBUG main            d.u.i.k.p.r.p.TestFile    ... success: reloaded. 
58422      INFO  main            d.u.i.k.p.r.p.TestFile    Now processing file /home/runner/work/key/key/key.core/../key.ui/examples/newBook/09.list_modelfield/ArrayList.empty.key 
58423      INFO  main            d.u.i.k.p.i.AbstractProblemLoader Loading environment from /home/runner/work/key/key/key.core/../key.ui/examples/newBook/09.list_modelfield/ArrayList.empty.key 
58423      DEBUG main            d.u.i.k.p.i.AbstractProblemLoader Environment load took 470.5ns 
58426      INFO  main            d.u.i.k.p.i.AbstractProblemLoader Creating init config 
62069      DEBUG main            d.u.i.k.p.i.AbstractProblemLoader Init config took 3.64s 
62130      INFO  main            d.u.i.k.p.i.AbstractProblemLoader Replaying proof ArrayList[List::empty()].JML normal_behavior operation contract.0 
62137      DEBUG main            d.u.i.k.p.i.IntermediateProofReplayer Proof replay took 7.5ns 
63578      INFO  main            d.u.i.k.p.r.p.TestFile    ... finished proof: closed. 
63876      INFO  main            d.u.i.k.p.i.AbstractProblemLoader Loading environment from /home/runner/work/key/key/key.core/../key.ui/examples/newBook/09.list_modelfield/ArrayList.empty.key.proof 
63880      DEBUG main            d.u.i.k.p.i.AbstractProblemLoader Environment load took 3.71ms 
63884      INFO  main            d.u.i.k.p.i.AbstractProblemLoader Creating init config 
67420      DEBUG main            d.u.i.k.p.i.AbstractProblemLoader Init config took 3.54s 
67491      INFO  main            d.u.i.k.p.i.AbstractProblemLoader Replaying proof ArrayList[List::empty()].JML normal_behavior operation contract.0 
67691      DEBUG main            d.u.i.k.p.i.IntermediateProofReplayer Proof replay took 190.39ms 
67693      DEBUG main            d.u.i.k.p.r.p.TestFile    ... success: reloaded. 
67694      INFO  main            d.u.i.k.p.r.p.TestFile    Now processing file /home/runner/work/key/key/key.core/../key.ui/examples/newBook/09.list_modelfield/ArrayList.size.key 
67695      INFO  main            d.u.i.k.p.i.AbstractProblemLoader Loading environment from /home/runner/work/key/key/key.core/../key.ui/examples/newBook/09.list_modelfield/ArrayList.size.key 
67696      DEBUG main            d.u.i.k.p.i.AbstractProblemLoader Environment load took 601.1ns 
67698      INFO  main            d.u.i.k.p.i.AbstractProblemLoader Creating init config 
71331      DEBUG main            d.u.i.k.p.i.AbstractProblemLoader Init config took 3.63s 
71393      INFO  main            d.u.i.k.p.i.AbstractProblemLoader Replaying proof ArrayList[List::size()].JML normal_behavior operation contract.0 
71395      DEBUG main            d.u.i.k.p.i.IntermediateProofReplayer Proof replay took 6.2ns 
71999      INFO  main            d.u.i.k.p.r.p.TestFile    ... finished proof: closed. 
72225      INFO  main            d.u.i.k.p.i.AbstractProblemLoader Loading environment from /home/runner/work/key/key/key.core/../key.ui/examples/newBook/09.list_modelfield/ArrayList.size.key.proof 
72225      DEBUG main            d.u.i.k.p.i.AbstractProblemLoader Environment load took 143.2ns 
72227      INFO  main            d.u.i.k.p.i.AbstractProblemLoader Creating init config 
75751      DEBUG main            d.u.i.k.p.i.AbstractProblemLoader Init config took 3.52s 
75828      INFO  main            d.u.i.k.p.i.AbstractProblemLoader Replaying proof ArrayList[List::size()].JML normal_behavior operation contract.0 
75919      DEBUG main            d.u.i.k.p.i.IntermediateProofReplayer Proof replay took 83.39ms 
75921      DEBUG main            d.u.i.k.p.r.p.TestFile    ... success: reloaded. 
75922      INFO  main            d.u.i.k.p.r.p.TestFile    Now processing file /home/runner/work/key/key/key.core/../key.ui/examples/newBook/09.list_modelfield/ArrayList.get.key 
75923      INFO  main            d.u.i.k.p.i.AbstractProblemLoader Loading environment from /home/runner/work/key/key/key.core/../key.ui/examples/newBook/09.list_modelfield/ArrayList.get.key 
75925      DEBUG main            d.u.i.k.p.i.AbstractProblemLoader Environment load took 1.7ms 
75926      INFO  main            d.u.i.k.p.i.AbstractProblemLoader Creating init config 
79516      DEBUG main            d.u.i.k.p.i.AbstractProblemLoader Init config took 3.59s 
79617      INFO  main            d.u.i.k.p.i.AbstractProblemLoader Replaying proof ArrayList[List::get(int)].JML normal_behavior operation contract.0 
79622      DEBUG main            d.u.i.k.p.i.IntermediateProofReplayer Proof replay took 8.6ns 
81033      INFO  main            d.u.i.k.p.r.p.TestFile    ... finished proof: closed. 
81278      INFO  main            d.u.i.k.p.i.AbstractProblemLoader Loading environment from /home/runner/work/key/key/key.core/../key.ui/examples/newBook/09.list_modelfield/ArrayList.get.key.proof 
81279      DEBUG main            d.u.i.k.p.i.AbstractProblemLoader Environment load took 139.1ns 
81280      INFO  main            d.u.i.k.p.i.AbstractProblemLoader Creating init config 
84751      DEBUG main            d.u.i.k.p.i.AbstractProblemLoader Init config took 3.47s 
84810      INFO  main            d.u.i.k.p.i.AbstractProblemLoader Replaying proof ArrayList[List::get(int)].JML normal_behavior operation contract.0 
84973      DEBUG main            d.u.i.k.p.i.IntermediateProofReplayer Proof replay took 156.8ms 
84975      DEBUG main            d.u.i.k.p.r.p.TestFile    ... success: reloaded. 
85645      INFO  Test worker     d.u.i.k.p.r.RunAllProofsTestUnit Returning from test newBook 
85652      INFO  Test worker     d.u.i.k.p.r.RunAllProofsTestUnit Running test oldBook 
449        INFO  Timeout watchdog d.u.i.k.p.r.p.ForkedTestFileRunner Timeout watcher launched (2000 secs.) 
471        WARN  main            d.u.i.k.s.ProofSettings   The settings in /home/runner/.key/proof-settings.props are *not* read. 
547        INFO  main            d.u.i.k.p.r.p.TestFile    Now processing file /home/runner/work/key/key/key.core/../key.ui/examples/standard_key/BookExamples/02FirstOrderLogic/Ex2.58.key 
698        INFO  main            d.u.i.k.p.i.AbstractProblemLoader Loading environment from /home/runner/work/key/key/key.core/../key.ui/examples/standard_key/BookExamples/02FirstOrderLogic/Ex2.58.key 
720        DEBUG main            d.u.i.k.p.i.AbstractProblemLoader Environment load took 3.8ms 
1098       INFO  main            d.u.i.k.p.i.AbstractProblemLoader Creating init config 
2141       DEBUG main            d.u.i.k.j.TypeConverter   No LDT found for Meta 
2141       DEBUG main            d.u.i.k.j.TypeConverter   No LDT found for Meta 
2143       DEBUG main            d.u.i.k.j.TypeConverter   No LDT found for Meta 
2143       DEBUG main            d.u.i.k.j.TypeConverter   No LDT found for Meta 
3895       DEBUG main            d.u.i.k.j.TypeConverter   No LDT found for JavaBigintExpression 
10580      DEBUG main            d.u.i.k.p.i.AbstractProblemLoader Init config took 9.48s 
10656      INFO  main            d.u.i.k.p.i.AbstractProblemLoader Replaying proof Ex2.58.key 
10710      DEBUG main            d.u.i.k.p.i.IntermediateProofReplayer Proof replay took 42.1ns 
10934      INFO  main            d.u.i.k.p.r.p.TestFile    ... finished proof: closed. 
11083      INFO  main            d.u.i.k.p.i.AbstractProblemLoader Loading environment from /home/runner/work/key/key/key.core/../key.ui/examples/standard_key/BookExamples/02FirstOrderLogic/Ex2.58.key.proof 
11085      DEBUG main            d.u.i.k.p.i.AbstractProblemLoader Environment load took 1.41ms 
11092      INFO  main            d.u.i.k.p.i.AbstractProblemLoader Creating init config 
14744      DEBUG main            d.u.i.k.p.i.AbstractProblemLoader Init config took 3.65s 
14801      INFO  main            d.u.i.k.p.i.AbstractProblemLoader Replaying proof Ex2.58.key.proof 
14811      DEBUG main            d.u.i.k.p.i.IntermediateProofReplayer Proof replay took 4.21ms 
14826      DEBUG main            d.u.i.k.p.r.p.TestFile    ... success: reloaded. 
14832      INFO  main            d.u.i.k.p.r.p.TestFile    Now processing file /home/runner/work/key/key/key.core/../key.ui/examples/standard_key/BookExamples/03DynamicLogic/Sect3.3.1.key 
14833      INFO  main            d.u.i.k.p.i.AbstractProblemLoader Loading environment from /home/runner/work/key/key/key.core/../key.ui/examples/standard_key/BookExamples/03DynamicLogic/Sect3.3.1.key 
14833      DEBUG main            d.u.i.k.p.i.AbstractProblemLoader Environment load took 439.7ns 
14836      INFO  main            d.u.i.k.p.i.AbstractProblemLoader Creating init config 
18476      DEBUG main            d.u.i.k.p.i.AbstractProblemLoader Init config took 3.64s 
18566      INFO  main            d.u.i.k.p.i.AbstractProblemLoader Replaying proof Sect3.3.1.key 
18574      DEBUG main            d.u.i.k.p.i.IntermediateProofReplayer Proof replay took 7.6ns 
19181      INFO  main            d.u.i.k.p.r.p.TestFile    ... finished proof: closed. 
19360      INFO  main            d.u.i.k.p.i.AbstractProblemLoader Loading environment from /home/runner/work/key/key/key.core/../key.ui/examples/standard_key/BookExamples/03DynamicLogic/Sect3.3.1.key.proof 
19360      DEBUG main            d.u.i.k.p.i.AbstractProblemLoader Environment load took 150.2ns 
19362      INFO  main            d.u.i.k.p.i.AbstractProblemLoader Creating init config 
22791      DEBUG main            d.u.i.k.p.i.AbstractProblemLoader Init config took 3.43s 
22820      INFO  main            d.u.i.k.p.i.AbstractProblemLoader Replaying proof Sect3.3.1.key.proof 
22920      DEBUG main            d.u.i.k.p.i.IntermediateProofReplayer Proof replay took 93.9ms 
22921      DEBUG main            d.u.i.k.p.r.p.TestFile    ... success: reloaded. 
108835     INFO  Test worker     d.u.i.k.p.r.RunAllProofsTestUnit Returning from test oldBook 
108837     INFO  Test worker     d.u.i.k.p.r.RunAllProofsTestUnit Running test comprehensions 
451        INFO  Timeout watchdog d.u.i.k.p.r.p.ForkedTestFileRunner Timeout watcher launched (2000 secs.) 
474        WARN  main            d.u.i.k.s.ProofSettings   The settings in /home/runner/.key/proof-settings.props are *not* read. 
520        INFO  main            d.u.i.k.p.r.p.TestFile    Now processing file /home/runner/work/key/key/key.core/../key.ui/examples/heap/comprehensions/general_sum.key 
660        INFO  main            d.u.i.k.p.i.AbstractProblemLoader Loading environment from /home/runner/work/key/key/key.core/../key.ui/examples/heap/comprehensions/general_sum.key 
686        DEBUG main            d.u.i.k.p.i.AbstractProblemLoader Environment load took 3.6ms 
978        INFO  main            d.u.i.k.p.i.AbstractProblemLoader Creating init config 
2245       DEBUG main            d.u.i.k.j.TypeConverter   No LDT found for Meta 
2255       DEBUG main            d.u.i.k.j.TypeConverter   No LDT found for Meta 
2259       DEBUG main            d.u.i.k.j.TypeConverter   No LDT found for Meta 
2259       DEBUG main            d.u.i.k.j.TypeConverter   No LDT found for Meta 
3957       DEBUG main            d.u.i.k.j.TypeConverter   No LDT found for JavaBigintExpression 
10533      DEBUG main            d.u.i.k.p.i.AbstractProblemLoader Init config took 9.55s 
10685      INFO  main            d.u.i.k.p.i.AbstractProblemLoader Replaying proof GSum[GSum::doNothing()].JML operation contract.0 
10731      DEBUG main            d.u.i.k.p.i.IntermediateProofReplayer Proof replay took 39.5ns 
11181      INFO  main            d.u.i.k.p.r.p.TestFile    ... finished proof: closed. 
11315      INFO  main            d.u.i.k.p.i.AbstractProblemLoader Loading environment from /home/runner/work/key/key/key.core/../key.ui/examples/heap/comprehensions/general_sum.key.proof 
11316      DEBUG main            d.u.i.k.p.i.AbstractProblemLoader Environment load took 884.39ns 
11319      INFO  main            d.u.i.k.p.i.AbstractProblemLoader Creating init config 
14938      DEBUG main            d.u.i.k.p.i.AbstractProblemLoader Init config took 3.62s 
15020      INFO  main            d.u.i.k.p.i.AbstractProblemLoader Replaying proof GSum[GSum::doNothing()].JML operation contract.0 
15063      DEBUG main            d.u.i.k.p.i.IntermediateProofReplayer Proof replay took 30.76ms 
15078      DEBUG main            d.u.i.k.p.r.p.TestFile    ... success: reloaded. 
15079      INFO  main            d.u.i.k.p.r.p.TestFile    Now processing file /home/runner/work/key/key/key.core/../key.ui/examples/heap/comprehensions/sum0.key 
15080      INFO  main            d.u.i.k.p.i.AbstractProblemLoader Loading environment from /home/runner/work/key/key/key.core/../key.ui/examples/heap/comprehensions/sum0.key 
15080      DEBUG main            d.u.i.k.p.i.AbstractProblemLoader Environment load took 97.1ns 
15082      INFO  main            d.u.i.k.p.i.AbstractProblemLoader Creating init config 
18706      DEBUG main            d.u.i.k.p.i.AbstractProblemLoader Init config took 3.62s 
18809      INFO  main            d.u.i.k.p.i.AbstractProblemLoader Replaying proof Sum[Sum::sum0([I)].JML normal_behavior operation contract.0 
18815      DEBUG main            d.u.i.k.p.i.IntermediateProofReplayer Proof replay took 7.4ns 
18945      DEBUG Thread-4        d.u.i.k.l.l.OriginTermLabel commonFileName is null! 
18945      DEBUG Thread-4        d.u.i.k.l.l.OriginTermLabel commonFileName is null! 
19206      DEBUG Thread-4        d.u.i.k.l.l.OriginTermLabel commonFileName is null! 
19207      DEBUG Thread-4        d.u.i.k.l.l.OriginTermLabel commonFileName is null! 
19428      DEBUG Thread-4        d.u.i.k.l.l.OriginTermLabel commonFileName is null! 
19628      INFO  main            d.u.i.k.p.r.p.TestFile    ... finished proof: closed. 
19802      INFO  main            d.u.i.k.p.i.AbstractProblemLoader Loading environment from /home/runner/work/key/key/key.core/../key.ui/examples/heap/comprehensions/sum0.key.proof 
19805      DEBUG main            d.u.i.k.p.i.AbstractProblemLoader Environment load took 2.88ms 
19812      INFO  main            d.u.i.k.p.i.AbstractProblemLoader Creating init config 
23349      DEBUG main            d.u.i.k.p.i.AbstractProblemLoader Init config took 3.54s 
23408      INFO  main            d.u.i.k.p.i.AbstractProblemLoader Replaying proof Sum[Sum::sum0([I)].JML normal_behavior operation contract.0 
23450      DEBUG main            d.u.i.k.l.l.OriginTermLabel commonFileName is null! 
23450      DEBUG main            d.u.i.k.l.l.OriginTermLabel commonFileName is null! 
23528      DEBUG main            d.u.i.k.l.l.OriginTermLabel commonFileName is null! 
23577      DEBUG main            d.u.i.k.l.l.OriginTermLabel commonFileName is null! 
23578      DEBUG main            d.u.i.k.l.l.OriginTermLabel commonFileName is null! 
23582      DEBUG main            d.u.i.k.p.i.IntermediateProofReplayer Proof replay took 168.2ms 
23584      DEBUG main            d.u.i.k.p.r.p.TestFile    ... success: reloaded. 
23586      INFO  main            d.u.i.k.p.r.p.TestFile    Now processing file /home/runner/work/key/key/key.core/../key.ui/examples/heap/comprehensions/sum1.key 
23587      INFO  main            d.u.i.k.p.i.AbstractProblemLoader Loading environment from /home/runner/work/key/key/key.core/../key.ui/examples/heap/comprehensions/sum1.key 
23587      DEBUG main            d.u.i.k.p.i.AbstractProblemLoader Environment load took 541.6ns 
23589      INFO  main            d.u.i.k.p.i.AbstractProblemLoader Creating init config 
27078      DEBUG main            d.u.i.k.p.i.AbstractProblemLoader Init config took 3.49s 
27134      INFO  main            d.u.i.k.p.i.AbstractProblemLoader Replaying proof Sum[Sum::sum1([I)].JML normal_behavior operation contract.0 
27136      DEBUG main            d.u.i.k.p.i.IntermediateProofReplayer Proof replay took 6.3ns 
27209      DEBUG Thread-7        d.u.i.k.l.l.OriginTermLabel commonFileName is null! 
27210      DEBUG Thread-7        d.u.i.k.l.l.OriginTermLabel commonFileName is null! 
27408      DEBUG Thread-7        d.u.i.k.l.l.OriginTermLabel commonFileName is null! 
27409      DEBUG Thread-7        d.u.i.k.l.l.OriginTermLabel commonFileName is null! 
27571      DEBUG Thread-7        d.u.i.k.l.l.OriginTermLabel commonFileName is null! 
27842      INFO  main            d.u.i.k.p.r.p.TestFile    ... finished proof: closed. 
28076      INFO  main            d.u.i.k.p.i.AbstractProblemLoader Loading environment from /home/runner/work/key/key/key.core/../key.ui/examples/heap/comprehensions/sum1.key.proof 
28077      DEBUG main            d.u.i.k.p.i.AbstractProblemLoader Environment load took 1.24ms 
28085      INFO  main            d.u.i.k.p.i.AbstractProblemLoader Creating init config 
31482      DEBUG main            d.u.i.k.p.i.AbstractProblemLoader Init config took 3.4s 
31560      INFO  main            d.u.i.k.p.i.AbstractProblemLoader Replaying proof Sum[Sum::sum1([I)].JML normal_behavior operation contract.0 
31637      DEBUG main            d.u.i.k.l.l.OriginTermLabel commonFileName is null! 
31637      DEBUG main            d.u.i.k.l.l.OriginTermLabel commonFileName is null! 
31711      DEBUG main            d.u.i.k.l.l.OriginTermLabel commonFileName is null! 
31769      DEBUG main            d.u.i.k.l.l.OriginTermLabel commonFileName is null! 
31770      DEBUG main            d.u.i.k.l.l.OriginTermLabel commonFileName is null! 
31774      DEBUG main            d.u.i.k.p.i.IntermediateProofReplayer Proof replay took 202.91ms 
31776      DEBUG main            d.u.i.k.p.r.p.TestFile    ... success: reloaded. 
31777      INFO  main            d.u.i.k.p.r.p.TestFile    Now processing file /home/runner/work/key/key/key.core/../key.ui/examples/heap/comprehensions/sum2.key 
31778      INFO  main            d.u.i.k.p.i.AbstractProblemLoader Loading environment from /home/runner/work/key/key/key.core/../key.ui/examples/heap/comprehensions/sum2.key 
31778      DEBUG main            d.u.i.k.p.i.AbstractProblemLoader Environment load took 189.5ns 
31779      INFO  main            d.u.i.k.p.i.AbstractProblemLoader Creating init config 
35208      DEBUG main            d.u.i.k.p.i.AbstractProblemLoader Init config took 3.43s 
35268      INFO  main            d.u.i.k.p.i.AbstractProblemLoader Replaying proof Sum[Sum::sum2([I)].JML normal_behavior operation contract.0 
35271      DEBUG main            d.u.i.k.p.i.IntermediateProofReplayer Proof replay took 6.6ns 
35328      DEBUG Thread-10       d.u.i.k.l.l.OriginTermLabel commonFileName is null! 
35328      DEBUG Thread-10       d.u.i.k.l.l.OriginTermLabel commonFileName is null! 
35471      DEBUG Thread-10       d.u.i.k.l.l.OriginTermLabel commonFileName is null! 
35472      DEBUG Thread-10       d.u.i.k.l.l.OriginTermLabel commonFileName is null! 
35573      DEBUG Thread-10       d.u.i.k.l.l.OriginTermLabel commonFileName is null! 
35775      INFO  main            d.u.i.k.p.r.p.TestFile    ... finished proof: closed. 
36010      INFO  main            d.u.i.k.p.i.AbstractProblemLoader Loading environment from /home/runner/work/key/key/key.core/../key.ui/examples/heap/comprehensions/sum2.key.proof 
36010      DEBUG main            d.u.i.k.p.i.AbstractProblemLoader Environment load took 147.6ns 
36011      INFO  main            d.u.i.k.p.i.AbstractProblemLoader Creating init config 
39491      DEBUG main            d.u.i.k.p.i.AbstractProblemLoader Init config took 3.48s 
39544      INFO  main            d.u.i.k.p.i.AbstractProblemLoader Replaying proof Sum[Sum::sum2([I)].JML normal_behavior operation contract.0 
39580      DEBUG main            d.u.i.k.l.l.OriginTermLabel commonFileName is null! 
39580      DEBUG main            d.u.i.k.l.l.OriginTermLabel commonFileName is null! 
39633      DEBUG main            d.u.i.k.l.l.OriginTermLabel commonFileName is null! 
39668      DEBUG main            d.u.i.k.l.l.OriginTermLabel commonFileName is null! 
39668      DEBUG main            d.u.i.k.l.l.OriginTermLabel commonFileName is null! 
39671      DEBUG main            d.u.i.k.p.i.IntermediateProofReplayer Proof replay took 122.75ms 
39673      DEBUG main            d.u.i.k.p.r.p.TestFile    ... success: reloaded. 
39674      INFO  main            d.u.i.k.p.r.p.TestFile    Now processing file /home/runner/work/key/key/key.core/../key.ui/examples/heap/comprehensions/sum3.key 
39675      INFO  main            d.u.i.k.p.i.AbstractProblemLoader Loading environment from /home/runner/work/key/key/key.core/../key.ui/examples/heap/comprehensions/sum3.key 
39675      DEBUG main            d.u.i.k.p.i.AbstractProblemLoader Environment load took 605.41ns 
39677      INFO  main            d.u.i.k.p.i.AbstractProblemLoader Creating init config 
42999      DEBUG main            d.u.i.k.p.i.AbstractProblemLoader Init config took 3.32s 
43052      INFO  main            d.u.i.k.p.i.AbstractProblemLoader Replaying proof Sum[Sum::sum3([I)].JML normal_behavior operation contract.0 
43054      DEBUG main            d.u.i.k.p.i.IntermediateProofReplayer Proof replay took 7.7ns 
43118      DEBUG Thread-13       d.u.i.k.l.l.OriginTermLabel commonFileName is null! 
43124      DEBUG Thread-13       d.u.i.k.l.l.OriginTermLabel commonFileName is null! 
43294      DEBUG Thread-13       d.u.i.k.l.l.OriginTermLabel commonFileName is null! 
43295      DEBUG Thread-13       d.u.i.k.l.l.OriginTermLabel commonFileName is null! 
43401      DEBUG Thread-13       d.u.i.k.l.l.OriginTermLabel commonFileName is null! 
43562      INFO  main            d.u.i.k.p.r.p.TestFile    ... finished proof: closed. 
43771      INFO  main            d.u.i.k.p.i.AbstractProblemLoader Loading environment from /home/runner/work/key/key/key.core/../key.ui/examples/heap/comprehensions/sum3.key.proof 
43771      DEBUG main            d.u.i.k.p.i.AbstractProblemLoader Environment load took 157.31ns 
43776      INFO  main            d.u.i.k.p.i.AbstractProblemLoader Creating init config 
47038      DEBUG main            d.u.i.k.p.i.AbstractProblemLoader Init config took 3.26s 
47088      INFO  main            d.u.i.k.p.i.AbstractProblemLoader Replaying proof Sum[Sum::sum3([I)].JML normal_behavior operation contract.0 
47121      DEBUG main            d.u.i.k.l.l.OriginTermLabel commonFileName is null! 
47121      DEBUG main            d.u.i.k.l.l.OriginTermLabel commonFileName is null! 
47170      DEBUG main            d.u.i.k.l.l.OriginTermLabel commonFileName is null! 
47214      DEBUG main            d.u.i.k.l.l.OriginTermLabel commonFileName is null! 
47215      DEBUG main            d.u.i.k.l.l.OriginTermLabel commonFileName is null! 
47224      DEBUG main            d.u.i.k.p.i.IntermediateProofReplayer Proof replay took 131.97ms 
47225      DEBUG main            d.u.i.k.p.r.p.TestFile    ... success: reloaded. 
47227      INFO  main            d.u.i.k.p.r.p.TestFile    Now processing file /home/runner/work/key/key/key.core/../key.ui/examples/heap/comprehensions/segsum.key 
47228      INFO  main            d.u.i.k.p.i.AbstractProblemLoader Loading environment from /home/runner/work/key/key/key.core/../key.ui/examples/heap/comprehensions/segsum.key 
47228      DEBUG main            d.u.i.k.p.i.AbstractProblemLoader Environment load took 166.71ns 
47231      INFO  main            d.u.i.k.p.i.AbstractProblemLoader Creating init config 
50569      DEBUG main            d.u.i.k.p.i.AbstractProblemLoader Init config took 3.34s 
50622      INFO  main            d.u.i.k.p.i.AbstractProblemLoader Replaying proof SegSum[SegSum::segSum([I,int,int)].JML normal_behavior operation contract.0 
50624      DEBUG main            d.u.i.k.p.i.IntermediateProofReplayer Proof replay took 16.8ns 
51228      INFO  main            d.u.i.k.p.r.p.TestFile    ... finished proof: closed. 
51446      INFO  main            d.u.i.k.p.i.AbstractProblemLoader Loading environment from /home/runner/work/key/key/key.core/../key.ui/examples/heap/comprehensions/segsum.key.proof 
51449      DEBUG main            d.u.i.k.p.i.AbstractProblemLoader Environment load took 2.98ms 
51451      INFO  main            d.u.i.k.p.i.AbstractProblemLoader Creating init config 
54697      DEBUG main            d.u.i.k.p.i.AbstractProblemLoader Init config took 3.25s 
54749      INFO  main            d.u.i.k.p.i.AbstractProblemLoader Replaying proof SegSum[SegSum::segSum([I,int,int)].JML normal_behavior operation contract.0 
54868      DEBUG main            d.u.i.k.p.i.IntermediateProofReplayer Proof replay took 112.87ms 
54870      DEBUG main            d.u.i.k.p.r.p.TestFile    ... success: reloaded. 
54872      INFO  main            d.u.i.k.p.r.p.TestFile    Now processing file /home/runner/work/key/key/key.core/../key.ui/examples/heap/comprehensions/bsum_negative.key 
54873      INFO  main            d.u.i.k.p.i.AbstractProblemLoader Loading environment from /home/runner/work/key/key/key.core/../key.ui/examples/heap/comprehensions/bsum_negative.key 
54874      DEBUG main            d.u.i.k.p.i.AbstractProblemLoader Environment load took 1.09ms 
54876      INFO  main            d.u.i.k.p.i.AbstractProblemLoader Creating init config 
58068      DEBUG main            d.u.i.k.p.i.AbstractProblemLoader Init config took 3.19s 
58094      INFO  main            d.u.i.k.p.i.AbstractProblemLoader Replaying proof bsum_negative.key 
58097      DEBUG main            d.u.i.k.p.i.IntermediateProofReplayer Proof replay took 7.6ns 
58202      INFO  main            d.u.i.k.p.r.p.TestFile    ... finished proof: closed. 
58437      INFO  main            d.u.i.k.p.i.AbstractProblemLoader Loading environment from /home/runner/work/key/key/key.core/../key.ui/examples/heap/comprehensions/bsum_negative.key.proof 
58438      DEBUG main            d.u.i.k.p.i.AbstractProblemLoader Environment load took 167.39ns 
58439      INFO  main            d.u.i.k.p.i.AbstractProblemLoader Creating init config 
61476      DEBUG main            d.u.i.k.p.i.AbstractProblemLoader Init config took 3.04s 
61507      INFO  main            d.u.i.k.p.i.AbstractProblemLoader Replaying proof bsum_negative.key.proof 
61513      DEBUG main            d.u.i.k.p.i.IntermediateProofReplayer Proof replay took 2.44ms 
61514      DEBUG main            d.u.i.k.p.r.p.TestFile    ... success: reloaded. 
61515      INFO  main            d.u.i.k.p.r.p.TestFile    Now processing file /home/runner/work/key/key/key.core/../key.ui/examples/heap/comprehensions/bsum_neg2.key 
61516      INFO  main            d.u.i.k.p.i.AbstractProblemLoader Loading environment from /home/runner/work/key/key/key.core/../key.ui/examples/heap/comprehensions/bsum_neg2.key 
61516      DEBUG main            d.u.i.k.p.i.AbstractProblemLoader Environment load took 380.7ns 
61522      INFO  main            d.u.i.k.p.i.AbstractProblemLoader Creating init config 
64695      DEBUG main            d.u.i.k.p.i.AbstractProblemLoader Init config took 3.17s 
64718      INFO  main            d.u.i.k.p.i.AbstractProblemLoader Replaying proof bsum_neg2.key 
64721      DEBUG main            d.u.i.k.p.i.IntermediateProofReplayer Proof replay took 8.7ns 
64824      INFO  main            d.u.i.k.p.r.p.TestFile    ... finished proof: closed. 
65043      INFO  main            d.u.i.k.p.i.AbstractProblemLoader Loading environment from /home/runner/work/key/key/key.core/../key.ui/examples/heap/comprehensions/bsum_neg2.key.proof 
65043      DEBUG main            d.u.i.k.p.i.AbstractProblemLoader Environment load took 153.7ns 
65046      INFO  main            d.u.i.k.p.i.AbstractProblemLoader Creating init config 
68087      DEBUG main            d.u.i.k.p.i.AbstractProblemLoader Init config took 3.04s 
68112      INFO  main            d.u.i.k.p.i.AbstractProblemLoader Replaying proof bsum_neg2.key.proof 
68115      DEBUG main            d.u.i.k.p.i.IntermediateProofReplayer Proof replay took 1.14ms 
68116      DEBUG main            d.u.i.k.p.r.p.TestFile    ... success: reloaded. 
68117      INFO  main            d.u.i.k.p.r.p.TestFile    Now processing file /home/runner/work/key/key/key.core/../key.ui/examples/heap/comprehensions/bsumSplit.key 
68117      INFO  main            d.u.i.k.p.i.AbstractProblemLoader Loading environment from /home/runner/work/key/key/key.core/../key.ui/examples/heap/comprehensions/bsumSplit.key 
68117      DEBUG main            d.u.i.k.p.i.AbstractProblemLoader Environment load took 159.61ns 
68118      INFO  main            d.u.i.k.p.i.AbstractProblemLoader Creating init config 
71220      DEBUG main            d.u.i.k.p.i.AbstractProblemLoader Init config took 3.1s 
71241      INFO  main            d.u.i.k.p.i.AbstractProblemLoader Replaying proof bsumSplit.key 
71243      DEBUG main            d.u.i.k.p.i.IntermediateProofReplayer Proof replay took 8.3ns 
71345      INFO  main            d.u.i.k.p.r.p.TestFile    ... finished proof: closed. 
71635      INFO  main            d.u.i.k.p.i.AbstractProblemLoader Loading environment from /home/runner/work/key/key/key.core/../key.ui/examples/heap/comprehensions/bsumSplit.key.proof 
71637      DEBUG main            d.u.i.k.p.i.AbstractProblemLoader Environment load took 2.71ms 
71641      INFO  main            d.u.i.k.p.i.AbstractProblemLoader Creating init config 
74773      DEBUG main            d.u.i.k.p.i.AbstractProblemLoader Init config took 3.13s 
74794      INFO  main            d.u.i.k.p.i.AbstractProblemLoader Replaying proof bsumSplit.key.proof 
74805      DEBUG main            d.u.i.k.p.i.IntermediateProofReplayer Proof replay took 8.12ms 
74806      DEBUG main            d.u.i.k.p.r.p.TestFile    ... success: reloaded. 
74807      INFO  main            d.u.i.k.p.r.p.TestFile    Now processing file /home/runner/work/key/key/key.core/../key.ui/examples/heap/comprehensions/bprodSplit.key 
74808      INFO  main            d.u.i.k.p.i.AbstractProblemLoader Loading environment from /home/runner/work/key/key/key.core/../key.ui/examples/heap/comprehensions/bprodSplit.key 
74808      DEBUG main            d.u.i.k.p.i.AbstractProblemLoader Environment load took 810.13ns 
74810      INFO  main            d.u.i.k.p.i.AbstractProblemLoader Creating init config 
77888      DEBUG main            d.u.i.k.p.i.AbstractProblemLoader Init config took 3.08s 
77932      INFO  main            d.u.i.k.p.i.AbstractProblemLoader Replaying proof bprodSplit.key 
77935      DEBUG main            d.u.i.k.p.i.IntermediateProofReplayer Proof replay took 8.8ns 
78037      INFO  main            d.u.i.k.p.r.p.TestFile    ... finished proof: closed. 
78290      INFO  main            d.u.i.k.p.i.AbstractProblemLoader Loading environment from /home/runner/work/key/key/key.core/../key.ui/examples/heap/comprehensions/bprodSplit.key.proof 
78290      DEBUG main            d.u.i.k.p.i.AbstractProblemLoader Environment load took 135.7ns 
78294      INFO  main            d.u.i.k.p.i.AbstractProblemLoader Creating init config 
81397      DEBUG main            d.u.i.k.p.i.AbstractProblemLoader Init config took 3.1s 
81417      INFO  main            d.u.i.k.p.i.AbstractProblemLoader Replaying proof bprodSplit.key.proof 
81422      DEBUG main            d.u.i.k.p.i.IntermediateProofReplayer Proof replay took 3.34ms 
81423      DEBUG main            d.u.i.k.p.r.p.TestFile    ... success: reloaded. 
81424      INFO  main            d.u.i.k.p.r.p.TestFile    Now processing file /home/runner/work/key/key/key.core/../key.ui/examples/heap/comprehensions/bsumSplitInvalid.key 
81424      INFO  main            d.u.i.k.p.i.AbstractProblemLoader Loading environment from /home/runner/work/key/key/key.core/../key.ui/examples/heap/comprehensions/bsumSplitInvalid.key 
81424      DEBUG main            d.u.i.k.p.i.AbstractProblemLoader Environment load took 77.9ns 
81426      INFO  main            d.u.i.k.p.i.AbstractProblemLoader Creating init config 
84524      DEBUG main            d.u.i.k.p.i.AbstractProblemLoader Init config took 3.1s 
84543      INFO  main            d.u.i.k.p.i.AbstractProblemLoader Replaying proof bsumSplitInvalid.key 
84544      DEBUG main            d.u.i.k.p.i.IntermediateProofReplayer Proof replay took 9.2ns 
84647      INFO  main            d.u.i.k.p.r.p.TestFile    ... finished proof: open goal(s) 
193968     INFO  Test worker     d.u.i.k.p.r.RunAllProofsTestUnit Returning from test comprehensions 
193974     INFO  Test worker     d.u.i.k.p.r.RunAllProofsTestUnit Running test performance 
515        INFO  Timeout watchdog d.u.i.k.p.r.p.ForkedTestFileRunner Timeout watcher launched (2000 secs.) 
539        WARN  main            d.u.i.k.s.ProofSettings   The settings in /home/runner/.key/proof-settings.props are *not* read. 
596        INFO  main            d.u.i.k.p.r.p.TestFile    Now processing file /home/runner/work/key/key/key.core/../key.ui/examples/performance-test/Disjoint(Disjoint__disjoint_08()).JML_operation_contract.0.key 
755        INFO  main            d.u.i.k.p.i.AbstractProblemLoader Loading environment from /home/runner/work/key/key/key.core/../key.ui/examples/performance-test/Disjoint(Disjoint__disjoint_08()).JML_operation_contract.0.key 
781        DEBUG main            d.u.i.k.p.i.AbstractProblemLoader Environment load took 3.11ms 
1074       INFO  main            d.u.i.k.p.i.AbstractProblemLoader Creating init config 
2350       DEBUG main            d.u.i.k.j.TypeConverter   No LDT found for Meta 
2351       DEBUG main            d.u.i.k.j.TypeConverter   No LDT found for Meta 
2352       DEBUG main            d.u.i.k.j.TypeConverter   No LDT found for Meta 
2353       DEBUG main            d.u.i.k.j.TypeConverter   No LDT found for Meta 
4362       DEBUG main            d.u.i.k.j.TypeConverter   No LDT found for JavaBigintExpression 
11529      DEBUG main            d.u.i.k.j.r.ClassPreparationMethodBuilder clPrepBuilder: Inner Class detected. Reject building class initialisation methods. 
22093      DEBUG main            d.u.i.k.p.i.AbstractProblemLoader Init config took 21.02s 
22357      INFO  main            d.u.i.k.p.i.AbstractProblemLoader Replaying proof Disjoint[Disjoint::disjoint_8()].JML operation contract.0 
22457      DEBUG main            d.u.i.k.p.i.IntermediateProofReplayer Proof replay took 430.21ns 
25816      INFO  main            d.u.i.k.p.r.p.TestFile    ... finished proof: closed. 
26092      INFO  main            d.u.i.k.p.i.AbstractProblemLoader Loading environment from /home/runner/work/key/key/key.core/../key.ui/examples/performance-test/Disjoint(Disjoint__disjoint_08()).JML_operation_contract.0.key.proof 
26097      DEBUG main            d.u.i.k.p.i.AbstractProblemLoader Environment load took 5.47ms 
26100      INFO  main            d.u.i.k.p.i.AbstractProblemLoader Creating init config 
30359      DEBUG main            d.u.i.k.j.r.ClassPreparationMethodBuilder clPrepBuilder: Inner Class detected. Reject building class initialisation methods. 
39878      DEBUG main            d.u.i.k.p.i.AbstractProblemLoader Init config took 13.78s 
40043      INFO  main            d.u.i.k.p.i.AbstractProblemLoader Replaying proof Disjoint[Disjoint::disjoint_8()].JML operation contract.0 
40609      DEBUG main            d.u.i.k.p.i.IntermediateProofReplayer Proof replay took 538.77ms 
40628      DEBUG main            d.u.i.k.p.r.p.TestFile    ... success: reloaded. 
40633      INFO  main            d.u.i.k.p.r.p.TestFile    Now processing file /home/runner/work/key/key/key.core/../key.ui/examples/performance-test/Disjoint(Disjoint__disjoint2_08()).JML_operation_contract.0.key 
40634      INFO  main            d.u.i.k.p.i.AbstractProblemLoader Loading environment from /home/runner/work/key/key/key.core/../key.ui/examples/performance-test/Disjoint(Disjoint__disjoint2_08()).JML_operation_contract.0.key 
40634      DEBUG main            d.u.i.k.p.i.AbstractProblemLoader Environment load took 475.11ns 
40637      INFO  main            d.u.i.k.p.i.AbstractProblemLoader Creating init config 
44760      DEBUG main            d.u.i.k.j.r.ClassPreparationMethodBuilder clPrepBuilder: Inner Class detected. Reject building class initialisation methods. 
54274      DEBUG main            d.u.i.k.p.i.AbstractProblemLoader Init config took 13.64s 
54420      INFO  main            d.u.i.k.p.i.AbstractProblemLoader Replaying proof Disjoint[Disjoint::disjoint2_8()].JML operation contract.0 
54425      DEBUG main            d.u.i.k.p.i.IntermediateProofReplayer Proof replay took 28.7ns 
55832      INFO  main            d.u.i.k.p.r.p.TestFile    ... finished proof: closed. 
56232      INFO  main            d.u.i.k.p.i.AbstractProblemLoader Loading environment from /home/runner/work/key/key/key.core/../key.ui/examples/performance-test/Disjoint(Disjoint__disjoint2_08()).JML_operation_contract.0.key.proof 
56234      DEBUG main            d.u.i.k.p.i.AbstractProblemLoader Environment load took 2.22ms 
56238      INFO  main            d.u.i.k.p.i.AbstractProblemLoader Creating init config 
60359      DEBUG main            d.u.i.k.j.r.ClassPreparationMethodBuilder clPrepBuilder: Inner Class detected. Reject building class initialisation methods. 
69428      DEBUG main            d.u.i.k.p.i.AbstractProblemLoader Init config took 13.19s 
69559      INFO  main            d.u.i.k.p.i.AbstractProblemLoader Replaying proof Disjoint[Disjoint::disjoint2_8()].JML operation contract.0 
69693      DEBUG main            d.u.i.k.p.i.IntermediateProofReplayer Proof replay took 128.62ms 
69698      DEBUG main            d.u.i.k.p.r.p.TestFile    ... success: reloaded. 
69705      INFO  main            d.u.i.k.p.r.p.TestFile    Now processing file /home/runner/work/key/key/key.core/../key.ui/examples/performance-test/AccessChain1(AccessChain1__foo_08()).JML_operation_contract.0.key 
69706      INFO  main            d.u.i.k.p.i.AbstractProblemLoader Loading environment from /home/runner/work/key/key/key.core/../key.ui/examples/performance-test/AccessChain1(AccessChain1__foo_08()).JML_operation_contract.0.key 
69707      DEBUG main            d.u.i.k.p.i.AbstractProblemLoader Environment load took 1.27ms 
69710      INFO  main            d.u.i.k.p.i.AbstractProblemLoader Creating init config 
73757      DEBUG main            d.u.i.k.j.r.ClassPreparationMethodBuilder clPrepBuilder: Inner Class detected. Reject building class initialisation methods. 
82770      DEBUG main            d.u.i.k.p.i.AbstractProblemLoader Init config took 13.06s 
82895      INFO  main            d.u.i.k.p.i.AbstractProblemLoader Replaying proof AccessChain1[AccessChain1::foo_8()].JML operation contract.0 
82898      DEBUG main            d.u.i.k.p.i.IntermediateProofReplayer Proof replay took 10.8ns 
86649      INFO  main            d.u.i.k.p.r.p.TestFile    ... finished proof: closed. 
87194      INFO  main            d.u.i.k.p.i.AbstractProblemLoader Loading environment from /home/runner/work/key/key/key.core/../key.ui/examples/performance-test/AccessChain1(AccessChain1__foo_08()).JML_operation_contract.0.key.proof 
87195      DEBUG main            d.u.i.k.p.i.AbstractProblemLoader Environment load took 889.21ns 
87203      INFO  main            d.u.i.k.p.i.AbstractProblemLoader Creating init config 
91055      DEBUG main            d.u.i.k.j.r.ClassPreparationMethodBuilder clPrepBuilder: Inner Class detected. Reject building class initialisation methods. 
99992      DEBUG main            d.u.i.k.p.i.AbstractProblemLoader Init config took 12.79s 
100125     INFO  main            d.u.i.k.p.i.AbstractProblemLoader Replaying proof AccessChain1[AccessChain1::foo_8()].JML operation contract.0 
100855     DEBUG main            d.u.i.k.p.i.IntermediateProofReplayer Proof replay took 705.86ms 
100858     DEBUG main            d.u.i.k.p.r.p.TestFile    ... success: reloaded. 
100859     INFO  main            d.u.i.k.p.r.p.TestFile    Now processing file /home/runner/work/key/key/key.core/../key.ui/examples/performance-test/AccessChain4(AccessChain4__foo_08()).JML_operation_contract.0.key 
100860     INFO  main            d.u.i.k.p.i.AbstractProblemLoader Loading environment from /home/runner/work/key/key/key.core/../key.ui/examples/performance-test/AccessChain4(AccessChain4__foo_08()).JML_operation_contract.0.key 
100862     DEBUG main            d.u.i.k.p.i.AbstractProblemLoader Environment load took 90.9ns 
100863     INFO  main            d.u.i.k.p.i.AbstractProblemLoader Creating init config 
104850     DEBUG main            d.u.i.k.j.r.ClassPreparationMethodBuilder clPrepBuilder: Inner Class detected. Reject building class initialisation methods. 
113951     DEBUG main            d.u.i.k.p.i.AbstractProblemLoader Init config took 13.09s 
114078     INFO  main            d.u.i.k.p.i.AbstractProblemLoader Replaying proof AccessChain4[AccessChain4::foo_8()].JML operation contract.0 
114080     DEBUG main            d.u.i.k.p.i.IntermediateProofReplayer Proof replay took 22ns 
122917     INFO  main            d.u.i.k.p.r.p.TestFile    ... finished proof: closed. 
123398     INFO  main            d.u.i.k.p.i.AbstractProblemLoader Loading environment from /home/runner/work/key/key/key.core/../key.ui/examples/performance-test/AccessChain4(AccessChain4__foo_08()).JML_operation_contract.0.key.proof 
123408     DEBUG main            d.u.i.k.p.i.AbstractProblemLoader Environment load took 9.89ms 
123411     INFO  main            d.u.i.k.p.i.AbstractProblemLoader Creating init config 
127257     DEBUG main            d.u.i.k.j.r.ClassPreparationMethodBuilder clPrepBuilder: Inner Class detected. Reject building class initialisation methods. 
136289     DEBUG main            d.u.i.k.p.i.AbstractProblemLoader Init config took 12.88s 
136414     INFO  main            d.u.i.k.p.i.AbstractProblemLoader Replaying proof AccessChain4[AccessChain4::foo_8()].JML operation contract.0 
137801     DEBUG main            d.u.i.k.p.i.IntermediateProofReplayer Proof replay took 1.35s 
137805     DEBUG main            d.u.i.k.p.r.p.TestFile    ... success: reloaded. 
137807     INFO  main            d.u.i.k.p.r.p.TestFile    Now processing file /home/runner/work/key/key/key.core/../key.ui/examples/performance-test/Disjoint(Disjoint__xZero_08()).JML_operation_contract.0.key 
137808     INFO  main            d.u.i.k.p.i.AbstractProblemLoader Loading environment from /home/runner/work/key/key/key.core/../key.ui/examples/performance-test/Disjoint(Disjoint__xZero_08()).JML_operation_contract.0.key 
137808     DEBUG main            d.u.i.k.p.i.AbstractProblemLoader Environment load took 329.3ns 
137810     INFO  main            d.u.i.k.p.i.AbstractProblemLoader Creating init config 
141898     DEBUG main            d.u.i.k.j.r.ClassPreparationMethodBuilder clPrepBuilder: Inner Class detected. Reject building class initialisation methods. 
150903     DEBUG main            d.u.i.k.p.i.AbstractProblemLoader Init config took 13.09s 
151030     INFO  main            d.u.i.k.p.i.AbstractProblemLoader Replaying proof Disjoint[Disjoint::xZero_8()].JML operation contract.0 
151033     DEBUG main            d.u.i.k.p.i.IntermediateProofReplayer Proof replay took 11.5ns 
152443     INFO  main            d.u.i.k.p.r.p.TestFile    ... finished proof: closed. 
152946     INFO  main            d.u.i.k.p.i.AbstractProblemLoader Loading environment from /home/runner/work/key/key/key.core/../key.ui/examples/performance-test/Disjoint(Disjoint__xZero_08()).JML_operation_contract.0.key.proof 
152952     DEBUG main            d.u.i.k.p.i.AbstractProblemLoader Environment load took 6.7ms 
152954     INFO  main            d.u.i.k.p.i.AbstractProblemLoader Creating init config 
156775     DEBUG main            d.u.i.k.j.r.ClassPreparationMethodBuilder clPrepBuilder: Inner Class detected. Reject building class initialisation methods. 
165694     DEBUG main            d.u.i.k.p.i.AbstractProblemLoader Init config took 12.74s 
165828     INFO  main            d.u.i.k.p.i.AbstractProblemLoader Replaying proof Disjoint[Disjoint::xZero_8()].JML operation contract.0 
166154     DEBUG main            d.u.i.k.p.i.IntermediateProofReplayer Proof replay took 317.24ms 
166156     DEBUG main            d.u.i.k.p.r.p.TestFile    ... success: reloaded. 
166158     INFO  main            d.u.i.k.p.r.p.TestFile    Now processing file /home/runner/work/key/key/key.core/../key.ui/examples/performance-test/Dynamic(Dynamic__foo_08()).JML_operation_contract.0.key 
166158     INFO  main            d.u.i.k.p.i.AbstractProblemLoader Loading environment from /home/runner/work/key/key/key.core/../key.ui/examples/performance-test/Dynamic(Dynamic__foo_08()).JML_operation_contract.0.key 
166159     DEBUG main            d.u.i.k.p.i.AbstractProblemLoader Environment load took 140.3ns 
166160     INFO  main            d.u.i.k.p.i.AbstractProblemLoader Creating init config 
170102     DEBUG main            d.u.i.k.j.r.ClassPreparationMethodBuilder clPrepBuilder: Inner Class detected. Reject building class initialisation methods. 
179070     DEBUG main            d.u.i.k.p.i.AbstractProblemLoader Init config took 12.91s 
179198     INFO  main            d.u.i.k.p.i.AbstractProblemLoader Replaying proof Dynamic[Dynamic::foo_8()].JML operation contract.0 
179201     DEBUG main            d.u.i.k.p.i.IntermediateProofReplayer Proof replay took 13.1ns 
186936     INFO  main            d.u.i.k.p.r.p.TestFile    ... finished proof: closed. 
187479     INFO  main            d.u.i.k.p.i.AbstractProblemLoader Loading environment from /home/runner/work/key/key/key.core/../key.ui/examples/performance-test/Dynamic(Dynamic__foo_08()).JML_operation_contract.0.key.proof 
187481     DEBUG main            d.u.i.k.p.i.AbstractProblemLoader Environment load took 1.19ms 
187483     INFO  main            d.u.i.k.p.i.AbstractProblemLoader Creating init config 
191262     DEBUG main            d.u.i.k.j.r.ClassPreparationMethodBuilder clPrepBuilder: Inner Class detected. Reject building class initialisation methods. 
200205     DEBUG main            d.u.i.k.p.i.AbstractProblemLoader Init config took 12.72s 
200355     INFO  main            d.u.i.k.p.i.AbstractProblemLoader Replaying proof Dynamic[Dynamic::foo_8()].JML operation contract.0 
201160     DEBUG main            d.u.i.k.p.i.IntermediateProofReplayer Proof replay took 775.81ms 
201163     DEBUG main            d.u.i.k.p.r.p.TestFile    ... success: reloaded. 
201165     INFO  main            d.u.i.k.p.r.p.TestFile    Now processing file /home/runner/work/key/key/key.core/../key.ui/examples/performance-test/DynamicGhost(DynamicGhost__dynamicGhost_08()).JML_normal_behavior_operation_contract.0.key 
201166     INFO  main            d.u.i.k.p.i.AbstractProblemLoader Loading environment from /home/runner/work/key/key/key.core/../key.ui/examples/performance-test/DynamicGhost(DynamicGhost__dynamicGhost_08()).JML_normal_behavior_operation_contract.0.key 
201166     DEBUG main            d.u.i.k.p.i.AbstractProblemLoader Environment load took 408.7ns 
201168     INFO  main            d.u.i.k.p.i.AbstractProblemLoader Creating init config 
205117     DEBUG main            d.u.i.k.j.r.ClassPreparationMethodBuilder clPrepBuilder: Inner Class detected. Reject building class initialisation methods. 
214117     DEBUG main            d.u.i.k.p.i.AbstractProblemLoader Init config took 12.95s 
214238     INFO  main            d.u.i.k.p.i.AbstractProblemLoader Replaying proof DynamicGhost[DynamicGhost::dynamicGhost_8()].JML normal_behavior operation contract.0 
214241     DEBUG main            d.u.i.k.p.i.IntermediateProofReplayer Proof replay took 12.5ns 
220514     INFO  main            d.u.i.k.p.r.p.TestFile    ... finished proof: closed. 
221080     INFO  main            d.u.i.k.p.i.AbstractProblemLoader Loading environment from /home/runner/work/key/key/key.core/../key.ui/examples/performance-test/DynamicGhost(DynamicGhost__dynamicGhost_08()).JML_normal_behavior_operation_contract.0.key.proof 
221081     DEBUG main            d.u.i.k.p.i.AbstractProblemLoader Environment load took 713.81ns 
221084     INFO  main            d.u.i.k.p.i.AbstractProblemLoader Creating init config 
224867     DEBUG main            d.u.i.k.j.r.ClassPreparationMethodBuilder clPrepBuilder: Inner Class detected. Reject building class initialisation methods. 
233779     DEBUG main            d.u.i.k.p.i.AbstractProblemLoader Init config took 12.7s 
233929     INFO  main            d.u.i.k.p.i.AbstractProblemLoader Replaying proof DynamicGhost[DynamicGhost::dynamicGhost_8()].JML normal_behavior operation contract.0 
234716     DEBUG main            d.u.i.k.p.i.IntermediateProofReplayer Proof replay took 762.08ms 
234719     DEBUG main            d.u.i.k.p.r.p.TestFile    ... success: reloaded. 
234722     INFO  main            d.u.i.k.p.r.p.TestFile    Now processing file /home/runner/work/key/key/key.core/../key.ui/examples/performance-test/GhostFrame(GhostFrame__foo_08()).JML_operation_contract.0.key 
234722     INFO  main            d.u.i.k.p.i.AbstractProblemLoader Loading environment from /home/runner/work/key/key/key.core/../key.ui/examples/performance-test/GhostFrame(GhostFrame__foo_08()).JML_operation_contract.0.key 
234722     DEBUG main            d.u.i.k.p.i.AbstractProblemLoader Environment load took 380.3ns 
234724     INFO  main            d.u.i.k.p.i.AbstractProblemLoader Creating init config 
238730     DEBUG main            d.u.i.k.j.r.ClassPreparationMethodBuilder clPrepBuilder: Inner Class detected. Reject building class initialisation methods. 
247783     DEBUG main            d.u.i.k.p.i.AbstractProblemLoader Init config took 13.06s 
247906     INFO  main            d.u.i.k.p.i.AbstractProblemLoader Replaying proof GhostFrame[GhostFrame::foo_8()].JML operation contract.0 
247916     DEBUG main            d.u.i.k.p.i.IntermediateProofReplayer Proof replay took 17.9ns 
250726     INFO  main            d.u.i.k.p.r.p.TestFile    ... finished proof: closed. 
251292     INFO  main            d.u.i.k.p.i.AbstractProblemLoader Loading environment from /home/runner/work/key/key/key.core/../key.ui/examples/performance-test/GhostFrame(GhostFrame__foo_08()).JML_operation_contract.0.key.proof 
251293     DEBUG main            d.u.i.k.p.i.AbstractProblemLoader Environment load took 901.81ns 
251294     INFO  main            d.u.i.k.p.i.AbstractProblemLoader Creating init config 
255119     DEBUG main            d.u.i.k.j.r.ClassPreparationMethodBuilder clPrepBuilder: Inner Class detected. Reject building class initialisation methods. 
264041     DEBUG main            d.u.i.k.p.i.AbstractProblemLoader Init config took 12.75s 
264152     INFO  main            d.u.i.k.p.i.AbstractProblemLoader Replaying proof GhostFrame[GhostFrame::foo_8()].JML operation contract.0 
264691     DEBUG main            d.u.i.k.p.i.IntermediateProofReplayer Proof replay took 529.27ms 
264693     DEBUG main            d.u.i.k.p.r.p.TestFile    ... success: reloaded. 
264695     INFO  main            d.u.i.k.p.r.p.TestFile    Now processing file /home/runner/work/key/key/key.core/../key.ui/examples/performance-test/Modelfield(Modelfield__foo_08()).JML_operation_contract.0.key 
264695     INFO  main            d.u.i.k.p.i.AbstractProblemLoader Loading environment from /home/runner/work/key/key/key.core/../key.ui/examples/performance-test/Modelfield(Modelfield__foo_08()).JML_operation_contract.0.key 
264695     DEBUG main            d.u.i.k.p.i.AbstractProblemLoader Environment load took 140.6ns 
264696     INFO  main            d.u.i.k.p.i.AbstractProblemLoader Creating init config 
268606     DEBUG main            d.u.i.k.j.r.ClassPreparationMethodBuilder clPrepBuilder: Inner Class detected. Reject building class initialisation methods. 
277555     DEBUG main            d.u.i.k.p.i.AbstractProblemLoader Init config took 12.86s 
277667     INFO  main            d.u.i.k.p.i.AbstractProblemLoader Replaying proof Modelfield[Modelfield::foo_8()].JML operation contract.0 
277669     DEBUG main            d.u.i.k.p.i.IntermediateProofReplayer Proof replay took 7ns 
281881     INFO  main            d.u.i.k.p.r.p.TestFile    ... finished proof: closed. 
282477     INFO  main            d.u.i.k.p.i.AbstractProblemLoader Loading environment from /home/runner/work/key/key/key.core/../key.ui/examples/performance-test/Modelfield(Modelfield__foo_08()).JML_operation_contract.0.key.proof 
282477     DEBUG main            d.u.i.k.p.i.AbstractProblemLoader Environment load took 137.4ns 
282479     INFO  main            d.u.i.k.p.i.AbstractProblemLoader Creating init config 
286243     DEBUG main            d.u.i.k.j.r.ClassPreparationMethodBuilder clPrepBuilder: Inner Class detected. Reject building class initialisation methods. 
295058     DEBUG main            d.u.i.k.p.i.AbstractProblemLoader Init config took 12.58s 
295171     INFO  main            d.u.i.k.p.i.AbstractProblemLoader Replaying proof Modelfield[Modelfield::foo_8()].JML operation contract.0 
295786     DEBUG main            d.u.i.k.p.i.IntermediateProofReplayer Proof replay took 598.04ms 
295788     DEBUG main            d.u.i.k.p.r.p.TestFile    ... success: reloaded. 
489987     INFO  Test worker     d.u.i.k.p.r.RunAllProofsTestUnit Returning from test performance 
489992     INFO  Test worker     d.u.i.k.p.r.RunAllProofsTestUnit Running test performancePOConstruction 
476        INFO  Timeout watchdog d.u.i.k.p.r.p.ForkedTestFileRunner Timeout watcher launched (2000 secs.) 
493        WARN  main            d.u.i.k.s.ProofSettings   The settings in /home/runner/.key/proof-settings.props are *not* read. 
557        INFO  main            d.u.i.k.p.r.p.TestFile    Now processing file /home/runner/work/key/key/key.core/../key.ui/examples/performance-test/Test(Test__a0(int)).JML_normal_behavior_operation_contract.0.key 
713        INFO  main            d.u.i.k.p.i.AbstractProblemLoader Loading environment from /home/runner/work/key/key/key.core/../key.ui/examples/performance-test/Test(Test__a0(int)).JML_normal_behavior_operation_contract.0.key 
733        DEBUG main            d.u.i.k.p.i.AbstractProblemLoader Environment load took 2.58ms 
1018       INFO  main            d.u.i.k.p.i.AbstractProblemLoader Creating init config 
2568       DEBUG main            d.u.i.k.j.TypeConverter   No LDT found for Meta 
2573       DEBUG main            d.u.i.k.j.TypeConverter   No LDT found for Meta 
2583       DEBUG main            d.u.i.k.j.TypeConverter   No LDT found for Meta 
2583       DEBUG main            d.u.i.k.j.TypeConverter   No LDT found for Meta 
4719       DEBUG main            d.u.i.k.j.TypeConverter   No LDT found for JavaBigintExpression 
12660      DEBUG main            d.u.i.k.j.r.ClassPreparationMethodBuilder clPrepBuilder: Inner Class detected. Reject building class initialisation methods. 
23784      DEBUG main            d.u.i.k.p.i.AbstractProblemLoader Init config took 22.77s 
25331      INFO  main            d.u.i.k.p.i.AbstractProblemLoader Replaying proof Test[Test::a0(int)].JML normal_behavior operation contract.0 
25445      DEBUG main            d.u.i.k.p.i.IntermediateProofReplayer Proof replay took 41.7ns 
25922      INFO  main            d.u.i.k.p.r.p.TestFile    ... finished proof: closed. 
26133      INFO  main            d.u.i.k.p.i.AbstractProblemLoader Loading environment from /home/runner/work/key/key/key.core/../key.ui/examples/performance-test/Test(Test__a0(int)).JML_normal_behavior_operation_contract.0.key.proof 
26139      DEBUG main            d.u.i.k.p.i.AbstractProblemLoader Environment load took 6.11ms 
26141      INFO  main            d.u.i.k.p.i.AbstractProblemLoader Creating init config 
30677      DEBUG main            d.u.i.k.j.r.ClassPreparationMethodBuilder clPrepBuilder: Inner Class detected. Reject building class initialisation methods. 
40673      DEBUG main            d.u.i.k.p.i.AbstractProblemLoader Init config took 14.53s 
41993      INFO  main            d.u.i.k.p.i.AbstractProblemLoader Replaying proof Test[Test::a0(int)].JML normal_behavior operation contract.0 
42025      DEBUG main            d.u.i.k.p.i.IntermediateProofReplayer Proof replay took 26.1ms 
42034      DEBUG main            d.u.i.k.p.r.p.TestFile    ... success: reloaded. 
42036      INFO  main            d.u.i.k.p.r.p.TestFile    Now processing file /home/runner/work/key/key/key.core/../key.ui/examples/performance-test/Test(Test__a1(int)).JML_normal_behavior_operation_contract.0.key 
42037      INFO  main            d.u.i.k.p.i.AbstractProblemLoader Loading environment from /home/runner/work/key/key/key.core/../key.ui/examples/performance-test/Test(Test__a1(int)).JML_normal_behavior_operation_contract.0.key 
42037      DEBUG main            d.u.i.k.p.i.AbstractProblemLoader Environment load took 354.1ns 
42039      INFO  main            d.u.i.k.p.i.AbstractProblemLoader Creating init config 
46234      DEBUG main            d.u.i.k.j.r.ClassPreparationMethodBuilder clPrepBuilder: Inner Class detected. Reject building class initialisation methods. 
55670      DEBUG main            d.u.i.k.p.i.AbstractProblemLoader Init config took 13.63s 
56997      INFO  main            d.u.i.k.p.i.AbstractProblemLoader Replaying proof Test[Test::a1(int)].JML normal_behavior operation contract.0 
57009      DEBUG main            d.u.i.k.p.i.IntermediateProofReplayer Proof replay took 8.9ns 
57414      INFO  main            d.u.i.k.p.r.p.TestFile    ... finished proof: closed. 
57802      INFO  main            d.u.i.k.p.i.AbstractProblemLoader Loading environment from /home/runner/work/key/key/key.core/../key.ui/examples/performance-test/Test(Test__a1(int)).JML_normal_behavior_operation_contract.0.key.proof 
57804      DEBUG main            d.u.i.k.p.i.AbstractProblemLoader Environment load took 1.91ms 
57807      INFO  main            d.u.i.k.p.i.AbstractProblemLoader Creating init config 
61972      DEBUG main            d.u.i.k.j.r.ClassPreparationMethodBuilder clPrepBuilder: Inner Class detected. Reject building class initialisation methods. 
71148      DEBUG main            d.u.i.k.p.i.AbstractProblemLoader Init config took 13.34s 
72469      INFO  main            d.u.i.k.p.i.AbstractProblemLoader Replaying proof Test[Test::a1(int)].JML normal_behavior operation contract.0 
72610      DEBUG main            d.u.i.k.p.i.IntermediateProofReplayer Proof replay took 133.05ms 
72616      DEBUG main            d.u.i.k.p.r.p.TestFile    ... success: reloaded. 
72620      INFO  main            d.u.i.k.p.r.p.TestFile    Now processing file /home/runner/work/key/key/key.core/../key.ui/examples/performance-test/Test(Test__f1(int)).JML_normal_behavior_operation_contract.0.key 
72620      INFO  main            d.u.i.k.p.i.AbstractProblemLoader Loading environment from /home/runner/work/key/key/key.core/../key.ui/examples/performance-test/Test(Test__f1(int)).JML_normal_behavior_operation_contract.0.key 
72621      DEBUG main            d.u.i.k.p.i.AbstractProblemLoader Environment load took 289.2ns 
72625      INFO  main            d.u.i.k.p.i.AbstractProblemLoader Creating init config 
76737      DEBUG main            d.u.i.k.j.r.ClassPreparationMethodBuilder clPrepBuilder: Inner Class detected. Reject building class initialisation methods. 
86016      DEBUG main            d.u.i.k.p.i.AbstractProblemLoader Init config took 13.39s 
87341      INFO  main            d.u.i.k.p.i.AbstractProblemLoader Replaying proof Test[Test::f1(int)].JML normal_behavior operation contract.0 
87343      DEBUG main            d.u.i.k.p.i.IntermediateProofReplayer Proof replay took 6.3ns 
87654      INFO  main            d.u.i.k.p.r.p.TestFile    ... finished proof: closed. 
88045      INFO  main            d.u.i.k.p.i.AbstractProblemLoader Loading environment from /home/runner/work/key/key/key.core/../key.ui/examples/performance-test/Test(Test__f1(int)).JML_normal_behavior_operation_contract.0.key.proof 
88046      DEBUG main            d.u.i.k.p.i.AbstractProblemLoader Environment load took 624ns 
88056      INFO  main            d.u.i.k.p.i.AbstractProblemLoader Creating init config 
92161      DEBUG main            d.u.i.k.j.r.ClassPreparationMethodBuilder clPrepBuilder: Inner Class detected. Reject building class initialisation methods. 
101238     DEBUG main            d.u.i.k.p.i.AbstractProblemLoader Init config took 13.18s 
102530     INFO  main            d.u.i.k.p.i.AbstractProblemLoader Replaying proof Test[Test::f1(int)].JML normal_behavior operation contract.0 
102593     DEBUG main            d.u.i.k.p.i.IntermediateProofReplayer Proof replay took 58.93ms 
102594     DEBUG main            d.u.i.k.p.r.p.TestFile    ... success: reloaded. 
592809     INFO  Test worker     d.u.i.k.p.r.RunAllProofsTestUnit Returning from test performancePOConstruction 
592811     INFO  Test worker     d.u.i.k.p.r.RunAllProofsTestUnit Running test applicationRestrictions 
481        INFO  Timeout watchdog d.u.i.k.p.r.p.ForkedTestFileRunner Timeout watcher launched (2000 secs.) 
504        WARN  main            d.u.i.k.s.ProofSettings   The settings in /home/runner/.key/proof-settings.props are *not* read. 
546        INFO  main            d.u.i.k.p.r.p.TestFile    Now processing file /home/runner/work/key/key/key.core/../key.ui/examples/heap/polarity_tests/wellformed1.key 
697        INFO  main            d.u.i.k.p.i.AbstractProblemLoader Loading environment from /home/runner/work/key/key/key.core/../key.ui/examples/heap/polarity_tests/wellformed1.key 
720        DEBUG main            d.u.i.k.p.i.AbstractProblemLoader Environment load took 2.65ms 
1042       INFO  main            d.u.i.k.p.i.AbstractProblemLoader Creating init config 
2396       DEBUG main            d.u.i.k.j.TypeConverter   No LDT found for Meta 
2397       DEBUG main            d.u.i.k.j.TypeConverter   No LDT found for Meta 
2401       DEBUG main            d.u.i.k.j.TypeConverter   No LDT found for Meta 
2402       DEBUG main            d.u.i.k.j.TypeConverter   No LDT found for Meta 
4075       DEBUG main            d.u.i.k.j.TypeConverter   No LDT found for JavaBigintExpression 
10410      DEBUG main            d.u.i.k.p.i.AbstractProblemLoader Init config took 9.37s 
10499      INFO  main            d.u.i.k.p.i.AbstractProblemLoader Replaying proof wellformed1.key 
10552      DEBUG main            d.u.i.k.p.i.IntermediateProofReplayer Proof replay took 40.7ns 
10749      INFO  main            d.u.i.k.p.r.p.TestFile    ... finished proof: closed. 
10870      INFO  main            d.u.i.k.p.i.AbstractProblemLoader Loading environment from /home/runner/work/key/key/key.core/../key.ui/examples/heap/polarity_tests/wellformed1.key.proof 
10872      DEBUG main            d.u.i.k.p.i.AbstractProblemLoader Environment load took 2.07ms 
10877      INFO  main            d.u.i.k.p.i.AbstractProblemLoader Creating init config 
14542      DEBUG main            d.u.i.k.p.i.AbstractProblemLoader Init config took 3.67s 
14605      INFO  main            d.u.i.k.p.i.AbstractProblemLoader Replaying proof wellformed1.key.proof 
14613      DEBUG main            d.u.i.k.p.i.IntermediateProofReplayer Proof replay took 2.53ms 
14627      DEBUG main            d.u.i.k.p.r.p.TestFile    ... success: reloaded. 
14629      INFO  main            d.u.i.k.p.r.p.TestFile    Now processing file /home/runner/work/key/key/key.core/../key.ui/examples/heap/polarity_tests/wellformed2.key 
14629      INFO  main            d.u.i.k.p.i.AbstractProblemLoader Loading environment from /home/runner/work/key/key/key.core/../key.ui/examples/heap/polarity_tests/wellformed2.key 
14630      DEBUG main            d.u.i.k.p.i.AbstractProblemLoader Environment load took 324.5ns 
14632      INFO  main            d.u.i.k.p.i.AbstractProblemLoader Creating init config 
18060      DEBUG main            d.u.i.k.p.i.AbstractProblemLoader Init config took 3.43s 
18109      INFO  main            d.u.i.k.p.i.AbstractProblemLoader Replaying proof wellformed2.key 
18114      DEBUG main            d.u.i.k.p.i.IntermediateProofReplayer Proof replay took 7.8ns 
18217      INFO  main            d.u.i.k.p.r.p.TestFile    ... finished proof: open goal(s) 
18388      INFO  main            d.u.i.k.p.r.p.TestFile    Now processing file /home/runner/work/key/key/key.core/../key.ui/examples/heap/polarity_tests/wellformed3.key 
18388      INFO  main            d.u.i.k.p.i.AbstractProblemLoader Loading environment from /home/runner/work/key/key/key.core/../key.ui/examples/heap/polarity_tests/wellformed3.key 
18388      DEBUG main            d.u.i.k.p.i.AbstractProblemLoader Environment load took 89.9ns 
18390      INFO  main            d.u.i.k.p.i.AbstractProblemLoader Creating init config 
21745      DEBUG main            d.u.i.k.p.i.AbstractProblemLoader Init config took 3.36s 
21773      INFO  main            d.u.i.k.p.i.AbstractProblemLoader Replaying proof wellformed3.key 
21776      DEBUG main            d.u.i.k.p.i.IntermediateProofReplayer Proof replay took 7.1ns 
21879      INFO  main            d.u.i.k.p.r.p.TestFile    ... finished proof: closed. 
22077      INFO  main            d.u.i.k.p.i.AbstractProblemLoader Loading environment from /home/runner/work/key/key/key.core/../key.ui/examples/heap/polarity_tests/wellformed3.key.proof 
22077      DEBUG main            d.u.i.k.p.i.AbstractProblemLoader Environment load took 650.8ns 
22079      INFO  main            d.u.i.k.p.i.AbstractProblemLoader Creating init config 
25406      DEBUG main            d.u.i.k.p.i.AbstractProblemLoader Init config took 3.33s 
25434      INFO  main            d.u.i.k.p.i.AbstractProblemLoader Replaying proof wellformed3.key.proof 
25440      DEBUG main            d.u.i.k.p.i.IntermediateProofReplayer Proof replay took 2.68ms 
25441      DEBUG main            d.u.i.k.p.r.p.TestFile    ... success: reloaded. 
25442      INFO  main            d.u.i.k.p.r.p.TestFile    Now processing file /home/runner/work/key/key/key.core/../key.ui/examples/heap/polarity_tests/wellformed4.key 
25443      INFO  main            d.u.i.k.p.i.AbstractProblemLoader Loading environment from /home/runner/work/key/key/key.core/../key.ui/examples/heap/polarity_tests/wellformed4.key 
25443      DEBUG main            d.u.i.k.p.i.AbstractProblemLoader Environment load took 298ns 
25445      INFO  main            d.u.i.k.p.i.AbstractProblemLoader Creating init config 
28715      DEBUG main            d.u.i.k.p.i.AbstractProblemLoader Init config took 3.27s 
28744      INFO  main            d.u.i.k.p.i.AbstractProblemLoader Replaying proof wellformed4.key 
28746      DEBUG main            d.u.i.k.p.i.IntermediateProofReplayer Proof replay took 7ns 
28850      INFO  main            d.u.i.k.p.r.p.TestFile    ... finished proof: open goal(s) 
29026      INFO  main            d.u.i.k.p.r.p.TestFile    Now processing file /home/runner/work/key/key/key.core/../key.ui/examples/heap/polarity_tests/wellformed5.key 
29027      INFO  main            d.u.i.k.p.i.AbstractProblemLoader Loading environment from /home/runner/work/key/key/key.core/../key.ui/examples/heap/polarity_tests/wellformed5.key 
29027      DEBUG main            d.u.i.k.p.i.AbstractProblemLoader Environment load took 95ns 
29028      INFO  main            d.u.i.k.p.i.AbstractProblemLoader Creating init config 
32334      DEBUG main            d.u.i.k.p.i.AbstractProblemLoader Init config took 3.31s 
32364      INFO  main            d.u.i.k.p.i.AbstractProblemLoader Replaying proof wellformed5.key 
32366      DEBUG main            d.u.i.k.p.i.IntermediateProofReplayer Proof replay took 7.5ns 
32470      INFO  main            d.u.i.k.p.r.p.TestFile    ... finished proof: closed. 
32637      INFO  main            d.u.i.k.p.i.AbstractProblemLoader Loading environment from /home/runner/work/key/key/key.core/../key.ui/examples/heap/polarity_tests/wellformed5.key.proof 
32637      DEBUG main            d.u.i.k.p.i.AbstractProblemLoader Environment load took 142.3ns 
32639      INFO  main            d.u.i.k.p.i.AbstractProblemLoader Creating init config 
35873      DEBUG main            d.u.i.k.p.i.AbstractProblemLoader Init config took 3.23s 
35905      INFO  main            d.u.i.k.p.i.AbstractProblemLoader Replaying proof wellformed5.key.proof 
35909      DEBUG main            d.u.i.k.p.i.IntermediateProofReplayer Proof replay took 1.51ms 
35911      DEBUG main            d.u.i.k.p.r.p.TestFile    ... success: reloaded. 
35912      INFO  main            d.u.i.k.p.r.p.TestFile    Now processing file /home/runner/work/key/key/key.core/../key.ui/examples/heap/polarity_tests/wellformed6.key 
35912      INFO  main            d.u.i.k.p.i.AbstractProblemLoader Loading environment from /home/runner/work/key/key/key.core/../key.ui/examples/heap/polarity_tests/wellformed6.key 
35913      DEBUG main            d.u.i.k.p.i.AbstractProblemLoader Environment load took 282.3ns 
35914      INFO  main            d.u.i.k.p.i.AbstractProblemLoader Creating init config 
39215      DEBUG main            d.u.i.k.p.i.AbstractProblemLoader Init config took 3.3s 
39240      INFO  main            d.u.i.k.p.i.AbstractProblemLoader Replaying proof wellformed6.key 
39242      DEBUG main            d.u.i.k.p.i.IntermediateProofReplayer Proof replay took 11.8ns 
39345      INFO  main            d.u.i.k.p.r.p.TestFile    ... finished proof: open goal(s) 
39527      INFO  main            d.u.i.k.p.r.p.TestFile    Now processing file /home/runner/work/key/key/key.core/../key.ui/examples/heap/polarity_tests/wellformed7.key 
39532      INFO  main            d.u.i.k.p.i.AbstractProblemLoader Loading environment from /home/runner/work/key/key/key.core/../key.ui/examples/heap/polarity_tests/wellformed7.key 
39532      DEBUG main            d.u.i.k.p.i.AbstractProblemLoader Environment load took 497ns 
39535      INFO  main            d.u.i.k.p.i.AbstractProblemLoader Creating init config 
42723      DEBUG main            d.u.i.k.p.i.AbstractProblemLoader Init config took 3.19s 
42750      INFO  main            d.u.i.k.p.i.AbstractProblemLoader Replaying proof wellformed7.key 
42752      DEBUG main            d.u.i.k.p.i.IntermediateProofReplayer Proof replay took 7.2ns 
42855      INFO  main            d.u.i.k.p.r.p.TestFile    ... finished proof: closed. 
43097      INFO  main            d.u.i.k.p.i.AbstractProblemLoader Loading environment from /home/runner/work/key/key/key.core/../key.ui/examples/heap/polarity_tests/wellformed7.key.proof 
43097      DEBUG main            d.u.i.k.p.i.AbstractProblemLoader Environment load took 139.3ns 
43099      INFO  main            d.u.i.k.p.i.AbstractProblemLoader Creating init config 
46317      DEBUG main            d.u.i.k.p.i.AbstractProblemLoader Init config took 3.22s 
46338      INFO  main            d.u.i.k.p.i.AbstractProblemLoader Replaying proof wellformed7.key.proof 
46342      DEBUG main            d.u.i.k.p.i.IntermediateProofReplayer Proof replay took 2.03ms 
46344      DEBUG main            d.u.i.k.p.r.p.TestFile    ... success: reloaded. 
46345      INFO  main            d.u.i.k.p.r.p.TestFile    Now processing file /home/runner/work/key/key/key.core/../key.ui/examples/heap/polarity_tests/wellformed8.key 
46345      INFO  main            d.u.i.k.p.i.AbstractProblemLoader Loading environment from /home/runner/work/key/key/key.core/../key.ui/examples/heap/polarity_tests/wellformed8.key 
46346      DEBUG main            d.u.i.k.p.i.AbstractProblemLoader Environment load took 291.3ns 
46347      INFO  main            d.u.i.k.p.i.AbstractProblemLoader Creating init config 
49619      DEBUG main            d.u.i.k.p.i.AbstractProblemLoader Init config took 3.27s 
49640      INFO  main            d.u.i.k.p.i.AbstractProblemLoader Replaying proof wellformed8.key 
49642      DEBUG main            d.u.i.k.p.i.IntermediateProofReplayer Proof replay took 8.2ns 
49746      INFO  main            d.u.i.k.p.r.p.TestFile    ... finished proof: open goal(s) 
49944      INFO  main            d.u.i.k.p.r.p.TestFile    Now processing file /home/runner/work/key/key/key.core/../key.ui/examples/heap/polarity_tests/wellformed9.key 
49944      INFO  main            d.u.i.k.p.i.AbstractProblemLoader Loading environment from /home/runner/work/key/key/key.core/../key.ui/examples/heap/polarity_tests/wellformed9.key 
49944      DEBUG main            d.u.i.k.p.i.AbstractProblemLoader Environment load took 86.9ns 
49945      INFO  main            d.u.i.k.p.i.AbstractProblemLoader Creating init config 
53106      DEBUG main            d.u.i.k.p.i.AbstractProblemLoader Init config took 3.16s 
53125      INFO  main            d.u.i.k.p.i.AbstractProblemLoader Replaying proof wellformed9.key 
53127      DEBUG main            d.u.i.k.p.i.IntermediateProofReplayer Proof replay took 7.9ns 
53230      INFO  main            d.u.i.k.p.r.p.TestFile    ... finished proof: closed. 
53410      INFO  main            d.u.i.k.p.i.AbstractProblemLoader Loading environment from /home/runner/work/key/key/key.core/../key.ui/examples/heap/polarity_tests/wellformed9.key.proof 
53410      DEBUG main            d.u.i.k.p.i.AbstractProblemLoader Environment load took 134.8ns 
53411      INFO  main            d.u.i.k.p.i.AbstractProblemLoader Creating init config 
56679      DEBUG main            d.u.i.k.p.i.AbstractProblemLoader Init config took 3.27s 
56699      INFO  main            d.u.i.k.p.i.AbstractProblemLoader Replaying proof wellformed9.key.proof 
56704      DEBUG main            d.u.i.k.p.i.IntermediateProofReplayer Proof replay took 2.02ms 
56705      DEBUG main            d.u.i.k.p.r.p.TestFile    ... success: reloaded. 
56706      INFO  main            d.u.i.k.p.r.p.TestFile    Now processing file /home/runner/work/key/key/key.core/../key.ui/examples/heap/polarity_tests/wellformed10.key 
56706      INFO  main            d.u.i.k.p.i.AbstractProblemLoader Loading environment from /home/runner/work/key/key/key.core/../key.ui/examples/heap/polarity_tests/wellformed10.key 
56706      DEBUG main            d.u.i.k.p.i.AbstractProblemLoader Environment load took 150.4ns 
56707      INFO  main            d.u.i.k.p.i.AbstractProblemLoader Creating init config 
59899      DEBUG main            d.u.i.k.p.i.AbstractProblemLoader Init config took 3.19s 
59917      INFO  main            d.u.i.k.p.i.AbstractProblemLoader Replaying proof wellformed10.key 
59919      DEBUG main            d.u.i.k.p.i.IntermediateProofReplayer Proof replay took 7.7ns 
60024      INFO  main            d.u.i.k.p.r.p.TestFile    ... finished proof: open goal(s) 
60237      INFO  main            d.u.i.k.p.r.p.TestFile    Now processing file /home/runner/work/key/key/key.core/../key.ui/examples/heap/polarity_tests/wellformed11.key 
60237      INFO  main            d.u.i.k.p.i.AbstractProblemLoader Loading environment from /home/runner/work/key/key/key.core/../key.ui/examples/heap/polarity_tests/wellformed11.key 
60237      DEBUG main            d.u.i.k.p.i.AbstractProblemLoader Environment load took 90.2ns 
60239      INFO  main            d.u.i.k.p.i.AbstractProblemLoader Creating init config 
63387      DEBUG main            d.u.i.k.p.i.AbstractProblemLoader Init config took 3.15s 
63412      INFO  main            d.u.i.k.p.i.AbstractProblemLoader Replaying proof wellformed11.key 
63414      DEBUG main            d.u.i.k.p.i.IntermediateProofReplayer Proof replay took 8.8ns 
63520      INFO  main            d.u.i.k.p.r.p.TestFile    ... finished proof: open goal(s) 
656739     INFO  Test worker     d.u.i.k.p.r.RunAllProofsTestUnit Returning from test applicationRestrictions 
656743     INFO  Test worker     d.u.i.k.p.r.RunAllProofsTestUnit Running test blockContracts 
494        INFO  Timeout watchdog d.u.i.k.p.r.p.ForkedTestFileRunner Timeout watcher launched (2000 secs.) 
514        WARN  main            d.u.i.k.s.ProofSettings   The settings in /home/runner/.key/proof-settings.props are *not* read. 
581        INFO  main            d.u.i.k.p.r.p.TestFile    Now processing file /home/runner/work/key/key/key.core/../key.ui/examples/heap/block_contracts/Simple__add.key 
737        INFO  main            d.u.i.k.p.i.AbstractProblemLoader Loading environment from /home/runner/work/key/key/key.core/../key.ui/examples/heap/block_contracts/Simple__add.key 
758        DEBUG main            d.u.i.k.p.i.AbstractProblemLoader Environment load took 2.71ms 
1051       INFO  main            d.u.i.k.p.i.AbstractProblemLoader Creating init config 
2314       DEBUG main            d.u.i.k.j.TypeConverter   No LDT found for Meta 
2315       DEBUG main            d.u.i.k.j.TypeConverter   No LDT found for Meta 
2318       DEBUG main            d.u.i.k.j.TypeConverter   No LDT found for Meta 
2319       DEBUG main            d.u.i.k.j.TypeConverter   No LDT found for Meta 
4521       DEBUG main            d.u.i.k.j.TypeConverter   No LDT found for JavaBigintExpression 
11634      DEBUG main            d.u.i.k.p.i.AbstractProblemLoader Init config took 10.58s 
11875      INFO  main            d.u.i.k.p.i.AbstractProblemLoader Replaying proof Simple[Simple::add(int,int)].JML operation contract.0 
11995      DEBUG main            d.u.i.k.p.i.IntermediateProofReplayer Proof replay took 840.91ns 
12940      INFO  main            d.u.i.k.p.r.p.TestFile    ... finished proof: closed. 
13086      INFO  main            d.u.i.k.p.i.AbstractProblemLoader Loading environment from /home/runner/work/key/key/key.core/../key.ui/examples/heap/block_contracts/Simple__add.key.proof 
13088      DEBUG main            d.u.i.k.p.i.AbstractProblemLoader Environment load took 1.6ms 
13092      INFO  main            d.u.i.k.p.i.AbstractProblemLoader Creating init config 
17459      DEBUG main            d.u.i.k.p.i.AbstractProblemLoader Init config took 4.37s 
17578      INFO  main            d.u.i.k.p.i.AbstractProblemLoader Replaying proof Simple[Simple::add(int,int)].JML operation contract.0 
17758      DEBUG main            d.u.i.k.p.i.IntermediateProofReplayer Proof replay took 168.78ms 
17769      DEBUG main            d.u.i.k.p.r.p.TestFile    ... success: reloaded. 
17777      INFO  main            d.u.i.k.p.r.p.TestFile    Now processing file /home/runner/work/key/key/key.core/../key.ui/examples/heap/block_contracts/Simple__addAbsoluteValues.key 
17778      INFO  main            d.u.i.k.p.i.AbstractProblemLoader Loading environment from /home/runner/work/key/key/key.core/../key.ui/examples/heap/block_contracts/Simple__addAbsoluteValues.key 
17779      DEBUG main            d.u.i.k.p.i.AbstractProblemLoader Environment load took 303.3ns 
17783      INFO  main            d.u.i.k.p.i.AbstractProblemLoader Creating init config 
22040      DEBUG main            d.u.i.k.p.i.AbstractProblemLoader Init config took 4.26s 
22136      INFO  main            d.u.i.k.p.i.AbstractProblemLoader Replaying proof Simple[Simple::addAbsoluteValues(int,int)].JML normal_behavior operation contract.0 
22140      DEBUG main            d.u.i.k.p.i.IntermediateProofReplayer Proof replay took 16.3ns 
23655      INFO  main            d.u.i.k.p.r.p.TestFile    ... finished proof: closed. 
24049      INFO  main            d.u.i.k.p.i.AbstractProblemLoader Loading environment from /home/runner/work/key/key/key.core/../key.ui/examples/heap/block_contracts/Simple__addAbsoluteValues.key.proof 
24050      DEBUG main            d.u.i.k.p.i.AbstractProblemLoader Environment load took 702.3ns 
24054      INFO  main            d.u.i.k.p.i.AbstractProblemLoader Creating init config 
28217      DEBUG main            d.u.i.k.p.i.AbstractProblemLoader Init config took 4.16s 
28285      INFO  main            d.u.i.k.p.i.AbstractProblemLoader Replaying proof Simple[Simple::addAbsoluteValues(int,int)].JML normal_behavior operation contract.0 
28558      DEBUG main            d.u.i.k.p.i.IntermediateProofReplayer Proof replay took 262.57ms 
28560      DEBUG main            d.u.i.k.p.r.p.TestFile    ... success: reloaded. 
28562      INFO  main            d.u.i.k.p.r.p.TestFile    Now processing file /home/runner/work/key/key/key.core/../key.ui/examples/heap/block_contracts/Simple__addWithJump.key 
28562      INFO  main            d.u.i.k.p.i.AbstractProblemLoader Loading environment from /home/runner/work/key/key/key.core/../key.ui/examples/heap/block_contracts/Simple__addWithJump.key 
28562      DEBUG main            d.u.i.k.p.i.AbstractProblemLoader Environment load took 306.1ns 
28564      INFO  main            d.u.i.k.p.i.AbstractProblemLoader Creating init config 
32709      DEBUG main            d.u.i.k.p.i.AbstractProblemLoader Init config took 4.15s 
32771      INFO  main            d.u.i.k.p.i.AbstractProblemLoader Replaying proof Simple[Simple::addWithJump(int,int,int)].JML operation contract.0 
32775      DEBUG main            d.u.i.k.p.i.IntermediateProofReplayer Proof replay took 12.1ns 
32982      INFO  main            d.u.i.k.p.r.p.TestFile    ... finished proof: closed. 
33218      INFO  main            d.u.i.k.p.i.AbstractProblemLoader Loading environment from /home/runner/work/key/key/key.core/../key.ui/examples/heap/block_contracts/Simple__addWithJump.key.proof 
33219      DEBUG main            d.u.i.k.p.i.AbstractProblemLoader Environment load took 694.3ns 
33221      INFO  main            d.u.i.k.p.i.AbstractProblemLoader Creating init config 
37239      DEBUG main            d.u.i.k.p.i.AbstractProblemLoader Init config took 4.02s 
37304      INFO  main            d.u.i.k.p.i.AbstractProblemLoader Replaying proof Simple[Simple::addWithJump(int,int,int)].JML operation contract.0 
37367      DEBUG main            d.u.i.k.p.i.IntermediateProofReplayer Proof replay took 59.27ms 
37369      DEBUG main            d.u.i.k.p.r.p.TestFile    ... success: reloaded. 
37371      INFO  main            d.u.i.k.p.r.p.TestFile    Now processing file /home/runner/work/key/key/key.core/../key.ui/examples/heap/block_contracts/Simple__addWithTwoBlockContracts.key 
37371      INFO  main            d.u.i.k.p.i.AbstractProblemLoader Loading environment from /home/runner/work/key/key/key.core/../key.ui/examples/heap/block_contracts/Simple__addWithTwoBlockContracts.key 
37372      DEBUG main            d.u.i.k.p.i.AbstractProblemLoader Environment load took 308.7ns 
37373      INFO  main            d.u.i.k.p.i.AbstractProblemLoader Creating init config 
41352      DEBUG main            d.u.i.k.p.i.AbstractProblemLoader Init config took 3.98s 
41410      INFO  main            d.u.i.k.p.i.AbstractProblemLoader Replaying proof Simple[Simple::addWithTwoBlockContracts(int,int,int)].JML operation contract.0 
41413      DEBUG main            d.u.i.k.p.i.IntermediateProofReplayer Proof replay took 12.7ns 
41716      INFO  main            d.u.i.k.p.r.p.TestFile    ... finished proof: closed. 
41955      INFO  main            d.u.i.k.p.i.AbstractProblemLoader Loading environment from /home/runner/work/key/key/key.core/../key.ui/examples/heap/block_contracts/Simple__addWithTwoBlockContracts.key.proof 
41958      DEBUG main            d.u.i.k.p.i.AbstractProblemLoader Environment load took 2.71ms 
41959      INFO  main            d.u.i.k.p.i.AbstractProblemLoader Creating init config 
46001      DEBUG main            d.u.i.k.p.i.AbstractProblemLoader Init config took 4.04s 
46069      INFO  main            d.u.i.k.p.i.AbstractProblemLoader Replaying proof Simple[Simple::addWithTwoBlockContracts(int,int,int)].JML operation contract.0 
46162      DEBUG main            d.u.i.k.p.i.IntermediateProofReplayer Proof replay took 88.92ms 
46164      DEBUG main            d.u.i.k.p.r.p.TestFile    ... success: reloaded. 
46165      INFO  main            d.u.i.k.p.r.p.TestFile    Now processing file /home/runner/work/key/key/key.core/../key.ui/examples/heap/block_contracts/Simple__generateByteArray.key 
46166      INFO  main            d.u.i.k.p.i.AbstractProblemLoader Loading environment from /home/runner/work/key/key/key.core/../key.ui/examples/heap/block_contracts/Simple__generateByteArray.key 
46167      DEBUG main            d.u.i.k.p.i.AbstractProblemLoader Environment load took 775.71ns 
46168      INFO  main            d.u.i.k.p.i.AbstractProblemLoader Creating init config 
50216      DEBUG main            d.u.i.k.p.i.AbstractProblemLoader Init config took 4.05s 
50274      INFO  main            d.u.i.k.p.i.AbstractProblemLoader Replaying proof Simple[Simple::generateByteArray()].JML normal_behavior operation contract.0 
50277      DEBUG main            d.u.i.k.p.i.IntermediateProofReplayer Proof replay took 13.1ns 
52902      INFO  main            d.u.i.k.p.r.p.TestFile    ... finished proof: closed. 
53206      INFO  main            d.u.i.k.p.i.AbstractProblemLoader Loading environment from /home/runner/work/key/key/key.core/../key.ui/examples/heap/block_contracts/Simple__generateByteArray.key.proof 
53207      DEBUG main            d.u.i.k.p.i.AbstractProblemLoader Environment load took 622ns 
53209      INFO  main            d.u.i.k.p.i.AbstractProblemLoader Creating init config 
57080      DEBUG main            d.u.i.k.p.i.AbstractProblemLoader Init config took 3.87s 
57134      INFO  main            d.u.i.k.p.i.AbstractProblemLoader Replaying proof Simple[Simple::generateByteArray()].JML normal_behavior operation contract.0 
57550      DEBUG main            d.u.i.k.p.i.IntermediateProofReplayer Proof replay took 399.79ms 
57553      DEBUG main            d.u.i.k.p.r.p.TestFile    ... success: reloaded. 
57554      INFO  main            d.u.i.k.p.r.p.TestFile    Now processing file /home/runner/work/key/key/key.core/../key.ui/examples/heap/block_contracts/Simple__getLength.key 
57555      INFO  main            d.u.i.k.p.i.AbstractProblemLoader Loading environment from /home/runner/work/key/key/key.core/../key.ui/examples/heap/block_contracts/Simple__getLength.key 
57555      DEBUG main            d.u.i.k.p.i.AbstractProblemLoader Environment load took 347.4ns 
57556      INFO  main            d.u.i.k.p.i.AbstractProblemLoader Creating init config 
61483      DEBUG main            d.u.i.k.p.i.AbstractProblemLoader Init config took 3.93s 
61542      INFO  main            d.u.i.k.p.i.AbstractProblemLoader Replaying proof Simple[Simple::getLength()].JML normal_behavior operation contract.0 
61545      DEBUG main            d.u.i.k.p.i.IntermediateProofReplayer Proof replay took 15.8ns 
61647      INFO  main            d.u.i.k.p.r.p.TestFile    ... finished proof: closed. 
61933      INFO  main            d.u.i.k.p.i.AbstractProblemLoader Loading environment from /home/runner/work/key/key/key.core/../key.ui/examples/heap/block_contracts/Simple__getLength.key.proof 
61933      DEBUG main            d.u.i.k.p.i.AbstractProblemLoader Environment load took 140.7ns 
61934      INFO  main            d.u.i.k.p.i.AbstractProblemLoader Creating init config 
65795      DEBUG main            d.u.i.k.p.i.AbstractProblemLoader Init config took 3.86s 
65849      INFO  main            d.u.i.k.p.i.AbstractProblemLoader Replaying proof Simple[Simple::getLength()].JML normal_behavior operation contract.0 
65861      DEBUG main            d.u.i.k.p.i.IntermediateProofReplayer Proof replay took 9.61ms 
65862      DEBUG main            d.u.i.k.p.r.p.TestFile    ... success: reloaded. 
65863      INFO  main            d.u.i.k.p.r.p.TestFile    Now processing file /home/runner/work/key/key/key.core/../key.ui/examples/heap/block_contracts/Simple__square.key 
65864      INFO  main            d.u.i.k.p.i.AbstractProblemLoader Loading environment from /home/runner/work/key/key/key.core/../key.ui/examples/heap/block_contracts/Simple__square.key 
65864      DEBUG main            d.u.i.k.p.i.AbstractProblemLoader Environment load took 133.5ns 
65865      INFO  main            d.u.i.k.p.i.AbstractProblemLoader Creating init config 
69782      DEBUG main            d.u.i.k.p.i.AbstractProblemLoader Init config took 3.92s 
69863      INFO  main            d.u.i.k.p.i.AbstractProblemLoader Replaying proof Simple[Simple::square(int)].JML operation contract.0 
69865      DEBUG main            d.u.i.k.p.i.IntermediateProofReplayer Proof replay took 13.8ns 
70270      INFO  main            d.u.i.k.p.r.p.TestFile    ... finished proof: closed. 
70553      INFO  main            d.u.i.k.p.i.AbstractProblemLoader Loading environment from /home/runner/work/key/key/key.core/../key.ui/examples/heap/block_contracts/Simple__square.key.proof 
70553      DEBUG main            d.u.i.k.p.i.AbstractProblemLoader Environment load took 287.9ns 
70554      INFO  main            d.u.i.k.p.i.AbstractProblemLoader Creating init config 
74347      DEBUG main            d.u.i.k.p.i.AbstractProblemLoader Init config took 3.79s 
74412      INFO  main            d.u.i.k.p.i.AbstractProblemLoader Replaying proof Simple[Simple::square(int)].JML operation contract.0 
74552      DEBUG main            d.u.i.k.p.i.IntermediateProofReplayer Proof replay took 135.24ms 
74553      DEBUG main            d.u.i.k.p.r.p.TestFile    ... success: reloaded. 
74555      INFO  main            d.u.i.k.p.r.p.TestFile    Now processing file /home/runner/work/key/key/key.core/../key.ui/examples/heap/block_contracts/Simple__unnecessaryBlockContract.key 
74555      INFO  main            d.u.i.k.p.i.AbstractProblemLoader Loading environment from /home/runner/work/key/key/key.core/../key.ui/examples/heap/block_contracts/Simple__unnecessaryBlockContract.key 
74556      DEBUG main            d.u.i.k.p.i.AbstractProblemLoader Environment load took 295.4ns 
74557      INFO  main            d.u.i.k.p.i.AbstractProblemLoader Creating init config 
78546      DEBUG main            d.u.i.k.p.i.AbstractProblemLoader Init config took 3.99s 
78594      INFO  main            d.u.i.k.p.i.AbstractProblemLoader Replaying proof Simple[Simple::unnecessaryBlockContract()].JML operation contract.0 
78596      DEBUG main            d.u.i.k.p.i.IntermediateProofReplayer Proof replay took 17ns 
78701      INFO  main            d.u.i.k.p.r.p.TestFile    ... finished proof: closed. 
78965      INFO  main            d.u.i.k.p.i.AbstractProblemLoader Loading environment from /home/runner/work/key/key/key.core/../key.ui/examples/heap/block_contracts/Simple__unnecessaryBlockContract.key.proof 
78965      DEBUG main            d.u.i.k.p.i.AbstractProblemLoader Environment load took 151ns 
78966      INFO  main            d.u.i.k.p.i.AbstractProblemLoader Creating init config 
82795      DEBUG main            d.u.i.k.p.i.AbstractProblemLoader Init config took 3.83s 
82844      INFO  main            d.u.i.k.p.i.AbstractProblemLoader Replaying proof Simple[Simple::unnecessaryBlockContract()].JML operation contract.0 
82878      DEBUG main            d.u.i.k.p.i.IntermediateProofReplayer Proof replay took 31.45ms 
82879      DEBUG main            d.u.i.k.p.r.p.TestFile    ... success: reloaded. 
82881      INFO  main            d.u.i.k.p.r.p.TestFile    Now processing file /home/runner/work/key/key/key.core/../key.ui/examples/heap/block_contracts/Simple__unnecessaryLoopInvariant.key 
82881      INFO  main            d.u.i.k.p.i.AbstractProblemLoader Loading environment from /home/runner/work/key/key/key.core/../key.ui/examples/heap/block_contracts/Simple__unnecessaryLoopInvariant.key 
82881      DEBUG main            d.u.i.k.p.i.AbstractProblemLoader Environment load took 125.2ns 
82882      INFO  main            d.u.i.k.p.i.AbstractProblemLoader Creating init config 
86819      DEBUG main            d.u.i.k.p.i.AbstractProblemLoader Init config took 3.94s 
86866      INFO  main            d.u.i.k.p.i.AbstractProblemLoader Replaying proof Simple[Simple::unnecessaryLoopInvariant()].JML operation contract.0 
86868      DEBUG main            d.u.i.k.p.i.IntermediateProofReplayer Proof replay took 37ns 
86973      INFO  main            d.u.i.k.p.r.p.TestFile    ... finished proof: closed. 
87232      INFO  main            d.u.i.k.p.i.AbstractProblemLoader Loading environment from /home/runner/work/key/key/key.core/../key.ui/examples/heap/block_contracts/Simple__unnecessaryLoopInvariant.key.proof 
87232      DEBUG main            d.u.i.k.p.i.AbstractProblemLoader Environment load took 142ns 
87233      INFO  main            d.u.i.k.p.i.AbstractProblemLoader Creating init config 
91051      DEBUG main            d.u.i.k.p.i.AbstractProblemLoader Init config took 3.82s 
91098      INFO  main            d.u.i.k.p.i.AbstractProblemLoader Replaying proof Simple[Simple::unnecessaryLoopInvariant()].JML operation contract.0 
91117      DEBUG main            d.u.i.k.p.i.IntermediateProofReplayer Proof replay took 16.81ms 
91118      DEBUG main            d.u.i.k.p.r.p.TestFile    ... success: reloaded. 
91119      INFO  main            d.u.i.k.p.r.p.TestFile    Now processing file /home/runner/work/key/key/key.core/../key.ui/examples/standard_key/java_dl/jml-assert/assert.key 
91119      INFO  main            d.u.i.k.p.i.AbstractProblemLoader Loading environment from /home/runner/work/key/key/key.core/../key.ui/examples/standard_key/java_dl/jml-assert/assert.key 
91120      DEBUG main            d.u.i.k.p.i.AbstractProblemLoader Environment load took 137.9ns 
91121      INFO  main            d.u.i.k.p.i.AbstractProblemLoader Creating init config 
94568      DEBUG main            d.u.i.k.p.i.AbstractProblemLoader Init config took 3.45s 
94634      INFO  main            d.u.i.k.p.i.AbstractProblemLoader Replaying proof Assert[Assert::createArray(int)].JML normal_behavior operation contract.0 
94637      DEBUG main            d.u.i.k.p.i.IntermediateProofReplayer Proof replay took 7.5ns 
94939      INFO  main            d.u.i.k.p.r.p.TestFile    ... finished proof: closed. 
95210      INFO  main            d.u.i.k.p.i.AbstractProblemLoader Loading environment from /home/runner/work/key/key/key.core/../key.ui/examples/standard_key/java_dl/jml-assert/assert.key.proof 
95210      DEBUG main            d.u.i.k.p.i.AbstractProblemLoader Environment load took 156.4ns 
95212      INFO  main            d.u.i.k.p.i.AbstractProblemLoader Creating init config 
98620      DEBUG main            d.u.i.k.p.i.AbstractProblemLoader Init config took 3.41s 
98677      INFO  main            d.u.i.k.p.i.AbstractProblemLoader Replaying proof Assert[Assert::createArray(int)].JML normal_behavior operation contract.0 
98747      DEBUG main            d.u.i.k.p.i.IntermediateProofReplayer Proof replay took 66.03ms 
98749      DEBUG main            d.u.i.k.p.r.p.TestFile    ... success: reloaded. 
98751      INFO  main            d.u.i.k.p.r.p.TestFile    Now processing file /home/runner/work/key/key/key.core/../key.ui/examples/standard_key/java_dl/jml-assert/assert_assume_order.key 
98752      INFO  main            d.u.i.k.p.i.AbstractProblemLoader Loading environment from /home/runner/work/key/key/key.core/../key.ui/examples/standard_key/java_dl/jml-assert/assert_assume_order.key 
98752      DEBUG main            d.u.i.k.p.i.AbstractProblemLoader Environment load took 306.6ns 
98753      INFO  main            d.u.i.k.p.i.AbstractProblemLoader Creating init config 
102130     DEBUG main            d.u.i.k.p.i.AbstractProblemLoader Init config took 3.38s 
102175     INFO  main            d.u.i.k.p.i.AbstractProblemLoader Replaying proof AssertAssume[AssertAssume::singleAssumeAssert(int)].JML normal_behavior operation contract.0 
102177     DEBUG main            d.u.i.k.p.i.IntermediateProofReplayer Proof replay took 7.2ns 
102280     INFO  main            d.u.i.k.p.r.p.TestFile    ... finished proof: closed. 
102532     INFO  main            d.u.i.k.p.i.AbstractProblemLoader Loading environment from /home/runner/work/key/key/key.core/../key.ui/examples/standard_key/java_dl/jml-assert/assert_assume_order.key.proof 
102532     DEBUG main            d.u.i.k.p.i.AbstractProblemLoader Environment load took 140.5ns 
102534     INFO  main            d.u.i.k.p.i.AbstractProblemLoader Creating init config 
105906     DEBUG main            d.u.i.k.p.i.AbstractProblemLoader Init config took 3.37s 
105950     INFO  main            d.u.i.k.p.i.AbstractProblemLoader Replaying proof AssertAssume[AssertAssume::singleAssumeAssert(int)].JML normal_behavior operation contract.0 
105965     DEBUG main            d.u.i.k.p.i.IntermediateProofReplayer Proof replay took 10.43ms 
105967     DEBUG main            d.u.i.k.p.r.p.TestFile    ... success: reloaded. 
105968     INFO  main            d.u.i.k.p.r.p.TestFile    Now processing file /home/runner/work/key/key/key.core/../key.ui/examples/heap/block_loop_contracts/SimpleVariants/sum_onBlock_external.key 
105969     INFO  main            d.u.i.k.p.i.AbstractProblemLoader Loading environment from /home/runner/work/key/key/key.core/../key.ui/examples/heap/block_loop_contracts/SimpleVariants/sum_onBlock_external.key 
105969     DEBUG main            d.u.i.k.p.i.AbstractProblemLoader Environment load took 138.4ns 
105970     INFO  main            d.u.i.k.p.i.AbstractProblemLoader Creating init config 
109650     DEBUG main            d.u.i.k.p.i.AbstractProblemLoader Init config took 3.68s 
109694     INFO  main            d.u.i.k.p.i.AbstractProblemLoader Replaying proof LoopContractExamplesAll[LoopContractExamplesAll::sum_loopContract_onBlock([I)].JML normal_behavior operation contract.0 
109697     DEBUG main            d.u.i.k.p.i.IntermediateProofReplayer Proof replay took 13.1ns 
109901     INFO  main            d.u.i.k.p.r.p.TestFile    ... finished proof: closed. 
110197     INFO  main            d.u.i.k.p.i.AbstractProblemLoader Loading environment from /home/runner/work/key/key/key.core/../key.ui/examples/heap/block_loop_contracts/SimpleVariants/sum_onBlock_external.key.proof 
110198     DEBUG main            d.u.i.k.p.i.AbstractProblemLoader Environment load took 693.71ns 
110200     INFO  main            d.u.i.k.p.i.AbstractProblemLoader Creating init config 
113784     DEBUG main            d.u.i.k.p.i.AbstractProblemLoader Init config took 3.58s 
113828     INFO  main            d.u.i.k.p.i.AbstractProblemLoader Replaying proof LoopContractExamplesAll[LoopContractExamplesAll::sum_loopContract_onBlock([I)].JML normal_behavior operation contract.0 
113890     DEBUG main            d.u.i.k.p.i.IntermediateProofReplayer Proof replay took 59.43ms 
113891     DEBUG main            d.u.i.k.p.r.p.TestFile    ... success: reloaded. 
113892     INFO  main            d.u.i.k.p.r.p.TestFile    Now processing file /home/runner/work/key/key/key.core/../key.ui/examples/heap/block_loop_contracts/SimpleVariants/sum_onBlock_internal.key 
113893     INFO  main            d.u.i.k.p.i.AbstractProblemLoader Loading environment from /home/runner/work/key/key/key.core/../key.ui/examples/heap/block_loop_contracts/SimpleVariants/sum_onBlock_internal.key 
113893     DEBUG main            d.u.i.k.p.i.AbstractProblemLoader Environment load took 139.5ns 
113894     INFO  main            d.u.i.k.p.i.AbstractProblemLoader Creating init config 
117595     DEBUG main            d.u.i.k.p.i.AbstractProblemLoader Init config took 3.7s 
117646     INFO  main            d.u.i.k.p.i.AbstractProblemLoader Replaying proof LoopContractExamplesAll[LoopContractExamplesAll::sum_loopContract_onBlock([I)].JML normal_behavior operation contract.0 
117651     DEBUG main            d.u.i.k.p.i.IntermediateProofReplayer Proof replay took 14.6ns 
118562     INFO  main            d.u.i.k.p.r.p.TestFile    ... finished proof: closed. 
118937     INFO  main            d.u.i.k.p.i.AbstractProblemLoader Loading environment from /home/runner/work/key/key/key.core/../key.ui/examples/heap/block_loop_contracts/SimpleVariants/sum_onBlock_internal.key.proof 
118937     DEBUG main            d.u.i.k.p.i.AbstractProblemLoader Environment load took 279.5ns 
118940     INFO  main            d.u.i.k.p.i.AbstractProblemLoader Creating init config 
122538     DEBUG main            d.u.i.k.p.i.AbstractProblemLoader Init config took 3.6s 
122583     INFO  main            d.u.i.k.p.i.AbstractProblemLoader Replaying proof LoopContractExamplesAll[LoopContractExamplesAll::sum_loopContract_onBlock([I)].JML normal_behavior operation contract.0 
122936     DEBUG main            d.u.i.k.p.i.IntermediateProofReplayer Proof replay took 348.62ms 
122937     DEBUG main            d.u.i.k.p.r.p.TestFile    ... success: reloaded. 
122938     INFO  main            d.u.i.k.p.r.p.TestFile    Now processing file /home/runner/work/key/key/key.core/../key.ui/examples/heap/block_loop_contracts/SimpleVariants/sum_onBlock_loop.key 
122939     INFO  main            d.u.i.k.p.i.AbstractProblemLoader Loading environment from /home/runner/work/key/key/key.core/../key.ui/examples/heap/block_loop_contracts/SimpleVariants/sum_onBlock_loop.key 
122939     DEBUG main            d.u.i.k.p.i.AbstractProblemLoader Environment load took 138.6ns 
122940     INFO  main            d.u.i.k.p.i.AbstractProblemLoader Creating init config 
126630     DEBUG main            d.u.i.k.p.i.AbstractProblemLoader Init config took 3.69s 
126676     INFO  main            d.u.i.k.p.i.AbstractProblemLoader Replaying proof LoopContractExamplesAll[LoopContractExamplesAll::sum_loopContract_onBlock([I)].JML normal_behavior loop contract.0 
126678     DEBUG main            d.u.i.k.p.i.IntermediateProofReplayer Proof replay took 31.2ns 
127783     INFO  main            d.u.i.k.p.r.p.TestFile    ... finished proof: closed. 
128141     INFO  main            d.u.i.k.p.i.AbstractProblemLoader Loading environment from /home/runner/work/key/key/key.core/../key.ui/examples/heap/block_loop_contracts/SimpleVariants/sum_onBlock_loop.key.proof 
128142     DEBUG main            d.u.i.k.p.i.AbstractProblemLoader Environment load took 634.5ns 
128143     INFO  main            d.u.i.k.p.i.AbstractProblemLoader Creating init config 
131740     DEBUG main            d.u.i.k.p.i.AbstractProblemLoader Init config took 3.6s 
131799     INFO  main            d.u.i.k.p.i.AbstractProblemLoader Replaying proof LoopContractExamplesAll[LoopContractExamplesAll::sum_loopContract_onBlock([I)].JML normal_behavior loop contract.0 
132140     DEBUG main            d.u.i.k.p.i.IntermediateProofReplayer Proof replay took 336.03ms 
132141     DEBUG main            d.u.i.k.p.r.p.TestFile    ... success: reloaded. 
132143     INFO  main            d.u.i.k.p.r.p.TestFile    Now processing file /home/runner/work/key/key/key.core/../key.ui/examples/heap/block_loop_contracts/SimpleVariants/sum_onLoop_external.key 
132143     INFO  main            d.u.i.k.p.i.AbstractProblemLoader Loading environment from /home/runner/work/key/key/key.core/../key.ui/examples/heap/block_loop_contracts/SimpleVariants/sum_onLoop_external.key 
132143     DEBUG main            d.u.i.k.p.i.AbstractProblemLoader Environment load took 309.7ns 
132144     INFO  main            d.u.i.k.p.i.AbstractProblemLoader Creating init config 
135852     DEBUG main            d.u.i.k.p.i.AbstractProblemLoader Init config took 3.71s 
135900     INFO  main            d.u.i.k.p.i.AbstractProblemLoader Replaying proof LoopContractExamplesAll[LoopContractExamplesAll::sum_loopContract_onLoop([I)].JML normal_behavior operation contract.0 
135902     DEBUG main            d.u.i.k.p.i.IntermediateProofReplayer Proof replay took 13.5ns 
136004     INFO  main            d.u.i.k.p.r.p.TestFile    ... finished proof: closed. 
136344     INFO  main            d.u.i.k.p.i.AbstractProblemLoader Loading environment from /home/runner/work/key/key/key.core/../key.ui/examples/heap/block_loop_contracts/SimpleVariants/sum_onLoop_external.key.proof 
136344     DEBUG main            d.u.i.k.p.i.AbstractProblemLoader Environment load took 139.2ns 
136345     INFO  main            d.u.i.k.p.i.AbstractProblemLoader Creating init config 
140005     DEBUG main            d.u.i.k.p.i.AbstractProblemLoader Init config took 3.66s 
140047     INFO  main            d.u.i.k.p.i.AbstractProblemLoader Replaying proof LoopContractExamplesAll[LoopContractExamplesAll::sum_loopContract_onLoop([I)].JML normal_behavior operation contract.0 
140087     DEBUG main            d.u.i.k.p.i.IntermediateProofReplayer Proof replay took 37.49ms 
140088     DEBUG main            d.u.i.k.p.r.p.TestFile    ... success: reloaded. 
140089     INFO  main            d.u.i.k.p.r.p.TestFile    Now processing file /home/runner/work/key/key/key.core/../key.ui/examples/heap/block_loop_contracts/SimpleVariants/sum_onLoop_internal.key 
140090     INFO  main            d.u.i.k.p.i.AbstractProblemLoader Loading environment from /home/runner/work/key/key/key.core/../key.ui/examples/heap/block_loop_contracts/SimpleVariants/sum_onLoop_internal.key 
140090     DEBUG main            d.u.i.k.p.i.AbstractProblemLoader Environment load took 145.4ns 
140091     INFO  main            d.u.i.k.p.i.AbstractProblemLoader Creating init config 
143737     DEBUG main            d.u.i.k.p.i.AbstractProblemLoader Init config took 3.65s 
143777     INFO  main            d.u.i.k.p.i.AbstractProblemLoader Replaying proof LoopContractExamplesAll[LoopContractExamplesAll::sum_loopContract_onLoop([I)].JML normal_behavior operation contract.0 
143779     DEBUG main            d.u.i.k.p.i.IntermediateProofReplayer Proof replay took 25ns 
144584     INFO  main            d.u.i.k.p.r.p.TestFile    ... finished proof: closed. 
144946     INFO  main            d.u.i.k.p.i.AbstractProblemLoader Loading environment from /home/runner/work/key/key/key.core/../key.ui/examples/heap/block_loop_contracts/SimpleVariants/sum_onLoop_internal.key.proof 
144948     DEBUG main            d.u.i.k.p.i.AbstractProblemLoader Environment load took 1.53ms 
144949     INFO  main            d.u.i.k.p.i.AbstractProblemLoader Creating init config 
148512     DEBUG main            d.u.i.k.p.i.AbstractProblemLoader Init config took 3.56s 
148557     INFO  main            d.u.i.k.p.i.AbstractProblemLoader Replaying proof LoopContractExamplesAll[LoopContractExamplesAll::sum_loopContract_onLoop([I)].JML normal_behavior operation contract.0 
148910     DEBUG main            d.u.i.k.p.i.IntermediateProofReplayer Proof replay took 343.93ms 
148912     DEBUG main            d.u.i.k.p.r.p.TestFile    ... success: reloaded. 
148913     INFO  main            d.u.i.k.p.r.p.TestFile    Now processing file /home/runner/work/key/key/key.core/../key.ui/examples/heap/block_loop_contracts/SimpleVariants/sum_onLoop_loop.key 
148914     INFO  main            d.u.i.k.p.i.AbstractProblemLoader Loading environment from /home/runner/work/key/key/key.core/../key.ui/examples/heap/block_loop_contracts/SimpleVariants/sum_onLoop_loop.key 
148914     DEBUG main            d.u.i.k.p.i.AbstractProblemLoader Environment load took 290.2ns 
148916     INFO  main            d.u.i.k.p.i.AbstractProblemLoader Creating init config 
152642     DEBUG main            d.u.i.k.p.i.AbstractProblemLoader Init config took 3.73s 
152685     INFO  main            d.u.i.k.p.i.AbstractProblemLoader Replaying proof LoopContractExamplesAll[LoopContractExamplesAll::sum_loopContract_onLoop([I)].JML normal_behavior loop contract.0 
152688     DEBUG main            d.u.i.k.p.i.IntermediateProofReplayer Proof replay took 23.6ns 
153692     INFO  main            d.u.i.k.p.r.p.TestFile    ... finished proof: closed. 
154103     INFO  main            d.u.i.k.p.i.AbstractProblemLoader Loading environment from /home/runner/work/key/key/key.core/../key.ui/examples/heap/block_loop_contracts/SimpleVariants/sum_onLoop_loop.key.proof 
154104     DEBUG main            d.u.i.k.p.i.AbstractProblemLoader Environment load took 1.73ms 
154106     INFO  main            d.u.i.k.p.i.AbstractProblemLoader Creating init config 
157670     DEBUG main            d.u.i.k.p.i.AbstractProblemLoader Init config took 3.56s 
157722     INFO  main            d.u.i.k.p.i.AbstractProblemLoader Replaying proof LoopContractExamplesAll[LoopContractExamplesAll::sum_loopContract_onLoop([I)].JML normal_behavior loop contract.0 
158088     DEBUG main            d.u.i.k.p.i.IntermediateProofReplayer Proof replay took 359.22ms 
158089     DEBUG main            d.u.i.k.p.r.p.TestFile    ... success: reloaded. 
158091     INFO  main            d.u.i.k.p.r.p.TestFile    Now processing file /home/runner/work/key/key/key.core/../key.ui/examples/heap/block_loop_contracts/Free/blockContracts0.key 
158091     INFO  main            d.u.i.k.p.i.AbstractProblemLoader Loading environment from /home/runner/work/key/key/key.core/../key.ui/examples/heap/block_loop_contracts/Free/blockContracts0.key 
158092     DEBUG main            d.u.i.k.p.i.AbstractProblemLoader Environment load took 291.8ns 
158093     INFO  main            d.u.i.k.p.i.AbstractProblemLoader Creating init config 
161335     DEBUG main            d.u.i.k.p.i.AbstractProblemLoader Init config took 3.24s 
161383     INFO  main            d.u.i.k.p.i.AbstractProblemLoader Replaying proof FreeConditions[FreeConditions::blockContract0()].JML normal_behavior operation contract.0 
161385     DEBUG main            d.u.i.k.p.i.IntermediateProofReplayer Proof replay took 14.1ns 
161489     INFO  main            d.u.i.k.p.r.p.TestFile    ... finished proof: closed. 
161872     INFO  main            d.u.i.k.p.i.AbstractProblemLoader Loading environment from /home/runner/work/key/key/key.core/../key.ui/examples/heap/block_loop_contracts/Free/blockContracts0.key.proof 
161872     DEBUG main            d.u.i.k.p.i.AbstractProblemLoader Environment load took 120.7ns 
161874     INFO  main            d.u.i.k.p.i.AbstractProblemLoader Creating init config 
164986     DEBUG main            d.u.i.k.p.i.AbstractProblemLoader Init config took 3.11s 
165028     INFO  main            d.u.i.k.p.i.AbstractProblemLoader Replaying proof FreeConditions[FreeConditions::blockContract0()].JML normal_behavior operation contract.0 
165057     DEBUG main            d.u.i.k.p.i.IntermediateProofReplayer Proof replay took 26.86ms 
165058     DEBUG main            d.u.i.k.p.r.p.TestFile    ... success: reloaded. 
165060     INFO  main            d.u.i.k.p.r.p.TestFile    Now processing file /home/runner/work/key/key/key.core/../key.ui/examples/heap/block_loop_contracts/Free/blockContracts1.key 
165060     INFO  main            d.u.i.k.p.i.AbstractProblemLoader Loading environment from /home/runner/work/key/key/key.core/../key.ui/examples/heap/block_loop_contracts/Free/blockContracts1.key 
165060     DEBUG main            d.u.i.k.p.i.AbstractProblemLoader Environment load took 126.9ns 
165061     INFO  main            d.u.i.k.p.i.AbstractProblemLoader Creating init config 
168208     DEBUG main            d.u.i.k.p.i.AbstractProblemLoader Init config took 3.15s 
168248     INFO  main            d.u.i.k.p.i.AbstractProblemLoader Replaying proof FreeConditions[FreeConditions::blockContract1()].JML normal_behavior operation contract.0 
168250     DEBUG main            d.u.i.k.p.i.IntermediateProofReplayer Proof replay took 13.8ns 
168352     INFO  main            d.u.i.k.p.r.p.TestFile    ... finished proof: closed. 
168673     INFO  main            d.u.i.k.p.i.AbstractProblemLoader Loading environment from /home/runner/work/key/key/key.core/../key.ui/examples/heap/block_loop_contracts/Free/blockContracts1.key.proof 
168673     DEBUG main            d.u.i.k.p.i.AbstractProblemLoader Environment load took 121.3ns 
168674     INFO  main            d.u.i.k.p.i.AbstractProblemLoader Creating init config 
171770     DEBUG main            d.u.i.k.p.i.AbstractProblemLoader Init config took 3.1s 
171819     INFO  main            d.u.i.k.p.i.AbstractProblemLoader Replaying proof FreeConditions[FreeConditions::blockContract1()].JML normal_behavior operation contract.0 
171844     DEBUG main            d.u.i.k.p.i.IntermediateProofReplayer Proof replay took 22.42ms 
171845     DEBUG main            d.u.i.k.p.r.p.TestFile    ... success: reloaded. 
171846     INFO  main            d.u.i.k.p.r.p.TestFile    Now processing file /home/runner/work/key/key/key.core/../key.ui/examples/heap/block_loop_contracts/Finally/block_finally.key 
171847     INFO  main            d.u.i.k.p.i.AbstractProblemLoader Loading environment from /home/runner/work/key/key/key.core/../key.ui/examples/heap/block_loop_contracts/Finally/block_finally.key 
171847     DEBUG main            d.u.i.k.p.i.AbstractProblemLoader Environment load took 393ns 
171848     INFO  main            d.u.i.k.p.i.AbstractProblemLoader Creating init config 
175074     DEBUG main            d.u.i.k.p.i.AbstractProblemLoader Init config took 3.23s 
175116     INFO  main            d.u.i.k.p.i.AbstractProblemLoader Replaying proof AuxiliaryContractsFinally[AuxiliaryContractsFinally::breakThrowContinueBlockContract(java.lang.Exception)].JML block contract.0 
175118     DEBUG main            d.u.i.k.p.i.IntermediateProofReplayer Proof replay took 13ns 
175825     INFO  main            d.u.i.k.p.r.p.TestFile    ... finished proof: open goal(s) 
176176     INFO  main            d.u.i.k.p.r.p.TestFile    Now processing file /home/runner/work/key/key/key.core/../key.ui/examples/heap/block_loop_contracts/Finally/loop_finally.key 
176177     INFO  main            d.u.i.k.p.i.AbstractProblemLoader Loading environment from /home/runner/work/key/key/key.core/../key.ui/examples/heap/block_loop_contracts/Finally/loop_finally.key 
176177     DEBUG main            d.u.i.k.p.i.AbstractProblemLoader Environment load took 77.9ns 
176179     INFO  main            d.u.i.k.p.i.AbstractProblemLoader Creating init config 
179319     DEBUG main            d.u.i.k.p.i.AbstractProblemLoader Init config took 3.14s 
179363     INFO  main            d.u.i.k.p.i.AbstractProblemLoader Replaying proof AuxiliaryContractsFinally[AuxiliaryContractsFinally::breakThrowContinueLoopContract(java.lang.Exception)].JML normal_behavior loop contract.0 
179367     DEBUG main            d.u.i.k.p.i.IntermediateProofReplayer Proof replay took 15.8ns 
180185     INFO  main            d.u.i.k.p.r.p.TestFile    ... finished proof: open goal(s) 
837558     INFO  Test worker     d.u.i.k.p.r.RunAllProofsTestUnit Returning from test blockContracts 
837560     INFO  Test worker     d.u.i.k.p.r.RunAllProofsTestUnit Running test jmlAsserts 
494        INFO  Timeout watchdog d.u.i.k.p.r.p.ForkedTestFileRunner Timeout watcher launched (2000 secs.) 
528        WARN  main            d.u.i.k.s.ProofSettings   The settings in /home/runner/.key/proof-settings.props are *not* read. 
586        INFO  main            d.u.i.k.p.r.p.TestFile    Now processing file /home/runner/work/key/key/key.core/../key.ui/examples/standard_key/java_dl/jml-assert/assert.key 
739        INFO  main            d.u.i.k.p.i.AbstractProblemLoader Loading environment from /home/runner/work/key/key/key.core/../key.ui/examples/standard_key/java_dl/jml-assert/assert.key 
760        DEBUG main            d.u.i.k.p.i.AbstractProblemLoader Environment load took 2.84ms 
1060       INFO  main            d.u.i.k.p.i.AbstractProblemLoader Creating init config 
2274       DEBUG main            d.u.i.k.j.TypeConverter   No LDT found for Meta 
2275       DEBUG main            d.u.i.k.j.TypeConverter   No LDT found for Meta 
2278       DEBUG main            d.u.i.k.j.TypeConverter   No LDT found for Meta 
2278       DEBUG main            d.u.i.k.j.TypeConverter   No LDT found for Meta 
4540       DEBUG main            d.u.i.k.j.TypeConverter   No LDT found for JavaBigintExpression 
12067      DEBUG main            d.u.i.k.p.i.AbstractProblemLoader Init config took 11.01s 
12259      INFO  main            d.u.i.k.p.i.AbstractProblemLoader Replaying proof Assert[Assert::createArray(int)].JML normal_behavior operation contract.0 
12310      DEBUG main            d.u.i.k.p.i.IntermediateProofReplayer Proof replay took 41.9ns 
13487      INFO  main            d.u.i.k.p.r.p.TestFile    ... finished proof: closed. 
13671      INFO  main            d.u.i.k.p.i.AbstractProblemLoader Loading environment from /home/runner/work/key/key/key.core/../key.ui/examples/standard_key/java_dl/jml-assert/assert.key.proof 
13676      DEBUG main            d.u.i.k.p.i.AbstractProblemLoader Environment load took 5.21ms 
13680      INFO  main            d.u.i.k.p.i.AbstractProblemLoader Creating init config 
17630      DEBUG main            d.u.i.k.p.i.AbstractProblemLoader Init config took 3.95s 
17731      INFO  main            d.u.i.k.p.i.AbstractProblemLoader Replaying proof Assert[Assert::createArray(int)].JML normal_behavior operation contract.0 
17948      DEBUG main            d.u.i.k.p.i.IntermediateProofReplayer Proof replay took 204.3ms 
17959      DEBUG main            d.u.i.k.p.r.p.TestFile    ... success: reloaded. 
17965      INFO  main            d.u.i.k.p.r.p.TestFile    Now processing file /home/runner/work/key/key/key.core/../key.ui/examples/heap/block_loop_contracts/Free/assertions0.key 
17966      INFO  main            d.u.i.k.p.i.AbstractProblemLoader Loading environment from /home/runner/work/key/key/key.core/../key.ui/examples/heap/block_loop_contracts/Free/assertions0.key 
17966      DEBUG main            d.u.i.k.p.i.AbstractProblemLoader Environment load took 177.1ns 
17974      INFO  main            d.u.i.k.p.i.AbstractProblemLoader Creating init config 
21469      DEBUG main            d.u.i.k.p.i.AbstractProblemLoader Init config took 3.5s 
21550      INFO  main            d.u.i.k.p.i.AbstractProblemLoader Replaying proof FreeConditions[FreeConditions::assertions0()].JML normal_behavior operation contract.0 
21558      DEBUG main            d.u.i.k.p.i.IntermediateProofReplayer Proof replay took 15.2ns 
21763      INFO  main            d.u.i.k.p.r.p.TestFile    ... finished proof: closed. 
21928      INFO  main            d.u.i.k.p.i.AbstractProblemLoader Loading environment from /home/runner/work/key/key/key.core/../key.ui/examples/heap/block_loop_contracts/Free/assertions0.key.proof 
21928      DEBUG main            d.u.i.k.p.i.AbstractProblemLoader Environment load took 171.4ns 
21935      INFO  main            d.u.i.k.p.i.AbstractProblemLoader Creating init config 
25334      DEBUG main            d.u.i.k.p.i.AbstractProblemLoader Init config took 3.4s 
25399      INFO  main            d.u.i.k.p.i.AbstractProblemLoader Replaying proof FreeConditions[FreeConditions::assertions0()].JML normal_behavior operation contract.0 
25433      DEBUG main            d.u.i.k.p.i.IntermediateProofReplayer Proof replay took 30.54ms 
25435      DEBUG main            d.u.i.k.p.r.p.TestFile    ... success: reloaded. 
25437      INFO  main            d.u.i.k.p.r.p.TestFile    Now processing file /home/runner/work/key/key/key.core/../key.ui/examples/heap/block_loop_contracts/Free/assertions1.key 
25437      INFO  main            d.u.i.k.p.i.AbstractProblemLoader Loading environment from /home/runner/work/key/key/key.core/../key.ui/examples/heap/block_loop_contracts/Free/assertions1.key 
25438      DEBUG main            d.u.i.k.p.i.AbstractProblemLoader Environment load took 322.3ns 
25439      INFO  main            d.u.i.k.p.i.AbstractProblemLoader Creating init config 
28698      DEBUG main            d.u.i.k.p.i.AbstractProblemLoader Init config took 3.26s 
28758      INFO  main            d.u.i.k.p.i.AbstractProblemLoader Replaying proof FreeConditions[FreeConditions::assertions1()].JML normal_behavior operation contract.0 
28761      DEBUG main            d.u.i.k.p.i.IntermediateProofReplayer Proof replay took 14.2ns 
28864      INFO  main            d.u.i.k.p.r.p.TestFile    ... finished proof: closed. 
29063      INFO  main            d.u.i.k.p.i.AbstractProblemLoader Loading environment from /home/runner/work/key/key/key.core/../key.ui/examples/heap/block_loop_contracts/Free/assertions1.key.proof 
29063      DEBUG main            d.u.i.k.p.i.AbstractProblemLoader Environment load took 162.6ns 
29064      INFO  main            d.u.i.k.p.i.AbstractProblemLoader Creating init config 
32231      DEBUG main            d.u.i.k.p.i.AbstractProblemLoader Init config took 3.17s 
32314      INFO  main            d.u.i.k.p.i.AbstractProblemLoader Replaying proof FreeConditions[FreeConditions::assertions1()].JML normal_behavior operation contract.0 
32330      DEBUG main            d.u.i.k.p.i.IntermediateProofReplayer Proof replay took 11.16ms 
32331      DEBUG main            d.u.i.k.p.r.p.TestFile    ... success: reloaded. 
32333      INFO  main            d.u.i.k.p.r.p.TestFile    Now processing file /home/runner/work/key/key/key.core/../key.ui/examples/standard_key/java_dl/jml-assert/recursion-assert.key 
32333      INFO  main            d.u.i.k.p.i.AbstractProblemLoader Loading environment from /home/runner/work/key/key/key.core/../key.ui/examples/standard_key/java_dl/jml-assert/recursion-assert.key 
32334      DEBUG main            d.u.i.k.p.i.AbstractProblemLoader Environment load took 301.3ns 
32335      INFO  main            d.u.i.k.p.i.AbstractProblemLoader Creating init config 
35670      DEBUG main            d.u.i.k.p.i.AbstractProblemLoader Init config took 3.34s 
35734      INFO  main            d.u.i.k.p.i.AbstractProblemLoader Replaying proof RecursiveMethod[RecursiveMethod::fac1(int)].JML normal_behavior operation contract.0 
35738      DEBUG main            d.u.i.k.p.i.IntermediateProofReplayer Proof replay took 7.1ns 
36044      INFO  main            d.u.i.k.p.r.p.TestFile    ... finished proof: closed. 
36256      INFO  main            d.u.i.k.p.i.AbstractProblemLoader Loading environment from /home/runner/work/key/key/key.core/../key.ui/examples/standard_key/java_dl/jml-assert/recursion-assert.key.proof 
36258      DEBUG main            d.u.i.k.p.i.AbstractProblemLoader Environment load took 1.44ms 
36259      INFO  main            d.u.i.k.p.i.AbstractProblemLoader Creating init config 
39615      DEBUG main            d.u.i.k.p.i.AbstractProblemLoader Init config took 3.36s 
39686      INFO  main            d.u.i.k.p.i.AbstractProblemLoader Replaying proof RecursiveMethod[RecursiveMethod::fac1(int)].JML normal_behavior operation contract.0 
39758      DEBUG main            d.u.i.k.p.i.IntermediateProofReplayer Proof replay took 57.78ms 
39760      DEBUG main            d.u.i.k.p.r.p.TestFile    ... success: reloaded. 
39761      INFO  main            d.u.i.k.p.r.p.TestFile    Now processing file /home/runner/work/key/key/key.core/../key.ui/examples/standard_key/java_dl/jml-assert/recursion-assume.key 
39762      INFO  main            d.u.i.k.p.i.AbstractProblemLoader Loading environment from /home/runner/work/key/key/key.core/../key.ui/examples/standard_key/java_dl/jml-assert/recursion-assume.key 
39762      DEBUG main            d.u.i.k.p.i.AbstractProblemLoader Environment load took 288.3ns 
39764      INFO  main            d.u.i.k.p.i.AbstractProblemLoader Creating init config 
43112      DEBUG main            d.u.i.k.p.i.AbstractProblemLoader Init config took 3.35s 
43168      INFO  main            d.u.i.k.p.i.AbstractProblemLoader Replaying proof RecursiveMethod[RecursiveMethod::fac2(int)].JML normal_behavior operation contract.0 
43171      DEBUG main            d.u.i.k.p.i.IntermediateProofReplayer Proof replay took 6.9ns 
43375      INFO  main            d.u.i.k.p.r.p.TestFile    ... finished proof: closed. 
43609      INFO  main            d.u.i.k.p.i.AbstractProblemLoader Loading environment from /home/runner/work/key/key/key.core/../key.ui/examples/standard_key/java_dl/jml-assert/recursion-assume.key.proof 
43609      DEBUG main            d.u.i.k.p.i.AbstractProblemLoader Environment load took 142.7ns 
43610      INFO  main            d.u.i.k.p.i.AbstractProblemLoader Creating init config 
46886      DEBUG main            d.u.i.k.p.i.AbstractProblemLoader Init config took 3.28s 
46947      INFO  main            d.u.i.k.p.i.AbstractProblemLoader Replaying proof RecursiveMethod[RecursiveMethod::fac2(int)].JML normal_behavior operation contract.0 
46999      DEBUG main            d.u.i.k.p.i.IntermediateProofReplayer Proof replay took 49.1ms 
47001      DEBUG main            d.u.i.k.p.r.p.TestFile    ... success: reloaded. 
47002      INFO  main            d.u.i.k.p.r.p.TestFile    Now processing file /home/runner/work/key/key/key.core/../key.ui/examples/standard_key/java_dl/jml-assert/quantor-assert.key 
47003      INFO  main            d.u.i.k.p.i.AbstractProblemLoader Loading environment from /home/runner/work/key/key/key.core/../key.ui/examples/standard_key/java_dl/jml-assert/quantor-assert.key 
47003      DEBUG main            d.u.i.k.p.i.AbstractProblemLoader Environment load took 370.2ns 
47004      INFO  main            d.u.i.k.p.i.AbstractProblemLoader Creating init config 
50390      DEBUG main            d.u.i.k.p.i.AbstractProblemLoader Init config took 3.39s 
50462      INFO  main            d.u.i.k.p.i.AbstractProblemLoader Replaying proof Quantor[Quantor::square1(int)].JML normal_behavior operation contract.0 
50464      DEBUG main            d.u.i.k.p.i.IntermediateProofReplayer Proof replay took 7ns 
50668      INFO  main            d.u.i.k.p.r.p.TestFile    ... finished proof: closed. 
50914      INFO  main            d.u.i.k.p.i.AbstractProblemLoader Loading environment from /home/runner/work/key/key/key.core/../key.ui/examples/standard_key/java_dl/jml-assert/quantor-assert.key.proof 
50915      DEBUG main            d.u.i.k.p.i.AbstractProblemLoader Environment load took 880.4ns 
50917      INFO  main            d.u.i.k.p.i.AbstractProblemLoader Creating init config 
54136      DEBUG main            d.u.i.k.p.i.AbstractProblemLoader Init config took 3.22s 
54191      INFO  main            d.u.i.k.p.i.AbstractProblemLoader Replaying proof Quantor[Quantor::square1(int)].JML normal_behavior operation contract.0 
54223      DEBUG main            d.u.i.k.p.i.IntermediateProofReplayer Proof replay took 29.51ms 
54224      DEBUG main            d.u.i.k.p.r.p.TestFile    ... success: reloaded. 
54225      INFO  main            d.u.i.k.p.r.p.TestFile    Now processing file /home/runner/work/key/key/key.core/../key.ui/examples/standard_key/java_dl/jml-assert/quantor-assume.key 
54226      INFO  main            d.u.i.k.p.i.AbstractProblemLoader Loading environment from /home/runner/work/key/key/key.core/../key.ui/examples/standard_key/java_dl/jml-assert/quantor-assume.key 
54226      DEBUG main            d.u.i.k.p.i.AbstractProblemLoader Environment load took 147.2ns 
54227      INFO  main            d.u.i.k.p.i.AbstractProblemLoader Creating init config 
57496      DEBUG main            d.u.i.k.p.i.AbstractProblemLoader Init config took 3.27s 
57551      INFO  main            d.u.i.k.p.i.AbstractProblemLoader Replaying proof Quantor[Quantor::square2(int)].JML normal_behavior operation contract.0 
57553      DEBUG main            d.u.i.k.p.i.IntermediateProofReplayer Proof replay took 7.7ns 
57659      INFO  main            d.u.i.k.p.r.p.TestFile    ... finished proof: closed. 
57903      INFO  main            d.u.i.k.p.i.AbstractProblemLoader Loading environment from /home/runner/work/key/key/key.core/../key.ui/examples/standard_key/java_dl/jml-assert/quantor-assume.key.proof 
57903      DEBUG main            d.u.i.k.p.i.AbstractProblemLoader Environment load took 141.3ns 
57905      INFO  main            d.u.i.k.p.i.AbstractProblemLoader Creating init config 
61163      DEBUG main            d.u.i.k.p.i.AbstractProblemLoader Init config took 3.26s 
61216      INFO  main            d.u.i.k.p.i.AbstractProblemLoader Replaying proof Quantor[Quantor::square2(int)].JML normal_behavior operation contract.0 
61238      DEBUG main            d.u.i.k.p.i.IntermediateProofReplayer Proof replay took 19.46ms 
61239      DEBUG main            d.u.i.k.p.r.p.TestFile    ... success: reloaded. 
61240      INFO  main            d.u.i.k.p.r.p.TestFile    Now processing file /home/runner/work/key/key/key.core/../key.ui/examples/standard_key/java_dl/jml-assert/model-methods-static-static.key 
61240      INFO  main            d.u.i.k.p.i.AbstractProblemLoader Loading environment from /home/runner/work/key/key/key.core/../key.ui/examples/standard_key/java_dl/jml-assert/model-methods-static-static.key 
61240      DEBUG main            d.u.i.k.p.i.AbstractProblemLoader Environment load took 137.2ns 
61241      INFO  main            d.u.i.k.p.i.AbstractProblemLoader Creating init config 
64485      DEBUG main            d.u.i.k.p.i.AbstractProblemLoader Init config took 3.24s 
64533      INFO  main            d.u.i.k.p.i.AbstractProblemLoader Replaying proof ModelMethods[ModelMethods::test1()].JML normal_behavior operation contract.0 
64534      DEBUG main            d.u.i.k.p.i.IntermediateProofReplayer Proof replay took 7.5ns 
64639      INFO  main            d.u.i.k.p.r.p.TestFile    ... finished proof: closed. 
64885      INFO  main            d.u.i.k.p.i.AbstractProblemLoader Loading environment from /home/runner/work/key/key/key.core/../key.ui/examples/standard_key/java_dl/jml-assert/model-methods-static-static.key.proof 
64886      DEBUG main            d.u.i.k.p.i.AbstractProblemLoader Environment load took 141.5ns 
64887      INFO  main            d.u.i.k.p.i.AbstractProblemLoader Creating init config 
68202      DEBUG main            d.u.i.k.p.i.AbstractProblemLoader Init config took 3.31s 
68250      INFO  main            d.u.i.k.p.i.AbstractProblemLoader Replaying proof ModelMethods[ModelMethods::test1()].JML normal_behavior operation contract.0 
68261      DEBUG main            d.u.i.k.p.i.IntermediateProofReplayer Proof replay took 8.23ms 
68262      DEBUG main            d.u.i.k.p.r.p.TestFile    ... success: reloaded. 
68263      INFO  main            d.u.i.k.p.r.p.TestFile    Now processing file /home/runner/work/key/key/key.core/../key.ui/examples/standard_key/java_dl/jml-assert/model-methods-instance-static.key 
68263      INFO  main            d.u.i.k.p.i.AbstractProblemLoader Loading environment from /home/runner/work/key/key/key.core/../key.ui/examples/standard_key/java_dl/jml-assert/model-methods-instance-static.key 
68263      DEBUG main            d.u.i.k.p.i.AbstractProblemLoader Environment load took 150.8ns 
68264      INFO  main            d.u.i.k.p.i.AbstractProblemLoader Creating init config 
71534      DEBUG main            d.u.i.k.p.i.AbstractProblemLoader Init config took 3.27s 
71581      INFO  main            d.u.i.k.p.i.AbstractProblemLoader Replaying proof ModelMethods[ModelMethods::test2()].JML normal_behavior operation contract.0 
71583      DEBUG main            d.u.i.k.p.i.IntermediateProofReplayer Proof replay took 7.8ns 
71685      INFO  main            d.u.i.k.p.r.p.TestFile    ... finished proof: closed. 
71943      INFO  main            d.u.i.k.p.i.AbstractProblemLoader Loading environment from /home/runner/work/key/key/key.core/../key.ui/examples/standard_key/java_dl/jml-assert/model-methods-instance-static.key.proof 
71943      DEBUG main            d.u.i.k.p.i.AbstractProblemLoader Environment load took 266.1ns 
71944      INFO  main            d.u.i.k.p.i.AbstractProblemLoader Creating init config 
75214      DEBUG main            d.u.i.k.p.i.AbstractProblemLoader Init config took 3.27s 
75275      INFO  main            d.u.i.k.p.i.AbstractProblemLoader Replaying proof ModelMethods[ModelMethods::test2()].JML normal_behavior operation contract.0 
75295      DEBUG main            d.u.i.k.p.i.IntermediateProofReplayer Proof replay took 17.97ms 
75302      DEBUG main            d.u.i.k.p.r.p.TestFile    ... success: reloaded. 
75304      INFO  main            d.u.i.k.p.r.p.TestFile    Now processing file /home/runner/work/key/key/key.core/../key.ui/examples/standard_key/java_dl/jml-assert/model-methods-instance-instance.key 
75304      INFO  main            d.u.i.k.p.i.AbstractProblemLoader Loading environment from /home/runner/work/key/key/key.core/../key.ui/examples/standard_key/java_dl/jml-assert/model-methods-instance-instance.key 
75305      DEBUG main            d.u.i.k.p.i.AbstractProblemLoader Environment load took 144.9ns 
75306      INFO  main            d.u.i.k.p.i.AbstractProblemLoader Creating init config 
78592      DEBUG main            d.u.i.k.p.i.AbstractProblemLoader Init config took 3.29s 
78638      INFO  main            d.u.i.k.p.i.AbstractProblemLoader Replaying proof ModelMethods[ModelMethods::test3()].JML normal_behavior operation contract.0 
78640      DEBUG main            d.u.i.k.p.i.IntermediateProofReplayer Proof replay took 7.8ns 
78742      INFO  main            d.u.i.k.p.r.p.TestFile    ... finished proof: closed. 
79023      INFO  main            d.u.i.k.p.i.AbstractProblemLoader Loading environment from /home/runner/work/key/key/key.core/../key.ui/examples/standard_key/java_dl/jml-assert/model-methods-instance-instance.key.proof 
79023      DEBUG main            d.u.i.k.p.i.AbstractProblemLoader Environment load took 152.5ns 
79024      INFO  main            d.u.i.k.p.i.AbstractProblemLoader Creating init config 
82197      DEBUG main            d.u.i.k.p.i.AbstractProblemLoader Init config took 3.17s 
82248      INFO  main            d.u.i.k.p.i.AbstractProblemLoader Replaying proof ModelMethods[ModelMethods::test3()].JML normal_behavior operation contract.0 
82263      DEBUG main            d.u.i.k.p.i.IntermediateProofReplayer Proof replay took 13.29ms 
82264      DEBUG main            d.u.i.k.p.r.p.TestFile    ... success: reloaded. 
82265      INFO  main            d.u.i.k.p.r.p.TestFile    Now processing file /home/runner/work/key/key/key.core/../key.ui/examples/standard_key/java_dl/jml-assert/model-methods-static-instance.key 
82266      INFO  main            d.u.i.k.p.i.AbstractProblemLoader Loading environment from /home/runner/work/key/key/key.core/../key.ui/examples/standard_key/java_dl/jml-assert/model-methods-static-instance.key 
82266      DEBUG main            d.u.i.k.p.i.AbstractProblemLoader Environment load took 144.8ns 
82267      INFO  main            d.u.i.k.p.i.AbstractProblemLoader Creating init config 
85526      DEBUG main            d.u.i.k.p.i.AbstractProblemLoader Init config took 3.26s 
85598      INFO  main            d.u.i.k.p.i.AbstractProblemLoader Replaying proof ModelMethods[ModelMethods::test4()].JML normal_behavior operation contract.0 
85599      DEBUG main            d.u.i.k.p.i.IntermediateProofReplayer Proof replay took 7.3ns 
85802      INFO  main            d.u.i.k.p.r.p.TestFile    ... finished proof: closed. 
86097      INFO  main            d.u.i.k.p.i.AbstractProblemLoader Loading environment from /home/runner/work/key/key/key.core/../key.ui/examples/standard_key/java_dl/jml-assert/model-methods-static-instance.key.proof 
86097      DEBUG main            d.u.i.k.p.i.AbstractProblemLoader Environment load took 141.4ns 
86098      INFO  main            d.u.i.k.p.i.AbstractProblemLoader Creating init config 
89260      DEBUG main            d.u.i.k.p.i.AbstractProblemLoader Init config took 3.16s 
89311      INFO  main            d.u.i.k.p.i.AbstractProblemLoader Replaying proof ModelMethods[ModelMethods::test4()].JML normal_behavior operation contract.0 
89355      DEBUG main            d.u.i.k.p.i.IntermediateProofReplayer Proof replay took 40.11ms 
89356      DEBUG main            d.u.i.k.p.r.p.TestFile    ... success: reloaded. 
89357      INFO  main            d.u.i.k.p.r.p.TestFile    Now processing file /home/runner/work/key/key/key.core/../key.ui/examples/standard_key/java_dl/jml-assert/assert-old/inc-field.key 
89358      INFO  main            d.u.i.k.p.i.AbstractProblemLoader Loading environment from /home/runner/work/key/key/key.core/../key.ui/examples/standard_key/java_dl/jml-assert/assert-old/inc-field.key 
89358      DEBUG main            d.u.i.k.p.i.AbstractProblemLoader Environment load took 318.5ns 
89359      INFO  main            d.u.i.k.p.i.AbstractProblemLoader Creating init config 
92504      DEBUG main            d.u.i.k.p.i.AbstractProblemLoader Init config took 3.14s 
92548      INFO  main            d.u.i.k.p.i.AbstractProblemLoader Replaying proof Inc[Inc::inc_field()].JML normal_behavior operation contract.0 
92549      DEBUG main            d.u.i.k.p.i.IntermediateProofReplayer Proof replay took 7.4ns 
92752      INFO  main            d.u.i.k.p.r.p.TestFile    ... finished proof: closed. 
93025      INFO  main            d.u.i.k.p.i.AbstractProblemLoader Loading environment from /home/runner/work/key/key/key.core/../key.ui/examples/standard_key/java_dl/jml-assert/assert-old/inc-field.key.proof 
93026      DEBUG main            d.u.i.k.p.i.AbstractProblemLoader Environment load took 676.2ns 
93028      INFO  main            d.u.i.k.p.i.AbstractProblemLoader Creating init config 
96117      DEBUG main            d.u.i.k.p.i.AbstractProblemLoader Init config took 3.09s 
96168      INFO  main            d.u.i.k.p.i.AbstractProblemLoader Replaying proof Inc[Inc::inc_field()].JML normal_behavior operation contract.0 
96206      DEBUG main            d.u.i.k.p.i.IntermediateProofReplayer Proof replay took 34.68ms 
96207      DEBUG main            d.u.i.k.p.r.p.TestFile    ... success: reloaded. 
96208      INFO  main            d.u.i.k.p.r.p.TestFile    Now processing file /home/runner/work/key/key/key.core/../key.ui/examples/standard_key/java_dl/jml-assert/assert-old/inc-parameter.key 
96208      INFO  main            d.u.i.k.p.i.AbstractProblemLoader Loading environment from /home/runner/work/key/key/key.core/../key.ui/examples/standard_key/java_dl/jml-assert/assert-old/inc-parameter.key 
96209      DEBUG main            d.u.i.k.p.i.AbstractProblemLoader Environment load took 283.4ns 
96210      INFO  main            d.u.i.k.p.i.AbstractProblemLoader Creating init config 
99362      DEBUG main            d.u.i.k.p.i.AbstractProblemLoader Init config took 3.15s 
99407      INFO  main            d.u.i.k.p.i.AbstractProblemLoader Replaying proof Inc[Inc::inc_parameter(int)].JML normal_behavior operation contract.0 
99409      DEBUG main            d.u.i.k.p.i.IntermediateProofReplayer Proof replay took 8.6ns 
99515      INFO  main            d.u.i.k.p.r.p.TestFile    ... finished proof: closed. 
99816      INFO  main            d.u.i.k.p.i.AbstractProblemLoader Loading environment from /home/runner/work/key/key/key.core/../key.ui/examples/standard_key/java_dl/jml-assert/assert-old/inc-parameter.key.proof 
99816      DEBUG main            d.u.i.k.p.i.AbstractProblemLoader Environment load took 136.1ns 
99818      INFO  main            d.u.i.k.p.i.AbstractProblemLoader Creating init config 
102885     DEBUG main            d.u.i.k.p.i.AbstractProblemLoader Init config took 3.07s 
102928     INFO  main            d.u.i.k.p.i.AbstractProblemLoader Replaying proof Inc[Inc::inc_parameter(int)].JML normal_behavior operation contract.0 
102948     DEBUG main            d.u.i.k.p.i.IntermediateProofReplayer Proof replay took 17.09ms 
102949     DEBUG main            d.u.i.k.p.r.p.TestFile    ... success: reloaded. 
102950     INFO  main            d.u.i.k.p.r.p.TestFile    Now processing file /home/runner/work/key/key/key.core/../key.ui/examples/standard_key/java_dl/jml-assert/assert-old/inc-parameter-field.key 
102952     INFO  main            d.u.i.k.p.i.AbstractProblemLoader Loading environment from /home/runner/work/key/key/key.core/../key.ui/examples/standard_key/java_dl/jml-assert/assert-old/inc-parameter-field.key 
102952     DEBUG main            d.u.i.k.p.i.AbstractProblemLoader Environment load took 281.8ns 
102953     INFO  main            d.u.i.k.p.i.AbstractProblemLoader Creating init config 
106086     DEBUG main            d.u.i.k.p.i.AbstractProblemLoader Init config took 3.13s 
106128     INFO  main            d.u.i.k.p.i.AbstractProblemLoader Replaying proof Inc[Inc::inc_parameter_field(Inc)].JML normal_behavior operation contract.0 
106130     DEBUG main            d.u.i.k.p.i.IntermediateProofReplayer Proof replay took 7.7ns 
106332     INFO  main            d.u.i.k.p.r.p.TestFile    ... finished proof: closed. 
106712     INFO  main            d.u.i.k.p.i.AbstractProblemLoader Loading environment from /home/runner/work/key/key/key.core/../key.ui/examples/standard_key/java_dl/jml-assert/assert-old/inc-parameter-field.key.proof 
106712     DEBUG main            d.u.i.k.p.i.AbstractProblemLoader Environment load took 128.7ns 
106714     INFO  main            d.u.i.k.p.i.AbstractProblemLoader Creating init config 
109809     DEBUG main            d.u.i.k.p.i.AbstractProblemLoader Init config took 3.1s 
109851     INFO  main            d.u.i.k.p.i.AbstractProblemLoader Replaying proof Inc[Inc::inc_parameter_field(Inc)].JML normal_behavior operation contract.0 
109915     DEBUG main            d.u.i.k.p.i.IntermediateProofReplayer Proof replay took 60.74ms 
109916     DEBUG main            d.u.i.k.p.r.p.TestFile    ... success: reloaded. 
109917     INFO  main            d.u.i.k.p.r.p.TestFile    Now processing file /home/runner/work/key/key/key.core/../key.ui/examples/standard_key/java_dl/jml-assert/assert-old/inc-ghost-field.key 
109917     INFO  main            d.u.i.k.p.i.AbstractProblemLoader Loading environment from /home/runner/work/key/key/key.core/../key.ui/examples/standard_key/java_dl/jml-assert/assert-old/inc-ghost-field.key 
109918     DEBUG main            d.u.i.k.p.i.AbstractProblemLoader Environment load took 336.6ns 
109919     INFO  main            d.u.i.k.p.i.AbstractProblemLoader Creating init config 
113082     DEBUG main            d.u.i.k.p.i.AbstractProblemLoader Init config took 3.16s 
113125     INFO  main            d.u.i.k.p.i.AbstractProblemLoader Replaying proof Inc[Inc::inc_ghost_field()].JML normal_behavior operation contract.0 
113127     DEBUG main            d.u.i.k.p.i.IntermediateProofReplayer Proof replay took 7.5ns 
113331     INFO  main            d.u.i.k.p.r.p.TestFile    ... finished proof: closed. 
113634     INFO  main            d.u.i.k.p.i.AbstractProblemLoader Loading environment from /home/runner/work/key/key/key.core/../key.ui/examples/standard_key/java_dl/jml-assert/assert-old/inc-ghost-field.key.proof 
113634     DEBUG main            d.u.i.k.p.i.AbstractProblemLoader Environment load took 135.1ns 
113636     INFO  main            d.u.i.k.p.i.AbstractProblemLoader Creating init config 
116704     DEBUG main            d.u.i.k.p.i.AbstractProblemLoader Init config took 3.07s 
116753     INFO  main            d.u.i.k.p.i.AbstractProblemLoader Replaying proof Inc[Inc::inc_ghost_field()].JML normal_behavior operation contract.0 
116788     DEBUG main            d.u.i.k.p.i.IntermediateProofReplayer Proof replay took 33.34ms 
116790     DEBUG main            d.u.i.k.p.r.p.TestFile    ... success: reloaded. 
954591     INFO  Test worker     d.u.i.k.p.r.RunAllProofsTestUnit Returning from test jmlAsserts 
954592     INFO  Test worker     d.u.i.k.p.r.RunAllProofsTestUnit Running test javaCard 
451        INFO  Timeout watchdog d.u.i.k.p.r.p.ForkedTestFileRunner Timeout watcher launched (2000 secs.) 
498        WARN  main            d.u.i.k.s.ProofSettings   The settings in /home/runner/.key/proof-settings.props are *not* read. 
534        INFO  main            d.u.i.k.p.r.p.TestFile    Now processing file /home/runner/work/key/key/key.core/../key.ui/examples/heap/javacard/updateBalance0.key 
695        INFO  main            d.u.i.k.p.i.AbstractProblemLoader Loading environment from /home/runner/work/key/key/key.core/../key.ui/examples/heap/javacard/updateBalance0.key 
715        DEBUG main            d.u.i.k.p.i.AbstractProblemLoader Environment load took 2.31ms 
1053       INFO  main            d.u.i.k.p.i.AbstractProblemLoader Creating init config 
2385       DEBUG main            d.u.i.k.j.TypeConverter   No LDT found for Meta 
2385       DEBUG main            d.u.i.k.j.TypeConverter   No LDT found for Meta 
2417       DEBUG main            d.u.i.k.j.TypeConverter   No LDT found for Meta 
2417       DEBUG main            d.u.i.k.j.TypeConverter   No LDT found for Meta 
4176       DEBUG main            d.u.i.k.j.TypeConverter   No LDT found for JavaBigintExpression 
8712       DEBUG main            d.u.i.k.p.i.AbstractProblemLoader Init config took 7.66s 
8868       INFO  main            d.u.i.k.p.i.AbstractProblemLoader Replaying proof Examples[Examples::updateBalance(short)].JML normal_behavior operation contract.0 
8914       DEBUG main            d.u.i.k.p.i.IntermediateProofReplayer Proof replay took 39.7ns 
10667      INFO  main            d.u.i.k.p.r.p.TestFile    ... finished proof: closed. 
10831      INFO  main            d.u.i.k.p.i.AbstractProblemLoader Loading environment from /home/runner/work/key/key/key.core/../key.ui/examples/heap/javacard/updateBalance0.key.proof 
10831      DEBUG main            d.u.i.k.p.i.AbstractProblemLoader Environment load took 628.61ns 
10835      INFO  main            d.u.i.k.p.i.AbstractProblemLoader Creating init config 
13269      DEBUG main            d.u.i.k.p.i.AbstractProblemLoader Init config took 2.43s 
13358      INFO  main            d.u.i.k.p.i.AbstractProblemLoader Replaying proof Examples[Examples::updateBalance(short)].JML normal_behavior operation contract.0 
13687      DEBUG main            d.u.i.k.p.i.IntermediateProofReplayer Proof replay took 318.79ms 
13699      DEBUG main            d.u.i.k.p.r.p.TestFile    ... success: reloaded. 
13707      INFO  main            d.u.i.k.p.r.p.TestFile    Now processing file /home/runner/work/key/key/key.core/../key.ui/examples/heap/javacard/updateBalance1.key 
13707      INFO  main            d.u.i.k.p.i.AbstractProblemLoader Loading environment from /home/runner/work/key/key/key.core/../key.ui/examples/heap/javacard/updateBalance1.key 
13707      DEBUG main            d.u.i.k.p.i.AbstractProblemLoader Environment load took 155ns 
13710      INFO  main            d.u.i.k.p.i.AbstractProblemLoader Creating init config 
15924      DEBUG main            d.u.i.k.p.i.AbstractProblemLoader Init config took 2.21s 
15991      INFO  main            d.u.i.k.p.i.AbstractProblemLoader Replaying proof Examples[Examples::updateBalance(short)].JML normal_behavior operation contract.1 
15995      DEBUG main            d.u.i.k.p.i.IntermediateProofReplayer Proof replay took 6.6ns 
16822      INFO  main            d.u.i.k.p.r.p.TestFile    ... finished proof: closed. 
16953      INFO  main            d.u.i.k.p.i.AbstractProblemLoader Loading environment from /home/runner/work/key/key/key.core/../key.ui/examples/heap/javacard/updateBalance1.key.proof 
16953      DEBUG main            d.u.i.k.p.i.AbstractProblemLoader Environment load took 203ns 
16954      INFO  main            d.u.i.k.p.i.AbstractProblemLoader Creating init config 
19095      DEBUG main            d.u.i.k.p.i.AbstractProblemLoader Init config took 2.14s 
19163      INFO  main            d.u.i.k.p.i.AbstractProblemLoader Replaying proof Examples[Examples::updateBalance(short)].JML normal_behavior operation contract.1 
19354      DEBUG main            d.u.i.k.p.i.IntermediateProofReplayer Proof replay took 185.79ms 
19358      DEBUG main            d.u.i.k.p.r.p.TestFile    ... success: reloaded. 
19364      INFO  main            d.u.i.k.p.r.p.TestFile    Now processing file /home/runner/work/key/key/key.core/../key.ui/examples/heap/javacard/setArray1.key 
19365      INFO  main            d.u.i.k.p.i.AbstractProblemLoader Loading environment from /home/runner/work/key/key/key.core/../key.ui/examples/heap/javacard/setArray1.key 
19365      DEBUG main            d.u.i.k.p.i.AbstractProblemLoader Environment load took 297.5ns 
19367      INFO  main            d.u.i.k.p.i.AbstractProblemLoader Creating init config 
21510      DEBUG main            d.u.i.k.p.i.AbstractProblemLoader Init config took 2.14s 
21573      INFO  main            d.u.i.k.p.i.AbstractProblemLoader Replaying proof Examples[Examples::setArray1([B)].JML normal_behavior operation contract.0 
21577      DEBUG main            d.u.i.k.p.i.IntermediateProofReplayer Proof replay took 7.4ns 
22983      INFO  main            d.u.i.k.p.r.p.TestFile    ... finished proof: closed. 
23134      INFO  main            d.u.i.k.p.i.AbstractProblemLoader Loading environment from /home/runner/work/key/key/key.core/../key.ui/examples/heap/javacard/setArray1.key.proof 
23135      DEBUG main            d.u.i.k.p.i.AbstractProblemLoader Environment load took 584.1ns 
23137      INFO  main            d.u.i.k.p.i.AbstractProblemLoader Creating init config 
25182      DEBUG main            d.u.i.k.p.i.AbstractProblemLoader Init config took 2.04s 
25235      INFO  main            d.u.i.k.p.i.AbstractProblemLoader Replaying proof Examples[Examples::setArray1([B)].JML normal_behavior operation contract.0 
25513      DEBUG main            d.u.i.k.p.i.IntermediateProofReplayer Proof replay took 271.53ms 
25516      DEBUG main            d.u.i.k.p.r.p.TestFile    ... success: reloaded. 
25520      INFO  main            d.u.i.k.p.r.p.TestFile    Now processing file /home/runner/work/key/key/key.core/../key.ui/examples/heap/javacard/setArray2.key 
25521      INFO  main            d.u.i.k.p.i.AbstractProblemLoader Loading environment from /home/runner/work/key/key/key.core/../key.ui/examples/heap/javacard/setArray2.key 
25521      DEBUG main            d.u.i.k.p.i.AbstractProblemLoader Environment load took 291.7ns 
25523      INFO  main            d.u.i.k.p.i.AbstractProblemLoader Creating init config 
27550      DEBUG main            d.u.i.k.p.i.AbstractProblemLoader Init config took 2.03s 
27627      INFO  main            d.u.i.k.p.i.AbstractProblemLoader Replaying proof Examples[Examples::setArray2([B)].JML normal_behavior operation contract.0 
27630      DEBUG main            d.u.i.k.p.i.IntermediateProofReplayer Proof replay took 7.1ns 
29038      INFO  main            d.u.i.k.p.r.p.TestFile    ... finished proof: closed. 
29193      INFO  main            d.u.i.k.p.i.AbstractProblemLoader Loading environment from /home/runner/work/key/key/key.core/../key.ui/examples/heap/javacard/setArray2.key.proof 
29194      DEBUG main            d.u.i.k.p.i.AbstractProblemLoader Environment load took 154.9ns 
29195      INFO  main            d.u.i.k.p.i.AbstractProblemLoader Creating init config 
31175      DEBUG main            d.u.i.k.p.i.AbstractProblemLoader Init config took 1.98s 
31223      INFO  main            d.u.i.k.p.i.AbstractProblemLoader Replaying proof Examples[Examples::setArray2([B)].JML normal_behavior operation contract.0 
31524      DEBUG main            d.u.i.k.p.i.IntermediateProofReplayer Proof replay took 292.7ms 
31527      DEBUG main            d.u.i.k.p.r.p.TestFile    ... success: reloaded. 
31529      INFO  main            d.u.i.k.p.r.p.TestFile    Now processing file /home/runner/work/key/key/key.core/../key.ui/examples/heap/javacard/arrayFillNonAtomic.key 
31530      INFO  main            d.u.i.k.p.i.AbstractProblemLoader Loading environment from /home/runner/work/key/key/key.core/../key.ui/examples/heap/javacard/arrayFillNonAtomic.key 
31530      DEBUG main            d.u.i.k.p.i.AbstractProblemLoader Environment load took 314.6ns 
31531      INFO  main            d.u.i.k.p.i.AbstractProblemLoader Creating init config 
33579      DEBUG main            d.u.i.k.p.i.AbstractProblemLoader Init config took 2.05s 
33651      INFO  main            d.u.i.k.p.i.AbstractProblemLoader Replaying proof javacard.framework.Util[javacard.framework.Util::arrayFillNonAtomic([B,short,short,byte)].JML behavior operation contract.0.transaction_inactive 
33654      DEBUG main            d.u.i.k.p.i.IntermediateProofReplayer Proof replay took 7.7ns 
34854      DEBUG Thread-13       d.u.i.k.l.o.ProgramSV     Match failed: Former match of  SchemaVariable incompatible with  the current match. 
34855      DEBUG Thread-13       d.u.i.k.l.o.ProgramSV     Match failed: Former match of  SchemaVariable incompatible with  the current match. 
36809      DEBUG Thread-13       d.u.i.k.l.o.ProgramSV     Match failed: Former match of  SchemaVariable incompatible with  the current match. 
36810      DEBUG Thread-13       d.u.i.k.l.o.ProgramSV     Match failed: Former match of  SchemaVariable incompatible with  the current match. 
38918      INFO  main            d.u.i.k.p.r.p.TestFile    ... finished proof: closed. 
39227      INFO  main            d.u.i.k.p.i.AbstractProblemLoader Loading environment from /home/runner/work/key/key/key.core/../key.ui/examples/heap/javacard/arrayFillNonAtomic.key.proof 
39227      DEBUG main            d.u.i.k.p.i.AbstractProblemLoader Environment load took 615.7ns 
39229      INFO  main            d.u.i.k.p.i.AbstractProblemLoader Creating init config 
41200      DEBUG main            d.u.i.k.p.i.AbstractProblemLoader Init config took 1.97s 
41278      INFO  main            d.u.i.k.p.i.AbstractProblemLoader Replaying proof javacard.framework.Util[javacard.framework.Util::arrayFillNonAtomic([B,short,short,byte)].JML behavior operation contract.0.transaction_inactive 
42520      DEBUG main            d.u.i.k.p.i.IntermediateProofReplayer Proof replay took 1.22s 
42521      DEBUG main            d.u.i.k.p.r.p.TestFile    ... success: reloaded. 
42522      INFO  main            d.u.i.k.p.r.p.TestFile    Now processing file /home/runner/work/key/key/key.core/../key.ui/examples/heap/coincidence_count/project.key 
42523      INFO  main            d.u.i.k.p.i.AbstractProblemLoader Loading environment from /home/runner/work/key/key/key.core/../key.ui/examples/heap/coincidence_count/project.key 
42523      DEBUG main            d.u.i.k.p.i.AbstractProblemLoader Environment load took 159.3ns 
42524      INFO  main            d.u.i.k.p.i.AbstractProblemLoader Creating init config 
46833      DEBUG main            d.u.i.k.p.i.AbstractProblemLoader Init config took 4.31s 
46905      INFO  main            d.u.i.k.p.i.AbstractProblemLoader Replaying proof CC[CC::calcCoinIndex([I,[I)].JML normal_behavior operation contract.0 
46910      DEBUG main            d.u.i.k.p.i.IntermediateProofReplayer Proof replay took 7.2ns 
72036      INFO  main            d.u.i.k.p.r.p.TestFile    ... finished proof: closed. 
72405      INFO  main            d.u.i.k.p.i.AbstractProblemLoader Loading environment from /home/runner/work/key/key/key.core/../key.ui/examples/heap/coincidence_count/project.key.proof 
72405      DEBUG main            d.u.i.k.p.i.AbstractProblemLoader Environment load took 298.4ns 
72410      INFO  main            d.u.i.k.p.i.AbstractProblemLoader Creating init config 
75661      DEBUG main            d.u.i.k.p.i.AbstractProblemLoader Init config took 3.25s 
75715      INFO  main            d.u.i.k.p.i.AbstractProblemLoader Replaying proof CC[CC::calcCoinIndex([I,[I)].JML normal_behavior operation contract.0 
77194      DEBUG main            d.u.i.k.p.i.IntermediateProofReplayer Proof replay took 1.41s 
77200      DEBUG main            d.u.i.k.p.r.p.TestFile    ... success: reloaded. 
77201      INFO  main            d.u.i.k.p.r.p.TestFile    Now processing file /home/runner/work/key/key/key.core/../key.ui/examples/heap/verifyThis11_1_Maximum/project.key 
77202      INFO  main            d.u.i.k.p.i.AbstractProblemLoader Loading environment from /home/runner/work/key/key/key.core/../key.ui/examples/heap/verifyThis11_1_Maximum/project.key 
77206      DEBUG main            d.u.i.k.p.i.AbstractProblemLoader Environment load took 3.68ms 
77208      INFO  main            d.u.i.k.p.i.AbstractProblemLoader Creating init config 
80701      DEBUG main            d.u.i.k.p.i.AbstractProblemLoader Init config took 3.49s 
80758      INFO  main            d.u.i.k.p.i.AbstractProblemLoader Replaying proof Maximum[Maximum::maxIndex([I)].JML normal_behavior operation contract.0 
80760      DEBUG main            d.u.i.k.p.i.IntermediateProofReplayer Proof replay took 7.4ns 
82068      INFO  main            d.u.i.k.p.r.p.TestFile    ... finished proof: closed. 
82394      INFO  main            d.u.i.k.p.i.AbstractProblemLoader Loading environment from /home/runner/work/key/key/key.core/../key.ui/examples/heap/verifyThis11_1_Maximum/project.key.proof 
82395      DEBUG main            d.u.i.k.p.i.AbstractProblemLoader Environment load took 619.9ns 
82397      INFO  main            d.u.i.k.p.i.AbstractProblemLoader Creating init config 
86102      DEBUG main            d.u.i.k.p.i.AbstractProblemLoader Init config took 3.71s 
86151      INFO  main            d.u.i.k.p.i.AbstractProblemLoader Replaying proof Maximum[Maximum::maxIndex([I)].JML normal_behavior operation contract.0 
86502      DEBUG main            d.u.i.k.p.i.IntermediateProofReplayer Proof replay took 337.65ms 
86503      DEBUG main            d.u.i.k.p.r.p.TestFile    ... success: reloaded. 
86514      INFO  main            d.u.i.k.p.r.p.TestFile    Now processing file /home/runner/work/key/key/key.core/../key.ui/examples/heap/fm12_01_LRS/lcp.key 
86515      INFO  main            d.u.i.k.p.i.AbstractProblemLoader Loading environment from /home/runner/work/key/key/key.core/../key.ui/examples/heap/fm12_01_LRS/lcp.key 
86515      DEBUG main            d.u.i.k.p.i.AbstractProblemLoader Environment load took 285.7ns 
86516      INFO  main            d.u.i.k.p.i.AbstractProblemLoader Creating init config 
90861      DEBUG main            d.u.i.k.p.i.AbstractProblemLoader Init config took 4.34s 
90935      INFO  main            d.u.i.k.p.i.AbstractProblemLoader Replaying proof LCP[LCP::lcp([I,int,int)].JML normal_behavior operation contract.0 
90938      DEBUG main            d.u.i.k.p.i.IntermediateProofReplayer Proof replay took 6ns 
92308      INFO  main            d.u.i.k.p.r.p.TestFile    ... finished proof: closed. 
92734      INFO  main            d.u.i.k.p.i.AbstractProblemLoader Loading environment from /home/runner/work/key/key/key.core/../key.ui/examples/heap/fm12_01_LRS/lcp.key.proof 
92735      DEBUG main            d.u.i.k.p.i.AbstractProblemLoader Environment load took 177.9ns 
92736      INFO  main            d.u.i.k.p.i.AbstractProblemLoader Creating init config 
96572      DEBUG main            d.u.i.k.p.i.AbstractProblemLoader Init config took 3.84s 
96670      INFO  main            d.u.i.k.p.i.AbstractProblemLoader Replaying proof LCP[LCP::lcp([I,int,int)].JML normal_behavior operation contract.0 
97005      DEBUG main            d.u.i.k.p.i.IntermediateProofReplayer Proof replay took 326.22ms 
97007      DEBUG main            d.u.i.k.p.r.p.TestFile    ... success: reloaded. 
97008      INFO  main            d.u.i.k.p.r.p.TestFile    Now processing file /home/runner/work/key/key/key.core/../key.ui/examples/heap/SemanticSlicing/project.key 
97008      INFO  main            d.u.i.k.p.i.AbstractProblemLoader Loading environment from /home/runner/work/key/key/key.core/../key.ui/examples/heap/SemanticSlicing/project.key 
97009      DEBUG main            d.u.i.k.p.i.AbstractProblemLoader Environment load took 111.8ns 
97010      INFO  main            d.u.i.k.p.i.AbstractProblemLoader Creating init config 
100377     DEBUG main            d.u.i.k.p.i.AbstractProblemLoader Init config took 3.37s 
100444     INFO  main            d.u.i.k.p.i.AbstractProblemLoader Replaying proof unsatcore_after.competition.postcond5.scope333.LRS[unsatcore_after.competition.postcond5.scope333.LRS::doLRS()].JML operation contract.0 
100447     DEBUG main            d.u.i.k.p.i.IntermediateProofReplayer Proof replay took 17.2ns 
105808     INFO  main            d.u.i.k.p.r.p.TestFile    ... finished proof: closed. 
106173     INFO  main            d.u.i.k.p.i.AbstractProblemLoader Loading environment from /home/runner/work/key/key/key.core/../key.ui/examples/heap/SemanticSlicing/project.key.proof 
106173     DEBUG main            d.u.i.k.p.i.AbstractProblemLoader Environment load took 158.9ns 
106175     INFO  main            d.u.i.k.p.i.AbstractProblemLoader Creating init config 
109538     DEBUG main            d.u.i.k.p.i.AbstractProblemLoader Init config took 3.36s 
109603     INFO  main            d.u.i.k.p.i.AbstractProblemLoader Replaying proof unsatcore_after.competition.postcond5.scope333.LRS[unsatcore_after.competition.postcond5.scope333.LRS::doLRS()].JML operation contract.0 
110718     DEBUG main            d.u.i.k.p.i.IntermediateProofReplayer Proof replay took 1.1s 
110720     DEBUG main            d.u.i.k.p.r.p.TestFile    ... success: reloaded. 
110724     INFO  main            d.u.i.k.p.r.p.TestFile    Now processing file /home/runner/work/key/key/key.core/../key.ui/examples/heap/information_flow/ArrayList_contains.key 
110725     INFO  main            d.u.i.k.p.i.AbstractProblemLoader Loading environment from /home/runner/work/key/key/key.core/../key.ui/examples/heap/information_flow/ArrayList_contains.key 
110725     DEBUG main            d.u.i.k.p.i.AbstractProblemLoader Environment load took 324.4ns 
110727     INFO  main            d.u.i.k.p.i.AbstractProblemLoader Creating init config 
114357     DEBUG main            d.u.i.k.p.i.AbstractProblemLoader Init config took 3.63s 
114407     INFO  main            d.u.i.k.p.i.AbstractProblemLoader Replaying proof ArrayList[ArrayList::get(int)].JML normal_behavior operation contract.0 
114408     DEBUG main            d.u.i.k.p.i.IntermediateProofReplayer Proof replay took 6.5ns 
114813     INFO  main            d.u.i.k.p.r.p.TestFile    ... finished proof: closed. 
115177     INFO  main            d.u.i.k.p.i.AbstractProblemLoader Loading environment from /home/runner/work/key/key/key.core/../key.ui/examples/heap/information_flow/ArrayList_contains.key.proof 
115177     DEBUG main            d.u.i.k.p.i.AbstractProblemLoader Environment load took 249ns 
115178     INFO  main            d.u.i.k.p.i.AbstractProblemLoader Creating init config 
118666     DEBUG main            d.u.i.k.p.i.AbstractProblemLoader Init config took 3.49s 
118715     INFO  main            d.u.i.k.p.i.AbstractProblemLoader Replaying proof ArrayList[ArrayList::get(int)].JML normal_behavior operation contract.0 
118797     DEBUG main            d.u.i.k.p.i.IntermediateProofReplayer Proof replay took 78.59ms 
118798     DEBUG main            d.u.i.k.p.r.p.TestFile    ... success: reloaded. 
118799     INFO  main            d.u.i.k.p.r.p.TestFile    Now processing file /home/runner/work/key/key/key.core/../key.ui/examples/heap/information_flow/ArrayList_get.key 
118799     INFO  main            d.u.i.k.p.i.AbstractProblemLoader Loading environment from /home/runner/work/key/key/key.core/../key.ui/examples/heap/information_flow/ArrayList_get.key 
118799     DEBUG main            d.u.i.k.p.i.AbstractProblemLoader Environment load took 150.9ns 
118800     INFO  main            d.u.i.k.p.i.AbstractProblemLoader Creating init config 
122307     DEBUG main            d.u.i.k.p.i.AbstractProblemLoader Init config took 3.51s 
122359     INFO  main            d.u.i.k.p.i.AbstractProblemLoader Replaying proof ArrayList[ArrayList::contains(java.lang.Object)].JML normal_behavior operation contract.0 
122360     DEBUG main            d.u.i.k.p.i.IntermediateProofReplayer Proof replay took 17.1ns 
123566     INFO  main            d.u.i.k.p.r.p.TestFile    ... finished proof: closed. 
123896     INFO  main            d.u.i.k.p.i.AbstractProblemLoader Loading environment from /home/runner/work/key/key/key.core/../key.ui/examples/heap/information_flow/ArrayList_get.key.proof 
123896     DEBUG main            d.u.i.k.p.i.AbstractProblemLoader Environment load took 231.4ns 
123897     INFO  main            d.u.i.k.p.i.AbstractProblemLoader Creating init config 
127306     DEBUG main            d.u.i.k.p.i.AbstractProblemLoader Init config took 3.41s 
127354     INFO  main            d.u.i.k.p.i.AbstractProblemLoader Replaying proof ArrayList[ArrayList::contains(java.lang.Object)].JML normal_behavior operation contract.0 
127570     DEBUG main            d.u.i.k.p.i.IntermediateProofReplayer Proof replay took 210.68ms 
127572     DEBUG main            d.u.i.k.p.r.p.TestFile    ... success: reloaded. 
127573     INFO  main            d.u.i.k.p.r.p.TestFile    Now processing file /home/runner/work/key/key/key.core/../key.ui/examples/heap/information_flow/ArrayList_size.key 
127573     INFO  main            d.u.i.k.p.i.AbstractProblemLoader Loading environment from /home/runner/work/key/key/key.core/../key.ui/examples/heap/information_flow/ArrayList_size.key 
127574     DEBUG main            d.u.i.k.p.i.AbstractProblemLoader Environment load took 295.6ns 
127575     INFO  main            d.u.i.k.p.i.AbstractProblemLoader Creating init config 
131104     DEBUG main            d.u.i.k.p.i.AbstractProblemLoader Init config took 3.53s 
131186     INFO  main            d.u.i.k.p.i.AbstractProblemLoader Replaying proof ArrayList[ArrayList::size()].JML normal_behavior operation contract.0 
131188     DEBUG main            d.u.i.k.p.i.IntermediateProofReplayer Proof replay took 6.6ns 
131292     INFO  main            d.u.i.k.p.r.p.TestFile    ... finished proof: closed. 
131660     INFO  main            d.u.i.k.p.i.AbstractProblemLoader Loading environment from /home/runner/work/key/key/key.core/../key.ui/examples/heap/information_flow/ArrayList_size.key.proof 
131660     DEBUG main            d.u.i.k.p.i.AbstractProblemLoader Environment load took 152ns 
131661     INFO  main            d.u.i.k.p.i.AbstractProblemLoader Creating init config 
135070     DEBUG main            d.u.i.k.p.i.AbstractProblemLoader Init config took 3.41s 
135121     INFO  main            d.u.i.k.p.i.AbstractProblemLoader Replaying proof ArrayList[ArrayList::size()].JML normal_behavior operation contract.0 
135142     DEBUG main            d.u.i.k.p.i.IntermediateProofReplayer Proof replay took 18.04ms 
135143     DEBUG main            d.u.i.k.p.r.p.TestFile    ... success: reloaded. 
135144     INFO  main            d.u.i.k.p.r.p.TestFile    Now processing file /home/runner/work/key/key/key.core/../key.ui/examples/heap/information_flow/UpdateAbstraction_ex7_3_secure.key 
135146     INFO  main            d.u.i.k.p.i.AbstractProblemLoader Loading environment from /home/runner/work/key/key/key.core/../key.ui/examples/heap/information_flow/UpdateAbstraction_ex7_3_secure.key 
135146     DEBUG main            d.u.i.k.p.i.AbstractProblemLoader Environment load took 157.4ns 
135148     INFO  main            d.u.i.k.p.i.AbstractProblemLoader Creating init config 
138667     DEBUG main            d.u.i.k.p.i.AbstractProblemLoader Init config took 3.52s 
138714     INFO  main            d.u.i.k.p.i.AbstractProblemLoader Replaying proof UpdateAbstraction[UpdateAbstraction::ex7_3_secure()].JML operation contract.0 
138716     DEBUG main            d.u.i.k.p.i.IntermediateProofReplayer Proof replay took 6.4ns 
138918     INFO  main            d.u.i.k.p.r.p.TestFile    ... finished proof: closed. 
139274     INFO  main            d.u.i.k.p.i.AbstractProblemLoader Loading environment from /home/runner/work/key/key/key.core/../key.ui/examples/heap/information_flow/UpdateAbstraction_ex7_3_secure.key.proof 
139274     DEBUG main            d.u.i.k.p.i.AbstractProblemLoader Environment load took 432.1ns 
139276     INFO  main            d.u.i.k.p.i.AbstractProblemLoader Creating init config 
142687     DEBUG main            d.u.i.k.p.i.AbstractProblemLoader Init config took 3.41s 
142736     INFO  main            d.u.i.k.p.i.AbstractProblemLoader Replaying proof UpdateAbstraction[UpdateAbstraction::ex7_3_secure()].JML operation contract.0 
142783     DEBUG main            d.u.i.k.p.i.IntermediateProofReplayer Proof replay took 41.54ms 
142786     DEBUG main            d.u.i.k.p.r.p.TestFile    ... success: reloaded. 
142788     INFO  main            d.u.i.k.p.r.p.TestFile    Now processing file /home/runner/work/key/key/key.core/../key.ui/examples/heap/information_flow/UpdateAbstraction_ex7_4_secure.key 
142788     INFO  main            d.u.i.k.p.i.AbstractProblemLoader Loading environment from /home/runner/work/key/key/key.core/../key.ui/examples/heap/information_flow/UpdateAbstraction_ex7_4_secure.key 
142789     DEBUG main            d.u.i.k.p.i.AbstractProblemLoader Environment load took 276.2ns 
142790     INFO  main            d.u.i.k.p.i.AbstractProblemLoader Creating init config 
146305     DEBUG main            d.u.i.k.p.i.AbstractProblemLoader Init config took 3.52s 
146360     INFO  main            d.u.i.k.p.i.AbstractProblemLoader Replaying proof UpdateAbstraction[UpdateAbstraction::ex7_4_secure()].JML operation contract.0 
146365     DEBUG main            d.u.i.k.p.i.IntermediateProofReplayer Proof replay took 7.3ns 
146668     INFO  main            d.u.i.k.p.r.p.TestFile    ... finished proof: closed. 
147048     INFO  main            d.u.i.k.p.i.AbstractProblemLoader Loading environment from /home/runner/work/key/key/key.core/../key.ui/examples/heap/information_flow/UpdateAbstraction_ex7_4_secure.key.proof 
147048     DEBUG main            d.u.i.k.p.i.AbstractProblemLoader Environment load took 143ns 
147049     INFO  main            d.u.i.k.p.i.AbstractProblemLoader Creating init config 
150431     DEBUG main            d.u.i.k.p.i.AbstractProblemLoader Init config took 3.38s 
150474     INFO  main            d.u.i.k.p.i.AbstractProblemLoader Replaying proof UpdateAbstraction[UpdateAbstraction::ex7_4_secure()].JML operation contract.0 
150537     DEBUG main            d.u.i.k.p.i.IntermediateProofReplayer Proof replay took 60.35ms 
150539     DEBUG main            d.u.i.k.p.r.p.TestFile    ... success: reloaded. 
150539     INFO  main            d.u.i.k.p.r.p.TestFile    Now processing file /home/runner/work/key/key/key.core/../key.ui/examples/heap/information_flow/UpdateAbstraction_ex7_5_secure.key 
150540     INFO  main            d.u.i.k.p.i.AbstractProblemLoader Loading environment from /home/runner/work/key/key/key.core/../key.ui/examples/heap/information_flow/UpdateAbstraction_ex7_5_secure.key 
150540     DEBUG main            d.u.i.k.p.i.AbstractProblemLoader Environment load took 200.1ns 
150541     INFO  main            d.u.i.k.p.i.AbstractProblemLoader Creating init config 
154022     DEBUG main            d.u.i.k.p.i.AbstractProblemLoader Init config took 3.48s 
154065     INFO  main            d.u.i.k.p.i.AbstractProblemLoader Replaying proof UpdateAbstraction[UpdateAbstraction::ex7_5_secure()].JML operation contract.0 
154067     DEBUG main            d.u.i.k.p.i.IntermediateProofReplayer Proof replay took 7.2ns 
154270     INFO  main            d.u.i.k.p.r.p.TestFile    ... finished proof: closed. 
154621     INFO  main            d.u.i.k.p.i.AbstractProblemLoader Loading environment from /home/runner/work/key/key/key.core/../key.ui/examples/heap/information_flow/UpdateAbstraction_ex7_5_secure.key.proof 
154622     DEBUG main            d.u.i.k.p.i.AbstractProblemLoader Environment load took 137.6ns 
154623     INFO  main            d.u.i.k.p.i.AbstractProblemLoader Creating init config 
158008     DEBUG main            d.u.i.k.p.i.AbstractProblemLoader Init config took 3.39s 
158052     INFO  main            d.u.i.k.p.i.AbstractProblemLoader Replaying proof UpdateAbstraction[UpdateAbstraction::ex7_5_secure()].JML operation contract.0 
158078     DEBUG main            d.u.i.k.p.i.IntermediateProofReplayer Proof replay took 23.86ms 
158079     DEBUG main            d.u.i.k.p.r.p.TestFile    ... success: reloaded. 
158079     INFO  main            d.u.i.k.p.r.p.TestFile    Now processing file /home/runner/work/key/key/key.core/../key.ui/examples/heap/information_flow/UpdateAbstraction_ex7_6_secure.key 
158080     INFO  main            d.u.i.k.p.i.AbstractProblemLoader Loading environment from /home/runner/work/key/key/key.core/../key.ui/examples/heap/information_flow/UpdateAbstraction_ex7_6_secure.key 
158080     DEBUG main            d.u.i.k.p.i.AbstractProblemLoader Environment load took 141.1ns 
158081     INFO  main            d.u.i.k.p.i.AbstractProblemLoader Creating init config 
161584     DEBUG main            d.u.i.k.p.i.AbstractProblemLoader Init config took 3.5s 
161627     INFO  main            d.u.i.k.p.i.AbstractProblemLoader Replaying proof UpdateAbstraction[UpdateAbstraction::ex7_6_secure()].JML operation contract.0 
161634     DEBUG main            d.u.i.k.p.i.IntermediateProofReplayer Proof replay took 8.3ns 
162037     INFO  main            d.u.i.k.p.r.p.TestFile    ... finished proof: closed. 
162424     INFO  main            d.u.i.k.p.i.AbstractProblemLoader Loading environment from /home/runner/work/key/key/key.core/../key.ui/examples/heap/information_flow/UpdateAbstraction_ex7_6_secure.key.proof 
162425     DEBUG main            d.u.i.k.p.i.AbstractProblemLoader Environment load took 154.8ns 
162426     INFO  main            d.u.i.k.p.i.AbstractProblemLoader Creating init config 
165896     DEBUG main            d.u.i.k.p.i.AbstractProblemLoader Init config took 3.47s 
165939     INFO  main            d.u.i.k.p.i.AbstractProblemLoader Replaying proof UpdateAbstraction[UpdateAbstraction::ex7_6_secure()].JML operation contract.0 
166027     DEBUG main            d.u.i.k.p.i.IntermediateProofReplayer Proof replay took 84.98ms 
166028     DEBUG main            d.u.i.k.p.r.p.TestFile    ... success: reloaded. 
166029     INFO  main            d.u.i.k.p.r.p.TestFile    Now processing file /home/runner/work/key/key/key.core/../key.ui/examples/heap/information_flow/UpdateAbstraction_ex9_secure.key 
166030     INFO  main            d.u.i.k.p.i.AbstractProblemLoader Loading environment from /home/runner/work/key/key/key.core/../key.ui/examples/heap/information_flow/UpdateAbstraction_ex9_secure.key 
166031     DEBUG main            d.u.i.k.p.i.AbstractProblemLoader Environment load took 675.81ns 
166033     INFO  main            d.u.i.k.p.i.AbstractProblemLoader Creating init config 
169494     DEBUG main            d.u.i.k.p.i.AbstractProblemLoader Init config took 3.46s 
169537     INFO  main            d.u.i.k.p.i.AbstractProblemLoader Replaying proof UpdateAbstraction[UpdateAbstraction::ex9_secure()].JML operation contract.0 
169539     DEBUG main            d.u.i.k.p.i.IntermediateProofReplayer Proof replay took 6.6ns 
170746     INFO  main            d.u.i.k.p.r.p.TestFile    ... finished proof: closed. 
171168     INFO  main            d.u.i.k.p.i.AbstractProblemLoader Loading environment from /home/runner/work/key/key/key.core/../key.ui/examples/heap/information_flow/UpdateAbstraction_ex9_secure.key.proof 
171168     DEBUG main            d.u.i.k.p.i.AbstractProblemLoader Environment load took 649ns 
171170     INFO  main            d.u.i.k.p.i.AbstractProblemLoader Creating init config 
174511     DEBUG main            d.u.i.k.p.i.AbstractProblemLoader Init config took 3.34s 
174554     INFO  main            d.u.i.k.p.i.AbstractProblemLoader Replaying proof UpdateAbstraction[UpdateAbstraction::ex9_secure()].JML operation contract.0 
174822     DEBUG main            d.u.i.k.p.i.IntermediateProofReplayer Proof replay took 263.51ms 
174824     DEBUG main            d.u.i.k.p.r.p.TestFile    ... success: reloaded. 
1129646    INFO  Test worker     d.u.i.k.p.r.RunAllProofsTestUnit Returning from test javaCard 
1129650    INFO  Test worker     d.u.i.k.p.r.RunAllProofsTestUnit Running test list 
448        INFO  Timeout watchdog d.u.i.k.p.r.p.ForkedTestFileRunner Timeout watcher launched (2000 secs.) 
454        WARN  main            d.u.i.k.s.ProofSettings   The settings in /home/runner/.key/proof-settings.props are *not* read. 
510        INFO  main            d.u.i.k.p.r.p.TestFile    Now processing file /home/runner/work/key/key/key.core/../key.ui/examples/heap/list/ArrayList_add.key 
683        INFO  main            d.u.i.k.p.i.AbstractProblemLoader Loading environment from /home/runner/work/key/key/key.core/../key.ui/examples/heap/list/ArrayList_add.key 
703        DEBUG main            d.u.i.k.p.i.AbstractProblemLoader Environment load took 2.37ms 
1027       INFO  main            d.u.i.k.p.i.AbstractProblemLoader Creating init config 
2256       DEBUG main            d.u.i.k.j.TypeConverter   No LDT found for Meta 
2257       DEBUG main            d.u.i.k.j.TypeConverter   No LDT found for Meta 
2259       DEBUG main            d.u.i.k.j.TypeConverter   No LDT found for Meta 
2259       DEBUG main            d.u.i.k.j.TypeConverter   No LDT found for Meta 
4473       DEBUG main            d.u.i.k.j.TypeConverter   No LDT found for JavaBigintExpression 
8516       DEBUG main            d.u.i.k.j.r.ClassPreparationMethodBuilder clPrepBuilder: Inner Class detected. Reject building class initialisation methods. 
11993      DEBUG main            d.u.i.k.p.i.AbstractProblemLoader Init config took 10.97s 
12175      INFO  main            d.u.i.k.p.i.AbstractProblemLoader Replaying proof ArrayList[List::add(java.lang.Object)].JML normal_behavior operation contract.0 
12266      DEBUG main            d.u.i.k.p.i.IntermediateProofReplayer Proof replay took 40.6ns 
19882      INFO  main            d.u.i.k.p.r.p.TestFile    ... finished proof: closed. 
20141      INFO  main            d.u.i.k.p.i.AbstractProblemLoader Loading environment from /home/runner/work/key/key/key.core/../key.ui/examples/heap/list/ArrayList_add.key.proof 
20141      DEBUG main            d.u.i.k.p.i.AbstractProblemLoader Environment load took 658.8ns 
20147      INFO  main            d.u.i.k.p.i.AbstractProblemLoader Creating init config 
21670      DEBUG main            d.u.i.k.j.r.ClassPreparationMethodBuilder clPrepBuilder: Inner Class detected. Reject building class initialisation methods. 
24666      DEBUG main            d.u.i.k.p.i.AbstractProblemLoader Init config took 4.52s 
24758      INFO  main            d.u.i.k.p.i.AbstractProblemLoader Replaying proof ArrayList[List::add(java.lang.Object)].JML normal_behavior operation contract.0 
26305      DEBUG main            d.u.i.k.p.i.IntermediateProofReplayer Proof replay took 1.5s 
26318      DEBUG main            d.u.i.k.p.r.p.TestFile    ... success: reloaded. 
26322      INFO  main            d.u.i.k.p.r.p.TestFile    Now processing file /home/runner/work/key/key/key.core/../key.ui/examples/heap/list/ArrayList_ArrayList.key 
26322      INFO  main            d.u.i.k.p.i.AbstractProblemLoader Loading environment from /home/runner/work/key/key/key.core/../key.ui/examples/heap/list/ArrayList_ArrayList.key 
26323      DEBUG main            d.u.i.k.p.i.AbstractProblemLoader Environment load took 338.2ns 
26327      INFO  main            d.u.i.k.p.i.AbstractProblemLoader Creating init config 
27781      DEBUG main            d.u.i.k.j.r.ClassPreparationMethodBuilder clPrepBuilder: Inner Class detected. Reject building class initialisation methods. 
30673      DEBUG main            d.u.i.k.p.i.AbstractProblemLoader Init config took 4.35s 
30760      INFO  main            d.u.i.k.p.i.AbstractProblemLoader Replaying proof ArrayList[ArrayList::ArrayList()].JML normal_behavior operation contract.0 
30763      DEBUG main            d.u.i.k.p.i.IntermediateProofReplayer Proof replay took 7.9ns 
32772      INFO  main            d.u.i.k.p.r.p.TestFile    ... finished proof: closed. 
33040      INFO  main            d.u.i.k.p.i.AbstractProblemLoader Loading environment from /home/runner/work/key/key/key.core/../key.ui/examples/heap/list/ArrayList_ArrayList.key.proof 
33043      DEBUG main            d.u.i.k.p.i.AbstractProblemLoader Environment load took 3.04ms 
33045      INFO  main            d.u.i.k.p.i.AbstractProblemLoader Creating init config 
34411      DEBUG main            d.u.i.k.j.r.ClassPreparationMethodBuilder clPrepBuilder: Inner Class detected. Reject building class initialisation methods. 
37257      DEBUG main            d.u.i.k.p.i.AbstractProblemLoader Init config took 4.21s 
37337      INFO  main            d.u.i.k.p.i.AbstractProblemLoader Replaying proof ArrayList[ArrayList::ArrayList()].JML normal_behavior operation contract.0 
37643      DEBUG main            d.u.i.k.p.i.IntermediateProofReplayer Proof replay took 295.01ms 
37645      DEBUG main            d.u.i.k.p.r.p.TestFile    ... success: reloaded. 
37647      INFO  main            d.u.i.k.p.r.p.TestFile    Now processing file /home/runner/work/key/key/key.core/../key.ui/examples/heap/list/ArrayList_concatenate.key 
37648      INFO  main            d.u.i.k.p.i.AbstractProblemLoader Loading environment from /home/runner/work/key/key/key.core/../key.ui/examples/heap/list/ArrayList_concatenate.key 
37648      DEBUG main            d.u.i.k.p.i.AbstractProblemLoader Environment load took 291ns 
37650      INFO  main            d.u.i.k.p.i.AbstractProblemLoader Creating init config 
39075      DEBUG main            d.u.i.k.j.r.ClassPreparationMethodBuilder clPrepBuilder: Inner Class detected. Reject building class initialisation methods. 
41828      DEBUG main            d.u.i.k.p.i.AbstractProblemLoader Init config took 4.18s 
41898      INFO  main            d.u.i.k.p.i.AbstractProblemLoader Replaying proof ArrayList[List::concatenate(List)].JML normal_behavior operation contract.0 
41901      DEBUG main            d.u.i.k.p.i.IntermediateProofReplayer Proof replay took 6.7ns 
74325      INFO  main            d.u.i.k.p.r.p.TestFile    ... finished proof: closed. 
74678      INFO  main            d.u.i.k.p.i.AbstractProblemLoader Loading environment from /home/runner/work/key/key/key.core/../key.ui/examples/heap/list/ArrayList_concatenate.key.proof 
74679      DEBUG main            d.u.i.k.p.i.AbstractProblemLoader Environment load took 634.23ns 
74688      INFO  main            d.u.i.k.p.i.AbstractProblemLoader Creating init config 
75967      DEBUG main            d.u.i.k.j.r.ClassPreparationMethodBuilder clPrepBuilder: Inner Class detected. Reject building class initialisation methods. 
78689      DEBUG main            d.u.i.k.p.i.AbstractProblemLoader Init config took 4s 
78777      INFO  main            d.u.i.k.p.i.AbstractProblemLoader Replaying proof ArrayList[List::concatenate(List)].JML normal_behavior operation contract.0 
81930      DEBUG main            d.u.i.k.p.i.IntermediateProofReplayer Proof replay took 3.08s 
81935      DEBUG main            d.u.i.k.p.r.p.TestFile    ... success: reloaded. 
81937      INFO  main            d.u.i.k.p.r.p.TestFile    Now processing file /home/runner/work/key/key/key.core/../key.ui/examples/heap/list/ArrayList_contains_dep.key 
81938      INFO  main            d.u.i.k.p.i.AbstractProblemLoader Loading environment from /home/runner/work/key/key/key.core/../key.ui/examples/heap/list/ArrayList_contains_dep.key 
81938      DEBUG main            d.u.i.k.p.i.AbstractProblemLoader Environment load took 287.01ns 
81939      INFO  main            d.u.i.k.p.i.AbstractProblemLoader Creating init config 
83297      DEBUG main            d.u.i.k.j.r.ClassPreparationMethodBuilder clPrepBuilder: Inner Class detected. Reject building class initialisation methods. 
86092      DEBUG main            d.u.i.k.p.i.AbstractProblemLoader Init config took 4.15s 
86168      INFO  main            d.u.i.k.p.i.AbstractProblemLoader Replaying proof ArrayList[List::contains(java.lang.Object)].JML accessible clause.0 
86171      DEBUG main            d.u.i.k.p.i.IntermediateProofReplayer Proof replay took 5.5ns 
89949      INFO  main            d.u.i.k.p.r.p.TestFile    ... finished proof: closed. 
90205      INFO  main            d.u.i.k.p.i.AbstractProblemLoader Loading environment from /home/runner/work/key/key/key.core/../key.ui/examples/heap/list/ArrayList_contains_dep.key.proof 
90206      DEBUG main            d.u.i.k.p.i.AbstractProblemLoader Environment load took 254.21ns 
90208      INFO  main            d.u.i.k.p.i.AbstractProblemLoader Creating init config 
91469      DEBUG main            d.u.i.k.j.r.ClassPreparationMethodBuilder clPrepBuilder: Inner Class detected. Reject building class initialisation methods. 
94189      DEBUG main            d.u.i.k.p.i.AbstractProblemLoader Init config took 3.98s 
94254      INFO  main            d.u.i.k.p.i.AbstractProblemLoader Replaying proof ArrayList[List::contains(java.lang.Object)].JML accessible clause.0 
94882      DEBUG main            d.u.i.k.p.i.IntermediateProofReplayer Proof replay took 616.41ms 
94884      DEBUG main            d.u.i.k.p.r.p.TestFile    ... success: reloaded. 
94885      INFO  main            d.u.i.k.p.r.p.TestFile    Now processing file /home/runner/work/key/key/key.core/../key.ui/examples/heap/list/ArrayList_enlarge.key 
94886      INFO  main            d.u.i.k.p.i.AbstractProblemLoader Loading environment from /home/runner/work/key/key/key.core/../key.ui/examples/heap/list/ArrayList_enlarge.key 
94886      DEBUG main            d.u.i.k.p.i.AbstractProblemLoader Environment load took 287.2ns 
94887      INFO  main            d.u.i.k.p.i.AbstractProblemLoader Creating init config 
96125      DEBUG main            d.u.i.k.j.r.ClassPreparationMethodBuilder clPrepBuilder: Inner Class detected. Reject building class initialisation methods. 
98860      DEBUG main            d.u.i.k.p.i.AbstractProblemLoader Init config took 3.97s 
98926      INFO  main            d.u.i.k.p.i.AbstractProblemLoader Replaying proof ArrayList[ArrayList::enlarge()].JML normal_behavior operation contract.0 
98928      DEBUG main            d.u.i.k.p.i.IntermediateProofReplayer Proof replay took 5.9ns 
102055     INFO  main            d.u.i.k.p.r.p.TestFile    ... finished proof: closed. 
102406     INFO  main            d.u.i.k.p.i.AbstractProblemLoader Loading environment from /home/runner/work/key/key/key.core/../key.ui/examples/heap/list/ArrayList_enlarge.key.proof 
102406     DEBUG main            d.u.i.k.p.i.AbstractProblemLoader Environment load took 818.31ns 
102408     INFO  main            d.u.i.k.p.i.AbstractProblemLoader Creating init config 
103642     DEBUG main            d.u.i.k.j.r.ClassPreparationMethodBuilder clPrepBuilder: Inner Class detected. Reject building class initialisation methods. 
106323     DEBUG main            d.u.i.k.p.i.AbstractProblemLoader Init config took 3.92s 
106394     INFO  main            d.u.i.k.p.i.AbstractProblemLoader Replaying proof ArrayList[ArrayList::enlarge()].JML normal_behavior operation contract.0 
106946     DEBUG main            d.u.i.k.p.i.IntermediateProofReplayer Proof replay took 542.94ms 
106947     DEBUG main            d.u.i.k.p.r.p.TestFile    ... success: reloaded. 
106951     INFO  main            d.u.i.k.p.r.p.TestFile    Now processing file /home/runner/work/key/key/key.core/../key.ui/examples/heap/list/ArrayList_footprint.key 
106951     INFO  main            d.u.i.k.p.i.AbstractProblemLoader Loading environment from /home/runner/work/key/key/key.core/../key.ui/examples/heap/list/ArrayList_footprint.key 
106952     DEBUG main            d.u.i.k.p.i.AbstractProblemLoader Environment load took 275.2ns 
106953     INFO  main            d.u.i.k.p.i.AbstractProblemLoader Creating init config 
108243     DEBUG main            d.u.i.k.j.r.ClassPreparationMethodBuilder clPrepBuilder: Inner Class detected. Reject building class initialisation methods. 
111003     DEBUG main            d.u.i.k.p.i.AbstractProblemLoader Init config took 4.05s 
111087     INFO  main            d.u.i.k.p.i.AbstractProblemLoader Replaying proof List[List::$footprint()].JML accessible clause.0 
111090     DEBUG main            d.u.i.k.p.i.IntermediateProofReplayer Proof replay took 5.9ns 
111192     INFO  main            d.u.i.k.p.r.p.TestFile    ... finished proof: closed. 
111409     INFO  main            d.u.i.k.p.i.AbstractProblemLoader Loading environment from /home/runner/work/key/key/key.core/../key.ui/examples/heap/list/ArrayList_footprint.key.proof 
111410     DEBUG main            d.u.i.k.p.i.AbstractProblemLoader Environment load took 141.8ns 
111411     INFO  main            d.u.i.k.p.i.AbstractProblemLoader Creating init config 
112654     DEBUG main            d.u.i.k.j.r.ClassPreparationMethodBuilder clPrepBuilder: Inner Class detected. Reject building class initialisation methods. 
115364     DEBUG main            d.u.i.k.p.i.AbstractProblemLoader Init config took 3.95s 
115420     INFO  main            d.u.i.k.p.i.AbstractProblemLoader Replaying proof List[List::$footprint()].JML accessible clause.0 
115424     DEBUG main            d.u.i.k.p.i.IntermediateProofReplayer Proof replay took 1.47ms 
115425     DEBUG main            d.u.i.k.p.r.p.TestFile    ... success: reloaded. 
115427     INFO  main            d.u.i.k.p.r.p.TestFile    Now processing file /home/runner/work/key/key/key.core/../key.ui/examples/heap/list/ArrayList_get_dep.key 
115427     INFO  main            d.u.i.k.p.i.AbstractProblemLoader Loading environment from /home/runner/work/key/key/key.core/../key.ui/examples/heap/list/ArrayList_get_dep.key 
115428     DEBUG main            d.u.i.k.p.i.AbstractProblemLoader Environment load took 281.3ns 
115429     INFO  main            d.u.i.k.p.i.AbstractProblemLoader Creating init config 
116645     DEBUG main            d.u.i.k.j.r.ClassPreparationMethodBuilder clPrepBuilder: Inner Class detected. Reject building class initialisation methods. 
119333     DEBUG main            d.u.i.k.p.i.AbstractProblemLoader Init config took 3.9s 
119391     INFO  main            d.u.i.k.p.i.AbstractProblemLoader Replaying proof ArrayList[List::get(int)].JML accessible clause.0 
119395     DEBUG main            d.u.i.k.p.i.IntermediateProofReplayer Proof replay took 5.9ns 
120004     INFO  main            d.u.i.k.p.r.p.TestFile    ... finished proof: closed. 
120312     INFO  main            d.u.i.k.p.i.AbstractProblemLoader Loading environment from /home/runner/work/key/key/key.core/../key.ui/examples/heap/list/ArrayList_get_dep.key.proof 
120312     DEBUG main            d.u.i.k.p.i.AbstractProblemLoader Environment load took 142.1ns 
120313     INFO  main            d.u.i.k.p.i.AbstractProblemLoader Creating init config 
121506     DEBUG main            d.u.i.k.j.r.ClassPreparationMethodBuilder clPrepBuilder: Inner Class detected. Reject building class initialisation methods. 
124222     DEBUG main            d.u.i.k.p.i.AbstractProblemLoader Init config took 3.91s 
124302     INFO  main            d.u.i.k.p.i.AbstractProblemLoader Replaying proof ArrayList[List::get(int)].JML accessible clause.0 
124422     DEBUG main            d.u.i.k.p.i.IntermediateProofReplayer Proof replay took 108.8ms 
124424     DEBUG main            d.u.i.k.p.r.p.TestFile    ... success: reloaded. 
124426     INFO  main            d.u.i.k.p.r.p.TestFile    Now processing file /home/runner/work/key/key/key.core/../key.ui/examples/heap/list/ArrayList_get_exceptional.key 
124426     INFO  main            d.u.i.k.p.i.AbstractProblemLoader Loading environment from /home/runner/work/key/key/key.core/../key.ui/examples/heap/list/ArrayList_get_exceptional.key 
124427     DEBUG main            d.u.i.k.p.i.AbstractProblemLoader Environment load took 334ns 
124428     INFO  main            d.u.i.k.p.i.AbstractProblemLoader Creating init config 
125754     DEBUG main            d.u.i.k.j.r.ClassPreparationMethodBuilder clPrepBuilder: Inner Class detected. Reject building class initialisation methods. 
128437     DEBUG main            d.u.i.k.p.i.AbstractProblemLoader Init config took 4.01s 
128497     INFO  main            d.u.i.k.p.i.AbstractProblemLoader Replaying proof ArrayList[List::get(int)].JML exceptional_behavior operation contract.0 
128499     DEBUG main            d.u.i.k.p.i.IntermediateProofReplayer Proof replay took 6.2ns 
130106     INFO  main            d.u.i.k.p.r.p.TestFile    ... finished proof: closed. 
130397     INFO  main            d.u.i.k.p.i.AbstractProblemLoader Loading environment from /home/runner/work/key/key/key.core/../key.ui/examples/heap/list/ArrayList_get_exceptional.key.proof 
130397     DEBUG main            d.u.i.k.p.i.AbstractProblemLoader Environment load took 162.8ns 
130399     INFO  main            d.u.i.k.p.i.AbstractProblemLoader Creating init config 
131627     DEBUG main            d.u.i.k.j.r.ClassPreparationMethodBuilder clPrepBuilder: Inner Class detected. Reject building class initialisation methods. 
134251     DEBUG main            d.u.i.k.p.i.AbstractProblemLoader Init config took 3.85s 
134309     INFO  main            d.u.i.k.p.i.AbstractProblemLoader Replaying proof ArrayList[List::get(int)].JML exceptional_behavior operation contract.0 
134623     DEBUG main            d.u.i.k.p.i.IntermediateProofReplayer Proof replay took 307.04ms 
134625     DEBUG main            d.u.i.k.p.r.p.TestFile    ... success: reloaded. 
134626     INFO  main            d.u.i.k.p.r.p.TestFile    Now processing file /home/runner/work/key/key/key.core/../key.ui/examples/heap/list/ArrayList_get_normal.key 
134627     INFO  main            d.u.i.k.p.i.AbstractProblemLoader Loading environment from /home/runner/work/key/key/key.core/../key.ui/examples/heap/list/ArrayList_get_normal.key 
134627     DEBUG main            d.u.i.k.p.i.AbstractProblemLoader Environment load took 144.5ns 
134628     INFO  main            d.u.i.k.p.i.AbstractProblemLoader Creating init config 
135881     DEBUG main            d.u.i.k.j.r.ClassPreparationMethodBuilder clPrepBuilder: Inner Class detected. Reject building class initialisation methods. 
138554     DEBUG main            d.u.i.k.p.i.AbstractProblemLoader Init config took 3.93s 
138614     INFO  main            d.u.i.k.p.i.AbstractProblemLoader Replaying proof ArrayList[List::get(int)].JML normal_behavior operation contract.0 
138616     DEBUG main            d.u.i.k.p.i.IntermediateProofReplayer Proof replay took 7ns 
139220     INFO  main            d.u.i.k.p.r.p.TestFile    ... finished proof: closed. 
139514     INFO  main            d.u.i.k.p.i.AbstractProblemLoader Loading environment from /home/runner/work/key/key/key.core/../key.ui/examples/heap/list/ArrayList_get_normal.key.proof 
139515     DEBUG main            d.u.i.k.p.i.AbstractProblemLoader Environment load took 567.51ns 
139516     INFO  main            d.u.i.k.p.i.AbstractProblemLoader Creating init config 
140740     DEBUG main            d.u.i.k.j.r.ClassPreparationMethodBuilder clPrepBuilder: Inner Class detected. Reject building class initialisation methods. 
143390     DEBUG main            d.u.i.k.p.i.AbstractProblemLoader Init config took 3.87s 
143447     INFO  main            d.u.i.k.p.i.AbstractProblemLoader Replaying proof ArrayList[List::get(int)].JML normal_behavior operation contract.0 
143556     DEBUG main            d.u.i.k.p.i.IntermediateProofReplayer Proof replay took 104.69ms 
143557     DEBUG main            d.u.i.k.p.r.p.TestFile    ... success: reloaded. 
143559     INFO  main            d.u.i.k.p.r.p.TestFile    Now processing file /home/runner/work/key/key/key.core/../key.ui/examples/heap/list/ArrayList_inv.key 
143559     INFO  main            d.u.i.k.p.i.AbstractProblemLoader Loading environment from /home/runner/work/key/key/key.core/../key.ui/examples/heap/list/ArrayList_inv.key 
143559     DEBUG main            d.u.i.k.p.i.AbstractProblemLoader Environment load took 131.9ns 
143560     INFO  main            d.u.i.k.p.i.AbstractProblemLoader Creating init config 
144853     DEBUG main            d.u.i.k.j.r.ClassPreparationMethodBuilder clPrepBuilder: Inner Class detected. Reject building class initialisation methods. 
147552     DEBUG main            d.u.i.k.p.i.AbstractProblemLoader Init config took 3.99s 
147639     INFO  main            d.u.i.k.p.i.AbstractProblemLoader Replaying proof ArrayList[java.lang.Object::<inv>()].JML accessible clause.0 
147643     DEBUG main            d.u.i.k.p.i.IntermediateProofReplayer Proof replay took 7.4ns 
148148     INFO  main            d.u.i.k.p.r.p.TestFile    ... finished proof: closed. 
148428     INFO  main            d.u.i.k.p.i.AbstractProblemLoader Loading environment from /home/runner/work/key/key/key.core/../key.ui/examples/heap/list/ArrayList_inv.key.proof 
148429     DEBUG main            d.u.i.k.p.i.AbstractProblemLoader Environment load took 248.6ns 
148430     INFO  main            d.u.i.k.p.i.AbstractProblemLoader Creating init config 
149680     DEBUG main            d.u.i.k.j.r.ClassPreparationMethodBuilder clPrepBuilder: Inner Class detected. Reject building class initialisation methods. 
152400     DEBUG main            d.u.i.k.p.i.AbstractProblemLoader Init config took 3.97s 
152457     INFO  main            d.u.i.k.p.i.AbstractProblemLoader Replaying proof ArrayList[java.lang.Object::<inv>()].JML accessible clause.0 
152516     DEBUG main            d.u.i.k.p.i.IntermediateProofReplayer Proof replay took 55.19ms 
152518     DEBUG main            d.u.i.k.p.r.p.TestFile    ... success: reloaded. 
152520     INFO  main            d.u.i.k.p.r.p.TestFile    Now processing file /home/runner/work/key/key/key.core/../key.ui/examples/heap/list/ArrayList_iterator.key 
152520     INFO  main            d.u.i.k.p.i.AbstractProblemLoader Loading environment from /home/runner/work/key/key/key.core/../key.ui/examples/heap/list/ArrayList_iterator.key 
152521     DEBUG main            d.u.i.k.p.i.AbstractProblemLoader Environment load took 267.2ns 
152522     INFO  main            d.u.i.k.p.i.AbstractProblemLoader Creating init config 
153729     DEBUG main            d.u.i.k.j.r.ClassPreparationMethodBuilder clPrepBuilder: Inner Class detected. Reject building class initialisation methods. 
156356     DEBUG main            d.u.i.k.p.i.AbstractProblemLoader Init config took 3.83s 
156416     INFO  main            d.u.i.k.p.i.AbstractProblemLoader Replaying proof ArrayList[List::iterator()].JML normal_behavior operation contract.0 
156419     DEBUG main            d.u.i.k.p.i.IntermediateProofReplayer Proof replay took 7ns 
157162     INFO  main            d.u.i.k.p.r.p.TestFile    ... finished proof: closed. 
157432     INFO  main            d.u.i.k.p.i.AbstractProblemLoader Loading environment from /home/runner/work/key/key/key.core/../key.ui/examples/heap/list/ArrayList_iterator.key.proof 
157432     DEBUG main            d.u.i.k.p.i.AbstractProblemLoader Environment load took 134.3ns 
157433     INFO  main            d.u.i.k.p.i.AbstractProblemLoader Creating init config 
158654     DEBUG main            d.u.i.k.j.r.ClassPreparationMethodBuilder clPrepBuilder: Inner Class detected. Reject building class initialisation methods. 
161336     DEBUG main            d.u.i.k.p.i.AbstractProblemLoader Init config took 3.9s 
161404     INFO  main            d.u.i.k.p.i.AbstractProblemLoader Replaying proof ArrayList[List::iterator()].JML normal_behavior operation contract.0 
161529     DEBUG main            d.u.i.k.p.i.IntermediateProofReplayer Proof replay took 120.1ms 
161530     DEBUG main            d.u.i.k.p.r.p.TestFile    ... success: reloaded. 
161532     INFO  main            d.u.i.k.p.r.p.TestFile    Now processing file /home/runner/work/key/key/key.core/../key.ui/examples/heap/list/ArrayList_size_dep.key 
161532     INFO  main            d.u.i.k.p.i.AbstractProblemLoader Loading environment from /home/runner/work/key/key/key.core/../key.ui/examples/heap/list/ArrayList_size_dep.key 
161532     DEBUG main            d.u.i.k.p.i.AbstractProblemLoader Environment load took 144.2ns 
161533     INFO  main            d.u.i.k.p.i.AbstractProblemLoader Creating init config 
162769     DEBUG main            d.u.i.k.j.r.ClassPreparationMethodBuilder clPrepBuilder: Inner Class detected. Reject building class initialisation methods. 
165601     DEBUG main            d.u.i.k.p.i.AbstractProblemLoader Init config took 4.07s 
165661     INFO  main            d.u.i.k.p.i.AbstractProblemLoader Replaying proof ArrayList[List::size()].JML accessible clause.0 
165663     DEBUG main            d.u.i.k.p.i.IntermediateProofReplayer Proof replay took 6.8ns 
165865     INFO  main            d.u.i.k.p.r.p.TestFile    ... finished proof: closed. 
166169     INFO  main            d.u.i.k.p.i.AbstractProblemLoader Loading environment from /home/runner/work/key/key/key.core/../key.ui/examples/heap/list/ArrayList_size_dep.key.proof 
166169     DEBUG main            d.u.i.k.p.i.AbstractProblemLoader Environment load took 175.2ns 
166170     INFO  main            d.u.i.k.p.i.AbstractProblemLoader Creating init config 
167410     DEBUG main            d.u.i.k.j.r.ClassPreparationMethodBuilder clPrepBuilder: Inner Class detected. Reject building class initialisation methods. 
170135     DEBUG main            d.u.i.k.p.i.AbstractProblemLoader Init config took 3.96s 
170192     INFO  main            d.u.i.k.p.i.AbstractProblemLoader Replaying proof ArrayList[List::size()].JML accessible clause.0 
170232     DEBUG main            d.u.i.k.p.i.IntermediateProofReplayer Proof replay took 36.53ms 
170233     DEBUG main            d.u.i.k.p.r.p.TestFile    ... success: reloaded. 
170236     INFO  main            d.u.i.k.p.r.p.TestFile    Now processing file /home/runner/work/key/key/key.core/../key.ui/examples/heap/list/ArrayList_size.key 
170237     INFO  main            d.u.i.k.p.i.AbstractProblemLoader Loading environment from /home/runner/work/key/key/key.core/../key.ui/examples/heap/list/ArrayList_size.key 
170237     DEBUG main            d.u.i.k.p.i.AbstractProblemLoader Environment load took 140.5ns 
170239     INFO  main            d.u.i.k.p.i.AbstractProblemLoader Creating init config 
171491     DEBUG main            d.u.i.k.j.r.ClassPreparationMethodBuilder clPrepBuilder: Inner Class detected. Reject building class initialisation methods. 
174170     DEBUG main            d.u.i.k.p.i.AbstractProblemLoader Init config took 3.93s 
174250     INFO  main            d.u.i.k.p.i.AbstractProblemLoader Replaying proof ArrayList[List::size()].JML normal_behavior operation contract.0 
174252     DEBUG main            d.u.i.k.p.i.IntermediateProofReplayer Proof replay took 6.9ns 
174555     INFO  main            d.u.i.k.p.r.p.TestFile    ... finished proof: closed. 
174860     INFO  main            d.u.i.k.p.i.AbstractProblemLoader Loading environment from /home/runner/work/key/key/key.core/../key.ui/examples/heap/list/ArrayList_size.key.proof 
174860     DEBUG main            d.u.i.k.p.i.AbstractProblemLoader Environment load took 134.1ns 
174862     INFO  main            d.u.i.k.p.i.AbstractProblemLoader Creating init config 
176075     DEBUG main            d.u.i.k.j.r.ClassPreparationMethodBuilder clPrepBuilder: Inner Class detected. Reject building class initialisation methods. 
178742     DEBUG main            d.u.i.k.p.i.AbstractProblemLoader Init config took 3.88s 
178797     INFO  main            d.u.i.k.p.i.AbstractProblemLoader Replaying proof ArrayList[List::size()].JML normal_behavior operation contract.0 
178855     DEBUG main            d.u.i.k.p.i.IntermediateProofReplayer Proof replay took 56.04ms 
178857     DEBUG main            d.u.i.k.p.r.p.TestFile    ... success: reloaded. 
178858     INFO  main            d.u.i.k.p.r.p.TestFile    Now processing file /home/runner/work/key/key/key.core/../key.ui/examples/heap/list/ArrayList.ArrayListIterator_ArrayListIterator.key 
178858     INFO  main            d.u.i.k.p.i.AbstractProblemLoader Loading environment from /home/runner/work/key/key/key.core/../key.ui/examples/heap/list/ArrayList.ArrayListIterator_ArrayListIterator.key 
178858     DEBUG main            d.u.i.k.p.i.AbstractProblemLoader Environment load took 71.7ns 
178859     INFO  main            d.u.i.k.p.i.AbstractProblemLoader Creating init config 
180098     DEBUG main            d.u.i.k.j.r.ClassPreparationMethodBuilder clPrepBuilder: Inner Class detected. Reject building class initialisation methods. 
182764     DEBUG main            d.u.i.k.p.i.AbstractProblemLoader Init config took 3.91s 
182837     INFO  main            d.u.i.k.p.i.AbstractProblemLoader Replaying proof ArrayList.ArrayListIterator[ArrayList.ArrayListIterator::ArrayListIterator(ArrayList)].JML normal_behavior operation contract.0 
182839     DEBUG main            d.u.i.k.p.i.IntermediateProofReplayer Proof replay took 6.5ns 
183642     INFO  main            d.u.i.k.p.r.p.TestFile    ... finished proof: closed. 
183987     INFO  main            d.u.i.k.p.i.AbstractProblemLoader Loading environment from /home/runner/work/key/key/key.core/../key.ui/examples/heap/list/ArrayList.ArrayListIterator_ArrayListIterator.key.proof 
183988     DEBUG main            d.u.i.k.p.i.AbstractProblemLoader Environment load took 375.7ns 
183989     INFO  main            d.u.i.k.p.i.AbstractProblemLoader Creating init config 
185220     DEBUG main            d.u.i.k.j.r.ClassPreparationMethodBuilder clPrepBuilder: Inner Class detected. Reject building class initialisation methods. 
187815     DEBUG main            d.u.i.k.p.i.AbstractProblemLoader Init config took 3.83s 
187885     INFO  main            d.u.i.k.p.i.AbstractProblemLoader Replaying proof ArrayList.ArrayListIterator[ArrayList.ArrayListIterator::ArrayListIterator(ArrayList)].JML normal_behavior operation contract.0 
188052     DEBUG main            d.u.i.k.p.i.IntermediateProofReplayer Proof replay took 150.67ms 
188054     DEBUG main            d.u.i.k.p.r.p.TestFile    ... success: reloaded. 
188055     INFO  main            d.u.i.k.p.r.p.TestFile    Now processing file /home/runner/work/key/key/key.core/../key.ui/examples/heap/list/ArrayList.ArrayListIterator_hasNext_dep.key 
188056     INFO  main            d.u.i.k.p.i.AbstractProblemLoader Loading environment from /home/runner/work/key/key/key.core/../key.ui/examples/heap/list/ArrayList.ArrayListIterator_hasNext_dep.key 
188056     DEBUG main            d.u.i.k.p.i.AbstractProblemLoader Environment load took 280.2ns 
188058     INFO  main            d.u.i.k.p.i.AbstractProblemLoader Creating init config 
189297     DEBUG main            d.u.i.k.j.r.ClassPreparationMethodBuilder clPrepBuilder: Inner Class detected. Reject building class initialisation methods. 
191974     DEBUG main            d.u.i.k.p.i.AbstractProblemLoader Init config took 3.92s 
192059     INFO  main            d.u.i.k.p.i.AbstractProblemLoader Replaying proof ArrayList.ArrayListIterator[ListIterator::hasNext()].JML accessible clause.0 
192061     DEBUG main            d.u.i.k.p.i.IntermediateProofReplayer Proof replay took 6.8ns 
192568     INFO  main            d.u.i.k.p.r.p.TestFile    ... finished proof: closed. 
192884     INFO  main            d.u.i.k.p.i.AbstractProblemLoader Loading environment from /home/runner/work/key/key/key.core/../key.ui/examples/heap/list/ArrayList.ArrayListIterator_hasNext_dep.key.proof 
192885     DEBUG main            d.u.i.k.p.i.AbstractProblemLoader Environment load took 152ns 
192886     INFO  main            d.u.i.k.p.i.AbstractProblemLoader Creating init config 
194082     DEBUG main            d.u.i.k.j.r.ClassPreparationMethodBuilder clPrepBuilder: Inner Class detected. Reject building class initialisation methods. 
196679     DEBUG main            d.u.i.k.p.i.AbstractProblemLoader Init config took 3.79s 
196743     INFO  main            d.u.i.k.p.i.AbstractProblemLoader Replaying proof ArrayList.ArrayListIterator[ListIterator::hasNext()].JML accessible clause.0 
196816     DEBUG main            d.u.i.k.p.i.IntermediateProofReplayer Proof replay took 70.54ms 
196818     DEBUG main            d.u.i.k.p.r.p.TestFile    ... success: reloaded. 
196819     INFO  main            d.u.i.k.p.r.p.TestFile    Now processing file /home/runner/work/key/key/key.core/../key.ui/examples/heap/list/ArrayList.ArrayListIterator_hasNext.key 
196819     INFO  main            d.u.i.k.p.i.AbstractProblemLoader Loading environment from /home/runner/work/key/key/key.core/../key.ui/examples/heap/list/ArrayList.ArrayListIterator_hasNext.key 
196820     DEBUG main            d.u.i.k.p.i.AbstractProblemLoader Environment load took 134.1ns 
196821     INFO  main            d.u.i.k.p.i.AbstractProblemLoader Creating init config 
198061     DEBUG main            d.u.i.k.j.r.ClassPreparationMethodBuilder clPrepBuilder: Inner Class detected. Reject building class initialisation methods. 
200710     DEBUG main            d.u.i.k.p.i.AbstractProblemLoader Init config took 3.89s 
200777     INFO  main            d.u.i.k.p.i.AbstractProblemLoader Replaying proof ArrayList.ArrayListIterator[ListIterator::hasNext()].JML normal_behavior operation contract.0 
200779     DEBUG main            d.u.i.k.p.i.IntermediateProofReplayer Proof replay took 6.8ns 
201282     INFO  main            d.u.i.k.p.r.p.TestFile    ... finished proof: closed. 
201594     INFO  main            d.u.i.k.p.i.AbstractProblemLoader Loading environment from /home/runner/work/key/key/key.core/../key.ui/examples/heap/list/ArrayList.ArrayListIterator_hasNext.key.proof 
201594     DEBUG main            d.u.i.k.p.i.AbstractProblemLoader Environment load took 635.41ns 
201598     INFO  main            d.u.i.k.p.i.AbstractProblemLoader Creating init config 
202776     DEBUG main            d.u.i.k.j.r.ClassPreparationMethodBuilder clPrepBuilder: Inner Class detected. Reject building class initialisation methods. 
205378     DEBUG main            d.u.i.k.p.i.AbstractProblemLoader Init config took 3.78s 
205440     INFO  main            d.u.i.k.p.i.AbstractProblemLoader Replaying proof ArrayList.ArrayListIterator[ListIterator::hasNext()].JML normal_behavior operation contract.0 
205523     DEBUG main            d.u.i.k.p.i.IntermediateProofReplayer Proof replay took 79.81ms 
205525     DEBUG main            d.u.i.k.p.r.p.TestFile    ... success: reloaded. 
205526     INFO  main            d.u.i.k.p.r.p.TestFile    Now processing file /home/runner/work/key/key/key.core/../key.ui/examples/heap/list/ArrayList.ArrayListIterator_inv.key 
205526     INFO  main            d.u.i.k.p.i.AbstractProblemLoader Loading environment from /home/runner/work/key/key/key.core/../key.ui/examples/heap/list/ArrayList.ArrayListIterator_inv.key 
205526     DEBUG main            d.u.i.k.p.i.AbstractProblemLoader Environment load took 72.4ns 
205527     INFO  main            d.u.i.k.p.i.AbstractProblemLoader Creating init config 
206794     DEBUG main            d.u.i.k.j.r.ClassPreparationMethodBuilder clPrepBuilder: Inner Class detected. Reject building class initialisation methods. 
209429     DEBUG main            d.u.i.k.p.i.AbstractProblemLoader Init config took 3.9s 
209494     INFO  main            d.u.i.k.p.i.AbstractProblemLoader Replaying proof ArrayList.ArrayListIterator[java.lang.Object::<inv>()].JML accessible clause.0 
209497     DEBUG main            d.u.i.k.p.i.IntermediateProofReplayer Proof replay took 7.3ns 
210802     INFO  main            d.u.i.k.p.r.p.TestFile    ... finished proof: closed. 
211177     INFO  main            d.u.i.k.p.i.AbstractProblemLoader Loading environment from /home/runner/work/key/key/key.core/../key.ui/examples/heap/list/ArrayList.ArrayListIterator_inv.key.proof 
211177     DEBUG main            d.u.i.k.p.i.AbstractProblemLoader Environment load took 134ns 
211179     INFO  main            d.u.i.k.p.i.AbstractProblemLoader Creating init config 
212381     DEBUG main            d.u.i.k.j.r.ClassPreparationMethodBuilder clPrepBuilder: Inner Class detected. Reject building class initialisation methods. 
214979     DEBUG main            d.u.i.k.p.i.AbstractProblemLoader Init config took 3.8s 
215049     INFO  main            d.u.i.k.p.i.AbstractProblemLoader Replaying proof ArrayList.ArrayListIterator[java.lang.Object::<inv>()].JML accessible clause.0 
215182     DEBUG main            d.u.i.k.p.i.IntermediateProofReplayer Proof replay took 127.35ms 
215185     DEBUG main            d.u.i.k.p.r.p.TestFile    ... success: reloaded. 
215187     INFO  main            d.u.i.k.p.r.p.TestFile    Now processing file /home/runner/work/key/key/key.core/../key.ui/examples/heap/list/ArrayList.ArrayListIterator_list.key 
215188     INFO  main            d.u.i.k.p.i.AbstractProblemLoader Loading environment from /home/runner/work/key/key/key.core/../key.ui/examples/heap/list/ArrayList.ArrayListIterator_list.key 
215188     DEBUG main            d.u.i.k.p.i.AbstractProblemLoader Environment load took 144.5ns 
215189     INFO  main            d.u.i.k.p.i.AbstractProblemLoader Creating init config 
216452     DEBUG main            d.u.i.k.j.r.ClassPreparationMethodBuilder clPrepBuilder: Inner Class detected. Reject building class initialisation methods. 
219159     DEBUG main            d.u.i.k.p.i.AbstractProblemLoader Init config took 3.97s 
219205     INFO  main            d.u.i.k.p.i.AbstractProblemLoader Replaying proof ListIterator[ListIterator::$list()].JML accessible clause.0 
219207     DEBUG main            d.u.i.k.p.i.IntermediateProofReplayer Proof replay took 6.3ns 
219310     INFO  main            d.u.i.k.p.r.p.TestFile    ... finished proof: closed. 
219643     INFO  main            d.u.i.k.p.i.AbstractProblemLoader Loading environment from /home/runner/work/key/key/key.core/../key.ui/examples/heap/list/ArrayList.ArrayListIterator_list.key.proof 
219643     DEBUG main            d.u.i.k.p.i.AbstractProblemLoader Environment load took 140ns 
219645     INFO  main            d.u.i.k.p.i.AbstractProblemLoader Creating init config 
220866     DEBUG main            d.u.i.k.j.r.ClassPreparationMethodBuilder clPrepBuilder: Inner Class detected. Reject building class initialisation methods. 
223440     DEBUG main            d.u.i.k.p.i.AbstractProblemLoader Init config took 3.8s 
223487     INFO  main            d.u.i.k.p.i.AbstractProblemLoader Replaying proof ListIterator[ListIterator::$list()].JML accessible clause.0 
223490     DEBUG main            d.u.i.k.p.i.IntermediateProofReplayer Proof replay took 1.89ms 
223491     DEBUG main            d.u.i.k.p.r.p.TestFile    ... success: reloaded. 
223492     INFO  main            d.u.i.k.p.r.p.TestFile    Now processing file /home/runner/work/key/key/key.core/../key.ui/examples/heap/list/ArrayList.ArrayListIterator_next_exceptional.key 
223493     INFO  main            d.u.i.k.p.i.AbstractProblemLoader Loading environment from /home/runner/work/key/key/key.core/../key.ui/examples/heap/list/ArrayList.ArrayListIterator_next_exceptional.key 
223493     DEBUG main            d.u.i.k.p.i.AbstractProblemLoader Environment load took 130.6ns 
223494     INFO  main            d.u.i.k.p.i.AbstractProblemLoader Creating init config 
224755     DEBUG main            d.u.i.k.j.r.ClassPreparationMethodBuilder clPrepBuilder: Inner Class detected. Reject building class initialisation methods. 
227365     DEBUG main            d.u.i.k.p.i.AbstractProblemLoader Init config took 3.87s 
227452     INFO  main            d.u.i.k.p.i.AbstractProblemLoader Replaying proof ArrayList.ArrayListIterator[ListIterator::next()].JML exceptional_behavior operation contract.0 
227454     DEBUG main            d.u.i.k.p.i.IntermediateProofReplayer Proof replay took 7.4ns 
228561     INFO  main            d.u.i.k.p.r.p.TestFile    ... finished proof: closed. 
228965     INFO  main            d.u.i.k.p.i.AbstractProblemLoader Loading environment from /home/runner/work/key/key/key.core/../key.ui/examples/heap/list/ArrayList.ArrayListIterator_next_exceptional.key.proof 
228965     DEBUG main            d.u.i.k.p.i.AbstractProblemLoader Environment load took 184.5ns 
228967     INFO  main            d.u.i.k.p.i.AbstractProblemLoader Creating init config 
230245     DEBUG main            d.u.i.k.j.r.ClassPreparationMethodBuilder clPrepBuilder: Inner Class detected. Reject building class initialisation methods. 
232802     DEBUG main            d.u.i.k.p.i.AbstractProblemLoader Init config took 3.84s 
232874     INFO  main            d.u.i.k.p.i.AbstractProblemLoader Replaying proof ArrayList.ArrayListIterator[ListIterator::next()].JML exceptional_behavior operation contract.0 
233088     DEBUG main            d.u.i.k.p.i.IntermediateProofReplayer Proof replay took 209.3ms 
233090     DEBUG main            d.u.i.k.p.r.p.TestFile    ... success: reloaded. 
233091     INFO  main            d.u.i.k.p.r.p.TestFile    Now processing file /home/runner/work/key/key/key.core/../key.ui/examples/heap/list/ArrayList.ArrayListIterator_next_normal.key 
233091     INFO  main            d.u.i.k.p.i.AbstractProblemLoader Loading environment from /home/runner/work/key/key/key.core/../key.ui/examples/heap/list/ArrayList.ArrayListIterator_next_normal.key 
233091     DEBUG main            d.u.i.k.p.i.AbstractProblemLoader Environment load took 136.2ns 
233092     INFO  main            d.u.i.k.p.i.AbstractProblemLoader Creating init config 
234304     DEBUG main            d.u.i.k.j.r.ClassPreparationMethodBuilder clPrepBuilder: Inner Class detected. Reject building class initialisation methods. 
236989     DEBUG main            d.u.i.k.p.i.AbstractProblemLoader Init config took 3.9s 
237054     INFO  main            d.u.i.k.p.i.AbstractProblemLoader Replaying proof ArrayList.ArrayListIterator[ListIterator::next()].JML normal_behavior operation contract.0 
237056     DEBUG main            d.u.i.k.p.i.IntermediateProofReplayer Proof replay took 7.1ns 
238261     INFO  main            d.u.i.k.p.r.p.TestFile    ... finished proof: closed. 
238700     INFO  main            d.u.i.k.p.i.AbstractProblemLoader Loading environment from /home/runner/work/key/key/key.core/../key.ui/examples/heap/list/ArrayList.ArrayListIterator_next_normal.key.proof 
238701     DEBUG main            d.u.i.k.p.i.AbstractProblemLoader Environment load took 958.41ns 
238704     INFO  main            d.u.i.k.p.i.AbstractProblemLoader Creating init config 
239940     DEBUG main            d.u.i.k.j.r.ClassPreparationMethodBuilder clPrepBuilder: Inner Class detected. Reject building class initialisation methods. 
242471     DEBUG main            d.u.i.k.p.i.AbstractProblemLoader Init config took 3.77s 
242553     INFO  main            d.u.i.k.p.i.AbstractProblemLoader Replaying proof ArrayList.ArrayListIterator[ListIterator::next()].JML normal_behavior operation contract.0 
242792     DEBUG main            d.u.i.k.p.i.IntermediateProofReplayer Proof replay took 233.56ms 
242793     DEBUG main            d.u.i.k.p.r.p.TestFile    ... success: reloaded. 
242794     INFO  main            d.u.i.k.p.r.p.TestFile    Now processing file /home/runner/work/key/key/key.core/../key.ui/examples/heap/list/ArrayList.ArrayListIterator_pos.key 
242794     INFO  main            d.u.i.k.p.i.AbstractProblemLoader Loading environment from /home/runner/work/key/key/key.core/../key.ui/examples/heap/list/ArrayList.ArrayListIterator_pos.key 
242795     DEBUG main            d.u.i.k.p.i.AbstractProblemLoader Environment load took 101.7ns 
242796     INFO  main            d.u.i.k.p.i.AbstractProblemLoader Creating init config 
244047     DEBUG main            d.u.i.k.j.r.ClassPreparationMethodBuilder clPrepBuilder: Inner Class detected. Reject building class initialisation methods. 
246627     DEBUG main            d.u.i.k.p.i.AbstractProblemLoader Init config took 3.83s 
246675     INFO  main            d.u.i.k.p.i.AbstractProblemLoader Replaying proof ListIterator[ListIterator::$pos()].JML accessible clause.0 
246677     DEBUG main            d.u.i.k.p.i.IntermediateProofReplayer Proof replay took 6.8ns 
246780     INFO  main            d.u.i.k.p.r.p.TestFile    ... finished proof: closed. 
247150     INFO  main            d.u.i.k.p.i.AbstractProblemLoader Loading environment from /home/runner/work/key/key/key.core/../key.ui/examples/heap/list/ArrayList.ArrayListIterator_pos.key.proof 
247150     DEBUG main            d.u.i.k.p.i.AbstractProblemLoader Environment load took 124.4ns 
247151     INFO  main            d.u.i.k.p.i.AbstractProblemLoader Creating init config 
248343     DEBUG main            d.u.i.k.j.r.ClassPreparationMethodBuilder clPrepBuilder: Inner Class detected. Reject building class initialisation methods. 
250927     DEBUG main            d.u.i.k.p.i.AbstractProblemLoader Init config took 3.78s 
250974     INFO  main            d.u.i.k.p.i.AbstractProblemLoader Replaying proof ListIterator[ListIterator::$pos()].JML accessible clause.0 
250977     DEBUG main            d.u.i.k.p.i.IntermediateProofReplayer Proof replay took 1.28ms 
250978     DEBUG main            d.u.i.k.p.r.p.TestFile    ... success: reloaded. 
250979     INFO  main            d.u.i.k.p.r.p.TestFile    Now processing file /home/runner/work/key/key/key.core/../key.ui/examples/heap/list/Client_m.key 
250980     INFO  main            d.u.i.k.p.i.AbstractProblemLoader Loading environment from /home/runner/work/key/key/key.core/../key.ui/examples/heap/list/Client_m.key 
250980     DEBUG main            d.u.i.k.p.i.AbstractProblemLoader Environment load took 136.5ns 
250981     INFO  main            d.u.i.k.p.i.AbstractProblemLoader Creating init config 
252220     DEBUG main            d.u.i.k.j.r.ClassPreparationMethodBuilder clPrepBuilder: Inner Class detected. Reject building class initialisation methods. 
254929     DEBUG main            d.u.i.k.p.i.AbstractProblemLoader Init config took 3.95s 
254985     INFO  main            d.u.i.k.p.i.AbstractProblemLoader Replaying proof Client[Client::m(List)].JML normal_behavior operation contract.0 
254987     DEBUG main            d.u.i.k.p.i.IntermediateProofReplayer Proof replay took 7.5ns 
255391     INFO  main            d.u.i.k.p.r.p.TestFile    ... finished proof: closed. 
255781     INFO  main            d.u.i.k.p.i.AbstractProblemLoader Loading environment from /home/runner/work/key/key/key.core/../key.ui/examples/heap/list/Client_m.key.proof 
255781     DEBUG main            d.u.i.k.p.i.AbstractProblemLoader Environment load took 123.4ns 
255782     INFO  main            d.u.i.k.p.i.AbstractProblemLoader Creating init config 
256997     DEBUG main            d.u.i.k.j.r.ClassPreparationMethodBuilder clPrepBuilder: Inner Class detected. Reject building class initialisation methods. 
259586     DEBUG main            d.u.i.k.p.i.AbstractProblemLoader Init config took 3.8s 
259636     INFO  main            d.u.i.k.p.i.AbstractProblemLoader Replaying proof Client[Client::m(List)].JML normal_behavior operation contract.0 
259720     DEBUG main            d.u.i.k.p.i.IntermediateProofReplayer Proof replay took 80.66ms 
259721     DEBUG main            d.u.i.k.p.r.p.TestFile    ... success: reloaded. 
259722     INFO  main            d.u.i.k.p.r.p.TestFile    Now processing file /home/runner/work/key/key/key.core/../key.ui/examples/heap/list/Client_n.key 
259723     INFO  main            d.u.i.k.p.i.AbstractProblemLoader Loading environment from /home/runner/work/key/key/key.core/../key.ui/examples/heap/list/Client_n.key 
259723     DEBUG main            d.u.i.k.p.i.AbstractProblemLoader Environment load took 248.2ns 
259725     INFO  main            d.u.i.k.p.i.AbstractProblemLoader Creating init config 
260973     DEBUG main            d.u.i.k.j.r.ClassPreparationMethodBuilder clPrepBuilder: Inner Class detected. Reject building class initialisation methods. 
263679     DEBUG main            d.u.i.k.p.i.AbstractProblemLoader Init config took 3.95s 
263750     INFO  main            d.u.i.k.p.i.AbstractProblemLoader Replaying proof Client[Client::n(List)].JML normal_behavior operation contract.0 
263751     DEBUG main            d.u.i.k.p.i.IntermediateProofReplayer Proof replay took 6.6ns 
263855     INFO  main            d.u.i.k.p.r.p.TestFile    ... finished proof: closed. 
264243     INFO  main            d.u.i.k.p.i.AbstractProblemLoader Loading environment from /home/runner/work/key/key/key.core/../key.ui/examples/heap/list/Client_n.key.proof 
264243     DEBUG main            d.u.i.k.p.i.AbstractProblemLoader Environment load took 110.9ns 
264244     INFO  main            d.u.i.k.p.i.AbstractProblemLoader Creating init config 
265467     DEBUG main            d.u.i.k.j.r.ClassPreparationMethodBuilder clPrepBuilder: Inner Class detected. Reject building class initialisation methods. 
268053     DEBUG main            d.u.i.k.p.i.AbstractProblemLoader Init config took 3.81s 
268101     INFO  main            d.u.i.k.p.i.AbstractProblemLoader Replaying proof Client[Client::n(List)].JML normal_behavior operation contract.0 
268127     DEBUG main            d.u.i.k.p.i.IntermediateProofReplayer Proof replay took 23.62ms 
268128     DEBUG main            d.u.i.k.p.r.p.TestFile    ... success: reloaded. 
268129     INFO  main            d.u.i.k.p.r.p.TestFile    Now processing file /home/runner/work/key/key/key.core/../key.ui/examples/heap/list/LinkedList_get_exceptional.key 
268129     INFO  main            d.u.i.k.p.i.AbstractProblemLoader Loading environment from /home/runner/work/key/key/key.core/../key.ui/examples/heap/list/LinkedList_get_exceptional.key 
268129     DEBUG main            d.u.i.k.p.i.AbstractProblemLoader Environment load took 113.2ns 
268130     INFO  main            d.u.i.k.p.i.AbstractProblemLoader Creating init config 
269354     DEBUG main            d.u.i.k.j.r.ClassPreparationMethodBuilder clPrepBuilder: Inner Class detected. Reject building class initialisation methods. 
272009     DEBUG main            d.u.i.k.p.i.AbstractProblemLoader Init config took 3.88s 
272100     INFO  main            d.u.i.k.p.i.AbstractProblemLoader Replaying proof LinkedList[List::get(int)].JML exceptional_behavior operation contract.0 
272102     DEBUG main            d.u.i.k.p.i.IntermediateProofReplayer Proof replay took 7ns 
274967     INFO  main            d.u.i.k.p.r.p.TestFile    ... finished proof: closed. 
275385     INFO  main            d.u.i.k.p.i.AbstractProblemLoader Loading environment from /home/runner/work/key/key/key.core/../key.ui/examples/heap/list/LinkedList_get_exceptional.key.proof 
275386     DEBUG main            d.u.i.k.p.i.AbstractProblemLoader Environment load took 860.81ns 
275388     INFO  main            d.u.i.k.p.i.AbstractProblemLoader Creating init config 
276607     DEBUG main            d.u.i.k.j.r.ClassPreparationMethodBuilder clPrepBuilder: Inner Class detected. Reject building class initialisation methods. 
279191     DEBUG main            d.u.i.k.p.i.AbstractProblemLoader Init config took 3.8s 
279244     INFO  main            d.u.i.k.p.i.AbstractProblemLoader Replaying proof LinkedList[List::get(int)].JML exceptional_behavior operation contract.0 
279710     DEBUG main            d.u.i.k.p.i.IntermediateProofReplayer Proof replay took 456.32ms 
279711     DEBUG main            d.u.i.k.p.r.p.TestFile    ... success: reloaded. 
279712     INFO  main            d.u.i.k.p.r.p.TestFile    Now processing file /home/runner/work/key/key/key.core/../key.ui/examples/heap/list/LinkedList_get_normal.key 
279713     INFO  main            d.u.i.k.p.i.AbstractProblemLoader Loading environment from /home/runner/work/key/key/key.core/../key.ui/examples/heap/list/LinkedList_get_normal.key 
279713     DEBUG main            d.u.i.k.p.i.AbstractProblemLoader Environment load took 117ns 
279714     INFO  main            d.u.i.k.p.i.AbstractProblemLoader Creating init config 
280984     DEBUG main            d.u.i.k.j.r.ClassPreparationMethodBuilder clPrepBuilder: Inner Class detected. Reject building class initialisation methods. 
283583     DEBUG main            d.u.i.k.p.i.AbstractProblemLoader Init config took 3.87s 
283639     INFO  main            d.u.i.k.p.i.AbstractProblemLoader Replaying proof LinkedList[List::get(int)].JML normal_behavior operation contract.0 
283643     DEBUG main            d.u.i.k.p.i.IntermediateProofReplayer Proof replay took 7.8ns 
290805     INFO  main            d.u.i.k.p.r.p.TestFile    ... finished proof: closed. 
291313     INFO  main            d.u.i.k.p.i.AbstractProblemLoader Loading environment from /home/runner/work/key/key/key.core/../key.ui/examples/heap/list/LinkedList_get_normal.key.proof 
291313     DEBUG main            d.u.i.k.p.i.AbstractProblemLoader Environment load took 123.5ns 
291316     INFO  main            d.u.i.k.p.i.AbstractProblemLoader Creating init config 
292527     DEBUG main            d.u.i.k.j.r.ClassPreparationMethodBuilder clPrepBuilder: Inner Class detected. Reject building class initialisation methods. 
295117     DEBUG main            d.u.i.k.p.i.AbstractProblemLoader Init config took 3.8s 
295172     INFO  main            d.u.i.k.p.i.AbstractProblemLoader Replaying proof LinkedList[List::get(int)].JML normal_behavior operation contract.0 
295811     DEBUG main            d.u.i.k.p.i.IntermediateProofReplayer Proof replay took 618.64ms 
295814     DEBUG main            d.u.i.k.p.r.p.TestFile    ... success: reloaded. 
295815     INFO  main            d.u.i.k.p.r.p.TestFile    Now processing file /home/runner/work/key/key/key.core/../key.ui/examples/heap/list/LinkedList_LinkedList.key 
295815     INFO  main            d.u.i.k.p.i.AbstractProblemLoader Loading environment from /home/runner/work/key/key/key.core/../key.ui/examples/heap/list/LinkedList_LinkedList.key 
295815     DEBUG main            d.u.i.k.p.i.AbstractProblemLoader Environment load took 122.5ns 
295816     INFO  main            d.u.i.k.p.i.AbstractProblemLoader Creating init config 
297058     DEBUG main            d.u.i.k.j.r.ClassPreparationMethodBuilder clPrepBuilder: Inner Class detected. Reject building class initialisation methods. 
299655     DEBUG main            d.u.i.k.p.i.AbstractProblemLoader Init config took 3.84s 
299708     INFO  main            d.u.i.k.p.i.AbstractProblemLoader Replaying proof LinkedList[LinkedList::LinkedList()].JML normal_behavior operation contract.0 
299710     DEBUG main            d.u.i.k.p.i.IntermediateProofReplayer Proof replay took 7.7ns 
300416     INFO  main            d.u.i.k.p.r.p.TestFile    ... finished proof: closed. 
300832     INFO  main            d.u.i.k.p.i.AbstractProblemLoader Loading environment from /home/runner/work/key/key/key.core/../key.ui/examples/heap/list/LinkedList_LinkedList.key.proof 
300832     DEBUG main            d.u.i.k.p.i.AbstractProblemLoader Environment load took 118.2ns 
300834     INFO  main            d.u.i.k.p.i.AbstractProblemLoader Creating init config 
302014     DEBUG main            d.u.i.k.j.r.ClassPreparationMethodBuilder clPrepBuilder: Inner Class detected. Reject building class initialisation methods. 
304609     DEBUG main            d.u.i.k.p.i.AbstractProblemLoader Init config took 3.78s 
304662     INFO  main            d.u.i.k.p.i.AbstractProblemLoader Replaying proof LinkedList[LinkedList::LinkedList()].JML normal_behavior operation contract.0 
304790     DEBUG main            d.u.i.k.p.i.IntermediateProofReplayer Proof replay took 124.32ms 
304791     DEBUG main            d.u.i.k.p.r.p.TestFile    ... success: reloaded. 
304793     INFO  main            d.u.i.k.p.r.p.TestFile    Now processing file /home/runner/work/key/key/key.core/../key.ui/examples/heap/list/LinkedList_size_dep.key 
304793     INFO  main            d.u.i.k.p.i.AbstractProblemLoader Loading environment from /home/runner/work/key/key/key.core/../key.ui/examples/heap/list/LinkedList_size_dep.key 
304793     DEBUG main            d.u.i.k.p.i.AbstractProblemLoader Environment load took 119.4ns 
304795     INFO  main            d.u.i.k.p.i.AbstractProblemLoader Creating init config 
306011     DEBUG main            d.u.i.k.j.r.ClassPreparationMethodBuilder clPrepBuilder: Inner Class detected. Reject building class initialisation methods. 
308584     DEBUG main            d.u.i.k.p.i.AbstractProblemLoader Init config took 3.79s 
308635     INFO  main            d.u.i.k.p.i.AbstractProblemLoader Replaying proof LinkedList[List::size()].JML accessible clause.0 
308637     DEBUG main            d.u.i.k.p.i.IntermediateProofReplayer Proof replay took 7.1ns 
309340     INFO  main            d.u.i.k.p.r.p.TestFile    ... finished proof: closed. 
309728     INFO  main            d.u.i.k.p.i.AbstractProblemLoader Loading environment from /home/runner/work/key/key/key.core/../key.ui/examples/heap/list/LinkedList_size_dep.key.proof 
309728     DEBUG main            d.u.i.k.p.i.AbstractProblemLoader Environment load took 110.8ns 
309730     INFO  main            d.u.i.k.p.i.AbstractProblemLoader Creating init config 
310932     DEBUG main            d.u.i.k.j.r.ClassPreparationMethodBuilder clPrepBuilder: Inner Class detected. Reject building class initialisation methods. 
313459     DEBUG main            d.u.i.k.p.i.AbstractProblemLoader Init config took 3.73s 
313512     INFO  main            d.u.i.k.p.i.AbstractProblemLoader Replaying proof LinkedList[List::size()].JML accessible clause.0 
313579     DEBUG main            d.u.i.k.p.i.IntermediateProofReplayer Proof replay took 63.01ms 
313580     DEBUG main            d.u.i.k.p.r.p.TestFile    ... success: reloaded. 
313582     INFO  main            d.u.i.k.p.r.p.TestFile    Now processing file /home/runner/work/key/key/key.core/../key.ui/examples/heap/list/LinkedList_size.key 
313582     INFO  main            d.u.i.k.p.i.AbstractProblemLoader Loading environment from /home/runner/work/key/key/key.core/../key.ui/examples/heap/list/LinkedList_size.key 
313582     DEBUG main            d.u.i.k.p.i.AbstractProblemLoader Environment load took 251.7ns 
313583     INFO  main            d.u.i.k.p.i.AbstractProblemLoader Creating init config 
314804     DEBUG main            d.u.i.k.j.r.ClassPreparationMethodBuilder clPrepBuilder: Inner Class detected. Reject building class initialisation methods. 
317432     DEBUG main            d.u.i.k.p.i.AbstractProblemLoader Init config took 3.85s 
317490     INFO  main            d.u.i.k.p.i.AbstractProblemLoader Replaying proof LinkedList[List::size()].JML normal_behavior operation contract.0 
317493     DEBUG main            d.u.i.k.p.i.IntermediateProofReplayer Proof replay took 7.1ns 
318100     INFO  main            d.u.i.k.p.r.p.TestFile    ... finished proof: closed. 
318511     INFO  main            d.u.i.k.p.i.AbstractProblemLoader Loading environment from /home/runner/work/key/key/key.core/../key.ui/examples/heap/list/LinkedList_size.key.proof 
318511     DEBUG main            d.u.i.k.p.i.AbstractProblemLoader Environment load took 140.4ns 
318512     INFO  main            d.u.i.k.p.i.AbstractProblemLoader Creating init config 
319703     DEBUG main            d.u.i.k.j.r.ClassPreparationMethodBuilder clPrepBuilder: Inner Class detected. Reject building class initialisation methods. 
322270     DEBUG main            d.u.i.k.p.i.AbstractProblemLoader Init config took 3.76s 
322323     INFO  main            d.u.i.k.p.i.AbstractProblemLoader Replaying proof LinkedList[List::size()].JML normal_behavior operation contract.0 
322383     DEBUG main            d.u.i.k.p.i.IntermediateProofReplayer Proof replay took 56.33ms 
322384     DEBUG main            d.u.i.k.p.r.p.TestFile    ... success: reloaded. 
322385     INFO  main            d.u.i.k.p.r.p.TestFile    Now processing file /home/runner/work/key/key/key.core/../key.ui/examples/heap/list/MySet_footprint.key 
322385     INFO  main            d.u.i.k.p.i.AbstractProblemLoader Loading environment from /home/runner/work/key/key/key.core/../key.ui/examples/heap/list/MySet_footprint.key 
322385     DEBUG main            d.u.i.k.p.i.AbstractProblemLoader Environment load took 156.4ns 
322386     INFO  main            d.u.i.k.p.i.AbstractProblemLoader Creating init config 
323595     DEBUG main            d.u.i.k.j.r.ClassPreparationMethodBuilder clPrepBuilder: Inner Class detected. Reject building class initialisation methods. 
326167     DEBUG main            d.u.i.k.p.i.AbstractProblemLoader Init config took 3.78s 
326247     INFO  main            d.u.i.k.p.i.AbstractProblemLoader Replaying proof MySet[MySet::$footprint()].JML accessible clause.0 
326249     DEBUG main            d.u.i.k.p.i.IntermediateProofReplayer Proof replay took 7.3ns 
326552     INFO  main            d.u.i.k.p.r.p.TestFile    ... finished proof: closed. 
326993     INFO  main            d.u.i.k.p.i.AbstractProblemLoader Loading environment from /home/runner/work/key/key/key.core/../key.ui/examples/heap/list/MySet_footprint.key.proof 
326994     DEBUG main            d.u.i.k.p.i.AbstractProblemLoader Environment load took 375.2ns 
326995     INFO  main            d.u.i.k.p.i.AbstractProblemLoader Creating init config 
328206     DEBUG main            d.u.i.k.j.r.ClassPreparationMethodBuilder clPrepBuilder: Inner Class detected. Reject building class initialisation methods. 
330783     DEBUG main            d.u.i.k.p.i.AbstractProblemLoader Init config took 3.79s 
330857     INFO  main            d.u.i.k.p.i.AbstractProblemLoader Replaying proof MySet[MySet::$footprint()].JML accessible clause.0 
330903     DEBUG main            d.u.i.k.p.i.IntermediateProofReplayer Proof replay took 43.92ms 
330905     DEBUG main            d.u.i.k.p.r.p.TestFile    ... success: reloaded. 
330906     INFO  main            d.u.i.k.p.r.p.TestFile    Now processing file /home/runner/work/key/key/key.core/../key.ui/examples/heap/list/MySet_MySet.key 
330906     INFO  main            d.u.i.k.p.i.AbstractProblemLoader Loading environment from /home/runner/work/key/key/key.core/../key.ui/examples/heap/list/MySet_MySet.key 
330906     DEBUG main            d.u.i.k.p.i.AbstractProblemLoader Environment load took 118ns 
330908     INFO  main            d.u.i.k.p.i.AbstractProblemLoader Creating init config 
332103     DEBUG main            d.u.i.k.j.r.ClassPreparationMethodBuilder clPrepBuilder: Inner Class detected. Reject building class initialisation methods. 
334735     DEBUG main            d.u.i.k.p.i.AbstractProblemLoader Init config took 3.83s 
334791     INFO  main            d.u.i.k.p.i.AbstractProblemLoader Replaying proof MySet[MySet::MySet()].JML normal_behavior operation contract.0 
334794     DEBUG main            d.u.i.k.p.i.IntermediateProofReplayer Proof replay took 8.2ns 
338012     INFO  main            d.u.i.k.p.r.p.TestFile    ... finished proof: closed. 
338461     INFO  main            d.u.i.k.p.i.AbstractProblemLoader Loading environment from /home/runner/work/key/key/key.core/../key.ui/examples/heap/list/MySet_MySet.key.proof 
338462     DEBUG main            d.u.i.k.p.i.AbstractProblemLoader Environment load took 550ns 
338464     INFO  main            d.u.i.k.p.i.AbstractProblemLoader Creating init config 
339666     DEBUG main            d.u.i.k.j.r.ClassPreparationMethodBuilder clPrepBuilder: Inner Class detected. Reject building class initialisation methods. 
342231     DEBUG main            d.u.i.k.p.i.AbstractProblemLoader Init config took 3.77s 
342286     INFO  main            d.u.i.k.p.i.AbstractProblemLoader Replaying proof MySet[MySet::MySet()].JML normal_behavior operation contract.0 
342759     DEBUG main            d.u.i.k.p.i.IntermediateProofReplayer Proof replay took 460.72ms 
342761     DEBUG main            d.u.i.k.p.r.p.TestFile    ... success: reloaded. 
1472629    INFO  Test worker     d.u.i.k.p.r.RunAllProofsTestUnit Returning from test list 
1472637    INFO  Test worker     d.u.i.k.p.r.RunAllProofsTestUnit Running test list_ghost 
430        INFO  Timeout watchdog d.u.i.k.p.r.p.ForkedTestFileRunner Timeout watcher launched (2000 secs.) 
449        WARN  main            d.u.i.k.s.ProofSettings   The settings in /home/runner/.key/proof-settings.props are *not* read. 
487        INFO  main            d.u.i.k.p.r.p.TestFile    Now processing file /home/runner/work/key/key/key.core/../key.ui/examples/heap/list_ghost/ArrayList_add.key 
655        INFO  main            d.u.i.k.p.i.AbstractProblemLoader Loading environment from /home/runner/work/key/key/key.core/../key.ui/examples/heap/list_ghost/ArrayList_add.key 
676        DEBUG main            d.u.i.k.p.i.AbstractProblemLoader Environment load took 2.33ms 
976        INFO  main            d.u.i.k.p.i.AbstractProblemLoader Creating init config 
2313       DEBUG main            d.u.i.k.j.TypeConverter   No LDT found for Meta 
2313       DEBUG main            d.u.i.k.j.TypeConverter   No LDT found for Meta 
2317       DEBUG main            d.u.i.k.j.TypeConverter   No LDT found for Meta 
2317       DEBUG main            d.u.i.k.j.TypeConverter   No LDT found for Meta 
4465       DEBUG main            d.u.i.k.j.TypeConverter   No LDT found for JavaBigintExpression 
10982      DEBUG main            d.u.i.k.p.i.AbstractProblemLoader Init config took 10.01s 
11215      INFO  main            d.u.i.k.p.i.AbstractProblemLoader Replaying proof ArrayList[List::add(java.lang.Object)].JML normal_behavior operation contract.0 
11265      DEBUG main            d.u.i.k.p.i.IntermediateProofReplayer Proof replay took 38.6ns 
18395      INFO  main            d.u.i.k.p.r.p.TestFile    ... finished proof: closed. 
18637      INFO  main            d.u.i.k.p.i.AbstractProblemLoader Loading environment from /home/runner/work/key/key/key.core/../key.ui/examples/heap/list_ghost/ArrayList_add.key.proof 
18642      DEBUG main            d.u.i.k.p.i.AbstractProblemLoader Environment load took 5.06ms 
18646      INFO  main            d.u.i.k.p.i.AbstractProblemLoader Creating init config 
22293      DEBUG main            d.u.i.k.p.i.AbstractProblemLoader Init config took 3.65s 
22371      INFO  main            d.u.i.k.p.i.AbstractProblemLoader Replaying proof ArrayList[List::add(java.lang.Object)].JML normal_behavior operation contract.0 
23390      DEBUG main            d.u.i.k.p.i.IntermediateProofReplayer Proof replay took 986.74ms 
23403      DEBUG main            d.u.i.k.p.r.p.TestFile    ... success: reloaded. 
23406      INFO  main            d.u.i.k.p.r.p.TestFile    Now processing file /home/runner/work/key/key/key.core/../key.ui/examples/heap/list_ghost/ArrayList_ArrayList.key 
23406      INFO  main            d.u.i.k.p.i.AbstractProblemLoader Loading environment from /home/runner/work/key/key/key.core/../key.ui/examples/heap/list_ghost/ArrayList_ArrayList.key 
23407      DEBUG main            d.u.i.k.p.i.AbstractProblemLoader Environment load took 154ns 
23411      INFO  main            d.u.i.k.p.i.AbstractProblemLoader Creating init config 
26974      DEBUG main            d.u.i.k.p.i.AbstractProblemLoader Init config took 3.56s 
27058      INFO  main            d.u.i.k.p.i.AbstractProblemLoader Replaying proof ArrayList[ArrayList::ArrayList()].JML normal_behavior operation contract.0 
27062      DEBUG main            d.u.i.k.p.i.IntermediateProofReplayer Proof replay took 8ns 
28470      INFO  main            d.u.i.k.p.r.p.TestFile    ... finished proof: closed. 
28718      INFO  main            d.u.i.k.p.i.AbstractProblemLoader Loading environment from /home/runner/work/key/key/key.core/../key.ui/examples/heap/list_ghost/ArrayList_ArrayList.key.proof 
28718      DEBUG main            d.u.i.k.p.i.AbstractProblemLoader Environment load took 154.9ns 
28724      INFO  main            d.u.i.k.p.i.AbstractProblemLoader Creating init config 
32165      DEBUG main            d.u.i.k.p.i.AbstractProblemLoader Init config took 3.44s 
32251      INFO  main            d.u.i.k.p.i.AbstractProblemLoader Replaying proof ArrayList[ArrayList::ArrayList()].JML normal_behavior operation contract.0 
32499      DEBUG main            d.u.i.k.p.i.IntermediateProofReplayer Proof replay took 239ms 
32501      DEBUG main            d.u.i.k.p.r.p.TestFile    ... success: reloaded. 
32503      INFO  main            d.u.i.k.p.r.p.TestFile    Now processing file /home/runner/work/key/key/key.core/../key.ui/examples/heap/list_ghost/ArrayList_enlarge.key 
32504      INFO  main            d.u.i.k.p.i.AbstractProblemLoader Loading environment from /home/runner/work/key/key/key.core/../key.ui/examples/heap/list_ghost/ArrayList_enlarge.key 
32504      DEBUG main            d.u.i.k.p.i.AbstractProblemLoader Environment load took 316.8ns 
32505      INFO  main            d.u.i.k.p.i.AbstractProblemLoader Creating init config 
35850      DEBUG main            d.u.i.k.p.i.AbstractProblemLoader Init config took 3.34s 
35908      INFO  main            d.u.i.k.p.i.AbstractProblemLoader Replaying proof ArrayList[ArrayList::enlarge()].JML normal_behavior operation contract.0 
35911      DEBUG main            d.u.i.k.p.i.IntermediateProofReplayer Proof replay took 6.5ns 
38773      INFO  main            d.u.i.k.p.r.p.TestFile    ... finished proof: closed. 
38987      INFO  main            d.u.i.k.p.i.AbstractProblemLoader Loading environment from /home/runner/work/key/key/key.core/../key.ui/examples/heap/list_ghost/ArrayList_enlarge.key.proof 
38987      DEBUG main            d.u.i.k.p.i.AbstractProblemLoader Environment load took 239.8ns 
38989      INFO  main            d.u.i.k.p.i.AbstractProblemLoader Creating init config 
42295      DEBUG main            d.u.i.k.p.i.AbstractProblemLoader Init config took 3.31s 
42372      INFO  main            d.u.i.k.p.i.AbstractProblemLoader Replaying proof ArrayList[ArrayList::enlarge()].JML normal_behavior operation contract.0 
42939      DEBUG main            d.u.i.k.p.i.IntermediateProofReplayer Proof replay took 551.88ms 
42940      DEBUG main            d.u.i.k.p.r.p.TestFile    ... success: reloaded. 
42942      INFO  main            d.u.i.k.p.r.p.TestFile    Now processing file /home/runner/work/key/key/key.core/../key.ui/examples/heap/list_ghost/ArrayList_get_dep.key 
42942      INFO  main            d.u.i.k.p.i.AbstractProblemLoader Loading environment from /home/runner/work/key/key/key.core/../key.ui/examples/heap/list_ghost/ArrayList_get_dep.key 
42943      DEBUG main            d.u.i.k.p.i.AbstractProblemLoader Environment load took 271.2ns 
42944      INFO  main            d.u.i.k.p.i.AbstractProblemLoader Creating init config 
46378      DEBUG main            d.u.i.k.p.i.AbstractProblemLoader Init config took 3.43s 
46441      INFO  main            d.u.i.k.p.i.AbstractProblemLoader Replaying proof ArrayList[List::get(int)].JML accessible clause.0 
46445      DEBUG main            d.u.i.k.p.i.IntermediateProofReplayer Proof replay took 21.2ns 
46949      INFO  main            d.u.i.k.p.r.p.TestFile    ... finished proof: closed. 
47170      INFO  main            d.u.i.k.p.i.AbstractProblemLoader Loading environment from /home/runner/work/key/key/key.core/../key.ui/examples/heap/list_ghost/ArrayList_get_dep.key.proof 
47171      DEBUG main            d.u.i.k.p.i.AbstractProblemLoader Environment load took 741.21ns 
47172      INFO  main            d.u.i.k.p.i.AbstractProblemLoader Creating init config 
50427      DEBUG main            d.u.i.k.p.i.AbstractProblemLoader Init config took 3.25s 
50488      INFO  main            d.u.i.k.p.i.AbstractProblemLoader Replaying proof ArrayList[List::get(int)].JML accessible clause.0 
50590      DEBUG main            d.u.i.k.p.i.IntermediateProofReplayer Proof replay took 97.59ms 
50592      DEBUG main            d.u.i.k.p.r.p.TestFile    ... success: reloaded. 
50594      INFO  main            d.u.i.k.p.r.p.TestFile    Now processing file /home/runner/work/key/key/key.core/../key.ui/examples/heap/list_ghost/ArrayList_get_exceptional.key 
50595      INFO  main            d.u.i.k.p.i.AbstractProblemLoader Loading environment from /home/runner/work/key/key/key.core/../key.ui/examples/heap/list_ghost/ArrayList_get_exceptional.key 
50595      DEBUG main            d.u.i.k.p.i.AbstractProblemLoader Environment load took 285.5ns 
50597      INFO  main            d.u.i.k.p.i.AbstractProblemLoader Creating init config 
53912      DEBUG main            d.u.i.k.p.i.AbstractProblemLoader Init config took 3.32s 
53966      INFO  main            d.u.i.k.p.i.AbstractProblemLoader Replaying proof ArrayList[List::get(int)].JML exceptional_behavior operation contract.0 
53970      DEBUG main            d.u.i.k.p.i.IntermediateProofReplayer Proof replay took 7.2ns 
54976      INFO  main            d.u.i.k.p.r.p.TestFile    ... finished proof: closed. 
55217      INFO  main            d.u.i.k.p.i.AbstractProblemLoader Loading environment from /home/runner/work/key/key/key.core/../key.ui/examples/heap/list_ghost/ArrayList_get_exceptional.key.proof 
55218      DEBUG main            d.u.i.k.p.i.AbstractProblemLoader Environment load took 855.41ns 
55220      INFO  main            d.u.i.k.p.i.AbstractProblemLoader Creating init config 
58454      DEBUG main            d.u.i.k.p.i.AbstractProblemLoader Init config took 3.23s 
58514      INFO  main            d.u.i.k.p.i.AbstractProblemLoader Replaying proof ArrayList[List::get(int)].JML exceptional_behavior operation contract.0 
58753      DEBUG main            d.u.i.k.p.i.IntermediateProofReplayer Proof replay took 231.19ms 
58756      DEBUG main            d.u.i.k.p.r.p.TestFile    ... success: reloaded. 
58758      INFO  main            d.u.i.k.p.r.p.TestFile    Now processing file /home/runner/work/key/key/key.core/../key.ui/examples/heap/list_ghost/ArrayList_get_normal.key 
58758      INFO  main            d.u.i.k.p.i.AbstractProblemLoader Loading environment from /home/runner/work/key/key/key.core/../key.ui/examples/heap/list_ghost/ArrayList_get_normal.key 
58759      DEBUG main            d.u.i.k.p.i.AbstractProblemLoader Environment load took 304.1ns 
58760      INFO  main            d.u.i.k.p.i.AbstractProblemLoader Creating init config 
62067      DEBUG main            d.u.i.k.p.i.AbstractProblemLoader Init config took 3.31s 
62125      INFO  main            d.u.i.k.p.i.AbstractProblemLoader Replaying proof ArrayList[List::get(int)].JML normal_behavior operation contract.0 
62128      DEBUG main            d.u.i.k.p.i.IntermediateProofReplayer Proof replay took 7.2ns 
62536      INFO  main            d.u.i.k.p.r.p.TestFile    ... finished proof: closed. 
62740      INFO  main            d.u.i.k.p.i.AbstractProblemLoader Loading environment from /home/runner/work/key/key/key.core/../key.ui/examples/heap/list_ghost/ArrayList_get_normal.key.proof 
62740      DEBUG main            d.u.i.k.p.i.AbstractProblemLoader Environment load took 154.2ns 
62745      INFO  main            d.u.i.k.p.i.AbstractProblemLoader Creating init config 
65987      DEBUG main            d.u.i.k.p.i.AbstractProblemLoader Init config took 3.24s 
66039      INFO  main            d.u.i.k.p.i.AbstractProblemLoader Replaying proof ArrayList[List::get(int)].JML normal_behavior operation contract.0 
66138      DEBUG main            d.u.i.k.p.i.IntermediateProofReplayer Proof replay took 95.53ms 
66139      DEBUG main            d.u.i.k.p.r.p.TestFile    ... success: reloaded. 
66141      INFO  main            d.u.i.k.p.r.p.TestFile    Now processing file /home/runner/work/key/key/key.core/../key.ui/examples/heap/list_ghost/ArrayList_inv.key 
66141      INFO  main            d.u.i.k.p.i.AbstractProblemLoader Loading environment from /home/runner/work/key/key/key.core/../key.ui/examples/heap/list_ghost/ArrayList_inv.key 
66141      DEBUG main            d.u.i.k.p.i.AbstractProblemLoader Environment load took 132.9ns 
66142      INFO  main            d.u.i.k.p.i.AbstractProblemLoader Creating init config 
69421      DEBUG main            d.u.i.k.p.i.AbstractProblemLoader Init config took 3.28s 
69471      INFO  main            d.u.i.k.p.i.AbstractProblemLoader Replaying proof ArrayList[java.lang.Object::<inv>()].JML accessible clause.0 
69474      DEBUG main            d.u.i.k.p.i.IntermediateProofReplayer Proof replay took 7.2ns 
69580      INFO  main            d.u.i.k.p.r.p.TestFile    ... finished proof: closed. 
69812      INFO  main            d.u.i.k.p.i.AbstractProblemLoader Loading environment from /home/runner/work/key/key/key.core/../key.ui/examples/heap/list_ghost/ArrayList_inv.key.proof 
69812      DEBUG main            d.u.i.k.p.i.AbstractProblemLoader Environment load took 142.6ns 
69815      INFO  main            d.u.i.k.p.i.AbstractProblemLoader Creating init config 
73006      DEBUG main            d.u.i.k.p.i.AbstractProblemLoader Init config took 3.19s 
73054      INFO  main            d.u.i.k.p.i.AbstractProblemLoader Replaying proof ArrayList[java.lang.Object::<inv>()].JML accessible clause.0 
73071      DEBUG main            d.u.i.k.p.i.IntermediateProofReplayer Proof replay took 12.11ms 
73072      DEBUG main            d.u.i.k.p.r.p.TestFile    ... success: reloaded. 
73074      INFO  main            d.u.i.k.p.r.p.TestFile    Now processing file /home/runner/work/key/key/key.core/../key.ui/examples/heap/list_ghost/ArrayList_size_dep.key 
73074      INFO  main            d.u.i.k.p.i.AbstractProblemLoader Loading environment from /home/runner/work/key/key/key.core/../key.ui/examples/heap/list_ghost/ArrayList_size_dep.key 
73075      DEBUG main            d.u.i.k.p.i.AbstractProblemLoader Environment load took 265.7ns 
73076      INFO  main            d.u.i.k.p.i.AbstractProblemLoader Creating init config 
76291      DEBUG main            d.u.i.k.p.i.AbstractProblemLoader Init config took 3.21s 
76339      INFO  main            d.u.i.k.p.i.AbstractProblemLoader Replaying proof ArrayList[List::size()].JML accessible clause.0 
76341      DEBUG main            d.u.i.k.p.i.IntermediateProofReplayer Proof replay took 7.8ns 
76444      INFO  main            d.u.i.k.p.r.p.TestFile    ... finished proof: closed. 
76705      INFO  main            d.u.i.k.p.i.AbstractProblemLoader Loading environment from /home/runner/work/key/key/key.core/../key.ui/examples/heap/list_ghost/ArrayList_size_dep.key.proof 
76706      DEBUG main            d.u.i.k.p.i.AbstractProblemLoader Environment load took 140.9ns 
76707      INFO  main            d.u.i.k.p.i.AbstractProblemLoader Creating init config 
79897      DEBUG main            d.u.i.k.p.i.AbstractProblemLoader Init config took 3.19s 
79950      INFO  main            d.u.i.k.p.i.AbstractProblemLoader Replaying proof ArrayList[List::size()].JML accessible clause.0 
79969      DEBUG main            d.u.i.k.p.i.IntermediateProofReplayer Proof replay took 16.03ms 
79970      DEBUG main            d.u.i.k.p.r.p.TestFile    ... success: reloaded. 
79972      INFO  main            d.u.i.k.p.r.p.TestFile    Now processing file /home/runner/work/key/key/key.core/../key.ui/examples/heap/list_ghost/ArrayList_size.key 
79972      INFO  main            d.u.i.k.p.i.AbstractProblemLoader Loading environment from /home/runner/work/key/key/key.core/../key.ui/examples/heap/list_ghost/ArrayList_size.key 
79973      DEBUG main            d.u.i.k.p.i.AbstractProblemLoader Environment load took 272.7ns 
79974      INFO  main            d.u.i.k.p.i.AbstractProblemLoader Creating init config 
83162      DEBUG main            d.u.i.k.p.i.AbstractProblemLoader Init config took 3.19s 
83212      INFO  main            d.u.i.k.p.i.AbstractProblemLoader Replaying proof ArrayList[List::size()].JML normal_behavior operation contract.0 
83215      DEBUG main            d.u.i.k.p.i.IntermediateProofReplayer Proof replay took 7.3ns 
83321      INFO  main            d.u.i.k.p.r.p.TestFile    ... finished proof: closed. 
83554      INFO  main            d.u.i.k.p.i.AbstractProblemLoader Loading environment from /home/runner/work/key/key/key.core/../key.ui/examples/heap/list_ghost/ArrayList_size.key.proof 
83555      DEBUG main            d.u.i.k.p.i.AbstractProblemLoader Environment load took 225.4ns 
83556      INFO  main            d.u.i.k.p.i.AbstractProblemLoader Creating init config 
86789      DEBUG main            d.u.i.k.p.i.AbstractProblemLoader Init config took 3.23s 
86842      INFO  main            d.u.i.k.p.i.AbstractProblemLoader Replaying proof ArrayList[List::size()].JML normal_behavior operation contract.0 
86863      DEBUG main            d.u.i.k.p.i.IntermediateProofReplayer Proof replay took 18.8ms 
86864      DEBUG main            d.u.i.k.p.r.p.TestFile    ... success: reloaded. 
1559726    INFO  Test worker     d.u.i.k.p.r.RunAllProofsTestUnit Returning from test list_ghost 
1559728    INFO  Test worker     d.u.i.k.p.r.RunAllProofsTestUnit Running test list_recursive 
406        INFO  Timeout watchdog d.u.i.k.p.r.p.ForkedTestFileRunner Timeout watcher launched (2000 secs.) 
421        WARN  main            d.u.i.k.s.ProofSettings   The settings in /home/runner/.key/proof-settings.props are *not* read. 
470        INFO  main            d.u.i.k.p.r.p.TestFile    Now processing file /home/runner/work/key/key/key.core/../key.ui/examples/heap/list_recursiveSpec/ListOperationsNonNull_getNextNN_normal_behavior.key 
691        INFO  main            d.u.i.k.p.i.AbstractProblemLoader Loading environment from /home/runner/work/key/key/key.core/../key.ui/examples/heap/list_recursiveSpec/ListOperationsNonNull_getNextNN_normal_behavior.key 
711        DEBUG main            d.u.i.k.p.i.AbstractProblemLoader Environment load took 2.77ms 
1015       INFO  main            d.u.i.k.p.i.AbstractProblemLoader Creating init config 
2224       DEBUG main            d.u.i.k.j.TypeConverter   No LDT found for Meta 
2224       DEBUG main            d.u.i.k.j.TypeConverter   No LDT found for Meta 
2228       DEBUG main            d.u.i.k.j.TypeConverter   No LDT found for Meta 
2229       DEBUG main            d.u.i.k.j.TypeConverter   No LDT found for Meta 
4563       DEBUG main            d.u.i.k.j.TypeConverter   No LDT found for JavaBigintExpression 
11556      DEBUG main            d.u.i.k.p.i.AbstractProblemLoader Init config took 10.54s 
11788      INFO  main            d.u.i.k.p.i.AbstractProblemLoader Replaying proof ListOperationsNonNull[ListOperationsNonNull::getNextNN(ListNN,int)].JML normal_behavior operation contract.0 
11850      DEBUG main            d.u.i.k.p.i.IntermediateProofReplayer Proof replay took 39.3ns 
13698      INFO  main            d.u.i.k.p.r.p.TestFile    ... finished proof: closed. 
13892      INFO  main            d.u.i.k.p.i.AbstractProblemLoader Loading environment from /home/runner/work/key/key/key.core/../key.ui/examples/heap/list_recursiveSpec/ListOperationsNonNull_getNextNN_normal_behavior.key.proof 
13894      DEBUG main            d.u.i.k.p.i.AbstractProblemLoader Environment load took 1.12ms 
13896      INFO  main            d.u.i.k.p.i.AbstractProblemLoader Creating init config 
17838      DEBUG main            d.u.i.k.p.i.AbstractProblemLoader Init config took 3.94s 
17942      INFO  main            d.u.i.k.p.i.AbstractProblemLoader Replaying proof ListOperationsNonNull[ListOperationsNonNull::getNextNN(ListNN,int)].JML normal_behavior operation contract.0 
18169      DEBUG main            d.u.i.k.p.i.IntermediateProofReplayer Proof replay took 214.96ms 
18179      DEBUG main            d.u.i.k.p.r.p.TestFile    ... success: reloaded. 
18181      INFO  main            d.u.i.k.p.r.p.TestFile    Now processing file /home/runner/work/key/key/key.core/../key.ui/examples/heap/list_recursiveSpec/ListOperationsNonNull_setValueAt_normal_behavior.key 
18182      INFO  main            d.u.i.k.p.i.AbstractProblemLoader Loading environment from /home/runner/work/key/key/key.core/../key.ui/examples/heap/list_recursiveSpec/ListOperationsNonNull_setValueAt_normal_behavior.key 
18182      DEBUG main            d.u.i.k.p.i.AbstractProblemLoader Environment load took 335.8ns 
18185      INFO  main            d.u.i.k.p.i.AbstractProblemLoader Creating init config 
21844      DEBUG main            d.u.i.k.p.i.AbstractProblemLoader Init config took 3.66s 
21924      INFO  main            d.u.i.k.p.i.AbstractProblemLoader Replaying proof ListOperationsNonNull[ListOperationsNonNull::setValueAt_NN(ListNN,int,int)].JML normal_behavior operation contract.0 
21929      DEBUG main            d.u.i.k.p.i.IntermediateProofReplayer Proof replay took 8.7ns 
21965      DEBUG main            d.u.i.k.m.s.ProofScriptEngine 1: 'macro autopilot' 
25272      DEBUG main            d.u.i.k.m.s.ProofScriptEngine 2: 'macro simp-upd' 
25279      DEBUG main            d.u.i.k.m.s.ProofScriptEngine 3: 'rule observerDependencyEQ' 
25300      DEBUG main            d.u.i.k.m.s.ProofScriptEngine 4: 'tryclose' 
25335      INFO  main            d.u.i.k.p.r.p.TestFile    ... finished proof: closed. 
25532      INFO  main            d.u.i.k.p.i.AbstractProblemLoader Loading environment from /home/runner/work/key/key/key.core/../key.ui/examples/heap/list_recursiveSpec/ListOperationsNonNull_setValueAt_normal_behavior.key.proof 
25536      DEBUG main            d.u.i.k.p.i.AbstractProblemLoader Environment load took 3.66ms 
25539      INFO  main            d.u.i.k.p.i.AbstractProblemLoader Creating init config 
29085      DEBUG main            d.u.i.k.p.i.AbstractProblemLoader Init config took 3.55s 
29155      INFO  main            d.u.i.k.p.i.AbstractProblemLoader Replaying proof ListOperationsNonNull[ListOperationsNonNull::setValueAt_NN(ListNN,int,int)].JML normal_behavior operation contract.0 
29337      DEBUG main            d.u.i.k.p.i.IntermediateProofReplayer Proof replay took 174.9ms 
29338      DEBUG main            d.u.i.k.p.r.p.TestFile    ... success: reloaded. 
1589273    INFO  Test worker     d.u.i.k.p.r.RunAllProofsTestUnit Returning from test list_recursive 
1589275    INFO  Test worker     d.u.i.k.p.r.RunAllProofsTestUnit Running test list_seq 
426        INFO  Timeout watchdog d.u.i.k.p.r.p.ForkedTestFileRunner Timeout watcher launched (2000 secs.) 
446        WARN  main            d.u.i.k.s.ProofSettings   The settings in /home/runner/.key/proof-settings.props are *not* read. 
510        INFO  main            d.u.i.k.p.r.p.TestFile    Now processing file /home/runner/work/key/key/key.core/../key.ui/examples/heap/list_seq/SimplifiedLinkedList.remove.key 
702        INFO  main            d.u.i.k.p.i.AbstractProblemLoader Loading environment from /home/runner/work/key/key/key.core/../key.ui/examples/heap/list_seq/SimplifiedLinkedList.remove.key 
726        DEBUG main            d.u.i.k.p.i.AbstractProblemLoader Environment load took 2.19ms 
1044       INFO  main            d.u.i.k.p.i.AbstractProblemLoader Creating init config 
2279       DEBUG main            d.u.i.k.j.TypeConverter   No LDT found for Meta 
2280       DEBUG main            d.u.i.k.j.TypeConverter   No LDT found for Meta 
2283       DEBUG main            d.u.i.k.j.TypeConverter   No LDT found for Meta 
2284       DEBUG main            d.u.i.k.j.TypeConverter   No LDT found for Meta 
4412       DEBUG main            d.u.i.k.j.TypeConverter   No LDT found for JavaBigintExpression 
12231      DEBUG main            d.u.i.k.p.i.AbstractProblemLoader Init config took 11.19s 
12449      INFO  main            d.u.i.k.p.i.AbstractProblemLoader Replaying proof SimplifiedLinkedList[SimplifiedLinkedList::remove(int)].JML normal_behavior operation contract.0 
12602      DEBUG main            d.u.i.k.p.i.IntermediateProofReplayer Proof replay took 38.7ns 
122319     INFO  main            d.u.i.k.p.r.p.TestFile    ... finished proof: closed. 
122826     INFO  main            d.u.i.k.p.i.AbstractProblemLoader Loading environment from /home/runner/work/key/key/key.core/../key.ui/examples/heap/list_seq/SimplifiedLinkedList.remove.key.proof 
122827     DEBUG main            d.u.i.k.p.i.AbstractProblemLoader Environment load took 614.3ns 
122846     INFO  main            d.u.i.k.p.i.AbstractProblemLoader Creating init config 
127240     DEBUG main            d.u.i.k.p.i.AbstractProblemLoader Init config took 4.39s 
127383     INFO  main            d.u.i.k.p.i.AbstractProblemLoader Replaying proof SimplifiedLinkedList[SimplifiedLinkedList::remove(int)].JML normal_behavior operation contract.0 
133481     DEBUG main            d.u.i.k.p.i.IntermediateProofReplayer Proof replay took 5.81s 
133505     DEBUG main            d.u.i.k.p.r.p.TestFile    ... success: reloaded. 
133511     INFO  main            d.u.i.k.p.r.p.TestFile    Now processing file /home/runner/work/key/key/key.core/../key.ui/examples/heap/list_seq/ArrayList.ArrayList.key 
133512     INFO  main            d.u.i.k.p.i.AbstractProblemLoader Loading environment from /home/runner/work/key/key/key.core/../key.ui/examples/heap/list_seq/ArrayList.ArrayList.key 
133512     DEBUG main            d.u.i.k.p.i.AbstractProblemLoader Environment load took 289.2ns 
133519     INFO  main            d.u.i.k.p.i.AbstractProblemLoader Creating init config 
137785     DEBUG main            d.u.i.k.p.i.AbstractProblemLoader Init config took 4.27s 
137925     INFO  main            d.u.i.k.p.i.AbstractProblemLoader Replaying proof ArrayList[ArrayList::ArrayList()].JML normal_behavior operation contract.0 
137930     DEBUG main            d.u.i.k.p.i.IntermediateProofReplayer Proof replay took 7.6ns 
139236     INFO  main            d.u.i.k.p.r.p.TestFile    ... finished proof: closed. 
139589     INFO  main            d.u.i.k.p.i.AbstractProblemLoader Loading environment from /home/runner/work/key/key/key.core/../key.ui/examples/heap/list_seq/ArrayList.ArrayList.key.proof 
139589     DEBUG main            d.u.i.k.p.i.AbstractProblemLoader Environment load took 564.5ns 
139591     INFO  main            d.u.i.k.p.i.AbstractProblemLoader Creating init config 
143764     DEBUG main            d.u.i.k.p.i.AbstractProblemLoader Init config took 4.17s 
143867     INFO  main            d.u.i.k.p.i.AbstractProblemLoader Replaying proof ArrayList[ArrayList::ArrayList()].JML normal_behavior operation contract.0 
144070     DEBUG main            d.u.i.k.p.i.IntermediateProofReplayer Proof replay took 196.94ms 
144072     DEBUG main            d.u.i.k.p.r.p.TestFile    ... success: reloaded. 
144073     INFO  main            d.u.i.k.p.r.p.TestFile    Now processing file /home/runner/work/key/key/key.core/../key.ui/examples/heap/list_seq/ArrayList.add.key 
144073     INFO  main            d.u.i.k.p.i.AbstractProblemLoader Loading environment from /home/runner/work/key/key/key.core/../key.ui/examples/heap/list_seq/ArrayList.add.key 
144074     DEBUG main            d.u.i.k.p.i.AbstractProblemLoader Environment load took 290.8ns 
144075     INFO  main            d.u.i.k.p.i.AbstractProblemLoader Creating init config 
148206     DEBUG main            d.u.i.k.p.i.AbstractProblemLoader Init config took 4.13s 
148349     INFO  main            d.u.i.k.p.i.AbstractProblemLoader Replaying proof ArrayList[List::add(java.lang.Object)].JML normal_behavior operation contract.0 
148354     DEBUG main            d.u.i.k.p.i.IntermediateProofReplayer Proof replay took 7.8ns 
152701     INFO  main            d.u.i.k.p.r.p.TestFile    ... finished proof: closed. 
153004     INFO  main            d.u.i.k.p.i.AbstractProblemLoader Loading environment from /home/runner/work/key/key/key.core/../key.ui/examples/heap/list_seq/ArrayList.add.key.proof 
153004     DEBUG main            d.u.i.k.p.i.AbstractProblemLoader Environment load took 570.1ns 
153006     INFO  main            d.u.i.k.p.i.AbstractProblemLoader Creating init config 
157041     DEBUG main            d.u.i.k.p.i.AbstractProblemLoader Init config took 4.03s 
157145     INFO  main            d.u.i.k.p.i.AbstractProblemLoader Replaying proof ArrayList[List::add(java.lang.Object)].JML normal_behavior operation contract.0 
157761     DEBUG main            d.u.i.k.p.i.IntermediateProofReplayer Proof replay took 599.79ms 
157763     DEBUG main            d.u.i.k.p.r.p.TestFile    ... success: reloaded. 
157764     INFO  main            d.u.i.k.p.r.p.TestFile    Now processing file /home/runner/work/key/key/key.core/../key.ui/examples/heap/list_seq/ArrayList.contains.key 
157764     INFO  main            d.u.i.k.p.i.AbstractProblemLoader Loading environment from /home/runner/work/key/key/key.core/../key.ui/examples/heap/list_seq/ArrayList.contains.key 
157765     DEBUG main            d.u.i.k.p.i.AbstractProblemLoader Environment load took 264.7ns 
157766     INFO  main            d.u.i.k.p.i.AbstractProblemLoader Creating init config 
161899     DEBUG main            d.u.i.k.p.i.AbstractProblemLoader Init config took 4.13s 
162037     INFO  main            d.u.i.k.p.i.AbstractProblemLoader Replaying proof ArrayList[List::contains(java.lang.Object)].JML normal_behavior operation contract.0 
162039     DEBUG main            d.u.i.k.p.i.IntermediateProofReplayer Proof replay took 6.5ns 
164150     INFO  main            d.u.i.k.p.r.p.TestFile    ... finished proof: closed. 
164395     INFO  main            d.u.i.k.p.i.AbstractProblemLoader Loading environment from /home/runner/work/key/key/key.core/../key.ui/examples/heap/list_seq/ArrayList.contains.key.proof 
164396     DEBUG main            d.u.i.k.p.i.AbstractProblemLoader Environment load took 148.7ns 
164397     INFO  main            d.u.i.k.p.i.AbstractProblemLoader Creating init config 
168430     DEBUG main            d.u.i.k.p.i.AbstractProblemLoader Init config took 4.03s 
168564     INFO  main            d.u.i.k.p.i.AbstractProblemLoader Replaying proof ArrayList[List::contains(java.lang.Object)].JML normal_behavior operation contract.0 
168890     DEBUG main            d.u.i.k.p.i.IntermediateProofReplayer Proof replay took 318.77ms 
168892     DEBUG main            d.u.i.k.p.r.p.TestFile    ... success: reloaded. 
168893     INFO  main            d.u.i.k.p.r.p.TestFile    Now processing file /home/runner/work/key/key/key.core/../key.ui/examples/heap/list_seq/ArrayList.enlarge.key 
168893     INFO  main            d.u.i.k.p.i.AbstractProblemLoader Loading environment from /home/runner/work/key/key/key.core/../key.ui/examples/heap/list_seq/ArrayList.enlarge.key 
168894     DEBUG main            d.u.i.k.p.i.AbstractProblemLoader Environment load took 281.2ns 
168895     INFO  main            d.u.i.k.p.i.AbstractProblemLoader Creating init config 
173000     DEBUG main            d.u.i.k.p.i.AbstractProblemLoader Init config took 4.11s 
173108     INFO  main            d.u.i.k.p.i.AbstractProblemLoader Replaying proof ArrayList[ArrayList::enlarge()].JML normal_behavior operation contract.0 
173111     DEBUG main            d.u.i.k.p.i.IntermediateProofReplayer Proof replay took 7.4ns 
175819     INFO  main            d.u.i.k.p.r.p.TestFile    ... finished proof: closed. 
176087     INFO  main            d.u.i.k.p.i.AbstractProblemLoader Loading environment from /home/runner/work/key/key/key.core/../key.ui/examples/heap/list_seq/ArrayList.enlarge.key.proof 
176089     DEBUG main            d.u.i.k.p.i.AbstractProblemLoader Environment load took 1.29ms 
176091     INFO  main            d.u.i.k.p.i.AbstractProblemLoader Creating init config 
180072     DEBUG main            d.u.i.k.p.i.AbstractProblemLoader Init config took 3.98s 
180164     INFO  main            d.u.i.k.p.i.AbstractProblemLoader Replaying proof ArrayList[ArrayList::enlarge()].JML normal_behavior operation contract.0 
180608     DEBUG main            d.u.i.k.p.i.IntermediateProofReplayer Proof replay took 414.13ms 
180609     DEBUG main            d.u.i.k.p.r.p.TestFile    ... success: reloaded. 
180611     INFO  main            d.u.i.k.p.r.p.TestFile    Now processing file /home/runner/work/key/key/key.core/../key.ui/examples/heap/list_seq/ArrayList.get.key 
180611     INFO  main            d.u.i.k.p.i.AbstractProblemLoader Loading environment from /home/runner/work/key/key/key.core/../key.ui/examples/heap/list_seq/ArrayList.get.key 
180612     DEBUG main            d.u.i.k.p.i.AbstractProblemLoader Environment load took 314.3ns 
180613     INFO  main            d.u.i.k.p.i.AbstractProblemLoader Creating init config 
184677     DEBUG main            d.u.i.k.p.i.AbstractProblemLoader Init config took 4.06s 
184800     INFO  main            d.u.i.k.p.i.AbstractProblemLoader Replaying proof ArrayList[List::get(int)].JML normal_behavior operation contract.0 
184801     DEBUG main            d.u.i.k.p.i.IntermediateProofReplayer Proof replay took 7.6ns 
185506     INFO  main            d.u.i.k.p.r.p.TestFile    ... finished proof: closed. 
185773     INFO  main            d.u.i.k.p.i.AbstractProblemLoader Loading environment from /home/runner/work/key/key/key.core/../key.ui/examples/heap/list_seq/ArrayList.get.key.proof 
185774     DEBUG main            d.u.i.k.p.i.AbstractProblemLoader Environment load took 685.5ns 
185775     INFO  main            d.u.i.k.p.i.AbstractProblemLoader Creating init config 
189726     DEBUG main            d.u.i.k.p.i.AbstractProblemLoader Init config took 3.95s 
189817     INFO  main            d.u.i.k.p.i.AbstractProblemLoader Replaying proof ArrayList[List::get(int)].JML normal_behavior operation contract.0 
189905     DEBUG main            d.u.i.k.p.i.IntermediateProofReplayer Proof replay took 83.86ms 
189906     DEBUG main            d.u.i.k.p.r.p.TestFile    ... success: reloaded. 
189908     INFO  main            d.u.i.k.p.r.p.TestFile    Now processing file /home/runner/work/key/key/key.core/../key.ui/examples/heap/list_seq/ArrayList.newArray.key 
189908     INFO  main            d.u.i.k.p.i.AbstractProblemLoader Loading environment from /home/runner/work/key/key/key.core/../key.ui/examples/heap/list_seq/ArrayList.newArray.key 
189908     DEBUG main            d.u.i.k.p.i.AbstractProblemLoader Environment load took 290.4ns 
189910     INFO  main            d.u.i.k.p.i.AbstractProblemLoader Creating init config 
193942     DEBUG main            d.u.i.k.p.i.AbstractProblemLoader Init config took 4.03s 
194049     INFO  main            d.u.i.k.p.i.AbstractProblemLoader Replaying proof ArrayList[ArrayList::newArray(int)].JML normal_behavior operation contract.0 
194051     DEBUG main            d.u.i.k.p.i.IntermediateProofReplayer Proof replay took 7.5ns 
194353     INFO  main            d.u.i.k.p.r.p.TestFile    ... finished proof: closed. 
194620     INFO  main            d.u.i.k.p.i.AbstractProblemLoader Loading environment from /home/runner/work/key/key/key.core/../key.ui/examples/heap/list_seq/ArrayList.newArray.key.proof 
194621     DEBUG main            d.u.i.k.p.i.AbstractProblemLoader Environment load took 699.41ns 
194623     INFO  main            d.u.i.k.p.i.AbstractProblemLoader Creating init config 
198607     DEBUG main            d.u.i.k.p.i.AbstractProblemLoader Init config took 3.98s 
198698     INFO  main            d.u.i.k.p.i.AbstractProblemLoader Replaying proof ArrayList[ArrayList::newArray(int)].JML normal_behavior operation contract.0 
198769     DEBUG main            d.u.i.k.p.i.IntermediateProofReplayer Proof replay took 68.26ms 
198771     DEBUG main            d.u.i.k.p.r.p.TestFile    ... success: reloaded. 
198772     INFO  main            d.u.i.k.p.r.p.TestFile    Now processing file /home/runner/work/key/key/key.core/../key.ui/examples/heap/list_seq/ArrayList.remove.0.key 
198773     INFO  main            d.u.i.k.p.i.AbstractProblemLoader Loading environment from /home/runner/work/key/key/key.core/../key.ui/examples/heap/list_seq/ArrayList.remove.0.key 
198773     DEBUG main            d.u.i.k.p.i.AbstractProblemLoader Environment load took 272.3ns 
198775     INFO  main            d.u.i.k.p.i.AbstractProblemLoader Creating init config 
202749     DEBUG main            d.u.i.k.p.i.AbstractProblemLoader Init config took 3.97s 
202835     INFO  main            d.u.i.k.p.i.AbstractProblemLoader Replaying proof ArrayList[List::remove(java.lang.Object)].JML normal_behavior operation contract.0 
202837     DEBUG main            d.u.i.k.p.i.IntermediateProofReplayer Proof replay took 7.3ns 
205389     INFO  main            d.u.i.k.p.r.p.TestFile    ... finished proof: closed. 
205659     INFO  main            d.u.i.k.p.i.AbstractProblemLoader Loading environment from /home/runner/work/key/key/key.core/../key.ui/examples/heap/list_seq/ArrayList.remove.0.key.proof 
205659     DEBUG main            d.u.i.k.p.i.AbstractProblemLoader Environment load took 399.2ns 
205661     INFO  main            d.u.i.k.p.i.AbstractProblemLoader Creating init config 
209562     DEBUG main            d.u.i.k.p.i.AbstractProblemLoader Init config took 3.9s 
209649     INFO  main            d.u.i.k.p.i.AbstractProblemLoader Replaying proof ArrayList[List::remove(java.lang.Object)].JML normal_behavior operation contract.0 
210322     DEBUG main            d.u.i.k.p.i.IntermediateProofReplayer Proof replay took 666.57ms 
210324     DEBUG main            d.u.i.k.p.r.p.TestFile    ... success: reloaded. 
210325     INFO  main            d.u.i.k.p.r.p.TestFile    Now processing file /home/runner/work/key/key/key.core/../key.ui/examples/heap/list_seq/ArrayList.remove.1.key 
210326     INFO  main            d.u.i.k.p.i.AbstractProblemLoader Loading environment from /home/runner/work/key/key/key.core/../key.ui/examples/heap/list_seq/ArrayList.remove.1.key 
210326     DEBUG main            d.u.i.k.p.i.AbstractProblemLoader Environment load took 196.4ns 
210327     INFO  main            d.u.i.k.p.i.AbstractProblemLoader Creating init config 
214314     DEBUG main            d.u.i.k.p.i.AbstractProblemLoader Init config took 3.99s 
214401     INFO  main            d.u.i.k.p.i.AbstractProblemLoader Replaying proof ArrayList[List::remove(java.lang.Object)].JML normal_behavior operation contract.1 
214405     DEBUG main            d.u.i.k.p.i.IntermediateProofReplayer Proof replay took 6.9ns 
229342     INFO  main            d.u.i.k.p.r.p.TestFile    ... finished proof: closed. 
229707     INFO  main            d.u.i.k.p.i.AbstractProblemLoader Loading environment from /home/runner/work/key/key/key.core/../key.ui/examples/heap/list_seq/ArrayList.remove.1.key.proof 
229707     DEBUG main            d.u.i.k.p.i.AbstractProblemLoader Environment load took 564.9ns 
229710     INFO  main            d.u.i.k.p.i.AbstractProblemLoader Creating init config 
233559     DEBUG main            d.u.i.k.p.i.AbstractProblemLoader Init config took 3.85s 
233664     INFO  main            d.u.i.k.p.i.AbstractProblemLoader Replaying proof ArrayList[List::remove(java.lang.Object)].JML normal_behavior operation contract.1 
235585     DEBUG main            d.u.i.k.p.i.IntermediateProofReplayer Proof replay took 1.88s 
235588     DEBUG main            d.u.i.k.p.r.p.TestFile    ... success: reloaded. 
1825085    INFO  Test worker     d.u.i.k.p.r.RunAllProofsTestUnit Returning from test list_seq 
1825088    INFO  Test worker     d.u.i.k.p.r.RunAllProofsTestUnit Running test observer 
493        INFO  Timeout watchdog d.u.i.k.p.r.p.ForkedTestFileRunner Timeout watcher launched (2000 secs.) 
516        WARN  main            d.u.i.k.s.ProofSettings   The settings in /home/runner/.key/proof-settings.props are *not* read. 
566        INFO  main            d.u.i.k.p.r.p.TestFile    Now processing file /home/runner/work/key/key/key.core/../key.ui/examples/heap/observer/ExampleObserver_ExampleObserver.key 
737        INFO  main            d.u.i.k.p.i.AbstractProblemLoader Loading environment from /home/runner/work/key/key/key.core/../key.ui/examples/heap/observer/ExampleObserver_ExampleObserver.key 
759        DEBUG main            d.u.i.k.p.i.AbstractProblemLoader Environment load took 2.71ms 
1101       INFO  main            d.u.i.k.p.i.AbstractProblemLoader Creating init config 
2380       DEBUG main            d.u.i.k.j.TypeConverter   No LDT found for Meta 
2381       DEBUG main            d.u.i.k.j.TypeConverter   No LDT found for Meta 
2385       DEBUG main            d.u.i.k.j.TypeConverter   No LDT found for Meta 
2385       DEBUG main            d.u.i.k.j.TypeConverter   No LDT found for Meta 
4877       DEBUG main            d.u.i.k.j.TypeConverter   No LDT found for JavaBigintExpression 
11656      DEBUG main            d.u.i.k.p.i.AbstractProblemLoader Init config took 10.56s 
11828      INFO  main            d.u.i.k.p.i.AbstractProblemLoader Replaying proof ExampleObserver[ExampleObserver::ExampleObserver(ExampleSubject)].JML normal_behavior operation contract.0 
11873      DEBUG main            d.u.i.k.p.i.IntermediateProofReplayer Proof replay took 39.4ns 
13173      INFO  main            d.u.i.k.p.r.p.TestFile    ... finished proof: closed. 
13360      INFO  main            d.u.i.k.p.i.AbstractProblemLoader Loading environment from /home/runner/work/key/key/key.core/../key.ui/examples/heap/observer/ExampleObserver_ExampleObserver.key.proof 
13367      DEBUG main            d.u.i.k.p.i.AbstractProblemLoader Environment load took 7.22ms 
13377      INFO  main            d.u.i.k.p.i.AbstractProblemLoader Creating init config 
17209      DEBUG main            d.u.i.k.p.i.AbstractProblemLoader Init config took 3.83s 
17294      INFO  main            d.u.i.k.p.i.AbstractProblemLoader Replaying proof ExampleObserver[ExampleObserver::ExampleObserver(ExampleSubject)].JML normal_behavior operation contract.0 
17509      DEBUG main            d.u.i.k.p.i.IntermediateProofReplayer Proof replay took 205.76ms 
17529      DEBUG main            d.u.i.k.p.r.p.TestFile    ... success: reloaded. 
17533      INFO  main            d.u.i.k.p.r.p.TestFile    Now processing file /home/runner/work/key/key/key.core/../key.ui/examples/heap/observer/ExampleObserver_inv.key 
17533      INFO  main            d.u.i.k.p.i.AbstractProblemLoader Loading environment from /home/runner/work/key/key/key.core/../key.ui/examples/heap/observer/ExampleObserver_inv.key 
17533      DEBUG main            d.u.i.k.p.i.AbstractProblemLoader Environment load took 277.3ns 
17537      INFO  main            d.u.i.k.p.i.AbstractProblemLoader Creating init config 
21231      DEBUG main            d.u.i.k.p.i.AbstractProblemLoader Init config took 3.69s 
21310      INFO  main            d.u.i.k.p.i.AbstractProblemLoader Replaying proof ExampleObserver[java.lang.Object::<inv>()].JML accessible clause.0 
21314      DEBUG main            d.u.i.k.p.i.IntermediateProofReplayer Proof replay took 5.8ns 
21417      INFO  main            d.u.i.k.p.r.p.TestFile    ... finished proof: closed. 
21581      INFO  main            d.u.i.k.p.i.AbstractProblemLoader Loading environment from /home/runner/work/key/key/key.core/../key.ui/examples/heap/observer/ExampleObserver_inv.key.proof 
21581      DEBUG main            d.u.i.k.p.i.AbstractProblemLoader Environment load took 154.9ns 
21582      INFO  main            d.u.i.k.p.i.AbstractProblemLoader Creating init config 
25111      DEBUG main            d.u.i.k.p.i.AbstractProblemLoader Init config took 3.53s 
25197      INFO  main            d.u.i.k.p.i.AbstractProblemLoader Replaying proof ExampleObserver[java.lang.Object::<inv>()].JML accessible clause.0 
25228      DEBUG main            d.u.i.k.p.i.IntermediateProofReplayer Proof replay took 23.1ms 
25230      DEBUG main            d.u.i.k.p.r.p.TestFile    ... success: reloaded. 
25232      INFO  main            d.u.i.k.p.r.p.TestFile    Now processing file /home/runner/work/key/key/key.core/../key.ui/examples/heap/observer/ExampleObserver_subject.key 
25233      INFO  main            d.u.i.k.p.i.AbstractProblemLoader Loading environment from /home/runner/work/key/key/key.core/../key.ui/examples/heap/observer/ExampleObserver_subject.key 
25233      DEBUG main            d.u.i.k.p.i.AbstractProblemLoader Environment load took 134.8ns 
25236      INFO  main            d.u.i.k.p.i.AbstractProblemLoader Creating init config 
28849      DEBUG main            d.u.i.k.p.i.AbstractProblemLoader Init config took 3.61s 
28917      INFO  main            d.u.i.k.p.i.AbstractProblemLoader Replaying proof Observer[Observer::$subject()].JML accessible clause.0 
28919      DEBUG main            d.u.i.k.p.i.IntermediateProofReplayer Proof replay took 7.5ns 
29022      INFO  main            d.u.i.k.p.r.p.TestFile    ... finished proof: closed. 
29207      INFO  main            d.u.i.k.p.i.AbstractProblemLoader Loading environment from /home/runner/work/key/key/key.core/../key.ui/examples/heap/observer/ExampleObserver_subject.key.proof 
29207      DEBUG main            d.u.i.k.p.i.AbstractProblemLoader Environment load took 159.1ns 
29209      INFO  main            d.u.i.k.p.i.AbstractProblemLoader Creating init config 
32673      DEBUG main            d.u.i.k.p.i.AbstractProblemLoader Init config took 3.46s 
32740      INFO  main            d.u.i.k.p.i.AbstractProblemLoader Replaying proof Observer[Observer::$subject()].JML accessible clause.0 
32746      DEBUG main            d.u.i.k.p.i.IntermediateProofReplayer Proof replay took 2.79ms 
32747      DEBUG main            d.u.i.k.p.r.p.TestFile    ... success: reloaded. 
32749      INFO  main            d.u.i.k.p.r.p.TestFile    Now processing file /home/runner/work/key/key/key.core/../key.ui/examples/heap/observer/ExampleObserver_update.key 
32749      INFO  main            d.u.i.k.p.i.AbstractProblemLoader Loading environment from /home/runner/work/key/key/key.core/../key.ui/examples/heap/observer/ExampleObserver_update.key 
32749      DEBUG main            d.u.i.k.p.i.AbstractProblemLoader Environment load took 190.3ns 
32750      INFO  main            d.u.i.k.p.i.AbstractProblemLoader Creating init config 
36261      DEBUG main            d.u.i.k.p.i.AbstractProblemLoader Init config took 3.51s 
36332      INFO  main            d.u.i.k.p.i.AbstractProblemLoader Replaying proof ExampleObserver[Observer::update()].JML normal_behavior operation contract.0 
36335      DEBUG main            d.u.i.k.p.i.IntermediateProofReplayer Proof replay took 6.8ns 
36844      INFO  main            d.u.i.k.p.r.p.TestFile    ... finished proof: closed. 
37052      INFO  main            d.u.i.k.p.i.AbstractProblemLoader Loading environment from /home/runner/work/key/key/key.core/../key.ui/examples/heap/observer/ExampleObserver_update.key.proof 
37052      DEBUG main            d.u.i.k.p.i.AbstractProblemLoader Environment load took 181.4ns 
37053      INFO  main            d.u.i.k.p.i.AbstractProblemLoader Creating init config 
40537      DEBUG main            d.u.i.k.p.i.AbstractProblemLoader Init config took 3.48s 
40622      INFO  main            d.u.i.k.p.i.AbstractProblemLoader Replaying proof ExampleObserver[Observer::update()].JML normal_behavior operation contract.0 
40749      DEBUG main            d.u.i.k.p.i.IntermediateProofReplayer Proof replay took 114.95ms 
40750      DEBUG main            d.u.i.k.p.r.p.TestFile    ... success: reloaded. 
40752      INFO  main            d.u.i.k.p.r.p.TestFile    Now processing file /home/runner/work/key/key/key.core/../key.ui/examples/heap/observer/ExampleObserver_upToDate.key 
40753      INFO  main            d.u.i.k.p.i.AbstractProblemLoader Loading environment from /home/runner/work/key/key/key.core/../key.ui/examples/heap/observer/ExampleObserver_upToDate.key 
40753      DEBUG main            d.u.i.k.p.i.AbstractProblemLoader Environment load took 148.2ns 
40754      INFO  main            d.u.i.k.p.i.AbstractProblemLoader Creating init config 
44270      DEBUG main            d.u.i.k.p.i.AbstractProblemLoader Init config took 3.52s 
44333      INFO  main            d.u.i.k.p.i.AbstractProblemLoader Replaying proof ExampleObserver[Observer::$upToDate()].JML accessible clause.0 
44336      DEBUG main            d.u.i.k.p.i.IntermediateProofReplayer Proof replay took 6.9ns 
44539      INFO  main            d.u.i.k.p.r.p.TestFile    ... finished proof: closed. 
44756      INFO  main            d.u.i.k.p.i.AbstractProblemLoader Loading environment from /home/runner/work/key/key/key.core/../key.ui/examples/heap/observer/ExampleObserver_upToDate.key.proof 
44757      DEBUG main            d.u.i.k.p.i.AbstractProblemLoader Environment load took 572ns 
44758      INFO  main            d.u.i.k.p.i.AbstractProblemLoader Creating init config 
48280      DEBUG main            d.u.i.k.p.i.AbstractProblemLoader Init config took 3.52s 
48344      INFO  main            d.u.i.k.p.i.AbstractProblemLoader Replaying proof ExampleObserver[Observer::$upToDate()].JML accessible clause.0 
48376      DEBUG main            d.u.i.k.p.i.IntermediateProofReplayer Proof replay took 29.16ms 
48378      DEBUG main            d.u.i.k.p.r.p.TestFile    ... success: reloaded. 
48379      INFO  main            d.u.i.k.p.r.p.TestFile    Now processing file /home/runner/work/key/key/key.core/../key.ui/examples/heap/observer/ExampleObserver_value.key 
48380      INFO  main            d.u.i.k.p.i.AbstractProblemLoader Loading environment from /home/runner/work/key/key/key.core/../key.ui/examples/heap/observer/ExampleObserver_value.key 
48380      DEBUG main            d.u.i.k.p.i.AbstractProblemLoader Environment load took 812ns 
48382      INFO  main            d.u.i.k.p.i.AbstractProblemLoader Creating init config 
51841      DEBUG main            d.u.i.k.p.i.AbstractProblemLoader Init config took 3.46s 
51899      INFO  main            d.u.i.k.p.i.AbstractProblemLoader Replaying proof ExampleObserver[ExampleObserver::value()].JML normal_behavior operation contract.0 
51901      DEBUG main            d.u.i.k.p.i.IntermediateProofReplayer Proof replay took 6.8ns 
52004      INFO  main            d.u.i.k.p.r.p.TestFile    ... finished proof: closed. 
52242      INFO  main            d.u.i.k.p.i.AbstractProblemLoader Loading environment from /home/runner/work/key/key/key.core/../key.ui/examples/heap/observer/ExampleObserver_value.key.proof 
52246      DEBUG main            d.u.i.k.p.i.AbstractProblemLoader Environment load took 4.11ms 
52247      INFO  main            d.u.i.k.p.i.AbstractProblemLoader Creating init config 
55732      DEBUG main            d.u.i.k.p.i.AbstractProblemLoader Init config took 3.48s 
55793      INFO  main            d.u.i.k.p.i.AbstractProblemLoader Replaying proof ExampleObserver[ExampleObserver::value()].JML normal_behavior operation contract.0 
55823      DEBUG main            d.u.i.k.p.i.IntermediateProofReplayer Proof replay took 27.43ms 
55824      DEBUG main            d.u.i.k.p.r.p.TestFile    ... success: reloaded. 
55826      INFO  main            d.u.i.k.p.r.p.TestFile    Now processing file /home/runner/work/key/key/key.core/../key.ui/examples/heap/observer/ExampleSubject_addObserver.key 
55827      INFO  main            d.u.i.k.p.i.AbstractProblemLoader Loading environment from /home/runner/work/key/key/key.core/../key.ui/examples/heap/observer/ExampleSubject_addObserver.key 
55827      DEBUG main            d.u.i.k.p.i.AbstractProblemLoader Environment load took 275.7ns 
55828      INFO  main            d.u.i.k.p.i.AbstractProblemLoader Creating init config 
59251      DEBUG main            d.u.i.k.p.i.AbstractProblemLoader Init config took 3.42s 
59318      INFO  main            d.u.i.k.p.i.AbstractProblemLoader Replaying proof ExampleSubject[Subject::addObserver(Observer)].JML normal_behavior operation contract.0 
59320      DEBUG main            d.u.i.k.p.i.IntermediateProofReplayer Proof replay took 7.3ns 
66894      INFO  main            d.u.i.k.p.r.p.TestFile    ... finished proof: closed. 
67203      INFO  main            d.u.i.k.p.i.AbstractProblemLoader Loading environment from /home/runner/work/key/key/key.core/../key.ui/examples/heap/observer/ExampleSubject_addObserver.key.proof 
67204      DEBUG main            d.u.i.k.p.i.AbstractProblemLoader Environment load took 546.1ns 
67206      INFO  main            d.u.i.k.p.i.AbstractProblemLoader Creating init config 
70587      DEBUG main            d.u.i.k.p.i.AbstractProblemLoader Init config took 3.38s 
70647      INFO  main            d.u.i.k.p.i.AbstractProblemLoader Replaying proof ExampleSubject[Subject::addObserver(Observer)].JML normal_behavior operation contract.0 
71723      DEBUG main            d.u.i.k.p.i.IntermediateProofReplayer Proof replay took 1.05s 
71725      DEBUG main            d.u.i.k.p.r.p.TestFile    ... success: reloaded. 
71727      INFO  main            d.u.i.k.p.r.p.TestFile    Now processing file /home/runner/work/key/key/key.core/../key.ui/examples/heap/observer/ExampleSubject_change.key 
71727      INFO  main            d.u.i.k.p.i.AbstractProblemLoader Loading environment from /home/runner/work/key/key/key.core/../key.ui/examples/heap/observer/ExampleSubject_change.key 
71727      DEBUG main            d.u.i.k.p.i.AbstractProblemLoader Environment load took 284.2ns 
71729      INFO  main            d.u.i.k.p.i.AbstractProblemLoader Creating init config 
75264      DEBUG main            d.u.i.k.p.i.AbstractProblemLoader Init config took 3.54s 
75324      INFO  main            d.u.i.k.p.i.AbstractProblemLoader Replaying proof ExampleSubject[ExampleSubject::change()].JML normal_behavior operation contract.0 
75326      DEBUG main            d.u.i.k.p.i.IntermediateProofReplayer Proof replay took 16.8ns 
76033      INFO  main            d.u.i.k.p.r.p.TestFile    ... finished proof: closed. 
76307      INFO  main            d.u.i.k.p.i.AbstractProblemLoader Loading environment from /home/runner/work/key/key/key.core/../key.ui/examples/heap/observer/ExampleSubject_change.key.proof 
76307      DEBUG main            d.u.i.k.p.i.AbstractProblemLoader Environment load took 145.7ns 
76313      INFO  main            d.u.i.k.p.i.AbstractProblemLoader Creating init config 
79722      DEBUG main            d.u.i.k.p.i.AbstractProblemLoader Init config took 3.41s 
79795      INFO  main            d.u.i.k.p.i.AbstractProblemLoader Replaying proof ExampleSubject[ExampleSubject::change()].JML normal_behavior operation contract.0 
79934      DEBUG main            d.u.i.k.p.i.IntermediateProofReplayer Proof replay took 129.81ms 
79937      DEBUG main            d.u.i.k.p.r.p.TestFile    ... success: reloaded. 
79940      INFO  main            d.u.i.k.p.r.p.TestFile    Now processing file /home/runner/work/key/key/key.core/../key.ui/examples/heap/observer/ExampleSubject_ExampleSubject.key 
79942      INFO  main            d.u.i.k.p.i.AbstractProblemLoader Loading environment from /home/runner/work/key/key/key.core/../key.ui/examples/heap/observer/ExampleSubject_ExampleSubject.key 
79949      DEBUG main            d.u.i.k.p.i.AbstractProblemLoader Environment load took 6.47ms 
79950      INFO  main            d.u.i.k.p.i.AbstractProblemLoader Creating init config 
83428      DEBUG main            d.u.i.k.p.i.AbstractProblemLoader Init config took 3.48s 
83483      INFO  main            d.u.i.k.p.i.AbstractProblemLoader Replaying proof ExampleSubject[ExampleSubject::ExampleSubject()].JML normal_behavior operation contract.0 
83486      DEBUG main            d.u.i.k.p.i.IntermediateProofReplayer Proof replay took 6.3ns 
84896      INFO  main            d.u.i.k.p.r.p.TestFile    ... finished proof: closed. 
85155      INFO  main            d.u.i.k.p.i.AbstractProblemLoader Loading environment from /home/runner/work/key/key/key.core/../key.ui/examples/heap/observer/ExampleSubject_ExampleSubject.key.proof 
85156      DEBUG main            d.u.i.k.p.i.AbstractProblemLoader Environment load took 701.9ns 
85163      INFO  main            d.u.i.k.p.i.AbstractProblemLoader Creating init config 
88564      DEBUG main            d.u.i.k.p.i.AbstractProblemLoader Init config took 3.4s 
88621      INFO  main            d.u.i.k.p.i.AbstractProblemLoader Replaying proof ExampleSubject[ExampleSubject::ExampleSubject()].JML normal_behavior operation contract.0 
88895      DEBUG main            d.u.i.k.p.i.IntermediateProofReplayer Proof replay took 266.05ms 
88897      DEBUG main            d.u.i.k.p.r.p.TestFile    ... success: reloaded. 
88899      INFO  main            d.u.i.k.p.r.p.TestFile    Now processing file /home/runner/work/key/key/key.core/../key.ui/examples/heap/observer/ExampleSubject_footprint.key 
88899      INFO  main            d.u.i.k.p.i.AbstractProblemLoader Loading environment from /home/runner/work/key/key/key.core/../key.ui/examples/heap/observer/ExampleSubject_footprint.key 
88899      DEBUG main            d.u.i.k.p.i.AbstractProblemLoader Environment load took 270.2ns 
88901      INFO  main            d.u.i.k.p.i.AbstractProblemLoader Creating init config 
92318      DEBUG main            d.u.i.k.p.i.AbstractProblemLoader Init config took 3.42s 
92373      INFO  main            d.u.i.k.p.i.AbstractProblemLoader Replaying proof ExampleSubject[Subject::$footprint()].JML accessible clause.0 
92375      DEBUG main            d.u.i.k.p.i.IntermediateProofReplayer Proof replay took 7.3ns 
92579      INFO  main            d.u.i.k.p.r.p.TestFile    ... finished proof: closed. 
92829      INFO  main            d.u.i.k.p.i.AbstractProblemLoader Loading environment from /home/runner/work/key/key/key.core/../key.ui/examples/heap/observer/ExampleSubject_footprint.key.proof 
92829      DEBUG main            d.u.i.k.p.i.AbstractProblemLoader Environment load took 139.9ns 
92830      INFO  main            d.u.i.k.p.i.AbstractProblemLoader Creating init config 
96184      DEBUG main            d.u.i.k.p.i.AbstractProblemLoader Init config took 3.35s 
96261      INFO  main            d.u.i.k.p.i.AbstractProblemLoader Replaying proof ExampleSubject[Subject::$footprint()].JML accessible clause.0 
96301      DEBUG main            d.u.i.k.p.i.IntermediateProofReplayer Proof replay took 35.55ms 
96302      DEBUG main            d.u.i.k.p.r.p.TestFile    ... success: reloaded. 
96304      INFO  main            d.u.i.k.p.r.p.TestFile    Now processing file /home/runner/work/key/key/key.core/../key.ui/examples/heap/observer/ExampleSubject_inv.key 
96304      INFO  main            d.u.i.k.p.i.AbstractProblemLoader Loading environment from /home/runner/work/key/key/key.core/../key.ui/examples/heap/observer/ExampleSubject_inv.key 
96304      DEBUG main            d.u.i.k.p.i.AbstractProblemLoader Environment load took 290.3ns 
96306      INFO  main            d.u.i.k.p.i.AbstractProblemLoader Creating init config 
99750      DEBUG main            d.u.i.k.p.i.AbstractProblemLoader Init config took 3.44s 
99807      INFO  main            d.u.i.k.p.i.AbstractProblemLoader Replaying proof ExampleSubject[java.lang.Object::<inv>()].JML accessible clause.0 
99809      DEBUG main            d.u.i.k.p.i.IntermediateProofReplayer Proof replay took 6.8ns 
101418     INFO  main            d.u.i.k.p.r.p.TestFile    ... finished proof: closed. 
101712     INFO  main            d.u.i.k.p.i.AbstractProblemLoader Loading environment from /home/runner/work/key/key/key.core/../key.ui/examples/heap/observer/ExampleSubject_inv.key.proof 
101713     DEBUG main            d.u.i.k.p.i.AbstractProblemLoader Environment load took 562.7ns 
101714     INFO  main            d.u.i.k.p.i.AbstractProblemLoader Creating init config 
105042     DEBUG main            d.u.i.k.p.i.AbstractProblemLoader Init config took 3.33s 
105121     INFO  main            d.u.i.k.p.i.AbstractProblemLoader Replaying proof ExampleSubject[java.lang.Object::<inv>()].JML accessible clause.0 
105303     DEBUG main            d.u.i.k.p.i.IntermediateProofReplayer Proof replay took 173.84ms 
105306     DEBUG main            d.u.i.k.p.r.p.TestFile    ... success: reloaded. 
105308     INFO  main            d.u.i.k.p.r.p.TestFile    Now processing file /home/runner/work/key/key/key.core/../key.ui/examples/heap/observer/ExampleSubject_notifyObservers.key 
105308     INFO  main            d.u.i.k.p.i.AbstractProblemLoader Loading environment from /home/runner/work/key/key/key.core/../key.ui/examples/heap/observer/ExampleSubject_notifyObservers.key 
105309     DEBUG main            d.u.i.k.p.i.AbstractProblemLoader Environment load took 272.2ns 
105310     INFO  main            d.u.i.k.p.i.AbstractProblemLoader Creating init config 
108739     DEBUG main            d.u.i.k.p.i.AbstractProblemLoader Init config took 3.43s 
108793     INFO  main            d.u.i.k.p.i.AbstractProblemLoader Replaying proof Subject[Subject::notifyObservers()].JML normal_behavior operation contract.0 
108795     DEBUG main            d.u.i.k.p.i.IntermediateProofReplayer Proof replay took 7.5ns 
108897     INFO  main            d.u.i.k.p.r.p.TestFile    ... finished proof: closed. 
109170     INFO  main            d.u.i.k.p.i.AbstractProblemLoader Loading environment from /home/runner/work/key/key/key.core/../key.ui/examples/heap/observer/ExampleSubject_notifyObservers.key.proof 
109170     DEBUG main            d.u.i.k.p.i.AbstractProblemLoader Environment load took 135ns 
109171     INFO  main            d.u.i.k.p.i.AbstractProblemLoader Creating init config 
112559     DEBUG main            d.u.i.k.p.i.AbstractProblemLoader Init config took 3.39s 
112612     INFO  main            d.u.i.k.p.i.AbstractProblemLoader Replaying proof Subject[Subject::notifyObservers()].JML normal_behavior operation contract.0 
112651     DEBUG main            d.u.i.k.p.i.IntermediateProofReplayer Proof replay took 36.28ms 
112653     DEBUG main            d.u.i.k.p.r.p.TestFile    ... success: reloaded. 
112654     INFO  main            d.u.i.k.p.r.p.TestFile    Now processing file /home/runner/work/key/key/key.core/../key.ui/examples/heap/observer/ExampleSubject_value_dep.key 
112655     INFO  main            d.u.i.k.p.i.AbstractProblemLoader Loading environment from /home/runner/work/key/key/key.core/../key.ui/examples/heap/observer/ExampleSubject_value_dep.key 
112655     DEBUG main            d.u.i.k.p.i.AbstractProblemLoader Environment load took 270.1ns 
112657     INFO  main            d.u.i.k.p.i.AbstractProblemLoader Creating init config 
115989     DEBUG main            d.u.i.k.p.i.AbstractProblemLoader Init config took 3.33s 
116046     INFO  main            d.u.i.k.p.i.AbstractProblemLoader Replaying proof ExampleSubject[ExampleSubject::value()].JML accessible clause.0 
116048     DEBUG main            d.u.i.k.p.i.IntermediateProofReplayer Proof replay took 6.9ns 
116150     INFO  main            d.u.i.k.p.r.p.TestFile    ... finished proof: closed. 
116498     INFO  main            d.u.i.k.p.i.AbstractProblemLoader Loading environment from /home/runner/work/key/key/key.core/../key.ui/examples/heap/observer/ExampleSubject_value_dep.key.proof 
116498     DEBUG main            d.u.i.k.p.i.AbstractProblemLoader Environment load took 143.6ns 
116499     INFO  main            d.u.i.k.p.i.AbstractProblemLoader Creating init config 
119839     DEBUG main            d.u.i.k.p.i.AbstractProblemLoader Init config took 3.34s 
119891     INFO  main            d.u.i.k.p.i.AbstractProblemLoader Replaying proof ExampleSubject[ExampleSubject::value()].JML accessible clause.0 
119915     DEBUG main            d.u.i.k.p.i.IntermediateProofReplayer Proof replay took 21.85ms 
119917     DEBUG main            d.u.i.k.p.r.p.TestFile    ... success: reloaded. 
119919     INFO  main            d.u.i.k.p.r.p.TestFile    Now processing file /home/runner/work/key/key/key.core/../key.ui/examples/heap/observer/ExampleSubject_value.key 
119919     INFO  main            d.u.i.k.p.i.AbstractProblemLoader Loading environment from /home/runner/work/key/key/key.core/../key.ui/examples/heap/observer/ExampleSubject_value.key 
119919     DEBUG main            d.u.i.k.p.i.AbstractProblemLoader Environment load took 458.8ns 
119921     INFO  main            d.u.i.k.p.i.AbstractProblemLoader Creating init config 
123303     DEBUG main            d.u.i.k.p.i.AbstractProblemLoader Init config took 3.38s 
123356     INFO  main            d.u.i.k.p.i.AbstractProblemLoader Replaying proof ExampleSubject[ExampleSubject::value()].JML normal_behavior operation contract.0 
123358     DEBUG main            d.u.i.k.p.i.IntermediateProofReplayer Proof replay took 7.9ns 
123461     INFO  main            d.u.i.k.p.r.p.TestFile    ... finished proof: closed. 
123741     INFO  main            d.u.i.k.p.i.AbstractProblemLoader Loading environment from /home/runner/work/key/key/key.core/../key.ui/examples/heap/observer/ExampleSubject_value.key.proof 
123741     DEBUG main            d.u.i.k.p.i.AbstractProblemLoader Environment load took 148.7ns 
123742     INFO  main            d.u.i.k.p.i.AbstractProblemLoader Creating init config 
127082     DEBUG main            d.u.i.k.p.i.AbstractProblemLoader Init config took 3.34s 
127155     INFO  main            d.u.i.k.p.i.AbstractProblemLoader Replaying proof ExampleSubject[ExampleSubject::value()].JML normal_behavior operation contract.0 
127178     DEBUG main            d.u.i.k.p.i.IntermediateProofReplayer Proof replay took 18.21ms 
127180     DEBUG main            d.u.i.k.p.r.p.TestFile    ... success: reloaded. 
1952500    INFO  Test worker     d.u.i.k.p.r.RunAllProofsTestUnit Returning from test observer 
1952502    INFO  Test worker     d.u.i.k.p.r.RunAllProofsTestUnit Running test removeDups 
480        INFO  Timeout watchdog d.u.i.k.p.r.p.ForkedTestFileRunner Timeout watcher launched (2000 secs.) 
512        WARN  main            d.u.i.k.s.ProofSettings   The settings in /home/runner/.key/proof-settings.props are *not* read. 
561        INFO  main            d.u.i.k.p.r.p.TestFile    Now processing file /home/runner/work/key/key/key.core/../key.ui/examples/heap/removeDups/arrayPart.key 
699        INFO  main            d.u.i.k.p.i.AbstractProblemLoader Loading environment from /home/runner/work/key/key/key.core/../key.ui/examples/heap/removeDups/arrayPart.key 
721        DEBUG main            d.u.i.k.p.i.AbstractProblemLoader Environment load took 2.74ms 
1015       INFO  main            d.u.i.k.p.i.AbstractProblemLoader Creating init config 
2353       DEBUG main            d.u.i.k.j.TypeConverter   No LDT found for Meta 
2354       DEBUG main            d.u.i.k.j.TypeConverter   No LDT found for Meta 
2363       DEBUG main            d.u.i.k.j.TypeConverter   No LDT found for Meta 
2364       DEBUG main            d.u.i.k.j.TypeConverter   No LDT found for Meta 
4514       DEBUG main            d.u.i.k.j.TypeConverter   No LDT found for JavaBigintExpression 
10866      DEBUG main            d.u.i.k.p.i.AbstractProblemLoader Init config took 9.85s 
11104      INFO  main            d.u.i.k.p.i.AbstractProblemLoader Replaying proof RemoveDup[RemoveDup::arrayPart([I,int)].JML normal_behavior operation contract.0 
11155      DEBUG main            d.u.i.k.p.i.IntermediateProofReplayer Proof replay took 36.7ns 
14521      INFO  main            d.u.i.k.p.r.p.TestFile    ... finished proof: closed. 
14694      INFO  main            d.u.i.k.p.i.AbstractProblemLoader Loading environment from /home/runner/work/key/key/key.core/../key.ui/examples/heap/removeDups/arrayPart.key.proof 
14694      DEBUG main            d.u.i.k.p.i.AbstractProblemLoader Environment load took 170.4ns 
14701      INFO  main            d.u.i.k.p.i.AbstractProblemLoader Creating init config 
18324      DEBUG main            d.u.i.k.p.i.AbstractProblemLoader Init config took 3.62s 
18418      INFO  main            d.u.i.k.p.i.AbstractProblemLoader Replaying proof RemoveDup[RemoveDup::arrayPart([I,int)].JML normal_behavior operation contract.0 
18861      DEBUG main            d.u.i.k.p.i.IntermediateProofReplayer Proof replay took 428.35ms 
18872      DEBUG main            d.u.i.k.p.r.p.TestFile    ... success: reloaded. 
18877      INFO  main            d.u.i.k.p.r.p.TestFile    Now processing file /home/runner/work/key/key/key.core/../key.ui/examples/heap/removeDups/contains.key 
18877      INFO  main            d.u.i.k.p.i.AbstractProblemLoader Loading environment from /home/runner/work/key/key/key.core/../key.ui/examples/heap/removeDups/contains.key 
18877      DEBUG main            d.u.i.k.p.i.AbstractProblemLoader Environment load took 293.5ns 
18882      INFO  main            d.u.i.k.p.i.AbstractProblemLoader Creating init config 
22423      DEBUG main            d.u.i.k.p.i.AbstractProblemLoader Init config took 3.54s 
22524      INFO  main            d.u.i.k.p.i.AbstractProblemLoader Replaying proof RemoveDup[RemoveDup::contains([I,int,int)].JML normal_behavior operation contract.0 
22529      DEBUG main            d.u.i.k.p.i.IntermediateProofReplayer Proof replay took 7.6ns 
23340      INFO  main            d.u.i.k.p.r.p.TestFile    ... finished proof: closed. 
23555      INFO  main            d.u.i.k.p.i.AbstractProblemLoader Loading environment from /home/runner/work/key/key/key.core/../key.ui/examples/heap/removeDups/contains.key.proof 
23556      DEBUG main            d.u.i.k.p.i.AbstractProblemLoader Environment load took 664.3ns 
23558      INFO  main            d.u.i.k.p.i.AbstractProblemLoader Creating init config 
26867      DEBUG main            d.u.i.k.p.i.AbstractProblemLoader Init config took 3.31s 
26956      INFO  main            d.u.i.k.p.i.AbstractProblemLoader Replaying proof RemoveDup[RemoveDup::contains([I,int,int)].JML normal_behavior operation contract.0 
27142      DEBUG main            d.u.i.k.p.i.IntermediateProofReplayer Proof replay took 178.66ms 
27143      DEBUG main            d.u.i.k.p.r.p.TestFile    ... success: reloaded. 
27146      INFO  main            d.u.i.k.p.r.p.TestFile    Now processing file /home/runner/work/key/key/key.core/../key.ui/examples/heap/removeDups/removeDup.key 
27147      INFO  main            d.u.i.k.p.i.AbstractProblemLoader Loading environment from /home/runner/work/key/key/key.core/../key.ui/examples/heap/removeDups/removeDup.key 
27147      DEBUG main            d.u.i.k.p.i.AbstractProblemLoader Environment load took 154.5ns 
27150      INFO  main            d.u.i.k.p.i.AbstractProblemLoader Creating init config 
30489      DEBUG main            d.u.i.k.p.i.AbstractProblemLoader Init config took 3.34s 
30548      INFO  main            d.u.i.k.p.i.AbstractProblemLoader Replaying proof RemoveDup[RemoveDup::removeDup([I)].JML normal_behavior operation contract.0 
30551      DEBUG main            d.u.i.k.p.i.IntermediateProofReplayer Proof replay took 6.7ns 
37197      DEBUG Thread-7        d.u.i.k.j.d.VariableSpecification Program match. Variables have different dimension (template #v0 = #vi;, source a#11[] = var;) 
67798      INFO  main            d.u.i.k.p.r.p.TestFile    ... finished proof: closed. 
68148      INFO  main            d.u.i.k.p.i.AbstractProblemLoader Loading environment from /home/runner/work/key/key/key.core/../key.ui/examples/heap/removeDups/removeDup.key.proof 
68148      DEBUG main            d.u.i.k.p.i.AbstractProblemLoader Environment load took 662.7ns 
68155      INFO  main            d.u.i.k.p.i.AbstractProblemLoader Creating init config 
71510      DEBUG main            d.u.i.k.p.i.AbstractProblemLoader Init config took 3.35s 
71590      INFO  main            d.u.i.k.p.i.AbstractProblemLoader Replaying proof RemoveDup[RemoveDup::removeDup([I)].JML normal_behavior operation contract.0 
74312      DEBUG main            d.u.i.k.p.i.IntermediateProofReplayer Proof replay took 2.6s 
74317      DEBUG main            d.u.i.k.p.r.p.TestFile    ... success: reloaded. 
74319      INFO  main            d.u.i.k.p.r.p.TestFile    Now processing file /home/runner/work/key/key/key.core/../key.ui/examples/heap/saddleback_search/Saddleback_search.key 
74319      INFO  main            d.u.i.k.p.i.AbstractProblemLoader Loading environment from /home/runner/work/key/key/key.core/../key.ui/examples/heap/saddleback_search/Saddleback_search.key 
74319      DEBUG main            d.u.i.k.p.i.AbstractProblemLoader Environment load took 174.7ns 
74321      INFO  main            d.u.i.k.p.i.AbstractProblemLoader Creating init config 
77706      DEBUG main            d.u.i.k.p.i.AbstractProblemLoader Init config took 3.39s 
77757      INFO  main            d.u.i.k.p.i.AbstractProblemLoader Replaying proof Saddleback[Saddleback::search([[I,int)].JML normal_behavior operation contract.0 
77773      DEBUG main            d.u.i.k.p.i.IntermediateProofReplayer Proof replay took 7.7ns 
195935     INFO  main            d.u.i.k.p.r.p.TestFile    ... finished proof: closed. 
196432     INFO  main            d.u.i.k.p.i.AbstractProblemLoader Loading environment from /home/runner/work/key/key/key.core/../key.ui/examples/heap/saddleback_search/Saddleback_search.key.proof 
196433     DEBUG main            d.u.i.k.p.i.AbstractProblemLoader Environment load took 579ns 
196443     INFO  main            d.u.i.k.p.i.AbstractProblemLoader Creating init config 
199609     DEBUG main            d.u.i.k.p.i.AbstractProblemLoader Init config took 3.17s 
199658     INFO  main            d.u.i.k.p.i.AbstractProblemLoader Replaying proof Saddleback[Saddleback::search([[I,int)].JML normal_behavior operation contract.0 
203356     DEBUG main            d.u.i.k.p.i.IntermediateProofReplayer Proof replay took 3.48s 
203428     DEBUG main            d.u.i.k.p.r.p.TestFile    ... success: reloaded. 
2157100    INFO  Test worker     d.u.i.k.p.r.RunAllProofsTestUnit Returning from test removeDups 
2157102    INFO  Test worker     d.u.i.k.p.r.RunAllProofsTestUnit Running test quicksort 
429        INFO  Timeout watchdog d.u.i.k.p.r.p.ForkedTestFileRunner Timeout watcher launched (2000 secs.) 
443        WARN  main            d.u.i.k.s.ProofSettings   The settings in /home/runner/.key/proof-settings.props are *not* read. 
504        INFO  main            d.u.i.k.p.r.p.TestFile    Now processing file /home/runner/work/key/key/key.core/../key.ui/examples/heap/quicksort/toplevel.key 
721        INFO  main            d.u.i.k.p.i.AbstractProblemLoader Loading environment from /home/runner/work/key/key/key.core/../key.ui/examples/heap/quicksort/toplevel.key 
744        DEBUG main            d.u.i.k.p.i.AbstractProblemLoader Environment load took 3.09ms 
1084       INFO  main            d.u.i.k.p.i.AbstractProblemLoader Creating init config 
2414       DEBUG main            d.u.i.k.j.TypeConverter   No LDT found for Meta 
2414       DEBUG main            d.u.i.k.j.TypeConverter   No LDT found for Meta 
2418       DEBUG main            d.u.i.k.j.TypeConverter   No LDT found for Meta 
2418       DEBUG main            d.u.i.k.j.TypeConverter   No LDT found for Meta 
4015       DEBUG main            d.u.i.k.j.TypeConverter   No LDT found for JavaBigintExpression 
11042      DEBUG main            d.u.i.k.p.i.AbstractProblemLoader Init config took 9.96s 
11209      INFO  main            d.u.i.k.p.i.AbstractProblemLoader Replaying proof Quicksort[Quicksort::sort([I)].JML normal_behavior operation contract.0 
11257      DEBUG main            d.u.i.k.p.i.IntermediateProofReplayer Proof replay took 38.9ns 
12819      INFO  main            d.u.i.k.p.r.p.TestFile    ... finished proof: closed. 
13006      INFO  main            d.u.i.k.p.i.AbstractProblemLoader Loading environment from /home/runner/work/key/key/key.core/../key.ui/examples/heap/quicksort/toplevel.key.proof 
13007      DEBUG main            d.u.i.k.p.i.AbstractProblemLoader Environment load took 532.1ns 
13009      INFO  main            d.u.i.k.p.i.AbstractProblemLoader Creating init config 
16876      DEBUG main            d.u.i.k.p.i.AbstractProblemLoader Init config took 3.87s 
16980      INFO  main            d.u.i.k.p.i.AbstractProblemLoader Replaying proof Quicksort[Quicksort::sort([I)].JML normal_behavior operation contract.0 
17221      DEBUG main            d.u.i.k.p.i.IntermediateProofReplayer Proof replay took 231ms 
17230      DEBUG main            d.u.i.k.p.r.p.TestFile    ... success: reloaded. 
17232      INFO  main            d.u.i.k.p.r.p.TestFile    Now processing file /home/runner/work/key/key/key.core/../key.ui/examples/heap/quicksort/sort.key 
17233      INFO  main            d.u.i.k.p.i.AbstractProblemLoader Loading environment from /home/runner/work/key/key/key.core/../key.ui/examples/heap/quicksort/sort.key 
17233      DEBUG main            d.u.i.k.p.i.AbstractProblemLoader Environment load took 285ns 
17236      INFO  main            d.u.i.k.p.i.AbstractProblemLoader Creating init config 
20910      DEBUG main            d.u.i.k.p.i.AbstractProblemLoader Init config took 3.67s 
21022      INFO  main            d.u.i.k.p.i.AbstractProblemLoader Replaying proof Quicksort[Quicksort::sort([I,int,int)].JML normal_behavior operation contract.0 
21030      DEBUG main            d.u.i.k.p.i.IntermediateProofReplayer Proof replay took 7.3ns 
21071      DEBUG main            d.u.i.k.m.s.ProofScriptEngine 1: 'script 'sort.script'' 
21076      INFO  main            d.u.i.k.m.s.ProofScriptCommand Included script /home/runner/work/key/key/key.core/../key.ui/examples/heap/quicksort/sort.script 
21079      DEBUG main            d.u.i.k.m.s.ProofScriptEngine 1: 'macro autopilot-prep' 
22516      DEBUG main            d.u.i.k.m.s.ProofScriptEngine 2: 'select formula="{heapAtPre:=heap || exc:=null || heap:=heapAfter_sort_0}
   seq ...' 
22521      DEBUG main            d.u.i.k.m.s.ProofScriptEngine 3: 'macro simp-upd' 
22548      DEBUG main            d.u.i.k.m.s.ProofScriptEngine 4: 'let   @seqPre="seqDef{int u;}(0, array.length, array[u])"
    @seqSplit="seqDef ...' 
22559      DEBUG main            d.u.i.k.m.s.ProofScriptEngine 5: 'rule seqPermSym 
  formula="seqPerm(@seqSplit, @seqPre)"' 
22589      DEBUG main            d.u.i.k.m.s.ProofScriptEngine 6: 'rule seqPermSym
  formula="seqPerm(@seqSort, @seqSplit)"' 
22592      DEBUG main            d.u.i.k.m.s.ProofScriptEngine 7: 'rule seqPermSym
  formula="seqPerm(@seqSort0, @seqSort)"' 
22595      DEBUG main            d.u.i.k.m.s.ProofScriptEngine 8: 'rule seqPermTrans
  formula="seqPerm(@seqPre, @seqSplit)"' 
22596      DEBUG main            d.u.i.k.m.s.ProofScriptEngine 9: 'rule seqPermTrans
  formula="seqPerm(@seqPre, @seqSort)"' 
22598      DEBUG main            d.u.i.k.m.s.ProofScriptEngine 10: 'rule seqPermSym
  formula="seqPerm(@seqPre, @seqSort0)"' 
22600      DEBUG main            d.u.i.k.m.s.ProofScriptEngine 11: 'tryclose' 
56881      INFO  main            d.u.i.k.p.r.p.TestFile    ... finished proof: closed. 
57298      INFO  main            d.u.i.k.p.i.AbstractProblemLoader Loading environment from /home/runner/work/key/key/key.core/../key.ui/examples/heap/quicksort/sort.key.proof 
57298      DEBUG main            d.u.i.k.p.i.AbstractProblemLoader Environment load took 564.81ns 
57311      INFO  main            d.u.i.k.p.i.AbstractProblemLoader Creating init config 
60837      DEBUG main            d.u.i.k.p.i.AbstractProblemLoader Init config took 3.53s 
60898      INFO  main            d.u.i.k.p.i.AbstractProblemLoader Replaying proof Quicksort[Quicksort::sort([I,int,int)].JML normal_behavior operation contract.0 
63943      DEBUG main            d.u.i.k.p.i.IntermediateProofReplayer Proof replay took 2.86s 
63950      DEBUG main            d.u.i.k.p.r.p.TestFile    ... success: reloaded. 
63967      INFO  main            d.u.i.k.p.r.p.TestFile    Now processing file /home/runner/work/key/key/key.core/../key.ui/examples/heap/quicksort/split.key 
63968      INFO  main            d.u.i.k.p.i.AbstractProblemLoader Loading environment from /home/runner/work/key/key/key.core/../key.ui/examples/heap/quicksort/split.key 
63968      DEBUG main            d.u.i.k.p.i.AbstractProblemLoader Environment load took 309.8ns 
63970      INFO  main            d.u.i.k.p.i.AbstractProblemLoader Creating init config 
67726      DEBUG main            d.u.i.k.p.i.AbstractProblemLoader Init config took 3.76s 
67823      INFO  main            d.u.i.k.p.i.AbstractProblemLoader Replaying proof Quicksort[Quicksort::split([I,int,int)].JML normal_behavior operation contract.0 
67830      DEBUG main            d.u.i.k.p.i.IntermediateProofReplayer Proof replay took 6ns 
67831      DEBUG main            d.u.i.k.m.s.ProofScriptEngine 1: 'macro autopilot-prep' 
69462      DEBUG main            d.u.i.k.m.s.ProofScriptEngine 2: 'tryclose' 
119622     DEBUG main            d.u.i.k.m.s.ProofScriptEngine 3: 'macro simp-upd' 
119770     DEBUG main            d.u.i.k.m.s.ProofScriptEngine 4: 'rule seqPermFromSwap' 
119789     DEBUG main            d.u.i.k.m.s.ProofScriptEngine 5: 'rule andRight' 
119791     DEBUG main            d.u.i.k.m.s.ProofScriptEngine 6: 'auto' 
119820     DEBUG main            d.u.i.k.m.s.ProofScriptEngine 7: 'instantiate hide var=iv with=i_0' 
119825     DEBUG main            d.u.i.k.m.s.ProofScriptEngine 8: 'instantiate hide var=jv with=j_0' 
119827     DEBUG main            d.u.i.k.m.s.ProofScriptEngine 9: 'auto' 
128752     DEBUG main            d.u.i.k.m.s.ProofScriptEngine 10: 'macro simp-upd' 
128920     DEBUG main            d.u.i.k.m.s.ProofScriptEngine 11: 'rule seqPermFromSwap' 
128924     DEBUG main            d.u.i.k.m.s.ProofScriptEngine 12: 'rule andRight' 
128926     DEBUG main            d.u.i.k.m.s.ProofScriptEngine 13: 'auto' 
129095     DEBUG main            d.u.i.k.m.s.ProofScriptEngine 14: 'instantiate hide var=iv with=i_0' 
129100     DEBUG main            d.u.i.k.m.s.ProofScriptEngine 15: 'instantiate hide var=jv with=to' 
129102     DEBUG main            d.u.i.k.m.s.ProofScriptEngine 16: 'auto' 
136041     INFO  main            d.u.i.k.p.r.p.TestFile    ... finished proof: closed. 
136686     INFO  main            d.u.i.k.p.i.AbstractProblemLoader Loading environment from /home/runner/work/key/key/key.core/../key.ui/examples/heap/quicksort/split.key.proof 
136686     DEBUG main            d.u.i.k.p.i.AbstractProblemLoader Environment load took 288.61ns 
136698     INFO  main            d.u.i.k.p.i.AbstractProblemLoader Creating init config 
140177     DEBUG main            d.u.i.k.p.i.AbstractProblemLoader Init config took 3.48s 
140238     INFO  main            d.u.i.k.p.i.AbstractProblemLoader Replaying proof Quicksort[Quicksort::split([I,int,int)].JML normal_behavior operation contract.0 
145198     DEBUG main            d.u.i.k.p.i.IntermediateProofReplayer Proof replay took 4.71s 
145210     DEBUG main            d.u.i.k.p.r.p.TestFile    ... success: reloaded. 
2302543    INFO  Test worker     d.u.i.k.p.r.RunAllProofsTestUnit Returning from test quicksort 
2302549    INFO  Test worker     d.u.i.k.p.r.RunAllProofsTestUnit Running test simpleTests 
440        INFO  Timeout watchdog d.u.i.k.p.r.p.ForkedTestFileRunner Timeout watcher launched (2000 secs.) 
464        WARN  main            d.u.i.k.s.ProofSettings   The settings in /home/runner/.key/proof-settings.props are *not* read. 
532        INFO  main            d.u.i.k.p.r.p.TestFile    Now processing file /home/runner/work/key/key/key.core/../key.ui/examples/heap/simple/anonymise_datagroup.key 
699        INFO  main            d.u.i.k.p.i.AbstractProblemLoader Loading environment from /home/runner/work/key/key/key.core/../key.ui/examples/heap/simple/anonymise_datagroup.key 
719        DEBUG main            d.u.i.k.p.i.AbstractProblemLoader Environment load took 2.66ms 
1065       INFO  main            d.u.i.k.p.i.AbstractProblemLoader Creating init config 
2339       DEBUG main            d.u.i.k.j.TypeConverter   No LDT found for Meta 
2340       DEBUG main            d.u.i.k.j.TypeConverter   No LDT found for Meta 
2341       DEBUG main            d.u.i.k.j.TypeConverter   No LDT found for Meta 
2342       DEBUG main            d.u.i.k.j.TypeConverter   No LDT found for Meta 
4677       DEBUG main            d.u.i.k.j.TypeConverter   No LDT found for JavaBigintExpression 
10796      DEBUG main            d.u.i.k.p.i.AbstractProblemLoader Init config took 9.73s 
10875      INFO  main            d.u.i.k.p.i.AbstractProblemLoader Replaying proof anonymise_datagroup.key 
10919      DEBUG main            d.u.i.k.p.i.IntermediateProofReplayer Proof replay took 39.1ns 
11194      INFO  main            d.u.i.k.p.r.p.TestFile    ... finished proof: closed. 
11326      INFO  main            d.u.i.k.p.i.AbstractProblemLoader Loading environment from /home/runner/work/key/key/key.core/../key.ui/examples/heap/simple/anonymise_datagroup.key.proof 
11328      DEBUG main            d.u.i.k.p.i.AbstractProblemLoader Environment load took 1.65ms 
11336      INFO  main            d.u.i.k.p.i.AbstractProblemLoader Creating init config 
14933      DEBUG main            d.u.i.k.p.i.AbstractProblemLoader Init config took 3.6s 
14997      INFO  main            d.u.i.k.p.i.AbstractProblemLoader Replaying proof anonymise_datagroup.key.proof 
15017      DEBUG main            d.u.i.k.p.i.IntermediateProofReplayer Proof replay took 14.57ms 
15039      DEBUG main            d.u.i.k.p.r.p.TestFile    ... success: reloaded. 
15045      INFO  main            d.u.i.k.p.r.p.TestFile    Now processing file /home/runner/work/key/key/key.core/../key.ui/examples/heap/simple/array_creation.key 
15046      INFO  main            d.u.i.k.p.i.AbstractProblemLoader Loading environment from /home/runner/work/key/key/key.core/../key.ui/examples/heap/simple/array_creation.key 
15047      DEBUG main            d.u.i.k.p.i.AbstractProblemLoader Environment load took 301.2ns 
15053      INFO  main            d.u.i.k.p.i.AbstractProblemLoader Creating init config 
18532      DEBUG main            d.u.i.k.p.i.AbstractProblemLoader Init config took 3.48s 
18585      INFO  main            d.u.i.k.p.i.AbstractProblemLoader Replaying proof array_creation.key 
18597      DEBUG main            d.u.i.k.p.i.IntermediateProofReplayer Proof replay took 9.4ns 
19616      INFO  main            d.u.i.k.p.r.p.TestFile    ... finished proof: closed. 
19813      INFO  main            d.u.i.k.p.i.AbstractProblemLoader Loading environment from /home/runner/work/key/key/key.core/../key.ui/examples/heap/simple/array_creation.key.proof 
19814      DEBUG main            d.u.i.k.p.i.AbstractProblemLoader Environment load took 1.28ms 
19816      INFO  main            d.u.i.k.p.i.AbstractProblemLoader Creating init config 
23144      DEBUG main            d.u.i.k.p.i.AbstractProblemLoader Init config took 3.33s 
23173      INFO  main            d.u.i.k.p.i.AbstractProblemLoader Replaying proof array_creation.key.proof 
23363      DEBUG main            d.u.i.k.p.i.IntermediateProofReplayer Proof replay took 183.7ms 
23364      DEBUG main            d.u.i.k.p.r.p.TestFile    ... success: reloaded. 
23366      INFO  main            d.u.i.k.p.r.p.TestFile    Now processing file /home/runner/work/key/key/key.core/../key.ui/examples/heap/simple/arrays_with_disjoint_sorts.key 
23367      INFO  main            d.u.i.k.p.i.AbstractProblemLoader Loading environment from /home/runner/work/key/key/key.core/../key.ui/examples/heap/simple/arrays_with_disjoint_sorts.key 
23367      DEBUG main            d.u.i.k.p.i.AbstractProblemLoader Environment load took 154.1ns 
23370      INFO  main            d.u.i.k.p.i.AbstractProblemLoader Creating init config 
26787      DEBUG main            d.u.i.k.p.i.AbstractProblemLoader Init config took 3.42s 
26816      INFO  main            d.u.i.k.p.i.AbstractProblemLoader Replaying proof arrays_with_disjoint_sorts.key 
26818      DEBUG main            d.u.i.k.p.i.IntermediateProofReplayer Proof replay took 7ns 
27023      INFO  main            d.u.i.k.p.r.p.TestFile    ... finished proof: closed. 
27228      INFO  main            d.u.i.k.p.i.AbstractProblemLoader Loading environment from /home/runner/work/key/key/key.core/../key.ui/examples/heap/simple/arrays_with_disjoint_sorts.key.proof 
27230      DEBUG main            d.u.i.k.p.i.AbstractProblemLoader Environment load took 1.94ms 
27233      INFO  main            d.u.i.k.p.i.AbstractProblemLoader Creating init config 
30507      DEBUG main            d.u.i.k.p.i.AbstractProblemLoader Init config took 3.27s 
30542      INFO  main            d.u.i.k.p.i.AbstractProblemLoader Replaying proof arrays_with_disjoint_sorts.key.proof 
30596      DEBUG main            d.u.i.k.p.i.IntermediateProofReplayer Proof replay took 44.76ms 
30597      DEBUG main            d.u.i.k.p.r.p.TestFile    ... success: reloaded. 
30599      INFO  main            d.u.i.k.p.r.p.TestFile    Now processing file /home/runner/work/key/key/key.core/../key.ui/examples/heap/simple/arrays.key 
30599      INFO  main            d.u.i.k.p.i.AbstractProblemLoader Loading environment from /home/runner/work/key/key/key.core/../key.ui/examples/heap/simple/arrays.key 
30600      DEBUG main            d.u.i.k.p.i.AbstractProblemLoader Environment load took 257ns 
30601      INFO  main            d.u.i.k.p.i.AbstractProblemLoader Creating init config 
33901      DEBUG main            d.u.i.k.p.i.AbstractProblemLoader Init config took 3.3s 
33927      INFO  main            d.u.i.k.p.i.AbstractProblemLoader Replaying proof arrays.key 
33931      DEBUG main            d.u.i.k.p.i.IntermediateProofReplayer Proof replay took 6.6ns 
34136      INFO  main            d.u.i.k.p.r.p.TestFile    ... finished proof: closed. 
34340      INFO  main            d.u.i.k.p.i.AbstractProblemLoader Loading environment from /home/runner/work/key/key/key.core/../key.ui/examples/heap/simple/arrays.key.proof 
34341      DEBUG main            d.u.i.k.p.i.AbstractProblemLoader Environment load took 534.41ns 
34342      INFO  main            d.u.i.k.p.i.AbstractProblemLoader Creating init config 
37589      DEBUG main            d.u.i.k.p.i.AbstractProblemLoader Init config took 3.25s 
37615      INFO  main            d.u.i.k.p.i.AbstractProblemLoader Replaying proof arrays.key.proof 
37645      DEBUG main            d.u.i.k.p.i.IntermediateProofReplayer Proof replay took 26.48ms 
37646      DEBUG main            d.u.i.k.p.r.p.TestFile    ... success: reloaded. 
37648      INFO  main            d.u.i.k.p.r.p.TestFile    Now processing file /home/runner/work/key/key/key.core/../key.ui/examples/heap/simple/attributes.key 
37649      INFO  main            d.u.i.k.p.i.AbstractProblemLoader Loading environment from /home/runner/work/key/key/key.core/../key.ui/examples/heap/simple/attributes.key 
37649      DEBUG main            d.u.i.k.p.i.AbstractProblemLoader Environment load took 309.2ns 
37651      INFO  main            d.u.i.k.p.i.AbstractProblemLoader Creating init config 
40946      DEBUG main            d.u.i.k.p.i.AbstractProblemLoader Init config took 3.3s 
40971      INFO  main            d.u.i.k.p.i.AbstractProblemLoader Replaying proof attributes.key 
40977      DEBUG main            d.u.i.k.p.i.IntermediateProofReplayer Proof replay took 7.5ns 
41080      INFO  main            d.u.i.k.p.r.p.TestFile    ... finished proof: closed. 
41289      INFO  main            d.u.i.k.p.i.AbstractProblemLoader Loading environment from /home/runner/work/key/key/key.core/../key.ui/examples/heap/simple/attributes.key.proof 
41289      DEBUG main            d.u.i.k.p.i.AbstractProblemLoader Environment load took 152.1ns 
41291      INFO  main            d.u.i.k.p.i.AbstractProblemLoader Creating init config 
44482      DEBUG main            d.u.i.k.p.i.AbstractProblemLoader Init config took 3.19s 
44508      INFO  main            d.u.i.k.p.i.AbstractProblemLoader Replaying proof attributes.key.proof 
44512      DEBUG main            d.u.i.k.p.i.IntermediateProofReplayer Proof replay took 2.21ms 
44513      DEBUG main            d.u.i.k.p.r.p.TestFile    ... success: reloaded. 
44514      INFO  main            d.u.i.k.p.r.p.TestFile    Now processing file /home/runner/work/key/key/key.core/../key.ui/examples/heap/simple/constructor_contracts.key 
44515      INFO  main            d.u.i.k.p.i.AbstractProblemLoader Loading environment from /home/runner/work/key/key/key.core/../key.ui/examples/heap/simple/constructor_contracts.key 
44515      DEBUG main            d.u.i.k.p.i.AbstractProblemLoader Environment load took 121.7ns 
44517      INFO  main            d.u.i.k.p.i.AbstractProblemLoader Creating init config 
48224      DEBUG main            d.u.i.k.p.i.AbstractProblemLoader Init config took 3.71s 
48250      INFO  main            d.u.i.k.p.i.AbstractProblemLoader Replaying proof constructor_contracts.key 
48252      DEBUG main            d.u.i.k.p.i.IntermediateProofReplayer Proof replay took 7.2ns 
49082      INFO  main            d.u.i.k.p.r.p.TestFile    ... finished proof: closed. 
49329      INFO  main            d.u.i.k.p.i.AbstractProblemLoader Loading environment from /home/runner/work/key/key/key.core/../key.ui/examples/heap/simple/constructor_contracts.key.proof 
49330      DEBUG main            d.u.i.k.p.i.AbstractProblemLoader Environment load took 557.01ns 
49332      INFO  main            d.u.i.k.p.i.AbstractProblemLoader Creating init config 
52895      DEBUG main            d.u.i.k.p.i.AbstractProblemLoader Init config took 3.56s 
52923      INFO  main            d.u.i.k.p.i.AbstractProblemLoader Replaying proof constructor_contracts.key.proof 
53120      DEBUG main            d.u.i.k.p.i.IntermediateProofReplayer Proof replay took 191.03ms 
53122      DEBUG main            d.u.i.k.p.r.p.TestFile    ... success: reloaded. 
53124      INFO  main            d.u.i.k.p.r.p.TestFile    Now processing file /home/runner/work/key/key/key.core/../key.ui/examples/heap/simple/dependencies.key 
53125      INFO  main            d.u.i.k.p.i.AbstractProblemLoader Loading environment from /home/runner/work/key/key/key.core/../key.ui/examples/heap/simple/dependencies.key 
53125      DEBUG main            d.u.i.k.p.i.AbstractProblemLoader Environment load took 258.9ns 
53126      INFO  main            d.u.i.k.p.i.AbstractProblemLoader Creating init config 
56333      DEBUG main            d.u.i.k.p.i.AbstractProblemLoader Init config took 3.21s 
56364      INFO  main            d.u.i.k.p.i.AbstractProblemLoader Replaying proof dependencies.key 
56365      DEBUG main            d.u.i.k.p.i.IntermediateProofReplayer Proof replay took 9.2ns 
56469      INFO  main            d.u.i.k.p.r.p.TestFile    ... finished proof: closed. 
56698      INFO  main            d.u.i.k.p.i.AbstractProblemLoader Loading environment from /home/runner/work/key/key/key.core/../key.ui/examples/heap/simple/dependencies.key.proof 
56698      DEBUG main            d.u.i.k.p.i.AbstractProblemLoader Environment load took 143.3ns 
56700      INFO  main            d.u.i.k.p.i.AbstractProblemLoader Creating init config 
59882      DEBUG main            d.u.i.k.p.i.AbstractProblemLoader Init config took 3.18s 
59911      INFO  main            d.u.i.k.p.i.AbstractProblemLoader Replaying proof dependencies.key.proof 
59928      DEBUG main            d.u.i.k.p.i.IntermediateProofReplayer Proof replay took 12.49ms 
59929      DEBUG main            d.u.i.k.p.r.p.TestFile    ... success: reloaded. 
59930      INFO  main            d.u.i.k.p.r.p.TestFile    Now processing file /home/runner/work/key/key/key.core/../key.ui/examples/heap/simple/dependency_contracts.key 
59930      INFO  main            d.u.i.k.p.i.AbstractProblemLoader Loading environment from /home/runner/work/key/key/key.core/../key.ui/examples/heap/simple/dependency_contracts.key 
59930      DEBUG main            d.u.i.k.p.i.AbstractProblemLoader Environment load took 261.1ns 
59933      INFO  main            d.u.i.k.p.i.AbstractProblemLoader Creating init config 
63506      DEBUG main            d.u.i.k.p.i.AbstractProblemLoader Init config took 3.57s 
63532      INFO  main            d.u.i.k.p.i.AbstractProblemLoader Replaying proof dependency_contracts.key 
63534      DEBUG main            d.u.i.k.p.i.IntermediateProofReplayer Proof replay took 7.9ns 
65150      INFO  main            d.u.i.k.p.r.p.TestFile    ... finished proof: closed. 
65425      INFO  main            d.u.i.k.p.i.AbstractProblemLoader Loading environment from /home/runner/work/key/key/key.core/../key.ui/examples/heap/simple/dependency_contracts.key.proof 
65425      DEBUG main            d.u.i.k.p.i.AbstractProblemLoader Environment load took 236ns 
65427      INFO  main            d.u.i.k.p.i.AbstractProblemLoader Creating init config 
68883      DEBUG main            d.u.i.k.p.i.AbstractProblemLoader Init config took 3.46s 
68911      INFO  main            d.u.i.k.p.i.AbstractProblemLoader Replaying proof dependency_contracts.key.proof 
69211      DEBUG main            d.u.i.k.p.i.IntermediateProofReplayer Proof replay took 287.21ms 
69213      DEBUG main            d.u.i.k.p.r.p.TestFile    ... success: reloaded. 
69215      INFO  main            d.u.i.k.p.r.p.TestFile    Now processing file /home/runner/work/key/key/key.core/../key.ui/examples/heap/simple/invariant_preservation.key 
69216      INFO  main            d.u.i.k.p.i.AbstractProblemLoader Loading environment from /home/runner/work/key/key/key.core/../key.ui/examples/heap/simple/invariant_preservation.key 
69216      DEBUG main            d.u.i.k.p.i.AbstractProblemLoader Environment load took 257.9ns 
69218      INFO  main            d.u.i.k.p.i.AbstractProblemLoader Creating init config 
72775      DEBUG main            d.u.i.k.p.i.AbstractProblemLoader Init config took 3.56s 
72810      INFO  main            d.u.i.k.p.i.AbstractProblemLoader Replaying proof invariant_preservation.key 
72812      DEBUG main            d.u.i.k.p.i.IntermediateProofReplayer Proof replay took 8.4ns 
73019      INFO  main            d.u.i.k.p.r.p.TestFile    ... finished proof: closed. 
73285      INFO  main            d.u.i.k.p.i.AbstractProblemLoader Loading environment from /home/runner/work/key/key/key.core/../key.ui/examples/heap/simple/invariant_preservation.key.proof 
73286      DEBUG main            d.u.i.k.p.i.AbstractProblemLoader Environment load took 561.91ns 
73288      INFO  main            d.u.i.k.p.i.AbstractProblemLoader Creating init config 
76742      DEBUG main            d.u.i.k.p.i.AbstractProblemLoader Init config took 3.45s 
76769      INFO  main            d.u.i.k.p.i.AbstractProblemLoader Replaying proof invariant_preservation.key.proof 
76822      DEBUG main            d.u.i.k.p.i.IntermediateProofReplayer Proof replay took 48.3ms 
76826      DEBUG main            d.u.i.k.p.r.p.TestFile    ... success: reloaded. 
76829      INFO  main            d.u.i.k.p.r.p.TestFile    Now processing file /home/runner/work/key/key/key.core/../key.ui/examples/heap/simple/locsets.key 
76829      INFO  main            d.u.i.k.p.i.AbstractProblemLoader Loading environment from /home/runner/work/key/key/key.core/../key.ui/examples/heap/simple/locsets.key 
76830      DEBUG main            d.u.i.k.p.i.AbstractProblemLoader Environment load took 303.5ns 
76831      INFO  main            d.u.i.k.p.i.AbstractProblemLoader Creating init config 
80009      DEBUG main            d.u.i.k.p.i.AbstractProblemLoader Init config took 3.18s 
80035      INFO  main            d.u.i.k.p.i.AbstractProblemLoader Replaying proof locsets.key 
80037      DEBUG main            d.u.i.k.p.i.IntermediateProofReplayer Proof replay took 9.1ns 
80139      INFO  main            d.u.i.k.p.r.p.TestFile    ... finished proof: closed. 
80370      INFO  main            d.u.i.k.p.i.AbstractProblemLoader Loading environment from /home/runner/work/key/key/key.core/../key.ui/examples/heap/simple/locsets.key.proof 
80370      DEBUG main            d.u.i.k.p.i.AbstractProblemLoader Environment load took 132.4ns 
80372      INFO  main            d.u.i.k.p.i.AbstractProblemLoader Creating init config 
83528      DEBUG main            d.u.i.k.p.i.AbstractProblemLoader Init config took 3.16s 
83551      INFO  main            d.u.i.k.p.i.AbstractProblemLoader Replaying proof locsets.key.proof 
83557      DEBUG main            d.u.i.k.p.i.IntermediateProofReplayer Proof replay took 3.52ms 
83559      DEBUG main            d.u.i.k.p.r.p.TestFile    ... success: reloaded. 
83560      INFO  main            d.u.i.k.p.r.p.TestFile    Now processing file /home/runner/work/key/key/key.core/../key.ui/examples/heap/simple/loop1.key 
83560      INFO  main            d.u.i.k.p.i.AbstractProblemLoader Loading environment from /home/runner/work/key/key/key.core/../key.ui/examples/heap/simple/loop1.key 
83561      DEBUG main            d.u.i.k.p.i.AbstractProblemLoader Environment load took 125.3ns 
83563      INFO  main            d.u.i.k.p.i.AbstractProblemLoader Creating init config 
86970      DEBUG main            d.u.i.k.p.i.AbstractProblemLoader Init config took 3.41s 
86990      INFO  main            d.u.i.k.p.i.AbstractProblemLoader Replaying proof loop1.key 
86991      DEBUG main            d.u.i.k.p.i.IntermediateProofReplayer Proof replay took 8.3ns 
87194      INFO  main            d.u.i.k.p.r.p.TestFile    ... finished proof: closed. 
87438      INFO  main            d.u.i.k.p.i.AbstractProblemLoader Loading environment from /home/runner/work/key/key/key.core/../key.ui/examples/heap/simple/loop1.key.proof 
87438      DEBUG main            d.u.i.k.p.i.AbstractProblemLoader Environment load took 144.4ns 
87439      INFO  main            d.u.i.k.p.i.AbstractProblemLoader Creating init config 
90905      DEBUG main            d.u.i.k.p.i.AbstractProblemLoader Init config took 3.47s 
90926      INFO  main            d.u.i.k.p.i.AbstractProblemLoader Replaying proof loop1.key.proof 
91018      DEBUG main            d.u.i.k.p.i.IntermediateProofReplayer Proof replay took 89.06ms 
91019      DEBUG main            d.u.i.k.p.r.p.TestFile    ... success: reloaded. 
91020      INFO  main            d.u.i.k.p.r.p.TestFile    Now processing file /home/runner/work/key/key/key.core/../key.ui/examples/heap/simple/loop2.key 
91021      INFO  main            d.u.i.k.p.i.AbstractProblemLoader Loading environment from /home/runner/work/key/key/key.core/../key.ui/examples/heap/simple/loop2.key 
91021      DEBUG main            d.u.i.k.p.i.AbstractProblemLoader Environment load took 124.5ns 
91022      INFO  main            d.u.i.k.p.i.AbstractProblemLoader Creating init config 
94409      DEBUG main            d.u.i.k.p.i.AbstractProblemLoader Init config took 3.39s 
94428      INFO  main            d.u.i.k.p.i.AbstractProblemLoader Replaying proof loop2.key 
94431      DEBUG main            d.u.i.k.p.i.IntermediateProofReplayer Proof replay took 7.7ns 
95236      INFO  main            d.u.i.k.p.r.p.TestFile    ... finished proof: closed. 
95521      INFO  main            d.u.i.k.p.i.AbstractProblemLoader Loading environment from /home/runner/work/key/key/key.core/../key.ui/examples/heap/simple/loop2.key.proof 
95522      DEBUG main            d.u.i.k.p.i.AbstractProblemLoader Environment load took 544.71ns 
95524      INFO  main            d.u.i.k.p.i.AbstractProblemLoader Creating init config 
98927      DEBUG main            d.u.i.k.p.i.AbstractProblemLoader Init config took 3.4s 
98947      INFO  main            d.u.i.k.p.i.AbstractProblemLoader Replaying proof loop2.key.proof 
99114      DEBUG main            d.u.i.k.p.i.IntermediateProofReplayer Proof replay took 160.19ms 
99116      DEBUG main            d.u.i.k.p.r.p.TestFile    ... success: reloaded. 
99117      INFO  main            d.u.i.k.p.r.p.TestFile    Now processing file /home/runner/work/key/key/key.core/../key.ui/examples/heap/simple/modifies_datagroup.key 
99118      INFO  main            d.u.i.k.p.i.AbstractProblemLoader Loading environment from /home/runner/work/key/key/key.core/../key.ui/examples/heap/simple/modifies_datagroup.key 
99118      DEBUG main            d.u.i.k.p.i.AbstractProblemLoader Environment load took 250.8ns 
99119      INFO  main            d.u.i.k.p.i.AbstractProblemLoader Creating init config 
102225     DEBUG main            d.u.i.k.p.i.AbstractProblemLoader Init config took 3.11s 
102249     INFO  main            d.u.i.k.p.i.AbstractProblemLoader Replaying proof modifies_datagroup.key 
102251     DEBUG main            d.u.i.k.p.i.IntermediateProofReplayer Proof replay took 8ns 
102354     INFO  main            d.u.i.k.p.r.p.TestFile    ... finished proof: closed. 
102650     INFO  main            d.u.i.k.p.i.AbstractProblemLoader Loading environment from /home/runner/work/key/key/key.core/../key.ui/examples/heap/simple/modifies_datagroup.key.proof 
102650     DEBUG main            d.u.i.k.p.i.AbstractProblemLoader Environment load took 134.4ns 
102652     INFO  main            d.u.i.k.p.i.AbstractProblemLoader Creating init config 
105763     DEBUG main            d.u.i.k.p.i.AbstractProblemLoader Init config took 3.11s 
105782     INFO  main            d.u.i.k.p.i.AbstractProblemLoader Replaying proof modifies_datagroup.key.proof 
105796     DEBUG main            d.u.i.k.p.i.IntermediateProofReplayer Proof replay took 10.1ms 
105799     DEBUG main            d.u.i.k.p.r.p.TestFile    ... success: reloaded. 
105800     INFO  main            d.u.i.k.p.r.p.TestFile    Now processing file /home/runner/work/key/key/key.core/../key.ui/examples/heap/simple/modifies.key 
105800     INFO  main            d.u.i.k.p.i.AbstractProblemLoader Loading environment from /home/runner/work/key/key/key.core/../key.ui/examples/heap/simple/modifies.key 
105800     DEBUG main            d.u.i.k.p.i.AbstractProblemLoader Environment load took 262.7ns 
105804     INFO  main            d.u.i.k.p.i.AbstractProblemLoader Creating init config 
108962     DEBUG main            d.u.i.k.p.i.AbstractProblemLoader Init config took 3.16s 
108986     INFO  main            d.u.i.k.p.i.AbstractProblemLoader Replaying proof modifies.key 
108989     DEBUG main            d.u.i.k.p.i.IntermediateProofReplayer Proof replay took 9.3ns 
109094     INFO  main            d.u.i.k.p.r.p.TestFile    ... finished proof: closed. 
109395     INFO  main            d.u.i.k.p.i.AbstractProblemLoader Loading environment from /home/runner/work/key/key/key.core/../key.ui/examples/heap/simple/modifies.key.proof 
109395     DEBUG main            d.u.i.k.p.i.AbstractProblemLoader Environment load took 145.3ns 
109398     INFO  main            d.u.i.k.p.i.AbstractProblemLoader Creating init config 
112456     DEBUG main            d.u.i.k.p.i.AbstractProblemLoader Init config took 3.06s 
112474     INFO  main            d.u.i.k.p.i.AbstractProblemLoader Replaying proof modifies.key.proof 
112507     DEBUG main            d.u.i.k.p.i.IntermediateProofReplayer Proof replay took 30.08ms 
112508     DEBUG main            d.u.i.k.p.r.p.TestFile    ... success: reloaded. 
112510     INFO  main            d.u.i.k.p.r.p.TestFile    Now processing file /home/runner/work/key/key/key.core/../key.ui/examples/heap/simple/object_creation.key 
112510     INFO  main            d.u.i.k.p.i.AbstractProblemLoader Loading environment from /home/runner/work/key/key/key.core/../key.ui/examples/heap/simple/object_creation.key 
112511     DEBUG main            d.u.i.k.p.i.AbstractProblemLoader Environment load took 136.1ns 
112512     INFO  main            d.u.i.k.p.i.AbstractProblemLoader Creating init config 
115669     DEBUG main            d.u.i.k.p.i.AbstractProblemLoader Init config took 3.16s 
115686     INFO  main            d.u.i.k.p.i.AbstractProblemLoader Replaying proof object_creation.key 
115688     DEBUG main            d.u.i.k.p.i.IntermediateProofReplayer Proof replay took 9.4ns 
115992     INFO  main            d.u.i.k.p.r.p.TestFile    ... finished proof: closed. 
116275     INFO  main            d.u.i.k.p.i.AbstractProblemLoader Loading environment from /home/runner/work/key/key/key.core/../key.ui/examples/heap/simple/object_creation.key.proof 
116275     DEBUG main            d.u.i.k.p.i.AbstractProblemLoader Environment load took 125.1ns 
116278     INFO  main            d.u.i.k.p.i.AbstractProblemLoader Creating init config 
119302     DEBUG main            d.u.i.k.p.i.AbstractProblemLoader Init config took 3.02s 
119328     INFO  main            d.u.i.k.p.i.AbstractProblemLoader Replaying proof object_creation.key.proof 
119412     DEBUG main            d.u.i.k.p.i.IntermediateProofReplayer Proof replay took 78.49ms 
119414     DEBUG main            d.u.i.k.p.r.p.TestFile    ... success: reloaded. 
119415     INFO  main            d.u.i.k.p.r.p.TestFile    Now processing file /home/runner/work/key/key/key.core/../key.ui/examples/heap/simple/operation_contracts.key 
119415     INFO  main            d.u.i.k.p.i.AbstractProblemLoader Loading environment from /home/runner/work/key/key/key.core/../key.ui/examples/heap/simple/operation_contracts.key 
119415     DEBUG main            d.u.i.k.p.i.AbstractProblemLoader Environment load took 121.8ns 
119418     INFO  main            d.u.i.k.p.i.AbstractProblemLoader Creating init config 
122870     DEBUG main            d.u.i.k.p.i.AbstractProblemLoader Init config took 3.45s 
122892     INFO  main            d.u.i.k.p.i.AbstractProblemLoader Replaying proof operation_contracts.key 
122894     DEBUG main            d.u.i.k.p.i.IntermediateProofReplayer Proof replay took 8.8ns 
124002     INFO  main            d.u.i.k.p.r.p.TestFile    ... finished proof: closed. 
124327     INFO  main            d.u.i.k.p.i.AbstractProblemLoader Loading environment from /home/runner/work/key/key/key.core/../key.ui/examples/heap/simple/operation_contracts.key.proof 
124328     DEBUG main            d.u.i.k.p.i.AbstractProblemLoader Environment load took 548.41ns 
124330     INFO  main            d.u.i.k.p.i.AbstractProblemLoader Creating init config 
127689     DEBUG main            d.u.i.k.p.i.AbstractProblemLoader Init config took 3.36s 
127707     INFO  main            d.u.i.k.p.i.AbstractProblemLoader Replaying proof operation_contracts.key.proof 
127875     DEBUG main            d.u.i.k.p.i.IntermediateProofReplayer Proof replay took 159.41ms 
127878     DEBUG main            d.u.i.k.p.r.p.TestFile    ... success: reloaded. 
127879     INFO  main            d.u.i.k.p.r.p.TestFile    Now processing file /home/runner/work/key/key/key.core/../key.ui/examples/heap/simple/select_store.key 
127879     INFO  main            d.u.i.k.p.i.AbstractProblemLoader Loading environment from /home/runner/work/key/key/key.core/../key.ui/examples/heap/simple/select_store.key 
127880     DEBUG main            d.u.i.k.p.i.AbstractProblemLoader Environment load took 254.6ns 
127881     INFO  main            d.u.i.k.p.i.AbstractProblemLoader Creating init config 
130938     DEBUG main            d.u.i.k.p.i.AbstractProblemLoader Init config took 3.06s 
130960     INFO  main            d.u.i.k.p.i.AbstractProblemLoader Replaying proof select_store.key 
130962     DEBUG main            d.u.i.k.p.i.IntermediateProofReplayer Proof replay took 8.4ns 
131064     INFO  main            d.u.i.k.p.r.p.TestFile    ... finished proof: closed. 
131388     INFO  main            d.u.i.k.p.i.AbstractProblemLoader Loading environment from /home/runner/work/key/key/key.core/../key.ui/examples/heap/simple/select_store.key.proof 
131388     DEBUG main            d.u.i.k.p.i.AbstractProblemLoader Environment load took 204.8ns 
131390     INFO  main            d.u.i.k.p.i.AbstractProblemLoader Creating init config 
134432     DEBUG main            d.u.i.k.p.i.AbstractProblemLoader Init config took 3.04s 
134449     INFO  main            d.u.i.k.p.i.AbstractProblemLoader Replaying proof select_store.key.proof 
134454     DEBUG main            d.u.i.k.p.i.IntermediateProofReplayer Proof replay took 2.87ms 
134455     DEBUG main            d.u.i.k.p.r.p.TestFile    ... success: reloaded. 
134456     INFO  main            d.u.i.k.p.r.p.TestFile    Now processing file /home/runner/work/key/key/key.core/../key.ui/examples/heap/simple/selection_sort.key 
134456     INFO  main            d.u.i.k.p.i.AbstractProblemLoader Loading environment from /home/runner/work/key/key/key.core/../key.ui/examples/heap/simple/selection_sort.key 
134456     DEBUG main            d.u.i.k.p.i.AbstractProblemLoader Environment load took 251.2ns 
134459     INFO  main            d.u.i.k.p.i.AbstractProblemLoader Creating init config 
137961     DEBUG main            d.u.i.k.p.i.AbstractProblemLoader Init config took 3.5s 
137979     INFO  main            d.u.i.k.p.i.AbstractProblemLoader Replaying proof selection_sort.key 
137982     DEBUG main            d.u.i.k.p.i.IntermediateProofReplayer Proof replay took 8.6ns 
143067     INFO  main            d.u.i.k.p.r.p.TestFile    ... finished proof: closed. 
143451     INFO  main            d.u.i.k.p.i.AbstractProblemLoader Loading environment from /home/runner/work/key/key/key.core/../key.ui/examples/heap/simple/selection_sort.key.proof 
143451     DEBUG main            d.u.i.k.p.i.AbstractProblemLoader Environment load took 510.7ns 
143454     INFO  main            d.u.i.k.p.i.AbstractProblemLoader Creating init config 
146732     DEBUG main            d.u.i.k.p.i.AbstractProblemLoader Init config took 3.28s 
146750     INFO  main            d.u.i.k.p.i.AbstractProblemLoader Replaying proof selection_sort.key.proof 
147733     DEBUG main            d.u.i.k.p.i.IntermediateProofReplayer Proof replay took 952.12ms 
147736     DEBUG main            d.u.i.k.p.r.p.TestFile    ... success: reloaded. 
147739     INFO  main            d.u.i.k.p.r.p.TestFile    Now processing file /home/runner/work/key/key/key.core/../key.ui/examples/heap/simple/seq.key 
147740     INFO  main            d.u.i.k.p.i.AbstractProblemLoader Loading environment from /home/runner/work/key/key/key.core/../key.ui/examples/heap/simple/seq.key 
147740     DEBUG main            d.u.i.k.p.i.AbstractProblemLoader Environment load took 259.5ns 
147742     INFO  main            d.u.i.k.p.i.AbstractProblemLoader Creating init config 
150903     DEBUG main            d.u.i.k.p.i.AbstractProblemLoader Init config took 3.16s 
150923     INFO  main            d.u.i.k.p.i.AbstractProblemLoader Replaying proof seq.key 
150925     DEBUG main            d.u.i.k.p.i.IntermediateProofReplayer Proof replay took 8.8ns 
151529     INFO  main            d.u.i.k.p.r.p.TestFile    ... finished proof: closed. 
151921     INFO  main            d.u.i.k.p.i.AbstractProblemLoader Loading environment from /home/runner/work/key/key/key.core/../key.ui/examples/heap/simple/seq.key.proof 
151922     DEBUG main            d.u.i.k.p.i.AbstractProblemLoader Environment load took 573.5ns 
151923     INFO  main            d.u.i.k.p.i.AbstractProblemLoader Creating init config 
154953     DEBUG main            d.u.i.k.p.i.AbstractProblemLoader Init config took 3.03s 
154977     INFO  main            d.u.i.k.p.i.AbstractProblemLoader Replaying proof seq.key.proof 
155060     DEBUG main            d.u.i.k.p.i.IntermediateProofReplayer Proof replay took 76.77ms 
155062     DEBUG main            d.u.i.k.p.r.p.TestFile    ... success: reloaded. 
155063     INFO  main            d.u.i.k.p.r.p.TestFile    Now processing file /home/runner/work/key/key/key.core/../key.ui/examples/heap/simple/oldForParams.key 
155064     INFO  main            d.u.i.k.p.i.AbstractProblemLoader Loading environment from /home/runner/work/key/key/key.core/../key.ui/examples/heap/simple/oldForParams.key 
155064     DEBUG main            d.u.i.k.p.i.AbstractProblemLoader Environment load took 262.5ns 
155065     INFO  main            d.u.i.k.p.i.AbstractProblemLoader Creating init config 
158477     DEBUG main            d.u.i.k.p.i.AbstractProblemLoader Init config took 3.41s 
158553     INFO  main            d.u.i.k.p.i.AbstractProblemLoader Replaying proof OldForParameters[OldForParameters::method(int)].JML operation contract.0 
158556     DEBUG main            d.u.i.k.p.i.IntermediateProofReplayer Proof replay took 7.8ns 
158859     INFO  main            d.u.i.k.p.r.p.TestFile    ... finished proof: closed. 
159232     INFO  main            d.u.i.k.p.i.AbstractProblemLoader Loading environment from /home/runner/work/key/key/key.core/../key.ui/examples/heap/simple/oldForParams.key.proof 
159232     DEBUG main            d.u.i.k.p.i.AbstractProblemLoader Environment load took 123.8ns 
159237     INFO  main            d.u.i.k.p.i.AbstractProblemLoader Creating init config 
162546     DEBUG main            d.u.i.k.p.i.AbstractProblemLoader Init config took 3.31s 
162598     INFO  main            d.u.i.k.p.i.AbstractProblemLoader Replaying proof OldForParameters[OldForParameters::method(int)].JML operation contract.0 
162675     DEBUG main            d.u.i.k.p.i.IntermediateProofReplayer Proof replay took 73.76ms 
162676     DEBUG main            d.u.i.k.p.r.p.TestFile    ... success: reloaded. 
162678     INFO  main            d.u.i.k.p.r.p.TestFile    Now processing file /home/runner/work/key/key/key.core/../key.ui/examples/heap/simple/parse_lmtd.key 
162678     INFO  main            d.u.i.k.p.i.AbstractProblemLoader Loading environment from /home/runner/work/key/key/key.core/../key.ui/examples/heap/simple/parse_lmtd.key 
162678     DEBUG main            d.u.i.k.p.i.AbstractProblemLoader Environment load took 121.1ns 
162679     INFO  main            d.u.i.k.p.i.AbstractProblemLoader Creating init config 
166075     DEBUG main            d.u.i.k.p.i.AbstractProblemLoader Init config took 3.4s 
166128     INFO  main            d.u.i.k.p.i.AbstractProblemLoader Replaying proof ParseLmtd[ParseLmtd::simple(int)].JML normal_behavior operation contract.0 
166131     DEBUG main            d.u.i.k.p.i.IntermediateProofReplayer Proof replay took 9.1ns 
166333     INFO  main            d.u.i.k.p.r.p.TestFile    ... finished proof: closed. 
166642     INFO  main            d.u.i.k.p.i.AbstractProblemLoader Loading environment from /home/runner/work/key/key/key.core/../key.ui/examples/heap/simple/parse_lmtd.key.proof 
166643     DEBUG main            d.u.i.k.p.i.AbstractProblemLoader Environment load took 123.7ns 
166644     INFO  main            d.u.i.k.p.i.AbstractProblemLoader Creating init config 
169964     DEBUG main            d.u.i.k.p.i.AbstractProblemLoader Init config took 3.32s 
170024     INFO  main            d.u.i.k.p.i.AbstractProblemLoader Replaying proof ParseLmtd[ParseLmtd::simple(int)].JML normal_behavior operation contract.0 
170066     DEBUG main            d.u.i.k.p.i.IntermediateProofReplayer Proof replay took 39.14ms 
170067     DEBUG main            d.u.i.k.p.r.p.TestFile    ... success: reloaded. 
170068     INFO  main            d.u.i.k.p.r.p.TestFile    Now processing file /home/runner/work/key/key/key.core/../key.ui/examples/heap/strictly_pure/strictlyPureMethod.key 
170069     INFO  main            d.u.i.k.p.i.AbstractProblemLoader Loading environment from /home/runner/work/key/key/key.core/../key.ui/examples/heap/strictly_pure/strictlyPureMethod.key 
170069     DEBUG main            d.u.i.k.p.i.AbstractProblemLoader Environment load took 252.7ns 
170070     INFO  main            d.u.i.k.p.i.AbstractProblemLoader Creating init config 
173281     DEBUG main            d.u.i.k.p.i.AbstractProblemLoader Init config took 3.21s 
173326     INFO  main            d.u.i.k.p.i.AbstractProblemLoader Replaying proof StrictlyPure[StrictlyPure::strictlyPureMethod()].JML operation contract.0 
173328     DEBUG main            d.u.i.k.p.i.IntermediateProofReplayer Proof replay took 8.5ns 
173536     INFO  main            d.u.i.k.p.r.p.TestFile    ... finished proof: closed. 
173869     INFO  main            d.u.i.k.p.i.AbstractProblemLoader Loading environment from /home/runner/work/key/key/key.core/../key.ui/examples/heap/strictly_pure/strictlyPureMethod.key.proof 
173869     DEBUG main            d.u.i.k.p.i.AbstractProblemLoader Environment load took 121.9ns 
173871     INFO  main            d.u.i.k.p.i.AbstractProblemLoader Creating init config 
177016     DEBUG main            d.u.i.k.p.i.AbstractProblemLoader Init config took 3.15s 
177060     INFO  main            d.u.i.k.p.i.AbstractProblemLoader Replaying proof StrictlyPure[StrictlyPure::strictlyPureMethod()].JML operation contract.0 
177113     DEBUG main            d.u.i.k.p.i.IntermediateProofReplayer Proof replay took 50.1ms 
177114     DEBUG main            d.u.i.k.p.r.p.TestFile    ... success: reloaded. 
177115     INFO  main            d.u.i.k.p.r.p.TestFile    Now processing file /home/runner/work/key/key/key.core/../key.ui/examples/heap/strictly_pure/useStrictlyPureMethod.key 
177115     INFO  main            d.u.i.k.p.i.AbstractProblemLoader Loading environment from /home/runner/work/key/key/key.core/../key.ui/examples/heap/strictly_pure/useStrictlyPureMethod.key 
177115     DEBUG main            d.u.i.k.p.i.AbstractProblemLoader Environment load took 121.7ns 
177116     INFO  main            d.u.i.k.p.i.AbstractProblemLoader Creating init config 
180387     DEBUG main            d.u.i.k.p.i.AbstractProblemLoader Init config took 3.27s 
180431     INFO  main            d.u.i.k.p.i.AbstractProblemLoader Replaying proof StrictlyPure[StrictlyPure::useStrictlyPureMethod(StrictlyPureClass)].JML operation contract.0 
180433     DEBUG main            d.u.i.k.p.i.IntermediateProofReplayer Proof replay took 8.5ns 
180736     INFO  main            d.u.i.k.p.r.p.TestFile    ... finished proof: closed. 
181132     INFO  main            d.u.i.k.p.i.AbstractProblemLoader Loading environment from /home/runner/work/key/key/key.core/../key.ui/examples/heap/strictly_pure/useStrictlyPureMethod.key.proof 
181133     DEBUG main            d.u.i.k.p.i.AbstractProblemLoader Environment load took 668.21ns 
181134     INFO  main            d.u.i.k.p.i.AbstractProblemLoader Creating init config 
184248     DEBUG main            d.u.i.k.p.i.AbstractProblemLoader Init config took 3.11s 
184308     INFO  main            d.u.i.k.p.i.AbstractProblemLoader Replaying proof StrictlyPure[StrictlyPure::useStrictlyPureMethod(StrictlyPureClass)].JML operation contract.0 
184396     DEBUG main            d.u.i.k.p.i.IntermediateProofReplayer Proof replay took 83.63ms 
184398     DEBUG main            d.u.i.k.p.r.p.TestFile    ... success: reloaded. 
184399     INFO  main            d.u.i.k.p.r.p.TestFile    Now processing file /home/runner/work/key/key/key.core/../key.ui/examples/heap/Wellfounded/ackermann.key 
184399     INFO  main            d.u.i.k.p.i.AbstractProblemLoader Loading environment from /home/runner/work/key/key/key.core/../key.ui/examples/heap/Wellfounded/ackermann.key 
184400     DEBUG main            d.u.i.k.p.i.AbstractProblemLoader Environment load took 246ns 
184401     INFO  main            d.u.i.k.p.i.AbstractProblemLoader Creating init config 
187585     DEBUG main            d.u.i.k.p.i.AbstractProblemLoader Init config took 3.18s 
187651     INFO  main            d.u.i.k.p.i.AbstractProblemLoader Replaying proof Ackermann[Ackermann::a(int,int)].JML normal_behavior operation contract.0 
187654     DEBUG main            d.u.i.k.p.i.IntermediateProofReplayer Proof replay took 8.8ns 
188058     INFO  main            d.u.i.k.p.r.p.TestFile    ... finished proof: closed. 
188529     INFO  main            d.u.i.k.p.i.AbstractProblemLoader Loading environment from /home/runner/work/key/key/key.core/../key.ui/examples/heap/Wellfounded/ackermann.key.proof 
188530     DEBUG main            d.u.i.k.p.i.AbstractProblemLoader Environment load took 491.5ns 
188531     INFO  main            d.u.i.k.p.i.AbstractProblemLoader Creating init config 
191729     DEBUG main            d.u.i.k.p.i.AbstractProblemLoader Init config took 3.2s 
191775     INFO  main            d.u.i.k.p.i.AbstractProblemLoader Replaying proof Ackermann[Ackermann::a(int,int)].JML normal_behavior operation contract.0 
191870     DEBUG main            d.u.i.k.p.i.IntermediateProofReplayer Proof replay took 85.9ms 
191871     DEBUG main            d.u.i.k.p.r.p.TestFile    ... success: reloaded. 
191873     INFO  main            d.u.i.k.p.r.p.TestFile    Now processing file /home/runner/work/key/key/key.core/../key.ui/examples/standard_key/unicode_test.key 
191873     INFO  main            d.u.i.k.p.i.AbstractProblemLoader Loading environment from /home/runner/work/key/key/key.core/../key.ui/examples/standard_key/unicode_test.key 
191873     DEBUG main            d.u.i.k.p.i.AbstractProblemLoader Environment load took 147.1ns 
191875     INFO  main            d.u.i.k.p.i.AbstractProblemLoader Creating init config 
195017     DEBUG main            d.u.i.k.p.i.AbstractProblemLoader Init config took 3.14s 
195032     INFO  main            d.u.i.k.p.i.AbstractProblemLoader Replaying proof unicode_test.key 
195034     DEBUG main            d.u.i.k.p.i.IntermediateProofReplayer Proof replay took 8.5ns 
195136     INFO  main            d.u.i.k.p.r.p.TestFile    ... finished proof: closed. 
195495     INFO  main            d.u.i.k.p.i.AbstractProblemLoader Loading environment from /home/runner/work/key/key/key.core/../key.ui/examples/standard_key/unicode_test.key.proof 
195495     DEBUG main            d.u.i.k.p.i.AbstractProblemLoader Environment load took 126.9ns 
195497     INFO  main            d.u.i.k.p.i.AbstractProblemLoader Creating init config 
198563     DEBUG main            d.u.i.k.p.i.AbstractProblemLoader Init config took 3.07s 
198581     INFO  main            d.u.i.k.p.i.AbstractProblemLoader Replaying proof unicode_test.key.proof 
198583     DEBUG main            d.u.i.k.p.i.IntermediateProofReplayer Proof replay took 484.4ns 
198584     DEBUG main            d.u.i.k.p.r.p.TestFile    ... success: reloaded. 
198585     INFO  main            d.u.i.k.p.r.p.TestFile    Now processing file /home/runner/work/key/key/key.core/../key.ui/examples/heap/strictlyModular/mayExpand.key 
198586     INFO  main            d.u.i.k.p.i.AbstractProblemLoader Loading environment from /home/runner/work/key/key/key.core/../key.ui/examples/heap/strictlyModular/mayExpand.key 
198586     DEBUG main            d.u.i.k.p.i.AbstractProblemLoader Environment load took 408.2ns 
198587     INFO  main            d.u.i.k.p.i.AbstractProblemLoader Creating init config 
201804     DEBUG main            d.u.i.k.p.i.AbstractProblemLoader Init config took 3.22s 
201847     INFO  main            d.u.i.k.p.i.AbstractProblemLoader Replaying proof Modular[Modular::m()].JML operation contract.0 
201849     DEBUG main            d.u.i.k.p.i.IntermediateProofReplayer Proof replay took 8.5ns 
201951     INFO  main            d.u.i.k.p.r.p.TestFile    ... finished proof: closed. 
202367     INFO  main            d.u.i.k.p.i.AbstractProblemLoader Loading environment from /home/runner/work/key/key/key.core/../key.ui/examples/heap/strictlyModular/mayExpand.key.proof 
202367     DEBUG main            d.u.i.k.p.i.AbstractProblemLoader Environment load took 183ns 
202368     INFO  main            d.u.i.k.p.i.AbstractProblemLoader Creating init config 
205465     DEBUG main            d.u.i.k.p.i.AbstractProblemLoader Init config took 3.1s 
205522     INFO  main            d.u.i.k.p.i.AbstractProblemLoader Replaying proof Modular[Modular::m()].JML operation contract.0 
205544     DEBUG main            d.u.i.k.p.i.IntermediateProofReplayer Proof replay took 19.59ms 
205545     DEBUG main            d.u.i.k.p.r.p.TestFile    ... success: reloaded. 
205547     INFO  main            d.u.i.k.p.r.p.TestFile    Now processing file /home/runner/work/key/key/key.core/../key.ui/examples/heap/strictlyModular/modularOnly.key 
205547     INFO  main            d.u.i.k.p.i.AbstractProblemLoader Loading environment from /home/runner/work/key/key/key.core/../key.ui/examples/heap/strictlyModular/modularOnly.key 
205547     DEBUG main            d.u.i.k.p.i.AbstractProblemLoader Environment load took 119.7ns 
205548     INFO  main            d.u.i.k.p.i.AbstractProblemLoader Creating init config 
208687     DEBUG main            d.u.i.k.p.i.AbstractProblemLoader Init config took 3.14s 
208728     INFO  main            d.u.i.k.p.i.AbstractProblemLoader Replaying proof Modular[Modular::m()].JML operation contract.0 
208731     DEBUG main            d.u.i.k.p.i.IntermediateProofReplayer Proof replay took 10.1ns 
208836     INFO  main            d.u.i.k.p.r.p.TestFile    ... finished proof: open goal(s) 
2512016    INFO  Test worker     d.u.i.k.p.r.RunAllProofsTestUnit Returning from test simpleTests 
2512018    INFO  Test worker     d.u.i.k.p.r.RunAllProofsTestUnit Running test SmansEtAl 
447        INFO  Timeout watchdog d.u.i.k.p.r.p.ForkedTestFileRunner Timeout watcher launched (2000 secs.) 
477        WARN  main            d.u.i.k.s.ProofSettings   The settings in /home/runner/.key/proof-settings.props are *not* read. 
541        INFO  main            d.u.i.k.p.r.p.TestFile    Now processing file /home/runner/work/key/key/key.core/../key.ui/examples/heap/SmansEtAl/ArrayList_add.key 
673        INFO  main            d.u.i.k.p.i.AbstractProblemLoader Loading environment from /home/runner/work/key/key/key.core/../key.ui/examples/heap/SmansEtAl/ArrayList_add.key 
694        DEBUG main            d.u.i.k.p.i.AbstractProblemLoader Environment load took 2.65ms 
988        INFO  main            d.u.i.k.p.i.AbstractProblemLoader Creating init config 
2370       DEBUG main            d.u.i.k.j.TypeConverter   No LDT found for Meta 
2371       DEBUG main            d.u.i.k.j.TypeConverter   No LDT found for Meta 
2374       DEBUG main            d.u.i.k.j.TypeConverter   No LDT found for Meta 
2375       DEBUG main            d.u.i.k.j.TypeConverter   No LDT found for Meta 
4204       DEBUG main            d.u.i.k.j.TypeConverter   No LDT found for JavaBigintExpression 
10958      DEBUG main            d.u.i.k.p.i.AbstractProblemLoader Init config took 9.97s 
11131      INFO  main            d.u.i.k.p.i.AbstractProblemLoader Replaying proof ArrayList[ArrayList::add(java.lang.Object)].JML normal_behavior operation contract.0 
11188      DEBUG main            d.u.i.k.p.i.IntermediateProofReplayer Proof replay took 47ns 
20964      INFO  main            d.u.i.k.p.r.p.TestFile    ... finished proof: closed. 
21274      INFO  main            d.u.i.k.p.i.AbstractProblemLoader Loading environment from /home/runner/work/key/key/key.core/../key.ui/examples/heap/SmansEtAl/ArrayList_add.key.proof 
21275      DEBUG main            d.u.i.k.p.i.AbstractProblemLoader Environment load took 286.5ns 
21284      INFO  main            d.u.i.k.p.i.AbstractProblemLoader Creating init config 
25277      DEBUG main            d.u.i.k.p.i.AbstractProblemLoader Init config took 3.99s 
25353      INFO  main            d.u.i.k.p.i.AbstractProblemLoader Replaying proof ArrayList[ArrayList::add(java.lang.Object)].JML normal_behavior operation contract.0 
26891      DEBUG main            d.u.i.k.p.i.IntermediateProofReplayer Proof replay took 1.5s 
26901      DEBUG main            d.u.i.k.p.r.p.TestFile    ... success: reloaded. 
26903      INFO  main            d.u.i.k.p.r.p.TestFile    Now processing file /home/runner/work/key/key/key.core/../key.ui/examples/heap/SmansEtAl/ArrayList_ArrayList.key 
26904      INFO  main            d.u.i.k.p.i.AbstractProblemLoader Loading environment from /home/runner/work/key/key/key.core/../key.ui/examples/heap/SmansEtAl/ArrayList_ArrayList.key 
26904      DEBUG main            d.u.i.k.p.i.AbstractProblemLoader Environment load took 274.9ns 
26906      INFO  main            d.u.i.k.p.i.AbstractProblemLoader Creating init config 
30688      DEBUG main            d.u.i.k.p.i.AbstractProblemLoader Init config took 3.78s 
30757      INFO  main            d.u.i.k.p.i.AbstractProblemLoader Replaying proof ArrayList[ArrayList::ArrayList()].JML normal_behavior operation contract.0 
30760      DEBUG main            d.u.i.k.p.i.IntermediateProofReplayer Proof replay took 7.2ns 
32172      INFO  main            d.u.i.k.p.r.p.TestFile    ... finished proof: closed. 
32355      INFO  main            d.u.i.k.p.i.AbstractProblemLoader Loading environment from /home/runner/work/key/key/key.core/../key.ui/examples/heap/SmansEtAl/ArrayList_ArrayList.key.proof 
32356      DEBUG main            d.u.i.k.p.i.AbstractProblemLoader Environment load took 526.71ns 
32358      INFO  main            d.u.i.k.p.i.AbstractProblemLoader Creating init config 
36035      DEBUG main            d.u.i.k.p.i.AbstractProblemLoader Init config took 3.68s 
36101      INFO  main            d.u.i.k.p.i.AbstractProblemLoader Replaying proof ArrayList[ArrayList::ArrayList()].JML normal_behavior operation contract.0 
36348      DEBUG main            d.u.i.k.p.i.IntermediateProofReplayer Proof replay took 237.27ms 
36350      DEBUG main            d.u.i.k.p.r.p.TestFile    ... success: reloaded. 
36360      INFO  main            d.u.i.k.p.r.p.TestFile    Now processing file /home/runner/work/key/key/key.core/../key.ui/examples/heap/SmansEtAl/ArrayList_footprint.key 
36360      INFO  main            d.u.i.k.p.i.AbstractProblemLoader Loading environment from /home/runner/work/key/key/key.core/../key.ui/examples/heap/SmansEtAl/ArrayList_footprint.key 
36361      DEBUG main            d.u.i.k.p.i.AbstractProblemLoader Environment load took 336.7ns 
36362      INFO  main            d.u.i.k.p.i.AbstractProblemLoader Creating init config 
40081      DEBUG main            d.u.i.k.p.i.AbstractProblemLoader Init config took 3.72s 
40151      INFO  main            d.u.i.k.p.i.AbstractProblemLoader Replaying proof ArrayList[ArrayList::$footprint()].JML accessible clause.0 
40156      DEBUG main            d.u.i.k.p.i.IntermediateProofReplayer Proof replay took 7.6ns 
40259      INFO  main            d.u.i.k.p.r.p.TestFile    ... finished proof: closed. 
40471      INFO  main            d.u.i.k.p.i.AbstractProblemLoader Loading environment from /home/runner/work/key/key/key.core/../key.ui/examples/heap/SmansEtAl/ArrayList_footprint.key.proof 
40472      DEBUG main            d.u.i.k.p.i.AbstractProblemLoader Environment load took 153.9ns 
40473      INFO  main            d.u.i.k.p.i.AbstractProblemLoader Creating init config 
44029      DEBUG main            d.u.i.k.p.i.AbstractProblemLoader Init config took 3.56s 
44087      INFO  main            d.u.i.k.p.i.AbstractProblemLoader Replaying proof ArrayList[ArrayList::$footprint()].JML accessible clause.0 
44103      DEBUG main            d.u.i.k.p.i.IntermediateProofReplayer Proof replay took 13.89ms 
44105      DEBUG main            d.u.i.k.p.r.p.TestFile    ... success: reloaded. 
44107      INFO  main            d.u.i.k.p.r.p.TestFile    Now processing file /home/runner/work/key/key/key.core/../key.ui/examples/heap/SmansEtAl/ArrayList_get_dep.key 
44107      INFO  main            d.u.i.k.p.i.AbstractProblemLoader Loading environment from /home/runner/work/key/key/key.core/../key.ui/examples/heap/SmansEtAl/ArrayList_get_dep.key 
44107      DEBUG main            d.u.i.k.p.i.AbstractProblemLoader Environment load took 317.4ns 
44109      INFO  main            d.u.i.k.p.i.AbstractProblemLoader Creating init config 
47700      DEBUG main            d.u.i.k.p.i.AbstractProblemLoader Init config took 3.59s 
47756      INFO  main            d.u.i.k.p.i.AbstractProblemLoader Replaying proof ArrayList[ArrayList::get(int)].JML accessible clause.0 
47759      DEBUG main            d.u.i.k.p.i.IntermediateProofReplayer Proof replay took 6ns 
48166      INFO  main            d.u.i.k.p.r.p.TestFile    ... finished proof: closed. 
48397      INFO  main            d.u.i.k.p.i.AbstractProblemLoader Loading environment from /home/runner/work/key/key/key.core/../key.ui/examples/heap/SmansEtAl/ArrayList_get_dep.key.proof 
48399      DEBUG main            d.u.i.k.p.i.AbstractProblemLoader Environment load took 1.8ms 
48401      INFO  main            d.u.i.k.p.i.AbstractProblemLoader Creating init config 
51981      DEBUG main            d.u.i.k.p.i.AbstractProblemLoader Init config took 3.58s 
52037      INFO  main            d.u.i.k.p.i.AbstractProblemLoader Replaying proof ArrayList[ArrayList::get(int)].JML accessible clause.0 
52153      DEBUG main            d.u.i.k.p.i.IntermediateProofReplayer Proof replay took 110.57ms 
52154      DEBUG main            d.u.i.k.p.r.p.TestFile    ... success: reloaded. 
52156      INFO  main            d.u.i.k.p.r.p.TestFile    Now processing file /home/runner/work/key/key/key.core/../key.ui/examples/heap/SmansEtAl/ArrayList_get.key 
52156      INFO  main            d.u.i.k.p.i.AbstractProblemLoader Loading environment from /home/runner/work/key/key/key.core/../key.ui/examples/heap/SmansEtAl/ArrayList_get.key 
52157      DEBUG main            d.u.i.k.p.i.AbstractProblemLoader Environment load took 262.3ns 
52158      INFO  main            d.u.i.k.p.i.AbstractProblemLoader Creating init config 
55814      DEBUG main            d.u.i.k.p.i.AbstractProblemLoader Init config took 3.66s 
55870      INFO  main            d.u.i.k.p.i.AbstractProblemLoader Replaying proof ArrayList[ArrayList::get(int)].JML normal_behavior operation contract.0 
55874      DEBUG main            d.u.i.k.p.i.IntermediateProofReplayer Proof replay took 7.7ns 
56077      INFO  main            d.u.i.k.p.r.p.TestFile    ... finished proof: closed. 
56395      INFO  main            d.u.i.k.p.i.AbstractProblemLoader Loading environment from /home/runner/work/key/key/key.core/../key.ui/examples/heap/SmansEtAl/ArrayList_get.key.proof 
56395      DEBUG main            d.u.i.k.p.i.AbstractProblemLoader Environment load took 139.2ns 
56398      INFO  main            d.u.i.k.p.i.AbstractProblemLoader Creating init config 
59829      DEBUG main            d.u.i.k.p.i.AbstractProblemLoader Init config took 3.43s 
59900      INFO  main            d.u.i.k.p.i.AbstractProblemLoader Replaying proof ArrayList[ArrayList::get(int)].JML normal_behavior operation contract.0 
59947      DEBUG main            d.u.i.k.p.i.IntermediateProofReplayer Proof replay took 43.57ms 
59949      DEBUG main            d.u.i.k.p.r.p.TestFile    ... success: reloaded. 
59950      INFO  main            d.u.i.k.p.r.p.TestFile    Now processing file /home/runner/work/key/key/key.core/../key.ui/examples/heap/SmansEtAl/ArrayList_inv.key 
59951      INFO  main            d.u.i.k.p.i.AbstractProblemLoader Loading environment from /home/runner/work/key/key/key.core/../key.ui/examples/heap/SmansEtAl/ArrayList_inv.key 
59952      DEBUG main            d.u.i.k.p.i.AbstractProblemLoader Environment load took 1.15ms 
59953      INFO  main            d.u.i.k.p.i.AbstractProblemLoader Creating init config 
63565      DEBUG main            d.u.i.k.p.i.AbstractProblemLoader Init config took 3.61s 
63619      INFO  main            d.u.i.k.p.i.AbstractProblemLoader Replaying proof ArrayList[java.lang.Object::<inv>()].JML accessible clause.0 
63621      DEBUG main            d.u.i.k.p.i.IntermediateProofReplayer Proof replay took 7.2ns 
63726      INFO  main            d.u.i.k.p.r.p.TestFile    ... finished proof: closed. 
63946      INFO  main            d.u.i.k.p.i.AbstractProblemLoader Loading environment from /home/runner/work/key/key/key.core/../key.ui/examples/heap/SmansEtAl/ArrayList_inv.key.proof 
63946      DEBUG main            d.u.i.k.p.i.AbstractProblemLoader Environment load took 140ns 
63947      INFO  main            d.u.i.k.p.i.AbstractProblemLoader Creating init config 
67529      DEBUG main            d.u.i.k.p.i.AbstractProblemLoader Init config took 3.58s 
67585      INFO  main            d.u.i.k.p.i.AbstractProblemLoader Replaying proof ArrayList[java.lang.Object::<inv>()].JML accessible clause.0 
67602      DEBUG main            d.u.i.k.p.i.IntermediateProofReplayer Proof replay took 14.84ms 
67603      DEBUG main            d.u.i.k.p.r.p.TestFile    ... success: reloaded. 
67605      INFO  main            d.u.i.k.p.r.p.TestFile    Now processing file /home/runner/work/key/key/key.core/../key.ui/examples/heap/SmansEtAl/ArrayList_size_dep.key 
67605      INFO  main            d.u.i.k.p.i.AbstractProblemLoader Loading environment from /home/runner/work/key/key/key.core/../key.ui/examples/heap/SmansEtAl/ArrayList_size_dep.key 
67605      DEBUG main            d.u.i.k.p.i.AbstractProblemLoader Environment load took 128.7ns 
67607      INFO  main            d.u.i.k.p.i.AbstractProblemLoader Creating init config 
71136      DEBUG main            d.u.i.k.p.i.AbstractProblemLoader Init config took 3.53s 
71186      INFO  main            d.u.i.k.p.i.AbstractProblemLoader Replaying proof ArrayList[ArrayList::size()].JML accessible clause.0 
71189      DEBUG main            d.u.i.k.p.i.IntermediateProofReplayer Proof replay took 6.7ns 
71291      INFO  main            d.u.i.k.p.r.p.TestFile    ... finished proof: closed. 
71589      INFO  main            d.u.i.k.p.i.AbstractProblemLoader Loading environment from /home/runner/work/key/key/key.core/../key.ui/examples/heap/SmansEtAl/ArrayList_size_dep.key.proof 
71589      DEBUG main            d.u.i.k.p.i.AbstractProblemLoader Environment load took 145.4ns 
71590      INFO  main            d.u.i.k.p.i.AbstractProblemLoader Creating init config 
75032      DEBUG main            d.u.i.k.p.i.AbstractProblemLoader Init config took 3.44s 
75087      INFO  main            d.u.i.k.p.i.AbstractProblemLoader Replaying proof ArrayList[ArrayList::size()].JML accessible clause.0 
75112      DEBUG main            d.u.i.k.p.i.IntermediateProofReplayer Proof replay took 22.03ms 
75113      DEBUG main            d.u.i.k.p.r.p.TestFile    ... success: reloaded. 
75115      INFO  main            d.u.i.k.p.r.p.TestFile    Now processing file /home/runner/work/key/key/key.core/../key.ui/examples/heap/SmansEtAl/ArrayList_size.key 
75116      INFO  main            d.u.i.k.p.i.AbstractProblemLoader Loading environment from /home/runner/work/key/key/key.core/../key.ui/examples/heap/SmansEtAl/ArrayList_size.key 
75116      DEBUG main            d.u.i.k.p.i.AbstractProblemLoader Environment load took 283.2ns 
75117      INFO  main            d.u.i.k.p.i.AbstractProblemLoader Creating init config 
78622      DEBUG main            d.u.i.k.p.i.AbstractProblemLoader Init config took 3.5s 
78672      INFO  main            d.u.i.k.p.i.AbstractProblemLoader Replaying proof ArrayList[ArrayList::size()].JML normal_behavior operation contract.0 
78674      DEBUG main            d.u.i.k.p.i.IntermediateProofReplayer Proof replay took 7.5ns 
78777      INFO  main            d.u.i.k.p.r.p.TestFile    ... finished proof: closed. 
79012      INFO  main            d.u.i.k.p.i.AbstractProblemLoader Loading environment from /home/runner/work/key/key/key.core/../key.ui/examples/heap/SmansEtAl/ArrayList_size.key.proof 
79012      DEBUG main            d.u.i.k.p.i.AbstractProblemLoader Environment load took 141.1ns 
79013      INFO  main            d.u.i.k.p.i.AbstractProblemLoader Creating init config 
82486      DEBUG main            d.u.i.k.p.i.AbstractProblemLoader Init config took 3.47s 
82551      INFO  main            d.u.i.k.p.i.AbstractProblemLoader Replaying proof ArrayList[ArrayList::size()].JML normal_behavior operation contract.0 
82574      DEBUG main            d.u.i.k.p.i.IntermediateProofReplayer Proof replay took 20.35ms 
82575      DEBUG main            d.u.i.k.p.r.p.TestFile    ... success: reloaded. 
82577      INFO  main            d.u.i.k.p.r.p.TestFile    Now processing file /home/runner/work/key/key/key.core/../key.ui/examples/heap/SmansEtAl/Cell_Cell.key 
82577      INFO  main            d.u.i.k.p.i.AbstractProblemLoader Loading environment from /home/runner/work/key/key/key.core/../key.ui/examples/heap/SmansEtAl/Cell_Cell.key 
82578      DEBUG main            d.u.i.k.p.i.AbstractProblemLoader Environment load took 281ns 
82579      INFO  main            d.u.i.k.p.i.AbstractProblemLoader Creating init config 
86063      DEBUG main            d.u.i.k.p.i.AbstractProblemLoader Init config took 3.48s 
86108      INFO  main            d.u.i.k.p.i.AbstractProblemLoader Replaying proof Cell[Cell::Cell()].JML normal_behavior operation contract.0 
86110      DEBUG main            d.u.i.k.p.i.IntermediateProofReplayer Proof replay took 15.1ns 
86314      INFO  main            d.u.i.k.p.r.p.TestFile    ... finished proof: closed. 
86591      INFO  main            d.u.i.k.p.i.AbstractProblemLoader Loading environment from /home/runner/work/key/key/key.core/../key.ui/examples/heap/SmansEtAl/Cell_Cell.key.proof 
86592      DEBUG main            d.u.i.k.p.i.AbstractProblemLoader Environment load took 535.7ns 
86593      INFO  main            d.u.i.k.p.i.AbstractProblemLoader Creating init config 
89948      DEBUG main            d.u.i.k.p.i.AbstractProblemLoader Init config took 3.36s 
89993      INFO  main            d.u.i.k.p.i.AbstractProblemLoader Replaying proof Cell[Cell::Cell()].JML normal_behavior operation contract.0 
90051      DEBUG main            d.u.i.k.p.i.IntermediateProofReplayer Proof replay took 54.24ms 
90052      DEBUG main            d.u.i.k.p.r.p.TestFile    ... success: reloaded. 
90054      INFO  main            d.u.i.k.p.r.p.TestFile    Now processing file /home/runner/work/key/key/key.core/../key.ui/examples/heap/SmansEtAl/Cell_footprint.key 
90054      INFO  main            d.u.i.k.p.i.AbstractProblemLoader Loading environment from /home/runner/work/key/key/key.core/../key.ui/examples/heap/SmansEtAl/Cell_footprint.key 
90055      DEBUG main            d.u.i.k.p.i.AbstractProblemLoader Environment load took 256.6ns 
90056      INFO  main            d.u.i.k.p.i.AbstractProblemLoader Creating init config 
93592      DEBUG main            d.u.i.k.p.i.AbstractProblemLoader Init config took 3.54s 
93640      INFO  main            d.u.i.k.p.i.AbstractProblemLoader Replaying proof Cell[Cell::$footprint()].JML accessible clause.0 
93642      DEBUG main            d.u.i.k.p.i.IntermediateProofReplayer Proof replay took 7.5ns 
93745      INFO  main            d.u.i.k.p.r.p.TestFile    ... finished proof: closed. 
93992      INFO  main            d.u.i.k.p.i.AbstractProblemLoader Loading environment from /home/runner/work/key/key/key.core/../key.ui/examples/heap/SmansEtAl/Cell_footprint.key.proof 
93993      DEBUG main            d.u.i.k.p.i.AbstractProblemLoader Environment load took 137.1ns 
93994      INFO  main            d.u.i.k.p.i.AbstractProblemLoader Creating init config 
97414      DEBUG main            d.u.i.k.p.i.AbstractProblemLoader Init config took 3.42s 
97463      INFO  main            d.u.i.k.p.i.AbstractProblemLoader Replaying proof Cell[Cell::$footprint()].JML accessible clause.0 
97470      DEBUG main            d.u.i.k.p.i.IntermediateProofReplayer Proof replay took 5.38ms 
97471      DEBUG main            d.u.i.k.p.r.p.TestFile    ... success: reloaded. 
97473      INFO  main            d.u.i.k.p.r.p.TestFile    Now processing file /home/runner/work/key/key/key.core/../key.ui/examples/heap/SmansEtAl/Cell_getX_dep.key 
97473      INFO  main            d.u.i.k.p.i.AbstractProblemLoader Loading environment from /home/runner/work/key/key/key.core/../key.ui/examples/heap/SmansEtAl/Cell_getX_dep.key 
97473      DEBUG main            d.u.i.k.p.i.AbstractProblemLoader Environment load took 183.7ns 
97474      INFO  main            d.u.i.k.p.i.AbstractProblemLoader Creating init config 
100966     DEBUG main            d.u.i.k.p.i.AbstractProblemLoader Init config took 3.49s 
101009     INFO  main            d.u.i.k.p.i.AbstractProblemLoader Replaying proof Cell[Cell::getX()].JML accessible clause.0 
101011     DEBUG main            d.u.i.k.p.i.IntermediateProofReplayer Proof replay took 5.9ns 
101117     INFO  main            d.u.i.k.p.r.p.TestFile    ... finished proof: closed. 
101377     INFO  main            d.u.i.k.p.i.AbstractProblemLoader Loading environment from /home/runner/work/key/key/key.core/../key.ui/examples/heap/SmansEtAl/Cell_getX_dep.key.proof 
101377     DEBUG main            d.u.i.k.p.i.AbstractProblemLoader Environment load took 167ns 
101378     INFO  main            d.u.i.k.p.i.AbstractProblemLoader Creating init config 
104800     DEBUG main            d.u.i.k.p.i.AbstractProblemLoader Init config took 3.42s 
104844     INFO  main            d.u.i.k.p.i.AbstractProblemLoader Replaying proof Cell[Cell::getX()].JML accessible clause.0 
104864     DEBUG main            d.u.i.k.p.i.IntermediateProofReplayer Proof replay took 17.46ms 
104865     DEBUG main            d.u.i.k.p.r.p.TestFile    ... success: reloaded. 
104866     INFO  main            d.u.i.k.p.r.p.TestFile    Now processing file /home/runner/work/key/key/key.core/../key.ui/examples/heap/SmansEtAl/Cell_getX.key 
104866     INFO  main            d.u.i.k.p.i.AbstractProblemLoader Loading environment from /home/runner/work/key/key/key.core/../key.ui/examples/heap/SmansEtAl/Cell_getX.key 
104866     DEBUG main            d.u.i.k.p.i.AbstractProblemLoader Environment load took 122.8ns 
104867     INFO  main            d.u.i.k.p.i.AbstractProblemLoader Creating init config 
108353     DEBUG main            d.u.i.k.p.i.AbstractProblemLoader Init config took 3.49s 
108397     INFO  main            d.u.i.k.p.i.AbstractProblemLoader Replaying proof Cell[Cell::getX()].JML normal_behavior operation contract.0 
108399     DEBUG main            d.u.i.k.p.i.IntermediateProofReplayer Proof replay took 7.2ns 
108501     INFO  main            d.u.i.k.p.r.p.TestFile    ... finished proof: closed. 
108762     INFO  main            d.u.i.k.p.i.AbstractProblemLoader Loading environment from /home/runner/work/key/key/key.core/../key.ui/examples/heap/SmansEtAl/Cell_getX.key.proof 
108762     DEBUG main            d.u.i.k.p.i.AbstractProblemLoader Environment load took 145.4ns 
108763     INFO  main            d.u.i.k.p.i.AbstractProblemLoader Creating init config 
112179     DEBUG main            d.u.i.k.p.i.AbstractProblemLoader Init config took 3.42s 
112225     INFO  main            d.u.i.k.p.i.AbstractProblemLoader Replaying proof Cell[Cell::getX()].JML normal_behavior operation contract.0 
112250     DEBUG main            d.u.i.k.p.i.IntermediateProofReplayer Proof replay took 17.7ms 
112252     DEBUG main            d.u.i.k.p.r.p.TestFile    ... success: reloaded. 
112254     INFO  main            d.u.i.k.p.r.p.TestFile    Now processing file /home/runner/work/key/key/key.core/../key.ui/examples/heap/SmansEtAl/Cell_inv.key 
112254     INFO  main            d.u.i.k.p.i.AbstractProblemLoader Loading environment from /home/runner/work/key/key/key.core/../key.ui/examples/heap/SmansEtAl/Cell_inv.key 
112254     DEBUG main            d.u.i.k.p.i.AbstractProblemLoader Environment load took 248ns 
112255     INFO  main            d.u.i.k.p.i.AbstractProblemLoader Creating init config 
115701     DEBUG main            d.u.i.k.p.i.AbstractProblemLoader Init config took 3.45s 
115770     INFO  main            d.u.i.k.p.i.AbstractProblemLoader Replaying proof Cell[java.lang.Object::<inv>()].JML accessible clause.0 
115772     DEBUG main            d.u.i.k.p.i.IntermediateProofReplayer Proof replay took 6.9ns 
115876     INFO  main            d.u.i.k.p.r.p.TestFile    ... finished proof: closed. 
116157     INFO  main            d.u.i.k.p.i.AbstractProblemLoader Loading environment from /home/runner/work/key/key/key.core/../key.ui/examples/heap/SmansEtAl/Cell_inv.key.proof 
116157     DEBUG main            d.u.i.k.p.i.AbstractProblemLoader Environment load took 178.4ns 
116158     INFO  main            d.u.i.k.p.i.AbstractProblemLoader Creating init config 
119581     DEBUG main            d.u.i.k.p.i.AbstractProblemLoader Init config took 3.42s 
119632     INFO  main            d.u.i.k.p.i.AbstractProblemLoader Replaying proof Cell[java.lang.Object::<inv>()].JML accessible clause.0 
119637     DEBUG main            d.u.i.k.p.i.IntermediateProofReplayer Proof replay took 2.55ms 
119638     DEBUG main            d.u.i.k.p.r.p.TestFile    ... success: reloaded. 
119639     INFO  main            d.u.i.k.p.r.p.TestFile    Now processing file /home/runner/work/key/key/key.core/../key.ui/examples/heap/SmansEtAl/Cell_setX.key 
119640     INFO  main            d.u.i.k.p.i.AbstractProblemLoader Loading environment from /home/runner/work/key/key/key.core/../key.ui/examples/heap/SmansEtAl/Cell_setX.key 
119640     DEBUG main            d.u.i.k.p.i.AbstractProblemLoader Environment load took 249.1ns 
119641     INFO  main            d.u.i.k.p.i.AbstractProblemLoader Creating init config 
123082     DEBUG main            d.u.i.k.p.i.AbstractProblemLoader Init config took 3.44s 
123122     INFO  main            d.u.i.k.p.i.AbstractProblemLoader Replaying proof Cell[Cell::setX(int)].JML normal_behavior operation contract.0 
123124     DEBUG main            d.u.i.k.p.i.IntermediateProofReplayer Proof replay took 6.4ns 
123226     INFO  main            d.u.i.k.p.r.p.TestFile    ... finished proof: closed. 
123532     INFO  main            d.u.i.k.p.i.AbstractProblemLoader Loading environment from /home/runner/work/key/key/key.core/../key.ui/examples/heap/SmansEtAl/Cell_setX.key.proof 
123533     DEBUG main            d.u.i.k.p.i.AbstractProblemLoader Environment load took 132.3ns 
123534     INFO  main            d.u.i.k.p.i.AbstractProblemLoader Creating init config 
126958     DEBUG main            d.u.i.k.p.i.AbstractProblemLoader Init config took 3.42s 
126998     INFO  main            d.u.i.k.p.i.AbstractProblemLoader Replaying proof Cell[Cell::setX(int)].JML normal_behavior operation contract.0 
127028     DEBUG main            d.u.i.k.p.i.IntermediateProofReplayer Proof replay took 27.67ms 
127029     DEBUG main            d.u.i.k.p.r.p.TestFile    ... success: reloaded. 
127031     INFO  main            d.u.i.k.p.r.p.TestFile    Now processing file /home/runner/work/key/key/key.core/../key.ui/examples/heap/SmansEtAl/CellClient_m.key 
127031     INFO  main            d.u.i.k.p.i.AbstractProblemLoader Loading environment from /home/runner/work/key/key/key.core/../key.ui/examples/heap/SmansEtAl/CellClient_m.key 
127031     DEBUG main            d.u.i.k.p.i.AbstractProblemLoader Environment load took 103ns 
127032     INFO  main            d.u.i.k.p.i.AbstractProblemLoader Creating init config 
130414     DEBUG main            d.u.i.k.p.i.AbstractProblemLoader Init config took 3.38s 
130454     INFO  main            d.u.i.k.p.i.AbstractProblemLoader Replaying proof CellClient[CellClient::m()].JML operation contract.0 
130456     DEBUG main            d.u.i.k.p.i.IntermediateProofReplayer Proof replay took 7.2ns 
131161     INFO  main            d.u.i.k.p.r.p.TestFile    ... finished proof: closed. 
131513     INFO  main            d.u.i.k.p.i.AbstractProblemLoader Loading environment from /home/runner/work/key/key/key.core/../key.ui/examples/heap/SmansEtAl/CellClient_m.key.proof 
131519     DEBUG main            d.u.i.k.p.i.AbstractProblemLoader Environment load took 6.06ms 
131521     INFO  main            d.u.i.k.p.i.AbstractProblemLoader Creating init config 
134930     DEBUG main            d.u.i.k.p.i.AbstractProblemLoader Init config took 3.41s 
134974     INFO  main            d.u.i.k.p.i.AbstractProblemLoader Replaying proof CellClient[CellClient::m()].JML operation contract.0 
135122     DEBUG main            d.u.i.k.p.i.IntermediateProofReplayer Proof replay took 143.72ms 
135124     DEBUG main            d.u.i.k.p.r.p.TestFile    ... success: reloaded. 
135125     INFO  main            d.u.i.k.p.r.p.TestFile    Now processing file /home/runner/work/key/key/key.core/../key.ui/examples/heap/SmansEtAl/Iterator_footprint.key 
135126     INFO  main            d.u.i.k.p.i.AbstractProblemLoader Loading environment from /home/runner/work/key/key/key.core/../key.ui/examples/heap/SmansEtAl/Iterator_footprint.key 
135126     DEBUG main            d.u.i.k.p.i.AbstractProblemLoader Environment load took 148ns 
135127     INFO  main            d.u.i.k.p.i.AbstractProblemLoader Creating init config 
138589     DEBUG main            d.u.i.k.p.i.AbstractProblemLoader Init config took 3.46s 
138648     INFO  main            d.u.i.k.p.i.AbstractProblemLoader Replaying proof Iterator[Iterator::$footprint()].JML accessible clause.0 
138650     DEBUG main            d.u.i.k.p.i.IntermediateProofReplayer Proof replay took 7.4ns 
138752     INFO  main            d.u.i.k.p.r.p.TestFile    ... finished proof: closed. 
139077     INFO  main            d.u.i.k.p.i.AbstractProblemLoader Loading environment from /home/runner/work/key/key/key.core/../key.ui/examples/heap/SmansEtAl/Iterator_footprint.key.proof 
139077     DEBUG main            d.u.i.k.p.i.AbstractProblemLoader Environment load took 147.8ns 
139079     INFO  main            d.u.i.k.p.i.AbstractProblemLoader Creating init config 
142528     DEBUG main            d.u.i.k.p.i.AbstractProblemLoader Init config took 3.45s 
142581     INFO  main            d.u.i.k.p.i.AbstractProblemLoader Replaying proof Iterator[Iterator::$footprint()].JML accessible clause.0 
142592     DEBUG main            d.u.i.k.p.i.IntermediateProofReplayer Proof replay took 8.6ms 
142593     DEBUG main            d.u.i.k.p.r.p.TestFile    ... success: reloaded. 
142594     INFO  main            d.u.i.k.p.r.p.TestFile    Now processing file /home/runner/work/key/key/key.core/../key.ui/examples/heap/SmansEtAl/Iterator_hasNext_dep.key 
142594     INFO  main            d.u.i.k.p.i.AbstractProblemLoader Loading environment from /home/runner/work/key/key/key.core/../key.ui/examples/heap/SmansEtAl/Iterator_hasNext_dep.key 
142594     DEBUG main            d.u.i.k.p.i.AbstractProblemLoader Environment load took 125.8ns 
142596     INFO  main            d.u.i.k.p.i.AbstractProblemLoader Creating init config 
145991     DEBUG main            d.u.i.k.p.i.AbstractProblemLoader Init config took 3.4s 
146035     INFO  main            d.u.i.k.p.i.AbstractProblemLoader Replaying proof Iterator[Iterator::hasNext()].JML accessible clause.0 
146036     DEBUG main            d.u.i.k.p.i.IntermediateProofReplayer Proof replay took 14.5ns 
146841     INFO  main            d.u.i.k.p.r.p.TestFile    ... finished proof: closed. 
147178     INFO  main            d.u.i.k.p.i.AbstractProblemLoader Loading environment from /home/runner/work/key/key/key.core/../key.ui/examples/heap/SmansEtAl/Iterator_hasNext_dep.key.proof 
147179     DEBUG main            d.u.i.k.p.i.AbstractProblemLoader Environment load took 903.21ns 
147180     INFO  main            d.u.i.k.p.i.AbstractProblemLoader Creating init config 
150525     DEBUG main            d.u.i.k.p.i.AbstractProblemLoader Init config took 3.34s 
150572     INFO  main            d.u.i.k.p.i.AbstractProblemLoader Replaying proof Iterator[Iterator::hasNext()].JML accessible clause.0 
150706     DEBUG main            d.u.i.k.p.i.IntermediateProofReplayer Proof replay took 126.9ms 
150707     DEBUG main            d.u.i.k.p.r.p.TestFile    ... success: reloaded. 
150709     INFO  main            d.u.i.k.p.r.p.TestFile    Now processing file /home/runner/work/key/key/key.core/../key.ui/examples/heap/SmansEtAl/Iterator_hasNext.key 
150709     INFO  main            d.u.i.k.p.i.AbstractProblemLoader Loading environment from /home/runner/work/key/key/key.core/../key.ui/examples/heap/SmansEtAl/Iterator_hasNext.key 
150710     DEBUG main            d.u.i.k.p.i.AbstractProblemLoader Environment load took 255.6ns 
150711     INFO  main            d.u.i.k.p.i.AbstractProblemLoader Creating init config 
154174     DEBUG main            d.u.i.k.p.i.AbstractProblemLoader Init config took 3.46s 
154219     INFO  main            d.u.i.k.p.i.AbstractProblemLoader Replaying proof Iterator[Iterator::hasNext()].JML normal_behavior operation contract.0 
154220     DEBUG main            d.u.i.k.p.i.IntermediateProofReplayer Proof replay took 6.6ns 
154932     INFO  main            d.u.i.k.p.r.p.TestFile    ... finished proof: closed. 
155277     INFO  main            d.u.i.k.p.i.AbstractProblemLoader Loading environment from /home/runner/work/key/key/key.core/../key.ui/examples/heap/SmansEtAl/Iterator_hasNext.key.proof 
155278     DEBUG main            d.u.i.k.p.i.AbstractProblemLoader Environment load took 591.9ns 
155279     INFO  main            d.u.i.k.p.i.AbstractProblemLoader Creating init config 
158612     DEBUG main            d.u.i.k.p.i.AbstractProblemLoader Init config took 3.33s 
158665     INFO  main            d.u.i.k.p.i.AbstractProblemLoader Replaying proof Iterator[Iterator::hasNext()].JML normal_behavior operation contract.0 
158814     DEBUG main            d.u.i.k.p.i.IntermediateProofReplayer Proof replay took 143.76ms 
158816     DEBUG main            d.u.i.k.p.r.p.TestFile    ... success: reloaded. 
158818     INFO  main            d.u.i.k.p.r.p.TestFile    Now processing file /home/runner/work/key/key/key.core/../key.ui/examples/heap/SmansEtAl/Iterator_inv.key 
158818     INFO  main            d.u.i.k.p.i.AbstractProblemLoader Loading environment from /home/runner/work/key/key/key.core/../key.ui/examples/heap/SmansEtAl/Iterator_inv.key 
158818     DEBUG main            d.u.i.k.p.i.AbstractProblemLoader Environment load took 274.3ns 
158819     INFO  main            d.u.i.k.p.i.AbstractProblemLoader Creating init config 
162321     DEBUG main            d.u.i.k.p.i.AbstractProblemLoader Init config took 3.5s 
162368     INFO  main            d.u.i.k.p.i.AbstractProblemLoader Replaying proof Iterator[java.lang.Object::<inv>()].JML accessible clause.0 
162369     DEBUG main            d.u.i.k.p.i.IntermediateProofReplayer Proof replay took 12.5ns 
162674     INFO  main            d.u.i.k.p.r.p.TestFile    ... finished proof: closed. 
163015     INFO  main            d.u.i.k.p.i.AbstractProblemLoader Loading environment from /home/runner/work/key/key/key.core/../key.ui/examples/heap/SmansEtAl/Iterator_inv.key.proof 
163016     DEBUG main            d.u.i.k.p.i.AbstractProblemLoader Environment load took 130.1ns 
163017     INFO  main            d.u.i.k.p.i.AbstractProblemLoader Creating init config 
166486     DEBUG main            d.u.i.k.p.i.AbstractProblemLoader Init config took 3.47s 
166535     INFO  main            d.u.i.k.p.i.AbstractProblemLoader Replaying proof Iterator[java.lang.Object::<inv>()].JML accessible clause.0 
166570     DEBUG main            d.u.i.k.p.i.IntermediateProofReplayer Proof replay took 31.56ms 
166571     DEBUG main            d.u.i.k.p.r.p.TestFile    ... success: reloaded. 
166572     INFO  main            d.u.i.k.p.r.p.TestFile    Now processing file /home/runner/work/key/key/key.core/../key.ui/examples/heap/SmansEtAl/Iterator_Iterator.key 
166572     INFO  main            d.u.i.k.p.i.AbstractProblemLoader Loading environment from /home/runner/work/key/key/key.core/../key.ui/examples/heap/SmansEtAl/Iterator_Iterator.key 
166573     DEBUG main            d.u.i.k.p.i.AbstractProblemLoader Environment load took 206.9ns 
166574     INFO  main            d.u.i.k.p.i.AbstractProblemLoader Creating init config 
170035     DEBUG main            d.u.i.k.p.i.AbstractProblemLoader Init config took 3.46s 
170082     INFO  main            d.u.i.k.p.i.AbstractProblemLoader Replaying proof Iterator[Iterator::Iterator(ArrayList)].JML normal_behavior operation contract.0 
170084     DEBUG main            d.u.i.k.p.i.IntermediateProofReplayer Proof replay took 8.3ns 
172014     INFO  main            d.u.i.k.p.r.p.TestFile    ... finished proof: closed. 
172370     INFO  main            d.u.i.k.p.i.AbstractProblemLoader Loading environment from /home/runner/work/key/key/key.core/../key.ui/examples/heap/SmansEtAl/Iterator_Iterator.key.proof 
172370     DEBUG main            d.u.i.k.p.i.AbstractProblemLoader Environment load took 569.2ns 
172372     INFO  main            d.u.i.k.p.i.AbstractProblemLoader Creating init config 
175830     DEBUG main            d.u.i.k.p.i.AbstractProblemLoader Init config took 3.46s 
175875     INFO  main            d.u.i.k.p.i.AbstractProblemLoader Replaying proof Iterator[Iterator::Iterator(ArrayList)].JML normal_behavior operation contract.0 
176162     DEBUG main            d.u.i.k.p.i.IntermediateProofReplayer Proof replay took 273.63ms 
176164     DEBUG main            d.u.i.k.p.r.p.TestFile    ... success: reloaded. 
176165     INFO  main            d.u.i.k.p.r.p.TestFile    Now processing file /home/runner/work/key/key/key.core/../key.ui/examples/heap/SmansEtAl/Iterator_list_dep.key 
176165     INFO  main            d.u.i.k.p.i.AbstractProblemLoader Loading environment from /home/runner/work/key/key/key.core/../key.ui/examples/heap/SmansEtAl/Iterator_list_dep.key 
176165     DEBUG main            d.u.i.k.p.i.AbstractProblemLoader Environment load took 80ns 
176166     INFO  main            d.u.i.k.p.i.AbstractProblemLoader Creating init config 
179603     DEBUG main            d.u.i.k.p.i.AbstractProblemLoader Init config took 3.44s 
179649     INFO  main            d.u.i.k.p.i.AbstractProblemLoader Replaying proof Iterator[Iterator::list()].JML accessible clause.0 
179651     DEBUG main            d.u.i.k.p.i.IntermediateProofReplayer Proof replay took 8.2ns 
179757     INFO  main            d.u.i.k.p.r.p.TestFile    ... finished proof: closed. 
180099     INFO  main            d.u.i.k.p.i.AbstractProblemLoader Loading environment from /home/runner/work/key/key/key.core/../key.ui/examples/heap/SmansEtAl/Iterator_list_dep.key.proof 
180099     DEBUG main            d.u.i.k.p.i.AbstractProblemLoader Environment load took 120ns 
180101     INFO  main            d.u.i.k.p.i.AbstractProblemLoader Creating init config 
183463     DEBUG main            d.u.i.k.p.i.AbstractProblemLoader Init config took 3.36s 
183506     INFO  main            d.u.i.k.p.i.AbstractProblemLoader Replaying proof Iterator[Iterator::list()].JML accessible clause.0 
183532     DEBUG main            d.u.i.k.p.i.IntermediateProofReplayer Proof replay took 23.15ms 
183533     DEBUG main            d.u.i.k.p.r.p.TestFile    ... success: reloaded. 
183534     INFO  main            d.u.i.k.p.r.p.TestFile    Now processing file /home/runner/work/key/key/key.core/../key.ui/examples/heap/SmansEtAl/Iterator_list.key 
183534     INFO  main            d.u.i.k.p.i.AbstractProblemLoader Loading environment from /home/runner/work/key/key/key.core/../key.ui/examples/heap/SmansEtAl/Iterator_list.key 
183534     DEBUG main            d.u.i.k.p.i.AbstractProblemLoader Environment load took 120.2ns 
183536     INFO  main            d.u.i.k.p.i.AbstractProblemLoader Creating init config 
186972     DEBUG main            d.u.i.k.p.i.AbstractProblemLoader Init config took 3.44s 
187015     INFO  main            d.u.i.k.p.i.AbstractProblemLoader Replaying proof Iterator[Iterator::list()].JML normal_behavior operation contract.0 
187016     DEBUG main            d.u.i.k.p.i.IntermediateProofReplayer Proof replay took 7.2ns 
187118     INFO  main            d.u.i.k.p.r.p.TestFile    ... finished proof: closed. 
187486     INFO  main            d.u.i.k.p.i.AbstractProblemLoader Loading environment from /home/runner/work/key/key/key.core/../key.ui/examples/heap/SmansEtAl/Iterator_list.key.proof 
187487     DEBUG main            d.u.i.k.p.i.AbstractProblemLoader Environment load took 801.3ns 
187489     INFO  main            d.u.i.k.p.i.AbstractProblemLoader Creating init config 
190818     DEBUG main            d.u.i.k.p.i.AbstractProblemLoader Init config took 3.33s 
190864     INFO  main            d.u.i.k.p.i.AbstractProblemLoader Replaying proof Iterator[Iterator::list()].JML normal_behavior operation contract.0 
190907     DEBUG main            d.u.i.k.p.i.IntermediateProofReplayer Proof replay took 39.9ms 
190908     DEBUG main            d.u.i.k.p.r.p.TestFile    ... success: reloaded. 
190909     INFO  main            d.u.i.k.p.r.p.TestFile    Now processing file /home/runner/work/key/key/key.core/../key.ui/examples/heap/SmansEtAl/Iterator_next.key 
190909     INFO  main            d.u.i.k.p.i.AbstractProblemLoader Loading environment from /home/runner/work/key/key/key.core/../key.ui/examples/heap/SmansEtAl/Iterator_next.key 
190909     DEBUG main            d.u.i.k.p.i.AbstractProblemLoader Environment load took 117.4ns 
190911     INFO  main            d.u.i.k.p.i.AbstractProblemLoader Creating init config 
194379     DEBUG main            d.u.i.k.p.i.AbstractProblemLoader Init config took 3.47s 
194422     INFO  main            d.u.i.k.p.i.AbstractProblemLoader Replaying proof Iterator[Iterator::next()].JML normal_behavior operation contract.0 
194424     DEBUG main            d.u.i.k.p.i.IntermediateProofReplayer Proof replay took 7.6ns 
198285     INFO  main            d.u.i.k.p.r.p.TestFile    ... finished proof: closed. 
198683     INFO  main            d.u.i.k.p.i.AbstractProblemLoader Loading environment from /home/runner/work/key/key/key.core/../key.ui/examples/heap/SmansEtAl/Iterator_next.key.proof 
198683     DEBUG main            d.u.i.k.p.i.AbstractProblemLoader Environment load took 523.8ns 
198685     INFO  main            d.u.i.k.p.i.AbstractProblemLoader Creating init config 
202076     DEBUG main            d.u.i.k.p.i.AbstractProblemLoader Init config took 3.39s 
202120     INFO  main            d.u.i.k.p.i.AbstractProblemLoader Replaying proof Iterator[Iterator::next()].JML normal_behavior operation contract.0 
202552     DEBUG main            d.u.i.k.p.i.IntermediateProofReplayer Proof replay took 413.7ms 
202554     DEBUG main            d.u.i.k.p.r.p.TestFile    ... success: reloaded. 
202556     INFO  main            d.u.i.k.p.r.p.TestFile    Now processing file /home/runner/work/key/key/key.core/../key.ui/examples/heap/SmansEtAl/Stack_footprint.key 
202556     INFO  main            d.u.i.k.p.i.AbstractProblemLoader Loading environment from /home/runner/work/key/key/key.core/../key.ui/examples/heap/SmansEtAl/Stack_footprint.key 
202556     DEBUG main            d.u.i.k.p.i.AbstractProblemLoader Environment load took 241.7ns 
202557     INFO  main            d.u.i.k.p.i.AbstractProblemLoader Creating init config 
205998     DEBUG main            d.u.i.k.p.i.AbstractProblemLoader Init config took 3.44s 
206040     INFO  main            d.u.i.k.p.i.AbstractProblemLoader Replaying proof Stack[Stack::$footprint()].JML accessible clause.0 
206042     DEBUG main            d.u.i.k.p.i.IntermediateProofReplayer Proof replay took 7.4ns 
206345     INFO  main            d.u.i.k.p.r.p.TestFile    ... finished proof: closed. 
206728     INFO  main            d.u.i.k.p.i.AbstractProblemLoader Loading environment from /home/runner/work/key/key/key.core/../key.ui/examples/heap/SmansEtAl/Stack_footprint.key.proof 
206728     DEBUG main            d.u.i.k.p.i.AbstractProblemLoader Environment load took 131.7ns 
206730     INFO  main            d.u.i.k.p.i.AbstractProblemLoader Creating init config 
210058     DEBUG main            d.u.i.k.p.i.AbstractProblemLoader Init config took 3.33s 
210099     INFO  main            d.u.i.k.p.i.AbstractProblemLoader Replaying proof Stack[Stack::$footprint()].JML accessible clause.0 
210134     DEBUG main            d.u.i.k.p.i.IntermediateProofReplayer Proof replay took 32.26ms 
210136     DEBUG main            d.u.i.k.p.r.p.TestFile    ... success: reloaded. 
210137     INFO  main            d.u.i.k.p.r.p.TestFile    Now processing file /home/runner/work/key/key/key.core/../key.ui/examples/heap/SmansEtAl/Stack_inv.key 
210137     INFO  main            d.u.i.k.p.i.AbstractProblemLoader Loading environment from /home/runner/work/key/key/key.core/../key.ui/examples/heap/SmansEtAl/Stack_inv.key 
210138     DEBUG main            d.u.i.k.p.i.AbstractProblemLoader Environment load took 326.5ns 
210139     INFO  main            d.u.i.k.p.i.AbstractProblemLoader Creating init config 
213580     DEBUG main            d.u.i.k.p.i.AbstractProblemLoader Init config took 3.44s 
213622     INFO  main            d.u.i.k.p.i.AbstractProblemLoader Replaying proof Stack[java.lang.Object::<inv>()].JML accessible clause.0 
213623     DEBUG main            d.u.i.k.p.i.IntermediateProofReplayer Proof replay took 7.9ns 
213725     INFO  main            d.u.i.k.p.r.p.TestFile    ... finished proof: closed. 
214088     INFO  main            d.u.i.k.p.i.AbstractProblemLoader Loading environment from /home/runner/work/key/key/key.core/../key.ui/examples/heap/SmansEtAl/Stack_inv.key.proof 
214088     DEBUG main            d.u.i.k.p.i.AbstractProblemLoader Environment load took 121.1ns 
214089     INFO  main            d.u.i.k.p.i.AbstractProblemLoader Creating init config 
217383     DEBUG main            d.u.i.k.p.i.AbstractProblemLoader Init config took 3.29s 
217424     INFO  main            d.u.i.k.p.i.AbstractProblemLoader Replaying proof Stack[java.lang.Object::<inv>()].JML accessible clause.0 
217443     DEBUG main            d.u.i.k.p.i.IntermediateProofReplayer Proof replay took 13.75ms 
217448     DEBUG main            d.u.i.k.p.r.p.TestFile    ... success: reloaded. 
217450     INFO  main            d.u.i.k.p.r.p.TestFile    Now processing file /home/runner/work/key/key/key.core/../key.ui/examples/heap/SmansEtAl/Stack_push.key 
217451     INFO  main            d.u.i.k.p.i.AbstractProblemLoader Loading environment from /home/runner/work/key/key/key.core/../key.ui/examples/heap/SmansEtAl/Stack_push.key 
217455     DEBUG main            d.u.i.k.p.i.AbstractProblemLoader Environment load took 3.83ms 
217457     INFO  main            d.u.i.k.p.i.AbstractProblemLoader Creating init config 
220904     DEBUG main            d.u.i.k.p.i.AbstractProblemLoader Init config took 3.45s 
220950     INFO  main            d.u.i.k.p.i.AbstractProblemLoader Replaying proof Stack[Stack::push(java.lang.Object)].JML normal_behavior operation contract.0 
220954     DEBUG main            d.u.i.k.p.i.IntermediateProofReplayer Proof replay took 8.3ns 
221959     INFO  main            d.u.i.k.p.r.p.TestFile    ... finished proof: closed. 
222338     INFO  main            d.u.i.k.p.i.AbstractProblemLoader Loading environment from /home/runner/work/key/key/key.core/../key.ui/examples/heap/SmansEtAl/Stack_push.key.proof 
222338     DEBUG main            d.u.i.k.p.i.AbstractProblemLoader Environment load took 447.8ns 
222340     INFO  main            d.u.i.k.p.i.AbstractProblemLoader Creating init config 
225685     DEBUG main            d.u.i.k.p.i.AbstractProblemLoader Init config took 3.35s 
225727     INFO  main            d.u.i.k.p.i.AbstractProblemLoader Replaying proof Stack[Stack::push(java.lang.Object)].JML normal_behavior operation contract.0 
225899     DEBUG main            d.u.i.k.p.i.IntermediateProofReplayer Proof replay took 166.94ms 
225904     DEBUG main            d.u.i.k.p.r.p.TestFile    ... success: reloaded. 
225907     INFO  main            d.u.i.k.p.r.p.TestFile    Now processing file /home/runner/work/key/key/key.core/../key.ui/examples/heap/SmansEtAl/Stack_size.key 
225907     INFO  main            d.u.i.k.p.i.AbstractProblemLoader Loading environment from /home/runner/work/key/key/key.core/../key.ui/examples/heap/SmansEtAl/Stack_size.key 
225907     DEBUG main            d.u.i.k.p.i.AbstractProblemLoader Environment load took 129.4ns 
225908     INFO  main            d.u.i.k.p.i.AbstractProblemLoader Creating init config 
229272     DEBUG main            d.u.i.k.p.i.AbstractProblemLoader Init config took 3.36s 
229313     INFO  main            d.u.i.k.p.i.AbstractProblemLoader Replaying proof Stack[Stack::size()].JML accessible clause.0 
229315     DEBUG main            d.u.i.k.p.i.IntermediateProofReplayer Proof replay took 7.1ns 
229621     INFO  main            d.u.i.k.p.r.p.TestFile    ... finished proof: closed. 
229997     INFO  main            d.u.i.k.p.i.AbstractProblemLoader Loading environment from /home/runner/work/key/key/key.core/../key.ui/examples/heap/SmansEtAl/Stack_size.key.proof 
229997     DEBUG main            d.u.i.k.p.i.AbstractProblemLoader Environment load took 103.7ns 
230000     INFO  main            d.u.i.k.p.i.AbstractProblemLoader Creating init config 
233326     DEBUG main            d.u.i.k.p.i.AbstractProblemLoader Init config took 3.33s 
233368     INFO  main            d.u.i.k.p.i.AbstractProblemLoader Replaying proof Stack[Stack::size()].JML accessible clause.0 
233425     DEBUG main            d.u.i.k.p.i.IntermediateProofReplayer Proof replay took 54.12ms 
233426     DEBUG main            d.u.i.k.p.r.p.TestFile    ... success: reloaded. 
233428     INFO  main            d.u.i.k.p.r.p.TestFile    Now processing file /home/runner/work/key/key/key.core/../key.ui/examples/heap/SmansEtAl/Stack_Stack.key 
233428     INFO  main            d.u.i.k.p.i.AbstractProblemLoader Loading environment from /home/runner/work/key/key/key.core/../key.ui/examples/heap/SmansEtAl/Stack_Stack.key 
233428     DEBUG main            d.u.i.k.p.i.AbstractProblemLoader Environment load took 228.4ns 
233429     INFO  main            d.u.i.k.p.i.AbstractProblemLoader Creating init config 
236827     DEBUG main            d.u.i.k.p.i.AbstractProblemLoader Init config took 3.4s 
236870     INFO  main            d.u.i.k.p.i.AbstractProblemLoader Replaying proof Stack[Stack::Stack()].JML normal_behavior operation contract.0 
236873     DEBUG main            d.u.i.k.p.i.IntermediateProofReplayer Proof replay took 16.7ns 
238295     INFO  main            d.u.i.k.p.r.p.TestFile    ... finished proof: closed. 
238702     INFO  main            d.u.i.k.p.i.AbstractProblemLoader Loading environment from /home/runner/work/key/key/key.core/../key.ui/examples/heap/SmansEtAl/Stack_Stack.key.proof 
238703     DEBUG main            d.u.i.k.p.i.AbstractProblemLoader Environment load took 476ns 
238704     INFO  main            d.u.i.k.p.i.AbstractProblemLoader Creating init config 
242026     DEBUG main            d.u.i.k.p.i.AbstractProblemLoader Init config took 3.32s 
242079     INFO  main            d.u.i.k.p.i.AbstractProblemLoader Replaying proof Stack[Stack::Stack()].JML normal_behavior operation contract.0 
242336     DEBUG main            d.u.i.k.p.i.IntermediateProofReplayer Proof replay took 249.86ms 
242338     DEBUG main            d.u.i.k.p.r.p.TestFile    ... success: reloaded. 
242339     INFO  main            d.u.i.k.p.r.p.TestFile    Now processing file /home/runner/work/key/key/key.core/../key.ui/examples/heap/SmansEtAl/Stack_switchContents.key 
242339     INFO  main            d.u.i.k.p.i.AbstractProblemLoader Loading environment from /home/runner/work/key/key/key.core/../key.ui/examples/heap/SmansEtAl/Stack_switchContents.key 
242340     DEBUG main            d.u.i.k.p.i.AbstractProblemLoader Environment load took 233.8ns 
242341     INFO  main            d.u.i.k.p.i.AbstractProblemLoader Creating init config 
245774     DEBUG main            d.u.i.k.p.i.AbstractProblemLoader Init config took 3.43s 
245816     INFO  main            d.u.i.k.p.i.AbstractProblemLoader Replaying proof Stack[Stack::switchContents(Stack)].JML normal_behavior operation contract.0 
245818     DEBUG main            d.u.i.k.p.i.IntermediateProofReplayer Proof replay took 7.6ns 
251985     INFO  main            d.u.i.k.p.r.p.TestFile    ... finished proof: closed. 
252456     INFO  main            d.u.i.k.p.i.AbstractProblemLoader Loading environment from /home/runner/work/key/key/key.core/../key.ui/examples/heap/SmansEtAl/Stack_switchContents.key.proof 
252457     DEBUG main            d.u.i.k.p.i.AbstractProblemLoader Environment load took 195.4ns 
252459     INFO  main            d.u.i.k.p.i.AbstractProblemLoader Creating init config 
255789     DEBUG main            d.u.i.k.p.i.AbstractProblemLoader Init config took 3.33s 
255832     INFO  main            d.u.i.k.p.i.AbstractProblemLoader Replaying proof Stack[Stack::switchContents(Stack)].JML normal_behavior operation contract.0 
256494     DEBUG main            d.u.i.k.p.i.IntermediateProofReplayer Proof replay took 643.87ms 
256496     DEBUG main            d.u.i.k.p.r.p.TestFile    ... success: reloaded. 
2768751    INFO  Test worker     d.u.i.k.p.r.RunAllProofsTestUnit Returning from test SmansEtAl 
2768752    INFO  Test worker     d.u.i.k.p.r.RunAllProofsTestUnit Running test VACID0 
530        INFO  Timeout watchdog d.u.i.k.p.r.p.ForkedTestFileRunner Timeout watcher launched (2000 secs.) 
546        WARN  main            d.u.i.k.s.ProofSettings   The settings in /home/runner/.key/proof-settings.props are *not* read. 
602        INFO  main            d.u.i.k.p.r.p.TestFile    Now processing file /home/runner/work/key/key/key.core/../key.ui/examples/heap/vacid0_01_SparseArray/Harness_sparseArrayTestHarness1.key 
742        INFO  main            d.u.i.k.p.i.AbstractProblemLoader Loading environment from /home/runner/work/key/key/key.core/../key.ui/examples/heap/vacid0_01_SparseArray/Harness_sparseArrayTestHarness1.key 
763        DEBUG main            d.u.i.k.p.i.AbstractProblemLoader Environment load took 2.3ms 
1058       INFO  main            d.u.i.k.p.i.AbstractProblemLoader Creating init config 
2275       DEBUG main            d.u.i.k.j.TypeConverter   No LDT found for Meta 
2277       DEBUG main            d.u.i.k.j.TypeConverter   No LDT found for Meta 
2282       DEBUG main            d.u.i.k.j.TypeConverter   No LDT found for Meta 
2282       DEBUG main            d.u.i.k.j.TypeConverter   No LDT found for Meta 
3916       DEBUG main            d.u.i.k.j.TypeConverter   No LDT found for JavaBigintExpression 
10853      DEBUG main            d.u.i.k.p.i.AbstractProblemLoader Init config took 9.79s 
11061      INFO  main            d.u.i.k.p.i.AbstractProblemLoader Replaying proof Harness[Harness::sparseArrayTestHarness1()].JML normal_behavior operation contract.0 
11113      DEBUG main            d.u.i.k.p.i.IntermediateProofReplayer Proof replay took 38.8ns 
13262      INFO  main            d.u.i.k.p.r.p.TestFile    ... finished proof: closed. 
13442      INFO  main            d.u.i.k.p.i.AbstractProblemLoader Loading environment from /home/runner/work/key/key/key.core/../key.ui/examples/heap/vacid0_01_SparseArray/Harness_sparseArrayTestHarness1.key.proof 
13442      DEBUG main            d.u.i.k.p.i.AbstractProblemLoader Environment load took 703.61ns 
13452      INFO  main            d.u.i.k.p.i.AbstractProblemLoader Creating init config 
17403      DEBUG main            d.u.i.k.p.i.AbstractProblemLoader Init config took 3.95s 
17480      INFO  main            d.u.i.k.p.i.AbstractProblemLoader Replaying proof Harness[Harness::sparseArrayTestHarness1()].JML normal_behavior operation contract.0 
17747      DEBUG main            d.u.i.k.p.i.IntermediateProofReplayer Proof replay took 254.45ms 
17757      DEBUG main            d.u.i.k.p.r.p.TestFile    ... success: reloaded. 
17763      INFO  main            d.u.i.k.p.r.p.TestFile    Now processing file /home/runner/work/key/key/key.core/../key.ui/examples/heap/vacid0_01_SparseArray/Harness_sparseArrayTestHarness2.key 
17765      INFO  main            d.u.i.k.p.i.AbstractProblemLoader Loading environment from /home/runner/work/key/key/key.core/../key.ui/examples/heap/vacid0_01_SparseArray/Harness_sparseArrayTestHarness2.key 
17765      DEBUG main            d.u.i.k.p.i.AbstractProblemLoader Environment load took 256.6ns 
17768      INFO  main            d.u.i.k.p.i.AbstractProblemLoader Creating init config 
21567      DEBUG main            d.u.i.k.p.i.AbstractProblemLoader Init config took 3.8s 
21673      INFO  main            d.u.i.k.p.i.AbstractProblemLoader Replaying proof Harness[Harness::sparseArrayTestHarness2()].JML normal_behavior operation contract.0 
21679      DEBUG main            d.u.i.k.p.i.IntermediateProofReplayer Proof replay took 7ns 
34584      INFO  main            d.u.i.k.p.r.p.TestFile    ... finished proof: closed. 
34855      INFO  main            d.u.i.k.p.i.AbstractProblemLoader Loading environment from /home/runner/work/key/key/key.core/../key.ui/examples/heap/vacid0_01_SparseArray/Harness_sparseArrayTestHarness2.key.proof 
34856      DEBUG main            d.u.i.k.p.i.AbstractProblemLoader Environment load took 588.5ns 
34859      INFO  main            d.u.i.k.p.i.AbstractProblemLoader Creating init config 
38577      DEBUG main            d.u.i.k.p.i.AbstractProblemLoader Init config took 3.72s 
38638      INFO  main            d.u.i.k.p.i.AbstractProblemLoader Replaying proof Harness[Harness::sparseArrayTestHarness2()].JML normal_behavior operation contract.0 
40111      DEBUG main            d.u.i.k.p.i.IntermediateProofReplayer Proof replay took 1.43s 
40114      DEBUG main            d.u.i.k.p.r.p.TestFile    ... success: reloaded. 
40116      INFO  main            d.u.i.k.p.r.p.TestFile    Now processing file /home/runner/work/key/key/key.core/../key.ui/examples/heap/vacid0_01_SparseArray/MemoryAllocator_alloc_unsigned.key 
40117      INFO  main            d.u.i.k.p.i.AbstractProblemLoader Loading environment from /home/runner/work/key/key/key.core/../key.ui/examples/heap/vacid0_01_SparseArray/MemoryAllocator_alloc_unsigned.key 
40117      DEBUG main            d.u.i.k.p.i.AbstractProblemLoader Environment load took 268.2ns 
40118      INFO  main            d.u.i.k.p.i.AbstractProblemLoader Creating init config 
43816      DEBUG main            d.u.i.k.p.i.AbstractProblemLoader Init config took 3.7s 
43877      INFO  main            d.u.i.k.p.i.AbstractProblemLoader Replaying proof MemoryAllocator[MemoryAllocator::alloc_unsigned(int)].JML normal_behavior operation contract.0 
43880      DEBUG main            d.u.i.k.p.i.IntermediateProofReplayer Proof replay took 6.4ns 
45189      INFO  main            d.u.i.k.p.r.p.TestFile    ... finished proof: closed. 
45439      INFO  main            d.u.i.k.p.i.AbstractProblemLoader Loading environment from /home/runner/work/key/key/key.core/../key.ui/examples/heap/vacid0_01_SparseArray/MemoryAllocator_alloc_unsigned.key.proof 
45440      DEBUG main            d.u.i.k.p.i.AbstractProblemLoader Environment load took 791.71ns 
45445      INFO  main            d.u.i.k.p.i.AbstractProblemLoader Creating init config 
49005      DEBUG main            d.u.i.k.p.i.AbstractProblemLoader Init config took 3.56s 
49061      INFO  main            d.u.i.k.p.i.AbstractProblemLoader Replaying proof MemoryAllocator[MemoryAllocator::alloc_unsigned(int)].JML normal_behavior operation contract.0 
49350      DEBUG main            d.u.i.k.p.i.IntermediateProofReplayer Proof replay took 282.22ms 
49352      DEBUG main            d.u.i.k.p.r.p.TestFile    ... success: reloaded. 
49354      INFO  main            d.u.i.k.p.r.p.TestFile    Now processing file /home/runner/work/key/key/key.core/../key.ui/examples/heap/vacid0_01_SparseArray/MemoryAllocator_alloc.key 
49354      INFO  main            d.u.i.k.p.i.AbstractProblemLoader Loading environment from /home/runner/work/key/key/key.core/../key.ui/examples/heap/vacid0_01_SparseArray/MemoryAllocator_alloc.key 
49354      DEBUG main            d.u.i.k.p.i.AbstractProblemLoader Environment load took 265.9ns 
49356      INFO  main            d.u.i.k.p.i.AbstractProblemLoader Creating init config 
53008      DEBUG main            d.u.i.k.p.i.AbstractProblemLoader Init config took 3.65s 
53070      INFO  main            d.u.i.k.p.i.AbstractProblemLoader Replaying proof MemoryAllocator[MemoryAllocator::alloc(int)].JML normal_behavior operation contract.0 
53072      DEBUG main            d.u.i.k.p.i.IntermediateProofReplayer Proof replay took 6.8ns 
53880      INFO  main            d.u.i.k.p.r.p.TestFile    ... finished proof: closed. 
54112      INFO  main            d.u.i.k.p.i.AbstractProblemLoader Loading environment from /home/runner/work/key/key/key.core/../key.ui/examples/heap/vacid0_01_SparseArray/MemoryAllocator_alloc.key.proof 
54113      DEBUG main            d.u.i.k.p.i.AbstractProblemLoader Environment load took 982.61ns 
54115      INFO  main            d.u.i.k.p.i.AbstractProblemLoader Creating init config 
57742      DEBUG main            d.u.i.k.p.i.AbstractProblemLoader Init config took 3.63s 
57840      INFO  main            d.u.i.k.p.i.AbstractProblemLoader Replaying proof MemoryAllocator[MemoryAllocator::alloc(int)].JML normal_behavior operation contract.0 
58046      DEBUG main            d.u.i.k.p.i.IntermediateProofReplayer Proof replay took 197.34ms 
58048      DEBUG main            d.u.i.k.p.r.p.TestFile    ... success: reloaded. 
58049      INFO  main            d.u.i.k.p.r.p.TestFile    Now processing file /home/runner/work/key/key/key.core/../key.ui/examples/heap/vacid0_01_SparseArray/SparseArray_get_dep.key 
58050      INFO  main            d.u.i.k.p.i.AbstractProblemLoader Loading environment from /home/runner/work/key/key/key.core/../key.ui/examples/heap/vacid0_01_SparseArray/SparseArray_get_dep.key 
58050      DEBUG main            d.u.i.k.p.i.AbstractProblemLoader Environment load took 256.9ns 
58051      INFO  main            d.u.i.k.p.i.AbstractProblemLoader Creating init config 
61704      DEBUG main            d.u.i.k.p.i.AbstractProblemLoader Init config took 3.65s 
61784      INFO  main            d.u.i.k.p.i.AbstractProblemLoader Replaying proof SparseArray[SparseArray::get(int)].JML accessible clause.0 
61786      DEBUG main            d.u.i.k.p.i.IntermediateProofReplayer Proof replay took 7.3ns 
66030      INFO  main            d.u.i.k.p.r.p.TestFile    ... finished proof: closed. 
66294      INFO  main            d.u.i.k.p.i.AbstractProblemLoader Loading environment from /home/runner/work/key/key/key.core/../key.ui/examples/heap/vacid0_01_SparseArray/SparseArray_get_dep.key.proof 
66294      DEBUG main            d.u.i.k.p.i.AbstractProblemLoader Environment load took 163.1ns 
66296      INFO  main            d.u.i.k.p.i.AbstractProblemLoader Creating init config 
69879      DEBUG main            d.u.i.k.p.i.AbstractProblemLoader Init config took 3.58s 
69977      INFO  main            d.u.i.k.p.i.AbstractProblemLoader Replaying proof SparseArray[SparseArray::get(int)].JML accessible clause.0 
70435      DEBUG main            d.u.i.k.p.i.IntermediateProofReplayer Proof replay took 442.67ms 
70437      DEBUG main            d.u.i.k.p.r.p.TestFile    ... success: reloaded. 
70439      INFO  main            d.u.i.k.p.r.p.TestFile    Now processing file /home/runner/work/key/key/key.core/../key.ui/examples/heap/vacid0_01_SparseArray/SparseArray_get.key 
70439      INFO  main            d.u.i.k.p.i.AbstractProblemLoader Loading environment from /home/runner/work/key/key/key.core/../key.ui/examples/heap/vacid0_01_SparseArray/SparseArray_get.key 
70440      DEBUG main            d.u.i.k.p.i.AbstractProblemLoader Environment load took 273.8ns 
70441      INFO  main            d.u.i.k.p.i.AbstractProblemLoader Creating init config 
73975      DEBUG main            d.u.i.k.p.i.AbstractProblemLoader Init config took 3.53s 
74051      INFO  main            d.u.i.k.p.i.AbstractProblemLoader Replaying proof SparseArray[SparseArray::get(int)].JML normal_behavior operation contract.0 
74053      DEBUG main            d.u.i.k.p.i.IntermediateProofReplayer Proof replay took 7ns 
76969      INFO  main            d.u.i.k.p.r.p.TestFile    ... finished proof: closed. 
77278      INFO  main            d.u.i.k.p.i.AbstractProblemLoader Loading environment from /home/runner/work/key/key/key.core/../key.ui/examples/heap/vacid0_01_SparseArray/SparseArray_get.key.proof 
77279      DEBUG main            d.u.i.k.p.i.AbstractProblemLoader Environment load took 514.7ns 
77281      INFO  main            d.u.i.k.p.i.AbstractProblemLoader Creating init config 
80821      DEBUG main            d.u.i.k.p.i.AbstractProblemLoader Init config took 3.54s 
80893      INFO  main            d.u.i.k.p.i.AbstractProblemLoader Replaying proof SparseArray[SparseArray::get(int)].JML normal_behavior operation contract.0 
81299      DEBUG main            d.u.i.k.p.i.IntermediateProofReplayer Proof replay took 394.39ms 
81301      DEBUG main            d.u.i.k.p.r.p.TestFile    ... success: reloaded. 
81302      INFO  main            d.u.i.k.p.r.p.TestFile    Now processing file /home/runner/work/key/key/key.core/../key.ui/examples/heap/vacid0_01_SparseArray/SparseArray_inv.key 
81303      INFO  main            d.u.i.k.p.i.AbstractProblemLoader Loading environment from /home/runner/work/key/key/key.core/../key.ui/examples/heap/vacid0_01_SparseArray/SparseArray_inv.key 
81303      DEBUG main            d.u.i.k.p.i.AbstractProblemLoader Environment load took 134ns 
81304      INFO  main            d.u.i.k.p.i.AbstractProblemLoader Creating init config 
84803      DEBUG main            d.u.i.k.p.i.AbstractProblemLoader Init config took 3.5s 
84874      INFO  main            d.u.i.k.p.i.AbstractProblemLoader Replaying proof SparseArray[java.lang.Object::<inv>()].JML accessible clause.0 
84880      DEBUG main            d.u.i.k.p.i.IntermediateProofReplayer Proof replay took 9.4ns 
87431      INFO  main            d.u.i.k.p.r.p.TestFile    ... finished proof: closed. 
87679      INFO  main            d.u.i.k.p.i.AbstractProblemLoader Loading environment from /home/runner/work/key/key/key.core/../key.ui/examples/heap/vacid0_01_SparseArray/SparseArray_inv.key.proof 
87680      DEBUG main            d.u.i.k.p.i.AbstractProblemLoader Environment load took 148.6ns 
87681      INFO  main            d.u.i.k.p.i.AbstractProblemLoader Creating init config 
91185      DEBUG main            d.u.i.k.p.i.AbstractProblemLoader Init config took 3.5s 
91255      INFO  main            d.u.i.k.p.i.AbstractProblemLoader Replaying proof SparseArray[java.lang.Object::<inv>()].JML accessible clause.0 
91429      DEBUG main            d.u.i.k.p.i.IntermediateProofReplayer Proof replay took 168.25ms 
91430      DEBUG main            d.u.i.k.p.r.p.TestFile    ... success: reloaded. 
91431      INFO  main            d.u.i.k.p.r.p.TestFile    Now processing file /home/runner/work/key/key/key.core/../key.ui/examples/heap/vacid0_01_SparseArray/SparseArray_SparseArray.key 
91432      INFO  main            d.u.i.k.p.i.AbstractProblemLoader Loading environment from /home/runner/work/key/key/key.core/../key.ui/examples/heap/vacid0_01_SparseArray/SparseArray_SparseArray.key 
91432      DEBUG main            d.u.i.k.p.i.AbstractProblemLoader Environment load took 219.5ns 
91433      INFO  main            d.u.i.k.p.i.AbstractProblemLoader Creating init config 
94978      DEBUG main            d.u.i.k.p.i.AbstractProblemLoader Init config took 3.54s 
95045      INFO  main            d.u.i.k.p.i.AbstractProblemLoader Replaying proof SparseArray[SparseArray::SparseArray(int)].JML normal_behavior operation contract.0 
95047      DEBUG main            d.u.i.k.p.i.IntermediateProofReplayer Proof replay took 6.9ns 
99666      INFO  main            d.u.i.k.p.r.p.TestFile    ... finished proof: closed. 
99934      INFO  main            d.u.i.k.p.i.AbstractProblemLoader Loading environment from /home/runner/work/key/key/key.core/../key.ui/examples/heap/vacid0_01_SparseArray/SparseArray_SparseArray.key.proof 
99934      DEBUG main            d.u.i.k.p.i.AbstractProblemLoader Environment load took 525.5ns 
99936      INFO  main            d.u.i.k.p.i.AbstractProblemLoader Creating init config 
103385     DEBUG main            d.u.i.k.p.i.AbstractProblemLoader Init config took 3.45s 
103453     INFO  main            d.u.i.k.p.i.AbstractProblemLoader Replaying proof SparseArray[SparseArray::SparseArray(int)].JML normal_behavior operation contract.0 
104126     DEBUG main            d.u.i.k.p.i.IntermediateProofReplayer Proof replay took 661.42ms 
104129     DEBUG main            d.u.i.k.p.r.p.TestFile    ... success: reloaded. 
2873106    INFO  Test worker     d.u.i.k.p.r.RunAllProofsTestUnit Returning from test VACID0 
2873107    INFO  Test worker     d.u.i.k.p.r.RunAllProofsTestUnit Running test VSTTE10 
505        INFO  Timeout watchdog d.u.i.k.p.r.p.ForkedTestFileRunner Timeout watcher launched (2000 secs.) 
527        WARN  main            d.u.i.k.s.ProofSettings   The settings in /home/runner/.key/proof-settings.props are *not* read. 
571        INFO  main            d.u.i.k.p.r.p.TestFile    Now processing file /home/runner/work/key/key/key.core/../key.ui/examples/heap/vstte10_01_SumAndMax/SumAndMax_sumAndMax.key 
779        INFO  main            d.u.i.k.p.i.AbstractProblemLoader Loading environment from /home/runner/work/key/key/key.core/../key.ui/examples/heap/vstte10_01_SumAndMax/SumAndMax_sumAndMax.key 
801        DEBUG main            d.u.i.k.p.i.AbstractProblemLoader Environment load took 2.81ms 
1124       INFO  main            d.u.i.k.p.i.AbstractProblemLoader Creating init config 
2395       DEBUG main            d.u.i.k.j.TypeConverter   No LDT found for Meta 
2396       DEBUG main            d.u.i.k.j.TypeConverter   No LDT found for Meta 
2402       DEBUG main            d.u.i.k.j.TypeConverter   No LDT found for Meta 
2403       DEBUG main            d.u.i.k.j.TypeConverter   No LDT found for Meta 
4149       DEBUG main            d.u.i.k.j.TypeConverter   No LDT found for JavaBigintExpression 
10941      DEBUG main            d.u.i.k.p.i.AbstractProblemLoader Init config took 9.82s 
11095      INFO  main            d.u.i.k.p.i.AbstractProblemLoader Replaying proof SumAndMax[SumAndMax::sumAndMax([I)].JML normal_behavior operation contract.0 
11144      DEBUG main            d.u.i.k.p.i.IntermediateProofReplayer Proof replay took 47.8ns 
18060      INFO  main            d.u.i.k.p.r.p.TestFile    ... finished proof: closed. 
18316      INFO  main            d.u.i.k.p.i.AbstractProblemLoader Loading environment from /home/runner/work/key/key/key.core/../key.ui/examples/heap/vstte10_01_SumAndMax/SumAndMax_sumAndMax.key.proof 
18317      DEBUG main            d.u.i.k.p.i.AbstractProblemLoader Environment load took 577.6ns 
18321      INFO  main            d.u.i.k.p.i.AbstractProblemLoader Creating init config 
22408      DEBUG main            d.u.i.k.p.i.AbstractProblemLoader Init config took 4.09s 
22516      INFO  main            d.u.i.k.p.i.AbstractProblemLoader Replaying proof SumAndMax[SumAndMax::sumAndMax([I)].JML normal_behavior operation contract.0 
23496      DEBUG main            d.u.i.k.p.i.IntermediateProofReplayer Proof replay took 939.99ms 
23511      DEBUG main            d.u.i.k.p.r.p.TestFile    ... success: reloaded. 
23514      INFO  main            d.u.i.k.p.r.p.TestFile    Now processing file /home/runner/work/key/key/key.core/../key.ui/examples/heap/vstte10_03_LinkedList/Node_cons.key 
23514      INFO  main            d.u.i.k.p.i.AbstractProblemLoader Loading environment from /home/runner/work/key/key/key.core/../key.ui/examples/heap/vstte10_03_LinkedList/Node_cons.key 
23515      DEBUG main            d.u.i.k.p.i.AbstractProblemLoader Environment load took 316.5ns 
23518      INFO  main            d.u.i.k.p.i.AbstractProblemLoader Creating init config 
27612      DEBUG main            d.u.i.k.p.i.AbstractProblemLoader Init config took 4.09s 
27725      INFO  main            d.u.i.k.p.i.AbstractProblemLoader Replaying proof Node[Node::cons(int,Node)].JML normal_behavior operation contract.0 
27728      DEBUG main            d.u.i.k.p.i.IntermediateProofReplayer Proof replay took 7.2ns 
30044      INFO  main            d.u.i.k.p.r.p.TestFile    ... finished proof: closed. 
30265      INFO  main            d.u.i.k.p.i.AbstractProblemLoader Loading environment from /home/runner/work/key/key/key.core/../key.ui/examples/heap/vstte10_03_LinkedList/Node_cons.key.proof 
30265      DEBUG main            d.u.i.k.p.i.AbstractProblemLoader Environment load took 157.7ns 
30268      INFO  main            d.u.i.k.p.i.AbstractProblemLoader Creating init config 
33997      DEBUG main            d.u.i.k.p.i.AbstractProblemLoader Init config took 3.73s 
34097      INFO  main            d.u.i.k.p.i.AbstractProblemLoader Replaying proof Node[Node::cons(int,Node)].JML normal_behavior operation contract.0 
34564      DEBUG main            d.u.i.k.p.i.IntermediateProofReplayer Proof replay took 448.22ms 
34567      DEBUG main            d.u.i.k.p.r.p.TestFile    ... success: reloaded. 
34575      INFO  main            d.u.i.k.p.r.p.TestFile    Now processing file /home/runner/work/key/key/key.core/../key.ui/examples/heap/vstte10_03_LinkedList/Node_inv.key 
34575      INFO  main            d.u.i.k.p.i.AbstractProblemLoader Loading environment from /home/runner/work/key/key/key.core/../key.ui/examples/heap/vstte10_03_LinkedList/Node_inv.key 
34576      DEBUG main            d.u.i.k.p.i.AbstractProblemLoader Environment load took 274.5ns 
34578      INFO  main            d.u.i.k.p.i.AbstractProblemLoader Creating init config 
38359      DEBUG main            d.u.i.k.p.i.AbstractProblemLoader Init config took 3.78s 
38449      INFO  main            d.u.i.k.p.i.AbstractProblemLoader Replaying proof Node[java.lang.Object::<inv>()].JML accessible clause.0 
38453      DEBUG main            d.u.i.k.p.i.IntermediateProofReplayer Proof replay took 7.8ns 
38857      INFO  main            d.u.i.k.p.r.p.TestFile    ... finished proof: closed. 
39096      INFO  main            d.u.i.k.p.i.AbstractProblemLoader Loading environment from /home/runner/work/key/key/key.core/../key.ui/examples/heap/vstte10_03_LinkedList/Node_inv.key.proof 
39097      DEBUG main            d.u.i.k.p.i.AbstractProblemLoader Environment load took 216ns 
39101      INFO  main            d.u.i.k.p.i.AbstractProblemLoader Creating init config 
42733      DEBUG main            d.u.i.k.p.i.AbstractProblemLoader Init config took 3.63s 
42816      INFO  main            d.u.i.k.p.i.AbstractProblemLoader Replaying proof Node[java.lang.Object::<inv>()].JML accessible clause.0 
42888      DEBUG main            d.u.i.k.p.i.IntermediateProofReplayer Proof replay took 62.7ms 
42891      DEBUG main            d.u.i.k.p.r.p.TestFile    ... success: reloaded. 
42893      INFO  main            d.u.i.k.p.r.p.TestFile    Now processing file /home/runner/work/key/key/key.core/../key.ui/examples/heap/vstte10_03_LinkedList/Node_search.key 
42894      INFO  main            d.u.i.k.p.i.AbstractProblemLoader Loading environment from /home/runner/work/key/key/key.core/../key.ui/examples/heap/vstte10_03_LinkedList/Node_search.key 
42894      DEBUG main            d.u.i.k.p.i.AbstractProblemLoader Environment load took 215.9ns 
42896      INFO  main            d.u.i.k.p.i.AbstractProblemLoader Creating init config 
46543      DEBUG main            d.u.i.k.p.i.AbstractProblemLoader Init config took 3.65s 
46609      INFO  main            d.u.i.k.p.i.AbstractProblemLoader Replaying proof Node[Node::search()].JML normal_behavior operation contract.0 
46611      DEBUG main            d.u.i.k.p.i.IntermediateProofReplayer Proof replay took 20.3ns 
55564      INFO  main            d.u.i.k.p.r.p.TestFile    ... finished proof: closed. 
55966      INFO  main            d.u.i.k.p.i.AbstractProblemLoader Loading environment from /home/runner/work/key/key/key.core/../key.ui/examples/heap/vstte10_03_LinkedList/Node_search.key.proof 
55967      DEBUG main            d.u.i.k.p.i.AbstractProblemLoader Environment load took 562.8ns 
55971      INFO  main            d.u.i.k.p.i.AbstractProblemLoader Creating init config 
59551      DEBUG main            d.u.i.k.p.i.AbstractProblemLoader Init config took 3.58s 
59653      INFO  main            d.u.i.k.p.i.AbstractProblemLoader Replaying proof Node[Node::search()].JML normal_behavior operation contract.0 
60704      DEBUG main            d.u.i.k.p.i.IntermediateProofReplayer Proof replay took 993.51ms 
60707      DEBUG main            d.u.i.k.p.r.p.TestFile    ... success: reloaded. 
60709      INFO  main            d.u.i.k.p.r.p.TestFile    Now processing file /home/runner/work/key/key/key.core/../key.ui/examples/heap/vstte10_04_Queens/Queens_isConsistent.key 
60710      INFO  main            d.u.i.k.p.i.AbstractProblemLoader Loading environment from /home/runner/work/key/key/key.core/../key.ui/examples/heap/vstte10_04_Queens/Queens_isConsistent.key 
60710      DEBUG main            d.u.i.k.p.i.AbstractProblemLoader Environment load took 269ns 
60711      INFO  main            d.u.i.k.p.i.AbstractProblemLoader Creating init config 
64530      DEBUG main            d.u.i.k.p.i.AbstractProblemLoader Init config took 3.82s 
64587      INFO  main            d.u.i.k.p.i.AbstractProblemLoader Replaying proof Queens[Queens::isConsistent([I,int)].JML normal_behavior operation contract.0 
64590      DEBUG main            d.u.i.k.p.i.IntermediateProofReplayer Proof replay took 7ns 
67176      INFO  main            d.u.i.k.p.r.p.TestFile    ... finished proof: closed. 
67532      INFO  main            d.u.i.k.p.i.AbstractProblemLoader Loading environment from /home/runner/work/key/key/key.core/../key.ui/examples/heap/vstte10_04_Queens/Queens_isConsistent.key.proof 
67532      DEBUG main            d.u.i.k.p.i.AbstractProblemLoader Environment load took 580.6ns 
67534      INFO  main            d.u.i.k.p.i.AbstractProblemLoader Creating init config 
71034      DEBUG main            d.u.i.k.p.i.AbstractProblemLoader Init config took 3.5s 
71086      INFO  main            d.u.i.k.p.i.AbstractProblemLoader Replaying proof Queens[Queens::isConsistent([I,int)].JML normal_behavior operation contract.0 
71671      DEBUG main            d.u.i.k.p.i.IntermediateProofReplayer Proof replay took 574.32ms 
71672      DEBUG main            d.u.i.k.p.r.p.TestFile    ... success: reloaded. 
71676      INFO  main            d.u.i.k.p.r.p.TestFile    Now processing file /home/runner/work/key/key/key.core/../key.ui/examples/heap/vstte10_04_Queens/Queens_nQueens.key 
71677      INFO  main            d.u.i.k.p.i.AbstractProblemLoader Loading environment from /home/runner/work/key/key/key.core/../key.ui/examples/heap/vstte10_04_Queens/Queens_nQueens.key 
71677      DEBUG main            d.u.i.k.p.i.AbstractProblemLoader Environment load took 150.9ns 
71678      INFO  main            d.u.i.k.p.i.AbstractProblemLoader Creating init config 
75252      DEBUG main            d.u.i.k.p.i.AbstractProblemLoader Init config took 3.57s 
75319      INFO  main            d.u.i.k.p.i.AbstractProblemLoader Replaying proof Queens[Queens::nQueens(int)].JML normal_behavior operation contract.0 
75321      DEBUG main            d.u.i.k.p.i.IntermediateProofReplayer Proof replay took 8.4ns 
92167      INFO  main            d.u.i.k.p.r.p.TestFile    ... finished proof: closed. 
92486      INFO  main            d.u.i.k.p.i.AbstractProblemLoader Loading environment from /home/runner/work/key/key/key.core/../key.ui/examples/heap/vstte10_04_Queens/Queens_nQueens.key.proof 
92486      DEBUG main            d.u.i.k.p.i.AbstractProblemLoader Environment load took 562.6ns 
92489      INFO  main            d.u.i.k.p.i.AbstractProblemLoader Creating init config 
95956      DEBUG main            d.u.i.k.p.i.AbstractProblemLoader Init config took 3.47s 
96024      INFO  main            d.u.i.k.p.i.AbstractProblemLoader Replaying proof Queens[Queens::nQueens(int)].JML normal_behavior operation contract.0 
97435      DEBUG main            d.u.i.k.p.i.IntermediateProofReplayer Proof replay took 1.39s 
97437      DEBUG main            d.u.i.k.p.r.p.TestFile    ... success: reloaded. 
97438      INFO  main            d.u.i.k.p.r.p.TestFile    Now processing file /home/runner/work/key/key/key.core/../key.ui/examples/heap/vstte10_05_Queue/AmortizedQueue_AmortizedQueue.key 
97439      INFO  main            d.u.i.k.p.i.AbstractProblemLoader Loading environment from /home/runner/work/key/key/key.core/../key.ui/examples/heap/vstte10_05_Queue/AmortizedQueue_AmortizedQueue.key 
97439      DEBUG main            d.u.i.k.p.i.AbstractProblemLoader Environment load took 151.49ns 
97440      INFO  main            d.u.i.k.p.i.AbstractProblemLoader Creating init config 
101199     DEBUG main            d.u.i.k.p.i.AbstractProblemLoader Init config took 3.76s 
101261     INFO  main            d.u.i.k.p.i.AbstractProblemLoader Replaying proof AmortizedQueue[AmortizedQueue::AmortizedQueue()].JML normal_behavior operation contract.0 
101263     DEBUG main            d.u.i.k.p.i.IntermediateProofReplayer Proof replay took 6.7ns 
103116     INFO  main            d.u.i.k.p.r.p.TestFile    ... finished proof: closed. 
103419     INFO  main            d.u.i.k.p.i.AbstractProblemLoader Loading environment from /home/runner/work/key/key/key.core/../key.ui/examples/heap/vstte10_05_Queue/AmortizedQueue_AmortizedQueue.key.proof 
103419     DEBUG main            d.u.i.k.p.i.AbstractProblemLoader Environment load took 245.1ns 
103421     INFO  main            d.u.i.k.p.i.AbstractProblemLoader Creating init config 
106942     DEBUG main            d.u.i.k.p.i.AbstractProblemLoader Init config took 3.52s 
107017     INFO  main            d.u.i.k.p.i.AbstractProblemLoader Replaying proof AmortizedQueue[AmortizedQueue::AmortizedQueue()].JML normal_behavior operation contract.0 
107345     DEBUG main            d.u.i.k.p.i.IntermediateProofReplayer Proof replay took 319.64ms 
107347     DEBUG main            d.u.i.k.p.r.p.TestFile    ... success: reloaded. 
107348     INFO  main            d.u.i.k.p.r.p.TestFile    Now processing file /home/runner/work/key/key/key.core/../key.ui/examples/heap/vstte10_05_Queue/AmortizedQueue_front.key 
107349     INFO  main            d.u.i.k.p.i.AbstractProblemLoader Loading environment from /home/runner/work/key/key/key.core/../key.ui/examples/heap/vstte10_05_Queue/AmortizedQueue_front.key 
107349     DEBUG main            d.u.i.k.p.i.AbstractProblemLoader Environment load took 262ns 
107350     INFO  main            d.u.i.k.p.i.AbstractProblemLoader Creating init config 
110871     DEBUG main            d.u.i.k.p.i.AbstractProblemLoader Init config took 3.52s 
110932     INFO  main            d.u.i.k.p.i.AbstractProblemLoader Replaying proof AmortizedQueue[AmortizedQueue::front()].JML normal_behavior operation contract.0 
110934     DEBUG main            d.u.i.k.p.i.IntermediateProofReplayer Proof replay took 6.5ns 
111540     INFO  main            d.u.i.k.p.r.p.TestFile    ... finished proof: closed. 
111821     INFO  main            d.u.i.k.p.i.AbstractProblemLoader Loading environment from /home/runner/work/key/key/key.core/../key.ui/examples/heap/vstte10_05_Queue/AmortizedQueue_front.key.proof 
111821     DEBUG main            d.u.i.k.p.i.AbstractProblemLoader Environment load took 543.6ns 
111823     INFO  main            d.u.i.k.p.i.AbstractProblemLoader Creating init config 
115300     DEBUG main            d.u.i.k.p.i.AbstractProblemLoader Init config took 3.48s 
115368     INFO  main            d.u.i.k.p.i.AbstractProblemLoader Replaying proof AmortizedQueue[AmortizedQueue::front()].JML normal_behavior operation contract.0 
115454     DEBUG main            d.u.i.k.p.i.IntermediateProofReplayer Proof replay took 79.02ms 
115456     DEBUG main            d.u.i.k.p.r.p.TestFile    ... success: reloaded. 
115458     INFO  main            d.u.i.k.p.r.p.TestFile    Now processing file /home/runner/work/key/key/key.core/../key.ui/examples/heap/vstte10_05_Queue/LinkedList_concat.key 
115461     INFO  main            d.u.i.k.p.i.AbstractProblemLoader Loading environment from /home/runner/work/key/key/key.core/../key.ui/examples/heap/vstte10_05_Queue/LinkedList_concat.key 
115466     DEBUG main            d.u.i.k.p.i.AbstractProblemLoader Environment load took 278.4ns 
115467     INFO  main            d.u.i.k.p.i.AbstractProblemLoader Creating init config 
119042     DEBUG main            d.u.i.k.p.i.AbstractProblemLoader Init config took 3.57s 
119101     INFO  main            d.u.i.k.p.i.AbstractProblemLoader Replaying proof LinkedList[LinkedList::concat(LinkedList)].JML normal_behavior operation contract.0 
119104     DEBUG main            d.u.i.k.p.i.IntermediateProofReplayer Proof replay took 7ns 
131007     INFO  main            d.u.i.k.p.r.p.TestFile    ... finished proof: closed. 
131354     INFO  main            d.u.i.k.p.i.AbstractProblemLoader Loading environment from /home/runner/work/key/key/key.core/../key.ui/examples/heap/vstte10_05_Queue/LinkedList_concat.key.proof 
131354     DEBUG main            d.u.i.k.p.i.AbstractProblemLoader Environment load took 509.8ns 
131358     INFO  main            d.u.i.k.p.i.AbstractProblemLoader Creating init config 
134797     DEBUG main            d.u.i.k.p.i.AbstractProblemLoader Init config took 3.44s 
134856     INFO  main            d.u.i.k.p.i.AbstractProblemLoader Replaying proof LinkedList[LinkedList::concat(LinkedList)].JML normal_behavior operation contract.0 
136013     DEBUG main            d.u.i.k.p.i.IntermediateProofReplayer Proof replay took 1.12s 
136018     DEBUG main            d.u.i.k.p.r.p.TestFile    ... success: reloaded. 
136019     INFO  main            d.u.i.k.p.r.p.TestFile    Now processing file /home/runner/work/key/key/key.core/../key.ui/examples/heap/vstte10_05_Queue/LinkedList_cons.key 
136020     INFO  main            d.u.i.k.p.i.AbstractProblemLoader Loading environment from /home/runner/work/key/key/key.core/../key.ui/examples/heap/vstte10_05_Queue/LinkedList_cons.key 
136020     DEBUG main            d.u.i.k.p.i.AbstractProblemLoader Environment load took 426ns 
136022     INFO  main            d.u.i.k.p.i.AbstractProblemLoader Creating init config 
139509     DEBUG main            d.u.i.k.p.i.AbstractProblemLoader Init config took 3.49s 
139570     INFO  main            d.u.i.k.p.i.AbstractProblemLoader Replaying proof LinkedList[LinkedList::cons(int)].JML normal_behavior operation contract.0 
139572     DEBUG main            d.u.i.k.p.i.IntermediateProofReplayer Proof replay took 6.5ns 
142704     INFO  main            d.u.i.k.p.r.p.TestFile    ... finished proof: closed. 
143092     INFO  main            d.u.i.k.p.i.AbstractProblemLoader Loading environment from /home/runner/work/key/key/key.core/../key.ui/examples/heap/vstte10_05_Queue/LinkedList_cons.key.proof 
143092     DEBUG main            d.u.i.k.p.i.AbstractProblemLoader Environment load took 156.7ns 
143094     INFO  main            d.u.i.k.p.i.AbstractProblemLoader Creating init config 
146522     DEBUG main            d.u.i.k.p.i.AbstractProblemLoader Init config took 3.43s 
146579     INFO  main            d.u.i.k.p.i.AbstractProblemLoader Replaying proof LinkedList[LinkedList::cons(int)].JML normal_behavior operation contract.0 
146951     DEBUG main            d.u.i.k.p.i.IntermediateProofReplayer Proof replay took 362.13ms 
146952     DEBUG main            d.u.i.k.p.r.p.TestFile    ... success: reloaded. 
146954     INFO  main            d.u.i.k.p.r.p.TestFile    Now processing file /home/runner/work/key/key/key.core/../key.ui/examples/heap/vstte10_05_Queue/LinkedList_head.key 
146954     INFO  main            d.u.i.k.p.i.AbstractProblemLoader Loading environment from /home/runner/work/key/key/key.core/../key.ui/examples/heap/vstte10_05_Queue/LinkedList_head.key 
146954     DEBUG main            d.u.i.k.p.i.AbstractProblemLoader Environment load took 114.8ns 
146955     INFO  main            d.u.i.k.p.i.AbstractProblemLoader Creating init config 
150461     DEBUG main            d.u.i.k.p.i.AbstractProblemLoader Init config took 3.51s 
150516     INFO  main            d.u.i.k.p.i.AbstractProblemLoader Replaying proof LinkedList[LinkedList::head()].JML normal_behavior operation contract.0 
150519     DEBUG main            d.u.i.k.p.i.IntermediateProofReplayer Proof replay took 6ns 
150724     INFO  main            d.u.i.k.p.r.p.TestFile    ... finished proof: closed. 
150996     INFO  main            d.u.i.k.p.i.AbstractProblemLoader Loading environment from /home/runner/work/key/key/key.core/../key.ui/examples/heap/vstte10_05_Queue/LinkedList_head.key.proof 
150996     DEBUG main            d.u.i.k.p.i.AbstractProblemLoader Environment load took 201.2ns 
150997     INFO  main            d.u.i.k.p.i.AbstractProblemLoader Creating init config 
154389     DEBUG main            d.u.i.k.p.i.AbstractProblemLoader Init config took 3.39s 
154442     INFO  main            d.u.i.k.p.i.AbstractProblemLoader Replaying proof LinkedList[LinkedList::head()].JML normal_behavior operation contract.0 
154462     DEBUG main            d.u.i.k.p.i.IntermediateProofReplayer Proof replay took 17.25ms 
154463     DEBUG main            d.u.i.k.p.r.p.TestFile    ... success: reloaded. 
154464     INFO  main            d.u.i.k.p.r.p.TestFile    Now processing file /home/runner/work/key/key/key.core/../key.ui/examples/heap/vstte10_05_Queue/LinkedList_inv.key 
154465     INFO  main            d.u.i.k.p.i.AbstractProblemLoader Loading environment from /home/runner/work/key/key/key.core/../key.ui/examples/heap/vstte10_05_Queue/LinkedList_inv.key 
154465     DEBUG main            d.u.i.k.p.i.AbstractProblemLoader Environment load took 252ns 
154466     INFO  main            d.u.i.k.p.i.AbstractProblemLoader Creating init config 
157960     DEBUG main            d.u.i.k.p.i.AbstractProblemLoader Init config took 3.49s 
158013     INFO  main            d.u.i.k.p.i.AbstractProblemLoader Replaying proof LinkedList[java.lang.Object::<inv>()].JML accessible clause.0 
158015     DEBUG main            d.u.i.k.p.i.IntermediateProofReplayer Proof replay took 6.1ns 
158418     INFO  main            d.u.i.k.p.r.p.TestFile    ... finished proof: closed. 
158696     INFO  main            d.u.i.k.p.i.AbstractProblemLoader Loading environment from /home/runner/work/key/key/key.core/../key.ui/examples/heap/vstte10_05_Queue/LinkedList_inv.key.proof 
158697     DEBUG main            d.u.i.k.p.i.AbstractProblemLoader Environment load took 140.2ns 
158699     INFO  main            d.u.i.k.p.i.AbstractProblemLoader Creating init config 
162081     DEBUG main            d.u.i.k.p.i.AbstractProblemLoader Init config took 3.38s 
162159     INFO  main            d.u.i.k.p.i.AbstractProblemLoader Replaying proof LinkedList[java.lang.Object::<inv>()].JML accessible clause.0 
162198     DEBUG main            d.u.i.k.p.i.IntermediateProofReplayer Proof replay took 35.73ms 
162200     DEBUG main            d.u.i.k.p.r.p.TestFile    ... success: reloaded. 
162201     INFO  main            d.u.i.k.p.r.p.TestFile    Now processing file /home/runner/work/key/key/key.core/../key.ui/examples/heap/vstte10_05_Queue/LinkedList_length.key 
162202     INFO  main            d.u.i.k.p.i.AbstractProblemLoader Loading environment from /home/runner/work/key/key/key.core/../key.ui/examples/heap/vstte10_05_Queue/LinkedList_length.key 
162202     DEBUG main            d.u.i.k.p.i.AbstractProblemLoader Environment load took 245ns 
162203     INFO  main            d.u.i.k.p.i.AbstractProblemLoader Creating init config 
165641     DEBUG main            d.u.i.k.p.i.AbstractProblemLoader Init config took 3.44s 
165697     INFO  main            d.u.i.k.p.i.AbstractProblemLoader Replaying proof LinkedList[LinkedList::length()].JML normal_behavior operation contract.0 
165699     DEBUG main            d.u.i.k.p.i.IntermediateProofReplayer Proof replay took 6.3ns 
165906     INFO  main            d.u.i.k.p.r.p.TestFile    ... finished proof: closed. 
166254     INFO  main            d.u.i.k.p.i.AbstractProblemLoader Loading environment from /home/runner/work/key/key/key.core/../key.ui/examples/heap/vstte10_05_Queue/LinkedList_length.key.proof 
166255     DEBUG main            d.u.i.k.p.i.AbstractProblemLoader Environment load took 599.6ns 
166256     INFO  main            d.u.i.k.p.i.AbstractProblemLoader Creating init config 
169625     DEBUG main            d.u.i.k.p.i.AbstractProblemLoader Init config took 3.37s 
169696     INFO  main            d.u.i.k.p.i.AbstractProblemLoader Replaying proof LinkedList[LinkedList::length()].JML normal_behavior operation contract.0 
169718     DEBUG main            d.u.i.k.p.i.IntermediateProofReplayer Proof replay took 19.5ms 
169719     DEBUG main            d.u.i.k.p.r.p.TestFile    ... success: reloaded. 
169720     INFO  main            d.u.i.k.p.r.p.TestFile    Now processing file /home/runner/work/key/key/key.core/../key.ui/examples/heap/vstte10_05_Queue/LinkedList_LinkedList1.key 
169720     INFO  main            d.u.i.k.p.i.AbstractProblemLoader Loading environment from /home/runner/work/key/key/key.core/../key.ui/examples/heap/vstte10_05_Queue/LinkedList_LinkedList1.key 
169721     DEBUG main            d.u.i.k.p.i.AbstractProblemLoader Environment load took 79.4ns 
169722     INFO  main            d.u.i.k.p.i.AbstractProblemLoader Creating init config 
173187     DEBUG main            d.u.i.k.p.i.AbstractProblemLoader Init config took 3.47s 
173243     INFO  main            d.u.i.k.p.i.AbstractProblemLoader Replaying proof LinkedList[LinkedList::LinkedList(int,LinkedList)].JML normal_behavior operation contract.0 
173245     DEBUG main            d.u.i.k.p.i.IntermediateProofReplayer Proof replay took 7ns 
175687     INFO  main            d.u.i.k.p.r.p.TestFile    ... finished proof: closed. 
176056     INFO  main            d.u.i.k.p.i.AbstractProblemLoader Loading environment from /home/runner/work/key/key/key.core/../key.ui/examples/heap/vstte10_05_Queue/LinkedList_LinkedList1.key.proof 
176057     DEBUG main            d.u.i.k.p.i.AbstractProblemLoader Environment load took 490.7ns 
176058     INFO  main            d.u.i.k.p.i.AbstractProblemLoader Creating init config 
179473     DEBUG main            d.u.i.k.p.i.AbstractProblemLoader Init config took 3.41s 
179527     INFO  main            d.u.i.k.p.i.AbstractProblemLoader Replaying proof LinkedList[LinkedList::LinkedList(int,LinkedList)].JML normal_behavior operation contract.0 
179888     DEBUG main            d.u.i.k.p.i.IntermediateProofReplayer Proof replay took 353.25ms 
179890     DEBUG main            d.u.i.k.p.r.p.TestFile    ... success: reloaded. 
179891     INFO  main            d.u.i.k.p.r.p.TestFile    Now processing file /home/runner/work/key/key/key.core/../key.ui/examples/heap/vstte10_05_Queue/LinkedList_LinkedList2.key 
179891     INFO  main            d.u.i.k.p.i.AbstractProblemLoader Loading environment from /home/runner/work/key/key/key.core/../key.ui/examples/heap/vstte10_05_Queue/LinkedList_LinkedList2.key 
179892     DEBUG main            d.u.i.k.p.i.AbstractProblemLoader Environment load took 77.7ns 
179893     INFO  main            d.u.i.k.p.i.AbstractProblemLoader Creating init config 
183438     DEBUG main            d.u.i.k.p.i.AbstractProblemLoader Init config took 3.55s 
183495     INFO  main            d.u.i.k.p.i.AbstractProblemLoader Replaying proof LinkedList[LinkedList::LinkedList(int,LinkedList)].JML normal_behavior operation contract.0 
183498     DEBUG main            d.u.i.k.p.i.IntermediateProofReplayer Proof replay took 7ns 
186008     INFO  main            d.u.i.k.p.r.p.TestFile    ... finished proof: closed. 
186354     INFO  main            d.u.i.k.p.i.AbstractProblemLoader Loading environment from /home/runner/work/key/key/key.core/../key.ui/examples/heap/vstte10_05_Queue/LinkedList_LinkedList2.key.proof 
186354     DEBUG main            d.u.i.k.p.i.AbstractProblemLoader Environment load took 148.2ns 
186356     INFO  main            d.u.i.k.p.i.AbstractProblemLoader Creating init config 
189797     DEBUG main            d.u.i.k.p.i.AbstractProblemLoader Init config took 3.44s 
189851     INFO  main            d.u.i.k.p.i.AbstractProblemLoader Replaying proof LinkedList[LinkedList::LinkedList(int,LinkedList)].JML normal_behavior operation contract.0 
190221     DEBUG main            d.u.i.k.p.i.IntermediateProofReplayer Proof replay took 360.43ms 
190222     DEBUG main            d.u.i.k.p.r.p.TestFile    ... success: reloaded. 
190224     INFO  main            d.u.i.k.p.r.p.TestFile    Now processing file /home/runner/work/key/key/key.core/../key.ui/examples/heap/vstte10_05_Queue/LinkedList_LinkedList3.key 
190225     INFO  main            d.u.i.k.p.i.AbstractProblemLoader Loading environment from /home/runner/work/key/key/key.core/../key.ui/examples/heap/vstte10_05_Queue/LinkedList_LinkedList3.key 
190225     DEBUG main            d.u.i.k.p.i.AbstractProblemLoader Environment load took 175.1ns 
190227     INFO  main            d.u.i.k.p.i.AbstractProblemLoader Creating init config 
193699     DEBUG main            d.u.i.k.p.i.AbstractProblemLoader Init config took 3.47s 
193755     INFO  main            d.u.i.k.p.i.AbstractProblemLoader Replaying proof LinkedList[LinkedList::LinkedList(int,LinkedList)].JML normal_behavior operation contract.0 
193757     DEBUG main            d.u.i.k.p.i.IntermediateProofReplayer Proof replay took 7ns 
212491     INFO  main            d.u.i.k.p.r.p.TestFile    ... finished proof: closed. 
212934     INFO  main            d.u.i.k.p.i.AbstractProblemLoader Loading environment from /home/runner/work/key/key/key.core/../key.ui/examples/heap/vstte10_05_Queue/LinkedList_LinkedList3.key.proof 
212935     DEBUG main            d.u.i.k.p.i.AbstractProblemLoader Environment load took 564.7ns 
212941     INFO  main            d.u.i.k.p.i.AbstractProblemLoader Creating init config 
216307     DEBUG main            d.u.i.k.p.i.AbstractProblemLoader Init config took 3.37s 
216361     INFO  main            d.u.i.k.p.i.AbstractProblemLoader Replaying proof LinkedList[LinkedList::LinkedList(int,LinkedList)].JML normal_behavior operation contract.0 
218179     DEBUG main            d.u.i.k.p.i.IntermediateProofReplayer Proof replay took 1.71s 
218186     DEBUG main            d.u.i.k.p.r.p.TestFile    ... success: reloaded. 
218187     INFO  main            d.u.i.k.p.r.p.TestFile    Now processing file /home/runner/work/key/key/key.core/../key.ui/examples/heap/vstte10_05_Queue/LinkedList_reverse.key 
218188     INFO  main            d.u.i.k.p.i.AbstractProblemLoader Loading environment from /home/runner/work/key/key/key.core/../key.ui/examples/heap/vstte10_05_Queue/LinkedList_reverse.key 
218188     DEBUG main            d.u.i.k.p.i.AbstractProblemLoader Environment load took 133.2ns 
218189     INFO  main            d.u.i.k.p.i.AbstractProblemLoader Creating init config 
221633     DEBUG main            d.u.i.k.p.i.AbstractProblemLoader Init config took 3.44s 
221690     INFO  main            d.u.i.k.p.i.AbstractProblemLoader Replaying proof LinkedList[LinkedList::reverse()].JML normal_behavior operation contract.0 
221692     DEBUG main            d.u.i.k.p.i.IntermediateProofReplayer Proof replay took 6.8ns 
234257     INFO  main            d.u.i.k.p.r.p.TestFile    ... finished proof: closed. 
234670     INFO  main            d.u.i.k.p.i.AbstractProblemLoader Loading environment from /home/runner/work/key/key/key.core/../key.ui/examples/heap/vstte10_05_Queue/LinkedList_reverse.key.proof 
234671     DEBUG main            d.u.i.k.p.i.AbstractProblemLoader Environment load took 465.5ns 
234674     INFO  main            d.u.i.k.p.i.AbstractProblemLoader Creating init config 
238041     DEBUG main            d.u.i.k.p.i.AbstractProblemLoader Init config took 3.37s 
238096     INFO  main            d.u.i.k.p.i.AbstractProblemLoader Replaying proof LinkedList[LinkedList::reverse()].JML normal_behavior operation contract.0 
239152     DEBUG main            d.u.i.k.p.i.IntermediateProofReplayer Proof replay took 1.02s 
239157     DEBUG main            d.u.i.k.p.r.p.TestFile    ... success: reloaded. 
239159     INFO  main            d.u.i.k.p.r.p.TestFile    Now processing file /home/runner/work/key/key/key.core/../key.ui/examples/heap/vstte10_05_Queue/LinkedList_tail.key 
239159     INFO  main            d.u.i.k.p.i.AbstractProblemLoader Loading environment from /home/runner/work/key/key/key.core/../key.ui/examples/heap/vstte10_05_Queue/LinkedList_tail.key 
239159     DEBUG main            d.u.i.k.p.i.AbstractProblemLoader Environment load took 170.3ns 
239160     INFO  main            d.u.i.k.p.i.AbstractProblemLoader Creating init config 
242631     DEBUG main            d.u.i.k.p.i.AbstractProblemLoader Init config took 3.47s 
242684     INFO  main            d.u.i.k.p.i.AbstractProblemLoader Replaying proof LinkedList[LinkedList::tail()].JML normal_behavior operation contract.0 
242686     DEBUG main            d.u.i.k.p.i.IntermediateProofReplayer Proof replay took 58.5ns 
243395     INFO  main            d.u.i.k.p.r.p.TestFile    ... finished proof: closed. 
243741     INFO  main            d.u.i.k.p.i.AbstractProblemLoader Loading environment from /home/runner/work/key/key/key.core/../key.ui/examples/heap/vstte10_05_Queue/LinkedList_tail.key.proof 
243741     DEBUG main            d.u.i.k.p.i.AbstractProblemLoader Environment load took 128.4ns 
243745     INFO  main            d.u.i.k.p.i.AbstractProblemLoader Creating init config 
247090     DEBUG main            d.u.i.k.p.i.AbstractProblemLoader Init config took 3.35s 
247146     INFO  main            d.u.i.k.p.i.AbstractProblemLoader Replaying proof LinkedList[LinkedList::tail()].JML normal_behavior operation contract.0 
247277     DEBUG main            d.u.i.k.p.i.IntermediateProofReplayer Proof replay took 126.66ms 
247278     DEBUG main            d.u.i.k.p.r.p.TestFile    ... success: reloaded. 
3120617    INFO  Test worker     d.u.i.k.p.r.RunAllProofsTestUnit Returning from test VSTTE10 
3120618    INFO  Test worker     d.u.i.k.p.r.RunAllProofsTestUnit Running test WeideEtAl 
437        INFO  Timeout watchdog d.u.i.k.p.r.p.ForkedTestFileRunner Timeout watcher launched (2000 secs.) 
453        WARN  main            d.u.i.k.s.ProofSettings   The settings in /home/runner/.key/proof-settings.props are *not* read. 
520        INFO  main            d.u.i.k.p.r.p.TestFile    Now processing file /home/runner/work/key/key/key.core/../key.ui/examples/heap/WeideEtAl_01_AddAndMultiply/AddAndMultiply_add.key 
697        INFO  main            d.u.i.k.p.i.AbstractProblemLoader Loading environment from /home/runner/work/key/key/key.core/../key.ui/examples/heap/WeideEtAl_01_AddAndMultiply/AddAndMultiply_add.key 
721        DEBUG main            d.u.i.k.p.i.AbstractProblemLoader Environment load took 2.89ms 
1018       INFO  main            d.u.i.k.p.i.AbstractProblemLoader Creating init config 
2309       DEBUG main            d.u.i.k.j.TypeConverter   No LDT found for Meta 
2309       DEBUG main            d.u.i.k.j.TypeConverter   No LDT found for Meta 
2315       DEBUG main            d.u.i.k.j.TypeConverter   No LDT found for Meta 
2315       DEBUG main            d.u.i.k.j.TypeConverter   No LDT found for Meta 
4450       DEBUG main            d.u.i.k.j.TypeConverter   No LDT found for JavaBigintExpression 
10729      DEBUG main            d.u.i.k.p.i.AbstractProblemLoader Init config took 9.71s 
10884      INFO  main            d.u.i.k.p.i.AbstractProblemLoader Replaying proof AddAndMultiply[AddAndMultiply::add(int,int)].JML normal_behavior operation contract.0 
10932      DEBUG main            d.u.i.k.p.i.IntermediateProofReplayer Proof replay took 38.5ns 
13189      INFO  main            d.u.i.k.p.r.p.TestFile    ... finished proof: closed. 
13372      INFO  main            d.u.i.k.p.i.AbstractProblemLoader Loading environment from /home/runner/work/key/key/key.core/../key.ui/examples/heap/WeideEtAl_01_AddAndMultiply/AddAndMultiply_add.key.proof 
13377      DEBUG main            d.u.i.k.p.i.AbstractProblemLoader Environment load took 4.85ms 
13384      INFO  main            d.u.i.k.p.i.AbstractProblemLoader Creating init config 
17118      DEBUG main            d.u.i.k.p.i.AbstractProblemLoader Init config took 3.73s 
17192      INFO  main            d.u.i.k.p.i.AbstractProblemLoader Replaying proof AddAndMultiply[AddAndMultiply::add(int,int)].JML normal_behavior operation contract.0 
17502      DEBUG main            d.u.i.k.p.i.IntermediateProofReplayer Proof replay took 298.94ms 
17513      DEBUG main            d.u.i.k.p.r.p.TestFile    ... success: reloaded. 
17517      INFO  main            d.u.i.k.p.r.p.TestFile    Now processing file /home/runner/work/key/key/key.core/../key.ui/examples/heap/WeideEtAl_01_AddAndMultiply/AddAndMultiply_mul.key 
17517      INFO  main            d.u.i.k.p.i.AbstractProblemLoader Loading environment from /home/runner/work/key/key/key.core/../key.ui/examples/heap/WeideEtAl_01_AddAndMultiply/AddAndMultiply_mul.key 
17518      DEBUG main            d.u.i.k.p.i.AbstractProblemLoader Environment load took 158.3ns 
17521      INFO  main            d.u.i.k.p.i.AbstractProblemLoader Creating init config 
21086      DEBUG main            d.u.i.k.p.i.AbstractProblemLoader Init config took 3.56s 
21157      INFO  main            d.u.i.k.p.i.AbstractProblemLoader Replaying proof AddAndMultiply[AddAndMultiply::mul(int,int)].JML normal_behavior operation contract.0 
21161      DEBUG main            d.u.i.k.p.i.IntermediateProofReplayer Proof replay took 7.4ns 
21768      INFO  main            d.u.i.k.p.r.p.TestFile    ... finished proof: closed. 
21960      INFO  main            d.u.i.k.p.i.AbstractProblemLoader Loading environment from /home/runner/work/key/key/key.core/../key.ui/examples/heap/WeideEtAl_01_AddAndMultiply/AddAndMultiply_mul.key.proof 
21961      DEBUG main            d.u.i.k.p.i.AbstractProblemLoader Environment load took 552.6ns 
21965      INFO  main            d.u.i.k.p.i.AbstractProblemLoader Creating init config 
25283      DEBUG main            d.u.i.k.p.i.AbstractProblemLoader Init config took 3.32s 
25347      INFO  main            d.u.i.k.p.i.AbstractProblemLoader Replaying proof AddAndMultiply[AddAndMultiply::mul(int,int)].JML normal_behavior operation contract.0 
25498      DEBUG main            d.u.i.k.p.i.IntermediateProofReplayer Proof replay took 145.29ms 
25500      DEBUG main            d.u.i.k.p.r.p.TestFile    ... success: reloaded. 
25501      INFO  main            d.u.i.k.p.r.p.TestFile    Now processing file /home/runner/work/key/key/key.core/../key.ui/examples/heap/WeideEtAl_02_BinarySearch/BinarySearch_search.key 
25502      INFO  main            d.u.i.k.p.i.AbstractProblemLoader Loading environment from /home/runner/work/key/key/key.core/../key.ui/examples/heap/WeideEtAl_02_BinarySearch/BinarySearch_search.key 
25502      DEBUG main            d.u.i.k.p.i.AbstractProblemLoader Environment load took 398.6ns 
25504      INFO  main            d.u.i.k.p.i.AbstractProblemLoader Creating init config 
28950      DEBUG main            d.u.i.k.p.i.AbstractProblemLoader Init config took 3.45s 
29010      INFO  main            d.u.i.k.p.i.AbstractProblemLoader Replaying proof BinarySearch[BinarySearch::search([I,int)].JML normal_behavior operation contract.0 
29015      DEBUG main            d.u.i.k.p.i.IntermediateProofReplayer Proof replay took 7.7ns 
33058      INFO  main            d.u.i.k.p.r.p.TestFile    ... finished proof: closed. 
33313      INFO  main            d.u.i.k.p.i.AbstractProblemLoader Loading environment from /home/runner/work/key/key/key.core/../key.ui/examples/heap/WeideEtAl_02_BinarySearch/BinarySearch_search.key.proof 
33316      DEBUG main            d.u.i.k.p.i.AbstractProblemLoader Environment load took 3.46ms 
33318      INFO  main            d.u.i.k.p.i.AbstractProblemLoader Creating init config 
36598      DEBUG main            d.u.i.k.p.i.AbstractProblemLoader Init config took 3.28s 
36658      INFO  main            d.u.i.k.p.i.AbstractProblemLoader Replaying proof BinarySearch[BinarySearch::search([I,int)].JML normal_behavior operation contract.0 
37416      DEBUG main            d.u.i.k.p.i.IntermediateProofReplayer Proof replay took 736.3ms 
37419      DEBUG main            d.u.i.k.p.r.p.TestFile    ... success: reloaded. 
3158279    INFO  Test worker     d.u.i.k.p.r.RunAllProofsTestUnit Returning from test WeideEtAl 
3158281    INFO  Test worker     d.u.i.k.p.r.RunAllProofsTestUnit Running test arithmetic 
489        INFO  Timeout watchdog d.u.i.k.p.r.p.ForkedTestFileRunner Timeout watcher launched (2000 secs.) 
509        WARN  main            d.u.i.k.s.ProofSettings   The settings in /home/runner/.key/proof-settings.props are *not* read. 
563        INFO  main            d.u.i.k.p.r.p.TestFile    Now processing file /home/runner/work/key/key/key.core/../key.ui/examples/standard_key/arith/binomial1.key 
720        INFO  main            d.u.i.k.p.i.AbstractProblemLoader Loading environment from /home/runner/work/key/key/key.core/../key.ui/examples/standard_key/arith/binomial1.key 
740        DEBUG main            d.u.i.k.p.i.AbstractProblemLoader Environment load took 2.29ms 
1064       INFO  main            d.u.i.k.p.i.AbstractProblemLoader Creating init config 
2281       DEBUG main            d.u.i.k.j.TypeConverter   No LDT found for Meta 
2281       DEBUG main            d.u.i.k.j.TypeConverter   No LDT found for Meta 
2283       DEBUG main            d.u.i.k.j.TypeConverter   No LDT found for Meta 
2283       DEBUG main            d.u.i.k.j.TypeConverter   No LDT found for Meta 
4329       DEBUG main            d.u.i.k.j.TypeConverter   No LDT found for JavaBigintExpression 
10525      DEBUG main            d.u.i.k.p.i.AbstractProblemLoader Init config took 9.46s 
10620      INFO  main            d.u.i.k.p.i.AbstractProblemLoader Replaying proof binomial1.key 
10671      DEBUG main            d.u.i.k.p.i.IntermediateProofReplayer Proof replay took 44.4ns 
11065      INFO  main            d.u.i.k.p.r.p.TestFile    ... finished proof: closed. 
11212      INFO  main            d.u.i.k.p.i.AbstractProblemLoader Loading environment from /home/runner/work/key/key/key.core/../key.ui/examples/standard_key/arith/binomial1.key.proof 
11216      DEBUG main            d.u.i.k.p.i.AbstractProblemLoader Environment load took 3.57ms 
11221      INFO  main            d.u.i.k.p.i.AbstractProblemLoader Creating init config 
14667      DEBUG main            d.u.i.k.p.i.AbstractProblemLoader Init config took 3.45s 
14706      INFO  main            d.u.i.k.p.i.AbstractProblemLoader Replaying proof binomial1.key.proof 
14727      DEBUG main            d.u.i.k.p.i.IntermediateProofReplayer Proof replay took 15.89ms 
14743      DEBUG main            d.u.i.k.p.r.p.TestFile    ... success: reloaded. 
14745      INFO  main            d.u.i.k.p.r.p.TestFile    Now processing file /home/runner/work/key/key/key.core/../key.ui/examples/standard_key/arith/binomial2.key 
14745      INFO  main            d.u.i.k.p.i.AbstractProblemLoader Loading environment from /home/runner/work/key/key/key.core/../key.ui/examples/standard_key/arith/binomial2.key 
14745      DEBUG main            d.u.i.k.p.i.AbstractProblemLoader Environment load took 275ns 
14747      INFO  main            d.u.i.k.p.i.AbstractProblemLoader Creating init config 
18107      DEBUG main            d.u.i.k.p.i.AbstractProblemLoader Init config took 3.36s 
18143      INFO  main            d.u.i.k.p.i.AbstractProblemLoader Replaying proof binomial2.key 
18147      DEBUG main            d.u.i.k.p.i.IntermediateProofReplayer Proof replay took 7.6ns 
18250      INFO  main            d.u.i.k.p.r.p.TestFile    ... finished proof: closed. 
18423      INFO  main            d.u.i.k.p.i.AbstractProblemLoader Loading environment from /home/runner/work/key/key/key.core/../key.ui/examples/standard_key/arith/binomial2.key.proof 
18423      DEBUG main            d.u.i.k.p.i.AbstractProblemLoader Environment load took 581.8ns 
18425      INFO  main            d.u.i.k.p.i.AbstractProblemLoader Creating init config 
21703      DEBUG main            d.u.i.k.p.i.AbstractProblemLoader Init config took 3.28s 
21739      INFO  main            d.u.i.k.p.i.AbstractProblemLoader Replaying proof binomial2.key.proof 
21765      DEBUG main            d.u.i.k.p.i.IntermediateProofReplayer Proof replay took 22.46ms 
21766      DEBUG main            d.u.i.k.p.r.p.TestFile    ... success: reloaded. 
21769      INFO  main            d.u.i.k.p.r.p.TestFile    Now processing file /home/runner/work/key/key/key.core/../key.ui/examples/standard_key/arith/check_jdiv.key 
21769      INFO  main            d.u.i.k.p.i.AbstractProblemLoader Loading environment from /home/runner/work/key/key/key.core/../key.ui/examples/standard_key/arith/check_jdiv.key 
21769      DEBUG main            d.u.i.k.p.i.AbstractProblemLoader Environment load took 213.8ns 
21773      INFO  main            d.u.i.k.p.i.AbstractProblemLoader Creating init config 
25017      DEBUG main            d.u.i.k.p.i.AbstractProblemLoader Init config took 3.24s 
25044      INFO  main            d.u.i.k.p.i.AbstractProblemLoader Replaying proof check_jdiv.key 
25049      DEBUG main            d.u.i.k.p.i.IntermediateProofReplayer Proof replay took 7.9ns 
31722      INFO  main            d.u.i.k.p.r.p.TestFile    ... finished proof: closed. 
32005      INFO  main            d.u.i.k.p.i.AbstractProblemLoader Loading environment from /home/runner/work/key/key/key.core/../key.ui/examples/standard_key/arith/check_jdiv.key.proof 
32005      DEBUG main            d.u.i.k.p.i.AbstractProblemLoader Environment load took 263.1ns 
32014      INFO  main            d.u.i.k.p.i.AbstractProblemLoader Creating init config 
35250      DEBUG main            d.u.i.k.p.i.AbstractProblemLoader Init config took 3.24s 
35276      INFO  main            d.u.i.k.p.i.AbstractProblemLoader Replaying proof check_jdiv.key.proof 
35824      DEBUG main            d.u.i.k.p.i.IntermediateProofReplayer Proof replay took 508.74ms 
35826      DEBUG main            d.u.i.k.p.r.p.TestFile    ... success: reloaded. 
35828      INFO  main            d.u.i.k.p.r.p.TestFile    Now processing file /home/runner/work/key/key/key.core/../key.ui/examples/standard_key/arith/check_jdiv_concrete.key 
35829      INFO  main            d.u.i.k.p.i.AbstractProblemLoader Loading environment from /home/runner/work/key/key/key.core/../key.ui/examples/standard_key/arith/check_jdiv_concrete.key 
35829      DEBUG main            d.u.i.k.p.i.AbstractProblemLoader Environment load took 235.1ns 
35831      INFO  main            d.u.i.k.p.i.AbstractProblemLoader Creating init config 
39112      DEBUG main            d.u.i.k.p.i.AbstractProblemLoader Init config took 3.28s 
39140      INFO  main            d.u.i.k.p.i.AbstractProblemLoader Replaying proof check_jdiv_concrete.key 
39143      DEBUG main            d.u.i.k.p.i.IntermediateProofReplayer Proof replay took 7.7ns 
39249      INFO  main            d.u.i.k.p.r.p.TestFile    ... finished proof: closed. 
39489      INFO  main            d.u.i.k.p.i.AbstractProblemLoader Loading environment from /home/runner/work/key/key/key.core/../key.ui/examples/standard_key/arith/check_jdiv_concrete.key.proof 
39489      DEBUG main            d.u.i.k.p.i.AbstractProblemLoader Environment load took 148.9ns 
39490      INFO  main            d.u.i.k.p.i.AbstractProblemLoader Creating init config 
42587      DEBUG main            d.u.i.k.p.i.AbstractProblemLoader Init config took 3.1s 
42612      INFO  main            d.u.i.k.p.i.AbstractProblemLoader Replaying proof check_jdiv_concrete.key.proof 
42619      DEBUG main            d.u.i.k.p.i.IntermediateProofReplayer Proof replay took 4.57ms 
42620      DEBUG main            d.u.i.k.p.r.p.TestFile    ... success: reloaded. 
42622      INFO  main            d.u.i.k.p.r.p.TestFile    Now processing file /home/runner/work/key/key/key.core/../key.ui/examples/standard_key/arith/check_jdiv_instantiated.key 
42622      INFO  main            d.u.i.k.p.i.AbstractProblemLoader Loading environment from /home/runner/work/key/key/key.core/../key.ui/examples/standard_key/arith/check_jdiv_instantiated.key 
42623      DEBUG main            d.u.i.k.p.i.AbstractProblemLoader Environment load took 142.5ns 
42625      INFO  main            d.u.i.k.p.i.AbstractProblemLoader Creating init config 
45740      DEBUG main            d.u.i.k.p.i.AbstractProblemLoader Init config took 3.12s 
45764      INFO  main            d.u.i.k.p.i.AbstractProblemLoader Replaying proof check_jdiv_instantiated.key 
45767      DEBUG main            d.u.i.k.p.i.IntermediateProofReplayer Proof replay took 8ns 
50226      INFO  main            d.u.i.k.p.r.p.TestFile    ... finished proof: closed. 
50501      INFO  main            d.u.i.k.p.i.AbstractProblemLoader Loading environment from /home/runner/work/key/key/key.core/../key.ui/examples/standard_key/arith/check_jdiv_instantiated.key.proof 
50501      DEBUG main            d.u.i.k.p.i.AbstractProblemLoader Environment load took 245.7ns 
50504      INFO  main            d.u.i.k.p.i.AbstractProblemLoader Creating init config 
53609      DEBUG main            d.u.i.k.p.i.AbstractProblemLoader Init config took 3.11s 
53634      INFO  main            d.u.i.k.p.i.AbstractProblemLoader Replaying proof check_jdiv_instantiated.key.proof 
53955      DEBUG main            d.u.i.k.p.i.IntermediateProofReplayer Proof replay took 295.14ms 
53958      DEBUG main            d.u.i.k.p.r.p.TestFile    ... success: reloaded. 
53960      INFO  main            d.u.i.k.p.r.p.TestFile    Now processing file /home/runner/work/key/key/key.core/../key.ui/examples/standard_key/arith/check_jmod.key 
53960      INFO  main            d.u.i.k.p.i.AbstractProblemLoader Loading environment from /home/runner/work/key/key/key.core/../key.ui/examples/standard_key/arith/check_jmod.key 
53961      DEBUG main            d.u.i.k.p.i.AbstractProblemLoader Environment load took 295.3ns 
53962      INFO  main            d.u.i.k.p.i.AbstractProblemLoader Creating init config 
56978      DEBUG main            d.u.i.k.p.i.AbstractProblemLoader Init config took 3.02s 
57003      INFO  main            d.u.i.k.p.i.AbstractProblemLoader Replaying proof check_jmod.key 
57008      DEBUG main            d.u.i.k.p.i.IntermediateProofReplayer Proof replay took 9.5ns 
57726      INFO  main            d.u.i.k.p.r.p.TestFile    ... finished proof: closed. 
57981      INFO  main            d.u.i.k.p.i.AbstractProblemLoader Loading environment from /home/runner/work/key/key/key.core/../key.ui/examples/standard_key/arith/check_jmod.key.proof 
57982      DEBUG main            d.u.i.k.p.i.AbstractProblemLoader Environment load took 562.21ns 
57984      INFO  main            d.u.i.k.p.i.AbstractProblemLoader Creating init config 
61064      DEBUG main            d.u.i.k.p.i.AbstractProblemLoader Init config took 3.08s 
61087      INFO  main            d.u.i.k.p.i.AbstractProblemLoader Replaying proof check_jmod.key.proof 
61167      DEBUG main            d.u.i.k.p.i.IntermediateProofReplayer Proof replay took 73.42ms 
61168      DEBUG main            d.u.i.k.p.r.p.TestFile    ... success: reloaded. 
61170      INFO  main            d.u.i.k.p.r.p.TestFile    Now processing file /home/runner/work/key/key/key.core/../key.ui/examples/standard_key/arith/complexExpressions.key 
61170      INFO  main            d.u.i.k.p.i.AbstractProblemLoader Loading environment from /home/runner/work/key/key/key.core/../key.ui/examples/standard_key/arith/complexExpressions.key 
61171      DEBUG main            d.u.i.k.p.i.AbstractProblemLoader Environment load took 256.1ns 
61172      INFO  main            d.u.i.k.p.i.AbstractProblemLoader Creating init config 
64259      DEBUG main            d.u.i.k.p.i.AbstractProblemLoader Init config took 3.09s 
64283      INFO  main            d.u.i.k.p.i.AbstractProblemLoader Replaying proof complexExpressions.key 
64286      DEBUG main            d.u.i.k.p.i.IntermediateProofReplayer Proof replay took 7.3ns 
64493      INFO  main            d.u.i.k.p.r.p.TestFile    ... finished proof: closed. 
64717      INFO  main            d.u.i.k.p.i.AbstractProblemLoader Loading environment from /home/runner/work/key/key/key.core/../key.ui/examples/standard_key/arith/complexExpressions.key.proof 
64717      DEBUG main            d.u.i.k.p.i.AbstractProblemLoader Environment load took 145.6ns 
64718      INFO  main            d.u.i.k.p.i.AbstractProblemLoader Creating init config 
67759      DEBUG main            d.u.i.k.p.i.AbstractProblemLoader Init config took 3.04s 
67781      INFO  main            d.u.i.k.p.i.AbstractProblemLoader Replaying proof complexExpressions.key.proof 
67802      DEBUG main            d.u.i.k.p.i.IntermediateProofReplayer Proof replay took 17.69ms 
67803      DEBUG main            d.u.i.k.p.r.p.TestFile    ... success: reloaded. 
67804      INFO  main            d.u.i.k.p.r.p.TestFile    Now processing file /home/runner/work/key/key/key.core/../key.ui/examples/standard_key/arith/compound_unaryMinus.key 
67804      INFO  main            d.u.i.k.p.i.AbstractProblemLoader Loading environment from /home/runner/work/key/key/key.core/../key.ui/examples/standard_key/arith/compound_unaryMinus.key 
67804      DEBUG main            d.u.i.k.p.i.AbstractProblemLoader Environment load took 132.4ns 
67806      INFO  main            d.u.i.k.p.i.AbstractProblemLoader Creating init config 
70923      DEBUG main            d.u.i.k.p.i.AbstractProblemLoader Init config took 3.12s 
70946      INFO  main            d.u.i.k.p.i.AbstractProblemLoader Replaying proof compound_unaryMinus.key 
70948      DEBUG main            d.u.i.k.p.i.IntermediateProofReplayer Proof replay took 6.8ns 
71050      INFO  main            d.u.i.k.p.r.p.TestFile    ... finished proof: closed. 
71260      INFO  main            d.u.i.k.p.i.AbstractProblemLoader Loading environment from /home/runner/work/key/key/key.core/../key.ui/examples/standard_key/arith/compound_unaryMinus.key.proof 
71261      DEBUG main            d.u.i.k.p.i.AbstractProblemLoader Environment load took 140.1ns 
71262      INFO  main            d.u.i.k.p.i.AbstractProblemLoader Creating init config 
74305      DEBUG main            d.u.i.k.p.i.AbstractProblemLoader Init config took 3.04s 
74329      INFO  main            d.u.i.k.p.i.AbstractProblemLoader Replaying proof compound_unaryMinus.key.proof 
74338      DEBUG main            d.u.i.k.p.i.IntermediateProofReplayer Proof replay took 5.76ms 
74339      DEBUG main            d.u.i.k.p.r.p.TestFile    ... success: reloaded. 
74340      INFO  main            d.u.i.k.p.r.p.TestFile    Now processing file /home/runner/work/key/key/key.core/../key.ui/examples/standard_key/arith/computation.key 
74340      INFO  main            d.u.i.k.p.i.AbstractProblemLoader Loading environment from /home/runner/work/key/key/key.core/../key.ui/examples/standard_key/arith/computation.key 
74341      DEBUG main            d.u.i.k.p.i.AbstractProblemLoader Environment load took 111.1ns 
74342      INFO  main            d.u.i.k.p.i.AbstractProblemLoader Creating init config 
77487      DEBUG main            d.u.i.k.p.i.AbstractProblemLoader Init config took 3.14s 
77509      INFO  main            d.u.i.k.p.i.AbstractProblemLoader Replaying proof computation.key 
77511      DEBUG main            d.u.i.k.p.i.IntermediateProofReplayer Proof replay took 6.3ns 
79451      INFO  main            d.u.i.k.p.r.p.TestFile    ... finished proof: closed. 
79748      INFO  main            d.u.i.k.p.i.AbstractProblemLoader Loading environment from /home/runner/work/key/key/key.core/../key.ui/examples/standard_key/arith/computation.key.proof 
79749      DEBUG main            d.u.i.k.p.i.AbstractProblemLoader Environment load took 579.41ns 
79751      INFO  main            d.u.i.k.p.i.AbstractProblemLoader Creating init config 
82809      DEBUG main            d.u.i.k.p.i.AbstractProblemLoader Init config took 3.06s 
82835      INFO  main            d.u.i.k.p.i.AbstractProblemLoader Replaying proof computation.key.proof 
83044      DEBUG main            d.u.i.k.p.i.IntermediateProofReplayer Proof replay took 194.85ms 
83045      DEBUG main            d.u.i.k.p.r.p.TestFile    ... success: reloaded. 
83046      INFO  main            d.u.i.k.p.r.p.TestFile    Now processing file /home/runner/work/key/key/key.core/../key.ui/examples/standard_key/arith/cubicSum.key 
83046      INFO  main            d.u.i.k.p.i.AbstractProblemLoader Loading environment from /home/runner/work/key/key/key.core/../key.ui/examples/standard_key/arith/cubicSum.key 
83046      DEBUG main            d.u.i.k.p.i.AbstractProblemLoader Environment load took 85.9ns 
83048      INFO  main            d.u.i.k.p.i.AbstractProblemLoader Creating init config 
86311      DEBUG main            d.u.i.k.p.i.AbstractProblemLoader Init config took 3.26s 
86336      INFO  main            d.u.i.k.p.i.AbstractProblemLoader Replaying proof cubicSum.key 
86338      DEBUG main            d.u.i.k.p.i.IntermediateProofReplayer Proof replay took 8ns 
88151      INFO  main            d.u.i.k.p.r.p.TestFile    ... finished proof: closed. 
88530      INFO  main            d.u.i.k.p.i.AbstractProblemLoader Loading environment from /home/runner/work/key/key/key.core/../key.ui/examples/standard_key/arith/cubicSum.key.proof 
88533      DEBUG main            d.u.i.k.p.i.AbstractProblemLoader Environment load took 3.21ms 
88536      INFO  main            d.u.i.k.p.i.AbstractProblemLoader Creating init config 
91725      DEBUG main            d.u.i.k.p.i.AbstractProblemLoader Init config took 3.19s 
91747      INFO  main            d.u.i.k.p.i.AbstractProblemLoader Replaying proof cubicSum.key.proof 
91922      DEBUG main            d.u.i.k.p.i.IntermediateProofReplayer Proof replay took 171.16ms 
91924      DEBUG main            d.u.i.k.p.r.p.TestFile    ... success: reloaded. 
91925      INFO  main            d.u.i.k.p.r.p.TestFile    Now processing file /home/runner/work/key/key/key.core/../key.ui/examples/standard_key/arith/divByZero.key 
91925      INFO  main            d.u.i.k.p.i.AbstractProblemLoader Loading environment from /home/runner/work/key/key/key.core/../key.ui/examples/standard_key/arith/divByZero.key 
91925      DEBUG main            d.u.i.k.p.i.AbstractProblemLoader Environment load took 136.4ns 
91927      INFO  main            d.u.i.k.p.i.AbstractProblemLoader Creating init config 
95234      DEBUG main            d.u.i.k.p.i.AbstractProblemLoader Init config took 3.31s 
95256      INFO  main            d.u.i.k.p.i.AbstractProblemLoader Replaying proof divByZero.key 
95258      DEBUG main            d.u.i.k.p.i.IntermediateProofReplayer Proof replay took 7.9ns 
95461      INFO  main            d.u.i.k.p.r.p.TestFile    ... finished proof: closed. 
95742      INFO  main            d.u.i.k.p.i.AbstractProblemLoader Loading environment from /home/runner/work/key/key/key.core/../key.ui/examples/standard_key/arith/divByZero.key.proof 
95742      DEBUG main            d.u.i.k.p.i.AbstractProblemLoader Environment load took 136.2ns 
95745      INFO  main            d.u.i.k.p.i.AbstractProblemLoader Creating init config 
98858      DEBUG main            d.u.i.k.p.i.AbstractProblemLoader Init config took 3.11s 
98879      INFO  main            d.u.i.k.p.i.AbstractProblemLoader Replaying proof divByZero.key.proof 
98930      DEBUG main            d.u.i.k.p.i.IntermediateProofReplayer Proof replay took 48.18ms 
98932      DEBUG main            d.u.i.k.p.r.p.TestFile    ... success: reloaded. 
98933      INFO  main            d.u.i.k.p.r.p.TestFile    Now processing file /home/runner/work/key/key/key.core/../key.ui/examples/standard_key/arith/divisionAssoc.key 
98933      INFO  main            d.u.i.k.p.i.AbstractProblemLoader Loading environment from /home/runner/work/key/key/key.core/../key.ui/examples/standard_key/arith/divisionAssoc.key 
98934      DEBUG main            d.u.i.k.p.i.AbstractProblemLoader Environment load took 265.2ns 
98935      INFO  main            d.u.i.k.p.i.AbstractProblemLoader Creating init config 
102142     DEBUG main            d.u.i.k.p.i.AbstractProblemLoader Init config took 3.21s 
102160     INFO  main            d.u.i.k.p.i.AbstractProblemLoader Replaying proof divisionAssoc.key 
102163     DEBUG main            d.u.i.k.p.i.IntermediateProofReplayer Proof replay took 8.3ns 
103068     INFO  main            d.u.i.k.p.r.p.TestFile    ... finished proof: closed. 
103357     INFO  main            d.u.i.k.p.i.AbstractProblemLoader Loading environment from /home/runner/work/key/key/key.core/../key.ui/examples/standard_key/arith/divisionAssoc.key.proof 
103358     DEBUG main            d.u.i.k.p.i.AbstractProblemLoader Environment load took 499.91ns 
103360     INFO  main            d.u.i.k.p.i.AbstractProblemLoader Creating init config 
106448     DEBUG main            d.u.i.k.p.i.AbstractProblemLoader Init config took 3.09s 
106480     INFO  main            d.u.i.k.p.i.AbstractProblemLoader Replaying proof divisionAssoc.key.proof 
106589     DEBUG main            d.u.i.k.p.i.IntermediateProofReplayer Proof replay took 84.62ms 
106590     DEBUG main            d.u.i.k.p.r.p.TestFile    ... success: reloaded. 
106591     INFO  main            d.u.i.k.p.r.p.TestFile    Now processing file /home/runner/work/key/key/key.core/../key.ui/examples/standard_key/arith/divisionBy2.key 
106592     INFO  main            d.u.i.k.p.i.AbstractProblemLoader Loading environment from /home/runner/work/key/key/key.core/../key.ui/examples/standard_key/arith/divisionBy2.key 
106592     DEBUG main            d.u.i.k.p.i.AbstractProblemLoader Environment load took 262.9ns 
106593     INFO  main            d.u.i.k.p.i.AbstractProblemLoader Creating init config 
109700     DEBUG main            d.u.i.k.p.i.AbstractProblemLoader Init config took 3.11s 
109744     INFO  main            d.u.i.k.p.i.AbstractProblemLoader Replaying proof divisionBy2.key 
109746     DEBUG main            d.u.i.k.p.i.IntermediateProofReplayer Proof replay took 13ns 
109851     INFO  main            d.u.i.k.p.r.p.TestFile    ... finished proof: closed. 
110150     INFO  main            d.u.i.k.p.i.AbstractProblemLoader Loading environment from /home/runner/work/key/key/key.core/../key.ui/examples/standard_key/arith/divisionBy2.key.proof 
110151     DEBUG main            d.u.i.k.p.i.AbstractProblemLoader Environment load took 920.32ns 
110153     INFO  main            d.u.i.k.p.i.AbstractProblemLoader Creating init config 
113229     DEBUG main            d.u.i.k.p.i.AbstractProblemLoader Init config took 3.08s 
113247     INFO  main            d.u.i.k.p.i.AbstractProblemLoader Replaying proof divisionBy2.key.proof 
113264     DEBUG main            d.u.i.k.p.i.IntermediateProofReplayer Proof replay took 12.4ms 
113266     DEBUG main            d.u.i.k.p.r.p.TestFile    ... success: reloaded. 
113267     INFO  main            d.u.i.k.p.r.p.TestFile    Now processing file /home/runner/work/key/key/key.core/../key.ui/examples/standard_key/arith/euclidean/gcdHelp-post.key 
113267     INFO  main            d.u.i.k.p.i.AbstractProblemLoader Loading environment from /home/runner/work/key/key/key.core/../key.ui/examples/standard_key/arith/euclidean/gcdHelp-post.key 
113267     DEBUG main            d.u.i.k.p.i.AbstractProblemLoader Environment load took 269ns 
113269     INFO  main            d.u.i.k.p.i.AbstractProblemLoader Creating init config 
116569     DEBUG main            d.u.i.k.p.i.AbstractProblemLoader Init config took 3.3s 
116588     INFO  main            d.u.i.k.p.i.AbstractProblemLoader Replaying proof gcdHelp-post.key 
116590     DEBUG main            d.u.i.k.p.i.IntermediateProofReplayer Proof replay took 6.6ns 
121116     INFO  main            d.u.i.k.p.r.p.TestFile    ... finished proof: closed. 
121416     INFO  main            d.u.i.k.p.i.AbstractProblemLoader Loading environment from /home/runner/work/key/key/key.core/../key.ui/examples/standard_key/arith/euclidean/gcdHelp-post.key.proof 
121417     DEBUG main            d.u.i.k.p.i.AbstractProblemLoader Environment load took 501.11ns 
121419     INFO  main            d.u.i.k.p.i.AbstractProblemLoader Creating init config 
124597     DEBUG main            d.u.i.k.p.i.AbstractProblemLoader Init config took 3.18s 
124618     INFO  main            d.u.i.k.p.i.AbstractProblemLoader Replaying proof gcdHelp-post.key.proof 
124917     DEBUG main            d.u.i.k.p.i.IntermediateProofReplayer Proof replay took 287.28ms 
124919     DEBUG main            d.u.i.k.p.r.p.TestFile    ... success: reloaded. 
124920     INFO  main            d.u.i.k.p.r.p.TestFile    Now processing file /home/runner/work/key/key/key.core/../key.ui/examples/standard_key/arith/gemplusDecimal/add.key 
124921     INFO  main            d.u.i.k.p.i.AbstractProblemLoader Loading environment from /home/runner/work/key/key/key.core/../key.ui/examples/standard_key/arith/gemplusDecimal/add.key 
124921     DEBUG main            d.u.i.k.p.i.AbstractProblemLoader Environment load took 260.9ns 
124924     INFO  main            d.u.i.k.p.i.AbstractProblemLoader Creating init config 
128255     DEBUG main            d.u.i.k.p.i.AbstractProblemLoader Init config took 3.33s 
128275     INFO  main            d.u.i.k.p.i.AbstractProblemLoader Replaying proof add.key 
128277     DEBUG main            d.u.i.k.p.i.IntermediateProofReplayer Proof replay took 7.7ns 
185894     INFO  main            d.u.i.k.p.r.p.TestFile    ... finished proof: closed. 
186387     INFO  main            d.u.i.k.p.i.AbstractProblemLoader Loading environment from /home/runner/work/key/key/key.core/../key.ui/examples/standard_key/arith/gemplusDecimal/add.key.proof 
186387     DEBUG main            d.u.i.k.p.i.AbstractProblemLoader Environment load took 517.61ns 
186397     INFO  main            d.u.i.k.p.i.AbstractProblemLoader Creating init config 
189603     DEBUG main            d.u.i.k.p.i.AbstractProblemLoader Init config took 3.21s 
189629     INFO  main            d.u.i.k.p.i.AbstractProblemLoader Replaying proof add.key.proof 
195071     DEBUG main            d.u.i.k.p.i.IntermediateProofReplayer Proof replay took 5.3s 
195080     DEBUG main            d.u.i.k.p.r.p.TestFile    ... success: reloaded. 
195082     INFO  main            d.u.i.k.p.r.p.TestFile    Now processing file /home/runner/work/key/key/key.core/../key.ui/examples/standard_key/arith/jdivevenodd.key 
195082     INFO  main            d.u.i.k.p.i.AbstractProblemLoader Loading environment from /home/runner/work/key/key/key.core/../key.ui/examples/standard_key/arith/jdivevenodd.key 
195082     DEBUG main            d.u.i.k.p.i.AbstractProblemLoader Environment load took 107.8ns 
195084     INFO  main            d.u.i.k.p.i.AbstractProblemLoader Creating init config 
198280     DEBUG main            d.u.i.k.p.i.AbstractProblemLoader Init config took 3.2s 
198296     INFO  main            d.u.i.k.p.i.AbstractProblemLoader Replaying proof jdivevenodd.key 
198299     DEBUG main            d.u.i.k.p.i.IntermediateProofReplayer Proof replay took 7.5ns 
198505     INFO  main            d.u.i.k.p.r.p.TestFile    ... finished proof: closed. 
198971     INFO  main            d.u.i.k.p.i.AbstractProblemLoader Loading environment from /home/runner/work/key/key/key.core/../key.ui/examples/standard_key/arith/jdivevenodd.key.proof 
198971     DEBUG main            d.u.i.k.p.i.AbstractProblemLoader Environment load took 198.1ns 
198972     INFO  main            d.u.i.k.p.i.AbstractProblemLoader Creating init config 
201995     DEBUG main            d.u.i.k.p.i.AbstractProblemLoader Init config took 3.02s 
202013     INFO  main            d.u.i.k.p.i.AbstractProblemLoader Replaying proof jdivevenodd.key.proof 
202036     DEBUG main            d.u.i.k.p.i.IntermediateProofReplayer Proof replay took 20.72ms 
202037     DEBUG main            d.u.i.k.p.r.p.TestFile    ... success: reloaded. 
202038     INFO  main            d.u.i.k.p.r.p.TestFile    Now processing file /home/runner/work/key/key/key.core/../key.ui/examples/standard_key/arith/median.key 
202039     INFO  main            d.u.i.k.p.i.AbstractProblemLoader Loading environment from /home/runner/work/key/key/key.core/../key.ui/examples/standard_key/arith/median.key 
202039     DEBUG main            d.u.i.k.p.i.AbstractProblemLoader Environment load took 127.9ns 
202040     INFO  main            d.u.i.k.p.i.AbstractProblemLoader Creating init config 
205086     DEBUG main            d.u.i.k.p.i.AbstractProblemLoader Init config took 3.05s 
205105     INFO  main            d.u.i.k.p.i.AbstractProblemLoader Replaying proof median.key 
205110     DEBUG main            d.u.i.k.p.i.IntermediateProofReplayer Proof replay took 7.4ns 
225820     INFO  main            d.u.i.k.p.r.p.TestFile    ... finished proof: closed. 
226265     INFO  main            d.u.i.k.p.i.AbstractProblemLoader Loading environment from /home/runner/work/key/key/key.core/../key.ui/examples/standard_key/arith/median.key.proof 
226266     DEBUG main            d.u.i.k.p.i.AbstractProblemLoader Environment load took 910.61ns 
226271     INFO  main            d.u.i.k.p.i.AbstractProblemLoader Creating init config 
229297     DEBUG main            d.u.i.k.p.i.AbstractProblemLoader Init config took 3.03s 
229331     INFO  main            d.u.i.k.p.i.AbstractProblemLoader Replaying proof median.key.proof 
230942     DEBUG main            d.u.i.k.p.i.IntermediateProofReplayer Proof replay took 1.55s 
230946     DEBUG main            d.u.i.k.p.r.p.TestFile    ... success: reloaded. 
230947     INFO  main            d.u.i.k.p.r.p.TestFile    Now processing file /home/runner/work/key/key/key.core/../key.ui/examples/standard_key/arith/mod1.key 
230947     INFO  main            d.u.i.k.p.i.AbstractProblemLoader Loading environment from /home/runner/work/key/key/key.core/../key.ui/examples/standard_key/arith/mod1.key 
230947     DEBUG main            d.u.i.k.p.i.AbstractProblemLoader Environment load took 161.8ns 
230950     INFO  main            d.u.i.k.p.i.AbstractProblemLoader Creating init config 
234099     DEBUG main            d.u.i.k.p.i.AbstractProblemLoader Init config took 3.15s 
234114     INFO  main            d.u.i.k.p.i.AbstractProblemLoader Replaying proof mod1.key 
234116     DEBUG main            d.u.i.k.p.i.IntermediateProofReplayer Proof replay took 7.1ns 
234221     INFO  main            d.u.i.k.p.r.p.TestFile    ... finished proof: closed. 
234622     INFO  main            d.u.i.k.p.i.AbstractProblemLoader Loading environment from /home/runner/work/key/key/key.core/../key.ui/examples/standard_key/arith/mod1.key.proof 
234622     DEBUG main            d.u.i.k.p.i.AbstractProblemLoader Environment load took 120.6ns 
234623     INFO  main            d.u.i.k.p.i.AbstractProblemLoader Creating init config 
237633     DEBUG main            d.u.i.k.p.i.AbstractProblemLoader Init config took 3.01s 
237656     INFO  main            d.u.i.k.p.i.AbstractProblemLoader Replaying proof mod1.key.proof 
237662     DEBUG main            d.u.i.k.p.i.IntermediateProofReplayer Proof replay took 3.19ms 
237663     DEBUG main            d.u.i.k.p.r.p.TestFile    ... success: reloaded. 
237664     INFO  main            d.u.i.k.p.r.p.TestFile    Now processing file /home/runner/work/key/key/key.core/../key.ui/examples/standard_key/arith/mod2.key 
237665     INFO  main            d.u.i.k.p.i.AbstractProblemLoader Loading environment from /home/runner/work/key/key/key.core/../key.ui/examples/standard_key/arith/mod2.key 
237665     DEBUG main            d.u.i.k.p.i.AbstractProblemLoader Environment load took 92.3ns 
237666     INFO  main            d.u.i.k.p.i.AbstractProblemLoader Creating init config 
240728     DEBUG main            d.u.i.k.p.i.AbstractProblemLoader Init config took 3.06s 
240744     INFO  main            d.u.i.k.p.i.AbstractProblemLoader Replaying proof mod2.key 
240746     DEBUG main            d.u.i.k.p.i.IntermediateProofReplayer Proof replay took 7.5ns 
240850     INFO  main            d.u.i.k.p.r.p.TestFile    ... finished proof: closed. 
241154     INFO  main            d.u.i.k.p.i.AbstractProblemLoader Loading environment from /home/runner/work/key/key/key.core/../key.ui/examples/standard_key/arith/mod2.key.proof 
241154     DEBUG main            d.u.i.k.p.i.AbstractProblemLoader Environment load took 129.8ns 
241155     INFO  main            d.u.i.k.p.i.AbstractProblemLoader Creating init config 
244185     DEBUG main            d.u.i.k.p.i.AbstractProblemLoader Init config took 3.03s 
244201     INFO  main            d.u.i.k.p.i.AbstractProblemLoader Replaying proof mod2.key.proof 
244205     DEBUG main            d.u.i.k.p.i.IntermediateProofReplayer Proof replay took 2.16ms 
244206     DEBUG main            d.u.i.k.p.r.p.TestFile    ... success: reloaded. 
244207     INFO  main            d.u.i.k.p.r.p.TestFile    Now processing file /home/runner/work/key/key/key.core/../key.ui/examples/standard_key/arith/mod7.key 
244207     INFO  main            d.u.i.k.p.i.AbstractProblemLoader Loading environment from /home/runner/work/key/key/key.core/../key.ui/examples/standard_key/arith/mod7.key 
244207     DEBUG main            d.u.i.k.p.i.AbstractProblemLoader Environment load took 106.4ns 
244208     INFO  main            d.u.i.k.p.i.AbstractProblemLoader Creating init config 
247308     DEBUG main            d.u.i.k.p.i.AbstractProblemLoader Init config took 3.1s 
247329     INFO  main            d.u.i.k.p.i.AbstractProblemLoader Replaying proof mod7.key 
247330     DEBUG main            d.u.i.k.p.i.IntermediateProofReplayer Proof replay took 7.6ns 
247436     INFO  main            d.u.i.k.p.r.p.TestFile    ... finished proof: closed. 
247780     INFO  main            d.u.i.k.p.i.AbstractProblemLoader Loading environment from /home/runner/work/key/key/key.core/../key.ui/examples/standard_key/arith/mod7.key.proof 
247780     DEBUG main            d.u.i.k.p.i.AbstractProblemLoader Environment load took 130.6ns 
247781     INFO  main            d.u.i.k.p.i.AbstractProblemLoader Creating init config 
250793     DEBUG main            d.u.i.k.p.i.AbstractProblemLoader Init config took 3.01s 
250809     INFO  main            d.u.i.k.p.i.AbstractProblemLoader Replaying proof mod7.key.proof 
250820     DEBUG main            d.u.i.k.p.i.IntermediateProofReplayer Proof replay took 8.93ms 
250821     DEBUG main            d.u.i.k.p.r.p.TestFile    ... success: reloaded. 
250821     INFO  main            d.u.i.k.p.r.p.TestFile    Now processing file /home/runner/work/key/key/key.core/../key.ui/examples/standard_key/arith/overflow_hija.key 
250822     INFO  main            d.u.i.k.p.i.AbstractProblemLoader Loading environment from /home/runner/work/key/key/key.core/../key.ui/examples/standard_key/arith/overflow_hija.key 
250822     DEBUG main            d.u.i.k.p.i.AbstractProblemLoader Environment load took 117.9ns 
250824     INFO  main            d.u.i.k.p.i.AbstractProblemLoader Creating init config 
253954     DEBUG main            d.u.i.k.p.i.AbstractProblemLoader Init config took 3.13s 
253975     INFO  main            d.u.i.k.p.i.AbstractProblemLoader Replaying proof overflow_hija.key 
253976     DEBUG main            d.u.i.k.p.i.IntermediateProofReplayer Proof replay took 7.9ns 
260119     INFO  main            d.u.i.k.p.r.p.TestFile    ... finished proof: closed. 
260503     INFO  main            d.u.i.k.p.i.AbstractProblemLoader Loading environment from /home/runner/work/key/key/key.core/../key.ui/examples/standard_key/arith/overflow_hija.key.proof 
260503     DEBUG main            d.u.i.k.p.i.AbstractProblemLoader Environment load took 150.6ns 
260508     INFO  main            d.u.i.k.p.i.AbstractProblemLoader Creating init config 
263515     DEBUG main            d.u.i.k.p.i.AbstractProblemLoader Init config took 3.01s 
263535     INFO  main            d.u.i.k.p.i.AbstractProblemLoader Replaying proof overflow_hija.key.proof 
264041     DEBUG main            d.u.i.k.p.i.IntermediateProofReplayer Proof replay took 494.69ms 
264043     DEBUG main            d.u.i.k.p.r.p.TestFile    ... success: reloaded. 
264044     INFO  main            d.u.i.k.p.r.p.TestFile    Now processing file /home/runner/work/key/key/key.core/../key.ui/examples/standard_key/arith/poly_division0.key 
264045     INFO  main            d.u.i.k.p.i.AbstractProblemLoader Loading environment from /home/runner/work/key/key/key.core/../key.ui/examples/standard_key/arith/poly_division0.key 
264045     DEBUG main            d.u.i.k.p.i.AbstractProblemLoader Environment load took 119.8ns 
264046     INFO  main            d.u.i.k.p.i.AbstractProblemLoader Creating init config 
267144     DEBUG main            d.u.i.k.p.i.AbstractProblemLoader Init config took 3.1s 
267160     INFO  main            d.u.i.k.p.i.AbstractProblemLoader Replaying proof poly_division0.key 
267161     DEBUG main            d.u.i.k.p.i.IntermediateProofReplayer Proof replay took 8.1ns 
267263     INFO  main            d.u.i.k.p.r.p.TestFile    ... finished proof: closed. 
267667     INFO  main            d.u.i.k.p.i.AbstractProblemLoader Loading environment from /home/runner/work/key/key/key.core/../key.ui/examples/standard_key/arith/poly_division0.key.proof 
267667     DEBUG main            d.u.i.k.p.i.AbstractProblemLoader Environment load took 156.7ns 
267673     INFO  main            d.u.i.k.p.i.AbstractProblemLoader Creating init config 
270684     DEBUG main            d.u.i.k.p.i.AbstractProblemLoader Init config took 3.01s 
270700     INFO  main            d.u.i.k.p.i.AbstractProblemLoader Replaying proof poly_division0.key.proof 
270714     DEBUG main            d.u.i.k.p.i.IntermediateProofReplayer Proof replay took 10.94ms 
270715     DEBUG main            d.u.i.k.p.r.p.TestFile    ... success: reloaded. 
270715     INFO  main            d.u.i.k.p.r.p.TestFile    Now processing file /home/runner/work/key/key/key.core/../key.ui/examples/standard_key/arith/poly_division1.key 
270716     INFO  main            d.u.i.k.p.i.AbstractProblemLoader Loading environment from /home/runner/work/key/key/key.core/../key.ui/examples/standard_key/arith/poly_division1.key 
270716     DEBUG main            d.u.i.k.p.i.AbstractProblemLoader Environment load took 98.1ns 
270717     INFO  main            d.u.i.k.p.i.AbstractProblemLoader Creating init config 
273784     DEBUG main            d.u.i.k.p.i.AbstractProblemLoader Init config took 3.07s 
273801     INFO  main            d.u.i.k.p.i.AbstractProblemLoader Replaying proof poly_division1.key 
273804     DEBUG main            d.u.i.k.p.i.IntermediateProofReplayer Proof replay took 16.8ns 
273906     INFO  main            d.u.i.k.p.r.p.TestFile    ... finished proof: closed. 
274245     INFO  main            d.u.i.k.p.i.AbstractProblemLoader Loading environment from /home/runner/work/key/key/key.core/../key.ui/examples/standard_key/arith/poly_division1.key.proof 
274245     DEBUG main            d.u.i.k.p.i.AbstractProblemLoader Environment load took 128.2ns 
274247     INFO  main            d.u.i.k.p.i.AbstractProblemLoader Creating init config 
277239     DEBUG main            d.u.i.k.p.i.AbstractProblemLoader Init config took 2.99s 
277255     INFO  main            d.u.i.k.p.i.AbstractProblemLoader Replaying proof poly_division1.key.proof 
277266     DEBUG main            d.u.i.k.p.i.IntermediateProofReplayer Proof replay took 8.52ms 
277267     DEBUG main            d.u.i.k.p.r.p.TestFile    ... success: reloaded. 
277267     INFO  main            d.u.i.k.p.r.p.TestFile    Now processing file /home/runner/work/key/key/key.core/../key.ui/examples/standard_key/inEqSimp/division.key 
277267     INFO  main            d.u.i.k.p.i.AbstractProblemLoader Loading environment from /home/runner/work/key/key/key.core/../key.ui/examples/standard_key/inEqSimp/division.key 
277268     DEBUG main            d.u.i.k.p.i.AbstractProblemLoader Environment load took 121.1ns 
277269     INFO  main            d.u.i.k.p.i.AbstractProblemLoader Creating init config 
280353     DEBUG main            d.u.i.k.p.i.AbstractProblemLoader Init config took 3.08s 
280372     INFO  main            d.u.i.k.p.i.AbstractProblemLoader Replaying proof division.key 
280374     DEBUG main            d.u.i.k.p.i.IntermediateProofReplayer Proof replay took 7.5ns 
283036     INFO  main            d.u.i.k.p.r.p.TestFile    ... finished proof: closed. 
283411     INFO  main            d.u.i.k.p.i.AbstractProblemLoader Loading environment from /home/runner/work/key/key/key.core/../key.ui/examples/standard_key/inEqSimp/division.key.proof 
283412     DEBUG main            d.u.i.k.p.i.AbstractProblemLoader Environment load took 216.7ns 
283413     INFO  main            d.u.i.k.p.i.AbstractProblemLoader Creating init config 
286408     DEBUG main            d.u.i.k.p.i.AbstractProblemLoader Init config took 2.99s 
286425     INFO  main            d.u.i.k.p.i.AbstractProblemLoader Replaying proof division.key.proof 
286548     DEBUG main            d.u.i.k.p.i.IntermediateProofReplayer Proof replay took 115.74ms 
286550     DEBUG main            d.u.i.k.p.r.p.TestFile    ... success: reloaded. 
286551     INFO  main            d.u.i.k.p.r.p.TestFile    Now processing file /home/runner/work/key/key/key.core/../key.ui/examples/standard_key/inEqSimp/inequations0.key 
286551     INFO  main            d.u.i.k.p.i.AbstractProblemLoader Loading environment from /home/runner/work/key/key/key.core/../key.ui/examples/standard_key/inEqSimp/inequations0.key 
286551     DEBUG main            d.u.i.k.p.i.AbstractProblemLoader Environment load took 161.6ns 
286553     INFO  main            d.u.i.k.p.i.AbstractProblemLoader Creating init config 
289658     DEBUG main            d.u.i.k.p.i.AbstractProblemLoader Init config took 3.11s 
289674     INFO  main            d.u.i.k.p.i.AbstractProblemLoader Replaying proof inequations0.key 
289676     DEBUG main            d.u.i.k.p.i.IntermediateProofReplayer Proof replay took 40.7ns 
289778     INFO  main            d.u.i.k.p.r.p.TestFile    ... finished proof: closed. 
290167     INFO  main            d.u.i.k.p.i.AbstractProblemLoader Loading environment from /home/runner/work/key/key/key.core/../key.ui/examples/standard_key/inEqSimp/inequations0.key.proof 
290167     DEBUG main            d.u.i.k.p.i.AbstractProblemLoader Environment load took 130.3ns 
290169     INFO  main            d.u.i.k.p.i.AbstractProblemLoader Creating init config 
293147     DEBUG main            d.u.i.k.p.i.AbstractProblemLoader Init config took 2.98s 
293162     INFO  main            d.u.i.k.p.i.AbstractProblemLoader Replaying proof inequations0.key.proof 
293167     DEBUG main            d.u.i.k.p.i.IntermediateProofReplayer Proof replay took 2.94ms 
293169     DEBUG main            d.u.i.k.p.r.p.TestFile    ... success: reloaded. 
293169     INFO  main            d.u.i.k.p.r.p.TestFile    Now processing file /home/runner/work/key/key/key.core/../key.ui/examples/standard_key/inEqSimp/inequations1.key 
293170     INFO  main            d.u.i.k.p.i.AbstractProblemLoader Loading environment from /home/runner/work/key/key/key.core/../key.ui/examples/standard_key/inEqSimp/inequations1.key 
293170     DEBUG main            d.u.i.k.p.i.AbstractProblemLoader Environment load took 233.9ns 
293171     INFO  main            d.u.i.k.p.i.AbstractProblemLoader Creating init config 
296239     DEBUG main            d.u.i.k.p.i.AbstractProblemLoader Init config took 3.07s 
296255     INFO  main            d.u.i.k.p.i.AbstractProblemLoader Replaying proof inequations1.key 
296257     DEBUG main            d.u.i.k.p.i.IntermediateProofReplayer Proof replay took 3.7ns 
296360     INFO  main            d.u.i.k.p.r.p.TestFile    ... finished proof: closed. 
296713     INFO  main            d.u.i.k.p.i.AbstractProblemLoader Loading environment from /home/runner/work/key/key/key.core/../key.ui/examples/standard_key/inEqSimp/inequations1.key.proof 
296713     DEBUG main            d.u.i.k.p.i.AbstractProblemLoader Environment load took 113ns 
296714     INFO  main            d.u.i.k.p.i.AbstractProblemLoader Creating init config 
299701     DEBUG main            d.u.i.k.p.i.AbstractProblemLoader Init config took 2.99s 
299720     INFO  main            d.u.i.k.p.i.AbstractProblemLoader Replaying proof inequations1.key.proof 
299723     DEBUG main            d.u.i.k.p.i.IntermediateProofReplayer Proof replay took 2.01ms 
299724     DEBUG main            d.u.i.k.p.r.p.TestFile    ... success: reloaded. 
299725     INFO  main            d.u.i.k.p.r.p.TestFile    Now processing file /home/runner/work/key/key/key.core/../key.ui/examples/standard_key/inEqSimp/inequations2.key 
299725     INFO  main            d.u.i.k.p.i.AbstractProblemLoader Loading environment from /home/runner/work/key/key/key.core/../key.ui/examples/standard_key/inEqSimp/inequations2.key 
299726     DEBUG main            d.u.i.k.p.i.AbstractProblemLoader Environment load took 114.6ns 
299727     INFO  main            d.u.i.k.p.i.AbstractProblemLoader Creating init config 
302874     DEBUG main            d.u.i.k.p.i.AbstractProblemLoader Init config took 3.15s 
302889     INFO  main            d.u.i.k.p.i.AbstractProblemLoader Replaying proof inequations2.key 
302891     DEBUG main            d.u.i.k.p.i.IntermediateProofReplayer Proof replay took 4.1ns 
302993     INFO  main            d.u.i.k.p.r.p.TestFile    ... finished proof: closed. 
303367     INFO  main            d.u.i.k.p.i.AbstractProblemLoader Loading environment from /home/runner/work/key/key/key.core/../key.ui/examples/standard_key/inEqSimp/inequations2.key.proof 
303367     DEBUG main            d.u.i.k.p.i.AbstractProblemLoader Environment load took 141.9ns 
303369     INFO  main            d.u.i.k.p.i.AbstractProblemLoader Creating init config 
306353     DEBUG main            d.u.i.k.p.i.AbstractProblemLoader Init config took 2.98s 
306370     INFO  main            d.u.i.k.p.i.AbstractProblemLoader Replaying proof inequations2.key.proof 
306375     DEBUG main            d.u.i.k.p.i.IntermediateProofReplayer Proof replay took 2.13ms 
306376     DEBUG main            d.u.i.k.p.r.p.TestFile    ... success: reloaded. 
306377     INFO  main            d.u.i.k.p.r.p.TestFile    Now processing file /home/runner/work/key/key/key.core/../key.ui/examples/standard_key/inEqSimp/linApprox.key 
306377     INFO  main            d.u.i.k.p.i.AbstractProblemLoader Loading environment from /home/runner/work/key/key/key.core/../key.ui/examples/standard_key/inEqSimp/linApprox.key 
306377     DEBUG main            d.u.i.k.p.i.AbstractProblemLoader Environment load took 241.2ns 
306379     INFO  main            d.u.i.k.p.i.AbstractProblemLoader Creating init config 
309445     DEBUG main            d.u.i.k.p.i.AbstractProblemLoader Init config took 3.07s 
309460     INFO  main            d.u.i.k.p.i.AbstractProblemLoader Replaying proof linApprox.key 
309462     DEBUG main            d.u.i.k.p.i.IntermediateProofReplayer Proof replay took 3.5ns 
309564     INFO  main            d.u.i.k.p.r.p.TestFile    ... finished proof: closed. 
309927     INFO  main            d.u.i.k.p.i.AbstractProblemLoader Loading environment from /home/runner/work/key/key/key.core/../key.ui/examples/standard_key/inEqSimp/linApprox.key.proof 
309927     DEBUG main            d.u.i.k.p.i.AbstractProblemLoader Environment load took 117.9ns 
309935     INFO  main            d.u.i.k.p.i.AbstractProblemLoader Creating init config 
312925     DEBUG main            d.u.i.k.p.i.AbstractProblemLoader Init config took 2.99s 
312940     INFO  main            d.u.i.k.p.i.AbstractProblemLoader Replaying proof linApprox.key.proof 
312945     DEBUG main            d.u.i.k.p.i.IntermediateProofReplayer Proof replay took 3.78ms 
312946     DEBUG main            d.u.i.k.p.r.p.TestFile    ... success: reloaded. 
312947     INFO  main            d.u.i.k.p.r.p.TestFile    Now processing file /home/runner/work/key/key/key.core/../key.ui/examples/standard_key/inEqSimp/nonLinInEqExample0.key 
312948     INFO  main            d.u.i.k.p.i.AbstractProblemLoader Loading environment from /home/runner/work/key/key/key.core/../key.ui/examples/standard_key/inEqSimp/nonLinInEqExample0.key 
312948     DEBUG main            d.u.i.k.p.i.AbstractProblemLoader Environment load took 117.1ns 
312949     INFO  main            d.u.i.k.p.i.AbstractProblemLoader Creating init config 
316037     DEBUG main            d.u.i.k.p.i.AbstractProblemLoader Init config took 3.09s 
316052     INFO  main            d.u.i.k.p.i.AbstractProblemLoader Replaying proof nonLinInEqExample0.key 
316055     DEBUG main            d.u.i.k.p.i.IntermediateProofReplayer Proof replay took 3.3ns 
316157     INFO  main            d.u.i.k.p.r.p.TestFile    ... finished proof: closed. 
316546     INFO  main            d.u.i.k.p.i.AbstractProblemLoader Loading environment from /home/runner/work/key/key/key.core/../key.ui/examples/standard_key/inEqSimp/nonLinInEqExample0.key.proof 
316546     DEBUG main            d.u.i.k.p.i.AbstractProblemLoader Environment load took 118ns 
316548     INFO  main            d.u.i.k.p.i.AbstractProblemLoader Creating init config 
319517     DEBUG main            d.u.i.k.p.i.AbstractProblemLoader Init config took 2.97s 
319535     INFO  main            d.u.i.k.p.i.AbstractProblemLoader Replaying proof nonLinInEqExample0.key.proof 
319539     DEBUG main            d.u.i.k.p.i.IntermediateProofReplayer Proof replay took 1.31ms 
319540     DEBUG main            d.u.i.k.p.r.p.TestFile    ... success: reloaded. 
319542     INFO  main            d.u.i.k.p.r.p.TestFile    Now processing file /home/runner/work/key/key/key.core/../key.ui/examples/standard_key/inEqSimp/nonLinInEqExample2.key 
319542     INFO  main            d.u.i.k.p.i.AbstractProblemLoader Loading environment from /home/runner/work/key/key/key.core/../key.ui/examples/standard_key/inEqSimp/nonLinInEqExample2.key 
319542     DEBUG main            d.u.i.k.p.i.AbstractProblemLoader Environment load took 117.9ns 
319544     INFO  main            d.u.i.k.p.i.AbstractProblemLoader Creating init config 
322642     DEBUG main            d.u.i.k.p.i.AbstractProblemLoader Init config took 3.1s 
322657     INFO  main            d.u.i.k.p.i.AbstractProblemLoader Replaying proof nonLinInEqExample2.key 
322661     DEBUG main            d.u.i.k.p.i.IntermediateProofReplayer Proof replay took 3.2ns 
323065     INFO  main            d.u.i.k.p.r.p.TestFile    ... finished proof: closed. 
323466     INFO  main            d.u.i.k.p.i.AbstractProblemLoader Loading environment from /home/runner/work/key/key/key.core/../key.ui/examples/standard_key/inEqSimp/nonLinInEqExample2.key.proof 
323467     DEBUG main            d.u.i.k.p.i.AbstractProblemLoader Environment load took 615.21ns 
323468     INFO  main            d.u.i.k.p.i.AbstractProblemLoader Creating init config 
326435     DEBUG main            d.u.i.k.p.i.AbstractProblemLoader Init config took 2.97s 
326452     INFO  main            d.u.i.k.p.i.AbstractProblemLoader Replaying proof nonLinInEqExample2.key.proof 
326512     DEBUG main            d.u.i.k.p.i.IntermediateProofReplayer Proof replay took 55.88ms 
326514     DEBUG main            d.u.i.k.p.r.p.TestFile    ... success: reloaded. 
326516     INFO  main            d.u.i.k.p.r.p.TestFile    Now processing file /home/runner/work/key/key/key.core/../key.ui/examples/standard_key/inEqSimp/nonLinInEqExample3.key 
326516     INFO  main            d.u.i.k.p.i.AbstractProblemLoader Loading environment from /home/runner/work/key/key/key.core/../key.ui/examples/standard_key/inEqSimp/nonLinInEqExample3.key 
326516     DEBUG main            d.u.i.k.p.i.AbstractProblemLoader Environment load took 239.3ns 
326518     INFO  main            d.u.i.k.p.i.AbstractProblemLoader Creating init config 
329580     DEBUG main            d.u.i.k.p.i.AbstractProblemLoader Init config took 3.06s 
329595     INFO  main            d.u.i.k.p.i.AbstractProblemLoader Replaying proof nonLinInEqExample3.key 
329597     DEBUG main            d.u.i.k.p.i.IntermediateProofReplayer Proof replay took 3.2ns 
329900     INFO  main            d.u.i.k.p.r.p.TestFile    ... finished proof: closed. 
330334     INFO  main            d.u.i.k.p.i.AbstractProblemLoader Loading environment from /home/runner/work/key/key/key.core/../key.ui/examples/standard_key/inEqSimp/nonLinInEqExample3.key.proof 
330334     DEBUG main            d.u.i.k.p.i.AbstractProblemLoader Environment load took 220ns 
330336     INFO  main            d.u.i.k.p.i.AbstractProblemLoader Creating init config 
333376     DEBUG main            d.u.i.k.p.i.AbstractProblemLoader Init config took 3.04s 
333391     INFO  main            d.u.i.k.p.i.AbstractProblemLoader Replaying proof nonLinInEqExample3.key.proof 
333421     DEBUG main            d.u.i.k.p.i.IntermediateProofReplayer Proof replay took 27.28ms 
333423     DEBUG main            d.u.i.k.p.r.p.TestFile    ... success: reloaded. 
333424     INFO  main            d.u.i.k.p.r.p.TestFile    Now processing file /home/runner/work/key/key/key.core/../key.ui/examples/standard_key/inEqSimp/nonLinInEqExample4.key 
333424     INFO  main            d.u.i.k.p.i.AbstractProblemLoader Loading environment from /home/runner/work/key/key/key.core/../key.ui/examples/standard_key/inEqSimp/nonLinInEqExample4.key 
333425     DEBUG main            d.u.i.k.p.i.AbstractProblemLoader Environment load took 210.8ns 
333426     INFO  main            d.u.i.k.p.i.AbstractProblemLoader Creating init config 
336529     DEBUG main            d.u.i.k.p.i.AbstractProblemLoader Init config took 3.1s 
336544     INFO  main            d.u.i.k.p.i.AbstractProblemLoader Replaying proof nonLinInEqExample4.key 
336545     DEBUG main            d.u.i.k.p.i.IntermediateProofReplayer Proof replay took 3.3ns 
336648     INFO  main            d.u.i.k.p.r.p.TestFile    ... finished proof: closed. 
337087     INFO  main            d.u.i.k.p.i.AbstractProblemLoader Loading environment from /home/runner/work/key/key/key.core/../key.ui/examples/standard_key/inEqSimp/nonLinInEqExample4.key.proof 
337087     DEBUG main            d.u.i.k.p.i.AbstractProblemLoader Environment load took 141.4ns 
337089     INFO  main            d.u.i.k.p.i.AbstractProblemLoader Creating init config 
340044     DEBUG main            d.u.i.k.p.i.AbstractProblemLoader Init config took 2.96s 
340065     INFO  main            d.u.i.k.p.i.AbstractProblemLoader Replaying proof nonLinInEqExample4.key.proof 
340079     DEBUG main            d.u.i.k.p.i.IntermediateProofReplayer Proof replay took 7.45ms 
340082     DEBUG main            d.u.i.k.p.r.p.TestFile    ... success: reloaded. 
340083     INFO  main            d.u.i.k.p.r.p.TestFile    Now processing file /home/runner/work/key/key/key.core/../key.ui/examples/standard_key/inEqSimp/quadraticInEq.key 
340084     INFO  main            d.u.i.k.p.i.AbstractProblemLoader Loading environment from /home/runner/work/key/key/key.core/../key.ui/examples/standard_key/inEqSimp/quadraticInEq.key 
340084     DEBUG main            d.u.i.k.p.i.AbstractProblemLoader Environment load took 179.6ns 
340086     INFO  main            d.u.i.k.p.i.AbstractProblemLoader Creating init config 
343148     DEBUG main            d.u.i.k.p.i.AbstractProblemLoader Init config took 3.06s 
343189     INFO  main            d.u.i.k.p.i.AbstractProblemLoader Replaying proof quadraticInEq.key 
343191     DEBUG main            d.u.i.k.p.i.IntermediateProofReplayer Proof replay took 3.7ns 
343596     INFO  main            d.u.i.k.p.r.p.TestFile    ... finished proof: closed. 
344026     INFO  main            d.u.i.k.p.i.AbstractProblemLoader Loading environment from /home/runner/work/key/key/key.core/../key.ui/examples/standard_key/inEqSimp/quadraticInEq.key.proof 
344027     DEBUG main            d.u.i.k.p.i.AbstractProblemLoader Environment load took 768.31ns 
344030     INFO  main            d.u.i.k.p.i.AbstractProblemLoader Creating init config 
347006     DEBUG main            d.u.i.k.p.i.AbstractProblemLoader Init config took 2.98s 
347024     INFO  main            d.u.i.k.p.i.AbstractProblemLoader Replaying proof quadraticInEq.key.proof 
347082     DEBUG main            d.u.i.k.p.i.IntermediateProofReplayer Proof replay took 52.37ms 
347084     DEBUG main            d.u.i.k.p.r.p.TestFile    ... success: reloaded. 
347085     INFO  main            d.u.i.k.p.r.p.TestFile    Now processing file /home/runner/work/key/key/key.core/../key.ui/examples/standard_key/inEqSimp/quadraticInEq10.key 
347085     INFO  main            d.u.i.k.p.i.AbstractProblemLoader Loading environment from /home/runner/work/key/key/key.core/../key.ui/examples/standard_key/inEqSimp/quadraticInEq10.key 
347085     DEBUG main            d.u.i.k.p.i.AbstractProblemLoader Environment load took 327.9ns 
347087     INFO  main            d.u.i.k.p.i.AbstractProblemLoader Creating init config 
350142     DEBUG main            d.u.i.k.p.i.AbstractProblemLoader Init config took 3.06s 
350158     INFO  main            d.u.i.k.p.i.AbstractProblemLoader Replaying proof quadraticInEq10.key 
350160     DEBUG main            d.u.i.k.p.i.IntermediateProofReplayer Proof replay took 3.4ns 
350364     INFO  main            d.u.i.k.p.r.p.TestFile    ... finished proof: closed. 
350792     INFO  main            d.u.i.k.p.i.AbstractProblemLoader Loading environment from /home/runner/work/key/key/key.core/../key.ui/examples/standard_key/inEqSimp/quadraticInEq10.key.proof 
350792     DEBUG main            d.u.i.k.p.i.AbstractProblemLoader Environment load took 132.6ns 
350796     INFO  main            d.u.i.k.p.i.AbstractProblemLoader Creating init config 
353823     DEBUG main            d.u.i.k.p.i.AbstractProblemLoader Init config took 3.03s 
353838     INFO  main            d.u.i.k.p.i.AbstractProblemLoader Replaying proof quadraticInEq10.key.proof 
353859     DEBUG main            d.u.i.k.p.i.IntermediateProofReplayer Proof replay took 18.97ms 
353860     DEBUG main            d.u.i.k.p.r.p.TestFile    ... success: reloaded. 
353861     INFO  main            d.u.i.k.p.r.p.TestFile    Now processing file /home/runner/work/key/key/key.core/../key.ui/examples/standard_key/inEqSimp/quadraticInEq13.key 
353862     INFO  main            d.u.i.k.p.i.AbstractProblemLoader Loading environment from /home/runner/work/key/key/key.core/../key.ui/examples/standard_key/inEqSimp/quadraticInEq13.key 
353862     DEBUG main            d.u.i.k.p.i.AbstractProblemLoader Environment load took 70.1ns 
353863     INFO  main            d.u.i.k.p.i.AbstractProblemLoader Creating init config 
356894     DEBUG main            d.u.i.k.p.i.AbstractProblemLoader Init config took 3.03s 
356909     INFO  main            d.u.i.k.p.i.AbstractProblemLoader Replaying proof quadraticInEq13.key 
356911     DEBUG main            d.u.i.k.p.i.IntermediateProofReplayer Proof replay took 3.2ns 
357217     INFO  main            d.u.i.k.p.r.p.TestFile    ... finished proof: closed. 
357681     INFO  main            d.u.i.k.p.i.AbstractProblemLoader Loading environment from /home/runner/work/key/key/key.core/../key.ui/examples/standard_key/inEqSimp/quadraticInEq13.key.proof 
357681     DEBUG main            d.u.i.k.p.i.AbstractProblemLoader Environment load took 112.1ns 
357683     INFO  main            d.u.i.k.p.i.AbstractProblemLoader Creating init config 
360655     DEBUG main            d.u.i.k.p.i.AbstractProblemLoader Init config took 2.97s 
360670     INFO  main            d.u.i.k.p.i.AbstractProblemLoader Replaying proof quadraticInEq13.key.proof 
360696     DEBUG main            d.u.i.k.p.i.IntermediateProofReplayer Proof replay took 22.88ms 
360697     DEBUG main            d.u.i.k.p.r.p.TestFile    ... success: reloaded. 
360697     INFO  main            d.u.i.k.p.r.p.TestFile    Now processing file /home/runner/work/key/key/key.core/../key.ui/examples/standard_key/inEqSimp/quadraticInEq14.key 
360698     INFO  main            d.u.i.k.p.i.AbstractProblemLoader Loading environment from /home/runner/work/key/key/key.core/../key.ui/examples/standard_key/inEqSimp/quadraticInEq14.key 
360698     DEBUG main            d.u.i.k.p.i.AbstractProblemLoader Environment load took 128.9ns 
360699     INFO  main            d.u.i.k.p.i.AbstractProblemLoader Creating init config 
363728     DEBUG main            d.u.i.k.p.i.AbstractProblemLoader Init config took 3.03s 
363745     INFO  main            d.u.i.k.p.i.AbstractProblemLoader Replaying proof quadraticInEq14.key 
363747     DEBUG main            d.u.i.k.p.i.IntermediateProofReplayer Proof replay took 3.6ns 
364152     INFO  main            d.u.i.k.p.r.p.TestFile    ... finished proof: closed. 
364619     INFO  main            d.u.i.k.p.i.AbstractProblemLoader Loading environment from /home/runner/work/key/key/key.core/../key.ui/examples/standard_key/inEqSimp/quadraticInEq14.key.proof 
364620     DEBUG main            d.u.i.k.p.i.AbstractProblemLoader Environment load took 107.7ns 
364622     INFO  main            d.u.i.k.p.i.AbstractProblemLoader Creating init config 
367624     DEBUG main            d.u.i.k.p.i.AbstractProblemLoader Init config took 3s 
367639     INFO  main            d.u.i.k.p.i.AbstractProblemLoader Replaying proof quadraticInEq14.key.proof 
367675     DEBUG main            d.u.i.k.p.i.IntermediateProofReplayer Proof replay took 31.11ms 
367676     DEBUG main            d.u.i.k.p.r.p.TestFile    ... success: reloaded. 
367678     INFO  main            d.u.i.k.p.r.p.TestFile    Now processing file /home/runner/work/key/key/key.core/../key.ui/examples/standard_key/inEqSimp/quadraticInEq2.key 
367678     INFO  main            d.u.i.k.p.i.AbstractProblemLoader Loading environment from /home/runner/work/key/key/key.core/../key.ui/examples/standard_key/inEqSimp/quadraticInEq2.key 
367678     DEBUG main            d.u.i.k.p.i.AbstractProblemLoader Environment load took 195.2ns 
367679     INFO  main            d.u.i.k.p.i.AbstractProblemLoader Creating init config 
370717     DEBUG main            d.u.i.k.p.i.AbstractProblemLoader Init config took 3.04s 
370732     INFO  main            d.u.i.k.p.i.AbstractProblemLoader Replaying proof quadraticInEq2.key 
370734     DEBUG main            d.u.i.k.p.i.IntermediateProofReplayer Proof replay took 4.8ns 
370836     INFO  main            d.u.i.k.p.r.p.TestFile    ... finished proof: closed. 
371288     INFO  main            d.u.i.k.p.i.AbstractProblemLoader Loading environment from /home/runner/work/key/key/key.core/../key.ui/examples/standard_key/inEqSimp/quadraticInEq2.key.proof 
371289     DEBUG main            d.u.i.k.p.i.AbstractProblemLoader Environment load took 100.5ns 
371290     INFO  main            d.u.i.k.p.i.AbstractProblemLoader Creating init config 
374279     DEBUG main            d.u.i.k.p.i.AbstractProblemLoader Init config took 2.99s 
374294     INFO  main            d.u.i.k.p.i.AbstractProblemLoader Replaying proof quadraticInEq2.key.proof 
374299     DEBUG main            d.u.i.k.p.i.IntermediateProofReplayer Proof replay took 2.7ms 
374300     DEBUG main            d.u.i.k.p.r.p.TestFile    ... success: reloaded. 
374302     INFO  main            d.u.i.k.p.r.p.TestFile    Now processing file /home/runner/work/key/key/key.core/../key.ui/examples/standard_key/inEqSimp/quadraticInEq3.key 
374302     INFO  main            d.u.i.k.p.i.AbstractProblemLoader Loading environment from /home/runner/work/key/key/key.core/../key.ui/examples/standard_key/inEqSimp/quadraticInEq3.key 
374302     DEBUG main            d.u.i.k.p.i.AbstractProblemLoader Environment load took 116.6ns 
374303     INFO  main            d.u.i.k.p.i.AbstractProblemLoader Creating init config 
377325     DEBUG main            d.u.i.k.p.i.AbstractProblemLoader Init config took 3.02s 
377347     INFO  main            d.u.i.k.p.i.AbstractProblemLoader Replaying proof quadraticInEq3.key 
377350     DEBUG main            d.u.i.k.p.i.IntermediateProofReplayer Proof replay took 3.3ns 
377451     INFO  main            d.u.i.k.p.r.p.TestFile    ... finished proof: closed. 
377903     INFO  main            d.u.i.k.p.i.AbstractProblemLoader Loading environment from /home/runner/work/key/key/key.core/../key.ui/examples/standard_key/inEqSimp/quadraticInEq3.key.proof 
377904     DEBUG main            d.u.i.k.p.i.AbstractProblemLoader Environment load took 99.9ns 
377905     INFO  main            d.u.i.k.p.i.AbstractProblemLoader Creating init config 
380919     DEBUG main            d.u.i.k.p.i.AbstractProblemLoader Init config took 3.01s 
380934     INFO  main            d.u.i.k.p.i.AbstractProblemLoader Replaying proof quadraticInEq3.key.proof 
380946     DEBUG main            d.u.i.k.p.i.IntermediateProofReplayer Proof replay took 9.93ms 
380946     DEBUG main            d.u.i.k.p.r.p.TestFile    ... success: reloaded. 
380947     INFO  main            d.u.i.k.p.r.p.TestFile    Now processing file /home/runner/work/key/key/key.core/../key.ui/examples/standard_key/inEqSimp/quadraticInEq4.key 
380947     INFO  main            d.u.i.k.p.i.AbstractProblemLoader Loading environment from /home/runner/work/key/key/key.core/../key.ui/examples/standard_key/inEqSimp/quadraticInEq4.key 
380948     DEBUG main            d.u.i.k.p.i.AbstractProblemLoader Environment load took 118.1ns 
380949     INFO  main            d.u.i.k.p.i.AbstractProblemLoader Creating init config 
383954     DEBUG main            d.u.i.k.p.i.AbstractProblemLoader Init config took 3.01s 
383970     INFO  main            d.u.i.k.p.i.AbstractProblemLoader Replaying proof quadraticInEq4.key 
383971     DEBUG main            d.u.i.k.p.i.IntermediateProofReplayer Proof replay took 2.9ns 
384075     INFO  main            d.u.i.k.p.r.p.TestFile    ... finished proof: closed. 
384536     INFO  main            d.u.i.k.p.i.AbstractProblemLoader Loading environment from /home/runner/work/key/key/key.core/../key.ui/examples/standard_key/inEqSimp/quadraticInEq4.key.proof 
384536     DEBUG main            d.u.i.k.p.i.AbstractProblemLoader Environment load took 99.8ns 
384537     INFO  main            d.u.i.k.p.i.AbstractProblemLoader Creating init config 
387525     DEBUG main            d.u.i.k.p.i.AbstractProblemLoader Init config took 2.99s 
387541     INFO  main            d.u.i.k.p.i.AbstractProblemLoader Replaying proof quadraticInEq4.key.proof 
387549     DEBUG main            d.u.i.k.p.i.IntermediateProofReplayer Proof replay took 6.27ms 
387550     DEBUG main            d.u.i.k.p.r.p.TestFile    ... success: reloaded. 
387551     INFO  main            d.u.i.k.p.r.p.TestFile    Now processing file /home/runner/work/key/key/key.core/../key.ui/examples/standard_key/inEqSimp/quadraticInEq5.key 
387551     INFO  main            d.u.i.k.p.i.AbstractProblemLoader Loading environment from /home/runner/work/key/key/key.core/../key.ui/examples/standard_key/inEqSimp/quadraticInEq5.key 
387551     DEBUG main            d.u.i.k.p.i.AbstractProblemLoader Environment load took 164.6ns 
387553     INFO  main            d.u.i.k.p.i.AbstractProblemLoader Creating init config 
390601     DEBUG main            d.u.i.k.p.i.AbstractProblemLoader Init config took 3.05s 
390622     INFO  main            d.u.i.k.p.i.AbstractProblemLoader Replaying proof quadraticInEq5.key 
390625     DEBUG main            d.u.i.k.p.i.IntermediateProofReplayer Proof replay took 3.5ns 
390727     INFO  main            d.u.i.k.p.r.p.TestFile    ... finished proof: closed. 
391189     INFO  main            d.u.i.k.p.i.AbstractProblemLoader Loading environment from /home/runner/work/key/key/key.core/../key.ui/examples/standard_key/inEqSimp/quadraticInEq5.key.proof 
391189     DEBUG main            d.u.i.k.p.i.AbstractProblemLoader Environment load took 116.6ns 
391190     INFO  main            d.u.i.k.p.i.AbstractProblemLoader Creating init config 
394220     DEBUG main            d.u.i.k.p.i.AbstractProblemLoader Init config took 3.03s 
394235     INFO  main            d.u.i.k.p.i.AbstractProblemLoader Replaying proof quadraticInEq5.key.proof 
394243     DEBUG main            d.u.i.k.p.i.IntermediateProofReplayer Proof replay took 5.88ms 
394244     DEBUG main            d.u.i.k.p.r.p.TestFile    ... success: reloaded. 
394244     INFO  main            d.u.i.k.p.r.p.TestFile    Now processing file /home/runner/work/key/key/key.core/../key.ui/examples/standard_key/inEqSimp/quadraticInEq6.key 
394245     INFO  main            d.u.i.k.p.i.AbstractProblemLoader Loading environment from /home/runner/work/key/key/key.core/../key.ui/examples/standard_key/inEqSimp/quadraticInEq6.key 
394245     DEBUG main            d.u.i.k.p.i.AbstractProblemLoader Environment load took 68.6ns 
394246     INFO  main            d.u.i.k.p.i.AbstractProblemLoader Creating init config 
397245     DEBUG main            d.u.i.k.p.i.AbstractProblemLoader Init config took 3s 
397261     INFO  main            d.u.i.k.p.i.AbstractProblemLoader Replaying proof quadraticInEq6.key 
397262     DEBUG main            d.u.i.k.p.i.IntermediateProofReplayer Proof replay took 3.3ns 
397379     INFO  main            d.u.i.k.p.r.p.TestFile    ... finished proof: closed. 
397818     INFO  main            d.u.i.k.p.i.AbstractProblemLoader Loading environment from /home/runner/work/key/key/key.core/../key.ui/examples/standard_key/inEqSimp/quadraticInEq6.key.proof 
397818     DEBUG main            d.u.i.k.p.i.AbstractProblemLoader Environment load took 103.8ns 
397819     INFO  main            d.u.i.k.p.i.AbstractProblemLoader Creating init config 
400802     DEBUG main            d.u.i.k.p.i.AbstractProblemLoader Init config took 2.98s 
400817     INFO  main            d.u.i.k.p.i.AbstractProblemLoader Replaying proof quadraticInEq6.key.proof 
400825     DEBUG main            d.u.i.k.p.i.IntermediateProofReplayer Proof replay took 5.81ms 
400826     DEBUG main            d.u.i.k.p.r.p.TestFile    ... success: reloaded. 
400826     INFO  main            d.u.i.k.p.r.p.TestFile    Now processing file /home/runner/work/key/key/key.core/../key.ui/examples/standard_key/inEqSimp/quadraticInEq7.key 
400827     INFO  main            d.u.i.k.p.i.AbstractProblemLoader Loading environment from /home/runner/work/key/key/key.core/../key.ui/examples/standard_key/inEqSimp/quadraticInEq7.key 
400827     DEBUG main            d.u.i.k.p.i.AbstractProblemLoader Environment load took 70.9ns 
400828     INFO  main            d.u.i.k.p.i.AbstractProblemLoader Creating init config 
403851     DEBUG main            d.u.i.k.p.i.AbstractProblemLoader Init config took 3.02s 
403866     INFO  main            d.u.i.k.p.i.AbstractProblemLoader Replaying proof quadraticInEq7.key 
403867     DEBUG main            d.u.i.k.p.i.IntermediateProofReplayer Proof replay took 3.1ns 
403969     INFO  main            d.u.i.k.p.r.p.TestFile    ... finished proof: closed. 
404443     INFO  main            d.u.i.k.p.i.AbstractProblemLoader Loading environment from /home/runner/work/key/key/key.core/../key.ui/examples/standard_key/inEqSimp/quadraticInEq7.key.proof 
404443     DEBUG main            d.u.i.k.p.i.AbstractProblemLoader Environment load took 106.2ns 
404444     INFO  main            d.u.i.k.p.i.AbstractProblemLoader Creating init config 
407414     DEBUG main            d.u.i.k.p.i.AbstractProblemLoader Init config took 2.97s 
407429     INFO  main            d.u.i.k.p.i.AbstractProblemLoader Replaying proof quadraticInEq7.key.proof 
407433     DEBUG main            d.u.i.k.p.i.IntermediateProofReplayer Proof replay took 2.91ms 
407435     DEBUG main            d.u.i.k.p.r.p.TestFile    ... success: reloaded. 
407436     INFO  main            d.u.i.k.p.r.p.TestFile    Now processing file /home/runner/work/key/key/key.core/../key.ui/examples/standard_key/inEqSimp/quadraticInEq8.key 
407436     INFO  main            d.u.i.k.p.i.AbstractProblemLoader Loading environment from /home/runner/work/key/key/key.core/../key.ui/examples/standard_key/inEqSimp/quadraticInEq8.key 
407436     DEBUG main            d.u.i.k.p.i.AbstractProblemLoader Environment load took 106ns 
407437     INFO  main            d.u.i.k.p.i.AbstractProblemLoader Creating init config 
410509     DEBUG main            d.u.i.k.p.i.AbstractProblemLoader Init config took 3.07s 
410524     INFO  main            d.u.i.k.p.i.AbstractProblemLoader Replaying proof quadraticInEq8.key 
410526     DEBUG main            d.u.i.k.p.i.IntermediateProofReplayer Proof replay took 3.1ns 
410728     INFO  main            d.u.i.k.p.r.p.TestFile    ... finished proof: closed. 
411224     INFO  main            d.u.i.k.p.i.AbstractProblemLoader Loading environment from /home/runner/work/key/key/key.core/../key.ui/examples/standard_key/inEqSimp/quadraticInEq8.key.proof 
411224     DEBUG main            d.u.i.k.p.i.AbstractProblemLoader Environment load took 96.3ns 
411226     INFO  main            d.u.i.k.p.i.AbstractProblemLoader Creating init config 
414179     DEBUG main            d.u.i.k.p.i.AbstractProblemLoader Init config took 2.95s 
414194     INFO  main            d.u.i.k.p.i.AbstractProblemLoader Replaying proof quadraticInEq8.key.proof 
414206     DEBUG main            d.u.i.k.p.i.IntermediateProofReplayer Proof replay took 9.43ms 
414207     DEBUG main            d.u.i.k.p.r.p.TestFile    ... success: reloaded. 
414208     INFO  main            d.u.i.k.p.r.p.TestFile    Now processing file /home/runner/work/key/key/key.core/../key.ui/examples/standard_key/inEqSimp/simplify0.key 
414208     INFO  main            d.u.i.k.p.i.AbstractProblemLoader Loading environment from /home/runner/work/key/key/key.core/../key.ui/examples/standard_key/inEqSimp/simplify0.key 
414208     DEBUG main            d.u.i.k.p.i.AbstractProblemLoader Environment load took 112.8ns 
414209     INFO  main            d.u.i.k.p.i.AbstractProblemLoader Creating init config 
417260     DEBUG main            d.u.i.k.p.i.AbstractProblemLoader Init config took 3.05s 
417277     INFO  main            d.u.i.k.p.i.AbstractProblemLoader Replaying proof simplify0.key 
417279     DEBUG main            d.u.i.k.p.i.IntermediateProofReplayer Proof replay took 3.9ns 
417381     INFO  main            d.u.i.k.p.r.p.TestFile    ... finished proof: closed. 
417861     INFO  main            d.u.i.k.p.i.AbstractProblemLoader Loading environment from /home/runner/work/key/key/key.core/../key.ui/examples/standard_key/inEqSimp/simplify0.key.proof 
417861     DEBUG main            d.u.i.k.p.i.AbstractProblemLoader Environment load took 108.7ns 
417862     INFO  main            d.u.i.k.p.i.AbstractProblemLoader Creating init config 
420831     DEBUG main            d.u.i.k.p.i.AbstractProblemLoader Init config took 2.97s 
420847     INFO  main            d.u.i.k.p.i.AbstractProblemLoader Replaying proof simplify0.key.proof 
420852     DEBUG main            d.u.i.k.p.i.IntermediateProofReplayer Proof replay took 3.66ms 
420853     DEBUG main            d.u.i.k.p.r.p.TestFile    ... success: reloaded. 
420854     INFO  main            d.u.i.k.p.r.p.TestFile    Now processing file /home/runner/work/key/key/key.core/../key.ui/examples/standard_key/inEqSimp/simplify1.key 
420854     INFO  main            d.u.i.k.p.i.AbstractProblemLoader Loading environment from /home/runner/work/key/key/key.core/../key.ui/examples/standard_key/inEqSimp/simplify1.key 
420854     DEBUG main            d.u.i.k.p.i.AbstractProblemLoader Environment load took 106.3ns 
420855     INFO  main            d.u.i.k.p.i.AbstractProblemLoader Creating init config 
423889     DEBUG main            d.u.i.k.p.i.AbstractProblemLoader Init config took 3.03s 
423904     INFO  main            d.u.i.k.p.i.AbstractProblemLoader Replaying proof simplify1.key 
423905     DEBUG main            d.u.i.k.p.i.IntermediateProofReplayer Proof replay took 3.8ns 
424012     INFO  main            d.u.i.k.p.r.p.TestFile    ... finished proof: closed. 
424504     INFO  main            d.u.i.k.p.i.AbstractProblemLoader Loading environment from /home/runner/work/key/key/key.core/../key.ui/examples/standard_key/inEqSimp/simplify1.key.proof 
424504     DEBUG main            d.u.i.k.p.i.AbstractProblemLoader Environment load took 100.2ns 
424506     INFO  main            d.u.i.k.p.i.AbstractProblemLoader Creating init config 
427519     DEBUG main            d.u.i.k.p.i.AbstractProblemLoader Init config took 3.01s 
427534     INFO  main            d.u.i.k.p.i.AbstractProblemLoader Replaying proof simplify1.key.proof 
427537     DEBUG main            d.u.i.k.p.i.IntermediateProofReplayer Proof replay took 1.76ms 
427538     DEBUG main            d.u.i.k.p.r.p.TestFile    ... success: reloaded. 
427538     INFO  main            d.u.i.k.p.r.p.TestFile    Now processing file /home/runner/work/key/key/key.core/../key.ui/examples/standard_key/inEqSimp/simplify2.key 
427538     INFO  main            d.u.i.k.p.i.AbstractProblemLoader Loading environment from /home/runner/work/key/key/key.core/../key.ui/examples/standard_key/inEqSimp/simplify2.key 
427539     DEBUG main            d.u.i.k.p.i.AbstractProblemLoader Environment load took 119.6ns 
427540     INFO  main            d.u.i.k.p.i.AbstractProblemLoader Creating init config 
430566     DEBUG main            d.u.i.k.p.i.AbstractProblemLoader Init config took 3.03s 
430587     INFO  main            d.u.i.k.p.i.AbstractProblemLoader Replaying proof simplify2.key 
430589     DEBUG main            d.u.i.k.p.i.IntermediateProofReplayer Proof replay took 3.9ns 
430793     INFO  main            d.u.i.k.p.r.p.TestFile    ... finished proof: closed. 
431292     INFO  main            d.u.i.k.p.i.AbstractProblemLoader Loading environment from /home/runner/work/key/key/key.core/../key.ui/examples/standard_key/inEqSimp/simplify2.key.proof 
431292     DEBUG main            d.u.i.k.p.i.AbstractProblemLoader Environment load took 103.1ns 
431294     INFO  main            d.u.i.k.p.i.AbstractProblemLoader Creating init config 
434279     DEBUG main            d.u.i.k.p.i.AbstractProblemLoader Init config took 2.98s 
434294     INFO  main            d.u.i.k.p.i.AbstractProblemLoader Replaying proof simplify2.key.proof 
434312     DEBUG main            d.u.i.k.p.i.IntermediateProofReplayer Proof replay took 15.64ms 
434313     DEBUG main            d.u.i.k.p.r.p.TestFile    ... success: reloaded. 
434314     INFO  main            d.u.i.k.p.r.p.TestFile    Now processing file /home/runner/work/key/key/key.core/../key.ui/examples/standard_key/inEqSimp/simplify3.key 
434314     INFO  main            d.u.i.k.p.i.AbstractProblemLoader Loading environment from /home/runner/work/key/key/key.core/../key.ui/examples/standard_key/inEqSimp/simplify3.key 
434314     DEBUG main            d.u.i.k.p.i.AbstractProblemLoader Environment load took 112.1ns 
434315     INFO  main            d.u.i.k.p.i.AbstractProblemLoader Creating init config 
437359     DEBUG main            d.u.i.k.p.i.AbstractProblemLoader Init config took 3.04s 
437374     INFO  main            d.u.i.k.p.i.AbstractProblemLoader Replaying proof simplify3.key 
437376     DEBUG main            d.u.i.k.p.i.IntermediateProofReplayer Proof replay took 3.7ns 
437477     INFO  main            d.u.i.k.p.r.p.TestFile    ... finished proof: closed. 
438006     INFO  main            d.u.i.k.p.i.AbstractProblemLoader Loading environment from /home/runner/work/key/key/key.core/../key.ui/examples/standard_key/inEqSimp/simplify3.key.proof 
438006     DEBUG main            d.u.i.k.p.i.AbstractProblemLoader Environment load took 118.7ns 
438007     INFO  main            d.u.i.k.p.i.AbstractProblemLoader Creating init config 
440971     DEBUG main            d.u.i.k.p.i.AbstractProblemLoader Init config took 2.96s 
440986     INFO  main            d.u.i.k.p.i.AbstractProblemLoader Replaying proof simplify3.key.proof 
440992     DEBUG main            d.u.i.k.p.i.IntermediateProofReplayer Proof replay took 4.07ms 
440993     DEBUG main            d.u.i.k.p.r.p.TestFile    ... success: reloaded. 
440994     INFO  main            d.u.i.k.p.r.p.TestFile    Now processing file /home/runner/work/key/key/key.core/../key.ui/examples/standard_key/inEqSimp/simplify4.key 
440995     INFO  main            d.u.i.k.p.i.AbstractProblemLoader Loading environment from /home/runner/work/key/key/key.core/../key.ui/examples/standard_key/inEqSimp/simplify4.key 
440995     DEBUG main            d.u.i.k.p.i.AbstractProblemLoader Environment load took 265.9ns 
440997     INFO  main            d.u.i.k.p.i.AbstractProblemLoader Creating init config 
444048     DEBUG main            d.u.i.k.p.i.AbstractProblemLoader Init config took 3.05s 
444064     INFO  main            d.u.i.k.p.i.AbstractProblemLoader Replaying proof simplify4.key 
444065     DEBUG main            d.u.i.k.p.i.IntermediateProofReplayer Proof replay took 3.4ns 
444268     INFO  main            d.u.i.k.p.r.p.TestFile    ... finished proof: closed. 
444798     INFO  main            d.u.i.k.p.i.AbstractProblemLoader Loading environment from /home/runner/work/key/key/key.core/../key.ui/examples/standard_key/inEqSimp/simplify4.key.proof 
444798     DEBUG main            d.u.i.k.p.i.AbstractProblemLoader Environment load took 94.1ns 
444799     INFO  main            d.u.i.k.p.i.AbstractProblemLoader Creating init config 
447752     DEBUG main            d.u.i.k.p.i.AbstractProblemLoader Init config took 2.95s 
447768     INFO  main            d.u.i.k.p.i.AbstractProblemLoader Replaying proof simplify4.key.proof 
447793     DEBUG main            d.u.i.k.p.i.IntermediateProofReplayer Proof replay took 21.74ms 
447795     DEBUG main            d.u.i.k.p.r.p.TestFile    ... success: reloaded. 
447796     INFO  main            d.u.i.k.p.r.p.TestFile    Now processing file /home/runner/work/key/key/key.core/../key.ui/examples/standard_key/inEqSimp/simplify5.key 
447796     INFO  main            d.u.i.k.p.i.AbstractProblemLoader Loading environment from /home/runner/work/key/key/key.core/../key.ui/examples/standard_key/inEqSimp/simplify5.key 
447797     DEBUG main            d.u.i.k.p.i.AbstractProblemLoader Environment load took 317.9ns 
447799     INFO  main            d.u.i.k.p.i.AbstractProblemLoader Creating init config 
450864     DEBUG main            d.u.i.k.p.i.AbstractProblemLoader Init config took 3.07s 
450880     INFO  main            d.u.i.k.p.i.AbstractProblemLoader Replaying proof simplify5.key 
450882     DEBUG main            d.u.i.k.p.i.IntermediateProofReplayer Proof replay took 3.3ns 
451587     INFO  main            d.u.i.k.p.r.p.TestFile    ... finished proof: closed. 
452142     INFO  main            d.u.i.k.p.i.AbstractProblemLoader Loading environment from /home/runner/work/key/key/key.core/../key.ui/examples/standard_key/inEqSimp/simplify5.key.proof 
452142     DEBUG main            d.u.i.k.p.i.AbstractProblemLoader Environment load took 101.8ns 
452144     INFO  main            d.u.i.k.p.i.AbstractProblemLoader Creating init config 
455126     DEBUG main            d.u.i.k.p.i.AbstractProblemLoader Init config took 2.98s 
455147     INFO  main            d.u.i.k.p.i.AbstractProblemLoader Replaying proof simplify5.key.proof 
455219     DEBUG main            d.u.i.k.p.i.IntermediateProofReplayer Proof replay took 65.68ms 
455221     DEBUG main            d.u.i.k.p.r.p.TestFile    ... success: reloaded. 
455222     INFO  main            d.u.i.k.p.r.p.TestFile    Now processing file /home/runner/work/key/key/key.core/../key.ui/examples/standard_key/inEqSimp/subsumptionExample.key 
455222     INFO  main            d.u.i.k.p.i.AbstractProblemLoader Loading environment from /home/runner/work/key/key/key.core/../key.ui/examples/standard_key/inEqSimp/subsumptionExample.key 
455222     DEBUG main            d.u.i.k.p.i.AbstractProblemLoader Environment load took 129ns 
455223     INFO  main            d.u.i.k.p.i.AbstractProblemLoader Creating init config 
458291     DEBUG main            d.u.i.k.p.i.AbstractProblemLoader Init config took 3.07s 
458306     INFO  main            d.u.i.k.p.i.AbstractProblemLoader Replaying proof subsumptionExample.key 
458307     DEBUG main            d.u.i.k.p.i.IntermediateProofReplayer Proof replay took 3.2ns 
458411     INFO  main            d.u.i.k.p.r.p.TestFile    ... finished proof: closed. 
458969     INFO  main            d.u.i.k.p.i.AbstractProblemLoader Loading environment from /home/runner/work/key/key/key.core/../key.ui/examples/standard_key/inEqSimp/subsumptionExample.key.proof 
458969     DEBUG main            d.u.i.k.p.i.AbstractProblemLoader Environment load took 178.4ns 
458970     INFO  main            d.u.i.k.p.i.AbstractProblemLoader Creating init config 
461910     DEBUG main            d.u.i.k.p.i.AbstractProblemLoader Init config took 2.94s 
461926     INFO  main            d.u.i.k.p.i.AbstractProblemLoader Replaying proof subsumptionExample.key.proof 
461928     DEBUG main            d.u.i.k.p.i.IntermediateProofReplayer Proof replay took 984.91ns 
461929     DEBUG main            d.u.i.k.p.r.p.TestFile    ... success: reloaded. 
461929     INFO  main            d.u.i.k.p.r.p.TestFile    Now processing file /home/runner/work/key/key/key.core/../key.ui/examples/standard_key/polySimp/simplify0.key 
461930     INFO  main            d.u.i.k.p.i.AbstractProblemLoader Loading environment from /home/runner/work/key/key/key.core/../key.ui/examples/standard_key/polySimp/simplify0.key 
461930     DEBUG main            d.u.i.k.p.i.AbstractProblemLoader Environment load took 90.5ns 
461931     INFO  main            d.u.i.k.p.i.AbstractProblemLoader Creating init config 
464980     DEBUG main            d.u.i.k.p.i.AbstractProblemLoader Init config took 3.05s 
464995     INFO  main            d.u.i.k.p.i.AbstractProblemLoader Replaying proof simplify0.key 
464997     DEBUG main            d.u.i.k.p.i.IntermediateProofReplayer Proof replay took 3.3ns 
465200     INFO  main            d.u.i.k.p.r.p.TestFile    ... finished proof: closed. 
465758     INFO  main            d.u.i.k.p.i.AbstractProblemLoader Loading environment from /home/runner/work/key/key/key.core/../key.ui/examples/standard_key/polySimp/simplify0.key.proof 
465758     DEBUG main            d.u.i.k.p.i.AbstractProblemLoader Environment load took 102.6ns 
465759     INFO  main            d.u.i.k.p.i.AbstractProblemLoader Creating init config 
468781     DEBUG main            d.u.i.k.p.i.AbstractProblemLoader Init config took 3.02s 
468797     INFO  main            d.u.i.k.p.i.AbstractProblemLoader Replaying proof simplify0.key.proof 
468820     DEBUG main            d.u.i.k.p.i.IntermediateProofReplayer Proof replay took 20.22ms 
468821     DEBUG main            d.u.i.k.p.r.p.TestFile    ... success: reloaded. 
468821     INFO  main            d.u.i.k.p.r.p.TestFile    Now processing file /home/runner/work/key/key/key.core/../key.ui/examples/standard_key/polySimp/simplify1.key 
468822     INFO  main            d.u.i.k.p.i.AbstractProblemLoader Loading environment from /home/runner/work/key/key/key.core/../key.ui/examples/standard_key/polySimp/simplify1.key 
468822     DEBUG main            d.u.i.k.p.i.AbstractProblemLoader Environment load took 60.2ns 
468823     INFO  main            d.u.i.k.p.i.AbstractProblemLoader Creating init config 
471808     DEBUG main            d.u.i.k.p.i.AbstractProblemLoader Init config took 2.98s 
471824     INFO  main            d.u.i.k.p.i.AbstractProblemLoader Replaying proof simplify1.key 
471825     DEBUG main            d.u.i.k.p.i.IntermediateProofReplayer Proof replay took 3.3ns 
472228     INFO  main            d.u.i.k.p.r.p.TestFile    ... finished proof: closed. 
472804     INFO  main            d.u.i.k.p.i.AbstractProblemLoader Loading environment from /home/runner/work/key/key/key.core/../key.ui/examples/standard_key/polySimp/simplify1.key.proof 
472804     DEBUG main            d.u.i.k.p.i.AbstractProblemLoader Environment load took 96.9ns 
472805     INFO  main            d.u.i.k.p.i.AbstractProblemLoader Creating init config 
475722     DEBUG main            d.u.i.k.p.i.AbstractProblemLoader Init config took 2.92s 
475751     INFO  main            d.u.i.k.p.i.AbstractProblemLoader Replaying proof simplify1.key.proof 
475781     DEBUG main            d.u.i.k.p.i.IntermediateProofReplayer Proof replay took 27.69ms 
475782     DEBUG main            d.u.i.k.p.r.p.TestFile    ... success: reloaded. 
475782     INFO  main            d.u.i.k.p.r.p.TestFile    Now processing file /home/runner/work/key/key/key.core/../key.ui/examples/standard_key/polySimp/simplify10.key 
475782     INFO  main            d.u.i.k.p.i.AbstractProblemLoader Loading environment from /home/runner/work/key/key/key.core/../key.ui/examples/standard_key/polySimp/simplify10.key 
475782     DEBUG main            d.u.i.k.p.i.AbstractProblemLoader Environment load took 56.6ns 
475784     INFO  main            d.u.i.k.p.i.AbstractProblemLoader Creating init config 
478788     DEBUG main            d.u.i.k.p.i.AbstractProblemLoader Init config took 3s 
478806     INFO  main            d.u.i.k.p.i.AbstractProblemLoader Replaying proof simplify10.key 
478807     DEBUG main            d.u.i.k.p.i.IntermediateProofReplayer Proof replay took 3.3ns 
479110     INFO  main            d.u.i.k.p.r.p.TestFile    ... finished proof: closed. 
479725     INFO  main            d.u.i.k.p.i.AbstractProblemLoader Loading environment from /home/runner/work/key/key/key.core/../key.ui/examples/standard_key/polySimp/simplify10.key.proof 
479725     DEBUG main            d.u.i.k.p.i.AbstractProblemLoader Environment load took 98.9ns 
479728     INFO  main            d.u.i.k.p.i.AbstractProblemLoader Creating init config 
482721     DEBUG main            d.u.i.k.p.i.AbstractProblemLoader Init config took 2.99s 
482738     INFO  main            d.u.i.k.p.i.AbstractProblemLoader Replaying proof simplify10.key.proof 
482798     DEBUG main            d.u.i.k.p.i.IntermediateProofReplayer Proof replay took 57.89ms 
482800     DEBUG main            d.u.i.k.p.r.p.TestFile    ... success: reloaded. 
482801     INFO  main            d.u.i.k.p.r.p.TestFile    Now processing file /home/runner/work/key/key/key.core/../key.ui/examples/standard_key/polySimp/simplify11.key 
482801     INFO  main            d.u.i.k.p.i.AbstractProblemLoader Loading environment from /home/runner/work/key/key/key.core/../key.ui/examples/standard_key/polySimp/simplify11.key 
482801     DEBUG main            d.u.i.k.p.i.AbstractProblemLoader Environment load took 104ns 
482802     INFO  main            d.u.i.k.p.i.AbstractProblemLoader Creating init config 
485811     DEBUG main            d.u.i.k.p.i.AbstractProblemLoader Init config took 3.01s 
485826     INFO  main            d.u.i.k.p.i.AbstractProblemLoader Replaying proof simplify11.key 
485827     DEBUG main            d.u.i.k.p.i.IntermediateProofReplayer Proof replay took 3ns 
486135     INFO  main            d.u.i.k.p.r.p.TestFile    ... finished proof: closed. 
486729     INFO  main            d.u.i.k.p.i.AbstractProblemLoader Loading environment from /home/runner/work/key/key/key.core/../key.ui/examples/standard_key/polySimp/simplify11.key.proof 
486729     DEBUG main            d.u.i.k.p.i.AbstractProblemLoader Environment load took 89.3ns 
486731     INFO  main            d.u.i.k.p.i.AbstractProblemLoader Creating init config 
489672     DEBUG main            d.u.i.k.p.i.AbstractProblemLoader Init config took 2.94s 
489703     INFO  main            d.u.i.k.p.i.AbstractProblemLoader Replaying proof simplify11.key.proof 
489733     DEBUG main            d.u.i.k.p.i.IntermediateProofReplayer Proof replay took 27.03ms 
489734     DEBUG main            d.u.i.k.p.r.p.TestFile    ... success: reloaded. 
489734     INFO  main            d.u.i.k.p.r.p.TestFile    Now processing file /home/runner/work/key/key/key.core/../key.ui/examples/standard_key/polySimp/simplify12.key 
489735     INFO  main            d.u.i.k.p.i.AbstractProblemLoader Loading environment from /home/runner/work/key/key/key.core/../key.ui/examples/standard_key/polySimp/simplify12.key 
489735     DEBUG main            d.u.i.k.p.i.AbstractProblemLoader Environment load took 67.8ns 
489736     INFO  main            d.u.i.k.p.i.AbstractProblemLoader Creating init config 
492746     DEBUG main            d.u.i.k.p.i.AbstractProblemLoader Init config took 3.01s 
492761     INFO  main            d.u.i.k.p.i.AbstractProblemLoader Replaying proof simplify12.key 
492762     DEBUG main            d.u.i.k.p.i.IntermediateProofReplayer Proof replay took 3.3ns 
492864     INFO  main            d.u.i.k.p.r.p.TestFile    ... finished proof: closed. 
493461     INFO  main            d.u.i.k.p.i.AbstractProblemLoader Loading environment from /home/runner/work/key/key/key.core/../key.ui/examples/standard_key/polySimp/simplify12.key.proof 
493461     DEBUG main            d.u.i.k.p.i.AbstractProblemLoader Environment load took 90.9ns 
493462     INFO  main            d.u.i.k.p.i.AbstractProblemLoader Creating init config 
496383     DEBUG main            d.u.i.k.p.i.AbstractProblemLoader Init config took 2.92s 
496411     INFO  main            d.u.i.k.p.i.AbstractProblemLoader Replaying proof simplify12.key.proof 
496426     DEBUG main            d.u.i.k.p.i.IntermediateProofReplayer Proof replay took 12.14ms 
496426     DEBUG main            d.u.i.k.p.r.p.TestFile    ... success: reloaded. 
496427     INFO  main            d.u.i.k.p.r.p.TestFile    Now processing file /home/runner/work/key/key/key.core/../key.ui/examples/standard_key/polySimp/simplify13.key 
496427     INFO  main            d.u.i.k.p.i.AbstractProblemLoader Loading environment from /home/runner/work/key/key/key.core/../key.ui/examples/standard_key/polySimp/simplify13.key 
496427     DEBUG main            d.u.i.k.p.i.AbstractProblemLoader Environment load took 70ns 
496429     INFO  main            d.u.i.k.p.i.AbstractProblemLoader Creating init config 
499452     DEBUG main            d.u.i.k.p.i.AbstractProblemLoader Init config took 3.02s 
499467     INFO  main            d.u.i.k.p.i.AbstractProblemLoader Replaying proof simplify13.key 
499468     DEBUG main            d.u.i.k.p.i.IntermediateProofReplayer Proof replay took 2.8ns 
499570     INFO  main            d.u.i.k.p.r.p.TestFile    ... finished proof: closed. 
500153     INFO  main            d.u.i.k.p.i.AbstractProblemLoader Loading environment from /home/runner/work/key/key/key.core/../key.ui/examples/standard_key/polySimp/simplify13.key.proof 
500153     DEBUG main            d.u.i.k.p.i.AbstractProblemLoader Environment load took 99.7ns 
500154     INFO  main            d.u.i.k.p.i.AbstractProblemLoader Creating init config 
503084     DEBUG main            d.u.i.k.p.i.AbstractProblemLoader Init config took 2.93s 
503116     INFO  main            d.u.i.k.p.i.AbstractProblemLoader Replaying proof simplify13.key.proof 
503125     DEBUG main            d.u.i.k.p.i.IntermediateProofReplayer Proof replay took 6.83ms 
503126     DEBUG main            d.u.i.k.p.r.p.TestFile    ... success: reloaded. 
503126     INFO  main            d.u.i.k.p.r.p.TestFile    Now processing file /home/runner/work/key/key/key.core/../key.ui/examples/standard_key/polySimp/simplify14.key 
503127     INFO  main            d.u.i.k.p.i.AbstractProblemLoader Loading environment from /home/runner/work/key/key/key.core/../key.ui/examples/standard_key/polySimp/simplify14.key 
503127     DEBUG main            d.u.i.k.p.i.AbstractProblemLoader Environment load took 98.2ns 
503128     INFO  main            d.u.i.k.p.i.AbstractProblemLoader Creating init config 
506176     DEBUG main            d.u.i.k.p.i.AbstractProblemLoader Init config took 3.05s 
506192     INFO  main            d.u.i.k.p.i.AbstractProblemLoader Replaying proof simplify14.key 
506193     DEBUG main            d.u.i.k.p.i.IntermediateProofReplayer Proof replay took 2.9ns 
506295     INFO  main            d.u.i.k.p.r.p.TestFile    ... finished proof: closed. 
506866     INFO  main            d.u.i.k.p.i.AbstractProblemLoader Loading environment from /home/runner/work/key/key/key.core/../key.ui/examples/standard_key/polySimp/simplify14.key.proof 
506866     DEBUG main            d.u.i.k.p.i.AbstractProblemLoader Environment load took 84.2ns 
506867     INFO  main            d.u.i.k.p.i.AbstractProblemLoader Creating init config 
509914     DEBUG main            d.u.i.k.p.i.AbstractProblemLoader Init config took 3.05s 
509951     INFO  main            d.u.i.k.p.i.AbstractProblemLoader Replaying proof simplify14.key.proof 
509955     DEBUG main            d.u.i.k.p.i.IntermediateProofReplayer Proof replay took 1.78ms 
509955     DEBUG main            d.u.i.k.p.r.p.TestFile    ... success: reloaded. 
509956     INFO  main            d.u.i.k.p.r.p.TestFile    Now processing file /home/runner/work/key/key/key.core/../key.ui/examples/standard_key/polySimp/simplify15.key 
509956     INFO  main            d.u.i.k.p.i.AbstractProblemLoader Loading environment from /home/runner/work/key/key/key.core/../key.ui/examples/standard_key/polySimp/simplify15.key 
509956     DEBUG main            d.u.i.k.p.i.AbstractProblemLoader Environment load took 79.4ns 
509957     INFO  main            d.u.i.k.p.i.AbstractProblemLoader Creating init config 
512903     DEBUG main            d.u.i.k.p.i.AbstractProblemLoader Init config took 2.95s 
512918     INFO  main            d.u.i.k.p.i.AbstractProblemLoader Replaying proof simplify15.key 
512919     DEBUG main            d.u.i.k.p.i.IntermediateProofReplayer Proof replay took 3.4ns 
513020     INFO  main            d.u.i.k.p.r.p.TestFile    ... finished proof: closed. 
513622     INFO  main            d.u.i.k.p.i.AbstractProblemLoader Loading environment from /home/runner/work/key/key/key.core/../key.ui/examples/standard_key/polySimp/simplify15.key.proof 
513623     DEBUG main            d.u.i.k.p.i.AbstractProblemLoader Environment load took 85.8ns 
513624     INFO  main            d.u.i.k.p.i.AbstractProblemLoader Creating init config 
516716     DEBUG main            d.u.i.k.p.i.AbstractProblemLoader Init config took 3.09s 
516731     INFO  main            d.u.i.k.p.i.AbstractProblemLoader Replaying proof simplify15.key.proof 
516733     DEBUG main            d.u.i.k.p.i.IntermediateProofReplayer Proof replay took 834.01ns 
516734     DEBUG main            d.u.i.k.p.r.p.TestFile    ... success: reloaded. 
516734     INFO  main            d.u.i.k.p.r.p.TestFile    Now processing file /home/runner/work/key/key/key.core/../key.ui/examples/standard_key/polySimp/simplify16.key 
516734     INFO  main            d.u.i.k.p.i.AbstractProblemLoader Loading environment from /home/runner/work/key/key/key.core/../key.ui/examples/standard_key/polySimp/simplify16.key 
516734     DEBUG main            d.u.i.k.p.i.AbstractProblemLoader Environment load took 80.8ns 
516735     INFO  main            d.u.i.k.p.i.AbstractProblemLoader Creating init config 
519727     DEBUG main            d.u.i.k.p.i.AbstractProblemLoader Init config took 2.99s 
519742     INFO  main            d.u.i.k.p.i.AbstractProblemLoader Replaying proof simplify16.key 
519743     DEBUG main            d.u.i.k.p.i.IntermediateProofReplayer Proof replay took 3ns 
519846     INFO  main            d.u.i.k.p.r.p.TestFile    ... finished proof: closed. 
520413     INFO  main            d.u.i.k.p.i.AbstractProblemLoader Loading environment from /home/runner/work/key/key/key.core/../key.ui/examples/standard_key/polySimp/simplify16.key.proof 
520413     DEBUG main            d.u.i.k.p.i.AbstractProblemLoader Environment load took 81.7ns 
520414     INFO  main            d.u.i.k.p.i.AbstractProblemLoader Creating init config 
523405     DEBUG main            d.u.i.k.p.i.AbstractProblemLoader Init config took 2.99s 
523419     INFO  main            d.u.i.k.p.i.AbstractProblemLoader Replaying proof simplify16.key.proof 
523424     DEBUG main            d.u.i.k.p.i.IntermediateProofReplayer Proof replay took 571.3ns 
523425     DEBUG main            d.u.i.k.p.r.p.TestFile    ... success: reloaded. 
523425     INFO  main            d.u.i.k.p.r.p.TestFile    Now processing file /home/runner/work/key/key/key.core/../key.ui/examples/standard_key/polySimp/simplify17.key 
523425     INFO  main            d.u.i.k.p.i.AbstractProblemLoader Loading environment from /home/runner/work/key/key/key.core/../key.ui/examples/standard_key/polySimp/simplify17.key 
523425     DEBUG main            d.u.i.k.p.i.AbstractProblemLoader Environment load took 108.9ns 
523426     INFO  main            d.u.i.k.p.i.AbstractProblemLoader Creating init config 
526410     DEBUG main            d.u.i.k.p.i.AbstractProblemLoader Init config took 2.98s 
526425     INFO  main            d.u.i.k.p.i.AbstractProblemLoader Replaying proof simplify17.key 
526427     DEBUG main            d.u.i.k.p.i.IntermediateProofReplayer Proof replay took 3.3ns 
526528     INFO  main            d.u.i.k.p.r.p.TestFile    ... finished proof: closed. 
527127     INFO  main            d.u.i.k.p.i.AbstractProblemLoader Loading environment from /home/runner/work/key/key/key.core/../key.ui/examples/standard_key/polySimp/simplify17.key.proof 
527127     DEBUG main            d.u.i.k.p.i.AbstractProblemLoader Environment load took 83.9ns 
527128     INFO  main            d.u.i.k.p.i.AbstractProblemLoader Creating init config 
530123     DEBUG main            d.u.i.k.p.i.AbstractProblemLoader Init config took 3s 
530139     INFO  main            d.u.i.k.p.i.AbstractProblemLoader Replaying proof simplify17.key.proof 
530148     DEBUG main            d.u.i.k.p.i.IntermediateProofReplayer Proof replay took 7.84ms 
530149     DEBUG main            d.u.i.k.p.r.p.TestFile    ... success: reloaded. 
530150     INFO  main            d.u.i.k.p.r.p.TestFile    Now processing file /home/runner/work/key/key/key.core/../key.ui/examples/standard_key/polySimp/simplify18.key 
530150     INFO  main            d.u.i.k.p.i.AbstractProblemLoader Loading environment from /home/runner/work/key/key/key.core/../key.ui/examples/standard_key/polySimp/simplify18.key 
530150     DEBUG main            d.u.i.k.p.i.AbstractProblemLoader Environment load took 60.3ns 
530152     INFO  main            d.u.i.k.p.i.AbstractProblemLoader Creating init config 
533158     DEBUG main            d.u.i.k.p.i.AbstractProblemLoader Init config took 3.01s 
533174     INFO  main            d.u.i.k.p.i.AbstractProblemLoader Replaying proof simplify18.key 
533175     DEBUG main            d.u.i.k.p.i.IntermediateProofReplayer Proof replay took 3.1ns 
533377     INFO  main            d.u.i.k.p.r.p.TestFile    ... finished proof: closed. 
533990     INFO  main            d.u.i.k.p.i.AbstractProblemLoader Loading environment from /home/runner/work/key/key/key.core/../key.ui/examples/standard_key/polySimp/simplify18.key.proof 
533990     DEBUG main            d.u.i.k.p.i.AbstractProblemLoader Environment load took 85.7ns 
533992     INFO  main            d.u.i.k.p.i.AbstractProblemLoader Creating init config 
536906     DEBUG main            d.u.i.k.p.i.AbstractProblemLoader Init config took 2.91s 
536922     INFO  main            d.u.i.k.p.i.AbstractProblemLoader Replaying proof simplify18.key.proof 
536945     DEBUG main            d.u.i.k.p.i.IntermediateProofReplayer Proof replay took 20.72ms 
536945     DEBUG main            d.u.i.k.p.r.p.TestFile    ... success: reloaded. 
536946     INFO  main            d.u.i.k.p.r.p.TestFile    Now processing file /home/runner/work/key/key/key.core/../key.ui/examples/standard_key/polySimp/simplify19.key 
536946     INFO  main            d.u.i.k.p.i.AbstractProblemLoader Loading environment from /home/runner/work/key/key/key.core/../key.ui/examples/standard_key/polySimp/simplify19.key 
536946     DEBUG main            d.u.i.k.p.i.AbstractProblemLoader Environment load took 56.8ns 
536947     INFO  main            d.u.i.k.p.i.AbstractProblemLoader Creating init config 
539923     DEBUG main            d.u.i.k.p.i.AbstractProblemLoader Init config took 2.98s 
539939     INFO  main            d.u.i.k.p.i.AbstractProblemLoader Replaying proof simplify19.key 
539940     DEBUG main            d.u.i.k.p.i.IntermediateProofReplayer Proof replay took 3.5ns 
543912     INFO  main            d.u.i.k.p.r.p.TestFile    ... finished proof: closed. 
544615     INFO  main            d.u.i.k.p.i.AbstractProblemLoader Loading environment from /home/runner/work/key/key/key.core/../key.ui/examples/standard_key/polySimp/simplify19.key.proof 
544616     DEBUG main            d.u.i.k.p.i.AbstractProblemLoader Environment load took 145ns 
544618     INFO  main            d.u.i.k.p.i.AbstractProblemLoader Creating init config 
547586     DEBUG main            d.u.i.k.p.i.AbstractProblemLoader Init config took 2.97s 
547602     INFO  main            d.u.i.k.p.i.AbstractProblemLoader Replaying proof simplify19.key.proof 
547952     DEBUG main            d.u.i.k.p.i.IntermediateProofReplayer Proof replay took 337.76ms 
547953     DEBUG main            d.u.i.k.p.r.p.TestFile    ... success: reloaded. 
547954     INFO  main            d.u.i.k.p.r.p.TestFile    Now processing file /home/runner/work/key/key/key.core/../key.ui/examples/standard_key/polySimp/simplify2.key 
547954     INFO  main            d.u.i.k.p.i.AbstractProblemLoader Loading environment from /home/runner/work/key/key/key.core/../key.ui/examples/standard_key/polySimp/simplify2.key 
547954     DEBUG main            d.u.i.k.p.i.AbstractProblemLoader Environment load took 171.9ns 
547955     INFO  main            d.u.i.k.p.i.AbstractProblemLoader Creating init config 
550986     DEBUG main            d.u.i.k.p.i.AbstractProblemLoader Init config took 3.03s 
551001     INFO  main            d.u.i.k.p.i.AbstractProblemLoader Replaying proof simplify2.key 
551002     DEBUG main            d.u.i.k.p.i.IntermediateProofReplayer Proof replay took 3ns 
551104     INFO  main            d.u.i.k.p.r.p.TestFile    ... finished proof: closed. 
551765     INFO  main            d.u.i.k.p.i.AbstractProblemLoader Loading environment from /home/runner/work/key/key/key.core/../key.ui/examples/standard_key/polySimp/simplify2.key.proof 
551765     DEBUG main            d.u.i.k.p.i.AbstractProblemLoader Environment load took 82.4ns 
551767     INFO  main            d.u.i.k.p.i.AbstractProblemLoader Creating init config 
554716     DEBUG main            d.u.i.k.p.i.AbstractProblemLoader Init config took 2.95s 
554731     INFO  main            d.u.i.k.p.i.AbstractProblemLoader Replaying proof simplify2.key.proof 
554733     DEBUG main            d.u.i.k.p.i.IntermediateProofReplayer Proof replay took 1.1ms 
554734     DEBUG main            d.u.i.k.p.r.p.TestFile    ... success: reloaded. 
554734     INFO  main            d.u.i.k.p.r.p.TestFile    Now processing file /home/runner/work/key/key/key.core/../key.ui/examples/standard_key/polySimp/simplify20.key 
554735     INFO  main            d.u.i.k.p.i.AbstractProblemLoader Loading environment from /home/runner/work/key/key/key.core/../key.ui/examples/standard_key/polySimp/simplify20.key 
554735     DEBUG main            d.u.i.k.p.i.AbstractProblemLoader Environment load took 53.8ns 
554736     INFO  main            d.u.i.k.p.i.AbstractProblemLoader Creating init config 
557682     DEBUG main            d.u.i.k.p.i.AbstractProblemLoader Init config took 2.95s 
557697     INFO  main            d.u.i.k.p.i.AbstractProblemLoader Replaying proof simplify20.key 
557698     DEBUG main            d.u.i.k.p.i.IntermediateProofReplayer Proof replay took 2.9ns 
558604     INFO  main            d.u.i.k.p.r.p.TestFile    ... finished proof: closed. 
559275     INFO  main            d.u.i.k.p.i.AbstractProblemLoader Loading environment from /home/runner/work/key/key/key.core/../key.ui/examples/standard_key/polySimp/simplify20.key.proof 
559276     DEBUG main            d.u.i.k.p.i.AbstractProblemLoader Environment load took 455.8ns 
559277     INFO  main            d.u.i.k.p.i.AbstractProblemLoader Creating init config 
562225     DEBUG main            d.u.i.k.p.i.AbstractProblemLoader Init config took 2.95s 
562241     INFO  main            d.u.i.k.p.i.AbstractProblemLoader Replaying proof simplify20.key.proof 
562332     DEBUG main            d.u.i.k.p.i.IntermediateProofReplayer Proof replay took 85.65ms 
562334     DEBUG main            d.u.i.k.p.r.p.TestFile    ... success: reloaded. 
562334     INFO  main            d.u.i.k.p.r.p.TestFile    Now processing file /home/runner/work/key/key/key.core/../key.ui/examples/standard_key/polySimp/simplify21.key 
562335     INFO  main            d.u.i.k.p.i.AbstractProblemLoader Loading environment from /home/runner/work/key/key/key.core/../key.ui/examples/standard_key/polySimp/simplify21.key 
562335     DEBUG main            d.u.i.k.p.i.AbstractProblemLoader Environment load took 97.7ns 
562338     INFO  main            d.u.i.k.p.i.AbstractProblemLoader Creating init config 
565345     DEBUG main            d.u.i.k.p.i.AbstractProblemLoader Init config took 3.01s 
565362     INFO  main            d.u.i.k.p.i.AbstractProblemLoader Replaying proof simplify21.key 
565365     DEBUG main            d.u.i.k.p.i.IntermediateProofReplayer Proof replay took 3.3ns 
566171     INFO  main            d.u.i.k.p.r.p.TestFile    ... finished proof: closed. 
566883     INFO  main            d.u.i.k.p.i.AbstractProblemLoader Loading environment from /home/runner/work/key/key/key.core/../key.ui/examples/standard_key/polySimp/simplify21.key.proof 
566883     DEBUG main            d.u.i.k.p.i.AbstractProblemLoader Environment load took 76.3ns 
566886     INFO  main            d.u.i.k.p.i.AbstractProblemLoader Creating init config 
569826     DEBUG main            d.u.i.k.p.i.AbstractProblemLoader Init config took 2.94s 
569845     INFO  main            d.u.i.k.p.i.AbstractProblemLoader Replaying proof simplify21.key.proof 
569918     DEBUG main            d.u.i.k.p.i.IntermediateProofReplayer Proof replay took 68.73ms 
569920     DEBUG main            d.u.i.k.p.r.p.TestFile    ... success: reloaded. 
569921     INFO  main            d.u.i.k.p.r.p.TestFile    Now processing file /home/runner/work/key/key/key.core/../key.ui/examples/standard_key/polySimp/simplify22.key 
569921     INFO  main            d.u.i.k.p.i.AbstractProblemLoader Loading environment from /home/runner/work/key/key/key.core/../key.ui/examples/standard_key/polySimp/simplify22.key 
569921     DEBUG main            d.u.i.k.p.i.AbstractProblemLoader Environment load took 57.1ns 
569922     INFO  main            d.u.i.k.p.i.AbstractProblemLoader Creating init config 
572927     DEBUG main            d.u.i.k.p.i.AbstractProblemLoader Init config took 3.01s 
572944     INFO  main            d.u.i.k.p.i.AbstractProblemLoader Replaying proof simplify22.key 
572945     DEBUG main            d.u.i.k.p.i.IntermediateProofReplayer Proof replay took 3.1ns 
573049     INFO  main            d.u.i.k.p.r.p.TestFile    ... finished proof: closed. 
573749     INFO  main            d.u.i.k.p.i.AbstractProblemLoader Loading environment from /home/runner/work/key/key/key.core/../key.ui/examples/standard_key/polySimp/simplify22.key.proof 
573749     DEBUG main            d.u.i.k.p.i.AbstractProblemLoader Environment load took 88.2ns 
573750     INFO  main            d.u.i.k.p.i.AbstractProblemLoader Creating init config 
576684     DEBUG main            d.u.i.k.p.i.AbstractProblemLoader Init config took 2.93s 
576699     INFO  main            d.u.i.k.p.i.AbstractProblemLoader Replaying proof simplify22.key.proof 
576703     DEBUG main            d.u.i.k.p.i.IntermediateProofReplayer Proof replay took 3.03ms 
576704     DEBUG main            d.u.i.k.p.r.p.TestFile    ... success: reloaded. 
576705     INFO  main            d.u.i.k.p.r.p.TestFile    Now processing file /home/runner/work/key/key/key.core/../key.ui/examples/standard_key/polySimp/simplify23.key 
576705     INFO  main            d.u.i.k.p.i.AbstractProblemLoader Loading environment from /home/runner/work/key/key/key.core/../key.ui/examples/standard_key/polySimp/simplify23.key 
576705     DEBUG main            d.u.i.k.p.i.AbstractProblemLoader Environment load took 109.6ns 
576706     INFO  main            d.u.i.k.p.i.AbstractProblemLoader Creating init config 
579692     DEBUG main            d.u.i.k.p.i.AbstractProblemLoader Init config took 2.99s 
579707     INFO  main            d.u.i.k.p.i.AbstractProblemLoader Replaying proof simplify23.key 
579708     DEBUG main            d.u.i.k.p.i.IntermediateProofReplayer Proof replay took 2.6ns 
579910     INFO  main            d.u.i.k.p.r.p.TestFile    ... finished proof: closed. 
580575     INFO  main            d.u.i.k.p.i.AbstractProblemLoader Loading environment from /home/runner/work/key/key/key.core/../key.ui/examples/standard_key/polySimp/simplify23.key.proof 
580575     DEBUG main            d.u.i.k.p.i.AbstractProblemLoader Environment load took 103.4ns 
580577     INFO  main            d.u.i.k.p.i.AbstractProblemLoader Creating init config 
583515     DEBUG main            d.u.i.k.p.i.AbstractProblemLoader Init config took 2.94s 
583530     INFO  main            d.u.i.k.p.i.AbstractProblemLoader Replaying proof simplify23.key.proof 
583552     DEBUG main            d.u.i.k.p.i.IntermediateProofReplayer Proof replay took 19.4ms 
583553     DEBUG main            d.u.i.k.p.r.p.TestFile    ... success: reloaded. 
583553     INFO  main            d.u.i.k.p.r.p.TestFile    Now processing file /home/runner/work/key/key/key.core/../key.ui/examples/standard_key/polySimp/simplify24.key 
583554     INFO  main            d.u.i.k.p.i.AbstractProblemLoader Loading environment from /home/runner/work/key/key/key.core/../key.ui/examples/standard_key/polySimp/simplify24.key 
583554     DEBUG main            d.u.i.k.p.i.AbstractProblemLoader Environment load took 111.7ns 
583555     INFO  main            d.u.i.k.p.i.AbstractProblemLoader Creating init config 
586524     DEBUG main            d.u.i.k.p.i.AbstractProblemLoader Init config took 2.97s 
586539     INFO  main            d.u.i.k.p.i.AbstractProblemLoader Replaying proof simplify24.key 
586541     DEBUG main            d.u.i.k.p.i.IntermediateProofReplayer Proof replay took 2.9ns 
586642     INFO  main            d.u.i.k.p.r.p.TestFile    ... finished proof: closed. 
587295     INFO  main            d.u.i.k.p.i.AbstractProblemLoader Loading environment from /home/runner/work/key/key/key.core/../key.ui/examples/standard_key/polySimp/simplify24.key.proof 
587295     DEBUG main            d.u.i.k.p.i.AbstractProblemLoader Environment load took 75ns 
587297     INFO  main            d.u.i.k.p.i.AbstractProblemLoader Creating init config 
590215     DEBUG main            d.u.i.k.p.i.AbstractProblemLoader Init config took 2.92s 
590231     INFO  main            d.u.i.k.p.i.AbstractProblemLoader Replaying proof simplify24.key.proof 
590237     DEBUG main            d.u.i.k.p.i.IntermediateProofReplayer Proof replay took 3.31ms 
590237     DEBUG main            d.u.i.k.p.r.p.TestFile    ... success: reloaded. 
590238     INFO  main            d.u.i.k.p.r.p.TestFile    Now processing file /home/runner/work/key/key/key.core/../key.ui/examples/standard_key/polySimp/simplify25.key 
590238     INFO  main            d.u.i.k.p.i.AbstractProblemLoader Loading environment from /home/runner/work/key/key/key.core/../key.ui/examples/standard_key/polySimp/simplify25.key 
590238     DEBUG main            d.u.i.k.p.i.AbstractProblemLoader Environment load took 82.7ns 
590239     INFO  main            d.u.i.k.p.i.AbstractProblemLoader Creating init config 
593248     DEBUG main            d.u.i.k.p.i.AbstractProblemLoader Init config took 3.01s 
593267     INFO  main            d.u.i.k.p.i.AbstractProblemLoader Replaying proof simplify25.key 
593269     DEBUG main            d.u.i.k.p.i.IntermediateProofReplayer Proof replay took 3.1ns 
593371     INFO  main            d.u.i.k.p.r.p.TestFile    ... finished proof: closed. 
594046     INFO  main            d.u.i.k.p.i.AbstractProblemLoader Loading environment from /home/runner/work/key/key/key.core/../key.ui/examples/standard_key/polySimp/simplify25.key.proof 
594047     DEBUG main            d.u.i.k.p.i.AbstractProblemLoader Environment load took 75.5ns 
594048     INFO  main            d.u.i.k.p.i.AbstractProblemLoader Creating init config 
596987     DEBUG main            d.u.i.k.p.i.AbstractProblemLoader Init config took 2.94s 
597002     INFO  main            d.u.i.k.p.i.AbstractProblemLoader Replaying proof simplify25.key.proof 
597007     DEBUG main            d.u.i.k.p.i.IntermediateProofReplayer Proof replay took 3.57ms 
597008     DEBUG main            d.u.i.k.p.r.p.TestFile    ... success: reloaded. 
597008     INFO  main            d.u.i.k.p.r.p.TestFile    Now processing file /home/runner/work/key/key/key.core/../key.ui/examples/standard_key/polySimp/simplify3.key 
597009     INFO  main            d.u.i.k.p.i.AbstractProblemLoader Loading environment from /home/runner/work/key/key/key.core/../key.ui/examples/standard_key/polySimp/simplify3.key 
597009     DEBUG main            d.u.i.k.p.i.AbstractProblemLoader Environment load took 54.4ns 
597010     INFO  main            d.u.i.k.p.i.AbstractProblemLoader Creating init config 
600004     DEBUG main            d.u.i.k.p.i.AbstractProblemLoader Init config took 2.99s 
600019     INFO  main            d.u.i.k.p.i.AbstractProblemLoader Replaying proof simplify3.key 
600020     DEBUG main            d.u.i.k.p.i.IntermediateProofReplayer Proof replay took 2.7ns 
600122     INFO  main            d.u.i.k.p.r.p.TestFile    ... finished proof: closed. 
600810     INFO  main            d.u.i.k.p.i.AbstractProblemLoader Loading environment from /home/runner/work/key/key/key.core/../key.ui/examples/standard_key/polySimp/simplify3.key.proof 
600810     DEBUG main            d.u.i.k.p.i.AbstractProblemLoader Environment load took 80.4ns 
600811     INFO  main            d.u.i.k.p.i.AbstractProblemLoader Creating init config 
603775     DEBUG main            d.u.i.k.p.i.AbstractProblemLoader Init config took 2.96s 
603790     INFO  main            d.u.i.k.p.i.AbstractProblemLoader Replaying proof simplify3.key.proof 
603792     DEBUG main            d.u.i.k.p.i.IntermediateProofReplayer Proof replay took 1.21ms 
603793     DEBUG main            d.u.i.k.p.r.p.TestFile    ... success: reloaded. 
603793     INFO  main            d.u.i.k.p.r.p.TestFile    Now processing file /home/runner/work/key/key/key.core/../key.ui/examples/standard_key/polySimp/simplify4.key 
603794     INFO  main            d.u.i.k.p.i.AbstractProblemLoader Loading environment from /home/runner/work/key/key/key.core/../key.ui/examples/standard_key/polySimp/simplify4.key 
603794     DEBUG main            d.u.i.k.p.i.AbstractProblemLoader Environment load took 56.4ns 
603795     INFO  main            d.u.i.k.p.i.AbstractProblemLoader Creating init config 
606748     DEBUG main            d.u.i.k.p.i.AbstractProblemLoader Init config took 2.95s 
606763     INFO  main            d.u.i.k.p.i.AbstractProblemLoader Replaying proof simplify4.key 
606764     DEBUG main            d.u.i.k.p.i.IntermediateProofReplayer Proof replay took 3.1ns 
606866     INFO  main            d.u.i.k.p.r.p.TestFile    ... finished proof: closed. 
607533     INFO  main            d.u.i.k.p.i.AbstractProblemLoader Loading environment from /home/runner/work/key/key/key.core/../key.ui/examples/standard_key/polySimp/simplify4.key.proof 
607533     DEBUG main            d.u.i.k.p.i.AbstractProblemLoader Environment load took 76.5ns 
607534     INFO  main            d.u.i.k.p.i.AbstractProblemLoader Creating init config 
610505     DEBUG main            d.u.i.k.p.i.AbstractProblemLoader Init config took 2.97s 
610519     INFO  main            d.u.i.k.p.i.AbstractProblemLoader Replaying proof simplify4.key.proof 
610522     DEBUG main            d.u.i.k.p.i.IntermediateProofReplayer Proof replay took 1.45ms 
610523     DEBUG main            d.u.i.k.p.r.p.TestFile    ... success: reloaded. 
610523     INFO  main            d.u.i.k.p.r.p.TestFile    Now processing file /home/runner/work/key/key/key.core/../key.ui/examples/standard_key/polySimp/simplify5.key 
610524     INFO  main            d.u.i.k.p.i.AbstractProblemLoader Loading environment from /home/runner/work/key/key/key.core/../key.ui/examples/standard_key/polySimp/simplify5.key 
610524     DEBUG main            d.u.i.k.p.i.AbstractProblemLoader Environment load took 76.9ns 
610525     INFO  main            d.u.i.k.p.i.AbstractProblemLoader Creating init config 
613496     DEBUG main            d.u.i.k.p.i.AbstractProblemLoader Init config took 2.97s 
613510     INFO  main            d.u.i.k.p.i.AbstractProblemLoader Replaying proof simplify5.key 
613512     DEBUG main            d.u.i.k.p.i.IntermediateProofReplayer Proof replay took 2.7ns 
613613     INFO  main            d.u.i.k.p.r.p.TestFile    ... finished proof: closed. 
614316     INFO  main            d.u.i.k.p.i.AbstractProblemLoader Loading environment from /home/runner/work/key/key/key.core/../key.ui/examples/standard_key/polySimp/simplify5.key.proof 
614316     DEBUG main            d.u.i.k.p.i.AbstractProblemLoader Environment load took 78.7ns 
614317     INFO  main            d.u.i.k.p.i.AbstractProblemLoader Creating init config 
617253     DEBUG main            d.u.i.k.p.i.AbstractProblemLoader Init config took 2.94s 
617269     INFO  main            d.u.i.k.p.i.AbstractProblemLoader Replaying proof simplify5.key.proof 
617283     DEBUG main            d.u.i.k.p.i.IntermediateProofReplayer Proof replay took 11.6ms 
617284     DEBUG main            d.u.i.k.p.r.p.TestFile    ... success: reloaded. 
617285     INFO  main            d.u.i.k.p.r.p.TestFile    Now processing file /home/runner/work/key/key/key.core/../key.ui/examples/standard_key/polySimp/simplify6.key 
617285     INFO  main            d.u.i.k.p.i.AbstractProblemLoader Loading environment from /home/runner/work/key/key/key.core/../key.ui/examples/standard_key/polySimp/simplify6.key 
617285     DEBUG main            d.u.i.k.p.i.AbstractProblemLoader Environment load took 145.7ns 
617286     INFO  main            d.u.i.k.p.i.AbstractProblemLoader Creating init config 
620276     DEBUG main            d.u.i.k.p.i.AbstractProblemLoader Init config took 2.99s 
620291     INFO  main            d.u.i.k.p.i.AbstractProblemLoader Replaying proof simplify6.key 
620293     DEBUG main            d.u.i.k.p.i.IntermediateProofReplayer Proof replay took 2.6ns 
620396     INFO  main            d.u.i.k.p.r.p.TestFile    ... finished proof: closed. 
621080     INFO  main            d.u.i.k.p.i.AbstractProblemLoader Loading environment from /home/runner/work/key/key/key.core/../key.ui/examples/standard_key/polySimp/simplify6.key.proof 
621080     DEBUG main            d.u.i.k.p.i.AbstractProblemLoader Environment load took 75ns 
621081     INFO  main            d.u.i.k.p.i.AbstractProblemLoader Creating init config 
624043     DEBUG main            d.u.i.k.p.i.AbstractProblemLoader Init config took 2.96s 
624058     INFO  main            d.u.i.k.p.i.AbstractProblemLoader Replaying proof simplify6.key.proof 
624060     DEBUG main            d.u.i.k.p.i.IntermediateProofReplayer Proof replay took 404.9ns 
624061     DEBUG main            d.u.i.k.p.r.p.TestFile    ... success: reloaded. 
624061     INFO  main            d.u.i.k.p.r.p.TestFile    Now processing file /home/runner/work/key/key/key.core/../key.ui/examples/standard_key/polySimp/simplify7.key 
624061     INFO  main            d.u.i.k.p.i.AbstractProblemLoader Loading environment from /home/runner/work/key/key/key.core/../key.ui/examples/standard_key/polySimp/simplify7.key 
624061     DEBUG main            d.u.i.k.p.i.AbstractProblemLoader Environment load took 59.9ns 
624062     INFO  main            d.u.i.k.p.i.AbstractProblemLoader Creating init config 
627049     DEBUG main            d.u.i.k.p.i.AbstractProblemLoader Init config took 2.99s 
627065     INFO  main            d.u.i.k.p.i.AbstractProblemLoader Replaying proof simplify7.key 
627066     DEBUG main            d.u.i.k.p.i.IntermediateProofReplayer Proof replay took 2.9ns 
627168     INFO  main            d.u.i.k.p.r.p.TestFile    ... finished proof: closed. 
627867     INFO  main            d.u.i.k.p.i.AbstractProblemLoader Loading environment from /home/runner/work/key/key/key.core/../key.ui/examples/standard_key/polySimp/simplify7.key.proof 
627867     DEBUG main            d.u.i.k.p.i.AbstractProblemLoader Environment load took 80.6ns 
627868     INFO  main            d.u.i.k.p.i.AbstractProblemLoader Creating init config 
630774     DEBUG main            d.u.i.k.p.i.AbstractProblemLoader Init config took 2.91s 
630789     INFO  main            d.u.i.k.p.i.AbstractProblemLoader Replaying proof simplify7.key.proof 
630791     DEBUG main            d.u.i.k.p.i.IntermediateProofReplayer Proof replay took 714.2ns 
630792     DEBUG main            d.u.i.k.p.r.p.TestFile    ... success: reloaded. 
630792     INFO  main            d.u.i.k.p.r.p.TestFile    Now processing file /home/runner/work/key/key/key.core/../key.ui/examples/standard_key/polySimp/simplify8.key 
630792     INFO  main            d.u.i.k.p.i.AbstractProblemLoader Loading environment from /home/runner/work/key/key/key.core/../key.ui/examples/standard_key/polySimp/simplify8.key 
630792     DEBUG main            d.u.i.k.p.i.AbstractProblemLoader Environment load took 51.5ns 
630796     INFO  main            d.u.i.k.p.i.AbstractProblemLoader Creating init config 
633820     DEBUG main            d.u.i.k.p.i.AbstractProblemLoader Init config took 3.02s 
633837     INFO  main            d.u.i.k.p.i.AbstractProblemLoader Replaying proof simplify8.key 
633838     DEBUG main            d.u.i.k.p.i.IntermediateProofReplayer Proof replay took 2.6ns 
638581     INFO  main            d.u.i.k.p.r.p.TestFile    ... finished proof: closed. 
639325     INFO  main            d.u.i.k.p.i.AbstractProblemLoader Loading environment from /home/runner/work/key/key/key.core/../key.ui/examples/standard_key/polySimp/simplify8.key.proof 
639325     DEBUG main            d.u.i.k.p.i.AbstractProblemLoader Environment load took 88ns 
639328     INFO  main            d.u.i.k.p.i.AbstractProblemLoader Creating init config 
642292     DEBUG main            d.u.i.k.p.i.AbstractProblemLoader Init config took 2.96s 
642311     INFO  main            d.u.i.k.p.i.AbstractProblemLoader Replaying proof simplify8.key.proof 
642543     DEBUG main            d.u.i.k.p.i.IntermediateProofReplayer Proof replay took 228ms 
642546     DEBUG main            d.u.i.k.p.r.p.TestFile    ... success: reloaded. 
642546     INFO  main            d.u.i.k.p.r.p.TestFile    Now processing file /home/runner/work/key/key/key.core/../key.ui/examples/standard_key/polySimp/simplify9.key 
642546     INFO  main            d.u.i.k.p.i.AbstractProblemLoader Loading environment from /home/runner/work/key/key/key.core/../key.ui/examples/standard_key/polySimp/simplify9.key 
642547     DEBUG main            d.u.i.k.p.i.AbstractProblemLoader Environment load took 57.6ns 
642548     INFO  main            d.u.i.k.p.i.AbstractProblemLoader Creating init config 
645581     DEBUG main            d.u.i.k.p.i.AbstractProblemLoader Init config took 3.03s 
645597     INFO  main            d.u.i.k.p.i.AbstractProblemLoader Replaying proof simplify9.key 
645598     DEBUG main            d.u.i.k.p.i.IntermediateProofReplayer Proof replay took 2.8ns 
645801     INFO  main            d.u.i.k.p.r.p.TestFile    ... finished proof: closed. 
646575     INFO  main            d.u.i.k.p.i.AbstractProblemLoader Loading environment from /home/runner/work/key/key/key.core/../key.ui/examples/standard_key/polySimp/simplify9.key.proof 
646575     DEBUG main            d.u.i.k.p.i.AbstractProblemLoader Environment load took 80.2ns 
646576     INFO  main            d.u.i.k.p.i.AbstractProblemLoader Creating init config 
649525     DEBUG main            d.u.i.k.p.i.AbstractProblemLoader Init config took 2.95s 
649540     INFO  main            d.u.i.k.p.i.AbstractProblemLoader Replaying proof simplify9.key.proof 
649557     DEBUG main            d.u.i.k.p.i.IntermediateProofReplayer Proof replay took 14.41ms 
649558     DEBUG main            d.u.i.k.p.r.p.TestFile    ... success: reloaded. 
3808081    INFO  Test worker     d.u.i.k.p.r.RunAllProofsTestUnit Returning from test arithmetic 
3808082    INFO  Test worker     d.u.i.k.p.r.RunAllProofsTestUnit Running test arrays 
567        INFO  Timeout watchdog d.u.i.k.p.r.p.ForkedTestFileRunner Timeout watcher launched (2000 secs.) 
612        WARN  main            d.u.i.k.s.ProofSettings   The settings in /home/runner/.key/proof-settings.props are *not* read. 
666        INFO  main            d.u.i.k.p.r.p.TestFile    Now processing file /home/runner/work/key/key/key.core/../key.ui/examples/standard_key/arrays/arrayStoreException/array2DimPrim.key 
811        INFO  main            d.u.i.k.p.i.AbstractProblemLoader Loading environment from /home/runner/work/key/key/key.core/../key.ui/examples/standard_key/arrays/arrayStoreException/array2DimPrim.key 
833        DEBUG main            d.u.i.k.p.i.AbstractProblemLoader Environment load took 2.17ms 
1174       INFO  main            d.u.i.k.p.i.AbstractProblemLoader Creating init config 
2375       DEBUG main            d.u.i.k.j.TypeConverter   No LDT found for Meta 
2375       DEBUG main            d.u.i.k.j.TypeConverter   No LDT found for Meta 
2379       DEBUG main            d.u.i.k.j.TypeConverter   No LDT found for Meta 
2379       DEBUG main            d.u.i.k.j.TypeConverter   No LDT found for Meta 
4291       DEBUG main            d.u.i.k.j.TypeConverter   No LDT found for JavaBigintExpression 
11438      DEBUG main            d.u.i.k.p.i.AbstractProblemLoader Init config took 10.26s 
11521      INFO  main            d.u.i.k.p.i.AbstractProblemLoader Replaying proof array2DimPrim.key 
11569      DEBUG main            d.u.i.k.p.i.IntermediateProofReplayer Proof replay took 40.8ns 
16862      INFO  main            d.u.i.k.p.r.p.TestFile    ... finished proof: closed. 
17146      INFO  main            d.u.i.k.p.i.AbstractProblemLoader Loading environment from /home/runner/work/key/key/key.core/../key.ui/examples/standard_key/arrays/arrayStoreException/array2DimPrim.key.proof 
17146      DEBUG main            d.u.i.k.p.i.AbstractProblemLoader Environment load took 812.01ns 
17154      INFO  main            d.u.i.k.p.i.AbstractProblemLoader Creating init config 
20965      DEBUG main            d.u.i.k.p.i.AbstractProblemLoader Init config took 3.81s 
21031      INFO  main            d.u.i.k.p.i.AbstractProblemLoader Replaying proof array2DimPrim.key.proof 
21881      DEBUG main            d.u.i.k.p.i.IntermediateProofReplayer Proof replay took 825.88ms 
21903      DEBUG main            d.u.i.k.p.r.p.TestFile    ... success: reloaded. 
21910      INFO  main            d.u.i.k.p.r.p.TestFile    Now processing file /home/runner/work/key/key/key.core/../key.ui/examples/standard_key/arrays/arrayStoreException/arrayStoreKnownDynType.key 
21911      INFO  main            d.u.i.k.p.i.AbstractProblemLoader Loading environment from /home/runner/work/key/key/key.core/../key.ui/examples/standard_key/arrays/arrayStoreException/arrayStoreKnownDynType.key 
21911      DEBUG main            d.u.i.k.p.i.AbstractProblemLoader Environment load took 161.3ns 
21915      INFO  main            d.u.i.k.p.i.AbstractProblemLoader Creating init config 
25541      DEBUG main            d.u.i.k.p.i.AbstractProblemLoader Init config took 3.63s 
25578      INFO  main            d.u.i.k.p.i.AbstractProblemLoader Replaying proof arrayStoreKnownDynType.key 
25581      DEBUG main            d.u.i.k.p.i.IntermediateProofReplayer Proof replay took 6.8ns 
25886      INFO  main            d.u.i.k.p.r.p.TestFile    ... finished proof: closed. 
26212      INFO  main            d.u.i.k.p.i.AbstractProblemLoader Loading environment from /home/runner/work/key/key/key.core/../key.ui/examples/standard_key/arrays/arrayStoreException/arrayStoreKnownDynType.key.proof 
26214      DEBUG main            d.u.i.k.p.i.AbstractProblemLoader Environment load took 1.69ms 
26216      INFO  main            d.u.i.k.p.i.AbstractProblemLoader Creating init config 
29715      DEBUG main            d.u.i.k.p.i.AbstractProblemLoader Init config took 3.5s 
29746      INFO  main            d.u.i.k.p.i.AbstractProblemLoader Replaying proof arrayStoreKnownDynType.key.proof 
29821      DEBUG main            d.u.i.k.p.i.IntermediateProofReplayer Proof replay took 69.9ms 
29822      DEBUG main            d.u.i.k.p.r.p.TestFile    ... success: reloaded. 
29824      INFO  main            d.u.i.k.p.r.p.TestFile    Now processing file /home/runner/work/key/key/key.core/../key.ui/examples/standard_key/arrays/arrayStoreException/reverseArray.key 
29825      INFO  main            d.u.i.k.p.i.AbstractProblemLoader Loading environment from /home/runner/work/key/key/key.core/../key.ui/examples/standard_key/arrays/arrayStoreException/reverseArray.key 
29825      DEBUG main            d.u.i.k.p.i.AbstractProblemLoader Environment load took 144.8ns 
29829      INFO  main            d.u.i.k.p.i.AbstractProblemLoader Creating init config 
33251      DEBUG main            d.u.i.k.p.i.AbstractProblemLoader Init config took 3.42s 
33304      INFO  main            d.u.i.k.p.i.AbstractProblemLoader Replaying proof reverseArray.key 
33311      DEBUG main            d.u.i.k.p.i.IntermediateProofReplayer Proof replay took 7.9ns 
34218      INFO  main            d.u.i.k.p.r.p.TestFile    ... finished proof: closed. 
34460      INFO  main            d.u.i.k.p.i.AbstractProblemLoader Loading environment from /home/runner/work/key/key/key.core/../key.ui/examples/standard_key/arrays/arrayStoreException/reverseArray.key.proof 
34460      DEBUG main            d.u.i.k.p.i.AbstractProblemLoader Environment load took 522.7ns 
34464      INFO  main            d.u.i.k.p.i.AbstractProblemLoader Creating init config 
37909      DEBUG main            d.u.i.k.p.i.AbstractProblemLoader Init config took 3.44s 
37941      INFO  main            d.u.i.k.p.i.AbstractProblemLoader Replaying proof reverseArray.key.proof 
38194      DEBUG main            d.u.i.k.p.i.IntermediateProofReplayer Proof replay took 244.29ms 
38195      DEBUG main            d.u.i.k.p.r.p.TestFile    ... success: reloaded. 
38197      INFO  main            d.u.i.k.p.r.p.TestFile    Now processing file /home/runner/work/key/key/key.core/../key.ui/examples/standard_key/arrays/arrayStoreException/throwArrayStoreException.key 
38198      INFO  main            d.u.i.k.p.i.AbstractProblemLoader Loading environment from /home/runner/work/key/key/key.core/../key.ui/examples/standard_key/arrays/arrayStoreException/throwArrayStoreException.key 
38198      DEBUG main            d.u.i.k.p.i.AbstractProblemLoader Environment load took 146.5ns 
38200      INFO  main            d.u.i.k.p.i.AbstractProblemLoader Creating init config 
41748      DEBUG main            d.u.i.k.p.i.AbstractProblemLoader Init config took 3.55s 
41777      INFO  main            d.u.i.k.p.i.AbstractProblemLoader Replaying proof throwArrayStoreException.key 
41780      DEBUG main            d.u.i.k.p.i.IntermediateProofReplayer Proof replay took 7.5ns 
42384      INFO  main            d.u.i.k.p.r.p.TestFile    ... finished proof: closed. 
42624      INFO  main            d.u.i.k.p.i.AbstractProblemLoader Loading environment from /home/runner/work/key/key/key.core/../key.ui/examples/standard_key/arrays/arrayStoreException/throwArrayStoreException.key.proof 
42624      DEBUG main            d.u.i.k.p.i.AbstractProblemLoader Environment load took 532.3ns 
42626      INFO  main            d.u.i.k.p.i.AbstractProblemLoader Creating init config 
46112      DEBUG main            d.u.i.k.p.i.AbstractProblemLoader Init config took 3.49s 
46144      INFO  main            d.u.i.k.p.i.AbstractProblemLoader Replaying proof throwArrayStoreException.key.proof 
46297      DEBUG main            d.u.i.k.p.i.IntermediateProofReplayer Proof replay took 146.02ms 
46298      DEBUG main            d.u.i.k.p.r.p.TestFile    ... success: reloaded. 
46299      INFO  main            d.u.i.k.p.r.p.TestFile    Now processing file /home/runner/work/key/key/key.core/../key.ui/examples/standard_key/arrays/creation/arrayCreation1.key 
46300      INFO  main            d.u.i.k.p.i.AbstractProblemLoader Loading environment from /home/runner/work/key/key/key.core/../key.ui/examples/standard_key/arrays/creation/arrayCreation1.key 
46300      DEBUG main            d.u.i.k.p.i.AbstractProblemLoader Environment load took 129.3ns 
46301      INFO  main            d.u.i.k.p.i.AbstractProblemLoader Creating init config 
49690      DEBUG main            d.u.i.k.p.i.AbstractProblemLoader Init config took 3.39s 
49744      INFO  main            d.u.i.k.p.i.AbstractProblemLoader Replaying proof arrayCreation1.key 
49746      DEBUG main            d.u.i.k.p.i.IntermediateProofReplayer Proof replay took 7.9ns 
49951      INFO  main            d.u.i.k.p.r.p.TestFile    ... finished proof: closed. 
50184      INFO  main            d.u.i.k.p.i.AbstractProblemLoader Loading environment from /home/runner/work/key/key/key.core/../key.ui/examples/standard_key/arrays/creation/arrayCreation1.key.proof 
50184      DEBUG main            d.u.i.k.p.i.AbstractProblemLoader Environment load took 711.11ns 
50186      INFO  main            d.u.i.k.p.i.AbstractProblemLoader Creating init config 
53544      DEBUG main            d.u.i.k.p.i.AbstractProblemLoader Init config took 3.36s 
53569      INFO  main            d.u.i.k.p.i.AbstractProblemLoader Replaying proof arrayCreation1.key.proof 
53606      DEBUG main            d.u.i.k.p.i.IntermediateProofReplayer Proof replay took 33.49ms 
53609      DEBUG main            d.u.i.k.p.r.p.TestFile    ... success: reloaded. 
53610      INFO  main            d.u.i.k.p.r.p.TestFile    Now processing file /home/runner/work/key/key/key.core/../key.ui/examples/standard_key/arrays/arrayStoreException/array2Dim.key 
53611      INFO  main            d.u.i.k.p.i.AbstractProblemLoader Loading environment from /home/runner/work/key/key/key.core/../key.ui/examples/standard_key/arrays/arrayStoreException/array2Dim.key 
53611      DEBUG main            d.u.i.k.p.i.AbstractProblemLoader Environment load took 258.8ns 
53613      INFO  main            d.u.i.k.p.i.AbstractProblemLoader Creating init config 
57114      DEBUG main            d.u.i.k.p.i.AbstractProblemLoader Init config took 3.5s 
57140      INFO  main            d.u.i.k.p.i.AbstractProblemLoader Replaying proof array2Dim.key 
57143      DEBUG main            d.u.i.k.p.i.IntermediateProofReplayer Proof replay took 21.5ns 
61919      INFO  main            d.u.i.k.p.r.p.TestFile    ... finished proof: open goal(s) 
62339      INFO  main            d.u.i.k.p.r.p.TestFile    Now processing file /home/runner/work/key/key/key.core/../key.ui/examples/standard_key/arrays/arrayStoreException/array2DimClose.key 
62339      INFO  main            d.u.i.k.p.i.AbstractProblemLoader Loading environment from /home/runner/work/key/key/key.core/../key.ui/examples/standard_key/arrays/arrayStoreException/array2DimClose.key 
62339      DEBUG main            d.u.i.k.p.i.AbstractProblemLoader Environment load took 83.3ns 
62341      INFO  main            d.u.i.k.p.i.AbstractProblemLoader Creating init config 
65680      DEBUG main            d.u.i.k.p.i.AbstractProblemLoader Init config took 3.34s 
65708      INFO  main            d.u.i.k.p.i.AbstractProblemLoader Replaying proof array2DimClose.key 
65710      DEBUG main            d.u.i.k.p.i.IntermediateProofReplayer Proof replay took 14.8ns 
68848      INFO  main            d.u.i.k.p.r.p.TestFile    ... finished proof: open goal(s) 
69331      INFO  main            d.u.i.k.p.r.p.TestFile    Now processing file /home/runner/work/key/key/key.core/../key.ui/examples/standard_key/arrays/arrayStoreException/throwASEForPrim.key 
69332      INFO  main            d.u.i.k.p.i.AbstractProblemLoader Loading environment from /home/runner/work/key/key/key.core/../key.ui/examples/standard_key/arrays/arrayStoreException/throwASEForPrim.key 
69332      DEBUG main            d.u.i.k.p.i.AbstractProblemLoader Environment load took 258.8ns 
69334      INFO  main            d.u.i.k.p.i.AbstractProblemLoader Creating init config 
72619      DEBUG main            d.u.i.k.p.i.AbstractProblemLoader Init config took 3.29s 
72646      INFO  main            d.u.i.k.p.i.AbstractProblemLoader Replaying proof throwASEForPrim.key 
72649      DEBUG main            d.u.i.k.p.i.IntermediateProofReplayer Proof replay took 7.8ns 
78881      INFO  main            d.u.i.k.p.r.p.TestFile    ... finished proof: open goal(s) 
3887608    INFO  Test worker     d.u.i.k.p.r.RunAllProofsTestUnit Returning from test arrays 
3887612    INFO  Test worker     d.u.i.k.p.r.RunAllProofsTestUnit Running test javadl 
434        INFO  Timeout watchdog d.u.i.k.p.r.p.ForkedTestFileRunner Timeout watcher launched (2000 secs.) 
467        WARN  main            d.u.i.k.s.ProofSettings   The settings in /home/runner/.key/proof-settings.props are *not* read. 
541        INFO  main            d.u.i.k.p.r.p.TestFile    Now processing file /home/runner/work/key/key/key.core/../key.ui/examples/standard_key/instanceCreation/instanceCreation1.key 
704        INFO  main            d.u.i.k.p.i.AbstractProblemLoader Loading environment from /home/runner/work/key/key/key.core/../key.ui/examples/standard_key/instanceCreation/instanceCreation1.key 
725        DEBUG main            d.u.i.k.p.i.AbstractProblemLoader Environment load took 2.75ms 
1081       INFO  main            d.u.i.k.p.i.AbstractProblemLoader Creating init config 
2362       DEBUG main            d.u.i.k.j.TypeConverter   No LDT found for Meta 
2363       DEBUG main            d.u.i.k.j.TypeConverter   No LDT found for Meta 
2365       DEBUG main            d.u.i.k.j.TypeConverter   No LDT found for Meta 
2365       DEBUG main            d.u.i.k.j.TypeConverter   No LDT found for Meta 
4537       DEBUG main            d.u.i.k.j.TypeConverter   No LDT found for JavaBigintExpression 
10901      DEBUG main            d.u.i.k.p.i.AbstractProblemLoader Init config took 9.82s 
11014      INFO  main            d.u.i.k.p.i.AbstractProblemLoader Replaying proof instanceCreation1.key 
11063      DEBUG main            d.u.i.k.p.i.IntermediateProofReplayer Proof replay took 39.2ns 
12322      INFO  main            d.u.i.k.p.r.p.TestFile    ... finished proof: closed. 
12479      INFO  main            d.u.i.k.p.i.AbstractProblemLoader Loading environment from /home/runner/work/key/key/key.core/../key.ui/examples/standard_key/instanceCreation/instanceCreation1.key.proof 
12480      DEBUG main            d.u.i.k.p.i.AbstractProblemLoader Environment load took 1.74ms 
12489      INFO  main            d.u.i.k.p.i.AbstractProblemLoader Creating init config 
16046      DEBUG main            d.u.i.k.p.i.AbstractProblemLoader Init config took 3.56s 
16094      INFO  main            d.u.i.k.p.i.AbstractProblemLoader Replaying proof instanceCreation1.key.proof 
16256      DEBUG main            d.u.i.k.p.i.IntermediateProofReplayer Proof replay took 153.03ms 
16272      DEBUG main            d.u.i.k.p.r.p.TestFile    ... success: reloaded. 
16277      INFO  main            d.u.i.k.p.r.p.TestFile    Now processing file /home/runner/work/key/key/key.core/../key.ui/examples/standard_key/instanceCreation/instanceCreation2.key 
16286      INFO  main            d.u.i.k.p.i.AbstractProblemLoader Loading environment from /home/runner/work/key/key/key.core/../key.ui/examples/standard_key/instanceCreation/instanceCreation2.key 
16286      DEBUG main            d.u.i.k.p.i.AbstractProblemLoader Environment load took 321.5ns 
16288      INFO  main            d.u.i.k.p.i.AbstractProblemLoader Creating init config 
19772      DEBUG main            d.u.i.k.p.i.AbstractProblemLoader Init config took 3.48s 
19857      INFO  main            d.u.i.k.p.i.AbstractProblemLoader Replaying proof instanceCreation2.key 
19863      DEBUG main            d.u.i.k.p.i.IntermediateProofReplayer Proof replay took 6.9ns 
20784      INFO  main            d.u.i.k.p.r.p.TestFile    ... finished proof: closed. 
21005      INFO  main            d.u.i.k.p.i.AbstractProblemLoader Loading environment from /home/runner/work/key/key/key.core/../key.ui/examples/standard_key/instanceCreation/instanceCreation2.key.proof 
21006      DEBUG main            d.u.i.k.p.i.AbstractProblemLoader Environment load took 477.6ns 
21011      INFO  main            d.u.i.k.p.i.AbstractProblemLoader Creating init config 
24413      DEBUG main            d.u.i.k.p.i.AbstractProblemLoader Init config took 3.4s 
24444      INFO  main            d.u.i.k.p.i.AbstractProblemLoader Replaying proof instanceCreation2.key.proof 
24585      DEBUG main            d.u.i.k.p.i.IntermediateProofReplayer Proof replay took 135.14ms 
24587      DEBUG main            d.u.i.k.p.r.p.TestFile    ... success: reloaded. 
24588      INFO  main            d.u.i.k.p.r.p.TestFile    Now processing file /home/runner/work/key/key/key.core/../key.ui/examples/standard_key/instanceCreation/interfacesAndAbstractClassesHaveNoInstances.key 
24589      INFO  main            d.u.i.k.p.i.AbstractProblemLoader Loading environment from /home/runner/work/key/key/key.core/../key.ui/examples/standard_key/instanceCreation/interfacesAndAbstractClassesHaveNoInstances.key 
24589      DEBUG main            d.u.i.k.p.i.AbstractProblemLoader Environment load took 261.3ns 
24591      INFO  main            d.u.i.k.p.i.AbstractProblemLoader Creating init config 
27974      DEBUG main            d.u.i.k.p.i.AbstractProblemLoader Init config took 3.38s 
28004      INFO  main            d.u.i.k.p.i.AbstractProblemLoader Replaying proof interfacesAndAbstractClassesHaveNoInstances.key 
28006      DEBUG main            d.u.i.k.p.i.IntermediateProofReplayer Proof replay took 7.7ns 
28109      INFO  main            d.u.i.k.p.r.p.TestFile    ... finished proof: closed. 
28364      INFO  main            d.u.i.k.p.i.AbstractProblemLoader Loading environment from /home/runner/work/key/key/key.core/../key.ui/examples/standard_key/instanceCreation/interfacesAndAbstractClassesHaveNoInstances.key.proof 
28364      DEBUG main            d.u.i.k.p.i.AbstractProblemLoader Environment load took 152.6ns 
28367      INFO  main            d.u.i.k.p.i.AbstractProblemLoader Creating init config 
31675      DEBUG main            d.u.i.k.p.i.AbstractProblemLoader Init config took 3.31s 
31702      INFO  main            d.u.i.k.p.i.AbstractProblemLoader Replaying proof interfacesAndAbstractClassesHaveNoInstances.key.proof 
31706      DEBUG main            d.u.i.k.p.i.IntermediateProofReplayer Proof replay took 1.52ms 
31707      DEBUG main            d.u.i.k.p.r.p.TestFile    ... success: reloaded. 
31709      INFO  main            d.u.i.k.p.r.p.TestFile    Now processing file /home/runner/work/key/key/key.core/../key.ui/examples/standard_key/instanceCreation/successiveCreatedObjectsAreDistinct.key 
31709      INFO  main            d.u.i.k.p.i.AbstractProblemLoader Loading environment from /home/runner/work/key/key/key.core/../key.ui/examples/standard_key/instanceCreation/successiveCreatedObjectsAreDistinct.key 
31710      DEBUG main            d.u.i.k.p.i.AbstractProblemLoader Environment load took 262.7ns 
31711      INFO  main            d.u.i.k.p.i.AbstractProblemLoader Creating init config 
35039      DEBUG main            d.u.i.k.p.i.AbstractProblemLoader Init config took 3.33s 
35068      INFO  main            d.u.i.k.p.i.AbstractProblemLoader Replaying proof successiveCreatedObjectsAreDistinct.key 
35071      DEBUG main            d.u.i.k.p.i.IntermediateProofReplayer Proof replay took 7.5ns 
35576      INFO  main            d.u.i.k.p.r.p.TestFile    ... finished proof: closed. 
35917      INFO  main            d.u.i.k.p.i.AbstractProblemLoader Loading environment from /home/runner/work/key/key/key.core/../key.ui/examples/standard_key/instanceCreation/successiveCreatedObjectsAreDistinct.key.proof 
35918      DEBUG main            d.u.i.k.p.i.AbstractProblemLoader Environment load took 655.8ns 
35921      INFO  main            d.u.i.k.p.i.AbstractProblemLoader Creating init config 
39271      DEBUG main            d.u.i.k.p.i.AbstractProblemLoader Init config took 3.35s 
39299      INFO  main            d.u.i.k.p.i.AbstractProblemLoader Replaying proof successiveCreatedObjectsAreDistinct.key.proof 
39376      DEBUG main            d.u.i.k.p.i.IntermediateProofReplayer Proof replay took 72.27ms 
39377      DEBUG main            d.u.i.k.p.r.p.TestFile    ... success: reloaded. 
39379      INFO  main            d.u.i.k.p.r.p.TestFile    Now processing file /home/runner/work/key/key/key.core/../key.ui/examples/standard_key/instanceCreation/testOverloadingConstructors.key 
39380      INFO  main            d.u.i.k.p.i.AbstractProblemLoader Loading environment from /home/runner/work/key/key/key.core/../key.ui/examples/standard_key/instanceCreation/testOverloadingConstructors.key 
39380      DEBUG main            d.u.i.k.p.i.AbstractProblemLoader Environment load took 269.3ns 
39381      INFO  main            d.u.i.k.p.i.AbstractProblemLoader Creating init config 
42669      DEBUG main            d.u.i.k.p.i.AbstractProblemLoader Init config took 3.29s 
42701      INFO  main            d.u.i.k.p.i.AbstractProblemLoader Replaying proof testOverloadingConstructors.key 
42703      DEBUG main            d.u.i.k.p.i.IntermediateProofReplayer Proof replay took 7.9ns 
43108      INFO  main            d.u.i.k.p.r.p.TestFile    ... finished proof: closed. 
43339      INFO  main            d.u.i.k.p.i.AbstractProblemLoader Loading environment from /home/runner/work/key/key/key.core/../key.ui/examples/standard_key/instanceCreation/testOverloadingConstructors.key.proof 
43339      DEBUG main            d.u.i.k.p.i.AbstractProblemLoader Environment load took 489.5ns 
43346      INFO  main            d.u.i.k.p.i.AbstractProblemLoader Creating init config 
46619      DEBUG main            d.u.i.k.p.i.AbstractProblemLoader Init config took 3.27s 
46646      INFO  main            d.u.i.k.p.i.AbstractProblemLoader Replaying proof testOverloadingConstructors.key.proof 
46731      DEBUG main            d.u.i.k.p.i.IntermediateProofReplayer Proof replay took 80.38ms 
46733      DEBUG main            d.u.i.k.p.r.p.TestFile    ... success: reloaded. 
46734      INFO  main            d.u.i.k.p.r.p.TestFile    Now processing file /home/runner/work/key/key/key.core/../key.ui/examples/standard_key/java_dl/SimpleAttributes.key 
46735      INFO  main            d.u.i.k.p.i.AbstractProblemLoader Loading environment from /home/runner/work/key/key/key.core/../key.ui/examples/standard_key/java_dl/SimpleAttributes.key 
46735      DEBUG main            d.u.i.k.p.i.AbstractProblemLoader Environment load took 265.9ns 
46736      INFO  main            d.u.i.k.p.i.AbstractProblemLoader Creating init config 
50011      DEBUG main            d.u.i.k.p.i.AbstractProblemLoader Init config took 3.28s 
50038      INFO  main            d.u.i.k.p.i.AbstractProblemLoader Replaying proof SimpleAttributes.key 
50040      DEBUG main            d.u.i.k.p.i.IntermediateProofReplayer Proof replay took 7.6ns 
50143      INFO  main            d.u.i.k.p.r.p.TestFile    ... finished proof: closed. 
50444      INFO  main            d.u.i.k.p.i.AbstractProblemLoader Loading environment from /home/runner/work/key/key/key.core/../key.ui/examples/standard_key/java_dl/SimpleAttributes.key.proof 
50445      DEBUG main            d.u.i.k.p.i.AbstractProblemLoader Environment load took 148.4ns 
50447      INFO  main            d.u.i.k.p.i.AbstractProblemLoader Creating init config 
53652      DEBUG main            d.u.i.k.p.i.AbstractProblemLoader Init config took 3.2s 
53680      INFO  main            d.u.i.k.p.i.AbstractProblemLoader Replaying proof SimpleAttributes.key.proof 
53721      DEBUG main            d.u.i.k.p.i.IntermediateProofReplayer Proof replay took 37.19ms 
53723      DEBUG main            d.u.i.k.p.r.p.TestFile    ... success: reloaded. 
53724      INFO  main            d.u.i.k.p.r.p.TestFile    Now processing file /home/runner/work/key/key/key.core/../key.ui/examples/standard_key/java_dl/arrayMax.key 
53724      INFO  main            d.u.i.k.p.i.AbstractProblemLoader Loading environment from /home/runner/work/key/key/key.core/../key.ui/examples/standard_key/java_dl/arrayMax.key 
53724      DEBUG main            d.u.i.k.p.i.AbstractProblemLoader Environment load took 122.4ns 
53728      INFO  main            d.u.i.k.p.i.AbstractProblemLoader Creating init config 
56967      DEBUG main            d.u.i.k.p.i.AbstractProblemLoader Init config took 3.24s 
56994      INFO  main            d.u.i.k.p.i.AbstractProblemLoader Replaying proof arrayMax.key 
56996      DEBUG main            d.u.i.k.p.i.IntermediateProofReplayer Proof replay took 7.8ns 
58821      INFO  main            d.u.i.k.p.r.p.TestFile    ... finished proof: closed. 
59116      INFO  main            d.u.i.k.p.i.AbstractProblemLoader Loading environment from /home/runner/work/key/key/key.core/../key.ui/examples/standard_key/java_dl/arrayMax.key.proof 
59118      DEBUG main            d.u.i.k.p.i.AbstractProblemLoader Environment load took 1.9ms 
59121      INFO  main            d.u.i.k.p.i.AbstractProblemLoader Creating init config 
62304      DEBUG main            d.u.i.k.p.i.AbstractProblemLoader Init config took 3.18s 
62331      INFO  main            d.u.i.k.p.i.AbstractProblemLoader Replaying proof arrayMax.key.proof 
62741      DEBUG main            d.u.i.k.p.i.IntermediateProofReplayer Proof replay took 400.55ms 
62743      DEBUG main            d.u.i.k.p.r.p.TestFile    ... success: reloaded. 
62745      INFO  main            d.u.i.k.p.r.p.TestFile    Now processing file /home/runner/work/key/key/key.core/../key.ui/examples/standard_key/java_dl/arrayUpdateSimp.key 
62745      INFO  main            d.u.i.k.p.i.AbstractProblemLoader Loading environment from /home/runner/work/key/key/key.core/../key.ui/examples/standard_key/java_dl/arrayUpdateSimp.key 
62745      DEBUG main            d.u.i.k.p.i.AbstractProblemLoader Environment load took 263.4ns 
62748      INFO  main            d.u.i.k.p.i.AbstractProblemLoader Creating init config 
62780      WARN  main            d.u.i.k.j.r.KeYCrossReferenceNameInfo Datatype java.io.PrintStream declared twice: Once in FILE:/home/runner/work/key/key/key.core/../key.ui/examples/standard_key/java_dl/./classpath/PrintStream.java and once in URL:file:/home/runner/work/key/key/key.core/build/resources/main/de/uka/ilkd/key/java/JavaRedux/java/io/PrintStream.java, Keeping one from URL:file:/home/runner/work/key/key/key.core/build/resources/main/de/uka/ilkd/key/java/JavaRedux/java/io/PrintStream.java 
62780      WARN  main            d.u.i.k.j.r.KeYCrossReferenceNameInfo Datatype java.io.InputStream declared twice: Once in FILE:/home/runner/work/key/key/key.core/../key.ui/examples/standard_key/java_dl/./classpath/InputStream.java and once in URL:file:/home/runner/work/key/key/key.core/build/resources/main/de/uka/ilkd/key/java/JavaRedux/java/io/InputStream.java, Keeping one from URL:file:/home/runner/work/key/key/key.core/build/resources/main/de/uka/ilkd/key/java/JavaRedux/java/io/InputStream.java 
62781      WARN  main            d.u.i.k.j.r.KeYCrossReferenceNameInfo Datatype java.lang.System declared twice: Once in FILE:/home/runner/work/key/key/key.core/../key.ui/examples/standard_key/java_dl/./classpath/System.java and once in URL:file:/home/runner/work/key/key/key.core/build/resources/main/de/uka/ilkd/key/java/JavaRedux/java/lang/System.java, Keeping one from URL:file:/home/runner/work/key/key/key.core/build/resources/main/de/uka/ilkd/key/java/JavaRedux/java/lang/System.java 
62787      DEBUG main            d.u.i.k.j.r.ClassFileDeclarationBuilder Parsing: package java.io; public class Closeable { } 
62787      DEBUG main            r.s.KeYCrossReferenceSourceInfo Dynamically created class: java.io.Closeable 
66200      DEBUG main            d.u.i.k.p.i.AbstractProblemLoader Init config took 3.45s 
66227      INFO  main            d.u.i.k.p.i.AbstractProblemLoader Replaying proof arrayUpdateSimp.key 
66229      DEBUG main            d.u.i.k.p.i.IntermediateProofReplayer Proof replay took 7.8ns 
66340      INFO  main            d.u.i.k.p.r.p.TestFile    ... finished proof: closed. 
66607      INFO  main            d.u.i.k.p.i.AbstractProblemLoader Loading environment from /home/runner/work/key/key/key.core/../key.ui/examples/standard_key/java_dl/arrayUpdateSimp.key.proof 
66607      DEBUG main            d.u.i.k.p.i.AbstractProblemLoader Environment load took 138.5ns 
66613      INFO  main            d.u.i.k.p.i.AbstractProblemLoader Creating init config 
66646      WARN  main            d.u.i.k.j.r.KeYCrossReferenceNameInfo Datatype java.io.PrintStream declared twice: Once in FILE:/home/runner/work/key/key/key.core/../key.ui/examples/standard_key/java_dl/classpath/PrintStream.java and once in URL:file:/home/runner/work/key/key/key.core/build/resources/main/de/uka/ilkd/key/java/JavaRedux/java/io/PrintStream.java, Keeping one from URL:file:/home/runner/work/key/key/key.core/build/resources/main/de/uka/ilkd/key/java/JavaRedux/java/io/PrintStream.java 
66647      WARN  main            d.u.i.k.j.r.KeYCrossReferenceNameInfo Datatype java.io.InputStream declared twice: Once in FILE:/home/runner/work/key/key/key.core/../key.ui/examples/standard_key/java_dl/classpath/InputStream.java and once in URL:file:/home/runner/work/key/key/key.core/build/resources/main/de/uka/ilkd/key/java/JavaRedux/java/io/InputStream.java, Keeping one from URL:file:/home/runner/work/key/key/key.core/build/resources/main/de/uka/ilkd/key/java/JavaRedux/java/io/InputStream.java 
66647      WARN  main            d.u.i.k.j.r.KeYCrossReferenceNameInfo Datatype java.lang.System declared twice: Once in FILE:/home/runner/work/key/key/key.core/../key.ui/examples/standard_key/java_dl/classpath/System.java and once in URL:file:/home/runner/work/key/key/key.core/build/resources/main/de/uka/ilkd/key/java/JavaRedux/java/lang/System.java, Keeping one from URL:file:/home/runner/work/key/key/key.core/build/resources/main/de/uka/ilkd/key/java/JavaRedux/java/lang/System.java 
66651      DEBUG main            d.u.i.k.j.r.ClassFileDeclarationBuilder Parsing: package java.io; public class Closeable { } 
66652      DEBUG main            r.s.KeYCrossReferenceSourceInfo Dynamically created class: java.io.Closeable 
69894      DEBUG main            d.u.i.k.p.i.AbstractProblemLoader Init config took 3.28s 
69947      INFO  main            d.u.i.k.p.i.AbstractProblemLoader Replaying proof arrayUpdateSimp.key.proof 
69950      DEBUG main            d.u.i.k.p.i.IntermediateProofReplayer Proof replay took 984.11ns 
69952      DEBUG main            d.u.i.k.p.r.p.TestFile    ... success: reloaded. 
69958      INFO  main            d.u.i.k.p.r.p.TestFile    Now processing file /home/runner/work/key/key/key.core/../key.ui/examples/standard_key/java_dl/attributes.key 
69958      INFO  main            d.u.i.k.p.i.AbstractProblemLoader Loading environment from /home/runner/work/key/key/key.core/../key.ui/examples/standard_key/java_dl/attributes.key 
69959      DEBUG main            d.u.i.k.p.i.AbstractProblemLoader Environment load took 227.6ns 
69960      INFO  main            d.u.i.k.p.i.AbstractProblemLoader Creating init config 
73139      DEBUG main            d.u.i.k.p.i.AbstractProblemLoader Init config took 3.18s 
73162      INFO  main            d.u.i.k.p.i.AbstractProblemLoader Replaying proof attributes.key 
73164      DEBUG main            d.u.i.k.p.i.IntermediateProofReplayer Proof replay took 7.4ns 
73366      INFO  main            d.u.i.k.p.r.p.TestFile    ... finished proof: closed. 
73607      INFO  main            d.u.i.k.p.i.AbstractProblemLoader Loading environment from /home/runner/work/key/key/key.core/../key.ui/examples/standard_key/java_dl/attributes.key.proof 
73607      DEBUG main            d.u.i.k.p.i.AbstractProblemLoader Environment load took 138.7ns 
73609      INFO  main            d.u.i.k.p.i.AbstractProblemLoader Creating init config 
76696      DEBUG main            d.u.i.k.p.i.AbstractProblemLoader Init config took 3.09s 
76719      INFO  main            d.u.i.k.p.i.AbstractProblemLoader Replaying proof attributes.key.proof 
76772      DEBUG main            d.u.i.k.p.i.IntermediateProofReplayer Proof replay took 49.79ms 
76773      DEBUG main            d.u.i.k.p.r.p.TestFile    ... success: reloaded. 
76774      INFO  main            d.u.i.k.p.r.p.TestFile    Now processing file /home/runner/work/key/key/key.core/../key.ui/examples/standard_key/java_dl/break.key 
76774      INFO  main            d.u.i.k.p.i.AbstractProblemLoader Loading environment from /home/runner/work/key/key/key.core/../key.ui/examples/standard_key/java_dl/break.key 
76774      DEBUG main            d.u.i.k.p.i.AbstractProblemLoader Environment load took 103.9ns 
76776      INFO  main            d.u.i.k.p.i.AbstractProblemLoader Creating init config 
76804      WARN  main            d.u.i.k.j.r.KeYCrossReferenceNameInfo Datatype java.io.PrintStream declared twice: Once in FILE:/home/runner/work/key/key/key.core/../key.ui/examples/standard_key/java_dl/classpath/PrintStream.java and once in URL:file:/home/runner/work/key/key/key.core/build/resources/main/de/uka/ilkd/key/java/JavaRedux/java/io/PrintStream.java, Keeping one from URL:file:/home/runner/work/key/key/key.core/build/resources/main/de/uka/ilkd/key/java/JavaRedux/java/io/PrintStream.java 
76804      WARN  main            d.u.i.k.j.r.KeYCrossReferenceNameInfo Datatype java.io.InputStream declared twice: Once in FILE:/home/runner/work/key/key/key.core/../key.ui/examples/standard_key/java_dl/classpath/InputStream.java and once in URL:file:/home/runner/work/key/key/key.core/build/resources/main/de/uka/ilkd/key/java/JavaRedux/java/io/InputStream.java, Keeping one from URL:file:/home/runner/work/key/key/key.core/build/resources/main/de/uka/ilkd/key/java/JavaRedux/java/io/InputStream.java 
76805      WARN  main            d.u.i.k.j.r.KeYCrossReferenceNameInfo Datatype java.lang.System declared twice: Once in FILE:/home/runner/work/key/key/key.core/../key.ui/examples/standard_key/java_dl/classpath/System.java and once in URL:file:/home/runner/work/key/key/key.core/build/resources/main/de/uka/ilkd/key/java/JavaRedux/java/lang/System.java, Keeping one from URL:file:/home/runner/work/key/key/key.core/build/resources/main/de/uka/ilkd/key/java/JavaRedux/java/lang/System.java 
76809      DEBUG main            d.u.i.k.j.r.ClassFileDeclarationBuilder Parsing: package java.io; public class Closeable { } 
76809      DEBUG main            r.s.KeYCrossReferenceSourceInfo Dynamically created class: java.io.Closeable 
79961      DEBUG main            d.u.i.k.p.i.AbstractProblemLoader Init config took 3.19s 
79986      INFO  main            d.u.i.k.p.i.AbstractProblemLoader Replaying proof break.key 
79988      DEBUG main            d.u.i.k.p.i.IntermediateProofReplayer Proof replay took 7.4ns 
80090      INFO  main            d.u.i.k.p.r.p.TestFile    ... finished proof: closed. 
80383      INFO  main            d.u.i.k.p.i.AbstractProblemLoader Loading environment from /home/runner/work/key/key/key.core/../key.ui/examples/standard_key/java_dl/break.key.proof 
80383      DEBUG main            d.u.i.k.p.i.AbstractProblemLoader Environment load took 139.6ns 
80384      INFO  main            d.u.i.k.p.i.AbstractProblemLoader Creating init config 
80416      WARN  main            d.u.i.k.j.r.KeYCrossReferenceNameInfo Datatype java.io.PrintStream declared twice: Once in FILE:/home/runner/work/key/key/key.core/../key.ui/examples/standard_key/java_dl/classpath/PrintStream.java and once in URL:file:/home/runner/work/key/key/key.core/build/resources/main/de/uka/ilkd/key/java/JavaRedux/java/io/PrintStream.java, Keeping one from URL:file:/home/runner/work/key/key/key.core/build/resources/main/de/uka/ilkd/key/java/JavaRedux/java/io/PrintStream.java 
80417      WARN  main            d.u.i.k.j.r.KeYCrossReferenceNameInfo Datatype java.io.InputStream declared twice: Once in FILE:/home/runner/work/key/key/key.core/../key.ui/examples/standard_key/java_dl/classpath/InputStream.java and once in URL:file:/home/runner/work/key/key/key.core/build/resources/main/de/uka/ilkd/key/java/JavaRedux/java/io/InputStream.java, Keeping one from URL:file:/home/runner/work/key/key/key.core/build/resources/main/de/uka/ilkd/key/java/JavaRedux/java/io/InputStream.java 
80417      WARN  main            d.u.i.k.j.r.KeYCrossReferenceNameInfo Datatype java.lang.System declared twice: Once in FILE:/home/runner/work/key/key/key.core/../key.ui/examples/standard_key/java_dl/classpath/System.java and once in URL:file:/home/runner/work/key/key/key.core/build/resources/main/de/uka/ilkd/key/java/JavaRedux/java/lang/System.java, Keeping one from URL:file:/home/runner/work/key/key/key.core/build/resources/main/de/uka/ilkd/key/java/JavaRedux/java/lang/System.java 
80421      DEBUG main            d.u.i.k.j.r.ClassFileDeclarationBuilder Parsing: package java.io; public class Closeable { } 
80421      DEBUG main            r.s.KeYCrossReferenceSourceInfo Dynamically created class: java.io.Closeable 
83431      DEBUG main            d.u.i.k.p.i.AbstractProblemLoader Init config took 3.05s 
83455      INFO  main            d.u.i.k.p.i.AbstractProblemLoader Replaying proof break.key.proof 
83475      DEBUG main            d.u.i.k.p.i.IntermediateProofReplayer Proof replay took 12.77ms 
83478      DEBUG main            d.u.i.k.p.r.p.TestFile    ... success: reloaded. 
83480      INFO  main            d.u.i.k.p.r.p.TestFile    Now processing file /home/runner/work/key/key/key.core/../key.ui/examples/standard_key/java_dl/char.key 
83480      INFO  main            d.u.i.k.p.i.AbstractProblemLoader Loading environment from /home/runner/work/key/key/key.core/../key.ui/examples/standard_key/java_dl/char.key 
83480      DEBUG main            d.u.i.k.p.i.AbstractProblemLoader Environment load took 236.1ns 
83482      INFO  main            d.u.i.k.p.i.AbstractProblemLoader Creating init config 
86618      DEBUG main            d.u.i.k.p.i.AbstractProblemLoader Init config took 3.14s 
86648      INFO  main            d.u.i.k.p.i.AbstractProblemLoader Replaying proof char.key 
86651      DEBUG main            d.u.i.k.p.i.IntermediateProofReplayer Proof replay took 8.6ns 
86753      INFO  main            d.u.i.k.p.r.p.TestFile    ... finished proof: closed. 
87006      INFO  main            d.u.i.k.p.i.AbstractProblemLoader Loading environment from /home/runner/work/key/key/key.core/../key.ui/examples/standard_key/java_dl/char.key.proof 
87006      DEBUG main            d.u.i.k.p.i.AbstractProblemLoader Environment load took 141.7ns 
87007      INFO  main            d.u.i.k.p.i.AbstractProblemLoader Creating init config 
90060      DEBUG main            d.u.i.k.p.i.AbstractProblemLoader Init config took 3.05s 
90081      INFO  main            d.u.i.k.p.i.AbstractProblemLoader Replaying proof char.key.proof 
90092      DEBUG main            d.u.i.k.p.i.IntermediateProofReplayer Proof replay took 4.62ms 
90093      DEBUG main            d.u.i.k.p.r.p.TestFile    ... success: reloaded. 
90095      INFO  main            d.u.i.k.p.r.p.TestFile    Now processing file /home/runner/work/key/key/key.core/../key.ui/examples/standard_key/java_dl/compileTimeConstants.key 
90096      INFO  main            d.u.i.k.p.i.AbstractProblemLoader Loading environment from /home/runner/work/key/key/key.core/../key.ui/examples/standard_key/java_dl/compileTimeConstants.key 
90096      DEBUG main            d.u.i.k.p.i.AbstractProblemLoader Environment load took 143.7ns 
90097      INFO  main            d.u.i.k.p.i.AbstractProblemLoader Creating init config 
93245      DEBUG main            d.u.i.k.p.i.AbstractProblemLoader Init config took 3.15s 
93264      INFO  main            d.u.i.k.p.i.AbstractProblemLoader Replaying proof compileTimeConstants.key 
93266      DEBUG main            d.u.i.k.p.i.IntermediateProofReplayer Proof replay took 7ns 
93368      INFO  main            d.u.i.k.p.r.p.TestFile    ... finished proof: closed. 
93627      INFO  main            d.u.i.k.p.i.AbstractProblemLoader Loading environment from /home/runner/work/key/key/key.core/../key.ui/examples/standard_key/java_dl/compileTimeConstants.key.proof 
93627      DEBUG main            d.u.i.k.p.i.AbstractProblemLoader Environment load took 138.4ns 
93630      INFO  main            d.u.i.k.p.i.AbstractProblemLoader Creating init config 
96675      DEBUG main            d.u.i.k.p.i.AbstractProblemLoader Init config took 3.04s 
96697      INFO  main            d.u.i.k.p.i.AbstractProblemLoader Replaying proof compileTimeConstants.key.proof 
96722      DEBUG main            d.u.i.k.p.i.IntermediateProofReplayer Proof replay took 16.55ms 
96723      DEBUG main            d.u.i.k.p.r.p.TestFile    ... success: reloaded. 
96724      INFO  main            d.u.i.k.p.r.p.TestFile    Now processing file /home/runner/work/key/key/key.core/../key.ui/examples/standard_key/java_dl/constructorException/test.key 
96724      INFO  main            d.u.i.k.p.i.AbstractProblemLoader Loading environment from /home/runner/work/key/key/key.core/../key.ui/examples/standard_key/java_dl/constructorException/test.key 
96724      DEBUG main            d.u.i.k.p.i.AbstractProblemLoader Environment load took 103.2ns 
96725      INFO  main            d.u.i.k.p.i.AbstractProblemLoader Creating init config 
99983      DEBUG main            d.u.i.k.p.i.AbstractProblemLoader Init config took 3.26s 
100068     INFO  main            d.u.i.k.p.i.AbstractProblemLoader Replaying proof Test[Test::Test(int)].JML operation contract.0 
100069     DEBUG main            d.u.i.k.p.i.IntermediateProofReplayer Proof replay took 7.8ns 
100372     INFO  main            d.u.i.k.p.r.p.TestFile    ... finished proof: closed. 
100643     INFO  main            d.u.i.k.p.i.AbstractProblemLoader Loading environment from /home/runner/work/key/key/key.core/../key.ui/examples/standard_key/java_dl/constructorException/test.key.proof 
100644     DEBUG main            d.u.i.k.p.i.AbstractProblemLoader Environment load took 1.04ms 
100646     INFO  main            d.u.i.k.p.i.AbstractProblemLoader Creating init config 
103754     DEBUG main            d.u.i.k.p.i.AbstractProblemLoader Init config took 3.11s 
103810     INFO  main            d.u.i.k.p.i.AbstractProblemLoader Replaying proof Test[Test::Test(int)].JML operation contract.0 
103887     DEBUG main            d.u.i.k.p.i.IntermediateProofReplayer Proof replay took 74.36ms 
103889     DEBUG main            d.u.i.k.p.r.p.TestFile    ... success: reloaded. 
103890     INFO  main            d.u.i.k.p.r.p.TestFile    Now processing file /home/runner/work/key/key/key.core/../key.ui/examples/standard_key/java_dl/constructorException/regressionTestBug1333.key 
103890     INFO  main            d.u.i.k.p.i.AbstractProblemLoader Loading environment from /home/runner/work/key/key/key.core/../key.ui/examples/standard_key/java_dl/constructorException/regressionTestBug1333.key 
103891     DEBUG main            d.u.i.k.p.i.AbstractProblemLoader Environment load took 260ns 
103892     INFO  main            d.u.i.k.p.i.AbstractProblemLoader Creating init config 
107044     DEBUG main            d.u.i.k.p.i.AbstractProblemLoader Init config took 3.15s 
107091     INFO  main            d.u.i.k.p.i.AbstractProblemLoader Replaying proof False[False::False()].JML normal_behavior operation contract.0 
107094     DEBUG main            d.u.i.k.p.i.IntermediateProofReplayer Proof replay took 7.2ns 
107197     INFO  main            d.u.i.k.p.r.p.TestFile    ... finished proof: open goal(s) 
107466     INFO  main            d.u.i.k.p.r.p.TestFile    Now processing file /home/runner/work/key/key/key.core/../key.ui/examples/standard_key/java_dl/continue1.key 
107467     INFO  main            d.u.i.k.p.i.AbstractProblemLoader Loading environment from /home/runner/work/key/key/key.core/../key.ui/examples/standard_key/java_dl/continue1.key 
107467     DEBUG main            d.u.i.k.p.i.AbstractProblemLoader Environment load took 102.9ns 
107468     INFO  main            d.u.i.k.p.i.AbstractProblemLoader Creating init config 
107499     WARN  main            d.u.i.k.j.r.KeYCrossReferenceNameInfo Datatype java.io.PrintStream declared twice: Once in FILE:/home/runner/work/key/key/key.core/../key.ui/examples/standard_key/java_dl/classpath/PrintStream.java and once in URL:file:/home/runner/work/key/key/key.core/build/resources/main/de/uka/ilkd/key/java/JavaRedux/java/io/PrintStream.java, Keeping one from URL:file:/home/runner/work/key/key/key.core/build/resources/main/de/uka/ilkd/key/java/JavaRedux/java/io/PrintStream.java 
107499     WARN  main            d.u.i.k.j.r.KeYCrossReferenceNameInfo Datatype java.io.InputStream declared twice: Once in FILE:/home/runner/work/key/key/key.core/../key.ui/examples/standard_key/java_dl/classpath/InputStream.java and once in URL:file:/home/runner/work/key/key/key.core/build/resources/main/de/uka/ilkd/key/java/JavaRedux/java/io/InputStream.java, Keeping one from URL:file:/home/runner/work/key/key/key.core/build/resources/main/de/uka/ilkd/key/java/JavaRedux/java/io/InputStream.java 
107499     WARN  main            d.u.i.k.j.r.KeYCrossReferenceNameInfo Datatype java.lang.System declared twice: Once in FILE:/home/runner/work/key/key/key.core/../key.ui/examples/standard_key/java_dl/classpath/System.java and once in URL:file:/home/runner/work/key/key/key.core/build/resources/main/de/uka/ilkd/key/java/JavaRedux/java/lang/System.java, Keeping one from URL:file:/home/runner/work/key/key/key.core/build/resources/main/de/uka/ilkd/key/java/JavaRedux/java/lang/System.java 
107503     DEBUG main            d.u.i.k.j.r.ClassFileDeclarationBuilder Parsing: package java.io; public class Closeable { } 
107503     DEBUG main            r.s.KeYCrossReferenceSourceInfo Dynamically created class: java.io.Closeable 
110504     DEBUG main            d.u.i.k.p.i.AbstractProblemLoader Init config took 3.04s 
110521     INFO  main            d.u.i.k.p.i.AbstractProblemLoader Replaying proof continue1.key 
110523     DEBUG main            d.u.i.k.p.i.IntermediateProofReplayer Proof replay took 7.3ns 
110732     INFO  main            d.u.i.k.p.r.p.TestFile    ... finished proof: closed. 
110996     INFO  main            d.u.i.k.p.i.AbstractProblemLoader Loading environment from /home/runner/work/key/key/key.core/../key.ui/examples/standard_key/java_dl/continue1.key.proof 
110996     DEBUG main            d.u.i.k.p.i.AbstractProblemLoader Environment load took 137.2ns 
110997     INFO  main            d.u.i.k.p.i.AbstractProblemLoader Creating init config 
111043     WARN  main            d.u.i.k.j.r.KeYCrossReferenceNameInfo Datatype java.io.PrintStream declared twice: Once in FILE:/home/runner/work/key/key/key.core/../key.ui/examples/standard_key/java_dl/classpath/PrintStream.java and once in URL:file:/home/runner/work/key/key/key.core/build/resources/main/de/uka/ilkd/key/java/JavaRedux/java/io/PrintStream.java, Keeping one from URL:file:/home/runner/work/key/key/key.core/build/resources/main/de/uka/ilkd/key/java/JavaRedux/java/io/PrintStream.java 
111044     WARN  main            d.u.i.k.j.r.KeYCrossReferenceNameInfo Datatype java.io.InputStream declared twice: Once in FILE:/home/runner/work/key/key/key.core/../key.ui/examples/standard_key/java_dl/classpath/InputStream.java and once in URL:file:/home/runner/work/key/key/key.core/build/resources/main/de/uka/ilkd/key/java/JavaRedux/java/io/InputStream.java, Keeping one from URL:file:/home/runner/work/key/key/key.core/build/resources/main/de/uka/ilkd/key/java/JavaRedux/java/io/InputStream.java 
111044     WARN  main            d.u.i.k.j.r.KeYCrossReferenceNameInfo Datatype java.lang.System declared twice: Once in FILE:/home/runner/work/key/key/key.core/../key.ui/examples/standard_key/java_dl/classpath/System.java and once in URL:file:/home/runner/work/key/key/key.core/build/resources/main/de/uka/ilkd/key/java/JavaRedux/java/lang/System.java, Keeping one from URL:file:/home/runner/work/key/key/key.core/build/resources/main/de/uka/ilkd/key/java/JavaRedux/java/lang/System.java 
111047     DEBUG main            d.u.i.k.j.r.ClassFileDeclarationBuilder Parsing: package java.io; public class Closeable { } 
111047     DEBUG main            r.s.KeYCrossReferenceSourceInfo Dynamically created class: java.io.Closeable 
114039     DEBUG main            d.u.i.k.p.i.AbstractProblemLoader Init config took 3.04s 
114056     INFO  main            d.u.i.k.p.i.AbstractProblemLoader Replaying proof continue1.key.proof 
114087     DEBUG main            d.u.i.k.p.i.IntermediateProofReplayer Proof replay took 28.78ms 
114088     DEBUG main            d.u.i.k.p.r.p.TestFile    ... success: reloaded. 
114090     INFO  main            d.u.i.k.p.r.p.TestFile    Now processing file /home/runner/work/key/key/key.core/../key.ui/examples/standard_key/java_dl/continue2.key 
114090     INFO  main            d.u.i.k.p.i.AbstractProblemLoader Loading environment from /home/runner/work/key/key/key.core/../key.ui/examples/standard_key/java_dl/continue2.key 
114090     DEBUG main            d.u.i.k.p.i.AbstractProblemLoader Environment load took 119.2ns 
114092     INFO  main            d.u.i.k.p.i.AbstractProblemLoader Creating init config 
114119     WARN  main            d.u.i.k.j.r.KeYCrossReferenceNameInfo Datatype java.io.PrintStream declared twice: Once in FILE:/home/runner/work/key/key/key.core/../key.ui/examples/standard_key/java_dl/classpath/PrintStream.java and once in URL:file:/home/runner/work/key/key/key.core/build/resources/main/de/uka/ilkd/key/java/JavaRedux/java/io/PrintStream.java, Keeping one from URL:file:/home/runner/work/key/key/key.core/build/resources/main/de/uka/ilkd/key/java/JavaRedux/java/io/PrintStream.java 
114119     WARN  main            d.u.i.k.j.r.KeYCrossReferenceNameInfo Datatype java.io.InputStream declared twice: Once in FILE:/home/runner/work/key/key/key.core/../key.ui/examples/standard_key/java_dl/classpath/InputStream.java and once in URL:file:/home/runner/work/key/key/key.core/build/resources/main/de/uka/ilkd/key/java/JavaRedux/java/io/InputStream.java, Keeping one from URL:file:/home/runner/work/key/key/key.core/build/resources/main/de/uka/ilkd/key/java/JavaRedux/java/io/InputStream.java 
114119     WARN  main            d.u.i.k.j.r.KeYCrossReferenceNameInfo Datatype java.lang.System declared twice: Once in FILE:/home/runner/work/key/key/key.core/../key.ui/examples/standard_key/java_dl/classpath/System.java and once in URL:file:/home/runner/work/key/key/key.core/build/resources/main/de/uka/ilkd/key/java/JavaRedux/java/lang/System.java, Keeping one from URL:file:/home/runner/work/key/key/key.core/build/resources/main/de/uka/ilkd/key/java/JavaRedux/java/lang/System.java 
114122     DEBUG main            d.u.i.k.j.r.ClassFileDeclarationBuilder Parsing: package java.io; public class Closeable { } 
114123     DEBUG main            r.s.KeYCrossReferenceSourceInfo Dynamically created class: java.io.Closeable 
117240     DEBUG main            d.u.i.k.p.i.AbstractProblemLoader Init config took 3.15s 
117257     INFO  main            d.u.i.k.p.i.AbstractProblemLoader Replaying proof continue2.key 
117259     DEBUG main            d.u.i.k.p.i.IntermediateProofReplayer Proof replay took 7.3ns 
117562     INFO  main            d.u.i.k.p.r.p.TestFile    ... finished proof: closed. 
117851     INFO  main            d.u.i.k.p.i.AbstractProblemLoader Loading environment from /home/runner/work/key/key/key.core/../key.ui/examples/standard_key/java_dl/continue2.key.proof 
117851     DEBUG main            d.u.i.k.p.i.AbstractProblemLoader Environment load took 524.6ns 
117853     INFO  main            d.u.i.k.p.i.AbstractProblemLoader Creating init config 
117888     WARN  main            d.u.i.k.j.r.KeYCrossReferenceNameInfo Datatype java.io.PrintStream declared twice: Once in FILE:/home/runner/work/key/key/key.core/../key.ui/examples/standard_key/java_dl/classpath/PrintStream.java and once in URL:file:/home/runner/work/key/key/key.core/build/resources/main/de/uka/ilkd/key/java/JavaRedux/java/io/PrintStream.java, Keeping one from URL:file:/home/runner/work/key/key/key.core/build/resources/main/de/uka/ilkd/key/java/JavaRedux/java/io/PrintStream.java 
117888     WARN  main            d.u.i.k.j.r.KeYCrossReferenceNameInfo Datatype java.io.InputStream declared twice: Once in FILE:/home/runner/work/key/key/key.core/../key.ui/examples/standard_key/java_dl/classpath/InputStream.java and once in URL:file:/home/runner/work/key/key/key.core/build/resources/main/de/uka/ilkd/key/java/JavaRedux/java/io/InputStream.java, Keeping one from URL:file:/home/runner/work/key/key/key.core/build/resources/main/de/uka/ilkd/key/java/JavaRedux/java/io/InputStream.java 
117889     WARN  main            d.u.i.k.j.r.KeYCrossReferenceNameInfo Datatype java.lang.System declared twice: Once in FILE:/home/runner/work/key/key/key.core/../key.ui/examples/standard_key/java_dl/classpath/System.java and once in URL:file:/home/runner/work/key/key/key.core/build/resources/main/de/uka/ilkd/key/java/JavaRedux/java/lang/System.java, Keeping one from URL:file:/home/runner/work/key/key/key.core/build/resources/main/de/uka/ilkd/key/java/JavaRedux/java/lang/System.java 
117892     DEBUG main            d.u.i.k.j.r.ClassFileDeclarationBuilder Parsing: package java.io; public class Closeable { } 
117892     DEBUG main            r.s.KeYCrossReferenceSourceInfo Dynamically created class: java.io.Closeable 
120930     DEBUG main            d.u.i.k.p.i.AbstractProblemLoader Init config took 3.08s 
120949     INFO  main            d.u.i.k.p.i.AbstractProblemLoader Replaying proof continue2.key.proof 
121072     DEBUG main            d.u.i.k.p.i.IntermediateProofReplayer Proof replay took 119.17ms 
121073     DEBUG main            d.u.i.k.p.r.p.TestFile    ... success: reloaded. 
121083     INFO  main            d.u.i.k.p.r.p.TestFile    Now processing file /home/runner/work/key/key/key.core/../key.ui/examples/standard_key/java_dl/complexAssignment.key 
121089     INFO  main            d.u.i.k.p.i.AbstractProblemLoader Loading environment from /home/runner/work/key/key/key.core/../key.ui/examples/standard_key/java_dl/complexAssignment.key 
121090     DEBUG main            d.u.i.k.p.i.AbstractProblemLoader Environment load took 233.6ns 
121091     INFO  main            d.u.i.k.p.i.AbstractProblemLoader Creating init config 
124146     DEBUG main            d.u.i.k.p.i.AbstractProblemLoader Init config took 3.06s 
124164     INFO  main            d.u.i.k.p.i.AbstractProblemLoader Replaying proof complexAssignment.key 
124166     DEBUG main            d.u.i.k.p.i.IntermediateProofReplayer Proof replay took 8ns 
124268     INFO  main            d.u.i.k.p.r.p.TestFile    ... finished proof: closed. 
124577     INFO  main            d.u.i.k.p.i.AbstractProblemLoader Loading environment from /home/runner/work/key/key/key.core/../key.ui/examples/standard_key/java_dl/complexAssignment.key.proof 
124577     DEBUG main            d.u.i.k.p.i.AbstractProblemLoader Environment load took 136.9ns 
124579     INFO  main            d.u.i.k.p.i.AbstractProblemLoader Creating init config 
127631     DEBUG main            d.u.i.k.p.i.AbstractProblemLoader Init config took 3.05s 
127648     INFO  main            d.u.i.k.p.i.AbstractProblemLoader Replaying proof complexAssignment.key.proof 
127661     DEBUG main            d.u.i.k.p.i.IntermediateProofReplayer Proof replay took 9.43ms 
127662     DEBUG main            d.u.i.k.p.r.p.TestFile    ... success: reloaded. 
127662     INFO  main            d.u.i.k.p.r.p.TestFile    Now processing file /home/runner/work/key/key/key.core/../key.ui/examples/standard_key/java_dl/danglingElseSolution1.key 
127663     INFO  main            d.u.i.k.p.i.AbstractProblemLoader Loading environment from /home/runner/work/key/key/key.core/../key.ui/examples/standard_key/java_dl/danglingElseSolution1.key 
127663     DEBUG main            d.u.i.k.p.i.AbstractProblemLoader Environment load took 120.8ns 
127664     INFO  main            d.u.i.k.p.i.AbstractProblemLoader Creating init config 
130778     DEBUG main            d.u.i.k.p.i.AbstractProblemLoader Init config took 3.11s 
130796     INFO  main            d.u.i.k.p.i.AbstractProblemLoader Replaying proof danglingElseSolution1.key 
130798     DEBUG main            d.u.i.k.p.i.IntermediateProofReplayer Proof replay took 8.6ns 
130903     INFO  main            d.u.i.k.p.r.p.TestFile    ... finished proof: closed. 
131210     INFO  main            d.u.i.k.p.i.AbstractProblemLoader Loading environment from /home/runner/work/key/key/key.core/../key.ui/examples/standard_key/java_dl/danglingElseSolution1.key.proof 
131210     DEBUG main            d.u.i.k.p.i.AbstractProblemLoader Environment load took 123.2ns 
131213     INFO  main            d.u.i.k.p.i.AbstractProblemLoader Creating init config 
134200     DEBUG main            d.u.i.k.p.i.AbstractProblemLoader Init config took 2.99s 
134220     INFO  main            d.u.i.k.p.i.AbstractProblemLoader Replaying proof danglingElseSolution1.key.proof 
134235     DEBUG main            d.u.i.k.p.i.IntermediateProofReplayer Proof replay took 12.46ms 
134237     DEBUG main            d.u.i.k.p.r.p.TestFile    ... success: reloaded. 
134237     INFO  main            d.u.i.k.p.r.p.TestFile    Now processing file /home/runner/work/key/key/key.core/../key.ui/examples/standard_key/java_dl/danglingElseSolution2.key 
134238     INFO  main            d.u.i.k.p.i.AbstractProblemLoader Loading environment from /home/runner/work/key/key/key.core/../key.ui/examples/standard_key/java_dl/danglingElseSolution2.key 
134238     DEBUG main            d.u.i.k.p.i.AbstractProblemLoader Environment load took 231ns 
134239     INFO  main            d.u.i.k.p.i.AbstractProblemLoader Creating init config 
137278     DEBUG main            d.u.i.k.p.i.AbstractProblemLoader Init config took 3.04s 
137297     INFO  main            d.u.i.k.p.i.AbstractProblemLoader Replaying proof danglingElseSolution2.key 
137299     DEBUG main            d.u.i.k.p.i.IntermediateProofReplayer Proof replay took 7.7ns 
137403     INFO  main            d.u.i.k.p.r.p.TestFile    ... finished proof: closed. 
137705     INFO  main            d.u.i.k.p.i.AbstractProblemLoader Loading environment from /home/runner/work/key/key/key.core/../key.ui/examples/standard_key/java_dl/danglingElseSolution2.key.proof 
137705     DEBUG main            d.u.i.k.p.i.AbstractProblemLoader Environment load took 127.6ns 
137706     INFO  main            d.u.i.k.p.i.AbstractProblemLoader Creating init config 
140729     DEBUG main            d.u.i.k.p.i.AbstractProblemLoader Init config took 3.02s 
140748     INFO  main            d.u.i.k.p.i.AbstractProblemLoader Replaying proof danglingElseSolution2.key.proof 
140771     DEBUG main            d.u.i.k.p.i.IntermediateProofReplayer Proof replay took 19.69ms 
140772     DEBUG main            d.u.i.k.p.r.p.TestFile    ... success: reloaded. 
140774     INFO  main            d.u.i.k.p.r.p.TestFile    Now processing file /home/runner/work/key/key/key.core/../key.ui/examples/standard_key/java_dl/deepNonNull/deepNonNull0.key 
140774     INFO  main            d.u.i.k.p.i.AbstractProblemLoader Loading environment from /home/runner/work/key/key/key.core/../key.ui/examples/standard_key/java_dl/deepNonNull/deepNonNull0.key 
140774     DEBUG main            d.u.i.k.p.i.AbstractProblemLoader Environment load took 125.7ns 
140776     INFO  main            d.u.i.k.p.i.AbstractProblemLoader Creating init config 
143906     DEBUG main            d.u.i.k.p.i.AbstractProblemLoader Init config took 3.13s 
143960     INFO  main            d.u.i.k.p.i.AbstractProblemLoader Replaying proof Arrays[Arrays::get()].JML operation contract.0 
143962     DEBUG main            d.u.i.k.p.i.IntermediateProofReplayer Proof replay took 8.5ns 
144165     INFO  main            d.u.i.k.p.r.p.TestFile    ... finished proof: closed. 
144576     INFO  main            d.u.i.k.p.i.AbstractProblemLoader Loading environment from /home/runner/work/key/key/key.core/../key.ui/examples/standard_key/java_dl/deepNonNull/deepNonNull0.key.proof 
144577     DEBUG main            d.u.i.k.p.i.AbstractProblemLoader Environment load took 124.4ns 
144578     INFO  main            d.u.i.k.p.i.AbstractProblemLoader Creating init config 
147639     DEBUG main            d.u.i.k.p.i.AbstractProblemLoader Init config took 3.06s 
147685     INFO  main            d.u.i.k.p.i.AbstractProblemLoader Replaying proof Arrays[Arrays::get()].JML operation contract.0 
147729     DEBUG main            d.u.i.k.p.i.IntermediateProofReplayer Proof replay took 40.3ms 
147730     DEBUG main            d.u.i.k.p.r.p.TestFile    ... success: reloaded. 
147730     INFO  main            d.u.i.k.p.r.p.TestFile    Now processing file /home/runner/work/key/key/key.core/../key.ui/examples/standard_key/java_dl/deepNonNull/deepNonNull1.key 
147731     INFO  main            d.u.i.k.p.i.AbstractProblemLoader Loading environment from /home/runner/work/key/key/key.core/../key.ui/examples/standard_key/java_dl/deepNonNull/deepNonNull1.key 
147731     DEBUG main            d.u.i.k.p.i.AbstractProblemLoader Environment load took 217.1ns 
147732     INFO  main            d.u.i.k.p.i.AbstractProblemLoader Creating init config 
150883     DEBUG main            d.u.i.k.p.i.AbstractProblemLoader Init config took 3.15s 
150935     INFO  main            d.u.i.k.p.i.AbstractProblemLoader Replaying proof Arrays[Arrays::head()].JML operation contract.0 
150937     DEBUG main            d.u.i.k.p.i.IntermediateProofReplayer Proof replay took 7.8ns 
151143     INFO  main            d.u.i.k.p.r.p.TestFile    ... finished proof: closed. 
151476     INFO  main            d.u.i.k.p.i.AbstractProblemLoader Loading environment from /home/runner/work/key/key/key.core/../key.ui/examples/standard_key/java_dl/deepNonNull/deepNonNull1.key.proof 
151477     DEBUG main            d.u.i.k.p.i.AbstractProblemLoader Environment load took 125.5ns 
151478     INFO  main            d.u.i.k.p.i.AbstractProblemLoader Creating init config 
154560     DEBUG main            d.u.i.k.p.i.AbstractProblemLoader Init config took 3.08s 
154619     INFO  main            d.u.i.k.p.i.AbstractProblemLoader Replaying proof Arrays[Arrays::head()].JML operation contract.0 
154658     DEBUG main            d.u.i.k.p.i.IntermediateProofReplayer Proof replay took 35.74ms 
154659     DEBUG main            d.u.i.k.p.r.p.TestFile    ... success: reloaded. 
154660     INFO  main            d.u.i.k.p.r.p.TestFile    Now processing file /home/runner/work/key/key/key.core/../key.ui/examples/standard_key/java_dl/deepNonNull/deepNonNull2.key 
154660     INFO  main            d.u.i.k.p.i.AbstractProblemLoader Loading environment from /home/runner/work/key/key/key.core/../key.ui/examples/standard_key/java_dl/deepNonNull/deepNonNull2.key 
154660     DEBUG main            d.u.i.k.p.i.AbstractProblemLoader Environment load took 246.3ns 
154662     INFO  main            d.u.i.k.p.i.AbstractProblemLoader Creating init config 
157738     DEBUG main            d.u.i.k.p.i.AbstractProblemLoader Init config took 3.08s 
157822     INFO  main            d.u.i.k.p.i.AbstractProblemLoader Replaying proof Arrays[Arrays::unprovable(java.lang.Object)].JML operation contract.0 
157824     DEBUG main            d.u.i.k.p.i.IntermediateProofReplayer Proof replay took 7.9ns 
157934     INFO  main            d.u.i.k.p.r.p.TestFile    ... finished proof: open goal(s) 
158258     INFO  main            d.u.i.k.p.r.p.TestFile    Now processing file /home/runner/work/key/key/key.core/../key.ui/examples/standard_key/java_dl/deepNonNull/deepNonNull3.key 
158258     INFO  main            d.u.i.k.p.i.AbstractProblemLoader Loading environment from /home/runner/work/key/key/key.core/../key.ui/examples/standard_key/java_dl/deepNonNull/deepNonNull3.key 
158259     DEBUG main            d.u.i.k.p.i.AbstractProblemLoader Environment load took 72.8ns 
158260     INFO  main            d.u.i.k.p.i.AbstractProblemLoader Creating init config 
161369     DEBUG main            d.u.i.k.p.i.AbstractProblemLoader Init config took 3.11s 
161414     INFO  main            d.u.i.k.p.i.AbstractProblemLoader Replaying proof Arrays[Arrays::head([[[[Ljava.lang.Object)].JML operation contract.0 
161415     DEBUG main            d.u.i.k.p.i.IntermediateProofReplayer Proof replay took 8.6ns 
162633     INFO  main            d.u.i.k.p.r.p.TestFile    ... finished proof: closed. 
162998     INFO  main            d.u.i.k.p.i.AbstractProblemLoader Loading environment from /home/runner/work/key/key/key.core/../key.ui/examples/standard_key/java_dl/deepNonNull/deepNonNull3.key.proof 
162998     DEBUG main            d.u.i.k.p.i.AbstractProblemLoader Environment load took 126.2ns 
162999     INFO  main            d.u.i.k.p.i.AbstractProblemLoader Creating init config 
166058     DEBUG main            d.u.i.k.p.i.AbstractProblemLoader Init config took 3.06s 
166104     INFO  main            d.u.i.k.p.i.AbstractProblemLoader Replaying proof Arrays[Arrays::head([[[[Ljava.lang.Object)].JML operation contract.0 
166261     DEBUG main            d.u.i.k.p.i.IntermediateProofReplayer Proof replay took 151.25ms 
166263     DEBUG main            d.u.i.k.p.r.p.TestFile    ... success: reloaded. 
166263     INFO  main            d.u.i.k.p.r.p.TestFile    Now processing file /home/runner/work/key/key/key.core/../key.ui/examples/standard_key/java_dl/exceptions.key 
166264     INFO  main            d.u.i.k.p.i.AbstractProblemLoader Loading environment from /home/runner/work/key/key/key.core/../key.ui/examples/standard_key/java_dl/exceptions.key 
166264     DEBUG main            d.u.i.k.p.i.AbstractProblemLoader Environment load took 269.2ns 
166265     INFO  main            d.u.i.k.p.i.AbstractProblemLoader Creating init config 
166292     WARN  main            d.u.i.k.j.r.KeYCrossReferenceNameInfo Datatype java.io.PrintStream declared twice: Once in FILE:/home/runner/work/key/key/key.core/../key.ui/examples/standard_key/java_dl/classpath/PrintStream.java and once in URL:file:/home/runner/work/key/key/key.core/build/resources/main/de/uka/ilkd/key/java/JavaRedux/java/io/PrintStream.java, Keeping one from URL:file:/home/runner/work/key/key/key.core/build/resources/main/de/uka/ilkd/key/java/JavaRedux/java/io/PrintStream.java 
166293     WARN  main            d.u.i.k.j.r.KeYCrossReferenceNameInfo Datatype java.io.InputStream declared twice: Once in FILE:/home/runner/work/key/key/key.core/../key.ui/examples/standard_key/java_dl/classpath/InputStream.java and once in URL:file:/home/runner/work/key/key/key.core/build/resources/main/de/uka/ilkd/key/java/JavaRedux/java/io/InputStream.java, Keeping one from URL:file:/home/runner/work/key/key/key.core/build/resources/main/de/uka/ilkd/key/java/JavaRedux/java/io/InputStream.java 
166293     WARN  main            d.u.i.k.j.r.KeYCrossReferenceNameInfo Datatype java.lang.System declared twice: Once in FILE:/home/runner/work/key/key/key.core/../key.ui/examples/standard_key/java_dl/classpath/System.java and once in URL:file:/home/runner/work/key/key/key.core/build/resources/main/de/uka/ilkd/key/java/JavaRedux/java/lang/System.java, Keeping one from URL:file:/home/runner/work/key/key/key.core/build/resources/main/de/uka/ilkd/key/java/JavaRedux/java/lang/System.java 
166301     DEBUG main            d.u.i.k.j.r.ClassFileDeclarationBuilder Parsing: package java.io; public class Closeable { } 
166302     DEBUG main            r.s.KeYCrossReferenceSourceInfo Dynamically created class: java.io.Closeable 
169305     DEBUG main            d.u.i.k.p.i.AbstractProblemLoader Init config took 3.04s 
169322     INFO  main            d.u.i.k.p.i.AbstractProblemLoader Replaying proof exceptions.key 
169323     DEBUG main            d.u.i.k.p.i.IntermediateProofReplayer Proof replay took 8.1ns 
169527     INFO  main            d.u.i.k.p.r.p.TestFile    ... finished proof: closed. 
169967     INFO  main            d.u.i.k.p.i.AbstractProblemLoader Loading environment from /home/runner/work/key/key/key.core/../key.ui/examples/standard_key/java_dl/exceptions.key.proof 
169967     DEBUG main            d.u.i.k.p.i.AbstractProblemLoader Environment load took 110.8ns 
169968     INFO  main            d.u.i.k.p.i.AbstractProblemLoader Creating init config 
169995     WARN  main            d.u.i.k.j.r.KeYCrossReferenceNameInfo Datatype java.io.PrintStream declared twice: Once in FILE:/home/runner/work/key/key/key.core/../key.ui/examples/standard_key/java_dl/classpath/PrintStream.java and once in URL:file:/home/runner/work/key/key/key.core/build/resources/main/de/uka/ilkd/key/java/JavaRedux/java/io/PrintStream.java, Keeping one from URL:file:/home/runner/work/key/key/key.core/build/resources/main/de/uka/ilkd/key/java/JavaRedux/java/io/PrintStream.java 
169995     WARN  main            d.u.i.k.j.r.KeYCrossReferenceNameInfo Datatype java.io.InputStream declared twice: Once in FILE:/home/runner/work/key/key/key.core/../key.ui/examples/standard_key/java_dl/classpath/InputStream.java and once in URL:file:/home/runner/work/key/key/key.core/build/resources/main/de/uka/ilkd/key/java/JavaRedux/java/io/InputStream.java, Keeping one from URL:file:/home/runner/work/key/key/key.core/build/resources/main/de/uka/ilkd/key/java/JavaRedux/java/io/InputStream.java 
169995     WARN  main            d.u.i.k.j.r.KeYCrossReferenceNameInfo Datatype java.lang.System declared twice: Once in FILE:/home/runner/work/key/key/key.core/../key.ui/examples/standard_key/java_dl/classpath/System.java and once in URL:file:/home/runner/work/key/key/key.core/build/resources/main/de/uka/ilkd/key/java/JavaRedux/java/lang/System.java, Keeping one from URL:file:/home/runner/work/key/key/key.core/build/resources/main/de/uka/ilkd/key/java/JavaRedux/java/lang/System.java 
169999     DEBUG main            d.u.i.k.j.r.ClassFileDeclarationBuilder Parsing: package java.io; public class Closeable { } 
169999     DEBUG main            r.s.KeYCrossReferenceSourceInfo Dynamically created class: java.io.Closeable 
172987     DEBUG main            d.u.i.k.p.i.AbstractProblemLoader Init config took 3.02s 
173007     INFO  main            d.u.i.k.p.i.AbstractProblemLoader Replaying proof exceptions.key.proof 
173078     DEBUG main            d.u.i.k.p.i.IntermediateProofReplayer Proof replay took 66.58ms 
173079     DEBUG main            d.u.i.k.p.r.p.TestFile    ... success: reloaded. 
173080     INFO  main            d.u.i.k.p.r.p.TestFile    Now processing file /home/runner/work/key/key/key.core/../key.ui/examples/standard_key/java_dl/exceptions1.key 
173081     INFO  main            d.u.i.k.p.i.AbstractProblemLoader Loading environment from /home/runner/work/key/key/key.core/../key.ui/examples/standard_key/java_dl/exceptions1.key 
173081     DEBUG main            d.u.i.k.p.i.AbstractProblemLoader Environment load took 242.2ns 
173082     INFO  main            d.u.i.k.p.i.AbstractProblemLoader Creating init config 
176046     DEBUG main            d.u.i.k.p.i.AbstractProblemLoader Init config took 2.96s 
176069     INFO  main            d.u.i.k.p.i.AbstractProblemLoader Replaying proof exceptions1.key 
176072     DEBUG main            d.u.i.k.p.i.IntermediateProofReplayer Proof replay took 10ns 
176279     INFO  main            d.u.i.k.p.r.p.TestFile    ... finished proof: closed. 
176652     INFO  main            d.u.i.k.p.i.AbstractProblemLoader Loading environment from /home/runner/work/key/key/key.core/../key.ui/examples/standard_key/java_dl/exceptions1.key.proof 
176652     DEBUG main            d.u.i.k.p.i.AbstractProblemLoader Environment load took 579.5ns 
176654     INFO  main            d.u.i.k.p.i.AbstractProblemLoader Creating init config 
179584     DEBUG main            d.u.i.k.p.i.AbstractProblemLoader Init config took 2.93s 
179602     INFO  main            d.u.i.k.p.i.AbstractProblemLoader Replaying proof exceptions1.key.proof 
179645     DEBUG main            d.u.i.k.p.i.IntermediateProofReplayer Proof replay took 39.4ms 
179646     DEBUG main            d.u.i.k.p.r.p.TestFile    ... success: reloaded. 
179647     INFO  main            d.u.i.k.p.r.p.TestFile    Now processing file /home/runner/work/key/key/key.core/../key.ui/examples/standard_key/java_dl/exceptions2.key 
179647     INFO  main            d.u.i.k.p.i.AbstractProblemLoader Loading environment from /home/runner/work/key/key/key.core/../key.ui/examples/standard_key/java_dl/exceptions2.key 
179648     DEBUG main            d.u.i.k.p.i.AbstractProblemLoader Environment load took 208.7ns 
179649     INFO  main            d.u.i.k.p.i.AbstractProblemLoader Creating init config 
182722     DEBUG main            d.u.i.k.p.i.AbstractProblemLoader Init config took 3.07s 
182739     INFO  main            d.u.i.k.p.i.AbstractProblemLoader Replaying proof exceptions2.key 
182742     DEBUG main            d.u.i.k.p.i.IntermediateProofReplayer Proof replay took 8.6ns 
182947     INFO  main            d.u.i.k.p.r.p.TestFile    ... finished proof: closed. 
183309     INFO  main            d.u.i.k.p.i.AbstractProblemLoader Loading environment from /home/runner/work/key/key/key.core/../key.ui/examples/standard_key/java_dl/exceptions2.key.proof 
183309     DEBUG main            d.u.i.k.p.i.AbstractProblemLoader Environment load took 120.8ns 
183310     INFO  main            d.u.i.k.p.i.AbstractProblemLoader Creating init config 
186232     DEBUG main            d.u.i.k.p.i.AbstractProblemLoader Init config took 2.92s 
186249     INFO  main            d.u.i.k.p.i.AbstractProblemLoader Replaying proof exceptions2.key.proof 
186312     DEBUG main            d.u.i.k.p.i.IntermediateProofReplayer Proof replay took 60.16ms 
186319     DEBUG main            d.u.i.k.p.r.p.TestFile    ... success: reloaded. 
186320     INFO  main            d.u.i.k.p.r.p.TestFile    Now processing file /home/runner/work/key/key/key.core/../key.ui/examples/standard_key/java_dl/exceptions3.key 
186321     INFO  main            d.u.i.k.p.i.AbstractProblemLoader Loading environment from /home/runner/work/key/key/key.core/../key.ui/examples/standard_key/java_dl/exceptions3.key 
186321     DEBUG main            d.u.i.k.p.i.AbstractProblemLoader Environment load took 252.5ns 
186323     INFO  main            d.u.i.k.p.i.AbstractProblemLoader Creating init config 
186353     WARN  main            d.u.i.k.j.r.KeYCrossReferenceNameInfo Datatype java.io.PrintStream declared twice: Once in FILE:/home/runner/work/key/key/key.core/../key.ui/examples/standard_key/java_dl/classpath/PrintStream.java and once in URL:file:/home/runner/work/key/key/key.core/build/resources/main/de/uka/ilkd/key/java/JavaRedux/java/io/PrintStream.java, Keeping one from URL:file:/home/runner/work/key/key/key.core/build/resources/main/de/uka/ilkd/key/java/JavaRedux/java/io/PrintStream.java 
186353     WARN  main            d.u.i.k.j.r.KeYCrossReferenceNameInfo Datatype java.io.InputStream declared twice: Once in FILE:/home/runner/work/key/key/key.core/../key.ui/examples/standard_key/java_dl/classpath/InputStream.java and once in URL:file:/home/runner/work/key/key/key.core/build/resources/main/de/uka/ilkd/key/java/JavaRedux/java/io/InputStream.java, Keeping one from URL:file:/home/runner/work/key/key/key.core/build/resources/main/de/uka/ilkd/key/java/JavaRedux/java/io/InputStream.java 
186354     WARN  main            d.u.i.k.j.r.KeYCrossReferenceNameInfo Datatype java.lang.System declared twice: Once in FILE:/home/runner/work/key/key/key.core/../key.ui/examples/standard_key/java_dl/classpath/System.java and once in URL:file:/home/runner/work/key/key/key.core/build/resources/main/de/uka/ilkd/key/java/JavaRedux/java/lang/System.java, Keeping one from URL:file:/home/runner/work/key/key/key.core/build/resources/main/de/uka/ilkd/key/java/JavaRedux/java/lang/System.java 
186357     DEBUG main            d.u.i.k.j.r.ClassFileDeclarationBuilder Parsing: package java.io; public class Closeable { } 
186357     DEBUG main            r.s.KeYCrossReferenceSourceInfo Dynamically created class: java.io.Closeable 
189480     DEBUG main            d.u.i.k.p.i.AbstractProblemLoader Init config took 3.16s 
189496     INFO  main            d.u.i.k.p.i.AbstractProblemLoader Replaying proof exceptions3.key 
189498     DEBUG main            d.u.i.k.p.i.IntermediateProofReplayer Proof replay took 8.5ns 
189600     INFO  main            d.u.i.k.p.r.p.TestFile    ... finished proof: closed. 
189964     INFO  main            d.u.i.k.p.i.AbstractProblemLoader Loading environment from /home/runner/work/key/key/key.core/../key.ui/examples/standard_key/java_dl/exceptions3.key.proof 
189964     DEBUG main            d.u.i.k.p.i.AbstractProblemLoader Environment load took 105.6ns 
189965     INFO  main            d.u.i.k.p.i.AbstractProblemLoader Creating init config 
189998     WARN  main            d.u.i.k.j.r.KeYCrossReferenceNameInfo Datatype java.io.PrintStream declared twice: Once in FILE:/home/runner/work/key/key/key.core/../key.ui/examples/standard_key/java_dl/classpath/PrintStream.java and once in URL:file:/home/runner/work/key/key/key.core/build/resources/main/de/uka/ilkd/key/java/JavaRedux/java/io/PrintStream.java, Keeping one from URL:file:/home/runner/work/key/key/key.core/build/resources/main/de/uka/ilkd/key/java/JavaRedux/java/io/PrintStream.java 
189998     WARN  main            d.u.i.k.j.r.KeYCrossReferenceNameInfo Datatype java.io.InputStream declared twice: Once in FILE:/home/runner/work/key/key/key.core/../key.ui/examples/standard_key/java_dl/classpath/InputStream.java and once in URL:file:/home/runner/work/key/key/key.core/build/resources/main/de/uka/ilkd/key/java/JavaRedux/java/io/InputStream.java, Keeping one from URL:file:/home/runner/work/key/key/key.core/build/resources/main/de/uka/ilkd/key/java/JavaRedux/java/io/InputStream.java 
189998     WARN  main            d.u.i.k.j.r.KeYCrossReferenceNameInfo Datatype java.lang.System declared twice: Once in FILE:/home/runner/work/key/key/key.core/../key.ui/examples/standard_key/java_dl/classpath/System.java and once in URL:file:/home/runner/work/key/key/key.core/build/resources/main/de/uka/ilkd/key/java/JavaRedux/java/lang/System.java, Keeping one from URL:file:/home/runner/work/key/key/key.core/build/resources/main/de/uka/ilkd/key/java/JavaRedux/java/lang/System.java 
190002     DEBUG main            d.u.i.k.j.r.ClassFileDeclarationBuilder Parsing: package java.io; public class Closeable { } 
190002     DEBUG main            r.s.KeYCrossReferenceSourceInfo Dynamically created class: java.io.Closeable 
192981     DEBUG main            d.u.i.k.p.i.AbstractProblemLoader Init config took 3.02s 
193000     INFO  main            d.u.i.k.p.i.AbstractProblemLoader Replaying proof exceptions3.key.proof 
193007     DEBUG main            d.u.i.k.p.i.IntermediateProofReplayer Proof replay took 5.01ms 
193009     DEBUG main            d.u.i.k.p.r.p.TestFile    ... success: reloaded. 
193010     INFO  main            d.u.i.k.p.r.p.TestFile    Now processing file /home/runner/work/key/key/key.core/../key.ui/examples/standard_key/java_dl/exchange.key 
193010     INFO  main            d.u.i.k.p.i.AbstractProblemLoader Loading environment from /home/runner/work/key/key/key.core/../key.ui/examples/standard_key/java_dl/exchange.key 
193010     DEBUG main            d.u.i.k.p.i.AbstractProblemLoader Environment load took 107.4ns 
193011     INFO  main            d.u.i.k.p.i.AbstractProblemLoader Creating init config 
196011     DEBUG main            d.u.i.k.p.i.AbstractProblemLoader Init config took 3s 
196028     INFO  main            d.u.i.k.p.i.AbstractProblemLoader Replaying proof exchange.key 
196030     DEBUG main            d.u.i.k.p.i.IntermediateProofReplayer Proof replay took 8.7ns 
196134     INFO  main            d.u.i.k.p.r.p.TestFile    ... finished proof: closed. 
196522     INFO  main            d.u.i.k.p.i.AbstractProblemLoader Loading environment from /home/runner/work/key/key/key.core/../key.ui/examples/standard_key/java_dl/exchange.key.proof 
196522     DEBUG main            d.u.i.k.p.i.AbstractProblemLoader Environment load took 104.3ns 
196523     INFO  main            d.u.i.k.p.i.AbstractProblemLoader Creating init config 
199497     DEBUG main            d.u.i.k.p.i.AbstractProblemLoader Init config took 2.97s 
199515     INFO  main            d.u.i.k.p.i.AbstractProblemLoader Replaying proof exchange.key.proof 
199526     DEBUG main            d.u.i.k.p.i.IntermediateProofReplayer Proof replay took 8.21ms 
199527     DEBUG main            d.u.i.k.p.r.p.TestFile    ... success: reloaded. 
199528     INFO  main            d.u.i.k.p.r.p.TestFile    Now processing file /home/runner/work/key/key/key.core/../key.ui/examples/standard_key/java_dl/if.key 
199528     INFO  main            d.u.i.k.p.i.AbstractProblemLoader Loading environment from /home/runner/work/key/key/key.core/../key.ui/examples/standard_key/java_dl/if.key 
199528     DEBUG main            d.u.i.k.p.i.AbstractProblemLoader Environment load took 153.1ns 
199529     INFO  main            d.u.i.k.p.i.AbstractProblemLoader Creating init config 
202557     DEBUG main            d.u.i.k.p.i.AbstractProblemLoader Init config took 3.03s 
202574     INFO  main            d.u.i.k.p.i.AbstractProblemLoader Replaying proof if.key 
202575     DEBUG main            d.u.i.k.p.i.IntermediateProofReplayer Proof replay took 8.6ns 
202679     INFO  main            d.u.i.k.p.r.p.TestFile    ... finished proof: closed. 
203046     INFO  main            d.u.i.k.p.i.AbstractProblemLoader Loading environment from /home/runner/work/key/key/key.core/../key.ui/examples/standard_key/java_dl/if.key.proof 
203046     DEBUG main            d.u.i.k.p.i.AbstractProblemLoader Environment load took 108.9ns 
203047     INFO  main            d.u.i.k.p.i.AbstractProblemLoader Creating init config 
205962     DEBUG main            d.u.i.k.p.i.AbstractProblemLoader Init config took 2.92s 
205978     INFO  main            d.u.i.k.p.i.AbstractProblemLoader Replaying proof if.key.proof 
205984     DEBUG main            d.u.i.k.p.i.IntermediateProofReplayer Proof replay took 3.67ms 
205984     DEBUG main            d.u.i.k.p.r.p.TestFile    ... success: reloaded. 
205985     INFO  main            d.u.i.k.p.r.p.TestFile    Now processing file /home/runner/work/key/key/key.core/../key.ui/examples/standard_key/java_dl/incrementcounter.key 
205985     INFO  main            d.u.i.k.p.i.AbstractProblemLoader Loading environment from /home/runner/work/key/key/key.core/../key.ui/examples/standard_key/java_dl/incrementcounter.key 
205985     DEBUG main            d.u.i.k.p.i.AbstractProblemLoader Environment load took 120.8ns 
205986     INFO  main            d.u.i.k.p.i.AbstractProblemLoader Creating init config 
208990     DEBUG main            d.u.i.k.p.i.AbstractProblemLoader Init config took 3s 
209013     INFO  main            d.u.i.k.p.i.AbstractProblemLoader Replaying proof incrementcounter.key 
209014     DEBUG main            d.u.i.k.p.i.IntermediateProofReplayer Proof replay took 9ns 
209116     INFO  main            d.u.i.k.p.r.p.TestFile    ... finished proof: closed. 
209501     INFO  main            d.u.i.k.p.i.AbstractProblemLoader Loading environment from /home/runner/work/key/key/key.core/../key.ui/examples/standard_key/java_dl/incrementcounter.key.proof 
209502     DEBUG main            d.u.i.k.p.i.AbstractProblemLoader Environment load took 113ns 
209503     INFO  main            d.u.i.k.p.i.AbstractProblemLoader Creating init config 
212477     DEBUG main            d.u.i.k.p.i.AbstractProblemLoader Init config took 2.97s 
212496     INFO  main            d.u.i.k.p.i.AbstractProblemLoader Replaying proof incrementcounter.key.proof 
212501     DEBUG main            d.u.i.k.p.i.IntermediateProofReplayer Proof replay took 2.68ms 
212502     DEBUG main            d.u.i.k.p.r.p.TestFile    ... success: reloaded. 
212502     INFO  main            d.u.i.k.p.r.p.TestFile    Now processing file /home/runner/work/key/key/key.core/../key.ui/examples/standard_key/java_dl/danglingElse.key 
212502     INFO  main            d.u.i.k.p.i.AbstractProblemLoader Loading environment from /home/runner/work/key/key/key.core/../key.ui/examples/standard_key/java_dl/danglingElse.key 
212503     DEBUG main            d.u.i.k.p.i.AbstractProblemLoader Environment load took 106.3ns 
212504     INFO  main            d.u.i.k.p.i.AbstractProblemLoader Creating init config 
215459     DEBUG main            d.u.i.k.p.i.AbstractProblemLoader Init config took 2.96s 
215477     INFO  main            d.u.i.k.p.i.AbstractProblemLoader Replaying proof danglingElse.key 
215479     DEBUG main            d.u.i.k.p.i.IntermediateProofReplayer Proof replay took 8.5ns 
215583     INFO  main            d.u.i.k.p.r.p.TestFile    ... finished proof: open goal(s) 
215987     INFO  main            d.u.i.k.p.r.p.TestFile    Now processing file /home/runner/work/key/key/key.core/../key.ui/examples/standard_key/java_dl/iteratedAssignment.key 
215990     INFO  main            d.u.i.k.p.i.AbstractProblemLoader Loading environment from /home/runner/work/key/key/key.core/../key.ui/examples/standard_key/java_dl/iteratedAssignment.key 
215990     DEBUG main            d.u.i.k.p.i.AbstractProblemLoader Environment load took 131.1ns 
215991     INFO  main            d.u.i.k.p.i.AbstractProblemLoader Creating init config 
218948     DEBUG main            d.u.i.k.p.i.AbstractProblemLoader Init config took 2.96s 
218966     INFO  main            d.u.i.k.p.i.AbstractProblemLoader Replaying proof iteratedAssignment.key 
218969     DEBUG main            d.u.i.k.p.i.IntermediateProofReplayer Proof replay took 8.4ns 
219375     INFO  main            d.u.i.k.p.r.p.TestFile    ... finished proof: closed. 
219783     INFO  main            d.u.i.k.p.i.AbstractProblemLoader Loading environment from /home/runner/work/key/key/key.core/../key.ui/examples/standard_key/java_dl/iteratedAssignment.key.proof 
219784     DEBUG main            d.u.i.k.p.i.AbstractProblemLoader Environment load took 131.3ns 
219785     INFO  main            d.u.i.k.p.i.AbstractProblemLoader Creating init config 
222749     DEBUG main            d.u.i.k.p.i.AbstractProblemLoader Init config took 2.96s 
222766     INFO  main            d.u.i.k.p.i.AbstractProblemLoader Replaying proof iteratedAssignment.key.proof 
222857     DEBUG main            d.u.i.k.p.i.IntermediateProofReplayer Proof replay took 87.1ms 
222858     DEBUG main            d.u.i.k.p.r.p.TestFile    ... success: reloaded. 
222859     INFO  main            d.u.i.k.p.r.p.TestFile    Now processing file /home/runner/work/key/key/key.core/../key.ui/examples/standard_key/java_dl/assert/assert1.key 
222860     INFO  main            d.u.i.k.p.i.AbstractProblemLoader Loading environment from /home/runner/work/key/key/key.core/../key.ui/examples/standard_key/java_dl/assert/assert1.key 
222860     DEBUG main            d.u.i.k.p.i.AbstractProblemLoader Environment load took 88.9ns 
222861     INFO  main            d.u.i.k.p.i.AbstractProblemLoader Creating init config 
225910     DEBUG main            d.u.i.k.p.i.AbstractProblemLoader Init config took 3.05s 
225951     INFO  main            d.u.i.k.p.i.AbstractProblemLoader Replaying proof C[C::foo()].JML normal_behavior operation contract.0 
225954     DEBUG main            d.u.i.k.p.i.IntermediateProofReplayer Proof replay took 6.7ns 
226157     INFO  main            d.u.i.k.p.r.p.TestFile    ... finished proof: open goal(s) 
226609     INFO  main            d.u.i.k.p.r.p.TestFile    Now processing file /home/runner/work/key/key/key.core/../key.ui/examples/standard_key/java_dl/assert/assert2.key 
226609     INFO  main            d.u.i.k.p.i.AbstractProblemLoader Loading environment from /home/runner/work/key/key/key.core/../key.ui/examples/standard_key/java_dl/assert/assert2.key 
226609     DEBUG main            d.u.i.k.p.i.AbstractProblemLoader Environment load took 76.9ns 
226610     INFO  main            d.u.i.k.p.i.AbstractProblemLoader Creating init config 
229595     DEBUG main            d.u.i.k.p.i.AbstractProblemLoader Init config took 2.98s 
229659     INFO  main            d.u.i.k.p.i.AbstractProblemLoader Replaying proof C[C::bar()].JML exceptional_behavior operation contract.0 
229661     DEBUG main            d.u.i.k.p.i.IntermediateProofReplayer Proof replay took 8.4ns 
229863     INFO  main            d.u.i.k.p.r.p.TestFile    ... finished proof: closed. 
230268     INFO  main            d.u.i.k.p.i.AbstractProblemLoader Loading environment from /home/runner/work/key/key/key.core/../key.ui/examples/standard_key/java_dl/assert/assert2.key.proof 
230268     DEBUG main            d.u.i.k.p.i.AbstractProblemLoader Environment load took 101.4ns 
230269     INFO  main            d.u.i.k.p.i.AbstractProblemLoader Creating init config 
233287     DEBUG main            d.u.i.k.p.i.AbstractProblemLoader Init config took 3.02s 
233335     INFO  main            d.u.i.k.p.i.AbstractProblemLoader Replaying proof C[C::bar()].JML exceptional_behavior operation contract.0 
233399     DEBUG main            d.u.i.k.p.i.IntermediateProofReplayer Proof replay took 61.33ms 
233401     DEBUG main            d.u.i.k.p.r.p.TestFile    ... success: reloaded. 
233402     INFO  main            d.u.i.k.p.r.p.TestFile    Now processing file /home/runner/work/key/key/key.core/../key.ui/examples/standard_key/java_dl/assert/assert3.key 
233403     INFO  main            d.u.i.k.p.i.AbstractProblemLoader Loading environment from /home/runner/work/key/key/key.core/../key.ui/examples/standard_key/java_dl/assert/assert3.key 
233403     DEBUG main            d.u.i.k.p.i.AbstractProblemLoader Environment load took 67.7ns 
233404     INFO  main            d.u.i.k.p.i.AbstractProblemLoader Creating init config 
236457     DEBUG main            d.u.i.k.p.i.AbstractProblemLoader Init config took 3.05s 
236501     INFO  main            d.u.i.k.p.i.AbstractProblemLoader Replaying proof C[C::foo()].JML normal_behavior operation contract.0 
236503     DEBUG main            d.u.i.k.p.i.IntermediateProofReplayer Proof replay took 7.8ns 
236607     INFO  main            d.u.i.k.p.r.p.TestFile    ... finished proof: open goal(s) 
237030     INFO  main            d.u.i.k.p.r.p.TestFile    Now processing file /home/runner/work/key/key/key.core/../key.ui/examples/standard_key/java_dl/java5/vararg.key 
237031     INFO  main            d.u.i.k.p.i.AbstractProblemLoader Loading environment from /home/runner/work/key/key/key.core/../key.ui/examples/standard_key/java_dl/java5/vararg.key 
237031     DEBUG main            d.u.i.k.p.i.AbstractProblemLoader Environment load took 64.9ns 
237033     INFO  main            d.u.i.k.p.i.AbstractProblemLoader Creating init config 
238148     DEBUG main            d.u.i.k.j.r.ClassPreparationMethodBuilder clPrepBuilder: Inner Class detected. Reject building class initialisation methods. 
240458     DEBUG main            d.u.i.k.p.i.AbstractProblemLoader Init config took 3.42s 
240491     INFO  main            d.u.i.k.p.i.AbstractProblemLoader Replaying proof vararg.key 
240493     DEBUG main            d.u.i.k.p.i.IntermediateProofReplayer Proof replay took 8.2ns 
240865     DEBUG Thread-101      d.u.i.k.j.d.VariableSpecification Program match. Variables have different dimension (template #v0 = #vi;, source var#17[] = new java.lang.Object[]{d1, d2};) 
241064     DEBUG Thread-101      d.u.i.k.j.d.VariableSpecification Program match. Variables have different dimension (template #v0 = #vi;, source var#24[] = new java.lang.Object[]{d1, d2};) 
241265     DEBUG Thread-101      d.u.i.k.j.d.VariableSpecification Program match. Variables have different dimension (template #v0 = #vi;, source var#33[] = new java.lang.Object[]{var_1};) 
241266     DEBUG Thread-101      d.u.i.k.j.d.VariableSpecification Program match. Variables have different dimension (template #v0 = #vi;, source var#33[] = new java.lang.Object[]{var_1};) 
241429     DEBUG Thread-101      d.u.i.k.j.d.VariableSpecification Program match. Variables have different dimension (template #v0 = #vi;, source var#39[] = new java.lang.Object[]{null, null};) 
241621     DEBUG Thread-101      d.u.i.k.j.d.VariableSpecification Program match. Variables have different dimension (template #v0 = #vi;, source var#46[] = new java.lang.Object[]{};) 
242101     INFO  main            d.u.i.k.p.r.p.TestFile    ... finished proof: closed. 
242607     INFO  main            d.u.i.k.p.i.AbstractProblemLoader Loading environment from /home/runner/work/key/key/key.core/../key.ui/examples/standard_key/java_dl/java5/vararg.key.proof 
242617     DEBUG main            d.u.i.k.p.i.AbstractProblemLoader Environment load took 10.44ms 
242619     INFO  main            d.u.i.k.p.i.AbstractProblemLoader Creating init config 
243670     DEBUG main            d.u.i.k.j.r.ClassPreparationMethodBuilder clPrepBuilder: Inner Class detected. Reject building class initialisation methods. 
245934     DEBUG main            d.u.i.k.p.i.AbstractProblemLoader Init config took 3.31s 
245963     INFO  main            d.u.i.k.p.i.AbstractProblemLoader Replaying proof vararg.key.proof 
246438     DEBUG main            d.u.i.k.p.i.IntermediateProofReplayer Proof replay took 462.75ms 
246440     DEBUG main            d.u.i.k.p.r.p.TestFile    ... success: reloaded. 
246441     INFO  main            d.u.i.k.p.r.p.TestFile    Now processing file /home/runner/work/key/key/key.core/../key.ui/examples/standard_key/java_dl/java5/for_Array.key 
246441     INFO  main            d.u.i.k.p.i.AbstractProblemLoader Loading environment from /home/runner/work/key/key/key.core/../key.ui/examples/standard_key/java_dl/java5/for_Array.key 
246441     DEBUG main            d.u.i.k.p.i.AbstractProblemLoader Environment load took 104.7ns 
246442     INFO  main            d.u.i.k.p.i.AbstractProblemLoader Creating init config 
247510     DEBUG main            d.u.i.k.j.r.ClassPreparationMethodBuilder clPrepBuilder: Inner Class detected. Reject building class initialisation methods. 
249922     DEBUG main            d.u.i.k.p.i.AbstractProblemLoader Init config took 3.48s 
249986     INFO  main            d.u.i.k.p.i.AbstractProblemLoader Replaying proof For[For::sum([I)].JML operation contract.0 
249988     DEBUG main            d.u.i.k.p.i.IntermediateProofReplayer Proof replay took 7.6ns 
250491     INFO  main            d.u.i.k.p.r.p.TestFile    ... finished proof: closed. 
251024     INFO  main            d.u.i.k.p.i.AbstractProblemLoader Loading environment from /home/runner/work/key/key/key.core/../key.ui/examples/standard_key/java_dl/java5/for_Array.key.proof 
251025     DEBUG main            d.u.i.k.p.i.AbstractProblemLoader Environment load took 664.4ns 
251026     INFO  main            d.u.i.k.p.i.AbstractProblemLoader Creating init config 
252041     DEBUG main            d.u.i.k.j.r.ClassPreparationMethodBuilder clPrepBuilder: Inner Class detected. Reject building class initialisation methods. 
254241     DEBUG main            d.u.i.k.p.i.AbstractProblemLoader Init config took 3.21s 
254315     INFO  main            d.u.i.k.p.i.AbstractProblemLoader Replaying proof For[For::sum([I)].JML operation contract.0 
254440     DEBUG main            d.u.i.k.p.i.IntermediateProofReplayer Proof replay took 120.92ms 
254441     DEBUG main            d.u.i.k.p.r.p.TestFile    ... success: reloaded. 
254442     INFO  main            d.u.i.k.p.r.p.TestFile    Now processing file /home/runner/work/key/key/key.core/../key.ui/examples/standard_key/java_dl/java5/for_Iterable.key 
254443     INFO  main            d.u.i.k.p.i.AbstractProblemLoader Loading environment from /home/runner/work/key/key/key.core/../key.ui/examples/standard_key/java_dl/java5/for_Iterable.key 
254443     DEBUG main            d.u.i.k.p.i.AbstractProblemLoader Environment load took 203.9ns 
254444     INFO  main            d.u.i.k.p.i.AbstractProblemLoader Creating init config 
255489     DEBUG main            d.u.i.k.j.r.ClassPreparationMethodBuilder clPrepBuilder: Inner Class detected. Reject building class initialisation methods. 
257798     DEBUG main            d.u.i.k.p.i.AbstractProblemLoader Init config took 3.35s 
257862     INFO  main            d.u.i.k.p.i.AbstractProblemLoader Replaying proof For[For::infiniteLoop(For)].JML operation contract.0 
257863     DEBUG main            d.u.i.k.p.i.IntermediateProofReplayer Proof replay took 8.1ns 
258065     INFO  main            d.u.i.k.p.r.p.TestFile    ... finished proof: closed. 
258543     INFO  main            d.u.i.k.p.i.AbstractProblemLoader Loading environment from /home/runner/work/key/key/key.core/../key.ui/examples/standard_key/java_dl/java5/for_Iterable.key.proof 
258543     DEBUG main            d.u.i.k.p.i.AbstractProblemLoader Environment load took 108.4ns 
258544     INFO  main            d.u.i.k.p.i.AbstractProblemLoader Creating init config 
259567     DEBUG main            d.u.i.k.j.r.ClassPreparationMethodBuilder clPrepBuilder: Inner Class detected. Reject building class initialisation methods. 
261764     DEBUG main            d.u.i.k.p.i.AbstractProblemLoader Init config took 3.22s 
261837     INFO  main            d.u.i.k.p.i.AbstractProblemLoader Replaying proof For[For::infiniteLoop(For)].JML operation contract.0 
261917     DEBUG main            d.u.i.k.p.i.IntermediateProofReplayer Proof replay took 75.88ms 
261918     DEBUG main            d.u.i.k.p.r.p.TestFile    ... success: reloaded. 
261919     INFO  main            d.u.i.k.p.r.p.TestFile    Now processing file /home/runner/work/key/key/key.core/../key.ui/examples/standard_key/java_dl/java5/for_ReferenceArray.key 
261919     INFO  main            d.u.i.k.p.i.AbstractProblemLoader Loading environment from /home/runner/work/key/key/key.core/../key.ui/examples/standard_key/java_dl/java5/for_ReferenceArray.key 
261919     DEBUG main            d.u.i.k.p.i.AbstractProblemLoader Environment load took 98.3ns 
261920     INFO  main            d.u.i.k.p.i.AbstractProblemLoader Creating init config 
262927     DEBUG main            d.u.i.k.j.r.ClassPreparationMethodBuilder clPrepBuilder: Inner Class detected. Reject building class initialisation methods. 
265183     DEBUG main            d.u.i.k.p.i.AbstractProblemLoader Init config took 3.26s 
265265     INFO  main            d.u.i.k.p.i.AbstractProblemLoader Replaying proof ForReferenceArray[ForReferenceArray::foo([Ljava.lang.Object)].JML operation contract.0 
265267     DEBUG main            d.u.i.k.p.i.IntermediateProofReplayer Proof replay took 8.5ns 
265571     INFO  main            d.u.i.k.p.r.p.TestFile    ... finished proof: closed. 
266063     INFO  main            d.u.i.k.p.i.AbstractProblemLoader Loading environment from /home/runner/work/key/key/key.core/../key.ui/examples/standard_key/java_dl/java5/for_ReferenceArray.key.proof 
266064     DEBUG main            d.u.i.k.p.i.AbstractProblemLoader Environment load took 416.9ns 
266065     INFO  main            d.u.i.k.p.i.AbstractProblemLoader Creating init config 
267081     DEBUG main            d.u.i.k.j.r.ClassPreparationMethodBuilder clPrepBuilder: Inner Class detected. Reject building class initialisation methods. 
269276     DEBUG main            d.u.i.k.p.i.AbstractProblemLoader Init config took 3.21s 
269357     INFO  main            d.u.i.k.p.i.AbstractProblemLoader Replaying proof ForReferenceArray[ForReferenceArray::foo([Ljava.lang.Object)].JML operation contract.0 
269443     DEBUG main            d.u.i.k.p.i.IntermediateProofReplayer Proof replay took 83.18ms 
269444     DEBUG main            d.u.i.k.p.r.p.TestFile    ... success: reloaded. 
269446     INFO  main            d.u.i.k.p.r.p.TestFile    Now processing file /home/runner/work/key/key/key.core/../key.ui/examples/standard_key/java_dl/jml-bigint/cast.key 
269446     INFO  main            d.u.i.k.p.i.AbstractProblemLoader Loading environment from /home/runner/work/key/key/key.core/../key.ui/examples/standard_key/java_dl/jml-bigint/cast.key 
269446     DEBUG main            d.u.i.k.p.i.AbstractProblemLoader Environment load took 105.3ns 
269447     INFO  main            d.u.i.k.p.i.AbstractProblemLoader Creating init config 
272578     DEBUG main            d.u.i.k.p.i.AbstractProblemLoader Init config took 3.13s 
272647     INFO  main            d.u.i.k.p.i.AbstractProblemLoader Replaying proof Mult[Mult::cast()].JML operation contract.0 
272649     DEBUG main            d.u.i.k.p.i.IntermediateProofReplayer Proof replay took 7.8ns 
272754     INFO  main            d.u.i.k.p.r.p.TestFile    ... finished proof: closed. 
273301     INFO  main            d.u.i.k.p.i.AbstractProblemLoader Loading environment from /home/runner/work/key/key/key.core/../key.ui/examples/standard_key/java_dl/jml-bigint/cast.key.proof 
273301     DEBUG main            d.u.i.k.p.i.AbstractProblemLoader Environment load took 121.3ns 
273302     INFO  main            d.u.i.k.p.i.AbstractProblemLoader Creating init config 
276294     DEBUG main            d.u.i.k.p.i.AbstractProblemLoader Init config took 2.99s 
276333     INFO  main            d.u.i.k.p.i.AbstractProblemLoader Replaying proof Mult[Mult::cast()].JML operation contract.0 
276351     DEBUG main            d.u.i.k.p.i.IntermediateProofReplayer Proof replay took 15.54ms 
276352     DEBUG main            d.u.i.k.p.r.p.TestFile    ... success: reloaded. 
276353     INFO  main            d.u.i.k.p.r.p.TestFile    Now processing file /home/runner/work/key/key/key.core/../key.ui/examples/standard_key/java_dl/jml-free/loopInvFree.key 
276353     INFO  main            d.u.i.k.p.i.AbstractProblemLoader Loading environment from /home/runner/work/key/key/key.core/../key.ui/examples/standard_key/java_dl/jml-free/loopInvFree.key 
276353     DEBUG main            d.u.i.k.p.i.AbstractProblemLoader Environment load took 94.6ns 
276354     INFO  main            d.u.i.k.p.i.AbstractProblemLoader Creating init config 
279371     DEBUG main            d.u.i.k.p.i.AbstractProblemLoader Init config took 3.02s 
279414     INFO  main            d.u.i.k.p.i.AbstractProblemLoader Replaying proof LoopInvFree[LoopInvFree::test()].JML operation contract.0 
279416     DEBUG main            d.u.i.k.p.i.IntermediateProofReplayer Proof replay took 7.7ns 
279619     INFO  main            d.u.i.k.p.r.p.TestFile    ... finished proof: closed. 
280128     INFO  main            d.u.i.k.p.i.AbstractProblemLoader Loading environment from /home/runner/work/key/key/key.core/../key.ui/examples/standard_key/java_dl/jml-free/loopInvFree.key.proof 
280128     DEBUG main            d.u.i.k.p.i.AbstractProblemLoader Environment load took 93.9ns 
280129     INFO  main            d.u.i.k.p.i.AbstractProblemLoader Creating init config 
283160     DEBUG main            d.u.i.k.p.i.AbstractProblemLoader Init config took 3.03s 
283201     INFO  main            d.u.i.k.p.i.AbstractProblemLoader Replaying proof LoopInvFree[LoopInvFree::test()].JML operation contract.0 
283261     DEBUG main            d.u.i.k.p.i.IntermediateProofReplayer Proof replay took 56.47ms 
283262     DEBUG main            d.u.i.k.p.r.p.TestFile    ... success: reloaded. 
283263     INFO  main            d.u.i.k.p.r.p.TestFile    Now processing file /home/runner/work/key/key/key.core/../key.ui/examples/standard_key/java_dl/jml-free/ensuresFree.key 
283263     INFO  main            d.u.i.k.p.i.AbstractProblemLoader Loading environment from /home/runner/work/key/key/key.core/../key.ui/examples/standard_key/java_dl/jml-free/ensuresFree.key 
283264     DEBUG main            d.u.i.k.p.i.AbstractProblemLoader Environment load took 214.5ns 
283265     INFO  main            d.u.i.k.p.i.AbstractProblemLoader Creating init config 
286294     DEBUG main            d.u.i.k.p.i.AbstractProblemLoader Init config took 3.03s 
286332     INFO  main            d.u.i.k.p.i.AbstractProblemLoader Replaying proof EnsuresFree[EnsuresFree::test()].JML operation contract.0 
286334     DEBUG main            d.u.i.k.p.i.IntermediateProofReplayer Proof replay took 7.4ns 
286436     INFO  main            d.u.i.k.p.r.p.TestFile    ... finished proof: closed. 
286927     INFO  main            d.u.i.k.p.i.AbstractProblemLoader Loading environment from /home/runner/work/key/key/key.core/../key.ui/examples/standard_key/java_dl/jml-free/ensuresFree.key.proof 
286927     DEBUG main            d.u.i.k.p.i.AbstractProblemLoader Environment load took 101.8ns 
286928     INFO  main            d.u.i.k.p.i.AbstractProblemLoader Creating init config 
289974     DEBUG main            d.u.i.k.p.i.AbstractProblemLoader Init config took 3.05s 
290013     INFO  main            d.u.i.k.p.i.AbstractProblemLoader Replaying proof EnsuresFree[EnsuresFree::test()].JML operation contract.0 
290036     DEBUG main            d.u.i.k.p.i.IntermediateProofReplayer Proof replay took 20.71ms 
290036     DEBUG main            d.u.i.k.p.r.p.TestFile    ... success: reloaded. 
290037     INFO  main            d.u.i.k.p.r.p.TestFile    Now processing file /home/runner/work/key/key/key.core/../key.ui/examples/standard_key/java_dl/jml-information-flow.key 
290038     INFO  main            d.u.i.k.p.i.AbstractProblemLoader Loading environment from /home/runner/work/key/key/key.core/../key.ui/examples/standard_key/java_dl/jml-information-flow.key 
290038     DEBUG main            d.u.i.k.p.i.AbstractProblemLoader Environment load took 122.5ns 
290044     INFO  main            d.u.i.k.p.i.AbstractProblemLoader Creating init config 
293314     DEBUG main            d.u.i.k.p.i.AbstractProblemLoader Init config took 3.27s 
293335     INFO  main            d.u.i.k.p.i.AbstractProblemLoader Replaying proof jml-information-flow.key 
293337     DEBUG main            d.u.i.k.p.i.IntermediateProofReplayer Proof replay took 7.8ns 
464005     INFO  main            d.u.i.k.p.r.p.TestFile    ... finished proof: closed. 
464726     INFO  main            d.u.i.k.p.i.AbstractProblemLoader Loading environment from /home/runner/work/key/key/key.core/../key.ui/examples/standard_key/java_dl/jml-information-flow.key.proof 
464726     DEBUG main            d.u.i.k.p.i.AbstractProblemLoader Environment load took 404.21ns 
464735     INFO  main            d.u.i.k.p.i.AbstractProblemLoader Creating init config 
467919     DEBUG main            d.u.i.k.p.i.AbstractProblemLoader Init config took 3.18s 
467943     INFO  main            d.u.i.k.p.i.AbstractProblemLoader Replaying proof jml-information-flow.key.proof 
472990     DEBUG main            d.u.i.k.p.i.IntermediateProofReplayer Proof replay took 4.93s 
473000     DEBUG main            d.u.i.k.p.r.p.TestFile    ... success: reloaded. 
473001     INFO  main            d.u.i.k.p.r.p.TestFile    Now processing file /home/runner/work/key/key/key.core/../key.ui/examples/standard_key/java_dl/jml-min/min-unprovable1.key 
473001     INFO  main            d.u.i.k.p.i.AbstractProblemLoader Loading environment from /home/runner/work/key/key/key.core/../key.ui/examples/standard_key/java_dl/jml-min/min-unprovable1.key 
473001     DEBUG main            d.u.i.k.p.i.AbstractProblemLoader Environment load took 102.3ns 
473002     INFO  main            d.u.i.k.p.i.AbstractProblemLoader Creating init config 
476180     DEBUG main            d.u.i.k.p.i.AbstractProblemLoader Init config took 3.18s 
476219     INFO  main            d.u.i.k.p.i.AbstractProblemLoader Replaying proof Min[Min::foo()].JML operation contract.0 
476220     DEBUG main            d.u.i.k.p.i.IntermediateProofReplayer Proof replay took 8ns 
476322     INFO  main            d.u.i.k.p.r.p.TestFile    ... finished proof: open goal(s) 
477010     INFO  main            d.u.i.k.p.r.p.TestFile    Now processing file /home/runner/work/key/key/key.core/../key.ui/examples/standard_key/java_dl/jml-min/min-unprovable2.key 
477010     INFO  main            d.u.i.k.p.i.AbstractProblemLoader Loading environment from /home/runner/work/key/key/key.core/../key.ui/examples/standard_key/java_dl/jml-min/min-unprovable2.key 
477010     DEBUG main            d.u.i.k.p.i.AbstractProblemLoader Environment load took 61.5ns 
477011     INFO  main            d.u.i.k.p.i.AbstractProblemLoader Creating init config 
480073     DEBUG main            d.u.i.k.p.i.AbstractProblemLoader Init config took 3.06s 
480112     INFO  main            d.u.i.k.p.i.AbstractProblemLoader Replaying proof Min[Min::foo2()].JML operation contract.0 
480113     DEBUG main            d.u.i.k.p.i.IntermediateProofReplayer Proof replay took 8ns 
480216     INFO  main            d.u.i.k.p.r.p.TestFile    ... finished proof: open goal(s) 
480710     INFO  main            d.u.i.k.p.r.p.TestFile    Now processing file /home/runner/work/key/key/key.core/../key.ui/examples/standard_key/java_dl/methodCall.key 
480710     INFO  main            d.u.i.k.p.i.AbstractProblemLoader Loading environment from /home/runner/work/key/key/key.core/../key.ui/examples/standard_key/java_dl/methodCall.key 
480710     DEBUG main            d.u.i.k.p.i.AbstractProblemLoader Environment load took 70.5ns 
480712     INFO  main            d.u.i.k.p.i.AbstractProblemLoader Creating init config 
483688     DEBUG main            d.u.i.k.p.i.AbstractProblemLoader Init config took 2.98s 
483704     INFO  main            d.u.i.k.p.i.AbstractProblemLoader Replaying proof methodCall.key 
483706     DEBUG main            d.u.i.k.p.i.IntermediateProofReplayer Proof replay took 8.6ns 
483808     INFO  main            d.u.i.k.p.r.p.TestFile    ... finished proof: closed. 
484307     INFO  main            d.u.i.k.p.i.AbstractProblemLoader Loading environment from /home/runner/work/key/key/key.core/../key.ui/examples/standard_key/java_dl/methodCall.key.proof 
484307     DEBUG main            d.u.i.k.p.i.AbstractProblemLoader Environment load took 95.2ns 
484308     INFO  main            d.u.i.k.p.i.AbstractProblemLoader Creating init config 
487289     DEBUG main            d.u.i.k.p.i.AbstractProblemLoader Init config took 2.98s 
487306     INFO  main            d.u.i.k.p.i.AbstractProblemLoader Replaying proof methodCall.key.proof 
487310     DEBUG main            d.u.i.k.p.i.IntermediateProofReplayer Proof replay took 2.5ms 
487311     DEBUG main            d.u.i.k.p.r.p.TestFile    ... success: reloaded. 
487312     INFO  main            d.u.i.k.p.r.p.TestFile    Now processing file /home/runner/work/key/key/key.core/../key.ui/examples/standard_key/java_dl/methodCall1.key 
487312     INFO  main            d.u.i.k.p.i.AbstractProblemLoader Loading environment from /home/runner/work/key/key/key.core/../key.ui/examples/standard_key/java_dl/methodCall1.key 
487312     DEBUG main            d.u.i.k.p.i.AbstractProblemLoader Environment load took 61.5ns 
487316     INFO  main            d.u.i.k.p.i.AbstractProblemLoader Creating init config 
490344     DEBUG main            d.u.i.k.p.i.AbstractProblemLoader Init config took 3.03s 
490360     INFO  main            d.u.i.k.p.i.AbstractProblemLoader Replaying proof methodCall1.key 
490362     DEBUG main            d.u.i.k.p.i.IntermediateProofReplayer Proof replay took 7.4ns 
490464     INFO  main            d.u.i.k.p.r.p.TestFile    ... finished proof: closed. 
490989     INFO  main            d.u.i.k.p.i.AbstractProblemLoader Loading environment from /home/runner/work/key/key/key.core/../key.ui/examples/standard_key/java_dl/methodCall1.key.proof 
490989     DEBUG main            d.u.i.k.p.i.AbstractProblemLoader Environment load took 221ns 
490991     INFO  main            d.u.i.k.p.i.AbstractProblemLoader Creating init config 
493951     DEBUG main            d.u.i.k.p.i.AbstractProblemLoader Init config took 2.96s 
493967     INFO  main            d.u.i.k.p.i.AbstractProblemLoader Replaying proof methodCall1.key.proof 
493987     DEBUG main            d.u.i.k.p.i.IntermediateProofReplayer Proof replay took 17.1ms 
493988     DEBUG main            d.u.i.k.p.r.p.TestFile    ... success: reloaded. 
493989     INFO  main            d.u.i.k.p.r.p.TestFile    Now processing file /home/runner/work/key/key/key.core/../key.ui/examples/standard_key/java_dl/methodCall1box.key 
493989     INFO  main            d.u.i.k.p.i.AbstractProblemLoader Loading environment from /home/runner/work/key/key/key.core/../key.ui/examples/standard_key/java_dl/methodCall1box.key 
493989     DEBUG main            d.u.i.k.p.i.AbstractProblemLoader Environment load took 72.2ns 
493991     INFO  main            d.u.i.k.p.i.AbstractProblemLoader Creating init config 
496989     DEBUG main            d.u.i.k.p.i.AbstractProblemLoader Init config took 3s 
497006     INFO  main            d.u.i.k.p.i.AbstractProblemLoader Replaying proof methodCall1box.key 
497008     DEBUG main            d.u.i.k.p.i.IntermediateProofReplayer Proof replay took 9.6ns 
497110     INFO  main            d.u.i.k.p.r.p.TestFile    ... finished proof: closed. 
497639     INFO  main            d.u.i.k.p.i.AbstractProblemLoader Loading environment from /home/runner/work/key/key/key.core/../key.ui/examples/standard_key/java_dl/methodCall1box.key.proof 
497639     DEBUG main            d.u.i.k.p.i.AbstractProblemLoader Environment load took 99.5ns 
497641     INFO  main            d.u.i.k.p.i.AbstractProblemLoader Creating init config 
500643     DEBUG main            d.u.i.k.p.i.AbstractProblemLoader Init config took 3s 
500660     INFO  main            d.u.i.k.p.i.AbstractProblemLoader Replaying proof methodCall1box.key.proof 
500680     DEBUG main            d.u.i.k.p.i.IntermediateProofReplayer Proof replay took 17.85ms 
500681     DEBUG main            d.u.i.k.p.r.p.TestFile    ... success: reloaded. 
500682     INFO  main            d.u.i.k.p.r.p.TestFile    Now processing file /home/runner/work/key/key/key.core/../key.ui/examples/standard_key/java_dl/methodCall3.key 
500682     INFO  main            d.u.i.k.p.i.AbstractProblemLoader Loading environment from /home/runner/work/key/key/key.core/../key.ui/examples/standard_key/java_dl/methodCall3.key 
500682     DEBUG main            d.u.i.k.p.i.AbstractProblemLoader Environment load took 105.8ns 
500683     INFO  main            d.u.i.k.p.i.AbstractProblemLoader Creating init config 
503714     DEBUG main            d.u.i.k.p.i.AbstractProblemLoader Init config took 3.03s 
503734     INFO  main            d.u.i.k.p.i.AbstractProblemLoader Replaying proof methodCall3.key 
503735     DEBUG main            d.u.i.k.p.i.IntermediateProofReplayer Proof replay took 6.7ns 
503837     INFO  main            d.u.i.k.p.r.p.TestFile    ... finished proof: closed. 
504427     INFO  main            d.u.i.k.p.i.AbstractProblemLoader Loading environment from /home/runner/work/key/key/key.core/../key.ui/examples/standard_key/java_dl/methodCall3.key.proof 
504427     DEBUG main            d.u.i.k.p.i.AbstractProblemLoader Environment load took 94.3ns 
504428     INFO  main            d.u.i.k.p.i.AbstractProblemLoader Creating init config 
507430     DEBUG main            d.u.i.k.p.i.AbstractProblemLoader Init config took 3s 
507446     INFO  main            d.u.i.k.p.i.AbstractProblemLoader Replaying proof methodCall3.key.proof 
507459     DEBUG main            d.u.i.k.p.i.IntermediateProofReplayer Proof replay took 11.13ms 
507460     DEBUG main            d.u.i.k.p.r.p.TestFile    ... success: reloaded. 
507461     INFO  main            d.u.i.k.p.r.p.TestFile    Now processing file /home/runner/work/key/key/key.core/../key.ui/examples/standard_key/java_dl/polishFlagSort.key 
507461     INFO  main            d.u.i.k.p.i.AbstractProblemLoader Loading environment from /home/runner/work/key/key/key.core/../key.ui/examples/standard_key/java_dl/polishFlagSort.key 
507461     DEBUG main            d.u.i.k.p.i.AbstractProblemLoader Environment load took 99.8ns 
507463     INFO  main            d.u.i.k.p.i.AbstractProblemLoader Creating init config 
510517     DEBUG main            d.u.i.k.p.i.AbstractProblemLoader Init config took 3.05s 
510536     INFO  main            d.u.i.k.p.i.AbstractProblemLoader Replaying proof polishFlagSort.key 
510538     DEBUG main            d.u.i.k.p.i.IntermediateProofReplayer Proof replay took 13.6ns 
513462     INFO  main            d.u.i.k.p.r.p.TestFile    ... finished proof: closed. 
514068     INFO  main            d.u.i.k.p.i.AbstractProblemLoader Loading environment from /home/runner/work/key/key/key.core/../key.ui/examples/standard_key/java_dl/polishFlagSort.key.proof 
514068     DEBUG main            d.u.i.k.p.i.AbstractProblemLoader Environment load took 383.5ns 
514070     INFO  main            d.u.i.k.p.i.AbstractProblemLoader Creating init config 
517111     DEBUG main            d.u.i.k.p.i.AbstractProblemLoader Init config took 3.04s 
517128     INFO  main            d.u.i.k.p.i.AbstractProblemLoader Replaying proof polishFlagSort.key.proof 
517633     DEBUG main            d.u.i.k.p.i.IntermediateProofReplayer Proof replay took 493.67ms 
517636     DEBUG main            d.u.i.k.p.r.p.TestFile    ... success: reloaded. 
517637     INFO  main            d.u.i.k.p.r.p.TestFile    Now processing file /home/runner/work/key/key/key.core/../key.ui/examples/standard_key/java_dl/postConditionTaclets1.key 
517637     INFO  main            d.u.i.k.p.i.AbstractProblemLoader Loading environment from /home/runner/work/key/key/key.core/../key.ui/examples/standard_key/java_dl/postConditionTaclets1.key 
517637     DEBUG main            d.u.i.k.p.i.AbstractProblemLoader Environment load took 67.9ns 
517639     INFO  main            d.u.i.k.p.i.AbstractProblemLoader Creating init config 
520636     DEBUG main            d.u.i.k.p.i.AbstractProblemLoader Init config took 3s 
520653     INFO  main            d.u.i.k.p.i.AbstractProblemLoader Replaying proof postConditionTaclets1.key 
520655     DEBUG main            d.u.i.k.p.i.IntermediateProofReplayer Proof replay took 8.3ns 
520758     INFO  main            d.u.i.k.p.r.p.TestFile    ... finished proof: closed. 
521357     INFO  main            d.u.i.k.p.i.AbstractProblemLoader Loading environment from /home/runner/work/key/key/key.core/../key.ui/examples/standard_key/java_dl/postConditionTaclets1.key.proof 
521357     DEBUG main            d.u.i.k.p.i.AbstractProblemLoader Environment load took 113.7ns 
521358     INFO  main            d.u.i.k.p.i.AbstractProblemLoader Creating init config 
524256     DEBUG main            d.u.i.k.p.i.AbstractProblemLoader Init config took 2.9s 
524272     INFO  main            d.u.i.k.p.i.AbstractProblemLoader Replaying proof postConditionTaclets1.key.proof 
524274     DEBUG main            d.u.i.k.p.i.IntermediateProofReplayer Proof replay took 473.61ns 
524275     DEBUG main            d.u.i.k.p.r.p.TestFile    ... success: reloaded. 
524275     INFO  main            d.u.i.k.p.r.p.TestFile    Now processing file /home/runner/work/key/key/key.core/../key.ui/examples/standard_key/java_dl/postConditionTaclets2.key 
524276     INFO  main            d.u.i.k.p.i.AbstractProblemLoader Loading environment from /home/runner/work/key/key/key.core/../key.ui/examples/standard_key/java_dl/postConditionTaclets2.key 
524276     DEBUG main            d.u.i.k.p.i.AbstractProblemLoader Environment load took 72.3ns 
524277     INFO  main            d.u.i.k.p.i.AbstractProblemLoader Creating init config 
527243     DEBUG main            d.u.i.k.p.i.AbstractProblemLoader Init config took 2.97s 
527259     INFO  main            d.u.i.k.p.i.AbstractProblemLoader Replaying proof postConditionTaclets2.key 
527261     DEBUG main            d.u.i.k.p.i.IntermediateProofReplayer Proof replay took 7.6ns 
527366     INFO  main            d.u.i.k.p.r.p.TestFile    ... finished proof: closed. 
527922     INFO  main            d.u.i.k.p.i.AbstractProblemLoader Loading environment from /home/runner/work/key/key/key.core/../key.ui/examples/standard_key/java_dl/postConditionTaclets2.key.proof 
527922     DEBUG main            d.u.i.k.p.i.AbstractProblemLoader Environment load took 104.2ns 
527923     INFO  main            d.u.i.k.p.i.AbstractProblemLoader Creating init config 
530853     DEBUG main            d.u.i.k.p.i.AbstractProblemLoader Init config took 2.93s 
530876     INFO  main            d.u.i.k.p.i.AbstractProblemLoader Replaying proof postConditionTaclets2.key.proof 
530878     DEBUG main            d.u.i.k.p.i.IntermediateProofReplayer Proof replay took 763.31ns 
530879     DEBUG main            d.u.i.k.p.r.p.TestFile    ... success: reloaded. 
530881     INFO  main            d.u.i.k.p.r.p.TestFile    Now processing file /home/runner/work/key/key/key.core/../key.ui/examples/standard_key/java_dl/quantifiedQuery.key 
530881     INFO  main            d.u.i.k.p.i.AbstractProblemLoader Loading environment from /home/runner/work/key/key/key.core/../key.ui/examples/standard_key/java_dl/quantifiedQuery.key 
530881     DEBUG main            d.u.i.k.p.i.AbstractProblemLoader Environment load took 122.5ns 
530883     INFO  main            d.u.i.k.p.i.AbstractProblemLoader Creating init config 
533910     DEBUG main            d.u.i.k.p.i.AbstractProblemLoader Init config took 3.03s 
533927     INFO  main            d.u.i.k.p.i.AbstractProblemLoader Replaying proof quantifiedQuery.key 
533929     DEBUG main            d.u.i.k.p.i.IntermediateProofReplayer Proof replay took 7.2ns 
534036     INFO  main            d.u.i.k.p.r.p.TestFile    ... finished proof: closed. 
534591     INFO  main            d.u.i.k.p.i.AbstractProblemLoader Loading environment from /home/runner/work/key/key/key.core/../key.ui/examples/standard_key/java_dl/quantifiedQuery.key.proof 
534591     DEBUG main            d.u.i.k.p.i.AbstractProblemLoader Environment load took 91.8ns 
534593     INFO  main            d.u.i.k.p.i.AbstractProblemLoader Creating init config 
537632     DEBUG main            d.u.i.k.p.i.AbstractProblemLoader Init config took 3.04s 
537648     INFO  main            d.u.i.k.p.i.AbstractProblemLoader Replaying proof quantifiedQuery.key.proof 
537663     DEBUG main            d.u.i.k.p.i.IntermediateProofReplayer Proof replay took 12.76ms 
537664     DEBUG main            d.u.i.k.p.r.p.TestFile    ... success: reloaded. 
537665     INFO  main            d.u.i.k.p.r.p.TestFile    Now processing file /home/runner/work/key/key/key.core/../key.ui/examples/standard_key/java_dl/recursion/triangular.key 
537665     INFO  main            d.u.i.k.p.i.AbstractProblemLoader Loading environment from /home/runner/work/key/key/key.core/../key.ui/examples/standard_key/java_dl/recursion/triangular.key 
537665     DEBUG main            d.u.i.k.p.i.AbstractProblemLoader Environment load took 98.6ns 
537666     INFO  main            d.u.i.k.p.i.AbstractProblemLoader Creating init config 
540696     DEBUG main            d.u.i.k.p.i.AbstractProblemLoader Init config took 3.03s 
540736     INFO  main            d.u.i.k.p.i.AbstractProblemLoader Replaying proof Triangular[Triangular::tria(int)].JML normal_behavior operation contract.0 
540737     DEBUG main            d.u.i.k.p.i.IntermediateProofReplayer Proof replay took 8.2ns 
540941     INFO  main            d.u.i.k.p.r.p.TestFile    ... finished proof: closed. 
541526     INFO  main            d.u.i.k.p.i.AbstractProblemLoader Loading environment from /home/runner/work/key/key/key.core/../key.ui/examples/standard_key/java_dl/recursion/triangular.key.proof 
541526     DEBUG main            d.u.i.k.p.i.AbstractProblemLoader Environment load took 98.2ns 
541527     INFO  main            d.u.i.k.p.i.AbstractProblemLoader Creating init config 
544530     DEBUG main            d.u.i.k.p.i.AbstractProblemLoader Init config took 3s 
544570     INFO  main            d.u.i.k.p.i.AbstractProblemLoader Replaying proof Triangular[Triangular::tria(int)].JML normal_behavior operation contract.0 
544613     DEBUG main            d.u.i.k.p.i.IntermediateProofReplayer Proof replay took 40.61ms 
544614     DEBUG main            d.u.i.k.p.r.p.TestFile    ... success: reloaded. 
544615     INFO  main            d.u.i.k.p.r.p.TestFile    Now processing file /home/runner/work/key/key/key.core/../key.ui/examples/standard_key/java_dl/reverseArray.key 
544615     INFO  main            d.u.i.k.p.i.AbstractProblemLoader Loading environment from /home/runner/work/key/key/key.core/../key.ui/examples/standard_key/java_dl/reverseArray.key 
544615     DEBUG main            d.u.i.k.p.i.AbstractProblemLoader Environment load took 94.2ns 
544617     INFO  main            d.u.i.k.p.i.AbstractProblemLoader Creating init config 
544643     WARN  main            d.u.i.k.j.r.KeYCrossReferenceNameInfo Datatype java.io.PrintStream declared twice: Once in FILE:/home/runner/work/key/key/key.core/../key.ui/examples/standard_key/java_dl/./classpath/PrintStream.java and once in URL:file:/home/runner/work/key/key/key.core/build/resources/main/de/uka/ilkd/key/java/JavaRedux/java/io/PrintStream.java, Keeping one from URL:file:/home/runner/work/key/key/key.core/build/resources/main/de/uka/ilkd/key/java/JavaRedux/java/io/PrintStream.java 
544643     WARN  main            d.u.i.k.j.r.KeYCrossReferenceNameInfo Datatype java.io.InputStream declared twice: Once in FILE:/home/runner/work/key/key/key.core/../key.ui/examples/standard_key/java_dl/./classpath/InputStream.java and once in URL:file:/home/runner/work/key/key/key.core/build/resources/main/de/uka/ilkd/key/java/JavaRedux/java/io/InputStream.java, Keeping one from URL:file:/home/runner/work/key/key/key.core/build/resources/main/de/uka/ilkd/key/java/JavaRedux/java/io/InputStream.java 
544643     WARN  main            d.u.i.k.j.r.KeYCrossReferenceNameInfo Datatype java.lang.System declared twice: Once in FILE:/home/runner/work/key/key/key.core/../key.ui/examples/standard_key/java_dl/./classpath/System.java and once in URL:file:/home/runner/work/key/key/key.core/build/resources/main/de/uka/ilkd/key/java/JavaRedux/java/lang/System.java, Keeping one from URL:file:/home/runner/work/key/key/key.core/build/resources/main/de/uka/ilkd/key/java/JavaRedux/java/lang/System.java 
544646     DEBUG main            d.u.i.k.j.r.ClassFileDeclarationBuilder Parsing: package java.io; public class Closeable { } 
544646     DEBUG main            r.s.KeYCrossReferenceSourceInfo Dynamically created class: java.io.Closeable 
547736     DEBUG main            d.u.i.k.p.i.AbstractProblemLoader Init config took 3.12s 
547754     INFO  main            d.u.i.k.p.i.AbstractProblemLoader Replaying proof reverseArray.key 
547756     DEBUG main            d.u.i.k.p.i.IntermediateProofReplayer Proof replay took 8.4ns 
553868     INFO  main            d.u.i.k.p.r.p.TestFile    ... finished proof: closed. 
554498     INFO  main            d.u.i.k.p.i.AbstractProblemLoader Loading environment from /home/runner/work/key/key/key.core/../key.ui/examples/standard_key/java_dl/reverseArray.key.proof 
554498     DEBUG main            d.u.i.k.p.i.AbstractProblemLoader Environment load took 442.81ns 
554500     INFO  main            d.u.i.k.p.i.AbstractProblemLoader Creating init config 
554526     WARN  main            d.u.i.k.j.r.KeYCrossReferenceNameInfo Datatype java.io.PrintStream declared twice: Once in FILE:/home/runner/work/key/key/key.core/../key.ui/examples/standard_key/java_dl/classpath/PrintStream.java and once in URL:file:/home/runner/work/key/key/key.core/build/resources/main/de/uka/ilkd/key/java/JavaRedux/java/io/PrintStream.java, Keeping one from URL:file:/home/runner/work/key/key/key.core/build/resources/main/de/uka/ilkd/key/java/JavaRedux/java/io/PrintStream.java 
554526     WARN  main            d.u.i.k.j.r.KeYCrossReferenceNameInfo Datatype java.io.InputStream declared twice: Once in FILE:/home/runner/work/key/key/key.core/../key.ui/examples/standard_key/java_dl/classpath/InputStream.java and once in URL:file:/home/runner/work/key/key/key.core/build/resources/main/de/uka/ilkd/key/java/JavaRedux/java/io/InputStream.java, Keeping one from URL:file:/home/runner/work/key/key/key.core/build/resources/main/de/uka/ilkd/key/java/JavaRedux/java/io/InputStream.java 
554526     WARN  main            d.u.i.k.j.r.KeYCrossReferenceNameInfo Datatype java.lang.System declared twice: Once in FILE:/home/runner/work/key/key/key.core/../key.ui/examples/standard_key/java_dl/classpath/System.java and once in URL:file:/home/runner/work/key/key/key.core/build/resources/main/de/uka/ilkd/key/java/JavaRedux/java/lang/System.java, Keeping one from URL:file:/home/runner/work/key/key/key.core/build/resources/main/de/uka/ilkd/key/java/JavaRedux/java/lang/System.java 
554529     DEBUG main            d.u.i.k.j.r.ClassFileDeclarationBuilder Parsing: package java.io; public class Closeable { } 
554530     DEBUG main            r.s.KeYCrossReferenceSourceInfo Dynamically created class: java.io.Closeable 
557599     DEBUG main            d.u.i.k.p.i.AbstractProblemLoader Init config took 3.1s 
557618     INFO  main            d.u.i.k.p.i.AbstractProblemLoader Replaying proof reverseArray.key.proof 
558509     DEBUG main            d.u.i.k.p.i.IntermediateProofReplayer Proof replay took 877.17ms 
558511     DEBUG main            d.u.i.k.p.r.p.TestFile    ... success: reloaded. 
558512     INFO  main            d.u.i.k.p.r.p.TestFile    Now processing file /home/runner/work/key/key/key.core/../key.ui/examples/standard_key/java_dl/reverseArray2.key 
558513     INFO  main            d.u.i.k.p.i.AbstractProblemLoader Loading environment from /home/runner/work/key/key/key.core/../key.ui/examples/standard_key/java_dl/reverseArray2.key 
558513     DEBUG main            d.u.i.k.p.i.AbstractProblemLoader Environment load took 197ns 
558515     INFO  main            d.u.i.k.p.i.AbstractProblemLoader Creating init config 
558540     WARN  main            d.u.i.k.j.r.KeYCrossReferenceNameInfo Datatype java.io.PrintStream declared twice: Once in FILE:/home/runner/work/key/key/key.core/../key.ui/examples/standard_key/java_dl/classpath/PrintStream.java and once in URL:file:/home/runner/work/key/key/key.core/build/resources/main/de/uka/ilkd/key/java/JavaRedux/java/io/PrintStream.java, Keeping one from URL:file:/home/runner/work/key/key/key.core/build/resources/main/de/uka/ilkd/key/java/JavaRedux/java/io/PrintStream.java 
558541     WARN  main            d.u.i.k.j.r.KeYCrossReferenceNameInfo Datatype java.io.InputStream declared twice: Once in FILE:/home/runner/work/key/key/key.core/../key.ui/examples/standard_key/java_dl/classpath/InputStream.java and once in URL:file:/home/runner/work/key/key/key.core/build/resources/main/de/uka/ilkd/key/java/JavaRedux/java/io/InputStream.java, Keeping one from URL:file:/home/runner/work/key/key/key.core/build/resources/main/de/uka/ilkd/key/java/JavaRedux/java/io/InputStream.java 
558543     WARN  main            d.u.i.k.j.r.KeYCrossReferenceNameInfo Datatype java.lang.System declared twice: Once in FILE:/home/runner/work/key/key/key.core/../key.ui/examples/standard_key/java_dl/classpath/System.java and once in URL:file:/home/runner/work/key/key/key.core/build/resources/main/de/uka/ilkd/key/java/JavaRedux/java/lang/System.java, Keeping one from URL:file:/home/runner/work/key/key/key.core/build/resources/main/de/uka/ilkd/key/java/JavaRedux/java/lang/System.java 
558547     DEBUG main            d.u.i.k.j.r.ClassFileDeclarationBuilder Parsing: package java.io; public class Closeable { } 
558547     DEBUG main            r.s.KeYCrossReferenceSourceInfo Dynamically created class: java.io.Closeable 
561755     DEBUG main            d.u.i.k.p.i.AbstractProblemLoader Init config took 3.24s 
561773     INFO  main            d.u.i.k.p.i.AbstractProblemLoader Replaying proof reverseArray2.key 
561774     DEBUG main            d.u.i.k.p.i.IntermediateProofReplayer Proof replay took 52.6ns 
563730     INFO  main            d.u.i.k.p.r.p.TestFile    ... finished proof: closed. 
564464     INFO  main            d.u.i.k.p.i.AbstractProblemLoader Loading environment from /home/runner/work/key/key/key.core/../key.ui/examples/standard_key/java_dl/reverseArray2.key.proof 
564465     DEBUG main            d.u.i.k.p.i.AbstractProblemLoader Environment load took 435.5ns 
564467     INFO  main            d.u.i.k.p.i.AbstractProblemLoader Creating init config 
564494     WARN  main            d.u.i.k.j.r.KeYCrossReferenceNameInfo Datatype java.io.PrintStream declared twice: Once in FILE:/home/runner/work/key/key/key.core/../key.ui/examples/standard_key/java_dl/classpath/PrintStream.java and once in URL:file:/home/runner/work/key/key/key.core/build/resources/main/de/uka/ilkd/key/java/JavaRedux/java/io/PrintStream.java, Keeping one from URL:file:/home/runner/work/key/key/key.core/build/resources/main/de/uka/ilkd/key/java/JavaRedux/java/io/PrintStream.java 
564494     WARN  main            d.u.i.k.j.r.KeYCrossReferenceNameInfo Datatype java.io.InputStream declared twice: Once in FILE:/home/runner/work/key/key/key.core/../key.ui/examples/standard_key/java_dl/classpath/InputStream.java and once in URL:file:/home/runner/work/key/key/key.core/build/resources/main/de/uka/ilkd/key/java/JavaRedux/java/io/InputStream.java, Keeping one from URL:file:/home/runner/work/key/key/key.core/build/resources/main/de/uka/ilkd/key/java/JavaRedux/java/io/InputStream.java 
564494     WARN  main            d.u.i.k.j.r.KeYCrossReferenceNameInfo Datatype java.lang.System declared twice: Once in FILE:/home/runner/work/key/key/key.core/../key.ui/examples/standard_key/java_dl/classpath/System.java and once in URL:file:/home/runner/work/key/key/key.core/build/resources/main/de/uka/ilkd/key/java/JavaRedux/java/lang/System.java, Keeping one from URL:file:/home/runner/work/key/key/key.core/build/resources/main/de/uka/ilkd/key/java/JavaRedux/java/lang/System.java 
564499     DEBUG main            d.u.i.k.j.r.ClassFileDeclarationBuilder Parsing: package java.io; public class Closeable { } 
564499     DEBUG main            r.s.KeYCrossReferenceSourceInfo Dynamically created class: java.io.Closeable 
567472     DEBUG main            d.u.i.k.p.i.AbstractProblemLoader Init config took 3s 
567491     INFO  main            d.u.i.k.p.i.AbstractProblemLoader Replaying proof reverseArray2.key.proof 
567807     DEBUG main            d.u.i.k.p.i.IntermediateProofReplayer Proof replay took 310.56ms 
567809     DEBUG main            d.u.i.k.p.r.p.TestFile    ... success: reloaded. 
567810     INFO  main            d.u.i.k.p.r.p.TestFile    Now processing file /home/runner/work/key/key/key.core/../key.ui/examples/standard_key/java_dl/simpleAssignment.key 
567811     INFO  main            d.u.i.k.p.i.AbstractProblemLoader Loading environment from /home/runner/work/key/key/key.core/../key.ui/examples/standard_key/java_dl/simpleAssignment.key 
567811     DEBUG main            d.u.i.k.p.i.AbstractProblemLoader Environment load took 197.9ns 
567812     INFO  main            d.u.i.k.p.i.AbstractProblemLoader Creating init config 
570748     DEBUG main            d.u.i.k.p.i.AbstractProblemLoader Init config took 2.94s 
570764     INFO  main            d.u.i.k.p.i.AbstractProblemLoader Replaying proof simpleAssignment.key 
570766     DEBUG main            d.u.i.k.p.i.IntermediateProofReplayer Proof replay took 3.6ns 
570869     INFO  main            d.u.i.k.p.r.p.TestFile    ... finished proof: closed. 
571534     INFO  main            d.u.i.k.p.i.AbstractProblemLoader Loading environment from /home/runner/work/key/key/key.core/../key.ui/examples/standard_key/java_dl/simpleAssignment.key.proof 
571535     DEBUG main            d.u.i.k.p.i.AbstractProblemLoader Environment load took 170.7ns 
571536     INFO  main            d.u.i.k.p.i.AbstractProblemLoader Creating init config 
574465     DEBUG main            d.u.i.k.p.i.AbstractProblemLoader Init config took 2.93s 
574481     INFO  main            d.u.i.k.p.i.AbstractProblemLoader Replaying proof simpleAssignment.key.proof 
574484     DEBUG main            d.u.i.k.p.i.IntermediateProofReplayer Proof replay took 794.81ns 
574484     DEBUG main            d.u.i.k.p.r.p.TestFile    ... success: reloaded. 
574485     INFO  main            d.u.i.k.p.r.p.TestFile    Now processing file /home/runner/work/key/key/key.core/../key.ui/examples/standard_key/java_dl/simpleAssignment2.key 
574485     INFO  main            d.u.i.k.p.i.AbstractProblemLoader Loading environment from /home/runner/work/key/key/key.core/../key.ui/examples/standard_key/java_dl/simpleAssignment2.key 
574485     DEBUG main            d.u.i.k.p.i.AbstractProblemLoader Environment load took 96.2ns 
574486     INFO  main            d.u.i.k.p.i.AbstractProblemLoader Creating init config 
577382     DEBUG main            d.u.i.k.p.i.AbstractProblemLoader Init config took 2.9s 
577398     INFO  main            d.u.i.k.p.i.AbstractProblemLoader Replaying proof simpleAssignment2.key 
577399     DEBUG main            d.u.i.k.p.i.IntermediateProofReplayer Proof replay took 3.3ns 
577502     INFO  main            d.u.i.k.p.r.p.TestFile    ... finished proof: closed. 
578122     INFO  main            d.u.i.k.p.i.AbstractProblemLoader Loading environment from /home/runner/work/key/key/key.core/../key.ui/examples/standard_key/java_dl/simpleAssignment2.key.proof 
578122     DEBUG main            d.u.i.k.p.i.AbstractProblemLoader Environment load took 91.5ns 
578124     INFO  main            d.u.i.k.p.i.AbstractProblemLoader Creating init config 
581062     DEBUG main            d.u.i.k.p.i.AbstractProblemLoader Init config took 2.94s 
581082     INFO  main            d.u.i.k.p.i.AbstractProblemLoader Replaying proof simpleAssignment2.key.proof 
581085     DEBUG main            d.u.i.k.p.i.IntermediateProofReplayer Proof replay took 450.9ns 
581086     DEBUG main            d.u.i.k.p.r.p.TestFile    ... success: reloaded. 
581086     INFO  main            d.u.i.k.p.r.p.TestFile    Now processing file /home/runner/work/key/key/key.core/../key.ui/examples/standard_key/java_dl/splittingWithQueries.key 
581087     INFO  main            d.u.i.k.p.i.AbstractProblemLoader Loading environment from /home/runner/work/key/key/key.core/../key.ui/examples/standard_key/java_dl/splittingWithQueries.key 
581087     DEBUG main            d.u.i.k.p.i.AbstractProblemLoader Environment load took 198.8ns 
581088     INFO  main            d.u.i.k.p.i.AbstractProblemLoader Creating init config 
584118     DEBUG main            d.u.i.k.p.i.AbstractProblemLoader Init config took 3.03s 
584134     INFO  main            d.u.i.k.p.i.AbstractProblemLoader Replaying proof splittingWithQueries.key 
584136     DEBUG main            d.u.i.k.p.i.IntermediateProofReplayer Proof replay took 3.5ns 
584238     INFO  main            d.u.i.k.p.r.p.TestFile    ... finished proof: closed. 
584831     INFO  main            d.u.i.k.p.i.AbstractProblemLoader Loading environment from /home/runner/work/key/key/key.core/../key.ui/examples/standard_key/java_dl/splittingWithQueries.key.proof 
584831     DEBUG main            d.u.i.k.p.i.AbstractProblemLoader Environment load took 92.9ns 
584833     INFO  main            d.u.i.k.p.i.AbstractProblemLoader Creating init config 
587871     DEBUG main            d.u.i.k.p.i.AbstractProblemLoader Init config took 3.04s 
587889     INFO  main            d.u.i.k.p.i.AbstractProblemLoader Replaying proof splittingWithQueries.key.proof 
587894     DEBUG main            d.u.i.k.p.i.IntermediateProofReplayer Proof replay took 2.43ms 
587895     DEBUG main            d.u.i.k.p.r.p.TestFile    ... success: reloaded. 
587896     INFO  main            d.u.i.k.p.r.p.TestFile    Now processing file /home/runner/work/key/key/key.core/../key.ui/examples/standard_key/java_dl/strassen/strassen.key 
587896     INFO  main            d.u.i.k.p.i.AbstractProblemLoader Loading environment from /home/runner/work/key/key/key.core/../key.ui/examples/standard_key/java_dl/strassen/strassen.key 
587896     DEBUG main            d.u.i.k.p.i.AbstractProblemLoader Environment load took 194.2ns 
587897     INFO  main            d.u.i.k.p.i.AbstractProblemLoader Creating init config 
591054     DEBUG main            d.u.i.k.p.i.AbstractProblemLoader Init config took 3.16s 
591109     INFO  main            d.u.i.k.p.i.AbstractProblemLoader Replaying proof Matrix22[Matrix22::strassen(Matrix22,Matrix22)].JML normal_behavior operation contract.0 
591111     DEBUG main            d.u.i.k.p.i.IntermediateProofReplayer Proof replay took 3.2ns 
598024     INFO  main            d.u.i.k.p.r.p.TestFile    ... finished proof: closed. 
598842     INFO  main            d.u.i.k.p.i.AbstractProblemLoader Loading environment from /home/runner/work/key/key/key.core/../key.ui/examples/standard_key/java_dl/strassen/strassen.key.proof 
598843     DEBUG main            d.u.i.k.p.i.AbstractProblemLoader Environment load took 403.3ns 
598845     INFO  main            d.u.i.k.p.i.AbstractProblemLoader Creating init config 
601917     DEBUG main            d.u.i.k.p.i.AbstractProblemLoader Init config took 3.07s 
601961     INFO  main            d.u.i.k.p.i.AbstractProblemLoader Replaying proof Matrix22[Matrix22::strassen(Matrix22,Matrix22)].JML normal_behavior operation contract.0 
602973     DEBUG main            d.u.i.k.p.i.IntermediateProofReplayer Proof replay took 1s 
602975     DEBUG main            d.u.i.k.p.r.p.TestFile    ... success: reloaded. 
602976     INFO  main            d.u.i.k.p.r.p.TestFile    Now processing file /home/runner/work/key/key/key.core/../key.ui/examples/standard_key/java_dl/symmArray.key 
602976     INFO  main            d.u.i.k.p.i.AbstractProblemLoader Loading environment from /home/runner/work/key/key/key.core/../key.ui/examples/standard_key/java_dl/symmArray.key 
602976     DEBUG main            d.u.i.k.p.i.AbstractProblemLoader Environment load took 98.7ns 
602980     INFO  main            d.u.i.k.p.i.AbstractProblemLoader Creating init config 
606094     DEBUG main            d.u.i.k.p.i.AbstractProblemLoader Init config took 3.11s 
606112     INFO  main            d.u.i.k.p.i.AbstractProblemLoader Replaying proof symmArray.key 
606113     DEBUG main            d.u.i.k.p.i.IntermediateProofReplayer Proof replay took 3.3ns 
746582     INFO  main            d.u.i.k.p.r.p.TestFile    ... finished proof: closed. 
747411     INFO  main            d.u.i.k.p.i.AbstractProblemLoader Loading environment from /home/runner/work/key/key/key.core/../key.ui/examples/standard_key/java_dl/symmArray.key.proof 
747411     DEBUG main            d.u.i.k.p.i.AbstractProblemLoader Environment load took 128.9ns 
747417     INFO  main            d.u.i.k.p.i.AbstractProblemLoader Creating init config 
750455     DEBUG main            d.u.i.k.p.i.AbstractProblemLoader Init config took 3.04s 
750475     INFO  main            d.u.i.k.p.i.AbstractProblemLoader Replaying proof symmArray.key.proof 
752087     DEBUG main            d.u.i.k.p.i.IntermediateProofReplayer Proof replay took 1.55s 
752093     DEBUG main            d.u.i.k.p.r.p.TestFile    ... success: reloaded. 
752093     INFO  main            d.u.i.k.p.r.p.TestFile    Now processing file /home/runner/work/key/key/key.core/../key.ui/examples/standard_key/java_dl/testcontext.key 
752094     INFO  main            d.u.i.k.p.i.AbstractProblemLoader Loading environment from /home/runner/work/key/key/key.core/../key.ui/examples/standard_key/java_dl/testcontext.key 
752094     DEBUG main            d.u.i.k.p.i.AbstractProblemLoader Environment load took 97.7ns 
752095     INFO  main            d.u.i.k.p.i.AbstractProblemLoader Creating init config 
752121     WARN  main            d.u.i.k.j.r.KeYCrossReferenceNameInfo Datatype java.io.PrintStream declared twice: Once in FILE:/home/runner/work/key/key/key.core/../key.ui/examples/standard_key/java_dl/classpath/PrintStream.java and once in URL:file:/home/runner/work/key/key/key.core/build/resources/main/de/uka/ilkd/key/java/JavaRedux/java/io/PrintStream.java, Keeping one from URL:file:/home/runner/work/key/key/key.core/build/resources/main/de/uka/ilkd/key/java/JavaRedux/java/io/PrintStream.java 
752121     WARN  main            d.u.i.k.j.r.KeYCrossReferenceNameInfo Datatype java.io.InputStream declared twice: Once in FILE:/home/runner/work/key/key/key.core/../key.ui/examples/standard_key/java_dl/classpath/InputStream.java and once in URL:file:/home/runner/work/key/key/key.core/build/resources/main/de/uka/ilkd/key/java/JavaRedux/java/io/InputStream.java, Keeping one from URL:file:/home/runner/work/key/key/key.core/build/resources/main/de/uka/ilkd/key/java/JavaRedux/java/io/InputStream.java 
752121     WARN  main            d.u.i.k.j.r.KeYCrossReferenceNameInfo Datatype java.lang.System declared twice: Once in FILE:/home/runner/work/key/key/key.core/../key.ui/examples/standard_key/java_dl/classpath/System.java and once in URL:file:/home/runner/work/key/key/key.core/build/resources/main/de/uka/ilkd/key/java/JavaRedux/java/lang/System.java, Keeping one from URL:file:/home/runner/work/key/key/key.core/build/resources/main/de/uka/ilkd/key/java/JavaRedux/java/lang/System.java 
752124     DEBUG main            d.u.i.k.j.r.ClassFileDeclarationBuilder Parsing: package java.io; public class Closeable { } 
752124     DEBUG main            r.s.KeYCrossReferenceSourceInfo Dynamically created class: java.io.Closeable 
755094     DEBUG main            d.u.i.k.p.i.AbstractProblemLoader Init config took 3s 
755110     INFO  main            d.u.i.k.p.i.AbstractProblemLoader Replaying proof testcontext.key 
755112     DEBUG main            d.u.i.k.p.i.IntermediateProofReplayer Proof replay took 3.1ns 
755515     INFO  main            d.u.i.k.p.r.p.TestFile    ... finished proof: closed. 
756334     INFO  main            d.u.i.k.p.i.AbstractProblemLoader Loading environment from /home/runner/work/key/key/key.core/../key.ui/examples/standard_key/java_dl/testcontext.key.proof 
756334     DEBUG main            d.u.i.k.p.i.AbstractProblemLoader Environment load took 91ns 
756336     INFO  main            d.u.i.k.p.i.AbstractProblemLoader Creating init config 
756377     WARN  main            d.u.i.k.j.r.KeYCrossReferenceNameInfo Datatype java.io.PrintStream declared twice: Once in FILE:/home/runner/work/key/key/key.core/../key.ui/examples/standard_key/java_dl/classpath/PrintStream.java and once in URL:file:/home/runner/work/key/key/key.core/build/resources/main/de/uka/ilkd/key/java/JavaRedux/java/io/PrintStream.java, Keeping one from URL:file:/home/runner/work/key/key/key.core/build/resources/main/de/uka/ilkd/key/java/JavaRedux/java/io/PrintStream.java 
756377     WARN  main            d.u.i.k.j.r.KeYCrossReferenceNameInfo Datatype java.io.InputStream declared twice: Once in FILE:/home/runner/work/key/key/key.core/../key.ui/examples/standard_key/java_dl/classpath/InputStream.java and once in URL:file:/home/runner/work/key/key/key.core/build/resources/main/de/uka/ilkd/key/java/JavaRedux/java/io/InputStream.java, Keeping one from URL:file:/home/runner/work/key/key/key.core/build/resources/main/de/uka/ilkd/key/java/JavaRedux/java/io/InputStream.java 
756377     WARN  main            d.u.i.k.j.r.KeYCrossReferenceNameInfo Datatype java.lang.System declared twice: Once in FILE:/home/runner/work/key/key/key.core/../key.ui/examples/standard_key/java_dl/classpath/System.java and once in URL:file:/home/runner/work/key/key/key.core/build/resources/main/de/uka/ilkd/key/java/JavaRedux/java/lang/System.java, Keeping one from URL:file:/home/runner/work/key/key/key.core/build/resources/main/de/uka/ilkd/key/java/JavaRedux/java/lang/System.java 
756381     DEBUG main            d.u.i.k.j.r.ClassFileDeclarationBuilder Parsing: package java.io; public class Closeable { } 
756381     DEBUG main            r.s.KeYCrossReferenceSourceInfo Dynamically created class: java.io.Closeable 
759398     DEBUG main            d.u.i.k.p.i.AbstractProblemLoader Init config took 3.06s 
759415     INFO  main            d.u.i.k.p.i.AbstractProblemLoader Replaying proof testcontext.key.proof 
759494     DEBUG main            d.u.i.k.p.i.IntermediateProofReplayer Proof replay took 76.29ms 
759496     DEBUG main            d.u.i.k.p.r.p.TestFile    ... success: reloaded. 
759496     INFO  main            d.u.i.k.p.r.p.TestFile    Now processing file /home/runner/work/key/key/key.core/../key.ui/examples/standard_key/staticInitialisation/cascadeStaticInitialisation.key 
759497     INFO  main            d.u.i.k.p.i.AbstractProblemLoader Loading environment from /home/runner/work/key/key/key.core/../key.ui/examples/standard_key/staticInitialisation/cascadeStaticInitialisation.key 
759497     DEBUG main            d.u.i.k.p.i.AbstractProblemLoader Environment load took 69.9ns 
759500     INFO  main            d.u.i.k.p.i.AbstractProblemLoader Creating init config 
759524     WARN  main            d.u.i.k.j.r.KeYCrossReferenceNameInfo Datatype java.io.PrintStream declared twice: Once in FILE:/home/runner/work/key/key/key.core/../key.ui/examples/standard_key/staticInitialisation/classpath/PrintStream.java and once in URL:file:/home/runner/work/key/key/key.core/build/resources/main/de/uka/ilkd/key/java/JavaRedux/java/io/PrintStream.java, Keeping one from URL:file:/home/runner/work/key/key/key.core/build/resources/main/de/uka/ilkd/key/java/JavaRedux/java/io/PrintStream.java 
759524     WARN  main            d.u.i.k.j.r.KeYCrossReferenceNameInfo Datatype java.lang.System declared twice: Once in FILE:/home/runner/work/key/key/key.core/../key.ui/examples/standard_key/staticInitialisation/classpath/System.java and once in URL:file:/home/runner/work/key/key/key.core/build/resources/main/de/uka/ilkd/key/java/JavaRedux/java/lang/System.java, Keeping one from URL:file:/home/runner/work/key/key/key.core/build/resources/main/de/uka/ilkd/key/java/JavaRedux/java/lang/System.java 
762636     DEBUG main            d.u.i.k.p.i.AbstractProblemLoader Init config took 3.14s 
762654     INFO  main            d.u.i.k.p.i.AbstractProblemLoader Replaying proof cascadeStaticInitialisation.key 
762655     DEBUG main            d.u.i.k.p.i.IntermediateProofReplayer Proof replay took 3.2ns 
763560     INFO  main            d.u.i.k.p.r.p.TestFile    ... finished proof: closed. 
764282     INFO  main            d.u.i.k.p.i.AbstractProblemLoader Loading environment from /home/runner/work/key/key/key.core/../key.ui/examples/standard_key/staticInitialisation/cascadeStaticInitialisation.key.proof 
764282     DEBUG main            d.u.i.k.p.i.AbstractProblemLoader Environment load took 543.9ns 
764284     INFO  main            d.u.i.k.p.i.AbstractProblemLoader Creating init config 
764311     WARN  main            d.u.i.k.j.r.KeYCrossReferenceNameInfo Datatype java.io.PrintStream declared twice: Once in FILE:/home/runner/work/key/key/key.core/../key.ui/examples/standard_key/staticInitialisation/classpath/PrintStream.java and once in URL:file:/home/runner/work/key/key/key.core/build/resources/main/de/uka/ilkd/key/java/JavaRedux/java/io/PrintStream.java, Keeping one from URL:file:/home/runner/work/key/key/key.core/build/resources/main/de/uka/ilkd/key/java/JavaRedux/java/io/PrintStream.java 
764312     WARN  main            d.u.i.k.j.r.KeYCrossReferenceNameInfo Datatype java.lang.System declared twice: Once in FILE:/home/runner/work/key/key/key.core/../key.ui/examples/standard_key/staticInitialisation/classpath/System.java and once in URL:file:/home/runner/work/key/key/key.core/build/resources/main/de/uka/ilkd/key/java/JavaRedux/java/lang/System.java, Keeping one from URL:file:/home/runner/work/key/key/key.core/build/resources/main/de/uka/ilkd/key/java/JavaRedux/java/lang/System.java 
767340     DEBUG main            d.u.i.k.p.i.AbstractProblemLoader Init config took 3.06s 
767357     INFO  main            d.u.i.k.p.i.AbstractProblemLoader Replaying proof cascadeStaticInitialisation.key.proof 
767561     DEBUG main            d.u.i.k.p.i.IntermediateProofReplayer Proof replay took 200.07ms 
767562     DEBUG main            d.u.i.k.p.r.p.TestFile    ... success: reloaded. 
767563     INFO  main            d.u.i.k.p.r.p.TestFile    Now processing file /home/runner/work/key/key/key.core/../key.ui/examples/standard_key/staticInitialisation/erroneousClassImpliesErroneousSubclass.key 
767563     INFO  main            d.u.i.k.p.i.AbstractProblemLoader Loading environment from /home/runner/work/key/key/key.core/../key.ui/examples/standard_key/staticInitialisation/erroneousClassImpliesErroneousSubclass.key 
767564     DEBUG main            d.u.i.k.p.i.AbstractProblemLoader Environment load took 103.5ns 
767565     INFO  main            d.u.i.k.p.i.AbstractProblemLoader Creating init config 
767591     WARN  main            d.u.i.k.j.r.KeYCrossReferenceNameInfo Datatype java.io.PrintStream declared twice: Once in FILE:/home/runner/work/key/key/key.core/../key.ui/examples/standard_key/staticInitialisation/classpath/PrintStream.java and once in URL:file:/home/runner/work/key/key/key.core/build/resources/main/de/uka/ilkd/key/java/JavaRedux/java/io/PrintStream.java, Keeping one from URL:file:/home/runner/work/key/key/key.core/build/resources/main/de/uka/ilkd/key/java/JavaRedux/java/io/PrintStream.java 
767591     WARN  main            d.u.i.k.j.r.KeYCrossReferenceNameInfo Datatype java.lang.System declared twice: Once in FILE:/home/runner/work/key/key/key.core/../key.ui/examples/standard_key/staticInitialisation/classpath/System.java and once in URL:file:/home/runner/work/key/key/key.core/build/resources/main/de/uka/ilkd/key/java/JavaRedux/java/lang/System.java, Keeping one from URL:file:/home/runner/work/key/key/key.core/build/resources/main/de/uka/ilkd/key/java/JavaRedux/java/lang/System.java 
770558     DEBUG main            d.u.i.k.p.i.AbstractProblemLoader Init config took 2.99s 
770573     INFO  main            d.u.i.k.p.i.AbstractProblemLoader Replaying proof erroneousClassImpliesErroneousSubclass.key 
770574     DEBUG main            d.u.i.k.p.i.IntermediateProofReplayer Proof replay took 3.8ns 
770676     INFO  main            d.u.i.k.p.r.p.TestFile    ... finished proof: closed. 
771384     INFO  main            d.u.i.k.p.i.AbstractProblemLoader Loading environment from /home/runner/work/key/key/key.core/../key.ui/examples/standard_key/staticInitialisation/erroneousClassImpliesErroneousSubclass.key.proof 
771384     DEBUG main            d.u.i.k.p.i.AbstractProblemLoader Environment load took 100.6ns 
771385     INFO  main            d.u.i.k.p.i.AbstractProblemLoader Creating init config 
771410     WARN  main            d.u.i.k.j.r.KeYCrossReferenceNameInfo Datatype java.io.PrintStream declared twice: Once in FILE:/home/runner/work/key/key/key.core/../key.ui/examples/standard_key/staticInitialisation/classpath/PrintStream.java and once in URL:file:/home/runner/work/key/key/key.core/build/resources/main/de/uka/ilkd/key/java/JavaRedux/java/io/PrintStream.java, Keeping one from URL:file:/home/runner/work/key/key/key.core/build/resources/main/de/uka/ilkd/key/java/JavaRedux/java/io/PrintStream.java 
771410     WARN  main            d.u.i.k.j.r.KeYCrossReferenceNameInfo Datatype java.lang.System declared twice: Once in FILE:/home/runner/work/key/key/key.core/../key.ui/examples/standard_key/staticInitialisation/classpath/System.java and once in URL:file:/home/runner/work/key/key/key.core/build/resources/main/de/uka/ilkd/key/java/JavaRedux/java/lang/System.java, Keeping one from URL:file:/home/runner/work/key/key/key.core/build/resources/main/de/uka/ilkd/key/java/JavaRedux/java/lang/System.java 
774366     DEBUG main            d.u.i.k.p.i.AbstractProblemLoader Init config took 2.98s 
774381     INFO  main            d.u.i.k.p.i.AbstractProblemLoader Replaying proof erroneousClassImpliesErroneousSubclass.key.proof 
774384     DEBUG main            d.u.i.k.p.i.IntermediateProofReplayer Proof replay took 642.51ns 
774385     DEBUG main            d.u.i.k.p.r.p.TestFile    ... success: reloaded. 
774386     INFO  main            d.u.i.k.p.r.p.TestFile    Now processing file /home/runner/work/key/key/key.core/../key.ui/examples/standard_key/staticInitialisation/initializedSubclassImpliesInitializedSuperclass.key 
774386     INFO  main            d.u.i.k.p.i.AbstractProblemLoader Loading environment from /home/runner/work/key/key/key.core/../key.ui/examples/standard_key/staticInitialisation/initializedSubclassImpliesInitializedSuperclass.key 
774386     DEBUG main            d.u.i.k.p.i.AbstractProblemLoader Environment load took 78.7ns 
774387     INFO  main            d.u.i.k.p.i.AbstractProblemLoader Creating init config 
774411     WARN  main            d.u.i.k.j.r.KeYCrossReferenceNameInfo Datatype java.io.PrintStream declared twice: Once in FILE:/home/runner/work/key/key/key.core/../key.ui/examples/standard_key/staticInitialisation/classpath/PrintStream.java and once in URL:file:/home/runner/work/key/key/key.core/build/resources/main/de/uka/ilkd/key/java/JavaRedux/java/io/PrintStream.java, Keeping one from URL:file:/home/runner/work/key/key/key.core/build/resources/main/de/uka/ilkd/key/java/JavaRedux/java/io/PrintStream.java 
774411     WARN  main            d.u.i.k.j.r.KeYCrossReferenceNameInfo Datatype java.lang.System declared twice: Once in FILE:/home/runner/work/key/key/key.core/../key.ui/examples/standard_key/staticInitialisation/classpath/System.java and once in URL:file:/home/runner/work/key/key/key.core/build/resources/main/de/uka/ilkd/key/java/JavaRedux/java/lang/System.java, Keeping one from URL:file:/home/runner/work/key/key/key.core/build/resources/main/de/uka/ilkd/key/java/JavaRedux/java/lang/System.java 
777341     DEBUG main            d.u.i.k.p.i.AbstractProblemLoader Init config took 2.95s 
777356     INFO  main            d.u.i.k.p.i.AbstractProblemLoader Replaying proof initializedSubclassImpliesInitializedSuperclass.key 
777357     DEBUG main            d.u.i.k.p.i.IntermediateProofReplayer Proof replay took 3.2ns 
777459     INFO  main            d.u.i.k.p.r.p.TestFile    ... finished proof: closed. 
778121     INFO  main            d.u.i.k.p.i.AbstractProblemLoader Loading environment from /home/runner/work/key/key/key.core/../key.ui/examples/standard_key/staticInitialisation/initializedSubclassImpliesInitializedSuperclass.key.proof 
778121     DEBUG main            d.u.i.k.p.i.AbstractProblemLoader Environment load took 80.3ns 
778122     INFO  main            d.u.i.k.p.i.AbstractProblemLoader Creating init config 
778157     WARN  main            d.u.i.k.j.r.KeYCrossReferenceNameInfo Datatype java.io.PrintStream declared twice: Once in FILE:/home/runner/work/key/key/key.core/../key.ui/examples/standard_key/staticInitialisation/classpath/PrintStream.java and once in URL:file:/home/runner/work/key/key/key.core/build/resources/main/de/uka/ilkd/key/java/JavaRedux/java/io/PrintStream.java, Keeping one from URL:file:/home/runner/work/key/key/key.core/build/resources/main/de/uka/ilkd/key/java/JavaRedux/java/io/PrintStream.java 
778158     WARN  main            d.u.i.k.j.r.KeYCrossReferenceNameInfo Datatype java.lang.System declared twice: Once in FILE:/home/runner/work/key/key/key.core/../key.ui/examples/standard_key/staticInitialisation/classpath/System.java and once in URL:file:/home/runner/work/key/key/key.core/build/resources/main/de/uka/ilkd/key/java/JavaRedux/java/lang/System.java, Keeping one from URL:file:/home/runner/work/key/key/key.core/build/resources/main/de/uka/ilkd/key/java/JavaRedux/java/lang/System.java 
781081     DEBUG main            d.u.i.k.p.i.AbstractProblemLoader Init config took 2.96s 
781096     INFO  main            d.u.i.k.p.i.AbstractProblemLoader Replaying proof initializedSubclassImpliesInitializedSuperclass.key.proof 
781098     DEBUG main            d.u.i.k.p.i.IntermediateProofReplayer Proof replay took 489.4ns 
781099     DEBUG main            d.u.i.k.p.r.p.TestFile    ... success: reloaded. 
781100     INFO  main            d.u.i.k.p.r.p.TestFile    Now processing file /home/runner/work/key/key/key.core/../key.ui/examples/standard_key/staticInitialisation/localDeclared.key 
781100     INFO  main            d.u.i.k.p.i.AbstractProblemLoader Loading environment from /home/runner/work/key/key/key.core/../key.ui/examples/standard_key/staticInitialisation/localDeclared.key 
781100     DEBUG main            d.u.i.k.p.i.AbstractProblemLoader Environment load took 77.7ns 
781102     INFO  main            d.u.i.k.p.i.AbstractProblemLoader Creating init config 
781126     WARN  main            d.u.i.k.j.r.KeYCrossReferenceNameInfo Datatype java.io.PrintStream declared twice: Once in FILE:/home/runner/work/key/key/key.core/../key.ui/examples/standard_key/staticInitialisation/classpath/PrintStream.java and once in URL:file:/home/runner/work/key/key/key.core/build/resources/main/de/uka/ilkd/key/java/JavaRedux/java/io/PrintStream.java, Keeping one from URL:file:/home/runner/work/key/key/key.core/build/resources/main/de/uka/ilkd/key/java/JavaRedux/java/io/PrintStream.java 
781126     WARN  main            d.u.i.k.j.r.KeYCrossReferenceNameInfo Datatype java.lang.System declared twice: Once in FILE:/home/runner/work/key/key/key.core/../key.ui/examples/standard_key/staticInitialisation/classpath/System.java and once in URL:file:/home/runner/work/key/key/key.core/build/resources/main/de/uka/ilkd/key/java/JavaRedux/java/lang/System.java, Keeping one from URL:file:/home/runner/work/key/key/key.core/build/resources/main/de/uka/ilkd/key/java/JavaRedux/java/lang/System.java 
784088     DEBUG main            d.u.i.k.p.i.AbstractProblemLoader Init config took 2.99s 
784105     INFO  main            d.u.i.k.p.i.AbstractProblemLoader Replaying proof localDeclared.key 
784106     DEBUG main            d.u.i.k.p.i.IntermediateProofReplayer Proof replay took 3.4ns 
784409     INFO  main            d.u.i.k.p.r.p.TestFile    ... finished proof: closed. 
785102     INFO  main            d.u.i.k.p.i.AbstractProblemLoader Loading environment from /home/runner/work/key/key/key.core/../key.ui/examples/standard_key/staticInitialisation/localDeclared.key.proof 
785103     DEBUG main            d.u.i.k.p.i.AbstractProblemLoader Environment load took 89.6ns 
785104     INFO  main            d.u.i.k.p.i.AbstractProblemLoader Creating init config 
785133     WARN  main            d.u.i.k.j.r.KeYCrossReferenceNameInfo Datatype java.io.PrintStream declared twice: Once in FILE:/home/runner/work/key/key/key.core/../key.ui/examples/standard_key/staticInitialisation/classpath/PrintStream.java and once in URL:file:/home/runner/work/key/key/key.core/build/resources/main/de/uka/ilkd/key/java/JavaRedux/java/io/PrintStream.java, Keeping one from URL:file:/home/runner/work/key/key/key.core/build/resources/main/de/uka/ilkd/key/java/JavaRedux/java/io/PrintStream.java 
785133     WARN  main            d.u.i.k.j.r.KeYCrossReferenceNameInfo Datatype java.lang.System declared twice: Once in FILE:/home/runner/work/key/key/key.core/../key.ui/examples/standard_key/staticInitialisation/classpath/System.java and once in URL:file:/home/runner/work/key/key/key.core/build/resources/main/de/uka/ilkd/key/java/JavaRedux/java/lang/System.java, Keeping one from URL:file:/home/runner/work/key/key/key.core/build/resources/main/de/uka/ilkd/key/java/JavaRedux/java/lang/System.java 
788048     DEBUG main            d.u.i.k.p.i.AbstractProblemLoader Init config took 2.94s 
788064     INFO  main            d.u.i.k.p.i.AbstractProblemLoader Replaying proof localDeclared.key.proof 
788140     DEBUG main            d.u.i.k.p.i.IntermediateProofReplayer Proof replay took 73.04ms 
788142     DEBUG main            d.u.i.k.p.r.p.TestFile    ... success: reloaded. 
788142     INFO  main            d.u.i.k.p.r.p.TestFile    Now processing file /home/runner/work/key/key/key.core/../key.ui/examples/standard_key/staticInitialisation/localDeclaredMethod.key 
788143     INFO  main            d.u.i.k.p.i.AbstractProblemLoader Loading environment from /home/runner/work/key/key/key.core/../key.ui/examples/standard_key/staticInitialisation/localDeclaredMethod.key 
788143     DEBUG main            d.u.i.k.p.i.AbstractProblemLoader Environment load took 128.9ns 
788145     INFO  main            d.u.i.k.p.i.AbstractProblemLoader Creating init config 
788173     WARN  main            d.u.i.k.j.r.KeYCrossReferenceNameInfo Datatype java.io.PrintStream declared twice: Once in FILE:/home/runner/work/key/key/key.core/../key.ui/examples/standard_key/staticInitialisation/classpath/PrintStream.java and once in URL:file:/home/runner/work/key/key/key.core/build/resources/main/de/uka/ilkd/key/java/JavaRedux/java/io/PrintStream.java, Keeping one from URL:file:/home/runner/work/key/key/key.core/build/resources/main/de/uka/ilkd/key/java/JavaRedux/java/io/PrintStream.java 
788174     WARN  main            d.u.i.k.j.r.KeYCrossReferenceNameInfo Datatype java.lang.System declared twice: Once in FILE:/home/runner/work/key/key/key.core/../key.ui/examples/standard_key/staticInitialisation/classpath/System.java and once in URL:file:/home/runner/work/key/key/key.core/build/resources/main/de/uka/ilkd/key/java/JavaRedux/java/lang/System.java, Keeping one from URL:file:/home/runner/work/key/key/key.core/build/resources/main/de/uka/ilkd/key/java/JavaRedux/java/lang/System.java 
791145     DEBUG main            d.u.i.k.p.i.AbstractProblemLoader Init config took 3s 
791161     INFO  main            d.u.i.k.p.i.AbstractProblemLoader Replaying proof localDeclaredMethod.key 
791162     DEBUG main            d.u.i.k.p.i.IntermediateProofReplayer Proof replay took 2.9ns 
791567     INFO  main            d.u.i.k.p.r.p.TestFile    ... finished proof: closed. 
792293     INFO  main            d.u.i.k.p.i.AbstractProblemLoader Loading environment from /home/runner/work/key/key/key.core/../key.ui/examples/standard_key/staticInitialisation/localDeclaredMethod.key.proof 
792293     DEBUG main            d.u.i.k.p.i.AbstractProblemLoader Environment load took 82.9ns 
792295     INFO  main            d.u.i.k.p.i.AbstractProblemLoader Creating init config 
792323     WARN  main            d.u.i.k.j.r.KeYCrossReferenceNameInfo Datatype java.io.PrintStream declared twice: Once in FILE:/home/runner/work/key/key/key.core/../key.ui/examples/standard_key/staticInitialisation/classpath/PrintStream.java and once in URL:file:/home/runner/work/key/key/key.core/build/resources/main/de/uka/ilkd/key/java/JavaRedux/java/io/PrintStream.java, Keeping one from URL:file:/home/runner/work/key/key/key.core/build/resources/main/de/uka/ilkd/key/java/JavaRedux/java/io/PrintStream.java 
792324     WARN  main            d.u.i.k.j.r.KeYCrossReferenceNameInfo Datatype java.lang.System declared twice: Once in FILE:/home/runner/work/key/key/key.core/../key.ui/examples/standard_key/staticInitialisation/classpath/System.java and once in URL:file:/home/runner/work/key/key/key.core/build/resources/main/de/uka/ilkd/key/java/JavaRedux/java/lang/System.java, Keeping one from URL:file:/home/runner/work/key/key/key.core/build/resources/main/de/uka/ilkd/key/java/JavaRedux/java/lang/System.java 
795248     DEBUG main            d.u.i.k.p.i.AbstractProblemLoader Init config took 2.95s 
795264     INFO  main            d.u.i.k.p.i.AbstractProblemLoader Replaying proof localDeclaredMethod.key.proof 
795337     DEBUG main            d.u.i.k.p.i.IntermediateProofReplayer Proof replay took 69.77ms 
795338     DEBUG main            d.u.i.k.p.r.p.TestFile    ... success: reloaded. 
795340     INFO  main            d.u.i.k.p.r.p.TestFile    Now processing file /home/runner/work/key/key/key.core/../key.ui/examples/standard_key/staticInitialisation/objectOfErroneousClass.key 
795340     INFO  main            d.u.i.k.p.i.AbstractProblemLoader Loading environment from /home/runner/work/key/key/key.core/../key.ui/examples/standard_key/staticInitialisation/objectOfErroneousClass.key 
795340     DEBUG main            d.u.i.k.p.i.AbstractProblemLoader Environment load took 116.2ns 
795342     INFO  main            d.u.i.k.p.i.AbstractProblemLoader Creating init config 
795372     WARN  main            d.u.i.k.j.r.KeYCrossReferenceNameInfo Datatype java.io.PrintStream declared twice: Once in FILE:/home/runner/work/key/key/key.core/../key.ui/examples/standard_key/staticInitialisation/classpath/PrintStream.java and once in URL:file:/home/runner/work/key/key/key.core/build/resources/main/de/uka/ilkd/key/java/JavaRedux/java/io/PrintStream.java, Keeping one from URL:file:/home/runner/work/key/key/key.core/build/resources/main/de/uka/ilkd/key/java/JavaRedux/java/io/PrintStream.java 
795372     WARN  main            d.u.i.k.j.r.KeYCrossReferenceNameInfo Datatype java.lang.System declared twice: Once in FILE:/home/runner/work/key/key/key.core/../key.ui/examples/standard_key/staticInitialisation/classpath/System.java and once in URL:file:/home/runner/work/key/key/key.core/build/resources/main/de/uka/ilkd/key/java/JavaRedux/java/lang/System.java, Keeping one from URL:file:/home/runner/work/key/key/key.core/build/resources/main/de/uka/ilkd/key/java/JavaRedux/java/lang/System.java 
798404     DEBUG main            d.u.i.k.p.i.AbstractProblemLoader Init config took 3.06s 
798421     INFO  main            d.u.i.k.p.i.AbstractProblemLoader Replaying proof objectOfErroneousClass.key 
798424     DEBUG main            d.u.i.k.p.i.IntermediateProofReplayer Proof replay took 3.2ns 
816409     INFO  main            d.u.i.k.p.r.p.TestFile    ... finished proof: closed. 
817214     INFO  main            d.u.i.k.p.i.AbstractProblemLoader Loading environment from /home/runner/work/key/key/key.core/../key.ui/examples/standard_key/staticInitialisation/objectOfErroneousClass.key.proof 
817214     DEBUG main            d.u.i.k.p.i.AbstractProblemLoader Environment load took 95.7ns 
817218     INFO  main            d.u.i.k.p.i.AbstractProblemLoader Creating init config 
817249     WARN  main            d.u.i.k.j.r.KeYCrossReferenceNameInfo Datatype java.io.PrintStream declared twice: Once in FILE:/home/runner/work/key/key/key.core/../key.ui/examples/standard_key/staticInitialisation/classpath/PrintStream.java and once in URL:file:/home/runner/work/key/key/key.core/build/resources/main/de/uka/ilkd/key/java/JavaRedux/java/io/PrintStream.java, Keeping one from URL:file:/home/runner/work/key/key/key.core/build/resources/main/de/uka/ilkd/key/java/JavaRedux/java/io/PrintStream.java 
817249     WARN  main            d.u.i.k.j.r.KeYCrossReferenceNameInfo Datatype java.lang.System declared twice: Once in FILE:/home/runner/work/key/key/key.core/../key.ui/examples/standard_key/staticInitialisation/classpath/System.java and once in URL:file:/home/runner/work/key/key/key.core/build/resources/main/de/uka/ilkd/key/java/JavaRedux/java/lang/System.java, Keeping one from URL:file:/home/runner/work/key/key/key.core/build/resources/main/de/uka/ilkd/key/java/JavaRedux/java/lang/System.java 
820195     DEBUG main            d.u.i.k.p.i.AbstractProblemLoader Init config took 2.98s 
820213     INFO  main            d.u.i.k.p.i.AbstractProblemLoader Replaying proof objectOfErroneousClass.key.proof 
823173     DEBUG main            d.u.i.k.p.i.IntermediateProofReplayer Proof replay took 2.93s 
823178     DEBUG main            d.u.i.k.p.r.p.TestFile    ... success: reloaded. 
823179     INFO  main            d.u.i.k.p.r.p.TestFile    Now processing file /home/runner/work/key/key/key.core/../key.ui/examples/standard_key/staticInitialisation/staticInitialisersAreNonSimple.key 
823180     INFO  main            d.u.i.k.p.i.AbstractProblemLoader Loading environment from /home/runner/work/key/key/key.core/../key.ui/examples/standard_key/staticInitialisation/staticInitialisersAreNonSimple.key 
823180     DEBUG main            d.u.i.k.p.i.AbstractProblemLoader Environment load took 196.7ns 
823182     INFO  main            d.u.i.k.p.i.AbstractProblemLoader Creating init config 
823206     WARN  main            d.u.i.k.j.r.KeYCrossReferenceNameInfo Datatype java.io.PrintStream declared twice: Once in FILE:/home/runner/work/key/key/key.core/../key.ui/examples/standard_key/staticInitialisation/classpath/PrintStream.java and once in URL:file:/home/runner/work/key/key/key.core/build/resources/main/de/uka/ilkd/key/java/JavaRedux/java/io/PrintStream.java, Keeping one from URL:file:/home/runner/work/key/key/key.core/build/resources/main/de/uka/ilkd/key/java/JavaRedux/java/io/PrintStream.java 
823206     WARN  main            d.u.i.k.j.r.KeYCrossReferenceNameInfo Datatype java.lang.System declared twice: Once in FILE:/home/runner/work/key/key/key.core/../key.ui/examples/standard_key/staticInitialisation/classpath/System.java and once in URL:file:/home/runner/work/key/key/key.core/build/resources/main/de/uka/ilkd/key/java/JavaRedux/java/lang/System.java, Keeping one from URL:file:/home/runner/work/key/key/key.core/build/resources/main/de/uka/ilkd/key/java/JavaRedux/java/lang/System.java 
826249     DEBUG main            d.u.i.k.p.i.AbstractProblemLoader Init config took 3.07s 
826268     INFO  main            d.u.i.k.p.i.AbstractProblemLoader Replaying proof staticInitialisersAreNonSimple.key 
826269     DEBUG main            d.u.i.k.p.i.IntermediateProofReplayer Proof replay took 3.8ns 
826675     INFO  main            d.u.i.k.p.r.p.TestFile    ... finished proof: closed. 
827484     INFO  main            d.u.i.k.p.i.AbstractProblemLoader Loading environment from /home/runner/work/key/key/key.core/../key.ui/examples/standard_key/staticInitialisation/staticInitialisersAreNonSimple.key.proof 
827484     DEBUG main            d.u.i.k.p.i.AbstractProblemLoader Environment load took 88.5ns 
827486     INFO  main            d.u.i.k.p.i.AbstractProblemLoader Creating init config 
827512     WARN  main            d.u.i.k.j.r.KeYCrossReferenceNameInfo Datatype java.io.PrintStream declared twice: Once in FILE:/home/runner/work/key/key/key.core/../key.ui/examples/standard_key/staticInitialisation/classpath/PrintStream.java and once in URL:file:/home/runner/work/key/key/key.core/build/resources/main/de/uka/ilkd/key/java/JavaRedux/java/io/PrintStream.java, Keeping one from URL:file:/home/runner/work/key/key/key.core/build/resources/main/de/uka/ilkd/key/java/JavaRedux/java/io/PrintStream.java 
827513     WARN  main            d.u.i.k.j.r.KeYCrossReferenceNameInfo Datatype java.lang.System declared twice: Once in FILE:/home/runner/work/key/key/key.core/../key.ui/examples/standard_key/staticInitialisation/classpath/System.java and once in URL:file:/home/runner/work/key/key/key.core/build/resources/main/de/uka/ilkd/key/java/JavaRedux/java/lang/System.java, Keeping one from URL:file:/home/runner/work/key/key/key.core/build/resources/main/de/uka/ilkd/key/java/JavaRedux/java/lang/System.java 
830465     DEBUG main            d.u.i.k.p.i.AbstractProblemLoader Init config took 2.98s 
830481     INFO  main            d.u.i.k.p.i.AbstractProblemLoader Replaying proof staticInitialisersAreNonSimple.key.proof 
830584     DEBUG main            d.u.i.k.p.i.IntermediateProofReplayer Proof replay took 100.44ms 
830586     DEBUG main            d.u.i.k.p.r.p.TestFile    ... success: reloaded. 
830587     INFO  main            d.u.i.k.p.r.p.TestFile    Now processing file /home/runner/work/key/key/key.core/../key.ui/examples/standard_key/types/disjoint.key 
830587     INFO  main            d.u.i.k.p.i.AbstractProblemLoader Loading environment from /home/runner/work/key/key/key.core/../key.ui/examples/standard_key/types/disjoint.key 
830588     DEBUG main            d.u.i.k.p.i.AbstractProblemLoader Environment load took 106.5ns 
830588     INFO  main            d.u.i.k.p.i.AbstractProblemLoader Creating init config 
833518     DEBUG main            d.u.i.k.p.i.AbstractProblemLoader Init config took 2.93s 
833533     INFO  main            d.u.i.k.p.i.AbstractProblemLoader Replaying proof disjoint.key 
833535     DEBUG main            d.u.i.k.p.i.IntermediateProofReplayer Proof replay took 3.3ns 
833637     INFO  main            d.u.i.k.p.r.p.TestFile    ... finished proof: closed. 
834353     INFO  main            d.u.i.k.p.i.AbstractProblemLoader Loading environment from /home/runner/work/key/key/key.core/../key.ui/examples/standard_key/types/disjoint.key.proof 
834353     DEBUG main            d.u.i.k.p.i.AbstractProblemLoader Environment load took 89.2ns 
834354     INFO  main            d.u.i.k.p.i.AbstractProblemLoader Creating init config 
837238     DEBUG main            d.u.i.k.p.i.AbstractProblemLoader Init config took 2.88s 
837255     INFO  main            d.u.i.k.p.i.AbstractProblemLoader Replaying proof disjoint.key.proof 
837258     DEBUG main            d.u.i.k.p.i.IntermediateProofReplayer Proof replay took 550.8ns 
837259     DEBUG main            d.u.i.k.p.r.p.TestFile    ... success: reloaded. 
837259     INFO  main            d.u.i.k.p.r.p.TestFile    Now processing file /home/runner/work/key/key/key.core/../key.ui/examples/../../key.core/src/test/resources/testcase/classpath/classpath.key 
837260     INFO  main            d.u.i.k.p.i.AbstractProblemLoader Loading environment from /home/runner/work/key/key/key.core/../key.ui/examples/../../key.core/src/test/resources/testcase/classpath/classpath.key 
837260     DEBUG main            d.u.i.k.p.i.AbstractProblemLoader Environment load took 151ns 
837261     INFO  main            d.u.i.k.p.i.AbstractProblemLoader Creating init config 
837291     WARN  main            d.u.i.k.j.r.KeYCrossReferenceNameInfo Datatype cp.C declared twice: Once in FILE:/home/runner/work/key/key/key.core/../key.ui/examples/../../key.core/src/test/resources/testcase/classpath/classpath/C.class and once in FILE:/home/runner/work/key/key/key.core/../key.ui/examples/../../key.core/src/test/resources/testcase/classpath/classpath/C.jml, Keeping one from FILE:/home/runner/work/key/key/key.core/../key.ui/examples/../../key.core/src/test/resources/testcase/classpath/classpath/C.jml 
837294     DEBUG main            d.u.i.k.j.r.ClassFileDeclarationBuilder Parsing: package cp; public class Unresolved1 { } 
837295     DEBUG main            r.s.KeYCrossReferenceSourceInfo Dynamically created class: cp.Unresolved1 
837295     DEBUG main            d.u.i.k.j.r.ClassFileDeclarationBuilder Parsing: package cp; public class Unresolved2 { } 
837295     DEBUG main            r.s.KeYCrossReferenceSourceInfo Dynamically created class: cp.Unresolved2 
840370     DEBUG main            d.u.i.k.p.i.AbstractProblemLoader Init config took 3.11s 
840388     INFO  main            d.u.i.k.p.i.AbstractProblemLoader Replaying proof classpath.key 
840390     DEBUG main            d.u.i.k.p.i.IntermediateProofReplayer Proof replay took 3.5ns 
840491     INFO  main            d.u.i.k.p.r.p.TestFile    ... finished proof: closed. 
841235     INFO  main            d.u.i.k.p.i.AbstractProblemLoader Loading environment from /home/runner/work/key/key/key.core/../key.ui/examples/../../key.core/src/test/resources/testcase/classpath/classpath.key.proof 
841235     DEBUG main            d.u.i.k.p.i.AbstractProblemLoader Environment load took 89.5ns 
841237     INFO  main            d.u.i.k.p.i.AbstractProblemLoader Creating init config 
841275     WARN  main            d.u.i.k.j.r.KeYCrossReferenceNameInfo Datatype cp.C declared twice: Once in FILE:/home/runner/work/key/key/key.core/../key.ui/examples/../../key.core/src/test/resources/testcase/classpath/classpath/C.class and once in FILE:/home/runner/work/key/key/key.core/../key.ui/examples/../../key.core/src/test/resources/testcase/classpath/classpath/C.jml, Keeping one from FILE:/home/runner/work/key/key/key.core/../key.ui/examples/../../key.core/src/test/resources/testcase/classpath/classpath/C.jml 
841289     DEBUG main            d.u.i.k.j.r.ClassFileDeclarationBuilder Parsing: package cp; public class Unresolved1 { } 
841290     DEBUG main            r.s.KeYCrossReferenceSourceInfo Dynamically created class: cp.Unresolved1 
841290     DEBUG main            d.u.i.k.j.r.ClassFileDeclarationBuilder Parsing: package cp; public class Unresolved2 { } 
841290     DEBUG main            r.s.KeYCrossReferenceSourceInfo Dynamically created class: cp.Unresolved2 
844353     DEBUG main            d.u.i.k.p.i.AbstractProblemLoader Init config took 3.12s 
844371     INFO  main            d.u.i.k.p.i.AbstractProblemLoader Replaying proof classpath.key.proof 
844373     DEBUG main            d.u.i.k.p.i.IntermediateProofReplayer Proof replay took 721.71ns 
844374     DEBUG main            d.u.i.k.p.r.p.TestFile    ... success: reloaded. 
844375     INFO  main            d.u.i.k.p.r.p.TestFile    Now processing file /home/runner/work/key/key/key.core/../key.ui/examples/heap/inconsistent_represents/MyClass_m.key 
844375     INFO  main            d.u.i.k.p.i.AbstractProblemLoader Loading environment from /home/runner/work/key/key/key.core/../key.ui/examples/heap/inconsistent_represents/MyClass_m.key 
844375     DEBUG main            d.u.i.k.p.i.AbstractProblemLoader Environment load took 62.6ns 
844376     INFO  main            d.u.i.k.p.i.AbstractProblemLoader Creating init config 
847421     DEBUG main            d.u.i.k.p.i.AbstractProblemLoader Init config took 3.05s 
847464     INFO  main            d.u.i.k.p.i.AbstractProblemLoader Replaying proof MyClass[MyClass::m()].JML operation contract.0 
847466     DEBUG main            d.u.i.k.p.i.IntermediateProofReplayer Proof replay took 3.1ns 
847570     INFO  main            d.u.i.k.p.r.p.TestFile    ... finished proof: open goal(s) 
848313     INFO  main            d.u.i.k.p.r.p.TestFile    Now processing file /home/runner/work/key/key/key.core/../key.ui/examples/heap/inconsistent_represents/MyClass_n.key 
848313     INFO  main            d.u.i.k.p.i.AbstractProblemLoader Loading environment from /home/runner/work/key/key/key.core/../key.ui/examples/heap/inconsistent_represents/MyClass_n.key 
848313     DEBUG main            d.u.i.k.p.i.AbstractProblemLoader Environment load took 61.4ns 
848314     INFO  main            d.u.i.k.p.i.AbstractProblemLoader Creating init config 
851281     DEBUG main            d.u.i.k.p.i.AbstractProblemLoader Init config took 2.97s 
851322     INFO  main            d.u.i.k.p.i.AbstractProblemLoader Replaying proof MyClass[MyClass::n()].JML operation contract.0 
851324     DEBUG main            d.u.i.k.p.i.IntermediateProofReplayer Proof replay took 3.6ns 
851427     INFO  main            d.u.i.k.p.r.p.TestFile    ... finished proof: open goal(s) 
4740048    INFO  Test worker     d.u.i.k.p.r.RunAllProofsTestUnit Returning from test javadl 
4740049    INFO  Test worker     d.u.i.k.p.r.RunAllProofsTestUnit Running test FOL 
418        INFO  Timeout watchdog d.u.i.k.p.r.p.ForkedTestFileRunner Timeout watcher launched (2000 secs.) 
447        WARN  main            d.u.i.k.s.ProofSettings   The settings in /home/runner/.key/proof-settings.props are *not* read. 
481        INFO  main            d.u.i.k.p.r.p.TestFile    Now processing file /home/runner/work/key/key/key.core/../key.ui/examples/standard_key/pred_log/count.key 
625        INFO  main            d.u.i.k.p.i.AbstractProblemLoader Loading environment from /home/runner/work/key/key/key.core/../key.ui/examples/standard_key/pred_log/count.key 
659        DEBUG main            d.u.i.k.p.i.AbstractProblemLoader Environment load took 2.47ms 
989        INFO  main            d.u.i.k.p.i.AbstractProblemLoader Creating init config 
2204       DEBUG main            d.u.i.k.j.TypeConverter   No LDT found for Meta 
2204       DEBUG main            d.u.i.k.j.TypeConverter   No LDT found for Meta 
2206       DEBUG main            d.u.i.k.j.TypeConverter   No LDT found for Meta 
2207       DEBUG main            d.u.i.k.j.TypeConverter   No LDT found for Meta 
4027       DEBUG main            d.u.i.k.j.TypeConverter   No LDT found for JavaBigintExpression 
10275      DEBUG main            d.u.i.k.p.i.AbstractProblemLoader Init config took 9.29s 
10367      INFO  main            d.u.i.k.p.i.AbstractProblemLoader Replaying proof count.key 
10420      DEBUG main            d.u.i.k.p.i.IntermediateProofReplayer Proof replay took 41.8ns 
10701      INFO  main            d.u.i.k.p.r.p.TestFile    ... finished proof: closed. 
10823      INFO  main            d.u.i.k.p.i.AbstractProblemLoader Loading environment from /home/runner/work/key/key/key.core/../key.ui/examples/standard_key/pred_log/count.key.proof 
10824      DEBUG main            d.u.i.k.p.i.AbstractProblemLoader Environment load took 512.1ns 
10831      INFO  main            d.u.i.k.p.i.AbstractProblemLoader Creating init config 
14353      DEBUG main            d.u.i.k.p.i.AbstractProblemLoader Init config took 3.52s 
14409      INFO  main            d.u.i.k.p.i.AbstractProblemLoader Replaying proof count.key.proof 
14423      DEBUG main            d.u.i.k.p.i.IntermediateProofReplayer Proof replay took 8.66ms 
14446      DEBUG main            d.u.i.k.p.r.p.TestFile    ... success: reloaded. 
14452      INFO  main            d.u.i.k.p.r.p.TestFile    Now processing file /home/runner/work/key/key/key.core/../key.ui/examples/standard_key/pred_log/count2.key 
14453      INFO  main            d.u.i.k.p.i.AbstractProblemLoader Loading environment from /home/runner/work/key/key/key.core/../key.ui/examples/standard_key/pred_log/count2.key 
14453      DEBUG main            d.u.i.k.p.i.AbstractProblemLoader Environment load took 166.8ns 
14458      INFO  main            d.u.i.k.p.i.AbstractProblemLoader Creating init config 
17736      DEBUG main            d.u.i.k.p.i.AbstractProblemLoader Init config took 3.28s 
17772      INFO  main            d.u.i.k.p.i.AbstractProblemLoader Replaying proof count2.key 
17775      DEBUG main            d.u.i.k.p.i.IntermediateProofReplayer Proof replay took 6.9ns 
17878      INFO  main            d.u.i.k.p.r.p.TestFile    ... finished proof: closed. 
18029      INFO  main            d.u.i.k.p.i.AbstractProblemLoader Loading environment from /home/runner/work/key/key/key.core/../key.ui/examples/standard_key/pred_log/count2.key.proof 
18030      DEBUG main            d.u.i.k.p.i.AbstractProblemLoader Environment load took 747.81ns 
18032      INFO  main            d.u.i.k.p.i.AbstractProblemLoader Creating init config 
21230      DEBUG main            d.u.i.k.p.i.AbstractProblemLoader Init config took 3.2s 
21273      INFO  main            d.u.i.k.p.i.AbstractProblemLoader Replaying proof count2.key.proof 
21282      DEBUG main            d.u.i.k.p.i.IntermediateProofReplayer Proof replay took 5.08ms 
21284      DEBUG main            d.u.i.k.p.r.p.TestFile    ... success: reloaded. 
21285      INFO  main            d.u.i.k.p.r.p.TestFile    Now processing file /home/runner/work/key/key/key.core/../key.ui/examples/standard_key/pred_log/count3.key 
21286      INFO  main            d.u.i.k.p.i.AbstractProblemLoader Loading environment from /home/runner/work/key/key/key.core/../key.ui/examples/standard_key/pred_log/count3.key 
21286      DEBUG main            d.u.i.k.p.i.AbstractProblemLoader Environment load took 230.2ns 
21287      INFO  main            d.u.i.k.p.i.AbstractProblemLoader Creating init config 
24459      DEBUG main            d.u.i.k.p.i.AbstractProblemLoader Init config took 3.17s 
24485      INFO  main            d.u.i.k.p.i.AbstractProblemLoader Replaying proof count3.key 
24487      DEBUG main            d.u.i.k.p.i.IntermediateProofReplayer Proof replay took 7.1ns 
24590      INFO  main            d.u.i.k.p.r.p.TestFile    ... finished proof: closed. 
24768      INFO  main            d.u.i.k.p.i.AbstractProblemLoader Loading environment from /home/runner/work/key/key/key.core/../key.ui/examples/standard_key/pred_log/count3.key.proof 
24768      DEBUG main            d.u.i.k.p.i.AbstractProblemLoader Environment load took 464.1ns 
24782      INFO  main            d.u.i.k.p.i.AbstractProblemLoader Creating init config 
27963      DEBUG main            d.u.i.k.p.i.AbstractProblemLoader Init config took 3.18s 
27989      INFO  main            d.u.i.k.p.i.AbstractProblemLoader Replaying proof count3.key.proof 
27995      DEBUG main            d.u.i.k.p.i.IntermediateProofReplayer Proof replay took 3.72ms 
27996      DEBUG main            d.u.i.k.p.r.p.TestFile    ... success: reloaded. 
27997      INFO  main            d.u.i.k.p.r.p.TestFile    Now processing file /home/runner/work/key/key/key.core/../key.ui/examples/standard_key/pred_log/equalities.key 
27997      INFO  main            d.u.i.k.p.i.AbstractProblemLoader Loading environment from /home/runner/work/key/key/key.core/../key.ui/examples/standard_key/pred_log/equalities.key 
27997      DEBUG main            d.u.i.k.p.i.AbstractProblemLoader Environment load took 147.6ns 
27999      INFO  main            d.u.i.k.p.i.AbstractProblemLoader Creating init config 
31112      DEBUG main            d.u.i.k.p.i.AbstractProblemLoader Init config took 3.11s 
31138      INFO  main            d.u.i.k.p.i.AbstractProblemLoader Replaying proof equalities.key 
31140      DEBUG main            d.u.i.k.p.i.IntermediateProofReplayer Proof replay took 7.2ns 
31243      INFO  main            d.u.i.k.p.r.p.TestFile    ... finished proof: closed. 
31424      INFO  main            d.u.i.k.p.i.AbstractProblemLoader Loading environment from /home/runner/work/key/key/key.core/../key.ui/examples/standard_key/pred_log/equalities.key.proof 
31424      DEBUG main            d.u.i.k.p.i.AbstractProblemLoader Environment load took 159.1ns 
31426      INFO  main            d.u.i.k.p.i.AbstractProblemLoader Creating init config 
34569      DEBUG main            d.u.i.k.p.i.AbstractProblemLoader Init config took 3.14s 
34611      INFO  main            d.u.i.k.p.i.AbstractProblemLoader Replaying proof equalities.key.proof 
34616      DEBUG main            d.u.i.k.p.i.IntermediateProofReplayer Proof replay took 2.32ms 
34617      DEBUG main            d.u.i.k.p.r.p.TestFile    ... success: reloaded. 
34618      INFO  main            d.u.i.k.p.r.p.TestFile    Now processing file /home/runner/work/key/key/key.core/../key.ui/examples/standard_key/pred_log/equalities2.key 
34618      INFO  main            d.u.i.k.p.i.AbstractProblemLoader Loading environment from /home/runner/work/key/key/key.core/../key.ui/examples/standard_key/pred_log/equalities2.key 
34618      DEBUG main            d.u.i.k.p.i.AbstractProblemLoader Environment load took 227.4ns 
34620      INFO  main            d.u.i.k.p.i.AbstractProblemLoader Creating init config 
37670      DEBUG main            d.u.i.k.p.i.AbstractProblemLoader Init config took 3.05s 
37694      INFO  main            d.u.i.k.p.i.AbstractProblemLoader Replaying proof equalities2.key 
37696      DEBUG main            d.u.i.k.p.i.IntermediateProofReplayer Proof replay took 9ns 
37798      INFO  main            d.u.i.k.p.r.p.TestFile    ... finished proof: closed. 
37988      INFO  main            d.u.i.k.p.i.AbstractProblemLoader Loading environment from /home/runner/work/key/key/key.core/../key.ui/examples/standard_key/pred_log/equalities2.key.proof 
37989      DEBUG main            d.u.i.k.p.i.AbstractProblemLoader Environment load took 152.6ns 
37992      INFO  main            d.u.i.k.p.i.AbstractProblemLoader Creating init config 
41087      DEBUG main            d.u.i.k.p.i.AbstractProblemLoader Init config took 3.09s 
41110      INFO  main            d.u.i.k.p.i.AbstractProblemLoader Replaying proof equalities2.key.proof 
41117      DEBUG main            d.u.i.k.p.i.IntermediateProofReplayer Proof replay took 5.59ms 
41118      DEBUG main            d.u.i.k.p.r.p.TestFile    ... success: reloaded. 
41119      INFO  main            d.u.i.k.p.r.p.TestFile    Now processing file /home/runner/work/key/key/key.core/../key.ui/examples/standard_key/pred_log/equalities3.key 
41120      INFO  main            d.u.i.k.p.i.AbstractProblemLoader Loading environment from /home/runner/work/key/key/key.core/../key.ui/examples/standard_key/pred_log/equalities3.key 
41120      DEBUG main            d.u.i.k.p.i.AbstractProblemLoader Environment load took 124.6ns 
41121      INFO  main            d.u.i.k.p.i.AbstractProblemLoader Creating init config 
44193      DEBUG main            d.u.i.k.p.i.AbstractProblemLoader Init config took 3.07s 
44216      INFO  main            d.u.i.k.p.i.AbstractProblemLoader Replaying proof equalities3.key 
44218      DEBUG main            d.u.i.k.p.i.IntermediateProofReplayer Proof replay took 9.3ns 
44321      INFO  main            d.u.i.k.p.r.p.TestFile    ... finished proof: closed. 
44523      INFO  main            d.u.i.k.p.i.AbstractProblemLoader Loading environment from /home/runner/work/key/key/key.core/../key.ui/examples/standard_key/pred_log/equalities3.key.proof 
44523      DEBUG main            d.u.i.k.p.i.AbstractProblemLoader Environment load took 143.9ns 
44525      INFO  main            d.u.i.k.p.i.AbstractProblemLoader Creating init config 
47574      DEBUG main            d.u.i.k.p.i.AbstractProblemLoader Init config took 3.05s 
47596      INFO  main            d.u.i.k.p.i.AbstractProblemLoader Replaying proof equalities3.key.proof 
47610      DEBUG main            d.u.i.k.p.i.IntermediateProofReplayer Proof replay took 11.4ms 
47611      DEBUG main            d.u.i.k.p.r.p.TestFile    ... success: reloaded. 
47612      INFO  main            d.u.i.k.p.r.p.TestFile    Now processing file /home/runner/work/key/key/key.core/../key.ui/examples/standard_key/pred_log/functions.key 
47612      INFO  main            d.u.i.k.p.i.AbstractProblemLoader Loading environment from /home/runner/work/key/key/key.core/../key.ui/examples/standard_key/pred_log/functions.key 
47612      DEBUG main            d.u.i.k.p.i.AbstractProblemLoader Environment load took 212.8ns 
47614      INFO  main            d.u.i.k.p.i.AbstractProblemLoader Creating init config 
50640      DEBUG main            d.u.i.k.p.i.AbstractProblemLoader Init config took 3.03s 
50661      INFO  main            d.u.i.k.p.i.AbstractProblemLoader Replaying proof functions.key 
50662      DEBUG main            d.u.i.k.p.i.IntermediateProofReplayer Proof replay took 6.6ns 
50765      INFO  main            d.u.i.k.p.r.p.TestFile    ... finished proof: closed. 
51042      INFO  main            d.u.i.k.p.i.AbstractProblemLoader Loading environment from /home/runner/work/key/key/key.core/../key.ui/examples/standard_key/pred_log/functions.key.proof 
51043      DEBUG main            d.u.i.k.p.i.AbstractProblemLoader Environment load took 1.44ms 
51045      INFO  main            d.u.i.k.p.i.AbstractProblemLoader Creating init config 
54106      DEBUG main            d.u.i.k.p.i.AbstractProblemLoader Init config took 3.06s 
54128      INFO  main            d.u.i.k.p.i.AbstractProblemLoader Replaying proof functions.key.proof 
54136      DEBUG main            d.u.i.k.p.i.IntermediateProofReplayer Proof replay took 5.53ms 
54137      DEBUG main            d.u.i.k.p.r.p.TestFile    ... success: reloaded. 
54138      INFO  main            d.u.i.k.p.r.p.TestFile    Now processing file /home/runner/work/key/key/key.core/../key.ui/examples/standard_key/pred_log/mv1.key 
54139      INFO  main            d.u.i.k.p.i.AbstractProblemLoader Loading environment from /home/runner/work/key/key/key.core/../key.ui/examples/standard_key/pred_log/mv1.key 
54139      DEBUG main            d.u.i.k.p.i.AbstractProblemLoader Environment load took 321.7ns 
54141      INFO  main            d.u.i.k.p.i.AbstractProblemLoader Creating init config 
57213      DEBUG main            d.u.i.k.p.i.AbstractProblemLoader Init config took 3.07s 
57232      INFO  main            d.u.i.k.p.i.AbstractProblemLoader Replaying proof mv1.key 
57234      DEBUG main            d.u.i.k.p.i.IntermediateProofReplayer Proof replay took 8.4ns 
57339      INFO  main            d.u.i.k.p.r.p.TestFile    ... finished proof: closed. 
57603      INFO  main            d.u.i.k.p.i.AbstractProblemLoader Loading environment from /home/runner/work/key/key/key.core/../key.ui/examples/standard_key/pred_log/mv1.key.proof 
57603      DEBUG main            d.u.i.k.p.i.AbstractProblemLoader Environment load took 229.4ns 
57604      INFO  main            d.u.i.k.p.i.AbstractProblemLoader Creating init config 
60655      DEBUG main            d.u.i.k.p.i.AbstractProblemLoader Init config took 3.05s 
60673      INFO  main            d.u.i.k.p.i.AbstractProblemLoader Replaying proof mv1.key.proof 
60676      DEBUG main            d.u.i.k.p.i.IntermediateProofReplayer Proof replay took 1.08ms 
60677      DEBUG main            d.u.i.k.p.r.p.TestFile    ... success: reloaded. 
60678      INFO  main            d.u.i.k.p.r.p.TestFile    Now processing file /home/runner/work/key/key/key.core/../key.ui/examples/standard_key/pred_log/mv2.key 
60678      INFO  main            d.u.i.k.p.i.AbstractProblemLoader Loading environment from /home/runner/work/key/key/key.core/../key.ui/examples/standard_key/pred_log/mv2.key 
60678      DEBUG main            d.u.i.k.p.i.AbstractProblemLoader Environment load took 123.6ns 
60679      INFO  main            d.u.i.k.p.i.AbstractProblemLoader Creating init config 
63757      DEBUG main            d.u.i.k.p.i.AbstractProblemLoader Init config took 3.08s 
63779      INFO  main            d.u.i.k.p.i.AbstractProblemLoader Replaying proof mv2.key 
63782      DEBUG main            d.u.i.k.p.i.IntermediateProofReplayer Proof replay took 8.9ns 
63886      INFO  main            d.u.i.k.p.r.p.TestFile    ... finished proof: closed. 
64115      INFO  main            d.u.i.k.p.i.AbstractProblemLoader Loading environment from /home/runner/work/key/key/key.core/../key.ui/examples/standard_key/pred_log/mv2.key.proof 
64115      DEBUG main            d.u.i.k.p.i.AbstractProblemLoader Environment load took 219.8ns 
64118      INFO  main            d.u.i.k.p.i.AbstractProblemLoader Creating init config 
67182      DEBUG main            d.u.i.k.p.i.AbstractProblemLoader Init config took 3.06s 
67201      INFO  main            d.u.i.k.p.i.AbstractProblemLoader Replaying proof mv2.key.proof 
67205      DEBUG main            d.u.i.k.p.i.IntermediateProofReplayer Proof replay took 1.82ms 
67205      DEBUG main            d.u.i.k.p.r.p.TestFile    ... success: reloaded. 
67206      INFO  main            d.u.i.k.p.r.p.TestFile    Now processing file /home/runner/work/key/key/key.core/../key.ui/examples/standard_key/pred_log/quantifiers.key 
67206      INFO  main            d.u.i.k.p.i.AbstractProblemLoader Loading environment from /home/runner/work/key/key/key.core/../key.ui/examples/standard_key/pred_log/quantifiers.key 
67206      DEBUG main            d.u.i.k.p.i.AbstractProblemLoader Environment load took 91.7ns 
67207      INFO  main            d.u.i.k.p.i.AbstractProblemLoader Creating init config 
70221      DEBUG main            d.u.i.k.p.i.AbstractProblemLoader Init config took 3.01s 
70241      INFO  main            d.u.i.k.p.i.AbstractProblemLoader Replaying proof quantifiers.key 
70243      DEBUG main            d.u.i.k.p.i.IntermediateProofReplayer Proof replay took 8.7ns 
70346      INFO  main            d.u.i.k.p.r.p.TestFile    ... finished proof: closed. 
70574      INFO  main            d.u.i.k.p.i.AbstractProblemLoader Loading environment from /home/runner/work/key/key/key.core/../key.ui/examples/standard_key/pred_log/quantifiers.key.proof 
70574      DEBUG main            d.u.i.k.p.i.AbstractProblemLoader Environment load took 160ns 
70576      INFO  main            d.u.i.k.p.i.AbstractProblemLoader Creating init config 
73630      DEBUG main            d.u.i.k.p.i.AbstractProblemLoader Init config took 3.05s 
73647      INFO  main            d.u.i.k.p.i.AbstractProblemLoader Replaying proof quantifiers.key.proof 
73660      DEBUG main            d.u.i.k.p.i.IntermediateProofReplayer Proof replay took 9.84ms 
73661      DEBUG main            d.u.i.k.p.r.p.TestFile    ... success: reloaded. 
73664      INFO  main            d.u.i.k.p.r.p.TestFile    Now processing file /home/runner/work/key/key/key.core/../key.ui/examples/standard_key/pred_log/simpleEps.key 
73665      INFO  main            d.u.i.k.p.i.AbstractProblemLoader Loading environment from /home/runner/work/key/key/key.core/../key.ui/examples/standard_key/pred_log/simpleEps.key 
73665      DEBUG main            d.u.i.k.p.i.AbstractProblemLoader Environment load took 297ns 
73667      INFO  main            d.u.i.k.p.i.AbstractProblemLoader Creating init config 
76669      DEBUG main            d.u.i.k.p.i.AbstractProblemLoader Init config took 3s 
76706      INFO  main            d.u.i.k.p.i.AbstractProblemLoader Replaying proof simpleEps.key 
76707      DEBUG main            d.u.i.k.p.i.IntermediateProofReplayer Proof replay took 10.5ns 
76812      INFO  main            d.u.i.k.p.r.p.TestFile    ... finished proof: closed. 
77024      INFO  main            d.u.i.k.p.i.AbstractProblemLoader Loading environment from /home/runner/work/key/key/key.core/../key.ui/examples/standard_key/pred_log/simpleEps.key.proof 
77024      DEBUG main            d.u.i.k.p.i.AbstractProblemLoader Environment load took 129.4ns 
77026      INFO  main            d.u.i.k.p.i.AbstractProblemLoader Creating init config 
80007      DEBUG main            d.u.i.k.p.i.AbstractProblemLoader Init config took 2.98s 
80023      INFO  main            d.u.i.k.p.i.AbstractProblemLoader Replaying proof simpleEps.key.proof 
80027      DEBUG main            d.u.i.k.p.i.IntermediateProofReplayer Proof replay took 2.02ms 
80028      DEBUG main            d.u.i.k.p.r.p.TestFile    ... success: reloaded. 
80029      INFO  main            d.u.i.k.p.r.p.TestFile    Now processing file /home/runner/work/key/key/key.core/../key.ui/examples/standard_key/pred_log/steam1.key 
80030      INFO  main            d.u.i.k.p.i.AbstractProblemLoader Loading environment from /home/runner/work/key/key/key.core/../key.ui/examples/standard_key/pred_log/steam1.key 
80030      DEBUG main            d.u.i.k.p.i.AbstractProblemLoader Environment load took 215.9ns 
80032      INFO  main            d.u.i.k.p.i.AbstractProblemLoader Creating init config 
83010      DEBUG main            d.u.i.k.p.i.AbstractProblemLoader Init config took 2.98s 
83038      INFO  main            d.u.i.k.p.i.AbstractProblemLoader Replaying proof steam1.key 
83040      DEBUG main            d.u.i.k.p.i.IntermediateProofReplayer Proof replay took 8.2ns 
83552      INFO  main            d.u.i.k.p.r.p.TestFile    ... finished proof: closed. 
83817      INFO  main            d.u.i.k.p.i.AbstractProblemLoader Loading environment from /home/runner/work/key/key/key.core/../key.ui/examples/standard_key/pred_log/steam1.key.proof 
83818      DEBUG main            d.u.i.k.p.i.AbstractProblemLoader Environment load took 465.9ns 
83820      INFO  main            d.u.i.k.p.i.AbstractProblemLoader Creating init config 
86870      DEBUG main            d.u.i.k.p.i.AbstractProblemLoader Init config took 3.05s 
86898      INFO  main            d.u.i.k.p.i.AbstractProblemLoader Replaying proof steam1.key.proof 
86954      DEBUG main            d.u.i.k.p.i.IntermediateProofReplayer Proof replay took 50.98ms 
86957      DEBUG main            d.u.i.k.p.r.p.TestFile    ... success: reloaded. 
86958      INFO  main            d.u.i.k.p.r.p.TestFile    Now processing file /home/runner/work/key/key/key.core/../key.ui/examples/standard_key/pred_log/tptp/PUZ/PUZ001p1.key 
86958      INFO  main            d.u.i.k.p.i.AbstractProblemLoader Loading environment from /home/runner/work/key/key/key.core/../key.ui/examples/standard_key/pred_log/tptp/PUZ/PUZ001p1.key 
86958      DEBUG main            d.u.i.k.p.i.AbstractProblemLoader Environment load took 209.4ns 
86961      INFO  main            d.u.i.k.p.i.AbstractProblemLoader Creating init config 
89963      DEBUG main            d.u.i.k.p.i.AbstractProblemLoader Init config took 3s 
89991      INFO  main            d.u.i.k.p.i.AbstractProblemLoader Replaying proof PUZ001p1.key 
89992      DEBUG main            d.u.i.k.p.i.IntermediateProofReplayer Proof replay took 7.8ns 
94250      INFO  main            d.u.i.k.p.r.p.TestFile    ... finished proof: closed. 
94523      INFO  main            d.u.i.k.p.i.AbstractProblemLoader Loading environment from /home/runner/work/key/key/key.core/../key.ui/examples/standard_key/pred_log/tptp/PUZ/PUZ001p1.key.proof 
94530      DEBUG main            d.u.i.k.p.i.AbstractProblemLoader Environment load took 6.35ms 
94532      INFO  main            d.u.i.k.p.i.AbstractProblemLoader Creating init config 
97489      DEBUG main            d.u.i.k.p.i.AbstractProblemLoader Init config took 2.96s 
97514      INFO  main            d.u.i.k.p.i.AbstractProblemLoader Replaying proof PUZ001p1.key.proof 
97757      DEBUG main            d.u.i.k.p.i.IntermediateProofReplayer Proof replay took 230.92ms 
97759      DEBUG main            d.u.i.k.p.r.p.TestFile    ... success: reloaded. 
97760      INFO  main            d.u.i.k.p.r.p.TestFile    Now processing file /home/runner/work/key/key/key.core/../key.ui/examples/standard_key/pred_log/tptp/PUZ/PUZ001p1-eq.key 
97761      INFO  main            d.u.i.k.p.i.AbstractProblemLoader Loading environment from /home/runner/work/key/key/key.core/../key.ui/examples/standard_key/pred_log/tptp/PUZ/PUZ001p1-eq.key 
97761      DEBUG main            d.u.i.k.p.i.AbstractProblemLoader Environment load took 247ns 
97763      INFO  main            d.u.i.k.p.i.AbstractProblemLoader Creating init config 
100716     DEBUG main            d.u.i.k.p.i.AbstractProblemLoader Init config took 2.95s 
100734     INFO  main            d.u.i.k.p.i.AbstractProblemLoader Replaying proof PUZ001p1-eq.key 
100736     DEBUG main            d.u.i.k.p.i.IntermediateProofReplayer Proof replay took 9.5ns 
100940     INFO  main            d.u.i.k.p.r.p.TestFile    ... finished proof: closed. 
101244     INFO  main            d.u.i.k.p.i.AbstractProblemLoader Loading environment from /home/runner/work/key/key/key.core/../key.ui/examples/standard_key/pred_log/tptp/PUZ/PUZ001p1-eq.key.proof 
101244     DEBUG main            d.u.i.k.p.i.AbstractProblemLoader Environment load took 410.7ns 
101246     INFO  main            d.u.i.k.p.i.AbstractProblemLoader Creating init config 
104182     DEBUG main            d.u.i.k.p.i.AbstractProblemLoader Init config took 2.94s 
104199     INFO  main            d.u.i.k.p.i.AbstractProblemLoader Replaying proof PUZ001p1-eq.key.proof 
104219     DEBUG main            d.u.i.k.p.i.IntermediateProofReplayer Proof replay took 16.74ms 
104221     DEBUG main            d.u.i.k.p.r.p.TestFile    ... success: reloaded. 
104222     INFO  main            d.u.i.k.p.r.p.TestFile    Now processing file /home/runner/work/key/key/key.core/../key.ui/examples/standard_key/pred_log/tptp/PUZ/PUZ031p1.key 
104222     INFO  main            d.u.i.k.p.i.AbstractProblemLoader Loading environment from /home/runner/work/key/key/key.core/../key.ui/examples/standard_key/pred_log/tptp/PUZ/PUZ031p1.key 
104222     DEBUG main            d.u.i.k.p.i.AbstractProblemLoader Environment load took 208.1ns 
104224     INFO  main            d.u.i.k.p.i.AbstractProblemLoader Creating init config 
107182     DEBUG main            d.u.i.k.p.i.AbstractProblemLoader Init config took 2.96s 
107200     INFO  main            d.u.i.k.p.i.AbstractProblemLoader Replaying proof PUZ031p1.key 
107202     DEBUG main            d.u.i.k.p.i.IntermediateProofReplayer Proof replay took 7.9ns 
117673     INFO  main            d.u.i.k.p.r.p.TestFile    ... finished proof: closed. 
117948     INFO  main            d.u.i.k.p.i.AbstractProblemLoader Loading environment from /home/runner/work/key/key/key.core/../key.ui/examples/standard_key/pred_log/tptp/PUZ/PUZ031p1.key.proof 
117949     DEBUG main            d.u.i.k.p.i.AbstractProblemLoader Environment load took 521.8ns 
117951     INFO  main            d.u.i.k.p.i.AbstractProblemLoader Creating init config 
120986     DEBUG main            d.u.i.k.p.i.AbstractProblemLoader Init config took 3.04s 
121005     INFO  main            d.u.i.k.p.i.AbstractProblemLoader Replaying proof PUZ031p1.key.proof 
121102     DEBUG main            d.u.i.k.p.i.IntermediateProofReplayer Proof replay took 91.3ms 
121104     DEBUG main            d.u.i.k.p.r.p.TestFile    ... success: reloaded. 
121105     INFO  main            d.u.i.k.p.r.p.TestFile    Now processing file /home/runner/work/key/key/key.core/../key.ui/examples/standard_key/pred_log/tptp/SET/SET027p3.key 
121105     INFO  main            d.u.i.k.p.i.AbstractProblemLoader Loading environment from /home/runner/work/key/key/key.core/../key.ui/examples/standard_key/pred_log/tptp/SET/SET027p3.key 
121113     DEBUG main            d.u.i.k.p.i.AbstractProblemLoader Environment load took 7.63ms 
121114     INFO  main            d.u.i.k.p.i.AbstractProblemLoader Creating init config 
124167     DEBUG main            d.u.i.k.p.i.AbstractProblemLoader Init config took 3.05s 
124206     INFO  main            d.u.i.k.p.i.AbstractProblemLoader Replaying proof SET027p3.key 
124207     DEBUG main            d.u.i.k.p.i.IntermediateProofReplayer Proof replay took 9.3ns 
124310     INFO  main            d.u.i.k.p.r.p.TestFile    ... finished proof: closed. 
124589     INFO  main            d.u.i.k.p.i.AbstractProblemLoader Loading environment from /home/runner/work/key/key/key.core/../key.ui/examples/standard_key/pred_log/tptp/SET/SET027p3.key.proof 
124589     DEBUG main            d.u.i.k.p.i.AbstractProblemLoader Environment load took 174.8ns 
124591     INFO  main            d.u.i.k.p.i.AbstractProblemLoader Creating init config 
127482     DEBUG main            d.u.i.k.p.i.AbstractProblemLoader Init config took 2.89s 
127498     INFO  main            d.u.i.k.p.i.AbstractProblemLoader Replaying proof SET027p3.key.proof 
127507     DEBUG main            d.u.i.k.p.i.IntermediateProofReplayer Proof replay took 6.99ms 
127509     DEBUG main            d.u.i.k.p.r.p.TestFile    ... success: reloaded. 
127509     INFO  main            d.u.i.k.p.r.p.TestFile    Now processing file /home/runner/work/key/key/key.core/../key.ui/examples/standard_key/pred_log/tptp/SET/SET043p1.key 
127510     INFO  main            d.u.i.k.p.i.AbstractProblemLoader Loading environment from /home/runner/work/key/key/key.core/../key.ui/examples/standard_key/pred_log/tptp/SET/SET043p1.key 
127510     DEBUG main            d.u.i.k.p.i.AbstractProblemLoader Environment load took 119.2ns 
127511     INFO  main            d.u.i.k.p.i.AbstractProblemLoader Creating init config 
130487     DEBUG main            d.u.i.k.p.i.AbstractProblemLoader Init config took 2.98s 
130505     INFO  main            d.u.i.k.p.i.AbstractProblemLoader Replaying proof SET043p1.key 
130507     DEBUG main            d.u.i.k.p.i.IntermediateProofReplayer Proof replay took 9.2ns 
130610     INFO  main            d.u.i.k.p.r.p.TestFile    ... finished proof: closed. 
130879     INFO  main            d.u.i.k.p.i.AbstractProblemLoader Loading environment from /home/runner/work/key/key/key.core/../key.ui/examples/standard_key/pred_log/tptp/SET/SET043p1.key.proof 
130879     DEBUG main            d.u.i.k.p.i.AbstractProblemLoader Environment load took 190.9ns 
130880     INFO  main            d.u.i.k.p.i.AbstractProblemLoader Creating init config 
133867     DEBUG main            d.u.i.k.p.i.AbstractProblemLoader Init config took 2.99s 
133885     INFO  main            d.u.i.k.p.i.AbstractProblemLoader Replaying proof SET043p1.key.proof 
133889     DEBUG main            d.u.i.k.p.i.IntermediateProofReplayer Proof replay took 1.43ms 
133890     DEBUG main            d.u.i.k.p.r.p.TestFile    ... success: reloaded. 
133891     INFO  main            d.u.i.k.p.r.p.TestFile    Now processing file /home/runner/work/key/key/key.core/../key.ui/examples/standard_key/pred_log/tptp/SET/SET045p1.key 
133891     INFO  main            d.u.i.k.p.i.AbstractProblemLoader Loading environment from /home/runner/work/key/key/key.core/../key.ui/examples/standard_key/pred_log/tptp/SET/SET045p1.key 
133891     DEBUG main            d.u.i.k.p.i.AbstractProblemLoader Environment load took 212.7ns 
133892     INFO  main            d.u.i.k.p.i.AbstractProblemLoader Creating init config 
136846     DEBUG main            d.u.i.k.p.i.AbstractProblemLoader Init config took 2.95s 
136862     INFO  main            d.u.i.k.p.i.AbstractProblemLoader Replaying proof SET045p1.key 
136863     DEBUG main            d.u.i.k.p.i.IntermediateProofReplayer Proof replay took 8.4ns 
136965     INFO  main            d.u.i.k.p.r.p.TestFile    ... finished proof: closed. 
137265     INFO  main            d.u.i.k.p.i.AbstractProblemLoader Loading environment from /home/runner/work/key/key/key.core/../key.ui/examples/standard_key/pred_log/tptp/SET/SET045p1.key.proof 
137265     DEBUG main            d.u.i.k.p.i.AbstractProblemLoader Environment load took 143.5ns 
137267     INFO  main            d.u.i.k.p.i.AbstractProblemLoader Creating init config 
140170     DEBUG main            d.u.i.k.p.i.AbstractProblemLoader Init config took 2.9s 
140187     INFO  main            d.u.i.k.p.i.AbstractProblemLoader Replaying proof SET045p1.key.proof 
140196     DEBUG main            d.u.i.k.p.i.IntermediateProofReplayer Proof replay took 7.64ms 
140197     DEBUG main            d.u.i.k.p.r.p.TestFile    ... success: reloaded. 
140198     INFO  main            d.u.i.k.p.r.p.TestFile    Now processing file /home/runner/work/key/key/key.core/../key.ui/examples/standard_key/pred_log/tptp/SET/SET062p3.key 
140198     INFO  main            d.u.i.k.p.i.AbstractProblemLoader Loading environment from /home/runner/work/key/key/key.core/../key.ui/examples/standard_key/pred_log/tptp/SET/SET062p3.key 
140198     DEBUG main            d.u.i.k.p.i.AbstractProblemLoader Environment load took 114.9ns 
140199     INFO  main            d.u.i.k.p.i.AbstractProblemLoader Creating init config 
143169     DEBUG main            d.u.i.k.p.i.AbstractProblemLoader Init config took 2.97s 
143186     INFO  main            d.u.i.k.p.i.AbstractProblemLoader Replaying proof SET062p3.key 
143188     DEBUG main            d.u.i.k.p.i.IntermediateProofReplayer Proof replay took 8.3ns 
143292     INFO  main            d.u.i.k.p.r.p.TestFile    ... finished proof: closed. 
143656     INFO  main            d.u.i.k.p.i.AbstractProblemLoader Loading environment from /home/runner/work/key/key/key.core/../key.ui/examples/standard_key/pred_log/tptp/SET/SET062p3.key.proof 
143657     DEBUG main            d.u.i.k.p.i.AbstractProblemLoader Environment load took 594.5ns 
143658     INFO  main            d.u.i.k.p.i.AbstractProblemLoader Creating init config 
146563     DEBUG main            d.u.i.k.p.i.AbstractProblemLoader Init config took 2.9s 
146579     INFO  main            d.u.i.k.p.i.AbstractProblemLoader Replaying proof SET062p3.key.proof 
146587     DEBUG main            d.u.i.k.p.i.IntermediateProofReplayer Proof replay took 5.86ms 
146588     DEBUG main            d.u.i.k.p.r.p.TestFile    ... success: reloaded. 
146589     INFO  main            d.u.i.k.p.r.p.TestFile    Now processing file /home/runner/work/key/key/key.core/../key.ui/examples/standard_key/pred_log/tptp/SET/SET063p3.key 
146589     INFO  main            d.u.i.k.p.i.AbstractProblemLoader Loading environment from /home/runner/work/key/key/key.core/../key.ui/examples/standard_key/pred_log/tptp/SET/SET063p3.key 
146589     DEBUG main            d.u.i.k.p.i.AbstractProblemLoader Environment load took 123.2ns 
146590     INFO  main            d.u.i.k.p.i.AbstractProblemLoader Creating init config 
149590     DEBUG main            d.u.i.k.p.i.AbstractProblemLoader Init config took 3s 
149607     INFO  main            d.u.i.k.p.i.AbstractProblemLoader Replaying proof SET063p3.key 
149608     DEBUG main            d.u.i.k.p.i.IntermediateProofReplayer Proof replay took 8.2ns 
149715     INFO  main            d.u.i.k.p.r.p.TestFile    ... finished proof: closed. 
150159     INFO  main            d.u.i.k.p.i.AbstractProblemLoader Loading environment from /home/runner/work/key/key/key.core/../key.ui/examples/standard_key/pred_log/tptp/SET/SET063p3.key.proof 
150159     DEBUG main            d.u.i.k.p.i.AbstractProblemLoader Environment load took 132.4ns 
150160     INFO  main            d.u.i.k.p.i.AbstractProblemLoader Creating init config 
153118     DEBUG main            d.u.i.k.p.i.AbstractProblemLoader Init config took 2.96s 
153138     INFO  main            d.u.i.k.p.i.AbstractProblemLoader Replaying proof SET063p3.key.proof 
153153     DEBUG main            d.u.i.k.p.i.IntermediateProofReplayer Proof replay took 8.04ms 
153154     DEBUG main            d.u.i.k.p.r.p.TestFile    ... success: reloaded. 
153155     INFO  main            d.u.i.k.p.r.p.TestFile    Now processing file /home/runner/work/key/key/key.core/../key.ui/examples/standard_key/pred_log/tptp/SYN/SYN036p2.key 
153155     INFO  main            d.u.i.k.p.i.AbstractProblemLoader Loading environment from /home/runner/work/key/key/key.core/../key.ui/examples/standard_key/pred_log/tptp/SYN/SYN036p2.key 
153155     DEBUG main            d.u.i.k.p.i.AbstractProblemLoader Environment load took 211.5ns 
153157     INFO  main            d.u.i.k.p.i.AbstractProblemLoader Creating init config 
156128     DEBUG main            d.u.i.k.p.i.AbstractProblemLoader Init config took 2.97s 
156145     INFO  main            d.u.i.k.p.i.AbstractProblemLoader Replaying proof SYN036p2.key 
156147     DEBUG main            d.u.i.k.p.i.IntermediateProofReplayer Proof replay took 8.6ns 
156453     INFO  main            d.u.i.k.p.r.p.TestFile    ... finished proof: closed. 
156899     INFO  main            d.u.i.k.p.i.AbstractProblemLoader Loading environment from /home/runner/work/key/key/key.core/../key.ui/examples/standard_key/pred_log/tptp/SYN/SYN036p2.key.proof 
156899     DEBUG main            d.u.i.k.p.i.AbstractProblemLoader Environment load took 135.5ns 
156900     INFO  main            d.u.i.k.p.i.AbstractProblemLoader Creating init config 
159839     DEBUG main            d.u.i.k.p.i.AbstractProblemLoader Init config took 2.94s 
159855     INFO  main            d.u.i.k.p.i.AbstractProblemLoader Replaying proof SYN036p2.key.proof 
159959     DEBUG main            d.u.i.k.p.i.IntermediateProofReplayer Proof replay took 94.55ms 
159960     DEBUG main            d.u.i.k.p.r.p.TestFile    ... success: reloaded. 
159961     INFO  main            d.u.i.k.p.r.p.TestFile    Now processing file /home/runner/work/key/key/key.core/../key.ui/examples/standard_key/pred_log/tptp/SYN/SYN550p1.key 
159961     INFO  main            d.u.i.k.p.i.AbstractProblemLoader Loading environment from /home/runner/work/key/key/key.core/../key.ui/examples/standard_key/pred_log/tptp/SYN/SYN550p1.key 
159961     DEBUG main            d.u.i.k.p.i.AbstractProblemLoader Environment load took 110.5ns 
159962     INFO  main            d.u.i.k.p.i.AbstractProblemLoader Creating init config 
162923     DEBUG main            d.u.i.k.p.i.AbstractProblemLoader Init config took 2.96s 
162940     INFO  main            d.u.i.k.p.i.AbstractProblemLoader Replaying proof SYN550p1.key 
162941     DEBUG main            d.u.i.k.p.i.IntermediateProofReplayer Proof replay took 19.9ns 
166581     INFO  main            d.u.i.k.p.r.p.TestFile    ... finished proof: closed. 
166925     INFO  main            d.u.i.k.p.i.AbstractProblemLoader Loading environment from /home/runner/work/key/key/key.core/../key.ui/examples/standard_key/pred_log/tptp/SYN/SYN550p1.key.proof 
166926     DEBUG main            d.u.i.k.p.i.AbstractProblemLoader Environment load took 432.1ns 
166927     INFO  main            d.u.i.k.p.i.AbstractProblemLoader Creating init config 
169897     DEBUG main            d.u.i.k.p.i.AbstractProblemLoader Init config took 2.97s 
169913     INFO  main            d.u.i.k.p.i.AbstractProblemLoader Replaying proof SYN550p1.key.proof 
170026     DEBUG main            d.u.i.k.p.i.IntermediateProofReplayer Proof replay took 105.14ms 
170027     DEBUG main            d.u.i.k.p.r.p.TestFile    ... success: reloaded. 
170028     INFO  main            d.u.i.k.p.r.p.TestFile    Now processing file /home/runner/work/key/key/key.core/../key.ui/examples/standard_key/prop_log/reallySimple.key 
170028     INFO  main            d.u.i.k.p.i.AbstractProblemLoader Loading environment from /home/runner/work/key/key/key.core/../key.ui/examples/standard_key/prop_log/reallySimple.key 
170028     DEBUG main            d.u.i.k.p.i.AbstractProblemLoader Environment load took 96.6ns 
170029     INFO  main            d.u.i.k.p.i.AbstractProblemLoader Creating init config 
172983     DEBUG main            d.u.i.k.p.i.AbstractProblemLoader Init config took 2.95s 
173000     INFO  main            d.u.i.k.p.i.AbstractProblemLoader Replaying proof reallySimple.key 
173001     DEBUG main            d.u.i.k.p.i.IntermediateProofReplayer Proof replay took 7.3ns 
173103     INFO  main            d.u.i.k.p.r.p.TestFile    ... finished proof: open goal(s) 
173456     INFO  main            d.u.i.k.p.r.p.TestFile    Now processing file /home/runner/work/key/key/key.core/../key.ui/examples/standard_key/pred_log/sameName1.key 
173457     INFO  main            d.u.i.k.p.i.AbstractProblemLoader Loading environment from /home/runner/work/key/key/key.core/../key.ui/examples/standard_key/pred_log/sameName1.key 
173457     DEBUG main            d.u.i.k.p.i.AbstractProblemLoader Environment load took 75.3ns 
173459     INFO  main            d.u.i.k.p.i.AbstractProblemLoader Creating init config 
176369     DEBUG main            d.u.i.k.p.i.AbstractProblemLoader Init config took 2.91s 
176386     INFO  main            d.u.i.k.p.i.AbstractProblemLoader Replaying proof sameName1.key 
176387     DEBUG main            d.u.i.k.p.i.IntermediateProofReplayer Proof replay took 6.6ns 
176491     INFO  main            d.u.i.k.p.r.p.TestFile    ... finished proof: open goal(s) 
176811     INFO  main            d.u.i.k.p.r.p.TestFile    Now processing file /home/runner/work/key/key/key.core/../key.ui/examples/standard_key/pred_log/jbyteIfEx.key 
176811     INFO  main            d.u.i.k.p.i.AbstractProblemLoader Loading environment from /home/runner/work/key/key/key.core/../key.ui/examples/standard_key/pred_log/jbyteIfEx.key 
176811     DEBUG main            d.u.i.k.p.i.AbstractProblemLoader Environment load took 87.5ns 
176813     INFO  main            d.u.i.k.p.i.AbstractProblemLoader Creating init config 
179765     DEBUG main            d.u.i.k.p.i.AbstractProblemLoader Init config took 2.95s 
179781     INFO  main            d.u.i.k.p.i.AbstractProblemLoader Replaying proof jbyteIfEx.key 
179782     DEBUG main            d.u.i.k.p.i.IntermediateProofReplayer Proof replay took 7.3ns 
179885     INFO  main            d.u.i.k.p.r.p.TestFile    ... finished proof: closed. 
180198     INFO  main            d.u.i.k.p.i.AbstractProblemLoader Loading environment from /home/runner/work/key/key/key.core/../key.ui/examples/standard_key/pred_log/jbyteIfEx.key.proof 
180199     DEBUG main            d.u.i.k.p.i.AbstractProblemLoader Environment load took 132.5ns 
180200     INFO  main            d.u.i.k.p.i.AbstractProblemLoader Creating init config 
183130     DEBUG main            d.u.i.k.p.i.AbstractProblemLoader Init config took 2.93s 
183146     INFO  main            d.u.i.k.p.i.AbstractProblemLoader Replaying proof jbyteIfEx.key.proof 
183159     DEBUG main            d.u.i.k.p.i.IntermediateProofReplayer Proof replay took 10.78ms 
183160     DEBUG main            d.u.i.k.p.r.p.TestFile    ... success: reloaded. 
183161     INFO  main            d.u.i.k.p.r.p.TestFile    Now processing file /home/runner/work/key/key/key.core/../key.ui/examples/standard_key/prop_log/allClausesLength4.key 
183161     INFO  main            d.u.i.k.p.i.AbstractProblemLoader Loading environment from /home/runner/work/key/key/key.core/../key.ui/examples/standard_key/prop_log/allClausesLength4.key 
183161     DEBUG main            d.u.i.k.p.i.AbstractProblemLoader Environment load took 120ns 
183163     INFO  main            d.u.i.k.p.i.AbstractProblemLoader Creating init config 
186131     DEBUG main            d.u.i.k.p.i.AbstractProblemLoader Init config took 2.97s 
186148     INFO  main            d.u.i.k.p.i.AbstractProblemLoader Replaying proof allClausesLength4.key 
186149     DEBUG main            d.u.i.k.p.i.IntermediateProofReplayer Proof replay took 7.1ns 
186252     INFO  main            d.u.i.k.p.r.p.TestFile    ... finished proof: closed. 
186594     INFO  main            d.u.i.k.p.i.AbstractProblemLoader Loading environment from /home/runner/work/key/key/key.core/../key.ui/examples/standard_key/prop_log/allClausesLength4.key.proof 
186595     DEBUG main            d.u.i.k.p.i.AbstractProblemLoader Environment load took 778.21ns 
186596     INFO  main            d.u.i.k.p.i.AbstractProblemLoader Creating init config 
189548     DEBUG main            d.u.i.k.p.i.AbstractProblemLoader Init config took 2.95s 
189564     INFO  main            d.u.i.k.p.i.AbstractProblemLoader Replaying proof allClausesLength4.key.proof 
189587     DEBUG main            d.u.i.k.p.i.IntermediateProofReplayer Proof replay took 18.93ms 
189590     DEBUG main            d.u.i.k.p.r.p.TestFile    ... success: reloaded. 
189591     INFO  main            d.u.i.k.p.r.p.TestFile    Now processing file /home/runner/work/key/key/key.core/../key.ui/examples/standard_key/prop_log/allClausesLength5.key 
189599     INFO  main            d.u.i.k.p.i.AbstractProblemLoader Loading environment from /home/runner/work/key/key/key.core/../key.ui/examples/standard_key/prop_log/allClausesLength5.key 
189600     DEBUG main            d.u.i.k.p.i.AbstractProblemLoader Environment load took 1.06ms 
189605     INFO  main            d.u.i.k.p.i.AbstractProblemLoader Creating init config 
192585     DEBUG main            d.u.i.k.p.i.AbstractProblemLoader Init config took 2.98s 
192602     INFO  main            d.u.i.k.p.i.AbstractProblemLoader Replaying proof allClausesLength5.key 
192603     DEBUG main            d.u.i.k.p.i.IntermediateProofReplayer Proof replay took 8.1ns 
192908     INFO  main            d.u.i.k.p.r.p.TestFile    ... finished proof: closed. 
193283     INFO  main            d.u.i.k.p.i.AbstractProblemLoader Loading environment from /home/runner/work/key/key/key.core/../key.ui/examples/standard_key/prop_log/allClausesLength5.key.proof 
193283     DEBUG main            d.u.i.k.p.i.AbstractProblemLoader Environment load took 424.2ns 
193286     INFO  main            d.u.i.k.p.i.AbstractProblemLoader Creating init config 
196213     DEBUG main            d.u.i.k.p.i.AbstractProblemLoader Init config took 2.93s 
196230     INFO  main            d.u.i.k.p.i.AbstractProblemLoader Replaying proof allClausesLength5.key.proof 
196284     DEBUG main            d.u.i.k.p.i.IntermediateProofReplayer Proof replay took 48.67ms 
196286     DEBUG main            d.u.i.k.p.r.p.TestFile    ... success: reloaded. 
196287     INFO  main            d.u.i.k.p.r.p.TestFile    Now processing file /home/runner/work/key/key/key.core/../key.ui/examples/standard_key/prop_log/doubleNeg.key 
196288     INFO  main            d.u.i.k.p.i.AbstractProblemLoader Loading environment from /home/runner/work/key/key/key.core/../key.ui/examples/standard_key/prop_log/doubleNeg.key 
196288     DEBUG main            d.u.i.k.p.i.AbstractProblemLoader Environment load took 201.3ns 
196289     INFO  main            d.u.i.k.p.i.AbstractProblemLoader Creating init config 
199243     DEBUG main            d.u.i.k.p.i.AbstractProblemLoader Init config took 2.95s 
199259     INFO  main            d.u.i.k.p.i.AbstractProblemLoader Replaying proof doubleNeg.key 
199260     DEBUG main            d.u.i.k.p.i.IntermediateProofReplayer Proof replay took 6.7ns 
199362     INFO  main            d.u.i.k.p.r.p.TestFile    ... finished proof: closed. 
199707     INFO  main            d.u.i.k.p.i.AbstractProblemLoader Loading environment from /home/runner/work/key/key/key.core/../key.ui/examples/standard_key/prop_log/doubleNeg.key.proof 
199707     DEBUG main            d.u.i.k.p.i.AbstractProblemLoader Environment load took 105.5ns 
199708     INFO  main            d.u.i.k.p.i.AbstractProblemLoader Creating init config 
202596     DEBUG main            d.u.i.k.p.i.AbstractProblemLoader Init config took 2.89s 
202614     INFO  main            d.u.i.k.p.i.AbstractProblemLoader Replaying proof doubleNeg.key.proof 
202618     DEBUG main            d.u.i.k.p.i.IntermediateProofReplayer Proof replay took 927.41ns 
202619     DEBUG main            d.u.i.k.p.r.p.TestFile    ... success: reloaded. 
202620     INFO  main            d.u.i.k.p.r.p.TestFile    Now processing file /home/runner/work/key/key/key.core/../key.ui/examples/standard_key/prop_log/liarsville.key 
202621     INFO  main            d.u.i.k.p.i.AbstractProblemLoader Loading environment from /home/runner/work/key/key/key.core/../key.ui/examples/standard_key/prop_log/liarsville.key 
202621     DEBUG main            d.u.i.k.p.i.AbstractProblemLoader Environment load took 319.3ns 
202623     INFO  main            d.u.i.k.p.i.AbstractProblemLoader Creating init config 
205617     DEBUG main            d.u.i.k.p.i.AbstractProblemLoader Init config took 2.99s 
205633     INFO  main            d.u.i.k.p.i.AbstractProblemLoader Replaying proof liarsville.key 
205634     DEBUG main            d.u.i.k.p.i.IntermediateProofReplayer Proof replay took 7.1ns 
205736     INFO  main            d.u.i.k.p.r.p.TestFile    ... finished proof: closed. 
206096     INFO  main            d.u.i.k.p.i.AbstractProblemLoader Loading environment from /home/runner/work/key/key/key.core/../key.ui/examples/standard_key/prop_log/liarsville.key.proof 
206096     DEBUG main            d.u.i.k.p.i.AbstractProblemLoader Environment load took 158.9ns 
206098     INFO  main            d.u.i.k.p.i.AbstractProblemLoader Creating init config 
208994     DEBUG main            d.u.i.k.p.i.AbstractProblemLoader Init config took 2.9s 
209009     INFO  main            d.u.i.k.p.i.AbstractProblemLoader Replaying proof liarsville.key.proof 
209012     DEBUG main            d.u.i.k.p.i.IntermediateProofReplayer Proof replay took 1.5ms 
209015     DEBUG main            d.u.i.k.p.r.p.TestFile    ... success: reloaded. 
209017     INFO  main            d.u.i.k.p.r.p.TestFile    Now processing file /home/runner/work/key/key/key.core/../key.ui/examples/standard_key/prop_log/simplest.key 
209017     INFO  main            d.u.i.k.p.i.AbstractProblemLoader Loading environment from /home/runner/work/key/key/key.core/../key.ui/examples/standard_key/prop_log/simplest.key 
209018     DEBUG main            d.u.i.k.p.i.AbstractProblemLoader Environment load took 593.6ns 
209019     INFO  main            d.u.i.k.p.i.AbstractProblemLoader Creating init config 
211986     DEBUG main            d.u.i.k.p.i.AbstractProblemLoader Init config took 2.97s 
212001     INFO  main            d.u.i.k.p.i.AbstractProblemLoader Replaying proof simplest.key 
212002     DEBUG main            d.u.i.k.p.i.IntermediateProofReplayer Proof replay took 7.7ns 
212105     INFO  main            d.u.i.k.p.r.p.TestFile    ... finished proof: closed. 
212489     INFO  main            d.u.i.k.p.i.AbstractProblemLoader Loading environment from /home/runner/work/key/key/key.core/../key.ui/examples/standard_key/prop_log/simplest.key.proof 
212489     DEBUG main            d.u.i.k.p.i.AbstractProblemLoader Environment load took 135ns 
212490     INFO  main            d.u.i.k.p.i.AbstractProblemLoader Creating init config 
215405     DEBUG main            d.u.i.k.p.i.AbstractProblemLoader Init config took 2.92s 
215421     INFO  main            d.u.i.k.p.i.AbstractProblemLoader Replaying proof simplest.key.proof 
215423     DEBUG main            d.u.i.k.p.i.IntermediateProofReplayer Proof replay took 119.7ns 
215424     DEBUG main            d.u.i.k.p.r.p.TestFile    ... success: reloaded. 
215425     INFO  main            d.u.i.k.p.r.p.TestFile    Now processing file /home/runner/work/key/key/key.core/../key.ui/examples/standard_key/prop_log/contraposition.key 
215425     INFO  main            d.u.i.k.p.i.AbstractProblemLoader Loading environment from /home/runner/work/key/key/key.core/../key.ui/examples/standard_key/prop_log/contraposition.key 
215425     DEBUG main            d.u.i.k.p.i.AbstractProblemLoader Environment load took 219.2ns 
215429     INFO  main            d.u.i.k.p.i.AbstractProblemLoader Creating init config 
218408     DEBUG main            d.u.i.k.p.i.AbstractProblemLoader Init config took 2.98s 
218423     INFO  main            d.u.i.k.p.i.AbstractProblemLoader Replaying proof contraposition.key 
218425     DEBUG main            d.u.i.k.p.i.IntermediateProofReplayer Proof replay took 8.6ns 
218528     INFO  main            d.u.i.k.p.r.p.TestFile    ... finished proof: closed. 
218899     INFO  main            d.u.i.k.p.i.AbstractProblemLoader Loading environment from /home/runner/work/key/key/key.core/../key.ui/examples/standard_key/prop_log/contraposition.key.proof 
218899     DEBUG main            d.u.i.k.p.i.AbstractProblemLoader Environment load took 190.9ns 
218901     INFO  main            d.u.i.k.p.i.AbstractProblemLoader Creating init config 
221771     DEBUG main            d.u.i.k.p.i.AbstractProblemLoader Init config took 2.87s 
221786     INFO  main            d.u.i.k.p.i.AbstractProblemLoader Replaying proof contraposition.key.proof 
221788     DEBUG main            d.u.i.k.p.i.IntermediateProofReplayer Proof replay took 760.8ns 
221789     DEBUG main            d.u.i.k.p.r.p.TestFile    ... success: reloaded. 
221789     INFO  main            d.u.i.k.p.r.p.TestFile    Now processing file /home/runner/work/key/key/key.core/../key.ui/examples/standard_key/quantifiers/elimination0.key 
221790     INFO  main            d.u.i.k.p.i.AbstractProblemLoader Loading environment from /home/runner/work/key/key/key.core/../key.ui/examples/standard_key/quantifiers/elimination0.key 
221790     DEBUG main            d.u.i.k.p.i.AbstractProblemLoader Environment load took 65.7ns 
221791     INFO  main            d.u.i.k.p.i.AbstractProblemLoader Creating init config 
224742     DEBUG main            d.u.i.k.p.i.AbstractProblemLoader Init config took 2.95s 
224757     INFO  main            d.u.i.k.p.i.AbstractProblemLoader Replaying proof elimination0.key 
224762     DEBUG main            d.u.i.k.p.i.IntermediateProofReplayer Proof replay took 7.6ns 
224865     INFO  main            d.u.i.k.p.r.p.TestFile    ... finished proof: closed. 
225249     INFO  main            d.u.i.k.p.i.AbstractProblemLoader Loading environment from /home/runner/work/key/key/key.core/../key.ui/examples/standard_key/quantifiers/elimination0.key.proof 
225249     DEBUG main            d.u.i.k.p.i.AbstractProblemLoader Environment load took 110.5ns 
225251     INFO  main            d.u.i.k.p.i.AbstractProblemLoader Creating init config 
228112     DEBUG main            d.u.i.k.p.i.AbstractProblemLoader Init config took 2.86s 
228132     INFO  main            d.u.i.k.p.i.AbstractProblemLoader Replaying proof elimination0.key.proof 
228135     DEBUG main            d.u.i.k.p.i.IntermediateProofReplayer Proof replay took 1.58ms 
228136     DEBUG main            d.u.i.k.p.r.p.TestFile    ... success: reloaded. 
228138     INFO  main            d.u.i.k.p.r.p.TestFile    Now processing file /home/runner/work/key/key/key.core/../key.ui/examples/standard_key/quantifiers/heuristic_PUZ001p1-eq.key 
228138     INFO  main            d.u.i.k.p.i.AbstractProblemLoader Loading environment from /home/runner/work/key/key/key.core/../key.ui/examples/standard_key/quantifiers/heuristic_PUZ001p1-eq.key 
228138     DEBUG main            d.u.i.k.p.i.AbstractProblemLoader Environment load took 112.7ns 
228139     INFO  main            d.u.i.k.p.i.AbstractProblemLoader Creating init config 
231054     DEBUG main            d.u.i.k.p.i.AbstractProblemLoader Init config took 2.91s 
231070     INFO  main            d.u.i.k.p.i.AbstractProblemLoader Replaying proof heuristic_PUZ001p1-eq.key 
231072     DEBUG main            d.u.i.k.p.i.IntermediateProofReplayer Proof replay took 6.7ns 
231275     INFO  main            d.u.i.k.p.r.p.TestFile    ... finished proof: closed. 
231685     INFO  main            d.u.i.k.p.i.AbstractProblemLoader Loading environment from /home/runner/work/key/key/key.core/../key.ui/examples/standard_key/quantifiers/heuristic_PUZ001p1-eq.key.proof 
231685     DEBUG main            d.u.i.k.p.i.AbstractProblemLoader Environment load took 105.8ns 
231686     INFO  main            d.u.i.k.p.i.AbstractProblemLoader Creating init config 
234541     DEBUG main            d.u.i.k.p.i.AbstractProblemLoader Init config took 2.85s 
234562     INFO  main            d.u.i.k.p.i.AbstractProblemLoader Replaying proof heuristic_PUZ001p1-eq.key.proof 
234579     DEBUG main            d.u.i.k.p.i.IntermediateProofReplayer Proof replay took 14.49ms 
234580     DEBUG main            d.u.i.k.p.r.p.TestFile    ... success: reloaded. 
234581     INFO  main            d.u.i.k.p.r.p.TestFile    Now processing file /home/runner/work/key/key/key.core/../key.ui/examples/standard_key/quantifiers/heuristic_PUZ001p1.key 
234581     INFO  main            d.u.i.k.p.i.AbstractProblemLoader Loading environment from /home/runner/work/key/key/key.core/../key.ui/examples/standard_key/quantifiers/heuristic_PUZ001p1.key 
234582     DEBUG main            d.u.i.k.p.i.AbstractProblemLoader Environment load took 102ns 
234583     INFO  main            d.u.i.k.p.i.AbstractProblemLoader Creating init config 
237488     DEBUG main            d.u.i.k.p.i.AbstractProblemLoader Init config took 2.9s 
237505     INFO  main            d.u.i.k.p.i.AbstractProblemLoader Replaying proof heuristic_PUZ001p1.key 
237507     DEBUG main            d.u.i.k.p.i.IntermediateProofReplayer Proof replay took 6.8ns 
239243     INFO  main            d.u.i.k.p.r.p.TestFile    ... finished proof: closed. 
239653     INFO  main            d.u.i.k.p.i.AbstractProblemLoader Loading environment from /home/runner/work/key/key/key.core/../key.ui/examples/standard_key/quantifiers/heuristic_PUZ001p1.key.proof 
239654     DEBUG main            d.u.i.k.p.i.AbstractProblemLoader Environment load took 419ns 
239656     INFO  main            d.u.i.k.p.i.AbstractProblemLoader Creating init config 
242550     DEBUG main            d.u.i.k.p.i.AbstractProblemLoader Init config took 2.89s 
242569     INFO  main            d.u.i.k.p.i.AbstractProblemLoader Replaying proof heuristic_PUZ001p1.key.proof 
242659     DEBUG main            d.u.i.k.p.i.IntermediateProofReplayer Proof replay took 85.22ms 
242660     DEBUG main            d.u.i.k.p.r.p.TestFile    ... success: reloaded. 
242661     INFO  main            d.u.i.k.p.r.p.TestFile    Now processing file /home/runner/work/key/key/key.core/../key.ui/examples/standard_key/quantifiers/heuristic_PUZ031p1.key 
242662     INFO  main            d.u.i.k.p.i.AbstractProblemLoader Loading environment from /home/runner/work/key/key/key.core/../key.ui/examples/standard_key/quantifiers/heuristic_PUZ031p1.key 
242662     DEBUG main            d.u.i.k.p.i.AbstractProblemLoader Environment load took 110.9ns 
242663     INFO  main            d.u.i.k.p.i.AbstractProblemLoader Creating init config 
245599     DEBUG main            d.u.i.k.p.i.AbstractProblemLoader Init config took 2.94s 
245616     INFO  main            d.u.i.k.p.i.AbstractProblemLoader Replaying proof heuristic_PUZ031p1.key 
245618     DEBUG main            d.u.i.k.p.i.IntermediateProofReplayer Proof replay took 6.9ns 
251634     INFO  main            d.u.i.k.p.r.p.TestFile    ... finished proof: closed. 
252096     INFO  main            d.u.i.k.p.i.AbstractProblemLoader Loading environment from /home/runner/work/key/key/key.core/../key.ui/examples/standard_key/quantifiers/heuristic_PUZ031p1.key.proof 
252098     DEBUG main            d.u.i.k.p.i.AbstractProblemLoader Environment load took 1.85ms 
252100     INFO  main            d.u.i.k.p.i.AbstractProblemLoader Creating init config 
255085     DEBUG main            d.u.i.k.p.i.AbstractProblemLoader Init config took 2.99s 
255102     INFO  main            d.u.i.k.p.i.AbstractProblemLoader Replaying proof heuristic_PUZ031p1.key.proof 
255185     DEBUG main            d.u.i.k.p.i.IntermediateProofReplayer Proof replay took 77.48ms 
255186     DEBUG main            d.u.i.k.p.r.p.TestFile    ... success: reloaded. 
255187     INFO  main            d.u.i.k.p.r.p.TestFile    Now processing file /home/runner/work/key/key/key.core/../key.ui/examples/standard_key/quantifiers/heuristic_SYN036p2.key 
255187     INFO  main            d.u.i.k.p.i.AbstractProblemLoader Loading environment from /home/runner/work/key/key/key.core/../key.ui/examples/standard_key/quantifiers/heuristic_SYN036p2.key 
255188     DEBUG main            d.u.i.k.p.i.AbstractProblemLoader Environment load took 100.1ns 
255189     INFO  main            d.u.i.k.p.i.AbstractProblemLoader Creating init config 
258094     DEBUG main            d.u.i.k.p.i.AbstractProblemLoader Init config took 2.91s 
258109     INFO  main            d.u.i.k.p.i.AbstractProblemLoader Replaying proof heuristic_SYN036p2.key 
258111     DEBUG main            d.u.i.k.p.i.IntermediateProofReplayer Proof replay took 6.8ns 
258421     INFO  main            d.u.i.k.p.r.p.TestFile    ... finished proof: closed. 
258900     INFO  main            d.u.i.k.p.i.AbstractProblemLoader Loading environment from /home/runner/work/key/key/key.core/../key.ui/examples/standard_key/quantifiers/heuristic_SYN036p2.key.proof 
258901     DEBUG main            d.u.i.k.p.i.AbstractProblemLoader Environment load took 465.8ns 
258902     INFO  main            d.u.i.k.p.i.AbstractProblemLoader Creating init config 
261786     DEBUG main            d.u.i.k.p.i.AbstractProblemLoader Init config took 2.88s 
261804     INFO  main            d.u.i.k.p.i.AbstractProblemLoader Replaying proof heuristic_SYN036p2.key.proof 
261904     DEBUG main            d.u.i.k.p.i.IntermediateProofReplayer Proof replay took 91.35ms 
261906     DEBUG main            d.u.i.k.p.r.p.TestFile    ... success: reloaded. 
261907     INFO  main            d.u.i.k.p.r.p.TestFile    Now processing file /home/runner/work/key/key/key.core/../key.ui/examples/standard_key/quantifiers/injectivity.key 
261907     INFO  main            d.u.i.k.p.i.AbstractProblemLoader Loading environment from /home/runner/work/key/key/key.core/../key.ui/examples/standard_key/quantifiers/injectivity.key 
261908     DEBUG main            d.u.i.k.p.i.AbstractProblemLoader Environment load took 194.5ns 
261909     INFO  main            d.u.i.k.p.i.AbstractProblemLoader Creating init config 
264841     DEBUG main            d.u.i.k.p.i.AbstractProblemLoader Init config took 2.93s 
264856     INFO  main            d.u.i.k.p.i.AbstractProblemLoader Replaying proof injectivity.key 
264857     DEBUG main            d.u.i.k.p.i.IntermediateProofReplayer Proof replay took 7.4ns 
264961     INFO  main            d.u.i.k.p.r.p.TestFile    ... finished proof: closed. 
265399     INFO  main            d.u.i.k.p.i.AbstractProblemLoader Loading environment from /home/runner/work/key/key/key.core/../key.ui/examples/standard_key/quantifiers/injectivity.key.proof 
265399     DEBUG main            d.u.i.k.p.i.AbstractProblemLoader Environment load took 87ns 
265400     INFO  main            d.u.i.k.p.i.AbstractProblemLoader Creating init config 
268222     DEBUG main            d.u.i.k.p.i.AbstractProblemLoader Init config took 2.82s 
268237     INFO  main            d.u.i.k.p.i.AbstractProblemLoader Replaying proof injectivity.key.proof 
268241     DEBUG main            d.u.i.k.p.i.IntermediateProofReplayer Proof replay took 2.36ms 
268242     DEBUG main            d.u.i.k.p.r.p.TestFile    ... success: reloaded. 
268243     INFO  main            d.u.i.k.p.r.p.TestFile    Now processing file /home/runner/work/key/key/key.core/../key.ui/examples/standard_key/quantifiers/normalisation0.key 
268243     INFO  main            d.u.i.k.p.i.AbstractProblemLoader Loading environment from /home/runner/work/key/key/key.core/../key.ui/examples/standard_key/quantifiers/normalisation0.key 
268243     DEBUG main            d.u.i.k.p.i.AbstractProblemLoader Environment load took 94.1ns 
268245     INFO  main            d.u.i.k.p.i.AbstractProblemLoader Creating init config 
271151     DEBUG main            d.u.i.k.p.i.AbstractProblemLoader Init config took 2.91s 
271167     INFO  main            d.u.i.k.p.i.AbstractProblemLoader Replaying proof normalisation0.key 
271169     DEBUG main            d.u.i.k.p.i.IntermediateProofReplayer Proof replay took 7.1ns 
271272     INFO  main            d.u.i.k.p.r.p.TestFile    ... finished proof: closed. 
271683     INFO  main            d.u.i.k.p.i.AbstractProblemLoader Loading environment from /home/runner/work/key/key/key.core/../key.ui/examples/standard_key/quantifiers/normalisation0.key.proof 
271683     DEBUG main            d.u.i.k.p.i.AbstractProblemLoader Environment load took 88.3ns 
271684     INFO  main            d.u.i.k.p.i.AbstractProblemLoader Creating init config 
274578     DEBUG main            d.u.i.k.p.i.AbstractProblemLoader Init config took 2.89s 
274604     INFO  main            d.u.i.k.p.i.AbstractProblemLoader Replaying proof normalisation0.key.proof 
274612     DEBUG main            d.u.i.k.p.i.IntermediateProofReplayer Proof replay took 6.09ms 
274614     DEBUG main            d.u.i.k.p.r.p.TestFile    ... success: reloaded. 
274615     INFO  main            d.u.i.k.p.r.p.TestFile    Now processing file /home/runner/work/key/key/key.core/../key.ui/examples/standard_key/quantifiers/normalisation1.key 
274616     INFO  main            d.u.i.k.p.i.AbstractProblemLoader Loading environment from /home/runner/work/key/key/key.core/../key.ui/examples/standard_key/quantifiers/normalisation1.key 
274616     DEBUG main            d.u.i.k.p.i.AbstractProblemLoader Environment load took 196.6ns 
274617     INFO  main            d.u.i.k.p.i.AbstractProblemLoader Creating init config 
277579     DEBUG main            d.u.i.k.p.i.AbstractProblemLoader Init config took 2.96s 
277598     INFO  main            d.u.i.k.p.i.AbstractProblemLoader Replaying proof normalisation1.key 
277600     DEBUG main            d.u.i.k.p.i.IntermediateProofReplayer Proof replay took 7.3ns 
277711     INFO  main            d.u.i.k.p.r.p.TestFile    ... finished proof: closed. 
278144     INFO  main            d.u.i.k.p.i.AbstractProblemLoader Loading environment from /home/runner/work/key/key/key.core/../key.ui/examples/standard_key/quantifiers/normalisation1.key.proof 
278144     DEBUG main            d.u.i.k.p.i.AbstractProblemLoader Environment load took 85.4ns 
278145     INFO  main            d.u.i.k.p.i.AbstractProblemLoader Creating init config 
281033     DEBUG main            d.u.i.k.p.i.AbstractProblemLoader Init config took 2.89s 
281048     INFO  main            d.u.i.k.p.i.AbstractProblemLoader Replaying proof normalisation1.key.proof 
281053     DEBUG main            d.u.i.k.p.i.IntermediateProofReplayer Proof replay took 3.53ms 
281054     DEBUG main            d.u.i.k.p.r.p.TestFile    ... success: reloaded. 
281055     INFO  main            d.u.i.k.p.r.p.TestFile    Now processing file /home/runner/work/key/key/key.core/../key.ui/examples/standard_key/quantifiers/normalisation2.key 
281055     INFO  main            d.u.i.k.p.i.AbstractProblemLoader Loading environment from /home/runner/work/key/key/key.core/../key.ui/examples/standard_key/quantifiers/normalisation2.key 
281055     DEBUG main            d.u.i.k.p.i.AbstractProblemLoader Environment load took 92.8ns 
281056     INFO  main            d.u.i.k.p.i.AbstractProblemLoader Creating init config 
283973     DEBUG main            d.u.i.k.p.i.AbstractProblemLoader Init config took 2.92s 
283989     INFO  main            d.u.i.k.p.i.AbstractProblemLoader Replaying proof normalisation2.key 
283992     DEBUG main            d.u.i.k.p.i.IntermediateProofReplayer Proof replay took 8.5ns 
284095     INFO  main            d.u.i.k.p.r.p.TestFile    ... finished proof: closed. 
284522     INFO  main            d.u.i.k.p.i.AbstractProblemLoader Loading environment from /home/runner/work/key/key/key.core/../key.ui/examples/standard_key/quantifiers/normalisation2.key.proof 
284522     DEBUG main            d.u.i.k.p.i.AbstractProblemLoader Environment load took 107.5ns 
284524     INFO  main            d.u.i.k.p.i.AbstractProblemLoader Creating init config 
287346     DEBUG main            d.u.i.k.p.i.AbstractProblemLoader Init config took 2.82s 
287362     INFO  main            d.u.i.k.p.i.AbstractProblemLoader Replaying proof normalisation2.key.proof 
287367     DEBUG main            d.u.i.k.p.i.IntermediateProofReplayer Proof replay took 2.89ms 
287367     DEBUG main            d.u.i.k.p.r.p.TestFile    ... success: reloaded. 
287368     INFO  main            d.u.i.k.p.r.p.TestFile    Now processing file /home/runner/work/key/key/key.core/../key.ui/examples/standard_key/quantifiers/normalisation3.key 
287369     INFO  main            d.u.i.k.p.i.AbstractProblemLoader Loading environment from /home/runner/work/key/key/key.core/../key.ui/examples/standard_key/quantifiers/normalisation3.key 
287369     DEBUG main            d.u.i.k.p.i.AbstractProblemLoader Environment load took 94.7ns 
287370     INFO  main            d.u.i.k.p.i.AbstractProblemLoader Creating init config 
290265     DEBUG main            d.u.i.k.p.i.AbstractProblemLoader Init config took 2.9s 
290283     INFO  main            d.u.i.k.p.i.AbstractProblemLoader Replaying proof normalisation3.key 
290284     DEBUG main            d.u.i.k.p.i.IntermediateProofReplayer Proof replay took 8ns 
290386     INFO  main            d.u.i.k.p.r.p.TestFile    ... finished proof: closed. 
290832     INFO  main            d.u.i.k.p.i.AbstractProblemLoader Loading environment from /home/runner/work/key/key/key.core/../key.ui/examples/standard_key/quantifiers/normalisation3.key.proof 
290832     DEBUG main            d.u.i.k.p.i.AbstractProblemLoader Environment load took 83.9ns 
290833     INFO  main            d.u.i.k.p.i.AbstractProblemLoader Creating init config 
293698     DEBUG main            d.u.i.k.p.i.AbstractProblemLoader Init config took 2.86s 
293714     INFO  main            d.u.i.k.p.i.AbstractProblemLoader Replaying proof normalisation3.key.proof 
293718     DEBUG main            d.u.i.k.p.i.IntermediateProofReplayer Proof replay took 3.21ms 
293719     DEBUG main            d.u.i.k.p.r.p.TestFile    ... success: reloaded. 
293720     INFO  main            d.u.i.k.p.r.p.TestFile    Now processing file /home/runner/work/key/key/key.core/../key.ui/examples/standard_key/quantifiers/normalisation4.key 
293721     INFO  main            d.u.i.k.p.i.AbstractProblemLoader Loading environment from /home/runner/work/key/key/key.core/../key.ui/examples/standard_key/quantifiers/normalisation4.key 
293721     DEBUG main            d.u.i.k.p.i.AbstractProblemLoader Environment load took 100.5ns 
293722     INFO  main            d.u.i.k.p.i.AbstractProblemLoader Creating init config 
296619     DEBUG main            d.u.i.k.p.i.AbstractProblemLoader Init config took 2.9s 
296634     INFO  main            d.u.i.k.p.i.AbstractProblemLoader Replaying proof normalisation4.key 
296636     DEBUG main            d.u.i.k.p.i.IntermediateProofReplayer Proof replay took 7.7ns 
296738     INFO  main            d.u.i.k.p.r.p.TestFile    ... finished proof: closed. 
297171     INFO  main            d.u.i.k.p.i.AbstractProblemLoader Loading environment from /home/runner/work/key/key/key.core/../key.ui/examples/standard_key/quantifiers/normalisation4.key.proof 
297171     DEBUG main            d.u.i.k.p.i.AbstractProblemLoader Environment load took 90ns 
297172     INFO  main            d.u.i.k.p.i.AbstractProblemLoader Creating init config 
300020     DEBUG main            d.u.i.k.p.i.AbstractProblemLoader Init config took 2.85s 
300035     INFO  main            d.u.i.k.p.i.AbstractProblemLoader Replaying proof normalisation4.key.proof 
300043     DEBUG main            d.u.i.k.p.i.IntermediateProofReplayer Proof replay took 6.16ms 
300044     DEBUG main            d.u.i.k.p.r.p.TestFile    ... success: reloaded. 
300045     INFO  main            d.u.i.k.p.r.p.TestFile    Now processing file /home/runner/work/key/key/key.core/../key.ui/examples/standard_key/quantifiers/normalisation5.key 
300046     INFO  main            d.u.i.k.p.i.AbstractProblemLoader Loading environment from /home/runner/work/key/key/key.core/../key.ui/examples/standard_key/quantifiers/normalisation5.key 
300046     DEBUG main            d.u.i.k.p.i.AbstractProblemLoader Environment load took 183.4ns 
300047     INFO  main            d.u.i.k.p.i.AbstractProblemLoader Creating init config 
302923     DEBUG main            d.u.i.k.p.i.AbstractProblemLoader Init config took 2.88s 
302938     INFO  main            d.u.i.k.p.i.AbstractProblemLoader Replaying proof normalisation5.key 
302940     DEBUG main            d.u.i.k.p.i.IntermediateProofReplayer Proof replay took 18.4ns 
303042     INFO  main            d.u.i.k.p.r.p.TestFile    ... finished proof: closed. 
303497     INFO  main            d.u.i.k.p.i.AbstractProblemLoader Loading environment from /home/runner/work/key/key/key.core/../key.ui/examples/standard_key/quantifiers/normalisation5.key.proof 
303497     DEBUG main            d.u.i.k.p.i.AbstractProblemLoader Environment load took 96.4ns 
303498     INFO  main            d.u.i.k.p.i.AbstractProblemLoader Creating init config 
306356     DEBUG main            d.u.i.k.p.i.AbstractProblemLoader Init config took 2.86s 
306371     INFO  main            d.u.i.k.p.i.AbstractProblemLoader Replaying proof normalisation5.key.proof 
306378     DEBUG main            d.u.i.k.p.i.IntermediateProofReplayer Proof replay took 4.81ms 
306379     DEBUG main            d.u.i.k.p.r.p.TestFile    ... success: reloaded. 
306379     INFO  main            d.u.i.k.p.r.p.TestFile    Now processing file /home/runner/work/key/key/key.core/../key.ui/examples/standard_key/quantifiers/normalisation6.key 
306380     INFO  main            d.u.i.k.p.i.AbstractProblemLoader Loading environment from /home/runner/work/key/key/key.core/../key.ui/examples/standard_key/quantifiers/normalisation6.key 
306380     DEBUG main            d.u.i.k.p.i.AbstractProblemLoader Environment load took 124.3ns 
306381     INFO  main            d.u.i.k.p.i.AbstractProblemLoader Creating init config 
309308     DEBUG main            d.u.i.k.p.i.AbstractProblemLoader Init config took 2.93s 
309322     INFO  main            d.u.i.k.p.i.AbstractProblemLoader Replaying proof normalisation6.key 
309324     DEBUG main            d.u.i.k.p.i.IntermediateProofReplayer Proof replay took 7.6ns 
309427     INFO  main            d.u.i.k.p.r.p.TestFile    ... finished proof: closed. 
309887     INFO  main            d.u.i.k.p.i.AbstractProblemLoader Loading environment from /home/runner/work/key/key/key.core/../key.ui/examples/standard_key/quantifiers/normalisation6.key.proof 
309887     DEBUG main            d.u.i.k.p.i.AbstractProblemLoader Environment load took 94ns 
309888     INFO  main            d.u.i.k.p.i.AbstractProblemLoader Creating init config 
312764     DEBUG main            d.u.i.k.p.i.AbstractProblemLoader Init config took 2.88s 
312779     INFO  main            d.u.i.k.p.i.AbstractProblemLoader Replaying proof normalisation6.key.proof 
312783     DEBUG main            d.u.i.k.p.i.IntermediateProofReplayer Proof replay took 2.93ms 
312784     DEBUG main            d.u.i.k.p.r.p.TestFile    ... success: reloaded. 
312785     INFO  main            d.u.i.k.p.r.p.TestFile    Now processing file /home/runner/work/key/key/key.core/../key.ui/examples/standard_key/quantifiers/normalisation7.key 
312786     INFO  main            d.u.i.k.p.i.AbstractProblemLoader Loading environment from /home/runner/work/key/key/key.core/../key.ui/examples/standard_key/quantifiers/normalisation7.key 
312786     DEBUG main            d.u.i.k.p.i.AbstractProblemLoader Environment load took 83.7ns 
312787     INFO  main            d.u.i.k.p.i.AbstractProblemLoader Creating init config 
315730     DEBUG main            d.u.i.k.p.i.AbstractProblemLoader Init config took 2.94s 
315745     INFO  main            d.u.i.k.p.i.AbstractProblemLoader Replaying proof normalisation7.key 
315747     DEBUG main            d.u.i.k.p.i.IntermediateProofReplayer Proof replay took 7.1ns 
315849     INFO  main            d.u.i.k.p.r.p.TestFile    ... finished proof: closed. 
316316     INFO  main            d.u.i.k.p.i.AbstractProblemLoader Loading environment from /home/runner/work/key/key/key.core/../key.ui/examples/standard_key/quantifiers/normalisation7.key.proof 
316316     DEBUG main            d.u.i.k.p.i.AbstractProblemLoader Environment load took 97.2ns 
316317     INFO  main            d.u.i.k.p.i.AbstractProblemLoader Creating init config 
319163     DEBUG main            d.u.i.k.p.i.AbstractProblemLoader Init config took 2.85s 
319184     INFO  main            d.u.i.k.p.i.AbstractProblemLoader Replaying proof normalisation7.key.proof 
319190     DEBUG main            d.u.i.k.p.i.IntermediateProofReplayer Proof replay took 4.59ms 
319191     DEBUG main            d.u.i.k.p.r.p.TestFile    ... success: reloaded. 
319192     INFO  main            d.u.i.k.p.r.p.TestFile    Now processing file /home/runner/work/key/key/key.core/../key.ui/examples/standard_key/quantifiers/normalisation8.key 
319193     INFO  main            d.u.i.k.p.i.AbstractProblemLoader Loading environment from /home/runner/work/key/key/key.core/../key.ui/examples/standard_key/quantifiers/normalisation8.key 
319193     DEBUG main            d.u.i.k.p.i.AbstractProblemLoader Environment load took 102.8ns 
319194     INFO  main            d.u.i.k.p.i.AbstractProblemLoader Creating init config 
322070     DEBUG main            d.u.i.k.p.i.AbstractProblemLoader Init config took 2.88s 
322112     INFO  main            d.u.i.k.p.i.AbstractProblemLoader Replaying proof normalisation8.key 
322114     DEBUG main            d.u.i.k.p.i.IntermediateProofReplayer Proof replay took 8.3ns 
322216     INFO  main            d.u.i.k.p.r.p.TestFile    ... finished proof: closed. 
322688     INFO  main            d.u.i.k.p.i.AbstractProblemLoader Loading environment from /home/runner/work/key/key/key.core/../key.ui/examples/standard_key/quantifiers/normalisation8.key.proof 
322688     DEBUG main            d.u.i.k.p.i.AbstractProblemLoader Environment load took 90.9ns 
322689     INFO  main            d.u.i.k.p.i.AbstractProblemLoader Creating init config 
325538     DEBUG main            d.u.i.k.p.i.AbstractProblemLoader Init config took 2.85s 
325554     INFO  main            d.u.i.k.p.i.AbstractProblemLoader Replaying proof normalisation8.key.proof 
325566     DEBUG main            d.u.i.k.p.i.IntermediateProofReplayer Proof replay took 9.65ms 
325567     DEBUG main            d.u.i.k.p.r.p.TestFile    ... success: reloaded. 
325568     INFO  main            d.u.i.k.p.r.p.TestFile    Now processing file /home/runner/work/key/key/key.core/../key.ui/examples/standard_key/quantifiers/normalisation9.key 
325568     INFO  main            d.u.i.k.p.i.AbstractProblemLoader Loading environment from /home/runner/work/key/key/key.core/../key.ui/examples/standard_key/quantifiers/normalisation9.key 
325568     DEBUG main            d.u.i.k.p.i.AbstractProblemLoader Environment load took 202.3ns 
325570     INFO  main            d.u.i.k.p.i.AbstractProblemLoader Creating init config 
328493     DEBUG main            d.u.i.k.p.i.AbstractProblemLoader Init config took 2.92s 
328509     INFO  main            d.u.i.k.p.i.AbstractProblemLoader Replaying proof normalisation9.key 
328510     DEBUG main            d.u.i.k.p.i.IntermediateProofReplayer Proof replay took 7.2ns 
328612     INFO  main            d.u.i.k.p.r.p.TestFile    ... finished proof: closed. 
329082     INFO  main            d.u.i.k.p.i.AbstractProblemLoader Loading environment from /home/runner/work/key/key/key.core/../key.ui/examples/standard_key/quantifiers/normalisation9.key.proof 
329083     DEBUG main            d.u.i.k.p.i.AbstractProblemLoader Environment load took 86.1ns 
329084     INFO  main            d.u.i.k.p.i.AbstractProblemLoader Creating init config 
331978     DEBUG main            d.u.i.k.p.i.AbstractProblemLoader Init config took 2.89s 
331994     INFO  main            d.u.i.k.p.i.AbstractProblemLoader Replaying proof normalisation9.key.proof 
332007     DEBUG main            d.u.i.k.p.i.IntermediateProofReplayer Proof replay took 10.71ms 
332008     DEBUG main            d.u.i.k.p.r.p.TestFile    ... success: reloaded. 
332009     INFO  main            d.u.i.k.p.r.p.TestFile    Now processing file /home/runner/work/key/key/key.core/../key.ui/examples/standard_key/quantifiers/normalisation10.key 
332009     INFO  main            d.u.i.k.p.i.AbstractProblemLoader Loading environment from /home/runner/work/key/key/key.core/../key.ui/examples/standard_key/quantifiers/normalisation10.key 
332009     DEBUG main            d.u.i.k.p.i.AbstractProblemLoader Environment load took 211.5ns 
332010     INFO  main            d.u.i.k.p.i.AbstractProblemLoader Creating init config 
334961     DEBUG main            d.u.i.k.p.i.AbstractProblemLoader Init config took 2.95s 
334976     INFO  main            d.u.i.k.p.i.AbstractProblemLoader Replaying proof normalisation10.key 
334978     DEBUG main            d.u.i.k.p.i.IntermediateProofReplayer Proof replay took 6.8ns 
335080     INFO  main            d.u.i.k.p.r.p.TestFile    ... finished proof: closed. 
335574     INFO  main            d.u.i.k.p.i.AbstractProblemLoader Loading environment from /home/runner/work/key/key/key.core/../key.ui/examples/standard_key/quantifiers/normalisation10.key.proof 
335574     DEBUG main            d.u.i.k.p.i.AbstractProblemLoader Environment load took 90.1ns 
335576     INFO  main            d.u.i.k.p.i.AbstractProblemLoader Creating init config 
338516     DEBUG main            d.u.i.k.p.i.AbstractProblemLoader Init config took 2.94s 
338534     INFO  main            d.u.i.k.p.i.AbstractProblemLoader Replaying proof normalisation10.key.proof 
338543     DEBUG main            d.u.i.k.p.i.IntermediateProofReplayer Proof replay took 6.85ms 
338543     DEBUG main            d.u.i.k.p.r.p.TestFile    ... success: reloaded. 
338544     INFO  main            d.u.i.k.p.r.p.TestFile    Now processing file /home/runner/work/key/key/key.core/../key.ui/examples/standard_key/quantifiers/normalisation12.key 
338545     INFO  main            d.u.i.k.p.i.AbstractProblemLoader Loading environment from /home/runner/work/key/key/key.core/../key.ui/examples/standard_key/quantifiers/normalisation12.key 
338545     DEBUG main            d.u.i.k.p.i.AbstractProblemLoader Environment load took 108.6ns 
338546     INFO  main            d.u.i.k.p.i.AbstractProblemLoader Creating init config 
341495     DEBUG main            d.u.i.k.p.i.AbstractProblemLoader Init config took 2.95s 
341514     INFO  main            d.u.i.k.p.i.AbstractProblemLoader Replaying proof normalisation12.key 
341515     DEBUG main            d.u.i.k.p.i.IntermediateProofReplayer Proof replay took 7.9ns 
341618     INFO  main            d.u.i.k.p.r.p.TestFile    ... finished proof: closed. 
342122     INFO  main            d.u.i.k.p.i.AbstractProblemLoader Loading environment from /home/runner/work/key/key/key.core/../key.ui/examples/standard_key/quantifiers/normalisation12.key.proof 
342122     DEBUG main            d.u.i.k.p.i.AbstractProblemLoader Environment load took 85ns 
342123     INFO  main            d.u.i.k.p.i.AbstractProblemLoader Creating init config 
344995     DEBUG main            d.u.i.k.p.i.AbstractProblemLoader Init config took 2.87s 
345011     INFO  main            d.u.i.k.p.i.AbstractProblemLoader Replaying proof normalisation12.key.proof 
345014     DEBUG main            d.u.i.k.p.i.IntermediateProofReplayer Proof replay took 1.53ms 
345018     DEBUG main            d.u.i.k.p.r.p.TestFile    ... success: reloaded. 
345019     INFO  main            d.u.i.k.p.r.p.TestFile    Now processing file /home/runner/work/key/key/key.core/../key.ui/examples/standard_key/quantifiers/normalisation13.key 
345020     INFO  main            d.u.i.k.p.i.AbstractProblemLoader Loading environment from /home/runner/work/key/key/key.core/../key.ui/examples/standard_key/quantifiers/normalisation13.key 
345020     DEBUG main            d.u.i.k.p.i.AbstractProblemLoader Environment load took 86.1ns 
345021     INFO  main            d.u.i.k.p.i.AbstractProblemLoader Creating init config 
347926     DEBUG main            d.u.i.k.p.i.AbstractProblemLoader Init config took 2.91s 
347941     INFO  main            d.u.i.k.p.i.AbstractProblemLoader Replaying proof normalisation13.key 
347943     DEBUG main            d.u.i.k.p.i.IntermediateProofReplayer Proof replay took 6.9ns 
348044     INFO  main            d.u.i.k.p.r.p.TestFile    ... finished proof: closed. 
348543     INFO  main            d.u.i.k.p.i.AbstractProblemLoader Loading environment from /home/runner/work/key/key/key.core/../key.ui/examples/standard_key/quantifiers/normalisation13.key.proof 
348543     DEBUG main            d.u.i.k.p.i.AbstractProblemLoader Environment load took 88.3ns 
348544     INFO  main            d.u.i.k.p.i.AbstractProblemLoader Creating init config 
351464     DEBUG main            d.u.i.k.p.i.AbstractProblemLoader Init config took 2.92s 
351479     INFO  main            d.u.i.k.p.i.AbstractProblemLoader Replaying proof normalisation13.key.proof 
351481     DEBUG main            d.u.i.k.p.i.IntermediateProofReplayer Proof replay took 856.4ns 
351482     DEBUG main            d.u.i.k.p.r.p.TestFile    ... success: reloaded. 
351484     INFO  main            d.u.i.k.p.r.p.TestFile    Now processing file /home/runner/work/key/key/key.core/../key.ui/examples/standard_key/quantifiers/triggers0.key 
351484     INFO  main            d.u.i.k.p.i.AbstractProblemLoader Loading environment from /home/runner/work/key/key/key.core/../key.ui/examples/standard_key/quantifiers/triggers0.key 
351484     DEBUG main            d.u.i.k.p.i.AbstractProblemLoader Environment load took 81.8ns 
351485     INFO  main            d.u.i.k.p.i.AbstractProblemLoader Creating init config 
354428     DEBUG main            d.u.i.k.p.i.AbstractProblemLoader Init config took 2.94s 
354443     INFO  main            d.u.i.k.p.i.AbstractProblemLoader Replaying proof triggers0.key 
354444     DEBUG main            d.u.i.k.p.i.IntermediateProofReplayer Proof replay took 7.1ns 
354547     INFO  main            d.u.i.k.p.r.p.TestFile    ... finished proof: closed. 
355076     INFO  main            d.u.i.k.p.i.AbstractProblemLoader Loading environment from /home/runner/work/key/key/key.core/../key.ui/examples/standard_key/quantifiers/triggers0.key.proof 
355076     DEBUG main            d.u.i.k.p.i.AbstractProblemLoader Environment load took 88.3ns 
355077     INFO  main            d.u.i.k.p.i.AbstractProblemLoader Creating init config 
357909     DEBUG main            d.u.i.k.p.i.AbstractProblemLoader Init config took 2.83s 
357925     INFO  main            d.u.i.k.p.i.AbstractProblemLoader Replaying proof triggers0.key.proof 
357929     DEBUG main            d.u.i.k.p.i.IntermediateProofReplayer Proof replay took 1.94ms 
357930     DEBUG main            d.u.i.k.p.r.p.TestFile    ... success: reloaded. 
5098217    INFO  Test worker     d.u.i.k.p.r.RunAllProofsTestUnit Returning from test FOL 
5098220    INFO  Test worker     d.u.i.k.p.r.RunAllProofsTestUnit Running test strings 
427        INFO  Timeout watchdog d.u.i.k.p.r.p.ForkedTestFileRunner Timeout watcher launched (2000 secs.) 
462        WARN  main            d.u.i.k.s.ProofSettings   The settings in /home/runner/.key/proof-settings.props are *not* read. 
507        INFO  main            d.u.i.k.p.r.p.TestFile    Now processing file /home/runner/work/key/key/key.core/../key.ui/examples/standard_key/strings/charAt0.key 
670        INFO  main            d.u.i.k.p.i.AbstractProblemLoader Loading environment from /home/runner/work/key/key/key.core/../key.ui/examples/standard_key/strings/charAt0.key 
690        DEBUG main            d.u.i.k.p.i.AbstractProblemLoader Environment load took 2.21ms 
1031       INFO  main            d.u.i.k.p.i.AbstractProblemLoader Creating init config 
2249       DEBUG main            d.u.i.k.j.TypeConverter   No LDT found for Meta 
2250       DEBUG main            d.u.i.k.j.TypeConverter   No LDT found for Meta 
2254       DEBUG main            d.u.i.k.j.TypeConverter   No LDT found for Meta 
2255       DEBUG main            d.u.i.k.j.TypeConverter   No LDT found for Meta 
4362       DEBUG main            d.u.i.k.j.TypeConverter   No LDT found for JavaBigintExpression 
10308      DEBUG main            d.u.i.k.p.i.AbstractProblemLoader Init config took 9.28s 
10394      INFO  main            d.u.i.k.p.i.AbstractProblemLoader Replaying proof charAt0.key 
10438      DEBUG main            d.u.i.k.p.i.IntermediateProofReplayer Proof replay took 44.2ns 
10815      INFO  main            d.u.i.k.p.r.p.TestFile    ... finished proof: closed. 
10936      INFO  main            d.u.i.k.p.i.AbstractProblemLoader Loading environment from /home/runner/work/key/key/key.core/../key.ui/examples/standard_key/strings/charAt0.key.proof 
10937      DEBUG main            d.u.i.k.p.i.AbstractProblemLoader Environment load took 1.06ms 
10943      INFO  main            d.u.i.k.p.i.AbstractProblemLoader Creating init config 
14481      DEBUG main            d.u.i.k.p.i.AbstractProblemLoader Init config took 3.54s 
14518      INFO  main            d.u.i.k.p.i.AbstractProblemLoader Replaying proof charAt0.key.proof 
14546      DEBUG main            d.u.i.k.p.i.IntermediateProofReplayer Proof replay took 21.98ms 
14560      DEBUG main            d.u.i.k.p.r.p.TestFile    ... success: reloaded. 
14561      INFO  main            d.u.i.k.p.r.p.TestFile    Now processing file /home/runner/work/key/key/key.core/../key.ui/examples/standard_key/strings/charAt1.key 
14561      INFO  main            d.u.i.k.p.i.AbstractProblemLoader Loading environment from /home/runner/work/key/key/key.core/../key.ui/examples/standard_key/strings/charAt1.key 
14562      DEBUG main            d.u.i.k.p.i.AbstractProblemLoader Environment load took 232.6ns 
14563      INFO  main            d.u.i.k.p.i.AbstractProblemLoader Creating init config 
17848      DEBUG main            d.u.i.k.p.i.AbstractProblemLoader Init config took 3.28s 
17884      INFO  main            d.u.i.k.p.i.AbstractProblemLoader Replaying proof charAt1.key 
17886      DEBUG main            d.u.i.k.p.i.IntermediateProofReplayer Proof replay took 7.4ns 
18090      INFO  main            d.u.i.k.p.r.p.TestFile    ... finished proof: closed. 
18273      INFO  main            d.u.i.k.p.i.AbstractProblemLoader Loading environment from /home/runner/work/key/key/key.core/../key.ui/examples/standard_key/strings/charAt1.key.proof 
18274      DEBUG main            d.u.i.k.p.i.AbstractProblemLoader Environment load took 1.24ms 
18277      INFO  main            d.u.i.k.p.i.AbstractProblemLoader Creating init config 
21401      DEBUG main            d.u.i.k.p.i.AbstractProblemLoader Init config took 3.12s 
21429      INFO  main            d.u.i.k.p.i.AbstractProblemLoader Replaying proof charAt1.key.proof 
21455      DEBUG main            d.u.i.k.p.i.IntermediateProofReplayer Proof replay took 22.8ms 
21457      DEBUG main            d.u.i.k.p.r.p.TestFile    ... success: reloaded. 
21458      INFO  main            d.u.i.k.p.r.p.TestFile    Now processing file /home/runner/work/key/key/key.core/../key.ui/examples/standard_key/strings/concat1.key 
21458      INFO  main            d.u.i.k.p.i.AbstractProblemLoader Loading environment from /home/runner/work/key/key/key.core/../key.ui/examples/standard_key/strings/concat1.key 
21459      DEBUG main            d.u.i.k.p.i.AbstractProblemLoader Environment load took 223ns 
21460      INFO  main            d.u.i.k.p.i.AbstractProblemLoader Creating init config 
24577      DEBUG main            d.u.i.k.p.i.AbstractProblemLoader Init config took 3.12s 
24602      INFO  main            d.u.i.k.p.i.AbstractProblemLoader Replaying proof concat1.key 
24604      DEBUG main            d.u.i.k.p.i.IntermediateProofReplayer Proof replay took 6.4ns 
24707      INFO  main            d.u.i.k.p.r.p.TestFile    ... finished proof: closed. 
24881      INFO  main            d.u.i.k.p.i.AbstractProblemLoader Loading environment from /home/runner/work/key/key/key.core/../key.ui/examples/standard_key/strings/concat1.key.proof 
24881      DEBUG main            d.u.i.k.p.i.AbstractProblemLoader Environment load took 162.6ns 
24882      INFO  main            d.u.i.k.p.i.AbstractProblemLoader Creating init config 
27962      DEBUG main            d.u.i.k.p.i.AbstractProblemLoader Init config took 3.08s 
27988      INFO  main            d.u.i.k.p.i.AbstractProblemLoader Replaying proof concat1.key.proof 
27992      DEBUG main            d.u.i.k.p.i.IntermediateProofReplayer Proof replay took 1.58ms 
27993      DEBUG main            d.u.i.k.p.r.p.TestFile    ... success: reloaded. 
27994      INFO  main            d.u.i.k.p.r.p.TestFile    Now processing file /home/runner/work/key/key/key.core/../key.ui/examples/standard_key/strings/concat2.key 
27995      INFO  main            d.u.i.k.p.i.AbstractProblemLoader Loading environment from /home/runner/work/key/key/key.core/../key.ui/examples/standard_key/strings/concat2.key 
27995      DEBUG main            d.u.i.k.p.i.AbstractProblemLoader Environment load took 218.4ns 
27996      INFO  main            d.u.i.k.p.i.AbstractProblemLoader Creating init config 
31127      DEBUG main            d.u.i.k.p.i.AbstractProblemLoader Init config took 3.13s 
31152      INFO  main            d.u.i.k.p.i.AbstractProblemLoader Replaying proof concat2.key 
31155      DEBUG main            d.u.i.k.p.i.IntermediateProofReplayer Proof replay took 7.2ns 
31258      INFO  main            d.u.i.k.p.r.p.TestFile    ... finished proof: closed. 
31448      INFO  main            d.u.i.k.p.i.AbstractProblemLoader Loading environment from /home/runner/work/key/key/key.core/../key.ui/examples/standard_key/strings/concat2.key.proof 
31449      DEBUG main            d.u.i.k.p.i.AbstractProblemLoader Environment load took 414.1ns 
31451      INFO  main            d.u.i.k.p.i.AbstractProblemLoader Creating init config 
34464      DEBUG main            d.u.i.k.p.i.AbstractProblemLoader Init config took 3.01s 
34511      INFO  main            d.u.i.k.p.i.AbstractProblemLoader Replaying proof concat2.key.proof 
34545      DEBUG main            d.u.i.k.p.i.IntermediateProofReplayer Proof replay took 26.58ms 
34549      DEBUG main            d.u.i.k.p.r.p.TestFile    ... success: reloaded. 
34550      INFO  main            d.u.i.k.p.r.p.TestFile    Now processing file /home/runner/work/key/key/key.core/../key.ui/examples/standard_key/strings/deriveLength1.key 
34550      INFO  main            d.u.i.k.p.i.AbstractProblemLoader Loading environment from /home/runner/work/key/key/key.core/../key.ui/examples/standard_key/strings/deriveLength1.key 
34551      DEBUG main            d.u.i.k.p.i.AbstractProblemLoader Environment load took 223.6ns 
34554      INFO  main            d.u.i.k.p.i.AbstractProblemLoader Creating init config 
37596      DEBUG main            d.u.i.k.p.i.AbstractProblemLoader Init config took 3.04s 
37620      INFO  main            d.u.i.k.p.i.AbstractProblemLoader Replaying proof deriveLength1.key 
37622      DEBUG main            d.u.i.k.p.i.IntermediateProofReplayer Proof replay took 7.2ns 
37728      INFO  main            d.u.i.k.p.r.p.TestFile    ... finished proof: closed. 
37920      INFO  main            d.u.i.k.p.i.AbstractProblemLoader Loading environment from /home/runner/work/key/key/key.core/../key.ui/examples/standard_key/strings/deriveLength1.key.proof 
37921      DEBUG main            d.u.i.k.p.i.AbstractProblemLoader Environment load took 849ns 
37925      INFO  main            d.u.i.k.p.i.AbstractProblemLoader Creating init config 
40963      DEBUG main            d.u.i.k.p.i.AbstractProblemLoader Init config took 3.04s 
40985      INFO  main            d.u.i.k.p.i.AbstractProblemLoader Replaying proof deriveLength1.key.proof 
41000      DEBUG main            d.u.i.k.p.i.IntermediateProofReplayer Proof replay took 12.5ms 
41001      DEBUG main            d.u.i.k.p.r.p.TestFile    ... success: reloaded. 
41002      INFO  main            d.u.i.k.p.r.p.TestFile    Now processing file /home/runner/work/key/key/key.core/../key.ui/examples/standard_key/strings/emptyStringLengthZero.key 
41003      INFO  main            d.u.i.k.p.i.AbstractProblemLoader Loading environment from /home/runner/work/key/key/key.core/../key.ui/examples/standard_key/strings/emptyStringLengthZero.key 
41003      DEBUG main            d.u.i.k.p.i.AbstractProblemLoader Environment load took 130.3ns 
41004      INFO  main            d.u.i.k.p.i.AbstractProblemLoader Creating init config 
44076      DEBUG main            d.u.i.k.p.i.AbstractProblemLoader Init config took 3.07s 
44099      INFO  main            d.u.i.k.p.i.AbstractProblemLoader Replaying proof emptyStringLengthZero.key 
44102      DEBUG main            d.u.i.k.p.i.IntermediateProofReplayer Proof replay took 6.8ns 
44205      INFO  main            d.u.i.k.p.r.p.TestFile    ... finished proof: closed. 
44398      INFO  main            d.u.i.k.p.i.AbstractProblemLoader Loading environment from /home/runner/work/key/key/key.core/../key.ui/examples/standard_key/strings/emptyStringLengthZero.key.proof 
44398      DEBUG main            d.u.i.k.p.i.AbstractProblemLoader Environment load took 144.6ns 
44400      INFO  main            d.u.i.k.p.i.AbstractProblemLoader Creating init config 
47413      DEBUG main            d.u.i.k.p.i.AbstractProblemLoader Init config took 3.01s 
47433      INFO  main            d.u.i.k.p.i.AbstractProblemLoader Replaying proof emptyStringLengthZero.key.proof 
47451      DEBUG main            d.u.i.k.p.i.IntermediateProofReplayer Proof replay took 11.6ms 
47456      DEBUG main            d.u.i.k.p.r.p.TestFile    ... success: reloaded. 
47457      INFO  main            d.u.i.k.p.r.p.TestFile    Now processing file /home/runner/work/key/key/key.core/../key.ui/examples/standard_key/strings/implicitBooleanStringConversion.key 
47458      INFO  main            d.u.i.k.p.i.AbstractProblemLoader Loading environment from /home/runner/work/key/key/key.core/../key.ui/examples/standard_key/strings/implicitBooleanStringConversion.key 
47458      DEBUG main            d.u.i.k.p.i.AbstractProblemLoader Environment load took 253.8ns 
47460      INFO  main            d.u.i.k.p.i.AbstractProblemLoader Creating init config 
50504      DEBUG main            d.u.i.k.p.i.AbstractProblemLoader Init config took 3.04s 
50527      INFO  main            d.u.i.k.p.i.AbstractProblemLoader Replaying proof implicitBooleanStringConversion.key 
50528      DEBUG main            d.u.i.k.p.i.IntermediateProofReplayer Proof replay took 7.4ns 
51869      INFO  main            d.u.i.k.p.r.p.TestFile    ... finished proof: closed. 
52126      INFO  main            d.u.i.k.p.i.AbstractProblemLoader Loading environment from /home/runner/work/key/key/key.core/../key.ui/examples/standard_key/strings/implicitBooleanStringConversion.key.proof 
52127      DEBUG main            d.u.i.k.p.i.AbstractProblemLoader Environment load took 636.9ns 
52129      INFO  main            d.u.i.k.p.i.AbstractProblemLoader Creating init config 
55240      DEBUG main            d.u.i.k.p.i.AbstractProblemLoader Init config took 3.11s 
55264      INFO  main            d.u.i.k.p.i.AbstractProblemLoader Replaying proof implicitBooleanStringConversion.key.proof 
55428      DEBUG main            d.u.i.k.p.i.IntermediateProofReplayer Proof replay took 155.7ms 
55429      DEBUG main            d.u.i.k.p.r.p.TestFile    ... success: reloaded. 
55430      INFO  main            d.u.i.k.p.r.p.TestFile    Now processing file /home/runner/work/key/key/key.core/../key.ui/examples/standard_key/strings/implicitBooleanStringConversion2.key 
55430      INFO  main            d.u.i.k.p.i.AbstractProblemLoader Loading environment from /home/runner/work/key/key/key.core/../key.ui/examples/standard_key/strings/implicitBooleanStringConversion2.key 
55430      DEBUG main            d.u.i.k.p.i.AbstractProblemLoader Environment load took 125ns 
55432      INFO  main            d.u.i.k.p.i.AbstractProblemLoader Creating init config 
58415      DEBUG main            d.u.i.k.p.i.AbstractProblemLoader Init config took 2.98s 
58435      INFO  main            d.u.i.k.p.i.AbstractProblemLoader Replaying proof implicitBooleanStringConversion2.key 
58437      DEBUG main            d.u.i.k.p.i.IntermediateProofReplayer Proof replay took 6.4ns 
58948      INFO  main            d.u.i.k.p.r.p.TestFile    ... finished proof: closed. 
59228      INFO  main            d.u.i.k.p.i.AbstractProblemLoader Loading environment from /home/runner/work/key/key/key.core/../key.ui/examples/standard_key/strings/implicitBooleanStringConversion2.key.proof 
59229      DEBUG main            d.u.i.k.p.i.AbstractProblemLoader Environment load took 601.9ns 
59230      INFO  main            d.u.i.k.p.i.AbstractProblemLoader Creating init config 
62217      DEBUG main            d.u.i.k.p.i.AbstractProblemLoader Init config took 2.99s 
62237      INFO  main            d.u.i.k.p.i.AbstractProblemLoader Replaying proof implicitBooleanStringConversion2.key.proof 
62304      DEBUG main            d.u.i.k.p.i.IntermediateProofReplayer Proof replay took 62.72ms 
62305      DEBUG main            d.u.i.k.p.r.p.TestFile    ... success: reloaded. 
62306      INFO  main            d.u.i.k.p.r.p.TestFile    Now processing file /home/runner/work/key/key/key.core/../key.ui/examples/standard_key/strings/implicitIntStringConversion.key 
62307      INFO  main            d.u.i.k.p.i.AbstractProblemLoader Loading environment from /home/runner/work/key/key/key.core/../key.ui/examples/standard_key/strings/implicitIntStringConversion.key 
62307      DEBUG main            d.u.i.k.p.i.AbstractProblemLoader Environment load took 221.4ns 
62308      INFO  main            d.u.i.k.p.i.AbstractProblemLoader Creating init config 
65181      DEBUG main            d.u.i.k.p.i.AbstractProblemLoader Init config took 2.87s 
65201      INFO  main            d.u.i.k.p.i.AbstractProblemLoader Replaying proof implicitIntStringConversion.key 
65203      DEBUG main            d.u.i.k.p.i.IntermediateProofReplayer Proof replay took 7.5ns 
66209      INFO  main            d.u.i.k.p.r.p.TestFile    ... finished proof: closed. 
66443      INFO  main            d.u.i.k.p.i.AbstractProblemLoader Loading environment from /home/runner/work/key/key/key.core/../key.ui/examples/standard_key/strings/implicitIntStringConversion.key.proof 
66444      DEBUG main            d.u.i.k.p.i.AbstractProblemLoader Environment load took 404.6ns 
66445      INFO  main            d.u.i.k.p.i.AbstractProblemLoader Creating init config 
69402      DEBUG main            d.u.i.k.p.i.AbstractProblemLoader Init config took 2.96s 
69422      INFO  main            d.u.i.k.p.i.AbstractProblemLoader Replaying proof implicitIntStringConversion.key.proof 
69520      DEBUG main            d.u.i.k.p.i.IntermediateProofReplayer Proof replay took 92.15ms 
69522      DEBUG main            d.u.i.k.p.r.p.TestFile    ... success: reloaded. 
69523      INFO  main            d.u.i.k.p.r.p.TestFile    Now processing file /home/runner/work/key/key/key.core/../key.ui/examples/standard_key/strings/implicitNullStringConversion.key 
69523      INFO  main            d.u.i.k.p.i.AbstractProblemLoader Loading environment from /home/runner/work/key/key/key.core/../key.ui/examples/standard_key/strings/implicitNullStringConversion.key 
69523      DEBUG main            d.u.i.k.p.i.AbstractProblemLoader Environment load took 218ns 
69525      INFO  main            d.u.i.k.p.i.AbstractProblemLoader Creating init config 
72478      DEBUG main            d.u.i.k.p.i.AbstractProblemLoader Init config took 2.95s 
72497      INFO  main            d.u.i.k.p.i.AbstractProblemLoader Replaying proof implicitNullStringConversion.key 
72499      DEBUG main            d.u.i.k.p.i.IntermediateProofReplayer Proof replay took 7.8ns 
72908      INFO  main            d.u.i.k.p.r.p.TestFile    ... finished proof: closed. 
73172      INFO  main            d.u.i.k.p.i.AbstractProblemLoader Loading environment from /home/runner/work/key/key/key.core/../key.ui/examples/standard_key/strings/implicitNullStringConversion.key.proof 
73173      DEBUG main            d.u.i.k.p.i.AbstractProblemLoader Environment load took 140.4ns 
73174      INFO  main            d.u.i.k.p.i.AbstractProblemLoader Creating init config 
76145      DEBUG main            d.u.i.k.p.i.AbstractProblemLoader Init config took 2.97s 
76167      INFO  main            d.u.i.k.p.i.AbstractProblemLoader Replaying proof implicitNullStringConversion.key.proof 
76213      DEBUG main            d.u.i.k.p.i.IntermediateProofReplayer Proof replay took 41.93ms 
76214      DEBUG main            d.u.i.k.p.r.p.TestFile    ... success: reloaded. 
76215      INFO  main            d.u.i.k.p.r.p.TestFile    Now processing file /home/runner/work/key/key/key.core/../key.ui/examples/standard_key/strings/implicitNullStringConversion2.key 
76215      INFO  main            d.u.i.k.p.i.AbstractProblemLoader Loading environment from /home/runner/work/key/key/key.core/../key.ui/examples/standard_key/strings/implicitNullStringConversion2.key 
76215      DEBUG main            d.u.i.k.p.i.AbstractProblemLoader Environment load took 120.4ns 
76216      INFO  main            d.u.i.k.p.i.AbstractProblemLoader Creating init config 
79235      DEBUG main            d.u.i.k.p.i.AbstractProblemLoader Init config took 3.02s 
79254      INFO  main            d.u.i.k.p.i.AbstractProblemLoader Replaying proof implicitNullStringConversion2.key 
79256      DEBUG main            d.u.i.k.p.i.IntermediateProofReplayer Proof replay took 7.2ns 
79459      INFO  main            d.u.i.k.p.r.p.TestFile    ... finished proof: closed. 
79736      INFO  main            d.u.i.k.p.i.AbstractProblemLoader Loading environment from /home/runner/work/key/key/key.core/../key.ui/examples/standard_key/strings/implicitNullStringConversion2.key.proof 
79737      DEBUG main            d.u.i.k.p.i.AbstractProblemLoader Environment load took 415.4ns 
79738      INFO  main            d.u.i.k.p.i.AbstractProblemLoader Creating init config 
82652      DEBUG main            d.u.i.k.p.i.AbstractProblemLoader Init config took 2.91s 
82673      INFO  main            d.u.i.k.p.i.AbstractProblemLoader Replaying proof implicitNullStringConversion2.key.proof 
82726      DEBUG main            d.u.i.k.p.i.IntermediateProofReplayer Proof replay took 46.61ms 
82728      DEBUG main            d.u.i.k.p.r.p.TestFile    ... success: reloaded. 
82729      INFO  main            d.u.i.k.p.r.p.TestFile    Now processing file /home/runner/work/key/key/key.core/../key.ui/examples/standard_key/strings/implicitObjectStringConversion.key 
82729      INFO  main            d.u.i.k.p.i.AbstractProblemLoader Loading environment from /home/runner/work/key/key/key.core/../key.ui/examples/standard_key/strings/implicitObjectStringConversion.key 
82731      DEBUG main            d.u.i.k.p.i.AbstractProblemLoader Environment load took 215ns 
82733      INFO  main            d.u.i.k.p.i.AbstractProblemLoader Creating init config 
86000      DEBUG main            d.u.i.k.p.i.AbstractProblemLoader Init config took 3.27s 
86020      INFO  main            d.u.i.k.p.i.AbstractProblemLoader Replaying proof implicitObjectStringConversion.key 
86022      DEBUG main            d.u.i.k.p.i.IntermediateProofReplayer Proof replay took 7.2ns 
86734      INFO  main            d.u.i.k.p.r.p.TestFile    ... finished proof: closed. 
86969      INFO  main            d.u.i.k.p.i.AbstractProblemLoader Loading environment from /home/runner/work/key/key/key.core/../key.ui/examples/standard_key/strings/implicitObjectStringConversion.key.proof 
86970      DEBUG main            d.u.i.k.p.i.AbstractProblemLoader Environment load took 1.6ms 
86972      INFO  main            d.u.i.k.p.i.AbstractProblemLoader Creating init config 
90178      DEBUG main            d.u.i.k.p.i.AbstractProblemLoader Init config took 3.21s 
90202      INFO  main            d.u.i.k.p.i.AbstractProblemLoader Replaying proof implicitObjectStringConversion.key.proof 
90314      DEBUG main            d.u.i.k.p.i.IntermediateProofReplayer Proof replay took 106.92ms 
90316      DEBUG main            d.u.i.k.p.r.p.TestFile    ... success: reloaded. 
90317      INFO  main            d.u.i.k.p.r.p.TestFile    Now processing file /home/runner/work/key/key/key.core/../key.ui/examples/standard_key/strings/literalEquality.key 
90317      INFO  main            d.u.i.k.p.i.AbstractProblemLoader Loading environment from /home/runner/work/key/key/key.core/../key.ui/examples/standard_key/strings/literalEquality.key 
90317      DEBUG main            d.u.i.k.p.i.AbstractProblemLoader Environment load took 121.7ns 
90319      INFO  main            d.u.i.k.p.i.AbstractProblemLoader Creating init config 
93279      DEBUG main            d.u.i.k.p.i.AbstractProblemLoader Init config took 2.96s 
93318      INFO  main            d.u.i.k.p.i.AbstractProblemLoader Replaying proof literalEquality.key 
93320      DEBUG main            d.u.i.k.p.i.IntermediateProofReplayer Proof replay took 7.2ns 
93422      INFO  main            d.u.i.k.p.r.p.TestFile    ... finished proof: closed. 
93712      INFO  main            d.u.i.k.p.i.AbstractProblemLoader Loading environment from /home/runner/work/key/key/key.core/../key.ui/examples/standard_key/strings/literalEquality.key.proof 
93712      DEBUG main            d.u.i.k.p.i.AbstractProblemLoader Environment load took 128.9ns 
93714      INFO  main            d.u.i.k.p.i.AbstractProblemLoader Creating init config 
96622      DEBUG main            d.u.i.k.p.i.AbstractProblemLoader Init config took 2.91s 
96641      INFO  main            d.u.i.k.p.i.AbstractProblemLoader Replaying proof literalEquality.key.proof 
96651      DEBUG main            d.u.i.k.p.i.IntermediateProofReplayer Proof replay took 3.73ms 
96652      DEBUG main            d.u.i.k.p.r.p.TestFile    ... success: reloaded. 
96653      INFO  main            d.u.i.k.p.r.p.TestFile    Now processing file /home/runner/work/key/key/key.core/../key.ui/examples/standard_key/strings/replace0.key 
96653      INFO  main            d.u.i.k.p.i.AbstractProblemLoader Loading environment from /home/runner/work/key/key/key.core/../key.ui/examples/standard_key/strings/replace0.key 
96653      DEBUG main            d.u.i.k.p.i.AbstractProblemLoader Environment load took 211.8ns 
96654      INFO  main            d.u.i.k.p.i.AbstractProblemLoader Creating init config 
99608      DEBUG main            d.u.i.k.p.i.AbstractProblemLoader Init config took 2.95s 
99625      INFO  main            d.u.i.k.p.i.AbstractProblemLoader Replaying proof replace0.key 
99626      DEBUG main            d.u.i.k.p.i.IntermediateProofReplayer Proof replay took 7.3ns 
99728      INFO  main            d.u.i.k.p.r.p.TestFile    ... finished proof: closed. 
99999      INFO  main            d.u.i.k.p.i.AbstractProblemLoader Loading environment from /home/runner/work/key/key/key.core/../key.ui/examples/standard_key/strings/replace0.key.proof 
99999      DEBUG main            d.u.i.k.p.i.AbstractProblemLoader Environment load took 156.5ns 
100000     INFO  main            d.u.i.k.p.i.AbstractProblemLoader Creating init config 
102844     DEBUG main            d.u.i.k.p.i.AbstractProblemLoader Init config took 2.84s 
102863     INFO  main            d.u.i.k.p.i.AbstractProblemLoader Replaying proof replace0.key.proof 
102871     DEBUG main            d.u.i.k.p.i.IntermediateProofReplayer Proof replay took 6.41ms 
102872     DEBUG main            d.u.i.k.p.r.p.TestFile    ... success: reloaded. 
102873     INFO  main            d.u.i.k.p.r.p.TestFile    Now processing file /home/runner/work/key/key/key.core/../key.ui/examples/standard_key/strings/replace1.key 
102874     INFO  main            d.u.i.k.p.i.AbstractProblemLoader Loading environment from /home/runner/work/key/key/key.core/../key.ui/examples/standard_key/strings/replace1.key 
102874     DEBUG main            d.u.i.k.p.i.AbstractProblemLoader Environment load took 207ns 
102875     INFO  main            d.u.i.k.p.i.AbstractProblemLoader Creating init config 
105865     DEBUG main            d.u.i.k.p.i.AbstractProblemLoader Init config took 2.99s 
105882     INFO  main            d.u.i.k.p.i.AbstractProblemLoader Replaying proof replace1.key 
105883     DEBUG main            d.u.i.k.p.i.IntermediateProofReplayer Proof replay took 7.2ns 
105986     INFO  main            d.u.i.k.p.r.p.TestFile    ... finished proof: closed. 
106290     INFO  main            d.u.i.k.p.i.AbstractProblemLoader Loading environment from /home/runner/work/key/key/key.core/../key.ui/examples/standard_key/strings/replace1.key.proof 
106291     DEBUG main            d.u.i.k.p.i.AbstractProblemLoader Environment load took 137.6ns 
106292     INFO  main            d.u.i.k.p.i.AbstractProblemLoader Creating init config 
109146     DEBUG main            d.u.i.k.p.i.AbstractProblemLoader Init config took 2.85s 
109163     INFO  main            d.u.i.k.p.i.AbstractProblemLoader Replaying proof replace1.key.proof 
109172     DEBUG main            d.u.i.k.p.i.IntermediateProofReplayer Proof replay took 7.71ms 
109173     DEBUG main            d.u.i.k.p.r.p.TestFile    ... success: reloaded. 
109174     INFO  main            d.u.i.k.p.r.p.TestFile    Now processing file /home/runner/work/key/key/key.core/../key.ui/examples/standard_key/strings/simpleAssignment.key 
109175     INFO  main            d.u.i.k.p.i.AbstractProblemLoader Loading environment from /home/runner/work/key/key/key.core/../key.ui/examples/standard_key/strings/simpleAssignment.key 
109175     DEBUG main            d.u.i.k.p.i.AbstractProblemLoader Environment load took 123.5ns 
109176     INFO  main            d.u.i.k.p.i.AbstractProblemLoader Creating init config 
112153     DEBUG main            d.u.i.k.p.i.AbstractProblemLoader Init config took 2.98s 
112170     INFO  main            d.u.i.k.p.i.AbstractProblemLoader Replaying proof simpleAssignment.key 
112171     DEBUG main            d.u.i.k.p.i.IntermediateProofReplayer Proof replay took 7.7ns 
112275     INFO  main            d.u.i.k.p.r.p.TestFile    ... finished proof: closed. 
112555     INFO  main            d.u.i.k.p.i.AbstractProblemLoader Loading environment from /home/runner/work/key/key/key.core/../key.ui/examples/standard_key/strings/simpleAssignment.key.proof 
112555     DEBUG main            d.u.i.k.p.i.AbstractProblemLoader Environment load took 152.2ns 
112557     INFO  main            d.u.i.k.p.i.AbstractProblemLoader Creating init config 
115467     DEBUG main            d.u.i.k.p.i.AbstractProblemLoader Init config took 2.91s 
115489     INFO  main            d.u.i.k.p.i.AbstractProblemLoader Replaying proof simpleAssignment.key.proof 
115496     DEBUG main            d.u.i.k.p.i.IntermediateProofReplayer Proof replay took 2.85ms 
115498     DEBUG main            d.u.i.k.p.r.p.TestFile    ... success: reloaded. 
115499     INFO  main            d.u.i.k.p.r.p.TestFile    Now processing file /home/runner/work/key/key/key.core/../key.ui/examples/standard_key/strings/simpleLengthComp.key 
115500     INFO  main            d.u.i.k.p.i.AbstractProblemLoader Loading environment from /home/runner/work/key/key/key.core/../key.ui/examples/standard_key/strings/simpleLengthComp.key 
115500     DEBUG main            d.u.i.k.p.i.AbstractProblemLoader Environment load took 134.2ns 
115502     INFO  main            d.u.i.k.p.i.AbstractProblemLoader Creating init config 
118445     DEBUG main            d.u.i.k.p.i.AbstractProblemLoader Init config took 2.94s 
118462     INFO  main            d.u.i.k.p.i.AbstractProblemLoader Replaying proof simpleLengthComp.key 
118466     DEBUG main            d.u.i.k.p.i.IntermediateProofReplayer Proof replay took 9.5ns 
118671     INFO  main            d.u.i.k.p.r.p.TestFile    ... finished proof: closed. 
118956     INFO  main            d.u.i.k.p.i.AbstractProblemLoader Loading environment from /home/runner/work/key/key/key.core/../key.ui/examples/standard_key/strings/simpleLengthComp.key.proof 
118956     DEBUG main            d.u.i.k.p.i.AbstractProblemLoader Environment load took 197.7ns 
118957     INFO  main            d.u.i.k.p.i.AbstractProblemLoader Creating init config 
121833     DEBUG main            d.u.i.k.p.i.AbstractProblemLoader Init config took 2.88s 
121853     INFO  main            d.u.i.k.p.i.AbstractProblemLoader Replaying proof simpleLengthComp.key.proof 
121903     DEBUG main            d.u.i.k.p.i.IntermediateProofReplayer Proof replay took 31.42ms 
121904     DEBUG main            d.u.i.k.p.r.p.TestFile    ... success: reloaded. 
121905     INFO  main            d.u.i.k.p.r.p.TestFile    Now processing file /home/runner/work/key/key/key.core/../key.ui/examples/standard_key/strings/stringCompileTimeConstant1.key 
121905     INFO  main            d.u.i.k.p.i.AbstractProblemLoader Loading environment from /home/runner/work/key/key/key.core/../key.ui/examples/standard_key/strings/stringCompileTimeConstant1.key 
121906     DEBUG main            d.u.i.k.p.i.AbstractProblemLoader Environment load took 133.9ns 
121907     INFO  main            d.u.i.k.p.i.AbstractProblemLoader Creating init config 
124921     DEBUG main            d.u.i.k.p.i.AbstractProblemLoader Init config took 3.01s 
124940     INFO  main            d.u.i.k.p.i.AbstractProblemLoader Replaying proof stringCompileTimeConstant1.key 
124942     DEBUG main            d.u.i.k.p.i.IntermediateProofReplayer Proof replay took 8.1ns 
125048     INFO  main            d.u.i.k.p.r.p.TestFile    ... finished proof: closed. 
125340     INFO  main            d.u.i.k.p.i.AbstractProblemLoader Loading environment from /home/runner/work/key/key/key.core/../key.ui/examples/standard_key/strings/stringCompileTimeConstant1.key.proof 
125340     DEBUG main            d.u.i.k.p.i.AbstractProblemLoader Environment load took 124.3ns 
125342     INFO  main            d.u.i.k.p.i.AbstractProblemLoader Creating init config 
128209     DEBUG main            d.u.i.k.p.i.AbstractProblemLoader Init config took 2.87s 
128227     INFO  main            d.u.i.k.p.i.AbstractProblemLoader Replaying proof stringCompileTimeConstant1.key.proof 
128233     DEBUG main            d.u.i.k.p.i.IntermediateProofReplayer Proof replay took 4.17ms 
128235     DEBUG main            d.u.i.k.p.r.p.TestFile    ... success: reloaded. 
128235     INFO  main            d.u.i.k.p.r.p.TestFile    Now processing file /home/runner/work/key/key/key.core/../key.ui/examples/standard_key/strings/stringCompileTimeConstant2.key 
128236     INFO  main            d.u.i.k.p.i.AbstractProblemLoader Loading environment from /home/runner/work/key/key/key.core/../key.ui/examples/standard_key/strings/stringCompileTimeConstant2.key 
128236     DEBUG main            d.u.i.k.p.i.AbstractProblemLoader Environment load took 115.4ns 
128237     INFO  main            d.u.i.k.p.i.AbstractProblemLoader Creating init config 
131329     DEBUG main            d.u.i.k.p.i.AbstractProblemLoader Init config took 3.09s 
131347     INFO  main            d.u.i.k.p.i.AbstractProblemLoader Replaying proof stringCompileTimeConstant2.key 
131350     DEBUG main            d.u.i.k.p.i.IntermediateProofReplayer Proof replay took 8.1ns 
134914     INFO  main            d.u.i.k.p.r.p.TestFile    ... finished proof: closed. 
135270     INFO  main            d.u.i.k.p.i.AbstractProblemLoader Loading environment from /home/runner/work/key/key/key.core/../key.ui/examples/standard_key/strings/stringCompileTimeConstant2.key.proof 
135270     DEBUG main            d.u.i.k.p.i.AbstractProblemLoader Environment load took 401.7ns 
135272     INFO  main            d.u.i.k.p.i.AbstractProblemLoader Creating init config 
138269     DEBUG main            d.u.i.k.p.i.AbstractProblemLoader Init config took 3s 
138287     INFO  main            d.u.i.k.p.i.AbstractProblemLoader Replaying proof stringCompileTimeConstant2.key.proof 
138752     DEBUG main            d.u.i.k.p.i.IntermediateProofReplayer Proof replay took 452.81ms 
138754     DEBUG main            d.u.i.k.p.r.p.TestFile    ... success: reloaded. 
138755     INFO  main            d.u.i.k.p.r.p.TestFile    Now processing file /home/runner/work/key/key/key.core/../key.ui/examples/standard_key/strings/stringEquality1.key 
138756     INFO  main            d.u.i.k.p.i.AbstractProblemLoader Loading environment from /home/runner/work/key/key/key.core/../key.ui/examples/standard_key/strings/stringEquality1.key 
138756     DEBUG main            d.u.i.k.p.i.AbstractProblemLoader Environment load took 205ns 
138757     INFO  main            d.u.i.k.p.i.AbstractProblemLoader Creating init config 
141762     DEBUG main            d.u.i.k.p.i.AbstractProblemLoader Init config took 3s 
141778     INFO  main            d.u.i.k.p.i.AbstractProblemLoader Replaying proof stringEquality1.key 
141780     DEBUG main            d.u.i.k.p.i.IntermediateProofReplayer Proof replay took 8.3ns 
141883     INFO  main            d.u.i.k.p.r.p.TestFile    ... finished proof: closed. 
142240     INFO  main            d.u.i.k.p.i.AbstractProblemLoader Loading environment from /home/runner/work/key/key/key.core/../key.ui/examples/standard_key/strings/stringEquality1.key.proof 
142240     DEBUG main            d.u.i.k.p.i.AbstractProblemLoader Environment load took 130.8ns 
142241     INFO  main            d.u.i.k.p.i.AbstractProblemLoader Creating init config 
145035     DEBUG main            d.u.i.k.p.i.AbstractProblemLoader Init config took 2.79s 
145052     INFO  main            d.u.i.k.p.i.AbstractProblemLoader Replaying proof stringEquality1.key.proof 
145065     DEBUG main            d.u.i.k.p.i.IntermediateProofReplayer Proof replay took 10.38ms 
145066     DEBUG main            d.u.i.k.p.r.p.TestFile    ... success: reloaded. 
145067     INFO  main            d.u.i.k.p.r.p.TestFile    Now processing file /home/runner/work/key/key/key.core/../key.ui/examples/standard_key/strings/stringEquality2.key 
145067     INFO  main            d.u.i.k.p.i.AbstractProblemLoader Loading environment from /home/runner/work/key/key/key.core/../key.ui/examples/standard_key/strings/stringEquality2.key 
145067     DEBUG main            d.u.i.k.p.i.AbstractProblemLoader Environment load took 215.6ns 
145069     INFO  main            d.u.i.k.p.i.AbstractProblemLoader Creating init config 
147998     DEBUG main            d.u.i.k.p.i.AbstractProblemLoader Init config took 2.93s 
148013     INFO  main            d.u.i.k.p.i.AbstractProblemLoader Replaying proof stringEquality2.key 
148015     DEBUG main            d.u.i.k.p.i.IntermediateProofReplayer Proof replay took 8.4ns 
148537     INFO  main            d.u.i.k.p.r.p.TestFile    ... finished proof: closed. 
148880     INFO  main            d.u.i.k.p.i.AbstractProblemLoader Loading environment from /home/runner/work/key/key/key.core/../key.ui/examples/standard_key/strings/stringEquality2.key.proof 
148881     DEBUG main            d.u.i.k.p.i.AbstractProblemLoader Environment load took 480.92ns 
148883     INFO  main            d.u.i.k.p.i.AbstractProblemLoader Creating init config 
151713     DEBUG main            d.u.i.k.p.i.AbstractProblemLoader Init config took 2.83s 
151741     INFO  main            d.u.i.k.p.i.AbstractProblemLoader Replaying proof stringEquality2.key.proof 
151818     DEBUG main            d.u.i.k.p.i.IntermediateProofReplayer Proof replay took 72.75ms 
151820     DEBUG main            d.u.i.k.p.r.p.TestFile    ... success: reloaded. 
151820     INFO  main            d.u.i.k.p.r.p.TestFile    Now processing file /home/runner/work/key/key/key.core/../key.ui/examples/standard_key/strings/substring0.key 
151821     INFO  main            d.u.i.k.p.i.AbstractProblemLoader Loading environment from /home/runner/work/key/key/key.core/../key.ui/examples/standard_key/strings/substring0.key 
151821     DEBUG main            d.u.i.k.p.i.AbstractProblemLoader Environment load took 116.7ns 
151822     INFO  main            d.u.i.k.p.i.AbstractProblemLoader Creating init config 
154724     DEBUG main            d.u.i.k.p.i.AbstractProblemLoader Init config took 2.9s 
154741     INFO  main            d.u.i.k.p.i.AbstractProblemLoader Replaying proof substring0.key 
154742     DEBUG main            d.u.i.k.p.i.IntermediateProofReplayer Proof replay took 20.4ns 
154854     INFO  main            d.u.i.k.p.r.p.TestFile    ... finished proof: closed. 
155180     INFO  main            d.u.i.k.p.i.AbstractProblemLoader Loading environment from /home/runner/work/key/key/key.core/../key.ui/examples/standard_key/strings/substring0.key.proof 
155180     DEBUG main            d.u.i.k.p.i.AbstractProblemLoader Environment load took 197.91ns 
155182     INFO  main            d.u.i.k.p.i.AbstractProblemLoader Creating init config 
158044     DEBUG main            d.u.i.k.p.i.AbstractProblemLoader Init config took 2.86s 
158061     INFO  main            d.u.i.k.p.i.AbstractProblemLoader Replaying proof substring0.key.proof 
158063     DEBUG main            d.u.i.k.p.i.IntermediateProofReplayer Proof replay took 545.71ns 
158064     DEBUG main            d.u.i.k.p.r.p.TestFile    ... success: reloaded. 
158065     INFO  main            d.u.i.k.p.r.p.TestFile    Now processing file /home/runner/work/key/key/key.core/../key.ui/examples/standard_key/strings/substring1.key 
158065     INFO  main            d.u.i.k.p.i.AbstractProblemLoader Loading environment from /home/runner/work/key/key/key.core/../key.ui/examples/standard_key/strings/substring1.key 
158065     DEBUG main            d.u.i.k.p.i.AbstractProblemLoader Environment load took 114.1ns 
158066     INFO  main            d.u.i.k.p.i.AbstractProblemLoader Creating init config 
161005     DEBUG main            d.u.i.k.p.i.AbstractProblemLoader Init config took 2.94s 
161022     INFO  main            d.u.i.k.p.i.AbstractProblemLoader Replaying proof substring1.key 
161024     DEBUG main            d.u.i.k.p.i.IntermediateProofReplayer Proof replay took 9ns 
161132     INFO  main            d.u.i.k.p.r.p.TestFile    ... finished proof: closed. 
161471     INFO  main            d.u.i.k.p.i.AbstractProblemLoader Loading environment from /home/runner/work/key/key/key.core/../key.ui/examples/standard_key/strings/substring1.key.proof 
161471     DEBUG main            d.u.i.k.p.i.AbstractProblemLoader Environment load took 122.9ns 
161474     INFO  main            d.u.i.k.p.i.AbstractProblemLoader Creating init config 
164288     DEBUG main            d.u.i.k.p.i.AbstractProblemLoader Init config took 2.81s 
164304     INFO  main            d.u.i.k.p.i.AbstractProblemLoader Replaying proof substring1.key.proof 
164306     DEBUG main            d.u.i.k.p.i.IntermediateProofReplayer Proof replay took 585.71ns 
164307     DEBUG main            d.u.i.k.p.r.p.TestFile    ... success: reloaded. 
164308     INFO  main            d.u.i.k.p.r.p.TestFile    Now processing file /home/runner/work/key/key/key.core/../key.ui/examples/standard_key/strings/substring2.key 
164308     INFO  main            d.u.i.k.p.i.AbstractProblemLoader Loading environment from /home/runner/work/key/key/key.core/../key.ui/examples/standard_key/strings/substring2.key 
164308     DEBUG main            d.u.i.k.p.i.AbstractProblemLoader Environment load took 119.7ns 
164309     INFO  main            d.u.i.k.p.i.AbstractProblemLoader Creating init config 
167179     DEBUG main            d.u.i.k.p.i.AbstractProblemLoader Init config took 2.87s 
167196     INFO  main            d.u.i.k.p.i.AbstractProblemLoader Replaying proof substring2.key 
167197     DEBUG main            d.u.i.k.p.i.IntermediateProofReplayer Proof replay took 9.4ns 
167300     INFO  main            d.u.i.k.p.r.p.TestFile    ... finished proof: closed. 
167631     INFO  main            d.u.i.k.p.i.AbstractProblemLoader Loading environment from /home/runner/work/key/key/key.core/../key.ui/examples/standard_key/strings/substring2.key.proof 
167631     DEBUG main            d.u.i.k.p.i.AbstractProblemLoader Environment load took 119.1ns 
167632     INFO  main            d.u.i.k.p.i.AbstractProblemLoader Creating init config 
170446     DEBUG main            d.u.i.k.p.i.AbstractProblemLoader Init config took 2.81s 
170462     INFO  main            d.u.i.k.p.i.AbstractProblemLoader Replaying proof substring2.key.proof 
170465     DEBUG main            d.u.i.k.p.i.IntermediateProofReplayer Proof replay took 1.11ms 
170466     DEBUG main            d.u.i.k.p.r.p.TestFile    ... success: reloaded. 
170467     INFO  main            d.u.i.k.p.r.p.TestFile    Now processing file /home/runner/work/key/key/key.core/../key.ui/examples/standard_key/strings/substring3.key 
170467     INFO  main            d.u.i.k.p.i.AbstractProblemLoader Loading environment from /home/runner/work/key/key/key.core/../key.ui/examples/standard_key/strings/substring3.key 
170467     DEBUG main            d.u.i.k.p.i.AbstractProblemLoader Environment load took 92ns 
170468     INFO  main            d.u.i.k.p.i.AbstractProblemLoader Creating init config 
173383     DEBUG main            d.u.i.k.p.i.AbstractProblemLoader Init config took 2.91s 
173400     INFO  main            d.u.i.k.p.i.AbstractProblemLoader Replaying proof substring3.key 
173401     DEBUG main            d.u.i.k.p.i.IntermediateProofReplayer Proof replay took 7.8ns 
173503     INFO  main            d.u.i.k.p.r.p.TestFile    ... finished proof: closed. 
173844     INFO  main            d.u.i.k.p.i.AbstractProblemLoader Loading environment from /home/runner/work/key/key/key.core/../key.ui/examples/standard_key/strings/substring3.key.proof 
173844     DEBUG main            d.u.i.k.p.i.AbstractProblemLoader Environment load took 123.1ns 
173845     INFO  main            d.u.i.k.p.i.AbstractProblemLoader Creating init config 
176659     DEBUG main            d.u.i.k.p.i.AbstractProblemLoader Init config took 2.81s 
176677     INFO  main            d.u.i.k.p.i.AbstractProblemLoader Replaying proof substring3.key.proof 
176683     DEBUG main            d.u.i.k.p.i.IntermediateProofReplayer Proof replay took 3.73ms 
176683     DEBUG main            d.u.i.k.p.r.p.TestFile    ... success: reloaded. 
176684     INFO  main            d.u.i.k.p.r.p.TestFile    Now processing file /home/runner/work/key/key/key.core/../key.ui/examples/standard_key/strings/substring4.key 
176684     INFO  main            d.u.i.k.p.i.AbstractProblemLoader Loading environment from /home/runner/work/key/key/key.core/../key.ui/examples/standard_key/strings/substring4.key 
176685     DEBUG main            d.u.i.k.p.i.AbstractProblemLoader Environment load took 239.1ns 
176686     INFO  main            d.u.i.k.p.i.AbstractProblemLoader Creating init config 
179605     DEBUG main            d.u.i.k.p.i.AbstractProblemLoader Init config took 2.92s 
179622     INFO  main            d.u.i.k.p.i.AbstractProblemLoader Replaying proof substring4.key 
179624     DEBUG main            d.u.i.k.p.i.IntermediateProofReplayer Proof replay took 7.9ns 
179727     INFO  main            d.u.i.k.p.r.p.TestFile    ... finished proof: closed. 
180078     INFO  main            d.u.i.k.p.i.AbstractProblemLoader Loading environment from /home/runner/work/key/key/key.core/../key.ui/examples/standard_key/strings/substring4.key.proof 
180078     DEBUG main            d.u.i.k.p.i.AbstractProblemLoader Environment load took 164.7ns 
180080     INFO  main            d.u.i.k.p.i.AbstractProblemLoader Creating init config 
182961     DEBUG main            d.u.i.k.p.i.AbstractProblemLoader Init config took 2.88s 
182977     INFO  main            d.u.i.k.p.i.AbstractProblemLoader Replaying proof substring4.key.proof 
182985     DEBUG main            d.u.i.k.p.i.IntermediateProofReplayer Proof replay took 5.58ms 
182986     DEBUG main            d.u.i.k.p.r.p.TestFile    ... success: reloaded. 
182986     INFO  main            d.u.i.k.p.r.p.TestFile    Now processing file /home/runner/work/key/key/key.core/../key.ui/examples/standard_key/strings/substring5.key 
182987     INFO  main            d.u.i.k.p.i.AbstractProblemLoader Loading environment from /home/runner/work/key/key/key.core/../key.ui/examples/standard_key/strings/substring5.key 
182987     DEBUG main            d.u.i.k.p.i.AbstractProblemLoader Environment load took 88.1ns 
182988     INFO  main            d.u.i.k.p.i.AbstractProblemLoader Creating init config 
185848     DEBUG main            d.u.i.k.p.i.AbstractProblemLoader Init config took 2.86s 
185871     INFO  main            d.u.i.k.p.i.AbstractProblemLoader Replaying proof substring5.key 
185873     DEBUG main            d.u.i.k.p.i.IntermediateProofReplayer Proof replay took 8.7ns 
186277     INFO  main            d.u.i.k.p.r.p.TestFile    ... finished proof: closed. 
186636     INFO  main            d.u.i.k.p.i.AbstractProblemLoader Loading environment from /home/runner/work/key/key/key.core/../key.ui/examples/standard_key/strings/substring5.key.proof 
186636     DEBUG main            d.u.i.k.p.i.AbstractProblemLoader Environment load took 486.31ns 
186638     INFO  main            d.u.i.k.p.i.AbstractProblemLoader Creating init config 
189427     DEBUG main            d.u.i.k.p.i.AbstractProblemLoader Init config took 2.79s 
189443     INFO  main            d.u.i.k.p.i.AbstractProblemLoader Replaying proof substring5.key.proof 
189501     DEBUG main            d.u.i.k.p.i.IntermediateProofReplayer Proof replay took 53.92ms 
189502     DEBUG main            d.u.i.k.p.r.p.TestFile    ... success: reloaded. 
5287945    INFO  Test worker     d.u.i.k.p.r.RunAllProofsTestUnit Returning from test strings 
5287946    INFO  Test worker     d.u.i.k.p.r.RunAllProofsTestUnit Running test simple_info_flow 
452        INFO  Timeout watchdog d.u.i.k.p.r.p.ForkedTestFileRunner Timeout watcher launched (2000 secs.) 
469        WARN  main            d.u.i.k.s.ProofSettings   The settings in /home/runner/.key/proof-settings.props are *not* read. 
513        INFO  main            d.u.i.k.p.r.p.TestFile    Now processing file /home/runner/work/key/key/key.core/../key.ui/examples/heap/information_flow/UpdateAbstraction_ex7_1_insecure.key 
653        INFO  main            d.u.i.k.p.i.AbstractProblemLoader Loading environment from /home/runner/work/key/key/key.core/../key.ui/examples/heap/information_flow/UpdateAbstraction_ex7_1_insecure.key 
675        DEBUG main            d.u.i.k.p.i.AbstractProblemLoader Environment load took 2.88ms 
974        INFO  main            d.u.i.k.p.i.AbstractProblemLoader Creating init config 
2074       DEBUG main            d.u.i.k.j.TypeConverter   No LDT found for Meta 
2075       DEBUG main            d.u.i.k.j.TypeConverter   No LDT found for Meta 
2076       DEBUG main            d.u.i.k.j.TypeConverter   No LDT found for Meta 
2076       DEBUG main            d.u.i.k.j.TypeConverter   No LDT found for Meta 
3997       DEBUG main            d.u.i.k.j.TypeConverter   No LDT found for JavaBigintExpression 
11709      DEBUG main            d.u.i.k.p.i.AbstractProblemLoader Init config took 10.73s 
11872      INFO  main            d.u.i.k.p.i.AbstractProblemLoader Replaying proof UpdateAbstraction[UpdateAbstraction::ex7_1_insecure()].JML operation contract.0 
11965      DEBUG main            d.u.i.k.p.i.IntermediateProofReplayer Proof replay took 46.65ms 
12720      INFO  main            d.u.i.k.p.r.p.TestFile    ... finished proof: open goal(s) 
12866      INFO  main            d.u.i.k.p.r.p.TestFile    Now processing file /home/runner/work/key/key/key.core/../key.ui/examples/heap/information_flow/UpdateAbstraction_ex7_2_insecure.key 
12867      INFO  main            d.u.i.k.p.i.AbstractProblemLoader Loading environment from /home/runner/work/key/key/key.core/../key.ui/examples/heap/information_flow/UpdateAbstraction_ex7_2_insecure.key 
12867      DEBUG main            d.u.i.k.p.i.AbstractProblemLoader Environment load took 258.6ns 
12871      INFO  main            d.u.i.k.p.i.AbstractProblemLoader Creating init config 
17289      DEBUG main            d.u.i.k.p.i.AbstractProblemLoader Init config took 4.42s 
17379      INFO  main            d.u.i.k.p.i.AbstractProblemLoader Replaying proof UpdateAbstraction[UpdateAbstraction::ex7_2_insecure()].JML operation contract.0 
17382      DEBUG main            d.u.i.k.p.i.IntermediateProofReplayer Proof replay took 7.4ns 
17790      INFO  main            d.u.i.k.p.r.p.TestFile    ... finished proof: open goal(s) 
5306122    INFO  Test worker     d.u.i.k.p.r.RunAllProofsTestUnit Returning from test simple_info_flow 
5306124    INFO  Test worker     d.u.i.k.p.r.RunAllProofsTestUnit Running test modelMethods 
426        INFO  Timeout watchdog d.u.i.k.p.r.p.ForkedTestFileRunner Timeout watcher launched (2000 secs.) 
441        WARN  main            d.u.i.k.s.ProofSettings   The settings in /home/runner/.key/proof-settings.props are *not* read. 
474        INFO  main            d.u.i.k.p.r.p.TestFile    Now processing file /home/runner/work/key/key/key.core/../key.ui/examples/heap/model_methods/Cell_footprint_acc.key 
625        INFO  main            d.u.i.k.p.i.AbstractProblemLoader Loading environment from /home/runner/work/key/key/key.core/../key.ui/examples/heap/model_methods/Cell_footprint_acc.key 
654        DEBUG main            d.u.i.k.p.i.AbstractProblemLoader Environment load took 2.12ms 
951        INFO  main            d.u.i.k.p.i.AbstractProblemLoader Creating init config 
2319       DEBUG main            d.u.i.k.j.TypeConverter   No LDT found for Meta 
2320       DEBUG main            d.u.i.k.j.TypeConverter   No LDT found for Meta 
2323       DEBUG main            d.u.i.k.j.TypeConverter   No LDT found for Meta 
2323       DEBUG main            d.u.i.k.j.TypeConverter   No LDT found for Meta 
4338       DEBUG main            d.u.i.k.j.TypeConverter   No LDT found for JavaBigintExpression 
10950      DEBUG main            d.u.i.k.p.i.AbstractProblemLoader Init config took 10s 
11116      INFO  main            d.u.i.k.p.i.AbstractProblemLoader Replaying proof Cell[Cell::footprint()].JML accessible clause.0 
11162      DEBUG main            d.u.i.k.p.i.IntermediateProofReplayer Proof replay took 1.18ms 
11820      INFO  main            d.u.i.k.p.r.p.TestFile    ... finished proof: closed. 
11950      INFO  main            d.u.i.k.p.i.AbstractProblemLoader Loading environment from /home/runner/work/key/key/key.core/../key.ui/examples/heap/model_methods/Cell_footprint_acc.key.proof 
11950      DEBUG main            d.u.i.k.p.i.AbstractProblemLoader Environment load took 469.51ns 
11956      INFO  main            d.u.i.k.p.i.AbstractProblemLoader Creating init config 
15818      DEBUG main            d.u.i.k.p.i.AbstractProblemLoader Init config took 3.86s 
15932      INFO  main            d.u.i.k.p.i.AbstractProblemLoader Replaying proof Cell[Cell::footprint()].JML accessible clause.0 
15994      DEBUG main            d.u.i.k.p.i.IntermediateProofReplayer Proof replay took 54.76ms 
16007      DEBUG main            d.u.i.k.p.r.p.TestFile    ... success: reloaded. 
16011      INFO  main            d.u.i.k.p.r.p.TestFile    Now processing file /home/runner/work/key/key/key.core/../key.ui/examples/heap/model_methods/Cell_footprint.key 
16012      INFO  main            d.u.i.k.p.i.AbstractProblemLoader Loading environment from /home/runner/work/key/key/key.core/../key.ui/examples/heap/model_methods/Cell_footprint.key 
16012      DEBUG main            d.u.i.k.p.i.AbstractProblemLoader Environment load took 238.5ns 
16016      INFO  main            d.u.i.k.p.i.AbstractProblemLoader Creating init config 
19616      DEBUG main            d.u.i.k.p.i.AbstractProblemLoader Init config took 3.6s 
19703      INFO  main            d.u.i.k.p.i.AbstractProblemLoader Replaying proof Cell[Cell::footprint()].JML model_behavior operation contract.0 
19707      DEBUG main            d.u.i.k.p.i.IntermediateProofReplayer Proof replay took 7.5ns 
19809      INFO  main            d.u.i.k.p.r.p.TestFile    ... finished proof: closed. 
19981      INFO  main            d.u.i.k.p.i.AbstractProblemLoader Loading environment from /home/runner/work/key/key/key.core/../key.ui/examples/heap/model_methods/Cell_footprint.key.proof 
19982      DEBUG main            d.u.i.k.p.i.AbstractProblemLoader Environment load took 157.4ns 
19984      INFO  main            d.u.i.k.p.i.AbstractProblemLoader Creating init config 
23444      DEBUG main            d.u.i.k.p.i.AbstractProblemLoader Init config took 3.46s 
23515      INFO  main            d.u.i.k.p.i.AbstractProblemLoader Replaying proof Cell[Cell::footprint()].JML model_behavior operation contract.0 
23530      DEBUG main            d.u.i.k.p.i.IntermediateProofReplayer Proof replay took 11.11ms 
23531      DEBUG main            d.u.i.k.p.r.p.TestFile    ... success: reloaded. 
23533      INFO  main            d.u.i.k.p.r.p.TestFile    Now processing file /home/runner/work/key/key/key.core/../key.ui/examples/heap/model_methods/Cell_get_acc.key 
23534      INFO  main            d.u.i.k.p.i.AbstractProblemLoader Loading environment from /home/runner/work/key/key/key.core/../key.ui/examples/heap/model_methods/Cell_get_acc.key 
23534      DEBUG main            d.u.i.k.p.i.AbstractProblemLoader Environment load took 234.3ns 
23536      INFO  main            d.u.i.k.p.i.AbstractProblemLoader Creating init config 
26946      DEBUG main            d.u.i.k.p.i.AbstractProblemLoader Init config took 3.41s 
27010      INFO  main            d.u.i.k.p.i.AbstractProblemLoader Replaying proof Cell[Cell::get()].JML accessible clause.0 
27014      DEBUG main            d.u.i.k.p.i.IntermediateProofReplayer Proof replay took 7.5ns 
27232      INFO  main            d.u.i.k.p.r.p.TestFile    ... finished proof: closed. 
27461      INFO  main            d.u.i.k.p.i.AbstractProblemLoader Loading environment from /home/runner/work/key/key/key.core/../key.ui/examples/heap/model_methods/Cell_get_acc.key.proof 
27464      DEBUG main            d.u.i.k.p.i.AbstractProblemLoader Environment load took 3.04ms 
27466      INFO  main            d.u.i.k.p.i.AbstractProblemLoader Creating init config 
30881      DEBUG main            d.u.i.k.p.i.AbstractProblemLoader Init config took 3.41s 
30945      INFO  main            d.u.i.k.p.i.AbstractProblemLoader Replaying proof Cell[Cell::get()].JML accessible clause.0 
31030      DEBUG main            d.u.i.k.p.i.IntermediateProofReplayer Proof replay took 78.18ms 
31034      DEBUG main            d.u.i.k.p.r.p.TestFile    ... success: reloaded. 
31035      INFO  main            d.u.i.k.p.r.p.TestFile    Now processing file /home/runner/work/key/key/key.core/../key.ui/examples/heap/model_methods/Cell_get.key 
31036      INFO  main            d.u.i.k.p.i.AbstractProblemLoader Loading environment from /home/runner/work/key/key/key.core/../key.ui/examples/heap/model_methods/Cell_get.key 
31036      DEBUG main            d.u.i.k.p.i.AbstractProblemLoader Environment load took 151.1ns 
31037      INFO  main            d.u.i.k.p.i.AbstractProblemLoader Creating init config 
34416      DEBUG main            d.u.i.k.p.i.AbstractProblemLoader Init config took 3.38s 
34491      INFO  main            d.u.i.k.p.i.AbstractProblemLoader Replaying proof Cell[Cell::get()].JML operation contract.0 
34495      DEBUG main            d.u.i.k.p.i.IntermediateProofReplayer Proof replay took 7.6ns 
34597      INFO  main            d.u.i.k.p.r.p.TestFile    ... finished proof: closed. 
34822      INFO  main            d.u.i.k.p.i.AbstractProblemLoader Loading environment from /home/runner/work/key/key/key.core/../key.ui/examples/heap/model_methods/Cell_get.key.proof 
34824      DEBUG main            d.u.i.k.p.i.AbstractProblemLoader Environment load took 1.84ms 
34826      INFO  main            d.u.i.k.p.i.AbstractProblemLoader Creating init config 
38141      DEBUG main            d.u.i.k.p.i.AbstractProblemLoader Init config took 3.31s 
38204      INFO  main            d.u.i.k.p.i.AbstractProblemLoader Replaying proof Cell[Cell::get()].JML operation contract.0 
38228      DEBUG main            d.u.i.k.p.i.IntermediateProofReplayer Proof replay took 21.4ms 
38229      DEBUG main            d.u.i.k.p.r.p.TestFile    ... success: reloaded. 
38231      INFO  main            d.u.i.k.p.r.p.TestFile    Now processing file /home/runner/work/key/key/key.core/../key.ui/examples/heap/model_methods/Cell_post_set.key 
38231      INFO  main            d.u.i.k.p.i.AbstractProblemLoader Loading environment from /home/runner/work/key/key/key.core/../key.ui/examples/heap/model_methods/Cell_post_set.key 
38231      DEBUG main            d.u.i.k.p.i.AbstractProblemLoader Environment load took 262.7ns 
38232      INFO  main            d.u.i.k.p.i.AbstractProblemLoader Creating init config 
41529      DEBUG main            d.u.i.k.p.i.AbstractProblemLoader Init config took 3.3s 
41589      INFO  main            d.u.i.k.p.i.AbstractProblemLoader Replaying proof Cell[Cell::post_set(int)].JML model_behavior operation contract.0 
41591      DEBUG main            d.u.i.k.p.i.IntermediateProofReplayer Proof replay took 8.1ns 
41693      INFO  main            d.u.i.k.p.r.p.TestFile    ... finished proof: closed. 
41905      INFO  main            d.u.i.k.p.i.AbstractProblemLoader Loading environment from /home/runner/work/key/key/key.core/../key.ui/examples/heap/model_methods/Cell_post_set.key.proof 
41906      DEBUG main            d.u.i.k.p.i.AbstractProblemLoader Environment load took 576.61ns 
41907      INFO  main            d.u.i.k.p.i.AbstractProblemLoader Creating init config 
45207      DEBUG main            d.u.i.k.p.i.AbstractProblemLoader Init config took 3.3s 
45269      INFO  main            d.u.i.k.p.i.AbstractProblemLoader Replaying proof Cell[Cell::post_set(int)].JML model_behavior operation contract.0 
45281      DEBUG main            d.u.i.k.p.i.IntermediateProofReplayer Proof replay took 9.58ms 
45282      DEBUG main            d.u.i.k.p.r.p.TestFile    ... success: reloaded. 
45284      INFO  main            d.u.i.k.p.r.p.TestFile    Now processing file /home/runner/work/key/key/key.core/../key.ui/examples/heap/model_methods/Cell_set.key 
45284      INFO  main            d.u.i.k.p.i.AbstractProblemLoader Loading environment from /home/runner/work/key/key/key.core/../key.ui/examples/heap/model_methods/Cell_set.key 
45285      DEBUG main            d.u.i.k.p.i.AbstractProblemLoader Environment load took 243.6ns 
45286      INFO  main            d.u.i.k.p.i.AbstractProblemLoader Creating init config 
48642      DEBUG main            d.u.i.k.p.i.AbstractProblemLoader Init config took 3.36s 
48700      INFO  main            d.u.i.k.p.i.AbstractProblemLoader Replaying proof Cell[Cell::set(int)].JML operation contract.0 
48703      DEBUG main            d.u.i.k.p.i.IntermediateProofReplayer Proof replay took 8.1ns 
57269      INFO  main            d.u.i.k.p.r.p.TestFile    ... finished proof: closed. 
57533      INFO  main            d.u.i.k.p.i.AbstractProblemLoader Loading environment from /home/runner/work/key/key/key.core/../key.ui/examples/heap/model_methods/Cell_set.key.proof 
57534      DEBUG main            d.u.i.k.p.i.AbstractProblemLoader Environment load took 464.51ns 
57535      INFO  main            d.u.i.k.p.i.AbstractProblemLoader Creating init config 
60767      DEBUG main            d.u.i.k.p.i.AbstractProblemLoader Init config took 3.23s 
60823      INFO  main            d.u.i.k.p.i.AbstractProblemLoader Replaying proof Cell[Cell::set(int)].JML operation contract.0 
61639      DEBUG main            d.u.i.k.p.i.IntermediateProofReplayer Proof replay took 794.52ms 
61641      DEBUG main            d.u.i.k.p.r.p.TestFile    ... success: reloaded. 
61643      INFO  main            d.u.i.k.p.r.p.TestFile    Now processing file /home/runner/work/key/key/key.core/../key.ui/examples/heap/model_methods/CellTest_callSet.key 
61643      INFO  main            d.u.i.k.p.i.AbstractProblemLoader Loading environment from /home/runner/work/key/key/key.core/../key.ui/examples/heap/model_methods/CellTest_callSet.key 
61643      DEBUG main            d.u.i.k.p.i.AbstractProblemLoader Environment load took 240.1ns 
61645      INFO  main            d.u.i.k.p.i.AbstractProblemLoader Creating init config 
65053      DEBUG main            d.u.i.k.p.i.AbstractProblemLoader Init config took 3.41s 
65108      INFO  main            d.u.i.k.p.i.AbstractProblemLoader Replaying proof CellTest[CellTest::callSet(Cell,int)].JML operation contract.0 
65110      DEBUG main            d.u.i.k.p.i.IntermediateProofReplayer Proof replay took 7.2ns 
65417      INFO  main            d.u.i.k.p.r.p.TestFile    ... finished proof: closed. 
65629      INFO  main            d.u.i.k.p.i.AbstractProblemLoader Loading environment from /home/runner/work/key/key/key.core/../key.ui/examples/heap/model_methods/CellTest_callSet.key.proof 
65629      DEBUG main            d.u.i.k.p.i.AbstractProblemLoader Environment load took 141ns 
65630      INFO  main            d.u.i.k.p.i.AbstractProblemLoader Creating init config 
68942      DEBUG main            d.u.i.k.p.i.AbstractProblemLoader Init config took 3.31s 
68995      INFO  main            d.u.i.k.p.i.AbstractProblemLoader Replaying proof CellTest[CellTest::callSet(Cell,int)].JML operation contract.0 
69054      DEBUG main            d.u.i.k.p.i.IntermediateProofReplayer Proof replay took 55.49ms 
69056      DEBUG main            d.u.i.k.p.r.p.TestFile    ... success: reloaded. 
69058      INFO  main            d.u.i.k.p.r.p.TestFile    Now processing file /home/runner/work/key/key/key.core/../key.ui/examples/heap/model_methods/CellTest_test2.key 
69058      INFO  main            d.u.i.k.p.i.AbstractProblemLoader Loading environment from /home/runner/work/key/key/key.core/../key.ui/examples/heap/model_methods/CellTest_test2.key 
69058      DEBUG main            d.u.i.k.p.i.AbstractProblemLoader Environment load took 223.4ns 
69060      INFO  main            d.u.i.k.p.i.AbstractProblemLoader Creating init config 
72406      DEBUG main            d.u.i.k.p.i.AbstractProblemLoader Init config took 3.35s 
72459      INFO  main            d.u.i.k.p.i.AbstractProblemLoader Replaying proof CellTest[CellTest::test2(Cell)].JML operation contract.0 
72461      DEBUG main            d.u.i.k.p.i.IntermediateProofReplayer Proof replay took 7.9ns 
72864      INFO  main            d.u.i.k.p.r.p.TestFile    ... finished proof: closed. 
73113      INFO  main            d.u.i.k.p.i.AbstractProblemLoader Loading environment from /home/runner/work/key/key/key.core/../key.ui/examples/heap/model_methods/CellTest_test2.key.proof 
73113      DEBUG main            d.u.i.k.p.i.AbstractProblemLoader Environment load took 162.5ns 
73116      INFO  main            d.u.i.k.p.i.AbstractProblemLoader Creating init config 
76401      DEBUG main            d.u.i.k.p.i.AbstractProblemLoader Init config took 3.28s 
76460      INFO  main            d.u.i.k.p.i.AbstractProblemLoader Replaying proof CellTest[CellTest::test2(Cell)].JML operation contract.0 
76585      DEBUG main            d.u.i.k.p.i.IntermediateProofReplayer Proof replay took 121.03ms 
76586      DEBUG main            d.u.i.k.p.r.p.TestFile    ... success: reloaded. 
76588      INFO  main            d.u.i.k.p.r.p.TestFile    Now processing file /home/runner/work/key/key/key.core/../key.ui/examples/heap/model_methods/CellTest_test.key 
76588      INFO  main            d.u.i.k.p.i.AbstractProblemLoader Loading environment from /home/runner/work/key/key/key.core/../key.ui/examples/heap/model_methods/CellTest_test.key 
76588      DEBUG main            d.u.i.k.p.i.AbstractProblemLoader Environment load took 187.3ns 
76589      INFO  main            d.u.i.k.p.i.AbstractProblemLoader Creating init config 
79810      DEBUG main            d.u.i.k.p.i.AbstractProblemLoader Init config took 3.22s 
79865      INFO  main            d.u.i.k.p.i.AbstractProblemLoader Replaying proof CellTest[CellTest::test(Recell)].JML operation contract.0 
79868      DEBUG main            d.u.i.k.p.i.IntermediateProofReplayer Proof replay took 8.6ns 
83499      INFO  main            d.u.i.k.p.r.p.TestFile    ... finished proof: closed. 
83771      INFO  main            d.u.i.k.p.i.AbstractProblemLoader Loading environment from /home/runner/work/key/key/key.core/../key.ui/examples/heap/model_methods/CellTest_test.key.proof 
83772      DEBUG main            d.u.i.k.p.i.AbstractProblemLoader Environment load took 611.31ns 
83774      INFO  main            d.u.i.k.p.i.AbstractProblemLoader Creating init config 
86939      DEBUG main            d.u.i.k.p.i.AbstractProblemLoader Init config took 3.16s 
87005      INFO  main            d.u.i.k.p.i.AbstractProblemLoader Replaying proof CellTest[CellTest::test(Recell)].JML operation contract.0 
87828      DEBUG main            d.u.i.k.p.i.IntermediateProofReplayer Proof replay took 797.96ms 
87830      DEBUG main            d.u.i.k.p.r.p.TestFile    ... success: reloaded. 
87832      INFO  main            d.u.i.k.p.r.p.TestFile    Now processing file /home/runner/work/key/key/key.core/../key.ui/examples/heap/model_methods/Coll1_add.key 
87832      INFO  main            d.u.i.k.p.i.AbstractProblemLoader Loading environment from /home/runner/work/key/key/key.core/../key.ui/examples/heap/model_methods/Coll1_add.key 
87832      DEBUG main            d.u.i.k.p.i.AbstractProblemLoader Environment load took 217.9ns 
87833      INFO  main            d.u.i.k.p.i.AbstractProblemLoader Creating init config 
91043      DEBUG main            d.u.i.k.p.i.AbstractProblemLoader Init config took 3.21s 
91092      INFO  main            d.u.i.k.p.i.AbstractProblemLoader Replaying proof Coll1[Coll::add(int)].JML operation contract.0 
91095      DEBUG main            d.u.i.k.p.i.IntermediateProofReplayer Proof replay took 7ns 
91197      INFO  main            d.u.i.k.p.r.p.TestFile    ... finished proof: closed. 
91434      INFO  main            d.u.i.k.p.i.AbstractProblemLoader Loading environment from /home/runner/work/key/key/key.core/../key.ui/examples/heap/model_methods/Coll1_add.key.proof 
91434      DEBUG main            d.u.i.k.p.i.AbstractProblemLoader Environment load took 140.7ns 
91435      INFO  main            d.u.i.k.p.i.AbstractProblemLoader Creating init config 
94716      DEBUG main            d.u.i.k.p.i.AbstractProblemLoader Init config took 3.28s 
94766      INFO  main            d.u.i.k.p.i.AbstractProblemLoader Replaying proof Coll1[Coll::add(int)].JML operation contract.0 
94779      DEBUG main            d.u.i.k.p.i.IntermediateProofReplayer Proof replay took 10.6ms 
94780      DEBUG main            d.u.i.k.p.r.p.TestFile    ... success: reloaded. 
94781      INFO  main            d.u.i.k.p.r.p.TestFile    Now processing file /home/runner/work/key/key/key.core/../key.ui/examples/heap/model_methods/Coll1_Coll1_add_pre.key 
94782      INFO  main            d.u.i.k.p.i.AbstractProblemLoader Loading environment from /home/runner/work/key/key/key.core/../key.ui/examples/heap/model_methods/Coll1_Coll1_add_pre.key 
94782      DEBUG main            d.u.i.k.p.i.AbstractProblemLoader Environment load took 127.9ns 
94783      INFO  main            d.u.i.k.p.i.AbstractProblemLoader Creating init config 
97972      DEBUG main            d.u.i.k.p.i.AbstractProblemLoader Init config took 3.19s 
98022      INFO  main            d.u.i.k.p.i.AbstractProblemLoader Replaying proof Coll1[Coll1::add_pre(int)].JML model_behavior operation contract.0 
98024      DEBUG main            d.u.i.k.p.i.IntermediateProofReplayer Proof replay took 7.4ns 
98129      INFO  main            d.u.i.k.p.r.p.TestFile    ... finished proof: closed. 
98378      INFO  main            d.u.i.k.p.i.AbstractProblemLoader Loading environment from /home/runner/work/key/key/key.core/../key.ui/examples/heap/model_methods/Coll1_Coll1_add_pre.key.proof 
98378      DEBUG main            d.u.i.k.p.i.AbstractProblemLoader Environment load took 154.3ns 
98379      INFO  main            d.u.i.k.p.i.AbstractProblemLoader Creating init config 
101595     DEBUG main            d.u.i.k.p.i.AbstractProblemLoader Init config took 3.22s 
101649     INFO  main            d.u.i.k.p.i.AbstractProblemLoader Replaying proof Coll1[Coll1::add_pre(int)].JML model_behavior operation contract.0 
101654     DEBUG main            d.u.i.k.p.i.IntermediateProofReplayer Proof replay took 1.99ms 
101657     DEBUG main            d.u.i.k.p.r.p.TestFile    ... success: reloaded. 
101660     INFO  main            d.u.i.k.p.r.p.TestFile    Now processing file /home/runner/work/key/key/key.core/../key.ui/examples/heap/model_methods/Coll1_Coll_add_pre.key 
101661     INFO  main            d.u.i.k.p.i.AbstractProblemLoader Loading environment from /home/runner/work/key/key/key.core/../key.ui/examples/heap/model_methods/Coll1_Coll_add_pre.key 
101661     DEBUG main            d.u.i.k.p.i.AbstractProblemLoader Environment load took 229ns 
101662     INFO  main            d.u.i.k.p.i.AbstractProblemLoader Creating init config 
104866     DEBUG main            d.u.i.k.p.i.AbstractProblemLoader Init config took 3.2s 
104914     INFO  main            d.u.i.k.p.i.AbstractProblemLoader Replaying proof Coll1[Coll::add_pre(int)].JML model_behavior operation contract.0 
104916     DEBUG main            d.u.i.k.p.i.IntermediateProofReplayer Proof replay took 7.3ns 
105020     INFO  main            d.u.i.k.p.r.p.TestFile    ... finished proof: closed. 
105272     INFO  main            d.u.i.k.p.i.AbstractProblemLoader Loading environment from /home/runner/work/key/key/key.core/../key.ui/examples/heap/model_methods/Coll1_Coll_add_pre.key.proof 
105272     DEBUG main            d.u.i.k.p.i.AbstractProblemLoader Environment load took 144.1ns 
105273     INFO  main            d.u.i.k.p.i.AbstractProblemLoader Creating init config 
108455     DEBUG main            d.u.i.k.p.i.AbstractProblemLoader Init config took 3.18s 
108510     INFO  main            d.u.i.k.p.i.AbstractProblemLoader Replaying proof Coll1[Coll::add_pre(int)].JML model_behavior operation contract.0 
108515     DEBUG main            d.u.i.k.p.i.IntermediateProofReplayer Proof replay took 2.89ms 
108516     DEBUG main            d.u.i.k.p.r.p.TestFile    ... success: reloaded. 
108517     INFO  main            d.u.i.k.p.r.p.TestFile    Now processing file /home/runner/work/key/key/key.core/../key.ui/examples/heap/model_methods/Coll2_add.key 
108517     INFO  main            d.u.i.k.p.i.AbstractProblemLoader Loading environment from /home/runner/work/key/key/key.core/../key.ui/examples/heap/model_methods/Coll2_add.key 
108518     DEBUG main            d.u.i.k.p.i.AbstractProblemLoader Environment load took 206.9ns 
108519     INFO  main            d.u.i.k.p.i.AbstractProblemLoader Creating init config 
111710     DEBUG main            d.u.i.k.p.i.AbstractProblemLoader Init config took 3.19s 
111761     INFO  main            d.u.i.k.p.i.AbstractProblemLoader Replaying proof Coll2[Coll::add(int)].JML operation contract.0 
111763     DEBUG main            d.u.i.k.p.i.IntermediateProofReplayer Proof replay took 8.2ns 
111868     INFO  main            d.u.i.k.p.r.p.TestFile    ... finished proof: closed. 
112131     INFO  main            d.u.i.k.p.i.AbstractProblemLoader Loading environment from /home/runner/work/key/key/key.core/../key.ui/examples/heap/model_methods/Coll2_add.key.proof 
112132     DEBUG main            d.u.i.k.p.i.AbstractProblemLoader Environment load took 135.9ns 
112133     INFO  main            d.u.i.k.p.i.AbstractProblemLoader Creating init config 
115315     DEBUG main            d.u.i.k.p.i.AbstractProblemLoader Init config took 3.18s 
115363     INFO  main            d.u.i.k.p.i.AbstractProblemLoader Replaying proof Coll2[Coll::add(int)].JML operation contract.0 
115376     DEBUG main            d.u.i.k.p.i.IntermediateProofReplayer Proof replay took 8.86ms 
115377     DEBUG main            d.u.i.k.p.r.p.TestFile    ... success: reloaded. 
115378     INFO  main            d.u.i.k.p.r.p.TestFile    Now processing file /home/runner/work/key/key/key.core/../key.ui/examples/heap/model_methods/Coll2_Coll2_add_pre.key 
115378     INFO  main            d.u.i.k.p.i.AbstractProblemLoader Loading environment from /home/runner/work/key/key/key.core/../key.ui/examples/heap/model_methods/Coll2_Coll2_add_pre.key 
115378     DEBUG main            d.u.i.k.p.i.AbstractProblemLoader Environment load took 221ns 
115379     INFO  main            d.u.i.k.p.i.AbstractProblemLoader Creating init config 
118632     DEBUG main            d.u.i.k.p.i.AbstractProblemLoader Init config took 3.25s 
118686     INFO  main            d.u.i.k.p.i.AbstractProblemLoader Replaying proof Coll2[Coll2::add_pre(int)].JML model_behavior operation contract.0 
118690     DEBUG main            d.u.i.k.p.i.IntermediateProofReplayer Proof replay took 7.4ns 
118791     INFO  main            d.u.i.k.p.r.p.TestFile    ... finished proof: closed. 
119061     INFO  main            d.u.i.k.p.i.AbstractProblemLoader Loading environment from /home/runner/work/key/key/key.core/../key.ui/examples/heap/model_methods/Coll2_Coll2_add_pre.key.proof 
119061     DEBUG main            d.u.i.k.p.i.AbstractProblemLoader Environment load took 140.4ns 
119062     INFO  main            d.u.i.k.p.i.AbstractProblemLoader Creating init config 
122212     DEBUG main            d.u.i.k.p.i.AbstractProblemLoader Init config took 3.15s 
122289     INFO  main            d.u.i.k.p.i.AbstractProblemLoader Replaying proof Coll2[Coll2::add_pre(int)].JML model_behavior operation contract.0 
122293     DEBUG main            d.u.i.k.p.i.IntermediateProofReplayer Proof replay took 1.77ms 
122294     DEBUG main            d.u.i.k.p.r.p.TestFile    ... success: reloaded. 
122296     INFO  main            d.u.i.k.p.r.p.TestFile    Now processing file /home/runner/work/key/key/key.core/../key.ui/examples/heap/model_methods/Coll2_Coll_add_pre.key 
122296     INFO  main            d.u.i.k.p.i.AbstractProblemLoader Loading environment from /home/runner/work/key/key/key.core/../key.ui/examples/heap/model_methods/Coll2_Coll_add_pre.key 
122296     DEBUG main            d.u.i.k.p.i.AbstractProblemLoader Environment load took 227.4ns 
122298     INFO  main            d.u.i.k.p.i.AbstractProblemLoader Creating init config 
125529     DEBUG main            d.u.i.k.p.i.AbstractProblemLoader Init config took 3.23s 
125578     INFO  main            d.u.i.k.p.i.AbstractProblemLoader Replaying proof Coll2[Coll::add_pre(int)].JML model_behavior operation contract.0 
125579     DEBUG main            d.u.i.k.p.i.IntermediateProofReplayer Proof replay took 7.3ns 
125681     INFO  main            d.u.i.k.p.r.p.TestFile    ... finished proof: closed. 
125945     INFO  main            d.u.i.k.p.i.AbstractProblemLoader Loading environment from /home/runner/work/key/key/key.core/../key.ui/examples/heap/model_methods/Coll2_Coll_add_pre.key.proof 
125945     DEBUG main            d.u.i.k.p.i.AbstractProblemLoader Environment load took 151.8ns 
125946     INFO  main            d.u.i.k.p.i.AbstractProblemLoader Creating init config 
129138     DEBUG main            d.u.i.k.p.i.AbstractProblemLoader Init config took 3.19s 
129188     INFO  main            d.u.i.k.p.i.AbstractProblemLoader Replaying proof Coll2[Coll::add_pre(int)].JML model_behavior operation contract.0 
129193     DEBUG main            d.u.i.k.p.i.IntermediateProofReplayer Proof replay took 2.69ms 
129194     DEBUG main            d.u.i.k.p.r.p.TestFile    ... success: reloaded. 
129195     INFO  main            d.u.i.k.p.r.p.TestFile    Now processing file /home/runner/work/key/key/key.core/../key.ui/examples/heap/model_methods/Coll_add.key 
129196     INFO  main            d.u.i.k.p.i.AbstractProblemLoader Loading environment from /home/runner/work/key/key/key.core/../key.ui/examples/heap/model_methods/Coll_add.key 
129196     DEBUG main            d.u.i.k.p.i.AbstractProblemLoader Environment load took 218.8ns 
129198     INFO  main            d.u.i.k.p.i.AbstractProblemLoader Creating init config 
132391     DEBUG main            d.u.i.k.p.i.AbstractProblemLoader Init config took 3.19s 
132466     INFO  main            d.u.i.k.p.i.AbstractProblemLoader Replaying proof Coll[Coll::add(int)].JML operation contract.0 
132468     DEBUG main            d.u.i.k.p.i.IntermediateProofReplayer Proof replay took 9.2ns 
132571     INFO  main            d.u.i.k.p.r.p.TestFile    ... finished proof: closed. 
132842     INFO  main            d.u.i.k.p.i.AbstractProblemLoader Loading environment from /home/runner/work/key/key/key.core/../key.ui/examples/heap/model_methods/Coll_add.key.proof 
132842     DEBUG main            d.u.i.k.p.i.AbstractProblemLoader Environment load took 179.7ns 
132843     INFO  main            d.u.i.k.p.i.AbstractProblemLoader Creating init config 
136040     DEBUG main            d.u.i.k.p.i.AbstractProblemLoader Init config took 3.2s 
136088     INFO  main            d.u.i.k.p.i.AbstractProblemLoader Replaying proof Coll[Coll::add(int)].JML operation contract.0 
136092     DEBUG main            d.u.i.k.p.i.IntermediateProofReplayer Proof replay took 2.83ms 
136093     DEBUG main            d.u.i.k.p.r.p.TestFile    ... success: reloaded. 
136095     INFO  main            d.u.i.k.p.r.p.TestFile    Now processing file /home/runner/work/key/key/key.core/../key.ui/examples/heap/model_methods/Coll_add_pre.key 
136095     INFO  main            d.u.i.k.p.i.AbstractProblemLoader Loading environment from /home/runner/work/key/key/key.core/../key.ui/examples/heap/model_methods/Coll_add_pre.key 
136095     DEBUG main            d.u.i.k.p.i.AbstractProblemLoader Environment load took 164.5ns 
136096     INFO  main            d.u.i.k.p.i.AbstractProblemLoader Creating init config 
139353     DEBUG main            d.u.i.k.p.i.AbstractProblemLoader Init config took 3.26s 
139402     INFO  main            d.u.i.k.p.i.AbstractProblemLoader Replaying proof Coll[Coll::add_pre(int)].JML model_behavior operation contract.0 
139404     DEBUG main            d.u.i.k.p.i.IntermediateProofReplayer Proof replay took 7.3ns 
139507     INFO  main            d.u.i.k.p.r.p.TestFile    ... finished proof: closed. 
139820     INFO  main            d.u.i.k.p.i.AbstractProblemLoader Loading environment from /home/runner/work/key/key/key.core/../key.ui/examples/heap/model_methods/Coll_add_pre.key.proof 
139820     DEBUG main            d.u.i.k.p.i.AbstractProblemLoader Environment load took 516.71ns 
139821     INFO  main            d.u.i.k.p.i.AbstractProblemLoader Creating init config 
142974     DEBUG main            d.u.i.k.p.i.AbstractProblemLoader Init config took 3.15s 
143027     INFO  main            d.u.i.k.p.i.AbstractProblemLoader Replaying proof Coll[Coll::add_pre(int)].JML model_behavior operation contract.0 
143032     DEBUG main            d.u.i.k.p.i.IntermediateProofReplayer Proof replay took 3.25ms 
143034     DEBUG main            d.u.i.k.p.r.p.TestFile    ... success: reloaded. 
143036     INFO  main            d.u.i.k.p.r.p.TestFile    Now processing file /home/runner/work/key/key/key.core/../key.ui/examples/heap/model_methods/Indirect_callAdd.key 
143036     INFO  main            d.u.i.k.p.i.AbstractProblemLoader Loading environment from /home/runner/work/key/key/key.core/../key.ui/examples/heap/model_methods/Indirect_callAdd.key 
143037     DEBUG main            d.u.i.k.p.i.AbstractProblemLoader Environment load took 158.6ns 
143039     INFO  main            d.u.i.k.p.i.AbstractProblemLoader Creating init config 
146227     DEBUG main            d.u.i.k.p.i.AbstractProblemLoader Init config took 3.19s 
146282     INFO  main            d.u.i.k.p.i.AbstractProblemLoader Replaying proof Indirect[Indirect::callAdd(Coll,int)].JML operation contract.0 
146284     DEBUG main            d.u.i.k.p.i.IntermediateProofReplayer Proof replay took 8.4ns 
146387     INFO  main            d.u.i.k.p.r.p.TestFile    ... finished proof: closed. 
146710     INFO  main            d.u.i.k.p.i.AbstractProblemLoader Loading environment from /home/runner/work/key/key/key.core/../key.ui/examples/heap/model_methods/Indirect_callAdd.key.proof 
146711     DEBUG main            d.u.i.k.p.i.AbstractProblemLoader Environment load took 126.2ns 
146712     INFO  main            d.u.i.k.p.i.AbstractProblemLoader Creating init config 
149843     DEBUG main            d.u.i.k.p.i.AbstractProblemLoader Init config took 3.13s 
149891     INFO  main            d.u.i.k.p.i.AbstractProblemLoader Replaying proof Indirect[Indirect::callAdd(Coll,int)].JML operation contract.0 
149925     DEBUG main            d.u.i.k.p.i.IntermediateProofReplayer Proof replay took 31.26ms 
149926     DEBUG main            d.u.i.k.p.r.p.TestFile    ... success: reloaded. 
149927     INFO  main            d.u.i.k.p.r.p.TestFile    Now processing file /home/runner/work/key/key/key.core/../key.ui/examples/heap/model_methods/Indirect_test.key 
149927     INFO  main            d.u.i.k.p.i.AbstractProblemLoader Loading environment from /home/runner/work/key/key/key.core/../key.ui/examples/heap/model_methods/Indirect_test.key 
149928     DEBUG main            d.u.i.k.p.i.AbstractProblemLoader Environment load took 97.4ns 
149929     INFO  main            d.u.i.k.p.i.AbstractProblemLoader Creating init config 
153067     DEBUG main            d.u.i.k.p.i.AbstractProblemLoader Init config took 3.14s 
153137     INFO  main            d.u.i.k.p.i.AbstractProblemLoader Replaying proof Indirect[Indirect::test(Coll1,Coll2)].JML operation contract.0 
153139     DEBUG main            d.u.i.k.p.i.IntermediateProofReplayer Proof replay took 8.1ns 
153445     INFO  main            d.u.i.k.p.r.p.TestFile    ... finished proof: closed. 
153765     INFO  main            d.u.i.k.p.i.AbstractProblemLoader Loading environment from /home/runner/work/key/key/key.core/../key.ui/examples/heap/model_methods/Indirect_test.key.proof 
153765     DEBUG main            d.u.i.k.p.i.AbstractProblemLoader Environment load took 390.9ns 
153767     INFO  main            d.u.i.k.p.i.AbstractProblemLoader Creating init config 
156882     DEBUG main            d.u.i.k.p.i.AbstractProblemLoader Init config took 3.12s 
156931     INFO  main            d.u.i.k.p.i.AbstractProblemLoader Replaying proof Indirect[Indirect::test(Coll1,Coll2)].JML operation contract.0 
157007     DEBUG main            d.u.i.k.p.i.IntermediateProofReplayer Proof replay took 70.54ms 
157008     DEBUG main            d.u.i.k.p.r.p.TestFile    ... success: reloaded. 
157009     INFO  main            d.u.i.k.p.r.p.TestFile    Now processing file /home/runner/work/key/key/key.core/../key.ui/examples/heap/model_methods/Recell_Cell_footprint.key 
157009     INFO  main            d.u.i.k.p.i.AbstractProblemLoader Loading environment from /home/runner/work/key/key/key.core/../key.ui/examples/heap/model_methods/Recell_Cell_footprint.key 
157009     DEBUG main            d.u.i.k.p.i.AbstractProblemLoader Environment load took 105.4ns 
157010     INFO  main            d.u.i.k.p.i.AbstractProblemLoader Creating init config 
160203     DEBUG main            d.u.i.k.p.i.AbstractProblemLoader Init config took 3.19s 
160276     INFO  main            d.u.i.k.p.i.AbstractProblemLoader Replaying proof Recell[Cell::footprint()].JML model_behavior operation contract.0 
160278     DEBUG main            d.u.i.k.p.i.IntermediateProofReplayer Proof replay took 8.8ns 
160380     INFO  main            d.u.i.k.p.r.p.TestFile    ... finished proof: closed. 
160690     INFO  main            d.u.i.k.p.i.AbstractProblemLoader Loading environment from /home/runner/work/key/key/key.core/../key.ui/examples/heap/model_methods/Recell_Cell_footprint.key.proof 
160691     DEBUG main            d.u.i.k.p.i.AbstractProblemLoader Environment load took 129.2ns 
160692     INFO  main            d.u.i.k.p.i.AbstractProblemLoader Creating init config 
163845     DEBUG main            d.u.i.k.p.i.AbstractProblemLoader Init config took 3.15s 
163890     INFO  main            d.u.i.k.p.i.AbstractProblemLoader Replaying proof Recell[Cell::footprint()].JML model_behavior operation contract.0 
163896     DEBUG main            d.u.i.k.p.i.IntermediateProofReplayer Proof replay took 3.57ms 
163897     DEBUG main            d.u.i.k.p.r.p.TestFile    ... success: reloaded. 
163898     INFO  main            d.u.i.k.p.r.p.TestFile    Now processing file /home/runner/work/key/key/key.core/../key.ui/examples/heap/model_methods/Recell_Cell_post_set.key 
163898     INFO  main            d.u.i.k.p.i.AbstractProblemLoader Loading environment from /home/runner/work/key/key/key.core/../key.ui/examples/heap/model_methods/Recell_Cell_post_set.key 
163898     DEBUG main            d.u.i.k.p.i.AbstractProblemLoader Environment load took 130.7ns 
163899     INFO  main            d.u.i.k.p.i.AbstractProblemLoader Creating init config 
167151     DEBUG main            d.u.i.k.p.i.AbstractProblemLoader Init config took 3.25s 
167199     INFO  main            d.u.i.k.p.i.AbstractProblemLoader Replaying proof Recell[Cell::post_set(int)].JML model_behavior operation contract.0 
167200     DEBUG main            d.u.i.k.p.i.IntermediateProofReplayer Proof replay took 7.9ns 
167304     INFO  main            d.u.i.k.p.r.p.TestFile    ... finished proof: closed. 
167640     INFO  main            d.u.i.k.p.i.AbstractProblemLoader Loading environment from /home/runner/work/key/key/key.core/../key.ui/examples/heap/model_methods/Recell_Cell_post_set.key.proof 
167640     DEBUG main            d.u.i.k.p.i.AbstractProblemLoader Environment load took 133.7ns 
167641     INFO  main            d.u.i.k.p.i.AbstractProblemLoader Creating init config 
170764     DEBUG main            d.u.i.k.p.i.AbstractProblemLoader Init config took 3.12s 
170809     INFO  main            d.u.i.k.p.i.AbstractProblemLoader Replaying proof Recell[Cell::post_set(int)].JML model_behavior operation contract.0 
170816     DEBUG main            d.u.i.k.p.i.IntermediateProofReplayer Proof replay took 5.27ms 
170817     DEBUG main            d.u.i.k.p.r.p.TestFile    ... success: reloaded. 
170818     INFO  main            d.u.i.k.p.r.p.TestFile    Now processing file /home/runner/work/key/key/key.core/../key.ui/examples/heap/model_methods/Recell_footprint_acc.key 
170818     INFO  main            d.u.i.k.p.i.AbstractProblemLoader Loading environment from /home/runner/work/key/key/key.core/../key.ui/examples/heap/model_methods/Recell_footprint_acc.key 
170819     DEBUG main            d.u.i.k.p.i.AbstractProblemLoader Environment load took 128.2ns 
170820     INFO  main            d.u.i.k.p.i.AbstractProblemLoader Creating init config 
174022     DEBUG main            d.u.i.k.p.i.AbstractProblemLoader Init config took 3.2s 
174068     INFO  main            d.u.i.k.p.i.AbstractProblemLoader Replaying proof Recell[Cell::footprint()].JML accessible clause.0 
174070     DEBUG main            d.u.i.k.p.i.IntermediateProofReplayer Proof replay took 19ns 
174180     INFO  main            d.u.i.k.p.r.p.TestFile    ... finished proof: closed. 
174532     INFO  main            d.u.i.k.p.i.AbstractProblemLoader Loading environment from /home/runner/work/key/key/key.core/../key.ui/examples/heap/model_methods/Recell_footprint_acc.key.proof 
174532     DEBUG main            d.u.i.k.p.i.AbstractProblemLoader Environment load took 271.2ns 
174533     INFO  main            d.u.i.k.p.i.AbstractProblemLoader Creating init config 
177712     DEBUG main            d.u.i.k.p.i.AbstractProblemLoader Init config took 3.18s 
177759     INFO  main            d.u.i.k.p.i.AbstractProblemLoader Replaying proof Recell[Cell::footprint()].JML accessible clause.0 
177786     DEBUG main            d.u.i.k.p.i.IntermediateProofReplayer Proof replay took 23.72ms 
177788     DEBUG main            d.u.i.k.p.r.p.TestFile    ... success: reloaded. 
177789     INFO  main            d.u.i.k.p.r.p.TestFile    Now processing file /home/runner/work/key/key/key.core/../key.ui/examples/heap/model_methods/Recell_get_acc.key 
177789     INFO  main            d.u.i.k.p.i.AbstractProblemLoader Loading environment from /home/runner/work/key/key/key.core/../key.ui/examples/heap/model_methods/Recell_get_acc.key 
177789     DEBUG main            d.u.i.k.p.i.AbstractProblemLoader Environment load took 151.9ns 
177790     INFO  main            d.u.i.k.p.i.AbstractProblemLoader Creating init config 
181004     DEBUG main            d.u.i.k.p.i.AbstractProblemLoader Init config took 3.21s 
181050     INFO  main            d.u.i.k.p.i.AbstractProblemLoader Replaying proof Recell[Cell::get()].JML accessible clause.0 
181052     DEBUG main            d.u.i.k.p.i.IntermediateProofReplayer Proof replay took 8ns 
181159     INFO  main            d.u.i.k.p.r.p.TestFile    ... finished proof: closed. 
181542     INFO  main            d.u.i.k.p.i.AbstractProblemLoader Loading environment from /home/runner/work/key/key/key.core/../key.ui/examples/heap/model_methods/Recell_get_acc.key.proof 
181543     DEBUG main            d.u.i.k.p.i.AbstractProblemLoader Environment load took 858.41ns 
181544     INFO  main            d.u.i.k.p.i.AbstractProblemLoader Creating init config 
184687     DEBUG main            d.u.i.k.p.i.AbstractProblemLoader Init config took 3.14s 
184732     INFO  main            d.u.i.k.p.i.AbstractProblemLoader Replaying proof Recell[Cell::get()].JML accessible clause.0 
184757     DEBUG main            d.u.i.k.p.i.IntermediateProofReplayer Proof replay took 21.9ms 
184758     DEBUG main            d.u.i.k.p.r.p.TestFile    ... success: reloaded. 
184759     INFO  main            d.u.i.k.p.r.p.TestFile    Now processing file /home/runner/work/key/key/key.core/../key.ui/examples/heap/model_methods/Recell_get.key 
184759     INFO  main            d.u.i.k.p.i.AbstractProblemLoader Loading environment from /home/runner/work/key/key/key.core/../key.ui/examples/heap/model_methods/Recell_get.key 
184759     DEBUG main            d.u.i.k.p.i.AbstractProblemLoader Environment load took 113.2ns 
184760     INFO  main            d.u.i.k.p.i.AbstractProblemLoader Creating init config 
187973     DEBUG main            d.u.i.k.p.i.AbstractProblemLoader Init config took 3.21s 
188035     INFO  main            d.u.i.k.p.i.AbstractProblemLoader Replaying proof Recell[Cell::get()].JML operation contract.0 
188038     DEBUG main            d.u.i.k.p.i.IntermediateProofReplayer Proof replay took 7.7ns 
188141     INFO  main            d.u.i.k.p.r.p.TestFile    ... finished proof: closed. 
188513     INFO  main            d.u.i.k.p.i.AbstractProblemLoader Loading environment from /home/runner/work/key/key/key.core/../key.ui/examples/heap/model_methods/Recell_get.key.proof 
188513     DEBUG main            d.u.i.k.p.i.AbstractProblemLoader Environment load took 133.9ns 
188514     INFO  main            d.u.i.k.p.i.AbstractProblemLoader Creating init config 
191601     DEBUG main            d.u.i.k.p.i.AbstractProblemLoader Init config took 3.09s 
191647     INFO  main            d.u.i.k.p.i.AbstractProblemLoader Replaying proof Recell[Cell::get()].JML operation contract.0 
191660     DEBUG main            d.u.i.k.p.i.IntermediateProofReplayer Proof replay took 10.91ms 
191661     DEBUG main            d.u.i.k.p.r.p.TestFile    ... success: reloaded. 
191662     INFO  main            d.u.i.k.p.r.p.TestFile    Now processing file /home/runner/work/key/key/key.core/../key.ui/examples/heap/model_methods/Recell_Recell_footprint.key 
191662     INFO  main            d.u.i.k.p.i.AbstractProblemLoader Loading environment from /home/runner/work/key/key/key.core/../key.ui/examples/heap/model_methods/Recell_Recell_footprint.key 
191662     DEBUG main            d.u.i.k.p.i.AbstractProblemLoader Environment load took 121.1ns 
191663     INFO  main            d.u.i.k.p.i.AbstractProblemLoader Creating init config 
194901     DEBUG main            d.u.i.k.p.i.AbstractProblemLoader Init config took 3.24s 
194945     INFO  main            d.u.i.k.p.i.AbstractProblemLoader Replaying proof Recell[Recell::footprint()].JML model_behavior operation contract.0 
194947     DEBUG main            d.u.i.k.p.i.IntermediateProofReplayer Proof replay took 8.2ns 
195052     INFO  main            d.u.i.k.p.r.p.TestFile    ... finished proof: closed. 
195496     INFO  main            d.u.i.k.p.i.AbstractProblemLoader Loading environment from /home/runner/work/key/key/key.core/../key.ui/examples/heap/model_methods/Recell_Recell_footprint.key.proof 
195497     DEBUG main            d.u.i.k.p.i.AbstractProblemLoader Environment load took 141.2ns 
195498     INFO  main            d.u.i.k.p.i.AbstractProblemLoader Creating init config 
198600     DEBUG main            d.u.i.k.p.i.AbstractProblemLoader Init config took 3.1s 
198643     INFO  main            d.u.i.k.p.i.AbstractProblemLoader Replaying proof Recell[Recell::footprint()].JML model_behavior operation contract.0 
198647     DEBUG main            d.u.i.k.p.i.IntermediateProofReplayer Proof replay took 1.76ms 
198648     DEBUG main            d.u.i.k.p.r.p.TestFile    ... success: reloaded. 
198652     INFO  main            d.u.i.k.p.r.p.TestFile    Now processing file /home/runner/work/key/key/key.core/../key.ui/examples/heap/model_methods/Recell_Recell_post_set.key 
198654     INFO  main            d.u.i.k.p.i.AbstractProblemLoader Loading environment from /home/runner/work/key/key/key.core/../key.ui/examples/heap/model_methods/Recell_Recell_post_set.key 
198655     DEBUG main            d.u.i.k.p.i.AbstractProblemLoader Environment load took 1.94ms 
198657     INFO  main            d.u.i.k.p.i.AbstractProblemLoader Creating init config 
201864     DEBUG main            d.u.i.k.p.i.AbstractProblemLoader Init config took 3.21s 
201909     INFO  main            d.u.i.k.p.i.AbstractProblemLoader Replaying proof Recell[Recell::post_set(int)].JML model_behavior operation contract.0 
201911     DEBUG main            d.u.i.k.p.i.IntermediateProofReplayer Proof replay took 7.7ns 
202014     INFO  main            d.u.i.k.p.r.p.TestFile    ... finished proof: closed. 
202396     INFO  main            d.u.i.k.p.i.AbstractProblemLoader Loading environment from /home/runner/work/key/key/key.core/../key.ui/examples/heap/model_methods/Recell_Recell_post_set.key.proof 
202396     DEBUG main            d.u.i.k.p.i.AbstractProblemLoader Environment load took 113ns 
202397     INFO  main            d.u.i.k.p.i.AbstractProblemLoader Creating init config 
205495     DEBUG main            d.u.i.k.p.i.AbstractProblemLoader Init config took 3.1s 
205540     INFO  main            d.u.i.k.p.i.AbstractProblemLoader Replaying proof Recell[Recell::post_set(int)].JML model_behavior operation contract.0 
205545     DEBUG main            d.u.i.k.p.i.IntermediateProofReplayer Proof replay took 2.95ms 
205546     DEBUG main            d.u.i.k.p.r.p.TestFile    ... success: reloaded. 
205547     INFO  main            d.u.i.k.p.r.p.TestFile    Now processing file /home/runner/work/key/key/key.core/../key.ui/examples/heap/model_methods/Recell_set.key 
205548     INFO  main            d.u.i.k.p.i.AbstractProblemLoader Loading environment from /home/runner/work/key/key/key.core/../key.ui/examples/heap/model_methods/Recell_set.key 
205548     DEBUG main            d.u.i.k.p.i.AbstractProblemLoader Environment load took 123.3ns 
205549     INFO  main            d.u.i.k.p.i.AbstractProblemLoader Creating init config 
208688     DEBUG main            d.u.i.k.p.i.AbstractProblemLoader Init config took 3.14s 
208733     INFO  main            d.u.i.k.p.i.AbstractProblemLoader Replaying proof Recell[Cell::set(int)].JML operation contract.0 
208734     DEBUG main            d.u.i.k.p.i.IntermediateProofReplayer Proof replay took 8.7ns 
217089     INFO  main            d.u.i.k.p.r.p.TestFile    ... finished proof: closed. 
217507     INFO  main            d.u.i.k.p.i.AbstractProblemLoader Loading environment from /home/runner/work/key/key/key.core/../key.ui/examples/heap/model_methods/Recell_set.key.proof 
217507     DEBUG main            d.u.i.k.p.i.AbstractProblemLoader Environment load took 512.21ns 
217509     INFO  main            d.u.i.k.p.i.AbstractProblemLoader Creating init config 
220620     DEBUG main            d.u.i.k.p.i.AbstractProblemLoader Init config took 3.11s 
220666     INFO  main            d.u.i.k.p.i.AbstractProblemLoader Replaying proof Recell[Cell::set(int)].JML operation contract.0 
221373     DEBUG main            d.u.i.k.p.i.IntermediateProofReplayer Proof replay took 685.05ms 
221374     DEBUG main            d.u.i.k.p.r.p.TestFile    ... success: reloaded. 
221375     INFO  main            d.u.i.k.p.r.p.TestFile    Now processing file /home/runner/work/key/key/key.core/../key.ui/examples/heap/model_methods/Recell_undo.key 
221376     INFO  main            d.u.i.k.p.i.AbstractProblemLoader Loading environment from /home/runner/work/key/key/key.core/../key.ui/examples/heap/model_methods/Recell_undo.key 
221376     DEBUG main            d.u.i.k.p.i.AbstractProblemLoader Environment load took 194ns 
221377     INFO  main            d.u.i.k.p.i.AbstractProblemLoader Creating init config 
224590     DEBUG main            d.u.i.k.p.i.AbstractProblemLoader Init config took 3.21s 
224636     INFO  main            d.u.i.k.p.i.AbstractProblemLoader Replaying proof Recell[Recell::undo()].JML operation contract.0 
224638     DEBUG main            d.u.i.k.p.i.IntermediateProofReplayer Proof replay took 8.4ns 
224841     INFO  main            d.u.i.k.p.r.p.TestFile    ... finished proof: closed. 
225233     INFO  main            d.u.i.k.p.i.AbstractProblemLoader Loading environment from /home/runner/work/key/key/key.core/../key.ui/examples/heap/model_methods/Recell_undo.key.proof 
225233     DEBUG main            d.u.i.k.p.i.AbstractProblemLoader Environment load took 105.4ns 
225234     INFO  main            d.u.i.k.p.i.AbstractProblemLoader Creating init config 
228317     DEBUG main            d.u.i.k.p.i.AbstractProblemLoader Init config took 3.08s 
228377     INFO  main            d.u.i.k.p.i.AbstractProblemLoader Replaying proof Recell[Recell::undo()].JML operation contract.0 
228421     DEBUG main            d.u.i.k.p.i.IntermediateProofReplayer Proof replay took 40.69ms 
228422     DEBUG main            d.u.i.k.p.r.p.TestFile    ... success: reloaded. 
5534783    INFO  Test worker     d.u.i.k.p.r.RunAllProofsTestUnit Returning from test modelMethods 
5534784    INFO  Test worker     d.u.i.k.p.r.RunAllProofsTestUnit Running test permissionHeap 
530        INFO  Timeout watchdog d.u.i.k.p.r.p.ForkedTestFileRunner Timeout watcher launched (2000 secs.) 
547        WARN  main            d.u.i.k.s.ProofSettings   The settings in /home/runner/.key/proof-settings.props are *not* read. 
605        INFO  main            d.u.i.k.p.r.p.TestFile    Now processing file /home/runner/work/key/key/key.core/../key.ui/examples/heap/permissions/permissions_method0.key 
766        INFO  main            d.u.i.k.p.i.AbstractProblemLoader Loading environment from /home/runner/work/key/key/key.core/../key.ui/examples/heap/permissions/permissions_method0.key 
786        DEBUG main            d.u.i.k.p.i.AbstractProblemLoader Environment load took 2.57ms 
1095       INFO  main            d.u.i.k.p.i.AbstractProblemLoader Creating init config 
2274       DEBUG main            d.u.i.k.j.TypeConverter   No LDT found for Meta 
2277       DEBUG main            d.u.i.k.j.TypeConverter   No LDT found for Meta 
2281       DEBUG main            d.u.i.k.j.TypeConverter   No LDT found for Meta 
2281       DEBUG main            d.u.i.k.j.TypeConverter   No LDT found for Meta 
4107       DEBUG main            d.u.i.k.j.TypeConverter   No LDT found for JavaBigintExpression 
10602      DEBUG main            d.u.i.k.p.i.AbstractProblemLoader Init config took 9.51s 
10786      INFO  main            d.u.i.k.p.i.AbstractProblemLoader Replaying proof MyClass[MyClass::method0()].JML normal_behavior operation contract.0 
10836      DEBUG main            d.u.i.k.p.i.IntermediateProofReplayer Proof replay took 39.7ns 
12192      INFO  main            d.u.i.k.p.r.p.TestFile    ... finished proof: closed. 
12358      INFO  main            d.u.i.k.p.i.AbstractProblemLoader Loading environment from /home/runner/work/key/key/key.core/../key.ui/examples/heap/permissions/permissions_method0.key.proof 
12359      DEBUG main            d.u.i.k.p.i.AbstractProblemLoader Environment load took 1.27ms 
12362      INFO  main            d.u.i.k.p.i.AbstractProblemLoader Creating init config 
16014      DEBUG main            d.u.i.k.p.i.AbstractProblemLoader Init config took 3.65s 
16089      INFO  main            d.u.i.k.p.i.AbstractProblemLoader Replaying proof MyClass[MyClass::method0()].JML normal_behavior operation contract.0 
16278      DEBUG main            d.u.i.k.p.i.IntermediateProofReplayer Proof replay took 181.96ms 
16289      DEBUG main            d.u.i.k.p.r.p.TestFile    ... success: reloaded. 
16293      INFO  main            d.u.i.k.p.r.p.TestFile    Now processing file /home/runner/work/key/key/key.core/../key.ui/examples/heap/permissions/permissions_method1.key 
16293      INFO  main            d.u.i.k.p.i.AbstractProblemLoader Loading environment from /home/runner/work/key/key/key.core/../key.ui/examples/heap/permissions/permissions_method1.key 
16293      DEBUG main            d.u.i.k.p.i.AbstractProblemLoader Environment load took 191.4ns 
16297      INFO  main            d.u.i.k.p.i.AbstractProblemLoader Creating init config 
19914      DEBUG main            d.u.i.k.p.i.AbstractProblemLoader Init config took 3.62s 
20010      INFO  main            d.u.i.k.p.i.AbstractProblemLoader Replaying proof MyClass[MyClass::method1()].JML normal_behavior operation contract.0 
20018      DEBUG main            d.u.i.k.p.i.IntermediateProofReplayer Proof replay took 7.6ns 
20425      INFO  main            d.u.i.k.p.r.p.TestFile    ... finished proof: closed. 
20621      INFO  main            d.u.i.k.p.i.AbstractProblemLoader Loading environment from /home/runner/work/key/key/key.core/../key.ui/examples/heap/permissions/permissions_method1.key.proof 
20625      DEBUG main            d.u.i.k.p.i.AbstractProblemLoader Environment load took 3.78ms 
20626      INFO  main            d.u.i.k.p.i.AbstractProblemLoader Creating init config 
24126      DEBUG main            d.u.i.k.p.i.AbstractProblemLoader Init config took 3.5s 
24191      INFO  main            d.u.i.k.p.i.AbstractProblemLoader Replaying proof MyClass[MyClass::method1()].JML normal_behavior operation contract.0 
24282      DEBUG main            d.u.i.k.p.i.IntermediateProofReplayer Proof replay took 85.93ms 
24283      DEBUG main            d.u.i.k.p.r.p.TestFile    ... success: reloaded. 
24286      INFO  main            d.u.i.k.p.r.p.TestFile    Now processing file /home/runner/work/key/key/key.core/../key.ui/examples/heap/permissions/permissions_method3.key 
24286      INFO  main            d.u.i.k.p.i.AbstractProblemLoader Loading environment from /home/runner/work/key/key/key.core/../key.ui/examples/heap/permissions/permissions_method3.key 
24286      DEBUG main            d.u.i.k.p.i.AbstractProblemLoader Environment load took 227.1ns 
24289      INFO  main            d.u.i.k.p.i.AbstractProblemLoader Creating init config 
27828      DEBUG main            d.u.i.k.p.i.AbstractProblemLoader Init config took 3.54s 
27888      INFO  main            d.u.i.k.p.i.AbstractProblemLoader Replaying proof MyClass[MyClass::method3()].JML normal_behavior operation contract.0 
27890      DEBUG main            d.u.i.k.p.i.IntermediateProofReplayer Proof replay took 6.2ns 
29708      INFO  main            d.u.i.k.p.r.p.TestFile    ... finished proof: closed. 
29974      INFO  main            d.u.i.k.p.i.AbstractProblemLoader Loading environment from /home/runner/work/key/key/key.core/../key.ui/examples/heap/permissions/permissions_method3.key.proof 
29975      DEBUG main            d.u.i.k.p.i.AbstractProblemLoader Environment load took 1.08ms 
29977      INFO  main            d.u.i.k.p.i.AbstractProblemLoader Creating init config 
33373      DEBUG main            d.u.i.k.p.i.AbstractProblemLoader Init config took 3.4s 
33433      INFO  main            d.u.i.k.p.i.AbstractProblemLoader Replaying proof MyClass[MyClass::method3()].JML normal_behavior operation contract.0 
33771      DEBUG main            d.u.i.k.p.i.IntermediateProofReplayer Proof replay took 328.44ms 
33772      DEBUG main            d.u.i.k.p.r.p.TestFile    ... success: reloaded. 
33774      INFO  main            d.u.i.k.p.r.p.TestFile    Now processing file /home/runner/work/key/key/key.core/../key.ui/examples/heap/permissions/permissions_setAB.key 
33774      INFO  main            d.u.i.k.p.i.AbstractProblemLoader Loading environment from /home/runner/work/key/key/key.core/../key.ui/examples/heap/permissions/permissions_setAB.key 
33775      DEBUG main            d.u.i.k.p.i.AbstractProblemLoader Environment load took 224.6ns 
33776      INFO  main            d.u.i.k.p.i.AbstractProblemLoader Creating init config 
37180      DEBUG main            d.u.i.k.p.i.AbstractProblemLoader Init config took 3.4s 
37238      INFO  main            d.u.i.k.p.i.AbstractProblemLoader Replaying proof MyClass[MyClass::setAB()].JML normal_behavior operation contract.0 
37240      DEBUG main            d.u.i.k.p.i.IntermediateProofReplayer Proof replay took 16.5ns 
39167      INFO  main            d.u.i.k.p.r.p.TestFile    ... finished proof: closed. 
39402      INFO  main            d.u.i.k.p.i.AbstractProblemLoader Loading environment from /home/runner/work/key/key/key.core/../key.ui/examples/heap/permissions/permissions_setAB.key.proof 
39405      DEBUG main            d.u.i.k.p.i.AbstractProblemLoader Environment load took 3.36ms 
39407      INFO  main            d.u.i.k.p.i.AbstractProblemLoader Creating init config 
42736      DEBUG main            d.u.i.k.p.i.AbstractProblemLoader Init config took 3.33s 
42816      INFO  main            d.u.i.k.p.i.AbstractProblemLoader Replaying proof MyClass[MyClass::setAB()].JML normal_behavior operation contract.0 
43094      DEBUG main            d.u.i.k.p.i.IntermediateProofReplayer Proof replay took 270.97ms 
43096      DEBUG main            d.u.i.k.p.r.p.TestFile    ... success: reloaded. 
43098      INFO  main            d.u.i.k.p.r.p.TestFile    Now processing file /home/runner/work/key/key/key.core/../key.ui/examples/heap/permissions/permissionProperties.key 
43098      INFO  main            d.u.i.k.p.i.AbstractProblemLoader Loading environment from /home/runner/work/key/key/key.core/../key.ui/examples/heap/permissions/permissionProperties.key 
43098      DEBUG main            d.u.i.k.p.i.AbstractProblemLoader Environment load took 214.6ns 
43102      INFO  main            d.u.i.k.p.i.AbstractProblemLoader Creating init config 
43325      DEBUG main            d.u.i.k.j.TypeConverter   No LDT found for Meta 
43326      DEBUG main            d.u.i.k.j.TypeConverter   No LDT found for Meta 
43327      DEBUG main            d.u.i.k.j.TypeConverter   No LDT found for Meta 
43327      DEBUG main            d.u.i.k.j.TypeConverter   No LDT found for Meta 
44268      DEBUG main            d.u.i.k.j.TypeConverter   No LDT found for JavaBigintExpression 
47700      DEBUG main            d.u.i.k.p.i.AbstractProblemLoader Init config took 4.6s 
47727      INFO  main            d.u.i.k.p.i.AbstractProblemLoader Replaying proof permissionProperties.key 
47729      DEBUG main            d.u.i.k.p.i.IntermediateProofReplayer Proof replay took 8.4ns 
47934      INFO  main            d.u.i.k.p.r.p.TestFile    ... finished proof: closed. 
48189      INFO  main            d.u.i.k.p.i.AbstractProblemLoader Loading environment from /home/runner/work/key/key/key.core/../key.ui/examples/heap/permissions/permissionProperties.key.proof 
48190      DEBUG main            d.u.i.k.p.i.AbstractProblemLoader Environment load took 556.71ns 
48192      INFO  main            d.u.i.k.p.i.AbstractProblemLoader Creating init config 
51248      DEBUG main            d.u.i.k.p.i.AbstractProblemLoader Init config took 3.06s 
51278      INFO  main            d.u.i.k.p.i.AbstractProblemLoader Replaying proof permissionProperties.key.proof 
51309      DEBUG main            d.u.i.k.p.i.IntermediateProofReplayer Proof replay took 27.37ms 
51311      DEBUG main            d.u.i.k.p.r.p.TestFile    ... success: reloaded. 
51312      INFO  main            d.u.i.k.p.r.p.TestFile    Now processing file /home/runner/work/key/key/key.core/../key.ui/examples/heap/permissions/threads/AFilter_AFilter.key 
51313      INFO  main            d.u.i.k.p.i.AbstractProblemLoader Loading environment from /home/runner/work/key/key/key.core/../key.ui/examples/heap/permissions/threads/AFilter_AFilter.key 
51313      DEBUG main            d.u.i.k.p.i.AbstractProblemLoader Environment load took 309.4ns 
51314      INFO  main            d.u.i.k.p.i.AbstractProblemLoader Creating init config 
51496      DEBUG main            d.u.i.k.j.TypeConverter   No LDT found for Meta 
51497      DEBUG main            d.u.i.k.j.TypeConverter   No LDT found for Meta 
51498      DEBUG main            d.u.i.k.j.TypeConverter   No LDT found for Meta 
51498      DEBUG main            d.u.i.k.j.TypeConverter   No LDT found for Meta 
52381      DEBUG main            d.u.i.k.j.TypeConverter   No LDT found for JavaBigintExpression 
59344      DEBUG main            d.u.i.k.p.i.AbstractProblemLoader Init config took 8.03s 
59475      INFO  main            d.u.i.k.p.i.AbstractProblemLoader Replaying proof AFilter[AFilter::AFilter(Sampler,Buffer)].JML normal_behavior operation contract.0 
59477      DEBUG main            d.u.i.k.p.i.IntermediateProofReplayer Proof replay took 8.2ns 
61040      INFO  main            d.u.i.k.p.r.p.TestFile    ... finished proof: closed. 
61314      INFO  main            d.u.i.k.p.i.AbstractProblemLoader Loading environment from /home/runner/work/key/key/key.core/../key.ui/examples/heap/permissions/threads/AFilter_AFilter.key.proof 
61314      DEBUG main            d.u.i.k.p.i.AbstractProblemLoader Environment load took 585.9ns 
61316      INFO  main            d.u.i.k.p.i.AbstractProblemLoader Creating init config 
67237      DEBUG main            d.u.i.k.p.i.AbstractProblemLoader Init config took 5.92s 
67362      INFO  main            d.u.i.k.p.i.AbstractProblemLoader Replaying proof AFilter[AFilter::AFilter(Sampler,Buffer)].JML normal_behavior operation contract.0 
67578      DEBUG main            d.u.i.k.p.i.IntermediateProofReplayer Proof replay took 210.7ms 
67580      DEBUG main            d.u.i.k.p.r.p.TestFile    ... success: reloaded. 
67581      INFO  main            d.u.i.k.p.r.p.TestFile    Now processing file /home/runner/work/key/key/key.core/../key.ui/examples/heap/permissions/threads/AFilter_initPost_accessible.key 
67582      INFO  main            d.u.i.k.p.i.AbstractProblemLoader Loading environment from /home/runner/work/key/key/key.core/../key.ui/examples/heap/permissions/threads/AFilter_initPost_accessible.key 
67582      DEBUG main            d.u.i.k.p.i.AbstractProblemLoader Environment load took 247.7ns 
67583      INFO  main            d.u.i.k.p.i.AbstractProblemLoader Creating init config 
73466      DEBUG main            d.u.i.k.p.i.AbstractProblemLoader Init config took 5.88s 
73613      INFO  main            d.u.i.k.p.i.AbstractProblemLoader Replaying proof AFilter[ThreadSpec2::initPost()].JML accessible clause.0 
73615      DEBUG main            d.u.i.k.p.i.IntermediateProofReplayer Proof replay took 7.8ns 
73717      INFO  main            d.u.i.k.p.r.p.TestFile    ... finished proof: closed. 
73992      INFO  main            d.u.i.k.p.i.AbstractProblemLoader Loading environment from /home/runner/work/key/key/key.core/../key.ui/examples/heap/permissions/threads/AFilter_initPost_accessible.key.proof 
73992      DEBUG main            d.u.i.k.p.i.AbstractProblemLoader Environment load took 143.6ns 
73993      INFO  main            d.u.i.k.p.i.AbstractProblemLoader Creating init config 
79846      DEBUG main            d.u.i.k.p.i.AbstractProblemLoader Init config took 5.85s 
79965      INFO  main            d.u.i.k.p.i.AbstractProblemLoader Replaying proof AFilter[ThreadSpec2::initPost()].JML accessible clause.0 
79986      DEBUG main            d.u.i.k.p.i.IntermediateProofReplayer Proof replay took 19.13ms 
79987      DEBUG main            d.u.i.k.p.r.p.TestFile    ... success: reloaded. 
79989      INFO  main            d.u.i.k.p.r.p.TestFile    Now processing file /home/runner/work/key/key/key.core/../key.ui/examples/heap/permissions/threads/AFilter_inv_accessible1.key 
79989      INFO  main            d.u.i.k.p.i.AbstractProblemLoader Loading environment from /home/runner/work/key/key/key.core/../key.ui/examples/heap/permissions/threads/AFilter_inv_accessible1.key 
79989      DEBUG main            d.u.i.k.p.i.AbstractProblemLoader Environment load took 258.8ns 
79991      INFO  main            d.u.i.k.p.i.AbstractProblemLoader Creating init config 
85923      DEBUG main            d.u.i.k.p.i.AbstractProblemLoader Init config took 5.93s 
86037      INFO  main            d.u.i.k.p.i.AbstractProblemLoader Replaying proof AFilter[java.lang.Object::<inv>()].JML accessible clause.0 
86042      DEBUG main            d.u.i.k.p.i.IntermediateProofReplayer Proof replay took 8.7ns 
86144      INFO  main            d.u.i.k.p.r.p.TestFile    ... finished proof: closed. 
86417      INFO  main            d.u.i.k.p.i.AbstractProblemLoader Loading environment from /home/runner/work/key/key/key.core/../key.ui/examples/heap/permissions/threads/AFilter_inv_accessible1.key.proof 
86417      DEBUG main            d.u.i.k.p.i.AbstractProblemLoader Environment load took 136.2ns 
86418      INFO  main            d.u.i.k.p.i.AbstractProblemLoader Creating init config 
92329      DEBUG main            d.u.i.k.p.i.AbstractProblemLoader Init config took 5.91s 
92469      INFO  main            d.u.i.k.p.i.AbstractProblemLoader Replaying proof AFilter[java.lang.Object::<inv>()].JML accessible clause.0 
92474      DEBUG main            d.u.i.k.p.i.IntermediateProofReplayer Proof replay took 3.27ms 
92475      DEBUG main            d.u.i.k.p.r.p.TestFile    ... success: reloaded. 
92476      INFO  main            d.u.i.k.p.r.p.TestFile    Now processing file /home/runner/work/key/key/key.core/../key.ui/examples/heap/permissions/threads/AFilter_inv_accessible2.key 
92477      INFO  main            d.u.i.k.p.i.AbstractProblemLoader Loading environment from /home/runner/work/key/key/key.core/../key.ui/examples/heap/permissions/threads/AFilter_inv_accessible2.key 
92477      DEBUG main            d.u.i.k.p.i.AbstractProblemLoader Environment load took 116.2ns 
92478      INFO  main            d.u.i.k.p.i.AbstractProblemLoader Creating init config 
98338      DEBUG main            d.u.i.k.p.i.AbstractProblemLoader Init config took 5.86s 
98450      INFO  main            d.u.i.k.p.i.AbstractProblemLoader Replaying proof AFilter[java.lang.Object::<inv>()].JML accessible clause.1 
98453      DEBUG main            d.u.i.k.p.i.IntermediateProofReplayer Proof replay took 9.3ns 
98555      INFO  main            d.u.i.k.p.r.p.TestFile    ... finished proof: closed. 
98842      INFO  main            d.u.i.k.p.i.AbstractProblemLoader Loading environment from /home/runner/work/key/key/key.core/../key.ui/examples/heap/permissions/threads/AFilter_inv_accessible2.key.proof 
98842      DEBUG main            d.u.i.k.p.i.AbstractProblemLoader Environment load took 185.8ns 
98843      INFO  main            d.u.i.k.p.i.AbstractProblemLoader Creating init config 
104692     DEBUG main            d.u.i.k.p.i.AbstractProblemLoader Init config took 5.85s 
104799     INFO  main            d.u.i.k.p.i.AbstractProblemLoader Replaying proof AFilter[java.lang.Object::<inv>()].JML accessible clause.1 
104804     DEBUG main            d.u.i.k.p.i.IntermediateProofReplayer Proof replay took 2.97ms 
104805     DEBUG main            d.u.i.k.p.r.p.TestFile    ... success: reloaded. 
104807     INFO  main            d.u.i.k.p.r.p.TestFile    Now processing file /home/runner/work/key/key/key.core/../key.ui/examples/heap/permissions/threads/AFilter_joinTransfer_accessible.key 
104807     INFO  main            d.u.i.k.p.i.AbstractProblemLoader Loading environment from /home/runner/work/key/key/key.core/../key.ui/examples/heap/permissions/threads/AFilter_joinTransfer_accessible.key 
104807     DEBUG main            d.u.i.k.p.i.AbstractProblemLoader Environment load took 159.8ns 
104808     INFO  main            d.u.i.k.p.i.AbstractProblemLoader Creating init config 
110727     DEBUG main            d.u.i.k.p.i.AbstractProblemLoader Init config took 5.92s 
110832     INFO  main            d.u.i.k.p.i.AbstractProblemLoader Replaying proof AFilter[ThreadSpec2::joinTransfer()].JML accessible clause.0 
110834     DEBUG main            d.u.i.k.p.i.IntermediateProofReplayer Proof replay took 20.3ns 
112340     INFO  main            d.u.i.k.p.r.p.TestFile    ... finished proof: closed. 
112725     INFO  main            d.u.i.k.p.i.AbstractProblemLoader Loading environment from /home/runner/work/key/key/key.core/../key.ui/examples/heap/permissions/threads/AFilter_joinTransfer_accessible.key.proof 
112727     DEBUG main            d.u.i.k.p.i.AbstractProblemLoader Environment load took 1.53ms 
112728     INFO  main            d.u.i.k.p.i.AbstractProblemLoader Creating init config 
118621     DEBUG main            d.u.i.k.p.i.AbstractProblemLoader Init config took 5.89s 
118727     INFO  main            d.u.i.k.p.i.AbstractProblemLoader Replaying proof AFilter[ThreadSpec2::joinTransfer()].JML accessible clause.0 
118905     DEBUG main            d.u.i.k.p.i.IntermediateProofReplayer Proof replay took 170.3ms 
118907     DEBUG main            d.u.i.k.p.r.p.TestFile    ... success: reloaded. 
118910     INFO  main            d.u.i.k.p.r.p.TestFile    Now processing file /home/runner/work/key/key/key.core/../key.ui/examples/heap/permissions/threads/AFilter_joinTransfer_contract.key 
118910     INFO  main            d.u.i.k.p.i.AbstractProblemLoader Loading environment from /home/runner/work/key/key/key.core/../key.ui/examples/heap/permissions/threads/AFilter_joinTransfer_contract.key 
118911     DEBUG main            d.u.i.k.p.i.AbstractProblemLoader Environment load took 137ns 
118912     INFO  main            d.u.i.k.p.i.AbstractProblemLoader Creating init config 
124734     DEBUG main            d.u.i.k.p.i.AbstractProblemLoader Init config took 5.82s 
124848     INFO  main            d.u.i.k.p.i.AbstractProblemLoader Replaying proof AFilter[ThreadSpec2::joinTransfer()].JML model_behavior operation contract.0 
124850     DEBUG main            d.u.i.k.p.i.IntermediateProofReplayer Proof replay took 8.5ns 
124956     INFO  main            d.u.i.k.p.r.p.TestFile    ... finished proof: closed. 
125270     INFO  main            d.u.i.k.p.i.AbstractProblemLoader Loading environment from /home/runner/work/key/key/key.core/../key.ui/examples/heap/permissions/threads/AFilter_joinTransfer_contract.key.proof 
125270     DEBUG main            d.u.i.k.p.i.AbstractProblemLoader Environment load took 135.5ns 
125271     INFO  main            d.u.i.k.p.i.AbstractProblemLoader Creating init config 
131143     DEBUG main            d.u.i.k.p.i.AbstractProblemLoader Init config took 5.87s 
131269     INFO  main            d.u.i.k.p.i.AbstractProblemLoader Replaying proof AFilter[ThreadSpec2::joinTransfer()].JML model_behavior operation contract.0 
131281     DEBUG main            d.u.i.k.p.i.IntermediateProofReplayer Proof replay took 9.85ms 
131283     DEBUG main            d.u.i.k.p.r.p.TestFile    ... success: reloaded. 
131284     INFO  main            d.u.i.k.p.r.p.TestFile    Now processing file /home/runner/work/key/key/key.core/../key.ui/examples/heap/permissions/threads/AFilter_postJoin_accessible.key 
131284     INFO  main            d.u.i.k.p.i.AbstractProblemLoader Loading environment from /home/runner/work/key/key/key.core/../key.ui/examples/heap/permissions/threads/AFilter_postJoin_accessible.key 
131284     DEBUG main            d.u.i.k.p.i.AbstractProblemLoader Environment load took 198.2ns 
131286     INFO  main            d.u.i.k.p.i.AbstractProblemLoader Creating init config 
137207     DEBUG main            d.u.i.k.p.i.AbstractProblemLoader Init config took 5.92s 
137320     INFO  main            d.u.i.k.p.i.AbstractProblemLoader Replaying proof AFilter[ThreadSpec2::postJoin(java.lang.Object)].JML accessible clause.0 
137322     DEBUG main            d.u.i.k.p.i.IntermediateProofReplayer Proof replay took 8.4ns 
137424     INFO  main            d.u.i.k.p.r.p.TestFile    ... finished proof: closed. 
137739     INFO  main            d.u.i.k.p.i.AbstractProblemLoader Loading environment from /home/runner/work/key/key/key.core/../key.ui/examples/heap/permissions/threads/AFilter_postJoin_accessible.key.proof 
137739     DEBUG main            d.u.i.k.p.i.AbstractProblemLoader Environment load took 163.3ns 
137740     INFO  main            d.u.i.k.p.i.AbstractProblemLoader Creating init config 
143524     DEBUG main            d.u.i.k.p.i.AbstractProblemLoader Init config took 5.78s 
143626     INFO  main            d.u.i.k.p.i.AbstractProblemLoader Replaying proof AFilter[ThreadSpec2::postJoin(java.lang.Object)].JML accessible clause.0 
143638     DEBUG main            d.u.i.k.p.i.IntermediateProofReplayer Proof replay took 8.79ms 
143639     DEBUG main            d.u.i.k.p.r.p.TestFile    ... success: reloaded. 
143640     INFO  main            d.u.i.k.p.r.p.TestFile    Now processing file /home/runner/work/key/key/key.core/../key.ui/examples/heap/permissions/threads/AFilter_preStart_accessible.key 
143641     INFO  main            d.u.i.k.p.i.AbstractProblemLoader Loading environment from /home/runner/work/key/key/key.core/../key.ui/examples/heap/permissions/threads/AFilter_preStart_accessible.key 
143641     DEBUG main            d.u.i.k.p.i.AbstractProblemLoader Environment load took 213.4ns 
143642     INFO  main            d.u.i.k.p.i.AbstractProblemLoader Creating init config 
149522     DEBUG main            d.u.i.k.p.i.AbstractProblemLoader Init config took 5.88s 
149626     INFO  main            d.u.i.k.p.i.AbstractProblemLoader Replaying proof AFilter[ThreadSpec2::preStart(java.lang.Object)].JML accessible clause.0 
149629     DEBUG main            d.u.i.k.p.i.IntermediateProofReplayer Proof replay took 8.2ns 
150056     INFO  main            d.u.i.k.p.r.p.TestFile    ... finished proof: closed. 
150455     INFO  main            d.u.i.k.p.i.AbstractProblemLoader Loading environment from /home/runner/work/key/key/key.core/../key.ui/examples/heap/permissions/threads/AFilter_preStart_accessible.key.proof 
150456     DEBUG main            d.u.i.k.p.i.AbstractProblemLoader Environment load took 138ns 
150461     INFO  main            d.u.i.k.p.i.AbstractProblemLoader Creating init config 
156311     DEBUG main            d.u.i.k.p.i.AbstractProblemLoader Init config took 5.85s 
156413     INFO  main            d.u.i.k.p.i.AbstractProblemLoader Replaying proof AFilter[ThreadSpec2::preStart(java.lang.Object)].JML accessible clause.0 
156464     DEBUG main            d.u.i.k.p.i.IntermediateProofReplayer Proof replay took 46.71ms 
156465     DEBUG main            d.u.i.k.p.r.p.TestFile    ... success: reloaded. 
156466     INFO  main            d.u.i.k.p.r.p.TestFile    Now processing file /home/runner/work/key/key/key.core/../key.ui/examples/heap/permissions/threads/AFilter_startTransfer_accessible.key 
156466     INFO  main            d.u.i.k.p.i.AbstractProblemLoader Loading environment from /home/runner/work/key/key/key.core/../key.ui/examples/heap/permissions/threads/AFilter_startTransfer_accessible.key 
156466     DEBUG main            d.u.i.k.p.i.AbstractProblemLoader Environment load took 114.5ns 
156467     INFO  main            d.u.i.k.p.i.AbstractProblemLoader Creating init config 
162245     DEBUG main            d.u.i.k.p.i.AbstractProblemLoader Init config took 5.78s 
162356     INFO  main            d.u.i.k.p.i.AbstractProblemLoader Replaying proof AFilter[ThreadSpec2::startTransfer()].JML accessible clause.0 
162358     DEBUG main            d.u.i.k.p.i.IntermediateProofReplayer Proof replay took 7.8ns 
174640     INFO  main            d.u.i.k.p.r.p.TestFile    ... finished proof: closed. 
175002     INFO  main            d.u.i.k.p.i.AbstractProblemLoader Loading environment from /home/runner/work/key/key/key.core/../key.ui/examples/heap/permissions/threads/AFilter_startTransfer_accessible.key.proof 
175003     DEBUG main            d.u.i.k.p.i.AbstractProblemLoader Environment load took 461.2ns 
175005     INFO  main            d.u.i.k.p.i.AbstractProblemLoader Creating init config 
180753     DEBUG main            d.u.i.k.p.i.AbstractProblemLoader Init config took 5.75s 
180858     INFO  main            d.u.i.k.p.i.AbstractProblemLoader Replaying proof AFilter[ThreadSpec2::startTransfer()].JML accessible clause.0 
181922     DEBUG main            d.u.i.k.p.i.IntermediateProofReplayer Proof replay took 1.03s 
181924     DEBUG main            d.u.i.k.p.r.p.TestFile    ... success: reloaded. 
181925     INFO  main            d.u.i.k.p.r.p.TestFile    Now processing file /home/runner/work/key/key/key.core/../key.ui/examples/heap/permissions/threads/AFilter_startTransfer_contract.key 
181925     INFO  main            d.u.i.k.p.i.AbstractProblemLoader Loading environment from /home/runner/work/key/key/key.core/../key.ui/examples/heap/permissions/threads/AFilter_startTransfer_contract.key 
181925     DEBUG main            d.u.i.k.p.i.AbstractProblemLoader Environment load took 120ns 
181926     INFO  main            d.u.i.k.p.i.AbstractProblemLoader Creating init config 
187745     DEBUG main            d.u.i.k.p.i.AbstractProblemLoader Init config took 5.82s 
187852     INFO  main            d.u.i.k.p.i.AbstractProblemLoader Replaying proof AFilter[ThreadSpec2::startTransfer()].JML model_behavior operation contract.0 
187854     DEBUG main            d.u.i.k.p.i.IntermediateProofReplayer Proof replay took 7.8ns 
188358     INFO  main            d.u.i.k.p.r.p.TestFile    ... finished proof: closed. 
188837     INFO  main            d.u.i.k.p.i.AbstractProblemLoader Loading environment from /home/runner/work/key/key/key.core/../key.ui/examples/heap/permissions/threads/AFilter_startTransfer_contract.key.proof 
188837     DEBUG main            d.u.i.k.p.i.AbstractProblemLoader Environment load took 423.2ns 
188839     INFO  main            d.u.i.k.p.i.AbstractProblemLoader Creating init config 
194569     DEBUG main            d.u.i.k.p.i.AbstractProblemLoader Init config took 5.73s 
194691     INFO  main            d.u.i.k.p.i.AbstractProblemLoader Replaying proof AFilter[ThreadSpec2::startTransfer()].JML model_behavior operation contract.0 
194756     DEBUG main            d.u.i.k.p.i.IntermediateProofReplayer Proof replay took 59.4ms 
194757     DEBUG main            d.u.i.k.p.r.p.TestFile    ... success: reloaded. 
194758     INFO  main            d.u.i.k.p.r.p.TestFile    Now processing file /home/runner/work/key/key/key.core/../key.ui/examples/heap/permissions/threads/AFilter_stateInv_accessible.key 
194759     INFO  main            d.u.i.k.p.i.AbstractProblemLoader Loading environment from /home/runner/work/key/key/key.core/../key.ui/examples/heap/permissions/threads/AFilter_stateInv_accessible.key 
194759     DEBUG main            d.u.i.k.p.i.AbstractProblemLoader Environment load took 154.7ns 
194760     INFO  main            d.u.i.k.p.i.AbstractProblemLoader Creating init config 
200588     DEBUG main            d.u.i.k.p.i.AbstractProblemLoader Init config took 5.83s 
200718     INFO  main            d.u.i.k.p.i.AbstractProblemLoader Replaying proof AFilter[ThreadSpec2::stateInv()].JML accessible clause.0 
200720     DEBUG main            d.u.i.k.p.i.IntermediateProofReplayer Proof replay took 17.3ns 
201123     INFO  main            d.u.i.k.p.r.p.TestFile    ... finished proof: closed. 
201480     INFO  main            d.u.i.k.p.i.AbstractProblemLoader Loading environment from /home/runner/work/key/key/key.core/../key.ui/examples/heap/permissions/threads/AFilter_stateInv_accessible.key.proof 
201480     DEBUG main            d.u.i.k.p.i.AbstractProblemLoader Environment load took 139.4ns 
201481     INFO  main            d.u.i.k.p.i.AbstractProblemLoader Creating init config 
207321     DEBUG main            d.u.i.k.p.i.AbstractProblemLoader Init config took 5.84s 
207424     INFO  main            d.u.i.k.p.i.AbstractProblemLoader Replaying proof AFilter[ThreadSpec2::stateInv()].JML accessible clause.0 
207484     DEBUG main            d.u.i.k.p.i.IntermediateProofReplayer Proof replay took 54.69ms 
207486     DEBUG main            d.u.i.k.p.r.p.TestFile    ... success: reloaded. 
207487     INFO  main            d.u.i.k.p.r.p.TestFile    Now processing file /home/runner/work/key/key/key.core/../key.ui/examples/heap/permissions/threads/AFilter_staticPermissions_accessible.key 
207487     INFO  main            d.u.i.k.p.i.AbstractProblemLoader Loading environment from /home/runner/work/key/key/key.core/../key.ui/examples/heap/permissions/threads/AFilter_staticPermissions_accessible.key 
207488     DEBUG main            d.u.i.k.p.i.AbstractProblemLoader Environment load took 202.5ns 
207489     INFO  main            d.u.i.k.p.i.AbstractProblemLoader Creating init config 
213325     DEBUG main            d.u.i.k.p.i.AbstractProblemLoader Init config took 5.84s 
213426     INFO  main            d.u.i.k.p.i.AbstractProblemLoader Replaying proof AFilter[ThreadSpec2::staticPermissions()].JML accessible clause.0 
213428     DEBUG main            d.u.i.k.p.i.IntermediateProofReplayer Proof replay took 7.7ns 
213530     INFO  main            d.u.i.k.p.r.p.TestFile    ... finished proof: closed. 
213889     INFO  main            d.u.i.k.p.i.AbstractProblemLoader Loading environment from /home/runner/work/key/key/key.core/../key.ui/examples/heap/permissions/threads/AFilter_staticPermissions_accessible.key.proof 
213889     DEBUG main            d.u.i.k.p.i.AbstractProblemLoader Environment load took 119.8ns 
213890     INFO  main            d.u.i.k.p.i.AbstractProblemLoader Creating init config 
219674     DEBUG main            d.u.i.k.p.i.AbstractProblemLoader Init config took 5.78s 
219783     INFO  main            d.u.i.k.p.i.AbstractProblemLoader Replaying proof AFilter[ThreadSpec2::staticPermissions()].JML accessible clause.0 
219798     DEBUG main            d.u.i.k.p.i.IntermediateProofReplayer Proof replay took 13.51ms 
219799     DEBUG main            d.u.i.k.p.r.p.TestFile    ... success: reloaded. 
219801     INFO  main            d.u.i.k.p.r.p.TestFile    Now processing file /home/runner/work/key/key/key.core/../key.ui/examples/heap/permissions/threads/AFilter_workingPermissions_accessible.key 
219801     INFO  main            d.u.i.k.p.i.AbstractProblemLoader Loading environment from /home/runner/work/key/key/key.core/../key.ui/examples/heap/permissions/threads/AFilter_workingPermissions_accessible.key 
219801     DEBUG main            d.u.i.k.p.i.AbstractProblemLoader Environment load took 103.5ns 
219802     INFO  main            d.u.i.k.p.i.AbstractProblemLoader Creating init config 
225619     DEBUG main            d.u.i.k.p.i.AbstractProblemLoader Init config took 5.82s 
225724     INFO  main            d.u.i.k.p.i.AbstractProblemLoader Replaying proof AFilter[ThreadSpec2::workingPermissions()].JML accessible clause.0 
225726     DEBUG main            d.u.i.k.p.i.IntermediateProofReplayer Proof replay took 8.3ns 
225829     INFO  main            d.u.i.k.p.r.p.TestFile    ... finished proof: closed. 
226159     INFO  main            d.u.i.k.p.i.AbstractProblemLoader Loading environment from /home/runner/work/key/key/key.core/../key.ui/examples/heap/permissions/threads/AFilter_workingPermissions_accessible.key.proof 
226159     DEBUG main            d.u.i.k.p.i.AbstractProblemLoader Environment load took 121.3ns 
226160     INFO  main            d.u.i.k.p.i.AbstractProblemLoader Creating init config 
232027     DEBUG main            d.u.i.k.p.i.AbstractProblemLoader Init config took 5.87s 
232133     INFO  main            d.u.i.k.p.i.AbstractProblemLoader Replaying proof AFilter[ThreadSpec2::workingPermissions()].JML accessible clause.0 
232145     DEBUG main            d.u.i.k.p.i.IntermediateProofReplayer Proof replay took 10.1ms 
232146     DEBUG main            d.u.i.k.p.r.p.TestFile    ... success: reloaded. 
232148     INFO  main            d.u.i.k.p.r.p.TestFile    Now processing file /home/runner/work/key/key/key.core/../key.ui/examples/heap/permissions/threads/BFilter_BFilter.key 
232148     INFO  main            d.u.i.k.p.i.AbstractProblemLoader Loading environment from /home/runner/work/key/key/key.core/../key.ui/examples/heap/permissions/threads/BFilter_BFilter.key 
232148     DEBUG main            d.u.i.k.p.i.AbstractProblemLoader Environment load took 114.1ns 
232149     INFO  main            d.u.i.k.p.i.AbstractProblemLoader Creating init config 
238036     DEBUG main            d.u.i.k.p.i.AbstractProblemLoader Init config took 5.89s 
238145     INFO  main            d.u.i.k.p.i.AbstractProblemLoader Replaying proof BFilter[BFilter::BFilter(Sampler,Buffer)].JML normal_behavior operation contract.0 
238147     DEBUG main            d.u.i.k.p.i.IntermediateProofReplayer Proof replay took 20.7ns 
239360     INFO  main            d.u.i.k.p.r.p.TestFile    ... finished proof: closed. 
239775     INFO  main            d.u.i.k.p.i.AbstractProblemLoader Loading environment from /home/runner/work/key/key/key.core/../key.ui/examples/heap/permissions/threads/BFilter_BFilter.key.proof 
239775     DEBUG main            d.u.i.k.p.i.AbstractProblemLoader Environment load took 492.9ns 
239777     INFO  main            d.u.i.k.p.i.AbstractProblemLoader Creating init config 
245546     DEBUG main            d.u.i.k.p.i.AbstractProblemLoader Init config took 5.77s 
245653     INFO  main            d.u.i.k.p.i.AbstractProblemLoader Replaying proof BFilter[BFilter::BFilter(Sampler,Buffer)].JML normal_behavior operation contract.0 
245846     DEBUG main            d.u.i.k.p.i.IntermediateProofReplayer Proof replay took 188.05ms 
245847     DEBUG main            d.u.i.k.p.r.p.TestFile    ... success: reloaded. 
245849     INFO  main            d.u.i.k.p.r.p.TestFile    Now processing file /home/runner/work/key/key/key.core/../key.ui/examples/heap/permissions/threads/BFilter_initPost_accessible.key 
245849     INFO  main            d.u.i.k.p.i.AbstractProblemLoader Loading environment from /home/runner/work/key/key/key.core/../key.ui/examples/heap/permissions/threads/BFilter_initPost_accessible.key 
245849     DEBUG main            d.u.i.k.p.i.AbstractProblemLoader Environment load took 257.8ns 
245850     INFO  main            d.u.i.k.p.i.AbstractProblemLoader Creating init config 
251675     DEBUG main            d.u.i.k.p.i.AbstractProblemLoader Init config took 5.82s 
251778     INFO  main            d.u.i.k.p.i.AbstractProblemLoader Replaying proof BFilter[ThreadSpec2::initPost()].JML accessible clause.0 
251780     DEBUG main            d.u.i.k.p.i.IntermediateProofReplayer Proof replay took 8ns 
251883     INFO  main            d.u.i.k.p.r.p.TestFile    ... finished proof: closed. 
252344     INFO  main            d.u.i.k.p.i.AbstractProblemLoader Loading environment from /home/runner/work/key/key/key.core/../key.ui/examples/heap/permissions/threads/BFilter_initPost_accessible.key.proof 
252344     DEBUG main            d.u.i.k.p.i.AbstractProblemLoader Environment load took 116.9ns 
252346     INFO  main            d.u.i.k.p.i.AbstractProblemLoader Creating init config 
258058     DEBUG main            d.u.i.k.p.i.AbstractProblemLoader Init config took 5.71s 
258170     INFO  main            d.u.i.k.p.i.AbstractProblemLoader Replaying proof BFilter[ThreadSpec2::initPost()].JML accessible clause.0 
258186     DEBUG main            d.u.i.k.p.i.IntermediateProofReplayer Proof replay took 13.51ms 
258187     DEBUG main            d.u.i.k.p.r.p.TestFile    ... success: reloaded. 
258188     INFO  main            d.u.i.k.p.r.p.TestFile    Now processing file /home/runner/work/key/key/key.core/../key.ui/examples/heap/permissions/threads/BFilter_inv_accessible1.key 
258188     INFO  main            d.u.i.k.p.i.AbstractProblemLoader Loading environment from /home/runner/work/key/key/key.core/../key.ui/examples/heap/permissions/threads/BFilter_inv_accessible1.key 
258188     DEBUG main            d.u.i.k.p.i.AbstractProblemLoader Environment load took 127.3ns 
258189     INFO  main            d.u.i.k.p.i.AbstractProblemLoader Creating init config 
263956     DEBUG main            d.u.i.k.p.i.AbstractProblemLoader Init config took 5.77s 
264063     INFO  main            d.u.i.k.p.i.AbstractProblemLoader Replaying proof BFilter[java.lang.Object::<inv>()].JML accessible clause.0 
264065     DEBUG main            d.u.i.k.p.i.IntermediateProofReplayer Proof replay took 7.9ns 
264167     INFO  main            d.u.i.k.p.r.p.TestFile    ... finished proof: closed. 
264557     INFO  main            d.u.i.k.p.i.AbstractProblemLoader Loading environment from /home/runner/work/key/key/key.core/../key.ui/examples/heap/permissions/threads/BFilter_inv_accessible1.key.proof 
264557     DEBUG main            d.u.i.k.p.i.AbstractProblemLoader Environment load took 128.7ns 
264558     INFO  main            d.u.i.k.p.i.AbstractProblemLoader Creating init config 
270288     DEBUG main            d.u.i.k.p.i.AbstractProblemLoader Init config took 5.73s 
270403     INFO  main            d.u.i.k.p.i.AbstractProblemLoader Replaying proof BFilter[java.lang.Object::<inv>()].JML accessible clause.0 
270407     DEBUG main            d.u.i.k.p.i.IntermediateProofReplayer Proof replay took 2.12ms 
270408     DEBUG main            d.u.i.k.p.r.p.TestFile    ... success: reloaded. 
270409     INFO  main            d.u.i.k.p.r.p.TestFile    Now processing file /home/runner/work/key/key/key.core/../key.ui/examples/heap/permissions/threads/BFilter_inv_accessible2.key 
270409     INFO  main            d.u.i.k.p.i.AbstractProblemLoader Loading environment from /home/runner/work/key/key/key.core/../key.ui/examples/heap/permissions/threads/BFilter_inv_accessible2.key 
270409     DEBUG main            d.u.i.k.p.i.AbstractProblemLoader Environment load took 94.7ns 
270410     INFO  main            d.u.i.k.p.i.AbstractProblemLoader Creating init config 
276320     DEBUG main            d.u.i.k.p.i.AbstractProblemLoader Init config took 5.91s 
276418     INFO  main            d.u.i.k.p.i.AbstractProblemLoader Replaying proof BFilter[java.lang.Object::<inv>()].JML accessible clause.1 
276420     DEBUG main            d.u.i.k.p.i.IntermediateProofReplayer Proof replay took 8ns 
276528     INFO  main            d.u.i.k.p.r.p.TestFile    ... finished proof: closed. 
276921     INFO  main            d.u.i.k.p.i.AbstractProblemLoader Loading environment from /home/runner/work/key/key/key.core/../key.ui/examples/heap/permissions/threads/BFilter_inv_accessible2.key.proof 
276921     DEBUG main            d.u.i.k.p.i.AbstractProblemLoader Environment load took 116.5ns 
276922     INFO  main            d.u.i.k.p.i.AbstractProblemLoader Creating init config 
282640     DEBUG main            d.u.i.k.p.i.AbstractProblemLoader Init config took 5.72s 
282740     INFO  main            d.u.i.k.p.i.AbstractProblemLoader Replaying proof BFilter[java.lang.Object::<inv>()].JML accessible clause.1 
282744     DEBUG main            d.u.i.k.p.i.IntermediateProofReplayer Proof replay took 2.2ms 
282745     DEBUG main            d.u.i.k.p.r.p.TestFile    ... success: reloaded. 
282746     INFO  main            d.u.i.k.p.r.p.TestFile    Now processing file /home/runner/work/key/key/key.core/../key.ui/examples/heap/permissions/threads/BFilter_joinTransfer_accessible.key 
282746     INFO  main            d.u.i.k.p.i.AbstractProblemLoader Loading environment from /home/runner/work/key/key/key.core/../key.ui/examples/heap/permissions/threads/BFilter_joinTransfer_accessible.key 
282746     DEBUG main            d.u.i.k.p.i.AbstractProblemLoader Environment load took 94.6ns 
282747     INFO  main            d.u.i.k.p.i.AbstractProblemLoader Creating init config 
288598     DEBUG main            d.u.i.k.p.i.AbstractProblemLoader Init config took 5.85s 
288716     INFO  main            d.u.i.k.p.i.AbstractProblemLoader Replaying proof BFilter[ThreadSpec2::joinTransfer()].JML accessible clause.0 
288721     DEBUG main            d.u.i.k.p.i.IntermediateProofReplayer Proof replay took 2.86ms 
290130     INFO  main            d.u.i.k.p.r.p.TestFile    ... finished proof: closed. 
290574     INFO  main            d.u.i.k.p.i.AbstractProblemLoader Loading environment from /home/runner/work/key/key/key.core/../key.ui/examples/heap/permissions/threads/BFilter_joinTransfer_accessible.key.proof 
290574     DEBUG main            d.u.i.k.p.i.AbstractProblemLoader Environment load took 138.5ns 
290582     INFO  main            d.u.i.k.p.i.AbstractProblemLoader Creating init config 
296340     DEBUG main            d.u.i.k.p.i.AbstractProblemLoader Init config took 5.76s 
296441     INFO  main            d.u.i.k.p.i.AbstractProblemLoader Replaying proof BFilter[ThreadSpec2::joinTransfer()].JML accessible clause.0 
296589     DEBUG main            d.u.i.k.p.i.IntermediateProofReplayer Proof replay took 140.97ms 
296590     DEBUG main            d.u.i.k.p.r.p.TestFile    ... success: reloaded. 
296592     INFO  main            d.u.i.k.p.r.p.TestFile    Now processing file /home/runner/work/key/key/key.core/../key.ui/examples/heap/permissions/threads/BFilter_joinTransfer_contract.key 
296592     INFO  main            d.u.i.k.p.i.AbstractProblemLoader Loading environment from /home/runner/work/key/key/key.core/../key.ui/examples/heap/permissions/threads/BFilter_joinTransfer_contract.key 
296592     DEBUG main            d.u.i.k.p.i.AbstractProblemLoader Environment load took 205.1ns 
296593     INFO  main            d.u.i.k.p.i.AbstractProblemLoader Creating init config 
302713     DEBUG main            d.u.i.k.p.i.AbstractProblemLoader Init config took 6.12s 
302834     INFO  main            d.u.i.k.p.i.AbstractProblemLoader Replaying proof BFilter[ThreadSpec2::joinTransfer()].JML model_behavior operation contract.0 
302836     DEBUG main            d.u.i.k.p.i.IntermediateProofReplayer Proof replay took 9ns 
302940     INFO  main            d.u.i.k.p.r.p.TestFile    ... finished proof: closed. 
303584     INFO  main            d.u.i.k.p.i.AbstractProblemLoader Loading environment from /home/runner/work/key/key/key.core/../key.ui/examples/heap/permissions/threads/BFilter_joinTransfer_contract.key.proof 
303584     DEBUG main            d.u.i.k.p.i.AbstractProblemLoader Environment load took 128.2ns 
303585     INFO  main            d.u.i.k.p.i.AbstractProblemLoader Creating init config 
309366     DEBUG main            d.u.i.k.p.i.AbstractProblemLoader Init config took 5.78s 
309468     INFO  main            d.u.i.k.p.i.AbstractProblemLoader Replaying proof BFilter[ThreadSpec2::joinTransfer()].JML model_behavior operation contract.0 
309480     DEBUG main            d.u.i.k.p.i.IntermediateProofReplayer Proof replay took 9.4ms 
309481     DEBUG main            d.u.i.k.p.r.p.TestFile    ... success: reloaded. 
309482     INFO  main            d.u.i.k.p.r.p.TestFile    Now processing file /home/runner/work/key/key/key.core/../key.ui/examples/heap/permissions/threads/BFilter_postJoin_accessible.key 
309482     INFO  main            d.u.i.k.p.i.AbstractProblemLoader Loading environment from /home/runner/work/key/key/key.core/../key.ui/examples/heap/permissions/threads/BFilter_postJoin_accessible.key 
309482     DEBUG main            d.u.i.k.p.i.AbstractProblemLoader Environment load took 93ns 
309483     INFO  main            d.u.i.k.p.i.AbstractProblemLoader Creating init config 
315275     DEBUG main            d.u.i.k.p.i.AbstractProblemLoader Init config took 5.79s 
315374     INFO  main            d.u.i.k.p.i.AbstractProblemLoader Replaying proof BFilter[ThreadSpec2::postJoin(java.lang.Object)].JML accessible clause.0 
315376     DEBUG main            d.u.i.k.p.i.IntermediateProofReplayer Proof replay took 8.1ns 
315480     INFO  main            d.u.i.k.p.r.p.TestFile    ... finished proof: closed. 
315974     INFO  main            d.u.i.k.p.i.AbstractProblemLoader Loading environment from /home/runner/work/key/key/key.core/../key.ui/examples/heap/permissions/threads/BFilter_postJoin_accessible.key.proof 
315975     DEBUG main            d.u.i.k.p.i.AbstractProblemLoader Environment load took 103.3ns 
315976     INFO  main            d.u.i.k.p.i.AbstractProblemLoader Creating init config 
321823     DEBUG main            d.u.i.k.p.i.AbstractProblemLoader Init config took 5.85s 
321924     INFO  main            d.u.i.k.p.i.AbstractProblemLoader Replaying proof BFilter[ThreadSpec2::postJoin(java.lang.Object)].JML accessible clause.0 
321934     DEBUG main            d.u.i.k.p.i.IntermediateProofReplayer Proof replay took 7.8ms 
321934     DEBUG main            d.u.i.k.p.r.p.TestFile    ... success: reloaded. 
321935     INFO  main            d.u.i.k.p.r.p.TestFile    Now processing file /home/runner/work/key/key/key.core/../key.ui/examples/heap/permissions/threads/BFilter_preStart_accessible.key 
321936     INFO  main            d.u.i.k.p.i.AbstractProblemLoader Loading environment from /home/runner/work/key/key/key.core/../key.ui/examples/heap/permissions/threads/BFilter_preStart_accessible.key 
321936     DEBUG main            d.u.i.k.p.i.AbstractProblemLoader Environment load took 100.3ns 
321937     INFO  main            d.u.i.k.p.i.AbstractProblemLoader Creating init config 
327680     DEBUG main            d.u.i.k.p.i.AbstractProblemLoader Init config took 5.74s 
327780     INFO  main            d.u.i.k.p.i.AbstractProblemLoader Replaying proof BFilter[ThreadSpec2::preStart(java.lang.Object)].JML accessible clause.0 
327781     DEBUG main            d.u.i.k.p.i.IntermediateProofReplayer Proof replay took 14.3ns 
328184     INFO  main            d.u.i.k.p.r.p.TestFile    ... finished proof: closed. 
328654     INFO  main            d.u.i.k.p.i.AbstractProblemLoader Loading environment from /home/runner/work/key/key/key.core/../key.ui/examples/heap/permissions/threads/BFilter_preStart_accessible.key.proof 
328654     DEBUG main            d.u.i.k.p.i.AbstractProblemLoader Environment load took 524.4ns 
328656     INFO  main            d.u.i.k.p.i.AbstractProblemLoader Creating init config 
334342     DEBUG main            d.u.i.k.p.i.AbstractProblemLoader Init config took 5.69s 
334440     INFO  main            d.u.i.k.p.i.AbstractProblemLoader Replaying proof BFilter[ThreadSpec2::preStart(java.lang.Object)].JML accessible clause.0 
334497     DEBUG main            d.u.i.k.p.i.IntermediateProofReplayer Proof replay took 53.93ms 
334498     DEBUG main            d.u.i.k.p.r.p.TestFile    ... success: reloaded. 
334500     INFO  main            d.u.i.k.p.r.p.TestFile    Now processing file /home/runner/work/key/key/key.core/../key.ui/examples/heap/permissions/threads/BFilter_startTransfer_accessible.key 
334500     INFO  main            d.u.i.k.p.i.AbstractProblemLoader Loading environment from /home/runner/work/key/key/key.core/../key.ui/examples/heap/permissions/threads/BFilter_startTransfer_accessible.key 
334500     DEBUG main            d.u.i.k.p.i.AbstractProblemLoader Environment load took 292.2ns 
334501     INFO  main            d.u.i.k.p.i.AbstractProblemLoader Creating init config 
340235     DEBUG main            d.u.i.k.p.i.AbstractProblemLoader Init config took 5.73s 
340332     INFO  main            d.u.i.k.p.i.AbstractProblemLoader Replaying proof BFilter[ThreadSpec2::startTransfer()].JML accessible clause.0 
340334     DEBUG main            d.u.i.k.p.i.IntermediateProofReplayer Proof replay took 7.7ns 
352879     INFO  main            d.u.i.k.p.r.p.TestFile    ... finished proof: closed. 
353360     INFO  main            d.u.i.k.p.i.AbstractProblemLoader Loading environment from /home/runner/work/key/key/key.core/../key.ui/examples/heap/permissions/threads/BFilter_startTransfer_accessible.key.proof 
353360     DEBUG main            d.u.i.k.p.i.AbstractProblemLoader Environment load took 422.7ns 
353362     INFO  main            d.u.i.k.p.i.AbstractProblemLoader Creating init config 
359091     DEBUG main            d.u.i.k.p.i.AbstractProblemLoader Init config took 5.73s 
359216     INFO  main            d.u.i.k.p.i.AbstractProblemLoader Replaying proof BFilter[ThreadSpec2::startTransfer()].JML accessible clause.0 
360283     DEBUG main            d.u.i.k.p.i.IntermediateProofReplayer Proof replay took 1.04s 
360285     DEBUG main            d.u.i.k.p.r.p.TestFile    ... success: reloaded. 
360286     INFO  main            d.u.i.k.p.r.p.TestFile    Now processing file /home/runner/work/key/key/key.core/../key.ui/examples/heap/permissions/threads/BFilter_startTransfer_contract.key 
360286     INFO  main            d.u.i.k.p.i.AbstractProblemLoader Loading environment from /home/runner/work/key/key/key.core/../key.ui/examples/heap/permissions/threads/BFilter_startTransfer_contract.key 
360286     DEBUG main            d.u.i.k.p.i.AbstractProblemLoader Environment load took 93.3ns 
360287     INFO  main            d.u.i.k.p.i.AbstractProblemLoader Creating init config 
366140     DEBUG main            d.u.i.k.p.i.AbstractProblemLoader Init config took 5.85s 
366244     INFO  main            d.u.i.k.p.i.AbstractProblemLoader Replaying proof BFilter[ThreadSpec2::startTransfer()].JML model_behavior operation contract.0 
366246     DEBUG main            d.u.i.k.p.i.IntermediateProofReplayer Proof replay took 8.4ns 
367553     INFO  main            d.u.i.k.p.r.p.TestFile    ... finished proof: closed. 
368025     INFO  main            d.u.i.k.p.i.AbstractProblemLoader Loading environment from /home/runner/work/key/key/key.core/../key.ui/examples/heap/permissions/threads/BFilter_startTransfer_contract.key.proof 
368025     DEBUG main            d.u.i.k.p.i.AbstractProblemLoader Environment load took 109.6ns 
368028     INFO  main            d.u.i.k.p.i.AbstractProblemLoader Creating init config 
373765     DEBUG main            d.u.i.k.p.i.AbstractProblemLoader Init config took 5.74s 
373868     INFO  main            d.u.i.k.p.i.AbstractProblemLoader Replaying proof BFilter[ThreadSpec2::startTransfer()].JML model_behavior operation contract.0 
374011     DEBUG main            d.u.i.k.p.i.IntermediateProofReplayer Proof replay took 136.38ms 
374013     DEBUG main            d.u.i.k.p.r.p.TestFile    ... success: reloaded. 
374014     INFO  main            d.u.i.k.p.r.p.TestFile    Now processing file /home/runner/work/key/key/key.core/../key.ui/examples/heap/permissions/threads/BFilter_stateInv_accessible.key 
374014     INFO  main            d.u.i.k.p.i.AbstractProblemLoader Loading environment from /home/runner/work/key/key/key.core/../key.ui/examples/heap/permissions/threads/BFilter_stateInv_accessible.key 
374014     DEBUG main            d.u.i.k.p.i.AbstractProblemLoader Environment load took 84.5ns 
374015     INFO  main            d.u.i.k.p.i.AbstractProblemLoader Creating init config 
379790     DEBUG main            d.u.i.k.p.i.AbstractProblemLoader Init config took 5.77s 
379891     INFO  main            d.u.i.k.p.i.AbstractProblemLoader Replaying proof BFilter[ThreadSpec2::stateInv()].JML accessible clause.0 
379893     DEBUG main            d.u.i.k.p.i.IntermediateProofReplayer Proof replay took 7ns 
380301     INFO  main            d.u.i.k.p.r.p.TestFile    ... finished proof: closed. 
380940     INFO  main            d.u.i.k.p.i.AbstractProblemLoader Loading environment from /home/runner/work/key/key/key.core/../key.ui/examples/heap/permissions/threads/BFilter_stateInv_accessible.key.proof 
380940     DEBUG main            d.u.i.k.p.i.AbstractProblemLoader Environment load took 112.2ns 
380942     INFO  main            d.u.i.k.p.i.AbstractProblemLoader Creating init config 
386663     DEBUG main            d.u.i.k.p.i.AbstractProblemLoader Init config took 5.72s 
386767     INFO  main            d.u.i.k.p.i.AbstractProblemLoader Replaying proof BFilter[ThreadSpec2::stateInv()].JML accessible clause.0 
386817     DEBUG main            d.u.i.k.p.i.IntermediateProofReplayer Proof replay took 46.49ms 
386818     DEBUG main            d.u.i.k.p.r.p.TestFile    ... success: reloaded. 
386819     INFO  main            d.u.i.k.p.r.p.TestFile    Now processing file /home/runner/work/key/key/key.core/../key.ui/examples/heap/permissions/threads/BFilter_staticPermissions_accessible.key 
386819     INFO  main            d.u.i.k.p.i.AbstractProblemLoader Loading environment from /home/runner/work/key/key/key.core/../key.ui/examples/heap/permissions/threads/BFilter_staticPermissions_accessible.key 
386820     DEBUG main            d.u.i.k.p.i.AbstractProblemLoader Environment load took 100.9ns 
386821     INFO  main            d.u.i.k.p.i.AbstractProblemLoader Creating init config 
392603     DEBUG main            d.u.i.k.p.i.AbstractProblemLoader Init config took 5.78s 
392702     INFO  main            d.u.i.k.p.i.AbstractProblemLoader Replaying proof BFilter[ThreadSpec2::staticPermissions()].JML accessible clause.0 
392704     DEBUG main            d.u.i.k.p.i.IntermediateProofReplayer Proof replay took 19.7ns 
392805     INFO  main            d.u.i.k.p.r.p.TestFile    ... finished proof: closed. 
393273     INFO  main            d.u.i.k.p.i.AbstractProblemLoader Loading environment from /home/runner/work/key/key/key.core/../key.ui/examples/heap/permissions/threads/BFilter_staticPermissions_accessible.key.proof 
393273     DEBUG main            d.u.i.k.p.i.AbstractProblemLoader Environment load took 112.1ns 
393275     INFO  main            d.u.i.k.p.i.AbstractProblemLoader Creating init config 
398924     DEBUG main            d.u.i.k.p.i.AbstractProblemLoader Init config took 5.65s 
399021     INFO  main            d.u.i.k.p.i.AbstractProblemLoader Replaying proof BFilter[ThreadSpec2::staticPermissions()].JML accessible clause.0 
399034     DEBUG main            d.u.i.k.p.i.IntermediateProofReplayer Proof replay took 10.93ms 
399036     DEBUG main            d.u.i.k.p.r.p.TestFile    ... success: reloaded. 
399038     INFO  main            d.u.i.k.p.r.p.TestFile    Now processing file /home/runner/work/key/key/key.core/../key.ui/examples/heap/permissions/threads/BFilter_workingPermissions_accessible.key 
399038     INFO  main            d.u.i.k.p.i.AbstractProblemLoader Loading environment from /home/runner/work/key/key/key.core/../key.ui/examples/heap/permissions/threads/BFilter_workingPermissions_accessible.key 
399038     DEBUG main            d.u.i.k.p.i.AbstractProblemLoader Environment load took 81.7ns 
399039     INFO  main            d.u.i.k.p.i.AbstractProblemLoader Creating init config 
404811     DEBUG main            d.u.i.k.p.i.AbstractProblemLoader Init config took 5.77s 
404907     INFO  main            d.u.i.k.p.i.AbstractProblemLoader Replaying proof BFilter[ThreadSpec2::workingPermissions()].JML accessible clause.0 
404909     DEBUG main            d.u.i.k.p.i.IntermediateProofReplayer Proof replay took 7.3ns 
405011     INFO  main            d.u.i.k.p.r.p.TestFile    ... finished proof: closed. 
405483     INFO  main            d.u.i.k.p.i.AbstractProblemLoader Loading environment from /home/runner/work/key/key/key.core/../key.ui/examples/heap/permissions/threads/BFilter_workingPermissions_accessible.key.proof 
405483     DEBUG main            d.u.i.k.p.i.AbstractProblemLoader Environment load took 143.3ns 
405484     INFO  main            d.u.i.k.p.i.AbstractProblemLoader Creating init config 
411110     DEBUG main            d.u.i.k.p.i.AbstractProblemLoader Init config took 5.63s 
411207     INFO  main            d.u.i.k.p.i.AbstractProblemLoader Replaying proof BFilter[ThreadSpec2::workingPermissions()].JML accessible clause.0 
411219     DEBUG main            d.u.i.k.p.i.IntermediateProofReplayer Proof replay took 9.52ms 
411220     DEBUG main            d.u.i.k.p.r.p.TestFile    ... success: reloaded. 
411221     INFO  main            d.u.i.k.p.r.p.TestFile    Now processing file /home/runner/work/key/key/key.core/../key.ui/examples/heap/permissions/threads/Fib_Fib.key 
411221     INFO  main            d.u.i.k.p.i.AbstractProblemLoader Loading environment from /home/runner/work/key/key/key.core/../key.ui/examples/heap/permissions/threads/Fib_Fib.key 
411221     DEBUG main            d.u.i.k.p.i.AbstractProblemLoader Environment load took 107.9ns 
411222     INFO  main            d.u.i.k.p.i.AbstractProblemLoader Creating init config 
417036     DEBUG main            d.u.i.k.p.i.AbstractProblemLoader Init config took 5.81s 
417135     INFO  main            d.u.i.k.p.i.AbstractProblemLoader Replaying proof Fib[Fib::Fib(int)].JML normal_behavior operation contract.0 
417137     DEBUG main            d.u.i.k.p.i.IntermediateProofReplayer Proof replay took 8.3ns 
417941     INFO  main            d.u.i.k.p.r.p.TestFile    ... finished proof: closed. 
418437     INFO  main            d.u.i.k.p.i.AbstractProblemLoader Loading environment from /home/runner/work/key/key/key.core/../key.ui/examples/heap/permissions/threads/Fib_Fib.key.proof 
418437     DEBUG main            d.u.i.k.p.i.AbstractProblemLoader Environment load took 113.5ns 
418438     INFO  main            d.u.i.k.p.i.AbstractProblemLoader Creating init config 
424203     DEBUG main            d.u.i.k.p.i.AbstractProblemLoader Init config took 5.76s 
424312     INFO  main            d.u.i.k.p.i.AbstractProblemLoader Replaying proof Fib[Fib::Fib(int)].JML normal_behavior operation contract.0 
424470     DEBUG main            d.u.i.k.p.i.IntermediateProofReplayer Proof replay took 154.28ms 
424471     DEBUG main            d.u.i.k.p.r.p.TestFile    ... success: reloaded. 
424472     INFO  main            d.u.i.k.p.r.p.TestFile    Now processing file /home/runner/work/key/key/key.core/../key.ui/examples/heap/permissions/threads/Fib_initPost_accessible.key 
424473     INFO  main            d.u.i.k.p.i.AbstractProblemLoader Loading environment from /home/runner/work/key/key/key.core/../key.ui/examples/heap/permissions/threads/Fib_initPost_accessible.key 
424473     DEBUG main            d.u.i.k.p.i.AbstractProblemLoader Environment load took 140.5ns 
424474     INFO  main            d.u.i.k.p.i.AbstractProblemLoader Creating init config 
430286     DEBUG main            d.u.i.k.p.i.AbstractProblemLoader Init config took 5.81s 
430386     INFO  main            d.u.i.k.p.i.AbstractProblemLoader Replaying proof Fib[ThreadSpec::initPost()].JML accessible clause.0 
430389     DEBUG main            d.u.i.k.p.i.IntermediateProofReplayer Proof replay took 8.6ns 
430492     INFO  main            d.u.i.k.p.r.p.TestFile    ... finished proof: closed. 
430999     INFO  main            d.u.i.k.p.i.AbstractProblemLoader Loading environment from /home/runner/work/key/key/key.core/../key.ui/examples/heap/permissions/threads/Fib_initPost_accessible.key.proof 
430999     DEBUG main            d.u.i.k.p.i.AbstractProblemLoader Environment load took 111ns 
431000     INFO  main            d.u.i.k.p.i.AbstractProblemLoader Creating init config 
436731     DEBUG main            d.u.i.k.p.i.AbstractProblemLoader Init config took 5.73s 
436834     INFO  main            d.u.i.k.p.i.AbstractProblemLoader Replaying proof Fib[ThreadSpec::initPost()].JML accessible clause.0 
436842     DEBUG main            d.u.i.k.p.i.IntermediateProofReplayer Proof replay took 5.89ms 
436843     DEBUG main            d.u.i.k.p.r.p.TestFile    ... success: reloaded. 
436844     INFO  main            d.u.i.k.p.r.p.TestFile    Now processing file /home/runner/work/key/key/key.core/../key.ui/examples/heap/permissions/threads/Fib_inv1_accessible.key 
436844     INFO  main            d.u.i.k.p.i.AbstractProblemLoader Loading environment from /home/runner/work/key/key/key.core/../key.ui/examples/heap/permissions/threads/Fib_inv1_accessible.key 
436845     DEBUG main            d.u.i.k.p.i.AbstractProblemLoader Environment load took 59.7ns 
436846     INFO  main            d.u.i.k.p.i.AbstractProblemLoader Creating init config 
442732     DEBUG main            d.u.i.k.p.i.AbstractProblemLoader Init config took 5.89s 
442851     INFO  main            d.u.i.k.p.i.AbstractProblemLoader Replaying proof Fib[java.lang.Object::<inv>()].JML accessible clause.0 
442852     DEBUG main            d.u.i.k.p.i.IntermediateProofReplayer Proof replay took 12.6ns 
442954     INFO  main            d.u.i.k.p.r.p.TestFile    ... finished proof: closed. 
443453     INFO  main            d.u.i.k.p.i.AbstractProblemLoader Loading environment from /home/runner/work/key/key/key.core/../key.ui/examples/heap/permissions/threads/Fib_inv1_accessible.key.proof 
443453     DEBUG main            d.u.i.k.p.i.AbstractProblemLoader Environment load took 122ns 
443455     INFO  main            d.u.i.k.p.i.AbstractProblemLoader Creating init config 
449207     DEBUG main            d.u.i.k.p.i.AbstractProblemLoader Init config took 5.75s 
449304     INFO  main            d.u.i.k.p.i.AbstractProblemLoader Replaying proof Fib[java.lang.Object::<inv>()].JML accessible clause.0 
449308     DEBUG main            d.u.i.k.p.i.IntermediateProofReplayer Proof replay took 2.01ms 
449309     DEBUG main            d.u.i.k.p.r.p.TestFile    ... success: reloaded. 
449310     INFO  main            d.u.i.k.p.r.p.TestFile    Now processing file /home/runner/work/key/key/key.core/../key.ui/examples/heap/permissions/threads/Fib_inv2_accessible.key 
449310     INFO  main            d.u.i.k.p.i.AbstractProblemLoader Loading environment from /home/runner/work/key/key/key.core/../key.ui/examples/heap/permissions/threads/Fib_inv2_accessible.key 
449310     DEBUG main            d.u.i.k.p.i.AbstractProblemLoader Environment load took 88.7ns 
449311     INFO  main            d.u.i.k.p.i.AbstractProblemLoader Creating init config 
455050     DEBUG main            d.u.i.k.p.i.AbstractProblemLoader Init config took 5.74s 
455164     INFO  main            d.u.i.k.p.i.AbstractProblemLoader Replaying proof Fib[java.lang.Object::<inv>()].JML accessible clause.1 
455165     DEBUG main            d.u.i.k.p.i.IntermediateProofReplayer Proof replay took 8.1ns 
455267     INFO  main            d.u.i.k.p.r.p.TestFile    ... finished proof: closed. 
455785     INFO  main            d.u.i.k.p.i.AbstractProblemLoader Loading environment from /home/runner/work/key/key/key.core/../key.ui/examples/heap/permissions/threads/Fib_inv2_accessible.key.proof 
455785     DEBUG main            d.u.i.k.p.i.AbstractProblemLoader Environment load took 99.5ns 
455786     INFO  main            d.u.i.k.p.i.AbstractProblemLoader Creating init config 
461560     DEBUG main            d.u.i.k.p.i.AbstractProblemLoader Init config took 5.77s 
461673     INFO  main            d.u.i.k.p.i.AbstractProblemLoader Replaying proof Fib[java.lang.Object::<inv>()].JML accessible clause.1 
461677     DEBUG main            d.u.i.k.p.i.IntermediateProofReplayer Proof replay took 2.04ms 
461678     DEBUG main            d.u.i.k.p.r.p.TestFile    ... success: reloaded. 
461679     INFO  main            d.u.i.k.p.r.p.TestFile    Now processing file /home/runner/work/key/key/key.core/../key.ui/examples/heap/permissions/threads/Fib_joinTransfer_accessible.key 
461679     INFO  main            d.u.i.k.p.i.AbstractProblemLoader Loading environment from /home/runner/work/key/key/key.core/../key.ui/examples/heap/permissions/threads/Fib_joinTransfer_accessible.key 
461679     DEBUG main            d.u.i.k.p.i.AbstractProblemLoader Environment load took 107.9ns 
461680     INFO  main            d.u.i.k.p.i.AbstractProblemLoader Creating init config 
467384     DEBUG main            d.u.i.k.p.i.AbstractProblemLoader Init config took 5.7s 
467484     INFO  main            d.u.i.k.p.i.AbstractProblemLoader Replaying proof Fib[ThreadSpec::joinTransfer()].JML accessible clause.0 
467486     DEBUG main            d.u.i.k.p.i.IntermediateProofReplayer Proof replay took 7.7ns 
467688     INFO  main            d.u.i.k.p.r.p.TestFile    ... finished proof: closed. 
468228     INFO  main            d.u.i.k.p.i.AbstractProblemLoader Loading environment from /home/runner/work/key/key/key.core/../key.ui/examples/heap/permissions/threads/Fib_joinTransfer_accessible.key.proof 
468228     DEBUG main            d.u.i.k.p.i.AbstractProblemLoader Environment load took 207.3ns 
468230     INFO  main            d.u.i.k.p.i.AbstractProblemLoader Creating init config 
473993     DEBUG main            d.u.i.k.p.i.AbstractProblemLoader Init config took 5.76s 
474093     INFO  main            d.u.i.k.p.i.AbstractProblemLoader Replaying proof Fib[ThreadSpec::joinTransfer()].JML accessible clause.0 
474126     DEBUG main            d.u.i.k.p.i.IntermediateProofReplayer Proof replay took 30.83ms 
474127     DEBUG main            d.u.i.k.p.r.p.TestFile    ... success: reloaded. 
474128     INFO  main            d.u.i.k.p.r.p.TestFile    Now processing file /home/runner/work/key/key/key.core/../key.ui/examples/heap/permissions/threads/Fib_joinTransfer_contract.key 
474129     INFO  main            d.u.i.k.p.i.AbstractProblemLoader Loading environment from /home/runner/work/key/key/key.core/../key.ui/examples/heap/permissions/threads/Fib_joinTransfer_contract.key 
474129     DEBUG main            d.u.i.k.p.i.AbstractProblemLoader Environment load took 61.5ns 
474131     INFO  main            d.u.i.k.p.i.AbstractProblemLoader Creating init config 
479911     DEBUG main            d.u.i.k.p.i.AbstractProblemLoader Init config took 5.78s 
480011     INFO  main            d.u.i.k.p.i.AbstractProblemLoader Replaying proof Fib[ThreadSpec::joinTransfer()].JML model_behavior operation contract.0 
480013     DEBUG main            d.u.i.k.p.i.IntermediateProofReplayer Proof replay took 7.6ns 
480116     INFO  main            d.u.i.k.p.r.p.TestFile    ... finished proof: closed. 
480623     INFO  main            d.u.i.k.p.i.AbstractProblemLoader Loading environment from /home/runner/work/key/key/key.core/../key.ui/examples/heap/permissions/threads/Fib_joinTransfer_contract.key.proof 
480624     DEBUG main            d.u.i.k.p.i.AbstractProblemLoader Environment load took 159.4ns 
480625     INFO  main            d.u.i.k.p.i.AbstractProblemLoader Creating init config 
486283     DEBUG main            d.u.i.k.p.i.AbstractProblemLoader Init config took 5.66s 
486387     INFO  main            d.u.i.k.p.i.AbstractProblemLoader Replaying proof Fib[ThreadSpec::joinTransfer()].JML model_behavior operation contract.0 
486399     DEBUG main            d.u.i.k.p.i.IntermediateProofReplayer Proof replay took 9.2ms 
486400     DEBUG main            d.u.i.k.p.r.p.TestFile    ... success: reloaded. 
486401     INFO  main            d.u.i.k.p.r.p.TestFile    Now processing file /home/runner/work/key/key/key.core/../key.ui/examples/heap/permissions/threads/Fib_postJoin_accessible.key 
486401     INFO  main            d.u.i.k.p.i.AbstractProblemLoader Loading environment from /home/runner/work/key/key/key.core/../key.ui/examples/heap/permissions/threads/Fib_postJoin_accessible.key 
486401     DEBUG main            d.u.i.k.p.i.AbstractProblemLoader Environment load took 97.8ns 
486402     INFO  main            d.u.i.k.p.i.AbstractProblemLoader Creating init config 
492149     DEBUG main            d.u.i.k.p.i.AbstractProblemLoader Init config took 5.75s 
492270     INFO  main            d.u.i.k.p.i.AbstractProblemLoader Replaying proof Fib[ThreadSpec::postJoin(java.lang.Object)].JML accessible clause.0 
492272     DEBUG main            d.u.i.k.p.i.IntermediateProofReplayer Proof replay took 7.8ns 
492374     INFO  main            d.u.i.k.p.r.p.TestFile    ... finished proof: closed. 
492904     INFO  main            d.u.i.k.p.i.AbstractProblemLoader Loading environment from /home/runner/work/key/key/key.core/../key.ui/examples/heap/permissions/threads/Fib_postJoin_accessible.key.proof 
492905     DEBUG main            d.u.i.k.p.i.AbstractProblemLoader Environment load took 107ns 
492907     INFO  main            d.u.i.k.p.i.AbstractProblemLoader Creating init config 
498612     DEBUG main            d.u.i.k.p.i.AbstractProblemLoader Init config took 5.7s 
498707     INFO  main            d.u.i.k.p.i.AbstractProblemLoader Replaying proof Fib[ThreadSpec::postJoin(java.lang.Object)].JML accessible clause.0 
498715     DEBUG main            d.u.i.k.p.i.IntermediateProofReplayer Proof replay took 6.26ms 
498716     DEBUG main            d.u.i.k.p.r.p.TestFile    ... success: reloaded. 
498717     INFO  main            d.u.i.k.p.r.p.TestFile    Now processing file /home/runner/work/key/key/key.core/../key.ui/examples/heap/permissions/threads/Fib_preStart_accessible.key 
498717     INFO  main            d.u.i.k.p.i.AbstractProblemLoader Loading environment from /home/runner/work/key/key/key.core/../key.ui/examples/heap/permissions/threads/Fib_preStart_accessible.key 
498718     DEBUG main            d.u.i.k.p.i.AbstractProblemLoader Environment load took 103.5ns 
498719     INFO  main            d.u.i.k.p.i.AbstractProblemLoader Creating init config 
504550     DEBUG main            d.u.i.k.p.i.AbstractProblemLoader Init config took 5.83s 
504648     INFO  main            d.u.i.k.p.i.AbstractProblemLoader Replaying proof Fib[ThreadSpec::preStart(java.lang.Object)].JML accessible clause.0 
504650     DEBUG main            d.u.i.k.p.i.IntermediateProofReplayer Proof replay took 8.2ns 
504752     INFO  main            d.u.i.k.p.r.p.TestFile    ... finished proof: closed. 
505278     INFO  main            d.u.i.k.p.i.AbstractProblemLoader Loading environment from /home/runner/work/key/key/key.core/../key.ui/examples/heap/permissions/threads/Fib_preStart_accessible.key.proof 
505279     DEBUG main            d.u.i.k.p.i.AbstractProblemLoader Environment load took 99.8ns 
505280     INFO  main            d.u.i.k.p.i.AbstractProblemLoader Creating init config 
510944     DEBUG main            d.u.i.k.p.i.AbstractProblemLoader Init config took 5.66s 
511042     INFO  main            d.u.i.k.p.i.AbstractProblemLoader Replaying proof Fib[ThreadSpec::preStart(java.lang.Object)].JML accessible clause.0 
511049     DEBUG main            d.u.i.k.p.i.IntermediateProofReplayer Proof replay took 6.2ms 
511050     DEBUG main            d.u.i.k.p.r.p.TestFile    ... success: reloaded. 
511051     INFO  main            d.u.i.k.p.r.p.TestFile    Now processing file /home/runner/work/key/key/key.core/../key.ui/examples/heap/permissions/threads/Fib_startTransfer_accessible.key 
511051     INFO  main            d.u.i.k.p.i.AbstractProblemLoader Loading environment from /home/runner/work/key/key/key.core/../key.ui/examples/heap/permissions/threads/Fib_startTransfer_accessible.key 
511052     DEBUG main            d.u.i.k.p.i.AbstractProblemLoader Environment load took 99.5ns 
511053     INFO  main            d.u.i.k.p.i.AbstractProblemLoader Creating init config 
516809     DEBUG main            d.u.i.k.p.i.AbstractProblemLoader Init config took 5.76s 
516906     INFO  main            d.u.i.k.p.i.AbstractProblemLoader Replaying proof Fib[ThreadSpec::startTransfer()].JML accessible clause.0 
516908     DEBUG main            d.u.i.k.p.i.IntermediateProofReplayer Proof replay took 7.6ns 
517210     INFO  main            d.u.i.k.p.r.p.TestFile    ... finished proof: closed. 
517765     INFO  main            d.u.i.k.p.i.AbstractProblemLoader Loading environment from /home/runner/work/key/key/key.core/../key.ui/examples/heap/permissions/threads/Fib_startTransfer_accessible.key.proof 
517765     DEBUG main            d.u.i.k.p.i.AbstractProblemLoader Environment load took 97.7ns 
517767     INFO  main            d.u.i.k.p.i.AbstractProblemLoader Creating init config 
523477     DEBUG main            d.u.i.k.p.i.AbstractProblemLoader Init config took 5.71s 
523576     INFO  main            d.u.i.k.p.i.AbstractProblemLoader Replaying proof Fib[ThreadSpec::startTransfer()].JML accessible clause.0 
523629     DEBUG main            d.u.i.k.p.i.IntermediateProofReplayer Proof replay took 50.31ms 
523630     DEBUG main            d.u.i.k.p.r.p.TestFile    ... success: reloaded. 
523631     INFO  main            d.u.i.k.p.r.p.TestFile    Now processing file /home/runner/work/key/key/key.core/../key.ui/examples/heap/permissions/threads/Fib_startTransfer_contract.key 
523631     INFO  main            d.u.i.k.p.i.AbstractProblemLoader Loading environment from /home/runner/work/key/key/key.core/../key.ui/examples/heap/permissions/threads/Fib_startTransfer_contract.key 
523631     DEBUG main            d.u.i.k.p.i.AbstractProblemLoader Environment load took 61.3ns 
523632     INFO  main            d.u.i.k.p.i.AbstractProblemLoader Creating init config 
529408     DEBUG main            d.u.i.k.p.i.AbstractProblemLoader Init config took 5.78s 
529538     INFO  main            d.u.i.k.p.i.AbstractProblemLoader Replaying proof Fib[ThreadSpec::startTransfer()].JML model_behavior operation contract.0 
529540     DEBUG main            d.u.i.k.p.i.IntermediateProofReplayer Proof replay took 7ns 
529642     INFO  main            d.u.i.k.p.r.p.TestFile    ... finished proof: closed. 
530219     INFO  main            d.u.i.k.p.i.AbstractProblemLoader Loading environment from /home/runner/work/key/key/key.core/../key.ui/examples/heap/permissions/threads/Fib_startTransfer_contract.key.proof 
530219     DEBUG main            d.u.i.k.p.i.AbstractProblemLoader Environment load took 99.6ns 
530220     INFO  main            d.u.i.k.p.i.AbstractProblemLoader Creating init config 
535977     DEBUG main            d.u.i.k.p.i.AbstractProblemLoader Init config took 5.76s 
536078     INFO  main            d.u.i.k.p.i.AbstractProblemLoader Replaying proof Fib[ThreadSpec::startTransfer()].JML model_behavior operation contract.0 
536088     DEBUG main            d.u.i.k.p.i.IntermediateProofReplayer Proof replay took 8.28ms 
536089     DEBUG main            d.u.i.k.p.r.p.TestFile    ... success: reloaded. 
536090     INFO  main            d.u.i.k.p.r.p.TestFile    Now processing file /home/runner/work/key/key/key.core/../key.ui/examples/heap/permissions/threads/Fib_workingPermissions_accessible.key 
536090     INFO  main            d.u.i.k.p.i.AbstractProblemLoader Loading environment from /home/runner/work/key/key/key.core/../key.ui/examples/heap/permissions/threads/Fib_workingPermissions_accessible.key 
536090     DEBUG main            d.u.i.k.p.i.AbstractProblemLoader Environment load took 61.8ns 
536091     INFO  main            d.u.i.k.p.i.AbstractProblemLoader Creating init config 
541892     DEBUG main            d.u.i.k.p.i.AbstractProblemLoader Init config took 5.8s 
541988     INFO  main            d.u.i.k.p.i.AbstractProblemLoader Replaying proof Fib[ThreadSpec::workingPermissions()].JML accessible clause.0 
541990     DEBUG main            d.u.i.k.p.i.IntermediateProofReplayer Proof replay took 7.3ns 
542092     INFO  main            d.u.i.k.p.r.p.TestFile    ... finished proof: closed. 
542655     INFO  main            d.u.i.k.p.i.AbstractProblemLoader Loading environment from /home/runner/work/key/key/key.core/../key.ui/examples/heap/permissions/threads/Fib_workingPermissions_accessible.key.proof 
542655     DEBUG main            d.u.i.k.p.i.AbstractProblemLoader Environment load took 136.3ns 
542656     INFO  main            d.u.i.k.p.i.AbstractProblemLoader Creating init config 
548343     DEBUG main            d.u.i.k.p.i.AbstractProblemLoader Init config took 5.69s 
548462     INFO  main            d.u.i.k.p.i.AbstractProblemLoader Replaying proof Fib[ThreadSpec::workingPermissions()].JML accessible clause.0 
548466     DEBUG main            d.u.i.k.p.i.IntermediateProofReplayer Proof replay took 2.53ms 
548467     DEBUG main            d.u.i.k.p.r.p.TestFile    ... success: reloaded. 
548468     INFO  main            d.u.i.k.p.r.p.TestFile    Now processing file /home/runner/work/key/key/key.core/../key.ui/examples/heap/permissions/threads/Plotter_initPost_accessible.key 
548469     INFO  main            d.u.i.k.p.i.AbstractProblemLoader Loading environment from /home/runner/work/key/key/key.core/../key.ui/examples/heap/permissions/threads/Plotter_initPost_accessible.key 
548469     DEBUG main            d.u.i.k.p.i.AbstractProblemLoader Environment load took 68.5ns 
548470     INFO  main            d.u.i.k.p.i.AbstractProblemLoader Creating init config 
554212     DEBUG main            d.u.i.k.p.i.AbstractProblemLoader Init config took 5.74s 
554316     INFO  main            d.u.i.k.p.i.AbstractProblemLoader Replaying proof Plotter[ThreadSpec2::initPost()].JML accessible clause.0 
554318     DEBUG main            d.u.i.k.p.i.IntermediateProofReplayer Proof replay took 7.5ns 
554520     INFO  main            d.u.i.k.p.r.p.TestFile    ... finished proof: closed. 
555123     INFO  main            d.u.i.k.p.i.AbstractProblemLoader Loading environment from /home/runner/work/key/key/key.core/../key.ui/examples/heap/permissions/threads/Plotter_initPost_accessible.key.proof 
555123     DEBUG main            d.u.i.k.p.i.AbstractProblemLoader Environment load took 95.5ns 
555124     INFO  main            d.u.i.k.p.i.AbstractProblemLoader Creating init config 
560788     DEBUG main            d.u.i.k.p.i.AbstractProblemLoader Init config took 5.66s 
560884     INFO  main            d.u.i.k.p.i.AbstractProblemLoader Replaying proof Plotter[ThreadSpec2::initPost()].JML accessible clause.0 
560902     DEBUG main            d.u.i.k.p.i.IntermediateProofReplayer Proof replay took 16.08ms 
560903     DEBUG main            d.u.i.k.p.r.p.TestFile    ... success: reloaded. 
560904     INFO  main            d.u.i.k.p.r.p.TestFile    Now processing file /home/runner/work/key/key/key.core/../key.ui/examples/heap/permissions/threads/Plotter_inv_accessible1.key 
560904     INFO  main            d.u.i.k.p.i.AbstractProblemLoader Loading environment from /home/runner/work/key/key/key.core/../key.ui/examples/heap/permissions/threads/Plotter_inv_accessible1.key 
560904     DEBUG main            d.u.i.k.p.i.AbstractProblemLoader Environment load took 86.7ns 
560905     INFO  main            d.u.i.k.p.i.AbstractProblemLoader Creating init config 
566682     DEBUG main            d.u.i.k.p.i.AbstractProblemLoader Init config took 5.78s 
566779     INFO  main            d.u.i.k.p.i.AbstractProblemLoader Replaying proof Plotter[java.lang.Object::<inv>()].JML accessible clause.0 
566781     DEBUG main            d.u.i.k.p.i.IntermediateProofReplayer Proof replay took 7.8ns 
566882     INFO  main            d.u.i.k.p.r.p.TestFile    ... finished proof: closed. 
567435     INFO  main            d.u.i.k.p.i.AbstractProblemLoader Loading environment from /home/runner/work/key/key/key.core/../key.ui/examples/heap/permissions/threads/Plotter_inv_accessible1.key.proof 
567435     DEBUG main            d.u.i.k.p.i.AbstractProblemLoader Environment load took 110.6ns 
567436     INFO  main            d.u.i.k.p.i.AbstractProblemLoader Creating init config 
573170     DEBUG main            d.u.i.k.p.i.AbstractProblemLoader Init config took 5.73s 
573284     INFO  main            d.u.i.k.p.i.AbstractProblemLoader Replaying proof Plotter[java.lang.Object::<inv>()].JML accessible clause.0 
573288     DEBUG main            d.u.i.k.p.i.IntermediateProofReplayer Proof replay took 2.16ms 
573288     DEBUG main            d.u.i.k.p.r.p.TestFile    ... success: reloaded. 
573289     INFO  main            d.u.i.k.p.r.p.TestFile    Now processing file /home/runner/work/key/key/key.core/../key.ui/examples/heap/permissions/threads/Plotter_inv_accessible2.key 
573290     INFO  main            d.u.i.k.p.i.AbstractProblemLoader Loading environment from /home/runner/work/key/key/key.core/../key.ui/examples/heap/permissions/threads/Plotter_inv_accessible2.key 
573290     DEBUG main            d.u.i.k.p.i.AbstractProblemLoader Environment load took 56.8ns 
573290     INFO  main            d.u.i.k.p.i.AbstractProblemLoader Creating init config 
579077     DEBUG main            d.u.i.k.p.i.AbstractProblemLoader Init config took 5.79s 
579174     INFO  main            d.u.i.k.p.i.AbstractProblemLoader Replaying proof Plotter[java.lang.Object::<inv>()].JML accessible clause.1 
579175     DEBUG main            d.u.i.k.p.i.IntermediateProofReplayer Proof replay took 7.6ns 
579277     INFO  main            d.u.i.k.p.r.p.TestFile    ... finished proof: closed. 
579882     INFO  main            d.u.i.k.p.i.AbstractProblemLoader Loading environment from /home/runner/work/key/key/key.core/../key.ui/examples/heap/permissions/threads/Plotter_inv_accessible2.key.proof 
579882     DEBUG main            d.u.i.k.p.i.AbstractProblemLoader Environment load took 114ns 
579883     INFO  main            d.u.i.k.p.i.AbstractProblemLoader Creating init config 
585553     DEBUG main            d.u.i.k.p.i.AbstractProblemLoader Init config took 5.67s 
585648     INFO  main            d.u.i.k.p.i.AbstractProblemLoader Replaying proof Plotter[java.lang.Object::<inv>()].JML accessible clause.1 
585652     DEBUG main            d.u.i.k.p.i.IntermediateProofReplayer Proof replay took 2.27ms 
585653     DEBUG main            d.u.i.k.p.r.p.TestFile    ... success: reloaded. 
585654     INFO  main            d.u.i.k.p.r.p.TestFile    Now processing file /home/runner/work/key/key/key.core/../key.ui/examples/heap/permissions/threads/Plotter_joinTransfer_contract.key 
585654     INFO  main            d.u.i.k.p.i.AbstractProblemLoader Loading environment from /home/runner/work/key/key/key.core/../key.ui/examples/heap/permissions/threads/Plotter_joinTransfer_contract.key 
585654     DEBUG main            d.u.i.k.p.i.AbstractProblemLoader Environment load took 92.5ns 
585655     INFO  main            d.u.i.k.p.i.AbstractProblemLoader Creating init config 
591447     DEBUG main            d.u.i.k.p.i.AbstractProblemLoader Init config took 5.79s 
591556     INFO  main            d.u.i.k.p.i.AbstractProblemLoader Replaying proof Plotter[ThreadSpec2::joinTransfer()].JML model_behavior operation contract.0 
591557     DEBUG main            d.u.i.k.p.i.IntermediateProofReplayer Proof replay took 17.7ns 
591659     INFO  main            d.u.i.k.p.r.p.TestFile    ... finished proof: closed. 
592253     INFO  main            d.u.i.k.p.i.AbstractProblemLoader Loading environment from /home/runner/work/key/key/key.core/../key.ui/examples/heap/permissions/threads/Plotter_joinTransfer_contract.key.proof 
592253     DEBUG main            d.u.i.k.p.i.AbstractProblemLoader Environment load took 80.7ns 
592254     INFO  main            d.u.i.k.p.i.AbstractProblemLoader Creating init config 
598033     DEBUG main            d.u.i.k.p.i.AbstractProblemLoader Init config took 5.78s 
598140     INFO  main            d.u.i.k.p.i.AbstractProblemLoader Replaying proof Plotter[ThreadSpec2::joinTransfer()].JML model_behavior operation contract.0 
598150     DEBUG main            d.u.i.k.p.i.IntermediateProofReplayer Proof replay took 9.31ms 
598151     DEBUG main            d.u.i.k.p.r.p.TestFile    ... success: reloaded. 
598152     INFO  main            d.u.i.k.p.r.p.TestFile    Now processing file /home/runner/work/key/key/key.core/../key.ui/examples/heap/permissions/threads/Plotter_Plotter.key 
598152     INFO  main            d.u.i.k.p.i.AbstractProblemLoader Loading environment from /home/runner/work/key/key/key.core/../key.ui/examples/heap/permissions/threads/Plotter_Plotter.key 
598152     DEBUG main            d.u.i.k.p.i.AbstractProblemLoader Environment load took 80.2ns 
598153     INFO  main            d.u.i.k.p.i.AbstractProblemLoader Creating init config 
603888     DEBUG main            d.u.i.k.p.i.AbstractProblemLoader Init config took 5.73s 
603987     INFO  main            d.u.i.k.p.i.AbstractProblemLoader Replaying proof Plotter[Plotter::Plotter(AFilter,BFilter,Buffer)].JML normal_behavior operation contract.0 
603988     DEBUG main            d.u.i.k.p.i.IntermediateProofReplayer Proof replay took 6.6ns 
606250     INFO  main            d.u.i.k.p.r.p.TestFile    ... finished proof: closed. 
606879     INFO  main            d.u.i.k.p.i.AbstractProblemLoader Loading environment from /home/runner/work/key/key/key.core/../key.ui/examples/heap/permissions/threads/Plotter_Plotter.key.proof 
606879     DEBUG main            d.u.i.k.p.i.AbstractProblemLoader Environment load took 93.3ns 
606880     INFO  main            d.u.i.k.p.i.AbstractProblemLoader Creating init config 
612542     DEBUG main            d.u.i.k.p.i.AbstractProblemLoader Init config took 5.66s 
612641     INFO  main            d.u.i.k.p.i.AbstractProblemLoader Replaying proof Plotter[Plotter::Plotter(AFilter,BFilter,Buffer)].JML normal_behavior operation contract.0 
612946     DEBUG main            d.u.i.k.p.i.IntermediateProofReplayer Proof replay took 299.3ms 
612947     DEBUG main            d.u.i.k.p.r.p.TestFile    ... success: reloaded. 
612948     INFO  main            d.u.i.k.p.r.p.TestFile    Now processing file /home/runner/work/key/key/key.core/../key.ui/examples/heap/permissions/threads/Plotter_postJoin_accessible.key 
612948     INFO  main            d.u.i.k.p.i.AbstractProblemLoader Loading environment from /home/runner/work/key/key/key.core/../key.ui/examples/heap/permissions/threads/Plotter_postJoin_accessible.key 
612948     DEBUG main            d.u.i.k.p.i.AbstractProblemLoader Environment load took 54.4ns 
612949     INFO  main            d.u.i.k.p.i.AbstractProblemLoader Creating init config 
618733     DEBUG main            d.u.i.k.p.i.AbstractProblemLoader Init config took 5.78s 
618830     INFO  main            d.u.i.k.p.i.AbstractProblemLoader Replaying proof Plotter[ThreadSpec2::postJoin(java.lang.Object)].JML accessible clause.0 
618832     DEBUG main            d.u.i.k.p.i.IntermediateProofReplayer Proof replay took 6.8ns 
618933     INFO  main            d.u.i.k.p.r.p.TestFile    ... finished proof: closed. 
619546     INFO  main            d.u.i.k.p.i.AbstractProblemLoader Loading environment from /home/runner/work/key/key/key.core/../key.ui/examples/heap/permissions/threads/Plotter_postJoin_accessible.key.proof 
619546     DEBUG main            d.u.i.k.p.i.AbstractProblemLoader Environment load took 79.1ns 
619547     INFO  main            d.u.i.k.p.i.AbstractProblemLoader Creating init config 
625170     DEBUG main            d.u.i.k.p.i.AbstractProblemLoader Init config took 5.62s 
625286     INFO  main            d.u.i.k.p.i.AbstractProblemLoader Replaying proof Plotter[ThreadSpec2::postJoin(java.lang.Object)].JML accessible clause.0 
625304     DEBUG main            d.u.i.k.p.i.IntermediateProofReplayer Proof replay took 15.38ms 
625305     DEBUG main            d.u.i.k.p.r.p.TestFile    ... success: reloaded. 
625306     INFO  main            d.u.i.k.p.r.p.TestFile    Now processing file /home/runner/work/key/key/key.core/../key.ui/examples/heap/permissions/threads/Plotter_preStart_accessible.key 
625306     INFO  main            d.u.i.k.p.i.AbstractProblemLoader Loading environment from /home/runner/work/key/key/key.core/../key.ui/examples/heap/permissions/threads/Plotter_preStart_accessible.key 
625306     DEBUG main            d.u.i.k.p.i.AbstractProblemLoader Environment load took 187.2ns 
625307     INFO  main            d.u.i.k.p.i.AbstractProblemLoader Creating init config 
631046     DEBUG main            d.u.i.k.p.i.AbstractProblemLoader Init config took 5.74s 
631140     INFO  main            d.u.i.k.p.i.AbstractProblemLoader Replaying proof Plotter[ThreadSpec2::preStart(java.lang.Object)].JML accessible clause.0 
631142     DEBUG main            d.u.i.k.p.i.IntermediateProofReplayer Proof replay took 6.6ns 
632445     INFO  main            d.u.i.k.p.r.p.TestFile    ... finished proof: closed. 
633097     INFO  main            d.u.i.k.p.i.AbstractProblemLoader Loading environment from /home/runner/work/key/key/key.core/../key.ui/examples/heap/permissions/threads/Plotter_preStart_accessible.key.proof 
633097     DEBUG main            d.u.i.k.p.i.AbstractProblemLoader Environment load took 82.7ns 
633099     INFO  main            d.u.i.k.p.i.AbstractProblemLoader Creating init config 
638869     DEBUG main            d.u.i.k.p.i.AbstractProblemLoader Init config took 5.77s 
638968     INFO  main            d.u.i.k.p.i.AbstractProblemLoader Replaying proof Plotter[ThreadSpec2::preStart(java.lang.Object)].JML accessible clause.0 
639074     DEBUG main            d.u.i.k.p.i.IntermediateProofReplayer Proof replay took 102.56ms 
639080     DEBUG main            d.u.i.k.p.r.p.TestFile    ... success: reloaded. 
639081     INFO  main            d.u.i.k.p.r.p.TestFile    Now processing file /home/runner/work/key/key/key.core/../key.ui/examples/heap/permissions/threads/Plotter_stateInv_accessible.key 
639081     INFO  main            d.u.i.k.p.i.AbstractProblemLoader Loading environment from /home/runner/work/key/key/key.core/../key.ui/examples/heap/permissions/threads/Plotter_stateInv_accessible.key 
639081     DEBUG main            d.u.i.k.p.i.AbstractProblemLoader Environment load took 97.9ns 
639082     INFO  main            d.u.i.k.p.i.AbstractProblemLoader Creating init config 
644999     DEBUG main            d.u.i.k.p.i.AbstractProblemLoader Init config took 5.92s 
645099     INFO  main            d.u.i.k.p.i.AbstractProblemLoader Replaying proof Plotter[ThreadSpec2::stateInv()].JML accessible clause.0 
645100     DEBUG main            d.u.i.k.p.i.IntermediateProofReplayer Proof replay took 6.6ns 
655373     INFO  main            d.u.i.k.p.r.p.TestFile    ... finished proof: closed. 
656044     INFO  main            d.u.i.k.p.i.AbstractProblemLoader Loading environment from /home/runner/work/key/key/key.core/../key.ui/examples/heap/permissions/threads/Plotter_stateInv_accessible.key.proof 
656045     DEBUG main            d.u.i.k.p.i.AbstractProblemLoader Environment load took 421.7ns 
656046     INFO  main            d.u.i.k.p.i.AbstractProblemLoader Creating init config 
661940     DEBUG main            d.u.i.k.p.i.AbstractProblemLoader Init config took 5.89s 
662054     INFO  main            d.u.i.k.p.i.AbstractProblemLoader Replaying proof Plotter[ThreadSpec2::stateInv()].JML accessible clause.0 
662831     DEBUG main            d.u.i.k.p.i.IntermediateProofReplayer Proof replay took 760.55ms 
662833     DEBUG main            d.u.i.k.p.r.p.TestFile    ... success: reloaded. 
662834     INFO  main            d.u.i.k.p.r.p.TestFile    Now processing file /home/runner/work/key/key/key.core/../key.ui/examples/heap/permissions/threads/Plotter_staticPermissions_accessible.key 
662834     INFO  main            d.u.i.k.p.i.AbstractProblemLoader Loading environment from /home/runner/work/key/key/key.core/../key.ui/examples/heap/permissions/threads/Plotter_staticPermissions_accessible.key 
662834     DEBUG main            d.u.i.k.p.i.AbstractProblemLoader Environment load took 77ns 
662835     INFO  main            d.u.i.k.p.i.AbstractProblemLoader Creating init config 
668579     DEBUG main            d.u.i.k.p.i.AbstractProblemLoader Init config took 5.74s 
668676     INFO  main            d.u.i.k.p.i.AbstractProblemLoader Replaying proof Plotter[ThreadSpec2::staticPermissions()].JML accessible clause.0 
668677     DEBUG main            d.u.i.k.p.i.IntermediateProofReplayer Proof replay took 39.9ns 
669580     INFO  main            d.u.i.k.p.r.p.TestFile    ... finished proof: closed. 
670231     INFO  main            d.u.i.k.p.i.AbstractProblemLoader Loading environment from /home/runner/work/key/key/key.core/../key.ui/examples/heap/permissions/threads/Plotter_staticPermissions_accessible.key.proof 
670232     DEBUG main            d.u.i.k.p.i.AbstractProblemLoader Environment load took 92.9ns 
670233     INFO  main            d.u.i.k.p.i.AbstractProblemLoader Creating init config 
675923     DEBUG main            d.u.i.k.p.i.AbstractProblemLoader Init config took 5.69s 
676030     INFO  main            d.u.i.k.p.i.AbstractProblemLoader Replaying proof Plotter[ThreadSpec2::staticPermissions()].JML accessible clause.0 
676108     DEBUG main            d.u.i.k.p.i.IntermediateProofReplayer Proof replay took 74.75ms 
676109     DEBUG main            d.u.i.k.p.r.p.TestFile    ... success: reloaded. 
676110     INFO  main            d.u.i.k.p.r.p.TestFile    Now processing file /home/runner/work/key/key/key.core/../key.ui/examples/heap/permissions/threads/Plotter_workingPermissions_accessible.key 
676110     INFO  main            d.u.i.k.p.i.AbstractProblemLoader Loading environment from /home/runner/work/key/key/key.core/../key.ui/examples/heap/permissions/threads/Plotter_workingPermissions_accessible.key 
676110     DEBUG main            d.u.i.k.p.i.AbstractProblemLoader Environment load took 100.8ns 
676111     INFO  main            d.u.i.k.p.i.AbstractProblemLoader Creating init config 
681900     DEBUG main            d.u.i.k.p.i.AbstractProblemLoader Init config took 5.79s 
682016     INFO  main            d.u.i.k.p.i.AbstractProblemLoader Replaying proof Plotter[ThreadSpec2::workingPermissions()].JML accessible clause.0 
682017     DEBUG main            d.u.i.k.p.i.IntermediateProofReplayer Proof replay took 2.8ns 
682220     INFO  main            d.u.i.k.p.r.p.TestFile    ... finished proof: closed. 
682896     INFO  main            d.u.i.k.p.i.AbstractProblemLoader Loading environment from /home/runner/work/key/key/key.core/../key.ui/examples/heap/permissions/threads/Plotter_workingPermissions_accessible.key.proof 
682896     DEBUG main            d.u.i.k.p.i.AbstractProblemLoader Environment load took 79.2ns 
682897     INFO  main            d.u.i.k.p.i.AbstractProblemLoader Creating init config 
688548     DEBUG main            d.u.i.k.p.i.AbstractProblemLoader Init config took 5.65s 
688645     INFO  main            d.u.i.k.p.i.AbstractProblemLoader Replaying proof Plotter[ThreadSpec2::workingPermissions()].JML accessible clause.0 
688665     DEBUG main            d.u.i.k.p.i.IntermediateProofReplayer Proof replay took 18.5ms 
688666     DEBUG main            d.u.i.k.p.r.p.TestFile    ... success: reloaded. 
688667     INFO  main            d.u.i.k.p.r.p.TestFile    Now processing file /home/runner/work/key/key/key.core/../key.ui/examples/heap/permissions/threads/Sampler_initPost_accessible.key 
688667     INFO  main            d.u.i.k.p.i.AbstractProblemLoader Loading environment from /home/runner/work/key/key/key.core/../key.ui/examples/heap/permissions/threads/Sampler_initPost_accessible.key 
688667     DEBUG main            d.u.i.k.p.i.AbstractProblemLoader Environment load took 52.2ns 
688668     INFO  main            d.u.i.k.p.i.AbstractProblemLoader Creating init config 
694438     DEBUG main            d.u.i.k.p.i.AbstractProblemLoader Init config took 5.77s 
694541     INFO  main            d.u.i.k.p.i.AbstractProblemLoader Replaying proof Sampler[ThreadSpec2::initPost()].JML accessible clause.0 
694543     DEBUG main            d.u.i.k.p.i.IntermediateProofReplayer Proof replay took 2.6ns 
694644     INFO  main            d.u.i.k.p.r.p.TestFile    ... finished proof: closed. 
695290     INFO  main            d.u.i.k.p.i.AbstractProblemLoader Loading environment from /home/runner/work/key/key/key.core/../key.ui/examples/heap/permissions/threads/Sampler_initPost_accessible.key.proof 
695291     DEBUG main            d.u.i.k.p.i.AbstractProblemLoader Environment load took 78.5ns 
695292     INFO  main            d.u.i.k.p.i.AbstractProblemLoader Creating init config 
700903     DEBUG main            d.u.i.k.p.i.AbstractProblemLoader Init config took 5.61s 
700999     INFO  main            d.u.i.k.p.i.AbstractProblemLoader Replaying proof Sampler[ThreadSpec2::initPost()].JML accessible clause.0 
701007     DEBUG main            d.u.i.k.p.i.IntermediateProofReplayer Proof replay took 6.52ms 
701008     DEBUG main            d.u.i.k.p.r.p.TestFile    ... success: reloaded. 
701009     INFO  main            d.u.i.k.p.r.p.TestFile    Now processing file /home/runner/work/key/key/key.core/../key.ui/examples/heap/permissions/threads/Sampler_inv_accessible1.key 
701009     INFO  main            d.u.i.k.p.i.AbstractProblemLoader Loading environment from /home/runner/work/key/key/key.core/../key.ui/examples/heap/permissions/threads/Sampler_inv_accessible1.key 
701009     DEBUG main            d.u.i.k.p.i.AbstractProblemLoader Environment load took 56.8ns 
701010     INFO  main            d.u.i.k.p.i.AbstractProblemLoader Creating init config 
706743     DEBUG main            d.u.i.k.p.i.AbstractProblemLoader Init config took 5.73s 
706838     INFO  main            d.u.i.k.p.i.AbstractProblemLoader Replaying proof Sampler[java.lang.Object::<inv>()].JML accessible clause.0 
706840     DEBUG main            d.u.i.k.p.i.IntermediateProofReplayer Proof replay took 2.8ns 
706941     INFO  main            d.u.i.k.p.r.p.TestFile    ... finished proof: closed. 
707618     INFO  main            d.u.i.k.p.i.AbstractProblemLoader Loading environment from /home/runner/work/key/key/key.core/../key.ui/examples/heap/permissions/threads/Sampler_inv_accessible1.key.proof 
707618     DEBUG main            d.u.i.k.p.i.AbstractProblemLoader Environment load took 79.6ns 
707619     INFO  main            d.u.i.k.p.i.AbstractProblemLoader Creating init config 
713228     DEBUG main            d.u.i.k.p.i.AbstractProblemLoader Init config took 5.61s 
713323     INFO  main            d.u.i.k.p.i.AbstractProblemLoader Replaying proof Sampler[java.lang.Object::<inv>()].JML accessible clause.0 
713326     DEBUG main            d.u.i.k.p.i.IntermediateProofReplayer Proof replay took 1.97ms 
713327     DEBUG main            d.u.i.k.p.r.p.TestFile    ... success: reloaded. 
713328     INFO  main            d.u.i.k.p.r.p.TestFile    Now processing file /home/runner/work/key/key/key.core/../key.ui/examples/heap/permissions/threads/Sampler_inv_accessible2.key 
713328     INFO  main            d.u.i.k.p.i.AbstractProblemLoader Loading environment from /home/runner/work/key/key/key.core/../key.ui/examples/heap/permissions/threads/Sampler_inv_accessible2.key 
713328     DEBUG main            d.u.i.k.p.i.AbstractProblemLoader Environment load took 103.2ns 
713329     INFO  main            d.u.i.k.p.i.AbstractProblemLoader Creating init config 
719093     DEBUG main            d.u.i.k.p.i.AbstractProblemLoader Init config took 5.76s 
719189     INFO  main            d.u.i.k.p.i.AbstractProblemLoader Replaying proof Sampler[java.lang.Object::<inv>()].JML accessible clause.1 
719191     DEBUG main            d.u.i.k.p.i.IntermediateProofReplayer Proof replay took 2.8ns 
719292     INFO  main            d.u.i.k.p.r.p.TestFile    ... finished proof: closed. 
719965     INFO  main            d.u.i.k.p.i.AbstractProblemLoader Loading environment from /home/runner/work/key/key/key.core/../key.ui/examples/heap/permissions/threads/Sampler_inv_accessible2.key.proof 
719965     DEBUG main            d.u.i.k.p.i.AbstractProblemLoader Environment load took 86.3ns 
719966     INFO  main            d.u.i.k.p.i.AbstractProblemLoader Creating init config 
725628     DEBUG main            d.u.i.k.p.i.AbstractProblemLoader Init config took 5.66s 
725726     INFO  main            d.u.i.k.p.i.AbstractProblemLoader Replaying proof Sampler[java.lang.Object::<inv>()].JML accessible clause.1 
725729     DEBUG main            d.u.i.k.p.i.IntermediateProofReplayer Proof replay took 2.09ms 
725730     DEBUG main            d.u.i.k.p.r.p.TestFile    ... success: reloaded. 
725731     INFO  main            d.u.i.k.p.r.p.TestFile    Now processing file /home/runner/work/key/key/key.core/../key.ui/examples/heap/permissions/threads/Sampler_joinTransfer_accessible.key 
725735     INFO  main            d.u.i.k.p.i.AbstractProblemLoader Loading environment from /home/runner/work/key/key/key.core/../key.ui/examples/heap/permissions/threads/Sampler_joinTransfer_accessible.key 
725735     DEBUG main            d.u.i.k.p.i.AbstractProblemLoader Environment load took 102.2ns 
725736     INFO  main            d.u.i.k.p.i.AbstractProblemLoader Creating init config 
731490     DEBUG main            d.u.i.k.p.i.AbstractProblemLoader Init config took 5.75s 
731605     INFO  main            d.u.i.k.p.i.AbstractProblemLoader Replaying proof Sampler[ThreadSpec2::joinTransfer()].JML accessible clause.0 
731607     DEBUG main            d.u.i.k.p.i.IntermediateProofReplayer Proof replay took 2.9ns 
735918     INFO  main            d.u.i.k.p.r.p.TestFile    ... finished proof: closed. 
736647     INFO  main            d.u.i.k.p.i.AbstractProblemLoader Loading environment from /home/runner/work/key/key/key.core/../key.ui/examples/heap/permissions/threads/Sampler_joinTransfer_accessible.key.proof 
736647     DEBUG main            d.u.i.k.p.i.AbstractProblemLoader Environment load took 85.2ns 
736648     INFO  main            d.u.i.k.p.i.AbstractProblemLoader Creating init config 
742302     DEBUG main            d.u.i.k.p.i.AbstractProblemLoader Init config took 5.65s 
742413     INFO  main            d.u.i.k.p.i.AbstractProblemLoader Replaying proof Sampler[ThreadSpec2::joinTransfer()].JML accessible clause.0 
743170     DEBUG main            d.u.i.k.p.i.IntermediateProofReplayer Proof replay took 743.57ms 
743171     DEBUG main            d.u.i.k.p.r.p.TestFile    ... success: reloaded. 
743172     INFO  main            d.u.i.k.p.r.p.TestFile    Now processing file /home/runner/work/key/key/key.core/../key.ui/examples/heap/permissions/threads/Sampler_joinTransfer_contract.key 
743172     INFO  main            d.u.i.k.p.i.AbstractProblemLoader Loading environment from /home/runner/work/key/key/key.core/../key.ui/examples/heap/permissions/threads/Sampler_joinTransfer_contract.key 
743173     DEBUG main            d.u.i.k.p.i.AbstractProblemLoader Environment load took 97.9ns 
743173     INFO  main            d.u.i.k.p.i.AbstractProblemLoader Creating init config 
748939     DEBUG main            d.u.i.k.p.i.AbstractProblemLoader Init config took 5.77s 
749040     INFO  main            d.u.i.k.p.i.AbstractProblemLoader Replaying proof Sampler[ThreadSpec2::joinTransfer()].JML model_behavior operation contract.0 
749042     DEBUG main            d.u.i.k.p.i.IntermediateProofReplayer Proof replay took 2.8ns 
749144     INFO  main            d.u.i.k.p.r.p.TestFile    ... finished proof: closed. 
749835     INFO  main            d.u.i.k.p.i.AbstractProblemLoader Loading environment from /home/runner/work/key/key/key.core/../key.ui/examples/heap/permissions/threads/Sampler_joinTransfer_contract.key.proof 
749835     DEBUG main            d.u.i.k.p.i.AbstractProblemLoader Environment load took 82.2ns 
749836     INFO  main            d.u.i.k.p.i.AbstractProblemLoader Creating init config 
755436     DEBUG main            d.u.i.k.p.i.AbstractProblemLoader Init config took 5.6s 
755551     INFO  main            d.u.i.k.p.i.AbstractProblemLoader Replaying proof Sampler[ThreadSpec2::joinTransfer()].JML model_behavior operation contract.0 
755561     DEBUG main            d.u.i.k.p.i.IntermediateProofReplayer Proof replay took 8.51ms 
755562     DEBUG main            d.u.i.k.p.r.p.TestFile    ... success: reloaded. 
755563     INFO  main            d.u.i.k.p.r.p.TestFile    Now processing file /home/runner/work/key/key/key.core/../key.ui/examples/heap/permissions/threads/Sampler_postJoin_accessible.key 
755563     INFO  main            d.u.i.k.p.i.AbstractProblemLoader Loading environment from /home/runner/work/key/key/key.core/../key.ui/examples/heap/permissions/threads/Sampler_postJoin_accessible.key 
755563     DEBUG main            d.u.i.k.p.i.AbstractProblemLoader Environment load took 95.5ns 
755564     INFO  main            d.u.i.k.p.i.AbstractProblemLoader Creating init config 
761250     DEBUG main            d.u.i.k.p.i.AbstractProblemLoader Init config took 5.69s 
761344     INFO  main            d.u.i.k.p.i.AbstractProblemLoader Replaying proof Sampler[ThreadSpec2::postJoin(java.lang.Object)].JML accessible clause.0 
761346     DEBUG main            d.u.i.k.p.i.IntermediateProofReplayer Proof replay took 3ns 
761448     INFO  main            d.u.i.k.p.r.p.TestFile    ... finished proof: closed. 
762163     INFO  main            d.u.i.k.p.i.AbstractProblemLoader Loading environment from /home/runner/work/key/key/key.core/../key.ui/examples/heap/permissions/threads/Sampler_postJoin_accessible.key.proof 
762164     DEBUG main            d.u.i.k.p.i.AbstractProblemLoader Environment load took 77.9ns 
762164     INFO  main            d.u.i.k.p.i.AbstractProblemLoader Creating init config 
767748     DEBUG main            d.u.i.k.p.i.AbstractProblemLoader Init config took 5.58s 
767861     INFO  main            d.u.i.k.p.i.AbstractProblemLoader Replaying proof Sampler[ThreadSpec2::postJoin(java.lang.Object)].JML accessible clause.0 
767874     DEBUG main            d.u.i.k.p.i.IntermediateProofReplayer Proof replay took 10.3ms 
767875     DEBUG main            d.u.i.k.p.r.p.TestFile    ... success: reloaded. 
767876     INFO  main            d.u.i.k.p.r.p.TestFile    Now processing file /home/runner/work/key/key/key.core/../key.ui/examples/heap/permissions/threads/Sampler_preStart_accessible.key 
767876     INFO  main            d.u.i.k.p.i.AbstractProblemLoader Loading environment from /home/runner/work/key/key/key.core/../key.ui/examples/heap/permissions/threads/Sampler_preStart_accessible.key 
767876     DEBUG main            d.u.i.k.p.i.AbstractProblemLoader Environment load took 179.2ns 
767877     INFO  main            d.u.i.k.p.i.AbstractProblemLoader Creating init config 
773594     DEBUG main            d.u.i.k.p.i.AbstractProblemLoader Init config took 5.72s 
773696     INFO  main            d.u.i.k.p.i.AbstractProblemLoader Replaying proof Sampler[ThreadSpec2::preStart(java.lang.Object)].JML accessible clause.0 
773698     DEBUG main            d.u.i.k.p.i.IntermediateProofReplayer Proof replay took 2.7ns 
773800     INFO  main            d.u.i.k.p.r.p.TestFile    ... finished proof: closed. 
774518     INFO  main            d.u.i.k.p.i.AbstractProblemLoader Loading environment from /home/runner/work/key/key/key.core/../key.ui/examples/heap/permissions/threads/Sampler_preStart_accessible.key.proof 
774518     DEBUG main            d.u.i.k.p.i.AbstractProblemLoader Environment load took 83.8ns 
774519     INFO  main            d.u.i.k.p.i.AbstractProblemLoader Creating init config 
780158     DEBUG main            d.u.i.k.p.i.AbstractProblemLoader Init config took 5.64s 
780284     INFO  main            d.u.i.k.p.i.AbstractProblemLoader Replaying proof Sampler[ThreadSpec2::preStart(java.lang.Object)].JML accessible clause.0 
780296     DEBUG main            d.u.i.k.p.i.IntermediateProofReplayer Proof replay took 10.27ms 
780296     DEBUG main            d.u.i.k.p.r.p.TestFile    ... success: reloaded. 
780297     INFO  main            d.u.i.k.p.r.p.TestFile    Now processing file /home/runner/work/key/key/key.core/../key.ui/examples/heap/permissions/threads/Sampler_run.key 
780298     INFO  main            d.u.i.k.p.i.AbstractProblemLoader Loading environment from /home/runner/work/key/key/key.core/../key.ui/examples/heap/permissions/threads/Sampler_run.key 
780298     DEBUG main            d.u.i.k.p.i.AbstractProblemLoader Environment load took 52.7ns 
780299     INFO  main            d.u.i.k.p.i.AbstractProblemLoader Creating init config 
786002     DEBUG main            d.u.i.k.p.i.AbstractProblemLoader Init config took 5.7s 
786097     INFO  main            d.u.i.k.p.i.AbstractProblemLoader Replaying proof Sampler[ThreadSpec2::run()].JML normal_behavior operation contract.0 
786098     DEBUG main            d.u.i.k.p.i.IntermediateProofReplayer Proof replay took 2.9ns 
786301     INFO  main            d.u.i.k.p.r.p.TestFile    ... finished proof: closed. 
787025     INFO  main            d.u.i.k.p.i.AbstractProblemLoader Loading environment from /home/runner/work/key/key/key.core/../key.ui/examples/heap/permissions/threads/Sampler_run.key.proof 
787026     DEBUG main            d.u.i.k.p.i.AbstractProblemLoader Environment load took 81.6ns 
787027     INFO  main            d.u.i.k.p.i.AbstractProblemLoader Creating init config 
792727     DEBUG main            d.u.i.k.p.i.AbstractProblemLoader Init config took 5.7s 
792822     INFO  main            d.u.i.k.p.i.AbstractProblemLoader Replaying proof Sampler[ThreadSpec2::run()].JML normal_behavior operation contract.0 
792868     DEBUG main            d.u.i.k.p.i.IntermediateProofReplayer Proof replay took 43.18ms 
792869     DEBUG main            d.u.i.k.p.r.p.TestFile    ... success: reloaded. 
792870     INFO  main            d.u.i.k.p.r.p.TestFile    Now processing file /home/runner/work/key/key/key.core/../key.ui/examples/heap/permissions/threads/Sampler_Sampler.key 
792870     INFO  main            d.u.i.k.p.i.AbstractProblemLoader Loading environment from /home/runner/work/key/key/key.core/../key.ui/examples/heap/permissions/threads/Sampler_Sampler.key 
792870     DEBUG main            d.u.i.k.p.i.AbstractProblemLoader Environment load took 60.2ns 
792871     INFO  main            d.u.i.k.p.i.AbstractProblemLoader Creating init config 
798598     DEBUG main            d.u.i.k.p.i.AbstractProblemLoader Init config took 5.73s 
798693     INFO  main            d.u.i.k.p.i.AbstractProblemLoader Replaying proof Sampler[Sampler::Sampler(Buffer)].JML normal_behavior operation contract.0 
798695     DEBUG main            d.u.i.k.p.i.IntermediateProofReplayer Proof replay took 3.5ns 
799399     INFO  main            d.u.i.k.p.r.p.TestFile    ... finished proof: closed. 
800174     INFO  main            d.u.i.k.p.i.AbstractProblemLoader Loading environment from /home/runner/work/key/key/key.core/../key.ui/examples/heap/permissions/threads/Sampler_Sampler.key.proof 
800174     DEBUG main            d.u.i.k.p.i.AbstractProblemLoader Environment load took 80.1ns 
800175     INFO  main            d.u.i.k.p.i.AbstractProblemLoader Creating init config 
805856     DEBUG main            d.u.i.k.p.i.AbstractProblemLoader Init config took 5.68s 
805963     INFO  main            d.u.i.k.p.i.AbstractProblemLoader Replaying proof Sampler[Sampler::Sampler(Buffer)].JML normal_behavior operation contract.0 
806079     DEBUG main            d.u.i.k.p.i.IntermediateProofReplayer Proof replay took 113.79ms 
806080     DEBUG main            d.u.i.k.p.r.p.TestFile    ... success: reloaded. 
806081     INFO  main            d.u.i.k.p.r.p.TestFile    Now processing file /home/runner/work/key/key/key.core/../key.ui/examples/heap/permissions/threads/Sampler_startTransfer_accessible.key 
806082     INFO  main            d.u.i.k.p.i.AbstractProblemLoader Loading environment from /home/runner/work/key/key/key.core/../key.ui/examples/heap/permissions/threads/Sampler_startTransfer_accessible.key 
806082     DEBUG main            d.u.i.k.p.i.AbstractProblemLoader Environment load took 92.6ns 
806083     INFO  main            d.u.i.k.p.i.AbstractProblemLoader Creating init config 
811876     DEBUG main            d.u.i.k.p.i.AbstractProblemLoader Init config took 5.79s 
811995     INFO  main            d.u.i.k.p.i.AbstractProblemLoader Replaying proof Sampler[ThreadSpec2::startTransfer()].JML accessible clause.0 
811997     DEBUG main            d.u.i.k.p.i.IntermediateProofReplayer Proof replay took 3ns 
817125     INFO  main            d.u.i.k.p.r.p.TestFile    ... finished proof: closed. 
817873     INFO  main            d.u.i.k.p.i.AbstractProblemLoader Loading environment from /home/runner/work/key/key/key.core/../key.ui/examples/heap/permissions/threads/Sampler_startTransfer_accessible.key.proof 
817873     DEBUG main            d.u.i.k.p.i.AbstractProblemLoader Environment load took 343.61ns 
817875     INFO  main            d.u.i.k.p.i.AbstractProblemLoader Creating init config 
823520     DEBUG main            d.u.i.k.p.i.AbstractProblemLoader Init config took 5.65s 
823624     INFO  main            d.u.i.k.p.i.AbstractProblemLoader Replaying proof Sampler[ThreadSpec2::startTransfer()].JML accessible clause.0 
824407     DEBUG main            d.u.i.k.p.i.IntermediateProofReplayer Proof replay took 770.19ms 
824409     DEBUG main            d.u.i.k.p.r.p.TestFile    ... success: reloaded. 
824410     INFO  main            d.u.i.k.p.r.p.TestFile    Now processing file /home/runner/work/key/key/key.core/../key.ui/examples/heap/permissions/threads/Sampler_startTransfer_contract.key 
824410     INFO  main            d.u.i.k.p.i.AbstractProblemLoader Loading environment from /home/runner/work/key/key/key.core/../key.ui/examples/heap/permissions/threads/Sampler_startTransfer_contract.key 
824410     DEBUG main            d.u.i.k.p.i.AbstractProblemLoader Environment load took 104.7ns 
824411     INFO  main            d.u.i.k.p.i.AbstractProblemLoader Creating init config 
830129     DEBUG main            d.u.i.k.p.i.AbstractProblemLoader Init config took 5.72s 
830242     INFO  main            d.u.i.k.p.i.AbstractProblemLoader Replaying proof Sampler[ThreadSpec2::startTransfer()].JML model_behavior operation contract.0 
830244     DEBUG main            d.u.i.k.p.i.IntermediateProofReplayer Proof replay took 3.6ns 
830345     INFO  main            d.u.i.k.p.r.p.TestFile    ... finished proof: closed. 
831081     INFO  main            d.u.i.k.p.i.AbstractProblemLoader Loading environment from /home/runner/work/key/key/key.core/../key.ui/examples/heap/permissions/threads/Sampler_startTransfer_contract.key.proof 
831081     DEBUG main            d.u.i.k.p.i.AbstractProblemLoader Environment load took 80ns 
831082     INFO  main            d.u.i.k.p.i.AbstractProblemLoader Creating init config 
836724     DEBUG main            d.u.i.k.p.i.AbstractProblemLoader Init config took 5.64s 
836833     INFO  main            d.u.i.k.p.i.AbstractProblemLoader Replaying proof Sampler[ThreadSpec2::startTransfer()].JML model_behavior operation contract.0 
836843     DEBUG main            d.u.i.k.p.i.IntermediateProofReplayer Proof replay took 8.72ms 
836844     DEBUG main            d.u.i.k.p.r.p.TestFile    ... success: reloaded. 
836845     INFO  main            d.u.i.k.p.r.p.TestFile    Now processing file /home/runner/work/key/key/key.core/../key.ui/examples/heap/permissions/threads/Sampler_stateInv_accessible.key 
836845     INFO  main            d.u.i.k.p.i.AbstractProblemLoader Loading environment from /home/runner/work/key/key/key.core/../key.ui/examples/heap/permissions/threads/Sampler_stateInv_accessible.key 
836845     DEBUG main            d.u.i.k.p.i.AbstractProblemLoader Environment load took 76.4ns 
836846     INFO  main            d.u.i.k.p.i.AbstractProblemLoader Creating init config 
842564     DEBUG main            d.u.i.k.p.i.AbstractProblemLoader Init config took 5.72s 
842674     INFO  main            d.u.i.k.p.i.AbstractProblemLoader Replaying proof Sampler[ThreadSpec2::stateInv()].JML accessible clause.0 
842676     DEBUG main            d.u.i.k.p.i.IntermediateProofReplayer Proof replay took 3.2ns 
842777     INFO  main            d.u.i.k.p.r.p.TestFile    ... finished proof: closed. 
843555     INFO  main            d.u.i.k.p.i.AbstractProblemLoader Loading environment from /home/runner/work/key/key/key.core/../key.ui/examples/heap/permissions/threads/Sampler_stateInv_accessible.key.proof 
843555     DEBUG main            d.u.i.k.p.i.AbstractProblemLoader Environment load took 83.7ns 
843557     INFO  main            d.u.i.k.p.i.AbstractProblemLoader Creating init config 
849249     DEBUG main            d.u.i.k.p.i.AbstractProblemLoader Init config took 5.69s 
849348     INFO  main            d.u.i.k.p.i.AbstractProblemLoader Replaying proof Sampler[ThreadSpec2::stateInv()].JML accessible clause.0 
849357     DEBUG main            d.u.i.k.p.i.IntermediateProofReplayer Proof replay took 7.21ms 
849358     DEBUG main            d.u.i.k.p.r.p.TestFile    ... success: reloaded. 
849359     INFO  main            d.u.i.k.p.r.p.TestFile    Now processing file /home/runner/work/key/key/key.core/../key.ui/examples/heap/permissions/threads/Sampler_staticPermissions_accessible.key 
849359     INFO  main            d.u.i.k.p.i.AbstractProblemLoader Loading environment from /home/runner/work/key/key/key.core/../key.ui/examples/heap/permissions/threads/Sampler_staticPermissions_accessible.key 
849360     DEBUG main            d.u.i.k.p.i.AbstractProblemLoader Environment load took 129.4ns 
849361     INFO  main            d.u.i.k.p.i.AbstractProblemLoader Creating init config 
855077     DEBUG main            d.u.i.k.p.i.AbstractProblemLoader Init config took 5.72s 
855187     INFO  main            d.u.i.k.p.i.AbstractProblemLoader Replaying proof Sampler[ThreadSpec2::staticPermissions()].JML accessible clause.0 
855191     DEBUG main            d.u.i.k.p.i.IntermediateProofReplayer Proof replay took 3.1ns 
855293     INFO  main            d.u.i.k.p.r.p.TestFile    ... finished proof: closed. 
856069     INFO  main            d.u.i.k.p.i.AbstractProblemLoader Loading environment from /home/runner/work/key/key/key.core/../key.ui/examples/heap/permissions/threads/Sampler_staticPermissions_accessible.key.proof 
856069     DEBUG main            d.u.i.k.p.i.AbstractProblemLoader Environment load took 72.3ns 
856070     INFO  main            d.u.i.k.p.i.AbstractProblemLoader Creating init config 
861660     DEBUG main            d.u.i.k.p.i.AbstractProblemLoader Init config took 5.59s 
861758     INFO  main            d.u.i.k.p.i.AbstractProblemLoader Replaying proof Sampler[ThreadSpec2::staticPermissions()].JML accessible clause.0 
861764     DEBUG main            d.u.i.k.p.i.IntermediateProofReplayer Proof replay took 4.07ms 
861767     DEBUG main            d.u.i.k.p.r.p.TestFile    ... success: reloaded. 
861768     INFO  main            d.u.i.k.p.r.p.TestFile    Now processing file /home/runner/work/key/key/key.core/../key.ui/examples/heap/permissions/threads/Sampler_workingPermissions_accessible.key 
861768     INFO  main            d.u.i.k.p.i.AbstractProblemLoader Loading environment from /home/runner/work/key/key/key.core/../key.ui/examples/heap/permissions/threads/Sampler_workingPermissions_accessible.key 
861768     DEBUG main            d.u.i.k.p.i.AbstractProblemLoader Environment load took 65.7ns 
861769     INFO  main            d.u.i.k.p.i.AbstractProblemLoader Creating init config 
867459     DEBUG main            d.u.i.k.p.i.AbstractProblemLoader Init config took 5.69s 
867558     INFO  main            d.u.i.k.p.i.AbstractProblemLoader Replaying proof Sampler[ThreadSpec2::workingPermissions()].JML accessible clause.0 
867560     DEBUG main            d.u.i.k.p.i.IntermediateProofReplayer Proof replay took 48.3ns 
867661     INFO  main            d.u.i.k.p.r.p.TestFile    ... finished proof: closed. 
868411     INFO  main            d.u.i.k.p.i.AbstractProblemLoader Loading environment from /home/runner/work/key/key/key.core/../key.ui/examples/heap/permissions/threads/Sampler_workingPermissions_accessible.key.proof 
868411     DEBUG main            d.u.i.k.p.i.AbstractProblemLoader Environment load took 84.6ns 
868412     INFO  main            d.u.i.k.p.i.AbstractProblemLoader Creating init config 
874046     DEBUG main            d.u.i.k.p.i.AbstractProblemLoader Init config took 5.63s 
874140     INFO  main            d.u.i.k.p.i.AbstractProblemLoader Replaying proof Sampler[ThreadSpec2::workingPermissions()].JML accessible clause.0 
874147     DEBUG main            d.u.i.k.p.i.IntermediateProofReplayer Proof replay took 6.12ms 
874148     DEBUG main            d.u.i.k.p.r.p.TestFile    ... success: reloaded. 
874149     INFO  main            d.u.i.k.p.r.p.TestFile    Now processing file /home/runner/work/key/key/key.core/../key.ui/examples/heap/permissions/mulleretal/ReadWrite_doRead_contract.key 
874149     INFO  main            d.u.i.k.p.i.AbstractProblemLoader Loading environment from /home/runner/work/key/key/key.core/../key.ui/examples/heap/permissions/mulleretal/ReadWrite_doRead_contract.key 
874149     DEBUG main            d.u.i.k.p.i.AbstractProblemLoader Environment load took 65.5ns 
874150     INFO  main            d.u.i.k.p.i.AbstractProblemLoader Creating init config 
877453     DEBUG main            d.u.i.k.p.i.AbstractProblemLoader Init config took 3.3s 
877491     INFO  main            d.u.i.k.p.i.AbstractProblemLoader Replaying proof ReadWrite[ReadWrite::doRead()].JML normal_behavior operation contract.0 
877494     DEBUG main            d.u.i.k.p.i.IntermediateProofReplayer Proof replay took 3.3ns 
879505     INFO  main            d.u.i.k.p.r.p.TestFile    ... finished proof: closed. 
880331     INFO  main            d.u.i.k.p.i.AbstractProblemLoader Loading environment from /home/runner/work/key/key/key.core/../key.ui/examples/heap/permissions/mulleretal/ReadWrite_doRead_contract.key.proof 
880331     DEBUG main            d.u.i.k.p.i.AbstractProblemLoader Environment load took 516.61ns 
880333     INFO  main            d.u.i.k.p.i.AbstractProblemLoader Creating init config 
883545     DEBUG main            d.u.i.k.p.i.AbstractProblemLoader Init config took 3.21s 
883598     INFO  main            d.u.i.k.p.i.AbstractProblemLoader Replaying proof ReadWrite[ReadWrite::doRead()].JML normal_behavior operation contract.0 
884107     DEBUG main            d.u.i.k.p.i.IntermediateProofReplayer Proof replay took 495.09ms 
884108     DEBUG main            d.u.i.k.p.r.p.TestFile    ... success: reloaded. 
884109     INFO  main            d.u.i.k.p.r.p.TestFile    Now processing file /home/runner/work/key/key/key.core/../key.ui/examples/heap/permissions/mulleretal/ReadWrite_doWrite_contract.key 
884109     INFO  main            d.u.i.k.p.i.AbstractProblemLoader Loading environment from /home/runner/work/key/key/key.core/../key.ui/examples/heap/permissions/mulleretal/ReadWrite_doWrite_contract.key 
884110     DEBUG main            d.u.i.k.p.i.AbstractProblemLoader Environment load took 113ns 
884111     INFO  main            d.u.i.k.p.i.AbstractProblemLoader Creating init config 
887382     DEBUG main            d.u.i.k.p.i.AbstractProblemLoader Init config took 3.27s 
887422     INFO  main            d.u.i.k.p.i.AbstractProblemLoader Replaying proof ReadWrite[ReadWrite::doWrite()].JML normal_behavior operation contract.0 
887423     DEBUG main            d.u.i.k.p.i.IntermediateProofReplayer Proof replay took 3.4ns 
889529     INFO  main            d.u.i.k.p.r.p.TestFile    ... finished proof: closed. 
890366     INFO  main            d.u.i.k.p.i.AbstractProblemLoader Loading environment from /home/runner/work/key/key/key.core/../key.ui/examples/heap/permissions/mulleretal/ReadWrite_doWrite_contract.key.proof 
890366     DEBUG main            d.u.i.k.p.i.AbstractProblemLoader Environment load took 370.9ns 
890367     INFO  main            d.u.i.k.p.i.AbstractProblemLoader Creating init config 
893575     DEBUG main            d.u.i.k.p.i.AbstractProblemLoader Init config took 3.21s 
893613     INFO  main            d.u.i.k.p.i.AbstractProblemLoader Replaying proof ReadWrite[ReadWrite::doWrite()].JML normal_behavior operation contract.0 
894116     DEBUG main            d.u.i.k.p.i.IntermediateProofReplayer Proof replay took 495.25ms 
894117     DEBUG main            d.u.i.k.p.r.p.TestFile    ... success: reloaded. 
894118     INFO  main            d.u.i.k.p.r.p.TestFile    Now processing file /home/runner/work/key/key/key.core/../key.ui/examples/heap/permissions/mulleretal/ReadWrite_read_contract.key 
894118     INFO  main            d.u.i.k.p.i.AbstractProblemLoader Loading environment from /home/runner/work/key/key/key.core/../key.ui/examples/heap/permissions/mulleretal/ReadWrite_read_contract.key 
894118     DEBUG main            d.u.i.k.p.i.AbstractProblemLoader Environment load took 201.2ns 
894120     INFO  main            d.u.i.k.p.i.AbstractProblemLoader Creating init config 
897431     DEBUG main            d.u.i.k.p.i.AbstractProblemLoader Init config took 3.31s 
897469     INFO  main            d.u.i.k.p.i.AbstractProblemLoader Replaying proof ReadWrite[ReadWrite::read()].JML normal_behavior operation contract.0 
897471     DEBUG main            d.u.i.k.p.i.IntermediateProofReplayer Proof replay took 3.6ns 
897573     INFO  main            d.u.i.k.p.r.p.TestFile    ... finished proof: closed. 
898393     INFO  main            d.u.i.k.p.i.AbstractProblemLoader Loading environment from /home/runner/work/key/key/key.core/../key.ui/examples/heap/permissions/mulleretal/ReadWrite_read_contract.key.proof 
898393     DEBUG main            d.u.i.k.p.i.AbstractProblemLoader Environment load took 180.5ns 
898395     INFO  main            d.u.i.k.p.i.AbstractProblemLoader Creating init config 
901605     DEBUG main            d.u.i.k.p.i.AbstractProblemLoader Init config took 3.21s 
901660     INFO  main            d.u.i.k.p.i.AbstractProblemLoader Replaying proof ReadWrite[ReadWrite::read()].JML normal_behavior operation contract.0 
901671     DEBUG main            d.u.i.k.p.i.IntermediateProofReplayer Proof replay took 9.47ms 
901672     DEBUG main            d.u.i.k.p.r.p.TestFile    ... success: reloaded. 
901675     INFO  main            d.u.i.k.p.r.p.TestFile    Now processing file /home/runner/work/key/key/key.core/../key.ui/examples/heap/permissions/mulleretal/ReadWrite_write_contract.key 
901675     INFO  main            d.u.i.k.p.i.AbstractProblemLoader Loading environment from /home/runner/work/key/key/key.core/../key.ui/examples/heap/permissions/mulleretal/ReadWrite_write_contract.key 
901675     DEBUG main            d.u.i.k.p.i.AbstractProblemLoader Environment load took 242.4ns 
901677     INFO  main            d.u.i.k.p.i.AbstractProblemLoader Creating init config 
904939     DEBUG main            d.u.i.k.p.i.AbstractProblemLoader Init config took 3.26s 
905003     INFO  main            d.u.i.k.p.i.AbstractProblemLoader Replaying proof ReadWrite[ReadWrite::write()].JML normal_behavior operation contract.0 
905006     DEBUG main            d.u.i.k.p.i.IntermediateProofReplayer Proof replay took 3.3ns 
905207     INFO  main            d.u.i.k.p.r.p.TestFile    ... finished proof: closed. 
905993     INFO  main            d.u.i.k.p.i.AbstractProblemLoader Loading environment from /home/runner/work/key/key/key.core/../key.ui/examples/heap/permissions/mulleretal/ReadWrite_write_contract.key.proof 
905994     DEBUG main            d.u.i.k.p.i.AbstractProblemLoader Environment load took 85ns 
905994     INFO  main            d.u.i.k.p.i.AbstractProblemLoader Creating init config 
909191     DEBUG main            d.u.i.k.p.i.AbstractProblemLoader Init config took 3.2s 
909232     INFO  main            d.u.i.k.p.i.AbstractProblemLoader Replaying proof ReadWrite[ReadWrite::write()].JML normal_behavior operation contract.0 
909281     DEBUG main            d.u.i.k.p.i.IntermediateProofReplayer Proof replay took 46.94ms 
909282     DEBUG main            d.u.i.k.p.r.p.TestFile    ... success: reloaded. 
909282     INFO  main            d.u.i.k.p.r.p.TestFile    Now processing file /home/runner/work/key/key/key.core/../key.ui/examples/heap/permissions/mulleretal/ReadWrite_inv1_accessible.key 
909283     INFO  main            d.u.i.k.p.i.AbstractProblemLoader Loading environment from /home/runner/work/key/key/key.core/../key.ui/examples/heap/permissions/mulleretal/ReadWrite_inv1_accessible.key 
909283     DEBUG main            d.u.i.k.p.i.AbstractProblemLoader Environment load took 85.2ns 
909283     INFO  main            d.u.i.k.p.i.AbstractProblemLoader Creating init config 
912504     DEBUG main            d.u.i.k.p.i.AbstractProblemLoader Init config took 3.22s 
912542     INFO  main            d.u.i.k.p.i.AbstractProblemLoader Replaying proof ReadWrite[java.lang.Object::<inv>()].JML accessible clause.0 
912543     DEBUG main            d.u.i.k.p.i.IntermediateProofReplayer Proof replay took 3.4ns 
912645     INFO  main            d.u.i.k.p.r.p.TestFile    ... finished proof: closed. 
913448     INFO  main            d.u.i.k.p.i.AbstractProblemLoader Loading environment from /home/runner/work/key/key/key.core/../key.ui/examples/heap/permissions/mulleretal/ReadWrite_inv1_accessible.key.proof 
913448     DEBUG main            d.u.i.k.p.i.AbstractProblemLoader Environment load took 139.1ns 
913449     INFO  main            d.u.i.k.p.i.AbstractProblemLoader Creating init config 
916658     DEBUG main            d.u.i.k.p.i.AbstractProblemLoader Init config took 3.21s 
916711     INFO  main            d.u.i.k.p.i.AbstractProblemLoader Replaying proof ReadWrite[java.lang.Object::<inv>()].JML accessible clause.0 
916715     DEBUG main            d.u.i.k.p.i.IntermediateProofReplayer Proof replay took 2.04ms 
916715     DEBUG main            d.u.i.k.p.r.p.TestFile    ... success: reloaded. 
916716     INFO  main            d.u.i.k.p.r.p.TestFile    Now processing file /home/runner/work/key/key/key.core/../key.ui/examples/heap/permissions/mulleretal/ReadWrite_inv2_accessible.key 
916716     INFO  main            d.u.i.k.p.i.AbstractProblemLoader Loading environment from /home/runner/work/key/key/key.core/../key.ui/examples/heap/permissions/mulleretal/ReadWrite_inv2_accessible.key 
916716     DEBUG main            d.u.i.k.p.i.AbstractProblemLoader Environment load took 53.8ns 
916717     INFO  main            d.u.i.k.p.i.AbstractProblemLoader Creating init config 
919928     DEBUG main            d.u.i.k.p.i.AbstractProblemLoader Init config took 3.21s 
919965     INFO  main            d.u.i.k.p.i.AbstractProblemLoader Replaying proof ReadWrite[java.lang.Object::<inv>()].JML accessible clause.1 
919967     DEBUG main            d.u.i.k.p.i.IntermediateProofReplayer Proof replay took 3ns 
920068     INFO  main            d.u.i.k.p.r.p.TestFile    ... finished proof: closed. 
920862     INFO  main            d.u.i.k.p.i.AbstractProblemLoader Loading environment from /home/runner/work/key/key/key.core/../key.ui/examples/heap/permissions/mulleretal/ReadWrite_inv2_accessible.key.proof 
920862     DEBUG main            d.u.i.k.p.i.AbstractProblemLoader Environment load took 81.1ns 
920863     INFO  main            d.u.i.k.p.i.AbstractProblemLoader Creating init config 
924045     DEBUG main            d.u.i.k.p.i.AbstractProblemLoader Init config took 3.18s 
924101     INFO  main            d.u.i.k.p.i.AbstractProblemLoader Replaying proof ReadWrite[java.lang.Object::<inv>()].JML accessible clause.1 
924104     DEBUG main            d.u.i.k.p.i.IntermediateProofReplayer Proof replay took 1.82ms 
924105     DEBUG main            d.u.i.k.p.r.p.TestFile    ... success: reloaded. 
924105     INFO  main            d.u.i.k.p.r.p.TestFile    Now processing file /home/runner/work/key/key/key.core/../key.ui/examples/heap/permissions/lockspec/Counter_lockConsistent_contract.key 
924106     INFO  main            d.u.i.k.p.i.AbstractProblemLoader Loading environment from /home/runner/work/key/key/key.core/../key.ui/examples/heap/permissions/lockspec/Counter_lockConsistent_contract.key 
924106     DEBUG main            d.u.i.k.p.i.AbstractProblemLoader Environment load took 100ns 
924107     INFO  main            d.u.i.k.p.i.AbstractProblemLoader Creating init config 
928015     DEBUG main            d.u.i.k.p.i.AbstractProblemLoader Init config took 3.91s 
928076     INFO  main            d.u.i.k.p.i.AbstractProblemLoader Replaying proof Counter[LockSpec::lockConsistent()].JML model_behavior operation contract.0 
928078     DEBUG main            d.u.i.k.p.i.IntermediateProofReplayer Proof replay took 4.3ns 
929384     INFO  main            d.u.i.k.p.r.p.TestFile    ... finished proof: closed. 
930224     INFO  main            d.u.i.k.p.i.AbstractProblemLoader Loading environment from /home/runner/work/key/key/key.core/../key.ui/examples/heap/permissions/lockspec/Counter_lockConsistent_contract.key.proof 
930224     DEBUG main            d.u.i.k.p.i.AbstractProblemLoader Environment load took 150.5ns 
930225     INFO  main            d.u.i.k.p.i.AbstractProblemLoader Creating init config 
934186     DEBUG main            d.u.i.k.p.i.AbstractProblemLoader Init config took 3.96s 
934260     INFO  main            d.u.i.k.p.i.AbstractProblemLoader Replaying proof Counter[LockSpec::lockConsistent()].JML model_behavior operation contract.0 
934649     DEBUG main            d.u.i.k.p.i.IntermediateProofReplayer Proof replay took 378.99ms 
934650     DEBUG main            d.u.i.k.p.r.p.TestFile    ... success: reloaded. 
934651     INFO  main            d.u.i.k.p.r.p.TestFile    Now processing file /home/runner/work/key/key/key.core/../key.ui/examples/heap/permissions/lockspec/Counter_increase_contract.key 
934652     INFO  main            d.u.i.k.p.i.AbstractProblemLoader Loading environment from /home/runner/work/key/key/key.core/../key.ui/examples/heap/permissions/lockspec/Counter_increase_contract.key 
934652     DEBUG main            d.u.i.k.p.i.AbstractProblemLoader Environment load took 217.4ns 
934653     INFO  main            d.u.i.k.p.i.AbstractProblemLoader Creating init config 
938864     DEBUG main            d.u.i.k.p.i.AbstractProblemLoader Init config took 4.21s 
938928     INFO  main            d.u.i.k.p.i.AbstractProblemLoader Replaying proof Counter[Counter::increase()].JML normal_behavior operation contract.0 
938935     DEBUG main            d.u.i.k.p.i.IntermediateProofReplayer Proof replay took 3.6ns 
941060     INFO  main            d.u.i.k.p.r.p.TestFile    ... finished proof: closed. 
941928     INFO  main            d.u.i.k.p.i.AbstractProblemLoader Loading environment from /home/runner/work/key/key/key.core/../key.ui/examples/heap/permissions/lockspec/Counter_increase_contract.key.proof 
941928     DEBUG main            d.u.i.k.p.i.AbstractProblemLoader Environment load took 411ns 
941930     INFO  main            d.u.i.k.p.i.AbstractProblemLoader Creating init config 
945796     DEBUG main            d.u.i.k.p.i.AbstractProblemLoader Init config took 3.87s 
945861     INFO  main            d.u.i.k.p.i.AbstractProblemLoader Replaying proof Counter[Counter::increase()].JML normal_behavior operation contract.0 
946319     DEBUG main            d.u.i.k.p.i.IntermediateProofReplayer Proof replay took 437.9ms 
946329     DEBUG main            d.u.i.k.p.r.p.TestFile    ... success: reloaded. 
946330     INFO  main            d.u.i.k.p.r.p.TestFile    Now processing file /home/runner/work/key/key/key.core/../key.ui/examples/heap/permissions/lockspec/Counter_fp_accessible.key 
946330     INFO  main            d.u.i.k.p.i.AbstractProblemLoader Loading environment from /home/runner/work/key/key/key.core/../key.ui/examples/heap/permissions/lockspec/Counter_fp_accessible.key 
946330     DEBUG main            d.u.i.k.p.i.AbstractProblemLoader Environment load took 53.7ns 
946331     INFO  main            d.u.i.k.p.i.AbstractProblemLoader Creating init config 
950387     DEBUG main            d.u.i.k.p.i.AbstractProblemLoader Init config took 4.06s 
950446     INFO  main            d.u.i.k.p.i.AbstractProblemLoader Replaying proof Counter[LockSpec::fp()].JML accessible clause.0 
950448     DEBUG main            d.u.i.k.p.i.IntermediateProofReplayer Proof replay took 3.8ns 
950549     INFO  main            d.u.i.k.p.r.p.TestFile    ... finished proof: closed. 
951401     INFO  main            d.u.i.k.p.i.AbstractProblemLoader Loading environment from /home/runner/work/key/key/key.core/../key.ui/examples/heap/permissions/lockspec/Counter_fp_accessible.key.proof 
951401     DEBUG main            d.u.i.k.p.i.AbstractProblemLoader Environment load took 83.9ns 
951402     INFO  main            d.u.i.k.p.i.AbstractProblemLoader Creating init config 
955349     DEBUG main            d.u.i.k.p.i.AbstractProblemLoader Init config took 3.95s 
955431     INFO  main            d.u.i.k.p.i.AbstractProblemLoader Replaying proof Counter[LockSpec::fp()].JML accessible clause.0 
955478     DEBUG main            d.u.i.k.p.i.IntermediateProofReplayer Proof replay took 44.91ms 
955479     DEBUG main            d.u.i.k.p.r.p.TestFile    ... success: reloaded. 
955480     INFO  main            d.u.i.k.p.r.p.TestFile    Now processing file /home/runner/work/key/key/key.core/../key.ui/examples/heap/permissions/lockspec/Counter_fpLock_accessible.key 
955481     INFO  main            d.u.i.k.p.i.AbstractProblemLoader Loading environment from /home/runner/work/key/key/key.core/../key.ui/examples/heap/permissions/lockspec/Counter_fpLock_accessible.key 
955481     DEBUG main            d.u.i.k.p.i.AbstractProblemLoader Environment load took 202.3ns 
955482     INFO  main            d.u.i.k.p.i.AbstractProblemLoader Creating init config 
959902     DEBUG main            d.u.i.k.p.i.AbstractProblemLoader Init config took 4.42s 
959963     INFO  main            d.u.i.k.p.i.AbstractProblemLoader Replaying proof Counter[LockSpec::fpLock()].JML accessible clause.0 
959964     DEBUG main            d.u.i.k.p.i.IntermediateProofReplayer Proof replay took 3.1ns 
960066     INFO  main            d.u.i.k.p.r.p.TestFile    ... finished proof: closed. 
960897     INFO  main            d.u.i.k.p.i.AbstractProblemLoader Loading environment from /home/runner/work/key/key/key.core/../key.ui/examples/heap/permissions/lockspec/Counter_fpLock_accessible.key.proof 
960897     DEBUG main            d.u.i.k.p.i.AbstractProblemLoader Environment load took 78.5ns 
960898     INFO  main            d.u.i.k.p.i.AbstractProblemLoader Creating init config 
964791     DEBUG main            d.u.i.k.p.i.AbstractProblemLoader Init config took 3.89s 
964862     INFO  main            d.u.i.k.p.i.AbstractProblemLoader Replaying proof Counter[LockSpec::fpLock()].JML accessible clause.0 
964877     DEBUG main            d.u.i.k.p.i.IntermediateProofReplayer Proof replay took 12.48ms 
964878     DEBUG main            d.u.i.k.p.r.p.TestFile    ... success: reloaded. 
964879     INFO  main            d.u.i.k.p.r.p.TestFile    Now processing file /home/runner/work/key/key/key.core/../key.ui/examples/heap/permissions/lockspec/Counter_fpPerm_accessible.key 
964879     INFO  main            d.u.i.k.p.i.AbstractProblemLoader Loading environment from /home/runner/work/key/key/key.core/../key.ui/examples/heap/permissions/lockspec/Counter_fpPerm_accessible.key 
964879     DEBUG main            d.u.i.k.p.i.AbstractProblemLoader Environment load took 274.2ns 
964880     INFO  main            d.u.i.k.p.i.AbstractProblemLoader Creating init config 
968824     DEBUG main            d.u.i.k.p.i.AbstractProblemLoader Init config took 3.94s 
968885     INFO  main            d.u.i.k.p.i.AbstractProblemLoader Replaying proof Counter[LockSpec::fpPerm()].JML accessible clause.0 
968887     DEBUG main            d.u.i.k.p.i.IntermediateProofReplayer Proof replay took 14.5ns 
968991     INFO  main            d.u.i.k.p.r.p.TestFile    ... finished proof: closed. 
969812     INFO  main            d.u.i.k.p.i.AbstractProblemLoader Loading environment from /home/runner/work/key/key/key.core/../key.ui/examples/heap/permissions/lockspec/Counter_fpPerm_accessible.key.proof 
969812     DEBUG main            d.u.i.k.p.i.AbstractProblemLoader Environment load took 80.2ns 
969813     INFO  main            d.u.i.k.p.i.AbstractProblemLoader Creating init config 
973755     DEBUG main            d.u.i.k.p.i.AbstractProblemLoader Init config took 3.94s 
973833     INFO  main            d.u.i.k.p.i.AbstractProblemLoader Replaying proof Counter[LockSpec::fpPerm()].JML accessible clause.0 
973864     DEBUG main            d.u.i.k.p.i.IntermediateProofReplayer Proof replay took 27.78ms 
973866     DEBUG main            d.u.i.k.p.r.p.TestFile    ... success: reloaded. 
973867     INFO  main            d.u.i.k.p.r.p.TestFile    Now processing file /home/runner/work/key/key/key.core/../key.ui/examples/heap/permissions/lockspec/Counter_inv_accessible1.key 
973867     INFO  main            d.u.i.k.p.i.AbstractProblemLoader Loading environment from /home/runner/work/key/key/key.core/../key.ui/examples/heap/permissions/lockspec/Counter_inv_accessible1.key 
973867     DEBUG main            d.u.i.k.p.i.AbstractProblemLoader Environment load took 208.6ns 
973868     INFO  main            d.u.i.k.p.i.AbstractProblemLoader Creating init config 
978257     DEBUG main            d.u.i.k.p.i.AbstractProblemLoader Init config took 4.39s 
978316     INFO  main            d.u.i.k.p.i.AbstractProblemLoader Replaying proof Counter[java.lang.Object::<inv>()].JML accessible clause.0 
978318     DEBUG main            d.u.i.k.p.i.IntermediateProofReplayer Proof replay took 3.3ns 
978420     INFO  main            d.u.i.k.p.r.p.TestFile    ... finished proof: closed. 
979263     INFO  main            d.u.i.k.p.i.AbstractProblemLoader Loading environment from /home/runner/work/key/key/key.core/../key.ui/examples/heap/permissions/lockspec/Counter_inv_accessible1.key.proof 
979263     DEBUG main            d.u.i.k.p.i.AbstractProblemLoader Environment load took 74.1ns 
979264     INFO  main            d.u.i.k.p.i.AbstractProblemLoader Creating init config 
983249     DEBUG main            d.u.i.k.p.i.AbstractProblemLoader Init config took 3.98s 
983320     INFO  main            d.u.i.k.p.i.AbstractProblemLoader Replaying proof Counter[java.lang.Object::<inv>()].JML accessible clause.0 
983338     DEBUG main            d.u.i.k.p.i.IntermediateProofReplayer Proof replay took 15.2ms 
983338     DEBUG main            d.u.i.k.p.r.p.TestFile    ... success: reloaded. 
983339     INFO  main            d.u.i.k.p.r.p.TestFile    Now processing file /home/runner/work/key/key/key.core/../key.ui/examples/heap/permissions/lockspec/Counter_inv_accessible2.key 
983340     INFO  main            d.u.i.k.p.i.AbstractProblemLoader Loading environment from /home/runner/work/key/key/key.core/../key.ui/examples/heap/permissions/lockspec/Counter_inv_accessible2.key 
983340     DEBUG main            d.u.i.k.p.i.AbstractProblemLoader Environment load took 196.5ns 
983341     INFO  main            d.u.i.k.p.i.AbstractProblemLoader Creating init config 
987384     DEBUG main            d.u.i.k.p.i.AbstractProblemLoader Init config took 4.04s 
987443     INFO  main            d.u.i.k.p.i.AbstractProblemLoader Replaying proof Counter[java.lang.Object::<inv>()].JML accessible clause.1 
987444     DEBUG main            d.u.i.k.p.i.IntermediateProofReplayer Proof replay took 4.2ns 
987546     INFO  main            d.u.i.k.p.r.p.TestFile    ... finished proof: closed. 
988405     INFO  main            d.u.i.k.p.i.AbstractProblemLoader Loading environment from /home/runner/work/key/key/key.core/../key.ui/examples/heap/permissions/lockspec/Counter_inv_accessible2.key.proof 
988405     DEBUG main            d.u.i.k.p.i.AbstractProblemLoader Environment load took 75.7ns 
988406     INFO  main            d.u.i.k.p.i.AbstractProblemLoader Creating init config 
992397     DEBUG main            d.u.i.k.p.i.AbstractProblemLoader Init config took 3.99s 
992466     INFO  main            d.u.i.k.p.i.AbstractProblemLoader Replaying proof Counter[java.lang.Object::<inv>()].JML accessible clause.1 
992483     DEBUG main            d.u.i.k.p.i.IntermediateProofReplayer Proof replay took 14.77ms 
992484     DEBUG main            d.u.i.k.p.r.p.TestFile    ... success: reloaded. 
992485     INFO  main            d.u.i.k.p.r.p.TestFile    Now processing file /home/runner/work/key/key/key.core/../key.ui/examples/heap/permissions/lockspec/Counter_lockRef_accessible.key 
992486     INFO  main            d.u.i.k.p.i.AbstractProblemLoader Loading environment from /home/runner/work/key/key/key.core/../key.ui/examples/heap/permissions/lockspec/Counter_lockRef_accessible.key 
992486     DEBUG main            d.u.i.k.p.i.AbstractProblemLoader Environment load took 184.9ns 
992487     INFO  main            d.u.i.k.p.i.AbstractProblemLoader Creating init config 
996448     DEBUG main            d.u.i.k.p.i.AbstractProblemLoader Init config took 3.96s 
996544     INFO  main            d.u.i.k.p.i.AbstractProblemLoader Replaying proof Counter[LockSpec::lockRef()].JML accessible clause.0 
996546     DEBUG main            d.u.i.k.p.i.IntermediateProofReplayer Proof replay took 14ns 
996848     INFO  main            d.u.i.k.p.r.p.TestFile    ... finished proof: closed. 
997699     INFO  main            d.u.i.k.p.i.AbstractProblemLoader Loading environment from /home/runner/work/key/key/key.core/../key.ui/examples/heap/permissions/lockspec/Counter_lockRef_accessible.key.proof 
997699     DEBUG main            d.u.i.k.p.i.AbstractProblemLoader Environment load took 80.2ns 
997700     INFO  main            d.u.i.k.p.i.AbstractProblemLoader Creating init config 
1001586    DEBUG main            d.u.i.k.p.i.AbstractProblemLoader Init config took 3.89s 
1001654    INFO  main            d.u.i.k.p.i.AbstractProblemLoader Replaying proof Counter[LockSpec::lockRef()].JML accessible clause.0 
1001707    DEBUG main            d.u.i.k.p.i.IntermediateProofReplayer Proof replay took 49.44ms 
1001708    DEBUG main            d.u.i.k.p.r.p.TestFile    ... success: reloaded. 
1001709    INFO  main            d.u.i.k.p.r.p.TestFile    Now processing file /home/runner/work/key/key/key.core/../key.ui/examples/heap/permissions/lockspec/Counter_lockRef_contract1.key 
1001709    INFO  main            d.u.i.k.p.i.AbstractProblemLoader Loading environment from /home/runner/work/key/key/key.core/../key.ui/examples/heap/permissions/lockspec/Counter_lockRef_contract1.key 
1001709    DEBUG main            d.u.i.k.p.i.AbstractProblemLoader Environment load took 180.1ns 
1001710    INFO  main            d.u.i.k.p.i.AbstractProblemLoader Creating init config 
1005703    DEBUG main            d.u.i.k.p.i.AbstractProblemLoader Init config took 3.99s 
1005764    INFO  main            d.u.i.k.p.i.AbstractProblemLoader Replaying proof Counter[LockSpec::lockRef()].JML model_behavior operation contract.0 
1005766    DEBUG main            d.u.i.k.p.i.IntermediateProofReplayer Proof replay took 3.2ns 
1005868    INFO  main            d.u.i.k.p.r.p.TestFile    ... finished proof: closed. 
1006735    INFO  main            d.u.i.k.p.i.AbstractProblemLoader Loading environment from /home/runner/work/key/key/key.core/../key.ui/examples/heap/permissions/lockspec/Counter_lockRef_contract1.key.proof 
1006736    DEBUG main            d.u.i.k.p.i.AbstractProblemLoader Environment load took 77.7ns 
1006736    INFO  main            d.u.i.k.p.i.AbstractProblemLoader Creating init config 
1010606    DEBUG main            d.u.i.k.p.i.AbstractProblemLoader Init config took 3.87s 
1010681    INFO  main            d.u.i.k.p.i.AbstractProblemLoader Replaying proof Counter[LockSpec::lockRef()].JML model_behavior operation contract.0 
1010688    DEBUG main            d.u.i.k.p.i.IntermediateProofReplayer Proof replay took 5.07ms 
1010689    DEBUG main            d.u.i.k.p.r.p.TestFile    ... success: reloaded. 
1010690    INFO  main            d.u.i.k.p.r.p.TestFile    Now processing file /home/runner/work/key/key/key.core/../key.ui/examples/heap/permissions/lockspec/Counter_lockRef_contract2.key 
1010690    INFO  main            d.u.i.k.p.i.AbstractProblemLoader Loading environment from /home/runner/work/key/key/key.core/../key.ui/examples/heap/permissions/lockspec/Counter_lockRef_contract2.key 
1010690    DEBUG main            d.u.i.k.p.i.AbstractProblemLoader Environment load took 186.4ns 
1010691    INFO  main            d.u.i.k.p.i.AbstractProblemLoader Creating init config 
1014700    DEBUG main            d.u.i.k.p.i.AbstractProblemLoader Init config took 4.01s 
1014768    INFO  main            d.u.i.k.p.i.AbstractProblemLoader Replaying proof Counter[Counter::lockRef()].JML model_behavior operation contract.0 
1014770    DEBUG main            d.u.i.k.p.i.IntermediateProofReplayer Proof replay took 3.3ns 
1014871    INFO  main            d.u.i.k.p.r.p.TestFile    ... finished proof: closed. 
1015764    INFO  main            d.u.i.k.p.i.AbstractProblemLoader Loading environment from /home/runner/work/key/key/key.core/../key.ui/examples/heap/permissions/lockspec/Counter_lockRef_contract2.key.proof 
1015764    DEBUG main            d.u.i.k.p.i.AbstractProblemLoader Environment load took 75.5ns 
1015765    INFO  main            d.u.i.k.p.i.AbstractProblemLoader Creating init config 
1019635    DEBUG main            d.u.i.k.p.i.AbstractProblemLoader Init config took 3.87s 
1019761    INFO  main            d.u.i.k.p.i.AbstractProblemLoader Replaying proof Counter[Counter::lockRef()].JML model_behavior operation contract.0 
1019781    DEBUG main            d.u.i.k.p.i.IntermediateProofReplayer Proof replay took 5.36ms 
1019781    DEBUG main            d.u.i.k.p.r.p.TestFile    ... success: reloaded. 
1019782    INFO  main            d.u.i.k.p.r.p.TestFile    Now processing file /home/runner/work/key/key/key.core/../key.ui/examples/heap/permissions/lockspec/Counter_lockState_accessible.key 
1019783    INFO  main            d.u.i.k.p.i.AbstractProblemLoader Loading environment from /home/runner/work/key/key/key.core/../key.ui/examples/heap/permissions/lockspec/Counter_lockState_accessible.key 
1019783    DEBUG main            d.u.i.k.p.i.AbstractProblemLoader Environment load took 95ns 
1019785    INFO  main            d.u.i.k.p.i.AbstractProblemLoader Creating init config 
1023943    DEBUG main            d.u.i.k.p.i.AbstractProblemLoader Init config took 4.16s 
1024003    INFO  main            d.u.i.k.p.i.AbstractProblemLoader Replaying proof Counter[LockSpec::lockState(boolean)].JML accessible clause.0 
1024004    DEBUG main            d.u.i.k.p.i.IntermediateProofReplayer Proof replay took 3.2ns 
1024407    INFO  main            d.u.i.k.p.r.p.TestFile    ... finished proof: closed. 
1025317    INFO  main            d.u.i.k.p.i.AbstractProblemLoader Loading environment from /home/runner/work/key/key/key.core/../key.ui/examples/heap/permissions/lockspec/Counter_lockState_accessible.key.proof 
1025317    DEBUG main            d.u.i.k.p.i.AbstractProblemLoader Environment load took 80.8ns 
1025318    INFO  main            d.u.i.k.p.i.AbstractProblemLoader Creating init config 
1029375    DEBUG main            d.u.i.k.p.i.AbstractProblemLoader Init config took 4.06s 
1029444    INFO  main            d.u.i.k.p.i.AbstractProblemLoader Replaying proof Counter[LockSpec::lockState(boolean)].JML accessible clause.0 
1029548    DEBUG main            d.u.i.k.p.i.IntermediateProofReplayer Proof replay took 99.16ms 
1029549    DEBUG main            d.u.i.k.p.r.p.TestFile    ... success: reloaded. 
1029550    INFO  main            d.u.i.k.p.r.p.TestFile    Now processing file /home/runner/work/key/key/key.core/../key.ui/examples/heap/permissions/lockspec/Counter_lockStatus_accessible.key 
1029552    INFO  main            d.u.i.k.p.i.AbstractProblemLoader Loading environment from /home/runner/work/key/key/key.core/../key.ui/examples/heap/permissions/lockspec/Counter_lockStatus_accessible.key 
1029552    DEBUG main            d.u.i.k.p.i.AbstractProblemLoader Environment load took 205.7ns 
1029553    INFO  main            d.u.i.k.p.i.AbstractProblemLoader Creating init config 
1033544    DEBUG main            d.u.i.k.p.i.AbstractProblemLoader Init config took 3.99s 
1033622    INFO  main            d.u.i.k.p.i.AbstractProblemLoader Replaying proof Counter[LockSpec::lockStatus(boolean)].JML accessible clause.0 
1033624    DEBUG main            d.u.i.k.p.i.IntermediateProofReplayer Proof replay took 3.8ns 
1033827    INFO  main            d.u.i.k.p.r.p.TestFile    ... finished proof: closed. 
1034709    INFO  main            d.u.i.k.p.i.AbstractProblemLoader Loading environment from /home/runner/work/key/key/key.core/../key.ui/examples/heap/permissions/lockspec/Counter_lockStatus_accessible.key.proof 
1034709    DEBUG main            d.u.i.k.p.i.AbstractProblemLoader Environment load took 74.6ns 
1034710    INFO  main            d.u.i.k.p.i.AbstractProblemLoader Creating init config 
1038609    DEBUG main            d.u.i.k.p.i.AbstractProblemLoader Init config took 3.9s 
1038683    INFO  main            d.u.i.k.p.i.AbstractProblemLoader Replaying proof Counter[LockSpec::lockStatus(boolean)].JML accessible clause.0 
1038722    DEBUG main            d.u.i.k.p.i.IntermediateProofReplayer Proof replay took 33.8ms 
1038723    DEBUG main            d.u.i.k.p.r.p.TestFile    ... success: reloaded. 
1038724    INFO  main            d.u.i.k.p.r.p.TestFile    Now processing file /home/runner/work/key/key/key.core/../key.ui/examples/heap/permissions/lockspec/Counter_lockTransfer_accessible.key 
1038724    INFO  main            d.u.i.k.p.i.AbstractProblemLoader Loading environment from /home/runner/work/key/key/key.core/../key.ui/examples/heap/permissions/lockspec/Counter_lockTransfer_accessible.key 
1038725    DEBUG main            d.u.i.k.p.i.AbstractProblemLoader Environment load took 191.4ns 
1038726    INFO  main            d.u.i.k.p.i.AbstractProblemLoader Creating init config 
1042850    DEBUG main            d.u.i.k.p.i.AbstractProblemLoader Init config took 4.12s 
1042911    INFO  main            d.u.i.k.p.i.AbstractProblemLoader Replaying proof Counter[LockSpec::lockTransfer()].JML accessible clause.0 
1042913    DEBUG main            d.u.i.k.p.i.IntermediateProofReplayer Proof replay took 2.8ns 
1043315    INFO  main            d.u.i.k.p.r.p.TestFile    ... finished proof: closed. 
1044233    INFO  main            d.u.i.k.p.i.AbstractProblemLoader Loading environment from /home/runner/work/key/key/key.core/../key.ui/examples/heap/permissions/lockspec/Counter_lockTransfer_accessible.key.proof 
1044233    DEBUG main            d.u.i.k.p.i.AbstractProblemLoader Environment load took 79ns 
1044234    INFO  main            d.u.i.k.p.i.AbstractProblemLoader Creating init config 
1048200    DEBUG main            d.u.i.k.p.i.AbstractProblemLoader Init config took 3.97s 
1048268    INFO  main            d.u.i.k.p.i.AbstractProblemLoader Replaying proof Counter[LockSpec::lockTransfer()].JML accessible clause.0 
1048375    DEBUG main            d.u.i.k.p.i.IntermediateProofReplayer Proof replay took 102.93ms 
1048376    DEBUG main            d.u.i.k.p.r.p.TestFile    ... success: reloaded. 
1048377    INFO  main            d.u.i.k.p.r.p.TestFile    Now processing file /home/runner/work/key/key/key.core/../key.ui/examples/heap/permissions/lockspec/Counter_unlockTransfer_accessible.key 
1048378    INFO  main            d.u.i.k.p.i.AbstractProblemLoader Loading environment from /home/runner/work/key/key/key.core/../key.ui/examples/heap/permissions/lockspec/Counter_unlockTransfer_accessible.key 
1048378    DEBUG main            d.u.i.k.p.i.AbstractProblemLoader Environment load took 193.3ns 
1048380    INFO  main            d.u.i.k.p.i.AbstractProblemLoader Creating init config 
1052351    DEBUG main            d.u.i.k.p.i.AbstractProblemLoader Init config took 3.97s 
1052434    INFO  main            d.u.i.k.p.i.AbstractProblemLoader Replaying proof Counter[LockSpec::unlockTransfer()].JML accessible clause.0 
1052436    DEBUG main            d.u.i.k.p.i.IntermediateProofReplayer Proof replay took 3.1ns 
1052839    INFO  main            d.u.i.k.p.r.p.TestFile    ... finished proof: closed. 
1053749    INFO  main            d.u.i.k.p.i.AbstractProblemLoader Loading environment from /home/runner/work/key/key/key.core/../key.ui/examples/heap/permissions/lockspec/Counter_unlockTransfer_accessible.key.proof 
1053749    DEBUG main            d.u.i.k.p.i.AbstractProblemLoader Environment load took 162.9ns 
1053750    INFO  main            d.u.i.k.p.i.AbstractProblemLoader Creating init config 
1057645    DEBUG main            d.u.i.k.p.i.AbstractProblemLoader Init config took 3.89s 
1057713    INFO  main            d.u.i.k.p.i.AbstractProblemLoader Replaying proof Counter[LockSpec::unlockTransfer()].JML accessible clause.0 
1057828    DEBUG main            d.u.i.k.p.i.IntermediateProofReplayer Proof replay took 109.02ms 
1057831    DEBUG main            d.u.i.k.p.r.p.TestFile    ... success: reloaded. 
1057832    INFO  main            d.u.i.k.p.r.p.TestFile    Now processing file /home/runner/work/key/key/key.core/../key.ui/examples/heap/permissions/threads/Plotter_startTransfer_contract.proof 
1057832    INFO  main            d.u.i.k.p.i.AbstractProblemLoader Loading environment from /home/runner/work/key/key/key.core/../key.ui/examples/heap/permissions/threads/Plotter_startTransfer_contract.proof 
1057832    DEBUG main            d.u.i.k.p.i.AbstractProblemLoader Environment load took 185.8ns 
1057833    INFO  main            d.u.i.k.p.i.AbstractProblemLoader Creating init config 
1063803    DEBUG main            d.u.i.k.p.i.AbstractProblemLoader Init config took 5.97s 
1063923    INFO  main            d.u.i.k.p.i.AbstractProblemLoader Replaying proof Plotter[ThreadSpec2::startTransfer()].JML model_behavior operation contract.0 
1064050    DEBUG main            d.u.i.k.p.i.IntermediateProofReplayer Proof replay took 117.64ms 
1064051    INFO  main            d.u.i.k.p.r.p.TestFile    ... success: loaded 
1064052    INFO  main            d.u.i.k.p.r.p.TestFile    Now processing file /home/runner/work/key/key/key.core/../key.ui/examples/heap/permissions/threads/Plotter_startTransfer_accessible.proof 
1064052    INFO  main            d.u.i.k.p.i.AbstractProblemLoader Loading environment from /home/runner/work/key/key/key.core/../key.ui/examples/heap/permissions/threads/Plotter_startTransfer_accessible.proof 
1064053    DEBUG main            d.u.i.k.p.i.AbstractProblemLoader Environment load took 176.8ns 
1064054    INFO  main            d.u.i.k.p.i.AbstractProblemLoader Creating init config 
1070004    DEBUG main            d.u.i.k.p.i.AbstractProblemLoader Init config took 5.95s 
1070099    INFO  main            d.u.i.k.p.i.AbstractProblemLoader Replaying proof Plotter[ThreadSpec2::startTransfer()].JML accessible clause.0 
1070224    DEBUG main            d.u.i.k.p.i.IntermediateProofReplayer Proof replay took 120.17ms 
1070225    INFO  main            d.u.i.k.p.r.p.TestFile    ... success: loaded 
1070226    INFO  main            d.u.i.k.p.r.p.TestFile    Now processing file /home/runner/work/key/key/key.core/../key.ui/examples/heap/permissions/threads/Plotter_joinTransfer_accessible.proof 
1070226    INFO  main            d.u.i.k.p.i.AbstractProblemLoader Loading environment from /home/runner/work/key/key/key.core/../key.ui/examples/heap/permissions/threads/Plotter_joinTransfer_accessible.proof 
1070226    DEBUG main            d.u.i.k.p.i.AbstractProblemLoader Environment load took 95.8ns 
1070227    INFO  main            d.u.i.k.p.i.AbstractProblemLoader Creating init config 
1076324    DEBUG main            d.u.i.k.p.i.AbstractProblemLoader Init config took 6.1s 
1076425    INFO  main            d.u.i.k.p.i.AbstractProblemLoader Replaying proof Plotter[ThreadSpec2::joinTransfer()].JML accessible clause.0 
1076442    WARN  main            d.u.i.k.p.i.IntermediateProofReplayer Proof contains wrong number of \assumes instatiations for Definition_axiom_for_stateInv_in_Plotter 
1076456    WARN  main            d.u.i.k.p.i.IntermediateProofReplayer Proof contains wrong number of \assumes instatiations for Definition_axiom_for_stateInv_in_Plotter 
1076466    WARN  main            d.u.i.k.p.i.IntermediateProofReplayer Proof contains wrong number of \assumes instatiations for Definition_axiom_for_workingPermissions_in_Plotter 
1076467    WARN  main            d.u.i.k.p.i.IntermediateProofReplayer Proof contains wrong number of \assumes instatiations for Definition_axiom_for_staticPermissions_in_Plotter 
1076468    WARN  main            d.u.i.k.p.i.IntermediateProofReplayer Proof contains wrong number of \assumes instatiations for Definition_axiom_for_joinTransfer_in_Plotter 
1076470    WARN  main            d.u.i.k.p.i.IntermediateProofReplayer Proof contains wrong number of \assumes instatiations for Definition_axiom_for_stateInv_in_BFilter 
1076475    WARN  main            d.u.i.k.p.i.IntermediateProofReplayer Proof contains wrong number of \assumes instatiations for Definition_axiom_for_stateInv_in_AFilter 
1076478    WARN  main            d.u.i.k.p.i.IntermediateProofReplayer Proof contains wrong number of \assumes instatiations for Definition_axiom_for_stateInv_in_BFilter 
1076487    WARN  main            d.u.i.k.p.i.IntermediateProofReplayer Proof contains wrong number of \assumes instatiations for Definition_axiom_for_stateInv_in_AFilter 
1076489    WARN  main            d.u.i.k.p.i.IntermediateProofReplayer Proof contains wrong number of \assumes instatiations for Definition_axiom_for_staticPermissions_in_AFilter 
1076495    WARN  main            d.u.i.k.p.i.IntermediateProofReplayer Proof contains wrong number of \assumes instatiations for Definition_axiom_for_staticPermissions_in_Plotter 
1076496    WARN  main            d.u.i.k.p.i.IntermediateProofReplayer Proof contains wrong number of \assumes instatiations for Definition_axiom_for_staticPermissions_in_BFilter 
1076497    WARN  main            d.u.i.k.p.i.IntermediateProofReplayer Proof contains wrong number of \assumes instatiations for Definition_axiom_for_workingPermissions_in_Plotter 
1076498    WARN  main            d.u.i.k.p.i.IntermediateProofReplayer Proof contains wrong number of \assumes instatiations for Definition_axiom_for_stateInv_in_Sampler 
1076511    WARN  main            d.u.i.k.p.i.IntermediateProofReplayer Proof contains wrong number of \assumes instatiations for Definition_axiom_for_stateInv_in_Sampler 
1076513    WARN  main            d.u.i.k.p.i.IntermediateProofReplayer Proof contains wrong number of \assumes instatiations for Definition_axiom_for_staticPermissions_in_Sampler 
1076514    WARN  main            d.u.i.k.p.i.IntermediateProofReplayer Proof contains wrong number of \assumes instatiations for Definition_axiom_for_staticPermissions_in_BFilter 
1076515    WARN  main            d.u.i.k.p.i.IntermediateProofReplayer Proof contains wrong number of \assumes instatiations for Definition_axiom_for_staticPermissions_in_AFilter 
1076516    WARN  main            d.u.i.k.p.i.IntermediateProofReplayer Proof contains wrong number of \assumes instatiations for Definition_axiom_for_staticPermissions_in_Sampler 
1076517    WARN  main            d.u.i.k.p.i.IntermediateProofReplayer Proof contains wrong number of \assumes instatiations for Definition_axiom_for_staticPermissions_in_Sampler 
1076518    WARN  main            d.u.i.k.p.i.IntermediateProofReplayer Proof contains wrong number of \assumes instatiations for Definition_axiom_for_staticPermissions_in_Sampler 
1076518    WARN  main            d.u.i.k.p.i.IntermediateProofReplayer Proof contains wrong number of \assumes instatiations for Definition_axiom_for_joinTransfer_in_Plotter 
1076663    DEBUG main            d.u.i.k.p.i.IntermediateProofReplayer Proof replay took 225.95ms 
1076664    INFO  main            d.u.i.k.p.r.p.TestFile    ... success: loaded 
6611986    INFO  Test worker     d.u.i.k.p.r.RunAllProofsTestUnit Returning from test permissionHeap 
6611989    INFO  Test worker     d.u.i.k.p.r.RunAllProofsTestUnit Running test completionScopes 
500        INFO  Timeout watchdog d.u.i.k.p.r.p.ForkedTestFileRunner Timeout watcher launched (2000 secs.) 
534        WARN  main            d.u.i.k.s.ProofSettings   The settings in /home/runner/.key/proof-settings.props are *not* read. 
589        INFO  main            d.u.i.k.p.r.p.TestFile    Now processing file /home/runner/work/key/key/key.core/../key.ui/examples/completionscopes/testCcatchReturnVal.key 
773        INFO  main            d.u.i.k.p.i.AbstractProblemLoader Loading environment from /home/runner/work/key/key/key.core/../key.ui/examples/completionscopes/testCcatchReturnVal.key 
804        DEBUG main            d.u.i.k.p.i.AbstractProblemLoader Environment load took 2.49ms 
1123       INFO  main            d.u.i.k.p.i.AbstractProblemLoader Creating init config 
2351       DEBUG main            d.u.i.k.j.TypeConverter   No LDT found for Meta 
2352       DEBUG main            d.u.i.k.j.TypeConverter   No LDT found for Meta 
2356       DEBUG main            d.u.i.k.j.TypeConverter   No LDT found for Meta 
2356       DEBUG main            d.u.i.k.j.TypeConverter   No LDT found for Meta 
4112       DEBUG main            d.u.i.k.j.TypeConverter   No LDT found for JavaBigintExpression 
10238      DEBUG main            d.u.i.k.p.i.AbstractProblemLoader Init config took 9.11s 
10440      INFO  main            d.u.i.k.p.i.AbstractProblemLoader Replaying proof CompletionScopes[CompletionScopes::testCcatchReturnVal()].JML normal_behavior operation contract.0 
10496      DEBUG main            d.u.i.k.p.i.IntermediateProofReplayer Proof replay took 43.2ns 
11164      INFO  main            d.u.i.k.p.r.p.TestFile    ... finished proof: closed. 
11312      INFO  main            d.u.i.k.p.i.AbstractProblemLoader Loading environment from /home/runner/work/key/key/key.core/../key.ui/examples/completionscopes/testCcatchReturnVal.key.proof 
11314      DEBUG main            d.u.i.k.p.i.AbstractProblemLoader Environment load took 2.12ms 
11317      INFO  main            d.u.i.k.p.i.AbstractProblemLoader Creating init config 
15126      DEBUG main            d.u.i.k.p.i.AbstractProblemLoader Init config took 3.81s 
15265      INFO  main            d.u.i.k.p.i.AbstractProblemLoader Replaying proof CompletionScopes[CompletionScopes::testCcatchReturnVal()].JML normal_behavior operation contract.0 
15360      DEBUG main            d.u.i.k.p.i.IntermediateProofReplayer Proof replay took 84.48ms 
15379      DEBUG main            d.u.i.k.p.r.p.TestFile    ... success: reloaded. 
15381      INFO  main            d.u.i.k.p.r.p.TestFile    Now processing file /home/runner/work/key/key/key.core/../key.ui/examples/completionscopes/testMultCcatchClauses.key 
15381      INFO  main            d.u.i.k.p.i.AbstractProblemLoader Loading environment from /home/runner/work/key/key/key.core/../key.ui/examples/completionscopes/testMultCcatchClauses.key 
15382      DEBUG main            d.u.i.k.p.i.AbstractProblemLoader Environment load took 165.9ns 
15384      INFO  main            d.u.i.k.p.i.AbstractProblemLoader Creating init config 
19078      DEBUG main            d.u.i.k.p.i.AbstractProblemLoader Init config took 3.69s 
19150      INFO  main            d.u.i.k.p.i.AbstractProblemLoader Replaying proof CompletionScopes[CompletionScopes::testMultCcatchClauses()].JML normal_behavior operation contract.0 
19154      DEBUG main            d.u.i.k.p.i.IntermediateProofReplayer Proof replay took 6.7ns 
19659      INFO  main            d.u.i.k.p.r.p.TestFile    ... finished proof: closed. 
19835      INFO  main            d.u.i.k.p.i.AbstractProblemLoader Loading environment from /home/runner/work/key/key/key.core/../key.ui/examples/completionscopes/testMultCcatchClauses.key.proof 
19836      DEBUG main            d.u.i.k.p.i.AbstractProblemLoader Environment load took 884.31ns 
19841      INFO  main            d.u.i.k.p.i.AbstractProblemLoader Creating init config 
23316      DEBUG main            d.u.i.k.p.i.AbstractProblemLoader Init config took 3.47s 
23382      INFO  main            d.u.i.k.p.i.AbstractProblemLoader Replaying proof CompletionScopes[CompletionScopes::testMultCcatchClauses()].JML normal_behavior operation contract.0 
23547      DEBUG main            d.u.i.k.p.i.IntermediateProofReplayer Proof replay took 157.99ms 
23549      DEBUG main            d.u.i.k.p.r.p.TestFile    ... success: reloaded. 
23550      INFO  main            d.u.i.k.p.r.p.TestFile    Now processing file /home/runner/work/key/key/key.core/../key.ui/examples/completionscopes/testNestedExec.key 
23551      INFO  main            d.u.i.k.p.i.AbstractProblemLoader Loading environment from /home/runner/work/key/key/key.core/../key.ui/examples/completionscopes/testNestedExec.key 
23551      DEBUG main            d.u.i.k.p.i.AbstractProblemLoader Environment load took 231.2ns 
23552      INFO  main            d.u.i.k.p.i.AbstractProblemLoader Creating init config 
27026      DEBUG main            d.u.i.k.p.i.AbstractProblemLoader Init config took 3.47s 
27103      INFO  main            d.u.i.k.p.i.AbstractProblemLoader Replaying proof CompletionScopes[CompletionScopes::testMultCcatchClauses()].JML normal_behavior operation contract.0 
27107      DEBUG main            d.u.i.k.p.i.IntermediateProofReplayer Proof replay took 7.9ns 
27511      INFO  main            d.u.i.k.p.r.p.TestFile    ... finished proof: closed. 
27708      INFO  main            d.u.i.k.p.i.AbstractProblemLoader Loading environment from /home/runner/work/key/key/key.core/../key.ui/examples/completionscopes/testNestedExec.key.proof 
27709      DEBUG main            d.u.i.k.p.i.AbstractProblemLoader Environment load took 607.21ns 
27711      INFO  main            d.u.i.k.p.i.AbstractProblemLoader Creating init config 
31051      DEBUG main            d.u.i.k.p.i.AbstractProblemLoader Init config took 3.34s 
31112      INFO  main            d.u.i.k.p.i.AbstractProblemLoader Replaying proof CompletionScopes[CompletionScopes::testMultCcatchClauses()].JML normal_behavior operation contract.0 
31221      DEBUG main            d.u.i.k.p.i.IntermediateProofReplayer Proof replay took 103.57ms 
31223      DEBUG main            d.u.i.k.p.r.p.TestFile    ... success: reloaded. 
31224      INFO  main            d.u.i.k.p.r.p.TestFile    Now processing file /home/runner/work/key/key/key.core/../key.ui/examples/completionscopes/testCcatchBreakLabel.key 
31225      INFO  main            d.u.i.k.p.i.AbstractProblemLoader Loading environment from /home/runner/work/key/key/key.core/../key.ui/examples/completionscopes/testCcatchBreakLabel.key 
31225      DEBUG main            d.u.i.k.p.i.AbstractProblemLoader Environment load took 225.1ns 
31227      INFO  main            d.u.i.k.p.i.AbstractProblemLoader Creating init config 
34591      DEBUG main            d.u.i.k.p.i.AbstractProblemLoader Init config took 3.36s 
34652      INFO  main            d.u.i.k.p.i.AbstractProblemLoader Replaying proof CompletionScopes[CompletionScopes::testBreakLabel()].JML normal_behavior operation contract.0 
34655      DEBUG main            d.u.i.k.p.i.IntermediateProofReplayer Proof replay took 7.4ns 
34676      DEBUG Thread-10       d.u.i.k.l.o.ProgramSV     Match failed: Former match of  SchemaVariable incompatible with  the current match. 
34757      INFO  main            d.u.i.k.p.r.p.TestFile    ... finished proof: closed. 
34978      INFO  main            d.u.i.k.p.i.AbstractProblemLoader Loading environment from /home/runner/work/key/key/key.core/../key.ui/examples/completionscopes/testCcatchBreakLabel.key.proof 
34978      DEBUG main            d.u.i.k.p.i.AbstractProblemLoader Environment load took 145.3ns 
34979      INFO  main            d.u.i.k.p.i.AbstractProblemLoader Creating init config 
38271      DEBUG main            d.u.i.k.p.i.AbstractProblemLoader Init config took 3.29s 
38343      INFO  main            d.u.i.k.p.i.AbstractProblemLoader Replaying proof CompletionScopes[CompletionScopes::testBreakLabel()].JML normal_behavior operation contract.0 
38360      DEBUG main            d.u.i.k.p.i.IntermediateProofReplayer Proof replay took 12.13ms 
38362      DEBUG main            d.u.i.k.p.r.p.TestFile    ... success: reloaded. 
38364      INFO  main            d.u.i.k.p.r.p.TestFile    Now processing file /home/runner/work/key/key/key.core/../key.ui/examples/completionscopes/testCcatchContinueLabel.key 
38364      INFO  main            d.u.i.k.p.i.AbstractProblemLoader Loading environment from /home/runner/work/key/key/key.core/../key.ui/examples/completionscopes/testCcatchContinueLabel.key 
38364      DEBUG main            d.u.i.k.p.i.AbstractProblemLoader Environment load took 218.1ns 
38366      INFO  main            d.u.i.k.p.i.AbstractProblemLoader Creating init config 
41821      DEBUG main            d.u.i.k.p.i.AbstractProblemLoader Init config took 3.46s 
41876      INFO  main            d.u.i.k.p.i.AbstractProblemLoader Replaying proof CompletionScopes[CompletionScopes::testContinueLabel()].JML normal_behavior operation contract.0 
41878      DEBUG main            d.u.i.k.p.i.IntermediateProofReplayer Proof replay took 18.8ns 
41918      DEBUG Thread-13       d.u.i.k.l.o.ProgramSV     Match failed: Former match of  SchemaVariable incompatible with  the current match. 
41988      INFO  main            d.u.i.k.p.r.p.TestFile    ... finished proof: closed. 
42277      INFO  main            d.u.i.k.p.i.AbstractProblemLoader Loading environment from /home/runner/work/key/key/key.core/../key.ui/examples/completionscopes/testCcatchContinueLabel.key.proof 
42277      DEBUG main            d.u.i.k.p.i.AbstractProblemLoader Environment load took 166.4ns 
42278      INFO  main            d.u.i.k.p.i.AbstractProblemLoader Creating init config 
45667      DEBUG main            d.u.i.k.p.i.AbstractProblemLoader Init config took 3.39s 
45729      INFO  main            d.u.i.k.p.i.AbstractProblemLoader Replaying proof CompletionScopes[CompletionScopes::testContinueLabel()].JML normal_behavior operation contract.0 
45743      DEBUG main            d.u.i.k.p.i.IntermediateProofReplayer Proof replay took 10.91ms 
45744      DEBUG main            d.u.i.k.p.r.p.TestFile    ... success: reloaded. 
45745      INFO  main            d.u.i.k.p.r.p.TestFile    Now processing file /home/runner/work/key/key/key.core/../key.ui/examples/completionscopes/testCcatchBreakLabelWildcard.key 
45746      INFO  main            d.u.i.k.p.i.AbstractProblemLoader Loading environment from /home/runner/work/key/key/key.core/../key.ui/examples/completionscopes/testCcatchBreakLabelWildcard.key 
45746      DEBUG main            d.u.i.k.p.i.AbstractProblemLoader Environment load took 219.6ns 
45747      INFO  main            d.u.i.k.p.i.AbstractProblemLoader Creating init config 
49057      DEBUG main            d.u.i.k.p.i.AbstractProblemLoader Init config took 3.31s 
49110      INFO  main            d.u.i.k.p.i.AbstractProblemLoader Replaying proof CompletionScopes[CompletionScopes::testBreakLabelWildcard()].JML normal_behavior operation contract.0 
49112      DEBUG main            d.u.i.k.p.i.IntermediateProofReplayer Proof replay took 8.5ns 
49136      DEBUG Thread-16       d.u.i.k.l.o.ProgramSV     Match failed: Former match of  SchemaVariable incompatible with  the current match. 
49137      DEBUG Thread-16       d.u.i.k.l.o.ProgramSV     Match failed: Former match of  SchemaVariable incompatible with  the current match. 
49218      INFO  main            d.u.i.k.p.r.p.TestFile    ... finished proof: closed. 
49429      INFO  main            d.u.i.k.p.i.AbstractProblemLoader Loading environment from /home/runner/work/key/key/key.core/../key.ui/examples/completionscopes/testCcatchBreakLabelWildcard.key.proof 
49430      DEBUG main            d.u.i.k.p.i.AbstractProblemLoader Environment load took 143ns 
49431      INFO  main            d.u.i.k.p.i.AbstractProblemLoader Creating init config 
52763      DEBUG main            d.u.i.k.p.i.AbstractProblemLoader Init config took 3.33s 
52816      INFO  main            d.u.i.k.p.i.AbstractProblemLoader Replaying proof CompletionScopes[CompletionScopes::testBreakLabelWildcard()].JML normal_behavior operation contract.0 
52829      DEBUG main            d.u.i.k.p.i.IntermediateProofReplayer Proof replay took 10.66ms 
52830      DEBUG main            d.u.i.k.p.r.p.TestFile    ... success: reloaded. 
52832      INFO  main            d.u.i.k.p.r.p.TestFile    Now processing file /home/runner/work/key/key/key.core/../key.ui/examples/completionscopes/testCcatchContinueLabelWildcard.key 
52832      INFO  main            d.u.i.k.p.i.AbstractProblemLoader Loading environment from /home/runner/work/key/key/key.core/../key.ui/examples/completionscopes/testCcatchContinueLabelWildcard.key 
52832      DEBUG main            d.u.i.k.p.i.AbstractProblemLoader Environment load took 132.1ns 
52834      INFO  main            d.u.i.k.p.i.AbstractProblemLoader Creating init config 
56280      DEBUG main            d.u.i.k.p.i.AbstractProblemLoader Init config took 3.45s 
56329      INFO  main            d.u.i.k.p.i.AbstractProblemLoader Replaying proof CompletionScopes[CompletionScopes::testContinueLabelWildcard()].JML normal_behavior operation contract.0 
56331      DEBUG main            d.u.i.k.p.i.IntermediateProofReplayer Proof replay took 8.4ns 
56353      DEBUG Thread-19       d.u.i.k.l.o.ProgramSV     Match failed: Former match of  SchemaVariable incompatible with  the current match. 
56354      DEBUG Thread-19       d.u.i.k.l.o.ProgramSV     Match failed: Former match of  SchemaVariable incompatible with  the current match. 
56434      INFO  main            d.u.i.k.p.r.p.TestFile    ... finished proof: closed. 
56661      INFO  main            d.u.i.k.p.i.AbstractProblemLoader Loading environment from /home/runner/work/key/key/key.core/../key.ui/examples/completionscopes/testCcatchContinueLabelWildcard.key.proof 
56662      DEBUG main            d.u.i.k.p.i.AbstractProblemLoader Environment load took 141.7ns 
56663      INFO  main            d.u.i.k.p.i.AbstractProblemLoader Creating init config 
60042      DEBUG main            d.u.i.k.p.i.AbstractProblemLoader Init config took 3.38s 
60092      INFO  main            d.u.i.k.p.i.AbstractProblemLoader Replaying proof CompletionScopes[CompletionScopes::testContinueLabelWildcard()].JML normal_behavior operation contract.0 
60106      DEBUG main            d.u.i.k.p.i.IntermediateProofReplayer Proof replay took 11.74ms 
60108      DEBUG main            d.u.i.k.p.r.p.TestFile    ... success: reloaded. 
60109      INFO  main            d.u.i.k.p.r.p.TestFile    Now processing file /home/runner/work/key/key/key.core/../key.ui/examples/completionscopes/testCcatchBreakLabelNonmatchingNested.key 
60110      INFO  main            d.u.i.k.p.i.AbstractProblemLoader Loading environment from /home/runner/work/key/key/key.core/../key.ui/examples/completionscopes/testCcatchBreakLabelNonmatchingNested.key 
60110      DEBUG main            d.u.i.k.p.i.AbstractProblemLoader Environment load took 227.4ns 
60111      INFO  main            d.u.i.k.p.i.AbstractProblemLoader Creating init config 
63449      DEBUG main            d.u.i.k.p.i.AbstractProblemLoader Init config took 3.34s 
63499      INFO  main            d.u.i.k.p.i.AbstractProblemLoader Replaying proof CompletionScopes[CompletionScopes::testBreakLabelNonmatchingNested()].JML normal_behavior operation contract.0 
63501      DEBUG main            d.u.i.k.p.i.IntermediateProofReplayer Proof replay took 7.3ns 
63521      DEBUG Thread-22       d.u.i.k.l.o.ProgramSV     Match failed: Former match of  SchemaVariable incompatible with  the current match. 
63523      DEBUG Thread-22       d.u.i.k.l.o.ProgramSV     Match failed: Former match of  SchemaVariable incompatible with  the current match. 
63604      INFO  main            d.u.i.k.p.r.p.TestFile    ... finished proof: closed. 
63821      INFO  main            d.u.i.k.p.i.AbstractProblemLoader Loading environment from /home/runner/work/key/key/key.core/../key.ui/examples/completionscopes/testCcatchBreakLabelNonmatchingNested.key.proof 
63821      DEBUG main            d.u.i.k.p.i.AbstractProblemLoader Environment load took 159.4ns 
63822      INFO  main            d.u.i.k.p.i.AbstractProblemLoader Creating init config 
67058      DEBUG main            d.u.i.k.p.i.AbstractProblemLoader Init config took 3.24s 
67117      INFO  main            d.u.i.k.p.i.AbstractProblemLoader Replaying proof CompletionScopes[CompletionScopes::testBreakLabelNonmatchingNested()].JML normal_behavior operation contract.0 
67132      DEBUG main            d.u.i.k.p.i.IntermediateProofReplayer Proof replay took 12.23ms 
67133      DEBUG main            d.u.i.k.p.r.p.TestFile    ... success: reloaded. 
6679396    INFO  Test worker     d.u.i.k.p.r.RunAllProofsTestUnit Returning from test completionScopes 
6679397    INFO  Test worker     d.u.i.k.p.r.RunAllProofsTestUnit Running test reload_examples 
434        INFO  Timeout watchdog d.u.i.k.p.r.p.ForkedTestFileRunner Timeout watcher launched (2000 secs.) 
440        WARN  main            d.u.i.k.s.ProofSettings   The settings in /home/runner/.key/proof-settings.props are *not* read. 
474        INFO  main            d.u.i.k.p.r.p.TestFile    Now processing file /home/runner/work/key/key/key.core/../key.ui/examples/firstTouch/05-ReverseArray/reverseArray.key 
626        INFO  main            d.u.i.k.p.i.AbstractProblemLoader Loading environment from /home/runner/work/key/key/key.core/../key.ui/examples/firstTouch/05-ReverseArray/reverseArray.key 
656        DEBUG main            d.u.i.k.p.i.AbstractProblemLoader Environment load took 3.45ms 
964        INFO  main            d.u.i.k.p.i.AbstractProblemLoader Creating init config 
2183       DEBUG main            d.u.i.k.j.TypeConverter   No LDT found for Meta 
2183       DEBUG main            d.u.i.k.j.TypeConverter   No LDT found for Meta 
2185       DEBUG main            d.u.i.k.j.TypeConverter   No LDT found for Meta 
2185       DEBUG main            d.u.i.k.j.TypeConverter   No LDT found for Meta 
4122       DEBUG main            d.u.i.k.j.TypeConverter   No LDT found for JavaBigintExpression 
10872      DEBUG main            d.u.i.k.p.i.AbstractProblemLoader Init config took 9.91s 
11107      INFO  main            d.u.i.k.p.i.AbstractProblemLoader Replaying proof ReverseArray[ReverseArray::reverse()].JML normal_behavior operation contract.0 
11189      DEBUG main            d.u.i.k.p.i.IntermediateProofReplayer Proof replay took 50.5ns 
24680      INFO  main            d.u.i.k.p.r.p.TestFile    ... finished proof: closed. 
25059      INFO  main            d.u.i.k.p.i.AbstractProblemLoader Loading environment from /home/runner/work/key/key/key.core/../key.ui/examples/firstTouch/05-ReverseArray/reverseArray.key.proof 
25059      DEBUG main            d.u.i.k.p.i.AbstractProblemLoader Environment load took 488.01ns 
25069      INFO  main            d.u.i.k.p.i.AbstractProblemLoader Creating init config 
28792      DEBUG main            d.u.i.k.p.i.AbstractProblemLoader Init config took 3.72s 
28921      INFO  main            d.u.i.k.p.i.AbstractProblemLoader Replaying proof ReverseArray[ReverseArray::reverse()].JML normal_behavior operation contract.0 
30749      DEBUG main            d.u.i.k.p.i.IntermediateProofReplayer Proof replay took 1.73s 
30766      DEBUG main            d.u.i.k.p.r.p.TestFile    ... success: reloaded. 
30768      INFO  main            d.u.i.k.p.r.p.TestFile    Now processing file /home/runner/work/key/key/key.core/../key.ui/examples/standard_key/arith/saveProofTest.key.proof 
30768      INFO  main            d.u.i.k.p.i.AbstractProblemLoader Loading environment from /home/runner/work/key/key/key.core/../key.ui/examples/standard_key/arith/saveProofTest.key.proof 
30769      DEBUG main            d.u.i.k.p.i.AbstractProblemLoader Environment load took 249.5ns 
30771      INFO  main            d.u.i.k.p.i.AbstractProblemLoader Creating init config 
34305      DEBUG main            d.u.i.k.p.i.AbstractProblemLoader Init config took 3.53s 
34339      INFO  main            d.u.i.k.p.i.AbstractProblemLoader Replaying proof saveProofTest.key.proof 
34347      DEBUG main            d.u.i.k.p.i.IntermediateProofReplayer Proof replay took 4.16ms 
34348      INFO  main            d.u.i.k.p.r.p.TestFile    ... success: loaded 
34350      INFO  main            d.u.i.k.p.r.p.TestFile    Now processing file /home/runner/work/key/key/key.core/../key.ui/examples/heap/permutedSum/perm.proof 
34350      INFO  main            d.u.i.k.p.i.AbstractProblemLoader Loading environment from /home/runner/work/key/key/key.core/../key.ui/examples/heap/permutedSum/perm.proof 
34350      DEBUG main            d.u.i.k.p.i.AbstractProblemLoader Environment load took 308.2ns 
34354      INFO  main            d.u.i.k.p.i.AbstractProblemLoader Creating init config 
37969      DEBUG main            d.u.i.k.p.i.AbstractProblemLoader Init config took 3.62s 
38064      INFO  main            d.u.i.k.p.i.AbstractProblemLoader Replaying proof Perm[Perm::foo()].JML normal_behavior operation contract.0 
39676      DEBUG main            d.u.i.k.p.i.IntermediateProofReplayer Proof replay took 1.53s 
39679      INFO  main            d.u.i.k.p.r.p.TestFile    ... success: loaded 
39682      INFO  main            d.u.i.k.p.r.p.TestFile    Now processing file /home/runner/work/key/key/key.core/../key.ui/examples/firstTouch/05-ReverseArray/reverseArray.proof 
39682      INFO  main            d.u.i.k.p.i.AbstractProblemLoader Loading environment from /home/runner/work/key/key/key.core/../key.ui/examples/firstTouch/05-ReverseArray/reverseArray.proof 
39682      DEBUG main            d.u.i.k.p.i.AbstractProblemLoader Environment load took 269.6ns 
39685      INFO  main            d.u.i.k.p.i.AbstractProblemLoader Creating init config 
43208      DEBUG main            d.u.i.k.p.i.AbstractProblemLoader Init config took 3.52s 
43268      INFO  main            d.u.i.k.p.i.AbstractProblemLoader Replaying proof ReverseArray[ReverseArray::reverse()].JML normal_behavior operation contract.0 
44836      DEBUG main            d.u.i.k.p.i.IntermediateProofReplayer Proof replay took 1.51s 
44840      INFO  main            d.u.i.k.p.r.p.TestFile    ... success: loaded 
44845      INFO  main            d.u.i.k.p.r.p.TestFile    Now processing file /home/runner/work/key/key/key.core/../key.ui/examples/heap/verifyThis15_1_RelaxedPrefix/relax.proof 
44846      INFO  main            d.u.i.k.p.i.AbstractProblemLoader Loading environment from /home/runner/work/key/key/key.core/../key.ui/examples/heap/verifyThis15_1_RelaxedPrefix/relax.proof 
44846      DEBUG main            d.u.i.k.p.i.AbstractProblemLoader Environment load took 227ns 
44848      INFO  main            d.u.i.k.p.i.AbstractProblemLoader Creating init config 
48329      DEBUG main            d.u.i.k.p.i.AbstractProblemLoader Init config took 3.48s 
48391      INFO  main            d.u.i.k.p.i.AbstractProblemLoader Replaying proof Relaxed[Relaxed::isRelaxedPrefix([I,[I)].JML operation contract.0 
49075      DEBUG main            d.u.i.k.p.i.IntermediateProofReplayer Proof replay took 660.63ms 
49076      INFO  main            d.u.i.k.p.r.p.TestFile    ... success: loaded 
49078      INFO  main            d.u.i.k.p.r.p.TestFile    Now processing file /home/runner/work/key/key/key.core/../key.ui/examples/heap/verifyThis15_3_DLL/doUndo.proof 
49079      INFO  main            d.u.i.k.p.i.AbstractProblemLoader Loading environment from /home/runner/work/key/key/key.core/../key.ui/examples/heap/verifyThis15_3_DLL/doUndo.proof 
49079      DEBUG main            d.u.i.k.p.i.AbstractProblemLoader Environment load took 226.2ns 
49081      INFO  main            d.u.i.k.p.i.AbstractProblemLoader Creating init config 
50374      DEBUG main            d.u.i.k.j.r.ClassPreparationMethodBuilder clPrepBuilder: Inner Class detected. Reject building class initialisation methods. 
52895      DEBUG main            d.u.i.k.p.i.AbstractProblemLoader Init config took 3.81s 
52990      INFO  main            d.u.i.k.p.i.AbstractProblemLoader Replaying proof DoubleLinkedList[DoubleLinkedList::doUndo(DoubleLinkedList.Node,int)].JML normal_behavior operation contract.0 
54047      DEBUG main            d.u.i.k.p.i.IntermediateProofReplayer Proof replay took 1.02s 
54049      INFO  main            d.u.i.k.p.r.p.TestFile    ... success: loaded 
54051      INFO  main            d.u.i.k.p.r.p.TestFile    Now processing file /home/runner/work/key/key/key.core/../key.ui/examples/heap/verifyThis15_2_ParallelGcd/parallelGcd.proof 
54051      INFO  main            d.u.i.k.p.i.AbstractProblemLoader Loading environment from /home/runner/work/key/key/key.core/../key.ui/examples/heap/verifyThis15_2_ParallelGcd/parallelGcd.proof 
54051      DEBUG main            d.u.i.k.p.i.AbstractProblemLoader Environment load took 220.8ns 
54053      INFO  main            d.u.i.k.p.i.AbstractProblemLoader Creating init config 
57703      DEBUG main            d.u.i.k.p.i.AbstractProblemLoader Init config took 3.65s 
57762      INFO  main            d.u.i.k.p.i.AbstractProblemLoader Replaying proof ParallelGcd[ParallelGcd::parallelGcd(int,int,[Z)].JML behavior operation contract.0 
58557      DEBUG main            d.u.i.k.p.i.IntermediateProofReplayer Proof replay took 771.27ms 
58559      INFO  main            d.u.i.k.p.r.p.TestFile    ... success: loaded 
6738165    INFO  Test worker     d.u.i.k.p.r.RunAllProofsTestUnit Returning from test reload_examples 
6738166    INFO  Test worker     d.u.i.k.p.r.RunAllProofsTestUnit Running test proofLoadRepair 
459        INFO  Timeout watchdog d.u.i.k.p.r.p.ForkedTestFileRunner Timeout watcher launched (2000 secs.) 
481        WARN  main            d.u.i.k.s.ProofSettings   The settings in /home/runner/.key/proof-settings.props are *not* read. 
544        INFO  main            d.u.i.k.p.r.p.TestFile    Now processing file /home/runner/work/key/key/key.core/../key.ui/examples/proofLoadRepair/disjConj-manipulated.proof 
694        INFO  main            d.u.i.k.p.i.AbstractProblemLoader Loading environment from /home/runner/work/key/key/key.core/../key.ui/examples/proofLoadRepair/disjConj-manipulated.proof 
714        DEBUG main            d.u.i.k.p.i.AbstractProblemLoader Environment load took 2.13ms 
1012       INFO  main            d.u.i.k.p.i.AbstractProblemLoader Creating init config 
2458       DEBUG main            d.u.i.k.j.TypeConverter   No LDT found for Meta 
2459       DEBUG main            d.u.i.k.j.TypeConverter   No LDT found for Meta 
2463       DEBUG main            d.u.i.k.j.TypeConverter   No LDT found for Meta 
2463       DEBUG main            d.u.i.k.j.TypeConverter   No LDT found for Meta 
4632       DEBUG main            d.u.i.k.j.TypeConverter   No LDT found for JavaBigintExpression 
10586      DEBUG main            d.u.i.k.p.i.AbstractProblemLoader Init config took 9.57s 
10665      INFO  main            d.u.i.k.p.i.AbstractProblemLoader Replaying proof disjConj-manipulated.proof 
10733      WARN  main            d.u.i.k.p.i.IntermediateProofReplayer Proof contains wrong number of \assumes instatiations for andLeft 
10735      WARN  main            d.u.i.k.p.i.IntermediateProofReplayer Proof contains wrong number of \assumes instatiations for replace_known_right 
10740      WARN  main            d.u.i.k.p.i.IntermediateProofReplayer Proof contains wrong number of \assumes instatiations for close 
10741      DEBUG main            d.u.i.k.p.i.IntermediateProofReplayer Proof replay took 29.31ms 
10746      INFO  main            d.u.i.k.p.r.p.TestFile    ... success: loaded 
10751      INFO  main            d.u.i.k.p.r.p.TestFile    Now processing file /home/runner/work/key/key/key.core/../key.ui/examples/proofLoadRepair/insufficient-manipulated.proof 
10752      INFO  main            d.u.i.k.p.i.AbstractProblemLoader Loading environment from /home/runner/work/key/key/key.core/../key.ui/examples/proofLoadRepair/insufficient-manipulated.proof 
10752      DEBUG main            d.u.i.k.p.i.AbstractProblemLoader Environment load took 299.2ns 
10757      INFO  main            d.u.i.k.p.i.AbstractProblemLoader Creating init config 
14258      DEBUG main            d.u.i.k.p.i.AbstractProblemLoader Init config took 3.5s 
14304      INFO  main            d.u.i.k.p.i.AbstractProblemLoader Replaying proof insufficient-manipulated.proof 
14337      WARN  main            d.u.i.k.p.i.IntermediateProofReplayer Proof contains wrong number of \assumes instatiations for applyEq 
14358      DEBUG main            d.u.i.k.p.i.IntermediateProofReplayer Proof replay took 27.8ms 
14361      INFO  main            d.u.i.k.p.r.p.TestFile    ... success: loading failed 
14362      INFO  main            d.u.i.k.p.r.p.TestFile    Now processing file /home/runner/work/key/key/key.core/../key.ui/examples/../../key.core/src/test/resources/testcase/issues/1716/incorrectPolarity.proof 
14363      INFO  main            d.u.i.k.p.i.AbstractProblemLoader Loading environment from /home/runner/work/key/key/key.core/../key.ui/examples/../../key.core/src/test/resources/testcase/issues/1716/incorrectPolarity.proof 
14363      DEBUG main            d.u.i.k.p.i.AbstractProblemLoader Environment load took 264.9ns 
14366      INFO  main            d.u.i.k.p.i.AbstractProblemLoader Creating init config 
17980      DEBUG main            d.u.i.k.p.i.AbstractProblemLoader Init config took 3.61s 
18014      INFO  main            d.u.i.k.p.i.AbstractProblemLoader Replaying proof incorrectPolarity.proof 
18017      DEBUG main            d.u.i.k.p.i.IntermediateProofReplayer Proof replay took 220.3ns 
18018      INFO  main            d.u.i.k.p.r.p.TestFile    ... success: loading failed 
18019      INFO  main            d.u.i.k.p.r.p.TestFile    Now processing file /home/runner/work/key/key/key.core/../key.ui/examples/../../key.core/src/test/resources/testcase/issues/1716/incorrectPolarity2.proof 
18019      INFO  main            d.u.i.k.p.i.AbstractProblemLoader Loading environment from /home/runner/work/key/key/key.core/../key.ui/examples/../../key.core/src/test/resources/testcase/issues/1716/incorrectPolarity2.proof 
18019      DEBUG main            d.u.i.k.p.i.AbstractProblemLoader Environment load took 231.6ns 
18021      INFO  main            d.u.i.k.p.i.AbstractProblemLoader Creating init config 
21323      DEBUG main            d.u.i.k.p.i.AbstractProblemLoader Init config took 3.3s 
21352      INFO  main            d.u.i.k.p.i.AbstractProblemLoader Replaying proof incorrectPolarity2.proof 
21356      DEBUG main            d.u.i.k.p.i.IntermediateProofReplayer Proof replay took 442.4ns 
21356      INFO  main            d.u.i.k.p.r.p.TestFile    ... success: loading failed 
21358      INFO  main            d.u.i.k.p.r.p.TestFile    Now processing file /home/runner/work/key/key/key.core/../key.ui/examples/../../key.core/src/test/resources/testcase/issues/1716/incorrectPolarity3.proof 
21359      INFO  main            d.u.i.k.p.i.AbstractProblemLoader Loading environment from /home/runner/work/key/key/key.core/../key.ui/examples/../../key.core/src/test/resources/testcase/issues/1716/incorrectPolarity3.proof 
21359      DEBUG main            d.u.i.k.p.i.AbstractProblemLoader Environment load took 239.2ns 
21360      INFO  main            d.u.i.k.p.i.AbstractProblemLoader Creating init config 
24477      DEBUG main            d.u.i.k.p.i.AbstractProblemLoader Init config took 3.12s 
24502      INFO  main            d.u.i.k.p.i.AbstractProblemLoader Replaying proof incorrectPolarity3.proof 
24506      DEBUG main            d.u.i.k.p.i.IntermediateProofReplayer Proof replay took 2.01ms 
24507      INFO  main            d.u.i.k.p.r.p.TestFile    ... success: loading failed 
6762913    INFO  Test worker     d.u.i.k.p.r.RunAllProofsTestUnit Returning from test proofLoadRepair 
6762915    INFO  Test worker     d.u.i.k.p.r.RunAllProofsTestUnit Running test switch 
421        INFO  Timeout watchdog d.u.i.k.p.r.p.ForkedTestFileRunner Timeout watcher launched (2000 secs.) 
449        WARN  main            d.u.i.k.s.ProofSettings   The settings in /home/runner/.key/proof-settings.props are *not* read. 
508        INFO  main            d.u.i.k.p.r.p.TestFile    Now processing file /home/runner/work/key/key/key.core/../key.ui/examples/standard_key/java_dl/switch/labeled_case.key 
694        INFO  main            d.u.i.k.p.i.AbstractProblemLoader Loading environment from /home/runner/work/key/key/key.core/../key.ui/examples/standard_key/java_dl/switch/labeled_case.key 
715        DEBUG main            d.u.i.k.p.i.AbstractProblemLoader Environment load took 2.34ms 
1033       INFO  main            d.u.i.k.p.i.AbstractProblemLoader Creating init config 
2395       DEBUG main            d.u.i.k.j.TypeConverter   No LDT found for Meta 
2396       DEBUG main            d.u.i.k.j.TypeConverter   No LDT found for Meta 
2400       DEBUG main            d.u.i.k.j.TypeConverter   No LDT found for Meta 
2401       DEBUG main            d.u.i.k.j.TypeConverter   No LDT found for Meta 
4329       DEBUG main            d.u.i.k.j.TypeConverter   No LDT found for JavaBigintExpression 
10796      DEBUG main            d.u.i.k.p.i.AbstractProblemLoader Init config took 9.76s 
11050      INFO  main            d.u.i.k.p.i.AbstractProblemLoader Replaying proof LabeledCase[LabeledCase::m(int)].JML normal_behavior operation contract.0 
11110      DEBUG main            d.u.i.k.p.i.IntermediateProofReplayer Proof replay took 37.4ns 
11949      INFO  main            d.u.i.k.p.r.p.TestFile    ... finished proof: closed. 
12086      INFO  main            d.u.i.k.p.i.AbstractProblemLoader Loading environment from /home/runner/work/key/key/key.core/../key.ui/examples/standard_key/java_dl/switch/labeled_case.key.proof 
12090      DEBUG main            d.u.i.k.p.i.AbstractProblemLoader Environment load took 3.86ms 
12094      INFO  main            d.u.i.k.p.i.AbstractProblemLoader Creating init config 
15739      DEBUG main            d.u.i.k.p.i.AbstractProblemLoader Init config took 3.65s 
15834      INFO  main            d.u.i.k.p.i.AbstractProblemLoader Replaying proof LabeledCase[LabeledCase::m(int)].JML normal_behavior operation contract.0 
15912      DEBUG main            d.u.i.k.p.i.IntermediateProofReplayer Proof replay took 71.81ms 
15923      DEBUG main            d.u.i.k.p.r.p.TestFile    ... success: reloaded. 
15925      INFO  main            d.u.i.k.p.r.p.TestFile    Now processing file /home/runner/work/key/key/key.core/../key.ui/examples/standard_key/java_dl/switch/empty_switch.key 
15925      INFO  main            d.u.i.k.p.i.AbstractProblemLoader Loading environment from /home/runner/work/key/key/key.core/../key.ui/examples/standard_key/java_dl/switch/empty_switch.key 
15925      DEBUG main            d.u.i.k.p.i.AbstractProblemLoader Environment load took 240ns 
15927      INFO  main            d.u.i.k.p.i.AbstractProblemLoader Creating init config 
19241      DEBUG main            d.u.i.k.p.i.AbstractProblemLoader Init config took 3.31s 
19279      INFO  main            d.u.i.k.p.i.AbstractProblemLoader Replaying proof empty_switch.key 
19282      DEBUG main            d.u.i.k.p.i.IntermediateProofReplayer Proof replay took 7.7ns 
19385      INFO  main            d.u.i.k.p.r.p.TestFile    ... finished proof: closed. 
19566      INFO  main            d.u.i.k.p.i.AbstractProblemLoader Loading environment from /home/runner/work/key/key/key.core/../key.ui/examples/standard_key/java_dl/switch/empty_switch.key.proof 
19567      DEBUG main            d.u.i.k.p.i.AbstractProblemLoader Environment load took 167ns 
19570      INFO  main            d.u.i.k.p.i.AbstractProblemLoader Creating init config 
22821      DEBUG main            d.u.i.k.p.i.AbstractProblemLoader Init config took 3.25s 
22852      INFO  main            d.u.i.k.p.i.AbstractProblemLoader Replaying proof empty_switch.key.proof 
22858      DEBUG main            d.u.i.k.p.i.IntermediateProofReplayer Proof replay took 2.85ms 
22859      DEBUG main            d.u.i.k.p.r.p.TestFile    ... success: reloaded. 
22860      INFO  main            d.u.i.k.p.r.p.TestFile    Now processing file /home/runner/work/key/key/key.core/../key.ui/examples/standard_key/java_dl/switch/empty_switch_null.key 
22861      INFO  main            d.u.i.k.p.i.AbstractProblemLoader Loading environment from /home/runner/work/key/key/key.core/../key.ui/examples/standard_key/java_dl/switch/empty_switch_null.key 
22861      DEBUG main            d.u.i.k.p.i.AbstractProblemLoader Environment load took 234.7ns 
22863      INFO  main            d.u.i.k.p.i.AbstractProblemLoader Creating init config 
26067      DEBUG main            d.u.i.k.p.i.AbstractProblemLoader Init config took 3.2s 
26100      INFO  main            d.u.i.k.p.i.AbstractProblemLoader Replaying proof empty_switch_null.key 
26105      DEBUG main            d.u.i.k.p.i.IntermediateProofReplayer Proof replay took 7.5ns 
26411      INFO  main            d.u.i.k.p.r.p.TestFile    ... finished proof: closed. 
26586      INFO  main            d.u.i.k.p.i.AbstractProblemLoader Loading environment from /home/runner/work/key/key/key.core/../key.ui/examples/standard_key/java_dl/switch/empty_switch_null.key.proof 
26588      DEBUG main            d.u.i.k.p.i.AbstractProblemLoader Environment load took 2.05ms 
26589      INFO  main            d.u.i.k.p.i.AbstractProblemLoader Creating init config 
29696      DEBUG main            d.u.i.k.p.i.AbstractProblemLoader Init config took 3.11s 
29720      INFO  main            d.u.i.k.p.i.AbstractProblemLoader Replaying proof empty_switch_null.key.proof 
29789      DEBUG main            d.u.i.k.p.i.IntermediateProofReplayer Proof replay took 63.95ms 
29791      DEBUG main            d.u.i.k.p.r.p.TestFile    ... success: reloaded. 
29792      INFO  main            d.u.i.k.p.r.p.TestFile    Now processing file /home/runner/work/key/key/key.core/../key.ui/examples/standard_key/java_dl/switch/empty_switch_null_catch.key 
29792      INFO  main            d.u.i.k.p.i.AbstractProblemLoader Loading environment from /home/runner/work/key/key/key.core/../key.ui/examples/standard_key/java_dl/switch/empty_switch_null_catch.key 
29793      DEBUG main            d.u.i.k.p.i.AbstractProblemLoader Environment load took 225.9ns 
29794      INFO  main            d.u.i.k.p.i.AbstractProblemLoader Creating init config 
33015      DEBUG main            d.u.i.k.p.i.AbstractProblemLoader Init config took 3.22s 
33046      INFO  main            d.u.i.k.p.i.AbstractProblemLoader Replaying proof empty_switch_null_catch.key 
33050      DEBUG main            d.u.i.k.p.i.IntermediateProofReplayer Proof replay took 7.7ns 
33254      INFO  main            d.u.i.k.p.r.p.TestFile    ... finished proof: closed. 
33446      INFO  main            d.u.i.k.p.i.AbstractProblemLoader Loading environment from /home/runner/work/key/key/key.core/../key.ui/examples/standard_key/java_dl/switch/empty_switch_null_catch.key.proof 
33451      DEBUG main            d.u.i.k.p.i.AbstractProblemLoader Environment load took 4.93ms 
33453      INFO  main            d.u.i.k.p.i.AbstractProblemLoader Creating init config 
36565      DEBUG main            d.u.i.k.p.i.AbstractProblemLoader Init config took 3.11s 
36591      INFO  main            d.u.i.k.p.i.AbstractProblemLoader Replaying proof empty_switch_null_catch.key.proof 
36645      DEBUG main            d.u.i.k.p.i.IntermediateProofReplayer Proof replay took 50.98ms 
36647      DEBUG main            d.u.i.k.p.r.p.TestFile    ... success: reloaded. 
36650      INFO  main            d.u.i.k.p.r.p.TestFile    Now processing file /home/runner/work/key/key/key.core/../key.ui/examples/standard_key/java_dl/switch/empty_switch_array_out_of_bounds.key 
36650      INFO  main            d.u.i.k.p.i.AbstractProblemLoader Loading environment from /home/runner/work/key/key/key.core/../key.ui/examples/standard_key/java_dl/switch/empty_switch_array_out_of_bounds.key 
36651      DEBUG main            d.u.i.k.p.i.AbstractProblemLoader Environment load took 228ns 
36652      INFO  main            d.u.i.k.p.i.AbstractProblemLoader Creating init config 
39778      DEBUG main            d.u.i.k.p.i.AbstractProblemLoader Init config took 3.13s 
39802      INFO  main            d.u.i.k.p.i.AbstractProblemLoader Replaying proof empty_switch_array_out_of_bounds.key 
39806      DEBUG main            d.u.i.k.p.i.IntermediateProofReplayer Proof replay took 7.2ns 
40110      INFO  main            d.u.i.k.p.r.p.TestFile    ... finished proof: closed. 
40317      INFO  main            d.u.i.k.p.i.AbstractProblemLoader Loading environment from /home/runner/work/key/key/key.core/../key.ui/examples/standard_key/java_dl/switch/empty_switch_array_out_of_bounds.key.proof 
40318      DEBUG main            d.u.i.k.p.i.AbstractProblemLoader Environment load took 571.71ns 
40319      INFO  main            d.u.i.k.p.i.AbstractProblemLoader Creating init config 
43448      DEBUG main            d.u.i.k.p.i.AbstractProblemLoader Init config took 3.13s 
43474      INFO  main            d.u.i.k.p.i.AbstractProblemLoader Replaying proof empty_switch_array_out_of_bounds.key.proof 
43557      DEBUG main            d.u.i.k.p.i.IntermediateProofReplayer Proof replay took 78.99ms 
43559      DEBUG main            d.u.i.k.p.r.p.TestFile    ... success: reloaded. 
43560      INFO  main            d.u.i.k.p.r.p.TestFile    Now processing file /home/runner/work/key/key/key.core/../key.ui/examples/standard_key/java_dl/switch/empty_switch_array_out_of_bounds_catch.key 
43561      INFO  main            d.u.i.k.p.i.AbstractProblemLoader Loading environment from /home/runner/work/key/key/key.core/../key.ui/examples/standard_key/java_dl/switch/empty_switch_array_out_of_bounds_catch.key 
43561      DEBUG main            d.u.i.k.p.i.AbstractProblemLoader Environment load took 226.7ns 
43562      INFO  main            d.u.i.k.p.i.AbstractProblemLoader Creating init config 
46714      DEBUG main            d.u.i.k.p.i.AbstractProblemLoader Init config took 3.15s 
46742      INFO  main            d.u.i.k.p.i.AbstractProblemLoader Replaying proof empty_switch_array_out_of_bounds_catch.key 
46746      DEBUG main            d.u.i.k.p.i.IntermediateProofReplayer Proof replay took 15.4ns 
46949      INFO  main            d.u.i.k.p.r.p.TestFile    ... finished proof: closed. 
47154      INFO  main            d.u.i.k.p.i.AbstractProblemLoader Loading environment from /home/runner/work/key/key/key.core/../key.ui/examples/standard_key/java_dl/switch/empty_switch_array_out_of_bounds_catch.key.proof 
47156      DEBUG main            d.u.i.k.p.i.AbstractProblemLoader Environment load took 1.83ms 
47158      INFO  main            d.u.i.k.p.i.AbstractProblemLoader Creating init config 
50367      DEBUG main            d.u.i.k.p.i.AbstractProblemLoader Init config took 3.21s 
50392      INFO  main            d.u.i.k.p.i.AbstractProblemLoader Replaying proof empty_switch_array_out_of_bounds_catch.key.proof 
50450      DEBUG main            d.u.i.k.p.i.IntermediateProofReplayer Proof replay took 54.92ms 
50451      DEBUG main            d.u.i.k.p.r.p.TestFile    ... success: reloaded. 
50453      INFO  main            d.u.i.k.p.r.p.TestFile    Now processing file /home/runner/work/key/key/key.core/../key.ui/examples/standard_key/java_dl/switch/switch_in_switch.key 
50453      INFO  main            d.u.i.k.p.i.AbstractProblemLoader Loading environment from /home/runner/work/key/key/key.core/../key.ui/examples/standard_key/java_dl/switch/switch_in_switch.key 
50453      DEBUG main            d.u.i.k.p.i.AbstractProblemLoader Environment load took 199.8ns 
50455      INFO  main            d.u.i.k.p.i.AbstractProblemLoader Creating init config 
53721      DEBUG main            d.u.i.k.p.i.AbstractProblemLoader Init config took 3.27s 
53776      INFO  main            d.u.i.k.p.i.AbstractProblemLoader Replaying proof SwitchInSwitch[SwitchInSwitch::m(int)].JML normal_behavior operation contract.0 
53778      DEBUG main            d.u.i.k.p.i.IntermediateProofReplayer Proof replay took 6.9ns 
60470      INFO  main            d.u.i.k.p.r.p.TestFile    ... finished proof: closed. 
60799      INFO  main            d.u.i.k.p.i.AbstractProblemLoader Loading environment from /home/runner/work/key/key/key.core/../key.ui/examples/standard_key/java_dl/switch/switch_in_switch.key.proof 
60799      DEBUG main            d.u.i.k.p.i.AbstractProblemLoader Environment load took 148.4ns 
60802      INFO  main            d.u.i.k.p.i.AbstractProblemLoader Creating init config 
63973      DEBUG main            d.u.i.k.p.i.AbstractProblemLoader Init config took 3.17s 
64026      INFO  main            d.u.i.k.p.i.AbstractProblemLoader Replaying proof SwitchInSwitch[SwitchInSwitch::m(int)].JML normal_behavior operation contract.0 
64807      DEBUG main            d.u.i.k.p.i.IntermediateProofReplayer Proof replay took 751.03ms 
64809      DEBUG main            d.u.i.k.p.r.p.TestFile    ... success: reloaded. 
64810      INFO  main            d.u.i.k.p.r.p.TestFile    Now processing file /home/runner/work/key/key/key.core/../key.ui/examples/standard_key/java_dl/switch/while_and_switch.key 
64810      INFO  main            d.u.i.k.p.i.AbstractProblemLoader Loading environment from /home/runner/work/key/key/key.core/../key.ui/examples/standard_key/java_dl/switch/while_and_switch.key 
64811      DEBUG main            d.u.i.k.p.i.AbstractProblemLoader Environment load took 236.8ns 
64812      INFO  main            d.u.i.k.p.i.AbstractProblemLoader Creating init config 
68026      DEBUG main            d.u.i.k.p.i.AbstractProblemLoader Init config took 3.21s 
68102      INFO  main            d.u.i.k.p.i.AbstractProblemLoader Replaying proof WhileAndSwitch[WhileAndSwitch::m(int)].JML normal_behavior operation contract.0 
68105      DEBUG main            d.u.i.k.p.i.IntermediateProofReplayer Proof replay took 7.3ns 
69134      INFO  main            d.u.i.k.p.r.p.TestFile    ... finished proof: closed. 
69376      INFO  main            d.u.i.k.p.i.AbstractProblemLoader Loading environment from /home/runner/work/key/key/key.core/../key.ui/examples/standard_key/java_dl/switch/while_and_switch.key.proof 
69376      DEBUG main            d.u.i.k.p.i.AbstractProblemLoader Environment load took 430.5ns 
69378      INFO  main            d.u.i.k.p.i.AbstractProblemLoader Creating init config 
72559      DEBUG main            d.u.i.k.p.i.AbstractProblemLoader Init config took 3.18s 
72618      INFO  main            d.u.i.k.p.i.AbstractProblemLoader Replaying proof WhileAndSwitch[WhileAndSwitch::m(int)].JML normal_behavior operation contract.0 
72820      DEBUG main            d.u.i.k.p.i.IntermediateProofReplayer Proof replay took 194.59ms 
72822      DEBUG main            d.u.i.k.p.r.p.TestFile    ... success: reloaded. 
72823      INFO  main            d.u.i.k.p.r.p.TestFile    Now processing file /home/runner/work/key/key/key.core/../key.ui/examples/standard_key/java_dl/switch/large_switch.key 
72824      INFO  main            d.u.i.k.p.i.AbstractProblemLoader Loading environment from /home/runner/work/key/key/key.core/../key.ui/examples/standard_key/java_dl/switch/large_switch.key 
72824      DEBUG main            d.u.i.k.p.i.AbstractProblemLoader Environment load took 222.3ns 
72825      INFO  main            d.u.i.k.p.i.AbstractProblemLoader Creating init config 
76066      DEBUG main            d.u.i.k.p.i.AbstractProblemLoader Init config took 3.24s 
76123      INFO  main            d.u.i.k.p.i.AbstractProblemLoader Replaying proof LargeSwitch[LargeSwitch::m(int)].JML normal_behavior operation contract.0 
76125      DEBUG main            d.u.i.k.p.i.IntermediateProofReplayer Proof replay took 7.3ns 
78138      INFO  main            d.u.i.k.p.r.p.TestFile    ... finished proof: closed. 
78399      INFO  main            d.u.i.k.p.i.AbstractProblemLoader Loading environment from /home/runner/work/key/key/key.core/../key.ui/examples/standard_key/java_dl/switch/large_switch.key.proof 
78400      DEBUG main            d.u.i.k.p.i.AbstractProblemLoader Environment load took 401.3ns 
78402      INFO  main            d.u.i.k.p.i.AbstractProblemLoader Creating init config 
81473      DEBUG main            d.u.i.k.p.i.AbstractProblemLoader Init config took 3.07s 
81521      INFO  main            d.u.i.k.p.i.AbstractProblemLoader Replaying proof LargeSwitch[LargeSwitch::m(int)].JML normal_behavior operation contract.0 
82082      DEBUG main            d.u.i.k.p.i.IntermediateProofReplayer Proof replay took 544.01ms 
82084      DEBUG main            d.u.i.k.p.r.p.TestFile    ... success: reloaded. 
6845230    INFO  Test worker     d.u.i.k.p.r.RunAllProofsTestUnit Returning from test switch 
6845232    INFO  Test worker     d.u.i.k.p.r.RunAllProofsTestUnit Running test redux 
448        INFO  Timeout watchdog d.u.i.k.p.r.p.ForkedTestFileRunner Timeout watcher launched (2000 secs.) 
473        WARN  main            d.u.i.k.s.ProofSettings   The settings in /home/runner/.key/proof-settings.props are *not* read. 
521        INFO  main            d.u.i.k.p.r.p.TestFile    Now processing file /home/runner/work/key/key/key.core/../key.ui/examples/redux/arrays/Arrays.copyOf.key 
677        INFO  main            d.u.i.k.p.i.AbstractProblemLoader Loading environment from /home/runner/work/key/key/key.core/../key.ui/examples/redux/arrays/Arrays.copyOf.key 
698        DEBUG main            d.u.i.k.p.i.AbstractProblemLoader Environment load took 2.22ms 
996        INFO  main            d.u.i.k.p.i.AbstractProblemLoader Creating init config 
2216       DEBUG main            d.u.i.k.j.TypeConverter   No LDT found for Meta 
2217       DEBUG main            d.u.i.k.j.TypeConverter   No LDT found for Meta 
2219       DEBUG main            d.u.i.k.j.TypeConverter   No LDT found for Meta 
2219       DEBUG main            d.u.i.k.j.TypeConverter   No LDT found for Meta 
4135       DEBUG main            d.u.i.k.j.TypeConverter   No LDT found for JavaBigintExpression 
11044      DEBUG main            d.u.i.k.p.i.AbstractProblemLoader Init config took 10.05s 
11208      INFO  main            d.u.i.k.p.i.AbstractProblemLoader Replaying proof Arrays[Arrays::copyOf([I,int)].JML normal_behavior operation contract.0 
11251      DEBUG main            d.u.i.k.p.i.IntermediateProofReplayer Proof replay took 41.8ns 
17777      INFO  main            d.u.i.k.p.r.p.TestFile    ... finished proof: closed. 
18007      INFO  main            d.u.i.k.p.i.AbstractProblemLoader Loading environment from /home/runner/work/key/key/key.core/../key.ui/examples/redux/arrays/Arrays.copyOf.key.proof 
18008      DEBUG main            d.u.i.k.p.i.AbstractProblemLoader Environment load took 447.2ns 
18021      INFO  main            d.u.i.k.p.i.AbstractProblemLoader Creating init config 
22274      DEBUG main            d.u.i.k.p.i.AbstractProblemLoader Init config took 4.25s 
22364      INFO  main            d.u.i.k.p.i.AbstractProblemLoader Replaying proof Arrays[Arrays::copyOf([I,int)].JML normal_behavior operation contract.0 
23242      DEBUG main            d.u.i.k.p.i.IntermediateProofReplayer Proof replay took 834.54ms 
23254      DEBUG main            d.u.i.k.p.r.p.TestFile    ... success: reloaded. 
23256      INFO  main            d.u.i.k.p.r.p.TestFile    Now processing file /home/runner/work/key/key/key.core/../key.ui/examples/redux/arrays/Arrays.copyOf.float.key 
23256      INFO  main            d.u.i.k.p.i.AbstractProblemLoader Loading environment from /home/runner/work/key/key/key.core/../key.ui/examples/redux/arrays/Arrays.copyOf.float.key 
23257      DEBUG main            d.u.i.k.p.i.AbstractProblemLoader Environment load took 234.9ns 
23262      INFO  main            d.u.i.k.p.i.AbstractProblemLoader Creating init config 
27479      DEBUG main            d.u.i.k.p.i.AbstractProblemLoader Init config took 4.22s 
27559      INFO  main            d.u.i.k.p.i.AbstractProblemLoader Replaying proof Arrays[Arrays::copyOf([F,int)].JML normal_behavior operation contract.0 
27562      DEBUG main            d.u.i.k.p.i.IntermediateProofReplayer Proof replay took 7.5ns 
27603      DEBUG main            d.u.i.k.m.s.ProofScriptEngine 1: 'macro autopilot' 
33305      DEBUG main            d.u.i.k.m.s.ProofScriptEngine 2: 'smt solver=Z3' 
33407      INFO  main            d.u.i.k.m.s.SMTCommand    Finished run on goal 17 in 58ms, result is valid 
33408      DEBUG main            d.u.i.k.m.s.ProofScriptEngine 3: 'tryclose' 
35616      INFO  main            d.u.i.k.p.r.p.TestFile    ... finished proof: closed. 
35861      INFO  main            d.u.i.k.p.i.AbstractProblemLoader Loading environment from /home/runner/work/key/key/key.core/../key.ui/examples/redux/arrays/Arrays.copyOf.float.key.proof 
35862      DEBUG main            d.u.i.k.p.i.AbstractProblemLoader Environment load took 448.7ns 
35868      INFO  main            d.u.i.k.p.i.AbstractProblemLoader Creating init config 
39852      DEBUG main            d.u.i.k.p.i.AbstractProblemLoader Init config took 3.98s 
39918      INFO  main            d.u.i.k.p.i.AbstractProblemLoader Replaying proof Arrays[Arrays::copyOf([F,int)].JML normal_behavior operation contract.0 
40968      DEBUG main            d.u.i.k.p.i.IntermediateProofReplayer Proof replay took 1s 
40971      DEBUG main            d.u.i.k.p.r.p.TestFile    ... success: reloaded. 
40972      INFO  main            d.u.i.k.p.r.p.TestFile    Now processing file /home/runner/work/key/key/key.core/../key.ui/examples/redux/arrays/Arrays.copyOfRange.key 
40972      INFO  main            d.u.i.k.p.i.AbstractProblemLoader Loading environment from /home/runner/work/key/key/key.core/../key.ui/examples/redux/arrays/Arrays.copyOfRange.key 
40972      DEBUG main            d.u.i.k.p.i.AbstractProblemLoader Environment load took 224.5ns 
40974      INFO  main            d.u.i.k.p.i.AbstractProblemLoader Creating init config 
45004      DEBUG main            d.u.i.k.p.i.AbstractProblemLoader Init config took 4.03s 
45065      INFO  main            d.u.i.k.p.i.AbstractProblemLoader Replaying proof Arrays[Arrays::copyOfRange([I,int,int)].JML normal_behavior operation contract.0 
45067      DEBUG main            d.u.i.k.p.i.IntermediateProofReplayer Proof replay took 5.9ns 
51141      INFO  main            d.u.i.k.p.r.p.TestFile    ... finished proof: closed. 
51474      INFO  main            d.u.i.k.p.i.AbstractProblemLoader Loading environment from /home/runner/work/key/key/key.core/../key.ui/examples/redux/arrays/Arrays.copyOfRange.key.proof 
51475      DEBUG main            d.u.i.k.p.i.AbstractProblemLoader Environment load took 446.5ns 
51477      INFO  main            d.u.i.k.p.i.AbstractProblemLoader Creating init config 
55351      DEBUG main            d.u.i.k.p.i.AbstractProblemLoader Init config took 3.87s 
55409      INFO  main            d.u.i.k.p.i.AbstractProblemLoader Replaying proof Arrays[Arrays::copyOfRange([I,int,int)].JML normal_behavior operation contract.0 
56136      DEBUG main            d.u.i.k.p.i.IntermediateProofReplayer Proof replay took 703.51ms 
56138      DEBUG main            d.u.i.k.p.r.p.TestFile    ... success: reloaded. 
56140      INFO  main            d.u.i.k.p.r.p.TestFile    Now processing file /home/runner/work/key/key/key.core/../key.ui/examples/redux/arrays/Arrays.copyOfRange.float.key 
56140      INFO  main            d.u.i.k.p.i.AbstractProblemLoader Loading environment from /home/runner/work/key/key/key.core/../key.ui/examples/redux/arrays/Arrays.copyOfRange.float.key 
56140      DEBUG main            d.u.i.k.p.i.AbstractProblemLoader Environment load took 218.9ns 
56142      INFO  main            d.u.i.k.p.i.AbstractProblemLoader Creating init config 
59990      DEBUG main            d.u.i.k.p.i.AbstractProblemLoader Init config took 3.85s 
60044      INFO  main            d.u.i.k.p.i.AbstractProblemLoader Replaying proof Arrays[Arrays::copyOfRange([F,int,int)].JML normal_behavior operation contract.0 
60046      DEBUG main            d.u.i.k.p.i.IntermediateProofReplayer Proof replay took 6.3ns 
60046      DEBUG main            d.u.i.k.m.s.ProofScriptEngine 1: 'macro autopilot' 
67889      DEBUG main            d.u.i.k.m.s.ProofScriptEngine 2: 'smt solver=Z3' 
67937      INFO  main            d.u.i.k.m.s.SMTCommand    Finished run on goal 27 in 44ms, result is valid 
67937      DEBUG main            d.u.i.k.m.s.ProofScriptEngine 3: 'tryclose' 
72729      INFO  main            d.u.i.k.p.r.p.TestFile    ... finished proof: closed. 
73012      INFO  main            d.u.i.k.p.i.AbstractProblemLoader Loading environment from /home/runner/work/key/key/key.core/../key.ui/examples/redux/arrays/Arrays.copyOfRange.float.key.proof 
73012      DEBUG main            d.u.i.k.p.i.AbstractProblemLoader Environment load took 178.3ns 
73015      INFO  main            d.u.i.k.p.i.AbstractProblemLoader Creating init config 
76885      DEBUG main            d.u.i.k.p.i.AbstractProblemLoader Init config took 3.87s 
76938      INFO  main            d.u.i.k.p.i.AbstractProblemLoader Replaying proof Arrays[Arrays::copyOfRange([F,int,int)].JML normal_behavior operation contract.0 
78358      DEBUG main            d.u.i.k.p.i.IntermediateProofReplayer Proof replay took 1.39s 
78361      DEBUG main            d.u.i.k.p.r.p.TestFile    ... success: reloaded. 
78362      INFO  main            d.u.i.k.p.r.p.TestFile    Now processing file /home/runner/work/key/key/key.core/../key.ui/examples/redux/arrays/Arrays.equals.key 
78363      INFO  main            d.u.i.k.p.i.AbstractProblemLoader Loading environment from /home/runner/work/key/key/key.core/../key.ui/examples/redux/arrays/Arrays.equals.key 
78363      DEBUG main            d.u.i.k.p.i.AbstractProblemLoader Environment load took 218.9ns 
78364      INFO  main            d.u.i.k.p.i.AbstractProblemLoader Creating init config 
82354      DEBUG main            d.u.i.k.p.i.AbstractProblemLoader Init config took 3.99s 
82406      INFO  main            d.u.i.k.p.i.AbstractProblemLoader Replaying proof Arrays[Arrays::equals([B,[B)].JML normal_behavior operation contract.0 
82408      DEBUG main            d.u.i.k.p.i.IntermediateProofReplayer Proof replay took 6.6ns 
83115      INFO  main            d.u.i.k.p.r.p.TestFile    ... finished proof: closed. 
83423      INFO  main            d.u.i.k.p.i.AbstractProblemLoader Loading environment from /home/runner/work/key/key/key.core/../key.ui/examples/redux/arrays/Arrays.equals.key.proof 
83423      DEBUG main            d.u.i.k.p.i.AbstractProblemLoader Environment load took 192ns 
83425      INFO  main            d.u.i.k.p.i.AbstractProblemLoader Creating init config 
87293      DEBUG main            d.u.i.k.p.i.AbstractProblemLoader Init config took 3.87s 
87358      INFO  main            d.u.i.k.p.i.AbstractProblemLoader Replaying proof Arrays[Arrays::equals([B,[B)].JML normal_behavior operation contract.0 
87570      DEBUG main            d.u.i.k.p.i.IntermediateProofReplayer Proof replay took 206.78ms 
87571      DEBUG main            d.u.i.k.p.r.p.TestFile    ... success: reloaded. 
87572      INFO  main            d.u.i.k.p.r.p.TestFile    Now processing file /home/runner/work/key/key/key.core/../key.ui/examples/redux/arrays/Arrays.fill.key 
87573      INFO  main            d.u.i.k.p.i.AbstractProblemLoader Loading environment from /home/runner/work/key/key/key.core/../key.ui/examples/redux/arrays/Arrays.fill.key 
87573      DEBUG main            d.u.i.k.p.i.AbstractProblemLoader Environment load took 250.2ns 
87574      INFO  main            d.u.i.k.p.i.AbstractProblemLoader Creating init config 
91402      DEBUG main            d.u.i.k.p.i.AbstractProblemLoader Init config took 3.83s 
91453      INFO  main            d.u.i.k.p.i.AbstractProblemLoader Replaying proof Arrays[Arrays::fill([I,int)].JML normal_behavior operation contract.0 
91455      DEBUG main            d.u.i.k.p.i.IntermediateProofReplayer Proof replay took 8.1ns 
91663      INFO  main            d.u.i.k.p.r.p.TestFile    ... finished proof: closed. 
91902      INFO  main            d.u.i.k.p.i.AbstractProblemLoader Loading environment from /home/runner/work/key/key/key.core/../key.ui/examples/redux/arrays/Arrays.fill.key.proof 
91902      DEBUG main            d.u.i.k.p.i.AbstractProblemLoader Environment load took 141.6ns 
91903      INFO  main            d.u.i.k.p.i.AbstractProblemLoader Creating init config 
95727      DEBUG main            d.u.i.k.p.i.AbstractProblemLoader Init config took 3.82s 
95779      INFO  main            d.u.i.k.p.i.AbstractProblemLoader Replaying proof Arrays[Arrays::fill([I,int)].JML normal_behavior operation contract.0 
95824      DEBUG main            d.u.i.k.p.i.IntermediateProofReplayer Proof replay took 41.73ms 
95825      DEBUG main            d.u.i.k.p.r.p.TestFile    ... success: reloaded. 
95826      INFO  main            d.u.i.k.p.r.p.TestFile    Now processing file /home/runner/work/key/key/key.core/../key.ui/examples/redux/arrays/Arrays.fill.float.key 
95826      INFO  main            d.u.i.k.p.i.AbstractProblemLoader Loading environment from /home/runner/work/key/key/key.core/../key.ui/examples/redux/arrays/Arrays.fill.float.key 
95827      DEBUG main            d.u.i.k.p.i.AbstractProblemLoader Environment load took 217.4ns 
95828      INFO  main            d.u.i.k.p.i.AbstractProblemLoader Creating init config 
99624      DEBUG main            d.u.i.k.p.i.AbstractProblemLoader Init config took 3.8s 
99674      INFO  main            d.u.i.k.p.i.AbstractProblemLoader Replaying proof Arrays[Arrays::fill([F,float)].JML normal_behavior operation contract.0 
99675      DEBUG main            d.u.i.k.p.i.IntermediateProofReplayer Proof replay took 7.4ns 
99979      INFO  main            d.u.i.k.p.r.p.TestFile    ... finished proof: closed. 
100233     INFO  main            d.u.i.k.p.i.AbstractProblemLoader Loading environment from /home/runner/work/key/key/key.core/../key.ui/examples/redux/arrays/Arrays.fill.float.key.proof 
100233     DEBUG main            d.u.i.k.p.i.AbstractProblemLoader Environment load took 818.11ns 
100235     INFO  main            d.u.i.k.p.i.AbstractProblemLoader Creating init config 
104020     DEBUG main            d.u.i.k.p.i.AbstractProblemLoader Init config took 3.78s 
104067     INFO  main            d.u.i.k.p.i.AbstractProblemLoader Replaying proof Arrays[Arrays::fill([F,float)].JML normal_behavior operation contract.0 
104130     DEBUG main            d.u.i.k.p.i.IntermediateProofReplayer Proof replay took 59.05ms 
104131     DEBUG main            d.u.i.k.p.r.p.TestFile    ... success: reloaded. 
104132     INFO  main            d.u.i.k.p.r.p.TestFile    Now processing file /home/runner/work/key/key/key.core/../key.ui/examples/redux/arrays/Arrays.fillFromTo.key 
104133     INFO  main            d.u.i.k.p.i.AbstractProblemLoader Loading environment from /home/runner/work/key/key/key.core/../key.ui/examples/redux/arrays/Arrays.fillFromTo.key 
104133     DEBUG main            d.u.i.k.p.i.AbstractProblemLoader Environment load took 277ns 
104134     INFO  main            d.u.i.k.p.i.AbstractProblemLoader Creating init config 
107953     DEBUG main            d.u.i.k.p.i.AbstractProblemLoader Init config took 3.82s 
108020     INFO  main            d.u.i.k.p.i.AbstractProblemLoader Replaying proof Arrays[Arrays::fill([I,int,int,int)].JML normal_behavior operation contract.0 
108022     DEBUG main            d.u.i.k.p.i.IntermediateProofReplayer Proof replay took 7.4ns 
108730     INFO  main            d.u.i.k.p.r.p.TestFile    ... finished proof: closed. 
109074     INFO  main            d.u.i.k.p.i.AbstractProblemLoader Loading environment from /home/runner/work/key/key/key.core/../key.ui/examples/redux/arrays/Arrays.fillFromTo.key.proof 
109075     DEBUG main            d.u.i.k.p.i.AbstractProblemLoader Environment load took 1.12ms 
109076     INFO  main            d.u.i.k.p.i.AbstractProblemLoader Creating init config 
112917     DEBUG main            d.u.i.k.p.i.AbstractProblemLoader Init config took 3.84s 
112967     INFO  main            d.u.i.k.p.i.AbstractProblemLoader Replaying proof Arrays[Arrays::fill([I,int,int,int)].JML normal_behavior operation contract.0 
113127     DEBUG main            d.u.i.k.p.i.IntermediateProofReplayer Proof replay took 155.06ms 
113128     DEBUG main            d.u.i.k.p.r.p.TestFile    ... success: reloaded. 
113129     INFO  main            d.u.i.k.p.r.p.TestFile    Now processing file /home/runner/work/key/key/key.core/../key.ui/examples/redux/arrays/Arrays.fillFromTo.float.key 
113129     INFO  main            d.u.i.k.p.i.AbstractProblemLoader Loading environment from /home/runner/work/key/key/key.core/../key.ui/examples/redux/arrays/Arrays.fillFromTo.float.key 
113129     DEBUG main            d.u.i.k.p.i.AbstractProblemLoader Environment load took 118.2ns 
113130     INFO  main            d.u.i.k.p.i.AbstractProblemLoader Creating init config 
116880     DEBUG main            d.u.i.k.p.i.AbstractProblemLoader Init config took 3.75s 
116938     INFO  main            d.u.i.k.p.i.AbstractProblemLoader Replaying proof Arrays[Arrays::fill([F,int,int,float)].JML normal_behavior operation contract.0 
116940     DEBUG main            d.u.i.k.p.i.IntermediateProofReplayer Proof replay took 7.4ns 
117853     INFO  main            d.u.i.k.p.r.p.TestFile    ... finished proof: closed. 
118116     INFO  main            d.u.i.k.p.i.AbstractProblemLoader Loading environment from /home/runner/work/key/key/key.core/../key.ui/examples/redux/arrays/Arrays.fillFromTo.float.key.proof 
118117     DEBUG main            d.u.i.k.p.i.AbstractProblemLoader Environment load took 522.3ns 
118118     INFO  main            d.u.i.k.p.i.AbstractProblemLoader Creating init config 
121869     DEBUG main            d.u.i.k.p.i.AbstractProblemLoader Init config took 3.75s 
121916     INFO  main            d.u.i.k.p.i.AbstractProblemLoader Replaying proof Arrays[Arrays::fill([F,int,int,float)].JML normal_behavior operation contract.0 
122110     DEBUG main            d.u.i.k.p.i.IntermediateProofReplayer Proof replay took 189.09ms 
122112     DEBUG main            d.u.i.k.p.r.p.TestFile    ... success: reloaded. 
122113     INFO  main            d.u.i.k.p.r.p.TestFile    Now processing file /home/runner/work/key/key/key.core/../key.ui/examples/redux/arrays/ArrayCopy.arraycopy.normal.0.key 
122113     INFO  main            d.u.i.k.p.i.AbstractProblemLoader Loading environment from /home/runner/work/key/key/key.core/../key.ui/examples/redux/arrays/ArrayCopy.arraycopy.normal.0.key 
122114     DEBUG main            d.u.i.k.p.i.AbstractProblemLoader Environment load took 216.2ns 
122115     INFO  main            d.u.i.k.p.i.AbstractProblemLoader Creating init config 
125937     DEBUG main            d.u.i.k.p.i.AbstractProblemLoader Init config took 3.82s 
125981     INFO  main            d.u.i.k.p.i.AbstractProblemLoader Replaying proof ArrayCopy[ArrayCopy::arraycopy(java.lang.Object,int,java.lang.Object,int,int)].JML normal_behavior operation contract.0 
125983     DEBUG main            d.u.i.k.p.i.IntermediateProofReplayer Proof replay took 8ns 
134575     INFO  main            d.u.i.k.p.r.p.TestFile    ... finished proof: closed. 
134878     INFO  main            d.u.i.k.p.i.AbstractProblemLoader Loading environment from /home/runner/work/key/key/key.core/../key.ui/examples/redux/arrays/ArrayCopy.arraycopy.normal.0.key.proof 
134878     DEBUG main            d.u.i.k.p.i.AbstractProblemLoader Environment load took 224.1ns 
134880     INFO  main            d.u.i.k.p.i.AbstractProblemLoader Creating init config 
138620     DEBUG main            d.u.i.k.p.i.AbstractProblemLoader Init config took 3.74s 
138676     INFO  main            d.u.i.k.p.i.AbstractProblemLoader Replaying proof ArrayCopy[ArrayCopy::arraycopy(java.lang.Object,int,java.lang.Object,int,int)].JML normal_behavior operation contract.0 
139947     DEBUG main            d.u.i.k.p.i.IntermediateProofReplayer Proof replay took 1.25s 
139950     DEBUG main            d.u.i.k.p.r.p.TestFile    ... success: reloaded. 
139951     INFO  main            d.u.i.k.p.r.p.TestFile    Now processing file /home/runner/work/key/key/key.core/../key.ui/examples/redux/arrays/ArrayCopy.arraycopy.exceptional.0.key 
139951     INFO  main            d.u.i.k.p.i.AbstractProblemLoader Loading environment from /home/runner/work/key/key/key.core/../key.ui/examples/redux/arrays/ArrayCopy.arraycopy.exceptional.0.key 
139951     DEBUG main            d.u.i.k.p.i.AbstractProblemLoader Environment load took 118.5ns 
139952     INFO  main            d.u.i.k.p.i.AbstractProblemLoader Creating init config 
143720     DEBUG main            d.u.i.k.p.i.AbstractProblemLoader Init config took 3.77s 
143769     INFO  main            d.u.i.k.p.i.AbstractProblemLoader Replaying proof ArrayCopy[ArrayCopy::arraycopy(java.lang.Object,int,java.lang.Object,int,int)].JML exceptional_behavior operation contract.0 
143771     DEBUG main            d.u.i.k.p.i.IntermediateProofReplayer Proof replay took 7.3ns 
144276     INFO  main            d.u.i.k.p.r.p.TestFile    ... finished proof: closed. 
144602     INFO  main            d.u.i.k.p.i.AbstractProblemLoader Loading environment from /home/runner/work/key/key/key.core/../key.ui/examples/redux/arrays/ArrayCopy.arraycopy.exceptional.0.key.proof 
144603     DEBUG main            d.u.i.k.p.i.AbstractProblemLoader Environment load took 139.5ns 
144604     INFO  main            d.u.i.k.p.i.AbstractProblemLoader Creating init config 
148327     DEBUG main            d.u.i.k.p.i.AbstractProblemLoader Init config took 3.72s 
148382     INFO  main            d.u.i.k.p.i.AbstractProblemLoader Replaying proof ArrayCopy[ArrayCopy::arraycopy(java.lang.Object,int,java.lang.Object,int,int)].JML exceptional_behavior operation contract.0 
148541     DEBUG main            d.u.i.k.p.i.IntermediateProofReplayer Proof replay took 155.44ms 
148543     DEBUG main            d.u.i.k.p.r.p.TestFile    ... success: reloaded. 
148545     INFO  main            d.u.i.k.p.r.p.TestFile    Now processing file /home/runner/work/key/key/key.core/../key.ui/examples/redux/arrays/ArrayCopy.arraycopy.exceptional.1.key 
148550     INFO  main            d.u.i.k.p.i.AbstractProblemLoader Loading environment from /home/runner/work/key/key/key.core/../key.ui/examples/redux/arrays/ArrayCopy.arraycopy.exceptional.1.key 
148550     DEBUG main            d.u.i.k.p.i.AbstractProblemLoader Environment load took 268.7ns 
148552     INFO  main            d.u.i.k.p.i.AbstractProblemLoader Creating init config 
152286     DEBUG main            d.u.i.k.p.i.AbstractProblemLoader Init config took 3.73s 
152354     INFO  main            d.u.i.k.p.i.AbstractProblemLoader Replaying proof ArrayCopy[ArrayCopy::arraycopy(java.lang.Object,int,java.lang.Object,int,int)].JML exceptional_behavior operation contract.1 
152356     DEBUG main            d.u.i.k.p.i.IntermediateProofReplayer Proof replay took 7.2ns 
160676     INFO  main            d.u.i.k.p.r.p.TestFile    ... finished proof: closed. 
160990     INFO  main            d.u.i.k.p.i.AbstractProblemLoader Loading environment from /home/runner/work/key/key/key.core/../key.ui/examples/redux/arrays/ArrayCopy.arraycopy.exceptional.1.key.proof 
160990     DEBUG main            d.u.i.k.p.i.AbstractProblemLoader Environment load took 424.2ns 
160993     INFO  main            d.u.i.k.p.i.AbstractProblemLoader Creating init config 
164756     DEBUG main            d.u.i.k.p.i.AbstractProblemLoader Init config took 3.76s 
164813     INFO  main            d.u.i.k.p.i.AbstractProblemLoader Replaying proof ArrayCopy[ArrayCopy::arraycopy(java.lang.Object,int,java.lang.Object,int,int)].JML exceptional_behavior operation contract.1 
167120     DEBUG main            d.u.i.k.p.i.IntermediateProofReplayer Proof replay took 2.28s 
167122     DEBUG main            d.u.i.k.p.r.p.TestFile    ... success: reloaded. 
7012573    INFO  Test worker     d.u.i.k.p.r.RunAllProofsTestUnit Returning from test redux 
]]></system-out>
  <system-err><![CDATA[]]></system-err>
</testsuite>
