<?xml version="1.0" encoding="UTF-8"?>
<testsuite name="org.key_project.exploration.ProofExplorationServiceTest" tests="3" skipped="0" failures="0" errors="0" timestamp="2023-04-19T12:49:17" hostname="fv-az319-602" time="20.458">
  <properties/>
  <testcase name="testAdditionAntec()" classname="org.key_project.exploration.ProofExplorationServiceTest" time="12.813"/>
  <testcase name="testChangeFormula()" classname="org.key_project.exploration.ProofExplorationServiceTest" time="3.94"/>
  <testcase name="testAdditionSucc()" classname="org.key_project.exploration.ProofExplorationServiceTest" time="3.701"/>
  <system-out><![CDATA[[12:49:17.934] ?[31mWARN ?[0;39m ?[36mProofIndependentSettings?[0;39m - The settings in C:\Users\runneradmin\.key\proofIndependentSettings.props are *not* read due to flag 'key.disregardSettings'
[12:49:17.949] ?[34mINFO ?[0;39m ?[36mAbstractProblemLoader?[0;39m - Loading environment from src\test\resources\org\key_project\exploration\testAdditions.key
[12:49:18.351] ?[34mINFO ?[0;39m ?[36mAbstractProblemLoader?[0;39m - Creating init config
[12:49:18.382] ?[31mWARN ?[0;39m ?[36mProofSettings?[0;39m - The settings in C:\Users\runneradmin\.key\proof-settings.props are *not* read.
[12:49:30.149] ?[34mINFO ?[0;39m ?[36mAbstractProblemLoader?[0;39m - Replaying proof testAdditions.key
[12:49:30.274] ?[34mINFO ?[0;39m ?[36mAbstractProblemLoader?[0;39m - Loading environment from src\test\resources\org\key_project\exploration\testAdditions.key
[12:49:30.306] ?[34mINFO ?[0;39m ?[36mAbstractProblemLoader?[0;39m - Creating init config
[12:49:34.087] ?[34mINFO ?[0;39m ?[36mAbstractProblemLoader?[0;39m - Replaying proof testAdditions.key
[12:49:34.216] ?[34mINFO ?[0;39m ?[36mAbstractProblemLoader?[0;39m - Loading environment from src\test\resources\org\key_project\exploration\testAdditions.key
[12:49:34.216] ?[34mINFO ?[0;39m ?[36mAbstractProblemLoader?[0;39m - Creating init config
[12:49:37.919] ?[34mINFO ?[0;39m ?[36mAbstractProblemLoader?[0;39m - Replaying proof testAdditions.key
]]></system-out>
  <system-err><![CDATA[]]></system-err>
</testsuite>
