<?xml version="1.0" encoding="UTF-8"?>
<testsuite name="de.uka.ilkd.key.proof.TestTacletIndex" tests="5" skipped="1" failures="0" errors="0" timestamp="2023-02-27T18:30:18" hostname="fv-az575-749" time="1.038">
  <properties/>
  <testcase name="testShownIfHeuristicFits()" classname="de.uka.ilkd.key.proof.TestTacletIndex" time="1.033"/>
  <testcase name="testMatchConflictOccurs()" classname="de.uka.ilkd.key.proof.TestTacletIndex" time="0.001"/>
  <testcase name="testNoMatchingFindRule()" classname="de.uka.ilkd.key.proof.TestTacletIndex" time="0.001"/>
  <testcase name="disabled_testNonInteractiveIsShownOnlyIfHeuristicIsMissed()" classname="de.uka.ilkd.key.proof.TestTacletIndex" time="0.0">
    <skipped/>
  </testcase>
  <testcase name="testNotFreeInYConflict()" classname="de.uka.ilkd.key.proof.TestTacletIndex" time="0.002"/>
  <system-out><![CDATA[]]></system-out>
  <system-err><![CDATA[]]></system-err>
</testsuite>
