<?xml version="1.0" encoding="UTF-8"?>
<testsuite name="de.uka.ilkd.key.testcase.smt.testgen.TestTestgen" tests="1" skipped="0" failures="0" errors="0" timestamp="2023-04-20T10:29:54" hostname="fv-az319-602" time="5.172">
  <properties/>
  <testcase name="testMiddle()" classname="de.uka.ilkd.key.testcase.smt.testgen.TestTestgen" time="5.172"/>
  <system-out><![CDATA[16417      WARN  Test worker     d.u.i.k.t.s.t.TestTestgen Warning: Z3_CE is not installed, tests skipped. 
16417      WARN  Test worker     d.u.i.k.t.s.t.TestTestgen Maybe use JVM system property "z3SolverPath" to define the path to the Z3 command. 
16417      INFO  Test worker     d.u.i.k.p.i.AbstractProblemLoader Loading environment from src\test\resources\testcase\smt\tg\middle.key 
16417      DEBUG Test worker     d.u.i.k.p.i.AbstractProblemLoader Environment load took 496.6ns 
16433      INFO  Test worker     d.u.i.k.p.i.AbstractProblemLoader Creating init config 
20686      DEBUG Test worker     d.u.i.k.p.i.AbstractProblemLoader Init config took 4.25s 
20826      INFO  Test worker     d.u.i.k.p.i.AbstractProblemLoader Replaying proof Middle[Middle::middle(int,int,int)].JML normal_behavior operation contract.0 
20826      DEBUG Test worker     d.u.i.k.p.i.IntermediateProofReplayer Proof replay took 140.4ns 
]]></system-out>
  <system-err><![CDATA[]]></system-err>
</testsuite>
