<?xml version="1.0" encoding="UTF-8"?>
<testsuite name="org.key_project.slicing.EndToEndTests" tests="11" skipped="0" failures="0" errors="0" timestamp="2023-04-03T21:21:32" hostname="fv-az399-738" time="245.263">
  <properties/>
  <testcase name="sliceIfThenElseSplit()" classname="org.key_project.slicing.EndToEndTests" time="54.259"/>
  <testcase name="deduplicateChecksMergabilityCorrectly()" classname="org.key_project.slicing.EndToEndTests" time="8.513"/>
  <testcase name="sliceDuplicatesAway()" classname="org.key_project.slicing.EndToEndTests" time="33.918"/>
  <testcase name="sliceMultipleIterations()" classname="org.key_project.slicing.EndToEndTests" time="61.928"/>
  <testcase name="sliceDuplicatesAwayOpenGoals()" classname="org.key_project.slicing.EndToEndTests" time="33.805"/>
  <testcase name="sliceCutExample()" classname="org.key_project.slicing.EndToEndTests" time="8.363"/>
  <testcase name="sliceAgathaWithOpenGoal()" classname="org.key_project.slicing.EndToEndTests" time="8.411"/>
  <testcase name="sliceSimpleSMT()" classname="org.key_project.slicing.EndToEndTests" time="0.001"/>
  <testcase name="sliceWithOpenGoal()" classname="org.key_project.slicing.EndToEndTests" time="16.674"/>
  <testcase name="sliceAgatha()" classname="org.key_project.slicing.EndToEndTests" time="8.372"/>
  <testcase name="sliceJavaProof()" classname="org.key_project.slicing.EndToEndTests" time="11.01"/>
  <system-out><![CDATA[[21:21:32.204] ?[34mINFO ?[0;39m ?[36mEndToEndTests?[0;39m - Loading /home/runner/work/key/key/keyext.slicing/src/test/resources/testcase/ifThenElseSplit.proof
[21:21:32.340] ?[31mWARN ?[0;39m ?[36mProofIndependentSettings?[0;39m - The settings in /home/runner/.key/proofIndependentSettings.props are *not* read due to flag 'key.disregardSettings'
[21:21:32.494] ?[31mWARN ?[0;39m ?[36mProofSettings?[0;39m - The settings in /home/runner/.key/proof-settings.props are *not* read.
[21:21:44.698] ?[34mINFO ?[0;39m ?[36mKeyStrokeSettings?[0;39m - Save keyboard shortcuts to: /home/runner/.key/keystrokes.properties
[21:21:51.176] ?[34mINFO ?[0;39m ?[36mEndToEndTests?[0;39m - Loading /home/runner/work/key/key/keyext.slicing/src/test/resources/testcase/ifThenElseSplit.proof
[21:21:54.296] ?[34mINFO ?[0;39m ?[36mDependencyAnalyzer?[0;39m - merging 2 and 3
[21:22:00.328] ?[34mINFO ?[0;39m ?[36mEndToEndTests?[0;39m - Loading /tmp/KeYslice3695104691671913108/ifThenElseSplit_slice1.proof
[21:22:03.265] ?[34mINFO ?[0;39m ?[36mDependencyAnalyzer?[0;39m - merging 3 and 4
[21:22:09.129] ?[34mINFO ?[0;39m ?[36mEndToEndTests?[0;39m - Loading /tmp/KeYslice13808485994297297881/ifThenElseSplit_slice2.proof
[21:22:12.066] ?[34mINFO ?[0;39m ?[36mDependencyAnalyzer?[0;39m - merging 4 and 5
[21:22:17.841] ?[34mINFO ?[0;39m ?[36mEndToEndTests?[0;39m - Loading /tmp/KeYslice6501558380645938580/ifThenElseSplit_slice3.proof
[21:22:20.704] ?[34mINFO ?[0;39m ?[36mDependencyAnalyzer?[0;39m - merging 5 and 6
[21:22:26.463] ?[34mINFO ?[0;39m ?[36mEndToEndTests?[0;39m - Loading /home/runner/work/key/key/keyext.slicing/src/test/resources/testcase/deduplicateCheck4.proof
[21:22:34.976] ?[34mINFO ?[0;39m ?[36mEndToEndTests?[0;39m - Loading /home/runner/work/key/key/keyext.slicing/src/test/resources/testcase/exampleDuplicate.proof
[21:22:37.795] ?[34mINFO ?[0;39m ?[36mDependencyAnalyzer?[0;39m - merging 2 and 3
[21:22:43.515] ?[34mINFO ?[0;39m ?[36mEndToEndTests?[0;39m - Loading /tmp/KeYslice17123831264873718474/exampleDuplicate_slice1.proof
[21:22:46.343] ?[34mINFO ?[0;39m ?[36mDependencyAnalyzer?[0;39m - merging 3 and 4
[21:22:52.039] ?[34mINFO ?[0;39m ?[36mEndToEndTests?[0;39m - Loading /tmp/KeYslice1920893340798348094/exampleDuplicate_slice2.proof
[21:22:54.841] ?[34mINFO ?[0;39m ?[36mDependencyAnalyzer?[0;39m - merging 4 and 5
[21:23:00.512] ?[34mINFO ?[0;39m ?[36mEndToEndTests?[0;39m - Loading /tmp/KeYslice10395668638000020861/exampleDuplicate_slice3.proof
[21:23:08.895] ?[34mINFO ?[0;39m ?[36mEndToEndTests?[0;39m - Loading /home/runner/work/key/key/keyext.slicing/src/test/resources/testcase/../../../../../key.ui/examples/firstTouch/05-ReverseArray/reverseArray.proof
[21:23:14.640] ?[34mINFO ?[0;39m ?[36mDependencyAnalyzer?[0;39m - merging 2591 and 3795
[21:23:14.642] ?[34mINFO ?[0;39m ?[36mDependencyAnalyzer?[0;39m - merging 3958 and 4306
[21:23:14.649] ?[34mINFO ?[0;39m ?[36mDependencyAnalyzer?[0;39m - merging 1354 and 4678
[21:23:14.654] ?[34mINFO ?[0;39m ?[36mDependencyAnalyzer?[0;39m - merging 1010 and 4663
[21:23:23.247] ?[34mINFO ?[0;39m ?[36mEndToEndTests?[0;39m - Loading /tmp/KeYslice10584391371510587331/reverseArray_slice1.proof
[21:23:27.523] ?[34mINFO ?[0;39m ?[36mDependencyAnalyzer?[0;39m - merging 2219 and 2914
[21:23:27.528] ?[34mINFO ?[0;39m ?[36mDependencyAnalyzer?[0;39m - merging 880 and 3473
[21:23:27.533] ?[34mINFO ?[0;39m ?[36mDependencyAnalyzer?[0;39m - merging 2973 and 3148
[21:23:27.543] ?[34mINFO ?[0;39m ?[36mDependencyAnalyzer?[0;39m - merging 943 and 3370
[21:23:27.552] ?[34mINFO ?[0;39m ?[36mDependencyAnalyzer?[0;39m - merging 1281 and 3384
[21:23:27.556] ?[34mINFO ?[0;39m ?[36mDependencyAnalyzer?[0;39m - merging 947 and 3782
[21:23:27.577] ?[34mINFO ?[0;39m ?[36mDependencyAnalyzer?[0;39m - merging 879 and 3479
[21:23:35.586] ?[34mINFO ?[0;39m ?[36mEndToEndTests?[0;39m - Loading /tmp/KeYslice4372133447113319546/reverseArray_slice2.proof
[21:23:39.675] ?[34mINFO ?[0;39m ?[36mDependencyAnalyzer?[0;39m - merging 2973 and 3147
[21:23:39.681] ?[34mINFO ?[0;39m ?[36mDependencyAnalyzer?[0;39m - merging 883 and 3474
[21:23:39.687] ?[34mINFO ?[0;39m ?[36mDependencyAnalyzer?[0;39m - merging 882 and 3469
[21:23:39.689] ?[34mINFO ?[0;39m ?[36mDependencyAnalyzer?[0;39m - merging 782 and 3569
[21:23:39.690] ?[34mINFO ?[0;39m ?[36mDependencyAnalyzer?[0;39m - merging 1301 and 3381
[21:23:39.698] ?[34mINFO ?[0;39m ?[36mDependencyAnalyzer?[0;39m - merging 949 and 3776
[21:23:39.708] ?[34mINFO ?[0;39m ?[36mDependencyAnalyzer?[0;39m - merging 2220 and 2914
[21:23:39.711] ?[34mINFO ?[0;39m ?[36mDependencyAnalyzer?[0;39m - merging 946 and 3368
[21:23:39.713] ?[34mINFO ?[0;39m ?[36mDependencyAnalyzer?[0;39m - merging 781 and 3554
[21:23:47.467] ?[34mINFO ?[0;39m ?[36mEndToEndTests?[0;39m - Loading /tmp/KeYslice4465208327889952151/reverseArray_slice3.proof
[21:23:51.433] ?[34mINFO ?[0;39m ?[36mDependencyAnalyzer?[0;39m - merging 785 and 3548
[21:23:51.438] ?[34mINFO ?[0;39m ?[36mDependencyAnalyzer?[0;39m - merging 886 and 3465
[21:23:51.443] ?[34mINFO ?[0;39m ?[36mDependencyAnalyzer?[0;39m - merging 784 and 3562
[21:23:51.446] ?[34mINFO ?[0;39m ?[36mDependencyAnalyzer?[0;39m - merging 885 and 3469
[21:23:51.449] ?[34mINFO ?[0;39m ?[36mDependencyAnalyzer?[0;39m - merging 756 and 3657
[21:23:51.450] ?[34mINFO ?[0;39m ?[36mDependencyAnalyzer?[0;39m - merging 2973 and 3146
[21:23:51.452] ?[34mINFO ?[0;39m ?[36mDependencyAnalyzer?[0;39m - merging 2221 and 2914
[21:23:51.458] ?[34mINFO ?[0;39m ?[36mDependencyAnalyzer?[0;39m - merging 1302 and 3378
[21:23:51.463] ?[34mINFO ?[0;39m ?[36mDependencyAnalyzer?[0;39m - merging 1296 and 3803
[21:23:51.470] ?[34mINFO ?[0;39m ?[36mDependencyAnalyzer?[0;39m - merging 757 and 3651
[21:23:51.472] ?[34mINFO ?[0;39m ?[36mDependencyAnalyzer?[0;39m - merging 1285 and 3379
[21:23:59.132] ?[34mINFO ?[0;39m ?[36mEndToEndTests?[0;39m - Loading /tmp/KeYslice5452585995089425311/reverseArray_slice4.proof
[21:24:03.088] ?[34mINFO ?[0;39m ?[36mDependencyAnalyzer?[0;39m - merging 1298 and 3793
[21:24:03.089] ?[34mINFO ?[0;39m ?[36mDependencyAnalyzer?[0;39m - merging 759 and 3643
[21:24:03.092] ?[34mINFO ?[0;39m ?[36mDependencyAnalyzer?[0;39m - merging 1288 and 3376
[21:24:03.095] ?[34mINFO ?[0;39m ?[36mDependencyAnalyzer?[0;39m - merging 1396 and 3388
[21:24:03.096] ?[34mINFO ?[0;39m ?[36mDependencyAnalyzer?[0;39m - merging 2222 and 2914
[21:24:03.098] ?[34mINFO ?[0;39m ?[36mDependencyAnalyzer?[0;39m - merging 2973 and 3145
[21:24:03.103] ?[34mINFO ?[0;39m ?[36mDependencyAnalyzer?[0;39m - merging 889 and 3465
[21:24:03.105] ?[34mINFO ?[0;39m ?[36mDependencyAnalyzer?[0;39m - merging 760 and 3648
[21:24:03.107] ?[34mINFO ?[0;39m ?[36mDependencyAnalyzer?[0;39m - merging 788 and 3555
[21:24:03.111] ?[34mINFO ?[0;39m ?[36mDependencyAnalyzer?[0;39m - merging 787 and 3542
[21:24:03.115] ?[34mINFO ?[0;39m ?[36mDependencyAnalyzer?[0;39m - merging 888 and 3464
[21:24:03.117] ?[34mINFO ?[0;39m ?[36mDependencyAnalyzer?[0;39m - merging 621 and 3786
[21:24:10.824] ?[34mINFO ?[0;39m ?[36mEndToEndTests?[0;39m - Loading /home/runner/work/key/key/keyext.slicing/src/test/resources/testcase/exampleDuplicateOpen.proof
[21:24:13.641] ?[34mINFO ?[0;39m ?[36mDependencyAnalyzer?[0;39m - merging 2 and 3
[21:24:19.386] ?[34mINFO ?[0;39m ?[36mEndToEndTests?[0;39m - Loading /tmp/KeYslice3812838208218067977/exampleDuplicateOpen_slice1.proof
[21:24:22.195] ?[34mINFO ?[0;39m ?[36mDependencyAnalyzer?[0;39m - merging 3 and 4
[21:24:27.814] ?[34mINFO ?[0;39m ?[36mEndToEndTests?[0;39m - Loading /tmp/KeYslice10489534330745920481/exampleDuplicateOpen_slice2.proof
[21:24:30.616] ?[34mINFO ?[0;39m ?[36mDependencyAnalyzer?[0;39m - merging 4 and 5
[21:24:36.269] ?[34mINFO ?[0;39m ?[36mEndToEndTests?[0;39m - Loading /tmp/KeYslice1557144801910741728/exampleDuplicateOpen_slice3.proof
[21:24:44.629] ?[34mINFO ?[0;39m ?[36mEndToEndTests?[0;39m - Loading /home/runner/work/key/key/keyext.slicing/src/test/resources/testcase/cutExample.proof
[21:24:52.993] ?[34mINFO ?[0;39m ?[36mEndToEndTests?[0;39m - Loading /home/runner/work/key/key/keyext.slicing/src/test/resources/testcase/agathaOpenGoal.proof
[21:25:01.406] ?[34mINFO ?[0;39m ?[36mEndToEndTests?[0;39m - Loading /home/runner/work/key/key/keyext.slicing/src/test/resources/testcase/openGoal1.proof
[21:25:09.716] ?[34mINFO ?[0;39m ?[36mEndToEndTests?[0;39m - Loading /home/runner/work/key/key/keyext.slicing/src/test/resources/testcase/openGoal2.proof
[21:25:18.082] ?[34mINFO ?[0;39m ?[36mEndToEndTests?[0;39m - Loading /home/runner/work/key/key/keyext.slicing/src/test/resources/testcase/agatha.proof
[21:25:26.454] ?[34mINFO ?[0;39m ?[36mEndToEndTests?[0;39m - Loading /home/runner/work/key/key/keyext.slicing/src/test/resources/testcase/../../../../../key.ui/examples/heap/verifyThis15_2_ParallelGcd/parallelGcd.proof
]]></system-out>
  <system-err><![CDATA[]]></system-err>
</testsuite>
