<?xml version="1.0" encoding="UTF-8"?>
<testsuite name="org.key_project.util.testcase.java.CollectionUtilTest" tests="22" skipped="0" failures="0" errors="0" timestamp="2023-02-10T19:41:13" hostname="fv-az446-365" time="0.041">
  <properties/>
  <testcase name="testAddAll_Iterable()" classname="org.key_project.util.testcase.java.CollectionUtilTest" time="0.0"/>
  <testcase name="testSearchAll()" classname="org.key_project.util.testcase.java.CollectionUtilTest" time="0.002"/>
  <testcase name="testSearchAndRemove()" classname="org.key_project.util.testcase.java.CollectionUtilTest" time="0.002"/>
  <testcase name="testGetFirst()" classname="org.key_project.util.testcase.java.CollectionUtilTest" time="0.0"/>
  <testcase name="testCount()" classname="org.key_project.util.testcase.java.CollectionUtilTest" time="0.003"/>
  <testcase name="testToSet()" classname="org.key_project.util.testcase.java.CollectionUtilTest" time="0.002"/>
  <testcase name="testSearchAndRemoveWithException()" classname="org.key_project.util.testcase.java.CollectionUtilTest" time="0.003"/>
  <testcase name="testRemoveFirst()" classname="org.key_project.util.testcase.java.CollectionUtilTest" time="0.001"/>
  <testcase name="testIsEmpty_Map()" classname="org.key_project.util.testcase.java.CollectionUtilTest" time="0.001"/>
  <testcase name="testToString_Collection()" classname="org.key_project.util.testcase.java.CollectionUtilTest" time="0.0"/>
  <testcase name="testContains()" classname="org.key_project.util.testcase.java.CollectionUtilTest" time="0.001"/>
  <testcase name="testContainsSame_Set()" classname="org.key_project.util.testcase.java.CollectionUtilTest" time="0.001"/>
  <testcase name="testBinaryInsert()" classname="org.key_project.util.testcase.java.CollectionUtilTest" time="0.001"/>
  <testcase name="testAddAll_Array()" classname="org.key_project.util.testcase.java.CollectionUtilTest" time="0.001"/>
  <testcase name="testRemoveComplete()" classname="org.key_project.util.testcase.java.CollectionUtilTest" time="0.001"/>
  <testcase name="testToString_Collection_String()" classname="org.key_project.util.testcase.java.CollectionUtilTest" time="0.002"/>
  <testcase name="testContainsSame_List()" classname="org.key_project.util.testcase.java.CollectionUtilTest" time="0.0"/>
  <testcase name="testIsEmpty_Collection()" classname="org.key_project.util.testcase.java.CollectionUtilTest" time="0.0"/>
  <testcase name="testSearch()" classname="org.key_project.util.testcase.java.CollectionUtilTest" time="0.002"/>
  <testcase name="testToList()" classname="org.key_project.util.testcase.java.CollectionUtilTest" time="0.001"/>
  <testcase name="testIndexOf_Iterator()" classname="org.key_project.util.testcase.java.CollectionUtilTest" time="0.001"/>
  <testcase name="testRemoveAll()" classname="org.key_project.util.testcase.java.CollectionUtilTest" time="0.001"/>
  <system-out><![CDATA[]]></system-out>
  <system-err><![CDATA[]]></system-err>
</testsuite>
