<?xml version="1.0" encoding="UTF-8"?>
<testsuite name="de.uka.ilkd.key.logic.TestTermLabelManager" tests="21" skipped="0" failures="0" errors="0" timestamp="2023-05-24T08:38:51" hostname="fv-az618-145" time="59.299">
  <properties/>
  <testcase name="testInstantiateLabels_directChildPolicies_allRules()" classname="de.uka.ilkd.key.logic.TestTermLabelManager" time="4.465"/>
  <testcase name="testInstantiateLabels_childAndGrandchildPolicies_ruleSpecific()" classname="de.uka.ilkd.key.logic.TestTermLabelManager" time="3.086"/>
  <testcase name="testParseLabel()" classname="de.uka.ilkd.key.logic.TestTermLabelManager" time="3.13"/>
  <testcase name="testrefactorGoal_childrenAndGrandchildren_ruleSpecific()" classname="de.uka.ilkd.key.logic.TestTermLabelManager" time="3.092"/>
  <testcase name="testrefactorGoal_directChildren_allRules()" classname="de.uka.ilkd.key.logic.TestTermLabelManager" time="3.03"/>
  <testcase name="testInstantiateLabels_childAndGrandchildPolicies_allRules()" classname="de.uka.ilkd.key.logic.TestTermLabelManager" time="3.027"/>
  <testcase name="testInstantiateLabels_taclet()" classname="de.uka.ilkd.key.logic.TestTermLabelManager" time="3.047"/>
  <testcase name="testrefactorGoal_none_ruleSpecific()" classname="de.uka.ilkd.key.logic.TestTermLabelManager" time="2.99"/>
  <testcase name="testInstantiateLabels_updates_ruleSpecific()" classname="de.uka.ilkd.key.logic.TestTermLabelManager" time="3.052"/>
  <testcase name="testrefactorGoal_sequent_ruleSpecific()" classname="de.uka.ilkd.key.logic.TestTermLabelManager" time="3.082"/>
  <testcase name="testInstantiateLabels_updates_allRules()" classname="de.uka.ilkd.key.logic.TestTermLabelManager" time="3.062"/>
  <testcase name="testrefactorGoal_sequent_allRules()" classname="de.uka.ilkd.key.logic.TestTermLabelManager" time="3.109"/>
  <testcase name="testrefactorGoal_childrenAndGrandchildren_allRules()" classname="de.uka.ilkd.key.logic.TestTermLabelManager" time="3.028"/>
  <testcase name="testGetTermLabelManager()" classname="de.uka.ilkd.key.logic.TestTermLabelManager" time="0.005"/>
  <testcase name="testInstantiateLabels_applicationTermPolicies()" classname="de.uka.ilkd.key.logic.TestTermLabelManager" time="3.076"/>
  <testcase name="testInstantiateLabels_modalityTermPolicies()" classname="de.uka.ilkd.key.logic.TestTermLabelManager" time="2.977"/>
  <testcase name="testrefactorGoal_none_allRules()" classname="de.uka.ilkd.key.logic.TestTermLabelManager" time="3.022"/>
  <testcase name="testInstantiateLabels_null()" classname="de.uka.ilkd.key.logic.TestTermLabelManager" time="0.0"/>
  <testcase name="testrefactorGoal_directChildren_ruleSpecific()" classname="de.uka.ilkd.key.logic.TestTermLabelManager" time="2.989"/>
  <testcase name="testInstantiateLabels_directChildPolicies_ruleSpecific()" classname="de.uka.ilkd.key.logic.TestTermLabelManager" time="3.027"/>
  <testcase name="testGetSupportedTermLabelNames()" classname="de.uka.ilkd.key.logic.TestTermLabelManager" time="2.992"/>
  <system-out><![CDATA[118590     INFO  Test worker     d.u.i.k.p.i.AbstractProblemLoader Loading environment from src\test\resources\testcase\termLabels\flatSteps\FlatSteps.java 
118590     DEBUG Test worker     d.u.i.k.p.i.AbstractProblemLoader Environment load took 245.3ns 
118590     INFO  Test worker     d.u.i.k.p.i.AbstractProblemLoader Creating init config 
118782     DEBUG Test worker     d.u.i.k.j.TypeConverter   No LDT found for Meta 
118782     DEBUG Test worker     d.u.i.k.j.TypeConverter   No LDT found for Meta 
118783     DEBUG Test worker     d.u.i.k.j.TypeConverter   No LDT found for Meta 
118783     DEBUG Test worker     d.u.i.k.j.TypeConverter   No LDT found for Meta 
119522     DEBUG Test worker     d.u.i.k.j.TypeConverter   No LDT found for JavaBigintExpression 
123048     DEBUG Test worker     d.u.i.k.p.i.AbstractProblemLoader Init config took 4.46s 
123048     INFO  Test worker     d.u.i.k.p.i.AbstractProblemLoader Loading environment from src\test\resources\testcase\termLabels\flatSteps\FlatSteps.java 
123063     DEBUG Test worker     d.u.i.k.p.i.AbstractProblemLoader Environment load took 343.8ns 
123063     INFO  Test worker     d.u.i.k.p.i.AbstractProblemLoader Creating init config 
126135     DEBUG Test worker     d.u.i.k.p.i.AbstractProblemLoader Init config took 3.07s 
126135     INFO  Test worker     d.u.i.k.p.i.AbstractProblemLoader Loading environment from src\test\resources\testcase\termLabels\flatSteps\FlatSteps.java 
126135     DEBUG Test worker     d.u.i.k.p.i.AbstractProblemLoader Environment load took 567.5ns 
126135     INFO  Test worker     d.u.i.k.p.i.AbstractProblemLoader Creating init config 
129262     DEBUG Test worker     d.u.i.k.p.i.AbstractProblemLoader Init config took 3.11s 
129267     INFO  Test worker     d.u.i.k.p.i.AbstractProblemLoader Loading environment from src\test\resources\testcase\termLabels\flatSteps\FlatSteps.java 
129268     DEBUG Test worker     d.u.i.k.p.i.AbstractProblemLoader Environment load took 211.6ns 
129271     INFO  Test worker     d.u.i.k.p.i.AbstractProblemLoader Creating init config 
132327     DEBUG Test worker     d.u.i.k.p.i.AbstractProblemLoader Init config took 3.06s 
132374     INFO  Test worker     d.u.i.k.p.i.AbstractProblemLoader Loading environment from src\test\resources\testcase\termLabels\flatSteps\FlatSteps.java 
132374     DEBUG Test worker     d.u.i.k.p.i.AbstractProblemLoader Environment load took 627.4ns 
132374     INFO  Test worker     d.u.i.k.p.i.AbstractProblemLoader Creating init config 
135390     DEBUG Test worker     d.u.i.k.p.i.AbstractProblemLoader Init config took 3.01s 
135390     INFO  Test worker     d.u.i.k.p.i.AbstractProblemLoader Loading environment from src\test\resources\testcase\termLabels\flatSteps\FlatSteps.java 
135390     DEBUG Test worker     d.u.i.k.p.i.AbstractProblemLoader Environment load took 523.7ns 
135405     INFO  Test worker     d.u.i.k.p.i.AbstractProblemLoader Creating init config 
138417     DEBUG Test worker     d.u.i.k.p.i.AbstractProblemLoader Init config took 3.02s 
138417     INFO  Test worker     d.u.i.k.p.i.AbstractProblemLoader Loading environment from src\test\resources\testcase\termLabels\flatSteps\FlatSteps.java 
138417     DEBUG Test worker     d.u.i.k.p.i.AbstractProblemLoader Environment load took 159.5ns 
138432     INFO  Test worker     d.u.i.k.p.i.AbstractProblemLoader Creating init config 
141462     DEBUG Test worker     d.u.i.k.p.i.AbstractProblemLoader Init config took 3.03s 
141467     INFO  Test worker     d.u.i.k.p.i.AbstractProblemLoader Loading environment from src\test\resources\testcase\termLabels\flatSteps\FlatSteps.java 
141468     DEBUG Test worker     d.u.i.k.p.i.AbstractProblemLoader Environment load took 965.4ns 
141471     INFO  Test worker     d.u.i.k.p.i.AbstractProblemLoader Creating init config 
144443     DEBUG Test worker     d.u.i.k.p.i.AbstractProblemLoader Init config took 2.97s 
144443     INFO  Test worker     d.u.i.k.p.i.AbstractProblemLoader Loading environment from src\test\resources\testcase\termLabels\flatSteps\FlatSteps.java 
144443     DEBUG Test worker     d.u.i.k.p.i.AbstractProblemLoader Environment load took 156.4ns 
144459     INFO  Test worker     d.u.i.k.p.i.AbstractProblemLoader Creating init config 
147507     DEBUG Test worker     d.u.i.k.p.i.AbstractProblemLoader Init config took 3.05s 
147507     INFO  Test worker     d.u.i.k.p.i.AbstractProblemLoader Loading environment from src\test\resources\testcase\termLabels\flatSteps\FlatSteps.java 
147507     DEBUG Test worker     d.u.i.k.p.i.AbstractProblemLoader Environment load took 169.8ns 
147507     INFO  Test worker     d.u.i.k.p.i.AbstractProblemLoader Creating init config 
150589     DEBUG Test worker     d.u.i.k.p.i.AbstractProblemLoader Init config took 3.07s 
150589     INFO  Test worker     d.u.i.k.p.i.AbstractProblemLoader Loading environment from src\test\resources\testcase\termLabels\flatSteps\FlatSteps.java 
150589     DEBUG Test worker     d.u.i.k.p.i.AbstractProblemLoader Environment load took 175.1ns 
150604     INFO  Test worker     d.u.i.k.p.i.AbstractProblemLoader Creating init config 
153652     DEBUG Test worker     d.u.i.k.p.i.AbstractProblemLoader Init config took 3.05s 
153652     INFO  Test worker     d.u.i.k.p.i.AbstractProblemLoader Loading environment from src\test\resources\testcase\termLabels\flatSteps\FlatSteps.java 
153652     DEBUG Test worker     d.u.i.k.p.i.AbstractProblemLoader Environment load took 609.3ns 
153652     INFO  Test worker     d.u.i.k.p.i.AbstractProblemLoader Creating init config 
156745     DEBUG Test worker     d.u.i.k.p.i.AbstractProblemLoader Init config took 3.09s 
156761     INFO  Test worker     d.u.i.k.p.i.AbstractProblemLoader Loading environment from src\test\resources\testcase\termLabels\flatSteps\FlatSteps.java 
156761     DEBUG Test worker     d.u.i.k.p.i.AbstractProblemLoader Environment load took 168.1ns 
156761     INFO  Test worker     d.u.i.k.p.i.AbstractProblemLoader Creating init config 
159773     DEBUG Test worker     d.u.i.k.p.i.AbstractProblemLoader Init config took 3.01s 
159789     INFO  Test worker     d.u.i.k.p.i.AbstractProblemLoader Loading environment from src\test\resources\testcase\termLabels\flatSteps\FlatSteps.java 
159789     DEBUG Test worker     d.u.i.k.p.i.AbstractProblemLoader Environment load took 176.2ns 
159805     INFO  Test worker     d.u.i.k.p.i.AbstractProblemLoader Creating init config 
162870     DEBUG Test worker     d.u.i.k.p.i.AbstractProblemLoader Init config took 3.07s 
162885     INFO  Test worker     d.u.i.k.p.i.AbstractProblemLoader Loading environment from src\test\resources\testcase\termLabels\flatSteps\FlatSteps.java 
162885     DEBUG Test worker     d.u.i.k.p.i.AbstractProblemLoader Environment load took 273.3ns 
162885     INFO  Test worker     d.u.i.k.p.i.AbstractProblemLoader Creating init config 
165847     DEBUG Test worker     d.u.i.k.p.i.AbstractProblemLoader Init config took 2.97s 
165863     INFO  Test worker     d.u.i.k.p.i.AbstractProblemLoader Loading environment from src\test\resources\testcase\termLabels\flatSteps\FlatSteps.java 
165863     DEBUG Test worker     d.u.i.k.p.i.AbstractProblemLoader Environment load took 590ns 
165863     INFO  Test worker     d.u.i.k.p.i.AbstractProblemLoader Creating init config 
168855     DEBUG Test worker     d.u.i.k.p.i.AbstractProblemLoader Init config took 3s 
168871     INFO  Test worker     d.u.i.k.p.i.AbstractProblemLoader Loading environment from src\test\resources\testcase\termLabels\flatSteps\FlatSteps.java 
168871     DEBUG Test worker     d.u.i.k.p.i.AbstractProblemLoader Environment load took 156.9ns 
168871     INFO  Test worker     d.u.i.k.p.i.AbstractProblemLoader Creating init config 
171838     DEBUG Test worker     d.u.i.k.p.i.AbstractProblemLoader Init config took 2.98s 
171854     INFO  Test worker     d.u.i.k.p.i.AbstractProblemLoader Loading environment from src\test\resources\testcase\termLabels\flatSteps\FlatSteps.java 
171854     DEBUG Test worker     d.u.i.k.p.i.AbstractProblemLoader Environment load took 323ns 
171854     INFO  Test worker     d.u.i.k.p.i.AbstractProblemLoader Creating init config 
174890     DEBUG Test worker     d.u.i.k.p.i.AbstractProblemLoader Init config took 3.03s 
174906     INFO  Test worker     d.u.i.k.p.i.AbstractProblemLoader Loading environment from src\test\resources\testcase\termLabels\flatSteps\FlatSteps.java 
174906     DEBUG Test worker     d.u.i.k.p.i.AbstractProblemLoader Environment load took 633.9ns 
174906     INFO  Test worker     d.u.i.k.p.i.AbstractProblemLoader Creating init config 
177881     DEBUG Test worker     d.u.i.k.p.i.AbstractProblemLoader Init config took 2.98s 
]]></system-out>
  <system-err><![CDATA[]]></system-err>
</testsuite>
