<?xml version="1.0" encoding="UTF-8"?>
<testsuite name="de.uka.ilkd.key.logic.TestClashFreeSubst" tests="14" skipped="2" failures="0" errors="0" timestamp="2023-05-24T08:37:34" hostname="fv-az618-145" time="52.375">
  <properties/>
  <testcase name="testMultiShareBound()" classname="de.uka.ilkd.key.logic.TestClashFreeSubst" time="1.037"/>
  <testcase name="testClash()" classname="de.uka.ilkd.key.logic.TestClashFreeSubst" time="1.102"/>
  <testcase name="testShare()" classname="de.uka.ilkd.key.logic.TestClashFreeSubst" time="0.954"/>
  <testcase name="testSubst()" classname="de.uka.ilkd.key.logic.TestClashFreeSubst" time="0.97"/>
  <testcase name="testWary0()" classname="de.uka.ilkd.key.logic.TestClashFreeSubst" time="1.062"/>
  <testcase name="testWary1()" classname="de.uka.ilkd.key.logic.TestClashFreeSubst" time="0.943"/>
  <testcase name="testWary2()" classname="de.uka.ilkd.key.logic.TestClashFreeSubst" time="0.966"/>
  <testcase name="testClashInSubstTerm()" classname="de.uka.ilkd.key.logic.TestClashFreeSubst" time="0.955"/>
  <testcase name="testShareWary()" classname="de.uka.ilkd.key.logic.TestClashFreeSubst" time="0.96"/>
  <testcase name="testMultiSubst()" classname="de.uka.ilkd.key.logic.TestClashFreeSubst" time="0.976"/>
  <testcase name="xtestMultiClash()" classname="de.uka.ilkd.key.logic.TestClashFreeSubst" time="0.0">
    <skipped/>
  </testcase>
  <testcase name="testSubstInSubstTerm()" classname="de.uka.ilkd.key.logic.TestClashFreeSubst" time="0.95"/>
  <testcase name="testSubstWary()" classname="de.uka.ilkd.key.logic.TestClashFreeSubst" time="0.979"/>
  <testcase name="xtestMultiClash1()" classname="de.uka.ilkd.key.logic.TestClashFreeSubst" time="0.0">
    <skipped/>
  </testcase>
  <system-out><![CDATA[41599      INFO  Test worker     d.u.i.k.n.KeyIO           Parsing took 0 ms 
41599      DEBUG Test worker     d.u.i.k.n.KeyIO           Load declarations of de.uka.ilkd.key.nparser.KeyAst$File:  <unknown>:1#1 
41599      INFO  Test worker     d.u.i.k.n.KeyIO           MODE: declarations took 0 ms 
41599      DEBUG Test worker     d.u.i.k.n.KeyIO           MODE: 2nd degree decls took 0 
42623      INFO  Test worker     d.u.i.k.n.KeyIO           Parsing took 0 ms 
42623      DEBUG Test worker     d.u.i.k.n.KeyIO           Load declarations of de.uka.ilkd.key.nparser.KeyAst$File:  <unknown>:1#1 
42623      INFO  Test worker     d.u.i.k.n.KeyIO           MODE: declarations took 0 ms 
42623      DEBUG Test worker     d.u.i.k.n.KeyIO           MODE: 2nd degree decls took 0 
45929      INFO  Test worker     d.u.i.k.n.KeyIO           Parsing took 0 ms 
45929      DEBUG Test worker     d.u.i.k.n.KeyIO           Load declarations of de.uka.ilkd.key.nparser.KeyAst$File:  <unknown>:1#1 
45929      INFO  Test worker     d.u.i.k.n.KeyIO           MODE: declarations took 0 ms 
45929      DEBUG Test worker     d.u.i.k.n.KeyIO           MODE: 2nd degree decls took 0 
47037      INFO  Test worker     d.u.i.k.n.KeyIO           Parsing took 0 ms 
47037      DEBUG Test worker     d.u.i.k.n.KeyIO           Load declarations of de.uka.ilkd.key.nparser.KeyAst$File:  <unknown>:1#1 
47037      INFO  Test worker     d.u.i.k.n.KeyIO           MODE: declarations took 0 ms 
47037      DEBUG Test worker     d.u.i.k.n.KeyIO           MODE: 2nd degree decls took 0 
50177      INFO  Test worker     d.u.i.k.n.KeyIO           Parsing took 0 ms 
50177      DEBUG Test worker     d.u.i.k.n.KeyIO           Load declarations of de.uka.ilkd.key.nparser.KeyAst$File:  <unknown>:1#1 
50177      INFO  Test worker     d.u.i.k.n.KeyIO           MODE: declarations took 0 ms 
50177      DEBUG Test worker     d.u.i.k.n.KeyIO           MODE: 2nd degree decls took 0 
51121      INFO  Test worker     d.u.i.k.n.KeyIO           Parsing took 0 ms 
51121      DEBUG Test worker     d.u.i.k.n.KeyIO           Load declarations of de.uka.ilkd.key.nparser.KeyAst$File:  <unknown>:1#1 
51121      INFO  Test worker     d.u.i.k.n.KeyIO           MODE: declarations took 0 ms 
51121      DEBUG Test worker     d.u.i.k.n.KeyIO           MODE: 2nd degree decls took 0 
54272      INFO  Test worker     d.u.i.k.n.KeyIO           Parsing took 0 ms 
54272      DEBUG Test worker     d.u.i.k.n.KeyIO           Load declarations of de.uka.ilkd.key.nparser.KeyAst$File:  <unknown>:1#1 
54272      INFO  Test worker     d.u.i.k.n.KeyIO           MODE: declarations took 0 ms 
54272      DEBUG Test worker     d.u.i.k.n.KeyIO           MODE: 2nd degree decls took 0 
55229      INFO  Test worker     d.u.i.k.n.KeyIO           Parsing took 0 ms 
55229      DEBUG Test worker     d.u.i.k.n.KeyIO           Load declarations of de.uka.ilkd.key.nparser.KeyAst$File:  <unknown>:1#1 
55229      INFO  Test worker     d.u.i.k.n.KeyIO           MODE: declarations took 0 ms 
55229      DEBUG Test worker     d.u.i.k.n.KeyIO           MODE: 2nd degree decls took 0 
58307      INFO  Test worker     d.u.i.k.n.KeyIO           Parsing took 0 ms 
58307      DEBUG Test worker     d.u.i.k.n.KeyIO           Load declarations of de.uka.ilkd.key.nparser.KeyAst$File:  <unknown>:1#1 
58307      INFO  Test worker     d.u.i.k.n.KeyIO           MODE: declarations took 0 ms 
58307      DEBUG Test worker     d.u.i.k.n.KeyIO           MODE: 2nd degree decls took 0 
59361      INFO  Test worker     d.u.i.k.n.KeyIO           Parsing took 0 ms 
59361      DEBUG Test worker     d.u.i.k.n.KeyIO           Load declarations of de.uka.ilkd.key.nparser.KeyAst$File:  <unknown>:1#1 
59361      INFO  Test worker     d.u.i.k.n.KeyIO           MODE: declarations took 0 ms 
59361      DEBUG Test worker     d.u.i.k.n.KeyIO           MODE: 2nd degree decls took 0 
62500      INFO  Test worker     d.u.i.k.n.KeyIO           Parsing took 0 ms 
62500      DEBUG Test worker     d.u.i.k.n.KeyIO           Load declarations of de.uka.ilkd.key.nparser.KeyAst$File:  <unknown>:1#1 
62500      INFO  Test worker     d.u.i.k.n.KeyIO           MODE: declarations took 0 ms 
62500      DEBUG Test worker     d.u.i.k.n.KeyIO           MODE: 2nd degree decls took 0 
63449      INFO  Test worker     d.u.i.k.n.KeyIO           Parsing took 0 ms 
63449      DEBUG Test worker     d.u.i.k.n.KeyIO           Load declarations of de.uka.ilkd.key.nparser.KeyAst$File:  <unknown>:1#1 
63449      INFO  Test worker     d.u.i.k.n.KeyIO           MODE: declarations took 0 ms 
63449      DEBUG Test worker     d.u.i.k.n.KeyIO           MODE: 2nd degree decls took 0 
66520      INFO  Test worker     d.u.i.k.n.KeyIO           Parsing took 0 ms 
66520      DEBUG Test worker     d.u.i.k.n.KeyIO           Load declarations of de.uka.ilkd.key.nparser.KeyAst$File:  <unknown>:1#1 
66520      INFO  Test worker     d.u.i.k.n.KeyIO           MODE: declarations took 0 ms 
66520      DEBUG Test worker     d.u.i.k.n.KeyIO           MODE: 2nd degree decls took 0 
67477      INFO  Test worker     d.u.i.k.n.KeyIO           Parsing took 0 ms 
67477      DEBUG Test worker     d.u.i.k.n.KeyIO           Load declarations of de.uka.ilkd.key.nparser.KeyAst$File:  <unknown>:1#1 
67477      INFO  Test worker     d.u.i.k.n.KeyIO           MODE: declarations took 0 ms 
67477      DEBUG Test worker     d.u.i.k.n.KeyIO           MODE: 2nd degree decls took 0 
70612      INFO  Test worker     d.u.i.k.n.KeyIO           Parsing took 0 ms 
70612      DEBUG Test worker     d.u.i.k.n.KeyIO           Load declarations of de.uka.ilkd.key.nparser.KeyAst$File:  <unknown>:1#1 
70612      INFO  Test worker     d.u.i.k.n.KeyIO           MODE: declarations took 0 ms 
70612      DEBUG Test worker     d.u.i.k.n.KeyIO           MODE: 2nd degree decls took 0 
71561      INFO  Test worker     d.u.i.k.n.KeyIO           Parsing took 0 ms 
71561      DEBUG Test worker     d.u.i.k.n.KeyIO           Load declarations of de.uka.ilkd.key.nparser.KeyAst$File:  <unknown>:1#1 
71576      INFO  Test worker     d.u.i.k.n.KeyIO           MODE: declarations took 15 ms 
71576      DEBUG Test worker     d.u.i.k.n.KeyIO           MODE: 2nd degree decls took 0 
74645      INFO  Test worker     d.u.i.k.n.KeyIO           Parsing took 0 ms 
74645      DEBUG Test worker     d.u.i.k.n.KeyIO           Load declarations of de.uka.ilkd.key.nparser.KeyAst$File:  <unknown>:1#1 
74645      INFO  Test worker     d.u.i.k.n.KeyIO           MODE: declarations took 0 ms 
74645      DEBUG Test worker     d.u.i.k.n.KeyIO           MODE: 2nd degree decls took 0 
75600      INFO  Test worker     d.u.i.k.n.KeyIO           Parsing took 0 ms 
75600      DEBUG Test worker     d.u.i.k.n.KeyIO           Load declarations of de.uka.ilkd.key.nparser.KeyAst$File:  <unknown>:1#1 
75600      INFO  Test worker     d.u.i.k.n.KeyIO           MODE: declarations took 0 ms 
75600      DEBUG Test worker     d.u.i.k.n.KeyIO           MODE: 2nd degree decls took 0 
78680      INFO  Test worker     d.u.i.k.n.KeyIO           Parsing took 0 ms 
78680      DEBUG Test worker     d.u.i.k.n.KeyIO           Load declarations of de.uka.ilkd.key.nparser.KeyAst$File:  <unknown>:1#1 
78680      INFO  Test worker     d.u.i.k.n.KeyIO           MODE: declarations took 0 ms 
78680      DEBUG Test worker     d.u.i.k.n.KeyIO           MODE: 2nd degree decls took 0 
79646      INFO  Test worker     d.u.i.k.n.KeyIO           Parsing took 0 ms 
79646      DEBUG Test worker     d.u.i.k.n.KeyIO           Load declarations of de.uka.ilkd.key.nparser.KeyAst$File:  <unknown>:1#1 
79646      INFO  Test worker     d.u.i.k.n.KeyIO           MODE: declarations took 0 ms 
79646      DEBUG Test worker     d.u.i.k.n.KeyIO           MODE: 2nd degree decls took 0 
85808      INFO  Test worker     d.u.i.k.n.KeyIO           Parsing took 0 ms 
85808      DEBUG Test worker     d.u.i.k.n.KeyIO           Load declarations of de.uka.ilkd.key.nparser.KeyAst$File:  <unknown>:1#1 
85808      INFO  Test worker     d.u.i.k.n.KeyIO           MODE: declarations took 0 ms 
85808      DEBUG Test worker     d.u.i.k.n.KeyIO           MODE: 2nd degree decls took 0 
86745      INFO  Test worker     d.u.i.k.n.KeyIO           Parsing took 0 ms 
86745      DEBUG Test worker     d.u.i.k.n.KeyIO           Load declarations of de.uka.ilkd.key.nparser.KeyAst$File:  <unknown>:1#1 
86745      INFO  Test worker     d.u.i.k.n.KeyIO           MODE: declarations took 0 ms 
86745      DEBUG Test worker     d.u.i.k.n.KeyIO           MODE: 2nd degree decls took 0 
89874      INFO  Test worker     d.u.i.k.n.KeyIO           Parsing took 0 ms 
89874      DEBUG Test worker     d.u.i.k.n.KeyIO           Load declarations of de.uka.ilkd.key.nparser.KeyAst$File:  <unknown>:1#1 
89874      INFO  Test worker     d.u.i.k.n.KeyIO           MODE: declarations took 0 ms 
89874      DEBUG Test worker     d.u.i.k.n.KeyIO           MODE: 2nd degree decls took 0 
90838      INFO  Test worker     d.u.i.k.n.KeyIO           Parsing took 0 ms 
90838      DEBUG Test worker     d.u.i.k.n.KeyIO           Load declarations of de.uka.ilkd.key.nparser.KeyAst$File:  <unknown>:1#1 
90838      INFO  Test worker     d.u.i.k.n.KeyIO           MODE: declarations took 0 ms 
90853      DEBUG Test worker     d.u.i.k.n.KeyIO           MODE: 2nd degree decls took 0 
]]></system-out>
  <system-err><![CDATA[]]></system-err>
</testsuite>
