<?xml version="1.0" encoding="UTF-8"?>
<testsuite name="de.uka.ilkd.key.rule.loop.LoopScopeInvRuleTests" tests="1" skipped="0" failures="0" errors="0" timestamp="2023-05-24T08:44:54" hostname="fv-az618-145" time="5.199">
  <properties/>
  <testcase name="testDoAutomaticProofOfBenchmarkWithLabeledBreaksAndContinues()" classname="de.uka.ilkd.key.rule.loop.LoopScopeInvRuleTests" time="5.199"/>
  <system-out><![CDATA[481423     INFO  Test worker     d.u.i.k.p.i.AbstractProblemLoader Loading environment from src\test\resources\testcase\loopScopeInvRule\Test.key 
481423     DEBUG Test worker     d.u.i.k.p.i.AbstractProblemLoader Environment load took 528.1ns 
481423     INFO  Test worker     d.u.i.k.p.i.AbstractProblemLoader Creating init config 
481642     DEBUG Test worker     d.u.i.k.j.TypeConverter   No LDT found for Meta 
481642     DEBUG Test worker     d.u.i.k.j.TypeConverter   No LDT found for Meta 
481642     DEBUG Test worker     d.u.i.k.j.TypeConverter   No LDT found for Meta 
481642     DEBUG Test worker     d.u.i.k.j.TypeConverter   No LDT found for Meta 
482339     DEBUG Test worker     d.u.i.k.j.TypeConverter   No LDT found for JavaBigintExpression 
485853     DEBUG Test worker     d.u.i.k.p.i.AbstractProblemLoader Init config took 4.42s 
485900     INFO  Test worker     d.u.i.k.p.i.AbstractProblemLoader Replaying proof Test[Test::loopScopeRuleBenchmark(int,boolean)].JML normal_behavior operation contract.0 
485900     DEBUG Test worker     d.u.i.k.p.i.IntermediateProofReplayer Proof replay took 17.9ns 
]]></system-out>
  <system-err><![CDATA[]]></system-err>
</testsuite>
