<?xml version="1.0" encoding="UTF-8"?>
<testsuite name="de.uka.ilkd.key.parser.TestDeclParser" tests="14" skipped="2" failures="0" errors="0" timestamp="2023-05-24T08:40:40" hostname="fv-az618-145" time="12.03">
  <properties/>
  <testcase name="testGenericSortDecl1()" classname="de.uka.ilkd.key.parser.TestDeclParser" time="1.181"/>
  <testcase name="testGenericSortDecl2()" classname="de.uka.ilkd.key.parser.TestDeclParser" time="1.047"/>
  <testcase name="testGenericSortDecl3()" classname="de.uka.ilkd.key.parser.TestDeclParser" time="0.929"/>
  <testcase name="testGenericSortDecl4()" classname="de.uka.ilkd.key.parser.TestDeclParser" time="1.021"/>
  <testcase name="testGenericSortDecl5()" classname="de.uka.ilkd.key.parser.TestDeclParser" time="0.0">
    <skipped/>
  </testcase>
  <testcase name="testGenericSortDecl6()" classname="de.uka.ilkd.key.parser.TestDeclParser" time="1.017"/>
  <testcase name="testSortDecl()" classname="de.uka.ilkd.key.parser.TestDeclParser" time="0.902"/>
  <testcase name="testProxySortDecl()" classname="de.uka.ilkd.key.parser.TestDeclParser" time="0.984"/>
  <testcase name="testArrayDecl()" classname="de.uka.ilkd.key.parser.TestDeclParser" time="1.098"/>
  <testcase name="testAmbiguousDecls()" classname="de.uka.ilkd.key.parser.TestDeclParser" time="0.0">
    <skipped/>
  </testcase>
  <testcase name="testHeurDecl()" classname="de.uka.ilkd.key.parser.TestDeclParser" time="0.922"/>
  <testcase name="testFunctionDecl()" classname="de.uka.ilkd.key.parser.TestDeclParser" time="1.008"/>
  <testcase name="testPredicateDecl()" classname="de.uka.ilkd.key.parser.TestDeclParser" time="0.927"/>
  <testcase name="testSVDecl()" classname="de.uka.ilkd.key.parser.TestDeclParser" time="0.99"/>
  <system-out><![CDATA[228831     INFO  Test worker     d.u.i.k.n.KeyIO           Parsing took 0 ms 
228831     DEBUG Test worker     d.u.i.k.n.KeyIO           Load declarations of de.uka.ilkd.key.nparser.KeyAst$File:  <unknown>:1#1 
228831     INFO  Test worker     d.u.i.k.n.KeyIO           MODE: declarations took 0 ms 
228831     DEBUG Test worker     d.u.i.k.n.KeyIO           MODE: 2nd degree decls took 0 
228831     DEBUG Test worker     d.u.i.k.n.KeyIO           MODE: taclets took 0ms 
229893     INFO  Test worker     d.u.i.k.n.KeyIO           Parsing took 0 ms 
229893     DEBUG Test worker     d.u.i.k.n.KeyIO           Load declarations of de.uka.ilkd.key.nparser.KeyAst$File:  <unknown>:1#1 
229893     INFO  Test worker     d.u.i.k.n.KeyIO           MODE: declarations took 0 ms 
229893     DEBUG Test worker     d.u.i.k.n.KeyIO           MODE: 2nd degree decls took 0 
229893     DEBUG Test worker     d.u.i.k.n.KeyIO           MODE: taclets took 0ms 
230815     INFO  Test worker     d.u.i.k.n.KeyIO           Parsing took 0 ms 
230815     DEBUG Test worker     d.u.i.k.n.KeyIO           Load declarations of de.uka.ilkd.key.nparser.KeyAst$File:  <unknown>:1#1 
230815     INFO  Test worker     d.u.i.k.n.KeyIO           MODE: declarations took 0 ms 
230815     DEBUG Test worker     d.u.i.k.n.KeyIO           MODE: 2nd degree decls took 0 
230815     DEBUG Test worker     d.u.i.k.n.KeyIO           MODE: taclets took 0ms 
231835     INFO  Test worker     d.u.i.k.n.KeyIO           Parsing took 0 ms 
231835     DEBUG Test worker     d.u.i.k.n.KeyIO           Load declarations of de.uka.ilkd.key.nparser.KeyAst$File:  <unknown>:1#1 
231835     INFO  Test worker     d.u.i.k.n.KeyIO           MODE: declarations took 0 ms 
231835     DEBUG Test worker     d.u.i.k.n.KeyIO           MODE: 2nd degree decls took 0 
231835     DEBUG Test worker     d.u.i.k.n.KeyIO           MODE: taclets took 0ms 
232856     INFO  Test worker     d.u.i.k.n.KeyIO           Parsing took 0 ms 
232856     DEBUG Test worker     d.u.i.k.n.KeyIO           Load declarations of de.uka.ilkd.key.nparser.KeyAst$File:  <unknown>:1#1 
232856     INFO  Test worker     d.u.i.k.n.KeyIO           MODE: declarations took 0 ms 
232856     DEBUG Test worker     d.u.i.k.n.KeyIO           MODE: 2nd degree decls took 0 
232856     DEBUG Test worker     d.u.i.k.n.KeyIO           MODE: taclets took 0ms 
233763     INFO  Test worker     d.u.i.k.n.KeyIO           Parsing took 16 ms 
233763     DEBUG Test worker     d.u.i.k.n.KeyIO           Load declarations of de.uka.ilkd.key.nparser.KeyAst$File:  <unknown>:1#1 
233763     INFO  Test worker     d.u.i.k.n.KeyIO           MODE: declarations took 0 ms 
233763     DEBUG Test worker     d.u.i.k.n.KeyIO           MODE: 2nd degree decls took 0 
233763     DEBUG Test worker     d.u.i.k.n.KeyIO           MODE: taclets took 0ms 
234738     INFO  Test worker     d.u.i.k.n.KeyIO           Parsing took 0 ms 
234738     DEBUG Test worker     d.u.i.k.n.KeyIO           Load declarations of de.uka.ilkd.key.nparser.KeyAst$File:  <unknown>:1#1 
234738     INFO  Test worker     d.u.i.k.n.KeyIO           MODE: declarations took 0 ms 
234738     DEBUG Test worker     d.u.i.k.n.KeyIO           MODE: 2nd degree decls took 0 
234738     DEBUG Test worker     d.u.i.k.n.KeyIO           MODE: taclets took 0ms 
235836     INFO  Test worker     d.u.i.k.n.KeyIO           Parsing took 0 ms 
235836     DEBUG Test worker     d.u.i.k.n.KeyIO           Load declarations of de.uka.ilkd.key.nparser.KeyAst$File:  <unknown>:1#1 
235836     INFO  Test worker     d.u.i.k.n.KeyIO           MODE: declarations took 0 ms 
235836     DEBUG Test worker     d.u.i.k.n.KeyIO           MODE: 2nd degree decls took 0 
235836     DEBUG Test worker     d.u.i.k.n.KeyIO           MODE: taclets took 0ms 
236768     INFO  Test worker     d.u.i.k.n.KeyIO           Parsing took 0 ms 
236768     DEBUG Test worker     d.u.i.k.n.KeyIO           Load declarations of de.uka.ilkd.key.nparser.KeyAst$File:  <unknown>:1#1 
236768     INFO  Test worker     d.u.i.k.n.KeyIO           MODE: declarations took 0 ms 
236768     DEBUG Test worker     d.u.i.k.n.KeyIO           MODE: 2nd degree decls took 0 
236768     DEBUG Test worker     d.u.i.k.n.KeyIO           MODE: taclets took 0ms 
237777     INFO  Test worker     d.u.i.k.n.KeyIO           Parsing took 0 ms 
237777     DEBUG Test worker     d.u.i.k.n.KeyIO           Load declarations of de.uka.ilkd.key.nparser.KeyAst$File:  <unknown>:1#1 
237777     INFO  Test worker     d.u.i.k.n.KeyIO           MODE: declarations took 0 ms 
237777     DEBUG Test worker     d.u.i.k.n.KeyIO           MODE: 2nd degree decls took 0 
237777     DEBUG Test worker     d.u.i.k.n.KeyIO           MODE: taclets took 0ms 
238715     INFO  Test worker     d.u.i.k.n.KeyIO           Parsing took 0 ms 
238715     DEBUG Test worker     d.u.i.k.n.KeyIO           Load declarations of de.uka.ilkd.key.nparser.KeyAst$File:  <unknown>:1#1 
238715     INFO  Test worker     d.u.i.k.n.KeyIO           MODE: declarations took 0 ms 
238715     DEBUG Test worker     d.u.i.k.n.KeyIO           MODE: 2nd degree decls took 0 
238715     DEBUG Test worker     d.u.i.k.n.KeyIO           MODE: taclets took 0ms 
239694     INFO  Test worker     d.u.i.k.n.KeyIO           Parsing took 0 ms 
239694     DEBUG Test worker     d.u.i.k.n.KeyIO           Load declarations of de.uka.ilkd.key.nparser.KeyAst$File:  <unknown>:1#1 
239694     INFO  Test worker     d.u.i.k.n.KeyIO           MODE: declarations took 0 ms 
239694     DEBUG Test worker     d.u.i.k.n.KeyIO           MODE: 2nd degree decls took 0 
239694     DEBUG Test worker     d.u.i.k.n.KeyIO           MODE: taclets took 0ms 
]]></system-out>
  <system-err><![CDATA[]]></system-err>
</testsuite>
