<?xml version="1.0" encoding="UTF-8"?>
<testsuite name="de.uka.ilkd.key.rule.merge.PredicateAbstractionLatticeTests" tests="3" skipped="0" failures="0" errors="0" timestamp="2023-05-24T08:46:25" hostname="fv-az618-145" time="5.935">
  <properties/>
  <testcase name="testToAndFromString()" classname="de.uka.ilkd.key.rule.merge.PredicateAbstractionLatticeTests" time="2.992"/>
  <testcase name="testCreateSignLatticeWithPredicates()" classname="de.uka.ilkd.key.rule.merge.PredicateAbstractionLatticeTests" time="2.943"/>
  <testcase name="testTrivialPredicatesLattice()" classname="de.uka.ilkd.key.rule.merge.PredicateAbstractionLatticeTests" time="0.0"/>
  <system-out><![CDATA[572129     INFO  Test worker     d.u.i.k.p.i.AbstractProblemLoader Loading environment from src\test\resources\testcase\merge\dummy.key 
572129     DEBUG Test worker     d.u.i.k.p.i.AbstractProblemLoader Environment load took 121.3ns 
572129     INFO  Test worker     d.u.i.k.p.i.AbstractProblemLoader Creating init config 
575092     DEBUG Test worker     d.u.i.k.p.i.AbstractProblemLoader Init config took 2.97s 
575123     INFO  Test worker     d.u.i.k.p.i.AbstractProblemLoader Replaying proof dummy.key 
575123     DEBUG Test worker     d.u.i.k.p.i.IntermediateProofReplayer Proof replay took 10.1ns 
575123     INFO  Test worker     d.u.i.k.p.i.AbstractProblemLoader Loading environment from src\test\resources\testcase\merge\dummy.key 
575123     DEBUG Test worker     d.u.i.k.p.i.AbstractProblemLoader Environment load took 184.9ns 
575123     INFO  Test worker     d.u.i.k.p.i.AbstractProblemLoader Creating init config 
578034     DEBUG Test worker     d.u.i.k.p.i.AbstractProblemLoader Init config took 2.91s 
578049     INFO  Test worker     d.u.i.k.p.i.AbstractProblemLoader Replaying proof dummy.key 
578065     DEBUG Test worker     d.u.i.k.p.i.IntermediateProofReplayer Proof replay took 8.9ns 
]]></system-out>
  <system-err><![CDATA[]]></system-err>
</testsuite>
