<?xml version="1.0" encoding="UTF-8"?>
<testsuite name="de.uka.ilkd.key.parser.TestTermParserSorts" tests="2" skipped="0" failures="0" errors="0" timestamp="2023-05-24T08:44:23" hostname="fv-az618-145" time="3.13">
  <properties/>
  <testcase name="testParseIntegerArgs()" classname="de.uka.ilkd.key.parser.TestTermParserSorts" time="0.016"/>
  <testcase name="testParseSequencePrettySyntax()" classname="de.uka.ilkd.key.parser.TestTermParserSorts" time="0.002"/>
  <system-out><![CDATA[450409     INFO  Test worker     d.u.i.k.n.KeyIO           Parsing took 0 ms 
450409     DEBUG Test worker     d.u.i.k.n.KeyIO           Load declarations of de.uka.ilkd.key.nparser.KeyAst$File:  <unknown>:1#1 
450409     INFO  Test worker     d.u.i.k.n.KeyIO           MODE: declarations took 0 ms 
450409     DEBUG Test worker     d.u.i.k.n.KeyIO           MODE: 2nd degree decls took 0 
450409     INFO  Test worker     d.u.i.k.n.KeyIO           Parsing took 0 ms 
450409     DEBUG Test worker     d.u.i.k.n.KeyIO           Load declarations of de.uka.ilkd.key.nparser.KeyAst$File:  <unknown>:1#1 
450409     INFO  Test worker     d.u.i.k.n.KeyIO           MODE: declarations took 0 ms 
450409     DEBUG Test worker     d.u.i.k.n.KeyIO           MODE: 2nd degree decls took 0 
450409     INFO  Test worker     d.u.i.k.n.KeyIO           Parsing took 0 ms 
450409     DEBUG Test worker     d.u.i.k.n.KeyIO           Load declarations of de.uka.ilkd.key.nparser.KeyAst$File:  <unknown>:1#1 
450409     INFO  Test worker     d.u.i.k.n.KeyIO           MODE: declarations took 0 ms 
450409     DEBUG Test worker     d.u.i.k.n.KeyIO           MODE: 2nd degree decls took 0 
453537     INFO  Test worker     d.u.i.k.n.KeyIO           Parsing took 0 ms 
453537     DEBUG Test worker     d.u.i.k.n.KeyIO           Load declarations of de.uka.ilkd.key.nparser.KeyAst$File:  <unknown>:1#1 
453537     INFO  Test worker     d.u.i.k.n.KeyIO           MODE: declarations took 0 ms 
453537     DEBUG Test worker     d.u.i.k.n.KeyIO           MODE: 2nd degree decls took 0 
453537     INFO  Test worker     d.u.i.k.n.KeyIO           Parsing took 0 ms 
453537     DEBUG Test worker     d.u.i.k.n.KeyIO           Load declarations of de.uka.ilkd.key.nparser.KeyAst$File:  <unknown>:1#1 
453537     INFO  Test worker     d.u.i.k.n.KeyIO           MODE: declarations took 0 ms 
453537     DEBUG Test worker     d.u.i.k.n.KeyIO           MODE: 2nd degree decls took 0 
453537     INFO  Test worker     d.u.i.k.n.KeyIO           Parsing took 0 ms 
453537     DEBUG Test worker     d.u.i.k.n.KeyIO           Load declarations of de.uka.ilkd.key.nparser.KeyAst$File:  <unknown>:1#1 
453537     INFO  Test worker     d.u.i.k.n.KeyIO           MODE: declarations took 0 ms 
453537     DEBUG Test worker     d.u.i.k.n.KeyIO           MODE: 2nd degree decls took 0 
]]></system-out>
  <system-err><![CDATA[]]></system-err>
</testsuite>
