<?xml version="1.0" encoding="UTF-8"?>
<testsuite name="de.uka.ilkd.key.proof.io.consistency.TestProofBundleIO" tests="3" skipped="0" failures="0" errors="0" timestamp="2023-05-24T08:44:40" hostname="fv-az618-145" time="7.92">
  <properties/>
  <testcase name="testSimpleFileRepo()" classname="de.uka.ilkd.key.proof.io.consistency.TestProofBundleIO" time="0.033"/>
  <testcase name="testComplexBundleGeneration()" classname="de.uka.ilkd.key.proof.io.consistency.TestProofBundleIO" time="1.577"/>
  <testcase name="testSimpleBundleGeneration()" classname="de.uka.ilkd.key.proof.io.consistency.TestProofBundleIO" time="6.31"/>
  <system-out><![CDATA[467442     INFO  Test worker     d.u.i.k.p.i.AbstractProblemLoader Loading environment from D:\a\key\key\key.core\src\test\resources\testcase\proofBundle\complexBundleGeneration\test.key 
467442     DEBUG Test worker     d.u.i.k.p.i.AbstractProblemLoader Environment load took 137.9ns 
467442     INFO  Test worker     d.u.i.k.p.i.AbstractProblemLoader Creating init config 
468011     DEBUG Test worker     d.u.i.k.p.i.AbstractProblemLoader Init config took 571.58ms 
468058     INFO  Test worker     d.u.i.k.p.i.AbstractProblemLoader Replaying proof Test[Test::constant()].JML normal_behavior operation contract.0 
468058     DEBUG Test worker     d.u.i.k.p.i.IntermediateProofReplayer Proof replay took 8.8ns 
468405     INFO  Test worker     d.u.i.k.p.i.AbstractProblemLoader Loading environment from D:\a\key\key\key.core\src\test\resources\testcase\proofBundle\complexBundleGeneration\test.zproof 
468455     DEBUG Test worker     d.u.i.k.p.i.AbstractProblemLoader Environment load took 45.34ms 
468455     INFO  Test worker     d.u.i.k.p.i.AbstractProblemLoader Creating init config 
468954     DEBUG Test worker     d.u.i.k.p.i.AbstractProblemLoader Init config took 502.15ms 
468985     INFO  Test worker     d.u.i.k.p.i.AbstractProblemLoader Replaying proof Test[Test::constant()].JML normal_behavior operation contract.0 
469016     DEBUG Test worker     d.u.i.k.p.i.IntermediateProofReplayer Proof replay took 24.29ms 
469016     INFO  Test worker     d.u.i.k.p.i.AbstractProblemLoader Loading environment from D:\a\key\key\key.core\src\test\resources\testcase\proofBundle\simpleBundleGeneration\test.key 
469016     DEBUG Test worker     d.u.i.k.p.i.AbstractProblemLoader Environment load took 105.2ns 
469016     INFO  Test worker     d.u.i.k.p.i.AbstractProblemLoader Creating init config 
472060     DEBUG Test worker     d.u.i.k.p.i.AbstractProblemLoader Init config took 3.04s 
472123     INFO  Test worker     d.u.i.k.p.i.AbstractProblemLoader Replaying proof Test[Test::constant()].JML normal_behavior operation contract.0 
472123     DEBUG Test worker     d.u.i.k.p.i.IntermediateProofReplayer Proof replay took 9ns 
472251     INFO  Test worker     d.u.i.k.p.i.AbstractProblemLoader Loading environment from D:\a\key\key\key.core\src\test\resources\testcase\proofBundle\simpleBundleGeneration\test.zproof 
472267     DEBUG Test worker     d.u.i.k.p.i.AbstractProblemLoader Environment load took 3.66ms 
472267     INFO  Test worker     d.u.i.k.p.i.AbstractProblemLoader Creating init config 
475270     DEBUG Test worker     d.u.i.k.p.i.AbstractProblemLoader Init config took 3.01s 
475317     INFO  Test worker     d.u.i.k.p.i.AbstractProblemLoader Replaying proof Test[Test::constant()].JML normal_behavior operation contract.0 
475333     DEBUG Test worker     d.u.i.k.p.i.IntermediateProofReplayer Proof replay took 10.08ms 
]]></system-out>
  <system-err><![CDATA[]]></system-err>
</testsuite>
