<?xml version="1.0" encoding="UTF-8"?>
<testsuite name="de.uka.ilkd.key.proof.TestOneStepSimplifier" tests="1" skipped="0" failures="0" errors="0" timestamp="2023-05-24T08:44:26" hostname="fv-az618-145" time="4.54">
  <properties/>
  <testcase name="loadWithRestriction()" classname="de.uka.ilkd.key.proof.TestOneStepSimplifier" time="4.54"/>
  <system-out><![CDATA[453631     INFO  Test worker     d.u.i.k.p.i.AbstractProblemLoader Loading environment from src\test\resources\testcase\ossRestriction.proof 
453631     DEBUG Test worker     d.u.i.k.p.i.AbstractProblemLoader Environment load took 142.1ns 
453631     INFO  Test worker     d.u.i.k.p.i.AbstractProblemLoader Creating init config 
454131     DEBUG Test worker     d.u.i.k.j.TypeConverter   No LDT found for Meta 
454131     DEBUG Test worker     d.u.i.k.j.TypeConverter   No LDT found for Meta 
454131     DEBUG Test worker     d.u.i.k.j.TypeConverter   No LDT found for Meta 
454131     DEBUG Test worker     d.u.i.k.j.TypeConverter   No LDT found for Meta 
454772     DEBUG Test worker     d.u.i.k.j.TypeConverter   No LDT found for JavaBigintExpression 
458117     DEBUG Test worker     d.u.i.k.p.i.AbstractProblemLoader Init config took 4.5s 
458148     INFO  Test worker     d.u.i.k.p.i.AbstractProblemLoader Replaying proof ossRestriction.proof 
458164     DEBUG Test worker     d.u.i.k.p.i.IntermediateProofReplayer Proof replay took 1.01ms 
]]></system-out>
  <system-err><![CDATA[]]></system-err>
</testsuite>
